<?xml version="1.0" encoding="UTF-8"?>
<testsuite xmlns:xsi="http://www.w3.org/2001/XMLSchema-instance" xsi:noNamespaceSchemaLocation="https://maven.apache.org/surefire/maven-surefire-plugin/xsd/surefire-test-report-3.0.xsd" version="3.0" name="TestSuite" time="2,513.019" tests="651" errors="0" skipped="0" failures="51">
  <properties>
    <property name="java.specification.version" value="21"/>
    <property name="sun.cpu.isalist" value="amd64"/>
    <property name="sun.jnu.encoding" value="Cp1252"/>
    <property name="java.class.path" value="C:\Projects\newFolder-3\Repo1\target\test-classes;C:\Projects\newFolder-3\Repo1\target\classes;C:\Users\vamsh\.m2\repository\io\cucumber\cucumber-testng\7.19.0\cucumber-testng-7.19.0.jar;C:\Users\vamsh\.m2\repository\org\apiguardian\apiguardian-api\1.1.2\apiguardian-api-1.1.2.jar;C:\Users\vamsh\.m2\repository\io\cucumber\cucumber-core\7.19.0\cucumber-core-7.19.0.jar;C:\Users\vamsh\.m2\repository\io\cucumber\cucumber-gherkin\7.19.0\cucumber-gherkin-7.19.0.jar;C:\Users\vamsh\.m2\repository\io\cucumber\cucumber-gherkin-messages\7.19.0\cucumber-gherkin-messages-7.19.0.jar;C:\Users\vamsh\.m2\repository\io\cucumber\gherkin\28.0.0\gherkin-28.0.0.jar;C:\Users\vamsh\.m2\repository\io\cucumber\messages\24.1.0\messages-24.1.0.jar;C:\Users\vamsh\.m2\repository\io\cucumber\testng-xml-formatter\0.2.0\testng-xml-formatter-0.2.0.jar;C:\Users\vamsh\.m2\repository\io\cucumber\query\12.2.0\query-12.2.0.jar;C:\Users\vamsh\.m2\repository\io\cucumber\tag-expressions\6.1.0\tag-expressions-6.1.0.jar;C:\Users\vamsh\.m2\repository\io\cucumber\cucumber-expressions\17.1.0\cucumber-expressions-17.1.0.jar;C:\Users\vamsh\.m2\repository\io\cucumber\datatable\7.19.0\datatable-7.19.0.jar;C:\Users\vamsh\.m2\repository\io\cucumber\cucumber-plugin\7.19.0\cucumber-plugin-7.19.0.jar;C:\Users\vamsh\.m2\repository\io\cucumber\docstring\7.19.0\docstring-7.19.0.jar;C:\Users\vamsh\.m2\repository\io\cucumber\html-formatter\21.7.0\html-formatter-21.7.0.jar;C:\Users\vamsh\.m2\repository\io\cucumber\junit-xml-formatter\0.5.0\junit-xml-formatter-0.5.0.jar;C:\Users\vamsh\.m2\repository\io\cucumber\ci-environment\10.0.1\ci-environment-10.0.1.jar;C:\Users\vamsh\.m2\repository\io\cucumber\cucumber-html\0.2.7\cucumber-html-0.2.7.jar;C:\Users\vamsh\.m2\repository\io\cucumber\cucumber-java\7.20.1\cucumber-java-7.20.1.jar;C:\Users\vamsh\.m2\repository\org\seleniumhq\selenium\selenium-java\4.26.0\selenium-java-4.26.0.jar;C:\Users\vamsh\.m2\repository\org\seleniumhq\selenium\selenium-api\4.26.0\selenium-api-4.26.0.jar;C:\Users\vamsh\.m2\repository\org\jspecify\jspecify\1.0.0\jspecify-1.0.0.jar;C:\Users\vamsh\.m2\repository\org\seleniumhq\selenium\selenium-chrome-driver\4.26.0\selenium-chrome-driver-4.26.0.jar;C:\Users\vamsh\.m2\repository\com\google\auto\service\auto-service-annotations\1.1.1\auto-service-annotations-1.1.1.jar;C:\Users\vamsh\.m2\repository\org\seleniumhq\selenium\selenium-chromium-driver\4.26.0\selenium-chromium-driver-4.26.0.jar;C:\Users\vamsh\.m2\repository\org\seleniumhq\selenium\selenium-json\4.26.0\selenium-json-4.26.0.jar;C:\Users\vamsh\.m2\repository\org\seleniumhq\selenium\selenium-manager\4.26.0\selenium-manager-4.26.0.jar;C:\Users\vamsh\.m2\repository\org\seleniumhq\selenium\selenium-devtools-v128\4.26.0\selenium-devtools-v128-4.26.0.jar;C:\Users\vamsh\.m2\repository\org\seleniumhq\selenium\selenium-devtools-v129\4.26.0\selenium-devtools-v129-4.26.0.jar;C:\Users\vamsh\.m2\repository\org\seleniumhq\selenium\selenium-devtools-v130\4.26.0\selenium-devtools-v130-4.26.0.jar;C:\Users\vamsh\.m2\repository\org\seleniumhq\selenium\selenium-devtools-v85\4.26.0\selenium-devtools-v85-4.26.0.jar;C:\Users\vamsh\.m2\repository\org\seleniumhq\selenium\selenium-edge-driver\4.26.0\selenium-edge-driver-4.26.0.jar;C:\Users\vamsh\.m2\repository\org\seleniumhq\selenium\selenium-firefox-driver\4.26.0\selenium-firefox-driver-4.26.0.jar;C:\Users\vamsh\.m2\repository\org\seleniumhq\selenium\selenium-http\4.26.0\selenium-http-4.26.0.jar;C:\Users\vamsh\.m2\repository\dev\failsafe\failsafe\3.3.2\failsafe-3.3.2.jar;C:\Users\vamsh\.m2\repository\org\seleniumhq\selenium\selenium-ie-driver\4.26.0\selenium-ie-driver-4.26.0.jar;C:\Users\vamsh\.m2\repository\org\seleniumhq\selenium\selenium-remote-driver\4.26.0\selenium-remote-driver-4.26.0.jar;C:\Users\vamsh\.m2\repository\com\google\guava\guava\33.3.1-jre\guava-33.3.1-jre.jar;C:\Users\vamsh\.m2\repository\com\google\guava\failureaccess\1.0.2\failureaccess-1.0.2.jar;C:\Users\vamsh\.m2\repository\com\google\guava\listenablefuture\9999.0-empty-to-avoid-conflict-with-guava\listenablefuture-9999.0-empty-to-avoid-conflict-with-guava.jar;C:\Users\vamsh\.m2\repository\com\google\code\findbugs\jsr305\3.0.2\jsr305-3.0.2.jar;C:\Users\vamsh\.m2\repository\org\checkerframework\checker-qual\3.43.0\checker-qual-3.43.0.jar;C:\Users\vamsh\.m2\repository\com\google\j2objc\j2objc-annotations\3.0.0\j2objc-annotations-3.0.0.jar;C:\Users\vamsh\.m2\repository\io\opentelemetry\semconv\opentelemetry-semconv\1.25.0-alpha\opentelemetry-semconv-1.25.0-alpha.jar;C:\Users\vamsh\.m2\repository\io\opentelemetry\opentelemetry-api\1.43.0\opentelemetry-api-1.43.0.jar;C:\Users\vamsh\.m2\repository\io\opentelemetry\opentelemetry-context\1.43.0\opentelemetry-context-1.43.0.jar;C:\Users\vamsh\.m2\repository\io\opentelemetry\opentelemetry-exporter-logging\1.43.0\opentelemetry-exporter-logging-1.43.0.jar;C:\Users\vamsh\.m2\repository\io\opentelemetry\opentelemetry-sdk-common\1.43.0\opentelemetry-sdk-common-1.43.0.jar;C:\Users\vamsh\.m2\repository\io\opentelemetry\opentelemetry-sdk-extension-autoconfigure-spi\1.43.0\opentelemetry-sdk-extension-autoconfigure-spi-1.43.0.jar;C:\Users\vamsh\.m2\repository\io\opentelemetry\opentelemetry-sdk-extension-autoconfigure\1.43.0\opentelemetry-sdk-extension-autoconfigure-1.43.0.jar;C:\Users\vamsh\.m2\repository\io\opentelemetry\opentelemetry-api-incubator\1.43.0-alpha\opentelemetry-api-incubator-1.43.0-alpha.jar;C:\Users\vamsh\.m2\repository\io\opentelemetry\opentelemetry-sdk-trace\1.43.0\opentelemetry-sdk-trace-1.43.0.jar;C:\Users\vamsh\.m2\repository\io\opentelemetry\opentelemetry-sdk\1.43.0\opentelemetry-sdk-1.43.0.jar;C:\Users\vamsh\.m2\repository\io\opentelemetry\opentelemetry-sdk-metrics\1.43.0\opentelemetry-sdk-metrics-1.43.0.jar;C:\Users\vamsh\.m2\repository\io\opentelemetry\opentelemetry-sdk-logs\1.43.0\opentelemetry-sdk-logs-1.43.0.jar;C:\Users\vamsh\.m2\repository\net\bytebuddy\byte-buddy\1.15.7\byte-buddy-1.15.7.jar;C:\Users\vamsh\.m2\repository\org\seleniumhq\selenium\selenium-os\4.26.0\selenium-os-4.26.0.jar;C:\Users\vamsh\.m2\repository\org\apache\commons\commons-exec\1.4.0\commons-exec-1.4.0.jar;C:\Users\vamsh\.m2\repository\org\seleniumhq\selenium\selenium-safari-driver\4.26.0\selenium-safari-driver-4.26.0.jar;C:\Users\vamsh\.m2\repository\org\seleniumhq\selenium\selenium-support\4.26.0\selenium-support-4.26.0.jar;C:\Users\vamsh\.m2\repository\org\testng\testng\7.10.2\testng-7.10.2.jar;C:\Users\vamsh\.m2\repository\com\beust\jcommander\1.82\jcommander-1.82.jar;C:\Users\vamsh\.m2\repository\org\webjars\jquery\3.7.1\jquery-3.7.1.jar;C:\Users\vamsh\.m2\repository\io\github\bonigarcia\webdrivermanager\5.9.2\webdrivermanager-5.9.2.jar;C:\Users\vamsh\.m2\repository\com\google\code\gson\gson\2.11.0\gson-2.11.0.jar;C:\Users\vamsh\.m2\repository\com\google\errorprone\error_prone_annotations\2.27.0\error_prone_annotations-2.27.0.jar;C:\Users\vamsh\.m2\repository\com\github\docker-java\docker-java\3.4.0\docker-java-3.4.0.jar;C:\Users\vamsh\.m2\repository\com\github\docker-java\docker-java-core\3.4.0\docker-java-core-3.4.0.jar;C:\Users\vamsh\.m2\repository\com\github\docker-java\docker-java-api\3.4.0\docker-java-api-3.4.0.jar;C:\Users\vamsh\.m2\repository\com\fasterxml\jackson\core\jackson-annotations\2.10.3\jackson-annotations-2.10.3.jar;C:\Users\vamsh\.m2\repository\com\fasterxml\jackson\core\jackson-databind\2.10.3\jackson-databind-2.10.3.jar;C:\Users\vamsh\.m2\repository\com\fasterxml\jackson\core\jackson-core\2.10.3\jackson-core-2.10.3.jar;C:\Users\vamsh\.m2\repository\org\slf4j\jcl-over-slf4j\1.7.30\jcl-over-slf4j-1.7.30.jar;C:\Users\vamsh\.m2\repository\com\github\docker-java\docker-java-transport-httpclient5\3.4.0\docker-java-transport-httpclient5-3.4.0.jar;C:\Users\vamsh\.m2\repository\com\github\docker-java\docker-java-transport\3.4.0\docker-java-transport-3.4.0.jar;C:\Users\vamsh\.m2\repository\net\java\dev\jna\jna\5.13.0\jna-5.13.0.jar;C:\Users\vamsh\.m2\repository\org\brotli\dec\0.1.2\dec-0.1.2.jar;C:\Users\vamsh\.m2\repository\org\apache\commons\commons-lang3\3.15.0\commons-lang3-3.15.0.jar;C:\Users\vamsh\.m2\repository\org\apache\httpcomponents\client5\httpclient5\5.2.1\httpclient5-5.2.1.jar;C:\Users\vamsh\.m2\repository\org\apache\httpcomponents\core5\httpcore5\5.2\httpcore5-5.2.jar;C:\Users\vamsh\.m2\repository\org\apache\httpcomponents\core5\httpcore5-h2\5.2\httpcore5-h2-5.2.jar;C:\Users\vamsh\.m2\repository\org\apache\poi\poi\5.3.0\poi-5.3.0.jar;C:\Users\vamsh\.m2\repository\commons-codec\commons-codec\1.17.0\commons-codec-1.17.0.jar;C:\Users\vamsh\.m2\repository\org\apache\commons\commons-math3\3.6.1\commons-math3-3.6.1.jar;C:\Users\vamsh\.m2\repository\com\zaxxer\SparseBitSet\1.3\SparseBitSet-1.3.jar;C:\Users\vamsh\.m2\repository\org\apache\poi\poi-ooxml\5.3.0\poi-ooxml-5.3.0.jar;C:\Users\vamsh\.m2\repository\org\apache\poi\poi-ooxml-lite\5.3.0\poi-ooxml-lite-5.3.0.jar;C:\Users\vamsh\.m2\repository\com\github\virtuald\curvesapi\1.08\curvesapi-1.08.jar;C:\Users\vamsh\.m2\repository\org\slf4j\slf4j-api\2.0.9\slf4j-api-2.0.9.jar;C:\Users\vamsh\.m2\repository\org\slf4j\slf4j-simple\2.0.16\slf4j-simple-2.0.16.jar;C:\Users\vamsh\.m2\repository\io\qameta\allure\allure-cucumber7-jvm\2.29.1\allure-cucumber7-jvm-2.29.1.jar;C:\Users\vamsh\.m2\repository\io\qameta\allure\allure-java-commons\2.29.1\allure-java-commons-2.29.1.jar;C:\Users\vamsh\.m2\repository\io\qameta\allure\allure-model\2.29.1\allure-model-2.29.1.jar;C:\Users\vamsh\.m2\repository\tech\grasshopper\extent-pdf-report\2.12.0\extent-pdf-report-2.12.0.jar;C:\Users\vamsh\.m2\repository\tech\grasshopper\cucumber-pdf-report\2.14.0\cucumber-pdf-report-2.14.0.jar;C:\Users\vamsh\.m2\repository\org\apache\pdfbox\pdfbox\2.0.26\pdfbox-2.0.26.jar;C:\Users\vamsh\.m2\repository\org\apache\pdfbox\fontbox\2.0.26\fontbox-2.0.26.jar;C:\Users\vamsh\.m2\repository\commons-logging\commons-logging\1.2\commons-logging-1.2.jar;C:\Users\vamsh\.m2\repository\org\knowm\xchart\xchart\3.8.0\xchart-3.8.0.jar;C:\Users\vamsh\.m2\repository\de\erichseifert\vectorgraphics2d\VectorGraphics2D\0.13\VectorGraphics2D-0.13.jar;C:\Users\vamsh\.m2\repository\de\rototor\pdfbox\graphics2d\0.30\graphics2d-0.30.jar;C:\Users\vamsh\.m2\repository\com\madgag\animated-gif-lib\1.4\animated-gif-lib-1.4.jar;C:\Users\vamsh\.m2\repository\org\yaml\snakeyaml\2.0\snakeyaml-2.0.jar;C:\Users\vamsh\.m2\repository\tech\grasshopper\table-layout\1.5.1\table-layout-1.5.1.jar;C:\Users\vamsh\.m2\repository\tech\grasshopper\rest-assured-cucumber-pdf-report\1.5.0\rest-assured-cucumber-pdf-report-1.5.0.jar;C:\Users\vamsh\.m2\repository\org\jsoup\jsoup\1.15.3\jsoup-1.15.3.jar;C:\Users\vamsh\.m2\repository\tech\grasshopper\extentreports-cucumber7-adapter\1.14.0\extentreports-cucumber7-adapter-1.14.0.jar;C:\Users\vamsh\.m2\repository\com\aventstack\extentreports\5.1.0\extentreports-5.1.0.jar;C:\Users\vamsh\.m2\repository\io\reactivex\rxjava3\rxjava\3.1.6\rxjava-3.1.6.jar;C:\Users\vamsh\.m2\repository\org\reactivestreams\reactive-streams\1.0.4\reactive-streams-1.0.4.jar;C:\Users\vamsh\.m2\repository\org\freemarker\freemarker\2.3.32\freemarker-2.3.32.jar;C:\Users\vamsh\.m2\repository\com\aventstack\klov-reporter\5.1.0\klov-reporter-5.1.0.jar;C:\Users\vamsh\.m2\repository\org\mongodb\mongodb-driver\3.6.4\mongodb-driver-3.6.4.jar;C:\Users\vamsh\.m2\repository\org\mongodb\mongodb-driver-core\3.6.4\mongodb-driver-core-3.6.4.jar;C:\Users\vamsh\.m2\repository\org\mongodb\bson\3.6.4\bson-3.6.4.jar;C:\Users\vamsh\.m2\repository\org\apache\httpcomponents\httpclient\4.5.13\httpclient-4.5.13.jar;C:\Users\vamsh\.m2\repository\org\apache\httpcomponents\httpcore\4.4.13\httpcore-4.4.13.jar;C:\Users\vamsh\.m2\repository\org\apache\httpcomponents\httpmime\4.5.13\httpmime-4.5.13.jar;C:\Users\vamsh\.m2\repository\tech\grasshopper\htmlextentreporter\1.1.0\htmlextentreporter-1.1.0.jar;C:\Users\vamsh\.m2\repository\tech\grasshopper\extent-excel-report\1.4.0\extent-excel-report-1.4.0.jar;C:\Users\vamsh\.m2\repository\org\apache\logging\log4j\log4j-core\2.24.2\log4j-core-2.24.2.jar;C:\Users\vamsh\.m2\repository\org\apache\logging\log4j\log4j-api\2.24.2\log4j-api-2.24.2.jar;C:\Users\vamsh\.m2\repository\org\projectlombok\lombok\1.18.24\lombok-1.18.24.jar;C:\Users\vamsh\.m2\repository\org\apache\xmlbeans\xmlbeans\5.2.2\xmlbeans-5.2.2.jar;C:\Users\vamsh\.m2\repository\org\apache\commons\commons-collections4\4.4\commons-collections4-4.4.jar;C:\Users\vamsh\.m2\repository\org\apache\commons\commons-compress\1.27.1\commons-compress-1.27.1.jar;C:\Users\vamsh\.m2\repository\commons-io\commons-io\2.18.0\commons-io-2.18.0.jar;"/>
    <property name="java.vm.vendor" value="Oracle Corporation"/>
    <property name="sun.arch.data.model" value="64"/>
    <property name="user.variant" value=""/>
    <property name="java.vendor.url" value="https://java.oracle.com/"/>
    <property name="user.timezone" value="America/Chicago"/>
    <property name="os.name" value="Windows 11"/>
    <property name="java.vm.specification.version" value="21"/>
    <property name="sun.java.launcher" value="SUN_STANDARD"/>
    <property name="user.country" value="US"/>
    <property name="sun.boot.library.path" value="C:\Program Files\Java\jdk-21\bin"/>
    <property name="sun.java.command" value="C:\Users\vamsh\AppData\Local\Temp\surefire7682290909434902543\surefirebooter7686759465162957004.jar C:\Users\vamsh\AppData\Local\Temp\surefire7682290909434902543 2024-12-17T09-43-43_595-jvmRun1 surefire6955740878778464850tmp surefire_011203282188506761629tmp"/>
    <property name="jdk.debug" value="release"/>
    <property name="surefire.test.class.path" value="C:\Projects\newFolder-3\Repo1\target\test-classes;C:\Projects\newFolder-3\Repo1\target\classes;C:\Users\vamsh\.m2\repository\io\cucumber\cucumber-testng\7.19.0\cucumber-testng-7.19.0.jar;C:\Users\vamsh\.m2\repository\org\apiguardian\apiguardian-api\1.1.2\apiguardian-api-1.1.2.jar;C:\Users\vamsh\.m2\repository\io\cucumber\cucumber-core\7.19.0\cucumber-core-7.19.0.jar;C:\Users\vamsh\.m2\repository\io\cucumber\cucumber-gherkin\7.19.0\cucumber-gherkin-7.19.0.jar;C:\Users\vamsh\.m2\repository\io\cucumber\cucumber-gherkin-messages\7.19.0\cucumber-gherkin-messages-7.19.0.jar;C:\Users\vamsh\.m2\repository\io\cucumber\gherkin\28.0.0\gherkin-28.0.0.jar;C:\Users\vamsh\.m2\repository\io\cucumber\messages\24.1.0\messages-24.1.0.jar;C:\Users\vamsh\.m2\repository\io\cucumber\testng-xml-formatter\0.2.0\testng-xml-formatter-0.2.0.jar;C:\Users\vamsh\.m2\repository\io\cucumber\query\12.2.0\query-12.2.0.jar;C:\Users\vamsh\.m2\repository\io\cucumber\tag-expressions\6.1.0\tag-expressions-6.1.0.jar;C:\Users\vamsh\.m2\repository\io\cucumber\cucumber-expressions\17.1.0\cucumber-expressions-17.1.0.jar;C:\Users\vamsh\.m2\repository\io\cucumber\datatable\7.19.0\datatable-7.19.0.jar;C:\Users\vamsh\.m2\repository\io\cucumber\cucumber-plugin\7.19.0\cucumber-plugin-7.19.0.jar;C:\Users\vamsh\.m2\repository\io\cucumber\docstring\7.19.0\docstring-7.19.0.jar;C:\Users\vamsh\.m2\repository\io\cucumber\html-formatter\21.7.0\html-formatter-21.7.0.jar;C:\Users\vamsh\.m2\repository\io\cucumber\junit-xml-formatter\0.5.0\junit-xml-formatter-0.5.0.jar;C:\Users\vamsh\.m2\repository\io\cucumber\ci-environment\10.0.1\ci-environment-10.0.1.jar;C:\Users\vamsh\.m2\repository\io\cucumber\cucumber-html\0.2.7\cucumber-html-0.2.7.jar;C:\Users\vamsh\.m2\repository\io\cucumber\cucumber-java\7.20.1\cucumber-java-7.20.1.jar;C:\Users\vamsh\.m2\repository\org\seleniumhq\selenium\selenium-java\4.26.0\selenium-java-4.26.0.jar;C:\Users\vamsh\.m2\repository\org\seleniumhq\selenium\selenium-api\4.26.0\selenium-api-4.26.0.jar;C:\Users\vamsh\.m2\repository\org\jspecify\jspecify\1.0.0\jspecify-1.0.0.jar;C:\Users\vamsh\.m2\repository\org\seleniumhq\selenium\selenium-chrome-driver\4.26.0\selenium-chrome-driver-4.26.0.jar;C:\Users\vamsh\.m2\repository\com\google\auto\service\auto-service-annotations\1.1.1\auto-service-annotations-1.1.1.jar;C:\Users\vamsh\.m2\repository\org\seleniumhq\selenium\selenium-chromium-driver\4.26.0\selenium-chromium-driver-4.26.0.jar;C:\Users\vamsh\.m2\repository\org\seleniumhq\selenium\selenium-json\4.26.0\selenium-json-4.26.0.jar;C:\Users\vamsh\.m2\repository\org\seleniumhq\selenium\selenium-manager\4.26.0\selenium-manager-4.26.0.jar;C:\Users\vamsh\.m2\repository\org\seleniumhq\selenium\selenium-devtools-v128\4.26.0\selenium-devtools-v128-4.26.0.jar;C:\Users\vamsh\.m2\repository\org\seleniumhq\selenium\selenium-devtools-v129\4.26.0\selenium-devtools-v129-4.26.0.jar;C:\Users\vamsh\.m2\repository\org\seleniumhq\selenium\selenium-devtools-v130\4.26.0\selenium-devtools-v130-4.26.0.jar;C:\Users\vamsh\.m2\repository\org\seleniumhq\selenium\selenium-devtools-v85\4.26.0\selenium-devtools-v85-4.26.0.jar;C:\Users\vamsh\.m2\repository\org\seleniumhq\selenium\selenium-edge-driver\4.26.0\selenium-edge-driver-4.26.0.jar;C:\Users\vamsh\.m2\repository\org\seleniumhq\selenium\selenium-firefox-driver\4.26.0\selenium-firefox-driver-4.26.0.jar;C:\Users\vamsh\.m2\repository\org\seleniumhq\selenium\selenium-http\4.26.0\selenium-http-4.26.0.jar;C:\Users\vamsh\.m2\repository\dev\failsafe\failsafe\3.3.2\failsafe-3.3.2.jar;C:\Users\vamsh\.m2\repository\org\seleniumhq\selenium\selenium-ie-driver\4.26.0\selenium-ie-driver-4.26.0.jar;C:\Users\vamsh\.m2\repository\org\seleniumhq\selenium\selenium-remote-driver\4.26.0\selenium-remote-driver-4.26.0.jar;C:\Users\vamsh\.m2\repository\com\google\guava\guava\33.3.1-jre\guava-33.3.1-jre.jar;C:\Users\vamsh\.m2\repository\com\google\guava\failureaccess\1.0.2\failureaccess-1.0.2.jar;C:\Users\vamsh\.m2\repository\com\google\guava\listenablefuture\9999.0-empty-to-avoid-conflict-with-guava\listenablefuture-9999.0-empty-to-avoid-conflict-with-guava.jar;C:\Users\vamsh\.m2\repository\com\google\code\findbugs\jsr305\3.0.2\jsr305-3.0.2.jar;C:\Users\vamsh\.m2\repository\org\checkerframework\checker-qual\3.43.0\checker-qual-3.43.0.jar;C:\Users\vamsh\.m2\repository\com\google\j2objc\j2objc-annotations\3.0.0\j2objc-annotations-3.0.0.jar;C:\Users\vamsh\.m2\repository\io\opentelemetry\semconv\opentelemetry-semconv\1.25.0-alpha\opentelemetry-semconv-1.25.0-alpha.jar;C:\Users\vamsh\.m2\repository\io\opentelemetry\opentelemetry-api\1.43.0\opentelemetry-api-1.43.0.jar;C:\Users\vamsh\.m2\repository\io\opentelemetry\opentelemetry-context\1.43.0\opentelemetry-context-1.43.0.jar;C:\Users\vamsh\.m2\repository\io\opentelemetry\opentelemetry-exporter-logging\1.43.0\opentelemetry-exporter-logging-1.43.0.jar;C:\Users\vamsh\.m2\repository\io\opentelemetry\opentelemetry-sdk-common\1.43.0\opentelemetry-sdk-common-1.43.0.jar;C:\Users\vamsh\.m2\repository\io\opentelemetry\opentelemetry-sdk-extension-autoconfigure-spi\1.43.0\opentelemetry-sdk-extension-autoconfigure-spi-1.43.0.jar;C:\Users\vamsh\.m2\repository\io\opentelemetry\opentelemetry-sdk-extension-autoconfigure\1.43.0\opentelemetry-sdk-extension-autoconfigure-1.43.0.jar;C:\Users\vamsh\.m2\repository\io\opentelemetry\opentelemetry-api-incubator\1.43.0-alpha\opentelemetry-api-incubator-1.43.0-alpha.jar;C:\Users\vamsh\.m2\repository\io\opentelemetry\opentelemetry-sdk-trace\1.43.0\opentelemetry-sdk-trace-1.43.0.jar;C:\Users\vamsh\.m2\repository\io\opentelemetry\opentelemetry-sdk\1.43.0\opentelemetry-sdk-1.43.0.jar;C:\Users\vamsh\.m2\repository\io\opentelemetry\opentelemetry-sdk-metrics\1.43.0\opentelemetry-sdk-metrics-1.43.0.jar;C:\Users\vamsh\.m2\repository\io\opentelemetry\opentelemetry-sdk-logs\1.43.0\opentelemetry-sdk-logs-1.43.0.jar;C:\Users\vamsh\.m2\repository\net\bytebuddy\byte-buddy\1.15.7\byte-buddy-1.15.7.jar;C:\Users\vamsh\.m2\repository\org\seleniumhq\selenium\selenium-os\4.26.0\selenium-os-4.26.0.jar;C:\Users\vamsh\.m2\repository\org\apache\commons\commons-exec\1.4.0\commons-exec-1.4.0.jar;C:\Users\vamsh\.m2\repository\org\seleniumhq\selenium\selenium-safari-driver\4.26.0\selenium-safari-driver-4.26.0.jar;C:\Users\vamsh\.m2\repository\org\seleniumhq\selenium\selenium-support\4.26.0\selenium-support-4.26.0.jar;C:\Users\vamsh\.m2\repository\org\testng\testng\7.10.2\testng-7.10.2.jar;C:\Users\vamsh\.m2\repository\com\beust\jcommander\1.82\jcommander-1.82.jar;C:\Users\vamsh\.m2\repository\org\webjars\jquery\3.7.1\jquery-3.7.1.jar;C:\Users\vamsh\.m2\repository\io\github\bonigarcia\webdrivermanager\5.9.2\webdrivermanager-5.9.2.jar;C:\Users\vamsh\.m2\repository\com\google\code\gson\gson\2.11.0\gson-2.11.0.jar;C:\Users\vamsh\.m2\repository\com\google\errorprone\error_prone_annotations\2.27.0\error_prone_annotations-2.27.0.jar;C:\Users\vamsh\.m2\repository\com\github\docker-java\docker-java\3.4.0\docker-java-3.4.0.jar;C:\Users\vamsh\.m2\repository\com\github\docker-java\docker-java-core\3.4.0\docker-java-core-3.4.0.jar;C:\Users\vamsh\.m2\repository\com\github\docker-java\docker-java-api\3.4.0\docker-java-api-3.4.0.jar;C:\Users\vamsh\.m2\repository\com\fasterxml\jackson\core\jackson-annotations\2.10.3\jackson-annotations-2.10.3.jar;C:\Users\vamsh\.m2\repository\com\fasterxml\jackson\core\jackson-databind\2.10.3\jackson-databind-2.10.3.jar;C:\Users\vamsh\.m2\repository\com\fasterxml\jackson\core\jackson-core\2.10.3\jackson-core-2.10.3.jar;C:\Users\vamsh\.m2\repository\org\slf4j\jcl-over-slf4j\1.7.30\jcl-over-slf4j-1.7.30.jar;C:\Users\vamsh\.m2\repository\com\github\docker-java\docker-java-transport-httpclient5\3.4.0\docker-java-transport-httpclient5-3.4.0.jar;C:\Users\vamsh\.m2\repository\com\github\docker-java\docker-java-transport\3.4.0\docker-java-transport-3.4.0.jar;C:\Users\vamsh\.m2\repository\net\java\dev\jna\jna\5.13.0\jna-5.13.0.jar;C:\Users\vamsh\.m2\repository\org\brotli\dec\0.1.2\dec-0.1.2.jar;C:\Users\vamsh\.m2\repository\org\apache\commons\commons-lang3\3.15.0\commons-lang3-3.15.0.jar;C:\Users\vamsh\.m2\repository\org\apache\httpcomponents\client5\httpclient5\5.2.1\httpclient5-5.2.1.jar;C:\Users\vamsh\.m2\repository\org\apache\httpcomponents\core5\httpcore5\5.2\httpcore5-5.2.jar;C:\Users\vamsh\.m2\repository\org\apache\httpcomponents\core5\httpcore5-h2\5.2\httpcore5-h2-5.2.jar;C:\Users\vamsh\.m2\repository\org\apache\poi\poi\5.3.0\poi-5.3.0.jar;C:\Users\vamsh\.m2\repository\commons-codec\commons-codec\1.17.0\commons-codec-1.17.0.jar;C:\Users\vamsh\.m2\repository\org\apache\commons\commons-math3\3.6.1\commons-math3-3.6.1.jar;C:\Users\vamsh\.m2\repository\com\zaxxer\SparseBitSet\1.3\SparseBitSet-1.3.jar;C:\Users\vamsh\.m2\repository\org\apache\poi\poi-ooxml\5.3.0\poi-ooxml-5.3.0.jar;C:\Users\vamsh\.m2\repository\org\apache\poi\poi-ooxml-lite\5.3.0\poi-ooxml-lite-5.3.0.jar;C:\Users\vamsh\.m2\repository\com\github\virtuald\curvesapi\1.08\curvesapi-1.08.jar;C:\Users\vamsh\.m2\repository\org\slf4j\slf4j-api\2.0.9\slf4j-api-2.0.9.jar;C:\Users\vamsh\.m2\repository\org\slf4j\slf4j-simple\2.0.16\slf4j-simple-2.0.16.jar;C:\Users\vamsh\.m2\repository\io\qameta\allure\allure-cucumber7-jvm\2.29.1\allure-cucumber7-jvm-2.29.1.jar;C:\Users\vamsh\.m2\repository\io\qameta\allure\allure-java-commons\2.29.1\allure-java-commons-2.29.1.jar;C:\Users\vamsh\.m2\repository\io\qameta\allure\allure-model\2.29.1\allure-model-2.29.1.jar;C:\Users\vamsh\.m2\repository\tech\grasshopper\extent-pdf-report\2.12.0\extent-pdf-report-2.12.0.jar;C:\Users\vamsh\.m2\repository\tech\grasshopper\cucumber-pdf-report\2.14.0\cucumber-pdf-report-2.14.0.jar;C:\Users\vamsh\.m2\repository\org\apache\pdfbox\pdfbox\2.0.26\pdfbox-2.0.26.jar;C:\Users\vamsh\.m2\repository\org\apache\pdfbox\fontbox\2.0.26\fontbox-2.0.26.jar;C:\Users\vamsh\.m2\repository\commons-logging\commons-logging\1.2\commons-logging-1.2.jar;C:\Users\vamsh\.m2\repository\org\knowm\xchart\xchart\3.8.0\xchart-3.8.0.jar;C:\Users\vamsh\.m2\repository\de\erichseifert\vectorgraphics2d\VectorGraphics2D\0.13\VectorGraphics2D-0.13.jar;C:\Users\vamsh\.m2\repository\de\rototor\pdfbox\graphics2d\0.30\graphics2d-0.30.jar;C:\Users\vamsh\.m2\repository\com\madgag\animated-gif-lib\1.4\animated-gif-lib-1.4.jar;C:\Users\vamsh\.m2\repository\org\yaml\snakeyaml\2.0\snakeyaml-2.0.jar;C:\Users\vamsh\.m2\repository\tech\grasshopper\table-layout\1.5.1\table-layout-1.5.1.jar;C:\Users\vamsh\.m2\repository\tech\grasshopper\rest-assured-cucumber-pdf-report\1.5.0\rest-assured-cucumber-pdf-report-1.5.0.jar;C:\Users\vamsh\.m2\repository\org\jsoup\jsoup\1.15.3\jsoup-1.15.3.jar;C:\Users\vamsh\.m2\repository\tech\grasshopper\extentreports-cucumber7-adapter\1.14.0\extentreports-cucumber7-adapter-1.14.0.jar;C:\Users\vamsh\.m2\repository\com\aventstack\extentreports\5.1.0\extentreports-5.1.0.jar;C:\Users\vamsh\.m2\repository\io\reactivex\rxjava3\rxjava\3.1.6\rxjava-3.1.6.jar;C:\Users\vamsh\.m2\repository\org\reactivestreams\reactive-streams\1.0.4\reactive-streams-1.0.4.jar;C:\Users\vamsh\.m2\repository\org\freemarker\freemarker\2.3.32\freemarker-2.3.32.jar;C:\Users\vamsh\.m2\repository\com\aventstack\klov-reporter\5.1.0\klov-reporter-5.1.0.jar;C:\Users\vamsh\.m2\repository\org\mongodb\mongodb-driver\3.6.4\mongodb-driver-3.6.4.jar;C:\Users\vamsh\.m2\repository\org\mongodb\mongodb-driver-core\3.6.4\mongodb-driver-core-3.6.4.jar;C:\Users\vamsh\.m2\repository\org\mongodb\bson\3.6.4\bson-3.6.4.jar;C:\Users\vamsh\.m2\repository\org\apache\httpcomponents\httpclient\4.5.13\httpclient-4.5.13.jar;C:\Users\vamsh\.m2\repository\org\apache\httpcomponents\httpcore\4.4.13\httpcore-4.4.13.jar;C:\Users\vamsh\.m2\repository\org\apache\httpcomponents\httpmime\4.5.13\httpmime-4.5.13.jar;C:\Users\vamsh\.m2\repository\tech\grasshopper\htmlextentreporter\1.1.0\htmlextentreporter-1.1.0.jar;C:\Users\vamsh\.m2\repository\tech\grasshopper\extent-excel-report\1.4.0\extent-excel-report-1.4.0.jar;C:\Users\vamsh\.m2\repository\org\apache\logging\log4j\log4j-core\2.24.2\log4j-core-2.24.2.jar;C:\Users\vamsh\.m2\repository\org\apache\logging\log4j\log4j-api\2.24.2\log4j-api-2.24.2.jar;C:\Users\vamsh\.m2\repository\org\projectlombok\lombok\1.18.24\lombok-1.18.24.jar;C:\Users\vamsh\.m2\repository\org\apache\xmlbeans\xmlbeans\5.2.2\xmlbeans-5.2.2.jar;C:\Users\vamsh\.m2\repository\org\apache\commons\commons-collections4\4.4\commons-collections4-4.4.jar;C:\Users\vamsh\.m2\repository\org\apache\commons\commons-compress\1.27.1\commons-compress-1.27.1.jar;C:\Users\vamsh\.m2\repository\commons-io\commons-io\2.18.0\commons-io-2.18.0.jar;"/>
    <property name="sun.cpu.endian" value="little"/>
    <property name="user.home" value="C:\Users\vamsh"/>
    <property name="user.language" value="en"/>
    <property name="java.specification.vendor" value="Oracle Corporation"/>
    <property name="java.version.date" value="2024-10-15"/>
    <property name="java.home" value="C:\Program Files\Java\jdk-21"/>
    <property name="file.separator" value="\"/>
    <property name="basedir" value="C:\Projects\newFolder-3\Repo1"/>
    <property name="style.color" value="always"/>
    <property name="java.vm.compressedOopsMode" value="Zero based"/>
    <property name="line.separator" value="&#10;"/>
    <property name="java.vm.specification.vendor" value="Oracle Corporation"/>
    <property name="java.specification.name" value="Java Platform API Specification"/>
    <property name="surefire.real.class.path" value="C:\Users\vamsh\AppData\Local\Temp\surefire7682290909434902543\surefirebooter7686759465162957004.jar"/>
    <property name="user.script" value=""/>
    <property name="sun.management.compiler" value="HotSpot 64-Bit Tiered Compilers"/>
    <property name="java.runtime.version" value="21.0.5+9-LTS-239"/>
    <property name="user.name" value="vamsh"/>
    <property name="stdout.encoding" value="Cp1252"/>
    <property name="path.separator" value=";"/>
    <property name="os.version" value="10.0"/>
    <property name="java.runtime.name" value="Java(TM) SE Runtime Environment"/>
    <property name="file.encoding" value="UTF-8"/>
    <property name="java.vm.name" value="Java HotSpot(TM) 64-Bit Server VM"/>
    <property name="localRepository" value="C:\Users\vamsh\.m2\repository"/>
    <property name="java.vendor.url.bug" value="https://bugreport.java.com/bugreport/"/>
    <property name="java.io.tmpdir" value="C:\Users\vamsh\AppData\Local\Temp\"/>
    <property name="java.version" value="21.0.5"/>
    <property name="user.dir" value="C:\Projects\newFolder-3\Repo1"/>
    <property name="os.arch" value="amd64"/>
    <property name="java.vm.specification.name" value="Java Virtual Machine Specification"/>
    <property name="sun.os.patch.level" value=""/>
    <property name="native.encoding" value="Cp1252"/>
    <property name="java.library.path" value="C:\Program Files\Java\jdk-21\bin;C:\WINDOWS\Sun\Java\bin;C:\WINDOWS\system32;C:\WINDOWS;C:\Program Files\Common Files\Oracle\Java\javapath;C:\WINDOWS\system32;C:\WINDOWS;C:\WINDOWS\System32\Wbem;C:\WINDOWS\System32\WindowsPowerShell\v1.0\;C:\WINDOWS\System32\OpenSSH\;C:\Program Files\dotnet\;C:\Users\vamsh\Downloads\apache-maven-3.9.9\bin;C:\Program Files\Git\cmd;C:\Users\vamsh\allure-2.32.0\bin;C:\Users\vamsh\AppData\Local\Microsoft\WindowsApps;C:\Users\vamsh\AppData\Local\GitHubDesktop\bin;C:\Users\vamsh\AppData\Local\Programs\Microsoft VS Code\bin;C:\Users\vamsh\allure-2.32.0\bin;;."/>
    <property name="java.vm.info" value="mixed mode, sharing"/>
    <property name="stderr.encoding" value="Cp1252"/>
    <property name="java.vendor" value="Oracle Corporation"/>
    <property name="java.vm.version" value="21.0.5+9-LTS-239"/>
    <property name="sun.io.unicode.encoding" value="UnicodeLittle"/>
    <property name="java.class.version" value="65.0"/>
  </properties>
  <testcase name="runScenario[&quot;Validate user navigated to array details page when clicked on get started&quot;, &quot;Array detail page&quot;](1)" classname="TestRunners.TestRunner" time="8.031">
    <system-out><![CDATA[ in runner chrome

Scenario: Validate user can Try here link page from Arrays in python &amp#27;[90m# src/test/resources/Features/ArrayDetailsPage.feature:15&amp#27;[0m

Scenario: Validate user navigated to array details page when clicked on get started &amp#27;[90m# src/test/resources/Features/ArrayDetailsPage.feature:7&amp#27;[0m

Scenario: Validate user can navigate to Arrays in python    &amp#27;[90m# src/test/resources/Features/ArrayDetailsPage.feature:10&amp#27;[0m
  &amp#27;[32mGiven &amp#27;[0m&amp#27;[32mThe user is on the DS Introduction page as signedIn&amp#27;[0m &amp#27;[90m# StepDefinitions.DSIntroductionDetails.the_user_is_on_the_ds_introduction_page_as_signed_in()&amp#27;[0m
  &amp#27;[32mGiven &amp#27;[0m&amp#27;[32mThe user is on the DS Introduction page as signedIn&amp#27;[0m                         &amp#27;[90m# StepDefinitions.DSIntroductionDetails.the_user_is_on_the_ds_introduction_page_as_signed_in()&amp#27;[0m
  &amp#27;[32mGiven &amp#27;[0m&amp#27;[32mThe user is on the DS Introduction page as signedIn&amp#27;[0m          &amp#27;[90m# StepDefinitions.DSIntroductionDetails.the_user_is_on_the_ds_introduction_page_as_signed_in()&amp#27;[0m
  &amp#27;[32mWhen &amp#27;[0m&amp#27;[32mThe user clicks on Get Started link for array&amp#27;[0m        &amp#27;[90m# StepDefinitions.ArrayStepDefintions.the_user_clicks_on_get_started_link_for_array()&amp#27;[0m
  &amp#27;[32mWhen &amp#27;[0m&amp#27;[32mThe user clicks on Get Started link for array&amp#27;[0m                                &amp#27;[90m# StepDefinitions.ArrayStepDefintions.the_user_clicks_on_get_started_link_for_array()&amp#27;[0m
  &amp#27;[32mWhen &amp#27;[0m&amp#27;[32mThe user clicks on Get Started link for array&amp#27;[0m                 &amp#27;[90m# StepDefinitions.ArrayStepDefintions.the_user_clicks_on_get_started_link_for_array()&amp#27;[0m
  &amp#27;[32mGiven &amp#27;[0m&amp#27;[32mThe user is on the array details page&amp#27;[0m               &amp#27;[90m# StepDefinitions.ArrayStepDefintions.the_user_is_on_the_array_details_page()&amp#27;[0m
  &amp#27;[32mThen &amp#27;[0m&amp#27;[32mThe user is on the array details page&amp#27;[0m                                        &amp#27;[90m# StepDefinitions.ArrayStepDefintions.the_user_is_on_the_array_details_page()&amp#27;[0m
[INFO ] 2024-12-17 09:43:54.444 [TestNG-PoolService-1] Hooks - ======================  Test Execution is completed!! ======================
]]></system-out>
    <system-err><![CDATA[Dec 17, 2024 9:43:50 AM org.openqa.selenium.devtools.CdpVersionFinder findNearestMatch
WARNING: Unable to find an exact match for CDP version 131, returning the closest version; found: 130; Please update to a Selenium version that supports CDP version 131
Dec 17, 2024 9:43:50 AM org.openqa.selenium.devtools.CdpVersionFinder findNearestMatch
WARNING: Unable to find an exact match for CDP version 131, returning the closest version; found: 130; Please update to a Selenium version that supports CDP version 131
Dec 17, 2024 9:43:50 AM org.openqa.selenium.devtools.CdpVersionFinder findNearestMatch
WARNING: Unable to find an exact match for CDP version 131, returning the closest version; found: 130; Please update to a Selenium version that supports CDP version 131
]]></system-err>
  </testcase>
  <testcase name="runScenario[&quot;Validate user navigated to array details page when clicked on get started&quot;, &quot;Array detail page&quot;](1)" classname="TestRunners.TestRunner" time="11.655">
    <system-out><![CDATA[ in runner edge

Scenario: Validate user can navigate to Arrays in python    &amp#27;[90m# src/test/resources/Features/ArrayDetailsPage.feature:10&amp#27;[0m

Scenario: Validate user navigated to array details page when clicked on get started &amp#27;[90m# src/test/resources/Features/ArrayDetailsPage.feature:7&amp#27;[0m

Scenario: Validate user can Try here link page from Arrays in python &amp#27;[90m# src/test/resources/Features/ArrayDetailsPage.feature:15&amp#27;[0m
  &amp#27;[32mGiven &amp#27;[0m&amp#27;[32mThe user is on the DS Introduction page as signedIn&amp#27;[0m &amp#27;[90m# StepDefinitions.DSIntroductionDetails.the_user_is_on_the_ds_introduction_page_as_signed_in()&amp#27;[0m
  &amp#27;[32mGiven &amp#27;[0m&amp#27;[32mThe user is on the DS Introduction page as signedIn&amp#27;[0m                         &amp#27;[90m# StepDefinitions.DSIntroductionDetails.the_user_is_on_the_ds_introduction_page_as_signed_in()&amp#27;[0m
  &amp#27;[32mGiven &amp#27;[0m&amp#27;[32mThe user is on the DS Introduction page as signedIn&amp#27;[0m          &amp#27;[90m# StepDefinitions.DSIntroductionDetails.the_user_is_on_the_ds_introduction_page_as_signed_in()&amp#27;[0m
  &amp#27;[32mWhen &amp#27;[0m&amp#27;[32mThe user clicks on Get Started link for array&amp#27;[0m        &amp#27;[90m# StepDefinitions.ArrayStepDefintions.the_user_clicks_on_get_started_link_for_array()&amp#27;[0m
  &amp#27;[32mGiven &amp#27;[0m&amp#27;[32mThe user is on the array details page&amp#27;[0m               &amp#27;[90m# StepDefinitions.ArrayStepDefintions.the_user_is_on_the_array_details_page()&amp#27;[0m
  &amp#27;[32mWhen &amp#27;[0m&amp#27;[32mThe user clicks on Get Started link for array&amp#27;[0m                                &amp#27;[90m# StepDefinitions.ArrayStepDefintions.the_user_clicks_on_get_started_link_for_array()&amp#27;[0m
  &amp#27;[32mWhen &amp#27;[0m&amp#27;[32mThe user clicks on Get Started link for array&amp#27;[0m                 &amp#27;[90m# StepDefinitions.ArrayStepDefintions.the_user_clicks_on_get_started_link_for_array()&amp#27;[0m
  &amp#27;[32mThen &amp#27;[0m&amp#27;[32mThe user is on the array details page&amp#27;[0m                                        &amp#27;[90m# StepDefinitions.ArrayStepDefintions.the_user_is_on_the_array_details_page()&amp#27;[0m
[INFO ] 2024-12-17 10:11:44.066 [TestNG-PoolService-1] Hooks - ======================  Test Execution is completed!! ======================
  &amp#27;[32mWhen &amp#27;[0m&amp#27;[32mThe user click on Array in python link&amp#27;[0m               &amp#27;[90m# StepDefinitions.ArrayStepDefintions.the_user_click_on_array_in_python_link()&amp#27;[0m
  &amp#27;[32mThen &amp#27;[0m&amp#27;[32mthe user is navigated to array in arrays in python&amp#27;[0m   &amp#27;[90m# StepDefinitions.ArrayStepDefintions.the_user_is_navigated_to_array_in_arrays_in_python()&amp#27;[0m
[INFO ] 2024-12-17 10:11:44.768 [TestNG-PoolService-2] Hooks - ======================  Test Execution is completed!! ======================
  &amp#27;[32mGiven &amp#27;[0m&amp#27;[32mThe user is on the arrays in python page&amp#27;[0m                     &amp#27;[90m# StepDefinitions.ArrayStepDefintions.the_user_is_on_the_arrays_in_python_page()&amp#27;[0m
]]></system-out>
    <system-err><![CDATA[Dec 17, 2024 10:11:24 AM tech.grasshopper.pdf.PDFCucumberReport collectReportConfiguration
INFO: PDF report configuration YAML file not found. Using default settings.
Dec 17, 2024 10:11:33 AM tech.grasshopper.pdf.PDFCucumberReport createReport
SEVERE: An exception occurred
java.io.IOException: The TrueType font null does not contain a 'cmap' table
	at org.apache.fontbox.ttf.TrueTypeFont.getUnicodeCmapImpl(TrueTypeFont.java:562)
	at org.apache.fontbox.ttf.TrueTypeFont.getUnicodeCmapLookup(TrueTypeFont.java:542)
	at org.apache.fontbox.ttf.TrueTypeFont.getUnicodeCmapLookup(TrueTypeFont.java:528)
	at org.apache.fontbox.ttf.TTFSubsetter.<init>(TTFSubsetter.java:90)
	at org.apache.pdfbox.pdmodel.font.TrueTypeEmbedder.subset(TrueTypeEmbedder.java:347)
	at org.apache.pdfbox.pdmodel.font.PDType0Font.subset(PDType0Font.java:263)
	at org.apache.pdfbox.pdmodel.PDDocument.save(PDDocument.java:1369)
	at org.apache.pdfbox.pdmodel.PDDocument.save(PDDocument.java:1344)
	at tech.grasshopper.pdf.PDFCucumberReport.createReport(PDFCucumberReport.java:133)
	at tech.grasshopper.pdf.extent.ExtentPDFCucumberReporter.flush(ExtentPDFCucumberReporter.java:95)
	at tech.grasshopper.pdf.extent.ExtentPDFCucumberReporter$1.onNext(ExtentPDFCucumberReporter.java:69)
	at tech.grasshopper.pdf.extent.ExtentPDFCucumberReporter$1.onNext(ExtentPDFCucumberReporter.java:62)
	at io.reactivex.rxjava3.subjects.PublishSubject$PublishDisposable.onNext(PublishSubject.java:310)
	at io.reactivex.rxjava3.subjects.PublishSubject.onNext(PublishSubject.java:226)
	at com.aventstack.extentreports.ReactiveSubject.onFlush(ReactiveSubject.java:83)
	at com.aventstack.extentreports.AbstractProcessor.onFlush(AbstractProcessor.java:95)
	at com.aventstack.extentreports.ExtentReports.flush(ExtentReports.java:279)
	at com.aventstack.extentreports.service.ExtentService.flush(ExtentService.java:47)
	at com.aventstack.extentreports.cucumber.adapter.ExtentCucumberAdapter.finishReport(ExtentCucumberAdapter.java:301)
	at com.aventstack.extentreports.cucumber.adapter.ExtentCucumberAdapter$8.receive(ExtentCucumberAdapter.java:137)
	at com.aventstack.extentreports.cucumber.adapter.ExtentCucumberAdapter$8.receive(ExtentCucumberAdapter.java:134)
	at io.cucumber.core.eventbus.AbstractEventPublisher.send(AbstractEventPublisher.java:51)
	at io.cucumber.core.eventbus.AbstractEventBus.send(AbstractEventBus.java:12)
	at io.cucumber.core.runtime.SynchronizedEventBus.send(SynchronizedEventBus.java:47)
	at io.cucumber.core.runtime.CucumberExecutionContext.emitTestRunFinished(CucumberExecutionContext.java:117)
	at io.cucumber.core.runtime.CucumberExecutionContext.finishTestRun(CucumberExecutionContext.java:104)
	at io.cucumber.testng.TestNGCucumberRunner.finish(TestNGCucumberRunner.java:145)
	at io.cucumber.testng.AbstractTestNGCucumberTests.tearDownClass(AbstractTestNGCucumberTests.java:57)
	at java.base/jdk.internal.reflect.DirectMethodHandleAccessor.invoke(DirectMethodHandleAccessor.java:103)
	at java.base/java.lang.reflect.Method.invoke(Method.java:580)
	at org.testng.internal.invokers.MethodInvocationHelper.invokeMethod(MethodInvocationHelper.java:141)
	at org.testng.internal.invokers.MethodInvocationHelper.invokeMethodConsideringTimeout(MethodInvocationHelper.java:71)
	at org.testng.internal.invokers.ConfigInvoker.invokeConfigurationMethod(ConfigInvoker.java:400)
	at org.testng.internal.invokers.ConfigInvoker.invokeConfigurations(ConfigInvoker.java:333)
	at org.testng.internal.invokers.TestMethodWorker.invokeAfterClassConfigurations(TestMethodWorker.java:238)
	at org.testng.internal.invokers.TestMethodWorker.invokeAfterClassMethods(TestMethodWorker.java:223)
	at org.testng.internal.invokers.TestMethodWorker.run(TestMethodWorker.java:137)
	at java.base/java.util.ArrayList.forEach(ArrayList.java:1596)
	at org.testng.TestRunner.privateRun(TestRunner.java:739)
	at org.testng.TestRunner.run(TestRunner.java:614)
	at org.testng.SuiteRunner.runTest(SuiteRunner.java:421)
	at org.testng.SuiteRunner.runSequentially(SuiteRunner.java:413)
	at org.testng.SuiteRunner.privateRun(SuiteRunner.java:373)
	at org.testng.SuiteRunner.run(SuiteRunner.java:312)
	at org.testng.SuiteRunnerWorker.runSuite(SuiteRunnerWorker.java:52)
	at org.testng.SuiteRunnerWorker.run(SuiteRunnerWorker.java:95)
	at org.testng.TestNG.runSuitesSequentially(TestNG.java:1274)
	at org.testng.TestNG.runSuitesLocally(TestNG.java:1208)
	at org.testng.TestNG.runSuites(TestNG.java:1112)
	at org.testng.TestNG.run(TestNG.java:1079)
	at org.apache.maven.surefire.testng.TestNGExecutor.run(TestNGExecutor.java:284)
	at org.apache.maven.surefire.testng.TestNGXmlTestSuite.execute(TestNGXmlTestSuite.java:75)
	at org.apache.maven.surefire.testng.TestNGProvider.invoke(TestNGProvider.java:119)
	at org.apache.maven.surefire.booter.ForkedBooter.runSuitesInProcess(ForkedBooter.java:428)
	at org.apache.maven.surefire.booter.ForkedBooter.execute(ForkedBooter.java:162)
	at org.apache.maven.surefire.booter.ForkedBooter.run(ForkedBooter.java:562)
	at org.apache.maven.surefire.booter.ForkedBooter.main(ForkedBooter.java:548)

Dec 17, 2024 10:11:33 AM tech.grasshopper.pdf.extent.ExtentPDFCucumberReporter flush
SEVERE: An exception occurred
tech.grasshopper.pdf.exception.PdfReportException: java.io.IOException: The TrueType font null does not contain a 'cmap' table
	at tech.grasshopper.pdf.PDFCucumberReport.createReport(PDFCucumberReport.java:137)
	at tech.grasshopper.pdf.extent.ExtentPDFCucumberReporter.flush(ExtentPDFCucumberReporter.java:95)
	at tech.grasshopper.pdf.extent.ExtentPDFCucumberReporter$1.onNext(ExtentPDFCucumberReporter.java:69)
	at tech.grasshopper.pdf.extent.ExtentPDFCucumberReporter$1.onNext(ExtentPDFCucumberReporter.java:62)
	at io.reactivex.rxjava3.subjects.PublishSubject$PublishDisposable.onNext(PublishSubject.java:310)
	at io.reactivex.rxjava3.subjects.PublishSubject.onNext(PublishSubject.java:226)
	at com.aventstack.extentreports.ReactiveSubject.onFlush(ReactiveSubject.java:83)
	at com.aventstack.extentreports.AbstractProcessor.onFlush(AbstractProcessor.java:95)
	at com.aventstack.extentreports.ExtentReports.flush(ExtentReports.java:279)
	at com.aventstack.extentreports.service.ExtentService.flush(ExtentService.java:47)
	at com.aventstack.extentreports.cucumber.adapter.ExtentCucumberAdapter.finishReport(ExtentCucumberAdapter.java:301)
	at com.aventstack.extentreports.cucumber.adapter.ExtentCucumberAdapter$8.receive(ExtentCucumberAdapter.java:137)
	at com.aventstack.extentreports.cucumber.adapter.ExtentCucumberAdapter$8.receive(ExtentCucumberAdapter.java:134)
	at io.cucumber.core.eventbus.AbstractEventPublisher.send(AbstractEventPublisher.java:51)
	at io.cucumber.core.eventbus.AbstractEventBus.send(AbstractEventBus.java:12)
	at io.cucumber.core.runtime.SynchronizedEventBus.send(SynchronizedEventBus.java:47)
	at io.cucumber.core.runtime.CucumberExecutionContext.emitTestRunFinished(CucumberExecutionContext.java:117)
	at io.cucumber.core.runtime.CucumberExecutionContext.finishTestRun(CucumberExecutionContext.java:104)
	at io.cucumber.testng.TestNGCucumberRunner.finish(TestNGCucumberRunner.java:145)
	at io.cucumber.testng.AbstractTestNGCucumberTests.tearDownClass(AbstractTestNGCucumberTests.java:57)
	at java.base/jdk.internal.reflect.DirectMethodHandleAccessor.invoke(DirectMethodHandleAccessor.java:103)
	at java.base/java.lang.reflect.Method.invoke(Method.java:580)
	at org.testng.internal.invokers.MethodInvocationHelper.invokeMethod(MethodInvocationHelper.java:141)
	at org.testng.internal.invokers.MethodInvocationHelper.invokeMethodConsideringTimeout(MethodInvocationHelper.java:71)
	at org.testng.internal.invokers.ConfigInvoker.invokeConfigurationMethod(ConfigInvoker.java:400)
	at org.testng.internal.invokers.ConfigInvoker.invokeConfigurations(ConfigInvoker.java:333)
	at org.testng.internal.invokers.TestMethodWorker.invokeAfterClassConfigurations(TestMethodWorker.java:238)
	at org.testng.internal.invokers.TestMethodWorker.invokeAfterClassMethods(TestMethodWorker.java:223)
	at org.testng.internal.invokers.TestMethodWorker.run(TestMethodWorker.java:137)
	at java.base/java.util.ArrayList.forEach(ArrayList.java:1596)
	at org.testng.TestRunner.privateRun(TestRunner.java:739)
	at org.testng.TestRunner.run(TestRunner.java:614)
	at org.testng.SuiteRunner.runTest(SuiteRunner.java:421)
	at org.testng.SuiteRunner.runSequentially(SuiteRunner.java:413)
	at org.testng.SuiteRunner.privateRun(SuiteRunner.java:373)
	at org.testng.SuiteRunner.run(SuiteRunner.java:312)
	at org.testng.SuiteRunnerWorker.runSuite(SuiteRunnerWorker.java:52)
	at org.testng.SuiteRunnerWorker.run(SuiteRunnerWorker.java:95)
	at org.testng.TestNG.runSuitesSequentially(TestNG.java:1274)
	at org.testng.TestNG.runSuitesLocally(TestNG.java:1208)
	at org.testng.TestNG.runSuites(TestNG.java:1112)
	at org.testng.TestNG.run(TestNG.java:1079)
	at org.apache.maven.surefire.testng.TestNGExecutor.run(TestNGExecutor.java:284)
	at org.apache.maven.surefire.testng.TestNGXmlTestSuite.execute(TestNGXmlTestSuite.java:75)
	at org.apache.maven.surefire.testng.TestNGProvider.invoke(TestNGProvider.java:119)
	at org.apache.maven.surefire.booter.ForkedBooter.runSuitesInProcess(ForkedBooter.java:428)
	at org.apache.maven.surefire.booter.ForkedBooter.execute(ForkedBooter.java:162)
	at org.apache.maven.surefire.booter.ForkedBooter.run(ForkedBooter.java:562)
	at org.apache.maven.surefire.booter.ForkedBooter.main(ForkedBooter.java:548)
Caused by: java.io.IOException: The TrueType font null does not contain a 'cmap' table
	at org.apache.fontbox.ttf.TrueTypeFont.getUnicodeCmapImpl(TrueTypeFont.java:562)
	at org.apache.fontbox.ttf.TrueTypeFont.getUnicodeCmapLookup(TrueTypeFont.java:542)
	at org.apache.fontbox.ttf.TrueTypeFont.getUnicodeCmapLookup(TrueTypeFont.java:528)
	at org.apache.fontbox.ttf.TTFSubsetter.<init>(TTFSubsetter.java:90)
	at org.apache.pdfbox.pdmodel.font.TrueTypeEmbedder.subset(TrueTypeEmbedder.java:347)
	at org.apache.pdfbox.pdmodel.font.PDType0Font.subset(PDType0Font.java:263)
	at org.apache.pdfbox.pdmodel.PDDocument.save(PDDocument.java:1369)
	at org.apache.pdfbox.pdmodel.PDDocument.save(PDDocument.java:1344)
	at tech.grasshopper.pdf.PDFCucumberReport.createReport(PDFCucumberReport.java:133)
	... 48 more

Dec 17, 2024 10:11:37 AM org.openqa.selenium.devtools.CdpVersionFinder findNearestMatch
WARNING: Unable to find an exact match for CDP version 131, returning the closest version; found: 130; Please update to a Selenium version that supports CDP version 131
Dec 17, 2024 10:11:37 AM org.openqa.selenium.devtools.CdpVersionFinder findNearestMatch
WARNING: Unable to find an exact match for CDP version 131, returning the closest version; found: 130; Please update to a Selenium version that supports CDP version 131
Dec 17, 2024 10:11:37 AM org.openqa.selenium.devtools.CdpVersionFinder findNearestMatch
WARNING: Unable to find an exact match for CDP version 131, returning the closest version; found: 130; Please update to a Selenium version that supports CDP version 131
]]></system-err>
  </testcase>
  <testcase name="runScenario[&quot;Validate user can navigate to Arrays in python&quot;, &quot;Array detail page&quot;](2)" classname="TestRunners.TestRunner" time="1.044">
    <system-out><![CDATA[
Scenario: Error message displayed for invalid code on try Editor for Queue operations &amp#27;[90m# src/test/resources/Features/ArrayDetailsPage.feature:20&amp#27;[0m
  &amp#27;[32mGiven &amp#27;[0m&amp#27;[32mThe user is on the arrays in python page&amp#27;[0m                     &amp#27;[90m# StepDefinitions.ArrayStepDefintions.the_user_is_on_the_arrays_in_python_page()&amp#27;[0m
  &amp#27;[32mWhen &amp#27;[0m&amp#27;[32mThe user click on Array in python link&amp#27;[0m               &amp#27;[90m# StepDefinitions.ArrayStepDefintions.the_user_click_on_array_in_python_link()&amp#27;[0m
  &amp#27;[32mThen &amp#27;[0m&amp#27;[32mthe user is navigated to array in arrays in python&amp#27;[0m   &amp#27;[90m# StepDefinitions.ArrayStepDefintions.the_user_is_navigated_to_array_in_arrays_in_python()&amp#27;[0m
[INFO ] 2024-12-17 09:43:55.465 [TestNG-PoolService-2] Hooks - ======================  Test Execution is completed!! ======================
]]></system-out>
  </testcase>
  <testcase name="runScenario[&quot;Validate user can navigate to Arrays in python&quot;, &quot;Array detail page&quot;](2)" classname="TestRunners.TestRunner" time="0.651">
    <system-out><![CDATA[  &amp#27;[32mWhen &amp#27;[0m&amp#27;[32mUser clicks Try here link&amp#27;[0m                                     &amp#27;[90m# StepDefinitions.DSIntroductionDetails.user_clicks_try_here_link()&amp#27;[0m

Scenario: Error message displayed for invalid code on try Editor for Queue operations &amp#27;[90m# src/test/resources/Features/ArrayDetailsPage.feature:20&amp#27;[0m
  &amp#27;[32mThen &amp#27;[0m&amp#27;[32mUser should navigate to tryEditor page&amp#27;[0m                        &amp#27;[90m# StepDefinitions.DSIntroductionDetails.user_should_navigate_to_try_editor_page()&amp#27;[0m
[INFO ] 2024-12-17 10:11:45.779 [TestNG-PoolService-3] Hooks - ======================  Test Execution is completed!! ======================
]]></system-out>
  </testcase>
  <testcase name="runScenario[&quot;Validate user can Try here link page from Arrays in python&quot;, &quot;Array detail page&quot;](3)" classname="TestRunners.TestRunner" time="1.325">
    <system-out><![CDATA[
Scenario: No error message displayed for empty code on try editor for array in python &amp#27;[90m# src/test/resources/Features/ArrayDetailsPage.feature:25&amp#27;[0m
  &amp#27;[32mWhen &amp#27;[0m&amp#27;[32mUser clicks Try here link&amp#27;[0m                                     &amp#27;[90m# StepDefinitions.DSIntroductionDetails.user_clicks_try_here_link()&amp#27;[0m
  &amp#27;[32mThen &amp#27;[0m&amp#27;[32mUser should navigate to tryEditor page&amp#27;[0m                        &amp#27;[90m# StepDefinitions.DSIntroductionDetails.user_should_navigate_to_try_editor_page()&amp#27;[0m
[INFO ] 2024-12-17 09:43:56.667 [TestNG-PoolService-3] Hooks - ======================  Test Execution is completed!! ======================
]]></system-out>
    <system-err><![CDATA[Dec 17, 2024 9:43:56 AM org.openqa.selenium.devtools.CdpVersionFinder findNearestMatch
WARNING: Unable to find an exact match for CDP version 131, returning the closest version; found: 130; Please update to a Selenium version that supports CDP version 131
]]></system-err>
  </testcase>
  <testcase name="runScenario[&quot;Validate user can Try here link page from Arrays in python&quot;, &quot;Array detail page&quot;](3)" classname="TestRunners.TestRunner" time="5.187">
    <system-out><![CDATA[
Scenario: Error message displayed for invalid code on try Editor for Queue operations &amp#27;[90m# src/test/resources/Features/ArrayDetailsPage.feature:20&amp#27;[0m

Scenario: No error message displayed for empty code on try editor for array in python &amp#27;[90m# src/test/resources/Features/ArrayDetailsPage.feature:25&amp#27;[0m
  &amp#27;[32mWhen &amp#27;[0m&amp#27;[32mUser clicks Try here link&amp#27;[0m                                     &amp#27;[90m# StepDefinitions.DSIntroductionDetails.user_clicks_try_here_link()&amp#27;[0m
  &amp#27;[32mThen &amp#27;[0m&amp#27;[32mUser should navigate to tryEditor page&amp#27;[0m                        &amp#27;[90m# StepDefinitions.DSIntroductionDetails.user_should_navigate_to_try_editor_page()&amp#27;[0m
[INFO ] 2024-12-17 09:54:43.934 [TestNG-PoolService-3] Hooks - ======================  Test Execution is completed!! ======================
]]></system-out>
  </testcase>
  <testcase name="runScenario[&quot;Validate user can Try here link page from Arrays in python&quot;, &quot;Array detail page&quot;](3)" classname="TestRunners.TestRunner" time="0.966">
    <system-out><![CDATA[
Scenario: No error message displayed for empty code on try editor for array in python &amp#27;[90m# src/test/resources/Features/ArrayDetailsPage.feature:25&amp#27;[0m
]]></system-out>
  </testcase>
  <testcase name="runScenario[&quot;Error message displayed for invalid code on try Editor for Queue operations&quot;, &quot;Array detail page&quot;](4)" classname="TestRunners.TestRunner" time="6.881">
    <failure message="element not interactable&#10;  (Session info: chrome=131.0.6778.140)&#10;Build info: version: &apos;4.26.0&apos;, revision: &apos;8ccf0219d7&apos;&#10;System info: os.name: &apos;Windows 11&apos;, os.arch: &apos;amd64&apos;, os.version: &apos;10.0&apos;, java.version: &apos;21.0.5&apos;&#10;Driver info: org.openqa.selenium.chrome.ChromeDriver&#10;Command: [61c43d27e13ba2bab0f057ee7af77edf, sendKeysToElement {id=f.DA7ECBC4B1CB8C14F2FB222D2EF0DC8C.d.F11C88D82C8C9F00AB41867914138599.e.49, value=[Ljava.lang.CharSequence;@43a0798b}]&#10;Capabilities {acceptInsecureCerts: false, browserName: chrome, browserVersion: 131.0.6778.140, chrome: {chromedriverVersion: 131.0.6778.108 (3b014839fbc..., userDataDir: C:\Users\vamsh\AppData\Loca...}, fedcm:accounts: true, goog:chromeOptions: {debuggerAddress: localhost:61627}, networkConnectionEnabled: false, pageLoadStrategy: normal, platformName: windows, proxy: Proxy(), se:cdp: ws://localhost:61627/devtoo..., se:cdpVersion: 131.0.6778.140, setWindowRect: true, strictFileInteractability: false, timeouts: {implicit: 0, pageLoad: 300000, script: 30000}, unhandledPromptBehavior: dismiss and notify, webauthn:extension:credBlob: true, webauthn:extension:largeBlob: true, webauthn:extension:minPinLength: true, webauthn:extension:prf: true, webauthn:virtualAuthenticators: true}&#10;Element: [[ChromeDriver: chrome on windows (61c43d27e13ba2bab0f057ee7af77edf)] -&gt; css selector: .CodeMirror textarea]&#10;Session ID: 61c43d27e13ba2bab0f057ee7af77edf" type="org.openqa.selenium.ElementNotInteractableException"><![CDATA[org.openqa.selenium.ElementNotInteractableException: 
element not interactable
  (Session info: chrome=131.0.6778.140)
Build info: version: '4.26.0', revision: '8ccf0219d7'
System info: os.name: 'Windows 11', os.arch: 'amd64', os.version: '10.0', java.version: '21.0.5'
Driver info: org.openqa.selenium.chrome.ChromeDriver
Command: [61c43d27e13ba2bab0f057ee7af77edf, sendKeysToElement {id=f.DA7ECBC4B1CB8C14F2FB222D2EF0DC8C.d.F11C88D82C8C9F00AB41867914138599.e.49, value=[Ljava.lang.CharSequence;@43a0798b}]
Capabilities {acceptInsecureCerts: false, browserName: chrome, browserVersion: 131.0.6778.140, chrome: {chromedriverVersion: 131.0.6778.108 (3b014839fbc..., userDataDir: C:\Users\vamsh\AppData\Loca...}, fedcm:accounts: true, goog:chromeOptions: {debuggerAddress: localhost:61627}, networkConnectionEnabled: false, pageLoadStrategy: normal, platformName: windows, proxy: Proxy(), se:cdp: ws://localhost:61627/devtoo..., se:cdpVersion: 131.0.6778.140, setWindowRect: true, strictFileInteractability: false, timeouts: {implicit: 0, pageLoad: 300000, script: 30000}, unhandledPromptBehavior: dismiss and notify, webauthn:extension:credBlob: true, webauthn:extension:largeBlob: true, webauthn:extension:minPinLength: true, webauthn:extension:prf: true, webauthn:virtualAuthenticators: true}
Element: [[ChromeDriver: chrome on windows (61c43d27e13ba2bab0f057ee7af77edf)] -> css selector: .CodeMirror textarea]
Session ID: 61c43d27e13ba2bab0f057ee7af77edf
]]></failure>
    <system-out><![CDATA[
Scenario: Valid code on try editor for arrays in python runs successfully &amp#27;[90m# src/test/resources/Features/ArrayDetailsPage.feature:30&amp#27;[0m
  &amp#27;[32mGiven &amp#27;[0m&amp#27;[32mThe user is on the DS Introduction page as signedIn&amp#27;[0m                           &amp#27;[90m# StepDefinitions.DSIntroductionDetails.the_user_is_on_the_ds_introduction_page_as_signed_in()&amp#27;[0m
  &amp#27;[32mWhen &amp#27;[0m&amp#27;[32mThe user clicks on Get Started link for array&amp#27;[0m                                  &amp#27;[90m# StepDefinitions.ArrayStepDefintions.the_user_clicks_on_get_started_link_for_array()&amp#27;[0m
  &amp#27;[32mGiven &amp#27;[0m&amp#27;[32mThe user is on the DS Introduction page as signedIn&amp#27;[0m                           &amp#27;[90m# StepDefinitions.DSIntroductionDetails.the_user_is_on_the_ds_introduction_page_as_signed_in()&amp#27;[0m
  &amp#27;[32mGiven &amp#27;[0m&amp#27;[32mThe user is on the arrays in python page&amp#27;[0m                                      &amp#27;[90m# StepDefinitions.ArrayStepDefintions.the_user_is_on_the_arrays_in_python_page()&amp#27;[0m
  &amp#27;[32mWhen &amp#27;[0m&amp#27;[32mThe user clicks on Get Started link for array&amp#27;[0m                                  &amp#27;[90m# StepDefinitions.ArrayStepDefintions.the_user_clicks_on_get_started_link_for_array()&amp#27;[0m
  &amp#27;[32mGiven &amp#27;[0m&amp#27;[32mThe user is on the arrays in python page&amp#27;[0m                                      &amp#27;[90m# StepDefinitions.ArrayStepDefintions.the_user_is_on_the_arrays_in_python_page()&amp#27;[0m
  &amp#27;[32mGiven &amp#27;[0m&amp#27;[32mThe user is on the DS Introduction page as signedIn&amp#27;[0m               &amp#27;[90m# StepDefinitions.DSIntroductionDetails.the_user_is_on_the_ds_introduction_page_as_signed_in()&amp#27;[0m
  &amp#27;[31mWhen &amp#27;[0m&amp#27;[31mUser writes invalid code and clicks run button&amp#27;[0m                                 &amp#27;[90m# StepDefinitions.DSIntroductionDetails.user_writes_invalid_code_and_clicks_run_button()&amp#27;[0m
      &amp#27;[31morg.openqa.selenium.ElementNotInteractableException: element not interactable
  (Session info: chrome=131.0.6778.140)
Build info: version: '4.26.0', revision: '8ccf0219d7'
System info: os.name: 'Windows 11', os.arch: 'amd64', os.version: '10.0', java.version: '21.0.5'
Driver info: org.openqa.selenium.chrome.ChromeDriver
Command: [61c43d27e13ba2bab0f057ee7af77edf, sendKeysToElement {id=f.DA7ECBC4B1CB8C14F2FB222D2EF0DC8C.d.F11C88D82C8C9F00AB41867914138599.e.49, value=[Ljava.lang.CharSequence;@43a0798b}]
Capabilities {acceptInsecureCerts: false, browserName: chrome, browserVersion: 131.0.6778.140, chrome: {chromedriverVersion: 131.0.6778.108 (3b014839fbc..., userDataDir: C:\Users\vamsh\AppData\Loca...}, fedcm:accounts: true, goog:chromeOptions: {debuggerAddress: localhost:61627}, networkConnectionEnabled: false, pageLoadStrategy: normal, platformName: windows, proxy: Proxy(), se:cdp: ws://localhost:61627/devtoo..., se:cdpVersion: 131.0.6778.140, setWindowRect: true, strictFileInteractability: false, timeouts: {implicit: 0, pageLoad: 300000, script: 30000}, unhandledPromptBehavior: dismiss and notify, webauthn:extension:credBlob: true, webauthn:extension:largeBlob: true, webauthn:extension:minPinLength: true, webauthn:extension:prf: true, webauthn:virtualAuthenticators: true}
Element: [[ChromeDriver: chrome on windows (61c43d27e13ba2bab0f057ee7af77edf)] -> css selector: .CodeMirror textarea]
Session ID: 61c43d27e13ba2bab0f057ee7af77edf
	at java.base/jdk.internal.reflect.DirectConstructorHandleAccessor.newInstance(DirectConstructorHandleAccessor.java:62)
	at java.base/java.lang.reflect.Constructor.newInstanceWithCaller(Constructor.java:502)
	at java.base/java.lang.reflect.Constructor.newInstance(Constructor.java:486)
	at org.openqa.selenium.remote.ErrorCodec.decode(ErrorCodec.java:167)
	at org.openqa.selenium.remote.codec.w3c.W3CHttpResponseCodec.decode(W3CHttpResponseCodec.java:138)
	at org.openqa.selenium.remote.codec.w3c.W3CHttpResponseCodec.decode(W3CHttpResponseCodec.java:50)
	at org.openqa.selenium.remote.HttpCommandExecutor.execute(HttpCommandExecutor.java:190)
	at org.openqa.selenium.remote.service.DriverCommandExecutor.invokeExecute(DriverCommandExecutor.java:216)
	at org.openqa.selenium.remote.service.DriverCommandExecutor.execute(DriverCommandExecutor.java:174)
	at org.openqa.selenium.remote.RemoteWebDriver.execute(RemoteWebDriver.java:545)
	at org.openqa.selenium.remote.RemoteWebElement.execute(RemoteWebElement.java:223)
	at org.openqa.selenium.remote.RemoteWebElement.sendKeys(RemoteWebElement.java:110)
	at PageObjects.IntroductionPage.enterCodeInEditor(IntroductionPage.java:82)
	at StepDefinitions.DSIntroductionDetails.user_writes_invalid_code_and_clicks_run_button(DSIntroductionDetails.java:184)
	at ✽.User writes invalid code and clicks run button(file:///C:/Projects/newFolder-3/Repo1/src/test/resources/Features/ArrayDetailsPage.feature:22)
&amp#27;[0m
  &amp#27;[36mThen &amp#27;[0m&amp#27;[36mThe user should able to see an error message in alert window&amp#27;[0m                   &amp#27;[90m# StepDefinitions.DSIntroductionDetails.the_user_should_able_to_see_an_error_message_in_alert_window()&amp#27;[0m
[ERROR] 2024-12-17 09:44:03.334 [TestNG-PoolService-1] Hooks - ======================  TEST CASE FAILED !! ======================
  &amp#27;[32mWhen &amp#27;[0m&amp#27;[32mThe user clicks on Get Started link for array&amp#27;[0m                      &amp#27;[90m# StepDefinitions.ArrayStepDefintions.the_user_clicks_on_get_started_link_for_array()&amp#27;[0m

    Embedding screenshot [image/png 7853 bytes]

[INFO ] 2024-12-17 09:44:03.574 [TestNG-PoolService-1] Hooks - ======================  Screenshot is captured  ======================
[INFO ] 2024-12-17 09:44:03.583 [TestNG-PoolService-1] Hooks - ======================  Test Execution is completed!! ======================
]]></system-out>
    <system-err><![CDATA[Dec 17, 2024 9:43:58 AM org.openqa.selenium.devtools.CdpVersionFinder findNearestMatch
WARNING: Unable to find an exact match for CDP version 131, returning the closest version; found: 130; Please update to a Selenium version that supports CDP version 131
Dec 17, 2024 9:43:59 AM org.openqa.selenium.devtools.CdpVersionFinder findNearestMatch
WARNING: Unable to find an exact match for CDP version 131, returning the closest version; found: 130; Please update to a Selenium version that supports CDP version 131
]]></system-err>
  </testcase>
  <testcase name="runScenario[&quot;Error message displayed for invalid code on try Editor for Queue operations&quot;, &quot;Array detail page&quot;](4)" classname="TestRunners.TestRunner" time="6.84">
    <system-out><![CDATA[
Scenario: Valid code on try editor for arrays in python runs successfully &amp#27;[90m# src/test/resources/Features/ArrayDetailsPage.feature:30&amp#27;[0m
  &amp#27;[32mGiven &amp#27;[0m&amp#27;[32mThe user is on the DS Introduction page as signedIn&amp#27;[0m                           &amp#27;[90m# StepDefinitions.DSIntroductionDetails.the_user_is_on_the_ds_introduction_page_as_signed_in()&amp#27;[0m
  &amp#27;[32mWhen &amp#27;[0m&amp#27;[32mThe user clicks on Get Started link for array&amp#27;[0m                                  &amp#27;[90m# StepDefinitions.ArrayStepDefintions.the_user_clicks_on_get_started_link_for_array()&amp#27;[0m
  &amp#27;[32mGiven &amp#27;[0m&amp#27;[32mThe user is on the arrays in python page&amp#27;[0m                                      &amp#27;[90m# StepDefinitions.ArrayStepDefintions.the_user_is_on_the_arrays_in_python_page()&amp#27;[0m
  &amp#27;[32mGiven &amp#27;[0m&amp#27;[32mThe user is on the DS Introduction page as signedIn&amp#27;[0m                           &amp#27;[90m# StepDefinitions.DSIntroductionDetails.the_user_is_on_the_ds_introduction_page_as_signed_in()&amp#27;[0m
  &amp#27;[32mWhen &amp#27;[0m&amp#27;[32mThe user clicks on Get Started link for array&amp#27;[0m                                  &amp#27;[90m# StepDefinitions.ArrayStepDefintions.the_user_clicks_on_get_started_link_for_array()&amp#27;[0m
  &amp#27;[32mGiven &amp#27;[0m&amp#27;[32mThe user is on the arrays in python page&amp#27;[0m                                      &amp#27;[90m# StepDefinitions.ArrayStepDefintions.the_user_is_on_the_arrays_in_python_page()&amp#27;[0m
  &amp#27;[32mWhen &amp#27;[0m&amp#27;[32mUser writes invalid code and clicks run button&amp#27;[0m                                 &amp#27;[90m# StepDefinitions.DSIntroductionDetails.user_writes_invalid_code_and_clicks_run_button()&amp#27;[0m
  &amp#27;[32mThen &amp#27;[0m&amp#27;[32mThe user should able to see an error message in alert window&amp#27;[0m                   &amp#27;[90m# StepDefinitions.DSIntroductionDetails.the_user_should_able_to_see_an_error_message_in_alert_window()&amp#27;[0m
[INFO ] 2024-12-17 09:54:53.351 [TestNG-PoolService-2] Hooks - ======================  Test Execution is completed!! ======================
  &amp#27;[32mWhen &amp#27;[0m&amp#27;[32mUser clicks on run button with empty code&amp#27;[0m                                      &amp#27;[90m# StepDefinitions.DSIntroductionDetails.user_clicks_on_run_button_with_empty_code()&amp#27;[0m
  &amp#27;[32mThen &amp#27;[0m&amp#27;[32mThe user should not see any error message or alert&amp#27;[0m                             &amp#27;[90m# StepDefinitions.DSIntroductionDetails.the_user_should_not_see_any_error_message_or_alert()&amp#27;[0m
[INFO ] 2024-12-17 09:54:54.556 [TestNG-PoolService-1] Hooks - ======================  Test Execution is completed!! ======================
]]></system-out>
  </testcase>
  <testcase name="runScenario[&quot;Error message displayed for invalid code on try Editor for Queue operations&quot;, &quot;Array detail page&quot;](4)" classname="TestRunners.TestRunner" time="8.957">
    <system-out><![CDATA[
Scenario: Valid code on try editor for arrays in python runs successfully &amp#27;[90m# src/test/resources/Features/ArrayDetailsPage.feature:30&amp#27;[0m
  &amp#27;[32mGiven &amp#27;[0m&amp#27;[32mThe user is on the DS Introduction page as signedIn&amp#27;[0m                           &amp#27;[90m# StepDefinitions.DSIntroductionDetails.the_user_is_on_the_ds_introduction_page_as_signed_in()&amp#27;[0m
  &amp#27;[32mWhen &amp#27;[0m&amp#27;[32mThe user clicks on Get Started link for array&amp#27;[0m                                  &amp#27;[90m# StepDefinitions.ArrayStepDefintions.the_user_clicks_on_get_started_link_for_array()&amp#27;[0m
  &amp#27;[32mGiven &amp#27;[0m&amp#27;[32mThe user is on the DS Introduction page as signedIn&amp#27;[0m                           &amp#27;[90m# StepDefinitions.DSIntroductionDetails.the_user_is_on_the_ds_introduction_page_as_signed_in()&amp#27;[0m
  &amp#27;[32mGiven &amp#27;[0m&amp#27;[32mThe user is on the arrays in python page&amp#27;[0m                                      &amp#27;[90m# StepDefinitions.ArrayStepDefintions.the_user_is_on_the_arrays_in_python_page()&amp#27;[0m
  &amp#27;[32mWhen &amp#27;[0m&amp#27;[32mThe user clicks on Get Started link for array&amp#27;[0m                                  &amp#27;[90m# StepDefinitions.ArrayStepDefintions.the_user_clicks_on_get_started_link_for_array()&amp#27;[0m
  &amp#27;[32mGiven &amp#27;[0m&amp#27;[32mThe user is on the DS Introduction page as signedIn&amp#27;[0m               &amp#27;[90m# StepDefinitions.DSIntroductionDetails.the_user_is_on_the_ds_introduction_page_as_signed_in()&amp#27;[0m
  &amp#27;[32mWhen &amp#27;[0m&amp#27;[32mThe user clicks on Get Started link for array&amp#27;[0m                      &amp#27;[90m# StepDefinitions.ArrayStepDefintions.the_user_clicks_on_get_started_link_for_array()&amp#27;[0m
  &amp#27;[32mGiven &amp#27;[0m&amp#27;[32mThe user is on the arrays in python page&amp#27;[0m                                      &amp#27;[90m# StepDefinitions.ArrayStepDefintions.the_user_is_on_the_arrays_in_python_page()&amp#27;[0m
  &amp#27;[32mWhen &amp#27;[0m&amp#27;[32mUser writes invalid code and clicks run button&amp#27;[0m                                 &amp#27;[90m# StepDefinitions.DSIntroductionDetails.user_writes_invalid_code_and_clicks_run_button()&amp#27;[0m
  &amp#27;[32mThen &amp#27;[0m&amp#27;[32mThe user should able to see an error message in alert window&amp#27;[0m                   &amp#27;[90m# StepDefinitions.DSIntroductionDetails.the_user_should_able_to_see_an_error_message_in_alert_window()&amp#27;[0m
[INFO ] 2024-12-17 10:11:54.881 [TestNG-PoolService-1] Hooks - ======================  Test Execution is completed!! ======================
  &amp#27;[32mGiven &amp#27;[0m&amp#27;[32mThe user is on the arrays in python page&amp#27;[0m                          &amp#27;[90m# StepDefinitions.ArrayStepDefintions.the_user_is_on_the_arrays_in_python_page()&amp#27;[0m
  &amp#27;[32mWhen &amp#27;[0m&amp#27;[32mUser clicks on run button with empty code&amp#27;[0m                                      &amp#27;[90m# StepDefinitions.DSIntroductionDetails.user_clicks_on_run_button_with_empty_code()&amp#27;[0m
  &amp#27;[32mThen &amp#27;[0m&amp#27;[32mThe user should not see any error message or alert&amp#27;[0m                             &amp#27;[90m# StepDefinitions.DSIntroductionDetails.the_user_should_not_see_any_error_message_or_alert()&amp#27;[0m
[INFO ] 2024-12-17 10:11:55.908 [TestNG-PoolService-2] Hooks - ======================  Test Execution is completed!! ======================
]]></system-out>
    <system-err><![CDATA[Dec 17, 2024 10:11:48 AM org.openqa.selenium.devtools.CdpVersionFinder findNearestMatch
WARNING: Unable to find an exact match for CDP version 131, returning the closest version; found: 130; Please update to a Selenium version that supports CDP version 131
Dec 17, 2024 10:11:49 AM org.openqa.selenium.devtools.CdpVersionFinder findNearestMatch
WARNING: Unable to find an exact match for CDP version 131, returning the closest version; found: 130; Please update to a Selenium version that supports CDP version 131
Dec 17, 2024 10:11:51 AM org.openqa.selenium.devtools.CdpVersionFinder findNearestMatch
WARNING: Unable to find an exact match for CDP version 131, returning the closest version; found: 130; Please update to a Selenium version that supports CDP version 131
]]></system-err>
  </testcase>
  <testcase name="runScenario[&quot;No error message displayed for empty code on try editor for array in python&quot;, &quot;Array detail page&quot;](5)" classname="TestRunners.TestRunner" time="1.101">
    <system-out><![CDATA[
Scenario: Validate user can navigate to Arrays using list   &amp#27;[90m# src/test/resources/Features/ArrayDetailsPage.feature:35&amp#27;[0m
  &amp#27;[32mWhen &amp#27;[0m&amp#27;[32mUser clicks on run button with empty code&amp#27;[0m                                      &amp#27;[90m# StepDefinitions.DSIntroductionDetails.user_clicks_on_run_button_with_empty_code()&amp#27;[0m
  &amp#27;[32mThen &amp#27;[0m&amp#27;[32mThe user should not see any error message or alert&amp#27;[0m                             &amp#27;[90m# StepDefinitions.DSIntroductionDetails.the_user_should_not_see_any_error_message_or_alert()&amp#27;[0m
[INFO ] 2024-12-17 09:44:04.131 [TestNG-PoolService-2] Hooks - ======================  Test Execution is completed!! ======================
  &amp#27;[32mGiven &amp#27;[0m&amp#27;[32mThe user is on the arrays in python page&amp#27;[0m                          &amp#27;[90m# StepDefinitions.ArrayStepDefintions.the_user_is_on_the_arrays_in_python_page()&amp#27;[0m
]]></system-out>
  </testcase>
  <testcase name="runScenario[&quot;No error message displayed for empty code on try editor for array in python&quot;, &quot;Array detail page&quot;](5)" classname="TestRunners.TestRunner" time="1.236">
    <system-out><![CDATA[
Scenario: Validate user can navigate to Arrays using list   &amp#27;[90m# src/test/resources/Features/ArrayDetailsPage.feature:35&amp#27;[0m
]]></system-out>
  </testcase>
  <testcase name="runScenario[&quot;No error message displayed for empty code on try editor for array in python&quot;, &quot;Array detail page&quot;](5)" classname="TestRunners.TestRunner" time="0.966">
    <system-out><![CDATA[
Scenario: Validate user can navigate to Arrays using list   &amp#27;[90m# src/test/resources/Features/ArrayDetailsPage.feature:35&amp#27;[0m
  &amp#27;[32mWhen &amp#27;[0m&amp#27;[32mUser writes valid code and clicks run button&amp#27;[0m                       &amp#27;[90m# StepDefinitions.DSIntroductionDetails.user_writes_valid_code_and_clicks_run_button()&amp#27;[0m
  &amp#27;[32mThen &amp#27;[0m&amp#27;[32mThe user should able to see output in the console&amp#27;[0m                  &amp#27;[90m# StepDefinitions.DSIntroductionDetails.the_user_should_able_to_see_output_in_the_console()&amp#27;[0m
[INFO ] 2024-12-17 10:11:56.385 [TestNG-PoolService-3] Hooks - ======================  Test Execution is completed!! ======================
]]></system-out>
  </testcase>
  <testcase name="runScenario[&quot;Valid code on try editor for arrays in python runs successfully&quot;, &quot;Array detail page&quot;](6)" classname="TestRunners.TestRunner" time="1.896">
    <system-out><![CDATA[
Scenario: Validate user can Try here link page from Array using list &amp#27;[90m# src/test/resources/Features/ArrayDetailsPage.feature:40&amp#27;[0m
  &amp#27;[32mWhen &amp#27;[0m&amp#27;[32mUser writes valid code and clicks run button&amp#27;[0m                       &amp#27;[90m# StepDefinitions.DSIntroductionDetails.user_writes_valid_code_and_clicks_run_button()&amp#27;[0m
  &amp#27;[32mThen &amp#27;[0m&amp#27;[32mThe user should able to see output in the console&amp#27;[0m                  &amp#27;[90m# StepDefinitions.DSIntroductionDetails.the_user_should_able_to_see_output_in_the_console()&amp#27;[0m
[INFO ] 2024-12-17 09:44:06.229 [TestNG-PoolService-3] Hooks - ======================  Test Execution is completed!! ======================
]]></system-out>
    <system-err><![CDATA[Dec 17, 2024 9:44:06 AM org.openqa.selenium.devtools.CdpVersionFinder findNearestMatch
WARNING: Unable to find an exact match for CDP version 131, returning the closest version; found: 130; Please update to a Selenium version that supports CDP version 131
]]></system-err>
  </testcase>
  <testcase name="runScenario[&quot;Valid code on try editor for arrays in python runs successfully&quot;, &quot;Array detail page&quot;](6)" classname="TestRunners.TestRunner" time="6.228">
    <system-out><![CDATA[
Scenario: Validate user can Try here link page from Array using list &amp#27;[90m# src/test/resources/Features/ArrayDetailsPage.feature:40&amp#27;[0m
  &amp#27;[32mGiven &amp#27;[0m&amp#27;[32mThe user is on the DS Introduction page as signedIn&amp#27;[0m               &amp#27;[90m# StepDefinitions.DSIntroductionDetails.the_user_is_on_the_ds_introduction_page_as_signed_in()&amp#27;[0m
  &amp#27;[32mWhen &amp#27;[0m&amp#27;[32mThe user clicks on Get Started link for array&amp#27;[0m                      &amp#27;[90m# StepDefinitions.ArrayStepDefintions.the_user_clicks_on_get_started_link_for_array()&amp#27;[0m
  &amp#27;[32mGiven &amp#27;[0m&amp#27;[32mThe user is on the arrays in python page&amp#27;[0m                          &amp#27;[90m# StepDefinitions.ArrayStepDefintions.the_user_is_on_the_arrays_in_python_page()&amp#27;[0m
  &amp#27;[32mWhen &amp#27;[0m&amp#27;[32mUser writes valid code and clicks run button&amp#27;[0m                       &amp#27;[90m# StepDefinitions.DSIntroductionDetails.user_writes_valid_code_and_clicks_run_button()&amp#27;[0m
  &amp#27;[32mThen &amp#27;[0m&amp#27;[32mThe user should able to see output in the console&amp#27;[0m                  &amp#27;[90m# StepDefinitions.DSIntroductionDetails.the_user_should_able_to_see_output_in_the_console()&amp#27;[0m
[INFO ] 2024-12-17 09:55:00.036 [TestNG-PoolService-3] Hooks - ======================  Test Execution is completed!! ======================
]]></system-out>
  </testcase>
  <testcase name="runScenario[&quot;Valid code on try editor for arrays in python runs successfully&quot;, &quot;Array detail page&quot;](6)" classname="TestRunners.TestRunner" time="0.457">
    <system-out><![CDATA[
Scenario: Validate user can Try here link page from Array using list &amp#27;[90m# src/test/resources/Features/ArrayDetailsPage.feature:40&amp#27;[0m
]]></system-out>
  </testcase>
  <testcase name="runScenario[&quot;Validate user can navigate to Arrays using list&quot;, &quot;Array detail page&quot;](7)" classname="TestRunners.TestRunner" time="4.822">
    <system-out><![CDATA[
Scenario: Error message displayed for invalid code on try Editor for Array using list &amp#27;[90m# src/test/resources/Features/ArrayDetailsPage.feature:45&amp#27;[0m
  &amp#27;[32mGiven &amp#27;[0m&amp#27;[32mThe user is on the DS Introduction page as signedIn&amp#27;[0m &amp#27;[90m# StepDefinitions.DSIntroductionDetails.the_user_is_on_the_ds_introduction_page_as_signed_in()&amp#27;[0m
  &amp#27;[32mWhen &amp#27;[0m&amp#27;[32mThe user clicks on Get Started link for array&amp#27;[0m        &amp#27;[90m# StepDefinitions.ArrayStepDefintions.the_user_clicks_on_get_started_link_for_array()&amp#27;[0m
  &amp#27;[32mGiven &amp#27;[0m&amp#27;[32mThe user is on the array details page&amp#27;[0m               &amp#27;[90m# StepDefinitions.ArrayStepDefintions.the_user_is_on_the_array_details_page()&amp#27;[0m
  &amp#27;[32mWhen &amp#27;[0m&amp#27;[32mThe user click on Array using list link&amp#27;[0m              &amp#27;[90m# StepDefinitions.ArrayStepDefintions.the_user_click_on_array_using_list_link()&amp#27;[0m
  &amp#27;[32mThen &amp#27;[0m&amp#27;[32mthe user is navigated to array in Array using list&amp#27;[0m   &amp#27;[90m# StepDefinitions.ArrayStepDefintions.the_user_is_navigated_to_array_in_array_using_list()&amp#27;[0m
[INFO ] 2024-12-17 09:44:11.301 [TestNG-PoolService-1] Hooks - ======================  Test Execution is completed!! ======================
  &amp#27;[32mGiven &amp#27;[0m&amp#27;[32mThe user is on the DS Introduction page as signedIn&amp#27;[0m          &amp#27;[90m# StepDefinitions.DSIntroductionDetails.the_user_is_on_the_ds_introduction_page_as_signed_in()&amp#27;[0m
]]></system-out>
    <system-err><![CDATA[Dec 17, 2024 9:44:07 AM org.openqa.selenium.devtools.CdpVersionFinder findNearestMatch
WARNING: Unable to find an exact match for CDP version 131, returning the closest version; found: 130; Please update to a Selenium version that supports CDP version 131
Dec 17, 2024 9:44:09 AM org.openqa.selenium.devtools.CdpVersionFinder findNearestMatch
WARNING: Unable to find an exact match for CDP version 131, returning the closest version; found: 130; Please update to a Selenium version that supports CDP version 131
]]></system-err>
  </testcase>
  <testcase name="runScenario[&quot;Validate user can navigate to Arrays using list&quot;, &quot;Array detail page&quot;](7)" classname="TestRunners.TestRunner" time="3.038">
    <system-out><![CDATA[
Scenario: Error message displayed for invalid code on try Editor for Array using list &amp#27;[90m# src/test/resources/Features/ArrayDetailsPage.feature:45&amp#27;[0m
  &amp#27;[32mGiven &amp#27;[0m&amp#27;[32mThe user is on the DS Introduction page as signedIn&amp#27;[0m &amp#27;[90m# StepDefinitions.DSIntroductionDetails.the_user_is_on_the_ds_introduction_page_as_signed_in()&amp#27;[0m
  &amp#27;[32mWhen &amp#27;[0m&amp#27;[32mThe user clicks on Get Started link for array&amp#27;[0m        &amp#27;[90m# StepDefinitions.ArrayStepDefintions.the_user_clicks_on_get_started_link_for_array()&amp#27;[0m
  &amp#27;[32mGiven &amp#27;[0m&amp#27;[32mThe user is on the array details page&amp#27;[0m               &amp#27;[90m# StepDefinitions.ArrayStepDefintions.the_user_is_on_the_array_details_page()&amp#27;[0m
  &amp#27;[32mWhen &amp#27;[0m&amp#27;[32mThe user click on Array using list link&amp#27;[0m              &amp#27;[90m# StepDefinitions.ArrayStepDefintions.the_user_click_on_array_using_list_link()&amp#27;[0m
  &amp#27;[32mThen &amp#27;[0m&amp#27;[32mthe user is navigated to array in Array using list&amp#27;[0m   &amp#27;[90m# StepDefinitions.ArrayStepDefintions.the_user_is_navigated_to_array_in_array_using_list()&amp#27;[0m
[INFO ] 2024-12-17 09:55:03.846 [TestNG-PoolService-2] Hooks - ======================  Test Execution is completed!! ======================
  &amp#27;[32mGiven &amp#27;[0m&amp#27;[32mThe user is on the DS Introduction page as signedIn&amp#27;[0m          &amp#27;[90m# StepDefinitions.DSIntroductionDetails.the_user_is_on_the_ds_introduction_page_as_signed_in()&amp#27;[0m
]]></system-out>
  </testcase>
  <testcase name="runScenario[&quot;Validate user can navigate to Arrays using list&quot;, &quot;Array detail page&quot;](7)" classname="TestRunners.TestRunner" time="7.397">
    <system-out><![CDATA[
Scenario: Error message displayed for invalid code on try Editor for Array using list &amp#27;[90m# src/test/resources/Features/ArrayDetailsPage.feature:45&amp#27;[0m
  &amp#27;[32mGiven &amp#27;[0m&amp#27;[32mThe user is on the DS Introduction page as signedIn&amp#27;[0m &amp#27;[90m# StepDefinitions.DSIntroductionDetails.the_user_is_on_the_ds_introduction_page_as_signed_in()&amp#27;[0m
  &amp#27;[32mWhen &amp#27;[0m&amp#27;[32mThe user clicks on Get Started link for array&amp#27;[0m        &amp#27;[90m# StepDefinitions.ArrayStepDefintions.the_user_clicks_on_get_started_link_for_array()&amp#27;[0m
  &amp#27;[32mGiven &amp#27;[0m&amp#27;[32mThe user is on the DS Introduction page as signedIn&amp#27;[0m          &amp#27;[90m# StepDefinitions.DSIntroductionDetails.the_user_is_on_the_ds_introduction_page_as_signed_in()&amp#27;[0m
  &amp#27;[32mGiven &amp#27;[0m&amp#27;[32mThe user is on the array details page&amp#27;[0m               &amp#27;[90m# StepDefinitions.ArrayStepDefintions.the_user_is_on_the_array_details_page()&amp#27;[0m
  &amp#27;[32mWhen &amp#27;[0m&amp#27;[32mThe user clicks on Get Started link for array&amp#27;[0m                 &amp#27;[90m# StepDefinitions.ArrayStepDefintions.the_user_clicks_on_get_started_link_for_array()&amp#27;[0m
  &amp#27;[32mWhen &amp#27;[0m&amp#27;[32mThe user click on Array using list link&amp#27;[0m              &amp#27;[90m# StepDefinitions.ArrayStepDefintions.the_user_click_on_array_using_list_link()&amp#27;[0m
  &amp#27;[32mThen &amp#27;[0m&amp#27;[32mthe user is navigated to array in Array using list&amp#27;[0m   &amp#27;[90m# StepDefinitions.ArrayStepDefintions.the_user_is_navigated_to_array_in_array_using_list()&amp#27;[0m
[INFO ] 2024-12-17 10:12:03.710 [TestNG-PoolService-1] Hooks - ======================  Test Execution is completed!! ======================
  &amp#27;[32mGiven &amp#27;[0m&amp#27;[32mThe user is on the DS Introduction page as signedIn&amp#27;[0m                           &amp#27;[90m# StepDefinitions.DSIntroductionDetails.the_user_is_on_the_ds_introduction_page_as_signed_in()&amp#27;[0m
  &amp#27;[32mGiven &amp#27;[0m&amp#27;[32mThe user is on the Array using list&amp#27;[0m                          &amp#27;[90m# StepDefinitions.ArrayStepDefintions.the_user_is_on_the_array_using_list()&amp#27;[0m
  &amp#27;[32mWhen &amp#27;[0m&amp#27;[32mThe user clicks on Get Started link for array&amp#27;[0m                                  &amp#27;[90m# StepDefinitions.ArrayStepDefintions.the_user_clicks_on_get_started_link_for_array()&amp#27;[0m
  &amp#27;[32mGiven &amp#27;[0m&amp#27;[32mThe user is on the Array using list&amp#27;[0m                                           &amp#27;[90m# StepDefinitions.ArrayStepDefintions.the_user_is_on_the_array_using_list()&amp#27;[0m
  &amp#27;[32mWhen &amp#27;[0m&amp#27;[32mUser clicks Try here link&amp#27;[0m                                     &amp#27;[90m# StepDefinitions.DSIntroductionDetails.user_clicks_try_here_link()&amp#27;[0m
  &amp#27;[32mThen &amp#27;[0m&amp#27;[32mUser should navigate to tryEditor page&amp#27;[0m                        &amp#27;[90m# StepDefinitions.DSIntroductionDetails.user_should_navigate_to_try_editor_page()&amp#27;[0m
[INFO ] 2024-12-17 10:12:04.737 [TestNG-PoolService-2] Hooks - ======================  Test Execution is completed!! ======================
]]></system-out>
    <system-err><![CDATA[Dec 17, 2024 10:11:59 AM org.openqa.selenium.devtools.CdpVersionFinder findNearestMatch
WARNING: Unable to find an exact match for CDP version 131, returning the closest version; found: 130; Please update to a Selenium version that supports CDP version 131
Dec 17, 2024 10:12:00 AM org.openqa.selenium.devtools.CdpVersionFinder findNearestMatch
WARNING: Unable to find an exact match for CDP version 131, returning the closest version; found: 130; Please update to a Selenium version that supports CDP version 131
Dec 17, 2024 10:12:01 AM org.openqa.selenium.devtools.CdpVersionFinder findNearestMatch
WARNING: Unable to find an exact match for CDP version 131, returning the closest version; found: 130; Please update to a Selenium version that supports CDP version 131
]]></system-err>
  </testcase>
  <testcase name="runScenario[&quot;Validate user can Try here link page from Array using list&quot;, &quot;Array detail page&quot;](8)" classname="TestRunners.TestRunner" time="3.076">
    <system-out><![CDATA[
Scenario: No error message displayed for empty code on try editor for Array using list &amp#27;[90m# src/test/resources/Features/ArrayDetailsPage.feature:50&amp#27;[0m
  &amp#27;[32mWhen &amp#27;[0m&amp#27;[32mThe user clicks on Get Started link for array&amp#27;[0m                 &amp#27;[90m# StepDefinitions.ArrayStepDefintions.the_user_clicks_on_get_started_link_for_array()&amp#27;[0m
  &amp#27;[32mGiven &amp#27;[0m&amp#27;[32mThe user is on the Array using list&amp#27;[0m                          &amp#27;[90m# StepDefinitions.ArrayStepDefintions.the_user_is_on_the_array_using_list()&amp#27;[0m
  &amp#27;[32mGiven &amp#27;[0m&amp#27;[32mThe user is on the DS Introduction page as signedIn&amp#27;[0m                           &amp#27;[90m# StepDefinitions.DSIntroductionDetails.the_user_is_on_the_ds_introduction_page_as_signed_in()&amp#27;[0m
  &amp#27;[32mWhen &amp#27;[0m&amp#27;[32mUser clicks Try here link&amp#27;[0m                                     &amp#27;[90m# StepDefinitions.DSIntroductionDetails.user_clicks_try_here_link()&amp#27;[0m
  &amp#27;[32mWhen &amp#27;[0m&amp#27;[32mThe user clicks on Get Started link for array&amp#27;[0m                                  &amp#27;[90m# StepDefinitions.ArrayStepDefintions.the_user_clicks_on_get_started_link_for_array()&amp#27;[0m
  &amp#27;[32mThen &amp#27;[0m&amp#27;[32mUser should navigate to tryEditor page&amp#27;[0m                        &amp#27;[90m# StepDefinitions.DSIntroductionDetails.user_should_navigate_to_try_editor_page()&amp#27;[0m
[INFO ] 2024-12-17 09:44:14.127 [TestNG-PoolService-2] Hooks - ======================  Test Execution is completed!! ======================
  &amp#27;[32mGiven &amp#27;[0m&amp#27;[32mThe user is on the Array using list&amp#27;[0m                                           &amp#27;[90m# StepDefinitions.ArrayStepDefintions.the_user_is_on_the_array_using_list()&amp#27;[0m
]]></system-out>
    <system-err><![CDATA[Dec 17, 2024 9:44:14 AM org.openqa.selenium.devtools.CdpVersionFinder findNearestMatch
WARNING: Unable to find an exact match for CDP version 131, returning the closest version; found: 130; Please update to a Selenium version that supports CDP version 131
]]></system-err>
  </testcase>
  <testcase name="runScenario[&quot;Validate user can Try here link page from Array using list&quot;, &quot;Array detail page&quot;](8)" classname="TestRunners.TestRunner" time="3.224">
    <system-out><![CDATA[
Scenario: No error message displayed for empty code on try editor for Array using list &amp#27;[90m# src/test/resources/Features/ArrayDetailsPage.feature:50&amp#27;[0m
  &amp#27;[32mWhen &amp#27;[0m&amp#27;[32mThe user clicks on Get Started link for array&amp#27;[0m                 &amp#27;[90m# StepDefinitions.ArrayStepDefintions.the_user_clicks_on_get_started_link_for_array()&amp#27;[0m
  &amp#27;[32mGiven &amp#27;[0m&amp#27;[32mThe user is on the Array using list&amp#27;[0m                          &amp#27;[90m# StepDefinitions.ArrayStepDefintions.the_user_is_on_the_array_using_list()&amp#27;[0m
  &amp#27;[32mWhen &amp#27;[0m&amp#27;[32mUser clicks Try here link&amp#27;[0m                                     &amp#27;[90m# StepDefinitions.DSIntroductionDetails.user_clicks_try_here_link()&amp#27;[0m
  &amp#27;[32mThen &amp#27;[0m&amp#27;[32mUser should navigate to tryEditor page&amp#27;[0m                        &amp#27;[90m# StepDefinitions.DSIntroductionDetails.user_should_navigate_to_try_editor_page()&amp#27;[0m
[INFO ] 2024-12-17 09:55:06.906 [TestNG-PoolService-1] Hooks - ======================  Test Execution is completed!! ======================
]]></system-out>
  </testcase>
  <testcase name="runScenario[&quot;Validate user can Try here link page from Array using list&quot;, &quot;Array detail page&quot;](8)" classname="TestRunners.TestRunner" time="0.959">
    <system-out><![CDATA[
Scenario: No error message displayed for empty code on try editor for Array using list &amp#27;[90m# src/test/resources/Features/ArrayDetailsPage.feature:50&amp#27;[0m
  &amp#27;[32mWhen &amp#27;[0m&amp#27;[32mUser writes invalid code and clicks run button&amp#27;[0m                                 &amp#27;[90m# StepDefinitions.DSIntroductionDetails.user_writes_invalid_code_and_clicks_run_button()&amp#27;[0m
  &amp#27;[32mThen &amp#27;[0m&amp#27;[32mThe user should able to see an error message in alert window&amp#27;[0m                   &amp#27;[90m# StepDefinitions.DSIntroductionDetails.the_user_should_able_to_see_an_error_message_in_alert_window()&amp#27;[0m
[INFO ] 2024-12-17 10:12:05.446 [TestNG-PoolService-3] Hooks - ======================  Test Execution is completed!! ======================
]]></system-out>
  </testcase>
  <testcase name="runScenario[&quot;Error message displayed for invalid code on try Editor for Array using list&quot;, &quot;Array detail page&quot;](9)" classname="TestRunners.TestRunner" time="2.372">
    <failure message="element not interactable&#10;  (Session info: chrome=131.0.6778.140)&#10;Build info: version: &apos;4.26.0&apos;, revision: &apos;8ccf0219d7&apos;&#10;System info: os.name: &apos;Windows 11&apos;, os.arch: &apos;amd64&apos;, os.version: &apos;10.0&apos;, java.version: &apos;21.0.5&apos;&#10;Driver info: org.openqa.selenium.chrome.ChromeDriver&#10;Command: [91f3d01a5c694524ccb9dd007ac22d5f, sendKeysToElement {id=f.5E6C787A34CDD0EDE1706A9221F42270.d.78B07BBB101947A207B86079050FBC6D.e.48, value=[Ljava.lang.CharSequence;@436e38dd}]&#10;Capabilities {acceptInsecureCerts: false, browserName: chrome, browserVersion: 131.0.6778.140, chrome: {chromedriverVersion: 131.0.6778.108 (3b014839fbc..., userDataDir: C:\Users\vamsh\AppData\Loca...}, fedcm:accounts: true, goog:chromeOptions: {debuggerAddress: localhost:62038}, networkConnectionEnabled: false, pageLoadStrategy: normal, platformName: windows, proxy: Proxy(), se:cdp: ws://localhost:62038/devtoo..., se:cdpVersion: 131.0.6778.140, setWindowRect: true, strictFileInteractability: false, timeouts: {implicit: 0, pageLoad: 300000, script: 30000}, unhandledPromptBehavior: dismiss and notify, webauthn:extension:credBlob: true, webauthn:extension:largeBlob: true, webauthn:extension:minPinLength: true, webauthn:extension:prf: true, webauthn:virtualAuthenticators: true}&#10;Element: [[ChromeDriver: chrome on windows (91f3d01a5c694524ccb9dd007ac22d5f)] -&gt; css selector: .CodeMirror textarea]&#10;Session ID: 91f3d01a5c694524ccb9dd007ac22d5f" type="org.openqa.selenium.ElementNotInteractableException"><![CDATA[org.openqa.selenium.ElementNotInteractableException: 
element not interactable
  (Session info: chrome=131.0.6778.140)
Build info: version: '4.26.0', revision: '8ccf0219d7'
System info: os.name: 'Windows 11', os.arch: 'amd64', os.version: '10.0', java.version: '21.0.5'
Driver info: org.openqa.selenium.chrome.ChromeDriver
Command: [91f3d01a5c694524ccb9dd007ac22d5f, sendKeysToElement {id=f.5E6C787A34CDD0EDE1706A9221F42270.d.78B07BBB101947A207B86079050FBC6D.e.48, value=[Ljava.lang.CharSequence;@436e38dd}]
Capabilities {acceptInsecureCerts: false, browserName: chrome, browserVersion: 131.0.6778.140, chrome: {chromedriverVersion: 131.0.6778.108 (3b014839fbc..., userDataDir: C:\Users\vamsh\AppData\Loca...}, fedcm:accounts: true, goog:chromeOptions: {debuggerAddress: localhost:62038}, networkConnectionEnabled: false, pageLoadStrategy: normal, platformName: windows, proxy: Proxy(), se:cdp: ws://localhost:62038/devtoo..., se:cdpVersion: 131.0.6778.140, setWindowRect: true, strictFileInteractability: false, timeouts: {implicit: 0, pageLoad: 300000, script: 30000}, unhandledPromptBehavior: dismiss and notify, webauthn:extension:credBlob: true, webauthn:extension:largeBlob: true, webauthn:extension:minPinLength: true, webauthn:extension:prf: true, webauthn:virtualAuthenticators: true}
Element: [[ChromeDriver: chrome on windows (91f3d01a5c694524ccb9dd007ac22d5f)] -> css selector: .CodeMirror textarea]
Session ID: 91f3d01a5c694524ccb9dd007ac22d5f
]]></failure>
    <system-out><![CDATA[
Scenario: Valid code on try editor for Array using list runs successfully &amp#27;[90m# src/test/resources/Features/ArrayDetailsPage.feature:55&amp#27;[0m
  &amp#27;[31mWhen &amp#27;[0m&amp#27;[31mUser writes invalid code and clicks run button&amp#27;[0m                                 &amp#27;[90m# StepDefinitions.DSIntroductionDetails.user_writes_invalid_code_and_clicks_run_button()&amp#27;[0m
      &amp#27;[31morg.openqa.selenium.ElementNotInteractableException: element not interactable
  (Session info: chrome=131.0.6778.140)
Build info: version: '4.26.0', revision: '8ccf0219d7'
System info: os.name: 'Windows 11', os.arch: 'amd64', os.version: '10.0', java.version: '21.0.5'
Driver info: org.openqa.selenium.chrome.ChromeDriver
Command: [91f3d01a5c694524ccb9dd007ac22d5f, sendKeysToElement {id=f.5E6C787A34CDD0EDE1706A9221F42270.d.78B07BBB101947A207B86079050FBC6D.e.48, value=[Ljava.lang.CharSequence;@436e38dd}]
Capabilities {acceptInsecureCerts: false, browserName: chrome, browserVersion: 131.0.6778.140, chrome: {chromedriverVersion: 131.0.6778.108 (3b014839fbc..., userDataDir: C:\Users\vamsh\AppData\Loca...}, fedcm:accounts: true, goog:chromeOptions: {debuggerAddress: localhost:62038}, networkConnectionEnabled: false, pageLoadStrategy: normal, platformName: windows, proxy: Proxy(), se:cdp: ws://localhost:62038/devtoo..., se:cdpVersion: 131.0.6778.140, setWindowRect: true, strictFileInteractability: false, timeouts: {implicit: 0, pageLoad: 300000, script: 30000}, unhandledPromptBehavior: dismiss and notify, webauthn:extension:credBlob: true, webauthn:extension:largeBlob: true, webauthn:extension:minPinLength: true, webauthn:extension:prf: true, webauthn:virtualAuthenticators: true}
Element: [[ChromeDriver: chrome on windows (91f3d01a5c694524ccb9dd007ac22d5f)] -> css selector: .CodeMirror textarea]
Session ID: 91f3d01a5c694524ccb9dd007ac22d5f
	at java.base/jdk.internal.reflect.DirectConstructorHandleAccessor.newInstance(DirectConstructorHandleAccessor.java:62)
	at java.base/java.lang.reflect.Constructor.newInstanceWithCaller(Constructor.java:502)
	at java.base/java.lang.reflect.Constructor.newInstance(Constructor.java:486)
	at org.openqa.selenium.remote.ErrorCodec.decode(ErrorCodec.java:167)
	at org.openqa.selenium.remote.codec.w3c.W3CHttpResponseCodec.decode(W3CHttpResponseCodec.java:138)
	at org.openqa.selenium.remote.codec.w3c.W3CHttpResponseCodec.decode(W3CHttpResponseCodec.java:50)
	at org.openqa.selenium.remote.HttpCommandExecutor.execute(HttpCommandExecutor.java:190)
	at org.openqa.selenium.remote.service.DriverCommandExecutor.invokeExecute(DriverCommandExecutor.java:216)
	at org.openqa.selenium.remote.service.DriverCommandExecutor.execute(DriverCommandExecutor.java:174)
	at org.openqa.selenium.remote.RemoteWebDriver.execute(RemoteWebDriver.java:545)
	at org.openqa.selenium.remote.RemoteWebElement.execute(RemoteWebElement.java:223)
	at org.openqa.selenium.remote.RemoteWebElement.sendKeys(RemoteWebElement.java:110)
	at PageObjects.IntroductionPage.enterCodeInEditor(IntroductionPage.java:82)
	at StepDefinitions.DSIntroductionDetails.user_writes_invalid_code_and_clicks_run_button(DSIntroductionDetails.java:184)
	at ✽.User writes invalid code and clicks run button(file:///C:/Projects/newFolder-3/Repo1/src/test/resources/Features/ArrayDetailsPage.feature:47)
&amp#27;[0m
  &amp#27;[36mThen &amp#27;[0m&amp#27;[36mThe user should able to see an error message in alert window&amp#27;[0m                   &amp#27;[90m# StepDefinitions.DSIntroductionDetails.the_user_should_able_to_see_an_error_message_in_alert_window()&amp#27;[0m
[ERROR] 2024-12-17 09:44:15.822 [TestNG-PoolService-3] Hooks - ======================  TEST CASE FAILED !! ======================

    Embedding screenshot [image/png 7853 bytes]

[INFO ] 2024-12-17 09:44:16.106 [TestNG-PoolService-3] Hooks - ======================  Screenshot is captured  ======================
[INFO ] 2024-12-17 09:44:16.110 [TestNG-PoolService-3] Hooks - ======================  Test Execution is completed!! ======================
]]></system-out>
    <system-err><![CDATA[Dec 17, 2024 9:44:17 AM org.openqa.selenium.devtools.CdpVersionFinder findNearestMatch
WARNING: Unable to find an exact match for CDP version 131, returning the closest version; found: 130; Please update to a Selenium version that supports CDP version 131
]]></system-err>
  </testcase>
  <testcase name="runScenario[&quot;Error message displayed for invalid code on try Editor for Array using list&quot;, &quot;Array detail page&quot;](9)" classname="TestRunners.TestRunner" time="6.127">
    <system-out><![CDATA[
Scenario: Valid code on try editor for Array using list runs successfully &amp#27;[90m# src/test/resources/Features/ArrayDetailsPage.feature:55&amp#27;[0m
  &amp#27;[32mGiven &amp#27;[0m&amp#27;[32mThe user is on the DS Introduction page as signedIn&amp#27;[0m                           &amp#27;[90m# StepDefinitions.DSIntroductionDetails.the_user_is_on_the_ds_introduction_page_as_signed_in()&amp#27;[0m
  &amp#27;[32mWhen &amp#27;[0m&amp#27;[32mThe user clicks on Get Started link for array&amp#27;[0m                                  &amp#27;[90m# StepDefinitions.ArrayStepDefintions.the_user_clicks_on_get_started_link_for_array()&amp#27;[0m
  &amp#27;[32mGiven &amp#27;[0m&amp#27;[32mThe user is on the Array using list&amp#27;[0m                                           &amp#27;[90m# StepDefinitions.ArrayStepDefintions.the_user_is_on_the_array_using_list()&amp#27;[0m
  &amp#27;[32mWhen &amp#27;[0m&amp#27;[32mUser writes invalid code and clicks run button&amp#27;[0m                                 &amp#27;[90m# StepDefinitions.DSIntroductionDetails.user_writes_invalid_code_and_clicks_run_button()&amp#27;[0m
  &amp#27;[32mThen &amp#27;[0m&amp#27;[32mThe user should able to see an error message in alert window&amp#27;[0m                   &amp#27;[90m# StepDefinitions.DSIntroductionDetails.the_user_should_able_to_see_an_error_message_in_alert_window()&amp#27;[0m
[INFO ] 2024-12-17 09:55:13.056 [TestNG-PoolService-3] Hooks - ======================  Test Execution is completed!! ======================
  &amp#27;[32mGiven &amp#27;[0m&amp#27;[32mThe user is on the DS Introduction page as signedIn&amp#27;[0m                            &amp#27;[90m# StepDefinitions.DSIntroductionDetails.the_user_is_on_the_ds_introduction_page_as_signed_in()&amp#27;[0m
  &amp#27;[32mWhen &amp#27;[0m&amp#27;[32mThe user clicks on Get Started link for array&amp#27;[0m                                   &amp#27;[90m# StepDefinitions.ArrayStepDefintions.the_user_clicks_on_get_started_link_for_array()&amp#27;[0m
  &amp#27;[32mGiven &amp#27;[0m&amp#27;[32mThe user is on the Array using list&amp#27;[0m                                            &amp#27;[90m# StepDefinitions.ArrayStepDefintions.the_user_is_on_the_array_using_list()&amp#27;[0m
]]></system-out>
  </testcase>
  <testcase name="runScenario[&quot;Error message displayed for invalid code on try Editor for Array using list&quot;, &quot;Array detail page&quot;](9)" classname="TestRunners.TestRunner" time="0.848">
    <system-out><![CDATA[
Scenario: Valid code on try editor for Array using list runs successfully &amp#27;[90m# src/test/resources/Features/ArrayDetailsPage.feature:55&amp#27;[0m
]]></system-out>
  </testcase>
  <testcase name="runScenario[&quot;No error message displayed for empty code on try editor for Array using list&quot;, &quot;Array detail page&quot;](10)" classname="TestRunners.TestRunner" time="3.256">
    <system-out><![CDATA[
Scenario: Validate user can navigate to basic opertaions in lists &amp#27;[90m# src/test/resources/Features/ArrayDetailsPage.feature:60&amp#27;[0m
  &amp#27;[32mGiven &amp#27;[0m&amp#27;[32mThe user is on the DS Introduction page as signedIn&amp#27;[0m                            &amp#27;[90m# StepDefinitions.DSIntroductionDetails.the_user_is_on_the_ds_introduction_page_as_signed_in()&amp#27;[0m
  &amp#27;[32mWhen &amp#27;[0m&amp#27;[32mThe user clicks on Get Started link for array&amp#27;[0m                                   &amp#27;[90m# StepDefinitions.ArrayStepDefintions.the_user_clicks_on_get_started_link_for_array()&amp#27;[0m
  &amp#27;[32mGiven &amp#27;[0m&amp#27;[32mThe user is on the Array using list&amp#27;[0m                                            &amp#27;[90m# StepDefinitions.ArrayStepDefintions.the_user_is_on_the_array_using_list()&amp#27;[0m
  &amp#27;[32mWhen &amp#27;[0m&amp#27;[32mUser clicks on run button with empty code&amp#27;[0m                                       &amp#27;[90m# StepDefinitions.DSIntroductionDetails.user_clicks_on_run_button_with_empty_code()&amp#27;[0m
  &amp#27;[32mThen &amp#27;[0m&amp#27;[32mThe user should not see any error message or alert&amp#27;[0m                              &amp#27;[90m# StepDefinitions.DSIntroductionDetails.the_user_should_not_see_any_error_message_or_alert()&amp#27;[0m
[INFO ] 2024-12-17 09:44:19.961 [TestNG-PoolService-1] Hooks - ======================  Test Execution is completed!! ======================
  &amp#27;[32mGiven &amp#27;[0m&amp#27;[32mThe user is on the DS Introduction page as signedIn&amp#27;[0m               &amp#27;[90m# StepDefinitions.DSIntroductionDetails.the_user_is_on_the_ds_introduction_page_as_signed_in()&amp#27;[0m
]]></system-out>
    <system-err><![CDATA[Dec 17, 2024 9:44:19 AM org.openqa.selenium.devtools.CdpVersionFinder findNearestMatch
WARNING: Unable to find an exact match for CDP version 131, returning the closest version; found: 130; Please update to a Selenium version that supports CDP version 131
]]></system-err>
  </testcase>
  <testcase name="runScenario[&quot;No error message displayed for empty code on try editor for Array using list&quot;, &quot;Array detail page&quot;](10)" classname="TestRunners.TestRunner" time="3.28">
    <system-out><![CDATA[
Scenario: Validate user can navigate to basic opertaions in lists &amp#27;[90m# src/test/resources/Features/ArrayDetailsPage.feature:60&amp#27;[0m
  &amp#27;[32mWhen &amp#27;[0m&amp#27;[32mUser clicks on run button with empty code&amp#27;[0m                                       &amp#27;[90m# StepDefinitions.DSIntroductionDetails.user_clicks_on_run_button_with_empty_code()&amp#27;[0m
  &amp#27;[32mThen &amp#27;[0m&amp#27;[32mThe user should not see any error message or alert&amp#27;[0m                              &amp#27;[90m# StepDefinitions.DSIntroductionDetails.the_user_should_not_see_any_error_message_or_alert()&amp#27;[0m
[INFO ] 2024-12-17 09:55:16.127 [TestNG-PoolService-2] Hooks - ======================  Test Execution is completed!! ======================
  &amp#27;[32mGiven &amp#27;[0m&amp#27;[32mThe user is on the DS Introduction page as signedIn&amp#27;[0m               &amp#27;[90m# StepDefinitions.DSIntroductionDetails.the_user_is_on_the_ds_introduction_page_as_signed_in()&amp#27;[0m
]]></system-out>
  </testcase>
  <testcase name="runScenario[&quot;No error message displayed for empty code on try editor for Array using list&quot;, &quot;Array detail page&quot;](10)" classname="TestRunners.TestRunner" time="7.722">
    <system-out><![CDATA[
Scenario: Validate user can navigate to basic opertaions in lists &amp#27;[90m# src/test/resources/Features/ArrayDetailsPage.feature:60&amp#27;[0m
  &amp#27;[32mGiven &amp#27;[0m&amp#27;[32mThe user is on the DS Introduction page as signedIn&amp#27;[0m                            &amp#27;[90m# StepDefinitions.DSIntroductionDetails.the_user_is_on_the_ds_introduction_page_as_signed_in()&amp#27;[0m
  &amp#27;[32mWhen &amp#27;[0m&amp#27;[32mThe user clicks on Get Started link for array&amp#27;[0m                                   &amp#27;[90m# StepDefinitions.ArrayStepDefintions.the_user_clicks_on_get_started_link_for_array()&amp#27;[0m
  &amp#27;[32mGiven &amp#27;[0m&amp#27;[32mThe user is on the Array using list&amp#27;[0m                                            &amp#27;[90m# StepDefinitions.ArrayStepDefintions.the_user_is_on_the_array_using_list()&amp#27;[0m
  &amp#27;[32mGiven &amp#27;[0m&amp#27;[32mThe user is on the DS Introduction page as signedIn&amp#27;[0m               &amp#27;[90m# StepDefinitions.DSIntroductionDetails.the_user_is_on_the_ds_introduction_page_as_signed_in()&amp#27;[0m
  &amp#27;[32mGiven &amp#27;[0m&amp#27;[32mThe user is on the DS Introduction page as signedIn&amp#27;[0m       &amp#27;[90m# StepDefinitions.DSIntroductionDetails.the_user_is_on_the_ds_introduction_page_as_signed_in()&amp#27;[0m
  &amp#27;[32mWhen &amp#27;[0m&amp#27;[32mThe user clicks on Get Started link for array&amp#27;[0m                      &amp#27;[90m# StepDefinitions.ArrayStepDefintions.the_user_clicks_on_get_started_link_for_array()&amp#27;[0m
  &amp#27;[32mWhen &amp#27;[0m&amp#27;[32mThe user clicks on Get Started link for array&amp#27;[0m              &amp#27;[90m# StepDefinitions.ArrayStepDefintions.the_user_clicks_on_get_started_link_for_array()&amp#27;[0m
  &amp#27;[32mGiven &amp#27;[0m&amp#27;[32mThe user is on the Array using list&amp#27;[0m                               &amp#27;[90m# StepDefinitions.ArrayStepDefintions.the_user_is_on_the_array_using_list()&amp#27;[0m
  &amp#27;[32mWhen &amp#27;[0m&amp#27;[32mUser clicks on run button with empty code&amp#27;[0m                                       &amp#27;[90m# StepDefinitions.DSIntroductionDetails.user_clicks_on_run_button_with_empty_code()&amp#27;[0m
  &amp#27;[32mThen &amp#27;[0m&amp#27;[32mThe user should not see any error message or alert&amp#27;[0m                              &amp#27;[90m# StepDefinitions.DSIntroductionDetails.the_user_should_not_see_any_error_message_or_alert()&amp#27;[0m
[INFO ] 2024-12-17 10:12:13.282 [TestNG-PoolService-1] Hooks - ======================  Test Execution is completed!! ======================
  &amp#27;[32mGiven &amp#27;[0m&amp#27;[32mThe user is on the array details page&amp#27;[0m                     &amp#27;[90m# StepDefinitions.ArrayStepDefintions.the_user_is_on_the_array_details_page()&amp#27;[0m
  &amp#27;[32mWhen &amp#27;[0m&amp#27;[32mThe user click on basic operations in lists&amp#27;[0m                &amp#27;[90m# StepDefinitions.ArrayStepDefintions.the_user_click_on_basic_operations_in_lists()&amp#27;[0m
  &amp#27;[32mThen &amp#27;[0m&amp#27;[32mthe user is navigated to basic opertaions in lists&amp#27;[0m         &amp#27;[90m# StepDefinitions.ArrayStepDefintions.the_user_is_navigated_to_basic_opertaions_in_lists()&amp#27;[0m
[INFO ] 2024-12-17 10:12:13.734 [TestNG-PoolService-3] Hooks - ======================  Test Execution is completed!! ======================
  &amp#27;[32mWhen &amp#27;[0m&amp#27;[32mUser writes valid code and clicks run button&amp#27;[0m                       &amp#27;[90m# StepDefinitions.DSIntroductionDetails.user_writes_valid_code_and_clicks_run_button()&amp#27;[0m
  &amp#27;[32mThen &amp#27;[0m&amp#27;[32mThe user should able to see output in the console&amp#27;[0m                  &amp#27;[90m# StepDefinitions.DSIntroductionDetails.the_user_should_able_to_see_output_in_the_console()&amp#27;[0m
[INFO ] 2024-12-17 10:12:14.208 [TestNG-PoolService-2] Hooks - ======================  Test Execution is completed!! ======================
]]></system-out>
    <system-err><![CDATA[Dec 17, 2024 10:12:07 AM org.openqa.selenium.devtools.CdpVersionFinder findNearestMatch
WARNING: Unable to find an exact match for CDP version 131, returning the closest version; found: 130; Please update to a Selenium version that supports CDP version 131
Dec 17, 2024 10:12:08 AM org.openqa.selenium.devtools.CdpVersionFinder findNearestMatch
WARNING: Unable to find an exact match for CDP version 131, returning the closest version; found: 130; Please update to a Selenium version that supports CDP version 131
Dec 17, 2024 10:12:10 AM org.openqa.selenium.devtools.CdpVersionFinder findNearestMatch
WARNING: Unable to find an exact match for CDP version 131, returning the closest version; found: 130; Please update to a Selenium version that supports CDP version 131
]]></system-err>
  </testcase>
  <testcase name="runScenario[&quot;Valid code on try editor for Array using list runs successfully&quot;, &quot;Array detail page&quot;](11)" classname="TestRunners.TestRunner" time="3.26">
    <failure message="element not interactable&#10;  (Session info: chrome=131.0.6778.140)&#10;Build info: version: &apos;4.26.0&apos;, revision: &apos;8ccf0219d7&apos;&#10;System info: os.name: &apos;Windows 11&apos;, os.arch: &apos;amd64&apos;, os.version: &apos;10.0&apos;, java.version: &apos;21.0.5&apos;&#10;Driver info: org.openqa.selenium.chrome.ChromeDriver&#10;Command: [cb07818fdfcb353732092f46acc0f5d8, sendKeysToElement {id=f.5609C63DD162CC8D8EA902189CB87944.d.8BD3673493399F4EAF0C263EFD851B50.e.49, value=[Ljava.lang.CharSequence;@2f83e314}]&#10;Capabilities {acceptInsecureCerts: false, browserName: chrome, browserVersion: 131.0.6778.140, chrome: {chromedriverVersion: 131.0.6778.108 (3b014839fbc..., userDataDir: C:\Users\vamsh\AppData\Loca...}, fedcm:accounts: true, goog:chromeOptions: {debuggerAddress: localhost:62245}, networkConnectionEnabled: false, pageLoadStrategy: normal, platformName: windows, proxy: Proxy(), se:cdp: ws://localhost:62245/devtoo..., se:cdpVersion: 131.0.6778.140, setWindowRect: true, strictFileInteractability: false, timeouts: {implicit: 0, pageLoad: 300000, script: 30000}, unhandledPromptBehavior: dismiss and notify, webauthn:extension:credBlob: true, webauthn:extension:largeBlob: true, webauthn:extension:minPinLength: true, webauthn:extension:prf: true, webauthn:virtualAuthenticators: true}&#10;Element: [[ChromeDriver: chrome on windows (cb07818fdfcb353732092f46acc0f5d8)] -&gt; css selector: .CodeMirror textarea]&#10;Session ID: cb07818fdfcb353732092f46acc0f5d8" type="org.openqa.selenium.ElementNotInteractableException"><![CDATA[org.openqa.selenium.ElementNotInteractableException: 
element not interactable
  (Session info: chrome=131.0.6778.140)
Build info: version: '4.26.0', revision: '8ccf0219d7'
System info: os.name: 'Windows 11', os.arch: 'amd64', os.version: '10.0', java.version: '21.0.5'
Driver info: org.openqa.selenium.chrome.ChromeDriver
Command: [cb07818fdfcb353732092f46acc0f5d8, sendKeysToElement {id=f.5609C63DD162CC8D8EA902189CB87944.d.8BD3673493399F4EAF0C263EFD851B50.e.49, value=[Ljava.lang.CharSequence;@2f83e314}]
Capabilities {acceptInsecureCerts: false, browserName: chrome, browserVersion: 131.0.6778.140, chrome: {chromedriverVersion: 131.0.6778.108 (3b014839fbc..., userDataDir: C:\Users\vamsh\AppData\Loca...}, fedcm:accounts: true, goog:chromeOptions: {debuggerAddress: localhost:62245}, networkConnectionEnabled: false, pageLoadStrategy: normal, platformName: windows, proxy: Proxy(), se:cdp: ws://localhost:62245/devtoo..., se:cdpVersion: 131.0.6778.140, setWindowRect: true, strictFileInteractability: false, timeouts: {implicit: 0, pageLoad: 300000, script: 30000}, unhandledPromptBehavior: dismiss and notify, webauthn:extension:credBlob: true, webauthn:extension:largeBlob: true, webauthn:extension:minPinLength: true, webauthn:extension:prf: true, webauthn:virtualAuthenticators: true}
Element: [[ChromeDriver: chrome on windows (cb07818fdfcb353732092f46acc0f5d8)] -> css selector: .CodeMirror textarea]
Session ID: cb07818fdfcb353732092f46acc0f5d8
]]></failure>
    <system-out><![CDATA[
Scenario: Validate user can Try here link page from Basic operations in lists &amp#27;[90m# src/test/resources/Features/ArrayDetailsPage.feature:65&amp#27;[0m
  &amp#27;[32mWhen &amp#27;[0m&amp#27;[32mThe user clicks on Get Started link for array&amp#27;[0m                      &amp#27;[90m# StepDefinitions.ArrayStepDefintions.the_user_clicks_on_get_started_link_for_array()&amp#27;[0m
  &amp#27;[32mGiven &amp#27;[0m&amp#27;[32mThe user is on the Array using list&amp#27;[0m                               &amp#27;[90m# StepDefinitions.ArrayStepDefintions.the_user_is_on_the_array_using_list()&amp#27;[0m
  &amp#27;[31mWhen &amp#27;[0m&amp#27;[31mUser writes valid code and clicks run button&amp#27;[0m                       &amp#27;[90m# StepDefinitions.DSIntroductionDetails.user_writes_valid_code_and_clicks_run_button()&amp#27;[0m
      &amp#27;[31morg.openqa.selenium.ElementNotInteractableException: element not interactable
  (Session info: chrome=131.0.6778.140)
Build info: version: '4.26.0', revision: '8ccf0219d7'
System info: os.name: 'Windows 11', os.arch: 'amd64', os.version: '10.0', java.version: '21.0.5'
Driver info: org.openqa.selenium.chrome.ChromeDriver
Command: [cb07818fdfcb353732092f46acc0f5d8, sendKeysToElement {id=f.5609C63DD162CC8D8EA902189CB87944.d.8BD3673493399F4EAF0C263EFD851B50.e.49, value=[Ljava.lang.CharSequence;@2f83e314}]
Capabilities {acceptInsecureCerts: false, browserName: chrome, browserVersion: 131.0.6778.140, chrome: {chromedriverVersion: 131.0.6778.108 (3b014839fbc..., userDataDir: C:\Users\vamsh\AppData\Loca...}, fedcm:accounts: true, goog:chromeOptions: {debuggerAddress: localhost:62245}, networkConnectionEnabled: false, pageLoadStrategy: normal, platformName: windows, proxy: Proxy(), se:cdp: ws://localhost:62245/devtoo..., se:cdpVersion: 131.0.6778.140, setWindowRect: true, strictFileInteractability: false, timeouts: {implicit: 0, pageLoad: 300000, script: 30000}, unhandledPromptBehavior: dismiss and notify, webauthn:extension:credBlob: true, webauthn:extension:largeBlob: true, webauthn:extension:minPinLength: true, webauthn:extension:prf: true, webauthn:virtualAuthenticators: true}
Element: [[ChromeDriver: chrome on windows (cb07818fdfcb353732092f46acc0f5d8)] -> css selector: .CodeMirror textarea]
Session ID: cb07818fdfcb353732092f46acc0f5d8
	at java.base/jdk.internal.reflect.DirectConstructorHandleAccessor.newInstance(DirectConstructorHandleAccessor.java:62)
	at java.base/java.lang.reflect.Constructor.newInstanceWithCaller(Constructor.java:502)
	at java.base/java.lang.reflect.Constructor.newInstance(Constructor.java:486)
	at org.openqa.selenium.remote.ErrorCodec.decode(ErrorCodec.java:167)
	at org.openqa.selenium.remote.codec.w3c.W3CHttpResponseCodec.decode(W3CHttpResponseCodec.java:138)
	at org.openqa.selenium.remote.codec.w3c.W3CHttpResponseCodec.decode(W3CHttpResponseCodec.java:50)
	at org.openqa.selenium.remote.HttpCommandExecutor.execute(HttpCommandExecutor.java:190)
	at org.openqa.selenium.remote.service.DriverCommandExecutor.invokeExecute(DriverCommandExecutor.java:216)
	at org.openqa.selenium.remote.service.DriverCommandExecutor.execute(DriverCommandExecutor.java:174)
	at org.openqa.selenium.remote.RemoteWebDriver.execute(RemoteWebDriver.java:545)
	at org.openqa.selenium.remote.RemoteWebElement.execute(RemoteWebElement.java:223)
	at org.openqa.selenium.remote.RemoteWebElement.sendKeys(RemoteWebElement.java:110)
	at PageObjects.IntroductionPage.enterCodeInEditor(IntroductionPage.java:82)
	at StepDefinitions.DSIntroductionDetails.user_writes_valid_code_and_clicks_run_button(DSIntroductionDetails.java:197)
	at ✽.User writes valid code and clicks run button(file:///C:/Projects/newFolder-3/Repo1/src/test/resources/Features/ArrayDetailsPage.feature:57)
&amp#27;[0m
  &amp#27;[36mThen &amp#27;[0m&amp#27;[36mThe user should able to see output in the console&amp#27;[0m                  &amp#27;[90m# StepDefinitions.DSIntroductionDetails.the_user_should_able_to_see_output_in_the_console()&amp#27;[0m
[ERROR] 2024-12-17 09:44:22.804 [TestNG-PoolService-2] Hooks - ======================  TEST CASE FAILED !! ======================

    Embedding screenshot [image/png 7853 bytes]

[INFO ] 2024-12-17 09:44:23.021 [TestNG-PoolService-2] Hooks - ======================  Screenshot is captured  ======================
[INFO ] 2024-12-17 09:44:23.028 [TestNG-PoolService-2] Hooks - ======================  Test Execution is completed!! ======================
  &amp#27;[32mGiven &amp#27;[0m&amp#27;[32mThe user is on the DS Introduction page as signedIn&amp#27;[0m       &amp#27;[90m# StepDefinitions.DSIntroductionDetails.the_user_is_on_the_ds_introduction_page_as_signed_in()&amp#27;[0m
  &amp#27;[32mWhen &amp#27;[0m&amp#27;[32mThe user clicks on Get Started link for array&amp#27;[0m              &amp#27;[90m# StepDefinitions.ArrayStepDefintions.the_user_clicks_on_get_started_link_for_array()&amp#27;[0m
]]></system-out>
    <system-err><![CDATA[Dec 17, 2024 9:44:22 AM org.openqa.selenium.devtools.CdpVersionFinder findNearestMatch
WARNING: Unable to find an exact match for CDP version 131, returning the closest version; found: 130; Please update to a Selenium version that supports CDP version 131
]]></system-err>
  </testcase>
  <testcase name="runScenario[&quot;Valid code on try editor for Array using list runs successfully&quot;, &quot;Array detail page&quot;](11)" classname="TestRunners.TestRunner" time="3.922">
    <system-out><![CDATA[
Scenario: Validate user can Try here link page from Basic operations in lists &amp#27;[90m# src/test/resources/Features/ArrayDetailsPage.feature:65&amp#27;[0m
  &amp#27;[32mWhen &amp#27;[0m&amp#27;[32mThe user clicks on Get Started link for array&amp#27;[0m                      &amp#27;[90m# StepDefinitions.ArrayStepDefintions.the_user_clicks_on_get_started_link_for_array()&amp#27;[0m
  &amp#27;[32mGiven &amp#27;[0m&amp#27;[32mThe user is on the Array using list&amp#27;[0m                               &amp#27;[90m# StepDefinitions.ArrayStepDefintions.the_user_is_on_the_array_using_list()&amp#27;[0m
  &amp#27;[32mWhen &amp#27;[0m&amp#27;[32mUser writes valid code and clicks run button&amp#27;[0m                       &amp#27;[90m# StepDefinitions.DSIntroductionDetails.user_writes_valid_code_and_clicks_run_button()&amp#27;[0m
  &amp#27;[32mThen &amp#27;[0m&amp#27;[32mThe user should able to see output in the console&amp#27;[0m                  &amp#27;[90m# StepDefinitions.DSIntroductionDetails.the_user_should_able_to_see_output_in_the_console()&amp#27;[0m
[INFO ] 2024-12-17 09:55:20.226 [TestNG-PoolService-1] Hooks - ======================  Test Execution is completed!! ======================
]]></system-out>
  </testcase>
  <testcase name="runScenario[&quot;Validate user can navigate to basic opertaions in lists&quot;, &quot;Array detail page&quot;](12)" classname="TestRunners.TestRunner" time="2.195">
    <system-out><![CDATA[
Scenario: Error message displayed for invalid code on try Editor for Basic operations in lists &amp#27;[90m# src/test/resources/Features/ArrayDetailsPage.feature:70&amp#27;[0m
  &amp#27;[32mGiven &amp#27;[0m&amp#27;[32mThe user is on the array details page&amp#27;[0m                     &amp#27;[90m# StepDefinitions.ArrayStepDefintions.the_user_is_on_the_array_details_page()&amp#27;[0m
  &amp#27;[32mWhen &amp#27;[0m&amp#27;[32mThe user click on basic operations in lists&amp#27;[0m                &amp#27;[90m# StepDefinitions.ArrayStepDefintions.the_user_click_on_basic_operations_in_lists()&amp#27;[0m
  &amp#27;[32mThen &amp#27;[0m&amp#27;[32mthe user is navigated to basic opertaions in lists&amp#27;[0m         &amp#27;[90m# StepDefinitions.ArrayStepDefintions.the_user_is_navigated_to_basic_opertaions_in_lists()&amp#27;[0m
[INFO ] 2024-12-17 09:44:24.486 [TestNG-PoolService-3] Hooks - ======================  Test Execution is completed!! ======================
  &amp#27;[32mGiven &amp#27;[0m&amp#27;[32mThe user is on the DS Introduction page as signedIn&amp#27;[0m                   &amp#27;[90m# StepDefinitions.DSIntroductionDetails.the_user_is_on_the_ds_introduction_page_as_signed_in()&amp#27;[0m
  &amp#27;[32mWhen &amp#27;[0m&amp#27;[32mThe user clicks on Get Started link for array&amp#27;[0m                          &amp#27;[90m# StepDefinitions.ArrayStepDefintions.the_user_clicks_on_get_started_link_for_array()&amp#27;[0m
]]></system-out>
    <system-err><![CDATA[Dec 17, 2024 9:44:25 AM org.openqa.selenium.devtools.CdpVersionFinder findNearestMatch
WARNING: Unable to find an exact match for CDP version 131, returning the closest version; found: 130; Please update to a Selenium version that supports CDP version 131
]]></system-err>
  </testcase>
  <testcase name="runScenario[&quot;Validate user can navigate to basic opertaions in lists&quot;, &quot;Array detail page&quot;](12)" classname="TestRunners.TestRunner" time="4.474">
    <system-out><![CDATA[
Scenario: Error message displayed for invalid code on try Editor for Basic operations in lists &amp#27;[90m# src/test/resources/Features/ArrayDetailsPage.feature:70&amp#27;[0m
  &amp#27;[32mGiven &amp#27;[0m&amp#27;[32mThe user is on the DS Introduction page as signedIn&amp#27;[0m       &amp#27;[90m# StepDefinitions.DSIntroductionDetails.the_user_is_on_the_ds_introduction_page_as_signed_in()&amp#27;[0m
  &amp#27;[32mWhen &amp#27;[0m&amp#27;[32mThe user clicks on Get Started link for array&amp#27;[0m              &amp#27;[90m# StepDefinitions.ArrayStepDefintions.the_user_clicks_on_get_started_link_for_array()&amp#27;[0m
  &amp#27;[32mGiven &amp#27;[0m&amp#27;[32mThe user is on the array details page&amp#27;[0m                     &amp#27;[90m# StepDefinitions.ArrayStepDefintions.the_user_is_on_the_array_details_page()&amp#27;[0m
  &amp#27;[32mWhen &amp#27;[0m&amp#27;[32mThe user click on basic operations in lists&amp#27;[0m                &amp#27;[90m# StepDefinitions.ArrayStepDefintions.the_user_click_on_basic_operations_in_lists()&amp#27;[0m
  &amp#27;[32mThen &amp#27;[0m&amp#27;[32mthe user is navigated to basic opertaions in lists&amp#27;[0m         &amp#27;[90m# StepDefinitions.ArrayStepDefintions.the_user_is_navigated_to_basic_opertaions_in_lists()&amp#27;[0m
[INFO ] 2024-12-17 09:55:24.723 [TestNG-PoolService-3] Hooks - ======================  Test Execution is completed!! ======================
]]></system-out>
  </testcase>
  <testcase name="runScenario[&quot;Validate user can Try here link page from Basic operations in lists&quot;, &quot;Array detail page&quot;](13)" classname="TestRunners.TestRunner" time="2.436">
    <system-out><![CDATA[
Scenario: No error message displayed for empty code on try editor for basic operations in lists &amp#27;[90m# src/test/resources/Features/ArrayDetailsPage.feature:75&amp#27;[0m
  &amp#27;[32mGiven &amp#27;[0m&amp#27;[32mThe user is on the Basic operations in lists&amp#27;[0m                          &amp#27;[90m# StepDefinitions.ArrayStepDefintions.the_user_is_on_the_basic_operations_in_lists()&amp#27;[0m
  &amp#27;[32mWhen &amp#27;[0m&amp#27;[32mUser clicks Try here link&amp#27;[0m                                              &amp#27;[90m# StepDefinitions.DSIntroductionDetails.user_clicks_try_here_link()&amp#27;[0m
  &amp#27;[32mThen &amp#27;[0m&amp#27;[32mUser should navigate to tryEditor page&amp#27;[0m                                 &amp#27;[90m# StepDefinitions.DSIntroductionDetails.user_should_navigate_to_try_editor_page()&amp#27;[0m
[INFO ] 2024-12-17 09:44:27.796 [TestNG-PoolService-1] Hooks - ======================  Test Execution is completed!! ======================
]]></system-out>
    <system-err><![CDATA[Dec 17, 2024 9:44:27 AM org.openqa.selenium.devtools.CdpVersionFinder findNearestMatch
WARNING: Unable to find an exact match for CDP version 131, returning the closest version; found: 130; Please update to a Selenium version that supports CDP version 131
]]></system-err>
  </testcase>
  <testcase name="runScenario[&quot;Validate user can Try here link page from Basic operations in lists&quot;, &quot;Array detail page&quot;](13)" classname="TestRunners.TestRunner" time="4.508">
    <system-out><![CDATA[
Scenario: No error message displayed for empty code on try editor for basic operations in lists &amp#27;[90m# src/test/resources/Features/ArrayDetailsPage.feature:75&amp#27;[0m
  &amp#27;[32mGiven &amp#27;[0m&amp#27;[32mThe user is on the DS Introduction page as signedIn&amp#27;[0m                   &amp#27;[90m# StepDefinitions.DSIntroductionDetails.the_user_is_on_the_ds_introduction_page_as_signed_in()&amp#27;[0m
  &amp#27;[32mWhen &amp#27;[0m&amp#27;[32mThe user clicks on Get Started link for array&amp#27;[0m                          &amp#27;[90m# StepDefinitions.ArrayStepDefintions.the_user_clicks_on_get_started_link_for_array()&amp#27;[0m
  &amp#27;[32mGiven &amp#27;[0m&amp#27;[32mThe user is on the Basic operations in lists&amp#27;[0m                          &amp#27;[90m# StepDefinitions.ArrayStepDefintions.the_user_is_on_the_basic_operations_in_lists()&amp#27;[0m
  &amp#27;[32mWhen &amp#27;[0m&amp#27;[32mUser clicks Try here link&amp#27;[0m                                              &amp#27;[90m# StepDefinitions.DSIntroductionDetails.user_clicks_try_here_link()&amp#27;[0m
  &amp#27;[32mThen &amp#27;[0m&amp#27;[32mUser should navigate to tryEditor page&amp#27;[0m                                 &amp#27;[90m# StepDefinitions.DSIntroductionDetails.user_should_navigate_to_try_editor_page()&amp#27;[0m
[INFO ] 2024-12-17 09:55:29.027 [TestNG-PoolService-2] Hooks - ======================  Test Execution is completed!! ======================
]]></system-out>
  </testcase>
  <testcase name="runScenario[&quot;Validate user can Try here link page from Basic operations in lists&quot;, &quot;Array detail page&quot;](13)" classname="TestRunners.TestRunner" time="9.025">
    <system-out><![CDATA[
Scenario: No error message displayed for empty code on try editor for basic operations in lists &amp#27;[90m# src/test/resources/Features/ArrayDetailsPage.feature:75&amp#27;[0m
  &amp#27;[32mGiven &amp#27;[0m&amp#27;[32mThe user is on the DS Introduction page as signedIn&amp#27;[0m                   &amp#27;[90m# StepDefinitions.DSIntroductionDetails.the_user_is_on_the_ds_introduction_page_as_signed_in()&amp#27;[0m
  &amp#27;[32mWhen &amp#27;[0m&amp#27;[32mThe user clicks on Get Started link for array&amp#27;[0m                          &amp#27;[90m# StepDefinitions.ArrayStepDefintions.the_user_clicks_on_get_started_link_for_array()&amp#27;[0m
  &amp#27;[32mGiven &amp#27;[0m&amp#27;[32mThe user is on the DS Introduction page as signedIn&amp#27;[0m                                    &amp#27;[90m# StepDefinitions.DSIntroductionDetails.the_user_is_on_the_ds_introduction_page_as_signed_in()&amp#27;[0m
  &amp#27;[32mGiven &amp#27;[0m&amp#27;[32mThe user is on the Basic operations in lists&amp#27;[0m                          &amp#27;[90m# StepDefinitions.ArrayStepDefintions.the_user_is_on_the_basic_operations_in_lists()&amp#27;[0m
  &amp#27;[32mGiven &amp#27;[0m&amp#27;[32mThe user is on the DS Introduction page as signedIn&amp#27;[0m                                     &amp#27;[90m# StepDefinitions.DSIntroductionDetails.the_user_is_on_the_ds_introduction_page_as_signed_in()&amp#27;[0m
  &amp#27;[32mWhen &amp#27;[0m&amp#27;[32mThe user clicks on Get Started link for array&amp#27;[0m                                           &amp#27;[90m# StepDefinitions.ArrayStepDefintions.the_user_clicks_on_get_started_link_for_array()&amp#27;[0m
  &amp#27;[32mWhen &amp#27;[0m&amp#27;[32mThe user clicks on Get Started link for array&amp#27;[0m                                            &amp#27;[90m# StepDefinitions.ArrayStepDefintions.the_user_clicks_on_get_started_link_for_array()&amp#27;[0m
  &amp#27;[32mGiven &amp#27;[0m&amp#27;[32mThe user is on the Basic operations in lists&amp#27;[0m                                           &amp#27;[90m# StepDefinitions.ArrayStepDefintions.the_user_is_on_the_basic_operations_in_lists()&amp#27;[0m
  &amp#27;[32mWhen &amp#27;[0m&amp#27;[32mUser clicks Try here link&amp#27;[0m                                              &amp#27;[90m# StepDefinitions.DSIntroductionDetails.user_clicks_try_here_link()&amp#27;[0m
  &amp#27;[32mGiven &amp#27;[0m&amp#27;[32mThe user is on the Basic operations in lists&amp#27;[0m                                            &amp#27;[90m# StepDefinitions.ArrayStepDefintions.the_user_is_on_the_basic_operations_in_lists()&amp#27;[0m
  &amp#27;[32mThen &amp#27;[0m&amp#27;[32mUser should navigate to tryEditor page&amp#27;[0m                                 &amp#27;[90m# StepDefinitions.DSIntroductionDetails.user_should_navigate_to_try_editor_page()&amp#27;[0m
[INFO ] 2024-12-17 10:12:22.845 [TestNG-PoolService-1] Hooks - ======================  Test Execution is completed!! ======================
  &amp#27;[32mWhen &amp#27;[0m&amp#27;[32mUser clicks on run button with empty code&amp#27;[0m                                                &amp#27;[90m# StepDefinitions.DSIntroductionDetails.user_clicks_on_run_button_with_empty_code()&amp#27;[0m
  &amp#27;[32mThen &amp#27;[0m&amp#27;[32mThe user should not see any error message or alert&amp#27;[0m                                       &amp#27;[90m# StepDefinitions.DSIntroductionDetails.the_user_should_not_see_any_error_message_or_alert()&amp#27;[0m
[INFO ] 2024-12-17 10:12:24.049 [TestNG-PoolService-2] Hooks - ======================  Test Execution is completed!! ======================
  &amp#27;[32mWhen &amp#27;[0m&amp#27;[32mUser writes invalid code and clicks run button&amp#27;[0m                                          &amp#27;[90m# StepDefinitions.DSIntroductionDetails.user_writes_invalid_code_and_clicks_run_button()&amp#27;[0m
  &amp#27;[32mThen &amp#27;[0m&amp#27;[32mThe user should able to see an error message in alert window&amp#27;[0m                            &amp#27;[90m# StepDefinitions.DSIntroductionDetails.the_user_should_able_to_see_an_error_message_in_alert_window()&amp#27;[0m
[INFO ] 2024-12-17 10:12:24.145 [TestNG-PoolService-3] Hooks - ======================  Test Execution is completed!! ======================
]]></system-out>
    <system-err><![CDATA[Dec 17, 2024 10:12:17 AM org.openqa.selenium.devtools.CdpVersionFinder findNearestMatch
WARNING: Unable to find an exact match for CDP version 131, returning the closest version; found: 130; Please update to a Selenium version that supports CDP version 131
Dec 17, 2024 10:12:18 AM org.openqa.selenium.devtools.CdpVersionFinder findNearestMatch
WARNING: Unable to find an exact match for CDP version 131, returning the closest version; found: 130; Please update to a Selenium version that supports CDP version 131
Dec 17, 2024 10:12:18 AM org.openqa.selenium.devtools.CdpVersionFinder findNearestMatch
WARNING: Unable to find an exact match for CDP version 131, returning the closest version; found: 130; Please update to a Selenium version that supports CDP version 131
]]></system-err>
  </testcase>
  <testcase name="runScenario[&quot;Error message displayed for invalid code on try Editor for Basic operations in lists&quot;, &quot;Array detail page&quot;](14)" classname="TestRunners.TestRunner" time="2.579">
    <failure message="element not interactable&#10;  (Session info: chrome=131.0.6778.140)&#10;Build info: version: &apos;4.26.0&apos;, revision: &apos;8ccf0219d7&apos;&#10;System info: os.name: &apos;Windows 11&apos;, os.arch: &apos;amd64&apos;, os.version: &apos;10.0&apos;, java.version: &apos;21.0.5&apos;&#10;Driver info: org.openqa.selenium.chrome.ChromeDriver&#10;Command: [79d00bb693e73327fbd5f07ec4f314d4, sendKeysToElement {id=f.962E92A42DD46AA11563613BF90EEB35.d.1F11A4D81ADDA5865127DF534E7AB237.e.50, value=[Ljava.lang.CharSequence;@3ee82c53}]&#10;Capabilities {acceptInsecureCerts: false, browserName: chrome, browserVersion: 131.0.6778.140, chrome: {chromedriverVersion: 131.0.6778.108 (3b014839fbc..., userDataDir: C:\Users\vamsh\AppData\Loca...}, fedcm:accounts: true, goog:chromeOptions: {debuggerAddress: localhost:62522}, networkConnectionEnabled: false, pageLoadStrategy: normal, platformName: windows, proxy: Proxy(), se:cdp: ws://localhost:62522/devtoo..., se:cdpVersion: 131.0.6778.140, setWindowRect: true, strictFileInteractability: false, timeouts: {implicit: 0, pageLoad: 300000, script: 30000}, unhandledPromptBehavior: dismiss and notify, webauthn:extension:credBlob: true, webauthn:extension:largeBlob: true, webauthn:extension:minPinLength: true, webauthn:extension:prf: true, webauthn:virtualAuthenticators: true}&#10;Element: [[ChromeDriver: chrome on windows (79d00bb693e73327fbd5f07ec4f314d4)] -&gt; css selector: .CodeMirror textarea]&#10;Session ID: 79d00bb693e73327fbd5f07ec4f314d4" type="org.openqa.selenium.ElementNotInteractableException"><![CDATA[org.openqa.selenium.ElementNotInteractableException: 
element not interactable
  (Session info: chrome=131.0.6778.140)
Build info: version: '4.26.0', revision: '8ccf0219d7'
System info: os.name: 'Windows 11', os.arch: 'amd64', os.version: '10.0', java.version: '21.0.5'
Driver info: org.openqa.selenium.chrome.ChromeDriver
Command: [79d00bb693e73327fbd5f07ec4f314d4, sendKeysToElement {id=f.962E92A42DD46AA11563613BF90EEB35.d.1F11A4D81ADDA5865127DF534E7AB237.e.50, value=[Ljava.lang.CharSequence;@3ee82c53}]
Capabilities {acceptInsecureCerts: false, browserName: chrome, browserVersion: 131.0.6778.140, chrome: {chromedriverVersion: 131.0.6778.108 (3b014839fbc..., userDataDir: C:\Users\vamsh\AppData\Loca...}, fedcm:accounts: true, goog:chromeOptions: {debuggerAddress: localhost:62522}, networkConnectionEnabled: false, pageLoadStrategy: normal, platformName: windows, proxy: Proxy(), se:cdp: ws://localhost:62522/devtoo..., se:cdpVersion: 131.0.6778.140, setWindowRect: true, strictFileInteractability: false, timeouts: {implicit: 0, pageLoad: 300000, script: 30000}, unhandledPromptBehavior: dismiss and notify, webauthn:extension:credBlob: true, webauthn:extension:largeBlob: true, webauthn:extension:minPinLength: true, webauthn:extension:prf: true, webauthn:virtualAuthenticators: true}
Element: [[ChromeDriver: chrome on windows (79d00bb693e73327fbd5f07ec4f314d4)] -> css selector: .CodeMirror textarea]
Session ID: 79d00bb693e73327fbd5f07ec4f314d4
]]></failure>
    <system-out><![CDATA[
Scenario: Valid code on try editor for basic operations in lists runs successfully &amp#27;[90m# src/test/resources/Features/ArrayDetailsPage.feature:80&amp#27;[0m
  &amp#27;[32mGiven &amp#27;[0m&amp#27;[32mThe user is on the DS Introduction page as signedIn&amp#27;[0m                                    &amp#27;[90m# StepDefinitions.DSIntroductionDetails.the_user_is_on_the_ds_introduction_page_as_signed_in()&amp#27;[0m
  &amp#27;[32mWhen &amp#27;[0m&amp#27;[32mThe user clicks on Get Started link for array&amp#27;[0m                                           &amp#27;[90m# StepDefinitions.ArrayStepDefintions.the_user_clicks_on_get_started_link_for_array()&amp#27;[0m
  &amp#27;[32mGiven &amp#27;[0m&amp#27;[32mThe user is on the Basic operations in lists&amp#27;[0m                                           &amp#27;[90m# StepDefinitions.ArrayStepDefintions.the_user_is_on_the_basic_operations_in_lists()&amp#27;[0m
  &amp#27;[31mWhen &amp#27;[0m&amp#27;[31mUser writes invalid code and clicks run button&amp#27;[0m                                          &amp#27;[90m# StepDefinitions.DSIntroductionDetails.user_writes_invalid_code_and_clicks_run_button()&amp#27;[0m
      &amp#27;[31morg.openqa.selenium.ElementNotInteractableException: element not interactable
  (Session info: chrome=131.0.6778.140)
Build info: version: '4.26.0', revision: '8ccf0219d7'
System info: os.name: 'Windows 11', os.arch: 'amd64', os.version: '10.0', java.version: '21.0.5'
Driver info: org.openqa.selenium.chrome.ChromeDriver
Command: [79d00bb693e73327fbd5f07ec4f314d4, sendKeysToElement {id=f.962E92A42DD46AA11563613BF90EEB35.d.1F11A4D81ADDA5865127DF534E7AB237.e.50, value=[Ljava.lang.CharSequence;@3ee82c53}]
Capabilities {acceptInsecureCerts: false, browserName: chrome, browserVersion: 131.0.6778.140, chrome: {chromedriverVersion: 131.0.6778.108 (3b014839fbc..., userDataDir: C:\Users\vamsh\AppData\Loca...}, fedcm:accounts: true, goog:chromeOptions: {debuggerAddress: localhost:62522}, networkConnectionEnabled: false, pageLoadStrategy: normal, platformName: windows, proxy: Proxy(), se:cdp: ws://localhost:62522/devtoo..., se:cdpVersion: 131.0.6778.140, setWindowRect: true, strictFileInteractability: false, timeouts: {implicit: 0, pageLoad: 300000, script: 30000}, unhandledPromptBehavior: dismiss and notify, webauthn:extension:credBlob: true, webauthn:extension:largeBlob: true, webauthn:extension:minPinLength: true, webauthn:extension:prf: true, webauthn:virtualAuthenticators: true}
Element: [[ChromeDriver: chrome on windows (79d00bb693e73327fbd5f07ec4f314d4)] -> css selector: .CodeMirror textarea]
Session ID: 79d00bb693e73327fbd5f07ec4f314d4
	at java.base/jdk.internal.reflect.DirectConstructorHandleAccessor.newInstance(DirectConstructorHandleAccessor.java:62)
	at java.base/java.lang.reflect.Constructor.newInstanceWithCaller(Constructor.java:502)
	at java.base/java.lang.reflect.Constructor.newInstance(Constructor.java:486)
	at org.openqa.selenium.remote.ErrorCodec.decode(ErrorCodec.java:167)
	at org.openqa.selenium.remote.codec.w3c.W3CHttpResponseCodec.decode(W3CHttpResponseCodec.java:138)
	at org.openqa.selenium.remote.codec.w3c.W3CHttpResponseCodec.decode(W3CHttpResponseCodec.java:50)
	at org.openqa.selenium.remote.HttpCommandExecutor.execute(HttpCommandExecutor.java:190)
	at org.openqa.selenium.remote.service.DriverCommandExecutor.invokeExecute(DriverCommandExecutor.java:216)
	at org.openqa.selenium.remote.service.DriverCommandExecutor.execute(DriverCommandExecutor.java:174)
	at org.openqa.selenium.remote.RemoteWebDriver.execute(RemoteWebDriver.java:545)
	at org.openqa.selenium.remote.RemoteWebElement.execute(RemoteWebElement.java:223)
	at org.openqa.selenium.remote.RemoteWebElement.sendKeys(RemoteWebElement.java:110)
	at PageObjects.IntroductionPage.enterCodeInEditor(IntroductionPage.java:82)
	at StepDefinitions.DSIntroductionDetails.user_writes_invalid_code_and_clicks_run_button(DSIntroductionDetails.java:184)
	at ✽.User writes invalid code and clicks run button(file:///C:/Projects/newFolder-3/Repo1/src/test/resources/Features/ArrayDetailsPage.feature:72)
&amp#27;[0m
  &amp#27;[36mThen &amp#27;[0m&amp#27;[36mThe user should able to see an error message in alert window&amp#27;[0m                            &amp#27;[90m# StepDefinitions.DSIntroductionDetails.the_user_should_able_to_see_an_error_message_in_alert_window()&amp#27;[0m
[ERROR] 2024-12-17 09:44:30.611 [TestNG-PoolService-2] Hooks - ======================  TEST CASE FAILED !! ======================
  &amp#27;[32mGiven &amp#27;[0m&amp#27;[32mThe user is on the DS Introduction page as signedIn&amp#27;[0m                                     &amp#27;[90m# StepDefinitions.DSIntroductionDetails.the_user_is_on_the_ds_introduction_page_as_signed_in()&amp#27;[0m

    Embedding screenshot [image/png 7853 bytes]

[INFO ] 2024-12-17 09:44:30.776 [TestNG-PoolService-2] Hooks - ======================  Screenshot is captured  ======================
[INFO ] 2024-12-17 09:44:30.785 [TestNG-PoolService-2] Hooks - ======================  Test Execution is completed!! ======================
]]></system-out>
    <system-err><![CDATA[Dec 17, 2024 9:44:29 AM org.openqa.selenium.devtools.CdpVersionFinder findNearestMatch
WARNING: Unable to find an exact match for CDP version 131, returning the closest version; found: 130; Please update to a Selenium version that supports CDP version 131
]]></system-err>
  </testcase>
  <testcase name="runScenario[&quot;Error message displayed for invalid code on try Editor for Basic operations in lists&quot;, &quot;Array detail page&quot;](14)" classname="TestRunners.TestRunner" time="4.387">
    <failure message="Build info: version: &apos;4.26.0&apos;, revision: &apos;8ccf0219d7&apos;&#10;System info: os.name: &apos;Windows 11&apos;, os.arch: &apos;amd64&apos;, os.version: &apos;10.0&apos;, java.version: &apos;21.0.5&apos;&#10;Driver info: org.openqa.selenium.firefox.FirefoxDriver&#10;Command: [fa0bfbff-da0a-4873-a7bb-ec3136d05ecb, getAlertText {}]&#10;Capabilities {acceptInsecureCerts: true, browserName: firefox, browserVersion: 133.0.3, moz:accessibilityChecks: false, moz:buildID: 20241209150345, moz:debuggerAddress: 127.0.0.1:23959, moz:geckodriverVersion: 0.35.0, moz:headless: false, moz:platformVersion: 10.0, moz:processID: 37148, moz:profile: C:\Users\vamsh\AppData\Loca..., moz:shutdownTimeout: 60000, moz:webdriverClick: true, moz:windowless: false, pageLoadStrategy: normal, platformName: windows, proxy: Proxy(), se:cdp: ws://127.0.0.1:23959/devtoo..., se:cdpVersion: 85.0, setWindowRect: true, strictFileInteractability: false, timeouts: {implicit: 0, pageLoad: 300000, script: 30000}, unhandledPromptBehavior: dismiss and notify, userAgent: Mozilla/5.0 (Windows NT 10....}&#10;Session ID: fa0bfbff-da0a-4873-a7bb-ec3136d05ecb" type="org.openqa.selenium.NoAlertPresentException"><![CDATA[org.openqa.selenium.NoAlertPresentException: 
Build info: version: '4.26.0', revision: '8ccf0219d7'
System info: os.name: 'Windows 11', os.arch: 'amd64', os.version: '10.0', java.version: '21.0.5'
Driver info: org.openqa.selenium.firefox.FirefoxDriver
Command: [fa0bfbff-da0a-4873-a7bb-ec3136d05ecb, getAlertText {}]
Capabilities {acceptInsecureCerts: true, browserName: firefox, browserVersion: 133.0.3, moz:accessibilityChecks: false, moz:buildID: 20241209150345, moz:debuggerAddress: 127.0.0.1:23959, moz:geckodriverVersion: 0.35.0, moz:headless: false, moz:platformVersion: 10.0, moz:processID: 37148, moz:profile: C:\Users\vamsh\AppData\Loca..., moz:shutdownTimeout: 60000, moz:webdriverClick: true, moz:windowless: false, pageLoadStrategy: normal, platformName: windows, proxy: Proxy(), se:cdp: ws://127.0.0.1:23959/devtoo..., se:cdpVersion: 85.0, setWindowRect: true, strictFileInteractability: false, timeouts: {implicit: 0, pageLoad: 300000, script: 30000}, unhandledPromptBehavior: dismiss and notify, userAgent: Mozilla/5.0 (Windows NT 10....}
Session ID: fa0bfbff-da0a-4873-a7bb-ec3136d05ecb
]]></failure>
    <system-out><![CDATA[
Scenario: Valid code on try editor for basic operations in lists runs successfully &amp#27;[90m# src/test/resources/Features/ArrayDetailsPage.feature:80&amp#27;[0m
  &amp#27;[32mGiven &amp#27;[0m&amp#27;[32mThe user is on the DS Introduction page as signedIn&amp#27;[0m                                    &amp#27;[90m# StepDefinitions.DSIntroductionDetails.the_user_is_on_the_ds_introduction_page_as_signed_in()&amp#27;[0m
  &amp#27;[32mWhen &amp#27;[0m&amp#27;[32mThe user clicks on Get Started link for array&amp#27;[0m                                           &amp#27;[90m# StepDefinitions.ArrayStepDefintions.the_user_clicks_on_get_started_link_for_array()&amp#27;[0m
  &amp#27;[32mGiven &amp#27;[0m&amp#27;[32mThe user is on the Basic operations in lists&amp#27;[0m                                           &amp#27;[90m# StepDefinitions.ArrayStepDefintions.the_user_is_on_the_basic_operations_in_lists()&amp#27;[0m
  &amp#27;[32mWhen &amp#27;[0m&amp#27;[32mUser writes invalid code and clicks run button&amp#27;[0m                                          &amp#27;[90m# StepDefinitions.DSIntroductionDetails.user_writes_invalid_code_and_clicks_run_button()&amp#27;[0m
  &amp#27;[31mThen &amp#27;[0m&amp#27;[31mThe user should able to see an error message in alert window&amp#27;[0m                            &amp#27;[90m# StepDefinitions.DSIntroductionDetails.the_user_should_able_to_see_an_error_message_in_alert_window()&amp#27;[0m
      &amp#27;[31morg.openqa.selenium.NoAlertPresentException: Build info: version: '4.26.0', revision: '8ccf0219d7'
System info: os.name: 'Windows 11', os.arch: 'amd64', os.version: '10.0', java.version: '21.0.5'
Driver info: org.openqa.selenium.firefox.FirefoxDriver
Command: [fa0bfbff-da0a-4873-a7bb-ec3136d05ecb, getAlertText {}]
Capabilities {acceptInsecureCerts: true, browserName: firefox, browserVersion: 133.0.3, moz:accessibilityChecks: false, moz:buildID: 20241209150345, moz:debuggerAddress: 127.0.0.1:23959, moz:geckodriverVersion: 0.35.0, moz:headless: false, moz:platformVersion: 10.0, moz:processID: 37148, moz:profile: C:\Users\vamsh\AppData\Loca..., moz:shutdownTimeout: 60000, moz:webdriverClick: true, moz:windowless: false, pageLoadStrategy: normal, platformName: windows, proxy: Proxy(), se:cdp: ws://127.0.0.1:23959/devtoo..., se:cdpVersion: 85.0, setWindowRect: true, strictFileInteractability: false, timeouts: {implicit: 0, pageLoad: 300000, script: 30000}, unhandledPromptBehavior: dismiss and notify, userAgent: Mozilla/5.0 (Windows NT 10....}
Session ID: fa0bfbff-da0a-4873-a7bb-ec3136d05ecb
	at java.base/jdk.internal.reflect.DirectConstructorHandleAccessor.newInstance(DirectConstructorHandleAccessor.java:62)
	at java.base/java.lang.reflect.Constructor.newInstanceWithCaller(Constructor.java:502)
	at java.base/java.lang.reflect.Constructor.newInstance(Constructor.java:486)
	at org.openqa.selenium.remote.ErrorCodec.decode(ErrorCodec.java:167)
	at org.openqa.selenium.remote.codec.w3c.W3CHttpResponseCodec.decode(W3CHttpResponseCodec.java:138)
	at org.openqa.selenium.remote.codec.w3c.W3CHttpResponseCodec.decode(W3CHttpResponseCodec.java:50)
	at org.openqa.selenium.remote.HttpCommandExecutor.execute(HttpCommandExecutor.java:190)
	at org.openqa.selenium.remote.service.DriverCommandExecutor.invokeExecute(DriverCommandExecutor.java:216)
	at org.openqa.selenium.remote.service.DriverCommandExecutor.execute(DriverCommandExecutor.java:174)
	at org.openqa.selenium.remote.RemoteWebDriver.execute(RemoteWebDriver.java:545)
	at org.openqa.selenium.remote.RemoteWebDriver.execute(RemoteWebDriver.java:618)
	at org.openqa.selenium.remote.RemoteWebDriver.execute(RemoteWebDriver.java:622)
	at org.openqa.selenium.remote.RemoteWebDriver$RemoteTargetLocator.alert(RemoteWebDriver.java:1190)
	at PageObjects.IntroductionPage.getAlertText(IntroductionPage.java:134)
	at StepDefinitions.DSIntroductionDetails.the_user_should_able_to_see_an_error_message_in_alert_window(DSIntroductionDetails.java:203)
	at ✽.The user should able to see an error message in alert window(file:///C:/Projects/newFolder-3/Repo1/src/test/resources/Features/ArrayDetailsPage.feature:73)
&amp#27;[0m
[ERROR] 2024-12-17 09:55:33.215 [TestNG-PoolService-1] Hooks - ======================  TEST CASE FAILED !! ======================

    Embedding screenshot [image/png 37860 bytes]

[INFO ] 2024-12-17 09:55:33.317 [TestNG-PoolService-1] Hooks - ======================  Screenshot is captured  ======================
[INFO ] 2024-12-17 09:55:33.320 [TestNG-PoolService-1] Hooks - ======================  Test Execution is completed!! ======================
]]></system-out>
  </testcase>
  <testcase name="runScenario[&quot;Error message displayed for invalid code on try Editor for Basic operations in lists&quot;, &quot;Array detail page&quot;](14)" classname="TestRunners.TestRunner" time="1.167">
    <system-out><![CDATA[
Scenario: Valid code on try editor for basic operations in lists runs successfully &amp#27;[90m# src/test/resources/Features/ArrayDetailsPage.feature:80&amp#27;[0m
]]></system-out>
  </testcase>
  <testcase name="runScenario[&quot;No error message displayed for empty code on try editor for basic operations in lists&quot;, &quot;Array detail page&quot;](15)" classname="TestRunners.TestRunner" time="2.41">
    <system-out><![CDATA[
Scenario: Validate user can navigate to applications of array &amp#27;[90m# src/test/resources/Features/ArrayDetailsPage.feature:85&amp#27;[0m
  &amp#27;[32mWhen &amp#27;[0m&amp#27;[32mThe user clicks on Get Started link for array&amp#27;[0m                                            &amp#27;[90m# StepDefinitions.ArrayStepDefintions.the_user_clicks_on_get_started_link_for_array()&amp#27;[0m
  &amp#27;[32mGiven &amp#27;[0m&amp#27;[32mThe user is on the Basic operations in lists&amp#27;[0m                                            &amp#27;[90m# StepDefinitions.ArrayStepDefintions.the_user_is_on_the_basic_operations_in_lists()&amp#27;[0m
  &amp#27;[32mGiven &amp#27;[0m&amp#27;[32mThe user is on the DS Introduction page as signedIn&amp#27;[0m                        &amp#27;[90m# StepDefinitions.DSIntroductionDetails.the_user_is_on_the_ds_introduction_page_as_signed_in()&amp#27;[0m
  &amp#27;[32mWhen &amp#27;[0m&amp#27;[32mUser clicks on run button with empty code&amp#27;[0m                                                &amp#27;[90m# StepDefinitions.DSIntroductionDetails.user_clicks_on_run_button_with_empty_code()&amp#27;[0m
  &amp#27;[32mThen &amp#27;[0m&amp#27;[32mThe user should not see any error message or alert&amp#27;[0m                                       &amp#27;[90m# StepDefinitions.DSIntroductionDetails.the_user_should_not_see_any_error_message_or_alert()&amp#27;[0m
[INFO ] 2024-12-17 09:44:32.933 [TestNG-PoolService-3] Hooks - ======================  Test Execution is completed!! ======================
  &amp#27;[32mWhen &amp#27;[0m&amp#27;[32mThe user clicks on Get Started link for array&amp#27;[0m                               &amp#27;[90m# StepDefinitions.ArrayStepDefintions.the_user_clicks_on_get_started_link_for_array()&amp#27;[0m
]]></system-out>
    <system-err><![CDATA[Dec 17, 2024 9:44:32 AM org.openqa.selenium.devtools.CdpVersionFinder findNearestMatch
WARNING: Unable to find an exact match for CDP version 131, returning the closest version; found: 130; Please update to a Selenium version that supports CDP version 131
]]></system-err>
  </testcase>
  <testcase name="runScenario[&quot;No error message displayed for empty code on try editor for basic operations in lists&quot;, &quot;Array detail page&quot;](15)" classname="TestRunners.TestRunner" time="4.289">
    <system-out><![CDATA[
Scenario: Validate user can navigate to applications of array &amp#27;[90m# src/test/resources/Features/ArrayDetailsPage.feature:85&amp#27;[0m
  &amp#27;[32mGiven &amp#27;[0m&amp#27;[32mThe user is on the DS Introduction page as signedIn&amp#27;[0m                                     &amp#27;[90m# StepDefinitions.DSIntroductionDetails.the_user_is_on_the_ds_introduction_page_as_signed_in()&amp#27;[0m
  &amp#27;[32mWhen &amp#27;[0m&amp#27;[32mThe user clicks on Get Started link for array&amp#27;[0m                                            &amp#27;[90m# StepDefinitions.ArrayStepDefintions.the_user_clicks_on_get_started_link_for_array()&amp#27;[0m
  &amp#27;[32mGiven &amp#27;[0m&amp#27;[32mThe user is on the Basic operations in lists&amp#27;[0m                                            &amp#27;[90m# StepDefinitions.ArrayStepDefintions.the_user_is_on_the_basic_operations_in_lists()&amp#27;[0m
  &amp#27;[32mWhen &amp#27;[0m&amp#27;[32mUser clicks on run button with empty code&amp#27;[0m                                                &amp#27;[90m# StepDefinitions.DSIntroductionDetails.user_clicks_on_run_button_with_empty_code()&amp#27;[0m
  &amp#27;[32mThen &amp#27;[0m&amp#27;[32mThe user should not see any error message or alert&amp#27;[0m                                       &amp#27;[90m# StepDefinitions.DSIntroductionDetails.the_user_should_not_see_any_error_message_or_alert()&amp#27;[0m
[INFO ] 2024-12-17 09:55:37.817 [TestNG-PoolService-3] Hooks - ======================  Test Execution is completed!! ======================
]]></system-out>
  </testcase>
  <testcase name="runScenario[&quot;No error message displayed for empty code on try editor for basic operations in lists&quot;, &quot;Array detail page&quot;](15)" classname="TestRunners.TestRunner" time="0.097">
    <system-out><![CDATA[
Scenario: Validate user can navigate to applications of array &amp#27;[90m# src/test/resources/Features/ArrayDetailsPage.feature:85&amp#27;[0m
]]></system-out>
  </testcase>
  <testcase name="runScenario[&quot;Valid code on try editor for basic operations in lists runs successfully&quot;, &quot;Array detail page&quot;](16)" classname="TestRunners.TestRunner" time="1.366">
    <failure message="element not interactable&#10;  (Session info: chrome=131.0.6778.140)&#10;Build info: version: &apos;4.26.0&apos;, revision: &apos;8ccf0219d7&apos;&#10;System info: os.name: &apos;Windows 11&apos;, os.arch: &apos;amd64&apos;, os.version: &apos;10.0&apos;, java.version: &apos;21.0.5&apos;&#10;Driver info: org.openqa.selenium.chrome.ChromeDriver&#10;Command: [8edc02c4379250d3dc14d35c28a9d32f, sendKeysToElement {id=f.E42E10CA8FDC1A694AB65E7A9F14FCC2.d.46B9E4F0D29FC6F6361ED6333B31D537.e.52, value=[Ljava.lang.CharSequence;@6b63451d}]&#10;Capabilities {acceptInsecureCerts: false, browserName: chrome, browserVersion: 131.0.6778.140, chrome: {chromedriverVersion: 131.0.6778.108 (3b014839fbc..., userDataDir: C:\Users\vamsh\AppData\Loca...}, fedcm:accounts: true, goog:chromeOptions: {debuggerAddress: localhost:62686}, networkConnectionEnabled: false, pageLoadStrategy: normal, platformName: windows, proxy: Proxy(), se:cdp: ws://localhost:62686/devtoo..., se:cdpVersion: 131.0.6778.140, setWindowRect: true, strictFileInteractability: false, timeouts: {implicit: 0, pageLoad: 300000, script: 30000}, unhandledPromptBehavior: dismiss and notify, webauthn:extension:credBlob: true, webauthn:extension:largeBlob: true, webauthn:extension:minPinLength: true, webauthn:extension:prf: true, webauthn:virtualAuthenticators: true}&#10;Element: [[ChromeDriver: chrome on windows (8edc02c4379250d3dc14d35c28a9d32f)] -&gt; css selector: .CodeMirror textarea]&#10;Session ID: 8edc02c4379250d3dc14d35c28a9d32f" type="org.openqa.selenium.ElementNotInteractableException"><![CDATA[org.openqa.selenium.ElementNotInteractableException: 
element not interactable
  (Session info: chrome=131.0.6778.140)
Build info: version: '4.26.0', revision: '8ccf0219d7'
System info: os.name: 'Windows 11', os.arch: 'amd64', os.version: '10.0', java.version: '21.0.5'
Driver info: org.openqa.selenium.chrome.ChromeDriver
Command: [8edc02c4379250d3dc14d35c28a9d32f, sendKeysToElement {id=f.E42E10CA8FDC1A694AB65E7A9F14FCC2.d.46B9E4F0D29FC6F6361ED6333B31D537.e.52, value=[Ljava.lang.CharSequence;@6b63451d}]
Capabilities {acceptInsecureCerts: false, browserName: chrome, browserVersion: 131.0.6778.140, chrome: {chromedriverVersion: 131.0.6778.108 (3b014839fbc..., userDataDir: C:\Users\vamsh\AppData\Loca...}, fedcm:accounts: true, goog:chromeOptions: {debuggerAddress: localhost:62686}, networkConnectionEnabled: false, pageLoadStrategy: normal, platformName: windows, proxy: Proxy(), se:cdp: ws://localhost:62686/devtoo..., se:cdpVersion: 131.0.6778.140, setWindowRect: true, strictFileInteractability: false, timeouts: {implicit: 0, pageLoad: 300000, script: 30000}, unhandledPromptBehavior: dismiss and notify, webauthn:extension:credBlob: true, webauthn:extension:largeBlob: true, webauthn:extension:minPinLength: true, webauthn:extension:prf: true, webauthn:virtualAuthenticators: true}
Element: [[ChromeDriver: chrome on windows (8edc02c4379250d3dc14d35c28a9d32f)] -> css selector: .CodeMirror textarea]
Session ID: 8edc02c4379250d3dc14d35c28a9d32f
]]></failure>
    <system-out><![CDATA[
Scenario: Validate user can Try here link page from applications of array &amp#27;[90m# src/test/resources/Features/ArrayDetailsPage.feature:90&amp#27;[0m
  &amp#27;[32mGiven &amp#27;[0m&amp#27;[32mThe user is on the Basic operations in lists&amp#27;[0m                               &amp#27;[90m# StepDefinitions.ArrayStepDefintions.the_user_is_on_the_basic_operations_in_lists()&amp#27;[0m
  &amp#27;[31mWhen &amp#27;[0m&amp#27;[31mUser writes valid code and clicks run button&amp#27;[0m                                &amp#27;[90m# StepDefinitions.DSIntroductionDetails.user_writes_valid_code_and_clicks_run_button()&amp#27;[0m
      &amp#27;[31morg.openqa.selenium.ElementNotInteractableException: element not interactable
  (Session info: chrome=131.0.6778.140)
Build info: version: '4.26.0', revision: '8ccf0219d7'
System info: os.name: 'Windows 11', os.arch: 'amd64', os.version: '10.0', java.version: '21.0.5'
Driver info: org.openqa.selenium.chrome.ChromeDriver
Command: [8edc02c4379250d3dc14d35c28a9d32f, sendKeysToElement {id=f.E42E10CA8FDC1A694AB65E7A9F14FCC2.d.46B9E4F0D29FC6F6361ED6333B31D537.e.52, value=[Ljava.lang.CharSequence;@6b63451d}]
Capabilities {acceptInsecureCerts: false, browserName: chrome, browserVersion: 131.0.6778.140, chrome: {chromedriverVersion: 131.0.6778.108 (3b014839fbc..., userDataDir: C:\Users\vamsh\AppData\Loca...}, fedcm:accounts: true, goog:chromeOptions: {debuggerAddress: localhost:62686}, networkConnectionEnabled: false, pageLoadStrategy: normal, platformName: windows, proxy: Proxy(), se:cdp: ws://localhost:62686/devtoo..., se:cdpVersion: 131.0.6778.140, setWindowRect: true, strictFileInteractability: false, timeouts: {implicit: 0, pageLoad: 300000, script: 30000}, unhandledPromptBehavior: dismiss and notify, webauthn:extension:credBlob: true, webauthn:extension:largeBlob: true, webauthn:extension:minPinLength: true, webauthn:extension:prf: true, webauthn:virtualAuthenticators: true}
Element: [[ChromeDriver: chrome on windows (8edc02c4379250d3dc14d35c28a9d32f)] -> css selector: .CodeMirror textarea]
Session ID: 8edc02c4379250d3dc14d35c28a9d32f
	at java.base/jdk.internal.reflect.DirectConstructorHandleAccessor.newInstance(DirectConstructorHandleAccessor.java:62)
	at java.base/java.lang.reflect.Constructor.newInstanceWithCaller(Constructor.java:502)
	at java.base/java.lang.reflect.Constructor.newInstance(Constructor.java:486)
	at org.openqa.selenium.remote.ErrorCodec.decode(ErrorCodec.java:167)
	at org.openqa.selenium.remote.codec.w3c.W3CHttpResponseCodec.decode(W3CHttpResponseCodec.java:138)
	at org.openqa.selenium.remote.codec.w3c.W3CHttpResponseCodec.decode(W3CHttpResponseCodec.java:50)
	at org.openqa.selenium.remote.HttpCommandExecutor.execute(HttpCommandExecutor.java:190)
	at org.openqa.selenium.remote.service.DriverCommandExecutor.invokeExecute(DriverCommandExecutor.java:216)
	at org.openqa.selenium.remote.service.DriverCommandExecutor.execute(DriverCommandExecutor.java:174)
	at org.openqa.selenium.remote.RemoteWebDriver.execute(RemoteWebDriver.java:545)
	at org.openqa.selenium.remote.RemoteWebElement.execute(RemoteWebElement.java:223)
	at org.openqa.selenium.remote.RemoteWebElement.sendKeys(RemoteWebElement.java:110)
	at PageObjects.IntroductionPage.enterCodeInEditor(IntroductionPage.java:82)
	at StepDefinitions.DSIntroductionDetails.user_writes_valid_code_and_clicks_run_button(DSIntroductionDetails.java:197)
	at ✽.User writes valid code and clicks run button(file:///C:/Projects/newFolder-3/Repo1/src/test/resources/Features/ArrayDetailsPage.feature:82)
&amp#27;[0m
  &amp#27;[36mThen &amp#27;[0m&amp#27;[36mThe user should able to see output in the console&amp#27;[0m                           &amp#27;[90m# StepDefinitions.DSIntroductionDetails.the_user_should_able_to_see_output_in_the_console()&amp#27;[0m
[ERROR] 2024-12-17 09:44:34.385 [TestNG-PoolService-1] Hooks - ======================  TEST CASE FAILED !! ======================

    Embedding screenshot [image/png 7853 bytes]

[INFO ] 2024-12-17 09:44:34.531 [TestNG-PoolService-1] Hooks - ======================  Screenshot is captured  ======================
[INFO ] 2024-12-17 09:44:34.537 [TestNG-PoolService-1] Hooks - ======================  Test Execution is completed!! ======================
]]></system-out>
  </testcase>
  <testcase name="runScenario[&quot;Valid code on try editor for basic operations in lists runs successfully&quot;, &quot;Array detail page&quot;](16)" classname="TestRunners.TestRunner" time="4.209">
    <system-out><![CDATA[
Scenario: Validate user can Try here link page from applications of array &amp#27;[90m# src/test/resources/Features/ArrayDetailsPage.feature:90&amp#27;[0m
  &amp#27;[32mGiven &amp#27;[0m&amp#27;[32mThe user is on the DS Introduction page as signedIn&amp#27;[0m                        &amp#27;[90m# StepDefinitions.DSIntroductionDetails.the_user_is_on_the_ds_introduction_page_as_signed_in()&amp#27;[0m
  &amp#27;[32mWhen &amp#27;[0m&amp#27;[32mThe user clicks on Get Started link for array&amp#27;[0m                               &amp#27;[90m# StepDefinitions.ArrayStepDefintions.the_user_clicks_on_get_started_link_for_array()&amp#27;[0m
  &amp#27;[32mGiven &amp#27;[0m&amp#27;[32mThe user is on the Basic operations in lists&amp#27;[0m                               &amp#27;[90m# StepDefinitions.ArrayStepDefintions.the_user_is_on_the_basic_operations_in_lists()&amp#27;[0m
  &amp#27;[32mWhen &amp#27;[0m&amp#27;[32mUser writes valid code and clicks run button&amp#27;[0m                                &amp#27;[90m# StepDefinitions.DSIntroductionDetails.user_writes_valid_code_and_clicks_run_button()&amp#27;[0m
  &amp#27;[32mThen &amp#27;[0m&amp#27;[32mThe user should able to see output in the console&amp#27;[0m                           &amp#27;[90m# StepDefinitions.DSIntroductionDetails.the_user_should_able_to_see_output_in_the_console()&amp#27;[0m
[INFO ] 2024-12-17 09:55:42.155 [TestNG-PoolService-2] Hooks - ======================  Test Execution is completed!! ======================
]]></system-out>
  </testcase>
  <testcase name="runScenario[&quot;Valid code on try editor for basic operations in lists runs successfully&quot;, &quot;Array detail page&quot;](16)" classname="TestRunners.TestRunner" time="8.234">
    <system-out><![CDATA[
Scenario: Validate user can Try here link page from applications of array &amp#27;[90m# src/test/resources/Features/ArrayDetailsPage.feature:90&amp#27;[0m
  &amp#27;[32mGiven &amp#27;[0m&amp#27;[32mThe user is on the DS Introduction page as signedIn&amp#27;[0m                        &amp#27;[90m# StepDefinitions.DSIntroductionDetails.the_user_is_on_the_ds_introduction_page_as_signed_in()&amp#27;[0m
  &amp#27;[32mWhen &amp#27;[0m&amp#27;[32mThe user clicks on Get Started link for array&amp#27;[0m                               &amp#27;[90m# StepDefinitions.ArrayStepDefintions.the_user_clicks_on_get_started_link_for_array()&amp#27;[0m
  &amp#27;[32mGiven &amp#27;[0m&amp#27;[32mThe user is on the Basic operations in lists&amp#27;[0m                               &amp#27;[90m# StepDefinitions.ArrayStepDefintions.the_user_is_on_the_basic_operations_in_lists()&amp#27;[0m
  &amp#27;[32mGiven &amp#27;[0m&amp#27;[32mThe user is on the DS Introduction page as signedIn&amp#27;[0m   &amp#27;[90m# StepDefinitions.DSIntroductionDetails.the_user_is_on_the_ds_introduction_page_as_signed_in()&amp#27;[0m
  &amp#27;[32mGiven &amp#27;[0m&amp#27;[32mThe user is on the DS Introduction page as signedIn&amp#27;[0m               &amp#27;[90m# StepDefinitions.DSIntroductionDetails.the_user_is_on_the_ds_introduction_page_as_signed_in()&amp#27;[0m
  &amp#27;[32mWhen &amp#27;[0m&amp#27;[32mThe user clicks on Get Started link for array&amp#27;[0m          &amp#27;[90m# StepDefinitions.ArrayStepDefintions.the_user_clicks_on_get_started_link_for_array()&amp#27;[0m
  &amp#27;[32mWhen &amp#27;[0m&amp#27;[32mThe user clicks on Get Started link for array&amp#27;[0m                      &amp#27;[90m# StepDefinitions.ArrayStepDefintions.the_user_clicks_on_get_started_link_for_array()&amp#27;[0m
  &amp#27;[32mGiven &amp#27;[0m&amp#27;[32mThe user is on the array details page&amp#27;[0m                 &amp#27;[90m# StepDefinitions.ArrayStepDefintions.the_user_is_on_the_array_details_page()&amp#27;[0m
  &amp#27;[32mWhen &amp#27;[0m&amp#27;[32mUser writes valid code and clicks run button&amp#27;[0m                                &amp#27;[90m# StepDefinitions.DSIntroductionDetails.user_writes_valid_code_and_clicks_run_button()&amp#27;[0m
  &amp#27;[32mThen &amp#27;[0m&amp#27;[32mThe user should able to see output in the console&amp#27;[0m                           &amp#27;[90m# StepDefinitions.DSIntroductionDetails.the_user_should_able_to_see_output_in_the_console()&amp#27;[0m
[INFO ] 2024-12-17 10:12:32.606 [TestNG-PoolService-1] Hooks - ======================  Test Execution is completed!! ======================
  &amp#27;[32mGiven &amp#27;[0m&amp#27;[32mThe user is on the applications of array&amp#27;[0m                          &amp#27;[90m# StepDefinitions.ArrayStepDefintions.the_user_is_on_the_applications_of_array()&amp#27;[0m
  &amp#27;[32mWhen &amp#27;[0m&amp#27;[32mThe user click on applications of array link&amp#27;[0m           &amp#27;[90m# StepDefinitions.ArrayStepDefintions.the_user_click_on_applications_of_array_link()&amp#27;[0m
  &amp#27;[32mThen &amp#27;[0m&amp#27;[32mthe user is navigated to applications of array&amp#27;[0m         &amp#27;[90m# StepDefinitions.ArrayStepDefintions.the_user_is_navigated_to_applications_of_array()&amp#27;[0m
[INFO ] 2024-12-17 10:12:32.789 [TestNG-PoolService-3] Hooks - ======================  Test Execution is completed!! ======================
  &amp#27;[32mWhen &amp#27;[0m&amp#27;[32mUser clicks Try here link&amp#27;[0m                                          &amp#27;[90m# StepDefinitions.DSIntroductionDetails.user_clicks_try_here_link()&amp#27;[0m
  &amp#27;[32mThen &amp#27;[0m&amp#27;[32mUser should navigate to tryEditor page&amp#27;[0m                             &amp#27;[90m# StepDefinitions.DSIntroductionDetails.user_should_navigate_to_try_editor_page()&amp#27;[0m
[INFO ] 2024-12-17 10:12:33.565 [TestNG-PoolService-2] Hooks - ======================  Test Execution is completed!! ======================
]]></system-out>
    <system-err><![CDATA[Dec 17, 2024 10:12:27 AM org.openqa.selenium.devtools.CdpVersionFinder findNearestMatch
WARNING: Unable to find an exact match for CDP version 131, returning the closest version; found: 130; Please update to a Selenium version that supports CDP version 131
Dec 17, 2024 10:12:29 AM org.openqa.selenium.devtools.CdpVersionFinder findNearestMatch
WARNING: Unable to find an exact match for CDP version 131, returning the closest version; found: 130; Please update to a Selenium version that supports CDP version 131
Dec 17, 2024 10:12:29 AM org.openqa.selenium.devtools.CdpVersionFinder findNearestMatch
WARNING: Unable to find an exact match for CDP version 131, returning the closest version; found: 130; Please update to a Selenium version that supports CDP version 131
]]></system-err>
  </testcase>
  <testcase name="runScenario[&quot;Validate user can navigate to applications of array&quot;, &quot;Array detail page&quot;](17)" classname="TestRunners.TestRunner" time="2.349">
    <system-out><![CDATA[
Scenario: Error message displayed for invalid code on try Editor for applications of array &amp#27;[90m# src/test/resources/Features/ArrayDetailsPage.feature:95&amp#27;[0m
  &amp#27;[32mGiven &amp#27;[0m&amp#27;[32mThe user is on the DS Introduction page as signedIn&amp#27;[0m   &amp#27;[90m# StepDefinitions.DSIntroductionDetails.the_user_is_on_the_ds_introduction_page_as_signed_in()&amp#27;[0m
  &amp#27;[32mWhen &amp#27;[0m&amp#27;[32mThe user clicks on Get Started link for array&amp#27;[0m          &amp#27;[90m# StepDefinitions.ArrayStepDefintions.the_user_clicks_on_get_started_link_for_array()&amp#27;[0m
  &amp#27;[32mGiven &amp#27;[0m&amp#27;[32mThe user is on the array details page&amp#27;[0m                 &amp#27;[90m# StepDefinitions.ArrayStepDefintions.the_user_is_on_the_array_details_page()&amp#27;[0m
  &amp#27;[32mWhen &amp#27;[0m&amp#27;[32mThe user click on applications of array link&amp#27;[0m           &amp#27;[90m# StepDefinitions.ArrayStepDefintions.the_user_click_on_applications_of_array_link()&amp#27;[0m
  &amp#27;[32mThen &amp#27;[0m&amp#27;[32mthe user is navigated to applications of array&amp#27;[0m         &amp#27;[90m# StepDefinitions.ArrayStepDefintions.the_user_is_navigated_to_applications_of_array()&amp#27;[0m
[INFO ] 2024-12-17 09:44:36.393 [TestNG-PoolService-2] Hooks - ======================  Test Execution is completed!! ======================
]]></system-out>
    <system-err><![CDATA[Dec 17, 2024 9:44:35 AM org.openqa.selenium.devtools.CdpVersionFinder findNearestMatch
WARNING: Unable to find an exact match for CDP version 131, returning the closest version; found: 130; Please update to a Selenium version that supports CDP version 131
Dec 17, 2024 9:44:36 AM org.openqa.selenium.devtools.CdpVersionFinder findNearestMatch
WARNING: Unable to find an exact match for CDP version 131, returning the closest version; found: 130; Please update to a Selenium version that supports CDP version 131
]]></system-err>
  </testcase>
  <testcase name="runScenario[&quot;Validate user can navigate to applications of array&quot;, &quot;Array detail page&quot;](17)" classname="TestRunners.TestRunner" time="3.688">
    <system-out><![CDATA[
Scenario: Error message displayed for invalid code on try Editor for applications of array &amp#27;[90m# src/test/resources/Features/ArrayDetailsPage.feature:95&amp#27;[0m
  &amp#27;[32mGiven &amp#27;[0m&amp#27;[32mThe user is on the DS Introduction page as signedIn&amp#27;[0m   &amp#27;[90m# StepDefinitions.DSIntroductionDetails.the_user_is_on_the_ds_introduction_page_as_signed_in()&amp#27;[0m
  &amp#27;[32mWhen &amp#27;[0m&amp#27;[32mThe user clicks on Get Started link for array&amp#27;[0m          &amp#27;[90m# StepDefinitions.ArrayStepDefintions.the_user_clicks_on_get_started_link_for_array()&amp#27;[0m
  &amp#27;[32mGiven &amp#27;[0m&amp#27;[32mThe user is on the array details page&amp#27;[0m                 &amp#27;[90m# StepDefinitions.ArrayStepDefintions.the_user_is_on_the_array_details_page()&amp#27;[0m
  &amp#27;[32mWhen &amp#27;[0m&amp#27;[32mThe user click on applications of array link&amp#27;[0m           &amp#27;[90m# StepDefinitions.ArrayStepDefintions.the_user_click_on_applications_of_array_link()&amp#27;[0m
  &amp#27;[32mThen &amp#27;[0m&amp#27;[32mthe user is navigated to applications of array&amp#27;[0m         &amp#27;[90m# StepDefinitions.ArrayStepDefintions.the_user_is_navigated_to_applications_of_array()&amp#27;[0m
[INFO ] 2024-12-17 09:55:44.958 [TestNG-PoolService-1] Hooks - ======================  Test Execution is completed!! ======================
]]></system-out>
  </testcase>
  <testcase name="runScenario[&quot;Validate user can navigate to applications of array&quot;, &quot;Array detail page&quot;](17)" classname="TestRunners.TestRunner" time="0.157">
    <system-out><![CDATA[
Scenario: Error message displayed for invalid code on try Editor for applications of array &amp#27;[90m# src/test/resources/Features/ArrayDetailsPage.feature:95&amp#27;[0m
]]></system-out>
  </testcase>
  <testcase name="runScenario[&quot;Validate user can Try here link page from applications of array&quot;, &quot;Array detail page&quot;](18)" classname="TestRunners.TestRunner" time="3.898">
    <system-out><![CDATA[
Scenario: No error message displayed for empty code on try editor for applications of array &amp#27;[90m# src/test/resources/Features/ArrayDetailsPage.feature:100&amp#27;[0m
  &amp#27;[32mGiven &amp#27;[0m&amp#27;[32mThe user is on the DS Introduction page as signedIn&amp#27;[0m               &amp#27;[90m# StepDefinitions.DSIntroductionDetails.the_user_is_on_the_ds_introduction_page_as_signed_in()&amp#27;[0m
  &amp#27;[32mWhen &amp#27;[0m&amp#27;[32mThe user clicks on Get Started link for array&amp#27;[0m                      &amp#27;[90m# StepDefinitions.ArrayStepDefintions.the_user_clicks_on_get_started_link_for_array()&amp#27;[0m
  &amp#27;[32mGiven &amp#27;[0m&amp#27;[32mThe user is on the applications of array&amp#27;[0m                          &amp#27;[90m# StepDefinitions.ArrayStepDefintions.the_user_is_on_the_applications_of_array()&amp#27;[0m
  &amp#27;[32mGiven &amp#27;[0m&amp#27;[32mThe user is on the DS Introduction page as signedIn&amp#27;[0m                                &amp#27;[90m# StepDefinitions.DSIntroductionDetails.the_user_is_on_the_ds_introduction_page_as_signed_in()&amp#27;[0m
  &amp#27;[32mWhen &amp#27;[0m&amp#27;[32mUser clicks Try here link&amp#27;[0m                                          &amp#27;[90m# StepDefinitions.DSIntroductionDetails.user_clicks_try_here_link()&amp#27;[0m
  &amp#27;[32mWhen &amp#27;[0m&amp#27;[32mThe user clicks on Get Started link for array&amp#27;[0m                                       &amp#27;[90m# StepDefinitions.ArrayStepDefintions.the_user_clicks_on_get_started_link_for_array()&amp#27;[0m
  &amp#27;[32mThen &amp#27;[0m&amp#27;[32mUser should navigate to tryEditor page&amp#27;[0m                             &amp#27;[90m# StepDefinitions.DSIntroductionDetails.user_should_navigate_to_try_editor_page()&amp#27;[0m
[INFO ] 2024-12-17 09:44:40.261 [TestNG-PoolService-3] Hooks - ======================  Test Execution is completed!! ======================
  &amp#27;[32mGiven &amp#27;[0m&amp#27;[32mThe user is on the applications of array&amp#27;[0m                                           &amp#27;[90m# StepDefinitions.ArrayStepDefintions.the_user_is_on_the_applications_of_array()&amp#27;[0m
]]></system-out>
    <system-err><![CDATA[Dec 17, 2024 9:44:39 AM org.openqa.selenium.devtools.CdpVersionFinder findNearestMatch
WARNING: Unable to find an exact match for CDP version 131, returning the closest version; found: 130; Please update to a Selenium version that supports CDP version 131
]]></system-err>
  </testcase>
  <testcase name="runScenario[&quot;Validate user can Try here link page from applications of array&quot;, &quot;Array detail page&quot;](18)" classname="TestRunners.TestRunner" time="5.139">
    <system-out><![CDATA[
Scenario: No error message displayed for empty code on try editor for applications of array &amp#27;[90m# src/test/resources/Features/ArrayDetailsPage.feature:100&amp#27;[0m
  &amp#27;[32mGiven &amp#27;[0m&amp#27;[32mThe user is on the DS Introduction page as signedIn&amp#27;[0m               &amp#27;[90m# StepDefinitions.DSIntroductionDetails.the_user_is_on_the_ds_introduction_page_as_signed_in()&amp#27;[0m
  &amp#27;[32mWhen &amp#27;[0m&amp#27;[32mThe user clicks on Get Started link for array&amp#27;[0m                      &amp#27;[90m# StepDefinitions.ArrayStepDefintions.the_user_clicks_on_get_started_link_for_array()&amp#27;[0m
  &amp#27;[32mGiven &amp#27;[0m&amp#27;[32mThe user is on the applications of array&amp#27;[0m                          &amp#27;[90m# StepDefinitions.ArrayStepDefintions.the_user_is_on_the_applications_of_array()&amp#27;[0m
  &amp#27;[32mWhen &amp#27;[0m&amp#27;[32mUser clicks Try here link&amp#27;[0m                                          &amp#27;[90m# StepDefinitions.DSIntroductionDetails.user_clicks_try_here_link()&amp#27;[0m
  &amp#27;[32mThen &amp#27;[0m&amp#27;[32mUser should navigate to tryEditor page&amp#27;[0m                             &amp#27;[90m# StepDefinitions.DSIntroductionDetails.user_should_navigate_to_try_editor_page()&amp#27;[0m
[INFO ] 2024-12-17 09:55:50.932 [TestNG-PoolService-3] Hooks - ======================  Test Execution is completed!! ======================
  &amp#27;[32mGiven &amp#27;[0m&amp#27;[32mThe user is on the DS Introduction page as signedIn&amp#27;[0m                                &amp#27;[90m# StepDefinitions.DSIntroductionDetails.the_user_is_on_the_ds_introduction_page_as_signed_in()&amp#27;[0m
  &amp#27;[32mWhen &amp#27;[0m&amp#27;[32mThe user clicks on Get Started link for array&amp#27;[0m                                       &amp#27;[90m# StepDefinitions.ArrayStepDefintions.the_user_clicks_on_get_started_link_for_array()&amp#27;[0m
  &amp#27;[32mGiven &amp#27;[0m&amp#27;[32mThe user is on the applications of array&amp#27;[0m                                           &amp#27;[90m# StepDefinitions.ArrayStepDefintions.the_user_is_on_the_applications_of_array()&amp#27;[0m
]]></system-out>
  </testcase>
  <testcase name="runScenario[&quot;Validate user can Try here link page from applications of array&quot;, &quot;Array detail page&quot;](18)" classname="TestRunners.TestRunner" time="0.67">
    <system-out><![CDATA[
Scenario: No error message displayed for empty code on try editor for applications of array &amp#27;[90m# src/test/resources/Features/ArrayDetailsPage.feature:100&amp#27;[0m
]]></system-out>
  </testcase>
  <testcase name="runScenario[&quot;Error message displayed for invalid code on try Editor for applications of array&quot;, &quot;Array detail page&quot;](19)" classname="TestRunners.TestRunner" time="1.151">
    <failure message="element not interactable&#10;  (Session info: chrome=131.0.6778.140)&#10;Build info: version: &apos;4.26.0&apos;, revision: &apos;8ccf0219d7&apos;&#10;System info: os.name: &apos;Windows 11&apos;, os.arch: &apos;amd64&apos;, os.version: &apos;10.0&apos;, java.version: &apos;21.0.5&apos;&#10;Driver info: org.openqa.selenium.chrome.ChromeDriver&#10;Command: [a1cfd53e677b245019230b5ea936dc6d, sendKeysToElement {id=f.D18E66ECBF9CF42C986708B30AF90001.d.4119112968F52E62DA0605D900A8B937.e.49, value=[Ljava.lang.CharSequence;@7b5dcb42}]&#10;Capabilities {acceptInsecureCerts: false, browserName: chrome, browserVersion: 131.0.6778.140, chrome: {chromedriverVersion: 131.0.6778.108 (3b014839fbc..., userDataDir: C:\Users\vamsh\AppData\Loca...}, fedcm:accounts: true, goog:chromeOptions: {debuggerAddress: localhost:62940}, networkConnectionEnabled: false, pageLoadStrategy: normal, platformName: windows, proxy: Proxy(), se:cdp: ws://localhost:62940/devtoo..., se:cdpVersion: 131.0.6778.140, setWindowRect: true, strictFileInteractability: false, timeouts: {implicit: 0, pageLoad: 300000, script: 30000}, unhandledPromptBehavior: dismiss and notify, webauthn:extension:credBlob: true, webauthn:extension:largeBlob: true, webauthn:extension:minPinLength: true, webauthn:extension:prf: true, webauthn:virtualAuthenticators: true}&#10;Element: [[ChromeDriver: chrome on windows (a1cfd53e677b245019230b5ea936dc6d)] -&gt; css selector: .CodeMirror textarea]&#10;Session ID: a1cfd53e677b245019230b5ea936dc6d" type="org.openqa.selenium.ElementNotInteractableException"><![CDATA[org.openqa.selenium.ElementNotInteractableException: 
element not interactable
  (Session info: chrome=131.0.6778.140)
Build info: version: '4.26.0', revision: '8ccf0219d7'
System info: os.name: 'Windows 11', os.arch: 'amd64', os.version: '10.0', java.version: '21.0.5'
Driver info: org.openqa.selenium.chrome.ChromeDriver
Command: [a1cfd53e677b245019230b5ea936dc6d, sendKeysToElement {id=f.D18E66ECBF9CF42C986708B30AF90001.d.4119112968F52E62DA0605D900A8B937.e.49, value=[Ljava.lang.CharSequence;@7b5dcb42}]
Capabilities {acceptInsecureCerts: false, browserName: chrome, browserVersion: 131.0.6778.140, chrome: {chromedriverVersion: 131.0.6778.108 (3b014839fbc..., userDataDir: C:\Users\vamsh\AppData\Loca...}, fedcm:accounts: true, goog:chromeOptions: {debuggerAddress: localhost:62940}, networkConnectionEnabled: false, pageLoadStrategy: normal, platformName: windows, proxy: Proxy(), se:cdp: ws://localhost:62940/devtoo..., se:cdpVersion: 131.0.6778.140, setWindowRect: true, strictFileInteractability: false, timeouts: {implicit: 0, pageLoad: 300000, script: 30000}, unhandledPromptBehavior: dismiss and notify, webauthn:extension:credBlob: true, webauthn:extension:largeBlob: true, webauthn:extension:minPinLength: true, webauthn:extension:prf: true, webauthn:virtualAuthenticators: true}
Element: [[ChromeDriver: chrome on windows (a1cfd53e677b245019230b5ea936dc6d)] -> css selector: .CodeMirror textarea]
Session ID: a1cfd53e677b245019230b5ea936dc6d
]]></failure>
    <system-out><![CDATA[
Scenario: Valid code on try editor for applications of array runs successfully &amp#27;[90m# src/test/resources/Features/ArrayDetailsPage.feature:105&amp#27;[0m
  &amp#27;[31mWhen &amp#27;[0m&amp#27;[31mUser writes invalid code and clicks run button&amp#27;[0m                                      &amp#27;[90m# StepDefinitions.DSIntroductionDetails.user_writes_invalid_code_and_clicks_run_button()&amp#27;[0m
      &amp#27;[31morg.openqa.selenium.ElementNotInteractableException: element not interactable
  (Session info: chrome=131.0.6778.140)
Build info: version: '4.26.0', revision: '8ccf0219d7'
System info: os.name: 'Windows 11', os.arch: 'amd64', os.version: '10.0', java.version: '21.0.5'
Driver info: org.openqa.selenium.chrome.ChromeDriver
Command: [a1cfd53e677b245019230b5ea936dc6d, sendKeysToElement {id=f.D18E66ECBF9CF42C986708B30AF90001.d.4119112968F52E62DA0605D900A8B937.e.49, value=[Ljava.lang.CharSequence;@7b5dcb42}]
Capabilities {acceptInsecureCerts: false, browserName: chrome, browserVersion: 131.0.6778.140, chrome: {chromedriverVersion: 131.0.6778.108 (3b014839fbc..., userDataDir: C:\Users\vamsh\AppData\Loca...}, fedcm:accounts: true, goog:chromeOptions: {debuggerAddress: localhost:62940}, networkConnectionEnabled: false, pageLoadStrategy: normal, platformName: windows, proxy: Proxy(), se:cdp: ws://localhost:62940/devtoo..., se:cdpVersion: 131.0.6778.140, setWindowRect: true, strictFileInteractability: false, timeouts: {implicit: 0, pageLoad: 300000, script: 30000}, unhandledPromptBehavior: dismiss and notify, webauthn:extension:credBlob: true, webauthn:extension:largeBlob: true, webauthn:extension:minPinLength: true, webauthn:extension:prf: true, webauthn:virtualAuthenticators: true}
Element: [[ChromeDriver: chrome on windows (a1cfd53e677b245019230b5ea936dc6d)] -> css selector: .CodeMirror textarea]
Session ID: a1cfd53e677b245019230b5ea936dc6d
	at java.base/jdk.internal.reflect.DirectConstructorHandleAccessor.newInstance(DirectConstructorHandleAccessor.java:62)
	at java.base/java.lang.reflect.Constructor.newInstanceWithCaller(Constructor.java:502)
	at java.base/java.lang.reflect.Constructor.newInstance(Constructor.java:486)
	at org.openqa.selenium.remote.ErrorCodec.decode(ErrorCodec.java:167)
	at org.openqa.selenium.remote.codec.w3c.W3CHttpResponseCodec.decode(W3CHttpResponseCodec.java:138)
	at org.openqa.selenium.remote.codec.w3c.W3CHttpResponseCodec.decode(W3CHttpResponseCodec.java:50)
	at org.openqa.selenium.remote.HttpCommandExecutor.execute(HttpCommandExecutor.java:190)
	at org.openqa.selenium.remote.service.DriverCommandExecutor.invokeExecute(DriverCommandExecutor.java:216)
	at org.openqa.selenium.remote.service.DriverCommandExecutor.execute(DriverCommandExecutor.java:174)
	at org.openqa.selenium.remote.RemoteWebDriver.execute(RemoteWebDriver.java:545)
	at org.openqa.selenium.remote.RemoteWebElement.execute(RemoteWebElement.java:223)
	at org.openqa.selenium.remote.RemoteWebElement.sendKeys(RemoteWebElement.java:110)
	at PageObjects.IntroductionPage.enterCodeInEditor(IntroductionPage.java:82)
	at StepDefinitions.DSIntroductionDetails.user_writes_invalid_code_and_clicks_run_button(DSIntroductionDetails.java:184)
	at ✽.User writes invalid code and clicks run button(file:///C:/Projects/newFolder-3/Repo1/src/test/resources/Features/ArrayDetailsPage.feature:97)
&amp#27;[0m
  &amp#27;[36mThen &amp#27;[0m&amp#27;[36mThe user should able to see an error message in alert window&amp#27;[0m                        &amp#27;[90m# StepDefinitions.DSIntroductionDetails.the_user_should_able_to_see_an_error_message_in_alert_window()&amp#27;[0m
[ERROR] 2024-12-17 09:44:41.666 [TestNG-PoolService-1] Hooks - ======================  TEST CASE FAILED !! ======================
  &amp#27;[32mGiven &amp#27;[0m&amp#27;[32mThe user is on the DS Introduction page as signedIn&amp#27;[0m                                 &amp#27;[90m# StepDefinitions.DSIntroductionDetails.the_user_is_on_the_ds_introduction_page_as_signed_in()&amp#27;[0m

    Embedding screenshot [image/png 7853 bytes]

[INFO ] 2024-12-17 09:44:41.839 [TestNG-PoolService-1] Hooks - ======================  Screenshot is captured  ======================
[INFO ] 2024-12-17 09:44:41.842 [TestNG-PoolService-1] Hooks - ======================  Test Execution is completed!! ======================
  &amp#27;[32mWhen &amp#27;[0m&amp#27;[32mThe user clicks on Get Started link for array&amp#27;[0m                                        &amp#27;[90m# StepDefinitions.ArrayStepDefintions.the_user_clicks_on_get_started_link_for_array()&amp#27;[0m
]]></system-out>
  </testcase>
  <testcase name="runScenario[&quot;Error message displayed for invalid code on try Editor for applications of array&quot;, &quot;Array detail page&quot;](19)" classname="TestRunners.TestRunner" time="3.105">
    <failure message="Build info: version: &apos;4.26.0&apos;, revision: &apos;8ccf0219d7&apos;&#10;System info: os.name: &apos;Windows 11&apos;, os.arch: &apos;amd64&apos;, os.version: &apos;10.0&apos;, java.version: &apos;21.0.5&apos;&#10;Driver info: org.openqa.selenium.firefox.FirefoxDriver&#10;Command: [d2bdc711-5394-4e13-8bc6-ce4de2910796, getAlertText {}]&#10;Capabilities {acceptInsecureCerts: true, browserName: firefox, browserVersion: 133.0.3, moz:accessibilityChecks: false, moz:buildID: 20241209150345, moz:debuggerAddress: 127.0.0.1:25925, moz:geckodriverVersion: 0.35.0, moz:headless: false, moz:platformVersion: 10.0, moz:processID: 12736, moz:profile: C:\Users\vamsh\AppData\Loca..., moz:shutdownTimeout: 60000, moz:webdriverClick: true, moz:windowless: false, pageLoadStrategy: normal, platformName: windows, proxy: Proxy(), se:cdp: ws://127.0.0.1:25925/devtoo..., se:cdpVersion: 85.0, setWindowRect: true, strictFileInteractability: false, timeouts: {implicit: 0, pageLoad: 300000, script: 30000}, unhandledPromptBehavior: dismiss and notify, userAgent: Mozilla/5.0 (Windows NT 10....}&#10;Session ID: d2bdc711-5394-4e13-8bc6-ce4de2910796" type="org.openqa.selenium.NoAlertPresentException"><![CDATA[org.openqa.selenium.NoAlertPresentException: 
Build info: version: '4.26.0', revision: '8ccf0219d7'
System info: os.name: 'Windows 11', os.arch: 'amd64', os.version: '10.0', java.version: '21.0.5'
Driver info: org.openqa.selenium.firefox.FirefoxDriver
Command: [d2bdc711-5394-4e13-8bc6-ce4de2910796, getAlertText {}]
Capabilities {acceptInsecureCerts: true, browserName: firefox, browserVersion: 133.0.3, moz:accessibilityChecks: false, moz:buildID: 20241209150345, moz:debuggerAddress: 127.0.0.1:25925, moz:geckodriverVersion: 0.35.0, moz:headless: false, moz:platformVersion: 10.0, moz:processID: 12736, moz:profile: C:\Users\vamsh\AppData\Loca..., moz:shutdownTimeout: 60000, moz:webdriverClick: true, moz:windowless: false, pageLoadStrategy: normal, platformName: windows, proxy: Proxy(), se:cdp: ws://127.0.0.1:25925/devtoo..., se:cdpVersion: 85.0, setWindowRect: true, strictFileInteractability: false, timeouts: {implicit: 0, pageLoad: 300000, script: 30000}, unhandledPromptBehavior: dismiss and notify, userAgent: Mozilla/5.0 (Windows NT 10....}
Session ID: d2bdc711-5394-4e13-8bc6-ce4de2910796
]]></failure>
    <system-out><![CDATA[
Scenario: Valid code on try editor for applications of array runs successfully &amp#27;[90m# src/test/resources/Features/ArrayDetailsPage.feature:105&amp#27;[0m
  &amp#27;[32mWhen &amp#27;[0m&amp#27;[32mUser writes invalid code and clicks run button&amp#27;[0m                                      &amp#27;[90m# StepDefinitions.DSIntroductionDetails.user_writes_invalid_code_and_clicks_run_button()&amp#27;[0m
  &amp#27;[31mThen &amp#27;[0m&amp#27;[31mThe user should able to see an error message in alert window&amp#27;[0m                        &amp#27;[90m# StepDefinitions.DSIntroductionDetails.the_user_should_able_to_see_an_error_message_in_alert_window()&amp#27;[0m
      &amp#27;[31morg.openqa.selenium.NoAlertPresentException: Build info: version: '4.26.0', revision: '8ccf0219d7'
System info: os.name: 'Windows 11', os.arch: 'amd64', os.version: '10.0', java.version: '21.0.5'
Driver info: org.openqa.selenium.firefox.FirefoxDriver
Command: [d2bdc711-5394-4e13-8bc6-ce4de2910796, getAlertText {}]
Capabilities {acceptInsecureCerts: true, browserName: firefox, browserVersion: 133.0.3, moz:accessibilityChecks: false, moz:buildID: 20241209150345, moz:debuggerAddress: 127.0.0.1:25925, moz:geckodriverVersion: 0.35.0, moz:headless: false, moz:platformVersion: 10.0, moz:processID: 12736, moz:profile: C:\Users\vamsh\AppData\Loca..., moz:shutdownTimeout: 60000, moz:webdriverClick: true, moz:windowless: false, pageLoadStrategy: normal, platformName: windows, proxy: Proxy(), se:cdp: ws://127.0.0.1:25925/devtoo..., se:cdpVersion: 85.0, setWindowRect: true, strictFileInteractability: false, timeouts: {implicit: 0, pageLoad: 300000, script: 30000}, unhandledPromptBehavior: dismiss and notify, userAgent: Mozilla/5.0 (Windows NT 10....}
Session ID: d2bdc711-5394-4e13-8bc6-ce4de2910796
	at java.base/jdk.internal.reflect.DirectConstructorHandleAccessor.newInstance(DirectConstructorHandleAccessor.java:62)
	at java.base/java.lang.reflect.Constructor.newInstanceWithCaller(Constructor.java:502)
	at java.base/java.lang.reflect.Constructor.newInstance(Constructor.java:486)
	at org.openqa.selenium.remote.ErrorCodec.decode(ErrorCodec.java:167)
	at org.openqa.selenium.remote.codec.w3c.W3CHttpResponseCodec.decode(W3CHttpResponseCodec.java:138)
	at org.openqa.selenium.remote.codec.w3c.W3CHttpResponseCodec.decode(W3CHttpResponseCodec.java:50)
	at org.openqa.selenium.remote.HttpCommandExecutor.execute(HttpCommandExecutor.java:190)
	at org.openqa.selenium.remote.service.DriverCommandExecutor.invokeExecute(DriverCommandExecutor.java:216)
	at org.openqa.selenium.remote.service.DriverCommandExecutor.execute(DriverCommandExecutor.java:174)
	at org.openqa.selenium.remote.RemoteWebDriver.execute(RemoteWebDriver.java:545)
	at org.openqa.selenium.remote.RemoteWebDriver.execute(RemoteWebDriver.java:618)
	at org.openqa.selenium.remote.RemoteWebDriver.execute(RemoteWebDriver.java:622)
	at org.openqa.selenium.remote.RemoteWebDriver$RemoteTargetLocator.alert(RemoteWebDriver.java:1190)
	at PageObjects.IntroductionPage.getAlertText(IntroductionPage.java:134)
	at StepDefinitions.DSIntroductionDetails.the_user_should_able_to_see_an_error_message_in_alert_window(DSIntroductionDetails.java:203)
	at ✽.The user should able to see an error message in alert window(file:///C:/Projects/newFolder-3/Repo1/src/test/resources/Features/ArrayDetailsPage.feature:98)
&amp#27;[0m
[ERROR] 2024-12-17 09:55:53.321 [TestNG-PoolService-2] Hooks - ======================  TEST CASE FAILED !! ======================

    Embedding screenshot [image/png 37860 bytes]

[INFO ] 2024-12-17 09:55:53.401 [TestNG-PoolService-2] Hooks - ======================  Screenshot is captured  ======================
[INFO ] 2024-12-17 09:55:53.403 [TestNG-PoolService-2] Hooks - ======================  Test Execution is completed!! ======================
]]></system-out>
  </testcase>
  <testcase name="runScenario[&quot;Error message displayed for invalid code on try Editor for applications of array&quot;, &quot;Array detail page&quot;](19)" classname="TestRunners.TestRunner" time="8.687">
    <system-out><![CDATA[
Scenario: Valid code on try editor for applications of array runs successfully &amp#27;[90m# src/test/resources/Features/ArrayDetailsPage.feature:105&amp#27;[0m
  &amp#27;[32mGiven &amp#27;[0m&amp#27;[32mThe user is on the DS Introduction page as signedIn&amp#27;[0m                                &amp#27;[90m# StepDefinitions.DSIntroductionDetails.the_user_is_on_the_ds_introduction_page_as_signed_in()&amp#27;[0m
  &amp#27;[32mGiven &amp#27;[0m&amp#27;[32mThe user is on the DS Introduction page as signedIn&amp#27;[0m                                 &amp#27;[90m# StepDefinitions.DSIntroductionDetails.the_user_is_on_the_ds_introduction_page_as_signed_in()&amp#27;[0m
  &amp#27;[32mWhen &amp#27;[0m&amp#27;[32mThe user clicks on Get Started link for array&amp#27;[0m                                       &amp#27;[90m# StepDefinitions.ArrayStepDefintions.the_user_clicks_on_get_started_link_for_array()&amp#27;[0m
  &amp#27;[32mWhen &amp#27;[0m&amp#27;[32mThe user clicks on Get Started link for array&amp#27;[0m                                        &amp#27;[90m# StepDefinitions.ArrayStepDefintions.the_user_clicks_on_get_started_link_for_array()&amp#27;[0m
  &amp#27;[32mGiven &amp#27;[0m&amp#27;[32mThe user is on the DS Introduction page as signedIn&amp#27;[0m                    &amp#27;[90m# StepDefinitions.DSIntroductionDetails.the_user_is_on_the_ds_introduction_page_as_signed_in()&amp#27;[0m
  &amp#27;[32mGiven &amp#27;[0m&amp#27;[32mThe user is on the applications of array&amp#27;[0m                                           &amp#27;[90m# StepDefinitions.ArrayStepDefintions.the_user_is_on_the_applications_of_array()&amp#27;[0m
  &amp#27;[32mWhen &amp#27;[0m&amp#27;[32mThe user clicks on Get Started link for array&amp#27;[0m                           &amp#27;[90m# StepDefinitions.ArrayStepDefintions.the_user_clicks_on_get_started_link_for_array()&amp#27;[0m
  &amp#27;[32mGiven &amp#27;[0m&amp#27;[32mThe user is on the applications of array&amp#27;[0m                                            &amp#27;[90m# StepDefinitions.ArrayStepDefintions.the_user_is_on_the_applications_of_array()&amp#27;[0m
  &amp#27;[32mGiven &amp#27;[0m&amp#27;[32mThe user is on the applications of array&amp#27;[0m                               &amp#27;[90m# StepDefinitions.ArrayStepDefintions.the_user_is_on_the_applications_of_array()&amp#27;[0m
  &amp#27;[32mWhen &amp#27;[0m&amp#27;[32mUser writes invalid code and clicks run button&amp#27;[0m                                      &amp#27;[90m# StepDefinitions.DSIntroductionDetails.user_writes_invalid_code_and_clicks_run_button()&amp#27;[0m
  &amp#27;[32mThen &amp#27;[0m&amp#27;[32mThe user should able to see an error message in alert window&amp#27;[0m                        &amp#27;[90m# StepDefinitions.DSIntroductionDetails.the_user_should_able_to_see_an_error_message_in_alert_window()&amp#27;[0m
[INFO ] 2024-12-17 10:12:42.076 [TestNG-PoolService-1] Hooks - ======================  Test Execution is completed!! ======================
  &amp#27;[32mWhen &amp#27;[0m&amp#27;[32mUser clicks on run button with empty code&amp#27;[0m                                            &amp#27;[90m# StepDefinitions.DSIntroductionDetails.user_clicks_on_run_button_with_empty_code()&amp#27;[0m
  &amp#27;[32mThen &amp#27;[0m&amp#27;[32mThe user should not see any error message or alert&amp#27;[0m                                   &amp#27;[90m# StepDefinitions.DSIntroductionDetails.the_user_should_not_see_any_error_message_or_alert()&amp#27;[0m
[INFO ] 2024-12-17 10:12:42.430 [TestNG-PoolService-3] Hooks - ======================  Test Execution is completed!! ======================
  &amp#27;[32mWhen &amp#27;[0m&amp#27;[32mUser writes valid code and clicks run button&amp#27;[0m                            &amp#27;[90m# StepDefinitions.DSIntroductionDetails.user_writes_valid_code_and_clicks_run_button()&amp#27;[0m
  &amp#27;[32mThen &amp#27;[0m&amp#27;[32mThe user should able to see output in the console&amp#27;[0m                       &amp#27;[90m# StepDefinitions.DSIntroductionDetails.the_user_should_able_to_see_output_in_the_console()&amp#27;[0m
[INFO ] 2024-12-17 10:12:43.087 [TestNG-PoolService-2] Hooks - ======================  Test Execution is completed!! ======================
]]></system-out>
    <system-err><![CDATA[Dec 17, 2024 10:12:36 AM org.openqa.selenium.devtools.CdpVersionFinder findNearestMatch
WARNING: Unable to find an exact match for CDP version 131, returning the closest version; found: 130; Please update to a Selenium version that supports CDP version 131
Dec 17, 2024 10:12:37 AM org.openqa.selenium.devtools.CdpVersionFinder findNearestMatch
WARNING: Unable to find an exact match for CDP version 131, returning the closest version; found: 130; Please update to a Selenium version that supports CDP version 131
Dec 17, 2024 10:12:38 AM org.openqa.selenium.devtools.CdpVersionFinder findNearestMatch
WARNING: Unable to find an exact match for CDP version 131, returning the closest version; found: 130; Please update to a Selenium version that supports CDP version 131
]]></system-err>
  </testcase>
  <testcase name="runScenario[&quot;No error message displayed for empty code on try editor for applications of array&quot;, &quot;Array detail page&quot;](20)" classname="TestRunners.TestRunner" time="2.749">
    <system-out><![CDATA[
Scenario: validate user able to navigate to practice question page for search the array question &amp#27;[90m# src/test/resources/Features/ArrayDetailsPage.feature:110&amp#27;[0m
  &amp#27;[32mGiven &amp#27;[0m&amp#27;[32mThe user is on the applications of array&amp#27;[0m                                            &amp#27;[90m# StepDefinitions.ArrayStepDefintions.the_user_is_on_the_applications_of_array()&amp#27;[0m
  &amp#27;[32mWhen &amp#27;[0m&amp#27;[32mUser clicks on run button with empty code&amp#27;[0m                                            &amp#27;[90m# StepDefinitions.DSIntroductionDetails.user_clicks_on_run_button_with_empty_code()&amp#27;[0m
  &amp#27;[32mThen &amp#27;[0m&amp#27;[32mThe user should not see any error message or alert&amp#27;[0m                                   &amp#27;[90m# StepDefinitions.DSIntroductionDetails.the_user_should_not_see_any_error_message_or_alert()&amp#27;[0m
[INFO ] 2024-12-17 09:44:44.336 [TestNG-PoolService-2] Hooks - ======================  Test Execution is completed!! ======================
]]></system-out>
    <system-err><![CDATA[Dec 17, 2024 9:44:42 AM org.openqa.selenium.devtools.CdpVersionFinder findNearestMatch
WARNING: Unable to find an exact match for CDP version 131, returning the closest version; found: 130; Please update to a Selenium version that supports CDP version 131
Dec 17, 2024 9:44:43 AM org.openqa.selenium.devtools.CdpVersionFinder findNearestMatch
WARNING: Unable to find an exact match for CDP version 131, returning the closest version; found: 130; Please update to a Selenium version that supports CDP version 131
]]></system-err>
  </testcase>
  <testcase name="runScenario[&quot;No error message displayed for empty code on try editor for applications of array&quot;, &quot;Array detail page&quot;](20)" classname="TestRunners.TestRunner" time="4.307">
    <system-out><![CDATA[
Scenario: validate user able to navigate to practice question page for search the array question &amp#27;[90m# src/test/resources/Features/ArrayDetailsPage.feature:110&amp#27;[0m
  &amp#27;[32mGiven &amp#27;[0m&amp#27;[32mThe user is on the DS Introduction page as signedIn&amp#27;[0m                                 &amp#27;[90m# StepDefinitions.DSIntroductionDetails.the_user_is_on_the_ds_introduction_page_as_signed_in()&amp#27;[0m
  &amp#27;[32mWhen &amp#27;[0m&amp#27;[32mThe user clicks on Get Started link for array&amp#27;[0m                                        &amp#27;[90m# StepDefinitions.ArrayStepDefintions.the_user_clicks_on_get_started_link_for_array()&amp#27;[0m
  &amp#27;[32mGiven &amp#27;[0m&amp#27;[32mThe user is on the applications of array&amp#27;[0m                                            &amp#27;[90m# StepDefinitions.ArrayStepDefintions.the_user_is_on_the_applications_of_array()&amp#27;[0m
  &amp#27;[32mWhen &amp#27;[0m&amp#27;[32mUser clicks on run button with empty code&amp#27;[0m                                            &amp#27;[90m# StepDefinitions.DSIntroductionDetails.user_clicks_on_run_button_with_empty_code()&amp#27;[0m
  &amp#27;[32mThen &amp#27;[0m&amp#27;[32mThe user should not see any error message or alert&amp#27;[0m                                   &amp#27;[90m# StepDefinitions.DSIntroductionDetails.the_user_should_not_see_any_error_message_or_alert()&amp#27;[0m
[INFO ] 2024-12-17 09:55:58.544 [TestNG-PoolService-1] Hooks - ======================  Test Execution is completed!! ======================
]]></system-out>
  </testcase>
  <testcase name="runScenario[&quot;No error message displayed for empty code on try editor for applications of array&quot;, &quot;Array detail page&quot;](20)" classname="TestRunners.TestRunner" time="0.302">
    <system-out><![CDATA[
Scenario: validate user able to navigate to practice question page for search the array question &amp#27;[90m# src/test/resources/Features/ArrayDetailsPage.feature:110&amp#27;[0m
]]></system-out>
  </testcase>
  <testcase name="runScenario[&quot;Valid code on try editor for applications of array runs successfully&quot;, &quot;Array detail page&quot;](21)" classname="TestRunners.TestRunner" time="2.681">
    <failure message="element not interactable&#10;  (Session info: chrome=131.0.6778.140)&#10;Build info: version: &apos;4.26.0&apos;, revision: &apos;8ccf0219d7&apos;&#10;System info: os.name: &apos;Windows 11&apos;, os.arch: &apos;amd64&apos;, os.version: &apos;10.0&apos;, java.version: &apos;21.0.5&apos;&#10;Driver info: org.openqa.selenium.chrome.ChromeDriver&#10;Command: [f16180c8a799e5cc5c9e58916b672635, sendKeysToElement {id=f.7E16ECC2F1A6832181806D639365C871.d.364543682A2DEF98FFA9018DC5D1C57F.e.49, value=[Ljava.lang.CharSequence;@42112666}]&#10;Capabilities {acceptInsecureCerts: false, browserName: chrome, browserVersion: 131.0.6778.140, chrome: {chromedriverVersion: 131.0.6778.108 (3b014839fbc..., userDataDir: C:\Users\vamsh\AppData\Loca...}, fedcm:accounts: true, goog:chromeOptions: {debuggerAddress: localhost:63127}, networkConnectionEnabled: false, pageLoadStrategy: normal, platformName: windows, proxy: Proxy(), se:cdp: ws://localhost:63127/devtoo..., se:cdpVersion: 131.0.6778.140, setWindowRect: true, strictFileInteractability: false, timeouts: {implicit: 0, pageLoad: 300000, script: 30000}, unhandledPromptBehavior: dismiss and notify, webauthn:extension:credBlob: true, webauthn:extension:largeBlob: true, webauthn:extension:minPinLength: true, webauthn:extension:prf: true, webauthn:virtualAuthenticators: true}&#10;Element: [[ChromeDriver: chrome on windows (f16180c8a799e5cc5c9e58916b672635)] -&gt; css selector: .CodeMirror textarea]&#10;Session ID: f16180c8a799e5cc5c9e58916b672635" type="org.openqa.selenium.ElementNotInteractableException"><![CDATA[org.openqa.selenium.ElementNotInteractableException: 
element not interactable
  (Session info: chrome=131.0.6778.140)
Build info: version: '4.26.0', revision: '8ccf0219d7'
System info: os.name: 'Windows 11', os.arch: 'amd64', os.version: '10.0', java.version: '21.0.5'
Driver info: org.openqa.selenium.chrome.ChromeDriver
Command: [f16180c8a799e5cc5c9e58916b672635, sendKeysToElement {id=f.7E16ECC2F1A6832181806D639365C871.d.364543682A2DEF98FFA9018DC5D1C57F.e.49, value=[Ljava.lang.CharSequence;@42112666}]
Capabilities {acceptInsecureCerts: false, browserName: chrome, browserVersion: 131.0.6778.140, chrome: {chromedriverVersion: 131.0.6778.108 (3b014839fbc..., userDataDir: C:\Users\vamsh\AppData\Loca...}, fedcm:accounts: true, goog:chromeOptions: {debuggerAddress: localhost:63127}, networkConnectionEnabled: false, pageLoadStrategy: normal, platformName: windows, proxy: Proxy(), se:cdp: ws://localhost:63127/devtoo..., se:cdpVersion: 131.0.6778.140, setWindowRect: true, strictFileInteractability: false, timeouts: {implicit: 0, pageLoad: 300000, script: 30000}, unhandledPromptBehavior: dismiss and notify, webauthn:extension:credBlob: true, webauthn:extension:largeBlob: true, webauthn:extension:minPinLength: true, webauthn:extension:prf: true, webauthn:virtualAuthenticators: true}
Element: [[ChromeDriver: chrome on windows (f16180c8a799e5cc5c9e58916b672635)] -> css selector: .CodeMirror textarea]
Session ID: f16180c8a799e5cc5c9e58916b672635
]]></failure>
    <system-out><![CDATA[
Scenario: validate user able to navigate to practice question page for max consecutive ones question &amp#27;[90m# src/test/resources/Features/ArrayDetailsPage.feature:115&amp#27;[0m
  &amp#27;[32mGiven &amp#27;[0m&amp#27;[32mThe user is on the DS Introduction page as signedIn&amp#27;[0m                    &amp#27;[90m# StepDefinitions.DSIntroductionDetails.the_user_is_on_the_ds_introduction_page_as_signed_in()&amp#27;[0m
  &amp#27;[32mWhen &amp#27;[0m&amp#27;[32mThe user clicks on Get Started link for array&amp#27;[0m                           &amp#27;[90m# StepDefinitions.ArrayStepDefintions.the_user_clicks_on_get_started_link_for_array()&amp#27;[0m
  &amp#27;[32mGiven &amp#27;[0m&amp#27;[32mThe user is on the applications of array&amp#27;[0m                               &amp#27;[90m# StepDefinitions.ArrayStepDefintions.the_user_is_on_the_applications_of_array()&amp#27;[0m
  &amp#27;[32mGiven &amp#27;[0m&amp#27;[32mThe user is on the DS Introduction page as signedIn&amp#27;[0m                                      &amp#27;[90m# StepDefinitions.DSIntroductionDetails.the_user_is_on_the_ds_introduction_page_as_signed_in()&amp#27;[0m
  &amp#27;[31mWhen &amp#27;[0m&amp#27;[31mUser writes valid code and clicks run button&amp#27;[0m                            &amp#27;[90m# StepDefinitions.DSIntroductionDetails.user_writes_valid_code_and_clicks_run_button()&amp#27;[0m
      &amp#27;[31morg.openqa.selenium.ElementNotInteractableException: element not interactable
  (Session info: chrome=131.0.6778.140)
Build info: version: '4.26.0', revision: '8ccf0219d7'
System info: os.name: 'Windows 11', os.arch: 'amd64', os.version: '10.0', java.version: '21.0.5'
Driver info: org.openqa.selenium.chrome.ChromeDriver
Command: [f16180c8a799e5cc5c9e58916b672635, sendKeysToElement {id=f.7E16ECC2F1A6832181806D639365C871.d.364543682A2DEF98FFA9018DC5D1C57F.e.49, value=[Ljava.lang.CharSequence;@42112666}]
Capabilities {acceptInsecureCerts: false, browserName: chrome, browserVersion: 131.0.6778.140, chrome: {chromedriverVersion: 131.0.6778.108 (3b014839fbc..., userDataDir: C:\Users\vamsh\AppData\Loca...}, fedcm:accounts: true, goog:chromeOptions: {debuggerAddress: localhost:63127}, networkConnectionEnabled: false, pageLoadStrategy: normal, platformName: windows, proxy: Proxy(), se:cdp: ws://localhost:63127/devtoo..., se:cdpVersion: 131.0.6778.140, setWindowRect: true, strictFileInteractability: false, timeouts: {implicit: 0, pageLoad: 300000, script: 30000}, unhandledPromptBehavior: dismiss and notify, webauthn:extension:credBlob: true, webauthn:extension:largeBlob: true, webauthn:extension:minPinLength: true, webauthn:extension:prf: true, webauthn:virtualAuthenticators: true}
Element: [[ChromeDriver: chrome on windows (f16180c8a799e5cc5c9e58916b672635)] -> css selector: .CodeMirror textarea]
Session ID: f16180c8a799e5cc5c9e58916b672635
	at java.base/jdk.internal.reflect.DirectConstructorHandleAccessor.newInstance(DirectConstructorHandleAccessor.java:62)
	at java.base/java.lang.reflect.Constructor.newInstanceWithCaller(Constructor.java:502)
	at java.base/java.lang.reflect.Constructor.newInstance(Constructor.java:486)
	at org.openqa.selenium.remote.ErrorCodec.decode(ErrorCodec.java:167)
	at org.openqa.selenium.remote.codec.w3c.W3CHttpResponseCodec.decode(W3CHttpResponseCodec.java:138)
	at org.openqa.selenium.remote.codec.w3c.W3CHttpResponseCodec.decode(W3CHttpResponseCodec.java:50)
	at org.openqa.selenium.remote.HttpCommandExecutor.execute(HttpCommandExecutor.java:190)
	at org.openqa.selenium.remote.service.DriverCommandExecutor.invokeExecute(DriverCommandExecutor.java:216)
	at org.openqa.selenium.remote.service.DriverCommandExecutor.execute(DriverCommandExecutor.java:174)
	at org.openqa.selenium.remote.RemoteWebDriver.execute(RemoteWebDriver.java:545)
	at org.openqa.selenium.remote.RemoteWebElement.execute(RemoteWebElement.java:223)
	at org.openqa.selenium.remote.RemoteWebElement.sendKeys(RemoteWebElement.java:110)
	at PageObjects.IntroductionPage.enterCodeInEditor(IntroductionPage.java:82)
	at StepDefinitions.DSIntroductionDetails.user_writes_valid_code_and_clicks_run_button(DSIntroductionDetails.java:197)
	at ✽.User writes valid code and clicks run button(file:///C:/Projects/newFolder-3/Repo1/src/test/resources/Features/ArrayDetailsPage.feature:107)
&amp#27;[0m
  &amp#27;[36mThen &amp#27;[0m&amp#27;[36mThe user should able to see output in the console&amp#27;[0m                       &amp#27;[90m# StepDefinitions.DSIntroductionDetails.the_user_should_able_to_see_output_in_the_console()&amp#27;[0m
[ERROR] 2024-12-17 09:44:47.178 [TestNG-PoolService-3] Hooks - ======================  TEST CASE FAILED !! ======================

    Embedding screenshot [image/png 7853 bytes]

[INFO ] 2024-12-17 09:44:47.344 [TestNG-PoolService-3] Hooks - ======================  Screenshot is captured  ======================
[INFO ] 2024-12-17 09:44:47.347 [TestNG-PoolService-3] Hooks - ======================  Test Execution is completed!! ======================
  &amp#27;[32mWhen &amp#27;[0m&amp#27;[32mThe user clicks on Get Started link for array&amp#27;[0m                                             &amp#27;[90m# StepDefinitions.ArrayStepDefintions.the_user_clicks_on_get_started_link_for_array()&amp#27;[0m
]]></system-out>
    <system-err><![CDATA[Dec 17, 2024 9:44:46 AM org.openqa.selenium.devtools.CdpVersionFinder findNearestMatch
WARNING: Unable to find an exact match for CDP version 131, returning the closest version; found: 130; Please update to a Selenium version that supports CDP version 131
]]></system-err>
  </testcase>
  <testcase name="runScenario[&quot;Valid code on try editor for applications of array runs successfully&quot;, &quot;Array detail page&quot;](21)" classname="TestRunners.TestRunner" time="5.247">
    <system-out><![CDATA[
Scenario: validate user able to navigate to practice question page for max consecutive ones question &amp#27;[90m# src/test/resources/Features/ArrayDetailsPage.feature:115&amp#27;[0m
  &amp#27;[32mGiven &amp#27;[0m&amp#27;[32mThe user is on the DS Introduction page as signedIn&amp#27;[0m                    &amp#27;[90m# StepDefinitions.DSIntroductionDetails.the_user_is_on_the_ds_introduction_page_as_signed_in()&amp#27;[0m
  &amp#27;[32mWhen &amp#27;[0m&amp#27;[32mThe user clicks on Get Started link for array&amp#27;[0m                           &amp#27;[90m# StepDefinitions.ArrayStepDefintions.the_user_clicks_on_get_started_link_for_array()&amp#27;[0m
  &amp#27;[32mGiven &amp#27;[0m&amp#27;[32mThe user is on the applications of array&amp#27;[0m                               &amp#27;[90m# StepDefinitions.ArrayStepDefintions.the_user_is_on_the_applications_of_array()&amp#27;[0m
  &amp#27;[32mWhen &amp#27;[0m&amp#27;[32mUser writes valid code and clicks run button&amp#27;[0m                            &amp#27;[90m# StepDefinitions.DSIntroductionDetails.user_writes_valid_code_and_clicks_run_button()&amp#27;[0m
  &amp#27;[32mThen &amp#27;[0m&amp#27;[32mThe user should able to see output in the console&amp#27;[0m                       &amp#27;[90m# StepDefinitions.DSIntroductionDetails.the_user_should_able_to_see_output_in_the_console()&amp#27;[0m
[INFO ] 2024-12-17 09:56:03.643 [TestNG-PoolService-3] Hooks - ======================  Test Execution is completed!! ======================
  &amp#27;[32mGiven &amp#27;[0m&amp#27;[32mThe user is on the DS Introduction page as signedIn&amp#27;[0m                                      &amp#27;[90m# StepDefinitions.DSIntroductionDetails.the_user_is_on_the_ds_introduction_page_as_signed_in()&amp#27;[0m
  &amp#27;[32mWhen &amp#27;[0m&amp#27;[32mThe user clicks on Get Started link for array&amp#27;[0m                                             &amp#27;[90m# StepDefinitions.ArrayStepDefintions.the_user_clicks_on_get_started_link_for_array()&amp#27;[0m
  &amp#27;[32mGiven &amp#27;[0m&amp#27;[32mThe user is on the practice questions page&amp#27;[0m                                               &amp#27;[90m# StepDefinitions.ArrayStepDefintions.the_user_click_on_the_practice_questions_link()&amp#27;[0m
]]></system-out>
  </testcase>
  <testcase name="runScenario[&quot;Valid code on try editor for applications of array runs successfully&quot;, &quot;Array detail page&quot;](21)" classname="TestRunners.TestRunner" time="0.649">
    <system-out><![CDATA[
Scenario: validate user able to navigate to practice question page for max consecutive ones question &amp#27;[90m# src/test/resources/Features/ArrayDetailsPage.feature:115&amp#27;[0m
]]></system-out>
  </testcase>
  <testcase name="runScenario[&quot;validate user able to navigate to practice question page for search the array question&quot;, &quot;Array detail page&quot;](22)" classname="TestRunners.TestRunner" time="2.668">
    <system-out><![CDATA[
Scenario: validate user able to navigate to practice question page for even number question &amp#27;[90m# src/test/resources/Features/ArrayDetailsPage.feature:120&amp#27;[0m
  &amp#27;[32mGiven &amp#27;[0m&amp#27;[32mThe user is on the practice questions page&amp#27;[0m                                               &amp#27;[90m# StepDefinitions.ArrayStepDefintions.the_user_click_on_the_practice_questions_link()&amp#27;[0m
  &amp#27;[32mGiven &amp#27;[0m&amp#27;[32mThe user is on the DS Introduction page as signedIn&amp#27;[0m                                          &amp#27;[90m# StepDefinitions.DSIntroductionDetails.the_user_is_on_the_ds_introduction_page_as_signed_in()&amp#27;[0m
  &amp#27;[32mWhen &amp#27;[0m&amp#27;[32mthe user click on The Search the array link&amp#27;[0m                                               &amp#27;[90m# StepDefinitions.ArrayStepDefintions.the_user_click_on_the_search_the_array_link()&amp#27;[0m
  &amp#27;[32mWhen &amp#27;[0m&amp#27;[32mThe user clicks on Get Started link for array&amp#27;[0m                                                 &amp#27;[90m# StepDefinitions.ArrayStepDefintions.the_user_clicks_on_get_started_link_for_array()&amp#27;[0m
  &amp#27;[32mThen &amp#27;[0m&amp#27;[32mthe user should be redirected to practice question page for search the array&amp#27;[0m              &amp#27;[90m# StepDefinitions.ArrayStepDefintions.the_user_should_be_redirected_to_practice_question_page_for_search_the_array()&amp#27;[0m
[INFO ] 2024-12-17 09:44:49.980 [TestNG-PoolService-1] Hooks - ======================  Test Execution is completed!! ======================
]]></system-out>
    <system-err><![CDATA[Dec 17, 2024 9:44:49 AM org.openqa.selenium.devtools.CdpVersionFinder findNearestMatch
WARNING: Unable to find an exact match for CDP version 131, returning the closest version; found: 130; Please update to a Selenium version that supports CDP version 131
]]></system-err>
  </testcase>
  <testcase name="runScenario[&quot;validate user able to navigate to practice question page for search the array question&quot;, &quot;Array detail page&quot;](22)" classname="TestRunners.TestRunner" time="3.117">
    <system-out><![CDATA[
Scenario: validate user able to navigate to practice question page for even number question &amp#27;[90m# src/test/resources/Features/ArrayDetailsPage.feature:120&amp#27;[0m
  &amp#27;[32mWhen &amp#27;[0m&amp#27;[32mthe user click on The Search the array link&amp#27;[0m                                               &amp#27;[90m# StepDefinitions.ArrayStepDefintions.the_user_click_on_the_search_the_array_link()&amp#27;[0m
  &amp#27;[32mThen &amp#27;[0m&amp#27;[32mthe user should be redirected to practice question page for search the array&amp#27;[0m              &amp#27;[90m# StepDefinitions.ArrayStepDefintions.the_user_should_be_redirected_to_practice_question_page_for_search_the_array()&amp#27;[0m
[INFO ] 2024-12-17 09:56:06.526 [TestNG-PoolService-2] Hooks - ======================  Test Execution is completed!! ======================
]]></system-out>
  </testcase>
  <testcase name="runScenario[&quot;validate user able to navigate to practice question page for search the array question&quot;, &quot;Array detail page&quot;](22)" classname="TestRunners.TestRunner" time="8.971">
    <system-out><![CDATA[
Scenario: validate user able to navigate to practice question page for even number question &amp#27;[90m# src/test/resources/Features/ArrayDetailsPage.feature:120&amp#27;[0m
  &amp#27;[32mGiven &amp#27;[0m&amp#27;[32mThe user is on the DS Introduction page as signedIn&amp#27;[0m                                      &amp#27;[90m# StepDefinitions.DSIntroductionDetails.the_user_is_on_the_ds_introduction_page_as_signed_in()&amp#27;[0m
  &amp#27;[32mWhen &amp#27;[0m&amp#27;[32mThe user clicks on Get Started link for array&amp#27;[0m                                             &amp#27;[90m# StepDefinitions.ArrayStepDefintions.the_user_clicks_on_get_started_link_for_array()&amp#27;[0m
  &amp#27;[32mGiven &amp#27;[0m&amp#27;[32mThe user is on the DS Introduction page as signedIn&amp#27;[0m                                          &amp#27;[90m# StepDefinitions.DSIntroductionDetails.the_user_is_on_the_ds_introduction_page_as_signed_in()&amp#27;[0m
  &amp#27;[32mWhen &amp#27;[0m&amp#27;[32mThe user clicks on Get Started link for array&amp#27;[0m                                                 &amp#27;[90m# StepDefinitions.ArrayStepDefintions.the_user_clicks_on_get_started_link_for_array()&amp#27;[0m
  &amp#27;[32mGiven &amp#27;[0m&amp#27;[32mThe user is on the DS Introduction page as signedIn&amp#27;[0m                                 &amp#27;[90m# StepDefinitions.DSIntroductionDetails.the_user_is_on_the_ds_introduction_page_as_signed_in()&amp#27;[0m
  &amp#27;[32mGiven &amp#27;[0m&amp#27;[32mThe user is on the practice questions page&amp#27;[0m                                               &amp#27;[90m# StepDefinitions.ArrayStepDefintions.the_user_click_on_the_practice_questions_link()&amp#27;[0m
  &amp#27;[32mWhen &amp#27;[0m&amp#27;[32mThe user clicks on Get Started link for array&amp#27;[0m                                        &amp#27;[90m# StepDefinitions.ArrayStepDefintions.the_user_clicks_on_get_started_link_for_array()&amp#27;[0m
  &amp#27;[32mGiven &amp#27;[0m&amp#27;[32mThe user is on the practice questions page&amp#27;[0m                                                   &amp#27;[90m# StepDefinitions.ArrayStepDefintions.the_user_click_on_the_practice_questions_link()&amp#27;[0m
  &amp#27;[32mWhen &amp#27;[0m&amp#27;[32mthe user click on The Search the array link&amp#27;[0m                                               &amp#27;[90m# StepDefinitions.ArrayStepDefintions.the_user_click_on_the_search_the_array_link()&amp#27;[0m
  &amp#27;[32mThen &amp#27;[0m&amp#27;[32mthe user should be redirected to practice question page for search the array&amp#27;[0m              &amp#27;[90m# StepDefinitions.ArrayStepDefintions.the_user_should_be_redirected_to_practice_question_page_for_search_the_array()&amp#27;[0m
[INFO ] 2024-12-17 10:12:51.876 [TestNG-PoolService-1] Hooks - ======================  Test Execution is completed!! ======================
  &amp#27;[32mGiven &amp#27;[0m&amp#27;[32mThe user is on the practice questions page&amp#27;[0m                                          &amp#27;[90m# StepDefinitions.ArrayStepDefintions.the_user_click_on_the_practice_questions_link()&amp#27;[0m
  &amp#27;[32mWhen &amp#27;[0m&amp#27;[32mthe user click on The Max Consecutive Ones link&amp#27;[0m                                               &amp#27;[90m# StepDefinitions.ArrayStepDefintions.the_user_click_on_the_max_consecutive_ones_link()&amp#27;[0m
  &amp#27;[32mThen &amp#27;[0m&amp#27;[32mthe user should be redirected to practice question page for max consecutive ones&amp#27;[0m              &amp#27;[90m# StepDefinitions.ArrayStepDefintions.the_user_should_be_redirected_to_practice_question_page_for_max_consecutive_ones()&amp#27;[0m
[INFO ] 2024-12-17 10:12:52.334 [TestNG-PoolService-3] Hooks - ======================  Test Execution is completed!! ======================
  &amp#27;[32mWhen &amp#27;[0m&amp#27;[32mthe user click on the even number question link&amp#27;[0m                                      &amp#27;[90m# StepDefinitions.ArrayStepDefintions.the_user_click_on_the_even_numbers_link()&amp#27;[0m
  &amp#27;[32mThen &amp#27;[0m&amp#27;[32mthe user should be redirected to practice question page for even number of digits&amp#27;[0m    &amp#27;[90m# StepDefinitions.ArrayStepDefintions.the_user_should_be_redirected_to_practice_question_page_for_even_number_of_digits()&amp#27;[0m
[INFO ] 2024-12-17 10:12:52.934 [TestNG-PoolService-2] Hooks - ======================  Test Execution is completed!! ======================
]]></system-out>
    <system-err><![CDATA[Dec 17, 2024 10:12:46 AM org.openqa.selenium.devtools.CdpVersionFinder findNearestMatch
WARNING: Unable to find an exact match for CDP version 131, returning the closest version; found: 130; Please update to a Selenium version that supports CDP version 131
Dec 17, 2024 10:12:46 AM org.openqa.selenium.devtools.CdpVersionFinder findNearestMatch
WARNING: Unable to find an exact match for CDP version 131, returning the closest version; found: 130; Please update to a Selenium version that supports CDP version 131
Dec 17, 2024 10:12:47 AM org.openqa.selenium.devtools.CdpVersionFinder findNearestMatch
WARNING: Unable to find an exact match for CDP version 131, returning the closest version; found: 130; Please update to a Selenium version that supports CDP version 131
]]></system-err>
  </testcase>
  <testcase name="runScenario[&quot;validate user able to navigate to practice question page for max consecutive ones question&quot;, &quot;Array detail page&quot;](23)" classname="TestRunners.TestRunner" time="2.416">
    <system-out><![CDATA[
Scenario: validate user able to navigate to practice question page for sorted array question &amp#27;[90m# src/test/resources/Features/ArrayDetailsPage.feature:125&amp#27;[0m
  &amp#27;[32mGiven &amp#27;[0m&amp#27;[32mThe user is on the practice questions page&amp#27;[0m                                                   &amp#27;[90m# StepDefinitions.ArrayStepDefintions.the_user_click_on_the_practice_questions_link()&amp#27;[0m
  &amp#27;[32mGiven &amp#27;[0m&amp#27;[32mThe user is on the DS Introduction page as signedIn&amp#27;[0m                                 &amp#27;[90m# StepDefinitions.DSIntroductionDetails.the_user_is_on_the_ds_introduction_page_as_signed_in()&amp#27;[0m
  &amp#27;[32mWhen &amp#27;[0m&amp#27;[32mthe user click on The Max Consecutive Ones link&amp#27;[0m                                               &amp#27;[90m# StepDefinitions.ArrayStepDefintions.the_user_click_on_the_max_consecutive_ones_link()&amp#27;[0m
  &amp#27;[32mThen &amp#27;[0m&amp#27;[32mthe user should be redirected to practice question page for max consecutive ones&amp#27;[0m              &amp#27;[90m# StepDefinitions.ArrayStepDefintions.the_user_should_be_redirected_to_practice_question_page_for_max_consecutive_ones()&amp#27;[0m
[INFO ] 2024-12-17 09:44:52.228 [TestNG-PoolService-2] Hooks - ======================  Test Execution is completed!! ======================
  &amp#27;[32mWhen &amp#27;[0m&amp#27;[32mThe user clicks on Get Started link for array&amp#27;[0m                                        &amp#27;[90m# StepDefinitions.ArrayStepDefintions.the_user_clicks_on_get_started_link_for_array()&amp#27;[0m
]]></system-out>
    <system-err><![CDATA[Dec 17, 2024 9:44:51 AM org.openqa.selenium.devtools.CdpVersionFinder findNearestMatch
WARNING: Unable to find an exact match for CDP version 131, returning the closest version; found: 130; Please update to a Selenium version that supports CDP version 131
]]></system-err>
  </testcase>
  <testcase name="runScenario[&quot;validate user able to navigate to practice question page for max consecutive ones question&quot;, &quot;Array detail page&quot;](23)" classname="TestRunners.TestRunner" time="4.336">
    <system-out><![CDATA[
Scenario: validate user able to navigate to practice question page for sorted array question &amp#27;[90m# src/test/resources/Features/ArrayDetailsPage.feature:125&amp#27;[0m
  &amp#27;[32mGiven &amp#27;[0m&amp#27;[32mThe user is on the DS Introduction page as signedIn&amp#27;[0m                                          &amp#27;[90m# StepDefinitions.DSIntroductionDetails.the_user_is_on_the_ds_introduction_page_as_signed_in()&amp#27;[0m
  &amp#27;[32mWhen &amp#27;[0m&amp#27;[32mThe user clicks on Get Started link for array&amp#27;[0m                                                 &amp#27;[90m# StepDefinitions.ArrayStepDefintions.the_user_clicks_on_get_started_link_for_array()&amp#27;[0m
  &amp#27;[32mGiven &amp#27;[0m&amp#27;[32mThe user is on the practice questions page&amp#27;[0m                                                   &amp#27;[90m# StepDefinitions.ArrayStepDefintions.the_user_click_on_the_practice_questions_link()&amp#27;[0m
  &amp#27;[32mWhen &amp#27;[0m&amp#27;[32mthe user click on The Max Consecutive Ones link&amp#27;[0m                                               &amp#27;[90m# StepDefinitions.ArrayStepDefintions.the_user_click_on_the_max_consecutive_ones_link()&amp#27;[0m
  &amp#27;[32mThen &amp#27;[0m&amp#27;[32mthe user should be redirected to practice question page for max consecutive ones&amp#27;[0m              &amp#27;[90m# StepDefinitions.ArrayStepDefintions.the_user_should_be_redirected_to_practice_question_page_for_max_consecutive_ones()&amp#27;[0m
[INFO ] 2024-12-17 09:56:11.142 [TestNG-PoolService-1] Hooks - ======================  Test Execution is completed!! ======================
]]></system-out>
  </testcase>
  <testcase name="runScenario[&quot;validate user able to navigate to practice question page for max consecutive ones question&quot;, &quot;Array detail page&quot;](23)" classname="TestRunners.TestRunner" time="0.348">
    <system-out><![CDATA[
Scenario: validate user able to navigate to practice question page for sorted array question &amp#27;[90m# src/test/resources/Features/ArrayDetailsPage.feature:125&amp#27;[0m
]]></system-out>
  </testcase>
  <testcase name="runScenario[&quot;validate user able to navigate to practice question page for even number question&quot;, &quot;Array detail page&quot;](24)" classname="TestRunners.TestRunner" time="2.334">
    <system-out><![CDATA[
Scenario Outline: Validate user is able to run the code in tryEditor for Search the array link                            &amp#27;[90m# src/test/resources/Features/ArrayDetailsPage.feature:136&amp#27;[0m
  &amp#27;[32mGiven &amp#27;[0m&amp#27;[32mThe user is on the practice questions page&amp#27;[0m                                          &amp#27;[90m# StepDefinitions.ArrayStepDefintions.the_user_click_on_the_practice_questions_link()&amp#27;[0m
  &amp#27;[32mWhen &amp#27;[0m&amp#27;[32mthe user click on the even number question link&amp#27;[0m                                      &amp#27;[90m# StepDefinitions.ArrayStepDefintions.the_user_click_on_the_even_numbers_link()&amp#27;[0m
  &amp#27;[32mThen &amp#27;[0m&amp#27;[32mthe user should be redirected to practice question page for even number of digits&amp#27;[0m    &amp#27;[90m# StepDefinitions.ArrayStepDefintions.the_user_should_be_redirected_to_practice_question_page_for_even_number_of_digits()&amp#27;[0m
[INFO ] 2024-12-17 09:44:54.744 [TestNG-PoolService-3] Hooks - ======================  Test Execution is completed!! ======================
  &amp#27;[32mGiven &amp#27;[0m&amp#27;[32mThe user is on the DS Introduction page as signedIn&amp#27;[0m                                  &amp#27;[90m# StepDefinitions.DSIntroductionDetails.the_user_is_on_the_ds_introduction_page_as_signed_in()&amp#27;[0m
]]></system-out>
    <system-err><![CDATA[Dec 17, 2024 9:44:54 AM org.openqa.selenium.devtools.CdpVersionFinder findNearestMatch
WARNING: Unable to find an exact match for CDP version 131, returning the closest version; found: 130; Please update to a Selenium version that supports CDP version 131
]]></system-err>
  </testcase>
  <testcase name="runScenario[&quot;validate user able to navigate to practice question page for even number question&quot;, &quot;Array detail page&quot;](24)" classname="TestRunners.TestRunner" time="4.927">
    <system-out><![CDATA[
Scenario Outline: Validate user is able to run the code in tryEditor for Search the array link                            &amp#27;[90m# src/test/resources/Features/ArrayDetailsPage.feature:136&amp#27;[0m
  &amp#27;[32mGiven &amp#27;[0m&amp#27;[32mThe user is on the DS Introduction page as signedIn&amp#27;[0m                                 &amp#27;[90m# StepDefinitions.DSIntroductionDetails.the_user_is_on_the_ds_introduction_page_as_signed_in()&amp#27;[0m
  &amp#27;[32mWhen &amp#27;[0m&amp#27;[32mThe user clicks on Get Started link for array&amp#27;[0m                                        &amp#27;[90m# StepDefinitions.ArrayStepDefintions.the_user_clicks_on_get_started_link_for_array()&amp#27;[0m
  &amp#27;[32mGiven &amp#27;[0m&amp#27;[32mThe user is on the practice questions page&amp#27;[0m                                          &amp#27;[90m# StepDefinitions.ArrayStepDefintions.the_user_click_on_the_practice_questions_link()&amp#27;[0m
  &amp#27;[32mWhen &amp#27;[0m&amp#27;[32mthe user click on the even number question link&amp#27;[0m                                      &amp#27;[90m# StepDefinitions.ArrayStepDefintions.the_user_click_on_the_even_numbers_link()&amp#27;[0m
  &amp#27;[32mThen &amp#27;[0m&amp#27;[32mthe user should be redirected to practice question page for even number of digits&amp#27;[0m    &amp#27;[90m# StepDefinitions.ArrayStepDefintions.the_user_should_be_redirected_to_practice_question_page_for_even_number_of_digits()&amp#27;[0m
[INFO ] 2024-12-17 09:56:16.115 [TestNG-PoolService-3] Hooks - ======================  Test Execution is completed!! ======================
  &amp#27;[32mGiven &amp#27;[0m&amp#27;[32mThe user is on the DS Introduction page as signedIn&amp#27;[0m                                  &amp#27;[90m# StepDefinitions.DSIntroductionDetails.the_user_is_on_the_ds_introduction_page_as_signed_in()&amp#27;[0m
]]></system-out>
  </testcase>
  <testcase name="runScenario[&quot;validate user able to navigate to practice question page for even number question&quot;, &quot;Array detail page&quot;](24)" classname="TestRunners.TestRunner" time="0.502">
    <system-out><![CDATA[
Scenario Outline: Validate user is able to run the code in tryEditor for Search the array link                            &amp#27;[90m# src/test/resources/Features/ArrayDetailsPage.feature:136&amp#27;[0m
]]></system-out>
  </testcase>
  <testcase name="runScenario[&quot;validate user able to navigate to practice question page for sorted array question&quot;, &quot;Array detail page&quot;](25)" classname="TestRunners.TestRunner" time="3.185">
    <system-out><![CDATA[
Scenario Outline: Validate user is able to Submit the code in tryEditor for Search the array link                            &amp#27;[90m# src/test/resources/Features/ArrayDetailsPage.feature:145&amp#27;[0m
  &amp#27;[32mWhen &amp#27;[0m&amp#27;[32mThe user clicks on Get Started link for array&amp#27;[0m                                         &amp#27;[90m# StepDefinitions.ArrayStepDefintions.the_user_clicks_on_get_started_link_for_array()&amp#27;[0m
  &amp#27;[32mGiven &amp#27;[0m&amp#27;[32mThe user is on the practice questions page&amp#27;[0m                                           &amp#27;[90m# StepDefinitions.ArrayStepDefintions.the_user_click_on_the_practice_questions_link()&amp#27;[0m
  &amp#27;[32mGiven &amp#27;[0m&amp#27;[32mThe user is on the DS Introduction page as signedIn&amp#27;[0m                                                               &amp#27;[90m# StepDefinitions.DSIntroductionDetails.the_user_is_on_the_ds_introduction_page_as_signed_in()&amp#27;[0m
  &amp#27;[32mWhen &amp#27;[0m&amp#27;[32mThe user clicks on Get Started link for array&amp#27;[0m                                                                      &amp#27;[90m# StepDefinitions.ArrayStepDefintions.the_user_clicks_on_get_started_link_for_array()&amp#27;[0m
  &amp#27;[32mWhen &amp#27;[0m&amp#27;[32mthe user click on the sorted array link&amp#27;[0m                                               &amp#27;[90m# StepDefinitions.ArrayStepDefintions.the_user_click_on_the_sort_array_link()&amp#27;[0m
  &amp#27;[32mThen &amp#27;[0m&amp#27;[32mthe user should be redirected to practice question page for sorted array&amp#27;[0m              &amp#27;[90m# StepDefinitions.ArrayStepDefintions.the_user_should_be_redirected_to_practice_question_page_for_sorted_array()&amp#27;[0m
[INFO ] 2024-12-17 09:44:57.913 [TestNG-PoolService-1] Hooks - ======================  Test Execution is completed!! ======================
]]></system-out>
    <system-err><![CDATA[Dec 17, 2024 9:44:56 AM org.openqa.selenium.devtools.CdpVersionFinder findNearestMatch
WARNING: Unable to find an exact match for CDP version 131, returning the closest version; found: 130; Please update to a Selenium version that supports CDP version 131
]]></system-err>
  </testcase>
  <testcase name="runScenario[&quot;validate user able to navigate to practice question page for sorted array question&quot;, &quot;Array detail page&quot;](25)" classname="TestRunners.TestRunner" time="4.044">
    <system-out><![CDATA[
Scenario Outline: Validate user is able to Submit the code in tryEditor for Search the array link                            &amp#27;[90m# src/test/resources/Features/ArrayDetailsPage.feature:145&amp#27;[0m
  &amp#27;[32mWhen &amp#27;[0m&amp#27;[32mThe user clicks on Get Started link for array&amp#27;[0m                                         &amp#27;[90m# StepDefinitions.ArrayStepDefintions.the_user_clicks_on_get_started_link_for_array()&amp#27;[0m
  &amp#27;[32mGiven &amp#27;[0m&amp#27;[32mThe user is on the practice questions page&amp#27;[0m                                           &amp#27;[90m# StepDefinitions.ArrayStepDefintions.the_user_click_on_the_practice_questions_link()&amp#27;[0m
  &amp#27;[32mWhen &amp#27;[0m&amp#27;[32mthe user click on the sorted array link&amp#27;[0m                                               &amp#27;[90m# StepDefinitions.ArrayStepDefintions.the_user_click_on_the_sort_array_link()&amp#27;[0m
  &amp#27;[32mThen &amp#27;[0m&amp#27;[32mthe user should be redirected to practice question page for sorted array&amp#27;[0m              &amp#27;[90m# StepDefinitions.ArrayStepDefintions.the_user_should_be_redirected_to_practice_question_page_for_sorted_array()&amp#27;[0m
[INFO ] 2024-12-17 09:56:19.873 [TestNG-PoolService-2] Hooks - ======================  Test Execution is completed!! ======================
]]></system-out>
  </testcase>
  <testcase name="runScenario[&quot;validate user able to navigate to practice question page for sorted array question&quot;, &quot;Array detail page&quot;](25)" classname="TestRunners.TestRunner" time="10.546">
    <system-out><![CDATA[
Scenario Outline: Validate user is able to Submit the code in tryEditor for Search the array link                            &amp#27;[90m# src/test/resources/Features/ArrayDetailsPage.feature:145&amp#27;[0m
  &amp#27;[32mGiven &amp#27;[0m&amp#27;[32mThe user is on the DS Introduction page as signedIn&amp#27;[0m                                                               &amp#27;[90m# StepDefinitions.DSIntroductionDetails.the_user_is_on_the_ds_introduction_page_as_signed_in()&amp#27;[0m
  &amp#27;[32mGiven &amp#27;[0m&amp#27;[32mThe user is on the DS Introduction page as signedIn&amp#27;[0m                                  &amp#27;[90m# StepDefinitions.DSIntroductionDetails.the_user_is_on_the_ds_introduction_page_as_signed_in()&amp#27;[0m
  &amp#27;[32mWhen &amp#27;[0m&amp#27;[32mThe user clicks on Get Started link for array&amp#27;[0m                                                                      &amp#27;[90m# StepDefinitions.ArrayStepDefintions.the_user_clicks_on_get_started_link_for_array()&amp#27;[0m
  &amp#27;[32mWhen &amp#27;[0m&amp#27;[32mThe user clicks on Get Started link for array&amp#27;[0m                                         &amp#27;[90m# StepDefinitions.ArrayStepDefintions.the_user_clicks_on_get_started_link_for_array()&amp#27;[0m
  &amp#27;[32mGiven &amp#27;[0m&amp#27;[32mThe user is on the DS Introduction page as signedIn&amp#27;[0m                                                                  &amp#27;[90m# StepDefinitions.DSIntroductionDetails.the_user_is_on_the_ds_introduction_page_as_signed_in()&amp#27;[0m
  &amp#27;[32mWhen &amp#27;[0m&amp#27;[32mThe user clicks on Get Started link for array&amp#27;[0m                                                                         &amp#27;[90m# StepDefinitions.ArrayStepDefintions.the_user_clicks_on_get_started_link_for_array()&amp#27;[0m
  &amp#27;[32mGiven &amp#27;[0m&amp#27;[32mThe user is on the practice questions page&amp#27;[0m                                           &amp#27;[90m# StepDefinitions.ArrayStepDefintions.the_user_click_on_the_practice_questions_link()&amp#27;[0m
  &amp#27;[32mGiven &amp#27;[0m&amp#27;[32mThe user is on the Practice Questions page of Search array page&amp#27;[0m                                                   &amp#27;[90m# StepDefinitions.ArrayStepDefintions.the_user_is_on_the_practice_questions_page_of_search_array_page()&amp#27;[0m
def search(input_list, num):
  &amp#27;[32mWhen &amp#27;[0m&amp#27;[32mthe user click on the sorted array link&amp#27;[0m                                               &amp#27;[90m# StepDefinitions.ArrayStepDefintions.the_user_click_on_the_sort_array_link()&amp#27;[0m
if(num in input_list):
  &amp#27;[32mThen &amp#27;[0m&amp#27;[32mthe user should be redirected to practice question page for sorted array&amp#27;[0m              &amp#27;[90m# StepDefinitions.ArrayStepDefintions.the_user_should_be_redirected_to_practice_question_page_for_sorted_array()&amp#27;[0m
[INFO ] 2024-12-17 10:13:03.166 [TestNG-PoolService-1] Hooks - ======================  Test Execution is completed!! ======================
print("Element Found")
  &amp#27;[32mGiven &amp#27;[0m&amp#27;[32mThe user is on the Practice Questions page of Search array page&amp#27;[0m                                                      &amp#27;[90m# StepDefinitions.ArrayStepDefintions.the_user_is_on_the_practice_questions_page_of_search_array_page()&amp#27;[0m
def search(input_list, num):
else:
print("Not Found")
if(num in input_list):
search([12, 23, 45, 67, 6, 90] , 12)
print("Element Found")
else:
print("Not Found")
  &amp#27;[32mWhen &amp#27;[0m&amp#27;[32mThe user enter python code in tryEditor page sheet &amp#27;[0m&amp#27;[32m&amp#27;[1m"pythonCode"&amp#27;[0m&amp#27;[32m and row &amp#27;[0m&amp#27;[32m&amp#27;[1m0&amp#27;[0m&amp#27;[32m for the Question and click on run button&amp#27;[0m &amp#27;[90m# StepDefinitions.ArrayStepDefintions.the_user_enter_valid_python_code_in_try_editor_page_sheet_and_for_the_question_run_button(java.lang.String,int)&amp#27;[0m
search([12, 23, 45, 67, 6, 90] , 12)
  &amp#27;[32mThen &amp#27;[0m&amp#27;[32mthe user should be presented with the Run result from sheet &amp#27;[0m&amp#27;[32m&amp#27;[1m"pythonCode"&amp#27;[0m&amp#27;[32m and row &amp#27;[0m&amp#27;[32m&amp#27;[1m0&amp#27;[0m                                 &amp#27;[90m# StepDefinitions.ArrayStepDefintions.the_user_should_be_presented_with_the_run_result(java.lang.String,int)&amp#27;[0m
[INFO ] 2024-12-17 10:13:04.303 [TestNG-PoolService-3] Hooks - ======================  Test Execution is completed!! ======================
]]></system-out>
    <system-err><![CDATA[Dec 17, 2024 10:12:56 AM org.openqa.selenium.devtools.CdpVersionFinder findNearestMatch
WARNING: Unable to find an exact match for CDP version 131, returning the closest version; found: 130; Please update to a Selenium version that supports CDP version 131
Dec 17, 2024 10:12:56 AM org.openqa.selenium.devtools.CdpVersionFinder findNearestMatch
WARNING: Unable to find an exact match for CDP version 131, returning the closest version; found: 130; Please update to a Selenium version that supports CDP version 131
Dec 17, 2024 10:12:57 AM org.openqa.selenium.devtools.CdpVersionFinder findNearestMatch
WARNING: Unable to find an exact match for CDP version 131, returning the closest version; found: 130; Please update to a Selenium version that supports CDP version 131
]]></system-err>
  </testcase>
  <testcase name="runScenario[&quot;Validate user is able to run the code in tryEditor for Search the array link&quot;, &quot;Array detail page&quot;](26)" classname="TestRunners.TestRunner" time="5.08">
    <system-out><![CDATA[
Scenario: Validate user is presented with error message for the code with the invalid syntax in tryEditor for search the array link &amp#27;[90m# src/test/resources/Features/ArrayDetailsPage.feature:148&amp#27;[0m
  &amp#27;[32mGiven &amp#27;[0m&amp#27;[32mThe user is on the DS Introduction page as signedIn&amp#27;[0m                                                                  &amp#27;[90m# StepDefinitions.DSIntroductionDetails.the_user_is_on_the_ds_introduction_page_as_signed_in()&amp#27;[0m
  &amp#27;[32mGiven &amp#27;[0m&amp#27;[32mThe user is on the Practice Questions page of Search array page&amp#27;[0m                                                   &amp#27;[90m# StepDefinitions.ArrayStepDefintions.the_user_is_on_the_practice_questions_page_of_search_array_page()&amp#27;[0m
  &amp#27;[32mWhen &amp#27;[0m&amp#27;[32mThe user clicks on Get Started link for array&amp#27;[0m                                                                         &amp#27;[90m# StepDefinitions.ArrayStepDefintions.the_user_clicks_on_get_started_link_for_array()&amp#27;[0m
def search(input_list, num):
if(num in input_list):
print("Element Found")
  &amp#27;[32mGiven &amp#27;[0m&amp#27;[32mThe user is on the Practice Questions page of Search array page&amp#27;[0m                                                      &amp#27;[90m# StepDefinitions.ArrayStepDefintions.the_user_is_on_the_practice_questions_page_of_search_array_page()&amp#27;[0m
else:
print("Not Found")
def search(input_list, num):
search([12, 23, 45, 67, 6, 90] , 12)
  &amp#27;[32mGiven &amp#27;[0m&amp#27;[32mThe user is on the DS Introduction page as signedIn&amp#27;[0m                                                                         &amp#27;[90m# StepDefinitions.DSIntroductionDetails.the_user_is_on_the_ds_introduction_page_as_signed_in()&amp#27;[0m
if(num in input_list):
print("Element Found")
  &amp#27;[32mWhen &amp#27;[0m&amp#27;[32mThe user enter python code in tryEditor page sheet &amp#27;[0m&amp#27;[32m&amp#27;[1m"pythonCode"&amp#27;[0m&amp#27;[32m and row &amp#27;[0m&amp#27;[32m&amp#27;[1m0&amp#27;[0m&amp#27;[32m for the Question and click on run button&amp#27;[0m &amp#27;[90m# StepDefinitions.ArrayStepDefintions.the_user_enter_valid_python_code_in_try_editor_page_sheet_and_for_the_question_run_button(java.lang.String,int)&amp#27;[0m
else:
  &amp#27;[32mWhen &amp#27;[0m&amp#27;[32mThe user clicks on Get Started link for array&amp#27;[0m                                                                                &amp#27;[90m# StepDefinitions.ArrayStepDefintions.the_user_clicks_on_get_started_link_for_array()&amp#27;[0m
print("Not Found")
  &amp#27;[32mThen &amp#27;[0m&amp#27;[32mthe user should be presented with the Run result from sheet &amp#27;[0m&amp#27;[32m&amp#27;[1m"pythonCode"&amp#27;[0m&amp#27;[32m and row &amp#27;[0m&amp#27;[32m&amp#27;[1m0&amp#27;[0m                                 &amp#27;[90m# StepDefinitions.ArrayStepDefintions.the_user_should_be_presented_with_the_run_result(java.lang.String,int)&amp#27;[0m
[INFO ] 2024-12-17 09:45:02.980 [TestNG-PoolService-2] Hooks - ======================  Test Execution is completed!! ======================
search([12, 23, 45, 67, 6, 90] , 12)
]]></system-out>
    <system-err><![CDATA[Dec 17, 2024 9:44:59 AM org.openqa.selenium.devtools.CdpVersionFinder findNearestMatch
WARNING: Unable to find an exact match for CDP version 131, returning the closest version; found: 130; Please update to a Selenium version that supports CDP version 131
]]></system-err>
  </testcase>
  <testcase name="runScenario[&quot;Validate user is able to run the code in tryEditor for Search the array link&quot;, &quot;Array detail page&quot;](26)" classname="TestRunners.TestRunner" time="6.737">
    <failure message="Unexpected alert dialog detected. Performed handler &quot;dismiss&quot;. Dialog text: SyntaxError: bad input on line 2: &#10;Build info: version: &apos;4.26.0&apos;, revision: &apos;8ccf0219d7&apos;&#10;System info: os.name: &apos;Windows 11&apos;, os.arch: &apos;amd64&apos;, os.version: &apos;10.0&apos;, java.version: &apos;21.0.5&apos;&#10;Driver info: org.openqa.selenium.firefox.FirefoxDriver&#10;Command: [8eafd762-934b-4ebc-96a2-8b0b7ab1fa80, findElement {using=css selector, value=#output}]&#10;Capabilities {acceptInsecureCerts: true, browserName: firefox, browserVersion: 133.0.3, moz:accessibilityChecks: false, moz:buildID: 20241209150345, moz:debuggerAddress: 127.0.0.1:12818, moz:geckodriverVersion: 0.35.0, moz:headless: false, moz:platformVersion: 10.0, moz:processID: 5268, moz:profile: C:\Users\vamsh\AppData\Loca..., moz:shutdownTimeout: 60000, moz:webdriverClick: true, moz:windowless: false, pageLoadStrategy: normal, platformName: windows, proxy: Proxy(), se:cdp: ws://127.0.0.1:12818/devtoo..., se:cdpVersion: 85.0, setWindowRect: true, strictFileInteractability: false, timeouts: {implicit: 0, pageLoad: 300000, script: 30000}, unhandledPromptBehavior: dismiss and notify, userAgent: Mozilla/5.0 (Windows NT 10....}&#10;Session ID: 8eafd762-934b-4ebc-96a2-8b0b7ab1fa80" type="org.openqa.selenium.UnhandledAlertException"><![CDATA[org.openqa.selenium.UnhandledAlertException: 
Unexpected alert dialog detected. Performed handler "dismiss". Dialog text: SyntaxError: bad input on line 2: 
Build info: version: '4.26.0', revision: '8ccf0219d7'
System info: os.name: 'Windows 11', os.arch: 'amd64', os.version: '10.0', java.version: '21.0.5'
Driver info: org.openqa.selenium.firefox.FirefoxDriver
Command: [8eafd762-934b-4ebc-96a2-8b0b7ab1fa80, findElement {using=css selector, value=#output}]
Capabilities {acceptInsecureCerts: true, browserName: firefox, browserVersion: 133.0.3, moz:accessibilityChecks: false, moz:buildID: 20241209150345, moz:debuggerAddress: 127.0.0.1:12818, moz:geckodriverVersion: 0.35.0, moz:headless: false, moz:platformVersion: 10.0, moz:processID: 5268, moz:profile: C:\Users\vamsh\AppData\Loca..., moz:shutdownTimeout: 60000, moz:webdriverClick: true, moz:windowless: false, pageLoadStrategy: normal, platformName: windows, proxy: Proxy(), se:cdp: ws://127.0.0.1:12818/devtoo..., se:cdpVersion: 85.0, setWindowRect: true, strictFileInteractability: false, timeouts: {implicit: 0, pageLoad: 300000, script: 30000}, unhandledPromptBehavior: dismiss and notify, userAgent: Mozilla/5.0 (Windows NT 10....}
Session ID: 8eafd762-934b-4ebc-96a2-8b0b7ab1fa80
]]></failure>
    <system-out><![CDATA[
Scenario: Validate user is presented with error message for the code with the invalid syntax in tryEditor for search the array link &amp#27;[90m# src/test/resources/Features/ArrayDetailsPage.feature:148&amp#27;[0m
  &amp#27;[32mGiven &amp#27;[0m&amp#27;[32mThe user is on the DS Introduction page as signedIn&amp#27;[0m                                                               &amp#27;[90m# StepDefinitions.DSIntroductionDetails.the_user_is_on_the_ds_introduction_page_as_signed_in()&amp#27;[0m
  &amp#27;[32mWhen &amp#27;[0m&amp#27;[32mThe user clicks on Get Started link for array&amp#27;[0m                                                                      &amp#27;[90m# StepDefinitions.ArrayStepDefintions.the_user_clicks_on_get_started_link_for_array()&amp#27;[0m
  &amp#27;[32mGiven &amp#27;[0m&amp#27;[32mThe user is on the Practice Questions page of Search array page&amp#27;[0m                                                   &amp#27;[90m# StepDefinitions.ArrayStepDefintions.the_user_is_on_the_practice_questions_page_of_search_array_page()&amp#27;[0m
def search(input_list, num):
if(num in input_list):
print("Element Found")
else:
print("Not Found")
search([12, 23, 45, 67, 6, 90] , 12)
  &amp#27;[32mWhen &amp#27;[0m&amp#27;[32mThe user enter python code in tryEditor page sheet &amp#27;[0m&amp#27;[32m&amp#27;[1m"pythonCode"&amp#27;[0m&amp#27;[32m and row &amp#27;[0m&amp#27;[32m&amp#27;[1m0&amp#27;[0m&amp#27;[32m for the Question and click on run button&amp#27;[0m &amp#27;[90m# StepDefinitions.ArrayStepDefintions.the_user_enter_valid_python_code_in_try_editor_page_sheet_and_for_the_question_run_button(java.lang.String,int)&amp#27;[0m
  &amp#27;[31mThen &amp#27;[0m&amp#27;[31mthe user should be presented with the Run result from sheet &amp#27;[0m&amp#27;[31m&amp#27;[1m"pythonCode"&amp#27;[0m&amp#27;[31m and row &amp#27;[0m&amp#27;[31m&amp#27;[1m0&amp#27;[0m                                 &amp#27;[90m# StepDefinitions.ArrayStepDefintions.the_user_should_be_presented_with_the_run_result(java.lang.String,int)&amp#27;[0m
      &amp#27;[31morg.openqa.selenium.UnhandledAlertException: Unexpected alert dialog detected. Performed handler "dismiss". Dialog text: SyntaxError: bad input on line 2: 
Build info: version: '4.26.0', revision: '8ccf0219d7'
System info: os.name: 'Windows 11', os.arch: 'amd64', os.version: '10.0', java.version: '21.0.5'
Driver info: org.openqa.selenium.firefox.FirefoxDriver
Command: [8eafd762-934b-4ebc-96a2-8b0b7ab1fa80, findElement {using=css selector, value=#output}]
Capabilities {acceptInsecureCerts: true, browserName: firefox, browserVersion: 133.0.3, moz:accessibilityChecks: false, moz:buildID: 20241209150345, moz:debuggerAddress: 127.0.0.1:12818, moz:geckodriverVersion: 0.35.0, moz:headless: false, moz:platformVersion: 10.0, moz:processID: 5268, moz:profile: C:\Users\vamsh\AppData\Loca..., moz:shutdownTimeout: 60000, moz:webdriverClick: true, moz:windowless: false, pageLoadStrategy: normal, platformName: windows, proxy: Proxy(), se:cdp: ws://127.0.0.1:12818/devtoo..., se:cdpVersion: 85.0, setWindowRect: true, strictFileInteractability: false, timeouts: {implicit: 0, pageLoad: 300000, script: 30000}, unhandledPromptBehavior: dismiss and notify, userAgent: Mozilla/5.0 (Windows NT 10....}
Session ID: 8eafd762-934b-4ebc-96a2-8b0b7ab1fa80
	at org.openqa.selenium.remote.codec.w3c.W3CHttpResponseCodec.decode(W3CHttpResponseCodec.java:136)
	at org.openqa.selenium.remote.codec.w3c.W3CHttpResponseCodec.decode(W3CHttpResponseCodec.java:50)
	at org.openqa.selenium.remote.HttpCommandExecutor.execute(HttpCommandExecutor.java:190)
	at org.openqa.selenium.remote.service.DriverCommandExecutor.invokeExecute(DriverCommandExecutor.java:216)
	at org.openqa.selenium.remote.service.DriverCommandExecutor.execute(DriverCommandExecutor.java:174)
	at org.openqa.selenium.remote.RemoteWebDriver.execute(RemoteWebDriver.java:545)
	at org.openqa.selenium.remote.ElementLocation$ElementFinder$2.findElement(ElementLocation.java:165)
	at org.openqa.selenium.remote.ElementLocation.findElement(ElementLocation.java:59)
	at org.openqa.selenium.remote.RemoteWebDriver.findElement(RemoteWebDriver.java:368)
	at org.openqa.selenium.remote.RemoteWebDriver.findElement(RemoteWebDriver.java:362)
	at PageObjects.IntroductionPage.getTextForElement(IntroductionPage.java:106)
	at StepDefinitions.ArrayStepDefintions.the_user_should_be_presented_with_the_run_result(ArrayStepDefintions.java:159)
	at ✽.the user should be presented with the Run result from sheet "pythonCode" and row 0(file:///C:/Projects/newFolder-3/Repo1/src/test/resources/Features/ArrayDetailsPage.feature:133)
&amp#27;[0m
[ERROR] 2024-12-17 09:56:26.311 [TestNG-PoolService-1] Hooks - ======================  TEST CASE FAILED !! ======================

    Embedding screenshot [image/png 66121 bytes]

[INFO ] 2024-12-17 09:56:26.423 [TestNG-PoolService-1] Hooks - ======================  Screenshot is captured  ======================
[INFO ] 2024-12-17 09:56:26.425 [TestNG-PoolService-1] Hooks - ======================  Test Execution is completed!! ======================
  &amp#27;[32mGiven &amp#27;[0m&amp#27;[32mThe user is on the DS Introduction page as signedIn&amp#27;[0m                                                                  &amp#27;[90m# StepDefinitions.DSIntroductionDetails.the_user_is_on_the_ds_introduction_page_as_signed_in()&amp#27;[0m
  &amp#27;[32mWhen &amp#27;[0m&amp#27;[32mThe user clicks on Get Started link for array&amp#27;[0m                                                                         &amp#27;[90m# StepDefinitions.ArrayStepDefintions.the_user_clicks_on_get_started_link_for_array()&amp#27;[0m
]]></system-out>
  </testcase>
  <testcase name="runScenario[&quot;Validate user is able to run the code in tryEditor for Search the array link&quot;, &quot;Array detail page&quot;](26)" classname="TestRunners.TestRunner" time="0.933">
    <system-out><![CDATA[
Scenario: Validate user is presented with error message for the code with the invalid syntax in tryEditor for search the array link &amp#27;[90m# src/test/resources/Features/ArrayDetailsPage.feature:148&amp#27;[0m
  &amp#27;[32mWhen &amp#27;[0m&amp#27;[32mThe user enter python code in tryEditor page sheet &amp#27;[0m&amp#27;[32m&amp#27;[1m"pythonCode"&amp#27;[0m&amp#27;[32m and row &amp#27;[0m&amp#27;[32m&amp#27;[1m1&amp#27;[0m&amp#27;[32m for the Question and click on submit button&amp#27;[0m &amp#27;[90m# StepDefinitions.ArrayStepDefintions.the_user_enter_valid_python_code_in_try_editor_page_sheet_and_for_the_question_submit_button(java.lang.String,int)&amp#27;[0m
]]></system-out>
  </testcase>
  <testcase name="runScenario[&quot;Validate user is able to Submit the code in tryEditor for Search the array link&quot;, &quot;Array detail page&quot;](27)" classname="TestRunners.TestRunner" time="1.824">
    <system-out><![CDATA[
Scenario Outline: Validate user is able to run the code in tryEditor for Max Consecutive Ones                             &amp#27;[90m# src/test/resources/Features/ArrayDetailsPage.feature:159&amp#27;[0m
  &amp#27;[32mWhen &amp#27;[0m&amp#27;[32mThe user enter python code in tryEditor page sheet &amp#27;[0m&amp#27;[32m&amp#27;[1m"pythonCode"&amp#27;[0m&amp#27;[32m and row &amp#27;[0m&amp#27;[32m&amp#27;[1m1&amp#27;[0m&amp#27;[32m for the Question and click on submit button&amp#27;[0m &amp#27;[90m# StepDefinitions.ArrayStepDefintions.the_user_enter_valid_python_code_in_try_editor_page_sheet_and_for_the_question_submit_button(java.lang.String,int)&amp#27;[0m
  &amp#27;[32mThen &amp#27;[0m&amp#27;[32mthe user should be presented with the Run result from sheet &amp#27;[0m&amp#27;[32m&amp#27;[1m"pythonCode"&amp#27;[0m&amp#27;[32m and row &amp#27;[0m&amp#27;[32m&amp#27;[1m1&amp#27;[0m                                    &amp#27;[90m# StepDefinitions.ArrayStepDefintions.the_user_should_be_presented_with_the_run_result(java.lang.String,int)&amp#27;[0m
[INFO ] 2024-12-17 09:45:04.764 [TestNG-PoolService-3] Hooks - ======================  Test Execution is completed!! ======================
]]></system-out>
    <system-err><![CDATA[Dec 17, 2024 9:45:04 AM org.openqa.selenium.devtools.CdpVersionFinder findNearestMatch
WARNING: Unable to find an exact match for CDP version 131, returning the closest version; found: 130; Please update to a Selenium version that supports CDP version 131
]]></system-err>
  </testcase>
  <testcase name="runScenario[&quot;Validate user is able to Submit the code in tryEditor for Search the array link&quot;, &quot;Array detail page&quot;](27)" classname="TestRunners.TestRunner" time="5.125">
    <failure message="expected [ Some Tests failed. Please review code] but found [Error occurred during submission]" type="java.lang.AssertionError"><![CDATA[java.lang.AssertionError: expected [ Some Tests failed. Please review code] but found [Error occurred during submission]
]]></failure>
    <system-out><![CDATA[
Scenario Outline: Validate user is able to run the code in tryEditor for Max Consecutive Ones                             &amp#27;[90m# src/test/resources/Features/ArrayDetailsPage.feature:159&amp#27;[0m
  &amp#27;[32mGiven &amp#27;[0m&amp#27;[32mThe user is on the Practice Questions page of Search array page&amp#27;[0m                                                      &amp#27;[90m# StepDefinitions.ArrayStepDefintions.the_user_is_on_the_practice_questions_page_of_search_array_page()&amp#27;[0m
def search(input_list, num):
if(num in input_list):
print("Element Found")
else:
print("Not Found")
search([12, 23, 45, 67, 6, 90] , 12)
  &amp#27;[32mGiven &amp#27;[0m&amp#27;[32mThe user is on the DS Introduction page as signedIn&amp#27;[0m                                                                         &amp#27;[90m# StepDefinitions.DSIntroductionDetails.the_user_is_on_the_ds_introduction_page_as_signed_in()&amp#27;[0m
  &amp#27;[32mWhen &amp#27;[0m&amp#27;[32mThe user enter python code in tryEditor page sheet &amp#27;[0m&amp#27;[32m&amp#27;[1m"pythonCode"&amp#27;[0m&amp#27;[32m and row &amp#27;[0m&amp#27;[32m&amp#27;[1m1&amp#27;[0m&amp#27;[32m for the Question and click on submit button&amp#27;[0m &amp#27;[90m# StepDefinitions.ArrayStepDefintions.the_user_enter_valid_python_code_in_try_editor_page_sheet_and_for_the_question_submit_button(java.lang.String,int)&amp#27;[0m
  &amp#27;[31mThen &amp#27;[0m&amp#27;[31mthe user should be presented with the Run result from sheet &amp#27;[0m&amp#27;[31m&amp#27;[1m"pythonCode"&amp#27;[0m&amp#27;[31m and row &amp#27;[0m&amp#27;[31m&amp#27;[1m1&amp#27;[0m                                    &amp#27;[90m# StepDefinitions.ArrayStepDefintions.the_user_should_be_presented_with_the_run_result(java.lang.String,int)&amp#27;[0m
      &amp#27;[31mjava.lang.AssertionError: expected [ Some Tests failed. Please review code] but found [Error occurred during submission]
	at org.testng.Assert.fail(Assert.java:111)
	at org.testng.Assert.failNotEquals(Assert.java:1578)
	at org.testng.Assert.assertEqualsImpl(Assert.java:150)
	at org.testng.Assert.assertEquals(Assert.java:132)
	at org.testng.Assert.assertEquals(Assert.java:656)
	at org.testng.Assert.assertEquals(Assert.java:666)
	at StepDefinitions.ArrayStepDefintions.the_user_should_be_presented_with_the_run_result(ArrayStepDefintions.java:159)
	at ✽.the user should be presented with the Run result from sheet "pythonCode" and row 1(file:///C:/Projects/newFolder-3/Repo1/src/test/resources/Features/ArrayDetailsPage.feature:142)
&amp#27;[0m
  &amp#27;[32mWhen &amp#27;[0m&amp#27;[32mThe user clicks on Get Started link for array&amp#27;[0m                                                                                &amp#27;[90m# StepDefinitions.ArrayStepDefintions.the_user_clicks_on_get_started_link_for_array()&amp#27;[0m
[ERROR] 2024-12-17 09:56:32.161 [TestNG-PoolService-3] Hooks - ======================  TEST CASE FAILED !! ======================

    Embedding screenshot [image/png 67513 bytes]

[INFO ] 2024-12-17 09:56:32.259 [TestNG-PoolService-3] Hooks - ======================  Screenshot is captured  ======================
[INFO ] 2024-12-17 09:56:32.261 [TestNG-PoolService-3] Hooks - ======================  Test Execution is completed!! ======================
]]></system-out>
  </testcase>
  <testcase name="runScenario[&quot;Validate user is able to Submit the code in tryEditor for Search the array link&quot;, &quot;Array detail page&quot;](27)" classname="TestRunners.TestRunner" time="1.264">
    <system-out><![CDATA[
Scenario Outline: Validate user is able to run the code in tryEditor for Max Consecutive Ones                             &amp#27;[90m# src/test/resources/Features/ArrayDetailsPage.feature:159&amp#27;[0m
  &amp#27;[32mThen &amp#27;[0m&amp#27;[32mthe user should be presented with the Run result from sheet &amp#27;[0m&amp#27;[32m&amp#27;[1m"pythonCode"&amp#27;[0m&amp#27;[32m and row &amp#27;[0m&amp#27;[32m&amp#27;[1m1&amp#27;[0m                                    &amp#27;[90m# StepDefinitions.ArrayStepDefintions.the_user_should_be_presented_with_the_run_result(java.lang.String,int)&amp#27;[0m
[INFO ] 2024-12-17 10:13:05.767 [TestNG-PoolService-2] Hooks - ======================  Test Execution is completed!! ======================
]]></system-out>
  </testcase>
  <testcase name="runScenario[&quot;Validate user is presented with error message for the code with the invalid syntax in tryEditor for search the array link&quot;, &quot;Array detail page&quot;](28)" classname="TestRunners.TestRunner" time="0.434">
    <system-out><![CDATA[  &amp#27;[32mGiven &amp#27;[0m&amp#27;[32mThe user is on the Practice Questions page of Search array page&amp#27;[0m                                                             &amp#27;[90m# StepDefinitions.ArrayStepDefintions.the_user_is_on_the_practice_questions_page_of_search_array_page()&amp#27;[0m

Scenario Outline: Validate user is able to Submit the code in tryEditor for Max Consecutive Ones                             &amp#27;[90m# src/test/resources/Features/ArrayDetailsPage.feature:168&amp#27;[0m
  &amp#27;[32mWhen &amp#27;[0m&amp#27;[32mthe user click on run button&amp#27;[0m                                                                                                 &amp#27;[90m# StepDefinitions.ArrayStepDefintions.the_user_click_on_run_button()&amp#27;[0m
  &amp#27;[32mThen &amp#27;[0m&amp#27;[32mThe user should see an alert error message as &amp#27;[0m&amp#27;[32m&amp#27;[1m"SyntaxError: bad input on line 2"&amp#27;[0m                                             &amp#27;[90m# StepDefinitions.DSIntroductionDetails.the_user_should_see_an_alert_error_message(java.lang.String)&amp#27;[0m
[INFO ] 2024-12-17 09:45:05.348 [TestNG-PoolService-1] Hooks - ======================  Test Execution is completed!! ======================
]]></system-out>
  </testcase>
  <testcase name="runScenario[&quot;Validate user is presented with error message for the code with the invalid syntax in tryEditor for search the array link&quot;, &quot;Array detail page&quot;](28)" classname="TestRunners.TestRunner" time="2.735">
    <system-out><![CDATA[
Scenario Outline: Validate user is able to Submit the code in tryEditor for Max Consecutive Ones                             &amp#27;[90m# src/test/resources/Features/ArrayDetailsPage.feature:168&amp#27;[0m
  &amp#27;[32mGiven &amp#27;[0m&amp#27;[32mThe user is on the Practice Questions page of Search array page&amp#27;[0m                                                             &amp#27;[90m# StepDefinitions.ArrayStepDefintions.the_user_is_on_the_practice_questions_page_of_search_array_page()&amp#27;[0m
  &amp#27;[32mWhen &amp#27;[0m&amp#27;[32mthe user click on run button&amp#27;[0m                                                                                                 &amp#27;[90m# StepDefinitions.ArrayStepDefintions.the_user_click_on_run_button()&amp#27;[0m
  &amp#27;[32mThen &amp#27;[0m&amp#27;[32mThe user should see an alert error message as &amp#27;[0m&amp#27;[32m&amp#27;[1m"SyntaxError: bad input on line 2"&amp#27;[0m                                             &amp#27;[90m# StepDefinitions.DSIntroductionDetails.the_user_should_see_an_alert_error_message(java.lang.String)&amp#27;[0m
[INFO ] 2024-12-17 09:56:34.521 [TestNG-PoolService-2] Hooks - ======================  Test Execution is completed!! ======================
]]></system-out>
  </testcase>
  <testcase name="runScenario[&quot;Validate user is presented with error message for the code with the invalid syntax in tryEditor for search the array link&quot;, &quot;Array detail page&quot;](28)" classname="TestRunners.TestRunner" time="7.4">
    <system-out><![CDATA[
Scenario Outline: Validate user is able to Submit the code in tryEditor for Max Consecutive Ones                             &amp#27;[90m# src/test/resources/Features/ArrayDetailsPage.feature:168&amp#27;[0m
  &amp#27;[32mGiven &amp#27;[0m&amp#27;[32mThe user is on the DS Introduction page as signedIn&amp#27;[0m                                                                         &amp#27;[90m# StepDefinitions.DSIntroductionDetails.the_user_is_on_the_ds_introduction_page_as_signed_in()&amp#27;[0m
  &amp#27;[32mWhen &amp#27;[0m&amp#27;[32mThe user clicks on Get Started link for array&amp#27;[0m                                                                                &amp#27;[90m# StepDefinitions.ArrayStepDefintions.the_user_clicks_on_get_started_link_for_array()&amp#27;[0m
  &amp#27;[32mGiven &amp#27;[0m&amp#27;[32mThe user is on the DS Introduction page as signedIn&amp#27;[0m                                                               &amp#27;[90m# StepDefinitions.DSIntroductionDetails.the_user_is_on_the_ds_introduction_page_as_signed_in()&amp#27;[0m
  &amp#27;[32mWhen &amp#27;[0m&amp#27;[32mThe user clicks on Get Started link for array&amp#27;[0m                                                                      &amp#27;[90m# StepDefinitions.ArrayStepDefintions.the_user_clicks_on_get_started_link_for_array()&amp#27;[0m
  &amp#27;[32mGiven &amp#27;[0m&amp#27;[32mThe user is on the DS Introduction page as signedIn&amp#27;[0m                                                                  &amp#27;[90m# StepDefinitions.DSIntroductionDetails.the_user_is_on_the_ds_introduction_page_as_signed_in()&amp#27;[0m
  &amp#27;[32mGiven &amp#27;[0m&amp#27;[32mThe user is on the Practice Questions page of Search array page&amp#27;[0m                                                             &amp#27;[90m# StepDefinitions.ArrayStepDefintions.the_user_is_on_the_practice_questions_page_of_search_array_page()&amp#27;[0m
  &amp#27;[32mWhen &amp#27;[0m&amp#27;[32mthe user click on run button&amp#27;[0m                                                                                                 &amp#27;[90m# StepDefinitions.ArrayStepDefintions.the_user_click_on_run_button()&amp#27;[0m
  &amp#27;[32mThen &amp#27;[0m&amp#27;[32mThe user should see an alert error message as &amp#27;[0m&amp#27;[32m&amp#27;[1m"SyntaxError: bad input on line 2"&amp#27;[0m                                             &amp#27;[90m# StepDefinitions.DSIntroductionDetails.the_user_should_see_an_alert_error_message(java.lang.String)&amp#27;[0m
[INFO ] 2024-12-17 10:13:13.014 [TestNG-PoolService-1] Hooks - ======================  Test Execution is completed!! ======================
  &amp#27;[32mWhen &amp#27;[0m&amp#27;[32mThe user clicks on Get Started link for array&amp#27;[0m                                                                         &amp#27;[90m# StepDefinitions.ArrayStepDefintions.the_user_clicks_on_get_started_link_for_array()&amp#27;[0m
  &amp#27;[32mGiven &amp#27;[0m&amp#27;[32mThe user is on the Practice Questions page of Max Consecutive Ones&amp#27;[0m                                                &amp#27;[90m# StepDefinitions.ArrayStepDefintions.the_user_is_on_the_practice_questions_page_of_max_consecutive_ones()&amp#27;[0m
def findMaxConsecutiveOnes(nums) :
count = 0
result = 0
for i in range(0, len(nums)):
]]></system-out>
    <system-err><![CDATA[Dec 17, 2024 10:13:07 AM org.openqa.selenium.devtools.CdpVersionFinder findNearestMatch
WARNING: Unable to find an exact match for CDP version 131, returning the closest version; found: 130; Please update to a Selenium version that supports CDP version 131
Dec 17, 2024 10:13:08 AM org.openqa.selenium.devtools.CdpVersionFinder findNearestMatch
WARNING: Unable to find an exact match for CDP version 131, returning the closest version; found: 130; Please update to a Selenium version that supports CDP version 131
Dec 17, 2024 10:13:10 AM org.openqa.selenium.devtools.CdpVersionFinder findNearestMatch
WARNING: Unable to find an exact match for CDP version 131, returning the closest version; found: 130; Please update to a Selenium version that supports CDP version 131
]]></system-err>
  </testcase>
  <testcase name="runScenario[&quot;Validate user is able to run the code in tryEditor for Max Consecutive Ones&quot;, &quot;Array detail page&quot;](29)" classname="TestRunners.TestRunner" time="8.06">
    <system-out><![CDATA[
Scenario: Validate user is presented with error message for the code with the invalid syntax in tryEditor for Max Consecutive Ones &amp#27;[90m# src/test/resources/Features/ArrayDetailsPage.feature:171&amp#27;[0m
  &amp#27;[32mGiven &amp#27;[0m&amp#27;[32mThe user is on the DS Introduction page as signedIn&amp#27;[0m                                                               &amp#27;[90m# StepDefinitions.DSIntroductionDetails.the_user_is_on_the_ds_introduction_page_as_signed_in()&amp#27;[0m
  &amp#27;[32mWhen &amp#27;[0m&amp#27;[32mThe user clicks on Get Started link for array&amp#27;[0m                                                                      &amp#27;[90m# StepDefinitions.ArrayStepDefintions.the_user_clicks_on_get_started_link_for_array()&amp#27;[0m
  &amp#27;[32mGiven &amp#27;[0m&amp#27;[32mThe user is on the DS Introduction page as signedIn&amp#27;[0m                                                                  &amp#27;[90m# StepDefinitions.DSIntroductionDetails.the_user_is_on_the_ds_introduction_page_as_signed_in()&amp#27;[0m
  &amp#27;[32mWhen &amp#27;[0m&amp#27;[32mThe user clicks on Get Started link for array&amp#27;[0m                                                                         &amp#27;[90m# StepDefinitions.ArrayStepDefintions.the_user_clicks_on_get_started_link_for_array()&amp#27;[0m
  &amp#27;[32mGiven &amp#27;[0m&amp#27;[32mThe user is on the DS Introduction page as signedIn&amp#27;[0m                                                                        &amp#27;[90m# StepDefinitions.DSIntroductionDetails.the_user_is_on_the_ds_introduction_page_as_signed_in()&amp#27;[0m
  &amp#27;[32mGiven &amp#27;[0m&amp#27;[32mThe user is on the Practice Questions page of Max Consecutive Ones&amp#27;[0m                                                &amp#27;[90m# StepDefinitions.ArrayStepDefintions.the_user_is_on_the_practice_questions_page_of_max_consecutive_ones()&amp#27;[0m
def findMaxConsecutiveOnes(nums) :
  &amp#27;[32mWhen &amp#27;[0m&amp#27;[32mThe user clicks on Get Started link for array&amp#27;[0m                                                                               &amp#27;[90m# StepDefinitions.ArrayStepDefintions.the_user_clicks_on_get_started_link_for_array()&amp#27;[0m
count = 0
result = 0
for i in range(0, len(nums)):
if (nums[i] == 0):
count = 0
else:
count+= 1
result = max(result, count)
print(result)
findMaxConsecutiveOnes([1,0,1,1,0,1])
  &amp#27;[32mGiven &amp#27;[0m&amp#27;[32mThe user is on the Practice Questions page of Max Consecutive Ones&amp#27;[0m                                                   &amp#27;[90m# StepDefinitions.ArrayStepDefintions.the_user_is_on_the_practice_questions_page_of_max_consecutive_ones()&amp#27;[0m
def findMaxConsecutiveOnes(nums) :
  &amp#27;[32mWhen &amp#27;[0m&amp#27;[32mThe user enter python code in tryEditor page sheet &amp#27;[0m&amp#27;[32m&amp#27;[1m"pythonCode"&amp#27;[0m&amp#27;[32m and row &amp#27;[0m&amp#27;[32m&amp#27;[1m2&amp#27;[0m&amp#27;[32m for the Question and click on run button&amp#27;[0m &amp#27;[90m# StepDefinitions.ArrayStepDefintions.the_user_enter_valid_python_code_in_try_editor_page_sheet_and_for_the_question_run_button(java.lang.String,int)&amp#27;[0m
  &amp#27;[32mThen &amp#27;[0m&amp#27;[32mthe user should be presented with the Run result from sheet &amp#27;[0m&amp#27;[32m&amp#27;[1m"pythonCode"&amp#27;[0m&amp#27;[32m and row &amp#27;[0m&amp#27;[32m&amp#27;[1m2&amp#27;[0m                                 &amp#27;[90m# StepDefinitions.ArrayStepDefintions.the_user_should_be_presented_with_the_run_result(java.lang.String,int)&amp#27;[0m
[INFO ] 2024-12-17 09:45:13.164 [TestNG-PoolService-2] Hooks - ======================  Test Execution is completed!! ======================
count = 0
  &amp#27;[32mGiven &amp#27;[0m&amp#27;[32mThe user is on the Practice Questions page of Max Consecutive Ones&amp#27;[0m                                                         &amp#27;[90m# StepDefinitions.ArrayStepDefintions.the_user_is_on_the_practice_questions_page_of_max_consecutive_ones()&amp#27;[0m
result = 0
for i in range(0, len(nums)):
  &amp#27;[32mWhen &amp#27;[0m&amp#27;[32mthe user click on run button&amp#27;[0m                                                                                                &amp#27;[90m# StepDefinitions.ArrayStepDefintions.the_user_click_on_run_button()&amp#27;[0m
  &amp#27;[32mThen &amp#27;[0m&amp#27;[32mThe user should see an alert error message as &amp#27;[0m&amp#27;[32m&amp#27;[1m"SyntaxError: bad input on line 2"&amp#27;[0m                                            &amp#27;[90m# StepDefinitions.DSIntroductionDetails.the_user_should_see_an_alert_error_message(java.lang.String)&amp#27;[0m
[INFO ] 2024-12-17 09:45:13.459 [TestNG-PoolService-1] Hooks - ======================  Test Execution is completed!! ======================
]]></system-out>
    <system-err><![CDATA[Dec 17, 2024 9:45:06 AM org.openqa.selenium.devtools.CdpVersionFinder findNearestMatch
WARNING: Unable to find an exact match for CDP version 131, returning the closest version; found: 130; Please update to a Selenium version that supports CDP version 131
Dec 17, 2024 9:45:07 AM org.openqa.selenium.devtools.CdpVersionFinder findNearestMatch
WARNING: Unable to find an exact match for CDP version 131, returning the closest version; found: 130; Please update to a Selenium version that supports CDP version 131
]]></system-err>
  </testcase>
  <testcase name="runScenario[&quot;Validate user is able to run the code in tryEditor for Max Consecutive Ones&quot;, &quot;Array detail page&quot;](29)" classname="TestRunners.TestRunner" time="7.4">
    <failure message="Unexpected alert dialog detected. Performed handler &quot;dismiss&quot;. Dialog text: SyntaxError: bad input on line 2: &#10;Build info: version: &apos;4.26.0&apos;, revision: &apos;8ccf0219d7&apos;&#10;System info: os.name: &apos;Windows 11&apos;, os.arch: &apos;amd64&apos;, os.version: &apos;10.0&apos;, java.version: &apos;21.0.5&apos;&#10;Driver info: org.openqa.selenium.firefox.FirefoxDriver&#10;Command: [baf81d13-afff-424d-9fe7-e48daca4ccc4, findElement {using=css selector, value=#output}]&#10;Capabilities {acceptInsecureCerts: true, browserName: firefox, browserVersion: 133.0.3, moz:accessibilityChecks: false, moz:buildID: 20241209150345, moz:debuggerAddress: 127.0.0.1:28687, moz:geckodriverVersion: 0.35.0, moz:headless: false, moz:platformVersion: 10.0, moz:processID: 17456, moz:profile: C:\Users\vamsh\AppData\Loca..., moz:shutdownTimeout: 60000, moz:webdriverClick: true, moz:windowless: false, pageLoadStrategy: normal, platformName: windows, proxy: Proxy(), se:cdp: ws://127.0.0.1:28687/devtoo..., se:cdpVersion: 85.0, setWindowRect: true, strictFileInteractability: false, timeouts: {implicit: 0, pageLoad: 300000, script: 30000}, unhandledPromptBehavior: dismiss and notify, userAgent: Mozilla/5.0 (Windows NT 10....}&#10;Session ID: baf81d13-afff-424d-9fe7-e48daca4ccc4" type="org.openqa.selenium.UnhandledAlertException"><![CDATA[org.openqa.selenium.UnhandledAlertException: 
Unexpected alert dialog detected. Performed handler "dismiss". Dialog text: SyntaxError: bad input on line 2: 
Build info: version: '4.26.0', revision: '8ccf0219d7'
System info: os.name: 'Windows 11', os.arch: 'amd64', os.version: '10.0', java.version: '21.0.5'
Driver info: org.openqa.selenium.firefox.FirefoxDriver
Command: [baf81d13-afff-424d-9fe7-e48daca4ccc4, findElement {using=css selector, value=#output}]
Capabilities {acceptInsecureCerts: true, browserName: firefox, browserVersion: 133.0.3, moz:accessibilityChecks: false, moz:buildID: 20241209150345, moz:debuggerAddress: 127.0.0.1:28687, moz:geckodriverVersion: 0.35.0, moz:headless: false, moz:platformVersion: 10.0, moz:processID: 17456, moz:profile: C:\Users\vamsh\AppData\Loca..., moz:shutdownTimeout: 60000, moz:webdriverClick: true, moz:windowless: false, pageLoadStrategy: normal, platformName: windows, proxy: Proxy(), se:cdp: ws://127.0.0.1:28687/devtoo..., se:cdpVersion: 85.0, setWindowRect: true, strictFileInteractability: false, timeouts: {implicit: 0, pageLoad: 300000, script: 30000}, unhandledPromptBehavior: dismiss and notify, userAgent: Mozilla/5.0 (Windows NT 10....}
Session ID: baf81d13-afff-424d-9fe7-e48daca4ccc4
]]></failure>
    <system-out><![CDATA[
Scenario: Validate user is presented with error message for the code with the invalid syntax in tryEditor for Max Consecutive Ones &amp#27;[90m# src/test/resources/Features/ArrayDetailsPage.feature:171&amp#27;[0m
  &amp#27;[32mGiven &amp#27;[0m&amp#27;[32mThe user is on the DS Introduction page as signedIn&amp#27;[0m                                                               &amp#27;[90m# StepDefinitions.DSIntroductionDetails.the_user_is_on_the_ds_introduction_page_as_signed_in()&amp#27;[0m
  &amp#27;[32mWhen &amp#27;[0m&amp#27;[32mThe user clicks on Get Started link for array&amp#27;[0m                                                                      &amp#27;[90m# StepDefinitions.ArrayStepDefintions.the_user_clicks_on_get_started_link_for_array()&amp#27;[0m
  &amp#27;[32mGiven &amp#27;[0m&amp#27;[32mThe user is on the Practice Questions page of Max Consecutive Ones&amp#27;[0m                                                &amp#27;[90m# StepDefinitions.ArrayStepDefintions.the_user_is_on_the_practice_questions_page_of_max_consecutive_ones()&amp#27;[0m
def findMaxConsecutiveOnes(nums) :
count = 0
result = 0
for i in range(0, len(nums)):
if (nums[i] == 0):
count = 0
else:
count+= 1
result = max(result, count)
print(result)
findMaxConsecutiveOnes([1,0,1,1,0,1])
  &amp#27;[32mWhen &amp#27;[0m&amp#27;[32mThe user enter python code in tryEditor page sheet &amp#27;[0m&amp#27;[32m&amp#27;[1m"pythonCode"&amp#27;[0m&amp#27;[32m and row &amp#27;[0m&amp#27;[32m&amp#27;[1m2&amp#27;[0m&amp#27;[32m for the Question and click on run button&amp#27;[0m &amp#27;[90m# StepDefinitions.ArrayStepDefintions.the_user_enter_valid_python_code_in_try_editor_page_sheet_and_for_the_question_run_button(java.lang.String,int)&amp#27;[0m
  &amp#27;[31mThen &amp#27;[0m&amp#27;[31mthe user should be presented with the Run result from sheet &amp#27;[0m&amp#27;[31m&amp#27;[1m"pythonCode"&amp#27;[0m&amp#27;[31m and row &amp#27;[0m&amp#27;[31m&amp#27;[1m2&amp#27;[0m                                 &amp#27;[90m# StepDefinitions.ArrayStepDefintions.the_user_should_be_presented_with_the_run_result(java.lang.String,int)&amp#27;[0m
      &amp#27;[31morg.openqa.selenium.UnhandledAlertException: Unexpected alert dialog detected. Performed handler "dismiss". Dialog text: SyntaxError: bad input on line 2: 
Build info: version: '4.26.0', revision: '8ccf0219d7'
System info: os.name: 'Windows 11', os.arch: 'amd64', os.version: '10.0', java.version: '21.0.5'
Driver info: org.openqa.selenium.firefox.FirefoxDriver
Command: [baf81d13-afff-424d-9fe7-e48daca4ccc4, findElement {using=css selector, value=#output}]
Capabilities {acceptInsecureCerts: true, browserName: firefox, browserVersion: 133.0.3, moz:accessibilityChecks: false, moz:buildID: 20241209150345, moz:debuggerAddress: 127.0.0.1:28687, moz:geckodriverVersion: 0.35.0, moz:headless: false, moz:platformVersion: 10.0, moz:processID: 17456, moz:profile: C:\Users\vamsh\AppData\Loca..., moz:shutdownTimeout: 60000, moz:webdriverClick: true, moz:windowless: false, pageLoadStrategy: normal, platformName: windows, proxy: Proxy(), se:cdp: ws://127.0.0.1:28687/devtoo..., se:cdpVersion: 85.0, setWindowRect: true, strictFileInteractability: false, timeouts: {implicit: 0, pageLoad: 300000, script: 30000}, unhandledPromptBehavior: dismiss and notify, userAgent: Mozilla/5.0 (Windows NT 10....}
Session ID: baf81d13-afff-424d-9fe7-e48daca4ccc4
	at org.openqa.selenium.remote.codec.w3c.W3CHttpResponseCodec.decode(W3CHttpResponseCodec.java:136)
	at org.openqa.selenium.remote.codec.w3c.W3CHttpResponseCodec.decode(W3CHttpResponseCodec.java:50)
	at org.openqa.selenium.remote.HttpCommandExecutor.execute(HttpCommandExecutor.java:190)
	at org.openqa.selenium.remote.service.DriverCommandExecutor.invokeExecute(DriverCommandExecutor.java:216)
	at org.openqa.selenium.remote.service.DriverCommandExecutor.execute(DriverCommandExecutor.java:174)
	at org.openqa.selenium.remote.RemoteWebDriver.execute(RemoteWebDriver.java:545)
	at org.openqa.selenium.remote.ElementLocation$ElementFinder$2.findElement(ElementLocation.java:165)
	at org.openqa.selenium.remote.ElementLocation.findElement(ElementLocation.java:59)
	at org.openqa.selenium.remote.RemoteWebDriver.findElement(RemoteWebDriver.java:368)
	at org.openqa.selenium.remote.RemoteWebDriver.findElement(RemoteWebDriver.java:362)
	at PageObjects.IntroductionPage.getTextForElement(IntroductionPage.java:106)
	at StepDefinitions.ArrayStepDefintions.the_user_should_be_presented_with_the_run_result(ArrayStepDefintions.java:159)
	at ✽.the user should be presented with the Run result from sheet "pythonCode" and row 2(file:///C:/Projects/newFolder-3/Repo1/src/test/resources/Features/ArrayDetailsPage.feature:156)
&amp#27;[0m
[ERROR] 2024-12-17 09:56:41.793 [TestNG-PoolService-1] Hooks - ======================  TEST CASE FAILED !! ======================

    Embedding screenshot [image/png 73396 bytes]

[INFO ] 2024-12-17 09:56:41.927 [TestNG-PoolService-1] Hooks - ======================  Screenshot is captured  ======================
[INFO ] 2024-12-17 09:56:41.927 [TestNG-PoolService-1] Hooks - ======================  Test Execution is completed!! ======================
  &amp#27;[32mGiven &amp#27;[0m&amp#27;[32mThe user is on the DS Introduction page as signedIn&amp#27;[0m                                                                  &amp#27;[90m# StepDefinitions.DSIntroductionDetails.the_user_is_on_the_ds_introduction_page_as_signed_in()&amp#27;[0m
  &amp#27;[32mWhen &amp#27;[0m&amp#27;[32mThe user clicks on Get Started link for array&amp#27;[0m                                                                         &amp#27;[90m# StepDefinitions.ArrayStepDefintions.the_user_clicks_on_get_started_link_for_array()&amp#27;[0m
]]></system-out>
  </testcase>
  <testcase name="runScenario[&quot;Validate user is able to run the code in tryEditor for Max Consecutive Ones&quot;, &quot;Array detail page&quot;](29)" classname="TestRunners.TestRunner" time="2.569">
    <system-out><![CDATA[
Scenario: Validate user is presented with error message for the code with the invalid syntax in tryEditor for Max Consecutive Ones &amp#27;[90m# src/test/resources/Features/ArrayDetailsPage.feature:171&amp#27;[0m
if (nums[i] == 0):
count = 0
else:
count+= 1
result = max(result, count)
print(result)
  &amp#27;[32mGiven &amp#27;[0m&amp#27;[32mThe user is on the Practice Questions page of Max Consecutive Ones&amp#27;[0m                                                   &amp#27;[90m# StepDefinitions.ArrayStepDefintions.the_user_is_on_the_practice_questions_page_of_max_consecutive_ones()&amp#27;[0m
findMaxConsecutiveOnes([1,0,1,1,0,1])
def findMaxConsecutiveOnes(nums) :
count = 0
result = 0
for i in range(0, len(nums)):
  &amp#27;[32mWhen &amp#27;[0m&amp#27;[32mThe user enter python code in tryEditor page sheet &amp#27;[0m&amp#27;[32m&amp#27;[1m"pythonCode"&amp#27;[0m&amp#27;[32m and row &amp#27;[0m&amp#27;[32m&amp#27;[1m2&amp#27;[0m&amp#27;[32m for the Question and click on run button&amp#27;[0m &amp#27;[90m# StepDefinitions.ArrayStepDefintions.the_user_enter_valid_python_code_in_try_editor_page_sheet_and_for_the_question_run_button(java.lang.String,int)&amp#27;[0m
  &amp#27;[32mThen &amp#27;[0m&amp#27;[32mthe user should be presented with the Run result from sheet &amp#27;[0m&amp#27;[32m&amp#27;[1m"pythonCode"&amp#27;[0m&amp#27;[32m and row &amp#27;[0m&amp#27;[32m&amp#27;[1m2&amp#27;[0m                                 &amp#27;[90m# StepDefinitions.ArrayStepDefintions.the_user_should_be_presented_with_the_run_result(java.lang.String,int)&amp#27;[0m
[INFO ] 2024-12-17 10:13:15.613 [TestNG-PoolService-3] Hooks - ======================  Test Execution is completed!! ======================
if (nums[i] == 0):
count = 0
else:
count+= 1
result = max(result, count)
print(result)
findMaxConsecutiveOnes([1,0,1,1,0,1])
]]></system-out>
  </testcase>
  <testcase name="runScenario[&quot;Validate user is presented with error message for the code with the invalid syntax in tryEditor for Max Consecutive Ones&quot;, &quot;Array detail page&quot;](30)" classname="TestRunners.TestRunner" time="0.229">
    <system-out><![CDATA[
Scenario Outline: Validate user is able to run the code in tryEditor for Even number of digits                            &amp#27;[90m# src/test/resources/Features/ArrayDetailsPage.feature:182&amp#27;[0m
if (nums[i] == 0):
]]></system-out>
  </testcase>
  <testcase name="runScenario[&quot;Validate user is able to Submit the code in tryEditor for Max Consecutive Ones&quot;, &quot;Array detail page&quot;](31)" classname="TestRunners.TestRunner" time="4.491">
    <system-out><![CDATA[
Scenario Outline: Validate user is able to Submit the code in tryEditor for Even number of digits                            &amp#27;[90m# src/test/resources/Features/ArrayDetailsPage.feature:191&amp#27;[0m
count = 0
else:
count+= 1
result = max(result, count)
print(result)
findMaxConsecutiveOnes([1,0,1,1,0,1])
  &amp#27;[32mWhen &amp#27;[0m&amp#27;[32mThe user enter python code in tryEditor page sheet &amp#27;[0m&amp#27;[32m&amp#27;[1m"pythonCode"&amp#27;[0m&amp#27;[32m and row &amp#27;[0m&amp#27;[32m&amp#27;[1m3&amp#27;[0m&amp#27;[32m for the Question and click on submit button&amp#27;[0m &amp#27;[90m# StepDefinitions.ArrayStepDefintions.the_user_enter_valid_python_code_in_try_editor_page_sheet_and_for_the_question_submit_button(java.lang.String,int)&amp#27;[0m
  &amp#27;[32mThen &amp#27;[0m&amp#27;[32mthe user should be presented with the Run result from sheet &amp#27;[0m&amp#27;[32m&amp#27;[1m"pythonCode"&amp#27;[0m&amp#27;[32m and row &amp#27;[0m&amp#27;[32m&amp#27;[1m3&amp#27;[0m                                    &amp#27;[90m# StepDefinitions.ArrayStepDefintions.the_user_should_be_presented_with_the_run_result(java.lang.String,int)&amp#27;[0m
[INFO ] 2024-12-17 09:45:17.920 [TestNG-PoolService-3] Hooks - ======================  Test Execution is completed!! ======================
]]></system-out>
    <system-err><![CDATA[Dec 17, 2024 9:45:15 AM org.openqa.selenium.devtools.CdpVersionFinder findNearestMatch
WARNING: Unable to find an exact match for CDP version 131, returning the closest version; found: 130; Please update to a Selenium version that supports CDP version 131
Dec 17, 2024 9:45:15 AM org.openqa.selenium.devtools.CdpVersionFinder findNearestMatch
WARNING: Unable to find an exact match for CDP version 131, returning the closest version; found: 130; Please update to a Selenium version that supports CDP version 131
]]></system-err>
  </testcase>
  <testcase name="runScenario[&quot;Validate user is able to run the code in tryEditor for Even number of digits&quot;, &quot;Array detail page&quot;](32)" classname="TestRunners.TestRunner" time="4.636">
    <system-out><![CDATA[
Scenario: Validate user is presented with error message for the code with the invalid syntax in tryEditor for Even number of digits &amp#27;[90m# src/test/resources/Features/ArrayDetailsPage.feature:194&amp#27;[0m
  &amp#27;[32mGiven &amp#27;[0m&amp#27;[32mThe user is on the DS Introduction page as signedIn&amp#27;[0m                                                               &amp#27;[90m# StepDefinitions.DSIntroductionDetails.the_user_is_on_the_ds_introduction_page_as_signed_in()&amp#27;[0m
  &amp#27;[32mGiven &amp#27;[0m&amp#27;[32mThe user is on the DS Introduction page as signedIn&amp#27;[0m                                                                  &amp#27;[90m# StepDefinitions.DSIntroductionDetails.the_user_is_on_the_ds_introduction_page_as_signed_in()&amp#27;[0m
  &amp#27;[32mWhen &amp#27;[0m&amp#27;[32mThe user clicks on Get Started link for array&amp#27;[0m                                                                      &amp#27;[90m# StepDefinitions.ArrayStepDefintions.the_user_clicks_on_get_started_link_for_array()&amp#27;[0m
  &amp#27;[32mWhen &amp#27;[0m&amp#27;[32mThe user clicks on Get Started link for array&amp#27;[0m                                                                         &amp#27;[90m# StepDefinitions.ArrayStepDefintions.the_user_clicks_on_get_started_link_for_array()&amp#27;[0m
  &amp#27;[32mGiven &amp#27;[0m&amp#27;[32mThe user is on the Practice Questions page of Find Numbers with Even Number of Digits&amp#27;[0m                             &amp#27;[90m# StepDefinitions.ArrayStepDefintions.the_user_is_on_the_practice_questions_page_of_find_numbers_with_even_number_of_digits()&amp#27;[0m
  &amp#27;[32mGiven &amp#27;[0m&amp#27;[32mThe user is on the Practice Questions page of Find Numbers with Even Number of Digits&amp#27;[0m                                &amp#27;[90m# StepDefinitions.ArrayStepDefintions.the_user_is_on_the_practice_questions_page_of_find_numbers_with_even_number_of_digits()&amp#27;[0m
def findNumbers(nums):
def findNumbers(nums):
c=0
for i in nums:
c=0
for i in nums:
j=str(i)
j=str(i)
x=len(j)
x=len(j)
if x%2==0:
if x%2==0:
c=c+1
c=c+1
print c
print c
return c
return c
findNumbers([12,345,2,6,7896])
findNumbers([12,345,2,6,7896])
  &amp#27;[32mWhen &amp#27;[0m&amp#27;[32mThe user enter python code in tryEditor page sheet &amp#27;[0m&amp#27;[32m&amp#27;[1m"pythonCode"&amp#27;[0m&amp#27;[32m and row &amp#27;[0m&amp#27;[32m&amp#27;[1m4&amp#27;[0m&amp#27;[32m for the Question and click on run button&amp#27;[0m &amp#27;[90m# StepDefinitions.ArrayStepDefintions.the_user_enter_valid_python_code_in_try_editor_page_sheet_and_for_the_question_run_button(java.lang.String,int)&amp#27;[0m
  &amp#27;[32mThen &amp#27;[0m&amp#27;[32mthe user should be presented with the Run result from sheet &amp#27;[0m&amp#27;[32m&amp#27;[1m"pythonCode"&amp#27;[0m&amp#27;[32m and row &amp#27;[0m&amp#27;[32m&amp#27;[1m4&amp#27;[0m                                 &amp#27;[90m# StepDefinitions.ArrayStepDefintions.the_user_should_be_presented_with_the_run_result(java.lang.String,int)&amp#27;[0m
[INFO ] 2024-12-17 09:45:22.704 [TestNG-PoolService-2] Hooks - ======================  Test Execution is completed!! ======================
  &amp#27;[32mGiven &amp#27;[0m&amp#27;[32mThe user is on the DS Introduction page as signedIn&amp#27;[0m                                                                         &amp#27;[90m# StepDefinitions.DSIntroductionDetails.the_user_is_on_the_ds_introduction_page_as_signed_in()&amp#27;[0m
]]></system-out>
    <system-err><![CDATA[Dec 17, 2024 9:45:20 AM org.openqa.selenium.devtools.CdpVersionFinder findNearestMatch
WARNING: Unable to find an exact match for CDP version 131, returning the closest version; found: 130; Please update to a Selenium version that supports CDP version 131
]]></system-err>
  </testcase>
  <testcase name="runScenario[&quot;Validate user is able to run the code in tryEditor for Even number of digits&quot;, &quot;Array detail page&quot;](32)" classname="TestRunners.TestRunner" time="8.122">
    <failure message="Unexpected alert dialog detected. Performed handler &quot;dismiss&quot;. Dialog text: SyntaxError: bad input on line 2: &#10;Build info: version: &apos;4.26.0&apos;, revision: &apos;8ccf0219d7&apos;&#10;System info: os.name: &apos;Windows 11&apos;, os.arch: &apos;amd64&apos;, os.version: &apos;10.0&apos;, java.version: &apos;21.0.5&apos;&#10;Driver info: org.openqa.selenium.firefox.FirefoxDriver&#10;Command: [efe0b8ee-6ff6-4ad1-8317-19370f7472aa, findElement {using=css selector, value=#output}]&#10;Capabilities {acceptInsecureCerts: true, browserName: firefox, browserVersion: 133.0.3, moz:accessibilityChecks: false, moz:buildID: 20241209150345, moz:debuggerAddress: 127.0.0.1:21490, moz:geckodriverVersion: 0.35.0, moz:headless: false, moz:platformVersion: 10.0, moz:processID: 38676, moz:profile: C:\Users\vamsh\AppData\Loca..., moz:shutdownTimeout: 60000, moz:webdriverClick: true, moz:windowless: false, pageLoadStrategy: normal, platformName: windows, proxy: Proxy(), se:cdp: ws://127.0.0.1:21490/devtoo..., se:cdpVersion: 85.0, setWindowRect: true, strictFileInteractability: false, timeouts: {implicit: 0, pageLoad: 300000, script: 30000}, unhandledPromptBehavior: dismiss and notify, userAgent: Mozilla/5.0 (Windows NT 10....}&#10;Session ID: efe0b8ee-6ff6-4ad1-8317-19370f7472aa" type="org.openqa.selenium.UnhandledAlertException"><![CDATA[org.openqa.selenium.UnhandledAlertException: 
Unexpected alert dialog detected. Performed handler "dismiss". Dialog text: SyntaxError: bad input on line 2: 
Build info: version: '4.26.0', revision: '8ccf0219d7'
System info: os.name: 'Windows 11', os.arch: 'amd64', os.version: '10.0', java.version: '21.0.5'
Driver info: org.openqa.selenium.firefox.FirefoxDriver
Command: [efe0b8ee-6ff6-4ad1-8317-19370f7472aa, findElement {using=css selector, value=#output}]
Capabilities {acceptInsecureCerts: true, browserName: firefox, browserVersion: 133.0.3, moz:accessibilityChecks: false, moz:buildID: 20241209150345, moz:debuggerAddress: 127.0.0.1:21490, moz:geckodriverVersion: 0.35.0, moz:headless: false, moz:platformVersion: 10.0, moz:processID: 38676, moz:profile: C:\Users\vamsh\AppData\Loca..., moz:shutdownTimeout: 60000, moz:webdriverClick: true, moz:windowless: false, pageLoadStrategy: normal, platformName: windows, proxy: Proxy(), se:cdp: ws://127.0.0.1:21490/devtoo..., se:cdpVersion: 85.0, setWindowRect: true, strictFileInteractability: false, timeouts: {implicit: 0, pageLoad: 300000, script: 30000}, unhandledPromptBehavior: dismiss and notify, userAgent: Mozilla/5.0 (Windows NT 10....}
Session ID: efe0b8ee-6ff6-4ad1-8317-19370f7472aa
]]></failure>
    <system-out><![CDATA[
Scenario: Validate user is presented with error message for the code with the invalid syntax in tryEditor for Even number of digits &amp#27;[90m# src/test/resources/Features/ArrayDetailsPage.feature:194&amp#27;[0m
  &amp#27;[32mGiven &amp#27;[0m&amp#27;[32mThe user is on the DS Introduction page as signedIn&amp#27;[0m                                                               &amp#27;[90m# StepDefinitions.DSIntroductionDetails.the_user_is_on_the_ds_introduction_page_as_signed_in()&amp#27;[0m
  &amp#27;[32mWhen &amp#27;[0m&amp#27;[32mThe user clicks on Get Started link for array&amp#27;[0m                                                                      &amp#27;[90m# StepDefinitions.ArrayStepDefintions.the_user_clicks_on_get_started_link_for_array()&amp#27;[0m
  &amp#27;[32mGiven &amp#27;[0m&amp#27;[32mThe user is on the Practice Questions page of Find Numbers with Even Number of Digits&amp#27;[0m                             &amp#27;[90m# StepDefinitions.ArrayStepDefintions.the_user_is_on_the_practice_questions_page_of_find_numbers_with_even_number_of_digits()&amp#27;[0m
def findNumbers(nums):
c=0
for i in nums:
j=str(i)
x=len(j)
if x%2==0:
c=c+1
print c
return c
findNumbers([12,345,2,6,7896])
  &amp#27;[32mWhen &amp#27;[0m&amp#27;[32mThe user enter python code in tryEditor page sheet &amp#27;[0m&amp#27;[32m&amp#27;[1m"pythonCode"&amp#27;[0m&amp#27;[32m and row &amp#27;[0m&amp#27;[32m&amp#27;[1m4&amp#27;[0m&amp#27;[32m for the Question and click on run button&amp#27;[0m &amp#27;[90m# StepDefinitions.ArrayStepDefintions.the_user_enter_valid_python_code_in_try_editor_page_sheet_and_for_the_question_run_button(java.lang.String,int)&amp#27;[0m
  &amp#27;[31mThen &amp#27;[0m&amp#27;[31mthe user should be presented with the Run result from sheet &amp#27;[0m&amp#27;[31m&amp#27;[1m"pythonCode"&amp#27;[0m&amp#27;[31m and row &amp#27;[0m&amp#27;[31m&amp#27;[1m4&amp#27;[0m                                 &amp#27;[90m# StepDefinitions.ArrayStepDefintions.the_user_should_be_presented_with_the_run_result(java.lang.String,int)&amp#27;[0m
      &amp#27;[31morg.openqa.selenium.UnhandledAlertException: Unexpected alert dialog detected. Performed handler "dismiss". Dialog text: SyntaxError: bad input on line 2: 
Build info: version: '4.26.0', revision: '8ccf0219d7'
System info: os.name: 'Windows 11', os.arch: 'amd64', os.version: '10.0', java.version: '21.0.5'
Driver info: org.openqa.selenium.firefox.FirefoxDriver
Command: [efe0b8ee-6ff6-4ad1-8317-19370f7472aa, findElement {using=css selector, value=#output}]
Capabilities {acceptInsecureCerts: true, browserName: firefox, browserVersion: 133.0.3, moz:accessibilityChecks: false, moz:buildID: 20241209150345, moz:debuggerAddress: 127.0.0.1:21490, moz:geckodriverVersion: 0.35.0, moz:headless: false, moz:platformVersion: 10.0, moz:processID: 38676, moz:profile: C:\Users\vamsh\AppData\Loca..., moz:shutdownTimeout: 60000, moz:webdriverClick: true, moz:windowless: false, pageLoadStrategy: normal, platformName: windows, proxy: Proxy(), se:cdp: ws://127.0.0.1:21490/devtoo..., se:cdpVersion: 85.0, setWindowRect: true, strictFileInteractability: false, timeouts: {implicit: 0, pageLoad: 300000, script: 30000}, unhandledPromptBehavior: dismiss and notify, userAgent: Mozilla/5.0 (Windows NT 10....}
Session ID: efe0b8ee-6ff6-4ad1-8317-19370f7472aa
	at org.openqa.selenium.remote.codec.w3c.W3CHttpResponseCodec.decode(W3CHttpResponseCodec.java:136)
	at org.openqa.selenium.remote.codec.w3c.W3CHttpResponseCodec.decode(W3CHttpResponseCodec.java:50)
	at org.openqa.selenium.remote.HttpCommandExecutor.execute(HttpCommandExecutor.java:190)
	at org.openqa.selenium.remote.service.DriverCommandExecutor.invokeExecute(DriverCommandExecutor.java:216)
	at org.openqa.selenium.remote.service.DriverCommandExecutor.execute(DriverCommandExecutor.java:174)
	at org.openqa.selenium.remote.RemoteWebDriver.execute(RemoteWebDriver.java:545)
	at org.openqa.selenium.remote.ElementLocation$ElementFinder$2.findElement(ElementLocation.java:165)
	at org.openqa.selenium.remote.ElementLocation.findElement(ElementLocation.java:59)
	at org.openqa.selenium.remote.RemoteWebDriver.findElement(RemoteWebDriver.java:368)
	at org.openqa.selenium.remote.RemoteWebDriver.findElement(RemoteWebDriver.java:362)
	at PageObjects.IntroductionPage.getTextForElement(IntroductionPage.java:106)
	at StepDefinitions.ArrayStepDefintions.the_user_should_be_presented_with_the_run_result(ArrayStepDefintions.java:159)
	at ✽.the user should be presented with the Run result from sheet "pythonCode" and row 4(file:///C:/Projects/newFolder-3/Repo1/src/test/resources/Features/ArrayDetailsPage.feature:179)
&amp#27;[0m
[ERROR] 2024-12-17 09:56:55.527 [TestNG-PoolService-1] Hooks - ======================  TEST CASE FAILED !! ======================

    Embedding screenshot [image/png 82464 bytes]

[INFO ] 2024-12-17 09:56:55.723 [TestNG-PoolService-1] Hooks - ======================  Screenshot is captured  ======================
[INFO ] 2024-12-17 09:56:55.725 [TestNG-PoolService-1] Hooks - ======================  Test Execution is completed!! ======================
  &amp#27;[32mGiven &amp#27;[0m&amp#27;[32mThe user is on the DS Introduction page as signedIn&amp#27;[0m                                                                  &amp#27;[90m# StepDefinitions.DSIntroductionDetails.the_user_is_on_the_ds_introduction_page_as_signed_in()&amp#27;[0m
]]></system-out>
  </testcase>
  <testcase name="runScenario[&quot;Validate user is able to run the code in tryEditor for Even number of digits&quot;, &quot;Array detail page&quot;](32)" classname="TestRunners.TestRunner" time="5.144">
    <system-out><![CDATA[
Scenario: Validate user is presented with error message for the code with the invalid syntax in tryEditor for Even number of digits &amp#27;[90m# src/test/resources/Features/ArrayDetailsPage.feature:194&amp#27;[0m
  &amp#27;[32mGiven &amp#27;[0m&amp#27;[32mThe user is on the DS Introduction page as signedIn&amp#27;[0m                                                                  &amp#27;[90m# StepDefinitions.DSIntroductionDetails.the_user_is_on_the_ds_introduction_page_as_signed_in()&amp#27;[0m
  &amp#27;[32mWhen &amp#27;[0m&amp#27;[32mThe user clicks on Get Started link for array&amp#27;[0m                                                                         &amp#27;[90m# StepDefinitions.ArrayStepDefintions.the_user_clicks_on_get_started_link_for_array()&amp#27;[0m
  &amp#27;[32mGiven &amp#27;[0m&amp#27;[32mThe user is on the Practice Questions page of Find Numbers with Even Number of Digits&amp#27;[0m                             &amp#27;[90m# StepDefinitions.ArrayStepDefintions.the_user_is_on_the_practice_questions_page_of_find_numbers_with_even_number_of_digits()&amp#27;[0m
def findNumbers(nums):
c=0
for i in nums:
j=str(i)
x=len(j)
if x%2==0:
c=c+1
print c
return c
findNumbers([12,345,2,6,7896])
  &amp#27;[32mWhen &amp#27;[0m&amp#27;[32mThe user enter python code in tryEditor page sheet &amp#27;[0m&amp#27;[32m&amp#27;[1m"pythonCode"&amp#27;[0m&amp#27;[32m and row &amp#27;[0m&amp#27;[32m&amp#27;[1m4&amp#27;[0m&amp#27;[32m for the Question and click on run button&amp#27;[0m &amp#27;[90m# StepDefinitions.ArrayStepDefintions.the_user_enter_valid_python_code_in_try_editor_page_sheet_and_for_the_question_run_button(java.lang.String,int)&amp#27;[0m
  &amp#27;[32mGiven &amp#27;[0m&amp#27;[32mThe user is on the Practice Questions page of Find Numbers with Even Number of Digits&amp#27;[0m                                &amp#27;[90m# StepDefinitions.ArrayStepDefintions.the_user_is_on_the_practice_questions_page_of_find_numbers_with_even_number_of_digits()&amp#27;[0m
  &amp#27;[32mThen &amp#27;[0m&amp#27;[32mthe user should be presented with the Run result from sheet &amp#27;[0m&amp#27;[32m&amp#27;[1m"pythonCode"&amp#27;[0m&amp#27;[32m and row &amp#27;[0m&amp#27;[32m&amp#27;[1m4&amp#27;[0m                                 &amp#27;[90m# StepDefinitions.ArrayStepDefintions.the_user_should_be_presented_with_the_run_result(java.lang.String,int)&amp#27;[0m
[INFO ] 2024-12-17 10:13:27.558 [TestNG-PoolService-3] Hooks - ======================  Test Execution is completed!! ======================
def findNumbers(nums):
c=0
for i in nums:
j=str(i)
x=len(j)
if x%2==0:
c=c+1
print c
return c
findNumbers([12,345,2,6,7896])
]]></system-out>
    <system-err><![CDATA[Dec 17, 2024 10:13:27 AM org.openqa.selenium.devtools.CdpVersionFinder findNearestMatch
WARNING: Unable to find an exact match for CDP version 131, returning the closest version; found: 130; Please update to a Selenium version that supports CDP version 131
]]></system-err>
  </testcase>
  <testcase name="runScenario[&quot;Validate user is able to Submit the code in tryEditor for Even number of digits&quot;, &quot;Array detail page&quot;](33)" classname="TestRunners.TestRunner" time="1.012">
    <system-out><![CDATA[
Scenario Outline: Validate user is able to run the code in tryEditor for Squares of a Sorted Array                        &amp#27;[90m# src/test/resources/Features/ArrayDetailsPage.feature:205&amp#27;[0m
  &amp#27;[32mWhen &amp#27;[0m&amp#27;[32mThe user clicks on Get Started link for array&amp#27;[0m                                                                                &amp#27;[90m# StepDefinitions.ArrayStepDefintions.the_user_clicks_on_get_started_link_for_array()&amp#27;[0m
  &amp#27;[32mWhen &amp#27;[0m&amp#27;[32mThe user enter python code in tryEditor page sheet &amp#27;[0m&amp#27;[32m&amp#27;[1m"pythonCode"&amp#27;[0m&amp#27;[32m and row &amp#27;[0m&amp#27;[32m&amp#27;[1m5&amp#27;[0m&amp#27;[32m for the Question and click on submit button&amp#27;[0m &amp#27;[90m# StepDefinitions.ArrayStepDefintions.the_user_enter_valid_python_code_in_try_editor_page_sheet_and_for_the_question_submit_button(java.lang.String,int)&amp#27;[0m
  &amp#27;[32mThen &amp#27;[0m&amp#27;[32mthe user should be presented with the Run result from sheet &amp#27;[0m&amp#27;[32m&amp#27;[1m"pythonCode"&amp#27;[0m&amp#27;[32m and row &amp#27;[0m&amp#27;[32m&amp#27;[1m5&amp#27;[0m                                    &amp#27;[90m# StepDefinitions.ArrayStepDefintions.the_user_should_be_presented_with_the_run_result(java.lang.String,int)&amp#27;[0m
[INFO ] 2024-12-17 09:45:23.705 [TestNG-PoolService-1] Hooks - ======================  Test Execution is completed!! ======================
]]></system-out>
  </testcase>
  <testcase name="runScenario[&quot;Validate user is able to Submit the code in tryEditor for Even number of digits&quot;, &quot;Array detail page&quot;](33)" classname="TestRunners.TestRunner" time="1.96">
    <system-out><![CDATA[
Scenario Outline: Validate user is able to run the code in tryEditor for Squares of a Sorted Array                        &amp#27;[90m# src/test/resources/Features/ArrayDetailsPage.feature:205&amp#27;[0m
  &amp#27;[32mWhen &amp#27;[0m&amp#27;[32mThe user enter python code in tryEditor page sheet &amp#27;[0m&amp#27;[32m&amp#27;[1m"pythonCode"&amp#27;[0m&amp#27;[32m and row &amp#27;[0m&amp#27;[32m&amp#27;[1m5&amp#27;[0m&amp#27;[32m for the Question and click on submit button&amp#27;[0m &amp#27;[90m# StepDefinitions.ArrayStepDefintions.the_user_enter_valid_python_code_in_try_editor_page_sheet_and_for_the_question_submit_button(java.lang.String,int)&amp#27;[0m
  &amp#27;[32mThen &amp#27;[0m&amp#27;[32mthe user should be presented with the Run result from sheet &amp#27;[0m&amp#27;[32m&amp#27;[1m"pythonCode"&amp#27;[0m&amp#27;[32m and row &amp#27;[0m&amp#27;[32m&amp#27;[1m5&amp#27;[0m                                    &amp#27;[90m# StepDefinitions.ArrayStepDefintions.the_user_should_be_presented_with_the_run_result(java.lang.String,int)&amp#27;[0m
[INFO ] 2024-12-17 10:13:29.900 [TestNG-PoolService-2] Hooks - ======================  Test Execution is completed!! ======================
  &amp#27;[32mGiven &amp#27;[0m&amp#27;[32mThe user is on the DS Introduction page as signedIn&amp#27;[0m                                                                         &amp#27;[90m# StepDefinitions.DSIntroductionDetails.the_user_is_on_the_ds_introduction_page_as_signed_in()&amp#27;[0m
  &amp#27;[32mWhen &amp#27;[0m&amp#27;[32mThe user clicks on Get Started link for array&amp#27;[0m                                                                                &amp#27;[90m# StepDefinitions.ArrayStepDefintions.the_user_clicks_on_get_started_link_for_array()&amp#27;[0m
]]></system-out>
  </testcase>
  <testcase name="runScenario[&quot;Validate user is presented with error message for the code with the invalid syntax in tryEditor for Even number of digits&quot;, &quot;Array detail page&quot;](34)" classname="TestRunners.TestRunner" time="3.021">
    <system-out><![CDATA[
Scenario Outline: Validate user is able to Submit the code in tryEditor for Squares of a Sorted Array                        &amp#27;[90m# src/test/resources/Features/ArrayDetailsPage.feature:214&amp#27;[0m
  &amp#27;[32mGiven &amp#27;[0m&amp#27;[32mThe user is on the Practice Questions page of Find Numbers with Even Number of Digits&amp#27;[0m                                       &amp#27;[90m# StepDefinitions.ArrayStepDefintions.the_user_is_on_the_practice_questions_page_of_find_numbers_with_even_number_of_digits()&amp#27;[0m
  &amp#27;[32mWhen &amp#27;[0m&amp#27;[32mthe user click on run button&amp#27;[0m                                                                                                 &amp#27;[90m# StepDefinitions.ArrayStepDefintions.the_user_click_on_run_button()&amp#27;[0m
  &amp#27;[32mThen &amp#27;[0m&amp#27;[32mThe user should see an alert error message as &amp#27;[0m&amp#27;[32m&amp#27;[1m"SyntaxError: bad input on line 2"&amp#27;[0m                                             &amp#27;[90m# StepDefinitions.DSIntroductionDetails.the_user_should_see_an_alert_error_message(java.lang.String)&amp#27;[0m
[INFO ] 2024-12-17 09:45:26.292 [TestNG-PoolService-3] Hooks - ======================  Test Execution is completed!! ======================
]]></system-out>
    <system-err><![CDATA[Dec 17, 2024 9:45:24 AM org.openqa.selenium.devtools.CdpVersionFinder findNearestMatch
WARNING: Unable to find an exact match for CDP version 131, returning the closest version; found: 130; Please update to a Selenium version that supports CDP version 131
Dec 17, 2024 9:45:25 AM org.openqa.selenium.devtools.CdpVersionFinder findNearestMatch
WARNING: Unable to find an exact match for CDP version 131, returning the closest version; found: 130; Please update to a Selenium version that supports CDP version 131
]]></system-err>
  </testcase>
  <testcase name="runScenario[&quot;Validate user is presented with error message for the code with the invalid syntax in tryEditor for Even number of digits&quot;, &quot;Array detail page&quot;](34)" classname="TestRunners.TestRunner" time="2.314">
    <system-out><![CDATA[
Scenario Outline: Validate user is able to Submit the code in tryEditor for Squares of a Sorted Array                        &amp#27;[90m# src/test/resources/Features/ArrayDetailsPage.feature:214&amp#27;[0m
  &amp#27;[32mGiven &amp#27;[0m&amp#27;[32mThe user is on the Practice Questions page of Find Numbers with Even Number of Digits&amp#27;[0m                                       &amp#27;[90m# StepDefinitions.ArrayStepDefintions.the_user_is_on_the_practice_questions_page_of_find_numbers_with_even_number_of_digits()&amp#27;[0m
  &amp#27;[32mWhen &amp#27;[0m&amp#27;[32mthe user click on run button&amp#27;[0m                                                                                                 &amp#27;[90m# StepDefinitions.ArrayStepDefintions.the_user_click_on_run_button()&amp#27;[0m
  &amp#27;[32mThen &amp#27;[0m&amp#27;[32mThe user should see an alert error message as &amp#27;[0m&amp#27;[32m&amp#27;[1m"SyntaxError: bad input on line 2"&amp#27;[0m                                             &amp#27;[90m# StepDefinitions.DSIntroductionDetails.the_user_should_see_an_alert_error_message(java.lang.String)&amp#27;[0m
[INFO ] 2024-12-17 10:13:32.207 [TestNG-PoolService-1] Hooks - ======================  Test Execution is completed!! ======================
]]></system-out>
    <system-err><![CDATA[Dec 17, 2024 10:13:32 AM org.openqa.selenium.devtools.CdpVersionFinder findNearestMatch
WARNING: Unable to find an exact match for CDP version 131, returning the closest version; found: 130; Please update to a Selenium version that supports CDP version 131
]]></system-err>
  </testcase>
  <testcase name="runScenario[&quot;Validate user is able to run the code in tryEditor for Squares of a Sorted Array&quot;, &quot;Array detail page&quot;](35)" classname="TestRunners.TestRunner" time="5.545">
    <system-out><![CDATA[
Scenario: Validate user is presented with error message for the code with the invalid syntax in tryEditor for Squares of a Sorted Array &amp#27;[90m# src/test/resources/Features/ArrayDetailsPage.feature:216&amp#27;[0m
  &amp#27;[32mGiven &amp#27;[0m&amp#27;[32mThe user is on the DS Introduction page as signedIn&amp#27;[0m                                                               &amp#27;[90m# StepDefinitions.DSIntroductionDetails.the_user_is_on_the_ds_introduction_page_as_signed_in()&amp#27;[0m
  &amp#27;[32mWhen &amp#27;[0m&amp#27;[32mThe user clicks on Get Started link for array&amp#27;[0m                                                                      &amp#27;[90m# StepDefinitions.ArrayStepDefintions.the_user_clicks_on_get_started_link_for_array()&amp#27;[0m
  &amp#27;[32mGiven &amp#27;[0m&amp#27;[32mThe user is on the DS Introduction page as signedIn&amp#27;[0m                                                                  &amp#27;[90m# StepDefinitions.DSIntroductionDetails.the_user_is_on_the_ds_introduction_page_as_signed_in()&amp#27;[0m
  &amp#27;[32mWhen &amp#27;[0m&amp#27;[32mThe user clicks on Get Started link for array&amp#27;[0m                                                                         &amp#27;[90m# StepDefinitions.ArrayStepDefintions.the_user_clicks_on_get_started_link_for_array()&amp#27;[0m
  &amp#27;[32mGiven &amp#27;[0m&amp#27;[32mThe user is on the Practice Questions page of Squares of a Sorted Array&amp#27;[0m                                           &amp#27;[90m# StepDefinitions.ArrayStepDefintions.the_user_is_on_the_practice_questions_page_of_squares_of_a_sorted_array()&amp#27;[0m
def sortedSquares(nums):
squares_list = []
for i in range(0, len(nums)):
square = nums[i] * nums[i];
squares_list.append(square)
  &amp#27;[32mGiven &amp#27;[0m&amp#27;[32mThe user is on the DS Introduction page as signedIn&amp#27;[0m                                                                             &amp#27;[90m# StepDefinitions.DSIntroductionDetails.the_user_is_on_the_ds_introduction_page_as_signed_in()&amp#27;[0m
sorted_squares_list = sorted(squares_list)
print sorted_squares_list;
  &amp#27;[32mGiven &amp#27;[0m&amp#27;[32mThe user is on the Practice Questions page of Squares of a Sorted Array&amp#27;[0m                                              &amp#27;[90m# StepDefinitions.ArrayStepDefintions.the_user_is_on_the_practice_questions_page_of_squares_of_a_sorted_array()&amp#27;[0m
  &amp#27;[32mWhen &amp#27;[0m&amp#27;[32mThe user clicks on Get Started link for array&amp#27;[0m                                                                                    &amp#27;[90m# StepDefinitions.ArrayStepDefintions.the_user_clicks_on_get_started_link_for_array()&amp#27;[0m
def sortedSquares(nums):
return sorted_squares_list;
squares_list = []
sortedSquares([-7,-3,2,3,11])
for i in range(0, len(nums)):
square = nums[i] * nums[i];
  &amp#27;[32mWhen &amp#27;[0m&amp#27;[32mThe user enter python code in tryEditor page sheet &amp#27;[0m&amp#27;[32m&amp#27;[1m"pythonCode"&amp#27;[0m&amp#27;[32m and row &amp#27;[0m&amp#27;[32m&amp#27;[1m6&amp#27;[0m&amp#27;[32m for the Question and click on run button&amp#27;[0m &amp#27;[90m# StepDefinitions.ArrayStepDefintions.the_user_enter_valid_python_code_in_try_editor_page_sheet_and_for_the_question_run_button(java.lang.String,int)&amp#27;[0m
squares_list.append(square)
  &amp#27;[32mThen &amp#27;[0m&amp#27;[32mthe user should be presented with the Run result from sheet &amp#27;[0m&amp#27;[32m&amp#27;[1m"pythonCode"&amp#27;[0m&amp#27;[32m and row &amp#27;[0m&amp#27;[32m&amp#27;[1m6&amp#27;[0m                                 &amp#27;[90m# StepDefinitions.ArrayStepDefintions.the_user_should_be_presented_with_the_run_result(java.lang.String,int)&amp#27;[0m
[INFO ] 2024-12-17 09:45:32.319 [TestNG-PoolService-2] Hooks - ======================  Test Execution is completed!! ======================
sorted_squares_list = sorted(squares_list)
]]></system-out>
    <system-err><![CDATA[Dec 17, 2024 9:45:28 AM org.openqa.selenium.devtools.CdpVersionFinder findNearestMatch
WARNING: Unable to find an exact match for CDP version 131, returning the closest version; found: 130; Please update to a Selenium version that supports CDP version 131
]]></system-err>
  </testcase>
  <testcase name="runScenario[&quot;Validate user is able to run the code in tryEditor for Squares of a Sorted Array&quot;, &quot;Array detail page&quot;](35)" classname="TestRunners.TestRunner" time="7.032">
    <failure message="Unexpected alert dialog detected. Performed handler &quot;dismiss&quot;. Dialog text: SyntaxError: bad input on line 2: &#10;Build info: version: &apos;4.26.0&apos;, revision: &apos;8ccf0219d7&apos;&#10;System info: os.name: &apos;Windows 11&apos;, os.arch: &apos;amd64&apos;, os.version: &apos;10.0&apos;, java.version: &apos;21.0.5&apos;&#10;Driver info: org.openqa.selenium.firefox.FirefoxDriver&#10;Command: [64e362eb-b128-47c8-a0e6-9bc9af133c6c, findElement {using=css selector, value=#output}]&#10;Capabilities {acceptInsecureCerts: true, browserName: firefox, browserVersion: 133.0.3, moz:accessibilityChecks: false, moz:buildID: 20241209150345, moz:debuggerAddress: 127.0.0.1:34518, moz:geckodriverVersion: 0.35.0, moz:headless: false, moz:platformVersion: 10.0, moz:processID: 25532, moz:profile: C:\Users\vamsh\AppData\Loca..., moz:shutdownTimeout: 60000, moz:webdriverClick: true, moz:windowless: false, pageLoadStrategy: normal, platformName: windows, proxy: Proxy(), se:cdp: ws://127.0.0.1:34518/devtoo..., se:cdpVersion: 85.0, setWindowRect: true, strictFileInteractability: false, timeouts: {implicit: 0, pageLoad: 300000, script: 30000}, unhandledPromptBehavior: dismiss and notify, userAgent: Mozilla/5.0 (Windows NT 10....}&#10;Session ID: 64e362eb-b128-47c8-a0e6-9bc9af133c6c" type="org.openqa.selenium.UnhandledAlertException"><![CDATA[org.openqa.selenium.UnhandledAlertException: 
Unexpected alert dialog detected. Performed handler "dismiss". Dialog text: SyntaxError: bad input on line 2: 
Build info: version: '4.26.0', revision: '8ccf0219d7'
System info: os.name: 'Windows 11', os.arch: 'amd64', os.version: '10.0', java.version: '21.0.5'
Driver info: org.openqa.selenium.firefox.FirefoxDriver
Command: [64e362eb-b128-47c8-a0e6-9bc9af133c6c, findElement {using=css selector, value=#output}]
Capabilities {acceptInsecureCerts: true, browserName: firefox, browserVersion: 133.0.3, moz:accessibilityChecks: false, moz:buildID: 20241209150345, moz:debuggerAddress: 127.0.0.1:34518, moz:geckodriverVersion: 0.35.0, moz:headless: false, moz:platformVersion: 10.0, moz:processID: 25532, moz:profile: C:\Users\vamsh\AppData\Loca..., moz:shutdownTimeout: 60000, moz:webdriverClick: true, moz:windowless: false, pageLoadStrategy: normal, platformName: windows, proxy: Proxy(), se:cdp: ws://127.0.0.1:34518/devtoo..., se:cdpVersion: 85.0, setWindowRect: true, strictFileInteractability: false, timeouts: {implicit: 0, pageLoad: 300000, script: 30000}, unhandledPromptBehavior: dismiss and notify, userAgent: Mozilla/5.0 (Windows NT 10....}
Session ID: 64e362eb-b128-47c8-a0e6-9bc9af133c6c
]]></failure>
    <system-out><![CDATA[
Scenario: Validate user is presented with error message for the code with the invalid syntax in tryEditor for Squares of a Sorted Array &amp#27;[90m# src/test/resources/Features/ArrayDetailsPage.feature:216&amp#27;[0m
  &amp#27;[32mGiven &amp#27;[0m&amp#27;[32mThe user is on the DS Introduction page as signedIn&amp#27;[0m                                                               &amp#27;[90m# StepDefinitions.DSIntroductionDetails.the_user_is_on_the_ds_introduction_page_as_signed_in()&amp#27;[0m
  &amp#27;[32mWhen &amp#27;[0m&amp#27;[32mThe user clicks on Get Started link for array&amp#27;[0m                                                                      &amp#27;[90m# StepDefinitions.ArrayStepDefintions.the_user_clicks_on_get_started_link_for_array()&amp#27;[0m
  &amp#27;[32mGiven &amp#27;[0m&amp#27;[32mThe user is on the Practice Questions page of Squares of a Sorted Array&amp#27;[0m                                           &amp#27;[90m# StepDefinitions.ArrayStepDefintions.the_user_is_on_the_practice_questions_page_of_squares_of_a_sorted_array()&amp#27;[0m
def sortedSquares(nums):
squares_list = []
for i in range(0, len(nums)):
square = nums[i] * nums[i];
squares_list.append(square)
sorted_squares_list = sorted(squares_list)
print sorted_squares_list;
return sorted_squares_list;
sortedSquares([-7,-3,2,3,11])
  &amp#27;[32mWhen &amp#27;[0m&amp#27;[32mThe user enter python code in tryEditor page sheet &amp#27;[0m&amp#27;[32m&amp#27;[1m"pythonCode"&amp#27;[0m&amp#27;[32m and row &amp#27;[0m&amp#27;[32m&amp#27;[1m6&amp#27;[0m&amp#27;[32m for the Question and click on run button&amp#27;[0m &amp#27;[90m# StepDefinitions.ArrayStepDefintions.the_user_enter_valid_python_code_in_try_editor_page_sheet_and_for_the_question_run_button(java.lang.String,int)&amp#27;[0m
  &amp#27;[31mThen &amp#27;[0m&amp#27;[31mthe user should be presented with the Run result from sheet &amp#27;[0m&amp#27;[31m&amp#27;[1m"pythonCode"&amp#27;[0m&amp#27;[31m and row &amp#27;[0m&amp#27;[31m&amp#27;[1m6&amp#27;[0m                                 &amp#27;[90m# StepDefinitions.ArrayStepDefintions.the_user_should_be_presented_with_the_run_result(java.lang.String,int)&amp#27;[0m
      &amp#27;[31morg.openqa.selenium.UnhandledAlertException: Unexpected alert dialog detected. Performed handler "dismiss". Dialog text: SyntaxError: bad input on line 2: 
Build info: version: '4.26.0', revision: '8ccf0219d7'
System info: os.name: 'Windows 11', os.arch: 'amd64', os.version: '10.0', java.version: '21.0.5'
Driver info: org.openqa.selenium.firefox.FirefoxDriver
Command: [64e362eb-b128-47c8-a0e6-9bc9af133c6c, findElement {using=css selector, value=#output}]
Capabilities {acceptInsecureCerts: true, browserName: firefox, browserVersion: 133.0.3, moz:accessibilityChecks: false, moz:buildID: 20241209150345, moz:debuggerAddress: 127.0.0.1:34518, moz:geckodriverVersion: 0.35.0, moz:headless: false, moz:platformVersion: 10.0, moz:processID: 25532, moz:profile: C:\Users\vamsh\AppData\Loca..., moz:shutdownTimeout: 60000, moz:webdriverClick: true, moz:windowless: false, pageLoadStrategy: normal, platformName: windows, proxy: Proxy(), se:cdp: ws://127.0.0.1:34518/devtoo..., se:cdpVersion: 85.0, setWindowRect: true, strictFileInteractability: false, timeouts: {implicit: 0, pageLoad: 300000, script: 30000}, unhandledPromptBehavior: dismiss and notify, userAgent: Mozilla/5.0 (Windows NT 10....}
Session ID: 64e362eb-b128-47c8-a0e6-9bc9af133c6c
	at org.openqa.selenium.remote.codec.w3c.W3CHttpResponseCodec.decode(W3CHttpResponseCodec.java:136)
	at org.openqa.selenium.remote.codec.w3c.W3CHttpResponseCodec.decode(W3CHttpResponseCodec.java:50)
	at org.openqa.selenium.remote.HttpCommandExecutor.execute(HttpCommandExecutor.java:190)
	at org.openqa.selenium.remote.service.DriverCommandExecutor.invokeExecute(DriverCommandExecutor.java:216)
	at org.openqa.selenium.remote.service.DriverCommandExecutor.execute(DriverCommandExecutor.java:174)
	at org.openqa.selenium.remote.RemoteWebDriver.execute(RemoteWebDriver.java:545)
	at org.openqa.selenium.remote.ElementLocation$ElementFinder$2.findElement(ElementLocation.java:165)
	at org.openqa.selenium.remote.ElementLocation.findElement(ElementLocation.java:59)
	at org.openqa.selenium.remote.RemoteWebDriver.findElement(RemoteWebDriver.java:368)
	at org.openqa.selenium.remote.RemoteWebDriver.findElement(RemoteWebDriver.java:362)
	at PageObjects.IntroductionPage.getTextForElement(IntroductionPage.java:106)
	at StepDefinitions.ArrayStepDefintions.the_user_should_be_presented_with_the_run_result(ArrayStepDefintions.java:159)
	at ✽.the user should be presented with the Run result from sheet "pythonCode" and row 6(file:///C:/Projects/newFolder-3/Repo1/src/test/resources/Features/ArrayDetailsPage.feature:202)
&amp#27;[0m
[ERROR] 2024-12-17 09:57:08.701 [TestNG-PoolService-1] Hooks - ======================  TEST CASE FAILED !! ======================

    Embedding screenshot [image/png 80935 bytes]

[INFO ] 2024-12-17 09:57:08.811 [TestNG-PoolService-1] Hooks - ======================  Screenshot is captured  ======================
[INFO ] 2024-12-17 09:57:08.812 [TestNG-PoolService-1] Hooks - ======================  Test Execution is completed!! ======================
  &amp#27;[32mGiven &amp#27;[0m&amp#27;[32mThe user is on the DS Introduction page as signedIn&amp#27;[0m                                                                  &amp#27;[90m# StepDefinitions.DSIntroductionDetails.the_user_is_on_the_ds_introduction_page_as_signed_in()&amp#27;[0m
]]></system-out>
  </testcase>
  <testcase name="runScenario[&quot;Validate user is able to run the code in tryEditor for Squares of a Sorted Array&quot;, &quot;Array detail page&quot;](35)" classname="TestRunners.TestRunner" time="7.039">
    <system-out><![CDATA[
Scenario: Validate user is presented with error message for the code with the invalid syntax in tryEditor for Squares of a Sorted Array &amp#27;[90m# src/test/resources/Features/ArrayDetailsPage.feature:216&amp#27;[0m
  &amp#27;[32mGiven &amp#27;[0m&amp#27;[32mThe user is on the DS Introduction page as signedIn&amp#27;[0m                                                               &amp#27;[90m# StepDefinitions.DSIntroductionDetails.the_user_is_on_the_ds_introduction_page_as_signed_in()&amp#27;[0m
  &amp#27;[32mWhen &amp#27;[0m&amp#27;[32mThe user clicks on Get Started link for array&amp#27;[0m                                                                      &amp#27;[90m# StepDefinitions.ArrayStepDefintions.the_user_clicks_on_get_started_link_for_array()&amp#27;[0m
  &amp#27;[32mGiven &amp#27;[0m&amp#27;[32mThe user is on the DS Introduction page as signedIn&amp#27;[0m                                                                  &amp#27;[90m# StepDefinitions.DSIntroductionDetails.the_user_is_on_the_ds_introduction_page_as_signed_in()&amp#27;[0m
  &amp#27;[32mWhen &amp#27;[0m&amp#27;[32mThe user clicks on Get Started link for array&amp#27;[0m                                                                         &amp#27;[90m# StepDefinitions.ArrayStepDefintions.the_user_clicks_on_get_started_link_for_array()&amp#27;[0m
  &amp#27;[32mGiven &amp#27;[0m&amp#27;[32mThe user is on the Practice Questions page of Squares of a Sorted Array&amp#27;[0m                                           &amp#27;[90m# StepDefinitions.ArrayStepDefintions.the_user_is_on_the_practice_questions_page_of_squares_of_a_sorted_array()&amp#27;[0m
def sortedSquares(nums):
squares_list = []
for i in range(0, len(nums)):
square = nums[i] * nums[i];
squares_list.append(square)
sorted_squares_list = sorted(squares_list)
print sorted_squares_list;
return sorted_squares_list;
  &amp#27;[32mGiven &amp#27;[0m&amp#27;[32mThe user is on the Practice Questions page of Squares of a Sorted Array&amp#27;[0m                                              &amp#27;[90m# StepDefinitions.ArrayStepDefintions.the_user_is_on_the_practice_questions_page_of_squares_of_a_sorted_array()&amp#27;[0m
def sortedSquares(nums):
sortedSquares([-7,-3,2,3,11])
squares_list = []
for i in range(0, len(nums)):
  &amp#27;[32mWhen &amp#27;[0m&amp#27;[32mThe user enter python code in tryEditor page sheet &amp#27;[0m&amp#27;[32m&amp#27;[1m"pythonCode"&amp#27;[0m&amp#27;[32m and row &amp#27;[0m&amp#27;[32m&amp#27;[1m6&amp#27;[0m&amp#27;[32m for the Question and click on run button&amp#27;[0m &amp#27;[90m# StepDefinitions.ArrayStepDefintions.the_user_enter_valid_python_code_in_try_editor_page_sheet_and_for_the_question_run_button(java.lang.String,int)&amp#27;[0m
square = nums[i] * nums[i];
  &amp#27;[32mThen &amp#27;[0m&amp#27;[32mthe user should be presented with the Run result from sheet &amp#27;[0m&amp#27;[32m&amp#27;[1m"pythonCode"&amp#27;[0m&amp#27;[32m and row &amp#27;[0m&amp#27;[32m&amp#27;[1m6&amp#27;[0m                                 &amp#27;[90m# StepDefinitions.ArrayStepDefintions.the_user_should_be_presented_with_the_run_result(java.lang.String,int)&amp#27;[0m
[INFO ] 2024-12-17 10:13:39.261 [TestNG-PoolService-3] Hooks - ======================  Test Execution is completed!! ======================
squares_list.append(square)
  &amp#27;[32mGiven &amp#27;[0m&amp#27;[32mThe user is on the DS Introduction page as signedIn&amp#27;[0m                                                                             &amp#27;[90m# StepDefinitions.DSIntroductionDetails.the_user_is_on_the_ds_introduction_page_as_signed_in()&amp#27;[0m
sorted_squares_list = sorted(squares_list)
  &amp#27;[32mWhen &amp#27;[0m&amp#27;[32mThe user clicks on Get Started link for array&amp#27;[0m                                                                                    &amp#27;[90m# StepDefinitions.ArrayStepDefintions.the_user_clicks_on_get_started_link_for_array()&amp#27;[0m
print sorted_squares_list;
return sorted_squares_list;
sortedSquares([-7,-3,2,3,11])
]]></system-out>
    <system-err><![CDATA[Dec 17, 2024 10:13:34 AM org.openqa.selenium.devtools.CdpVersionFinder findNearestMatch
WARNING: Unable to find an exact match for CDP version 131, returning the closest version; found: 130; Please update to a Selenium version that supports CDP version 131
Dec 17, 2024 10:13:37 AM org.openqa.selenium.devtools.CdpVersionFinder findNearestMatch
WARNING: Unable to find an exact match for CDP version 131, returning the closest version; found: 130; Please update to a Selenium version that supports CDP version 131
]]></system-err>
  </testcase>
  <testcase name="runScenario[&quot;Validate user is presented with error message for the code with the invalid syntax in tryEditor for Squares of a Sorted Array&quot;, &quot;Array detail page&quot;](36)" classname="TestRunners.TestRunner" time="1.941">
    <system-out><![CDATA[
Scenario: Validate the DS dropdown without signIN                                                         &amp#27;[90m# src/test/resources/Features/DSIntroductionPage.feature:3&amp#27;[0m
print sorted_squares_list;
return sorted_squares_list;
sortedSquares([-7,-3,2,3,11])
  &amp#27;[32mGiven &amp#27;[0m&amp#27;[32mThe user is on the Practice Questions page of Squares of a Sorted Array&amp#27;[0m                                                         &amp#27;[90m# StepDefinitions.ArrayStepDefintions.the_user_is_on_the_practice_questions_page_of_squares_of_a_sorted_array()&amp#27;[0m
  &amp#27;[32mWhen &amp#27;[0m&amp#27;[32mthe user click on run button&amp#27;[0m                                                                                                     &amp#27;[90m# StepDefinitions.ArrayStepDefintions.the_user_click_on_run_button()&amp#27;[0m
  &amp#27;[32mThen &amp#27;[0m&amp#27;[32mThe user should see an alert error message as &amp#27;[0m&amp#27;[32m&amp#27;[1m"SyntaxError: bad input on line 2"&amp#27;[0m                                                 &amp#27;[90m# StepDefinitions.DSIntroductionDetails.the_user_should_see_an_alert_error_message(java.lang.String)&amp#27;[0m
[INFO ] 2024-12-17 09:45:34.176 [TestNG-PoolService-3] Hooks - ======================  Test Execution is completed!! ======================
  &amp#27;[32mWhen &amp#27;[0m&amp#27;[32mThe user enter python code in tryEditor page sheet &amp#27;[0m&amp#27;[32m&amp#27;[1m"pythonCode"&amp#27;[0m&amp#27;[32m and row &amp#27;[0m&amp#27;[32m&amp#27;[1m7&amp#27;[0m&amp#27;[32m for the Question and click on submit button&amp#27;[0m &amp#27;[90m# StepDefinitions.ArrayStepDefintions.the_user_enter_valid_python_code_in_try_editor_page_sheet_and_for_the_question_submit_button(java.lang.String,int)&amp#27;[0m
]]></system-out>
    <system-err><![CDATA[Dec 17, 2024 9:45:34 AM org.openqa.selenium.devtools.CdpVersionFinder findNearestMatch
WARNING: Unable to find an exact match for CDP version 131, returning the closest version; found: 130; Please update to a Selenium version that supports CDP version 131
]]></system-err>
  </testcase>
  <testcase name="runScenario[&quot;Validate user is presented with error message for the code with the invalid syntax in tryEditor for Squares of a Sorted Array&quot;, &quot;Array detail page&quot;](36)" classname="TestRunners.TestRunner" time="5.853">
    <system-out><![CDATA[
Scenario: Validate the DS dropdown without signIN                                                         &amp#27;[90m# src/test/resources/Features/DSIntroductionPage.feature:3&amp#27;[0m
  &amp#27;[32mWhen &amp#27;[0m&amp#27;[32mThe user clicks on Get Started link for array&amp#27;[0m                                                                         &amp#27;[90m# StepDefinitions.ArrayStepDefintions.the_user_clicks_on_get_started_link_for_array()&amp#27;[0m
  &amp#27;[32mGiven &amp#27;[0m&amp#27;[32mThe user is on the DS Introduction page as signedIn&amp#27;[0m                                                                             &amp#27;[90m# StepDefinitions.DSIntroductionDetails.the_user_is_on_the_ds_introduction_page_as_signed_in()&amp#27;[0m
  &amp#27;[32mWhen &amp#27;[0m&amp#27;[32mThe user clicks on Get Started link for array&amp#27;[0m                                                                                    &amp#27;[90m# StepDefinitions.ArrayStepDefintions.the_user_clicks_on_get_started_link_for_array()&amp#27;[0m
  &amp#27;[32mGiven &amp#27;[0m&amp#27;[32mThe user is on the Practice Questions page of Squares of a Sorted Array&amp#27;[0m                                              &amp#27;[90m# StepDefinitions.ArrayStepDefintions.the_user_is_on_the_practice_questions_page_of_squares_of_a_sorted_array()&amp#27;[0m
def sortedSquares(nums):
squares_list = []
for i in range(0, len(nums)):
square = nums[i] * nums[i];
squares_list.append(square)
sorted_squares_list = sorted(squares_list)
print sorted_squares_list;
return sorted_squares_list;
sortedSquares([-7,-3,2,3,11])
  &amp#27;[32mGiven &amp#27;[0m&amp#27;[32mThe user is on the Practice Questions page of Squares of a Sorted Array&amp#27;[0m                                                         &amp#27;[90m# StepDefinitions.ArrayStepDefintions.the_user_is_on_the_practice_questions_page_of_squares_of_a_sorted_array()&amp#27;[0m
  &amp#27;[32mWhen &amp#27;[0m&amp#27;[32mthe user click on run button&amp#27;[0m                                                                                                     &amp#27;[90m# StepDefinitions.ArrayStepDefintions.the_user_click_on_run_button()&amp#27;[0m
  &amp#27;[32mThen &amp#27;[0m&amp#27;[32mThe user should see an alert error message as &amp#27;[0m&amp#27;[32m&amp#27;[1m"SyntaxError: bad input on line 2"&amp#27;[0m                                                 &amp#27;[90m# StepDefinitions.DSIntroductionDetails.the_user_should_see_an_alert_error_message(java.lang.String)&amp#27;[0m
[INFO ] 2024-12-17 09:57:14.778 [TestNG-PoolService-3] Hooks - ======================  Test Execution is completed!! ======================
  &amp#27;[32mWhen &amp#27;[0m&amp#27;[32mThe user enter python code in tryEditor page sheet &amp#27;[0m&amp#27;[32m&amp#27;[1m"pythonCode"&amp#27;[0m&amp#27;[32m and row &amp#27;[0m&amp#27;[32m&amp#27;[1m7&amp#27;[0m&amp#27;[32m for the Question and click on submit button&amp#27;[0m &amp#27;[90m# StepDefinitions.ArrayStepDefintions.the_user_enter_valid_python_code_in_try_editor_page_sheet_and_for_the_question_submit_button(java.lang.String,int)&amp#27;[0m
  &amp#27;[32mThen &amp#27;[0m&amp#27;[32mthe user should be presented with the Run result from sheet &amp#27;[0m&amp#27;[32m&amp#27;[1m"pythonCode"&amp#27;[0m&amp#27;[32m and row &amp#27;[0m&amp#27;[32m&amp#27;[1m7&amp#27;[0m                                    &amp#27;[90m# StepDefinitions.ArrayStepDefintions.the_user_should_be_presented_with_the_run_result(java.lang.String,int)&amp#27;[0m
[INFO ] 2024-12-17 09:57:15.781 [TestNG-PoolService-2] Hooks - ======================  Test Execution is completed!! ======================
]]></system-out>
  </testcase>
  <testcase name="runScenario[&quot;Validate user is able to Submit the code in tryEditor for Squares of a Sorted Array&quot;, &quot;Array detail page&quot;](37)" classname="TestRunners.TestRunner" time="0.499">
    <system-out><![CDATA[
Scenario: Verify warning message when user navigate to DS details page without signIn         &amp#27;[90m# src/test/resources/Features/DSIntroductionPage.feature:8&amp#27;[0m
  &amp#27;[32mGiven &amp#27;[0m&amp#27;[32mThe user should open the DS Algo Portal URL in any supported browser&amp#27;[0m                              &amp#27;[90m# StepDefinitions.DSIntroductionDetails.the_user_should_open_the_ds_algo_portal_url_in_any_supported_browser()&amp#27;[0m
  &amp#27;[32mThen &amp#27;[0m&amp#27;[32mthe user should be presented with the Run result from sheet &amp#27;[0m&amp#27;[32m&amp#27;[1m"pythonCode"&amp#27;[0m&amp#27;[32m and row &amp#27;[0m&amp#27;[32m&amp#27;[1m7&amp#27;[0m                                    &amp#27;[90m# StepDefinitions.ArrayStepDefintions.the_user_should_be_presented_with_the_run_result(java.lang.String,int)&amp#27;[0m
[INFO ] 2024-12-17 09:45:34.598 [TestNG-PoolService-1] Hooks - ======================  Test Execution is completed!! ======================
]]></system-out>
  </testcase>
  <testcase name="runScenario[&quot;Validate user is able to Submit the code in tryEditor for Squares of a Sorted Array&quot;, &quot;Array detail page&quot;](37)" classname="TestRunners.TestRunner" time="0.775">
    <system-out><![CDATA[
Scenario: Verify warning message when user navigate to DS details page without signIn         &amp#27;[90m# src/test/resources/Features/DSIntroductionPage.feature:8&amp#27;[0m
]]></system-out>
  </testcase>
  <testcase name="runScenario[&quot;Validate the DS dropdown without signIN&quot;, &quot;DS Introduction Page&quot;](38)" classname="TestRunners.TestRunner" time="2.53">
    <system-out><![CDATA[
Scenario: Validate user lands on register page when clicked on register &amp#27;[90m# src/test/resources/Features/DSIntroductionPage.feature:13&amp#27;[0m
  &amp#27;[32mWhen &amp#27;[0m&amp#27;[32mThe user clicks the data structure dropdown arrow&amp#27;[0m                                                  &amp#27;[90m# StepDefinitions.DSIntroductionDetails.the_user_clicks_the_data_structure_dropdown_arrow()&amp#27;[0m
  &amp#27;[32mThen &amp#27;[0m&amp#27;[32mThe user should able to see siz options Arrays Linked,List,Stack,Queue,Tree,Graph in dropdown menu&amp#27;[0m &amp#27;[90m# StepDefinitions.DSIntroductionDetails.the_user_should_able_to_see_siz_options_arrays_linked_list_stack_queue_tree_graph_in_dropdown_menu()&amp#27;[0m
[INFO ] 2024-12-17 09:45:36.259 [TestNG-PoolService-2] Hooks - ======================  Test Execution is completed!! ======================
]]></system-out>
    <system-err><![CDATA[Dec 17, 2024 9:45:36 AM org.openqa.selenium.devtools.CdpVersionFinder findNearestMatch
WARNING: Unable to find an exact match for CDP version 131, returning the closest version; found: 130; Please update to a Selenium version that supports CDP version 131
Dec 17, 2024 9:45:36 AM org.openqa.selenium.devtools.CdpVersionFinder findNearestMatch
WARNING: Unable to find an exact match for CDP version 131, returning the closest version; found: 130; Please update to a Selenium version that supports CDP version 131
]]></system-err>
  </testcase>
  <testcase name="runScenario[&quot;Validate the DS dropdown without signIN&quot;, &quot;DS Introduction Page&quot;](38)" classname="TestRunners.TestRunner" time="2.995">
    <system-out><![CDATA[
Scenario: Validate user lands on register page when clicked on register &amp#27;[90m# src/test/resources/Features/DSIntroductionPage.feature:13&amp#27;[0m
  &amp#27;[32mGiven &amp#27;[0m&amp#27;[32mThe user should open the DS Algo Portal URL in any supported browser&amp#27;[0m                              &amp#27;[90m# StepDefinitions.DSIntroductionDetails.the_user_should_open_the_ds_algo_portal_url_in_any_supported_browser()&amp#27;[0m
  &amp#27;[32mWhen &amp#27;[0m&amp#27;[32mThe user clicks the data structure dropdown arrow&amp#27;[0m                                                  &amp#27;[90m# StepDefinitions.DSIntroductionDetails.the_user_clicks_the_data_structure_dropdown_arrow()&amp#27;[0m
  &amp#27;[32mThen &amp#27;[0m&amp#27;[32mThe user should able to see siz options Arrays Linked,List,Stack,Queue,Tree,Graph in dropdown menu&amp#27;[0m &amp#27;[90m# StepDefinitions.DSIntroductionDetails.the_user_should_able_to_see_siz_options_arrays_linked_list_stack_queue_tree_graph_in_dropdown_menu()&amp#27;[0m
[INFO ] 2024-12-17 09:57:18.956 [TestNG-PoolService-1] Hooks - ======================  Test Execution is completed!! ======================
]]></system-out>
  </testcase>
  <testcase name="runScenario[&quot;Validate the DS dropdown without signIN&quot;, &quot;DS Introduction Page&quot;](38)" classname="TestRunners.TestRunner" time="2.991">
    <system-out><![CDATA[
Scenario: Validate user lands on register page when clicked on register &amp#27;[90m# src/test/resources/Features/DSIntroductionPage.feature:13&amp#27;[0m
  &amp#27;[32mGiven &amp#27;[0m&amp#27;[32mThe user should open the DS Algo Portal URL in any supported browser&amp#27;[0m                              &amp#27;[90m# StepDefinitions.DSIntroductionDetails.the_user_should_open_the_ds_algo_portal_url_in_any_supported_browser()&amp#27;[0m
  &amp#27;[32mWhen &amp#27;[0m&amp#27;[32mThe user clicks the data structure dropdown arrow&amp#27;[0m                                                  &amp#27;[90m# StepDefinitions.DSIntroductionDetails.the_user_clicks_the_data_structure_dropdown_arrow()&amp#27;[0m
  &amp#27;[32mThen &amp#27;[0m&amp#27;[32mThe user should able to see siz options Arrays Linked,List,Stack,Queue,Tree,Graph in dropdown menu&amp#27;[0m &amp#27;[90m# StepDefinitions.DSIntroductionDetails.the_user_should_able_to_see_siz_options_arrays_linked_list_stack_queue_tree_graph_in_dropdown_menu()&amp#27;[0m
[INFO ] 2024-12-17 10:13:44.636 [TestNG-PoolService-3] Hooks - ======================  Test Execution is completed!! ======================
]]></system-out>
    <system-err><![CDATA[Dec 17, 2024 10:13:43 AM org.openqa.selenium.devtools.CdpVersionFinder findNearestMatch
WARNING: Unable to find an exact match for CDP version 131, returning the closest version; found: 130; Please update to a Selenium version that supports CDP version 131
Dec 17, 2024 10:13:45 AM org.openqa.selenium.devtools.CdpVersionFinder findNearestMatch
WARNING: Unable to find an exact match for CDP version 131, returning the closest version; found: 130; Please update to a Selenium version that supports CDP version 131
]]></system-err>
  </testcase>
  <testcase name="runScenario[&quot;Verify warning message when user navigate to DS details page without signIn&quot;, &quot;DS Introduction Page&quot;](39)" classname="TestRunners.TestRunner" time="0.892">
    <system-out><![CDATA[
Scenario: Clicking on get started for data structers lands on Data Structers details page &amp#27;[90m# src/test/resources/Features/DSIntroductionPage.feature:18&amp#27;[0m
  &amp#27;[32mGiven &amp#27;[0m&amp#27;[32mThe user is on the DS Introduction page&amp#27;[0m                                               &amp#27;[90m# StepDefinitions.DSIntroductionDetails.the_user_is_on_the_ds_introduction_page()&amp#27;[0m
  &amp#27;[32mWhen &amp#27;[0m&amp#27;[32mThe user clicks any Get Started buttons of data structures on the DS Introduction page&amp#27;[0m &amp#27;[90m# StepDefinitions.DSIntroductionDetails.the_user_clicks_any_get_started_buttons_of_data_structures_on_the_ds_introduction_page()&amp#27;[0m
  &amp#27;[32mGiven &amp#27;[0m&amp#27;[32mThe user is on the DS Introduction page&amp#27;[0m                         &amp#27;[90m# StepDefinitions.DSIntroductionDetails.the_user_is_on_the_ds_introduction_page()&amp#27;[0m
  &amp#27;[32mThen &amp#27;[0m&amp#27;[32mThe user should able to see an warning message You are not logged in&amp#27;[0m                   &amp#27;[90m# StepDefinitions.DSIntroductionDetails.the_user_should_able_to_see_an_warning_message_you_are_not_logged_in()&amp#27;[0m
[INFO ] 2024-12-17 09:45:38.222 [TestNG-PoolService-3] Hooks - ======================  Test Execution is completed!! ======================
]]></system-out>
  </testcase>
  <testcase name="runScenario[&quot;Verify warning message when user navigate to DS details page without signIn&quot;, &quot;DS Introduction Page&quot;](39)" classname="TestRunners.TestRunner" time="6.037">
    <system-out><![CDATA[
Scenario: Clicking on get started for data structers lands on Data Structers details page &amp#27;[90m# src/test/resources/Features/DSIntroductionPage.feature:18&amp#27;[0m
  &amp#27;[32mGiven &amp#27;[0m&amp#27;[32mThe user is on the DS Introduction page&amp#27;[0m                                               &amp#27;[90m# StepDefinitions.DSIntroductionDetails.the_user_is_on_the_ds_introduction_page()&amp#27;[0m
  &amp#27;[32mWhen &amp#27;[0m&amp#27;[32mThe user clicks any Get Started buttons of data structures on the DS Introduction page&amp#27;[0m &amp#27;[90m# StepDefinitions.DSIntroductionDetails.the_user_clicks_any_get_started_buttons_of_data_structures_on_the_ds_introduction_page()&amp#27;[0m
  &amp#27;[32mThen &amp#27;[0m&amp#27;[32mThe user should able to see an warning message You are not logged in&amp#27;[0m                   &amp#27;[90m# StepDefinitions.DSIntroductionDetails.the_user_should_able_to_see_an_warning_message_you_are_not_logged_in()&amp#27;[0m
[INFO ] 2024-12-17 09:57:24.685 [TestNG-PoolService-3] Hooks - ======================  Test Execution is completed!! ======================
  &amp#27;[32mGiven &amp#27;[0m&amp#27;[32mThe user is on the DS Introduction page&amp#27;[0m                         &amp#27;[90m# StepDefinitions.DSIntroductionDetails.the_user_is_on_the_ds_introduction_page()&amp#27;[0m
  &amp#27;[32mWhen &amp#27;[0m&amp#27;[32mThe user clicks Register link on the DS Introduction page&amp#27;[0m        &amp#27;[90m# StepDefinitions.DSIntroductionDetails.the_user_clicks_register_link_on_the_ds_introduction_page()&amp#27;[0m
  &amp#27;[32mThen &amp#27;[0m&amp#27;[32mThe user should navigate to register page&amp#27;[0m                        &amp#27;[90m# StepDefinitions.DSIntroductionDetails.the_user_should_navigate_to_register_page()&amp#27;[0m
[INFO ] 2024-12-17 09:57:26.102 [TestNG-PoolService-2] Hooks - ======================  Test Execution is completed!! ======================
]]></system-out>
  </testcase>
  <testcase name="runScenario[&quot;Verify warning message when user navigate to DS details page without signIn&quot;, &quot;DS Introduction Page&quot;](39)" classname="TestRunners.TestRunner" time="3.275">
    <system-out><![CDATA[
Scenario: Clicking on get started for data structers lands on Data Structers details page &amp#27;[90m# src/test/resources/Features/DSIntroductionPage.feature:18&amp#27;[0m
  &amp#27;[32mGiven &amp#27;[0m&amp#27;[32mThe user is on the DS Introduction page&amp#27;[0m                                               &amp#27;[90m# StepDefinitions.DSIntroductionDetails.the_user_is_on_the_ds_introduction_page()&amp#27;[0m
  &amp#27;[32mWhen &amp#27;[0m&amp#27;[32mThe user clicks any Get Started buttons of data structures on the DS Introduction page&amp#27;[0m &amp#27;[90m# StepDefinitions.DSIntroductionDetails.the_user_clicks_any_get_started_buttons_of_data_structures_on_the_ds_introduction_page()&amp#27;[0m
  &amp#27;[32mGiven &amp#27;[0m&amp#27;[32mThe user is on the DS Introduction page&amp#27;[0m                         &amp#27;[90m# StepDefinitions.DSIntroductionDetails.the_user_is_on_the_ds_introduction_page()&amp#27;[0m
  &amp#27;[32mThen &amp#27;[0m&amp#27;[32mThe user should able to see an warning message You are not logged in&amp#27;[0m                   &amp#27;[90m# StepDefinitions.DSIntroductionDetails.the_user_should_able_to_see_an_warning_message_you_are_not_logged_in()&amp#27;[0m
[INFO ] 2024-12-17 10:13:47.881 [TestNG-PoolService-2] Hooks - ======================  Test Execution is completed!! ======================
  &amp#27;[32mWhen &amp#27;[0m&amp#27;[32mThe user clicks Register link on the DS Introduction page&amp#27;[0m        &amp#27;[90m# StepDefinitions.DSIntroductionDetails.the_user_clicks_register_link_on_the_ds_introduction_page()&amp#27;[0m
  &amp#27;[32mThen &amp#27;[0m&amp#27;[32mThe user should navigate to register page&amp#27;[0m                        &amp#27;[90m# StepDefinitions.DSIntroductionDetails.the_user_should_navigate_to_register_page()&amp#27;[0m
[INFO ] 2024-12-17 10:13:48.110 [TestNG-PoolService-1] Hooks - ======================  Test Execution is completed!! ======================
]]></system-out>
    <system-err><![CDATA[Dec 17, 2024 10:13:46 AM org.openqa.selenium.devtools.CdpVersionFinder findNearestMatch
WARNING: Unable to find an exact match for CDP version 131, returning the closest version; found: 130; Please update to a Selenium version that supports CDP version 131
]]></system-err>
  </testcase>
  <testcase name="runScenario[&quot;Validate user lands on register page when clicked on register&quot;, &quot;DS Introduction Page&quot;](40)" classname="TestRunners.TestRunner" time="0.48">
    <system-out><![CDATA[  &amp#27;[32mWhen &amp#27;[0m&amp#27;[32mThe user clicks Register link on the DS Introduction page&amp#27;[0m        &amp#27;[90m# StepDefinitions.DSIntroductionDetails.the_user_clicks_register_link_on_the_ds_introduction_page()&amp#27;[0m

Scenario: Clicking on time complexity navigate to the page  &amp#27;[90m# src/test/resources/Features/DSIntroductionPage.feature:23&amp#27;[0m
  &amp#27;[32mThen &amp#27;[0m&amp#27;[32mThe user should navigate to register page&amp#27;[0m                        &amp#27;[90m# StepDefinitions.DSIntroductionDetails.the_user_should_navigate_to_register_page()&amp#27;[0m
[INFO ] 2024-12-17 09:45:38.458 [TestNG-PoolService-1] Hooks - ======================  Test Execution is completed!! ======================
]]></system-out>
  </testcase>
  <testcase name="runScenario[&quot;Validate user lands on register page when clicked on register&quot;, &quot;DS Introduction Page&quot;](40)" classname="TestRunners.TestRunner" time="1.13">
    <system-out><![CDATA[
Scenario: Clicking on time complexity navigate to the page  &amp#27;[90m# src/test/resources/Features/DSIntroductionPage.feature:23&amp#27;[0m
]]></system-out>
  </testcase>
  <testcase name="runScenario[&quot;Validate user lands on register page when clicked on register&quot;, &quot;DS Introduction Page&quot;](40)" classname="TestRunners.TestRunner" time="0.151">
    <system-out><![CDATA[
Scenario: Clicking on time complexity navigate to the page  &amp#27;[90m# src/test/resources/Features/DSIntroductionPage.feature:23&amp#27;[0m
]]></system-out>
    <system-err><![CDATA[Dec 17, 2024 10:13:49 AM org.openqa.selenium.devtools.CdpVersionFinder findNearestMatch
WARNING: Unable to find an exact match for CDP version 131, returning the closest version; found: 130; Please update to a Selenium version that supports CDP version 131
]]></system-err>
  </testcase>
  <testcase name="runScenario[&quot;Clicking on get started for data structers lands on Data Structers details page&quot;, &quot;DS Introduction Page&quot;](41)" classname="TestRunners.TestRunner" time="5.054">
    <system-out><![CDATA[
Scenario: Clicking on Try Here on time complexity opens python editor &amp#27;[90m# src/test/resources/Features/DSIntroductionPage.feature:28&amp#27;[0m
  &amp#27;[32mGiven &amp#27;[0m&amp#27;[32mThe user is on the DS Introduction page as signedIn&amp#27;[0m                               &amp#27;[90m# StepDefinitions.DSIntroductionDetails.the_user_is_on_the_ds_introduction_page_as_signed_in()&amp#27;[0m
  &amp#27;[32mWhen &amp#27;[0m&amp#27;[32mThe user clicks the Get Started button of DS Introduction&amp#27;[0m                          &amp#27;[90m# StepDefinitions.DSIntroductionDetails.the_user_clicks_the_get_started_button_of_ds_introduction()&amp#27;[0m
  &amp#27;[32mThen &amp#27;[0m&amp#27;[32mThe user should navigate to DS Intoduction details page&amp#27;[0m                            &amp#27;[90m# StepDefinitions.DSIntroductionDetails.the_user_should_navigate_to_ds_intoduction_details_page()&amp#27;[0m
[INFO ] 2024-12-17 09:45:43.303 [TestNG-PoolService-2] Hooks - ======================  Test Execution is completed!! ======================
  &amp#27;[32mGiven &amp#27;[0m&amp#27;[32mThe user is on the DS Introduction page as signedIn&amp#27;[0m &amp#27;[90m# StepDefinitions.DSIntroductionDetails.the_user_is_on_the_ds_introduction_page_as_signed_in()&amp#27;[0m
]]></system-out>
    <system-err><![CDATA[Dec 17, 2024 9:45:39 AM org.openqa.selenium.devtools.CdpVersionFinder findNearestMatch
WARNING: Unable to find an exact match for CDP version 131, returning the closest version; found: 130; Please update to a Selenium version that supports CDP version 131
Dec 17, 2024 9:45:40 AM org.openqa.selenium.devtools.CdpVersionFinder findNearestMatch
WARNING: Unable to find an exact match for CDP version 131, returning the closest version; found: 130; Please update to a Selenium version that supports CDP version 131
Dec 17, 2024 9:45:41 AM org.openqa.selenium.devtools.CdpVersionFinder findNearestMatch
WARNING: Unable to find an exact match for CDP version 131, returning the closest version; found: 130; Please update to a Selenium version that supports CDP version 131
]]></system-err>
  </testcase>
  <testcase name="runScenario[&quot;Clicking on get started for data structers lands on Data Structers details page&quot;, &quot;DS Introduction Page&quot;](41)" classname="TestRunners.TestRunner" time="4.245">
    <system-out><![CDATA[
Scenario: Clicking on Try Here on time complexity opens python editor &amp#27;[90m# src/test/resources/Features/DSIntroductionPage.feature:28&amp#27;[0m
  &amp#27;[32mGiven &amp#27;[0m&amp#27;[32mThe user is on the DS Introduction page as signedIn&amp#27;[0m                               &amp#27;[90m# StepDefinitions.DSIntroductionDetails.the_user_is_on_the_ds_introduction_page_as_signed_in()&amp#27;[0m
  &amp#27;[32mWhen &amp#27;[0m&amp#27;[32mThe user clicks the Get Started button of DS Introduction&amp#27;[0m                          &amp#27;[90m# StepDefinitions.DSIntroductionDetails.the_user_clicks_the_get_started_button_of_ds_introduction()&amp#27;[0m
  &amp#27;[32mThen &amp#27;[0m&amp#27;[32mThe user should navigate to DS Intoduction details page&amp#27;[0m                            &amp#27;[90m# StepDefinitions.DSIntroductionDetails.the_user_should_navigate_to_ds_intoduction_details_page()&amp#27;[0m
[INFO ] 2024-12-17 09:57:30.208 [TestNG-PoolService-1] Hooks - ======================  Test Execution is completed!! ======================
]]></system-out>
  </testcase>
  <testcase name="runScenario[&quot;Clicking on get started for data structers lands on Data Structers details page&quot;, &quot;DS Introduction Page&quot;](41)" classname="TestRunners.TestRunner" time="3.506">
    <system-out><![CDATA[
Scenario: Clicking on Try Here on time complexity opens python editor &amp#27;[90m# src/test/resources/Features/DSIntroductionPage.feature:28&amp#27;[0m
  &amp#27;[32mGiven &amp#27;[0m&amp#27;[32mThe user is on the DS Introduction page as signedIn&amp#27;[0m                               &amp#27;[90m# StepDefinitions.DSIntroductionDetails.the_user_is_on_the_ds_introduction_page_as_signed_in()&amp#27;[0m
  &amp#27;[32mWhen &amp#27;[0m&amp#27;[32mThe user clicks the Get Started button of DS Introduction&amp#27;[0m                          &amp#27;[90m# StepDefinitions.DSIntroductionDetails.the_user_clicks_the_get_started_button_of_ds_introduction()&amp#27;[0m
  &amp#27;[32mThen &amp#27;[0m&amp#27;[32mThe user should navigate to DS Intoduction details page&amp#27;[0m                            &amp#27;[90m# StepDefinitions.DSIntroductionDetails.the_user_should_navigate_to_ds_intoduction_details_page()&amp#27;[0m
[INFO ] 2024-12-17 10:13:51.641 [TestNG-PoolService-3] Hooks - ======================  Test Execution is completed!! ======================
]]></system-out>
    <system-err><![CDATA[Dec 17, 2024 10:13:52 AM org.openqa.selenium.devtools.CdpVersionFinder findNearestMatch
WARNING: Unable to find an exact match for CDP version 131, returning the closest version; found: 130; Please update to a Selenium version that supports CDP version 131
Dec 17, 2024 10:13:52 AM org.openqa.selenium.devtools.CdpVersionFinder findNearestMatch
WARNING: Unable to find an exact match for CDP version 131, returning the closest version; found: 130; Please update to a Selenium version that supports CDP version 131
]]></system-err>
  </testcase>
  <testcase name="runScenario[&quot;Clicking on time complexity navigate to the page&quot;, &quot;DS Introduction Page&quot;](42)" classname="TestRunners.TestRunner" time="0.763">
    <system-out><![CDATA[
Scenario: Error message displayed for invalid code on try editor for Time Complexity &amp#27;[90m# src/test/resources/Features/DSIntroductionPage.feature:33&amp#27;[0m
  &amp#27;[32mWhen &amp#27;[0m&amp#27;[32mThe user clicks the Time Complexity button&amp#27;[0m           &amp#27;[90m# StepDefinitions.DSIntroductionDetails.the_user_clicks_the_time_complexity_button()&amp#27;[0m
  &amp#27;[32mGiven &amp#27;[0m&amp#27;[32mThe user is on the DS Introduction page as signedIn&amp#27;[0m           &amp#27;[90m# StepDefinitions.DSIntroductionDetails.the_user_is_on_the_ds_introduction_page_as_signed_in()&amp#27;[0m
  &amp#27;[32mThen &amp#27;[0m&amp#27;[32mUser should navigate to Time Complexity page&amp#27;[0m         &amp#27;[90m# StepDefinitions.DSIntroductionDetails.user_should_navigate_to_time_complexity_page()&amp#27;[0m
[INFO ] 2024-12-17 09:45:44.485 [TestNG-PoolService-3] Hooks - ======================  Test Execution is completed!! ======================
]]></system-out>
  </testcase>
  <testcase name="runScenario[&quot;Clicking on time complexity navigate to the page&quot;, &quot;DS Introduction Page&quot;](42)" classname="TestRunners.TestRunner" time="5.415">
    <system-out><![CDATA[
Scenario: Error message displayed for invalid code on try editor for Time Complexity &amp#27;[90m# src/test/resources/Features/DSIntroductionPage.feature:33&amp#27;[0m
  &amp#27;[32mGiven &amp#27;[0m&amp#27;[32mThe user is on the DS Introduction page as signedIn&amp#27;[0m &amp#27;[90m# StepDefinitions.DSIntroductionDetails.the_user_is_on_the_ds_introduction_page_as_signed_in()&amp#27;[0m
  &amp#27;[32mWhen &amp#27;[0m&amp#27;[32mThe user clicks the Time Complexity button&amp#27;[0m           &amp#27;[90m# StepDefinitions.DSIntroductionDetails.the_user_clicks_the_time_complexity_button()&amp#27;[0m
  &amp#27;[32mThen &amp#27;[0m&amp#27;[32mUser should navigate to Time Complexity page&amp#27;[0m         &amp#27;[90m# StepDefinitions.DSIntroductionDetails.user_should_navigate_to_time_complexity_page()&amp#27;[0m
[INFO ] 2024-12-17 09:57:35.742 [TestNG-PoolService-3] Hooks - ======================  Test Execution is completed!! ======================
  &amp#27;[32mGiven &amp#27;[0m&amp#27;[32mThe user is on the DS Introduction page as signedIn&amp#27;[0m           &amp#27;[90m# StepDefinitions.DSIntroductionDetails.the_user_is_on_the_ds_introduction_page_as_signed_in()&amp#27;[0m
]]></system-out>
  </testcase>
  <testcase name="runScenario[&quot;Clicking on time complexity navigate to the page&quot;, &quot;DS Introduction Page&quot;](42)" classname="TestRunners.TestRunner" time="5.151">
    <system-out><![CDATA[
Scenario: Error message displayed for invalid code on try editor for Time Complexity &amp#27;[90m# src/test/resources/Features/DSIntroductionPage.feature:33&amp#27;[0m
  &amp#27;[32mGiven &amp#27;[0m&amp#27;[32mThe user is on the DS Introduction page as signedIn&amp#27;[0m           &amp#27;[90m# StepDefinitions.DSIntroductionDetails.the_user_is_on_the_ds_introduction_page_as_signed_in()&amp#27;[0m
  &amp#27;[32mGiven &amp#27;[0m&amp#27;[32mThe user is on the DS Introduction page as signedIn&amp#27;[0m &amp#27;[90m# StepDefinitions.DSIntroductionDetails.the_user_is_on_the_ds_introduction_page_as_signed_in()&amp#27;[0m
  &amp#27;[32mWhen &amp#27;[0m&amp#27;[32mThe user clicks the Time Complexity button&amp#27;[0m           &amp#27;[90m# StepDefinitions.DSIntroductionDetails.the_user_clicks_the_time_complexity_button()&amp#27;[0m
  &amp#27;[32mThen &amp#27;[0m&amp#27;[32mUser should navigate to Time Complexity page&amp#27;[0m         &amp#27;[90m# StepDefinitions.DSIntroductionDetails.user_should_navigate_to_time_complexity_page()&amp#27;[0m
[INFO ] 2024-12-17 10:13:56.486 [TestNG-PoolService-2] Hooks - ======================  Test Execution is completed!! ======================
  &amp#27;[32mWhen &amp#27;[0m&amp#27;[32mUser clicks Try here link of time complexity page&amp#27;[0m              &amp#27;[90m# StepDefinitions.DSIntroductionDetails.user_clicks_try_here_link_of_time_complexity_page()&amp#27;[0m
  &amp#27;[32mThen &amp#27;[0m&amp#27;[32mUser should navigate to tryEditor page&amp#27;[0m                         &amp#27;[90m# StepDefinitions.DSIntroductionDetails.user_should_navigate_to_try_editor_page()&amp#27;[0m
[INFO ] 2024-12-17 10:13:57.093 [TestNG-PoolService-1] Hooks - ======================  Test Execution is completed!! ======================
]]></system-out>
    <system-err><![CDATA[Dec 17, 2024 10:13:56 AM org.openqa.selenium.devtools.CdpVersionFinder findNearestMatch
WARNING: Unable to find an exact match for CDP version 131, returning the closest version; found: 130; Please update to a Selenium version that supports CDP version 131
]]></system-err>
  </testcase>
  <testcase name="runScenario[&quot;Clicking on Try Here on time complexity opens python editor&quot;, &quot;DS Introduction Page&quot;](43)" classname="TestRunners.TestRunner" time="2.875">
    <system-out><![CDATA[
Scenario: No error message displayed for empty code on try editor for Time Complexity &amp#27;[90m# src/test/resources/Features/DSIntroductionPage.feature:38&amp#27;[0m
  &amp#27;[32mWhen &amp#27;[0m&amp#27;[32mUser clicks Try here link of time complexity page&amp#27;[0m              &amp#27;[90m# StepDefinitions.DSIntroductionDetails.user_clicks_try_here_link_of_time_complexity_page()&amp#27;[0m
  &amp#27;[32mThen &amp#27;[0m&amp#27;[32mUser should navigate to tryEditor page&amp#27;[0m                         &amp#27;[90m# StepDefinitions.DSIntroductionDetails.user_should_navigate_to_try_editor_page()&amp#27;[0m
[INFO ] 2024-12-17 09:45:46.847 [TestNG-PoolService-1] Hooks - ======================  Test Execution is completed!! ======================
]]></system-out>
    <system-err><![CDATA[Dec 17, 2024 9:45:45 AM org.openqa.selenium.devtools.CdpVersionFinder findNearestMatch
WARNING: Unable to find an exact match for CDP version 131, returning the closest version; found: 130; Please update to a Selenium version that supports CDP version 131
Dec 17, 2024 9:45:46 AM org.openqa.selenium.devtools.CdpVersionFinder findNearestMatch
WARNING: Unable to find an exact match for CDP version 131, returning the closest version; found: 130; Please update to a Selenium version that supports CDP version 131
]]></system-err>
  </testcase>
  <testcase name="runScenario[&quot;Clicking on Try Here on time complexity opens python editor&quot;, &quot;DS Introduction Page&quot;](43)" classname="TestRunners.TestRunner" time="2.989">
    <system-out><![CDATA[
Scenario: No error message displayed for empty code on try editor for Time Complexity &amp#27;[90m# src/test/resources/Features/DSIntroductionPage.feature:38&amp#27;[0m
  &amp#27;[32mWhen &amp#27;[0m&amp#27;[32mUser clicks Try here link of time complexity page&amp#27;[0m              &amp#27;[90m# StepDefinitions.DSIntroductionDetails.user_clicks_try_here_link_of_time_complexity_page()&amp#27;[0m
  &amp#27;[32mThen &amp#27;[0m&amp#27;[32mUser should navigate to tryEditor page&amp#27;[0m                         &amp#27;[90m# StepDefinitions.DSIntroductionDetails.user_should_navigate_to_try_editor_page()&amp#27;[0m
[INFO ] 2024-12-17 09:57:38.126 [TestNG-PoolService-2] Hooks - ======================  Test Execution is completed!! ======================
]]></system-out>
  </testcase>
  <testcase name="runScenario[&quot;Clicking on Try Here on time complexity opens python editor&quot;, &quot;DS Introduction Page&quot;](43)" classname="TestRunners.TestRunner" time="0.34">
    <system-out><![CDATA[
Scenario: No error message displayed for empty code on try editor for Time Complexity &amp#27;[90m# src/test/resources/Features/DSIntroductionPage.feature:38&amp#27;[0m
]]></system-out>
  </testcase>
  <testcase name="runScenario[&quot;Error message displayed for invalid code on try editor for Time Complexity&quot;, &quot;DS Introduction Page&quot;](44)" classname="TestRunners.TestRunner" time="3.214">
    <failure message="element not interactable&#10;  (Session info: chrome=131.0.6778.140)&#10;Build info: version: &apos;4.26.0&apos;, revision: &apos;8ccf0219d7&apos;&#10;System info: os.name: &apos;Windows 11&apos;, os.arch: &apos;amd64&apos;, os.version: &apos;10.0&apos;, java.version: &apos;21.0.5&apos;&#10;Driver info: org.openqa.selenium.chrome.ChromeDriver&#10;Command: [aa40b5c0c3807e1502a9275400d6c945, sendKeysToElement {id=f.9DF824D5DEB35A0993AD02E8979532FB.d.988EA8860C2976801D6D8AE871F99141.e.55, value=[Ljava.lang.CharSequence;@76ca42f8}]&#10;Capabilities {acceptInsecureCerts: false, browserName: chrome, browserVersion: 131.0.6778.140, chrome: {chromedriverVersion: 131.0.6778.108 (3b014839fbc..., userDataDir: C:\Users\vamsh\AppData\Loca...}, fedcm:accounts: true, goog:chromeOptions: {debuggerAddress: localhost:65192}, networkConnectionEnabled: false, pageLoadStrategy: normal, platformName: windows, proxy: Proxy(), se:cdp: ws://localhost:65192/devtoo..., se:cdpVersion: 131.0.6778.140, setWindowRect: true, strictFileInteractability: false, timeouts: {implicit: 0, pageLoad: 300000, script: 30000}, unhandledPromptBehavior: dismiss and notify, webauthn:extension:credBlob: true, webauthn:extension:largeBlob: true, webauthn:extension:minPinLength: true, webauthn:extension:prf: true, webauthn:virtualAuthenticators: true}&#10;Element: [[ChromeDriver: chrome on windows (aa40b5c0c3807e1502a9275400d6c945)] -&gt; css selector: .CodeMirror textarea]&#10;Session ID: aa40b5c0c3807e1502a9275400d6c945" type="org.openqa.selenium.ElementNotInteractableException"><![CDATA[org.openqa.selenium.ElementNotInteractableException: 
element not interactable
  (Session info: chrome=131.0.6778.140)
Build info: version: '4.26.0', revision: '8ccf0219d7'
System info: os.name: 'Windows 11', os.arch: 'amd64', os.version: '10.0', java.version: '21.0.5'
Driver info: org.openqa.selenium.chrome.ChromeDriver
Command: [aa40b5c0c3807e1502a9275400d6c945, sendKeysToElement {id=f.9DF824D5DEB35A0993AD02E8979532FB.d.988EA8860C2976801D6D8AE871F99141.e.55, value=[Ljava.lang.CharSequence;@76ca42f8}]
Capabilities {acceptInsecureCerts: false, browserName: chrome, browserVersion: 131.0.6778.140, chrome: {chromedriverVersion: 131.0.6778.108 (3b014839fbc..., userDataDir: C:\Users\vamsh\AppData\Loca...}, fedcm:accounts: true, goog:chromeOptions: {debuggerAddress: localhost:65192}, networkConnectionEnabled: false, pageLoadStrategy: normal, platformName: windows, proxy: Proxy(), se:cdp: ws://localhost:65192/devtoo..., se:cdpVersion: 131.0.6778.140, setWindowRect: true, strictFileInteractability: false, timeouts: {implicit: 0, pageLoad: 300000, script: 30000}, unhandledPromptBehavior: dismiss and notify, webauthn:extension:credBlob: true, webauthn:extension:largeBlob: true, webauthn:extension:minPinLength: true, webauthn:extension:prf: true, webauthn:virtualAuthenticators: true}
Element: [[ChromeDriver: chrome on windows (aa40b5c0c3807e1502a9275400d6c945)] -> css selector: .CodeMirror textarea]
Session ID: aa40b5c0c3807e1502a9275400d6c945
]]></failure>
    <system-out><![CDATA[
Scenario: Valid code on try editor for Time Complexity runs successfully &amp#27;[90m# src/test/resources/Features/DSIntroductionPage.feature:43&amp#27;[0m
  &amp#27;[32mGiven &amp#27;[0m&amp#27;[32mUser is on try here page of time complexity as signedIn&amp#27;[0m                      &amp#27;[90m# StepDefinitions.DSIntroductionDetails.user_is_on_try_here_page_of_time_complexity_as_signedIn()&amp#27;[0m
  &amp#27;[31mWhen &amp#27;[0m&amp#27;[31mUser writes invalid code and clicks run button&amp#27;[0m                                &amp#27;[90m# StepDefinitions.DSIntroductionDetails.user_writes_invalid_code_and_clicks_run_button()&amp#27;[0m
      &amp#27;[31morg.openqa.selenium.ElementNotInteractableException: element not interactable
  (Session info: chrome=131.0.6778.140)
Build info: version: '4.26.0', revision: '8ccf0219d7'
System info: os.name: 'Windows 11', os.arch: 'amd64', os.version: '10.0', java.version: '21.0.5'
Driver info: org.openqa.selenium.chrome.ChromeDriver
Command: [aa40b5c0c3807e1502a9275400d6c945, sendKeysToElement {id=f.9DF824D5DEB35A0993AD02E8979532FB.d.988EA8860C2976801D6D8AE871F99141.e.55, value=[Ljava.lang.CharSequence;@76ca42f8}]
Capabilities {acceptInsecureCerts: false, browserName: chrome, browserVersion: 131.0.6778.140, chrome: {chromedriverVersion: 131.0.6778.108 (3b014839fbc..., userDataDir: C:\Users\vamsh\AppData\Loca...}, fedcm:accounts: true, goog:chromeOptions: {debuggerAddress: localhost:65192}, networkConnectionEnabled: false, pageLoadStrategy: normal, platformName: windows, proxy: Proxy(), se:cdp: ws://localhost:65192/devtoo..., se:cdpVersion: 131.0.6778.140, setWindowRect: true, strictFileInteractability: false, timeouts: {implicit: 0, pageLoad: 300000, script: 30000}, unhandledPromptBehavior: dismiss and notify, webauthn:extension:credBlob: true, webauthn:extension:largeBlob: true, webauthn:extension:minPinLength: true, webauthn:extension:prf: true, webauthn:virtualAuthenticators: true}
Element: [[ChromeDriver: chrome on windows (aa40b5c0c3807e1502a9275400d6c945)] -> css selector: .CodeMirror textarea]
Session ID: aa40b5c0c3807e1502a9275400d6c945
	at java.base/jdk.internal.reflect.DirectConstructorHandleAccessor.newInstance(DirectConstructorHandleAccessor.java:62)
	at java.base/java.lang.reflect.Constructor.newInstanceWithCaller(Constructor.java:502)
	at java.base/java.lang.reflect.Constructor.newInstance(Constructor.java:486)
	at org.openqa.selenium.remote.ErrorCodec.decode(ErrorCodec.java:167)
	at org.openqa.selenium.remote.codec.w3c.W3CHttpResponseCodec.decode(W3CHttpResponseCodec.java:138)
	at org.openqa.selenium.remote.codec.w3c.W3CHttpResponseCodec.decode(W3CHttpResponseCodec.java:50)
	at org.openqa.selenium.remote.HttpCommandExecutor.execute(HttpCommandExecutor.java:190)
	at org.openqa.selenium.remote.service.DriverCommandExecutor.invokeExecute(DriverCommandExecutor.java:216)
	at org.openqa.selenium.remote.service.DriverCommandExecutor.execute(DriverCommandExecutor.java:174)
	at org.openqa.selenium.remote.RemoteWebDriver.execute(RemoteWebDriver.java:545)
	at org.openqa.selenium.remote.RemoteWebElement.execute(RemoteWebElement.java:223)
	at org.openqa.selenium.remote.RemoteWebElement.sendKeys(RemoteWebElement.java:110)
	at PageObjects.IntroductionPage.enterCodeInEditor(IntroductionPage.java:82)
	at StepDefinitions.DSIntroductionDetails.user_writes_invalid_code_and_clicks_run_button(DSIntroductionDetails.java:184)
	at ✽.User writes invalid code and clicks run button(file:///C:/Projects/newFolder-3/Repo1/src/test/resources/Features/DSIntroductionPage.feature:35)
&amp#27;[0m
  &amp#27;[36mThen &amp#27;[0m&amp#27;[36mThe user should able to see an error message in alert window&amp#27;[0m                  &amp#27;[90m# StepDefinitions.DSIntroductionDetails.the_user_should_able_to_see_an_error_message_in_alert_window()&amp#27;[0m
[ERROR] 2024-12-17 09:45:50.330 [TestNG-PoolService-2] Hooks - ======================  TEST CASE FAILED !! ======================
  &amp#27;[32mGiven &amp#27;[0m&amp#27;[32mUser is on try here page of time complexity as signedIn&amp#27;[0m                       &amp#27;[90m# StepDefinitions.DSIntroductionDetails.user_is_on_try_here_page_of_time_complexity_as_signedIn()&amp#27;[0m

    Embedding screenshot [image/png 7853 bytes]

[INFO ] 2024-12-17 09:45:50.544 [TestNG-PoolService-2] Hooks - ======================  Screenshot is captured  ======================
[INFO ] 2024-12-17 09:45:50.548 [TestNG-PoolService-2] Hooks - ======================  Test Execution is completed!! ======================
]]></system-out>
    <system-err><![CDATA[Dec 17, 2024 9:45:49 AM org.openqa.selenium.devtools.CdpVersionFinder findNearestMatch
WARNING: Unable to find an exact match for CDP version 131, returning the closest version; found: 130; Please update to a Selenium version that supports CDP version 131
]]></system-err>
  </testcase>
  <testcase name="runScenario[&quot;Error message displayed for invalid code on try editor for Time Complexity&quot;, &quot;DS Introduction Page&quot;](44)" classname="TestRunners.TestRunner" time="4.405">
    <failure message="Build info: version: &apos;4.26.0&apos;, revision: &apos;8ccf0219d7&apos;&#10;System info: os.name: &apos;Windows 11&apos;, os.arch: &apos;amd64&apos;, os.version: &apos;10.0&apos;, java.version: &apos;21.0.5&apos;&#10;Driver info: org.openqa.selenium.firefox.FirefoxDriver&#10;Command: [cb87a8ec-cffd-488b-a9cd-7c60d5aa4107, getAlertText {}]&#10;Capabilities {acceptInsecureCerts: true, browserName: firefox, browserVersion: 133.0.3, moz:accessibilityChecks: false, moz:buildID: 20241209150345, moz:debuggerAddress: 127.0.0.1:14445, moz:geckodriverVersion: 0.35.0, moz:headless: false, moz:platformVersion: 10.0, moz:processID: 37864, moz:profile: C:\Users\vamsh\AppData\Loca..., moz:shutdownTimeout: 60000, moz:webdriverClick: true, moz:windowless: false, pageLoadStrategy: normal, platformName: windows, proxy: Proxy(), se:cdp: ws://127.0.0.1:14445/devtoo..., se:cdpVersion: 85.0, setWindowRect: true, strictFileInteractability: false, timeouts: {implicit: 0, pageLoad: 300000, script: 30000}, unhandledPromptBehavior: dismiss and notify, userAgent: Mozilla/5.0 (Windows NT 10....}&#10;Session ID: cb87a8ec-cffd-488b-a9cd-7c60d5aa4107" type="org.openqa.selenium.NoAlertPresentException"><![CDATA[org.openqa.selenium.NoAlertPresentException: 
Build info: version: '4.26.0', revision: '8ccf0219d7'
System info: os.name: 'Windows 11', os.arch: 'amd64', os.version: '10.0', java.version: '21.0.5'
Driver info: org.openqa.selenium.firefox.FirefoxDriver
Command: [cb87a8ec-cffd-488b-a9cd-7c60d5aa4107, getAlertText {}]
Capabilities {acceptInsecureCerts: true, browserName: firefox, browserVersion: 133.0.3, moz:accessibilityChecks: false, moz:buildID: 20241209150345, moz:debuggerAddress: 127.0.0.1:14445, moz:geckodriverVersion: 0.35.0, moz:headless: false, moz:platformVersion: 10.0, moz:processID: 37864, moz:profile: C:\Users\vamsh\AppData\Loca..., moz:shutdownTimeout: 60000, moz:webdriverClick: true, moz:windowless: false, pageLoadStrategy: normal, platformName: windows, proxy: Proxy(), se:cdp: ws://127.0.0.1:14445/devtoo..., se:cdpVersion: 85.0, setWindowRect: true, strictFileInteractability: false, timeouts: {implicit: 0, pageLoad: 300000, script: 30000}, unhandledPromptBehavior: dismiss and notify, userAgent: Mozilla/5.0 (Windows NT 10....}
Session ID: cb87a8ec-cffd-488b-a9cd-7c60d5aa4107
]]></failure>
    <system-out><![CDATA[
Scenario: Valid code on try editor for Time Complexity runs successfully &amp#27;[90m# src/test/resources/Features/DSIntroductionPage.feature:43&amp#27;[0m
  &amp#27;[32mGiven &amp#27;[0m&amp#27;[32mUser is on try here page of time complexity as signedIn&amp#27;[0m                      &amp#27;[90m# StepDefinitions.DSIntroductionDetails.user_is_on_try_here_page_of_time_complexity_as_signedIn()&amp#27;[0m
  &amp#27;[32mWhen &amp#27;[0m&amp#27;[32mUser writes invalid code and clicks run button&amp#27;[0m                                &amp#27;[90m# StepDefinitions.DSIntroductionDetails.user_writes_invalid_code_and_clicks_run_button()&amp#27;[0m
  &amp#27;[31mThen &amp#27;[0m&amp#27;[31mThe user should able to see an error message in alert window&amp#27;[0m                  &amp#27;[90m# StepDefinitions.DSIntroductionDetails.the_user_should_able_to_see_an_error_message_in_alert_window()&amp#27;[0m
      &amp#27;[31morg.openqa.selenium.NoAlertPresentException: Build info: version: '4.26.0', revision: '8ccf0219d7'
System info: os.name: 'Windows 11', os.arch: 'amd64', os.version: '10.0', java.version: '21.0.5'
Driver info: org.openqa.selenium.firefox.FirefoxDriver
Command: [cb87a8ec-cffd-488b-a9cd-7c60d5aa4107, getAlertText {}]
Capabilities {acceptInsecureCerts: true, browserName: firefox, browserVersion: 133.0.3, moz:accessibilityChecks: false, moz:buildID: 20241209150345, moz:debuggerAddress: 127.0.0.1:14445, moz:geckodriverVersion: 0.35.0, moz:headless: false, moz:platformVersion: 10.0, moz:processID: 37864, moz:profile: C:\Users\vamsh\AppData\Loca..., moz:shutdownTimeout: 60000, moz:webdriverClick: true, moz:windowless: false, pageLoadStrategy: normal, platformName: windows, proxy: Proxy(), se:cdp: ws://127.0.0.1:14445/devtoo..., se:cdpVersion: 85.0, setWindowRect: true, strictFileInteractability: false, timeouts: {implicit: 0, pageLoad: 300000, script: 30000}, unhandledPromptBehavior: dismiss and notify, userAgent: Mozilla/5.0 (Windows NT 10....}
Session ID: cb87a8ec-cffd-488b-a9cd-7c60d5aa4107
	at java.base/jdk.internal.reflect.DirectConstructorHandleAccessor.newInstance(DirectConstructorHandleAccessor.java:62)
	at java.base/java.lang.reflect.Constructor.newInstanceWithCaller(Constructor.java:502)
	at java.base/java.lang.reflect.Constructor.newInstance(Constructor.java:486)
	at org.openqa.selenium.remote.ErrorCodec.decode(ErrorCodec.java:167)
	at org.openqa.selenium.remote.codec.w3c.W3CHttpResponseCodec.decode(W3CHttpResponseCodec.java:138)
	at org.openqa.selenium.remote.codec.w3c.W3CHttpResponseCodec.decode(W3CHttpResponseCodec.java:50)
	at org.openqa.selenium.remote.HttpCommandExecutor.execute(HttpCommandExecutor.java:190)
	at org.openqa.selenium.remote.service.DriverCommandExecutor.invokeExecute(DriverCommandExecutor.java:216)
	at org.openqa.selenium.remote.service.DriverCommandExecutor.execute(DriverCommandExecutor.java:174)
	at org.openqa.selenium.remote.RemoteWebDriver.execute(RemoteWebDriver.java:545)
	at org.openqa.selenium.remote.RemoteWebDriver.execute(RemoteWebDriver.java:618)
	at org.openqa.selenium.remote.RemoteWebDriver.execute(RemoteWebDriver.java:622)
	at org.openqa.selenium.remote.RemoteWebDriver$RemoteTargetLocator.alert(RemoteWebDriver.java:1190)
	at PageObjects.IntroductionPage.getAlertText(IntroductionPage.java:134)
	at StepDefinitions.DSIntroductionDetails.the_user_should_able_to_see_an_error_message_in_alert_window(DSIntroductionDetails.java:203)
	at ✽.The user should able to see an error message in alert window(file:///C:/Projects/newFolder-3/Repo1/src/test/resources/Features/DSIntroductionPage.feature:36)
&amp#27;[0m
[ERROR] 2024-12-17 09:57:42.929 [TestNG-PoolService-1] Hooks - ======================  TEST CASE FAILED !! ======================

    Embedding screenshot [image/png 37860 bytes]

[INFO ] 2024-12-17 09:57:42.987 [TestNG-PoolService-1] Hooks - ======================  Screenshot is captured  ======================
[INFO ] 2024-12-17 09:57:42.989 [TestNG-PoolService-1] Hooks - ======================  Test Execution is completed!! ======================
]]></system-out>
  </testcase>
  <testcase name="runScenario[&quot;Error message displayed for invalid code on try editor for Time Complexity&quot;, &quot;DS Introduction Page&quot;](44)" classname="TestRunners.TestRunner" time="3.228">
    <system-out><![CDATA[
Scenario: Valid code on try editor for Time Complexity runs successfully &amp#27;[90m# src/test/resources/Features/DSIntroductionPage.feature:43&amp#27;[0m
  &amp#27;[32mGiven &amp#27;[0m&amp#27;[32mUser is on try here page of time complexity as signedIn&amp#27;[0m                      &amp#27;[90m# StepDefinitions.DSIntroductionDetails.user_is_on_try_here_page_of_time_complexity_as_signedIn()&amp#27;[0m
  &amp#27;[32mWhen &amp#27;[0m&amp#27;[32mUser writes invalid code and clicks run button&amp#27;[0m                                &amp#27;[90m# StepDefinitions.DSIntroductionDetails.user_writes_invalid_code_and_clicks_run_button()&amp#27;[0m
  &amp#27;[32mThen &amp#27;[0m&amp#27;[32mThe user should able to see an error message in alert window&amp#27;[0m                  &amp#27;[90m# StepDefinitions.DSIntroductionDetails.the_user_should_able_to_see_an_error_message_in_alert_window()&amp#27;[0m
[INFO ] 2024-12-17 10:14:00.071 [TestNG-PoolService-3] Hooks - ======================  Test Execution is completed!! ======================
]]></system-out>
    <system-err><![CDATA[Dec 17, 2024 10:14:00 AM org.openqa.selenium.devtools.CdpVersionFinder findNearestMatch
WARNING: Unable to find an exact match for CDP version 131, returning the closest version; found: 130; Please update to a Selenium version that supports CDP version 131
Dec 17, 2024 10:14:01 AM org.openqa.selenium.devtools.CdpVersionFinder findNearestMatch
WARNING: Unable to find an exact match for CDP version 131, returning the closest version; found: 130; Please update to a Selenium version that supports CDP version 131
]]></system-err>
  </testcase>
  <testcase name="runScenario[&quot;No error message displayed for empty code on try editor for Time Complexity&quot;, &quot;DS Introduction Page&quot;](45)" classname="TestRunners.TestRunner" time="1.153">
    <system-out><![CDATA[
Scenario: Validate user navigated to graph details page when clicked on get started &amp#27;[90m# src/test/resources/Features/GraphHomepage.feature:8&amp#27;[0m
  &amp#27;[32mWhen &amp#27;[0m&amp#27;[32mUser clicks on run button with empty code&amp#27;[0m                                      &amp#27;[90m# StepDefinitions.DSIntroductionDetails.user_clicks_on_run_button_with_empty_code()&amp#27;[0m
  &amp#27;[32mThen &amp#27;[0m&amp#27;[32mThe user should not see any error message or alert&amp#27;[0m                             &amp#27;[90m# StepDefinitions.DSIntroductionDetails.the_user_should_not_see_any_error_message_or_alert()&amp#27;[0m
[INFO ] 2024-12-17 09:45:51.649 [TestNG-PoolService-3] Hooks - ======================  Test Execution is completed!! ======================
]]></system-out>
  </testcase>
  <testcase name="runScenario[&quot;No error message displayed for empty code on try editor for Time Complexity&quot;, &quot;DS Introduction Page&quot;](45)" classname="TestRunners.TestRunner" time="5.407">
    <system-out><![CDATA[
Scenario: Validate user navigated to graph details page when clicked on get started &amp#27;[90m# src/test/resources/Features/GraphHomepage.feature:8&amp#27;[0m
  &amp#27;[32mGiven &amp#27;[0m&amp#27;[32mUser is on try here page of time complexity as signedIn&amp#27;[0m                       &amp#27;[90m# StepDefinitions.DSIntroductionDetails.user_is_on_try_here_page_of_time_complexity_as_signedIn()&amp#27;[0m
  &amp#27;[32mWhen &amp#27;[0m&amp#27;[32mUser clicks on run button with empty code&amp#27;[0m                                      &amp#27;[90m# StepDefinitions.DSIntroductionDetails.user_clicks_on_run_button_with_empty_code()&amp#27;[0m
  &amp#27;[32mThen &amp#27;[0m&amp#27;[32mThe user should not see any error message or alert&amp#27;[0m                             &amp#27;[90m# StepDefinitions.DSIntroductionDetails.the_user_should_not_see_any_error_message_or_alert()&amp#27;[0m
[INFO ] 2024-12-17 09:57:48.387 [TestNG-PoolService-3] Hooks - ======================  Test Execution is completed!! ======================
  &amp#27;[32mGiven &amp#27;[0m&amp#27;[32mUser is on try here page of time complexity as signedIn&amp#27;[0m          &amp#27;[90m# StepDefinitions.DSIntroductionDetails.user_is_on_try_here_page_of_time_complexity_as_signedIn()&amp#27;[0m
]]></system-out>
  </testcase>
  <testcase name="runScenario[&quot;No error message displayed for empty code on try editor for Time Complexity&quot;, &quot;DS Introduction Page&quot;](45)" classname="TestRunners.TestRunner" time="5.984">
    <system-out><![CDATA[
Scenario: Validate user navigated to graph details page when clicked on get started &amp#27;[90m# src/test/resources/Features/GraphHomepage.feature:8&amp#27;[0m
  &amp#27;[32mGiven &amp#27;[0m&amp#27;[32mUser is on try here page of time complexity as signedIn&amp#27;[0m                       &amp#27;[90m# StepDefinitions.DSIntroductionDetails.user_is_on_try_here_page_of_time_complexity_as_signedIn()&amp#27;[0m
  &amp#27;[32mGiven &amp#27;[0m&amp#27;[32mUser is on try here page of time complexity as signedIn&amp#27;[0m          &amp#27;[90m# StepDefinitions.DSIntroductionDetails.user_is_on_try_here_page_of_time_complexity_as_signedIn()&amp#27;[0m
  &amp#27;[32mWhen &amp#27;[0m&amp#27;[32mUser clicks on run button with empty code&amp#27;[0m                                      &amp#27;[90m# StepDefinitions.DSIntroductionDetails.user_clicks_on_run_button_with_empty_code()&amp#27;[0m
  &amp#27;[32mThen &amp#27;[0m&amp#27;[32mThe user should not see any error message or alert&amp#27;[0m                             &amp#27;[90m# StepDefinitions.DSIntroductionDetails.the_user_should_not_see_any_error_message_or_alert()&amp#27;[0m
[INFO ] 2024-12-17 10:14:05.801 [TestNG-PoolService-2] Hooks - ======================  Test Execution is completed!! ======================
  &amp#27;[32mWhen &amp#27;[0m&amp#27;[32mUser writes valid code and clicks run button&amp#27;[0m                      &amp#27;[90m# StepDefinitions.DSIntroductionDetails.user_writes_valid_code_and_clicks_run_button()&amp#27;[0m
  &amp#27;[32mThen &amp#27;[0m&amp#27;[32mThe user should able to see output in the console&amp#27;[0m                 &amp#27;[90m# StepDefinitions.DSIntroductionDetails.the_user_should_able_to_see_output_in_the_console()&amp#27;[0m
[INFO ] 2024-12-17 10:14:06.765 [TestNG-PoolService-1] Hooks - ======================  Test Execution is completed!! ======================
]]></system-out>
    <system-err><![CDATA[Dec 17, 2024 10:14:05 AM org.openqa.selenium.devtools.CdpVersionFinder findNearestMatch
WARNING: Unable to find an exact match for CDP version 131, returning the closest version; found: 130; Please update to a Selenium version that supports CDP version 131
]]></system-err>
  </testcase>
  <testcase name="runScenario[&quot;Valid code on try editor for Time Complexity runs successfully&quot;, &quot;DS Introduction Page&quot;](46)" classname="TestRunners.TestRunner" time="3.02">
    <failure message="element not interactable&#10;  (Session info: chrome=131.0.6778.140)&#10;Build info: version: &apos;4.26.0&apos;, revision: &apos;8ccf0219d7&apos;&#10;System info: os.name: &apos;Windows 11&apos;, os.arch: &apos;amd64&apos;, os.version: &apos;10.0&apos;, java.version: &apos;21.0.5&apos;&#10;Driver info: org.openqa.selenium.chrome.ChromeDriver&#10;Command: [c80d7d8bd73bada49e4c63029b51640d, sendKeysToElement {id=f.21E18419C4D7BDD03A5A70F3C42E60D4.d.4317B6A93EF05C8AFC35DBC547BCFDDC.e.55, value=[Ljava.lang.CharSequence;@161d6c96}]&#10;Capabilities {acceptInsecureCerts: false, browserName: chrome, browserVersion: 131.0.6778.140, chrome: {chromedriverVersion: 131.0.6778.108 (3b014839fbc..., userDataDir: C:\Users\vamsh\AppData\Loca...}, fedcm:accounts: true, goog:chromeOptions: {debuggerAddress: localhost:65347}, networkConnectionEnabled: false, pageLoadStrategy: normal, platformName: windows, proxy: Proxy(), se:cdp: ws://localhost:65347/devtoo..., se:cdpVersion: 131.0.6778.140, setWindowRect: true, strictFileInteractability: false, timeouts: {implicit: 0, pageLoad: 300000, script: 30000}, unhandledPromptBehavior: dismiss and notify, webauthn:extension:credBlob: true, webauthn:extension:largeBlob: true, webauthn:extension:minPinLength: true, webauthn:extension:prf: true, webauthn:virtualAuthenticators: true}&#10;Element: [[ChromeDriver: chrome on windows (c80d7d8bd73bada49e4c63029b51640d)] -&gt; css selector: .CodeMirror textarea]&#10;Session ID: c80d7d8bd73bada49e4c63029b51640d" type="org.openqa.selenium.ElementNotInteractableException"><![CDATA[org.openqa.selenium.ElementNotInteractableException: 
element not interactable
  (Session info: chrome=131.0.6778.140)
Build info: version: '4.26.0', revision: '8ccf0219d7'
System info: os.name: 'Windows 11', os.arch: 'amd64', os.version: '10.0', java.version: '21.0.5'
Driver info: org.openqa.selenium.chrome.ChromeDriver
Command: [c80d7d8bd73bada49e4c63029b51640d, sendKeysToElement {id=f.21E18419C4D7BDD03A5A70F3C42E60D4.d.4317B6A93EF05C8AFC35DBC547BCFDDC.e.55, value=[Ljava.lang.CharSequence;@161d6c96}]
Capabilities {acceptInsecureCerts: false, browserName: chrome, browserVersion: 131.0.6778.140, chrome: {chromedriverVersion: 131.0.6778.108 (3b014839fbc..., userDataDir: C:\Users\vamsh\AppData\Loca...}, fedcm:accounts: true, goog:chromeOptions: {debuggerAddress: localhost:65347}, networkConnectionEnabled: false, pageLoadStrategy: normal, platformName: windows, proxy: Proxy(), se:cdp: ws://localhost:65347/devtoo..., se:cdpVersion: 131.0.6778.140, setWindowRect: true, strictFileInteractability: false, timeouts: {implicit: 0, pageLoad: 300000, script: 30000}, unhandledPromptBehavior: dismiss and notify, webauthn:extension:credBlob: true, webauthn:extension:largeBlob: true, webauthn:extension:minPinLength: true, webauthn:extension:prf: true, webauthn:virtualAuthenticators: true}
Element: [[ChromeDriver: chrome on windows (c80d7d8bd73bada49e4c63029b51640d)] -> css selector: .CodeMirror textarea]
Session ID: c80d7d8bd73bada49e4c63029b51640d
]]></failure>
    <system-out><![CDATA[
Scenario: Validate user can navigate to Graph in Graph page    &amp#27;[90m# src/test/resources/Features/GraphHomepage.feature:11&amp#27;[0m
  &amp#27;[32mGiven &amp#27;[0m&amp#27;[32mUser is on try here page of time complexity as signedIn&amp#27;[0m          &amp#27;[90m# StepDefinitions.DSIntroductionDetails.user_is_on_try_here_page_of_time_complexity_as_signedIn()&amp#27;[0m
  &amp#27;[31mWhen &amp#27;[0m&amp#27;[31mUser writes valid code and clicks run button&amp#27;[0m                      &amp#27;[90m# StepDefinitions.DSIntroductionDetails.user_writes_valid_code_and_clicks_run_button()&amp#27;[0m
      &amp#27;[31morg.openqa.selenium.ElementNotInteractableException: element not interactable
  (Session info: chrome=131.0.6778.140)
Build info: version: '4.26.0', revision: '8ccf0219d7'
System info: os.name: 'Windows 11', os.arch: 'amd64', os.version: '10.0', java.version: '21.0.5'
Driver info: org.openqa.selenium.chrome.ChromeDriver
Command: [c80d7d8bd73bada49e4c63029b51640d, sendKeysToElement {id=f.21E18419C4D7BDD03A5A70F3C42E60D4.d.4317B6A93EF05C8AFC35DBC547BCFDDC.e.55, value=[Ljava.lang.CharSequence;@161d6c96}]
Capabilities {acceptInsecureCerts: false, browserName: chrome, browserVersion: 131.0.6778.140, chrome: {chromedriverVersion: 131.0.6778.108 (3b014839fbc..., userDataDir: C:\Users\vamsh\AppData\Loca...}, fedcm:accounts: true, goog:chromeOptions: {debuggerAddress: localhost:65347}, networkConnectionEnabled: false, pageLoadStrategy: normal, platformName: windows, proxy: Proxy(), se:cdp: ws://localhost:65347/devtoo..., se:cdpVersion: 131.0.6778.140, setWindowRect: true, strictFileInteractability: false, timeouts: {implicit: 0, pageLoad: 300000, script: 30000}, unhandledPromptBehavior: dismiss and notify, webauthn:extension:credBlob: true, webauthn:extension:largeBlob: true, webauthn:extension:minPinLength: true, webauthn:extension:prf: true, webauthn:virtualAuthenticators: true}
Element: [[ChromeDriver: chrome on windows (c80d7d8bd73bada49e4c63029b51640d)] -> css selector: .CodeMirror textarea]
Session ID: c80d7d8bd73bada49e4c63029b51640d
	at java.base/jdk.internal.reflect.DirectConstructorHandleAccessor.newInstance(DirectConstructorHandleAccessor.java:62)
	at java.base/java.lang.reflect.Constructor.newInstanceWithCaller(Constructor.java:502)
	at java.base/java.lang.reflect.Constructor.newInstance(Constructor.java:486)
	at org.openqa.selenium.remote.ErrorCodec.decode(ErrorCodec.java:167)
	at org.openqa.selenium.remote.codec.w3c.W3CHttpResponseCodec.decode(W3CHttpResponseCodec.java:138)
	at org.openqa.selenium.remote.codec.w3c.W3CHttpResponseCodec.decode(W3CHttpResponseCodec.java:50)
	at org.openqa.selenium.remote.HttpCommandExecutor.execute(HttpCommandExecutor.java:190)
	at org.openqa.selenium.remote.service.DriverCommandExecutor.invokeExecute(DriverCommandExecutor.java:216)
	at org.openqa.selenium.remote.service.DriverCommandExecutor.execute(DriverCommandExecutor.java:174)
	at org.openqa.selenium.remote.RemoteWebDriver.execute(RemoteWebDriver.java:545)
	at org.openqa.selenium.remote.RemoteWebElement.execute(RemoteWebElement.java:223)
	at org.openqa.selenium.remote.RemoteWebElement.sendKeys(RemoteWebElement.java:110)
	at PageObjects.IntroductionPage.enterCodeInEditor(IntroductionPage.java:82)
	at StepDefinitions.DSIntroductionDetails.user_writes_valid_code_and_clicks_run_button(DSIntroductionDetails.java:197)
	at ✽.User writes valid code and clicks run button(file:///C:/Projects/newFolder-3/Repo1/src/test/resources/Features/DSIntroductionPage.feature:45)
&amp#27;[0m
  &amp#27;[36mThen &amp#27;[0m&amp#27;[36mThe user should able to see output in the console&amp#27;[0m                 &amp#27;[90m# StepDefinitions.DSIntroductionDetails.the_user_should_able_to_see_output_in_the_console()&amp#27;[0m
[ERROR] 2024-12-17 09:45:54.222 [TestNG-PoolService-1] Hooks - ======================  TEST CASE FAILED !! ======================

    Embedding screenshot [image/png 7853 bytes]

[INFO ] 2024-12-17 09:45:54.463 [TestNG-PoolService-1] Hooks - ======================  Screenshot is captured  ======================
[INFO ] 2024-12-17 09:45:54.465 [TestNG-PoolService-1] Hooks - ======================  Test Execution is completed!! ======================
]]></system-out>
    <system-err><![CDATA[Dec 17, 2024 9:45:52 AM org.openqa.selenium.devtools.CdpVersionFinder findNearestMatch
WARNING: Unable to find an exact match for CDP version 131, returning the closest version; found: 130; Please update to a Selenium version that supports CDP version 131
Dec 17, 2024 9:45:54 AM org.openqa.selenium.devtools.CdpVersionFinder findNearestMatch
WARNING: Unable to find an exact match for CDP version 131, returning the closest version; found: 130; Please update to a Selenium version that supports CDP version 131
]]></system-err>
  </testcase>
  <testcase name="runScenario[&quot;Valid code on try editor for Time Complexity runs successfully&quot;, &quot;DS Introduction Page&quot;](46)" classname="TestRunners.TestRunner" time="3.178">
    <system-out><![CDATA[
Scenario: Validate user can navigate to Graph in Graph page    &amp#27;[90m# src/test/resources/Features/GraphHomepage.feature:11&amp#27;[0m
  &amp#27;[32mWhen &amp#27;[0m&amp#27;[32mUser writes valid code and clicks run button&amp#27;[0m                      &amp#27;[90m# StepDefinitions.DSIntroductionDetails.user_writes_valid_code_and_clicks_run_button()&amp#27;[0m
  &amp#27;[32mThen &amp#27;[0m&amp#27;[32mThe user should able to see output in the console&amp#27;[0m                 &amp#27;[90m# StepDefinitions.DSIntroductionDetails.the_user_should_able_to_see_output_in_the_console()&amp#27;[0m
[INFO ] 2024-12-17 09:57:51.282 [TestNG-PoolService-2] Hooks - ======================  Test Execution is completed!! ======================
]]></system-out>
  </testcase>
  <testcase name="runScenario[&quot;Valid code on try editor for Time Complexity runs successfully&quot;, &quot;DS Introduction Page&quot;](46)" classname="TestRunners.TestRunner" time="0.489">
    <system-out><![CDATA[
Scenario: Validate user can navigate to Graph in Graph page    &amp#27;[90m# src/test/resources/Features/GraphHomepage.feature:11&amp#27;[0m
  &amp#27;[32mGiven &amp#27;[0m&amp#27;[32mThe user is on the DS Introduction page as signedIn&amp#27;[0m                         &amp#27;[90m# StepDefinitions.DSIntroductionDetails.the_user_is_on_the_ds_introduction_page_as_signed_in()&amp#27;[0m
]]></system-out>
  </testcase>
  <testcase name="runScenario[&quot;Validate user navigated to graph details page when clicked on get started&quot;, &quot;Title of your feature&quot;](47)" classname="TestRunners.TestRunner" time="2.136">
    <system-out><![CDATA[
Scenario: Validate user can Try here link page from graphs  &amp#27;[90m# src/test/resources/Features/GraphHomepage.feature:16&amp#27;[0m
  &amp#27;[32mGiven &amp#27;[0m&amp#27;[32mThe user is on the DS Introduction page as signedIn&amp#27;[0m                         &amp#27;[90m# StepDefinitions.DSIntroductionDetails.the_user_is_on_the_ds_introduction_page_as_signed_in()&amp#27;[0m
  &amp#27;[32mWhen &amp#27;[0m&amp#27;[32mThe user clicks on Get Started link for graph&amp#27;[0m                                &amp#27;[90m# StepDefinitions.GraphStepDefintions.the_user_clicks_on_get_started_link_for_graph()&amp#27;[0m
  &amp#27;[32mThen &amp#27;[0m&amp#27;[32mThe user is on the graph details page&amp#27;[0m                                        &amp#27;[90m# StepDefinitions.GraphStepDefintions.the_user_is_on_the_graph_details_page()&amp#27;[0m
[INFO ] 2024-12-17 09:45:56.040 [TestNG-PoolService-2] Hooks - ======================  Test Execution is completed!! ======================
  &amp#27;[32mGiven &amp#27;[0m&amp#27;[32mThe user is on the DS Introduction page as signedIn&amp#27;[0m    &amp#27;[90m# StepDefinitions.DSIntroductionDetails.the_user_is_on_the_ds_introduction_page_as_signed_in()&amp#27;[0m
]]></system-out>
    <system-err><![CDATA[Dec 17, 2024 9:45:56 AM org.openqa.selenium.devtools.CdpVersionFinder findNearestMatch
WARNING: Unable to find an exact match for CDP version 131, returning the closest version; found: 130; Please update to a Selenium version that supports CDP version 131
]]></system-err>
  </testcase>
  <testcase name="runScenario[&quot;Validate user navigated to graph details page when clicked on get started&quot;, &quot;Title of your feature&quot;](47)" classname="TestRunners.TestRunner" time="2.178">
    <system-out><![CDATA[
Scenario: Validate user can Try here link page from graphs  &amp#27;[90m# src/test/resources/Features/GraphHomepage.feature:16&amp#27;[0m
  &amp#27;[32mGiven &amp#27;[0m&amp#27;[32mThe user is on the DS Introduction page as signedIn&amp#27;[0m                         &amp#27;[90m# StepDefinitions.DSIntroductionDetails.the_user_is_on_the_ds_introduction_page_as_signed_in()&amp#27;[0m
  &amp#27;[32mWhen &amp#27;[0m&amp#27;[32mThe user clicks on Get Started link for graph&amp#27;[0m                                &amp#27;[90m# StepDefinitions.GraphStepDefintions.the_user_clicks_on_get_started_link_for_graph()&amp#27;[0m
  &amp#27;[32mThen &amp#27;[0m&amp#27;[32mThe user is on the graph details page&amp#27;[0m                                        &amp#27;[90m# StepDefinitions.GraphStepDefintions.the_user_is_on_the_graph_details_page()&amp#27;[0m
[INFO ] 2024-12-17 09:57:53.973 [TestNG-PoolService-1] Hooks - ======================  Test Execution is completed!! ======================
]]></system-out>
  </testcase>
  <testcase name="runScenario[&quot;Validate user navigated to graph details page when clicked on get started&quot;, &quot;Title of your feature&quot;](47)" classname="TestRunners.TestRunner" time="1.695">
    <system-out><![CDATA[
Scenario: Validate user can Try here link page from graphs  &amp#27;[90m# src/test/resources/Features/GraphHomepage.feature:16&amp#27;[0m
  &amp#27;[32mWhen &amp#27;[0m&amp#27;[32mThe user clicks on Get Started link for graph&amp#27;[0m                                &amp#27;[90m# StepDefinitions.GraphStepDefintions.the_user_clicks_on_get_started_link_for_graph()&amp#27;[0m
  &amp#27;[32mThen &amp#27;[0m&amp#27;[32mThe user is on the graph details page&amp#27;[0m                                        &amp#27;[90m# StepDefinitions.GraphStepDefintions.the_user_is_on_the_graph_details_page()&amp#27;[0m
[INFO ] 2024-12-17 10:14:08.443 [TestNG-PoolService-3] Hooks - ======================  Test Execution is completed!! ======================
]]></system-out>
  </testcase>
  <testcase name="runScenario[&quot;Validate user can navigate to Graph in Graph page&quot;, &quot;Title of your feature&quot;](48)" classname="TestRunners.TestRunner" time="1.155">
    <system-out><![CDATA[
Scenario: Error message displayed for invalid code on try Editor for graphs page &amp#27;[90m# src/test/resources/Features/GraphHomepage.feature:21&amp#27;[0m
  &amp#27;[32mWhen &amp#27;[0m&amp#27;[32mThe user clicks on Get Started link for graph&amp#27;[0m           &amp#27;[90m# StepDefinitions.GraphStepDefintions.the_user_clicks_on_get_started_link_for_graph()&amp#27;[0m
  &amp#27;[32mGiven &amp#27;[0m&amp#27;[32mThe user is on the graph details page&amp#27;[0m                  &amp#27;[90m# StepDefinitions.GraphStepDefintions.the_user_is_on_the_graph_details_page()&amp#27;[0m
  &amp#27;[32mWhen &amp#27;[0m&amp#27;[32mThe user click on graph link in graph details page&amp#27;[0m      &amp#27;[90m# StepDefinitions.GraphStepDefintions.the_user_click_on_graph_link_in_graph_details_page()&amp#27;[0m
  &amp#27;[32mThen &amp#27;[0m&amp#27;[32mthe user is navigated to graph page under graph details&amp#27;[0m &amp#27;[90m# StepDefinitions.GraphStepDefintions.the_user_is_navigated_to_graph_page_under_graph_details()&amp#27;[0m
[INFO ] 2024-12-17 09:45:57.995 [TestNG-PoolService-3] Hooks - ======================  Test Execution is completed!! ======================
]]></system-out>
  </testcase>
  <testcase name="runScenario[&quot;Validate user can navigate to Graph in Graph page&quot;, &quot;Title of your feature&quot;](48)" classname="TestRunners.TestRunner" time="5.624">
    <system-out><![CDATA[
Scenario: Error message displayed for invalid code on try Editor for graphs page &amp#27;[90m# src/test/resources/Features/GraphHomepage.feature:21&amp#27;[0m
  &amp#27;[32mGiven &amp#27;[0m&amp#27;[32mThe user is on the DS Introduction page as signedIn&amp#27;[0m    &amp#27;[90m# StepDefinitions.DSIntroductionDetails.the_user_is_on_the_ds_introduction_page_as_signed_in()&amp#27;[0m
  &amp#27;[32mWhen &amp#27;[0m&amp#27;[32mThe user clicks on Get Started link for graph&amp#27;[0m           &amp#27;[90m# StepDefinitions.GraphStepDefintions.the_user_clicks_on_get_started_link_for_graph()&amp#27;[0m
  &amp#27;[32mGiven &amp#27;[0m&amp#27;[32mThe user is on the graph details page&amp#27;[0m                  &amp#27;[90m# StepDefinitions.GraphStepDefintions.the_user_is_on_the_graph_details_page()&amp#27;[0m
  &amp#27;[32mWhen &amp#27;[0m&amp#27;[32mThe user click on graph link in graph details page&amp#27;[0m      &amp#27;[90m# StepDefinitions.GraphStepDefintions.the_user_click_on_graph_link_in_graph_details_page()&amp#27;[0m
  &amp#27;[32mThen &amp#27;[0m&amp#27;[32mthe user is navigated to graph page under graph details&amp#27;[0m &amp#27;[90m# StepDefinitions.GraphStepDefintions.the_user_is_navigated_to_graph_page_under_graph_details()&amp#27;[0m
[INFO ] 2024-12-17 09:57:59.422 [TestNG-PoolService-3] Hooks - ======================  Test Execution is completed!! ======================
]]></system-out>
  </testcase>
  <testcase name="runScenario[&quot;Validate user can navigate to Graph in Graph page&quot;, &quot;Title of your feature&quot;](48)" classname="TestRunners.TestRunner" time="6.96">
    <system-out><![CDATA[
Scenario: Error message displayed for invalid code on try Editor for graphs page &amp#27;[90m# src/test/resources/Features/GraphHomepage.feature:21&amp#27;[0m
  &amp#27;[32mGiven &amp#27;[0m&amp#27;[32mThe user is on the DS Introduction page as signedIn&amp#27;[0m    &amp#27;[90m# StepDefinitions.DSIntroductionDetails.the_user_is_on_the_ds_introduction_page_as_signed_in()&amp#27;[0m
  &amp#27;[32mWhen &amp#27;[0m&amp#27;[32mThe user clicks on Get Started link for graph&amp#27;[0m           &amp#27;[90m# StepDefinitions.GraphStepDefintions.the_user_clicks_on_get_started_link_for_graph()&amp#27;[0m
  &amp#27;[32mGiven &amp#27;[0m&amp#27;[32mThe user is on the DS Introduction page as signedIn&amp#27;[0m &amp#27;[90m# StepDefinitions.DSIntroductionDetails.the_user_is_on_the_ds_introduction_page_as_signed_in()&amp#27;[0m
  &amp#27;[32mGiven &amp#27;[0m&amp#27;[32mThe user is on the graph details page&amp#27;[0m                  &amp#27;[90m# StepDefinitions.GraphStepDefintions.the_user_is_on_the_graph_details_page()&amp#27;[0m
  &amp#27;[32mWhen &amp#27;[0m&amp#27;[32mThe user clicks on Get Started link for graph&amp#27;[0m        &amp#27;[90m# StepDefinitions.GraphStepDefintions.the_user_clicks_on_get_started_link_for_graph()&amp#27;[0m
  &amp#27;[32mWhen &amp#27;[0m&amp#27;[32mThe user click on graph link in graph details page&amp#27;[0m      &amp#27;[90m# StepDefinitions.GraphStepDefintions.the_user_click_on_graph_link_in_graph_details_page()&amp#27;[0m
  &amp#27;[32mThen &amp#27;[0m&amp#27;[32mthe user is navigated to graph page under graph details&amp#27;[0m &amp#27;[90m# StepDefinitions.GraphStepDefintions.the_user_is_navigated_to_graph_page_under_graph_details()&amp#27;[0m
[INFO ] 2024-12-17 10:14:15.454 [TestNG-PoolService-2] Hooks - ======================  Test Execution is completed!! ======================
  &amp#27;[32mGiven &amp#27;[0m&amp#27;[32mThe user is on the graphs page under graph detials&amp#27;[0m  &amp#27;[90m# StepDefinitions.GraphStepDefintions.the_user_is_on_the_graphs_page_under_graph_detials()&amp#27;[0m
  &amp#27;[32mGiven &amp#27;[0m&amp#27;[32mThe user is on the DS Introduction page as signedIn&amp#27;[0m                      &amp#27;[90m# StepDefinitions.DSIntroductionDetails.the_user_is_on_the_ds_introduction_page_as_signed_in()&amp#27;[0m
  &amp#27;[32mWhen &amp#27;[0m&amp#27;[32mUser clicks Try here link&amp#27;[0m                            &amp#27;[90m# StepDefinitions.DSIntroductionDetails.user_clicks_try_here_link()&amp#27;[0m
  &amp#27;[32mWhen &amp#27;[0m&amp#27;[32mThe user clicks on Get Started link for graph&amp#27;[0m                             &amp#27;[90m# StepDefinitions.GraphStepDefintions.the_user_clicks_on_get_started_link_for_graph()&amp#27;[0m
  &amp#27;[32mThen &amp#27;[0m&amp#27;[32mUser should navigate to tryEditor page&amp#27;[0m               &amp#27;[90m# StepDefinitions.DSIntroductionDetails.user_should_navigate_to_try_editor_page()&amp#27;[0m
[INFO ] 2024-12-17 10:14:16.611 [TestNG-PoolService-1] Hooks - ======================  Test Execution is completed!! ======================
]]></system-out>
    <system-err><![CDATA[Dec 17, 2024 10:14:10 AM org.openqa.selenium.devtools.CdpVersionFinder findNearestMatch
WARNING: Unable to find an exact match for CDP version 131, returning the closest version; found: 130; Please update to a Selenium version that supports CDP version 131
Dec 17, 2024 10:14:11 AM org.openqa.selenium.devtools.CdpVersionFinder findNearestMatch
WARNING: Unable to find an exact match for CDP version 131, returning the closest version; found: 130; Please update to a Selenium version that supports CDP version 131
Dec 17, 2024 10:14:13 AM org.openqa.selenium.devtools.CdpVersionFinder findNearestMatch
WARNING: Unable to find an exact match for CDP version 131, returning the closest version; found: 130; Please update to a Selenium version that supports CDP version 131
]]></system-err>
  </testcase>
  <testcase name="runScenario[&quot;Validate user can Try here link page from graphs&quot;, &quot;Title of your feature&quot;](49)" classname="TestRunners.TestRunner" time="4.236">
    <system-out><![CDATA[
Scenario: No error message displayed for empty code on try editor for graphs page &amp#27;[90m# src/test/resources/Features/GraphHomepage.feature:26&amp#27;[0m
  &amp#27;[32mGiven &amp#27;[0m&amp#27;[32mThe user is on the DS Introduction page as signedIn&amp#27;[0m &amp#27;[90m# StepDefinitions.DSIntroductionDetails.the_user_is_on_the_ds_introduction_page_as_signed_in()&amp#27;[0m
  &amp#27;[32mWhen &amp#27;[0m&amp#27;[32mThe user clicks on Get Started link for graph&amp#27;[0m        &amp#27;[90m# StepDefinitions.GraphStepDefintions.the_user_clicks_on_get_started_link_for_graph()&amp#27;[0m
  &amp#27;[32mGiven &amp#27;[0m&amp#27;[32mThe user is on the graphs page under graph detials&amp#27;[0m  &amp#27;[90m# StepDefinitions.GraphStepDefintions.the_user_is_on_the_graphs_page_under_graph_detials()&amp#27;[0m
  &amp#27;[32mWhen &amp#27;[0m&amp#27;[32mUser clicks Try here link&amp#27;[0m                            &amp#27;[90m# StepDefinitions.DSIntroductionDetails.user_clicks_try_here_link()&amp#27;[0m
  &amp#27;[32mThen &amp#27;[0m&amp#27;[32mUser should navigate to tryEditor page&amp#27;[0m               &amp#27;[90m# StepDefinitions.DSIntroductionDetails.user_should_navigate_to_try_editor_page()&amp#27;[0m
[INFO ] 2024-12-17 09:46:02.250 [TestNG-PoolService-1] Hooks - ======================  Test Execution is completed!! ======================
]]></system-out>
    <system-err><![CDATA[Dec 17, 2024 9:45:58 AM org.openqa.selenium.devtools.CdpVersionFinder findNearestMatch
WARNING: Unable to find an exact match for CDP version 131, returning the closest version; found: 130; Please update to a Selenium version that supports CDP version 131
Dec 17, 2024 9:46:00 AM org.openqa.selenium.devtools.CdpVersionFinder findNearestMatch
WARNING: Unable to find an exact match for CDP version 131, returning the closest version; found: 130; Please update to a Selenium version that supports CDP version 131
]]></system-err>
  </testcase>
  <testcase name="runScenario[&quot;Validate user can Try here link page from graphs&quot;, &quot;Title of your feature&quot;](49)" classname="TestRunners.TestRunner" time="3.777">
    <system-out><![CDATA[
Scenario: No error message displayed for empty code on try editor for graphs page &amp#27;[90m# src/test/resources/Features/GraphHomepage.feature:26&amp#27;[0m
  &amp#27;[32mGiven &amp#27;[0m&amp#27;[32mThe user is on the DS Introduction page as signedIn&amp#27;[0m &amp#27;[90m# StepDefinitions.DSIntroductionDetails.the_user_is_on_the_ds_introduction_page_as_signed_in()&amp#27;[0m
  &amp#27;[32mWhen &amp#27;[0m&amp#27;[32mThe user clicks on Get Started link for graph&amp#27;[0m        &amp#27;[90m# StepDefinitions.GraphStepDefintions.the_user_clicks_on_get_started_link_for_graph()&amp#27;[0m
  &amp#27;[32mGiven &amp#27;[0m&amp#27;[32mThe user is on the graphs page under graph detials&amp#27;[0m  &amp#27;[90m# StepDefinitions.GraphStepDefintions.the_user_is_on_the_graphs_page_under_graph_detials()&amp#27;[0m
  &amp#27;[32mWhen &amp#27;[0m&amp#27;[32mUser clicks Try here link&amp#27;[0m                            &amp#27;[90m# StepDefinitions.DSIntroductionDetails.user_clicks_try_here_link()&amp#27;[0m
  &amp#27;[32mThen &amp#27;[0m&amp#27;[32mUser should navigate to tryEditor page&amp#27;[0m               &amp#27;[90m# StepDefinitions.DSIntroductionDetails.user_should_navigate_to_try_editor_page()&amp#27;[0m
[INFO ] 2024-12-17 09:58:03.254 [TestNG-PoolService-2] Hooks - ======================  Test Execution is completed!! ======================
  &amp#27;[32mGiven &amp#27;[0m&amp#27;[32mThe user is on the DS Introduction page as signedIn&amp#27;[0m                      &amp#27;[90m# StepDefinitions.DSIntroductionDetails.the_user_is_on_the_ds_introduction_page_as_signed_in()&amp#27;[0m
  &amp#27;[32mWhen &amp#27;[0m&amp#27;[32mThe user clicks on Get Started link for graph&amp#27;[0m                             &amp#27;[90m# StepDefinitions.GraphStepDefintions.the_user_clicks_on_get_started_link_for_graph()&amp#27;[0m
]]></system-out>
  </testcase>
  <testcase name="runScenario[&quot;Validate user can Try here link page from graphs&quot;, &quot;Title of your feature&quot;](49)" classname="TestRunners.TestRunner" time="1.212">
    <system-out><![CDATA[
Scenario: No error message displayed for empty code on try editor for graphs page &amp#27;[90m# src/test/resources/Features/GraphHomepage.feature:26&amp#27;[0m
  &amp#27;[32mGiven &amp#27;[0m&amp#27;[32mThe user is on the graphs page under graph detials&amp#27;[0m                       &amp#27;[90m# StepDefinitions.GraphStepDefintions.the_user_is_on_the_graphs_page_under_graph_detials()&amp#27;[0m
  &amp#27;[32mWhen &amp#27;[0m&amp#27;[32mUser writes invalid code and clicks run button&amp#27;[0m                            &amp#27;[90m# StepDefinitions.DSIntroductionDetails.user_writes_invalid_code_and_clicks_run_button()&amp#27;[0m
  &amp#27;[32mThen &amp#27;[0m&amp#27;[32mThe user should able to see an error message in alert window&amp#27;[0m              &amp#27;[90m# StepDefinitions.DSIntroductionDetails.the_user_should_able_to_see_an_error_message_in_alert_window()&amp#27;[0m
[INFO ] 2024-12-17 10:14:17.850 [TestNG-PoolService-3] Hooks - ======================  Test Execution is completed!! ======================
]]></system-out>
  </testcase>
  <testcase name="runScenario[&quot;Error message displayed for invalid code on try Editor for graphs page&quot;, &quot;Title of your feature&quot;](50)" classname="TestRunners.TestRunner" time="2.967">
    <failure message="element not interactable&#10;  (Session info: chrome=131.0.6778.140)&#10;Build info: version: &apos;4.26.0&apos;, revision: &apos;8ccf0219d7&apos;&#10;System info: os.name: &apos;Windows 11&apos;, os.arch: &apos;amd64&apos;, os.version: &apos;10.0&apos;, java.version: &apos;21.0.5&apos;&#10;Driver info: org.openqa.selenium.chrome.ChromeDriver&#10;Command: [1e4a6db735c4d41f4fc6119fbbdd9999, sendKeysToElement {id=f.EE14D467F59E7A20091F8327C63E36B8.d.FAC85149312621757C7E211731F07ABA.e.50, value=[Ljava.lang.CharSequence;@562ea8bd}]&#10;Capabilities {acceptInsecureCerts: false, browserName: chrome, browserVersion: 131.0.6778.140, chrome: {chromedriverVersion: 131.0.6778.108 (3b014839fbc..., userDataDir: C:\Users\vamsh\AppData\Loca...}, fedcm:accounts: true, goog:chromeOptions: {debuggerAddress: localhost:49315}, networkConnectionEnabled: false, pageLoadStrategy: normal, platformName: windows, proxy: Proxy(), se:cdp: ws://localhost:49315/devtoo..., se:cdpVersion: 131.0.6778.140, setWindowRect: true, strictFileInteractability: false, timeouts: {implicit: 0, pageLoad: 300000, script: 30000}, unhandledPromptBehavior: dismiss and notify, webauthn:extension:credBlob: true, webauthn:extension:largeBlob: true, webauthn:extension:minPinLength: true, webauthn:extension:prf: true, webauthn:virtualAuthenticators: true}&#10;Element: [[ChromeDriver: chrome on windows (1e4a6db735c4d41f4fc6119fbbdd9999)] -&gt; css selector: .CodeMirror textarea]&#10;Session ID: 1e4a6db735c4d41f4fc6119fbbdd9999" type="org.openqa.selenium.ElementNotInteractableException"><![CDATA[org.openqa.selenium.ElementNotInteractableException: 
element not interactable
  (Session info: chrome=131.0.6778.140)
Build info: version: '4.26.0', revision: '8ccf0219d7'
System info: os.name: 'Windows 11', os.arch: 'amd64', os.version: '10.0', java.version: '21.0.5'
Driver info: org.openqa.selenium.chrome.ChromeDriver
Command: [1e4a6db735c4d41f4fc6119fbbdd9999, sendKeysToElement {id=f.EE14D467F59E7A20091F8327C63E36B8.d.FAC85149312621757C7E211731F07ABA.e.50, value=[Ljava.lang.CharSequence;@562ea8bd}]
Capabilities {acceptInsecureCerts: false, browserName: chrome, browserVersion: 131.0.6778.140, chrome: {chromedriverVersion: 131.0.6778.108 (3b014839fbc..., userDataDir: C:\Users\vamsh\AppData\Loca...}, fedcm:accounts: true, goog:chromeOptions: {debuggerAddress: localhost:49315}, networkConnectionEnabled: false, pageLoadStrategy: normal, platformName: windows, proxy: Proxy(), se:cdp: ws://localhost:49315/devtoo..., se:cdpVersion: 131.0.6778.140, setWindowRect: true, strictFileInteractability: false, timeouts: {implicit: 0, pageLoad: 300000, script: 30000}, unhandledPromptBehavior: dismiss and notify, webauthn:extension:credBlob: true, webauthn:extension:largeBlob: true, webauthn:extension:minPinLength: true, webauthn:extension:prf: true, webauthn:virtualAuthenticators: true}
Element: [[ChromeDriver: chrome on windows (1e4a6db735c4d41f4fc6119fbbdd9999)] -> css selector: .CodeMirror textarea]
Session ID: 1e4a6db735c4d41f4fc6119fbbdd9999
]]></failure>
    <system-out><![CDATA[
Scenario: Valid code on try editor for graphs runs successfully &amp#27;[90m# src/test/resources/Features/GraphHomepage.feature:31&amp#27;[0m
  &amp#27;[32mGiven &amp#27;[0m&amp#27;[32mThe user is on the DS Introduction page as signedIn&amp#27;[0m                      &amp#27;[90m# StepDefinitions.DSIntroductionDetails.the_user_is_on_the_ds_introduction_page_as_signed_in()&amp#27;[0m
  &amp#27;[32mWhen &amp#27;[0m&amp#27;[32mThe user clicks on Get Started link for graph&amp#27;[0m                             &amp#27;[90m# StepDefinitions.GraphStepDefintions.the_user_clicks_on_get_started_link_for_graph()&amp#27;[0m
  &amp#27;[32mGiven &amp#27;[0m&amp#27;[32mThe user is on the graphs page under graph detials&amp#27;[0m                       &amp#27;[90m# StepDefinitions.GraphStepDefintions.the_user_is_on_the_graphs_page_under_graph_detials()&amp#27;[0m
  &amp#27;[32mGiven &amp#27;[0m&amp#27;[32mThe user is on the DS Introduction page as signedIn&amp#27;[0m                       &amp#27;[90m# StepDefinitions.DSIntroductionDetails.the_user_is_on_the_ds_introduction_page_as_signed_in()&amp#27;[0m
  &amp#27;[32mWhen &amp#27;[0m&amp#27;[32mThe user clicks on Get Started link for graph&amp#27;[0m                              &amp#27;[90m# StepDefinitions.GraphStepDefintions.the_user_clicks_on_get_started_link_for_graph()&amp#27;[0m
  &amp#27;[32mGiven &amp#27;[0m&amp#27;[32mThe user is on the graphs page under graph detials&amp#27;[0m                        &amp#27;[90m# StepDefinitions.GraphStepDefintions.the_user_is_on_the_graphs_page_under_graph_detials()&amp#27;[0m
  &amp#27;[31mWhen &amp#27;[0m&amp#27;[31mUser writes invalid code and clicks run button&amp#27;[0m                            &amp#27;[90m# StepDefinitions.DSIntroductionDetails.user_writes_invalid_code_and_clicks_run_button()&amp#27;[0m
      &amp#27;[31morg.openqa.selenium.ElementNotInteractableException: element not interactable
  (Session info: chrome=131.0.6778.140)
Build info: version: '4.26.0', revision: '8ccf0219d7'
System info: os.name: 'Windows 11', os.arch: 'amd64', os.version: '10.0', java.version: '21.0.5'
Driver info: org.openqa.selenium.chrome.ChromeDriver
Command: [1e4a6db735c4d41f4fc6119fbbdd9999, sendKeysToElement {id=f.EE14D467F59E7A20091F8327C63E36B8.d.FAC85149312621757C7E211731F07ABA.e.50, value=[Ljava.lang.CharSequence;@562ea8bd}]
Capabilities {acceptInsecureCerts: false, browserName: chrome, browserVersion: 131.0.6778.140, chrome: {chromedriverVersion: 131.0.6778.108 (3b014839fbc..., userDataDir: C:\Users\vamsh\AppData\Loca...}, fedcm:accounts: true, goog:chromeOptions: {debuggerAddress: localhost:49315}, networkConnectionEnabled: false, pageLoadStrategy: normal, platformName: windows, proxy: Proxy(), se:cdp: ws://localhost:49315/devtoo..., se:cdpVersion: 131.0.6778.140, setWindowRect: true, strictFileInteractability: false, timeouts: {implicit: 0, pageLoad: 300000, script: 30000}, unhandledPromptBehavior: dismiss and notify, webauthn:extension:credBlob: true, webauthn:extension:largeBlob: true, webauthn:extension:minPinLength: true, webauthn:extension:prf: true, webauthn:virtualAuthenticators: true}
Element: [[ChromeDriver: chrome on windows (1e4a6db735c4d41f4fc6119fbbdd9999)] -> css selector: .CodeMirror textarea]
Session ID: 1e4a6db735c4d41f4fc6119fbbdd9999
	at java.base/jdk.internal.reflect.DirectConstructorHandleAccessor.newInstance(DirectConstructorHandleAccessor.java:62)
	at java.base/java.lang.reflect.Constructor.newInstanceWithCaller(Constructor.java:502)
	at java.base/java.lang.reflect.Constructor.newInstance(Constructor.java:486)
	at org.openqa.selenium.remote.ErrorCodec.decode(ErrorCodec.java:167)
	at org.openqa.selenium.remote.codec.w3c.W3CHttpResponseCodec.decode(W3CHttpResponseCodec.java:138)
	at org.openqa.selenium.remote.codec.w3c.W3CHttpResponseCodec.decode(W3CHttpResponseCodec.java:50)
	at org.openqa.selenium.remote.HttpCommandExecutor.execute(HttpCommandExecutor.java:190)
	at org.openqa.selenium.remote.service.DriverCommandExecutor.invokeExecute(DriverCommandExecutor.java:216)
	at org.openqa.selenium.remote.service.DriverCommandExecutor.execute(DriverCommandExecutor.java:174)
	at org.openqa.selenium.remote.RemoteWebDriver.execute(RemoteWebDriver.java:545)
	at org.openqa.selenium.remote.RemoteWebElement.execute(RemoteWebElement.java:223)
	at org.openqa.selenium.remote.RemoteWebElement.sendKeys(RemoteWebElement.java:110)
	at PageObjects.IntroductionPage.enterCodeInEditor(IntroductionPage.java:82)
	at StepDefinitions.DSIntroductionDetails.user_writes_invalid_code_and_clicks_run_button(DSIntroductionDetails.java:184)
	at ✽.User writes invalid code and clicks run button(file:///C:/Projects/newFolder-3/Repo1/src/test/resources/Features/GraphHomepage.feature:23)
&amp#27;[0m
  &amp#27;[36mThen &amp#27;[0m&amp#27;[36mThe user should able to see an error message in alert window&amp#27;[0m              &amp#27;[90m# StepDefinitions.DSIntroductionDetails.the_user_should_able_to_see_an_error_message_in_alert_window()&amp#27;[0m
[ERROR] 2024-12-17 09:46:04.999 [TestNG-PoolService-2] Hooks - ======================  TEST CASE FAILED !! ======================

    Embedding screenshot [image/png 7853 bytes]

[INFO ] 2024-12-17 09:46:05.186 [TestNG-PoolService-2] Hooks - ======================  Screenshot is captured  ======================
[INFO ] 2024-12-17 09:46:05.191 [TestNG-PoolService-2] Hooks - ======================  Test Execution is completed!! ======================
]]></system-out>
    <system-err><![CDATA[Dec 17, 2024 9:46:04 AM org.openqa.selenium.devtools.CdpVersionFinder findNearestMatch
WARNING: Unable to find an exact match for CDP version 131, returning the closest version; found: 130; Please update to a Selenium version that supports CDP version 131
]]></system-err>
  </testcase>
  <testcase name="runScenario[&quot;Error message displayed for invalid code on try Editor for graphs page&quot;, &quot;Title of your feature&quot;](50)" classname="TestRunners.TestRunner" time="3.451">
    <system-out><![CDATA[
Scenario: Valid code on try editor for graphs runs successfully &amp#27;[90m# src/test/resources/Features/GraphHomepage.feature:31&amp#27;[0m
  &amp#27;[32mGiven &amp#27;[0m&amp#27;[32mThe user is on the graphs page under graph detials&amp#27;[0m                       &amp#27;[90m# StepDefinitions.GraphStepDefintions.the_user_is_on_the_graphs_page_under_graph_detials()&amp#27;[0m
  &amp#27;[32mWhen &amp#27;[0m&amp#27;[32mUser writes invalid code and clicks run button&amp#27;[0m                            &amp#27;[90m# StepDefinitions.DSIntroductionDetails.user_writes_invalid_code_and_clicks_run_button()&amp#27;[0m
  &amp#27;[32mThen &amp#27;[0m&amp#27;[32mThe user should able to see an error message in alert window&amp#27;[0m              &amp#27;[90m# StepDefinitions.DSIntroductionDetails.the_user_should_able_to_see_an_error_message_in_alert_window()&amp#27;[0m
[INFO ] 2024-12-17 09:58:06.445 [TestNG-PoolService-1] Hooks - ======================  Test Execution is completed!! ======================
]]></system-out>
  </testcase>
  <testcase name="runScenario[&quot;Error message displayed for invalid code on try Editor for graphs page&quot;, &quot;Title of your feature&quot;](50)" classname="TestRunners.TestRunner" time="1.049">
    <system-out><![CDATA[
Scenario: Valid code on try editor for graphs runs successfully &amp#27;[90m# src/test/resources/Features/GraphHomepage.feature:31&amp#27;[0m
]]></system-out>
  </testcase>
  <testcase name="runScenario[&quot;No error message displayed for empty code on try editor for graphs page&quot;, &quot;Title of your feature&quot;](51)" classname="TestRunners.TestRunner" time="1.115">
    <system-out><![CDATA[
Scenario: Validate user can navigate to Graph Representations page &amp#27;[90m# src/test/resources/Features/GraphHomepage.feature:36&amp#27;[0m
  &amp#27;[32mWhen &amp#27;[0m&amp#27;[32mUser clicks on run button with empty code&amp#27;[0m                                  &amp#27;[90m# StepDefinitions.DSIntroductionDetails.user_clicks_on_run_button_with_empty_code()&amp#27;[0m
  &amp#27;[32mThen &amp#27;[0m&amp#27;[32mThe user should not see any error message or alert&amp#27;[0m                         &amp#27;[90m# StepDefinitions.DSIntroductionDetails.the_user_should_not_see_any_error_message_or_alert()&amp#27;[0m
[INFO ] 2024-12-17 09:46:06.255 [TestNG-PoolService-3] Hooks - ======================  Test Execution is completed!! ======================
]]></system-out>
  </testcase>
  <testcase name="runScenario[&quot;No error message displayed for empty code on try editor for graphs page&quot;, &quot;Title of your feature&quot;](51)" classname="TestRunners.TestRunner" time="4.956">
    <system-out><![CDATA[
Scenario: Validate user can navigate to Graph Representations page &amp#27;[90m# src/test/resources/Features/GraphHomepage.feature:36&amp#27;[0m
  &amp#27;[32mGiven &amp#27;[0m&amp#27;[32mThe user is on the DS Introduction page as signedIn&amp#27;[0m                       &amp#27;[90m# StepDefinitions.DSIntroductionDetails.the_user_is_on_the_ds_introduction_page_as_signed_in()&amp#27;[0m
  &amp#27;[32mWhen &amp#27;[0m&amp#27;[32mThe user clicks on Get Started link for graph&amp#27;[0m                              &amp#27;[90m# StepDefinitions.GraphStepDefintions.the_user_clicks_on_get_started_link_for_graph()&amp#27;[0m
  &amp#27;[32mGiven &amp#27;[0m&amp#27;[32mThe user is on the graphs page under graph detials&amp#27;[0m                        &amp#27;[90m# StepDefinitions.GraphStepDefintions.the_user_is_on_the_graphs_page_under_graph_detials()&amp#27;[0m
  &amp#27;[32mWhen &amp#27;[0m&amp#27;[32mUser clicks on run button with empty code&amp#27;[0m                                  &amp#27;[90m# StepDefinitions.DSIntroductionDetails.user_clicks_on_run_button_with_empty_code()&amp#27;[0m
  &amp#27;[32mThen &amp#27;[0m&amp#27;[32mThe user should not see any error message or alert&amp#27;[0m                         &amp#27;[90m# StepDefinitions.DSIntroductionDetails.the_user_should_not_see_any_error_message_or_alert()&amp#27;[0m
[INFO ] 2024-12-17 09:58:11.718 [TestNG-PoolService-3] Hooks - ======================  Test Execution is completed!! ======================
  &amp#27;[32mGiven &amp#27;[0m&amp#27;[32mThe user is on the DS Introduction page as signedIn&amp#27;[0m     &amp#27;[90m# StepDefinitions.DSIntroductionDetails.the_user_is_on_the_ds_introduction_page_as_signed_in()&amp#27;[0m
]]></system-out>
  </testcase>
  <testcase name="runScenario[&quot;No error message displayed for empty code on try editor for graphs page&quot;, &quot;Title of your feature&quot;](51)" classname="TestRunners.TestRunner" time="6.85">
    <system-out><![CDATA[
Scenario: Validate user can navigate to Graph Representations page &amp#27;[90m# src/test/resources/Features/GraphHomepage.feature:36&amp#27;[0m
  &amp#27;[32mGiven &amp#27;[0m&amp#27;[32mThe user is on the DS Introduction page as signedIn&amp#27;[0m                       &amp#27;[90m# StepDefinitions.DSIntroductionDetails.the_user_is_on_the_ds_introduction_page_as_signed_in()&amp#27;[0m
  &amp#27;[32mWhen &amp#27;[0m&amp#27;[32mThe user clicks on Get Started link for graph&amp#27;[0m                              &amp#27;[90m# StepDefinitions.GraphStepDefintions.the_user_clicks_on_get_started_link_for_graph()&amp#27;[0m
  &amp#27;[32mGiven &amp#27;[0m&amp#27;[32mThe user is on the graphs page under graph detials&amp#27;[0m                        &amp#27;[90m# StepDefinitions.GraphStepDefintions.the_user_is_on_the_graphs_page_under_graph_detials()&amp#27;[0m
  &amp#27;[32mGiven &amp#27;[0m&amp#27;[32mThe user is on the DS Introduction page as signedIn&amp#27;[0m     &amp#27;[90m# StepDefinitions.DSIntroductionDetails.the_user_is_on_the_ds_introduction_page_as_signed_in()&amp#27;[0m
  &amp#27;[32mWhen &amp#27;[0m&amp#27;[32mThe user clicks on Get Started link for graph&amp#27;[0m            &amp#27;[90m# StepDefinitions.GraphStepDefintions.the_user_clicks_on_get_started_link_for_graph()&amp#27;[0m
  &amp#27;[32mWhen &amp#27;[0m&amp#27;[32mUser clicks on run button with empty code&amp#27;[0m                                  &amp#27;[90m# StepDefinitions.DSIntroductionDetails.user_clicks_on_run_button_with_empty_code()&amp#27;[0m
  &amp#27;[32mThen &amp#27;[0m&amp#27;[32mThe user should not see any error message or alert&amp#27;[0m                         &amp#27;[90m# StepDefinitions.DSIntroductionDetails.the_user_should_not_see_any_error_message_or_alert()&amp#27;[0m
[INFO ] 2024-12-17 10:14:24.441 [TestNG-PoolService-2] Hooks - ======================  Test Execution is completed!! ======================
  &amp#27;[32mGiven &amp#27;[0m&amp#27;[32mThe user is on the graphs page under graph detials&amp#27;[0m      &amp#27;[90m# StepDefinitions.GraphStepDefintions.the_user_is_on_the_graphs_page_under_graph_detials()&amp#27;[0m
  &amp#27;[32mGiven &amp#27;[0m&amp#27;[32mThe user is on the DS Introduction page as signedIn&amp#27;[0m        &amp#27;[90m# StepDefinitions.DSIntroductionDetails.the_user_is_on_the_ds_introduction_page_as_signed_in()&amp#27;[0m
  &amp#27;[32mWhen &amp#27;[0m&amp#27;[32mThe user clicks on Get Started link for graph&amp#27;[0m               &amp#27;[90m# StepDefinitions.GraphStepDefintions.the_user_clicks_on_get_started_link_for_graph()&amp#27;[0m
  &amp#27;[32mGiven &amp#27;[0m&amp#27;[32mThe user is on the graph details page&amp#27;[0m                      &amp#27;[90m# StepDefinitions.GraphStepDefintions.the_user_is_on_the_graph_details_page()&amp#27;[0m
  &amp#27;[32mWhen &amp#27;[0m&amp#27;[32mUser writes valid code and clicks run button&amp#27;[0m             &amp#27;[90m# StepDefinitions.DSIntroductionDetails.user_writes_valid_code_and_clicks_run_button()&amp#27;[0m
  &amp#27;[32mThen &amp#27;[0m&amp#27;[32mThe user should able to see output in the console&amp#27;[0m        &amp#27;[90m# StepDefinitions.DSIntroductionDetails.the_user_should_able_to_see_output_in_the_console()&amp#27;[0m
[INFO ] 2024-12-17 10:14:25.587 [TestNG-PoolService-1] Hooks - ======================  Test Execution is completed!! ======================
  &amp#27;[32mWhen &amp#27;[0m&amp#27;[32mThe user click on graph representations link&amp#27;[0m                &amp#27;[90m# StepDefinitions.GraphStepDefintions.the_user_click_on_graph_representations_link()&amp#27;[0m
  &amp#27;[32mThen &amp#27;[0m&amp#27;[32mthe user is navigated to graph representations page&amp#27;[0m         &amp#27;[90m# StepDefinitions.GraphStepDefintions.the_user_is_navigated_to_graph_representations_page()&amp#27;[0m
[INFO ] 2024-12-17 10:14:25.825 [TestNG-PoolService-3] Hooks - ======================  Test Execution is completed!! ======================
]]></system-out>
    <system-err><![CDATA[Dec 17, 2024 10:14:19 AM org.openqa.selenium.devtools.CdpVersionFinder findNearestMatch
WARNING: Unable to find an exact match for CDP version 131, returning the closest version; found: 130; Please update to a Selenium version that supports CDP version 131
Dec 17, 2024 10:14:20 AM org.openqa.selenium.devtools.CdpVersionFinder findNearestMatch
WARNING: Unable to find an exact match for CDP version 131, returning the closest version; found: 130; Please update to a Selenium version that supports CDP version 131
Dec 17, 2024 10:14:22 AM org.openqa.selenium.devtools.CdpVersionFinder findNearestMatch
WARNING: Unable to find an exact match for CDP version 131, returning the closest version; found: 130; Please update to a Selenium version that supports CDP version 131
]]></system-err>
  </testcase>
  <testcase name="runScenario[&quot;Valid code on try editor for graphs runs successfully&quot;, &quot;Title of your feature&quot;](52)" classname="TestRunners.TestRunner" time="4.349">
    <system-out><![CDATA[
Scenario: Validate user can click on Try here link from graph representations page &amp#27;[90m# src/test/resources/Features/GraphHomepage.feature:41&amp#27;[0m
  &amp#27;[32mGiven &amp#27;[0m&amp#27;[32mThe user is on the DS Introduction page as signedIn&amp#27;[0m     &amp#27;[90m# StepDefinitions.DSIntroductionDetails.the_user_is_on_the_ds_introduction_page_as_signed_in()&amp#27;[0m
  &amp#27;[32mWhen &amp#27;[0m&amp#27;[32mThe user clicks on Get Started link for graph&amp#27;[0m            &amp#27;[90m# StepDefinitions.GraphStepDefintions.the_user_clicks_on_get_started_link_for_graph()&amp#27;[0m
  &amp#27;[32mGiven &amp#27;[0m&amp#27;[32mThe user is on the graphs page under graph detials&amp#27;[0m      &amp#27;[90m# StepDefinitions.GraphStepDefintions.the_user_is_on_the_graphs_page_under_graph_detials()&amp#27;[0m
  &amp#27;[32mWhen &amp#27;[0m&amp#27;[32mUser writes valid code and clicks run button&amp#27;[0m             &amp#27;[90m# StepDefinitions.DSIntroductionDetails.user_writes_valid_code_and_clicks_run_button()&amp#27;[0m
  &amp#27;[32mThen &amp#27;[0m&amp#27;[32mThe user should able to see output in the console&amp#27;[0m        &amp#27;[90m# StepDefinitions.DSIntroductionDetails.the_user_should_able_to_see_output_in_the_console()&amp#27;[0m
[INFO ] 2024-12-17 09:46:10.062 [TestNG-PoolService-1] Hooks - ======================  Test Execution is completed!! ======================
  &amp#27;[32mGiven &amp#27;[0m&amp#27;[32mThe user is on the DS Introduction page as signedIn&amp#27;[0m        &amp#27;[90m# StepDefinitions.DSIntroductionDetails.the_user_is_on_the_ds_introduction_page_as_signed_in()&amp#27;[0m
]]></system-out>
    <system-err><![CDATA[Dec 17, 2024 9:46:07 AM org.openqa.selenium.devtools.CdpVersionFinder findNearestMatch
WARNING: Unable to find an exact match for CDP version 131, returning the closest version; found: 130; Please update to a Selenium version that supports CDP version 131
Dec 17, 2024 9:46:09 AM org.openqa.selenium.devtools.CdpVersionFinder findNearestMatch
WARNING: Unable to find an exact match for CDP version 131, returning the closest version; found: 130; Please update to a Selenium version that supports CDP version 131
]]></system-err>
  </testcase>
  <testcase name="runScenario[&quot;Valid code on try editor for graphs runs successfully&quot;, &quot;Title of your feature&quot;](52)" classname="TestRunners.TestRunner" time="3.544">
    <system-out><![CDATA[
Scenario: Validate user can click on Try here link from graph representations page &amp#27;[90m# src/test/resources/Features/GraphHomepage.feature:41&amp#27;[0m
  &amp#27;[32mWhen &amp#27;[0m&amp#27;[32mThe user clicks on Get Started link for graph&amp#27;[0m            &amp#27;[90m# StepDefinitions.GraphStepDefintions.the_user_clicks_on_get_started_link_for_graph()&amp#27;[0m
  &amp#27;[32mGiven &amp#27;[0m&amp#27;[32mThe user is on the graphs page under graph detials&amp#27;[0m      &amp#27;[90m# StepDefinitions.GraphStepDefintions.the_user_is_on_the_graphs_page_under_graph_detials()&amp#27;[0m
  &amp#27;[32mWhen &amp#27;[0m&amp#27;[32mUser writes valid code and clicks run button&amp#27;[0m             &amp#27;[90m# StepDefinitions.DSIntroductionDetails.user_writes_valid_code_and_clicks_run_button()&amp#27;[0m
  &amp#27;[32mThen &amp#27;[0m&amp#27;[32mThe user should able to see output in the console&amp#27;[0m        &amp#27;[90m# StepDefinitions.DSIntroductionDetails.the_user_should_able_to_see_output_in_the_console()&amp#27;[0m
[INFO ] 2024-12-17 09:58:15.294 [TestNG-PoolService-2] Hooks - ======================  Test Execution is completed!! ======================
]]></system-out>
  </testcase>
  <testcase name="runScenario[&quot;Valid code on try editor for graphs runs successfully&quot;, &quot;Title of your feature&quot;](52)" classname="TestRunners.TestRunner" time="0.897">
    <system-out><![CDATA[
Scenario: Validate user can click on Try here link from graph representations page &amp#27;[90m# src/test/resources/Features/GraphHomepage.feature:41&amp#27;[0m
]]></system-out>
  </testcase>
  <testcase name="runScenario[&quot;Validate user can navigate to Graph Representations page&quot;, &quot;Title of your feature&quot;](53)" classname="TestRunners.TestRunner" time="2.011">
    <system-out><![CDATA[
Scenario: Error message displayed for invalid code on try Editor for graph representations page &amp#27;[90m# src/test/resources/Features/GraphHomepage.feature:46&amp#27;[0m
  &amp#27;[32mWhen &amp#27;[0m&amp#27;[32mThe user clicks on Get Started link for graph&amp#27;[0m               &amp#27;[90m# StepDefinitions.GraphStepDefintions.the_user_clicks_on_get_started_link_for_graph()&amp#27;[0m
  &amp#27;[32mGiven &amp#27;[0m&amp#27;[32mThe user is on the graph details page&amp#27;[0m                      &amp#27;[90m# StepDefinitions.GraphStepDefintions.the_user_is_on_the_graph_details_page()&amp#27;[0m
  &amp#27;[32mWhen &amp#27;[0m&amp#27;[32mThe user click on graph representations link&amp#27;[0m                &amp#27;[90m# StepDefinitions.GraphStepDefintions.the_user_click_on_graph_representations_link()&amp#27;[0m
  &amp#27;[32mThen &amp#27;[0m&amp#27;[32mthe user is navigated to graph representations page&amp#27;[0m         &amp#27;[90m# StepDefinitions.GraphStepDefintions.the_user_is_navigated_to_graph_representations_page()&amp#27;[0m
[INFO ] 2024-12-17 09:46:12.078 [TestNG-PoolService-2] Hooks - ======================  Test Execution is completed!! ======================
  &amp#27;[32mGiven &amp#27;[0m&amp#27;[32mThe user is on the DS Introduction page as signedIn&amp#27;[0m                        &amp#27;[90m# StepDefinitions.DSIntroductionDetails.the_user_is_on_the_ds_introduction_page_as_signed_in()&amp#27;[0m
]]></system-out>
    <system-err><![CDATA[Dec 17, 2024 9:46:12 AM org.openqa.selenium.devtools.CdpVersionFinder findNearestMatch
WARNING: Unable to find an exact match for CDP version 131, returning the closest version; found: 130; Please update to a Selenium version that supports CDP version 131
]]></system-err>
  </testcase>
  <testcase name="runScenario[&quot;Validate user can navigate to Graph Representations page&quot;, &quot;Title of your feature&quot;](53)" classname="TestRunners.TestRunner" time="2.585">
    <system-out><![CDATA[
Scenario: Error message displayed for invalid code on try Editor for graph representations page &amp#27;[90m# src/test/resources/Features/GraphHomepage.feature:46&amp#27;[0m
  &amp#27;[32mGiven &amp#27;[0m&amp#27;[32mThe user is on the DS Introduction page as signedIn&amp#27;[0m        &amp#27;[90m# StepDefinitions.DSIntroductionDetails.the_user_is_on_the_ds_introduction_page_as_signed_in()&amp#27;[0m
  &amp#27;[32mWhen &amp#27;[0m&amp#27;[32mThe user clicks on Get Started link for graph&amp#27;[0m               &amp#27;[90m# StepDefinitions.GraphStepDefintions.the_user_clicks_on_get_started_link_for_graph()&amp#27;[0m
  &amp#27;[32mGiven &amp#27;[0m&amp#27;[32mThe user is on the graph details page&amp#27;[0m                      &amp#27;[90m# StepDefinitions.GraphStepDefintions.the_user_is_on_the_graph_details_page()&amp#27;[0m
  &amp#27;[32mWhen &amp#27;[0m&amp#27;[32mThe user click on graph representations link&amp#27;[0m                &amp#27;[90m# StepDefinitions.GraphStepDefintions.the_user_click_on_graph_representations_link()&amp#27;[0m
  &amp#27;[32mThen &amp#27;[0m&amp#27;[32mthe user is navigated to graph representations page&amp#27;[0m         &amp#27;[90m# StepDefinitions.GraphStepDefintions.the_user_is_navigated_to_graph_representations_page()&amp#27;[0m
[INFO ] 2024-12-17 09:58:17.822 [TestNG-PoolService-1] Hooks - ======================  Test Execution is completed!! ======================
]]></system-out>
  </testcase>
  <testcase name="runScenario[&quot;Validate user can navigate to Graph Representations page&quot;, &quot;Title of your feature&quot;](53)" classname="TestRunners.TestRunner" time="0.414">
    <system-out><![CDATA[
Scenario: Error message displayed for invalid code on try Editor for graph representations page &amp#27;[90m# src/test/resources/Features/GraphHomepage.feature:46&amp#27;[0m
]]></system-out>
  </testcase>
  <testcase name="runScenario[&quot;Validate user can click on Try here link from graph representations page&quot;, &quot;Title of your feature&quot;](54)" classname="TestRunners.TestRunner" time="3.044">
    <system-out><![CDATA[
Scenario: No error message displayed for empty code on try editor for graph representations page &amp#27;[90m# src/test/resources/Features/GraphHomepage.feature:51&amp#27;[0m
  &amp#27;[32mWhen &amp#27;[0m&amp#27;[32mThe user clicks on Get Started link for graph&amp#27;[0m                               &amp#27;[90m# StepDefinitions.GraphStepDefintions.the_user_clicks_on_get_started_link_for_graph()&amp#27;[0m
  &amp#27;[32mGiven &amp#27;[0m&amp#27;[32mThe user is on the graphs representations page&amp#27;[0m                             &amp#27;[90m# StepDefinitions.GraphStepDefintions.the_user_is_on_the_graphs_representations_page()&amp#27;[0m
  &amp#27;[32mWhen &amp#27;[0m&amp#27;[32mUser clicks Try here link&amp#27;[0m                                                   &amp#27;[90m# StepDefinitions.DSIntroductionDetails.user_clicks_try_here_link()&amp#27;[0m
  &amp#27;[32mThen &amp#27;[0m&amp#27;[32mUser should navigate to tryEditor page&amp#27;[0m                                      &amp#27;[90m# StepDefinitions.DSIntroductionDetails.user_should_navigate_to_try_editor_page()&amp#27;[0m
[INFO ] 2024-12-17 09:46:14.902 [TestNG-PoolService-3] Hooks - ======================  Test Execution is completed!! ======================
]]></system-out>
    <system-err><![CDATA[Dec 17, 2024 9:46:15 AM org.openqa.selenium.devtools.CdpVersionFinder findNearestMatch
WARNING: Unable to find an exact match for CDP version 131, returning the closest version; found: 130; Please update to a Selenium version that supports CDP version 131
]]></system-err>
  </testcase>
  <testcase name="runScenario[&quot;Validate user can click on Try here link from graph representations page&quot;, &quot;Title of your feature&quot;](54)" classname="TestRunners.TestRunner" time="6.031">
    <system-out><![CDATA[
Scenario: No error message displayed for empty code on try editor for graph representations page &amp#27;[90m# src/test/resources/Features/GraphHomepage.feature:51&amp#27;[0m
  &amp#27;[32mGiven &amp#27;[0m&amp#27;[32mThe user is on the DS Introduction page as signedIn&amp#27;[0m                        &amp#27;[90m# StepDefinitions.DSIntroductionDetails.the_user_is_on_the_ds_introduction_page_as_signed_in()&amp#27;[0m
  &amp#27;[32mWhen &amp#27;[0m&amp#27;[32mThe user clicks on Get Started link for graph&amp#27;[0m                               &amp#27;[90m# StepDefinitions.GraphStepDefintions.the_user_clicks_on_get_started_link_for_graph()&amp#27;[0m
  &amp#27;[32mGiven &amp#27;[0m&amp#27;[32mThe user is on the graphs representations page&amp#27;[0m                             &amp#27;[90m# StepDefinitions.GraphStepDefintions.the_user_is_on_the_graphs_representations_page()&amp#27;[0m
  &amp#27;[32mWhen &amp#27;[0m&amp#27;[32mUser clicks Try here link&amp#27;[0m                                                   &amp#27;[90m# StepDefinitions.DSIntroductionDetails.user_clicks_try_here_link()&amp#27;[0m
  &amp#27;[32mThen &amp#27;[0m&amp#27;[32mUser should navigate to tryEditor page&amp#27;[0m                                      &amp#27;[90m# StepDefinitions.DSIntroductionDetails.user_should_navigate_to_try_editor_page()&amp#27;[0m
[INFO ] 2024-12-17 09:58:23.527 [TestNG-PoolService-3] Hooks - ======================  Test Execution is completed!! ======================
  &amp#27;[32mGiven &amp#27;[0m&amp#27;[32mThe user is on the DS Introduction page as signedIn&amp#27;[0m                                     &amp#27;[90m# StepDefinitions.DSIntroductionDetails.the_user_is_on_the_ds_introduction_page_as_signed_in()&amp#27;[0m
  &amp#27;[32mWhen &amp#27;[0m&amp#27;[32mThe user clicks on Get Started link for graph&amp#27;[0m                                            &amp#27;[90m# StepDefinitions.GraphStepDefintions.the_user_clicks_on_get_started_link_for_graph()&amp#27;[0m
]]></system-out>
  </testcase>
  <testcase name="runScenario[&quot;Validate user can click on Try here link from graph representations page&quot;, &quot;Title of your feature&quot;](54)" classname="TestRunners.TestRunner" time="8.274">
    <system-out><![CDATA[
Scenario: No error message displayed for empty code on try editor for graph representations page &amp#27;[90m# src/test/resources/Features/GraphHomepage.feature:51&amp#27;[0m
  &amp#27;[32mGiven &amp#27;[0m&amp#27;[32mThe user is on the DS Introduction page as signedIn&amp#27;[0m                        &amp#27;[90m# StepDefinitions.DSIntroductionDetails.the_user_is_on_the_ds_introduction_page_as_signed_in()&amp#27;[0m
  &amp#27;[32mWhen &amp#27;[0m&amp#27;[32mThe user clicks on Get Started link for graph&amp#27;[0m                               &amp#27;[90m# StepDefinitions.GraphStepDefintions.the_user_clicks_on_get_started_link_for_graph()&amp#27;[0m
  &amp#27;[32mGiven &amp#27;[0m&amp#27;[32mThe user is on the DS Introduction page as signedIn&amp#27;[0m                                     &amp#27;[90m# StepDefinitions.DSIntroductionDetails.the_user_is_on_the_ds_introduction_page_as_signed_in()&amp#27;[0m
  &amp#27;[32mGiven &amp#27;[0m&amp#27;[32mThe user is on the graphs representations page&amp#27;[0m                             &amp#27;[90m# StepDefinitions.GraphStepDefintions.the_user_is_on_the_graphs_representations_page()&amp#27;[0m
  &amp#27;[32mGiven &amp#27;[0m&amp#27;[32mThe user is on the DS Introduction page as signedIn&amp#27;[0m                                      &amp#27;[90m# StepDefinitions.DSIntroductionDetails.the_user_is_on_the_ds_introduction_page_as_signed_in()&amp#27;[0m
  &amp#27;[32mWhen &amp#27;[0m&amp#27;[32mThe user clicks on Get Started link for graph&amp#27;[0m                                            &amp#27;[90m# StepDefinitions.GraphStepDefintions.the_user_clicks_on_get_started_link_for_graph()&amp#27;[0m
  &amp#27;[32mWhen &amp#27;[0m&amp#27;[32mThe user clicks on Get Started link for graph&amp#27;[0m                                             &amp#27;[90m# StepDefinitions.GraphStepDefintions.the_user_clicks_on_get_started_link_for_graph()&amp#27;[0m
  &amp#27;[32mWhen &amp#27;[0m&amp#27;[32mUser clicks Try here link&amp#27;[0m                                                   &amp#27;[90m# StepDefinitions.DSIntroductionDetails.user_clicks_try_here_link()&amp#27;[0m
  &amp#27;[32mGiven &amp#27;[0m&amp#27;[32mThe user is on the graphs representations page&amp#27;[0m                                          &amp#27;[90m# StepDefinitions.GraphStepDefintions.the_user_is_on_the_graphs_representations_page()&amp#27;[0m
  &amp#27;[32mThen &amp#27;[0m&amp#27;[32mUser should navigate to tryEditor page&amp#27;[0m                                      &amp#27;[90m# StepDefinitions.DSIntroductionDetails.user_should_navigate_to_try_editor_page()&amp#27;[0m
[INFO ] 2024-12-17 10:14:33.952 [TestNG-PoolService-2] Hooks - ======================  Test Execution is completed!! ======================
  &amp#27;[32mGiven &amp#27;[0m&amp#27;[32mThe user is on the graphs representations page&amp#27;[0m                                           &amp#27;[90m# StepDefinitions.GraphStepDefintions.the_user_is_on_the_graphs_representations_page()&amp#27;[0m
]]></system-out>
    <system-err><![CDATA[Dec 17, 2024 10:14:28 AM org.openqa.selenium.devtools.CdpVersionFinder findNearestMatch
WARNING: Unable to find an exact match for CDP version 131, returning the closest version; found: 130; Please update to a Selenium version that supports CDP version 131
Dec 17, 2024 10:14:29 AM org.openqa.selenium.devtools.CdpVersionFinder findNearestMatch
WARNING: Unable to find an exact match for CDP version 131, returning the closest version; found: 130; Please update to a Selenium version that supports CDP version 131
Dec 17, 2024 10:14:30 AM org.openqa.selenium.devtools.CdpVersionFinder findNearestMatch
WARNING: Unable to find an exact match for CDP version 131, returning the closest version; found: 130; Please update to a Selenium version that supports CDP version 131
]]></system-err>
  </testcase>
  <testcase name="runScenario[&quot;Error message displayed for invalid code on try Editor for graph representations page&quot;, &quot;Title of your feature&quot;](55)" classname="TestRunners.TestRunner" time="3.231">
    <system-out><![CDATA[
Scenario: Valid code on try editor for graph representations runs successfully &amp#27;[90m# src/test/resources/Features/GraphHomepage.feature:56&amp#27;[0m
  &amp#27;[32mGiven &amp#27;[0m&amp#27;[32mThe user is on the DS Introduction page as signedIn&amp#27;[0m                                     &amp#27;[90m# StepDefinitions.DSIntroductionDetails.the_user_is_on_the_ds_introduction_page_as_signed_in()&amp#27;[0m
  &amp#27;[32mWhen &amp#27;[0m&amp#27;[32mThe user clicks on Get Started link for graph&amp#27;[0m                                            &amp#27;[90m# StepDefinitions.GraphStepDefintions.the_user_clicks_on_get_started_link_for_graph()&amp#27;[0m
  &amp#27;[32mGiven &amp#27;[0m&amp#27;[32mThe user is on the graphs representations page&amp#27;[0m                                          &amp#27;[90m# StepDefinitions.GraphStepDefintions.the_user_is_on_the_graphs_representations_page()&amp#27;[0m
  &amp#27;[32mGiven &amp#27;[0m&amp#27;[32mThe user is on the DS Introduction page as signedIn&amp#27;[0m                                      &amp#27;[90m# StepDefinitions.DSIntroductionDetails.the_user_is_on_the_ds_introduction_page_as_signed_in()&amp#27;[0m
  &amp#27;[32mWhen &amp#27;[0m&amp#27;[32mUser writes invalid code and clicks run button&amp#27;[0m                                           &amp#27;[90m# StepDefinitions.DSIntroductionDetails.user_writes_invalid_code_and_clicks_run_button()&amp#27;[0m
  &amp#27;[32mThen &amp#27;[0m&amp#27;[32mThe user should able to see an error message in alert window&amp#27;[0m                             &amp#27;[90m# StepDefinitions.DSIntroductionDetails.the_user_should_able_to_see_an_error_message_in_alert_window()&amp#27;[0m
[INFO ] 2024-12-17 09:46:18.924 [TestNG-PoolService-1] Hooks - ======================  Test Execution is completed!! ======================
  &amp#27;[32mWhen &amp#27;[0m&amp#27;[32mThe user clicks on Get Started link for graph&amp#27;[0m                                             &amp#27;[90m# StepDefinitions.GraphStepDefintions.the_user_clicks_on_get_started_link_for_graph()&amp#27;[0m
]]></system-out>
    <system-err><![CDATA[Dec 17, 2024 9:46:18 AM org.openqa.selenium.devtools.CdpVersionFinder findNearestMatch
WARNING: Unable to find an exact match for CDP version 131, returning the closest version; found: 130; Please update to a Selenium version that supports CDP version 131
]]></system-err>
  </testcase>
  <testcase name="runScenario[&quot;Error message displayed for invalid code on try Editor for graph representations page&quot;, &quot;Title of your feature&quot;](55)" classname="TestRunners.TestRunner" time="3.982">
    <failure message="Build info: version: &apos;4.26.0&apos;, revision: &apos;8ccf0219d7&apos;&#10;System info: os.name: &apos;Windows 11&apos;, os.arch: &apos;amd64&apos;, os.version: &apos;10.0&apos;, java.version: &apos;21.0.5&apos;&#10;Driver info: org.openqa.selenium.firefox.FirefoxDriver&#10;Command: [36cd67d3-cb8e-4699-8e17-2c27143ce2e6, getAlertText {}]&#10;Capabilities {acceptInsecureCerts: true, browserName: firefox, browserVersion: 133.0.3, moz:accessibilityChecks: false, moz:buildID: 20241209150345, moz:debuggerAddress: 127.0.0.1:1899, moz:geckodriverVersion: 0.35.0, moz:headless: false, moz:platformVersion: 10.0, moz:processID: 12432, moz:profile: C:\Users\vamsh\AppData\Loca..., moz:shutdownTimeout: 60000, moz:webdriverClick: true, moz:windowless: false, pageLoadStrategy: normal, platformName: windows, proxy: Proxy(), se:cdp: ws://127.0.0.1:1899/devtool..., se:cdpVersion: 85.0, setWindowRect: true, strictFileInteractability: false, timeouts: {implicit: 0, pageLoad: 300000, script: 30000}, unhandledPromptBehavior: dismiss and notify, userAgent: Mozilla/5.0 (Windows NT 10....}&#10;Session ID: 36cd67d3-cb8e-4699-8e17-2c27143ce2e6" type="org.openqa.selenium.NoAlertPresentException"><![CDATA[org.openqa.selenium.NoAlertPresentException: 
Build info: version: '4.26.0', revision: '8ccf0219d7'
System info: os.name: 'Windows 11', os.arch: 'amd64', os.version: '10.0', java.version: '21.0.5'
Driver info: org.openqa.selenium.firefox.FirefoxDriver
Command: [36cd67d3-cb8e-4699-8e17-2c27143ce2e6, getAlertText {}]
Capabilities {acceptInsecureCerts: true, browserName: firefox, browserVersion: 133.0.3, moz:accessibilityChecks: false, moz:buildID: 20241209150345, moz:debuggerAddress: 127.0.0.1:1899, moz:geckodriverVersion: 0.35.0, moz:headless: false, moz:platformVersion: 10.0, moz:processID: 12432, moz:profile: C:\Users\vamsh\AppData\Loca..., moz:shutdownTimeout: 60000, moz:webdriverClick: true, moz:windowless: false, pageLoadStrategy: normal, platformName: windows, proxy: Proxy(), se:cdp: ws://127.0.0.1:1899/devtool..., se:cdpVersion: 85.0, setWindowRect: true, strictFileInteractability: false, timeouts: {implicit: 0, pageLoad: 300000, script: 30000}, unhandledPromptBehavior: dismiss and notify, userAgent: Mozilla/5.0 (Windows NT 10....}
Session ID: 36cd67d3-cb8e-4699-8e17-2c27143ce2e6
]]></failure>
    <system-out><![CDATA[
Scenario: Valid code on try editor for graph representations runs successfully &amp#27;[90m# src/test/resources/Features/GraphHomepage.feature:56&amp#27;[0m
  &amp#27;[32mGiven &amp#27;[0m&amp#27;[32mThe user is on the graphs representations page&amp#27;[0m                                          &amp#27;[90m# StepDefinitions.GraphStepDefintions.the_user_is_on_the_graphs_representations_page()&amp#27;[0m
  &amp#27;[32mWhen &amp#27;[0m&amp#27;[32mUser writes invalid code and clicks run button&amp#27;[0m                                           &amp#27;[90m# StepDefinitions.DSIntroductionDetails.user_writes_invalid_code_and_clicks_run_button()&amp#27;[0m
  &amp#27;[31mThen &amp#27;[0m&amp#27;[31mThe user should able to see an error message in alert window&amp#27;[0m                             &amp#27;[90m# StepDefinitions.DSIntroductionDetails.the_user_should_able_to_see_an_error_message_in_alert_window()&amp#27;[0m
      &amp#27;[31morg.openqa.selenium.NoAlertPresentException: Build info: version: '4.26.0', revision: '8ccf0219d7'
System info: os.name: 'Windows 11', os.arch: 'amd64', os.version: '10.0', java.version: '21.0.5'
Driver info: org.openqa.selenium.firefox.FirefoxDriver
Command: [36cd67d3-cb8e-4699-8e17-2c27143ce2e6, getAlertText {}]
Capabilities {acceptInsecureCerts: true, browserName: firefox, browserVersion: 133.0.3, moz:accessibilityChecks: false, moz:buildID: 20241209150345, moz:debuggerAddress: 127.0.0.1:1899, moz:geckodriverVersion: 0.35.0, moz:headless: false, moz:platformVersion: 10.0, moz:processID: 12432, moz:profile: C:\Users\vamsh\AppData\Loca..., moz:shutdownTimeout: 60000, moz:webdriverClick: true, moz:windowless: false, pageLoadStrategy: normal, platformName: windows, proxy: Proxy(), se:cdp: ws://127.0.0.1:1899/devtool..., se:cdpVersion: 85.0, setWindowRect: true, strictFileInteractability: false, timeouts: {implicit: 0, pageLoad: 300000, script: 30000}, unhandledPromptBehavior: dismiss and notify, userAgent: Mozilla/5.0 (Windows NT 10....}
Session ID: 36cd67d3-cb8e-4699-8e17-2c27143ce2e6
	at java.base/jdk.internal.reflect.DirectConstructorHandleAccessor.newInstance(DirectConstructorHandleAccessor.java:62)
	at java.base/java.lang.reflect.Constructor.newInstanceWithCaller(Constructor.java:502)
	at java.base/java.lang.reflect.Constructor.newInstance(Constructor.java:486)
	at org.openqa.selenium.remote.ErrorCodec.decode(ErrorCodec.java:167)
	at org.openqa.selenium.remote.codec.w3c.W3CHttpResponseCodec.decode(W3CHttpResponseCodec.java:138)
	at org.openqa.selenium.remote.codec.w3c.W3CHttpResponseCodec.decode(W3CHttpResponseCodec.java:50)
	at org.openqa.selenium.remote.HttpCommandExecutor.execute(HttpCommandExecutor.java:190)
	at org.openqa.selenium.remote.service.DriverCommandExecutor.invokeExecute(DriverCommandExecutor.java:216)
	at org.openqa.selenium.remote.service.DriverCommandExecutor.execute(DriverCommandExecutor.java:174)
	at org.openqa.selenium.remote.RemoteWebDriver.execute(RemoteWebDriver.java:545)
	at org.openqa.selenium.remote.RemoteWebDriver.execute(RemoteWebDriver.java:618)
	at org.openqa.selenium.remote.RemoteWebDriver.execute(RemoteWebDriver.java:622)
	at org.openqa.selenium.remote.RemoteWebDriver$RemoteTargetLocator.alert(RemoteWebDriver.java:1190)
	at PageObjects.IntroductionPage.getAlertText(IntroductionPage.java:134)
	at StepDefinitions.DSIntroductionDetails.the_user_should_able_to_see_an_error_message_in_alert_window(DSIntroductionDetails.java:203)
	at ✽.The user should able to see an error message in alert window(file:///C:/Projects/newFolder-3/Repo1/src/test/resources/Features/GraphHomepage.feature:49)
&amp#27;[0m
[ERROR] 2024-12-17 09:58:27.562 [TestNG-PoolService-2] Hooks - ======================  TEST CASE FAILED !! ======================

    Embedding screenshot [image/png 37860 bytes]

[INFO ] 2024-12-17 09:58:27.706 [TestNG-PoolService-2] Hooks - ======================  Screenshot is captured  ======================
[INFO ] 2024-12-17 09:58:27.709 [TestNG-PoolService-2] Hooks - ======================  Test Execution is completed!! ======================
  &amp#27;[32mGiven &amp#27;[0m&amp#27;[32mThe user is on the DS Introduction page as signedIn&amp#27;[0m                                      &amp#27;[90m# StepDefinitions.DSIntroductionDetails.the_user_is_on_the_ds_introduction_page_as_signed_in()&amp#27;[0m
  &amp#27;[32mWhen &amp#27;[0m&amp#27;[32mThe user clicks on Get Started link for graph&amp#27;[0m                                             &amp#27;[90m# StepDefinitions.GraphStepDefintions.the_user_clicks_on_get_started_link_for_graph()&amp#27;[0m
  &amp#27;[32mGiven &amp#27;[0m&amp#27;[32mThe user is on the graphs representations page&amp#27;[0m                                           &amp#27;[90m# StepDefinitions.GraphStepDefintions.the_user_is_on_the_graphs_representations_page()&amp#27;[0m
]]></system-out>
  </testcase>
  <testcase name="runScenario[&quot;Error message displayed for invalid code on try Editor for graph representations page&quot;, &quot;Title of your feature&quot;](55)" classname="TestRunners.TestRunner" time="1.604">
    <system-out><![CDATA[
Scenario: Valid code on try editor for graph representations runs successfully &amp#27;[90m# src/test/resources/Features/GraphHomepage.feature:56&amp#27;[0m
  &amp#27;[32mWhen &amp#27;[0m&amp#27;[32mUser writes invalid code and clicks run button&amp#27;[0m                                           &amp#27;[90m# StepDefinitions.DSIntroductionDetails.user_writes_invalid_code_and_clicks_run_button()&amp#27;[0m
  &amp#27;[32mThen &amp#27;[0m&amp#27;[32mThe user should able to see an error message in alert window&amp#27;[0m                             &amp#27;[90m# StepDefinitions.DSIntroductionDetails.the_user_should_able_to_see_an_error_message_in_alert_window()&amp#27;[0m
[INFO ] 2024-12-17 10:14:35.753 [TestNG-PoolService-1] Hooks - ======================  Test Execution is completed!! ======================
  &amp#27;[32mWhen &amp#27;[0m&amp#27;[32mUser clicks on run button with empty code&amp#27;[0m                                                 &amp#27;[90m# StepDefinitions.DSIntroductionDetails.user_clicks_on_run_button_with_empty_code()&amp#27;[0m
  &amp#27;[32mThen &amp#27;[0m&amp#27;[32mThe user should not see any error message or alert&amp#27;[0m                                        &amp#27;[90m# StepDefinitions.DSIntroductionDetails.the_user_should_not_see_any_error_message_or_alert()&amp#27;[0m
[INFO ] 2024-12-17 10:14:36.276 [TestNG-PoolService-3] Hooks - ======================  Test Execution is completed!! ======================
]]></system-out>
  </testcase>
  <testcase name="runScenario[&quot;No error message displayed for empty code on try editor for graph representations page&quot;, &quot;Title of your feature&quot;](56)" classname="TestRunners.TestRunner" time="1.923">
    <system-out><![CDATA[
Scenario: Validate user lands on default home page                                                    &amp#27;[90m# src/test/resources/Features/HomePage.feature:3&amp#27;[0m
  &amp#27;[32mGiven &amp#27;[0m&amp#27;[32mThe user is on the graphs representations page&amp#27;[0m                                           &amp#27;[90m# StepDefinitions.GraphStepDefintions.the_user_is_on_the_graphs_representations_page()&amp#27;[0m
  &amp#27;[32mWhen &amp#27;[0m&amp#27;[32mUser clicks on run button with empty code&amp#27;[0m                                                 &amp#27;[90m# StepDefinitions.DSIntroductionDetails.user_clicks_on_run_button_with_empty_code()&amp#27;[0m
  &amp#27;[32mThen &amp#27;[0m&amp#27;[32mThe user should not see any error message or alert&amp#27;[0m                                        &amp#27;[90m# StepDefinitions.DSIntroductionDetails.the_user_should_not_see_any_error_message_or_alert()&amp#27;[0m
[INFO ] 2024-12-17 09:46:20.486 [TestNG-PoolService-2] Hooks - ======================  Test Execution is completed!! ======================
  &amp#27;[32mGiven &amp#27;[0m&amp#27;[32mThe user is on the DS Introduction page as signedIn&amp#27;[0m                    &amp#27;[90m# StepDefinitions.DSIntroductionDetails.the_user_is_on_the_ds_introduction_page_as_signed_in()&amp#27;[0m
]]></system-out>
  </testcase>
  <testcase name="runScenario[&quot;No error message displayed for empty code on try editor for graph representations page&quot;, &quot;Title of your feature&quot;](56)" classname="TestRunners.TestRunner" time="3.14">
    <system-out><![CDATA[
Scenario: Validate user lands on default home page                                                    &amp#27;[90m# src/test/resources/Features/HomePage.feature:3&amp#27;[0m
  &amp#27;[32mWhen &amp#27;[0m&amp#27;[32mUser clicks on run button with empty code&amp#27;[0m                                                 &amp#27;[90m# StepDefinitions.DSIntroductionDetails.user_clicks_on_run_button_with_empty_code()&amp#27;[0m
  &amp#27;[32mThen &amp#27;[0m&amp#27;[32mThe user should not see any error message or alert&amp#27;[0m                                        &amp#27;[90m# StepDefinitions.DSIntroductionDetails.the_user_should_not_see_any_error_message_or_alert()&amp#27;[0m
[INFO ] 2024-12-17 09:58:30.741 [TestNG-PoolService-1] Hooks - ======================  Test Execution is completed!! ======================
]]></system-out>
  </testcase>
  <testcase name="runScenario[&quot;No error message displayed for empty code on try editor for graph representations page&quot;, &quot;Title of your feature&quot;](56)" classname="TestRunners.TestRunner" time="0.555">
    <system-out><![CDATA[
Scenario: Validate user lands on default home page                                                    &amp#27;[90m# src/test/resources/Features/HomePage.feature:3&amp#27;[0m
]]></system-out>
  </testcase>
  <testcase name="runScenario[&quot;Validate user lands on default home page&quot;, &quot;DS Homepage&quot;](57)" classname="TestRunners.TestRunner" time="1.821">
    <system-out><![CDATA[
Scenario: Validate user navigate to DS Intro Page                                               &amp#27;[90m# src/test/resources/Features/HomePage.feature:7&amp#27;[0m
  &amp#27;[32mWhen &amp#27;[0m&amp#27;[32mThe user clicks on Get Started link for graph&amp#27;[0m                           &amp#27;[90m# StepDefinitions.GraphStepDefintions.the_user_clicks_on_get_started_link_for_graph()&amp#27;[0m
  &amp#27;[32mWhen &amp#27;[0m&amp#27;[32mThe user enter the DS_Algo Portal <URL>&amp#27;[0m                                                        &amp#27;[90m# StepDefinitions.HomeStepDefinitions.the_user_enter_the_ds_algo_portal_url()&amp#27;[0m
  &amp#27;[32mGiven &amp#27;[0m&amp#27;[32mThe user is on the graphs representations page&amp#27;[0m                         &amp#27;[90m# StepDefinitions.GraphStepDefintions.the_user_is_on_the_graphs_representations_page()&amp#27;[0m
  &amp#27;[32mThen &amp#27;[0m&amp#27;[32mThe user should landed on the DS_Algo Get Started page with message You are at the right place&amp#27;[0m &amp#27;[90m# StepDefinitions.HomeStepDefinitions.the_user_should_landed_on_the_ds_algo_get_started_page_with_message_you_are_at_the_right_place()&amp#27;[0m
[INFO ] 2024-12-17 09:46:22.159 [TestNG-PoolService-1] Hooks - ======================  Test Execution is completed!! ======================
]]></system-out>
    <system-err><![CDATA[Dec 17, 2024 9:46:21 AM org.openqa.selenium.devtools.CdpVersionFinder findNearestMatch
WARNING: Unable to find an exact match for CDP version 131, returning the closest version; found: 130; Please update to a Selenium version that supports CDP version 131
]]></system-err>
  </testcase>
  <testcase name="runScenario[&quot;Validate user lands on default home page&quot;, &quot;DS Homepage&quot;](57)" classname="TestRunners.TestRunner" time="5.035">
    <system-out><![CDATA[
Scenario: Validate user navigate to DS Intro Page                                               &amp#27;[90m# src/test/resources/Features/HomePage.feature:7&amp#27;[0m
  &amp#27;[32mWhen &amp#27;[0m&amp#27;[32mThe user enter the DS_Algo Portal <URL>&amp#27;[0m                                                        &amp#27;[90m# StepDefinitions.HomeStepDefinitions.the_user_enter_the_ds_algo_portal_url()&amp#27;[0m
  &amp#27;[32mThen &amp#27;[0m&amp#27;[32mThe user should landed on the DS_Algo Get Started page with message You are at the right place&amp#27;[0m &amp#27;[90m# StepDefinitions.HomeStepDefinitions.the_user_should_landed_on_the_ds_algo_get_started_page_with_message_you_are_at_the_right_place()&amp#27;[0m
[INFO ] 2024-12-17 10:14:41.334 [TestNG-PoolService-1] Hooks - ======================  Test Execution is completed!! ======================
  &amp#27;[32mGiven &amp#27;[0m&amp#27;[32mThe user should open the DS Algo Portal URL in any supported browser&amp#27;[0m                    &amp#27;[90m# StepDefinitions.DSIntroductionDetails.the_user_should_open_the_ds_algo_portal_url_in_any_supported_browser()&amp#27;[0m
  &amp#27;[32mWhen &amp#27;[0m&amp#27;[32mThe user clicks the Get Started button&amp#27;[0m                                                   &amp#27;[90m# StepDefinitions.DSIntroductionDetails.the_user_clicks_the_get_started_button()&amp#27;[0m
  &amp#27;[32mThen &amp#27;[0m&amp#27;[32mThe user should land in Data Structure Introduction Page with register and Sign in links&amp#27;[0m &amp#27;[90m# StepDefinitions.DSIntroductionDetails.the_user_should_land_in_data_structure_introduction_page_with_register_and_sign_in_links()&amp#27;[0m
[INFO ] 2024-12-17 10:14:42.422 [TestNG-PoolService-3] Hooks - ======================  Test Execution is completed!! ======================
]]></system-out>
    <system-err><![CDATA[Dec 17, 2024 10:14:39 AM org.openqa.selenium.devtools.CdpVersionFinder findNearestMatch
WARNING: Unable to find an exact match for CDP version 131, returning the closest version; found: 130; Please update to a Selenium version that supports CDP version 131
Dec 17, 2024 10:14:40 AM org.openqa.selenium.devtools.CdpVersionFinder findNearestMatch
WARNING: Unable to find an exact match for CDP version 131, returning the closest version; found: 130; Please update to a Selenium version that supports CDP version 131
Dec 17, 2024 10:14:40 AM org.openqa.selenium.devtools.CdpVersionFinder findNearestMatch
WARNING: Unable to find an exact match for CDP version 131, returning the closest version; found: 130; Please update to a Selenium version that supports CDP version 131
]]></system-err>
  </testcase>
  <testcase name="runScenario[&quot;Valid code on try editor for graph representations runs successfully&quot;, &quot;Title of your feature&quot;](58)" classname="TestRunners.TestRunner" time="0.825">
    <system-out><![CDATA[
Scenario: DS_algo Home page                                    &amp#27;[90m# src/test/resources/Features/LinkedList.feature:7&amp#27;[0m
  &amp#27;[32mWhen &amp#27;[0m&amp#27;[32mUser writes valid code and clicks run button&amp#27;[0m                            &amp#27;[90m# StepDefinitions.DSIntroductionDetails.user_writes_valid_code_and_clicks_run_button()&amp#27;[0m
  &amp#27;[32mThen &amp#27;[0m&amp#27;[32mThe user should able to see output in the console&amp#27;[0m                       &amp#27;[90m# StepDefinitions.DSIntroductionDetails.the_user_should_able_to_see_output_in_the_console()&amp#27;[0m
[INFO ] 2024-12-17 09:46:23.478 [TestNG-PoolService-3] Hooks - ======================  Test Execution is completed!! ======================
]]></system-out>
    <system-err><![CDATA[Dec 17, 2024 9:46:23 AM org.openqa.selenium.devtools.CdpVersionFinder findNearestMatch
WARNING: Unable to find an exact match for CDP version 131, returning the closest version; found: 130; Please update to a Selenium version that supports CDP version 131
]]></system-err>
  </testcase>
  <testcase name="runScenario[&quot;Validate user navigate to DS Intro Page&quot;, &quot;DS Homepage&quot;](59)" classname="TestRunners.TestRunner" time="3.913">
    <system-out><![CDATA[
Scenario: Linked List home page                                              &amp#27;[90m# src/test/resources/Features/LinkedList.feature:10&amp#27;[0m
  &amp#27;[32mGiven &amp#27;[0m&amp#27;[32mThe user should open the DS Algo Portal URL in any supported browser&amp#27;[0m                    &amp#27;[90m# StepDefinitions.DSIntroductionDetails.the_user_should_open_the_ds_algo_portal_url_in_any_supported_browser()&amp#27;[0m
  &amp#27;[32mWhen &amp#27;[0m&amp#27;[32mThe user clicks the Get Started button&amp#27;[0m                                                   &amp#27;[90m# StepDefinitions.DSIntroductionDetails.the_user_clicks_the_get_started_button()&amp#27;[0m
  &amp#27;[32mThen &amp#27;[0m&amp#27;[32mThe user should land in Data Structure Introduction Page with register and Sign in links&amp#27;[0m &amp#27;[90m# StepDefinitions.DSIntroductionDetails.the_user_should_land_in_data_structure_introduction_page_with_register_and_sign_in_links()&amp#27;[0m
[INFO ] 2024-12-17 09:46:26.168 [TestNG-PoolService-2] Hooks - ======================  Test Execution is completed!! ======================
]]></system-out>
    <system-err><![CDATA[Dec 17, 2024 9:46:24 AM org.openqa.selenium.devtools.CdpVersionFinder findNearestMatch
WARNING: Unable to find an exact match for CDP version 131, returning the closest version; found: 130; Please update to a Selenium version that supports CDP version 131
Dec 17, 2024 9:46:26 AM org.openqa.selenium.devtools.CdpVersionFinder findNearestMatch
WARNING: Unable to find an exact match for CDP version 131, returning the closest version; found: 130; Please update to a Selenium version that supports CDP version 131
]]></system-err>
  </testcase>
  <testcase name="runScenario[&quot;Validate user navigate to DS Intro Page&quot;, &quot;DS Homepage&quot;](59)" classname="TestRunners.TestRunner" time="3.333">
    <system-out><![CDATA[
Scenario: Linked List home page                                              &amp#27;[90m# src/test/resources/Features/LinkedList.feature:10&amp#27;[0m
  &amp#27;[32mGiven &amp#27;[0m&amp#27;[32mThe user should open the DS Algo Portal URL in any supported browser&amp#27;[0m                    &amp#27;[90m# StepDefinitions.DSIntroductionDetails.the_user_should_open_the_ds_algo_portal_url_in_any_supported_browser()&amp#27;[0m
  &amp#27;[32mWhen &amp#27;[0m&amp#27;[32mThe user clicks the Get Started button&amp#27;[0m                                                   &amp#27;[90m# StepDefinitions.DSIntroductionDetails.the_user_clicks_the_get_started_button()&amp#27;[0m
  &amp#27;[32mThen &amp#27;[0m&amp#27;[32mThe user should land in Data Structure Introduction Page with register and Sign in links&amp#27;[0m &amp#27;[90m# StepDefinitions.DSIntroductionDetails.the_user_should_land_in_data_structure_introduction_page_with_register_and_sign_in_links()&amp#27;[0m
[INFO ] 2024-12-17 09:58:39.668 [TestNG-PoolService-1] Hooks - ======================  Test Execution is completed!! ======================
]]></system-out>
  </testcase>
  <testcase name="runScenario[&quot;DS_algo Home page&quot;, &quot;Linked List&quot;](60)" classname="TestRunners.TestRunner" time="3.619">
    <system-out><![CDATA[
Scenario: Linked List home page                                &amp#27;[90m# src/test/resources/Features/LinkedList.feature:14&amp#27;[0m
  &amp#27;[32mGiven &amp#27;[0m&amp#27;[32mThe user is on the DS Introduction page as signedIn&amp#27;[0m    &amp#27;[90m# StepDefinitions.DSIntroductionDetails.the_user_is_on_the_ds_introduction_page_as_signed_in()&amp#27;[0m
  &amp#27;[32mAnd &amp#27;[0m&amp#27;[32mUser clicks on Get Started button from Linked List panel&amp#27;[0m &amp#27;[90m# StepDefinitions.LinkedList.user_clicks_on_get_started_button_from_linked_list_panel()&amp#27;[0m
  &amp#27;[32mThen &amp#27;[0m&amp#27;[32mThe user is redirected to Linked List page.&amp#27;[0m             &amp#27;[90m# StepDefinitions.LinkedList.the_user_is_redirected_to_linked_list_page()&amp#27;[0m
[INFO ] 2024-12-17 09:46:30.749 [TestNG-PoolService-1] Hooks - ======================  Test Execution is completed!! ======================
]]></system-out>
    <system-err><![CDATA[Dec 17, 2024 9:46:30 AM org.openqa.selenium.devtools.CdpVersionFinder findNearestMatch
WARNING: Unable to find an exact match for CDP version 131, returning the closest version; found: 130; Please update to a Selenium version that supports CDP version 131
]]></system-err>
  </testcase>
  <testcase name="runScenario[&quot;DS_algo Home page&quot;, &quot;Linked List&quot;](60)" classname="TestRunners.TestRunner" time="6.278">
    <system-out><![CDATA[
Scenario: Linked List home page                                &amp#27;[90m# src/test/resources/Features/LinkedList.feature:14&amp#27;[0m
  &amp#27;[32mGiven &amp#27;[0m&amp#27;[32mThe user is on the DS Introduction page as signedIn&amp#27;[0m    &amp#27;[90m# StepDefinitions.DSIntroductionDetails.the_user_is_on_the_ds_introduction_page_as_signed_in()&amp#27;[0m
  &amp#27;[32mAnd &amp#27;[0m&amp#27;[32mUser clicks on Get Started button from Linked List panel&amp#27;[0m &amp#27;[90m# StepDefinitions.LinkedList.user_clicks_on_get_started_button_from_linked_list_panel()&amp#27;[0m
  &amp#27;[32mThen &amp#27;[0m&amp#27;[32mThe user is redirected to Linked List page.&amp#27;[0m             &amp#27;[90m# StepDefinitions.LinkedList.the_user_is_redirected_to_linked_list_page()&amp#27;[0m
[INFO ] 2024-12-17 09:58:45.668 [TestNG-PoolService-3] Hooks - ======================  Test Execution is completed!! ======================
  &amp#27;[32mGiven &amp#27;[0m&amp#27;[32mThe user is on the DS Introduction page as signedIn&amp#27;[0m                  &amp#27;[90m# StepDefinitions.DSIntroductionDetails.the_user_is_on_the_ds_introduction_page_as_signed_in()&amp#27;[0m
  &amp#27;[32mAnd &amp#27;[0m&amp#27;[32mUser clicks on Get Started button from Linked List panel&amp#27;[0m               &amp#27;[90m# StepDefinitions.LinkedList.user_clicks_on_get_started_button_from_linked_list_panel()&amp#27;[0m
  &amp#27;[32mWhen &amp#27;[0m&amp#27;[32mThe user clicks on Linked List from the Data Structure dropdown menu.&amp#27;[0m &amp#27;[90m# StepDefinitions.LinkedList.the_user_clicks_on_linked_list_from_the_data_structure_dropdown_menu()&amp#27;[0m
  &amp#27;[32mThen &amp#27;[0m&amp#27;[32mThe user is redirected to Linked List page.&amp#27;[0m                           &amp#27;[90m# StepDefinitions.LinkedList.the_user_is_redirected_to_linked_list_page()&amp#27;[0m
[INFO ] 2024-12-17 09:58:46.721 [TestNG-PoolService-2] Hooks - ======================  Test Execution is completed!! ======================
]]></system-out>
  </testcase>
  <testcase name="runScenario[&quot;DS_algo Home page&quot;, &quot;Linked List&quot;](60)" classname="TestRunners.TestRunner" time="4.144">
    <system-out><![CDATA[
Scenario: Linked List home page                                &amp#27;[90m# src/test/resources/Features/LinkedList.feature:14&amp#27;[0m
  &amp#27;[32mGiven &amp#27;[0m&amp#27;[32mThe user is on the DS Introduction page as signedIn&amp#27;[0m    &amp#27;[90m# StepDefinitions.DSIntroductionDetails.the_user_is_on_the_ds_introduction_page_as_signed_in()&amp#27;[0m
  &amp#27;[32mAnd &amp#27;[0m&amp#27;[32mUser clicks on Get Started button from Linked List panel&amp#27;[0m &amp#27;[90m# StepDefinitions.LinkedList.user_clicks_on_get_started_button_from_linked_list_panel()&amp#27;[0m
  &amp#27;[32mThen &amp#27;[0m&amp#27;[32mThe user is redirected to Linked List page.&amp#27;[0m             &amp#27;[90m# StepDefinitions.LinkedList.the_user_is_redirected_to_linked_list_page()&amp#27;[0m
[INFO ] 2024-12-17 10:14:48.686 [TestNG-PoolService-1] Hooks - ======================  Test Execution is completed!! ======================
  &amp#27;[32mGiven &amp#27;[0m&amp#27;[32mThe user is on the DS Introduction page as signedIn&amp#27;[0m                  &amp#27;[90m# StepDefinitions.DSIntroductionDetails.the_user_is_on_the_ds_introduction_page_as_signed_in()&amp#27;[0m
]]></system-out>
    <system-err><![CDATA[Dec 17, 2024 10:14:46 AM org.openqa.selenium.devtools.CdpVersionFinder findNearestMatch
WARNING: Unable to find an exact match for CDP version 131, returning the closest version; found: 130; Please update to a Selenium version that supports CDP version 131
Dec 17, 2024 10:14:49 AM org.openqa.selenium.devtools.CdpVersionFinder findNearestMatch
WARNING: Unable to find an exact match for CDP version 131, returning the closest version; found: 130; Please update to a Selenium version that supports CDP version 131
]]></system-err>
  </testcase>
  <testcase name="runScenario[&quot;Linked List home page&quot;, &quot;Linked List&quot;](61)" classname="TestRunners.TestRunner" time="2.034">
    <system-out><![CDATA[
Scenario: Linked List home page                                      &amp#27;[90m# src/test/resources/Features/LinkedList.feature:18&amp#27;[0m
  &amp#27;[32mGiven &amp#27;[0m&amp#27;[32mThe user is on the DS Introduction page as signedIn&amp#27;[0m                  &amp#27;[90m# StepDefinitions.DSIntroductionDetails.the_user_is_on_the_ds_introduction_page_as_signed_in()&amp#27;[0m
  &amp#27;[32mAnd &amp#27;[0m&amp#27;[32mUser clicks on Get Started button from Linked List panel&amp#27;[0m               &amp#27;[90m# StepDefinitions.LinkedList.user_clicks_on_get_started_button_from_linked_list_panel()&amp#27;[0m
  &amp#27;[32mWhen &amp#27;[0m&amp#27;[32mThe user clicks on Linked List from the Data Structure dropdown menu.&amp#27;[0m &amp#27;[90m# StepDefinitions.LinkedList.the_user_clicks_on_linked_list_from_the_data_structure_dropdown_menu()&amp#27;[0m
  &amp#27;[32mThen &amp#27;[0m&amp#27;[32mThe user is redirected to Linked List page.&amp#27;[0m                           &amp#27;[90m# StepDefinitions.LinkedList.the_user_is_redirected_to_linked_list_page()&amp#27;[0m
[INFO ] 2024-12-17 09:46:33.129 [TestNG-PoolService-3] Hooks - ======================  Test Execution is completed!! ======================
  &amp#27;[32mGiven &amp#27;[0m&amp#27;[32mThe user is on the DS Introduction page as signedIn&amp#27;[0m    &amp#27;[90m# StepDefinitions.DSIntroductionDetails.the_user_is_on_the_ds_introduction_page_as_signed_in()&amp#27;[0m
]]></system-out>
    <system-err><![CDATA[Dec 17, 2024 9:46:32 AM org.openqa.selenium.devtools.CdpVersionFinder findNearestMatch
WARNING: Unable to find an exact match for CDP version 131, returning the closest version; found: 130; Please update to a Selenium version that supports CDP version 131
]]></system-err>
  </testcase>
  <testcase name="runScenario[&quot;Linked List home page&quot;, &quot;Linked List&quot;](61)" classname="TestRunners.TestRunner" time="0.778">
    <system-out><![CDATA[
Scenario: Linked List home page                                      &amp#27;[90m# src/test/resources/Features/LinkedList.feature:18&amp#27;[0m
]]></system-out>
  </testcase>
  <testcase name="runScenario[&quot;Linked List home page&quot;, &quot;Linked List&quot;](61)" classname="TestRunners.TestRunner" time="2.396">
    <system-out><![CDATA[
Scenario: Linked List home page                                      &amp#27;[90m# src/test/resources/Features/LinkedList.feature:18&amp#27;[0m
  &amp#27;[32mAnd &amp#27;[0m&amp#27;[32mUser clicks on Get Started button from Linked List panel&amp#27;[0m               &amp#27;[90m# StepDefinitions.LinkedList.user_clicks_on_get_started_button_from_linked_list_panel()&amp#27;[0m
  &amp#27;[32mWhen &amp#27;[0m&amp#27;[32mThe user clicks on Linked List from the Data Structure dropdown menu.&amp#27;[0m &amp#27;[90m# StepDefinitions.LinkedList.the_user_clicks_on_linked_list_from_the_data_structure_dropdown_menu()&amp#27;[0m
  &amp#27;[32mThen &amp#27;[0m&amp#27;[32mThe user is redirected to Linked List page.&amp#27;[0m                           &amp#27;[90m# StepDefinitions.LinkedList.the_user_is_redirected_to_linked_list_page()&amp#27;[0m
[INFO ] 2024-12-17 10:14:50.958 [TestNG-PoolService-3] Hooks - ======================  Test Execution is completed!! ======================
]]></system-out>
  </testcase>
  <testcase name="runScenario[&quot;Linked List home page&quot;, &quot;Linked List&quot;](62)" classname="TestRunners.TestRunner" time="0.931">
    <system-out><![CDATA[
Scenario: LL_Try Here Editor page with empty data                            &amp#27;[90m# src/test/resources/Features/LinkedList.feature:23&amp#27;[0m
  &amp#27;[32mAnd &amp#27;[0m&amp#27;[32mUser clicks on Get Started button from Linked List panel&amp#27;[0m &amp#27;[90m# StepDefinitions.LinkedList.user_clicks_on_get_started_button_from_linked_list_panel()&amp#27;[0m
  &amp#27;[32mWhen &amp#27;[0m&amp#27;[32mThe user clicks Introduction link&amp#27;[0m                       &amp#27;[90m# StepDefinitions.LinkedList.the_user_clicks_introduction_link()&amp#27;[0m
  &amp#27;[32mThen &amp#27;[0m&amp#27;[32mThe user is redirected to Introduction page.&amp#27;[0m            &amp#27;[90m# StepDefinitions.LinkedList.the_user_is_redirected_to_introduction_page()&amp#27;[0m
[INFO ] 2024-12-17 09:46:34.045 [TestNG-PoolService-2] Hooks - ======================  Test Execution is completed!! ======================
]]></system-out>
  </testcase>
  <testcase name="runScenario[&quot;Linked List home page&quot;, &quot;Linked List&quot;](62)" classname="TestRunners.TestRunner" time="3.621">
    <system-out><![CDATA[
Scenario: LL_Try Here Editor page with empty data                            &amp#27;[90m# src/test/resources/Features/LinkedList.feature:23&amp#27;[0m
  &amp#27;[32mGiven &amp#27;[0m&amp#27;[32mThe user is on the DS Introduction page as signedIn&amp#27;[0m    &amp#27;[90m# StepDefinitions.DSIntroductionDetails.the_user_is_on_the_ds_introduction_page_as_signed_in()&amp#27;[0m
  &amp#27;[32mAnd &amp#27;[0m&amp#27;[32mUser clicks on Get Started button from Linked List panel&amp#27;[0m &amp#27;[90m# StepDefinitions.LinkedList.user_clicks_on_get_started_button_from_linked_list_panel()&amp#27;[0m
  &amp#27;[32mWhen &amp#27;[0m&amp#27;[32mThe user clicks Introduction link&amp#27;[0m                       &amp#27;[90m# StepDefinitions.LinkedList.the_user_clicks_introduction_link()&amp#27;[0m
  &amp#27;[32mThen &amp#27;[0m&amp#27;[32mThe user is redirected to Introduction page.&amp#27;[0m            &amp#27;[90m# StepDefinitions.LinkedList.the_user_is_redirected_to_introduction_page()&amp#27;[0m
[INFO ] 2024-12-17 09:58:50.302 [TestNG-PoolService-1] Hooks - ======================  Test Execution is completed!! ======================
]]></system-out>
  </testcase>
  <testcase name="runScenario[&quot;Linked List home page&quot;, &quot;Linked List&quot;](62)" classname="TestRunners.TestRunner" time="2.131">
    <system-out><![CDATA[
Scenario: LL_Try Here Editor page with empty data                            &amp#27;[90m# src/test/resources/Features/LinkedList.feature:23&amp#27;[0m
  &amp#27;[32mGiven &amp#27;[0m&amp#27;[32mThe user is on the DS Introduction page as signedIn&amp#27;[0m    &amp#27;[90m# StepDefinitions.DSIntroductionDetails.the_user_is_on_the_ds_introduction_page_as_signed_in()&amp#27;[0m
  &amp#27;[32mAnd &amp#27;[0m&amp#27;[32mUser clicks on Get Started button from Linked List panel&amp#27;[0m &amp#27;[90m# StepDefinitions.LinkedList.user_clicks_on_get_started_button_from_linked_list_panel()&amp#27;[0m
  &amp#27;[32mWhen &amp#27;[0m&amp#27;[32mThe user clicks Introduction link&amp#27;[0m                       &amp#27;[90m# StepDefinitions.LinkedList.the_user_clicks_introduction_link()&amp#27;[0m
  &amp#27;[32mThen &amp#27;[0m&amp#27;[32mThe user is redirected to Introduction page.&amp#27;[0m            &amp#27;[90m# StepDefinitions.LinkedList.the_user_is_redirected_to_introduction_page()&amp#27;[0m
[INFO ] 2024-12-17 10:14:53.194 [TestNG-PoolService-2] Hooks - ======================  Test Execution is completed!! ======================
]]></system-out>
    <system-err><![CDATA[Dec 17, 2024 10:14:53 AM org.openqa.selenium.devtools.CdpVersionFinder findNearestMatch
WARNING: Unable to find an exact match for CDP version 131, returning the closest version; found: 130; Please update to a Selenium version that supports CDP version 131
]]></system-err>
  </testcase>
  <testcase name="runScenario[&quot;Linked List home page&quot;, &quot;Linked List&quot;](63)" classname="TestRunners.TestRunner" time="2.859">
    <system-out><![CDATA[
Scenario: LL_Try Here Editor page with valid data                     &amp#27;[90m# src/test/resources/Features/LinkedList.feature:28&amp#27;[0m
  &amp#27;[32mGiven &amp#27;[0m&amp#27;[32mThe user is on the DS Introduction page as signedIn&amp#27;[0m          &amp#27;[90m# StepDefinitions.DSIntroductionDetails.the_user_is_on_the_ds_introduction_page_as_signed_in()&amp#27;[0m
  &amp#27;[32mAnd &amp#27;[0m&amp#27;[32mUser clicks on Get Started button from Linked List panel&amp#27;[0m       &amp#27;[90m# StepDefinitions.LinkedList.user_clicks_on_get_started_button_from_linked_list_panel()&amp#27;[0m
  &amp#27;[32mGiven &amp#27;[0m&amp#27;[32mThe user is on the Introduction page&amp#27;[0m                         &amp#27;[90m# StepDefinitions.LinkedList.the_user_is_on_the_introduction_page()&amp#27;[0m
  &amp#27;[32mWhen &amp#27;[0m&amp#27;[32mThe user clicks Try Here button&amp#27;[0m                               &amp#27;[90m# StepDefinitions.Tree.the_user_clicks_try_here_button()&amp#27;[0m
  &amp#27;[32mThen &amp#27;[0m&amp#27;[32mThe user is redirected to a page having Editor and run button&amp#27;[0m &amp#27;[90m# StepDefinitions.Tree.the_user_is_redirected_to_a_page_having_editor_and_run_button()&amp#27;[0m
[INFO ] 2024-12-17 09:46:36.912 [TestNG-PoolService-1] Hooks - ======================  Test Execution is completed!! ======================
  &amp#27;[32mGiven &amp#27;[0m&amp#27;[32mThe user is on the DS Introduction page as signedIn&amp#27;[0m                  &amp#27;[90m# StepDefinitions.DSIntroductionDetails.the_user_is_on_the_ds_introduction_page_as_signed_in()&amp#27;[0m
]]></system-out>
    <system-err><![CDATA[Dec 17, 2024 9:46:34 AM org.openqa.selenium.devtools.CdpVersionFinder findNearestMatch
WARNING: Unable to find an exact match for CDP version 131, returning the closest version; found: 130; Please update to a Selenium version that supports CDP version 131
Dec 17, 2024 9:46:35 AM org.openqa.selenium.devtools.CdpVersionFinder findNearestMatch
WARNING: Unable to find an exact match for CDP version 131, returning the closest version; found: 130; Please update to a Selenium version that supports CDP version 131
]]></system-err>
  </testcase>
  <testcase name="runScenario[&quot;Linked List home page&quot;, &quot;Linked List&quot;](63)" classname="TestRunners.TestRunner" time="5.676">
    <system-out><![CDATA[
Scenario: LL_Try Here Editor page with valid data                     &amp#27;[90m# src/test/resources/Features/LinkedList.feature:28&amp#27;[0m
  &amp#27;[32mGiven &amp#27;[0m&amp#27;[32mThe user is on the DS Introduction page as signedIn&amp#27;[0m          &amp#27;[90m# StepDefinitions.DSIntroductionDetails.the_user_is_on_the_ds_introduction_page_as_signed_in()&amp#27;[0m
  &amp#27;[32mAnd &amp#27;[0m&amp#27;[32mUser clicks on Get Started button from Linked List panel&amp#27;[0m       &amp#27;[90m# StepDefinitions.LinkedList.user_clicks_on_get_started_button_from_linked_list_panel()&amp#27;[0m
  &amp#27;[32mGiven &amp#27;[0m&amp#27;[32mThe user is on the Introduction page&amp#27;[0m                         &amp#27;[90m# StepDefinitions.LinkedList.the_user_is_on_the_introduction_page()&amp#27;[0m
  &amp#27;[32mGiven &amp#27;[0m&amp#27;[32mThe user is on the DS Introduction page as signedIn&amp#27;[0m                  &amp#27;[90m# StepDefinitions.DSIntroductionDetails.the_user_is_on_the_ds_introduction_page_as_signed_in()&amp#27;[0m
  &amp#27;[32mWhen &amp#27;[0m&amp#27;[32mThe user clicks Try Here button&amp#27;[0m                               &amp#27;[90m# StepDefinitions.Tree.the_user_clicks_try_here_button()&amp#27;[0m
  &amp#27;[32mThen &amp#27;[0m&amp#27;[32mThe user is redirected to a page having Editor and run button&amp#27;[0m &amp#27;[90m# StepDefinitions.Tree.the_user_is_redirected_to_a_page_having_editor_and_run_button()&amp#27;[0m
[INFO ] 2024-12-17 10:14:58.647 [TestNG-PoolService-1] Hooks - ======================  Test Execution is completed!! ======================
  &amp#27;[32mAnd &amp#27;[0m&amp#27;[32mUser clicks on Get Started button from Linked List panel&amp#27;[0m               &amp#27;[90m# StepDefinitions.LinkedList.user_clicks_on_get_started_button_from_linked_list_panel()&amp#27;[0m
]]></system-out>
    <system-err><![CDATA[Dec 17, 2024 10:14:55 AM org.openqa.selenium.devtools.CdpVersionFinder findNearestMatch
WARNING: Unable to find an exact match for CDP version 131, returning the closest version; found: 130; Please update to a Selenium version that supports CDP version 131
Dec 17, 2024 10:14:58 AM org.openqa.selenium.devtools.CdpVersionFinder findNearestMatch
WARNING: Unable to find an exact match for CDP version 131, returning the closest version; found: 130; Please update to a Selenium version that supports CDP version 131
]]></system-err>
  </testcase>
  <testcase name="runScenario[&quot;LL_Try Here Editor page with empty data&quot;, &quot;Linked List&quot;](64)" classname="TestRunners.TestRunner" time="2.162">
    <system-out><![CDATA[
Scenario: LL_Try Here Editor page with invalid data                     &amp#27;[90m# src/test/resources/Features/LinkedList.feature:33&amp#27;[0m
  &amp#27;[32mAnd &amp#27;[0m&amp#27;[32mUser clicks on Get Started button from Linked List panel&amp#27;[0m               &amp#27;[90m# StepDefinitions.LinkedList.user_clicks_on_get_started_button_from_linked_list_panel()&amp#27;[0m
  &amp#27;[32mGiven &amp#27;[0m&amp#27;[32mThe user is on the DS Introduction page as signedIn&amp#27;[0m           &amp#27;[90m# StepDefinitions.DSIntroductionDetails.the_user_is_on_the_ds_introduction_page_as_signed_in()&amp#27;[0m
  &amp#27;[32mGiven &amp#27;[0m&amp#27;[32mThe user is on the editor page of Introduction page&amp#27;[0m                  &amp#27;[90m# StepDefinitions.LinkedList.the_user_is_on_the_editor_page_of_introduction_page()&amp#27;[0m
  &amp#27;[32mAnd &amp#27;[0m&amp#27;[32mUser clicks on Get Started button from Linked List panel&amp#27;[0m        &amp#27;[90m# StepDefinitions.LinkedList.user_clicks_on_get_started_button_from_linked_list_panel()&amp#27;[0m
  &amp#27;[32mWhen &amp#27;[0m&amp#27;[32mThe user writes no code inside editor window and clicks on Run button&amp#27;[0m &amp#27;[90m# StepDefinitions.Tree.the_user_writes_no_code_inside_editor_window_and_clicks_on_run_button()&amp#27;[0m
  &amp#27;[32mThen &amp#27;[0m&amp#27;[32mNothing happens to the Editor page and no error message is displayed&amp#27;[0m  &amp#27;[90m# StepDefinitions.Tree.nothing_happens_to_the_editor_page_and_no_error_message_is_displayed()&amp#27;[0m
[INFO ] 2024-12-17 09:46:38.990 [TestNG-PoolService-3] Hooks - ======================  Test Execution is completed!! ======================
]]></system-out>
    <system-err><![CDATA[Dec 17, 2024 9:46:38 AM org.openqa.selenium.devtools.CdpVersionFinder findNearestMatch
WARNING: Unable to find an exact match for CDP version 131, returning the closest version; found: 130; Please update to a Selenium version that supports CDP version 131
]]></system-err>
  </testcase>
  <testcase name="runScenario[&quot;LL_Try Here Editor page with empty data&quot;, &quot;Linked List&quot;](64)" classname="TestRunners.TestRunner" time="2.006">
    <system-out><![CDATA[
Scenario: LL_Try Here Editor page with invalid data                     &amp#27;[90m# src/test/resources/Features/LinkedList.feature:33&amp#27;[0m
  &amp#27;[32mGiven &amp#27;[0m&amp#27;[32mThe user is on the editor page of Introduction page&amp#27;[0m                  &amp#27;[90m# StepDefinitions.LinkedList.the_user_is_on_the_editor_page_of_introduction_page()&amp#27;[0m
  &amp#27;[32mWhen &amp#27;[0m&amp#27;[32mThe user writes no code inside editor window and clicks on Run button&amp#27;[0m &amp#27;[90m# StepDefinitions.Tree.the_user_writes_no_code_inside_editor_window_and_clicks_on_run_button()&amp#27;[0m
  &amp#27;[32mThen &amp#27;[0m&amp#27;[32mNothing happens to the Editor page and no error message is displayed&amp#27;[0m  &amp#27;[90m# StepDefinitions.Tree.nothing_happens_to_the_editor_page_and_no_error_message_is_displayed()&amp#27;[0m
[INFO ] 2024-12-17 10:15:00.851 [TestNG-PoolService-3] Hooks - ======================  Test Execution is completed!! ======================
  &amp#27;[32mGiven &amp#27;[0m&amp#27;[32mThe user is on the DS Introduction page as signedIn&amp#27;[0m           &amp#27;[90m# StepDefinitions.DSIntroductionDetails.the_user_is_on_the_ds_introduction_page_as_signed_in()&amp#27;[0m
  &amp#27;[32mAnd &amp#27;[0m&amp#27;[32mUser clicks on Get Started button from Linked List panel&amp#27;[0m        &amp#27;[90m# StepDefinitions.LinkedList.user_clicks_on_get_started_button_from_linked_list_panel()&amp#27;[0m
]]></system-out>
  </testcase>
  <testcase name="runScenario[&quot;LL_Try Here Editor page with invalid data&quot;, &quot;Linked List&quot;](65)" classname="TestRunners.TestRunner" time="3.695">
    <system-out><![CDATA[
Scenario: Linked List home page                                &amp#27;[90m# src/test/resources/Features/LinkedList.feature:38&amp#27;[0m
  &amp#27;[32mGiven &amp#27;[0m&amp#27;[32mThe user is on the editor page of Introduction page&amp#27;[0m           &amp#27;[90m# StepDefinitions.LinkedList.the_user_is_on_the_editor_page_of_introduction_page()&amp#27;[0m
  &amp#27;[32mGiven &amp#27;[0m&amp#27;[32mThe user is on the DS Introduction page as signedIn&amp#27;[0m             &amp#27;[90m# StepDefinitions.DSIntroductionDetails.the_user_is_on_the_ds_introduction_page_as_signed_in()&amp#27;[0m
  &amp#27;[32mAnd &amp#27;[0m&amp#27;[32mUser clicks on Get Started button from Linked List panel&amp#27;[0m          &amp#27;[90m# StepDefinitions.LinkedList.user_clicks_on_get_started_button_from_linked_list_panel()&amp#27;[0m
  &amp#27;[32mGiven &amp#27;[0m&amp#27;[32mThe user is on the DS Introduction page as signedIn&amp#27;[0m    &amp#27;[90m# StepDefinitions.DSIntroductionDetails.the_user_is_on_the_ds_introduction_page_as_signed_in()&amp#27;[0m
  &amp#27;[32mGiven &amp#27;[0m&amp#27;[32mThe user is on the editor page of Introduction page&amp#27;[0m             &amp#27;[90m# StepDefinitions.LinkedList.the_user_is_on_the_editor_page_of_introduction_page()&amp#27;[0m
  &amp#27;[32mWhen &amp#27;[0m&amp#27;[32mThe user writes the invalid python code and clicks on Run button&amp#27;[0m &amp#27;[90m# StepDefinitions.Tree.the_user_writes_the_invalid_python_code_and_clicks_on_run_button()&amp#27;[0m
  &amp#27;[32mThen &amp#27;[0m&amp#27;[32mThe user see error msg in alert window&amp#27;[0m                           &amp#27;[90m# StepDefinitions.Tree.the_user_see_error_msg_in_alert_window()&amp#27;[0m
[INFO ] 2024-12-17 09:46:42.852 [TestNG-PoolService-1] Hooks - ======================  Test Execution is completed!! ======================
  &amp#27;[32mAnd &amp#27;[0m&amp#27;[32mUser clicks on Get Started button from Linked List panel&amp#27;[0m &amp#27;[90m# StepDefinitions.LinkedList.user_clicks_on_get_started_button_from_linked_list_panel()&amp#27;[0m
]]></system-out>
    <system-err><![CDATA[Dec 17, 2024 9:46:40 AM org.openqa.selenium.devtools.CdpVersionFinder findNearestMatch
WARNING: Unable to find an exact match for CDP version 131, returning the closest version; found: 130; Please update to a Selenium version that supports CDP version 131
]]></system-err>
  </testcase>
  <testcase name="runScenario[&quot;LL_Try Here Editor page with invalid data&quot;, &quot;Linked List&quot;](65)" classname="TestRunners.TestRunner" time="7.401">
    <system-out><![CDATA[
Scenario: Linked List home page                                &amp#27;[90m# src/test/resources/Features/LinkedList.feature:38&amp#27;[0m
  &amp#27;[32mGiven &amp#27;[0m&amp#27;[32mThe user is on the editor page of Introduction page&amp#27;[0m           &amp#27;[90m# StepDefinitions.LinkedList.the_user_is_on_the_editor_page_of_introduction_page()&amp#27;[0m
  &amp#27;[32mGiven &amp#27;[0m&amp#27;[32mThe user is on the DS Introduction page as signedIn&amp#27;[0m             &amp#27;[90m# StepDefinitions.DSIntroductionDetails.the_user_is_on_the_ds_introduction_page_as_signed_in()&amp#27;[0m
  &amp#27;[32mAnd &amp#27;[0m&amp#27;[32mUser clicks on Get Started button from Linked List panel&amp#27;[0m          &amp#27;[90m# StepDefinitions.LinkedList.user_clicks_on_get_started_button_from_linked_list_panel()&amp#27;[0m
  &amp#27;[32mGiven &amp#27;[0m&amp#27;[32mThe user is on the DS Introduction page as signedIn&amp#27;[0m    &amp#27;[90m# StepDefinitions.DSIntroductionDetails.the_user_is_on_the_ds_introduction_page_as_signed_in()&amp#27;[0m
  &amp#27;[32mGiven &amp#27;[0m&amp#27;[32mThe user is on the editor page of Introduction page&amp#27;[0m             &amp#27;[90m# StepDefinitions.LinkedList.the_user_is_on_the_editor_page_of_introduction_page()&amp#27;[0m
  &amp#27;[32mAnd &amp#27;[0m&amp#27;[32mUser clicks on Get Started button from Linked List panel&amp#27;[0m &amp#27;[90m# StepDefinitions.LinkedList.user_clicks_on_get_started_button_from_linked_list_panel()&amp#27;[0m
  &amp#27;[32mWhen &amp#27;[0m&amp#27;[32mThe user writes the invalid python code and clicks on Run button&amp#27;[0m &amp#27;[90m# StepDefinitions.Tree.the_user_writes_the_invalid_python_code_and_clicks_on_run_button()&amp#27;[0m
  &amp#27;[32mThen &amp#27;[0m&amp#27;[32mThe user see error msg in alert window&amp#27;[0m                           &amp#27;[90m# StepDefinitions.Tree.the_user_see_error_msg_in_alert_window()&amp#27;[0m
[INFO ] 2024-12-17 10:15:08.239 [TestNG-PoolService-1] Hooks - ======================  Test Execution is completed!! ======================
  &amp#27;[32mGiven &amp#27;[0m&amp#27;[32mThe user is on the Introduction page&amp#27;[0m                   &amp#27;[90m# StepDefinitions.LinkedList.the_user_is_on_the_introduction_page()&amp#27;[0m
  &amp#27;[32mWhen &amp#27;[0m&amp#27;[32mThe user clicks Creating Linked LIst link&amp#27;[0m               &amp#27;[90m# StepDefinitions.LinkedList.the_user_clicks_creating_linked_l_ist_link()&amp#27;[0m
  &amp#27;[32mThen &amp#27;[0m&amp#27;[32mThe user is redirected to Creating Linked List page.&amp#27;[0m    &amp#27;[90m# StepDefinitions.LinkedList.the_user_is_redirected_to_creating_linked_list_page()&amp#27;[0m
[INFO ] 2024-12-17 10:15:08.864 [TestNG-PoolService-3] Hooks - ======================  Test Execution is completed!! ======================
]]></system-out>
    <system-err><![CDATA[Dec 17, 2024 10:15:03 AM org.openqa.selenium.devtools.CdpVersionFinder findNearestMatch
WARNING: Unable to find an exact match for CDP version 131, returning the closest version; found: 130; Please update to a Selenium version that supports CDP version 131
Dec 17, 2024 10:15:05 AM org.openqa.selenium.devtools.CdpVersionFinder findNearestMatch
WARNING: Unable to find an exact match for CDP version 131, returning the closest version; found: 130; Please update to a Selenium version that supports CDP version 131
]]></system-err>
  </testcase>
  <testcase name="runScenario[&quot;Linked List home page&quot;, &quot;Linked List&quot;](66)" classname="TestRunners.TestRunner" time="0.663">
    <system-out><![CDATA[
Scenario: Creating Linked LIst                                       &amp#27;[90m# src/test/resources/Features/LinkedList.feature:43&amp#27;[0m
  &amp#27;[32mGiven &amp#27;[0m&amp#27;[32mThe user is on the Introduction page&amp#27;[0m                   &amp#27;[90m# StepDefinitions.LinkedList.the_user_is_on_the_introduction_page()&amp#27;[0m
  &amp#27;[32mWhen &amp#27;[0m&amp#27;[32mThe user clicks Creating Linked LIst link&amp#27;[0m               &amp#27;[90m# StepDefinitions.LinkedList.the_user_clicks_creating_linked_l_ist_link()&amp#27;[0m
  &amp#27;[32mThen &amp#27;[0m&amp#27;[32mThe user is redirected to Creating Linked List page.&amp#27;[0m    &amp#27;[90m# StepDefinitions.LinkedList.the_user_is_redirected_to_creating_linked_list_page()&amp#27;[0m
[INFO ] 2024-12-17 09:46:43.534 [TestNG-PoolService-3] Hooks - ======================  Test Execution is completed!! ======================
]]></system-out>
  </testcase>
  <testcase name="runScenario[&quot;Linked List home page&quot;, &quot;Linked List&quot;](66)" classname="TestRunners.TestRunner" time="0.581">
    <system-out><![CDATA[
Scenario: Creating Linked LIst                                       &amp#27;[90m# src/test/resources/Features/LinkedList.feature:43&amp#27;[0m
]]></system-out>
  </testcase>
  <testcase name="runScenario[&quot;Creating Linked LIst&quot;, &quot;Linked List&quot;](67)" classname="TestRunners.TestRunner" time="4.425">
    <system-out><![CDATA[
Scenario: LL_Try Here Editor page with empty data                            &amp#27;[90m# src/test/resources/Features/LinkedList.feature:48&amp#27;[0m
  &amp#27;[32mGiven &amp#27;[0m&amp#27;[32mThe user is on the DS Introduction page as signedIn&amp#27;[0m          &amp#27;[90m# StepDefinitions.DSIntroductionDetails.the_user_is_on_the_ds_introduction_page_as_signed_in()&amp#27;[0m
  &amp#27;[32mAnd &amp#27;[0m&amp#27;[32mUser clicks on Get Started button from Linked List panel&amp#27;[0m       &amp#27;[90m# StepDefinitions.LinkedList.user_clicks_on_get_started_button_from_linked_list_panel()&amp#27;[0m
  &amp#27;[32mGiven &amp#27;[0m&amp#27;[32mThe user is on the Creating Linked LIst page&amp#27;[0m                 &amp#27;[90m# StepDefinitions.LinkedList.the_user_is_on_the_creating_linked_l_ist_page()&amp#27;[0m
  &amp#27;[32mGiven &amp#27;[0m&amp#27;[32mThe user is on the DS Introduction page as signedIn&amp#27;[0m                  &amp#27;[90m# StepDefinitions.DSIntroductionDetails.the_user_is_on_the_ds_introduction_page_as_signed_in()&amp#27;[0m
  &amp#27;[32mAnd &amp#27;[0m&amp#27;[32mUser clicks on Get Started button from Linked List panel&amp#27;[0m               &amp#27;[90m# StepDefinitions.LinkedList.user_clicks_on_get_started_button_from_linked_list_panel()&amp#27;[0m
  &amp#27;[32mWhen &amp#27;[0m&amp#27;[32mThe user clicks Try Here button&amp#27;[0m                               &amp#27;[90m# StepDefinitions.Tree.the_user_clicks_try_here_button()&amp#27;[0m
  &amp#27;[32mThen &amp#27;[0m&amp#27;[32mThe user is redirected to a page having Editor and run button&amp#27;[0m &amp#27;[90m# StepDefinitions.Tree.the_user_is_redirected_to_a_page_having_editor_and_run_button()&amp#27;[0m
[INFO ] 2024-12-17 09:46:47.903 [TestNG-PoolService-1] Hooks - ======================  Test Execution is completed!! ======================
]]></system-out>
    <system-err><![CDATA[Dec 17, 2024 9:46:44 AM org.openqa.selenium.devtools.CdpVersionFinder findNearestMatch
WARNING: Unable to find an exact match for CDP version 131, returning the closest version; found: 130; Please update to a Selenium version that supports CDP version 131
Dec 17, 2024 9:46:44 AM org.openqa.selenium.devtools.CdpVersionFinder findNearestMatch
WARNING: Unable to find an exact match for CDP version 131, returning the closest version; found: 130; Please update to a Selenium version that supports CDP version 131
]]></system-err>
  </testcase>
  <testcase name="runScenario[&quot;Creating Linked LIst&quot;, &quot;Linked List&quot;](67)" classname="TestRunners.TestRunner" time="9.098">
    <system-out><![CDATA[
Scenario: LL_Try Here Editor page with empty data                            &amp#27;[90m# src/test/resources/Features/LinkedList.feature:48&amp#27;[0m
  &amp#27;[32mGiven &amp#27;[0m&amp#27;[32mThe user is on the DS Introduction page as signedIn&amp#27;[0m          &amp#27;[90m# StepDefinitions.DSIntroductionDetails.the_user_is_on_the_ds_introduction_page_as_signed_in()&amp#27;[0m
  &amp#27;[32mAnd &amp#27;[0m&amp#27;[32mUser clicks on Get Started button from Linked List panel&amp#27;[0m       &amp#27;[90m# StepDefinitions.LinkedList.user_clicks_on_get_started_button_from_linked_list_panel()&amp#27;[0m
  &amp#27;[32mGiven &amp#27;[0m&amp#27;[32mThe user is on the Creating Linked LIst page&amp#27;[0m                 &amp#27;[90m# StepDefinitions.LinkedList.the_user_is_on_the_creating_linked_l_ist_page()&amp#27;[0m
  &amp#27;[32mGiven &amp#27;[0m&amp#27;[32mThe user is on the DS Introduction page as signedIn&amp#27;[0m                  &amp#27;[90m# StepDefinitions.DSIntroductionDetails.the_user_is_on_the_ds_introduction_page_as_signed_in()&amp#27;[0m
  &amp#27;[32mAnd &amp#27;[0m&amp#27;[32mUser clicks on Get Started button from Linked List panel&amp#27;[0m               &amp#27;[90m# StepDefinitions.LinkedList.user_clicks_on_get_started_button_from_linked_list_panel()&amp#27;[0m
  &amp#27;[32mWhen &amp#27;[0m&amp#27;[32mThe user clicks Try Here button&amp#27;[0m                               &amp#27;[90m# StepDefinitions.Tree.the_user_clicks_try_here_button()&amp#27;[0m
  &amp#27;[32mThen &amp#27;[0m&amp#27;[32mThe user is redirected to a page having Editor and run button&amp#27;[0m &amp#27;[90m# StepDefinitions.Tree.the_user_is_redirected_to_a_page_having_editor_and_run_button()&amp#27;[0m
[INFO ] 2024-12-17 09:59:20.074 [TestNG-PoolService-3] Hooks - ======================  Test Execution is completed!! ======================
  &amp#27;[32mGiven &amp#27;[0m&amp#27;[32mThe user is on the editor page of Creating Linked LIst page&amp#27;[0m          &amp#27;[90m# StepDefinitions.LinkedList.the_user_is_on_the_editor_page_of_creating_linked_l_ist_page()&amp#27;[0m
  &amp#27;[32mWhen &amp#27;[0m&amp#27;[32mThe user writes no code inside editor window and clicks on Run button&amp#27;[0m &amp#27;[90m# StepDefinitions.Tree.the_user_writes_no_code_inside_editor_window_and_clicks_on_run_button()&amp#27;[0m
  &amp#27;[32mThen &amp#27;[0m&amp#27;[32mNothing happens to the Editor page and no error message is displayed&amp#27;[0m  &amp#27;[90m# StepDefinitions.Tree.nothing_happens_to_the_editor_page_and_no_error_message_is_displayed()&amp#27;[0m
[INFO ] 2024-12-17 09:59:21.109 [TestNG-PoolService-2] Hooks - ======================  Test Execution is completed!! ======================
]]></system-out>
  </testcase>
  <testcase name="runScenario[&quot;Creating Linked LIst&quot;, &quot;Linked List&quot;](67)" classname="TestRunners.TestRunner" time="7.337">
    <system-out><![CDATA[
Scenario: LL_Try Here Editor page with empty data                            &amp#27;[90m# src/test/resources/Features/LinkedList.feature:48&amp#27;[0m
  &amp#27;[32mGiven &amp#27;[0m&amp#27;[32mThe user is on the DS Introduction page as signedIn&amp#27;[0m          &amp#27;[90m# StepDefinitions.DSIntroductionDetails.the_user_is_on_the_ds_introduction_page_as_signed_in()&amp#27;[0m
  &amp#27;[32mAnd &amp#27;[0m&amp#27;[32mUser clicks on Get Started button from Linked List panel&amp#27;[0m       &amp#27;[90m# StepDefinitions.LinkedList.user_clicks_on_get_started_button_from_linked_list_panel()&amp#27;[0m
  &amp#27;[32mGiven &amp#27;[0m&amp#27;[32mThe user is on the DS Introduction page as signedIn&amp#27;[0m                  &amp#27;[90m# StepDefinitions.DSIntroductionDetails.the_user_is_on_the_ds_introduction_page_as_signed_in()&amp#27;[0m
  &amp#27;[32mGiven &amp#27;[0m&amp#27;[32mThe user is on the Creating Linked LIst page&amp#27;[0m                 &amp#27;[90m# StepDefinitions.LinkedList.the_user_is_on_the_creating_linked_l_ist_page()&amp#27;[0m
  &amp#27;[32mAnd &amp#27;[0m&amp#27;[32mUser clicks on Get Started button from Linked List panel&amp#27;[0m               &amp#27;[90m# StepDefinitions.LinkedList.user_clicks_on_get_started_button_from_linked_list_panel()&amp#27;[0m
  &amp#27;[32mWhen &amp#27;[0m&amp#27;[32mThe user clicks Try Here button&amp#27;[0m                               &amp#27;[90m# StepDefinitions.Tree.the_user_clicks_try_here_button()&amp#27;[0m
  &amp#27;[32mThen &amp#27;[0m&amp#27;[32mThe user is redirected to a page having Editor and run button&amp#27;[0m &amp#27;[90m# StepDefinitions.Tree.the_user_is_redirected_to_a_page_having_editor_and_run_button()&amp#27;[0m
[INFO ] 2024-12-17 10:15:16.227 [TestNG-PoolService-1] Hooks - ======================  Test Execution is completed!! ======================
  &amp#27;[32mGiven &amp#27;[0m&amp#27;[32mThe user is on the editor page of Creating Linked LIst page&amp#27;[0m          &amp#27;[90m# StepDefinitions.LinkedList.the_user_is_on_the_editor_page_of_creating_linked_l_ist_page()&amp#27;[0m
  &amp#27;[32mWhen &amp#27;[0m&amp#27;[32mThe user writes no code inside editor window and clicks on Run button&amp#27;[0m &amp#27;[90m# StepDefinitions.Tree.the_user_writes_no_code_inside_editor_window_and_clicks_on_run_button()&amp#27;[0m
  &amp#27;[32mThen &amp#27;[0m&amp#27;[32mNothing happens to the Editor page and no error message is displayed&amp#27;[0m  &amp#27;[90m# StepDefinitions.Tree.nothing_happens_to_the_editor_page_and_no_error_message_is_displayed()&amp#27;[0m
[INFO ] 2024-12-17 10:15:16.885 [TestNG-PoolService-3] Hooks - ======================  Test Execution is completed!! ======================
]]></system-out>
    <system-err><![CDATA[Dec 17, 2024 10:15:12 AM org.openqa.selenium.devtools.CdpVersionFinder findNearestMatch
WARNING: Unable to find an exact match for CDP version 131, returning the closest version; found: 130; Please update to a Selenium version that supports CDP version 131
Dec 17, 2024 10:15:13 AM org.openqa.selenium.devtools.CdpVersionFinder findNearestMatch
WARNING: Unable to find an exact match for CDP version 131, returning the closest version; found: 130; Please update to a Selenium version that supports CDP version 131
]]></system-err>
  </testcase>
  <testcase name="runScenario[&quot;LL_Try Here Editor page with empty data&quot;, &quot;Linked List&quot;](68)" classname="TestRunners.TestRunner" time="1.144">
    <system-out><![CDATA[
Scenario: LL_Try Here Editor page with valid data                     &amp#27;[90m# src/test/resources/Features/LinkedList.feature:53&amp#27;[0m
  &amp#27;[32mGiven &amp#27;[0m&amp#27;[32mThe user is on the editor page of Creating Linked LIst page&amp#27;[0m          &amp#27;[90m# StepDefinitions.LinkedList.the_user_is_on_the_editor_page_of_creating_linked_l_ist_page()&amp#27;[0m
  &amp#27;[32mWhen &amp#27;[0m&amp#27;[32mThe user writes no code inside editor window and clicks on Run button&amp#27;[0m &amp#27;[90m# StepDefinitions.Tree.the_user_writes_no_code_inside_editor_window_and_clicks_on_run_button()&amp#27;[0m
  &amp#27;[32mThen &amp#27;[0m&amp#27;[32mNothing happens to the Editor page and no error message is displayed&amp#27;[0m  &amp#27;[90m# StepDefinitions.Tree.nothing_happens_to_the_editor_page_and_no_error_message_is_displayed()&amp#27;[0m
[INFO ] 2024-12-17 09:46:49.035 [TestNG-PoolService-3] Hooks - ======================  Test Execution is completed!! ======================
]]></system-out>
    <system-err><![CDATA[Dec 17, 2024 9:46:49 AM org.openqa.selenium.devtools.CdpVersionFinder findNearestMatch
WARNING: Unable to find an exact match for CDP version 131, returning the closest version; found: 130; Please update to a Selenium version that supports CDP version 131
]]></system-err>
  </testcase>
  <testcase name="runScenario[&quot;LL_Try Here Editor page with empty data&quot;, &quot;Linked List&quot;](68)" classname="TestRunners.TestRunner" time="0.86">
    <system-out><![CDATA[
Scenario: LL_Try Here Editor page with valid data                     &amp#27;[90m# src/test/resources/Features/LinkedList.feature:53&amp#27;[0m
]]></system-out>
  </testcase>
  <testcase name="runScenario[&quot;LL_Try Here Editor page with empty data&quot;, &quot;Linked List&quot;](68)" classname="TestRunners.TestRunner" time="0.544">
    <system-out><![CDATA[
Scenario: LL_Try Here Editor page with valid data                     &amp#27;[90m# src/test/resources/Features/LinkedList.feature:53&amp#27;[0m
]]></system-out>
  </testcase>
  <testcase name="runScenario[&quot;LL_Try Here Editor page with invalid data&quot;, &quot;Linked List&quot;](69)" classname="TestRunners.TestRunner" time="4.297">
    <system-out><![CDATA[
Scenario: LL_Try Here Editor page with invalid data                     &amp#27;[90m# src/test/resources/Features/LinkedList.feature:58&amp#27;[0m
  &amp#27;[32mGiven &amp#27;[0m&amp#27;[32mThe user is on the DS Introduction page as signedIn&amp#27;[0m           &amp#27;[90m# StepDefinitions.DSIntroductionDetails.the_user_is_on_the_ds_introduction_page_as_signed_in()&amp#27;[0m
  &amp#27;[32mAnd &amp#27;[0m&amp#27;[32mUser clicks on Get Started button from Linked List panel&amp#27;[0m        &amp#27;[90m# StepDefinitions.LinkedList.user_clicks_on_get_started_button_from_linked_list_panel()&amp#27;[0m
  &amp#27;[32mGiven &amp#27;[0m&amp#27;[32mThe user is on the DS Introduction page as signedIn&amp#27;[0m             &amp#27;[90m# StepDefinitions.DSIntroductionDetails.the_user_is_on_the_ds_introduction_page_as_signed_in()&amp#27;[0m
  &amp#27;[32mGiven &amp#27;[0m&amp#27;[32mThe user is on the editor page of Creating Linked LIst page&amp#27;[0m   &amp#27;[90m# StepDefinitions.LinkedList.the_user_is_on_the_editor_page_of_creating_linked_l_ist_page()&amp#27;[0m
  &amp#27;[32mAnd &amp#27;[0m&amp#27;[32mUser clicks on Get Started button from Linked List panel&amp#27;[0m          &amp#27;[90m# StepDefinitions.LinkedList.user_clicks_on_get_started_button_from_linked_list_panel()&amp#27;[0m
  &amp#27;[32mGiven &amp#27;[0m&amp#27;[32mThe user is on the editor page of Creating Linked LIst page&amp#27;[0m     &amp#27;[90m# StepDefinitions.LinkedList.the_user_is_on_the_editor_page_of_creating_linked_l_ist_page()&amp#27;[0m
  &amp#27;[32mWhen &amp#27;[0m&amp#27;[32mThe user writes the invalid python code and clicks on Run button&amp#27;[0m &amp#27;[90m# StepDefinitions.Tree.the_user_writes_the_invalid_python_code_and_clicks_on_run_button()&amp#27;[0m
  &amp#27;[32mThen &amp#27;[0m&amp#27;[32mThe user see error msg in alert window&amp#27;[0m                           &amp#27;[90m# StepDefinitions.Tree.the_user_see_error_msg_in_alert_window()&amp#27;[0m
[INFO ] 2024-12-17 09:46:53.408 [TestNG-PoolService-3] Hooks - ======================  Test Execution is completed!! ======================
]]></system-out>
    <system-err><![CDATA[Dec 17, 2024 9:46:50 AM org.openqa.selenium.devtools.CdpVersionFinder findNearestMatch
WARNING: Unable to find an exact match for CDP version 131, returning the closest version; found: 130; Please update to a Selenium version that supports CDP version 131
]]></system-err>
  </testcase>
  <testcase name="runScenario[&quot;LL_Try Here Editor page with invalid data&quot;, &quot;Linked List&quot;](69)" classname="TestRunners.TestRunner" time="10.742">
    <failure message="Build info: version: &apos;4.26.0&apos;, revision: &apos;8ccf0219d7&apos;&#10;System info: os.name: &apos;Windows 11&apos;, os.arch: &apos;amd64&apos;, os.version: &apos;10.0&apos;, java.version: &apos;21.0.5&apos;&#10;Driver info: org.openqa.selenium.firefox.FirefoxDriver&#10;Command: [8a5f77b9-e19c-44a1-8c42-aa4e967c58c4, getAlertText {}]&#10;Capabilities {acceptInsecureCerts: true, browserName: firefox, browserVersion: 133.0.3, moz:accessibilityChecks: false, moz:buildID: 20241209150345, moz:debuggerAddress: 127.0.0.1:29096, moz:geckodriverVersion: 0.35.0, moz:headless: false, moz:platformVersion: 10.0, moz:processID: 44272, moz:profile: C:\Users\vamsh\AppData\Loca..., moz:shutdownTimeout: 60000, moz:webdriverClick: true, moz:windowless: false, pageLoadStrategy: normal, platformName: windows, proxy: Proxy(), se:cdp: ws://127.0.0.1:29096/devtoo..., se:cdpVersion: 85.0, setWindowRect: true, strictFileInteractability: false, timeouts: {implicit: 0, pageLoad: 300000, script: 30000}, unhandledPromptBehavior: dismiss and notify, userAgent: Mozilla/5.0 (Windows NT 10....}&#10;Session ID: 8a5f77b9-e19c-44a1-8c42-aa4e967c58c4" type="org.openqa.selenium.NoAlertPresentException"><![CDATA[org.openqa.selenium.NoAlertPresentException: 
Build info: version: '4.26.0', revision: '8ccf0219d7'
System info: os.name: 'Windows 11', os.arch: 'amd64', os.version: '10.0', java.version: '21.0.5'
Driver info: org.openqa.selenium.firefox.FirefoxDriver
Command: [8a5f77b9-e19c-44a1-8c42-aa4e967c58c4, getAlertText {}]
Capabilities {acceptInsecureCerts: true, browserName: firefox, browserVersion: 133.0.3, moz:accessibilityChecks: false, moz:buildID: 20241209150345, moz:debuggerAddress: 127.0.0.1:29096, moz:geckodriverVersion: 0.35.0, moz:headless: false, moz:platformVersion: 10.0, moz:processID: 44272, moz:profile: C:\Users\vamsh\AppData\Loca..., moz:shutdownTimeout: 60000, moz:webdriverClick: true, moz:windowless: false, pageLoadStrategy: normal, platformName: windows, proxy: Proxy(), se:cdp: ws://127.0.0.1:29096/devtoo..., se:cdpVersion: 85.0, setWindowRect: true, strictFileInteractability: false, timeouts: {implicit: 0, pageLoad: 300000, script: 30000}, unhandledPromptBehavior: dismiss and notify, userAgent: Mozilla/5.0 (Windows NT 10....}
Session ID: 8a5f77b9-e19c-44a1-8c42-aa4e967c58c4
]]></failure>
    <system-out><![CDATA[
Scenario: LL_Try Here Editor page with invalid data                     &amp#27;[90m# src/test/resources/Features/LinkedList.feature:58&amp#27;[0m
  &amp#27;[32mGiven &amp#27;[0m&amp#27;[32mThe user is on the DS Introduction page as signedIn&amp#27;[0m           &amp#27;[90m# StepDefinitions.DSIntroductionDetails.the_user_is_on_the_ds_introduction_page_as_signed_in()&amp#27;[0m
  &amp#27;[32mAnd &amp#27;[0m&amp#27;[32mUser clicks on Get Started button from Linked List panel&amp#27;[0m        &amp#27;[90m# StepDefinitions.LinkedList.user_clicks_on_get_started_button_from_linked_list_panel()&amp#27;[0m
  &amp#27;[32mGiven &amp#27;[0m&amp#27;[32mThe user is on the editor page of Creating Linked LIst page&amp#27;[0m   &amp#27;[90m# StepDefinitions.LinkedList.the_user_is_on_the_editor_page_of_creating_linked_l_ist_page()&amp#27;[0m
  &amp#27;[32mGiven &amp#27;[0m&amp#27;[32mThe user is on the DS Introduction page as signedIn&amp#27;[0m             &amp#27;[90m# StepDefinitions.DSIntroductionDetails.the_user_is_on_the_ds_introduction_page_as_signed_in()&amp#27;[0m
  &amp#27;[32mAnd &amp#27;[0m&amp#27;[32mUser clicks on Get Started button from Linked List panel&amp#27;[0m          &amp#27;[90m# StepDefinitions.LinkedList.user_clicks_on_get_started_button_from_linked_list_panel()&amp#27;[0m
  &amp#27;[32mGiven &amp#27;[0m&amp#27;[32mThe user is on the editor page of Creating Linked LIst page&amp#27;[0m     &amp#27;[90m# StepDefinitions.LinkedList.the_user_is_on_the_editor_page_of_creating_linked_l_ist_page()&amp#27;[0m
  &amp#27;[32mWhen &amp#27;[0m&amp#27;[32mThe user writes the invalid python code and clicks on Run button&amp#27;[0m &amp#27;[90m# StepDefinitions.Tree.the_user_writes_the_invalid_python_code_and_clicks_on_run_button()&amp#27;[0m
  &amp#27;[31mThen &amp#27;[0m&amp#27;[31mThe user see error msg in alert window&amp#27;[0m                           &amp#27;[90m# StepDefinitions.Tree.the_user_see_error_msg_in_alert_window()&amp#27;[0m
      &amp#27;[31morg.openqa.selenium.NoAlertPresentException: Build info: version: '4.26.0', revision: '8ccf0219d7'
System info: os.name: 'Windows 11', os.arch: 'amd64', os.version: '10.0', java.version: '21.0.5'
Driver info: org.openqa.selenium.firefox.FirefoxDriver
Command: [8a5f77b9-e19c-44a1-8c42-aa4e967c58c4, getAlertText {}]
Capabilities {acceptInsecureCerts: true, browserName: firefox, browserVersion: 133.0.3, moz:accessibilityChecks: false, moz:buildID: 20241209150345, moz:debuggerAddress: 127.0.0.1:29096, moz:geckodriverVersion: 0.35.0, moz:headless: false, moz:platformVersion: 10.0, moz:processID: 44272, moz:profile: C:\Users\vamsh\AppData\Loca..., moz:shutdownTimeout: 60000, moz:webdriverClick: true, moz:windowless: false, pageLoadStrategy: normal, platformName: windows, proxy: Proxy(), se:cdp: ws://127.0.0.1:29096/devtoo..., se:cdpVersion: 85.0, setWindowRect: true, strictFileInteractability: false, timeouts: {implicit: 0, pageLoad: 300000, script: 30000}, unhandledPromptBehavior: dismiss and notify, userAgent: Mozilla/5.0 (Windows NT 10....}
Session ID: 8a5f77b9-e19c-44a1-8c42-aa4e967c58c4
	at java.base/jdk.internal.reflect.DirectConstructorHandleAccessor.newInstance(DirectConstructorHandleAccessor.java:62)
	at java.base/java.lang.reflect.Constructor.newInstanceWithCaller(Constructor.java:502)
	at java.base/java.lang.reflect.Constructor.newInstance(Constructor.java:486)
	at org.openqa.selenium.remote.ErrorCodec.decode(ErrorCodec.java:167)
	at org.openqa.selenium.remote.codec.w3c.W3CHttpResponseCodec.decode(W3CHttpResponseCodec.java:138)
	at org.openqa.selenium.remote.codec.w3c.W3CHttpResponseCodec.decode(W3CHttpResponseCodec.java:50)
	at org.openqa.selenium.remote.HttpCommandExecutor.execute(HttpCommandExecutor.java:190)
	at org.openqa.selenium.remote.service.DriverCommandExecutor.invokeExecute(DriverCommandExecutor.java:216)
	at org.openqa.selenium.remote.service.DriverCommandExecutor.execute(DriverCommandExecutor.java:174)
	at org.openqa.selenium.remote.RemoteWebDriver.execute(RemoteWebDriver.java:545)
	at org.openqa.selenium.remote.RemoteWebDriver.execute(RemoteWebDriver.java:618)
	at org.openqa.selenium.remote.RemoteWebDriver.execute(RemoteWebDriver.java:622)
	at org.openqa.selenium.remote.RemoteWebDriver$RemoteTargetLocator.alert(RemoteWebDriver.java:1190)
	at PageObjects.IntroductionPage.getAlertText(IntroductionPage.java:134)
	at StepDefinitions.Tree.the_user_see_error_msg_in_alert_window(Tree.java:113)
	at ✽.The user see error msg in alert window(file:///C:/Projects/newFolder-3/Repo1/src/test/resources/Features/LinkedList.feature:61)
&amp#27;[0m
[ERROR] 2024-12-17 09:59:31.967 [TestNG-PoolService-2] Hooks - ======================  TEST CASE FAILED !! ======================

    Embedding screenshot [image/png 37860 bytes]

[INFO ] 2024-12-17 09:59:32.010 [TestNG-PoolService-2] Hooks - ======================  Screenshot is captured  ======================
[INFO ] 2024-12-17 09:59:32.013 [TestNG-PoolService-2] Hooks - ======================  Test Execution is completed!! ======================
]]></system-out>
  </testcase>
  <testcase name="runScenario[&quot;LL_Try Here Editor page with invalid data&quot;, &quot;Linked List&quot;](69)" classname="TestRunners.TestRunner" time="8.584">
    <system-out><![CDATA[
Scenario: LL_Try Here Editor page with invalid data                     &amp#27;[90m# src/test/resources/Features/LinkedList.feature:58&amp#27;[0m
  &amp#27;[32mGiven &amp#27;[0m&amp#27;[32mThe user is on the DS Introduction page as signedIn&amp#27;[0m           &amp#27;[90m# StepDefinitions.DSIntroductionDetails.the_user_is_on_the_ds_introduction_page_as_signed_in()&amp#27;[0m
  &amp#27;[32mAnd &amp#27;[0m&amp#27;[32mUser clicks on Get Started button from Linked List panel&amp#27;[0m        &amp#27;[90m# StepDefinitions.LinkedList.user_clicks_on_get_started_button_from_linked_list_panel()&amp#27;[0m
  &amp#27;[32mGiven &amp#27;[0m&amp#27;[32mThe user is on the DS Introduction page as signedIn&amp#27;[0m             &amp#27;[90m# StepDefinitions.DSIntroductionDetails.the_user_is_on_the_ds_introduction_page_as_signed_in()&amp#27;[0m
  &amp#27;[32mAnd &amp#27;[0m&amp#27;[32mUser clicks on Get Started button from Linked List panel&amp#27;[0m          &amp#27;[90m# StepDefinitions.LinkedList.user_clicks_on_get_started_button_from_linked_list_panel()&amp#27;[0m
  &amp#27;[32mGiven &amp#27;[0m&amp#27;[32mThe user is on the editor page of Creating Linked LIst page&amp#27;[0m   &amp#27;[90m# StepDefinitions.LinkedList.the_user_is_on_the_editor_page_of_creating_linked_l_ist_page()&amp#27;[0m
  &amp#27;[32mGiven &amp#27;[0m&amp#27;[32mThe user is on the editor page of Creating Linked LIst page&amp#27;[0m     &amp#27;[90m# StepDefinitions.LinkedList.the_user_is_on_the_editor_page_of_creating_linked_l_ist_page()&amp#27;[0m
  &amp#27;[32mWhen &amp#27;[0m&amp#27;[32mThe user writes the invalid python code and clicks on Run button&amp#27;[0m &amp#27;[90m# StepDefinitions.Tree.the_user_writes_the_invalid_python_code_and_clicks_on_run_button()&amp#27;[0m
  &amp#27;[32mThen &amp#27;[0m&amp#27;[32mThe user see error msg in alert window&amp#27;[0m                           &amp#27;[90m# StepDefinitions.Tree.the_user_see_error_msg_in_alert_window()&amp#27;[0m
[INFO ] 2024-12-17 10:15:25.306 [TestNG-PoolService-3] Hooks - ======================  Test Execution is completed!! ======================
]]></system-out>
    <system-err><![CDATA[Dec 17, 2024 10:15:20 AM org.openqa.selenium.devtools.CdpVersionFinder findNearestMatch
WARNING: Unable to find an exact match for CDP version 131, returning the closest version; found: 130; Please update to a Selenium version that supports CDP version 131
Dec 17, 2024 10:15:21 AM org.openqa.selenium.devtools.CdpVersionFinder findNearestMatch
WARNING: Unable to find an exact match for CDP version 131, returning the closest version; found: 130; Please update to a Selenium version that supports CDP version 131
]]></system-err>
  </testcase>
  <testcase name="runScenario[&quot;Linked List home page&quot;, &quot;Linked List&quot;](70)" classname="TestRunners.TestRunner" time="3.56">
    <system-out><![CDATA[
Scenario: Linked List home page                                &amp#27;[90m# src/test/resources/Features/LinkedList.feature:63&amp#27;[0m
  &amp#27;[32mGiven &amp#27;[0m&amp#27;[32mThe user is on the DS Introduction page as signedIn&amp#27;[0m    &amp#27;[90m# StepDefinitions.DSIntroductionDetails.the_user_is_on_the_ds_introduction_page_as_signed_in()&amp#27;[0m
  &amp#27;[32mAnd &amp#27;[0m&amp#27;[32mUser clicks on Get Started button from Linked List panel&amp#27;[0m &amp#27;[90m# StepDefinitions.LinkedList.user_clicks_on_get_started_button_from_linked_list_panel()&amp#27;[0m
  &amp#27;[32mGiven &amp#27;[0m&amp#27;[32mThe user is on the Creating Linked LIst page&amp#27;[0m           &amp#27;[90m# StepDefinitions.LinkedList.the_user_is_on_the_creating_linked_l_ist_page()&amp#27;[0m
  &amp#27;[32mWhen &amp#27;[0m&amp#27;[32mThe user clicks Types of Linked List link&amp#27;[0m               &amp#27;[90m# StepDefinitions.LinkedList.the_user_clicks_types_of_linked_list_link()&amp#27;[0m
  &amp#27;[32mThen &amp#27;[0m&amp#27;[32mThe user is directed to Types of Linked List page.&amp#27;[0m      &amp#27;[90m# StepDefinitions.LinkedList.the_user_is_directed_to_types_of_linked_list_page()&amp#27;[0m
[INFO ] 2024-12-17 09:46:56.955 [TestNG-PoolService-3] Hooks - ======================  Test Execution is completed!! ======================
]]></system-out>
    <system-err><![CDATA[Dec 17, 2024 9:46:54 AM org.openqa.selenium.devtools.CdpVersionFinder findNearestMatch
WARNING: Unable to find an exact match for CDP version 131, returning the closest version; found: 130; Please update to a Selenium version that supports CDP version 131
]]></system-err>
  </testcase>
  <testcase name="runScenario[&quot;Linked List home page&quot;, &quot;Linked List&quot;](70)" classname="TestRunners.TestRunner" time="5.979">
    <system-out><![CDATA[
Scenario: Linked List home page                                &amp#27;[90m# src/test/resources/Features/LinkedList.feature:63&amp#27;[0m
  &amp#27;[32mGiven &amp#27;[0m&amp#27;[32mThe user is on the DS Introduction page as signedIn&amp#27;[0m    &amp#27;[90m# StepDefinitions.DSIntroductionDetails.the_user_is_on_the_ds_introduction_page_as_signed_in()&amp#27;[0m
  &amp#27;[32mAnd &amp#27;[0m&amp#27;[32mUser clicks on Get Started button from Linked List panel&amp#27;[0m &amp#27;[90m# StepDefinitions.LinkedList.user_clicks_on_get_started_button_from_linked_list_panel()&amp#27;[0m
  &amp#27;[32mGiven &amp#27;[0m&amp#27;[32mThe user is on the Creating Linked LIst page&amp#27;[0m           &amp#27;[90m# StepDefinitions.LinkedList.the_user_is_on_the_creating_linked_l_ist_page()&amp#27;[0m
  &amp#27;[32mWhen &amp#27;[0m&amp#27;[32mThe user clicks Types of Linked List link&amp#27;[0m               &amp#27;[90m# StepDefinitions.LinkedList.the_user_clicks_types_of_linked_list_link()&amp#27;[0m
  &amp#27;[32mThen &amp#27;[0m&amp#27;[32mThe user is directed to Types of Linked List page.&amp#27;[0m      &amp#27;[90m# StepDefinitions.LinkedList.the_user_is_directed_to_types_of_linked_list_page()&amp#27;[0m
[INFO ] 2024-12-17 10:15:32.263 [TestNG-PoolService-3] Hooks - ======================  Test Execution is completed!! ======================
]]></system-out>
    <system-err><![CDATA[Dec 17, 2024 10:15:29 AM org.openqa.selenium.devtools.CdpVersionFinder findNearestMatch
WARNING: Unable to find an exact match for CDP version 131, returning the closest version; found: 130; Please update to a Selenium version that supports CDP version 131
]]></system-err>
  </testcase>
  <testcase name="runScenario[&quot;Types of Linked List&quot;, &quot;Linked List&quot;](71)" classname="TestRunners.TestRunner" time="4.573">
    <system-out><![CDATA[
Scenario: Types of Linked List                                       &amp#27;[90m# src/test/resources/Features/LinkedList.feature:68&amp#27;[0m
  &amp#27;[32mGiven &amp#27;[0m&amp#27;[32mThe user is on the DS Introduction page as signedIn&amp#27;[0m          &amp#27;[90m# StepDefinitions.DSIntroductionDetails.the_user_is_on_the_ds_introduction_page_as_signed_in()&amp#27;[0m
  &amp#27;[32mAnd &amp#27;[0m&amp#27;[32mUser clicks on Get Started button from Linked List panel&amp#27;[0m       &amp#27;[90m# StepDefinitions.LinkedList.user_clicks_on_get_started_button_from_linked_list_panel()&amp#27;[0m
  &amp#27;[32mGiven &amp#27;[0m&amp#27;[32mThe user is on the Types of Linked List page&amp#27;[0m                 &amp#27;[90m# StepDefinitions.LinkedList.the_user_is_on_the_types_of_linked_list_page()&amp#27;[0m
  &amp#27;[32mWhen &amp#27;[0m&amp#27;[32mThe user clicks Try Here button&amp#27;[0m                               &amp#27;[90m# StepDefinitions.Tree.the_user_clicks_try_here_button()&amp#27;[0m
  &amp#27;[32mThen &amp#27;[0m&amp#27;[32mThe user is redirected to a page having Editor and run button&amp#27;[0m &amp#27;[90m# StepDefinitions.Tree.the_user_is_redirected_to_a_page_having_editor_and_run_button()&amp#27;[0m
[INFO ] 2024-12-17 09:47:01.540 [TestNG-PoolService-3] Hooks - ======================  Test Execution is completed!! ======================
]]></system-out>
    <system-err><![CDATA[Dec 17, 2024 9:46:58 AM org.openqa.selenium.devtools.CdpVersionFinder findNearestMatch
WARNING: Unable to find an exact match for CDP version 131, returning the closest version; found: 130; Please update to a Selenium version that supports CDP version 131
]]></system-err>
  </testcase>
  <testcase name="runScenario[&quot;LL_Try Here Editor page with empty data&quot;, &quot;Linked List&quot;](72)" classname="TestRunners.TestRunner" time="3.992">
    <system-out><![CDATA[
Scenario: LL_Try Here Editor page with empty data                            &amp#27;[90m# src/test/resources/Features/LinkedList.feature:73&amp#27;[0m
  &amp#27;[32mGiven &amp#27;[0m&amp#27;[32mThe user is on the DS Introduction page as signedIn&amp#27;[0m                  &amp#27;[90m# StepDefinitions.DSIntroductionDetails.the_user_is_on_the_ds_introduction_page_as_signed_in()&amp#27;[0m
  &amp#27;[32mAnd &amp#27;[0m&amp#27;[32mUser clicks on Get Started button from Linked List panel&amp#27;[0m               &amp#27;[90m# StepDefinitions.LinkedList.user_clicks_on_get_started_button_from_linked_list_panel()&amp#27;[0m
  &amp#27;[32mGiven &amp#27;[0m&amp#27;[32mThe user is on the editor page of Types of Linked List page&amp#27;[0m          &amp#27;[90m# StepDefinitions.LinkedList.the_user_is_on_the_editor_page_of_types_of_linked_list_page()&amp#27;[0m
  &amp#27;[32mWhen &amp#27;[0m&amp#27;[32mThe user writes no code inside editor window and clicks on Run button&amp#27;[0m &amp#27;[90m# StepDefinitions.Tree.the_user_writes_no_code_inside_editor_window_and_clicks_on_run_button()&amp#27;[0m
  &amp#27;[32mThen &amp#27;[0m&amp#27;[32mNothing happens to the Editor page and no error message is displayed&amp#27;[0m  &amp#27;[90m# StepDefinitions.Tree.nothing_happens_to_the_editor_page_and_no_error_message_is_displayed()&amp#27;[0m
[INFO ] 2024-12-17 09:47:05.509 [TestNG-PoolService-3] Hooks - ======================  Test Execution is completed!! ======================
]]></system-out>
    <system-err><![CDATA[Dec 17, 2024 9:47:02 AM org.openqa.selenium.devtools.CdpVersionFinder findNearestMatch
WARNING: Unable to find an exact match for CDP version 131, returning the closest version; found: 130; Please update to a Selenium version that supports CDP version 131
]]></system-err>
  </testcase>
  <testcase name="runScenario[&quot;LL_Try Here Editor page with empty data&quot;, &quot;Linked List&quot;](72)" classname="TestRunners.TestRunner" time="9.548">
    <system-out><![CDATA[
Scenario: LL_Try Here Editor page with empty data                            &amp#27;[90m# src/test/resources/Features/LinkedList.feature:73&amp#27;[0m
  &amp#27;[32mGiven &amp#27;[0m&amp#27;[32mThe user is on the DS Introduction page as signedIn&amp#27;[0m                  &amp#27;[90m# StepDefinitions.DSIntroductionDetails.the_user_is_on_the_ds_introduction_page_as_signed_in()&amp#27;[0m
  &amp#27;[32mAnd &amp#27;[0m&amp#27;[32mUser clicks on Get Started button from Linked List panel&amp#27;[0m               &amp#27;[90m# StepDefinitions.LinkedList.user_clicks_on_get_started_button_from_linked_list_panel()&amp#27;[0m
  &amp#27;[32mGiven &amp#27;[0m&amp#27;[32mThe user is on the DS Introduction page as signedIn&amp#27;[0m          &amp#27;[90m# StepDefinitions.DSIntroductionDetails.the_user_is_on_the_ds_introduction_page_as_signed_in()&amp#27;[0m
  &amp#27;[32mAnd &amp#27;[0m&amp#27;[32mUser clicks on Get Started button from Linked List panel&amp#27;[0m       &amp#27;[90m# StepDefinitions.LinkedList.user_clicks_on_get_started_button_from_linked_list_panel()&amp#27;[0m
  &amp#27;[32mGiven &amp#27;[0m&amp#27;[32mThe user is on the Types of Linked List page&amp#27;[0m                 &amp#27;[90m# StepDefinitions.LinkedList.the_user_is_on_the_types_of_linked_list_page()&amp#27;[0m
  &amp#27;[32mGiven &amp#27;[0m&amp#27;[32mThe user is on the editor page of Types of Linked List page&amp#27;[0m          &amp#27;[90m# StepDefinitions.LinkedList.the_user_is_on_the_editor_page_of_types_of_linked_list_page()&amp#27;[0m
  &amp#27;[32mWhen &amp#27;[0m&amp#27;[32mThe user writes no code inside editor window and clicks on Run button&amp#27;[0m &amp#27;[90m# StepDefinitions.Tree.the_user_writes_no_code_inside_editor_window_and_clicks_on_run_button()&amp#27;[0m
  &amp#27;[32mThen &amp#27;[0m&amp#27;[32mNothing happens to the Editor page and no error message is displayed&amp#27;[0m  &amp#27;[90m# StepDefinitions.Tree.nothing_happens_to_the_editor_page_and_no_error_message_is_displayed()&amp#27;[0m
[INFO ] 2024-12-17 10:15:42.400 [TestNG-PoolService-2] Hooks - ======================  Test Execution is completed!! ======================
  &amp#27;[32mWhen &amp#27;[0m&amp#27;[32mThe user clicks Try Here button&amp#27;[0m                               &amp#27;[90m# StepDefinitions.Tree.the_user_clicks_try_here_button()&amp#27;[0m
  &amp#27;[32mThen &amp#27;[0m&amp#27;[32mThe user is redirected to a page having Editor and run button&amp#27;[0m &amp#27;[90m# StepDefinitions.Tree.the_user_is_redirected_to_a_page_having_editor_and_run_button()&amp#27;[0m
[INFO ] 2024-12-17 10:15:42.728 [TestNG-PoolService-3] Hooks - ======================  Test Execution is completed!! ======================
]]></system-out>
    <system-err><![CDATA[Dec 17, 2024 10:15:35 AM org.openqa.selenium.devtools.CdpVersionFinder findNearestMatch
WARNING: Unable to find an exact match for CDP version 131, returning the closest version; found: 130; Please update to a Selenium version that supports CDP version 131
Dec 17, 2024 10:15:36 AM org.openqa.selenium.devtools.CdpVersionFinder findNearestMatch
WARNING: Unable to find an exact match for CDP version 131, returning the closest version; found: 130; Please update to a Selenium version that supports CDP version 131
]]></system-err>
  </testcase>
  <testcase name="runScenario[&quot;LL_Try Here Editor page with valid data&quot;, &quot;Linked List&quot;](73)" classname="TestRunners.TestRunner" time="5.094">
    <system-out><![CDATA[
Scenario: LL_Try Here Editor page with valid data                     &amp#27;[90m# src/test/resources/Features/LinkedList.feature:78&amp#27;[0m
  &amp#27;[32mGiven &amp#27;[0m&amp#27;[32mThe user is on the DS Introduction page as signedIn&amp#27;[0m           &amp#27;[90m# StepDefinitions.DSIntroductionDetails.the_user_is_on_the_ds_introduction_page_as_signed_in()&amp#27;[0m
  &amp#27;[32mAnd &amp#27;[0m&amp#27;[32mUser clicks on Get Started button from Linked List panel&amp#27;[0m        &amp#27;[90m# StepDefinitions.LinkedList.user_clicks_on_get_started_button_from_linked_list_panel()&amp#27;[0m
  &amp#27;[32mGiven &amp#27;[0m&amp#27;[32mThe user is on the editor page of Types of Linked List page&amp#27;[0m   &amp#27;[90m# StepDefinitions.LinkedList.the_user_is_on_the_editor_page_of_types_of_linked_list_page()&amp#27;[0m
  &amp#27;[32mWhen &amp#27;[0m&amp#27;[32mThe user writes the valid python code and clicks on Run button&amp#27;[0m &amp#27;[90m# StepDefinitions.Tree.the_user_writes_the_valid_python_code_and_clicks_on_run_button()&amp#27;[0m
  &amp#27;[32mThen &amp#27;[0m&amp#27;[32mThe user is able to see the output inside the console.&amp#27;[0m         &amp#27;[90m# StepDefinitions.Tree.the_user_is_able_to_see_the_output_inside_the_console()&amp#27;[0m
[INFO ] 2024-12-17 09:47:10.602 [TestNG-PoolService-2] Hooks - ======================  Test Execution is completed!! ======================
]]></system-out>
    <system-err><![CDATA[Dec 17, 2024 9:47:06 AM org.openqa.selenium.devtools.CdpVersionFinder findNearestMatch
WARNING: Unable to find an exact match for CDP version 131, returning the closest version; found: 130; Please update to a Selenium version that supports CDP version 131
]]></system-err>
  </testcase>
  <testcase name="runScenario[&quot;LL_Try Here Editor page with invalid data&quot;, &quot;Linked List&quot;](74)" classname="TestRunners.TestRunner" time="4.877">
    <system-out><![CDATA[
Scenario: LL_Try Here Editor page with invalid data                     &amp#27;[90m# src/test/resources/Features/LinkedList.feature:83&amp#27;[0m
  &amp#27;[32mGiven &amp#27;[0m&amp#27;[32mThe user is on the DS Introduction page as signedIn&amp#27;[0m             &amp#27;[90m# StepDefinitions.DSIntroductionDetails.the_user_is_on_the_ds_introduction_page_as_signed_in()&amp#27;[0m
  &amp#27;[32mAnd &amp#27;[0m&amp#27;[32mUser clicks on Get Started button from Linked List panel&amp#27;[0m          &amp#27;[90m# StepDefinitions.LinkedList.user_clicks_on_get_started_button_from_linked_list_panel()&amp#27;[0m
  &amp#27;[32mGiven &amp#27;[0m&amp#27;[32mThe user is on the editor page of Types of Linked List page&amp#27;[0m     &amp#27;[90m# StepDefinitions.LinkedList.the_user_is_on_the_editor_page_of_types_of_linked_list_page()&amp#27;[0m
  &amp#27;[32mWhen &amp#27;[0m&amp#27;[32mThe user writes the invalid python code and clicks on Run button&amp#27;[0m &amp#27;[90m# StepDefinitions.Tree.the_user_writes_the_invalid_python_code_and_clicks_on_run_button()&amp#27;[0m
  &amp#27;[32mThen &amp#27;[0m&amp#27;[32mThe user see error msg in alert window&amp#27;[0m                           &amp#27;[90m# StepDefinitions.Tree.the_user_see_error_msg_in_alert_window()&amp#27;[0m
[INFO ] 2024-12-17 09:47:15.474 [TestNG-PoolService-2] Hooks - ======================  Test Execution is completed!! ======================
]]></system-out>
    <system-err><![CDATA[Dec 17, 2024 9:47:12 AM org.openqa.selenium.devtools.CdpVersionFinder findNearestMatch
WARNING: Unable to find an exact match for CDP version 131, returning the closest version; found: 130; Please update to a Selenium version that supports CDP version 131
]]></system-err>
  </testcase>
  <testcase name="runScenario[&quot;LL_Try Here Editor page with invalid data&quot;, &quot;Linked List&quot;](74)" classname="TestRunners.TestRunner" time="8.875">
    <system-out><![CDATA[
Scenario: LL_Try Here Editor page with invalid data                     &amp#27;[90m# src/test/resources/Features/LinkedList.feature:83&amp#27;[0m
  &amp#27;[32mGiven &amp#27;[0m&amp#27;[32mThe user is on the DS Introduction page as signedIn&amp#27;[0m           &amp#27;[90m# StepDefinitions.DSIntroductionDetails.the_user_is_on_the_ds_introduction_page_as_signed_in()&amp#27;[0m
  &amp#27;[32mAnd &amp#27;[0m&amp#27;[32mUser clicks on Get Started button from Linked List panel&amp#27;[0m        &amp#27;[90m# StepDefinitions.LinkedList.user_clicks_on_get_started_button_from_linked_list_panel()&amp#27;[0m
  &amp#27;[32mGiven &amp#27;[0m&amp#27;[32mThe user is on the editor page of Types of Linked List page&amp#27;[0m   &amp#27;[90m# StepDefinitions.LinkedList.the_user_is_on_the_editor_page_of_types_of_linked_list_page()&amp#27;[0m
  &amp#27;[32mGiven &amp#27;[0m&amp#27;[32mThe user is on the DS Introduction page as signedIn&amp#27;[0m             &amp#27;[90m# StepDefinitions.DSIntroductionDetails.the_user_is_on_the_ds_introduction_page_as_signed_in()&amp#27;[0m
  &amp#27;[32mAnd &amp#27;[0m&amp#27;[32mUser clicks on Get Started button from Linked List panel&amp#27;[0m          &amp#27;[90m# StepDefinitions.LinkedList.user_clicks_on_get_started_button_from_linked_list_panel()&amp#27;[0m
  &amp#27;[32mGiven &amp#27;[0m&amp#27;[32mThe user is on the editor page of Types of Linked List page&amp#27;[0m     &amp#27;[90m# StepDefinitions.LinkedList.the_user_is_on_the_editor_page_of_types_of_linked_list_page()&amp#27;[0m
  &amp#27;[32mWhen &amp#27;[0m&amp#27;[32mThe user writes the invalid python code and clicks on Run button&amp#27;[0m &amp#27;[90m# StepDefinitions.Tree.the_user_writes_the_invalid_python_code_and_clicks_on_run_button()&amp#27;[0m
  &amp#27;[32mThen &amp#27;[0m&amp#27;[32mThe user see error msg in alert window&amp#27;[0m                           &amp#27;[90m# StepDefinitions.Tree.the_user_see_error_msg_in_alert_window()&amp#27;[0m
[INFO ] 2024-12-17 09:59:58.826 [TestNG-PoolService-2] Hooks - ======================  Test Execution is completed!! ======================
]]></system-out>
  </testcase>
  <testcase name="runScenario[&quot;LL_Try Here Editor page with invalid data&quot;, &quot;Linked List&quot;](74)" classname="TestRunners.TestRunner" time="7.934">
    <system-out><![CDATA[
Scenario: LL_Try Here Editor page with invalid data                     &amp#27;[90m# src/test/resources/Features/LinkedList.feature:83&amp#27;[0m
  &amp#27;[32mGiven &amp#27;[0m&amp#27;[32mThe user is on the DS Introduction page as signedIn&amp#27;[0m           &amp#27;[90m# StepDefinitions.DSIntroductionDetails.the_user_is_on_the_ds_introduction_page_as_signed_in()&amp#27;[0m
  &amp#27;[32mGiven &amp#27;[0m&amp#27;[32mThe user is on the DS Introduction page as signedIn&amp#27;[0m             &amp#27;[90m# StepDefinitions.DSIntroductionDetails.the_user_is_on_the_ds_introduction_page_as_signed_in()&amp#27;[0m
  &amp#27;[32mAnd &amp#27;[0m&amp#27;[32mUser clicks on Get Started button from Linked List panel&amp#27;[0m        &amp#27;[90m# StepDefinitions.LinkedList.user_clicks_on_get_started_button_from_linked_list_panel()&amp#27;[0m
  &amp#27;[32mAnd &amp#27;[0m&amp#27;[32mUser clicks on Get Started button from Linked List panel&amp#27;[0m          &amp#27;[90m# StepDefinitions.LinkedList.user_clicks_on_get_started_button_from_linked_list_panel()&amp#27;[0m
  &amp#27;[32mGiven &amp#27;[0m&amp#27;[32mThe user is on the editor page of Types of Linked List page&amp#27;[0m   &amp#27;[90m# StepDefinitions.LinkedList.the_user_is_on_the_editor_page_of_types_of_linked_list_page()&amp#27;[0m
  &amp#27;[32mGiven &amp#27;[0m&amp#27;[32mThe user is on the editor page of Types of Linked List page&amp#27;[0m     &amp#27;[90m# StepDefinitions.LinkedList.the_user_is_on_the_editor_page_of_types_of_linked_list_page()&amp#27;[0m
  &amp#27;[32mWhen &amp#27;[0m&amp#27;[32mThe user writes the invalid python code and clicks on Run button&amp#27;[0m &amp#27;[90m# StepDefinitions.Tree.the_user_writes_the_invalid_python_code_and_clicks_on_run_button()&amp#27;[0m
  &amp#27;[32mThen &amp#27;[0m&amp#27;[32mThe user see error msg in alert window&amp#27;[0m                           &amp#27;[90m# StepDefinitions.Tree.the_user_see_error_msg_in_alert_window()&amp#27;[0m
[INFO ] 2024-12-17 10:15:50.641 [TestNG-PoolService-3] Hooks - ======================  Test Execution is completed!! ======================
]]></system-out>
    <system-err><![CDATA[Dec 17, 2024 10:15:46 AM org.openqa.selenium.devtools.CdpVersionFinder findNearestMatch
WARNING: Unable to find an exact match for CDP version 131, returning the closest version; found: 130; Please update to a Selenium version that supports CDP version 131
Dec 17, 2024 10:15:46 AM org.openqa.selenium.devtools.CdpVersionFinder findNearestMatch
WARNING: Unable to find an exact match for CDP version 131, returning the closest version; found: 130; Please update to a Selenium version that supports CDP version 131
]]></system-err>
  </testcase>
  <testcase name="runScenario[&quot;Linked List home page&quot;, &quot;Linked List&quot;](75)" classname="TestRunners.TestRunner" time="3.854">
    <system-out><![CDATA[
Scenario: Linked List home page                                        &amp#27;[90m# src/test/resources/Features/LinkedList.feature:88&amp#27;[0m
  &amp#27;[32mGiven &amp#27;[0m&amp#27;[32mThe user is on the DS Introduction page as signedIn&amp#27;[0m            &amp#27;[90m# StepDefinitions.DSIntroductionDetails.the_user_is_on_the_ds_introduction_page_as_signed_in()&amp#27;[0m
  &amp#27;[32mAnd &amp#27;[0m&amp#27;[32mUser clicks on Get Started button from Linked List panel&amp#27;[0m         &amp#27;[90m# StepDefinitions.LinkedList.user_clicks_on_get_started_button_from_linked_list_panel()&amp#27;[0m
  &amp#27;[32mGiven &amp#27;[0m&amp#27;[32mThe user is on the Types of Linked List page&amp#27;[0m                   &amp#27;[90m# StepDefinitions.LinkedList.the_user_is_on_the_types_of_linked_list_page()&amp#27;[0m
  &amp#27;[32mWhen &amp#27;[0m&amp#27;[32mThe user clicks Implement Linked List in Python link&amp#27;[0m            &amp#27;[90m# StepDefinitions.LinkedList.the_user_clicks_implement_linked_list_in_python_link()&amp#27;[0m
  &amp#27;[32mThen &amp#27;[0m&amp#27;[32mThe user is redirected to Implement Linked List in Python page.&amp#27;[0m &amp#27;[90m# StepDefinitions.LinkedList.the_user_is_redirected_to_implement_linked_list_in_python_page()&amp#27;[0m
[INFO ] 2024-12-17 09:47:19.366 [TestNG-PoolService-2] Hooks - ======================  Test Execution is completed!! ======================
]]></system-out>
    <system-err><![CDATA[Dec 17, 2024 9:47:16 AM org.openqa.selenium.devtools.CdpVersionFinder findNearestMatch
WARNING: Unable to find an exact match for CDP version 131, returning the closest version; found: 130; Please update to a Selenium version that supports CDP version 131
]]></system-err>
  </testcase>
  <testcase name="runScenario[&quot;LL_Try Here Editor page with valid data&quot;, &quot;Linked List&quot;](76)" classname="TestRunners.TestRunner" time="3.296">
    <system-out><![CDATA[
Scenario: Implement Linked List in Python                            &amp#27;[90m# src/test/resources/Features/LinkedList.feature:93&amp#27;[0m
  &amp#27;[32mGiven &amp#27;[0m&amp#27;[32mThe user is on the DS Introduction page as signedIn&amp#27;[0m          &amp#27;[90m# StepDefinitions.DSIntroductionDetails.the_user_is_on_the_ds_introduction_page_as_signed_in()&amp#27;[0m
  &amp#27;[32mWhen &amp#27;[0m&amp#27;[32mThe user writes the valid python code and clicks on Run button&amp#27;[0m &amp#27;[90m# StepDefinitions.Tree.the_user_writes_the_valid_python_code_and_clicks_on_run_button()&amp#27;[0m
  &amp#27;[32mThen &amp#27;[0m&amp#27;[32mThe user is able to see the output inside the console.&amp#27;[0m         &amp#27;[90m# StepDefinitions.Tree.the_user_is_able_to_see_the_output_inside_the_console()&amp#27;[0m
[INFO ] 2024-12-17 09:47:22.607 [TestNG-PoolService-1] Hooks - ======================  Test Execution is completed!! ======================
  &amp#27;[32mAnd &amp#27;[0m&amp#27;[32mUser clicks on Get Started button from Linked List panel&amp#27;[0m       &amp#27;[90m# StepDefinitions.LinkedList.user_clicks_on_get_started_button_from_linked_list_panel()&amp#27;[0m
]]></system-out>
    <system-err><![CDATA[Dec 17, 2024 9:47:20 AM org.openqa.selenium.devtools.CdpVersionFinder findNearestMatch
WARNING: Unable to find an exact match for CDP version 131, returning the closest version; found: 130; Please update to a Selenium version that supports CDP version 131
]]></system-err>
  </testcase>
  <testcase name="runScenario[&quot;Implement Linked List in Python&quot;, &quot;Linked List&quot;](77)" classname="TestRunners.TestRunner" time="1.117">
    <system-out><![CDATA[
Scenario: LL_Try Here Editor page with empty data                              &amp#27;[90m# src/test/resources/Features/LinkedList.feature:98&amp#27;[0m
  &amp#27;[32mGiven &amp#27;[0m&amp#27;[32mThe user is on the Implement Linked List in Python page&amp#27;[0m      &amp#27;[90m# StepDefinitions.LinkedList.the_user_is_on_the_implement_linked_list_in_python_page()&amp#27;[0m
  &amp#27;[32mWhen &amp#27;[0m&amp#27;[32mThe user clicks Try Here button&amp#27;[0m                               &amp#27;[90m# StepDefinitions.Tree.the_user_clicks_try_here_button()&amp#27;[0m
  &amp#27;[32mThen &amp#27;[0m&amp#27;[32mThe user is redirected to a page having Editor and run button&amp#27;[0m &amp#27;[90m# StepDefinitions.Tree.the_user_is_redirected_to_a_page_having_editor_and_run_button()&amp#27;[0m
[INFO ] 2024-12-17 09:47:23.720 [TestNG-PoolService-2] Hooks - ======================  Test Execution is completed!! ======================
]]></system-out>
    <system-err><![CDATA[Dec 17, 2024 9:47:23 AM org.openqa.selenium.devtools.CdpVersionFinder findNearestMatch
WARNING: Unable to find an exact match for CDP version 131, returning the closest version; found: 130; Please update to a Selenium version that supports CDP version 131
]]></system-err>
  </testcase>
  <testcase name="runScenario[&quot;Implement Linked List in Python&quot;, &quot;Linked List&quot;](77)" classname="TestRunners.TestRunner" time="3.465">
    <system-out><![CDATA[
Scenario: LL_Try Here Editor page with empty data                              &amp#27;[90m# src/test/resources/Features/LinkedList.feature:98&amp#27;[0m
  &amp#27;[32mGiven &amp#27;[0m&amp#27;[32mThe user is on the DS Introduction page as signedIn&amp#27;[0m          &amp#27;[90m# StepDefinitions.DSIntroductionDetails.the_user_is_on_the_ds_introduction_page_as_signed_in()&amp#27;[0m
  &amp#27;[32mAnd &amp#27;[0m&amp#27;[32mUser clicks on Get Started button from Linked List panel&amp#27;[0m       &amp#27;[90m# StepDefinitions.LinkedList.user_clicks_on_get_started_button_from_linked_list_panel()&amp#27;[0m
  &amp#27;[32mGiven &amp#27;[0m&amp#27;[32mThe user is on the Implement Linked List in Python page&amp#27;[0m      &amp#27;[90m# StepDefinitions.LinkedList.the_user_is_on_the_implement_linked_list_in_python_page()&amp#27;[0m
  &amp#27;[32mWhen &amp#27;[0m&amp#27;[32mThe user clicks Try Here button&amp#27;[0m                               &amp#27;[90m# StepDefinitions.Tree.the_user_clicks_try_here_button()&amp#27;[0m
  &amp#27;[32mThen &amp#27;[0m&amp#27;[32mThe user is redirected to a page having Editor and run button&amp#27;[0m &amp#27;[90m# StepDefinitions.Tree.the_user_is_redirected_to_a_page_having_editor_and_run_button()&amp#27;[0m
[INFO ] 2024-12-17 10:00:09.770 [TestNG-PoolService-3] Hooks - ======================  Test Execution is completed!! ======================
]]></system-out>
  </testcase>
  <testcase name="runScenario[&quot;Implement Linked List in Python&quot;, &quot;Linked List&quot;](77)" classname="TestRunners.TestRunner" time="5.606">
    <system-out><![CDATA[
Scenario: LL_Try Here Editor page with empty data                              &amp#27;[90m# src/test/resources/Features/LinkedList.feature:98&amp#27;[0m
  &amp#27;[32mGiven &amp#27;[0m&amp#27;[32mThe user is on the DS Introduction page as signedIn&amp#27;[0m          &amp#27;[90m# StepDefinitions.DSIntroductionDetails.the_user_is_on_the_ds_introduction_page_as_signed_in()&amp#27;[0m
  &amp#27;[32mAnd &amp#27;[0m&amp#27;[32mUser clicks on Get Started button from Linked List panel&amp#27;[0m       &amp#27;[90m# StepDefinitions.LinkedList.user_clicks_on_get_started_button_from_linked_list_panel()&amp#27;[0m
  &amp#27;[32mGiven &amp#27;[0m&amp#27;[32mThe user is on the Implement Linked List in Python page&amp#27;[0m      &amp#27;[90m# StepDefinitions.LinkedList.the_user_is_on_the_implement_linked_list_in_python_page()&amp#27;[0m
  &amp#27;[32mWhen &amp#27;[0m&amp#27;[32mThe user clicks Try Here button&amp#27;[0m                               &amp#27;[90m# StepDefinitions.Tree.the_user_clicks_try_here_button()&amp#27;[0m
  &amp#27;[32mThen &amp#27;[0m&amp#27;[32mThe user is redirected to a page having Editor and run button&amp#27;[0m &amp#27;[90m# StepDefinitions.Tree.the_user_is_redirected_to_a_page_having_editor_and_run_button()&amp#27;[0m
[INFO ] 2024-12-17 10:16:03.223 [TestNG-PoolService-1] Hooks - ======================  Test Execution is completed!! ======================
  &amp#27;[32mGiven &amp#27;[0m&amp#27;[32mThe user is on the DS Introduction page as signedIn&amp#27;[0m                    &amp#27;[90m# StepDefinitions.DSIntroductionDetails.the_user_is_on_the_ds_introduction_page_as_signed_in()&amp#27;[0m
]]></system-out>
    <system-err><![CDATA[Dec 17, 2024 10:15:59 AM org.openqa.selenium.devtools.CdpVersionFinder findNearestMatch
WARNING: Unable to find an exact match for CDP version 131, returning the closest version; found: 130; Please update to a Selenium version that supports CDP version 131
Dec 17, 2024 10:16:02 AM org.openqa.selenium.devtools.CdpVersionFinder findNearestMatch
WARNING: Unable to find an exact match for CDP version 131, returning the closest version; found: 130; Please update to a Selenium version that supports CDP version 131
]]></system-err>
  </testcase>
  <testcase name="runScenario[&quot;LL_Try Here Editor page with empty data&quot;, &quot;Linked List&quot;](78)" classname="TestRunners.TestRunner" time="3.695">
    <system-out><![CDATA[
Scenario: LL_Try Here Editor page with valid data                              &amp#27;[90m# src/test/resources/Features/LinkedList.feature:103&amp#27;[0m
  &amp#27;[32mGiven &amp#27;[0m&amp#27;[32mThe user is on the DS Introduction page as signedIn&amp#27;[0m                    &amp#27;[90m# StepDefinitions.DSIntroductionDetails.the_user_is_on_the_ds_introduction_page_as_signed_in()&amp#27;[0m
  &amp#27;[32mAnd &amp#27;[0m&amp#27;[32mUser clicks on Get Started button from Linked List panel&amp#27;[0m                 &amp#27;[90m# StepDefinitions.LinkedList.user_clicks_on_get_started_button_from_linked_list_panel()&amp#27;[0m
  &amp#27;[32mGiven &amp#27;[0m&amp#27;[32mThe user is on the DS Introduction page as signedIn&amp#27;[0m                    &amp#27;[90m# StepDefinitions.DSIntroductionDetails.the_user_is_on_the_ds_introduction_page_as_signed_in()&amp#27;[0m
  &amp#27;[32mGiven &amp#27;[0m&amp#27;[32mThe user is on the editor page of Implement Linked List in Python page&amp#27;[0m &amp#27;[90m# StepDefinitions.LinkedList.the_user_is_on_the_editor_page_of_implement_linked_list_in_python_page()&amp#27;[0m
  &amp#27;[32mAnd &amp#27;[0m&amp#27;[32mUser clicks on Get Started button from Linked List panel&amp#27;[0m                 &amp#27;[90m# StepDefinitions.LinkedList.user_clicks_on_get_started_button_from_linked_list_panel()&amp#27;[0m
  &amp#27;[32mWhen &amp#27;[0m&amp#27;[32mThe user writes no code inside editor window and clicks on Run button&amp#27;[0m   &amp#27;[90m# StepDefinitions.Tree.the_user_writes_no_code_inside_editor_window_and_clicks_on_run_button()&amp#27;[0m
  &amp#27;[32mThen &amp#27;[0m&amp#27;[32mNothing happens to the Editor page and no error message is displayed&amp#27;[0m    &amp#27;[90m# StepDefinitions.Tree.nothing_happens_to_the_editor_page_and_no_error_message_is_displayed()&amp#27;[0m
[INFO ] 2024-12-17 09:47:27.451 [TestNG-PoolService-1] Hooks - ======================  Test Execution is completed!! ======================
]]></system-out>
    <system-err><![CDATA[Dec 17, 2024 9:47:24 AM org.openqa.selenium.devtools.CdpVersionFinder findNearestMatch
WARNING: Unable to find an exact match for CDP version 131, returning the closest version; found: 130; Please update to a Selenium version that supports CDP version 131
]]></system-err>
  </testcase>
  <testcase name="runScenario[&quot;LL_Try Here Editor page with empty data&quot;, &quot;Linked List&quot;](78)" classname="TestRunners.TestRunner" time="6.753">
    <system-out><![CDATA[
Scenario: LL_Try Here Editor page with valid data                              &amp#27;[90m# src/test/resources/Features/LinkedList.feature:103&amp#27;[0m
  &amp#27;[32mGiven &amp#27;[0m&amp#27;[32mThe user is on the DS Introduction page as signedIn&amp#27;[0m                    &amp#27;[90m# StepDefinitions.DSIntroductionDetails.the_user_is_on_the_ds_introduction_page_as_signed_in()&amp#27;[0m
  &amp#27;[32mAnd &amp#27;[0m&amp#27;[32mUser clicks on Get Started button from Linked List panel&amp#27;[0m                 &amp#27;[90m# StepDefinitions.LinkedList.user_clicks_on_get_started_button_from_linked_list_panel()&amp#27;[0m
  &amp#27;[32mGiven &amp#27;[0m&amp#27;[32mThe user is on the editor page of Implement Linked List in Python page&amp#27;[0m &amp#27;[90m# StepDefinitions.LinkedList.the_user_is_on_the_editor_page_of_implement_linked_list_in_python_page()&amp#27;[0m
  &amp#27;[32mWhen &amp#27;[0m&amp#27;[32mThe user writes no code inside editor window and clicks on Run button&amp#27;[0m   &amp#27;[90m# StepDefinitions.Tree.the_user_writes_no_code_inside_editor_window_and_clicks_on_run_button()&amp#27;[0m
  &amp#27;[32mThen &amp#27;[0m&amp#27;[32mNothing happens to the Editor page and no error message is displayed&amp#27;[0m    &amp#27;[90m# StepDefinitions.Tree.nothing_happens_to_the_editor_page_and_no_error_message_is_displayed()&amp#27;[0m
[INFO ] 2024-12-17 10:00:16.000 [TestNG-PoolService-2] Hooks - ======================  Test Execution is completed!! ======================
]]></system-out>
  </testcase>
  <testcase name="runScenario[&quot;LL_Try Here Editor page with empty data&quot;, &quot;Linked List&quot;](78)" classname="TestRunners.TestRunner" time="2.469">
    <system-out><![CDATA[
Scenario: LL_Try Here Editor page with valid data                              &amp#27;[90m# src/test/resources/Features/LinkedList.feature:103&amp#27;[0m
  &amp#27;[32mAnd &amp#27;[0m&amp#27;[32mUser clicks on Get Started button from Linked List panel&amp#27;[0m                 &amp#27;[90m# StepDefinitions.LinkedList.user_clicks_on_get_started_button_from_linked_list_panel()&amp#27;[0m
  &amp#27;[32mGiven &amp#27;[0m&amp#27;[32mThe user is on the editor page of Implement Linked List in Python page&amp#27;[0m &amp#27;[90m# StepDefinitions.LinkedList.the_user_is_on_the_editor_page_of_implement_linked_list_in_python_page()&amp#27;[0m
  &amp#27;[32mWhen &amp#27;[0m&amp#27;[32mThe user writes no code inside editor window and clicks on Run button&amp#27;[0m   &amp#27;[90m# StepDefinitions.Tree.the_user_writes_no_code_inside_editor_window_and_clicks_on_run_button()&amp#27;[0m
  &amp#27;[32mThen &amp#27;[0m&amp#27;[32mNothing happens to the Editor page and no error message is displayed&amp#27;[0m    &amp#27;[90m# StepDefinitions.Tree.nothing_happens_to_the_editor_page_and_no_error_message_is_displayed()&amp#27;[0m
[INFO ] 2024-12-17 10:16:05.736 [TestNG-PoolService-3] Hooks - ======================  Test Execution is completed!! ======================
]]></system-out>
  </testcase>
  <testcase name="runScenario[&quot;LL_Try Here Editor page with invalid data&quot;, &quot;Linked List&quot;](79)" classname="TestRunners.TestRunner" time="4.17">
    <system-out><![CDATA[
Scenario: LL_Try Here Editor page with invalid data                            &amp#27;[90m# src/test/resources/Features/LinkedList.feature:108&amp#27;[0m
  &amp#27;[32mGiven &amp#27;[0m&amp#27;[32mThe user is on the editor page of Implement Linked List in Python page&amp#27;[0m &amp#27;[90m# StepDefinitions.LinkedList.the_user_is_on_the_editor_page_of_implement_linked_list_in_python_page()&amp#27;[0m
  &amp#27;[32mGiven &amp#27;[0m&amp#27;[32mThe user is on the DS Introduction page as signedIn&amp#27;[0m                    &amp#27;[90m# StepDefinitions.DSIntroductionDetails.the_user_is_on_the_ds_introduction_page_as_signed_in()&amp#27;[0m
  &amp#27;[32mAnd &amp#27;[0m&amp#27;[32mUser clicks on Get Started button from Linked List panel&amp#27;[0m                 &amp#27;[90m# StepDefinitions.LinkedList.user_clicks_on_get_started_button_from_linked_list_panel()&amp#27;[0m
  &amp#27;[32mGiven &amp#27;[0m&amp#27;[32mThe user is on the editor page of Implement Linked List in Python page&amp#27;[0m &amp#27;[90m# StepDefinitions.LinkedList.the_user_is_on_the_editor_page_of_implement_linked_list_in_python_page()&amp#27;[0m
  &amp#27;[32mWhen &amp#27;[0m&amp#27;[32mThe user writes the invalid python code and clicks on Run button&amp#27;[0m        &amp#27;[90m# StepDefinitions.Tree.the_user_writes_the_invalid_python_code_and_clicks_on_run_button()&amp#27;[0m
  &amp#27;[32mThen &amp#27;[0m&amp#27;[32mThe user see error msg in alert window&amp#27;[0m                                  &amp#27;[90m# StepDefinitions.Tree.the_user_see_error_msg_in_alert_window()&amp#27;[0m
[INFO ] 2024-12-17 09:47:31.613 [TestNG-PoolService-1] Hooks - ======================  Test Execution is completed!! ======================
]]></system-out>
    <system-err><![CDATA[Dec 17, 2024 9:47:28 AM org.openqa.selenium.devtools.CdpVersionFinder findNearestMatch
WARNING: Unable to find an exact match for CDP version 131, returning the closest version; found: 130; Please update to a Selenium version that supports CDP version 131
]]></system-err>
  </testcase>
  <testcase name="runScenario[&quot;LL_Try Here Editor page with invalid data&quot;, &quot;Linked List&quot;](79)" classname="TestRunners.TestRunner" time="8.243">
    <system-out><![CDATA[
Scenario: LL_Try Here Editor page with invalid data                            &amp#27;[90m# src/test/resources/Features/LinkedList.feature:108&amp#27;[0m
  &amp#27;[32mGiven &amp#27;[0m&amp#27;[32mThe user is on the DS Introduction page as signedIn&amp#27;[0m                    &amp#27;[90m# StepDefinitions.DSIntroductionDetails.the_user_is_on_the_ds_introduction_page_as_signed_in()&amp#27;[0m
  &amp#27;[32mAnd &amp#27;[0m&amp#27;[32mUser clicks on Get Started button from Linked List panel&amp#27;[0m                 &amp#27;[90m# StepDefinitions.LinkedList.user_clicks_on_get_started_button_from_linked_list_panel()&amp#27;[0m
  &amp#27;[32mGiven &amp#27;[0m&amp#27;[32mThe user is on the editor page of Implement Linked List in Python page&amp#27;[0m &amp#27;[90m# StepDefinitions.LinkedList.the_user_is_on_the_editor_page_of_implement_linked_list_in_python_page()&amp#27;[0m
  &amp#27;[32mGiven &amp#27;[0m&amp#27;[32mThe user is on the DS Introduction page as signedIn&amp#27;[0m                    &amp#27;[90m# StepDefinitions.DSIntroductionDetails.the_user_is_on_the_ds_introduction_page_as_signed_in()&amp#27;[0m
  &amp#27;[32mAnd &amp#27;[0m&amp#27;[32mUser clicks on Get Started button from Linked List panel&amp#27;[0m                 &amp#27;[90m# StepDefinitions.LinkedList.user_clicks_on_get_started_button_from_linked_list_panel()&amp#27;[0m
  &amp#27;[32mGiven &amp#27;[0m&amp#27;[32mThe user is on the editor page of Implement Linked List in Python page&amp#27;[0m &amp#27;[90m# StepDefinitions.LinkedList.the_user_is_on_the_editor_page_of_implement_linked_list_in_python_page()&amp#27;[0m
  &amp#27;[32mWhen &amp#27;[0m&amp#27;[32mThe user writes the invalid python code and clicks on Run button&amp#27;[0m        &amp#27;[90m# StepDefinitions.Tree.the_user_writes_the_invalid_python_code_and_clicks_on_run_button()&amp#27;[0m
  &amp#27;[32mThen &amp#27;[0m&amp#27;[32mThe user see error msg in alert window&amp#27;[0m                                  &amp#27;[90m# StepDefinitions.Tree.the_user_see_error_msg_in_alert_window()&amp#27;[0m
[INFO ] 2024-12-17 10:16:13.877 [TestNG-PoolService-3] Hooks - ======================  Test Execution is completed!! ======================
]]></system-out>
    <system-err><![CDATA[Dec 17, 2024 10:16:07 AM org.openqa.selenium.devtools.CdpVersionFinder findNearestMatch
WARNING: Unable to find an exact match for CDP version 131, returning the closest version; found: 130; Please update to a Selenium version that supports CDP version 131
Dec 17, 2024 10:16:10 AM org.openqa.selenium.devtools.CdpVersionFinder findNearestMatch
WARNING: Unable to find an exact match for CDP version 131, returning the closest version; found: 130; Please update to a Selenium version that supports CDP version 131
]]></system-err>
  </testcase>
  <testcase name="runScenario[&quot;Linked List home page&quot;, &quot;Linked List&quot;](80)" classname="TestRunners.TestRunner" time="3.641">
    <system-out><![CDATA[
Scenario: Linked List home page                                 &amp#27;[90m# src/test/resources/Features/LinkedList.feature:113&amp#27;[0m
  &amp#27;[32mGiven &amp#27;[0m&amp#27;[32mThe user is on the DS Introduction page as signedIn&amp#27;[0m     &amp#27;[90m# StepDefinitions.DSIntroductionDetails.the_user_is_on_the_ds_introduction_page_as_signed_in()&amp#27;[0m
  &amp#27;[32mAnd &amp#27;[0m&amp#27;[32mUser clicks on Get Started button from Linked List panel&amp#27;[0m  &amp#27;[90m# StepDefinitions.LinkedList.user_clicks_on_get_started_button_from_linked_list_panel()&amp#27;[0m
  &amp#27;[32mGiven &amp#27;[0m&amp#27;[32mThe user is on the Implement Linked List in Python page&amp#27;[0m &amp#27;[90m# StepDefinitions.LinkedList.the_user_is_on_the_implement_linked_list_in_python_page()&amp#27;[0m
  &amp#27;[32mWhen &amp#27;[0m&amp#27;[32mThe user clicks Traversal link&amp#27;[0m                           &amp#27;[90m# StepDefinitions.LinkedList.the_user_clicks_traversal_link()&amp#27;[0m
  &amp#27;[32mThen &amp#27;[0m&amp#27;[32mThe user is redirected to Traversal page.&amp#27;[0m                &amp#27;[90m# StepDefinitions.LinkedList.the_user_is_redirected_to_traversal_page()&amp#27;[0m
[INFO ] 2024-12-17 09:47:35.227 [TestNG-PoolService-1] Hooks - ======================  Test Execution is completed!! ======================
]]></system-out>
    <system-err><![CDATA[Dec 17, 2024 9:47:32 AM org.openqa.selenium.devtools.CdpVersionFinder findNearestMatch
WARNING: Unable to find an exact match for CDP version 131, returning the closest version; found: 130; Please update to a Selenium version that supports CDP version 131
]]></system-err>
  </testcase>
  <testcase name="runScenario[&quot;Traversal&quot;, &quot;Linked List&quot;](81)" classname="TestRunners.TestRunner" time="4.136">
    <system-out><![CDATA[
Scenario: Traversal                                                  &amp#27;[90m# src/test/resources/Features/LinkedList.feature:118&amp#27;[0m
  &amp#27;[32mGiven &amp#27;[0m&amp#27;[32mThe user is on the DS Introduction page as signedIn&amp#27;[0m          &amp#27;[90m# StepDefinitions.DSIntroductionDetails.the_user_is_on_the_ds_introduction_page_as_signed_in()&amp#27;[0m
  &amp#27;[32mAnd &amp#27;[0m&amp#27;[32mUser clicks on Get Started button from Linked List panel&amp#27;[0m       &amp#27;[90m# StepDefinitions.LinkedList.user_clicks_on_get_started_button_from_linked_list_panel()&amp#27;[0m
  &amp#27;[32mGiven &amp#27;[0m&amp#27;[32mThe user is on the Traversal page&amp#27;[0m                            &amp#27;[90m# StepDefinitions.LinkedList.the_user_is_on_the_traversal_page()&amp#27;[0m
  &amp#27;[32mWhen &amp#27;[0m&amp#27;[32mThe user clicks Try Here button&amp#27;[0m                               &amp#27;[90m# StepDefinitions.Tree.the_user_clicks_try_here_button()&amp#27;[0m
  &amp#27;[32mThen &amp#27;[0m&amp#27;[32mThe user is redirected to a page having Editor and run button&amp#27;[0m &amp#27;[90m# StepDefinitions.Tree.the_user_is_redirected_to_a_page_having_editor_and_run_button()&amp#27;[0m
[INFO ] 2024-12-17 09:47:39.412 [TestNG-PoolService-1] Hooks - ======================  Test Execution is completed!! ======================
]]></system-out>
    <system-err><![CDATA[Dec 17, 2024 9:47:36 AM org.openqa.selenium.devtools.CdpVersionFinder findNearestMatch
WARNING: Unable to find an exact match for CDP version 131, returning the closest version; found: 130; Please update to a Selenium version that supports CDP version 131
]]></system-err>
  </testcase>
  <testcase name="runScenario[&quot;LL_Try Here Editor page with valid data&quot;, &quot;Linked List&quot;](82)" classname="TestRunners.TestRunner" time="0.346">
    <system-out><![CDATA[
Scenario: LL_Try Here Editor page with empty data                            &amp#27;[90m# src/test/resources/Features/LinkedList.feature:123&amp#27;[0m
  &amp#27;[32mWhen &amp#27;[0m&amp#27;[32mThe user writes the valid python code and clicks on Run button&amp#27;[0m &amp#27;[90m# StepDefinitions.Tree.the_user_writes_the_valid_python_code_and_clicks_on_run_button()&amp#27;[0m
  &amp#27;[32mThen &amp#27;[0m&amp#27;[32mThe user is able to see the output inside the console.&amp#27;[0m         &amp#27;[90m# StepDefinitions.Tree.the_user_is_able_to_see_the_output_inside_the_console()&amp#27;[0m
[INFO ] 2024-12-17 09:47:39.731 [TestNG-PoolService-3] Hooks - ======================  Test Execution is completed!! ======================
]]></system-out>
  </testcase>
  <testcase name="runScenario[&quot;LL_Try Here Editor page with empty data&quot;, &quot;Linked List&quot;](83)" classname="TestRunners.TestRunner" time="4.163">
    <system-out><![CDATA[
Scenario: LL_Try Here Editor page with valid data                     &amp#27;[90m# src/test/resources/Features/LinkedList.feature:128&amp#27;[0m
  &amp#27;[32mGiven &amp#27;[0m&amp#27;[32mThe user is on the DS Introduction page as signedIn&amp#27;[0m                  &amp#27;[90m# StepDefinitions.DSIntroductionDetails.the_user_is_on_the_ds_introduction_page_as_signed_in()&amp#27;[0m
  &amp#27;[32mAnd &amp#27;[0m&amp#27;[32mUser clicks on Get Started button from Linked List panel&amp#27;[0m               &amp#27;[90m# StepDefinitions.LinkedList.user_clicks_on_get_started_button_from_linked_list_panel()&amp#27;[0m
  &amp#27;[32mGiven &amp#27;[0m&amp#27;[32mThe user is on the DS Introduction page as signedIn&amp#27;[0m           &amp#27;[90m# StepDefinitions.DSIntroductionDetails.the_user_is_on_the_ds_introduction_page_as_signed_in()&amp#27;[0m
  &amp#27;[32mAnd &amp#27;[0m&amp#27;[32mUser clicks on Get Started button from Linked List panel&amp#27;[0m        &amp#27;[90m# StepDefinitions.LinkedList.user_clicks_on_get_started_button_from_linked_list_panel()&amp#27;[0m
  &amp#27;[32mGiven &amp#27;[0m&amp#27;[32mThe user is on the editor page of Traversal page&amp#27;[0m                     &amp#27;[90m# StepDefinitions.LinkedList.the_user_is_on_the_editor_page_of_traversal_page()&amp#27;[0m
  &amp#27;[32mWhen &amp#27;[0m&amp#27;[32mThe user writes no code inside editor window and clicks on Run button&amp#27;[0m &amp#27;[90m# StepDefinitions.Tree.the_user_writes_no_code_inside_editor_window_and_clicks_on_run_button()&amp#27;[0m
  &amp#27;[32mThen &amp#27;[0m&amp#27;[32mNothing happens to the Editor page and no error message is displayed&amp#27;[0m  &amp#27;[90m# StepDefinitions.Tree.nothing_happens_to_the_editor_page_and_no_error_message_is_displayed()&amp#27;[0m
[INFO ] 2024-12-17 09:47:43.894 [TestNG-PoolService-1] Hooks - ======================  Test Execution is completed!! ======================
]]></system-out>
    <system-err><![CDATA[Dec 17, 2024 9:47:40 AM org.openqa.selenium.devtools.CdpVersionFinder findNearestMatch
WARNING: Unable to find an exact match for CDP version 131, returning the closest version; found: 130; Please update to a Selenium version that supports CDP version 131
Dec 17, 2024 9:47:41 AM org.openqa.selenium.devtools.CdpVersionFinder findNearestMatch
WARNING: Unable to find an exact match for CDP version 131, returning the closest version; found: 130; Please update to a Selenium version that supports CDP version 131
]]></system-err>
  </testcase>
  <testcase name="runScenario[&quot;LL_Try Here Editor page with empty data&quot;, &quot;Linked List&quot;](83)" classname="TestRunners.TestRunner" time="6.941">
    <system-out><![CDATA[
Scenario: LL_Try Here Editor page with valid data                     &amp#27;[90m# src/test/resources/Features/LinkedList.feature:128&amp#27;[0m
  &amp#27;[32mGiven &amp#27;[0m&amp#27;[32mThe user is on the DS Introduction page as signedIn&amp#27;[0m                  &amp#27;[90m# StepDefinitions.DSIntroductionDetails.the_user_is_on_the_ds_introduction_page_as_signed_in()&amp#27;[0m
  &amp#27;[32mAnd &amp#27;[0m&amp#27;[32mUser clicks on Get Started button from Linked List panel&amp#27;[0m               &amp#27;[90m# StepDefinitions.LinkedList.user_clicks_on_get_started_button_from_linked_list_panel()&amp#27;[0m
  &amp#27;[32mGiven &amp#27;[0m&amp#27;[32mThe user is on the editor page of Traversal page&amp#27;[0m                     &amp#27;[90m# StepDefinitions.LinkedList.the_user_is_on_the_editor_page_of_traversal_page()&amp#27;[0m
  &amp#27;[32mWhen &amp#27;[0m&amp#27;[32mThe user writes no code inside editor window and clicks on Run button&amp#27;[0m &amp#27;[90m# StepDefinitions.Tree.the_user_writes_no_code_inside_editor_window_and_clicks_on_run_button()&amp#27;[0m
  &amp#27;[32mThen &amp#27;[0m&amp#27;[32mNothing happens to the Editor page and no error message is displayed&amp#27;[0m  &amp#27;[90m# StepDefinitions.Tree.nothing_happens_to_the_editor_page_and_no_error_message_is_displayed()&amp#27;[0m
[INFO ] 2024-12-17 10:00:42.938 [TestNG-PoolService-1] Hooks - ======================  Test Execution is completed!! ======================
  &amp#27;[32mGiven &amp#27;[0m&amp#27;[32mThe user is on the DS Introduction page as signedIn&amp#27;[0m           &amp#27;[90m# StepDefinitions.DSIntroductionDetails.the_user_is_on_the_ds_introduction_page_as_signed_in()&amp#27;[0m
]]></system-out>
  </testcase>
  <testcase name="runScenario[&quot;LL_Try Here Editor page with empty data&quot;, &quot;Linked List&quot;](83)" classname="TestRunners.TestRunner" time="0.426">
    <system-out><![CDATA[
Scenario: LL_Try Here Editor page with valid data                     &amp#27;[90m# src/test/resources/Features/LinkedList.feature:128&amp#27;[0m
]]></system-out>
  </testcase>
  <testcase name="runScenario[&quot;LL_Try Here Editor page with invalid data&quot;, &quot;Linked List&quot;](84)" classname="TestRunners.TestRunner" time="4.159">
    <system-out><![CDATA[
Scenario: LL_Try Here Editor page with invalid data                     &amp#27;[90m# src/test/resources/Features/LinkedList.feature:133&amp#27;[0m
  &amp#27;[32mGiven &amp#27;[0m&amp#27;[32mThe user is on the editor page of Traversal page&amp#27;[0m              &amp#27;[90m# StepDefinitions.LinkedList.the_user_is_on_the_editor_page_of_traversal_page()&amp#27;[0m
  &amp#27;[32mGiven &amp#27;[0m&amp#27;[32mThe user is on the DS Introduction page as signedIn&amp#27;[0m             &amp#27;[90m# StepDefinitions.DSIntroductionDetails.the_user_is_on_the_ds_introduction_page_as_signed_in()&amp#27;[0m
  &amp#27;[32mAnd &amp#27;[0m&amp#27;[32mUser clicks on Get Started button from Linked List panel&amp#27;[0m          &amp#27;[90m# StepDefinitions.LinkedList.user_clicks_on_get_started_button_from_linked_list_panel()&amp#27;[0m
  &amp#27;[32mGiven &amp#27;[0m&amp#27;[32mThe user is on the editor page of Traversal page&amp#27;[0m                &amp#27;[90m# StepDefinitions.LinkedList.the_user_is_on_the_editor_page_of_traversal_page()&amp#27;[0m
  &amp#27;[32mWhen &amp#27;[0m&amp#27;[32mThe user writes the invalid python code and clicks on Run button&amp#27;[0m &amp#27;[90m# StepDefinitions.Tree.the_user_writes_the_invalid_python_code_and_clicks_on_run_button()&amp#27;[0m
  &amp#27;[32mThen &amp#27;[0m&amp#27;[32mThe user see error msg in alert window&amp#27;[0m                           &amp#27;[90m# StepDefinitions.Tree.the_user_see_error_msg_in_alert_window()&amp#27;[0m
[INFO ] 2024-12-17 09:47:48.063 [TestNG-PoolService-1] Hooks - ======================  Test Execution is completed!! ======================
]]></system-out>
    <system-err><![CDATA[Dec 17, 2024 9:47:45 AM org.openqa.selenium.devtools.CdpVersionFinder findNearestMatch
WARNING: Unable to find an exact match for CDP version 131, returning the closest version; found: 130; Please update to a Selenium version that supports CDP version 131
]]></system-err>
  </testcase>
  <testcase name="runScenario[&quot;LL_Try Here Editor page with invalid data&quot;, &quot;Linked List&quot;](84)" classname="TestRunners.TestRunner" time="8.455">
    <system-out><![CDATA[
Scenario: LL_Try Here Editor page with invalid data                     &amp#27;[90m# src/test/resources/Features/LinkedList.feature:133&amp#27;[0m
  &amp#27;[32mGiven &amp#27;[0m&amp#27;[32mThe user is on the DS Introduction page as signedIn&amp#27;[0m           &amp#27;[90m# StepDefinitions.DSIntroductionDetails.the_user_is_on_the_ds_introduction_page_as_signed_in()&amp#27;[0m
  &amp#27;[32mAnd &amp#27;[0m&amp#27;[32mUser clicks on Get Started button from Linked List panel&amp#27;[0m        &amp#27;[90m# StepDefinitions.LinkedList.user_clicks_on_get_started_button_from_linked_list_panel()&amp#27;[0m
  &amp#27;[32mGiven &amp#27;[0m&amp#27;[32mThe user is on the DS Introduction page as signedIn&amp#27;[0m             &amp#27;[90m# StepDefinitions.DSIntroductionDetails.the_user_is_on_the_ds_introduction_page_as_signed_in()&amp#27;[0m
  &amp#27;[32mAnd &amp#27;[0m&amp#27;[32mUser clicks on Get Started button from Linked List panel&amp#27;[0m          &amp#27;[90m# StepDefinitions.LinkedList.user_clicks_on_get_started_button_from_linked_list_panel()&amp#27;[0m
  &amp#27;[32mGiven &amp#27;[0m&amp#27;[32mThe user is on the editor page of Traversal page&amp#27;[0m              &amp#27;[90m# StepDefinitions.LinkedList.the_user_is_on_the_editor_page_of_traversal_page()&amp#27;[0m
  &amp#27;[32mGiven &amp#27;[0m&amp#27;[32mThe user is on the editor page of Traversal page&amp#27;[0m                &amp#27;[90m# StepDefinitions.LinkedList.the_user_is_on_the_editor_page_of_traversal_page()&amp#27;[0m
  &amp#27;[32mWhen &amp#27;[0m&amp#27;[32mThe user writes the invalid python code and clicks on Run button&amp#27;[0m &amp#27;[90m# StepDefinitions.Tree.the_user_writes_the_invalid_python_code_and_clicks_on_run_button()&amp#27;[0m
  &amp#27;[32mThen &amp#27;[0m&amp#27;[32mThe user see error msg in alert window&amp#27;[0m                           &amp#27;[90m# StepDefinitions.Tree.the_user_see_error_msg_in_alert_window()&amp#27;[0m
[INFO ] 2024-12-17 10:16:38.929 [TestNG-PoolService-3] Hooks - ======================  Test Execution is completed!! ======================
]]></system-out>
    <system-err><![CDATA[Dec 17, 2024 10:16:33 AM org.openqa.selenium.devtools.CdpVersionFinder findNearestMatch
WARNING: Unable to find an exact match for CDP version 131, returning the closest version; found: 130; Please update to a Selenium version that supports CDP version 131
Dec 17, 2024 10:16:34 AM org.openqa.selenium.devtools.CdpVersionFinder findNearestMatch
WARNING: Unable to find an exact match for CDP version 131, returning the closest version; found: 130; Please update to a Selenium version that supports CDP version 131
]]></system-err>
  </testcase>
  <testcase name="runScenario[&quot;Linked List home page&quot;, &quot;Linked List&quot;](85)" classname="TestRunners.TestRunner" time="3.735">
    <system-out><![CDATA[
Scenario: Linked List home page                                &amp#27;[90m# src/test/resources/Features/LinkedList.feature:138&amp#27;[0m
  &amp#27;[32mGiven &amp#27;[0m&amp#27;[32mThe user is on the DS Introduction page as signedIn&amp#27;[0m    &amp#27;[90m# StepDefinitions.DSIntroductionDetails.the_user_is_on_the_ds_introduction_page_as_signed_in()&amp#27;[0m
  &amp#27;[32mAnd &amp#27;[0m&amp#27;[32mUser clicks on Get Started button from Linked List panel&amp#27;[0m &amp#27;[90m# StepDefinitions.LinkedList.user_clicks_on_get_started_button_from_linked_list_panel()&amp#27;[0m
  &amp#27;[32mGiven &amp#27;[0m&amp#27;[32mThe user is on the Traversal page&amp#27;[0m                      &amp#27;[90m# StepDefinitions.LinkedList.the_user_is_on_the_traversal_page()&amp#27;[0m
  &amp#27;[32mWhen &amp#27;[0m&amp#27;[32mThe user clicks Insertion link&amp#27;[0m                          &amp#27;[90m# StepDefinitions.LinkedList.the_user_clicks_insertion_link()&amp#27;[0m
  &amp#27;[32mThen &amp#27;[0m&amp#27;[32mThe user is redirected to Insertion page.&amp#27;[0m               &amp#27;[90m# StepDefinitions.LinkedList.the_user_is_redirected_to_insertion_page()&amp#27;[0m
[INFO ] 2024-12-17 09:47:51.782 [TestNG-PoolService-1] Hooks - ======================  Test Execution is completed!! ======================
]]></system-out>
    <system-err><![CDATA[Dec 17, 2024 9:47:49 AM org.openqa.selenium.devtools.CdpVersionFinder findNearestMatch
WARNING: Unable to find an exact match for CDP version 131, returning the closest version; found: 130; Please update to a Selenium version that supports CDP version 131
]]></system-err>
  </testcase>
  <testcase name="runScenario[&quot;Insertion&quot;, &quot;Linked List&quot;](86)" classname="TestRunners.TestRunner" time="4.049">
    <system-out><![CDATA[
Scenario: Insertion                                                  &amp#27;[90m# src/test/resources/Features/LinkedList.feature:143&amp#27;[0m
  &amp#27;[32mGiven &amp#27;[0m&amp#27;[32mThe user is on the DS Introduction page as signedIn&amp#27;[0m          &amp#27;[90m# StepDefinitions.DSIntroductionDetails.the_user_is_on_the_ds_introduction_page_as_signed_in()&amp#27;[0m
  &amp#27;[32mAnd &amp#27;[0m&amp#27;[32mUser clicks on Get Started button from Linked List panel&amp#27;[0m       &amp#27;[90m# StepDefinitions.LinkedList.user_clicks_on_get_started_button_from_linked_list_panel()&amp#27;[0m
  &amp#27;[32mGiven &amp#27;[0m&amp#27;[32mThe user is on the Insertion page&amp#27;[0m                            &amp#27;[90m# StepDefinitions.LinkedList.the_user_is_on_the_insertion_page()&amp#27;[0m
  &amp#27;[32mWhen &amp#27;[0m&amp#27;[32mThe user clicks Try Here button&amp#27;[0m                               &amp#27;[90m# StepDefinitions.Tree.the_user_clicks_try_here_button()&amp#27;[0m
  &amp#27;[32mThen &amp#27;[0m&amp#27;[32mThe user is redirected to a page having Editor and run button&amp#27;[0m &amp#27;[90m# StepDefinitions.Tree.the_user_is_redirected_to_a_page_having_editor_and_run_button()&amp#27;[0m
[INFO ] 2024-12-17 09:47:55.872 [TestNG-PoolService-1] Hooks - ======================  Test Execution is completed!! ======================
]]></system-out>
    <system-err><![CDATA[Dec 17, 2024 9:47:52 AM org.openqa.selenium.devtools.CdpVersionFinder findNearestMatch
WARNING: Unable to find an exact match for CDP version 131, returning the closest version; found: 130; Please update to a Selenium version that supports CDP version 131
]]></system-err>
  </testcase>
  <testcase name="runScenario[&quot;LL_Try Here Editor page with valid data&quot;, &quot;Linked List&quot;](87)" classname="TestRunners.TestRunner" time="2.82">
    <system-out><![CDATA[
Scenario: LL_Try Here Editor page with empty data                            &amp#27;[90m# src/test/resources/Features/LinkedList.feature:148&amp#27;[0m
  &amp#27;[32mGiven &amp#27;[0m&amp#27;[32mThe user is on the DS Introduction page as signedIn&amp#27;[0m                  &amp#27;[90m# StepDefinitions.DSIntroductionDetails.the_user_is_on_the_ds_introduction_page_as_signed_in()&amp#27;[0m
  &amp#27;[32mWhen &amp#27;[0m&amp#27;[32mThe user writes the valid python code and clicks on Run button&amp#27;[0m          &amp#27;[90m# StepDefinitions.Tree.the_user_writes_the_valid_python_code_and_clicks_on_run_button()&amp#27;[0m
  &amp#27;[32mThen &amp#27;[0m&amp#27;[32mThe user is able to see the output inside the console.&amp#27;[0m                  &amp#27;[90m# StepDefinitions.Tree.the_user_is_able_to_see_the_output_inside_the_console()&amp#27;[0m
[INFO ] 2024-12-17 09:47:58.649 [TestNG-PoolService-2] Hooks - ======================  Test Execution is completed!! ======================
]]></system-out>
    <system-err><![CDATA[Dec 17, 2024 9:47:56 AM org.openqa.selenium.devtools.CdpVersionFinder findNearestMatch
WARNING: Unable to find an exact match for CDP version 131, returning the closest version; found: 130; Please update to a Selenium version that supports CDP version 131
]]></system-err>
  </testcase>
  <testcase name="runScenario[&quot;LL_Try Here Editor page with empty data&quot;, &quot;Linked List&quot;](88)" classname="TestRunners.TestRunner" time="1.45">
    <system-out><![CDATA[  &amp#27;[32mAnd &amp#27;[0m&amp#27;[32mUser clicks on Get Started button from Linked List panel&amp#27;[0m               &amp#27;[90m# StepDefinitions.LinkedList.user_clicks_on_get_started_button_from_linked_list_panel()&amp#27;[0m

Scenario: LL_Try Here Editor page with valid data                     &amp#27;[90m# src/test/resources/Features/LinkedList.feature:153&amp#27;[0m
  &amp#27;[32mGiven &amp#27;[0m&amp#27;[32mThe user is on the editor page of Insertion page&amp#27;[0m                     &amp#27;[90m# StepDefinitions.LinkedList.the_user_is_on_the_editor_page_of_insertion_page()&amp#27;[0m
  &amp#27;[32mWhen &amp#27;[0m&amp#27;[32mThe user writes no code inside editor window and clicks on Run button&amp#27;[0m &amp#27;[90m# StepDefinitions.Tree.the_user_writes_no_code_inside_editor_window_and_clicks_on_run_button()&amp#27;[0m
  &amp#27;[32mThen &amp#27;[0m&amp#27;[32mNothing happens to the Editor page and no error message is displayed&amp#27;[0m  &amp#27;[90m# StepDefinitions.Tree.nothing_happens_to_the_editor_page_and_no_error_message_is_displayed()&amp#27;[0m
[INFO ] 2024-12-17 09:48:00.068 [TestNG-PoolService-1] Hooks - ======================  Test Execution is completed!! ======================
]]></system-out>
    <system-err><![CDATA[Dec 17, 2024 9:47:59 AM org.openqa.selenium.devtools.CdpVersionFinder findNearestMatch
WARNING: Unable to find an exact match for CDP version 131, returning the closest version; found: 130; Please update to a Selenium version that supports CDP version 131
]]></system-err>
  </testcase>
  <testcase name="runScenario[&quot;LL_Try Here Editor page with empty data&quot;, &quot;Linked List&quot;](88)" classname="TestRunners.TestRunner" time="8.662">
    <system-out><![CDATA[
Scenario: LL_Try Here Editor page with valid data                     &amp#27;[90m# src/test/resources/Features/LinkedList.feature:153&amp#27;[0m
  &amp#27;[32mGiven &amp#27;[0m&amp#27;[32mThe user is on the DS Introduction page as signedIn&amp#27;[0m                  &amp#27;[90m# StepDefinitions.DSIntroductionDetails.the_user_is_on_the_ds_introduction_page_as_signed_in()&amp#27;[0m
  &amp#27;[32mAnd &amp#27;[0m&amp#27;[32mUser clicks on Get Started button from Linked List panel&amp#27;[0m               &amp#27;[90m# StepDefinitions.LinkedList.user_clicks_on_get_started_button_from_linked_list_panel()&amp#27;[0m
  &amp#27;[32mGiven &amp#27;[0m&amp#27;[32mThe user is on the editor page of Insertion page&amp#27;[0m                     &amp#27;[90m# StepDefinitions.LinkedList.the_user_is_on_the_editor_page_of_insertion_page()&amp#27;[0m
  &amp#27;[32mWhen &amp#27;[0m&amp#27;[32mThe user writes no code inside editor window and clicks on Run button&amp#27;[0m &amp#27;[90m# StepDefinitions.Tree.the_user_writes_no_code_inside_editor_window_and_clicks_on_run_button()&amp#27;[0m
  &amp#27;[32mThen &amp#27;[0m&amp#27;[32mNothing happens to the Editor page and no error message is displayed&amp#27;[0m  &amp#27;[90m# StepDefinitions.Tree.nothing_happens_to_the_editor_page_and_no_error_message_is_displayed()&amp#27;[0m
[INFO ] 2024-12-17 10:01:13.190 [TestNG-PoolService-3] Hooks - ======================  Test Execution is completed!! ======================
  &amp#27;[32mGiven &amp#27;[0m&amp#27;[32mThe user is on the DS Introduction page as signedIn&amp#27;[0m           &amp#27;[90m# StepDefinitions.DSIntroductionDetails.the_user_is_on_the_ds_introduction_page_as_signed_in()&amp#27;[0m
  &amp#27;[32mAnd &amp#27;[0m&amp#27;[32mUser clicks on Get Started button from Linked List panel&amp#27;[0m        &amp#27;[90m# StepDefinitions.LinkedList.user_clicks_on_get_started_button_from_linked_list_panel()&amp#27;[0m
]]></system-out>
  </testcase>
  <testcase name="runScenario[&quot;LL_Try Here Editor page with empty data&quot;, &quot;Linked List&quot;](88)" classname="TestRunners.TestRunner" time="6.247">
    <system-out><![CDATA[
Scenario: LL_Try Here Editor page with valid data                     &amp#27;[90m# src/test/resources/Features/LinkedList.feature:153&amp#27;[0m
  &amp#27;[32mGiven &amp#27;[0m&amp#27;[32mThe user is on the DS Introduction page as signedIn&amp#27;[0m                  &amp#27;[90m# StepDefinitions.DSIntroductionDetails.the_user_is_on_the_ds_introduction_page_as_signed_in()&amp#27;[0m
  &amp#27;[32mAnd &amp#27;[0m&amp#27;[32mUser clicks on Get Started button from Linked List panel&amp#27;[0m               &amp#27;[90m# StepDefinitions.LinkedList.user_clicks_on_get_started_button_from_linked_list_panel()&amp#27;[0m
  &amp#27;[32mGiven &amp#27;[0m&amp#27;[32mThe user is on the editor page of Insertion page&amp#27;[0m                     &amp#27;[90m# StepDefinitions.LinkedList.the_user_is_on_the_editor_page_of_insertion_page()&amp#27;[0m
  &amp#27;[32mWhen &amp#27;[0m&amp#27;[32mThe user writes no code inside editor window and clicks on Run button&amp#27;[0m &amp#27;[90m# StepDefinitions.Tree.the_user_writes_no_code_inside_editor_window_and_clicks_on_run_button()&amp#27;[0m
  &amp#27;[32mThen &amp#27;[0m&amp#27;[32mNothing happens to the Editor page and no error message is displayed&amp#27;[0m  &amp#27;[90m# StepDefinitions.Tree.nothing_happens_to_the_editor_page_and_no_error_message_is_displayed()&amp#27;[0m
[INFO ] 2024-12-17 10:16:56.216 [TestNG-PoolService-3] Hooks - ======================  Test Execution is completed!! ======================
  &amp#27;[32mGiven &amp#27;[0m&amp#27;[32mThe user is on the DS Introduction page as signedIn&amp#27;[0m           &amp#27;[90m# StepDefinitions.DSIntroductionDetails.the_user_is_on_the_ds_introduction_page_as_signed_in()&amp#27;[0m
  &amp#27;[32mAnd &amp#27;[0m&amp#27;[32mUser clicks on Get Started button from Linked List panel&amp#27;[0m        &amp#27;[90m# StepDefinitions.LinkedList.user_clicks_on_get_started_button_from_linked_list_panel()&amp#27;[0m
]]></system-out>
    <system-err><![CDATA[Dec 17, 2024 10:16:51 AM org.openqa.selenium.devtools.CdpVersionFinder findNearestMatch
WARNING: Unable to find an exact match for CDP version 131, returning the closest version; found: 130; Please update to a Selenium version that supports CDP version 131
Dec 17, 2024 10:16:54 AM org.openqa.selenium.devtools.CdpVersionFinder findNearestMatch
WARNING: Unable to find an exact match for CDP version 131, returning the closest version; found: 130; Please update to a Selenium version that supports CDP version 131
]]></system-err>
  </testcase>
  <testcase name="runScenario[&quot;LL_Try Here Editor page with invalid data&quot;, &quot;Linked List&quot;](89)" classname="TestRunners.TestRunner" time="7.664">
    <system-out><![CDATA[
Scenario: LL_Try Here Editor page with invalid data                     &amp#27;[90m# src/test/resources/Features/LinkedList.feature:158&amp#27;[0m
  &amp#27;[32mGiven &amp#27;[0m&amp#27;[32mThe user is on the DS Introduction page as signedIn&amp#27;[0m           &amp#27;[90m# StepDefinitions.DSIntroductionDetails.the_user_is_on_the_ds_introduction_page_as_signed_in()&amp#27;[0m
  &amp#27;[32mAnd &amp#27;[0m&amp#27;[32mUser clicks on Get Started button from Linked List panel&amp#27;[0m        &amp#27;[90m# StepDefinitions.LinkedList.user_clicks_on_get_started_button_from_linked_list_panel()&amp#27;[0m
  &amp#27;[32mGiven &amp#27;[0m&amp#27;[32mThe user is on the editor page of Insertion page&amp#27;[0m              &amp#27;[90m# StepDefinitions.LinkedList.the_user_is_on_the_editor_page_of_insertion_page()&amp#27;[0m
  &amp#27;[32mGiven &amp#27;[0m&amp#27;[32mThe user is on the DS Introduction page as signedIn&amp#27;[0m             &amp#27;[90m# StepDefinitions.DSIntroductionDetails.the_user_is_on_the_ds_introduction_page_as_signed_in()&amp#27;[0m
  &amp#27;[32mAnd &amp#27;[0m&amp#27;[32mUser clicks on Get Started button from Linked List panel&amp#27;[0m          &amp#27;[90m# StepDefinitions.LinkedList.user_clicks_on_get_started_button_from_linked_list_panel()&amp#27;[0m
  &amp#27;[32mGiven &amp#27;[0m&amp#27;[32mThe user is on the editor page of Insertion page&amp#27;[0m                &amp#27;[90m# StepDefinitions.LinkedList.the_user_is_on_the_editor_page_of_insertion_page()&amp#27;[0m
  &amp#27;[32mWhen &amp#27;[0m&amp#27;[32mThe user writes the invalid python code and clicks on Run button&amp#27;[0m &amp#27;[90m# StepDefinitions.Tree.the_user_writes_the_invalid_python_code_and_clicks_on_run_button()&amp#27;[0m
  &amp#27;[32mThen &amp#27;[0m&amp#27;[32mThe user see error msg in alert window&amp#27;[0m                           &amp#27;[90m# StepDefinitions.Tree.the_user_see_error_msg_in_alert_window()&amp#27;[0m
[INFO ] 2024-12-17 09:48:07.737 [TestNG-PoolService-1] Hooks - ======================  Test Execution is completed!! ======================
]]></system-out>
    <system-err><![CDATA[Dec 17, 2024 9:48:01 AM org.openqa.selenium.devtools.CdpVersionFinder findNearestMatch
WARNING: Unable to find an exact match for CDP version 131, returning the closest version; found: 130; Please update to a Selenium version that supports CDP version 131
]]></system-err>
  </testcase>
  <testcase name="runScenario[&quot;LL_Try Here Editor page with invalid data&quot;, &quot;Linked List&quot;](89)" classname="TestRunners.TestRunner" time="8.278">
    <system-out><![CDATA[
Scenario: LL_Try Here Editor page with invalid data                     &amp#27;[90m# src/test/resources/Features/LinkedList.feature:158&amp#27;[0m
  &amp#27;[32mGiven &amp#27;[0m&amp#27;[32mThe user is on the editor page of Insertion page&amp#27;[0m              &amp#27;[90m# StepDefinitions.LinkedList.the_user_is_on_the_editor_page_of_insertion_page()&amp#27;[0m
  &amp#27;[32mGiven &amp#27;[0m&amp#27;[32mThe user is on the DS Introduction page as signedIn&amp#27;[0m             &amp#27;[90m# StepDefinitions.DSIntroductionDetails.the_user_is_on_the_ds_introduction_page_as_signed_in()&amp#27;[0m
  &amp#27;[32mAnd &amp#27;[0m&amp#27;[32mUser clicks on Get Started button from Linked List panel&amp#27;[0m          &amp#27;[90m# StepDefinitions.LinkedList.user_clicks_on_get_started_button_from_linked_list_panel()&amp#27;[0m
  &amp#27;[32mGiven &amp#27;[0m&amp#27;[32mThe user is on the editor page of Insertion page&amp#27;[0m                &amp#27;[90m# StepDefinitions.LinkedList.the_user_is_on_the_editor_page_of_insertion_page()&amp#27;[0m
  &amp#27;[32mWhen &amp#27;[0m&amp#27;[32mThe user writes the invalid python code and clicks on Run button&amp#27;[0m &amp#27;[90m# StepDefinitions.Tree.the_user_writes_the_invalid_python_code_and_clicks_on_run_button()&amp#27;[0m
  &amp#27;[32mThen &amp#27;[0m&amp#27;[32mThe user see error msg in alert window&amp#27;[0m                           &amp#27;[90m# StepDefinitions.Tree.the_user_see_error_msg_in_alert_window()&amp#27;[0m
[INFO ] 2024-12-17 10:17:04.760 [TestNG-PoolService-3] Hooks - ======================  Test Execution is completed!! ======================
]]></system-out>
    <system-err><![CDATA[Dec 17, 2024 10:17:00 AM org.openqa.selenium.devtools.CdpVersionFinder findNearestMatch
WARNING: Unable to find an exact match for CDP version 131, returning the closest version; found: 130; Please update to a Selenium version that supports CDP version 131
]]></system-err>
  </testcase>
  <testcase name="runScenario[&quot;Linked List home page&quot;, &quot;Linked List&quot;](90)" classname="TestRunners.TestRunner" time="3.78">
    <system-out><![CDATA[
Scenario: Linked List home page                                &amp#27;[90m# src/test/resources/Features/LinkedList.feature:163&amp#27;[0m
  &amp#27;[32mGiven &amp#27;[0m&amp#27;[32mThe user is on the DS Introduction page as signedIn&amp#27;[0m    &amp#27;[90m# StepDefinitions.DSIntroductionDetails.the_user_is_on_the_ds_introduction_page_as_signed_in()&amp#27;[0m
  &amp#27;[32mAnd &amp#27;[0m&amp#27;[32mUser clicks on Get Started button from Linked List panel&amp#27;[0m &amp#27;[90m# StepDefinitions.LinkedList.user_clicks_on_get_started_button_from_linked_list_panel()&amp#27;[0m
  &amp#27;[32mGiven &amp#27;[0m&amp#27;[32mThe user is on the Insertion page&amp#27;[0m                      &amp#27;[90m# StepDefinitions.LinkedList.the_user_is_on_the_insertion_page()&amp#27;[0m
  &amp#27;[32mWhen &amp#27;[0m&amp#27;[32mThe user clicks Deletion link&amp#27;[0m                           &amp#27;[90m# StepDefinitions.LinkedList.the_user_clicks_deletion_link()&amp#27;[0m
  &amp#27;[32mThen &amp#27;[0m&amp#27;[32mThe user is redirected to Deletion page.&amp#27;[0m                &amp#27;[90m# StepDefinitions.LinkedList.the_user_is_redirected_to_deletion_page()&amp#27;[0m
[INFO ] 2024-12-17 09:48:11.589 [TestNG-PoolService-1] Hooks - ======================  Test Execution is completed!! ======================
]]></system-out>
    <system-err><![CDATA[Dec 17, 2024 9:48:08 AM org.openqa.selenium.devtools.CdpVersionFinder findNearestMatch
WARNING: Unable to find an exact match for CDP version 131, returning the closest version; found: 130; Please update to a Selenium version that supports CDP version 131
]]></system-err>
  </testcase>
  <testcase name="runScenario[&quot;LL_Try Here Editor page with valid data&quot;, &quot;Linked List&quot;](91)" classname="TestRunners.TestRunner" time="2.915">
    <system-out><![CDATA[
Scenario: Deletion                                                   &amp#27;[90m# src/test/resources/Features/LinkedList.feature:168&amp#27;[0m
  &amp#27;[32mGiven &amp#27;[0m&amp#27;[32mThe user is on the DS Introduction page as signedIn&amp#27;[0m          &amp#27;[90m# StepDefinitions.DSIntroductionDetails.the_user_is_on_the_ds_introduction_page_as_signed_in()&amp#27;[0m
  &amp#27;[32mWhen &amp#27;[0m&amp#27;[32mThe user writes the valid python code and clicks on Run button&amp#27;[0m &amp#27;[90m# StepDefinitions.Tree.the_user_writes_the_valid_python_code_and_clicks_on_run_button()&amp#27;[0m
  &amp#27;[32mThen &amp#27;[0m&amp#27;[32mThe user is able to see the output inside the console.&amp#27;[0m         &amp#27;[90m# StepDefinitions.Tree.the_user_is_able_to_see_the_output_inside_the_console()&amp#27;[0m
[INFO ] 2024-12-17 09:48:14.458 [TestNG-PoolService-3] Hooks - ======================  Test Execution is completed!! ======================
  &amp#27;[32mAnd &amp#27;[0m&amp#27;[32mUser clicks on Get Started button from Linked List panel&amp#27;[0m       &amp#27;[90m# StepDefinitions.LinkedList.user_clicks_on_get_started_button_from_linked_list_panel()&amp#27;[0m
]]></system-out>
    <system-err><![CDATA[Dec 17, 2024 9:48:12 AM org.openqa.selenium.devtools.CdpVersionFinder findNearestMatch
WARNING: Unable to find an exact match for CDP version 131, returning the closest version; found: 130; Please update to a Selenium version that supports CDP version 131
]]></system-err>
  </testcase>
  <testcase name="runScenario[&quot;Deletion&quot;, &quot;Linked List&quot;](92)" classname="TestRunners.TestRunner" time="1.168">
    <system-out><![CDATA[
Scenario: LL_Try Here Editor page with empty data                            &amp#27;[90m# src/test/resources/Features/LinkedList.feature:173&amp#27;[0m
  &amp#27;[32mGiven &amp#27;[0m&amp#27;[32mThe user is on the Deletion page&amp#27;[0m                             &amp#27;[90m# StepDefinitions.LinkedList.the_user_is_on_the_deletion_page()&amp#27;[0m
  &amp#27;[32mWhen &amp#27;[0m&amp#27;[32mThe user clicks Try Here button&amp#27;[0m                               &amp#27;[90m# StepDefinitions.Tree.the_user_clicks_try_here_button()&amp#27;[0m
  &amp#27;[32mThen &amp#27;[0m&amp#27;[32mThe user is redirected to a page having Editor and run button&amp#27;[0m &amp#27;[90m# StepDefinitions.Tree.the_user_is_redirected_to_a_page_having_editor_and_run_button()&amp#27;[0m
[INFO ] 2024-12-17 09:48:15.606 [TestNG-PoolService-1] Hooks - ======================  Test Execution is completed!! ======================
]]></system-out>
    <system-err><![CDATA[Dec 17, 2024 9:48:15 AM org.openqa.selenium.devtools.CdpVersionFinder findNearestMatch
WARNING: Unable to find an exact match for CDP version 131, returning the closest version; found: 130; Please update to a Selenium version that supports CDP version 131
]]></system-err>
  </testcase>
  <testcase name="runScenario[&quot;Deletion&quot;, &quot;Linked List&quot;](92)" classname="TestRunners.TestRunner" time="6.394">
    <system-out><![CDATA[
Scenario: LL_Try Here Editor page with empty data                            &amp#27;[90m# src/test/resources/Features/LinkedList.feature:173&amp#27;[0m
  &amp#27;[32mGiven &amp#27;[0m&amp#27;[32mThe user is on the DS Introduction page as signedIn&amp#27;[0m          &amp#27;[90m# StepDefinitions.DSIntroductionDetails.the_user_is_on_the_ds_introduction_page_as_signed_in()&amp#27;[0m
  &amp#27;[32mAnd &amp#27;[0m&amp#27;[32mUser clicks on Get Started button from Linked List panel&amp#27;[0m       &amp#27;[90m# StepDefinitions.LinkedList.user_clicks_on_get_started_button_from_linked_list_panel()&amp#27;[0m
  &amp#27;[32mGiven &amp#27;[0m&amp#27;[32mThe user is on the Deletion page&amp#27;[0m                             &amp#27;[90m# StepDefinitions.LinkedList.the_user_is_on_the_deletion_page()&amp#27;[0m
  &amp#27;[32mWhen &amp#27;[0m&amp#27;[32mThe user clicks Try Here button&amp#27;[0m                               &amp#27;[90m# StepDefinitions.Tree.the_user_clicks_try_here_button()&amp#27;[0m
  &amp#27;[32mThen &amp#27;[0m&amp#27;[32mThe user is redirected to a page having Editor and run button&amp#27;[0m &amp#27;[90m# StepDefinitions.Tree.the_user_is_redirected_to_a_page_having_editor_and_run_button()&amp#27;[0m
[INFO ] 2024-12-17 10:01:33.031 [TestNG-PoolService-3] Hooks - ======================  Test Execution is completed!! ======================
]]></system-out>
  </testcase>
  <testcase name="runScenario[&quot;Deletion&quot;, &quot;Linked List&quot;](92)" classname="TestRunners.TestRunner" time="5.481">
    <system-out><![CDATA[
Scenario: LL_Try Here Editor page with empty data                            &amp#27;[90m# src/test/resources/Features/LinkedList.feature:173&amp#27;[0m
  &amp#27;[32mGiven &amp#27;[0m&amp#27;[32mThe user is on the DS Introduction page as signedIn&amp#27;[0m          &amp#27;[90m# StepDefinitions.DSIntroductionDetails.the_user_is_on_the_ds_introduction_page_as_signed_in()&amp#27;[0m
  &amp#27;[32mAnd &amp#27;[0m&amp#27;[32mUser clicks on Get Started button from Linked List panel&amp#27;[0m       &amp#27;[90m# StepDefinitions.LinkedList.user_clicks_on_get_started_button_from_linked_list_panel()&amp#27;[0m
  &amp#27;[32mGiven &amp#27;[0m&amp#27;[32mThe user is on the Deletion page&amp#27;[0m                             &amp#27;[90m# StepDefinitions.LinkedList.the_user_is_on_the_deletion_page()&amp#27;[0m
  &amp#27;[32mWhen &amp#27;[0m&amp#27;[32mThe user clicks Try Here button&amp#27;[0m                               &amp#27;[90m# StepDefinitions.Tree.the_user_clicks_try_here_button()&amp#27;[0m
  &amp#27;[32mThen &amp#27;[0m&amp#27;[32mThe user is redirected to a page having Editor and run button&amp#27;[0m &amp#27;[90m# StepDefinitions.Tree.the_user_is_redirected_to_a_page_having_editor_and_run_button()&amp#27;[0m
[INFO ] 2024-12-17 10:17:17.511 [TestNG-PoolService-2] Hooks - ======================  Test Execution is completed!! ======================
]]></system-out>
    <system-err><![CDATA[Dec 17, 2024 10:17:16 AM org.openqa.selenium.devtools.CdpVersionFinder findNearestMatch
WARNING: Unable to find an exact match for CDP version 131, returning the closest version; found: 130; Please update to a Selenium version that supports CDP version 131
]]></system-err>
  </testcase>
  <testcase name="runScenario[&quot;LL_Try Here Editor page with empty data&quot;, &quot;Linked List&quot;](93)" classname="TestRunners.TestRunner" time="3.667">
    <system-out><![CDATA[
Scenario: LL_Try Here Editor page with valid data                     &amp#27;[90m# src/test/resources/Features/LinkedList.feature:178&amp#27;[0m
  &amp#27;[32mGiven &amp#27;[0m&amp#27;[32mThe user is on the DS Introduction page as signedIn&amp#27;[0m                  &amp#27;[90m# StepDefinitions.DSIntroductionDetails.the_user_is_on_the_ds_introduction_page_as_signed_in()&amp#27;[0m
  &amp#27;[32mAnd &amp#27;[0m&amp#27;[32mUser clicks on Get Started button from Linked List panel&amp#27;[0m               &amp#27;[90m# StepDefinitions.LinkedList.user_clicks_on_get_started_button_from_linked_list_panel()&amp#27;[0m
  &amp#27;[32mGiven &amp#27;[0m&amp#27;[32mThe user is on the DS Introduction page as signedIn&amp#27;[0m           &amp#27;[90m# StepDefinitions.DSIntroductionDetails.the_user_is_on_the_ds_introduction_page_as_signed_in()&amp#27;[0m
  &amp#27;[32mGiven &amp#27;[0m&amp#27;[32mThe user is on the editor page of Deletion page&amp#27;[0m                      &amp#27;[90m# StepDefinitions.LinkedList.the_user_is_on_the_editor_page_of_deletion_page()&amp#27;[0m
  &amp#27;[32mAnd &amp#27;[0m&amp#27;[32mUser clicks on Get Started button from Linked List panel&amp#27;[0m        &amp#27;[90m# StepDefinitions.LinkedList.user_clicks_on_get_started_button_from_linked_list_panel()&amp#27;[0m
  &amp#27;[32mWhen &amp#27;[0m&amp#27;[32mThe user writes no code inside editor window and clicks on Run button&amp#27;[0m &amp#27;[90m# StepDefinitions.Tree.the_user_writes_no_code_inside_editor_window_and_clicks_on_run_button()&amp#27;[0m
  &amp#27;[32mThen &amp#27;[0m&amp#27;[32mNothing happens to the Editor page and no error message is displayed&amp#27;[0m  &amp#27;[90m# StepDefinitions.Tree.nothing_happens_to_the_editor_page_and_no_error_message_is_displayed()&amp#27;[0m
[INFO ] 2024-12-17 09:48:19.265 [TestNG-PoolService-3] Hooks - ======================  Test Execution is completed!! ======================
]]></system-out>
    <system-err><![CDATA[Dec 17, 2024 9:48:16 AM org.openqa.selenium.devtools.CdpVersionFinder findNearestMatch
WARNING: Unable to find an exact match for CDP version 131, returning the closest version; found: 130; Please update to a Selenium version that supports CDP version 131
]]></system-err>
  </testcase>
  <testcase name="runScenario[&quot;LL_Try Here Editor page with empty data&quot;, &quot;Linked List&quot;](93)" classname="TestRunners.TestRunner" time="3.162">
    <system-out><![CDATA[
Scenario: LL_Try Here Editor page with valid data                     &amp#27;[90m# src/test/resources/Features/LinkedList.feature:178&amp#27;[0m
  &amp#27;[32mGiven &amp#27;[0m&amp#27;[32mThe user is on the DS Introduction page as signedIn&amp#27;[0m                  &amp#27;[90m# StepDefinitions.DSIntroductionDetails.the_user_is_on_the_ds_introduction_page_as_signed_in()&amp#27;[0m
  &amp#27;[32mAnd &amp#27;[0m&amp#27;[32mUser clicks on Get Started button from Linked List panel&amp#27;[0m               &amp#27;[90m# StepDefinitions.LinkedList.user_clicks_on_get_started_button_from_linked_list_panel()&amp#27;[0m
  &amp#27;[32mGiven &amp#27;[0m&amp#27;[32mThe user is on the editor page of Deletion page&amp#27;[0m                      &amp#27;[90m# StepDefinitions.LinkedList.the_user_is_on_the_editor_page_of_deletion_page()&amp#27;[0m
  &amp#27;[32mWhen &amp#27;[0m&amp#27;[32mThe user writes no code inside editor window and clicks on Run button&amp#27;[0m &amp#27;[90m# StepDefinitions.Tree.the_user_writes_no_code_inside_editor_window_and_clicks_on_run_button()&amp#27;[0m
  &amp#27;[32mThen &amp#27;[0m&amp#27;[32mNothing happens to the Editor page and no error message is displayed&amp#27;[0m  &amp#27;[90m# StepDefinitions.Tree.nothing_happens_to_the_editor_page_and_no_error_message_is_displayed()&amp#27;[0m
[INFO ] 2024-12-17 10:01:36.549 [TestNG-PoolService-2] Hooks - ======================  Test Execution is completed!! ======================
]]></system-out>
  </testcase>
  <testcase name="runScenario[&quot;LL_Try Here Editor page with empty data&quot;, &quot;Linked List&quot;](93)" classname="TestRunners.TestRunner" time="3.069">
    <system-out><![CDATA[
Scenario: LL_Try Here Editor page with valid data                     &amp#27;[90m# src/test/resources/Features/LinkedList.feature:178&amp#27;[0m
  &amp#27;[32mGiven &amp#27;[0m&amp#27;[32mThe user is on the DS Introduction page as signedIn&amp#27;[0m                  &amp#27;[90m# StepDefinitions.DSIntroductionDetails.the_user_is_on_the_ds_introduction_page_as_signed_in()&amp#27;[0m
  &amp#27;[32mAnd &amp#27;[0m&amp#27;[32mUser clicks on Get Started button from Linked List panel&amp#27;[0m               &amp#27;[90m# StepDefinitions.LinkedList.user_clicks_on_get_started_button_from_linked_list_panel()&amp#27;[0m
  &amp#27;[32mGiven &amp#27;[0m&amp#27;[32mThe user is on the editor page of Deletion page&amp#27;[0m                      &amp#27;[90m# StepDefinitions.LinkedList.the_user_is_on_the_editor_page_of_deletion_page()&amp#27;[0m
  &amp#27;[32mWhen &amp#27;[0m&amp#27;[32mThe user writes no code inside editor window and clicks on Run button&amp#27;[0m &amp#27;[90m# StepDefinitions.Tree.the_user_writes_no_code_inside_editor_window_and_clicks_on_run_button()&amp#27;[0m
  &amp#27;[32mThen &amp#27;[0m&amp#27;[32mNothing happens to the Editor page and no error message is displayed&amp#27;[0m  &amp#27;[90m# StepDefinitions.Tree.nothing_happens_to_the_editor_page_and_no_error_message_is_displayed()&amp#27;[0m
[INFO ] 2024-12-17 10:17:20.704 [TestNG-PoolService-3] Hooks - ======================  Test Execution is completed!! ======================
]]></system-out>
    <system-err><![CDATA[Dec 17, 2024 10:17:21 AM org.openqa.selenium.devtools.CdpVersionFinder findNearestMatch
WARNING: Unable to find an exact match for CDP version 131, returning the closest version; found: 130; Please update to a Selenium version that supports CDP version 131
]]></system-err>
  </testcase>
  <testcase name="runScenario[&quot;LL_Try Here Editor page with invalid data&quot;, &quot;Linked List&quot;](94)" classname="TestRunners.TestRunner" time="4.333">
    <system-out><![CDATA[
Scenario: LL_Try Here Editor page with invalid data                     &amp#27;[90m# src/test/resources/Features/LinkedList.feature:183&amp#27;[0m
  &amp#27;[32mGiven &amp#27;[0m&amp#27;[32mThe user is on the editor page of Deletion page&amp#27;[0m               &amp#27;[90m# StepDefinitions.LinkedList.the_user_is_on_the_editor_page_of_deletion_page()&amp#27;[0m
  &amp#27;[32mGiven &amp#27;[0m&amp#27;[32mThe user is on the DS Introduction page as signedIn&amp#27;[0m             &amp#27;[90m# StepDefinitions.DSIntroductionDetails.the_user_is_on_the_ds_introduction_page_as_signed_in()&amp#27;[0m
  &amp#27;[32mAnd &amp#27;[0m&amp#27;[32mUser clicks on Get Started button from Linked List panel&amp#27;[0m          &amp#27;[90m# StepDefinitions.LinkedList.user_clicks_on_get_started_button_from_linked_list_panel()&amp#27;[0m
  &amp#27;[32mGiven &amp#27;[0m&amp#27;[32mThe user is on the editor page of Deletion page&amp#27;[0m                 &amp#27;[90m# StepDefinitions.LinkedList.the_user_is_on_the_editor_page_of_deletion_page()&amp#27;[0m
  &amp#27;[32mWhen &amp#27;[0m&amp#27;[32mThe user writes the invalid python code and clicks on Run button&amp#27;[0m &amp#27;[90m# StepDefinitions.Tree.the_user_writes_the_invalid_python_code_and_clicks_on_run_button()&amp#27;[0m
  &amp#27;[32mThen &amp#27;[0m&amp#27;[32mThe user see error msg in alert window&amp#27;[0m                           &amp#27;[90m# StepDefinitions.Tree.the_user_see_error_msg_in_alert_window()&amp#27;[0m
[INFO ] 2024-12-17 09:48:23.650 [TestNG-PoolService-3] Hooks - ======================  Test Execution is completed!! ======================
]]></system-out>
    <system-err><![CDATA[Dec 17, 2024 9:48:20 AM org.openqa.selenium.devtools.CdpVersionFinder findNearestMatch
WARNING: Unable to find an exact match for CDP version 131, returning the closest version; found: 130; Please update to a Selenium version that supports CDP version 131
]]></system-err>
  </testcase>
  <testcase name="runScenario[&quot;Introduction page&quot;, &quot;Linked List&quot;](95)" classname="TestRunners.TestRunner" time="3.687">
    <system-out><![CDATA[
Scenario: Introduction page                                    &amp#27;[90m# src/test/resources/Features/LinkedList.feature:188&amp#27;[0m
  &amp#27;[32mGiven &amp#27;[0m&amp#27;[32mThe user is on the DS Introduction page as signedIn&amp#27;[0m    &amp#27;[90m# StepDefinitions.DSIntroductionDetails.the_user_is_on_the_ds_introduction_page_as_signed_in()&amp#27;[0m
  &amp#27;[32mAnd &amp#27;[0m&amp#27;[32mUser clicks on Get Started button from Linked List panel&amp#27;[0m &amp#27;[90m# StepDefinitions.LinkedList.user_clicks_on_get_started_button_from_linked_list_panel()&amp#27;[0m
  &amp#27;[32mGiven &amp#27;[0m&amp#27;[32mThe user is on the Introduction page&amp#27;[0m                   &amp#27;[90m# StepDefinitions.LinkedList.the_user_is_on_the_introduction_page()&amp#27;[0m
  &amp#27;[32mWhen &amp#27;[0m&amp#27;[32mThe user clicks Practice Questions link&amp#27;[0m                 &amp#27;[90m# StepDefinitions.Tree.the_user_clicks_practice_questions_link()&amp#27;[0m
  &amp#27;[32mThen &amp#27;[0m&amp#27;[32mThe user is redirected to Practice Questions page.&amp#27;[0m      &amp#27;[90m# StepDefinitions.Tree.the_user_is_redirected_to_practice_questions_page()&amp#27;[0m
[INFO ] 2024-12-17 09:48:27.331 [TestNG-PoolService-3] Hooks - ======================  Test Execution is completed!! ======================
]]></system-out>
    <system-err><![CDATA[Dec 17, 2024 9:48:24 AM org.openqa.selenium.devtools.CdpVersionFinder findNearestMatch
WARNING: Unable to find an exact match for CDP version 131, returning the closest version; found: 130; Please update to a Selenium version that supports CDP version 131
]]></system-err>
  </testcase>
  <testcase name="runScenario[&quot;DS Algo Sign in Page with blank info&quot;, &quot;Login Feature&quot;](96)" classname="TestRunners.TestRunner" time="2.717">
    <system-out><![CDATA[
Scenario Outline: DS Algo Sign in Page with blank info                                                                             &amp#27;[90m# src/test/resources/Features/LoginTestNav.feature:10&amp#27;[0m
The user is on the DS Algo signin page
  &amp#27;[32mGiven &amp#27;[0m&amp#27;[32mThe user is on the DS Algo Sign in Page&amp#27;[0m                                                                                    &amp#27;[90m# StepDefinitions.LoginStepDefinitions.the_user_is_on_the_ds_algo_sign_in_page()&amp#27;[0m
  &amp#27;[32mWhen &amp#27;[0m&amp#27;[32mThe user clicks login button after leaving the username textbox and paswword textbox blank from sheetname &amp#27;[0m&amp#27;[32m&amp#27;[1m"Login"&amp#27;[0m&amp#27;[32m and row &amp#27;[0m&amp#27;[32m&amp#27;[1m3&amp#27;[0m &amp#27;[90m# StepDefinitions.LoginStepDefinitions.the_user_clicks_login_button_after_leaving_the_textbox_and_textbox_blank(java.lang.String,java.lang.Integer)&amp#27;[0m
  &amp#27;[32mThen &amp#27;[0m&amp#27;[32mThe error message &amp#27;[0m&amp#27;[32m&amp#27;[1m"Please fill out this field."&amp#27;[0m&amp#27;[32m appears below Username textbox&amp#27;[0m                                              &amp#27;[90m# StepDefinitions.LoginStepDefinitions.the_error_message_appears_below_username_textbox(java.lang.String)&amp#27;[0m
[INFO ] 2024-12-17 09:48:30.068 [TestNG-PoolService-3] Hooks - ======================  Test Execution is completed!! ======================
]]></system-out>
    <system-err><![CDATA[Dec 17, 2024 9:48:28 AM org.openqa.selenium.devtools.CdpVersionFinder findNearestMatch
WARNING: Unable to find an exact match for CDP version 131, returning the closest version; found: 130; Please update to a Selenium version that supports CDP version 131
]]></system-err>
  </testcase>
  <testcase name="runScenario[&quot;DS Algo Sign in Page with blank info&quot;, &quot;Login Feature&quot;](96)" classname="TestRunners.TestRunner" time="6.897">
    <system-out><![CDATA[
Scenario Outline: DS Algo Sign in Page with blank info                                                                             &amp#27;[90m# src/test/resources/Features/LoginTestNav.feature:10&amp#27;[0m
The user is on the DS Algo signin page
  &amp#27;[32mGiven &amp#27;[0m&amp#27;[32mThe user is on the DS Introduction page as signedIn&amp#27;[0m    &amp#27;[90m# StepDefinitions.DSIntroductionDetails.the_user_is_on_the_ds_introduction_page_as_signed_in()&amp#27;[0m
  &amp#27;[32mGiven &amp#27;[0m&amp#27;[32mThe user is on the DS Algo Sign in Page&amp#27;[0m                                                                                    &amp#27;[90m# StepDefinitions.LoginStepDefinitions.the_user_is_on_the_ds_algo_sign_in_page()&amp#27;[0m
  &amp#27;[32mAnd &amp#27;[0m&amp#27;[32mUser clicks on Get Started button from Linked List panel&amp#27;[0m &amp#27;[90m# StepDefinitions.LinkedList.user_clicks_on_get_started_button_from_linked_list_panel()&amp#27;[0m
  &amp#27;[32mGiven &amp#27;[0m&amp#27;[32mThe user is on the Introduction page&amp#27;[0m                   &amp#27;[90m# StepDefinitions.LinkedList.the_user_is_on_the_introduction_page()&amp#27;[0m
  &amp#27;[32mWhen &amp#27;[0m&amp#27;[32mThe user clicks login button after leaving the username textbox and paswword textbox blank from sheetname &amp#27;[0m&amp#27;[32m&amp#27;[1m"Login"&amp#27;[0m&amp#27;[32m and row &amp#27;[0m&amp#27;[32m&amp#27;[1m3&amp#27;[0m &amp#27;[90m# StepDefinitions.LoginStepDefinitions.the_user_clicks_login_button_after_leaving_the_textbox_and_textbox_blank(java.lang.String,java.lang.Integer)&amp#27;[0m
  &amp#27;[32mThen &amp#27;[0m&amp#27;[32mThe error message &amp#27;[0m&amp#27;[32m&amp#27;[1m"Please fill out this field."&amp#27;[0m&amp#27;[32m appears below Username textbox&amp#27;[0m                                              &amp#27;[90m# StepDefinitions.LoginStepDefinitions.the_error_message_appears_below_username_textbox(java.lang.String)&amp#27;[0m
[INFO ] 2024-12-17 10:17:37.058 [TestNG-PoolService-3] Hooks - ======================  Test Execution is completed!! ======================
  &amp#27;[32mWhen &amp#27;[0m&amp#27;[32mThe user clicks Practice Questions link&amp#27;[0m                 &amp#27;[90m# StepDefinitions.Tree.the_user_clicks_practice_questions_link()&amp#27;[0m
  &amp#27;[32mThen &amp#27;[0m&amp#27;[32mThe user is redirected to Practice Questions page.&amp#27;[0m      &amp#27;[90m# StepDefinitions.Tree.the_user_is_redirected_to_practice_questions_page()&amp#27;[0m
[INFO ] 2024-12-17 10:17:37.242 [TestNG-PoolService-1] Hooks - ======================  Test Execution is completed!! ======================
]]></system-out>
    <system-err><![CDATA[Dec 17, 2024 10:17:33 AM org.openqa.selenium.devtools.CdpVersionFinder findNearestMatch
WARNING: Unable to find an exact match for CDP version 131, returning the closest version; found: 130; Please update to a Selenium version that supports CDP version 131
Dec 17, 2024 10:17:34 AM org.openqa.selenium.devtools.CdpVersionFinder findNearestMatch
WARNING: Unable to find an exact match for CDP version 131, returning the closest version; found: 130; Please update to a Selenium version that supports CDP version 131
]]></system-err>
  </testcase>
  <testcase name="runScenario[&quot;DS Algo Sign in Page with blank password&quot;, &quot;Login Feature&quot;](97)" classname="TestRunners.TestRunner" time="2.338">
    <system-out><![CDATA[
Scenario Outline: DS Algo Sign in Page with blank password                                        &amp#27;[90m# src/test/resources/Features/LoginTestNav.feature:18&amp#27;[0m
The user is on the DS Algo signin page
  &amp#27;[32mGiven &amp#27;[0m&amp#27;[32mThe user is on the DS Algo Sign in Page&amp#27;[0m                                                   &amp#27;[90m# StepDefinitions.LoginStepDefinitions.the_user_is_on_the_ds_algo_sign_in_page()&amp#27;[0m
  &amp#27;[32mWhen &amp#27;[0m&amp#27;[32mThe user clicks login button after entering only username from sheetname &amp#27;[0m&amp#27;[32m&amp#27;[1m"Login"&amp#27;[0m&amp#27;[32m and row &amp#27;[0m&amp#27;[32m&amp#27;[1m6&amp#27;[0m &amp#27;[90m# StepDefinitions.LoginStepDefinitions.the_user_clicks_login_button_after_enteringusername_only(java.lang.String,java.lang.Integer)&amp#27;[0m
  &amp#27;[32mThen &amp#27;[0m&amp#27;[32mThe error message &amp#27;[0m&amp#27;[32m&amp#27;[1m"Please fill out this field."&amp#27;[0m&amp#27;[32m appears below Pwd textbox&amp#27;[0m                  &amp#27;[90m# StepDefinitions.LoginStepDefinitions.the_error_message_appears_below_pwd_textbox(java.lang.String)&amp#27;[0m
[INFO ] 2024-12-17 09:48:32.408 [TestNG-PoolService-3] Hooks - ======================  Test Execution is completed!! ======================
]]></system-out>
    <system-err><![CDATA[Dec 17, 2024 9:48:31 AM org.openqa.selenium.devtools.CdpVersionFinder findNearestMatch
WARNING: Unable to find an exact match for CDP version 131, returning the closest version; found: 130; Please update to a Selenium version that supports CDP version 131
]]></system-err>
  </testcase>
  <testcase name="runScenario[&quot;DS Algo Sign in Page  with blank username&quot;, &quot;Login Feature&quot;](98)" classname="TestRunners.TestRunner" time="2.397">
    <system-out><![CDATA[
Scenario Outline: DS Algo Sign in Page  with blank username                                       &amp#27;[90m# src/test/resources/Features/LoginTestNav.feature:26&amp#27;[0m
The user is on the DS Algo signin page
  &amp#27;[32mGiven &amp#27;[0m&amp#27;[32mThe user is on the DS Algo Sign in Page&amp#27;[0m                                                   &amp#27;[90m# StepDefinitions.LoginStepDefinitions.the_user_is_on_the_ds_algo_sign_in_page()&amp#27;[0m
  &amp#27;[32mWhen &amp#27;[0m&amp#27;[32mThe user writes the valid python code and clicks on Run button&amp#27;[0m &amp#27;[90m# StepDefinitions.Tree.the_user_writes_the_valid_python_code_and_clicks_on_run_button()&amp#27;[0m
  &amp#27;[32mThen &amp#27;[0m&amp#27;[32mThe user is able to see the output inside the console.&amp#27;[0m         &amp#27;[90m# StepDefinitions.Tree.the_user_is_able_to_see_the_output_inside_the_console()&amp#27;[0m
[INFO ] 2024-12-17 09:48:34.722 [TestNG-PoolService-2] Hooks - ======================  Test Execution is completed!! ======================
  &amp#27;[32mWhen &amp#27;[0m&amp#27;[32mThe user clicks login button after entering only password from sheetname &amp#27;[0m&amp#27;[32m&amp#27;[1m"Login"&amp#27;[0m&amp#27;[32m and row &amp#27;[0m&amp#27;[32m&amp#27;[1m6&amp#27;[0m &amp#27;[90m# StepDefinitions.LoginStepDefinitions.the_user_clicks_login_button_after_entering_password_only(java.lang.String,java.lang.Integer)&amp#27;[0m
  &amp#27;[32mThen &amp#27;[0m&amp#27;[32mThe error message &amp#27;[0m&amp#27;[32m&amp#27;[1m"Please fill out this field."&amp#27;[0m&amp#27;[32m appears below Username textbox&amp#27;[0m             &amp#27;[90m# StepDefinitions.LoginStepDefinitions.the_error_message_appears_below_username_textbox(java.lang.String)&amp#27;[0m
[INFO ] 2024-12-17 09:48:34.772 [TestNG-PoolService-3] Hooks - ======================  Test Execution is completed!! ======================
]]></system-out>
    <system-err><![CDATA[Dec 17, 2024 9:48:33 AM org.openqa.selenium.devtools.CdpVersionFinder findNearestMatch
WARNING: Unable to find an exact match for CDP version 131, returning the closest version; found: 130; Please update to a Selenium version that supports CDP version 131
]]></system-err>
  </testcase>
  <testcase name="runScenario[&quot;LL_Try Here Editor page with valid data&quot;, &quot;Linked List&quot;](99)" classname="TestRunners.TestRunner" time="0.003"/>
  <testcase name="runScenario[&quot;DS Algo Sign in Page with valid username and invalid password&quot;, &quot;Login Feature&quot;](100)" classname="TestRunners.TestRunner" time="3.129">
    <system-out><![CDATA[
Scenario Outline: DS Algo Sign in Page with invalid username and password                                                 &amp#27;[90m# src/test/resources/Features/LoginTestNav.feature:34&amp#27;[0m

Scenario Outline: DS Algo Sign in Page with valid username and invalid password                                         &amp#27;[90m# src/test/resources/Features/LoginTestNav.feature:42&amp#27;[0m
The user is on the DS Algo signin page
The user is on the DS Algo signin page
  &amp#27;[32mGiven &amp#27;[0m&amp#27;[32mThe user is on the DS Algo Sign in Page&amp#27;[0m                                                                         &amp#27;[90m# StepDefinitions.LoginStepDefinitions.the_user_is_on_the_ds_algo_sign_in_page()&amp#27;[0m
  &amp#27;[32mGiven &amp#27;[0m&amp#27;[32mThe user is on the DS Algo Sign in Page&amp#27;[0m                                                                           &amp#27;[90m# StepDefinitions.LoginStepDefinitions.the_user_is_on_the_ds_algo_sign_in_page()&amp#27;[0m
  &amp#27;[32mWhen &amp#27;[0m&amp#27;[32mThe user clicks login button after entering valid userName and invalid password from sheetname &amp#27;[0m&amp#27;[32m&amp#27;[1m"Login"&amp#27;[0m&amp#27;[32m and row &amp#27;[0m&amp#27;[32m&amp#27;[1m7&amp#27;[0m &amp#27;[90m# StepDefinitions.LoginStepDefinitions.the_user_clicks_login_button_after_entering_valid_and_invalid(java.lang.String,java.lang.Integer)&amp#27;[0m
  &amp#27;[32mThen &amp#27;[0m&amp#27;[32mThe user should able to see an error message &amp#27;[0m&amp#27;[32m&amp#27;[1m"Invalid Username and Password"&amp#27;[0m&amp#27;[32m.&amp#27;[0m                                    &amp#27;[90m# StepDefinitions.LoginStepDefinitions.the_user_should_able_to_see_an_error_message(java.lang.String)&amp#27;[0m
[INFO ] 2024-12-17 09:48:37.906 [TestNG-PoolService-2] Hooks - ======================  Test Execution is completed!! ======================
  &amp#27;[32mWhen &amp#27;[0m&amp#27;[32mThe user clicks login button after entering invalid username and invalid password from sheetname &amp#27;[0m&amp#27;[32m&amp#27;[1m"Login"&amp#27;[0m&amp#27;[32m and row &amp#27;[0m&amp#27;[32m&amp#27;[1m4&amp#27;[0m &amp#27;[90m# StepDefinitions.LoginStepDefinitions.the_user_clicks_login_button_after_entering_invalid_and_invalid(java.lang.String,java.lang.Integer)&amp#27;[0m
]]></system-out>
    <system-err><![CDATA[Dec 17, 2024 9:48:36 AM org.openqa.selenium.devtools.CdpVersionFinder findNearestMatch
WARNING: Unable to find an exact match for CDP version 131, returning the closest version; found: 130; Please update to a Selenium version that supports CDP version 131
Dec 17, 2024 9:48:36 AM org.openqa.selenium.devtools.CdpVersionFinder findNearestMatch
WARNING: Unable to find an exact match for CDP version 131, returning the closest version; found: 130; Please update to a Selenium version that supports CDP version 131
]]></system-err>
  </testcase>
  <testcase name="runScenario[&quot;DS Algo Sign in Page with invalid username and password&quot;, &quot;Login Feature&quot;](101)" classname="TestRunners.TestRunner" time="0.28">
    <system-out><![CDATA[
Scenario Outline: DS Algo Sign in Page  with valid username and Valid password                                  &amp#27;[90m# src/test/resources/Features/LoginTestNav.feature:50&amp#27;[0m
  &amp#27;[32mThen &amp#27;[0m&amp#27;[32mThe user should able to see an error message &amp#27;[0m&amp#27;[32m&amp#27;[1m"Invalid Username and Password"&amp#27;[0m&amp#27;[32m.&amp#27;[0m                                      &amp#27;[90m# StepDefinitions.LoginStepDefinitions.the_user_should_able_to_see_an_error_message(java.lang.String)&amp#27;[0m
[INFO ] 2024-12-17 09:48:38.103 [TestNG-PoolService-3] Hooks - ======================  Test Execution is completed!! ======================
]]></system-out>
  </testcase>
  <testcase name="runScenario[&quot;DS Algo Sign in Page  with valid username and Valid password&quot;, &quot;Login Feature&quot;](102)" classname="TestRunners.TestRunner" time="3.468">
    <system-out><![CDATA[
Scenario: Validate user navigated to queue details page when clicked on get started &amp#27;[90m# src/test/resources/Features/QueueDetails.feature:7&amp#27;[0m
The user is on the DS Algo signin page
  &amp#27;[32mGiven &amp#27;[0m&amp#27;[32mThe user is on the DS Algo Sign in Page&amp#27;[0m                                                                 &amp#27;[90m# StepDefinitions.LoginStepDefinitions.the_user_is_on_the_ds_algo_sign_in_page()&amp#27;[0m
  &amp#27;[32mWhen &amp#27;[0m&amp#27;[32mThe user clicks login button after entering valid userName and password from sheetname &amp#27;[0m&amp#27;[32m&amp#27;[1m"Login"&amp#27;[0m&amp#27;[32m and row &amp#27;[0m&amp#27;[32m&amp#27;[1m6&amp#27;[0m &amp#27;[90m# StepDefinitions.LoginStepDefinitions.the_user_clicks_login_button_after_entering_valid_and_valid(java.lang.String,int)&amp#27;[0m
  &amp#27;[32mThen &amp#27;[0m&amp#27;[32muser lands on the home page as signedIn&amp#27;[0m                                                                  &amp#27;[90m# StepDefinitions.DSIntroductionDetails.user_lands_on_the_home_page_as_signed_in()&amp#27;[0m
[INFO ] 2024-12-17 09:48:41.586 [TestNG-PoolService-2] Hooks - ======================  Test Execution is completed!! ======================
  &amp#27;[32mGiven &amp#27;[0m&amp#27;[32mThe user is on the DS Introduction page as signedIn&amp#27;[0m                         &amp#27;[90m# StepDefinitions.DSIntroductionDetails.the_user_is_on_the_ds_introduction_page_as_signed_in()&amp#27;[0m
]]></system-out>
    <system-err><![CDATA[Dec 17, 2024 9:48:39 AM org.openqa.selenium.devtools.CdpVersionFinder findNearestMatch
WARNING: Unable to find an exact match for CDP version 131, returning the closest version; found: 130; Please update to a Selenium version that supports CDP version 131
Dec 17, 2024 9:48:39 AM org.openqa.selenium.devtools.CdpVersionFinder findNearestMatch
WARNING: Unable to find an exact match for CDP version 131, returning the closest version; found: 130; Please update to a Selenium version that supports CDP version 131
]]></system-err>
  </testcase>
  <testcase name="runScenario[&quot;Validate user navigated to queue details page when clicked on get started&quot;, &quot;Queue Details page&quot;](103)" classname="TestRunners.TestRunner" time="0.452">
    <system-out><![CDATA[
Scenario: Validate user can navigate to Implementations of Queue in Python &amp#27;[90m# src/test/resources/Features/QueueDetails.feature:10&amp#27;[0m
  &amp#27;[32mWhen &amp#27;[0m&amp#27;[32mThe user clicks on Get started link for Queue&amp#27;[0m                                &amp#27;[90m# StepDefinitions.QueueStepDefinitions.the_user_clicks_on_get_started_link_for_queue()&amp#27;[0m
  &amp#27;[32mThen &amp#27;[0m&amp#27;[32mThe user is on Queue Details page&amp#27;[0m                                            &amp#27;[90m# StepDefinitions.QueueStepDefinitions.the_user_is_on_queue_details_page()&amp#27;[0m
[INFO ] 2024-12-17 09:48:42.085 [TestNG-PoolService-3] Hooks - ======================  Test Execution is completed!! ======================
]]></system-out>
  </testcase>
  <testcase name="runScenario[&quot;Validate user can navigate to Implementations of Queue in Python&quot;, &quot;Queue Details page&quot;](104)" classname="TestRunners.TestRunner" time="3.728">
    <system-out><![CDATA[
Scenario: Validate user can open try editor page from Implementation of Queue in python &amp#27;[90m# src/test/resources/Features/QueueDetails.feature:15&amp#27;[0m
  &amp#27;[32mGiven &amp#27;[0m&amp#27;[32mThe user is on the DS Introduction page as signedIn&amp#27;[0m                &amp#27;[90m# StepDefinitions.DSIntroductionDetails.the_user_is_on_the_ds_introduction_page_as_signed_in()&amp#27;[0m
  &amp#27;[32mWhen &amp#27;[0m&amp#27;[32mThe user clicks on Get started link for Queue&amp#27;[0m                       &amp#27;[90m# StepDefinitions.QueueStepDefinitions.the_user_clicks_on_get_started_link_for_queue()&amp#27;[0m
  &amp#27;[32mGiven &amp#27;[0m&amp#27;[32mThe user is on the DS Introduction page as signedIn&amp#27;[0m                             &amp#27;[90m# StepDefinitions.DSIntroductionDetails.the_user_is_on_the_ds_introduction_page_as_signed_in()&amp#27;[0m
  &amp#27;[32mGiven &amp#27;[0m&amp#27;[32mThe user is on Queue Details page&amp#27;[0m                                  &amp#27;[90m# StepDefinitions.QueueStepDefinitions.the_user_is_on_queue_details_page()&amp#27;[0m
  &amp#27;[32mWhen &amp#27;[0m&amp#27;[32mThe user clicks on Implementation of Queue python link&amp#27;[0m              &amp#27;[90m# StepDefinitions.QueueStepDefinitions.the_user_clicks_on_implementation_of_queue_python_link()&amp#27;[0m
  &amp#27;[32mWhen &amp#27;[0m&amp#27;[32mThe user clicks on Get started link for Queue&amp#27;[0m                                    &amp#27;[90m# StepDefinitions.QueueStepDefinitions.the_user_clicks_on_get_started_link_for_queue()&amp#27;[0m
  &amp#27;[32mThen &amp#27;[0m&amp#27;[32mThe user is on the Implimentation of Queue in Python page&amp#27;[0m           &amp#27;[90m# StepDefinitions.QueueStepDefinitions.the_user_is_on_the_implimentation_of_queue_in_python_page()&amp#27;[0m
[INFO ] 2024-12-17 09:48:45.866 [TestNG-PoolService-2] Hooks - ======================  Test Execution is completed!! ======================
]]></system-out>
    <system-err><![CDATA[Dec 17, 2024 9:48:42 AM org.openqa.selenium.devtools.CdpVersionFinder findNearestMatch
WARNING: Unable to find an exact match for CDP version 131, returning the closest version; found: 130; Please update to a Selenium version that supports CDP version 131
Dec 17, 2024 9:48:43 AM org.openqa.selenium.devtools.CdpVersionFinder findNearestMatch
WARNING: Unable to find an exact match for CDP version 131, returning the closest version; found: 130; Please update to a Selenium version that supports CDP version 131
]]></system-err>
  </testcase>
  <testcase name="runScenario[&quot;Validate user can open try editor page from Implementation of Queue in python&quot;, &quot;Queue Details page&quot;](105)" classname="TestRunners.TestRunner" time="1.088">
    <system-out><![CDATA[
Scenario: Error message displayed for invalid code on try editor for Implementation of Queue in python &amp#27;[90m# src/test/resources/Features/QueueDetails.feature:20&amp#27;[0m
  &amp#27;[32mGiven &amp#27;[0m&amp#27;[32mThe user on implementation Queue in python page&amp#27;[0m                                 &amp#27;[90m# StepDefinitions.QueueStepDefinitions.the_user_on_implementation_queue_in_python_page()&amp#27;[0m
  &amp#27;[32mWhen &amp#27;[0m&amp#27;[32mUser clicks Try here link&amp#27;[0m                                                        &amp#27;[90m# StepDefinitions.DSIntroductionDetails.user_clicks_try_here_link()&amp#27;[0m
  &amp#27;[32mThen &amp#27;[0m&amp#27;[32mUser should navigate to tryEditor page&amp#27;[0m                                           &amp#27;[90m# StepDefinitions.DSIntroductionDetails.user_should_navigate_to_try_editor_page()&amp#27;[0m
[INFO ] 2024-12-17 09:48:46.929 [TestNG-PoolService-3] Hooks - ======================  Test Execution is completed!! ======================
]]></system-out>
    <system-err><![CDATA[Dec 17, 2024 9:48:47 AM org.openqa.selenium.devtools.CdpVersionFinder findNearestMatch
WARNING: Unable to find an exact match for CDP version 131, returning the closest version; found: 130; Please update to a Selenium version that supports CDP version 131
]]></system-err>
  </testcase>
  <testcase name="runScenario[&quot;LL_Try Here Editor page with valid data&quot;, &quot;Linked List&quot;](106)" classname="TestRunners.TestRunner" time="3.535">
    <system-out><![CDATA[
Scenario: No error message displayed for empty code on try editor for Implementation of Queue in python &amp#27;[90m# src/test/resources/Features/QueueDetails.feature:25&amp#27;[0m
  &amp#27;[32mGiven &amp#27;[0m&amp#27;[32mThe user is on the DS Introduction page as signedIn&amp#27;[0m                                            &amp#27;[90m# StepDefinitions.DSIntroductionDetails.the_user_is_on_the_ds_introduction_page_as_signed_in()&amp#27;[0m
  &amp#27;[32mWhen &amp#27;[0m&amp#27;[32mThe user clicks on Get started link for Queue&amp#27;[0m                                                   &amp#27;[90m# StepDefinitions.QueueStepDefinitions.the_user_clicks_on_get_started_link_for_queue()&amp#27;[0m
  &amp#27;[32mGiven &amp#27;[0m&amp#27;[32mThe user on implementation Queue in python page&amp#27;[0m                                                &amp#27;[90m# StepDefinitions.QueueStepDefinitions.the_user_on_implementation_queue_in_python_page()&amp#27;[0m
  &amp#27;[32mWhen &amp#27;[0m&amp#27;[32mThe user writes the valid python code and clicks on Run button&amp#27;[0m &amp#27;[90m# StepDefinitions.Tree.the_user_writes_the_valid_python_code_and_clicks_on_run_button()&amp#27;[0m
  &amp#27;[32mThen &amp#27;[0m&amp#27;[32mThe user is able to see the output inside the console.&amp#27;[0m         &amp#27;[90m# StepDefinitions.Tree.the_user_is_able_to_see_the_output_inside_the_console()&amp#27;[0m
[INFO ] 2024-12-17 09:48:50.451 [TestNG-PoolService-1] Hooks - ======================  Test Execution is completed!! ======================
]]></system-out>
    <system-err><![CDATA[Dec 17, 2024 9:48:48 AM org.openqa.selenium.devtools.CdpVersionFinder findNearestMatch
WARNING: Unable to find an exact match for CDP version 131, returning the closest version; found: 130; Please update to a Selenium version that supports CDP version 131
]]></system-err>
  </testcase>
  <testcase name="runScenario[&quot;Error message displayed for invalid code on try editor for Implementation of Queue in python&quot;, &quot;Queue Details page&quot;](107)" classname="TestRunners.TestRunner" time="0.648">
    <system-out><![CDATA[
Scenario: Valid code on try editor for Implementation of Queue in python runs successfully &amp#27;[90m# src/test/resources/Features/QueueDetails.feature:30&amp#27;[0m
  &amp#27;[32mWhen &amp#27;[0m&amp#27;[32mUser writes invalid code and clicks run button&amp#27;[0m                                                  &amp#27;[90m# StepDefinitions.DSIntroductionDetails.user_writes_invalid_code_and_clicks_run_button()&amp#27;[0m
  &amp#27;[32mThen &amp#27;[0m&amp#27;[32mThe user should able to see an error message in alert window&amp#27;[0m                                    &amp#27;[90m# StepDefinitions.DSIntroductionDetails.the_user_should_able_to_see_an_error_message_in_alert_window()&amp#27;[0m
[INFO ] 2024-12-17 09:48:51.043 [TestNG-PoolService-2] Hooks - ======================  Test Execution is completed!! ======================
]]></system-out>
  </testcase>
  <testcase name="runScenario[&quot;Error message displayed for invalid code on try editor for Implementation of Queue in python&quot;, &quot;Queue Details page&quot;](107)" classname="TestRunners.TestRunner" time="4.959">
    <system-out><![CDATA[
Scenario: Valid code on try editor for Implementation of Queue in python runs successfully &amp#27;[90m# src/test/resources/Features/QueueDetails.feature:30&amp#27;[0m
  &amp#27;[32mGiven &amp#27;[0m&amp#27;[32mThe user is on the DS Introduction page as signedIn&amp#27;[0m                                            &amp#27;[90m# StepDefinitions.DSIntroductionDetails.the_user_is_on_the_ds_introduction_page_as_signed_in()&amp#27;[0m
  &amp#27;[32mWhen &amp#27;[0m&amp#27;[32mThe user clicks on Get started link for Queue&amp#27;[0m                                                   &amp#27;[90m# StepDefinitions.QueueStepDefinitions.the_user_clicks_on_get_started_link_for_queue()&amp#27;[0m
  &amp#27;[32mGiven &amp#27;[0m&amp#27;[32mThe user on implementation Queue in python page&amp#27;[0m                                                &amp#27;[90m# StepDefinitions.QueueStepDefinitions.the_user_on_implementation_queue_in_python_page()&amp#27;[0m
  &amp#27;[32mWhen &amp#27;[0m&amp#27;[32mUser writes invalid code and clicks run button&amp#27;[0m                                                  &amp#27;[90m# StepDefinitions.DSIntroductionDetails.user_writes_invalid_code_and_clicks_run_button()&amp#27;[0m
  &amp#27;[32mThen &amp#27;[0m&amp#27;[32mThe user should able to see an error message in alert window&amp#27;[0m                                    &amp#27;[90m# StepDefinitions.DSIntroductionDetails.the_user_should_able_to_see_an_error_message_in_alert_window()&amp#27;[0m
[INFO ] 2024-12-17 10:02:35.674 [TestNG-PoolService-2] Hooks - ======================  Test Execution is completed!! ======================
  &amp#27;[32mGiven &amp#27;[0m&amp#27;[32mThe user is on the DS Introduction page as signedIn&amp#27;[0m                                             &amp#27;[90m# StepDefinitions.DSIntroductionDetails.the_user_is_on_the_ds_introduction_page_as_signed_in()&amp#27;[0m
  &amp#27;[32mWhen &amp#27;[0m&amp#27;[32mThe user clicks on Get started link for Queue&amp#27;[0m                                                    &amp#27;[90m# StepDefinitions.QueueStepDefinitions.the_user_clicks_on_get_started_link_for_queue()&amp#27;[0m
  &amp#27;[32mGiven &amp#27;[0m&amp#27;[32mThe user on implementation Queue in python page&amp#27;[0m                                                 &amp#27;[90m# StepDefinitions.QueueStepDefinitions.the_user_on_implementation_queue_in_python_page()&amp#27;[0m
]]></system-out>
  </testcase>
  <testcase name="runScenario[&quot;Error message displayed for invalid code on try editor for Implementation of Queue in python&quot;, &quot;Queue Details page&quot;](107)" classname="TestRunners.TestRunner" time="0.796">
    <system-out><![CDATA[
Scenario: Valid code on try editor for Implementation of Queue in python runs successfully &amp#27;[90m# src/test/resources/Features/QueueDetails.feature:30&amp#27;[0m
]]></system-out>
  </testcase>
  <testcase name="runScenario[&quot;No error message displayed for empty code on try editor for Implementation of Queue in python&quot;, &quot;Queue Details page&quot;](108)" classname="TestRunners.TestRunner" time="2.883">
    <system-out><![CDATA[
Scenario: Validate user can navigate to Implementation using collections.deque &amp#27;[90m# src/test/resources/Features/QueueDetails.feature:35&amp#27;[0m
  &amp#27;[32mGiven &amp#27;[0m&amp#27;[32mThe user is on the DS Introduction page as signedIn&amp#27;[0m                                             &amp#27;[90m# StepDefinitions.DSIntroductionDetails.the_user_is_on_the_ds_introduction_page_as_signed_in()&amp#27;[0m
  &amp#27;[32mWhen &amp#27;[0m&amp#27;[32mThe user clicks on Get started link for Queue&amp#27;[0m                                                    &amp#27;[90m# StepDefinitions.QueueStepDefinitions.the_user_clicks_on_get_started_link_for_queue()&amp#27;[0m
  &amp#27;[32mGiven &amp#27;[0m&amp#27;[32mThe user on implementation Queue in python page&amp#27;[0m                                                 &amp#27;[90m# StepDefinitions.QueueStepDefinitions.the_user_on_implementation_queue_in_python_page()&amp#27;[0m
  &amp#27;[32mWhen &amp#27;[0m&amp#27;[32mUser writes invalid code and clicks run button&amp#27;[0m                                                   &amp#27;[90m# StepDefinitions.DSIntroductionDetails.user_writes_invalid_code_and_clicks_run_button()&amp#27;[0m
  &amp#27;[32mThen &amp#27;[0m&amp#27;[32mThe user should able to see an error message in alert window&amp#27;[0m                                     &amp#27;[90m# StepDefinitions.DSIntroductionDetails.the_user_should_able_to_see_an_error_message_in_alert_window()&amp#27;[0m
[INFO ] 2024-12-17 09:48:53.804 [TestNG-PoolService-3] Hooks - ======================  Test Execution is completed!! ======================
]]></system-out>
    <system-err><![CDATA[Dec 17, 2024 9:48:51 AM org.openqa.selenium.devtools.CdpVersionFinder findNearestMatch
WARNING: Unable to find an exact match for CDP version 131, returning the closest version; found: 130; Please update to a Selenium version that supports CDP version 131
Dec 17, 2024 9:48:52 AM org.openqa.selenium.devtools.CdpVersionFinder findNearestMatch
WARNING: Unable to find an exact match for CDP version 131, returning the closest version; found: 130; Please update to a Selenium version that supports CDP version 131
]]></system-err>
  </testcase>
  <testcase name="runScenario[&quot;No error message displayed for empty code on try editor for Implementation of Queue in python&quot;, &quot;Queue Details page&quot;](108)" classname="TestRunners.TestRunner" time="2.755">
    <failure message="Build info: version: &apos;4.26.0&apos;, revision: &apos;8ccf0219d7&apos;&#10;System info: os.name: &apos;Windows 11&apos;, os.arch: &apos;amd64&apos;, os.version: &apos;10.0&apos;, java.version: &apos;21.0.5&apos;&#10;Driver info: org.openqa.selenium.firefox.FirefoxDriver&#10;Command: [4e99c12a-9adc-47b4-96bc-cf637175c876, getAlertText {}]&#10;Capabilities {acceptInsecureCerts: true, browserName: firefox, browserVersion: 133.0.3, moz:accessibilityChecks: false, moz:buildID: 20241209150345, moz:debuggerAddress: 127.0.0.1:6934, moz:geckodriverVersion: 0.35.0, moz:headless: false, moz:platformVersion: 10.0, moz:processID: 27560, moz:profile: C:\Users\vamsh\AppData\Loca..., moz:shutdownTimeout: 60000, moz:webdriverClick: true, moz:windowless: false, pageLoadStrategy: normal, platformName: windows, proxy: Proxy(), se:cdp: ws://127.0.0.1:6934/devtool..., se:cdpVersion: 85.0, setWindowRect: true, strictFileInteractability: false, timeouts: {implicit: 0, pageLoad: 300000, script: 30000}, unhandledPromptBehavior: dismiss and notify, userAgent: Mozilla/5.0 (Windows NT 10....}&#10;Session ID: 4e99c12a-9adc-47b4-96bc-cf637175c876" type="org.openqa.selenium.NoAlertPresentException"><![CDATA[org.openqa.selenium.NoAlertPresentException: 
Build info: version: '4.26.0', revision: '8ccf0219d7'
System info: os.name: 'Windows 11', os.arch: 'amd64', os.version: '10.0', java.version: '21.0.5'
Driver info: org.openqa.selenium.firefox.FirefoxDriver
Command: [4e99c12a-9adc-47b4-96bc-cf637175c876, getAlertText {}]
Capabilities {acceptInsecureCerts: true, browserName: firefox, browserVersion: 133.0.3, moz:accessibilityChecks: false, moz:buildID: 20241209150345, moz:debuggerAddress: 127.0.0.1:6934, moz:geckodriverVersion: 0.35.0, moz:headless: false, moz:platformVersion: 10.0, moz:processID: 27560, moz:profile: C:\Users\vamsh\AppData\Loca..., moz:shutdownTimeout: 60000, moz:webdriverClick: true, moz:windowless: false, pageLoadStrategy: normal, platformName: windows, proxy: Proxy(), se:cdp: ws://127.0.0.1:6934/devtool..., se:cdpVersion: 85.0, setWindowRect: true, strictFileInteractability: false, timeouts: {implicit: 0, pageLoad: 300000, script: 30000}, unhandledPromptBehavior: dismiss and notify, userAgent: Mozilla/5.0 (Windows NT 10....}
Session ID: 4e99c12a-9adc-47b4-96bc-cf637175c876
]]></failure>
    <system-out><![CDATA[
Scenario: Validate user can navigate to Implementation using collections.deque &amp#27;[90m# src/test/resources/Features/QueueDetails.feature:35&amp#27;[0m
  &amp#27;[32mWhen &amp#27;[0m&amp#27;[32mUser writes invalid code and clicks run button&amp#27;[0m                                                   &amp#27;[90m# StepDefinitions.DSIntroductionDetails.user_writes_invalid_code_and_clicks_run_button()&amp#27;[0m
  &amp#27;[31mThen &amp#27;[0m&amp#27;[31mThe user should able to see an error message in alert window&amp#27;[0m                                     &amp#27;[90m# StepDefinitions.DSIntroductionDetails.the_user_should_able_to_see_an_error_message_in_alert_window()&amp#27;[0m
      &amp#27;[31morg.openqa.selenium.NoAlertPresentException: Build info: version: '4.26.0', revision: '8ccf0219d7'
System info: os.name: 'Windows 11', os.arch: 'amd64', os.version: '10.0', java.version: '21.0.5'
Driver info: org.openqa.selenium.firefox.FirefoxDriver
Command: [4e99c12a-9adc-47b4-96bc-cf637175c876, getAlertText {}]
Capabilities {acceptInsecureCerts: true, browserName: firefox, browserVersion: 133.0.3, moz:accessibilityChecks: false, moz:buildID: 20241209150345, moz:debuggerAddress: 127.0.0.1:6934, moz:geckodriverVersion: 0.35.0, moz:headless: false, moz:platformVersion: 10.0, moz:processID: 27560, moz:profile: C:\Users\vamsh\AppData\Loca..., moz:shutdownTimeout: 60000, moz:webdriverClick: true, moz:windowless: false, pageLoadStrategy: normal, platformName: windows, proxy: Proxy(), se:cdp: ws://127.0.0.1:6934/devtool..., se:cdpVersion: 85.0, setWindowRect: true, strictFileInteractability: false, timeouts: {implicit: 0, pageLoad: 300000, script: 30000}, unhandledPromptBehavior: dismiss and notify, userAgent: Mozilla/5.0 (Windows NT 10....}
Session ID: 4e99c12a-9adc-47b4-96bc-cf637175c876
	at java.base/jdk.internal.reflect.DirectConstructorHandleAccessor.newInstance(DirectConstructorHandleAccessor.java:62)
	at java.base/java.lang.reflect.Constructor.newInstanceWithCaller(Constructor.java:502)
	at java.base/java.lang.reflect.Constructor.newInstance(Constructor.java:486)
	at org.openqa.selenium.remote.ErrorCodec.decode(ErrorCodec.java:167)
	at org.openqa.selenium.remote.codec.w3c.W3CHttpResponseCodec.decode(W3CHttpResponseCodec.java:138)
	at org.openqa.selenium.remote.codec.w3c.W3CHttpResponseCodec.decode(W3CHttpResponseCodec.java:50)
	at org.openqa.selenium.remote.HttpCommandExecutor.execute(HttpCommandExecutor.java:190)
	at org.openqa.selenium.remote.service.DriverCommandExecutor.invokeExecute(DriverCommandExecutor.java:216)
	at org.openqa.selenium.remote.service.DriverCommandExecutor.execute(DriverCommandExecutor.java:174)
	at org.openqa.selenium.remote.RemoteWebDriver.execute(RemoteWebDriver.java:545)
	at org.openqa.selenium.remote.RemoteWebDriver.execute(RemoteWebDriver.java:618)
	at org.openqa.selenium.remote.RemoteWebDriver.execute(RemoteWebDriver.java:622)
	at org.openqa.selenium.remote.RemoteWebDriver$RemoteTargetLocator.alert(RemoteWebDriver.java:1190)
	at PageObjects.IntroductionPage.getAlertText(IntroductionPage.java:134)
	at StepDefinitions.DSIntroductionDetails.the_user_should_able_to_see_an_error_message_in_alert_window(DSIntroductionDetails.java:203)
	at ✽.The user should able to see an error message in alert window(file:///C:/Projects/newFolder-3/Repo1/src/test/resources/Features/QueueDetails.feature:28)
&amp#27;[0m
[ERROR] 2024-12-17 10:02:38.253 [TestNG-PoolService-3] Hooks - ======================  TEST CASE FAILED !! ======================

    Embedding screenshot [image/png 37860 bytes]

[INFO ] 2024-12-17 10:02:38.354 [TestNG-PoolService-3] Hooks - ======================  Screenshot is captured  ======================
[INFO ] 2024-12-17 10:02:38.354 [TestNG-PoolService-3] Hooks - ======================  Test Execution is completed!! ======================
]]></system-out>
  </testcase>
  <testcase name="runScenario[&quot;No error message displayed for empty code on try editor for Implementation of Queue in python&quot;, &quot;Queue Details page&quot;](108)" classname="TestRunners.TestRunner" time="9.935">
    <system-out><![CDATA[
Scenario: Validate user can navigate to Implementation using collections.deque &amp#27;[90m# src/test/resources/Features/QueueDetails.feature:35&amp#27;[0m
  &amp#27;[32mGiven &amp#27;[0m&amp#27;[32mThe user is on the DS Introduction page as signedIn&amp#27;[0m                                             &amp#27;[90m# StepDefinitions.DSIntroductionDetails.the_user_is_on_the_ds_introduction_page_as_signed_in()&amp#27;[0m
  &amp#27;[32mWhen &amp#27;[0m&amp#27;[32mThe user clicks on Get started link for Queue&amp#27;[0m                                                    &amp#27;[90m# StepDefinitions.QueueStepDefinitions.the_user_clicks_on_get_started_link_for_queue()&amp#27;[0m
  &amp#27;[32mGiven &amp#27;[0m&amp#27;[32mThe user is on the DS Introduction page as signedIn&amp#27;[0m                                &amp#27;[90m# StepDefinitions.DSIntroductionDetails.the_user_is_on_the_ds_introduction_page_as_signed_in()&amp#27;[0m
  &amp#27;[32mGiven &amp#27;[0m&amp#27;[32mThe user on implementation Queue in python page&amp#27;[0m                                                 &amp#27;[90m# StepDefinitions.QueueStepDefinitions.the_user_on_implementation_queue_in_python_page()&amp#27;[0m
  &amp#27;[32mWhen &amp#27;[0m&amp#27;[32mThe user clicks on Get started link for Queue&amp#27;[0m                                       &amp#27;[90m# StepDefinitions.QueueStepDefinitions.the_user_clicks_on_get_started_link_for_queue()&amp#27;[0m
  &amp#27;[32mGiven &amp#27;[0m&amp#27;[32mThe user is on the DS Introduction page as signedIn&amp#27;[0m                    &amp#27;[90m# StepDefinitions.DSIntroductionDetails.the_user_is_on_the_ds_introduction_page_as_signed_in()&amp#27;[0m
  &amp#27;[32mGiven &amp#27;[0m&amp#27;[32mThe user on implementation Queue in python page&amp#27;[0m                                    &amp#27;[90m# StepDefinitions.QueueStepDefinitions.the_user_on_implementation_queue_in_python_page()&amp#27;[0m
  &amp#27;[32mWhen &amp#27;[0m&amp#27;[32mThe user clicks on Get started link for Queue&amp#27;[0m                           &amp#27;[90m# StepDefinitions.QueueStepDefinitions.the_user_clicks_on_get_started_link_for_queue()&amp#27;[0m
  &amp#27;[32mGiven &amp#27;[0m&amp#27;[32mThe user is on Queue Details page&amp#27;[0m                                      &amp#27;[90m# StepDefinitions.QueueStepDefinitions.the_user_is_on_queue_details_page()&amp#27;[0m
  &amp#27;[32mWhen &amp#27;[0m&amp#27;[32mUser writes invalid code and clicks run button&amp#27;[0m                                                   &amp#27;[90m# StepDefinitions.DSIntroductionDetails.user_writes_invalid_code_and_clicks_run_button()&amp#27;[0m
  &amp#27;[32mThen &amp#27;[0m&amp#27;[32mThe user should able to see an error message in alert window&amp#27;[0m                                     &amp#27;[90m# StepDefinitions.DSIntroductionDetails.the_user_should_able_to_see_an_error_message_in_alert_window()&amp#27;[0m
[INFO ] 2024-12-17 10:18:20.406 [TestNG-PoolService-2] Hooks - ======================  Test Execution is completed!! ======================
  &amp#27;[32mWhen &amp#27;[0m&amp#27;[32mThe user click on Implementation using collections.deque link&amp#27;[0m           &amp#27;[90m# StepDefinitions.QueueStepDefinitions.the_user_click_on_implementation_using_collections_deque_link()&amp#27;[0m
  &amp#27;[32mThen &amp#27;[0m&amp#27;[32mthe user is navigated to Queue in collections.deque&amp#27;[0m                     &amp#27;[90m# StepDefinitions.QueueStepDefinitions.the_user_is_navigated_to_queue_in_collections_deque()&amp#27;[0m
[INFO ] 2024-12-17 10:18:20.679 [TestNG-PoolService-1] Hooks - ======================  Test Execution is completed!! ======================
  &amp#27;[32mWhen &amp#27;[0m&amp#27;[32mUser writes valid code and clicks run button&amp#27;[0m                                        &amp#27;[90m# StepDefinitions.DSIntroductionDetails.user_writes_valid_code_and_clicks_run_button()&amp#27;[0m
  &amp#27;[32mThen &amp#27;[0m&amp#27;[32mThe user should able to see output in the console&amp#27;[0m                                   &amp#27;[90m# StepDefinitions.DSIntroductionDetails.the_user_should_able_to_see_output_in_the_console()&amp#27;[0m
[INFO ] 2024-12-17 10:18:21.087 [TestNG-PoolService-3] Hooks - ======================  Test Execution is completed!! ======================
]]></system-out>
    <system-err><![CDATA[Dec 17, 2024 10:18:13 AM org.openqa.selenium.devtools.CdpVersionFinder findNearestMatch
WARNING: Unable to find an exact match for CDP version 131, returning the closest version; found: 130; Please update to a Selenium version that supports CDP version 131
Dec 17, 2024 10:18:15 AM org.openqa.selenium.devtools.CdpVersionFinder findNearestMatch
WARNING: Unable to find an exact match for CDP version 131, returning the closest version; found: 130; Please update to a Selenium version that supports CDP version 131
Dec 17, 2024 10:18:16 AM org.openqa.selenium.devtools.CdpVersionFinder findNearestMatch
WARNING: Unable to find an exact match for CDP version 131, returning the closest version; found: 130; Please update to a Selenium version that supports CDP version 131
]]></system-err>
  </testcase>
  <testcase name="runScenario[&quot;Validate user can navigate to Implementation using collections.deque&quot;, &quot;Queue Details page&quot;](109)" classname="TestRunners.TestRunner" time="2.142">
    <system-out><![CDATA[
Scenario: Validate user can open try editor page from Implementation using collections.deque &amp#27;[90m# src/test/resources/Features/QueueDetails.feature:40&amp#27;[0m
  &amp#27;[32mGiven &amp#27;[0m&amp#27;[32mThe user is on the DS Introduction page as signedIn&amp#27;[0m                                &amp#27;[90m# StepDefinitions.DSIntroductionDetails.the_user_is_on_the_ds_introduction_page_as_signed_in()&amp#27;[0m
  &amp#27;[32mGiven &amp#27;[0m&amp#27;[32mThe user is on the DS Introduction page as signedIn&amp#27;[0m                    &amp#27;[90m# StepDefinitions.DSIntroductionDetails.the_user_is_on_the_ds_introduction_page_as_signed_in()&amp#27;[0m
  &amp#27;[32mWhen &amp#27;[0m&amp#27;[32mThe user clicks on Get started link for Queue&amp#27;[0m                                       &amp#27;[90m# StepDefinitions.QueueStepDefinitions.the_user_clicks_on_get_started_link_for_queue()&amp#27;[0m
  &amp#27;[32mWhen &amp#27;[0m&amp#27;[32mThe user clicks on Get started link for Queue&amp#27;[0m                           &amp#27;[90m# StepDefinitions.QueueStepDefinitions.the_user_clicks_on_get_started_link_for_queue()&amp#27;[0m
  &amp#27;[32mGiven &amp#27;[0m&amp#27;[32mThe user on implementation Queue in python page&amp#27;[0m                                    &amp#27;[90m# StepDefinitions.QueueStepDefinitions.the_user_on_implementation_queue_in_python_page()&amp#27;[0m
  &amp#27;[32mGiven &amp#27;[0m&amp#27;[32mThe user is on Queue Details page&amp#27;[0m                                      &amp#27;[90m# StepDefinitions.QueueStepDefinitions.the_user_is_on_queue_details_page()&amp#27;[0m
  &amp#27;[32mWhen &amp#27;[0m&amp#27;[32mThe user click on Implementation using collections.deque link&amp#27;[0m           &amp#27;[90m# StepDefinitions.QueueStepDefinitions.the_user_click_on_implementation_using_collections_deque_link()&amp#27;[0m
  &amp#27;[32mThen &amp#27;[0m&amp#27;[32mthe user is navigated to Queue in collections.deque&amp#27;[0m                     &amp#27;[90m# StepDefinitions.QueueStepDefinitions.the_user_is_navigated_to_queue_in_collections_deque()&amp#27;[0m
[INFO ] 2024-12-17 09:48:56.097 [TestNG-PoolService-2] Hooks - ======================  Test Execution is completed!! ======================
]]></system-out>
    <system-err><![CDATA[Dec 17, 2024 9:48:55 AM org.openqa.selenium.devtools.CdpVersionFinder findNearestMatch
WARNING: Unable to find an exact match for CDP version 131, returning the closest version; found: 130; Please update to a Selenium version that supports CDP version 131
]]></system-err>
  </testcase>
  <testcase name="runScenario[&quot;Validate user can navigate to Implementation using collections.deque&quot;, &quot;Queue Details page&quot;](109)" classname="TestRunners.TestRunner" time="0.265">
    <system-out><![CDATA[
Scenario: Validate user can open try editor page from Implementation using collections.deque &amp#27;[90m# src/test/resources/Features/QueueDetails.feature:40&amp#27;[0m
]]></system-out>
  </testcase>
  <testcase name="runScenario[&quot;Valid code on try editor for Implementation of Queue in python runs successfully&quot;, &quot;Queue Details page&quot;](110)" classname="TestRunners.TestRunner" time="0.477">
    <system-out><![CDATA[
Scenario: Error message displayed for invalid code on try editor for Implementation using collections.deque &amp#27;[90m# src/test/resources/Features/QueueDetails.feature:45&amp#27;[0m
  &amp#27;[32mWhen &amp#27;[0m&amp#27;[32mUser writes valid code and clicks run button&amp#27;[0m                                        &amp#27;[90m# StepDefinitions.DSIntroductionDetails.user_writes_valid_code_and_clicks_run_button()&amp#27;[0m
  &amp#27;[32mThen &amp#27;[0m&amp#27;[32mThe user should able to see output in the console&amp#27;[0m                                   &amp#27;[90m# StepDefinitions.DSIntroductionDetails.the_user_should_able_to_see_output_in_the_console()&amp#27;[0m
[INFO ] 2024-12-17 09:48:56.559 [TestNG-PoolService-1] Hooks - ======================  Test Execution is completed!! ======================
]]></system-out>
  </testcase>
  <testcase name="runScenario[&quot;Valid code on try editor for Implementation of Queue in python runs successfully&quot;, &quot;Queue Details page&quot;](110)" classname="TestRunners.TestRunner" time="0.365">
    <system-out><![CDATA[
Scenario: Error message displayed for invalid code on try editor for Implementation using collections.deque &amp#27;[90m# src/test/resources/Features/QueueDetails.feature:45&amp#27;[0m
]]></system-out>
  </testcase>
  <testcase name="runScenario[&quot;Validate user can open try editor page from Implementation using collections.deque&quot;, &quot;Queue Details page&quot;](111)" classname="TestRunners.TestRunner" time="3.271">
    <system-out><![CDATA[
Scenario: No error message displayed for empty code on try editor for Implementation using collections.deque &amp#27;[90m# src/test/resources/Features/QueueDetails.feature:50&amp#27;[0m
  &amp#27;[32mGiven &amp#27;[0m&amp#27;[32mThe user is on the DS Introduction page as signedIn&amp#27;[0m                                  &amp#27;[90m# StepDefinitions.DSIntroductionDetails.the_user_is_on_the_ds_introduction_page_as_signed_in()&amp#27;[0m
  &amp#27;[32mWhen &amp#27;[0m&amp#27;[32mThe user clicks on Get started link for Queue&amp#27;[0m                                         &amp#27;[90m# StepDefinitions.QueueStepDefinitions.the_user_clicks_on_get_started_link_for_queue()&amp#27;[0m
  &amp#27;[32mGiven &amp#27;[0m&amp#27;[32mThe user on Implementation using collection.deque in python page&amp#27;[0m                     &amp#27;[90m# StepDefinitions.QueueStepDefinitions.the_user_on_implementation_using_collection_deque_in_python_page()&amp#27;[0m
  &amp#27;[32mWhen &amp#27;[0m&amp#27;[32mUser clicks Try here link&amp#27;[0m                                                             &amp#27;[90m# StepDefinitions.DSIntroductionDetails.user_clicks_try_here_link()&amp#27;[0m
  &amp#27;[32mThen &amp#27;[0m&amp#27;[32mUser should navigate to tryEditor page&amp#27;[0m                                                &amp#27;[90m# StepDefinitions.DSIntroductionDetails.user_should_navigate_to_try_editor_page()&amp#27;[0m
[INFO ] 2024-12-17 09:48:59.774 [TestNG-PoolService-3] Hooks - ======================  Test Execution is completed!! ======================
  &amp#27;[32mGiven &amp#27;[0m&amp#27;[32mThe user is on the DS Introduction page as signedIn&amp#27;[0m                                                 &amp#27;[90m# StepDefinitions.DSIntroductionDetails.the_user_is_on_the_ds_introduction_page_as_signed_in()&amp#27;[0m
]]></system-out>
    <system-err><![CDATA[Dec 17, 2024 9:48:57 AM org.openqa.selenium.devtools.CdpVersionFinder findNearestMatch
WARNING: Unable to find an exact match for CDP version 131, returning the closest version; found: 130; Please update to a Selenium version that supports CDP version 131
Dec 17, 2024 9:48:58 AM org.openqa.selenium.devtools.CdpVersionFinder findNearestMatch
WARNING: Unable to find an exact match for CDP version 131, returning the closest version; found: 130; Please update to a Selenium version that supports CDP version 131
]]></system-err>
  </testcase>
  <testcase name="runScenario[&quot;Validate user can open try editor page from Implementation using collections.deque&quot;, &quot;Queue Details page&quot;](111)" classname="TestRunners.TestRunner" time="3.797">
    <system-out><![CDATA[
Scenario: No error message displayed for empty code on try editor for Implementation using collections.deque &amp#27;[90m# src/test/resources/Features/QueueDetails.feature:50&amp#27;[0m
  &amp#27;[32mGiven &amp#27;[0m&amp#27;[32mThe user is on the DS Introduction page as signedIn&amp#27;[0m                                  &amp#27;[90m# StepDefinitions.DSIntroductionDetails.the_user_is_on_the_ds_introduction_page_as_signed_in()&amp#27;[0m
  &amp#27;[32mWhen &amp#27;[0m&amp#27;[32mThe user clicks on Get started link for Queue&amp#27;[0m                                         &amp#27;[90m# StepDefinitions.QueueStepDefinitions.the_user_clicks_on_get_started_link_for_queue()&amp#27;[0m
  &amp#27;[32mGiven &amp#27;[0m&amp#27;[32mThe user on Implementation using collection.deque in python page&amp#27;[0m                     &amp#27;[90m# StepDefinitions.QueueStepDefinitions.the_user_on_implementation_using_collection_deque_in_python_page()&amp#27;[0m
  &amp#27;[32mWhen &amp#27;[0m&amp#27;[32mUser clicks Try here link&amp#27;[0m                                                             &amp#27;[90m# StepDefinitions.DSIntroductionDetails.user_clicks_try_here_link()&amp#27;[0m
  &amp#27;[32mThen &amp#27;[0m&amp#27;[32mUser should navigate to tryEditor page&amp#27;[0m                                                &amp#27;[90m# StepDefinitions.DSIntroductionDetails.user_should_navigate_to_try_editor_page()&amp#27;[0m
[INFO ] 2024-12-17 10:02:50.554 [TestNG-PoolService-3] Hooks - ======================  Test Execution is completed!! ======================
]]></system-out>
  </testcase>
  <testcase name="runScenario[&quot;Validate user can open try editor page from Implementation using collections.deque&quot;, &quot;Queue Details page&quot;](111)" classname="TestRunners.TestRunner" time="8.334">
    <system-out><![CDATA[
Scenario: No error message displayed for empty code on try editor for Implementation using collections.deque &amp#27;[90m# src/test/resources/Features/QueueDetails.feature:50&amp#27;[0m
  &amp#27;[32mGiven &amp#27;[0m&amp#27;[32mThe user is on the DS Introduction page as signedIn&amp#27;[0m                                  &amp#27;[90m# StepDefinitions.DSIntroductionDetails.the_user_is_on_the_ds_introduction_page_as_signed_in()&amp#27;[0m
  &amp#27;[32mWhen &amp#27;[0m&amp#27;[32mThe user clicks on Get started link for Queue&amp#27;[0m                                         &amp#27;[90m# StepDefinitions.QueueStepDefinitions.the_user_clicks_on_get_started_link_for_queue()&amp#27;[0m
  &amp#27;[32mGiven &amp#27;[0m&amp#27;[32mThe user is on the DS Introduction page as signedIn&amp#27;[0m                                                 &amp#27;[90m# StepDefinitions.DSIntroductionDetails.the_user_is_on_the_ds_introduction_page_as_signed_in()&amp#27;[0m
  &amp#27;[32mGiven &amp#27;[0m&amp#27;[32mThe user on Implementation using collection.deque in python page&amp#27;[0m                     &amp#27;[90m# StepDefinitions.QueueStepDefinitions.the_user_on_implementation_using_collection_deque_in_python_page()&amp#27;[0m
  &amp#27;[32mWhen &amp#27;[0m&amp#27;[32mThe user clicks on Get started link for Queue&amp#27;[0m                                                        &amp#27;[90m# StepDefinitions.QueueStepDefinitions.the_user_clicks_on_get_started_link_for_queue()&amp#27;[0m
  &amp#27;[32mGiven &amp#27;[0m&amp#27;[32mThe user is on the DS Introduction page as signedIn&amp#27;[0m                                                  &amp#27;[90m# StepDefinitions.DSIntroductionDetails.the_user_is_on_the_ds_introduction_page_as_signed_in()&amp#27;[0m
  &amp#27;[32mGiven &amp#27;[0m&amp#27;[32mThe user on Implementation using collection.deque in python page&amp#27;[0m                                    &amp#27;[90m# StepDefinitions.QueueStepDefinitions.the_user_on_implementation_using_collection_deque_in_python_page()&amp#27;[0m
  &amp#27;[32mWhen &amp#27;[0m&amp#27;[32mThe user clicks on Get started link for Queue&amp#27;[0m                                                         &amp#27;[90m# StepDefinitions.QueueStepDefinitions.the_user_clicks_on_get_started_link_for_queue()&amp#27;[0m
  &amp#27;[32mWhen &amp#27;[0m&amp#27;[32mUser clicks Try here link&amp#27;[0m                                                             &amp#27;[90m# StepDefinitions.DSIntroductionDetails.user_clicks_try_here_link()&amp#27;[0m
  &amp#27;[32mThen &amp#27;[0m&amp#27;[32mUser should navigate to tryEditor page&amp#27;[0m                                                &amp#27;[90m# StepDefinitions.DSIntroductionDetails.user_should_navigate_to_try_editor_page()&amp#27;[0m
[INFO ] 2024-12-17 10:18:29.426 [TestNG-PoolService-2] Hooks - ======================  Test Execution is completed!! ======================
  &amp#27;[32mGiven &amp#27;[0m&amp#27;[32mThe user on Implementation using collection.deque in python page&amp#27;[0m                                     &amp#27;[90m# StepDefinitions.QueueStepDefinitions.the_user_on_implementation_using_collection_deque_in_python_page()&amp#27;[0m
  &amp#27;[32mWhen &amp#27;[0m&amp#27;[32mUser writes invalid code and clicks run button&amp#27;[0m                                                       &amp#27;[90m# StepDefinitions.DSIntroductionDetails.user_writes_invalid_code_and_clicks_run_button()&amp#27;[0m
  &amp#27;[32mThen &amp#27;[0m&amp#27;[32mThe user should able to see an error message in alert window&amp#27;[0m                                         &amp#27;[90m# StepDefinitions.DSIntroductionDetails.the_user_should_able_to_see_an_error_message_in_alert_window()&amp#27;[0m
[INFO ] 2024-12-17 10:18:30.227 [TestNG-PoolService-1] Hooks - ======================  Test Execution is completed!! ======================
  &amp#27;[32mWhen &amp#27;[0m&amp#27;[32mUser clicks on run button with empty code&amp#27;[0m                                                             &amp#27;[90m# StepDefinitions.DSIntroductionDetails.user_clicks_on_run_button_with_empty_code()&amp#27;[0m
  &amp#27;[32mThen &amp#27;[0m&amp#27;[32mThe user should not see any error message or alert&amp#27;[0m                                                    &amp#27;[90m# StepDefinitions.DSIntroductionDetails.the_user_should_not_see_any_error_message_or_alert()&amp#27;[0m
[INFO ] 2024-12-17 10:18:30.612 [TestNG-PoolService-3] Hooks - ======================  Test Execution is completed!! ======================
]]></system-out>
    <system-err><![CDATA[Dec 17, 2024 10:18:24 AM org.openqa.selenium.devtools.CdpVersionFinder findNearestMatch
WARNING: Unable to find an exact match for CDP version 131, returning the closest version; found: 130; Please update to a Selenium version that supports CDP version 131
Dec 17, 2024 10:18:25 AM org.openqa.selenium.devtools.CdpVersionFinder findNearestMatch
WARNING: Unable to find an exact match for CDP version 131, returning the closest version; found: 130; Please update to a Selenium version that supports CDP version 131
Dec 17, 2024 10:18:25 AM org.openqa.selenium.devtools.CdpVersionFinder findNearestMatch
WARNING: Unable to find an exact match for CDP version 131, returning the closest version; found: 130; Please update to a Selenium version that supports CDP version 131
]]></system-err>
  </testcase>
  <testcase name="runScenario[&quot;Error message displayed for invalid code on try editor for Implementation using collections.deque&quot;, &quot;Queue Details page&quot;](112)" classname="TestRunners.TestRunner" time="2.034">
    <system-out><![CDATA[
Scenario: Valid code on try editor for Implementation using collections.deque runs successfully &amp#27;[90m# src/test/resources/Features/QueueDetails.feature:55&amp#27;[0m
  &amp#27;[32mWhen &amp#27;[0m&amp#27;[32mThe user clicks on Get started link for Queue&amp#27;[0m                                                        &amp#27;[90m# StepDefinitions.QueueStepDefinitions.the_user_clicks_on_get_started_link_for_queue()&amp#27;[0m
  &amp#27;[32mGiven &amp#27;[0m&amp#27;[32mThe user is on the DS Introduction page as signedIn&amp#27;[0m                                                  &amp#27;[90m# StepDefinitions.DSIntroductionDetails.the_user_is_on_the_ds_introduction_page_as_signed_in()&amp#27;[0m
  &amp#27;[32mGiven &amp#27;[0m&amp#27;[32mThe user on Implementation using collection.deque in python page&amp#27;[0m                                    &amp#27;[90m# StepDefinitions.QueueStepDefinitions.the_user_on_implementation_using_collection_deque_in_python_page()&amp#27;[0m
  &amp#27;[32mWhen &amp#27;[0m&amp#27;[32mThe user clicks on Get started link for Queue&amp#27;[0m                                                         &amp#27;[90m# StepDefinitions.QueueStepDefinitions.the_user_clicks_on_get_started_link_for_queue()&amp#27;[0m
  &amp#27;[32mGiven &amp#27;[0m&amp#27;[32mThe user on Implementation using collection.deque in python page&amp#27;[0m                                     &amp#27;[90m# StepDefinitions.QueueStepDefinitions.the_user_on_implementation_using_collection_deque_in_python_page()&amp#27;[0m
  &amp#27;[32mWhen &amp#27;[0m&amp#27;[32mUser writes invalid code and clicks run button&amp#27;[0m                                                       &amp#27;[90m# StepDefinitions.DSIntroductionDetails.user_writes_invalid_code_and_clicks_run_button()&amp#27;[0m
  &amp#27;[32mThen &amp#27;[0m&amp#27;[32mThe user should able to see an error message in alert window&amp#27;[0m                                         &amp#27;[90m# StepDefinitions.DSIntroductionDetails.the_user_should_able_to_see_an_error_message_in_alert_window()&amp#27;[0m
[INFO ] 2024-12-17 09:49:01.770 [TestNG-PoolService-2] Hooks - ======================  Test Execution is completed!! ======================
]]></system-out>
    <system-err><![CDATA[Dec 17, 2024 9:49:01 AM org.openqa.selenium.devtools.CdpVersionFinder findNearestMatch
WARNING: Unable to find an exact match for CDP version 131, returning the closest version; found: 130; Please update to a Selenium version that supports CDP version 131
]]></system-err>
  </testcase>
  <testcase name="runScenario[&quot;Error message displayed for invalid code on try editor for Implementation using collections.deque&quot;, &quot;Queue Details page&quot;](112)" classname="TestRunners.TestRunner" time="4.994">
    <system-out><![CDATA[
Scenario: Valid code on try editor for Implementation using collections.deque runs successfully &amp#27;[90m# src/test/resources/Features/QueueDetails.feature:55&amp#27;[0m
  &amp#27;[32mGiven &amp#27;[0m&amp#27;[32mThe user is on the DS Introduction page as signedIn&amp#27;[0m                                                 &amp#27;[90m# StepDefinitions.DSIntroductionDetails.the_user_is_on_the_ds_introduction_page_as_signed_in()&amp#27;[0m
  &amp#27;[32mWhen &amp#27;[0m&amp#27;[32mThe user clicks on Get started link for Queue&amp#27;[0m                                                        &amp#27;[90m# StepDefinitions.QueueStepDefinitions.the_user_clicks_on_get_started_link_for_queue()&amp#27;[0m
  &amp#27;[32mGiven &amp#27;[0m&amp#27;[32mThe user on Implementation using collection.deque in python page&amp#27;[0m                                    &amp#27;[90m# StepDefinitions.QueueStepDefinitions.the_user_on_implementation_using_collection_deque_in_python_page()&amp#27;[0m
  &amp#27;[32mWhen &amp#27;[0m&amp#27;[32mUser writes invalid code and clicks run button&amp#27;[0m                                                       &amp#27;[90m# StepDefinitions.DSIntroductionDetails.user_writes_invalid_code_and_clicks_run_button()&amp#27;[0m
  &amp#27;[32mThen &amp#27;[0m&amp#27;[32mThe user should able to see an error message in alert window&amp#27;[0m                                         &amp#27;[90m# StepDefinitions.DSIntroductionDetails.the_user_should_able_to_see_an_error_message_in_alert_window()&amp#27;[0m
[INFO ] 2024-12-17 10:02:55.137 [TestNG-PoolService-1] Hooks - ======================  Test Execution is completed!! ======================
  &amp#27;[32mGiven &amp#27;[0m&amp#27;[32mThe user is on the DS Introduction page as signedIn&amp#27;[0m                                                  &amp#27;[90m# StepDefinitions.DSIntroductionDetails.the_user_is_on_the_ds_introduction_page_as_signed_in()&amp#27;[0m
  &amp#27;[32mWhen &amp#27;[0m&amp#27;[32mThe user clicks on Get started link for Queue&amp#27;[0m                                                         &amp#27;[90m# StepDefinitions.QueueStepDefinitions.the_user_clicks_on_get_started_link_for_queue()&amp#27;[0m
]]></system-out>
  </testcase>
  <testcase name="runScenario[&quot;Error message displayed for invalid code on try editor for Implementation using collections.deque&quot;, &quot;Queue Details page&quot;](112)" classname="TestRunners.TestRunner" time="0.743">
    <system-out><![CDATA[
Scenario: Valid code on try editor for Implementation using collections.deque runs successfully &amp#27;[90m# src/test/resources/Features/QueueDetails.feature:55&amp#27;[0m
]]></system-out>
  </testcase>
  <testcase name="runScenario[&quot;No error message displayed for empty code on try editor for Implementation using collections.deque&quot;, &quot;Queue Details page&quot;](113)" classname="TestRunners.TestRunner" time="0.496">
    <system-out><![CDATA[
Scenario: Validate user can navigate to Implementation using collections.deque &amp#27;[90m# src/test/resources/Features/QueueDetails.feature:60&amp#27;[0m
  &amp#27;[32mWhen &amp#27;[0m&amp#27;[32mUser clicks on run button with empty code&amp#27;[0m                                                             &amp#27;[90m# StepDefinitions.DSIntroductionDetails.user_clicks_on_run_button_with_empty_code()&amp#27;[0m
  &amp#27;[32mThen &amp#27;[0m&amp#27;[32mThe user should not see any error message or alert&amp#27;[0m                                                    &amp#27;[90m# StepDefinitions.DSIntroductionDetails.the_user_should_not_see_any_error_message_or_alert()&amp#27;[0m
[INFO ] 2024-12-17 09:49:02.408 [TestNG-PoolService-1] Hooks - ======================  Test Execution is completed!! ======================
]]></system-out>
  </testcase>
  <testcase name="runScenario[&quot;No error message displayed for empty code on try editor for Implementation using collections.deque&quot;, &quot;Queue Details page&quot;](113)" classname="TestRunners.TestRunner" time="3.715">
    <system-out><![CDATA[
Scenario: Validate user can navigate to Implementation using collections.deque &amp#27;[90m# src/test/resources/Features/QueueDetails.feature:60&amp#27;[0m
  &amp#27;[32mGiven &amp#27;[0m&amp#27;[32mThe user on Implementation using collection.deque in python page&amp#27;[0m                                     &amp#27;[90m# StepDefinitions.QueueStepDefinitions.the_user_on_implementation_using_collection_deque_in_python_page()&amp#27;[0m
  &amp#27;[32mWhen &amp#27;[0m&amp#27;[32mUser clicks on run button with empty code&amp#27;[0m                                                             &amp#27;[90m# StepDefinitions.DSIntroductionDetails.user_clicks_on_run_button_with_empty_code()&amp#27;[0m
  &amp#27;[32mThen &amp#27;[0m&amp#27;[32mThe user should not see any error message or alert&amp#27;[0m                                                    &amp#27;[90m# StepDefinitions.DSIntroductionDetails.the_user_should_not_see_any_error_message_or_alert()&amp#27;[0m
[INFO ] 2024-12-17 10:02:58.817 [TestNG-PoolService-2] Hooks - ======================  Test Execution is completed!! ======================
  &amp#27;[32mGiven &amp#27;[0m&amp#27;[32mThe user is on the DS Introduction page as signedIn&amp#27;[0m                                     &amp#27;[90m# StepDefinitions.DSIntroductionDetails.the_user_is_on_the_ds_introduction_page_as_signed_in()&amp#27;[0m
]]></system-out>
  </testcase>
  <testcase name="runScenario[&quot;No error message displayed for empty code on try editor for Implementation using collections.deque&quot;, &quot;Queue Details page&quot;](113)" classname="TestRunners.TestRunner" time="0.372">
    <system-out><![CDATA[
Scenario: Validate user can navigate to Implementation using collections.deque &amp#27;[90m# src/test/resources/Features/QueueDetails.feature:60&amp#27;[0m
]]></system-out>
  </testcase>
  <testcase name="runScenario[&quot;Valid code on try editor for Implementation using collections.deque runs successfully&quot;, &quot;Queue Details page&quot;](114)" classname="TestRunners.TestRunner" time="4.022">
    <system-out><![CDATA[
Scenario: Validate user can open try editor page from Implementation using collections.deque &amp#27;[90m# src/test/resources/Features/QueueDetails.feature:65&amp#27;[0m
  &amp#27;[32mGiven &amp#27;[0m&amp#27;[32mThe user is on the DS Introduction page as signedIn&amp#27;[0m                                     &amp#27;[90m# StepDefinitions.DSIntroductionDetails.the_user_is_on_the_ds_introduction_page_as_signed_in()&amp#27;[0m
  &amp#27;[32mWhen &amp#27;[0m&amp#27;[32mThe user clicks on Get started link for Queue&amp#27;[0m                                            &amp#27;[90m# StepDefinitions.QueueStepDefinitions.the_user_clicks_on_get_started_link_for_queue()&amp#27;[0m
  &amp#27;[32mGiven &amp#27;[0m&amp#27;[32mThe user on Implementation using collection.deque in python page&amp#27;[0m                        &amp#27;[90m# StepDefinitions.QueueStepDefinitions.the_user_on_implementation_using_collection_deque_in_python_page()&amp#27;[0m
  &amp#27;[32mWhen &amp#27;[0m&amp#27;[32mUser writes valid code and clicks run button&amp#27;[0m                                             &amp#27;[90m# StepDefinitions.DSIntroductionDetails.user_writes_valid_code_and_clicks_run_button()&amp#27;[0m
  &amp#27;[32mGiven &amp#27;[0m&amp#27;[32mThe user is on the DS Introduction page as signedIn&amp#27;[0m                    &amp#27;[90m# StepDefinitions.DSIntroductionDetails.the_user_is_on_the_ds_introduction_page_as_signed_in()&amp#27;[0m
  &amp#27;[32mThen &amp#27;[0m&amp#27;[32mThe user should able to see output in the console&amp#27;[0m                                        &amp#27;[90m# StepDefinitions.DSIntroductionDetails.the_user_should_able_to_see_output_in_the_console()&amp#27;[0m
[INFO ] 2024-12-17 09:49:06.198 [TestNG-PoolService-3] Hooks - ======================  Test Execution is completed!! ======================
  &amp#27;[32mWhen &amp#27;[0m&amp#27;[32mThe user clicks on Get started link for Queue&amp#27;[0m                           &amp#27;[90m# StepDefinitions.QueueStepDefinitions.the_user_clicks_on_get_started_link_for_queue()&amp#27;[0m
  &amp#27;[32mGiven &amp#27;[0m&amp#27;[32mThe user is on the DS Introduction page as signedIn&amp#27;[0m                                  &amp#27;[90m# StepDefinitions.DSIntroductionDetails.the_user_is_on_the_ds_introduction_page_as_signed_in()&amp#27;[0m
]]></system-out>
    <system-err><![CDATA[Dec 17, 2024 9:49:03 AM org.openqa.selenium.devtools.CdpVersionFinder findNearestMatch
WARNING: Unable to find an exact match for CDP version 131, returning the closest version; found: 130; Please update to a Selenium version that supports CDP version 131
Dec 17, 2024 9:49:04 AM org.openqa.selenium.devtools.CdpVersionFinder findNearestMatch
WARNING: Unable to find an exact match for CDP version 131, returning the closest version; found: 130; Please update to a Selenium version that supports CDP version 131
]]></system-err>
  </testcase>
  <testcase name="runScenario[&quot;Valid code on try editor for Implementation using collections.deque runs successfully&quot;, &quot;Queue Details page&quot;](114)" classname="TestRunners.TestRunner" time="3.983">
    <system-out><![CDATA[
Scenario: Validate user can open try editor page from Implementation using collections.deque &amp#27;[90m# src/test/resources/Features/QueueDetails.feature:65&amp#27;[0m
  &amp#27;[32mWhen &amp#27;[0m&amp#27;[32mThe user clicks on Get started link for Queue&amp#27;[0m                                            &amp#27;[90m# StepDefinitions.QueueStepDefinitions.the_user_clicks_on_get_started_link_for_queue()&amp#27;[0m
  &amp#27;[32mGiven &amp#27;[0m&amp#27;[32mThe user on Implementation using collection.deque in python page&amp#27;[0m                        &amp#27;[90m# StepDefinitions.QueueStepDefinitions.the_user_on_implementation_using_collection_deque_in_python_page()&amp#27;[0m
  &amp#27;[32mWhen &amp#27;[0m&amp#27;[32mUser writes valid code and clicks run button&amp#27;[0m                                             &amp#27;[90m# StepDefinitions.DSIntroductionDetails.user_writes_valid_code_and_clicks_run_button()&amp#27;[0m
  &amp#27;[32mThen &amp#27;[0m&amp#27;[32mThe user should able to see output in the console&amp#27;[0m                                        &amp#27;[90m# StepDefinitions.DSIntroductionDetails.the_user_should_able_to_see_output_in_the_console()&amp#27;[0m
[INFO ] 2024-12-17 10:03:02.871 [TestNG-PoolService-3] Hooks - ======================  Test Execution is completed!! ======================
]]></system-out>
  </testcase>
  <testcase name="runScenario[&quot;Validate user can navigate to Implementation using collections.deque&quot;, &quot;Queue Details page&quot;](115)" classname="TestRunners.TestRunner" time="0.914">
    <system-out><![CDATA[
Scenario: Error message displayed for invalid code on try editor for Implementation using collections.deque &amp#27;[90m# src/test/resources/Features/QueueDetails.feature:70&amp#27;[0m
  &amp#27;[32mGiven &amp#27;[0m&amp#27;[32mThe user is on Queue Details page&amp#27;[0m                                      &amp#27;[90m# StepDefinitions.QueueStepDefinitions.the_user_is_on_queue_details_page()&amp#27;[0m
  &amp#27;[32mWhen &amp#27;[0m&amp#27;[32mThe user clicks on Get started link for Queue&amp#27;[0m                                         &amp#27;[90m# StepDefinitions.QueueStepDefinitions.the_user_clicks_on_get_started_link_for_queue()&amp#27;[0m
  &amp#27;[32mWhen &amp#27;[0m&amp#27;[32mThe user click on Queue Operations&amp#27;[0m                                      &amp#27;[90m# StepDefinitions.QueueStepDefinitions.the_user_click_on_queue_operations()&amp#27;[0m
  &amp#27;[32mThen &amp#27;[0m&amp#27;[32mthe user is navigated to Queue Operations Page&amp#27;[0m                          &amp#27;[90m# StepDefinitions.QueueStepDefinitions.the_user_is_navigated_to_queue_operations_page()&amp#27;[0m
[INFO ] 2024-12-17 09:49:07.225 [TestNG-PoolService-2] Hooks - ======================  Test Execution is completed!! ======================
  &amp#27;[32mGiven &amp#27;[0m&amp#27;[32mThe user is on Queue Operations page&amp#27;[0m                                                 &amp#27;[90m# StepDefinitions.QueueStepDefinitions.the_user_is_on_queue_operations_page()&amp#27;[0m
]]></system-out>
  </testcase>
  <testcase name="runScenario[&quot;Validate user can navigate to Implementation using collections.deque&quot;, &quot;Queue Details page&quot;](115)" classname="TestRunners.TestRunner" time="3.762">
    <system-out><![CDATA[
Scenario: Error message displayed for invalid code on try editor for Implementation using collections.deque &amp#27;[90m# src/test/resources/Features/QueueDetails.feature:70&amp#27;[0m
  &amp#27;[32mGiven &amp#27;[0m&amp#27;[32mThe user is on the DS Introduction page as signedIn&amp#27;[0m                    &amp#27;[90m# StepDefinitions.DSIntroductionDetails.the_user_is_on_the_ds_introduction_page_as_signed_in()&amp#27;[0m
  &amp#27;[32mWhen &amp#27;[0m&amp#27;[32mThe user clicks on Get started link for Queue&amp#27;[0m                           &amp#27;[90m# StepDefinitions.QueueStepDefinitions.the_user_clicks_on_get_started_link_for_queue()&amp#27;[0m
  &amp#27;[32mGiven &amp#27;[0m&amp#27;[32mThe user is on Queue Details page&amp#27;[0m                                      &amp#27;[90m# StepDefinitions.QueueStepDefinitions.the_user_is_on_queue_details_page()&amp#27;[0m
  &amp#27;[32mWhen &amp#27;[0m&amp#27;[32mThe user click on Queue Operations&amp#27;[0m                                      &amp#27;[90m# StepDefinitions.QueueStepDefinitions.the_user_click_on_queue_operations()&amp#27;[0m
  &amp#27;[32mThen &amp#27;[0m&amp#27;[32mthe user is navigated to Queue Operations Page&amp#27;[0m                          &amp#27;[90m# StepDefinitions.QueueStepDefinitions.the_user_is_navigated_to_queue_operations_page()&amp#27;[0m
[INFO ] 2024-12-17 10:03:06.842 [TestNG-PoolService-1] Hooks - ======================  Test Execution is completed!! ======================
]]></system-out>
  </testcase>
  <testcase name="runScenario[&quot;Validate user can open try editor page from Implementation using collections.deque&quot;, &quot;Queue Details page&quot;](116)" classname="TestRunners.TestRunner" time="1.182">
    <system-out><![CDATA[
Scenario: No error message displayed for empty code on try editor for Implementation using collections.deque &amp#27;[90m# src/test/resources/Features/QueueDetails.feature:75&amp#27;[0m
  &amp#27;[32mWhen &amp#27;[0m&amp#27;[32mUser clicks Try here link&amp#27;[0m                                                             &amp#27;[90m# StepDefinitions.DSIntroductionDetails.user_clicks_try_here_link()&amp#27;[0m
  &amp#27;[32mThen &amp#27;[0m&amp#27;[32mUser should navigate to tryEditor page&amp#27;[0m                                                &amp#27;[90m# StepDefinitions.DSIntroductionDetails.user_should_navigate_to_try_editor_page()&amp#27;[0m
[INFO ] 2024-12-17 09:49:08.249 [TestNG-PoolService-1] Hooks - ======================  Test Execution is completed!! ======================
]]></system-out>
    <system-err><![CDATA[Dec 17, 2024 9:49:08 AM org.openqa.selenium.devtools.CdpVersionFinder findNearestMatch
WARNING: Unable to find an exact match for CDP version 131, returning the closest version; found: 130; Please update to a Selenium version that supports CDP version 131
]]></system-err>
  </testcase>
  <testcase name="runScenario[&quot;Validate user can open try editor page from Implementation using collections.deque&quot;, &quot;Queue Details page&quot;](116)" classname="TestRunners.TestRunner" time="5.282">
    <system-out><![CDATA[
Scenario: No error message displayed for empty code on try editor for Implementation using collections.deque &amp#27;[90m# src/test/resources/Features/QueueDetails.feature:75&amp#27;[0m
  &amp#27;[32mGiven &amp#27;[0m&amp#27;[32mThe user is on the DS Introduction page as signedIn&amp#27;[0m                                  &amp#27;[90m# StepDefinitions.DSIntroductionDetails.the_user_is_on_the_ds_introduction_page_as_signed_in()&amp#27;[0m
  &amp#27;[32mWhen &amp#27;[0m&amp#27;[32mThe user clicks on Get started link for Queue&amp#27;[0m                                         &amp#27;[90m# StepDefinitions.QueueStepDefinitions.the_user_clicks_on_get_started_link_for_queue()&amp#27;[0m
  &amp#27;[32mGiven &amp#27;[0m&amp#27;[32mThe user is on Queue Operations page&amp#27;[0m                                                 &amp#27;[90m# StepDefinitions.QueueStepDefinitions.the_user_is_on_queue_operations_page()&amp#27;[0m
  &amp#27;[32mWhen &amp#27;[0m&amp#27;[32mUser clicks Try here link&amp#27;[0m                                                             &amp#27;[90m# StepDefinitions.DSIntroductionDetails.user_clicks_try_here_link()&amp#27;[0m
  &amp#27;[32mThen &amp#27;[0m&amp#27;[32mUser should navigate to tryEditor page&amp#27;[0m                                                &amp#27;[90m# StepDefinitions.DSIntroductionDetails.user_should_navigate_to_try_editor_page()&amp#27;[0m
[INFO ] 2024-12-17 10:03:11.868 [TestNG-PoolService-2] Hooks - ======================  Test Execution is completed!! ======================
]]></system-out>
  </testcase>
  <testcase name="runScenario[&quot;Validate user can open try editor page from Implementation using collections.deque&quot;, &quot;Queue Details page&quot;](116)" classname="TestRunners.TestRunner" time="1.064">
    <system-out><![CDATA[
Scenario: No error message displayed for empty code on try editor for Implementation using collections.deque &amp#27;[90m# src/test/resources/Features/QueueDetails.feature:75&amp#27;[0m
]]></system-out>
  </testcase>
  <testcase name="runScenario[&quot;Error message displayed for invalid code on try editor for Implementation using collections.deque&quot;, &quot;Queue Details page&quot;](117)" classname="TestRunners.TestRunner" time="4.41">
    <system-out><![CDATA[
Scenario: Valid code on try editor for Implementation using collections.deque runs successfully &amp#27;[90m# src/test/resources/Features/QueueDetails.feature:80&amp#27;[0m
  &amp#27;[32mGiven &amp#27;[0m&amp#27;[32mThe user is on the DS Introduction page as signedIn&amp#27;[0m                                                 &amp#27;[90m# StepDefinitions.DSIntroductionDetails.the_user_is_on_the_ds_introduction_page_as_signed_in()&amp#27;[0m
  &amp#27;[32mWhen &amp#27;[0m&amp#27;[32mThe user clicks on Get started link for Queue&amp#27;[0m                                                        &amp#27;[90m# StepDefinitions.QueueStepDefinitions.the_user_clicks_on_get_started_link_for_queue()&amp#27;[0m
  &amp#27;[32mGiven &amp#27;[0m&amp#27;[32mThe user is on Queue Operations page&amp#27;[0m                                                                &amp#27;[90m# StepDefinitions.QueueStepDefinitions.the_user_is_on_queue_operations_page()&amp#27;[0m
  &amp#27;[32mGiven &amp#27;[0m&amp#27;[32mThe user is on the DS Introduction page as signedIn&amp#27;[0m                                                  &amp#27;[90m# StepDefinitions.DSIntroductionDetails.the_user_is_on_the_ds_introduction_page_as_signed_in()&amp#27;[0m
  &amp#27;[32mWhen &amp#27;[0m&amp#27;[32mThe user clicks on Get started link for Queue&amp#27;[0m                                                         &amp#27;[90m# StepDefinitions.QueueStepDefinitions.the_user_clicks_on_get_started_link_for_queue()&amp#27;[0m
  &amp#27;[32mWhen &amp#27;[0m&amp#27;[32mUser writes invalid code and clicks run button&amp#27;[0m                                                       &amp#27;[90m# StepDefinitions.DSIntroductionDetails.user_writes_invalid_code_and_clicks_run_button()&amp#27;[0m
  &amp#27;[32mThen &amp#27;[0m&amp#27;[32mThe user should able to see an error message in alert window&amp#27;[0m                                         &amp#27;[90m# StepDefinitions.DSIntroductionDetails.the_user_should_able_to_see_an_error_message_in_alert_window()&amp#27;[0m
[INFO ] 2024-12-17 09:49:12.697 [TestNG-PoolService-3] Hooks - ======================  Test Execution is completed!! ======================
  &amp#27;[32mGiven &amp#27;[0m&amp#27;[32mThe user is on the DS Introduction page as signedIn&amp#27;[0m                                     &amp#27;[90m# StepDefinitions.DSIntroductionDetails.the_user_is_on_the_ds_introduction_page_as_signed_in()&amp#27;[0m
  &amp#27;[32mGiven &amp#27;[0m&amp#27;[32mThe user is on Queue Operations page&amp#27;[0m                                                                 &amp#27;[90m# StepDefinitions.QueueStepDefinitions.the_user_is_on_queue_operations_page()&amp#27;[0m
]]></system-out>
    <system-err><![CDATA[Dec 17, 2024 9:49:09 AM org.openqa.selenium.devtools.CdpVersionFinder findNearestMatch
WARNING: Unable to find an exact match for CDP version 131, returning the closest version; found: 130; Please update to a Selenium version that supports CDP version 131
Dec 17, 2024 9:49:10 AM org.openqa.selenium.devtools.CdpVersionFinder findNearestMatch
WARNING: Unable to find an exact match for CDP version 131, returning the closest version; found: 130; Please update to a Selenium version that supports CDP version 131
]]></system-err>
  </testcase>
  <testcase name="runScenario[&quot;Error message displayed for invalid code on try editor for Implementation using collections.deque&quot;, &quot;Queue Details page&quot;](117)" classname="TestRunners.TestRunner" time="4.345">
    <system-out><![CDATA[  &amp#27;[32mGiven &amp#27;[0m&amp#27;[32mThe user is on the DS Introduction page as signedIn&amp#27;[0m                                                 &amp#27;[90m# StepDefinitions.DSIntroductionDetails.the_user_is_on_the_ds_introduction_page_as_signed_in()&amp#27;[0m

Scenario: Valid code on try editor for Implementation using collections.deque runs successfully &amp#27;[90m# src/test/resources/Features/QueueDetails.feature:80&amp#27;[0m
  &amp#27;[32mWhen &amp#27;[0m&amp#27;[32mThe user clicks on Get started link for Queue&amp#27;[0m                                                        &amp#27;[90m# StepDefinitions.QueueStepDefinitions.the_user_clicks_on_get_started_link_for_queue()&amp#27;[0m
  &amp#27;[32mGiven &amp#27;[0m&amp#27;[32mThe user is on Queue Operations page&amp#27;[0m                                                                &amp#27;[90m# StepDefinitions.QueueStepDefinitions.the_user_is_on_queue_operations_page()&amp#27;[0m
  &amp#27;[32mWhen &amp#27;[0m&amp#27;[32mUser writes invalid code and clicks run button&amp#27;[0m                                                       &amp#27;[90m# StepDefinitions.DSIntroductionDetails.user_writes_invalid_code_and_clicks_run_button()&amp#27;[0m
  &amp#27;[32mThen &amp#27;[0m&amp#27;[32mThe user should able to see an error message in alert window&amp#27;[0m                                         &amp#27;[90m# StepDefinitions.DSIntroductionDetails.the_user_should_able_to_see_an_error_message_in_alert_window()&amp#27;[0m
[INFO ] 2024-12-17 10:03:15.970 [TestNG-PoolService-3] Hooks - ======================  Test Execution is completed!! ======================
]]></system-out>
  </testcase>
  <testcase name="runScenario[&quot;No error message displayed for empty code on try editor for Implementation using collections.deque&quot;, &quot;Queue Details page&quot;](118)" classname="TestRunners.TestRunner" time="1.543">
    <system-out><![CDATA[
Scenario: Validate user can navigate to Implementation using collections.deque &amp#27;[90m# src/test/resources/Features/QueueDetails.feature:85&amp#27;[0m
  &amp#27;[32mWhen &amp#27;[0m&amp#27;[32mThe user clicks on Get started link for Queue&amp#27;[0m                                            &amp#27;[90m# StepDefinitions.QueueStepDefinitions.the_user_clicks_on_get_started_link_for_queue()&amp#27;[0m
  &amp#27;[32mGiven &amp#27;[0m&amp#27;[32mThe user is on Queue Operations page&amp#27;[0m                                                    &amp#27;[90m# StepDefinitions.QueueStepDefinitions.the_user_is_on_queue_operations_page()&amp#27;[0m
  &amp#27;[32mWhen &amp#27;[0m&amp#27;[32mUser clicks on run button with empty code&amp#27;[0m                                                             &amp#27;[90m# StepDefinitions.DSIntroductionDetails.user_clicks_on_run_button_with_empty_code()&amp#27;[0m
  &amp#27;[32mThen &amp#27;[0m&amp#27;[32mThe user should not see any error message or alert&amp#27;[0m                                                    &amp#27;[90m# StepDefinitions.DSIntroductionDetails.the_user_should_not_see_any_error_message_or_alert()&amp#27;[0m
[INFO ] 2024-12-17 09:49:14.004 [TestNG-PoolService-2] Hooks - ======================  Test Execution is completed!! ======================
]]></system-out>
  </testcase>
  <testcase name="runScenario[&quot;No error message displayed for empty code on try editor for Implementation using collections.deque&quot;, &quot;Queue Details page&quot;](118)" classname="TestRunners.TestRunner" time="4.143">
    <system-out><![CDATA[
Scenario: Validate user can navigate to Implementation using collections.deque &amp#27;[90m# src/test/resources/Features/QueueDetails.feature:85&amp#27;[0m
  &amp#27;[32mGiven &amp#27;[0m&amp#27;[32mThe user is on the DS Introduction page as signedIn&amp#27;[0m                                                  &amp#27;[90m# StepDefinitions.DSIntroductionDetails.the_user_is_on_the_ds_introduction_page_as_signed_in()&amp#27;[0m
  &amp#27;[32mWhen &amp#27;[0m&amp#27;[32mThe user clicks on Get started link for Queue&amp#27;[0m                                                         &amp#27;[90m# StepDefinitions.QueueStepDefinitions.the_user_clicks_on_get_started_link_for_queue()&amp#27;[0m
  &amp#27;[32mGiven &amp#27;[0m&amp#27;[32mThe user is on Queue Operations page&amp#27;[0m                                                                 &amp#27;[90m# StepDefinitions.QueueStepDefinitions.the_user_is_on_queue_operations_page()&amp#27;[0m
  &amp#27;[32mWhen &amp#27;[0m&amp#27;[32mUser clicks on run button with empty code&amp#27;[0m                                                             &amp#27;[90m# StepDefinitions.DSIntroductionDetails.user_clicks_on_run_button_with_empty_code()&amp#27;[0m
  &amp#27;[32mThen &amp#27;[0m&amp#27;[32mThe user should not see any error message or alert&amp#27;[0m                                                    &amp#27;[90m# StepDefinitions.DSIntroductionDetails.the_user_should_not_see_any_error_message_or_alert()&amp#27;[0m
[INFO ] 2024-12-17 10:03:20.514 [TestNG-PoolService-1] Hooks - ======================  Test Execution is completed!! ======================
]]></system-out>
  </testcase>
  <testcase name="runScenario[&quot;Valid code on try editor for Implementation using collections.deque runs successfully&quot;, &quot;Queue Details page&quot;](119)" classname="TestRunners.TestRunner" time="0.366">
    <system-out><![CDATA[
Scenario: Validate user can open try editor page from Implementation using collections.deque &amp#27;[90m# src/test/resources/Features/QueueDetails.feature:90&amp#27;[0m
  &amp#27;[32mWhen &amp#27;[0m&amp#27;[32mUser writes invalid code and clicks run button&amp#27;[0m                                           &amp#27;[90m# StepDefinitions.DSIntroductionDetails.user_writes_invalid_code_and_clicks_run_button()&amp#27;[0m
  &amp#27;[32mThen &amp#27;[0m&amp#27;[32mThe user should able to see an error message in alert window&amp#27;[0m                             &amp#27;[90m# StepDefinitions.DSIntroductionDetails.the_user_should_able_to_see_an_error_message_in_alert_window()&amp#27;[0m
[INFO ] 2024-12-17 09:49:14.818 [TestNG-PoolService-1] Hooks - ======================  Test Execution is completed!! ======================
]]></system-out>
    <system-err><![CDATA[Dec 17, 2024 9:49:14 AM org.openqa.selenium.devtools.CdpVersionFinder findNearestMatch
WARNING: Unable to find an exact match for CDP version 131, returning the closest version; found: 130; Please update to a Selenium version that supports CDP version 131
]]></system-err>
  </testcase>
  <testcase name="runScenario[&quot;Valid code on try editor for Implementation using collections.deque runs successfully&quot;, &quot;Queue Details page&quot;](119)" classname="TestRunners.TestRunner" time="4.909">
    <system-out><![CDATA[
Scenario: Validate user can open try editor page from Implementation using collections.deque &amp#27;[90m# src/test/resources/Features/QueueDetails.feature:90&amp#27;[0m
  &amp#27;[32mGiven &amp#27;[0m&amp#27;[32mThe user is on the DS Introduction page as signedIn&amp#27;[0m                                     &amp#27;[90m# StepDefinitions.DSIntroductionDetails.the_user_is_on_the_ds_introduction_page_as_signed_in()&amp#27;[0m
  &amp#27;[32mWhen &amp#27;[0m&amp#27;[32mThe user clicks on Get started link for Queue&amp#27;[0m                                            &amp#27;[90m# StepDefinitions.QueueStepDefinitions.the_user_clicks_on_get_started_link_for_queue()&amp#27;[0m
  &amp#27;[32mGiven &amp#27;[0m&amp#27;[32mThe user is on Queue Operations page&amp#27;[0m                                                    &amp#27;[90m# StepDefinitions.QueueStepDefinitions.the_user_is_on_queue_operations_page()&amp#27;[0m
  &amp#27;[32mWhen &amp#27;[0m&amp#27;[32mUser writes invalid code and clicks run button&amp#27;[0m                                           &amp#27;[90m# StepDefinitions.DSIntroductionDetails.user_writes_invalid_code_and_clicks_run_button()&amp#27;[0m
  &amp#27;[32mThen &amp#27;[0m&amp#27;[32mThe user should able to see an error message in alert window&amp#27;[0m                             &amp#27;[90m# StepDefinitions.DSIntroductionDetails.the_user_should_able_to_see_an_error_message_in_alert_window()&amp#27;[0m
[INFO ] 2024-12-17 10:03:25.445 [TestNG-PoolService-2] Hooks - ======================  Test Execution is completed!! ======================
]]></system-out>
  </testcase>
  <testcase name="runScenario[&quot;Valid code on try editor for Implementation using collections.deque runs successfully&quot;, &quot;Queue Details page&quot;](119)" classname="TestRunners.TestRunner" time="0.787">
    <system-out><![CDATA[
Scenario: Validate user can open try editor page from Implementation using collections.deque &amp#27;[90m# src/test/resources/Features/QueueDetails.feature:90&amp#27;[0m
]]></system-out>
  </testcase>
  <testcase name="runScenario[&quot;Validate user can navigate to Implementation using collections.deque&quot;, &quot;Queue Details page&quot;](120)" classname="TestRunners.TestRunner" time="3.636">
    <system-out><![CDATA[
Scenario: Error message displayed for invalid code on try editor for Implementation using collections.deque &amp#27;[90m# src/test/resources/Features/QueueDetails.feature:95&amp#27;[0m
  &amp#27;[32mGiven &amp#27;[0m&amp#27;[32mThe user is on the DS Introduction page as signedIn&amp#27;[0m                    &amp#27;[90m# StepDefinitions.DSIntroductionDetails.the_user_is_on_the_ds_introduction_page_as_signed_in()&amp#27;[0m
  &amp#27;[32mWhen &amp#27;[0m&amp#27;[32mThe user clicks on Get started link for Queue&amp#27;[0m                           &amp#27;[90m# StepDefinitions.QueueStepDefinitions.the_user_clicks_on_get_started_link_for_queue()&amp#27;[0m
  &amp#27;[32mGiven &amp#27;[0m&amp#27;[32mThe user is on Queue Details page&amp#27;[0m                                      &amp#27;[90m# StepDefinitions.QueueStepDefinitions.the_user_is_on_queue_details_page()&amp#27;[0m
  &amp#27;[32mWhen &amp#27;[0m&amp#27;[32mThe user click on Implementation using array link&amp#27;[0m                       &amp#27;[90m# StepDefinitions.QueueStepDefinitions.the_user_click_on_implementation_using_array_link()&amp#27;[0m
  &amp#27;[32mThen &amp#27;[0m&amp#27;[32mthe user is navigated to Implementation using array page&amp#27;[0m                &amp#27;[90m# StepDefinitions.QueueStepDefinitions.the_user_is_navigated_to_implementation_using_array_page()&amp#27;[0m
[INFO ] 2024-12-17 09:49:18.478 [TestNG-PoolService-3] Hooks - ======================  Test Execution is completed!! ======================
]]></system-out>
    <system-err><![CDATA[Dec 17, 2024 9:49:16 AM org.openqa.selenium.devtools.CdpVersionFinder findNearestMatch
WARNING: Unable to find an exact match for CDP version 131, returning the closest version; found: 130; Please update to a Selenium version that supports CDP version 131
Dec 17, 2024 9:49:16 AM org.openqa.selenium.devtools.CdpVersionFinder findNearestMatch
WARNING: Unable to find an exact match for CDP version 131, returning the closest version; found: 130; Please update to a Selenium version that supports CDP version 131
]]></system-err>
  </testcase>
  <testcase name="runScenario[&quot;Validate user can navigate to Implementation using collections.deque&quot;, &quot;Queue Details page&quot;](120)" classname="TestRunners.TestRunner" time="2.68">
    <system-out><![CDATA[
Scenario: Error message displayed for invalid code on try editor for Implementation using collections.deque &amp#27;[90m# src/test/resources/Features/QueueDetails.feature:95&amp#27;[0m
  &amp#27;[32mGiven &amp#27;[0m&amp#27;[32mThe user is on the DS Introduction page as signedIn&amp#27;[0m                    &amp#27;[90m# StepDefinitions.DSIntroductionDetails.the_user_is_on_the_ds_introduction_page_as_signed_in()&amp#27;[0m
  &amp#27;[32mWhen &amp#27;[0m&amp#27;[32mThe user clicks on Get started link for Queue&amp#27;[0m                           &amp#27;[90m# StepDefinitions.QueueStepDefinitions.the_user_clicks_on_get_started_link_for_queue()&amp#27;[0m
  &amp#27;[32mGiven &amp#27;[0m&amp#27;[32mThe user is on Queue Details page&amp#27;[0m                                      &amp#27;[90m# StepDefinitions.QueueStepDefinitions.the_user_is_on_queue_details_page()&amp#27;[0m
  &amp#27;[32mWhen &amp#27;[0m&amp#27;[32mThe user click on Implementation using array link&amp#27;[0m                       &amp#27;[90m# StepDefinitions.QueueStepDefinitions.the_user_click_on_implementation_using_array_link()&amp#27;[0m
  &amp#27;[32mThen &amp#27;[0m&amp#27;[32mthe user is navigated to Implementation using array page&amp#27;[0m                &amp#27;[90m# StepDefinitions.QueueStepDefinitions.the_user_is_navigated_to_implementation_using_array_page()&amp#27;[0m
[INFO ] 2024-12-17 10:03:28.067 [TestNG-PoolService-3] Hooks - ======================  Test Execution is completed!! ======================
]]></system-out>
  </testcase>
  <testcase name="runScenario[&quot;Validate user can navigate to Implementation using collections.deque&quot;, &quot;Queue Details page&quot;](120)" classname="TestRunners.TestRunner" time="7.5">
    <system-out><![CDATA[
Scenario: Error message displayed for invalid code on try editor for Implementation using collections.deque &amp#27;[90m# src/test/resources/Features/QueueDetails.feature:95&amp#27;[0m
  &amp#27;[32mGiven &amp#27;[0m&amp#27;[32mThe user is on the DS Introduction page as signedIn&amp#27;[0m                                  &amp#27;[90m# StepDefinitions.DSIntroductionDetails.the_user_is_on_the_ds_introduction_page_as_signed_in()&amp#27;[0m
  &amp#27;[32mGiven &amp#27;[0m&amp#27;[32mThe user is on the DS Introduction page as signedIn&amp#27;[0m                    &amp#27;[90m# StepDefinitions.DSIntroductionDetails.the_user_is_on_the_ds_introduction_page_as_signed_in()&amp#27;[0m
  &amp#27;[32mWhen &amp#27;[0m&amp#27;[32mThe user clicks on Get started link for Queue&amp#27;[0m                                         &amp#27;[90m# StepDefinitions.QueueStepDefinitions.the_user_clicks_on_get_started_link_for_queue()&amp#27;[0m
  &amp#27;[32mWhen &amp#27;[0m&amp#27;[32mThe user clicks on Get started link for Queue&amp#27;[0m                           &amp#27;[90m# StepDefinitions.QueueStepDefinitions.the_user_clicks_on_get_started_link_for_queue()&amp#27;[0m
  &amp#27;[32mGiven &amp#27;[0m&amp#27;[32mThe user is on Queue Details page&amp#27;[0m                                      &amp#27;[90m# StepDefinitions.QueueStepDefinitions.the_user_is_on_queue_details_page()&amp#27;[0m
  &amp#27;[32mGiven &amp#27;[0m&amp#27;[32mThe user is on Implementation using array page&amp#27;[0m                                       &amp#27;[90m# StepDefinitions.QueueStepDefinitions.the_user_is_on_implementation_using_array_page()&amp#27;[0m
  &amp#27;[32mGiven &amp#27;[0m&amp#27;[32mThe user is on the DS Introduction page as signedIn&amp#27;[0m                                                 &amp#27;[90m# StepDefinitions.DSIntroductionDetails.the_user_is_on_the_ds_introduction_page_as_signed_in()&amp#27;[0m
  &amp#27;[32mWhen &amp#27;[0m&amp#27;[32mThe user click on Implementation using array link&amp#27;[0m                       &amp#27;[90m# StepDefinitions.QueueStepDefinitions.the_user_click_on_implementation_using_array_link()&amp#27;[0m
  &amp#27;[32mThen &amp#27;[0m&amp#27;[32mthe user is navigated to Implementation using array page&amp#27;[0m                &amp#27;[90m# StepDefinitions.QueueStepDefinitions.the_user_is_navigated_to_implementation_using_array_page()&amp#27;[0m
[INFO ] 2024-12-17 10:18:55.685 [TestNG-PoolService-2] Hooks - ======================  Test Execution is completed!! ======================
  &amp#27;[32mWhen &amp#27;[0m&amp#27;[32mUser clicks Try here link&amp#27;[0m                                                             &amp#27;[90m# StepDefinitions.DSIntroductionDetails.user_clicks_try_here_link()&amp#27;[0m
  &amp#27;[32mThen &amp#27;[0m&amp#27;[32mUser should navigate to tryEditor page&amp#27;[0m                                                &amp#27;[90m# StepDefinitions.DSIntroductionDetails.user_should_navigate_to_try_editor_page()&amp#27;[0m
[INFO ] 2024-12-17 10:18:56.307 [TestNG-PoolService-1] Hooks - ======================  Test Execution is completed!! ======================
  &amp#27;[32mWhen &amp#27;[0m&amp#27;[32mThe user clicks on Get started link for Queue&amp#27;[0m                                                        &amp#27;[90m# StepDefinitions.QueueStepDefinitions.the_user_clicks_on_get_started_link_for_queue()&amp#27;[0m
]]></system-out>
    <system-err><![CDATA[Dec 17, 2024 10:18:51 AM org.openqa.selenium.devtools.CdpVersionFinder findNearestMatch
WARNING: Unable to find an exact match for CDP version 131, returning the closest version; found: 130; Please update to a Selenium version that supports CDP version 131
Dec 17, 2024 10:18:51 AM org.openqa.selenium.devtools.CdpVersionFinder findNearestMatch
WARNING: Unable to find an exact match for CDP version 131, returning the closest version; found: 130; Please update to a Selenium version that supports CDP version 131
Dec 17, 2024 10:18:52 AM org.openqa.selenium.devtools.CdpVersionFinder findNearestMatch
WARNING: Unable to find an exact match for CDP version 131, returning the closest version; found: 130; Please update to a Selenium version that supports CDP version 131
]]></system-err>
  </testcase>
  <testcase name="runScenario[&quot;Validate user can open try editor page from Implementation using collections.deque&quot;, &quot;Queue Details page&quot;](121)" classname="TestRunners.TestRunner" time="2.146">
    <system-out><![CDATA[
Scenario: No error message displayed for empty code on try editor for Implementation using collections.deque &amp#27;[90m# src/test/resources/Features/QueueDetails.feature:100&amp#27;[0m
  &amp#27;[32mGiven &amp#27;[0m&amp#27;[32mThe user is on the DS Introduction page as signedIn&amp#27;[0m                                  &amp#27;[90m# StepDefinitions.DSIntroductionDetails.the_user_is_on_the_ds_introduction_page_as_signed_in()&amp#27;[0m
  &amp#27;[32mGiven &amp#27;[0m&amp#27;[32mThe user is on the DS Introduction page as signedIn&amp#27;[0m                                                 &amp#27;[90m# StepDefinitions.DSIntroductionDetails.the_user_is_on_the_ds_introduction_page_as_signed_in()&amp#27;[0m
  &amp#27;[32mWhen &amp#27;[0m&amp#27;[32mThe user clicks on Get started link for Queue&amp#27;[0m                                         &amp#27;[90m# StepDefinitions.QueueStepDefinitions.the_user_clicks_on_get_started_link_for_queue()&amp#27;[0m
  &amp#27;[32mWhen &amp#27;[0m&amp#27;[32mThe user clicks on Get started link for Queue&amp#27;[0m                                                        &amp#27;[90m# StepDefinitions.QueueStepDefinitions.the_user_clicks_on_get_started_link_for_queue()&amp#27;[0m
  &amp#27;[32mGiven &amp#27;[0m&amp#27;[32mThe user is on Implementation using array page&amp#27;[0m                                       &amp#27;[90m# StepDefinitions.QueueStepDefinitions.the_user_is_on_implementation_using_array_page()&amp#27;[0m
  &amp#27;[32mGiven &amp#27;[0m&amp#27;[32mThe user is on Implementation using array page&amp#27;[0m                                                      &amp#27;[90m# StepDefinitions.QueueStepDefinitions.the_user_is_on_implementation_using_array_page()&amp#27;[0m
  &amp#27;[32mWhen &amp#27;[0m&amp#27;[32mUser clicks Try here link&amp#27;[0m                                                             &amp#27;[90m# StepDefinitions.DSIntroductionDetails.user_clicks_try_here_link()&amp#27;[0m
  &amp#27;[32mThen &amp#27;[0m&amp#27;[32mUser should navigate to tryEditor page&amp#27;[0m                                                &amp#27;[90m# StepDefinitions.DSIntroductionDetails.user_should_navigate_to_try_editor_page()&amp#27;[0m
[INFO ] 2024-12-17 09:49:20.595 [TestNG-PoolService-2] Hooks - ======================  Test Execution is completed!! ======================
]]></system-out>
    <system-err><![CDATA[Dec 17, 2024 9:49:19 AM org.openqa.selenium.devtools.CdpVersionFinder findNearestMatch
WARNING: Unable to find an exact match for CDP version 131, returning the closest version; found: 130; Please update to a Selenium version that supports CDP version 131
]]></system-err>
  </testcase>
  <testcase name="runScenario[&quot;Validate user can open try editor page from Implementation using collections.deque&quot;, &quot;Queue Details page&quot;](121)" classname="TestRunners.TestRunner" time="4.875">
    <system-out><![CDATA[
Scenario: No error message displayed for empty code on try editor for Implementation using collections.deque &amp#27;[90m# src/test/resources/Features/QueueDetails.feature:100&amp#27;[0m
  &amp#27;[32mGiven &amp#27;[0m&amp#27;[32mThe user is on the DS Introduction page as signedIn&amp#27;[0m                                  &amp#27;[90m# StepDefinitions.DSIntroductionDetails.the_user_is_on_the_ds_introduction_page_as_signed_in()&amp#27;[0m
  &amp#27;[32mWhen &amp#27;[0m&amp#27;[32mThe user clicks on Get started link for Queue&amp#27;[0m                                         &amp#27;[90m# StepDefinitions.QueueStepDefinitions.the_user_clicks_on_get_started_link_for_queue()&amp#27;[0m
  &amp#27;[32mGiven &amp#27;[0m&amp#27;[32mThe user is on Implementation using array page&amp#27;[0m                                       &amp#27;[90m# StepDefinitions.QueueStepDefinitions.the_user_is_on_implementation_using_array_page()&amp#27;[0m
  &amp#27;[32mWhen &amp#27;[0m&amp#27;[32mUser clicks Try here link&amp#27;[0m                                                             &amp#27;[90m# StepDefinitions.DSIntroductionDetails.user_clicks_try_here_link()&amp#27;[0m
  &amp#27;[32mThen &amp#27;[0m&amp#27;[32mUser should navigate to tryEditor page&amp#27;[0m                                                &amp#27;[90m# StepDefinitions.DSIntroductionDetails.user_should_navigate_to_try_editor_page()&amp#27;[0m
[INFO ] 2024-12-17 10:03:33.047 [TestNG-PoolService-1] Hooks - ======================  Test Execution is completed!! ======================
]]></system-out>
  </testcase>
  <testcase name="runScenario[&quot;Validate user can open try editor page from Implementation using collections.deque&quot;, &quot;Queue Details page&quot;](121)" classname="TestRunners.TestRunner" time="0.574">
    <system-out><![CDATA[
Scenario: No error message displayed for empty code on try editor for Implementation using collections.deque &amp#27;[90m# src/test/resources/Features/QueueDetails.feature:100&amp#27;[0m
  &amp#27;[32mGiven &amp#27;[0m&amp#27;[32mThe user is on Implementation using array page&amp#27;[0m                                                      &amp#27;[90m# StepDefinitions.QueueStepDefinitions.the_user_is_on_implementation_using_array_page()&amp#27;[0m
]]></system-out>
  </testcase>
  <testcase name="runScenario[&quot;Error message displayed for invalid code on try editor for Implementation using collections.deque&quot;, &quot;Queue Details page&quot;](122)" classname="TestRunners.TestRunner" time="0.481">
    <system-out><![CDATA[
Scenario: Valid code on try editor for Implementation using collections.deque runs successfully &amp#27;[90m# src/test/resources/Features/QueueDetails.feature:105&amp#27;[0m
  &amp#27;[32mWhen &amp#27;[0m&amp#27;[32mUser writes invalid code and clicks run button&amp#27;[0m                                                       &amp#27;[90m# StepDefinitions.DSIntroductionDetails.user_writes_invalid_code_and_clicks_run_button()&amp#27;[0m
  &amp#27;[32mThen &amp#27;[0m&amp#27;[32mThe user should able to see an error message in alert window&amp#27;[0m                                         &amp#27;[90m# StepDefinitions.DSIntroductionDetails.the_user_should_able_to_see_an_error_message_in_alert_window()&amp#27;[0m
[INFO ] 2024-12-17 09:49:21.067 [TestNG-PoolService-1] Hooks - ======================  Test Execution is completed!! ======================
]]></system-out>
  </testcase>
  <testcase name="runScenario[&quot;Error message displayed for invalid code on try editor for Implementation using collections.deque&quot;, &quot;Queue Details page&quot;](122)" classname="TestRunners.TestRunner" time="6.564">
    <system-out><![CDATA[
Scenario: Valid code on try editor for Implementation using collections.deque runs successfully &amp#27;[90m# src/test/resources/Features/QueueDetails.feature:105&amp#27;[0m
  &amp#27;[32mGiven &amp#27;[0m&amp#27;[32mThe user is on the DS Introduction page as signedIn&amp#27;[0m                                                 &amp#27;[90m# StepDefinitions.DSIntroductionDetails.the_user_is_on_the_ds_introduction_page_as_signed_in()&amp#27;[0m
  &amp#27;[32mWhen &amp#27;[0m&amp#27;[32mThe user clicks on Get started link for Queue&amp#27;[0m                                                        &amp#27;[90m# StepDefinitions.QueueStepDefinitions.the_user_clicks_on_get_started_link_for_queue()&amp#27;[0m
  &amp#27;[32mGiven &amp#27;[0m&amp#27;[32mThe user is on Implementation using array page&amp#27;[0m                                                      &amp#27;[90m# StepDefinitions.QueueStepDefinitions.the_user_is_on_implementation_using_array_page()&amp#27;[0m
  &amp#27;[32mWhen &amp#27;[0m&amp#27;[32mUser writes invalid code and clicks run button&amp#27;[0m                                                       &amp#27;[90m# StepDefinitions.DSIntroductionDetails.user_writes_invalid_code_and_clicks_run_button()&amp#27;[0m
  &amp#27;[32mThen &amp#27;[0m&amp#27;[32mThe user should able to see an error message in alert window&amp#27;[0m                                         &amp#27;[90m# StepDefinitions.DSIntroductionDetails.the_user_should_able_to_see_an_error_message_in_alert_window()&amp#27;[0m
[INFO ] 2024-12-17 10:03:38.580 [TestNG-PoolService-2] Hooks - ======================  Test Execution is completed!! ======================
  &amp#27;[32mGiven &amp#27;[0m&amp#27;[32mThe user is on the DS Introduction page as signedIn&amp#27;[0m                                                  &amp#27;[90m# StepDefinitions.DSIntroductionDetails.the_user_is_on_the_ds_introduction_page_as_signed_in()&amp#27;[0m
  &amp#27;[32mWhen &amp#27;[0m&amp#27;[32mThe user clicks on Get started link for Queue&amp#27;[0m                                                         &amp#27;[90m# StepDefinitions.QueueStepDefinitions.the_user_clicks_on_get_started_link_for_queue()&amp#27;[0m
  &amp#27;[32mGiven &amp#27;[0m&amp#27;[32mThe user is on Implementation using array page&amp#27;[0m                                                       &amp#27;[90m# StepDefinitions.QueueStepDefinitions.the_user_is_on_implementation_using_array_page()&amp#27;[0m
  &amp#27;[32mWhen &amp#27;[0m&amp#27;[32mUser clicks on run button with empty code&amp#27;[0m                                                             &amp#27;[90m# StepDefinitions.DSIntroductionDetails.user_clicks_on_run_button_with_empty_code()&amp#27;[0m
  &amp#27;[32mThen &amp#27;[0m&amp#27;[32mThe user should not see any error message or alert&amp#27;[0m                                                    &amp#27;[90m# StepDefinitions.DSIntroductionDetails.the_user_should_not_see_any_error_message_or_alert()&amp#27;[0m
[INFO ] 2024-12-17 10:03:40.835 [TestNG-PoolService-3] Hooks - ======================  Test Execution is completed!! ======================
]]></system-out>
  </testcase>
  <testcase name="runScenario[&quot;Error message displayed for invalid code on try editor for Implementation using collections.deque&quot;, &quot;Queue Details page&quot;](122)" classname="TestRunners.TestRunner" time="1.556">
    <system-out><![CDATA[
Scenario: Valid code on try editor for Implementation using collections.deque runs successfully &amp#27;[90m# src/test/resources/Features/QueueDetails.feature:105&amp#27;[0m
  &amp#27;[32mWhen &amp#27;[0m&amp#27;[32mUser writes invalid code and clicks run button&amp#27;[0m                                                       &amp#27;[90m# StepDefinitions.DSIntroductionDetails.user_writes_invalid_code_and_clicks_run_button()&amp#27;[0m
  &amp#27;[32mThen &amp#27;[0m&amp#27;[32mThe user should able to see an error message in alert window&amp#27;[0m                                         &amp#27;[90m# StepDefinitions.DSIntroductionDetails.the_user_should_able_to_see_an_error_message_in_alert_window()&amp#27;[0m
[INFO ] 2024-12-17 10:18:57.911 [TestNG-PoolService-3] Hooks - ======================  Test Execution is completed!! ======================
]]></system-out>
  </testcase>
  <testcase name="runScenario[&quot;No error message displayed for empty code on try editor for Implementation using collections.deque&quot;, &quot;Queue Details page&quot;](123)" classname="TestRunners.TestRunner" time="3.673">
    <system-out><![CDATA[
Scenario Outline: New user registration page with all fields empty and Register button is clicked                     &amp#27;[90m# src/test/resources/Features/Registration.feature:13&amp#27;[0m
  &amp#27;[32mGiven &amp#27;[0m&amp#27;[32mThe user is on the DS Introduction page as signedIn&amp#27;[0m                                                  &amp#27;[90m# StepDefinitions.DSIntroductionDetails.the_user_is_on_the_ds_introduction_page_as_signed_in()&amp#27;[0m
  &amp#27;[32mWhen &amp#27;[0m&amp#27;[32mThe user clicks on Get started link for Queue&amp#27;[0m                                                         &amp#27;[90m# StepDefinitions.QueueStepDefinitions.the_user_clicks_on_get_started_link_for_queue()&amp#27;[0m
  &amp#27;[32mGiven &amp#27;[0m&amp#27;[32mThe user is on Implementation using array page&amp#27;[0m                                                       &amp#27;[90m# StepDefinitions.QueueStepDefinitions.the_user_is_on_implementation_using_array_page()&amp#27;[0m
  &amp#27;[32mGiven &amp#27;[0m&amp#27;[32mThe user is on the DS Introduction page as signedIn&amp#27;[0m                                     &amp#27;[90m# StepDefinitions.DSIntroductionDetails.the_user_is_on_the_ds_introduction_page_as_signed_in()&amp#27;[0m
  &amp#27;[32mGiven &amp#27;[0m&amp#27;[32mThe user is on the new user registration page&amp#27;[0m                                                                 &amp#27;[90m# StepDefinitions.Registration.the_user_is_on_the_new_user_registration_page()&amp#27;[0m
  &amp#27;[32mWhen &amp#27;[0m&amp#27;[32mUser clicks on run button with empty code&amp#27;[0m                                                             &amp#27;[90m# StepDefinitions.DSIntroductionDetails.user_clicks_on_run_button_with_empty_code()&amp#27;[0m
  &amp#27;[32mThen &amp#27;[0m&amp#27;[32mThe user should not see any error message or alert&amp#27;[0m                                                    &amp#27;[90m# StepDefinitions.DSIntroductionDetails.the_user_should_not_see_any_error_message_or_alert()&amp#27;[0m
[INFO ] 2024-12-17 09:49:24.654 [TestNG-PoolService-3] Hooks - ======================  Test Execution is completed!! ======================
  &amp#27;[32mWhen &amp#27;[0m&amp#27;[32mThe user clicks on Get started link for Queue&amp#27;[0m                                            &amp#27;[90m# StepDefinitions.QueueStepDefinitions.the_user_clicks_on_get_started_link_for_queue()&amp#27;[0m
]]></system-out>
    <system-err><![CDATA[Dec 17, 2024 9:49:22 AM org.openqa.selenium.devtools.CdpVersionFinder findNearestMatch
WARNING: Unable to find an exact match for CDP version 131, returning the closest version; found: 130; Please update to a Selenium version that supports CDP version 131
Dec 17, 2024 9:49:22 AM org.openqa.selenium.devtools.CdpVersionFinder findNearestMatch
WARNING: Unable to find an exact match for CDP version 131, returning the closest version; found: 130; Please update to a Selenium version that supports CDP version 131
]]></system-err>
  </testcase>
  <testcase name="runScenario[&quot;No error message displayed for empty code on try editor for Implementation using collections.deque&quot;, &quot;Queue Details page&quot;](123)" classname="TestRunners.TestRunner" time="1.214">
    <system-out><![CDATA[
Scenario Outline: New user registration page with all fields empty and Register button is clicked                     &amp#27;[90m# src/test/resources/Features/Registration.feature:13&amp#27;[0m
]]></system-out>
  </testcase>
  <testcase name="runScenario[&quot;New user registration page with all fields empty and Register button is clicked&quot;, &quot;Registration&quot;](124)" classname="TestRunners.TestRunner" time="0.379">
    <system-out><![CDATA[
Scenario Outline: New user registration page with only username entered                                                                         &amp#27;[90m# src/test/resources/Features/Registration.feature:20&amp#27;[0m
  &amp#27;[32mWhen &amp#27;[0m&amp#27;[32mThe user clicks Register button with all fields empty on registration form from sheetname &amp#27;[0m&amp#27;[32m&amp#27;[1m"register"&amp#27;[0m&amp#27;[32m and row &amp#27;[0m&amp#27;[32m&amp#27;[1m0&amp#27;[0m &amp#27;[90m# StepDefinitions.Registration.the_user_clicks_register_button_with_all_fields_empty_on_registration_form_from_sheetname(java.lang.String,java.lang.Integer)&amp#27;[0m
  &amp#27;[32mThen &amp#27;[0m&amp#27;[32mThe error Please fill out this field appears below Username textbox&amp#27;[0m                                            &amp#27;[90m# StepDefinitions.Registration.the_error_please_fill_out_this_field_appears_below_username_textbox()&amp#27;[0m
[INFO ] 2024-12-17 09:49:25.143 [TestNG-PoolService-1] Hooks - ======================  Test Execution is completed!! ======================
  &amp#27;[32mGiven &amp#27;[0m&amp#27;[32mThe user is on Implementation using array page&amp#27;[0m                                          &amp#27;[90m# StepDefinitions.QueueStepDefinitions.the_user_is_on_implementation_using_array_page()&amp#27;[0m
]]></system-out>
  </testcase>
  <testcase name="runScenario[&quot;Valid code on try editor for Implementation using collections.deque runs successfully&quot;, &quot;Queue Details page&quot;](125)" classname="TestRunners.TestRunner" time="1.877">
    <system-out><![CDATA[
Scenario Outline: New user registration page with only username and password fields entered                                                                                 &amp#27;[90m# src/test/resources/Features/Registration.feature:28&amp#27;[0m
  &amp#27;[32mWhen &amp#27;[0m&amp#27;[32mUser writes valid code and clicks run button&amp#27;[0m                                             &amp#27;[90m# StepDefinitions.DSIntroductionDetails.user_writes_valid_code_and_clicks_run_button()&amp#27;[0m
  &amp#27;[32mThen &amp#27;[0m&amp#27;[32mThe user should able to see output in the console&amp#27;[0m                                        &amp#27;[90m# StepDefinitions.DSIntroductionDetails.the_user_should_able_to_see_output_in_the_console()&amp#27;[0m
[INFO ] 2024-12-17 09:49:26.674 [TestNG-PoolService-2] Hooks - ======================  Test Execution is completed!! ======================
]]></system-out>
    <system-err><![CDATA[Dec 17, 2024 9:49:26 AM org.openqa.selenium.devtools.CdpVersionFinder findNearestMatch
WARNING: Unable to find an exact match for CDP version 131, returning the closest version; found: 130; Please update to a Selenium version that supports CDP version 131
Dec 17, 2024 9:49:26 AM org.openqa.selenium.devtools.CdpVersionFinder findNearestMatch
WARNING: Unable to find an exact match for CDP version 131, returning the closest version; found: 130; Please update to a Selenium version that supports CDP version 131
]]></system-err>
  </testcase>
  <testcase name="runScenario[&quot;Valid code on try editor for Implementation using collections.deque runs successfully&quot;, &quot;Queue Details page&quot;](125)" classname="TestRunners.TestRunner" time="0.38">
    <system-out><![CDATA[
Scenario Outline: New user registration page with only username entered                                                                         &amp#27;[90m# src/test/resources/Features/Registration.feature:20&amp#27;[0m

Scenario Outline: New user registration page with only username and password fields entered                                                                                 &amp#27;[90m# src/test/resources/Features/Registration.feature:28&amp#27;[0m
]]></system-out>
  </testcase>
  <testcase name="runScenario[&quot;New user registration page with only username entered&quot;, &quot;Registration&quot;](126)" classname="TestRunners.TestRunner" time="2.225">
    <system-out><![CDATA[
Scenario Outline: New user registration page with username entered with a space inbetween                                                                                        &amp#27;[90m# src/test/resources/Features/Registration.feature:35&amp#27;[0m
  &amp#27;[32mGiven &amp#27;[0m&amp#27;[32mThe user is on the new user registration page&amp#27;[0m                                                                                           &amp#27;[90m# StepDefinitions.Registration.the_user_is_on_the_new_user_registration_page()&amp#27;[0m
  &amp#27;[32mWhen &amp#27;[0m&amp#27;[32mThe user clicks Register button after entering Username with other fields empty on registration form from sheetname &amp#27;[0m&amp#27;[32m&amp#27;[1m"register"&amp#27;[0m&amp#27;[32m and row &amp#27;[0m&amp#27;[32m&amp#27;[1m1&amp#27;[0m &amp#27;[90m# StepDefinitions.Registration.the_user_clicks_register_button_after_entering_username_with_other_fields_empty_on_registration_form_from_sheetname(java.lang.String,java.lang.Integer)&amp#27;[0m
  &amp#27;[32mThen &amp#27;[0m&amp#27;[32mThe error message Please fill out this field. appears below Password textbox&amp#27;[0m                                                             &amp#27;[90m# StepDefinitions.Registration.the_error_message_please_fill_out_this_field_appears_below_password_textbox()&amp#27;[0m
[INFO ] 2024-12-17 09:49:29.219 [TestNG-PoolService-3] Hooks - ======================  Test Execution is completed!! ======================
]]></system-out>
    <system-err><![CDATA[Dec 17, 2024 9:49:28 AM org.openqa.selenium.devtools.CdpVersionFinder findNearestMatch
WARNING: Unable to find an exact match for CDP version 131, returning the closest version; found: 130; Please update to a Selenium version that supports CDP version 131
]]></system-err>
  </testcase>
  <testcase name="runScenario[&quot;New user registration page with only username entered&quot;, &quot;Registration&quot;](126)" classname="TestRunners.TestRunner" time="1.449">
    <system-out><![CDATA[
Scenario Outline: New user registration page with username entered with a space inbetween                                                                                        &amp#27;[90m# src/test/resources/Features/Registration.feature:35&amp#27;[0m
]]></system-out>
  </testcase>
  <testcase name="runScenario[&quot;New user registration page with only username entered&quot;, &quot;Registration&quot;](126)" classname="TestRunners.TestRunner" time="7.398">
    <system-out><![CDATA[
Scenario Outline: New user registration page with username entered with a space inbetween                                                                                        &amp#27;[90m# src/test/resources/Features/Registration.feature:35&amp#27;[0m
  &amp#27;[32mGiven &amp#27;[0m&amp#27;[32mThe user is on the new user registration page&amp#27;[0m                                                                                           &amp#27;[90m# StepDefinitions.Registration.the_user_is_on_the_new_user_registration_page()&amp#27;[0m
  &amp#27;[32mGiven &amp#27;[0m&amp#27;[32mThe user is on the new user registration page&amp#27;[0m                                                                                                                       &amp#27;[90m# StepDefinitions.Registration.the_user_is_on_the_new_user_registration_page()&amp#27;[0m
  &amp#27;[32mGiven &amp#27;[0m&amp#27;[32mThe user is on the new user registration page&amp#27;[0m                                                                                                                            &amp#27;[90m# StepDefinitions.Registration.the_user_is_on_the_new_user_registration_page()&amp#27;[0m
  &amp#27;[32mWhen &amp#27;[0m&amp#27;[32mThe user clicks Register button after entering Username with other fields empty on registration form from sheetname &amp#27;[0m&amp#27;[32m&amp#27;[1m"register"&amp#27;[0m&amp#27;[32m and row &amp#27;[0m&amp#27;[32m&amp#27;[1m1&amp#27;[0m &amp#27;[90m# StepDefinitions.Registration.the_user_clicks_register_button_after_entering_username_with_other_fields_empty_on_registration_form_from_sheetname(java.lang.String,java.lang.Integer)&amp#27;[0m
  &amp#27;[32mThen &amp#27;[0m&amp#27;[32mThe error message Please fill out this field. appears below Password textbox&amp#27;[0m                                                             &amp#27;[90m# StepDefinitions.Registration.the_error_message_please_fill_out_this_field_appears_below_password_textbox()&amp#27;[0m
[INFO ] 2024-12-17 10:19:13.496 [TestNG-PoolService-3] Hooks - ======================  Test Execution is completed!! ======================
  &amp#27;[32mWhen &amp#27;[0m&amp#27;[32mThe user clicks Register button after entering Username and password with Password Confirmation field empty on registration form from sheetname &amp#27;[0m&amp#27;[32m&amp#27;[1m"register"&amp#27;[0m&amp#27;[32m and row &amp#27;[0m&amp#27;[32m&amp#27;[1m2&amp#27;[0m &amp#27;[90m# StepDefinitions.Registration.the_user_clicks_register_button_after_entering_username_and_password_with_password_confirmation_field_empty_on_registration_form_from_sheetname(java.lang.String,java.lang.Integer)&amp#27;[0m
  &amp#27;[32mThen &amp#27;[0m&amp#27;[32mThe error message Please fill out this field. appears below Password Confirmation textbox&amp#27;[0m                                                                            &amp#27;[90m# StepDefinitions.Registration.then_the_error_message_please_fill_out_this_field_appears_below_password_confirmation_textbox()&amp#27;[0m
[INFO ] 2024-12-17 10:19:13.664 [TestNG-PoolService-2] Hooks - ======================  Test Execution is completed!! ======================
  &amp#27;[32mWhen &amp#27;[0m&amp#27;[32mThe user clicks Register button after entering a username with spacebar characters other than digits and symbols on registration form from sheetname &amp#27;[0m&amp#27;[32m&amp#27;[1m"register"&amp#27;[0m&amp#27;[32m and row &amp#27;[0m&amp#27;[32m&amp#27;[1m3&amp#27;[0m &amp#27;[90m# StepDefinitions.Registration.the_user_clicks_register_button_after_entering_a_username_with_spacebar_characters_other_than_digits_and_symbols_on_registration_form_from_sheetname(java.lang.String,java.lang.Integer)&amp#27;[0m
  &amp#27;[31mThen &amp#27;[0m&amp#27;[31mThe user is displayed with error msg after entering invalid data and redirects to empty username textbox&amp#27;[0m                                                                  &amp#27;[90m# StepDefinitions.Registration.the_user_is_displayed_with_error_msg_after_entering_invalid_data_and_redirects_to_empty_username_textbox()&amp#27;[0m
      &amp#27;[31mjava.lang.AssertionError: expected [NumpyNinja] but found [Registration]
	at org.testng.Assert.fail(Assert.java:111)
	at org.testng.Assert.failNotEquals(Assert.java:1578)
	at org.testng.Assert.assertEqualsImpl(Assert.java:150)
	at org.testng.Assert.assertEquals(Assert.java:132)
	at org.testng.Assert.assertEquals(Assert.java:656)
	at org.testng.Assert.assertEquals(Assert.java:666)
	at StepDefinitions.Registration.the_user_is_displayed_with_error_msg_after_entering_invalid_data_and_redirects_to_empty_username_textbox(Registration.java:94)
	at ✽.The user is displayed with error msg after entering invalid data and redirects to empty username textbox(file:///C:/Projects/newFolder-3/Repo1/src/test/resources/Features/Registration.feature:32)
&amp#27;[0m
[ERROR] 2024-12-17 10:19:14.130 [TestNG-PoolService-1] Hooks - ======================  TEST CASE FAILED !! ======================

    Embedding screenshot [image/png 37391 bytes]

[INFO ] 2024-12-17 10:19:14.282 [TestNG-PoolService-1] Hooks - ======================  Screenshot is captured  ======================
[INFO ] 2024-12-17 10:19:14.282 [TestNG-PoolService-1] Hooks - ======================  Test Execution is completed!! ======================
]]></system-out>
    <system-err><![CDATA[Dec 17, 2024 10:19:10 AM org.openqa.selenium.devtools.CdpVersionFinder findNearestMatch
WARNING: Unable to find an exact match for CDP version 131, returning the closest version; found: 130; Please update to a Selenium version that supports CDP version 131
Dec 17, 2024 10:19:10 AM org.openqa.selenium.devtools.CdpVersionFinder findNearestMatch
WARNING: Unable to find an exact match for CDP version 131, returning the closest version; found: 130; Please update to a Selenium version that supports CDP version 131
Dec 17, 2024 10:19:11 AM org.openqa.selenium.devtools.CdpVersionFinder findNearestMatch
WARNING: Unable to find an exact match for CDP version 131, returning the closest version; found: 130; Please update to a Selenium version that supports CDP version 131
]]></system-err>
  </testcase>
  <testcase name="runScenario[&quot;New user registration page with only username and password fields entered&quot;, &quot;Registration&quot;](127)" classname="TestRunners.TestRunner" time="1.389">
    <system-out><![CDATA[
Scenario Outline: New user registration page with valid username but only numeric password and confirm password                                  &amp#27;[90m# src/test/resources/Features/Registration.feature:42&amp#27;[0m
  &amp#27;[32mGiven &amp#27;[0m&amp#27;[32mThe user is on the new user registration page&amp#27;[0m                                                                                                                       &amp#27;[90m# StepDefinitions.Registration.the_user_is_on_the_new_user_registration_page()&amp#27;[0m
  &amp#27;[32mWhen &amp#27;[0m&amp#27;[32mThe user clicks Register button after entering Username and password with Password Confirmation field empty on registration form from sheetname &amp#27;[0m&amp#27;[32m&amp#27;[1m"register"&amp#27;[0m&amp#27;[32m and row &amp#27;[0m&amp#27;[32m&amp#27;[1m2&amp#27;[0m &amp#27;[90m# StepDefinitions.Registration.the_user_clicks_register_button_after_entering_username_and_password_with_password_confirmation_field_empty_on_registration_form_from_sheetname(java.lang.String,java.lang.Integer)&amp#27;[0m
  &amp#27;[32mGiven &amp#27;[0m&amp#27;[32mThe user is on the new user registration page&amp#27;[0m                                                                                                                            &amp#27;[90m# StepDefinitions.Registration.the_user_is_on_the_new_user_registration_page()&amp#27;[0m
  &amp#27;[32mThen &amp#27;[0m&amp#27;[32mThe error message Please fill out this field. appears below Password Confirmation textbox&amp#27;[0m                                                                            &amp#27;[90m# StepDefinitions.Registration.then_the_error_message_please_fill_out_this_field_appears_below_password_confirmation_textbox()&amp#27;[0m
[INFO ] 2024-12-17 09:49:30.204 [TestNG-PoolService-1] Hooks - ======================  Test Execution is completed!! ======================
]]></system-out>
  </testcase>
  <testcase name="runScenario[&quot;New user registration page with only username and password fields entered&quot;, &quot;Registration&quot;](127)" classname="TestRunners.TestRunner" time="4.293">
    <system-out><![CDATA[
Scenario Outline: New user registration page with valid username but only numeric password and confirm password                                  &amp#27;[90m# src/test/resources/Features/Registration.feature:42&amp#27;[0m
  &amp#27;[32mGiven &amp#27;[0m&amp#27;[32mThe user is on the new user registration page&amp#27;[0m                                                                                                                       &amp#27;[90m# StepDefinitions.Registration.the_user_is_on_the_new_user_registration_page()&amp#27;[0m
  &amp#27;[32mWhen &amp#27;[0m&amp#27;[32mThe user clicks Register button after entering Username and password with Password Confirmation field empty on registration form from sheetname &amp#27;[0m&amp#27;[32m&amp#27;[1m"register"&amp#27;[0m&amp#27;[32m and row &amp#27;[0m&amp#27;[32m&amp#27;[1m2&amp#27;[0m &amp#27;[90m# StepDefinitions.Registration.the_user_clicks_register_button_after_entering_username_and_password_with_password_confirmation_field_empty_on_registration_form_from_sheetname(java.lang.String,java.lang.Integer)&amp#27;[0m
  &amp#27;[32mThen &amp#27;[0m&amp#27;[32mThe error message Please fill out this field. appears below Password Confirmation textbox&amp#27;[0m                                                                            &amp#27;[90m# StepDefinitions.Registration.then_the_error_message_please_fill_out_this_field_appears_below_password_confirmation_textbox()&amp#27;[0m
[INFO ] 2024-12-17 10:03:55.185 [TestNG-PoolService-1] Hooks - ======================  Test Execution is completed!! ======================
]]></system-out>
  </testcase>
  <testcase name="runScenario[&quot;New user registration page with only username and password fields entered&quot;, &quot;Registration&quot;](127)" classname="TestRunners.TestRunner" time="0.161">
    <system-out><![CDATA[
Scenario Outline: New user registration page with valid username but only numeric password and confirm password                                  &amp#27;[90m# src/test/resources/Features/Registration.feature:42&amp#27;[0m
]]></system-out>
  </testcase>
  <testcase name="runScenario[&quot;New user registration page with username entered with a space inbetween&quot;, &quot;Registration&quot;](128)" classname="TestRunners.TestRunner" time="0.633">
    <failure message="expected [NumpyNinja] but found [Registration]" type="java.lang.AssertionError"><![CDATA[java.lang.AssertionError: expected [NumpyNinja] but found [Registration]
]]></failure>
    <system-out><![CDATA[
Scenario Outline: New user registration page with valid username but password and confirm password fields has less than eight characters                  &amp#27;[90m# src/test/resources/Features/Registration.feature:50&amp#27;[0m
  &amp#27;[32mWhen &amp#27;[0m&amp#27;[32mThe user clicks Register button after entering a username with spacebar characters other than digits and symbols on registration form from sheetname &amp#27;[0m&amp#27;[32m&amp#27;[1m"register"&amp#27;[0m&amp#27;[32m and row &amp#27;[0m&amp#27;[32m&amp#27;[1m3&amp#27;[0m &amp#27;[90m# StepDefinitions.Registration.the_user_clicks_register_button_after_entering_a_username_with_spacebar_characters_other_than_digits_and_symbols_on_registration_form_from_sheetname(java.lang.String,java.lang.Integer)&amp#27;[0m
  &amp#27;[31mThen &amp#27;[0m&amp#27;[31mThe user is displayed with error msg after entering invalid data and redirects to empty username textbox&amp#27;[0m                                                                  &amp#27;[90m# StepDefinitions.Registration.the_user_is_displayed_with_error_msg_after_entering_invalid_data_and_redirects_to_empty_username_textbox()&amp#27;[0m
      &amp#27;[31mjava.lang.AssertionError: expected [NumpyNinja] but found [Registration]
	at org.testng.Assert.fail(Assert.java:111)
	at org.testng.Assert.failNotEquals(Assert.java:1578)
	at org.testng.Assert.assertEqualsImpl(Assert.java:150)
	at org.testng.Assert.assertEquals(Assert.java:132)
	at org.testng.Assert.assertEquals(Assert.java:656)
	at org.testng.Assert.assertEquals(Assert.java:666)
	at StepDefinitions.Registration.the_user_is_displayed_with_error_msg_after_entering_invalid_data_and_redirects_to_empty_username_textbox(Registration.java:94)
	at ✽.The user is displayed with error msg after entering invalid data and redirects to empty username textbox(file:///C:/Projects/newFolder-3/Repo1/src/test/resources/Features/Registration.feature:32)
&amp#27;[0m
[ERROR] 2024-12-17 09:49:30.998 [TestNG-PoolService-2] Hooks - ======================  TEST CASE FAILED !! ======================

    Embedding screenshot [image/png 37341 bytes]

[INFO ] 2024-12-17 09:49:31.158 [TestNG-PoolService-2] Hooks - ======================  Screenshot is captured  ======================
[INFO ] 2024-12-17 09:49:31.158 [TestNG-PoolService-2] Hooks - ======================  Test Execution is completed!! ======================
]]></system-out>
    <system-err><![CDATA[Dec 17, 2024 9:49:30 AM org.openqa.selenium.devtools.CdpVersionFinder findNearestMatch
WARNING: Unable to find an exact match for CDP version 131, returning the closest version; found: 130; Please update to a Selenium version that supports CDP version 131
]]></system-err>
  </testcase>
  <testcase name="runScenario[&quot;New user registration page with username entered with a space inbetween&quot;, &quot;Registration&quot;](128)" classname="TestRunners.TestRunner" time="3.448">
    <failure message="expected [NumpyNinja] but found [Registration]" type="java.lang.AssertionError"><![CDATA[java.lang.AssertionError: expected [NumpyNinja] but found [Registration]
]]></failure>
    <system-out><![CDATA[
Scenario Outline: New user registration page with valid username but password and confirm password fields has less than eight characters                  &amp#27;[90m# src/test/resources/Features/Registration.feature:50&amp#27;[0m
  &amp#27;[32mGiven &amp#27;[0m&amp#27;[32mThe user is on the new user registration page&amp#27;[0m                                                                                                                            &amp#27;[90m# StepDefinitions.Registration.the_user_is_on_the_new_user_registration_page()&amp#27;[0m
  &amp#27;[32mWhen &amp#27;[0m&amp#27;[32mThe user clicks Register button after entering a username with spacebar characters other than digits and symbols on registration form from sheetname &amp#27;[0m&amp#27;[32m&amp#27;[1m"register"&amp#27;[0m&amp#27;[32m and row &amp#27;[0m&amp#27;[32m&amp#27;[1m3&amp#27;[0m &amp#27;[90m# StepDefinitions.Registration.the_user_clicks_register_button_after_entering_a_username_with_spacebar_characters_other_than_digits_and_symbols_on_registration_form_from_sheetname(java.lang.String,java.lang.Integer)&amp#27;[0m
  &amp#27;[31mThen &amp#27;[0m&amp#27;[31mThe user is displayed with error msg after entering invalid data and redirects to empty username textbox&amp#27;[0m                                                                  &amp#27;[90m# StepDefinitions.Registration.the_user_is_displayed_with_error_msg_after_entering_invalid_data_and_redirects_to_empty_username_textbox()&amp#27;[0m
      &amp#27;[31mjava.lang.AssertionError: expected [NumpyNinja] but found [Registration]
	at org.testng.Assert.fail(Assert.java:111)
	at org.testng.Assert.failNotEquals(Assert.java:1578)
	at org.testng.Assert.assertEqualsImpl(Assert.java:150)
	at org.testng.Assert.assertEquals(Assert.java:132)
	at org.testng.Assert.assertEquals(Assert.java:656)
	at org.testng.Assert.assertEquals(Assert.java:666)
	at StepDefinitions.Registration.the_user_is_displayed_with_error_msg_after_entering_invalid_data_and_redirects_to_empty_username_textbox(Registration.java:94)
	at ✽.The user is displayed with error msg after entering invalid data and redirects to empty username textbox(file:///C:/Projects/newFolder-3/Repo1/src/test/resources/Features/Registration.feature:32)
&amp#27;[0m
[ERROR] 2024-12-17 10:03:58.003 [TestNG-PoolService-2] Hooks - ======================  TEST CASE FAILED !! ======================

    Embedding screenshot [image/png 62935 bytes]

[INFO ] 2024-12-17 10:03:58.090 [TestNG-PoolService-2] Hooks - ======================  Screenshot is captured  ======================
[INFO ] 2024-12-17 10:03:58.092 [TestNG-PoolService-2] Hooks - ======================  Test Execution is completed!! ======================
  &amp#27;[32mGiven &amp#27;[0m&amp#27;[32mThe user is on the new user registration page&amp#27;[0m                                                                                            &amp#27;[90m# StepDefinitions.Registration.the_user_is_on_the_new_user_registration_page()&amp#27;[0m
]]></system-out>
  </testcase>
  <testcase name="runScenario[&quot;New user registration page with username entered with a space inbetween&quot;, &quot;Registration&quot;](128)" classname="TestRunners.TestRunner" time="0.559">
    <failure message="expected [NumpyNinja] but found [Registration]" type="java.lang.AssertionError"><![CDATA[java.lang.AssertionError: expected [NumpyNinja] but found [Registration]
]]></failure>
    <system-out><![CDATA[
Scenario Outline: New user registration page with valid username but password and confirm password fields has less than eight characters                  &amp#27;[90m# src/test/resources/Features/Registration.feature:50&amp#27;[0m
]]></system-out>
  </testcase>
  <testcase name="runScenario[&quot;New user registration page with valid username but only numeric password and confirm password&quot;, &quot;Registration&quot;](129)" classname="TestRunners.TestRunner" time="2.63">
    <failure message="expected [Invalid password] but found [password_mismatch:The two password fields didn’t match.]" type="java.lang.AssertionError"><![CDATA[java.lang.AssertionError: expected [Invalid password] but found [password_mismatch:The two password fields didn’t match.]
]]></failure>
    <system-out><![CDATA[
Scenario Outline: New user registration page on registration with different passwords entered in password and confirm password fields                           &amp#27;[90m# src/test/resources/Features/Registration.feature:58&amp#27;[0m
  &amp#27;[32mGiven &amp#27;[0m&amp#27;[32mThe user is on the new user registration page&amp#27;[0m                                                                                            &amp#27;[90m# StepDefinitions.Registration.the_user_is_on_the_new_user_registration_page()&amp#27;[0m
  &amp#27;[32mWhen &amp#27;[0m&amp#27;[32mThe user clicks Register button after entering a password with only numeric data on registration form from sheetname &amp#27;[0m&amp#27;[32m&amp#27;[1m"register"&amp#27;[0m&amp#27;[32m and row &amp#27;[0m&amp#27;[32m&amp#27;[1m4&amp#27;[0m &amp#27;[90m# StepDefinitions.Registration.the_user_clicks_register_button_after_entering_a_password_with_only_numeric_data_on_registration_form_from_sheetname(java.lang.String,java.lang.Integer)&amp#27;[0m
  &amp#27;[31mThen &amp#27;[0m&amp#27;[31mThe user is displayed the appropriate error msg after entering invalid data and redirects to empty confirm password textbox&amp#27;[0m               &amp#27;[90m# StepDefinitions.Registration.the_user_is_displayed_the_appropriate_error_msg_after_entering_invalid_data_and_redirects_to_empty_confirm_password_textbox()&amp#27;[0m
      &amp#27;[31mjava.lang.AssertionError: expected [Invalid password] but found [password_mismatch:The two password fields didn’t match.]
	at org.testng.Assert.fail(Assert.java:111)
	at org.testng.Assert.failNotEquals(Assert.java:1578)
	at org.testng.Assert.assertEqualsImpl(Assert.java:150)
	at org.testng.Assert.assertEquals(Assert.java:132)
	at org.testng.Assert.assertEquals(Assert.java:656)
	at org.testng.Assert.assertEquals(Assert.java:666)
	at StepDefinitions.Registration.the_user_is_displayed_the_appropriate_error_msg_after_entering_invalid_data_and_redirects_to_empty_confirm_password_textbox(Registration.java:112)
	at ✽.The user is displayed the appropriate error msg after entering invalid data and redirects to empty confirm password textbox(file:///C:/Projects/newFolder-3/Repo1/src/test/resources/Features/Registration.feature:39)
&amp#27;[0m
[ERROR] 2024-12-17 09:49:33.687 [TestNG-PoolService-3] Hooks - ======================  TEST CASE FAILED !! ======================

    Embedding screenshot [image/png 37341 bytes]

[INFO ] 2024-12-17 09:49:33.830 [TestNG-PoolService-3] Hooks - ======================  Screenshot is captured  ======================
[INFO ] 2024-12-17 09:49:33.831 [TestNG-PoolService-3] Hooks - ======================  Test Execution is completed!! ======================
  &amp#27;[32mGiven &amp#27;[0m&amp#27;[32mThe user is on the new user registration page&amp#27;[0m                                                                                                     &amp#27;[90m# StepDefinitions.Registration.the_user_is_on_the_new_user_registration_page()&amp#27;[0m
]]></system-out>
    <system-err><![CDATA[Dec 17, 2024 9:49:32 AM org.openqa.selenium.devtools.CdpVersionFinder findNearestMatch
WARNING: Unable to find an exact match for CDP version 131, returning the closest version; found: 130; Please update to a Selenium version that supports CDP version 131
Dec 17, 2024 9:49:33 AM org.openqa.selenium.devtools.CdpVersionFinder findNearestMatch
WARNING: Unable to find an exact match for CDP version 131, returning the closest version; found: 130; Please update to a Selenium version that supports CDP version 131
]]></system-err>
  </testcase>
  <testcase name="runScenario[&quot;New user registration page with valid username but only numeric password and confirm password&quot;, &quot;Registration&quot;](129)" classname="TestRunners.TestRunner" time="2.003">
    <failure message="expected [Invalid password] but found [password_mismatch:The two password fields didn’t match.]" type="java.lang.AssertionError"><![CDATA[java.lang.AssertionError: expected [Invalid password] but found [password_mismatch:The two password fields didn’t match.]
]]></failure>
    <system-out><![CDATA[
Scenario Outline: New user registration page on registration with different passwords entered in password and confirm password fields                           &amp#27;[90m# src/test/resources/Features/Registration.feature:58&amp#27;[0m
  &amp#27;[32mWhen &amp#27;[0m&amp#27;[32mThe user clicks Register button after entering a password with only numeric data on registration form from sheetname &amp#27;[0m&amp#27;[32m&amp#27;[1m"register"&amp#27;[0m&amp#27;[32m and row &amp#27;[0m&amp#27;[32m&amp#27;[1m4&amp#27;[0m &amp#27;[90m# StepDefinitions.Registration.the_user_clicks_register_button_after_entering_a_password_with_only_numeric_data_on_registration_form_from_sheetname(java.lang.String,java.lang.Integer)&amp#27;[0m
  &amp#27;[31mThen &amp#27;[0m&amp#27;[31mThe user is displayed the appropriate error msg after entering invalid data and redirects to empty confirm password textbox&amp#27;[0m               &amp#27;[90m# StepDefinitions.Registration.the_user_is_displayed_the_appropriate_error_msg_after_entering_invalid_data_and_redirects_to_empty_confirm_password_textbox()&amp#27;[0m
      &amp#27;[31mjava.lang.AssertionError: expected [Invalid password] but found [password_mismatch:The two password fields didn’t match.]
	at org.testng.Assert.fail(Assert.java:111)
	at org.testng.Assert.failNotEquals(Assert.java:1578)
	at org.testng.Assert.assertEqualsImpl(Assert.java:150)
	at org.testng.Assert.assertEquals(Assert.java:132)
	at org.testng.Assert.assertEquals(Assert.java:656)
	at org.testng.Assert.assertEquals(Assert.java:666)
	at StepDefinitions.Registration.the_user_is_displayed_the_appropriate_error_msg_after_entering_invalid_data_and_redirects_to_empty_confirm_password_textbox(Registration.java:112)
	at ✽.The user is displayed the appropriate error msg after entering invalid data and redirects to empty confirm password textbox(file:///C:/Projects/newFolder-3/Repo1/src/test/resources/Features/Registration.feature:39)
&amp#27;[0m
[ERROR] 2024-12-17 10:04:00.248 [TestNG-PoolService-3] Hooks - ======================  TEST CASE FAILED !! ======================

    Embedding screenshot [image/png 62935 bytes]

[INFO ] 2024-12-17 10:04:00.312 [TestNG-PoolService-3] Hooks - ======================  Screenshot is captured  ======================
[INFO ] 2024-12-17 10:04:00.312 [TestNG-PoolService-3] Hooks - ======================  Test Execution is completed!! ======================
]]></system-out>
  </testcase>
  <testcase name="runScenario[&quot;New user registration page with valid username but only numeric password and confirm password&quot;, &quot;Registration&quot;](129)" classname="TestRunners.TestRunner" time="6.826">
    <failure message="expected [Invalid password] but found [password_mismatch:The two password fields didn’t match.]" type="java.lang.AssertionError"><![CDATA[java.lang.AssertionError: expected [Invalid password] but found [password_mismatch:The two password fields didn’t match.]
]]></failure>
    <system-out><![CDATA[
Scenario Outline: New user registration page on registration with different passwords entered in password and confirm password fields                           &amp#27;[90m# src/test/resources/Features/Registration.feature:58&amp#27;[0m
  &amp#27;[32mGiven &amp#27;[0m&amp#27;[32mThe user is on the new user registration page&amp#27;[0m                                                                                            &amp#27;[90m# StepDefinitions.Registration.the_user_is_on_the_new_user_registration_page()&amp#27;[0m
  &amp#27;[32mGiven &amp#27;[0m&amp#27;[32mThe user is on the new user registration page&amp#27;[0m                                                                                                     &amp#27;[90m# StepDefinitions.Registration.the_user_is_on_the_new_user_registration_page()&amp#27;[0m
  &amp#27;[32mWhen &amp#27;[0m&amp#27;[32mThe user clicks Register button after entering a password with only numeric data on registration form from sheetname &amp#27;[0m&amp#27;[32m&amp#27;[1m"register"&amp#27;[0m&amp#27;[32m and row &amp#27;[0m&amp#27;[32m&amp#27;[1m4&amp#27;[0m &amp#27;[90m# StepDefinitions.Registration.the_user_clicks_register_button_after_entering_a_password_with_only_numeric_data_on_registration_form_from_sheetname(java.lang.String,java.lang.Integer)&amp#27;[0m
  &amp#27;[31mThen &amp#27;[0m&amp#27;[31mThe user is displayed the appropriate error msg after entering invalid data and redirects to empty confirm password textbox&amp#27;[0m               &amp#27;[90m# StepDefinitions.Registration.the_user_is_displayed_the_appropriate_error_msg_after_entering_invalid_data_and_redirects_to_empty_confirm_password_textbox()&amp#27;[0m
      &amp#27;[31mjava.lang.AssertionError: expected [Invalid password] but found [password_mismatch:The two password fields didn’t match.]
	at org.testng.Assert.fail(Assert.java:111)
	at org.testng.Assert.failNotEquals(Assert.java:1578)
	at org.testng.Assert.assertEqualsImpl(Assert.java:150)
	at org.testng.Assert.assertEquals(Assert.java:132)
	at org.testng.Assert.assertEquals(Assert.java:656)
	at org.testng.Assert.assertEquals(Assert.java:666)
	at StepDefinitions.Registration.the_user_is_displayed_the_appropriate_error_msg_after_entering_invalid_data_and_redirects_to_empty_confirm_password_textbox(Registration.java:112)
	at ✽.The user is displayed the appropriate error msg after entering invalid data and redirects to empty confirm password textbox(file:///C:/Projects/newFolder-3/Repo1/src/test/resources/Features/Registration.feature:39)
&amp#27;[0m
[ERROR] 2024-12-17 10:19:20.716 [TestNG-PoolService-3] Hooks - ======================  TEST CASE FAILED !! ======================

    Embedding screenshot [image/png 37391 bytes]

[INFO ] 2024-12-17 10:19:20.896 [TestNG-PoolService-3] Hooks - ======================  Screenshot is captured  ======================
[INFO ] 2024-12-17 10:19:20.898 [TestNG-PoolService-3] Hooks - ======================  Test Execution is completed!! ======================
  &amp#27;[32mGiven &amp#27;[0m&amp#27;[32mThe user is on the new user registration page&amp#27;[0m                                                                                                           &amp#27;[90m# StepDefinitions.Registration.the_user_is_on_the_new_user_registration_page()&amp#27;[0m
  &amp#27;[32mWhen &amp#27;[0m&amp#27;[32mThe user clicks Register button after entering a Password with characters less than eight on registration form from sheetname &amp#27;[0m&amp#27;[32m&amp#27;[1m"register"&amp#27;[0m&amp#27;[32m and row &amp#27;[0m&amp#27;[32m&amp#27;[1m5&amp#27;[0m &amp#27;[90m# StepDefinitions.Registration.the_user_clicks_register_button_after_entering_a_password_with_characters_less_than_eight_on_registration_form_from_sheetname(java.lang.String,java.lang.Integer)&amp#27;[0m
  &amp#27;[31mThen &amp#27;[0m&amp#27;[31mThe user is displayed the appropriate error msg after entering invalid data and  redirects to empty password confirm textbox&amp#27;[0m                       &amp#27;[90m# StepDefinitions.Registration.the_user_is_displayed_the_appropriate_error_msg_after_entering_invalid_data_and_redirects_to_empty_password_confirm_textbox()&amp#27;[0m
      &amp#27;[31mjava.lang.AssertionError: expected [Invalid password] but found [password_mismatch:The two password fields didn’t match.]
	at org.testng.Assert.fail(Assert.java:111)
	at org.testng.Assert.failNotEquals(Assert.java:1578)
	at org.testng.Assert.assertEqualsImpl(Assert.java:150)
	at org.testng.Assert.assertEquals(Assert.java:132)
	at org.testng.Assert.assertEquals(Assert.java:656)
	at org.testng.Assert.assertEquals(Assert.java:666)
	at StepDefinitions.Registration.the_user_is_displayed_the_appropriate_error_msg_after_entering_invalid_data_and_redirects_to_empty_password_confirm_textbox(Registration.java:131)
	at ✽.The user is displayed the appropriate error msg after entering invalid data and  redirects to empty password confirm textbox(file:///C:/Projects/newFolder-3/Repo1/src/test/resources/Features/Registration.feature:47)
&amp#27;[0m
[ERROR] 2024-12-17 10:19:21.165 [TestNG-PoolService-2] Hooks - ======================  TEST CASE FAILED !! ======================

    Embedding screenshot [image/png 37391 bytes]

[INFO ] 2024-12-17 10:19:21.347 [TestNG-PoolService-2] Hooks - ======================  Screenshot is captured  ======================
[INFO ] 2024-12-17 10:19:21.348 [TestNG-PoolService-2] Hooks - ======================  Test Execution is completed!! ======================
  &amp#27;[32mWhen &amp#27;[0m&amp#27;[32mThe user clicks Register button after entering different passwords in Password and Password Confirmation fields form from sheetname &amp#27;[0m&amp#27;[32m&amp#27;[1m"register"&amp#27;[0m&amp#27;[32m and row &amp#27;[0m&amp#27;[32m&amp#27;[1m6&amp#27;[0m &amp#27;[90m# StepDefinitions.Registration.the_user_clicks_register_button_after_entering_different_passwords_in_password_and_password_confirmation_fields_on_registration_form_from_sheetname(java.lang.String,java.lang.Integer)&amp#27;[0m
  &amp#27;[32mThen &amp#27;[0m&amp#27;[32mThe user is displayed with a warning message password_mismatch:The two password fields didn’t match.&amp#27;[0m                                                     &amp#27;[90m# StepDefinitions.Registration.the_user_is_displayed_with_a_warning_message_password_mismatch_the_two_password_fields_didn_t_match()&amp#27;[0m
[INFO ] 2024-12-17 10:19:21.822 [TestNG-PoolService-1] Hooks - ======================  Test Execution is completed!! ======================
]]></system-out>
    <system-err><![CDATA[Dec 17, 2024 10:19:17 AM org.openqa.selenium.devtools.CdpVersionFinder findNearestMatch
WARNING: Unable to find an exact match for CDP version 131, returning the closest version; found: 130; Please update to a Selenium version that supports CDP version 131
Dec 17, 2024 10:19:17 AM org.openqa.selenium.devtools.CdpVersionFinder findNearestMatch
WARNING: Unable to find an exact match for CDP version 131, returning the closest version; found: 130; Please update to a Selenium version that supports CDP version 131
Dec 17, 2024 10:19:19 AM org.openqa.selenium.devtools.CdpVersionFinder findNearestMatch
WARNING: Unable to find an exact match for CDP version 131, returning the closest version; found: 130; Please update to a Selenium version that supports CDP version 131
]]></system-err>
  </testcase>
  <testcase name="runScenario[&quot;New user registration page with valid username but password and confirm password fields has less than eight characters&quot;, &quot;Registration&quot;](130)" classname="TestRunners.TestRunner" time="0.986">
    <failure message="expected [Invalid password] but found [password_mismatch:The two password fields didn’t match.]" type="java.lang.AssertionError"><![CDATA[java.lang.AssertionError: expected [Invalid password] but found [password_mismatch:The two password fields didn’t match.]
]]></failure>
    <system-out><![CDATA[
Scenario Outline: New user registration page with all valid credentials entered                                                                          &amp#27;[90m# src/test/resources/Features/Registration.feature:65&amp#27;[0m
  &amp#27;[32mWhen &amp#27;[0m&amp#27;[32mThe user clicks Register button after entering a Password with characters less than eight on registration form from sheetname &amp#27;[0m&amp#27;[32m&amp#27;[1m"register"&amp#27;[0m&amp#27;[32m and row &amp#27;[0m&amp#27;[32m&amp#27;[1m5&amp#27;[0m &amp#27;[90m# StepDefinitions.Registration.the_user_clicks_register_button_after_entering_a_password_with_characters_less_than_eight_on_registration_form_from_sheetname(java.lang.String,java.lang.Integer)&amp#27;[0m
  &amp#27;[31mThen &amp#27;[0m&amp#27;[31mThe user is displayed the appropriate error msg after entering invalid data and  redirects to empty password confirm textbox&amp#27;[0m                       &amp#27;[90m# StepDefinitions.Registration.the_user_is_displayed_the_appropriate_error_msg_after_entering_invalid_data_and_redirects_to_empty_password_confirm_textbox()&amp#27;[0m
      &amp#27;[31mjava.lang.AssertionError: expected [Invalid password] but found [password_mismatch:The two password fields didn’t match.]
	at org.testng.Assert.fail(Assert.java:111)
	at org.testng.Assert.failNotEquals(Assert.java:1578)
	at org.testng.Assert.assertEqualsImpl(Assert.java:150)
	at org.testng.Assert.assertEquals(Assert.java:132)
	at org.testng.Assert.assertEquals(Assert.java:656)
	at org.testng.Assert.assertEquals(Assert.java:666)
	at StepDefinitions.Registration.the_user_is_displayed_the_appropriate_error_msg_after_entering_invalid_data_and_redirects_to_empty_password_confirm_textbox(Registration.java:131)
	at ✽.The user is displayed the appropriate error msg after entering invalid data and  redirects to empty password confirm textbox(file:///C:/Projects/newFolder-3/Repo1/src/test/resources/Features/Registration.feature:47)
&amp#27;[0m
[ERROR] 2024-12-17 09:49:34.636 [TestNG-PoolService-1] Hooks - ======================  TEST CASE FAILED !! ======================
  &amp#27;[32mGiven &amp#27;[0m&amp#27;[32mThe user is on the new user registration page&amp#27;[0m                                                                                                           &amp#27;[90m# StepDefinitions.Registration.the_user_is_on_the_new_user_registration_page()&amp#27;[0m

    Embedding screenshot [image/png 37341 bytes]

[INFO ] 2024-12-17 09:49:34.815 [TestNG-PoolService-1] Hooks - ======================  Screenshot is captured  ======================
[INFO ] 2024-12-17 09:49:34.817 [TestNG-PoolService-1] Hooks - ======================  Test Execution is completed!! ======================
]]></system-out>
  </testcase>
  <testcase name="runScenario[&quot;New user registration page with valid username but password and confirm password fields has less than eight characters&quot;, &quot;Registration&quot;](130)" classname="TestRunners.TestRunner" time="4.249">
    <failure message="expected [Invalid password] but found [password_mismatch:The two password fields didn’t match.]" type="java.lang.AssertionError"><![CDATA[java.lang.AssertionError: expected [Invalid password] but found [password_mismatch:The two password fields didn’t match.]
]]></failure>
    <system-out><![CDATA[
Scenario Outline: New user registration page with all valid credentials entered                                                                          &amp#27;[90m# src/test/resources/Features/Registration.feature:65&amp#27;[0m
  &amp#27;[32mGiven &amp#27;[0m&amp#27;[32mThe user is on the new user registration page&amp#27;[0m                                                                                                     &amp#27;[90m# StepDefinitions.Registration.the_user_is_on_the_new_user_registration_page()&amp#27;[0m
  &amp#27;[32mWhen &amp#27;[0m&amp#27;[32mThe user clicks Register button after entering a Password with characters less than eight on registration form from sheetname &amp#27;[0m&amp#27;[32m&amp#27;[1m"register"&amp#27;[0m&amp#27;[32m and row &amp#27;[0m&amp#27;[32m&amp#27;[1m5&amp#27;[0m &amp#27;[90m# StepDefinitions.Registration.the_user_clicks_register_button_after_entering_a_password_with_characters_less_than_eight_on_registration_form_from_sheetname(java.lang.String,java.lang.Integer)&amp#27;[0m
  &amp#27;[31mThen &amp#27;[0m&amp#27;[31mThe user is displayed the appropriate error msg after entering invalid data and  redirects to empty password confirm textbox&amp#27;[0m                       &amp#27;[90m# StepDefinitions.Registration.the_user_is_displayed_the_appropriate_error_msg_after_entering_invalid_data_and_redirects_to_empty_password_confirm_textbox()&amp#27;[0m
      &amp#27;[31mjava.lang.AssertionError: expected [Invalid password] but found [password_mismatch:The two password fields didn’t match.]
	at org.testng.Assert.fail(Assert.java:111)
	at org.testng.Assert.failNotEquals(Assert.java:1578)
	at org.testng.Assert.assertEqualsImpl(Assert.java:150)
	at org.testng.Assert.assertEquals(Assert.java:132)
	at org.testng.Assert.assertEquals(Assert.java:656)
	at org.testng.Assert.assertEquals(Assert.java:666)
	at StepDefinitions.Registration.the_user_is_displayed_the_appropriate_error_msg_after_entering_invalid_data_and_redirects_to_empty_password_confirm_textbox(Registration.java:131)
	at ✽.The user is displayed the appropriate error msg after entering invalid data and  redirects to empty password confirm textbox(file:///C:/Projects/newFolder-3/Repo1/src/test/resources/Features/Registration.feature:47)
&amp#27;[0m
[ERROR] 2024-12-17 10:04:04.529 [TestNG-PoolService-1] Hooks - ======================  TEST CASE FAILED !! ======================

    Embedding screenshot [image/png 62935 bytes]

[INFO ] 2024-12-17 10:04:04.615 [TestNG-PoolService-1] Hooks - ======================  Screenshot is captured  ======================
[INFO ] 2024-12-17 10:04:04.616 [TestNG-PoolService-1] Hooks - ======================  Test Execution is completed!! ======================
]]></system-out>
  </testcase>
  <testcase name="runScenario[&quot;New user registration page with valid username but password and confirm password fields has less than eight characters&quot;, &quot;Registration&quot;](130)" classname="TestRunners.TestRunner" time="0.377">
    <failure message="expected [Invalid password] but found [password_mismatch:The two password fields didn’t match.]" type="java.lang.AssertionError"><![CDATA[java.lang.AssertionError: expected [Invalid password] but found [password_mismatch:The two password fields didn’t match.]
]]></failure>
    <system-out><![CDATA[
Scenario Outline: New user registration page with all valid credentials entered                                                                          &amp#27;[90m# src/test/resources/Features/Registration.feature:65&amp#27;[0m
]]></system-out>
  </testcase>
  <testcase name="runScenario[&quot;New user registration page on registration with different passwords entered in password and confirm password fields&quot;, &quot;Registration&quot;](131)" classname="TestRunners.TestRunner" time="1.052">
    <system-out><![CDATA[
Scenario Outline: New user registration page where login button is clicked &amp#27;[90m# src/test/resources/Features/Registration.feature:67&amp#27;[0m
  &amp#27;[32mWhen &amp#27;[0m&amp#27;[32mThe user clicks Register button after entering different passwords in Password and Password Confirmation fields form from sheetname &amp#27;[0m&amp#27;[32m&amp#27;[1m"register"&amp#27;[0m&amp#27;[32m and row &amp#27;[0m&amp#27;[32m&amp#27;[1m6&amp#27;[0m &amp#27;[90m# StepDefinitions.Registration.the_user_clicks_register_button_after_entering_different_passwords_in_password_and_password_confirmation_fields_on_registration_form_from_sheetname(java.lang.String,java.lang.Integer)&amp#27;[0m
  &amp#27;[32mThen &amp#27;[0m&amp#27;[32mThe user is displayed with a warning message password_mismatch:The two password fields didn’t match.&amp#27;[0m                                                     &amp#27;[90m# StepDefinitions.Registration.the_user_is_displayed_with_a_warning_message_password_mismatch_the_two_password_fields_didn_t_match()&amp#27;[0m
[INFO ] 2024-12-17 09:49:35.808 [TestNG-PoolService-2] Hooks - ======================  Test Execution is completed!! ======================
]]></system-out>
    <system-err><![CDATA[Dec 17, 2024 9:49:35 AM org.openqa.selenium.devtools.CdpVersionFinder findNearestMatch
WARNING: Unable to find an exact match for CDP version 131, returning the closest version; found: 130; Please update to a Selenium version that supports CDP version 131
]]></system-err>
  </testcase>
  <testcase name="runScenario[&quot;New user registration page on registration with different passwords entered in password and confirm password fields&quot;, &quot;Registration&quot;](131)" classname="TestRunners.TestRunner" time="3.427">
    <system-out><![CDATA[
Scenario Outline: New user registration page where login button is clicked &amp#27;[90m# src/test/resources/Features/Registration.feature:67&amp#27;[0m
  &amp#27;[32mGiven &amp#27;[0m&amp#27;[32mThe user is on the new user registration page&amp#27;[0m                                                                                                           &amp#27;[90m# StepDefinitions.Registration.the_user_is_on_the_new_user_registration_page()&amp#27;[0m
  &amp#27;[32mWhen &amp#27;[0m&amp#27;[32mThe user clicks Register button after entering different passwords in Password and Password Confirmation fields form from sheetname &amp#27;[0m&amp#27;[32m&amp#27;[1m"register"&amp#27;[0m&amp#27;[32m and row &amp#27;[0m&amp#27;[32m&amp#27;[1m6&amp#27;[0m &amp#27;[90m# StepDefinitions.Registration.the_user_clicks_register_button_after_entering_different_passwords_in_password_and_password_confirmation_fields_on_registration_form_from_sheetname(java.lang.String,java.lang.Integer)&amp#27;[0m
  &amp#27;[32mThen &amp#27;[0m&amp#27;[32mThe user is displayed with a warning message password_mismatch:The two password fields didn’t match.&amp#27;[0m                                                     &amp#27;[90m# StepDefinitions.Registration.the_user_is_displayed_with_a_warning_message_password_mismatch_the_two_password_fields_didn_t_match()&amp#27;[0m
[INFO ] 2024-12-17 10:04:07.999 [TestNG-PoolService-2] Hooks - ======================  Test Execution is completed!! ======================
]]></system-out>
  </testcase>
  <testcase name="runScenario[&quot;New user registration page on registration with different passwords entered in password and confirm password fields&quot;, &quot;Registration&quot;](131)" classname="TestRunners.TestRunner" time="0.283">
    <system-out><![CDATA[
Scenario Outline: New user registration page where login button is clicked &amp#27;[90m# src/test/resources/Features/Registration.feature:67&amp#27;[0m
]]></system-out>
  </testcase>
  <testcase name="runScenario[&quot;New user registration page with all valid credentials entered&quot;, &quot;Registration&quot;](132)" classname="TestRunners.TestRunner" time="2.483">
    <failure message="expected [New Account Created. You are logged in as 11111dddfrtfg] but found [password_mismatch:The two password fields didn’t match.]" type="java.lang.AssertionError"><![CDATA[java.lang.AssertionError: expected [New Account Created. You are logged in as 11111dddfrtfg] but found [password_mismatch:The two password fields didn’t match.]
]]></failure>
    <system-out><![CDATA[
Scenario Outline: New user registration page where SignIn button is clicked &amp#27;[90m# src/test/resources/Features/Registration.feature:71&amp#27;[0m
  &amp#27;[32mGiven &amp#27;[0m&amp#27;[32mThe user is on the new user registration page&amp#27;[0m                                                                                                    &amp#27;[90m# StepDefinitions.Registration.the_user_is_on_the_new_user_registration_page()&amp#27;[0m
  &amp#27;[32mWhen &amp#27;[0m&amp#27;[32mThe user clicks Register button after user fills registration form from sheetname &amp#27;[0m&amp#27;[32m&amp#27;[1m"register"&amp#27;[0m&amp#27;[32m and row &amp#27;[0m&amp#27;[32m&amp#27;[1m7&amp#27;[0m                                            &amp#27;[90m# StepDefinitions.Registration.the_user_clicks_register_button_after_user_fills_registration_form_from_sheetname_and_row(java.lang.String,java.lang.Integer)&amp#27;[0m
  &amp#27;[31mThen &amp#27;[0m&amp#27;[31mThe user is redirected to Home Page of DS Algo with success message - New Account Created. You are logged in as username on the DS Algo Home Page&amp#27;[0m &amp#27;[90m# StepDefinitions.Registration.the_user_is_redirected_to_home_page_of_ds_algo_with_success_message_new_account_created_you_are_logged_in_as_username_on_the_ds_algo_home_page()&amp#27;[0m
      &amp#27;[31mjava.lang.AssertionError: expected [New Account Created. You are logged in as 11111dddfrtfg] but found [password_mismatch:The two password fields didn’t match.]
	at org.testng.Assert.fail(Assert.java:111)
	at org.testng.Assert.failNotEquals(Assert.java:1578)
	at org.testng.Assert.assertEqualsImpl(Assert.java:150)
	at org.testng.Assert.assertEquals(Assert.java:132)
	at org.testng.Assert.assertEquals(Assert.java:656)
	at org.testng.Assert.assertEquals(Assert.java:666)
	at StepDefinitions.Registration.the_user_is_redirected_to_home_page_of_ds_algo_with_success_message_new_account_created_you_are_logged_in_as_username_on_the_ds_algo_home_page(Registration.java:167)
	at ✽.The user is redirected to Home Page of DS Algo with success message - New Account Created. You are logged in as username on the DS Algo Home Page(file:///C:/Projects/newFolder-3/Repo1/src/test/resources/Features/Registration.feature:62)
&amp#27;[0m
[ERROR] 2024-12-17 09:49:38.123 [TestNG-PoolService-3] Hooks - ======================  TEST CASE FAILED !! ======================

    Embedding screenshot [image/png 37341 bytes]

[INFO ] 2024-12-17 09:49:38.277 [TestNG-PoolService-3] Hooks - ======================  Screenshot is captured  ======================
[INFO ] 2024-12-17 09:49:38.278 [TestNG-PoolService-3] Hooks - ======================  Test Execution is completed!! ======================
]]></system-out>
    <system-err><![CDATA[Dec 17, 2024 9:49:36 AM org.openqa.selenium.devtools.CdpVersionFinder findNearestMatch
WARNING: Unable to find an exact match for CDP version 131, returning the closest version; found: 130; Please update to a Selenium version that supports CDP version 131
Dec 17, 2024 9:49:37 AM org.openqa.selenium.devtools.CdpVersionFinder findNearestMatch
WARNING: Unable to find an exact match for CDP version 131, returning the closest version; found: 130; Please update to a Selenium version that supports CDP version 131
]]></system-err>
  </testcase>
  <testcase name="runScenario[&quot;New user registration page with all valid credentials entered&quot;, &quot;Registration&quot;](132)" classname="TestRunners.TestRunner" time="2.696">
    <failure message="expected [New Account Created. You are logged in as 11111dddfrtfg] but found [password_mismatch:The two password fields didn’t match.]" type="java.lang.AssertionError"><![CDATA[java.lang.AssertionError: expected [New Account Created. You are logged in as 11111dddfrtfg] but found [password_mismatch:The two password fields didn’t match.]
]]></failure>
    <system-out><![CDATA[
Scenario Outline: New user registration page where SignIn button is clicked &amp#27;[90m# src/test/resources/Features/Registration.feature:71&amp#27;[0m
  &amp#27;[32mGiven &amp#27;[0m&amp#27;[32mThe user is on the new user registration page&amp#27;[0m                                                                                                    &amp#27;[90m# StepDefinitions.Registration.the_user_is_on_the_new_user_registration_page()&amp#27;[0m
  &amp#27;[32mWhen &amp#27;[0m&amp#27;[32mThe user clicks Register button after user fills registration form from sheetname &amp#27;[0m&amp#27;[32m&amp#27;[1m"register"&amp#27;[0m&amp#27;[32m and row &amp#27;[0m&amp#27;[32m&amp#27;[1m7&amp#27;[0m                                            &amp#27;[90m# StepDefinitions.Registration.the_user_clicks_register_button_after_user_fills_registration_form_from_sheetname_and_row(java.lang.String,java.lang.Integer)&amp#27;[0m
  &amp#27;[31mThen &amp#27;[0m&amp#27;[31mThe user is redirected to Home Page of DS Algo with success message - New Account Created. You are logged in as username on the DS Algo Home Page&amp#27;[0m &amp#27;[90m# StepDefinitions.Registration.the_user_is_redirected_to_home_page_of_ds_algo_with_success_message_new_account_created_you_are_logged_in_as_username_on_the_ds_algo_home_page()&amp#27;[0m
      &amp#27;[31mjava.lang.AssertionError: expected [New Account Created. You are logged in as 11111dddfrtfg] but found [password_mismatch:The two password fields didn’t match.]
	at org.testng.Assert.fail(Assert.java:111)
	at org.testng.Assert.failNotEquals(Assert.java:1578)
	at org.testng.Assert.assertEqualsImpl(Assert.java:150)
	at org.testng.Assert.assertEquals(Assert.java:132)
	at org.testng.Assert.assertEquals(Assert.java:656)
	at org.testng.Assert.assertEquals(Assert.java:666)
	at StepDefinitions.Registration.the_user_is_redirected_to_home_page_of_ds_algo_with_success_message_new_account_created_you_are_logged_in_as_username_on_the_ds_algo_home_page(Registration.java:167)
	at ✽.The user is redirected to Home Page of DS Algo with success message - New Account Created. You are logged in as username on the DS Algo Home Page(file:///C:/Projects/newFolder-3/Repo1/src/test/resources/Features/Registration.feature:62)
&amp#27;[0m
[ERROR] 2024-12-17 10:04:10.628 [TestNG-PoolService-3] Hooks - ======================  TEST CASE FAILED !! ======================

    Embedding screenshot [image/png 62935 bytes]

[INFO ] 2024-12-17 10:04:10.710 [TestNG-PoolService-3] Hooks - ======================  Screenshot is captured  ======================
[INFO ] 2024-12-17 10:04:10.712 [TestNG-PoolService-3] Hooks - ======================  Test Execution is completed!! ======================
]]></system-out>
  </testcase>
  <testcase name="runScenario[&quot;New user registration page with all valid credentials entered&quot;, &quot;Registration&quot;](132)" classname="TestRunners.TestRunner" time="7.07">
    <failure message="expected [New Account Created. You are logged in as 11111dddfrtfg] but found [password_mismatch:The two password fields didn’t match.]" type="java.lang.AssertionError"><![CDATA[java.lang.AssertionError: expected [New Account Created. You are logged in as 11111dddfrtfg] but found [password_mismatch:The two password fields didn’t match.]
]]></failure>
    <system-out><![CDATA[
Scenario Outline: New user registration page where SignIn button is clicked &amp#27;[90m# src/test/resources/Features/Registration.feature:71&amp#27;[0m
  &amp#27;[32mGiven &amp#27;[0m&amp#27;[32mThe user is on the new user registration page&amp#27;[0m                                                                                                    &amp#27;[90m# StepDefinitions.Registration.the_user_is_on_the_new_user_registration_page()&amp#27;[0m
  &amp#27;[32mGiven &amp#27;[0m&amp#27;[32mThe user is on the new user registration page&amp#27;[0m                      &amp#27;[90m# StepDefinitions.Registration.the_user_is_on_the_new_user_registration_page()&amp#27;[0m
  &amp#27;[32mWhen &amp#27;[0m&amp#27;[32mThe user clicks Register button after user fills registration form from sheetname &amp#27;[0m&amp#27;[32m&amp#27;[1m"register"&amp#27;[0m&amp#27;[32m and row &amp#27;[0m&amp#27;[32m&amp#27;[1m7&amp#27;[0m                                            &amp#27;[90m# StepDefinitions.Registration.the_user_clicks_register_button_after_user_fills_registration_form_from_sheetname_and_row(java.lang.String,java.lang.Integer)&amp#27;[0m
  &amp#27;[31mThen &amp#27;[0m&amp#27;[31mThe user is redirected to Home Page of DS Algo with success message - New Account Created. You are logged in as username on the DS Algo Home Page&amp#27;[0m &amp#27;[90m# StepDefinitions.Registration.the_user_is_redirected_to_home_page_of_ds_algo_with_success_message_new_account_created_you_are_logged_in_as_username_on_the_ds_algo_home_page()&amp#27;[0m
      &amp#27;[31mjava.lang.AssertionError: expected [New Account Created. You are logged in as 11111dddfrtfg] but found [password_mismatch:The two password fields didn’t match.]
	at org.testng.Assert.fail(Assert.java:111)
	at org.testng.Assert.failNotEquals(Assert.java:1578)
	at org.testng.Assert.assertEqualsImpl(Assert.java:150)
	at org.testng.Assert.assertEquals(Assert.java:132)
	at org.testng.Assert.assertEquals(Assert.java:656)
	at org.testng.Assert.assertEquals(Assert.java:666)
	at StepDefinitions.Registration.the_user_is_redirected_to_home_page_of_ds_algo_with_success_message_new_account_created_you_are_logged_in_as_username_on_the_ds_algo_home_page(Registration.java:167)
	at ✽.The user is redirected to Home Page of DS Algo with success message - New Account Created. You are logged in as username on the DS Algo Home Page(file:///C:/Projects/newFolder-3/Repo1/src/test/resources/Features/Registration.feature:62)
&amp#27;[0m
[ERROR] 2024-12-17 10:19:28.470 [TestNG-PoolService-3] Hooks - ======================  TEST CASE FAILED !! ======================
  &amp#27;[32mGiven &amp#27;[0m&amp#27;[32mThe user is on the new user registration page&amp#27;[0m                       &amp#27;[90m# StepDefinitions.Registration.the_user_is_on_the_new_user_registration_page()&amp#27;[0m

    Embedding screenshot [image/png 37391 bytes]

[INFO ] 2024-12-17 10:19:28.687 [TestNG-PoolService-3] Hooks - ======================  Screenshot is captured  ======================
[INFO ] 2024-12-17 10:19:28.690 [TestNG-PoolService-3] Hooks - ======================  Test Execution is completed!! ======================
  &amp#27;[32mWhen &amp#27;[0m&amp#27;[32mUser clicks on login button from registration page&amp#27;[0m                  &amp#27;[90m# StepDefinitions.Registration.user_clicks_on_login_button_from_registration_page()&amp#27;[0m
  &amp#27;[32mThen &amp#27;[0m&amp#27;[32muser lands on login page&amp#27;[0m                                            &amp#27;[90m# StepDefinitions.Registration.user_lands_on_login_page()&amp#27;[0m
[INFO ] 2024-12-17 10:19:28.755 [TestNG-PoolService-2] Hooks - ======================  Test Execution is completed!! ======================
  &amp#27;[32mWhen &amp#27;[0m&amp#27;[32mUser clicks on SignIn button from registration page&amp#27;[0m                  &amp#27;[90m# StepDefinitions.Registration.user_clicks_on_sign_in_button_from_registration_page()&amp#27;[0m
  &amp#27;[32mThen &amp#27;[0m&amp#27;[32muser lands on login page&amp#27;[0m                                             &amp#27;[90m# StepDefinitions.Registration.user_lands_on_login_page()&amp#27;[0m
[INFO ] 2024-12-17 10:19:28.877 [TestNG-PoolService-1] Hooks - ======================  Test Execution is completed!! ======================
]]></system-out>
    <system-err><![CDATA[Dec 17, 2024 10:19:25 AM org.openqa.selenium.devtools.CdpVersionFinder findNearestMatch
WARNING: Unable to find an exact match for CDP version 131, returning the closest version; found: 130; Please update to a Selenium version that supports CDP version 131
Dec 17, 2024 10:19:26 AM org.openqa.selenium.devtools.CdpVersionFinder findNearestMatch
WARNING: Unable to find an exact match for CDP version 131, returning the closest version; found: 130; Please update to a Selenium version that supports CDP version 131
Dec 17, 2024 10:19:26 AM org.openqa.selenium.devtools.CdpVersionFinder findNearestMatch
WARNING: Unable to find an exact match for CDP version 131, returning the closest version; found: 130; Please update to a Selenium version that supports CDP version 131
]]></system-err>
  </testcase>
  <testcase name="runScenario[&quot;New user registration page where login button is clicked&quot;, &quot;Registration&quot;](133)" classname="TestRunners.TestRunner" time="0.562">
    <system-out><![CDATA[
Scenario: Validate user navigated to stack details page when clicked on get started &amp#27;[90m# src/test/resources/Features/StackPage.feature:8&amp#27;[0m
  &amp#27;[32mGiven &amp#27;[0m&amp#27;[32mThe user is on the new user registration page&amp#27;[0m                      &amp#27;[90m# StepDefinitions.Registration.the_user_is_on_the_new_user_registration_page()&amp#27;[0m
  &amp#27;[32mWhen &amp#27;[0m&amp#27;[32mUser clicks on login button from registration page&amp#27;[0m                  &amp#27;[90m# StepDefinitions.Registration.user_clicks_on_login_button_from_registration_page()&amp#27;[0m
  &amp#27;[32mThen &amp#27;[0m&amp#27;[32muser lands on login page&amp#27;[0m                                            &amp#27;[90m# StepDefinitions.Registration.user_lands_on_login_page()&amp#27;[0m
[INFO ] 2024-12-17 09:49:38.982 [TestNG-PoolService-1] Hooks - ======================  Test Execution is completed!! ======================
]]></system-out>
  </testcase>
  <testcase name="runScenario[&quot;New user registration page where login button is clicked&quot;, &quot;Registration&quot;](133)" classname="TestRunners.TestRunner" time="4.354">
    <system-out><![CDATA[
Scenario: Validate user navigated to stack details page when clicked on get started &amp#27;[90m# src/test/resources/Features/StackPage.feature:8&amp#27;[0m
  &amp#27;[32mGiven &amp#27;[0m&amp#27;[32mThe user is on the new user registration page&amp#27;[0m                      &amp#27;[90m# StepDefinitions.Registration.the_user_is_on_the_new_user_registration_page()&amp#27;[0m
  &amp#27;[32mWhen &amp#27;[0m&amp#27;[32mUser clicks on login button from registration page&amp#27;[0m                  &amp#27;[90m# StepDefinitions.Registration.user_clicks_on_login_button_from_registration_page()&amp#27;[0m
  &amp#27;[32mThen &amp#27;[0m&amp#27;[32muser lands on login page&amp#27;[0m                                            &amp#27;[90m# StepDefinitions.Registration.user_lands_on_login_page()&amp#27;[0m
[INFO ] 2024-12-17 10:04:15.148 [TestNG-PoolService-1] Hooks - ======================  Test Execution is completed!! ======================
]]></system-out>
  </testcase>
  <testcase name="runScenario[&quot;New user registration page where login button is clicked&quot;, &quot;Registration&quot;](133)" classname="TestRunners.TestRunner" time="0.074">
    <system-out><![CDATA[
Scenario: Validate user navigated to stack details page when clicked on get started &amp#27;[90m# src/test/resources/Features/StackPage.feature:8&amp#27;[0m
]]></system-out>
  </testcase>
  <testcase name="runScenario[&quot;New user registration page where SignIn button is clicked&quot;, &quot;Registration&quot;](134)" classname="TestRunners.TestRunner" time="1.165">
    <system-out><![CDATA[
Scenario: Validate user can navigate to Operations in Stack page &amp#27;[90m# src/test/resources/Features/StackPage.feature:11&amp#27;[0m
  &amp#27;[32mGiven &amp#27;[0m&amp#27;[32mThe user is on the new user registration page&amp#27;[0m                       &amp#27;[90m# StepDefinitions.Registration.the_user_is_on_the_new_user_registration_page()&amp#27;[0m
  &amp#27;[32mWhen &amp#27;[0m&amp#27;[32mUser clicks on SignIn button from registration page&amp#27;[0m                  &amp#27;[90m# StepDefinitions.Registration.user_clicks_on_sign_in_button_from_registration_page()&amp#27;[0m
  &amp#27;[32mThen &amp#27;[0m&amp#27;[32muser lands on login page&amp#27;[0m                                             &amp#27;[90m# StepDefinitions.Registration.user_lands_on_login_page()&amp#27;[0m
[INFO ] 2024-12-17 09:49:39.868 [TestNG-PoolService-2] Hooks - ======================  Test Execution is completed!! ======================
]]></system-out>
    <system-err><![CDATA[Dec 17, 2024 9:49:40 AM org.openqa.selenium.devtools.CdpVersionFinder findNearestMatch
WARNING: Unable to find an exact match for CDP version 131, returning the closest version; found: 130; Please update to a Selenium version that supports CDP version 131
]]></system-err>
  </testcase>
  <testcase name="runScenario[&quot;New user registration page where SignIn button is clicked&quot;, &quot;Registration&quot;](134)" classname="TestRunners.TestRunner" time="2.847">
    <system-out><![CDATA[
Scenario: Validate user can navigate to Operations in Stack page &amp#27;[90m# src/test/resources/Features/StackPage.feature:11&amp#27;[0m
  &amp#27;[32mGiven &amp#27;[0m&amp#27;[32mThe user is on the new user registration page&amp#27;[0m                       &amp#27;[90m# StepDefinitions.Registration.the_user_is_on_the_new_user_registration_page()&amp#27;[0m
  &amp#27;[32mWhen &amp#27;[0m&amp#27;[32mUser clicks on SignIn button from registration page&amp#27;[0m                  &amp#27;[90m# StepDefinitions.Registration.user_clicks_on_sign_in_button_from_registration_page()&amp#27;[0m
  &amp#27;[32mThen &amp#27;[0m&amp#27;[32muser lands on login page&amp#27;[0m                                             &amp#27;[90m# StepDefinitions.Registration.user_lands_on_login_page()&amp#27;[0m
[INFO ] 2024-12-17 10:04:17.953 [TestNG-PoolService-2] Hooks - ======================  Test Execution is completed!! ======================
]]></system-out>
  </testcase>
  <testcase name="runScenario[&quot;New user registration page where SignIn button is clicked&quot;, &quot;Registration&quot;](134)" classname="TestRunners.TestRunner" time="0.109">
    <system-out><![CDATA[
Scenario: Validate user can navigate to Operations in Stack page &amp#27;[90m# src/test/resources/Features/StackPage.feature:11&amp#27;[0m
]]></system-out>
  </testcase>
  <testcase name="runScenario[&quot;Validate user navigated to stack details page when clicked on get started&quot;, &quot;Stack page&quot;](135)" classname="TestRunners.TestRunner" time="3.736">
    <system-out><![CDATA[
Scenario: Validate user can Try here link page from Operations in Stack &amp#27;[90m# src/test/resources/Features/StackPage.feature:16&amp#27;[0m
  &amp#27;[32mGiven &amp#27;[0m&amp#27;[32mThe user is on the DS Introduction page as signedIn&amp#27;[0m                         &amp#27;[90m# StepDefinitions.DSIntroductionDetails.the_user_is_on_the_ds_introduction_page_as_signed_in()&amp#27;[0m
  &amp#27;[32mGiven &amp#27;[0m&amp#27;[32mThe user is on the DS Introduction page as signedIn&amp#27;[0m      &amp#27;[90m# StepDefinitions.DSIntroductionDetails.the_user_is_on_the_ds_introduction_page_as_signed_in()&amp#27;[0m
  &amp#27;[32mWhen &amp#27;[0m&amp#27;[32mThe user clicks on Get Started link for stack&amp#27;[0m                                &amp#27;[90m# StepDefinitions.StackStepDefinitions.the_user_clicks_on_get_started_link_for_stack()&amp#27;[0m
  &amp#27;[32mThen &amp#27;[0m&amp#27;[32mThe user is on the stack details page&amp#27;[0m                                        &amp#27;[90m# StepDefinitions.StackStepDefinitions.the_user_is_on_the_stack_details_page()&amp#27;[0m
[INFO ] 2024-12-17 09:49:43.619 [TestNG-PoolService-3] Hooks - ======================  Test Execution is completed!! ======================
  &amp#27;[32mWhen &amp#27;[0m&amp#27;[32mThe user clicks on Get Started link for stack&amp#27;[0m             &amp#27;[90m# StepDefinitions.StackStepDefinitions.the_user_clicks_on_get_started_link_for_stack()&amp#27;[0m
  &amp#27;[32mGiven &amp#27;[0m&amp#27;[32mThe user is on the stack details page&amp#27;[0m                    &amp#27;[90m# StepDefinitions.StackStepDefinitions.the_user_is_on_the_stack_details_page()&amp#27;[0m
]]></system-out>
    <system-err><![CDATA[Dec 17, 2024 9:49:40 AM org.openqa.selenium.devtools.CdpVersionFinder findNearestMatch
WARNING: Unable to find an exact match for CDP version 131, returning the closest version; found: 130; Please update to a Selenium version that supports CDP version 131
Dec 17, 2024 9:49:42 AM org.openqa.selenium.devtools.CdpVersionFinder findNearestMatch
WARNING: Unable to find an exact match for CDP version 131, returning the closest version; found: 130; Please update to a Selenium version that supports CDP version 131
]]></system-err>
  </testcase>
  <testcase name="runScenario[&quot;Validate user navigated to stack details page when clicked on get started&quot;, &quot;Stack page&quot;](135)" classname="TestRunners.TestRunner" time="3.754">
    <system-out><![CDATA[
Scenario: Validate user can Try here link page from Operations in Stack &amp#27;[90m# src/test/resources/Features/StackPage.feature:16&amp#27;[0m
  &amp#27;[32mGiven &amp#27;[0m&amp#27;[32mThe user is on the DS Introduction page as signedIn&amp#27;[0m                         &amp#27;[90m# StepDefinitions.DSIntroductionDetails.the_user_is_on_the_ds_introduction_page_as_signed_in()&amp#27;[0m
  &amp#27;[32mWhen &amp#27;[0m&amp#27;[32mThe user clicks on Get Started link for stack&amp#27;[0m                                &amp#27;[90m# StepDefinitions.StackStepDefinitions.the_user_clicks_on_get_started_link_for_stack()&amp#27;[0m
  &amp#27;[32mThen &amp#27;[0m&amp#27;[32mThe user is on the stack details page&amp#27;[0m                                        &amp#27;[90m# StepDefinitions.StackStepDefinitions.the_user_is_on_the_stack_details_page()&amp#27;[0m
[INFO ] 2024-12-17 10:04:21.907 [TestNG-PoolService-3] Hooks - ======================  Test Execution is completed!! ======================
]]></system-out>
  </testcase>
  <testcase name="runScenario[&quot;Validate user navigated to stack details page when clicked on get started&quot;, &quot;Stack page&quot;](135)" classname="TestRunners.TestRunner" time="7.951">
    <system-out><![CDATA[
Scenario: Validate user can Try here link page from Operations in Stack &amp#27;[90m# src/test/resources/Features/StackPage.feature:16&amp#27;[0m
  &amp#27;[32mGiven &amp#27;[0m&amp#27;[32mThe user is on the DS Introduction page as signedIn&amp#27;[0m             &amp#27;[90m# StepDefinitions.DSIntroductionDetails.the_user_is_on_the_ds_introduction_page_as_signed_in()&amp#27;[0m
  &amp#27;[32mGiven &amp#27;[0m&amp#27;[32mThe user is on the DS Introduction page as signedIn&amp#27;[0m                         &amp#27;[90m# StepDefinitions.DSIntroductionDetails.the_user_is_on_the_ds_introduction_page_as_signed_in()&amp#27;[0m
  &amp#27;[32mGiven &amp#27;[0m&amp#27;[32mThe user is on the DS Introduction page as signedIn&amp#27;[0m      &amp#27;[90m# StepDefinitions.DSIntroductionDetails.the_user_is_on_the_ds_introduction_page_as_signed_in()&amp#27;[0m
  &amp#27;[32mWhen &amp#27;[0m&amp#27;[32mThe user clicks on Get Started link for stack&amp#27;[0m                                &amp#27;[90m# StepDefinitions.StackStepDefinitions.the_user_clicks_on_get_started_link_for_stack()&amp#27;[0m
  &amp#27;[32mWhen &amp#27;[0m&amp#27;[32mThe user clicks on Get Started link for stack&amp#27;[0m             &amp#27;[90m# StepDefinitions.StackStepDefinitions.the_user_clicks_on_get_started_link_for_stack()&amp#27;[0m
  &amp#27;[32mWhen &amp#27;[0m&amp#27;[32mThe user clicks on Get Started link for stack&amp#27;[0m                    &amp#27;[90m# StepDefinitions.StackStepDefinitions.the_user_clicks_on_get_started_link_for_stack()&amp#27;[0m
  &amp#27;[32mThen &amp#27;[0m&amp#27;[32mThe user is on the stack details page&amp#27;[0m                                        &amp#27;[90m# StepDefinitions.StackStepDefinitions.the_user_is_on_the_stack_details_page()&amp#27;[0m
[INFO ] 2024-12-17 10:19:37.007 [TestNG-PoolService-3] Hooks - ======================  Test Execution is completed!! ======================
  &amp#27;[32mGiven &amp#27;[0m&amp#27;[32mThe user is on the stack details page&amp#27;[0m                    &amp#27;[90m# StepDefinitions.StackStepDefinitions.the_user_is_on_the_stack_details_page()&amp#27;[0m
  &amp#27;[32mGiven &amp#27;[0m&amp#27;[32mThe user is on the Operations in Stack page&amp#27;[0m                     &amp#27;[90m# StepDefinitions.StackStepDefinitions.the_user_is_on_the_operations_in_stack_page()&amp#27;[0m
  &amp#27;[32mWhen &amp#27;[0m&amp#27;[32mThe user click on Operations in Stack link&amp#27;[0m                &amp#27;[90m# StepDefinitions.StackStepDefinitions.the_user_click_on_operations_in_stack_link()&amp#27;[0m
  &amp#27;[32mThen &amp#27;[0m&amp#27;[32mthe user is navigated to Operations in Stack page&amp#27;[0m         &amp#27;[90m# StepDefinitions.StackStepDefinitions.the_user_is_navigated_to_operations_in_stack_page()&amp#27;[0m
[INFO ] 2024-12-17 10:19:37.512 [TestNG-PoolService-2] Hooks - ======================  Test Execution is completed!! ======================
  &amp#27;[32mWhen &amp#27;[0m&amp#27;[32mUser clicks Try here link&amp#27;[0m                                        &amp#27;[90m# StepDefinitions.DSIntroductionDetails.user_clicks_try_here_link()&amp#27;[0m
  &amp#27;[32mThen &amp#27;[0m&amp#27;[32mUser should navigate to tryEditor page&amp#27;[0m                           &amp#27;[90m# StepDefinitions.DSIntroductionDetails.user_should_navigate_to_try_editor_page()&amp#27;[0m
[INFO ] 2024-12-17 10:19:38.008 [TestNG-PoolService-1] Hooks - ======================  Test Execution is completed!! ======================
]]></system-out>
    <system-err><![CDATA[Dec 17, 2024 10:19:33 AM org.openqa.selenium.devtools.CdpVersionFinder findNearestMatch
WARNING: Unable to find an exact match for CDP version 131, returning the closest version; found: 130; Please update to a Selenium version that supports CDP version 131
Dec 17, 2024 10:19:33 AM org.openqa.selenium.devtools.CdpVersionFinder findNearestMatch
WARNING: Unable to find an exact match for CDP version 131, returning the closest version; found: 130; Please update to a Selenium version that supports CDP version 131
Dec 17, 2024 10:19:34 AM org.openqa.selenium.devtools.CdpVersionFinder findNearestMatch
WARNING: Unable to find an exact match for CDP version 131, returning the closest version; found: 130; Please update to a Selenium version that supports CDP version 131
]]></system-err>
  </testcase>
  <testcase name="runScenario[&quot;Validate user can navigate to Operations in Stack page&quot;, &quot;Stack page&quot;](136)" classname="TestRunners.TestRunner" time="0.421">
    <system-out><![CDATA[
Scenario: Error message displayed for invalid code on try Editor for Operations in Stack page &amp#27;[90m# src/test/resources/Features/StackPage.feature:21&amp#27;[0m
  &amp#27;[32mWhen &amp#27;[0m&amp#27;[32mThe user click on Operations in Stack link&amp#27;[0m                &amp#27;[90m# StepDefinitions.StackStepDefinitions.the_user_click_on_operations_in_stack_link()&amp#27;[0m
  &amp#27;[32mThen &amp#27;[0m&amp#27;[32mthe user is navigated to Operations in Stack page&amp#27;[0m         &amp#27;[90m# StepDefinitions.StackStepDefinitions.the_user_is_navigated_to_operations_in_stack_page()&amp#27;[0m
[INFO ] 2024-12-17 09:49:44.268 [TestNG-PoolService-1] Hooks - ======================  Test Execution is completed!! ======================
  &amp#27;[32mGiven &amp#27;[0m&amp#27;[32mThe user is on the DS Introduction page as signedIn&amp#27;[0m             &amp#27;[90m# StepDefinitions.DSIntroductionDetails.the_user_is_on_the_ds_introduction_page_as_signed_in()&amp#27;[0m
]]></system-out>
  </testcase>
  <testcase name="runScenario[&quot;Validate user can navigate to Operations in Stack page&quot;, &quot;Stack page&quot;](136)" classname="TestRunners.TestRunner" time="4.362">
    <system-out><![CDATA[
Scenario: Error message displayed for invalid code on try Editor for Operations in Stack page &amp#27;[90m# src/test/resources/Features/StackPage.feature:21&amp#27;[0m
  &amp#27;[32mGiven &amp#27;[0m&amp#27;[32mThe user is on the DS Introduction page as signedIn&amp#27;[0m      &amp#27;[90m# StepDefinitions.DSIntroductionDetails.the_user_is_on_the_ds_introduction_page_as_signed_in()&amp#27;[0m
  &amp#27;[32mWhen &amp#27;[0m&amp#27;[32mThe user clicks on Get Started link for stack&amp#27;[0m             &amp#27;[90m# StepDefinitions.StackStepDefinitions.the_user_clicks_on_get_started_link_for_stack()&amp#27;[0m
  &amp#27;[32mGiven &amp#27;[0m&amp#27;[32mThe user is on the stack details page&amp#27;[0m                    &amp#27;[90m# StepDefinitions.StackStepDefinitions.the_user_is_on_the_stack_details_page()&amp#27;[0m
  &amp#27;[32mWhen &amp#27;[0m&amp#27;[32mThe user click on Operations in Stack link&amp#27;[0m                &amp#27;[90m# StepDefinitions.StackStepDefinitions.the_user_click_on_operations_in_stack_link()&amp#27;[0m
  &amp#27;[32mThen &amp#27;[0m&amp#27;[32mthe user is navigated to Operations in Stack page&amp#27;[0m         &amp#27;[90m# StepDefinitions.StackStepDefinitions.the_user_is_navigated_to_operations_in_stack_page()&amp#27;[0m
[INFO ] 2024-12-17 10:04:26.371 [TestNG-PoolService-1] Hooks - ======================  Test Execution is completed!! ======================
  &amp#27;[32mGiven &amp#27;[0m&amp#27;[32mThe user is on the DS Introduction page as signedIn&amp#27;[0m             &amp#27;[90m# StepDefinitions.DSIntroductionDetails.the_user_is_on_the_ds_introduction_page_as_signed_in()&amp#27;[0m
]]></system-out>
  </testcase>
  <testcase name="runScenario[&quot;Validate user can navigate to Operations in Stack page&quot;, &quot;Stack page&quot;](136)" classname="TestRunners.TestRunner" time="0.528">
    <system-out><![CDATA[
Scenario: Error message displayed for invalid code on try Editor for Operations in Stack page &amp#27;[90m# src/test/resources/Features/StackPage.feature:21&amp#27;[0m
]]></system-out>
  </testcase>
  <testcase name="runScenario[&quot;Validate user can Try here link page from Operations in Stack&quot;, &quot;Stack page&quot;](137)" classname="TestRunners.TestRunner" time="2.295">
    <system-out><![CDATA[
Scenario: No error message displayed for empty code on try editor for Operations in Stack page &amp#27;[90m# src/test/resources/Features/StackPage.feature:26&amp#27;[0m
  &amp#27;[32mWhen &amp#27;[0m&amp#27;[32mThe user clicks on Get Started link for stack&amp#27;[0m                    &amp#27;[90m# StepDefinitions.StackStepDefinitions.the_user_clicks_on_get_started_link_for_stack()&amp#27;[0m
  &amp#27;[32mGiven &amp#27;[0m&amp#27;[32mThe user is on the Operations in Stack page&amp#27;[0m                     &amp#27;[90m# StepDefinitions.StackStepDefinitions.the_user_is_on_the_operations_in_stack_page()&amp#27;[0m
  &amp#27;[32mWhen &amp#27;[0m&amp#27;[32mUser clicks Try here link&amp#27;[0m                                        &amp#27;[90m# StepDefinitions.DSIntroductionDetails.user_clicks_try_here_link()&amp#27;[0m
  &amp#27;[32mThen &amp#27;[0m&amp#27;[32mUser should navigate to tryEditor page&amp#27;[0m                           &amp#27;[90m# StepDefinitions.DSIntroductionDetails.user_should_navigate_to_try_editor_page()&amp#27;[0m
[INFO ] 2024-12-17 09:49:46.462 [TestNG-PoolService-2] Hooks - ======================  Test Execution is completed!! ======================
]]></system-out>
    <system-err><![CDATA[Dec 17, 2024 9:49:45 AM org.openqa.selenium.devtools.CdpVersionFinder findNearestMatch
WARNING: Unable to find an exact match for CDP version 131, returning the closest version; found: 130; Please update to a Selenium version that supports CDP version 131
Dec 17, 2024 9:49:46 AM org.openqa.selenium.devtools.CdpVersionFinder findNearestMatch
WARNING: Unable to find an exact match for CDP version 131, returning the closest version; found: 130; Please update to a Selenium version that supports CDP version 131
]]></system-err>
  </testcase>
  <testcase name="runScenario[&quot;Validate user can Try here link page from Operations in Stack&quot;, &quot;Stack page&quot;](137)" classname="TestRunners.TestRunner" time="3.565">
    <system-out><![CDATA[
Scenario: No error message displayed for empty code on try editor for Operations in Stack page &amp#27;[90m# src/test/resources/Features/StackPage.feature:26&amp#27;[0m
  &amp#27;[32mWhen &amp#27;[0m&amp#27;[32mThe user clicks on Get Started link for stack&amp#27;[0m                    &amp#27;[90m# StepDefinitions.StackStepDefinitions.the_user_clicks_on_get_started_link_for_stack()&amp#27;[0m
  &amp#27;[32mGiven &amp#27;[0m&amp#27;[32mThe user is on the Operations in Stack page&amp#27;[0m                     &amp#27;[90m# StepDefinitions.StackStepDefinitions.the_user_is_on_the_operations_in_stack_page()&amp#27;[0m
  &amp#27;[32mWhen &amp#27;[0m&amp#27;[32mUser clicks Try here link&amp#27;[0m                                        &amp#27;[90m# StepDefinitions.DSIntroductionDetails.user_clicks_try_here_link()&amp#27;[0m
  &amp#27;[32mThen &amp#27;[0m&amp#27;[32mUser should navigate to tryEditor page&amp#27;[0m                           &amp#27;[90m# StepDefinitions.DSIntroductionDetails.user_should_navigate_to_try_editor_page()&amp#27;[0m
[INFO ] 2024-12-17 10:04:29.459 [TestNG-PoolService-2] Hooks - ======================  Test Execution is completed!! ======================
]]></system-out>
  </testcase>
  <testcase name="runScenario[&quot;Validate user can Try here link page from Operations in Stack&quot;, &quot;Stack page&quot;](137)" classname="TestRunners.TestRunner" time="0.544">
    <system-out><![CDATA[
Scenario: No error message displayed for empty code on try editor for Operations in Stack page &amp#27;[90m# src/test/resources/Features/StackPage.feature:26&amp#27;[0m
]]></system-out>
  </testcase>
  <testcase name="runScenario[&quot;Error message displayed for invalid code on try Editor for Operations in Stack page&quot;, &quot;Stack page&quot;](138)" classname="TestRunners.TestRunner" time="3.165">
    <system-out><![CDATA[
Scenario: Valid code on try editor for Operations in Stack runs successfully &amp#27;[90m# src/test/resources/Features/StackPage.feature:31&amp#27;[0m
  &amp#27;[32mGiven &amp#27;[0m&amp#27;[32mThe user is on the DS Introduction page as signedIn&amp#27;[0m                                   &amp#27;[90m# StepDefinitions.DSIntroductionDetails.the_user_is_on_the_ds_introduction_page_as_signed_in()&amp#27;[0m
  &amp#27;[32mWhen &amp#27;[0m&amp#27;[32mThe user clicks on Get Started link for stack&amp#27;[0m                                          &amp#27;[90m# StepDefinitions.StackStepDefinitions.the_user_clicks_on_get_started_link_for_stack()&amp#27;[0m
  &amp#27;[32mGiven &amp#27;[0m&amp#27;[32mThe user is on the DS Introduction page as signedIn&amp#27;[0m                                    &amp#27;[90m# StepDefinitions.DSIntroductionDetails.the_user_is_on_the_ds_introduction_page_as_signed_in()&amp#27;[0m
  &amp#27;[32mGiven &amp#27;[0m&amp#27;[32mThe user is on the Operations in Stack page&amp#27;[0m                                           &amp#27;[90m# StepDefinitions.StackStepDefinitions.the_user_is_on_the_operations_in_stack_page()&amp#27;[0m
  &amp#27;[32mWhen &amp#27;[0m&amp#27;[32mThe user clicks on Get Started link for stack&amp#27;[0m                                           &amp#27;[90m# StepDefinitions.StackStepDefinitions.the_user_clicks_on_get_started_link_for_stack()&amp#27;[0m
  &amp#27;[32mGiven &amp#27;[0m&amp#27;[32mThe user is on the Operations in Stack page&amp#27;[0m                                            &amp#27;[90m# StepDefinitions.StackStepDefinitions.the_user_is_on_the_operations_in_stack_page()&amp#27;[0m
  &amp#27;[32mWhen &amp#27;[0m&amp#27;[32mUser writes invalid code and clicks run button&amp#27;[0m                                         &amp#27;[90m# StepDefinitions.DSIntroductionDetails.user_writes_invalid_code_and_clicks_run_button()&amp#27;[0m
  &amp#27;[32mThen &amp#27;[0m&amp#27;[32mThe user should able to see an error message in alert window&amp#27;[0m                           &amp#27;[90m# StepDefinitions.DSIntroductionDetails.the_user_should_able_to_see_an_error_message_in_alert_window()&amp#27;[0m
[INFO ] 2024-12-17 09:49:49.722 [TestNG-PoolService-3] Hooks - ======================  Test Execution is completed!! ======================
]]></system-out>
    <system-err><![CDATA[Dec 17, 2024 9:49:48 AM org.openqa.selenium.devtools.CdpVersionFinder findNearestMatch
WARNING: Unable to find an exact match for CDP version 131, returning the closest version; found: 130; Please update to a Selenium version that supports CDP version 131
]]></system-err>
  </testcase>
  <testcase name="runScenario[&quot;Error message displayed for invalid code on try Editor for Operations in Stack page&quot;, &quot;Stack page&quot;](138)" classname="TestRunners.TestRunner" time="4.504">
    <system-out><![CDATA[
Scenario: Valid code on try editor for Operations in Stack runs successfully &amp#27;[90m# src/test/resources/Features/StackPage.feature:31&amp#27;[0m
  &amp#27;[32mGiven &amp#27;[0m&amp#27;[32mThe user is on the DS Introduction page as signedIn&amp#27;[0m                                   &amp#27;[90m# StepDefinitions.DSIntroductionDetails.the_user_is_on_the_ds_introduction_page_as_signed_in()&amp#27;[0m
  &amp#27;[32mWhen &amp#27;[0m&amp#27;[32mThe user clicks on Get Started link for stack&amp#27;[0m                                          &amp#27;[90m# StepDefinitions.StackStepDefinitions.the_user_clicks_on_get_started_link_for_stack()&amp#27;[0m
  &amp#27;[32mGiven &amp#27;[0m&amp#27;[32mThe user is on the Operations in Stack page&amp#27;[0m                                           &amp#27;[90m# StepDefinitions.StackStepDefinitions.the_user_is_on_the_operations_in_stack_page()&amp#27;[0m
  &amp#27;[32mWhen &amp#27;[0m&amp#27;[32mUser writes invalid code and clicks run button&amp#27;[0m                                         &amp#27;[90m# StepDefinitions.DSIntroductionDetails.user_writes_invalid_code_and_clicks_run_button()&amp#27;[0m
  &amp#27;[32mThen &amp#27;[0m&amp#27;[32mThe user should able to see an error message in alert window&amp#27;[0m                           &amp#27;[90m# StepDefinitions.DSIntroductionDetails.the_user_should_able_to_see_an_error_message_in_alert_window()&amp#27;[0m
[INFO ] 2024-12-17 10:04:33.993 [TestNG-PoolService-3] Hooks - ======================  Test Execution is completed!! ======================
  &amp#27;[32mGiven &amp#27;[0m&amp#27;[32mThe user is on the DS Introduction page as signedIn&amp#27;[0m                                    &amp#27;[90m# StepDefinitions.DSIntroductionDetails.the_user_is_on_the_ds_introduction_page_as_signed_in()&amp#27;[0m
]]></system-out>
  </testcase>
  <testcase name="runScenario[&quot;Error message displayed for invalid code on try Editor for Operations in Stack page&quot;, &quot;Stack page&quot;](138)" classname="TestRunners.TestRunner" time="8.067">
    <system-out><![CDATA[
Scenario: Valid code on try editor for Operations in Stack runs successfully &amp#27;[90m# src/test/resources/Features/StackPage.feature:31&amp#27;[0m
  &amp#27;[32mGiven &amp#27;[0m&amp#27;[32mThe user is on the DS Introduction page as signedIn&amp#27;[0m                                   &amp#27;[90m# StepDefinitions.DSIntroductionDetails.the_user_is_on_the_ds_introduction_page_as_signed_in()&amp#27;[0m
  &amp#27;[32mWhen &amp#27;[0m&amp#27;[32mThe user clicks on Get Started link for stack&amp#27;[0m                                          &amp#27;[90m# StepDefinitions.StackStepDefinitions.the_user_clicks_on_get_started_link_for_stack()&amp#27;[0m
  &amp#27;[32mGiven &amp#27;[0m&amp#27;[32mThe user is on the DS Introduction page as signedIn&amp#27;[0m                                    &amp#27;[90m# StepDefinitions.DSIntroductionDetails.the_user_is_on_the_ds_introduction_page_as_signed_in()&amp#27;[0m
  &amp#27;[32mGiven &amp#27;[0m&amp#27;[32mThe user is on the Operations in Stack page&amp#27;[0m                                           &amp#27;[90m# StepDefinitions.StackStepDefinitions.the_user_is_on_the_operations_in_stack_page()&amp#27;[0m
  &amp#27;[32mWhen &amp#27;[0m&amp#27;[32mThe user clicks on Get Started link for stack&amp#27;[0m                                           &amp#27;[90m# StepDefinitions.StackStepDefinitions.the_user_clicks_on_get_started_link_for_stack()&amp#27;[0m
  &amp#27;[32mGiven &amp#27;[0m&amp#27;[32mThe user is on the Operations in Stack page&amp#27;[0m                                            &amp#27;[90m# StepDefinitions.StackStepDefinitions.the_user_is_on_the_operations_in_stack_page()&amp#27;[0m
  &amp#27;[32mGiven &amp#27;[0m&amp#27;[32mThe user is on the DS Introduction page as signedIn&amp#27;[0m                  &amp#27;[90m# StepDefinitions.DSIntroductionDetails.the_user_is_on_the_ds_introduction_page_as_signed_in()&amp#27;[0m
  &amp#27;[32mWhen &amp#27;[0m&amp#27;[32mUser writes invalid code and clicks run button&amp#27;[0m                                         &amp#27;[90m# StepDefinitions.DSIntroductionDetails.user_writes_invalid_code_and_clicks_run_button()&amp#27;[0m
  &amp#27;[32mThen &amp#27;[0m&amp#27;[32mThe user should able to see an error message in alert window&amp#27;[0m                           &amp#27;[90m# StepDefinitions.DSIntroductionDetails.the_user_should_able_to_see_an_error_message_in_alert_window()&amp#27;[0m
[INFO ] 2024-12-17 10:19:46.106 [TestNG-PoolService-3] Hooks - ======================  Test Execution is completed!! ======================
  &amp#27;[32mWhen &amp#27;[0m&amp#27;[32mThe user clicks on Get Started link for stack&amp#27;[0m                         &amp#27;[90m# StepDefinitions.StackStepDefinitions.the_user_clicks_on_get_started_link_for_stack()&amp#27;[0m
  &amp#27;[32mGiven &amp#27;[0m&amp#27;[32mThe user is on the Operations in Stack page&amp#27;[0m                          &amp#27;[90m# StepDefinitions.StackStepDefinitions.the_user_is_on_the_operations_in_stack_page()&amp#27;[0m
  &amp#27;[32mWhen &amp#27;[0m&amp#27;[32mUser clicks on run button with empty code&amp#27;[0m                                               &amp#27;[90m# StepDefinitions.DSIntroductionDetails.user_clicks_on_run_button_with_empty_code()&amp#27;[0m
  &amp#27;[32mThen &amp#27;[0m&amp#27;[32mThe user should not see any error message or alert&amp#27;[0m                                      &amp#27;[90m# StepDefinitions.DSIntroductionDetails.the_user_should_not_see_any_error_message_or_alert()&amp#27;[0m
[INFO ] 2024-12-17 10:19:46.660 [TestNG-PoolService-2] Hooks - ======================  Test Execution is completed!! ======================
]]></system-out>
    <system-err><![CDATA[Dec 17, 2024 10:19:41 AM org.openqa.selenium.devtools.CdpVersionFinder findNearestMatch
WARNING: Unable to find an exact match for CDP version 131, returning the closest version; found: 130; Please update to a Selenium version that supports CDP version 131
Dec 17, 2024 10:19:41 AM org.openqa.selenium.devtools.CdpVersionFinder findNearestMatch
WARNING: Unable to find an exact match for CDP version 131, returning the closest version; found: 130; Please update to a Selenium version that supports CDP version 131
Dec 17, 2024 10:19:43 AM org.openqa.selenium.devtools.CdpVersionFinder findNearestMatch
WARNING: Unable to find an exact match for CDP version 131, returning the closest version; found: 130; Please update to a Selenium version that supports CDP version 131
]]></system-err>
  </testcase>
  <testcase name="runScenario[&quot;No error message displayed for empty code on try editor for Operations in Stack page&quot;, &quot;Stack page&quot;](139)" classname="TestRunners.TestRunner" time="0.584">
    <system-out><![CDATA[
Scenario: Validate user can navigate to Implementation page &amp#27;[90m# src/test/resources/Features/StackPage.feature:36&amp#27;[0m
  &amp#27;[32mWhen &amp#27;[0m&amp#27;[32mUser clicks on run button with empty code&amp#27;[0m                                               &amp#27;[90m# StepDefinitions.DSIntroductionDetails.user_clicks_on_run_button_with_empty_code()&amp#27;[0m
  &amp#27;[32mThen &amp#27;[0m&amp#27;[32mThe user should not see any error message or alert&amp#27;[0m                                      &amp#27;[90m# StepDefinitions.DSIntroductionDetails.the_user_should_not_see_any_error_message_or_alert()&amp#27;[0m
[INFO ] 2024-12-17 09:49:50.328 [TestNG-PoolService-1] Hooks - ======================  Test Execution is completed!! ======================
  &amp#27;[32mGiven &amp#27;[0m&amp#27;[32mThe user is on the DS Introduction page as signedIn&amp#27;[0m                  &amp#27;[90m# StepDefinitions.DSIntroductionDetails.the_user_is_on_the_ds_introduction_page_as_signed_in()&amp#27;[0m
]]></system-out>
  </testcase>
  <testcase name="runScenario[&quot;No error message displayed for empty code on try editor for Operations in Stack page&quot;, &quot;Stack page&quot;](139)" classname="TestRunners.TestRunner" time="3.485">
    <system-out><![CDATA[
Scenario: Validate user can navigate to Implementation page &amp#27;[90m# src/test/resources/Features/StackPage.feature:36&amp#27;[0m
  &amp#27;[32mWhen &amp#27;[0m&amp#27;[32mThe user clicks on Get Started link for stack&amp#27;[0m                                           &amp#27;[90m# StepDefinitions.StackStepDefinitions.the_user_clicks_on_get_started_link_for_stack()&amp#27;[0m
  &amp#27;[32mGiven &amp#27;[0m&amp#27;[32mThe user is on the Operations in Stack page&amp#27;[0m                                            &amp#27;[90m# StepDefinitions.StackStepDefinitions.the_user_is_on_the_operations_in_stack_page()&amp#27;[0m
  &amp#27;[32mWhen &amp#27;[0m&amp#27;[32mUser clicks on run button with empty code&amp#27;[0m                                               &amp#27;[90m# StepDefinitions.DSIntroductionDetails.user_clicks_on_run_button_with_empty_code()&amp#27;[0m
  &amp#27;[32mThen &amp#27;[0m&amp#27;[32mThe user should not see any error message or alert&amp#27;[0m                                      &amp#27;[90m# StepDefinitions.DSIntroductionDetails.the_user_should_not_see_any_error_message_or_alert()&amp#27;[0m
[INFO ] 2024-12-17 10:04:37.695 [TestNG-PoolService-1] Hooks - ======================  Test Execution is completed!! ======================
]]></system-out>
  </testcase>
  <testcase name="runScenario[&quot;No error message displayed for empty code on try editor for Operations in Stack page&quot;, &quot;Stack page&quot;](139)" classname="TestRunners.TestRunner" time="0.535">
    <system-out><![CDATA[
Scenario: Validate user can navigate to Implementation page &amp#27;[90m# src/test/resources/Features/StackPage.feature:36&amp#27;[0m
  &amp#27;[32mWhen &amp#27;[0m&amp#27;[32mUser writes valid code and clicks run button&amp#27;[0m                          &amp#27;[90m# StepDefinitions.DSIntroductionDetails.user_writes_valid_code_and_clicks_run_button()&amp#27;[0m
  &amp#27;[32mThen &amp#27;[0m&amp#27;[32mThe user should able to see output in the console&amp#27;[0m                     &amp#27;[90m# StepDefinitions.DSIntroductionDetails.the_user_should_able_to_see_output_in_the_console()&amp#27;[0m
[INFO ] 2024-12-17 10:19:47.537 [TestNG-PoolService-1] Hooks - ======================  Test Execution is completed!! ======================
]]></system-out>
  </testcase>
  <testcase name="runScenario[&quot;Valid code on try editor for Operations in Stack runs successfully&quot;, &quot;Stack page&quot;](140)" classname="TestRunners.TestRunner" time="2.718">
    <system-out><![CDATA[
Scenario: Validate user can click on Try here link from Implementation page &amp#27;[90m# src/test/resources/Features/StackPage.feature:41&amp#27;[0m
  &amp#27;[32mWhen &amp#27;[0m&amp#27;[32mThe user clicks on Get Started link for stack&amp#27;[0m                         &amp#27;[90m# StepDefinitions.StackStepDefinitions.the_user_clicks_on_get_started_link_for_stack()&amp#27;[0m
  &amp#27;[32mGiven &amp#27;[0m&amp#27;[32mThe user is on the Operations in Stack page&amp#27;[0m                          &amp#27;[90m# StepDefinitions.StackStepDefinitions.the_user_is_on_the_operations_in_stack_page()&amp#27;[0m
  &amp#27;[32mWhen &amp#27;[0m&amp#27;[32mUser writes valid code and clicks run button&amp#27;[0m                          &amp#27;[90m# StepDefinitions.DSIntroductionDetails.user_writes_valid_code_and_clicks_run_button()&amp#27;[0m
  &amp#27;[32mThen &amp#27;[0m&amp#27;[32mThe user should able to see output in the console&amp#27;[0m                     &amp#27;[90m# StepDefinitions.DSIntroductionDetails.the_user_should_able_to_see_output_in_the_console()&amp#27;[0m
[INFO ] 2024-12-17 09:49:52.955 [TestNG-PoolService-2] Hooks - ======================  Test Execution is completed!! ======================
]]></system-out>
    <system-err><![CDATA[Dec 17, 2024 9:49:51 AM org.openqa.selenium.devtools.CdpVersionFinder findNearestMatch
WARNING: Unable to find an exact match for CDP version 131, returning the closest version; found: 130; Please update to a Selenium version that supports CDP version 131
Dec 17, 2024 9:49:52 AM org.openqa.selenium.devtools.CdpVersionFinder findNearestMatch
WARNING: Unable to find an exact match for CDP version 131, returning the closest version; found: 130; Please update to a Selenium version that supports CDP version 131
]]></system-err>
  </testcase>
  <testcase name="runScenario[&quot;Valid code on try editor for Operations in Stack runs successfully&quot;, &quot;Stack page&quot;](140)" classname="TestRunners.TestRunner" time="3.93">
    <system-out><![CDATA[
Scenario: Validate user can click on Try here link from Implementation page &amp#27;[90m# src/test/resources/Features/StackPage.feature:41&amp#27;[0m
  &amp#27;[32mGiven &amp#27;[0m&amp#27;[32mThe user is on the DS Introduction page as signedIn&amp#27;[0m                  &amp#27;[90m# StepDefinitions.DSIntroductionDetails.the_user_is_on_the_ds_introduction_page_as_signed_in()&amp#27;[0m
  &amp#27;[32mWhen &amp#27;[0m&amp#27;[32mThe user clicks on Get Started link for stack&amp#27;[0m                         &amp#27;[90m# StepDefinitions.StackStepDefinitions.the_user_clicks_on_get_started_link_for_stack()&amp#27;[0m
  &amp#27;[32mGiven &amp#27;[0m&amp#27;[32mThe user is on the Operations in Stack page&amp#27;[0m                          &amp#27;[90m# StepDefinitions.StackStepDefinitions.the_user_is_on_the_operations_in_stack_page()&amp#27;[0m
  &amp#27;[32mWhen &amp#27;[0m&amp#27;[32mUser writes valid code and clicks run button&amp#27;[0m                          &amp#27;[90m# StepDefinitions.DSIntroductionDetails.user_writes_valid_code_and_clicks_run_button()&amp#27;[0m
  &amp#27;[32mThen &amp#27;[0m&amp#27;[32mThe user should able to see output in the console&amp#27;[0m                     &amp#27;[90m# StepDefinitions.DSIntroductionDetails.the_user_should_able_to_see_output_in_the_console()&amp#27;[0m
[INFO ] 2024-12-17 10:04:41.672 [TestNG-PoolService-2] Hooks - ======================  Test Execution is completed!! ======================
]]></system-out>
  </testcase>
  <testcase name="runScenario[&quot;Valid code on try editor for Operations in Stack runs successfully&quot;, &quot;Stack page&quot;](140)" classname="TestRunners.TestRunner" time="0.955">
    <system-out><![CDATA[
Scenario: Validate user can click on Try here link from Implementation page &amp#27;[90m# src/test/resources/Features/StackPage.feature:41&amp#27;[0m
]]></system-out>
  </testcase>
  <testcase name="runScenario[&quot;Validate user can navigate to Implementation page&quot;, &quot;Stack page&quot;](141)" classname="TestRunners.TestRunner" time="2.084">
    <system-out><![CDATA[
Scenario: Error message displayed for invalid code on try Editor for Implementation page &amp#27;[90m# src/test/resources/Features/StackPage.feature:46&amp#27;[0m
  &amp#27;[32mGiven &amp#27;[0m&amp#27;[32mThe user is on the DS Introduction page as signedIn&amp#27;[0m &amp#27;[90m# StepDefinitions.DSIntroductionDetails.the_user_is_on_the_ds_introduction_page_as_signed_in()&amp#27;[0m
  &amp#27;[32mWhen &amp#27;[0m&amp#27;[32mThe user clicks on Get Started link for stack&amp#27;[0m        &amp#27;[90m# StepDefinitions.StackStepDefinitions.the_user_clicks_on_get_started_link_for_stack()&amp#27;[0m
  &amp#27;[32mGiven &amp#27;[0m&amp#27;[32mThe user is on the DS Introduction page as signedIn&amp#27;[0m                 &amp#27;[90m# StepDefinitions.DSIntroductionDetails.the_user_is_on_the_ds_introduction_page_as_signed_in()&amp#27;[0m
  &amp#27;[32mGiven &amp#27;[0m&amp#27;[32mThe user is on the stack details page&amp#27;[0m               &amp#27;[90m# StepDefinitions.StackStepDefinitions.the_user_is_on_the_stack_details_page()&amp#27;[0m
  &amp#27;[32mWhen &amp#27;[0m&amp#27;[32mThe user clicks on Get Started link for stack&amp#27;[0m                        &amp#27;[90m# StepDefinitions.StackStepDefinitions.the_user_clicks_on_get_started_link_for_stack()&amp#27;[0m
  &amp#27;[32mWhen &amp#27;[0m&amp#27;[32mThe user click on Implementation link&amp#27;[0m                &amp#27;[90m# StepDefinitions.StackStepDefinitions.the_user_click_on_implementation_link()&amp#27;[0m
  &amp#27;[32mThen &amp#27;[0m&amp#27;[32mthe user is navigated to Implementation page&amp#27;[0m         &amp#27;[90m# StepDefinitions.StackStepDefinitions.the_user_is_navigated_to_implementation_page()&amp#27;[0m
[INFO ] 2024-12-17 09:49:54.952 [TestNG-PoolService-3] Hooks - ======================  Test Execution is completed!! ======================
]]></system-out>
    <system-err><![CDATA[Dec 17, 2024 9:49:54 AM org.openqa.selenium.devtools.CdpVersionFinder findNearestMatch
WARNING: Unable to find an exact match for CDP version 131, returning the closest version; found: 130; Please update to a Selenium version that supports CDP version 131
]]></system-err>
  </testcase>
  <testcase name="runScenario[&quot;Validate user can navigate to Implementation page&quot;, &quot;Stack page&quot;](141)" classname="TestRunners.TestRunner" time="3.127">
    <system-out><![CDATA[
Scenario: Error message displayed for invalid code on try Editor for Implementation page &amp#27;[90m# src/test/resources/Features/StackPage.feature:46&amp#27;[0m
  &amp#27;[32mGiven &amp#27;[0m&amp#27;[32mThe user is on the DS Introduction page as signedIn&amp#27;[0m &amp#27;[90m# StepDefinitions.DSIntroductionDetails.the_user_is_on_the_ds_introduction_page_as_signed_in()&amp#27;[0m
  &amp#27;[32mWhen &amp#27;[0m&amp#27;[32mThe user clicks on Get Started link for stack&amp#27;[0m        &amp#27;[90m# StepDefinitions.StackStepDefinitions.the_user_clicks_on_get_started_link_for_stack()&amp#27;[0m
  &amp#27;[32mGiven &amp#27;[0m&amp#27;[32mThe user is on the stack details page&amp#27;[0m               &amp#27;[90m# StepDefinitions.StackStepDefinitions.the_user_is_on_the_stack_details_page()&amp#27;[0m
  &amp#27;[32mWhen &amp#27;[0m&amp#27;[32mThe user click on Implementation link&amp#27;[0m                &amp#27;[90m# StepDefinitions.StackStepDefinitions.the_user_click_on_implementation_link()&amp#27;[0m
  &amp#27;[32mThen &amp#27;[0m&amp#27;[32mthe user is navigated to Implementation page&amp#27;[0m         &amp#27;[90m# StepDefinitions.StackStepDefinitions.the_user_is_navigated_to_implementation_page()&amp#27;[0m
[INFO ] 2024-12-17 10:04:44.719 [TestNG-PoolService-3] Hooks - ======================  Test Execution is completed!! ======================
]]></system-out>
  </testcase>
  <testcase name="runScenario[&quot;Validate user can navigate to Implementation page&quot;, &quot;Stack page&quot;](141)" classname="TestRunners.TestRunner" time="7.043">
    <system-out><![CDATA[
Scenario: Error message displayed for invalid code on try Editor for Implementation page &amp#27;[90m# src/test/resources/Features/StackPage.feature:46&amp#27;[0m
  &amp#27;[32mGiven &amp#27;[0m&amp#27;[32mThe user is on the DS Introduction page as signedIn&amp#27;[0m &amp#27;[90m# StepDefinitions.DSIntroductionDetails.the_user_is_on_the_ds_introduction_page_as_signed_in()&amp#27;[0m
  &amp#27;[32mGiven &amp#27;[0m&amp#27;[32mThe user is on the DS Introduction page as signedIn&amp#27;[0m                 &amp#27;[90m# StepDefinitions.DSIntroductionDetails.the_user_is_on_the_ds_introduction_page_as_signed_in()&amp#27;[0m
  &amp#27;[32mWhen &amp#27;[0m&amp#27;[32mThe user clicks on Get Started link for stack&amp#27;[0m        &amp#27;[90m# StepDefinitions.StackStepDefinitions.the_user_clicks_on_get_started_link_for_stack()&amp#27;[0m
  &amp#27;[32mGiven &amp#27;[0m&amp#27;[32mThe user is on the stack details page&amp#27;[0m               &amp#27;[90m# StepDefinitions.StackStepDefinitions.the_user_is_on_the_stack_details_page()&amp#27;[0m
  &amp#27;[32mWhen &amp#27;[0m&amp#27;[32mThe user clicks on Get Started link for stack&amp#27;[0m                        &amp#27;[90m# StepDefinitions.StackStepDefinitions.the_user_clicks_on_get_started_link_for_stack()&amp#27;[0m
  &amp#27;[32mWhen &amp#27;[0m&amp#27;[32mThe user click on Implementation link&amp#27;[0m                &amp#27;[90m# StepDefinitions.StackStepDefinitions.the_user_click_on_implementation_link()&amp#27;[0m
  &amp#27;[32mGiven &amp#27;[0m&amp#27;[32mThe user is on the DS Introduction page as signedIn&amp#27;[0m                              &amp#27;[90m# StepDefinitions.DSIntroductionDetails.the_user_is_on_the_ds_introduction_page_as_signed_in()&amp#27;[0m
  &amp#27;[32mThen &amp#27;[0m&amp#27;[32mthe user is navigated to Implementation page&amp#27;[0m         &amp#27;[90m# StepDefinitions.StackStepDefinitions.the_user_is_navigated_to_implementation_page()&amp#27;[0m
[INFO ] 2024-12-17 10:19:54.521 [TestNG-PoolService-3] Hooks - ======================  Test Execution is completed!! ======================
  &amp#27;[32mGiven &amp#27;[0m&amp#27;[32mThe user is on the Implementation page&amp#27;[0m                              &amp#27;[90m# StepDefinitions.StackStepDefinitions.the_user_is_on_the_implementation_page()&amp#27;[0m
  &amp#27;[32mWhen &amp#27;[0m&amp#27;[32mThe user clicks on Get Started link for stack&amp#27;[0m                                     &amp#27;[90m# StepDefinitions.StackStepDefinitions.the_user_clicks_on_get_started_link_for_stack()&amp#27;[0m
  &amp#27;[32mWhen &amp#27;[0m&amp#27;[32mUser clicks Try here link&amp#27;[0m                                            &amp#27;[90m# StepDefinitions.DSIntroductionDetails.user_clicks_try_here_link()&amp#27;[0m
  &amp#27;[32mGiven &amp#27;[0m&amp#27;[32mThe user is on the Implementation page&amp#27;[0m                                           &amp#27;[90m# StepDefinitions.StackStepDefinitions.the_user_is_on_the_implementation_page()&amp#27;[0m
  &amp#27;[32mThen &amp#27;[0m&amp#27;[32mUser should navigate to tryEditor page&amp#27;[0m                               &amp#27;[90m# StepDefinitions.DSIntroductionDetails.user_should_navigate_to_try_editor_page()&amp#27;[0m
[INFO ] 2024-12-17 10:19:55.384 [TestNG-PoolService-2] Hooks - ======================  Test Execution is completed!! ======================
]]></system-out>
    <system-err><![CDATA[Dec 17, 2024 10:19:50 AM org.openqa.selenium.devtools.CdpVersionFinder findNearestMatch
WARNING: Unable to find an exact match for CDP version 131, returning the closest version; found: 130; Please update to a Selenium version that supports CDP version 131
Dec 17, 2024 10:19:50 AM org.openqa.selenium.devtools.CdpVersionFinder findNearestMatch
WARNING: Unable to find an exact match for CDP version 131, returning the closest version; found: 130; Please update to a Selenium version that supports CDP version 131
Dec 17, 2024 10:19:52 AM org.openqa.selenium.devtools.CdpVersionFinder findNearestMatch
WARNING: Unable to find an exact match for CDP version 131, returning the closest version; found: 130; Please update to a Selenium version that supports CDP version 131
]]></system-err>
  </testcase>
  <testcase name="runScenario[&quot;Validate user can click on Try here link from Implementation page&quot;, &quot;Stack page&quot;](142)" classname="TestRunners.TestRunner" time="1.536">
    <system-out><![CDATA[
Scenario: No error message displayed for empty code on try editor for Implementation page &amp#27;[90m# src/test/resources/Features/StackPage.feature:51&amp#27;[0m
  &amp#27;[32mGiven &amp#27;[0m&amp#27;[32mThe user is on the Implementation page&amp#27;[0m                              &amp#27;[90m# StepDefinitions.StackStepDefinitions.the_user_is_on_the_implementation_page()&amp#27;[0m
  &amp#27;[32mWhen &amp#27;[0m&amp#27;[32mUser clicks Try here link&amp#27;[0m                                            &amp#27;[90m# StepDefinitions.DSIntroductionDetails.user_clicks_try_here_link()&amp#27;[0m
  &amp#27;[32mThen &amp#27;[0m&amp#27;[32mUser should navigate to tryEditor page&amp#27;[0m                               &amp#27;[90m# StepDefinitions.DSIntroductionDetails.user_should_navigate_to_try_editor_page()&amp#27;[0m
[INFO ] 2024-12-17 09:49:56.282 [TestNG-PoolService-1] Hooks - ======================  Test Execution is completed!! ======================
]]></system-out>
    <system-err><![CDATA[Dec 17, 2024 9:49:56 AM org.openqa.selenium.devtools.CdpVersionFinder findNearestMatch
WARNING: Unable to find an exact match for CDP version 131, returning the closest version; found: 130; Please update to a Selenium version that supports CDP version 131
]]></system-err>
  </testcase>
  <testcase name="runScenario[&quot;Validate user can click on Try here link from Implementation page&quot;, &quot;Stack page&quot;](142)" classname="TestRunners.TestRunner" time="4.702">
    <system-out><![CDATA[
Scenario: No error message displayed for empty code on try editor for Implementation page &amp#27;[90m# src/test/resources/Features/StackPage.feature:51&amp#27;[0m
  &amp#27;[32mGiven &amp#27;[0m&amp#27;[32mThe user is on the DS Introduction page as signedIn&amp#27;[0m                 &amp#27;[90m# StepDefinitions.DSIntroductionDetails.the_user_is_on_the_ds_introduction_page_as_signed_in()&amp#27;[0m
  &amp#27;[32mWhen &amp#27;[0m&amp#27;[32mThe user clicks on Get Started link for stack&amp#27;[0m                        &amp#27;[90m# StepDefinitions.StackStepDefinitions.the_user_clicks_on_get_started_link_for_stack()&amp#27;[0m
  &amp#27;[32mGiven &amp#27;[0m&amp#27;[32mThe user is on the Implementation page&amp#27;[0m                              &amp#27;[90m# StepDefinitions.StackStepDefinitions.the_user_is_on_the_implementation_page()&amp#27;[0m
  &amp#27;[32mWhen &amp#27;[0m&amp#27;[32mUser clicks Try here link&amp#27;[0m                                            &amp#27;[90m# StepDefinitions.DSIntroductionDetails.user_clicks_try_here_link()&amp#27;[0m
  &amp#27;[32mThen &amp#27;[0m&amp#27;[32mUser should navigate to tryEditor page&amp#27;[0m                               &amp#27;[90m# StepDefinitions.DSIntroductionDetails.user_should_navigate_to_try_editor_page()&amp#27;[0m
[INFO ] 2024-12-17 10:04:49.318 [TestNG-PoolService-1] Hooks - ======================  Test Execution is completed!! ======================
]]></system-out>
  </testcase>
  <testcase name="runScenario[&quot;Validate user can click on Try here link from Implementation page&quot;, &quot;Stack page&quot;](142)" classname="TestRunners.TestRunner" time="0.718">
    <system-out><![CDATA[
Scenario: No error message displayed for empty code on try editor for Implementation page &amp#27;[90m# src/test/resources/Features/StackPage.feature:51&amp#27;[0m
  &amp#27;[32mWhen &amp#27;[0m&amp#27;[32mUser writes invalid code and clicks run button&amp#27;[0m                                    &amp#27;[90m# StepDefinitions.DSIntroductionDetails.user_writes_invalid_code_and_clicks_run_button()&amp#27;[0m
  &amp#27;[32mThen &amp#27;[0m&amp#27;[32mThe user should able to see an error message in alert window&amp#27;[0m                      &amp#27;[90m# StepDefinitions.DSIntroductionDetails.the_user_should_able_to_see_an_error_message_in_alert_window()&amp#27;[0m
[INFO ] 2024-12-17 10:19:56.239 [TestNG-PoolService-1] Hooks - ======================  Test Execution is completed!! ======================
]]></system-out>
  </testcase>
  <testcase name="runScenario[&quot;Error message displayed for invalid code on try Editor for Implementation page&quot;, &quot;Stack page&quot;](143)" classname="TestRunners.TestRunner" time="2.413">
    <system-out><![CDATA[
Scenario: Valid code on try editor for Implementation runs successfully &amp#27;[90m# src/test/resources/Features/StackPage.feature:56&amp#27;[0m
  &amp#27;[32mGiven &amp#27;[0m&amp#27;[32mThe user is on the DS Introduction page as signedIn&amp#27;[0m                              &amp#27;[90m# StepDefinitions.DSIntroductionDetails.the_user_is_on_the_ds_introduction_page_as_signed_in()&amp#27;[0m
  &amp#27;[32mWhen &amp#27;[0m&amp#27;[32mThe user clicks on Get Started link for stack&amp#27;[0m                                     &amp#27;[90m# StepDefinitions.StackStepDefinitions.the_user_clicks_on_get_started_link_for_stack()&amp#27;[0m
  &amp#27;[32mGiven &amp#27;[0m&amp#27;[32mThe user is on the Implementation page&amp#27;[0m                                           &amp#27;[90m# StepDefinitions.StackStepDefinitions.the_user_is_on_the_implementation_page()&amp#27;[0m
  &amp#27;[32mWhen &amp#27;[0m&amp#27;[32mUser writes invalid code and clicks run button&amp#27;[0m                                    &amp#27;[90m# StepDefinitions.DSIntroductionDetails.user_writes_invalid_code_and_clicks_run_button()&amp#27;[0m
  &amp#27;[32mThen &amp#27;[0m&amp#27;[32mThe user should able to see an error message in alert window&amp#27;[0m                      &amp#27;[90m# StepDefinitions.DSIntroductionDetails.the_user_should_able_to_see_an_error_message_in_alert_window()&amp#27;[0m
[INFO ] 2024-12-17 09:49:59.058 [TestNG-PoolService-2] Hooks - ======================  Test Execution is completed!! ======================
]]></system-out>
    <system-err><![CDATA[Dec 17, 2024 9:49:58 AM org.openqa.selenium.devtools.CdpVersionFinder findNearestMatch
WARNING: Unable to find an exact match for CDP version 131, returning the closest version; found: 130; Please update to a Selenium version that supports CDP version 131
]]></system-err>
  </testcase>
  <testcase name="runScenario[&quot;Error message displayed for invalid code on try Editor for Implementation page&quot;, &quot;Stack page&quot;](143)" classname="TestRunners.TestRunner" time="3.857">
    <system-out><![CDATA[
Scenario: Valid code on try editor for Implementation runs successfully &amp#27;[90m# src/test/resources/Features/StackPage.feature:56&amp#27;[0m
  &amp#27;[32mGiven &amp#27;[0m&amp#27;[32mThe user is on the DS Introduction page as signedIn&amp#27;[0m                              &amp#27;[90m# StepDefinitions.DSIntroductionDetails.the_user_is_on_the_ds_introduction_page_as_signed_in()&amp#27;[0m
  &amp#27;[32mWhen &amp#27;[0m&amp#27;[32mThe user clicks on Get Started link for stack&amp#27;[0m                                     &amp#27;[90m# StepDefinitions.StackStepDefinitions.the_user_clicks_on_get_started_link_for_stack()&amp#27;[0m
  &amp#27;[32mGiven &amp#27;[0m&amp#27;[32mThe user is on the Implementation page&amp#27;[0m                                           &amp#27;[90m# StepDefinitions.StackStepDefinitions.the_user_is_on_the_implementation_page()&amp#27;[0m
  &amp#27;[32mWhen &amp#27;[0m&amp#27;[32mUser writes invalid code and clicks run button&amp#27;[0m                                    &amp#27;[90m# StepDefinitions.DSIntroductionDetails.user_writes_invalid_code_and_clicks_run_button()&amp#27;[0m
  &amp#27;[32mThen &amp#27;[0m&amp#27;[32mThe user should able to see an error message in alert window&amp#27;[0m                      &amp#27;[90m# StepDefinitions.DSIntroductionDetails.the_user_should_able_to_see_an_error_message_in_alert_window()&amp#27;[0m
[INFO ] 2024-12-17 10:04:53.473 [TestNG-PoolService-2] Hooks - ======================  Test Execution is completed!! ======================
]]></system-out>
  </testcase>
  <testcase name="runScenario[&quot;Error message displayed for invalid code on try Editor for Implementation page&quot;, &quot;Stack page&quot;](143)" classname="TestRunners.TestRunner" time="0.924">
    <system-out><![CDATA[
Scenario: Valid code on try editor for Implementation runs successfully &amp#27;[90m# src/test/resources/Features/StackPage.feature:56&amp#27;[0m
]]></system-out>
  </testcase>
  <testcase name="runScenario[&quot;No error message displayed for empty code on try editor for Implementation page&quot;, &quot;Stack page&quot;](144)" classname="TestRunners.TestRunner" time="2.655">
    <system-out><![CDATA[
Scenario: Validate user can navigate to Applications page   &amp#27;[90m# src/test/resources/Features/StackPage.feature:61&amp#27;[0m
  &amp#27;[32mGiven &amp#27;[0m&amp#27;[32mThe user is on the DS Introduction page as signedIn&amp#27;[0m                               &amp#27;[90m# StepDefinitions.DSIntroductionDetails.the_user_is_on_the_ds_introduction_page_as_signed_in()&amp#27;[0m
  &amp#27;[32mWhen &amp#27;[0m&amp#27;[32mThe user clicks on Get Started link for stack&amp#27;[0m                                      &amp#27;[90m# StepDefinitions.StackStepDefinitions.the_user_clicks_on_get_started_link_for_stack()&amp#27;[0m
  &amp#27;[32mGiven &amp#27;[0m&amp#27;[32mThe user is on the Implementation page&amp#27;[0m                                            &amp#27;[90m# StepDefinitions.StackStepDefinitions.the_user_is_on_the_implementation_page()&amp#27;[0m
  &amp#27;[32mGiven &amp#27;[0m&amp#27;[32mThe user is on the DS Introduction page as signedIn&amp#27;[0m             &amp#27;[90m# StepDefinitions.DSIntroductionDetails.the_user_is_on_the_ds_introduction_page_as_signed_in()&amp#27;[0m
  &amp#27;[32mWhen &amp#27;[0m&amp#27;[32mThe user clicks on Get Started link for stack&amp#27;[0m                    &amp#27;[90m# StepDefinitions.StackStepDefinitions.the_user_clicks_on_get_started_link_for_stack()&amp#27;[0m
  &amp#27;[32mWhen &amp#27;[0m&amp#27;[32mUser clicks on run button with empty code&amp#27;[0m                                          &amp#27;[90m# StepDefinitions.DSIntroductionDetails.user_clicks_on_run_button_with_empty_code()&amp#27;[0m
  &amp#27;[32mThen &amp#27;[0m&amp#27;[32mThe user should not see any error message or alert&amp#27;[0m                                 &amp#27;[90m# StepDefinitions.DSIntroductionDetails.the_user_should_not_see_any_error_message_or_alert()&amp#27;[0m
[INFO ] 2024-12-17 09:50:01.587 [TestNG-PoolService-3] Hooks - ======================  Test Execution is completed!! ======================
  &amp#27;[32mGiven &amp#27;[0m&amp#27;[32mThe user is on the Implementation page&amp#27;[0m                          &amp#27;[90m# StepDefinitions.StackStepDefinitions.the_user_is_on_the_implementation_page()&amp#27;[0m
]]></system-out>
    <system-err><![CDATA[Dec 17, 2024 9:50:00 AM org.openqa.selenium.devtools.CdpVersionFinder findNearestMatch
WARNING: Unable to find an exact match for CDP version 131, returning the closest version; found: 130; Please update to a Selenium version that supports CDP version 131
]]></system-err>
  </testcase>
  <testcase name="runScenario[&quot;No error message displayed for empty code on try editor for Implementation page&quot;, &quot;Stack page&quot;](144)" classname="TestRunners.TestRunner" time="3.877">
    <system-out><![CDATA[
Scenario: Validate user can navigate to Applications page   &amp#27;[90m# src/test/resources/Features/StackPage.feature:61&amp#27;[0m
  &amp#27;[32mGiven &amp#27;[0m&amp#27;[32mThe user is on the DS Introduction page as signedIn&amp#27;[0m                               &amp#27;[90m# StepDefinitions.DSIntroductionDetails.the_user_is_on_the_ds_introduction_page_as_signed_in()&amp#27;[0m
  &amp#27;[32mWhen &amp#27;[0m&amp#27;[32mThe user clicks on Get Started link for stack&amp#27;[0m                                      &amp#27;[90m# StepDefinitions.StackStepDefinitions.the_user_clicks_on_get_started_link_for_stack()&amp#27;[0m
  &amp#27;[32mGiven &amp#27;[0m&amp#27;[32mThe user is on the Implementation page&amp#27;[0m                                            &amp#27;[90m# StepDefinitions.StackStepDefinitions.the_user_is_on_the_implementation_page()&amp#27;[0m
  &amp#27;[32mWhen &amp#27;[0m&amp#27;[32mUser clicks on run button with empty code&amp#27;[0m                                          &amp#27;[90m# StepDefinitions.DSIntroductionDetails.user_clicks_on_run_button_with_empty_code()&amp#27;[0m
  &amp#27;[32mThen &amp#27;[0m&amp#27;[32mThe user should not see any error message or alert&amp#27;[0m                                 &amp#27;[90m# StepDefinitions.DSIntroductionDetails.the_user_should_not_see_any_error_message_or_alert()&amp#27;[0m
[INFO ] 2024-12-17 10:04:57.205 [TestNG-PoolService-3] Hooks - ======================  Test Execution is completed!! ======================
]]></system-out>
  </testcase>
  <testcase name="runScenario[&quot;No error message displayed for empty code on try editor for Implementation page&quot;, &quot;Stack page&quot;](144)" classname="TestRunners.TestRunner" time="8.03">
    <system-out><![CDATA[
Scenario: Validate user can navigate to Applications page   &amp#27;[90m# src/test/resources/Features/StackPage.feature:61&amp#27;[0m
  &amp#27;[32mGiven &amp#27;[0m&amp#27;[32mThe user is on the DS Introduction page as signedIn&amp#27;[0m                               &amp#27;[90m# StepDefinitions.DSIntroductionDetails.the_user_is_on_the_ds_introduction_page_as_signed_in()&amp#27;[0m
  &amp#27;[32mWhen &amp#27;[0m&amp#27;[32mThe user clicks on Get Started link for stack&amp#27;[0m                                      &amp#27;[90m# StepDefinitions.StackStepDefinitions.the_user_clicks_on_get_started_link_for_stack()&amp#27;[0m
  &amp#27;[32mGiven &amp#27;[0m&amp#27;[32mThe user is on the DS Introduction page as signedIn&amp#27;[0m             &amp#27;[90m# StepDefinitions.DSIntroductionDetails.the_user_is_on_the_ds_introduction_page_as_signed_in()&amp#27;[0m
  &amp#27;[32mGiven &amp#27;[0m&amp#27;[32mThe user is on the Implementation page&amp#27;[0m                                            &amp#27;[90m# StepDefinitions.StackStepDefinitions.the_user_is_on_the_implementation_page()&amp#27;[0m
  &amp#27;[32mWhen &amp#27;[0m&amp#27;[32mThe user clicks on Get Started link for stack&amp#27;[0m                    &amp#27;[90m# StepDefinitions.StackStepDefinitions.the_user_clicks_on_get_started_link_for_stack()&amp#27;[0m
  &amp#27;[32mGiven &amp#27;[0m&amp#27;[32mThe user is on the DS Introduction page as signedIn&amp#27;[0m &amp#27;[90m# StepDefinitions.DSIntroductionDetails.the_user_is_on_the_ds_introduction_page_as_signed_in()&amp#27;[0m
  &amp#27;[32mGiven &amp#27;[0m&amp#27;[32mThe user is on the Implementation page&amp#27;[0m                          &amp#27;[90m# StepDefinitions.StackStepDefinitions.the_user_is_on_the_implementation_page()&amp#27;[0m
  &amp#27;[32mWhen &amp#27;[0m&amp#27;[32mThe user clicks on Get Started link for stack&amp#27;[0m        &amp#27;[90m# StepDefinitions.StackStepDefinitions.the_user_clicks_on_get_started_link_for_stack()&amp#27;[0m
  &amp#27;[32mWhen &amp#27;[0m&amp#27;[32mUser clicks on run button with empty code&amp#27;[0m                                          &amp#27;[90m# StepDefinitions.DSIntroductionDetails.user_clicks_on_run_button_with_empty_code()&amp#27;[0m
  &amp#27;[32mGiven &amp#27;[0m&amp#27;[32mThe user is on the stack details page&amp#27;[0m               &amp#27;[90m# StepDefinitions.StackStepDefinitions.the_user_is_on_the_stack_details_page()&amp#27;[0m
  &amp#27;[32mThen &amp#27;[0m&amp#27;[32mThe user should not see any error message or alert&amp#27;[0m                                 &amp#27;[90m# StepDefinitions.DSIntroductionDetails.the_user_should_not_see_any_error_message_or_alert()&amp#27;[0m
[INFO ] 2024-12-17 10:20:04.305 [TestNG-PoolService-3] Hooks - ======================  Test Execution is completed!! ======================
  &amp#27;[32mWhen &amp#27;[0m&amp#27;[32mThe user click on Applications link&amp#27;[0m                  &amp#27;[90m# StepDefinitions.StackStepDefinitions.the_user_click_on_applications_link()&amp#27;[0m
  &amp#27;[32mThen &amp#27;[0m&amp#27;[32mthe user is navigated to Applications page&amp#27;[0m           &amp#27;[90m# StepDefinitions.StackStepDefinitions.the_user_is_navigated_to_applications_page()&amp#27;[0m
[INFO ] 2024-12-17 10:20:04.677 [TestNG-PoolService-1] Hooks - ======================  Test Execution is completed!! ======================
  &amp#27;[32mWhen &amp#27;[0m&amp#27;[32mUser writes valid code and clicks run button&amp#27;[0m                     &amp#27;[90m# StepDefinitions.DSIntroductionDetails.user_writes_valid_code_and_clicks_run_button()&amp#27;[0m
  &amp#27;[32mThen &amp#27;[0m&amp#27;[32mThe user should able to see output in the console&amp#27;[0m                &amp#27;[90m# StepDefinitions.DSIntroductionDetails.the_user_should_able_to_see_output_in_the_console()&amp#27;[0m
[INFO ] 2024-12-17 10:20:04.964 [TestNG-PoolService-2] Hooks - ======================  Test Execution is completed!! ======================
]]></system-out>
    <system-err><![CDATA[Dec 17, 2024 10:19:58 AM org.openqa.selenium.devtools.CdpVersionFinder findNearestMatch
WARNING: Unable to find an exact match for CDP version 131, returning the closest version; found: 130; Please update to a Selenium version that supports CDP version 131
Dec 17, 2024 10:19:59 AM org.openqa.selenium.devtools.CdpVersionFinder findNearestMatch
WARNING: Unable to find an exact match for CDP version 131, returning the closest version; found: 130; Please update to a Selenium version that supports CDP version 131
Dec 17, 2024 10:20:00 AM org.openqa.selenium.devtools.CdpVersionFinder findNearestMatch
WARNING: Unable to find an exact match for CDP version 131, returning the closest version; found: 130; Please update to a Selenium version that supports CDP version 131
]]></system-err>
  </testcase>
  <testcase name="runScenario[&quot;Valid code on try editor for Implementation runs successfully&quot;, &quot;Stack page&quot;](145)" classname="TestRunners.TestRunner" time="0.98">
    <system-out><![CDATA[
Scenario: Validate user can click on Try here link from Applications page &amp#27;[90m# src/test/resources/Features/StackPage.feature:66&amp#27;[0m
  &amp#27;[32mWhen &amp#27;[0m&amp#27;[32mUser writes valid code and clicks run button&amp#27;[0m                     &amp#27;[90m# StepDefinitions.DSIntroductionDetails.user_writes_valid_code_and_clicks_run_button()&amp#27;[0m
  &amp#27;[32mThen &amp#27;[0m&amp#27;[32mThe user should able to see output in the console&amp#27;[0m                &amp#27;[90m# StepDefinitions.DSIntroductionDetails.the_user_should_able_to_see_output_in_the_console()&amp#27;[0m
[INFO ] 2024-12-17 09:50:02.733 [TestNG-PoolService-1] Hooks - ======================  Test Execution is completed!! ======================
]]></system-out>
  </testcase>
  <testcase name="runScenario[&quot;Valid code on try editor for Implementation runs successfully&quot;, &quot;Stack page&quot;](145)" classname="TestRunners.TestRunner" time="4.341">
    <failure message="expected [hello] but found []" type="java.lang.AssertionError"><![CDATA[java.lang.AssertionError: expected [hello] but found []
]]></failure>
    <system-out><![CDATA[
Scenario: Validate user can click on Try here link from Applications page &amp#27;[90m# src/test/resources/Features/StackPage.feature:66&amp#27;[0m
  &amp#27;[32mGiven &amp#27;[0m&amp#27;[32mThe user is on the DS Introduction page as signedIn&amp#27;[0m             &amp#27;[90m# StepDefinitions.DSIntroductionDetails.the_user_is_on_the_ds_introduction_page_as_signed_in()&amp#27;[0m
  &amp#27;[32mWhen &amp#27;[0m&amp#27;[32mThe user clicks on Get Started link for stack&amp#27;[0m                    &amp#27;[90m# StepDefinitions.StackStepDefinitions.the_user_clicks_on_get_started_link_for_stack()&amp#27;[0m
  &amp#27;[32mGiven &amp#27;[0m&amp#27;[32mThe user is on the Implementation page&amp#27;[0m                          &amp#27;[90m# StepDefinitions.StackStepDefinitions.the_user_is_on_the_implementation_page()&amp#27;[0m
  &amp#27;[32mWhen &amp#27;[0m&amp#27;[32mUser writes valid code and clicks run button&amp#27;[0m                     &amp#27;[90m# StepDefinitions.DSIntroductionDetails.user_writes_valid_code_and_clicks_run_button()&amp#27;[0m
  &amp#27;[31mThen &amp#27;[0m&amp#27;[31mThe user should able to see output in the console&amp#27;[0m                &amp#27;[90m# StepDefinitions.DSIntroductionDetails.the_user_should_able_to_see_output_in_the_console()&amp#27;[0m
      &amp#27;[31mjava.lang.AssertionError: expected [hello] but found []
	at org.testng.Assert.fail(Assert.java:111)
	at org.testng.Assert.failNotEquals(Assert.java:1578)
	at org.testng.Assert.assertEqualsImpl(Assert.java:150)
	at org.testng.Assert.assertEquals(Assert.java:132)
	at org.testng.Assert.assertEquals(Assert.java:656)
	at org.testng.Assert.assertEquals(Assert.java:666)
	at StepDefinitions.DSIntroductionDetails.the_user_should_able_to_see_output_in_the_console(DSIntroductionDetails.java:223)
	at ✽.The user should able to see output in the console(file:///C:/Projects/newFolder-3/Repo1/src/test/resources/Features/StackPage.feature:59)
&amp#27;[0m
[ERROR] 2024-12-17 10:05:01.166 [TestNG-PoolService-1] Hooks - ======================  TEST CASE FAILED !! ======================

    Embedding screenshot [image/png 37860 bytes]

[INFO ] 2024-12-17 10:05:01.272 [TestNG-PoolService-1] Hooks - ======================  Screenshot is captured  ======================
[INFO ] 2024-12-17 10:05:01.274 [TestNG-PoolService-1] Hooks - ======================  Test Execution is completed!! ======================
  &amp#27;[32mGiven &amp#27;[0m&amp#27;[32mThe user is on the DS Introduction page as signedIn&amp#27;[0m &amp#27;[90m# StepDefinitions.DSIntroductionDetails.the_user_is_on_the_ds_introduction_page_as_signed_in()&amp#27;[0m
]]></system-out>
  </testcase>
  <testcase name="runScenario[&quot;Validate user can navigate to Applications page&quot;, &quot;Stack page&quot;](146)" classname="TestRunners.TestRunner" time="1.795">
    <system-out><![CDATA[
Scenario: Error message displayed for invalid code on try Editor for Applications page &amp#27;[90m# src/test/resources/Features/StackPage.feature:71&amp#27;[0m
  &amp#27;[32mGiven &amp#27;[0m&amp#27;[32mThe user is on the DS Introduction page as signedIn&amp#27;[0m &amp#27;[90m# StepDefinitions.DSIntroductionDetails.the_user_is_on_the_ds_introduction_page_as_signed_in()&amp#27;[0m
  &amp#27;[32mWhen &amp#27;[0m&amp#27;[32mThe user clicks on Get Started link for stack&amp#27;[0m        &amp#27;[90m# StepDefinitions.StackStepDefinitions.the_user_clicks_on_get_started_link_for_stack()&amp#27;[0m
  &amp#27;[32mGiven &amp#27;[0m&amp#27;[32mThe user is on the stack details page&amp#27;[0m               &amp#27;[90m# StepDefinitions.StackStepDefinitions.the_user_is_on_the_stack_details_page()&amp#27;[0m
  &amp#27;[32mWhen &amp#27;[0m&amp#27;[32mThe user click on Applications link&amp#27;[0m                  &amp#27;[90m# StepDefinitions.StackStepDefinitions.the_user_click_on_applications_link()&amp#27;[0m
  &amp#27;[32mThen &amp#27;[0m&amp#27;[32mthe user is navigated to Applications page&amp#27;[0m           &amp#27;[90m# StepDefinitions.StackStepDefinitions.the_user_is_navigated_to_applications_page()&amp#27;[0m
[INFO ] 2024-12-17 09:50:04.381 [TestNG-PoolService-2] Hooks - ======================  Test Execution is completed!! ======================
]]></system-out>
    <system-err><![CDATA[Dec 17, 2024 9:50:03 AM org.openqa.selenium.devtools.CdpVersionFinder findNearestMatch
WARNING: Unable to find an exact match for CDP version 131, returning the closest version; found: 130; Please update to a Selenium version that supports CDP version 131
Dec 17, 2024 9:50:04 AM org.openqa.selenium.devtools.CdpVersionFinder findNearestMatch
WARNING: Unable to find an exact match for CDP version 131, returning the closest version; found: 130; Please update to a Selenium version that supports CDP version 131
]]></system-err>
  </testcase>
  <testcase name="runScenario[&quot;Validate user can navigate to Applications page&quot;, &quot;Stack page&quot;](146)" classname="TestRunners.TestRunner" time="1.979">
    <system-out><![CDATA[
Scenario: Error message displayed for invalid code on try Editor for Applications page &amp#27;[90m# src/test/resources/Features/StackPage.feature:71&amp#27;[0m
  &amp#27;[32mWhen &amp#27;[0m&amp#27;[32mThe user clicks on Get Started link for stack&amp#27;[0m        &amp#27;[90m# StepDefinitions.StackStepDefinitions.the_user_clicks_on_get_started_link_for_stack()&amp#27;[0m
  &amp#27;[32mGiven &amp#27;[0m&amp#27;[32mThe user is on the stack details page&amp#27;[0m               &amp#27;[90m# StepDefinitions.StackStepDefinitions.the_user_is_on_the_stack_details_page()&amp#27;[0m
  &amp#27;[32mWhen &amp#27;[0m&amp#27;[32mThe user click on Applications link&amp#27;[0m                  &amp#27;[90m# StepDefinitions.StackStepDefinitions.the_user_click_on_applications_link()&amp#27;[0m
  &amp#27;[32mThen &amp#27;[0m&amp#27;[32mthe user is navigated to Applications page&amp#27;[0m           &amp#27;[90m# StepDefinitions.StackStepDefinitions.the_user_is_navigated_to_applications_page()&amp#27;[0m
[INFO ] 2024-12-17 10:05:03.684 [TestNG-PoolService-2] Hooks - ======================  Test Execution is completed!! ======================
]]></system-out>
  </testcase>
  <testcase name="runScenario[&quot;Validate user can click on Try here link from Applications page&quot;, &quot;Stack page&quot;](147)" classname="TestRunners.TestRunner" time="3.302">
    <system-out><![CDATA[
Scenario: No error message displayed for empty code on try editor for Applications page &amp#27;[90m# src/test/resources/Features/StackPage.feature:76&amp#27;[0m
  &amp#27;[32mGiven &amp#27;[0m&amp#27;[32mThe user is on the DS Introduction page as signedIn&amp#27;[0m               &amp#27;[90m# StepDefinitions.DSIntroductionDetails.the_user_is_on_the_ds_introduction_page_as_signed_in()&amp#27;[0m
  &amp#27;[32mWhen &amp#27;[0m&amp#27;[32mThe user clicks on Get Started link for stack&amp#27;[0m                      &amp#27;[90m# StepDefinitions.StackStepDefinitions.the_user_clicks_on_get_started_link_for_stack()&amp#27;[0m
  &amp#27;[32mGiven &amp#27;[0m&amp#27;[32mThe user is on the Applications page&amp#27;[0m                              &amp#27;[90m# StepDefinitions.StackStepDefinitions.the_user_is_on_the_applications_page()&amp#27;[0m
  &amp#27;[32mGiven &amp#27;[0m&amp#27;[32mThe user is on the DS Introduction page as signedIn&amp#27;[0m                            &amp#27;[90m# StepDefinitions.DSIntroductionDetails.the_user_is_on_the_ds_introduction_page_as_signed_in()&amp#27;[0m
  &amp#27;[32mWhen &amp#27;[0m&amp#27;[32mThe user clicks on Get Started link for stack&amp#27;[0m                                   &amp#27;[90m# StepDefinitions.StackStepDefinitions.the_user_clicks_on_get_started_link_for_stack()&amp#27;[0m
  &amp#27;[32mWhen &amp#27;[0m&amp#27;[32mUser clicks Try here link&amp#27;[0m                                          &amp#27;[90m# StepDefinitions.DSIntroductionDetails.user_clicks_try_here_link()&amp#27;[0m
  &amp#27;[32mThen &amp#27;[0m&amp#27;[32mUser should navigate to tryEditor page&amp#27;[0m                             &amp#27;[90m# StepDefinitions.DSIntroductionDetails.user_should_navigate_to_try_editor_page()&amp#27;[0m
[INFO ] 2024-12-17 09:50:07.833 [TestNG-PoolService-3] Hooks - ======================  Test Execution is completed!! ======================
  &amp#27;[32mGiven &amp#27;[0m&amp#27;[32mThe user is on the Applications page&amp#27;[0m                                           &amp#27;[90m# StepDefinitions.StackStepDefinitions.the_user_is_on_the_applications_page()&amp#27;[0m
]]></system-out>
    <system-err><![CDATA[Dec 17, 2024 9:50:06 AM org.openqa.selenium.devtools.CdpVersionFinder findNearestMatch
WARNING: Unable to find an exact match for CDP version 131, returning the closest version; found: 130; Please update to a Selenium version that supports CDP version 131
]]></system-err>
  </testcase>
  <testcase name="runScenario[&quot;Validate user can click on Try here link from Applications page&quot;, &quot;Stack page&quot;](147)" classname="TestRunners.TestRunner" time="5.707">
    <system-out><![CDATA[
Scenario: No error message displayed for empty code on try editor for Applications page &amp#27;[90m# src/test/resources/Features/StackPage.feature:76&amp#27;[0m
  &amp#27;[32mGiven &amp#27;[0m&amp#27;[32mThe user is on the DS Introduction page as signedIn&amp#27;[0m               &amp#27;[90m# StepDefinitions.DSIntroductionDetails.the_user_is_on_the_ds_introduction_page_as_signed_in()&amp#27;[0m
  &amp#27;[32mWhen &amp#27;[0m&amp#27;[32mThe user clicks on Get Started link for stack&amp#27;[0m                      &amp#27;[90m# StepDefinitions.StackStepDefinitions.the_user_clicks_on_get_started_link_for_stack()&amp#27;[0m
  &amp#27;[32mGiven &amp#27;[0m&amp#27;[32mThe user is on the Applications page&amp#27;[0m                              &amp#27;[90m# StepDefinitions.StackStepDefinitions.the_user_is_on_the_applications_page()&amp#27;[0m
  &amp#27;[32mWhen &amp#27;[0m&amp#27;[32mUser clicks Try here link&amp#27;[0m                                          &amp#27;[90m# StepDefinitions.DSIntroductionDetails.user_clicks_try_here_link()&amp#27;[0m
  &amp#27;[32mThen &amp#27;[0m&amp#27;[32mUser should navigate to tryEditor page&amp#27;[0m                             &amp#27;[90m# StepDefinitions.DSIntroductionDetails.user_should_navigate_to_try_editor_page()&amp#27;[0m
[INFO ] 2024-12-17 10:05:08.661 [TestNG-PoolService-3] Hooks - ======================  Test Execution is completed!! ======================
]]></system-out>
  </testcase>
  <testcase name="runScenario[&quot;Validate user can click on Try here link from Applications page&quot;, &quot;Stack page&quot;](147)" classname="TestRunners.TestRunner" time="8.408">
    <system-out><![CDATA[
Scenario: No error message displayed for empty code on try editor for Applications page &amp#27;[90m# src/test/resources/Features/StackPage.feature:76&amp#27;[0m
  &amp#27;[32mGiven &amp#27;[0m&amp#27;[32mThe user is on the DS Introduction page as signedIn&amp#27;[0m               &amp#27;[90m# StepDefinitions.DSIntroductionDetails.the_user_is_on_the_ds_introduction_page_as_signed_in()&amp#27;[0m
  &amp#27;[32mWhen &amp#27;[0m&amp#27;[32mThe user clicks on Get Started link for stack&amp#27;[0m                      &amp#27;[90m# StepDefinitions.StackStepDefinitions.the_user_clicks_on_get_started_link_for_stack()&amp#27;[0m
  &amp#27;[32mGiven &amp#27;[0m&amp#27;[32mThe user is on the DS Introduction page as signedIn&amp#27;[0m                            &amp#27;[90m# StepDefinitions.DSIntroductionDetails.the_user_is_on_the_ds_introduction_page_as_signed_in()&amp#27;[0m
  &amp#27;[32mGiven &amp#27;[0m&amp#27;[32mThe user is on the Applications page&amp#27;[0m                              &amp#27;[90m# StepDefinitions.StackStepDefinitions.the_user_is_on_the_applications_page()&amp#27;[0m
  &amp#27;[32mWhen &amp#27;[0m&amp#27;[32mThe user clicks on Get Started link for stack&amp#27;[0m                                   &amp#27;[90m# StepDefinitions.StackStepDefinitions.the_user_clicks_on_get_started_link_for_stack()&amp#27;[0m
  &amp#27;[32mGiven &amp#27;[0m&amp#27;[32mThe user is on the DS Introduction page as signedIn&amp#27;[0m                             &amp#27;[90m# StepDefinitions.DSIntroductionDetails.the_user_is_on_the_ds_introduction_page_as_signed_in()&amp#27;[0m
  &amp#27;[32mGiven &amp#27;[0m&amp#27;[32mThe user is on the Applications page&amp#27;[0m                                           &amp#27;[90m# StepDefinitions.StackStepDefinitions.the_user_is_on_the_applications_page()&amp#27;[0m
  &amp#27;[32mWhen &amp#27;[0m&amp#27;[32mThe user clicks on Get Started link for stack&amp#27;[0m                                    &amp#27;[90m# StepDefinitions.StackStepDefinitions.the_user_clicks_on_get_started_link_for_stack()&amp#27;[0m
  &amp#27;[32mWhen &amp#27;[0m&amp#27;[32mUser clicks Try here link&amp#27;[0m                                          &amp#27;[90m# StepDefinitions.DSIntroductionDetails.user_clicks_try_here_link()&amp#27;[0m
  &amp#27;[32mThen &amp#27;[0m&amp#27;[32mUser should navigate to tryEditor page&amp#27;[0m                             &amp#27;[90m# StepDefinitions.DSIntroductionDetails.user_should_navigate_to_try_editor_page()&amp#27;[0m
[INFO ] 2024-12-17 10:20:13.140 [TestNG-PoolService-3] Hooks - ======================  Test Execution is completed!! ======================
  &amp#27;[32mGiven &amp#27;[0m&amp#27;[32mThe user is on the Applications page&amp#27;[0m                                            &amp#27;[90m# StepDefinitions.StackStepDefinitions.the_user_is_on_the_applications_page()&amp#27;[0m
  &amp#27;[32mWhen &amp#27;[0m&amp#27;[32mUser writes invalid code and clicks run button&amp#27;[0m                                  &amp#27;[90m# StepDefinitions.DSIntroductionDetails.user_writes_invalid_code_and_clicks_run_button()&amp#27;[0m
  &amp#27;[32mThen &amp#27;[0m&amp#27;[32mThe user should able to see an error message in alert window&amp#27;[0m                    &amp#27;[90m# StepDefinitions.DSIntroductionDetails.the_user_should_able_to_see_an_error_message_in_alert_window()&amp#27;[0m
[INFO ] 2024-12-17 10:20:13.702 [TestNG-PoolService-1] Hooks - ======================  Test Execution is completed!! ======================
  &amp#27;[32mWhen &amp#27;[0m&amp#27;[32mUser clicks on run button with empty code&amp#27;[0m                                        &amp#27;[90m# StepDefinitions.DSIntroductionDetails.user_clicks_on_run_button_with_empty_code()&amp#27;[0m
  &amp#27;[32mThen &amp#27;[0m&amp#27;[32mThe user should not see any error message or alert&amp#27;[0m                               &amp#27;[90m# StepDefinitions.DSIntroductionDetails.the_user_should_not_see_any_error_message_or_alert()&amp#27;[0m
[INFO ] 2024-12-17 10:20:14.185 [TestNG-PoolService-2] Hooks - ======================  Test Execution is completed!! ======================
]]></system-out>
    <system-err><![CDATA[Dec 17, 2024 10:20:08 AM org.openqa.selenium.devtools.CdpVersionFinder findNearestMatch
WARNING: Unable to find an exact match for CDP version 131, returning the closest version; found: 130; Please update to a Selenium version that supports CDP version 131
Dec 17, 2024 10:20:08 AM org.openqa.selenium.devtools.CdpVersionFinder findNearestMatch
WARNING: Unable to find an exact match for CDP version 131, returning the closest version; found: 130; Please update to a Selenium version that supports CDP version 131
Dec 17, 2024 10:20:09 AM org.openqa.selenium.devtools.CdpVersionFinder findNearestMatch
WARNING: Unable to find an exact match for CDP version 131, returning the closest version; found: 130; Please update to a Selenium version that supports CDP version 131
]]></system-err>
  </testcase>
  <testcase name="runScenario[&quot;Error message displayed for invalid code on try Editor for Applications page&quot;, &quot;Stack page&quot;](148)" classname="TestRunners.TestRunner" time="1.88">
    <system-out><![CDATA[
Scenario: Valid code on try editor for Applications runs successfully &amp#27;[90m# src/test/resources/Features/StackPage.feature:81&amp#27;[0m
  &amp#27;[32mGiven &amp#27;[0m&amp#27;[32mThe user is on the DS Introduction page as signedIn&amp#27;[0m                             &amp#27;[90m# StepDefinitions.DSIntroductionDetails.the_user_is_on_the_ds_introduction_page_as_signed_in()&amp#27;[0m
  &amp#27;[32mWhen &amp#27;[0m&amp#27;[32mThe user clicks on Get Started link for stack&amp#27;[0m                                    &amp#27;[90m# StepDefinitions.StackStepDefinitions.the_user_clicks_on_get_started_link_for_stack()&amp#27;[0m
  &amp#27;[32mWhen &amp#27;[0m&amp#27;[32mUser writes invalid code and clicks run button&amp#27;[0m                                  &amp#27;[90m# StepDefinitions.DSIntroductionDetails.user_writes_invalid_code_and_clicks_run_button()&amp#27;[0m
  &amp#27;[32mThen &amp#27;[0m&amp#27;[32mThe user should able to see an error message in alert window&amp#27;[0m                    &amp#27;[90m# StepDefinitions.DSIntroductionDetails.the_user_should_able_to_see_an_error_message_in_alert_window()&amp#27;[0m
[INFO ] 2024-12-17 09:50:09.643 [TestNG-PoolService-1] Hooks - ======================  Test Execution is completed!! ======================
  &amp#27;[32mGiven &amp#27;[0m&amp#27;[32mThe user is on the Applications page&amp#27;[0m                                            &amp#27;[90m# StepDefinitions.StackStepDefinitions.the_user_is_on_the_applications_page()&amp#27;[0m
]]></system-out>
    <system-err><![CDATA[Dec 17, 2024 9:50:09 AM org.openqa.selenium.devtools.CdpVersionFinder findNearestMatch
WARNING: Unable to find an exact match for CDP version 131, returning the closest version; found: 130; Please update to a Selenium version that supports CDP version 131
]]></system-err>
  </testcase>
  <testcase name="runScenario[&quot;Error message displayed for invalid code on try Editor for Applications page&quot;, &quot;Stack page&quot;](148)" classname="TestRunners.TestRunner" time="4.275">
    <failure message="Build info: version: &apos;4.26.0&apos;, revision: &apos;8ccf0219d7&apos;&#10;System info: os.name: &apos;Windows 11&apos;, os.arch: &apos;amd64&apos;, os.version: &apos;10.0&apos;, java.version: &apos;21.0.5&apos;&#10;Driver info: org.openqa.selenium.firefox.FirefoxDriver&#10;Command: [8bb4ea19-46bf-450c-afd3-be9558ab5c86, getAlertText {}]&#10;Capabilities {acceptInsecureCerts: true, browserName: firefox, browserVersion: 133.0.3, moz:accessibilityChecks: false, moz:buildID: 20241209150345, moz:debuggerAddress: 127.0.0.1:46482, moz:geckodriverVersion: 0.35.0, moz:headless: false, moz:platformVersion: 10.0, moz:processID: 4628, moz:profile: C:\Users\vamsh\AppData\Loca..., moz:shutdownTimeout: 60000, moz:webdriverClick: true, moz:windowless: false, pageLoadStrategy: normal, platformName: windows, proxy: Proxy(), se:cdp: ws://127.0.0.1:46482/devtoo..., se:cdpVersion: 85.0, setWindowRect: true, strictFileInteractability: false, timeouts: {implicit: 0, pageLoad: 300000, script: 30000}, unhandledPromptBehavior: dismiss and notify, userAgent: Mozilla/5.0 (Windows NT 10....}&#10;Session ID: 8bb4ea19-46bf-450c-afd3-be9558ab5c86" type="org.openqa.selenium.NoAlertPresentException"><![CDATA[org.openqa.selenium.NoAlertPresentException: 
Build info: version: '4.26.0', revision: '8ccf0219d7'
System info: os.name: 'Windows 11', os.arch: 'amd64', os.version: '10.0', java.version: '21.0.5'
Driver info: org.openqa.selenium.firefox.FirefoxDriver
Command: [8bb4ea19-46bf-450c-afd3-be9558ab5c86, getAlertText {}]
Capabilities {acceptInsecureCerts: true, browserName: firefox, browserVersion: 133.0.3, moz:accessibilityChecks: false, moz:buildID: 20241209150345, moz:debuggerAddress: 127.0.0.1:46482, moz:geckodriverVersion: 0.35.0, moz:headless: false, moz:platformVersion: 10.0, moz:processID: 4628, moz:profile: C:\Users\vamsh\AppData\Loca..., moz:shutdownTimeout: 60000, moz:webdriverClick: true, moz:windowless: false, pageLoadStrategy: normal, platformName: windows, proxy: Proxy(), se:cdp: ws://127.0.0.1:46482/devtoo..., se:cdpVersion: 85.0, setWindowRect: true, strictFileInteractability: false, timeouts: {implicit: 0, pageLoad: 300000, script: 30000}, unhandledPromptBehavior: dismiss and notify, userAgent: Mozilla/5.0 (Windows NT 10....}
Session ID: 8bb4ea19-46bf-450c-afd3-be9558ab5c86
]]></failure>
    <system-out><![CDATA[
Scenario: Valid code on try editor for Applications runs successfully &amp#27;[90m# src/test/resources/Features/StackPage.feature:81&amp#27;[0m
  &amp#27;[32mGiven &amp#27;[0m&amp#27;[32mThe user is on the DS Introduction page as signedIn&amp#27;[0m                            &amp#27;[90m# StepDefinitions.DSIntroductionDetails.the_user_is_on_the_ds_introduction_page_as_signed_in()&amp#27;[0m
  &amp#27;[32mWhen &amp#27;[0m&amp#27;[32mThe user clicks on Get Started link for stack&amp#27;[0m                                   &amp#27;[90m# StepDefinitions.StackStepDefinitions.the_user_clicks_on_get_started_link_for_stack()&amp#27;[0m
  &amp#27;[32mGiven &amp#27;[0m&amp#27;[32mThe user is on the Applications page&amp#27;[0m                                           &amp#27;[90m# StepDefinitions.StackStepDefinitions.the_user_is_on_the_applications_page()&amp#27;[0m
  &amp#27;[32mWhen &amp#27;[0m&amp#27;[32mUser writes invalid code and clicks run button&amp#27;[0m                                  &amp#27;[90m# StepDefinitions.DSIntroductionDetails.user_writes_invalid_code_and_clicks_run_button()&amp#27;[0m
  &amp#27;[31mThen &amp#27;[0m&amp#27;[31mThe user should able to see an error message in alert window&amp#27;[0m                    &amp#27;[90m# StepDefinitions.DSIntroductionDetails.the_user_should_able_to_see_an_error_message_in_alert_window()&amp#27;[0m
      &amp#27;[31morg.openqa.selenium.NoAlertPresentException: Build info: version: '4.26.0', revision: '8ccf0219d7'
System info: os.name: 'Windows 11', os.arch: 'amd64', os.version: '10.0', java.version: '21.0.5'
Driver info: org.openqa.selenium.firefox.FirefoxDriver
Command: [8bb4ea19-46bf-450c-afd3-be9558ab5c86, getAlertText {}]
Capabilities {acceptInsecureCerts: true, browserName: firefox, browserVersion: 133.0.3, moz:accessibilityChecks: false, moz:buildID: 20241209150345, moz:debuggerAddress: 127.0.0.1:46482, moz:geckodriverVersion: 0.35.0, moz:headless: false, moz:platformVersion: 10.0, moz:processID: 4628, moz:profile: C:\Users\vamsh\AppData\Loca..., moz:shutdownTimeout: 60000, moz:webdriverClick: true, moz:windowless: false, pageLoadStrategy: normal, platformName: windows, proxy: Proxy(), se:cdp: ws://127.0.0.1:46482/devtoo..., se:cdpVersion: 85.0, setWindowRect: true, strictFileInteractability: false, timeouts: {implicit: 0, pageLoad: 300000, script: 30000}, unhandledPromptBehavior: dismiss and notify, userAgent: Mozilla/5.0 (Windows NT 10....}
Session ID: 8bb4ea19-46bf-450c-afd3-be9558ab5c86
	at java.base/jdk.internal.reflect.DirectConstructorHandleAccessor.newInstance(DirectConstructorHandleAccessor.java:62)
	at java.base/java.lang.reflect.Constructor.newInstanceWithCaller(Constructor.java:502)
	at java.base/java.lang.reflect.Constructor.newInstance(Constructor.java:486)
	at org.openqa.selenium.remote.ErrorCodec.decode(ErrorCodec.java:167)
	at org.openqa.selenium.remote.codec.w3c.W3CHttpResponseCodec.decode(W3CHttpResponseCodec.java:138)
	at org.openqa.selenium.remote.codec.w3c.W3CHttpResponseCodec.decode(W3CHttpResponseCodec.java:50)
	at org.openqa.selenium.remote.HttpCommandExecutor.execute(HttpCommandExecutor.java:190)
	at org.openqa.selenium.remote.service.DriverCommandExecutor.invokeExecute(DriverCommandExecutor.java:216)
	at org.openqa.selenium.remote.service.DriverCommandExecutor.execute(DriverCommandExecutor.java:174)
	at org.openqa.selenium.remote.RemoteWebDriver.execute(RemoteWebDriver.java:545)
	at org.openqa.selenium.remote.RemoteWebDriver.execute(RemoteWebDriver.java:618)
	at org.openqa.selenium.remote.RemoteWebDriver.execute(RemoteWebDriver.java:622)
	at org.openqa.selenium.remote.RemoteWebDriver$RemoteTargetLocator.alert(RemoteWebDriver.java:1190)
	at PageObjects.IntroductionPage.getAlertText(IntroductionPage.java:134)
	at StepDefinitions.DSIntroductionDetails.the_user_should_able_to_see_an_error_message_in_alert_window(DSIntroductionDetails.java:203)
	at ✽.The user should able to see an error message in alert window(file:///C:/Projects/newFolder-3/Repo1/src/test/resources/Features/StackPage.feature:74)
&amp#27;[0m
[ERROR] 2024-12-17 10:05:13.408 [TestNG-PoolService-1] Hooks - ======================  TEST CASE FAILED !! ======================

    Embedding screenshot [image/png 37860 bytes]

[INFO ] 2024-12-17 10:05:13.467 [TestNG-PoolService-1] Hooks - ======================  Screenshot is captured  ======================
[INFO ] 2024-12-17 10:05:13.469 [TestNG-PoolService-1] Hooks - ======================  Test Execution is completed!! ======================
  &amp#27;[32mGiven &amp#27;[0m&amp#27;[32mThe user is on the DS Introduction page as signedIn&amp#27;[0m                             &amp#27;[90m# StepDefinitions.DSIntroductionDetails.the_user_is_on_the_ds_introduction_page_as_signed_in()&amp#27;[0m
  &amp#27;[32mWhen &amp#27;[0m&amp#27;[32mThe user clicks on Get Started link for stack&amp#27;[0m                                    &amp#27;[90m# StepDefinitions.StackStepDefinitions.the_user_clicks_on_get_started_link_for_stack()&amp#27;[0m
  &amp#27;[32mGiven &amp#27;[0m&amp#27;[32mThe user is on the Applications page&amp#27;[0m                                            &amp#27;[90m# StepDefinitions.StackStepDefinitions.the_user_is_on_the_applications_page()&amp#27;[0m
]]></system-out>
  </testcase>
  <testcase name="runScenario[&quot;Error message displayed for invalid code on try Editor for Applications page&quot;, &quot;Stack page&quot;](148)" classname="TestRunners.TestRunner" time="0.346">
    <system-out><![CDATA[
Scenario: Valid code on try editor for Applications runs successfully &amp#27;[90m# src/test/resources/Features/StackPage.feature:81&amp#27;[0m
]]></system-out>
  </testcase>
  <testcase name="runScenario[&quot;No error message displayed for empty code on try editor for Applications page&quot;, &quot;Stack page&quot;](149)" classname="TestRunners.TestRunner" time="1.269">
    <system-out><![CDATA[
Scenario: DS_algo Home page                                       &amp#27;[90m# src/test/resources/Features/Tree.feature:7&amp#27;[0m
  &amp#27;[32mWhen &amp#27;[0m&amp#27;[32mUser clicks on run button with empty code&amp#27;[0m                                        &amp#27;[90m# StepDefinitions.DSIntroductionDetails.user_clicks_on_run_button_with_empty_code()&amp#27;[0m
  &amp#27;[32mThen &amp#27;[0m&amp#27;[32mThe user should not see any error message or alert&amp#27;[0m                               &amp#27;[90m# StepDefinitions.DSIntroductionDetails.the_user_should_not_see_any_error_message_or_alert()&amp#27;[0m
[INFO ] 2024-12-17 09:50:10.838 [TestNG-PoolService-2] Hooks - ======================  Test Execution is completed!! ======================
]]></system-out>
  </testcase>
  <testcase name="runScenario[&quot;No error message displayed for empty code on try editor for Applications page&quot;, &quot;Stack page&quot;](149)" classname="TestRunners.TestRunner" time="2.735">
    <system-out><![CDATA[
Scenario: DS_algo Home page                                       &amp#27;[90m# src/test/resources/Features/Tree.feature:7&amp#27;[0m
  &amp#27;[32mWhen &amp#27;[0m&amp#27;[32mUser clicks on run button with empty code&amp#27;[0m                                        &amp#27;[90m# StepDefinitions.DSIntroductionDetails.user_clicks_on_run_button_with_empty_code()&amp#27;[0m
  &amp#27;[32mThen &amp#27;[0m&amp#27;[32mThe user should not see any error message or alert&amp#27;[0m                               &amp#27;[90m# StepDefinitions.DSIntroductionDetails.the_user_should_not_see_any_error_message_or_alert()&amp#27;[0m
[INFO ] 2024-12-17 10:05:15.723 [TestNG-PoolService-2] Hooks - ======================  Test Execution is completed!! ======================
]]></system-out>
  </testcase>
  <testcase name="runScenario[&quot;No error message displayed for empty code on try editor for Applications page&quot;, &quot;Stack page&quot;](149)" classname="TestRunners.TestRunner" time="0.432">
    <system-out><![CDATA[
Scenario: DS_algo Home page                                       &amp#27;[90m# src/test/resources/Features/Tree.feature:7&amp#27;[0m
]]></system-out>
  </testcase>
  <testcase name="runScenario[&quot;DS_algo Home page&quot;, &quot;Tree&quot;](150)" classname="TestRunners.TestRunner" time="4.542">
    <system-out><![CDATA[
Scenario: Tree home page                                    &amp#27;[90m# src/test/resources/Features/Tree.feature:11&amp#27;[0m
  &amp#27;[32mGiven &amp#27;[0m&amp#27;[32mThe user is on the DS Introduction page as signedIn&amp#27;[0m           &amp#27;[90m# StepDefinitions.DSIntroductionDetails.the_user_is_on_the_ds_introduction_page_as_signed_in()&amp#27;[0m
  &amp#27;[32mWhen &amp#27;[0m&amp#27;[32mThe user clicks on Get Started link for stack&amp#27;[0m                  &amp#27;[90m# StepDefinitions.StackStepDefinitions.the_user_clicks_on_get_started_link_for_stack()&amp#27;[0m
  &amp#27;[32mGiven &amp#27;[0m&amp#27;[32mThe user is on the Applications page&amp#27;[0m                          &amp#27;[90m# StepDefinitions.StackStepDefinitions.the_user_is_on_the_applications_page()&amp#27;[0m
  &amp#27;[32mGiven &amp#27;[0m&amp#27;[32mThe user is on the DS Introduction page as signedIn&amp#27;[0m       &amp#27;[90m# StepDefinitions.DSIntroductionDetails.the_user_is_on_the_ds_introduction_page_as_signed_in()&amp#27;[0m
  &amp#27;[32mAnd &amp#27;[0m&amp#27;[32mUser clicks on Get Started button from Tree panel&amp#27;[0m           &amp#27;[90m# StepDefinitions.Tree.user_clicks_on_get_started_button_from_tree_panel()&amp#27;[0m
  &amp#27;[32mWhen &amp#27;[0m&amp#27;[32mUser writes valid code and clicks run button&amp#27;[0m                   &amp#27;[90m# StepDefinitions.DSIntroductionDetails.user_writes_valid_code_and_clicks_run_button()&amp#27;[0m
  &amp#27;[32mThen &amp#27;[0m&amp#27;[32mThe user should able to see output in the console&amp#27;[0m              &amp#27;[90m# StepDefinitions.DSIntroductionDetails.the_user_should_able_to_see_output_in_the_console()&amp#27;[0m
[INFO ] 2024-12-17 09:50:15.063 [TestNG-PoolService-3] Hooks - ======================  Test Execution is completed!! ======================
  &amp#27;[32mWhen &amp#27;[0m&amp#27;[32mThe user select Tree from the Data Structure dropdown menu&amp#27;[0m &amp#27;[90m# StepDefinitions.Tree.the_user_select_tree_from_the_data_structure_dropdown_menu()&amp#27;[0m
  &amp#27;[32mThen &amp#27;[0m&amp#27;[32mThe user is redirected to Tree page.&amp#27;[0m                       &amp#27;[90m# StepDefinitions.Tree.the_user_is_redirected_to_tree_page()&amp#27;[0m
[INFO ] 2024-12-17 09:50:15.321 [TestNG-PoolService-1] Hooks - ======================  Test Execution is completed!! ======================
  &amp#27;[32mGiven &amp#27;[0m&amp#27;[32mThe user is on the DS Introduction page as signedIn&amp#27;[0m &amp#27;[90m# StepDefinitions.DSIntroductionDetails.the_user_is_on_the_ds_introduction_page_as_signed_in()&amp#27;[0m
]]></system-out>
    <system-err><![CDATA[Dec 17, 2024 9:50:11 AM org.openqa.selenium.devtools.CdpVersionFinder findNearestMatch
WARNING: Unable to find an exact match for CDP version 131, returning the closest version; found: 130; Please update to a Selenium version that supports CDP version 131
Dec 17, 2024 9:50:12 AM org.openqa.selenium.devtools.CdpVersionFinder findNearestMatch
WARNING: Unable to find an exact match for CDP version 131, returning the closest version; found: 130; Please update to a Selenium version that supports CDP version 131
]]></system-err>
  </testcase>
  <testcase name="runScenario[&quot;DS_algo Home page&quot;, &quot;Tree&quot;](150)" classname="TestRunners.TestRunner" time="7.789">
    <system-out><![CDATA[
Scenario: Tree home page                                    &amp#27;[90m# src/test/resources/Features/Tree.feature:11&amp#27;[0m
  &amp#27;[32mGiven &amp#27;[0m&amp#27;[32mThe user is on the DS Introduction page as signedIn&amp#27;[0m           &amp#27;[90m# StepDefinitions.DSIntroductionDetails.the_user_is_on_the_ds_introduction_page_as_signed_in()&amp#27;[0m
  &amp#27;[32mWhen &amp#27;[0m&amp#27;[32mThe user clicks on Get Started link for stack&amp#27;[0m                  &amp#27;[90m# StepDefinitions.StackStepDefinitions.the_user_clicks_on_get_started_link_for_stack()&amp#27;[0m
  &amp#27;[32mGiven &amp#27;[0m&amp#27;[32mThe user is on the DS Introduction page as signedIn&amp#27;[0m       &amp#27;[90m# StepDefinitions.DSIntroductionDetails.the_user_is_on_the_ds_introduction_page_as_signed_in()&amp#27;[0m
  &amp#27;[32mGiven &amp#27;[0m&amp#27;[32mThe user is on the Applications page&amp#27;[0m                          &amp#27;[90m# StepDefinitions.StackStepDefinitions.the_user_is_on_the_applications_page()&amp#27;[0m
  &amp#27;[32mAnd &amp#27;[0m&amp#27;[32mUser clicks on Get Started button from Tree panel&amp#27;[0m           &amp#27;[90m# StepDefinitions.Tree.user_clicks_on_get_started_button_from_tree_panel()&amp#27;[0m
  &amp#27;[32mGiven &amp#27;[0m&amp#27;[32mThe user is on the DS Introduction page as signedIn&amp#27;[0m &amp#27;[90m# StepDefinitions.DSIntroductionDetails.the_user_is_on_the_ds_introduction_page_as_signed_in()&amp#27;[0m
  &amp#27;[32mAnd &amp#27;[0m&amp#27;[32mUser clicks on Get Started button from Tree panel&amp#27;[0m     &amp#27;[90m# StepDefinitions.Tree.user_clicks_on_get_started_button_from_tree_panel()&amp#27;[0m
  &amp#27;[32mWhen &amp#27;[0m&amp#27;[32mThe user select Tree from the Data Structure dropdown menu&amp#27;[0m &amp#27;[90m# StepDefinitions.Tree.the_user_select_tree_from_the_data_structure_dropdown_menu()&amp#27;[0m
  &amp#27;[32mThen &amp#27;[0m&amp#27;[32mThe user is redirected to Tree page.&amp#27;[0m                       &amp#27;[90m# StepDefinitions.Tree.the_user_is_redirected_to_tree_page()&amp#27;[0m
[INFO ] 2024-12-17 10:20:22.018 [TestNG-PoolService-1] Hooks - ======================  Test Execution is completed!! ======================
  &amp#27;[32mWhen &amp#27;[0m&amp#27;[32mThe user clicks Overview of Trees link&amp#27;[0m               &amp#27;[90m# StepDefinitions.Tree.the_user_clicks_overview_of_trees_link()&amp#27;[0m
  &amp#27;[32mThen &amp#27;[0m&amp#27;[32mThe user is redirected to Overview of Trees page.&amp#27;[0m    &amp#27;[90m# StepDefinitions.Tree.the_user_is_redirected_to_overview_of_trees_page()&amp#27;[0m
[INFO ] 2024-12-17 10:20:22.496 [TestNG-PoolService-2] Hooks - ======================  Test Execution is completed!! ======================
  &amp#27;[32mWhen &amp#27;[0m&amp#27;[32mUser writes valid code and clicks run button&amp#27;[0m                   &amp#27;[90m# StepDefinitions.DSIntroductionDetails.user_writes_valid_code_and_clicks_run_button()&amp#27;[0m
  &amp#27;[32mThen &amp#27;[0m&amp#27;[32mThe user should able to see output in the console&amp#27;[0m              &amp#27;[90m# StepDefinitions.DSIntroductionDetails.the_user_should_able_to_see_output_in_the_console()&amp#27;[0m
[INFO ] 2024-12-17 10:20:22.677 [TestNG-PoolService-3] Hooks - ======================  Test Execution is completed!! ======================
]]></system-out>
    <system-err><![CDATA[Dec 17, 2024 10:20:17 AM org.openqa.selenium.devtools.CdpVersionFinder findNearestMatch
WARNING: Unable to find an exact match for CDP version 131, returning the closest version; found: 130; Please update to a Selenium version that supports CDP version 131
Dec 17, 2024 10:20:18 AM org.openqa.selenium.devtools.CdpVersionFinder findNearestMatch
WARNING: Unable to find an exact match for CDP version 131, returning the closest version; found: 130; Please update to a Selenium version that supports CDP version 131
Dec 17, 2024 10:20:18 AM org.openqa.selenium.devtools.CdpVersionFinder findNearestMatch
WARNING: Unable to find an exact match for CDP version 131, returning the closest version; found: 130; Please update to a Selenium version that supports CDP version 131
]]></system-err>
  </testcase>
  <testcase name="runScenario[&quot;Valid code on try editor for Applications runs successfully&quot;, &quot;Stack page&quot;](151)" classname="TestRunners.TestRunner" time="0.066">
    <system-out><![CDATA[
Scenario: Overview of Trees                                          &amp#27;[90m# src/test/resources/Features/Tree.feature:15&amp#27;[0m
]]></system-out>
  </testcase>
  <testcase name="runScenario[&quot;Tree home page&quot;, &quot;Tree&quot;](152)" classname="TestRunners.TestRunner" time="2.167">
    <system-out><![CDATA[
Scenario: Try Here Editor page with empty code                               &amp#27;[90m# src/test/resources/Features/Tree.feature:20&amp#27;[0m
  &amp#27;[32mAnd &amp#27;[0m&amp#27;[32mUser clicks on Get Started button from Tree panel&amp#27;[0m     &amp#27;[90m# StepDefinitions.Tree.user_clicks_on_get_started_button_from_tree_panel()&amp#27;[0m
  &amp#27;[32mWhen &amp#27;[0m&amp#27;[32mThe user clicks Overview of Trees link&amp#27;[0m               &amp#27;[90m# StepDefinitions.Tree.the_user_clicks_overview_of_trees_link()&amp#27;[0m
  &amp#27;[32mThen &amp#27;[0m&amp#27;[32mThe user is redirected to Overview of Trees page.&amp#27;[0m    &amp#27;[90m# StepDefinitions.Tree.the_user_is_redirected_to_overview_of_trees_page()&amp#27;[0m
[INFO ] 2024-12-17 09:50:16.405 [TestNG-PoolService-2] Hooks - ======================  Test Execution is completed!! ======================
]]></system-out>
    <system-err><![CDATA[Dec 17, 2024 9:50:17 AM org.openqa.selenium.devtools.CdpVersionFinder findNearestMatch
WARNING: Unable to find an exact match for CDP version 131, returning the closest version; found: 130; Please update to a Selenium version that supports CDP version 131
Dec 17, 2024 9:50:17 AM org.openqa.selenium.devtools.CdpVersionFinder findNearestMatch
WARNING: Unable to find an exact match for CDP version 131, returning the closest version; found: 130; Please update to a Selenium version that supports CDP version 131
]]></system-err>
  </testcase>
  <testcase name="runScenario[&quot;Tree home page&quot;, &quot;Tree&quot;](152)" classname="TestRunners.TestRunner" time="2.455">
    <system-out><![CDATA[
Scenario: Try Here Editor page with empty code                               &amp#27;[90m# src/test/resources/Features/Tree.feature:20&amp#27;[0m
  &amp#27;[32mGiven &amp#27;[0m&amp#27;[32mThe user is on the DS Introduction page as signedIn&amp#27;[0m &amp#27;[90m# StepDefinitions.DSIntroductionDetails.the_user_is_on_the_ds_introduction_page_as_signed_in()&amp#27;[0m
  &amp#27;[32mAnd &amp#27;[0m&amp#27;[32mUser clicks on Get Started button from Tree panel&amp#27;[0m     &amp#27;[90m# StepDefinitions.Tree.user_clicks_on_get_started_button_from_tree_panel()&amp#27;[0m
  &amp#27;[32mWhen &amp#27;[0m&amp#27;[32mThe user clicks Overview of Trees link&amp#27;[0m               &amp#27;[90m# StepDefinitions.Tree.the_user_clicks_overview_of_trees_link()&amp#27;[0m
  &amp#27;[32mThen &amp#27;[0m&amp#27;[32mThe user is redirected to Overview of Trees page.&amp#27;[0m    &amp#27;[90m# StepDefinitions.Tree.the_user_is_redirected_to_overview_of_trees_page()&amp#27;[0m
[INFO ] 2024-12-17 10:05:27.465 [TestNG-PoolService-2] Hooks - ======================  Test Execution is completed!! ======================
]]></system-out>
  </testcase>
  <testcase name="runScenario[&quot;Overview of Trees&quot;, &quot;Tree&quot;](153)" classname="TestRunners.TestRunner" time="4.367">
    <system-out><![CDATA[
Scenario: Try Here Editor page with valid data                        &amp#27;[90m# src/test/resources/Features/Tree.feature:26&amp#27;[0m
  &amp#27;[32mGiven &amp#27;[0m&amp#27;[32mThe user is on the DS Introduction page as signedIn&amp#27;[0m          &amp#27;[90m# StepDefinitions.DSIntroductionDetails.the_user_is_on_the_ds_introduction_page_as_signed_in()&amp#27;[0m
  &amp#27;[32mAnd &amp#27;[0m&amp#27;[32mUser clicks on Get Started button from Tree panel&amp#27;[0m              &amp#27;[90m# StepDefinitions.Tree.user_clicks_on_get_started_button_from_tree_panel()&amp#27;[0m
  &amp#27;[32mGiven &amp#27;[0m&amp#27;[32mThe user is on the DS Introduction page as signedIn&amp#27;[0m                  &amp#27;[90m# StepDefinitions.DSIntroductionDetails.the_user_is_on_the_ds_introduction_page_as_signed_in()&amp#27;[0m
  &amp#27;[32mGiven &amp#27;[0m&amp#27;[32mThe user is on the Overview of Trees page&amp#27;[0m                    &amp#27;[90m# StepDefinitions.Tree.the_user_is_on_the_overview_of_trees_page()&amp#27;[0m
  &amp#27;[32mAnd &amp#27;[0m&amp#27;[32mUser clicks on Get Started button from Tree panel&amp#27;[0m                      &amp#27;[90m# StepDefinitions.Tree.user_clicks_on_get_started_button_from_tree_panel()&amp#27;[0m
  &amp#27;[32mGiven &amp#27;[0m&amp#27;[32mThe user is on the DS Introduction page as signedIn&amp#27;[0m           &amp#27;[90m# StepDefinitions.DSIntroductionDetails.the_user_is_on_the_ds_introduction_page_as_signed_in()&amp#27;[0m
  &amp#27;[32mWhen &amp#27;[0m&amp#27;[32mThe user clicks Try Here button&amp#27;[0m                               &amp#27;[90m# StepDefinitions.Tree.the_user_clicks_try_here_button()&amp#27;[0m
  &amp#27;[32mThen &amp#27;[0m&amp#27;[32mThe user is redirected to a page having Editor and run button&amp#27;[0m &amp#27;[90m# StepDefinitions.Tree.the_user_is_redirected_to_a_page_having_editor_and_run_button()&amp#27;[0m
[INFO ] 2024-12-17 09:50:22.134 [TestNG-PoolService-1] Hooks - ======================  Test Execution is completed!! ======================
]]></system-out>
    <system-err><![CDATA[Dec 17, 2024 9:50:19 AM org.openqa.selenium.devtools.CdpVersionFinder findNearestMatch
WARNING: Unable to find an exact match for CDP version 131, returning the closest version; found: 130; Please update to a Selenium version that supports CDP version 131
]]></system-err>
  </testcase>
  <testcase name="runScenario[&quot;Overview of Trees&quot;, &quot;Tree&quot;](153)" classname="TestRunners.TestRunner" time="7.296">
    <system-out><![CDATA[
Scenario: Try Here Editor page with valid data                        &amp#27;[90m# src/test/resources/Features/Tree.feature:26&amp#27;[0m
  &amp#27;[32mGiven &amp#27;[0m&amp#27;[32mThe user is on the DS Introduction page as signedIn&amp#27;[0m          &amp#27;[90m# StepDefinitions.DSIntroductionDetails.the_user_is_on_the_ds_introduction_page_as_signed_in()&amp#27;[0m
  &amp#27;[32mAnd &amp#27;[0m&amp#27;[32mUser clicks on Get Started button from Tree panel&amp#27;[0m              &amp#27;[90m# StepDefinitions.Tree.user_clicks_on_get_started_button_from_tree_panel()&amp#27;[0m
  &amp#27;[32mGiven &amp#27;[0m&amp#27;[32mThe user is on the Overview of Trees page&amp#27;[0m                    &amp#27;[90m# StepDefinitions.Tree.the_user_is_on_the_overview_of_trees_page()&amp#27;[0m
  &amp#27;[32mWhen &amp#27;[0m&amp#27;[32mThe user clicks Try Here button&amp#27;[0m                               &amp#27;[90m# StepDefinitions.Tree.the_user_clicks_try_here_button()&amp#27;[0m
  &amp#27;[32mThen &amp#27;[0m&amp#27;[32mThe user is redirected to a page having Editor and run button&amp#27;[0m &amp#27;[90m# StepDefinitions.Tree.the_user_is_redirected_to_a_page_having_editor_and_run_button()&amp#27;[0m
[INFO ] 2024-12-17 10:05:33.343 [TestNG-PoolService-3] Hooks - ======================  Test Execution is completed!! ======================
  &amp#27;[32mGiven &amp#27;[0m&amp#27;[32mThe user is on the DS Introduction page as signedIn&amp#27;[0m                  &amp#27;[90m# StepDefinitions.DSIntroductionDetails.the_user_is_on_the_ds_introduction_page_as_signed_in()&amp#27;[0m
  &amp#27;[32mAnd &amp#27;[0m&amp#27;[32mUser clicks on Get Started button from Tree panel&amp#27;[0m                      &amp#27;[90m# StepDefinitions.Tree.user_clicks_on_get_started_button_from_tree_panel()&amp#27;[0m
]]></system-out>
  </testcase>
  <testcase name="runScenario[&quot;Overview of Trees&quot;, &quot;Tree&quot;](153)" classname="TestRunners.TestRunner" time="9.348">
    <system-out><![CDATA[
Scenario: Try Here Editor page with valid data                        &amp#27;[90m# src/test/resources/Features/Tree.feature:26&amp#27;[0m
  &amp#27;[32mGiven &amp#27;[0m&amp#27;[32mThe user is on the DS Introduction page as signedIn&amp#27;[0m          &amp#27;[90m# StepDefinitions.DSIntroductionDetails.the_user_is_on_the_ds_introduction_page_as_signed_in()&amp#27;[0m
  &amp#27;[32mGiven &amp#27;[0m&amp#27;[32mThe user is on the DS Introduction page as signedIn&amp#27;[0m                  &amp#27;[90m# StepDefinitions.DSIntroductionDetails.the_user_is_on_the_ds_introduction_page_as_signed_in()&amp#27;[0m
  &amp#27;[32mAnd &amp#27;[0m&amp#27;[32mUser clicks on Get Started button from Tree panel&amp#27;[0m              &amp#27;[90m# StepDefinitions.Tree.user_clicks_on_get_started_button_from_tree_panel()&amp#27;[0m
  &amp#27;[32mAnd &amp#27;[0m&amp#27;[32mUser clicks on Get Started button from Tree panel&amp#27;[0m                      &amp#27;[90m# StepDefinitions.Tree.user_clicks_on_get_started_button_from_tree_panel()&amp#27;[0m
  &amp#27;[32mGiven &amp#27;[0m&amp#27;[32mThe user is on the Overview of Trees page&amp#27;[0m                    &amp#27;[90m# StepDefinitions.Tree.the_user_is_on_the_overview_of_trees_page()&amp#27;[0m
  &amp#27;[32mGiven &amp#27;[0m&amp#27;[32mThe user is on the DS Introduction page as signedIn&amp#27;[0m           &amp#27;[90m# StepDefinitions.DSIntroductionDetails.the_user_is_on_the_ds_introduction_page_as_signed_in()&amp#27;[0m
  &amp#27;[32mWhen &amp#27;[0m&amp#27;[32mThe user clicks Try Here button&amp#27;[0m                               &amp#27;[90m# StepDefinitions.Tree.the_user_clicks_try_here_button()&amp#27;[0m
  &amp#27;[32mAnd &amp#27;[0m&amp#27;[32mUser clicks on Get Started button from Tree panel&amp#27;[0m               &amp#27;[90m# StepDefinitions.Tree.user_clicks_on_get_started_button_from_tree_panel()&amp#27;[0m
  &amp#27;[32mThen &amp#27;[0m&amp#27;[32mThe user is redirected to a page having Editor and run button&amp#27;[0m &amp#27;[90m# StepDefinitions.Tree.the_user_is_redirected_to_a_page_having_editor_and_run_button()&amp#27;[0m
[INFO ] 2024-12-17 10:20:32.002 [TestNG-PoolService-1] Hooks - ======================  Test Execution is completed!! ======================
  &amp#27;[32mGiven &amp#27;[0m&amp#27;[32mThe user is on the Editor page of Overview of Trees page&amp#27;[0m             &amp#27;[90m# StepDefinitions.Tree.the_user_is_on_the_editor_page_of_overview_of_trees_page()&amp#27;[0m
  &amp#27;[32mWhen &amp#27;[0m&amp#27;[32mThe user writes no code inside editor window and clicks on Run button&amp#27;[0m &amp#27;[90m# StepDefinitions.Tree.the_user_writes_no_code_inside_editor_window_and_clicks_on_run_button()&amp#27;[0m
  &amp#27;[32mThen &amp#27;[0m&amp#27;[32mNothing happens to the Editor page and no error message is displayed&amp#27;[0m  &amp#27;[90m# StepDefinitions.Tree.nothing_happens_to_the_editor_page_and_no_error_message_is_displayed()&amp#27;[0m
[INFO ] 2024-12-17 10:20:32.595 [TestNG-PoolService-2] Hooks - ======================  Test Execution is completed!! ======================
  &amp#27;[32mGiven &amp#27;[0m&amp#27;[32mThe user is on the Editor page of Overview of Trees page&amp#27;[0m      &amp#27;[90m# StepDefinitions.Tree.the_user_is_on_the_editor_page_of_overview_of_trees_page()&amp#27;[0m
]]></system-out>
    <system-err><![CDATA[Dec 17, 2024 10:20:26 AM org.openqa.selenium.devtools.CdpVersionFinder findNearestMatch
WARNING: Unable to find an exact match for CDP version 131, returning the closest version; found: 130; Please update to a Selenium version that supports CDP version 131
Dec 17, 2024 10:20:27 AM org.openqa.selenium.devtools.CdpVersionFinder findNearestMatch
WARNING: Unable to find an exact match for CDP version 131, returning the closest version; found: 130; Please update to a Selenium version that supports CDP version 131
Dec 17, 2024 10:20:27 AM org.openqa.selenium.devtools.CdpVersionFinder findNearestMatch
WARNING: Unable to find an exact match for CDP version 131, returning the closest version; found: 130; Please update to a Selenium version that supports CDP version 131
]]></system-err>
  </testcase>
  <testcase name="runScenario[&quot;Try Here Editor page with empty code&quot;, &quot;Tree&quot;](154)" classname="TestRunners.TestRunner" time="0.664">
    <system-out><![CDATA[
Scenario: Try Here Editor page with invalid data                        &amp#27;[90m# src/test/resources/Features/Tree.feature:31&amp#27;[0m
  &amp#27;[32mAnd &amp#27;[0m&amp#27;[32mUser clicks on Get Started button from Tree panel&amp#27;[0m               &amp#27;[90m# StepDefinitions.Tree.user_clicks_on_get_started_button_from_tree_panel()&amp#27;[0m
  &amp#27;[32mGiven &amp#27;[0m&amp#27;[32mThe user is on the Editor page of Overview of Trees page&amp#27;[0m             &amp#27;[90m# StepDefinitions.Tree.the_user_is_on_the_editor_page_of_overview_of_trees_page()&amp#27;[0m
  &amp#27;[32mWhen &amp#27;[0m&amp#27;[32mThe user writes no code inside editor window and clicks on Run button&amp#27;[0m &amp#27;[90m# StepDefinitions.Tree.the_user_writes_no_code_inside_editor_window_and_clicks_on_run_button()&amp#27;[0m
  &amp#27;[32mThen &amp#27;[0m&amp#27;[32mNothing happens to the Editor page and no error message is displayed&amp#27;[0m  &amp#27;[90m# StepDefinitions.Tree.nothing_happens_to_the_editor_page_and_no_error_message_is_displayed()&amp#27;[0m
[INFO ] 2024-12-17 09:50:22.785 [TestNG-PoolService-3] Hooks - ======================  Test Execution is completed!! ======================
]]></system-out>
  </testcase>
  <testcase name="runScenario[&quot;Try Here Editor page with empty code&quot;, &quot;Tree&quot;](154)" classname="TestRunners.TestRunner" time="3.843">
    <system-out><![CDATA[
Scenario: Try Here Editor page with invalid data                        &amp#27;[90m# src/test/resources/Features/Tree.feature:31&amp#27;[0m
  &amp#27;[32mGiven &amp#27;[0m&amp#27;[32mThe user is on the Editor page of Overview of Trees page&amp#27;[0m             &amp#27;[90m# StepDefinitions.Tree.the_user_is_on_the_editor_page_of_overview_of_trees_page()&amp#27;[0m
  &amp#27;[32mWhen &amp#27;[0m&amp#27;[32mThe user writes no code inside editor window and clicks on Run button&amp#27;[0m &amp#27;[90m# StepDefinitions.Tree.the_user_writes_no_code_inside_editor_window_and_clicks_on_run_button()&amp#27;[0m
  &amp#27;[32mThen &amp#27;[0m&amp#27;[32mNothing happens to the Editor page and no error message is displayed&amp#27;[0m  &amp#27;[90m# StepDefinitions.Tree.nothing_happens_to_the_editor_page_and_no_error_message_is_displayed()&amp#27;[0m
[INFO ] 2024-12-17 10:05:38.090 [TestNG-PoolService-1] Hooks - ======================  Test Execution is completed!! ======================
  &amp#27;[32mGiven &amp#27;[0m&amp#27;[32mThe user is on the DS Introduction page as signedIn&amp#27;[0m           &amp#27;[90m# StepDefinitions.DSIntroductionDetails.the_user_is_on_the_ds_introduction_page_as_signed_in()&amp#27;[0m
  &amp#27;[32mAnd &amp#27;[0m&amp#27;[32mUser clicks on Get Started button from Tree panel&amp#27;[0m               &amp#27;[90m# StepDefinitions.Tree.user_clicks_on_get_started_button_from_tree_panel()&amp#27;[0m
]]></system-out>
  </testcase>
  <testcase name="runScenario[&quot;Try Here Editor page with empty code&quot;, &quot;Tree&quot;](154)" classname="TestRunners.TestRunner" time="0.485">
    <system-out><![CDATA[
Scenario: Try Here Editor page with invalid data                        &amp#27;[90m# src/test/resources/Features/Tree.feature:31&amp#27;[0m
]]></system-out>
  </testcase>
  <testcase name="runScenario[&quot;Overview of Trees&quot;, &quot;Tree&quot;](155)" classname="TestRunners.TestRunner" time="4.56">
    <system-out><![CDATA[
Scenario: Overview of Trees                                 &amp#27;[90m# src/test/resources/Features/Tree.feature:36&amp#27;[0m
  &amp#27;[32mGiven &amp#27;[0m&amp#27;[32mThe user is on the Editor page of Overview of Trees page&amp#27;[0m      &amp#27;[90m# StepDefinitions.Tree.the_user_is_on_the_editor_page_of_overview_of_trees_page()&amp#27;[0m
  &amp#27;[32mGiven &amp#27;[0m&amp#27;[32mThe user is on the DS Introduction page as signedIn&amp#27;[0m             &amp#27;[90m# StepDefinitions.DSIntroductionDetails.the_user_is_on_the_ds_introduction_page_as_signed_in()&amp#27;[0m
  &amp#27;[32mAnd &amp#27;[0m&amp#27;[32mUser clicks on Get Started button from Tree panel&amp#27;[0m                 &amp#27;[90m# StepDefinitions.Tree.user_clicks_on_get_started_button_from_tree_panel()&amp#27;[0m
  &amp#27;[32mGiven &amp#27;[0m&amp#27;[32mThe user is on the DS Introduction page as signedIn&amp#27;[0m &amp#27;[90m# StepDefinitions.DSIntroductionDetails.the_user_is_on_the_ds_introduction_page_as_signed_in()&amp#27;[0m
  &amp#27;[32mAnd &amp#27;[0m&amp#27;[32mUser clicks on Get Started button from Tree panel&amp#27;[0m     &amp#27;[90m# StepDefinitions.Tree.user_clicks_on_get_started_button_from_tree_panel()&amp#27;[0m
  &amp#27;[32mGiven &amp#27;[0m&amp#27;[32mThe user is on the Overview of Trees page&amp#27;[0m           &amp#27;[90m# StepDefinitions.Tree.the_user_is_on_the_overview_of_trees_page()&amp#27;[0m
  &amp#27;[32mGiven &amp#27;[0m&amp#27;[32mThe user is on the Editor page of Overview of Trees page&amp#27;[0m        &amp#27;[90m# StepDefinitions.Tree.the_user_is_on_the_editor_page_of_overview_of_trees_page()&amp#27;[0m
  &amp#27;[32mWhen &amp#27;[0m&amp#27;[32mThe user clicks Terminologies link&amp#27;[0m                   &amp#27;[90m# StepDefinitions.Tree.the_user_clicks_terminologies_link()&amp#27;[0m
  &amp#27;[32mThen &amp#27;[0m&amp#27;[32mThe user is redirected to Terminologies page&amp#27;[0m         &amp#27;[90m# StepDefinitions.Tree.the_user_is_redirected_to_terminologies_page()&amp#27;[0m
[INFO ] 2024-12-17 09:50:27.374 [TestNG-PoolService-3] Hooks - ======================  Test Execution is completed!! ======================
  &amp#27;[32mWhen &amp#27;[0m&amp#27;[32mThe user writes the invalid python code and clicks on Run button&amp#27;[0m &amp#27;[90m# StepDefinitions.Tree.the_user_writes_the_invalid_python_code_and_clicks_on_run_button()&amp#27;[0m
]]></system-out>
    <system-err><![CDATA[Dec 17, 2024 9:50:23 AM org.openqa.selenium.devtools.CdpVersionFinder findNearestMatch
WARNING: Unable to find an exact match for CDP version 131, returning the closest version; found: 130; Please update to a Selenium version that supports CDP version 131
Dec 17, 2024 9:50:24 AM org.openqa.selenium.devtools.CdpVersionFinder findNearestMatch
WARNING: Unable to find an exact match for CDP version 131, returning the closest version; found: 130; Please update to a Selenium version that supports CDP version 131
]]></system-err>
  </testcase>
  <testcase name="runScenario[&quot;Overview of Trees&quot;, &quot;Tree&quot;](155)" classname="TestRunners.TestRunner" time="8.265">
    <system-out><![CDATA[
Scenario: Overview of Trees                                 &amp#27;[90m# src/test/resources/Features/Tree.feature:36&amp#27;[0m
  &amp#27;[32mGiven &amp#27;[0m&amp#27;[32mThe user is on the DS Introduction page as signedIn&amp#27;[0m             &amp#27;[90m# StepDefinitions.DSIntroductionDetails.the_user_is_on_the_ds_introduction_page_as_signed_in()&amp#27;[0m
  &amp#27;[32mGiven &amp#27;[0m&amp#27;[32mThe user is on the DS Introduction page as signedIn&amp#27;[0m &amp#27;[90m# StepDefinitions.DSIntroductionDetails.the_user_is_on_the_ds_introduction_page_as_signed_in()&amp#27;[0m
  &amp#27;[32mAnd &amp#27;[0m&amp#27;[32mUser clicks on Get Started button from Tree panel&amp#27;[0m                 &amp#27;[90m# StepDefinitions.Tree.user_clicks_on_get_started_button_from_tree_panel()&amp#27;[0m
  &amp#27;[32mAnd &amp#27;[0m&amp#27;[32mUser clicks on Get Started button from Tree panel&amp#27;[0m     &amp#27;[90m# StepDefinitions.Tree.user_clicks_on_get_started_button_from_tree_panel()&amp#27;[0m
  &amp#27;[32mGiven &amp#27;[0m&amp#27;[32mThe user is on the Overview of Trees page&amp#27;[0m           &amp#27;[90m# StepDefinitions.Tree.the_user_is_on_the_overview_of_trees_page()&amp#27;[0m
  &amp#27;[32mGiven &amp#27;[0m&amp#27;[32mThe user is on the Editor page of Overview of Trees page&amp#27;[0m        &amp#27;[90m# StepDefinitions.Tree.the_user_is_on_the_editor_page_of_overview_of_trees_page()&amp#27;[0m
  &amp#27;[32mWhen &amp#27;[0m&amp#27;[32mThe user clicks Terminologies link&amp#27;[0m                   &amp#27;[90m# StepDefinitions.Tree.the_user_clicks_terminologies_link()&amp#27;[0m
  &amp#27;[32mThen &amp#27;[0m&amp#27;[32mThe user is redirected to Terminologies page&amp#27;[0m         &amp#27;[90m# StepDefinitions.Tree.the_user_is_redirected_to_terminologies_page()&amp#27;[0m
[INFO ] 2024-12-17 10:20:40.763 [TestNG-PoolService-2] Hooks - ======================  Test Execution is completed!! ======================
  &amp#27;[32mWhen &amp#27;[0m&amp#27;[32mThe user writes the invalid python code and clicks on Run button&amp#27;[0m &amp#27;[90m# StepDefinitions.Tree.the_user_writes_the_invalid_python_code_and_clicks_on_run_button()&amp#27;[0m
  &amp#27;[32mThen &amp#27;[0m&amp#27;[32mThe user see error msg in alert window&amp#27;[0m                           &amp#27;[90m# StepDefinitions.Tree.the_user_see_error_msg_in_alert_window()&amp#27;[0m
[INFO ] 2024-12-17 10:20:41.048 [TestNG-PoolService-1] Hooks - ======================  Test Execution is completed!! ======================
]]></system-out>
    <system-err><![CDATA[Dec 17, 2024 10:20:36 AM org.openqa.selenium.devtools.CdpVersionFinder findNearestMatch
WARNING: Unable to find an exact match for CDP version 131, returning the closest version; found: 130; Please update to a Selenium version that supports CDP version 131
Dec 17, 2024 10:20:37 AM org.openqa.selenium.devtools.CdpVersionFinder findNearestMatch
WARNING: Unable to find an exact match for CDP version 131, returning the closest version; found: 130; Please update to a Selenium version that supports CDP version 131
]]></system-err>
  </testcase>
  <testcase name="runScenario[&quot;Try Here Editor page with invalid data&quot;, &quot;Tree&quot;](156)" classname="TestRunners.TestRunner" time="0.195">
    <system-out><![CDATA[  &amp#27;[32mThen &amp#27;[0m&amp#27;[32mThe user see error msg in alert window&amp#27;[0m                           &amp#27;[90m# StepDefinitions.Tree.the_user_see_error_msg_in_alert_window()&amp#27;[0m
[INFO ] 2024-12-17 09:50:27.553 [TestNG-PoolService-1] Hooks - ======================  Test Execution is completed!! ======================

Scenario: Terminologies                                              &amp#27;[90m# src/test/resources/Features/Tree.feature:43&amp#27;[0m
]]></system-out>
  </testcase>
  <testcase name="runScenario[&quot;Try Here Editor page with invalid data&quot;, &quot;Tree&quot;](156)" classname="TestRunners.TestRunner" time="0.037">
    <system-out><![CDATA[
Scenario: Terminologies                                              &amp#27;[90m# src/test/resources/Features/Tree.feature:43&amp#27;[0m
]]></system-out>
  </testcase>
  <testcase name="runScenario[&quot;Terminologies&quot;, &quot;Tree&quot;](157)" classname="TestRunners.TestRunner" time="4.994">
    <system-out><![CDATA[
Scenario: Try Here Editor page with empty code                               &amp#27;[90m# src/test/resources/Features/Tree.feature:48&amp#27;[0m
  &amp#27;[32mGiven &amp#27;[0m&amp#27;[32mThe user is on the DS Introduction page as signedIn&amp#27;[0m          &amp#27;[90m# StepDefinitions.DSIntroductionDetails.the_user_is_on_the_ds_introduction_page_as_signed_in()&amp#27;[0m
  &amp#27;[32mGiven &amp#27;[0m&amp#27;[32mThe user is on the DS Introduction page as signedIn&amp#27;[0m                  &amp#27;[90m# StepDefinitions.DSIntroductionDetails.the_user_is_on_the_ds_introduction_page_as_signed_in()&amp#27;[0m
  &amp#27;[32mAnd &amp#27;[0m&amp#27;[32mUser clicks on Get Started button from Tree panel&amp#27;[0m              &amp#27;[90m# StepDefinitions.Tree.user_clicks_on_get_started_button_from_tree_panel()&amp#27;[0m
  &amp#27;[32mGiven &amp#27;[0m&amp#27;[32mThe user is on the Terminologies page&amp#27;[0m                        &amp#27;[90m# StepDefinitions.Tree.the_user_is_on_the_terminologies_page()&amp#27;[0m
  &amp#27;[32mAnd &amp#27;[0m&amp#27;[32mUser clicks on Get Started button from Tree panel&amp#27;[0m                      &amp#27;[90m# StepDefinitions.Tree.user_clicks_on_get_started_button_from_tree_panel()&amp#27;[0m
  &amp#27;[32mWhen &amp#27;[0m&amp#27;[32mThe user clicks Try Here button&amp#27;[0m                               &amp#27;[90m# StepDefinitions.Tree.the_user_clicks_try_here_button()&amp#27;[0m
  &amp#27;[32mThen &amp#27;[0m&amp#27;[32mThe user is redirected to a page having Editor and run button&amp#27;[0m &amp#27;[90m# StepDefinitions.Tree.the_user_is_redirected_to_a_page_having_editor_and_run_button()&amp#27;[0m
[INFO ] 2024-12-17 09:50:32.563 [TestNG-PoolService-3] Hooks - ======================  Test Execution is completed!! ======================
]]></system-out>
    <system-err><![CDATA[Dec 17, 2024 9:50:28 AM org.openqa.selenium.devtools.CdpVersionFinder findNearestMatch
WARNING: Unable to find an exact match for CDP version 131, returning the closest version; found: 130; Please update to a Selenium version that supports CDP version 131
Dec 17, 2024 9:50:29 AM org.openqa.selenium.devtools.CdpVersionFinder findNearestMatch
WARNING: Unable to find an exact match for CDP version 131, returning the closest version; found: 130; Please update to a Selenium version that supports CDP version 131
]]></system-err>
  </testcase>
  <testcase name="runScenario[&quot;Terminologies&quot;, &quot;Tree&quot;](157)" classname="TestRunners.TestRunner" time="7.632">
    <system-out><![CDATA[
Scenario: Try Here Editor page with empty code                               &amp#27;[90m# src/test/resources/Features/Tree.feature:48&amp#27;[0m
  &amp#27;[32mGiven &amp#27;[0m&amp#27;[32mThe user is on the DS Introduction page as signedIn&amp#27;[0m          &amp#27;[90m# StepDefinitions.DSIntroductionDetails.the_user_is_on_the_ds_introduction_page_as_signed_in()&amp#27;[0m
  &amp#27;[32mAnd &amp#27;[0m&amp#27;[32mUser clicks on Get Started button from Tree panel&amp#27;[0m              &amp#27;[90m# StepDefinitions.Tree.user_clicks_on_get_started_button_from_tree_panel()&amp#27;[0m
  &amp#27;[32mGiven &amp#27;[0m&amp#27;[32mThe user is on the Terminologies page&amp#27;[0m                        &amp#27;[90m# StepDefinitions.Tree.the_user_is_on_the_terminologies_page()&amp#27;[0m
  &amp#27;[32mWhen &amp#27;[0m&amp#27;[32mThe user clicks Try Here button&amp#27;[0m                               &amp#27;[90m# StepDefinitions.Tree.the_user_clicks_try_here_button()&amp#27;[0m
  &amp#27;[32mThen &amp#27;[0m&amp#27;[32mThe user is redirected to a page having Editor and run button&amp#27;[0m &amp#27;[90m# StepDefinitions.Tree.the_user_is_redirected_to_a_page_having_editor_and_run_button()&amp#27;[0m
[INFO ] 2024-12-17 10:05:55.402 [TestNG-PoolService-3] Hooks - ======================  Test Execution is completed!! ======================
  &amp#27;[32mGiven &amp#27;[0m&amp#27;[32mThe user is on the DS Introduction page as signedIn&amp#27;[0m                  &amp#27;[90m# StepDefinitions.DSIntroductionDetails.the_user_is_on_the_ds_introduction_page_as_signed_in()&amp#27;[0m
  &amp#27;[32mAnd &amp#27;[0m&amp#27;[32mUser clicks on Get Started button from Tree panel&amp#27;[0m                      &amp#27;[90m# StepDefinitions.Tree.user_clicks_on_get_started_button_from_tree_panel()&amp#27;[0m
]]></system-out>
  </testcase>
  <testcase name="runScenario[&quot;Terminologies&quot;, &quot;Tree&quot;](157)" classname="TestRunners.TestRunner" time="7.306">
    <system-out><![CDATA[
Scenario: Try Here Editor page with empty code                               &amp#27;[90m# src/test/resources/Features/Tree.feature:48&amp#27;[0m
  &amp#27;[32mGiven &amp#27;[0m&amp#27;[32mThe user is on the DS Introduction page as signedIn&amp#27;[0m          &amp#27;[90m# StepDefinitions.DSIntroductionDetails.the_user_is_on_the_ds_introduction_page_as_signed_in()&amp#27;[0m
  &amp#27;[32mGiven &amp#27;[0m&amp#27;[32mThe user is on the DS Introduction page as signedIn&amp#27;[0m                  &amp#27;[90m# StepDefinitions.DSIntroductionDetails.the_user_is_on_the_ds_introduction_page_as_signed_in()&amp#27;[0m
  &amp#27;[32mAnd &amp#27;[0m&amp#27;[32mUser clicks on Get Started button from Tree panel&amp#27;[0m                      &amp#27;[90m# StepDefinitions.Tree.user_clicks_on_get_started_button_from_tree_panel()&amp#27;[0m
  &amp#27;[32mAnd &amp#27;[0m&amp#27;[32mUser clicks on Get Started button from Tree panel&amp#27;[0m              &amp#27;[90m# StepDefinitions.Tree.user_clicks_on_get_started_button_from_tree_panel()&amp#27;[0m
  &amp#27;[32mGiven &amp#27;[0m&amp#27;[32mThe user is on the Terminologies page&amp#27;[0m                        &amp#27;[90m# StepDefinitions.Tree.the_user_is_on_the_terminologies_page()&amp#27;[0m
  &amp#27;[32mWhen &amp#27;[0m&amp#27;[32mThe user clicks Try Here button&amp#27;[0m                               &amp#27;[90m# StepDefinitions.Tree.the_user_clicks_try_here_button()&amp#27;[0m
  &amp#27;[32mGiven &amp#27;[0m&amp#27;[32mThe user is on the Editor page of Terminologies page&amp#27;[0m                 &amp#27;[90m# StepDefinitions.Tree.the_user_is_on_the_Editor_page_of_terminologies_page()&amp#27;[0m
  &amp#27;[32mThen &amp#27;[0m&amp#27;[32mThe user is redirected to a page having Editor and run button&amp#27;[0m &amp#27;[90m# StepDefinitions.Tree.the_user_is_redirected_to_a_page_having_editor_and_run_button()&amp#27;[0m
[INFO ] 2024-12-17 10:20:48.337 [TestNG-PoolService-2] Hooks - ======================  Test Execution is completed!! ======================
  &amp#27;[32mWhen &amp#27;[0m&amp#27;[32mThe user writes no code inside editor window and clicks on Run button&amp#27;[0m &amp#27;[90m# StepDefinitions.Tree.the_user_writes_no_code_inside_editor_window_and_clicks_on_run_button()&amp#27;[0m
  &amp#27;[32mThen &amp#27;[0m&amp#27;[32mNothing happens to the Editor page and no error message is displayed&amp#27;[0m  &amp#27;[90m# StepDefinitions.Tree.nothing_happens_to_the_editor_page_and_no_error_message_is_displayed()&amp#27;[0m
[INFO ] 2024-12-17 10:20:48.578 [TestNG-PoolService-1] Hooks - ======================  Test Execution is completed!! ======================
]]></system-out>
    <system-err><![CDATA[Dec 17, 2024 10:20:45 AM org.openqa.selenium.devtools.CdpVersionFinder findNearestMatch
WARNING: Unable to find an exact match for CDP version 131, returning the closest version; found: 130; Please update to a Selenium version that supports CDP version 131
Dec 17, 2024 10:20:45 AM org.openqa.selenium.devtools.CdpVersionFinder findNearestMatch
WARNING: Unable to find an exact match for CDP version 131, returning the closest version; found: 130; Please update to a Selenium version that supports CDP version 131
]]></system-err>
  </testcase>
  <testcase name="runScenario[&quot;Try Here Editor page with empty code&quot;, &quot;Tree&quot;](158)" classname="TestRunners.TestRunner" time="0.396">
    <system-out><![CDATA[
Scenario: Try Here Editor page with valid data                        &amp#27;[90m# src/test/resources/Features/Tree.feature:53&amp#27;[0m
  &amp#27;[32mGiven &amp#27;[0m&amp#27;[32mThe user is on the Editor page of Terminologies page&amp#27;[0m                 &amp#27;[90m# StepDefinitions.Tree.the_user_is_on_the_Editor_page_of_terminologies_page()&amp#27;[0m
  &amp#27;[32mWhen &amp#27;[0m&amp#27;[32mThe user writes no code inside editor window and clicks on Run button&amp#27;[0m &amp#27;[90m# StepDefinitions.Tree.the_user_writes_no_code_inside_editor_window_and_clicks_on_run_button()&amp#27;[0m
  &amp#27;[32mThen &amp#27;[0m&amp#27;[32mNothing happens to the Editor page and no error message is displayed&amp#27;[0m  &amp#27;[90m# StepDefinitions.Tree.nothing_happens_to_the_editor_page_and_no_error_message_is_displayed()&amp#27;[0m
[INFO ] 2024-12-17 09:50:32.978 [TestNG-PoolService-1] Hooks - ======================  Test Execution is completed!! ======================
]]></system-out>
  </testcase>
  <testcase name="runScenario[&quot;Try Here Editor page with empty code&quot;, &quot;Tree&quot;](158)" classname="TestRunners.TestRunner" time="2.102">
    <system-out><![CDATA[
Scenario: Try Here Editor page with valid data                        &amp#27;[90m# src/test/resources/Features/Tree.feature:53&amp#27;[0m
  &amp#27;[32mGiven &amp#27;[0m&amp#27;[32mThe user is on the Editor page of Terminologies page&amp#27;[0m                 &amp#27;[90m# StepDefinitions.Tree.the_user_is_on_the_Editor_page_of_terminologies_page()&amp#27;[0m
  &amp#27;[32mWhen &amp#27;[0m&amp#27;[32mThe user writes no code inside editor window and clicks on Run button&amp#27;[0m &amp#27;[90m# StepDefinitions.Tree.the_user_writes_no_code_inside_editor_window_and_clicks_on_run_button()&amp#27;[0m
  &amp#27;[32mThen &amp#27;[0m&amp#27;[32mNothing happens to the Editor page and no error message is displayed&amp#27;[0m  &amp#27;[90m# StepDefinitions.Tree.nothing_happens_to_the_editor_page_and_no_error_message_is_displayed()&amp#27;[0m
[INFO ] 2024-12-17 10:05:57.603 [TestNG-PoolService-1] Hooks - ======================  Test Execution is completed!! ======================
]]></system-out>
  </testcase>
  <testcase name="runScenario[&quot;Try Here Editor page with empty code&quot;, &quot;Tree&quot;](158)" classname="TestRunners.TestRunner" time="0.238">
    <system-out><![CDATA[
Scenario: Try Here Editor page with valid data                        &amp#27;[90m# src/test/resources/Features/Tree.feature:53&amp#27;[0m
]]></system-out>
  </testcase>
  <testcase name="runScenario[&quot;Try Here Editor page with invalid data&quot;, &quot;Tree&quot;](159)" classname="TestRunners.TestRunner" time="5.461">
    <system-out><![CDATA[
Scenario: Try Here Editor page with invalid data                        &amp#27;[90m# src/test/resources/Features/Tree.feature:59&amp#27;[0m
  &amp#27;[32mGiven &amp#27;[0m&amp#27;[32mThe user is on the DS Introduction page as signedIn&amp#27;[0m           &amp#27;[90m# StepDefinitions.DSIntroductionDetails.the_user_is_on_the_ds_introduction_page_as_signed_in()&amp#27;[0m
  &amp#27;[32mAnd &amp#27;[0m&amp#27;[32mUser clicks on Get Started button from Tree panel&amp#27;[0m               &amp#27;[90m# StepDefinitions.Tree.user_clicks_on_get_started_button_from_tree_panel()&amp#27;[0m
  &amp#27;[32mGiven &amp#27;[0m&amp#27;[32mThe user is on the DS Introduction page as signedIn&amp#27;[0m             &amp#27;[90m# StepDefinitions.DSIntroductionDetails.the_user_is_on_the_ds_introduction_page_as_signed_in()&amp#27;[0m
  &amp#27;[32mAnd &amp#27;[0m&amp#27;[32mUser clicks on Get Started button from Tree panel&amp#27;[0m                 &amp#27;[90m# StepDefinitions.Tree.user_clicks_on_get_started_button_from_tree_panel()&amp#27;[0m
  &amp#27;[32mGiven &amp#27;[0m&amp#27;[32mThe user is on the Editor page of Terminologies page&amp#27;[0m          &amp#27;[90m# StepDefinitions.Tree.the_user_is_on_the_Editor_page_of_terminologies_page()&amp#27;[0m
  &amp#27;[32mGiven &amp#27;[0m&amp#27;[32mThe user is on the Editor page of Terminologies page&amp#27;[0m            &amp#27;[90m# StepDefinitions.Tree.the_user_is_on_the_Editor_page_of_terminologies_page()&amp#27;[0m
  &amp#27;[32mWhen &amp#27;[0m&amp#27;[32mThe user writes the invalid python code and clicks on Run button&amp#27;[0m &amp#27;[90m# StepDefinitions.Tree.the_user_writes_the_invalid_python_code_and_clicks_on_run_button()&amp#27;[0m
  &amp#27;[32mThen &amp#27;[0m&amp#27;[32mThe user see error msg in alert window&amp#27;[0m                           &amp#27;[90m# StepDefinitions.Tree.the_user_see_error_msg_in_alert_window()&amp#27;[0m
[INFO ] 2024-12-17 09:50:38.408 [TestNG-PoolService-1] Hooks - ======================  Test Execution is completed!! ======================
]]></system-out>
    <system-err><![CDATA[Dec 17, 2024 9:50:33 AM org.openqa.selenium.devtools.CdpVersionFinder findNearestMatch
WARNING: Unable to find an exact match for CDP version 131, returning the closest version; found: 130; Please update to a Selenium version that supports CDP version 131
Dec 17, 2024 9:50:34 AM org.openqa.selenium.devtools.CdpVersionFinder findNearestMatch
WARNING: Unable to find an exact match for CDP version 131, returning the closest version; found: 130; Please update to a Selenium version that supports CDP version 131
]]></system-err>
  </testcase>
  <testcase name="runScenario[&quot;Try Here Editor page with invalid data&quot;, &quot;Tree&quot;](159)" classname="TestRunners.TestRunner" time="9.723">
    <failure message="Build info: version: &apos;4.26.0&apos;, revision: &apos;8ccf0219d7&apos;&#10;System info: os.name: &apos;Windows 11&apos;, os.arch: &apos;amd64&apos;, os.version: &apos;10.0&apos;, java.version: &apos;21.0.5&apos;&#10;Driver info: org.openqa.selenium.firefox.FirefoxDriver&#10;Command: [cbee3ab3-cec5-4e28-8800-9fd97a251dca, getAlertText {}]&#10;Capabilities {acceptInsecureCerts: true, browserName: firefox, browserVersion: 133.0.3, moz:accessibilityChecks: false, moz:buildID: 20241209150345, moz:debuggerAddress: 127.0.0.1:24467, moz:geckodriverVersion: 0.35.0, moz:headless: false, moz:platformVersion: 10.0, moz:processID: 37464, moz:profile: C:\Users\vamsh\AppData\Loca..., moz:shutdownTimeout: 60000, moz:webdriverClick: true, moz:windowless: false, pageLoadStrategy: normal, platformName: windows, proxy: Proxy(), se:cdp: ws://127.0.0.1:24467/devtoo..., se:cdpVersion: 85.0, setWindowRect: true, strictFileInteractability: false, timeouts: {implicit: 0, pageLoad: 300000, script: 30000}, unhandledPromptBehavior: dismiss and notify, userAgent: Mozilla/5.0 (Windows NT 10....}&#10;Session ID: cbee3ab3-cec5-4e28-8800-9fd97a251dca" type="org.openqa.selenium.NoAlertPresentException"><![CDATA[org.openqa.selenium.NoAlertPresentException: 
Build info: version: '4.26.0', revision: '8ccf0219d7'
System info: os.name: 'Windows 11', os.arch: 'amd64', os.version: '10.0', java.version: '21.0.5'
Driver info: org.openqa.selenium.firefox.FirefoxDriver
Command: [cbee3ab3-cec5-4e28-8800-9fd97a251dca, getAlertText {}]
Capabilities {acceptInsecureCerts: true, browserName: firefox, browserVersion: 133.0.3, moz:accessibilityChecks: false, moz:buildID: 20241209150345, moz:debuggerAddress: 127.0.0.1:24467, moz:geckodriverVersion: 0.35.0, moz:headless: false, moz:platformVersion: 10.0, moz:processID: 37464, moz:profile: C:\Users\vamsh\AppData\Loca..., moz:shutdownTimeout: 60000, moz:webdriverClick: true, moz:windowless: false, pageLoadStrategy: normal, platformName: windows, proxy: Proxy(), se:cdp: ws://127.0.0.1:24467/devtoo..., se:cdpVersion: 85.0, setWindowRect: true, strictFileInteractability: false, timeouts: {implicit: 0, pageLoad: 300000, script: 30000}, unhandledPromptBehavior: dismiss and notify, userAgent: Mozilla/5.0 (Windows NT 10....}
Session ID: cbee3ab3-cec5-4e28-8800-9fd97a251dca
]]></failure>
    <system-out><![CDATA[
Scenario: Try Here Editor page with invalid data                        &amp#27;[90m# src/test/resources/Features/Tree.feature:59&amp#27;[0m
  &amp#27;[32mGiven &amp#27;[0m&amp#27;[32mThe user is on the DS Introduction page as signedIn&amp#27;[0m           &amp#27;[90m# StepDefinitions.DSIntroductionDetails.the_user_is_on_the_ds_introduction_page_as_signed_in()&amp#27;[0m
  &amp#27;[32mAnd &amp#27;[0m&amp#27;[32mUser clicks on Get Started button from Tree panel&amp#27;[0m               &amp#27;[90m# StepDefinitions.Tree.user_clicks_on_get_started_button_from_tree_panel()&amp#27;[0m
  &amp#27;[32mGiven &amp#27;[0m&amp#27;[32mThe user is on the Editor page of Terminologies page&amp#27;[0m          &amp#27;[90m# StepDefinitions.Tree.the_user_is_on_the_Editor_page_of_terminologies_page()&amp#27;[0m
  &amp#27;[32mGiven &amp#27;[0m&amp#27;[32mThe user is on the DS Introduction page as signedIn&amp#27;[0m             &amp#27;[90m# StepDefinitions.DSIntroductionDetails.the_user_is_on_the_ds_introduction_page_as_signed_in()&amp#27;[0m
  &amp#27;[32mAnd &amp#27;[0m&amp#27;[32mUser clicks on Get Started button from Tree panel&amp#27;[0m                 &amp#27;[90m# StepDefinitions.Tree.user_clicks_on_get_started_button_from_tree_panel()&amp#27;[0m
  &amp#27;[32mGiven &amp#27;[0m&amp#27;[32mThe user is on the Editor page of Terminologies page&amp#27;[0m            &amp#27;[90m# StepDefinitions.Tree.the_user_is_on_the_Editor_page_of_terminologies_page()&amp#27;[0m
  &amp#27;[32mWhen &amp#27;[0m&amp#27;[32mThe user writes the invalid python code and clicks on Run button&amp#27;[0m &amp#27;[90m# StepDefinitions.Tree.the_user_writes_the_invalid_python_code_and_clicks_on_run_button()&amp#27;[0m
  &amp#27;[31mThen &amp#27;[0m&amp#27;[31mThe user see error msg in alert window&amp#27;[0m                           &amp#27;[90m# StepDefinitions.Tree.the_user_see_error_msg_in_alert_window()&amp#27;[0m
      &amp#27;[31morg.openqa.selenium.NoAlertPresentException: Build info: version: '4.26.0', revision: '8ccf0219d7'
System info: os.name: 'Windows 11', os.arch: 'amd64', os.version: '10.0', java.version: '21.0.5'
Driver info: org.openqa.selenium.firefox.FirefoxDriver
Command: [cbee3ab3-cec5-4e28-8800-9fd97a251dca, getAlertText {}]
Capabilities {acceptInsecureCerts: true, browserName: firefox, browserVersion: 133.0.3, moz:accessibilityChecks: false, moz:buildID: 20241209150345, moz:debuggerAddress: 127.0.0.1:24467, moz:geckodriverVersion: 0.35.0, moz:headless: false, moz:platformVersion: 10.0, moz:processID: 37464, moz:profile: C:\Users\vamsh\AppData\Loca..., moz:shutdownTimeout: 60000, moz:webdriverClick: true, moz:windowless: false, pageLoadStrategy: normal, platformName: windows, proxy: Proxy(), se:cdp: ws://127.0.0.1:24467/devtoo..., se:cdpVersion: 85.0, setWindowRect: true, strictFileInteractability: false, timeouts: {implicit: 0, pageLoad: 300000, script: 30000}, unhandledPromptBehavior: dismiss and notify, userAgent: Mozilla/5.0 (Windows NT 10....}
Session ID: cbee3ab3-cec5-4e28-8800-9fd97a251dca
	at java.base/jdk.internal.reflect.DirectConstructorHandleAccessor.newInstance(DirectConstructorHandleAccessor.java:62)
	at java.base/java.lang.reflect.Constructor.newInstanceWithCaller(Constructor.java:502)
	at java.base/java.lang.reflect.Constructor.newInstance(Constructor.java:486)
	at org.openqa.selenium.remote.ErrorCodec.decode(ErrorCodec.java:167)
	at org.openqa.selenium.remote.codec.w3c.W3CHttpResponseCodec.decode(W3CHttpResponseCodec.java:138)
	at org.openqa.selenium.remote.codec.w3c.W3CHttpResponseCodec.decode(W3CHttpResponseCodec.java:50)
	at org.openqa.selenium.remote.HttpCommandExecutor.execute(HttpCommandExecutor.java:190)
	at org.openqa.selenium.remote.service.DriverCommandExecutor.invokeExecute(DriverCommandExecutor.java:216)
	at org.openqa.selenium.remote.service.DriverCommandExecutor.execute(DriverCommandExecutor.java:174)
	at org.openqa.selenium.remote.RemoteWebDriver.execute(RemoteWebDriver.java:545)
	at org.openqa.selenium.remote.RemoteWebDriver.execute(RemoteWebDriver.java:618)
	at org.openqa.selenium.remote.RemoteWebDriver.execute(RemoteWebDriver.java:622)
	at org.openqa.selenium.remote.RemoteWebDriver$RemoteTargetLocator.alert(RemoteWebDriver.java:1190)
	at PageObjects.IntroductionPage.getAlertText(IntroductionPage.java:134)
	at StepDefinitions.Tree.the_user_see_error_msg_in_alert_window(Tree.java:113)
	at ✽.The user see error msg in alert window(file:///C:/Projects/newFolder-3/Repo1/src/test/resources/Features/Tree.feature:63)
&amp#27;[0m
[ERROR] 2024-12-17 10:06:07.574 [TestNG-PoolService-1] Hooks - ======================  TEST CASE FAILED !! ======================

    Embedding screenshot [image/png 37860 bytes]

[INFO ] 2024-12-17 10:06:07.627 [TestNG-PoolService-1] Hooks - ======================  Screenshot is captured  ======================
[INFO ] 2024-12-17 10:06:07.639 [TestNG-PoolService-1] Hooks - ======================  Test Execution is completed!! ======================
]]></system-out>
  </testcase>
  <testcase name="runScenario[&quot;Try Here Editor page with invalid data&quot;, &quot;Tree&quot;](159)" classname="TestRunners.TestRunner" time="7.936">
    <system-out><![CDATA[
Scenario: Try Here Editor page with invalid data                        &amp#27;[90m# src/test/resources/Features/Tree.feature:59&amp#27;[0m
  &amp#27;[32mGiven &amp#27;[0m&amp#27;[32mThe user is on the DS Introduction page as signedIn&amp#27;[0m           &amp#27;[90m# StepDefinitions.DSIntroductionDetails.the_user_is_on_the_ds_introduction_page_as_signed_in()&amp#27;[0m
  &amp#27;[32mGiven &amp#27;[0m&amp#27;[32mThe user is on the DS Introduction page as signedIn&amp#27;[0m             &amp#27;[90m# StepDefinitions.DSIntroductionDetails.the_user_is_on_the_ds_introduction_page_as_signed_in()&amp#27;[0m
  &amp#27;[32mAnd &amp#27;[0m&amp#27;[32mUser clicks on Get Started button from Tree panel&amp#27;[0m               &amp#27;[90m# StepDefinitions.Tree.user_clicks_on_get_started_button_from_tree_panel()&amp#27;[0m
  &amp#27;[32mAnd &amp#27;[0m&amp#27;[32mUser clicks on Get Started button from Tree panel&amp#27;[0m                 &amp#27;[90m# StepDefinitions.Tree.user_clicks_on_get_started_button_from_tree_panel()&amp#27;[0m
  &amp#27;[32mGiven &amp#27;[0m&amp#27;[32mThe user is on the Editor page of Terminologies page&amp#27;[0m          &amp#27;[90m# StepDefinitions.Tree.the_user_is_on_the_Editor_page_of_terminologies_page()&amp#27;[0m
  &amp#27;[32mGiven &amp#27;[0m&amp#27;[32mThe user is on the Editor page of Terminologies page&amp#27;[0m            &amp#27;[90m# StepDefinitions.Tree.the_user_is_on_the_Editor_page_of_terminologies_page()&amp#27;[0m
  &amp#27;[32mWhen &amp#27;[0m&amp#27;[32mThe user writes the invalid python code and clicks on Run button&amp#27;[0m &amp#27;[90m# StepDefinitions.Tree.the_user_writes_the_invalid_python_code_and_clicks_on_run_button()&amp#27;[0m
  &amp#27;[32mThen &amp#27;[0m&amp#27;[32mThe user see error msg in alert window&amp#27;[0m                           &amp#27;[90m# StepDefinitions.Tree.the_user_see_error_msg_in_alert_window()&amp#27;[0m
[INFO ] 2024-12-17 10:20:56.515 [TestNG-PoolService-1] Hooks - ======================  Test Execution is completed!! ======================
]]></system-out>
    <system-err><![CDATA[Dec 17, 2024 10:20:52 AM org.openqa.selenium.devtools.CdpVersionFinder findNearestMatch
WARNING: Unable to find an exact match for CDP version 131, returning the closest version; found: 130; Please update to a Selenium version that supports CDP version 131
Dec 17, 2024 10:20:52 AM org.openqa.selenium.devtools.CdpVersionFinder findNearestMatch
WARNING: Unable to find an exact match for CDP version 131, returning the closest version; found: 130; Please update to a Selenium version that supports CDP version 131
]]></system-err>
  </testcase>
  <testcase name="runScenario[&quot;Terminologies&quot;, &quot;Tree&quot;](160)" classname="TestRunners.TestRunner" time="3.754">
    <system-out><![CDATA[
Scenario: Terminologies                                           &amp#27;[90m# src/test/resources/Features/Tree.feature:65&amp#27;[0m
  &amp#27;[32mGiven &amp#27;[0m&amp#27;[32mThe user is on the DS Introduction page as signedIn&amp#27;[0m       &amp#27;[90m# StepDefinitions.DSIntroductionDetails.the_user_is_on_the_ds_introduction_page_as_signed_in()&amp#27;[0m
  &amp#27;[32mAnd &amp#27;[0m&amp#27;[32mUser clicks on Get Started button from Tree panel&amp#27;[0m           &amp#27;[90m# StepDefinitions.Tree.user_clicks_on_get_started_button_from_tree_panel()&amp#27;[0m
  &amp#27;[32mGiven &amp#27;[0m&amp#27;[32mThe user is on the Terminologies page&amp#27;[0m                     &amp#27;[90m# StepDefinitions.Tree.the_user_is_on_the_terminologies_page()&amp#27;[0m
  &amp#27;[32mWhen &amp#27;[0m&amp#27;[32mThe user clicks Types of Trees link from TerminologiesPage&amp#27;[0m &amp#27;[90m# StepDefinitions.Tree.the_user_clicks_types_of_trees_link_from_TerminologiesPage()&amp#27;[0m
  &amp#27;[32mThen &amp#27;[0m&amp#27;[32mThe user is redirected to Types of Trees page.&amp#27;[0m             &amp#27;[90m# StepDefinitions.Tree.the_user_is_redirected_to_types_of_trees_page()&amp#27;[0m
[INFO ] 2024-12-17 09:50:42.198 [TestNG-PoolService-1] Hooks - ======================  Test Execution is completed!! ======================
]]></system-out>
    <system-err><![CDATA[Dec 17, 2024 9:50:39 AM org.openqa.selenium.devtools.CdpVersionFinder findNearestMatch
WARNING: Unable to find an exact match for CDP version 131, returning the closest version; found: 130; Please update to a Selenium version that supports CDP version 131
]]></system-err>
  </testcase>
  <testcase name="runScenario[&quot;Types of Trees&quot;, &quot;Tree&quot;](161)" classname="TestRunners.TestRunner" time="4.336">
    <system-out><![CDATA[
Scenario: Types of Trees                                             &amp#27;[90m# src/test/resources/Features/Tree.feature:72&amp#27;[0m
  &amp#27;[32mGiven &amp#27;[0m&amp#27;[32mThe user is on the DS Introduction page as signedIn&amp#27;[0m          &amp#27;[90m# StepDefinitions.DSIntroductionDetails.the_user_is_on_the_ds_introduction_page_as_signed_in()&amp#27;[0m
  &amp#27;[32mAnd &amp#27;[0m&amp#27;[32mUser clicks on Get Started button from Tree panel&amp#27;[0m              &amp#27;[90m# StepDefinitions.Tree.user_clicks_on_get_started_button_from_tree_panel()&amp#27;[0m
  &amp#27;[32mGiven &amp#27;[0m&amp#27;[32mThe user is on the Types of Trees page&amp#27;[0m                       &amp#27;[90m# StepDefinitions.Tree.the_user_is_on_the_types_of_trees_page()&amp#27;[0m
  &amp#27;[32mWhen &amp#27;[0m&amp#27;[32mThe user clicks Try Here button&amp#27;[0m                               &amp#27;[90m# StepDefinitions.Tree.the_user_clicks_try_here_button()&amp#27;[0m
  &amp#27;[32mThen &amp#27;[0m&amp#27;[32mThe user is redirected to a page having Editor and run button&amp#27;[0m &amp#27;[90m# StepDefinitions.Tree.the_user_is_redirected_to_a_page_having_editor_and_run_button()&amp#27;[0m
[INFO ] 2024-12-17 09:50:46.534 [TestNG-PoolService-1] Hooks - ======================  Test Execution is completed!! ======================
]]></system-out>
    <system-err><![CDATA[Dec 17, 2024 9:50:43 AM org.openqa.selenium.devtools.CdpVersionFinder findNearestMatch
WARNING: Unable to find an exact match for CDP version 131, returning the closest version; found: 130; Please update to a Selenium version that supports CDP version 131
]]></system-err>
  </testcase>
  <testcase name="runScenario[&quot;Try Here Editor page with empty code&quot;, &quot;Tree&quot;](162)" classname="TestRunners.TestRunner" time="4.091">
    <system-out><![CDATA[
Scenario: Try Here Editor page with empty code                               &amp#27;[90m# src/test/resources/Features/Tree.feature:79&amp#27;[0m
  &amp#27;[32mGiven &amp#27;[0m&amp#27;[32mThe user is on the DS Introduction page as signedIn&amp#27;[0m                  &amp#27;[90m# StepDefinitions.DSIntroductionDetails.the_user_is_on_the_ds_introduction_page_as_signed_in()&amp#27;[0m
  &amp#27;[32mAnd &amp#27;[0m&amp#27;[32mUser clicks on Get Started button from Tree panel&amp#27;[0m                      &amp#27;[90m# StepDefinitions.Tree.user_clicks_on_get_started_button_from_tree_panel()&amp#27;[0m
  &amp#27;[32mGiven &amp#27;[0m&amp#27;[32mThe user is on the Editor Page of Types of Trees page&amp#27;[0m                &amp#27;[90m# StepDefinitions.Tree.the_user_is_on_the_Editor_page_of_types_of_trees_page()&amp#27;[0m
  &amp#27;[32mWhen &amp#27;[0m&amp#27;[32mThe user writes no code inside editor window and clicks on Run button&amp#27;[0m &amp#27;[90m# StepDefinitions.Tree.the_user_writes_no_code_inside_editor_window_and_clicks_on_run_button()&amp#27;[0m
  &amp#27;[32mThen &amp#27;[0m&amp#27;[32mNothing happens to the Editor page and no error message is displayed&amp#27;[0m  &amp#27;[90m# StepDefinitions.Tree.nothing_happens_to_the_editor_page_and_no_error_message_is_displayed()&amp#27;[0m
[INFO ] 2024-12-17 09:50:50.618 [TestNG-PoolService-1] Hooks - ======================  Test Execution is completed!! ======================
]]></system-out>
    <system-err><![CDATA[Dec 17, 2024 9:50:47 AM org.openqa.selenium.devtools.CdpVersionFinder findNearestMatch
WARNING: Unable to find an exact match for CDP version 131, returning the closest version; found: 130; Please update to a Selenium version that supports CDP version 131
]]></system-err>
  </testcase>
  <testcase name="runScenario[&quot;Try Here Editor page with valid data&quot;, &quot;Tree&quot;](163)" classname="TestRunners.TestRunner" time="3.401">
    <system-out><![CDATA[
Scenario: Try Here Editor page with valid data                        &amp#27;[90m# src/test/resources/Features/Tree.feature:85&amp#27;[0m
  &amp#27;[32mGiven &amp#27;[0m&amp#27;[32mThe user is on the DS Introduction page as signedIn&amp#27;[0m           &amp#27;[90m# StepDefinitions.DSIntroductionDetails.the_user_is_on_the_ds_introduction_page_as_signed_in()&amp#27;[0m
  &amp#27;[32mAnd &amp#27;[0m&amp#27;[32mUser clicks on Get Started button from Tree panel&amp#27;[0m               &amp#27;[90m# StepDefinitions.Tree.user_clicks_on_get_started_button_from_tree_panel()&amp#27;[0m
  &amp#27;[32mWhen &amp#27;[0m&amp#27;[32mThe user writes the valid python code and clicks on Run button&amp#27;[0m &amp#27;[90m# StepDefinitions.Tree.the_user_writes_the_valid_python_code_and_clicks_on_run_button()&amp#27;[0m
  &amp#27;[32mThen &amp#27;[0m&amp#27;[32mThe user is able to see the output inside the console.&amp#27;[0m         &amp#27;[90m# StepDefinitions.Tree.the_user_is_able_to_see_the_output_inside_the_console()&amp#27;[0m
[INFO ] 2024-12-17 09:50:53.974 [TestNG-PoolService-2] Hooks - ======================  Test Execution is completed!! ======================
]]></system-out>
    <system-err><![CDATA[Dec 17, 2024 9:50:51 AM org.openqa.selenium.devtools.CdpVersionFinder findNearestMatch
WARNING: Unable to find an exact match for CDP version 131, returning the closest version; found: 130; Please update to a Selenium version that supports CDP version 131
]]></system-err>
  </testcase>
  <testcase name="runScenario[&quot;Try Here Editor page with invalid data&quot;, &quot;Tree&quot;](164)" classname="TestRunners.TestRunner" time="4.525">
    <system-out><![CDATA[
Scenario: Try Here Editor page with invalid data                        &amp#27;[90m# src/test/resources/Features/Tree.feature:90&amp#27;[0m
  &amp#27;[32mGiven &amp#27;[0m&amp#27;[32mThe user is on the Editor Page of Types of Trees page&amp#27;[0m         &amp#27;[90m# StepDefinitions.Tree.the_user_is_on_the_Editor_page_of_types_of_trees_page()&amp#27;[0m
  &amp#27;[32mGiven &amp#27;[0m&amp#27;[32mThe user is on the DS Introduction page as signedIn&amp#27;[0m             &amp#27;[90m# StepDefinitions.DSIntroductionDetails.the_user_is_on_the_ds_introduction_page_as_signed_in()&amp#27;[0m
  &amp#27;[32mAnd &amp#27;[0m&amp#27;[32mUser clicks on Get Started button from Tree panel&amp#27;[0m                 &amp#27;[90m# StepDefinitions.Tree.user_clicks_on_get_started_button_from_tree_panel()&amp#27;[0m
  &amp#27;[32mGiven &amp#27;[0m&amp#27;[32mThe user is on the Editor Page of Types of Trees page&amp#27;[0m           &amp#27;[90m# StepDefinitions.Tree.the_user_is_on_the_Editor_page_of_types_of_trees_page()&amp#27;[0m
  &amp#27;[32mWhen &amp#27;[0m&amp#27;[32mThe user writes the invalid python code and clicks on Run button&amp#27;[0m &amp#27;[90m# StepDefinitions.Tree.the_user_writes_the_invalid_python_code_and_clicks_on_run_button()&amp#27;[0m
  &amp#27;[32mThen &amp#27;[0m&amp#27;[32mThe user see error msg in alert window&amp#27;[0m                           &amp#27;[90m# StepDefinitions.Tree.the_user_see_error_msg_in_alert_window()&amp#27;[0m
[INFO ] 2024-12-17 09:50:58.551 [TestNG-PoolService-2] Hooks - ======================  Test Execution is completed!! ======================
]]></system-out>
    <system-err><![CDATA[Dec 17, 2024 9:50:55 AM org.openqa.selenium.devtools.CdpVersionFinder findNearestMatch
WARNING: Unable to find an exact match for CDP version 131, returning the closest version; found: 130; Please update to a Selenium version that supports CDP version 131
]]></system-err>
  </testcase>
  <testcase name="runScenario[&quot;Try Here Editor page with invalid data&quot;, &quot;Tree&quot;](164)" classname="TestRunners.TestRunner" time="10.065">
    <failure message="Build info: version: &apos;4.26.0&apos;, revision: &apos;8ccf0219d7&apos;&#10;System info: os.name: &apos;Windows 11&apos;, os.arch: &apos;amd64&apos;, os.version: &apos;10.0&apos;, java.version: &apos;21.0.5&apos;&#10;Driver info: org.openqa.selenium.firefox.FirefoxDriver&#10;Command: [e76dd806-384f-4acd-a835-f7e45441b525, getAlertText {}]&#10;Capabilities {acceptInsecureCerts: true, browserName: firefox, browserVersion: 133.0.3, moz:accessibilityChecks: false, moz:buildID: 20241209150345, moz:debuggerAddress: 127.0.0.1:27487, moz:geckodriverVersion: 0.35.0, moz:headless: false, moz:platformVersion: 10.0, moz:processID: 40512, moz:profile: C:\Users\vamsh\AppData\Loca..., moz:shutdownTimeout: 60000, moz:webdriverClick: true, moz:windowless: false, pageLoadStrategy: normal, platformName: windows, proxy: Proxy(), se:cdp: ws://127.0.0.1:27487/devtoo..., se:cdpVersion: 85.0, setWindowRect: true, strictFileInteractability: false, timeouts: {implicit: 0, pageLoad: 300000, script: 30000}, unhandledPromptBehavior: dismiss and notify, userAgent: Mozilla/5.0 (Windows NT 10....}&#10;Session ID: e76dd806-384f-4acd-a835-f7e45441b525" type="org.openqa.selenium.NoAlertPresentException"><![CDATA[org.openqa.selenium.NoAlertPresentException: 
Build info: version: '4.26.0', revision: '8ccf0219d7'
System info: os.name: 'Windows 11', os.arch: 'amd64', os.version: '10.0', java.version: '21.0.5'
Driver info: org.openqa.selenium.firefox.FirefoxDriver
Command: [e76dd806-384f-4acd-a835-f7e45441b525, getAlertText {}]
Capabilities {acceptInsecureCerts: true, browserName: firefox, browserVersion: 133.0.3, moz:accessibilityChecks: false, moz:buildID: 20241209150345, moz:debuggerAddress: 127.0.0.1:27487, moz:geckodriverVersion: 0.35.0, moz:headless: false, moz:platformVersion: 10.0, moz:processID: 40512, moz:profile: C:\Users\vamsh\AppData\Loca..., moz:shutdownTimeout: 60000, moz:webdriverClick: true, moz:windowless: false, pageLoadStrategy: normal, platformName: windows, proxy: Proxy(), se:cdp: ws://127.0.0.1:27487/devtoo..., se:cdpVersion: 85.0, setWindowRect: true, strictFileInteractability: false, timeouts: {implicit: 0, pageLoad: 300000, script: 30000}, unhandledPromptBehavior: dismiss and notify, userAgent: Mozilla/5.0 (Windows NT 10....}
Session ID: e76dd806-384f-4acd-a835-f7e45441b525
]]></failure>
    <system-out><![CDATA[
Scenario: Try Here Editor page with invalid data                        &amp#27;[90m# src/test/resources/Features/Tree.feature:90&amp#27;[0m
  &amp#27;[32mGiven &amp#27;[0m&amp#27;[32mThe user is on the DS Introduction page as signedIn&amp#27;[0m           &amp#27;[90m# StepDefinitions.DSIntroductionDetails.the_user_is_on_the_ds_introduction_page_as_signed_in()&amp#27;[0m
  &amp#27;[32mAnd &amp#27;[0m&amp#27;[32mUser clicks on Get Started button from Tree panel&amp#27;[0m               &amp#27;[90m# StepDefinitions.Tree.user_clicks_on_get_started_button_from_tree_panel()&amp#27;[0m
  &amp#27;[32mGiven &amp#27;[0m&amp#27;[32mThe user is on the Editor Page of Types of Trees page&amp#27;[0m         &amp#27;[90m# StepDefinitions.Tree.the_user_is_on_the_Editor_page_of_types_of_trees_page()&amp#27;[0m
  &amp#27;[32mGiven &amp#27;[0m&amp#27;[32mThe user is on the DS Introduction page as signedIn&amp#27;[0m             &amp#27;[90m# StepDefinitions.DSIntroductionDetails.the_user_is_on_the_ds_introduction_page_as_signed_in()&amp#27;[0m
  &amp#27;[32mAnd &amp#27;[0m&amp#27;[32mUser clicks on Get Started button from Tree panel&amp#27;[0m                 &amp#27;[90m# StepDefinitions.Tree.user_clicks_on_get_started_button_from_tree_panel()&amp#27;[0m
  &amp#27;[32mGiven &amp#27;[0m&amp#27;[32mThe user is on the Editor Page of Types of Trees page&amp#27;[0m           &amp#27;[90m# StepDefinitions.Tree.the_user_is_on_the_Editor_page_of_types_of_trees_page()&amp#27;[0m
  &amp#27;[32mWhen &amp#27;[0m&amp#27;[32mThe user writes the invalid python code and clicks on Run button&amp#27;[0m &amp#27;[90m# StepDefinitions.Tree.the_user_writes_the_invalid_python_code_and_clicks_on_run_button()&amp#27;[0m
  &amp#27;[31mThen &amp#27;[0m&amp#27;[31mThe user see error msg in alert window&amp#27;[0m                           &amp#27;[90m# StepDefinitions.Tree.the_user_see_error_msg_in_alert_window()&amp#27;[0m
      &amp#27;[31morg.openqa.selenium.NoAlertPresentException: Build info: version: '4.26.0', revision: '8ccf0219d7'
System info: os.name: 'Windows 11', os.arch: 'amd64', os.version: '10.0', java.version: '21.0.5'
Driver info: org.openqa.selenium.firefox.FirefoxDriver
Command: [e76dd806-384f-4acd-a835-f7e45441b525, getAlertText {}]
Capabilities {acceptInsecureCerts: true, browserName: firefox, browserVersion: 133.0.3, moz:accessibilityChecks: false, moz:buildID: 20241209150345, moz:debuggerAddress: 127.0.0.1:27487, moz:geckodriverVersion: 0.35.0, moz:headless: false, moz:platformVersion: 10.0, moz:processID: 40512, moz:profile: C:\Users\vamsh\AppData\Loca..., moz:shutdownTimeout: 60000, moz:webdriverClick: true, moz:windowless: false, pageLoadStrategy: normal, platformName: windows, proxy: Proxy(), se:cdp: ws://127.0.0.1:27487/devtoo..., se:cdpVersion: 85.0, setWindowRect: true, strictFileInteractability: false, timeouts: {implicit: 0, pageLoad: 300000, script: 30000}, unhandledPromptBehavior: dismiss and notify, userAgent: Mozilla/5.0 (Windows NT 10....}
Session ID: e76dd806-384f-4acd-a835-f7e45441b525
	at java.base/jdk.internal.reflect.DirectConstructorHandleAccessor.newInstance(DirectConstructorHandleAccessor.java:62)
	at java.base/java.lang.reflect.Constructor.newInstanceWithCaller(Constructor.java:502)
	at java.base/java.lang.reflect.Constructor.newInstance(Constructor.java:486)
	at org.openqa.selenium.remote.ErrorCodec.decode(ErrorCodec.java:167)
	at org.openqa.selenium.remote.codec.w3c.W3CHttpResponseCodec.decode(W3CHttpResponseCodec.java:138)
	at org.openqa.selenium.remote.codec.w3c.W3CHttpResponseCodec.decode(W3CHttpResponseCodec.java:50)
	at org.openqa.selenium.remote.HttpCommandExecutor.execute(HttpCommandExecutor.java:190)
	at org.openqa.selenium.remote.service.DriverCommandExecutor.invokeExecute(DriverCommandExecutor.java:216)
	at org.openqa.selenium.remote.service.DriverCommandExecutor.execute(DriverCommandExecutor.java:174)
	at org.openqa.selenium.remote.RemoteWebDriver.execute(RemoteWebDriver.java:545)
	at org.openqa.selenium.remote.RemoteWebDriver.execute(RemoteWebDriver.java:618)
	at org.openqa.selenium.remote.RemoteWebDriver.execute(RemoteWebDriver.java:622)
	at org.openqa.selenium.remote.RemoteWebDriver$RemoteTargetLocator.alert(RemoteWebDriver.java:1190)
	at PageObjects.IntroductionPage.getAlertText(IntroductionPage.java:134)
	at StepDefinitions.Tree.the_user_see_error_msg_in_alert_window(Tree.java:113)
	at ✽.The user see error msg in alert window(file:///C:/Projects/newFolder-3/Repo1/src/test/resources/Features/Tree.feature:93)
&amp#27;[0m
[ERROR] 2024-12-17 10:06:35.054 [TestNG-PoolService-1] Hooks - ======================  TEST CASE FAILED !! ======================

    Embedding screenshot [image/png 37860 bytes]

[INFO ] 2024-12-17 10:06:35.115 [TestNG-PoolService-1] Hooks - ======================  Screenshot is captured  ======================
[INFO ] 2024-12-17 10:06:35.115 [TestNG-PoolService-1] Hooks - ======================  Test Execution is completed!! ======================
  &amp#27;[32mWhen &amp#27;[0m&amp#27;[32mThe user writes the valid python code and clicks on Run button&amp#27;[0m &amp#27;[90m# StepDefinitions.Tree.the_user_writes_the_valid_python_code_and_clicks_on_run_button()&amp#27;[0m
  &amp#27;[32mThen &amp#27;[0m&amp#27;[32mThe user is able to see the output inside the console.&amp#27;[0m         &amp#27;[90m# StepDefinitions.Tree.the_user_is_able_to_see_the_output_inside_the_console()&amp#27;[0m
[INFO ] 2024-12-17 10:06:35.432 [TestNG-PoolService-3] Hooks - ======================  Test Execution is completed!! ======================
]]></system-out>
  </testcase>
  <testcase name="runScenario[&quot;Try Here Editor page with invalid data&quot;, &quot;Tree&quot;](164)" classname="TestRunners.TestRunner" time="7.582">
    <system-out><![CDATA[
Scenario: Try Here Editor page with invalid data                        &amp#27;[90m# src/test/resources/Features/Tree.feature:90&amp#27;[0m
  &amp#27;[32mGiven &amp#27;[0m&amp#27;[32mThe user is on the DS Introduction page as signedIn&amp#27;[0m           &amp#27;[90m# StepDefinitions.DSIntroductionDetails.the_user_is_on_the_ds_introduction_page_as_signed_in()&amp#27;[0m
  &amp#27;[32mAnd &amp#27;[0m&amp#27;[32mUser clicks on Get Started button from Tree panel&amp#27;[0m               &amp#27;[90m# StepDefinitions.Tree.user_clicks_on_get_started_button_from_tree_panel()&amp#27;[0m
  &amp#27;[32mGiven &amp#27;[0m&amp#27;[32mThe user is on the DS Introduction page as signedIn&amp#27;[0m             &amp#27;[90m# StepDefinitions.DSIntroductionDetails.the_user_is_on_the_ds_introduction_page_as_signed_in()&amp#27;[0m
  &amp#27;[32mAnd &amp#27;[0m&amp#27;[32mUser clicks on Get Started button from Tree panel&amp#27;[0m                 &amp#27;[90m# StepDefinitions.Tree.user_clicks_on_get_started_button_from_tree_panel()&amp#27;[0m
  &amp#27;[32mGiven &amp#27;[0m&amp#27;[32mThe user is on the Editor Page of Types of Trees page&amp#27;[0m         &amp#27;[90m# StepDefinitions.Tree.the_user_is_on_the_Editor_page_of_types_of_trees_page()&amp#27;[0m
  &amp#27;[32mGiven &amp#27;[0m&amp#27;[32mThe user is on the Editor Page of Types of Trees page&amp#27;[0m           &amp#27;[90m# StepDefinitions.Tree.the_user_is_on_the_Editor_page_of_types_of_trees_page()&amp#27;[0m
  &amp#27;[32mWhen &amp#27;[0m&amp#27;[32mThe user writes the invalid python code and clicks on Run button&amp#27;[0m &amp#27;[90m# StepDefinitions.Tree.the_user_writes_the_invalid_python_code_and_clicks_on_run_button()&amp#27;[0m
  &amp#27;[32mThen &amp#27;[0m&amp#27;[32mThe user see error msg in alert window&amp#27;[0m                           &amp#27;[90m# StepDefinitions.Tree.the_user_see_error_msg_in_alert_window()&amp#27;[0m
[INFO ] 2024-12-17 10:21:19.436 [TestNG-PoolService-1] Hooks - ======================  Test Execution is completed!! ======================
]]></system-out>
    <system-err><![CDATA[Dec 17, 2024 10:21:14 AM org.openqa.selenium.devtools.CdpVersionFinder findNearestMatch
WARNING: Unable to find an exact match for CDP version 131, returning the closest version; found: 130; Please update to a Selenium version that supports CDP version 131
Dec 17, 2024 10:21:15 AM org.openqa.selenium.devtools.CdpVersionFinder findNearestMatch
WARNING: Unable to find an exact match for CDP version 131, returning the closest version; found: 130; Please update to a Selenium version that supports CDP version 131
]]></system-err>
  </testcase>
  <testcase name="runScenario[&quot;Types of Trees&quot;, &quot;Tree&quot;](165)" classname="TestRunners.TestRunner" time="3.445">
    <system-out><![CDATA[
Scenario: Types of Trees                                    &amp#27;[90m# src/test/resources/Features/Tree.feature:95&amp#27;[0m
  &amp#27;[32mGiven &amp#27;[0m&amp#27;[32mThe user is on the DS Introduction page as signedIn&amp#27;[0m &amp#27;[90m# StepDefinitions.DSIntroductionDetails.the_user_is_on_the_ds_introduction_page_as_signed_in()&amp#27;[0m
  &amp#27;[32mAnd &amp#27;[0m&amp#27;[32mUser clicks on Get Started button from Tree panel&amp#27;[0m     &amp#27;[90m# StepDefinitions.Tree.user_clicks_on_get_started_button_from_tree_panel()&amp#27;[0m
  &amp#27;[32mGiven &amp#27;[0m&amp#27;[32mThe user is on the Types of Trees page&amp#27;[0m              &amp#27;[90m# StepDefinitions.Tree.the_user_is_on_the_types_of_trees_page()&amp#27;[0m
  &amp#27;[32mWhen &amp#27;[0m&amp#27;[32mThe user clicks Tree Traversals link&amp#27;[0m                 &amp#27;[90m# StepDefinitions.Tree.the_user_clicks_tree_traversals_link()&amp#27;[0m
  &amp#27;[32mThen &amp#27;[0m&amp#27;[32mThe user is redirected to Tree Traversals page&amp#27;[0m       &amp#27;[90m# StepDefinitions.Tree.the_user_is_redirected_to_tree_traversals_page()&amp#27;[0m
[INFO ] 2024-12-17 09:51:01.993 [TestNG-PoolService-2] Hooks - ======================  Test Execution is completed!! ======================
]]></system-out>
    <system-err><![CDATA[Dec 17, 2024 9:50:59 AM org.openqa.selenium.devtools.CdpVersionFinder findNearestMatch
WARNING: Unable to find an exact match for CDP version 131, returning the closest version; found: 130; Please update to a Selenium version that supports CDP version 131
]]></system-err>
  </testcase>
  <testcase name="runScenario[&quot;Types of Trees&quot;, &quot;Tree&quot;](165)" classname="TestRunners.TestRunner" time="6.575">
    <system-out><![CDATA[
Scenario: Types of Trees                                    &amp#27;[90m# src/test/resources/Features/Tree.feature:95&amp#27;[0m
  &amp#27;[32mGiven &amp#27;[0m&amp#27;[32mThe user is on the DS Introduction page as signedIn&amp#27;[0m &amp#27;[90m# StepDefinitions.DSIntroductionDetails.the_user_is_on_the_ds_introduction_page_as_signed_in()&amp#27;[0m
  &amp#27;[32mAnd &amp#27;[0m&amp#27;[32mUser clicks on Get Started button from Tree panel&amp#27;[0m     &amp#27;[90m# StepDefinitions.Tree.user_clicks_on_get_started_button_from_tree_panel()&amp#27;[0m
  &amp#27;[32mGiven &amp#27;[0m&amp#27;[32mThe user is on the Types of Trees page&amp#27;[0m              &amp#27;[90m# StepDefinitions.Tree.the_user_is_on_the_types_of_trees_page()&amp#27;[0m
  &amp#27;[32mWhen &amp#27;[0m&amp#27;[32mThe user clicks Tree Traversals link&amp#27;[0m                 &amp#27;[90m# StepDefinitions.Tree.the_user_clicks_tree_traversals_link()&amp#27;[0m
  &amp#27;[32mThen &amp#27;[0m&amp#27;[32mThe user is redirected to Tree Traversals page&amp#27;[0m       &amp#27;[90m# StepDefinitions.Tree.the_user_is_redirected_to_tree_traversals_page()&amp#27;[0m
[INFO ] 2024-12-17 10:21:25.872 [TestNG-PoolService-1] Hooks - ======================  Test Execution is completed!! ======================
  &amp#27;[32mWhen &amp#27;[0m&amp#27;[32mThe user writes the valid python code and clicks on Run button&amp#27;[0m &amp#27;[90m# StepDefinitions.Tree.the_user_writes_the_valid_python_code_and_clicks_on_run_button()&amp#27;[0m
  &amp#27;[32mThen &amp#27;[0m&amp#27;[32mThe user is able to see the output inside the console.&amp#27;[0m         &amp#27;[90m# StepDefinitions.Tree.the_user_is_able_to_see_the_output_inside_the_console()&amp#27;[0m
[INFO ] 2024-12-17 10:21:26.318 [TestNG-PoolService-2] Hooks - ======================  Test Execution is completed!! ======================
]]></system-out>
    <system-err><![CDATA[Dec 17, 2024 10:21:23 AM org.openqa.selenium.devtools.CdpVersionFinder findNearestMatch
WARNING: Unable to find an exact match for CDP version 131, returning the closest version; found: 130; Please update to a Selenium version that supports CDP version 131
]]></system-err>
  </testcase>
  <testcase name="runScenario[&quot;Tree Traversals&quot;, &quot;Tree&quot;](166)" classname="TestRunners.TestRunner" time="4.441">
    <system-out><![CDATA[
Scenario: Tree Traversals                                            &amp#27;[90m# src/test/resources/Features/Tree.feature:102&amp#27;[0m
  &amp#27;[32mGiven &amp#27;[0m&amp#27;[32mThe user is on the DS Introduction page as signedIn&amp#27;[0m          &amp#27;[90m# StepDefinitions.DSIntroductionDetails.the_user_is_on_the_ds_introduction_page_as_signed_in()&amp#27;[0m
  &amp#27;[32mAnd &amp#27;[0m&amp#27;[32mUser clicks on Get Started button from Tree panel&amp#27;[0m              &amp#27;[90m# StepDefinitions.Tree.user_clicks_on_get_started_button_from_tree_panel()&amp#27;[0m
  &amp#27;[32mGiven &amp#27;[0m&amp#27;[32mThe user is on the Tree Traversals page&amp#27;[0m                      &amp#27;[90m# StepDefinitions.Tree.the_user_is_on_the_tree_traversals_page()&amp#27;[0m
  &amp#27;[32mWhen &amp#27;[0m&amp#27;[32mThe user clicks Try Here button&amp#27;[0m                               &amp#27;[90m# StepDefinitions.Tree.the_user_clicks_try_here_button()&amp#27;[0m
  &amp#27;[32mThen &amp#27;[0m&amp#27;[32mThe user is redirected to a page having Editor and run button&amp#27;[0m &amp#27;[90m# StepDefinitions.Tree.the_user_is_redirected_to_a_page_having_editor_and_run_button()&amp#27;[0m
[INFO ] 2024-12-17 09:51:06.459 [TestNG-PoolService-2] Hooks - ======================  Test Execution is completed!! ======================
]]></system-out>
    <system-err><![CDATA[Dec 17, 2024 9:51:03 AM org.openqa.selenium.devtools.CdpVersionFinder findNearestMatch
WARNING: Unable to find an exact match for CDP version 131, returning the closest version; found: 130; Please update to a Selenium version that supports CDP version 131
]]></system-err>
  </testcase>
  <testcase name="runScenario[&quot;Try Here Editor page with valid data&quot;, &quot;Tree&quot;](167)" classname="TestRunners.TestRunner" time="1.739">
    <system-out><![CDATA[
Scenario: Try Here Editor page with empty code                               &amp#27;[90m# src/test/resources/Features/Tree.feature:108&amp#27;[0m
  &amp#27;[32mWhen &amp#27;[0m&amp#27;[32mThe user writes the valid python code and clicks on Run button&amp#27;[0m &amp#27;[90m# StepDefinitions.Tree.the_user_writes_the_valid_python_code_and_clicks_on_run_button()&amp#27;[0m
  &amp#27;[32mThen &amp#27;[0m&amp#27;[32mThe user is able to see the output inside the console.&amp#27;[0m         &amp#27;[90m# StepDefinitions.Tree.the_user_is_able_to_see_the_output_inside_the_console()&amp#27;[0m
[INFO ] 2024-12-17 09:51:08.117 [TestNG-PoolService-3] Hooks - ======================  Test Execution is completed!! ======================
]]></system-out>
    <system-err><![CDATA[Dec 17, 2024 9:51:07 AM org.openqa.selenium.devtools.CdpVersionFinder findNearestMatch
WARNING: Unable to find an exact match for CDP version 131, returning the closest version; found: 130; Please update to a Selenium version that supports CDP version 131
]]></system-err>
  </testcase>
  <testcase name="runScenario[&quot;Try Here Editor page with empty code&quot;, &quot;Tree&quot;](168)" classname="TestRunners.TestRunner" time="3.47">
    <system-out><![CDATA[
Scenario: Try Here Editor page with valid data                        &amp#27;[90m# src/test/resources/Features/Tree.feature:114&amp#27;[0m
  &amp#27;[32mGiven &amp#27;[0m&amp#27;[32mThe user is on the DS Introduction page as signedIn&amp#27;[0m                  &amp#27;[90m# StepDefinitions.DSIntroductionDetails.the_user_is_on_the_ds_introduction_page_as_signed_in()&amp#27;[0m
  &amp#27;[32mAnd &amp#27;[0m&amp#27;[32mUser clicks on Get Started button from Tree panel&amp#27;[0m                      &amp#27;[90m# StepDefinitions.Tree.user_clicks_on_get_started_button_from_tree_panel()&amp#27;[0m
  &amp#27;[32mGiven &amp#27;[0m&amp#27;[32mThe user is on the Editor page of Tree Traversals page&amp#27;[0m               &amp#27;[90m# StepDefinitions.Tree.the_user_is_on_the_Editor_page_of_tree_traversals_page()&amp#27;[0m
  &amp#27;[32mWhen &amp#27;[0m&amp#27;[32mThe user writes no code inside editor window and clicks on Run button&amp#27;[0m &amp#27;[90m# StepDefinitions.Tree.the_user_writes_no_code_inside_editor_window_and_clicks_on_run_button()&amp#27;[0m
  &amp#27;[32mThen &amp#27;[0m&amp#27;[32mNothing happens to the Editor page and no error message is displayed&amp#27;[0m  &amp#27;[90m# StepDefinitions.Tree.nothing_happens_to_the_editor_page_and_no_error_message_is_displayed()&amp#27;[0m
[INFO ] 2024-12-17 09:51:11.621 [TestNG-PoolService-2] Hooks - ======================  Test Execution is completed!! ======================
]]></system-out>
    <system-err><![CDATA[Dec 17, 2024 9:51:09 AM org.openqa.selenium.devtools.CdpVersionFinder findNearestMatch
WARNING: Unable to find an exact match for CDP version 131, returning the closest version; found: 130; Please update to a Selenium version that supports CDP version 131
]]></system-err>
  </testcase>
  <testcase name="runScenario[&quot;Try Here Editor page with empty code&quot;, &quot;Tree&quot;](168)" classname="TestRunners.TestRunner" time="7.639">
    <system-out><![CDATA[
Scenario: Try Here Editor page with valid data                        &amp#27;[90m# src/test/resources/Features/Tree.feature:114&amp#27;[0m
  &amp#27;[32mGiven &amp#27;[0m&amp#27;[32mThe user is on the DS Introduction page as signedIn&amp#27;[0m                  &amp#27;[90m# StepDefinitions.DSIntroductionDetails.the_user_is_on_the_ds_introduction_page_as_signed_in()&amp#27;[0m
  &amp#27;[32mAnd &amp#27;[0m&amp#27;[32mUser clicks on Get Started button from Tree panel&amp#27;[0m                      &amp#27;[90m# StepDefinitions.Tree.user_clicks_on_get_started_button_from_tree_panel()&amp#27;[0m
  &amp#27;[32mGiven &amp#27;[0m&amp#27;[32mThe user is on the Editor page of Tree Traversals page&amp#27;[0m               &amp#27;[90m# StepDefinitions.Tree.the_user_is_on_the_Editor_page_of_tree_traversals_page()&amp#27;[0m
  &amp#27;[32mWhen &amp#27;[0m&amp#27;[32mThe user writes no code inside editor window and clicks on Run button&amp#27;[0m &amp#27;[90m# StepDefinitions.Tree.the_user_writes_no_code_inside_editor_window_and_clicks_on_run_button()&amp#27;[0m
  &amp#27;[32mGiven &amp#27;[0m&amp#27;[32mThe user is on the DS Introduction page as signedIn&amp#27;[0m           &amp#27;[90m# StepDefinitions.DSIntroductionDetails.the_user_is_on_the_ds_introduction_page_as_signed_in()&amp#27;[0m
  &amp#27;[32mThen &amp#27;[0m&amp#27;[32mNothing happens to the Editor page and no error message is displayed&amp#27;[0m  &amp#27;[90m# StepDefinitions.Tree.nothing_happens_to_the_editor_page_and_no_error_message_is_displayed()&amp#27;[0m
[INFO ] 2024-12-17 10:06:52.966 [TestNG-PoolService-1] Hooks - ======================  Test Execution is completed!! ======================
  &amp#27;[32mAnd &amp#27;[0m&amp#27;[32mUser clicks on Get Started button from Tree panel&amp#27;[0m               &amp#27;[90m# StepDefinitions.Tree.user_clicks_on_get_started_button_from_tree_panel()&amp#27;[0m
]]></system-out>
  </testcase>
  <testcase name="runScenario[&quot;Try Here Editor page with empty code&quot;, &quot;Tree&quot;](168)" classname="TestRunners.TestRunner" time="0.604">
    <system-out><![CDATA[
Scenario: Try Here Editor page with valid data                        &amp#27;[90m# src/test/resources/Features/Tree.feature:114&amp#27;[0m
]]></system-out>
  </testcase>
  <testcase name="runScenario[&quot;Try Here Editor page with invalid data&quot;, &quot;Tree&quot;](169)" classname="TestRunners.TestRunner" time="4.858">
    <system-out><![CDATA[
Scenario: Try Here Editor page with invalid data                        &amp#27;[90m# src/test/resources/Features/Tree.feature:120&amp#27;[0m
  &amp#27;[32mGiven &amp#27;[0m&amp#27;[32mThe user is on the DS Introduction page as signedIn&amp#27;[0m           &amp#27;[90m# StepDefinitions.DSIntroductionDetails.the_user_is_on_the_ds_introduction_page_as_signed_in()&amp#27;[0m
  &amp#27;[32mAnd &amp#27;[0m&amp#27;[32mUser clicks on Get Started button from Tree panel&amp#27;[0m               &amp#27;[90m# StepDefinitions.Tree.user_clicks_on_get_started_button_from_tree_panel()&amp#27;[0m
  &amp#27;[32mGiven &amp#27;[0m&amp#27;[32mThe user is on the Editor page of Tree Traversals page&amp#27;[0m        &amp#27;[90m# StepDefinitions.Tree.the_user_is_on_the_Editor_page_of_tree_traversals_page()&amp#27;[0m
  &amp#27;[32mGiven &amp#27;[0m&amp#27;[32mThe user is on the DS Introduction page as signedIn&amp#27;[0m             &amp#27;[90m# StepDefinitions.DSIntroductionDetails.the_user_is_on_the_ds_introduction_page_as_signed_in()&amp#27;[0m
  &amp#27;[32mAnd &amp#27;[0m&amp#27;[32mUser clicks on Get Started button from Tree panel&amp#27;[0m                 &amp#27;[90m# StepDefinitions.Tree.user_clicks_on_get_started_button_from_tree_panel()&amp#27;[0m
  &amp#27;[32mGiven &amp#27;[0m&amp#27;[32mThe user is on the Editor page of Tree Traversals page&amp#27;[0m          &amp#27;[90m# StepDefinitions.Tree.the_user_is_on_the_Editor_page_of_tree_traversals_page()&amp#27;[0m
  &amp#27;[32mWhen &amp#27;[0m&amp#27;[32mThe user writes the invalid python code and clicks on Run button&amp#27;[0m &amp#27;[90m# StepDefinitions.Tree.the_user_writes_the_invalid_python_code_and_clicks_on_run_button()&amp#27;[0m
  &amp#27;[32mThen &amp#27;[0m&amp#27;[32mThe user see error msg in alert window&amp#27;[0m                           &amp#27;[90m# StepDefinitions.Tree.the_user_see_error_msg_in_alert_window()&amp#27;[0m
[INFO ] 2024-12-17 09:51:16.510 [TestNG-PoolService-2] Hooks - ======================  Test Execution is completed!! ======================
]]></system-out>
    <system-err><![CDATA[Dec 17, 2024 9:51:13 AM org.openqa.selenium.devtools.CdpVersionFinder findNearestMatch
WARNING: Unable to find an exact match for CDP version 131, returning the closest version; found: 130; Please update to a Selenium version that supports CDP version 131
]]></system-err>
  </testcase>
  <testcase name="runScenario[&quot;Try Here Editor page with invalid data&quot;, &quot;Tree&quot;](169)" classname="TestRunners.TestRunner" time="8.168">
    <system-out><![CDATA[
Scenario: Try Here Editor page with invalid data                        &amp#27;[90m# src/test/resources/Features/Tree.feature:120&amp#27;[0m
  &amp#27;[32mGiven &amp#27;[0m&amp#27;[32mThe user is on the Editor page of Tree Traversals page&amp#27;[0m        &amp#27;[90m# StepDefinitions.Tree.the_user_is_on_the_Editor_page_of_tree_traversals_page()&amp#27;[0m
  &amp#27;[32mGiven &amp#27;[0m&amp#27;[32mThe user is on the DS Introduction page as signedIn&amp#27;[0m             &amp#27;[90m# StepDefinitions.DSIntroductionDetails.the_user_is_on_the_ds_introduction_page_as_signed_in()&amp#27;[0m
  &amp#27;[32mAnd &amp#27;[0m&amp#27;[32mUser clicks on Get Started button from Tree panel&amp#27;[0m                 &amp#27;[90m# StepDefinitions.Tree.user_clicks_on_get_started_button_from_tree_panel()&amp#27;[0m
  &amp#27;[32mGiven &amp#27;[0m&amp#27;[32mThe user is on the Editor page of Tree Traversals page&amp#27;[0m          &amp#27;[90m# StepDefinitions.Tree.the_user_is_on_the_Editor_page_of_tree_traversals_page()&amp#27;[0m
  &amp#27;[32mWhen &amp#27;[0m&amp#27;[32mThe user writes the invalid python code and clicks on Run button&amp#27;[0m &amp#27;[90m# StepDefinitions.Tree.the_user_writes_the_invalid_python_code_and_clicks_on_run_button()&amp#27;[0m
  &amp#27;[32mThen &amp#27;[0m&amp#27;[32mThe user see error msg in alert window&amp#27;[0m                           &amp#27;[90m# StepDefinitions.Tree.the_user_see_error_msg_in_alert_window()&amp#27;[0m
[INFO ] 2024-12-17 10:07:01.295 [TestNG-PoolService-1] Hooks - ======================  Test Execution is completed!! ======================
  &amp#27;[32mWhen &amp#27;[0m&amp#27;[32mThe user writes the valid python code and clicks on Run button&amp#27;[0m &amp#27;[90m# StepDefinitions.Tree.the_user_writes_the_valid_python_code_and_clicks_on_run_button()&amp#27;[0m
  &amp#27;[32mThen &amp#27;[0m&amp#27;[32mThe user is able to see the output inside the console.&amp#27;[0m         &amp#27;[90m# StepDefinitions.Tree.the_user_is_able_to_see_the_output_inside_the_console()&amp#27;[0m
[INFO ] 2024-12-17 10:07:01.477 [TestNG-PoolService-2] Hooks - ======================  Test Execution is completed!! ======================
]]></system-out>
  </testcase>
  <testcase name="runScenario[&quot;Try Here Editor page with invalid data&quot;, &quot;Tree&quot;](169)" classname="TestRunners.TestRunner" time="7.852">
    <system-out><![CDATA[
Scenario: Try Here Editor page with invalid data                        &amp#27;[90m# src/test/resources/Features/Tree.feature:120&amp#27;[0m
  &amp#27;[32mGiven &amp#27;[0m&amp#27;[32mThe user is on the DS Introduction page as signedIn&amp#27;[0m           &amp#27;[90m# StepDefinitions.DSIntroductionDetails.the_user_is_on_the_ds_introduction_page_as_signed_in()&amp#27;[0m
  &amp#27;[32mAnd &amp#27;[0m&amp#27;[32mUser clicks on Get Started button from Tree panel&amp#27;[0m               &amp#27;[90m# StepDefinitions.Tree.user_clicks_on_get_started_button_from_tree_panel()&amp#27;[0m
  &amp#27;[32mGiven &amp#27;[0m&amp#27;[32mThe user is on the DS Introduction page as signedIn&amp#27;[0m             &amp#27;[90m# StepDefinitions.DSIntroductionDetails.the_user_is_on_the_ds_introduction_page_as_signed_in()&amp#27;[0m
  &amp#27;[32mAnd &amp#27;[0m&amp#27;[32mUser clicks on Get Started button from Tree panel&amp#27;[0m                 &amp#27;[90m# StepDefinitions.Tree.user_clicks_on_get_started_button_from_tree_panel()&amp#27;[0m
  &amp#27;[32mGiven &amp#27;[0m&amp#27;[32mThe user is on the Editor page of Tree Traversals page&amp#27;[0m        &amp#27;[90m# StepDefinitions.Tree.the_user_is_on_the_Editor_page_of_tree_traversals_page()&amp#27;[0m
  &amp#27;[32mGiven &amp#27;[0m&amp#27;[32mThe user is on the Editor page of Tree Traversals page&amp#27;[0m          &amp#27;[90m# StepDefinitions.Tree.the_user_is_on_the_Editor_page_of_tree_traversals_page()&amp#27;[0m
  &amp#27;[32mWhen &amp#27;[0m&amp#27;[32mThe user writes the invalid python code and clicks on Run button&amp#27;[0m &amp#27;[90m# StepDefinitions.Tree.the_user_writes_the_invalid_python_code_and_clicks_on_run_button()&amp#27;[0m
  &amp#27;[32mThen &amp#27;[0m&amp#27;[32mThe user see error msg in alert window&amp#27;[0m                           &amp#27;[90m# StepDefinitions.Tree.the_user_see_error_msg_in_alert_window()&amp#27;[0m
[INFO ] 2024-12-17 10:21:41.898 [TestNG-PoolService-2] Hooks - ======================  Test Execution is completed!! ======================
]]></system-out>
    <system-err><![CDATA[Dec 17, 2024 10:21:37 AM org.openqa.selenium.devtools.CdpVersionFinder findNearestMatch
WARNING: Unable to find an exact match for CDP version 131, returning the closest version; found: 130; Please update to a Selenium version that supports CDP version 131
Dec 17, 2024 10:21:38 AM org.openqa.selenium.devtools.CdpVersionFinder findNearestMatch
WARNING: Unable to find an exact match for CDP version 131, returning the closest version; found: 130; Please update to a Selenium version that supports CDP version 131
]]></system-err>
  </testcase>
  <testcase name="runScenario[&quot;Tree Traversals&quot;, &quot;Tree&quot;](170)" classname="TestRunners.TestRunner" time="3.592">
    <system-out><![CDATA[
Scenario: Tree Traversals                                     &amp#27;[90m# src/test/resources/Features/Tree.feature:126&amp#27;[0m
  &amp#27;[32mGiven &amp#27;[0m&amp#27;[32mThe user is on the DS Introduction page as signedIn&amp#27;[0m   &amp#27;[90m# StepDefinitions.DSIntroductionDetails.the_user_is_on_the_ds_introduction_page_as_signed_in()&amp#27;[0m
  &amp#27;[32mAnd &amp#27;[0m&amp#27;[32mUser clicks on Get Started button from Tree panel&amp#27;[0m       &amp#27;[90m# StepDefinitions.Tree.user_clicks_on_get_started_button_from_tree_panel()&amp#27;[0m
  &amp#27;[32mGiven &amp#27;[0m&amp#27;[32mThe user is on the Tree Traversals page&amp#27;[0m               &amp#27;[90m# StepDefinitions.Tree.the_user_is_on_the_tree_traversals_page()&amp#27;[0m
  &amp#27;[32mWhen &amp#27;[0m&amp#27;[32mThe user clicks Traversals-Illustration link&amp#27;[0m           &amp#27;[90m# StepDefinitions.Tree.the_user_clicks_traversals_illustration_link()&amp#27;[0m
  &amp#27;[32mThen &amp#27;[0m&amp#27;[32mThe user is redirected to Traversals-Illustration page&amp#27;[0m &amp#27;[90m# StepDefinitions.Tree.the_user_is_redirected_to_traversals_illustration_page()&amp#27;[0m
[INFO ] 2024-12-17 09:51:20.054 [TestNG-PoolService-2] Hooks - ======================  Test Execution is completed!! ======================
]]></system-out>
    <system-err><![CDATA[Dec 17, 2024 9:51:17 AM org.openqa.selenium.devtools.CdpVersionFinder findNearestMatch
WARNING: Unable to find an exact match for CDP version 131, returning the closest version; found: 130; Please update to a Selenium version that supports CDP version 131
]]></system-err>
  </testcase>
  <testcase name="runScenario[&quot;Tree Traversals&quot;, &quot;Tree&quot;](170)" classname="TestRunners.TestRunner" time="6.4">
    <system-out><![CDATA[
Scenario: Tree Traversals                                     &amp#27;[90m# src/test/resources/Features/Tree.feature:126&amp#27;[0m
  &amp#27;[32mGiven &amp#27;[0m&amp#27;[32mThe user is on the DS Introduction page as signedIn&amp#27;[0m   &amp#27;[90m# StepDefinitions.DSIntroductionDetails.the_user_is_on_the_ds_introduction_page_as_signed_in()&amp#27;[0m
  &amp#27;[32mAnd &amp#27;[0m&amp#27;[32mUser clicks on Get Started button from Tree panel&amp#27;[0m       &amp#27;[90m# StepDefinitions.Tree.user_clicks_on_get_started_button_from_tree_panel()&amp#27;[0m
  &amp#27;[32mGiven &amp#27;[0m&amp#27;[32mThe user is on the Tree Traversals page&amp#27;[0m               &amp#27;[90m# StepDefinitions.Tree.the_user_is_on_the_tree_traversals_page()&amp#27;[0m
  &amp#27;[32mWhen &amp#27;[0m&amp#27;[32mThe user clicks Traversals-Illustration link&amp#27;[0m           &amp#27;[90m# StepDefinitions.Tree.the_user_clicks_traversals_illustration_link()&amp#27;[0m
  &amp#27;[32mThen &amp#27;[0m&amp#27;[32mThe user is redirected to Traversals-Illustration page&amp#27;[0m &amp#27;[90m# StepDefinitions.Tree.the_user_is_redirected_to_traversals_illustration_page()&amp#27;[0m
[INFO ] 2024-12-17 10:21:48.306 [TestNG-PoolService-2] Hooks - ======================  Test Execution is completed!! ======================
  &amp#27;[32mWhen &amp#27;[0m&amp#27;[32mThe user writes the valid python code and clicks on Run button&amp#27;[0m &amp#27;[90m# StepDefinitions.Tree.the_user_writes_the_valid_python_code_and_clicks_on_run_button()&amp#27;[0m
  &amp#27;[32mThen &amp#27;[0m&amp#27;[32mThe user is able to see the output inside the console.&amp#27;[0m         &amp#27;[90m# StepDefinitions.Tree.the_user_is_able_to_see_the_output_inside_the_console()&amp#27;[0m
[INFO ] 2024-12-17 10:21:48.714 [TestNG-PoolService-3] Hooks - ======================  Test Execution is completed!! ======================
]]></system-out>
    <system-err><![CDATA[Dec 17, 2024 10:21:45 AM org.openqa.selenium.devtools.CdpVersionFinder findNearestMatch
WARNING: Unable to find an exact match for CDP version 131, returning the closest version; found: 130; Please update to a Selenium version that supports CDP version 131
]]></system-err>
  </testcase>
  <testcase name="runScenario[&quot;Traversals-Illustration&quot;, &quot;Tree&quot;](171)" classname="TestRunners.TestRunner" time="4.354">
    <system-out><![CDATA[
Scenario: Traversals-Illustration                                    &amp#27;[90m# src/test/resources/Features/Tree.feature:133&amp#27;[0m
  &amp#27;[32mGiven &amp#27;[0m&amp#27;[32mThe user is on the DS Introduction page as signedIn&amp#27;[0m          &amp#27;[90m# StepDefinitions.DSIntroductionDetails.the_user_is_on_the_ds_introduction_page_as_signed_in()&amp#27;[0m
  &amp#27;[32mAnd &amp#27;[0m&amp#27;[32mUser clicks on Get Started button from Tree panel&amp#27;[0m              &amp#27;[90m# StepDefinitions.Tree.user_clicks_on_get_started_button_from_tree_panel()&amp#27;[0m
  &amp#27;[32mGiven &amp#27;[0m&amp#27;[32mThe user is on the Traversals-Illustration page&amp#27;[0m              &amp#27;[90m# StepDefinitions.Tree.the_user_is_on_the_traversals_illustration_page()&amp#27;[0m
  &amp#27;[32mWhen &amp#27;[0m&amp#27;[32mThe user clicks Try Here button&amp#27;[0m                               &amp#27;[90m# StepDefinitions.Tree.the_user_clicks_try_here_button()&amp#27;[0m
  &amp#27;[32mThen &amp#27;[0m&amp#27;[32mThe user is redirected to a page having Editor and run button&amp#27;[0m &amp#27;[90m# StepDefinitions.Tree.the_user_is_redirected_to_a_page_having_editor_and_run_button()&amp#27;[0m
[INFO ] 2024-12-17 09:51:24.435 [TestNG-PoolService-2] Hooks - ======================  Test Execution is completed!! ======================
]]></system-out>
    <system-err><![CDATA[Dec 17, 2024 9:51:21 AM org.openqa.selenium.devtools.CdpVersionFinder findNearestMatch
WARNING: Unable to find an exact match for CDP version 131, returning the closest version; found: 130; Please update to a Selenium version that supports CDP version 131
]]></system-err>
  </testcase>
  <testcase name="runScenario[&quot;Try Here Editor page with valid data&quot;, &quot;Tree&quot;](172)" classname="TestRunners.TestRunner" time="0.932">
    <system-out><![CDATA[
Scenario: Try Here Editor page with empty code                               &amp#27;[90m# src/test/resources/Features/Tree.feature:139&amp#27;[0m
  &amp#27;[32mWhen &amp#27;[0m&amp#27;[32mThe user writes the valid python code and clicks on Run button&amp#27;[0m &amp#27;[90m# StepDefinitions.Tree.the_user_writes_the_valid_python_code_and_clicks_on_run_button()&amp#27;[0m
  &amp#27;[32mThen &amp#27;[0m&amp#27;[32mThe user is able to see the output inside the console.&amp#27;[0m         &amp#27;[90m# StepDefinitions.Tree.the_user_is_able_to_see_the_output_inside_the_console()&amp#27;[0m
[INFO ] 2024-12-17 09:51:25.233 [TestNG-PoolService-1] Hooks - ======================  Test Execution is completed!! ======================
]]></system-out>
    <system-err><![CDATA[Dec 17, 2024 9:51:25 AM org.openqa.selenium.devtools.CdpVersionFinder findNearestMatch
WARNING: Unable to find an exact match for CDP version 131, returning the closest version; found: 130; Please update to a Selenium version that supports CDP version 131
]]></system-err>
  </testcase>
  <testcase name="runScenario[&quot;Try Here Editor page with empty code&quot;, &quot;Tree&quot;](173)" classname="TestRunners.TestRunner" time="4.096">
    <system-out><![CDATA[
Scenario: Try Here Editor page with valid data                         &amp#27;[90m# src/test/resources/Features/Tree.feature:145&amp#27;[0m
  &amp#27;[32mGiven &amp#27;[0m&amp#27;[32mThe user is on the DS Introduction page as signedIn&amp#27;[0m                  &amp#27;[90m# StepDefinitions.DSIntroductionDetails.the_user_is_on_the_ds_introduction_page_as_signed_in()&amp#27;[0m
  &amp#27;[32mAnd &amp#27;[0m&amp#27;[32mUser clicks on Get Started button from Tree panel&amp#27;[0m                      &amp#27;[90m# StepDefinitions.Tree.user_clicks_on_get_started_button_from_tree_panel()&amp#27;[0m
  &amp#27;[32mGiven &amp#27;[0m&amp#27;[32mThe user is on the DS Introduction page as signedIn&amp#27;[0m            &amp#27;[90m# StepDefinitions.DSIntroductionDetails.the_user_is_on_the_ds_introduction_page_as_signed_in()&amp#27;[0m
  &amp#27;[32mAnd &amp#27;[0m&amp#27;[32mUser clicks on Get Started button from Tree panel&amp#27;[0m                &amp#27;[90m# StepDefinitions.Tree.user_clicks_on_get_started_button_from_tree_panel()&amp#27;[0m
  &amp#27;[32mGiven &amp#27;[0m&amp#27;[32mThe user is on the Editor page of Traversals-Illustration page&amp#27;[0m       &amp#27;[90m# StepDefinitions.Tree.the_user_is_on_the_Editor_page_of_traversals_illustration_page()&amp#27;[0m
  &amp#27;[32mWhen &amp#27;[0m&amp#27;[32mThe user writes no code inside editor window and clicks on Run button&amp#27;[0m &amp#27;[90m# StepDefinitions.Tree.the_user_writes_no_code_inside_editor_window_and_clicks_on_run_button()&amp#27;[0m
  &amp#27;[32mThen &amp#27;[0m&amp#27;[32mNothing happens to the Editor page and no error message is displayed&amp#27;[0m  &amp#27;[90m# StepDefinitions.Tree.nothing_happens_to_the_editor_page_and_no_error_message_is_displayed()&amp#27;[0m
[INFO ] 2024-12-17 09:51:29.433 [TestNG-PoolService-2] Hooks - ======================  Test Execution is completed!! ======================
]]></system-out>
    <system-err><![CDATA[Dec 17, 2024 9:51:26 AM org.openqa.selenium.devtools.CdpVersionFinder findNearestMatch
WARNING: Unable to find an exact match for CDP version 131, returning the closest version; found: 130; Please update to a Selenium version that supports CDP version 131
]]></system-err>
  </testcase>
  <testcase name="runScenario[&quot;Try Here Editor page with empty code&quot;, &quot;Tree&quot;](173)" classname="TestRunners.TestRunner" time="8.388">
    <system-out><![CDATA[
Scenario: Try Here Editor page with valid data                         &amp#27;[90m# src/test/resources/Features/Tree.feature:145&amp#27;[0m
  &amp#27;[32mGiven &amp#27;[0m&amp#27;[32mThe user is on the DS Introduction page as signedIn&amp#27;[0m                  &amp#27;[90m# StepDefinitions.DSIntroductionDetails.the_user_is_on_the_ds_introduction_page_as_signed_in()&amp#27;[0m
  &amp#27;[32mAnd &amp#27;[0m&amp#27;[32mUser clicks on Get Started button from Tree panel&amp#27;[0m                      &amp#27;[90m# StepDefinitions.Tree.user_clicks_on_get_started_button_from_tree_panel()&amp#27;[0m
  &amp#27;[32mGiven &amp#27;[0m&amp#27;[32mThe user is on the Editor page of Traversals-Illustration page&amp#27;[0m       &amp#27;[90m# StepDefinitions.Tree.the_user_is_on_the_Editor_page_of_traversals_illustration_page()&amp#27;[0m
  &amp#27;[32mWhen &amp#27;[0m&amp#27;[32mThe user writes no code inside editor window and clicks on Run button&amp#27;[0m &amp#27;[90m# StepDefinitions.Tree.the_user_writes_no_code_inside_editor_window_and_clicks_on_run_button()&amp#27;[0m
  &amp#27;[32mThen &amp#27;[0m&amp#27;[32mNothing happens to the Editor page and no error message is displayed&amp#27;[0m  &amp#27;[90m# StepDefinitions.Tree.nothing_happens_to_the_editor_page_and_no_error_message_is_displayed()&amp#27;[0m
[INFO ] 2024-12-17 10:07:19.699 [TestNG-PoolService-1] Hooks - ======================  Test Execution is completed!! ======================
  &amp#27;[32mGiven &amp#27;[0m&amp#27;[32mThe user is on the DS Introduction page as signedIn&amp#27;[0m            &amp#27;[90m# StepDefinitions.DSIntroductionDetails.the_user_is_on_the_ds_introduction_page_as_signed_in()&amp#27;[0m
  &amp#27;[32mAnd &amp#27;[0m&amp#27;[32mUser clicks on Get Started button from Tree panel&amp#27;[0m                &amp#27;[90m# StepDefinitions.Tree.user_clicks_on_get_started_button_from_tree_panel()&amp#27;[0m
]]></system-out>
  </testcase>
  <testcase name="runScenario[&quot;Try Here Editor page with empty code&quot;, &quot;Tree&quot;](173)" classname="TestRunners.TestRunner" time="0.494">
    <system-out><![CDATA[
Scenario: Try Here Editor page with valid data                         &amp#27;[90m# src/test/resources/Features/Tree.feature:145&amp#27;[0m
]]></system-out>
  </testcase>
  <testcase name="runScenario[&quot;Try Here Editor page with invalid data&quot;, &quot;Tree&quot;](174)" classname="TestRunners.TestRunner" time="4.335">
    <system-out><![CDATA[
Scenario: Try Here Editor page with invalid data                        &amp#27;[90m# src/test/resources/Features/Tree.feature:151&amp#27;[0m
  &amp#27;[32mGiven &amp#27;[0m&amp#27;[32mThe user is on the Editor page of Traversals-Illustration page&amp#27;[0m &amp#27;[90m# StepDefinitions.Tree.the_user_is_on_the_Editor_page_of_traversals_illustration_page()&amp#27;[0m
  &amp#27;[32mGiven &amp#27;[0m&amp#27;[32mThe user is on the DS Introduction page as signedIn&amp#27;[0m             &amp#27;[90m# StepDefinitions.DSIntroductionDetails.the_user_is_on_the_ds_introduction_page_as_signed_in()&amp#27;[0m
  &amp#27;[32mAnd &amp#27;[0m&amp#27;[32mUser clicks on Get Started button from Tree panel&amp#27;[0m                 &amp#27;[90m# StepDefinitions.Tree.user_clicks_on_get_started_button_from_tree_panel()&amp#27;[0m
  &amp#27;[32mGiven &amp#27;[0m&amp#27;[32mThe user is on the Editor page of Traversals-Illustration page&amp#27;[0m  &amp#27;[90m# StepDefinitions.Tree.the_user_is_on_the_Editor_page_of_traversals_illustration_page()&amp#27;[0m
  &amp#27;[32mWhen &amp#27;[0m&amp#27;[32mThe user writes the invalid python code and clicks on Run button&amp#27;[0m &amp#27;[90m# StepDefinitions.Tree.the_user_writes_the_invalid_python_code_and_clicks_on_run_button()&amp#27;[0m
  &amp#27;[32mThen &amp#27;[0m&amp#27;[32mThe user see error msg in alert window&amp#27;[0m                           &amp#27;[90m# StepDefinitions.Tree.the_user_see_error_msg_in_alert_window()&amp#27;[0m
[INFO ] 2024-12-17 09:51:33.825 [TestNG-PoolService-2] Hooks - ======================  Test Execution is completed!! ======================
]]></system-out>
    <system-err><![CDATA[Dec 17, 2024 9:51:30 AM org.openqa.selenium.devtools.CdpVersionFinder findNearestMatch
WARNING: Unable to find an exact match for CDP version 131, returning the closest version; found: 130; Please update to a Selenium version that supports CDP version 131
]]></system-err>
  </testcase>
  <testcase name="runScenario[&quot;Try Here Editor page with invalid data&quot;, &quot;Tree&quot;](174)" classname="TestRunners.TestRunner" time="8.038">
    <system-out><![CDATA[
Scenario: Try Here Editor page with invalid data                        &amp#27;[90m# src/test/resources/Features/Tree.feature:151&amp#27;[0m
  &amp#27;[32mGiven &amp#27;[0m&amp#27;[32mThe user is on the DS Introduction page as signedIn&amp#27;[0m            &amp#27;[90m# StepDefinitions.DSIntroductionDetails.the_user_is_on_the_ds_introduction_page_as_signed_in()&amp#27;[0m
  &amp#27;[32mGiven &amp#27;[0m&amp#27;[32mThe user is on the DS Introduction page as signedIn&amp#27;[0m             &amp#27;[90m# StepDefinitions.DSIntroductionDetails.the_user_is_on_the_ds_introduction_page_as_signed_in()&amp#27;[0m
  &amp#27;[32mAnd &amp#27;[0m&amp#27;[32mUser clicks on Get Started button from Tree panel&amp#27;[0m                &amp#27;[90m# StepDefinitions.Tree.user_clicks_on_get_started_button_from_tree_panel()&amp#27;[0m
  &amp#27;[32mAnd &amp#27;[0m&amp#27;[32mUser clicks on Get Started button from Tree panel&amp#27;[0m                 &amp#27;[90m# StepDefinitions.Tree.user_clicks_on_get_started_button_from_tree_panel()&amp#27;[0m
  &amp#27;[32mGiven &amp#27;[0m&amp#27;[32mThe user is on the Editor page of Traversals-Illustration page&amp#27;[0m &amp#27;[90m# StepDefinitions.Tree.the_user_is_on_the_Editor_page_of_traversals_illustration_page()&amp#27;[0m
  &amp#27;[32mGiven &amp#27;[0m&amp#27;[32mThe user is on the Editor page of Traversals-Illustration page&amp#27;[0m  &amp#27;[90m# StepDefinitions.Tree.the_user_is_on_the_Editor_page_of_traversals_illustration_page()&amp#27;[0m
  &amp#27;[32mWhen &amp#27;[0m&amp#27;[32mThe user writes the invalid python code and clicks on Run button&amp#27;[0m &amp#27;[90m# StepDefinitions.Tree.the_user_writes_the_invalid_python_code_and_clicks_on_run_button()&amp#27;[0m
  &amp#27;[32mThen &amp#27;[0m&amp#27;[32mThe user see error msg in alert window&amp#27;[0m                           &amp#27;[90m# StepDefinitions.Tree.the_user_see_error_msg_in_alert_window()&amp#27;[0m
[INFO ] 2024-12-17 10:22:04.184 [TestNG-PoolService-3] Hooks - ======================  Test Execution is completed!! ======================
]]></system-out>
    <system-err><![CDATA[Dec 17, 2024 10:21:59 AM org.openqa.selenium.devtools.CdpVersionFinder findNearestMatch
WARNING: Unable to find an exact match for CDP version 131, returning the closest version; found: 130; Please update to a Selenium version that supports CDP version 131
Dec 17, 2024 10:22:00 AM org.openqa.selenium.devtools.CdpVersionFinder findNearestMatch
WARNING: Unable to find an exact match for CDP version 131, returning the closest version; found: 130; Please update to a Selenium version that supports CDP version 131
]]></system-err>
  </testcase>
  <testcase name="runScenario[&quot;Traversals-Illustration&quot;, &quot;Tree&quot;](175)" classname="TestRunners.TestRunner" time="3.612">
    <system-out><![CDATA[
Scenario: Traversals-Illustration                           &amp#27;[90m# src/test/resources/Features/Tree.feature:157&amp#27;[0m
  &amp#27;[32mGiven &amp#27;[0m&amp#27;[32mThe user is on the DS Introduction page as signedIn&amp#27;[0m &amp#27;[90m# StepDefinitions.DSIntroductionDetails.the_user_is_on_the_ds_introduction_page_as_signed_in()&amp#27;[0m
  &amp#27;[32mAnd &amp#27;[0m&amp#27;[32mUser clicks on Get Started button from Tree panel&amp#27;[0m     &amp#27;[90m# StepDefinitions.Tree.user_clicks_on_get_started_button_from_tree_panel()&amp#27;[0m
  &amp#27;[32mGiven &amp#27;[0m&amp#27;[32mThe user is on the Traversals-Illustration page&amp#27;[0m     &amp#27;[90m# StepDefinitions.Tree.the_user_is_on_the_traversals_illustration_page()&amp#27;[0m
  &amp#27;[32mWhen &amp#27;[0m&amp#27;[32mThe user clicks Binary Trees link&amp#27;[0m                    &amp#27;[90m# StepDefinitions.Tree.the_user_clicks_binary_trees_link()&amp#27;[0m
  &amp#27;[32mThen &amp#27;[0m&amp#27;[32mThe user is redirected to Binary Trees page.&amp#27;[0m         &amp#27;[90m# StepDefinitions.Tree.the_user_is_redirected_to_binary_trees_page()&amp#27;[0m
[INFO ] 2024-12-17 09:51:37.341 [TestNG-PoolService-2] Hooks - ======================  Test Execution is completed!! ======================
]]></system-out>
    <system-err><![CDATA[Dec 17, 2024 9:51:34 AM org.openqa.selenium.devtools.CdpVersionFinder findNearestMatch
WARNING: Unable to find an exact match for CDP version 131, returning the closest version; found: 130; Please update to a Selenium version that supports CDP version 131
]]></system-err>
  </testcase>
  <testcase name="runScenario[&quot;Traversals-Illustration&quot;, &quot;Tree&quot;](175)" classname="TestRunners.TestRunner" time="6.734">
    <system-out><![CDATA[
Scenario: Traversals-Illustration                           &amp#27;[90m# src/test/resources/Features/Tree.feature:157&amp#27;[0m
  &amp#27;[32mGiven &amp#27;[0m&amp#27;[32mThe user is on the DS Introduction page as signedIn&amp#27;[0m &amp#27;[90m# StepDefinitions.DSIntroductionDetails.the_user_is_on_the_ds_introduction_page_as_signed_in()&amp#27;[0m
  &amp#27;[32mAnd &amp#27;[0m&amp#27;[32mUser clicks on Get Started button from Tree panel&amp#27;[0m     &amp#27;[90m# StepDefinitions.Tree.user_clicks_on_get_started_button_from_tree_panel()&amp#27;[0m
  &amp#27;[32mGiven &amp#27;[0m&amp#27;[32mThe user is on the Traversals-Illustration page&amp#27;[0m     &amp#27;[90m# StepDefinitions.Tree.the_user_is_on_the_traversals_illustration_page()&amp#27;[0m
  &amp#27;[32mWhen &amp#27;[0m&amp#27;[32mThe user clicks Binary Trees link&amp#27;[0m                    &amp#27;[90m# StepDefinitions.Tree.the_user_clicks_binary_trees_link()&amp#27;[0m
  &amp#27;[32mThen &amp#27;[0m&amp#27;[32mThe user is redirected to Binary Trees page.&amp#27;[0m         &amp#27;[90m# StepDefinitions.Tree.the_user_is_redirected_to_binary_trees_page()&amp#27;[0m
[INFO ] 2024-12-17 10:22:11.066 [TestNG-PoolService-3] Hooks - ======================  Test Execution is completed!! ======================
  &amp#27;[32mWhen &amp#27;[0m&amp#27;[32mThe user writes the valid python code and clicks on Run button&amp#27;[0m &amp#27;[90m# StepDefinitions.Tree.the_user_writes_the_valid_python_code_and_clicks_on_run_button()&amp#27;[0m
  &amp#27;[32mThen &amp#27;[0m&amp#27;[32mThe user is able to see the output inside the console.&amp#27;[0m         &amp#27;[90m# StepDefinitions.Tree.the_user_is_able_to_see_the_output_inside_the_console()&amp#27;[0m
[INFO ] 2024-12-17 10:22:11.317 [TestNG-PoolService-1] Hooks - ======================  Test Execution is completed!! ======================
]]></system-out>
    <system-err><![CDATA[Dec 17, 2024 10:22:08 AM org.openqa.selenium.devtools.CdpVersionFinder findNearestMatch
WARNING: Unable to find an exact match for CDP version 131, returning the closest version; found: 130; Please update to a Selenium version that supports CDP version 131
]]></system-err>
  </testcase>
  <testcase name="runScenario[&quot;Binary Trees&quot;, &quot;Tree&quot;](176)" classname="TestRunners.TestRunner" time="4.556">
    <system-out><![CDATA[
Scenario: Binary Trees                                               &amp#27;[90m# src/test/resources/Features/Tree.feature:164&amp#27;[0m
  &amp#27;[32mGiven &amp#27;[0m&amp#27;[32mThe user is on the DS Introduction page as signedIn&amp#27;[0m          &amp#27;[90m# StepDefinitions.DSIntroductionDetails.the_user_is_on_the_ds_introduction_page_as_signed_in()&amp#27;[0m
  &amp#27;[32mAnd &amp#27;[0m&amp#27;[32mUser clicks on Get Started button from Tree panel&amp#27;[0m              &amp#27;[90m# StepDefinitions.Tree.user_clicks_on_get_started_button_from_tree_panel()&amp#27;[0m
  &amp#27;[32mGiven &amp#27;[0m&amp#27;[32mThe user is on the Binary Trees page&amp#27;[0m                         &amp#27;[90m# StepDefinitions.Tree.the_user_is_on_the_binary_trees_page()&amp#27;[0m
  &amp#27;[32mWhen &amp#27;[0m&amp#27;[32mThe user clicks Try Here button&amp#27;[0m                               &amp#27;[90m# StepDefinitions.Tree.the_user_clicks_try_here_button()&amp#27;[0m
  &amp#27;[32mThen &amp#27;[0m&amp#27;[32mThe user is redirected to a page having Editor and run button&amp#27;[0m &amp#27;[90m# StepDefinitions.Tree.the_user_is_redirected_to_a_page_having_editor_and_run_button()&amp#27;[0m
[INFO ] 2024-12-17 09:51:41.994 [TestNG-PoolService-2] Hooks - ======================  Test Execution is completed!! ======================
]]></system-out>
    <system-err><![CDATA[Dec 17, 2024 9:51:38 AM org.openqa.selenium.devtools.CdpVersionFinder findNearestMatch
WARNING: Unable to find an exact match for CDP version 131, returning the closest version; found: 130; Please update to a Selenium version that supports CDP version 131
]]></system-err>
  </testcase>
  <testcase name="runScenario[&quot;Try Here Editor page with valid data&quot;, &quot;Tree&quot;](177)" classname="TestRunners.TestRunner" time="1.986">
    <system-out><![CDATA[
Scenario: Try Here Editor page with empty code                               &amp#27;[90m# src/test/resources/Features/Tree.feature:170&amp#27;[0m
  &amp#27;[32mWhen &amp#27;[0m&amp#27;[32mThe user writes the valid python code and clicks on Run button&amp#27;[0m &amp#27;[90m# StepDefinitions.Tree.the_user_writes_the_valid_python_code_and_clicks_on_run_button()&amp#27;[0m
  &amp#27;[32mThen &amp#27;[0m&amp#27;[32mThe user is able to see the output inside the console.&amp#27;[0m         &amp#27;[90m# StepDefinitions.Tree.the_user_is_able_to_see_the_output_inside_the_console()&amp#27;[0m
[INFO ] 2024-12-17 09:51:43.905 [TestNG-PoolService-3] Hooks - ======================  Test Execution is completed!! ======================
]]></system-out>
    <system-err><![CDATA[Dec 17, 2024 9:51:43 AM org.openqa.selenium.devtools.CdpVersionFinder findNearestMatch
WARNING: Unable to find an exact match for CDP version 131, returning the closest version; found: 130; Please update to a Selenium version that supports CDP version 131
]]></system-err>
  </testcase>
  <testcase name="runScenario[&quot;Try Here Editor page with empty code&quot;, &quot;Tree&quot;](178)" classname="TestRunners.TestRunner" time="2.85">
    <system-out><![CDATA[
Scenario: Try Here Editor page with valid data                        &amp#27;[90m# src/test/resources/Features/Tree.feature:176&amp#27;[0m
  &amp#27;[32mGiven &amp#27;[0m&amp#27;[32mThe user is on the DS Introduction page as signedIn&amp#27;[0m                  &amp#27;[90m# StepDefinitions.DSIntroductionDetails.the_user_is_on_the_ds_introduction_page_as_signed_in()&amp#27;[0m
  &amp#27;[32mAnd &amp#27;[0m&amp#27;[32mUser clicks on Get Started button from Tree panel&amp#27;[0m                      &amp#27;[90m# StepDefinitions.Tree.user_clicks_on_get_started_button_from_tree_panel()&amp#27;[0m
  &amp#27;[32mGiven &amp#27;[0m&amp#27;[32mThe user is on the Editor page of Binary Trees page&amp#27;[0m                  &amp#27;[90m# StepDefinitions.Tree.the_user_is_on_the_Editor_page_of_binary_trees_page()&amp#27;[0m
  &amp#27;[32mWhen &amp#27;[0m&amp#27;[32mThe user writes no code inside editor window and clicks on Run button&amp#27;[0m &amp#27;[90m# StepDefinitions.Tree.the_user_writes_no_code_inside_editor_window_and_clicks_on_run_button()&amp#27;[0m
  &amp#27;[32mThen &amp#27;[0m&amp#27;[32mNothing happens to the Editor page and no error message is displayed&amp#27;[0m  &amp#27;[90m# StepDefinitions.Tree.nothing_happens_to_the_editor_page_and_no_error_message_is_displayed()&amp#27;[0m
[INFO ] 2024-12-17 09:51:46.743 [TestNG-PoolService-2] Hooks - ======================  Test Execution is completed!! ======================
]]></system-out>
    <system-err><![CDATA[Dec 17, 2024 9:51:45 AM org.openqa.selenium.devtools.CdpVersionFinder findNearestMatch
WARNING: Unable to find an exact match for CDP version 131, returning the closest version; found: 130; Please update to a Selenium version that supports CDP version 131
]]></system-err>
  </testcase>
  <testcase name="runScenario[&quot;Try Here Editor page with empty code&quot;, &quot;Tree&quot;](178)" classname="TestRunners.TestRunner" time="6.358">
    <system-out><![CDATA[
Scenario: Try Here Editor page with valid data                        &amp#27;[90m# src/test/resources/Features/Tree.feature:176&amp#27;[0m
  &amp#27;[32mGiven &amp#27;[0m&amp#27;[32mThe user is on the DS Introduction page as signedIn&amp#27;[0m                  &amp#27;[90m# StepDefinitions.DSIntroductionDetails.the_user_is_on_the_ds_introduction_page_as_signed_in()&amp#27;[0m
  &amp#27;[32mAnd &amp#27;[0m&amp#27;[32mUser clicks on Get Started button from Tree panel&amp#27;[0m                      &amp#27;[90m# StepDefinitions.Tree.user_clicks_on_get_started_button_from_tree_panel()&amp#27;[0m
  &amp#27;[32mGiven &amp#27;[0m&amp#27;[32mThe user is on the Editor page of Binary Trees page&amp#27;[0m                  &amp#27;[90m# StepDefinitions.Tree.the_user_is_on_the_Editor_page_of_binary_trees_page()&amp#27;[0m
  &amp#27;[32mWhen &amp#27;[0m&amp#27;[32mThe user writes no code inside editor window and clicks on Run button&amp#27;[0m &amp#27;[90m# StepDefinitions.Tree.the_user_writes_no_code_inside_editor_window_and_clicks_on_run_button()&amp#27;[0m
  &amp#27;[32mThen &amp#27;[0m&amp#27;[32mNothing happens to the Editor page and no error message is displayed&amp#27;[0m  &amp#27;[90m# StepDefinitions.Tree.nothing_happens_to_the_editor_page_and_no_error_message_is_displayed()&amp#27;[0m
[INFO ] 2024-12-17 10:07:44.677 [TestNG-PoolService-3] Hooks - ======================  Test Execution is completed!! ======================
]]></system-out>
  </testcase>
  <testcase name="runScenario[&quot;Try Here Editor page with empty code&quot;, &quot;Tree&quot;](178)" classname="TestRunners.TestRunner" time="0.283">
    <system-out><![CDATA[
Scenario: Try Here Editor page with valid data                        &amp#27;[90m# src/test/resources/Features/Tree.feature:176&amp#27;[0m
]]></system-out>
  </testcase>
  <testcase name="runScenario[&quot;Try Here Editor page with invalid data&quot;, &quot;Tree&quot;](179)" classname="TestRunners.TestRunner" time="4.575">
    <system-out><![CDATA[
Scenario: Try Here Editor page with invalid data                        &amp#27;[90m# src/test/resources/Features/Tree.feature:182&amp#27;[0m
  &amp#27;[32mGiven &amp#27;[0m&amp#27;[32mThe user is on the DS Introduction page as signedIn&amp#27;[0m           &amp#27;[90m# StepDefinitions.DSIntroductionDetails.the_user_is_on_the_ds_introduction_page_as_signed_in()&amp#27;[0m
  &amp#27;[32mAnd &amp#27;[0m&amp#27;[32mUser clicks on Get Started button from Tree panel&amp#27;[0m               &amp#27;[90m# StepDefinitions.Tree.user_clicks_on_get_started_button_from_tree_panel()&amp#27;[0m
  &amp#27;[32mGiven &amp#27;[0m&amp#27;[32mThe user is on the Editor page of Binary Trees page&amp#27;[0m           &amp#27;[90m# StepDefinitions.Tree.the_user_is_on_the_Editor_page_of_binary_trees_page()&amp#27;[0m
  &amp#27;[32mGiven &amp#27;[0m&amp#27;[32mThe user is on the DS Introduction page as signedIn&amp#27;[0m             &amp#27;[90m# StepDefinitions.DSIntroductionDetails.the_user_is_on_the_ds_introduction_page_as_signed_in()&amp#27;[0m
  &amp#27;[32mAnd &amp#27;[0m&amp#27;[32mUser clicks on Get Started button from Tree panel&amp#27;[0m                 &amp#27;[90m# StepDefinitions.Tree.user_clicks_on_get_started_button_from_tree_panel()&amp#27;[0m
  &amp#27;[32mGiven &amp#27;[0m&amp#27;[32mThe user is on the Editor page of Binary Trees page&amp#27;[0m             &amp#27;[90m# StepDefinitions.Tree.the_user_is_on_the_Editor_page_of_binary_trees_page()&amp#27;[0m
  &amp#27;[32mWhen &amp#27;[0m&amp#27;[32mThe user writes the invalid python code and clicks on Run button&amp#27;[0m &amp#27;[90m# StepDefinitions.Tree.the_user_writes_the_invalid_python_code_and_clicks_on_run_button()&amp#27;[0m
  &amp#27;[32mThen &amp#27;[0m&amp#27;[32mThe user see error msg in alert window&amp#27;[0m                           &amp#27;[90m# StepDefinitions.Tree.the_user_see_error_msg_in_alert_window()&amp#27;[0m
[INFO ] 2024-12-17 09:51:51.382 [TestNG-PoolService-2] Hooks - ======================  Test Execution is completed!! ======================
]]></system-out>
    <system-err><![CDATA[Dec 17, 2024 9:51:48 AM org.openqa.selenium.devtools.CdpVersionFinder findNearestMatch
WARNING: Unable to find an exact match for CDP version 131, returning the closest version; found: 130; Please update to a Selenium version that supports CDP version 131
]]></system-err>
  </testcase>
  <testcase name="runScenario[&quot;Try Here Editor page with invalid data&quot;, &quot;Tree&quot;](179)" classname="TestRunners.TestRunner" time="8.381">
    <system-out><![CDATA[
Scenario: Try Here Editor page with invalid data                        &amp#27;[90m# src/test/resources/Features/Tree.feature:182&amp#27;[0m
  &amp#27;[32mGiven &amp#27;[0m&amp#27;[32mThe user is on the DS Introduction page as signedIn&amp#27;[0m           &amp#27;[90m# StepDefinitions.DSIntroductionDetails.the_user_is_on_the_ds_introduction_page_as_signed_in()&amp#27;[0m
  &amp#27;[32mGiven &amp#27;[0m&amp#27;[32mThe user is on the DS Introduction page as signedIn&amp#27;[0m             &amp#27;[90m# StepDefinitions.DSIntroductionDetails.the_user_is_on_the_ds_introduction_page_as_signed_in()&amp#27;[0m
  &amp#27;[32mAnd &amp#27;[0m&amp#27;[32mUser clicks on Get Started button from Tree panel&amp#27;[0m               &amp#27;[90m# StepDefinitions.Tree.user_clicks_on_get_started_button_from_tree_panel()&amp#27;[0m
  &amp#27;[32mAnd &amp#27;[0m&amp#27;[32mUser clicks on Get Started button from Tree panel&amp#27;[0m                 &amp#27;[90m# StepDefinitions.Tree.user_clicks_on_get_started_button_from_tree_panel()&amp#27;[0m
  &amp#27;[32mGiven &amp#27;[0m&amp#27;[32mThe user is on the Editor page of Binary Trees page&amp#27;[0m           &amp#27;[90m# StepDefinitions.Tree.the_user_is_on_the_Editor_page_of_binary_trees_page()&amp#27;[0m
  &amp#27;[32mGiven &amp#27;[0m&amp#27;[32mThe user is on the Editor page of Binary Trees page&amp#27;[0m             &amp#27;[90m# StepDefinitions.Tree.the_user_is_on_the_Editor_page_of_binary_trees_page()&amp#27;[0m
  &amp#27;[32mWhen &amp#27;[0m&amp#27;[32mThe user writes the invalid python code and clicks on Run button&amp#27;[0m &amp#27;[90m# StepDefinitions.Tree.the_user_writes_the_invalid_python_code_and_clicks_on_run_button()&amp#27;[0m
  &amp#27;[32mThen &amp#27;[0m&amp#27;[32mThe user see error msg in alert window&amp#27;[0m                           &amp#27;[90m# StepDefinitions.Tree.the_user_see_error_msg_in_alert_window()&amp#27;[0m
[INFO ] 2024-12-17 10:22:27.574 [TestNG-PoolService-1] Hooks - ======================  Test Execution is completed!! ======================
]]></system-out>
    <system-err><![CDATA[Dec 17, 2024 10:22:22 AM org.openqa.selenium.devtools.CdpVersionFinder findNearestMatch
WARNING: Unable to find an exact match for CDP version 131, returning the closest version; found: 130; Please update to a Selenium version that supports CDP version 131
Dec 17, 2024 10:22:23 AM org.openqa.selenium.devtools.CdpVersionFinder findNearestMatch
WARNING: Unable to find an exact match for CDP version 131, returning the closest version; found: 130; Please update to a Selenium version that supports CDP version 131
]]></system-err>
  </testcase>
  <testcase name="runScenario[&quot;Binary Trees&quot;, &quot;Tree&quot;](180)" classname="TestRunners.TestRunner" time="3.645">
    <system-out><![CDATA[
Scenario: Binary Trees                                       &amp#27;[90m# src/test/resources/Features/Tree.feature:188&amp#27;[0m
  &amp#27;[32mGiven &amp#27;[0m&amp#27;[32mThe user is on the DS Introduction page as signedIn&amp#27;[0m  &amp#27;[90m# StepDefinitions.DSIntroductionDetails.the_user_is_on_the_ds_introduction_page_as_signed_in()&amp#27;[0m
  &amp#27;[32mAnd &amp#27;[0m&amp#27;[32mUser clicks on Get Started button from Tree panel&amp#27;[0m      &amp#27;[90m# StepDefinitions.Tree.user_clicks_on_get_started_button_from_tree_panel()&amp#27;[0m
  &amp#27;[32mGiven &amp#27;[0m&amp#27;[32mThe user is on the Binary Trees page&amp#27;[0m                 &amp#27;[90m# StepDefinitions.Tree.the_user_is_on_the_binary_trees_page()&amp#27;[0m
  &amp#27;[32mWhen &amp#27;[0m&amp#27;[32mThe user clicks Types of Binary Trees link&amp#27;[0m            &amp#27;[90m# StepDefinitions.Tree.the_user_clicks_types_of_binary_trees_link()&amp#27;[0m
  &amp#27;[32mThen &amp#27;[0m&amp#27;[32mThe user is redirected to Types of Binary Trees page.&amp#27;[0m &amp#27;[90m# StepDefinitions.Tree.the_user_is_redirected_to_types_of_binary_trees_page()&amp#27;[0m
[INFO ] 2024-12-17 09:51:55.029 [TestNG-PoolService-2] Hooks - ======================  Test Execution is completed!! ======================
]]></system-out>
    <system-err><![CDATA[Dec 17, 2024 9:51:52 AM org.openqa.selenium.devtools.CdpVersionFinder findNearestMatch
WARNING: Unable to find an exact match for CDP version 131, returning the closest version; found: 130; Please update to a Selenium version that supports CDP version 131
]]></system-err>
  </testcase>
  <testcase name="runScenario[&quot;Types of Binary Trees&quot;, &quot;Tree&quot;](181)" classname="TestRunners.TestRunner" time="4.303">
    <system-out><![CDATA[
Scenario: Types of Binary Trees                                      &amp#27;[90m# src/test/resources/Features/Tree.feature:195&amp#27;[0m
  &amp#27;[32mGiven &amp#27;[0m&amp#27;[32mThe user is on the DS Introduction page as signedIn&amp#27;[0m          &amp#27;[90m# StepDefinitions.DSIntroductionDetails.the_user_is_on_the_ds_introduction_page_as_signed_in()&amp#27;[0m
  &amp#27;[32mAnd &amp#27;[0m&amp#27;[32mUser clicks on Get Started button from Tree panel&amp#27;[0m              &amp#27;[90m# StepDefinitions.Tree.user_clicks_on_get_started_button_from_tree_panel()&amp#27;[0m
  &amp#27;[32mGiven &amp#27;[0m&amp#27;[32mThe user is on the Types of Binary Trees page&amp#27;[0m                &amp#27;[90m# StepDefinitions.Tree.the_user_is_on_the_types_of_binary_trees_page()&amp#27;[0m
  &amp#27;[32mWhen &amp#27;[0m&amp#27;[32mThe user clicks Try Here button&amp#27;[0m                               &amp#27;[90m# StepDefinitions.Tree.the_user_clicks_try_here_button()&amp#27;[0m
  &amp#27;[32mThen &amp#27;[0m&amp#27;[32mThe user is redirected to a page having Editor and run button&amp#27;[0m &amp#27;[90m# StepDefinitions.Tree.the_user_is_redirected_to_a_page_having_editor_and_run_button()&amp#27;[0m
[INFO ] 2024-12-17 09:51:59.330 [TestNG-PoolService-2] Hooks - ======================  Test Execution is completed!! ======================
]]></system-out>
    <system-err><![CDATA[Dec 17, 2024 9:51:56 AM org.openqa.selenium.devtools.CdpVersionFinder findNearestMatch
WARNING: Unable to find an exact match for CDP version 131, returning the closest version; found: 130; Please update to a Selenium version that supports CDP version 131
]]></system-err>
  </testcase>
  <testcase name="runScenario[&quot;Try Here Editor page with valid data&quot;, &quot;Tree&quot;](182)" classname="TestRunners.TestRunner" time="1.287">
    <system-out><![CDATA[
Scenario: Try Here Editor page with empty code                               &amp#27;[90m# src/test/resources/Features/Tree.feature:201&amp#27;[0m
  &amp#27;[32mWhen &amp#27;[0m&amp#27;[32mThe user writes the valid python code and clicks on Run button&amp#27;[0m  &amp#27;[90m# StepDefinitions.Tree.the_user_writes_the_valid_python_code_and_clicks_on_run_button()&amp#27;[0m
  &amp#27;[32mThen &amp#27;[0m&amp#27;[32mThe user is able to see the output inside the console.&amp#27;[0m          &amp#27;[90m# StepDefinitions.Tree.the_user_is_able_to_see_the_output_inside_the_console()&amp#27;[0m
[INFO ] 2024-12-17 09:52:00.524 [TestNG-PoolService-1] Hooks - ======================  Test Execution is completed!! ======================
]]></system-out>
    <system-err><![CDATA[Dec 17, 2024 9:52:00 AM org.openqa.selenium.devtools.CdpVersionFinder findNearestMatch
WARNING: Unable to find an exact match for CDP version 131, returning the closest version; found: 130; Please update to a Selenium version that supports CDP version 131
]]></system-err>
  </testcase>
  <testcase name="runScenario[&quot;Try Here Editor page with empty code&quot;, &quot;Tree&quot;](183)" classname="TestRunners.TestRunner" time="3.823">
    <system-out><![CDATA[
Scenario: Try Here Editor page with valid data                        &amp#27;[90m# src/test/resources/Features/Tree.feature:207&amp#27;[0m
  &amp#27;[32mGiven &amp#27;[0m&amp#27;[32mThe user is on the DS Introduction page as signedIn&amp#27;[0m                  &amp#27;[90m# StepDefinitions.DSIntroductionDetails.the_user_is_on_the_ds_introduction_page_as_signed_in()&amp#27;[0m
  &amp#27;[32mAnd &amp#27;[0m&amp#27;[32mUser clicks on Get Started button from Tree panel&amp#27;[0m                      &amp#27;[90m# StepDefinitions.Tree.user_clicks_on_get_started_button_from_tree_panel()&amp#27;[0m
  &amp#27;[32mGiven &amp#27;[0m&amp#27;[32mThe user is on the DS Introduction page as signedIn&amp#27;[0m           &amp#27;[90m# StepDefinitions.DSIntroductionDetails.the_user_is_on_the_ds_introduction_page_as_signed_in()&amp#27;[0m
  &amp#27;[32mGiven &amp#27;[0m&amp#27;[32mThe user is on the Editor page of Types of Binary Trees page&amp#27;[0m         &amp#27;[90m# StepDefinitions.Tree.the_user_is_on_the_Editor_page_of_types_of_binary_trees_page()&amp#27;[0m
  &amp#27;[32mAnd &amp#27;[0m&amp#27;[32mUser clicks on Get Started button from Tree panel&amp#27;[0m               &amp#27;[90m# StepDefinitions.Tree.user_clicks_on_get_started_button_from_tree_panel()&amp#27;[0m
  &amp#27;[32mWhen &amp#27;[0m&amp#27;[32mThe user writes no code inside editor window and clicks on Run button&amp#27;[0m &amp#27;[90m# StepDefinitions.Tree.the_user_writes_no_code_inside_editor_window_and_clicks_on_run_button()&amp#27;[0m
  &amp#27;[32mThen &amp#27;[0m&amp#27;[32mNothing happens to the Editor page and no error message is displayed&amp#27;[0m  &amp#27;[90m# StepDefinitions.Tree.nothing_happens_to_the_editor_page_and_no_error_message_is_displayed()&amp#27;[0m
[INFO ] 2024-12-17 09:52:04.407 [TestNG-PoolService-2] Hooks - ======================  Test Execution is completed!! ======================
]]></system-out>
    <system-err><![CDATA[Dec 17, 2024 9:52:01 AM org.openqa.selenium.devtools.CdpVersionFinder findNearestMatch
WARNING: Unable to find an exact match for CDP version 131, returning the closest version; found: 130; Please update to a Selenium version that supports CDP version 131
]]></system-err>
  </testcase>
  <testcase name="runScenario[&quot;Try Here Editor page with empty code&quot;, &quot;Tree&quot;](183)" classname="TestRunners.TestRunner" time="5.116">
    <system-out><![CDATA[
Scenario: Try Here Editor page with valid data                        &amp#27;[90m# src/test/resources/Features/Tree.feature:207&amp#27;[0m
  &amp#27;[32mGiven &amp#27;[0m&amp#27;[32mThe user is on the DS Introduction page as signedIn&amp#27;[0m                  &amp#27;[90m# StepDefinitions.DSIntroductionDetails.the_user_is_on_the_ds_introduction_page_as_signed_in()&amp#27;[0m
  &amp#27;[32mAnd &amp#27;[0m&amp#27;[32mUser clicks on Get Started button from Tree panel&amp#27;[0m                      &amp#27;[90m# StepDefinitions.Tree.user_clicks_on_get_started_button_from_tree_panel()&amp#27;[0m
  &amp#27;[32mGiven &amp#27;[0m&amp#27;[32mThe user is on the Editor page of Types of Binary Trees page&amp#27;[0m         &amp#27;[90m# StepDefinitions.Tree.the_user_is_on_the_Editor_page_of_types_of_binary_trees_page()&amp#27;[0m
  &amp#27;[32mWhen &amp#27;[0m&amp#27;[32mThe user writes no code inside editor window and clicks on Run button&amp#27;[0m &amp#27;[90m# StepDefinitions.Tree.the_user_writes_no_code_inside_editor_window_and_clicks_on_run_button()&amp#27;[0m
  &amp#27;[32mThen &amp#27;[0m&amp#27;[32mNothing happens to the Editor page and no error message is displayed&amp#27;[0m  &amp#27;[90m# StepDefinitions.Tree.nothing_happens_to_the_editor_page_and_no_error_message_is_displayed()&amp#27;[0m
[INFO ] 2024-12-17 10:08:10.559 [TestNG-PoolService-2] Hooks - ======================  Test Execution is completed!! ======================
]]></system-out>
  </testcase>
  <testcase name="runScenario[&quot;Try Here Editor page with empty code&quot;, &quot;Tree&quot;](183)" classname="TestRunners.TestRunner" time="0.453">
    <system-out><![CDATA[
Scenario: Try Here Editor page with valid data                        &amp#27;[90m# src/test/resources/Features/Tree.feature:207&amp#27;[0m
]]></system-out>
  </testcase>
  <testcase name="runScenario[&quot;Try Here Editor page with invalid data&quot;, &quot;Tree&quot;](184)" classname="TestRunners.TestRunner" time="4.571">
    <system-out><![CDATA[
Scenario: Try Here Editor page with invalid data                        &amp#27;[90m# src/test/resources/Features/Tree.feature:213&amp#27;[0m
  &amp#27;[32mGiven &amp#27;[0m&amp#27;[32mThe user is on the Editor page of Types of Binary Trees page&amp#27;[0m  &amp#27;[90m# StepDefinitions.Tree.the_user_is_on_the_Editor_page_of_types_of_binary_trees_page()&amp#27;[0m
  &amp#27;[32mGiven &amp#27;[0m&amp#27;[32mThe user is on the DS Introduction page as signedIn&amp#27;[0m             &amp#27;[90m# StepDefinitions.DSIntroductionDetails.the_user_is_on_the_ds_introduction_page_as_signed_in()&amp#27;[0m
  &amp#27;[32mAnd &amp#27;[0m&amp#27;[32mUser clicks on Get Started button from Tree panel&amp#27;[0m                 &amp#27;[90m# StepDefinitions.Tree.user_clicks_on_get_started_button_from_tree_panel()&amp#27;[0m
  &amp#27;[32mGiven &amp#27;[0m&amp#27;[32mThe user is on the Editor page of Types of Binary Trees page&amp#27;[0m    &amp#27;[90m# StepDefinitions.Tree.the_user_is_on_the_Editor_page_of_types_of_binary_trees_page()&amp#27;[0m
  &amp#27;[32mWhen &amp#27;[0m&amp#27;[32mThe user writes the invalid python code and clicks on Run button&amp#27;[0m &amp#27;[90m# StepDefinitions.Tree.the_user_writes_the_invalid_python_code_and_clicks_on_run_button()&amp#27;[0m
  &amp#27;[32mThen &amp#27;[0m&amp#27;[32mThe user see error msg in alert window&amp#27;[0m                           &amp#27;[90m# StepDefinitions.Tree.the_user_see_error_msg_in_alert_window()&amp#27;[0m
[INFO ] 2024-12-17 09:52:08.967 [TestNG-PoolService-2] Hooks - ======================  Test Execution is completed!! ======================
]]></system-out>
    <system-err><![CDATA[Dec 17, 2024 9:52:05 AM org.openqa.selenium.devtools.CdpVersionFinder findNearestMatch
WARNING: Unable to find an exact match for CDP version 131, returning the closest version; found: 130; Please update to a Selenium version that supports CDP version 131
]]></system-err>
  </testcase>
  <testcase name="runScenario[&quot;Try Here Editor page with invalid data&quot;, &quot;Tree&quot;](184)" classname="TestRunners.TestRunner" time="7.558">
    <system-out><![CDATA[
Scenario: Try Here Editor page with invalid data                        &amp#27;[90m# src/test/resources/Features/Tree.feature:213&amp#27;[0m
  &amp#27;[32mGiven &amp#27;[0m&amp#27;[32mThe user is on the DS Introduction page as signedIn&amp#27;[0m           &amp#27;[90m# StepDefinitions.DSIntroductionDetails.the_user_is_on_the_ds_introduction_page_as_signed_in()&amp#27;[0m
  &amp#27;[32mGiven &amp#27;[0m&amp#27;[32mThe user is on the DS Introduction page as signedIn&amp#27;[0m             &amp#27;[90m# StepDefinitions.DSIntroductionDetails.the_user_is_on_the_ds_introduction_page_as_signed_in()&amp#27;[0m
  &amp#27;[32mAnd &amp#27;[0m&amp#27;[32mUser clicks on Get Started button from Tree panel&amp#27;[0m               &amp#27;[90m# StepDefinitions.Tree.user_clicks_on_get_started_button_from_tree_panel()&amp#27;[0m
  &amp#27;[32mAnd &amp#27;[0m&amp#27;[32mUser clicks on Get Started button from Tree panel&amp#27;[0m                 &amp#27;[90m# StepDefinitions.Tree.user_clicks_on_get_started_button_from_tree_panel()&amp#27;[0m
  &amp#27;[32mGiven &amp#27;[0m&amp#27;[32mThe user is on the Editor page of Types of Binary Trees page&amp#27;[0m  &amp#27;[90m# StepDefinitions.Tree.the_user_is_on_the_Editor_page_of_types_of_binary_trees_page()&amp#27;[0m
  &amp#27;[32mGiven &amp#27;[0m&amp#27;[32mThe user is on the Editor page of Types of Binary Trees page&amp#27;[0m    &amp#27;[90m# StepDefinitions.Tree.the_user_is_on_the_Editor_page_of_types_of_binary_trees_page()&amp#27;[0m
  &amp#27;[32mWhen &amp#27;[0m&amp#27;[32mThe user writes the invalid python code and clicks on Run button&amp#27;[0m &amp#27;[90m# StepDefinitions.Tree.the_user_writes_the_invalid_python_code_and_clicks_on_run_button()&amp#27;[0m
  &amp#27;[32mThen &amp#27;[0m&amp#27;[32mThe user see error msg in alert window&amp#27;[0m                           &amp#27;[90m# StepDefinitions.Tree.the_user_see_error_msg_in_alert_window()&amp#27;[0m
[INFO ] 2024-12-17 10:22:49.800 [TestNG-PoolService-1] Hooks - ======================  Test Execution is completed!! ======================
]]></system-out>
    <system-err><![CDATA[Dec 17, 2024 10:22:45 AM org.openqa.selenium.devtools.CdpVersionFinder findNearestMatch
WARNING: Unable to find an exact match for CDP version 131, returning the closest version; found: 130; Please update to a Selenium version that supports CDP version 131
Dec 17, 2024 10:22:46 AM org.openqa.selenium.devtools.CdpVersionFinder findNearestMatch
WARNING: Unable to find an exact match for CDP version 131, returning the closest version; found: 130; Please update to a Selenium version that supports CDP version 131
]]></system-err>
  </testcase>
  <testcase name="runScenario[&quot;Types of Binary Trees&quot;, &quot;Tree&quot;](185)" classname="TestRunners.TestRunner" time="4.42">
    <system-out><![CDATA[
Scenario: Types of Binary Trees                                 &amp#27;[90m# src/test/resources/Features/Tree.feature:219&amp#27;[0m
  &amp#27;[32mGiven &amp#27;[0m&amp#27;[32mThe user is on the DS Introduction page as signedIn&amp#27;[0m     &amp#27;[90m# StepDefinitions.DSIntroductionDetails.the_user_is_on_the_ds_introduction_page_as_signed_in()&amp#27;[0m
  &amp#27;[32mAnd &amp#27;[0m&amp#27;[32mUser clicks on Get Started button from Tree panel&amp#27;[0m         &amp#27;[90m# StepDefinitions.Tree.user_clicks_on_get_started_button_from_tree_panel()&amp#27;[0m
  &amp#27;[32mGiven &amp#27;[0m&amp#27;[32mThe user is on the Types of Binary Trees page&amp#27;[0m           &amp#27;[90m# StepDefinitions.Tree.the_user_is_on_the_types_of_binary_trees_page()&amp#27;[0m
  &amp#27;[32mWhen &amp#27;[0m&amp#27;[32mThe user clicks Implementation in Python Trees link&amp#27;[0m      &amp#27;[90m# StepDefinitions.Tree.the_user_clicks_implementation_in_python_trees_link()&amp#27;[0m
  &amp#27;[32mThen &amp#27;[0m&amp#27;[32mThe user is redirected to Implementation in Python page.&amp#27;[0m &amp#27;[90m# StepDefinitions.Tree.the_user_is_redirected_to_implementation_in_python_page()&amp#27;[0m
[INFO ] 2024-12-17 09:52:13.328 [TestNG-PoolService-2] Hooks - ======================  Test Execution is completed!! ======================
]]></system-out>
    <system-err><![CDATA[Dec 17, 2024 9:52:10 AM org.openqa.selenium.devtools.CdpVersionFinder findNearestMatch
WARNING: Unable to find an exact match for CDP version 131, returning the closest version; found: 130; Please update to a Selenium version that supports CDP version 131
]]></system-err>
  </testcase>
  <testcase name="runScenario[&quot;Types of Binary Trees&quot;, &quot;Tree&quot;](185)" classname="TestRunners.TestRunner" time="6.587">
    <system-out><![CDATA[
Scenario: Types of Binary Trees                                 &amp#27;[90m# src/test/resources/Features/Tree.feature:219&amp#27;[0m
  &amp#27;[32mGiven &amp#27;[0m&amp#27;[32mThe user is on the DS Introduction page as signedIn&amp#27;[0m     &amp#27;[90m# StepDefinitions.DSIntroductionDetails.the_user_is_on_the_ds_introduction_page_as_signed_in()&amp#27;[0m
  &amp#27;[32mAnd &amp#27;[0m&amp#27;[32mUser clicks on Get Started button from Tree panel&amp#27;[0m         &amp#27;[90m# StepDefinitions.Tree.user_clicks_on_get_started_button_from_tree_panel()&amp#27;[0m
  &amp#27;[32mGiven &amp#27;[0m&amp#27;[32mThe user is on the Types of Binary Trees page&amp#27;[0m           &amp#27;[90m# StepDefinitions.Tree.the_user_is_on_the_types_of_binary_trees_page()&amp#27;[0m
  &amp#27;[32mWhen &amp#27;[0m&amp#27;[32mThe user clicks Implementation in Python Trees link&amp#27;[0m      &amp#27;[90m# StepDefinitions.Tree.the_user_clicks_implementation_in_python_trees_link()&amp#27;[0m
  &amp#27;[32mThen &amp#27;[0m&amp#27;[32mThe user is redirected to Implementation in Python page.&amp#27;[0m &amp#27;[90m# StepDefinitions.Tree.the_user_is_redirected_to_implementation_in_python_page()&amp#27;[0m
[INFO ] 2024-12-17 10:22:56.430 [TestNG-PoolService-1] Hooks - ======================  Test Execution is completed!! ======================
  &amp#27;[32mWhen &amp#27;[0m&amp#27;[32mThe user writes the valid python code and clicks on Run button&amp#27;[0m &amp#27;[90m# StepDefinitions.Tree.the_user_writes_the_valid_python_code_and_clicks_on_run_button()&amp#27;[0m
  &amp#27;[32mThen &amp#27;[0m&amp#27;[32mThe user is able to see the output inside the console.&amp#27;[0m         &amp#27;[90m# StepDefinitions.Tree.the_user_is_able_to_see_the_output_inside_the_console()&amp#27;[0m
[INFO ] 2024-12-17 10:22:57.471 [TestNG-PoolService-3] Hooks - ======================  Test Execution is completed!! ======================
]]></system-out>
    <system-err><![CDATA[Dec 17, 2024 10:22:53 AM org.openqa.selenium.devtools.CdpVersionFinder findNearestMatch
WARNING: Unable to find an exact match for CDP version 131, returning the closest version; found: 130; Please update to a Selenium version that supports CDP version 131
]]></system-err>
  </testcase>
  <testcase name="runScenario[&quot;Implementation in Python&quot;, &quot;Tree&quot;](186)" classname="TestRunners.TestRunner" time="4.326">
    <system-out><![CDATA[
Scenario: Implementation in Python                                   &amp#27;[90m# src/test/resources/Features/Tree.feature:226&amp#27;[0m
  &amp#27;[32mGiven &amp#27;[0m&amp#27;[32mThe user is on the DS Introduction page as signedIn&amp#27;[0m          &amp#27;[90m# StepDefinitions.DSIntroductionDetails.the_user_is_on_the_ds_introduction_page_as_signed_in()&amp#27;[0m
  &amp#27;[32mAnd &amp#27;[0m&amp#27;[32mUser clicks on Get Started button from Tree panel&amp#27;[0m              &amp#27;[90m# StepDefinitions.Tree.user_clicks_on_get_started_button_from_tree_panel()&amp#27;[0m
  &amp#27;[32mGiven &amp#27;[0m&amp#27;[32mThe user is on the Implementation in Python page&amp#27;[0m             &amp#27;[90m# StepDefinitions.Tree.the_user_is_on_the_implementation_in_python_page()&amp#27;[0m
  &amp#27;[32mWhen &amp#27;[0m&amp#27;[32mThe user clicks Try Here button&amp#27;[0m                               &amp#27;[90m# StepDefinitions.Tree.the_user_clicks_try_here_button()&amp#27;[0m
  &amp#27;[32mThen &amp#27;[0m&amp#27;[32mThe user is redirected to a page having Editor and run button&amp#27;[0m &amp#27;[90m# StepDefinitions.Tree.the_user_is_redirected_to_a_page_having_editor_and_run_button()&amp#27;[0m
[INFO ] 2024-12-17 09:52:17.742 [TestNG-PoolService-2] Hooks - ======================  Test Execution is completed!! ======================
]]></system-out>
    <system-err><![CDATA[Dec 17, 2024 9:52:14 AM org.openqa.selenium.devtools.CdpVersionFinder findNearestMatch
WARNING: Unable to find an exact match for CDP version 131, returning the closest version; found: 130; Please update to a Selenium version that supports CDP version 131
]]></system-err>
  </testcase>
  <testcase name="runScenario[&quot;Try Here Editor page with valid data&quot;, &quot;Tree&quot;](187)" classname="TestRunners.TestRunner" time="1.309">
    <system-out><![CDATA[
Scenario: Try Here Editor page with empty code                               &amp#27;[90m# src/test/resources/Features/Tree.feature:232&amp#27;[0m
  &amp#27;[32mWhen &amp#27;[0m&amp#27;[32mThe user writes the valid python code and clicks on Run button&amp#27;[0m &amp#27;[90m# StepDefinitions.Tree.the_user_writes_the_valid_python_code_and_clicks_on_run_button()&amp#27;[0m
  &amp#27;[32mThen &amp#27;[0m&amp#27;[32mThe user is able to see the output inside the console.&amp#27;[0m         &amp#27;[90m# StepDefinitions.Tree.the_user_is_able_to_see_the_output_inside_the_console()&amp#27;[0m
[INFO ] 2024-12-17 09:52:18.940 [TestNG-PoolService-3] Hooks - ======================  Test Execution is completed!! ======================
]]></system-out>
    <system-err><![CDATA[Dec 17, 2024 9:52:18 AM org.openqa.selenium.devtools.CdpVersionFinder findNearestMatch
WARNING: Unable to find an exact match for CDP version 131, returning the closest version; found: 130; Please update to a Selenium version that supports CDP version 131
]]></system-err>
  </testcase>
  <testcase name="runScenario[&quot;Try Here Editor page with empty code&quot;, &quot;Tree&quot;](188)" classname="TestRunners.TestRunner" time="3.869">
    <system-out><![CDATA[
Scenario: Try Here Editor page with valid data                          &amp#27;[90m# src/test/resources/Features/Tree.feature:238&amp#27;[0m
  &amp#27;[32mGiven &amp#27;[0m&amp#27;[32mThe user is on the DS Introduction page as signedIn&amp#27;[0m                  &amp#27;[90m# StepDefinitions.DSIntroductionDetails.the_user_is_on_the_ds_introduction_page_as_signed_in()&amp#27;[0m
  &amp#27;[32mAnd &amp#27;[0m&amp#27;[32mUser clicks on Get Started button from Tree panel&amp#27;[0m                      &amp#27;[90m# StepDefinitions.Tree.user_clicks_on_get_started_button_from_tree_panel()&amp#27;[0m
  &amp#27;[32mGiven &amp#27;[0m&amp#27;[32mThe user is on the DS Introduction page as signedIn&amp#27;[0m             &amp#27;[90m# StepDefinitions.DSIntroductionDetails.the_user_is_on_the_ds_introduction_page_as_signed_in()&amp#27;[0m
  &amp#27;[32mGiven &amp#27;[0m&amp#27;[32mThe user is on the editor page of Implementation in Python page&amp#27;[0m      &amp#27;[90m# StepDefinitions.Tree.the_user_is_on_the_editor_page_of_implementation_in_python_page()&amp#27;[0m
  &amp#27;[32mWhen &amp#27;[0m&amp#27;[32mThe user writes no code inside editor window and clicks on Run button&amp#27;[0m &amp#27;[90m# StepDefinitions.Tree.the_user_writes_no_code_inside_editor_window_and_clicks_on_run_button()&amp#27;[0m
  &amp#27;[32mAnd &amp#27;[0m&amp#27;[32mUser clicks on Get Started button from Tree panel&amp#27;[0m                 &amp#27;[90m# StepDefinitions.Tree.user_clicks_on_get_started_button_from_tree_panel()&amp#27;[0m
  &amp#27;[32mThen &amp#27;[0m&amp#27;[32mNothing happens to the Editor page and no error message is displayed&amp#27;[0m  &amp#27;[90m# StepDefinitions.Tree.nothing_happens_to_the_editor_page_and_no_error_message_is_displayed()&amp#27;[0m
[INFO ] 2024-12-17 09:52:22.889 [TestNG-PoolService-2] Hooks - ======================  Test Execution is completed!! ======================
]]></system-out>
    <system-err><![CDATA[Dec 17, 2024 9:52:20 AM org.openqa.selenium.devtools.CdpVersionFinder findNearestMatch
WARNING: Unable to find an exact match for CDP version 131, returning the closest version; found: 130; Please update to a Selenium version that supports CDP version 131
]]></system-err>
  </testcase>
  <testcase name="runScenario[&quot;Try Here Editor page with empty code&quot;, &quot;Tree&quot;](188)" classname="TestRunners.TestRunner" time="7.864">
    <system-out><![CDATA[
Scenario: Try Here Editor page with valid data                          &amp#27;[90m# src/test/resources/Features/Tree.feature:238&amp#27;[0m
  &amp#27;[32mGiven &amp#27;[0m&amp#27;[32mThe user is on the DS Introduction page as signedIn&amp#27;[0m                  &amp#27;[90m# StepDefinitions.DSIntroductionDetails.the_user_is_on_the_ds_introduction_page_as_signed_in()&amp#27;[0m
  &amp#27;[32mAnd &amp#27;[0m&amp#27;[32mUser clicks on Get Started button from Tree panel&amp#27;[0m                      &amp#27;[90m# StepDefinitions.Tree.user_clicks_on_get_started_button_from_tree_panel()&amp#27;[0m
  &amp#27;[32mGiven &amp#27;[0m&amp#27;[32mThe user is on the editor page of Implementation in Python page&amp#27;[0m      &amp#27;[90m# StepDefinitions.Tree.the_user_is_on_the_editor_page_of_implementation_in_python_page()&amp#27;[0m
  &amp#27;[32mGiven &amp#27;[0m&amp#27;[32mThe user is on the DS Introduction page as signedIn&amp#27;[0m             &amp#27;[90m# StepDefinitions.DSIntroductionDetails.the_user_is_on_the_ds_introduction_page_as_signed_in()&amp#27;[0m
  &amp#27;[32mWhen &amp#27;[0m&amp#27;[32mThe user writes no code inside editor window and clicks on Run button&amp#27;[0m &amp#27;[90m# StepDefinitions.Tree.the_user_writes_no_code_inside_editor_window_and_clicks_on_run_button()&amp#27;[0m
  &amp#27;[32mThen &amp#27;[0m&amp#27;[32mNothing happens to the Editor page and no error message is displayed&amp#27;[0m  &amp#27;[90m# StepDefinitions.Tree.nothing_happens_to_the_editor_page_and_no_error_message_is_displayed()&amp#27;[0m
[INFO ] 2024-12-17 10:08:37.766 [TestNG-PoolService-1] Hooks - ======================  Test Execution is completed!! ======================
  &amp#27;[32mAnd &amp#27;[0m&amp#27;[32mUser clicks on Get Started button from Tree panel&amp#27;[0m                 &amp#27;[90m# StepDefinitions.Tree.user_clicks_on_get_started_button_from_tree_panel()&amp#27;[0m
]]></system-out>
  </testcase>
  <testcase name="runScenario[&quot;Try Here Editor page with empty code&quot;, &quot;Tree&quot;](188)" classname="TestRunners.TestRunner" time="0.905">
    <system-out><![CDATA[
Scenario: Try Here Editor page with valid data                          &amp#27;[90m# src/test/resources/Features/Tree.feature:238&amp#27;[0m
]]></system-out>
  </testcase>
  <testcase name="runScenario[&quot;Try Here Editor page with invalid data&quot;, &quot;Tree&quot;](189)" classname="TestRunners.TestRunner" time="4.524">
    <system-out><![CDATA[
Scenario: Try Here Editor page with invalid data                        &amp#27;[90m# src/test/resources/Features/Tree.feature:244&amp#27;[0m
  &amp#27;[32mGiven &amp#27;[0m&amp#27;[32mThe user is on the editor page of Implementation in Python page&amp#27;[0m &amp#27;[90m# StepDefinitions.Tree.the_user_is_on_the_editor_page_of_implementation_in_python_page()&amp#27;[0m
  &amp#27;[32mGiven &amp#27;[0m&amp#27;[32mThe user is on the DS Introduction page as signedIn&amp#27;[0m             &amp#27;[90m# StepDefinitions.DSIntroductionDetails.the_user_is_on_the_ds_introduction_page_as_signed_in()&amp#27;[0m
  &amp#27;[32mAnd &amp#27;[0m&amp#27;[32mUser clicks on Get Started button from Tree panel&amp#27;[0m                 &amp#27;[90m# StepDefinitions.Tree.user_clicks_on_get_started_button_from_tree_panel()&amp#27;[0m
  &amp#27;[32mGiven &amp#27;[0m&amp#27;[32mThe user is on the editor page of Implementation in Python page&amp#27;[0m &amp#27;[90m# StepDefinitions.Tree.the_user_is_on_the_editor_page_of_implementation_in_python_page()&amp#27;[0m
  &amp#27;[32mWhen &amp#27;[0m&amp#27;[32mThe user writes the invalid python code and clicks on Run button&amp#27;[0m &amp#27;[90m# StepDefinitions.Tree.the_user_writes_the_invalid_python_code_and_clicks_on_run_button()&amp#27;[0m
  &amp#27;[32mThen &amp#27;[0m&amp#27;[32mThe user see error msg in alert window&amp#27;[0m                           &amp#27;[90m# StepDefinitions.Tree.the_user_see_error_msg_in_alert_window()&amp#27;[0m
[INFO ] 2024-12-17 09:52:27.472 [TestNG-PoolService-2] Hooks - ======================  Test Execution is completed!! ======================
]]></system-out>
    <system-err><![CDATA[Dec 17, 2024 9:52:24 AM org.openqa.selenium.devtools.CdpVersionFinder findNearestMatch
WARNING: Unable to find an exact match for CDP version 131, returning the closest version; found: 130; Please update to a Selenium version that supports CDP version 131
]]></system-err>
  </testcase>
  <testcase name="runScenario[&quot;Try Here Editor page with invalid data&quot;, &quot;Tree&quot;](189)" classname="TestRunners.TestRunner" time="7.467">
    <system-out><![CDATA[
Scenario: Try Here Editor page with invalid data                        &amp#27;[90m# src/test/resources/Features/Tree.feature:244&amp#27;[0m
  &amp#27;[32mGiven &amp#27;[0m&amp#27;[32mThe user is on the DS Introduction page as signedIn&amp#27;[0m             &amp#27;[90m# StepDefinitions.DSIntroductionDetails.the_user_is_on_the_ds_introduction_page_as_signed_in()&amp#27;[0m
  &amp#27;[32mAnd &amp#27;[0m&amp#27;[32mUser clicks on Get Started button from Tree panel&amp#27;[0m                 &amp#27;[90m# StepDefinitions.Tree.user_clicks_on_get_started_button_from_tree_panel()&amp#27;[0m
  &amp#27;[32mGiven &amp#27;[0m&amp#27;[32mThe user is on the DS Introduction page as signedIn&amp#27;[0m             &amp#27;[90m# StepDefinitions.DSIntroductionDetails.the_user_is_on_the_ds_introduction_page_as_signed_in()&amp#27;[0m
  &amp#27;[32mAnd &amp#27;[0m&amp#27;[32mUser clicks on Get Started button from Tree panel&amp#27;[0m                 &amp#27;[90m# StepDefinitions.Tree.user_clicks_on_get_started_button_from_tree_panel()&amp#27;[0m
  &amp#27;[32mGiven &amp#27;[0m&amp#27;[32mThe user is on the editor page of Implementation in Python page&amp#27;[0m &amp#27;[90m# StepDefinitions.Tree.the_user_is_on_the_editor_page_of_implementation_in_python_page()&amp#27;[0m
  &amp#27;[32mGiven &amp#27;[0m&amp#27;[32mThe user is on the editor page of Implementation in Python page&amp#27;[0m &amp#27;[90m# StepDefinitions.Tree.the_user_is_on_the_editor_page_of_implementation_in_python_page()&amp#27;[0m
  &amp#27;[32mWhen &amp#27;[0m&amp#27;[32mThe user writes the invalid python code and clicks on Run button&amp#27;[0m &amp#27;[90m# StepDefinitions.Tree.the_user_writes_the_invalid_python_code_and_clicks_on_run_button()&amp#27;[0m
  &amp#27;[32mThen &amp#27;[0m&amp#27;[32mThe user see error msg in alert window&amp#27;[0m                           &amp#27;[90m# StepDefinitions.Tree.the_user_see_error_msg_in_alert_window()&amp#27;[0m
[INFO ] 2024-12-17 10:23:12.330 [TestNG-PoolService-3] Hooks - ======================  Test Execution is completed!! ======================
]]></system-out>
    <system-err><![CDATA[Dec 17, 2024 10:23:07 AM org.openqa.selenium.devtools.CdpVersionFinder findNearestMatch
WARNING: Unable to find an exact match for CDP version 131, returning the closest version; found: 130; Please update to a Selenium version that supports CDP version 131
Dec 17, 2024 10:23:08 AM org.openqa.selenium.devtools.CdpVersionFinder findNearestMatch
WARNING: Unable to find an exact match for CDP version 131, returning the closest version; found: 130; Please update to a Selenium version that supports CDP version 131
]]></system-err>
  </testcase>
  <testcase name="runScenario[&quot;Implementation in Python&quot;, &quot;Tree&quot;](190)" classname="TestRunners.TestRunner" time="3.786">
    <system-out><![CDATA[
Scenario: Implementation in Python                            &amp#27;[90m# src/test/resources/Features/Tree.feature:250&amp#27;[0m
  &amp#27;[32mGiven &amp#27;[0m&amp#27;[32mThe user is on the DS Introduction page as signedIn&amp#27;[0m   &amp#27;[90m# StepDefinitions.DSIntroductionDetails.the_user_is_on_the_ds_introduction_page_as_signed_in()&amp#27;[0m
  &amp#27;[32mAnd &amp#27;[0m&amp#27;[32mUser clicks on Get Started button from Tree panel&amp#27;[0m       &amp#27;[90m# StepDefinitions.Tree.user_clicks_on_get_started_button_from_tree_panel()&amp#27;[0m
  &amp#27;[32mGiven &amp#27;[0m&amp#27;[32mThe user is on the Implementation in Python page&amp#27;[0m      &amp#27;[90m# StepDefinitions.Tree.the_user_is_on_the_implementation_in_python_page()&amp#27;[0m
  &amp#27;[32mWhen &amp#27;[0m&amp#27;[32mThe user clicks Binary Tree Traversals link&amp#27;[0m            &amp#27;[90m# StepDefinitions.Tree.the_user_clicks_binary_tree_traversals_link()&amp#27;[0m
  &amp#27;[32mThen &amp#27;[0m&amp#27;[32mThe user is redirected to Binary Tree Traversals page.&amp#27;[0m &amp#27;[90m# StepDefinitions.Tree.the_user_is_redirected_to_binary_tree_traversals_page()&amp#27;[0m
[INFO ] 2024-12-17 09:52:31.138 [TestNG-PoolService-2] Hooks - ======================  Test Execution is completed!! ======================
]]></system-out>
    <system-err><![CDATA[Dec 17, 2024 9:52:28 AM org.openqa.selenium.devtools.CdpVersionFinder findNearestMatch
WARNING: Unable to find an exact match for CDP version 131, returning the closest version; found: 130; Please update to a Selenium version that supports CDP version 131
]]></system-err>
  </testcase>
  <testcase name="runScenario[&quot;Implementation in Python&quot;, &quot;Tree&quot;](190)" classname="TestRunners.TestRunner" time="6.528">
    <system-out><![CDATA[
Scenario: Implementation in Python                            &amp#27;[90m# src/test/resources/Features/Tree.feature:250&amp#27;[0m
  &amp#27;[32mGiven &amp#27;[0m&amp#27;[32mThe user is on the DS Introduction page as signedIn&amp#27;[0m   &amp#27;[90m# StepDefinitions.DSIntroductionDetails.the_user_is_on_the_ds_introduction_page_as_signed_in()&amp#27;[0m
  &amp#27;[32mAnd &amp#27;[0m&amp#27;[32mUser clicks on Get Started button from Tree panel&amp#27;[0m       &amp#27;[90m# StepDefinitions.Tree.user_clicks_on_get_started_button_from_tree_panel()&amp#27;[0m
  &amp#27;[32mGiven &amp#27;[0m&amp#27;[32mThe user is on the Implementation in Python page&amp#27;[0m      &amp#27;[90m# StepDefinitions.Tree.the_user_is_on_the_implementation_in_python_page()&amp#27;[0m
  &amp#27;[32mWhen &amp#27;[0m&amp#27;[32mThe user clicks Binary Tree Traversals link&amp#27;[0m            &amp#27;[90m# StepDefinitions.Tree.the_user_clicks_binary_tree_traversals_link()&amp#27;[0m
  &amp#27;[32mThen &amp#27;[0m&amp#27;[32mThe user is redirected to Binary Tree Traversals page.&amp#27;[0m &amp#27;[90m# StepDefinitions.Tree.the_user_is_redirected_to_binary_tree_traversals_page()&amp#27;[0m
[INFO ] 2024-12-17 10:23:18.929 [TestNG-PoolService-3] Hooks - ======================  Test Execution is completed!! ======================
  &amp#27;[32mWhen &amp#27;[0m&amp#27;[32mThe user writes the valid python code and clicks on Run button&amp#27;[0m &amp#27;[90m# StepDefinitions.Tree.the_user_writes_the_valid_python_code_and_clicks_on_run_button()&amp#27;[0m
  &amp#27;[32mThen &amp#27;[0m&amp#27;[32mThe user is able to see the output inside the console.&amp#27;[0m         &amp#27;[90m# StepDefinitions.Tree.the_user_is_able_to_see_the_output_inside_the_console()&amp#27;[0m
[INFO ] 2024-12-17 10:23:19.630 [TestNG-PoolService-2] Hooks - ======================  Test Execution is completed!! ======================
]]></system-out>
    <system-err><![CDATA[Dec 17, 2024 10:23:16 AM org.openqa.selenium.devtools.CdpVersionFinder findNearestMatch
WARNING: Unable to find an exact match for CDP version 131, returning the closest version; found: 130; Please update to a Selenium version that supports CDP version 131
]]></system-err>
  </testcase>
  <testcase name="runScenario[&quot;Try Here Editor page with valid data&quot;, &quot;Tree&quot;](191)" classname="TestRunners.TestRunner" time="4.868">
    <system-out><![CDATA[
Scenario: Binary Tree Traversals                                     &amp#27;[90m# src/test/resources/Features/Tree.feature:257&amp#27;[0m
  &amp#27;[32mWhen &amp#27;[0m&amp#27;[32mThe user writes the valid python code and clicks on Run button&amp#27;[0m &amp#27;[90m# StepDefinitions.Tree.the_user_writes_the_valid_python_code_and_clicks_on_run_button()&amp#27;[0m
  &amp#27;[32mGiven &amp#27;[0m&amp#27;[32mThe user is on the DS Introduction page as signedIn&amp#27;[0m          &amp#27;[90m# StepDefinitions.DSIntroductionDetails.the_user_is_on_the_ds_introduction_page_as_signed_in()&amp#27;[0m
  &amp#27;[32mThen &amp#27;[0m&amp#27;[32mThe user is able to see the output inside the console.&amp#27;[0m         &amp#27;[90m# StepDefinitions.Tree.the_user_is_able_to_see_the_output_inside_the_console()&amp#27;[0m
[INFO ] 2024-12-17 09:52:35.749 [TestNG-PoolService-1] Hooks - ======================  Test Execution is completed!! ======================
  &amp#27;[32mAnd &amp#27;[0m&amp#27;[32mUser clicks on Get Started button from Tree panel&amp#27;[0m              &amp#27;[90m# StepDefinitions.Tree.user_clicks_on_get_started_button_from_tree_panel()&amp#27;[0m
]]></system-out>
    <system-err><![CDATA[Dec 17, 2024 9:52:32 AM org.openqa.selenium.devtools.CdpVersionFinder findNearestMatch
WARNING: Unable to find an exact match for CDP version 131, returning the closest version; found: 130; Please update to a Selenium version that supports CDP version 131
]]></system-err>
  </testcase>
  <testcase name="runScenario[&quot;Try Here Editor page with valid data&quot;, &quot;Tree&quot;](191)" classname="TestRunners.TestRunner" time="0.732">
    <system-out><![CDATA[
Scenario: Binary Tree Traversals                                     &amp#27;[90m# src/test/resources/Features/Tree.feature:257&amp#27;[0m
]]></system-out>
  </testcase>
  <testcase name="runScenario[&quot;Binary Tree Traversals&quot;, &quot;Tree&quot;](192)" classname="TestRunners.TestRunner" time="1.151">
    <system-out><![CDATA[
Scenario: Try Here Editor page with empty code                               &amp#27;[90m# src/test/resources/Features/Tree.feature:263&amp#27;[0m
  &amp#27;[32mGiven &amp#27;[0m&amp#27;[32mThe user is on the Binary Tree Traversals page&amp#27;[0m               &amp#27;[90m# StepDefinitions.Tree.the_user_is_on_the_binary_tree_traversals_page()&amp#27;[0m
  &amp#27;[32mWhen &amp#27;[0m&amp#27;[32mThe user clicks Try Here button&amp#27;[0m                               &amp#27;[90m# StepDefinitions.Tree.the_user_clicks_try_here_button()&amp#27;[0m
  &amp#27;[32mThen &amp#27;[0m&amp#27;[32mThe user is redirected to a page having Editor and run button&amp#27;[0m &amp#27;[90m# StepDefinitions.Tree.the_user_is_redirected_to_a_page_having_editor_and_run_button()&amp#27;[0m
[INFO ] 2024-12-17 09:52:37.195 [TestNG-PoolService-2] Hooks - ======================  Test Execution is completed!! ======================
]]></system-out>
    <system-err><![CDATA[Dec 17, 2024 9:52:37 AM org.openqa.selenium.devtools.CdpVersionFinder findNearestMatch
WARNING: Unable to find an exact match for CDP version 131, returning the closest version; found: 130; Please update to a Selenium version that supports CDP version 131
]]></system-err>
  </testcase>
  <testcase name="runScenario[&quot;Binary Tree Traversals&quot;, &quot;Tree&quot;](192)" classname="TestRunners.TestRunner" time="1.835">
    <system-out><![CDATA[
Scenario: Try Here Editor page with empty code                               &amp#27;[90m# src/test/resources/Features/Tree.feature:263&amp#27;[0m
  &amp#27;[32mWhen &amp#27;[0m&amp#27;[32mThe user clicks Try Here button&amp#27;[0m                               &amp#27;[90m# StepDefinitions.Tree.the_user_clicks_try_here_button()&amp#27;[0m
  &amp#27;[32mThen &amp#27;[0m&amp#27;[32mThe user is redirected to a page having Editor and run button&amp#27;[0m &amp#27;[90m# StepDefinitions.Tree.the_user_is_redirected_to_a_page_having_editor_and_run_button()&amp#27;[0m
[INFO ] 2024-12-17 10:08:56.023 [TestNG-PoolService-1] Hooks - ======================  Test Execution is completed!! ======================
]]></system-out>
  </testcase>
  <testcase name="runScenario[&quot;Binary Tree Traversals&quot;, &quot;Tree&quot;](192)" classname="TestRunners.TestRunner" time="6.827">
    <system-out><![CDATA[
Scenario: Try Here Editor page with empty code                               &amp#27;[90m# src/test/resources/Features/Tree.feature:263&amp#27;[0m
  &amp#27;[32mGiven &amp#27;[0m&amp#27;[32mThe user is on the DS Introduction page as signedIn&amp#27;[0m          &amp#27;[90m# StepDefinitions.DSIntroductionDetails.the_user_is_on_the_ds_introduction_page_as_signed_in()&amp#27;[0m
  &amp#27;[32mAnd &amp#27;[0m&amp#27;[32mUser clicks on Get Started button from Tree panel&amp#27;[0m              &amp#27;[90m# StepDefinitions.Tree.user_clicks_on_get_started_button_from_tree_panel()&amp#27;[0m
  &amp#27;[32mGiven &amp#27;[0m&amp#27;[32mThe user is on the Binary Tree Traversals page&amp#27;[0m               &amp#27;[90m# StepDefinitions.Tree.the_user_is_on_the_binary_tree_traversals_page()&amp#27;[0m
  &amp#27;[32mGiven &amp#27;[0m&amp#27;[32mThe user is on the DS Introduction page as signedIn&amp#27;[0m                  &amp#27;[90m# StepDefinitions.DSIntroductionDetails.the_user_is_on_the_ds_introduction_page_as_signed_in()&amp#27;[0m
  &amp#27;[32mWhen &amp#27;[0m&amp#27;[32mThe user clicks Try Here button&amp#27;[0m                               &amp#27;[90m# StepDefinitions.Tree.the_user_clicks_try_here_button()&amp#27;[0m
  &amp#27;[32mThen &amp#27;[0m&amp#27;[32mThe user is redirected to a page having Editor and run button&amp#27;[0m &amp#27;[90m# StepDefinitions.Tree.the_user_is_redirected_to_a_page_having_editor_and_run_button()&amp#27;[0m
[INFO ] 2024-12-17 10:23:26.113 [TestNG-PoolService-3] Hooks - ======================  Test Execution is completed!! ======================
  &amp#27;[32mAnd &amp#27;[0m&amp#27;[32mUser clicks on Get Started button from Tree panel&amp#27;[0m                      &amp#27;[90m# StepDefinitions.Tree.user_clicks_on_get_started_button_from_tree_panel()&amp#27;[0m
  &amp#27;[32mGiven &amp#27;[0m&amp#27;[32mThe user is on the editor page of Binary Tree Traversals page&amp#27;[0m        &amp#27;[90m# StepDefinitions.Tree.the_user_is_on_the_editor_page_of_binary_tree_traversals_page()&amp#27;[0m
  &amp#27;[32mWhen &amp#27;[0m&amp#27;[32mThe user writes no code inside editor window and clicks on Run button&amp#27;[0m &amp#27;[90m# StepDefinitions.Tree.the_user_writes_no_code_inside_editor_window_and_clicks_on_run_button()&amp#27;[0m
  &amp#27;[32mThen &amp#27;[0m&amp#27;[32mNothing happens to the Editor page and no error message is displayed&amp#27;[0m  &amp#27;[90m# StepDefinitions.Tree.nothing_happens_to_the_editor_page_and_no_error_message_is_displayed()&amp#27;[0m
[INFO ] 2024-12-17 10:23:27.508 [TestNG-PoolService-2] Hooks - ======================  Test Execution is completed!! ======================
]]></system-out>
    <system-err><![CDATA[Dec 17, 2024 10:23:22 AM org.openqa.selenium.devtools.CdpVersionFinder findNearestMatch
WARNING: Unable to find an exact match for CDP version 131, returning the closest version; found: 130; Please update to a Selenium version that supports CDP version 131
Dec 17, 2024 10:23:23 AM org.openqa.selenium.devtools.CdpVersionFinder findNearestMatch
WARNING: Unable to find an exact match for CDP version 131, returning the closest version; found: 130; Please update to a Selenium version that supports CDP version 131
]]></system-err>
  </testcase>
  <testcase name="runScenario[&quot;Try Here Editor page with empty code&quot;, &quot;Tree&quot;](193)" classname="TestRunners.TestRunner" time="3.892">
    <system-out><![CDATA[
Scenario: Try Here Editor page with valid data                        &amp#27;[90m# src/test/resources/Features/Tree.feature:269&amp#27;[0m
  &amp#27;[32mGiven &amp#27;[0m&amp#27;[32mThe user is on the DS Introduction page as signedIn&amp#27;[0m                  &amp#27;[90m# StepDefinitions.DSIntroductionDetails.the_user_is_on_the_ds_introduction_page_as_signed_in()&amp#27;[0m
  &amp#27;[32mAnd &amp#27;[0m&amp#27;[32mUser clicks on Get Started button from Tree panel&amp#27;[0m                      &amp#27;[90m# StepDefinitions.Tree.user_clicks_on_get_started_button_from_tree_panel()&amp#27;[0m
  &amp#27;[32mGiven &amp#27;[0m&amp#27;[32mThe user is on the DS Introduction page as signedIn&amp#27;[0m           &amp#27;[90m# StepDefinitions.DSIntroductionDetails.the_user_is_on_the_ds_introduction_page_as_signed_in()&amp#27;[0m
  &amp#27;[32mGiven &amp#27;[0m&amp#27;[32mThe user is on the editor page of Binary Tree Traversals page&amp#27;[0m        &amp#27;[90m# StepDefinitions.Tree.the_user_is_on_the_editor_page_of_binary_tree_traversals_page()&amp#27;[0m
  &amp#27;[32mAnd &amp#27;[0m&amp#27;[32mUser clicks on Get Started button from Tree panel&amp#27;[0m               &amp#27;[90m# StepDefinitions.Tree.user_clicks_on_get_started_button_from_tree_panel()&amp#27;[0m
  &amp#27;[32mWhen &amp#27;[0m&amp#27;[32mThe user writes no code inside editor window and clicks on Run button&amp#27;[0m &amp#27;[90m# StepDefinitions.Tree.the_user_writes_no_code_inside_editor_window_and_clicks_on_run_button()&amp#27;[0m
  &amp#27;[32mThen &amp#27;[0m&amp#27;[32mNothing happens to the Editor page and no error message is displayed&amp#27;[0m  &amp#27;[90m# StepDefinitions.Tree.nothing_happens_to_the_editor_page_and_no_error_message_is_displayed()&amp#27;[0m
[INFO ] 2024-12-17 09:52:41.142 [TestNG-PoolService-1] Hooks - ======================  Test Execution is completed!! ======================
]]></system-out>
    <system-err><![CDATA[Dec 17, 2024 9:52:38 AM org.openqa.selenium.devtools.CdpVersionFinder findNearestMatch
WARNING: Unable to find an exact match for CDP version 131, returning the closest version; found: 130; Please update to a Selenium version that supports CDP version 131
]]></system-err>
  </testcase>
  <testcase name="runScenario[&quot;Try Here Editor page with empty code&quot;, &quot;Tree&quot;](193)" classname="TestRunners.TestRunner" time="8.634">
    <system-out><![CDATA[
Scenario: Try Here Editor page with valid data                        &amp#27;[90m# src/test/resources/Features/Tree.feature:269&amp#27;[0m
  &amp#27;[32mGiven &amp#27;[0m&amp#27;[32mThe user is on the DS Introduction page as signedIn&amp#27;[0m                  &amp#27;[90m# StepDefinitions.DSIntroductionDetails.the_user_is_on_the_ds_introduction_page_as_signed_in()&amp#27;[0m
  &amp#27;[32mAnd &amp#27;[0m&amp#27;[32mUser clicks on Get Started button from Tree panel&amp#27;[0m                      &amp#27;[90m# StepDefinitions.Tree.user_clicks_on_get_started_button_from_tree_panel()&amp#27;[0m
  &amp#27;[32mGiven &amp#27;[0m&amp#27;[32mThe user is on the editor page of Binary Tree Traversals page&amp#27;[0m        &amp#27;[90m# StepDefinitions.Tree.the_user_is_on_the_editor_page_of_binary_tree_traversals_page()&amp#27;[0m
  &amp#27;[32mGiven &amp#27;[0m&amp#27;[32mThe user is on the DS Introduction page as signedIn&amp#27;[0m           &amp#27;[90m# StepDefinitions.DSIntroductionDetails.the_user_is_on_the_ds_introduction_page_as_signed_in()&amp#27;[0m
  &amp#27;[32mWhen &amp#27;[0m&amp#27;[32mThe user writes no code inside editor window and clicks on Run button&amp#27;[0m &amp#27;[90m# StepDefinitions.Tree.the_user_writes_no_code_inside_editor_window_and_clicks_on_run_button()&amp#27;[0m
  &amp#27;[32mThen &amp#27;[0m&amp#27;[32mNothing happens to the Editor page and no error message is displayed&amp#27;[0m  &amp#27;[90m# StepDefinitions.Tree.nothing_happens_to_the_editor_page_and_no_error_message_is_displayed()&amp#27;[0m
[INFO ] 2024-12-17 10:09:04.509 [TestNG-PoolService-3] Hooks - ======================  Test Execution is completed!! ======================
  &amp#27;[32mAnd &amp#27;[0m&amp#27;[32mUser clicks on Get Started button from Tree panel&amp#27;[0m               &amp#27;[90m# StepDefinitions.Tree.user_clicks_on_get_started_button_from_tree_panel()&amp#27;[0m
]]></system-out>
  </testcase>
  <testcase name="runScenario[&quot;Try Here Editor page with empty code&quot;, &quot;Tree&quot;](193)" classname="TestRunners.TestRunner" time="1.234">
    <system-out><![CDATA[
Scenario: Try Here Editor page with valid data                        &amp#27;[90m# src/test/resources/Features/Tree.feature:269&amp#27;[0m
]]></system-out>
  </testcase>
  <testcase name="runScenario[&quot;Try Here Editor page with invalid data&quot;, &quot;Tree&quot;](194)" classname="TestRunners.TestRunner" time="4.418">
    <system-out><![CDATA[
Scenario: Try Here Editor page with invalid data                        &amp#27;[90m# src/test/resources/Features/Tree.feature:275&amp#27;[0m
  &amp#27;[32mGiven &amp#27;[0m&amp#27;[32mThe user is on the editor page of Binary Tree Traversals page&amp#27;[0m &amp#27;[90m# StepDefinitions.Tree.the_user_is_on_the_editor_page_of_binary_tree_traversals_page()&amp#27;[0m
  &amp#27;[32mGiven &amp#27;[0m&amp#27;[32mThe user is on the DS Introduction page as signedIn&amp#27;[0m             &amp#27;[90m# StepDefinitions.DSIntroductionDetails.the_user_is_on_the_ds_introduction_page_as_signed_in()&amp#27;[0m
  &amp#27;[32mAnd &amp#27;[0m&amp#27;[32mUser clicks on Get Started button from Tree panel&amp#27;[0m                 &amp#27;[90m# StepDefinitions.Tree.user_clicks_on_get_started_button_from_tree_panel()&amp#27;[0m
  &amp#27;[32mGiven &amp#27;[0m&amp#27;[32mThe user is on the editor page of Binary Tree Traversals page&amp#27;[0m   &amp#27;[90m# StepDefinitions.Tree.the_user_is_on_the_editor_page_of_binary_tree_traversals_page()&amp#27;[0m
  &amp#27;[32mWhen &amp#27;[0m&amp#27;[32mThe user writes the invalid python code and clicks on Run button&amp#27;[0m &amp#27;[90m# StepDefinitions.Tree.the_user_writes_the_invalid_python_code_and_clicks_on_run_button()&amp#27;[0m
  &amp#27;[32mThen &amp#27;[0m&amp#27;[32mThe user see error msg in alert window&amp#27;[0m                           &amp#27;[90m# StepDefinitions.Tree.the_user_see_error_msg_in_alert_window()&amp#27;[0m
[INFO ] 2024-12-17 09:52:45.570 [TestNG-PoolService-1] Hooks - ======================  Test Execution is completed!! ======================
]]></system-out>
    <system-err><![CDATA[Dec 17, 2024 9:52:42 AM org.openqa.selenium.devtools.CdpVersionFinder findNearestMatch
WARNING: Unable to find an exact match for CDP version 131, returning the closest version; found: 130; Please update to a Selenium version that supports CDP version 131
]]></system-err>
  </testcase>
  <testcase name="runScenario[&quot;Try Here Editor page with invalid data&quot;, &quot;Tree&quot;](194)" classname="TestRunners.TestRunner" time="8.28">
    <system-out><![CDATA[
Scenario: Try Here Editor page with invalid data                        &amp#27;[90m# src/test/resources/Features/Tree.feature:275&amp#27;[0m
  &amp#27;[32mGiven &amp#27;[0m&amp#27;[32mThe user is on the DS Introduction page as signedIn&amp#27;[0m           &amp#27;[90m# StepDefinitions.DSIntroductionDetails.the_user_is_on_the_ds_introduction_page_as_signed_in()&amp#27;[0m
  &amp#27;[32mAnd &amp#27;[0m&amp#27;[32mUser clicks on Get Started button from Tree panel&amp#27;[0m               &amp#27;[90m# StepDefinitions.Tree.user_clicks_on_get_started_button_from_tree_panel()&amp#27;[0m
  &amp#27;[32mGiven &amp#27;[0m&amp#27;[32mThe user is on the DS Introduction page as signedIn&amp#27;[0m             &amp#27;[90m# StepDefinitions.DSIntroductionDetails.the_user_is_on_the_ds_introduction_page_as_signed_in()&amp#27;[0m
  &amp#27;[32mAnd &amp#27;[0m&amp#27;[32mUser clicks on Get Started button from Tree panel&amp#27;[0m                 &amp#27;[90m# StepDefinitions.Tree.user_clicks_on_get_started_button_from_tree_panel()&amp#27;[0m
  &amp#27;[32mGiven &amp#27;[0m&amp#27;[32mThe user is on the editor page of Binary Tree Traversals page&amp#27;[0m &amp#27;[90m# StepDefinitions.Tree.the_user_is_on_the_editor_page_of_binary_tree_traversals_page()&amp#27;[0m
  &amp#27;[32mGiven &amp#27;[0m&amp#27;[32mThe user is on the editor page of Binary Tree Traversals page&amp#27;[0m   &amp#27;[90m# StepDefinitions.Tree.the_user_is_on_the_editor_page_of_binary_tree_traversals_page()&amp#27;[0m
  &amp#27;[32mWhen &amp#27;[0m&amp#27;[32mThe user writes the invalid python code and clicks on Run button&amp#27;[0m &amp#27;[90m# StepDefinitions.Tree.the_user_writes_the_invalid_python_code_and_clicks_on_run_button()&amp#27;[0m
  &amp#27;[32mThen &amp#27;[0m&amp#27;[32mThe user see error msg in alert window&amp#27;[0m                           &amp#27;[90m# StepDefinitions.Tree.the_user_see_error_msg_in_alert_window()&amp#27;[0m
[INFO ] 2024-12-17 10:23:35.887 [TestNG-PoolService-2] Hooks - ======================  Test Execution is completed!! ======================
]]></system-out>
    <system-err><![CDATA[Dec 17, 2024 10:23:30 AM org.openqa.selenium.devtools.CdpVersionFinder findNearestMatch
WARNING: Unable to find an exact match for CDP version 131, returning the closest version; found: 130; Please update to a Selenium version that supports CDP version 131
Dec 17, 2024 10:23:32 AM org.openqa.selenium.devtools.CdpVersionFinder findNearestMatch
WARNING: Unable to find an exact match for CDP version 131, returning the closest version; found: 130; Please update to a Selenium version that supports CDP version 131
]]></system-err>
  </testcase>
  <testcase name="runScenario[&quot;Binary Tree Traversals&quot;, &quot;Tree&quot;](195)" classname="TestRunners.TestRunner" time="3.742">
    <system-out><![CDATA[
Scenario: Binary Tree Traversals                                      &amp#27;[90m# src/test/resources/Features/Tree.feature:281&amp#27;[0m
  &amp#27;[32mGiven &amp#27;[0m&amp#27;[32mThe user is on the DS Introduction page as signedIn&amp#27;[0m           &amp#27;[90m# StepDefinitions.DSIntroductionDetails.the_user_is_on_the_ds_introduction_page_as_signed_in()&amp#27;[0m
  &amp#27;[32mAnd &amp#27;[0m&amp#27;[32mUser clicks on Get Started button from Tree panel&amp#27;[0m               &amp#27;[90m# StepDefinitions.Tree.user_clicks_on_get_started_button_from_tree_panel()&amp#27;[0m
  &amp#27;[32mGiven &amp#27;[0m&amp#27;[32mThe user is on the Binary Tree Traversals page&amp#27;[0m                &amp#27;[90m# StepDefinitions.Tree.the_user_is_on_the_binary_tree_traversals_page()&amp#27;[0m
  &amp#27;[32mWhen &amp#27;[0m&amp#27;[32mThe user clicks Implementation of Binary Trees button&amp#27;[0m          &amp#27;[90m# StepDefinitions.Tree.the_user_clicks_implementation_of_binary_trees_button()&amp#27;[0m
  &amp#27;[32mThen &amp#27;[0m&amp#27;[32mThe user is redirected to Implementation of Binary Trees page.&amp#27;[0m &amp#27;[90m# StepDefinitions.Tree.the_user_is_redirected_to_implementation_of_binary_trees_page()&amp#27;[0m
[INFO ] 2024-12-17 09:52:49.241 [TestNG-PoolService-1] Hooks - ======================  Test Execution is completed!! ======================
]]></system-out>
    <system-err><![CDATA[Dec 17, 2024 9:52:46 AM org.openqa.selenium.devtools.CdpVersionFinder findNearestMatch
WARNING: Unable to find an exact match for CDP version 131, returning the closest version; found: 130; Please update to a Selenium version that supports CDP version 131
]]></system-err>
  </testcase>
  <testcase name="runScenario[&quot;Implementation of Binary Trees&quot;, &quot;Tree&quot;](196)" classname="TestRunners.TestRunner" time="4.257">
    <system-out><![CDATA[
Scenario: Implementation of Binary Trees                             &amp#27;[90m# src/test/resources/Features/Tree.feature:288&amp#27;[0m
  &amp#27;[32mGiven &amp#27;[0m&amp#27;[32mThe user is on the DS Introduction page as signedIn&amp#27;[0m          &amp#27;[90m# StepDefinitions.DSIntroductionDetails.the_user_is_on_the_ds_introduction_page_as_signed_in()&amp#27;[0m
  &amp#27;[32mAnd &amp#27;[0m&amp#27;[32mUser clicks on Get Started button from Tree panel&amp#27;[0m              &amp#27;[90m# StepDefinitions.Tree.user_clicks_on_get_started_button_from_tree_panel()&amp#27;[0m
  &amp#27;[32mGiven &amp#27;[0m&amp#27;[32mThe user is on the Implementation of Binary Trees page&amp#27;[0m       &amp#27;[90m# StepDefinitions.Tree.the_user_is_on_the_implementation_of_binary_trees_page()&amp#27;[0m
  &amp#27;[32mWhen &amp#27;[0m&amp#27;[32mThe user clicks Try Here button&amp#27;[0m                               &amp#27;[90m# StepDefinitions.Tree.the_user_clicks_try_here_button()&amp#27;[0m
  &amp#27;[32mThen &amp#27;[0m&amp#27;[32mThe user is redirected to a page having Editor and run button&amp#27;[0m &amp#27;[90m# StepDefinitions.Tree.the_user_is_redirected_to_a_page_having_editor_and_run_button()&amp#27;[0m
[INFO ] 2024-12-17 09:52:53.584 [TestNG-PoolService-1] Hooks - ======================  Test Execution is completed!! ======================
]]></system-out>
    <system-err><![CDATA[Dec 17, 2024 9:52:50 AM org.openqa.selenium.devtools.CdpVersionFinder findNearestMatch
WARNING: Unable to find an exact match for CDP version 131, returning the closest version; found: 130; Please update to a Selenium version that supports CDP version 131
]]></system-err>
  </testcase>
  <testcase name="runScenario[&quot;Try Here Editor page with valid data&quot;, &quot;Tree&quot;](197)" classname="TestRunners.TestRunner" time="0.921">
    <system-out><![CDATA[
Scenario: Try Here Editor page with empty code                                &amp#27;[90m# src/test/resources/Features/Tree.feature:294&amp#27;[0m
  &amp#27;[32mWhen &amp#27;[0m&amp#27;[32mThe user writes the valid python code and clicks on Run button&amp#27;[0m   &amp#27;[90m# StepDefinitions.Tree.the_user_writes_the_valid_python_code_and_clicks_on_run_button()&amp#27;[0m
  &amp#27;[32mThen &amp#27;[0m&amp#27;[32mThe user is able to see the output inside the console.&amp#27;[0m           &amp#27;[90m# StepDefinitions.Tree.the_user_is_able_to_see_the_output_inside_the_console()&amp#27;[0m
[INFO ] 2024-12-17 09:52:54.417 [TestNG-PoolService-3] Hooks - ======================  Test Execution is completed!! ======================
]]></system-out>
  </testcase>
  <testcase name="runScenario[&quot;Try Here Editor page with empty code&quot;, &quot;Tree&quot;](198)" classname="TestRunners.TestRunner" time="3.885">
    <system-out><![CDATA[
Scenario: Try Here Editor page with valid data                                &amp#27;[90m# src/test/resources/Features/Tree.feature:300&amp#27;[0m
  &amp#27;[32mGiven &amp#27;[0m&amp#27;[32mThe user is on the DS Introduction page as signedIn&amp#27;[0m                   &amp#27;[90m# StepDefinitions.DSIntroductionDetails.the_user_is_on_the_ds_introduction_page_as_signed_in()&amp#27;[0m
  &amp#27;[32mAnd &amp#27;[0m&amp#27;[32mUser clicks on Get Started button from Tree panel&amp#27;[0m                       &amp#27;[90m# StepDefinitions.Tree.user_clicks_on_get_started_button_from_tree_panel()&amp#27;[0m
  &amp#27;[32mGiven &amp#27;[0m&amp#27;[32mThe user is on the DS Introduction page as signedIn&amp#27;[0m                   &amp#27;[90m# StepDefinitions.DSIntroductionDetails.the_user_is_on_the_ds_introduction_page_as_signed_in()&amp#27;[0m
  &amp#27;[32mGiven &amp#27;[0m&amp#27;[32mThe user is on the editor page of Implementation of Binary Trees page&amp#27;[0m &amp#27;[90m# StepDefinitions.Tree.the_user_is_on_the_editor_page_of_implementation_of_binary_trees_page()&amp#27;[0m
  &amp#27;[32mWhen &amp#27;[0m&amp#27;[32mThe user writes no code inside editor window and clicks on Run button&amp#27;[0m  &amp#27;[90m# StepDefinitions.Tree.the_user_writes_no_code_inside_editor_window_and_clicks_on_run_button()&amp#27;[0m
  &amp#27;[32mThen &amp#27;[0m&amp#27;[32mNothing happens to the Editor page and no error message is displayed&amp#27;[0m   &amp#27;[90m# StepDefinitions.Tree.nothing_happens_to_the_editor_page_and_no_error_message_is_displayed()&amp#27;[0m
[INFO ] 2024-12-17 09:52:58.377 [TestNG-PoolService-1] Hooks - ======================  Test Execution is completed!! ======================
  &amp#27;[32mAnd &amp#27;[0m&amp#27;[32mUser clicks on Get Started button from Tree panel&amp#27;[0m                       &amp#27;[90m# StepDefinitions.Tree.user_clicks_on_get_started_button_from_tree_panel()&amp#27;[0m
]]></system-out>
    <system-err><![CDATA[Dec 17, 2024 9:52:54 AM org.openqa.selenium.devtools.CdpVersionFinder findNearestMatch
WARNING: Unable to find an exact match for CDP version 131, returning the closest version; found: 130; Please update to a Selenium version that supports CDP version 131
Dec 17, 2024 9:52:55 AM org.openqa.selenium.devtools.CdpVersionFinder findNearestMatch
WARNING: Unable to find an exact match for CDP version 131, returning the closest version; found: 130; Please update to a Selenium version that supports CDP version 131
]]></system-err>
  </testcase>
  <testcase name="runScenario[&quot;Try Here Editor page with empty code&quot;, &quot;Tree&quot;](198)" classname="TestRunners.TestRunner" time="5.178">
    <system-out><![CDATA[
Scenario: Try Here Editor page with valid data                                &amp#27;[90m# src/test/resources/Features/Tree.feature:300&amp#27;[0m
  &amp#27;[32mGiven &amp#27;[0m&amp#27;[32mThe user is on the DS Introduction page as signedIn&amp#27;[0m                   &amp#27;[90m# StepDefinitions.DSIntroductionDetails.the_user_is_on_the_ds_introduction_page_as_signed_in()&amp#27;[0m
  &amp#27;[32mAnd &amp#27;[0m&amp#27;[32mUser clicks on Get Started button from Tree panel&amp#27;[0m                       &amp#27;[90m# StepDefinitions.Tree.user_clicks_on_get_started_button_from_tree_panel()&amp#27;[0m
  &amp#27;[32mGiven &amp#27;[0m&amp#27;[32mThe user is on the editor page of Implementation of Binary Trees page&amp#27;[0m &amp#27;[90m# StepDefinitions.Tree.the_user_is_on_the_editor_page_of_implementation_of_binary_trees_page()&amp#27;[0m
  &amp#27;[32mWhen &amp#27;[0m&amp#27;[32mThe user writes no code inside editor window and clicks on Run button&amp#27;[0m  &amp#27;[90m# StepDefinitions.Tree.the_user_writes_no_code_inside_editor_window_and_clicks_on_run_button()&amp#27;[0m
  &amp#27;[32mThen &amp#27;[0m&amp#27;[32mNothing happens to the Editor page and no error message is displayed&amp#27;[0m   &amp#27;[90m# StepDefinitions.Tree.nothing_happens_to_the_editor_page_and_no_error_message_is_displayed()&amp#27;[0m
[INFO ] 2024-12-17 10:09:28.961 [TestNG-PoolService-2] Hooks - ======================  Test Execution is completed!! ======================
]]></system-out>
  </testcase>
  <testcase name="runScenario[&quot;Try Here Editor page with empty code&quot;, &quot;Tree&quot;](198)" classname="TestRunners.TestRunner" time="0.86">
    <system-out><![CDATA[
Scenario: Try Here Editor page with valid data                                &amp#27;[90m# src/test/resources/Features/Tree.feature:300&amp#27;[0m
]]></system-out>
  </testcase>
  <testcase name="runScenario[&quot;Try Here Editor page with invalid data&quot;, &quot;Tree&quot;](199)" classname="TestRunners.TestRunner" time="4.408">
    <system-out><![CDATA[
Scenario: Try Here Editor page with invalid data                              &amp#27;[90m# src/test/resources/Features/Tree.feature:306&amp#27;[0m
  &amp#27;[32mGiven &amp#27;[0m&amp#27;[32mThe user is on the editor page of Implementation of Binary Trees page&amp#27;[0m &amp#27;[90m# StepDefinitions.Tree.the_user_is_on_the_editor_page_of_implementation_of_binary_trees_page()&amp#27;[0m
  &amp#27;[32mGiven &amp#27;[0m&amp#27;[32mThe user is on the DS Introduction page as signedIn&amp#27;[0m                   &amp#27;[90m# StepDefinitions.DSIntroductionDetails.the_user_is_on_the_ds_introduction_page_as_signed_in()&amp#27;[0m
  &amp#27;[32mAnd &amp#27;[0m&amp#27;[32mUser clicks on Get Started button from Tree panel&amp#27;[0m                       &amp#27;[90m# StepDefinitions.Tree.user_clicks_on_get_started_button_from_tree_panel()&amp#27;[0m
  &amp#27;[32mGiven &amp#27;[0m&amp#27;[32mThe user is on the editor page of Implementation of Binary Trees page&amp#27;[0m &amp#27;[90m# StepDefinitions.Tree.the_user_is_on_the_editor_page_of_implementation_of_binary_trees_page()&amp#27;[0m
  &amp#27;[32mWhen &amp#27;[0m&amp#27;[32mThe user writes the invalid python code and clicks on Run button&amp#27;[0m       &amp#27;[90m# StepDefinitions.Tree.the_user_writes_the_invalid_python_code_and_clicks_on_run_button()&amp#27;[0m
  &amp#27;[32mThen &amp#27;[0m&amp#27;[32mThe user see error msg in alert window&amp#27;[0m                                 &amp#27;[90m# StepDefinitions.Tree.the_user_see_error_msg_in_alert_window()&amp#27;[0m
[INFO ] 2024-12-17 09:53:02.818 [TestNG-PoolService-1] Hooks - ======================  Test Execution is completed!! ======================
]]></system-out>
    <system-err><![CDATA[Dec 17, 2024 9:52:59 AM org.openqa.selenium.devtools.CdpVersionFinder findNearestMatch
WARNING: Unable to find an exact match for CDP version 131, returning the closest version; found: 130; Please update to a Selenium version that supports CDP version 131
]]></system-err>
  </testcase>
  <testcase name="runScenario[&quot;Try Here Editor page with invalid data&quot;, &quot;Tree&quot;](199)" classname="TestRunners.TestRunner" time="7.643">
    <system-out><![CDATA[
Scenario: Try Here Editor page with invalid data                              &amp#27;[90m# src/test/resources/Features/Tree.feature:306&amp#27;[0m
  &amp#27;[32mGiven &amp#27;[0m&amp#27;[32mThe user is on the DS Introduction page as signedIn&amp#27;[0m                   &amp#27;[90m# StepDefinitions.DSIntroductionDetails.the_user_is_on_the_ds_introduction_page_as_signed_in()&amp#27;[0m
  &amp#27;[32mAnd &amp#27;[0m&amp#27;[32mUser clicks on Get Started button from Tree panel&amp#27;[0m                       &amp#27;[90m# StepDefinitions.Tree.user_clicks_on_get_started_button_from_tree_panel()&amp#27;[0m
  &amp#27;[32mGiven &amp#27;[0m&amp#27;[32mThe user is on the DS Introduction page as signedIn&amp#27;[0m                   &amp#27;[90m# StepDefinitions.DSIntroductionDetails.the_user_is_on_the_ds_introduction_page_as_signed_in()&amp#27;[0m
  &amp#27;[32mAnd &amp#27;[0m&amp#27;[32mUser clicks on Get Started button from Tree panel&amp#27;[0m                       &amp#27;[90m# StepDefinitions.Tree.user_clicks_on_get_started_button_from_tree_panel()&amp#27;[0m
  &amp#27;[32mGiven &amp#27;[0m&amp#27;[32mThe user is on the editor page of Implementation of Binary Trees page&amp#27;[0m &amp#27;[90m# StepDefinitions.Tree.the_user_is_on_the_editor_page_of_implementation_of_binary_trees_page()&amp#27;[0m
  &amp#27;[32mGiven &amp#27;[0m&amp#27;[32mThe user is on the editor page of Implementation of Binary Trees page&amp#27;[0m &amp#27;[90m# StepDefinitions.Tree.the_user_is_on_the_editor_page_of_implementation_of_binary_trees_page()&amp#27;[0m
  &amp#27;[32mWhen &amp#27;[0m&amp#27;[32mThe user writes the invalid python code and clicks on Run button&amp#27;[0m       &amp#27;[90m# StepDefinitions.Tree.the_user_writes_the_invalid_python_code_and_clicks_on_run_button()&amp#27;[0m
  &amp#27;[32mThen &amp#27;[0m&amp#27;[32mThe user see error msg in alert window&amp#27;[0m                                 &amp#27;[90m# StepDefinitions.Tree.the_user_see_error_msg_in_alert_window()&amp#27;[0m
[INFO ] 2024-12-17 10:23:58.010 [TestNG-PoolService-2] Hooks - ======================  Test Execution is completed!! ======================
]]></system-out>
    <system-err><![CDATA[Dec 17, 2024 10:23:53 AM org.openqa.selenium.devtools.CdpVersionFinder findNearestMatch
WARNING: Unable to find an exact match for CDP version 131, returning the closest version; found: 130; Please update to a Selenium version that supports CDP version 131
Dec 17, 2024 10:23:54 AM org.openqa.selenium.devtools.CdpVersionFinder findNearestMatch
WARNING: Unable to find an exact match for CDP version 131, returning the closest version; found: 130; Please update to a Selenium version that supports CDP version 131
]]></system-err>
  </testcase>
  <testcase name="runScenario[&quot;Implementation of Binary Trees&quot;, &quot;Tree&quot;](200)" classname="TestRunners.TestRunner" time="3.599">
    <system-out><![CDATA[
Scenario: Implementation of Binary Trees                            &amp#27;[90m# src/test/resources/Features/Tree.feature:312&amp#27;[0m
  &amp#27;[32mGiven &amp#27;[0m&amp#27;[32mThe user is on the DS Introduction page as signedIn&amp#27;[0m         &amp#27;[90m# StepDefinitions.DSIntroductionDetails.the_user_is_on_the_ds_introduction_page_as_signed_in()&amp#27;[0m
  &amp#27;[32mAnd &amp#27;[0m&amp#27;[32mUser clicks on Get Started button from Tree panel&amp#27;[0m             &amp#27;[90m# StepDefinitions.Tree.user_clicks_on_get_started_button_from_tree_panel()&amp#27;[0m
  &amp#27;[32mGiven &amp#27;[0m&amp#27;[32mThe user is on the Implementation of Binary Trees page&amp#27;[0m      &amp#27;[90m# StepDefinitions.Tree.the_user_is_on_the_implementation_of_binary_trees_page()&amp#27;[0m
  &amp#27;[32mWhen &amp#27;[0m&amp#27;[32mThe user clicks Applications of Binary trees link&amp#27;[0m            &amp#27;[90m# StepDefinitions.Tree.the_user_clicks_applications_of_binary_trees_link()&amp#27;[0m
  &amp#27;[32mThen &amp#27;[0m&amp#27;[32mThe user is redirected to Applications of Binary trees page.&amp#27;[0m &amp#27;[90m# StepDefinitions.Tree.the_user_is_redirected_to_applications_of_binary_trees_page()&amp#27;[0m
[INFO ] 2024-12-17 09:53:06.380 [TestNG-PoolService-1] Hooks - ======================  Test Execution is completed!! ======================
]]></system-out>
    <system-err><![CDATA[Dec 17, 2024 9:53:03 AM org.openqa.selenium.devtools.CdpVersionFinder findNearestMatch
WARNING: Unable to find an exact match for CDP version 131, returning the closest version; found: 130; Please update to a Selenium version that supports CDP version 131
]]></system-err>
  </testcase>
  <testcase name="runScenario[&quot;Implementation of Binary Trees&quot;, &quot;Tree&quot;](200)" classname="TestRunners.TestRunner" time="6.514">
    <system-out><![CDATA[
Scenario: Implementation of Binary Trees                            &amp#27;[90m# src/test/resources/Features/Tree.feature:312&amp#27;[0m
  &amp#27;[32mGiven &amp#27;[0m&amp#27;[32mThe user is on the DS Introduction page as signedIn&amp#27;[0m         &amp#27;[90m# StepDefinitions.DSIntroductionDetails.the_user_is_on_the_ds_introduction_page_as_signed_in()&amp#27;[0m
  &amp#27;[32mAnd &amp#27;[0m&amp#27;[32mUser clicks on Get Started button from Tree panel&amp#27;[0m             &amp#27;[90m# StepDefinitions.Tree.user_clicks_on_get_started_button_from_tree_panel()&amp#27;[0m
  &amp#27;[32mGiven &amp#27;[0m&amp#27;[32mThe user is on the Implementation of Binary Trees page&amp#27;[0m      &amp#27;[90m# StepDefinitions.Tree.the_user_is_on_the_implementation_of_binary_trees_page()&amp#27;[0m
  &amp#27;[32mWhen &amp#27;[0m&amp#27;[32mThe user clicks Applications of Binary trees link&amp#27;[0m            &amp#27;[90m# StepDefinitions.Tree.the_user_clicks_applications_of_binary_trees_link()&amp#27;[0m
  &amp#27;[32mThen &amp#27;[0m&amp#27;[32mThe user is redirected to Applications of Binary trees page.&amp#27;[0m &amp#27;[90m# StepDefinitions.Tree.the_user_is_redirected_to_applications_of_binary_trees_page()&amp#27;[0m
[INFO ] 2024-12-17 10:24:04.361 [TestNG-PoolService-2] Hooks - ======================  Test Execution is completed!! ======================
  &amp#27;[32mWhen &amp#27;[0m&amp#27;[32mThe user writes the valid python code and clicks on Run button&amp#27;[0m &amp#27;[90m# StepDefinitions.Tree.the_user_writes_the_valid_python_code_and_clicks_on_run_button()&amp#27;[0m
  &amp#27;[32mThen &amp#27;[0m&amp#27;[32mThe user is able to see the output inside the console.&amp#27;[0m         &amp#27;[90m# StepDefinitions.Tree.the_user_is_able_to_see_the_output_inside_the_console()&amp#27;[0m
[INFO ] 2024-12-17 10:24:05.158 [TestNG-PoolService-3] Hooks - ======================  Test Execution is completed!! ======================
]]></system-out>
    <system-err><![CDATA[Dec 17, 2024 10:24:01 AM org.openqa.selenium.devtools.CdpVersionFinder findNearestMatch
WARNING: Unable to find an exact match for CDP version 131, returning the closest version; found: 130; Please update to a Selenium version that supports CDP version 131
]]></system-err>
  </testcase>
  <testcase name="runScenario[&quot;Applications of Binary trees&quot;, &quot;Tree&quot;](201)" classname="TestRunners.TestRunner" time="4.635">
    <system-out><![CDATA[
Scenario: Applications of Binary trees                               &amp#27;[90m# src/test/resources/Features/Tree.feature:319&amp#27;[0m
  &amp#27;[32mGiven &amp#27;[0m&amp#27;[32mThe user is on the DS Introduction page as signedIn&amp#27;[0m          &amp#27;[90m# StepDefinitions.DSIntroductionDetails.the_user_is_on_the_ds_introduction_page_as_signed_in()&amp#27;[0m
  &amp#27;[32mAnd &amp#27;[0m&amp#27;[32mUser clicks on Get Started button from Tree panel&amp#27;[0m              &amp#27;[90m# StepDefinitions.Tree.user_clicks_on_get_started_button_from_tree_panel()&amp#27;[0m
  &amp#27;[32mGiven &amp#27;[0m&amp#27;[32mThe user is on the Applications of Binary trees page&amp#27;[0m         &amp#27;[90m# StepDefinitions.Tree.the_user_is_on_the_applications_of_binary_trees_page()&amp#27;[0m
  &amp#27;[32mWhen &amp#27;[0m&amp#27;[32mThe user clicks Try Here button&amp#27;[0m                               &amp#27;[90m# StepDefinitions.Tree.the_user_clicks_try_here_button()&amp#27;[0m
  &amp#27;[32mThen &amp#27;[0m&amp#27;[32mThe user is redirected to a page having Editor and run button&amp#27;[0m &amp#27;[90m# StepDefinitions.Tree.the_user_is_redirected_to_a_page_having_editor_and_run_button()&amp#27;[0m
[INFO ] 2024-12-17 09:53:11.012 [TestNG-PoolService-1] Hooks - ======================  Test Execution is completed!! ======================
]]></system-out>
    <system-err><![CDATA[Dec 17, 2024 9:53:07 AM org.openqa.selenium.devtools.CdpVersionFinder findNearestMatch
WARNING: Unable to find an exact match for CDP version 131, returning the closest version; found: 130; Please update to a Selenium version that supports CDP version 131
]]></system-err>
  </testcase>
  <testcase name="runScenario[&quot;Try Here Editor page with valid data&quot;, &quot;Tree&quot;](202)" classname="TestRunners.TestRunner" time="1.692">
    <system-out><![CDATA[
Scenario: Try Here Editor page with empty code                               &amp#27;[90m# src/test/resources/Features/Tree.feature:325&amp#27;[0m
  &amp#27;[32mWhen &amp#27;[0m&amp#27;[32mThe user writes the valid python code and clicks on Run button&amp#27;[0m &amp#27;[90m# StepDefinitions.Tree.the_user_writes_the_valid_python_code_and_clicks_on_run_button()&amp#27;[0m
  &amp#27;[32mThen &amp#27;[0m&amp#27;[32mThe user is able to see the output inside the console.&amp#27;[0m         &amp#27;[90m# StepDefinitions.Tree.the_user_is_able_to_see_the_output_inside_the_console()&amp#27;[0m
[INFO ] 2024-12-17 09:53:12.486 [TestNG-PoolService-2] Hooks - ======================  Test Execution is completed!! ======================
]]></system-out>
    <system-err><![CDATA[Dec 17, 2024 9:53:12 AM org.openqa.selenium.devtools.CdpVersionFinder findNearestMatch
WARNING: Unable to find an exact match for CDP version 131, returning the closest version; found: 130; Please update to a Selenium version that supports CDP version 131
]]></system-err>
  </testcase>
  <testcase name="runScenario[&quot;Try Here Editor page with empty code&quot;, &quot;Tree&quot;](203)" classname="TestRunners.TestRunner" time="3.515">
    <system-out><![CDATA[
Scenario: Try Here Editor page with valid data                              &amp#27;[90m# src/test/resources/Features/Tree.feature:331&amp#27;[0m
  &amp#27;[32mGiven &amp#27;[0m&amp#27;[32mThe user is on the DS Introduction page as signedIn&amp#27;[0m                  &amp#27;[90m# StepDefinitions.DSIntroductionDetails.the_user_is_on_the_ds_introduction_page_as_signed_in()&amp#27;[0m
  &amp#27;[32mAnd &amp#27;[0m&amp#27;[32mUser clicks on Get Started button from Tree panel&amp#27;[0m                      &amp#27;[90m# StepDefinitions.Tree.user_clicks_on_get_started_button_from_tree_panel()&amp#27;[0m
  &amp#27;[32mGiven &amp#27;[0m&amp#27;[32mThe user is on the editor page of Applications of Binary trees page&amp#27;[0m  &amp#27;[90m# StepDefinitions.Tree.the_user_is_on_the_editor_page_of_applications_of_binary_trees_page()&amp#27;[0m
  &amp#27;[32mWhen &amp#27;[0m&amp#27;[32mThe user writes no code inside editor window and clicks on Run button&amp#27;[0m &amp#27;[90m# StepDefinitions.Tree.the_user_writes_no_code_inside_editor_window_and_clicks_on_run_button()&amp#27;[0m
  &amp#27;[32mGiven &amp#27;[0m&amp#27;[32mThe user is on the DS Introduction page as signedIn&amp#27;[0m                 &amp#27;[90m# StepDefinitions.DSIntroductionDetails.the_user_is_on_the_ds_introduction_page_as_signed_in()&amp#27;[0m
  &amp#27;[32mThen &amp#27;[0m&amp#27;[32mNothing happens to the Editor page and no error message is displayed&amp#27;[0m  &amp#27;[90m# StepDefinitions.Tree.nothing_happens_to_the_editor_page_and_no_error_message_is_displayed()&amp#27;[0m
[INFO ] 2024-12-17 09:53:16.217 [TestNG-PoolService-1] Hooks - ======================  Test Execution is completed!! ======================
]]></system-out>
    <system-err><![CDATA[Dec 17, 2024 9:53:14 AM org.openqa.selenium.devtools.CdpVersionFinder findNearestMatch
WARNING: Unable to find an exact match for CDP version 131, returning the closest version; found: 130; Please update to a Selenium version that supports CDP version 131
]]></system-err>
  </testcase>
  <testcase name="runScenario[&quot;Try Here Editor page with empty code&quot;, &quot;Tree&quot;](203)" classname="TestRunners.TestRunner" time="6.953">
    <system-out><![CDATA[
Scenario: Try Here Editor page with valid data                              &amp#27;[90m# src/test/resources/Features/Tree.feature:331&amp#27;[0m
  &amp#27;[32mGiven &amp#27;[0m&amp#27;[32mThe user is on the DS Introduction page as signedIn&amp#27;[0m                  &amp#27;[90m# StepDefinitions.DSIntroductionDetails.the_user_is_on_the_ds_introduction_page_as_signed_in()&amp#27;[0m
  &amp#27;[32mAnd &amp#27;[0m&amp#27;[32mUser clicks on Get Started button from Tree panel&amp#27;[0m                      &amp#27;[90m# StepDefinitions.Tree.user_clicks_on_get_started_button_from_tree_panel()&amp#27;[0m
  &amp#27;[32mGiven &amp#27;[0m&amp#27;[32mThe user is on the editor page of Applications of Binary trees page&amp#27;[0m  &amp#27;[90m# StepDefinitions.Tree.the_user_is_on_the_editor_page_of_applications_of_binary_trees_page()&amp#27;[0m
  &amp#27;[32mWhen &amp#27;[0m&amp#27;[32mThe user writes no code inside editor window and clicks on Run button&amp#27;[0m &amp#27;[90m# StepDefinitions.Tree.the_user_writes_no_code_inside_editor_window_and_clicks_on_run_button()&amp#27;[0m
  &amp#27;[32mThen &amp#27;[0m&amp#27;[32mNothing happens to the Editor page and no error message is displayed&amp#27;[0m  &amp#27;[90m# StepDefinitions.Tree.nothing_happens_to_the_editor_page_and_no_error_message_is_displayed()&amp#27;[0m
[INFO ] 2024-12-17 10:09:56.757 [TestNG-PoolService-1] Hooks - ======================  Test Execution is completed!! ======================
  &amp#27;[32mGiven &amp#27;[0m&amp#27;[32mThe user is on the DS Introduction page as signedIn&amp#27;[0m                 &amp#27;[90m# StepDefinitions.DSIntroductionDetails.the_user_is_on_the_ds_introduction_page_as_signed_in()&amp#27;[0m
  &amp#27;[32mAnd &amp#27;[0m&amp#27;[32mUser clicks on Get Started button from Tree panel&amp#27;[0m                     &amp#27;[90m# StepDefinitions.Tree.user_clicks_on_get_started_button_from_tree_panel()&amp#27;[0m
]]></system-out>
  </testcase>
  <testcase name="runScenario[&quot;Try Here Editor page with empty code&quot;, &quot;Tree&quot;](203)" classname="TestRunners.TestRunner" time="1.066">
    <system-out><![CDATA[
Scenario: Try Here Editor page with valid data                              &amp#27;[90m# src/test/resources/Features/Tree.feature:331&amp#27;[0m
]]></system-out>
  </testcase>
  <testcase name="runScenario[&quot;Try Here Editor page with invalid data&quot;, &quot;Tree&quot;](204)" classname="TestRunners.TestRunner" time="4.5">
    <system-out><![CDATA[
Scenario: Try Here Editor page with invalid data                            &amp#27;[90m# src/test/resources/Features/Tree.feature:337&amp#27;[0m
  &amp#27;[32mAnd &amp#27;[0m&amp#27;[32mUser clicks on Get Started button from Tree panel&amp#27;[0m                     &amp#27;[90m# StepDefinitions.Tree.user_clicks_on_get_started_button_from_tree_panel()&amp#27;[0m
  &amp#27;[32mGiven &amp#27;[0m&amp#27;[32mThe user is on the editor page of Applications of Binary trees page&amp#27;[0m &amp#27;[90m# StepDefinitions.Tree.the_user_is_on_the_editor_page_of_applications_of_binary_trees_page()&amp#27;[0m
  &amp#27;[32mGiven &amp#27;[0m&amp#27;[32mThe user is on the DS Introduction page as signedIn&amp#27;[0m                 &amp#27;[90m# StepDefinitions.DSIntroductionDetails.the_user_is_on_the_ds_introduction_page_as_signed_in()&amp#27;[0m
  &amp#27;[32mAnd &amp#27;[0m&amp#27;[32mUser clicks on Get Started button from Tree panel&amp#27;[0m                     &amp#27;[90m# StepDefinitions.Tree.user_clicks_on_get_started_button_from_tree_panel()&amp#27;[0m
  &amp#27;[32mGiven &amp#27;[0m&amp#27;[32mThe user is on the editor page of Applications of Binary trees page&amp#27;[0m &amp#27;[90m# StepDefinitions.Tree.the_user_is_on_the_editor_page_of_applications_of_binary_trees_page()&amp#27;[0m
  &amp#27;[32mWhen &amp#27;[0m&amp#27;[32mThe user writes the invalid python code and clicks on Run button&amp#27;[0m     &amp#27;[90m# StepDefinitions.Tree.the_user_writes_the_invalid_python_code_and_clicks_on_run_button()&amp#27;[0m
  &amp#27;[32mThen &amp#27;[0m&amp#27;[32mThe user see error msg in alert window&amp#27;[0m                               &amp#27;[90m# StepDefinitions.Tree.the_user_see_error_msg_in_alert_window()&amp#27;[0m
[INFO ] 2024-12-17 09:53:20.720 [TestNG-PoolService-1] Hooks - ======================  Test Execution is completed!! ======================
]]></system-out>
    <system-err><![CDATA[Dec 17, 2024 9:53:17 AM org.openqa.selenium.devtools.CdpVersionFinder findNearestMatch
WARNING: Unable to find an exact match for CDP version 131, returning the closest version; found: 130; Please update to a Selenium version that supports CDP version 131
]]></system-err>
  </testcase>
  <testcase name="runScenario[&quot;Try Here Editor page with invalid data&quot;, &quot;Tree&quot;](204)" classname="TestRunners.TestRunner" time="7.617">
    <system-out><![CDATA[
Scenario: Try Here Editor page with invalid data                            &amp#27;[90m# src/test/resources/Features/Tree.feature:337&amp#27;[0m
  &amp#27;[32mGiven &amp#27;[0m&amp#27;[32mThe user is on the DS Introduction page as signedIn&amp#27;[0m                 &amp#27;[90m# StepDefinitions.DSIntroductionDetails.the_user_is_on_the_ds_introduction_page_as_signed_in()&amp#27;[0m
  &amp#27;[32mAnd &amp#27;[0m&amp#27;[32mUser clicks on Get Started button from Tree panel&amp#27;[0m                     &amp#27;[90m# StepDefinitions.Tree.user_clicks_on_get_started_button_from_tree_panel()&amp#27;[0m
  &amp#27;[32mGiven &amp#27;[0m&amp#27;[32mThe user is on the DS Introduction page as signedIn&amp#27;[0m                 &amp#27;[90m# StepDefinitions.DSIntroductionDetails.the_user_is_on_the_ds_introduction_page_as_signed_in()&amp#27;[0m
  &amp#27;[32mAnd &amp#27;[0m&amp#27;[32mUser clicks on Get Started button from Tree panel&amp#27;[0m                     &amp#27;[90m# StepDefinitions.Tree.user_clicks_on_get_started_button_from_tree_panel()&amp#27;[0m
  &amp#27;[32mGiven &amp#27;[0m&amp#27;[32mThe user is on the editor page of Applications of Binary trees page&amp#27;[0m &amp#27;[90m# StepDefinitions.Tree.the_user_is_on_the_editor_page_of_applications_of_binary_trees_page()&amp#27;[0m
  &amp#27;[32mGiven &amp#27;[0m&amp#27;[32mThe user is on the editor page of Applications of Binary trees page&amp#27;[0m &amp#27;[90m# StepDefinitions.Tree.the_user_is_on_the_editor_page_of_applications_of_binary_trees_page()&amp#27;[0m
  &amp#27;[32mWhen &amp#27;[0m&amp#27;[32mThe user writes the invalid python code and clicks on Run button&amp#27;[0m     &amp#27;[90m# StepDefinitions.Tree.the_user_writes_the_invalid_python_code_and_clicks_on_run_button()&amp#27;[0m
  &amp#27;[32mThen &amp#27;[0m&amp#27;[32mThe user see error msg in alert window&amp#27;[0m                               &amp#27;[90m# StepDefinitions.Tree.the_user_see_error_msg_in_alert_window()&amp#27;[0m
[INFO ] 2024-12-17 10:24:21.039 [TestNG-PoolService-3] Hooks - ======================  Test Execution is completed!! ======================
]]></system-out>
    <system-err><![CDATA[Dec 17, 2024 10:24:16 AM org.openqa.selenium.devtools.CdpVersionFinder findNearestMatch
WARNING: Unable to find an exact match for CDP version 131, returning the closest version; found: 130; Please update to a Selenium version that supports CDP version 131
Dec 17, 2024 10:24:17 AM org.openqa.selenium.devtools.CdpVersionFinder findNearestMatch
WARNING: Unable to find an exact match for CDP version 131, returning the closest version; found: 130; Please update to a Selenium version that supports CDP version 131
]]></system-err>
  </testcase>
  <testcase name="runScenario[&quot;Applications of Binary trees&quot;, &quot;Tree&quot;](205)" classname="TestRunners.TestRunner" time="4.157">
    <system-out><![CDATA[
Scenario: Applications of Binary trees                       &amp#27;[90m# src/test/resources/Features/Tree.feature:343&amp#27;[0m
  &amp#27;[32mGiven &amp#27;[0m&amp#27;[32mThe user is on the DS Introduction page as signedIn&amp#27;[0m  &amp#27;[90m# StepDefinitions.DSIntroductionDetails.the_user_is_on_the_ds_introduction_page_as_signed_in()&amp#27;[0m
  &amp#27;[32mAnd &amp#27;[0m&amp#27;[32mUser clicks on Get Started button from Tree panel&amp#27;[0m      &amp#27;[90m# StepDefinitions.Tree.user_clicks_on_get_started_button_from_tree_panel()&amp#27;[0m
  &amp#27;[32mGiven &amp#27;[0m&amp#27;[32mThe user is on the Applications of Binary trees page&amp#27;[0m &amp#27;[90m# StepDefinitions.Tree.the_user_is_on_the_applications_of_binary_trees_page()&amp#27;[0m
  &amp#27;[32mWhen &amp#27;[0m&amp#27;[32mThe user clicks Binary Search Trees link&amp#27;[0m              &amp#27;[90m# StepDefinitions.Tree.the_user_clicks_binary_search_trees_link()&amp#27;[0m
  &amp#27;[32mThen &amp#27;[0m&amp#27;[32mThe user is redirected to Binary Search Trees page.&amp#27;[0m   &amp#27;[90m# StepDefinitions.Tree.the_user_is_redirected_to_binary_search_trees_page()&amp#27;[0m
[INFO ] 2024-12-17 09:53:24.854 [TestNG-PoolService-1] Hooks - ======================  Test Execution is completed!! ======================
]]></system-out>
    <system-err><![CDATA[Dec 17, 2024 9:53:21 AM org.openqa.selenium.devtools.CdpVersionFinder findNearestMatch
WARNING: Unable to find an exact match for CDP version 131, returning the closest version; found: 130; Please update to a Selenium version that supports CDP version 131
]]></system-err>
  </testcase>
  <testcase name="runScenario[&quot;Try Here Editor page with valid data&quot;, &quot;Tree&quot;](206)" classname="TestRunners.TestRunner" time="4.979">
    <system-out><![CDATA[
Scenario: Binary Search Trees                                        &amp#27;[90m# src/test/resources/Features/Tree.feature:350&amp#27;[0m
  &amp#27;[32mGiven &amp#27;[0m&amp#27;[32mThe user is on the DS Introduction page as signedIn&amp#27;[0m          &amp#27;[90m# StepDefinitions.DSIntroductionDetails.the_user_is_on_the_ds_introduction_page_as_signed_in()&amp#27;[0m
  &amp#27;[32mAnd &amp#27;[0m&amp#27;[32mUser clicks on Get Started button from Tree panel&amp#27;[0m              &amp#27;[90m# StepDefinitions.Tree.user_clicks_on_get_started_button_from_tree_panel()&amp#27;[0m
  &amp#27;[32mWhen &amp#27;[0m&amp#27;[32mThe user writes the valid python code and clicks on Run button&amp#27;[0m         &amp#27;[90m# StepDefinitions.Tree.the_user_writes_the_valid_python_code_and_clicks_on_run_button()&amp#27;[0m
  &amp#27;[32mThen &amp#27;[0m&amp#27;[32mThe user is able to see the output inside the console.&amp#27;[0m                 &amp#27;[90m# StepDefinitions.Tree.the_user_is_able_to_see_the_output_inside_the_console()&amp#27;[0m
[INFO ] 2024-12-17 09:53:29.879 [TestNG-PoolService-3] Hooks - ======================  Test Execution is completed!! ======================
]]></system-out>
    <system-err><![CDATA[Dec 17, 2024 9:53:26 AM org.openqa.selenium.devtools.CdpVersionFinder findNearestMatch
WARNING: Unable to find an exact match for CDP version 131, returning the closest version; found: 130; Please update to a Selenium version that supports CDP version 131
]]></system-err>
  </testcase>
  <testcase name="runScenario[&quot;Binary Search Trees&quot;, &quot;Tree&quot;](207)" classname="TestRunners.TestRunner" time="1.177">
    <system-out><![CDATA[
Scenario: Try Here Editor page with empty code                               &amp#27;[90m# src/test/resources/Features/Tree.feature:356&amp#27;[0m
  &amp#27;[32mGiven &amp#27;[0m&amp#27;[32mThe user is on the Binary Search Trees page&amp#27;[0m                  &amp#27;[90m# StepDefinitions.Tree.the_user_is_on_the_binary_search_trees_page()&amp#27;[0m
  &amp#27;[32mWhen &amp#27;[0m&amp#27;[32mThe user clicks Try Here button&amp#27;[0m                               &amp#27;[90m# StepDefinitions.Tree.the_user_clicks_try_here_button()&amp#27;[0m
  &amp#27;[32mThen &amp#27;[0m&amp#27;[32mThe user is redirected to a page having Editor and run button&amp#27;[0m &amp#27;[90m# StepDefinitions.Tree.the_user_is_redirected_to_a_page_having_editor_and_run_button()&amp#27;[0m
[INFO ] 2024-12-17 09:53:30.887 [TestNG-PoolService-1] Hooks - ======================  Test Execution is completed!! ======================
]]></system-out>
    <system-err><![CDATA[Dec 17, 2024 9:53:30 AM org.openqa.selenium.devtools.CdpVersionFinder findNearestMatch
WARNING: Unable to find an exact match for CDP version 131, returning the closest version; found: 130; Please update to a Selenium version that supports CDP version 131
]]></system-err>
  </testcase>
  <testcase name="runScenario[&quot;Binary Search Trees&quot;, &quot;Tree&quot;](207)" classname="TestRunners.TestRunner" time="1.801">
    <system-out><![CDATA[
Scenario: Try Here Editor page with empty code                               &amp#27;[90m# src/test/resources/Features/Tree.feature:356&amp#27;[0m
  &amp#27;[32mWhen &amp#27;[0m&amp#27;[32mThe user clicks Try Here button&amp#27;[0m                               &amp#27;[90m# StepDefinitions.Tree.the_user_clicks_try_here_button()&amp#27;[0m
  &amp#27;[32mThen &amp#27;[0m&amp#27;[32mThe user is redirected to a page having Editor and run button&amp#27;[0m &amp#27;[90m# StepDefinitions.Tree.the_user_is_redirected_to_a_page_having_editor_and_run_button()&amp#27;[0m
[INFO ] 2024-12-17 10:10:15.356 [TestNG-PoolService-1] Hooks - ======================  Test Execution is completed!! ======================
]]></system-out>
  </testcase>
  <testcase name="runScenario[&quot;Binary Search Trees&quot;, &quot;Tree&quot;](207)" classname="TestRunners.TestRunner" time="7.179">
    <system-out><![CDATA[
Scenario: Try Here Editor page with empty code                               &amp#27;[90m# src/test/resources/Features/Tree.feature:356&amp#27;[0m
  &amp#27;[32mGiven &amp#27;[0m&amp#27;[32mThe user is on the DS Introduction page as signedIn&amp#27;[0m          &amp#27;[90m# StepDefinitions.DSIntroductionDetails.the_user_is_on_the_ds_introduction_page_as_signed_in()&amp#27;[0m
  &amp#27;[32mAnd &amp#27;[0m&amp#27;[32mUser clicks on Get Started button from Tree panel&amp#27;[0m              &amp#27;[90m# StepDefinitions.Tree.user_clicks_on_get_started_button_from_tree_panel()&amp#27;[0m
  &amp#27;[32mGiven &amp#27;[0m&amp#27;[32mThe user is on the DS Introduction page as signedIn&amp#27;[0m                  &amp#27;[90m# StepDefinitions.DSIntroductionDetails.the_user_is_on_the_ds_introduction_page_as_signed_in()&amp#27;[0m
  &amp#27;[32mGiven &amp#27;[0m&amp#27;[32mThe user is on the Binary Search Trees page&amp#27;[0m                  &amp#27;[90m# StepDefinitions.Tree.the_user_is_on_the_binary_search_trees_page()&amp#27;[0m
  &amp#27;[32mAnd &amp#27;[0m&amp#27;[32mUser clicks on Get Started button from Tree panel&amp#27;[0m                      &amp#27;[90m# StepDefinitions.Tree.user_clicks_on_get_started_button_from_tree_panel()&amp#27;[0m
  &amp#27;[32mWhen &amp#27;[0m&amp#27;[32mThe user clicks Try Here button&amp#27;[0m                               &amp#27;[90m# StepDefinitions.Tree.the_user_clicks_try_here_button()&amp#27;[0m
  &amp#27;[32mThen &amp#27;[0m&amp#27;[32mThe user is redirected to a page having Editor and run button&amp#27;[0m &amp#27;[90m# StepDefinitions.Tree.the_user_is_redirected_to_a_page_having_editor_and_run_button()&amp#27;[0m
[INFO ] 2024-12-17 10:24:35.271 [TestNG-PoolService-1] Hooks - ======================  Test Execution is completed!! ======================
  &amp#27;[32mGiven &amp#27;[0m&amp#27;[32mThe user is on the editor page of Binary Search Trees page&amp#27;[0m           &amp#27;[90m# StepDefinitions.Tree.the_user_is_on_the_editor_page_of_binary_search_trees_page()&amp#27;[0m
  &amp#27;[32mWhen &amp#27;[0m&amp#27;[32mThe user writes no code inside editor window and clicks on Run button&amp#27;[0m &amp#27;[90m# StepDefinitions.Tree.the_user_writes_no_code_inside_editor_window_and_clicks_on_run_button()&amp#27;[0m
  &amp#27;[32mThen &amp#27;[0m&amp#27;[32mNothing happens to the Editor page and no error message is displayed&amp#27;[0m  &amp#27;[90m# StepDefinitions.Tree.nothing_happens_to_the_editor_page_and_no_error_message_is_displayed()&amp#27;[0m
[INFO ] 2024-12-17 10:24:36.066 [TestNG-PoolService-3] Hooks - ======================  Test Execution is completed!! ======================
]]></system-out>
    <system-err><![CDATA[Dec 17, 2024 10:24:31 AM org.openqa.selenium.devtools.CdpVersionFinder findNearestMatch
WARNING: Unable to find an exact match for CDP version 131, returning the closest version; found: 130; Please update to a Selenium version that supports CDP version 131
Dec 17, 2024 10:24:32 AM org.openqa.selenium.devtools.CdpVersionFinder findNearestMatch
WARNING: Unable to find an exact match for CDP version 131, returning the closest version; found: 130; Please update to a Selenium version that supports CDP version 131
]]></system-err>
  </testcase>
  <testcase name="runScenario[&quot;Try Here Editor page with empty code&quot;, &quot;Tree&quot;](208)" classname="TestRunners.TestRunner" time="4.457">
    <system-out><![CDATA[
Scenario: Try Here Editor page with valid data                        &amp#27;[90m# src/test/resources/Features/Tree.feature:362&amp#27;[0m
  &amp#27;[32mGiven &amp#27;[0m&amp#27;[32mThe user is on the DS Introduction page as signedIn&amp#27;[0m                  &amp#27;[90m# StepDefinitions.DSIntroductionDetails.the_user_is_on_the_ds_introduction_page_as_signed_in()&amp#27;[0m
  &amp#27;[32mAnd &amp#27;[0m&amp#27;[32mUser clicks on Get Started button from Tree panel&amp#27;[0m                      &amp#27;[90m# StepDefinitions.Tree.user_clicks_on_get_started_button_from_tree_panel()&amp#27;[0m
  &amp#27;[32mGiven &amp#27;[0m&amp#27;[32mThe user is on the DS Introduction page as signedIn&amp#27;[0m           &amp#27;[90m# StepDefinitions.DSIntroductionDetails.the_user_is_on_the_ds_introduction_page_as_signed_in()&amp#27;[0m
  &amp#27;[32mAnd &amp#27;[0m&amp#27;[32mUser clicks on Get Started button from Tree panel&amp#27;[0m               &amp#27;[90m# StepDefinitions.Tree.user_clicks_on_get_started_button_from_tree_panel()&amp#27;[0m
  &amp#27;[32mGiven &amp#27;[0m&amp#27;[32mThe user is on the editor page of Binary Search Trees page&amp#27;[0m           &amp#27;[90m# StepDefinitions.Tree.the_user_is_on_the_editor_page_of_binary_search_trees_page()&amp#27;[0m
  &amp#27;[32mWhen &amp#27;[0m&amp#27;[32mThe user writes no code inside editor window and clicks on Run button&amp#27;[0m &amp#27;[90m# StepDefinitions.Tree.the_user_writes_no_code_inside_editor_window_and_clicks_on_run_button()&amp#27;[0m
  &amp#27;[32mThen &amp#27;[0m&amp#27;[32mNothing happens to the Editor page and no error message is displayed&amp#27;[0m  &amp#27;[90m# StepDefinitions.Tree.nothing_happens_to_the_editor_page_and_no_error_message_is_displayed()&amp#27;[0m
[INFO ] 2024-12-17 09:53:35.520 [TestNG-PoolService-3] Hooks - ======================  Test Execution is completed!! ======================
]]></system-out>
    <system-err><![CDATA[Dec 17, 2024 9:53:32 AM org.openqa.selenium.devtools.CdpVersionFinder findNearestMatch
WARNING: Unable to find an exact match for CDP version 131, returning the closest version; found: 130; Please update to a Selenium version that supports CDP version 131
]]></system-err>
  </testcase>
  <testcase name="runScenario[&quot;Try Here Editor page with empty code&quot;, &quot;Tree&quot;](208)" classname="TestRunners.TestRunner" time="8.213">
    <system-out><![CDATA[
Scenario: Try Here Editor page with valid data                        &amp#27;[90m# src/test/resources/Features/Tree.feature:362&amp#27;[0m
  &amp#27;[32mGiven &amp#27;[0m&amp#27;[32mThe user is on the DS Introduction page as signedIn&amp#27;[0m                  &amp#27;[90m# StepDefinitions.DSIntroductionDetails.the_user_is_on_the_ds_introduction_page_as_signed_in()&amp#27;[0m
  &amp#27;[32mAnd &amp#27;[0m&amp#27;[32mUser clicks on Get Started button from Tree panel&amp#27;[0m                      &amp#27;[90m# StepDefinitions.Tree.user_clicks_on_get_started_button_from_tree_panel()&amp#27;[0m
  &amp#27;[32mGiven &amp#27;[0m&amp#27;[32mThe user is on the editor page of Binary Search Trees page&amp#27;[0m           &amp#27;[90m# StepDefinitions.Tree.the_user_is_on_the_editor_page_of_binary_search_trees_page()&amp#27;[0m
  &amp#27;[32mWhen &amp#27;[0m&amp#27;[32mThe user writes no code inside editor window and clicks on Run button&amp#27;[0m &amp#27;[90m# StepDefinitions.Tree.the_user_writes_no_code_inside_editor_window_and_clicks_on_run_button()&amp#27;[0m
  &amp#27;[32mThen &amp#27;[0m&amp#27;[32mNothing happens to the Editor page and no error message is displayed&amp#27;[0m  &amp#27;[90m# StepDefinitions.Tree.nothing_happens_to_the_editor_page_and_no_error_message_is_displayed()&amp#27;[0m
[INFO ] 2024-12-17 10:10:23.402 [TestNG-PoolService-3] Hooks - ======================  Test Execution is completed!! ======================
  &amp#27;[32mGiven &amp#27;[0m&amp#27;[32mThe user is on the DS Introduction page as signedIn&amp#27;[0m           &amp#27;[90m# StepDefinitions.DSIntroductionDetails.the_user_is_on_the_ds_introduction_page_as_signed_in()&amp#27;[0m
  &amp#27;[32mAnd &amp#27;[0m&amp#27;[32mUser clicks on Get Started button from Tree panel&amp#27;[0m               &amp#27;[90m# StepDefinitions.Tree.user_clicks_on_get_started_button_from_tree_panel()&amp#27;[0m
]]></system-out>
  </testcase>
  <testcase name="runScenario[&quot;Try Here Editor page with empty code&quot;, &quot;Tree&quot;](208)" classname="TestRunners.TestRunner" time="0.64">
    <system-out><![CDATA[
Scenario: Try Here Editor page with valid data                        &amp#27;[90m# src/test/resources/Features/Tree.feature:362&amp#27;[0m
]]></system-out>
  </testcase>
  <testcase name="runScenario[&quot;Try Here Editor page with invalid data&quot;, &quot;Tree&quot;](209)" classname="TestRunners.TestRunner" time="4.78">
    <system-out><![CDATA[
Scenario: Try Here Editor page with invalid data                        &amp#27;[90m# src/test/resources/Features/Tree.feature:368&amp#27;[0m
  &amp#27;[32mGiven &amp#27;[0m&amp#27;[32mThe user is on the editor page of Binary Search Trees page&amp#27;[0m    &amp#27;[90m# StepDefinitions.Tree.the_user_is_on_the_editor_page_of_binary_search_trees_page()&amp#27;[0m
  &amp#27;[32mGiven &amp#27;[0m&amp#27;[32mThe user is on the DS Introduction page as signedIn&amp#27;[0m             &amp#27;[90m# StepDefinitions.DSIntroductionDetails.the_user_is_on_the_ds_introduction_page_as_signed_in()&amp#27;[0m
  &amp#27;[32mAnd &amp#27;[0m&amp#27;[32mUser clicks on Get Started button from Tree panel&amp#27;[0m                 &amp#27;[90m# StepDefinitions.Tree.user_clicks_on_get_started_button_from_tree_panel()&amp#27;[0m
  &amp#27;[32mGiven &amp#27;[0m&amp#27;[32mThe user is on the editor page of Binary Search Trees page&amp#27;[0m      &amp#27;[90m# StepDefinitions.Tree.the_user_is_on_the_editor_page_of_binary_search_trees_page()&amp#27;[0m
  &amp#27;[32mWhen &amp#27;[0m&amp#27;[32mThe user writes the invalid python code and clicks on Run button&amp#27;[0m &amp#27;[90m# StepDefinitions.Tree.the_user_writes_the_invalid_python_code_and_clicks_on_run_button()&amp#27;[0m
  &amp#27;[32mThen &amp#27;[0m&amp#27;[32mThe user see error msg in alert window&amp#27;[0m                           &amp#27;[90m# StepDefinitions.Tree.the_user_see_error_msg_in_alert_window()&amp#27;[0m
[INFO ] 2024-12-17 09:53:40.270 [TestNG-PoolService-3] Hooks - ======================  Test Execution is completed!! ======================
]]></system-out>
    <system-err><![CDATA[Dec 17, 2024 9:53:36 AM org.openqa.selenium.devtools.CdpVersionFinder findNearestMatch
WARNING: Unable to find an exact match for CDP version 131, returning the closest version; found: 130; Please update to a Selenium version that supports CDP version 131
]]></system-err>
  </testcase>
  <testcase name="runScenario[&quot;Try Here Editor page with invalid data&quot;, &quot;Tree&quot;](209)" classname="TestRunners.TestRunner" time="7.76">
    <system-out><![CDATA[
Scenario: Try Here Editor page with invalid data                        &amp#27;[90m# src/test/resources/Features/Tree.feature:368&amp#27;[0m
  &amp#27;[32mGiven &amp#27;[0m&amp#27;[32mThe user is on the DS Introduction page as signedIn&amp#27;[0m           &amp#27;[90m# StepDefinitions.DSIntroductionDetails.the_user_is_on_the_ds_introduction_page_as_signed_in()&amp#27;[0m
  &amp#27;[32mAnd &amp#27;[0m&amp#27;[32mUser clicks on Get Started button from Tree panel&amp#27;[0m               &amp#27;[90m# StepDefinitions.Tree.user_clicks_on_get_started_button_from_tree_panel()&amp#27;[0m
  &amp#27;[32mGiven &amp#27;[0m&amp#27;[32mThe user is on the DS Introduction page as signedIn&amp#27;[0m             &amp#27;[90m# StepDefinitions.DSIntroductionDetails.the_user_is_on_the_ds_introduction_page_as_signed_in()&amp#27;[0m
  &amp#27;[32mAnd &amp#27;[0m&amp#27;[32mUser clicks on Get Started button from Tree panel&amp#27;[0m                 &amp#27;[90m# StepDefinitions.Tree.user_clicks_on_get_started_button_from_tree_panel()&amp#27;[0m
  &amp#27;[32mGiven &amp#27;[0m&amp#27;[32mThe user is on the editor page of Binary Search Trees page&amp#27;[0m    &amp#27;[90m# StepDefinitions.Tree.the_user_is_on_the_editor_page_of_binary_search_trees_page()&amp#27;[0m
  &amp#27;[32mGiven &amp#27;[0m&amp#27;[32mThe user is on the editor page of Binary Search Trees page&amp#27;[0m      &amp#27;[90m# StepDefinitions.Tree.the_user_is_on_the_editor_page_of_binary_search_trees_page()&amp#27;[0m
  &amp#27;[32mWhen &amp#27;[0m&amp#27;[32mThe user writes the invalid python code and clicks on Run button&amp#27;[0m &amp#27;[90m# StepDefinitions.Tree.the_user_writes_the_invalid_python_code_and_clicks_on_run_button()&amp#27;[0m
  &amp#27;[32mThen &amp#27;[0m&amp#27;[32mThe user see error msg in alert window&amp#27;[0m                           &amp#27;[90m# StepDefinitions.Tree.the_user_see_error_msg_in_alert_window()&amp#27;[0m
[INFO ] 2024-12-17 10:24:43.813 [TestNG-PoolService-3] Hooks - ======================  Test Execution is completed!! ======================
]]></system-out>
    <system-err><![CDATA[Dec 17, 2024 10:24:39 AM org.openqa.selenium.devtools.CdpVersionFinder findNearestMatch
WARNING: Unable to find an exact match for CDP version 131, returning the closest version; found: 130; Please update to a Selenium version that supports CDP version 131
Dec 17, 2024 10:24:39 AM org.openqa.selenium.devtools.CdpVersionFinder findNearestMatch
WARNING: Unable to find an exact match for CDP version 131, returning the closest version; found: 130; Please update to a Selenium version that supports CDP version 131
]]></system-err>
  </testcase>
  <testcase name="runScenario[&quot;Binary Search Trees&quot;, &quot;Tree&quot;](210)" classname="TestRunners.TestRunner" time="4.595">
    <system-out><![CDATA[
Scenario: Binary Search Trees                                &amp#27;[90m# src/test/resources/Features/Tree.feature:374&amp#27;[0m
  &amp#27;[32mGiven &amp#27;[0m&amp#27;[32mThe user is on the DS Introduction page as signedIn&amp#27;[0m  &amp#27;[90m# StepDefinitions.DSIntroductionDetails.the_user_is_on_the_ds_introduction_page_as_signed_in()&amp#27;[0m
  &amp#27;[32mAnd &amp#27;[0m&amp#27;[32mUser clicks on Get Started button from Tree panel&amp#27;[0m      &amp#27;[90m# StepDefinitions.Tree.user_clicks_on_get_started_button_from_tree_panel()&amp#27;[0m
  &amp#27;[32mGiven &amp#27;[0m&amp#27;[32mThe user is on the Binary Search Trees page&amp#27;[0m          &amp#27;[90m# StepDefinitions.Tree.the_user_is_on_the_binary_search_trees_page()&amp#27;[0m
  &amp#27;[32mWhen &amp#27;[0m&amp#27;[32mThe user clicks Implementation Of BST link&amp#27;[0m            &amp#27;[90m# StepDefinitions.Tree.the_user_clicks_implementation_of_bst_link()&amp#27;[0m
  &amp#27;[32mThen &amp#27;[0m&amp#27;[32mThe user is redirected to Implementation Of BST page.&amp#27;[0m &amp#27;[90m# StepDefinitions.Tree.the_user_is_redirected_to_implementation_of_bst_page()&amp#27;[0m
[INFO ] 2024-12-17 09:53:44.911 [TestNG-PoolService-3] Hooks - ======================  Test Execution is completed!! ======================
]]></system-out>
    <system-err><![CDATA[Dec 17, 2024 9:53:41 AM org.openqa.selenium.devtools.CdpVersionFinder findNearestMatch
WARNING: Unable to find an exact match for CDP version 131, returning the closest version; found: 130; Please update to a Selenium version that supports CDP version 131
]]></system-err>
  </testcase>
  <testcase name="runScenario[&quot;Try Here Editor page with valid data&quot;, &quot;Tree&quot;](211)" classname="TestRunners.TestRunner" time="2.982">
    <system-out><![CDATA[
Scenario: Implementation Of BST                                      &amp#27;[90m# src/test/resources/Features/Tree.feature:381&amp#27;[0m
  &amp#27;[32mGiven &amp#27;[0m&amp#27;[32mThe user is on the DS Introduction page as signedIn&amp#27;[0m          &amp#27;[90m# StepDefinitions.DSIntroductionDetails.the_user_is_on_the_ds_introduction_page_as_signed_in()&amp#27;[0m
  &amp#27;[32mWhen &amp#27;[0m&amp#27;[32mThe user writes the valid python code and clicks on Run button&amp#27;[0m       &amp#27;[90m# StepDefinitions.Tree.the_user_writes_the_valid_python_code_and_clicks_on_run_button()&amp#27;[0m
  &amp#27;[32mThen &amp#27;[0m&amp#27;[32mThe user is able to see the output inside the console.&amp#27;[0m               &amp#27;[90m# StepDefinitions.Tree.the_user_is_able_to_see_the_output_inside_the_console()&amp#27;[0m
[INFO ] 2024-12-17 09:53:47.834 [TestNG-PoolService-2] Hooks - ======================  Test Execution is completed!! ======================
  &amp#27;[32mAnd &amp#27;[0m&amp#27;[32mUser clicks on Get Started button from Tree panel&amp#27;[0m              &amp#27;[90m# StepDefinitions.Tree.user_clicks_on_get_started_button_from_tree_panel()&amp#27;[0m
]]></system-out>
    <system-err><![CDATA[Dec 17, 2024 9:53:45 AM org.openqa.selenium.devtools.CdpVersionFinder findNearestMatch
WARNING: Unable to find an exact match for CDP version 131, returning the closest version; found: 130; Please update to a Selenium version that supports CDP version 131
]]></system-err>
  </testcase>
  <testcase name="runScenario[&quot;Implementation Of BST&quot;, &quot;Tree&quot;](212)" classname="TestRunners.TestRunner" time="1.253">
    <system-out><![CDATA[
Scenario: Try Here Editor page with empty code                               &amp#27;[90m# src/test/resources/Features/Tree.feature:387&amp#27;[0m
  &amp#27;[32mGiven &amp#27;[0m&amp#27;[32mThe user is on the Implementation Of BST page&amp#27;[0m                &amp#27;[90m# StepDefinitions.Tree.the_user_is_on_the_implementation_of_bst_page()&amp#27;[0m
  &amp#27;[32mWhen &amp#27;[0m&amp#27;[32mThe user clicks Try Here button&amp#27;[0m                               &amp#27;[90m# StepDefinitions.Tree.the_user_clicks_try_here_button()&amp#27;[0m
  &amp#27;[32mThen &amp#27;[0m&amp#27;[32mThe user is redirected to a page having Editor and run button&amp#27;[0m &amp#27;[90m# StepDefinitions.Tree.the_user_is_redirected_to_a_page_having_editor_and_run_button()&amp#27;[0m
[INFO ] 2024-12-17 09:53:48.985 [TestNG-PoolService-3] Hooks - ======================  Test Execution is completed!! ======================
]]></system-out>
    <system-err><![CDATA[Dec 17, 2024 9:53:49 AM org.openqa.selenium.devtools.CdpVersionFinder findNearestMatch
WARNING: Unable to find an exact match for CDP version 131, returning the closest version; found: 130; Please update to a Selenium version that supports CDP version 131
]]></system-err>
  </testcase>
  <testcase name="runScenario[&quot;Implementation Of BST&quot;, &quot;Tree&quot;](212)" classname="TestRunners.TestRunner" time="3.697">
    <system-out><![CDATA[
Scenario: Try Here Editor page with empty code                               &amp#27;[90m# src/test/resources/Features/Tree.feature:387&amp#27;[0m
  &amp#27;[32mGiven &amp#27;[0m&amp#27;[32mThe user is on the DS Introduction page as signedIn&amp#27;[0m          &amp#27;[90m# StepDefinitions.DSIntroductionDetails.the_user_is_on_the_ds_introduction_page_as_signed_in()&amp#27;[0m
  &amp#27;[32mAnd &amp#27;[0m&amp#27;[32mUser clicks on Get Started button from Tree panel&amp#27;[0m              &amp#27;[90m# StepDefinitions.Tree.user_clicks_on_get_started_button_from_tree_panel()&amp#27;[0m
  &amp#27;[32mGiven &amp#27;[0m&amp#27;[32mThe user is on the Implementation Of BST page&amp#27;[0m                &amp#27;[90m# StepDefinitions.Tree.the_user_is_on_the_implementation_of_bst_page()&amp#27;[0m
  &amp#27;[32mWhen &amp#27;[0m&amp#27;[32mThe user clicks Try Here button&amp#27;[0m                               &amp#27;[90m# StepDefinitions.Tree.the_user_clicks_try_here_button()&amp#27;[0m
  &amp#27;[32mThen &amp#27;[0m&amp#27;[32mThe user is redirected to a page having Editor and run button&amp#27;[0m &amp#27;[90m# StepDefinitions.Tree.the_user_is_redirected_to_a_page_having_editor_and_run_button()&amp#27;[0m
[INFO ] 2024-12-17 10:10:42.502 [TestNG-PoolService-3] Hooks - ======================  Test Execution is completed!! ======================
]]></system-out>
  </testcase>
  <testcase name="runScenario[&quot;Implementation Of BST&quot;, &quot;Tree&quot;](212)" classname="TestRunners.TestRunner" time="7.58">
    <system-out><![CDATA[
Scenario: Try Here Editor page with empty code                               &amp#27;[90m# src/test/resources/Features/Tree.feature:387&amp#27;[0m
  &amp#27;[32mGiven &amp#27;[0m&amp#27;[32mThe user is on the DS Introduction page as signedIn&amp#27;[0m          &amp#27;[90m# StepDefinitions.DSIntroductionDetails.the_user_is_on_the_ds_introduction_page_as_signed_in()&amp#27;[0m
  &amp#27;[32mGiven &amp#27;[0m&amp#27;[32mThe user is on the DS Introduction page as signedIn&amp#27;[0m                  &amp#27;[90m# StepDefinitions.DSIntroductionDetails.the_user_is_on_the_ds_introduction_page_as_signed_in()&amp#27;[0m
  &amp#27;[32mAnd &amp#27;[0m&amp#27;[32mUser clicks on Get Started button from Tree panel&amp#27;[0m              &amp#27;[90m# StepDefinitions.Tree.user_clicks_on_get_started_button_from_tree_panel()&amp#27;[0m
  &amp#27;[32mAnd &amp#27;[0m&amp#27;[32mUser clicks on Get Started button from Tree panel&amp#27;[0m                      &amp#27;[90m# StepDefinitions.Tree.user_clicks_on_get_started_button_from_tree_panel()&amp#27;[0m
  &amp#27;[32mGiven &amp#27;[0m&amp#27;[32mThe user is on the Implementation Of BST page&amp#27;[0m                &amp#27;[90m# StepDefinitions.Tree.the_user_is_on_the_implementation_of_bst_page()&amp#27;[0m
  &amp#27;[32mWhen &amp#27;[0m&amp#27;[32mThe user clicks Try Here button&amp#27;[0m                               &amp#27;[90m# StepDefinitions.Tree.the_user_clicks_try_here_button()&amp#27;[0m
  &amp#27;[32mThen &amp#27;[0m&amp#27;[32mThe user is redirected to a page having Editor and run button&amp#27;[0m &amp#27;[90m# StepDefinitions.Tree.the_user_is_redirected_to_a_page_having_editor_and_run_button()&amp#27;[0m
[INFO ] 2024-12-17 10:24:58.346 [TestNG-PoolService-2] Hooks - ======================  Test Execution is completed!! ======================
  &amp#27;[32mGiven &amp#27;[0m&amp#27;[32mThe user is on the editor page of Implementation Of BST page&amp#27;[0m         &amp#27;[90m# StepDefinitions.Tree.the_user_is_on_the_editor_page_of_implementation_of_bst_page()&amp#27;[0m
  &amp#27;[32mWhen &amp#27;[0m&amp#27;[32mThe user writes no code inside editor window and clicks on Run button&amp#27;[0m &amp#27;[90m# StepDefinitions.Tree.the_user_writes_no_code_inside_editor_window_and_clicks_on_run_button()&amp#27;[0m
  &amp#27;[32mThen &amp#27;[0m&amp#27;[32mNothing happens to the Editor page and no error message is displayed&amp#27;[0m  &amp#27;[90m# StepDefinitions.Tree.nothing_happens_to_the_editor_page_and_no_error_message_is_displayed()&amp#27;[0m
[INFO ] 2024-12-17 10:24:58.679 [TestNG-PoolService-3] Hooks - ======================  Test Execution is completed!! ======================
]]></system-out>
    <system-err><![CDATA[Dec 17, 2024 10:24:54 AM org.openqa.selenium.devtools.CdpVersionFinder findNearestMatch
WARNING: Unable to find an exact match for CDP version 131, returning the closest version; found: 130; Please update to a Selenium version that supports CDP version 131
Dec 17, 2024 10:24:54 AM org.openqa.selenium.devtools.CdpVersionFinder findNearestMatch
WARNING: Unable to find an exact match for CDP version 131, returning the closest version; found: 130; Please update to a Selenium version that supports CDP version 131
]]></system-err>
  </testcase>
  <testcase name="runScenario[&quot;Try Here Editor page with empty code&quot;, &quot;Tree&quot;](213)" classname="TestRunners.TestRunner" time="4.025">
    <system-out><![CDATA[
Scenario: Try Here Editor page with valid data                        &amp#27;[90m# src/test/resources/Features/Tree.feature:393&amp#27;[0m
  &amp#27;[32mGiven &amp#27;[0m&amp#27;[32mThe user is on the DS Introduction page as signedIn&amp#27;[0m                  &amp#27;[90m# StepDefinitions.DSIntroductionDetails.the_user_is_on_the_ds_introduction_page_as_signed_in()&amp#27;[0m
  &amp#27;[32mAnd &amp#27;[0m&amp#27;[32mUser clicks on Get Started button from Tree panel&amp#27;[0m                      &amp#27;[90m# StepDefinitions.Tree.user_clicks_on_get_started_button_from_tree_panel()&amp#27;[0m
  &amp#27;[32mGiven &amp#27;[0m&amp#27;[32mThe user is on the DS Introduction page as signedIn&amp#27;[0m           &amp#27;[90m# StepDefinitions.DSIntroductionDetails.the_user_is_on_the_ds_introduction_page_as_signed_in()&amp#27;[0m
  &amp#27;[32mGiven &amp#27;[0m&amp#27;[32mThe user is on the editor page of Implementation Of BST page&amp#27;[0m         &amp#27;[90m# StepDefinitions.Tree.the_user_is_on_the_editor_page_of_implementation_of_bst_page()&amp#27;[0m
  &amp#27;[32mAnd &amp#27;[0m&amp#27;[32mUser clicks on Get Started button from Tree panel&amp#27;[0m               &amp#27;[90m# StepDefinitions.Tree.user_clicks_on_get_started_button_from_tree_panel()&amp#27;[0m
  &amp#27;[32mWhen &amp#27;[0m&amp#27;[32mThe user writes no code inside editor window and clicks on Run button&amp#27;[0m &amp#27;[90m# StepDefinitions.Tree.the_user_writes_no_code_inside_editor_window_and_clicks_on_run_button()&amp#27;[0m
  &amp#27;[32mThen &amp#27;[0m&amp#27;[32mNothing happens to the Editor page and no error message is displayed&amp#27;[0m  &amp#27;[90m# StepDefinitions.Tree.nothing_happens_to_the_editor_page_and_no_error_message_is_displayed()&amp#27;[0m
[INFO ] 2024-12-17 09:53:53.122 [TestNG-PoolService-2] Hooks - ======================  Test Execution is completed!! ======================
]]></system-out>
    <system-err><![CDATA[Dec 17, 2024 9:53:50 AM org.openqa.selenium.devtools.CdpVersionFinder findNearestMatch
WARNING: Unable to find an exact match for CDP version 131, returning the closest version; found: 130; Please update to a Selenium version that supports CDP version 131
]]></system-err>
  </testcase>
  <testcase name="runScenario[&quot;Try Here Editor page with empty code&quot;, &quot;Tree&quot;](213)" classname="TestRunners.TestRunner" time="6.878">
    <system-out><![CDATA[
Scenario: Try Here Editor page with valid data                        &amp#27;[90m# src/test/resources/Features/Tree.feature:393&amp#27;[0m
  &amp#27;[32mGiven &amp#27;[0m&amp#27;[32mThe user is on the DS Introduction page as signedIn&amp#27;[0m                  &amp#27;[90m# StepDefinitions.DSIntroductionDetails.the_user_is_on_the_ds_introduction_page_as_signed_in()&amp#27;[0m
  &amp#27;[32mAnd &amp#27;[0m&amp#27;[32mUser clicks on Get Started button from Tree panel&amp#27;[0m                      &amp#27;[90m# StepDefinitions.Tree.user_clicks_on_get_started_button_from_tree_panel()&amp#27;[0m
  &amp#27;[32mGiven &amp#27;[0m&amp#27;[32mThe user is on the editor page of Implementation Of BST page&amp#27;[0m         &amp#27;[90m# StepDefinitions.Tree.the_user_is_on_the_editor_page_of_implementation_of_bst_page()&amp#27;[0m
  &amp#27;[32mWhen &amp#27;[0m&amp#27;[32mThe user writes no code inside editor window and clicks on Run button&amp#27;[0m &amp#27;[90m# StepDefinitions.Tree.the_user_writes_no_code_inside_editor_window_and_clicks_on_run_button()&amp#27;[0m
  &amp#27;[32mThen &amp#27;[0m&amp#27;[32mNothing happens to the Editor page and no error message is displayed&amp#27;[0m  &amp#27;[90m# StepDefinitions.Tree.nothing_happens_to_the_editor_page_and_no_error_message_is_displayed()&amp#27;[0m
[INFO ] 2024-12-17 10:10:48.834 [TestNG-PoolService-2] Hooks - ======================  Test Execution is completed!! ======================
]]></system-out>
  </testcase>
  <testcase name="runScenario[&quot;Try Here Editor page with empty code&quot;, &quot;Tree&quot;](213)" classname="TestRunners.TestRunner" time="0.258">
    <system-out><![CDATA[
Scenario: Try Here Editor page with valid data                        &amp#27;[90m# src/test/resources/Features/Tree.feature:393&amp#27;[0m
]]></system-out>
  </testcase>
  <testcase name="runScenario[&quot;Try Here Editor page with invalid data&quot;, &quot;Tree&quot;](214)" classname="TestRunners.TestRunner" time="4.421">
    <system-out><![CDATA[
Scenario: Try Here Editor page with invalid data                        &amp#27;[90m# src/test/resources/Features/Tree.feature:399&amp#27;[0m
  &amp#27;[32mGiven &amp#27;[0m&amp#27;[32mThe user is on the editor page of Implementation Of BST page&amp#27;[0m  &amp#27;[90m# StepDefinitions.Tree.the_user_is_on_the_editor_page_of_implementation_of_bst_page()&amp#27;[0m
  &amp#27;[32mGiven &amp#27;[0m&amp#27;[32mThe user is on the DS Introduction page as signedIn&amp#27;[0m             &amp#27;[90m# StepDefinitions.DSIntroductionDetails.the_user_is_on_the_ds_introduction_page_as_signed_in()&amp#27;[0m
  &amp#27;[32mAnd &amp#27;[0m&amp#27;[32mUser clicks on Get Started button from Tree panel&amp#27;[0m                 &amp#27;[90m# StepDefinitions.Tree.user_clicks_on_get_started_button_from_tree_panel()&amp#27;[0m
  &amp#27;[32mGiven &amp#27;[0m&amp#27;[32mThe user is on the editor page of Implementation Of BST page&amp#27;[0m    &amp#27;[90m# StepDefinitions.Tree.the_user_is_on_the_editor_page_of_implementation_of_bst_page()&amp#27;[0m
  &amp#27;[32mWhen &amp#27;[0m&amp#27;[32mThe user writes the invalid python code and clicks on Run button&amp#27;[0m &amp#27;[90m# StepDefinitions.Tree.the_user_writes_the_invalid_python_code_and_clicks_on_run_button()&amp#27;[0m
  &amp#27;[32mThen &amp#27;[0m&amp#27;[32mThe user see error msg in alert window&amp#27;[0m                           &amp#27;[90m# StepDefinitions.Tree.the_user_see_error_msg_in_alert_window()&amp#27;[0m
[INFO ] 2024-12-17 09:53:57.559 [TestNG-PoolService-2] Hooks - ======================  Test Execution is completed!! ======================
]]></system-out>
    <system-err><![CDATA[Dec 17, 2024 9:53:54 AM org.openqa.selenium.devtools.CdpVersionFinder findNearestMatch
WARNING: Unable to find an exact match for CDP version 131, returning the closest version; found: 130; Please update to a Selenium version that supports CDP version 131
]]></system-err>
  </testcase>
  <testcase name="runScenario[&quot;Try Here Editor page with invalid data&quot;, &quot;Tree&quot;](214)" classname="TestRunners.TestRunner" time="7.707">
    <system-out><![CDATA[
Scenario: Try Here Editor page with invalid data                        &amp#27;[90m# src/test/resources/Features/Tree.feature:399&amp#27;[0m
  &amp#27;[32mGiven &amp#27;[0m&amp#27;[32mThe user is on the DS Introduction page as signedIn&amp#27;[0m           &amp#27;[90m# StepDefinitions.DSIntroductionDetails.the_user_is_on_the_ds_introduction_page_as_signed_in()&amp#27;[0m
  &amp#27;[32mGiven &amp#27;[0m&amp#27;[32mThe user is on the DS Introduction page as signedIn&amp#27;[0m             &amp#27;[90m# StepDefinitions.DSIntroductionDetails.the_user_is_on_the_ds_introduction_page_as_signed_in()&amp#27;[0m
  &amp#27;[32mAnd &amp#27;[0m&amp#27;[32mUser clicks on Get Started button from Tree panel&amp#27;[0m               &amp#27;[90m# StepDefinitions.Tree.user_clicks_on_get_started_button_from_tree_panel()&amp#27;[0m
  &amp#27;[32mAnd &amp#27;[0m&amp#27;[32mUser clicks on Get Started button from Tree panel&amp#27;[0m                 &amp#27;[90m# StepDefinitions.Tree.user_clicks_on_get_started_button_from_tree_panel()&amp#27;[0m
  &amp#27;[32mGiven &amp#27;[0m&amp#27;[32mThe user is on the editor page of Implementation Of BST page&amp#27;[0m  &amp#27;[90m# StepDefinitions.Tree.the_user_is_on_the_editor_page_of_implementation_of_bst_page()&amp#27;[0m
  &amp#27;[32mGiven &amp#27;[0m&amp#27;[32mThe user is on the editor page of Implementation Of BST page&amp#27;[0m    &amp#27;[90m# StepDefinitions.Tree.the_user_is_on_the_editor_page_of_implementation_of_bst_page()&amp#27;[0m
  &amp#27;[32mWhen &amp#27;[0m&amp#27;[32mThe user writes the invalid python code and clicks on Run button&amp#27;[0m &amp#27;[90m# StepDefinitions.Tree.the_user_writes_the_invalid_python_code_and_clicks_on_run_button()&amp#27;[0m
  &amp#27;[32mThen &amp#27;[0m&amp#27;[32mThe user see error msg in alert window&amp#27;[0m                           &amp#27;[90m# StepDefinitions.Tree.the_user_see_error_msg_in_alert_window()&amp#27;[0m
[INFO ] 2024-12-17 10:25:06.378 [TestNG-PoolService-3] Hooks - ======================  Test Execution is completed!! ======================
]]></system-out>
    <system-err><![CDATA[Dec 17, 2024 10:25:02 AM org.openqa.selenium.devtools.CdpVersionFinder findNearestMatch
WARNING: Unable to find an exact match for CDP version 131, returning the closest version; found: 130; Please update to a Selenium version that supports CDP version 131
Dec 17, 2024 10:25:02 AM org.openqa.selenium.devtools.CdpVersionFinder findNearestMatch
WARNING: Unable to find an exact match for CDP version 131, returning the closest version; found: 130; Please update to a Selenium version that supports CDP version 131
]]></system-err>
  </testcase>
  <testcase name="runScenario[&quot;Implementation Of BST&quot;, &quot;Tree&quot;](215)" classname="TestRunners.TestRunner" time="3.77">
    <system-out><![CDATA[
Scenario: Implementation Of BST                             &amp#27;[90m# src/test/resources/Features/Tree.feature:406&amp#27;[0m
  &amp#27;[32mGiven &amp#27;[0m&amp#27;[32mThe user is on the DS Introduction page as signedIn&amp#27;[0m &amp#27;[90m# StepDefinitions.DSIntroductionDetails.the_user_is_on_the_ds_introduction_page_as_signed_in()&amp#27;[0m
  &amp#27;[32mAnd &amp#27;[0m&amp#27;[32mUser clicks on Get Started button from Tree panel&amp#27;[0m     &amp#27;[90m# StepDefinitions.Tree.user_clicks_on_get_started_button_from_tree_panel()&amp#27;[0m
  &amp#27;[32mGiven &amp#27;[0m&amp#27;[32mThe user is on the Implementation Of BST page&amp#27;[0m       &amp#27;[90m# StepDefinitions.Tree.the_user_is_on_the_implementation_of_bst_page()&amp#27;[0m
  &amp#27;[32mWhen &amp#27;[0m&amp#27;[32mThe user clicks Practice Questions link&amp#27;[0m              &amp#27;[90m# StepDefinitions.Tree.the_user_clicks_practice_questions_link()&amp#27;[0m
  &amp#27;[32mThen &amp#27;[0m&amp#27;[32mThe user is redirected to Practice Questions page.&amp#27;[0m   &amp#27;[90m# StepDefinitions.Tree.the_user_is_redirected_to_practice_questions_page()&amp#27;[0m
[INFO ] 2024-12-17 09:54:01.221 [TestNG-PoolService-2] Hooks - ======================  Test Execution is completed!! ======================
]]></system-out>
    <system-err><![CDATA[Dec 17, 2024 9:53:58 AM org.openqa.selenium.devtools.CdpVersionFinder findNearestMatch
WARNING: Unable to find an exact match for CDP version 131, returning the closest version; found: 130; Please update to a Selenium version that supports CDP version 131
]]></system-err>
  </testcase>
  <testcase name="runScenario[&quot;Implementation Of BST&quot;, &quot;Tree&quot;](215)" classname="TestRunners.TestRunner" time="6.489">
    <system-out><![CDATA[
Scenario: Implementation Of BST                             &amp#27;[90m# src/test/resources/Features/Tree.feature:406&amp#27;[0m
  &amp#27;[32mGiven &amp#27;[0m&amp#27;[32mThe user is on the DS Introduction page as signedIn&amp#27;[0m &amp#27;[90m# StepDefinitions.DSIntroductionDetails.the_user_is_on_the_ds_introduction_page_as_signed_in()&amp#27;[0m
  &amp#27;[32mAnd &amp#27;[0m&amp#27;[32mUser clicks on Get Started button from Tree panel&amp#27;[0m     &amp#27;[90m# StepDefinitions.Tree.user_clicks_on_get_started_button_from_tree_panel()&amp#27;[0m
  &amp#27;[32mGiven &amp#27;[0m&amp#27;[32mThe user is on the Implementation Of BST page&amp#27;[0m       &amp#27;[90m# StepDefinitions.Tree.the_user_is_on_the_implementation_of_bst_page()&amp#27;[0m
  &amp#27;[32mWhen &amp#27;[0m&amp#27;[32mThe user clicks Practice Questions link&amp#27;[0m              &amp#27;[90m# StepDefinitions.Tree.the_user_clicks_practice_questions_link()&amp#27;[0m
  &amp#27;[32mThen &amp#27;[0m&amp#27;[32mThe user is redirected to Practice Questions page.&amp#27;[0m   &amp#27;[90m# StepDefinitions.Tree.the_user_is_redirected_to_practice_questions_page()&amp#27;[0m
[INFO ] 2024-12-17 10:25:12.872 [TestNG-PoolService-3] Hooks - ======================  Test Execution is completed!! ======================
  &amp#27;[32mWhen &amp#27;[0m&amp#27;[32mThe user writes the valid python code and clicks on Run button&amp#27;[0m &amp#27;[90m# StepDefinitions.Tree.the_user_writes_the_valid_python_code_and_clicks_on_run_button()&amp#27;[0m
  &amp#27;[32mThen &amp#27;[0m&amp#27;[32mThe user is able to see the output inside the console.&amp#27;[0m         &amp#27;[90m# StepDefinitions.Tree.the_user_is_able_to_see_the_output_inside_the_console()&amp#27;[0m
[INFO ] 2024-12-17 10:25:13.374 [TestNG-PoolService-1] Hooks - ======================  Test Execution is completed!! ======================
]]></system-out>
    <system-err><![CDATA[Dec 17, 2024 10:25:10 AM org.openqa.selenium.devtools.CdpVersionFinder findNearestMatch
WARNING: Unable to find an exact match for CDP version 131, returning the closest version; found: 130; Please update to a Selenium version that supports CDP version 131
]]></system-err>
  </testcase>
  <testcase name="runScenario[&quot;Try Here Editor page with valid data&quot;, &quot;Tree&quot;](216)" classname="TestRunners.TestRunner" time="9.094">
    <system-out><![CDATA[  &amp#27;[32mWhen &amp#27;[0m&amp#27;[32mThe user writes the valid python code and clicks on Run button&amp#27;[0m &amp#27;[90m# StepDefinitions.Tree.the_user_writes_the_valid_python_code_and_clicks_on_run_button()&amp#27;[0m
  &amp#27;[32mThen &amp#27;[0m&amp#27;[32mThe user is able to see the output inside the console.&amp#27;[0m         &amp#27;[90m# StepDefinitions.Tree.the_user_is_able_to_see_the_output_inside_the_console()&amp#27;[0m
[INFO ] 2024-12-17 09:54:06.639 [TestNG-PoolService-1] Hooks - ======================  Test Execution is completed!! ======================
]]></system-out>
  </testcase>
  <testcase name="runScenario[&quot;Try Here Editor page with valid data&quot;, &quot;Tree&quot;](216)" classname="TestRunners.TestRunner" time="6.984"/>
  <testcase name="runScenario[&quot;Try Here Editor page with valid data&quot;, &quot;Tree&quot;](217)" classname="TestRunners.TestRunner" time="26.976">
    <system-out><![CDATA[  &amp#27;[32mWhen &amp#27;[0m&amp#27;[32mThe user writes the valid python code and clicks on Run button&amp#27;[0m &amp#27;[90m# StepDefinitions.Tree.the_user_writes_the_valid_python_code_and_clicks_on_run_button()&amp#27;[0m
  &amp#27;[32mThen &amp#27;[0m&amp#27;[32mThe user is able to see the output inside the console.&amp#27;[0m         &amp#27;[90m# StepDefinitions.Tree.the_user_is_able_to_see_the_output_inside_the_console()&amp#27;[0m
[INFO ] 2024-12-17 09:54:24.517 [TestNG-PoolService-3] Hooks - ======================  Test Execution is completed!! ======================
]]></system-out>
  </testcase>
  <testcase name="runScenario[&quot;Try Here Editor page with valid data&quot;, &quot;Tree&quot;](217)" classname="TestRunners.TestRunner" time="26.352">
    <failure message="expected [hello] but found []" type="java.lang.AssertionError"><![CDATA[java.lang.AssertionError: expected [hello] but found []
]]></failure>
    <system-out><![CDATA[  &amp#27;[32mWhen &amp#27;[0m&amp#27;[32mThe user writes the valid python code and clicks on Run button&amp#27;[0m &amp#27;[90m# StepDefinitions.Tree.the_user_writes_the_valid_python_code_and_clicks_on_run_button()&amp#27;[0m
  &amp#27;[31mThen &amp#27;[0m&amp#27;[31mThe user is able to see the output inside the console.&amp#27;[0m         &amp#27;[90m# StepDefinitions.Tree.the_user_is_able_to_see_the_output_inside_the_console()&amp#27;[0m
      &amp#27;[31mjava.lang.AssertionError: expected [hello] but found []
	at org.testng.Assert.fail(Assert.java:111)
	at org.testng.Assert.failNotEquals(Assert.java:1578)
	at org.testng.Assert.assertEqualsImpl(Assert.java:150)
	at org.testng.Assert.assertEquals(Assert.java:132)
	at org.testng.Assert.assertEquals(Assert.java:656)
	at org.testng.Assert.assertEquals(Assert.java:666)
	at StepDefinitions.Tree.the_user_is_able_to_see_the_output_inside_the_console(Tree.java:101)
	at ✽.The user is able to see the output inside the console.(file:///C:/Projects/newFolder-3/Repo1/src/test/resources/Features/Tree.feature:397)
&amp#27;[0m
[ERROR] 2024-12-17 10:11:23.281 [TestNG-PoolService-3] Hooks - ======================  TEST CASE FAILED !! ======================

    Embedding screenshot [image/png 37860 bytes]

[INFO ] 2024-12-17 10:11:23.311 [TestNG-PoolService-3] Hooks - ======================  Screenshot is captured  ======================
[INFO ] 2024-12-17 10:11:23.311 [TestNG-PoolService-3] Hooks - ======================  Test Execution is completed!! ======================
]]></system-out>
  </testcase>
  <testcase name="runScenario[&quot;Try Here Editor page with valid data&quot;, &quot;Tree&quot;](217)" classname="TestRunners.TestRunner" time="29.686">
    <system-out><![CDATA[  &amp#27;[32mWhen &amp#27;[0m&amp#27;[32mThe user writes the valid python code and clicks on Run button&amp#27;[0m &amp#27;[90m# StepDefinitions.Tree.the_user_writes_the_valid_python_code_and_clicks_on_run_button()&amp#27;[0m
  &amp#27;[32mThen &amp#27;[0m&amp#27;[32mThe user is able to see the output inside the console.&amp#27;[0m         &amp#27;[90m# StepDefinitions.Tree.the_user_is_able_to_see_the_output_inside_the_console()&amp#27;[0m
[INFO ] 2024-12-17 10:25:36.096 [TestNG-PoolService-2] Hooks - ======================  Test Execution is completed!! ======================
]]></system-out>
  </testcase>
  <testcase name="runScenario[&quot;Validate user can navigate to Arrays in python&quot;, &quot;Array detail page&quot;](1)" classname="TestRunners.TestRunner" time="12.701">
    <system-out><![CDATA[ in runner firefox

Scenario: Validate user navigated to array details page when clicked on get started &amp#27;[90m# src/test/resources/Features/ArrayDetailsPage.feature:7&amp#27;[0m

Scenario: Validate user can Try here link page from Arrays in python &amp#27;[90m# src/test/resources/Features/ArrayDetailsPage.feature:15&amp#27;[0m

Scenario: Validate user can navigate to Arrays in python    &amp#27;[90m# src/test/resources/Features/ArrayDetailsPage.feature:10&amp#27;[0m
  &amp#27;[32mGiven &amp#27;[0m&amp#27;[32mThe user is on the DS Introduction page as signedIn&amp#27;[0m &amp#27;[90m# StepDefinitions.DSIntroductionDetails.the_user_is_on_the_ds_introduction_page_as_signed_in()&amp#27;[0m
  &amp#27;[32mWhen &amp#27;[0m&amp#27;[32mThe user clicks on Get Started link for array&amp#27;[0m        &amp#27;[90m# StepDefinitions.ArrayStepDefintions.the_user_clicks_on_get_started_link_for_array()&amp#27;[0m
  &amp#27;[32mGiven &amp#27;[0m&amp#27;[32mThe user is on the array details page&amp#27;[0m               &amp#27;[90m# StepDefinitions.ArrayStepDefintions.the_user_is_on_the_array_details_page()&amp#27;[0m
  &amp#27;[32mGiven &amp#27;[0m&amp#27;[32mThe user is on the DS Introduction page as signedIn&amp#27;[0m                         &amp#27;[90m# StepDefinitions.DSIntroductionDetails.the_user_is_on_the_ds_introduction_page_as_signed_in()&amp#27;[0m
  &amp#27;[32mWhen &amp#27;[0m&amp#27;[32mThe user click on Array in python link&amp#27;[0m               &amp#27;[90m# StepDefinitions.ArrayStepDefintions.the_user_click_on_array_in_python_link()&amp#27;[0m
  &amp#27;[32mThen &amp#27;[0m&amp#27;[32mthe user is navigated to array in arrays in python&amp#27;[0m   &amp#27;[90m# StepDefinitions.ArrayStepDefintions.the_user_is_navigated_to_array_in_arrays_in_python()&amp#27;[0m
[INFO ] 2024-12-17 09:54:39.507 [TestNG-PoolService-2] Hooks - ======================  Test Execution is completed!! ======================
  &amp#27;[32mWhen &amp#27;[0m&amp#27;[32mThe user clicks on Get Started link for array&amp#27;[0m                                &amp#27;[90m# StepDefinitions.ArrayStepDefintions.the_user_clicks_on_get_started_link_for_array()&amp#27;[0m
  &amp#27;[32mThen &amp#27;[0m&amp#27;[32mThe user is on the array details page&amp#27;[0m                                        &amp#27;[90m# StepDefinitions.ArrayStepDefintions.the_user_is_on_the_array_details_page()&amp#27;[0m
[INFO ] 2024-12-17 09:54:40.336 [TestNG-PoolService-1] Hooks - ======================  Test Execution is completed!! ======================
  &amp#27;[32mGiven &amp#27;[0m&amp#27;[32mThe user is on the DS Introduction page as signedIn&amp#27;[0m          &amp#27;[90m# StepDefinitions.DSIntroductionDetails.the_user_is_on_the_ds_introduction_page_as_signed_in()&amp#27;[0m
  &amp#27;[32mWhen &amp#27;[0m&amp#27;[32mThe user clicks on Get Started link for array&amp#27;[0m                 &amp#27;[90m# StepDefinitions.ArrayStepDefintions.the_user_clicks_on_get_started_link_for_array()&amp#27;[0m
  &amp#27;[32mGiven &amp#27;[0m&amp#27;[32mThe user is on the arrays in python page&amp#27;[0m                     &amp#27;[90m# StepDefinitions.ArrayStepDefintions.the_user_is_on_the_arrays_in_python_page()&amp#27;[0m
]]></system-out>
    <system-err><![CDATA[Dec 17, 2024 9:54:25 AM tech.grasshopper.pdf.PDFCucumberReport collectReportConfiguration
INFO: PDF report configuration YAML file not found. Using default settings.
]]></system-err>
  </testcase>
  <testcase name="runScenario[&quot;Validate user navigated to array details page when clicked on get started&quot;, &quot;Array detail page&quot;](2)" classname="TestRunners.TestRunner" time="0.001"/>
  <testcase name="runScenario[&quot;Validate user is able to Submit the code in tryEditor for Max Consecutive Ones&quot;, &quot;Array detail page&quot;](30)" classname="TestRunners.TestRunner" time="5.345">
    <failure message="expected [ Some Tests failed. Please review code] but found [Error occurred during submission]" type="java.lang.AssertionError"><![CDATA[java.lang.AssertionError: expected [ Some Tests failed. Please review code] but found [Error occurred during submission]
]]></failure>
    <system-out><![CDATA[
Scenario Outline: Validate user is able to run the code in tryEditor for Even number of digits                            &amp#27;[90m# src/test/resources/Features/ArrayDetailsPage.feature:182&amp#27;[0m
  &amp#27;[32mGiven &amp#27;[0m&amp#27;[32mThe user is on the Practice Questions page of Max Consecutive Ones&amp#27;[0m                                                   &amp#27;[90m# StepDefinitions.ArrayStepDefintions.the_user_is_on_the_practice_questions_page_of_max_consecutive_ones()&amp#27;[0m
def findMaxConsecutiveOnes(nums) :
count = 0
result = 0
for i in range(0, len(nums)):
if (nums[i] == 0):
count = 0
else:
count+= 1
result = max(result, count)
  &amp#27;[32mGiven &amp#27;[0m&amp#27;[32mThe user is on the DS Introduction page as signedIn&amp#27;[0m                                                                        &amp#27;[90m# StepDefinitions.DSIntroductionDetails.the_user_is_on_the_ds_introduction_page_as_signed_in()&amp#27;[0m
print(result)
findMaxConsecutiveOnes([1,0,1,1,0,1])
  &amp#27;[32mWhen &amp#27;[0m&amp#27;[32mThe user clicks on Get Started link for array&amp#27;[0m                                                                               &amp#27;[90m# StepDefinitions.ArrayStepDefintions.the_user_clicks_on_get_started_link_for_array()&amp#27;[0m
  &amp#27;[32mWhen &amp#27;[0m&amp#27;[32mThe user enter python code in tryEditor page sheet &amp#27;[0m&amp#27;[32m&amp#27;[1m"pythonCode"&amp#27;[0m&amp#27;[32m and row &amp#27;[0m&amp#27;[32m&amp#27;[1m3&amp#27;[0m&amp#27;[32m for the Question and click on submit button&amp#27;[0m &amp#27;[90m# StepDefinitions.ArrayStepDefintions.the_user_enter_valid_python_code_in_try_editor_page_sheet_and_for_the_question_submit_button(java.lang.String,int)&amp#27;[0m
  &amp#27;[31mThen &amp#27;[0m&amp#27;[31mthe user should be presented with the Run result from sheet &amp#27;[0m&amp#27;[31m&amp#27;[1m"pythonCode"&amp#27;[0m&amp#27;[31m and row &amp#27;[0m&amp#27;[31m&amp#27;[1m3&amp#27;[0m                                    &amp#27;[90m# StepDefinitions.ArrayStepDefintions.the_user_should_be_presented_with_the_run_result(java.lang.String,int)&amp#27;[0m
      &amp#27;[31mjava.lang.AssertionError: expected [ Some Tests failed. Please review code] but found [Error occurred during submission]
	at org.testng.Assert.fail(Assert.java:111)
	at org.testng.Assert.failNotEquals(Assert.java:1578)
	at org.testng.Assert.assertEqualsImpl(Assert.java:150)
	at org.testng.Assert.assertEquals(Assert.java:132)
	at org.testng.Assert.assertEquals(Assert.java:656)
	at org.testng.Assert.assertEquals(Assert.java:666)
	at StepDefinitions.ArrayStepDefintions.the_user_should_be_presented_with_the_run_result(ArrayStepDefintions.java:159)
	at ✽.the user should be presented with the Run result from sheet "pythonCode" and row 3(file:///C:/Projects/newFolder-3/Repo1/src/test/resources/Features/ArrayDetailsPage.feature:165)
&amp#27;[0m
[ERROR] 2024-12-17 09:56:47.173 [TestNG-PoolService-3] Hooks - ======================  TEST CASE FAILED !! ======================

    Embedding screenshot [image/png 74838 bytes]

[INFO ] 2024-12-17 09:56:47.247 [TestNG-PoolService-3] Hooks - ======================  Screenshot is captured  ======================
[INFO ] 2024-12-17 09:56:47.249 [TestNG-PoolService-3] Hooks - ======================  Test Execution is completed!! ======================
  &amp#27;[32mGiven &amp#27;[0m&amp#27;[32mThe user is on the Practice Questions page of Max Consecutive Ones&amp#27;[0m                                                         &amp#27;[90m# StepDefinitions.ArrayStepDefintions.the_user_is_on_the_practice_questions_page_of_max_consecutive_ones()&amp#27;[0m
  &amp#27;[32mWhen &amp#27;[0m&amp#27;[32mthe user click on run button&amp#27;[0m                                                                                                &amp#27;[90m# StepDefinitions.ArrayStepDefintions.the_user_click_on_run_button()&amp#27;[0m
  &amp#27;[32mThen &amp#27;[0m&amp#27;[32mThe user should see an alert error message as &amp#27;[0m&amp#27;[32m&amp#27;[1m"SyntaxError: bad input on line 2"&amp#27;[0m                                            &amp#27;[90m# StepDefinitions.DSIntroductionDetails.the_user_should_see_an_alert_error_message(java.lang.String)&amp#27;[0m
[INFO ] 2024-12-17 09:56:47.832 [TestNG-PoolService-2] Hooks - ======================  Test Execution is completed!! ======================
]]></system-out>
  </testcase>
  <testcase name="runScenario[&quot;Validate user is able to Submit the code in tryEditor for Max Consecutive Ones&quot;, &quot;Array detail page&quot;](30)" classname="TestRunners.TestRunner" time="1.947">
    <system-out><![CDATA[
Scenario Outline: Validate user is able to run the code in tryEditor for Even number of digits                            &amp#27;[90m# src/test/resources/Features/ArrayDetailsPage.feature:182&amp#27;[0m
  &amp#27;[32mWhen &amp#27;[0m&amp#27;[32mThe user enter python code in tryEditor page sheet &amp#27;[0m&amp#27;[32m&amp#27;[1m"pythonCode"&amp#27;[0m&amp#27;[32m and row &amp#27;[0m&amp#27;[32m&amp#27;[1m3&amp#27;[0m&amp#27;[32m for the Question and click on submit button&amp#27;[0m &amp#27;[90m# StepDefinitions.ArrayStepDefintions.the_user_enter_valid_python_code_in_try_editor_page_sheet_and_for_the_question_submit_button(java.lang.String,int)&amp#27;[0m
  &amp#27;[32mThen &amp#27;[0m&amp#27;[32mthe user should be presented with the Run result from sheet &amp#27;[0m&amp#27;[32m&amp#27;[1m"pythonCode"&amp#27;[0m&amp#27;[32m and row &amp#27;[0m&amp#27;[32m&amp#27;[1m3&amp#27;[0m                                    &amp#27;[90m# StepDefinitions.ArrayStepDefintions.the_user_should_be_presented_with_the_run_result(java.lang.String,int)&amp#27;[0m
[INFO ] 2024-12-17 10:13:17.351 [TestNG-PoolService-2] Hooks - ======================  Test Execution is completed!! ======================
]]></system-out>
    <system-err><![CDATA[Dec 17, 2024 10:13:17 AM org.openqa.selenium.devtools.CdpVersionFinder findNearestMatch
WARNING: Unable to find an exact match for CDP version 131, returning the closest version; found: 130; Please update to a Selenium version that supports CDP version 131
]]></system-err>
  </testcase>
  <testcase name="runScenario[&quot;Validate user is presented with error message for the code with the invalid syntax in tryEditor for Max Consecutive Ones&quot;, &quot;Array detail page&quot;](31)" classname="TestRunners.TestRunner" time="0.433">
    <system-out><![CDATA[
Scenario Outline: Validate user is able to Submit the code in tryEditor for Even number of digits                            &amp#27;[90m# src/test/resources/Features/ArrayDetailsPage.feature:191&amp#27;[0m
]]></system-out>
  </testcase>
  <testcase name="runScenario[&quot;Validate user is presented with error message for the code with the invalid syntax in tryEditor for Max Consecutive Ones&quot;, &quot;Array detail page&quot;](31)" classname="TestRunners.TestRunner" time="5.235">
    <system-out><![CDATA[
Scenario Outline: Validate user is able to Submit the code in tryEditor for Even number of digits                            &amp#27;[90m# src/test/resources/Features/ArrayDetailsPage.feature:191&amp#27;[0m
  &amp#27;[32mGiven &amp#27;[0m&amp#27;[32mThe user is on the DS Introduction page as signedIn&amp#27;[0m                                                                        &amp#27;[90m# StepDefinitions.DSIntroductionDetails.the_user_is_on_the_ds_introduction_page_as_signed_in()&amp#27;[0m
  &amp#27;[32mWhen &amp#27;[0m&amp#27;[32mThe user clicks on Get Started link for array&amp#27;[0m                                                                               &amp#27;[90m# StepDefinitions.ArrayStepDefintions.the_user_clicks_on_get_started_link_for_array()&amp#27;[0m
  &amp#27;[32mGiven &amp#27;[0m&amp#27;[32mThe user is on the Practice Questions page of Max Consecutive Ones&amp#27;[0m                                                         &amp#27;[90m# StepDefinitions.ArrayStepDefintions.the_user_is_on_the_practice_questions_page_of_max_consecutive_ones()&amp#27;[0m
  &amp#27;[32mWhen &amp#27;[0m&amp#27;[32mthe user click on run button&amp#27;[0m                                                                                                &amp#27;[90m# StepDefinitions.ArrayStepDefintions.the_user_click_on_run_button()&amp#27;[0m
  &amp#27;[32mThen &amp#27;[0m&amp#27;[32mThe user should see an alert error message as &amp#27;[0m&amp#27;[32m&amp#27;[1m"SyntaxError: bad input on line 2"&amp#27;[0m                                            &amp#27;[90m# StepDefinitions.DSIntroductionDetails.the_user_should_see_an_alert_error_message(java.lang.String)&amp#27;[0m
[INFO ] 2024-12-17 10:13:22.485 [TestNG-PoolService-1] Hooks - ======================  Test Execution is completed!! ======================
  &amp#27;[32mGiven &amp#27;[0m&amp#27;[32mThe user is on the DS Introduction page as signedIn&amp#27;[0m                                                               &amp#27;[90m# StepDefinitions.DSIntroductionDetails.the_user_is_on_the_ds_introduction_page_as_signed_in()&amp#27;[0m
  &amp#27;[32mWhen &amp#27;[0m&amp#27;[32mThe user clicks on Get Started link for array&amp#27;[0m                                                                      &amp#27;[90m# StepDefinitions.ArrayStepDefintions.the_user_clicks_on_get_started_link_for_array()&amp#27;[0m
]]></system-out>
    <system-err><![CDATA[Dec 17, 2024 10:13:20 AM org.openqa.selenium.devtools.CdpVersionFinder findNearestMatch
WARNING: Unable to find an exact match for CDP version 131, returning the closest version; found: 130; Please update to a Selenium version that supports CDP version 131
Dec 17, 2024 10:13:22 AM org.openqa.selenium.devtools.CdpVersionFinder findNearestMatch
WARNING: Unable to find an exact match for CDP version 131, returning the closest version; found: 130; Please update to a Selenium version that supports CDP version 131
]]></system-err>
  </testcase>
  <testcase name="runScenario[&quot;Validate user is presented with error message for the code with the invalid syntax in tryEditor for Even number of digits&quot;, &quot;Array detail page&quot;](33)" classname="TestRunners.TestRunner" time="4.608">
    <system-out><![CDATA[
Scenario Outline: Validate user is able to run the code in tryEditor for Squares of a Sorted Array                        &amp#27;[90m# src/test/resources/Features/ArrayDetailsPage.feature:205&amp#27;[0m
  &amp#27;[32mWhen &amp#27;[0m&amp#27;[32mThe user clicks on Get Started link for array&amp#27;[0m                                                                         &amp#27;[90m# StepDefinitions.ArrayStepDefintions.the_user_clicks_on_get_started_link_for_array()&amp#27;[0m
  &amp#27;[32mGiven &amp#27;[0m&amp#27;[32mThe user is on the DS Introduction page as signedIn&amp#27;[0m                                                                         &amp#27;[90m# StepDefinitions.DSIntroductionDetails.the_user_is_on_the_ds_introduction_page_as_signed_in()&amp#27;[0m
  &amp#27;[32mWhen &amp#27;[0m&amp#27;[32mThe user clicks on Get Started link for array&amp#27;[0m                                                                                &amp#27;[90m# StepDefinitions.ArrayStepDefintions.the_user_clicks_on_get_started_link_for_array()&amp#27;[0m
  &amp#27;[32mGiven &amp#27;[0m&amp#27;[32mThe user is on the Practice Questions page of Find Numbers with Even Number of Digits&amp#27;[0m                                &amp#27;[90m# StepDefinitions.ArrayStepDefintions.the_user_is_on_the_practice_questions_page_of_find_numbers_with_even_number_of_digits()&amp#27;[0m
def findNumbers(nums):
c=0
for i in nums:
j=str(i)
x=len(j)
if x%2==0:
c=c+1
print c
return c
findNumbers([12,345,2,6,7896])
  &amp#27;[32mGiven &amp#27;[0m&amp#27;[32mThe user is on the Practice Questions page of Find Numbers with Even Number of Digits&amp#27;[0m                                       &amp#27;[90m# StepDefinitions.ArrayStepDefintions.the_user_is_on_the_practice_questions_page_of_find_numbers_with_even_number_of_digits()&amp#27;[0m
  &amp#27;[32mWhen &amp#27;[0m&amp#27;[32mthe user click on run button&amp#27;[0m                                                                                                 &amp#27;[90m# StepDefinitions.ArrayStepDefintions.the_user_click_on_run_button()&amp#27;[0m
  &amp#27;[32mThen &amp#27;[0m&amp#27;[32mThe user should see an alert error message as &amp#27;[0m&amp#27;[32m&amp#27;[1m"SyntaxError: bad input on line 2"&amp#27;[0m                                             &amp#27;[90m# StepDefinitions.DSIntroductionDetails.the_user_should_see_an_alert_error_message(java.lang.String)&amp#27;[0m
[INFO ] 2024-12-17 09:57:00.918 [TestNG-PoolService-2] Hooks - ======================  Test Execution is completed!! ======================
  &amp#27;[32mWhen &amp#27;[0m&amp#27;[32mThe user enter python code in tryEditor page sheet &amp#27;[0m&amp#27;[32m&amp#27;[1m"pythonCode"&amp#27;[0m&amp#27;[32m and row &amp#27;[0m&amp#27;[32m&amp#27;[1m5&amp#27;[0m&amp#27;[32m for the Question and click on submit button&amp#27;[0m &amp#27;[90m# StepDefinitions.ArrayStepDefintions.the_user_enter_valid_python_code_in_try_editor_page_sheet_and_for_the_question_submit_button(java.lang.String,int)&amp#27;[0m
  &amp#27;[32mThen &amp#27;[0m&amp#27;[32mthe user should be presented with the Run result from sheet &amp#27;[0m&amp#27;[32m&amp#27;[1m"pythonCode"&amp#27;[0m&amp#27;[32m and row &amp#27;[0m&amp#27;[32m&amp#27;[1m5&amp#27;[0m                                    &amp#27;[90m# StepDefinitions.ArrayStepDefintions.the_user_should_be_presented_with_the_run_result(java.lang.String,int)&amp#27;[0m
[INFO ] 2024-12-17 09:57:01.812 [TestNG-PoolService-3] Hooks - ======================  Test Execution is completed!! ======================
]]></system-out>
  </testcase>
  <testcase name="runScenario[&quot;Validate user is able to Submit the code in tryEditor for Even number of digits&quot;, &quot;Array detail page&quot;](34)" classname="TestRunners.TestRunner" time="1.492">
    <system-out><![CDATA[
Scenario Outline: Validate user is able to Submit the code in tryEditor for Squares of a Sorted Array                        &amp#27;[90m# src/test/resources/Features/ArrayDetailsPage.feature:214&amp#27;[0m
]]></system-out>
  </testcase>
  <testcase name="runScenario[&quot;Valid code on try editor for graph representations runs successfully&quot;, &quot;Title of your feature&quot;](57)" classname="TestRunners.TestRunner" time="4.797">
    <system-out><![CDATA[
Scenario: Validate user navigate to DS Intro Page                                               &amp#27;[90m# src/test/resources/Features/HomePage.feature:7&amp#27;[0m
  &amp#27;[32mGiven &amp#27;[0m&amp#27;[32mThe user is on the DS Introduction page as signedIn&amp#27;[0m                    &amp#27;[90m# StepDefinitions.DSIntroductionDetails.the_user_is_on_the_ds_introduction_page_as_signed_in()&amp#27;[0m
  &amp#27;[32mWhen &amp#27;[0m&amp#27;[32mThe user clicks on Get Started link for graph&amp#27;[0m                           &amp#27;[90m# StepDefinitions.GraphStepDefintions.the_user_clicks_on_get_started_link_for_graph()&amp#27;[0m
  &amp#27;[32mGiven &amp#27;[0m&amp#27;[32mThe user is on the graphs representations page&amp#27;[0m                         &amp#27;[90m# StepDefinitions.GraphStepDefintions.the_user_is_on_the_graphs_representations_page()&amp#27;[0m
  &amp#27;[32mWhen &amp#27;[0m&amp#27;[32mUser writes valid code and clicks run button&amp#27;[0m                            &amp#27;[90m# StepDefinitions.DSIntroductionDetails.user_writes_valid_code_and_clicks_run_button()&amp#27;[0m
  &amp#27;[32mThen &amp#27;[0m&amp#27;[32mThe user should able to see output in the console&amp#27;[0m                       &amp#27;[90m# StepDefinitions.DSIntroductionDetails.the_user_should_able_to_see_output_in_the_console()&amp#27;[0m
[INFO ] 2024-12-17 09:58:35.929 [TestNG-PoolService-3] Hooks - ======================  Test Execution is completed!! ======================
  &amp#27;[32mWhen &amp#27;[0m&amp#27;[32mThe user enter the DS_Algo Portal <URL>&amp#27;[0m                                                        &amp#27;[90m# StepDefinitions.HomeStepDefinitions.the_user_enter_the_ds_algo_portal_url()&amp#27;[0m
  &amp#27;[31mThen &amp#27;[0m&amp#27;[31mThe user should landed on the DS_Algo Get Started page with message You are at the right place&amp#27;[0m &amp#27;[90m# StepDefinitions.HomeStepDefinitions.the_user_should_landed_on_the_ds_algo_get_started_page_with_message_you_are_at_the_right_place()&amp#27;[0m
      &amp#27;[31mjava.lang.AssertionError: expected [rgba(0, 0, 255, 1)] but found [rgb(0, 0, 255)]
	at org.testng.Assert.fail(Assert.java:111)
	at org.testng.Assert.failNotEquals(Assert.java:1578)
	at org.testng.Assert.assertEqualsImpl(Assert.java:150)
	at org.testng.Assert.assertEquals(Assert.java:132)
	at org.testng.Assert.assertEquals(Assert.java:656)
	at org.testng.Assert.assertEquals(Assert.java:666)
	at StepDefinitions.HomeStepDefinitions.the_user_should_landed_on_the_ds_algo_get_started_page_with_message_you_are_at_the_right_place(HomeStepDefinitions.java:25)
	at ✽.The user should landed on the DS_Algo Get Started page with message You are at the right place(file:///C:/Projects/newFolder-3/Repo1/src/test/resources/Features/HomePage.feature:5)
&amp#27;[0m
[ERROR] 2024-12-17 09:58:36.150 [TestNG-PoolService-2] Hooks - ======================  TEST CASE FAILED !! ======================

    Embedding screenshot [image/png 503197 bytes]

[INFO ] 2024-12-17 09:58:36.317 [TestNG-PoolService-2] Hooks - ======================  Screenshot is captured  ======================
[INFO ] 2024-12-17 09:58:36.320 [TestNG-PoolService-2] Hooks - ======================  Test Execution is completed!! ======================
]]></system-out>
  </testcase>
  <testcase name="runScenario[&quot;Validate user lands on default home page&quot;, &quot;DS Homepage&quot;](58)" classname="TestRunners.TestRunner" time="0.383">
    <failure message="expected [rgba(0, 0, 255, 1)] but found [rgb(0, 0, 255)]" type="java.lang.AssertionError"><![CDATA[java.lang.AssertionError: expected [rgba(0, 0, 255, 1)] but found [rgb(0, 0, 255)]
]]></failure>
    <system-out><![CDATA[
Scenario: DS_algo Home page                                    &amp#27;[90m# src/test/resources/Features/LinkedList.feature:7&amp#27;[0m
]]></system-out>
  </testcase>
  <testcase name="runScenario[&quot;LL_Try Here Editor page with empty data&quot;, &quot;Linked List&quot;](63)" classname="TestRunners.TestRunner" time="9.694">
    <system-out><![CDATA[
Scenario: LL_Try Here Editor page with valid data                     &amp#27;[90m# src/test/resources/Features/LinkedList.feature:28&amp#27;[0m
  &amp#27;[32mGiven &amp#27;[0m&amp#27;[32mThe user is on the DS Introduction page as signedIn&amp#27;[0m          &amp#27;[90m# StepDefinitions.DSIntroductionDetails.the_user_is_on_the_ds_introduction_page_as_signed_in()&amp#27;[0m
  &amp#27;[32mAnd &amp#27;[0m&amp#27;[32mUser clicks on Get Started button from Linked List panel&amp#27;[0m       &amp#27;[90m# StepDefinitions.LinkedList.user_clicks_on_get_started_button_from_linked_list_panel()&amp#27;[0m
  &amp#27;[32mGiven &amp#27;[0m&amp#27;[32mThe user is on the DS Introduction page as signedIn&amp#27;[0m                  &amp#27;[90m# StepDefinitions.DSIntroductionDetails.the_user_is_on_the_ds_introduction_page_as_signed_in()&amp#27;[0m
  &amp#27;[32mGiven &amp#27;[0m&amp#27;[32mThe user is on the Introduction page&amp#27;[0m                         &amp#27;[90m# StepDefinitions.LinkedList.the_user_is_on_the_introduction_page()&amp#27;[0m
  &amp#27;[32mAnd &amp#27;[0m&amp#27;[32mUser clicks on Get Started button from Linked List panel&amp#27;[0m               &amp#27;[90m# StepDefinitions.LinkedList.user_clicks_on_get_started_button_from_linked_list_panel()&amp#27;[0m
  &amp#27;[32mWhen &amp#27;[0m&amp#27;[32mThe user clicks Try Here button&amp#27;[0m                               &amp#27;[90m# StepDefinitions.Tree.the_user_clicks_try_here_button()&amp#27;[0m
  &amp#27;[32mThen &amp#27;[0m&amp#27;[32mThe user is redirected to a page having Editor and run button&amp#27;[0m &amp#27;[90m# StepDefinitions.Tree.the_user_is_redirected_to_a_page_having_editor_and_run_button()&amp#27;[0m
[INFO ] 2024-12-17 09:58:58.273 [TestNG-PoolService-3] Hooks - ======================  Test Execution is completed!! ======================
  &amp#27;[32mGiven &amp#27;[0m&amp#27;[32mThe user is on the editor page of Introduction page&amp#27;[0m                  &amp#27;[90m# StepDefinitions.LinkedList.the_user_is_on_the_editor_page_of_introduction_page()&amp#27;[0m
  &amp#27;[32mWhen &amp#27;[0m&amp#27;[32mThe user writes no code inside editor window and clicks on Run button&amp#27;[0m &amp#27;[90m# StepDefinitions.Tree.the_user_writes_no_code_inside_editor_window_and_clicks_on_run_button()&amp#27;[0m
  &amp#27;[32mThen &amp#27;[0m&amp#27;[32mNothing happens to the Editor page and no error message is displayed&amp#27;[0m  &amp#27;[90m# StepDefinitions.Tree.nothing_happens_to_the_editor_page_and_no_error_message_is_displayed()&amp#27;[0m
[INFO ] 2024-12-17 09:58:58.971 [TestNG-PoolService-2] Hooks - ======================  Test Execution is completed!! ======================
]]></system-out>
  </testcase>
  <testcase name="runScenario[&quot;Linked List home page&quot;, &quot;Linked List&quot;](64)" classname="TestRunners.TestRunner" time="0.199">
    <system-out><![CDATA[
Scenario: LL_Try Here Editor page with invalid data                     &amp#27;[90m# src/test/resources/Features/LinkedList.feature:33&amp#27;[0m
]]></system-out>
  </testcase>
  <testcase name="runScenario[&quot;Linked List home page&quot;, &quot;Linked List&quot;](65)" classname="TestRunners.TestRunner" time="10.143">
    <system-out><![CDATA[
Scenario: Linked List home page                                &amp#27;[90m# src/test/resources/Features/LinkedList.feature:38&amp#27;[0m
  &amp#27;[32mGiven &amp#27;[0m&amp#27;[32mThe user is on the DS Introduction page as signedIn&amp#27;[0m           &amp#27;[90m# StepDefinitions.DSIntroductionDetails.the_user_is_on_the_ds_introduction_page_as_signed_in()&amp#27;[0m
  &amp#27;[32mAnd &amp#27;[0m&amp#27;[32mUser clicks on Get Started button from Linked List panel&amp#27;[0m        &amp#27;[90m# StepDefinitions.LinkedList.user_clicks_on_get_started_button_from_linked_list_panel()&amp#27;[0m
  &amp#27;[32mGiven &amp#27;[0m&amp#27;[32mThe user is on the editor page of Introduction page&amp#27;[0m           &amp#27;[90m# StepDefinitions.LinkedList.the_user_is_on_the_editor_page_of_introduction_page()&amp#27;[0m
  &amp#27;[32mGiven &amp#27;[0m&amp#27;[32mThe user is on the DS Introduction page as signedIn&amp#27;[0m             &amp#27;[90m# StepDefinitions.DSIntroductionDetails.the_user_is_on_the_ds_introduction_page_as_signed_in()&amp#27;[0m
  &amp#27;[32mAnd &amp#27;[0m&amp#27;[32mUser clicks on Get Started button from Linked List panel&amp#27;[0m          &amp#27;[90m# StepDefinitions.LinkedList.user_clicks_on_get_started_button_from_linked_list_panel()&amp#27;[0m
  &amp#27;[32mGiven &amp#27;[0m&amp#27;[32mThe user is on the DS Introduction page as signedIn&amp#27;[0m    &amp#27;[90m# StepDefinitions.DSIntroductionDetails.the_user_is_on_the_ds_introduction_page_as_signed_in()&amp#27;[0m
  &amp#27;[32mAnd &amp#27;[0m&amp#27;[32mUser clicks on Get Started button from Linked List panel&amp#27;[0m &amp#27;[90m# StepDefinitions.LinkedList.user_clicks_on_get_started_button_from_linked_list_panel()&amp#27;[0m
  &amp#27;[32mGiven &amp#27;[0m&amp#27;[32mThe user is on the Introduction page&amp#27;[0m                   &amp#27;[90m# StepDefinitions.LinkedList.the_user_is_on_the_introduction_page()&amp#27;[0m
  &amp#27;[32mWhen &amp#27;[0m&amp#27;[32mThe user clicks Creating Linked LIst link&amp#27;[0m               &amp#27;[90m# StepDefinitions.LinkedList.the_user_clicks_creating_linked_l_ist_link()&amp#27;[0m
  &amp#27;[32mThen &amp#27;[0m&amp#27;[32mThe user is redirected to Creating Linked List page.&amp#27;[0m    &amp#27;[90m# StepDefinitions.LinkedList.the_user_is_redirected_to_creating_linked_list_page()&amp#27;[0m
[INFO ] 2024-12-17 09:59:10.476 [TestNG-PoolService-3] Hooks - ======================  Test Execution is completed!! ======================
  &amp#27;[32mGiven &amp#27;[0m&amp#27;[32mThe user is on the editor page of Introduction page&amp#27;[0m             &amp#27;[90m# StepDefinitions.LinkedList.the_user_is_on_the_editor_page_of_introduction_page()&amp#27;[0m
  &amp#27;[32mWhen &amp#27;[0m&amp#27;[32mThe user writes the invalid python code and clicks on Run button&amp#27;[0m &amp#27;[90m# StepDefinitions.Tree.the_user_writes_the_invalid_python_code_and_clicks_on_run_button()&amp#27;[0m
  &amp#27;[32mThen &amp#27;[0m&amp#27;[32mThe user see error msg in alert window&amp#27;[0m                           &amp#27;[90m# StepDefinitions.Tree.the_user_see_error_msg_in_alert_window()&amp#27;[0m
[INFO ] 2024-12-17 09:59:11.025 [TestNG-PoolService-2] Hooks - ======================  Test Execution is completed!! ======================
]]></system-out>
  </testcase>
  <testcase name="runScenario[&quot;LL_Try Here Editor page with invalid data&quot;, &quot;Linked List&quot;](66)" classname="TestRunners.TestRunner" time="0.533">
    <system-out><![CDATA[
Scenario: Creating Linked LIst                                       &amp#27;[90m# src/test/resources/Features/LinkedList.feature:43&amp#27;[0m
]]></system-out>
  </testcase>
  <testcase name="runScenario[&quot;LL_Try Here Editor page with valid data&quot;, &quot;Linked List&quot;](70)" classname="TestRunners.TestRunner" time="2.108">
    <system-out><![CDATA[
Scenario: Linked List home page                                &amp#27;[90m# src/test/resources/Features/LinkedList.feature:63&amp#27;[0m
  &amp#27;[32mWhen &amp#27;[0m&amp#27;[32mThe user writes the valid python code and clicks on Run button&amp#27;[0m &amp#27;[90m# StepDefinitions.Tree.the_user_writes_the_valid_python_code_and_clicks_on_run_button()&amp#27;[0m
  &amp#27;[32mThen &amp#27;[0m&amp#27;[32mThe user is able to see the output inside the console.&amp#27;[0m         &amp#27;[90m# StepDefinitions.Tree.the_user_is_able_to_see_the_output_inside_the_console()&amp#27;[0m
[INFO ] 2024-12-17 09:59:33.736 [TestNG-PoolService-1] Hooks - ======================  Test Execution is completed!! ======================
]]></system-out>
  </testcase>
  <testcase name="runScenario[&quot;Linked List home page&quot;, &quot;Linked List&quot;](71)" classname="TestRunners.TestRunner" time="5.972">
    <system-out><![CDATA[
Scenario: Types of Linked List                                       &amp#27;[90m# src/test/resources/Features/LinkedList.feature:68&amp#27;[0m
  &amp#27;[32mGiven &amp#27;[0m&amp#27;[32mThe user is on the DS Introduction page as signedIn&amp#27;[0m    &amp#27;[90m# StepDefinitions.DSIntroductionDetails.the_user_is_on_the_ds_introduction_page_as_signed_in()&amp#27;[0m
  &amp#27;[32mAnd &amp#27;[0m&amp#27;[32mUser clicks on Get Started button from Linked List panel&amp#27;[0m &amp#27;[90m# StepDefinitions.LinkedList.user_clicks_on_get_started_button_from_linked_list_panel()&amp#27;[0m
  &amp#27;[32mGiven &amp#27;[0m&amp#27;[32mThe user is on the Creating Linked LIst page&amp#27;[0m           &amp#27;[90m# StepDefinitions.LinkedList.the_user_is_on_the_creating_linked_l_ist_page()&amp#27;[0m
  &amp#27;[32mWhen &amp#27;[0m&amp#27;[32mThe user clicks Types of Linked List link&amp#27;[0m               &amp#27;[90m# StepDefinitions.LinkedList.the_user_clicks_types_of_linked_list_link()&amp#27;[0m
  &amp#27;[32mThen &amp#27;[0m&amp#27;[32mThe user is directed to Types of Linked List page.&amp#27;[0m      &amp#27;[90m# StepDefinitions.LinkedList.the_user_is_directed_to_types_of_linked_list_page()&amp#27;[0m
[INFO ] 2024-12-17 09:59:39.448 [TestNG-PoolService-2] Hooks - ======================  Test Execution is completed!! ======================
]]></system-out>
  </testcase>
  <testcase name="runScenario[&quot;Types of Linked List&quot;, &quot;Linked List&quot;](72)" classname="TestRunners.TestRunner" time="4.341">
    <system-out><![CDATA[
Scenario: LL_Try Here Editor page with empty data                            &amp#27;[90m# src/test/resources/Features/LinkedList.feature:73&amp#27;[0m
  &amp#27;[32mGiven &amp#27;[0m&amp#27;[32mThe user is on the DS Introduction page as signedIn&amp#27;[0m          &amp#27;[90m# StepDefinitions.DSIntroductionDetails.the_user_is_on_the_ds_introduction_page_as_signed_in()&amp#27;[0m
  &amp#27;[32mAnd &amp#27;[0m&amp#27;[32mUser clicks on Get Started button from Linked List panel&amp#27;[0m       &amp#27;[90m# StepDefinitions.LinkedList.user_clicks_on_get_started_button_from_linked_list_panel()&amp#27;[0m
  &amp#27;[32mGiven &amp#27;[0m&amp#27;[32mThe user is on the Types of Linked List page&amp#27;[0m                 &amp#27;[90m# StepDefinitions.LinkedList.the_user_is_on_the_types_of_linked_list_page()&amp#27;[0m
  &amp#27;[32mWhen &amp#27;[0m&amp#27;[32mThe user clicks Try Here button&amp#27;[0m                               &amp#27;[90m# StepDefinitions.Tree.the_user_clicks_try_here_button()&amp#27;[0m
  &amp#27;[32mThen &amp#27;[0m&amp#27;[32mThe user is redirected to a page having Editor and run button&amp#27;[0m &amp#27;[90m# StepDefinitions.Tree.the_user_is_redirected_to_a_page_having_editor_and_run_button()&amp#27;[0m
[INFO ] 2024-12-17 09:59:43.838 [TestNG-PoolService-1] Hooks - ======================  Test Execution is completed!! ======================
]]></system-out>
  </testcase>
  <testcase name="runScenario[&quot;LL_Try Here Editor page with empty data&quot;, &quot;Linked List&quot;](73)" classname="TestRunners.TestRunner" time="5.561">
    <system-out><![CDATA[
Scenario: LL_Try Here Editor page with valid data                     &amp#27;[90m# src/test/resources/Features/LinkedList.feature:78&amp#27;[0m
  &amp#27;[32mGiven &amp#27;[0m&amp#27;[32mThe user is on the DS Introduction page as signedIn&amp#27;[0m                  &amp#27;[90m# StepDefinitions.DSIntroductionDetails.the_user_is_on_the_ds_introduction_page_as_signed_in()&amp#27;[0m
  &amp#27;[32mAnd &amp#27;[0m&amp#27;[32mUser clicks on Get Started button from Linked List panel&amp#27;[0m               &amp#27;[90m# StepDefinitions.LinkedList.user_clicks_on_get_started_button_from_linked_list_panel()&amp#27;[0m
  &amp#27;[32mGiven &amp#27;[0m&amp#27;[32mThe user is on the editor page of Types of Linked List page&amp#27;[0m          &amp#27;[90m# StepDefinitions.LinkedList.the_user_is_on_the_editor_page_of_types_of_linked_list_page()&amp#27;[0m
  &amp#27;[32mWhen &amp#27;[0m&amp#27;[32mThe user writes no code inside editor window and clicks on Run button&amp#27;[0m &amp#27;[90m# StepDefinitions.Tree.the_user_writes_no_code_inside_editor_window_and_clicks_on_run_button()&amp#27;[0m
  &amp#27;[32mThen &amp#27;[0m&amp#27;[32mNothing happens to the Editor page and no error message is displayed&amp#27;[0m  &amp#27;[90m# StepDefinitions.Tree.nothing_happens_to_the_editor_page_and_no_error_message_is_displayed()&amp#27;[0m
[INFO ] 2024-12-17 09:59:49.268 [TestNG-PoolService-2] Hooks - ======================  Test Execution is completed!! ======================
]]></system-out>
  </testcase>
  <testcase name="runScenario[&quot;LL_Try Here Editor page with valid data&quot;, &quot;Linked List&quot;](75)" classname="TestRunners.TestRunner" time="1.76">
    <system-out><![CDATA[
Scenario: Linked List home page                                        &amp#27;[90m# src/test/resources/Features/LinkedList.feature:88&amp#27;[0m
  &amp#27;[32mWhen &amp#27;[0m&amp#27;[32mThe user writes the valid python code and clicks on Run button&amp#27;[0m &amp#27;[90m# StepDefinitions.Tree.the_user_writes_the_valid_python_code_and_clicks_on_run_button()&amp#27;[0m
  &amp#27;[32mThen &amp#27;[0m&amp#27;[32mThe user is able to see the output inside the console.&amp#27;[0m         &amp#27;[90m# StepDefinitions.Tree.the_user_is_able_to_see_the_output_inside_the_console()&amp#27;[0m
[INFO ] 2024-12-17 09:59:59.993 [TestNG-PoolService-3] Hooks - ======================  Test Execution is completed!! ======================
]]></system-out>
  </testcase>
  <testcase name="runScenario[&quot;LL_Try Here Editor page with valid data&quot;, &quot;Linked List&quot;](75)" classname="TestRunners.TestRunner" time="4.716">
    <system-out><![CDATA[
Scenario: Linked List home page                                        &amp#27;[90m# src/test/resources/Features/LinkedList.feature:88&amp#27;[0m
  &amp#27;[32mWhen &amp#27;[0m&amp#27;[32mThe user writes the valid python code and clicks on Run button&amp#27;[0m &amp#27;[90m# StepDefinitions.Tree.the_user_writes_the_valid_python_code_and_clicks_on_run_button()&amp#27;[0m
  &amp#27;[32mThen &amp#27;[0m&amp#27;[32mThe user is able to see the output inside the console.&amp#27;[0m         &amp#27;[90m# StepDefinitions.Tree.the_user_is_able_to_see_the_output_inside_the_console()&amp#27;[0m
[INFO ] 2024-12-17 10:15:54.914 [TestNG-PoolService-1] Hooks - ======================  Test Execution is completed!! ======================
]]></system-out>
    <system-err><![CDATA[Dec 17, 2024 10:15:54 AM org.openqa.selenium.devtools.CdpVersionFinder findNearestMatch
WARNING: Unable to find an exact match for CDP version 131, returning the closest version; found: 130; Please update to a Selenium version that supports CDP version 131
]]></system-err>
  </testcase>
  <testcase name="runScenario[&quot;Linked List home page&quot;, &quot;Linked List&quot;](76)" classname="TestRunners.TestRunner" time="6.228">
    <system-out><![CDATA[
Scenario: Implement Linked List in Python                            &amp#27;[90m# src/test/resources/Features/LinkedList.feature:93&amp#27;[0m
  &amp#27;[32mGiven &amp#27;[0m&amp#27;[32mThe user is on the DS Introduction page as signedIn&amp#27;[0m            &amp#27;[90m# StepDefinitions.DSIntroductionDetails.the_user_is_on_the_ds_introduction_page_as_signed_in()&amp#27;[0m
  &amp#27;[32mAnd &amp#27;[0m&amp#27;[32mUser clicks on Get Started button from Linked List panel&amp#27;[0m         &amp#27;[90m# StepDefinitions.LinkedList.user_clicks_on_get_started_button_from_linked_list_panel()&amp#27;[0m
  &amp#27;[32mGiven &amp#27;[0m&amp#27;[32mThe user is on the Types of Linked List page&amp#27;[0m                   &amp#27;[90m# StepDefinitions.LinkedList.the_user_is_on_the_types_of_linked_list_page()&amp#27;[0m
  &amp#27;[32mWhen &amp#27;[0m&amp#27;[32mThe user clicks Implement Linked List in Python link&amp#27;[0m            &amp#27;[90m# StepDefinitions.LinkedList.the_user_clicks_implement_linked_list_in_python_link()&amp#27;[0m
  &amp#27;[32mThen &amp#27;[0m&amp#27;[32mThe user is redirected to Implement Linked List in Python page.&amp#27;[0m &amp#27;[90m# StepDefinitions.LinkedList.the_user_is_redirected_to_implement_linked_list_in_python_page()&amp#27;[0m
[INFO ] 2024-12-17 10:00:06.472 [TestNG-PoolService-2] Hooks - ======================  Test Execution is completed!! ======================
]]></system-out>
  </testcase>
  <testcase name="runScenario[&quot;Linked List home page&quot;, &quot;Linked List&quot;](76)" classname="TestRunners.TestRunner" time="2.359">
    <system-out><![CDATA[
Scenario: Implement Linked List in Python                            &amp#27;[90m# src/test/resources/Features/LinkedList.feature:93&amp#27;[0m
  &amp#27;[32mGiven &amp#27;[0m&amp#27;[32mThe user is on the DS Introduction page as signedIn&amp#27;[0m            &amp#27;[90m# StepDefinitions.DSIntroductionDetails.the_user_is_on_the_ds_introduction_page_as_signed_in()&amp#27;[0m
  &amp#27;[32mAnd &amp#27;[0m&amp#27;[32mUser clicks on Get Started button from Linked List panel&amp#27;[0m         &amp#27;[90m# StepDefinitions.LinkedList.user_clicks_on_get_started_button_from_linked_list_panel()&amp#27;[0m
  &amp#27;[32mGiven &amp#27;[0m&amp#27;[32mThe user is on the Types of Linked List page&amp#27;[0m                   &amp#27;[90m# StepDefinitions.LinkedList.the_user_is_on_the_types_of_linked_list_page()&amp#27;[0m
  &amp#27;[32mWhen &amp#27;[0m&amp#27;[32mThe user clicks Implement Linked List in Python link&amp#27;[0m            &amp#27;[90m# StepDefinitions.LinkedList.the_user_clicks_implement_linked_list_in_python_link()&amp#27;[0m
  &amp#27;[32mThen &amp#27;[0m&amp#27;[32mThe user is redirected to Implement Linked List in Python page.&amp#27;[0m &amp#27;[90m# StepDefinitions.LinkedList.the_user_is_redirected_to_implement_linked_list_in_python_page()&amp#27;[0m
[INFO ] 2024-12-17 10:15:57.704 [TestNG-PoolService-3] Hooks - ======================  Test Execution is completed!! ======================
]]></system-out>
  </testcase>
  <testcase name="runScenario[&quot;LL_Try Here Editor page with valid data&quot;, &quot;Linked List&quot;](79)" classname="TestRunners.TestRunner" time="7.642">
    <failure message="expected [hello] but found []" type="java.lang.AssertionError"><![CDATA[java.lang.AssertionError: expected [hello] but found []
]]></failure>
    <system-out><![CDATA[
Scenario: LL_Try Here Editor page with invalid data                            &amp#27;[90m# src/test/resources/Features/LinkedList.feature:108&amp#27;[0m
  &amp#27;[32mGiven &amp#27;[0m&amp#27;[32mThe user is on the DS Introduction page as signedIn&amp#27;[0m                    &amp#27;[90m# StepDefinitions.DSIntroductionDetails.the_user_is_on_the_ds_introduction_page_as_signed_in()&amp#27;[0m
  &amp#27;[32mAnd &amp#27;[0m&amp#27;[32mUser clicks on Get Started button from Linked List panel&amp#27;[0m                 &amp#27;[90m# StepDefinitions.LinkedList.user_clicks_on_get_started_button_from_linked_list_panel()&amp#27;[0m
  &amp#27;[32mGiven &amp#27;[0m&amp#27;[32mThe user is on the editor page of Implement Linked List in Python page&amp#27;[0m &amp#27;[90m# StepDefinitions.LinkedList.the_user_is_on_the_editor_page_of_implement_linked_list_in_python_page()&amp#27;[0m
  &amp#27;[32mWhen &amp#27;[0m&amp#27;[32mThe user writes the valid python code and clicks on Run button&amp#27;[0m &amp#27;[90m# StepDefinitions.Tree.the_user_writes_the_valid_python_code_and_clicks_on_run_button()&amp#27;[0m
  &amp#27;[31mThen &amp#27;[0m&amp#27;[31mThe user is able to see the output inside the console.&amp#27;[0m         &amp#27;[90m# StepDefinitions.Tree.the_user_is_able_to_see_the_output_inside_the_console()&amp#27;[0m
      &amp#27;[31mjava.lang.AssertionError: expected [hello] but found []
	at org.testng.Assert.fail(Assert.java:111)
	at org.testng.Assert.failNotEquals(Assert.java:1578)
	at org.testng.Assert.assertEqualsImpl(Assert.java:150)
	at org.testng.Assert.assertEquals(Assert.java:132)
	at org.testng.Assert.assertEquals(Assert.java:656)
	at org.testng.Assert.assertEquals(Assert.java:666)
	at StepDefinitions.Tree.the_user_is_able_to_see_the_output_inside_the_console(Tree.java:101)
	at ✽.The user is able to see the output inside the console.(file:///C:/Projects/newFolder-3/Repo1/src/test/resources/Features/LinkedList.feature:81)
&amp#27;[0m
[ERROR] 2024-12-17 10:00:24.021 [TestNG-PoolService-1] Hooks - ======================  TEST CASE FAILED !! ======================

    Embedding screenshot [image/png 37860 bytes]

[INFO ] 2024-12-17 10:00:24.087 [TestNG-PoolService-1] Hooks - ======================  Screenshot is captured  ======================
[INFO ] 2024-12-17 10:00:24.093 [TestNG-PoolService-1] Hooks - ======================  Test Execution is completed!! ======================
  &amp#27;[32mGiven &amp#27;[0m&amp#27;[32mThe user is on the DS Introduction page as signedIn&amp#27;[0m                    &amp#27;[90m# StepDefinitions.DSIntroductionDetails.the_user_is_on_the_ds_introduction_page_as_signed_in()&amp#27;[0m
  &amp#27;[32mAnd &amp#27;[0m&amp#27;[32mUser clicks on Get Started button from Linked List panel&amp#27;[0m                 &amp#27;[90m# StepDefinitions.LinkedList.user_clicks_on_get_started_button_from_linked_list_panel()&amp#27;[0m
]]></system-out>
  </testcase>
  <testcase name="runScenario[&quot;LL_Try Here Editor page with invalid data&quot;, &quot;Linked List&quot;](80)" classname="TestRunners.TestRunner" time="2.247">
    <failure message="Build info: version: &apos;4.26.0&apos;, revision: &apos;8ccf0219d7&apos;&#10;System info: os.name: &apos;Windows 11&apos;, os.arch: &apos;amd64&apos;, os.version: &apos;10.0&apos;, java.version: &apos;21.0.5&apos;&#10;Driver info: org.openqa.selenium.firefox.FirefoxDriver&#10;Command: [72b5655b-3a8d-4453-9b20-72d54edbfd8b, getAlertText {}]&#10;Capabilities {acceptInsecureCerts: true, browserName: firefox, browserVersion: 133.0.3, moz:accessibilityChecks: false, moz:buildID: 20241209150345, moz:debuggerAddress: 127.0.0.1:44321, moz:geckodriverVersion: 0.35.0, moz:headless: false, moz:platformVersion: 10.0, moz:processID: 37120, moz:profile: C:\Users\vamsh\AppData\Loca..., moz:shutdownTimeout: 60000, moz:webdriverClick: true, moz:windowless: false, pageLoadStrategy: normal, platformName: windows, proxy: Proxy(), se:cdp: ws://127.0.0.1:44321/devtoo..., se:cdpVersion: 85.0, setWindowRect: true, strictFileInteractability: false, timeouts: {implicit: 0, pageLoad: 300000, script: 30000}, unhandledPromptBehavior: dismiss and notify, userAgent: Mozilla/5.0 (Windows NT 10....}&#10;Session ID: 72b5655b-3a8d-4453-9b20-72d54edbfd8b" type="org.openqa.selenium.NoAlertPresentException"><![CDATA[org.openqa.selenium.NoAlertPresentException: 
Build info: version: '4.26.0', revision: '8ccf0219d7'
System info: os.name: 'Windows 11', os.arch: 'amd64', os.version: '10.0', java.version: '21.0.5'
Driver info: org.openqa.selenium.firefox.FirefoxDriver
Command: [72b5655b-3a8d-4453-9b20-72d54edbfd8b, getAlertText {}]
Capabilities {acceptInsecureCerts: true, browserName: firefox, browserVersion: 133.0.3, moz:accessibilityChecks: false, moz:buildID: 20241209150345, moz:debuggerAddress: 127.0.0.1:44321, moz:geckodriverVersion: 0.35.0, moz:headless: false, moz:platformVersion: 10.0, moz:processID: 37120, moz:profile: C:\Users\vamsh\AppData\Loca..., moz:shutdownTimeout: 60000, moz:webdriverClick: true, moz:windowless: false, pageLoadStrategy: normal, platformName: windows, proxy: Proxy(), se:cdp: ws://127.0.0.1:44321/devtoo..., se:cdpVersion: 85.0, setWindowRect: true, strictFileInteractability: false, timeouts: {implicit: 0, pageLoad: 300000, script: 30000}, unhandledPromptBehavior: dismiss and notify, userAgent: Mozilla/5.0 (Windows NT 10....}
Session ID: 72b5655b-3a8d-4453-9b20-72d54edbfd8b
]]></failure>
    <system-out><![CDATA[
Scenario: Linked List home page                                 &amp#27;[90m# src/test/resources/Features/LinkedList.feature:113&amp#27;[0m
  &amp#27;[32mGiven &amp#27;[0m&amp#27;[32mThe user is on the editor page of Implement Linked List in Python page&amp#27;[0m &amp#27;[90m# StepDefinitions.LinkedList.the_user_is_on_the_editor_page_of_implement_linked_list_in_python_page()&amp#27;[0m
  &amp#27;[32mWhen &amp#27;[0m&amp#27;[32mThe user writes the invalid python code and clicks on Run button&amp#27;[0m        &amp#27;[90m# StepDefinitions.Tree.the_user_writes_the_invalid_python_code_and_clicks_on_run_button()&amp#27;[0m
  &amp#27;[31mThen &amp#27;[0m&amp#27;[31mThe user see error msg in alert window&amp#27;[0m                                  &amp#27;[90m# StepDefinitions.Tree.the_user_see_error_msg_in_alert_window()&amp#27;[0m
      &amp#27;[31morg.openqa.selenium.NoAlertPresentException: Build info: version: '4.26.0', revision: '8ccf0219d7'
System info: os.name: 'Windows 11', os.arch: 'amd64', os.version: '10.0', java.version: '21.0.5'
Driver info: org.openqa.selenium.firefox.FirefoxDriver
Command: [72b5655b-3a8d-4453-9b20-72d54edbfd8b, getAlertText {}]
Capabilities {acceptInsecureCerts: true, browserName: firefox, browserVersion: 133.0.3, moz:accessibilityChecks: false, moz:buildID: 20241209150345, moz:debuggerAddress: 127.0.0.1:44321, moz:geckodriverVersion: 0.35.0, moz:headless: false, moz:platformVersion: 10.0, moz:processID: 37120, moz:profile: C:\Users\vamsh\AppData\Loca..., moz:shutdownTimeout: 60000, moz:webdriverClick: true, moz:windowless: false, pageLoadStrategy: normal, platformName: windows, proxy: Proxy(), se:cdp: ws://127.0.0.1:44321/devtoo..., se:cdpVersion: 85.0, setWindowRect: true, strictFileInteractability: false, timeouts: {implicit: 0, pageLoad: 300000, script: 30000}, unhandledPromptBehavior: dismiss and notify, userAgent: Mozilla/5.0 (Windows NT 10....}
Session ID: 72b5655b-3a8d-4453-9b20-72d54edbfd8b
	at java.base/jdk.internal.reflect.DirectConstructorHandleAccessor.newInstance(DirectConstructorHandleAccessor.java:62)
	at java.base/java.lang.reflect.Constructor.newInstanceWithCaller(Constructor.java:502)
	at java.base/java.lang.reflect.Constructor.newInstance(Constructor.java:486)
	at org.openqa.selenium.remote.ErrorCodec.decode(ErrorCodec.java:167)
	at org.openqa.selenium.remote.codec.w3c.W3CHttpResponseCodec.decode(W3CHttpResponseCodec.java:138)
	at org.openqa.selenium.remote.codec.w3c.W3CHttpResponseCodec.decode(W3CHttpResponseCodec.java:50)
	at org.openqa.selenium.remote.HttpCommandExecutor.execute(HttpCommandExecutor.java:190)
	at org.openqa.selenium.remote.service.DriverCommandExecutor.invokeExecute(DriverCommandExecutor.java:216)
	at org.openqa.selenium.remote.service.DriverCommandExecutor.execute(DriverCommandExecutor.java:174)
	at org.openqa.selenium.remote.RemoteWebDriver.execute(RemoteWebDriver.java:545)
	at org.openqa.selenium.remote.RemoteWebDriver.execute(RemoteWebDriver.java:618)
	at org.openqa.selenium.remote.RemoteWebDriver.execute(RemoteWebDriver.java:622)
	at org.openqa.selenium.remote.RemoteWebDriver$RemoteTargetLocator.alert(RemoteWebDriver.java:1190)
	at PageObjects.IntroductionPage.getAlertText(IntroductionPage.java:134)
	at StepDefinitions.Tree.the_user_see_error_msg_in_alert_window(Tree.java:113)
	at ✽.The user see error msg in alert window(file:///C:/Projects/newFolder-3/Repo1/src/test/resources/Features/LinkedList.feature:111)
&amp#27;[0m
[ERROR] 2024-12-17 10:00:26.551 [TestNG-PoolService-2] Hooks - ======================  TEST CASE FAILED !! ======================

    Embedding screenshot [image/png 37860 bytes]

[INFO ] 2024-12-17 10:00:26.607 [TestNG-PoolService-2] Hooks - ======================  Screenshot is captured  ======================
[INFO ] 2024-12-17 10:00:26.610 [TestNG-PoolService-2] Hooks - ======================  Test Execution is completed!! ======================
]]></system-out>
  </testcase>
  <testcase name="runScenario[&quot;Linked List home page&quot;, &quot;Linked List&quot;](81)" classname="TestRunners.TestRunner" time="6.543">
    <system-out><![CDATA[
Scenario: Traversal                                                  &amp#27;[90m# src/test/resources/Features/LinkedList.feature:118&amp#27;[0m
  &amp#27;[32mGiven &amp#27;[0m&amp#27;[32mThe user is on the DS Introduction page as signedIn&amp#27;[0m     &amp#27;[90m# StepDefinitions.DSIntroductionDetails.the_user_is_on_the_ds_introduction_page_as_signed_in()&amp#27;[0m
  &amp#27;[32mAnd &amp#27;[0m&amp#27;[32mUser clicks on Get Started button from Linked List panel&amp#27;[0m  &amp#27;[90m# StepDefinitions.LinkedList.user_clicks_on_get_started_button_from_linked_list_panel()&amp#27;[0m
  &amp#27;[32mGiven &amp#27;[0m&amp#27;[32mThe user is on the Implement Linked List in Python page&amp#27;[0m &amp#27;[90m# StepDefinitions.LinkedList.the_user_is_on_the_implement_linked_list_in_python_page()&amp#27;[0m
  &amp#27;[32mWhen &amp#27;[0m&amp#27;[32mThe user clicks Traversal link&amp#27;[0m                           &amp#27;[90m# StepDefinitions.LinkedList.the_user_clicks_traversal_link()&amp#27;[0m
  &amp#27;[32mThen &amp#27;[0m&amp#27;[32mThe user is redirected to Traversal page.&amp#27;[0m                &amp#27;[90m# StepDefinitions.LinkedList.the_user_is_redirected_to_traversal_page()&amp#27;[0m
[INFO ] 2024-12-17 10:00:32.884 [TestNG-PoolService-1] Hooks - ======================  Test Execution is completed!! ======================
]]></system-out>
  </testcase>
  <testcase name="runScenario[&quot;Linked List home page&quot;, &quot;Linked List&quot;](81)" classname="TestRunners.TestRunner" time="0.381">
    <system-out><![CDATA[
Scenario: Traversal                                                  &amp#27;[90m# src/test/resources/Features/LinkedList.feature:118&amp#27;[0m
]]></system-out>
  </testcase>
  <testcase name="runScenario[&quot;Traversal&quot;, &quot;Linked List&quot;](82)" classname="TestRunners.TestRunner" time="2.856">
    <system-out><![CDATA[
Scenario: LL_Try Here Editor page with empty data                            &amp#27;[90m# src/test/resources/Features/LinkedList.feature:123&amp#27;[0m
  &amp#27;[32mGiven &amp#27;[0m&amp#27;[32mThe user is on the DS Introduction page as signedIn&amp#27;[0m          &amp#27;[90m# StepDefinitions.DSIntroductionDetails.the_user_is_on_the_ds_introduction_page_as_signed_in()&amp#27;[0m
  &amp#27;[32mAnd &amp#27;[0m&amp#27;[32mUser clicks on Get Started button from Linked List panel&amp#27;[0m       &amp#27;[90m# StepDefinitions.LinkedList.user_clicks_on_get_started_button_from_linked_list_panel()&amp#27;[0m
  &amp#27;[32mGiven &amp#27;[0m&amp#27;[32mThe user is on the Traversal page&amp#27;[0m                            &amp#27;[90m# StepDefinitions.LinkedList.the_user_is_on_the_traversal_page()&amp#27;[0m
  &amp#27;[32mWhen &amp#27;[0m&amp#27;[32mThe user clicks Try Here button&amp#27;[0m                               &amp#27;[90m# StepDefinitions.Tree.the_user_clicks_try_here_button()&amp#27;[0m
  &amp#27;[32mThen &amp#27;[0m&amp#27;[32mThe user is redirected to a page having Editor and run button&amp#27;[0m &amp#27;[90m# StepDefinitions.Tree.the_user_is_redirected_to_a_page_having_editor_and_run_button()&amp#27;[0m
[INFO ] 2024-12-17 10:00:36.188 [TestNG-PoolService-2] Hooks - ======================  Test Execution is completed!! ======================
]]></system-out>
  </testcase>
  <testcase name="runScenario[&quot;Traversal&quot;, &quot;Linked List&quot;](82)" classname="TestRunners.TestRunner" time="9.106">
    <system-out><![CDATA[
Scenario: LL_Try Here Editor page with empty data                            &amp#27;[90m# src/test/resources/Features/LinkedList.feature:123&amp#27;[0m
  &amp#27;[32mGiven &amp#27;[0m&amp#27;[32mThe user is on the DS Introduction page as signedIn&amp#27;[0m          &amp#27;[90m# StepDefinitions.DSIntroductionDetails.the_user_is_on_the_ds_introduction_page_as_signed_in()&amp#27;[0m
  &amp#27;[32mGiven &amp#27;[0m&amp#27;[32mThe user is on the DS Introduction page as signedIn&amp#27;[0m                  &amp#27;[90m# StepDefinitions.DSIntroductionDetails.the_user_is_on_the_ds_introduction_page_as_signed_in()&amp#27;[0m
  &amp#27;[32mAnd &amp#27;[0m&amp#27;[32mUser clicks on Get Started button from Linked List panel&amp#27;[0m       &amp#27;[90m# StepDefinitions.LinkedList.user_clicks_on_get_started_button_from_linked_list_panel()&amp#27;[0m
  &amp#27;[32mAnd &amp#27;[0m&amp#27;[32mUser clicks on Get Started button from Linked List panel&amp#27;[0m               &amp#27;[90m# StepDefinitions.LinkedList.user_clicks_on_get_started_button_from_linked_list_panel()&amp#27;[0m
  &amp#27;[32mGiven &amp#27;[0m&amp#27;[32mThe user is on the Traversal page&amp#27;[0m                            &amp#27;[90m# StepDefinitions.LinkedList.the_user_is_on_the_traversal_page()&amp#27;[0m
  &amp#27;[32mWhen &amp#27;[0m&amp#27;[32mThe user clicks Try Here button&amp#27;[0m                               &amp#27;[90m# StepDefinitions.Tree.the_user_clicks_try_here_button()&amp#27;[0m
  &amp#27;[32mThen &amp#27;[0m&amp#27;[32mThe user is redirected to a page having Editor and run button&amp#27;[0m &amp#27;[90m# StepDefinitions.Tree.the_user_is_redirected_to_a_page_having_editor_and_run_button()&amp#27;[0m
[INFO ] 2024-12-17 10:16:29.764 [TestNG-PoolService-2] Hooks - ======================  Test Execution is completed!! ======================
  &amp#27;[32mGiven &amp#27;[0m&amp#27;[32mThe user is on the editor page of Traversal page&amp#27;[0m                     &amp#27;[90m# StepDefinitions.LinkedList.the_user_is_on_the_editor_page_of_traversal_page()&amp#27;[0m
  &amp#27;[32mWhen &amp#27;[0m&amp#27;[32mThe user writes no code inside editor window and clicks on Run button&amp#27;[0m &amp#27;[90m# StepDefinitions.Tree.the_user_writes_no_code_inside_editor_window_and_clicks_on_run_button()&amp#27;[0m
  &amp#27;[32mThen &amp#27;[0m&amp#27;[32mNothing happens to the Editor page and no error message is displayed&amp#27;[0m  &amp#27;[90m# StepDefinitions.Tree.nothing_happens_to_the_editor_page_and_no_error_message_is_displayed()&amp#27;[0m
[INFO ] 2024-12-17 10:16:30.244 [TestNG-PoolService-3] Hooks - ======================  Test Execution is completed!! ======================
]]></system-out>
    <system-err><![CDATA[Dec 17, 2024 10:16:24 AM org.openqa.selenium.devtools.CdpVersionFinder findNearestMatch
WARNING: Unable to find an exact match for CDP version 131, returning the closest version; found: 130; Please update to a Selenium version that supports CDP version 131
Dec 17, 2024 10:16:25 AM org.openqa.selenium.devtools.CdpVersionFinder findNearestMatch
WARNING: Unable to find an exact match for CDP version 131, returning the closest version; found: 130; Please update to a Selenium version that supports CDP version 131
]]></system-err>
  </testcase>
  <testcase name="runScenario[&quot;LL_Try Here Editor page with valid data&quot;, &quot;Linked List&quot;](84)" classname="TestRunners.TestRunner" time="7.912">
    <system-out><![CDATA[
Scenario: LL_Try Here Editor page with invalid data                     &amp#27;[90m# src/test/resources/Features/LinkedList.feature:133&amp#27;[0m
  &amp#27;[32mAnd &amp#27;[0m&amp#27;[32mUser clicks on Get Started button from Linked List panel&amp#27;[0m        &amp#27;[90m# StepDefinitions.LinkedList.user_clicks_on_get_started_button_from_linked_list_panel()&amp#27;[0m
  &amp#27;[32mGiven &amp#27;[0m&amp#27;[32mThe user is on the editor page of Traversal page&amp#27;[0m              &amp#27;[90m# StepDefinitions.LinkedList.the_user_is_on_the_editor_page_of_traversal_page()&amp#27;[0m
  &amp#27;[32mGiven &amp#27;[0m&amp#27;[32mThe user is on the DS Introduction page as signedIn&amp#27;[0m             &amp#27;[90m# StepDefinitions.DSIntroductionDetails.the_user_is_on_the_ds_introduction_page_as_signed_in()&amp#27;[0m
  &amp#27;[32mAnd &amp#27;[0m&amp#27;[32mUser clicks on Get Started button from Linked List panel&amp#27;[0m          &amp#27;[90m# StepDefinitions.LinkedList.user_clicks_on_get_started_button_from_linked_list_panel()&amp#27;[0m
  &amp#27;[32mWhen &amp#27;[0m&amp#27;[32mThe user writes the valid python code and clicks on Run button&amp#27;[0m          &amp#27;[90m# StepDefinitions.Tree.the_user_writes_the_valid_python_code_and_clicks_on_run_button()&amp#27;[0m
  &amp#27;[32mThen &amp#27;[0m&amp#27;[32mThe user is able to see the output inside the console.&amp#27;[0m                  &amp#27;[90m# StepDefinitions.Tree.the_user_is_able_to_see_the_output_inside_the_console()&amp#27;[0m
[INFO ] 2024-12-17 10:00:50.546 [TestNG-PoolService-3] Hooks - ======================  Test Execution is completed!! ======================
  &amp#27;[32mGiven &amp#27;[0m&amp#27;[32mThe user is on the editor page of Traversal page&amp#27;[0m                &amp#27;[90m# StepDefinitions.LinkedList.the_user_is_on_the_editor_page_of_traversal_page()&amp#27;[0m
  &amp#27;[32mWhen &amp#27;[0m&amp#27;[32mThe user writes the invalid python code and clicks on Run button&amp#27;[0m &amp#27;[90m# StepDefinitions.Tree.the_user_writes_the_invalid_python_code_and_clicks_on_run_button()&amp#27;[0m
  &amp#27;[32mThen &amp#27;[0m&amp#27;[32mThe user see error msg in alert window&amp#27;[0m                           &amp#27;[90m# StepDefinitions.Tree.the_user_see_error_msg_in_alert_window()&amp#27;[0m
[INFO ] 2024-12-17 10:00:51.720 [TestNG-PoolService-1] Hooks - ======================  Test Execution is completed!! ======================
]]></system-out>
  </testcase>
  <testcase name="runScenario[&quot;LL_Try Here Editor page with invalid data&quot;, &quot;Linked List&quot;](85)" classname="TestRunners.TestRunner" time="0.907">
    <system-out><![CDATA[
Scenario: Linked List home page                                &amp#27;[90m# src/test/resources/Features/LinkedList.feature:138&amp#27;[0m
]]></system-out>
  </testcase>
  <testcase name="runScenario[&quot;Linked List home page&quot;, &quot;Linked List&quot;](86)" classname="TestRunners.TestRunner" time="11.273">
    <system-out><![CDATA[
Scenario: Insertion                                                  &amp#27;[90m# src/test/resources/Features/LinkedList.feature:143&amp#27;[0m
  &amp#27;[32mGiven &amp#27;[0m&amp#27;[32mThe user is on the DS Introduction page as signedIn&amp#27;[0m    &amp#27;[90m# StepDefinitions.DSIntroductionDetails.the_user_is_on_the_ds_introduction_page_as_signed_in()&amp#27;[0m
  &amp#27;[32mAnd &amp#27;[0m&amp#27;[32mUser clicks on Get Started button from Linked List panel&amp#27;[0m &amp#27;[90m# StepDefinitions.LinkedList.user_clicks_on_get_started_button_from_linked_list_panel()&amp#27;[0m
  &amp#27;[32mGiven &amp#27;[0m&amp#27;[32mThe user is on the Traversal page&amp#27;[0m                      &amp#27;[90m# StepDefinitions.LinkedList.the_user_is_on_the_traversal_page()&amp#27;[0m
  &amp#27;[32mGiven &amp#27;[0m&amp#27;[32mThe user is on the DS Introduction page as signedIn&amp#27;[0m          &amp#27;[90m# StepDefinitions.DSIntroductionDetails.the_user_is_on_the_ds_introduction_page_as_signed_in()&amp#27;[0m
  &amp#27;[32mWhen &amp#27;[0m&amp#27;[32mThe user clicks Insertion link&amp#27;[0m                          &amp#27;[90m# StepDefinitions.LinkedList.the_user_clicks_insertion_link()&amp#27;[0m
  &amp#27;[32mThen &amp#27;[0m&amp#27;[32mThe user is redirected to Insertion page.&amp#27;[0m               &amp#27;[90m# StepDefinitions.LinkedList.the_user_is_redirected_to_insertion_page()&amp#27;[0m
[INFO ] 2024-12-17 10:01:02.825 [TestNG-PoolService-3] Hooks - ======================  Test Execution is completed!! ======================
  &amp#27;[32mAnd &amp#27;[0m&amp#27;[32mUser clicks on Get Started button from Linked List panel&amp#27;[0m       &amp#27;[90m# StepDefinitions.LinkedList.user_clicks_on_get_started_button_from_linked_list_panel()&amp#27;[0m
  &amp#27;[32mGiven &amp#27;[0m&amp#27;[32mThe user is on the Insertion page&amp#27;[0m                            &amp#27;[90m# StepDefinitions.LinkedList.the_user_is_on_the_insertion_page()&amp#27;[0m
]]></system-out>
  </testcase>
  <testcase name="runScenario[&quot;Linked List home page&quot;, &quot;Linked List&quot;](86)" classname="TestRunners.TestRunner" time="5.739">
    <system-out><![CDATA[
Scenario: Insertion                                                  &amp#27;[90m# src/test/resources/Features/LinkedList.feature:143&amp#27;[0m
  &amp#27;[32mGiven &amp#27;[0m&amp#27;[32mThe user is on the DS Introduction page as signedIn&amp#27;[0m    &amp#27;[90m# StepDefinitions.DSIntroductionDetails.the_user_is_on_the_ds_introduction_page_as_signed_in()&amp#27;[0m
  &amp#27;[32mAnd &amp#27;[0m&amp#27;[32mUser clicks on Get Started button from Linked List panel&amp#27;[0m &amp#27;[90m# StepDefinitions.LinkedList.user_clicks_on_get_started_button_from_linked_list_panel()&amp#27;[0m
  &amp#27;[32mGiven &amp#27;[0m&amp#27;[32mThe user is on the Traversal page&amp#27;[0m                      &amp#27;[90m# StepDefinitions.LinkedList.the_user_is_on_the_traversal_page()&amp#27;[0m
  &amp#27;[32mWhen &amp#27;[0m&amp#27;[32mThe user clicks Insertion link&amp#27;[0m                          &amp#27;[90m# StepDefinitions.LinkedList.the_user_clicks_insertion_link()&amp#27;[0m
  &amp#27;[32mThen &amp#27;[0m&amp#27;[32mThe user is redirected to Insertion page.&amp#27;[0m               &amp#27;[90m# StepDefinitions.LinkedList.the_user_is_redirected_to_insertion_page()&amp#27;[0m
[INFO ] 2024-12-17 10:16:46.208 [TestNG-PoolService-3] Hooks - ======================  Test Execution is completed!! ======================
  &amp#27;[32mGiven &amp#27;[0m&amp#27;[32mThe user is on the DS Introduction page as signedIn&amp#27;[0m          &amp#27;[90m# StepDefinitions.DSIntroductionDetails.the_user_is_on_the_ds_introduction_page_as_signed_in()&amp#27;[0m
]]></system-out>
    <system-err><![CDATA[Dec 17, 2024 10:16:46 AM org.openqa.selenium.devtools.CdpVersionFinder findNearestMatch
WARNING: Unable to find an exact match for CDP version 131, returning the closest version; found: 130; Please update to a Selenium version that supports CDP version 131
]]></system-err>
  </testcase>
  <testcase name="runScenario[&quot;Insertion&quot;, &quot;Linked List&quot;](87)" classname="TestRunners.TestRunner" time="1.666">
    <system-out><![CDATA[
Scenario: LL_Try Here Editor page with empty data                            &amp#27;[90m# src/test/resources/Features/LinkedList.feature:148&amp#27;[0m
  &amp#27;[32mWhen &amp#27;[0m&amp#27;[32mThe user clicks Try Here button&amp#27;[0m                               &amp#27;[90m# StepDefinitions.Tree.the_user_clicks_try_here_button()&amp#27;[0m
  &amp#27;[32mThen &amp#27;[0m&amp#27;[32mThe user is redirected to a page having Editor and run button&amp#27;[0m &amp#27;[90m# StepDefinitions.Tree.the_user_is_redirected_to_a_page_having_editor_and_run_button()&amp#27;[0m
[INFO ] 2024-12-17 10:01:04.468 [TestNG-PoolService-1] Hooks - ======================  Test Execution is completed!! ======================
]]></system-out>
  </testcase>
  <testcase name="runScenario[&quot;Insertion&quot;, &quot;Linked List&quot;](87)" classname="TestRunners.TestRunner" time="2.657">
    <system-out><![CDATA[
Scenario: LL_Try Here Editor page with empty data                            &amp#27;[90m# src/test/resources/Features/LinkedList.feature:148&amp#27;[0m
  &amp#27;[32mAnd &amp#27;[0m&amp#27;[32mUser clicks on Get Started button from Linked List panel&amp#27;[0m       &amp#27;[90m# StepDefinitions.LinkedList.user_clicks_on_get_started_button_from_linked_list_panel()&amp#27;[0m
  &amp#27;[32mGiven &amp#27;[0m&amp#27;[32mThe user is on the Insertion page&amp#27;[0m                            &amp#27;[90m# StepDefinitions.LinkedList.the_user_is_on_the_insertion_page()&amp#27;[0m
  &amp#27;[32mWhen &amp#27;[0m&amp#27;[32mThe user clicks Try Here button&amp#27;[0m                               &amp#27;[90m# StepDefinitions.Tree.the_user_clicks_try_here_button()&amp#27;[0m
  &amp#27;[32mThen &amp#27;[0m&amp#27;[32mThe user is redirected to a page having Editor and run button&amp#27;[0m &amp#27;[90m# StepDefinitions.Tree.the_user_is_redirected_to_a_page_having_editor_and_run_button()&amp#27;[0m
[INFO ] 2024-12-17 10:16:50.243 [TestNG-PoolService-1] Hooks - ======================  Test Execution is completed!! ======================
]]></system-out>
  </testcase>
  <testcase name="runScenario[&quot;LL_Try Here Editor page with valid data&quot;, &quot;Linked List&quot;](89)" classname="TestRunners.TestRunner" time="3.581">
    <failure message="expected [hello] but found []" type="java.lang.AssertionError"><![CDATA[java.lang.AssertionError: expected [hello] but found []
]]></failure>
    <system-out><![CDATA[
Scenario: LL_Try Here Editor page with invalid data                     &amp#27;[90m# src/test/resources/Features/LinkedList.feature:158&amp#27;[0m
  &amp#27;[32mGiven &amp#27;[0m&amp#27;[32mThe user is on the editor page of Insertion page&amp#27;[0m              &amp#27;[90m# StepDefinitions.LinkedList.the_user_is_on_the_editor_page_of_insertion_page()&amp#27;[0m
  &amp#27;[32mWhen &amp#27;[0m&amp#27;[32mThe user writes the valid python code and clicks on Run button&amp#27;[0m &amp#27;[90m# StepDefinitions.Tree.the_user_writes_the_valid_python_code_and_clicks_on_run_button()&amp#27;[0m
  &amp#27;[31mThen &amp#27;[0m&amp#27;[31mThe user is able to see the output inside the console.&amp#27;[0m         &amp#27;[90m# StepDefinitions.Tree.the_user_is_able_to_see_the_output_inside_the_console()&amp#27;[0m
      &amp#27;[31mjava.lang.AssertionError: expected [hello] but found []
	at org.testng.Assert.fail(Assert.java:111)
	at org.testng.Assert.failNotEquals(Assert.java:1578)
	at org.testng.Assert.assertEqualsImpl(Assert.java:150)
	at org.testng.Assert.assertEquals(Assert.java:132)
	at org.testng.Assert.assertEquals(Assert.java:656)
	at org.testng.Assert.assertEquals(Assert.java:666)
	at StepDefinitions.Tree.the_user_is_able_to_see_the_output_inside_the_console(Tree.java:101)
	at ✽.The user is able to see the output inside the console.(file:///C:/Projects/newFolder-3/Repo1/src/test/resources/Features/LinkedList.feature:131)
&amp#27;[0m
[ERROR] 2024-12-17 10:01:16.281 [TestNG-PoolService-2] Hooks - ======================  TEST CASE FAILED !! ======================

    Embedding screenshot [image/png 37860 bytes]

[INFO ] 2024-12-17 10:01:16.345 [TestNG-PoolService-2] Hooks - ======================  Screenshot is captured  ======================
[INFO ] 2024-12-17 10:01:16.345 [TestNG-PoolService-2] Hooks - ======================  Test Execution is completed!! ======================
]]></system-out>
  </testcase>
  <testcase name="runScenario[&quot;LL_Try Here Editor page with invalid data&quot;, &quot;Linked List&quot;](90)" classname="TestRunners.TestRunner" time="6.797">
    <system-out><![CDATA[
Scenario: Linked List home page                                &amp#27;[90m# src/test/resources/Features/LinkedList.feature:163&amp#27;[0m
  &amp#27;[32mGiven &amp#27;[0m&amp#27;[32mThe user is on the DS Introduction page as signedIn&amp#27;[0m             &amp#27;[90m# StepDefinitions.DSIntroductionDetails.the_user_is_on_the_ds_introduction_page_as_signed_in()&amp#27;[0m
  &amp#27;[32mAnd &amp#27;[0m&amp#27;[32mUser clicks on Get Started button from Linked List panel&amp#27;[0m          &amp#27;[90m# StepDefinitions.LinkedList.user_clicks_on_get_started_button_from_linked_list_panel()&amp#27;[0m
  &amp#27;[32mGiven &amp#27;[0m&amp#27;[32mThe user is on the editor page of Insertion page&amp#27;[0m                &amp#27;[90m# StepDefinitions.LinkedList.the_user_is_on_the_editor_page_of_insertion_page()&amp#27;[0m
  &amp#27;[32mWhen &amp#27;[0m&amp#27;[32mThe user writes the invalid python code and clicks on Run button&amp#27;[0m &amp#27;[90m# StepDefinitions.Tree.the_user_writes_the_invalid_python_code_and_clicks_on_run_button()&amp#27;[0m
  &amp#27;[32mThen &amp#27;[0m&amp#27;[32mThe user see error msg in alert window&amp#27;[0m                           &amp#27;[90m# StepDefinitions.Tree.the_user_see_error_msg_in_alert_window()&amp#27;[0m
[INFO ] 2024-12-17 10:01:23.649 [TestNG-PoolService-3] Hooks - ======================  Test Execution is completed!! ======================
]]></system-out>
  </testcase>
  <testcase name="runScenario[&quot;Linked List home page&quot;, &quot;Linked List&quot;](91)" classname="TestRunners.TestRunner" time="3.095">
    <system-out><![CDATA[
Scenario: Deletion                                                   &amp#27;[90m# src/test/resources/Features/LinkedList.feature:168&amp#27;[0m
  &amp#27;[32mGiven &amp#27;[0m&amp#27;[32mThe user is on the DS Introduction page as signedIn&amp#27;[0m    &amp#27;[90m# StepDefinitions.DSIntroductionDetails.the_user_is_on_the_ds_introduction_page_as_signed_in()&amp#27;[0m
  &amp#27;[32mAnd &amp#27;[0m&amp#27;[32mUser clicks on Get Started button from Linked List panel&amp#27;[0m &amp#27;[90m# StepDefinitions.LinkedList.user_clicks_on_get_started_button_from_linked_list_panel()&amp#27;[0m
  &amp#27;[32mGiven &amp#27;[0m&amp#27;[32mThe user is on the Insertion page&amp#27;[0m                      &amp#27;[90m# StepDefinitions.LinkedList.the_user_is_on_the_insertion_page()&amp#27;[0m
  &amp#27;[32mWhen &amp#27;[0m&amp#27;[32mThe user clicks Deletion link&amp#27;[0m                           &amp#27;[90m# StepDefinitions.LinkedList.the_user_clicks_deletion_link()&amp#27;[0m
  &amp#27;[32mThen &amp#27;[0m&amp#27;[32mThe user is redirected to Deletion page.&amp#27;[0m                &amp#27;[90m# StepDefinitions.LinkedList.the_user_is_redirected_to_deletion_page()&amp#27;[0m
[INFO ] 2024-12-17 10:01:26.815 [TestNG-PoolService-2] Hooks - ======================  Test Execution is completed!! ======================
]]></system-out>
  </testcase>
  <testcase name="runScenario[&quot;Linked List home page&quot;, &quot;Linked List&quot;](91)" classname="TestRunners.TestRunner" time="3.062">
    <system-out><![CDATA[
Scenario: Deletion                                                   &amp#27;[90m# src/test/resources/Features/LinkedList.feature:168&amp#27;[0m
  &amp#27;[32mGiven &amp#27;[0m&amp#27;[32mThe user is on the DS Introduction page as signedIn&amp#27;[0m    &amp#27;[90m# StepDefinitions.DSIntroductionDetails.the_user_is_on_the_ds_introduction_page_as_signed_in()&amp#27;[0m
  &amp#27;[32mAnd &amp#27;[0m&amp#27;[32mUser clicks on Get Started button from Linked List panel&amp#27;[0m &amp#27;[90m# StepDefinitions.LinkedList.user_clicks_on_get_started_button_from_linked_list_panel()&amp#27;[0m
  &amp#27;[32mGiven &amp#27;[0m&amp#27;[32mThe user is on the Insertion page&amp#27;[0m                      &amp#27;[90m# StepDefinitions.LinkedList.the_user_is_on_the_insertion_page()&amp#27;[0m
  &amp#27;[32mWhen &amp#27;[0m&amp#27;[32mThe user clicks Deletion link&amp#27;[0m                           &amp#27;[90m# StepDefinitions.LinkedList.the_user_clicks_deletion_link()&amp#27;[0m
  &amp#27;[32mThen &amp#27;[0m&amp#27;[32mThe user is redirected to Deletion page.&amp#27;[0m                &amp#27;[90m# StepDefinitions.LinkedList.the_user_is_redirected_to_deletion_page()&amp#27;[0m
[INFO ] 2024-12-17 10:17:12.149 [TestNG-PoolService-3] Hooks - ======================  Test Execution is completed!! ======================
]]></system-out>
    <system-err><![CDATA[Dec 17, 2024 10:17:13 AM org.openqa.selenium.devtools.CdpVersionFinder findNearestMatch
WARNING: Unable to find an exact match for CDP version 131, returning the closest version; found: 130; Please update to a Selenium version that supports CDP version 131
]]></system-err>
  </testcase>
  <testcase name="runScenario[&quot;LL_Try Here Editor page with valid data&quot;, &quot;Linked List&quot;](94)" classname="TestRunners.TestRunner" time="8.952">
    <system-out><![CDATA[
Scenario: LL_Try Here Editor page with invalid data                     &amp#27;[90m# src/test/resources/Features/LinkedList.feature:183&amp#27;[0m
  &amp#27;[32mGiven &amp#27;[0m&amp#27;[32mThe user is on the DS Introduction page as signedIn&amp#27;[0m           &amp#27;[90m# StepDefinitions.DSIntroductionDetails.the_user_is_on_the_ds_introduction_page_as_signed_in()&amp#27;[0m
  &amp#27;[32mAnd &amp#27;[0m&amp#27;[32mUser clicks on Get Started button from Linked List panel&amp#27;[0m        &amp#27;[90m# StepDefinitions.LinkedList.user_clicks_on_get_started_button_from_linked_list_panel()&amp#27;[0m
  &amp#27;[32mGiven &amp#27;[0m&amp#27;[32mThe user is on the editor page of Deletion page&amp#27;[0m               &amp#27;[90m# StepDefinitions.LinkedList.the_user_is_on_the_editor_page_of_deletion_page()&amp#27;[0m
  &amp#27;[32mWhen &amp#27;[0m&amp#27;[32mThe user writes the valid python code and clicks on Run button&amp#27;[0m &amp#27;[90m# StepDefinitions.Tree.the_user_writes_the_valid_python_code_and_clicks_on_run_button()&amp#27;[0m
  &amp#27;[32mThen &amp#27;[0m&amp#27;[32mThe user is able to see the output inside the console.&amp#27;[0m         &amp#27;[90m# StepDefinitions.Tree.the_user_is_able_to_see_the_output_inside_the_console()&amp#27;[0m
[INFO ] 2024-12-17 10:01:45.565 [TestNG-PoolService-1] Hooks - ======================  Test Execution is completed!! ======================
  &amp#27;[32mGiven &amp#27;[0m&amp#27;[32mThe user is on the DS Introduction page as signedIn&amp#27;[0m             &amp#27;[90m# StepDefinitions.DSIntroductionDetails.the_user_is_on_the_ds_introduction_page_as_signed_in()&amp#27;[0m
  &amp#27;[32mAnd &amp#27;[0m&amp#27;[32mUser clicks on Get Started button from Linked List panel&amp#27;[0m          &amp#27;[90m# StepDefinitions.LinkedList.user_clicks_on_get_started_button_from_linked_list_panel()&amp#27;[0m
]]></system-out>
  </testcase>
  <testcase name="runScenario[&quot;LL_Try Here Editor page with valid data&quot;, &quot;Linked List&quot;](94)" classname="TestRunners.TestRunner" time="8.261">
    <system-out><![CDATA[
Scenario: LL_Try Here Editor page with invalid data                     &amp#27;[90m# src/test/resources/Features/LinkedList.feature:183&amp#27;[0m
  &amp#27;[32mGiven &amp#27;[0m&amp#27;[32mThe user is on the DS Introduction page as signedIn&amp#27;[0m           &amp#27;[90m# StepDefinitions.DSIntroductionDetails.the_user_is_on_the_ds_introduction_page_as_signed_in()&amp#27;[0m
  &amp#27;[32mAnd &amp#27;[0m&amp#27;[32mUser clicks on Get Started button from Linked List panel&amp#27;[0m        &amp#27;[90m# StepDefinitions.LinkedList.user_clicks_on_get_started_button_from_linked_list_panel()&amp#27;[0m
  &amp#27;[32mGiven &amp#27;[0m&amp#27;[32mThe user is on the editor page of Deletion page&amp#27;[0m               &amp#27;[90m# StepDefinitions.LinkedList.the_user_is_on_the_editor_page_of_deletion_page()&amp#27;[0m
  &amp#27;[32mGiven &amp#27;[0m&amp#27;[32mThe user is on the DS Introduction page as signedIn&amp#27;[0m             &amp#27;[90m# StepDefinitions.DSIntroductionDetails.the_user_is_on_the_ds_introduction_page_as_signed_in()&amp#27;[0m
  &amp#27;[32mAnd &amp#27;[0m&amp#27;[32mUser clicks on Get Started button from Linked List panel&amp#27;[0m          &amp#27;[90m# StepDefinitions.LinkedList.user_clicks_on_get_started_button_from_linked_list_panel()&amp#27;[0m
  &amp#27;[32mWhen &amp#27;[0m&amp#27;[32mThe user writes the valid python code and clicks on Run button&amp#27;[0m &amp#27;[90m# StepDefinitions.Tree.the_user_writes_the_valid_python_code_and_clicks_on_run_button()&amp#27;[0m
  &amp#27;[32mThen &amp#27;[0m&amp#27;[32mThe user is able to see the output inside the console.&amp#27;[0m         &amp#27;[90m# StepDefinitions.Tree.the_user_is_able_to_see_the_output_inside_the_console()&amp#27;[0m
[INFO ] 2024-12-17 10:17:28.912 [TestNG-PoolService-1] Hooks - ======================  Test Execution is completed!! ======================
  &amp#27;[32mGiven &amp#27;[0m&amp#27;[32mThe user is on the editor page of Deletion page&amp#27;[0m                 &amp#27;[90m# StepDefinitions.LinkedList.the_user_is_on_the_editor_page_of_deletion_page()&amp#27;[0m
  &amp#27;[32mWhen &amp#27;[0m&amp#27;[32mThe user writes the invalid python code and clicks on Run button&amp#27;[0m &amp#27;[90m# StepDefinitions.Tree.the_user_writes_the_invalid_python_code_and_clicks_on_run_button()&amp#27;[0m
  &amp#27;[32mThen &amp#27;[0m&amp#27;[32mThe user see error msg in alert window&amp#27;[0m                           &amp#27;[90m# StepDefinitions.Tree.the_user_see_error_msg_in_alert_window()&amp#27;[0m
[INFO ] 2024-12-17 10:17:29.917 [TestNG-PoolService-3] Hooks - ======================  Test Execution is completed!! ======================
]]></system-out>
    <system-err><![CDATA[Dec 17, 2024 10:17:25 AM org.openqa.selenium.devtools.CdpVersionFinder findNearestMatch
WARNING: Unable to find an exact match for CDP version 131, returning the closest version; found: 130; Please update to a Selenium version that supports CDP version 131
]]></system-err>
  </testcase>
  <testcase name="runScenario[&quot;LL_Try Here Editor page with invalid data&quot;, &quot;Linked List&quot;](95)" classname="TestRunners.TestRunner" time="2.162">
    <system-out><![CDATA[
Scenario: Introduction page                                    &amp#27;[90m# src/test/resources/Features/LinkedList.feature:188&amp#27;[0m
  &amp#27;[32mGiven &amp#27;[0m&amp#27;[32mThe user is on the editor page of Deletion page&amp#27;[0m                 &amp#27;[90m# StepDefinitions.LinkedList.the_user_is_on_the_editor_page_of_deletion_page()&amp#27;[0m
  &amp#27;[32mWhen &amp#27;[0m&amp#27;[32mThe user writes the invalid python code and clicks on Run button&amp#27;[0m &amp#27;[90m# StepDefinitions.Tree.the_user_writes_the_invalid_python_code_and_clicks_on_run_button()&amp#27;[0m
  &amp#27;[32mThen &amp#27;[0m&amp#27;[32mThe user see error msg in alert window&amp#27;[0m                           &amp#27;[90m# StepDefinitions.Tree.the_user_see_error_msg_in_alert_window()&amp#27;[0m
[INFO ] 2024-12-17 10:01:47.694 [TestNG-PoolService-2] Hooks - ======================  Test Execution is completed!! ======================
]]></system-out>
  </testcase>
  <testcase name="runScenario[&quot;LL_Try Here Editor page with invalid data&quot;, &quot;Linked List&quot;](95)" classname="TestRunners.TestRunner" time="1.318">
    <system-out><![CDATA[
Scenario: Introduction page                                    &amp#27;[90m# src/test/resources/Features/LinkedList.feature:188&amp#27;[0m
]]></system-out>
  </testcase>
  <testcase name="runScenario[&quot;Introduction page&quot;, &quot;Linked List&quot;](96)" classname="TestRunners.TestRunner" time="6.4">
    <system-out><![CDATA[
Scenario Outline: DS Algo Sign in Page with blank info                                                                             &amp#27;[90m# src/test/resources/Features/LoginTestNav.feature:10&amp#27;[0m
  &amp#27;[32mGiven &amp#27;[0m&amp#27;[32mThe user is on the DS Introduction page as signedIn&amp#27;[0m    &amp#27;[90m# StepDefinitions.DSIntroductionDetails.the_user_is_on_the_ds_introduction_page_as_signed_in()&amp#27;[0m
  &amp#27;[32mAnd &amp#27;[0m&amp#27;[32mUser clicks on Get Started button from Linked List panel&amp#27;[0m &amp#27;[90m# StepDefinitions.LinkedList.user_clicks_on_get_started_button_from_linked_list_panel()&amp#27;[0m
The user is on the DS Algo signin page
  &amp#27;[32mGiven &amp#27;[0m&amp#27;[32mThe user is on the Introduction page&amp#27;[0m                   &amp#27;[90m# StepDefinitions.LinkedList.the_user_is_on_the_introduction_page()&amp#27;[0m
  &amp#27;[32mWhen &amp#27;[0m&amp#27;[32mThe user clicks Practice Questions link&amp#27;[0m                 &amp#27;[90m# StepDefinitions.Tree.the_user_clicks_practice_questions_link()&amp#27;[0m
  &amp#27;[32mThen &amp#27;[0m&amp#27;[32mThe user is redirected to Practice Questions page.&amp#27;[0m      &amp#27;[90m# StepDefinitions.Tree.the_user_is_redirected_to_practice_questions_page()&amp#27;[0m
[INFO ] 2024-12-17 10:01:53.902 [TestNG-PoolService-1] Hooks - ======================  Test Execution is completed!! ======================
  &amp#27;[32mGiven &amp#27;[0m&amp#27;[32mThe user is on the DS Algo Sign in Page&amp#27;[0m                                                                                    &amp#27;[90m# StepDefinitions.LoginStepDefinitions.the_user_is_on_the_ds_algo_sign_in_page()&amp#27;[0m
  &amp#27;[32mWhen &amp#27;[0m&amp#27;[32mThe user clicks login button after leaving the username textbox and paswword textbox blank from sheetname &amp#27;[0m&amp#27;[32m&amp#27;[1m"Login"&amp#27;[0m&amp#27;[32m and row &amp#27;[0m&amp#27;[32m&amp#27;[1m3&amp#27;[0m &amp#27;[90m# StepDefinitions.LoginStepDefinitions.the_user_clicks_login_button_after_leaving_the_textbox_and_textbox_blank(java.lang.String,java.lang.Integer)&amp#27;[0m
  &amp#27;[32mThen &amp#27;[0m&amp#27;[32mThe error message &amp#27;[0m&amp#27;[32m&amp#27;[1m"Please fill out this field."&amp#27;[0m&amp#27;[32m appears below Username textbox&amp#27;[0m                                              &amp#27;[90m# StepDefinitions.LoginStepDefinitions.the_error_message_appears_below_username_textbox(java.lang.String)&amp#27;[0m
[INFO ] 2024-12-17 10:01:55.186 [TestNG-PoolService-2] Hooks - ======================  Test Execution is completed!! ======================
]]></system-out>
  </testcase>
  <testcase name="runScenario[&quot;DS Algo Sign in Page with blank info&quot;, &quot;Login Feature&quot;](97)" classname="TestRunners.TestRunner" time="1.245">
    <system-out><![CDATA[
Scenario Outline: DS Algo Sign in Page with blank password                                        &amp#27;[90m# src/test/resources/Features/LoginTestNav.feature:18&amp#27;[0m
]]></system-out>
  </testcase>
  <testcase name="runScenario[&quot;DS Algo Sign in Page with blank password&quot;, &quot;Login Feature&quot;](98)" classname="TestRunners.TestRunner" time="5.859">
    <system-out><![CDATA[
Scenario Outline: DS Algo Sign in Page  with blank username                                       &amp#27;[90m# src/test/resources/Features/LoginTestNav.feature:26&amp#27;[0m
The user is on the DS Algo signin page
  &amp#27;[32mGiven &amp#27;[0m&amp#27;[32mThe user is on the DS Algo Sign in Page&amp#27;[0m                                                   &amp#27;[90m# StepDefinitions.LoginStepDefinitions.the_user_is_on_the_ds_algo_sign_in_page()&amp#27;[0m
  &amp#27;[32mWhen &amp#27;[0m&amp#27;[32mThe user clicks login button after entering only username from sheetname &amp#27;[0m&amp#27;[32m&amp#27;[1m"Login"&amp#27;[0m&amp#27;[32m and row &amp#27;[0m&amp#27;[32m&amp#27;[1m6&amp#27;[0m &amp#27;[90m# StepDefinitions.LoginStepDefinitions.the_user_clicks_login_button_after_enteringusername_only(java.lang.String,java.lang.Integer)&amp#27;[0m
  &amp#27;[32mThen &amp#27;[0m&amp#27;[32mThe error message &amp#27;[0m&amp#27;[32m&amp#27;[1m"Please fill out this field."&amp#27;[0m&amp#27;[32m appears below Pwd textbox&amp#27;[0m                  &amp#27;[90m# StepDefinitions.LoginStepDefinitions.the_error_message_appears_below_pwd_textbox(java.lang.String)&amp#27;[0m
[INFO ] 2024-12-17 10:02:00.917 [TestNG-PoolService-1] Hooks - ======================  Test Execution is completed!! ======================
The user is on the DS Algo signin page
]]></system-out>
  </testcase>
  <testcase name="runScenario[&quot;DS Algo Sign in Page with blank password&quot;, &quot;Login Feature&quot;](98)" classname="TestRunners.TestRunner" time="6.838">
    <system-out><![CDATA[
Scenario Outline: DS Algo Sign in Page  with blank username                                       &amp#27;[90m# src/test/resources/Features/LoginTestNav.feature:26&amp#27;[0m
The user is on the DS Algo signin page
The user is on the DS Algo signin page
  &amp#27;[32mGiven &amp#27;[0m&amp#27;[32mThe user is on the DS Algo Sign in Page&amp#27;[0m                                                   &amp#27;[90m# StepDefinitions.LoginStepDefinitions.the_user_is_on_the_ds_algo_sign_in_page()&amp#27;[0m
  &amp#27;[32mGiven &amp#27;[0m&amp#27;[32mThe user is on the DS Algo Sign in Page&amp#27;[0m                                                   &amp#27;[90m# StepDefinitions.LoginStepDefinitions.the_user_is_on_the_ds_algo_sign_in_page()&amp#27;[0m
  &amp#27;[32mWhen &amp#27;[0m&amp#27;[32mThe user clicks login button after entering only username from sheetname &amp#27;[0m&amp#27;[32m&amp#27;[1m"Login"&amp#27;[0m&amp#27;[32m and row &amp#27;[0m&amp#27;[32m&amp#27;[1m6&amp#27;[0m &amp#27;[90m# StepDefinitions.LoginStepDefinitions.the_user_clicks_login_button_after_enteringusername_only(java.lang.String,java.lang.Integer)&amp#27;[0m
  &amp#27;[32mThen &amp#27;[0m&amp#27;[32mThe error message &amp#27;[0m&amp#27;[32m&amp#27;[1m"Please fill out this field."&amp#27;[0m&amp#27;[32m appears below Pwd textbox&amp#27;[0m                  &amp#27;[90m# StepDefinitions.LoginStepDefinitions.the_error_message_appears_below_pwd_textbox(java.lang.String)&amp#27;[0m
[INFO ] 2024-12-17 10:17:43.992 [TestNG-PoolService-3] Hooks - ======================  Test Execution is completed!! ======================
  &amp#27;[32mWhen &amp#27;[0m&amp#27;[32mThe user clicks login button after entering only password from sheetname &amp#27;[0m&amp#27;[32m&amp#27;[1m"Login"&amp#27;[0m&amp#27;[32m and row &amp#27;[0m&amp#27;[32m&amp#27;[1m6&amp#27;[0m &amp#27;[90m# StepDefinitions.LoginStepDefinitions.the_user_clicks_login_button_after_entering_password_only(java.lang.String,java.lang.Integer)&amp#27;[0m
  &amp#27;[32mThen &amp#27;[0m&amp#27;[32mThe error message &amp#27;[0m&amp#27;[32m&amp#27;[1m"Please fill out this field."&amp#27;[0m&amp#27;[32m appears below Username textbox&amp#27;[0m             &amp#27;[90m# StepDefinitions.LoginStepDefinitions.the_error_message_appears_below_username_textbox(java.lang.String)&amp#27;[0m
[INFO ] 2024-12-17 10:17:44.294 [TestNG-PoolService-1] Hooks - ======================  Test Execution is completed!! ======================
]]></system-out>
    <system-err><![CDATA[Dec 17, 2024 10:17:41 AM org.openqa.selenium.devtools.CdpVersionFinder findNearestMatch
WARNING: Unable to find an exact match for CDP version 131, returning the closest version; found: 130; Please update to a Selenium version that supports CDP version 131
Dec 17, 2024 10:17:41 AM org.openqa.selenium.devtools.CdpVersionFinder findNearestMatch
WARNING: Unable to find an exact match for CDP version 131, returning the closest version; found: 130; Please update to a Selenium version that supports CDP version 131
]]></system-err>
  </testcase>
  <testcase name="runScenario[&quot;DS Algo Sign in Page  with blank username&quot;, &quot;Login Feature&quot;](99)" classname="TestRunners.TestRunner" time="1.692">
    <system-out><![CDATA[
Scenario Outline: DS Algo Sign in Page with invalid username and password                                                 &amp#27;[90m# src/test/resources/Features/LoginTestNav.feature:34&amp#27;[0m
  &amp#27;[32mGiven &amp#27;[0m&amp#27;[32mThe user is on the DS Algo Sign in Page&amp#27;[0m                                                   &amp#27;[90m# StepDefinitions.LoginStepDefinitions.the_user_is_on_the_ds_algo_sign_in_page()&amp#27;[0m
  &amp#27;[32mWhen &amp#27;[0m&amp#27;[32mThe user clicks login button after entering only password from sheetname &amp#27;[0m&amp#27;[32m&amp#27;[1m"Login"&amp#27;[0m&amp#27;[32m and row &amp#27;[0m&amp#27;[32m&amp#27;[1m6&amp#27;[0m &amp#27;[90m# StepDefinitions.LoginStepDefinitions.the_user_clicks_login_button_after_entering_password_only(java.lang.String,java.lang.Integer)&amp#27;[0m
  &amp#27;[32mThen &amp#27;[0m&amp#27;[32mThe error message &amp#27;[0m&amp#27;[32m&amp#27;[1m"Please fill out this field."&amp#27;[0m&amp#27;[32m appears below Username textbox&amp#27;[0m             &amp#27;[90m# StepDefinitions.LoginStepDefinitions.the_error_message_appears_below_username_textbox(java.lang.String)&amp#27;[0m
[INFO ] 2024-12-17 10:02:02.751 [TestNG-PoolService-2] Hooks - ======================  Test Execution is completed!! ======================
]]></system-out>
  </testcase>
  <testcase name="runScenario[&quot;DS Algo Sign in Page  with blank username&quot;, &quot;Login Feature&quot;](99)" classname="TestRunners.TestRunner" time="0.239">
    <system-out><![CDATA[
Scenario Outline: DS Algo Sign in Page with invalid username and password                                                 &amp#27;[90m# src/test/resources/Features/LoginTestNav.feature:34&amp#27;[0m
]]></system-out>
  </testcase>
  <testcase name="runScenario[&quot;DS Algo Sign in Page with invalid username and password&quot;, &quot;Login Feature&quot;](100)" classname="TestRunners.TestRunner" time="5.955">
    <system-out><![CDATA[
Scenario Outline: DS Algo Sign in Page with valid username and invalid password                                         &amp#27;[90m# src/test/resources/Features/LoginTestNav.feature:42&amp#27;[0m
The user is on the DS Algo signin page
  &amp#27;[32mGiven &amp#27;[0m&amp#27;[32mThe user is on the DS Algo Sign in Page&amp#27;[0m                                                                           &amp#27;[90m# StepDefinitions.LoginStepDefinitions.the_user_is_on_the_ds_algo_sign_in_page()&amp#27;[0m
  &amp#27;[32mWhen &amp#27;[0m&amp#27;[32mThe user clicks login button after entering invalid username and invalid password from sheetname &amp#27;[0m&amp#27;[32m&amp#27;[1m"Login"&amp#27;[0m&amp#27;[32m and row &amp#27;[0m&amp#27;[32m&amp#27;[1m4&amp#27;[0m &amp#27;[90m# StepDefinitions.LoginStepDefinitions.the_user_clicks_login_button_after_entering_invalid_and_invalid(java.lang.String,java.lang.Integer)&amp#27;[0m
  &amp#27;[32mThen &amp#27;[0m&amp#27;[32mThe user should able to see an error message &amp#27;[0m&amp#27;[32m&amp#27;[1m"Invalid Username and Password"&amp#27;[0m&amp#27;[32m.&amp#27;[0m                                      &amp#27;[90m# StepDefinitions.LoginStepDefinitions.the_user_should_able_to_see_an_error_message(java.lang.String)&amp#27;[0m
[INFO ] 2024-12-17 10:02:08.248 [TestNG-PoolService-1] Hooks - ======================  Test Execution is completed!! ======================
The user is on the DS Algo signin page
]]></system-out>
  </testcase>
  <testcase name="runScenario[&quot;DS Algo Sign in Page with invalid username and password&quot;, &quot;Login Feature&quot;](100)" classname="TestRunners.TestRunner" time="7.414">
    <system-out><![CDATA[
Scenario Outline: DS Algo Sign in Page with valid username and invalid password                                         &amp#27;[90m# src/test/resources/Features/LoginTestNav.feature:42&amp#27;[0m
The user is on the DS Algo signin page
The user is on the DS Algo signin page
  &amp#27;[32mGiven &amp#27;[0m&amp#27;[32mThe user is on the DS Algo Sign in Page&amp#27;[0m                                                                           &amp#27;[90m# StepDefinitions.LoginStepDefinitions.the_user_is_on_the_ds_algo_sign_in_page()&amp#27;[0m
  &amp#27;[32mGiven &amp#27;[0m&amp#27;[32mThe user is on the DS Algo Sign in Page&amp#27;[0m                                                                         &amp#27;[90m# StepDefinitions.LoginStepDefinitions.the_user_is_on_the_ds_algo_sign_in_page()&amp#27;[0m
  &amp#27;[32mWhen &amp#27;[0m&amp#27;[32mThe user clicks login button after entering invalid username and invalid password from sheetname &amp#27;[0m&amp#27;[32m&amp#27;[1m"Login"&amp#27;[0m&amp#27;[32m and row &amp#27;[0m&amp#27;[32m&amp#27;[1m4&amp#27;[0m &amp#27;[90m# StepDefinitions.LoginStepDefinitions.the_user_clicks_login_button_after_entering_invalid_and_invalid(java.lang.String,java.lang.Integer)&amp#27;[0m
  &amp#27;[32mThen &amp#27;[0m&amp#27;[32mThe user should able to see an error message &amp#27;[0m&amp#27;[32m&amp#27;[1m"Invalid Username and Password"&amp#27;[0m&amp#27;[32m.&amp#27;[0m                                      &amp#27;[90m# StepDefinitions.LoginStepDefinitions.the_user_should_able_to_see_an_error_message(java.lang.String)&amp#27;[0m
[INFO ] 2024-12-17 10:17:51.768 [TestNG-PoolService-3] Hooks - ======================  Test Execution is completed!! ======================
  &amp#27;[32mWhen &amp#27;[0m&amp#27;[32mThe user clicks login button after entering valid userName and invalid password from sheetname &amp#27;[0m&amp#27;[32m&amp#27;[1m"Login"&amp#27;[0m&amp#27;[32m and row &amp#27;[0m&amp#27;[32m&amp#27;[1m7&amp#27;[0m &amp#27;[90m# StepDefinitions.LoginStepDefinitions.the_user_clicks_login_button_after_entering_valid_and_invalid(java.lang.String,java.lang.Integer)&amp#27;[0m
  &amp#27;[32mThen &amp#27;[0m&amp#27;[32mThe user should able to see an error message &amp#27;[0m&amp#27;[32m&amp#27;[1m"Invalid Username and Password"&amp#27;[0m&amp#27;[32m.&amp#27;[0m                                    &amp#27;[90m# StepDefinitions.LoginStepDefinitions.the_user_should_able_to_see_an_error_message(java.lang.String)&amp#27;[0m
[INFO ] 2024-12-17 10:17:52.075 [TestNG-PoolService-1] Hooks - ======================  Test Execution is completed!! ======================
]]></system-out>
    <system-err><![CDATA[Dec 17, 2024 10:17:48 AM org.openqa.selenium.devtools.CdpVersionFinder findNearestMatch
WARNING: Unable to find an exact match for CDP version 131, returning the closest version; found: 130; Please update to a Selenium version that supports CDP version 131
Dec 17, 2024 10:17:49 AM org.openqa.selenium.devtools.CdpVersionFinder findNearestMatch
WARNING: Unable to find an exact match for CDP version 131, returning the closest version; found: 130; Please update to a Selenium version that supports CDP version 131
]]></system-err>
  </testcase>
  <testcase name="runScenario[&quot;DS Algo Sign in Page with valid username and invalid password&quot;, &quot;Login Feature&quot;](101)" classname="TestRunners.TestRunner" time="1.673">
    <system-out><![CDATA[
Scenario Outline: DS Algo Sign in Page  with valid username and Valid password                                  &amp#27;[90m# src/test/resources/Features/LoginTestNav.feature:50&amp#27;[0m
  &amp#27;[32mGiven &amp#27;[0m&amp#27;[32mThe user is on the DS Algo Sign in Page&amp#27;[0m                                                                         &amp#27;[90m# StepDefinitions.LoginStepDefinitions.the_user_is_on_the_ds_algo_sign_in_page()&amp#27;[0m
  &amp#27;[32mWhen &amp#27;[0m&amp#27;[32mThe user clicks login button after entering valid userName and invalid password from sheetname &amp#27;[0m&amp#27;[32m&amp#27;[1m"Login"&amp#27;[0m&amp#27;[32m and row &amp#27;[0m&amp#27;[32m&amp#27;[1m7&amp#27;[0m &amp#27;[90m# StepDefinitions.LoginStepDefinitions.the_user_clicks_login_button_after_entering_valid_and_invalid(java.lang.String,java.lang.Integer)&amp#27;[0m
  &amp#27;[32mThen &amp#27;[0m&amp#27;[32mThe user should able to see an error message &amp#27;[0m&amp#27;[32m&amp#27;[1m"Invalid Username and Password"&amp#27;[0m&amp#27;[32m.&amp#27;[0m                                    &amp#27;[90m# StepDefinitions.LoginStepDefinitions.the_user_should_able_to_see_an_error_message(java.lang.String)&amp#27;[0m
[INFO ] 2024-12-17 10:02:10.587 [TestNG-PoolService-2] Hooks - ======================  Test Execution is completed!! ======================
]]></system-out>
  </testcase>
  <testcase name="runScenario[&quot;DS Algo Sign in Page with valid username and invalid password&quot;, &quot;Login Feature&quot;](101)" classname="TestRunners.TestRunner" time="0.346">
    <system-out><![CDATA[
Scenario Outline: DS Algo Sign in Page  with valid username and Valid password                                  &amp#27;[90m# src/test/resources/Features/LoginTestNav.feature:50&amp#27;[0m
]]></system-out>
  </testcase>
  <testcase name="runScenario[&quot;LL_Try Here Editor page with valid data&quot;, &quot;Linked List&quot;](102)" classname="TestRunners.TestRunner" time="4.54">
    <system-out><![CDATA[
Scenario: Validate user navigated to queue details page when clicked on get started &amp#27;[90m# src/test/resources/Features/QueueDetails.feature:7&amp#27;[0m
  &amp#27;[32mWhen &amp#27;[0m&amp#27;[32mThe user writes the valid python code and clicks on Run button&amp#27;[0m &amp#27;[90m# StepDefinitions.Tree.the_user_writes_the_valid_python_code_and_clicks_on_run_button()&amp#27;[0m
  &amp#27;[32mThen &amp#27;[0m&amp#27;[32mThe user is able to see the output inside the console.&amp#27;[0m         &amp#27;[90m# StepDefinitions.Tree.the_user_is_able_to_see_the_output_inside_the_console()&amp#27;[0m
[INFO ] 2024-12-17 10:02:14.721 [TestNG-PoolService-3] Hooks - ======================  Test Execution is completed!! ======================
The user is on the DS Algo signin page
]]></system-out>
  </testcase>
  <testcase name="runScenario[&quot;LL_Try Here Editor page with valid data&quot;, &quot;Linked List&quot;](102)" classname="TestRunners.TestRunner" time="5.847">
    <system-out><![CDATA[
Scenario: Validate user navigated to queue details page when clicked on get started &amp#27;[90m# src/test/resources/Features/QueueDetails.feature:7&amp#27;[0m
The user is on the DS Algo signin page
  &amp#27;[32mWhen &amp#27;[0m&amp#27;[32mThe user writes the valid python code and clicks on Run button&amp#27;[0m &amp#27;[90m# StepDefinitions.Tree.the_user_writes_the_valid_python_code_and_clicks_on_run_button()&amp#27;[0m
  &amp#27;[32mThen &amp#27;[0m&amp#27;[32mThe user is able to see the output inside the console.&amp#27;[0m         &amp#27;[90m# StepDefinitions.Tree.the_user_is_able_to_see_the_output_inside_the_console()&amp#27;[0m
[INFO ] 2024-12-17 10:17:57.088 [TestNG-PoolService-2] Hooks - ======================  Test Execution is completed!! ======================
  &amp#27;[32mGiven &amp#27;[0m&amp#27;[32mThe user is on the DS Algo Sign in Page&amp#27;[0m                                                                 &amp#27;[90m# StepDefinitions.LoginStepDefinitions.the_user_is_on_the_ds_algo_sign_in_page()&amp#27;[0m
  &amp#27;[32mWhen &amp#27;[0m&amp#27;[32mThe user clicks login button after entering valid userName and password from sheetname &amp#27;[0m&amp#27;[32m&amp#27;[1m"Login"&amp#27;[0m&amp#27;[32m and row &amp#27;[0m&amp#27;[32m&amp#27;[1m6&amp#27;[0m &amp#27;[90m# StepDefinitions.LoginStepDefinitions.the_user_clicks_login_button_after_entering_valid_and_valid(java.lang.String,int)&amp#27;[0m
  &amp#27;[32mThen &amp#27;[0m&amp#27;[32muser lands on the home page as signedIn&amp#27;[0m                                                                  &amp#27;[90m# StepDefinitions.DSIntroductionDetails.user_lands_on_the_home_page_as_signed_in()&amp#27;[0m
[INFO ] 2024-12-17 10:17:59.206 [TestNG-PoolService-3] Hooks - ======================  Test Execution is completed!! ======================
]]></system-out>
    <system-err><![CDATA[Dec 17, 2024 10:17:55 AM org.openqa.selenium.devtools.CdpVersionFinder findNearestMatch
WARNING: Unable to find an exact match for CDP version 131, returning the closest version; found: 130; Please update to a Selenium version that supports CDP version 131
Dec 17, 2024 10:17:56 AM org.openqa.selenium.devtools.CdpVersionFinder findNearestMatch
WARNING: Unable to find an exact match for CDP version 131, returning the closest version; found: 130; Please update to a Selenium version that supports CDP version 131
]]></system-err>
  </testcase>
  <testcase name="runScenario[&quot;DS Algo Sign in Page  with valid username and Valid password&quot;, &quot;Login Feature&quot;](103)" classname="TestRunners.TestRunner" time="3.801">
    <system-out><![CDATA[
Scenario: Validate user can navigate to Implementations of Queue in Python &amp#27;[90m# src/test/resources/Features/QueueDetails.feature:10&amp#27;[0m
  &amp#27;[32mGiven &amp#27;[0m&amp#27;[32mThe user is on the DS Algo Sign in Page&amp#27;[0m                                                                 &amp#27;[90m# StepDefinitions.LoginStepDefinitions.the_user_is_on_the_ds_algo_sign_in_page()&amp#27;[0m
  &amp#27;[32mWhen &amp#27;[0m&amp#27;[32mThe user clicks login button after entering valid userName and password from sheetname &amp#27;[0m&amp#27;[32m&amp#27;[1m"Login"&amp#27;[0m&amp#27;[32m and row &amp#27;[0m&amp#27;[32m&amp#27;[1m6&amp#27;[0m &amp#27;[90m# StepDefinitions.LoginStepDefinitions.the_user_clicks_login_button_after_entering_valid_and_valid(java.lang.String,int)&amp#27;[0m
  &amp#27;[32mThen &amp#27;[0m&amp#27;[32muser lands on the home page as signedIn&amp#27;[0m                                                                  &amp#27;[90m# StepDefinitions.DSIntroductionDetails.user_lands_on_the_home_page_as_signed_in()&amp#27;[0m
[INFO ] 2024-12-17 10:02:17.750 [TestNG-PoolService-1] Hooks - ======================  Test Execution is completed!! ======================
]]></system-out>
  </testcase>
  <testcase name="runScenario[&quot;DS Algo Sign in Page  with valid username and Valid password&quot;, &quot;Login Feature&quot;](103)" classname="TestRunners.TestRunner" time="1.295">
    <system-out><![CDATA[
Scenario: Validate user can navigate to Implementations of Queue in Python &amp#27;[90m# src/test/resources/Features/QueueDetails.feature:10&amp#27;[0m
  &amp#27;[32mGiven &amp#27;[0m&amp#27;[32mThe user is on the DS Introduction page as signedIn&amp#27;[0m                         &amp#27;[90m# StepDefinitions.DSIntroductionDetails.the_user_is_on_the_ds_introduction_page_as_signed_in()&amp#27;[0m
  &amp#27;[32mWhen &amp#27;[0m&amp#27;[32mThe user clicks on Get started link for Queue&amp#27;[0m                                &amp#27;[90m# StepDefinitions.QueueStepDefinitions.the_user_clicks_on_get_started_link_for_queue()&amp#27;[0m
  &amp#27;[32mThen &amp#27;[0m&amp#27;[32mThe user is on Queue Details page&amp#27;[0m                                            &amp#27;[90m# StepDefinitions.QueueStepDefinitions.the_user_is_on_queue_details_page()&amp#27;[0m
[INFO ] 2024-12-17 10:18:00.025 [TestNG-PoolService-1] Hooks - ======================  Test Execution is completed!! ======================
]]></system-out>
  </testcase>
  <testcase name="runScenario[&quot;Validate user navigated to queue details page when clicked on get started&quot;, &quot;Queue Details page&quot;](104)" classname="TestRunners.TestRunner" time="3.817">
    <system-out><![CDATA[
Scenario: Validate user can open try editor page from Implementation of Queue in python &amp#27;[90m# src/test/resources/Features/QueueDetails.feature:15&amp#27;[0m
  &amp#27;[32mGiven &amp#27;[0m&amp#27;[32mThe user is on the DS Introduction page as signedIn&amp#27;[0m                         &amp#27;[90m# StepDefinitions.DSIntroductionDetails.the_user_is_on_the_ds_introduction_page_as_signed_in()&amp#27;[0m
  &amp#27;[32mWhen &amp#27;[0m&amp#27;[32mThe user clicks on Get started link for Queue&amp#27;[0m                                &amp#27;[90m# StepDefinitions.QueueStepDefinitions.the_user_clicks_on_get_started_link_for_queue()&amp#27;[0m
  &amp#27;[32mThen &amp#27;[0m&amp#27;[32mThe user is on Queue Details page&amp#27;[0m                                            &amp#27;[90m# StepDefinitions.QueueStepDefinitions.the_user_is_on_queue_details_page()&amp#27;[0m
[INFO ] 2024-12-17 10:02:21.829 [TestNG-PoolService-2] Hooks - ======================  Test Execution is completed!! ======================
]]></system-out>
  </testcase>
  <testcase name="runScenario[&quot;Validate user navigated to queue details page when clicked on get started&quot;, &quot;Queue Details page&quot;](104)" classname="TestRunners.TestRunner" time="0.903">
    <system-out><![CDATA[
Scenario: Validate user can open try editor page from Implementation of Queue in python &amp#27;[90m# src/test/resources/Features/QueueDetails.feature:15&amp#27;[0m
]]></system-out>
  </testcase>
  <testcase name="runScenario[&quot;Validate user can navigate to Implementations of Queue in Python&quot;, &quot;Queue Details page&quot;](105)" classname="TestRunners.TestRunner" time="3.999">
    <system-out><![CDATA[
Scenario: Error message displayed for invalid code on try editor for Implementation of Queue in python &amp#27;[90m# src/test/resources/Features/QueueDetails.feature:20&amp#27;[0m
  &amp#27;[32mGiven &amp#27;[0m&amp#27;[32mThe user is on the DS Introduction page as signedIn&amp#27;[0m                &amp#27;[90m# StepDefinitions.DSIntroductionDetails.the_user_is_on_the_ds_introduction_page_as_signed_in()&amp#27;[0m
  &amp#27;[32mWhen &amp#27;[0m&amp#27;[32mThe user clicks on Get started link for Queue&amp#27;[0m                       &amp#27;[90m# StepDefinitions.QueueStepDefinitions.the_user_clicks_on_get_started_link_for_queue()&amp#27;[0m
  &amp#27;[32mGiven &amp#27;[0m&amp#27;[32mThe user is on Queue Details page&amp#27;[0m                                  &amp#27;[90m# StepDefinitions.QueueStepDefinitions.the_user_is_on_queue_details_page()&amp#27;[0m
  &amp#27;[32mWhen &amp#27;[0m&amp#27;[32mThe user clicks on Implementation of Queue python link&amp#27;[0m              &amp#27;[90m# StepDefinitions.QueueStepDefinitions.the_user_clicks_on_implementation_of_queue_python_link()&amp#27;[0m
  &amp#27;[32mThen &amp#27;[0m&amp#27;[32mThe user is on the Implimentation of Queue in Python page&amp#27;[0m           &amp#27;[90m# StepDefinitions.QueueStepDefinitions.the_user_is_on_the_implimentation_of_queue_in_python_page()&amp#27;[0m
[INFO ] 2024-12-17 10:02:26.183 [TestNG-PoolService-3] Hooks - ======================  Test Execution is completed!! ======================
]]></system-out>
  </testcase>
  <testcase name="runScenario[&quot;Validate user can navigate to Implementations of Queue in Python&quot;, &quot;Queue Details page&quot;](105)" classname="TestRunners.TestRunner" time="8.704">
    <system-out><![CDATA[
Scenario: Error message displayed for invalid code on try editor for Implementation of Queue in python &amp#27;[90m# src/test/resources/Features/QueueDetails.feature:20&amp#27;[0m
  &amp#27;[32mGiven &amp#27;[0m&amp#27;[32mThe user is on the DS Introduction page as signedIn&amp#27;[0m                &amp#27;[90m# StepDefinitions.DSIntroductionDetails.the_user_is_on_the_ds_introduction_page_as_signed_in()&amp#27;[0m
  &amp#27;[32mWhen &amp#27;[0m&amp#27;[32mThe user clicks on Get started link for Queue&amp#27;[0m                       &amp#27;[90m# StepDefinitions.QueueStepDefinitions.the_user_clicks_on_get_started_link_for_queue()&amp#27;[0m
  &amp#27;[32mGiven &amp#27;[0m&amp#27;[32mThe user is on Queue Details page&amp#27;[0m                                  &amp#27;[90m# StepDefinitions.QueueStepDefinitions.the_user_is_on_queue_details_page()&amp#27;[0m
  &amp#27;[32mGiven &amp#27;[0m&amp#27;[32mThe user is on the DS Introduction page as signedIn&amp#27;[0m                             &amp#27;[90m# StepDefinitions.DSIntroductionDetails.the_user_is_on_the_ds_introduction_page_as_signed_in()&amp#27;[0m
  &amp#27;[32mWhen &amp#27;[0m&amp#27;[32mThe user clicks on Implementation of Queue python link&amp#27;[0m              &amp#27;[90m# StepDefinitions.QueueStepDefinitions.the_user_clicks_on_implementation_of_queue_python_link()&amp#27;[0m
  &amp#27;[32mWhen &amp#27;[0m&amp#27;[32mThe user clicks on Get started link for Queue&amp#27;[0m                                    &amp#27;[90m# StepDefinitions.QueueStepDefinitions.the_user_clicks_on_get_started_link_for_queue()&amp#27;[0m
  &amp#27;[32mThen &amp#27;[0m&amp#27;[32mThe user is on the Implimentation of Queue in Python page&amp#27;[0m           &amp#27;[90m# StepDefinitions.QueueStepDefinitions.the_user_is_on_the_implimentation_of_queue_in_python_page()&amp#27;[0m
[INFO ] 2024-12-17 10:18:08.256 [TestNG-PoolService-2] Hooks - ======================  Test Execution is completed!! ======================
  &amp#27;[32mGiven &amp#27;[0m&amp#27;[32mThe user is on the DS Introduction page as signedIn&amp#27;[0m                                            &amp#27;[90m# StepDefinitions.DSIntroductionDetails.the_user_is_on_the_ds_introduction_page_as_signed_in()&amp#27;[0m
  &amp#27;[32mGiven &amp#27;[0m&amp#27;[32mThe user on implementation Queue in python page&amp#27;[0m                                 &amp#27;[90m# StepDefinitions.QueueStepDefinitions.the_user_on_implementation_queue_in_python_page()&amp#27;[0m
  &amp#27;[32mWhen &amp#27;[0m&amp#27;[32mThe user clicks on Get started link for Queue&amp#27;[0m                                                   &amp#27;[90m# StepDefinitions.QueueStepDefinitions.the_user_clicks_on_get_started_link_for_queue()&amp#27;[0m
  &amp#27;[32mGiven &amp#27;[0m&amp#27;[32mThe user on implementation Queue in python page&amp#27;[0m                                                &amp#27;[90m# StepDefinitions.QueueStepDefinitions.the_user_on_implementation_queue_in_python_page()&amp#27;[0m
  &amp#27;[32mWhen &amp#27;[0m&amp#27;[32mUser clicks Try here link&amp#27;[0m                                                        &amp#27;[90m# StepDefinitions.DSIntroductionDetails.user_clicks_try_here_link()&amp#27;[0m
  &amp#27;[32mThen &amp#27;[0m&amp#27;[32mUser should navigate to tryEditor page&amp#27;[0m                                           &amp#27;[90m# StepDefinitions.DSIntroductionDetails.user_should_navigate_to_try_editor_page()&amp#27;[0m
[INFO ] 2024-12-17 10:18:09.716 [TestNG-PoolService-3] Hooks - ======================  Test Execution is completed!! ======================
]]></system-out>
    <system-err><![CDATA[Dec 17, 2024 10:18:02 AM org.openqa.selenium.devtools.CdpVersionFinder findNearestMatch
WARNING: Unable to find an exact match for CDP version 131, returning the closest version; found: 130; Please update to a Selenium version that supports CDP version 131
Dec 17, 2024 10:18:03 AM org.openqa.selenium.devtools.CdpVersionFinder findNearestMatch
WARNING: Unable to find an exact match for CDP version 131, returning the closest version; found: 130; Please update to a Selenium version that supports CDP version 131
Dec 17, 2024 10:18:05 AM org.openqa.selenium.devtools.CdpVersionFinder findNearestMatch
WARNING: Unable to find an exact match for CDP version 131, returning the closest version; found: 130; Please update to a Selenium version that supports CDP version 131
]]></system-err>
  </testcase>
  <testcase name="runScenario[&quot;Validate user can open try editor page from Implementation of Queue in python&quot;, &quot;Queue Details page&quot;](106)" classname="TestRunners.TestRunner" time="4.806">
    <system-out><![CDATA[
Scenario: No error message displayed for empty code on try editor for Implementation of Queue in python &amp#27;[90m# src/test/resources/Features/QueueDetails.feature:25&amp#27;[0m
  &amp#27;[32mGiven &amp#27;[0m&amp#27;[32mThe user is on the DS Introduction page as signedIn&amp#27;[0m                             &amp#27;[90m# StepDefinitions.DSIntroductionDetails.the_user_is_on_the_ds_introduction_page_as_signed_in()&amp#27;[0m
  &amp#27;[32mWhen &amp#27;[0m&amp#27;[32mThe user clicks on Get started link for Queue&amp#27;[0m                                    &amp#27;[90m# StepDefinitions.QueueStepDefinitions.the_user_clicks_on_get_started_link_for_queue()&amp#27;[0m
  &amp#27;[32mGiven &amp#27;[0m&amp#27;[32mThe user on implementation Queue in python page&amp#27;[0m                                 &amp#27;[90m# StepDefinitions.QueueStepDefinitions.the_user_on_implementation_queue_in_python_page()&amp#27;[0m
  &amp#27;[32mWhen &amp#27;[0m&amp#27;[32mUser clicks Try here link&amp#27;[0m                                                        &amp#27;[90m# StepDefinitions.DSIntroductionDetails.user_clicks_try_here_link()&amp#27;[0m
  &amp#27;[32mThen &amp#27;[0m&amp#27;[32mUser should navigate to tryEditor page&amp#27;[0m                                           &amp#27;[90m# StepDefinitions.DSIntroductionDetails.user_should_navigate_to_try_editor_page()&amp#27;[0m
[INFO ] 2024-12-17 10:02:30.984 [TestNG-PoolService-1] Hooks - ======================  Test Execution is completed!! ======================
]]></system-out>
  </testcase>
  <testcase name="runScenario[&quot;Validate user can open try editor page from Implementation of Queue in python&quot;, &quot;Queue Details page&quot;](106)" classname="TestRunners.TestRunner" time="0.873">
    <system-out><![CDATA[
Scenario: No error message displayed for empty code on try editor for Implementation of Queue in python &amp#27;[90m# src/test/resources/Features/QueueDetails.feature:25&amp#27;[0m
  &amp#27;[32mWhen &amp#27;[0m&amp#27;[32mUser writes invalid code and clicks run button&amp#27;[0m                                                  &amp#27;[90m# StepDefinitions.DSIntroductionDetails.user_writes_invalid_code_and_clicks_run_button()&amp#27;[0m
  &amp#27;[32mThen &amp#27;[0m&amp#27;[32mThe user should able to see an error message in alert window&amp#27;[0m                                    &amp#27;[90m# StepDefinitions.DSIntroductionDetails.the_user_should_able_to_see_an_error_message_in_alert_window()&amp#27;[0m
[INFO ] 2024-12-17 10:18:10.316 [TestNG-PoolService-1] Hooks - ======================  Test Execution is completed!! ======================
]]></system-out>
  </testcase>
  <testcase name="runScenario[&quot;Valid code on try editor for Implementation of Queue in python runs successfully&quot;, &quot;Queue Details page&quot;](109)" classname="TestRunners.TestRunner" time="3.832">
    <system-out><![CDATA[
Scenario: Validate user can open try editor page from Implementation using collections.deque &amp#27;[90m# src/test/resources/Features/QueueDetails.feature:40&amp#27;[0m
  &amp#27;[32mGiven &amp#27;[0m&amp#27;[32mThe user is on the DS Introduction page as signedIn&amp#27;[0m                                &amp#27;[90m# StepDefinitions.DSIntroductionDetails.the_user_is_on_the_ds_introduction_page_as_signed_in()&amp#27;[0m
  &amp#27;[32mWhen &amp#27;[0m&amp#27;[32mThe user clicks on Get started link for Queue&amp#27;[0m                                       &amp#27;[90m# StepDefinitions.QueueStepDefinitions.the_user_clicks_on_get_started_link_for_queue()&amp#27;[0m
  &amp#27;[32mGiven &amp#27;[0m&amp#27;[32mThe user on implementation Queue in python page&amp#27;[0m                                    &amp#27;[90m# StepDefinitions.QueueStepDefinitions.the_user_on_implementation_queue_in_python_page()&amp#27;[0m
  &amp#27;[32mWhen &amp#27;[0m&amp#27;[32mUser writes valid code and clicks run button&amp#27;[0m                                        &amp#27;[90m# StepDefinitions.DSIntroductionDetails.user_writes_valid_code_and_clicks_run_button()&amp#27;[0m
  &amp#27;[32mThen &amp#27;[0m&amp#27;[32mThe user should able to see output in the console&amp#27;[0m                                   &amp#27;[90m# StepDefinitions.DSIntroductionDetails.the_user_should_able_to_see_output_in_the_console()&amp#27;[0m
[INFO ] 2024-12-17 10:02:42.746 [TestNG-PoolService-1] Hooks - ======================  Test Execution is completed!! ======================
]]></system-out>
  </testcase>
  <testcase name="runScenario[&quot;Validate user can navigate to Implementation using collections.deque&quot;, &quot;Queue Details page&quot;](110)" classname="TestRunners.TestRunner" time="4.099">
    <system-out><![CDATA[
Scenario: Error message displayed for invalid code on try editor for Implementation using collections.deque &amp#27;[90m# src/test/resources/Features/QueueDetails.feature:45&amp#27;[0m
  &amp#27;[32mGiven &amp#27;[0m&amp#27;[32mThe user is on the DS Introduction page as signedIn&amp#27;[0m                    &amp#27;[90m# StepDefinitions.DSIntroductionDetails.the_user_is_on_the_ds_introduction_page_as_signed_in()&amp#27;[0m
  &amp#27;[32mWhen &amp#27;[0m&amp#27;[32mThe user clicks on Get started link for Queue&amp#27;[0m                           &amp#27;[90m# StepDefinitions.QueueStepDefinitions.the_user_clicks_on_get_started_link_for_queue()&amp#27;[0m
  &amp#27;[32mGiven &amp#27;[0m&amp#27;[32mThe user is on Queue Details page&amp#27;[0m                                      &amp#27;[90m# StepDefinitions.QueueStepDefinitions.the_user_is_on_queue_details_page()&amp#27;[0m
  &amp#27;[32mWhen &amp#27;[0m&amp#27;[32mThe user click on Implementation using collections.deque link&amp#27;[0m           &amp#27;[90m# StepDefinitions.QueueStepDefinitions.the_user_click_on_implementation_using_collections_deque_link()&amp#27;[0m
  &amp#27;[32mThen &amp#27;[0m&amp#27;[32mthe user is navigated to Queue in collections.deque&amp#27;[0m                     &amp#27;[90m# StepDefinitions.QueueStepDefinitions.the_user_is_navigated_to_queue_in_collections_deque()&amp#27;[0m
[INFO ] 2024-12-17 10:02:46.464 [TestNG-PoolService-2] Hooks - ======================  Test Execution is completed!! ======================
]]></system-out>
  </testcase>
  <testcase name="runScenario[&quot;Valid code on try editor for Implementation using collections.deque runs successfully&quot;, &quot;Queue Details page&quot;](124)" classname="TestRunners.TestRunner" time="4.65">
    <system-out><![CDATA[
Scenario Outline: New user registration page with only username entered                                                                         &amp#27;[90m# src/test/resources/Features/Registration.feature:20&amp#27;[0m
  &amp#27;[32mGiven &amp#27;[0m&amp#27;[32mThe user is on the DS Introduction page as signedIn&amp#27;[0m                                     &amp#27;[90m# StepDefinitions.DSIntroductionDetails.the_user_is_on_the_ds_introduction_page_as_signed_in()&amp#27;[0m
  &amp#27;[32mWhen &amp#27;[0m&amp#27;[32mThe user clicks on Get started link for Queue&amp#27;[0m                                            &amp#27;[90m# StepDefinitions.QueueStepDefinitions.the_user_clicks_on_get_started_link_for_queue()&amp#27;[0m
  &amp#27;[32mGiven &amp#27;[0m&amp#27;[32mThe user is on Implementation using array page&amp#27;[0m                                          &amp#27;[90m# StepDefinitions.QueueStepDefinitions.the_user_is_on_implementation_using_array_page()&amp#27;[0m
  &amp#27;[32mWhen &amp#27;[0m&amp#27;[32mUser writes valid code and clicks run button&amp#27;[0m                                             &amp#27;[90m# StepDefinitions.DSIntroductionDetails.user_writes_valid_code_and_clicks_run_button()&amp#27;[0m
  &amp#27;[32mThen &amp#27;[0m&amp#27;[32mThe user should able to see output in the console&amp#27;[0m                                        &amp#27;[90m# StepDefinitions.DSIntroductionDetails.the_user_should_able_to_see_output_in_the_console()&amp#27;[0m
[INFO ] 2024-12-17 10:03:45.691 [TestNG-PoolService-1] Hooks - ======================  Test Execution is completed!! ======================
]]></system-out>
  </testcase>
  <testcase name="runScenario[&quot;New user registration page with all fields empty and Register button is clicked&quot;, &quot;Registration&quot;](125)" classname="TestRunners.TestRunner" time="3.617">
    <system-out><![CDATA[
Scenario Outline: New user registration page with only username and password fields entered                                                                                 &amp#27;[90m# src/test/resources/Features/Registration.feature:28&amp#27;[0m
  &amp#27;[32mGiven &amp#27;[0m&amp#27;[32mThe user is on the new user registration page&amp#27;[0m                                                                 &amp#27;[90m# StepDefinitions.Registration.the_user_is_on_the_new_user_registration_page()&amp#27;[0m
  &amp#27;[32mWhen &amp#27;[0m&amp#27;[32mThe user clicks Register button with all fields empty on registration form from sheetname &amp#27;[0m&amp#27;[32m&amp#27;[1m"register"&amp#27;[0m&amp#27;[32m and row &amp#27;[0m&amp#27;[32m&amp#27;[1m0&amp#27;[0m &amp#27;[90m# StepDefinitions.Registration.the_user_clicks_register_button_with_all_fields_empty_on_registration_form_from_sheetname(java.lang.String,java.lang.Integer)&amp#27;[0m
  &amp#27;[32mThen &amp#27;[0m&amp#27;[32mThe error Please fill out this field appears below Username textbox&amp#27;[0m                                            &amp#27;[90m# StepDefinitions.Registration.the_error_please_fill_out_this_field_appears_below_username_textbox()&amp#27;[0m
[INFO ] 2024-12-17 10:03:49.205 [TestNG-PoolService-2] Hooks - ======================  Test Execution is completed!! ======================
  &amp#27;[32mGiven &amp#27;[0m&amp#27;[32mThe user is on the new user registration page&amp#27;[0m                                                                                           &amp#27;[90m# StepDefinitions.Registration.the_user_is_on_the_new_user_registration_page()&amp#27;[0m
  &amp#27;[32mWhen &amp#27;[0m&amp#27;[32mThe user clicks Register button after entering Username with other fields empty on registration form from sheetname &amp#27;[0m&amp#27;[32m&amp#27;[1m"register"&amp#27;[0m&amp#27;[32m and row &amp#27;[0m&amp#27;[32m&amp#27;[1m1&amp#27;[0m &amp#27;[90m# StepDefinitions.Registration.the_user_clicks_register_button_after_entering_username_with_other_fields_empty_on_registration_form_from_sheetname(java.lang.String,java.lang.Integer)&amp#27;[0m
  &amp#27;[32mThen &amp#27;[0m&amp#27;[32mThe error message Please fill out this field. appears below Password textbox&amp#27;[0m                                                             &amp#27;[90m# StepDefinitions.Registration.the_error_message_please_fill_out_this_field_appears_below_password_textbox()&amp#27;[0m
[INFO ] 2024-12-17 10:03:50.669 [TestNG-PoolService-3] Hooks - ======================  Test Execution is completed!! ======================
]]></system-out>
  </testcase>
  <testcase name="runScenario[&quot;Valid code on try editor for Applications runs successfully&quot;, &quot;Stack page&quot;](150)" classname="TestRunners.TestRunner" time="4.878">
    <system-out><![CDATA[
Scenario: Tree home page                                    &amp#27;[90m# src/test/resources/Features/Tree.feature:11&amp#27;[0m
  &amp#27;[32mGiven &amp#27;[0m&amp#27;[32mThe user is on the DS Introduction page as signedIn&amp#27;[0m           &amp#27;[90m# StepDefinitions.DSIntroductionDetails.the_user_is_on_the_ds_introduction_page_as_signed_in()&amp#27;[0m
  &amp#27;[32mWhen &amp#27;[0m&amp#27;[32mThe user clicks on Get Started link for stack&amp#27;[0m                  &amp#27;[90m# StepDefinitions.StackStepDefinitions.the_user_clicks_on_get_started_link_for_stack()&amp#27;[0m
  &amp#27;[32mGiven &amp#27;[0m&amp#27;[32mThe user is on the Applications page&amp#27;[0m                          &amp#27;[90m# StepDefinitions.StackStepDefinitions.the_user_is_on_the_applications_page()&amp#27;[0m
  &amp#27;[32mWhen &amp#27;[0m&amp#27;[32mUser writes valid code and clicks run button&amp#27;[0m                   &amp#27;[90m# StepDefinitions.DSIntroductionDetails.user_writes_valid_code_and_clicks_run_button()&amp#27;[0m
  &amp#27;[32mThen &amp#27;[0m&amp#27;[32mThe user should able to see output in the console&amp#27;[0m              &amp#27;[90m# StepDefinitions.DSIntroductionDetails.the_user_should_able_to_see_output_in_the_console()&amp#27;[0m
[INFO ] 2024-12-17 10:05:20.955 [TestNG-PoolService-3] Hooks - ======================  Test Execution is completed!! ======================
]]></system-out>
  </testcase>
  <testcase name="runScenario[&quot;DS_algo Home page&quot;, &quot;Tree&quot;](151)" classname="TestRunners.TestRunner" time="3.841">
    <system-out><![CDATA[
Scenario: Overview of Trees                                          &amp#27;[90m# src/test/resources/Features/Tree.feature:15&amp#27;[0m
  &amp#27;[32mGiven &amp#27;[0m&amp#27;[32mThe user is on the DS Introduction page as signedIn&amp#27;[0m       &amp#27;[90m# StepDefinitions.DSIntroductionDetails.the_user_is_on_the_ds_introduction_page_as_signed_in()&amp#27;[0m
  &amp#27;[32mAnd &amp#27;[0m&amp#27;[32mUser clicks on Get Started button from Tree panel&amp#27;[0m           &amp#27;[90m# StepDefinitions.Tree.user_clicks_on_get_started_button_from_tree_panel()&amp#27;[0m
  &amp#27;[32mWhen &amp#27;[0m&amp#27;[32mThe user select Tree from the Data Structure dropdown menu&amp#27;[0m &amp#27;[90m# StepDefinitions.Tree.the_user_select_tree_from_the_data_structure_dropdown_menu()&amp#27;[0m
  &amp#27;[32mThen &amp#27;[0m&amp#27;[32mThe user is redirected to Tree page.&amp#27;[0m                       &amp#27;[90m# StepDefinitions.Tree.the_user_is_redirected_to_tree_page()&amp#27;[0m
[INFO ] 2024-12-17 10:05:24.633 [TestNG-PoolService-1] Hooks - ======================  Test Execution is completed!! ======================
]]></system-out>
  </testcase>
  <testcase name="runScenario[&quot;Try Here Editor page with invalid data&quot;, &quot;Tree&quot;](155)" classname="TestRunners.TestRunner" time="7.572">
    <system-out><![CDATA[
Scenario: Overview of Trees                                 &amp#27;[90m# src/test/resources/Features/Tree.feature:36&amp#27;[0m
  &amp#27;[32mGiven &amp#27;[0m&amp#27;[32mThe user is on the Editor page of Overview of Trees page&amp#27;[0m      &amp#27;[90m# StepDefinitions.Tree.the_user_is_on_the_editor_page_of_overview_of_trees_page()&amp#27;[0m
  &amp#27;[32mGiven &amp#27;[0m&amp#27;[32mThe user is on the DS Introduction page as signedIn&amp#27;[0m             &amp#27;[90m# StepDefinitions.DSIntroductionDetails.the_user_is_on_the_ds_introduction_page_as_signed_in()&amp#27;[0m
  &amp#27;[32mAnd &amp#27;[0m&amp#27;[32mUser clicks on Get Started button from Tree panel&amp#27;[0m                 &amp#27;[90m# StepDefinitions.Tree.user_clicks_on_get_started_button_from_tree_panel()&amp#27;[0m
  &amp#27;[32mGiven &amp#27;[0m&amp#27;[32mThe user is on the Editor page of Overview of Trees page&amp#27;[0m        &amp#27;[90m# StepDefinitions.Tree.the_user_is_on_the_editor_page_of_overview_of_trees_page()&amp#27;[0m
  &amp#27;[32mWhen &amp#27;[0m&amp#27;[32mThe user writes the invalid python code and clicks on Run button&amp#27;[0m &amp#27;[90m# StepDefinitions.Tree.the_user_writes_the_invalid_python_code_and_clicks_on_run_button()&amp#27;[0m
  &amp#27;[32mThen &amp#27;[0m&amp#27;[32mThe user see error msg in alert window&amp#27;[0m                           &amp#27;[90m# StepDefinitions.Tree.the_user_see_error_msg_in_alert_window()&amp#27;[0m
[INFO ] 2024-12-17 10:05:46.539 [TestNG-PoolService-3] Hooks - ======================  Test Execution is completed!! ======================
  &amp#27;[32mGiven &amp#27;[0m&amp#27;[32mThe user is on the DS Introduction page as signedIn&amp#27;[0m &amp#27;[90m# StepDefinitions.DSIntroductionDetails.the_user_is_on_the_ds_introduction_page_as_signed_in()&amp#27;[0m
  &amp#27;[32mAnd &amp#27;[0m&amp#27;[32mUser clicks on Get Started button from Tree panel&amp#27;[0m     &amp#27;[90m# StepDefinitions.Tree.user_clicks_on_get_started_button_from_tree_panel()&amp#27;[0m
  &amp#27;[32mGiven &amp#27;[0m&amp#27;[32mThe user is on the Overview of Trees page&amp#27;[0m           &amp#27;[90m# StepDefinitions.Tree.the_user_is_on_the_overview_of_trees_page()&amp#27;[0m
]]></system-out>
  </testcase>
  <testcase name="runScenario[&quot;Overview of Trees&quot;, &quot;Tree&quot;](156)" classname="TestRunners.TestRunner" time="1.507">
    <system-out><![CDATA[
Scenario: Terminologies                                              &amp#27;[90m# src/test/resources/Features/Tree.feature:43&amp#27;[0m
  &amp#27;[32mWhen &amp#27;[0m&amp#27;[32mThe user clicks Terminologies link&amp#27;[0m                   &amp#27;[90m# StepDefinitions.Tree.the_user_clicks_terminologies_link()&amp#27;[0m
  &amp#27;[32mThen &amp#27;[0m&amp#27;[32mThe user is redirected to Terminologies page&amp#27;[0m         &amp#27;[90m# StepDefinitions.Tree.the_user_is_redirected_to_terminologies_page()&amp#27;[0m
[INFO ] 2024-12-17 10:05:47.804 [TestNG-PoolService-1] Hooks - ======================  Test Execution is completed!! ======================
]]></system-out>
  </testcase>
  <testcase name="runScenario[&quot;Try Here Editor page with valid data&quot;, &quot;Tree&quot;](160)" classname="TestRunners.TestRunner" time="4.005">
    <system-out><![CDATA[
Scenario: Terminologies                                           &amp#27;[90m# src/test/resources/Features/Tree.feature:65&amp#27;[0m
  &amp#27;[32mWhen &amp#27;[0m&amp#27;[32mThe user writes the valid python code and clicks on Run button&amp#27;[0m &amp#27;[90m# StepDefinitions.Tree.the_user_writes_the_valid_python_code_and_clicks_on_run_button()&amp#27;[0m
  &amp#27;[32mThen &amp#27;[0m&amp#27;[32mThe user is able to see the output inside the console.&amp#27;[0m         &amp#27;[90m# StepDefinitions.Tree.the_user_is_able_to_see_the_output_inside_the_console()&amp#27;[0m
[INFO ] 2024-12-17 10:06:11.048 [TestNG-PoolService-2] Hooks - ======================  Test Execution is completed!! ======================
]]></system-out>
  </testcase>
  <testcase name="runScenario[&quot;Try Here Editor page with valid data&quot;, &quot;Tree&quot;](160)" classname="TestRunners.TestRunner" time="6.863">
    <system-out><![CDATA[
Scenario: Terminologies                                           &amp#27;[90m# src/test/resources/Features/Tree.feature:65&amp#27;[0m
  &amp#27;[32mGiven &amp#27;[0m&amp#27;[32mThe user is on the DS Introduction page as signedIn&amp#27;[0m       &amp#27;[90m# StepDefinitions.DSIntroductionDetails.the_user_is_on_the_ds_introduction_page_as_signed_in()&amp#27;[0m
  &amp#27;[32mAnd &amp#27;[0m&amp#27;[32mUser clicks on Get Started button from Tree panel&amp#27;[0m           &amp#27;[90m# StepDefinitions.Tree.user_clicks_on_get_started_button_from_tree_panel()&amp#27;[0m
  &amp#27;[32mWhen &amp#27;[0m&amp#27;[32mThe user writes the valid python code and clicks on Run button&amp#27;[0m &amp#27;[90m# StepDefinitions.Tree.the_user_writes_the_valid_python_code_and_clicks_on_run_button()&amp#27;[0m
  &amp#27;[32mThen &amp#27;[0m&amp#27;[32mThe user is able to see the output inside the console.&amp#27;[0m         &amp#27;[90m# StepDefinitions.Tree.the_user_is_able_to_see_the_output_inside_the_console()&amp#27;[0m
[INFO ] 2024-12-17 10:21:03.328 [TestNG-PoolService-3] Hooks - ======================  Test Execution is completed!! ======================
  &amp#27;[32mGiven &amp#27;[0m&amp#27;[32mThe user is on the Terminologies page&amp#27;[0m                     &amp#27;[90m# StepDefinitions.Tree.the_user_is_on_the_terminologies_page()&amp#27;[0m
  &amp#27;[32mWhen &amp#27;[0m&amp#27;[32mThe user clicks Types of Trees link from TerminologiesPage&amp#27;[0m &amp#27;[90m# StepDefinitions.Tree.the_user_clicks_types_of_trees_link_from_TerminologiesPage()&amp#27;[0m
  &amp#27;[32mThen &amp#27;[0m&amp#27;[32mThe user is redirected to Types of Trees page.&amp#27;[0m             &amp#27;[90m# StepDefinitions.Tree.the_user_is_redirected_to_types_of_trees_page()&amp#27;[0m
[INFO ] 2024-12-17 10:21:04.027 [TestNG-PoolService-1] Hooks - ======================  Test Execution is completed!! ======================
]]></system-out>
    <system-err><![CDATA[Dec 17, 2024 10:21:00 AM org.openqa.selenium.devtools.CdpVersionFinder findNearestMatch
WARNING: Unable to find an exact match for CDP version 131, returning the closest version; found: 130; Please update to a Selenium version that supports CDP version 131
]]></system-err>
  </testcase>
  <testcase name="runScenario[&quot;Terminologies&quot;, &quot;Tree&quot;](161)" classname="TestRunners.TestRunner" time="2.742">
    <system-out><![CDATA[
Scenario: Types of Trees                                             &amp#27;[90m# src/test/resources/Features/Tree.feature:72&amp#27;[0m
  &amp#27;[32mGiven &amp#27;[0m&amp#27;[32mThe user is on the DS Introduction page as signedIn&amp#27;[0m       &amp#27;[90m# StepDefinitions.DSIntroductionDetails.the_user_is_on_the_ds_introduction_page_as_signed_in()&amp#27;[0m
  &amp#27;[32mAnd &amp#27;[0m&amp#27;[32mUser clicks on Get Started button from Tree panel&amp#27;[0m           &amp#27;[90m# StepDefinitions.Tree.user_clicks_on_get_started_button_from_tree_panel()&amp#27;[0m
  &amp#27;[32mGiven &amp#27;[0m&amp#27;[32mThe user is on the Terminologies page&amp#27;[0m                     &amp#27;[90m# StepDefinitions.Tree.the_user_is_on_the_terminologies_page()&amp#27;[0m
  &amp#27;[32mWhen &amp#27;[0m&amp#27;[32mThe user clicks Types of Trees link from TerminologiesPage&amp#27;[0m &amp#27;[90m# StepDefinitions.Tree.the_user_clicks_types_of_trees_link_from_TerminologiesPage()&amp#27;[0m
  &amp#27;[32mThen &amp#27;[0m&amp#27;[32mThe user is redirected to Types of Trees page.&amp#27;[0m             &amp#27;[90m# StepDefinitions.Tree.the_user_is_redirected_to_types_of_trees_page()&amp#27;[0m
[INFO ] 2024-12-17 10:06:14.358 [TestNG-PoolService-1] Hooks - ======================  Test Execution is completed!! ======================
]]></system-out>
  </testcase>
  <testcase name="runScenario[&quot;Terminologies&quot;, &quot;Tree&quot;](161)" classname="TestRunners.TestRunner" time="0.709">
    <system-out><![CDATA[
Scenario: Types of Trees                                             &amp#27;[90m# src/test/resources/Features/Tree.feature:72&amp#27;[0m
]]></system-out>
  </testcase>
  <testcase name="runScenario[&quot;Types of Trees&quot;, &quot;Tree&quot;](162)" classname="TestRunners.TestRunner" time="7.096">
    <system-out><![CDATA[
Scenario: Try Here Editor page with empty code                               &amp#27;[90m# src/test/resources/Features/Tree.feature:79&amp#27;[0m
  &amp#27;[32mGiven &amp#27;[0m&amp#27;[32mThe user is on the DS Introduction page as signedIn&amp#27;[0m          &amp#27;[90m# StepDefinitions.DSIntroductionDetails.the_user_is_on_the_ds_introduction_page_as_signed_in()&amp#27;[0m
  &amp#27;[32mAnd &amp#27;[0m&amp#27;[32mUser clicks on Get Started button from Tree panel&amp#27;[0m              &amp#27;[90m# StepDefinitions.Tree.user_clicks_on_get_started_button_from_tree_panel()&amp#27;[0m
  &amp#27;[32mGiven &amp#27;[0m&amp#27;[32mThe user is on the Types of Trees page&amp#27;[0m                       &amp#27;[90m# StepDefinitions.Tree.the_user_is_on_the_types_of_trees_page()&amp#27;[0m
  &amp#27;[32mWhen &amp#27;[0m&amp#27;[32mThe user clicks Try Here button&amp#27;[0m                               &amp#27;[90m# StepDefinitions.Tree.the_user_clicks_try_here_button()&amp#27;[0m
  &amp#27;[32mThen &amp#27;[0m&amp#27;[32mThe user is redirected to a page having Editor and run button&amp#27;[0m &amp#27;[90m# StepDefinitions.Tree.the_user_is_redirected_to_a_page_having_editor_and_run_button()&amp#27;[0m
[INFO ] 2024-12-17 10:06:20.590 [TestNG-PoolService-2] Hooks - ======================  Test Execution is completed!! ======================
]]></system-out>
  </testcase>
  <testcase name="runScenario[&quot;Types of Trees&quot;, &quot;Tree&quot;](162)" classname="TestRunners.TestRunner" time="6.991">
    <system-out><![CDATA[
Scenario: Try Here Editor page with empty code                               &amp#27;[90m# src/test/resources/Features/Tree.feature:79&amp#27;[0m
  &amp#27;[32mGiven &amp#27;[0m&amp#27;[32mThe user is on the DS Introduction page as signedIn&amp#27;[0m          &amp#27;[90m# StepDefinitions.DSIntroductionDetails.the_user_is_on_the_ds_introduction_page_as_signed_in()&amp#27;[0m
  &amp#27;[32mAnd &amp#27;[0m&amp#27;[32mUser clicks on Get Started button from Tree panel&amp#27;[0m              &amp#27;[90m# StepDefinitions.Tree.user_clicks_on_get_started_button_from_tree_panel()&amp#27;[0m
  &amp#27;[32mGiven &amp#27;[0m&amp#27;[32mThe user is on the Types of Trees page&amp#27;[0m                       &amp#27;[90m# StepDefinitions.Tree.the_user_is_on_the_types_of_trees_page()&amp#27;[0m
  &amp#27;[32mGiven &amp#27;[0m&amp#27;[32mThe user is on the DS Introduction page as signedIn&amp#27;[0m                  &amp#27;[90m# StepDefinitions.DSIntroductionDetails.the_user_is_on_the_ds_introduction_page_as_signed_in()&amp#27;[0m
  &amp#27;[32mAnd &amp#27;[0m&amp#27;[32mUser clicks on Get Started button from Tree panel&amp#27;[0m                      &amp#27;[90m# StepDefinitions.Tree.user_clicks_on_get_started_button_from_tree_panel()&amp#27;[0m
  &amp#27;[32mWhen &amp#27;[0m&amp#27;[32mThe user clicks Try Here button&amp#27;[0m                               &amp#27;[90m# StepDefinitions.Tree.the_user_clicks_try_here_button()&amp#27;[0m
  &amp#27;[32mThen &amp#27;[0m&amp#27;[32mThe user is redirected to a page having Editor and run button&amp#27;[0m &amp#27;[90m# StepDefinitions.Tree.the_user_is_redirected_to_a_page_having_editor_and_run_button()&amp#27;[0m
[INFO ] 2024-12-17 10:21:10.885 [TestNG-PoolService-3] Hooks - ======================  Test Execution is completed!! ======================
  &amp#27;[32mGiven &amp#27;[0m&amp#27;[32mThe user is on the Editor Page of Types of Trees page&amp#27;[0m                &amp#27;[90m# StepDefinitions.Tree.the_user_is_on_the_Editor_page_of_types_of_trees_page()&amp#27;[0m
  &amp#27;[32mWhen &amp#27;[0m&amp#27;[32mThe user writes no code inside editor window and clicks on Run button&amp#27;[0m &amp#27;[90m# StepDefinitions.Tree.the_user_writes_no_code_inside_editor_window_and_clicks_on_run_button()&amp#27;[0m
  &amp#27;[32mThen &amp#27;[0m&amp#27;[32mNothing happens to the Editor page and no error message is displayed&amp#27;[0m  &amp#27;[90m# StepDefinitions.Tree.nothing_happens_to_the_editor_page_and_no_error_message_is_displayed()&amp#27;[0m
[INFO ] 2024-12-17 10:21:11.857 [TestNG-PoolService-1] Hooks - ======================  Test Execution is completed!! ======================
]]></system-out>
    <system-err><![CDATA[Dec 17, 2024 10:21:07 AM org.openqa.selenium.devtools.CdpVersionFinder findNearestMatch
WARNING: Unable to find an exact match for CDP version 131, returning the closest version; found: 130; Please update to a Selenium version that supports CDP version 131
Dec 17, 2024 10:21:08 AM org.openqa.selenium.devtools.CdpVersionFinder findNearestMatch
WARNING: Unable to find an exact match for CDP version 131, returning the closest version; found: 130; Please update to a Selenium version that supports CDP version 131
]]></system-err>
  </testcase>
  <testcase name="runScenario[&quot;Try Here Editor page with empty code&quot;, &quot;Tree&quot;](163)" classname="TestRunners.TestRunner" time="3.772">
    <system-out><![CDATA[
Scenario: Try Here Editor page with valid data                        &amp#27;[90m# src/test/resources/Features/Tree.feature:85&amp#27;[0m
  &amp#27;[32mGiven &amp#27;[0m&amp#27;[32mThe user is on the DS Introduction page as signedIn&amp#27;[0m                  &amp#27;[90m# StepDefinitions.DSIntroductionDetails.the_user_is_on_the_ds_introduction_page_as_signed_in()&amp#27;[0m
  &amp#27;[32mAnd &amp#27;[0m&amp#27;[32mUser clicks on Get Started button from Tree panel&amp#27;[0m                      &amp#27;[90m# StepDefinitions.Tree.user_clicks_on_get_started_button_from_tree_panel()&amp#27;[0m
  &amp#27;[32mGiven &amp#27;[0m&amp#27;[32mThe user is on the Editor Page of Types of Trees page&amp#27;[0m                &amp#27;[90m# StepDefinitions.Tree.the_user_is_on_the_Editor_page_of_types_of_trees_page()&amp#27;[0m
  &amp#27;[32mWhen &amp#27;[0m&amp#27;[32mThe user writes no code inside editor window and clicks on Run button&amp#27;[0m &amp#27;[90m# StepDefinitions.Tree.the_user_writes_no_code_inside_editor_window_and_clicks_on_run_button()&amp#27;[0m
  &amp#27;[32mThen &amp#27;[0m&amp#27;[32mNothing happens to the Editor page and no error message is displayed&amp#27;[0m  &amp#27;[90m# StepDefinitions.Tree.nothing_happens_to_the_editor_page_and_no_error_message_is_displayed()&amp#27;[0m
[INFO ] 2024-12-17 10:06:24.793 [TestNG-PoolService-1] Hooks - ======================  Test Execution is completed!! ======================
]]></system-out>
  </testcase>
  <testcase name="runScenario[&quot;Try Here Editor page with empty code&quot;, &quot;Tree&quot;](163)" classname="TestRunners.TestRunner" time="0.757">
    <system-out><![CDATA[
Scenario: Try Here Editor page with valid data                        &amp#27;[90m# src/test/resources/Features/Tree.feature:85&amp#27;[0m
]]></system-out>
  </testcase>
  <testcase name="runScenario[&quot;Try Here Editor page with valid data&quot;, &quot;Tree&quot;](165)" classname="TestRunners.TestRunner" time="0.404">
    <system-out><![CDATA[
Scenario: Types of Trees                                    &amp#27;[90m# src/test/resources/Features/Tree.feature:95&amp#27;[0m
]]></system-out>
  </testcase>
  <testcase name="runScenario[&quot;Types of Trees&quot;, &quot;Tree&quot;](166)" classname="TestRunners.TestRunner" time="8.173">
    <system-out><![CDATA[
Scenario: Tree Traversals                                            &amp#27;[90m# src/test/resources/Features/Tree.feature:102&amp#27;[0m
  &amp#27;[32mGiven &amp#27;[0m&amp#27;[32mThe user is on the DS Introduction page as signedIn&amp#27;[0m &amp#27;[90m# StepDefinitions.DSIntroductionDetails.the_user_is_on_the_ds_introduction_page_as_signed_in()&amp#27;[0m
  &amp#27;[32mAnd &amp#27;[0m&amp#27;[32mUser clicks on Get Started button from Tree panel&amp#27;[0m     &amp#27;[90m# StepDefinitions.Tree.user_clicks_on_get_started_button_from_tree_panel()&amp#27;[0m
  &amp#27;[32mGiven &amp#27;[0m&amp#27;[32mThe user is on the Types of Trees page&amp#27;[0m              &amp#27;[90m# StepDefinitions.Tree.the_user_is_on_the_types_of_trees_page()&amp#27;[0m
  &amp#27;[32mWhen &amp#27;[0m&amp#27;[32mThe user clicks Tree Traversals link&amp#27;[0m                 &amp#27;[90m# StepDefinitions.Tree.the_user_clicks_tree_traversals_link()&amp#27;[0m
  &amp#27;[32mThen &amp#27;[0m&amp#27;[32mThe user is redirected to Tree Traversals page&amp#27;[0m       &amp#27;[90m# StepDefinitions.Tree.the_user_is_redirected_to_tree_traversals_page()&amp#27;[0m
[INFO ] 2024-12-17 10:06:43.498 [TestNG-PoolService-1] Hooks - ======================  Test Execution is completed!! ======================
  &amp#27;[32mGiven &amp#27;[0m&amp#27;[32mThe user is on the DS Introduction page as signedIn&amp#27;[0m          &amp#27;[90m# StepDefinitions.DSIntroductionDetails.the_user_is_on_the_ds_introduction_page_as_signed_in()&amp#27;[0m
  &amp#27;[32mAnd &amp#27;[0m&amp#27;[32mUser clicks on Get Started button from Tree panel&amp#27;[0m              &amp#27;[90m# StepDefinitions.Tree.user_clicks_on_get_started_button_from_tree_panel()&amp#27;[0m
  &amp#27;[32mGiven &amp#27;[0m&amp#27;[32mThe user is on the Tree Traversals page&amp#27;[0m                      &amp#27;[90m# StepDefinitions.Tree.the_user_is_on_the_tree_traversals_page()&amp#27;[0m
]]></system-out>
  </testcase>
  <testcase name="runScenario[&quot;Tree Traversals&quot;, &quot;Tree&quot;](167)" classname="TestRunners.TestRunner" time="1.818">
    <system-out><![CDATA[
Scenario: Try Here Editor page with empty code                               &amp#27;[90m# src/test/resources/Features/Tree.feature:108&amp#27;[0m
  &amp#27;[32mWhen &amp#27;[0m&amp#27;[32mThe user clicks Try Here button&amp#27;[0m                               &amp#27;[90m# StepDefinitions.Tree.the_user_clicks_try_here_button()&amp#27;[0m
  &amp#27;[32mThen &amp#27;[0m&amp#27;[32mThe user is redirected to a page having Editor and run button&amp#27;[0m &amp#27;[90m# StepDefinitions.Tree.the_user_is_redirected_to_a_page_having_editor_and_run_button()&amp#27;[0m
[INFO ] 2024-12-17 10:06:45.573 [TestNG-PoolService-3] Hooks - ======================  Test Execution is completed!! ======================
]]></system-out>
  </testcase>
  <testcase name="runScenario[&quot;Tree Traversals&quot;, &quot;Tree&quot;](167)" classname="TestRunners.TestRunner" time="6.96">
    <system-out><![CDATA[
Scenario: Try Here Editor page with empty code                               &amp#27;[90m# src/test/resources/Features/Tree.feature:108&amp#27;[0m
  &amp#27;[32mGiven &amp#27;[0m&amp#27;[32mThe user is on the DS Introduction page as signedIn&amp#27;[0m          &amp#27;[90m# StepDefinitions.DSIntroductionDetails.the_user_is_on_the_ds_introduction_page_as_signed_in()&amp#27;[0m
  &amp#27;[32mAnd &amp#27;[0m&amp#27;[32mUser clicks on Get Started button from Tree panel&amp#27;[0m              &amp#27;[90m# StepDefinitions.Tree.user_clicks_on_get_started_button_from_tree_panel()&amp#27;[0m
  &amp#27;[32mGiven &amp#27;[0m&amp#27;[32mThe user is on the DS Introduction page as signedIn&amp#27;[0m                  &amp#27;[90m# StepDefinitions.DSIntroductionDetails.the_user_is_on_the_ds_introduction_page_as_signed_in()&amp#27;[0m
  &amp#27;[32mGiven &amp#27;[0m&amp#27;[32mThe user is on the Tree Traversals page&amp#27;[0m                      &amp#27;[90m# StepDefinitions.Tree.the_user_is_on_the_tree_traversals_page()&amp#27;[0m
  &amp#27;[32mAnd &amp#27;[0m&amp#27;[32mUser clicks on Get Started button from Tree panel&amp#27;[0m                      &amp#27;[90m# StepDefinitions.Tree.user_clicks_on_get_started_button_from_tree_panel()&amp#27;[0m
  &amp#27;[32mWhen &amp#27;[0m&amp#27;[32mThe user clicks Try Here button&amp#27;[0m                               &amp#27;[90m# StepDefinitions.Tree.the_user_clicks_try_here_button()&amp#27;[0m
  &amp#27;[32mThen &amp#27;[0m&amp#27;[32mThe user is redirected to a page having Editor and run button&amp#27;[0m &amp#27;[90m# StepDefinitions.Tree.the_user_is_redirected_to_a_page_having_editor_and_run_button()&amp#27;[0m
[INFO ] 2024-12-17 10:21:33.354 [TestNG-PoolService-1] Hooks - ======================  Test Execution is completed!! ======================
  &amp#27;[32mGiven &amp#27;[0m&amp#27;[32mThe user is on the Editor page of Tree Traversals page&amp#27;[0m               &amp#27;[90m# StepDefinitions.Tree.the_user_is_on_the_Editor_page_of_tree_traversals_page()&amp#27;[0m
  &amp#27;[32mWhen &amp#27;[0m&amp#27;[32mThe user writes no code inside editor window and clicks on Run button&amp#27;[0m &amp#27;[90m# StepDefinitions.Tree.the_user_writes_no_code_inside_editor_window_and_clicks_on_run_button()&amp#27;[0m
  &amp#27;[32mThen &amp#27;[0m&amp#27;[32mNothing happens to the Editor page and no error message is displayed&amp#27;[0m  &amp#27;[90m# StepDefinitions.Tree.nothing_happens_to_the_editor_page_and_no_error_message_is_displayed()&amp#27;[0m
[INFO ] 2024-12-17 10:21:34.025 [TestNG-PoolService-2] Hooks - ======================  Test Execution is completed!! ======================
]]></system-out>
    <system-err><![CDATA[Dec 17, 2024 10:21:29 AM org.openqa.selenium.devtools.CdpVersionFinder findNearestMatch
WARNING: Unable to find an exact match for CDP version 131, returning the closest version; found: 130; Please update to a Selenium version that supports CDP version 131
Dec 17, 2024 10:21:30 AM org.openqa.selenium.devtools.CdpVersionFinder findNearestMatch
WARNING: Unable to find an exact match for CDP version 131, returning the closest version; found: 130; Please update to a Selenium version that supports CDP version 131
]]></system-err>
  </testcase>
  <testcase name="runScenario[&quot;Try Here Editor page with valid data&quot;, &quot;Tree&quot;](170)" classname="TestRunners.TestRunner" time="0.297">
    <system-out><![CDATA[
Scenario: Tree Traversals                                     &amp#27;[90m# src/test/resources/Features/Tree.feature:126&amp#27;[0m
]]></system-out>
  </testcase>
  <testcase name="runScenario[&quot;Tree Traversals&quot;, &quot;Tree&quot;](171)" classname="TestRunners.TestRunner" time="8.28">
    <system-out><![CDATA[
Scenario: Traversals-Illustration                                    &amp#27;[90m# src/test/resources/Features/Tree.feature:133&amp#27;[0m
  &amp#27;[32mGiven &amp#27;[0m&amp#27;[32mThe user is on the DS Introduction page as signedIn&amp#27;[0m   &amp#27;[90m# StepDefinitions.DSIntroductionDetails.the_user_is_on_the_ds_introduction_page_as_signed_in()&amp#27;[0m
  &amp#27;[32mAnd &amp#27;[0m&amp#27;[32mUser clicks on Get Started button from Tree panel&amp#27;[0m       &amp#27;[90m# StepDefinitions.Tree.user_clicks_on_get_started_button_from_tree_panel()&amp#27;[0m
  &amp#27;[32mGiven &amp#27;[0m&amp#27;[32mThe user is on the Tree Traversals page&amp#27;[0m               &amp#27;[90m# StepDefinitions.Tree.the_user_is_on_the_tree_traversals_page()&amp#27;[0m
  &amp#27;[32mGiven &amp#27;[0m&amp#27;[32mThe user is on the DS Introduction page as signedIn&amp#27;[0m          &amp#27;[90m# StepDefinitions.DSIntroductionDetails.the_user_is_on_the_ds_introduction_page_as_signed_in()&amp#27;[0m
  &amp#27;[32mWhen &amp#27;[0m&amp#27;[32mThe user clicks Traversals-Illustration link&amp#27;[0m           &amp#27;[90m# StepDefinitions.Tree.the_user_clicks_traversals_illustration_link()&amp#27;[0m
  &amp#27;[32mThen &amp#27;[0m&amp#27;[32mThe user is redirected to Traversals-Illustration page&amp#27;[0m &amp#27;[90m# StepDefinitions.Tree.the_user_is_redirected_to_traversals_illustration_page()&amp#27;[0m
[INFO ] 2024-12-17 10:07:09.754 [TestNG-PoolService-1] Hooks - ======================  Test Execution is completed!! ======================
  &amp#27;[32mAnd &amp#27;[0m&amp#27;[32mUser clicks on Get Started button from Tree panel&amp#27;[0m              &amp#27;[90m# StepDefinitions.Tree.user_clicks_on_get_started_button_from_tree_panel()&amp#27;[0m
  &amp#27;[32mGiven &amp#27;[0m&amp#27;[32mThe user is on the Traversals-Illustration page&amp#27;[0m              &amp#27;[90m# StepDefinitions.Tree.the_user_is_on_the_traversals_illustration_page()&amp#27;[0m
]]></system-out>
  </testcase>
  <testcase name="runScenario[&quot;Traversals-Illustration&quot;, &quot;Tree&quot;](172)" classname="TestRunners.TestRunner" time="1.72">
    <system-out><![CDATA[
Scenario: Try Here Editor page with empty code                               &amp#27;[90m# src/test/resources/Features/Tree.feature:139&amp#27;[0m
  &amp#27;[32mWhen &amp#27;[0m&amp#27;[32mThe user clicks Try Here button&amp#27;[0m                               &amp#27;[90m# StepDefinitions.Tree.the_user_clicks_try_here_button()&amp#27;[0m
  &amp#27;[32mThen &amp#27;[0m&amp#27;[32mThe user is redirected to a page having Editor and run button&amp#27;[0m &amp#27;[90m# StepDefinitions.Tree.the_user_is_redirected_to_a_page_having_editor_and_run_button()&amp#27;[0m
[INFO ] 2024-12-17 10:07:11.336 [TestNG-PoolService-2] Hooks - ======================  Test Execution is completed!! ======================
]]></system-out>
  </testcase>
  <testcase name="runScenario[&quot;Traversals-Illustration&quot;, &quot;Tree&quot;](172)" classname="TestRunners.TestRunner" time="7.161">
    <system-out><![CDATA[
Scenario: Try Here Editor page with empty code                               &amp#27;[90m# src/test/resources/Features/Tree.feature:139&amp#27;[0m
  &amp#27;[32mGiven &amp#27;[0m&amp#27;[32mThe user is on the DS Introduction page as signedIn&amp#27;[0m          &amp#27;[90m# StepDefinitions.DSIntroductionDetails.the_user_is_on_the_ds_introduction_page_as_signed_in()&amp#27;[0m
  &amp#27;[32mAnd &amp#27;[0m&amp#27;[32mUser clicks on Get Started button from Tree panel&amp#27;[0m              &amp#27;[90m# StepDefinitions.Tree.user_clicks_on_get_started_button_from_tree_panel()&amp#27;[0m
  &amp#27;[32mGiven &amp#27;[0m&amp#27;[32mThe user is on the DS Introduction page as signedIn&amp#27;[0m                  &amp#27;[90m# StepDefinitions.DSIntroductionDetails.the_user_is_on_the_ds_introduction_page_as_signed_in()&amp#27;[0m
  &amp#27;[32mGiven &amp#27;[0m&amp#27;[32mThe user is on the Traversals-Illustration page&amp#27;[0m              &amp#27;[90m# StepDefinitions.Tree.the_user_is_on_the_traversals_illustration_page()&amp#27;[0m
  &amp#27;[32mAnd &amp#27;[0m&amp#27;[32mUser clicks on Get Started button from Tree panel&amp#27;[0m                      &amp#27;[90m# StepDefinitions.Tree.user_clicks_on_get_started_button_from_tree_panel()&amp#27;[0m
  &amp#27;[32mWhen &amp#27;[0m&amp#27;[32mThe user clicks Try Here button&amp#27;[0m                               &amp#27;[90m# StepDefinitions.Tree.the_user_clicks_try_here_button()&amp#27;[0m
  &amp#27;[32mThen &amp#27;[0m&amp#27;[32mThe user is redirected to a page having Editor and run button&amp#27;[0m &amp#27;[90m# StepDefinitions.Tree.the_user_is_redirected_to_a_page_having_editor_and_run_button()&amp#27;[0m
[INFO ] 2024-12-17 10:21:55.791 [TestNG-PoolService-2] Hooks - ======================  Test Execution is completed!! ======================
  &amp#27;[32mGiven &amp#27;[0m&amp#27;[32mThe user is on the Editor page of Traversals-Illustration page&amp#27;[0m       &amp#27;[90m# StepDefinitions.Tree.the_user_is_on_the_Editor_page_of_traversals_illustration_page()&amp#27;[0m
  &amp#27;[32mWhen &amp#27;[0m&amp#27;[32mThe user writes no code inside editor window and clicks on Run button&amp#27;[0m &amp#27;[90m# StepDefinitions.Tree.the_user_writes_no_code_inside_editor_window_and_clicks_on_run_button()&amp#27;[0m
  &amp#27;[32mThen &amp#27;[0m&amp#27;[32mNothing happens to the Editor page and no error message is displayed&amp#27;[0m  &amp#27;[90m# StepDefinitions.Tree.nothing_happens_to_the_editor_page_and_no_error_message_is_displayed()&amp#27;[0m
[INFO ] 2024-12-17 10:21:56.322 [TestNG-PoolService-3] Hooks - ======================  Test Execution is completed!! ======================
]]></system-out>
    <system-err><![CDATA[Dec 17, 2024 10:21:52 AM org.openqa.selenium.devtools.CdpVersionFinder findNearestMatch
WARNING: Unable to find an exact match for CDP version 131, returning the closest version; found: 130; Please update to a Selenium version that supports CDP version 131
Dec 17, 2024 10:21:52 AM org.openqa.selenium.devtools.CdpVersionFinder findNearestMatch
WARNING: Unable to find an exact match for CDP version 131, returning the closest version; found: 130; Please update to a Selenium version that supports CDP version 131
]]></system-err>
  </testcase>
  <testcase name="runScenario[&quot;Try Here Editor page with valid data&quot;, &quot;Tree&quot;](174)" classname="TestRunners.TestRunner" time="6.891">
    <system-out><![CDATA[
Scenario: Try Here Editor page with invalid data                        &amp#27;[90m# src/test/resources/Features/Tree.feature:151&amp#27;[0m
  &amp#27;[32mGiven &amp#27;[0m&amp#27;[32mThe user is on the Editor page of Traversals-Illustration page&amp#27;[0m &amp#27;[90m# StepDefinitions.Tree.the_user_is_on_the_Editor_page_of_traversals_illustration_page()&amp#27;[0m
  &amp#27;[32mWhen &amp#27;[0m&amp#27;[32mThe user writes the valid python code and clicks on Run button&amp#27;[0m &amp#27;[90m# StepDefinitions.Tree.the_user_writes_the_valid_python_code_and_clicks_on_run_button()&amp#27;[0m
  &amp#27;[32mThen &amp#27;[0m&amp#27;[32mThe user is able to see the output inside the console.&amp#27;[0m         &amp#27;[90m# StepDefinitions.Tree.the_user_is_able_to_see_the_output_inside_the_console()&amp#27;[0m
[INFO ] 2024-12-17 10:07:24.939 [TestNG-PoolService-3] Hooks - ======================  Test Execution is completed!! ======================
]]></system-out>
  </testcase>
  <testcase name="runScenario[&quot;Try Here Editor page with invalid data&quot;, &quot;Tree&quot;](175)" classname="TestRunners.TestRunner" time="3.556">
    <system-out><![CDATA[
Scenario: Traversals-Illustration                           &amp#27;[90m# src/test/resources/Features/Tree.feature:157&amp#27;[0m
  &amp#27;[32mGiven &amp#27;[0m&amp#27;[32mThe user is on the DS Introduction page as signedIn&amp#27;[0m             &amp#27;[90m# StepDefinitions.DSIntroductionDetails.the_user_is_on_the_ds_introduction_page_as_signed_in()&amp#27;[0m
  &amp#27;[32mAnd &amp#27;[0m&amp#27;[32mUser clicks on Get Started button from Tree panel&amp#27;[0m                 &amp#27;[90m# StepDefinitions.Tree.user_clicks_on_get_started_button_from_tree_panel()&amp#27;[0m
  &amp#27;[32mGiven &amp#27;[0m&amp#27;[32mThe user is on the Editor page of Traversals-Illustration page&amp#27;[0m  &amp#27;[90m# StepDefinitions.Tree.the_user_is_on_the_Editor_page_of_traversals_illustration_page()&amp#27;[0m
  &amp#27;[32mWhen &amp#27;[0m&amp#27;[32mThe user writes the invalid python code and clicks on Run button&amp#27;[0m &amp#27;[90m# StepDefinitions.Tree.the_user_writes_the_invalid_python_code_and_clicks_on_run_button()&amp#27;[0m
  &amp#27;[32mThen &amp#27;[0m&amp#27;[32mThe user see error msg in alert window&amp#27;[0m                           &amp#27;[90m# StepDefinitions.Tree.the_user_see_error_msg_in_alert_window()&amp#27;[0m
[INFO ] 2024-12-17 10:07:30.210 [TestNG-PoolService-1] Hooks - ======================  Test Execution is completed!! ======================
]]></system-out>
  </testcase>
  <testcase name="runScenario[&quot;Traversals-Illustration&quot;, &quot;Tree&quot;](176)" classname="TestRunners.TestRunner" time="4.899">
    <system-out><![CDATA[
Scenario: Binary Trees                                               &amp#27;[90m# src/test/resources/Features/Tree.feature:164&amp#27;[0m
  &amp#27;[32mGiven &amp#27;[0m&amp#27;[32mThe user is on the DS Introduction page as signedIn&amp#27;[0m &amp#27;[90m# StepDefinitions.DSIntroductionDetails.the_user_is_on_the_ds_introduction_page_as_signed_in()&amp#27;[0m
  &amp#27;[32mAnd &amp#27;[0m&amp#27;[32mUser clicks on Get Started button from Tree panel&amp#27;[0m     &amp#27;[90m# StepDefinitions.Tree.user_clicks_on_get_started_button_from_tree_panel()&amp#27;[0m
  &amp#27;[32mGiven &amp#27;[0m&amp#27;[32mThe user is on the Traversals-Illustration page&amp#27;[0m     &amp#27;[90m# StepDefinitions.Tree.the_user_is_on_the_traversals_illustration_page()&amp#27;[0m
  &amp#27;[32mWhen &amp#27;[0m&amp#27;[32mThe user clicks Binary Trees link&amp#27;[0m                    &amp#27;[90m# StepDefinitions.Tree.the_user_clicks_binary_trees_link()&amp#27;[0m
  &amp#27;[32mThen &amp#27;[0m&amp#27;[32mThe user is redirected to Binary Trees page.&amp#27;[0m         &amp#27;[90m# StepDefinitions.Tree.the_user_is_redirected_to_binary_trees_page()&amp#27;[0m
[INFO ] 2024-12-17 10:07:35.148 [TestNG-PoolService-3] Hooks - ======================  Test Execution is completed!! ======================
]]></system-out>
  </testcase>
  <testcase name="runScenario[&quot;Binary Trees&quot;, &quot;Tree&quot;](177)" classname="TestRunners.TestRunner" time="4.327">
    <system-out><![CDATA[
Scenario: Try Here Editor page with empty code                               &amp#27;[90m# src/test/resources/Features/Tree.feature:170&amp#27;[0m
  &amp#27;[32mGiven &amp#27;[0m&amp#27;[32mThe user is on the DS Introduction page as signedIn&amp#27;[0m          &amp#27;[90m# StepDefinitions.DSIntroductionDetails.the_user_is_on_the_ds_introduction_page_as_signed_in()&amp#27;[0m
  &amp#27;[32mAnd &amp#27;[0m&amp#27;[32mUser clicks on Get Started button from Tree panel&amp#27;[0m              &amp#27;[90m# StepDefinitions.Tree.user_clicks_on_get_started_button_from_tree_panel()&amp#27;[0m
  &amp#27;[32mGiven &amp#27;[0m&amp#27;[32mThe user is on the Binary Trees page&amp#27;[0m                         &amp#27;[90m# StepDefinitions.Tree.the_user_is_on_the_binary_trees_page()&amp#27;[0m
  &amp#27;[32mWhen &amp#27;[0m&amp#27;[32mThe user clicks Try Here button&amp#27;[0m                               &amp#27;[90m# StepDefinitions.Tree.the_user_clicks_try_here_button()&amp#27;[0m
  &amp#27;[32mThen &amp#27;[0m&amp#27;[32mThe user is redirected to a page having Editor and run button&amp#27;[0m &amp#27;[90m# StepDefinitions.Tree.the_user_is_redirected_to_a_page_having_editor_and_run_button()&amp#27;[0m
[INFO ] 2024-12-17 10:07:39.579 [TestNG-PoolService-1] Hooks - ======================  Test Execution is completed!! ======================
]]></system-out>
  </testcase>
  <testcase name="runScenario[&quot;Binary Trees&quot;, &quot;Tree&quot;](177)" classname="TestRunners.TestRunner" time="7.625">
    <system-out><![CDATA[
Scenario: Try Here Editor page with empty code                               &amp#27;[90m# src/test/resources/Features/Tree.feature:170&amp#27;[0m
  &amp#27;[32mGiven &amp#27;[0m&amp#27;[32mThe user is on the DS Introduction page as signedIn&amp#27;[0m          &amp#27;[90m# StepDefinitions.DSIntroductionDetails.the_user_is_on_the_ds_introduction_page_as_signed_in()&amp#27;[0m
  &amp#27;[32mGiven &amp#27;[0m&amp#27;[32mThe user is on the DS Introduction page as signedIn&amp#27;[0m                  &amp#27;[90m# StepDefinitions.DSIntroductionDetails.the_user_is_on_the_ds_introduction_page_as_signed_in()&amp#27;[0m
  &amp#27;[32mAnd &amp#27;[0m&amp#27;[32mUser clicks on Get Started button from Tree panel&amp#27;[0m              &amp#27;[90m# StepDefinitions.Tree.user_clicks_on_get_started_button_from_tree_panel()&amp#27;[0m
  &amp#27;[32mAnd &amp#27;[0m&amp#27;[32mUser clicks on Get Started button from Tree panel&amp#27;[0m                      &amp#27;[90m# StepDefinitions.Tree.user_clicks_on_get_started_button_from_tree_panel()&amp#27;[0m
  &amp#27;[32mGiven &amp#27;[0m&amp#27;[32mThe user is on the Binary Trees page&amp#27;[0m                         &amp#27;[90m# StepDefinitions.Tree.the_user_is_on_the_binary_trees_page()&amp#27;[0m
  &amp#27;[32mWhen &amp#27;[0m&amp#27;[32mThe user clicks Try Here button&amp#27;[0m                               &amp#27;[90m# StepDefinitions.Tree.the_user_clicks_try_here_button()&amp#27;[0m
  &amp#27;[32mThen &amp#27;[0m&amp#27;[32mThe user is redirected to a page having Editor and run button&amp#27;[0m &amp#27;[90m# StepDefinitions.Tree.the_user_is_redirected_to_a_page_having_editor_and_run_button()&amp#27;[0m
[INFO ] 2024-12-17 10:22:18.984 [TestNG-PoolService-3] Hooks - ======================  Test Execution is completed!! ======================
  &amp#27;[32mGiven &amp#27;[0m&amp#27;[32mThe user is on the Editor page of Binary Trees page&amp#27;[0m                  &amp#27;[90m# StepDefinitions.Tree.the_user_is_on_the_Editor_page_of_binary_trees_page()&amp#27;[0m
  &amp#27;[32mWhen &amp#27;[0m&amp#27;[32mThe user writes no code inside editor window and clicks on Run button&amp#27;[0m &amp#27;[90m# StepDefinitions.Tree.the_user_writes_no_code_inside_editor_window_and_clicks_on_run_button()&amp#27;[0m
  &amp#27;[32mThen &amp#27;[0m&amp#27;[32mNothing happens to the Editor page and no error message is displayed&amp#27;[0m  &amp#27;[90m# StepDefinitions.Tree.nothing_happens_to_the_editor_page_and_no_error_message_is_displayed()&amp#27;[0m
[INFO ] 2024-12-17 10:22:19.327 [TestNG-PoolService-1] Hooks - ======================  Test Execution is completed!! ======================
]]></system-out>
    <system-err><![CDATA[Dec 17, 2024 10:22:14 AM org.openqa.selenium.devtools.CdpVersionFinder findNearestMatch
WARNING: Unable to find an exact match for CDP version 131, returning the closest version; found: 130; Please update to a Selenium version that supports CDP version 131
Dec 17, 2024 10:22:15 AM org.openqa.selenium.devtools.CdpVersionFinder findNearestMatch
WARNING: Unable to find an exact match for CDP version 131, returning the closest version; found: 130; Please update to a Selenium version that supports CDP version 131
]]></system-err>
  </testcase>
  <testcase name="runScenario[&quot;Try Here Editor page with valid data&quot;, &quot;Tree&quot;](179)" classname="TestRunners.TestRunner" time="6.837">
    <system-out><![CDATA[
Scenario: Try Here Editor page with invalid data                        &amp#27;[90m# src/test/resources/Features/Tree.feature:182&amp#27;[0m
  &amp#27;[32mGiven &amp#27;[0m&amp#27;[32mThe user is on the DS Introduction page as signedIn&amp#27;[0m           &amp#27;[90m# StepDefinitions.DSIntroductionDetails.the_user_is_on_the_ds_introduction_page_as_signed_in()&amp#27;[0m
  &amp#27;[32mAnd &amp#27;[0m&amp#27;[32mUser clicks on Get Started button from Tree panel&amp#27;[0m               &amp#27;[90m# StepDefinitions.Tree.user_clicks_on_get_started_button_from_tree_panel()&amp#27;[0m
  &amp#27;[32mGiven &amp#27;[0m&amp#27;[32mThe user is on the Editor page of Binary Trees page&amp#27;[0m           &amp#27;[90m# StepDefinitions.Tree.the_user_is_on_the_Editor_page_of_binary_trees_page()&amp#27;[0m
  &amp#27;[32mWhen &amp#27;[0m&amp#27;[32mThe user writes the valid python code and clicks on Run button&amp#27;[0m  &amp#27;[90m# StepDefinitions.Tree.the_user_writes_the_valid_python_code_and_clicks_on_run_button()&amp#27;[0m
  &amp#27;[32mThen &amp#27;[0m&amp#27;[32mThe user is able to see the output inside the console.&amp#27;[0m          &amp#27;[90m# StepDefinitions.Tree.the_user_is_able_to_see_the_output_inside_the_console()&amp#27;[0m
[INFO ] 2024-12-17 10:07:52.639 [TestNG-PoolService-2] Hooks - ======================  Test Execution is completed!! ======================
  &amp#27;[32mGiven &amp#27;[0m&amp#27;[32mThe user is on the DS Introduction page as signedIn&amp#27;[0m             &amp#27;[90m# StepDefinitions.DSIntroductionDetails.the_user_is_on_the_ds_introduction_page_as_signed_in()&amp#27;[0m
]]></system-out>
  </testcase>
  <testcase name="runScenario[&quot;Try Here Editor page with invalid data&quot;, &quot;Tree&quot;](180)" classname="TestRunners.TestRunner" time="2.725">
    <system-out><![CDATA[
Scenario: Binary Trees                                       &amp#27;[90m# src/test/resources/Features/Tree.feature:188&amp#27;[0m
  &amp#27;[32mAnd &amp#27;[0m&amp#27;[32mUser clicks on Get Started button from Tree panel&amp#27;[0m                 &amp#27;[90m# StepDefinitions.Tree.user_clicks_on_get_started_button_from_tree_panel()&amp#27;[0m
  &amp#27;[32mGiven &amp#27;[0m&amp#27;[32mThe user is on the Editor page of Binary Trees page&amp#27;[0m             &amp#27;[90m# StepDefinitions.Tree.the_user_is_on_the_Editor_page_of_binary_trees_page()&amp#27;[0m
  &amp#27;[32mWhen &amp#27;[0m&amp#27;[32mThe user writes the invalid python code and clicks on Run button&amp#27;[0m &amp#27;[90m# StepDefinitions.Tree.the_user_writes_the_invalid_python_code_and_clicks_on_run_button()&amp#27;[0m
  &amp#27;[32mThen &amp#27;[0m&amp#27;[32mThe user see error msg in alert window&amp#27;[0m                           &amp#27;[90m# StepDefinitions.Tree.the_user_see_error_msg_in_alert_window()&amp#27;[0m
[INFO ] 2024-12-17 10:07:55.724 [TestNG-PoolService-3] Hooks - ======================  Test Execution is completed!! ======================
]]></system-out>
  </testcase>
  <testcase name="runScenario[&quot;Binary Trees&quot;, &quot;Tree&quot;](181)" classname="TestRunners.TestRunner" time="5.545">
    <system-out><![CDATA[
Scenario: Types of Binary Trees                                      &amp#27;[90m# src/test/resources/Features/Tree.feature:195&amp#27;[0m
  &amp#27;[32mGiven &amp#27;[0m&amp#27;[32mThe user is on the DS Introduction page as signedIn&amp#27;[0m  &amp#27;[90m# StepDefinitions.DSIntroductionDetails.the_user_is_on_the_ds_introduction_page_as_signed_in()&amp#27;[0m
  &amp#27;[32mAnd &amp#27;[0m&amp#27;[32mUser clicks on Get Started button from Tree panel&amp#27;[0m      &amp#27;[90m# StepDefinitions.Tree.user_clicks_on_get_started_button_from_tree_panel()&amp#27;[0m
  &amp#27;[32mGiven &amp#27;[0m&amp#27;[32mThe user is on the Binary Trees page&amp#27;[0m                 &amp#27;[90m# StepDefinitions.Tree.the_user_is_on_the_binary_trees_page()&amp#27;[0m
  &amp#27;[32mWhen &amp#27;[0m&amp#27;[32mThe user clicks Types of Binary Trees link&amp#27;[0m            &amp#27;[90m# StepDefinitions.Tree.the_user_clicks_types_of_binary_trees_link()&amp#27;[0m
  &amp#27;[32mThen &amp#27;[0m&amp#27;[32mThe user is redirected to Types of Binary Trees page.&amp#27;[0m &amp#27;[90m# StepDefinitions.Tree.the_user_is_redirected_to_types_of_binary_trees_page()&amp#27;[0m
[INFO ] 2024-12-17 10:08:01.137 [TestNG-PoolService-2] Hooks - ======================  Test Execution is completed!! ======================
]]></system-out>
  </testcase>
  <testcase name="runScenario[&quot;Binary Trees&quot;, &quot;Tree&quot;](181)" classname="TestRunners.TestRunner" time="0.456">
    <system-out><![CDATA[
Scenario: Types of Binary Trees                                      &amp#27;[90m# src/test/resources/Features/Tree.feature:195&amp#27;[0m
]]></system-out>
  </testcase>
  <testcase name="runScenario[&quot;Types of Binary Trees&quot;, &quot;Tree&quot;](182)" classname="TestRunners.TestRunner" time="4.609">
    <system-out><![CDATA[
Scenario: Try Here Editor page with empty code                               &amp#27;[90m# src/test/resources/Features/Tree.feature:201&amp#27;[0m
  &amp#27;[32mGiven &amp#27;[0m&amp#27;[32mThe user is on the DS Introduction page as signedIn&amp#27;[0m          &amp#27;[90m# StepDefinitions.DSIntroductionDetails.the_user_is_on_the_ds_introduction_page_as_signed_in()&amp#27;[0m
  &amp#27;[32mAnd &amp#27;[0m&amp#27;[32mUser clicks on Get Started button from Tree panel&amp#27;[0m              &amp#27;[90m# StepDefinitions.Tree.user_clicks_on_get_started_button_from_tree_panel()&amp#27;[0m
  &amp#27;[32mGiven &amp#27;[0m&amp#27;[32mThe user is on the Types of Binary Trees page&amp#27;[0m                &amp#27;[90m# StepDefinitions.Tree.the_user_is_on_the_types_of_binary_trees_page()&amp#27;[0m
  &amp#27;[32mWhen &amp#27;[0m&amp#27;[32mThe user clicks Try Here button&amp#27;[0m                               &amp#27;[90m# StepDefinitions.Tree.the_user_clicks_try_here_button()&amp#27;[0m
  &amp#27;[32mThen &amp#27;[0m&amp#27;[32mThe user is redirected to a page having Editor and run button&amp#27;[0m &amp#27;[90m# StepDefinitions.Tree.the_user_is_redirected_to_a_page_having_editor_and_run_button()&amp#27;[0m
[INFO ] 2024-12-17 10:08:05.331 [TestNG-PoolService-3] Hooks - ======================  Test Execution is completed!! ======================
]]></system-out>
  </testcase>
  <testcase name="runScenario[&quot;Types of Binary Trees&quot;, &quot;Tree&quot;](182)" classname="TestRunners.TestRunner" time="7.12">
    <system-out><![CDATA[
Scenario: Try Here Editor page with empty code                               &amp#27;[90m# src/test/resources/Features/Tree.feature:201&amp#27;[0m
  &amp#27;[32mGiven &amp#27;[0m&amp#27;[32mThe user is on the DS Introduction page as signedIn&amp#27;[0m          &amp#27;[90m# StepDefinitions.DSIntroductionDetails.the_user_is_on_the_ds_introduction_page_as_signed_in()&amp#27;[0m
  &amp#27;[32mAnd &amp#27;[0m&amp#27;[32mUser clicks on Get Started button from Tree panel&amp#27;[0m              &amp#27;[90m# StepDefinitions.Tree.user_clicks_on_get_started_button_from_tree_panel()&amp#27;[0m
  &amp#27;[32mGiven &amp#27;[0m&amp#27;[32mThe user is on the DS Introduction page as signedIn&amp#27;[0m                  &amp#27;[90m# StepDefinitions.DSIntroductionDetails.the_user_is_on_the_ds_introduction_page_as_signed_in()&amp#27;[0m
  &amp#27;[32mGiven &amp#27;[0m&amp#27;[32mThe user is on the Types of Binary Trees page&amp#27;[0m                &amp#27;[90m# StepDefinitions.Tree.the_user_is_on_the_types_of_binary_trees_page()&amp#27;[0m
  &amp#27;[32mAnd &amp#27;[0m&amp#27;[32mUser clicks on Get Started button from Tree panel&amp#27;[0m                      &amp#27;[90m# StepDefinitions.Tree.user_clicks_on_get_started_button_from_tree_panel()&amp#27;[0m
  &amp#27;[32mWhen &amp#27;[0m&amp#27;[32mThe user clicks Try Here button&amp#27;[0m                               &amp#27;[90m# StepDefinitions.Tree.the_user_clicks_try_here_button()&amp#27;[0m
  &amp#27;[32mThen &amp#27;[0m&amp#27;[32mThe user is redirected to a page having Editor and run button&amp#27;[0m &amp#27;[90m# StepDefinitions.Tree.the_user_is_redirected_to_a_page_having_editor_and_run_button()&amp#27;[0m
[INFO ] 2024-12-17 10:22:41.685 [TestNG-PoolService-2] Hooks - ======================  Test Execution is completed!! ======================
  &amp#27;[32mGiven &amp#27;[0m&amp#27;[32mThe user is on the Editor page of Types of Binary Trees page&amp#27;[0m         &amp#27;[90m# StepDefinitions.Tree.the_user_is_on_the_Editor_page_of_types_of_binary_trees_page()&amp#27;[0m
  &amp#27;[32mWhen &amp#27;[0m&amp#27;[32mThe user writes no code inside editor window and clicks on Run button&amp#27;[0m &amp#27;[90m# StepDefinitions.Tree.the_user_writes_no_code_inside_editor_window_and_clicks_on_run_button()&amp#27;[0m
  &amp#27;[32mThen &amp#27;[0m&amp#27;[32mNothing happens to the Editor page and no error message is displayed&amp#27;[0m  &amp#27;[90m# StepDefinitions.Tree.nothing_happens_to_the_editor_page_and_no_error_message_is_displayed()&amp#27;[0m
[INFO ] 2024-12-17 10:22:42.242 [TestNG-PoolService-1] Hooks - ======================  Test Execution is completed!! ======================
]]></system-out>
    <system-err><![CDATA[Dec 17, 2024 10:22:38 AM org.openqa.selenium.devtools.CdpVersionFinder findNearestMatch
WARNING: Unable to find an exact match for CDP version 131, returning the closest version; found: 130; Please update to a Selenium version that supports CDP version 131
Dec 17, 2024 10:22:38 AM org.openqa.selenium.devtools.CdpVersionFinder findNearestMatch
WARNING: Unable to find an exact match for CDP version 131, returning the closest version; found: 130; Please update to a Selenium version that supports CDP version 131
]]></system-err>
  </testcase>
  <testcase name="runScenario[&quot;Try Here Editor page with valid data&quot;, &quot;Tree&quot;](184)" classname="TestRunners.TestRunner" time="9.158">
    <failure message="expected [hello] but found []" type="java.lang.AssertionError"><![CDATA[java.lang.AssertionError: expected [hello] but found []
]]></failure>
    <system-out><![CDATA[
Scenario: Try Here Editor page with invalid data                        &amp#27;[90m# src/test/resources/Features/Tree.feature:213&amp#27;[0m
  &amp#27;[32mGiven &amp#27;[0m&amp#27;[32mThe user is on the DS Introduction page as signedIn&amp#27;[0m           &amp#27;[90m# StepDefinitions.DSIntroductionDetails.the_user_is_on_the_ds_introduction_page_as_signed_in()&amp#27;[0m
  &amp#27;[32mAnd &amp#27;[0m&amp#27;[32mUser clicks on Get Started button from Tree panel&amp#27;[0m               &amp#27;[90m# StepDefinitions.Tree.user_clicks_on_get_started_button_from_tree_panel()&amp#27;[0m
  &amp#27;[32mGiven &amp#27;[0m&amp#27;[32mThe user is on the Editor page of Types of Binary Trees page&amp#27;[0m  &amp#27;[90m# StepDefinitions.Tree.the_user_is_on_the_Editor_page_of_types_of_binary_trees_page()&amp#27;[0m
  &amp#27;[32mGiven &amp#27;[0m&amp#27;[32mThe user is on the DS Introduction page as signedIn&amp#27;[0m             &amp#27;[90m# StepDefinitions.DSIntroductionDetails.the_user_is_on_the_ds_introduction_page_as_signed_in()&amp#27;[0m
  &amp#27;[32mAnd &amp#27;[0m&amp#27;[32mUser clicks on Get Started button from Tree panel&amp#27;[0m                 &amp#27;[90m# StepDefinitions.Tree.user_clicks_on_get_started_button_from_tree_panel()&amp#27;[0m
  &amp#27;[32mWhen &amp#27;[0m&amp#27;[32mThe user writes the valid python code and clicks on Run button&amp#27;[0m &amp#27;[90m# StepDefinitions.Tree.the_user_writes_the_valid_python_code_and_clicks_on_run_button()&amp#27;[0m
  &amp#27;[31mThen &amp#27;[0m&amp#27;[31mThe user is able to see the output inside the console.&amp#27;[0m         &amp#27;[90m# StepDefinitions.Tree.the_user_is_able_to_see_the_output_inside_the_console()&amp#27;[0m
      &amp#27;[31mjava.lang.AssertionError: expected [hello] but found []
	at org.testng.Assert.fail(Assert.java:111)
	at org.testng.Assert.failNotEquals(Assert.java:1578)
	at org.testng.Assert.assertEqualsImpl(Assert.java:150)
	at org.testng.Assert.assertEquals(Assert.java:132)
	at org.testng.Assert.assertEquals(Assert.java:656)
	at org.testng.Assert.assertEquals(Assert.java:666)
	at StepDefinitions.Tree.the_user_is_able_to_see_the_output_inside_the_console(Tree.java:101)
	at ✽.The user is able to see the output inside the console.(file:///C:/Projects/newFolder-3/Repo1/src/test/resources/Features/Tree.feature:180)
&amp#27;[0m
[ERROR] 2024-12-17 10:08:19.579 [TestNG-PoolService-1] Hooks - ======================  TEST CASE FAILED !! ======================

    Embedding screenshot [image/png 37860 bytes]

[INFO ] 2024-12-17 10:08:19.644 [TestNG-PoolService-1] Hooks - ======================  Screenshot is captured  ======================
[INFO ] 2024-12-17 10:08:19.644 [TestNG-PoolService-1] Hooks - ======================  Test Execution is completed!! ======================
  &amp#27;[32mGiven &amp#27;[0m&amp#27;[32mThe user is on the Editor page of Types of Binary Trees page&amp#27;[0m    &amp#27;[90m# StepDefinitions.Tree.the_user_is_on_the_Editor_page_of_types_of_binary_trees_page()&amp#27;[0m
  &amp#27;[32mWhen &amp#27;[0m&amp#27;[32mThe user writes the invalid python code and clicks on Run button&amp#27;[0m &amp#27;[90m# StepDefinitions.Tree.the_user_writes_the_invalid_python_code_and_clicks_on_run_button()&amp#27;[0m
  &amp#27;[31mThen &amp#27;[0m&amp#27;[31mThe user see error msg in alert window&amp#27;[0m                           &amp#27;[90m# StepDefinitions.Tree.the_user_see_error_msg_in_alert_window()&amp#27;[0m
      &amp#27;[31morg.openqa.selenium.NoAlertPresentException: Build info: version: '4.26.0', revision: '8ccf0219d7'
System info: os.name: 'Windows 11', os.arch: 'amd64', os.version: '10.0', java.version: '21.0.5'
Driver info: org.openqa.selenium.firefox.FirefoxDriver
Command: [d6b48694-cead-4535-8c28-6d050453f982, getAlertText {}]
Capabilities {acceptInsecureCerts: true, browserName: firefox, browserVersion: 133.0.3, moz:accessibilityChecks: false, moz:buildID: 20241209150345, moz:debuggerAddress: 127.0.0.1:40791, moz:geckodriverVersion: 0.35.0, moz:headless: false, moz:platformVersion: 10.0, moz:processID: 35260, moz:profile: C:\Users\vamsh\AppData\Loca..., moz:shutdownTimeout: 60000, moz:webdriverClick: true, moz:windowless: false, pageLoadStrategy: normal, platformName: windows, proxy: Proxy(), se:cdp: ws://127.0.0.1:40791/devtoo..., se:cdpVersion: 85.0, setWindowRect: true, strictFileInteractability: false, timeouts: {implicit: 0, pageLoad: 300000, script: 30000}, unhandledPromptBehavior: dismiss and notify, userAgent: Mozilla/5.0 (Windows NT 10....}
Session ID: d6b48694-cead-4535-8c28-6d050453f982
	at java.base/jdk.internal.reflect.DirectConstructorHandleAccessor.newInstance(DirectConstructorHandleAccessor.java:62)
	at java.base/java.lang.reflect.Constructor.newInstanceWithCaller(Constructor.java:502)
	at java.base/java.lang.reflect.Constructor.newInstance(Constructor.java:486)
	at org.openqa.selenium.remote.ErrorCodec.decode(ErrorCodec.java:167)
	at org.openqa.selenium.remote.codec.w3c.W3CHttpResponseCodec.decode(W3CHttpResponseCodec.java:138)
	at org.openqa.selenium.remote.codec.w3c.W3CHttpResponseCodec.decode(W3CHttpResponseCodec.java:50)
	at org.openqa.selenium.remote.HttpCommandExecutor.execute(HttpCommandExecutor.java:190)
	at org.openqa.selenium.remote.service.DriverCommandExecutor.invokeExecute(DriverCommandExecutor.java:216)
	at org.openqa.selenium.remote.service.DriverCommandExecutor.execute(DriverCommandExecutor.java:174)
	at org.openqa.selenium.remote.RemoteWebDriver.execute(RemoteWebDriver.java:545)
	at org.openqa.selenium.remote.RemoteWebDriver.execute(RemoteWebDriver.java:618)
	at org.openqa.selenium.remote.RemoteWebDriver.execute(RemoteWebDriver.java:622)
	at org.openqa.selenium.remote.RemoteWebDriver$RemoteTargetLocator.alert(RemoteWebDriver.java:1190)
	at PageObjects.IntroductionPage.getAlertText(IntroductionPage.java:134)
	at StepDefinitions.Tree.the_user_see_error_msg_in_alert_window(Tree.java:113)
	at ✽.The user see error msg in alert window(file:///C:/Projects/newFolder-3/Repo1/src/test/resources/Features/Tree.feature:217)
&amp#27;[0m
[ERROR] 2024-12-17 10:08:20.396 [TestNG-PoolService-2] Hooks - ======================  TEST CASE FAILED !! ======================

    Embedding screenshot [image/png 37860 bytes]

[INFO ] 2024-12-17 10:08:20.453 [TestNG-PoolService-2] Hooks - ======================  Screenshot is captured  ======================
[INFO ] 2024-12-17 10:08:20.455 [TestNG-PoolService-2] Hooks - ======================  Test Execution is completed!! ======================
]]></system-out>
  </testcase>
  <testcase name="runScenario[&quot;Try Here Editor page with invalid data&quot;, &quot;Tree&quot;](185)" classname="TestRunners.TestRunner" time="0.532">
    <failure message="Build info: version: &apos;4.26.0&apos;, revision: &apos;8ccf0219d7&apos;&#10;System info: os.name: &apos;Windows 11&apos;, os.arch: &apos;amd64&apos;, os.version: &apos;10.0&apos;, java.version: &apos;21.0.5&apos;&#10;Driver info: org.openqa.selenium.firefox.FirefoxDriver&#10;Command: [d6b48694-cead-4535-8c28-6d050453f982, getAlertText {}]&#10;Capabilities {acceptInsecureCerts: true, browserName: firefox, browserVersion: 133.0.3, moz:accessibilityChecks: false, moz:buildID: 20241209150345, moz:debuggerAddress: 127.0.0.1:40791, moz:geckodriverVersion: 0.35.0, moz:headless: false, moz:platformVersion: 10.0, moz:processID: 35260, moz:profile: C:\Users\vamsh\AppData\Loca..., moz:shutdownTimeout: 60000, moz:webdriverClick: true, moz:windowless: false, pageLoadStrategy: normal, platformName: windows, proxy: Proxy(), se:cdp: ws://127.0.0.1:40791/devtoo..., se:cdpVersion: 85.0, setWindowRect: true, strictFileInteractability: false, timeouts: {implicit: 0, pageLoad: 300000, script: 30000}, unhandledPromptBehavior: dismiss and notify, userAgent: Mozilla/5.0 (Windows NT 10....}&#10;Session ID: d6b48694-cead-4535-8c28-6d050453f982" type="org.openqa.selenium.NoAlertPresentException"><![CDATA[org.openqa.selenium.NoAlertPresentException: 
Build info: version: '4.26.0', revision: '8ccf0219d7'
System info: os.name: 'Windows 11', os.arch: 'amd64', os.version: '10.0', java.version: '21.0.5'
Driver info: org.openqa.selenium.firefox.FirefoxDriver
Command: [d6b48694-cead-4535-8c28-6d050453f982, getAlertText {}]
Capabilities {acceptInsecureCerts: true, browserName: firefox, browserVersion: 133.0.3, moz:accessibilityChecks: false, moz:buildID: 20241209150345, moz:debuggerAddress: 127.0.0.1:40791, moz:geckodriverVersion: 0.35.0, moz:headless: false, moz:platformVersion: 10.0, moz:processID: 35260, moz:profile: C:\Users\vamsh\AppData\Loca..., moz:shutdownTimeout: 60000, moz:webdriverClick: true, moz:windowless: false, pageLoadStrategy: normal, platformName: windows, proxy: Proxy(), se:cdp: ws://127.0.0.1:40791/devtoo..., se:cdpVersion: 85.0, setWindowRect: true, strictFileInteractability: false, timeouts: {implicit: 0, pageLoad: 300000, script: 30000}, unhandledPromptBehavior: dismiss and notify, userAgent: Mozilla/5.0 (Windows NT 10....}
Session ID: d6b48694-cead-4535-8c28-6d050453f982
]]></failure>
    <system-out><![CDATA[
Scenario: Types of Binary Trees                                 &amp#27;[90m# src/test/resources/Features/Tree.feature:219&amp#27;[0m
]]></system-out>
  </testcase>
  <testcase name="runScenario[&quot;Types of Binary Trees&quot;, &quot;Tree&quot;](186)" classname="TestRunners.TestRunner" time="7.865">
    <system-out><![CDATA[
Scenario: Implementation in Python                                   &amp#27;[90m# src/test/resources/Features/Tree.feature:226&amp#27;[0m
  &amp#27;[32mGiven &amp#27;[0m&amp#27;[32mThe user is on the DS Introduction page as signedIn&amp#27;[0m     &amp#27;[90m# StepDefinitions.DSIntroductionDetails.the_user_is_on_the_ds_introduction_page_as_signed_in()&amp#27;[0m
  &amp#27;[32mAnd &amp#27;[0m&amp#27;[32mUser clicks on Get Started button from Tree panel&amp#27;[0m         &amp#27;[90m# StepDefinitions.Tree.user_clicks_on_get_started_button_from_tree_panel()&amp#27;[0m
  &amp#27;[32mGiven &amp#27;[0m&amp#27;[32mThe user is on the Types of Binary Trees page&amp#27;[0m           &amp#27;[90m# StepDefinitions.Tree.the_user_is_on_the_types_of_binary_trees_page()&amp#27;[0m
  &amp#27;[32mGiven &amp#27;[0m&amp#27;[32mThe user is on the DS Introduction page as signedIn&amp#27;[0m          &amp#27;[90m# StepDefinitions.DSIntroductionDetails.the_user_is_on_the_ds_introduction_page_as_signed_in()&amp#27;[0m
  &amp#27;[32mWhen &amp#27;[0m&amp#27;[32mThe user clicks Implementation in Python Trees link&amp#27;[0m      &amp#27;[90m# StepDefinitions.Tree.the_user_clicks_implementation_in_python_trees_link()&amp#27;[0m
  &amp#27;[32mThen &amp#27;[0m&amp#27;[32mThe user is redirected to Implementation in Python page.&amp#27;[0m &amp#27;[90m# StepDefinitions.Tree.the_user_is_redirected_to_implementation_in_python_page()&amp#27;[0m
[INFO ] 2024-12-17 10:08:28.433 [TestNG-PoolService-1] Hooks - ======================  Test Execution is completed!! ======================
  &amp#27;[32mAnd &amp#27;[0m&amp#27;[32mUser clicks on Get Started button from Tree panel&amp#27;[0m              &amp#27;[90m# StepDefinitions.Tree.user_clicks_on_get_started_button_from_tree_panel()&amp#27;[0m
  &amp#27;[32mGiven &amp#27;[0m&amp#27;[32mThe user is on the Implementation in Python page&amp#27;[0m             &amp#27;[90m# StepDefinitions.Tree.the_user_is_on_the_implementation_in_python_page()&amp#27;[0m
]]></system-out>
  </testcase>
  <testcase name="runScenario[&quot;Implementation in Python&quot;, &quot;Tree&quot;](187)" classname="TestRunners.TestRunner" time="1.678">
    <system-out><![CDATA[
Scenario: Try Here Editor page with empty code                               &amp#27;[90m# src/test/resources/Features/Tree.feature:232&amp#27;[0m
  &amp#27;[32mWhen &amp#27;[0m&amp#27;[32mThe user clicks Try Here button&amp#27;[0m                               &amp#27;[90m# StepDefinitions.Tree.the_user_clicks_try_here_button()&amp#27;[0m
  &amp#27;[32mThen &amp#27;[0m&amp#27;[32mThe user is redirected to a page having Editor and run button&amp#27;[0m &amp#27;[90m# StepDefinitions.Tree.the_user_is_redirected_to_a_page_having_editor_and_run_button()&amp#27;[0m
[INFO ] 2024-12-17 10:08:30.134 [TestNG-PoolService-2] Hooks - ======================  Test Execution is completed!! ======================
]]></system-out>
  </testcase>
  <testcase name="runScenario[&quot;Implementation in Python&quot;, &quot;Tree&quot;](187)" classname="TestRunners.TestRunner" time="6.381">
    <system-out><![CDATA[
Scenario: Try Here Editor page with empty code                               &amp#27;[90m# src/test/resources/Features/Tree.feature:232&amp#27;[0m
  &amp#27;[32mGiven &amp#27;[0m&amp#27;[32mThe user is on the DS Introduction page as signedIn&amp#27;[0m          &amp#27;[90m# StepDefinitions.DSIntroductionDetails.the_user_is_on_the_ds_introduction_page_as_signed_in()&amp#27;[0m
  &amp#27;[32mAnd &amp#27;[0m&amp#27;[32mUser clicks on Get Started button from Tree panel&amp#27;[0m              &amp#27;[90m# StepDefinitions.Tree.user_clicks_on_get_started_button_from_tree_panel()&amp#27;[0m
  &amp#27;[32mGiven &amp#27;[0m&amp#27;[32mThe user is on the Implementation in Python page&amp#27;[0m             &amp#27;[90m# StepDefinitions.Tree.the_user_is_on_the_implementation_in_python_page()&amp#27;[0m
  &amp#27;[32mGiven &amp#27;[0m&amp#27;[32mThe user is on the DS Introduction page as signedIn&amp#27;[0m                  &amp#27;[90m# StepDefinitions.DSIntroductionDetails.the_user_is_on_the_ds_introduction_page_as_signed_in()&amp#27;[0m
  &amp#27;[32mAnd &amp#27;[0m&amp#27;[32mUser clicks on Get Started button from Tree panel&amp#27;[0m                      &amp#27;[90m# StepDefinitions.Tree.user_clicks_on_get_started_button_from_tree_panel()&amp#27;[0m
  &amp#27;[32mWhen &amp#27;[0m&amp#27;[32mThe user clicks Try Here button&amp#27;[0m                               &amp#27;[90m# StepDefinitions.Tree.the_user_clicks_try_here_button()&amp#27;[0m
  &amp#27;[32mThen &amp#27;[0m&amp#27;[32mThe user is redirected to a page having Editor and run button&amp#27;[0m &amp#27;[90m# StepDefinitions.Tree.the_user_is_redirected_to_a_page_having_editor_and_run_button()&amp#27;[0m
[INFO ] 2024-12-17 10:23:03.862 [TestNG-PoolService-1] Hooks - ======================  Test Execution is completed!! ======================
  &amp#27;[32mGiven &amp#27;[0m&amp#27;[32mThe user is on the editor page of Implementation in Python page&amp#27;[0m      &amp#27;[90m# StepDefinitions.Tree.the_user_is_on_the_editor_page_of_implementation_in_python_page()&amp#27;[0m
  &amp#27;[32mWhen &amp#27;[0m&amp#27;[32mThe user writes no code inside editor window and clicks on Run button&amp#27;[0m &amp#27;[90m# StepDefinitions.Tree.the_user_writes_no_code_inside_editor_window_and_clicks_on_run_button()&amp#27;[0m
  &amp#27;[32mThen &amp#27;[0m&amp#27;[32mNothing happens to the Editor page and no error message is displayed&amp#27;[0m  &amp#27;[90m# StepDefinitions.Tree.nothing_happens_to_the_editor_page_and_no_error_message_is_displayed()&amp#27;[0m
[INFO ] 2024-12-17 10:23:04.899 [TestNG-PoolService-3] Hooks - ======================  Test Execution is completed!! ======================
]]></system-out>
    <system-err><![CDATA[Dec 17, 2024 10:23:00 AM org.openqa.selenium.devtools.CdpVersionFinder findNearestMatch
WARNING: Unable to find an exact match for CDP version 131, returning the closest version; found: 130; Please update to a Selenium version that supports CDP version 131
Dec 17, 2024 10:23:01 AM org.openqa.selenium.devtools.CdpVersionFinder findNearestMatch
WARNING: Unable to find an exact match for CDP version 131, returning the closest version; found: 130; Please update to a Selenium version that supports CDP version 131
]]></system-err>
  </testcase>
  <testcase name="runScenario[&quot;Try Here Editor page with valid data&quot;, &quot;Tree&quot;](189)" classname="TestRunners.TestRunner" time="8.015">
    <system-out><![CDATA[
Scenario: Try Here Editor page with invalid data                        &amp#27;[90m# src/test/resources/Features/Tree.feature:244&amp#27;[0m
  &amp#27;[32mGiven &amp#27;[0m&amp#27;[32mThe user is on the editor page of Implementation in Python page&amp#27;[0m &amp#27;[90m# StepDefinitions.Tree.the_user_is_on_the_editor_page_of_implementation_in_python_page()&amp#27;[0m
  &amp#27;[32mGiven &amp#27;[0m&amp#27;[32mThe user is on the DS Introduction page as signedIn&amp#27;[0m             &amp#27;[90m# StepDefinitions.DSIntroductionDetails.the_user_is_on_the_ds_introduction_page_as_signed_in()&amp#27;[0m
  &amp#27;[32mAnd &amp#27;[0m&amp#27;[32mUser clicks on Get Started button from Tree panel&amp#27;[0m                 &amp#27;[90m# StepDefinitions.Tree.user_clicks_on_get_started_button_from_tree_panel()&amp#27;[0m
  &amp#27;[32mWhen &amp#27;[0m&amp#27;[32mThe user writes the valid python code and clicks on Run button&amp#27;[0m &amp#27;[90m# StepDefinitions.Tree.the_user_writes_the_valid_python_code_and_clicks_on_run_button()&amp#27;[0m
  &amp#27;[32mThen &amp#27;[0m&amp#27;[32mThe user is able to see the output inside the console.&amp#27;[0m         &amp#27;[90m# StepDefinitions.Tree.the_user_is_able_to_see_the_output_inside_the_console()&amp#27;[0m
[INFO ] 2024-12-17 10:08:45.722 [TestNG-PoolService-3] Hooks - ======================  Test Execution is completed!! ======================
  &amp#27;[32mGiven &amp#27;[0m&amp#27;[32mThe user is on the editor page of Implementation in Python page&amp#27;[0m &amp#27;[90m# StepDefinitions.Tree.the_user_is_on_the_editor_page_of_implementation_in_python_page()&amp#27;[0m
  &amp#27;[32mWhen &amp#27;[0m&amp#27;[32mThe user writes the invalid python code and clicks on Run button&amp#27;[0m &amp#27;[90m# StepDefinitions.Tree.the_user_writes_the_invalid_python_code_and_clicks_on_run_button()&amp#27;[0m
  &amp#27;[32mThen &amp#27;[0m&amp#27;[32mThe user see error msg in alert window&amp#27;[0m                           &amp#27;[90m# StepDefinitions.Tree.the_user_see_error_msg_in_alert_window()&amp#27;[0m
[INFO ] 2024-12-17 10:08:46.215 [TestNG-PoolService-1] Hooks - ======================  Test Execution is completed!! ======================
]]></system-out>
  </testcase>
  <testcase name="runScenario[&quot;Try Here Editor page with invalid data&quot;, &quot;Tree&quot;](190)" classname="TestRunners.TestRunner" time="0.11">
    <system-out><![CDATA[
Scenario: Implementation in Python                            &amp#27;[90m# src/test/resources/Features/Tree.feature:250&amp#27;[0m
]]></system-out>
  </testcase>
  <testcase name="runScenario[&quot;Implementation in Python&quot;, &quot;Tree&quot;](191)" classname="TestRunners.TestRunner" time="8.406">
    <system-out><![CDATA[
Scenario: Binary Tree Traversals                                     &amp#27;[90m# src/test/resources/Features/Tree.feature:257&amp#27;[0m
  &amp#27;[32mGiven &amp#27;[0m&amp#27;[32mThe user is on the DS Introduction page as signedIn&amp#27;[0m   &amp#27;[90m# StepDefinitions.DSIntroductionDetails.the_user_is_on_the_ds_introduction_page_as_signed_in()&amp#27;[0m
  &amp#27;[32mAnd &amp#27;[0m&amp#27;[32mUser clicks on Get Started button from Tree panel&amp#27;[0m       &amp#27;[90m# StepDefinitions.Tree.user_clicks_on_get_started_button_from_tree_panel()&amp#27;[0m
  &amp#27;[32mGiven &amp#27;[0m&amp#27;[32mThe user is on the Implementation in Python page&amp#27;[0m      &amp#27;[90m# StepDefinitions.Tree.the_user_is_on_the_implementation_in_python_page()&amp#27;[0m
  &amp#27;[32mWhen &amp#27;[0m&amp#27;[32mThe user clicks Binary Tree Traversals link&amp#27;[0m            &amp#27;[90m# StepDefinitions.Tree.the_user_clicks_binary_tree_traversals_link()&amp#27;[0m
  &amp#27;[32mThen &amp#27;[0m&amp#27;[32mThe user is redirected to Binary Tree Traversals page.&amp#27;[0m &amp#27;[90m# StepDefinitions.Tree.the_user_is_redirected_to_binary_tree_traversals_page()&amp#27;[0m
[INFO ] 2024-12-17 10:08:54.315 [TestNG-PoolService-3] Hooks - ======================  Test Execution is completed!! ======================
  &amp#27;[32mGiven &amp#27;[0m&amp#27;[32mThe user is on the DS Introduction page as signedIn&amp#27;[0m          &amp#27;[90m# StepDefinitions.DSIntroductionDetails.the_user_is_on_the_ds_introduction_page_as_signed_in()&amp#27;[0m
  &amp#27;[32mAnd &amp#27;[0m&amp#27;[32mUser clicks on Get Started button from Tree panel&amp#27;[0m              &amp#27;[90m# StepDefinitions.Tree.user_clicks_on_get_started_button_from_tree_panel()&amp#27;[0m
  &amp#27;[32mGiven &amp#27;[0m&amp#27;[32mThe user is on the Binary Tree Traversals page&amp#27;[0m               &amp#27;[90m# StepDefinitions.Tree.the_user_is_on_the_binary_tree_traversals_page()&amp#27;[0m
]]></system-out>
  </testcase>
  <testcase name="runScenario[&quot;Try Here Editor page with valid data&quot;, &quot;Tree&quot;](194)" classname="TestRunners.TestRunner" time="5.256">
    <system-out><![CDATA[
Scenario: Try Here Editor page with invalid data                        &amp#27;[90m# src/test/resources/Features/Tree.feature:275&amp#27;[0m
  &amp#27;[32mGiven &amp#27;[0m&amp#27;[32mThe user is on the editor page of Binary Tree Traversals page&amp#27;[0m &amp#27;[90m# StepDefinitions.Tree.the_user_is_on_the_editor_page_of_binary_tree_traversals_page()&amp#27;[0m
  &amp#27;[32mWhen &amp#27;[0m&amp#27;[32mThe user writes the valid python code and clicks on Run button&amp#27;[0m   &amp#27;[90m# StepDefinitions.Tree.the_user_writes_the_valid_python_code_and_clicks_on_run_button()&amp#27;[0m
  &amp#27;[32mThen &amp#27;[0m&amp#27;[32mThe user is able to see the output inside the console.&amp#27;[0m           &amp#27;[90m# StepDefinitions.Tree.the_user_is_able_to_see_the_output_inside_the_console()&amp#27;[0m
[INFO ] 2024-12-17 10:09:09.842 [TestNG-PoolService-2] Hooks - ======================  Test Execution is completed!! ======================
]]></system-out>
  </testcase>
  <testcase name="runScenario[&quot;Try Here Editor page with invalid data&quot;, &quot;Tree&quot;](195)" classname="TestRunners.TestRunner" time="4.597">
    <failure message="Build info: version: &apos;4.26.0&apos;, revision: &apos;8ccf0219d7&apos;&#10;System info: os.name: &apos;Windows 11&apos;, os.arch: &apos;amd64&apos;, os.version: &apos;10.0&apos;, java.version: &apos;21.0.5&apos;&#10;Driver info: org.openqa.selenium.firefox.FirefoxDriver&#10;Command: [c058843d-35c2-4272-b83d-46d29fc1ceac, getAlertText {}]&#10;Capabilities {acceptInsecureCerts: true, browserName: firefox, browserVersion: 133.0.3, moz:accessibilityChecks: false, moz:buildID: 20241209150345, moz:debuggerAddress: 127.0.0.1:20466, moz:geckodriverVersion: 0.35.0, moz:headless: false, moz:platformVersion: 10.0, moz:processID: 9364, moz:profile: C:\Users\vamsh\AppData\Loca..., moz:shutdownTimeout: 60000, moz:webdriverClick: true, moz:windowless: false, pageLoadStrategy: normal, platformName: windows, proxy: Proxy(), se:cdp: ws://127.0.0.1:20466/devtoo..., se:cdpVersion: 85.0, setWindowRect: true, strictFileInteractability: false, timeouts: {implicit: 0, pageLoad: 300000, script: 30000}, unhandledPromptBehavior: dismiss and notify, userAgent: Mozilla/5.0 (Windows NT 10....}&#10;Session ID: c058843d-35c2-4272-b83d-46d29fc1ceac" type="org.openqa.selenium.NoAlertPresentException"><![CDATA[org.openqa.selenium.NoAlertPresentException: 
Build info: version: '4.26.0', revision: '8ccf0219d7'
System info: os.name: 'Windows 11', os.arch: 'amd64', os.version: '10.0', java.version: '21.0.5'
Driver info: org.openqa.selenium.firefox.FirefoxDriver
Command: [c058843d-35c2-4272-b83d-46d29fc1ceac, getAlertText {}]
Capabilities {acceptInsecureCerts: true, browserName: firefox, browserVersion: 133.0.3, moz:accessibilityChecks: false, moz:buildID: 20241209150345, moz:debuggerAddress: 127.0.0.1:20466, moz:geckodriverVersion: 0.35.0, moz:headless: false, moz:platformVersion: 10.0, moz:processID: 9364, moz:profile: C:\Users\vamsh\AppData\Loca..., moz:shutdownTimeout: 60000, moz:webdriverClick: true, moz:windowless: false, pageLoadStrategy: normal, platformName: windows, proxy: Proxy(), se:cdp: ws://127.0.0.1:20466/devtoo..., se:cdpVersion: 85.0, setWindowRect: true, strictFileInteractability: false, timeouts: {implicit: 0, pageLoad: 300000, script: 30000}, unhandledPromptBehavior: dismiss and notify, userAgent: Mozilla/5.0 (Windows NT 10....}
Session ID: c058843d-35c2-4272-b83d-46d29fc1ceac
]]></failure>
    <system-out><![CDATA[
Scenario: Binary Tree Traversals                                      &amp#27;[90m# src/test/resources/Features/Tree.feature:281&amp#27;[0m
  &amp#27;[32mGiven &amp#27;[0m&amp#27;[32mThe user is on the DS Introduction page as signedIn&amp#27;[0m             &amp#27;[90m# StepDefinitions.DSIntroductionDetails.the_user_is_on_the_ds_introduction_page_as_signed_in()&amp#27;[0m
  &amp#27;[32mAnd &amp#27;[0m&amp#27;[32mUser clicks on Get Started button from Tree panel&amp#27;[0m                 &amp#27;[90m# StepDefinitions.Tree.user_clicks_on_get_started_button_from_tree_panel()&amp#27;[0m
  &amp#27;[32mGiven &amp#27;[0m&amp#27;[32mThe user is on the editor page of Binary Tree Traversals page&amp#27;[0m   &amp#27;[90m# StepDefinitions.Tree.the_user_is_on_the_editor_page_of_binary_tree_traversals_page()&amp#27;[0m
  &amp#27;[32mWhen &amp#27;[0m&amp#27;[32mThe user writes the invalid python code and clicks on Run button&amp#27;[0m &amp#27;[90m# StepDefinitions.Tree.the_user_writes_the_invalid_python_code_and_clicks_on_run_button()&amp#27;[0m
  &amp#27;[31mThen &amp#27;[0m&amp#27;[31mThe user see error msg in alert window&amp#27;[0m                           &amp#27;[90m# StepDefinitions.Tree.the_user_see_error_msg_in_alert_window()&amp#27;[0m
      &amp#27;[31morg.openqa.selenium.NoAlertPresentException: Build info: version: '4.26.0', revision: '8ccf0219d7'
System info: os.name: 'Windows 11', os.arch: 'amd64', os.version: '10.0', java.version: '21.0.5'
Driver info: org.openqa.selenium.firefox.FirefoxDriver
Command: [c058843d-35c2-4272-b83d-46d29fc1ceac, getAlertText {}]
Capabilities {acceptInsecureCerts: true, browserName: firefox, browserVersion: 133.0.3, moz:accessibilityChecks: false, moz:buildID: 20241209150345, moz:debuggerAddress: 127.0.0.1:20466, moz:geckodriverVersion: 0.35.0, moz:headless: false, moz:platformVersion: 10.0, moz:processID: 9364, moz:profile: C:\Users\vamsh\AppData\Loca..., moz:shutdownTimeout: 60000, moz:webdriverClick: true, moz:windowless: false, pageLoadStrategy: normal, platformName: windows, proxy: Proxy(), se:cdp: ws://127.0.0.1:20466/devtoo..., se:cdpVersion: 85.0, setWindowRect: true, strictFileInteractability: false, timeouts: {implicit: 0, pageLoad: 300000, script: 30000}, unhandledPromptBehavior: dismiss and notify, userAgent: Mozilla/5.0 (Windows NT 10....}
Session ID: c058843d-35c2-4272-b83d-46d29fc1ceac
	at java.base/jdk.internal.reflect.DirectConstructorHandleAccessor.newInstance(DirectConstructorHandleAccessor.java:62)
	at java.base/java.lang.reflect.Constructor.newInstanceWithCaller(Constructor.java:502)
	at java.base/java.lang.reflect.Constructor.newInstance(Constructor.java:486)
	at org.openqa.selenium.remote.ErrorCodec.decode(ErrorCodec.java:167)
	at org.openqa.selenium.remote.codec.w3c.W3CHttpResponseCodec.decode(W3CHttpResponseCodec.java:138)
	at org.openqa.selenium.remote.codec.w3c.W3CHttpResponseCodec.decode(W3CHttpResponseCodec.java:50)
	at org.openqa.selenium.remote.HttpCommandExecutor.execute(HttpCommandExecutor.java:190)
	at org.openqa.selenium.remote.service.DriverCommandExecutor.invokeExecute(DriverCommandExecutor.java:216)
	at org.openqa.selenium.remote.service.DriverCommandExecutor.execute(DriverCommandExecutor.java:174)
	at org.openqa.selenium.remote.RemoteWebDriver.execute(RemoteWebDriver.java:545)
	at org.openqa.selenium.remote.RemoteWebDriver.execute(RemoteWebDriver.java:618)
	at org.openqa.selenium.remote.RemoteWebDriver.execute(RemoteWebDriver.java:622)
	at org.openqa.selenium.remote.RemoteWebDriver$RemoteTargetLocator.alert(RemoteWebDriver.java:1190)
	at PageObjects.IntroductionPage.getAlertText(IntroductionPage.java:134)
	at StepDefinitions.Tree.the_user_see_error_msg_in_alert_window(Tree.java:113)
	at ✽.The user see error msg in alert window(file:///C:/Projects/newFolder-3/Repo1/src/test/resources/Features/Tree.feature:279)
&amp#27;[0m
[ERROR] 2024-12-17 10:09:14.514 [TestNG-PoolService-3] Hooks - ======================  TEST CASE FAILED !! ======================

    Embedding screenshot [image/png 37860 bytes]

[INFO ] 2024-12-17 10:09:14.572 [TestNG-PoolService-3] Hooks - ======================  Screenshot is captured  ======================
[INFO ] 2024-12-17 10:09:14.573 [TestNG-PoolService-3] Hooks - ======================  Test Execution is completed!! ======================
]]></system-out>
  </testcase>
  <testcase name="runScenario[&quot;Binary Tree Traversals&quot;, &quot;Tree&quot;](196)" classname="TestRunners.TestRunner" time="4.295">
    <system-out><![CDATA[
Scenario: Implementation of Binary Trees                             &amp#27;[90m# src/test/resources/Features/Tree.feature:288&amp#27;[0m
  &amp#27;[32mGiven &amp#27;[0m&amp#27;[32mThe user is on the DS Introduction page as signedIn&amp#27;[0m           &amp#27;[90m# StepDefinitions.DSIntroductionDetails.the_user_is_on_the_ds_introduction_page_as_signed_in()&amp#27;[0m
  &amp#27;[32mAnd &amp#27;[0m&amp#27;[32mUser clicks on Get Started button from Tree panel&amp#27;[0m               &amp#27;[90m# StepDefinitions.Tree.user_clicks_on_get_started_button_from_tree_panel()&amp#27;[0m
  &amp#27;[32mGiven &amp#27;[0m&amp#27;[32mThe user is on the Binary Tree Traversals page&amp#27;[0m                &amp#27;[90m# StepDefinitions.Tree.the_user_is_on_the_binary_tree_traversals_page()&amp#27;[0m
  &amp#27;[32mWhen &amp#27;[0m&amp#27;[32mThe user clicks Implementation of Binary Trees button&amp#27;[0m          &amp#27;[90m# StepDefinitions.Tree.the_user_clicks_implementation_of_binary_trees_button()&amp#27;[0m
  &amp#27;[32mThen &amp#27;[0m&amp#27;[32mThe user is redirected to Implementation of Binary Trees page.&amp#27;[0m &amp#27;[90m# StepDefinitions.Tree.the_user_is_redirected_to_implementation_of_binary_trees_page()&amp#27;[0m
[INFO ] 2024-12-17 10:09:18.851 [TestNG-PoolService-2] Hooks - ======================  Test Execution is completed!! ======================
]]></system-out>
  </testcase>
  <testcase name="runScenario[&quot;Binary Tree Traversals&quot;, &quot;Tree&quot;](196)" classname="TestRunners.TestRunner" time="0.793">
    <system-out><![CDATA[
Scenario: Implementation of Binary Trees                             &amp#27;[90m# src/test/resources/Features/Tree.feature:288&amp#27;[0m
]]></system-out>
  </testcase>
  <testcase name="runScenario[&quot;Implementation of Binary Trees&quot;, &quot;Tree&quot;](197)" classname="TestRunners.TestRunner" time="5.239">
    <system-out><![CDATA[
Scenario: Try Here Editor page with empty code                                &amp#27;[90m# src/test/resources/Features/Tree.feature:294&amp#27;[0m
  &amp#27;[32mGiven &amp#27;[0m&amp#27;[32mThe user is on the DS Introduction page as signedIn&amp#27;[0m          &amp#27;[90m# StepDefinitions.DSIntroductionDetails.the_user_is_on_the_ds_introduction_page_as_signed_in()&amp#27;[0m
  &amp#27;[32mAnd &amp#27;[0m&amp#27;[32mUser clicks on Get Started button from Tree panel&amp#27;[0m              &amp#27;[90m# StepDefinitions.Tree.user_clicks_on_get_started_button_from_tree_panel()&amp#27;[0m
  &amp#27;[32mGiven &amp#27;[0m&amp#27;[32mThe user is on the Implementation of Binary Trees page&amp#27;[0m       &amp#27;[90m# StepDefinitions.Tree.the_user_is_on_the_implementation_of_binary_trees_page()&amp#27;[0m
  &amp#27;[32mWhen &amp#27;[0m&amp#27;[32mThe user clicks Try Here button&amp#27;[0m                               &amp#27;[90m# StepDefinitions.Tree.the_user_clicks_try_here_button()&amp#27;[0m
  &amp#27;[32mThen &amp#27;[0m&amp#27;[32mThe user is redirected to a page having Editor and run button&amp#27;[0m &amp#27;[90m# StepDefinitions.Tree.the_user_is_redirected_to_a_page_having_editor_and_run_button()&amp#27;[0m
[INFO ] 2024-12-17 10:09:23.931 [TestNG-PoolService-3] Hooks - ======================  Test Execution is completed!! ======================
]]></system-out>
  </testcase>
  <testcase name="runScenario[&quot;Implementation of Binary Trees&quot;, &quot;Tree&quot;](197)" classname="TestRunners.TestRunner" time="6.87">
    <system-out><![CDATA[
Scenario: Try Here Editor page with empty code                                &amp#27;[90m# src/test/resources/Features/Tree.feature:294&amp#27;[0m
  &amp#27;[32mGiven &amp#27;[0m&amp#27;[32mThe user is on the DS Introduction page as signedIn&amp#27;[0m          &amp#27;[90m# StepDefinitions.DSIntroductionDetails.the_user_is_on_the_ds_introduction_page_as_signed_in()&amp#27;[0m
  &amp#27;[32mAnd &amp#27;[0m&amp#27;[32mUser clicks on Get Started button from Tree panel&amp#27;[0m              &amp#27;[90m# StepDefinitions.Tree.user_clicks_on_get_started_button_from_tree_panel()&amp#27;[0m
  &amp#27;[32mGiven &amp#27;[0m&amp#27;[32mThe user is on the Implementation of Binary Trees page&amp#27;[0m       &amp#27;[90m# StepDefinitions.Tree.the_user_is_on_the_implementation_of_binary_trees_page()&amp#27;[0m
  &amp#27;[32mGiven &amp#27;[0m&amp#27;[32mThe user is on the DS Introduction page as signedIn&amp#27;[0m                   &amp#27;[90m# StepDefinitions.DSIntroductionDetails.the_user_is_on_the_ds_introduction_page_as_signed_in()&amp#27;[0m
  &amp#27;[32mAnd &amp#27;[0m&amp#27;[32mUser clicks on Get Started button from Tree panel&amp#27;[0m                       &amp#27;[90m# StepDefinitions.Tree.user_clicks_on_get_started_button_from_tree_panel()&amp#27;[0m
  &amp#27;[32mWhen &amp#27;[0m&amp#27;[32mThe user clicks Try Here button&amp#27;[0m                               &amp#27;[90m# StepDefinitions.Tree.the_user_clicks_try_here_button()&amp#27;[0m
  &amp#27;[32mThen &amp#27;[0m&amp#27;[32mThe user is redirected to a page having Editor and run button&amp#27;[0m &amp#27;[90m# StepDefinitions.Tree.the_user_is_redirected_to_a_page_having_editor_and_run_button()&amp#27;[0m
[INFO ] 2024-12-17 10:23:49.392 [TestNG-PoolService-1] Hooks - ======================  Test Execution is completed!! ======================
  &amp#27;[32mGiven &amp#27;[0m&amp#27;[32mThe user is on the editor page of Implementation of Binary Trees page&amp#27;[0m &amp#27;[90m# StepDefinitions.Tree.the_user_is_on_the_editor_page_of_implementation_of_binary_trees_page()&amp#27;[0m
  &amp#27;[32mWhen &amp#27;[0m&amp#27;[32mThe user writes no code inside editor window and clicks on Run button&amp#27;[0m  &amp#27;[90m# StepDefinitions.Tree.the_user_writes_no_code_inside_editor_window_and_clicks_on_run_button()&amp#27;[0m
  &amp#27;[32mThen &amp#27;[0m&amp#27;[32mNothing happens to the Editor page and no error message is displayed&amp#27;[0m   &amp#27;[90m# StepDefinitions.Tree.nothing_happens_to_the_editor_page_and_no_error_message_is_displayed()&amp#27;[0m
[INFO ] 2024-12-17 10:23:50.364 [TestNG-PoolService-2] Hooks - ======================  Test Execution is completed!! ======================
]]></system-out>
    <system-err><![CDATA[Dec 17, 2024 10:23:45 AM org.openqa.selenium.devtools.CdpVersionFinder findNearestMatch
WARNING: Unable to find an exact match for CDP version 131, returning the closest version; found: 130; Please update to a Selenium version that supports CDP version 131
Dec 17, 2024 10:23:46 AM org.openqa.selenium.devtools.CdpVersionFinder findNearestMatch
WARNING: Unable to find an exact match for CDP version 131, returning the closest version; found: 130; Please update to a Selenium version that supports CDP version 131
]]></system-err>
  </testcase>
  <testcase name="runScenario[&quot;Try Here Editor page with valid data&quot;, &quot;Tree&quot;](199)" classname="TestRunners.TestRunner" time="7.442">
    <system-out><![CDATA[
Scenario: Try Here Editor page with invalid data                              &amp#27;[90m# src/test/resources/Features/Tree.feature:306&amp#27;[0m
  &amp#27;[32mGiven &amp#27;[0m&amp#27;[32mThe user is on the DS Introduction page as signedIn&amp#27;[0m                   &amp#27;[90m# StepDefinitions.DSIntroductionDetails.the_user_is_on_the_ds_introduction_page_as_signed_in()&amp#27;[0m
  &amp#27;[32mAnd &amp#27;[0m&amp#27;[32mUser clicks on Get Started button from Tree panel&amp#27;[0m                       &amp#27;[90m# StepDefinitions.Tree.user_clicks_on_get_started_button_from_tree_panel()&amp#27;[0m
  &amp#27;[32mGiven &amp#27;[0m&amp#27;[32mThe user is on the editor page of Implementation of Binary Trees page&amp#27;[0m &amp#27;[90m# StepDefinitions.Tree.the_user_is_on_the_editor_page_of_implementation_of_binary_trees_page()&amp#27;[0m
  &amp#27;[32mWhen &amp#27;[0m&amp#27;[32mThe user writes the valid python code and clicks on Run button&amp#27;[0m &amp#27;[90m# StepDefinitions.Tree.the_user_writes_the_valid_python_code_and_clicks_on_run_button()&amp#27;[0m
  &amp#27;[32mThen &amp#27;[0m&amp#27;[32mThe user is able to see the output inside the console.&amp#27;[0m         &amp#27;[90m# StepDefinitions.Tree.the_user_is_able_to_see_the_output_inside_the_console()&amp#27;[0m
[INFO ] 2024-12-17 10:09:36.789 [TestNG-PoolService-1] Hooks - ======================  Test Execution is completed!! ======================
  &amp#27;[32mGiven &amp#27;[0m&amp#27;[32mThe user is on the DS Introduction page as signedIn&amp#27;[0m                   &amp#27;[90m# StepDefinitions.DSIntroductionDetails.the_user_is_on_the_ds_introduction_page_as_signed_in()&amp#27;[0m
  &amp#27;[32mAnd &amp#27;[0m&amp#27;[32mUser clicks on Get Started button from Tree panel&amp#27;[0m                       &amp#27;[90m# StepDefinitions.Tree.user_clicks_on_get_started_button_from_tree_panel()&amp#27;[0m
]]></system-out>
  </testcase>
  <testcase name="runScenario[&quot;Try Here Editor page with invalid data&quot;, &quot;Tree&quot;](200)" classname="TestRunners.TestRunner" time="3.374">
    <failure message="Build info: version: &apos;4.26.0&apos;, revision: &apos;8ccf0219d7&apos;&#10;System info: os.name: &apos;Windows 11&apos;, os.arch: &apos;amd64&apos;, os.version: &apos;10.0&apos;, java.version: &apos;21.0.5&apos;&#10;Driver info: org.openqa.selenium.firefox.FirefoxDriver&#10;Command: [9d6567fb-f31d-4601-aa37-0449fd7aecdd, getAlertText {}]&#10;Capabilities {acceptInsecureCerts: true, browserName: firefox, browserVersion: 133.0.3, moz:accessibilityChecks: false, moz:buildID: 20241209150345, moz:debuggerAddress: 127.0.0.1:12295, moz:geckodriverVersion: 0.35.0, moz:headless: false, moz:platformVersion: 10.0, moz:processID: 15852, moz:profile: C:\Users\vamsh\AppData\Loca..., moz:shutdownTimeout: 60000, moz:webdriverClick: true, moz:windowless: false, pageLoadStrategy: normal, platformName: windows, proxy: Proxy(), se:cdp: ws://127.0.0.1:12295/devtoo..., se:cdpVersion: 85.0, setWindowRect: true, strictFileInteractability: false, timeouts: {implicit: 0, pageLoad: 300000, script: 30000}, unhandledPromptBehavior: dismiss and notify, userAgent: Mozilla/5.0 (Windows NT 10....}&#10;Session ID: 9d6567fb-f31d-4601-aa37-0449fd7aecdd" type="org.openqa.selenium.NoAlertPresentException"><![CDATA[org.openqa.selenium.NoAlertPresentException: 
Build info: version: '4.26.0', revision: '8ccf0219d7'
System info: os.name: 'Windows 11', os.arch: 'amd64', os.version: '10.0', java.version: '21.0.5'
Driver info: org.openqa.selenium.firefox.FirefoxDriver
Command: [9d6567fb-f31d-4601-aa37-0449fd7aecdd, getAlertText {}]
Capabilities {acceptInsecureCerts: true, browserName: firefox, browserVersion: 133.0.3, moz:accessibilityChecks: false, moz:buildID: 20241209150345, moz:debuggerAddress: 127.0.0.1:12295, moz:geckodriverVersion: 0.35.0, moz:headless: false, moz:platformVersion: 10.0, moz:processID: 15852, moz:profile: C:\Users\vamsh\AppData\Loca..., moz:shutdownTimeout: 60000, moz:webdriverClick: true, moz:windowless: false, pageLoadStrategy: normal, platformName: windows, proxy: Proxy(), se:cdp: ws://127.0.0.1:12295/devtoo..., se:cdpVersion: 85.0, setWindowRect: true, strictFileInteractability: false, timeouts: {implicit: 0, pageLoad: 300000, script: 30000}, unhandledPromptBehavior: dismiss and notify, userAgent: Mozilla/5.0 (Windows NT 10....}
Session ID: 9d6567fb-f31d-4601-aa37-0449fd7aecdd
]]></failure>
    <system-out><![CDATA[
Scenario: Implementation of Binary Trees                            &amp#27;[90m# src/test/resources/Features/Tree.feature:312&amp#27;[0m
  &amp#27;[32mGiven &amp#27;[0m&amp#27;[32mThe user is on the editor page of Implementation of Binary Trees page&amp#27;[0m &amp#27;[90m# StepDefinitions.Tree.the_user_is_on_the_editor_page_of_implementation_of_binary_trees_page()&amp#27;[0m
  &amp#27;[32mWhen &amp#27;[0m&amp#27;[32mThe user writes the invalid python code and clicks on Run button&amp#27;[0m       &amp#27;[90m# StepDefinitions.Tree.the_user_writes_the_invalid_python_code_and_clicks_on_run_button()&amp#27;[0m
  &amp#27;[31mThen &amp#27;[0m&amp#27;[31mThe user see error msg in alert window&amp#27;[0m                                 &amp#27;[90m# StepDefinitions.Tree.the_user_see_error_msg_in_alert_window()&amp#27;[0m
      &amp#27;[31morg.openqa.selenium.NoAlertPresentException: Build info: version: '4.26.0', revision: '8ccf0219d7'
System info: os.name: 'Windows 11', os.arch: 'amd64', os.version: '10.0', java.version: '21.0.5'
Driver info: org.openqa.selenium.firefox.FirefoxDriver
Command: [9d6567fb-f31d-4601-aa37-0449fd7aecdd, getAlertText {}]
Capabilities {acceptInsecureCerts: true, browserName: firefox, browserVersion: 133.0.3, moz:accessibilityChecks: false, moz:buildID: 20241209150345, moz:debuggerAddress: 127.0.0.1:12295, moz:geckodriverVersion: 0.35.0, moz:headless: false, moz:platformVersion: 10.0, moz:processID: 15852, moz:profile: C:\Users\vamsh\AppData\Loca..., moz:shutdownTimeout: 60000, moz:webdriverClick: true, moz:windowless: false, pageLoadStrategy: normal, platformName: windows, proxy: Proxy(), se:cdp: ws://127.0.0.1:12295/devtoo..., se:cdpVersion: 85.0, setWindowRect: true, strictFileInteractability: false, timeouts: {implicit: 0, pageLoad: 300000, script: 30000}, unhandledPromptBehavior: dismiss and notify, userAgent: Mozilla/5.0 (Windows NT 10....}
Session ID: 9d6567fb-f31d-4601-aa37-0449fd7aecdd
	at java.base/jdk.internal.reflect.DirectConstructorHandleAccessor.newInstance(DirectConstructorHandleAccessor.java:62)
	at java.base/java.lang.reflect.Constructor.newInstanceWithCaller(Constructor.java:502)
	at java.base/java.lang.reflect.Constructor.newInstance(Constructor.java:486)
	at org.openqa.selenium.remote.ErrorCodec.decode(ErrorCodec.java:167)
	at org.openqa.selenium.remote.codec.w3c.W3CHttpResponseCodec.decode(W3CHttpResponseCodec.java:138)
	at org.openqa.selenium.remote.codec.w3c.W3CHttpResponseCodec.decode(W3CHttpResponseCodec.java:50)
	at org.openqa.selenium.remote.HttpCommandExecutor.execute(HttpCommandExecutor.java:190)
	at org.openqa.selenium.remote.service.DriverCommandExecutor.invokeExecute(DriverCommandExecutor.java:216)
	at org.openqa.selenium.remote.service.DriverCommandExecutor.execute(DriverCommandExecutor.java:174)
	at org.openqa.selenium.remote.RemoteWebDriver.execute(RemoteWebDriver.java:545)
	at org.openqa.selenium.remote.RemoteWebDriver.execute(RemoteWebDriver.java:618)
	at org.openqa.selenium.remote.RemoteWebDriver.execute(RemoteWebDriver.java:622)
	at org.openqa.selenium.remote.RemoteWebDriver$RemoteTargetLocator.alert(RemoteWebDriver.java:1190)
	at PageObjects.IntroductionPage.getAlertText(IntroductionPage.java:134)
	at StepDefinitions.Tree.the_user_see_error_msg_in_alert_window(Tree.java:113)
	at ✽.The user see error msg in alert window(file:///C:/Projects/newFolder-3/Repo1/src/test/resources/Features/Tree.feature:310)
&amp#27;[0m
[ERROR] 2024-12-17 10:09:38.894 [TestNG-PoolService-2] Hooks - ======================  TEST CASE FAILED !! ======================

    Embedding screenshot [image/png 37860 bytes]

[INFO ] 2024-12-17 10:09:38.932 [TestNG-PoolService-2] Hooks - ======================  Screenshot is captured  ======================
[INFO ] 2024-12-17 10:09:38.932 [TestNG-PoolService-2] Hooks - ======================  Test Execution is completed!! ======================
]]></system-out>
  </testcase>
  <testcase name="runScenario[&quot;Implementation of Binary Trees&quot;, &quot;Tree&quot;](201)" classname="TestRunners.TestRunner" time="6.772">
    <system-out><![CDATA[
Scenario: Applications of Binary trees                               &amp#27;[90m# src/test/resources/Features/Tree.feature:319&amp#27;[0m
  &amp#27;[32mGiven &amp#27;[0m&amp#27;[32mThe user is on the DS Introduction page as signedIn&amp#27;[0m         &amp#27;[90m# StepDefinitions.DSIntroductionDetails.the_user_is_on_the_ds_introduction_page_as_signed_in()&amp#27;[0m
  &amp#27;[32mAnd &amp#27;[0m&amp#27;[32mUser clicks on Get Started button from Tree panel&amp#27;[0m             &amp#27;[90m# StepDefinitions.Tree.user_clicks_on_get_started_button_from_tree_panel()&amp#27;[0m
  &amp#27;[32mGiven &amp#27;[0m&amp#27;[32mThe user is on the Implementation of Binary Trees page&amp#27;[0m      &amp#27;[90m# StepDefinitions.Tree.the_user_is_on_the_implementation_of_binary_trees_page()&amp#27;[0m
  &amp#27;[32mWhen &amp#27;[0m&amp#27;[32mThe user clicks Applications of Binary trees link&amp#27;[0m            &amp#27;[90m# StepDefinitions.Tree.the_user_clicks_applications_of_binary_trees_link()&amp#27;[0m
  &amp#27;[32mThen &amp#27;[0m&amp#27;[32mThe user is redirected to Applications of Binary trees page.&amp#27;[0m &amp#27;[90m# StepDefinitions.Tree.the_user_is_redirected_to_applications_of_binary_trees_page()&amp#27;[0m
[INFO ] 2024-12-17 10:09:47.072 [TestNG-PoolService-1] Hooks - ======================  Test Execution is completed!! ======================
  &amp#27;[32mGiven &amp#27;[0m&amp#27;[32mThe user is on the DS Introduction page as signedIn&amp#27;[0m          &amp#27;[90m# StepDefinitions.DSIntroductionDetails.the_user_is_on_the_ds_introduction_page_as_signed_in()&amp#27;[0m
]]></system-out>
  </testcase>
  <testcase name="runScenario[&quot;Applications of Binary trees&quot;, &quot;Tree&quot;](202)" classname="TestRunners.TestRunner" time="3.03">
    <system-out><![CDATA[
Scenario: Try Here Editor page with empty code                               &amp#27;[90m# src/test/resources/Features/Tree.feature:325&amp#27;[0m
  &amp#27;[32mAnd &amp#27;[0m&amp#27;[32mUser clicks on Get Started button from Tree panel&amp#27;[0m              &amp#27;[90m# StepDefinitions.Tree.user_clicks_on_get_started_button_from_tree_panel()&amp#27;[0m
  &amp#27;[32mGiven &amp#27;[0m&amp#27;[32mThe user is on the Applications of Binary trees page&amp#27;[0m         &amp#27;[90m# StepDefinitions.Tree.the_user_is_on_the_applications_of_binary_trees_page()&amp#27;[0m
  &amp#27;[32mWhen &amp#27;[0m&amp#27;[32mThe user clicks Try Here button&amp#27;[0m                               &amp#27;[90m# StepDefinitions.Tree.the_user_clicks_try_here_button()&amp#27;[0m
  &amp#27;[32mThen &amp#27;[0m&amp#27;[32mThe user is redirected to a page having Editor and run button&amp#27;[0m &amp#27;[90m# StepDefinitions.Tree.the_user_is_redirected_to_a_page_having_editor_and_run_button()&amp#27;[0m
[INFO ] 2024-12-17 10:09:49.782 [TestNG-PoolService-2] Hooks - ======================  Test Execution is completed!! ======================
]]></system-out>
  </testcase>
  <testcase name="runScenario[&quot;Applications of Binary trees&quot;, &quot;Tree&quot;](202)" classname="TestRunners.TestRunner" time="6.888">
    <system-out><![CDATA[
Scenario: Try Here Editor page with empty code                               &amp#27;[90m# src/test/resources/Features/Tree.feature:325&amp#27;[0m
  &amp#27;[32mGiven &amp#27;[0m&amp#27;[32mThe user is on the DS Introduction page as signedIn&amp#27;[0m          &amp#27;[90m# StepDefinitions.DSIntroductionDetails.the_user_is_on_the_ds_introduction_page_as_signed_in()&amp#27;[0m
  &amp#27;[32mAnd &amp#27;[0m&amp#27;[32mUser clicks on Get Started button from Tree panel&amp#27;[0m              &amp#27;[90m# StepDefinitions.Tree.user_clicks_on_get_started_button_from_tree_panel()&amp#27;[0m
  &amp#27;[32mGiven &amp#27;[0m&amp#27;[32mThe user is on the Applications of Binary trees page&amp#27;[0m         &amp#27;[90m# StepDefinitions.Tree.the_user_is_on_the_applications_of_binary_trees_page()&amp#27;[0m
  &amp#27;[32mGiven &amp#27;[0m&amp#27;[32mThe user is on the DS Introduction page as signedIn&amp#27;[0m                  &amp#27;[90m# StepDefinitions.DSIntroductionDetails.the_user_is_on_the_ds_introduction_page_as_signed_in()&amp#27;[0m
  &amp#27;[32mWhen &amp#27;[0m&amp#27;[32mThe user clicks Try Here button&amp#27;[0m                               &amp#27;[90m# StepDefinitions.Tree.the_user_clicks_try_here_button()&amp#27;[0m
  &amp#27;[32mAnd &amp#27;[0m&amp#27;[32mUser clicks on Get Started button from Tree panel&amp#27;[0m                      &amp#27;[90m# StepDefinitions.Tree.user_clicks_on_get_started_button_from_tree_panel()&amp#27;[0m
  &amp#27;[32mThen &amp#27;[0m&amp#27;[32mThe user is redirected to a page having Editor and run button&amp#27;[0m &amp#27;[90m# StepDefinitions.Tree.the_user_is_redirected_to_a_page_having_editor_and_run_button()&amp#27;[0m
[INFO ] 2024-12-17 10:24:12.250 [TestNG-PoolService-2] Hooks - ======================  Test Execution is completed!! ======================
  &amp#27;[32mGiven &amp#27;[0m&amp#27;[32mThe user is on the editor page of Applications of Binary trees page&amp#27;[0m  &amp#27;[90m# StepDefinitions.Tree.the_user_is_on_the_editor_page_of_applications_of_binary_trees_page()&amp#27;[0m
  &amp#27;[32mWhen &amp#27;[0m&amp#27;[32mThe user writes no code inside editor window and clicks on Run button&amp#27;[0m &amp#27;[90m# StepDefinitions.Tree.the_user_writes_no_code_inside_editor_window_and_clicks_on_run_button()&amp#27;[0m
  &amp#27;[32mThen &amp#27;[0m&amp#27;[32mNothing happens to the Editor page and no error message is displayed&amp#27;[0m  &amp#27;[90m# StepDefinitions.Tree.nothing_happens_to_the_editor_page_and_no_error_message_is_displayed()&amp#27;[0m
[INFO ] 2024-12-17 10:24:13.415 [TestNG-PoolService-3] Hooks - ======================  Test Execution is completed!! ======================
]]></system-out>
    <system-err><![CDATA[Dec 17, 2024 10:24:08 AM org.openqa.selenium.devtools.CdpVersionFinder findNearestMatch
WARNING: Unable to find an exact match for CDP version 131, returning the closest version; found: 130; Please update to a Selenium version that supports CDP version 131
Dec 17, 2024 10:24:09 AM org.openqa.selenium.devtools.CdpVersionFinder findNearestMatch
WARNING: Unable to find an exact match for CDP version 131, returning the closest version; found: 130; Please update to a Selenium version that supports CDP version 131
]]></system-err>
  </testcase>
  <testcase name="runScenario[&quot;Try Here Editor page with valid data&quot;, &quot;Tree&quot;](204)" classname="TestRunners.TestRunner" time="7.699">
    <failure message="expected [hello] but found []" type="java.lang.AssertionError"><![CDATA[java.lang.AssertionError: expected [hello] but found []
]]></failure>
    <system-out><![CDATA[
Scenario: Try Here Editor page with invalid data                            &amp#27;[90m# src/test/resources/Features/Tree.feature:337&amp#27;[0m
  &amp#27;[32mGiven &amp#27;[0m&amp#27;[32mThe user is on the editor page of Applications of Binary trees page&amp#27;[0m &amp#27;[90m# StepDefinitions.Tree.the_user_is_on_the_editor_page_of_applications_of_binary_trees_page()&amp#27;[0m
  &amp#27;[32mGiven &amp#27;[0m&amp#27;[32mThe user is on the DS Introduction page as signedIn&amp#27;[0m                 &amp#27;[90m# StepDefinitions.DSIntroductionDetails.the_user_is_on_the_ds_introduction_page_as_signed_in()&amp#27;[0m
  &amp#27;[32mAnd &amp#27;[0m&amp#27;[32mUser clicks on Get Started button from Tree panel&amp#27;[0m                     &amp#27;[90m# StepDefinitions.Tree.user_clicks_on_get_started_button_from_tree_panel()&amp#27;[0m
  &amp#27;[32mWhen &amp#27;[0m&amp#27;[32mThe user writes the valid python code and clicks on Run button&amp#27;[0m         &amp#27;[90m# StepDefinitions.Tree.the_user_writes_the_valid_python_code_and_clicks_on_run_button()&amp#27;[0m
  &amp#27;[31mThen &amp#27;[0m&amp#27;[31mThe user is able to see the output inside the console.&amp#27;[0m                 &amp#27;[90m# StepDefinitions.Tree.the_user_is_able_to_see_the_output_inside_the_console()&amp#27;[0m
      &amp#27;[31mjava.lang.AssertionError: expected [hello] but found []
	at org.testng.Assert.fail(Assert.java:111)
	at org.testng.Assert.failNotEquals(Assert.java:1578)
	at org.testng.Assert.assertEqualsImpl(Assert.java:150)
	at org.testng.Assert.assertEquals(Assert.java:132)
	at org.testng.Assert.assertEquals(Assert.java:656)
	at org.testng.Assert.assertEquals(Assert.java:666)
	at StepDefinitions.Tree.the_user_is_able_to_see_the_output_inside_the_console(Tree.java:101)
	at ✽.The user is able to see the output inside the console.(file:///C:/Projects/newFolder-3/Repo1/src/test/resources/Features/Tree.feature:304)
&amp#27;[0m
[ERROR] 2024-12-17 10:10:04.518 [TestNG-PoolService-3] Hooks - ======================  TEST CASE FAILED !! ======================

    Embedding screenshot [image/png 37860 bytes]

[INFO ] 2024-12-17 10:10:04.591 [TestNG-PoolService-3] Hooks - ======================  Screenshot is captured  ======================
[INFO ] 2024-12-17 10:10:04.593 [TestNG-PoolService-3] Hooks - ======================  Test Execution is completed!! ======================
  &amp#27;[32mGiven &amp#27;[0m&amp#27;[32mThe user is on the editor page of Applications of Binary trees page&amp#27;[0m &amp#27;[90m# StepDefinitions.Tree.the_user_is_on_the_editor_page_of_applications_of_binary_trees_page()&amp#27;[0m
  &amp#27;[32mWhen &amp#27;[0m&amp#27;[32mThe user writes the invalid python code and clicks on Run button&amp#27;[0m     &amp#27;[90m# StepDefinitions.Tree.the_user_writes_the_invalid_python_code_and_clicks_on_run_button()&amp#27;[0m
  &amp#27;[31mThen &amp#27;[0m&amp#27;[31mThe user see error msg in alert window&amp#27;[0m                               &amp#27;[90m# StepDefinitions.Tree.the_user_see_error_msg_in_alert_window()&amp#27;[0m
      &amp#27;[31morg.openqa.selenium.NoAlertPresentException: Build info: version: '4.26.0', revision: '8ccf0219d7'
System info: os.name: 'Windows 11', os.arch: 'amd64', os.version: '10.0', java.version: '21.0.5'
Driver info: org.openqa.selenium.firefox.FirefoxDriver
Command: [249a6f9c-ddbc-4f4d-9108-a2f6a763215b, getAlertText {}]
Capabilities {acceptInsecureCerts: true, browserName: firefox, browserVersion: 133.0.3, moz:accessibilityChecks: false, moz:buildID: 20241209150345, moz:debuggerAddress: 127.0.0.1:9098, moz:geckodriverVersion: 0.35.0, moz:headless: false, moz:platformVersion: 10.0, moz:processID: 7268, moz:profile: C:\Users\vamsh\AppData\Loca..., moz:shutdownTimeout: 60000, moz:webdriverClick: true, moz:windowless: false, pageLoadStrategy: normal, platformName: windows, proxy: Proxy(), se:cdp: ws://127.0.0.1:9098/devtool..., se:cdpVersion: 85.0, setWindowRect: true, strictFileInteractability: false, timeouts: {implicit: 0, pageLoad: 300000, script: 30000}, unhandledPromptBehavior: dismiss and notify, userAgent: Mozilla/5.0 (Windows NT 10....}
Session ID: 249a6f9c-ddbc-4f4d-9108-a2f6a763215b
	at java.base/jdk.internal.reflect.DirectConstructorHandleAccessor.newInstance(DirectConstructorHandleAccessor.java:62)
	at java.base/java.lang.reflect.Constructor.newInstanceWithCaller(Constructor.java:502)
	at java.base/java.lang.reflect.Constructor.newInstance(Constructor.java:486)
	at org.openqa.selenium.remote.ErrorCodec.decode(ErrorCodec.java:167)
	at org.openqa.selenium.remote.codec.w3c.W3CHttpResponseCodec.decode(W3CHttpResponseCodec.java:138)
	at org.openqa.selenium.remote.codec.w3c.W3CHttpResponseCodec.decode(W3CHttpResponseCodec.java:50)
	at org.openqa.selenium.remote.HttpCommandExecutor.execute(HttpCommandExecutor.java:190)
	at org.openqa.selenium.remote.service.DriverCommandExecutor.invokeExecute(DriverCommandExecutor.java:216)
	at org.openqa.selenium.remote.service.DriverCommandExecutor.execute(DriverCommandExecutor.java:174)
	at org.openqa.selenium.remote.RemoteWebDriver.execute(RemoteWebDriver.java:545)
	at org.openqa.selenium.remote.RemoteWebDriver.execute(RemoteWebDriver.java:618)
	at org.openqa.selenium.remote.RemoteWebDriver.execute(RemoteWebDriver.java:622)
	at org.openqa.selenium.remote.RemoteWebDriver$RemoteTargetLocator.alert(RemoteWebDriver.java:1190)
	at PageObjects.IntroductionPage.getAlertText(IntroductionPage.java:134)
	at StepDefinitions.Tree.the_user_see_error_msg_in_alert_window(Tree.java:113)
	at ✽.The user see error msg in alert window(file:///C:/Projects/newFolder-3/Repo1/src/test/resources/Features/Tree.feature:341)
&amp#27;[0m
[ERROR] 2024-12-17 10:10:05.938 [TestNG-PoolService-1] Hooks - ======================  TEST CASE FAILED !! ======================

    Embedding screenshot [image/png 37860 bytes]

[INFO ] 2024-12-17 10:10:05.985 [TestNG-PoolService-1] Hooks - ======================  Screenshot is captured  ======================
[INFO ] 2024-12-17 10:10:05.986 [TestNG-PoolService-1] Hooks - ======================  Test Execution is completed!! ======================
]]></system-out>
  </testcase>
  <testcase name="runScenario[&quot;Try Here Editor page with invalid data&quot;, &quot;Tree&quot;](205)" classname="TestRunners.TestRunner" time="0.903">
    <failure message="Build info: version: &apos;4.26.0&apos;, revision: &apos;8ccf0219d7&apos;&#10;System info: os.name: &apos;Windows 11&apos;, os.arch: &apos;amd64&apos;, os.version: &apos;10.0&apos;, java.version: &apos;21.0.5&apos;&#10;Driver info: org.openqa.selenium.firefox.FirefoxDriver&#10;Command: [249a6f9c-ddbc-4f4d-9108-a2f6a763215b, getAlertText {}]&#10;Capabilities {acceptInsecureCerts: true, browserName: firefox, browserVersion: 133.0.3, moz:accessibilityChecks: false, moz:buildID: 20241209150345, moz:debuggerAddress: 127.0.0.1:9098, moz:geckodriverVersion: 0.35.0, moz:headless: false, moz:platformVersion: 10.0, moz:processID: 7268, moz:profile: C:\Users\vamsh\AppData\Loca..., moz:shutdownTimeout: 60000, moz:webdriverClick: true, moz:windowless: false, pageLoadStrategy: normal, platformName: windows, proxy: Proxy(), se:cdp: ws://127.0.0.1:9098/devtool..., se:cdpVersion: 85.0, setWindowRect: true, strictFileInteractability: false, timeouts: {implicit: 0, pageLoad: 300000, script: 30000}, unhandledPromptBehavior: dismiss and notify, userAgent: Mozilla/5.0 (Windows NT 10....}&#10;Session ID: 249a6f9c-ddbc-4f4d-9108-a2f6a763215b" type="org.openqa.selenium.NoAlertPresentException"><![CDATA[org.openqa.selenium.NoAlertPresentException: 
Build info: version: '4.26.0', revision: '8ccf0219d7'
System info: os.name: 'Windows 11', os.arch: 'amd64', os.version: '10.0', java.version: '21.0.5'
Driver info: org.openqa.selenium.firefox.FirefoxDriver
Command: [249a6f9c-ddbc-4f4d-9108-a2f6a763215b, getAlertText {}]
Capabilities {acceptInsecureCerts: true, browserName: firefox, browserVersion: 133.0.3, moz:accessibilityChecks: false, moz:buildID: 20241209150345, moz:debuggerAddress: 127.0.0.1:9098, moz:geckodriverVersion: 0.35.0, moz:headless: false, moz:platformVersion: 10.0, moz:processID: 7268, moz:profile: C:\Users\vamsh\AppData\Loca..., moz:shutdownTimeout: 60000, moz:webdriverClick: true, moz:windowless: false, pageLoadStrategy: normal, platformName: windows, proxy: Proxy(), se:cdp: ws://127.0.0.1:9098/devtool..., se:cdpVersion: 85.0, setWindowRect: true, strictFileInteractability: false, timeouts: {implicit: 0, pageLoad: 300000, script: 30000}, unhandledPromptBehavior: dismiss and notify, userAgent: Mozilla/5.0 (Windows NT 10....}
Session ID: 249a6f9c-ddbc-4f4d-9108-a2f6a763215b
]]></failure>
    <system-out><![CDATA[
Scenario: Applications of Binary trees                       &amp#27;[90m# src/test/resources/Features/Tree.feature:343&amp#27;[0m
]]></system-out>
  </testcase>
  <testcase name="runScenario[&quot;Applications of Binary trees&quot;, &quot;Tree&quot;](206)" classname="TestRunners.TestRunner" time="7.927">
    <system-out><![CDATA[
Scenario: Binary Search Trees                                        &amp#27;[90m# src/test/resources/Features/Tree.feature:350&amp#27;[0m
  &amp#27;[32mGiven &amp#27;[0m&amp#27;[32mThe user is on the DS Introduction page as signedIn&amp#27;[0m  &amp#27;[90m# StepDefinitions.DSIntroductionDetails.the_user_is_on_the_ds_introduction_page_as_signed_in()&amp#27;[0m
  &amp#27;[32mAnd &amp#27;[0m&amp#27;[32mUser clicks on Get Started button from Tree panel&amp#27;[0m      &amp#27;[90m# StepDefinitions.Tree.user_clicks_on_get_started_button_from_tree_panel()&amp#27;[0m
  &amp#27;[32mGiven &amp#27;[0m&amp#27;[32mThe user is on the Applications of Binary trees page&amp#27;[0m &amp#27;[90m# StepDefinitions.Tree.the_user_is_on_the_applications_of_binary_trees_page()&amp#27;[0m
  &amp#27;[32mWhen &amp#27;[0m&amp#27;[32mThe user clicks Binary Search Trees link&amp#27;[0m              &amp#27;[90m# StepDefinitions.Tree.the_user_clicks_binary_search_trees_link()&amp#27;[0m
  &amp#27;[32mThen &amp#27;[0m&amp#27;[32mThe user is redirected to Binary Search Trees page.&amp#27;[0m   &amp#27;[90m# StepDefinitions.Tree.the_user_is_redirected_to_binary_search_trees_page()&amp#27;[0m
[INFO ] 2024-12-17 10:10:13.375 [TestNG-PoolService-3] Hooks - ======================  Test Execution is completed!! ======================
  &amp#27;[32mGiven &amp#27;[0m&amp#27;[32mThe user is on the DS Introduction page as signedIn&amp#27;[0m          &amp#27;[90m# StepDefinitions.DSIntroductionDetails.the_user_is_on_the_ds_introduction_page_as_signed_in()&amp#27;[0m
  &amp#27;[32mAnd &amp#27;[0m&amp#27;[32mUser clicks on Get Started button from Tree panel&amp#27;[0m              &amp#27;[90m# StepDefinitions.Tree.user_clicks_on_get_started_button_from_tree_panel()&amp#27;[0m
  &amp#27;[32mGiven &amp#27;[0m&amp#27;[32mThe user is on the Binary Search Trees page&amp#27;[0m                  &amp#27;[90m# StepDefinitions.Tree.the_user_is_on_the_binary_search_trees_page()&amp#27;[0m
]]></system-out>
  </testcase>
  <testcase name="runScenario[&quot;Applications of Binary trees&quot;, &quot;Tree&quot;](206)" classname="TestRunners.TestRunner" time="0.751">
    <system-out><![CDATA[
Scenario: Binary Search Trees                                        &amp#27;[90m# src/test/resources/Features/Tree.feature:350&amp#27;[0m
]]></system-out>
  </testcase>
  <testcase name="runScenario[&quot;Try Here Editor page with valid data&quot;, &quot;Tree&quot;](209)" classname="TestRunners.TestRunner" time="7.1">
    <system-out><![CDATA[
Scenario: Try Here Editor page with invalid data                        &amp#27;[90m# src/test/resources/Features/Tree.feature:368&amp#27;[0m
  &amp#27;[32mGiven &amp#27;[0m&amp#27;[32mThe user is on the editor page of Binary Search Trees page&amp#27;[0m    &amp#27;[90m# StepDefinitions.Tree.the_user_is_on_the_editor_page_of_binary_search_trees_page()&amp#27;[0m
  &amp#27;[32mWhen &amp#27;[0m&amp#27;[32mThe user writes the valid python code and clicks on Run button&amp#27;[0m       &amp#27;[90m# StepDefinitions.Tree.the_user_writes_the_valid_python_code_and_clicks_on_run_button()&amp#27;[0m
  &amp#27;[32mThen &amp#27;[0m&amp#27;[32mThe user is able to see the output inside the console.&amp#27;[0m               &amp#27;[90m# StepDefinitions.Tree.the_user_is_able_to_see_the_output_inside_the_console()&amp#27;[0m
[INFO ] 2024-12-17 10:10:30.344 [TestNG-PoolService-2] Hooks - ======================  Test Execution is completed!! ======================
  &amp#27;[32mGiven &amp#27;[0m&amp#27;[32mThe user is on the DS Introduction page as signedIn&amp#27;[0m             &amp#27;[90m# StepDefinitions.DSIntroductionDetails.the_user_is_on_the_ds_introduction_page_as_signed_in()&amp#27;[0m
  &amp#27;[32mAnd &amp#27;[0m&amp#27;[32mUser clicks on Get Started button from Tree panel&amp#27;[0m                 &amp#27;[90m# StepDefinitions.Tree.user_clicks_on_get_started_button_from_tree_panel()&amp#27;[0m
]]></system-out>
  </testcase>
  <testcase name="runScenario[&quot;Try Here Editor page with invalid data&quot;, &quot;Tree&quot;](210)" classname="TestRunners.TestRunner" time="2.2">
    <failure message="Build info: version: &apos;4.26.0&apos;, revision: &apos;8ccf0219d7&apos;&#10;System info: os.name: &apos;Windows 11&apos;, os.arch: &apos;amd64&apos;, os.version: &apos;10.0&apos;, java.version: &apos;21.0.5&apos;&#10;Driver info: org.openqa.selenium.firefox.FirefoxDriver&#10;Command: [320b9ccb-5a18-4cf6-9dc8-579e3fe0a700, getAlertText {}]&#10;Capabilities {acceptInsecureCerts: true, browserName: firefox, browserVersion: 133.0.3, moz:accessibilityChecks: false, moz:buildID: 20241209150345, moz:debuggerAddress: 127.0.0.1:24374, moz:geckodriverVersion: 0.35.0, moz:headless: false, moz:platformVersion: 10.0, moz:processID: 38992, moz:profile: C:\Users\vamsh\AppData\Loca..., moz:shutdownTimeout: 60000, moz:webdriverClick: true, moz:windowless: false, pageLoadStrategy: normal, platformName: windows, proxy: Proxy(), se:cdp: ws://127.0.0.1:24374/devtoo..., se:cdpVersion: 85.0, setWindowRect: true, strictFileInteractability: false, timeouts: {implicit: 0, pageLoad: 300000, script: 30000}, unhandledPromptBehavior: dismiss and notify, userAgent: Mozilla/5.0 (Windows NT 10....}&#10;Session ID: 320b9ccb-5a18-4cf6-9dc8-579e3fe0a700" type="org.openqa.selenium.NoAlertPresentException"><![CDATA[org.openqa.selenium.NoAlertPresentException: 
Build info: version: '4.26.0', revision: '8ccf0219d7'
System info: os.name: 'Windows 11', os.arch: 'amd64', os.version: '10.0', java.version: '21.0.5'
Driver info: org.openqa.selenium.firefox.FirefoxDriver
Command: [320b9ccb-5a18-4cf6-9dc8-579e3fe0a700, getAlertText {}]
Capabilities {acceptInsecureCerts: true, browserName: firefox, browserVersion: 133.0.3, moz:accessibilityChecks: false, moz:buildID: 20241209150345, moz:debuggerAddress: 127.0.0.1:24374, moz:geckodriverVersion: 0.35.0, moz:headless: false, moz:platformVersion: 10.0, moz:processID: 38992, moz:profile: C:\Users\vamsh\AppData\Loca..., moz:shutdownTimeout: 60000, moz:webdriverClick: true, moz:windowless: false, pageLoadStrategy: normal, platformName: windows, proxy: Proxy(), se:cdp: ws://127.0.0.1:24374/devtoo..., se:cdpVersion: 85.0, setWindowRect: true, strictFileInteractability: false, timeouts: {implicit: 0, pageLoad: 300000, script: 30000}, unhandledPromptBehavior: dismiss and notify, userAgent: Mozilla/5.0 (Windows NT 10....}
Session ID: 320b9ccb-5a18-4cf6-9dc8-579e3fe0a700
]]></failure>
    <system-out><![CDATA[
Scenario: Binary Search Trees                                &amp#27;[90m# src/test/resources/Features/Tree.feature:374&amp#27;[0m
  &amp#27;[32mGiven &amp#27;[0m&amp#27;[32mThe user is on the editor page of Binary Search Trees page&amp#27;[0m      &amp#27;[90m# StepDefinitions.Tree.the_user_is_on_the_editor_page_of_binary_search_trees_page()&amp#27;[0m
  &amp#27;[32mWhen &amp#27;[0m&amp#27;[32mThe user writes the invalid python code and clicks on Run button&amp#27;[0m &amp#27;[90m# StepDefinitions.Tree.the_user_writes_the_invalid_python_code_and_clicks_on_run_button()&amp#27;[0m
  &amp#27;[31mThen &amp#27;[0m&amp#27;[31mThe user see error msg in alert window&amp#27;[0m                           &amp#27;[90m# StepDefinitions.Tree.the_user_see_error_msg_in_alert_window()&amp#27;[0m
      &amp#27;[31morg.openqa.selenium.NoAlertPresentException: Build info: version: '4.26.0', revision: '8ccf0219d7'
System info: os.name: 'Windows 11', os.arch: 'amd64', os.version: '10.0', java.version: '21.0.5'
Driver info: org.openqa.selenium.firefox.FirefoxDriver
Command: [320b9ccb-5a18-4cf6-9dc8-579e3fe0a700, getAlertText {}]
Capabilities {acceptInsecureCerts: true, browserName: firefox, browserVersion: 133.0.3, moz:accessibilityChecks: false, moz:buildID: 20241209150345, moz:debuggerAddress: 127.0.0.1:24374, moz:geckodriverVersion: 0.35.0, moz:headless: false, moz:platformVersion: 10.0, moz:processID: 38992, moz:profile: C:\Users\vamsh\AppData\Loca..., moz:shutdownTimeout: 60000, moz:webdriverClick: true, moz:windowless: false, pageLoadStrategy: normal, platformName: windows, proxy: Proxy(), se:cdp: ws://127.0.0.1:24374/devtoo..., se:cdpVersion: 85.0, setWindowRect: true, strictFileInteractability: false, timeouts: {implicit: 0, pageLoad: 300000, script: 30000}, unhandledPromptBehavior: dismiss and notify, userAgent: Mozilla/5.0 (Windows NT 10....}
Session ID: 320b9ccb-5a18-4cf6-9dc8-579e3fe0a700
	at java.base/jdk.internal.reflect.DirectConstructorHandleAccessor.newInstance(DirectConstructorHandleAccessor.java:62)
	at java.base/java.lang.reflect.Constructor.newInstanceWithCaller(Constructor.java:502)
	at java.base/java.lang.reflect.Constructor.newInstance(Constructor.java:486)
	at org.openqa.selenium.remote.ErrorCodec.decode(ErrorCodec.java:167)
	at org.openqa.selenium.remote.codec.w3c.W3CHttpResponseCodec.decode(W3CHttpResponseCodec.java:138)
	at org.openqa.selenium.remote.codec.w3c.W3CHttpResponseCodec.decode(W3CHttpResponseCodec.java:50)
	at org.openqa.selenium.remote.HttpCommandExecutor.execute(HttpCommandExecutor.java:190)
	at org.openqa.selenium.remote.service.DriverCommandExecutor.invokeExecute(DriverCommandExecutor.java:216)
	at org.openqa.selenium.remote.service.DriverCommandExecutor.execute(DriverCommandExecutor.java:174)
	at org.openqa.selenium.remote.RemoteWebDriver.execute(RemoteWebDriver.java:545)
	at org.openqa.selenium.remote.RemoteWebDriver.execute(RemoteWebDriver.java:618)
	at org.openqa.selenium.remote.RemoteWebDriver.execute(RemoteWebDriver.java:622)
	at org.openqa.selenium.remote.RemoteWebDriver$RemoteTargetLocator.alert(RemoteWebDriver.java:1190)
	at PageObjects.IntroductionPage.getAlertText(IntroductionPage.java:134)
	at StepDefinitions.Tree.the_user_see_error_msg_in_alert_window(Tree.java:113)
	at ✽.The user see error msg in alert window(file:///C:/Projects/newFolder-3/Repo1/src/test/resources/Features/Tree.feature:372)
&amp#27;[0m
[ERROR] 2024-12-17 10:10:32.940 [TestNG-PoolService-3] Hooks - ======================  TEST CASE FAILED !! ======================

    Embedding screenshot [image/png 37860 bytes]

[INFO ] 2024-12-17 10:10:32.997 [TestNG-PoolService-3] Hooks - ======================  Screenshot is captured  ======================
[INFO ] 2024-12-17 10:10:32.999 [TestNG-PoolService-3] Hooks - ======================  Test Execution is completed!! ======================
]]></system-out>
  </testcase>
  <testcase name="runScenario[&quot;Binary Search Trees&quot;, &quot;Tree&quot;](211)" classname="TestRunners.TestRunner" time="6.16">
    <system-out><![CDATA[
Scenario: Implementation Of BST                                      &amp#27;[90m# src/test/resources/Features/Tree.feature:381&amp#27;[0m
  &amp#27;[32mGiven &amp#27;[0m&amp#27;[32mThe user is on the DS Introduction page as signedIn&amp#27;[0m  &amp#27;[90m# StepDefinitions.DSIntroductionDetails.the_user_is_on_the_ds_introduction_page_as_signed_in()&amp#27;[0m
  &amp#27;[32mAnd &amp#27;[0m&amp#27;[32mUser clicks on Get Started button from Tree panel&amp#27;[0m      &amp#27;[90m# StepDefinitions.Tree.user_clicks_on_get_started_button_from_tree_panel()&amp#27;[0m
  &amp#27;[32mGiven &amp#27;[0m&amp#27;[32mThe user is on the Binary Search Trees page&amp#27;[0m          &amp#27;[90m# StepDefinitions.Tree.the_user_is_on_the_binary_search_trees_page()&amp#27;[0m
  &amp#27;[32mWhen &amp#27;[0m&amp#27;[32mThe user clicks Implementation Of BST link&amp#27;[0m            &amp#27;[90m# StepDefinitions.Tree.the_user_clicks_implementation_of_bst_link()&amp#27;[0m
  &amp#27;[32mThen &amp#27;[0m&amp#27;[32mThe user is redirected to Implementation Of BST page.&amp#27;[0m &amp#27;[90m# StepDefinitions.Tree.the_user_is_redirected_to_implementation_of_bst_page()&amp#27;[0m
[INFO ] 2024-12-17 10:10:38.931 [TestNG-PoolService-2] Hooks - ======================  Test Execution is completed!! ======================
]]></system-out>
  </testcase>
  <testcase name="runScenario[&quot;Binary Search Trees&quot;, &quot;Tree&quot;](211)" classname="TestRunners.TestRunner" time="0.494">
    <system-out><![CDATA[
Scenario: Implementation Of BST                                      &amp#27;[90m# src/test/resources/Features/Tree.feature:381&amp#27;[0m
]]></system-out>
  </testcase>
  <testcase name="runScenario[&quot;Try Here Editor page with valid data&quot;, &quot;Tree&quot;](214)" classname="TestRunners.TestRunner" time="6.703">
    <system-out><![CDATA[
Scenario: Try Here Editor page with invalid data                        &amp#27;[90m# src/test/resources/Features/Tree.feature:399&amp#27;[0m
  &amp#27;[32mGiven &amp#27;[0m&amp#27;[32mThe user is on the DS Introduction page as signedIn&amp#27;[0m           &amp#27;[90m# StepDefinitions.DSIntroductionDetails.the_user_is_on_the_ds_introduction_page_as_signed_in()&amp#27;[0m
  &amp#27;[32mAnd &amp#27;[0m&amp#27;[32mUser clicks on Get Started button from Tree panel&amp#27;[0m               &amp#27;[90m# StepDefinitions.Tree.user_clicks_on_get_started_button_from_tree_panel()&amp#27;[0m
  &amp#27;[32mGiven &amp#27;[0m&amp#27;[32mThe user is on the editor page of Implementation Of BST page&amp#27;[0m  &amp#27;[90m# StepDefinitions.Tree.the_user_is_on_the_editor_page_of_implementation_of_bst_page()&amp#27;[0m
  &amp#27;[32mWhen &amp#27;[0m&amp#27;[32mThe user writes the valid python code and clicks on Run button&amp#27;[0m &amp#27;[90m# StepDefinitions.Tree.the_user_writes_the_valid_python_code_and_clicks_on_run_button()&amp#27;[0m
  &amp#27;[32mThen &amp#27;[0m&amp#27;[32mThe user is able to see the output inside the console.&amp#27;[0m         &amp#27;[90m# StepDefinitions.Tree.the_user_is_able_to_see_the_output_inside_the_console()&amp#27;[0m
[INFO ] 2024-12-17 10:10:55.900 [TestNG-PoolService-1] Hooks - ======================  Test Execution is completed!! ======================
  &amp#27;[32mGiven &amp#27;[0m&amp#27;[32mThe user is on the DS Introduction page as signedIn&amp#27;[0m             &amp#27;[90m# StepDefinitions.DSIntroductionDetails.the_user_is_on_the_ds_introduction_page_as_signed_in()&amp#27;[0m
  &amp#27;[32mAnd &amp#27;[0m&amp#27;[32mUser clicks on Get Started button from Tree panel&amp#27;[0m                 &amp#27;[90m# StepDefinitions.Tree.user_clicks_on_get_started_button_from_tree_panel()&amp#27;[0m
]]></system-out>
  </testcase>
  <testcase name="runScenario[&quot;Try Here Editor page with invalid data&quot;, &quot;Tree&quot;](215)" classname="TestRunners.TestRunner" time="2.424">
    <failure message="Build info: version: &apos;4.26.0&apos;, revision: &apos;8ccf0219d7&apos;&#10;System info: os.name: &apos;Windows 11&apos;, os.arch: &apos;amd64&apos;, os.version: &apos;10.0&apos;, java.version: &apos;21.0.5&apos;&#10;Driver info: org.openqa.selenium.firefox.FirefoxDriver&#10;Command: [9d5eb811-223f-4e53-9cad-bedcb035ad95, getAlertText {}]&#10;Capabilities {acceptInsecureCerts: true, browserName: firefox, browserVersion: 133.0.3, moz:accessibilityChecks: false, moz:buildID: 20241209150345, moz:debuggerAddress: 127.0.0.1:47913, moz:geckodriverVersion: 0.35.0, moz:headless: false, moz:platformVersion: 10.0, moz:processID: 23844, moz:profile: C:\Users\vamsh\AppData\Loca..., moz:shutdownTimeout: 60000, moz:webdriverClick: true, moz:windowless: false, pageLoadStrategy: normal, platformName: windows, proxy: Proxy(), se:cdp: ws://127.0.0.1:47913/devtoo..., se:cdpVersion: 85.0, setWindowRect: true, strictFileInteractability: false, timeouts: {implicit: 0, pageLoad: 300000, script: 30000}, unhandledPromptBehavior: dismiss and notify, userAgent: Mozilla/5.0 (Windows NT 10....}&#10;Session ID: 9d5eb811-223f-4e53-9cad-bedcb035ad95" type="org.openqa.selenium.NoAlertPresentException"><![CDATA[org.openqa.selenium.NoAlertPresentException: 
Build info: version: '4.26.0', revision: '8ccf0219d7'
System info: os.name: 'Windows 11', os.arch: 'amd64', os.version: '10.0', java.version: '21.0.5'
Driver info: org.openqa.selenium.firefox.FirefoxDriver
Command: [9d5eb811-223f-4e53-9cad-bedcb035ad95, getAlertText {}]
Capabilities {acceptInsecureCerts: true, browserName: firefox, browserVersion: 133.0.3, moz:accessibilityChecks: false, moz:buildID: 20241209150345, moz:debuggerAddress: 127.0.0.1:47913, moz:geckodriverVersion: 0.35.0, moz:headless: false, moz:platformVersion: 10.0, moz:processID: 23844, moz:profile: C:\Users\vamsh\AppData\Loca..., moz:shutdownTimeout: 60000, moz:webdriverClick: true, moz:windowless: false, pageLoadStrategy: normal, platformName: windows, proxy: Proxy(), se:cdp: ws://127.0.0.1:47913/devtoo..., se:cdpVersion: 85.0, setWindowRect: true, strictFileInteractability: false, timeouts: {implicit: 0, pageLoad: 300000, script: 30000}, unhandledPromptBehavior: dismiss and notify, userAgent: Mozilla/5.0 (Windows NT 10....}
Session ID: 9d5eb811-223f-4e53-9cad-bedcb035ad95
]]></failure>
    <system-out><![CDATA[
Scenario: Implementation Of BST                             &amp#27;[90m# src/test/resources/Features/Tree.feature:406&amp#27;[0m
  &amp#27;[32mGiven &amp#27;[0m&amp#27;[32mThe user is on the editor page of Implementation Of BST page&amp#27;[0m    &amp#27;[90m# StepDefinitions.Tree.the_user_is_on_the_editor_page_of_implementation_of_bst_page()&amp#27;[0m
  &amp#27;[32mWhen &amp#27;[0m&amp#27;[32mThe user writes the invalid python code and clicks on Run button&amp#27;[0m &amp#27;[90m# StepDefinitions.Tree.the_user_writes_the_invalid_python_code_and_clicks_on_run_button()&amp#27;[0m
  &amp#27;[31mThen &amp#27;[0m&amp#27;[31mThe user see error msg in alert window&amp#27;[0m                           &amp#27;[90m# StepDefinitions.Tree.the_user_see_error_msg_in_alert_window()&amp#27;[0m
      &amp#27;[31morg.openqa.selenium.NoAlertPresentException: Build info: version: '4.26.0', revision: '8ccf0219d7'
System info: os.name: 'Windows 11', os.arch: 'amd64', os.version: '10.0', java.version: '21.0.5'
Driver info: org.openqa.selenium.firefox.FirefoxDriver
Command: [9d5eb811-223f-4e53-9cad-bedcb035ad95, getAlertText {}]
Capabilities {acceptInsecureCerts: true, browserName: firefox, browserVersion: 133.0.3, moz:accessibilityChecks: false, moz:buildID: 20241209150345, moz:debuggerAddress: 127.0.0.1:47913, moz:geckodriverVersion: 0.35.0, moz:headless: false, moz:platformVersion: 10.0, moz:processID: 23844, moz:profile: C:\Users\vamsh\AppData\Loca..., moz:shutdownTimeout: 60000, moz:webdriverClick: true, moz:windowless: false, pageLoadStrategy: normal, platformName: windows, proxy: Proxy(), se:cdp: ws://127.0.0.1:47913/devtoo..., se:cdpVersion: 85.0, setWindowRect: true, strictFileInteractability: false, timeouts: {implicit: 0, pageLoad: 300000, script: 30000}, unhandledPromptBehavior: dismiss and notify, userAgent: Mozilla/5.0 (Windows NT 10....}
Session ID: 9d5eb811-223f-4e53-9cad-bedcb035ad95
	at java.base/jdk.internal.reflect.DirectConstructorHandleAccessor.newInstance(DirectConstructorHandleAccessor.java:62)
	at java.base/java.lang.reflect.Constructor.newInstanceWithCaller(Constructor.java:502)
	at java.base/java.lang.reflect.Constructor.newInstance(Constructor.java:486)
	at org.openqa.selenium.remote.ErrorCodec.decode(ErrorCodec.java:167)
	at org.openqa.selenium.remote.codec.w3c.W3CHttpResponseCodec.decode(W3CHttpResponseCodec.java:138)
	at org.openqa.selenium.remote.codec.w3c.W3CHttpResponseCodec.decode(W3CHttpResponseCodec.java:50)
	at org.openqa.selenium.remote.HttpCommandExecutor.execute(HttpCommandExecutor.java:190)
	at org.openqa.selenium.remote.service.DriverCommandExecutor.invokeExecute(DriverCommandExecutor.java:216)
	at org.openqa.selenium.remote.service.DriverCommandExecutor.execute(DriverCommandExecutor.java:174)
	at org.openqa.selenium.remote.RemoteWebDriver.execute(RemoteWebDriver.java:545)
	at org.openqa.selenium.remote.RemoteWebDriver.execute(RemoteWebDriver.java:618)
	at org.openqa.selenium.remote.RemoteWebDriver.execute(RemoteWebDriver.java:622)
	at org.openqa.selenium.remote.RemoteWebDriver$RemoteTargetLocator.alert(RemoteWebDriver.java:1190)
	at PageObjects.IntroductionPage.getAlertText(IntroductionPage.java:134)
	at StepDefinitions.Tree.the_user_see_error_msg_in_alert_window(Tree.java:113)
	at ✽.The user see error msg in alert window(file:///C:/Projects/newFolder-3/Repo1/src/test/resources/Features/Tree.feature:403)
&amp#27;[0m
[ERROR] 2024-12-17 10:10:58.615 [TestNG-PoolService-2] Hooks - ======================  TEST CASE FAILED !! ======================

    Embedding screenshot [image/png 37860 bytes]

[INFO ] 2024-12-17 10:10:58.685 [TestNG-PoolService-2] Hooks - ======================  Screenshot is captured  ======================
[INFO ] 2024-12-17 10:10:58.686 [TestNG-PoolService-2] Hooks - ======================  Test Execution is completed!! ======================
]]></system-out>
  </testcase>
  <testcase name="runScenario[&quot;Implementation Of BST&quot;, &quot;Tree&quot;](216)" classname="TestRunners.TestRunner" time="7.463">
    <system-out><![CDATA[  &amp#27;[32mGiven &amp#27;[0m&amp#27;[32mThe user is on the DS Introduction page as signedIn&amp#27;[0m &amp#27;[90m# StepDefinitions.DSIntroductionDetails.the_user_is_on_the_ds_introduction_page_as_signed_in()&amp#27;[0m
  &amp#27;[32mAnd &amp#27;[0m&amp#27;[32mUser clicks on Get Started button from Tree panel&amp#27;[0m     &amp#27;[90m# StepDefinitions.Tree.user_clicks_on_get_started_button_from_tree_panel()&amp#27;[0m
  &amp#27;[32mGiven &amp#27;[0m&amp#27;[32mThe user is on the Implementation Of BST page&amp#27;[0m       &amp#27;[90m# StepDefinitions.Tree.the_user_is_on_the_implementation_of_bst_page()&amp#27;[0m
  &amp#27;[32mWhen &amp#27;[0m&amp#27;[32mThe user clicks Practice Questions link&amp#27;[0m              &amp#27;[90m# StepDefinitions.Tree.the_user_clicks_practice_questions_link()&amp#27;[0m
  &amp#27;[32mThen &amp#27;[0m&amp#27;[32mThe user is redirected to Practice Questions page.&amp#27;[0m   &amp#27;[90m# StepDefinitions.Tree.the_user_is_redirected_to_practice_questions_page()&amp#27;[0m
[INFO ] 2024-12-17 10:11:03.872 [TestNG-PoolService-1] Hooks - ======================  Test Execution is completed!! ======================
]]></system-out>
  </testcase>
  <testcase name="runScenario[&quot;Validate user can navigate to basic opertaions in lists&quot;, &quot;Array detail page&quot;](11)" classname="TestRunners.TestRunner" time="0.529">
    <system-out><![CDATA[
Scenario: Validate user can Try here link page from Basic operations in lists &amp#27;[90m# src/test/resources/Features/ArrayDetailsPage.feature:65&amp#27;[0m
]]></system-out>
  </testcase>
  <testcase name="runScenario[&quot;Valid code on try editor for Array using list runs successfully&quot;, &quot;Array detail page&quot;](12)" classname="TestRunners.TestRunner" time="0.289">
    <system-out><![CDATA[
Scenario: Error message displayed for invalid code on try Editor for Basic operations in lists &amp#27;[90m# src/test/resources/Features/ArrayDetailsPage.feature:70&amp#27;[0m
]]></system-out>
  </testcase>
  <testcase name="runScenario[&quot;Validate user is able to Submit the code in tryEditor for Squares of a Sorted Array&quot;, &quot;Array detail page&quot;](36)" classname="TestRunners.TestRunner" time="2.191">
    <system-out><![CDATA[
Scenario: Validate the DS dropdown without signIN                                                         &amp#27;[90m# src/test/resources/Features/DSIntroductionPage.feature:3&amp#27;[0m
  &amp#27;[32mWhen &amp#27;[0m&amp#27;[32mThe user enter python code in tryEditor page sheet &amp#27;[0m&amp#27;[32m&amp#27;[1m"pythonCode"&amp#27;[0m&amp#27;[32m and row &amp#27;[0m&amp#27;[32m&amp#27;[1m7&amp#27;[0m&amp#27;[32m for the Question and click on submit button&amp#27;[0m &amp#27;[90m# StepDefinitions.ArrayStepDefintions.the_user_enter_valid_python_code_in_try_editor_page_sheet_and_for_the_question_submit_button(java.lang.String,int)&amp#27;[0m
  &amp#27;[32mThen &amp#27;[0m&amp#27;[32mthe user should be presented with the Run result from sheet &amp#27;[0m&amp#27;[32m&amp#27;[1m"pythonCode"&amp#27;[0m&amp#27;[32m and row &amp#27;[0m&amp#27;[32m&amp#27;[1m7&amp#27;[0m                                    &amp#27;[90m# StepDefinitions.ArrayStepDefintions.the_user_should_be_presented_with_the_run_result(java.lang.String,int)&amp#27;[0m
[INFO ] 2024-12-17 10:13:41.516 [TestNG-PoolService-2] Hooks - ======================  Test Execution is completed!! ======================
  &amp#27;[32mGiven &amp#27;[0m&amp#27;[32mThe user is on the Practice Questions page of Squares of a Sorted Array&amp#27;[0m                                                         &amp#27;[90m# StepDefinitions.ArrayStepDefintions.the_user_is_on_the_practice_questions_page_of_squares_of_a_sorted_array()&amp#27;[0m
  &amp#27;[32mWhen &amp#27;[0m&amp#27;[32mthe user click on run button&amp#27;[0m                                                                                                     &amp#27;[90m# StepDefinitions.ArrayStepDefintions.the_user_click_on_run_button()&amp#27;[0m
  &amp#27;[32mThen &amp#27;[0m&amp#27;[32mThe user should see an alert error message as &amp#27;[0m&amp#27;[32m&amp#27;[1m"SyntaxError: bad input on line 2"&amp#27;[0m                                                 &amp#27;[90m# StepDefinitions.DSIntroductionDetails.the_user_should_see_an_alert_error_message(java.lang.String)&amp#27;[0m
[INFO ] 2024-12-17 10:13:41.800 [TestNG-PoolService-1] Hooks - ======================  Test Execution is completed!! ======================
]]></system-out>
  </testcase>
  <testcase name="runScenario[&quot;Validate user is presented with error message for the code with the invalid syntax in tryEditor for Squares of a Sorted Array&quot;, &quot;Array detail page&quot;](37)" classname="TestRunners.TestRunner" time="0.241">
    <system-out><![CDATA[
Scenario: Verify warning message when user navigate to DS details page without signIn         &amp#27;[90m# src/test/resources/Features/DSIntroductionPage.feature:8&amp#27;[0m
]]></system-out>
  </testcase>
  <testcase name="runScenario[&quot;Validate user navigate to DS Intro Page&quot;, &quot;DS Homepage&quot;](58)" classname="TestRunners.TestRunner" time="1.043">
    <system-out><![CDATA[
Scenario: DS_algo Home page                                    &amp#27;[90m# src/test/resources/Features/LinkedList.feature:7&amp#27;[0m
  &amp#27;[32mGiven &amp#27;[0m&amp#27;[32mThe user is on the DS Introduction page as signedIn&amp#27;[0m                    &amp#27;[90m# StepDefinitions.DSIntroductionDetails.the_user_is_on_the_ds_introduction_page_as_signed_in()&amp#27;[0m
  &amp#27;[32mWhen &amp#27;[0m&amp#27;[32mThe user clicks on Get Started link for graph&amp#27;[0m                           &amp#27;[90m# StepDefinitions.GraphStepDefintions.the_user_clicks_on_get_started_link_for_graph()&amp#27;[0m
  &amp#27;[32mGiven &amp#27;[0m&amp#27;[32mThe user is on the graphs representations page&amp#27;[0m                         &amp#27;[90m# StepDefinitions.GraphStepDefintions.the_user_is_on_the_graphs_representations_page()&amp#27;[0m
]]></system-out>
  </testcase>
  <testcase name="runScenario[&quot;Valid code on try editor for graph representations runs successfully&quot;, &quot;Title of your feature&quot;](59)" classname="TestRunners.TestRunner" time="2.127">
    <system-out><![CDATA[
Scenario: Linked List home page                                              &amp#27;[90m# src/test/resources/Features/LinkedList.feature:10&amp#27;[0m
  &amp#27;[32mWhen &amp#27;[0m&amp#27;[32mUser writes valid code and clicks run button&amp#27;[0m                            &amp#27;[90m# StepDefinitions.DSIntroductionDetails.user_writes_valid_code_and_clicks_run_button()&amp#27;[0m
  &amp#27;[32mThen &amp#27;[0m&amp#27;[32mThe user should able to see output in the console&amp#27;[0m                       &amp#27;[90m# StepDefinitions.DSIntroductionDetails.the_user_should_able_to_see_output_in_the_console()&amp#27;[0m
[INFO ] 2024-12-17 10:14:44.661 [TestNG-PoolService-2] Hooks - ======================  Test Execution is completed!! ======================
]]></system-out>
    <system-err><![CDATA[Dec 17, 2024 10:14:45 AM org.openqa.selenium.devtools.CdpVersionFinder findNearestMatch
WARNING: Unable to find an exact match for CDP version 131, returning the closest version; found: 130; Please update to a Selenium version that supports CDP version 131
]]></system-err>
  </testcase>
  <testcase name="runScenario[&quot;LL_Try Here Editor page with valid data&quot;, &quot;Linked List&quot;](71)" classname="TestRunners.TestRunner" time="1.54">
    <system-out><![CDATA[
Scenario: Types of Linked List                                       &amp#27;[90m# src/test/resources/Features/LinkedList.feature:68&amp#27;[0m
  &amp#27;[32mWhen &amp#27;[0m&amp#27;[32mThe user writes the valid python code and clicks on Run button&amp#27;[0m &amp#27;[90m# StepDefinitions.Tree.the_user_writes_the_valid_python_code_and_clicks_on_run_button()&amp#27;[0m
  &amp#27;[32mThen &amp#27;[0m&amp#27;[32mThe user is able to see the output inside the console.&amp#27;[0m         &amp#27;[90m# StepDefinitions.Tree.the_user_is_able_to_see_the_output_inside_the_console()&amp#27;[0m
[INFO ] 2024-12-17 10:15:32.964 [TestNG-PoolService-2] Hooks - ======================  Test Execution is completed!! ======================
]]></system-out>
  </testcase>
  <testcase name="runScenario[&quot;Types of Linked List&quot;, &quot;Linked List&quot;](73)" classname="TestRunners.TestRunner" time="0.165">
    <system-out><![CDATA[
Scenario: LL_Try Here Editor page with valid data                     &amp#27;[90m# src/test/resources/Features/LinkedList.feature:78&amp#27;[0m
]]></system-out>
  </testcase>
  <testcase name="runScenario[&quot;LL_Try Here Editor page with valid data&quot;, &quot;Linked List&quot;](80)" classname="TestRunners.TestRunner" time="6.482">
    <system-out><![CDATA[
Scenario: Linked List home page                                 &amp#27;[90m# src/test/resources/Features/LinkedList.feature:113&amp#27;[0m
  &amp#27;[32mGiven &amp#27;[0m&amp#27;[32mThe user is on the DS Introduction page as signedIn&amp#27;[0m     &amp#27;[90m# StepDefinitions.DSIntroductionDetails.the_user_is_on_the_ds_introduction_page_as_signed_in()&amp#27;[0m
  &amp#27;[32mWhen &amp#27;[0m&amp#27;[32mThe user writes the valid python code and clicks on Run button&amp#27;[0m &amp#27;[90m# StepDefinitions.Tree.the_user_writes_the_valid_python_code_and_clicks_on_run_button()&amp#27;[0m
  &amp#27;[32mThen &amp#27;[0m&amp#27;[32mThe user is able to see the output inside the console.&amp#27;[0m         &amp#27;[90m# StepDefinitions.Tree.the_user_is_able_to_see_the_output_inside_the_console()&amp#27;[0m
[INFO ] 2024-12-17 10:16:20.393 [TestNG-PoolService-2] Hooks - ======================  Test Execution is completed!! ======================
  &amp#27;[32mAnd &amp#27;[0m&amp#27;[32mUser clicks on Get Started button from Linked List panel&amp#27;[0m  &amp#27;[90m# StepDefinitions.LinkedList.user_clicks_on_get_started_button_from_linked_list_panel()&amp#27;[0m
  &amp#27;[32mGiven &amp#27;[0m&amp#27;[32mThe user is on the Implement Linked List in Python page&amp#27;[0m &amp#27;[90m# StepDefinitions.LinkedList.the_user_is_on_the_implement_linked_list_in_python_page()&amp#27;[0m
  &amp#27;[32mWhen &amp#27;[0m&amp#27;[32mThe user clicks Traversal link&amp#27;[0m                           &amp#27;[90m# StepDefinitions.LinkedList.the_user_clicks_traversal_link()&amp#27;[0m
  &amp#27;[32mThen &amp#27;[0m&amp#27;[32mThe user is redirected to Traversal page.&amp#27;[0m                &amp#27;[90m# StepDefinitions.LinkedList.the_user_is_redirected_to_traversal_page()&amp#27;[0m
[INFO ] 2024-12-17 10:16:20.928 [TestNG-PoolService-3] Hooks - ======================  Test Execution is completed!! ======================
]]></system-out>
    <system-err><![CDATA[Dec 17, 2024 10:16:17 AM org.openqa.selenium.devtools.CdpVersionFinder findNearestMatch
WARNING: Unable to find an exact match for CDP version 131, returning the closest version; found: 130; Please update to a Selenium version that supports CDP version 131
]]></system-err>
  </testcase>
  <testcase name="runScenario[&quot;LL_Try Here Editor page with valid data&quot;, &quot;Linked List&quot;](85)" classname="TestRunners.TestRunner" time="2.99">
    <system-out><![CDATA[
Scenario: Linked List home page                                &amp#27;[90m# src/test/resources/Features/LinkedList.feature:138&amp#27;[0m
  &amp#27;[32mWhen &amp#27;[0m&amp#27;[32mThe user writes the valid python code and clicks on Run button&amp#27;[0m          &amp#27;[90m# StepDefinitions.Tree.the_user_writes_the_valid_python_code_and_clicks_on_run_button()&amp#27;[0m
  &amp#27;[32mThen &amp#27;[0m&amp#27;[32mThe user is able to see the output inside the console.&amp#27;[0m                  &amp#27;[90m# StepDefinitions.Tree.the_user_is_able_to_see_the_output_inside_the_console()&amp#27;[0m
[INFO ] 2024-12-17 10:16:41.701 [TestNG-PoolService-1] Hooks - ======================  Test Execution is completed!! ======================
]]></system-out>
    <system-err><![CDATA[Dec 17, 2024 10:16:42 AM org.openqa.selenium.devtools.CdpVersionFinder findNearestMatch
WARNING: Unable to find an exact match for CDP version 131, returning the closest version; found: 130; Please update to a Selenium version that supports CDP version 131
]]></system-err>
  </testcase>
  <testcase name="runScenario[&quot;LL_Try Here Editor page with valid data&quot;, &quot;Linked List&quot;](90)" classname="TestRunners.TestRunner" time="4.341">
    <system-out><![CDATA[
Scenario: Linked List home page                                &amp#27;[90m# src/test/resources/Features/LinkedList.feature:163&amp#27;[0m
  &amp#27;[32mWhen &amp#27;[0m&amp#27;[32mThe user writes the valid python code and clicks on Run button&amp#27;[0m &amp#27;[90m# StepDefinitions.Tree.the_user_writes_the_valid_python_code_and_clicks_on_run_button()&amp#27;[0m
  &amp#27;[32mThen &amp#27;[0m&amp#27;[32mThe user is able to see the output inside the console.&amp#27;[0m         &amp#27;[90m# StepDefinitions.Tree.the_user_is_able_to_see_the_output_inside_the_console()&amp#27;[0m
[INFO ] 2024-12-17 10:17:08.442 [TestNG-PoolService-2] Hooks - ======================  Test Execution is completed!! ======================
]]></system-out>
    <system-err><![CDATA[Dec 17, 2024 10:17:08 AM org.openqa.selenium.devtools.CdpVersionFinder findNearestMatch
WARNING: Unable to find an exact match for CDP version 131, returning the closest version; found: 130; Please update to a Selenium version that supports CDP version 131
]]></system-err>
  </testcase>
  <testcase name="runScenario[&quot;Introduction page&quot;, &quot;Linked List&quot;](97)" classname="TestRunners.TestRunner" time="0.143">
    <system-out><![CDATA[
Scenario Outline: DS Algo Sign in Page with blank password                                        &amp#27;[90m# src/test/resources/Features/LoginTestNav.feature:18&amp#27;[0m
]]></system-out>
  </testcase>
  <testcase name="runScenario[&quot;Validate user can navigate to Implementation using collections.deque&quot;, &quot;Queue Details page&quot;](114)" classname="TestRunners.TestRunner" time="7.821">
    <system-out><![CDATA[
Scenario: Validate user can open try editor page from Implementation using collections.deque &amp#27;[90m# src/test/resources/Features/QueueDetails.feature:65&amp#27;[0m
  &amp#27;[32mGiven &amp#27;[0m&amp#27;[32mThe user is on the DS Introduction page as signedIn&amp#27;[0m                                     &amp#27;[90m# StepDefinitions.DSIntroductionDetails.the_user_is_on_the_ds_introduction_page_as_signed_in()&amp#27;[0m
  &amp#27;[32mWhen &amp#27;[0m&amp#27;[32mThe user clicks on Get started link for Queue&amp#27;[0m                                            &amp#27;[90m# StepDefinitions.QueueStepDefinitions.the_user_clicks_on_get_started_link_for_queue()&amp#27;[0m
  &amp#27;[32mGiven &amp#27;[0m&amp#27;[32mThe user on Implementation using collection.deque in python page&amp#27;[0m                        &amp#27;[90m# StepDefinitions.QueueStepDefinitions.the_user_on_implementation_using_collection_deque_in_python_page()&amp#27;[0m
  &amp#27;[32mGiven &amp#27;[0m&amp#27;[32mThe user is on the DS Introduction page as signedIn&amp#27;[0m                    &amp#27;[90m# StepDefinitions.DSIntroductionDetails.the_user_is_on_the_ds_introduction_page_as_signed_in()&amp#27;[0m
  &amp#27;[32mWhen &amp#27;[0m&amp#27;[32mThe user clicks on Get started link for Queue&amp#27;[0m                           &amp#27;[90m# StepDefinitions.QueueStepDefinitions.the_user_clicks_on_get_started_link_for_queue()&amp#27;[0m
  &amp#27;[32mGiven &amp#27;[0m&amp#27;[32mThe user is on Queue Details page&amp#27;[0m                                      &amp#27;[90m# StepDefinitions.QueueStepDefinitions.the_user_is_on_queue_details_page()&amp#27;[0m
  &amp#27;[32mGiven &amp#27;[0m&amp#27;[32mThe user is on the DS Introduction page as signedIn&amp#27;[0m                                  &amp#27;[90m# StepDefinitions.DSIntroductionDetails.the_user_is_on_the_ds_introduction_page_as_signed_in()&amp#27;[0m
  &amp#27;[32mWhen &amp#27;[0m&amp#27;[32mThe user click on Queue Operations&amp#27;[0m                                      &amp#27;[90m# StepDefinitions.QueueStepDefinitions.the_user_click_on_queue_operations()&amp#27;[0m
  &amp#27;[32mThen &amp#27;[0m&amp#27;[32mthe user is navigated to Queue Operations Page&amp#27;[0m                          &amp#27;[90m# StepDefinitions.QueueStepDefinitions.the_user_is_navigated_to_queue_operations_page()&amp#27;[0m
[INFO ] 2024-12-17 10:18:38.354 [TestNG-PoolService-1] Hooks - ======================  Test Execution is completed!! ======================
  &amp#27;[32mWhen &amp#27;[0m&amp#27;[32mUser writes valid code and clicks run button&amp#27;[0m                                             &amp#27;[90m# StepDefinitions.DSIntroductionDetails.user_writes_valid_code_and_clicks_run_button()&amp#27;[0m
  &amp#27;[32mWhen &amp#27;[0m&amp#27;[32mThe user clicks on Get started link for Queue&amp#27;[0m                                         &amp#27;[90m# StepDefinitions.QueueStepDefinitions.the_user_clicks_on_get_started_link_for_queue()&amp#27;[0m
  &amp#27;[32mThen &amp#27;[0m&amp#27;[32mThe user should able to see output in the console&amp#27;[0m                                        &amp#27;[90m# StepDefinitions.DSIntroductionDetails.the_user_should_able_to_see_output_in_the_console()&amp#27;[0m
[INFO ] 2024-12-17 10:18:38.555 [TestNG-PoolService-2] Hooks - ======================  Test Execution is completed!! ======================
  &amp#27;[32mGiven &amp#27;[0m&amp#27;[32mThe user is on Queue Operations page&amp#27;[0m                                                 &amp#27;[90m# StepDefinitions.QueueStepDefinitions.the_user_is_on_queue_operations_page()&amp#27;[0m
  &amp#27;[32mWhen &amp#27;[0m&amp#27;[32mUser clicks Try here link&amp#27;[0m                                                             &amp#27;[90m# StepDefinitions.DSIntroductionDetails.user_clicks_try_here_link()&amp#27;[0m
  &amp#27;[32mThen &amp#27;[0m&amp#27;[32mUser should navigate to tryEditor page&amp#27;[0m                                                &amp#27;[90m# StepDefinitions.DSIntroductionDetails.user_should_navigate_to_try_editor_page()&amp#27;[0m
[INFO ] 2024-12-17 10:18:39.633 [TestNG-PoolService-3] Hooks - ======================  Test Execution is completed!! ======================
]]></system-out>
    <system-err><![CDATA[Dec 17, 2024 10:18:33 AM org.openqa.selenium.devtools.CdpVersionFinder findNearestMatch
WARNING: Unable to find an exact match for CDP version 131, returning the closest version; found: 130; Please update to a Selenium version that supports CDP version 131
Dec 17, 2024 10:18:34 AM org.openqa.selenium.devtools.CdpVersionFinder findNearestMatch
WARNING: Unable to find an exact match for CDP version 131, returning the closest version; found: 130; Please update to a Selenium version that supports CDP version 131
Dec 17, 2024 10:18:35 AM org.openqa.selenium.devtools.CdpVersionFinder findNearestMatch
WARNING: Unable to find an exact match for CDP version 131, returning the closest version; found: 130; Please update to a Selenium version that supports CDP version 131
]]></system-err>
  </testcase>
  <testcase name="runScenario[&quot;Valid code on try editor for Implementation using collections.deque runs successfully&quot;, &quot;Queue Details page&quot;](115)" classname="TestRunners.TestRunner" time="0.209">
    <system-out><![CDATA[
Scenario: Error message displayed for invalid code on try editor for Implementation using collections.deque &amp#27;[90m# src/test/resources/Features/QueueDetails.feature:70&amp#27;[0m
]]></system-out>
  </testcase>
  <testcase name="runScenario[&quot;No error message displayed for empty code on try editor for Implementation using collections.deque&quot;, &quot;Queue Details page&quot;](117)" classname="TestRunners.TestRunner" time="7.751">
    <system-out><![CDATA[
Scenario: Valid code on try editor for Implementation using collections.deque runs successfully &amp#27;[90m# src/test/resources/Features/QueueDetails.feature:80&amp#27;[0m
  &amp#27;[32mGiven &amp#27;[0m&amp#27;[32mThe user is on the DS Introduction page as signedIn&amp#27;[0m                                                  &amp#27;[90m# StepDefinitions.DSIntroductionDetails.the_user_is_on_the_ds_introduction_page_as_signed_in()&amp#27;[0m
  &amp#27;[32mGiven &amp#27;[0m&amp#27;[32mThe user is on the DS Introduction page as signedIn&amp#27;[0m                                                 &amp#27;[90m# StepDefinitions.DSIntroductionDetails.the_user_is_on_the_ds_introduction_page_as_signed_in()&amp#27;[0m
  &amp#27;[32mWhen &amp#27;[0m&amp#27;[32mThe user clicks on Get started link for Queue&amp#27;[0m                                                         &amp#27;[90m# StepDefinitions.QueueStepDefinitions.the_user_clicks_on_get_started_link_for_queue()&amp#27;[0m
  &amp#27;[32mWhen &amp#27;[0m&amp#27;[32mThe user clicks on Get started link for Queue&amp#27;[0m                                                        &amp#27;[90m# StepDefinitions.QueueStepDefinitions.the_user_clicks_on_get_started_link_for_queue()&amp#27;[0m
  &amp#27;[32mGiven &amp#27;[0m&amp#27;[32mThe user is on Queue Operations page&amp#27;[0m                                                                 &amp#27;[90m# StepDefinitions.QueueStepDefinitions.the_user_is_on_queue_operations_page()&amp#27;[0m
  &amp#27;[32mGiven &amp#27;[0m&amp#27;[32mThe user is on Queue Operations page&amp#27;[0m                                                                &amp#27;[90m# StepDefinitions.QueueStepDefinitions.the_user_is_on_queue_operations_page()&amp#27;[0m
  &amp#27;[32mGiven &amp#27;[0m&amp#27;[32mThe user is on the DS Introduction page as signedIn&amp#27;[0m                                     &amp#27;[90m# StepDefinitions.DSIntroductionDetails.the_user_is_on_the_ds_introduction_page_as_signed_in()&amp#27;[0m
  &amp#27;[32mWhen &amp#27;[0m&amp#27;[32mThe user clicks on Get started link for Queue&amp#27;[0m                                            &amp#27;[90m# StepDefinitions.QueueStepDefinitions.the_user_clicks_on_get_started_link_for_queue()&amp#27;[0m
  &amp#27;[32mWhen &amp#27;[0m&amp#27;[32mUser clicks on run button with empty code&amp#27;[0m                                                             &amp#27;[90m# StepDefinitions.DSIntroductionDetails.user_clicks_on_run_button_with_empty_code()&amp#27;[0m
  &amp#27;[32mThen &amp#27;[0m&amp#27;[32mThe user should not see any error message or alert&amp#27;[0m                                                    &amp#27;[90m# StepDefinitions.DSIntroductionDetails.the_user_should_not_see_any_error_message_or_alert()&amp#27;[0m
[INFO ] 2024-12-17 10:18:47.271 [TestNG-PoolService-2] Hooks - ======================  Test Execution is completed!! ======================
  &amp#27;[32mWhen &amp#27;[0m&amp#27;[32mUser writes invalid code and clicks run button&amp#27;[0m                                                       &amp#27;[90m# StepDefinitions.DSIntroductionDetails.user_writes_invalid_code_and_clicks_run_button()&amp#27;[0m
  &amp#27;[32mThen &amp#27;[0m&amp#27;[32mThe user should able to see an error message in alert window&amp#27;[0m                                         &amp#27;[90m# StepDefinitions.DSIntroductionDetails.the_user_should_able_to_see_an_error_message_in_alert_window()&amp#27;[0m
[INFO ] 2024-12-17 10:18:47.362 [TestNG-PoolService-1] Hooks - ======================  Test Execution is completed!! ======================
  &amp#27;[32mGiven &amp#27;[0m&amp#27;[32mThe user is on Queue Operations page&amp#27;[0m                                                    &amp#27;[90m# StepDefinitions.QueueStepDefinitions.the_user_is_on_queue_operations_page()&amp#27;[0m
  &amp#27;[32mWhen &amp#27;[0m&amp#27;[32mUser writes invalid code and clicks run button&amp#27;[0m                                           &amp#27;[90m# StepDefinitions.DSIntroductionDetails.user_writes_invalid_code_and_clicks_run_button()&amp#27;[0m
  &amp#27;[32mThen &amp#27;[0m&amp#27;[32mThe user should able to see an error message in alert window&amp#27;[0m                             &amp#27;[90m# StepDefinitions.DSIntroductionDetails.the_user_should_able_to_see_an_error_message_in_alert_window()&amp#27;[0m
[INFO ] 2024-12-17 10:18:48.258 [TestNG-PoolService-3] Hooks - ======================  Test Execution is completed!! ======================
]]></system-out>
    <system-err><![CDATA[Dec 17, 2024 10:18:42 AM org.openqa.selenium.devtools.CdpVersionFinder findNearestMatch
WARNING: Unable to find an exact match for CDP version 131, returning the closest version; found: 130; Please update to a Selenium version that supports CDP version 131
Dec 17, 2024 10:18:42 AM org.openqa.selenium.devtools.CdpVersionFinder findNearestMatch
WARNING: Unable to find an exact match for CDP version 131, returning the closest version; found: 130; Please update to a Selenium version that supports CDP version 131
Dec 17, 2024 10:18:44 AM org.openqa.selenium.devtools.CdpVersionFinder findNearestMatch
WARNING: Unable to find an exact match for CDP version 131, returning the closest version; found: 130; Please update to a Selenium version that supports CDP version 131
]]></system-err>
  </testcase>
  <testcase name="runScenario[&quot;Error message displayed for invalid code on try editor for Implementation using collections.deque&quot;, &quot;Queue Details page&quot;](118)" classname="TestRunners.TestRunner" time="0.029">
    <system-out><![CDATA[
Scenario: Validate user can navigate to Implementation using collections.deque &amp#27;[90m# src/test/resources/Features/QueueDetails.feature:85&amp#27;[0m
]]></system-out>
  </testcase>
  <testcase name="runScenario[&quot;New user registration page with all fields empty and Register button is clicked&quot;, &quot;Registration&quot;](123)" classname="TestRunners.TestRunner" time="7.985">
    <system-out><![CDATA[
Scenario Outline: New user registration page with all fields empty and Register button is clicked                     &amp#27;[90m# src/test/resources/Features/Registration.feature:13&amp#27;[0m
  &amp#27;[32mGiven &amp#27;[0m&amp#27;[32mThe user is on the DS Introduction page as signedIn&amp#27;[0m                                                  &amp#27;[90m# StepDefinitions.DSIntroductionDetails.the_user_is_on_the_ds_introduction_page_as_signed_in()&amp#27;[0m
  &amp#27;[32mWhen &amp#27;[0m&amp#27;[32mThe user clicks on Get started link for Queue&amp#27;[0m                                                         &amp#27;[90m# StepDefinitions.QueueStepDefinitions.the_user_clicks_on_get_started_link_for_queue()&amp#27;[0m
  &amp#27;[32mGiven &amp#27;[0m&amp#27;[32mThe user is on Implementation using array page&amp#27;[0m                                                       &amp#27;[90m# StepDefinitions.QueueStepDefinitions.the_user_is_on_implementation_using_array_page()&amp#27;[0m
  &amp#27;[32mGiven &amp#27;[0m&amp#27;[32mThe user is on the DS Introduction page as signedIn&amp#27;[0m                                     &amp#27;[90m# StepDefinitions.DSIntroductionDetails.the_user_is_on_the_ds_introduction_page_as_signed_in()&amp#27;[0m
  &amp#27;[32mGiven &amp#27;[0m&amp#27;[32mThe user is on the new user registration page&amp#27;[0m                                                                 &amp#27;[90m# StepDefinitions.Registration.the_user_is_on_the_new_user_registration_page()&amp#27;[0m
  &amp#27;[32mWhen &amp#27;[0m&amp#27;[32mThe user clicks on Get started link for Queue&amp#27;[0m                                            &amp#27;[90m# StepDefinitions.QueueStepDefinitions.the_user_clicks_on_get_started_link_for_queue()&amp#27;[0m
  &amp#27;[32mGiven &amp#27;[0m&amp#27;[32mThe user is on Implementation using array page&amp#27;[0m                                          &amp#27;[90m# StepDefinitions.QueueStepDefinitions.the_user_is_on_implementation_using_array_page()&amp#27;[0m
  &amp#27;[32mWhen &amp#27;[0m&amp#27;[32mUser clicks on run button with empty code&amp#27;[0m                                                             &amp#27;[90m# StepDefinitions.DSIntroductionDetails.user_clicks_on_run_button_with_empty_code()&amp#27;[0m
  &amp#27;[32mWhen &amp#27;[0m&amp#27;[32mThe user clicks Register button with all fields empty on registration form from sheetname &amp#27;[0m&amp#27;[32m&amp#27;[1m"register"&amp#27;[0m&amp#27;[32m and row &amp#27;[0m&amp#27;[32m&amp#27;[1m0&amp#27;[0m &amp#27;[90m# StepDefinitions.Registration.the_user_clicks_register_button_with_all_fields_empty_on_registration_form_from_sheetname(java.lang.String,java.lang.Integer)&amp#27;[0m
  &amp#27;[32mThen &amp#27;[0m&amp#27;[32mThe error Please fill out this field appears below Username textbox&amp#27;[0m                                            &amp#27;[90m# StepDefinitions.Registration.the_error_please_fill_out_this_field_appears_below_username_textbox()&amp#27;[0m
[INFO ] 2024-12-17 10:19:05.179 [TestNG-PoolService-3] Hooks - ======================  Test Execution is completed!! ======================
  &amp#27;[32mThen &amp#27;[0m&amp#27;[32mThe user should not see any error message or alert&amp#27;[0m                                                    &amp#27;[90m# StepDefinitions.DSIntroductionDetails.the_user_should_not_see_any_error_message_or_alert()&amp#27;[0m
[INFO ] 2024-12-17 10:19:05.184 [TestNG-PoolService-2] Hooks - ======================  Test Execution is completed!! ======================
  &amp#27;[32mWhen &amp#27;[0m&amp#27;[32mUser writes valid code and clicks run button&amp#27;[0m                                             &amp#27;[90m# StepDefinitions.DSIntroductionDetails.user_writes_valid_code_and_clicks_run_button()&amp#27;[0m
  &amp#27;[32mThen &amp#27;[0m&amp#27;[32mThe user should able to see output in the console&amp#27;[0m                                        &amp#27;[90m# StepDefinitions.DSIntroductionDetails.the_user_should_able_to_see_output_in_the_console()&amp#27;[0m
[INFO ] 2024-12-17 10:19:06.084 [TestNG-PoolService-1] Hooks - ======================  Test Execution is completed!! ======================
]]></system-out>
    <system-err><![CDATA[Dec 17, 2024 10:18:59 AM org.openqa.selenium.devtools.CdpVersionFinder findNearestMatch
WARNING: Unable to find an exact match for CDP version 131, returning the closest version; found: 130; Please update to a Selenium version that supports CDP version 131
Dec 17, 2024 10:19:00 AM org.openqa.selenium.devtools.CdpVersionFinder findNearestMatch
WARNING: Unable to find an exact match for CDP version 131, returning the closest version; found: 130; Please update to a Selenium version that supports CDP version 131
Dec 17, 2024 10:19:02 AM org.openqa.selenium.devtools.CdpVersionFinder findNearestMatch
WARNING: Unable to find an exact match for CDP version 131, returning the closest version; found: 130; Please update to a Selenium version that supports CDP version 131
]]></system-err>
  </testcase>
  <testcase name="runScenario[&quot;No error message displayed for empty code on try editor for Implementation using collections.deque&quot;, &quot;Queue Details page&quot;](124)" classname="TestRunners.TestRunner" time="0.001"/>
  <testcase name="runScenario[&quot;Validate user can navigate to Applications page&quot;, &quot;Stack page&quot;](145)" classname="TestRunners.TestRunner" time="0.269">
    <system-out><![CDATA[
Scenario: Validate user can click on Try here link from Applications page &amp#27;[90m# src/test/resources/Features/StackPage.feature:66&amp#27;[0m
]]></system-out>
  </testcase>
  <testcase name="runScenario[&quot;Valid code on try editor for Implementation runs successfully&quot;, &quot;Stack page&quot;](146)" classname="TestRunners.TestRunner" time="0.394">
    <system-out><![CDATA[
Scenario: Error message displayed for invalid code on try Editor for Applications page &amp#27;[90m# src/test/resources/Features/StackPage.feature:71&amp#27;[0m
]]></system-out>
  </testcase>
  <testcase name="runScenario[&quot;Tree home page&quot;, &quot;Tree&quot;](151)" classname="TestRunners.TestRunner" time="0.522">
    <system-out><![CDATA[
Scenario: Overview of Trees                                          &amp#27;[90m# src/test/resources/Features/Tree.feature:15&amp#27;[0m
]]></system-out>
  </testcase>
  <testcase name="runScenario[&quot;Valid code on try editor for Applications runs successfully&quot;, &quot;Stack page&quot;](152)" classname="TestRunners.TestRunner" time="0.276">
    <system-out><![CDATA[
Scenario: Try Here Editor page with empty code                               &amp#27;[90m# src/test/resources/Features/Tree.feature:20&amp#27;[0m
]]></system-out>
  </testcase>
  <testcase name="runScenario[&quot;Try Here Editor page with valid data&quot;, &quot;Tree&quot;](166)" classname="TestRunners.TestRunner" time="0.476">
    <system-out><![CDATA[
Scenario: Tree Traversals                                            &amp#27;[90m# src/test/resources/Features/Tree.feature:102&amp#27;[0m
]]></system-out>
  </testcase>
  <testcase name="runScenario[&quot;Try Here Editor page with valid data&quot;, &quot;Tree&quot;](171)" classname="TestRunners.TestRunner" time="0.4">
    <system-out><![CDATA[
Scenario: Traversals-Illustration                                    &amp#27;[90m# src/test/resources/Features/Tree.feature:133&amp#27;[0m
]]></system-out>
  </testcase>
  <testcase name="runScenario[&quot;Try Here Editor page with valid data&quot;, &quot;Tree&quot;](176)" classname="TestRunners.TestRunner" time="0.339">
    <system-out><![CDATA[
Scenario: Binary Trees                                               &amp#27;[90m# src/test/resources/Features/Tree.feature:164&amp#27;[0m
]]></system-out>
  </testcase>
  <testcase name="runScenario[&quot;Try Here Editor page with valid data&quot;, &quot;Tree&quot;](180)" classname="TestRunners.TestRunner" time="6.479">
    <system-out><![CDATA[
Scenario: Binary Trees                                       &amp#27;[90m# src/test/resources/Features/Tree.feature:188&amp#27;[0m
  &amp#27;[32mGiven &amp#27;[0m&amp#27;[32mThe user is on the DS Introduction page as signedIn&amp#27;[0m  &amp#27;[90m# StepDefinitions.DSIntroductionDetails.the_user_is_on_the_ds_introduction_page_as_signed_in()&amp#27;[0m
  &amp#27;[32mWhen &amp#27;[0m&amp#27;[32mThe user writes the valid python code and clicks on Run button&amp#27;[0m  &amp#27;[90m# StepDefinitions.Tree.the_user_writes_the_valid_python_code_and_clicks_on_run_button()&amp#27;[0m
  &amp#27;[32mThen &amp#27;[0m&amp#27;[32mThe user is able to see the output inside the console.&amp#27;[0m          &amp#27;[90m# StepDefinitions.Tree.the_user_is_able_to_see_the_output_inside_the_console()&amp#27;[0m
[INFO ] 2024-12-17 10:22:33.959 [TestNG-PoolService-2] Hooks - ======================  Test Execution is completed!! ======================
  &amp#27;[32mAnd &amp#27;[0m&amp#27;[32mUser clicks on Get Started button from Tree panel&amp#27;[0m      &amp#27;[90m# StepDefinitions.Tree.user_clicks_on_get_started_button_from_tree_panel()&amp#27;[0m
  &amp#27;[32mGiven &amp#27;[0m&amp#27;[32mThe user is on the Binary Trees page&amp#27;[0m                 &amp#27;[90m# StepDefinitions.Tree.the_user_is_on_the_binary_trees_page()&amp#27;[0m
  &amp#27;[32mWhen &amp#27;[0m&amp#27;[32mThe user clicks Types of Binary Trees link&amp#27;[0m            &amp#27;[90m# StepDefinitions.Tree.the_user_clicks_types_of_binary_trees_link()&amp#27;[0m
  &amp#27;[32mThen &amp#27;[0m&amp#27;[32mThe user is redirected to Types of Binary Trees page.&amp#27;[0m &amp#27;[90m# StepDefinitions.Tree.the_user_is_redirected_to_types_of_binary_trees_page()&amp#27;[0m
[INFO ] 2024-12-17 10:22:34.665 [TestNG-PoolService-1] Hooks - ======================  Test Execution is completed!! ======================
]]></system-out>
    <system-err><![CDATA[Dec 17, 2024 10:22:31 AM org.openqa.selenium.devtools.CdpVersionFinder findNearestMatch
WARNING: Unable to find an exact match for CDP version 131, returning the closest version; found: 130; Please update to a Selenium version that supports CDP version 131
]]></system-err>
  </testcase>
  <testcase name="runScenario[&quot;Try Here Editor page with valid data&quot;, &quot;Tree&quot;](186)" classname="TestRunners.TestRunner" time="1.192">
    <system-out><![CDATA[
Scenario: Implementation in Python                                   &amp#27;[90m# src/test/resources/Features/Tree.feature:226&amp#27;[0m
]]></system-out>
  </testcase>
  <testcase name="runScenario[&quot;Try Here Editor page with valid data&quot;, &quot;Tree&quot;](195)" classname="TestRunners.TestRunner" time="5.893">
    <system-out><![CDATA[
Scenario: Binary Tree Traversals                                      &amp#27;[90m# src/test/resources/Features/Tree.feature:281&amp#27;[0m
  &amp#27;[32mWhen &amp#27;[0m&amp#27;[32mThe user writes the valid python code and clicks on Run button&amp#27;[0m   &amp#27;[90m# StepDefinitions.Tree.the_user_writes_the_valid_python_code_and_clicks_on_run_button()&amp#27;[0m
  &amp#27;[32mThen &amp#27;[0m&amp#27;[32mThe user is able to see the output inside the console.&amp#27;[0m           &amp#27;[90m# StepDefinitions.Tree.the_user_is_able_to_see_the_output_inside_the_console()&amp#27;[0m
[INFO ] 2024-12-17 10:23:41.625 [TestNG-PoolService-1] Hooks - ======================  Test Execution is completed!! ======================
  &amp#27;[32mGiven &amp#27;[0m&amp#27;[32mThe user is on the DS Introduction page as signedIn&amp#27;[0m           &amp#27;[90m# StepDefinitions.DSIntroductionDetails.the_user_is_on_the_ds_introduction_page_as_signed_in()&amp#27;[0m
  &amp#27;[32mAnd &amp#27;[0m&amp#27;[32mUser clicks on Get Started button from Tree panel&amp#27;[0m               &amp#27;[90m# StepDefinitions.Tree.user_clicks_on_get_started_button_from_tree_panel()&amp#27;[0m
  &amp#27;[32mGiven &amp#27;[0m&amp#27;[32mThe user is on the Binary Tree Traversals page&amp#27;[0m                &amp#27;[90m# StepDefinitions.Tree.the_user_is_on_the_binary_tree_traversals_page()&amp#27;[0m
  &amp#27;[32mWhen &amp#27;[0m&amp#27;[32mThe user clicks Implementation of Binary Trees button&amp#27;[0m          &amp#27;[90m# StepDefinitions.Tree.the_user_clicks_implementation_of_binary_trees_button()&amp#27;[0m
  &amp#27;[32mThen &amp#27;[0m&amp#27;[32mThe user is redirected to Implementation of Binary Trees page.&amp#27;[0m &amp#27;[90m# StepDefinitions.Tree.the_user_is_redirected_to_implementation_of_binary_trees_page()&amp#27;[0m
[INFO ] 2024-12-17 10:23:42.503 [TestNG-PoolService-2] Hooks - ======================  Test Execution is completed!! ======================
]]></system-out>
    <system-err><![CDATA[Dec 17, 2024 10:23:39 AM org.openqa.selenium.devtools.CdpVersionFinder findNearestMatch
WARNING: Unable to find an exact match for CDP version 131, returning the closest version; found: 130; Please update to a Selenium version that supports CDP version 131
]]></system-err>
  </testcase>
  <testcase name="runScenario[&quot;Try Here Editor page with valid data&quot;, &quot;Tree&quot;](201)" classname="TestRunners.TestRunner" time="0.959">
    <system-out><![CDATA[
Scenario: Applications of Binary trees                               &amp#27;[90m# src/test/resources/Features/Tree.feature:319&amp#27;[0m
]]></system-out>
  </testcase>
  <testcase name="runScenario[&quot;Try Here Editor page with valid data&quot;, &quot;Tree&quot;](205)" classname="TestRunners.TestRunner" time="6.42">
    <system-out><![CDATA[
Scenario: Applications of Binary trees                       &amp#27;[90m# src/test/resources/Features/Tree.feature:343&amp#27;[0m
  &amp#27;[32mGiven &amp#27;[0m&amp#27;[32mThe user is on the DS Introduction page as signedIn&amp#27;[0m  &amp#27;[90m# StepDefinitions.DSIntroductionDetails.the_user_is_on_the_ds_introduction_page_as_signed_in()&amp#27;[0m
  &amp#27;[32mAnd &amp#27;[0m&amp#27;[32mUser clicks on Get Started button from Tree panel&amp#27;[0m      &amp#27;[90m# StepDefinitions.Tree.user_clicks_on_get_started_button_from_tree_panel()&amp#27;[0m
  &amp#27;[32mWhen &amp#27;[0m&amp#27;[32mThe user writes the valid python code and clicks on Run button&amp#27;[0m         &amp#27;[90m# StepDefinitions.Tree.the_user_writes_the_valid_python_code_and_clicks_on_run_button()&amp#27;[0m
  &amp#27;[32mThen &amp#27;[0m&amp#27;[32mThe user is able to see the output inside the console.&amp#27;[0m                 &amp#27;[90m# StepDefinitions.Tree.the_user_is_able_to_see_the_output_inside_the_console()&amp#27;[0m
[INFO ] 2024-12-17 10:24:27.336 [TestNG-PoolService-1] Hooks - ======================  Test Execution is completed!! ======================
  &amp#27;[32mGiven &amp#27;[0m&amp#27;[32mThe user is on the Applications of Binary trees page&amp#27;[0m &amp#27;[90m# StepDefinitions.Tree.the_user_is_on_the_applications_of_binary_trees_page()&amp#27;[0m
  &amp#27;[32mWhen &amp#27;[0m&amp#27;[32mThe user clicks Binary Search Trees link&amp#27;[0m              &amp#27;[90m# StepDefinitions.Tree.the_user_clicks_binary_search_trees_link()&amp#27;[0m
  &amp#27;[32mThen &amp#27;[0m&amp#27;[32mThe user is redirected to Binary Search Trees page.&amp#27;[0m   &amp#27;[90m# StepDefinitions.Tree.the_user_is_redirected_to_binary_search_trees_page()&amp#27;[0m
[INFO ] 2024-12-17 10:24:28.109 [TestNG-PoolService-3] Hooks - ======================  Test Execution is completed!! ======================
]]></system-out>
    <system-err><![CDATA[Dec 17, 2024 10:24:24 AM org.openqa.selenium.devtools.CdpVersionFinder findNearestMatch
WARNING: Unable to find an exact match for CDP version 131, returning the closest version; found: 130; Please update to a Selenium version that supports CDP version 131
]]></system-err>
  </testcase>
  <testcase name="runScenario[&quot;Try Here Editor page with valid data&quot;, &quot;Tree&quot;](210)" classname="TestRunners.TestRunner" time="6.547">
    <system-out><![CDATA[
Scenario: Binary Search Trees                                &amp#27;[90m# src/test/resources/Features/Tree.feature:374&amp#27;[0m
  &amp#27;[32mGiven &amp#27;[0m&amp#27;[32mThe user is on the DS Introduction page as signedIn&amp#27;[0m  &amp#27;[90m# StepDefinitions.DSIntroductionDetails.the_user_is_on_the_ds_introduction_page_as_signed_in()&amp#27;[0m
  &amp#27;[32mAnd &amp#27;[0m&amp#27;[32mUser clicks on Get Started button from Tree panel&amp#27;[0m      &amp#27;[90m# StepDefinitions.Tree.user_clicks_on_get_started_button_from_tree_panel()&amp#27;[0m
  &amp#27;[32mWhen &amp#27;[0m&amp#27;[32mThe user writes the valid python code and clicks on Run button&amp#27;[0m       &amp#27;[90m# StepDefinitions.Tree.the_user_writes_the_valid_python_code_and_clicks_on_run_button()&amp#27;[0m
  &amp#27;[32mThen &amp#27;[0m&amp#27;[32mThe user is able to see the output inside the console.&amp#27;[0m               &amp#27;[90m# StepDefinitions.Tree.the_user_is_able_to_see_the_output_inside_the_console()&amp#27;[0m
[INFO ] 2024-12-17 10:24:50.066 [TestNG-PoolService-2] Hooks - ======================  Test Execution is completed!! ======================
  &amp#27;[32mGiven &amp#27;[0m&amp#27;[32mThe user is on the Binary Search Trees page&amp#27;[0m          &amp#27;[90m# StepDefinitions.Tree.the_user_is_on_the_binary_search_trees_page()&amp#27;[0m
  &amp#27;[32mWhen &amp#27;[0m&amp#27;[32mThe user clicks Implementation Of BST link&amp#27;[0m            &amp#27;[90m# StepDefinitions.Tree.the_user_clicks_implementation_of_bst_link()&amp#27;[0m
  &amp#27;[32mThen &amp#27;[0m&amp#27;[32mThe user is redirected to Implementation Of BST page.&amp#27;[0m &amp#27;[90m# StepDefinitions.Tree.the_user_is_redirected_to_implementation_of_bst_page()&amp#27;[0m
[INFO ] 2024-12-17 10:24:50.765 [TestNG-PoolService-3] Hooks - ======================  Test Execution is completed!! ======================
]]></system-out>
    <system-err><![CDATA[Dec 17, 2024 10:24:47 AM org.openqa.selenium.devtools.CdpVersionFinder findNearestMatch
WARNING: Unable to find an exact match for CDP version 131, returning the closest version; found: 130; Please update to a Selenium version that supports CDP version 131
]]></system-err>
  </testcase>
</testsuite>