<?xml version="1.0" encoding="UTF-8"?>
<testsuite xmlns:xsi="http://www.w3.org/2001/XMLSchema-instance" xsi:noNamespaceSchemaLocation="https://maven.apache.org/surefire/maven-surefire-plugin/xsd/surefire-test-report-3.0.xsd" version="3.0" name="TestSuite" time="2,053.09" tests="648" errors="0" skipped="0" failures="196">
  <properties>
    <property name="java.specification.version" value="21"/>
    <property name="sun.cpu.isalist" value="amd64"/>
    <property name="sun.jnu.encoding" value="Cp1252"/>
    <property name="java.class.path" value="C:\Projects\Repo1\target\test-classes;C:\Projects\Repo1\target\classes;C:\Users\vamsh\.m2\repository\io\cucumber\cucumber-testng\7.19.0\cucumber-testng-7.19.0.jar;C:\Users\vamsh\.m2\repository\org\apiguardian\apiguardian-api\1.1.2\apiguardian-api-1.1.2.jar;C:\Users\vamsh\.m2\repository\io\cucumber\cucumber-core\7.19.0\cucumber-core-7.19.0.jar;C:\Users\vamsh\.m2\repository\io\cucumber\cucumber-gherkin\7.19.0\cucumber-gherkin-7.19.0.jar;C:\Users\vamsh\.m2\repository\io\cucumber\cucumber-gherkin-messages\7.19.0\cucumber-gherkin-messages-7.19.0.jar;C:\Users\vamsh\.m2\repository\io\cucumber\gherkin\28.0.0\gherkin-28.0.0.jar;C:\Users\vamsh\.m2\repository\io\cucumber\messages\24.1.0\messages-24.1.0.jar;C:\Users\vamsh\.m2\repository\io\cucumber\testng-xml-formatter\0.2.0\testng-xml-formatter-0.2.0.jar;C:\Users\vamsh\.m2\repository\io\cucumber\query\12.2.0\query-12.2.0.jar;C:\Users\vamsh\.m2\repository\io\cucumber\tag-expressions\6.1.0\tag-expressions-6.1.0.jar;C:\Users\vamsh\.m2\repository\io\cucumber\cucumber-expressions\17.1.0\cucumber-expressions-17.1.0.jar;C:\Users\vamsh\.m2\repository\io\cucumber\datatable\7.19.0\datatable-7.19.0.jar;C:\Users\vamsh\.m2\repository\io\cucumber\cucumber-plugin\7.19.0\cucumber-plugin-7.19.0.jar;C:\Users\vamsh\.m2\repository\io\cucumber\docstring\7.19.0\docstring-7.19.0.jar;C:\Users\vamsh\.m2\repository\io\cucumber\html-formatter\21.7.0\html-formatter-21.7.0.jar;C:\Users\vamsh\.m2\repository\io\cucumber\junit-xml-formatter\0.5.0\junit-xml-formatter-0.5.0.jar;C:\Users\vamsh\.m2\repository\io\cucumber\ci-environment\10.0.1\ci-environment-10.0.1.jar;C:\Users\vamsh\.m2\repository\io\cucumber\cucumber-html\0.2.7\cucumber-html-0.2.7.jar;C:\Users\vamsh\.m2\repository\io\cucumber\cucumber-java\7.20.1\cucumber-java-7.20.1.jar;C:\Users\vamsh\.m2\repository\org\seleniumhq\selenium\selenium-java\4.26.0\selenium-java-4.26.0.jar;C:\Users\vamsh\.m2\repository\org\seleniumhq\selenium\selenium-api\4.26.0\selenium-api-4.26.0.jar;C:\Users\vamsh\.m2\repository\org\jspecify\jspecify\1.0.0\jspecify-1.0.0.jar;C:\Users\vamsh\.m2\repository\org\seleniumhq\selenium\selenium-chrome-driver\4.26.0\selenium-chrome-driver-4.26.0.jar;C:\Users\vamsh\.m2\repository\com\google\auto\service\auto-service-annotations\1.1.1\auto-service-annotations-1.1.1.jar;C:\Users\vamsh\.m2\repository\org\seleniumhq\selenium\selenium-chromium-driver\4.26.0\selenium-chromium-driver-4.26.0.jar;C:\Users\vamsh\.m2\repository\org\seleniumhq\selenium\selenium-json\4.26.0\selenium-json-4.26.0.jar;C:\Users\vamsh\.m2\repository\org\seleniumhq\selenium\selenium-manager\4.26.0\selenium-manager-4.26.0.jar;C:\Users\vamsh\.m2\repository\org\seleniumhq\selenium\selenium-devtools-v128\4.26.0\selenium-devtools-v128-4.26.0.jar;C:\Users\vamsh\.m2\repository\org\seleniumhq\selenium\selenium-devtools-v129\4.26.0\selenium-devtools-v129-4.26.0.jar;C:\Users\vamsh\.m2\repository\org\seleniumhq\selenium\selenium-devtools-v130\4.26.0\selenium-devtools-v130-4.26.0.jar;C:\Users\vamsh\.m2\repository\org\seleniumhq\selenium\selenium-devtools-v85\4.26.0\selenium-devtools-v85-4.26.0.jar;C:\Users\vamsh\.m2\repository\org\seleniumhq\selenium\selenium-edge-driver\4.26.0\selenium-edge-driver-4.26.0.jar;C:\Users\vamsh\.m2\repository\org\seleniumhq\selenium\selenium-firefox-driver\4.26.0\selenium-firefox-driver-4.26.0.jar;C:\Users\vamsh\.m2\repository\org\seleniumhq\selenium\selenium-http\4.26.0\selenium-http-4.26.0.jar;C:\Users\vamsh\.m2\repository\dev\failsafe\failsafe\3.3.2\failsafe-3.3.2.jar;C:\Users\vamsh\.m2\repository\org\seleniumhq\selenium\selenium-ie-driver\4.26.0\selenium-ie-driver-4.26.0.jar;C:\Users\vamsh\.m2\repository\org\seleniumhq\selenium\selenium-remote-driver\4.26.0\selenium-remote-driver-4.26.0.jar;C:\Users\vamsh\.m2\repository\com\google\guava\guava\33.3.1-jre\guava-33.3.1-jre.jar;C:\Users\vamsh\.m2\repository\com\google\guava\failureaccess\1.0.2\failureaccess-1.0.2.jar;C:\Users\vamsh\.m2\repository\com\google\guava\listenablefuture\9999.0-empty-to-avoid-conflict-with-guava\listenablefuture-9999.0-empty-to-avoid-conflict-with-guava.jar;C:\Users\vamsh\.m2\repository\com\google\code\findbugs\jsr305\3.0.2\jsr305-3.0.2.jar;C:\Users\vamsh\.m2\repository\org\checkerframework\checker-qual\3.43.0\checker-qual-3.43.0.jar;C:\Users\vamsh\.m2\repository\com\google\j2objc\j2objc-annotations\3.0.0\j2objc-annotations-3.0.0.jar;C:\Users\vamsh\.m2\repository\io\opentelemetry\semconv\opentelemetry-semconv\1.25.0-alpha\opentelemetry-semconv-1.25.0-alpha.jar;C:\Users\vamsh\.m2\repository\io\opentelemetry\opentelemetry-api\1.43.0\opentelemetry-api-1.43.0.jar;C:\Users\vamsh\.m2\repository\io\opentelemetry\opentelemetry-context\1.43.0\opentelemetry-context-1.43.0.jar;C:\Users\vamsh\.m2\repository\io\opentelemetry\opentelemetry-exporter-logging\1.43.0\opentelemetry-exporter-logging-1.43.0.jar;C:\Users\vamsh\.m2\repository\io\opentelemetry\opentelemetry-sdk-common\1.43.0\opentelemetry-sdk-common-1.43.0.jar;C:\Users\vamsh\.m2\repository\io\opentelemetry\opentelemetry-sdk-extension-autoconfigure-spi\1.43.0\opentelemetry-sdk-extension-autoconfigure-spi-1.43.0.jar;C:\Users\vamsh\.m2\repository\io\opentelemetry\opentelemetry-sdk-extension-autoconfigure\1.43.0\opentelemetry-sdk-extension-autoconfigure-1.43.0.jar;C:\Users\vamsh\.m2\repository\io\opentelemetry\opentelemetry-api-incubator\1.43.0-alpha\opentelemetry-api-incubator-1.43.0-alpha.jar;C:\Users\vamsh\.m2\repository\io\opentelemetry\opentelemetry-sdk-trace\1.43.0\opentelemetry-sdk-trace-1.43.0.jar;C:\Users\vamsh\.m2\repository\io\opentelemetry\opentelemetry-sdk\1.43.0\opentelemetry-sdk-1.43.0.jar;C:\Users\vamsh\.m2\repository\io\opentelemetry\opentelemetry-sdk-metrics\1.43.0\opentelemetry-sdk-metrics-1.43.0.jar;C:\Users\vamsh\.m2\repository\io\opentelemetry\opentelemetry-sdk-logs\1.43.0\opentelemetry-sdk-logs-1.43.0.jar;C:\Users\vamsh\.m2\repository\net\bytebuddy\byte-buddy\1.15.7\byte-buddy-1.15.7.jar;C:\Users\vamsh\.m2\repository\org\seleniumhq\selenium\selenium-os\4.26.0\selenium-os-4.26.0.jar;C:\Users\vamsh\.m2\repository\org\apache\commons\commons-exec\1.4.0\commons-exec-1.4.0.jar;C:\Users\vamsh\.m2\repository\org\seleniumhq\selenium\selenium-safari-driver\4.26.0\selenium-safari-driver-4.26.0.jar;C:\Users\vamsh\.m2\repository\org\seleniumhq\selenium\selenium-support\4.26.0\selenium-support-4.26.0.jar;C:\Users\vamsh\.m2\repository\org\testng\testng\7.10.2\testng-7.10.2.jar;C:\Users\vamsh\.m2\repository\com\beust\jcommander\1.82\jcommander-1.82.jar;C:\Users\vamsh\.m2\repository\org\webjars\jquery\3.7.1\jquery-3.7.1.jar;C:\Users\vamsh\.m2\repository\io\github\bonigarcia\webdrivermanager\5.9.2\webdrivermanager-5.9.2.jar;C:\Users\vamsh\.m2\repository\com\google\code\gson\gson\2.11.0\gson-2.11.0.jar;C:\Users\vamsh\.m2\repository\com\google\errorprone\error_prone_annotations\2.27.0\error_prone_annotations-2.27.0.jar;C:\Users\vamsh\.m2\repository\com\github\docker-java\docker-java\3.4.0\docker-java-3.4.0.jar;C:\Users\vamsh\.m2\repository\com\github\docker-java\docker-java-core\3.4.0\docker-java-core-3.4.0.jar;C:\Users\vamsh\.m2\repository\com\github\docker-java\docker-java-api\3.4.0\docker-java-api-3.4.0.jar;C:\Users\vamsh\.m2\repository\com\fasterxml\jackson\core\jackson-annotations\2.10.3\jackson-annotations-2.10.3.jar;C:\Users\vamsh\.m2\repository\com\fasterxml\jackson\core\jackson-databind\2.10.3\jackson-databind-2.10.3.jar;C:\Users\vamsh\.m2\repository\com\fasterxml\jackson\core\jackson-core\2.10.3\jackson-core-2.10.3.jar;C:\Users\vamsh\.m2\repository\org\slf4j\jcl-over-slf4j\1.7.30\jcl-over-slf4j-1.7.30.jar;C:\Users\vamsh\.m2\repository\com\github\docker-java\docker-java-transport-httpclient5\3.4.0\docker-java-transport-httpclient5-3.4.0.jar;C:\Users\vamsh\.m2\repository\com\github\docker-java\docker-java-transport\3.4.0\docker-java-transport-3.4.0.jar;C:\Users\vamsh\.m2\repository\net\java\dev\jna\jna\5.13.0\jna-5.13.0.jar;C:\Users\vamsh\.m2\repository\org\brotli\dec\0.1.2\dec-0.1.2.jar;C:\Users\vamsh\.m2\repository\org\apache\commons\commons-lang3\3.15.0\commons-lang3-3.15.0.jar;C:\Users\vamsh\.m2\repository\org\apache\httpcomponents\client5\httpclient5\5.2.1\httpclient5-5.2.1.jar;C:\Users\vamsh\.m2\repository\org\apache\httpcomponents\core5\httpcore5\5.2\httpcore5-5.2.jar;C:\Users\vamsh\.m2\repository\org\apache\httpcomponents\core5\httpcore5-h2\5.2\httpcore5-h2-5.2.jar;C:\Users\vamsh\.m2\repository\org\apache\poi\poi\5.3.0\poi-5.3.0.jar;C:\Users\vamsh\.m2\repository\commons-codec\commons-codec\1.17.0\commons-codec-1.17.0.jar;C:\Users\vamsh\.m2\repository\org\apache\commons\commons-math3\3.6.1\commons-math3-3.6.1.jar;C:\Users\vamsh\.m2\repository\com\zaxxer\SparseBitSet\1.3\SparseBitSet-1.3.jar;C:\Users\vamsh\.m2\repository\org\apache\poi\poi-ooxml\5.3.0\poi-ooxml-5.3.0.jar;C:\Users\vamsh\.m2\repository\org\apache\poi\poi-ooxml-lite\5.3.0\poi-ooxml-lite-5.3.0.jar;C:\Users\vamsh\.m2\repository\com\github\virtuald\curvesapi\1.08\curvesapi-1.08.jar;C:\Users\vamsh\.m2\repository\org\slf4j\slf4j-api\2.0.9\slf4j-api-2.0.9.jar;C:\Users\vamsh\.m2\repository\org\slf4j\slf4j-simple\2.0.16\slf4j-simple-2.0.16.jar;C:\Users\vamsh\.m2\repository\io\qameta\allure\allure-cucumber7-jvm\2.29.1\allure-cucumber7-jvm-2.29.1.jar;C:\Users\vamsh\.m2\repository\io\qameta\allure\allure-java-commons\2.29.1\allure-java-commons-2.29.1.jar;C:\Users\vamsh\.m2\repository\io\qameta\allure\allure-model\2.29.1\allure-model-2.29.1.jar;C:\Users\vamsh\.m2\repository\tech\grasshopper\extent-pdf-report\2.12.0\extent-pdf-report-2.12.0.jar;C:\Users\vamsh\.m2\repository\tech\grasshopper\cucumber-pdf-report\2.14.0\cucumber-pdf-report-2.14.0.jar;C:\Users\vamsh\.m2\repository\org\apache\pdfbox\pdfbox\2.0.26\pdfbox-2.0.26.jar;C:\Users\vamsh\.m2\repository\org\apache\pdfbox\fontbox\2.0.26\fontbox-2.0.26.jar;C:\Users\vamsh\.m2\repository\commons-logging\commons-logging\1.2\commons-logging-1.2.jar;C:\Users\vamsh\.m2\repository\org\knowm\xchart\xchart\3.8.0\xchart-3.8.0.jar;C:\Users\vamsh\.m2\repository\de\erichseifert\vectorgraphics2d\VectorGraphics2D\0.13\VectorGraphics2D-0.13.jar;C:\Users\vamsh\.m2\repository\de\rototor\pdfbox\graphics2d\0.30\graphics2d-0.30.jar;C:\Users\vamsh\.m2\repository\com\madgag\animated-gif-lib\1.4\animated-gif-lib-1.4.jar;C:\Users\vamsh\.m2\repository\org\yaml\snakeyaml\2.0\snakeyaml-2.0.jar;C:\Users\vamsh\.m2\repository\tech\grasshopper\table-layout\1.5.1\table-layout-1.5.1.jar;C:\Users\vamsh\.m2\repository\tech\grasshopper\rest-assured-cucumber-pdf-report\1.5.0\rest-assured-cucumber-pdf-report-1.5.0.jar;C:\Users\vamsh\.m2\repository\org\jsoup\jsoup\1.15.3\jsoup-1.15.3.jar;C:\Users\vamsh\.m2\repository\tech\grasshopper\extentreports-cucumber7-adapter\1.14.0\extentreports-cucumber7-adapter-1.14.0.jar;C:\Users\vamsh\.m2\repository\com\aventstack\extentreports\5.1.0\extentreports-5.1.0.jar;C:\Users\vamsh\.m2\repository\io\reactivex\rxjava3\rxjava\3.1.6\rxjava-3.1.6.jar;C:\Users\vamsh\.m2\repository\org\reactivestreams\reactive-streams\1.0.4\reactive-streams-1.0.4.jar;C:\Users\vamsh\.m2\repository\org\freemarker\freemarker\2.3.32\freemarker-2.3.32.jar;C:\Users\vamsh\.m2\repository\com\aventstack\klov-reporter\5.1.0\klov-reporter-5.1.0.jar;C:\Users\vamsh\.m2\repository\org\mongodb\mongodb-driver\3.6.4\mongodb-driver-3.6.4.jar;C:\Users\vamsh\.m2\repository\org\mongodb\mongodb-driver-core\3.6.4\mongodb-driver-core-3.6.4.jar;C:\Users\vamsh\.m2\repository\org\mongodb\bson\3.6.4\bson-3.6.4.jar;C:\Users\vamsh\.m2\repository\org\apache\httpcomponents\httpclient\4.5.13\httpclient-4.5.13.jar;C:\Users\vamsh\.m2\repository\org\apache\httpcomponents\httpcore\4.4.13\httpcore-4.4.13.jar;C:\Users\vamsh\.m2\repository\org\apache\httpcomponents\httpmime\4.5.13\httpmime-4.5.13.jar;C:\Users\vamsh\.m2\repository\tech\grasshopper\htmlextentreporter\1.1.0\htmlextentreporter-1.1.0.jar;C:\Users\vamsh\.m2\repository\tech\grasshopper\extent-excel-report\1.4.0\extent-excel-report-1.4.0.jar;C:\Users\vamsh\.m2\repository\org\apache\logging\log4j\log4j-core\2.24.2\log4j-core-2.24.2.jar;C:\Users\vamsh\.m2\repository\org\apache\logging\log4j\log4j-api\2.24.2\log4j-api-2.24.2.jar;C:\Users\vamsh\.m2\repository\org\projectlombok\lombok\1.18.24\lombok-1.18.24.jar;C:\Users\vamsh\.m2\repository\org\apache\xmlbeans\xmlbeans\5.2.2\xmlbeans-5.2.2.jar;C:\Users\vamsh\.m2\repository\org\apache\commons\commons-collections4\4.4\commons-collections4-4.4.jar;C:\Users\vamsh\.m2\repository\org\apache\commons\commons-compress\1.27.1\commons-compress-1.27.1.jar;C:\Users\vamsh\.m2\repository\commons-io\commons-io\2.18.0\commons-io-2.18.0.jar;"/>
    <property name="java.vm.vendor" value="Oracle Corporation"/>
    <property name="sun.arch.data.model" value="64"/>
    <property name="user.variant" value=""/>
    <property name="java.vendor.url" value="https://java.oracle.com/"/>
    <property name="user.timezone" value="America/Chicago"/>
    <property name="os.name" value="Windows 11"/>
    <property name="java.vm.specification.version" value="21"/>
    <property name="sun.java.launcher" value="SUN_STANDARD"/>
    <property name="user.country" value="US"/>
    <property name="sun.boot.library.path" value="C:\Program Files\Java\jdk-21\bin"/>
    <property name="sun.java.command" value="C:\Users\vamsh\AppData\Local\Temp\surefire14852364828029637821\surefirebooter2662712029905472848.jar C:\Users\vamsh\AppData\Local\Temp\surefire14852364828029637821 2024-12-09T21-55-58_493-jvmRun1 surefire11282167651704628530tmp surefire_02817853823479626356tmp"/>
    <property name="jdk.debug" value="release"/>
    <property name="surefire.test.class.path" value="C:\Projects\Repo1\target\test-classes;C:\Projects\Repo1\target\classes;C:\Users\vamsh\.m2\repository\io\cucumber\cucumber-testng\7.19.0\cucumber-testng-7.19.0.jar;C:\Users\vamsh\.m2\repository\org\apiguardian\apiguardian-api\1.1.2\apiguardian-api-1.1.2.jar;C:\Users\vamsh\.m2\repository\io\cucumber\cucumber-core\7.19.0\cucumber-core-7.19.0.jar;C:\Users\vamsh\.m2\repository\io\cucumber\cucumber-gherkin\7.19.0\cucumber-gherkin-7.19.0.jar;C:\Users\vamsh\.m2\repository\io\cucumber\cucumber-gherkin-messages\7.19.0\cucumber-gherkin-messages-7.19.0.jar;C:\Users\vamsh\.m2\repository\io\cucumber\gherkin\28.0.0\gherkin-28.0.0.jar;C:\Users\vamsh\.m2\repository\io\cucumber\messages\24.1.0\messages-24.1.0.jar;C:\Users\vamsh\.m2\repository\io\cucumber\testng-xml-formatter\0.2.0\testng-xml-formatter-0.2.0.jar;C:\Users\vamsh\.m2\repository\io\cucumber\query\12.2.0\query-12.2.0.jar;C:\Users\vamsh\.m2\repository\io\cucumber\tag-expressions\6.1.0\tag-expressions-6.1.0.jar;C:\Users\vamsh\.m2\repository\io\cucumber\cucumber-expressions\17.1.0\cucumber-expressions-17.1.0.jar;C:\Users\vamsh\.m2\repository\io\cucumber\datatable\7.19.0\datatable-7.19.0.jar;C:\Users\vamsh\.m2\repository\io\cucumber\cucumber-plugin\7.19.0\cucumber-plugin-7.19.0.jar;C:\Users\vamsh\.m2\repository\io\cucumber\docstring\7.19.0\docstring-7.19.0.jar;C:\Users\vamsh\.m2\repository\io\cucumber\html-formatter\21.7.0\html-formatter-21.7.0.jar;C:\Users\vamsh\.m2\repository\io\cucumber\junit-xml-formatter\0.5.0\junit-xml-formatter-0.5.0.jar;C:\Users\vamsh\.m2\repository\io\cucumber\ci-environment\10.0.1\ci-environment-10.0.1.jar;C:\Users\vamsh\.m2\repository\io\cucumber\cucumber-html\0.2.7\cucumber-html-0.2.7.jar;C:\Users\vamsh\.m2\repository\io\cucumber\cucumber-java\7.20.1\cucumber-java-7.20.1.jar;C:\Users\vamsh\.m2\repository\org\seleniumhq\selenium\selenium-java\4.26.0\selenium-java-4.26.0.jar;C:\Users\vamsh\.m2\repository\org\seleniumhq\selenium\selenium-api\4.26.0\selenium-api-4.26.0.jar;C:\Users\vamsh\.m2\repository\org\jspecify\jspecify\1.0.0\jspecify-1.0.0.jar;C:\Users\vamsh\.m2\repository\org\seleniumhq\selenium\selenium-chrome-driver\4.26.0\selenium-chrome-driver-4.26.0.jar;C:\Users\vamsh\.m2\repository\com\google\auto\service\auto-service-annotations\1.1.1\auto-service-annotations-1.1.1.jar;C:\Users\vamsh\.m2\repository\org\seleniumhq\selenium\selenium-chromium-driver\4.26.0\selenium-chromium-driver-4.26.0.jar;C:\Users\vamsh\.m2\repository\org\seleniumhq\selenium\selenium-json\4.26.0\selenium-json-4.26.0.jar;C:\Users\vamsh\.m2\repository\org\seleniumhq\selenium\selenium-manager\4.26.0\selenium-manager-4.26.0.jar;C:\Users\vamsh\.m2\repository\org\seleniumhq\selenium\selenium-devtools-v128\4.26.0\selenium-devtools-v128-4.26.0.jar;C:\Users\vamsh\.m2\repository\org\seleniumhq\selenium\selenium-devtools-v129\4.26.0\selenium-devtools-v129-4.26.0.jar;C:\Users\vamsh\.m2\repository\org\seleniumhq\selenium\selenium-devtools-v130\4.26.0\selenium-devtools-v130-4.26.0.jar;C:\Users\vamsh\.m2\repository\org\seleniumhq\selenium\selenium-devtools-v85\4.26.0\selenium-devtools-v85-4.26.0.jar;C:\Users\vamsh\.m2\repository\org\seleniumhq\selenium\selenium-edge-driver\4.26.0\selenium-edge-driver-4.26.0.jar;C:\Users\vamsh\.m2\repository\org\seleniumhq\selenium\selenium-firefox-driver\4.26.0\selenium-firefox-driver-4.26.0.jar;C:\Users\vamsh\.m2\repository\org\seleniumhq\selenium\selenium-http\4.26.0\selenium-http-4.26.0.jar;C:\Users\vamsh\.m2\repository\dev\failsafe\failsafe\3.3.2\failsafe-3.3.2.jar;C:\Users\vamsh\.m2\repository\org\seleniumhq\selenium\selenium-ie-driver\4.26.0\selenium-ie-driver-4.26.0.jar;C:\Users\vamsh\.m2\repository\org\seleniumhq\selenium\selenium-remote-driver\4.26.0\selenium-remote-driver-4.26.0.jar;C:\Users\vamsh\.m2\repository\com\google\guava\guava\33.3.1-jre\guava-33.3.1-jre.jar;C:\Users\vamsh\.m2\repository\com\google\guava\failureaccess\1.0.2\failureaccess-1.0.2.jar;C:\Users\vamsh\.m2\repository\com\google\guava\listenablefuture\9999.0-empty-to-avoid-conflict-with-guava\listenablefuture-9999.0-empty-to-avoid-conflict-with-guava.jar;C:\Users\vamsh\.m2\repository\com\google\code\findbugs\jsr305\3.0.2\jsr305-3.0.2.jar;C:\Users\vamsh\.m2\repository\org\checkerframework\checker-qual\3.43.0\checker-qual-3.43.0.jar;C:\Users\vamsh\.m2\repository\com\google\j2objc\j2objc-annotations\3.0.0\j2objc-annotations-3.0.0.jar;C:\Users\vamsh\.m2\repository\io\opentelemetry\semconv\opentelemetry-semconv\1.25.0-alpha\opentelemetry-semconv-1.25.0-alpha.jar;C:\Users\vamsh\.m2\repository\io\opentelemetry\opentelemetry-api\1.43.0\opentelemetry-api-1.43.0.jar;C:\Users\vamsh\.m2\repository\io\opentelemetry\opentelemetry-context\1.43.0\opentelemetry-context-1.43.0.jar;C:\Users\vamsh\.m2\repository\io\opentelemetry\opentelemetry-exporter-logging\1.43.0\opentelemetry-exporter-logging-1.43.0.jar;C:\Users\vamsh\.m2\repository\io\opentelemetry\opentelemetry-sdk-common\1.43.0\opentelemetry-sdk-common-1.43.0.jar;C:\Users\vamsh\.m2\repository\io\opentelemetry\opentelemetry-sdk-extension-autoconfigure-spi\1.43.0\opentelemetry-sdk-extension-autoconfigure-spi-1.43.0.jar;C:\Users\vamsh\.m2\repository\io\opentelemetry\opentelemetry-sdk-extension-autoconfigure\1.43.0\opentelemetry-sdk-extension-autoconfigure-1.43.0.jar;C:\Users\vamsh\.m2\repository\io\opentelemetry\opentelemetry-api-incubator\1.43.0-alpha\opentelemetry-api-incubator-1.43.0-alpha.jar;C:\Users\vamsh\.m2\repository\io\opentelemetry\opentelemetry-sdk-trace\1.43.0\opentelemetry-sdk-trace-1.43.0.jar;C:\Users\vamsh\.m2\repository\io\opentelemetry\opentelemetry-sdk\1.43.0\opentelemetry-sdk-1.43.0.jar;C:\Users\vamsh\.m2\repository\io\opentelemetry\opentelemetry-sdk-metrics\1.43.0\opentelemetry-sdk-metrics-1.43.0.jar;C:\Users\vamsh\.m2\repository\io\opentelemetry\opentelemetry-sdk-logs\1.43.0\opentelemetry-sdk-logs-1.43.0.jar;C:\Users\vamsh\.m2\repository\net\bytebuddy\byte-buddy\1.15.7\byte-buddy-1.15.7.jar;C:\Users\vamsh\.m2\repository\org\seleniumhq\selenium\selenium-os\4.26.0\selenium-os-4.26.0.jar;C:\Users\vamsh\.m2\repository\org\apache\commons\commons-exec\1.4.0\commons-exec-1.4.0.jar;C:\Users\vamsh\.m2\repository\org\seleniumhq\selenium\selenium-safari-driver\4.26.0\selenium-safari-driver-4.26.0.jar;C:\Users\vamsh\.m2\repository\org\seleniumhq\selenium\selenium-support\4.26.0\selenium-support-4.26.0.jar;C:\Users\vamsh\.m2\repository\org\testng\testng\7.10.2\testng-7.10.2.jar;C:\Users\vamsh\.m2\repository\com\beust\jcommander\1.82\jcommander-1.82.jar;C:\Users\vamsh\.m2\repository\org\webjars\jquery\3.7.1\jquery-3.7.1.jar;C:\Users\vamsh\.m2\repository\io\github\bonigarcia\webdrivermanager\5.9.2\webdrivermanager-5.9.2.jar;C:\Users\vamsh\.m2\repository\com\google\code\gson\gson\2.11.0\gson-2.11.0.jar;C:\Users\vamsh\.m2\repository\com\google\errorprone\error_prone_annotations\2.27.0\error_prone_annotations-2.27.0.jar;C:\Users\vamsh\.m2\repository\com\github\docker-java\docker-java\3.4.0\docker-java-3.4.0.jar;C:\Users\vamsh\.m2\repository\com\github\docker-java\docker-java-core\3.4.0\docker-java-core-3.4.0.jar;C:\Users\vamsh\.m2\repository\com\github\docker-java\docker-java-api\3.4.0\docker-java-api-3.4.0.jar;C:\Users\vamsh\.m2\repository\com\fasterxml\jackson\core\jackson-annotations\2.10.3\jackson-annotations-2.10.3.jar;C:\Users\vamsh\.m2\repository\com\fasterxml\jackson\core\jackson-databind\2.10.3\jackson-databind-2.10.3.jar;C:\Users\vamsh\.m2\repository\com\fasterxml\jackson\core\jackson-core\2.10.3\jackson-core-2.10.3.jar;C:\Users\vamsh\.m2\repository\org\slf4j\jcl-over-slf4j\1.7.30\jcl-over-slf4j-1.7.30.jar;C:\Users\vamsh\.m2\repository\com\github\docker-java\docker-java-transport-httpclient5\3.4.0\docker-java-transport-httpclient5-3.4.0.jar;C:\Users\vamsh\.m2\repository\com\github\docker-java\docker-java-transport\3.4.0\docker-java-transport-3.4.0.jar;C:\Users\vamsh\.m2\repository\net\java\dev\jna\jna\5.13.0\jna-5.13.0.jar;C:\Users\vamsh\.m2\repository\org\brotli\dec\0.1.2\dec-0.1.2.jar;C:\Users\vamsh\.m2\repository\org\apache\commons\commons-lang3\3.15.0\commons-lang3-3.15.0.jar;C:\Users\vamsh\.m2\repository\org\apache\httpcomponents\client5\httpclient5\5.2.1\httpclient5-5.2.1.jar;C:\Users\vamsh\.m2\repository\org\apache\httpcomponents\core5\httpcore5\5.2\httpcore5-5.2.jar;C:\Users\vamsh\.m2\repository\org\apache\httpcomponents\core5\httpcore5-h2\5.2\httpcore5-h2-5.2.jar;C:\Users\vamsh\.m2\repository\org\apache\poi\poi\5.3.0\poi-5.3.0.jar;C:\Users\vamsh\.m2\repository\commons-codec\commons-codec\1.17.0\commons-codec-1.17.0.jar;C:\Users\vamsh\.m2\repository\org\apache\commons\commons-math3\3.6.1\commons-math3-3.6.1.jar;C:\Users\vamsh\.m2\repository\com\zaxxer\SparseBitSet\1.3\SparseBitSet-1.3.jar;C:\Users\vamsh\.m2\repository\org\apache\poi\poi-ooxml\5.3.0\poi-ooxml-5.3.0.jar;C:\Users\vamsh\.m2\repository\org\apache\poi\poi-ooxml-lite\5.3.0\poi-ooxml-lite-5.3.0.jar;C:\Users\vamsh\.m2\repository\com\github\virtuald\curvesapi\1.08\curvesapi-1.08.jar;C:\Users\vamsh\.m2\repository\org\slf4j\slf4j-api\2.0.9\slf4j-api-2.0.9.jar;C:\Users\vamsh\.m2\repository\org\slf4j\slf4j-simple\2.0.16\slf4j-simple-2.0.16.jar;C:\Users\vamsh\.m2\repository\io\qameta\allure\allure-cucumber7-jvm\2.29.1\allure-cucumber7-jvm-2.29.1.jar;C:\Users\vamsh\.m2\repository\io\qameta\allure\allure-java-commons\2.29.1\allure-java-commons-2.29.1.jar;C:\Users\vamsh\.m2\repository\io\qameta\allure\allure-model\2.29.1\allure-model-2.29.1.jar;C:\Users\vamsh\.m2\repository\tech\grasshopper\extent-pdf-report\2.12.0\extent-pdf-report-2.12.0.jar;C:\Users\vamsh\.m2\repository\tech\grasshopper\cucumber-pdf-report\2.14.0\cucumber-pdf-report-2.14.0.jar;C:\Users\vamsh\.m2\repository\org\apache\pdfbox\pdfbox\2.0.26\pdfbox-2.0.26.jar;C:\Users\vamsh\.m2\repository\org\apache\pdfbox\fontbox\2.0.26\fontbox-2.0.26.jar;C:\Users\vamsh\.m2\repository\commons-logging\commons-logging\1.2\commons-logging-1.2.jar;C:\Users\vamsh\.m2\repository\org\knowm\xchart\xchart\3.8.0\xchart-3.8.0.jar;C:\Users\vamsh\.m2\repository\de\erichseifert\vectorgraphics2d\VectorGraphics2D\0.13\VectorGraphics2D-0.13.jar;C:\Users\vamsh\.m2\repository\de\rototor\pdfbox\graphics2d\0.30\graphics2d-0.30.jar;C:\Users\vamsh\.m2\repository\com\madgag\animated-gif-lib\1.4\animated-gif-lib-1.4.jar;C:\Users\vamsh\.m2\repository\org\yaml\snakeyaml\2.0\snakeyaml-2.0.jar;C:\Users\vamsh\.m2\repository\tech\grasshopper\table-layout\1.5.1\table-layout-1.5.1.jar;C:\Users\vamsh\.m2\repository\tech\grasshopper\rest-assured-cucumber-pdf-report\1.5.0\rest-assured-cucumber-pdf-report-1.5.0.jar;C:\Users\vamsh\.m2\repository\org\jsoup\jsoup\1.15.3\jsoup-1.15.3.jar;C:\Users\vamsh\.m2\repository\tech\grasshopper\extentreports-cucumber7-adapter\1.14.0\extentreports-cucumber7-adapter-1.14.0.jar;C:\Users\vamsh\.m2\repository\com\aventstack\extentreports\5.1.0\extentreports-5.1.0.jar;C:\Users\vamsh\.m2\repository\io\reactivex\rxjava3\rxjava\3.1.6\rxjava-3.1.6.jar;C:\Users\vamsh\.m2\repository\org\reactivestreams\reactive-streams\1.0.4\reactive-streams-1.0.4.jar;C:\Users\vamsh\.m2\repository\org\freemarker\freemarker\2.3.32\freemarker-2.3.32.jar;C:\Users\vamsh\.m2\repository\com\aventstack\klov-reporter\5.1.0\klov-reporter-5.1.0.jar;C:\Users\vamsh\.m2\repository\org\mongodb\mongodb-driver\3.6.4\mongodb-driver-3.6.4.jar;C:\Users\vamsh\.m2\repository\org\mongodb\mongodb-driver-core\3.6.4\mongodb-driver-core-3.6.4.jar;C:\Users\vamsh\.m2\repository\org\mongodb\bson\3.6.4\bson-3.6.4.jar;C:\Users\vamsh\.m2\repository\org\apache\httpcomponents\httpclient\4.5.13\httpclient-4.5.13.jar;C:\Users\vamsh\.m2\repository\org\apache\httpcomponents\httpcore\4.4.13\httpcore-4.4.13.jar;C:\Users\vamsh\.m2\repository\org\apache\httpcomponents\httpmime\4.5.13\httpmime-4.5.13.jar;C:\Users\vamsh\.m2\repository\tech\grasshopper\htmlextentreporter\1.1.0\htmlextentreporter-1.1.0.jar;C:\Users\vamsh\.m2\repository\tech\grasshopper\extent-excel-report\1.4.0\extent-excel-report-1.4.0.jar;C:\Users\vamsh\.m2\repository\org\apache\logging\log4j\log4j-core\2.24.2\log4j-core-2.24.2.jar;C:\Users\vamsh\.m2\repository\org\apache\logging\log4j\log4j-api\2.24.2\log4j-api-2.24.2.jar;C:\Users\vamsh\.m2\repository\org\projectlombok\lombok\1.18.24\lombok-1.18.24.jar;C:\Users\vamsh\.m2\repository\org\apache\xmlbeans\xmlbeans\5.2.2\xmlbeans-5.2.2.jar;C:\Users\vamsh\.m2\repository\org\apache\commons\commons-collections4\4.4\commons-collections4-4.4.jar;C:\Users\vamsh\.m2\repository\org\apache\commons\commons-compress\1.27.1\commons-compress-1.27.1.jar;C:\Users\vamsh\.m2\repository\commons-io\commons-io\2.18.0\commons-io-2.18.0.jar;"/>
    <property name="sun.cpu.endian" value="little"/>
    <property name="user.home" value="C:\Users\vamsh"/>
    <property name="user.language" value="en"/>
    <property name="java.specification.vendor" value="Oracle Corporation"/>
    <property name="java.version.date" value="2024-10-15"/>
    <property name="java.home" value="C:\Program Files\Java\jdk-21"/>
    <property name="file.separator" value="\"/>
    <property name="basedir" value="C:\Projects\Repo1"/>
    <property name="style.color" value="always"/>
    <property name="java.vm.compressedOopsMode" value="Zero based"/>
    <property name="line.separator" value="&#10;"/>
    <property name="java.vm.specification.vendor" value="Oracle Corporation"/>
    <property name="java.specification.name" value="Java Platform API Specification"/>
    <property name="surefire.real.class.path" value="C:\Users\vamsh\AppData\Local\Temp\surefire14852364828029637821\surefirebooter2662712029905472848.jar"/>
    <property name="user.script" value=""/>
    <property name="sun.management.compiler" value="HotSpot 64-Bit Tiered Compilers"/>
    <property name="java.runtime.version" value="21.0.5+9-LTS-239"/>
    <property name="user.name" value="vamsh"/>
    <property name="stdout.encoding" value="Cp1252"/>
    <property name="path.separator" value=";"/>
    <property name="os.version" value="10.0"/>
    <property name="java.runtime.name" value="Java(TM) SE Runtime Environment"/>
    <property name="file.encoding" value="UTF-8"/>
    <property name="java.vm.name" value="Java HotSpot(TM) 64-Bit Server VM"/>
    <property name="localRepository" value="C:\Users\vamsh\.m2\repository"/>
    <property name="java.vendor.url.bug" value="https://bugreport.java.com/bugreport/"/>
    <property name="java.io.tmpdir" value="C:\Users\vamsh\AppData\Local\Temp\"/>
    <property name="java.version" value="21.0.5"/>
    <property name="user.dir" value="C:\Projects\Repo1"/>
    <property name="os.arch" value="amd64"/>
    <property name="java.vm.specification.name" value="Java Virtual Machine Specification"/>
    <property name="sun.os.patch.level" value=""/>
    <property name="native.encoding" value="Cp1252"/>
    <property name="java.library.path" value="C:\Program Files\Java\jdk-21\bin;C:\WINDOWS\Sun\Java\bin;C:\WINDOWS\system32;C:\WINDOWS;C:\Program Files\Common Files\Oracle\Java\javapath;C:\WINDOWS\system32;C:\WINDOWS;C:\WINDOWS\System32\Wbem;C:\WINDOWS\System32\WindowsPowerShell\v1.0\;C:\WINDOWS\System32\OpenSSH\;C:\Program Files\dotnet\;C:\Users\vamsh\Downloads\apache-maven-3.9.9\bin;C:\Program Files\Git\cmd;C:\Users\vamsh\allure-2.32.0\bin;C:\Users\vamsh\AppData\Local\Microsoft\WindowsApps;C:\Users\vamsh\AppData\Local\GitHubDesktop\bin;C:\Users\vamsh\AppData\Local\Programs\Microsoft VS Code\bin;C:\Users\vamsh\allure-2.32.0\bin;;."/>
    <property name="java.vm.info" value="mixed mode, sharing"/>
    <property name="stderr.encoding" value="Cp1252"/>
    <property name="java.vendor" value="Oracle Corporation"/>
    <property name="java.vm.version" value="21.0.5+9-LTS-239"/>
    <property name="sun.io.unicode.encoding" value="UnicodeLittle"/>
    <property name="java.class.version" value="65.0"/>
  </properties>
  <testcase name="runScenario[&quot;Validate user navigated to array details page when clicked on get started&quot;, &quot;Array detail page&quot;](1)" classname="TestRunners.TestRunner" time="9.327">
    <system-out><![CDATA[ in runner chrome

Scenario: Validate user navigated to array details page when clicked on get started &amp#27;[90m# src/test/resources/Features/ArrayDetailsPage.feature:7&amp#27;[0m

Scenario: Validate user can navigate to Arrays in python    &amp#27;[90m# src/test/resources/Features/ArrayDetailsPage.feature:10&amp#27;[0m

Scenario: Validate user can Try here link page from Arrays in python &amp#27;[90m# src/test/resources/Features/ArrayDetailsPage.feature:15&amp#27;[0m
[INFO ] 2024-12-09 21:56:07.506 [TestNG-PoolService-2] Hooks - ======================  New Test Execution is STARTED!! ======================
[INFO ] 2024-12-09 21:56:07.506 [TestNG-PoolService-3] Hooks - ======================  New Test Execution is STARTED!! ======================
[INFO ] 2024-12-09 21:56:07.528 [TestNG-PoolService-1] Hooks - ======================  New Test Execution is STARTED!! ======================
  &amp#27;[32mGiven &amp#27;[0m&amp#27;[32mThe user is on the DS Introduction page as signedIn&amp#27;[0m &amp#27;[90m# StepDefinitions.DSIntroductionDetails.the_user_is_on_the_ds_introduction_page_as_signed_in()&amp#27;[0m
  &amp#27;[32mGiven &amp#27;[0m&amp#27;[32mThe user is on the DS Introduction page as signedIn&amp#27;[0m                         &amp#27;[90m# StepDefinitions.DSIntroductionDetails.the_user_is_on_the_ds_introduction_page_as_signed_in()&amp#27;[0m
  &amp#27;[32mAnd &amp#27;[0m&amp#27;[32mThe user clicks on Get Started link for array&amp#27;[0m         &amp#27;[90m# StepDefinitions.ArrayStepDefintions.the_user_clicks_on_get_started_link_for_array()&amp#27;[0m
  &amp#27;[32mGiven &amp#27;[0m&amp#27;[32mThe user is on the DS Introduction page as signedIn&amp#27;[0m          &amp#27;[90m# StepDefinitions.DSIntroductionDetails.the_user_is_on_the_ds_introduction_page_as_signed_in()&amp#27;[0m
  &amp#27;[32mAnd &amp#27;[0m&amp#27;[32mThe user clicks on Get Started link for array&amp#27;[0m                                 &amp#27;[90m# StepDefinitions.ArrayStepDefintions.the_user_clicks_on_get_started_link_for_array()&amp#27;[0m
  &amp#27;[32mGiven &amp#27;[0m&amp#27;[32mThe user is on the array details page&amp#27;[0m               &amp#27;[90m# StepDefinitions.ArrayStepDefintions.the_user_is_on_the_array_details_page()&amp#27;[0m
  &amp#27;[32mThen &amp#27;[0m&amp#27;[32mThe user is on the array details page&amp#27;[0m                                        &amp#27;[90m# StepDefinitions.ArrayStepDefintions.the_user_is_on_the_array_details_page()&amp#27;[0m
[INFO ] 2024-12-09 21:56:11.452 [TestNG-PoolService-1] Hooks - ======================  Test Execution is completed!! ======================
  &amp#27;[32mAnd &amp#27;[0m&amp#27;[32mThe user clicks on Get Started link for array&amp#27;[0m                  &amp#27;[90m# StepDefinitions.ArrayStepDefintions.the_user_clicks_on_get_started_link_for_array()&amp#27;[0m
]]></system-out>
    <system-err><![CDATA[Dec 09, 2024 9:56:07 PM org.openqa.selenium.devtools.CdpVersionFinder findNearestMatch
WARNING: Unable to find an exact match for CDP version 131, returning the closest version; found: 130; Please update to a Selenium version that supports CDP version 131
Dec 09, 2024 9:56:07 PM org.openqa.selenium.devtools.CdpVersionFinder findNearestMatch
WARNING: Unable to find an exact match for CDP version 131, returning the closest version; found: 130; Please update to a Selenium version that supports CDP version 131
Dec 09, 2024 9:56:07 PM org.openqa.selenium.devtools.CdpVersionFinder findNearestMatch
WARNING: Unable to find an exact match for CDP version 131, returning the closest version; found: 130; Please update to a Selenium version that supports CDP version 131
]]></system-err>
  </testcase>
  <testcase name="runScenario[&quot;Validate user navigated to array details page when clicked on get started&quot;, &quot;Array detail page&quot;](1)" classname="TestRunners.TestRunner" time="11.597">
    <system-out><![CDATA[ in runner firefox

Scenario: Validate user navigated to array details page when clicked on get started &amp#27;[90m# src/test/resources/Features/ArrayDetailsPage.feature:7&amp#27;[0m

Scenario: Validate user can Try here link page from Arrays in python &amp#27;[90m# src/test/resources/Features/ArrayDetailsPage.feature:15&amp#27;[0m

Scenario: Validate user can navigate to Arrays in python    &amp#27;[90m# src/test/resources/Features/ArrayDetailsPage.feature:10&amp#27;[0m
[INFO ] 2024-12-09 22:04:34.009 [TestNG-PoolService-2] Hooks - ======================  New Test Execution is STARTED!! ======================
[INFO ] 2024-12-09 22:04:34.571 [TestNG-PoolService-1] Hooks - ======================  New Test Execution is STARTED!! ======================
[INFO ] 2024-12-09 22:04:34.829 [TestNG-PoolService-3] Hooks - ======================  New Test Execution is STARTED!! ======================
  &amp#27;[32mGiven &amp#27;[0m&amp#27;[32mThe user is on the DS Introduction page as signedIn&amp#27;[0m &amp#27;[90m# StepDefinitions.DSIntroductionDetails.the_user_is_on_the_ds_introduction_page_as_signed_in()&amp#27;[0m
  &amp#27;[32mGiven &amp#27;[0m&amp#27;[32mThe user is on the DS Introduction page as signedIn&amp#27;[0m                         &amp#27;[90m# StepDefinitions.DSIntroductionDetails.the_user_is_on_the_ds_introduction_page_as_signed_in()&amp#27;[0m
  &amp#27;[32mGiven &amp#27;[0m&amp#27;[32mThe user is on the DS Introduction page as signedIn&amp#27;[0m          &amp#27;[90m# StepDefinitions.DSIntroductionDetails.the_user_is_on_the_ds_introduction_page_as_signed_in()&amp#27;[0m
  &amp#27;[32mAnd &amp#27;[0m&amp#27;[32mThe user clicks on Get Started link for array&amp#27;[0m         &amp#27;[90m# StepDefinitions.ArrayStepDefintions.the_user_clicks_on_get_started_link_for_array()&amp#27;[0m
  &amp#27;[32mAnd &amp#27;[0m&amp#27;[32mThe user clicks on Get Started link for array&amp#27;[0m                  &amp#27;[90m# StepDefinitions.ArrayStepDefintions.the_user_clicks_on_get_started_link_for_array()&amp#27;[0m
  &amp#27;[32mAnd &amp#27;[0m&amp#27;[32mThe user clicks on Get Started link for array&amp#27;[0m                                 &amp#27;[90m# StepDefinitions.ArrayStepDefintions.the_user_clicks_on_get_started_link_for_array()&amp#27;[0m
  &amp#27;[32mGiven &amp#27;[0m&amp#27;[32mThe user is on the array details page&amp#27;[0m               &amp#27;[90m# StepDefinitions.ArrayStepDefintions.the_user_is_on_the_array_details_page()&amp#27;[0m
  &amp#27;[32mThen &amp#27;[0m&amp#27;[32mThe user is on the array details page&amp#27;[0m                                        &amp#27;[90m# StepDefinitions.ArrayStepDefintions.the_user_is_on_the_array_details_page()&amp#27;[0m
[INFO ] 2024-12-09 22:04:38.029 [TestNG-PoolService-1] Hooks - ======================  Test Execution is completed!! ======================
  &amp#27;[32mGiven &amp#27;[0m&amp#27;[32mThe user is on the arrays in python page&amp#27;[0m                     &amp#27;[90m# StepDefinitions.ArrayStepDefintions.the_user_is_on_the_arrays_in_python_page()&amp#27;[0m
  &amp#27;[32mWhen &amp#27;[0m&amp#27;[32mThe user click on Array in python link&amp#27;[0m               &amp#27;[90m# StepDefinitions.ArrayStepDefintions.the_user_click_on_array_in_python_link()&amp#27;[0m
  &amp#27;[32mThen &amp#27;[0m&amp#27;[32mthe user is navigated to array in arrays in python&amp#27;[0m   &amp#27;[90m# StepDefinitions.ArrayStepDefintions.the_user_is_navigated_to_array_in_arrays_in_python()&amp#27;[0m
[INFO ] 2024-12-09 22:04:38.544 [TestNG-PoolService-2] Hooks - ======================  Test Execution is completed!! ======================
  &amp#27;[32mWhen &amp#27;[0m&amp#27;[32mUser clicks Try here link&amp#27;[0m                                     &amp#27;[90m# StepDefinitions.DSIntroductionDetails.user_clicks_try_here_link()&amp#27;[0m
  &amp#27;[32mThen &amp#27;[0m&amp#27;[32mUser should navigate to tryEditor page&amp#27;[0m                        &amp#27;[90m# StepDefinitions.DSIntroductionDetails.user_should_navigate_to_try_editor_page()&amp#27;[0m
[INFO ] 2024-12-09 22:04:39.677 [TestNG-PoolService-3] Hooks - ======================  Test Execution is completed!! ======================
]]></system-out>
    <system-err><![CDATA[Dec 09, 2024 10:04:02 PM tech.grasshopper.pdf.PDFCucumberReport collectReportConfiguration
INFO: PDF report configuration YAML file not found. Using default settings.
]]></system-err>
  </testcase>
  <testcase name="runScenario[&quot;Validate user navigated to array details page when clicked on get started&quot;, &quot;Array detail page&quot;](1)" classname="TestRunners.TestRunner" time="6.902">
    <system-out><![CDATA[ in runner edge

Scenario: Validate user can navigate to Arrays in python    &amp#27;[90m# src/test/resources/Features/ArrayDetailsPage.feature:10&amp#27;[0m

Scenario: Validate user can Try here link page from Arrays in python &amp#27;[90m# src/test/resources/Features/ArrayDetailsPage.feature:15&amp#27;[0m

Scenario: Validate user navigated to array details page when clicked on get started &amp#27;[90m# src/test/resources/Features/ArrayDetailsPage.feature:7&amp#27;[0m
[INFO ] 2024-12-09 22:19:04.432 [TestNG-PoolService-1] Hooks - ======================  New Test Execution is STARTED!! ======================
[INFO ] 2024-12-09 22:19:06.300 [TestNG-PoolService-2] Hooks - ======================  New Test Execution is STARTED!! ======================
[INFO ] 2024-12-09 22:19:06.323 [TestNG-PoolService-3] Hooks - ======================  New Test Execution is STARTED!! ======================
  &amp#27;[32mGiven &amp#27;[0m&amp#27;[32mThe user is on the DS Introduction page as signedIn&amp#27;[0m                         &amp#27;[90m# StepDefinitions.DSIntroductionDetails.the_user_is_on_the_ds_introduction_page_as_signed_in()&amp#27;[0m
  &amp#27;[32mAnd &amp#27;[0m&amp#27;[32mThe user clicks on Get Started link for array&amp#27;[0m                                 &amp#27;[90m# StepDefinitions.ArrayStepDefintions.the_user_clicks_on_get_started_link_for_array()&amp#27;[0m
  &amp#27;[32mThen &amp#27;[0m&amp#27;[32mThe user is on the array details page&amp#27;[0m                                        &amp#27;[90m# StepDefinitions.ArrayStepDefintions.the_user_is_on_the_array_details_page()&amp#27;[0m
[INFO ] 2024-12-09 22:19:08.222 [TestNG-PoolService-1] Hooks - ======================  Test Execution is completed!! ======================
  &amp#27;[32mGiven &amp#27;[0m&amp#27;[32mThe user is on the DS Introduction page as signedIn&amp#27;[0m          &amp#27;[90m# StepDefinitions.DSIntroductionDetails.the_user_is_on_the_ds_introduction_page_as_signed_in()&amp#27;[0m
  &amp#27;[32mAnd &amp#27;[0m&amp#27;[32mThe user clicks on Get Started link for array&amp#27;[0m                  &amp#27;[90m# StepDefinitions.ArrayStepDefintions.the_user_clicks_on_get_started_link_for_array()&amp#27;[0m
  &amp#27;[32mGiven &amp#27;[0m&amp#27;[32mThe user is on the arrays in python page&amp#27;[0m                     &amp#27;[90m# StepDefinitions.ArrayStepDefintions.the_user_is_on_the_arrays_in_python_page()&amp#27;[0m
]]></system-out>
    <system-err><![CDATA[Dec 09, 2024 10:18:30 PM tech.grasshopper.pdf.PDFCucumberReport collectReportConfiguration
INFO: PDF report configuration YAML file not found. Using default settings.
Dec 09, 2024 10:19:02 PM tech.grasshopper.pdf.PDFCucumberReport createReport
SEVERE: An exception occurred
java.io.IOException: The TrueType font null does not contain a 'cmap' table
	at org.apache.fontbox.ttf.TrueTypeFont.getUnicodeCmapImpl(TrueTypeFont.java:562)
	at org.apache.fontbox.ttf.TrueTypeFont.getUnicodeCmapLookup(TrueTypeFont.java:542)
	at org.apache.fontbox.ttf.TrueTypeFont.getUnicodeCmapLookup(TrueTypeFont.java:528)
	at org.apache.fontbox.ttf.TTFSubsetter.<init>(TTFSubsetter.java:90)
	at org.apache.pdfbox.pdmodel.font.TrueTypeEmbedder.subset(TrueTypeEmbedder.java:347)
	at org.apache.pdfbox.pdmodel.font.PDType0Font.subset(PDType0Font.java:263)
	at org.apache.pdfbox.pdmodel.PDDocument.save(PDDocument.java:1369)
	at org.apache.pdfbox.pdmodel.PDDocument.save(PDDocument.java:1344)
	at tech.grasshopper.pdf.PDFCucumberReport.createReport(PDFCucumberReport.java:133)
	at tech.grasshopper.pdf.extent.ExtentPDFCucumberReporter.flush(ExtentPDFCucumberReporter.java:95)
	at tech.grasshopper.pdf.extent.ExtentPDFCucumberReporter$1.onNext(ExtentPDFCucumberReporter.java:69)
	at tech.grasshopper.pdf.extent.ExtentPDFCucumberReporter$1.onNext(ExtentPDFCucumberReporter.java:62)
	at io.reactivex.rxjava3.subjects.PublishSubject$PublishDisposable.onNext(PublishSubject.java:310)
	at io.reactivex.rxjava3.subjects.PublishSubject.onNext(PublishSubject.java:226)
	at com.aventstack.extentreports.ReactiveSubject.onFlush(ReactiveSubject.java:83)
	at com.aventstack.extentreports.AbstractProcessor.onFlush(AbstractProcessor.java:95)
	at com.aventstack.extentreports.ExtentReports.flush(ExtentReports.java:279)
	at com.aventstack.extentreports.service.ExtentService.flush(ExtentService.java:47)
	at com.aventstack.extentreports.cucumber.adapter.ExtentCucumberAdapter.finishReport(ExtentCucumberAdapter.java:301)
	at com.aventstack.extentreports.cucumber.adapter.ExtentCucumberAdapter$8.receive(ExtentCucumberAdapter.java:137)
	at com.aventstack.extentreports.cucumber.adapter.ExtentCucumberAdapter$8.receive(ExtentCucumberAdapter.java:134)
	at io.cucumber.core.eventbus.AbstractEventPublisher.send(AbstractEventPublisher.java:51)
	at io.cucumber.core.eventbus.AbstractEventBus.send(AbstractEventBus.java:12)
	at io.cucumber.core.runtime.SynchronizedEventBus.send(SynchronizedEventBus.java:47)
	at io.cucumber.core.runtime.CucumberExecutionContext.emitTestRunFinished(CucumberExecutionContext.java:117)
	at io.cucumber.core.runtime.CucumberExecutionContext.finishTestRun(CucumberExecutionContext.java:104)
	at io.cucumber.testng.TestNGCucumberRunner.finish(TestNGCucumberRunner.java:145)
	at io.cucumber.testng.AbstractTestNGCucumberTests.tearDownClass(AbstractTestNGCucumberTests.java:57)
	at java.base/jdk.internal.reflect.DirectMethodHandleAccessor.invoke(DirectMethodHandleAccessor.java:103)
	at java.base/java.lang.reflect.Method.invoke(Method.java:580)
	at org.testng.internal.invokers.MethodInvocationHelper.invokeMethod(MethodInvocationHelper.java:141)
	at org.testng.internal.invokers.MethodInvocationHelper.invokeMethodConsideringTimeout(MethodInvocationHelper.java:71)
	at org.testng.internal.invokers.ConfigInvoker.invokeConfigurationMethod(ConfigInvoker.java:400)
	at org.testng.internal.invokers.ConfigInvoker.invokeConfigurations(ConfigInvoker.java:333)
	at org.testng.internal.invokers.TestMethodWorker.invokeAfterClassConfigurations(TestMethodWorker.java:238)
	at org.testng.internal.invokers.TestMethodWorker.invokeAfterClassMethods(TestMethodWorker.java:223)
	at org.testng.internal.invokers.TestMethodWorker.run(TestMethodWorker.java:137)
	at java.base/java.util.ArrayList.forEach(ArrayList.java:1596)
	at org.testng.TestRunner.privateRun(TestRunner.java:739)
	at org.testng.TestRunner.run(TestRunner.java:614)
	at org.testng.SuiteRunner.runTest(SuiteRunner.java:421)
	at org.testng.SuiteRunner.runSequentially(SuiteRunner.java:413)
	at org.testng.SuiteRunner.privateRun(SuiteRunner.java:373)
	at org.testng.SuiteRunner.run(SuiteRunner.java:312)
	at org.testng.SuiteRunnerWorker.runSuite(SuiteRunnerWorker.java:52)
	at org.testng.SuiteRunnerWorker.run(SuiteRunnerWorker.java:95)
	at org.testng.TestNG.runSuitesSequentially(TestNG.java:1274)
	at org.testng.TestNG.runSuitesLocally(TestNG.java:1208)
	at org.testng.TestNG.runSuites(TestNG.java:1112)
	at org.testng.TestNG.run(TestNG.java:1079)
	at org.apache.maven.surefire.testng.TestNGExecutor.run(TestNGExecutor.java:284)
	at org.apache.maven.surefire.testng.TestNGXmlTestSuite.execute(TestNGXmlTestSuite.java:75)
	at org.apache.maven.surefire.testng.TestNGProvider.invoke(TestNGProvider.java:119)
	at org.apache.maven.surefire.booter.ForkedBooter.runSuitesInProcess(ForkedBooter.java:428)
	at org.apache.maven.surefire.booter.ForkedBooter.execute(ForkedBooter.java:162)
	at org.apache.maven.surefire.booter.ForkedBooter.run(ForkedBooter.java:562)
	at org.apache.maven.surefire.booter.ForkedBooter.main(ForkedBooter.java:548)

Dec 09, 2024 10:19:02 PM tech.grasshopper.pdf.extent.ExtentPDFCucumberReporter flush
SEVERE: An exception occurred
tech.grasshopper.pdf.exception.PdfReportException: java.io.IOException: The TrueType font null does not contain a 'cmap' table
	at tech.grasshopper.pdf.PDFCucumberReport.createReport(PDFCucumberReport.java:137)
	at tech.grasshopper.pdf.extent.ExtentPDFCucumberReporter.flush(ExtentPDFCucumberReporter.java:95)
	at tech.grasshopper.pdf.extent.ExtentPDFCucumberReporter$1.onNext(ExtentPDFCucumberReporter.java:69)
	at tech.grasshopper.pdf.extent.ExtentPDFCucumberReporter$1.onNext(ExtentPDFCucumberReporter.java:62)
	at io.reactivex.rxjava3.subjects.PublishSubject$PublishDisposable.onNext(PublishSubject.java:310)
	at io.reactivex.rxjava3.subjects.PublishSubject.onNext(PublishSubject.java:226)
	at com.aventstack.extentreports.ReactiveSubject.onFlush(ReactiveSubject.java:83)
	at com.aventstack.extentreports.AbstractProcessor.onFlush(AbstractProcessor.java:95)
	at com.aventstack.extentreports.ExtentReports.flush(ExtentReports.java:279)
	at com.aventstack.extentreports.service.ExtentService.flush(ExtentService.java:47)
	at com.aventstack.extentreports.cucumber.adapter.ExtentCucumberAdapter.finishReport(ExtentCucumberAdapter.java:301)
	at com.aventstack.extentreports.cucumber.adapter.ExtentCucumberAdapter$8.receive(ExtentCucumberAdapter.java:137)
	at com.aventstack.extentreports.cucumber.adapter.ExtentCucumberAdapter$8.receive(ExtentCucumberAdapter.java:134)
	at io.cucumber.core.eventbus.AbstractEventPublisher.send(AbstractEventPublisher.java:51)
	at io.cucumber.core.eventbus.AbstractEventBus.send(AbstractEventBus.java:12)
	at io.cucumber.core.runtime.SynchronizedEventBus.send(SynchronizedEventBus.java:47)
	at io.cucumber.core.runtime.CucumberExecutionContext.emitTestRunFinished(CucumberExecutionContext.java:117)
	at io.cucumber.core.runtime.CucumberExecutionContext.finishTestRun(CucumberExecutionContext.java:104)
	at io.cucumber.testng.TestNGCucumberRunner.finish(TestNGCucumberRunner.java:145)
	at io.cucumber.testng.AbstractTestNGCucumberTests.tearDownClass(AbstractTestNGCucumberTests.java:57)
	at java.base/jdk.internal.reflect.DirectMethodHandleAccessor.invoke(DirectMethodHandleAccessor.java:103)
	at java.base/java.lang.reflect.Method.invoke(Method.java:580)
	at org.testng.internal.invokers.MethodInvocationHelper.invokeMethod(MethodInvocationHelper.java:141)
	at org.testng.internal.invokers.MethodInvocationHelper.invokeMethodConsideringTimeout(MethodInvocationHelper.java:71)
	at org.testng.internal.invokers.ConfigInvoker.invokeConfigurationMethod(ConfigInvoker.java:400)
	at org.testng.internal.invokers.ConfigInvoker.invokeConfigurations(ConfigInvoker.java:333)
	at org.testng.internal.invokers.TestMethodWorker.invokeAfterClassConfigurations(TestMethodWorker.java:238)
	at org.testng.internal.invokers.TestMethodWorker.invokeAfterClassMethods(TestMethodWorker.java:223)
	at org.testng.internal.invokers.TestMethodWorker.run(TestMethodWorker.java:137)
	at java.base/java.util.ArrayList.forEach(ArrayList.java:1596)
	at org.testng.TestRunner.privateRun(TestRunner.java:739)
	at org.testng.TestRunner.run(TestRunner.java:614)
	at org.testng.SuiteRunner.runTest(SuiteRunner.java:421)
	at org.testng.SuiteRunner.runSequentially(SuiteRunner.java:413)
	at org.testng.SuiteRunner.privateRun(SuiteRunner.java:373)
	at org.testng.SuiteRunner.run(SuiteRunner.java:312)
	at org.testng.SuiteRunnerWorker.runSuite(SuiteRunnerWorker.java:52)
	at org.testng.SuiteRunnerWorker.run(SuiteRunnerWorker.java:95)
	at org.testng.TestNG.runSuitesSequentially(TestNG.java:1274)
	at org.testng.TestNG.runSuitesLocally(TestNG.java:1208)
	at org.testng.TestNG.runSuites(TestNG.java:1112)
	at org.testng.TestNG.run(TestNG.java:1079)
	at org.apache.maven.surefire.testng.TestNGExecutor.run(TestNGExecutor.java:284)
	at org.apache.maven.surefire.testng.TestNGXmlTestSuite.execute(TestNGXmlTestSuite.java:75)
	at org.apache.maven.surefire.testng.TestNGProvider.invoke(TestNGProvider.java:119)
	at org.apache.maven.surefire.booter.ForkedBooter.runSuitesInProcess(ForkedBooter.java:428)
	at org.apache.maven.surefire.booter.ForkedBooter.execute(ForkedBooter.java:162)
	at org.apache.maven.surefire.booter.ForkedBooter.run(ForkedBooter.java:562)
	at org.apache.maven.surefire.booter.ForkedBooter.main(ForkedBooter.java:548)
Caused by: java.io.IOException: The TrueType font null does not contain a 'cmap' table
	at org.apache.fontbox.ttf.TrueTypeFont.getUnicodeCmapImpl(TrueTypeFont.java:562)
	at org.apache.fontbox.ttf.TrueTypeFont.getUnicodeCmapLookup(TrueTypeFont.java:542)
	at org.apache.fontbox.ttf.TrueTypeFont.getUnicodeCmapLookup(TrueTypeFont.java:528)
	at org.apache.fontbox.ttf.TTFSubsetter.<init>(TTFSubsetter.java:90)
	at org.apache.pdfbox.pdmodel.font.TrueTypeEmbedder.subset(TrueTypeEmbedder.java:347)
	at org.apache.pdfbox.pdmodel.font.PDType0Font.subset(PDType0Font.java:263)
	at org.apache.pdfbox.pdmodel.PDDocument.save(PDDocument.java:1369)
	at org.apache.pdfbox.pdmodel.PDDocument.save(PDDocument.java:1344)
	at tech.grasshopper.pdf.PDFCucumberReport.createReport(PDFCucumberReport.java:133)
	... 48 more

Dec 09, 2024 10:19:04 PM org.openqa.selenium.devtools.CdpVersionFinder findNearestMatch
WARNING: Unable to find an exact match for CDP version 131, returning the closest version; found: 130; Please update to a Selenium version that supports CDP version 131
Dec 09, 2024 10:19:06 PM org.openqa.selenium.devtools.CdpVersionFinder findNearestMatch
WARNING: Unable to find an exact match for CDP version 131, returning the closest version; found: 130; Please update to a Selenium version that supports CDP version 131
Dec 09, 2024 10:19:06 PM org.openqa.selenium.devtools.CdpVersionFinder findNearestMatch
WARNING: Unable to find an exact match for CDP version 131, returning the closest version; found: 130; Please update to a Selenium version that supports CDP version 131
]]></system-err>
  </testcase>
  <testcase name="runScenario[&quot;Validate user can navigate to Arrays in python&quot;, &quot;Array detail page&quot;](2)" classname="TestRunners.TestRunner" time="0.537">
    <system-out><![CDATA[
Scenario: Error message displayed for invalid code on try Editor for Queue operations &amp#27;[90m# src/test/resources/Features/ArrayDetailsPage.feature:20&amp#27;[0m
  &amp#27;[32mWhen &amp#27;[0m&amp#27;[32mThe user click on Array in python link&amp#27;[0m               &amp#27;[90m# StepDefinitions.ArrayStepDefintions.the_user_click_on_array_in_python_link()&amp#27;[0m
  &amp#27;[32mThen &amp#27;[0m&amp#27;[32mthe user is navigated to array in arrays in python&amp#27;[0m   &amp#27;[90m# StepDefinitions.ArrayStepDefintions.the_user_is_navigated_to_array_in_arrays_in_python()&amp#27;[0m
[INFO ] 2024-12-09 21:56:12.028 [TestNG-PoolService-2] Hooks - ======================  Test Execution is completed!! ======================
]]></system-out>
  </testcase>
  <testcase name="runScenario[&quot;Validate user can navigate to Arrays in python&quot;, &quot;Array detail page&quot;](2)" classname="TestRunners.TestRunner" time="0.387">
    <system-out><![CDATA[
Scenario: Error message displayed for invalid code on try Editor for Queue operations &amp#27;[90m# src/test/resources/Features/ArrayDetailsPage.feature:20&amp#27;[0m
]]></system-out>
  </testcase>
  <testcase name="runScenario[&quot;Validate user can Try here link page from Arrays in python&quot;, &quot;Array detail page&quot;](3)" classname="TestRunners.TestRunner" time="1.334">
    <system-out><![CDATA[
Scenario: No error message displayed for empty code on try editor for array in python &amp#27;[90m# src/test/resources/Features/ArrayDetailsPage.feature:27&amp#27;[0m
  &amp#27;[32mGiven &amp#27;[0m&amp#27;[32mThe user is on the arrays in python page&amp#27;[0m                     &amp#27;[90m# StepDefinitions.ArrayStepDefintions.the_user_is_on_the_arrays_in_python_page()&amp#27;[0m
[INFO ] 2024-12-09 21:56:12.899 [TestNG-PoolService-1] Hooks - ======================  New Test Execution is STARTED!! ======================
  &amp#27;[32mWhen &amp#27;[0m&amp#27;[32mUser clicks Try here link&amp#27;[0m                                     &amp#27;[90m# StepDefinitions.DSIntroductionDetails.user_clicks_try_here_link()&amp#27;[0m
  &amp#27;[32mThen &amp#27;[0m&amp#27;[32mUser should navigate to tryEditor page&amp#27;[0m                        &amp#27;[90m# StepDefinitions.DSIntroductionDetails.user_should_navigate_to_try_editor_page()&amp#27;[0m
[INFO ] 2024-12-09 21:56:13.110 [TestNG-PoolService-3] Hooks - ======================  Test Execution is completed!! ======================
]]></system-out>
    <system-err><![CDATA[Dec 09, 2024 9:56:12 PM org.openqa.selenium.devtools.CdpVersionFinder findNearestMatch
WARNING: Unable to find an exact match for CDP version 131, returning the closest version; found: 130; Please update to a Selenium version that supports CDP version 131
]]></system-err>
  </testcase>
  <testcase name="runScenario[&quot;Validate user can Try here link page from Arrays in python&quot;, &quot;Array detail page&quot;](3)" classname="TestRunners.TestRunner" time="1.658">
    <system-out><![CDATA[
Scenario: No error message displayed for empty code on try editor for array in python &amp#27;[90m# src/test/resources/Features/ArrayDetailsPage.feature:27&amp#27;[0m
]]></system-out>
  </testcase>
  <testcase name="runScenario[&quot;Error message displayed for invalid code on try Editor for Queue operations&quot;, &quot;Array detail page&quot;](4)" classname="TestRunners.TestRunner" time="4.201">
    <failure message="element not interactable&#10;  (Session info: chrome=131.0.6778.109)&#10;Build info: version: &apos;4.26.0&apos;, revision: &apos;8ccf0219d7&apos;&#10;System info: os.name: &apos;Windows 11&apos;, os.arch: &apos;amd64&apos;, os.version: &apos;10.0&apos;, java.version: &apos;21.0.5&apos;&#10;Driver info: org.openqa.selenium.chrome.ChromeDriver&#10;Command: [0ec6aa5099f961f82d0198c235fa9513, sendKeysToElement {value=[Ljava.lang.CharSequence;@b575546, id=f.895A0810B2576509FE49212B12B81062.d.78C0AB96BAC74106C6A54BCDD0F178B2.e.53}]&#10;Capabilities {acceptInsecureCerts: false, browserName: chrome, browserVersion: 131.0.6778.109, chrome: {chromedriverVersion: 131.0.6778.87 (ce31cae94873..., userDataDir: C:\Users\vamsh\AppData\Loca...}, fedcm:accounts: true, goog:chromeOptions: {debuggerAddress: localhost:55737}, networkConnectionEnabled: false, pageLoadStrategy: normal, platformName: windows, proxy: Proxy(), se:cdp: ws://localhost:55737/devtoo..., se:cdpVersion: 131.0.6778.109, setWindowRect: true, strictFileInteractability: false, timeouts: {implicit: 0, pageLoad: 300000, script: 30000}, unhandledPromptBehavior: dismiss and notify, webauthn:extension:credBlob: true, webauthn:extension:largeBlob: true, webauthn:extension:minPinLength: true, webauthn:extension:prf: true, webauthn:virtualAuthenticators: true}&#10;Element: [[ChromeDriver: chrome on windows (0ec6aa5099f961f82d0198c235fa9513)] -&gt; css selector: .CodeMirror textarea]&#10;Session ID: 0ec6aa5099f961f82d0198c235fa9513" type="org.openqa.selenium.ElementNotInteractableException"><![CDATA[org.openqa.selenium.ElementNotInteractableException: 
element not interactable
  (Session info: chrome=131.0.6778.109)
Build info: version: '4.26.0', revision: '8ccf0219d7'
System info: os.name: 'Windows 11', os.arch: 'amd64', os.version: '10.0', java.version: '21.0.5'
Driver info: org.openqa.selenium.chrome.ChromeDriver
Command: [0ec6aa5099f961f82d0198c235fa9513, sendKeysToElement {value=[Ljava.lang.CharSequence;@b575546, id=f.895A0810B2576509FE49212B12B81062.d.78C0AB96BAC74106C6A54BCDD0F178B2.e.53}]
Capabilities {acceptInsecureCerts: false, browserName: chrome, browserVersion: 131.0.6778.109, chrome: {chromedriverVersion: 131.0.6778.87 (ce31cae94873..., userDataDir: C:\Users\vamsh\AppData\Loca...}, fedcm:accounts: true, goog:chromeOptions: {debuggerAddress: localhost:55737}, networkConnectionEnabled: false, pageLoadStrategy: normal, platformName: windows, proxy: Proxy(), se:cdp: ws://localhost:55737/devtoo..., se:cdpVersion: 131.0.6778.109, setWindowRect: true, strictFileInteractability: false, timeouts: {implicit: 0, pageLoad: 300000, script: 30000}, unhandledPromptBehavior: dismiss and notify, webauthn:extension:credBlob: true, webauthn:extension:largeBlob: true, webauthn:extension:minPinLength: true, webauthn:extension:prf: true, webauthn:virtualAuthenticators: true}
Element: [[ChromeDriver: chrome on windows (0ec6aa5099f961f82d0198c235fa9513)] -> css selector: .CodeMirror textarea]
Session ID: 0ec6aa5099f961f82d0198c235fa9513
]]></failure>
    <system-out><![CDATA[
Scenario: Valid code on try editor for arrays in python runs successfully &amp#27;[90m# src/test/resources/Features/ArrayDetailsPage.feature:33&amp#27;[0m
[INFO ] 2024-12-09 21:56:13.743 [TestNG-PoolService-2] Hooks - ======================  New Test Execution is STARTED!! ======================
[INFO ] 2024-12-09 21:56:14.859 [TestNG-PoolService-3] Hooks - ======================  New Test Execution is STARTED!! ======================
  &amp#27;[32mGiven &amp#27;[0m&amp#27;[32mThe user is on the DS Introduction page as signedIn&amp#27;[0m                           &amp#27;[90m# StepDefinitions.DSIntroductionDetails.the_user_is_on_the_ds_introduction_page_as_signed_in()&amp#27;[0m
  &amp#27;[32mAnd &amp#27;[0m&amp#27;[32mThe user clicks on Get Started link for array&amp#27;[0m                                   &amp#27;[90m# StepDefinitions.ArrayStepDefintions.the_user_clicks_on_get_started_link_for_array()&amp#27;[0m
  &amp#27;[32mGiven &amp#27;[0m&amp#27;[32mThe user is on the arrays in python page&amp#27;[0m                                      &amp#27;[90m# StepDefinitions.ArrayStepDefintions.the_user_is_on_the_arrays_in_python_page()&amp#27;[0m
  &amp#27;[32mGiven &amp#27;[0m&amp#27;[32mThe user is on the DS Introduction page as signedIn&amp#27;[0m               &amp#27;[90m# StepDefinitions.DSIntroductionDetails.the_user_is_on_the_ds_introduction_page_as_signed_in()&amp#27;[0m
  &amp#27;[32mAnd &amp#27;[0m&amp#27;[32mThe user clicks on Get Started link for array&amp#27;[0m                       &amp#27;[90m# StepDefinitions.ArrayStepDefintions.the_user_clicks_on_get_started_link_for_array()&amp#27;[0m
  &amp#27;[32mGiven &amp#27;[0m&amp#27;[32mThe user is on the DS Introduction page as signedIn&amp#27;[0m                           &amp#27;[90m# StepDefinitions.DSIntroductionDetails.the_user_is_on_the_ds_introduction_page_as_signed_in()&amp#27;[0m
  &amp#27;[32mAnd &amp#27;[0m&amp#27;[32mUser clicks Try here link&amp#27;[0m                                                       &amp#27;[90m# StepDefinitions.DSIntroductionDetails.user_clicks_try_here_link()&amp#27;[0m
  &amp#27;[32mAnd &amp#27;[0m&amp#27;[32mThe user clicks on Get Started link for array&amp#27;[0m                                   &amp#27;[90m# StepDefinitions.ArrayStepDefintions.the_user_clicks_on_get_started_link_for_array()&amp#27;[0m
  &amp#27;[32mGiven &amp#27;[0m&amp#27;[32mThe user is on the arrays in python page&amp#27;[0m                          &amp#27;[90m# StepDefinitions.ArrayStepDefintions.the_user_is_on_the_arrays_in_python_page()&amp#27;[0m
  &amp#27;[31mWhen &amp#27;[0m&amp#27;[31mThe user write the invalid code in Editor&amp#27;[0m                                      &amp#27;[90m# StepDefinitions.DSIntroductionDetails.the_user_write_the_invalid_code_in_editor()&amp#27;[0m
      &amp#27;[31morg.openqa.selenium.ElementNotInteractableException: element not interactable
  (Session info: chrome=131.0.6778.109)
Build info: version: '4.26.0', revision: '8ccf0219d7'
System info: os.name: 'Windows 11', os.arch: 'amd64', os.version: '10.0', java.version: '21.0.5'
Driver info: org.openqa.selenium.chrome.ChromeDriver
Command: [0ec6aa5099f961f82d0198c235fa9513, sendKeysToElement {value=[Ljava.lang.CharSequence;@b575546, id=f.895A0810B2576509FE49212B12B81062.d.78C0AB96BAC74106C6A54BCDD0F178B2.e.53}]
Capabilities {acceptInsecureCerts: false, browserName: chrome, browserVersion: 131.0.6778.109, chrome: {chromedriverVersion: 131.0.6778.87 (ce31cae94873..., userDataDir: C:\Users\vamsh\AppData\Loca...}, fedcm:accounts: true, goog:chromeOptions: {debuggerAddress: localhost:55737}, networkConnectionEnabled: false, pageLoadStrategy: normal, platformName: windows, proxy: Proxy(), se:cdp: ws://localhost:55737/devtoo..., se:cdpVersion: 131.0.6778.109, setWindowRect: true, strictFileInteractability: false, timeouts: {implicit: 0, pageLoad: 300000, script: 30000}, unhandledPromptBehavior: dismiss and notify, webauthn:extension:credBlob: true, webauthn:extension:largeBlob: true, webauthn:extension:minPinLength: true, webauthn:extension:prf: true, webauthn:virtualAuthenticators: true}
Element: [[ChromeDriver: chrome on windows (0ec6aa5099f961f82d0198c235fa9513)] -> css selector: .CodeMirror textarea]
Session ID: 0ec6aa5099f961f82d0198c235fa9513
	at java.base/jdk.internal.reflect.DirectConstructorHandleAccessor.newInstance(DirectConstructorHandleAccessor.java:62)
	at java.base/java.lang.reflect.Constructor.newInstanceWithCaller(Constructor.java:502)
	at java.base/java.lang.reflect.Constructor.newInstance(Constructor.java:486)
	at org.openqa.selenium.remote.ErrorCodec.decode(ErrorCodec.java:167)
	at org.openqa.selenium.remote.codec.w3c.W3CHttpResponseCodec.decode(W3CHttpResponseCodec.java:138)
	at org.openqa.selenium.remote.codec.w3c.W3CHttpResponseCodec.decode(W3CHttpResponseCodec.java:50)
	at org.openqa.selenium.remote.HttpCommandExecutor.execute(HttpCommandExecutor.java:190)
	at org.openqa.selenium.remote.service.DriverCommandExecutor.invokeExecute(DriverCommandExecutor.java:216)
	at org.openqa.selenium.remote.service.DriverCommandExecutor.execute(DriverCommandExecutor.java:174)
	at org.openqa.selenium.remote.RemoteWebDriver.execute(RemoteWebDriver.java:545)
	at org.openqa.selenium.remote.RemoteWebElement.execute(RemoteWebElement.java:223)
	at org.openqa.selenium.remote.RemoteWebElement.sendKeys(RemoteWebElement.java:110)
	at PageObjects.IntroductionPage.enterCodeInEditor(IntroductionPage.java:146)
	at StepDefinitions.DSIntroductionDetails.the_user_write_the_invalid_code_in_editor(DSIntroductionDetails.java:138)
	at ✽.The user write the invalid code in Editor(file:///C:/Projects/Repo1/src/test/resources/Features/ArrayDetailsPage.feature:23)
&amp#27;[0m
  &amp#27;[36mAnd &amp#27;[0m&amp#27;[36mClick the Run button&amp#27;[0m                                                            &amp#27;[90m# StepDefinitions.DSIntroductionDetails.click_the_run_button()&amp#27;[0m
  &amp#27;[36mThen &amp#27;[0m&amp#27;[36mThe user should able to see an error message in alert window&amp#27;[0m                   &amp#27;[90m# StepDefinitions.DSIntroductionDetails.the_user_should_able_to_see_an_error_message_in_alert_window()&amp#27;[0m
[ERROR] 2024-12-09 21:56:17.418 [TestNG-PoolService-1] Hooks - ======================  TEST CASE FAILED !! ======================

    Embedding screenshot [image/png 7853 bytes]

[INFO ] 2024-12-09 21:56:17.544 [TestNG-PoolService-1] Hooks - ======================  Screenshot is captured  ======================
[INFO ] 2024-12-09 21:56:17.548 [TestNG-PoolService-1] Hooks - ======================  Test Execution is completed!! ======================
]]></system-out>
    <system-err><![CDATA[Dec 09, 2024 9:56:13 PM org.openqa.selenium.devtools.CdpVersionFinder findNearestMatch
WARNING: Unable to find an exact match for CDP version 131, returning the closest version; found: 130; Please update to a Selenium version that supports CDP version 131
Dec 09, 2024 9:56:14 PM org.openqa.selenium.devtools.CdpVersionFinder findNearestMatch
WARNING: Unable to find an exact match for CDP version 131, returning the closest version; found: 130; Please update to a Selenium version that supports CDP version 131
]]></system-err>
  </testcase>
  <testcase name="runScenario[&quot;Error message displayed for invalid code on try Editor for Queue operations&quot;, &quot;Array detail page&quot;](4)" classname="TestRunners.TestRunner" time="11.895">
    <failure message="Build info: version: &apos;4.26.0&apos;, revision: &apos;8ccf0219d7&apos;&#10;System info: os.name: &apos;Windows 11&apos;, os.arch: &apos;amd64&apos;, os.version: &apos;10.0&apos;, java.version: &apos;21.0.5&apos;&#10;Driver info: org.openqa.selenium.firefox.FirefoxDriver&#10;Command: [e3c1dff4-fb10-46bc-a6ae-4cdf78449e27, getAlertText {}]&#10;Capabilities {acceptInsecureCerts: true, browserName: firefox, browserVersion: 133.0, moz:accessibilityChecks: false, moz:buildID: 20241121140525, moz:debuggerAddress: 127.0.0.1:2002, moz:geckodriverVersion: 0.35.0, moz:headless: false, moz:platformVersion: 10.0, moz:processID: 38096, moz:profile: C:\Users\vamsh\AppData\Loca..., moz:shutdownTimeout: 60000, moz:webdriverClick: true, moz:windowless: false, pageLoadStrategy: normal, platformName: windows, proxy: Proxy(), se:cdp: ws://127.0.0.1:2002/devtool..., se:cdpVersion: 85.0, setWindowRect: true, strictFileInteractability: false, timeouts: {implicit: 0, pageLoad: 300000, script: 30000}, unhandledPromptBehavior: dismiss and notify, userAgent: Mozilla/5.0 (Windows NT 10....}&#10;Session ID: e3c1dff4-fb10-46bc-a6ae-4cdf78449e27" type="org.openqa.selenium.NoAlertPresentException"><![CDATA[org.openqa.selenium.NoAlertPresentException: 
Build info: version: '4.26.0', revision: '8ccf0219d7'
System info: os.name: 'Windows 11', os.arch: 'amd64', os.version: '10.0', java.version: '21.0.5'
Driver info: org.openqa.selenium.firefox.FirefoxDriver
Command: [e3c1dff4-fb10-46bc-a6ae-4cdf78449e27, getAlertText {}]
Capabilities {acceptInsecureCerts: true, browserName: firefox, browserVersion: 133.0, moz:accessibilityChecks: false, moz:buildID: 20241121140525, moz:debuggerAddress: 127.0.0.1:2002, moz:geckodriverVersion: 0.35.0, moz:headless: false, moz:platformVersion: 10.0, moz:processID: 38096, moz:profile: C:\Users\vamsh\AppData\Loca..., moz:shutdownTimeout: 60000, moz:webdriverClick: true, moz:windowless: false, pageLoadStrategy: normal, platformName: windows, proxy: Proxy(), se:cdp: ws://127.0.0.1:2002/devtool..., se:cdpVersion: 85.0, setWindowRect: true, strictFileInteractability: false, timeouts: {implicit: 0, pageLoad: 300000, script: 30000}, unhandledPromptBehavior: dismiss and notify, userAgent: Mozilla/5.0 (Windows NT 10....}
Session ID: e3c1dff4-fb10-46bc-a6ae-4cdf78449e27
]]></failure>
    <system-out><![CDATA[
Scenario: Valid code on try editor for arrays in python runs successfully &amp#27;[90m# src/test/resources/Features/ArrayDetailsPage.feature:33&amp#27;[0m
[INFO ] 2024-12-09 22:04:45.940 [TestNG-PoolService-1] Hooks - ======================  New Test Execution is STARTED!! ======================
[INFO ] 2024-12-09 22:04:46.684 [TestNG-PoolService-2] Hooks - ======================  New Test Execution is STARTED!! ======================
[INFO ] 2024-12-09 22:04:48.541 [TestNG-PoolService-3] Hooks - ======================  New Test Execution is STARTED!! ======================
  &amp#27;[32mGiven &amp#27;[0m&amp#27;[32mThe user is on the DS Introduction page as signedIn&amp#27;[0m                           &amp#27;[90m# StepDefinitions.DSIntroductionDetails.the_user_is_on_the_ds_introduction_page_as_signed_in()&amp#27;[0m
  &amp#27;[32mAnd &amp#27;[0m&amp#27;[32mThe user clicks on Get Started link for array&amp#27;[0m                                   &amp#27;[90m# StepDefinitions.ArrayStepDefintions.the_user_clicks_on_get_started_link_for_array()&amp#27;[0m
  &amp#27;[32mGiven &amp#27;[0m&amp#27;[32mThe user is on the DS Introduction page as signedIn&amp#27;[0m                           &amp#27;[90m# StepDefinitions.DSIntroductionDetails.the_user_is_on_the_ds_introduction_page_as_signed_in()&amp#27;[0m
  &amp#27;[32mGiven &amp#27;[0m&amp#27;[32mThe user is on the arrays in python page&amp#27;[0m                                      &amp#27;[90m# StepDefinitions.ArrayStepDefintions.the_user_is_on_the_arrays_in_python_page()&amp#27;[0m
  &amp#27;[32mAnd &amp#27;[0m&amp#27;[32mThe user clicks on Get Started link for array&amp#27;[0m                                   &amp#27;[90m# StepDefinitions.ArrayStepDefintions.the_user_clicks_on_get_started_link_for_array()&amp#27;[0m
  &amp#27;[32mGiven &amp#27;[0m&amp#27;[32mThe user is on the arrays in python page&amp#27;[0m                                      &amp#27;[90m# StepDefinitions.ArrayStepDefintions.the_user_is_on_the_arrays_in_python_page()&amp#27;[0m
  &amp#27;[32mGiven &amp#27;[0m&amp#27;[32mThe user is on the DS Introduction page as signedIn&amp#27;[0m               &amp#27;[90m# StepDefinitions.DSIntroductionDetails.the_user_is_on_the_ds_introduction_page_as_signed_in()&amp#27;[0m
  &amp#27;[32mAnd &amp#27;[0m&amp#27;[32mThe user clicks on Get Started link for array&amp#27;[0m                       &amp#27;[90m# StepDefinitions.ArrayStepDefintions.the_user_clicks_on_get_started_link_for_array()&amp#27;[0m
  &amp#27;[32mAnd &amp#27;[0m&amp#27;[32mUser clicks Try here link&amp#27;[0m                                                       &amp#27;[90m# StepDefinitions.DSIntroductionDetails.user_clicks_try_here_link()&amp#27;[0m
  &amp#27;[32mWhen &amp#27;[0m&amp#27;[32mThe user write the invalid code in Editor&amp#27;[0m                                      &amp#27;[90m# StepDefinitions.DSIntroductionDetails.the_user_write_the_invalid_code_in_editor()&amp#27;[0m
  &amp#27;[32mGiven &amp#27;[0m&amp#27;[32mThe user is on the arrays in python page&amp#27;[0m                          &amp#27;[90m# StepDefinitions.ArrayStepDefintions.the_user_is_on_the_arrays_in_python_page()&amp#27;[0m
  &amp#27;[32mAnd &amp#27;[0m&amp#27;[32mClick the Run button&amp#27;[0m                                                            &amp#27;[90m# StepDefinitions.DSIntroductionDetails.click_the_run_button()&amp#27;[0m
  &amp#27;[31mThen &amp#27;[0m&amp#27;[31mThe user should able to see an error message in alert window&amp#27;[0m                   &amp#27;[90m# StepDefinitions.DSIntroductionDetails.the_user_should_able_to_see_an_error_message_in_alert_window()&amp#27;[0m
      &amp#27;[31morg.openqa.selenium.NoAlertPresentException: Build info: version: '4.26.0', revision: '8ccf0219d7'
System info: os.name: 'Windows 11', os.arch: 'amd64', os.version: '10.0', java.version: '21.0.5'
Driver info: org.openqa.selenium.firefox.FirefoxDriver
Command: [e3c1dff4-fb10-46bc-a6ae-4cdf78449e27, getAlertText {}]
Capabilities {acceptInsecureCerts: true, browserName: firefox, browserVersion: 133.0, moz:accessibilityChecks: false, moz:buildID: 20241121140525, moz:debuggerAddress: 127.0.0.1:2002, moz:geckodriverVersion: 0.35.0, moz:headless: false, moz:platformVersion: 10.0, moz:processID: 38096, moz:profile: C:\Users\vamsh\AppData\Loca..., moz:shutdownTimeout: 60000, moz:webdriverClick: true, moz:windowless: false, pageLoadStrategy: normal, platformName: windows, proxy: Proxy(), se:cdp: ws://127.0.0.1:2002/devtool..., se:cdpVersion: 85.0, setWindowRect: true, strictFileInteractability: false, timeouts: {implicit: 0, pageLoad: 300000, script: 30000}, unhandledPromptBehavior: dismiss and notify, userAgent: Mozilla/5.0 (Windows NT 10....}
Session ID: e3c1dff4-fb10-46bc-a6ae-4cdf78449e27
	at java.base/jdk.internal.reflect.DirectConstructorHandleAccessor.newInstance(DirectConstructorHandleAccessor.java:62)
	at java.base/java.lang.reflect.Constructor.newInstanceWithCaller(Constructor.java:502)
	at java.base/java.lang.reflect.Constructor.newInstance(Constructor.java:486)
	at org.openqa.selenium.remote.ErrorCodec.decode(ErrorCodec.java:167)
	at org.openqa.selenium.remote.codec.w3c.W3CHttpResponseCodec.decode(W3CHttpResponseCodec.java:138)
	at org.openqa.selenium.remote.codec.w3c.W3CHttpResponseCodec.decode(W3CHttpResponseCodec.java:50)
	at org.openqa.selenium.remote.HttpCommandExecutor.execute(HttpCommandExecutor.java:190)
	at org.openqa.selenium.remote.service.DriverCommandExecutor.invokeExecute(DriverCommandExecutor.java:216)
	at org.openqa.selenium.remote.service.DriverCommandExecutor.execute(DriverCommandExecutor.java:174)
	at org.openqa.selenium.remote.RemoteWebDriver.execute(RemoteWebDriver.java:545)
	at org.openqa.selenium.remote.RemoteWebDriver.execute(RemoteWebDriver.java:618)
	at org.openqa.selenium.remote.RemoteWebDriver.execute(RemoteWebDriver.java:622)
	at org.openqa.selenium.remote.RemoteWebDriver$RemoteTargetLocator.alert(RemoteWebDriver.java:1190)
	at PageObjects.IntroductionPage.validateErrorMessageDisplayedOnAlert(IntroductionPage.java:153)
	at StepDefinitions.DSIntroductionDetails.the_user_should_able_to_see_an_error_message_in_alert_window(DSIntroductionDetails.java:148)
	at ✽.The user should able to see an error message in alert window(file:///C:/Projects/Repo1/src/test/resources/Features/ArrayDetailsPage.feature:25)
&amp#27;[0m
[ERROR] 2024-12-09 22:04:52.277 [TestNG-PoolService-1] Hooks - ======================  TEST CASE FAILED !! ======================
  &amp#27;[32mAnd &amp#27;[0m&amp#27;[32mUser clicks Try here link&amp#27;[0m                                                       &amp#27;[90m# StepDefinitions.DSIntroductionDetails.user_clicks_try_here_link()&amp#27;[0m

    Embedding screenshot [image/png 37860 bytes]

[INFO ] 2024-12-09 22:04:52.457 [TestNG-PoolService-1] Hooks - ======================  Screenshot is captured  ======================
[INFO ] 2024-12-09 22:04:52.479 [TestNG-PoolService-1] Hooks - ======================  Test Execution is completed!! ======================
  &amp#27;[32mWhen &amp#27;[0m&amp#27;[32mClick the Run button&amp#27;[0m                                                           &amp#27;[90m# StepDefinitions.DSIntroductionDetails.click_the_run_button()&amp#27;[0m
  &amp#27;[32mThen &amp#27;[0m&amp#27;[32mThe user should not see any error message or alert&amp#27;[0m                             &amp#27;[90m# StepDefinitions.DSIntroductionDetails.the_user_should_not_see_any_error_message_or_alert()&amp#27;[0m
[INFO ] 2024-12-09 22:04:52.749 [TestNG-PoolService-2] Hooks - ======================  Test Execution is completed!! ======================
  &amp#27;[32mAnd &amp#27;[0m&amp#27;[32mUser clicks Try here link&amp#27;[0m                                           &amp#27;[90m# StepDefinitions.DSIntroductionDetails.user_clicks_try_here_link()&amp#27;[0m
  &amp#27;[32mWhen &amp#27;[0m&amp#27;[32mThe user write the valid code in Editor&amp#27;[0m                            &amp#27;[90m# StepDefinitions.DSIntroductionDetails.the_user_write_the_valid_code_in_editor()&amp#27;[0m
  &amp#27;[32mAnd &amp#27;[0m&amp#27;[32mClick the Run button&amp#27;[0m                                                &amp#27;[90m# StepDefinitions.DSIntroductionDetails.click_the_run_button()&amp#27;[0m
  &amp#27;[32mThen &amp#27;[0m&amp#27;[32mThe user should able to see output in the console&amp#27;[0m                  &amp#27;[90m# StepDefinitions.DSIntroductionDetails.the_user_should_able_to_see_output_in_the_console()&amp#27;[0m
[INFO ] 2024-12-09 22:04:53.605 [TestNG-PoolService-3] Hooks - ======================  Test Execution is completed!! ======================
]]></system-out>
  </testcase>
  <testcase name="runScenario[&quot;Error message displayed for invalid code on try Editor for Queue operations&quot;, &quot;Array detail page&quot;](4)" classname="TestRunners.TestRunner" time="4.668">
    <failure message="element not interactable&#10;  (Session info: MicrosoftEdge=131.0.2903.86)&#10;Build info: version: &apos;4.26.0&apos;, revision: &apos;8ccf0219d7&apos;&#10;System info: os.name: &apos;Windows 11&apos;, os.arch: &apos;amd64&apos;, os.version: &apos;10.0&apos;, java.version: &apos;21.0.5&apos;&#10;Driver info: org.openqa.selenium.edge.EdgeDriver&#10;Command: [e104d23764a0439b1e738b37e6d7dad1, sendKeysToElement {value=[Ljava.lang.CharSequence;@767a8ef3, id=f.824D343BA965065EE07233C33907B9FF.d.58A7F89F45D8C9E14BF23F59ACC30DE8.e.39}]&#10;Capabilities {acceptInsecureCerts: false, browserName: MicrosoftEdge, browserVersion: 131.0.2903.86, fedcm:accounts: true, ms:edgeOptions: {debuggerAddress: localhost:58891}, msedge: {msedgedriverVersion: 131.0.2903.86 (cf5bf303997c..., userDataDir: C:\Users\vamsh\AppData\Loca...}, networkConnectionEnabled: false, pageLoadStrategy: normal, platformName: windows, proxy: Proxy(), se:cdp: ws://localhost:58891/devtoo..., se:cdpVersion: 131.0.2903.86, setWindowRect: true, strictFileInteractability: false, timeouts: {implicit: 0, pageLoad: 300000, script: 30000}, unhandledPromptBehavior: dismiss and notify, webauthn:extension:credBlob: true, webauthn:extension:largeBlob: true, webauthn:extension:minPinLength: true, webauthn:extension:prf: true, webauthn:virtualAuthenticators: true}&#10;Element: [[EdgeDriver: MicrosoftEdge on windows (e104d23764a0439b1e738b37e6d7dad1)] -&gt; css selector: .CodeMirror textarea]&#10;Session ID: e104d23764a0439b1e738b37e6d7dad1" type="org.openqa.selenium.ElementNotInteractableException"><![CDATA[org.openqa.selenium.ElementNotInteractableException: 
element not interactable
  (Session info: MicrosoftEdge=131.0.2903.86)
Build info: version: '4.26.0', revision: '8ccf0219d7'
System info: os.name: 'Windows 11', os.arch: 'amd64', os.version: '10.0', java.version: '21.0.5'
Driver info: org.openqa.selenium.edge.EdgeDriver
Command: [e104d23764a0439b1e738b37e6d7dad1, sendKeysToElement {value=[Ljava.lang.CharSequence;@767a8ef3, id=f.824D343BA965065EE07233C33907B9FF.d.58A7F89F45D8C9E14BF23F59ACC30DE8.e.39}]
Capabilities {acceptInsecureCerts: false, browserName: MicrosoftEdge, browserVersion: 131.0.2903.86, fedcm:accounts: true, ms:edgeOptions: {debuggerAddress: localhost:58891}, msedge: {msedgedriverVersion: 131.0.2903.86 (cf5bf303997c..., userDataDir: C:\Users\vamsh\AppData\Loca...}, networkConnectionEnabled: false, pageLoadStrategy: normal, platformName: windows, proxy: Proxy(), se:cdp: ws://localhost:58891/devtoo..., se:cdpVersion: 131.0.2903.86, setWindowRect: true, strictFileInteractability: false, timeouts: {implicit: 0, pageLoad: 300000, script: 30000}, unhandledPromptBehavior: dismiss and notify, webauthn:extension:credBlob: true, webauthn:extension:largeBlob: true, webauthn:extension:minPinLength: true, webauthn:extension:prf: true, webauthn:virtualAuthenticators: true}
Element: [[EdgeDriver: MicrosoftEdge on windows (e104d23764a0439b1e738b37e6d7dad1)] -> css selector: .CodeMirror textarea]
Session ID: e104d23764a0439b1e738b37e6d7dad1
]]></failure>
    <system-out><![CDATA[
Scenario: Valid code on try editor for arrays in python runs successfully &amp#27;[90m# src/test/resources/Features/ArrayDetailsPage.feature:33&amp#27;[0m
  &amp#27;[32mGiven &amp#27;[0m&amp#27;[32mThe user is on the DS Introduction page as signedIn&amp#27;[0m                           &amp#27;[90m# StepDefinitions.DSIntroductionDetails.the_user_is_on_the_ds_introduction_page_as_signed_in()&amp#27;[0m
  &amp#27;[32mAnd &amp#27;[0m&amp#27;[32mThe user clicks on Get Started link for array&amp#27;[0m                                   &amp#27;[90m# StepDefinitions.ArrayStepDefintions.the_user_clicks_on_get_started_link_for_array()&amp#27;[0m
  &amp#27;[32mGiven &amp#27;[0m&amp#27;[32mThe user is on the arrays in python page&amp#27;[0m                                      &amp#27;[90m# StepDefinitions.ArrayStepDefintions.the_user_is_on_the_arrays_in_python_page()&amp#27;[0m
[INFO ] 2024-12-09 22:19:14.952 [TestNG-PoolService-3] Hooks - ======================  New Test Execution is STARTED!! ======================
  &amp#27;[32mAnd &amp#27;[0m&amp#27;[32mUser clicks Try here link&amp#27;[0m                                                       &amp#27;[90m# StepDefinitions.DSIntroductionDetails.user_clicks_try_here_link()&amp#27;[0m
  &amp#27;[31mWhen &amp#27;[0m&amp#27;[31mThe user write the invalid code in Editor&amp#27;[0m                                      &amp#27;[90m# StepDefinitions.DSIntroductionDetails.the_user_write_the_invalid_code_in_editor()&amp#27;[0m
      &amp#27;[31morg.openqa.selenium.ElementNotInteractableException: element not interactable
  (Session info: MicrosoftEdge=131.0.2903.86)
Build info: version: '4.26.0', revision: '8ccf0219d7'
System info: os.name: 'Windows 11', os.arch: 'amd64', os.version: '10.0', java.version: '21.0.5'
Driver info: org.openqa.selenium.edge.EdgeDriver
Command: [e104d23764a0439b1e738b37e6d7dad1, sendKeysToElement {value=[Ljava.lang.CharSequence;@767a8ef3, id=f.824D343BA965065EE07233C33907B9FF.d.58A7F89F45D8C9E14BF23F59ACC30DE8.e.39}]
Capabilities {acceptInsecureCerts: false, browserName: MicrosoftEdge, browserVersion: 131.0.2903.86, fedcm:accounts: true, ms:edgeOptions: {debuggerAddress: localhost:58891}, msedge: {msedgedriverVersion: 131.0.2903.86 (cf5bf303997c..., userDataDir: C:\Users\vamsh\AppData\Loca...}, networkConnectionEnabled: false, pageLoadStrategy: normal, platformName: windows, proxy: Proxy(), se:cdp: ws://localhost:58891/devtoo..., se:cdpVersion: 131.0.2903.86, setWindowRect: true, strictFileInteractability: false, timeouts: {implicit: 0, pageLoad: 300000, script: 30000}, unhandledPromptBehavior: dismiss and notify, webauthn:extension:credBlob: true, webauthn:extension:largeBlob: true, webauthn:extension:minPinLength: true, webauthn:extension:prf: true, webauthn:virtualAuthenticators: true}
Element: [[EdgeDriver: MicrosoftEdge on windows (e104d23764a0439b1e738b37e6d7dad1)] -> css selector: .CodeMirror textarea]
Session ID: e104d23764a0439b1e738b37e6d7dad1
	at java.base/jdk.internal.reflect.DirectConstructorHandleAccessor.newInstance(DirectConstructorHandleAccessor.java:62)
	at java.base/java.lang.reflect.Constructor.newInstanceWithCaller(Constructor.java:502)
	at java.base/java.lang.reflect.Constructor.newInstance(Constructor.java:486)
	at org.openqa.selenium.remote.ErrorCodec.decode(ErrorCodec.java:167)
	at org.openqa.selenium.remote.codec.w3c.W3CHttpResponseCodec.decode(W3CHttpResponseCodec.java:138)
	at org.openqa.selenium.remote.codec.w3c.W3CHttpResponseCodec.decode(W3CHttpResponseCodec.java:50)
	at org.openqa.selenium.remote.HttpCommandExecutor.execute(HttpCommandExecutor.java:190)
	at org.openqa.selenium.remote.service.DriverCommandExecutor.invokeExecute(DriverCommandExecutor.java:216)
	at org.openqa.selenium.remote.service.DriverCommandExecutor.execute(DriverCommandExecutor.java:174)
	at org.openqa.selenium.remote.RemoteWebDriver.execute(RemoteWebDriver.java:545)
	at org.openqa.selenium.remote.RemoteWebElement.execute(RemoteWebElement.java:223)
	at org.openqa.selenium.remote.RemoteWebElement.sendKeys(RemoteWebElement.java:110)
	at PageObjects.IntroductionPage.enterCodeInEditor(IntroductionPage.java:146)
	at StepDefinitions.DSIntroductionDetails.the_user_write_the_invalid_code_in_editor(DSIntroductionDetails.java:138)
	at ✽.The user write the invalid code in Editor(file:///C:/Projects/Repo1/src/test/resources/Features/ArrayDetailsPage.feature:23)
&amp#27;[0m
  &amp#27;[36mAnd &amp#27;[0m&amp#27;[36mClick the Run button&amp#27;[0m                                                            &amp#27;[90m# StepDefinitions.DSIntroductionDetails.click_the_run_button()&amp#27;[0m
  &amp#27;[36mThen &amp#27;[0m&amp#27;[36mThe user should able to see an error message in alert window&amp#27;[0m                   &amp#27;[90m# StepDefinitions.DSIntroductionDetails.the_user_should_able_to_see_an_error_message_in_alert_window()&amp#27;[0m
[ERROR] 2024-12-09 22:19:15.804 [TestNG-PoolService-1] Hooks - ======================  TEST CASE FAILED !! ======================
[INFO ] 2024-12-09 22:19:15.866 [TestNG-PoolService-2] Hooks - ======================  New Test Execution is STARTED!! ======================

    Embedding screenshot [image/png 7890 bytes]

[INFO ] 2024-12-09 22:19:16.057 [TestNG-PoolService-1] Hooks - ======================  Screenshot is captured  ======================
[INFO ] 2024-12-09 22:19:16.059 [TestNG-PoolService-1] Hooks - ======================  Test Execution is completed!! ======================
]]></system-out>
    <system-err><![CDATA[Dec 09, 2024 10:19:14 PM org.openqa.selenium.devtools.CdpVersionFinder findNearestMatch
WARNING: Unable to find an exact match for CDP version 131, returning the closest version; found: 130; Please update to a Selenium version that supports CDP version 131
Dec 09, 2024 10:19:15 PM org.openqa.selenium.devtools.CdpVersionFinder findNearestMatch
WARNING: Unable to find an exact match for CDP version 131, returning the closest version; found: 130; Please update to a Selenium version that supports CDP version 131
]]></system-err>
  </testcase>
  <testcase name="runScenario[&quot;Valid code on try editor for arrays in python runs successfully&quot;, &quot;Array detail page&quot;](5)" classname="TestRunners.TestRunner" time="0.725">
    <system-out><![CDATA[
Scenario: Validate user can navigate to Arrays using list   &amp#27;[90m# src/test/resources/Features/ArrayDetailsPage.feature:40&amp#27;[0m
  &amp#27;[32mGiven &amp#27;[0m&amp#27;[32mThe user is on the arrays in python page&amp#27;[0m                                      &amp#27;[90m# StepDefinitions.ArrayStepDefintions.the_user_is_on_the_arrays_in_python_page()&amp#27;[0m
  &amp#27;[32mAnd &amp#27;[0m&amp#27;[32mUser clicks Try here link&amp#27;[0m                                           &amp#27;[90m# StepDefinitions.DSIntroductionDetails.user_clicks_try_here_link()&amp#27;[0m
  &amp#27;[32mWhen &amp#27;[0m&amp#27;[32mThe user write the valid code in Editor&amp#27;[0m                            &amp#27;[90m# StepDefinitions.DSIntroductionDetails.the_user_write_the_valid_code_in_editor()&amp#27;[0m
  &amp#27;[32mAnd &amp#27;[0m&amp#27;[32mClick the Run button&amp#27;[0m                                                &amp#27;[90m# StepDefinitions.DSIntroductionDetails.click_the_run_button()&amp#27;[0m
  &amp#27;[32mThen &amp#27;[0m&amp#27;[32mThe user should able to see output in the console&amp#27;[0m                  &amp#27;[90m# StepDefinitions.DSIntroductionDetails.the_user_should_able_to_see_output_in_the_console()&amp#27;[0m
[INFO ] 2024-12-09 21:56:18.289 [TestNG-PoolService-3] Hooks - ======================  Test Execution is completed!! ======================
]]></system-out>
  </testcase>
  <testcase name="runScenario[&quot;Valid code on try editor for arrays in python runs successfully&quot;, &quot;Array detail page&quot;](5)" classname="TestRunners.TestRunner" time="4.894">
    <failure message="element not interactable&#10;  (Session info: MicrosoftEdge=131.0.2903.86)&#10;Build info: version: &apos;4.26.0&apos;, revision: &apos;8ccf0219d7&apos;&#10;System info: os.name: &apos;Windows 11&apos;, os.arch: &apos;amd64&apos;, os.version: &apos;10.0&apos;, java.version: &apos;21.0.5&apos;&#10;Driver info: org.openqa.selenium.edge.EdgeDriver&#10;Command: [44da1e14c63d37e987e8193175f1b08d, sendKeysToElement {value=[Ljava.lang.CharSequence;@7a74c896, id=f.4B858016B88BB48C73B711A7F759DEE8.d.C5ED8A47B291DF8EBACDA3BF4437C437.e.40}]&#10;Capabilities {acceptInsecureCerts: false, browserName: MicrosoftEdge, browserVersion: 131.0.2903.86, fedcm:accounts: true, ms:edgeOptions: {debuggerAddress: localhost:58961}, msedge: {msedgedriverVersion: 131.0.2903.86 (cf5bf303997c..., userDataDir: C:\Users\vamsh\AppData\Loca...}, networkConnectionEnabled: false, pageLoadStrategy: normal, platformName: windows, proxy: Proxy(), se:cdp: ws://localhost:58961/devtoo..., se:cdpVersion: 131.0.2903.86, setWindowRect: true, strictFileInteractability: false, timeouts: {implicit: 0, pageLoad: 300000, script: 30000}, unhandledPromptBehavior: dismiss and notify, webauthn:extension:credBlob: true, webauthn:extension:largeBlob: true, webauthn:extension:minPinLength: true, webauthn:extension:prf: true, webauthn:virtualAuthenticators: true}&#10;Element: [[EdgeDriver: MicrosoftEdge on windows (44da1e14c63d37e987e8193175f1b08d)] -&gt; css selector: .CodeMirror textarea]&#10;Session ID: 44da1e14c63d37e987e8193175f1b08d" type="org.openqa.selenium.ElementNotInteractableException"><![CDATA[org.openqa.selenium.ElementNotInteractableException: 
element not interactable
  (Session info: MicrosoftEdge=131.0.2903.86)
Build info: version: '4.26.0', revision: '8ccf0219d7'
System info: os.name: 'Windows 11', os.arch: 'amd64', os.version: '10.0', java.version: '21.0.5'
Driver info: org.openqa.selenium.edge.EdgeDriver
Command: [44da1e14c63d37e987e8193175f1b08d, sendKeysToElement {value=[Ljava.lang.CharSequence;@7a74c896, id=f.4B858016B88BB48C73B711A7F759DEE8.d.C5ED8A47B291DF8EBACDA3BF4437C437.e.40}]
Capabilities {acceptInsecureCerts: false, browserName: MicrosoftEdge, browserVersion: 131.0.2903.86, fedcm:accounts: true, ms:edgeOptions: {debuggerAddress: localhost:58961}, msedge: {msedgedriverVersion: 131.0.2903.86 (cf5bf303997c..., userDataDir: C:\Users\vamsh\AppData\Loca...}, networkConnectionEnabled: false, pageLoadStrategy: normal, platformName: windows, proxy: Proxy(), se:cdp: ws://localhost:58961/devtoo..., se:cdpVersion: 131.0.2903.86, setWindowRect: true, strictFileInteractability: false, timeouts: {implicit: 0, pageLoad: 300000, script: 30000}, unhandledPromptBehavior: dismiss and notify, webauthn:extension:credBlob: true, webauthn:extension:largeBlob: true, webauthn:extension:minPinLength: true, webauthn:extension:prf: true, webauthn:virtualAuthenticators: true}
Element: [[EdgeDriver: MicrosoftEdge on windows (44da1e14c63d37e987e8193175f1b08d)] -> css selector: .CodeMirror textarea]
Session ID: 44da1e14c63d37e987e8193175f1b08d
]]></failure>
    <system-out><![CDATA[
Scenario: Validate user can navigate to Arrays using list   &amp#27;[90m# src/test/resources/Features/ArrayDetailsPage.feature:40&amp#27;[0m
  &amp#27;[32mGiven &amp#27;[0m&amp#27;[32mThe user is on the DS Introduction page as signedIn&amp#27;[0m               &amp#27;[90m# StepDefinitions.DSIntroductionDetails.the_user_is_on_the_ds_introduction_page_as_signed_in()&amp#27;[0m
[INFO ] 2024-12-09 22:19:19.179 [TestNG-PoolService-1] Hooks - ======================  New Test Execution is STARTED!! ======================
  &amp#27;[32mAnd &amp#27;[0m&amp#27;[32mThe user clicks on Get Started link for array&amp#27;[0m                       &amp#27;[90m# StepDefinitions.ArrayStepDefintions.the_user_clicks_on_get_started_link_for_array()&amp#27;[0m
  &amp#27;[32mGiven &amp#27;[0m&amp#27;[32mThe user is on the DS Introduction page as signedIn&amp#27;[0m                           &amp#27;[90m# StepDefinitions.DSIntroductionDetails.the_user_is_on_the_ds_introduction_page_as_signed_in()&amp#27;[0m
  &amp#27;[32mGiven &amp#27;[0m&amp#27;[32mThe user is on the arrays in python page&amp#27;[0m                          &amp#27;[90m# StepDefinitions.ArrayStepDefintions.the_user_is_on_the_arrays_in_python_page()&amp#27;[0m
  &amp#27;[32mAnd &amp#27;[0m&amp#27;[32mThe user clicks on Get Started link for array&amp#27;[0m                                   &amp#27;[90m# StepDefinitions.ArrayStepDefintions.the_user_clicks_on_get_started_link_for_array()&amp#27;[0m
  &amp#27;[32mAnd &amp#27;[0m&amp#27;[32mUser clicks Try here link&amp#27;[0m                                           &amp#27;[90m# StepDefinitions.DSIntroductionDetails.user_clicks_try_here_link()&amp#27;[0m
  &amp#27;[32mGiven &amp#27;[0m&amp#27;[32mThe user is on the arrays in python page&amp#27;[0m                                      &amp#27;[90m# StepDefinitions.ArrayStepDefintions.the_user_is_on_the_arrays_in_python_page()&amp#27;[0m
  &amp#27;[31mWhen &amp#27;[0m&amp#27;[31mThe user write the valid code in Editor&amp#27;[0m                            &amp#27;[90m# StepDefinitions.DSIntroductionDetails.the_user_write_the_valid_code_in_editor()&amp#27;[0m
      &amp#27;[31morg.openqa.selenium.ElementNotInteractableException: element not interactable
  (Session info: MicrosoftEdge=131.0.2903.86)
Build info: version: '4.26.0', revision: '8ccf0219d7'
System info: os.name: 'Windows 11', os.arch: 'amd64', os.version: '10.0', java.version: '21.0.5'
Driver info: org.openqa.selenium.edge.EdgeDriver
Command: [44da1e14c63d37e987e8193175f1b08d, sendKeysToElement {value=[Ljava.lang.CharSequence;@7a74c896, id=f.4B858016B88BB48C73B711A7F759DEE8.d.C5ED8A47B291DF8EBACDA3BF4437C437.e.40}]
Capabilities {acceptInsecureCerts: false, browserName: MicrosoftEdge, browserVersion: 131.0.2903.86, fedcm:accounts: true, ms:edgeOptions: {debuggerAddress: localhost:58961}, msedge: {msedgedriverVersion: 131.0.2903.86 (cf5bf303997c..., userDataDir: C:\Users\vamsh\AppData\Loca...}, networkConnectionEnabled: false, pageLoadStrategy: normal, platformName: windows, proxy: Proxy(), se:cdp: ws://localhost:58961/devtoo..., se:cdpVersion: 131.0.2903.86, setWindowRect: true, strictFileInteractability: false, timeouts: {implicit: 0, pageLoad: 300000, script: 30000}, unhandledPromptBehavior: dismiss and notify, webauthn:extension:credBlob: true, webauthn:extension:largeBlob: true, webauthn:extension:minPinLength: true, webauthn:extension:prf: true, webauthn:virtualAuthenticators: true}
Element: [[EdgeDriver: MicrosoftEdge on windows (44da1e14c63d37e987e8193175f1b08d)] -> css selector: .CodeMirror textarea]
Session ID: 44da1e14c63d37e987e8193175f1b08d
	at java.base/jdk.internal.reflect.DirectConstructorHandleAccessor.newInstance(DirectConstructorHandleAccessor.java:62)
	at java.base/java.lang.reflect.Constructor.newInstanceWithCaller(Constructor.java:502)
	at java.base/java.lang.reflect.Constructor.newInstance(Constructor.java:486)
	at org.openqa.selenium.remote.ErrorCodec.decode(ErrorCodec.java:167)
	at org.openqa.selenium.remote.codec.w3c.W3CHttpResponseCodec.decode(W3CHttpResponseCodec.java:138)
	at org.openqa.selenium.remote.codec.w3c.W3CHttpResponseCodec.decode(W3CHttpResponseCodec.java:50)
	at org.openqa.selenium.remote.HttpCommandExecutor.execute(HttpCommandExecutor.java:190)
	at org.openqa.selenium.remote.service.DriverCommandExecutor.invokeExecute(DriverCommandExecutor.java:216)
	at org.openqa.selenium.remote.service.DriverCommandExecutor.execute(DriverCommandExecutor.java:174)
	at org.openqa.selenium.remote.RemoteWebDriver.execute(RemoteWebDriver.java:545)
	at org.openqa.selenium.remote.RemoteWebElement.execute(RemoteWebElement.java:223)
	at org.openqa.selenium.remote.RemoteWebElement.sendKeys(RemoteWebElement.java:110)
	at PageObjects.IntroductionPage.enterCodeInEditor(IntroductionPage.java:146)
	at StepDefinitions.DSIntroductionDetails.the_user_write_the_valid_code_in_editor(DSIntroductionDetails.java:158)
	at ✽.The user write the valid code in Editor(file:///C:/Projects/Repo1/src/test/resources/Features/ArrayDetailsPage.feature:36)
&amp#27;[0m
  &amp#27;[36mAnd &amp#27;[0m&amp#27;[36mClick the Run button&amp#27;[0m                                                &amp#27;[90m# StepDefinitions.DSIntroductionDetails.click_the_run_button()&amp#27;[0m
  &amp#27;[36mThen &amp#27;[0m&amp#27;[36mThe user should able to see output in the console&amp#27;[0m                  &amp#27;[90m# StepDefinitions.DSIntroductionDetails.the_user_should_able_to_see_output_in_the_console()&amp#27;[0m
[ERROR] 2024-12-09 22:19:20.806 [TestNG-PoolService-2] Hooks - ======================  TEST CASE FAILED !! ======================

    Embedding screenshot [image/png 7890 bytes]

[INFO ] 2024-12-09 22:19:20.976 [TestNG-PoolService-2] Hooks - ======================  Screenshot is captured  ======================
[INFO ] 2024-12-09 22:19:20.983 [TestNG-PoolService-2] Hooks - ======================  Test Execution is completed!! ======================
  &amp#27;[32mAnd &amp#27;[0m&amp#27;[32mUser clicks Try here link&amp#27;[0m                                                       &amp#27;[90m# StepDefinitions.DSIntroductionDetails.user_clicks_try_here_link()&amp#27;[0m
  &amp#27;[32mWhen &amp#27;[0m&amp#27;[32mClick the Run button&amp#27;[0m                                                           &amp#27;[90m# StepDefinitions.DSIntroductionDetails.click_the_run_button()&amp#27;[0m
  &amp#27;[32mThen &amp#27;[0m&amp#27;[32mThe user should not see any error message or alert&amp#27;[0m                             &amp#27;[90m# StepDefinitions.DSIntroductionDetails.the_user_should_not_see_any_error_message_or_alert()&amp#27;[0m
[INFO ] 2024-12-09 22:19:21.750 [TestNG-PoolService-3] Hooks - ======================  Test Execution is completed!! ======================
]]></system-out>
    <system-err><![CDATA[Dec 09, 2024 10:19:18 PM org.openqa.selenium.devtools.CdpVersionFinder findNearestMatch
WARNING: Unable to find an exact match for CDP version 131, returning the closest version; found: 130; Please update to a Selenium version that supports CDP version 131
]]></system-err>
  </testcase>
  <testcase name="runScenario[&quot;No error message displayed for empty code on try editor for array in python&quot;, &quot;Array detail page&quot;](6)" classname="TestRunners.TestRunner" time="0.718">
    <system-out><![CDATA[
Scenario: Validate user can Try here link page from Array using list &amp#27;[90m# src/test/resources/Features/ArrayDetailsPage.feature:45&amp#27;[0m
  &amp#27;[32mAnd &amp#27;[0m&amp#27;[32mUser clicks Try here link&amp#27;[0m                                                       &amp#27;[90m# StepDefinitions.DSIntroductionDetails.user_clicks_try_here_link()&amp#27;[0m
  &amp#27;[32mWhen &amp#27;[0m&amp#27;[32mClick the Run button&amp#27;[0m                                                           &amp#27;[90m# StepDefinitions.DSIntroductionDetails.click_the_run_button()&amp#27;[0m
  &amp#27;[32mThen &amp#27;[0m&amp#27;[32mThe user should not see any error message or alert&amp#27;[0m                             &amp#27;[90m# StepDefinitions.DSIntroductionDetails.the_user_should_not_see_any_error_message_or_alert()&amp#27;[0m
[INFO ] 2024-12-09 21:56:18.947 [TestNG-PoolService-2] Hooks - ======================  Test Execution is completed!! ======================
[INFO ] 2024-12-09 21:56:18.990 [TestNG-PoolService-1] Hooks - ======================  New Test Execution is STARTED!! ======================
]]></system-out>
    <system-err><![CDATA[Dec 09, 2024 9:56:18 PM org.openqa.selenium.devtools.CdpVersionFinder findNearestMatch
WARNING: Unable to find an exact match for CDP version 131, returning the closest version; found: 130; Please update to a Selenium version that supports CDP version 131
]]></system-err>
  </testcase>
  <testcase name="runScenario[&quot;No error message displayed for empty code on try editor for array in python&quot;, &quot;Array detail page&quot;](6)" classname="TestRunners.TestRunner" time="0.68">
    <system-out><![CDATA[
Scenario: Validate user can Try here link page from Array using list &amp#27;[90m# src/test/resources/Features/ArrayDetailsPage.feature:45&amp#27;[0m
  &amp#27;[32mGiven &amp#27;[0m&amp#27;[32mThe user is on the DS Introduction page as signedIn&amp#27;[0m &amp#27;[90m# StepDefinitions.DSIntroductionDetails.the_user_is_on_the_ds_introduction_page_as_signed_in()&amp#27;[0m
]]></system-out>
  </testcase>
  <testcase name="runScenario[&quot;Validate user can navigate to Arrays using list&quot;, &quot;Array detail page&quot;](7)" classname="TestRunners.TestRunner" time="3.569">
    <system-out><![CDATA[
Scenario: Error message displayed for invalid code on try Editor for Array using list &amp#27;[90m# src/test/resources/Features/ArrayDetailsPage.feature:50&amp#27;[0m
[INFO ] 2024-12-09 21:56:19.867 [TestNG-PoolService-3] Hooks - ======================  New Test Execution is STARTED!! ======================
[INFO ] 2024-12-09 21:56:20.486 [TestNG-PoolService-2] Hooks - ======================  New Test Execution is STARTED!! ======================
  &amp#27;[32mGiven &amp#27;[0m&amp#27;[32mThe user is on the DS Introduction page as signedIn&amp#27;[0m &amp#27;[90m# StepDefinitions.DSIntroductionDetails.the_user_is_on_the_ds_introduction_page_as_signed_in()&amp#27;[0m
  &amp#27;[32mAnd &amp#27;[0m&amp#27;[32mThe user clicks on Get Started link for array&amp#27;[0m         &amp#27;[90m# StepDefinitions.ArrayStepDefintions.the_user_clicks_on_get_started_link_for_array()&amp#27;[0m
  &amp#27;[32mGiven &amp#27;[0m&amp#27;[32mThe user is on the array details page&amp#27;[0m               &amp#27;[90m# StepDefinitions.ArrayStepDefintions.the_user_is_on_the_array_details_page()&amp#27;[0m
  &amp#27;[32mWhen &amp#27;[0m&amp#27;[32mThe user click on Array using list link&amp#27;[0m              &amp#27;[90m# StepDefinitions.ArrayStepDefintions.the_user_click_on_array_using_list_link()&amp#27;[0m
  &amp#27;[32mThen &amp#27;[0m&amp#27;[32mthe user is navigated to array in Array using list&amp#27;[0m   &amp#27;[90m# StepDefinitions.ArrayStepDefintions.the_user_is_navigated_to_array_in_array_using_list()&amp#27;[0m
[INFO ] 2024-12-09 21:56:22.577 [TestNG-PoolService-1] Hooks - ======================  Test Execution is completed!! ======================
  &amp#27;[32mGiven &amp#27;[0m&amp#27;[32mThe user is on the DS Introduction page as signedIn&amp#27;[0m                           &amp#27;[90m# StepDefinitions.DSIntroductionDetails.the_user_is_on_the_ds_introduction_page_as_signed_in()&amp#27;[0m
]]></system-out>
    <system-err><![CDATA[Dec 09, 2024 9:56:19 PM org.openqa.selenium.devtools.CdpVersionFinder findNearestMatch
WARNING: Unable to find an exact match for CDP version 131, returning the closest version; found: 130; Please update to a Selenium version that supports CDP version 131
Dec 09, 2024 9:56:20 PM org.openqa.selenium.devtools.CdpVersionFinder findNearestMatch
WARNING: Unable to find an exact match for CDP version 131, returning the closest version; found: 130; Please update to a Selenium version that supports CDP version 131
]]></system-err>
  </testcase>
  <testcase name="runScenario[&quot;Validate user can navigate to Arrays using list&quot;, &quot;Array detail page&quot;](7)" classname="TestRunners.TestRunner" time="10.751">
    <system-out><![CDATA[
Scenario: Error message displayed for invalid code on try Editor for Array using list &amp#27;[90m# src/test/resources/Features/ArrayDetailsPage.feature:50&amp#27;[0m
[INFO ] 2024-12-09 22:04:59.370 [TestNG-PoolService-1] Hooks - ======================  New Test Execution is STARTED!! ======================
[INFO ] 2024-12-09 22:05:01.050 [TestNG-PoolService-2] Hooks - ======================  New Test Execution is STARTED!! ======================
[INFO ] 2024-12-09 22:05:01.286 [TestNG-PoolService-3] Hooks - ======================  New Test Execution is STARTED!! ======================
  &amp#27;[32mGiven &amp#27;[0m&amp#27;[32mThe user is on the DS Introduction page as signedIn&amp#27;[0m &amp#27;[90m# StepDefinitions.DSIntroductionDetails.the_user_is_on_the_ds_introduction_page_as_signed_in()&amp#27;[0m
  &amp#27;[32mAnd &amp#27;[0m&amp#27;[32mThe user clicks on Get Started link for array&amp#27;[0m         &amp#27;[90m# StepDefinitions.ArrayStepDefintions.the_user_clicks_on_get_started_link_for_array()&amp#27;[0m
  &amp#27;[32mGiven &amp#27;[0m&amp#27;[32mThe user is on the array details page&amp#27;[0m               &amp#27;[90m# StepDefinitions.ArrayStepDefintions.the_user_is_on_the_array_details_page()&amp#27;[0m
  &amp#27;[32mGiven &amp#27;[0m&amp#27;[32mThe user is on the DS Introduction page as signedIn&amp#27;[0m                           &amp#27;[90m# StepDefinitions.DSIntroductionDetails.the_user_is_on_the_ds_introduction_page_as_signed_in()&amp#27;[0m
  &amp#27;[32mWhen &amp#27;[0m&amp#27;[32mThe user click on Array using list link&amp#27;[0m              &amp#27;[90m# StepDefinitions.ArrayStepDefintions.the_user_click_on_array_using_list_link()&amp#27;[0m
  &amp#27;[32mThen &amp#27;[0m&amp#27;[32mthe user is navigated to array in Array using list&amp#27;[0m   &amp#27;[90m# StepDefinitions.ArrayStepDefintions.the_user_is_navigated_to_array_in_array_using_list()&amp#27;[0m
[INFO ] 2024-12-09 22:05:03.636 [TestNG-PoolService-1] Hooks - ======================  Test Execution is completed!! ======================
  &amp#27;[32mAnd &amp#27;[0m&amp#27;[32mThe user clicks on Get Started link for array&amp#27;[0m                                   &amp#27;[90m# StepDefinitions.ArrayStepDefintions.the_user_clicks_on_get_started_link_for_array()&amp#27;[0m
  &amp#27;[32mGiven &amp#27;[0m&amp#27;[32mThe user is on the DS Introduction page as signedIn&amp#27;[0m          &amp#27;[90m# StepDefinitions.DSIntroductionDetails.the_user_is_on_the_ds_introduction_page_as_signed_in()&amp#27;[0m
  &amp#27;[32mGiven &amp#27;[0m&amp#27;[32mThe user is on the Array using list&amp#27;[0m                                           &amp#27;[90m# StepDefinitions.ArrayStepDefintions.the_user_is_on_the_array_using_list()&amp#27;[0m
  &amp#27;[32mAnd &amp#27;[0m&amp#27;[32mThe user clicks on Get Started link for array&amp#27;[0m                  &amp#27;[90m# StepDefinitions.ArrayStepDefintions.the_user_clicks_on_get_started_link_for_array()&amp#27;[0m
  &amp#27;[32mGiven &amp#27;[0m&amp#27;[32mThe user is on the Array using list&amp#27;[0m                          &amp#27;[90m# StepDefinitions.ArrayStepDefintions.the_user_is_on_the_array_using_list()&amp#27;[0m
  &amp#27;[32mWhen &amp#27;[0m&amp#27;[32mUser clicks Try here link&amp#27;[0m                                                      &amp#27;[90m# StepDefinitions.DSIntroductionDetails.user_clicks_try_here_link()&amp#27;[0m
  &amp#27;[32mWhen &amp#27;[0m&amp#27;[32mThe user write the invalid code in Editor&amp#27;[0m                                      &amp#27;[90m# StepDefinitions.DSIntroductionDetails.the_user_write_the_invalid_code_in_editor()&amp#27;[0m
  &amp#27;[32mAnd &amp#27;[0m&amp#27;[32mClick the Run button&amp#27;[0m                                                            &amp#27;[90m# StepDefinitions.DSIntroductionDetails.click_the_run_button()&amp#27;[0m
  &amp#27;[32mThen &amp#27;[0m&amp#27;[32mThe user should able to see an error message in alert window&amp#27;[0m                   &amp#27;[90m# StepDefinitions.DSIntroductionDetails.the_user_should_able_to_see_an_error_message_in_alert_window()&amp#27;[0m
[INFO ] 2024-12-09 22:05:05.586 [TestNG-PoolService-3] Hooks - ======================  Test Execution is completed!! ======================
]]></system-out>
  </testcase>
  <testcase name="runScenario[&quot;Validate user can navigate to Arrays using list&quot;, &quot;Array detail page&quot;](7)" classname="TestRunners.TestRunner" time="2.076">
    <system-out><![CDATA[
Scenario: Error message displayed for invalid code on try Editor for Array using list &amp#27;[90m# src/test/resources/Features/ArrayDetailsPage.feature:50&amp#27;[0m
  &amp#27;[32mAnd &amp#27;[0m&amp#27;[32mThe user clicks on Get Started link for array&amp#27;[0m         &amp#27;[90m# StepDefinitions.ArrayStepDefintions.the_user_clicks_on_get_started_link_for_array()&amp#27;[0m
  &amp#27;[32mGiven &amp#27;[0m&amp#27;[32mThe user is on the array details page&amp#27;[0m               &amp#27;[90m# StepDefinitions.ArrayStepDefintions.the_user_is_on_the_array_details_page()&amp#27;[0m
  &amp#27;[32mWhen &amp#27;[0m&amp#27;[32mThe user click on Array using list link&amp#27;[0m              &amp#27;[90m# StepDefinitions.ArrayStepDefintions.the_user_click_on_array_using_list_link()&amp#27;[0m
  &amp#27;[32mThen &amp#27;[0m&amp#27;[32mthe user is navigated to array in Array using list&amp#27;[0m   &amp#27;[90m# StepDefinitions.ArrayStepDefintions.the_user_is_navigated_to_array_in_array_using_list()&amp#27;[0m
[INFO ] 2024-12-09 22:19:23.906 [TestNG-PoolService-1] Hooks - ======================  Test Execution is completed!! ======================
]]></system-out>
    <system-err><![CDATA[Dec 09, 2024 10:19:25 PM org.openqa.selenium.devtools.CdpVersionFinder findNearestMatch
WARNING: Unable to find an exact match for CDP version 131, returning the closest version; found: 130; Please update to a Selenium version that supports CDP version 131
]]></system-err>
  </testcase>
  <testcase name="runScenario[&quot;Error message displayed for invalid code on try Editor for Array using list&quot;, &quot;Array detail page&quot;](8)" classname="TestRunners.TestRunner" time="1.675">
    <failure message="element not interactable&#10;  (Session info: chrome=131.0.6778.109)&#10;Build info: version: &apos;4.26.0&apos;, revision: &apos;8ccf0219d7&apos;&#10;System info: os.name: &apos;Windows 11&apos;, os.arch: &apos;amd64&apos;, os.version: &apos;10.0&apos;, java.version: &apos;21.0.5&apos;&#10;Driver info: org.openqa.selenium.chrome.ChromeDriver&#10;Command: [aa1f8f71b260a2cdb8511b67fae1dad2, sendKeysToElement {value=[Ljava.lang.CharSequence;@26b5afa5, id=f.899E65C0F8EB72929F59F2217A10A703.d.FBC5369EE7DE718AD7B5C815485AECFE.e.52}]&#10;Capabilities {acceptInsecureCerts: false, browserName: chrome, browserVersion: 131.0.6778.109, chrome: {chromedriverVersion: 131.0.6778.87 (ce31cae94873..., userDataDir: C:\Users\vamsh\AppData\Loca...}, fedcm:accounts: true, goog:chromeOptions: {debuggerAddress: localhost:55972}, networkConnectionEnabled: false, pageLoadStrategy: normal, platformName: windows, proxy: Proxy(), se:cdp: ws://localhost:55972/devtoo..., se:cdpVersion: 131.0.6778.109, setWindowRect: true, strictFileInteractability: false, timeouts: {implicit: 0, pageLoad: 300000, script: 30000}, unhandledPromptBehavior: dismiss and notify, webauthn:extension:credBlob: true, webauthn:extension:largeBlob: true, webauthn:extension:minPinLength: true, webauthn:extension:prf: true, webauthn:virtualAuthenticators: true}&#10;Element: [[ChromeDriver: chrome on windows (aa1f8f71b260a2cdb8511b67fae1dad2)] -&gt; css selector: .CodeMirror textarea]&#10;Session ID: aa1f8f71b260a2cdb8511b67fae1dad2" type="org.openqa.selenium.ElementNotInteractableException"><![CDATA[org.openqa.selenium.ElementNotInteractableException: 
element not interactable
  (Session info: chrome=131.0.6778.109)
Build info: version: '4.26.0', revision: '8ccf0219d7'
System info: os.name: 'Windows 11', os.arch: 'amd64', os.version: '10.0', java.version: '21.0.5'
Driver info: org.openqa.selenium.chrome.ChromeDriver
Command: [aa1f8f71b260a2cdb8511b67fae1dad2, sendKeysToElement {value=[Ljava.lang.CharSequence;@26b5afa5, id=f.899E65C0F8EB72929F59F2217A10A703.d.FBC5369EE7DE718AD7B5C815485AECFE.e.52}]
Capabilities {acceptInsecureCerts: false, browserName: chrome, browserVersion: 131.0.6778.109, chrome: {chromedriverVersion: 131.0.6778.87 (ce31cae94873..., userDataDir: C:\Users\vamsh\AppData\Loca...}, fedcm:accounts: true, goog:chromeOptions: {debuggerAddress: localhost:55972}, networkConnectionEnabled: false, pageLoadStrategy: normal, platformName: windows, proxy: Proxy(), se:cdp: ws://localhost:55972/devtoo..., se:cdpVersion: 131.0.6778.109, setWindowRect: true, strictFileInteractability: false, timeouts: {implicit: 0, pageLoad: 300000, script: 30000}, unhandledPromptBehavior: dismiss and notify, webauthn:extension:credBlob: true, webauthn:extension:largeBlob: true, webauthn:extension:minPinLength: true, webauthn:extension:prf: true, webauthn:virtualAuthenticators: true}
Element: [[ChromeDriver: chrome on windows (aa1f8f71b260a2cdb8511b67fae1dad2)] -> css selector: .CodeMirror textarea]
Session ID: aa1f8f71b260a2cdb8511b67fae1dad2
]]></failure>
    <system-out><![CDATA[
Scenario: No error message displayed for empty code on try editor for Array using list &amp#27;[90m# src/test/resources/Features/ArrayDetailsPage.feature:57&amp#27;[0m
  &amp#27;[32mAnd &amp#27;[0m&amp#27;[32mThe user clicks on Get Started link for array&amp#27;[0m                                   &amp#27;[90m# StepDefinitions.ArrayStepDefintions.the_user_clicks_on_get_started_link_for_array()&amp#27;[0m
  &amp#27;[32mGiven &amp#27;[0m&amp#27;[32mThe user is on the DS Introduction page as signedIn&amp#27;[0m          &amp#27;[90m# StepDefinitions.DSIntroductionDetails.the_user_is_on_the_ds_introduction_page_as_signed_in()&amp#27;[0m
  &amp#27;[32mGiven &amp#27;[0m&amp#27;[32mThe user is on the Array using list&amp#27;[0m                                           &amp#27;[90m# StepDefinitions.ArrayStepDefintions.the_user_is_on_the_array_using_list()&amp#27;[0m
  &amp#27;[32mAnd &amp#27;[0m&amp#27;[32mThe user clicks on Get Started link for array&amp#27;[0m                  &amp#27;[90m# StepDefinitions.ArrayStepDefintions.the_user_clicks_on_get_started_link_for_array()&amp#27;[0m
  &amp#27;[32mGiven &amp#27;[0m&amp#27;[32mThe user is on the Array using list&amp#27;[0m                          &amp#27;[90m# StepDefinitions.ArrayStepDefintions.the_user_is_on_the_array_using_list()&amp#27;[0m
[INFO ] 2024-12-09 21:56:23.945 [TestNG-PoolService-1] Hooks - ======================  New Test Execution is STARTED!! ======================
  &amp#27;[32mWhen &amp#27;[0m&amp#27;[32mUser clicks Try here link&amp#27;[0m                                                      &amp#27;[90m# StepDefinitions.DSIntroductionDetails.user_clicks_try_here_link()&amp#27;[0m
  &amp#27;[31mWhen &amp#27;[0m&amp#27;[31mThe user write the invalid code in Editor&amp#27;[0m                                      &amp#27;[90m# StepDefinitions.DSIntroductionDetails.the_user_write_the_invalid_code_in_editor()&amp#27;[0m
      &amp#27;[31morg.openqa.selenium.ElementNotInteractableException: element not interactable
  (Session info: chrome=131.0.6778.109)
Build info: version: '4.26.0', revision: '8ccf0219d7'
System info: os.name: 'Windows 11', os.arch: 'amd64', os.version: '10.0', java.version: '21.0.5'
Driver info: org.openqa.selenium.chrome.ChromeDriver
Command: [aa1f8f71b260a2cdb8511b67fae1dad2, sendKeysToElement {value=[Ljava.lang.CharSequence;@26b5afa5, id=f.899E65C0F8EB72929F59F2217A10A703.d.FBC5369EE7DE718AD7B5C815485AECFE.e.52}]
Capabilities {acceptInsecureCerts: false, browserName: chrome, browserVersion: 131.0.6778.109, chrome: {chromedriverVersion: 131.0.6778.87 (ce31cae94873..., userDataDir: C:\Users\vamsh\AppData\Loca...}, fedcm:accounts: true, goog:chromeOptions: {debuggerAddress: localhost:55972}, networkConnectionEnabled: false, pageLoadStrategy: normal, platformName: windows, proxy: Proxy(), se:cdp: ws://localhost:55972/devtoo..., se:cdpVersion: 131.0.6778.109, setWindowRect: true, strictFileInteractability: false, timeouts: {implicit: 0, pageLoad: 300000, script: 30000}, unhandledPromptBehavior: dismiss and notify, webauthn:extension:credBlob: true, webauthn:extension:largeBlob: true, webauthn:extension:minPinLength: true, webauthn:extension:prf: true, webauthn:virtualAuthenticators: true}
Element: [[ChromeDriver: chrome on windows (aa1f8f71b260a2cdb8511b67fae1dad2)] -> css selector: .CodeMirror textarea]
Session ID: aa1f8f71b260a2cdb8511b67fae1dad2
	at java.base/jdk.internal.reflect.DirectConstructorHandleAccessor.newInstance(DirectConstructorHandleAccessor.java:62)
	at java.base/java.lang.reflect.Constructor.newInstanceWithCaller(Constructor.java:502)
	at java.base/java.lang.reflect.Constructor.newInstance(Constructor.java:486)
	at org.openqa.selenium.remote.ErrorCodec.decode(ErrorCodec.java:167)
	at org.openqa.selenium.remote.codec.w3c.W3CHttpResponseCodec.decode(W3CHttpResponseCodec.java:138)
	at org.openqa.selenium.remote.codec.w3c.W3CHttpResponseCodec.decode(W3CHttpResponseCodec.java:50)
	at org.openqa.selenium.remote.HttpCommandExecutor.execute(HttpCommandExecutor.java:190)
	at org.openqa.selenium.remote.service.DriverCommandExecutor.invokeExecute(DriverCommandExecutor.java:216)
	at org.openqa.selenium.remote.service.DriverCommandExecutor.execute(DriverCommandExecutor.java:174)
	at org.openqa.selenium.remote.RemoteWebDriver.execute(RemoteWebDriver.java:545)
	at org.openqa.selenium.remote.RemoteWebElement.execute(RemoteWebElement.java:223)
	at org.openqa.selenium.remote.RemoteWebElement.sendKeys(RemoteWebElement.java:110)
	at PageObjects.IntroductionPage.enterCodeInEditor(IntroductionPage.java:146)
	at StepDefinitions.DSIntroductionDetails.the_user_write_the_invalid_code_in_editor(DSIntroductionDetails.java:138)
	at ✽.The user write the invalid code in Editor(file:///C:/Projects/Repo1/src/test/resources/Features/ArrayDetailsPage.feature:53)
&amp#27;[0m
  &amp#27;[36mAnd &amp#27;[0m&amp#27;[36mClick the Run button&amp#27;[0m                                                            &amp#27;[90m# StepDefinitions.DSIntroductionDetails.click_the_run_button()&amp#27;[0m
  &amp#27;[36mThen &amp#27;[0m&amp#27;[36mThe user should able to see an error message in alert window&amp#27;[0m                   &amp#27;[90m# StepDefinitions.DSIntroductionDetails.the_user_should_able_to_see_an_error_message_in_alert_window()&amp#27;[0m
[ERROR] 2024-12-09 21:56:24.100 [TestNG-PoolService-2] Hooks - ======================  TEST CASE FAILED !! ======================

    Embedding screenshot [image/png 7853 bytes]

[INFO ] 2024-12-09 21:56:24.246 [TestNG-PoolService-2] Hooks - ======================  Screenshot is captured  ======================
[INFO ] 2024-12-09 21:56:24.247 [TestNG-PoolService-2] Hooks - ======================  Test Execution is completed!! ======================
]]></system-out>
    <system-err><![CDATA[Dec 09, 2024 9:56:23 PM org.openqa.selenium.devtools.CdpVersionFinder findNearestMatch
WARNING: Unable to find an exact match for CDP version 131, returning the closest version; found: 130; Please update to a Selenium version that supports CDP version 131
]]></system-err>
  </testcase>
  <testcase name="runScenario[&quot;Error message displayed for invalid code on try Editor for Array using list&quot;, &quot;Array detail page&quot;](8)" classname="TestRunners.TestRunner" time="1.32">
    <system-out><![CDATA[
Scenario: No error message displayed for empty code on try editor for Array using list &amp#27;[90m# src/test/resources/Features/ArrayDetailsPage.feature:57&amp#27;[0m
  &amp#27;[32mWhen &amp#27;[0m&amp#27;[32mUser clicks Try here link&amp#27;[0m                                     &amp#27;[90m# StepDefinitions.DSIntroductionDetails.user_clicks_try_here_link()&amp#27;[0m
  &amp#27;[32mThen &amp#27;[0m&amp#27;[32mUser should navigate to tryEditor page&amp#27;[0m                        &amp#27;[90m# StepDefinitions.DSIntroductionDetails.user_should_navigate_to_try_editor_page()&amp#27;[0m
[INFO ] 2024-12-09 22:05:05.939 [TestNG-PoolService-2] Hooks - ======================  Test Execution is completed!! ======================
]]></system-out>
  </testcase>
  <testcase name="runScenario[&quot;Validate user can Try here link page from Array using list&quot;, &quot;Array detail page&quot;](9)" classname="TestRunners.TestRunner" time="0.556">
    <system-out><![CDATA[
Scenario: Valid code on try editor for Array using list runs successfully &amp#27;[90m# src/test/resources/Features/ArrayDetailsPage.feature:63&amp#27;[0m
  &amp#27;[32mWhen &amp#27;[0m&amp#27;[32mUser clicks Try here link&amp#27;[0m                                     &amp#27;[90m# StepDefinitions.DSIntroductionDetails.user_clicks_try_here_link()&amp#27;[0m
  &amp#27;[32mThen &amp#27;[0m&amp#27;[32mUser should navigate to tryEditor page&amp#27;[0m                        &amp#27;[90m# StepDefinitions.DSIntroductionDetails.user_should_navigate_to_try_editor_page()&amp#27;[0m
[INFO ] 2024-12-09 21:56:24.804 [TestNG-PoolService-3] Hooks - ======================  Test Execution is completed!! ======================
]]></system-out>
  </testcase>
  <testcase name="runScenario[&quot;Validate user can Try here link page from Array using list&quot;, &quot;Array detail page&quot;](9)" classname="TestRunners.TestRunner" time="0.689">
    <system-out><![CDATA[
Scenario: Valid code on try editor for Array using list runs successfully &amp#27;[90m# src/test/resources/Features/ArrayDetailsPage.feature:63&amp#27;[0m
]]></system-out>
  </testcase>
  <testcase name="runScenario[&quot;No error message displayed for empty code on try editor for Array using list&quot;, &quot;Array detail page&quot;](10)" classname="TestRunners.TestRunner" time="4.502">
    <system-out><![CDATA[
Scenario: Validate user can navigate to basic opertaions in lists &amp#27;[90m# src/test/resources/Features/ArrayDetailsPage.feature:70&amp#27;[0m
[INFO ] 2024-12-09 21:56:25.647 [TestNG-PoolService-2] Hooks - ======================  New Test Execution is STARTED!! ======================
[INFO ] 2024-12-09 21:56:26.280 [TestNG-PoolService-3] Hooks - ======================  New Test Execution is STARTED!! ======================
  &amp#27;[32mGiven &amp#27;[0m&amp#27;[32mThe user is on the DS Introduction page as signedIn&amp#27;[0m                            &amp#27;[90m# StepDefinitions.DSIntroductionDetails.the_user_is_on_the_ds_introduction_page_as_signed_in()&amp#27;[0m
  &amp#27;[32mAnd &amp#27;[0m&amp#27;[32mThe user clicks on Get Started link for array&amp#27;[0m                                    &amp#27;[90m# StepDefinitions.ArrayStepDefintions.the_user_clicks_on_get_started_link_for_array()&amp#27;[0m
  &amp#27;[32mGiven &amp#27;[0m&amp#27;[32mThe user is on the Array using list&amp#27;[0m                                            &amp#27;[90m# StepDefinitions.ArrayStepDefintions.the_user_is_on_the_array_using_list()&amp#27;[0m
  &amp#27;[32mGiven &amp#27;[0m&amp#27;[32mThe user is on the DS Introduction page as signedIn&amp#27;[0m       &amp#27;[90m# StepDefinitions.DSIntroductionDetails.the_user_is_on_the_ds_introduction_page_as_signed_in()&amp#27;[0m
  &amp#27;[32mWhen &amp#27;[0m&amp#27;[32mUser clicks Try here link&amp#27;[0m                                                       &amp#27;[90m# StepDefinitions.DSIntroductionDetails.user_clicks_try_here_link()&amp#27;[0m
  &amp#27;[32mWhen &amp#27;[0m&amp#27;[32mClick the Run button&amp#27;[0m                                                            &amp#27;[90m# StepDefinitions.DSIntroductionDetails.click_the_run_button()&amp#27;[0m
  &amp#27;[32mThen &amp#27;[0m&amp#27;[32mThe user should not see any error message or alert&amp#27;[0m                              &amp#27;[90m# StepDefinitions.DSIntroductionDetails.the_user_should_not_see_any_error_message_or_alert()&amp#27;[0m
[INFO ] 2024-12-09 21:56:29.322 [TestNG-PoolService-1] Hooks - ======================  Test Execution is completed!! ======================
]]></system-out>
    <system-err><![CDATA[Dec 09, 2024 9:56:25 PM org.openqa.selenium.devtools.CdpVersionFinder findNearestMatch
WARNING: Unable to find an exact match for CDP version 131, returning the closest version; found: 130; Please update to a Selenium version that supports CDP version 131
Dec 09, 2024 9:56:26 PM org.openqa.selenium.devtools.CdpVersionFinder findNearestMatch
WARNING: Unable to find an exact match for CDP version 131, returning the closest version; found: 130; Please update to a Selenium version that supports CDP version 131
]]></system-err>
  </testcase>
  <testcase name="runScenario[&quot;No error message displayed for empty code on try editor for Array using list&quot;, &quot;Array detail page&quot;](10)" classname="TestRunners.TestRunner" time="0.214">
    <system-out><![CDATA[
Scenario: Validate user can navigate to basic opertaions in lists &amp#27;[90m# src/test/resources/Features/ArrayDetailsPage.feature:70&amp#27;[0m
]]></system-out>
  </testcase>
  <testcase name="runScenario[&quot;Validate user can navigate to basic opertaions in lists&quot;, &quot;Array detail page&quot;](11)" classname="TestRunners.TestRunner" time="1.078">
    <system-out><![CDATA[
Scenario: Validate user can Try here link page from Basic operations in lists &amp#27;[90m# src/test/resources/Features/ArrayDetailsPage.feature:75&amp#27;[0m
  &amp#27;[32mAnd &amp#27;[0m&amp#27;[32mThe user clicks on Get Started link for array&amp#27;[0m               &amp#27;[90m# StepDefinitions.ArrayStepDefintions.the_user_clicks_on_get_started_link_for_array()&amp#27;[0m
  &amp#27;[32mGiven &amp#27;[0m&amp#27;[32mThe user is on the array details page&amp#27;[0m                     &amp#27;[90m# StepDefinitions.ArrayStepDefintions.the_user_is_on_the_array_details_page()&amp#27;[0m
  &amp#27;[32mGiven &amp#27;[0m&amp#27;[32mThe user is on the DS Introduction page as signedIn&amp#27;[0m               &amp#27;[90m# StepDefinitions.DSIntroductionDetails.the_user_is_on_the_ds_introduction_page_as_signed_in()&amp#27;[0m
  &amp#27;[32mAnd &amp#27;[0m&amp#27;[32mThe user clicks on Get Started link for array&amp#27;[0m                       &amp#27;[90m# StepDefinitions.ArrayStepDefintions.the_user_clicks_on_get_started_link_for_array()&amp#27;[0m
  &amp#27;[32mWhen &amp#27;[0m&amp#27;[32mThe user click on basic operations in lists&amp#27;[0m                &amp#27;[90m# StepDefinitions.ArrayStepDefintions.the_user_click_on_basic_operations_in_lists()&amp#27;[0m
  &amp#27;[32mThen &amp#27;[0m&amp#27;[32mthe user is navigated to basic opertaions in lists&amp#27;[0m         &amp#27;[90m# StepDefinitions.ArrayStepDefintions.the_user_is_navigated_to_basic_opertaions_in_lists()&amp#27;[0m
[INFO ] 2024-12-09 21:56:30.107 [TestNG-PoolService-3] Hooks - ======================  Test Execution is completed!! ======================
]]></system-out>
  </testcase>
  <testcase name="runScenario[&quot;Validate user can navigate to basic opertaions in lists&quot;, &quot;Array detail page&quot;](11)" classname="TestRunners.TestRunner" time="8.253">
    <system-out><![CDATA[
Scenario: Validate user can Try here link page from Basic operations in lists &amp#27;[90m# src/test/resources/Features/ArrayDetailsPage.feature:75&amp#27;[0m
[INFO ] 2024-12-09 22:19:34.382 [TestNG-PoolService-2] Hooks - ======================  New Test Execution is STARTED!! ======================
[INFO ] 2024-12-09 22:19:36.073 [TestNG-PoolService-3] Hooks - ======================  New Test Execution is STARTED!! ======================
[INFO ] 2024-12-09 22:19:36.669 [TestNG-PoolService-1] Hooks - ======================  New Test Execution is STARTED!! ======================
  &amp#27;[32mGiven &amp#27;[0m&amp#27;[32mThe user is on the DS Introduction page as signedIn&amp#27;[0m               &amp#27;[90m# StepDefinitions.DSIntroductionDetails.the_user_is_on_the_ds_introduction_page_as_signed_in()&amp#27;[0m
  &amp#27;[32mGiven &amp#27;[0m&amp#27;[32mThe user is on the DS Introduction page as signedIn&amp#27;[0m       &amp#27;[90m# StepDefinitions.DSIntroductionDetails.the_user_is_on_the_ds_introduction_page_as_signed_in()&amp#27;[0m
  &amp#27;[32mAnd &amp#27;[0m&amp#27;[32mThe user clicks on Get Started link for array&amp#27;[0m                       &amp#27;[90m# StepDefinitions.ArrayStepDefintions.the_user_clicks_on_get_started_link_for_array()&amp#27;[0m
  &amp#27;[32mAnd &amp#27;[0m&amp#27;[32mThe user clicks on Get Started link for array&amp#27;[0m               &amp#27;[90m# StepDefinitions.ArrayStepDefintions.the_user_clicks_on_get_started_link_for_array()&amp#27;[0m
  &amp#27;[32mGiven &amp#27;[0m&amp#27;[32mThe user is on the Array using list&amp#27;[0m                               &amp#27;[90m# StepDefinitions.ArrayStepDefintions.the_user_is_on_the_array_using_list()&amp#27;[0m
  &amp#27;[32mGiven &amp#27;[0m&amp#27;[32mThe user is on the array details page&amp#27;[0m                     &amp#27;[90m# StepDefinitions.ArrayStepDefintions.the_user_is_on_the_array_details_page()&amp#27;[0m
  &amp#27;[32mWhen &amp#27;[0m&amp#27;[32mThe user click on basic operations in lists&amp#27;[0m                &amp#27;[90m# StepDefinitions.ArrayStepDefintions.the_user_click_on_basic_operations_in_lists()&amp#27;[0m
  &amp#27;[32mThen &amp#27;[0m&amp#27;[32mthe user is navigated to basic opertaions in lists&amp#27;[0m         &amp#27;[90m# StepDefinitions.ArrayStepDefintions.the_user_is_navigated_to_basic_opertaions_in_lists()&amp#27;[0m
[INFO ] 2024-12-09 22:19:40.279 [TestNG-PoolService-3] Hooks - ======================  Test Execution is completed!! ======================
  &amp#27;[32mWhen &amp#27;[0m&amp#27;[32mUser clicks Try here link&amp#27;[0m                                          &amp#27;[90m# StepDefinitions.DSIntroductionDetails.user_clicks_try_here_link()&amp#27;[0m
  &amp#27;[32mGiven &amp#27;[0m&amp#27;[32mThe user is on the DS Introduction page as signedIn&amp#27;[0m                   &amp#27;[90m# StepDefinitions.DSIntroductionDetails.the_user_is_on_the_ds_introduction_page_as_signed_in()&amp#27;[0m
  &amp#27;[31mWhen &amp#27;[0m&amp#27;[31mThe user write the valid code in Editor&amp#27;[0m                            &amp#27;[90m# StepDefinitions.DSIntroductionDetails.the_user_write_the_valid_code_in_editor()&amp#27;[0m
      &amp#27;[31morg.openqa.selenium.ElementNotInteractableException: element not interactable
  (Session info: MicrosoftEdge=131.0.2903.86)
Build info: version: '4.26.0', revision: '8ccf0219d7'
System info: os.name: 'Windows 11', os.arch: 'amd64', os.version: '10.0', java.version: '21.0.5'
Driver info: org.openqa.selenium.edge.EdgeDriver
Command: [323b7f2e5338ae3d5ca11367f7b8032e, sendKeysToElement {value=[Ljava.lang.CharSequence;@62048a8f, id=f.E331C975837BD4C33C08C1BCC6E0BA07.d.5610E84914D1B576E79F4C193413FB72.e.38}]
Capabilities {acceptInsecureCerts: false, browserName: MicrosoftEdge, browserVersion: 131.0.2903.86, fedcm:accounts: true, ms:edgeOptions: {debuggerAddress: localhost:59208}, msedge: {msedgedriverVersion: 131.0.2903.86 (cf5bf303997c..., userDataDir: C:\Users\vamsh\AppData\Loca...}, networkConnectionEnabled: false, pageLoadStrategy: normal, platformName: windows, proxy: Proxy(), se:cdp: ws://localhost:59208/devtoo..., se:cdpVersion: 131.0.2903.86, setWindowRect: true, strictFileInteractability: false, timeouts: {implicit: 0, pageLoad: 300000, script: 30000}, unhandledPromptBehavior: dismiss and notify, webauthn:extension:credBlob: true, webauthn:extension:largeBlob: true, webauthn:extension:minPinLength: true, webauthn:extension:prf: true, webauthn:virtualAuthenticators: true}
Element: [[EdgeDriver: MicrosoftEdge on windows (323b7f2e5338ae3d5ca11367f7b8032e)] -> css selector: .CodeMirror textarea]
Session ID: 323b7f2e5338ae3d5ca11367f7b8032e
	at java.base/jdk.internal.reflect.DirectConstructorHandleAccessor.newInstance(DirectConstructorHandleAccessor.java:62)
	at java.base/java.lang.reflect.Constructor.newInstanceWithCaller(Constructor.java:502)
	at java.base/java.lang.reflect.Constructor.newInstance(Constructor.java:486)
	at org.openqa.selenium.remote.ErrorCodec.decode(ErrorCodec.java:167)
	at org.openqa.selenium.remote.codec.w3c.W3CHttpResponseCodec.decode(W3CHttpResponseCodec.java:138)
	at org.openqa.selenium.remote.codec.w3c.W3CHttpResponseCodec.decode(W3CHttpResponseCodec.java:50)
	at org.openqa.selenium.remote.HttpCommandExecutor.execute(HttpCommandExecutor.java:190)
	at org.openqa.selenium.remote.service.DriverCommandExecutor.invokeExecute(DriverCommandExecutor.java:216)
	at org.openqa.selenium.remote.service.DriverCommandExecutor.execute(DriverCommandExecutor.java:174)
	at org.openqa.selenium.remote.RemoteWebDriver.execute(RemoteWebDriver.java:545)
	at org.openqa.selenium.remote.RemoteWebElement.execute(RemoteWebElement.java:223)
	at org.openqa.selenium.remote.RemoteWebElement.sendKeys(RemoteWebElement.java:110)
	at PageObjects.IntroductionPage.enterCodeInEditor(IntroductionPage.java:146)
	at StepDefinitions.DSIntroductionDetails.the_user_write_the_valid_code_in_editor(DSIntroductionDetails.java:158)
	at ✽.The user write the valid code in Editor(file:///C:/Projects/Repo1/src/test/resources/Features/ArrayDetailsPage.feature:66)
&amp#27;[0m
  &amp#27;[36mAnd &amp#27;[0m&amp#27;[36mClick the Run button&amp#27;[0m                                                &amp#27;[90m# StepDefinitions.DSIntroductionDetails.click_the_run_button()&amp#27;[0m
  &amp#27;[36mThen &amp#27;[0m&amp#27;[36mThe user should able to see output in the console&amp#27;[0m                  &amp#27;[90m# StepDefinitions.DSIntroductionDetails.the_user_should_able_to_see_output_in_the_console()&amp#27;[0m
[ERROR] 2024-12-09 22:19:40.513 [TestNG-PoolService-2] Hooks - ======================  TEST CASE FAILED !! ======================

    Embedding screenshot [image/png 7890 bytes]

[INFO ] 2024-12-09 22:19:40.730 [TestNG-PoolService-2] Hooks - ======================  Screenshot is captured  ======================
[INFO ] 2024-12-09 22:19:40.732 [TestNG-PoolService-2] Hooks - ======================  Test Execution is completed!! ======================
  &amp#27;[32mAnd &amp#27;[0m&amp#27;[32mThe user clicks on Get Started link for array&amp#27;[0m                           &amp#27;[90m# StepDefinitions.ArrayStepDefintions.the_user_clicks_on_get_started_link_for_array()&amp#27;[0m
  &amp#27;[32mGiven &amp#27;[0m&amp#27;[32mThe user is on the Basic operations in lists&amp#27;[0m                          &amp#27;[90m# StepDefinitions.ArrayStepDefintions.the_user_is_on_the_basic_operations_in_lists()&amp#27;[0m
]]></system-out>
    <system-err><![CDATA[Dec 09, 2024 10:19:34 PM org.openqa.selenium.devtools.CdpVersionFinder findNearestMatch
WARNING: Unable to find an exact match for CDP version 131, returning the closest version; found: 130; Please update to a Selenium version that supports CDP version 131
Dec 09, 2024 10:19:35 PM org.openqa.selenium.devtools.CdpVersionFinder findNearestMatch
WARNING: Unable to find an exact match for CDP version 131, returning the closest version; found: 130; Please update to a Selenium version that supports CDP version 131
Dec 09, 2024 10:19:36 PM org.openqa.selenium.devtools.CdpVersionFinder findNearestMatch
WARNING: Unable to find an exact match for CDP version 131, returning the closest version; found: 130; Please update to a Selenium version that supports CDP version 131
]]></system-err>
  </testcase>
  <testcase name="runScenario[&quot;Valid code on try editor for Array using list runs successfully&quot;, &quot;Array detail page&quot;](12)" classname="TestRunners.TestRunner" time="1.742">
    <failure message="element not interactable&#10;  (Session info: chrome=131.0.6778.109)&#10;Build info: version: &apos;4.26.0&apos;, revision: &apos;8ccf0219d7&apos;&#10;System info: os.name: &apos;Windows 11&apos;, os.arch: &apos;amd64&apos;, os.version: &apos;10.0&apos;, java.version: &apos;21.0.5&apos;&#10;Driver info: org.openqa.selenium.chrome.ChromeDriver&#10;Command: [27a1d9425e57a919d117ff26c6d8a443, sendKeysToElement {value=[Ljava.lang.CharSequence;@688423c2, id=f.49A53E3E5FBA0E3B405AB0E866C118AD.d.299C396F61EEEBE4269C56F589BE8F7F.e.37}]&#10;Capabilities {acceptInsecureCerts: false, browserName: chrome, browserVersion: 131.0.6778.109, chrome: {chromedriverVersion: 131.0.6778.87 (ce31cae94873..., userDataDir: C:\Users\vamsh\AppData\Loca...}, fedcm:accounts: true, goog:chromeOptions: {debuggerAddress: localhost:56107}, networkConnectionEnabled: false, pageLoadStrategy: normal, platformName: windows, proxy: Proxy(), se:cdp: ws://localhost:56107/devtoo..., se:cdpVersion: 131.0.6778.109, setWindowRect: true, strictFileInteractability: false, timeouts: {implicit: 0, pageLoad: 300000, script: 30000}, unhandledPromptBehavior: dismiss and notify, webauthn:extension:credBlob: true, webauthn:extension:largeBlob: true, webauthn:extension:minPinLength: true, webauthn:extension:prf: true, webauthn:virtualAuthenticators: true}&#10;Element: [[ChromeDriver: chrome on windows (27a1d9425e57a919d117ff26c6d8a443)] -&gt; css selector: .CodeMirror textarea]&#10;Session ID: 27a1d9425e57a919d117ff26c6d8a443" type="org.openqa.selenium.ElementNotInteractableException"><![CDATA[org.openqa.selenium.ElementNotInteractableException: 
element not interactable
  (Session info: chrome=131.0.6778.109)
Build info: version: '4.26.0', revision: '8ccf0219d7'
System info: os.name: 'Windows 11', os.arch: 'amd64', os.version: '10.0', java.version: '21.0.5'
Driver info: org.openqa.selenium.chrome.ChromeDriver
Command: [27a1d9425e57a919d117ff26c6d8a443, sendKeysToElement {value=[Ljava.lang.CharSequence;@688423c2, id=f.49A53E3E5FBA0E3B405AB0E866C118AD.d.299C396F61EEEBE4269C56F589BE8F7F.e.37}]
Capabilities {acceptInsecureCerts: false, browserName: chrome, browserVersion: 131.0.6778.109, chrome: {chromedriverVersion: 131.0.6778.87 (ce31cae94873..., userDataDir: C:\Users\vamsh\AppData\Loca...}, fedcm:accounts: true, goog:chromeOptions: {debuggerAddress: localhost:56107}, networkConnectionEnabled: false, pageLoadStrategy: normal, platformName: windows, proxy: Proxy(), se:cdp: ws://localhost:56107/devtoo..., se:cdpVersion: 131.0.6778.109, setWindowRect: true, strictFileInteractability: false, timeouts: {implicit: 0, pageLoad: 300000, script: 30000}, unhandledPromptBehavior: dismiss and notify, webauthn:extension:credBlob: true, webauthn:extension:largeBlob: true, webauthn:extension:minPinLength: true, webauthn:extension:prf: true, webauthn:virtualAuthenticators: true}
Element: [[ChromeDriver: chrome on windows (27a1d9425e57a919d117ff26c6d8a443)] -> css selector: .CodeMirror textarea]
Session ID: 27a1d9425e57a919d117ff26c6d8a443
]]></failure>
    <system-out><![CDATA[
Scenario: Error message displayed for invalid code on try Editor for Basic operations in lists &amp#27;[90m# src/test/resources/Features/ArrayDetailsPage.feature:80&amp#27;[0m
  &amp#27;[32mGiven &amp#27;[0m&amp#27;[32mThe user is on the Array using list&amp#27;[0m                               &amp#27;[90m# StepDefinitions.ArrayStepDefintions.the_user_is_on_the_array_using_list()&amp#27;[0m
[INFO ] 2024-12-09 21:56:30.746 [TestNG-PoolService-1] Hooks - ======================  New Test Execution is STARTED!! ======================
[INFO ] 2024-12-09 21:56:31.741 [TestNG-PoolService-3] Hooks - ======================  New Test Execution is STARTED!! ======================
  &amp#27;[32mWhen &amp#27;[0m&amp#27;[32mUser clicks Try here link&amp#27;[0m                                          &amp#27;[90m# StepDefinitions.DSIntroductionDetails.user_clicks_try_here_link()&amp#27;[0m
  &amp#27;[31mWhen &amp#27;[0m&amp#27;[31mThe user write the valid code in Editor&amp#27;[0m                            &amp#27;[90m# StepDefinitions.DSIntroductionDetails.the_user_write_the_valid_code_in_editor()&amp#27;[0m
      &amp#27;[31morg.openqa.selenium.ElementNotInteractableException: element not interactable
  (Session info: chrome=131.0.6778.109)
Build info: version: '4.26.0', revision: '8ccf0219d7'
System info: os.name: 'Windows 11', os.arch: 'amd64', os.version: '10.0', java.version: '21.0.5'
Driver info: org.openqa.selenium.chrome.ChromeDriver
Command: [27a1d9425e57a919d117ff26c6d8a443, sendKeysToElement {value=[Ljava.lang.CharSequence;@688423c2, id=f.49A53E3E5FBA0E3B405AB0E866C118AD.d.299C396F61EEEBE4269C56F589BE8F7F.e.37}]
Capabilities {acceptInsecureCerts: false, browserName: chrome, browserVersion: 131.0.6778.109, chrome: {chromedriverVersion: 131.0.6778.87 (ce31cae94873..., userDataDir: C:\Users\vamsh\AppData\Loca...}, fedcm:accounts: true, goog:chromeOptions: {debuggerAddress: localhost:56107}, networkConnectionEnabled: false, pageLoadStrategy: normal, platformName: windows, proxy: Proxy(), se:cdp: ws://localhost:56107/devtoo..., se:cdpVersion: 131.0.6778.109, setWindowRect: true, strictFileInteractability: false, timeouts: {implicit: 0, pageLoad: 300000, script: 30000}, unhandledPromptBehavior: dismiss and notify, webauthn:extension:credBlob: true, webauthn:extension:largeBlob: true, webauthn:extension:minPinLength: true, webauthn:extension:prf: true, webauthn:virtualAuthenticators: true}
Element: [[ChromeDriver: chrome on windows (27a1d9425e57a919d117ff26c6d8a443)] -> css selector: .CodeMirror textarea]
Session ID: 27a1d9425e57a919d117ff26c6d8a443
	at java.base/jdk.internal.reflect.DirectConstructorHandleAccessor.newInstance(DirectConstructorHandleAccessor.java:62)
	at java.base/java.lang.reflect.Constructor.newInstanceWithCaller(Constructor.java:502)
	at java.base/java.lang.reflect.Constructor.newInstance(Constructor.java:486)
	at org.openqa.selenium.remote.ErrorCodec.decode(ErrorCodec.java:167)
	at org.openqa.selenium.remote.codec.w3c.W3CHttpResponseCodec.decode(W3CHttpResponseCodec.java:138)
	at org.openqa.selenium.remote.codec.w3c.W3CHttpResponseCodec.decode(W3CHttpResponseCodec.java:50)
	at org.openqa.selenium.remote.HttpCommandExecutor.execute(HttpCommandExecutor.java:190)
	at org.openqa.selenium.remote.service.DriverCommandExecutor.invokeExecute(DriverCommandExecutor.java:216)
	at org.openqa.selenium.remote.service.DriverCommandExecutor.execute(DriverCommandExecutor.java:174)
	at org.openqa.selenium.remote.RemoteWebDriver.execute(RemoteWebDriver.java:545)
	at org.openqa.selenium.remote.RemoteWebElement.execute(RemoteWebElement.java:223)
	at org.openqa.selenium.remote.RemoteWebElement.sendKeys(RemoteWebElement.java:110)
	at PageObjects.IntroductionPage.enterCodeInEditor(IntroductionPage.java:146)
	at StepDefinitions.DSIntroductionDetails.the_user_write_the_valid_code_in_editor(DSIntroductionDetails.java:158)
	at ✽.The user write the valid code in Editor(file:///C:/Projects/Repo1/src/test/resources/Features/ArrayDetailsPage.feature:66)
&amp#27;[0m
  &amp#27;[36mAnd &amp#27;[0m&amp#27;[36mClick the Run button&amp#27;[0m                                                &amp#27;[90m# StepDefinitions.DSIntroductionDetails.click_the_run_button()&amp#27;[0m
  &amp#27;[36mThen &amp#27;[0m&amp#27;[36mThe user should able to see output in the console&amp#27;[0m                  &amp#27;[90m# StepDefinitions.DSIntroductionDetails.the_user_should_able_to_see_output_in_the_console()&amp#27;[0m
[ERROR] 2024-12-09 21:56:31.991 [TestNG-PoolService-2] Hooks - ======================  TEST CASE FAILED !! ======================

    Embedding screenshot [image/png 7853 bytes]

[INFO ] 2024-12-09 21:56:32.123 [TestNG-PoolService-2] Hooks - ======================  Screenshot is captured  ======================
[INFO ] 2024-12-09 21:56:32.125 [TestNG-PoolService-2] Hooks - ======================  Test Execution is completed!! ======================
]]></system-out>
    <system-err><![CDATA[Dec 09, 2024 9:56:30 PM org.openqa.selenium.devtools.CdpVersionFinder findNearestMatch
WARNING: Unable to find an exact match for CDP version 131, returning the closest version; found: 130; Please update to a Selenium version that supports CDP version 131
Dec 09, 2024 9:56:31 PM org.openqa.selenium.devtools.CdpVersionFinder findNearestMatch
WARNING: Unable to find an exact match for CDP version 131, returning the closest version; found: 130; Please update to a Selenium version that supports CDP version 131
]]></system-err>
  </testcase>
  <testcase name="runScenario[&quot;Valid code on try editor for Array using list runs successfully&quot;, &quot;Array detail page&quot;](12)" classname="TestRunners.TestRunner" time="1.095">
    <system-out><![CDATA[
Scenario: Error message displayed for invalid code on try Editor for Basic operations in lists &amp#27;[90m# src/test/resources/Features/ArrayDetailsPage.feature:80&amp#27;[0m
]]></system-out>
  </testcase>
  <testcase name="runScenario[&quot;Valid code on try editor for Array using list runs successfully&quot;, &quot;Array detail page&quot;](12)" classname="TestRunners.TestRunner" time="0.42">
    <failure message="element not interactable&#10;  (Session info: MicrosoftEdge=131.0.2903.86)&#10;Build info: version: &apos;4.26.0&apos;, revision: &apos;8ccf0219d7&apos;&#10;System info: os.name: &apos;Windows 11&apos;, os.arch: &apos;amd64&apos;, os.version: &apos;10.0&apos;, java.version: &apos;21.0.5&apos;&#10;Driver info: org.openqa.selenium.edge.EdgeDriver&#10;Command: [323b7f2e5338ae3d5ca11367f7b8032e, sendKeysToElement {value=[Ljava.lang.CharSequence;@62048a8f, id=f.E331C975837BD4C33C08C1BCC6E0BA07.d.5610E84914D1B576E79F4C193413FB72.e.38}]&#10;Capabilities {acceptInsecureCerts: false, browserName: MicrosoftEdge, browserVersion: 131.0.2903.86, fedcm:accounts: true, ms:edgeOptions: {debuggerAddress: localhost:59208}, msedge: {msedgedriverVersion: 131.0.2903.86 (cf5bf303997c..., userDataDir: C:\Users\vamsh\AppData\Loca...}, networkConnectionEnabled: false, pageLoadStrategy: normal, platformName: windows, proxy: Proxy(), se:cdp: ws://localhost:59208/devtoo..., se:cdpVersion: 131.0.2903.86, setWindowRect: true, strictFileInteractability: false, timeouts: {implicit: 0, pageLoad: 300000, script: 30000}, unhandledPromptBehavior: dismiss and notify, webauthn:extension:credBlob: true, webauthn:extension:largeBlob: true, webauthn:extension:minPinLength: true, webauthn:extension:prf: true, webauthn:virtualAuthenticators: true}&#10;Element: [[EdgeDriver: MicrosoftEdge on windows (323b7f2e5338ae3d5ca11367f7b8032e)] -&gt; css selector: .CodeMirror textarea]&#10;Session ID: 323b7f2e5338ae3d5ca11367f7b8032e" type="org.openqa.selenium.ElementNotInteractableException"><![CDATA[org.openqa.selenium.ElementNotInteractableException: 
element not interactable
  (Session info: MicrosoftEdge=131.0.2903.86)
Build info: version: '4.26.0', revision: '8ccf0219d7'
System info: os.name: 'Windows 11', os.arch: 'amd64', os.version: '10.0', java.version: '21.0.5'
Driver info: org.openqa.selenium.edge.EdgeDriver
Command: [323b7f2e5338ae3d5ca11367f7b8032e, sendKeysToElement {value=[Ljava.lang.CharSequence;@62048a8f, id=f.E331C975837BD4C33C08C1BCC6E0BA07.d.5610E84914D1B576E79F4C193413FB72.e.38}]
Capabilities {acceptInsecureCerts: false, browserName: MicrosoftEdge, browserVersion: 131.0.2903.86, fedcm:accounts: true, ms:edgeOptions: {debuggerAddress: localhost:59208}, msedge: {msedgedriverVersion: 131.0.2903.86 (cf5bf303997c..., userDataDir: C:\Users\vamsh\AppData\Loca...}, networkConnectionEnabled: false, pageLoadStrategy: normal, platformName: windows, proxy: Proxy(), se:cdp: ws://localhost:59208/devtoo..., se:cdpVersion: 131.0.2903.86, setWindowRect: true, strictFileInteractability: false, timeouts: {implicit: 0, pageLoad: 300000, script: 30000}, unhandledPromptBehavior: dismiss and notify, webauthn:extension:credBlob: true, webauthn:extension:largeBlob: true, webauthn:extension:minPinLength: true, webauthn:extension:prf: true, webauthn:virtualAuthenticators: true}
Element: [[EdgeDriver: MicrosoftEdge on windows (323b7f2e5338ae3d5ca11367f7b8032e)] -> css selector: .CodeMirror textarea]
Session ID: 323b7f2e5338ae3d5ca11367f7b8032e
]]></failure>
    <system-out><![CDATA[
Scenario: Error message displayed for invalid code on try Editor for Basic operations in lists &amp#27;[90m# src/test/resources/Features/ArrayDetailsPage.feature:80&amp#27;[0m
  &amp#27;[32mWhen &amp#27;[0m&amp#27;[32mUser clicks Try here link&amp#27;[0m                                              &amp#27;[90m# StepDefinitions.DSIntroductionDetails.user_clicks_try_here_link()&amp#27;[0m
  &amp#27;[32mThen &amp#27;[0m&amp#27;[32mUser should navigate to tryEditor page&amp#27;[0m                                 &amp#27;[90m# StepDefinitions.DSIntroductionDetails.user_should_navigate_to_try_editor_page()&amp#27;[0m
[INFO ] 2024-12-09 22:19:41.940 [TestNG-PoolService-1] Hooks - ======================  Test Execution is completed!! ======================
]]></system-out>
  </testcase>
  <testcase name="runScenario[&quot;Validate user can Try here link page from Basic operations in lists&quot;, &quot;Array detail page&quot;](13)" classname="TestRunners.TestRunner" time="3.788">
    <system-out><![CDATA[
Scenario: No error message displayed for empty code on try editor for basic operations in lists &amp#27;[90m# src/test/resources/Features/ArrayDetailsPage.feature:87&amp#27;[0m
[INFO ] 2024-12-09 21:56:33.579 [TestNG-PoolService-2] Hooks - ======================  New Test Execution is STARTED!! ======================
  &amp#27;[32mGiven &amp#27;[0m&amp#27;[32mThe user is on the DS Introduction page as signedIn&amp#27;[0m                   &amp#27;[90m# StepDefinitions.DSIntroductionDetails.the_user_is_on_the_ds_introduction_page_as_signed_in()&amp#27;[0m
  &amp#27;[32mGiven &amp#27;[0m&amp#27;[32mThe user is on the DS Introduction page as signedIn&amp#27;[0m                                    &amp#27;[90m# StepDefinitions.DSIntroductionDetails.the_user_is_on_the_ds_introduction_page_as_signed_in()&amp#27;[0m
  &amp#27;[32mAnd &amp#27;[0m&amp#27;[32mThe user clicks on Get Started link for array&amp#27;[0m                           &amp#27;[90m# StepDefinitions.ArrayStepDefintions.the_user_clicks_on_get_started_link_for_array()&amp#27;[0m
  &amp#27;[32mAnd &amp#27;[0m&amp#27;[32mThe user clicks on Get Started link for array&amp#27;[0m                                            &amp#27;[90m# StepDefinitions.ArrayStepDefintions.the_user_clicks_on_get_started_link_for_array()&amp#27;[0m
  &amp#27;[32mGiven &amp#27;[0m&amp#27;[32mThe user is on the Basic operations in lists&amp#27;[0m                          &amp#27;[90m# StepDefinitions.ArrayStepDefintions.the_user_is_on_the_basic_operations_in_lists()&amp#27;[0m
  &amp#27;[32mGiven &amp#27;[0m&amp#27;[32mThe user is on the Basic operations in lists&amp#27;[0m                                           &amp#27;[90m# StepDefinitions.ArrayStepDefintions.the_user_is_on_the_basic_operations_in_lists()&amp#27;[0m
  &amp#27;[32mWhen &amp#27;[0m&amp#27;[32mUser clicks Try here link&amp#27;[0m                                              &amp#27;[90m# StepDefinitions.DSIntroductionDetails.user_clicks_try_here_link()&amp#27;[0m
  &amp#27;[32mThen &amp#27;[0m&amp#27;[32mUser should navigate to tryEditor page&amp#27;[0m                                 &amp#27;[90m# StepDefinitions.DSIntroductionDetails.user_should_navigate_to_try_editor_page()&amp#27;[0m
[INFO ] 2024-12-09 21:56:35.880 [TestNG-PoolService-1] Hooks - ======================  Test Execution is completed!! ======================
]]></system-out>
    <system-err><![CDATA[Dec 09, 2024 9:56:33 PM org.openqa.selenium.devtools.CdpVersionFinder findNearestMatch
WARNING: Unable to find an exact match for CDP version 131, returning the closest version; found: 130; Please update to a Selenium version that supports CDP version 131
]]></system-err>
  </testcase>
  <testcase name="runScenario[&quot;Validate user can Try here link page from Basic operations in lists&quot;, &quot;Array detail page&quot;](13)" classname="TestRunners.TestRunner" time="10.674">
    <system-out><![CDATA[
Scenario: No error message displayed for empty code on try editor for basic operations in lists &amp#27;[90m# src/test/resources/Features/ArrayDetailsPage.feature:87&amp#27;[0m
[INFO ] 2024-12-09 22:05:23.151 [TestNG-PoolService-2] Hooks - ======================  New Test Execution is STARTED!! ======================
[INFO ] 2024-12-09 22:05:24.424 [TestNG-PoolService-1] Hooks - ======================  New Test Execution is STARTED!! ======================
[INFO ] 2024-12-09 22:05:24.955 [TestNG-PoolService-3] Hooks - ======================  New Test Execution is STARTED!! ======================
  &amp#27;[32mGiven &amp#27;[0m&amp#27;[32mThe user is on the DS Introduction page as signedIn&amp#27;[0m                   &amp#27;[90m# StepDefinitions.DSIntroductionDetails.the_user_is_on_the_ds_introduction_page_as_signed_in()&amp#27;[0m
  &amp#27;[32mAnd &amp#27;[0m&amp#27;[32mThe user clicks on Get Started link for array&amp#27;[0m                           &amp#27;[90m# StepDefinitions.ArrayStepDefintions.the_user_clicks_on_get_started_link_for_array()&amp#27;[0m
  &amp#27;[32mGiven &amp#27;[0m&amp#27;[32mThe user is on the Basic operations in lists&amp#27;[0m                          &amp#27;[90m# StepDefinitions.ArrayStepDefintions.the_user_is_on_the_basic_operations_in_lists()&amp#27;[0m
  &amp#27;[32mGiven &amp#27;[0m&amp#27;[32mThe user is on the DS Introduction page as signedIn&amp#27;[0m                                    &amp#27;[90m# StepDefinitions.DSIntroductionDetails.the_user_is_on_the_ds_introduction_page_as_signed_in()&amp#27;[0m
  &amp#27;[32mGiven &amp#27;[0m&amp#27;[32mThe user is on the DS Introduction page as signedIn&amp#27;[0m                                     &amp#27;[90m# StepDefinitions.DSIntroductionDetails.the_user_is_on_the_ds_introduction_page_as_signed_in()&amp#27;[0m
  &amp#27;[32mAnd &amp#27;[0m&amp#27;[32mThe user clicks on Get Started link for array&amp#27;[0m                                            &amp#27;[90m# StepDefinitions.ArrayStepDefintions.the_user_clicks_on_get_started_link_for_array()&amp#27;[0m
  &amp#27;[32mAnd &amp#27;[0m&amp#27;[32mThe user clicks on Get Started link for array&amp#27;[0m                                             &amp#27;[90m# StepDefinitions.ArrayStepDefintions.the_user_clicks_on_get_started_link_for_array()&amp#27;[0m
  &amp#27;[32mGiven &amp#27;[0m&amp#27;[32mThe user is on the Basic operations in lists&amp#27;[0m                                           &amp#27;[90m# StepDefinitions.ArrayStepDefintions.the_user_is_on_the_basic_operations_in_lists()&amp#27;[0m
  &amp#27;[32mGiven &amp#27;[0m&amp#27;[32mThe user is on the Basic operations in lists&amp#27;[0m                                            &amp#27;[90m# StepDefinitions.ArrayStepDefintions.the_user_is_on_the_basic_operations_in_lists()&amp#27;[0m
  &amp#27;[32mWhen &amp#27;[0m&amp#27;[32mUser clicks Try here link&amp#27;[0m                                              &amp#27;[90m# StepDefinitions.DSIntroductionDetails.user_clicks_try_here_link()&amp#27;[0m
  &amp#27;[32mThen &amp#27;[0m&amp#27;[32mUser should navigate to tryEditor page&amp#27;[0m                                 &amp#27;[90m# StepDefinitions.DSIntroductionDetails.user_should_navigate_to_try_editor_page()&amp#27;[0m
[INFO ] 2024-12-09 22:05:28.417 [TestNG-PoolService-2] Hooks - ======================  Test Execution is completed!! ======================
  &amp#27;[32mAnd &amp#27;[0m&amp#27;[32mUser clicks Try here link&amp#27;[0m                                                                 &amp#27;[90m# StepDefinitions.DSIntroductionDetails.user_clicks_try_here_link()&amp#27;[0m
  &amp#27;[32mAnd &amp#27;[0m&amp#27;[32mUser clicks Try here link&amp#27;[0m                                                                &amp#27;[90m# StepDefinitions.DSIntroductionDetails.user_clicks_try_here_link()&amp#27;[0m
  &amp#27;[32mWhen &amp#27;[0m&amp#27;[32mThe user write the invalid code in Editor&amp#27;[0m                                               &amp#27;[90m# StepDefinitions.DSIntroductionDetails.the_user_write_the_invalid_code_in_editor()&amp#27;[0m
  &amp#27;[32mAnd &amp#27;[0m&amp#27;[32mClick the Run button&amp#27;[0m                                                                     &amp#27;[90m# StepDefinitions.DSIntroductionDetails.click_the_run_button()&amp#27;[0m
  &amp#27;[32mWhen &amp#27;[0m&amp#27;[32mClick the Run button&amp#27;[0m                                                                     &amp#27;[90m# StepDefinitions.DSIntroductionDetails.click_the_run_button()&amp#27;[0m
  &amp#27;[32mThen &amp#27;[0m&amp#27;[32mThe user should able to see an error message in alert window&amp#27;[0m                            &amp#27;[90m# StepDefinitions.DSIntroductionDetails.the_user_should_able_to_see_an_error_message_in_alert_window()&amp#27;[0m
[INFO ] 2024-12-09 22:05:29.614 [TestNG-PoolService-1] Hooks - ======================  Test Execution is completed!! ======================
  &amp#27;[32mThen &amp#27;[0m&amp#27;[32mThe user should not see any error message or alert&amp#27;[0m                                       &amp#27;[90m# StepDefinitions.DSIntroductionDetails.the_user_should_not_see_any_error_message_or_alert()&amp#27;[0m
[INFO ] 2024-12-09 22:05:29.618 [TestNG-PoolService-3] Hooks - ======================  Test Execution is completed!! ======================
]]></system-out>
  </testcase>
  <testcase name="runScenario[&quot;Validate user can Try here link page from Basic operations in lists&quot;, &quot;Array detail page&quot;](13)" classname="TestRunners.TestRunner" time="1.093">
    <system-out><![CDATA[
Scenario: No error message displayed for empty code on try editor for basic operations in lists &amp#27;[90m# src/test/resources/Features/ArrayDetailsPage.feature:87&amp#27;[0m
[INFO ] 2024-12-09 22:19:43.009 [TestNG-PoolService-3] Hooks - ======================  New Test Execution is STARTED!! ======================
]]></system-out>
    <system-err><![CDATA[Dec 09, 2024 10:19:42 PM org.openqa.selenium.devtools.CdpVersionFinder findNearestMatch
WARNING: Unable to find an exact match for CDP version 131, returning the closest version; found: 130; Please update to a Selenium version that supports CDP version 131
]]></system-err>
  </testcase>
  <testcase name="runScenario[&quot;Error message displayed for invalid code on try Editor for Basic operations in lists&quot;, &quot;Array detail page&quot;](14)" classname="TestRunners.TestRunner" time="0.498">
    <failure message="element not interactable&#10;  (Session info: chrome=131.0.6778.109)&#10;Build info: version: &apos;4.26.0&apos;, revision: &apos;8ccf0219d7&apos;&#10;System info: os.name: &apos;Windows 11&apos;, os.arch: &apos;amd64&apos;, os.version: &apos;10.0&apos;, java.version: &apos;21.0.5&apos;&#10;Driver info: org.openqa.selenium.chrome.ChromeDriver&#10;Command: [874d38a91230c1f3b683633ac0ab9b47, sendKeysToElement {value=[Ljava.lang.CharSequence;@770d07a7, id=f.550955B75B5FDA61D37762E7733E767E.d.86A024E003F4F9E6798DD964DFBC086C.e.53}]&#10;Capabilities {acceptInsecureCerts: false, browserName: chrome, browserVersion: 131.0.6778.109, chrome: {chromedriverVersion: 131.0.6778.87 (ce31cae94873..., userDataDir: C:\Users\vamsh\AppData\Loca...}, fedcm:accounts: true, goog:chromeOptions: {debuggerAddress: localhost:56267}, networkConnectionEnabled: false, pageLoadStrategy: normal, platformName: windows, proxy: Proxy(), se:cdp: ws://localhost:56267/devtoo..., se:cdpVersion: 131.0.6778.109, setWindowRect: true, strictFileInteractability: false, timeouts: {implicit: 0, pageLoad: 300000, script: 30000}, unhandledPromptBehavior: dismiss and notify, webauthn:extension:credBlob: true, webauthn:extension:largeBlob: true, webauthn:extension:minPinLength: true, webauthn:extension:prf: true, webauthn:virtualAuthenticators: true}&#10;Element: [[ChromeDriver: chrome on windows (874d38a91230c1f3b683633ac0ab9b47)] -&gt; css selector: .CodeMirror textarea]&#10;Session ID: 874d38a91230c1f3b683633ac0ab9b47" type="org.openqa.selenium.ElementNotInteractableException"><![CDATA[org.openqa.selenium.ElementNotInteractableException: 
element not interactable
  (Session info: chrome=131.0.6778.109)
Build info: version: '4.26.0', revision: '8ccf0219d7'
System info: os.name: 'Windows 11', os.arch: 'amd64', os.version: '10.0', java.version: '21.0.5'
Driver info: org.openqa.selenium.chrome.ChromeDriver
Command: [874d38a91230c1f3b683633ac0ab9b47, sendKeysToElement {value=[Ljava.lang.CharSequence;@770d07a7, id=f.550955B75B5FDA61D37762E7733E767E.d.86A024E003F4F9E6798DD964DFBC086C.e.53}]
Capabilities {acceptInsecureCerts: false, browserName: chrome, browserVersion: 131.0.6778.109, chrome: {chromedriverVersion: 131.0.6778.87 (ce31cae94873..., userDataDir: C:\Users\vamsh\AppData\Loca...}, fedcm:accounts: true, goog:chromeOptions: {debuggerAddress: localhost:56267}, networkConnectionEnabled: false, pageLoadStrategy: normal, platformName: windows, proxy: Proxy(), se:cdp: ws://localhost:56267/devtoo..., se:cdpVersion: 131.0.6778.109, setWindowRect: true, strictFileInteractability: false, timeouts: {implicit: 0, pageLoad: 300000, script: 30000}, unhandledPromptBehavior: dismiss and notify, webauthn:extension:credBlob: true, webauthn:extension:largeBlob: true, webauthn:extension:minPinLength: true, webauthn:extension:prf: true, webauthn:virtualAuthenticators: true}
Element: [[ChromeDriver: chrome on windows (874d38a91230c1f3b683633ac0ab9b47)] -> css selector: .CodeMirror textarea]
Session ID: 874d38a91230c1f3b683633ac0ab9b47
]]></failure>
    <system-out><![CDATA[
Scenario: Valid code on try editor for basic operations in lists runs successfully &amp#27;[90m# src/test/resources/Features/ArrayDetailsPage.feature:93&amp#27;[0m
  &amp#27;[32mAnd &amp#27;[0m&amp#27;[32mUser clicks Try here link&amp#27;[0m                                                                &amp#27;[90m# StepDefinitions.DSIntroductionDetails.user_clicks_try_here_link()&amp#27;[0m
  &amp#27;[31mWhen &amp#27;[0m&amp#27;[31mThe user write the invalid code in Editor&amp#27;[0m                                               &amp#27;[90m# StepDefinitions.DSIntroductionDetails.the_user_write_the_invalid_code_in_editor()&amp#27;[0m
      &amp#27;[31morg.openqa.selenium.ElementNotInteractableException: element not interactable
  (Session info: chrome=131.0.6778.109)
Build info: version: '4.26.0', revision: '8ccf0219d7'
System info: os.name: 'Windows 11', os.arch: 'amd64', os.version: '10.0', java.version: '21.0.5'
Driver info: org.openqa.selenium.chrome.ChromeDriver
Command: [874d38a91230c1f3b683633ac0ab9b47, sendKeysToElement {value=[Ljava.lang.CharSequence;@770d07a7, id=f.550955B75B5FDA61D37762E7733E767E.d.86A024E003F4F9E6798DD964DFBC086C.e.53}]
Capabilities {acceptInsecureCerts: false, browserName: chrome, browserVersion: 131.0.6778.109, chrome: {chromedriverVersion: 131.0.6778.87 (ce31cae94873..., userDataDir: C:\Users\vamsh\AppData\Loca...}, fedcm:accounts: true, goog:chromeOptions: {debuggerAddress: localhost:56267}, networkConnectionEnabled: false, pageLoadStrategy: normal, platformName: windows, proxy: Proxy(), se:cdp: ws://localhost:56267/devtoo..., se:cdpVersion: 131.0.6778.109, setWindowRect: true, strictFileInteractability: false, timeouts: {implicit: 0, pageLoad: 300000, script: 30000}, unhandledPromptBehavior: dismiss and notify, webauthn:extension:credBlob: true, webauthn:extension:largeBlob: true, webauthn:extension:minPinLength: true, webauthn:extension:prf: true, webauthn:virtualAuthenticators: true}
Element: [[ChromeDriver: chrome on windows (874d38a91230c1f3b683633ac0ab9b47)] -> css selector: .CodeMirror textarea]
Session ID: 874d38a91230c1f3b683633ac0ab9b47
	at java.base/jdk.internal.reflect.DirectConstructorHandleAccessor.newInstance(DirectConstructorHandleAccessor.java:62)
	at java.base/java.lang.reflect.Constructor.newInstanceWithCaller(Constructor.java:502)
	at java.base/java.lang.reflect.Constructor.newInstance(Constructor.java:486)
	at org.openqa.selenium.remote.ErrorCodec.decode(ErrorCodec.java:167)
	at org.openqa.selenium.remote.codec.w3c.W3CHttpResponseCodec.decode(W3CHttpResponseCodec.java:138)
	at org.openqa.selenium.remote.codec.w3c.W3CHttpResponseCodec.decode(W3CHttpResponseCodec.java:50)
	at org.openqa.selenium.remote.HttpCommandExecutor.execute(HttpCommandExecutor.java:190)
	at org.openqa.selenium.remote.service.DriverCommandExecutor.invokeExecute(DriverCommandExecutor.java:216)
	at org.openqa.selenium.remote.service.DriverCommandExecutor.execute(DriverCommandExecutor.java:174)
	at org.openqa.selenium.remote.RemoteWebDriver.execute(RemoteWebDriver.java:545)
	at org.openqa.selenium.remote.RemoteWebElement.execute(RemoteWebElement.java:223)
	at org.openqa.selenium.remote.RemoteWebElement.sendKeys(RemoteWebElement.java:110)
	at PageObjects.IntroductionPage.enterCodeInEditor(IntroductionPage.java:146)
	at StepDefinitions.DSIntroductionDetails.the_user_write_the_invalid_code_in_editor(DSIntroductionDetails.java:138)
	at ✽.The user write the invalid code in Editor(file:///C:/Projects/Repo1/src/test/resources/Features/ArrayDetailsPage.feature:83)
&amp#27;[0m
  &amp#27;[36mAnd &amp#27;[0m&amp#27;[36mClick the Run button&amp#27;[0m                                                                     &amp#27;[90m# StepDefinitions.DSIntroductionDetails.click_the_run_button()&amp#27;[0m
  &amp#27;[36mThen &amp#27;[0m&amp#27;[36mThe user should able to see an error message in alert window&amp#27;[0m                            &amp#27;[90m# StepDefinitions.DSIntroductionDetails.the_user_should_able_to_see_an_error_message_in_alert_window()&amp#27;[0m
[ERROR] 2024-12-09 21:56:36.292 [TestNG-PoolService-3] Hooks - ======================  TEST CASE FAILED !! ======================

    Embedding screenshot [image/png 7853 bytes]

[INFO ] 2024-12-09 21:56:36.431 [TestNG-PoolService-3] Hooks - ======================  Screenshot is captured  ======================
[INFO ] 2024-12-09 21:56:36.431 [TestNG-PoolService-3] Hooks - ======================  Test Execution is completed!! ======================
]]></system-out>
  </testcase>
  <testcase name="runScenario[&quot;Error message displayed for invalid code on try Editor for Basic operations in lists&quot;, &quot;Array detail page&quot;](14)" classname="TestRunners.TestRunner" time="7.019">
    <failure message="element not interactable&#10;  (Session info: MicrosoftEdge=131.0.2903.86)&#10;Build info: version: &apos;4.26.0&apos;, revision: &apos;8ccf0219d7&apos;&#10;System info: os.name: &apos;Windows 11&apos;, os.arch: &apos;amd64&apos;, os.version: &apos;10.0&apos;, java.version: &apos;21.0.5&apos;&#10;Driver info: org.openqa.selenium.edge.EdgeDriver&#10;Command: [cc5186fad44de9a0925bb0f64110d2b4, sendKeysToElement {value=[Ljava.lang.CharSequence;@474b0ae0, id=f.B900B202D77F3016A7CA0BE6FAC7B5D3.d.7D112FD3B5E9AD340FBDB66A1E05F89C.e.39}]&#10;Capabilities {acceptInsecureCerts: false, browserName: MicrosoftEdge, browserVersion: 131.0.2903.86, fedcm:accounts: true, ms:edgeOptions: {debuggerAddress: localhost:59316}, msedge: {msedgedriverVersion: 131.0.2903.86 (cf5bf303997c..., userDataDir: C:\Users\vamsh\AppData\Loca...}, networkConnectionEnabled: false, pageLoadStrategy: normal, platformName: windows, proxy: Proxy(), se:cdp: ws://localhost:59316/devtoo..., se:cdpVersion: 131.0.2903.86, setWindowRect: true, strictFileInteractability: false, timeouts: {implicit: 0, pageLoad: 300000, script: 30000}, unhandledPromptBehavior: dismiss and notify, webauthn:extension:credBlob: true, webauthn:extension:largeBlob: true, webauthn:extension:minPinLength: true, webauthn:extension:prf: true, webauthn:virtualAuthenticators: true}&#10;Element: [[EdgeDriver: MicrosoftEdge on windows (cc5186fad44de9a0925bb0f64110d2b4)] -&gt; css selector: .CodeMirror textarea]&#10;Session ID: cc5186fad44de9a0925bb0f64110d2b4" type="org.openqa.selenium.ElementNotInteractableException"><![CDATA[org.openqa.selenium.ElementNotInteractableException: 
element not interactable
  (Session info: MicrosoftEdge=131.0.2903.86)
Build info: version: '4.26.0', revision: '8ccf0219d7'
System info: os.name: 'Windows 11', os.arch: 'amd64', os.version: '10.0', java.version: '21.0.5'
Driver info: org.openqa.selenium.edge.EdgeDriver
Command: [cc5186fad44de9a0925bb0f64110d2b4, sendKeysToElement {value=[Ljava.lang.CharSequence;@474b0ae0, id=f.B900B202D77F3016A7CA0BE6FAC7B5D3.d.7D112FD3B5E9AD340FBDB66A1E05F89C.e.39}]
Capabilities {acceptInsecureCerts: false, browserName: MicrosoftEdge, browserVersion: 131.0.2903.86, fedcm:accounts: true, ms:edgeOptions: {debuggerAddress: localhost:59316}, msedge: {msedgedriverVersion: 131.0.2903.86 (cf5bf303997c..., userDataDir: C:\Users\vamsh\AppData\Loca...}, networkConnectionEnabled: false, pageLoadStrategy: normal, platformName: windows, proxy: Proxy(), se:cdp: ws://localhost:59316/devtoo..., se:cdpVersion: 131.0.2903.86, setWindowRect: true, strictFileInteractability: false, timeouts: {implicit: 0, pageLoad: 300000, script: 30000}, unhandledPromptBehavior: dismiss and notify, webauthn:extension:credBlob: true, webauthn:extension:largeBlob: true, webauthn:extension:minPinLength: true, webauthn:extension:prf: true, webauthn:virtualAuthenticators: true}
Element: [[EdgeDriver: MicrosoftEdge on windows (cc5186fad44de9a0925bb0f64110d2b4)] -> css selector: .CodeMirror textarea]
Session ID: cc5186fad44de9a0925bb0f64110d2b4
]]></failure>
    <system-out><![CDATA[
Scenario: Valid code on try editor for basic operations in lists runs successfully &amp#27;[90m# src/test/resources/Features/ArrayDetailsPage.feature:93&amp#27;[0m
[INFO ] 2024-12-09 22:19:45.019 [TestNG-PoolService-2] Hooks - ======================  New Test Execution is STARTED!! ======================
[INFO ] 2024-12-09 22:19:46.325 [TestNG-PoolService-1] Hooks - ======================  New Test Execution is STARTED!! ======================
  &amp#27;[32mGiven &amp#27;[0m&amp#27;[32mThe user is on the DS Introduction page as signedIn&amp#27;[0m                                    &amp#27;[90m# StepDefinitions.DSIntroductionDetails.the_user_is_on_the_ds_introduction_page_as_signed_in()&amp#27;[0m
  &amp#27;[32mAnd &amp#27;[0m&amp#27;[32mThe user clicks on Get Started link for array&amp#27;[0m                                            &amp#27;[90m# StepDefinitions.ArrayStepDefintions.the_user_clicks_on_get_started_link_for_array()&amp#27;[0m
  &amp#27;[32mGiven &amp#27;[0m&amp#27;[32mThe user is on the Basic operations in lists&amp#27;[0m                                           &amp#27;[90m# StepDefinitions.ArrayStepDefintions.the_user_is_on_the_basic_operations_in_lists()&amp#27;[0m
  &amp#27;[32mGiven &amp#27;[0m&amp#27;[32mThe user is on the DS Introduction page as signedIn&amp#27;[0m                                     &amp#27;[90m# StepDefinitions.DSIntroductionDetails.the_user_is_on_the_ds_introduction_page_as_signed_in()&amp#27;[0m
  &amp#27;[32mAnd &amp#27;[0m&amp#27;[32mUser clicks Try here link&amp#27;[0m                                                                &amp#27;[90m# StepDefinitions.DSIntroductionDetails.user_clicks_try_here_link()&amp#27;[0m
  &amp#27;[31mWhen &amp#27;[0m&amp#27;[31mThe user write the invalid code in Editor&amp#27;[0m                                               &amp#27;[90m# StepDefinitions.DSIntroductionDetails.the_user_write_the_invalid_code_in_editor()&amp#27;[0m
      &amp#27;[31morg.openqa.selenium.ElementNotInteractableException: element not interactable
  (Session info: MicrosoftEdge=131.0.2903.86)
Build info: version: '4.26.0', revision: '8ccf0219d7'
System info: os.name: 'Windows 11', os.arch: 'amd64', os.version: '10.0', java.version: '21.0.5'
Driver info: org.openqa.selenium.edge.EdgeDriver
Command: [cc5186fad44de9a0925bb0f64110d2b4, sendKeysToElement {value=[Ljava.lang.CharSequence;@474b0ae0, id=f.B900B202D77F3016A7CA0BE6FAC7B5D3.d.7D112FD3B5E9AD340FBDB66A1E05F89C.e.39}]
Capabilities {acceptInsecureCerts: false, browserName: MicrosoftEdge, browserVersion: 131.0.2903.86, fedcm:accounts: true, ms:edgeOptions: {debuggerAddress: localhost:59316}, msedge: {msedgedriverVersion: 131.0.2903.86 (cf5bf303997c..., userDataDir: C:\Users\vamsh\AppData\Loca...}, networkConnectionEnabled: false, pageLoadStrategy: normal, platformName: windows, proxy: Proxy(), se:cdp: ws://localhost:59316/devtoo..., se:cdpVersion: 131.0.2903.86, setWindowRect: true, strictFileInteractability: false, timeouts: {implicit: 0, pageLoad: 300000, script: 30000}, unhandledPromptBehavior: dismiss and notify, webauthn:extension:credBlob: true, webauthn:extension:largeBlob: true, webauthn:extension:minPinLength: true, webauthn:extension:prf: true, webauthn:virtualAuthenticators: true}
Element: [[EdgeDriver: MicrosoftEdge on windows (cc5186fad44de9a0925bb0f64110d2b4)] -> css selector: .CodeMirror textarea]
Session ID: cc5186fad44de9a0925bb0f64110d2b4
	at java.base/jdk.internal.reflect.DirectConstructorHandleAccessor.newInstance(DirectConstructorHandleAccessor.java:62)
	at java.base/java.lang.reflect.Constructor.newInstanceWithCaller(Constructor.java:502)
	at java.base/java.lang.reflect.Constructor.newInstance(Constructor.java:486)
	at org.openqa.selenium.remote.ErrorCodec.decode(ErrorCodec.java:167)
	at org.openqa.selenium.remote.codec.w3c.W3CHttpResponseCodec.decode(W3CHttpResponseCodec.java:138)
	at org.openqa.selenium.remote.codec.w3c.W3CHttpResponseCodec.decode(W3CHttpResponseCodec.java:50)
	at org.openqa.selenium.remote.HttpCommandExecutor.execute(HttpCommandExecutor.java:190)
	at org.openqa.selenium.remote.service.DriverCommandExecutor.invokeExecute(DriverCommandExecutor.java:216)
	at org.openqa.selenium.remote.service.DriverCommandExecutor.execute(DriverCommandExecutor.java:174)
	at org.openqa.selenium.remote.RemoteWebDriver.execute(RemoteWebDriver.java:545)
	at org.openqa.selenium.remote.RemoteWebElement.execute(RemoteWebElement.java:223)
	at org.openqa.selenium.remote.RemoteWebElement.sendKeys(RemoteWebElement.java:110)
	at PageObjects.IntroductionPage.enterCodeInEditor(IntroductionPage.java:146)
	at StepDefinitions.DSIntroductionDetails.the_user_write_the_invalid_code_in_editor(DSIntroductionDetails.java:138)
	at ✽.The user write the invalid code in Editor(file:///C:/Projects/Repo1/src/test/resources/Features/ArrayDetailsPage.feature:83)
&amp#27;[0m
  &amp#27;[36mAnd &amp#27;[0m&amp#27;[36mClick the Run button&amp#27;[0m                                                                     &amp#27;[90m# StepDefinitions.DSIntroductionDetails.click_the_run_button()&amp#27;[0m
  &amp#27;[36mThen &amp#27;[0m&amp#27;[36mThe user should able to see an error message in alert window&amp#27;[0m                            &amp#27;[90m# StepDefinitions.DSIntroductionDetails.the_user_should_able_to_see_an_error_message_in_alert_window()&amp#27;[0m
[ERROR] 2024-12-09 22:19:48.662 [TestNG-PoolService-3] Hooks - ======================  TEST CASE FAILED !! ======================

    Embedding screenshot [image/png 7890 bytes]

[INFO ] 2024-12-09 22:19:48.840 [TestNG-PoolService-3] Hooks - ======================  Screenshot is captured  ======================
[INFO ] 2024-12-09 22:19:48.841 [TestNG-PoolService-3] Hooks - ======================  Test Execution is completed!! ======================
  &amp#27;[32mGiven &amp#27;[0m&amp#27;[32mThe user is on the DS Introduction page as signedIn&amp#27;[0m                        &amp#27;[90m# StepDefinitions.DSIntroductionDetails.the_user_is_on_the_ds_introduction_page_as_signed_in()&amp#27;[0m
  &amp#27;[32mAnd &amp#27;[0m&amp#27;[32mThe user clicks on Get Started link for array&amp#27;[0m                                             &amp#27;[90m# StepDefinitions.ArrayStepDefintions.the_user_clicks_on_get_started_link_for_array()&amp#27;[0m
  &amp#27;[32mGiven &amp#27;[0m&amp#27;[32mThe user is on the Basic operations in lists&amp#27;[0m                                            &amp#27;[90m# StepDefinitions.ArrayStepDefintions.the_user_is_on_the_basic_operations_in_lists()&amp#27;[0m
]]></system-out>
    <system-err><![CDATA[Dec 09, 2024 10:19:44 PM org.openqa.selenium.devtools.CdpVersionFinder findNearestMatch
WARNING: Unable to find an exact match for CDP version 131, returning the closest version; found: 130; Please update to a Selenium version that supports CDP version 131
Dec 09, 2024 10:19:46 PM org.openqa.selenium.devtools.CdpVersionFinder findNearestMatch
WARNING: Unable to find an exact match for CDP version 131, returning the closest version; found: 130; Please update to a Selenium version that supports CDP version 131
]]></system-err>
  </testcase>
  <testcase name="runScenario[&quot;No error message displayed for empty code on try editor for basic operations in lists&quot;, &quot;Array detail page&quot;](15)" classname="TestRunners.TestRunner" time="3.222">
    <system-out><![CDATA[
Scenario: Validate user can navigate to applications of array &amp#27;[90m# src/test/resources/Features/ArrayDetailsPage.feature:100&amp#27;[0m
  &amp#27;[32mGiven &amp#27;[0m&amp#27;[32mThe user is on the DS Introduction page as signedIn&amp#27;[0m                                     &amp#27;[90m# StepDefinitions.DSIntroductionDetails.the_user_is_on_the_ds_introduction_page_as_signed_in()&amp#27;[0m
[INFO ] 2024-12-09 21:56:37.447 [TestNG-PoolService-1] Hooks - ======================  New Test Execution is STARTED!! ======================
  &amp#27;[32mAnd &amp#27;[0m&amp#27;[32mThe user clicks on Get Started link for array&amp#27;[0m                                             &amp#27;[90m# StepDefinitions.ArrayStepDefintions.the_user_clicks_on_get_started_link_for_array()&amp#27;[0m
[INFO ] 2024-12-09 21:56:38.176 [TestNG-PoolService-3] Hooks - ======================  New Test Execution is STARTED!! ======================
  &amp#27;[32mGiven &amp#27;[0m&amp#27;[32mThe user is on the Basic operations in lists&amp#27;[0m                                            &amp#27;[90m# StepDefinitions.ArrayStepDefintions.the_user_is_on_the_basic_operations_in_lists()&amp#27;[0m
  &amp#27;[32mAnd &amp#27;[0m&amp#27;[32mUser clicks Try here link&amp#27;[0m                                                                 &amp#27;[90m# StepDefinitions.DSIntroductionDetails.user_clicks_try_here_link()&amp#27;[0m
  &amp#27;[32mWhen &amp#27;[0m&amp#27;[32mClick the Run button&amp#27;[0m                                                                     &amp#27;[90m# StepDefinitions.DSIntroductionDetails.click_the_run_button()&amp#27;[0m
  &amp#27;[32mThen &amp#27;[0m&amp#27;[32mThe user should not see any error message or alert&amp#27;[0m                                       &amp#27;[90m# StepDefinitions.DSIntroductionDetails.the_user_should_not_see_any_error_message_or_alert()&amp#27;[0m
[INFO ] 2024-12-09 21:56:39.649 [TestNG-PoolService-2] Hooks - ======================  Test Execution is completed!! ======================
]]></system-out>
    <system-err><![CDATA[Dec 09, 2024 9:56:37 PM org.openqa.selenium.devtools.CdpVersionFinder findNearestMatch
WARNING: Unable to find an exact match for CDP version 131, returning the closest version; found: 130; Please update to a Selenium version that supports CDP version 131
Dec 09, 2024 9:56:38 PM org.openqa.selenium.devtools.CdpVersionFinder findNearestMatch
WARNING: Unable to find an exact match for CDP version 131, returning the closest version; found: 130; Please update to a Selenium version that supports CDP version 131
]]></system-err>
  </testcase>
  <testcase name="runScenario[&quot;No error message displayed for empty code on try editor for basic operations in lists&quot;, &quot;Array detail page&quot;](15)" classname="TestRunners.TestRunner" time="1.761">
    <system-out><![CDATA[
Scenario: Validate user can navigate to applications of array &amp#27;[90m# src/test/resources/Features/ArrayDetailsPage.feature:100&amp#27;[0m
  &amp#27;[32mAnd &amp#27;[0m&amp#27;[32mThe user clicks on Get Started link for array&amp#27;[0m                                &amp#27;[90m# StepDefinitions.ArrayStepDefintions.the_user_clicks_on_get_started_link_for_array()&amp#27;[0m
  &amp#27;[32mAnd &amp#27;[0m&amp#27;[32mUser clicks Try here link&amp#27;[0m                                                                 &amp#27;[90m# StepDefinitions.DSIntroductionDetails.user_clicks_try_here_link()&amp#27;[0m
  &amp#27;[32mWhen &amp#27;[0m&amp#27;[32mClick the Run button&amp#27;[0m                                                                     &amp#27;[90m# StepDefinitions.DSIntroductionDetails.click_the_run_button()&amp#27;[0m
  &amp#27;[32mThen &amp#27;[0m&amp#27;[32mThe user should not see any error message or alert&amp#27;[0m                                       &amp#27;[90m# StepDefinitions.DSIntroductionDetails.the_user_should_not_see_any_error_message_or_alert()&amp#27;[0m
[INFO ] 2024-12-09 22:19:50.695 [TestNG-PoolService-2] Hooks - ======================  Test Execution is completed!! ======================
  &amp#27;[32mGiven &amp#27;[0m&amp#27;[32mThe user is on the Basic operations in lists&amp#27;[0m                               &amp#27;[90m# StepDefinitions.ArrayStepDefintions.the_user_is_on_the_basic_operations_in_lists()&amp#27;[0m
  &amp#27;[32mAnd &amp#27;[0m&amp#27;[32mUser clicks Try here link&amp#27;[0m                                                    &amp#27;[90m# StepDefinitions.DSIntroductionDetails.user_clicks_try_here_link()&amp#27;[0m
[INFO ] 2024-12-09 22:19:51.696 [TestNG-PoolService-3] Hooks - ======================  New Test Execution is STARTED!! ======================
  &amp#27;[31mWhen &amp#27;[0m&amp#27;[31mThe user write the valid code in Editor&amp#27;[0m                                     &amp#27;[90m# StepDefinitions.DSIntroductionDetails.the_user_write_the_valid_code_in_editor()&amp#27;[0m
      &amp#27;[31morg.openqa.selenium.ElementNotInteractableException: element not interactable
  (Session info: MicrosoftEdge=131.0.2903.86)
Build info: version: '4.26.0', revision: '8ccf0219d7'
System info: os.name: 'Windows 11', os.arch: 'amd64', os.version: '10.0', java.version: '21.0.5'
Driver info: org.openqa.selenium.edge.EdgeDriver
Command: [b68e9f03d5be54357a69aa2683e36f7c, sendKeysToElement {value=[Ljava.lang.CharSequence;@4e9b3bad, id=f.706CA2566EF29DF6900CBAD05D551300.d.8105DDD9C915D1757364571480C84F1F.e.39}]
Capabilities {acceptInsecureCerts: false, browserName: MicrosoftEdge, browserVersion: 131.0.2903.86, fedcm:accounts: true, ms:edgeOptions: {debuggerAddress: localhost:59376}, msedge: {msedgedriverVersion: 131.0.2903.86 (cf5bf303997c..., userDataDir: C:\Users\vamsh\AppData\Loca...}, networkConnectionEnabled: false, pageLoadStrategy: normal, platformName: windows, proxy: Proxy(), se:cdp: ws://localhost:59376/devtoo..., se:cdpVersion: 131.0.2903.86, setWindowRect: true, strictFileInteractability: false, timeouts: {implicit: 0, pageLoad: 300000, script: 30000}, unhandledPromptBehavior: dismiss and notify, webauthn:extension:credBlob: true, webauthn:extension:largeBlob: true, webauthn:extension:minPinLength: true, webauthn:extension:prf: true, webauthn:virtualAuthenticators: true}
Element: [[EdgeDriver: MicrosoftEdge on windows (b68e9f03d5be54357a69aa2683e36f7c)] -> css selector: .CodeMirror textarea]
Session ID: b68e9f03d5be54357a69aa2683e36f7c
	at java.base/jdk.internal.reflect.DirectConstructorHandleAccessor.newInstance(DirectConstructorHandleAccessor.java:62)
	at java.base/java.lang.reflect.Constructor.newInstanceWithCaller(Constructor.java:502)
	at java.base/java.lang.reflect.Constructor.newInstance(Constructor.java:486)
	at org.openqa.selenium.remote.ErrorCodec.decode(ErrorCodec.java:167)
	at org.openqa.selenium.remote.codec.w3c.W3CHttpResponseCodec.decode(W3CHttpResponseCodec.java:138)
	at org.openqa.selenium.remote.codec.w3c.W3CHttpResponseCodec.decode(W3CHttpResponseCodec.java:50)
	at org.openqa.selenium.remote.HttpCommandExecutor.execute(HttpCommandExecutor.java:190)
	at org.openqa.selenium.remote.service.DriverCommandExecutor.invokeExecute(DriverCommandExecutor.java:216)
	at org.openqa.selenium.remote.service.DriverCommandExecutor.execute(DriverCommandExecutor.java:174)
	at org.openqa.selenium.remote.RemoteWebDriver.execute(RemoteWebDriver.java:545)
	at org.openqa.selenium.remote.RemoteWebElement.execute(RemoteWebElement.java:223)
	at org.openqa.selenium.remote.RemoteWebElement.sendKeys(RemoteWebElement.java:110)
	at PageObjects.IntroductionPage.enterCodeInEditor(IntroductionPage.java:146)
	at StepDefinitions.DSIntroductionDetails.the_user_write_the_valid_code_in_editor(DSIntroductionDetails.java:158)
	at ✽.The user write the valid code in Editor(file:///C:/Projects/Repo1/src/test/resources/Features/ArrayDetailsPage.feature:96)
&amp#27;[0m
  &amp#27;[36mAnd &amp#27;[0m&amp#27;[36mClick the Run button&amp#27;[0m                                                         &amp#27;[90m# StepDefinitions.DSIntroductionDetails.click_the_run_button()&amp#27;[0m
  &amp#27;[36mThen &amp#27;[0m&amp#27;[36mThe user should able to see output in the console&amp#27;[0m                           &amp#27;[90m# StepDefinitions.DSIntroductionDetails.the_user_should_able_to_see_output_in_the_console()&amp#27;[0m
[ERROR] 2024-12-09 22:19:51.766 [TestNG-PoolService-1] Hooks - ======================  TEST CASE FAILED !! ======================

    Embedding screenshot [image/png 7890 bytes]

[INFO ] 2024-12-09 22:19:51.920 [TestNG-PoolService-1] Hooks - ======================  Screenshot is captured  ======================
[INFO ] 2024-12-09 22:19:51.920 [TestNG-PoolService-1] Hooks - ======================  Test Execution is completed!! ======================
]]></system-out>
    <system-err><![CDATA[Dec 09, 2024 10:19:51 PM org.openqa.selenium.devtools.CdpVersionFinder findNearestMatch
WARNING: Unable to find an exact match for CDP version 131, returning the closest version; found: 130; Please update to a Selenium version that supports CDP version 131
]]></system-err>
  </testcase>
  <testcase name="runScenario[&quot;Validate user can navigate to applications of array&quot;, &quot;Array detail page&quot;](16)" classname="TestRunners.TestRunner" time="3.204">
    <system-out><![CDATA[
Scenario: Validate user can Try here link page from applications of array &amp#27;[90m# src/test/resources/Features/ArrayDetailsPage.feature:105&amp#27;[0m
  &amp#27;[32mGiven &amp#27;[0m&amp#27;[32mThe user is on the DS Introduction page as signedIn&amp#27;[0m                        &amp#27;[90m# StepDefinitions.DSIntroductionDetails.the_user_is_on_the_ds_introduction_page_as_signed_in()&amp#27;[0m
[INFO ] 2024-12-09 21:56:41.162 [TestNG-PoolService-2] Hooks - ======================  New Test Execution is STARTED!! ======================
  &amp#27;[32mAnd &amp#27;[0m&amp#27;[32mThe user clicks on Get Started link for array&amp#27;[0m                                &amp#27;[90m# StepDefinitions.ArrayStepDefintions.the_user_clicks_on_get_started_link_for_array()&amp#27;[0m
  &amp#27;[32mGiven &amp#27;[0m&amp#27;[32mThe user is on the Basic operations in lists&amp#27;[0m                               &amp#27;[90m# StepDefinitions.ArrayStepDefintions.the_user_is_on_the_basic_operations_in_lists()&amp#27;[0m
  &amp#27;[32mGiven &amp#27;[0m&amp#27;[32mThe user is on the DS Introduction page as signedIn&amp#27;[0m   &amp#27;[90m# StepDefinitions.DSIntroductionDetails.the_user_is_on_the_ds_introduction_page_as_signed_in()&amp#27;[0m
  &amp#27;[32mAnd &amp#27;[0m&amp#27;[32mThe user clicks on Get Started link for array&amp#27;[0m           &amp#27;[90m# StepDefinitions.ArrayStepDefintions.the_user_clicks_on_get_started_link_for_array()&amp#27;[0m
  &amp#27;[32mGiven &amp#27;[0m&amp#27;[32mThe user is on the array details page&amp#27;[0m                 &amp#27;[90m# StepDefinitions.ArrayStepDefintions.the_user_is_on_the_array_details_page()&amp#27;[0m
  &amp#27;[32mAnd &amp#27;[0m&amp#27;[32mUser clicks Try here link&amp#27;[0m                                                    &amp#27;[90m# StepDefinitions.DSIntroductionDetails.user_clicks_try_here_link()&amp#27;[0m
  &amp#27;[31mWhen &amp#27;[0m&amp#27;[31mThe user write the valid code in Editor&amp#27;[0m                                     &amp#27;[90m# StepDefinitions.DSIntroductionDetails.the_user_write_the_valid_code_in_editor()&amp#27;[0m
      &amp#27;[31morg.openqa.selenium.ElementNotInteractableException: element not interactable
  (Session info: chrome=131.0.6778.109)
Build info: version: '4.26.0', revision: '8ccf0219d7'
System info: os.name: 'Windows 11', os.arch: 'amd64', os.version: '10.0', java.version: '21.0.5'
Driver info: org.openqa.selenium.chrome.ChromeDriver
Command: [bf44148693cc58e8a7d4c68c1b737a9c, sendKeysToElement {value=[Ljava.lang.CharSequence;@1b3265e0, id=f.BA7C5C1C25A76C8BE545F60D8CA1DC3C.d.DE2AFE9ADFFD5C1CFE942268F0F1E925.e.52}]
Capabilities {acceptInsecureCerts: false, browserName: chrome, browserVersion: 131.0.6778.109, chrome: {chromedriverVersion: 131.0.6778.87 (ce31cae94873..., userDataDir: C:\Users\vamsh\AppData\Loca...}, fedcm:accounts: true, goog:chromeOptions: {debuggerAddress: localhost:56399}, networkConnectionEnabled: false, pageLoadStrategy: normal, platformName: windows, proxy: Proxy(), se:cdp: ws://localhost:56399/devtoo..., se:cdpVersion: 131.0.6778.109, setWindowRect: true, strictFileInteractability: false, timeouts: {implicit: 0, pageLoad: 300000, script: 30000}, unhandledPromptBehavior: dismiss and notify, webauthn:extension:credBlob: true, webauthn:extension:largeBlob: true, webauthn:extension:minPinLength: true, webauthn:extension:prf: true, webauthn:virtualAuthenticators: true}
Element: [[ChromeDriver: chrome on windows (bf44148693cc58e8a7d4c68c1b737a9c)] -> css selector: .CodeMirror textarea]
Session ID: bf44148693cc58e8a7d4c68c1b737a9c
	at java.base/jdk.internal.reflect.DirectConstructorHandleAccessor.newInstance(DirectConstructorHandleAccessor.java:62)
	at java.base/java.lang.reflect.Constructor.newInstanceWithCaller(Constructor.java:502)
	at java.base/java.lang.reflect.Constructor.newInstance(Constructor.java:486)
	at org.openqa.selenium.remote.ErrorCodec.decode(ErrorCodec.java:167)
	at org.openqa.selenium.remote.codec.w3c.W3CHttpResponseCodec.decode(W3CHttpResponseCodec.java:138)
	at org.openqa.selenium.remote.codec.w3c.W3CHttpResponseCodec.decode(W3CHttpResponseCodec.java:50)
	at org.openqa.selenium.remote.HttpCommandExecutor.execute(HttpCommandExecutor.java:190)
	at org.openqa.selenium.remote.service.DriverCommandExecutor.invokeExecute(DriverCommandExecutor.java:216)
	at org.openqa.selenium.remote.service.DriverCommandExecutor.execute(DriverCommandExecutor.java:174)
	at org.openqa.selenium.remote.RemoteWebDriver.execute(RemoteWebDriver.java:545)
	at org.openqa.selenium.remote.RemoteWebElement.execute(RemoteWebElement.java:223)
	at org.openqa.selenium.remote.RemoteWebElement.sendKeys(RemoteWebElement.java:110)
	at PageObjects.IntroductionPage.enterCodeInEditor(IntroductionPage.java:146)
	at StepDefinitions.DSIntroductionDetails.the_user_write_the_valid_code_in_editor(DSIntroductionDetails.java:158)
	at ✽.The user write the valid code in Editor(file:///C:/Projects/Repo1/src/test/resources/Features/ArrayDetailsPage.feature:96)
&amp#27;[0m
  &amp#27;[36mAnd &amp#27;[0m&amp#27;[36mClick the Run button&amp#27;[0m                                                         &amp#27;[90m# StepDefinitions.DSIntroductionDetails.click_the_run_button()&amp#27;[0m
  &amp#27;[36mThen &amp#27;[0m&amp#27;[36mThe user should able to see output in the console&amp#27;[0m                           &amp#27;[90m# StepDefinitions.DSIntroductionDetails.the_user_should_able_to_see_output_in_the_console()&amp#27;[0m
[ERROR] 2024-12-09 21:56:42.707 [TestNG-PoolService-1] Hooks - ======================  TEST CASE FAILED !! ======================
  &amp#27;[32mWhen &amp#27;[0m&amp#27;[32mThe user click on applications of array link&amp#27;[0m           &amp#27;[90m# StepDefinitions.ArrayStepDefintions.the_user_click_on_applications_of_array_link()&amp#27;[0m
  &amp#27;[32mThen &amp#27;[0m&amp#27;[32mthe user is navigated to applications of array&amp#27;[0m         &amp#27;[90m# StepDefinitions.ArrayStepDefintions.the_user_is_navigated_to_applications_of_array()&amp#27;[0m
[INFO ] 2024-12-09 21:56:42.793 [TestNG-PoolService-3] Hooks - ======================  Test Execution is completed!! ======================

    Embedding screenshot [image/png 7853 bytes]

[INFO ] 2024-12-09 21:56:42.873 [TestNG-PoolService-1] Hooks - ======================  Screenshot is captured  ======================
[INFO ] 2024-12-09 21:56:42.876 [TestNG-PoolService-1] Hooks - ======================  Test Execution is completed!! ======================
]]></system-out>
    <system-err><![CDATA[Dec 09, 2024 9:56:41 PM org.openqa.selenium.devtools.CdpVersionFinder findNearestMatch
WARNING: Unable to find an exact match for CDP version 131, returning the closest version; found: 130; Please update to a Selenium version that supports CDP version 131
]]></system-err>
  </testcase>
  <testcase name="runScenario[&quot;Validate user can navigate to applications of array&quot;, &quot;Array detail page&quot;](16)" classname="TestRunners.TestRunner" time="10.976">
    <system-out><![CDATA[
Scenario: Validate user can Try here link page from applications of array &amp#27;[90m# src/test/resources/Features/ArrayDetailsPage.feature:105&amp#27;[0m
[INFO ] 2024-12-09 22:05:35.329 [TestNG-PoolService-2] Hooks - ======================  New Test Execution is STARTED!! ======================
[INFO ] 2024-12-09 22:05:36.655 [TestNG-PoolService-3] Hooks - ======================  New Test Execution is STARTED!! ======================
[INFO ] 2024-12-09 22:05:37.127 [TestNG-PoolService-1] Hooks - ======================  New Test Execution is STARTED!! ======================
  &amp#27;[32mGiven &amp#27;[0m&amp#27;[32mThe user is on the DS Introduction page as signedIn&amp#27;[0m                        &amp#27;[90m# StepDefinitions.DSIntroductionDetails.the_user_is_on_the_ds_introduction_page_as_signed_in()&amp#27;[0m
  &amp#27;[32mAnd &amp#27;[0m&amp#27;[32mThe user clicks on Get Started link for array&amp#27;[0m                                &amp#27;[90m# StepDefinitions.ArrayStepDefintions.the_user_clicks_on_get_started_link_for_array()&amp#27;[0m
  &amp#27;[32mGiven &amp#27;[0m&amp#27;[32mThe user is on the Basic operations in lists&amp#27;[0m                               &amp#27;[90m# StepDefinitions.ArrayStepDefintions.the_user_is_on_the_basic_operations_in_lists()&amp#27;[0m
  &amp#27;[32mGiven &amp#27;[0m&amp#27;[32mThe user is on the DS Introduction page as signedIn&amp#27;[0m   &amp#27;[90m# StepDefinitions.DSIntroductionDetails.the_user_is_on_the_ds_introduction_page_as_signed_in()&amp#27;[0m
  &amp#27;[32mGiven &amp#27;[0m&amp#27;[32mThe user is on the DS Introduction page as signedIn&amp#27;[0m               &amp#27;[90m# StepDefinitions.DSIntroductionDetails.the_user_is_on_the_ds_introduction_page_as_signed_in()&amp#27;[0m
  &amp#27;[32mAnd &amp#27;[0m&amp#27;[32mThe user clicks on Get Started link for array&amp#27;[0m           &amp#27;[90m# StepDefinitions.ArrayStepDefintions.the_user_clicks_on_get_started_link_for_array()&amp#27;[0m
  &amp#27;[32mAnd &amp#27;[0m&amp#27;[32mThe user clicks on Get Started link for array&amp#27;[0m                       &amp#27;[90m# StepDefinitions.ArrayStepDefintions.the_user_clicks_on_get_started_link_for_array()&amp#27;[0m
  &amp#27;[32mGiven &amp#27;[0m&amp#27;[32mThe user is on the array details page&amp#27;[0m                 &amp#27;[90m# StepDefinitions.ArrayStepDefintions.the_user_is_on_the_array_details_page()&amp#27;[0m
  &amp#27;[32mGiven &amp#27;[0m&amp#27;[32mThe user is on the applications of array&amp#27;[0m                          &amp#27;[90m# StepDefinitions.ArrayStepDefintions.the_user_is_on_the_applications_of_array()&amp#27;[0m
  &amp#27;[32mWhen &amp#27;[0m&amp#27;[32mThe user click on applications of array link&amp#27;[0m           &amp#27;[90m# StepDefinitions.ArrayStepDefintions.the_user_click_on_applications_of_array_link()&amp#27;[0m
  &amp#27;[32mThen &amp#27;[0m&amp#27;[32mthe user is navigated to applications of array&amp#27;[0m         &amp#27;[90m# StepDefinitions.ArrayStepDefintions.the_user_is_navigated_to_applications_of_array()&amp#27;[0m
[INFO ] 2024-12-09 22:05:40.372 [TestNG-PoolService-3] Hooks - ======================  Test Execution is completed!! ======================
  &amp#27;[32mAnd &amp#27;[0m&amp#27;[32mUser clicks Try here link&amp#27;[0m                                                    &amp#27;[90m# StepDefinitions.DSIntroductionDetails.user_clicks_try_here_link()&amp#27;[0m
  &amp#27;[32mWhen &amp#27;[0m&amp#27;[32mThe user write the valid code in Editor&amp#27;[0m                                     &amp#27;[90m# StepDefinitions.DSIntroductionDetails.the_user_write_the_valid_code_in_editor()&amp#27;[0m
  &amp#27;[32mAnd &amp#27;[0m&amp#27;[32mClick the Run button&amp#27;[0m                                                         &amp#27;[90m# StepDefinitions.DSIntroductionDetails.click_the_run_button()&amp#27;[0m
  &amp#27;[32mThen &amp#27;[0m&amp#27;[32mThe user should able to see output in the console&amp#27;[0m                           &amp#27;[90m# StepDefinitions.DSIntroductionDetails.the_user_should_able_to_see_output_in_the_console()&amp#27;[0m
[INFO ] 2024-12-09 22:05:40.948 [TestNG-PoolService-2] Hooks - ======================  Test Execution is completed!! ======================
  &amp#27;[32mWhen &amp#27;[0m&amp#27;[32mUser clicks Try here link&amp#27;[0m                                          &amp#27;[90m# StepDefinitions.DSIntroductionDetails.user_clicks_try_here_link()&amp#27;[0m
  &amp#27;[32mThen &amp#27;[0m&amp#27;[32mUser should navigate to tryEditor page&amp#27;[0m                             &amp#27;[90m# StepDefinitions.DSIntroductionDetails.user_should_navigate_to_try_editor_page()&amp#27;[0m
[INFO ] 2024-12-09 22:05:41.300 [TestNG-PoolService-1] Hooks - ======================  Test Execution is completed!! ======================
]]></system-out>
  </testcase>
  <testcase name="runScenario[&quot;Valid code on try editor for basic operations in lists runs successfully&quot;, &quot;Array detail page&quot;](17)" classname="TestRunners.TestRunner" time="0.141">
    <failure message="element not interactable&#10;  (Session info: chrome=131.0.6778.109)&#10;Build info: version: &apos;4.26.0&apos;, revision: &apos;8ccf0219d7&apos;&#10;System info: os.name: &apos;Windows 11&apos;, os.arch: &apos;amd64&apos;, os.version: &apos;10.0&apos;, java.version: &apos;21.0.5&apos;&#10;Driver info: org.openqa.selenium.chrome.ChromeDriver&#10;Command: [bf44148693cc58e8a7d4c68c1b737a9c, sendKeysToElement {value=[Ljava.lang.CharSequence;@1b3265e0, id=f.BA7C5C1C25A76C8BE545F60D8CA1DC3C.d.DE2AFE9ADFFD5C1CFE942268F0F1E925.e.52}]&#10;Capabilities {acceptInsecureCerts: false, browserName: chrome, browserVersion: 131.0.6778.109, chrome: {chromedriverVersion: 131.0.6778.87 (ce31cae94873..., userDataDir: C:\Users\vamsh\AppData\Loca...}, fedcm:accounts: true, goog:chromeOptions: {debuggerAddress: localhost:56399}, networkConnectionEnabled: false, pageLoadStrategy: normal, platformName: windows, proxy: Proxy(), se:cdp: ws://localhost:56399/devtoo..., se:cdpVersion: 131.0.6778.109, setWindowRect: true, strictFileInteractability: false, timeouts: {implicit: 0, pageLoad: 300000, script: 30000}, unhandledPromptBehavior: dismiss and notify, webauthn:extension:credBlob: true, webauthn:extension:largeBlob: true, webauthn:extension:minPinLength: true, webauthn:extension:prf: true, webauthn:virtualAuthenticators: true}&#10;Element: [[ChromeDriver: chrome on windows (bf44148693cc58e8a7d4c68c1b737a9c)] -&gt; css selector: .CodeMirror textarea]&#10;Session ID: bf44148693cc58e8a7d4c68c1b737a9c" type="org.openqa.selenium.ElementNotInteractableException"><![CDATA[org.openqa.selenium.ElementNotInteractableException: 
element not interactable
  (Session info: chrome=131.0.6778.109)
Build info: version: '4.26.0', revision: '8ccf0219d7'
System info: os.name: 'Windows 11', os.arch: 'amd64', os.version: '10.0', java.version: '21.0.5'
Driver info: org.openqa.selenium.chrome.ChromeDriver
Command: [bf44148693cc58e8a7d4c68c1b737a9c, sendKeysToElement {value=[Ljava.lang.CharSequence;@1b3265e0, id=f.BA7C5C1C25A76C8BE545F60D8CA1DC3C.d.DE2AFE9ADFFD5C1CFE942268F0F1E925.e.52}]
Capabilities {acceptInsecureCerts: false, browserName: chrome, browserVersion: 131.0.6778.109, chrome: {chromedriverVersion: 131.0.6778.87 (ce31cae94873..., userDataDir: C:\Users\vamsh\AppData\Loca...}, fedcm:accounts: true, goog:chromeOptions: {debuggerAddress: localhost:56399}, networkConnectionEnabled: false, pageLoadStrategy: normal, platformName: windows, proxy: Proxy(), se:cdp: ws://localhost:56399/devtoo..., se:cdpVersion: 131.0.6778.109, setWindowRect: true, strictFileInteractability: false, timeouts: {implicit: 0, pageLoad: 300000, script: 30000}, unhandledPromptBehavior: dismiss and notify, webauthn:extension:credBlob: true, webauthn:extension:largeBlob: true, webauthn:extension:minPinLength: true, webauthn:extension:prf: true, webauthn:virtualAuthenticators: true}
Element: [[ChromeDriver: chrome on windows (bf44148693cc58e8a7d4c68c1b737a9c)] -> css selector: .CodeMirror textarea]
Session ID: bf44148693cc58e8a7d4c68c1b737a9c
]]></failure>
    <system-out><![CDATA[
Scenario: Error message displayed for invalid code on try Editor for applications of array &amp#27;[90m# src/test/resources/Features/ArrayDetailsPage.feature:110&amp#27;[0m
]]></system-out>
  </testcase>
  <testcase name="runScenario[&quot;Valid code on try editor for basic operations in lists runs successfully&quot;, &quot;Array detail page&quot;](17)" classname="TestRunners.TestRunner" time="0.45">
    <system-out><![CDATA[
Scenario: Error message displayed for invalid code on try Editor for applications of array &amp#27;[90m# src/test/resources/Features/ArrayDetailsPage.feature:110&amp#27;[0m
]]></system-out>
  </testcase>
  <testcase name="runScenario[&quot;Validate user can Try here link page from applications of array&quot;, &quot;Array detail page&quot;](18)" classname="TestRunners.TestRunner" time="3.251">
    <system-out><![CDATA[
Scenario: No error message displayed for empty code on try editor for applications of array &amp#27;[90m# src/test/resources/Features/ArrayDetailsPage.feature:117&amp#27;[0m
  &amp#27;[32mGiven &amp#27;[0m&amp#27;[32mThe user is on the DS Introduction page as signedIn&amp#27;[0m               &amp#27;[90m# StepDefinitions.DSIntroductionDetails.the_user_is_on_the_ds_introduction_page_as_signed_in()&amp#27;[0m
[INFO ] 2024-12-09 21:56:44.581 [TestNG-PoolService-3] Hooks - ======================  New Test Execution is STARTED!! ======================
[INFO ] 2024-12-09 21:56:44.817 [TestNG-PoolService-1] Hooks - ======================  New Test Execution is STARTED!! ======================
  &amp#27;[32mAnd &amp#27;[0m&amp#27;[32mThe user clicks on Get Started link for array&amp#27;[0m                       &amp#27;[90m# StepDefinitions.ArrayStepDefintions.the_user_clicks_on_get_started_link_for_array()&amp#27;[0m
  &amp#27;[32mGiven &amp#27;[0m&amp#27;[32mThe user is on the applications of array&amp#27;[0m                          &amp#27;[90m# StepDefinitions.ArrayStepDefintions.the_user_is_on_the_applications_of_array()&amp#27;[0m
  &amp#27;[32mWhen &amp#27;[0m&amp#27;[32mUser clicks Try here link&amp#27;[0m                                          &amp#27;[90m# StepDefinitions.DSIntroductionDetails.user_clicks_try_here_link()&amp#27;[0m
  &amp#27;[32mThen &amp#27;[0m&amp#27;[32mUser should navigate to tryEditor page&amp#27;[0m                             &amp#27;[90m# StepDefinitions.DSIntroductionDetails.user_should_navigate_to_try_editor_page()&amp#27;[0m
[INFO ] 2024-12-09 21:56:46.140 [TestNG-PoolService-2] Hooks - ======================  Test Execution is completed!! ======================
]]></system-out>
    <system-err><![CDATA[Dec 09, 2024 9:56:44 PM org.openqa.selenium.devtools.CdpVersionFinder findNearestMatch
WARNING: Unable to find an exact match for CDP version 131, returning the closest version; found: 130; Please update to a Selenium version that supports CDP version 131
Dec 09, 2024 9:56:44 PM org.openqa.selenium.devtools.CdpVersionFinder findNearestMatch
WARNING: Unable to find an exact match for CDP version 131, returning the closest version; found: 130; Please update to a Selenium version that supports CDP version 131
]]></system-err>
  </testcase>
  <testcase name="runScenario[&quot;Validate user can Try here link page from applications of array&quot;, &quot;Array detail page&quot;](18)" classname="TestRunners.TestRunner" time="0.13">
    <system-out><![CDATA[
Scenario: No error message displayed for empty code on try editor for applications of array &amp#27;[90m# src/test/resources/Features/ArrayDetailsPage.feature:117&amp#27;[0m
]]></system-out>
  </testcase>
  <testcase name="runScenario[&quot;Validate user can Try here link page from applications of array&quot;, &quot;Array detail page&quot;](18)" classname="TestRunners.TestRunner" time="4.076">
    <system-out><![CDATA[
Scenario: No error message displayed for empty code on try editor for applications of array &amp#27;[90m# src/test/resources/Features/ArrayDetailsPage.feature:117&amp#27;[0m
  &amp#27;[32mGiven &amp#27;[0m&amp#27;[32mThe user is on the DS Introduction page as signedIn&amp#27;[0m               &amp#27;[90m# StepDefinitions.DSIntroductionDetails.the_user_is_on_the_ds_introduction_page_as_signed_in()&amp#27;[0m
  &amp#27;[32mAnd &amp#27;[0m&amp#27;[32mThe user clicks on Get Started link for array&amp#27;[0m                       &amp#27;[90m# StepDefinitions.ArrayStepDefintions.the_user_clicks_on_get_started_link_for_array()&amp#27;[0m
  &amp#27;[32mGiven &amp#27;[0m&amp#27;[32mThe user is on the DS Introduction page as signedIn&amp#27;[0m                                &amp#27;[90m# StepDefinitions.DSIntroductionDetails.the_user_is_on_the_ds_introduction_page_as_signed_in()&amp#27;[0m
[INFO ] 2024-12-09 22:19:59.410 [TestNG-PoolService-3] Hooks - ======================  New Test Execution is STARTED!! ======================
  &amp#27;[32mGiven &amp#27;[0m&amp#27;[32mThe user is on the applications of array&amp#27;[0m                          &amp#27;[90m# StepDefinitions.ArrayStepDefintions.the_user_is_on_the_applications_of_array()&amp#27;[0m
  &amp#27;[32mAnd &amp#27;[0m&amp#27;[32mThe user clicks on Get Started link for array&amp#27;[0m                                        &amp#27;[90m# StepDefinitions.ArrayStepDefintions.the_user_clicks_on_get_started_link_for_array()&amp#27;[0m
  &amp#27;[32mGiven &amp#27;[0m&amp#27;[32mThe user is on the applications of array&amp#27;[0m                                           &amp#27;[90m# StepDefinitions.ArrayStepDefintions.the_user_is_on_the_applications_of_array()&amp#27;[0m
  &amp#27;[32mWhen &amp#27;[0m&amp#27;[32mUser clicks Try here link&amp#27;[0m                                          &amp#27;[90m# StepDefinitions.DSIntroductionDetails.user_clicks_try_here_link()&amp#27;[0m
  &amp#27;[32mThen &amp#27;[0m&amp#27;[32mUser should navigate to tryEditor page&amp#27;[0m                             &amp#27;[90m# StepDefinitions.DSIntroductionDetails.user_should_navigate_to_try_editor_page()&amp#27;[0m
[INFO ] 2024-12-09 22:20:00.466 [TestNG-PoolService-2] Hooks - ======================  Test Execution is completed!! ======================
  &amp#27;[32mAnd &amp#27;[0m&amp#27;[32mUser clicks Try here link&amp#27;[0m                                                            &amp#27;[90m# StepDefinitions.DSIntroductionDetails.user_clicks_try_here_link()&amp#27;[0m
  &amp#27;[31mWhen &amp#27;[0m&amp#27;[31mThe user write the invalid code in Editor&amp#27;[0m                                           &amp#27;[90m# StepDefinitions.DSIntroductionDetails.the_user_write_the_invalid_code_in_editor()&amp#27;[0m
      &amp#27;[31morg.openqa.selenium.ElementNotInteractableException: element not interactable
  (Session info: MicrosoftEdge=131.0.2903.86)
Build info: version: '4.26.0', revision: '8ccf0219d7'
System info: os.name: 'Windows 11', os.arch: 'amd64', os.version: '10.0', java.version: '21.0.5'
Driver info: org.openqa.selenium.edge.EdgeDriver
Command: [6593a320fde5a0679bc88c7038eb9448, sendKeysToElement {value=[Ljava.lang.CharSequence;@403b0123, id=f.F06E552FEE0A4C3F5C5D01DF5C6B362C.d.532560DF827B7EAFA3AE0BA94F31D1F3.e.39}]
Capabilities {acceptInsecureCerts: false, browserName: MicrosoftEdge, browserVersion: 131.0.2903.86, fedcm:accounts: true, ms:edgeOptions: {debuggerAddress: localhost:59506}, msedge: {msedgedriverVersion: 131.0.2903.86 (cf5bf303997c..., userDataDir: C:\Users\vamsh\AppData\Loca...}, networkConnectionEnabled: false, pageLoadStrategy: normal, platformName: windows, proxy: Proxy(), se:cdp: ws://localhost:59506/devtoo..., se:cdpVersion: 131.0.2903.86, setWindowRect: true, strictFileInteractability: false, timeouts: {implicit: 0, pageLoad: 300000, script: 30000}, unhandledPromptBehavior: dismiss and notify, webauthn:extension:credBlob: true, webauthn:extension:largeBlob: true, webauthn:extension:minPinLength: true, webauthn:extension:prf: true, webauthn:virtualAuthenticators: true}
Element: [[EdgeDriver: MicrosoftEdge on windows (6593a320fde5a0679bc88c7038eb9448)] -> css selector: .CodeMirror textarea]
Session ID: 6593a320fde5a0679bc88c7038eb9448
	at java.base/jdk.internal.reflect.DirectConstructorHandleAccessor.newInstance(DirectConstructorHandleAccessor.java:62)
	at java.base/java.lang.reflect.Constructor.newInstanceWithCaller(Constructor.java:502)
	at java.base/java.lang.reflect.Constructor.newInstance(Constructor.java:486)
	at org.openqa.selenium.remote.ErrorCodec.decode(ErrorCodec.java:167)
	at org.openqa.selenium.remote.codec.w3c.W3CHttpResponseCodec.decode(W3CHttpResponseCodec.java:138)
	at org.openqa.selenium.remote.codec.w3c.W3CHttpResponseCodec.decode(W3CHttpResponseCodec.java:50)
	at org.openqa.selenium.remote.HttpCommandExecutor.execute(HttpCommandExecutor.java:190)
	at org.openqa.selenium.remote.service.DriverCommandExecutor.invokeExecute(DriverCommandExecutor.java:216)
	at org.openqa.selenium.remote.service.DriverCommandExecutor.execute(DriverCommandExecutor.java:174)
	at org.openqa.selenium.remote.RemoteWebDriver.execute(RemoteWebDriver.java:545)
	at org.openqa.selenium.remote.RemoteWebElement.execute(RemoteWebElement.java:223)
	at org.openqa.selenium.remote.RemoteWebElement.sendKeys(RemoteWebElement.java:110)
	at PageObjects.IntroductionPage.enterCodeInEditor(IntroductionPage.java:146)
	at StepDefinitions.DSIntroductionDetails.the_user_write_the_invalid_code_in_editor(DSIntroductionDetails.java:138)
	at ✽.The user write the invalid code in Editor(file:///C:/Projects/Repo1/src/test/resources/Features/ArrayDetailsPage.feature:113)
&amp#27;[0m
  &amp#27;[36mAnd &amp#27;[0m&amp#27;[36mClick the Run button&amp#27;[0m                                                                 &amp#27;[90m# StepDefinitions.DSIntroductionDetails.click_the_run_button()&amp#27;[0m
  &amp#27;[36mThen &amp#27;[0m&amp#27;[36mThe user should able to see an error message in alert window&amp#27;[0m                        &amp#27;[90m# StepDefinitions.DSIntroductionDetails.the_user_should_able_to_see_an_error_message_in_alert_window()&amp#27;[0m
[ERROR] 2024-12-09 22:20:01.036 [TestNG-PoolService-1] Hooks - ======================  TEST CASE FAILED !! ======================

    Embedding screenshot [image/png 7890 bytes]

[INFO ] 2024-12-09 22:20:01.185 [TestNG-PoolService-1] Hooks - ======================  Screenshot is captured  ======================
[INFO ] 2024-12-09 22:20:01.186 [TestNG-PoolService-1] Hooks - ======================  Test Execution is completed!! ======================
]]></system-out>
    <system-err><![CDATA[Dec 09, 2024 10:19:59 PM org.openqa.selenium.devtools.CdpVersionFinder findNearestMatch
WARNING: Unable to find an exact match for CDP version 131, returning the closest version; found: 130; Please update to a Selenium version that supports CDP version 131
]]></system-err>
  </testcase>
  <testcase name="runScenario[&quot;No error message displayed for empty code on try editor for applications of array&quot;, &quot;Array detail page&quot;](19)" classname="TestRunners.TestRunner" time="3.525">
    <system-out><![CDATA[
Scenario: Valid code on try editor for applications of array runs successfully &amp#27;[90m# src/test/resources/Features/ArrayDetailsPage.feature:123&amp#27;[0m
  &amp#27;[32mGiven &amp#27;[0m&amp#27;[32mThe user is on the DS Introduction page as signedIn&amp#27;[0m                                 &amp#27;[90m# StepDefinitions.DSIntroductionDetails.the_user_is_on_the_ds_introduction_page_as_signed_in()&amp#27;[0m
  &amp#27;[32mGiven &amp#27;[0m&amp#27;[32mThe user is on the DS Introduction page as signedIn&amp#27;[0m                                &amp#27;[90m# StepDefinitions.DSIntroductionDetails.the_user_is_on_the_ds_introduction_page_as_signed_in()&amp#27;[0m
[INFO ] 2024-12-09 21:56:48.045 [TestNG-PoolService-2] Hooks - ======================  New Test Execution is STARTED!! ======================
  &amp#27;[32mAnd &amp#27;[0m&amp#27;[32mThe user clicks on Get Started link for array&amp#27;[0m                                         &amp#27;[90m# StepDefinitions.ArrayStepDefintions.the_user_clicks_on_get_started_link_for_array()&amp#27;[0m
  &amp#27;[32mAnd &amp#27;[0m&amp#27;[32mThe user clicks on Get Started link for array&amp#27;[0m                                        &amp#27;[90m# StepDefinitions.ArrayStepDefintions.the_user_clicks_on_get_started_link_for_array()&amp#27;[0m
  &amp#27;[32mGiven &amp#27;[0m&amp#27;[32mThe user is on the applications of array&amp#27;[0m                                            &amp#27;[90m# StepDefinitions.ArrayStepDefintions.the_user_is_on_the_applications_of_array()&amp#27;[0m
  &amp#27;[32mGiven &amp#27;[0m&amp#27;[32mThe user is on the applications of array&amp#27;[0m                                           &amp#27;[90m# StepDefinitions.ArrayStepDefintions.the_user_is_on_the_applications_of_array()&amp#27;[0m
  &amp#27;[32mAnd &amp#27;[0m&amp#27;[32mUser clicks Try here link&amp#27;[0m                                                            &amp#27;[90m# StepDefinitions.DSIntroductionDetails.user_clicks_try_here_link()&amp#27;[0m
  &amp#27;[32mAnd &amp#27;[0m&amp#27;[32mUser clicks Try here link&amp#27;[0m                                                             &amp#27;[90m# StepDefinitions.DSIntroductionDetails.user_clicks_try_here_link()&amp#27;[0m
  &amp#27;[32mWhen &amp#27;[0m&amp#27;[32mThe user write the invalid code in Editor&amp#27;[0m                                           &amp#27;[90m# StepDefinitions.DSIntroductionDetails.the_user_write_the_invalid_code_in_editor()&amp#27;[0m
  &amp#27;[32mWhen &amp#27;[0m&amp#27;[32mClick the Run button&amp#27;[0m                                                                 &amp#27;[90m# StepDefinitions.DSIntroductionDetails.click_the_run_button()&amp#27;[0m
  &amp#27;[32mThen &amp#27;[0m&amp#27;[32mThe user should not see any error message or alert&amp#27;[0m                                   &amp#27;[90m# StepDefinitions.DSIntroductionDetails.the_user_should_not_see_any_error_message_or_alert()&amp#27;[0m
[INFO ] 2024-12-09 21:56:49.654 [TestNG-PoolService-1] Hooks - ======================  Test Execution is completed!! ======================
  &amp#27;[32mAnd &amp#27;[0m&amp#27;[32mClick the Run button&amp#27;[0m                                                                 &amp#27;[90m# StepDefinitions.DSIntroductionDetails.click_the_run_button()&amp#27;[0m
  &amp#27;[32mThen &amp#27;[0m&amp#27;[32mThe user should able to see an error message in alert window&amp#27;[0m                        &amp#27;[90m# StepDefinitions.DSIntroductionDetails.the_user_should_able_to_see_an_error_message_in_alert_window()&amp#27;[0m
[INFO ] 2024-12-09 21:56:49.769 [TestNG-PoolService-3] Hooks - ======================  Test Execution is completed!! ======================
]]></system-out>
    <system-err><![CDATA[Dec 09, 2024 9:56:47 PM org.openqa.selenium.devtools.CdpVersionFinder findNearestMatch
WARNING: Unable to find an exact match for CDP version 131, returning the closest version; found: 130; Please update to a Selenium version that supports CDP version 131
]]></system-err>
  </testcase>
  <testcase name="runScenario[&quot;Error message displayed for invalid code on try Editor for applications of array&quot;, &quot;Array detail page&quot;](20)" classname="TestRunners.TestRunner" time="0.129">
    <system-out><![CDATA[
Scenario: validate user can click on practicequestions      &amp#27;[90m# src/test/resources/Features/ArrayDetailsPage.feature:130&amp#27;[0m
]]></system-out>
  </testcase>
  <testcase name="runScenario[&quot;Valid code on try editor for applications of array runs successfully&quot;, &quot;Array detail page&quot;](21)" classname="TestRunners.TestRunner" time="3.421">
    <failure message="element not interactable&#10;  (Session info: chrome=131.0.6778.109)&#10;Build info: version: &apos;4.26.0&apos;, revision: &apos;8ccf0219d7&apos;&#10;System info: os.name: &apos;Windows 11&apos;, os.arch: &apos;amd64&apos;, os.version: &apos;10.0&apos;, java.version: &apos;21.0.5&apos;&#10;Driver info: org.openqa.selenium.chrome.ChromeDriver&#10;Command: [3f95bd71048c585511c6d1e768a492f8, sendKeysToElement {value=[Ljava.lang.CharSequence;@27f491c7, id=f.C75D15EBE97346E6DF7ACFF1A007FDBF.d.D420333C9B817A4AAB65D47CA02C0A83.e.52}]&#10;Capabilities {acceptInsecureCerts: false, browserName: chrome, browserVersion: 131.0.6778.109, chrome: {chromedriverVersion: 131.0.6778.87 (ce31cae94873..., userDataDir: C:\Users\vamsh\AppData\Loca...}, fedcm:accounts: true, goog:chromeOptions: {debuggerAddress: localhost:56657}, networkConnectionEnabled: false, pageLoadStrategy: normal, platformName: windows, proxy: Proxy(), se:cdp: ws://localhost:56657/devtoo..., se:cdpVersion: 131.0.6778.109, setWindowRect: true, strictFileInteractability: false, timeouts: {implicit: 0, pageLoad: 300000, script: 30000}, unhandledPromptBehavior: dismiss and notify, webauthn:extension:credBlob: true, webauthn:extension:largeBlob: true, webauthn:extension:minPinLength: true, webauthn:extension:prf: true, webauthn:virtualAuthenticators: true}&#10;Element: [[ChromeDriver: chrome on windows (3f95bd71048c585511c6d1e768a492f8)] -&gt; css selector: .CodeMirror textarea]&#10;Session ID: 3f95bd71048c585511c6d1e768a492f8" type="org.openqa.selenium.ElementNotInteractableException"><![CDATA[org.openqa.selenium.ElementNotInteractableException: 
element not interactable
  (Session info: chrome=131.0.6778.109)
Build info: version: '4.26.0', revision: '8ccf0219d7'
System info: os.name: 'Windows 11', os.arch: 'amd64', os.version: '10.0', java.version: '21.0.5'
Driver info: org.openqa.selenium.chrome.ChromeDriver
Command: [3f95bd71048c585511c6d1e768a492f8, sendKeysToElement {value=[Ljava.lang.CharSequence;@27f491c7, id=f.C75D15EBE97346E6DF7ACFF1A007FDBF.d.D420333C9B817A4AAB65D47CA02C0A83.e.52}]
Capabilities {acceptInsecureCerts: false, browserName: chrome, browserVersion: 131.0.6778.109, chrome: {chromedriverVersion: 131.0.6778.87 (ce31cae94873..., userDataDir: C:\Users\vamsh\AppData\Loca...}, fedcm:accounts: true, goog:chromeOptions: {debuggerAddress: localhost:56657}, networkConnectionEnabled: false, pageLoadStrategy: normal, platformName: windows, proxy: Proxy(), se:cdp: ws://localhost:56657/devtoo..., se:cdpVersion: 131.0.6778.109, setWindowRect: true, strictFileInteractability: false, timeouts: {implicit: 0, pageLoad: 300000, script: 30000}, unhandledPromptBehavior: dismiss and notify, webauthn:extension:credBlob: true, webauthn:extension:largeBlob: true, webauthn:extension:minPinLength: true, webauthn:extension:prf: true, webauthn:virtualAuthenticators: true}
Element: [[ChromeDriver: chrome on windows (3f95bd71048c585511c6d1e768a492f8)] -> css selector: .CodeMirror textarea]
Session ID: 3f95bd71048c585511c6d1e768a492f8
]]></failure>
    <system-out><![CDATA[
Scenario: Validate the DS dropdown without signIN                                                         &amp#27;[90m# src/test/resources/Features/DSIntroductionPage.feature:3&amp#27;[0m
  &amp#27;[32mGiven &amp#27;[0m&amp#27;[32mThe user is on the DS Introduction page as signedIn&amp#27;[0m                    &amp#27;[90m# StepDefinitions.DSIntroductionDetails.the_user_is_on_the_ds_introduction_page_as_signed_in()&amp#27;[0m
  &amp#27;[32mAnd &amp#27;[0m&amp#27;[32mThe user clicks on Get Started link for array&amp#27;[0m                            &amp#27;[90m# StepDefinitions.ArrayStepDefintions.the_user_clicks_on_get_started_link_for_array()&amp#27;[0m
[INFO ] 2024-12-09 21:56:51.591 [TestNG-PoolService-1] Hooks - ======================  New Test Execution is STARTED!! ======================
[INFO ] 2024-12-09 21:56:51.726 [TestNG-PoolService-3] Hooks - ======================  New Test Execution is STARTED!! ======================
  &amp#27;[32mGiven &amp#27;[0m&amp#27;[32mThe user is on the applications of array&amp#27;[0m                               &amp#27;[90m# StepDefinitions.ArrayStepDefintions.the_user_is_on_the_applications_of_array()&amp#27;[0m
  &amp#27;[32mGiven &amp#27;[0m&amp#27;[32mThe user should open the DS Algo Portal URL in any supported browser&amp#27;[0m                              &amp#27;[90m# StepDefinitions.DSIntroductionDetails.the_user_should_open_the_ds_algo_portal_url_in_any_supported_browser()&amp#27;[0m
The user clicks the Get Started button
  &amp#27;[32mAnd &amp#27;[0m&amp#27;[32mUser clicks Try here link&amp#27;[0m                                                &amp#27;[90m# StepDefinitions.DSIntroductionDetails.user_clicks_try_here_link()&amp#27;[0m
  &amp#27;[31mWhen &amp#27;[0m&amp#27;[31mThe user write the valid code in Editor&amp#27;[0m                                 &amp#27;[90m# StepDefinitions.DSIntroductionDetails.the_user_write_the_valid_code_in_editor()&amp#27;[0m
      &amp#27;[31morg.openqa.selenium.ElementNotInteractableException: element not interactable
  (Session info: chrome=131.0.6778.109)
Build info: version: '4.26.0', revision: '8ccf0219d7'
System info: os.name: 'Windows 11', os.arch: 'amd64', os.version: '10.0', java.version: '21.0.5'
Driver info: org.openqa.selenium.chrome.ChromeDriver
Command: [3f95bd71048c585511c6d1e768a492f8, sendKeysToElement {value=[Ljava.lang.CharSequence;@27f491c7, id=f.C75D15EBE97346E6DF7ACFF1A007FDBF.d.D420333C9B817A4AAB65D47CA02C0A83.e.52}]
Capabilities {acceptInsecureCerts: false, browserName: chrome, browserVersion: 131.0.6778.109, chrome: {chromedriverVersion: 131.0.6778.87 (ce31cae94873..., userDataDir: C:\Users\vamsh\AppData\Loca...}, fedcm:accounts: true, goog:chromeOptions: {debuggerAddress: localhost:56657}, networkConnectionEnabled: false, pageLoadStrategy: normal, platformName: windows, proxy: Proxy(), se:cdp: ws://localhost:56657/devtoo..., se:cdpVersion: 131.0.6778.109, setWindowRect: true, strictFileInteractability: false, timeouts: {implicit: 0, pageLoad: 300000, script: 30000}, unhandledPromptBehavior: dismiss and notify, webauthn:extension:credBlob: true, webauthn:extension:largeBlob: true, webauthn:extension:minPinLength: true, webauthn:extension:prf: true, webauthn:virtualAuthenticators: true}
Element: [[ChromeDriver: chrome on windows (3f95bd71048c585511c6d1e768a492f8)] -> css selector: .CodeMirror textarea]
Session ID: 3f95bd71048c585511c6d1e768a492f8
	at java.base/jdk.internal.reflect.DirectConstructorHandleAccessor.newInstance(DirectConstructorHandleAccessor.java:62)
	at java.base/java.lang.reflect.Constructor.newInstanceWithCaller(Constructor.java:502)
	at java.base/java.lang.reflect.Constructor.newInstance(Constructor.java:486)
	at org.openqa.selenium.remote.ErrorCodec.decode(ErrorCodec.java:167)
	at org.openqa.selenium.remote.codec.w3c.W3CHttpResponseCodec.decode(W3CHttpResponseCodec.java:138)
	at org.openqa.selenium.remote.codec.w3c.W3CHttpResponseCodec.decode(W3CHttpResponseCodec.java:50)
	at org.openqa.selenium.remote.HttpCommandExecutor.execute(HttpCommandExecutor.java:190)
	at org.openqa.selenium.remote.service.DriverCommandExecutor.invokeExecute(DriverCommandExecutor.java:216)
	at org.openqa.selenium.remote.service.DriverCommandExecutor.execute(DriverCommandExecutor.java:174)
	at org.openqa.selenium.remote.RemoteWebDriver.execute(RemoteWebDriver.java:545)
	at org.openqa.selenium.remote.RemoteWebElement.execute(RemoteWebElement.java:223)
	at org.openqa.selenium.remote.RemoteWebElement.sendKeys(RemoteWebElement.java:110)
	at PageObjects.IntroductionPage.enterCodeInEditor(IntroductionPage.java:146)
	at StepDefinitions.DSIntroductionDetails.the_user_write_the_valid_code_in_editor(DSIntroductionDetails.java:158)
	at ✽.The user write the valid code in Editor(file:///C:/Projects/Repo1/src/test/resources/Features/ArrayDetailsPage.feature:126)
&amp#27;[0m
  &amp#27;[36mAnd &amp#27;[0m&amp#27;[36mClick the Run button&amp#27;[0m                                                     &amp#27;[90m# StepDefinitions.DSIntroductionDetails.click_the_run_button()&amp#27;[0m
  &amp#27;[36mThen &amp#27;[0m&amp#27;[36mThe user should able to see output in the console&amp#27;[0m                       &amp#27;[90m# StepDefinitions.DSIntroductionDetails.the_user_should_able_to_see_output_in_the_console()&amp#27;[0m
[ERROR] 2024-12-09 21:56:52.848 [TestNG-PoolService-2] Hooks - ======================  TEST CASE FAILED !! ======================
  &amp#27;[32mWhen &amp#27;[0m&amp#27;[32mThe user clicks the Get Started button&amp#27;[0m                                                             &amp#27;[90m# StepDefinitions.DSIntroductionDetails.the_user_clicks_the_get_started_button()&amp#27;[0m

    Embedding screenshot [image/png 7853 bytes]

[INFO ] 2024-12-09 21:56:53.051 [TestNG-PoolService-2] Hooks - ======================  Screenshot is captured  ======================
[INFO ] 2024-12-09 21:56:53.053 [TestNG-PoolService-2] Hooks - ======================  Test Execution is completed!! ======================
The user clicks the data structure dropdown arrow
  &amp#27;[32mAnd &amp#27;[0m&amp#27;[32mThe user clicks the data structure dropdown arrow&amp#27;[0m                                                   &amp#27;[90m# StepDefinitions.DSIntroductionDetails.the_user_clicks_the_data_structure_dropdown_arrow()&amp#27;[0m
]]></system-out>
    <system-err><![CDATA[Dec 09, 2024 9:56:51 PM org.openqa.selenium.devtools.CdpVersionFinder findNearestMatch
WARNING: Unable to find an exact match for CDP version 131, returning the closest version; found: 130; Please update to a Selenium version that supports CDP version 131
Dec 09, 2024 9:56:51 PM org.openqa.selenium.devtools.CdpVersionFinder findNearestMatch
WARNING: Unable to find an exact match for CDP version 131, returning the closest version; found: 130; Please update to a Selenium version that supports CDP version 131
]]></system-err>
  </testcase>
  <testcase name="runScenario[&quot;Valid code on try editor for applications of array runs successfully&quot;, &quot;Array detail page&quot;](21)" classname="TestRunners.TestRunner" time="0.395">
    <system-out><![CDATA[
Scenario: Validate the DS dropdown without signIN                                                         &amp#27;[90m# src/test/resources/Features/DSIntroductionPage.feature:3&amp#27;[0m
]]></system-out>
  </testcase>
  <testcase name="runScenario[&quot;Validate the DS dropdown without signIN&quot;, &quot;DS Introduction Page&quot;](22)" classname="TestRunners.TestRunner" time="0.458">
    <system-out><![CDATA[
Scenario: Verify warning message when user navigate to DS details page without signIn         &amp#27;[90m# src/test/resources/Features/DSIntroductionPage.feature:9&amp#27;[0m
The user should able to see siz options Arrays Linked,List,Stack,Queue,Tree,Graph in dropdown menu
  &amp#27;[32mThen &amp#27;[0m&amp#27;[32mThe user should able to see siz options Arrays Linked,List,Stack,Queue,Tree,Graph in dropdown menu&amp#27;[0m &amp#27;[90m# StepDefinitions.DSIntroductionDetails.the_user_should_able_to_see_siz_options_arrays_linked_list_stack_queue_tree_graph_in_dropdown_menu()&amp#27;[0m
[INFO ] 2024-12-09 21:56:53.502 [TestNG-PoolService-3] Hooks - ======================  Test Execution is completed!! ======================
]]></system-out>
  </testcase>
  <testcase name="runScenario[&quot;Validate the DS dropdown without signIN&quot;, &quot;DS Introduction Page&quot;](22)" classname="TestRunners.TestRunner" time="9.066">
    <system-out><![CDATA[
Scenario: Verify warning message when user navigate to DS details page without signIn         &amp#27;[90m# src/test/resources/Features/DSIntroductionPage.feature:9&amp#27;[0m
[INFO ] 2024-12-09 22:05:59.174 [TestNG-PoolService-3] Hooks - ======================  New Test Execution is STARTED!! ======================
[INFO ] 2024-12-09 22:06:00.293 [TestNG-PoolService-2] Hooks - ======================  New Test Execution is STARTED!! ======================
  &amp#27;[32mGiven &amp#27;[0m&amp#27;[32mThe user should open the DS Algo Portal URL in any supported browser&amp#27;[0m                              &amp#27;[90m# StepDefinitions.DSIntroductionDetails.the_user_should_open_the_ds_algo_portal_url_in_any_supported_browser()&amp#27;[0m
The user clicks the Get Started button
[INFO ] 2024-12-09 22:06:01.342 [TestNG-PoolService-1] Hooks - ======================  New Test Execution is STARTED!! ======================
  &amp#27;[32mGiven &amp#27;[0m&amp#27;[32mThe user should open the DS Algo Portal URL in any supported browser&amp#27;[0m                  &amp#27;[90m# StepDefinitions.DSIntroductionDetails.the_user_should_open_the_ds_algo_portal_url_in_any_supported_browser()&amp#27;[0m
  &amp#27;[32mWhen &amp#27;[0m&amp#27;[32mThe user clicks the Get Started button&amp#27;[0m                                                             &amp#27;[90m# StepDefinitions.DSIntroductionDetails.the_user_clicks_the_get_started_button()&amp#27;[0m
  &amp#27;[32mGiven &amp#27;[0m&amp#27;[32mThe user is on the DS Introduction page as signedIn&amp#27;[0m &amp#27;[90m# StepDefinitions.DSIntroductionDetails.the_user_is_on_the_ds_introduction_page_as_signed_in()&amp#27;[0m
The user clicks the data structure dropdown arrow
  &amp#27;[32mAnd &amp#27;[0m&amp#27;[32mThe user clicks the data structure dropdown arrow&amp#27;[0m                                                   &amp#27;[90m# StepDefinitions.DSIntroductionDetails.the_user_clicks_the_data_structure_dropdown_arrow()&amp#27;[0m
The user should able to see siz options Arrays Linked,List,Stack,Queue,Tree,Graph in dropdown menu
  &amp#27;[32mThen &amp#27;[0m&amp#27;[32mThe user should able to see siz options Arrays Linked,List,Stack,Queue,Tree,Graph in dropdown menu&amp#27;[0m &amp#27;[90m# StepDefinitions.DSIntroductionDetails.the_user_should_able_to_see_siz_options_arrays_linked_list_stack_queue_tree_graph_in_dropdown_menu()&amp#27;[0m
[INFO ] 2024-12-09 22:06:02.391 [TestNG-PoolService-2] Hooks - ======================  Test Execution is completed!! ======================
  &amp#27;[32mGiven &amp#27;[0m&amp#27;[32mThe user is on the DS Introduction page&amp#27;[0m                                               &amp#27;[90m# StepDefinitions.DSIntroductionDetails.the_user_is_on_the_ds_introduction_page()&amp#27;[0m
  &amp#27;[32mAnd &amp#27;[0m&amp#27;[32mThe user clicks on Get Started link for array&amp#27;[0m         &amp#27;[90m# StepDefinitions.ArrayStepDefintions.the_user_clicks_on_get_started_link_for_array()&amp#27;[0m
  &amp#27;[32mWhen &amp#27;[0m&amp#27;[32mThe user clicks any Get Started buttons of data structures on the DS Introduction page&amp#27;[0m &amp#27;[90m# StepDefinitions.DSIntroductionDetails.the_user_clicks_any_get_started_buttons_of_data_structures_on_the_ds_introduction_page()&amp#27;[0m
  &amp#27;[32mThen &amp#27;[0m&amp#27;[32mThe user should able to see an warning message You are not logged in&amp#27;[0m                   &amp#27;[90m# StepDefinitions.DSIntroductionDetails.the_user_should_able_to_see_an_warning_message_you_are_not_logged_in()&amp#27;[0m
[INFO ] 2024-12-09 22:06:02.826 [TestNG-PoolService-1] Hooks - ======================  Test Execution is completed!! ======================
  &amp#27;[32mGiven &amp#27;[0m&amp#27;[32mThe user is on the applications of array&amp#27;[0m            &amp#27;[90m# StepDefinitions.ArrayStepDefintions.the_user_is_on_the_applications_of_array()&amp#27;[0m
  &amp#27;[32mWhen &amp#27;[0m&amp#27;[32mthe user click on the practice questions link&amp#27;[0m        &amp#27;[90m# StepDefinitions.ArrayStepDefintions.the_user_click_on_the_practice_questions_link()&amp#27;[0m
  &amp#27;[32mThen &amp#27;[0m&amp#27;[32mthe user navigates to practice question page&amp#27;[0m         &amp#27;[90m# StepDefinitions.ArrayStepDefintions.the_user_navigates_to_practice_question_page()&amp#27;[0m
[INFO ] 2024-12-09 22:06:03.106 [TestNG-PoolService-3] Hooks - ======================  Test Execution is completed!! ======================
]]></system-out>
  </testcase>
  <testcase name="runScenario[&quot;validate user can click on practicequestions&quot;, &quot;Array detail page&quot;](23)" classname="TestRunners.TestRunner" time="2.265">
    <system-out><![CDATA[
Scenario: Validate user lands on register page when clicked on register      &amp#27;[90m# src/test/resources/Features/DSIntroductionPage.feature:15&amp#27;[0m
  &amp#27;[32mGiven &amp#27;[0m&amp#27;[32mThe user is on the DS Introduction page as signedIn&amp#27;[0m &amp#27;[90m# StepDefinitions.DSIntroductionDetails.the_user_is_on_the_ds_introduction_page_as_signed_in()&amp#27;[0m
  &amp#27;[32mAnd &amp#27;[0m&amp#27;[32mThe user clicks on Get Started link for array&amp#27;[0m         &amp#27;[90m# StepDefinitions.ArrayStepDefintions.the_user_clicks_on_get_started_link_for_array()&amp#27;[0m
[INFO ] 2024-12-09 21:56:55.044 [TestNG-PoolService-2] Hooks - ======================  New Test Execution is STARTED!! ======================
  &amp#27;[32mGiven &amp#27;[0m&amp#27;[32mThe user is on the applications of array&amp#27;[0m            &amp#27;[90m# StepDefinitions.ArrayStepDefintions.the_user_is_on_the_applications_of_array()&amp#27;[0m
  &amp#27;[32mWhen &amp#27;[0m&amp#27;[32mthe user click on the practice questions link&amp#27;[0m        &amp#27;[90m# StepDefinitions.ArrayStepDefintions.the_user_click_on_the_practice_questions_link()&amp#27;[0m
[INFO ] 2024-12-09 21:56:55.811 [TestNG-PoolService-3] Hooks - ======================  New Test Execution is STARTED!! ======================
  &amp#27;[32mThen &amp#27;[0m&amp#27;[32mthe user navigates to practice question page&amp#27;[0m         &amp#27;[90m# StepDefinitions.ArrayStepDefintions.the_user_navigates_to_practice_question_page()&amp#27;[0m
[INFO ] 2024-12-09 21:56:55.867 [TestNG-PoolService-1] Hooks - ======================  Test Execution is completed!! ======================
  &amp#27;[32mGiven &amp#27;[0m&amp#27;[32mThe user should open the DS Algo Portal URL in any supported browser&amp#27;[0m                  &amp#27;[90m# StepDefinitions.DSIntroductionDetails.the_user_should_open_the_ds_algo_portal_url_in_any_supported_browser()&amp#27;[0m
]]></system-out>
    <system-err><![CDATA[Dec 09, 2024 9:56:54 PM org.openqa.selenium.devtools.CdpVersionFinder findNearestMatch
WARNING: Unable to find an exact match for CDP version 131, returning the closest version; found: 130; Please update to a Selenium version that supports CDP version 131
Dec 09, 2024 9:56:55 PM org.openqa.selenium.devtools.CdpVersionFinder findNearestMatch
WARNING: Unable to find an exact match for CDP version 131, returning the closest version; found: 130; Please update to a Selenium version that supports CDP version 131
]]></system-err>
  </testcase>
  <testcase name="runScenario[&quot;Verify warning message when user navigate to DS details page without signIn&quot;, &quot;DS Introduction Page&quot;](24)" classname="TestRunners.TestRunner" time="1.752">
    <system-out><![CDATA[
Scenario: Clicking on get started for data structers lands on Data Structers details page &amp#27;[90m# src/test/resources/Features/DSIntroductionPage.feature:21&amp#27;[0m
  &amp#27;[32mGiven &amp#27;[0m&amp#27;[32mThe user should open the DS Algo Portal URL in any supported browser&amp#27;[0m &amp#27;[90m# StepDefinitions.DSIntroductionDetails.the_user_should_open_the_ds_algo_portal_url_in_any_supported_browser()&amp#27;[0m
  &amp#27;[32mGiven &amp#27;[0m&amp#27;[32mThe user is on the DS Introduction page&amp#27;[0m                                               &amp#27;[90m# StepDefinitions.DSIntroductionDetails.the_user_is_on_the_ds_introduction_page()&amp#27;[0m
  &amp#27;[32mWhen &amp#27;[0m&amp#27;[32mThe user clicks any Get Started buttons of data structures on the DS Introduction page&amp#27;[0m &amp#27;[90m# StepDefinitions.DSIntroductionDetails.the_user_clicks_any_get_started_buttons_of_data_structures_on_the_ds_introduction_page()&amp#27;[0m
  &amp#27;[32mThen &amp#27;[0m&amp#27;[32mThe user should able to see an warning message You are not logged in&amp#27;[0m                   &amp#27;[90m# StepDefinitions.DSIntroductionDetails.the_user_should_able_to_see_an_warning_message_you_are_not_logged_in()&amp#27;[0m
[INFO ] 2024-12-09 21:56:57.703 [TestNG-PoolService-2] Hooks - ======================  Test Execution is completed!! ======================
[INFO ] 2024-12-09 21:56:57.718 [TestNG-PoolService-1] Hooks - ======================  New Test Execution is STARTED!! ======================
]]></system-out>
    <system-err><![CDATA[Dec 09, 2024 9:56:57 PM org.openqa.selenium.devtools.CdpVersionFinder findNearestMatch
WARNING: Unable to find an exact match for CDP version 131, returning the closest version; found: 130; Please update to a Selenium version that supports CDP version 131
]]></system-err>
  </testcase>
  <testcase name="runScenario[&quot;Verify warning message when user navigate to DS details page without signIn&quot;, &quot;DS Introduction Page&quot;](24)" classname="TestRunners.TestRunner" time="2.61">
    <system-out><![CDATA[
Scenario: Clicking on get started for data structers lands on Data Structers details page &amp#27;[90m# src/test/resources/Features/DSIntroductionPage.feature:21&amp#27;[0m
  &amp#27;[32mGiven &amp#27;[0m&amp#27;[32mThe user is on the DS Introduction page&amp#27;[0m                                               &amp#27;[90m# StepDefinitions.DSIntroductionDetails.the_user_is_on_the_ds_introduction_page()&amp#27;[0m
  &amp#27;[32mWhen &amp#27;[0m&amp#27;[32mThe user clicks any Get Started buttons of data structures on the DS Introduction page&amp#27;[0m &amp#27;[90m# StepDefinitions.DSIntroductionDetails.the_user_clicks_any_get_started_buttons_of_data_structures_on_the_ds_introduction_page()&amp#27;[0m
  &amp#27;[32mThen &amp#27;[0m&amp#27;[32mThe user should able to see an warning message You are not logged in&amp#27;[0m                   &amp#27;[90m# StepDefinitions.DSIntroductionDetails.the_user_should_able_to_see_an_warning_message_you_are_not_logged_in()&amp#27;[0m
[INFO ] 2024-12-09 22:20:13.982 [TestNG-PoolService-3] Hooks - ======================  Test Execution is completed!! ======================
[INFO ] 2024-12-09 22:20:15.032 [TestNG-PoolService-1] Hooks - ======================  New Test Execution is STARTED!! ======================
]]></system-out>
    <system-err><![CDATA[Dec 09, 2024 10:20:14 PM org.openqa.selenium.devtools.CdpVersionFinder findNearestMatch
WARNING: Unable to find an exact match for CDP version 131, returning the closest version; found: 130; Please update to a Selenium version that supports CDP version 131
]]></system-err>
  </testcase>
  <testcase name="runScenario[&quot;Validate user lands on register page when clicked on register&quot;, &quot;DS Introduction Page&quot;](25)" classname="TestRunners.TestRunner" time="0.884">
    <system-out><![CDATA[
Scenario: Clicking on time complexity navigate to the page       &amp#27;[90m# src/test/resources/Features/DSIntroductionPage.feature:27&amp#27;[0m
  &amp#27;[32mGiven &amp#27;[0m&amp#27;[32mThe user is on the DS Introduction page&amp#27;[0m                              &amp#27;[90m# StepDefinitions.DSIntroductionDetails.the_user_is_on_the_ds_introduction_page()&amp#27;[0m
  &amp#27;[32mWhen &amp#27;[0m&amp#27;[32mThe user clicks Register link on the DS Introduction page&amp#27;[0m             &amp#27;[90m# StepDefinitions.DSIntroductionDetails.the_user_clicks_register_link_on_the_ds_introduction_page()&amp#27;[0m
  &amp#27;[32mThen &amp#27;[0m&amp#27;[32mThe user should navigate to register page&amp#27;[0m                             &amp#27;[90m# StepDefinitions.DSIntroductionDetails.the_user_should_navigate_to_register_page()&amp#27;[0m
[INFO ] 2024-12-09 21:56:58.604 [TestNG-PoolService-3] Hooks - ======================  Test Execution is completed!! ======================
]]></system-out>
  </testcase>
  <testcase name="runScenario[&quot;Validate user lands on register page when clicked on register&quot;, &quot;DS Introduction Page&quot;](25)" classname="TestRunners.TestRunner" time="8.521">
    <system-out><![CDATA[
Scenario: Clicking on time complexity navigate to the page       &amp#27;[90m# src/test/resources/Features/DSIntroductionPage.feature:27&amp#27;[0m
[INFO ] 2024-12-09 22:06:08.558 [TestNG-PoolService-2] Hooks - ======================  New Test Execution is STARTED!! ======================
  &amp#27;[32mGiven &amp#27;[0m&amp#27;[32mThe user should open the DS Algo Portal URL in any supported browser&amp#27;[0m &amp#27;[90m# StepDefinitions.DSIntroductionDetails.the_user_should_open_the_ds_algo_portal_url_in_any_supported_browser()&amp#27;[0m
[INFO ] 2024-12-09 22:06:09.954 [TestNG-PoolService-1] Hooks - ======================  New Test Execution is STARTED!! ======================
  &amp#27;[32mGiven &amp#27;[0m&amp#27;[32mThe user is on the DS Introduction page&amp#27;[0m                              &amp#27;[90m# StepDefinitions.DSIntroductionDetails.the_user_is_on_the_ds_introduction_page()&amp#27;[0m
[INFO ] 2024-12-09 22:06:10.743 [TestNG-PoolService-3] Hooks - ======================  New Test Execution is STARTED!! ======================
  &amp#27;[32mWhen &amp#27;[0m&amp#27;[32mThe user clicks Register link on the DS Introduction page&amp#27;[0m             &amp#27;[90m# StepDefinitions.DSIntroductionDetails.the_user_clicks_register_link_on_the_ds_introduction_page()&amp#27;[0m
  &amp#27;[32mThen &amp#27;[0m&amp#27;[32mThe user should navigate to register page&amp#27;[0m                             &amp#27;[90m# StepDefinitions.DSIntroductionDetails.the_user_should_navigate_to_register_page()&amp#27;[0m
[INFO ] 2024-12-09 22:06:10.879 [TestNG-PoolService-2] Hooks - ======================  Test Execution is completed!! ======================
  &amp#27;[32mGiven &amp#27;[0m&amp#27;[32mThe user is on the DS Introduction page as signedIn&amp#27;[0m                               &amp#27;[90m# StepDefinitions.DSIntroductionDetails.the_user_is_on_the_ds_introduction_page_as_signed_in()&amp#27;[0m
  &amp#27;[32mWhen &amp#27;[0m&amp#27;[32mThe user clicks the Get Started button of DS Introduction&amp#27;[0m                          &amp#27;[90m# StepDefinitions.DSIntroductionDetails.the_user_clicks_the_get_started_button_of_ds_introduction()&amp#27;[0m
]]></system-out>
  </testcase>
  <testcase name="runScenario[&quot;Validate user lands on register page when clicked on register&quot;, &quot;DS Introduction Page&quot;](25)" classname="TestRunners.TestRunner" time="4.648">
    <system-out><![CDATA[
Scenario: Clicking on time complexity navigate to the page       &amp#27;[90m# src/test/resources/Features/DSIntroductionPage.feature:27&amp#27;[0m
[INFO ] 2024-12-09 22:20:15.784 [TestNG-PoolService-2] Hooks - ======================  New Test Execution is STARTED!! ======================
  &amp#27;[32mGiven &amp#27;[0m&amp#27;[32mThe user should open the DS Algo Portal URL in any supported browser&amp#27;[0m &amp#27;[90m# StepDefinitions.DSIntroductionDetails.the_user_should_open_the_ds_algo_portal_url_in_any_supported_browser()&amp#27;[0m
[INFO ] 2024-12-09 22:20:17.253 [TestNG-PoolService-3] Hooks - ======================  New Test Execution is STARTED!! ======================
  &amp#27;[32mGiven &amp#27;[0m&amp#27;[32mThe user is on the DS Introduction page&amp#27;[0m                              &amp#27;[90m# StepDefinitions.DSIntroductionDetails.the_user_is_on_the_ds_introduction_page()&amp#27;[0m
  &amp#27;[32mGiven &amp#27;[0m&amp#27;[32mThe user is on the DS Introduction page as signedIn&amp#27;[0m                               &amp#27;[90m# StepDefinitions.DSIntroductionDetails.the_user_is_on_the_ds_introduction_page_as_signed_in()&amp#27;[0m
  &amp#27;[32mWhen &amp#27;[0m&amp#27;[32mThe user clicks Register link on the DS Introduction page&amp#27;[0m             &amp#27;[90m# StepDefinitions.DSIntroductionDetails.the_user_clicks_register_link_on_the_ds_introduction_page()&amp#27;[0m
  &amp#27;[32mThen &amp#27;[0m&amp#27;[32mThe user should navigate to register page&amp#27;[0m                             &amp#27;[90m# StepDefinitions.DSIntroductionDetails.the_user_should_navigate_to_register_page()&amp#27;[0m
[INFO ] 2024-12-09 22:20:18.480 [TestNG-PoolService-1] Hooks - ======================  Test Execution is completed!! ======================
  &amp#27;[32mWhen &amp#27;[0m&amp#27;[32mThe user clicks the Get Started button of DS Introduction&amp#27;[0m                          &amp#27;[90m# StepDefinitions.DSIntroductionDetails.the_user_clicks_the_get_started_button_of_ds_introduction()&amp#27;[0m
  &amp#27;[32mThen &amp#27;[0m&amp#27;[32mThe user should navigate to DS Intoduction details page&amp#27;[0m                            &amp#27;[90m# StepDefinitions.DSIntroductionDetails.the_user_should_navigate_to_ds_intoduction_details_page()&amp#27;[0m
  &amp#27;[32mAnd &amp#27;[0m&amp#27;[32mUser should see the timeComplexity link&amp#27;[0m                                             &amp#27;[90m# StepDefinitions.DSIntroductionDetails.user_should_see_the_time_complexity_link()&amp#27;[0m
[INFO ] 2024-12-09 22:20:18.773 [TestNG-PoolService-2] Hooks - ======================  Test Execution is completed!! ======================
]]></system-out>
    <system-err><![CDATA[Dec 09, 2024 10:20:15 PM org.openqa.selenium.devtools.CdpVersionFinder findNearestMatch
WARNING: Unable to find an exact match for CDP version 131, returning the closest version; found: 130; Please update to a Selenium version that supports CDP version 131
Dec 09, 2024 10:20:17 PM org.openqa.selenium.devtools.CdpVersionFinder findNearestMatch
WARNING: Unable to find an exact match for CDP version 131, returning the closest version; found: 130; Please update to a Selenium version that supports CDP version 131
]]></system-err>
  </testcase>
  <testcase name="runScenario[&quot;Clicking on get started for data structers lands on Data Structers details page&quot;, &quot;DS Introduction Page&quot;](26)" classname="TestRunners.TestRunner" time="5.299">
    <system-out><![CDATA[
Scenario: Clicking on Try Here on time complexity opens python editor &amp#27;[90m# src/test/resources/Features/DSIntroductionPage.feature:34&amp#27;[0m
[INFO ] 2024-12-09 21:56:59.652 [TestNG-PoolService-2] Hooks - ======================  New Test Execution is STARTED!! ======================
  &amp#27;[32mGiven &amp#27;[0m&amp#27;[32mThe user is on the DS Introduction page as signedIn&amp#27;[0m                               &amp#27;[90m# StepDefinitions.DSIntroductionDetails.the_user_is_on_the_ds_introduction_page_as_signed_in()&amp#27;[0m
  &amp#27;[32mWhen &amp#27;[0m&amp#27;[32mThe user clicks the Get Started button of DS Introduction&amp#27;[0m                          &amp#27;[90m# StepDefinitions.DSIntroductionDetails.the_user_clicks_the_get_started_button_of_ds_introduction()&amp#27;[0m
  &amp#27;[32mThen &amp#27;[0m&amp#27;[32mThe user should navigate to DS Intoduction details page&amp#27;[0m                            &amp#27;[90m# StepDefinitions.DSIntroductionDetails.the_user_should_navigate_to_ds_intoduction_details_page()&amp#27;[0m
  &amp#27;[32mAnd &amp#27;[0m&amp#27;[32mUser should see the timeComplexity link&amp#27;[0m                                             &amp#27;[90m# StepDefinitions.DSIntroductionDetails.user_should_see_the_time_complexity_link()&amp#27;[0m
[INFO ] 2024-12-09 21:57:01.288 [TestNG-PoolService-1] Hooks - ======================  Test Execution is completed!! ======================
]]></system-out>
    <system-err><![CDATA[Dec 09, 2024 9:56:59 PM org.openqa.selenium.devtools.CdpVersionFinder findNearestMatch
WARNING: Unable to find an exact match for CDP version 131, returning the closest version; found: 130; Please update to a Selenium version that supports CDP version 131
]]></system-err>
  </testcase>
  <testcase name="runScenario[&quot;Clicking on get started for data structers lands on Data Structers details page&quot;, &quot;DS Introduction Page&quot;](26)" classname="TestRunners.TestRunner" time="1.571">
    <system-out><![CDATA[
Scenario: Clicking on Try Here on time complexity opens python editor &amp#27;[90m# src/test/resources/Features/DSIntroductionPage.feature:34&amp#27;[0m
  &amp#27;[32mThen &amp#27;[0m&amp#27;[32mThe user should navigate to DS Intoduction details page&amp#27;[0m                            &amp#27;[90m# StepDefinitions.DSIntroductionDetails.the_user_should_navigate_to_ds_intoduction_details_page()&amp#27;[0m
  &amp#27;[32mAnd &amp#27;[0m&amp#27;[32mUser should see the timeComplexity link&amp#27;[0m                                             &amp#27;[90m# StepDefinitions.DSIntroductionDetails.user_should_see_the_time_complexity_link()&amp#27;[0m
[INFO ] 2024-12-09 22:06:13.126 [TestNG-PoolService-1] Hooks - ======================  Test Execution is completed!! ======================
  &amp#27;[32mGiven &amp#27;[0m&amp#27;[32mThe user is on the DS Introduction page as signedIn&amp#27;[0m      &amp#27;[90m# StepDefinitions.DSIntroductionDetails.the_user_is_on_the_ds_introduction_page_as_signed_in()&amp#27;[0m
  &amp#27;[32mWhen &amp#27;[0m&amp#27;[32mThe user clicks the Get Started button of DS Introduction&amp#27;[0m &amp#27;[90m# StepDefinitions.DSIntroductionDetails.the_user_clicks_the_get_started_button_of_ds_introduction()&amp#27;[0m
  &amp#27;[32mAnd &amp#27;[0m&amp#27;[32mThe user clicks the Time Complexity button&amp#27;[0m                 &amp#27;[90m# StepDefinitions.DSIntroductionDetails.the_user_clicks_the_time_complexity_button()&amp#27;[0m
  &amp#27;[32mThen &amp#27;[0m&amp#27;[32mUser should navigate to Time Complexity page&amp#27;[0m              &amp#27;[90m# StepDefinitions.DSIntroductionDetails.user_should_navigate_to_time_complexity_page()&amp#27;[0m
  &amp#27;[32mAnd &amp#27;[0m&amp#27;[32mUser should see Practice Question link and try here&amp#27;[0m        &amp#27;[90m# StepDefinitions.DSIntroductionDetails.user_should_see_practice_question_link_and_try_here()&amp#27;[0m
[INFO ] 2024-12-09 22:06:13.779 [TestNG-PoolService-3] Hooks - ======================  Test Execution is completed!! ======================
]]></system-out>
  </testcase>
  <testcase name="runScenario[&quot;Clicking on get started for data structers lands on Data Structers details page&quot;, &quot;DS Introduction Page&quot;](26)" classname="TestRunners.TestRunner" time="0.231">
    <system-out><![CDATA[
Scenario: Clicking on Try Here on time complexity opens python editor &amp#27;[90m# src/test/resources/Features/DSIntroductionPage.feature:34&amp#27;[0m
  &amp#27;[32mGiven &amp#27;[0m&amp#27;[32mThe user is on the DS Introduction page as signedIn&amp#27;[0m      &amp#27;[90m# StepDefinitions.DSIntroductionDetails.the_user_is_on_the_ds_introduction_page_as_signed_in()&amp#27;[0m
]]></system-out>
  </testcase>
  <testcase name="runScenario[&quot;Clicking on time complexity navigate to the page&quot;, &quot;DS Introduction Page&quot;](27)" classname="TestRunners.TestRunner" time="3.801">
    <system-out><![CDATA[
Scenario: Error message displayed for invalid code on try editor for Time Complexity &amp#27;[90m# src/test/resources/Features/DSIntroductionPage.feature:41&amp#27;[0m
[INFO ] 2024-12-09 21:57:04.884 [TestNG-PoolService-3] Hooks - ======================  New Test Execution is STARTED!! ======================
[INFO ] 2024-12-09 21:57:06.024 [TestNG-PoolService-1] Hooks - ======================  New Test Execution is STARTED!! ======================
  &amp#27;[32mGiven &amp#27;[0m&amp#27;[32mThe user is on the DS Introduction page as signedIn&amp#27;[0m      &amp#27;[90m# StepDefinitions.DSIntroductionDetails.the_user_is_on_the_ds_introduction_page_as_signed_in()&amp#27;[0m
  &amp#27;[32mWhen &amp#27;[0m&amp#27;[32mThe user clicks the Get Started button of DS Introduction&amp#27;[0m &amp#27;[90m# StepDefinitions.DSIntroductionDetails.the_user_clicks_the_get_started_button_of_ds_introduction()&amp#27;[0m
  &amp#27;[32mAnd &amp#27;[0m&amp#27;[32mThe user clicks the Time Complexity button&amp#27;[0m                 &amp#27;[90m# StepDefinitions.DSIntroductionDetails.the_user_clicks_the_time_complexity_button()&amp#27;[0m
  &amp#27;[32mThen &amp#27;[0m&amp#27;[32mUser should navigate to Time Complexity page&amp#27;[0m              &amp#27;[90m# StepDefinitions.DSIntroductionDetails.user_should_navigate_to_time_complexity_page()&amp#27;[0m
  &amp#27;[32mAnd &amp#27;[0m&amp#27;[32mUser should see Practice Question link and try here&amp#27;[0m        &amp#27;[90m# StepDefinitions.DSIntroductionDetails.user_should_see_practice_question_link_and_try_here()&amp#27;[0m
[INFO ] 2024-12-09 21:57:07.671 [TestNG-PoolService-2] Hooks - ======================  Test Execution is completed!! ======================
]]></system-out>
    <system-err><![CDATA[Dec 09, 2024 9:57:04 PM org.openqa.selenium.devtools.CdpVersionFinder findNearestMatch
WARNING: Unable to find an exact match for CDP version 131, returning the closest version; found: 130; Please update to a Selenium version that supports CDP version 131
Dec 09, 2024 9:57:05 PM org.openqa.selenium.devtools.CdpVersionFinder findNearestMatch
WARNING: Unable to find an exact match for CDP version 131, returning the closest version; found: 130; Please update to a Selenium version that supports CDP version 131
]]></system-err>
  </testcase>
  <testcase name="runScenario[&quot;Clicking on time complexity navigate to the page&quot;, &quot;DS Introduction Page&quot;](27)" classname="TestRunners.TestRunner" time="0.408">
    <system-out><![CDATA[
Scenario: Error message displayed for invalid code on try editor for Time Complexity &amp#27;[90m# src/test/resources/Features/DSIntroductionPage.feature:41&amp#27;[0m
]]></system-out>
  </testcase>
  <testcase name="runScenario[&quot;Clicking on time complexity navigate to the page&quot;, &quot;DS Introduction Page&quot;](27)" classname="TestRunners.TestRunner" time="2.286">
    <system-out><![CDATA[
Scenario: Error message displayed for invalid code on try editor for Time Complexity &amp#27;[90m# src/test/resources/Features/DSIntroductionPage.feature:41&amp#27;[0m
  &amp#27;[32mWhen &amp#27;[0m&amp#27;[32mThe user clicks the Get Started button of DS Introduction&amp#27;[0m &amp#27;[90m# StepDefinitions.DSIntroductionDetails.the_user_clicks_the_get_started_button_of_ds_introduction()&amp#27;[0m
  &amp#27;[32mAnd &amp#27;[0m&amp#27;[32mThe user clicks the Time Complexity button&amp#27;[0m                 &amp#27;[90m# StepDefinitions.DSIntroductionDetails.the_user_clicks_the_time_complexity_button()&amp#27;[0m
  &amp#27;[32mThen &amp#27;[0m&amp#27;[32mUser should navigate to Time Complexity page&amp#27;[0m              &amp#27;[90m# StepDefinitions.DSIntroductionDetails.user_should_navigate_to_time_complexity_page()&amp#27;[0m
  &amp#27;[32mAnd &amp#27;[0m&amp#27;[32mUser should see Practice Question link and try here&amp#27;[0m        &amp#27;[90m# StepDefinitions.DSIntroductionDetails.user_should_see_practice_question_link_and_try_here()&amp#27;[0m
[INFO ] 2024-12-09 22:20:21.012 [TestNG-PoolService-3] Hooks - ======================  Test Execution is completed!! ======================
]]></system-out>
  </testcase>
  <testcase name="runScenario[&quot;Clicking on Try Here on time complexity opens python editor&quot;, &quot;DS Introduction Page&quot;](28)" classname="TestRunners.TestRunner" time="4.176">
    <system-out><![CDATA[
Scenario: No error message displayed for empty code on try editor for Time Complexity &amp#27;[90m# src/test/resources/Features/DSIntroductionPage.feature:51&amp#27;[0m
  &amp#27;[32mGiven &amp#27;[0m&amp#27;[32mThe user is on the DS Introduction page as signedIn&amp#27;[0m           &amp#27;[90m# StepDefinitions.DSIntroductionDetails.the_user_is_on_the_ds_introduction_page_as_signed_in()&amp#27;[0m
[INFO ] 2024-12-09 21:57:09.357 [TestNG-PoolService-2] Hooks - ======================  New Test Execution is STARTED!! ======================
  &amp#27;[32mWhen &amp#27;[0m&amp#27;[32mThe user clicks the Get Started button of DS Introduction&amp#27;[0m      &amp#27;[90m# StepDefinitions.DSIntroductionDetails.the_user_clicks_the_get_started_button_of_ds_introduction()&amp#27;[0m
  &amp#27;[32mAnd &amp#27;[0m&amp#27;[32mThe user clicks the Time Complexity button&amp#27;[0m                      &amp#27;[90m# StepDefinitions.DSIntroductionDetails.the_user_clicks_the_time_complexity_button()&amp#27;[0m
  &amp#27;[32mGiven &amp#27;[0m&amp#27;[32mThe user is on the DS Introduction page as signedIn&amp#27;[0m                          &amp#27;[90m# StepDefinitions.DSIntroductionDetails.the_user_is_on_the_ds_introduction_page_as_signed_in()&amp#27;[0m
  &amp#27;[32mAnd &amp#27;[0m&amp#27;[32mThe user clicks the Get Started button of DS Introduction&amp#27;[0m                      &amp#27;[90m# StepDefinitions.DSIntroductionDetails.the_user_clicks_the_get_started_button_of_ds_introduction()&amp#27;[0m
  &amp#27;[32mAnd &amp#27;[0m&amp#27;[32mThe user clicks the Time Complexity button&amp#27;[0m                                     &amp#27;[90m# StepDefinitions.DSIntroductionDetails.the_user_clicks_the_time_complexity_button()&amp#27;[0m
  &amp#27;[32mAnd &amp#27;[0m&amp#27;[32mUser clicks Try here link&amp#27;[0m                                       &amp#27;[90m# StepDefinitions.DSIntroductionDetails.user_clicks_try_here_link()&amp#27;[0m
  &amp#27;[32mThen &amp#27;[0m&amp#27;[32mUser should navigate to tryEditor page&amp#27;[0m                         &amp#27;[90m# StepDefinitions.DSIntroductionDetails.user_should_navigate_to_try_editor_page()&amp#27;[0m
[INFO ] 2024-12-09 21:57:11.331 [TestNG-PoolService-3] Hooks - ======================  Test Execution is completed!! ======================
]]></system-out>
    <system-err><![CDATA[Dec 09, 2024 9:57:09 PM org.openqa.selenium.devtools.CdpVersionFinder findNearestMatch
WARNING: Unable to find an exact match for CDP version 131, returning the closest version; found: 130; Please update to a Selenium version that supports CDP version 131
]]></system-err>
  </testcase>
  <testcase name="runScenario[&quot;Clicking on Try Here on time complexity opens python editor&quot;, &quot;DS Introduction Page&quot;](28)" classname="TestRunners.TestRunner" time="10.164">
    <system-out><![CDATA[
Scenario: No error message displayed for empty code on try editor for Time Complexity &amp#27;[90m# src/test/resources/Features/DSIntroductionPage.feature:51&amp#27;[0m
[INFO ] 2024-12-09 22:06:17.996 [TestNG-PoolService-2] Hooks - ======================  New Test Execution is STARTED!! ======================
[INFO ] 2024-12-09 22:06:20.580 [TestNG-PoolService-3] Hooks - ======================  New Test Execution is STARTED!! ======================
[INFO ] 2024-12-09 22:06:20.668 [TestNG-PoolService-1] Hooks - ======================  New Test Execution is STARTED!! ======================
  &amp#27;[32mGiven &amp#27;[0m&amp#27;[32mThe user is on the DS Introduction page as signedIn&amp#27;[0m           &amp#27;[90m# StepDefinitions.DSIntroductionDetails.the_user_is_on_the_ds_introduction_page_as_signed_in()&amp#27;[0m
  &amp#27;[32mWhen &amp#27;[0m&amp#27;[32mThe user clicks the Get Started button of DS Introduction&amp#27;[0m      &amp#27;[90m# StepDefinitions.DSIntroductionDetails.the_user_clicks_the_get_started_button_of_ds_introduction()&amp#27;[0m
  &amp#27;[32mAnd &amp#27;[0m&amp#27;[32mThe user clicks the Time Complexity button&amp#27;[0m                      &amp#27;[90m# StepDefinitions.DSIntroductionDetails.the_user_clicks_the_time_complexity_button()&amp#27;[0m
  &amp#27;[32mGiven &amp#27;[0m&amp#27;[32mThe user is on the DS Introduction page as signedIn&amp#27;[0m                           &amp#27;[90m# StepDefinitions.DSIntroductionDetails.the_user_is_on_the_ds_introduction_page_as_signed_in()&amp#27;[0m
  &amp#27;[32mAnd &amp#27;[0m&amp#27;[32mUser clicks Try here link&amp#27;[0m                                       &amp#27;[90m# StepDefinitions.DSIntroductionDetails.user_clicks_try_here_link()&amp#27;[0m
  &amp#27;[32mThen &amp#27;[0m&amp#27;[32mUser should navigate to tryEditor page&amp#27;[0m                         &amp#27;[90m# StepDefinitions.DSIntroductionDetails.user_should_navigate_to_try_editor_page()&amp#27;[0m
[INFO ] 2024-12-09 22:06:23.130 [TestNG-PoolService-2] Hooks - ======================  Test Execution is completed!! ======================
  &amp#27;[32mAnd &amp#27;[0m&amp#27;[32mThe user clicks the Get Started button of DS Introduction&amp#27;[0m                       &amp#27;[90m# StepDefinitions.DSIntroductionDetails.the_user_clicks_the_get_started_button_of_ds_introduction()&amp#27;[0m
  &amp#27;[32mGiven &amp#27;[0m&amp#27;[32mThe user is on the DS Introduction page as signedIn&amp#27;[0m                          &amp#27;[90m# StepDefinitions.DSIntroductionDetails.the_user_is_on_the_ds_introduction_page_as_signed_in()&amp#27;[0m
  &amp#27;[32mAnd &amp#27;[0m&amp#27;[32mThe user clicks the Time Complexity button&amp#27;[0m                                      &amp#27;[90m# StepDefinitions.DSIntroductionDetails.the_user_clicks_the_time_complexity_button()&amp#27;[0m
  &amp#27;[32mAnd &amp#27;[0m&amp#27;[32mThe user clicks the Get Started button of DS Introduction&amp#27;[0m                      &amp#27;[90m# StepDefinitions.DSIntroductionDetails.the_user_clicks_the_get_started_button_of_ds_introduction()&amp#27;[0m
  &amp#27;[32mAnd &amp#27;[0m&amp#27;[32mThe user clicks the Time Complexity button&amp#27;[0m                                     &amp#27;[90m# StepDefinitions.DSIntroductionDetails.the_user_clicks_the_time_complexity_button()&amp#27;[0m
  &amp#27;[32mAnd &amp#27;[0m&amp#27;[32mUser clicks Try here link&amp#27;[0m                                                       &amp#27;[90m# StepDefinitions.DSIntroductionDetails.user_clicks_try_here_link()&amp#27;[0m
  &amp#27;[32mAnd &amp#27;[0m&amp#27;[32mUser is on Try Here page for time complexity&amp#27;[0m                                    &amp#27;[90m# StepDefinitions.DSIntroductionDetails.user_is_on_try_here_page_for_time_complexity()&amp#27;[0m
  &amp#27;[32mWhen &amp#27;[0m&amp#27;[32mClick the Run button&amp#27;[0m                                                           &amp#27;[90m# StepDefinitions.DSIntroductionDetails.click_the_run_button()&amp#27;[0m
  &amp#27;[32mThen &amp#27;[0m&amp#27;[32mThe user should not see any error message or alert&amp#27;[0m                             &amp#27;[90m# StepDefinitions.DSIntroductionDetails.the_user_should_not_see_any_error_message_or_alert()&amp#27;[0m
[INFO ] 2024-12-09 22:06:25.067 [TestNG-PoolService-3] Hooks - ======================  Test Execution is completed!! ======================
]]></system-out>
  </testcase>
  <testcase name="runScenario[&quot;Clicking on Try Here on time complexity opens python editor&quot;, &quot;DS Introduction Page&quot;](28)" classname="TestRunners.TestRunner" time="7.512">
    <system-out><![CDATA[
Scenario: No error message displayed for empty code on try editor for Time Complexity &amp#27;[90m# src/test/resources/Features/DSIntroductionPage.feature:51&amp#27;[0m
[INFO ] 2024-12-09 22:20:22.833 [TestNG-PoolService-1] Hooks - ======================  New Test Execution is STARTED!! ======================
[INFO ] 2024-12-09 22:20:23.114 [TestNG-PoolService-2] Hooks - ======================  New Test Execution is STARTED!! ======================
[INFO ] 2024-12-09 22:20:24.640 [TestNG-PoolService-3] Hooks - ======================  New Test Execution is STARTED!! ======================
  &amp#27;[32mGiven &amp#27;[0m&amp#27;[32mThe user is on the DS Introduction page as signedIn&amp#27;[0m           &amp#27;[90m# StepDefinitions.DSIntroductionDetails.the_user_is_on_the_ds_introduction_page_as_signed_in()&amp#27;[0m
  &amp#27;[32mGiven &amp#27;[0m&amp#27;[32mThe user is on the DS Introduction page as signedIn&amp#27;[0m                          &amp#27;[90m# StepDefinitions.DSIntroductionDetails.the_user_is_on_the_ds_introduction_page_as_signed_in()&amp#27;[0m
  &amp#27;[32mWhen &amp#27;[0m&amp#27;[32mThe user clicks the Get Started button of DS Introduction&amp#27;[0m      &amp#27;[90m# StepDefinitions.DSIntroductionDetails.the_user_clicks_the_get_started_button_of_ds_introduction()&amp#27;[0m
  &amp#27;[32mAnd &amp#27;[0m&amp#27;[32mThe user clicks the Get Started button of DS Introduction&amp#27;[0m                      &amp#27;[90m# StepDefinitions.DSIntroductionDetails.the_user_clicks_the_get_started_button_of_ds_introduction()&amp#27;[0m
  &amp#27;[32mAnd &amp#27;[0m&amp#27;[32mThe user clicks the Time Complexity button&amp#27;[0m                                     &amp#27;[90m# StepDefinitions.DSIntroductionDetails.the_user_clicks_the_time_complexity_button()&amp#27;[0m
  &amp#27;[32mAnd &amp#27;[0m&amp#27;[32mThe user clicks the Time Complexity button&amp#27;[0m                      &amp#27;[90m# StepDefinitions.DSIntroductionDetails.the_user_clicks_the_time_complexity_button()&amp#27;[0m
  &amp#27;[32mGiven &amp#27;[0m&amp#27;[32mThe user is on the DS Introduction page as signedIn&amp#27;[0m                           &amp#27;[90m# StepDefinitions.DSIntroductionDetails.the_user_is_on_the_ds_introduction_page_as_signed_in()&amp#27;[0m
  &amp#27;[32mAnd &amp#27;[0m&amp#27;[32mUser clicks Try here link&amp#27;[0m                                                      &amp#27;[90m# StepDefinitions.DSIntroductionDetails.user_clicks_try_here_link()&amp#27;[0m
  &amp#27;[32mAnd &amp#27;[0m&amp#27;[32mUser is on Try Here page for time complexity&amp#27;[0m                                   &amp#27;[90m# StepDefinitions.DSIntroductionDetails.user_is_on_try_here_page_for_time_complexity()&amp#27;[0m
  &amp#27;[32mAnd &amp#27;[0m&amp#27;[32mUser clicks Try here link&amp#27;[0m                                       &amp#27;[90m# StepDefinitions.DSIntroductionDetails.user_clicks_try_here_link()&amp#27;[0m
  &amp#27;[31mWhen &amp#27;[0m&amp#27;[31mThe user write the invalid code in Editor&amp#27;[0m                                     &amp#27;[90m# StepDefinitions.DSIntroductionDetails.the_user_write_the_invalid_code_in_editor()&amp#27;[0m
      &amp#27;[31morg.openqa.selenium.ElementNotInteractableException: element not interactable
  (Session info: MicrosoftEdge=131.0.2903.86)
Build info: version: '4.26.0', revision: '8ccf0219d7'
System info: os.name: 'Windows 11', os.arch: 'amd64', os.version: '10.0', java.version: '21.0.5'
Driver info: org.openqa.selenium.edge.EdgeDriver
Command: [e601f16480a884beeadab416e5f890df, sendKeysToElement {value=[Ljava.lang.CharSequence;@63e36592, id=f.0D1107497B2B51C43186CCC0428616AA.d.425FC052FE07AA13DA853B7292C985CF.e.44}]
Capabilities {acceptInsecureCerts: false, browserName: MicrosoftEdge, browserVersion: 131.0.2903.86, fedcm:accounts: true, ms:edgeOptions: {debuggerAddress: localhost:59886}, msedge: {msedgedriverVersion: 131.0.2903.86 (cf5bf303997c..., userDataDir: C:\Users\vamsh\AppData\Loca...}, networkConnectionEnabled: false, pageLoadStrategy: normal, platformName: windows, proxy: Proxy(), se:cdp: ws://localhost:59886/devtoo..., se:cdpVersion: 131.0.2903.86, setWindowRect: true, strictFileInteractability: false, timeouts: {implicit: 0, pageLoad: 300000, script: 30000}, unhandledPromptBehavior: dismiss and notify, webauthn:extension:credBlob: true, webauthn:extension:largeBlob: true, webauthn:extension:minPinLength: true, webauthn:extension:prf: true, webauthn:virtualAuthenticators: true}
Element: [[EdgeDriver: MicrosoftEdge on windows (e601f16480a884beeadab416e5f890df)] -> css selector: .CodeMirror textarea]
Session ID: e601f16480a884beeadab416e5f890df
	at java.base/jdk.internal.reflect.DirectConstructorHandleAccessor.newInstance(DirectConstructorHandleAccessor.java:62)
	at java.base/java.lang.reflect.Constructor.newInstanceWithCaller(Constructor.java:502)
	at java.base/java.lang.reflect.Constructor.newInstance(Constructor.java:486)
	at org.openqa.selenium.remote.ErrorCodec.decode(ErrorCodec.java:167)
	at org.openqa.selenium.remote.codec.w3c.W3CHttpResponseCodec.decode(W3CHttpResponseCodec.java:138)
	at org.openqa.selenium.remote.codec.w3c.W3CHttpResponseCodec.decode(W3CHttpResponseCodec.java:50)
	at org.openqa.selenium.remote.HttpCommandExecutor.execute(HttpCommandExecutor.java:190)
	at org.openqa.selenium.remote.service.DriverCommandExecutor.invokeExecute(DriverCommandExecutor.java:216)
	at org.openqa.selenium.remote.service.DriverCommandExecutor.execute(DriverCommandExecutor.java:174)
	at org.openqa.selenium.remote.RemoteWebDriver.execute(RemoteWebDriver.java:545)
	at org.openqa.selenium.remote.RemoteWebElement.execute(RemoteWebElement.java:223)
	at org.openqa.selenium.remote.RemoteWebElement.sendKeys(RemoteWebElement.java:110)
	at PageObjects.IntroductionPage.enterCodeInEditor(IntroductionPage.java:146)
	at StepDefinitions.DSIntroductionDetails.the_user_write_the_invalid_code_in_editor(DSIntroductionDetails.java:138)
	at ✽.The user write the invalid code in Editor(file:///C:/Projects/Repo1/src/test/resources/Features/DSIntroductionPage.feature:47)
&amp#27;[0m
  &amp#27;[36mAnd &amp#27;[0m&amp#27;[36mClick the Run button&amp#27;[0m                                                           &amp#27;[90m# StepDefinitions.DSIntroductionDetails.click_the_run_button()&amp#27;[0m
  &amp#27;[36mThen &amp#27;[0m&amp#27;[36mThe user should able to see an error message in alert window&amp#27;[0m                  &amp#27;[90m# StepDefinitions.DSIntroductionDetails.the_user_should_able_to_see_an_error_message_in_alert_window()&amp#27;[0m
  &amp#27;[32mThen &amp#27;[0m&amp#27;[32mUser should navigate to tryEditor page&amp#27;[0m                         &amp#27;[90m# StepDefinitions.DSIntroductionDetails.user_should_navigate_to_try_editor_page()&amp#27;[0m
[ERROR] 2024-12-09 22:20:28.510 [TestNG-PoolService-2] Hooks - ======================  TEST CASE FAILED !! ======================
[INFO ] 2024-12-09 22:20:28.512 [TestNG-PoolService-1] Hooks - ======================  Test Execution is completed!! ======================
  &amp#27;[32mAnd &amp#27;[0m&amp#27;[32mThe user clicks the Get Started button of DS Introduction&amp#27;[0m                       &amp#27;[90m# StepDefinitions.DSIntroductionDetails.the_user_clicks_the_get_started_button_of_ds_introduction()&amp#27;[0m

    Embedding screenshot [image/png 7890 bytes]

[INFO ] 2024-12-09 22:20:28.719 [TestNG-PoolService-2] Hooks - ======================  Screenshot is captured  ======================
[INFO ] 2024-12-09 22:20:28.721 [TestNG-PoolService-2] Hooks - ======================  Test Execution is completed!! ======================
  &amp#27;[32mAnd &amp#27;[0m&amp#27;[32mThe user clicks the Time Complexity button&amp#27;[0m                                      &amp#27;[90m# StepDefinitions.DSIntroductionDetails.the_user_clicks_the_time_complexity_button()&amp#27;[0m
  &amp#27;[32mAnd &amp#27;[0m&amp#27;[32mUser clicks Try here link&amp#27;[0m                                                       &amp#27;[90m# StepDefinitions.DSIntroductionDetails.user_clicks_try_here_link()&amp#27;[0m
  &amp#27;[32mAnd &amp#27;[0m&amp#27;[32mUser is on Try Here page for time complexity&amp#27;[0m                                    &amp#27;[90m# StepDefinitions.DSIntroductionDetails.user_is_on_try_here_page_for_time_complexity()&amp#27;[0m
  &amp#27;[32mWhen &amp#27;[0m&amp#27;[32mClick the Run button&amp#27;[0m                                                           &amp#27;[90m# StepDefinitions.DSIntroductionDetails.click_the_run_button()&amp#27;[0m
  &amp#27;[32mThen &amp#27;[0m&amp#27;[32mThe user should not see any error message or alert&amp#27;[0m                             &amp#27;[90m# StepDefinitions.DSIntroductionDetails.the_user_should_not_see_any_error_message_or_alert()&amp#27;[0m
[INFO ] 2024-12-09 22:20:29.799 [TestNG-PoolService-3] Hooks - ======================  Test Execution is completed!! ======================
]]></system-out>
    <system-err><![CDATA[Dec 09, 2024 10:20:22 PM org.openqa.selenium.devtools.CdpVersionFinder findNearestMatch
WARNING: Unable to find an exact match for CDP version 131, returning the closest version; found: 130; Please update to a Selenium version that supports CDP version 131
Dec 09, 2024 10:20:23 PM org.openqa.selenium.devtools.CdpVersionFinder findNearestMatch
WARNING: Unable to find an exact match for CDP version 131, returning the closest version; found: 130; Please update to a Selenium version that supports CDP version 131
Dec 09, 2024 10:20:24 PM org.openqa.selenium.devtools.CdpVersionFinder findNearestMatch
WARNING: Unable to find an exact match for CDP version 131, returning the closest version; found: 130; Please update to a Selenium version that supports CDP version 131
]]></system-err>
  </testcase>
  <testcase name="runScenario[&quot;Error message displayed for invalid code on try editor for Time Complexity&quot;, &quot;DS Introduction Page&quot;](29)" classname="TestRunners.TestRunner" time="1.671">
    <failure message="element not interactable&#10;  (Session info: chrome=131.0.6778.109)&#10;Build info: version: &apos;4.26.0&apos;, revision: &apos;8ccf0219d7&apos;&#10;System info: os.name: &apos;Windows 11&apos;, os.arch: &apos;amd64&apos;, os.version: &apos;10.0&apos;, java.version: &apos;21.0.5&apos;&#10;Driver info: org.openqa.selenium.chrome.ChromeDriver&#10;Command: [c690058b86e32c0e3a1cf0bde319ce76, sendKeysToElement {value=[Ljava.lang.CharSequence;@27929aa6, id=f.A4C0A55978B78ABCA13F7B278B55CC61.d.1E3F83B1A4B3FBF980E5060D499FFB53.e.59}]&#10;Capabilities {acceptInsecureCerts: false, browserName: chrome, browserVersion: 131.0.6778.109, chrome: {chromedriverVersion: 131.0.6778.87 (ce31cae94873..., userDataDir: C:\Users\vamsh\AppData\Loca...}, fedcm:accounts: true, goog:chromeOptions: {debuggerAddress: localhost:57105}, networkConnectionEnabled: false, pageLoadStrategy: normal, platformName: windows, proxy: Proxy(), se:cdp: ws://localhost:57105/devtoo..., se:cdpVersion: 131.0.6778.109, setWindowRect: true, strictFileInteractability: false, timeouts: {implicit: 0, pageLoad: 300000, script: 30000}, unhandledPromptBehavior: dismiss and notify, webauthn:extension:credBlob: true, webauthn:extension:largeBlob: true, webauthn:extension:minPinLength: true, webauthn:extension:prf: true, webauthn:virtualAuthenticators: true}&#10;Element: [[ChromeDriver: chrome on windows (c690058b86e32c0e3a1cf0bde319ce76)] -&gt; css selector: .CodeMirror textarea]&#10;Session ID: c690058b86e32c0e3a1cf0bde319ce76" type="org.openqa.selenium.ElementNotInteractableException"><![CDATA[org.openqa.selenium.ElementNotInteractableException: 
element not interactable
  (Session info: chrome=131.0.6778.109)
Build info: version: '4.26.0', revision: '8ccf0219d7'
System info: os.name: 'Windows 11', os.arch: 'amd64', os.version: '10.0', java.version: '21.0.5'
Driver info: org.openqa.selenium.chrome.ChromeDriver
Command: [c690058b86e32c0e3a1cf0bde319ce76, sendKeysToElement {value=[Ljava.lang.CharSequence;@27929aa6, id=f.A4C0A55978B78ABCA13F7B278B55CC61.d.1E3F83B1A4B3FBF980E5060D499FFB53.e.59}]
Capabilities {acceptInsecureCerts: false, browserName: chrome, browserVersion: 131.0.6778.109, chrome: {chromedriverVersion: 131.0.6778.87 (ce31cae94873..., userDataDir: C:\Users\vamsh\AppData\Loca...}, fedcm:accounts: true, goog:chromeOptions: {debuggerAddress: localhost:57105}, networkConnectionEnabled: false, pageLoadStrategy: normal, platformName: windows, proxy: Proxy(), se:cdp: ws://localhost:57105/devtoo..., se:cdpVersion: 131.0.6778.109, setWindowRect: true, strictFileInteractability: false, timeouts: {implicit: 0, pageLoad: 300000, script: 30000}, unhandledPromptBehavior: dismiss and notify, webauthn:extension:credBlob: true, webauthn:extension:largeBlob: true, webauthn:extension:minPinLength: true, webauthn:extension:prf: true, webauthn:virtualAuthenticators: true}
Element: [[ChromeDriver: chrome on windows (c690058b86e32c0e3a1cf0bde319ce76)] -> css selector: .CodeMirror textarea]
Session ID: c690058b86e32c0e3a1cf0bde319ce76
]]></failure>
    <system-out><![CDATA[
Scenario: Valid code on try editor for Time Complexity runs successfully &amp#27;[90m# src/test/resources/Features/DSIntroductionPage.feature:60&amp#27;[0m
  &amp#27;[32mGiven &amp#27;[0m&amp#27;[32mThe user is on the DS Introduction page as signedIn&amp#27;[0m                           &amp#27;[90m# StepDefinitions.DSIntroductionDetails.the_user_is_on_the_ds_introduction_page_as_signed_in()&amp#27;[0m
  &amp#27;[32mAnd &amp#27;[0m&amp#27;[32mUser clicks Try here link&amp#27;[0m                                                      &amp#27;[90m# StepDefinitions.DSIntroductionDetails.user_clicks_try_here_link()&amp#27;[0m
  &amp#27;[32mAnd &amp#27;[0m&amp#27;[32mUser is on Try Here page for time complexity&amp#27;[0m                                   &amp#27;[90m# StepDefinitions.DSIntroductionDetails.user_is_on_try_here_page_for_time_complexity()&amp#27;[0m
  &amp#27;[31mWhen &amp#27;[0m&amp#27;[31mThe user write the invalid code in Editor&amp#27;[0m                                     &amp#27;[90m# StepDefinitions.DSIntroductionDetails.the_user_write_the_invalid_code_in_editor()&amp#27;[0m
      &amp#27;[31morg.openqa.selenium.ElementNotInteractableException: element not interactable
  (Session info: chrome=131.0.6778.109)
Build info: version: '4.26.0', revision: '8ccf0219d7'
System info: os.name: 'Windows 11', os.arch: 'amd64', os.version: '10.0', java.version: '21.0.5'
Driver info: org.openqa.selenium.chrome.ChromeDriver
Command: [c690058b86e32c0e3a1cf0bde319ce76, sendKeysToElement {value=[Ljava.lang.CharSequence;@27929aa6, id=f.A4C0A55978B78ABCA13F7B278B55CC61.d.1E3F83B1A4B3FBF980E5060D499FFB53.e.59}]
Capabilities {acceptInsecureCerts: false, browserName: chrome, browserVersion: 131.0.6778.109, chrome: {chromedriverVersion: 131.0.6778.87 (ce31cae94873..., userDataDir: C:\Users\vamsh\AppData\Loca...}, fedcm:accounts: true, goog:chromeOptions: {debuggerAddress: localhost:57105}, networkConnectionEnabled: false, pageLoadStrategy: normal, platformName: windows, proxy: Proxy(), se:cdp: ws://localhost:57105/devtoo..., se:cdpVersion: 131.0.6778.109, setWindowRect: true, strictFileInteractability: false, timeouts: {implicit: 0, pageLoad: 300000, script: 30000}, unhandledPromptBehavior: dismiss and notify, webauthn:extension:credBlob: true, webauthn:extension:largeBlob: true, webauthn:extension:minPinLength: true, webauthn:extension:prf: true, webauthn:virtualAuthenticators: true}
Element: [[ChromeDriver: chrome on windows (c690058b86e32c0e3a1cf0bde319ce76)] -> css selector: .CodeMirror textarea]
Session ID: c690058b86e32c0e3a1cf0bde319ce76
	at java.base/jdk.internal.reflect.DirectConstructorHandleAccessor.newInstance(DirectConstructorHandleAccessor.java:62)
	at java.base/java.lang.reflect.Constructor.newInstanceWithCaller(Constructor.java:502)
	at java.base/java.lang.reflect.Constructor.newInstance(Constructor.java:486)
	at org.openqa.selenium.remote.ErrorCodec.decode(ErrorCodec.java:167)
	at org.openqa.selenium.remote.codec.w3c.W3CHttpResponseCodec.decode(W3CHttpResponseCodec.java:138)
	at org.openqa.selenium.remote.codec.w3c.W3CHttpResponseCodec.decode(W3CHttpResponseCodec.java:50)
	at org.openqa.selenium.remote.HttpCommandExecutor.execute(HttpCommandExecutor.java:190)
	at org.openqa.selenium.remote.service.DriverCommandExecutor.invokeExecute(DriverCommandExecutor.java:216)
	at org.openqa.selenium.remote.service.DriverCommandExecutor.execute(DriverCommandExecutor.java:174)
	at org.openqa.selenium.remote.RemoteWebDriver.execute(RemoteWebDriver.java:545)
	at org.openqa.selenium.remote.RemoteWebElement.execute(RemoteWebElement.java:223)
	at org.openqa.selenium.remote.RemoteWebElement.sendKeys(RemoteWebElement.java:110)
	at PageObjects.IntroductionPage.enterCodeInEditor(IntroductionPage.java:146)
	at StepDefinitions.DSIntroductionDetails.the_user_write_the_invalid_code_in_editor(DSIntroductionDetails.java:138)
	at ✽.The user write the invalid code in Editor(file:///C:/Projects/Repo1/src/test/resources/Features/DSIntroductionPage.feature:47)
&amp#27;[0m
  &amp#27;[36mAnd &amp#27;[0m&amp#27;[36mClick the Run button&amp#27;[0m                                                           &amp#27;[90m# StepDefinitions.DSIntroductionDetails.click_the_run_button()&amp#27;[0m
  &amp#27;[36mThen &amp#27;[0m&amp#27;[36mThe user should able to see an error message in alert window&amp#27;[0m                  &amp#27;[90m# StepDefinitions.DSIntroductionDetails.the_user_should_able_to_see_an_error_message_in_alert_window()&amp#27;[0m
[ERROR] 2024-12-09 21:57:12.836 [TestNG-PoolService-1] Hooks - ======================  TEST CASE FAILED !! ======================
  &amp#27;[32mAnd &amp#27;[0m&amp#27;[32mThe user clicks the Get Started button of DS Introduction&amp#27;[0m                       &amp#27;[90m# StepDefinitions.DSIntroductionDetails.the_user_clicks_the_get_started_button_of_ds_introduction()&amp#27;[0m

    Embedding screenshot [image/png 7853 bytes]

[INFO ] 2024-12-09 21:57:12.997 [TestNG-PoolService-1] Hooks - ======================  Screenshot is captured  ======================
[INFO ] 2024-12-09 21:57:13.004 [TestNG-PoolService-1] Hooks - ======================  Test Execution is completed!! ======================
  &amp#27;[32mAnd &amp#27;[0m&amp#27;[32mThe user clicks the Time Complexity button&amp#27;[0m                                      &amp#27;[90m# StepDefinitions.DSIntroductionDetails.the_user_clicks_the_time_complexity_button()&amp#27;[0m
[INFO ] 2024-12-09 21:57:13.633 [TestNG-PoolService-3] Hooks - ======================  New Test Execution is STARTED!! ======================
]]></system-out>
    <system-err><![CDATA[Dec 09, 2024 9:57:13 PM org.openqa.selenium.devtools.CdpVersionFinder findNearestMatch
WARNING: Unable to find an exact match for CDP version 131, returning the closest version; found: 130; Please update to a Selenium version that supports CDP version 131
]]></system-err>
  </testcase>
  <testcase name="runScenario[&quot;Error message displayed for invalid code on try editor for Time Complexity&quot;, &quot;DS Introduction Page&quot;](29)" classname="TestRunners.TestRunner" time="0.221">
    <failure message="element not interactable&#10;  (Session info: MicrosoftEdge=131.0.2903.86)&#10;Build info: version: &apos;4.26.0&apos;, revision: &apos;8ccf0219d7&apos;&#10;System info: os.name: &apos;Windows 11&apos;, os.arch: &apos;amd64&apos;, os.version: &apos;10.0&apos;, java.version: &apos;21.0.5&apos;&#10;Driver info: org.openqa.selenium.edge.EdgeDriver&#10;Command: [e601f16480a884beeadab416e5f890df, sendKeysToElement {value=[Ljava.lang.CharSequence;@63e36592, id=f.0D1107497B2B51C43186CCC0428616AA.d.425FC052FE07AA13DA853B7292C985CF.e.44}]&#10;Capabilities {acceptInsecureCerts: false, browserName: MicrosoftEdge, browserVersion: 131.0.2903.86, fedcm:accounts: true, ms:edgeOptions: {debuggerAddress: localhost:59886}, msedge: {msedgedriverVersion: 131.0.2903.86 (cf5bf303997c..., userDataDir: C:\Users\vamsh\AppData\Loca...}, networkConnectionEnabled: false, pageLoadStrategy: normal, platformName: windows, proxy: Proxy(), se:cdp: ws://localhost:59886/devtoo..., se:cdpVersion: 131.0.2903.86, setWindowRect: true, strictFileInteractability: false, timeouts: {implicit: 0, pageLoad: 300000, script: 30000}, unhandledPromptBehavior: dismiss and notify, webauthn:extension:credBlob: true, webauthn:extension:largeBlob: true, webauthn:extension:minPinLength: true, webauthn:extension:prf: true, webauthn:virtualAuthenticators: true}&#10;Element: [[EdgeDriver: MicrosoftEdge on windows (e601f16480a884beeadab416e5f890df)] -&gt; css selector: .CodeMirror textarea]&#10;Session ID: e601f16480a884beeadab416e5f890df" type="org.openqa.selenium.ElementNotInteractableException"><![CDATA[org.openqa.selenium.ElementNotInteractableException: 
element not interactable
  (Session info: MicrosoftEdge=131.0.2903.86)
Build info: version: '4.26.0', revision: '8ccf0219d7'
System info: os.name: 'Windows 11', os.arch: 'amd64', os.version: '10.0', java.version: '21.0.5'
Driver info: org.openqa.selenium.edge.EdgeDriver
Command: [e601f16480a884beeadab416e5f890df, sendKeysToElement {value=[Ljava.lang.CharSequence;@63e36592, id=f.0D1107497B2B51C43186CCC0428616AA.d.425FC052FE07AA13DA853B7292C985CF.e.44}]
Capabilities {acceptInsecureCerts: false, browserName: MicrosoftEdge, browserVersion: 131.0.2903.86, fedcm:accounts: true, ms:edgeOptions: {debuggerAddress: localhost:59886}, msedge: {msedgedriverVersion: 131.0.2903.86 (cf5bf303997c..., userDataDir: C:\Users\vamsh\AppData\Loca...}, networkConnectionEnabled: false, pageLoadStrategy: normal, platformName: windows, proxy: Proxy(), se:cdp: ws://localhost:59886/devtoo..., se:cdpVersion: 131.0.2903.86, setWindowRect: true, strictFileInteractability: false, timeouts: {implicit: 0, pageLoad: 300000, script: 30000}, unhandledPromptBehavior: dismiss and notify, webauthn:extension:credBlob: true, webauthn:extension:largeBlob: true, webauthn:extension:minPinLength: true, webauthn:extension:prf: true, webauthn:virtualAuthenticators: true}
Element: [[EdgeDriver: MicrosoftEdge on windows (e601f16480a884beeadab416e5f890df)] -> css selector: .CodeMirror textarea]
Session ID: e601f16480a884beeadab416e5f890df
]]></failure>
    <system-out><![CDATA[
Scenario: Valid code on try editor for Time Complexity runs successfully &amp#27;[90m# src/test/resources/Features/DSIntroductionPage.feature:60&amp#27;[0m
]]></system-out>
  </testcase>
  <testcase name="runScenario[&quot;No error message displayed for empty code on try editor for Time Complexity&quot;, &quot;DS Introduction Page&quot;](30)" classname="TestRunners.TestRunner" time="1.006">
    <system-out><![CDATA[
Scenario: Validate user navigated to graph details page when clicked on get started &amp#27;[90m# src/test/resources/Features/GraphHomepage.feature:8&amp#27;[0m
  &amp#27;[32mAnd &amp#27;[0m&amp#27;[32mUser clicks Try here link&amp#27;[0m                                                       &amp#27;[90m# StepDefinitions.DSIntroductionDetails.user_clicks_try_here_link()&amp#27;[0m
  &amp#27;[32mAnd &amp#27;[0m&amp#27;[32mUser is on Try Here page for time complexity&amp#27;[0m                                    &amp#27;[90m# StepDefinitions.DSIntroductionDetails.user_is_on_try_here_page_for_time_complexity()&amp#27;[0m
  &amp#27;[32mWhen &amp#27;[0m&amp#27;[32mClick the Run button&amp#27;[0m                                                           &amp#27;[90m# StepDefinitions.DSIntroductionDetails.click_the_run_button()&amp#27;[0m
  &amp#27;[32mThen &amp#27;[0m&amp#27;[32mThe user should not see any error message or alert&amp#27;[0m                             &amp#27;[90m# StepDefinitions.DSIntroductionDetails.the_user_should_not_see_any_error_message_or_alert()&amp#27;[0m
[INFO ] 2024-12-09 21:57:14.568 [TestNG-PoolService-2] Hooks - ======================  Test Execution is completed!! ======================
]]></system-out>
  </testcase>
  <testcase name="runScenario[&quot;No error message displayed for empty code on try editor for Time Complexity&quot;, &quot;DS Introduction Page&quot;](30)" classname="TestRunners.TestRunner" time="1.066">
    <system-out><![CDATA[
Scenario: Validate user navigated to graph details page when clicked on get started &amp#27;[90m# src/test/resources/Features/GraphHomepage.feature:8&amp#27;[0m
]]></system-out>
  </testcase>
  <testcase name="runScenario[&quot;Valid code on try editor for Time Complexity runs successfully&quot;, &quot;DS Introduction Page&quot;](31)" classname="TestRunners.TestRunner" time="4.203">
    <failure message="element not interactable&#10;  (Session info: chrome=131.0.6778.109)&#10;Build info: version: &apos;4.26.0&apos;, revision: &apos;8ccf0219d7&apos;&#10;System info: os.name: &apos;Windows 11&apos;, os.arch: &apos;amd64&apos;, os.version: &apos;10.0&apos;, java.version: &apos;21.0.5&apos;&#10;Driver info: org.openqa.selenium.chrome.ChromeDriver&#10;Command: [473922bbdbb145d60d3c53be98cef21f, sendKeysToElement {value=[Ljava.lang.CharSequence;@7b6ae97f, id=f.9C06D141367E50623834DDCF619E0437.d.842E0232AF3A702C446653E55A157CD0.e.57}]&#10;Capabilities {acceptInsecureCerts: false, browserName: chrome, browserVersion: 131.0.6778.109, chrome: {chromedriverVersion: 131.0.6778.87 (ce31cae94873..., userDataDir: C:\Users\vamsh\AppData\Loca...}, fedcm:accounts: true, goog:chromeOptions: {debuggerAddress: localhost:57235}, networkConnectionEnabled: false, pageLoadStrategy: normal, platformName: windows, proxy: Proxy(), se:cdp: ws://localhost:57235/devtoo..., se:cdpVersion: 131.0.6778.109, setWindowRect: true, strictFileInteractability: false, timeouts: {implicit: 0, pageLoad: 300000, script: 30000}, unhandledPromptBehavior: dismiss and notify, webauthn:extension:credBlob: true, webauthn:extension:largeBlob: true, webauthn:extension:minPinLength: true, webauthn:extension:prf: true, webauthn:virtualAuthenticators: true}&#10;Element: [[ChromeDriver: chrome on windows (473922bbdbb145d60d3c53be98cef21f)] -&gt; css selector: .CodeMirror textarea]&#10;Session ID: 473922bbdbb145d60d3c53be98cef21f" type="org.openqa.selenium.ElementNotInteractableException"><![CDATA[org.openqa.selenium.ElementNotInteractableException: 
element not interactable
  (Session info: chrome=131.0.6778.109)
Build info: version: '4.26.0', revision: '8ccf0219d7'
System info: os.name: 'Windows 11', os.arch: 'amd64', os.version: '10.0', java.version: '21.0.5'
Driver info: org.openqa.selenium.chrome.ChromeDriver
Command: [473922bbdbb145d60d3c53be98cef21f, sendKeysToElement {value=[Ljava.lang.CharSequence;@7b6ae97f, id=f.9C06D141367E50623834DDCF619E0437.d.842E0232AF3A702C446653E55A157CD0.e.57}]
Capabilities {acceptInsecureCerts: false, browserName: chrome, browserVersion: 131.0.6778.109, chrome: {chromedriverVersion: 131.0.6778.87 (ce31cae94873..., userDataDir: C:\Users\vamsh\AppData\Loca...}, fedcm:accounts: true, goog:chromeOptions: {debuggerAddress: localhost:57235}, networkConnectionEnabled: false, pageLoadStrategy: normal, platformName: windows, proxy: Proxy(), se:cdp: ws://localhost:57235/devtoo..., se:cdpVersion: 131.0.6778.109, setWindowRect: true, strictFileInteractability: false, timeouts: {implicit: 0, pageLoad: 300000, script: 30000}, unhandledPromptBehavior: dismiss and notify, webauthn:extension:credBlob: true, webauthn:extension:largeBlob: true, webauthn:extension:minPinLength: true, webauthn:extension:prf: true, webauthn:virtualAuthenticators: true}
Element: [[ChromeDriver: chrome on windows (473922bbdbb145d60d3c53be98cef21f)] -> css selector: .CodeMirror textarea]
Session ID: 473922bbdbb145d60d3c53be98cef21f
]]></failure>
    <system-out><![CDATA[
Scenario: Validate user can navigate to Graph in Graph page    &amp#27;[90m# src/test/resources/Features/GraphHomepage.feature:11&amp#27;[0m
[INFO ] 2024-12-09 21:57:15.678 [TestNG-PoolService-1] Hooks - ======================  New Test Execution is STARTED!! ======================
  &amp#27;[32mGiven &amp#27;[0m&amp#27;[32mThe user is on the DS Introduction page as signedIn&amp#27;[0m              &amp#27;[90m# StepDefinitions.DSIntroductionDetails.the_user_is_on_the_ds_introduction_page_as_signed_in()&amp#27;[0m
[INFO ] 2024-12-09 21:57:16.933 [TestNG-PoolService-2] Hooks - ======================  New Test Execution is STARTED!! ======================
  &amp#27;[32mAnd &amp#27;[0m&amp#27;[32mThe user clicks the Get Started button of DS Introduction&amp#27;[0m          &amp#27;[90m# StepDefinitions.DSIntroductionDetails.the_user_clicks_the_get_started_button_of_ds_introduction()&amp#27;[0m
  &amp#27;[32mAnd &amp#27;[0m&amp#27;[32mThe user clicks the Time Complexity button&amp#27;[0m                         &amp#27;[90m# StepDefinitions.DSIntroductionDetails.the_user_clicks_the_time_complexity_button()&amp#27;[0m
  &amp#27;[32mAnd &amp#27;[0m&amp#27;[32mUser clicks Try here link&amp#27;[0m                                          &amp#27;[90m# StepDefinitions.DSIntroductionDetails.user_clicks_try_here_link()&amp#27;[0m
  &amp#27;[32mAnd &amp#27;[0m&amp#27;[32mUser is on Try Here page for time complexity&amp#27;[0m                       &amp#27;[90m# StepDefinitions.DSIntroductionDetails.user_is_on_try_here_page_for_time_complexity()&amp#27;[0m
  &amp#27;[31mWhen &amp#27;[0m&amp#27;[31mThe user write the valid code in Editor&amp#27;[0m                           &amp#27;[90m# StepDefinitions.DSIntroductionDetails.the_user_write_the_valid_code_in_editor()&amp#27;[0m
      &amp#27;[31morg.openqa.selenium.ElementNotInteractableException: element not interactable
  (Session info: chrome=131.0.6778.109)
Build info: version: '4.26.0', revision: '8ccf0219d7'
System info: os.name: 'Windows 11', os.arch: 'amd64', os.version: '10.0', java.version: '21.0.5'
Driver info: org.openqa.selenium.chrome.ChromeDriver
Command: [473922bbdbb145d60d3c53be98cef21f, sendKeysToElement {value=[Ljava.lang.CharSequence;@7b6ae97f, id=f.9C06D141367E50623834DDCF619E0437.d.842E0232AF3A702C446653E55A157CD0.e.57}]
Capabilities {acceptInsecureCerts: false, browserName: chrome, browserVersion: 131.0.6778.109, chrome: {chromedriverVersion: 131.0.6778.87 (ce31cae94873..., userDataDir: C:\Users\vamsh\AppData\Loca...}, fedcm:accounts: true, goog:chromeOptions: {debuggerAddress: localhost:57235}, networkConnectionEnabled: false, pageLoadStrategy: normal, platformName: windows, proxy: Proxy(), se:cdp: ws://localhost:57235/devtoo..., se:cdpVersion: 131.0.6778.109, setWindowRect: true, strictFileInteractability: false, timeouts: {implicit: 0, pageLoad: 300000, script: 30000}, unhandledPromptBehavior: dismiss and notify, webauthn:extension:credBlob: true, webauthn:extension:largeBlob: true, webauthn:extension:minPinLength: true, webauthn:extension:prf: true, webauthn:virtualAuthenticators: true}
Element: [[ChromeDriver: chrome on windows (473922bbdbb145d60d3c53be98cef21f)] -> css selector: .CodeMirror textarea]
Session ID: 473922bbdbb145d60d3c53be98cef21f
	at java.base/jdk.internal.reflect.DirectConstructorHandleAccessor.newInstance(DirectConstructorHandleAccessor.java:62)
	at java.base/java.lang.reflect.Constructor.newInstanceWithCaller(Constructor.java:502)
	at java.base/java.lang.reflect.Constructor.newInstance(Constructor.java:486)
	at org.openqa.selenium.remote.ErrorCodec.decode(ErrorCodec.java:167)
	at org.openqa.selenium.remote.codec.w3c.W3CHttpResponseCodec.decode(W3CHttpResponseCodec.java:138)
	at org.openqa.selenium.remote.codec.w3c.W3CHttpResponseCodec.decode(W3CHttpResponseCodec.java:50)
	at org.openqa.selenium.remote.HttpCommandExecutor.execute(HttpCommandExecutor.java:190)
	at org.openqa.selenium.remote.service.DriverCommandExecutor.invokeExecute(DriverCommandExecutor.java:216)
	at org.openqa.selenium.remote.service.DriverCommandExecutor.execute(DriverCommandExecutor.java:174)
	at org.openqa.selenium.remote.RemoteWebDriver.execute(RemoteWebDriver.java:545)
	at org.openqa.selenium.remote.RemoteWebElement.execute(RemoteWebElement.java:223)
	at org.openqa.selenium.remote.RemoteWebElement.sendKeys(RemoteWebElement.java:110)
	at PageObjects.IntroductionPage.enterCodeInEditor(IntroductionPage.java:146)
	at StepDefinitions.DSIntroductionDetails.the_user_write_the_valid_code_in_editor(DSIntroductionDetails.java:158)
	at ✽.The user write the valid code in Editor(file:///C:/Projects/Repo1/src/test/resources/Features/DSIntroductionPage.feature:66)
&amp#27;[0m
  &amp#27;[36mAnd &amp#27;[0m&amp#27;[36mClick the Run button&amp#27;[0m                                               &amp#27;[90m# StepDefinitions.DSIntroductionDetails.click_the_run_button()&amp#27;[0m
  &amp#27;[36mThen &amp#27;[0m&amp#27;[36mThe user should able to see output in the console&amp#27;[0m                 &amp#27;[90m# StepDefinitions.DSIntroductionDetails.the_user_should_able_to_see_output_in_the_console()&amp#27;[0m
[ERROR] 2024-12-09 21:57:18.359 [TestNG-PoolService-3] Hooks - ======================  TEST CASE FAILED !! ======================

    Embedding screenshot [image/png 7853 bytes]

[INFO ] 2024-12-09 21:57:18.559 [TestNG-PoolService-3] Hooks - ======================  Screenshot is captured  ======================
[INFO ] 2024-12-09 21:57:18.562 [TestNG-PoolService-3] Hooks - ======================  Test Execution is completed!! ======================
]]></system-out>
    <system-err><![CDATA[Dec 09, 2024 9:57:15 PM org.openqa.selenium.devtools.CdpVersionFinder findNearestMatch
WARNING: Unable to find an exact match for CDP version 131, returning the closest version; found: 130; Please update to a Selenium version that supports CDP version 131
Dec 09, 2024 9:57:16 PM org.openqa.selenium.devtools.CdpVersionFinder findNearestMatch
WARNING: Unable to find an exact match for CDP version 131, returning the closest version; found: 130; Please update to a Selenium version that supports CDP version 131
]]></system-err>
  </testcase>
  <testcase name="runScenario[&quot;Validate user navigated to graph details page when clicked on get started&quot;, &quot;Title of your feature&quot;](32)" classname="TestRunners.TestRunner" time="1.052">
    <system-out><![CDATA[
Scenario: Validate user can Try here link page from graphs  &amp#27;[90m# src/test/resources/Features/GraphHomepage.feature:16&amp#27;[0m
  &amp#27;[32mGiven &amp#27;[0m&amp#27;[32mThe user is on the DS Introduction page as signedIn&amp#27;[0m                         &amp#27;[90m# StepDefinitions.DSIntroductionDetails.the_user_is_on_the_ds_introduction_page_as_signed_in()&amp#27;[0m
  &amp#27;[32mGiven &amp#27;[0m&amp#27;[32mThe user is on the DS Introduction page as signedIn&amp#27;[0m    &amp#27;[90m# StepDefinitions.DSIntroductionDetails.the_user_is_on_the_ds_introduction_page_as_signed_in()&amp#27;[0m
  &amp#27;[32mAnd &amp#27;[0m&amp#27;[32mThe user clicks on Get Started link for graph&amp#27;[0m                                 &amp#27;[90m# StepDefinitions.GraphStepDefintions.the_user_clicks_on_get_started_link_for_graph()&amp#27;[0m
  &amp#27;[32mThen &amp#27;[0m&amp#27;[32mThe user is on the graph details page&amp#27;[0m                                        &amp#27;[90m# StepDefinitions.GraphStepDefintions.the_user_is_on_the_graph_details_page()&amp#27;[0m
[INFO ] 2024-12-09 21:57:19.752 [TestNG-PoolService-1] Hooks - ======================  Test Execution is completed!! ======================
  &amp#27;[32mAnd &amp#27;[0m&amp#27;[32mThe user clicks on Get Started link for graph&amp#27;[0m            &amp#27;[90m# StepDefinitions.GraphStepDefintions.the_user_clicks_on_get_started_link_for_graph()&amp#27;[0m
]]></system-out>
  </testcase>
  <testcase name="runScenario[&quot;Validate user can navigate to Graph in Graph page&quot;, &quot;Title of your feature&quot;](33)" classname="TestRunners.TestRunner" time="0.959">
    <system-out><![CDATA[  &amp#27;[32mGiven &amp#27;[0m&amp#27;[32mThe user is on the graph details page&amp#27;[0m                  &amp#27;[90m# StepDefinitions.GraphStepDefintions.the_user_is_on_the_graph_details_page()&amp#27;[0m

Scenario: Error message displayed for invalid code on try Editor for graphs page &amp#27;[90m# src/test/resources/Features/GraphHomepage.feature:21&amp#27;[0m
[INFO ] 2024-12-09 21:57:20.625 [TestNG-PoolService-3] Hooks - ======================  New Test Execution is STARTED!! ======================
  &amp#27;[32mWhen &amp#27;[0m&amp#27;[32mThe user click on graph link in graph details page&amp#27;[0m      &amp#27;[90m# StepDefinitions.GraphStepDefintions.the_user_click_on_graph_link_in_graph_details_page()&amp#27;[0m
  &amp#27;[32mThen &amp#27;[0m&amp#27;[32mthe user is navigated to graph page under graph details&amp#27;[0m &amp#27;[90m# StepDefinitions.GraphStepDefintions.the_user_is_navigated_to_graph_page_under_graph_details()&amp#27;[0m
[INFO ] 2024-12-09 21:57:20.837 [TestNG-PoolService-2] Hooks - ======================  Test Execution is completed!! ======================
]]></system-out>
    <system-err><![CDATA[Dec 09, 2024 9:57:20 PM org.openqa.selenium.devtools.CdpVersionFinder findNearestMatch
WARNING: Unable to find an exact match for CDP version 131, returning the closest version; found: 130; Please update to a Selenium version that supports CDP version 131
]]></system-err>
  </testcase>
  <testcase name="runScenario[&quot;Validate user can navigate to Graph in Graph page&quot;, &quot;Title of your feature&quot;](33)" classname="TestRunners.TestRunner" time="0.253">
    <system-out><![CDATA[
Scenario: Error message displayed for invalid code on try Editor for graphs page &amp#27;[90m# src/test/resources/Features/GraphHomepage.feature:21&amp#27;[0m
]]></system-out>
  </testcase>
  <testcase name="runScenario[&quot;Validate user can Try here link page from graphs&quot;, &quot;Title of your feature&quot;](34)" classname="TestRunners.TestRunner" time="4.917">
    <system-out><![CDATA[
Scenario: No error message displayed for empty code on try editor for graphs page &amp#27;[90m# src/test/resources/Features/GraphHomepage.feature:28&amp#27;[0m
[INFO ] 2024-12-09 21:57:21.971 [TestNG-PoolService-1] Hooks - ======================  New Test Execution is STARTED!! ======================
[INFO ] 2024-12-09 21:57:23.055 [TestNG-PoolService-2] Hooks - ======================  New Test Execution is STARTED!! ======================
  &amp#27;[32mGiven &amp#27;[0m&amp#27;[32mThe user is on the DS Introduction page as signedIn&amp#27;[0m &amp#27;[90m# StepDefinitions.DSIntroductionDetails.the_user_is_on_the_ds_introduction_page_as_signed_in()&amp#27;[0m
  &amp#27;[32mAnd &amp#27;[0m&amp#27;[32mThe user clicks on Get Started link for graph&amp#27;[0m         &amp#27;[90m# StepDefinitions.GraphStepDefintions.the_user_clicks_on_get_started_link_for_graph()&amp#27;[0m
  &amp#27;[32mGiven &amp#27;[0m&amp#27;[32mThe user is on the graphs page under graph detials&amp#27;[0m  &amp#27;[90m# StepDefinitions.GraphStepDefintions.the_user_is_on_the_graphs_page_under_graph_detials()&amp#27;[0m
  &amp#27;[32mGiven &amp#27;[0m&amp#27;[32mThe user is on the DS Introduction page as signedIn&amp#27;[0m                      &amp#27;[90m# StepDefinitions.DSIntroductionDetails.the_user_is_on_the_ds_introduction_page_as_signed_in()&amp#27;[0m
  &amp#27;[32mAnd &amp#27;[0m&amp#27;[32mThe user clicks on Get Started link for graph&amp#27;[0m                              &amp#27;[90m# StepDefinitions.GraphStepDefintions.the_user_clicks_on_get_started_link_for_graph()&amp#27;[0m
  &amp#27;[32mWhen &amp#27;[0m&amp#27;[32mUser clicks Try here link&amp#27;[0m                            &amp#27;[90m# StepDefinitions.DSIntroductionDetails.user_clicks_try_here_link()&amp#27;[0m
  &amp#27;[32mThen &amp#27;[0m&amp#27;[32mUser should navigate to tryEditor page&amp#27;[0m               &amp#27;[90m# StepDefinitions.DSIntroductionDetails.user_should_navigate_to_try_editor_page()&amp#27;[0m
  &amp#27;[32mGiven &amp#27;[0m&amp#27;[32mThe user is on the graphs page under graph detials&amp#27;[0m                       &amp#27;[90m# StepDefinitions.GraphStepDefintions.the_user_is_on_the_graphs_page_under_graph_detials()&amp#27;[0m
[INFO ] 2024-12-09 21:57:25.719 [TestNG-PoolService-3] Hooks - ======================  Test Execution is completed!! ======================
]]></system-out>
    <system-err><![CDATA[Dec 09, 2024 9:57:21 PM org.openqa.selenium.devtools.CdpVersionFinder findNearestMatch
WARNING: Unable to find an exact match for CDP version 131, returning the closest version; found: 130; Please update to a Selenium version that supports CDP version 131
Dec 09, 2024 9:57:22 PM org.openqa.selenium.devtools.CdpVersionFinder findNearestMatch
WARNING: Unable to find an exact match for CDP version 131, returning the closest version; found: 130; Please update to a Selenium version that supports CDP version 131
]]></system-err>
  </testcase>
  <testcase name="runScenario[&quot;Validate user can Try here link page from graphs&quot;, &quot;Title of your feature&quot;](34)" classname="TestRunners.TestRunner" time="11.407">
    <system-out><![CDATA[
Scenario: No error message displayed for empty code on try editor for graphs page &amp#27;[90m# src/test/resources/Features/GraphHomepage.feature:28&amp#27;[0m
[INFO ] 2024-12-09 22:06:41.786 [TestNG-PoolService-3] Hooks - ======================  New Test Execution is STARTED!! ======================
[INFO ] 2024-12-09 22:06:43.001 [TestNG-PoolService-1] Hooks - ======================  New Test Execution is STARTED!! ======================
[INFO ] 2024-12-09 22:06:43.302 [TestNG-PoolService-2] Hooks - ======================  New Test Execution is STARTED!! ======================
  &amp#27;[32mGiven &amp#27;[0m&amp#27;[32mThe user is on the DS Introduction page as signedIn&amp#27;[0m &amp#27;[90m# StepDefinitions.DSIntroductionDetails.the_user_is_on_the_ds_introduction_page_as_signed_in()&amp#27;[0m
  &amp#27;[32mAnd &amp#27;[0m&amp#27;[32mThe user clicks on Get Started link for graph&amp#27;[0m         &amp#27;[90m# StepDefinitions.GraphStepDefintions.the_user_clicks_on_get_started_link_for_graph()&amp#27;[0m
  &amp#27;[32mGiven &amp#27;[0m&amp#27;[32mThe user is on the graphs page under graph detials&amp#27;[0m  &amp#27;[90m# StepDefinitions.GraphStepDefintions.the_user_is_on_the_graphs_page_under_graph_detials()&amp#27;[0m
  &amp#27;[32mGiven &amp#27;[0m&amp#27;[32mThe user is on the DS Introduction page as signedIn&amp#27;[0m                       &amp#27;[90m# StepDefinitions.DSIntroductionDetails.the_user_is_on_the_ds_introduction_page_as_signed_in()&amp#27;[0m
  &amp#27;[32mGiven &amp#27;[0m&amp#27;[32mThe user is on the DS Introduction page as signedIn&amp#27;[0m                      &amp#27;[90m# StepDefinitions.DSIntroductionDetails.the_user_is_on_the_ds_introduction_page_as_signed_in()&amp#27;[0m
  &amp#27;[32mAnd &amp#27;[0m&amp#27;[32mThe user clicks on Get Started link for graph&amp#27;[0m                               &amp#27;[90m# StepDefinitions.GraphStepDefintions.the_user_clicks_on_get_started_link_for_graph()&amp#27;[0m
  &amp#27;[32mAnd &amp#27;[0m&amp#27;[32mThe user clicks on Get Started link for graph&amp#27;[0m                              &amp#27;[90m# StepDefinitions.GraphStepDefintions.the_user_clicks_on_get_started_link_for_graph()&amp#27;[0m
  &amp#27;[32mGiven &amp#27;[0m&amp#27;[32mThe user is on the graphs page under graph detials&amp#27;[0m                        &amp#27;[90m# StepDefinitions.GraphStepDefintions.the_user_is_on_the_graphs_page_under_graph_detials()&amp#27;[0m
  &amp#27;[32mWhen &amp#27;[0m&amp#27;[32mUser clicks Try here link&amp#27;[0m                            &amp#27;[90m# StepDefinitions.DSIntroductionDetails.user_clicks_try_here_link()&amp#27;[0m
  &amp#27;[32mThen &amp#27;[0m&amp#27;[32mUser should navigate to tryEditor page&amp#27;[0m               &amp#27;[90m# StepDefinitions.DSIntroductionDetails.user_should_navigate_to_try_editor_page()&amp#27;[0m
[INFO ] 2024-12-09 22:06:46.846 [TestNG-PoolService-3] Hooks - ======================  Test Execution is completed!! ======================
  &amp#27;[32mGiven &amp#27;[0m&amp#27;[32mThe user is on the graphs page under graph detials&amp#27;[0m                       &amp#27;[90m# StepDefinitions.GraphStepDefintions.the_user_is_on_the_graphs_page_under_graph_detials()&amp#27;[0m
  &amp#27;[32mAnd &amp#27;[0m&amp#27;[32mUser clicks Try here link&amp#27;[0m                                                   &amp#27;[90m# StepDefinitions.DSIntroductionDetails.user_clicks_try_here_link()&amp#27;[0m
  &amp#27;[32mWhen &amp#27;[0m&amp#27;[32mClick the Run button&amp#27;[0m                                                       &amp#27;[90m# StepDefinitions.DSIntroductionDetails.click_the_run_button()&amp#27;[0m
  &amp#27;[32mThen &amp#27;[0m&amp#27;[32mThe user should not see any error message or alert&amp#27;[0m                         &amp#27;[90m# StepDefinitions.DSIntroductionDetails.the_user_should_not_see_any_error_message_or_alert()&amp#27;[0m
  &amp#27;[32mAnd &amp#27;[0m&amp#27;[32mUser clicks Try here link&amp#27;[0m                                                  &amp#27;[90m# StepDefinitions.DSIntroductionDetails.user_clicks_try_here_link()&amp#27;[0m
[INFO ] 2024-12-09 22:06:48.270 [TestNG-PoolService-2] Hooks - ======================  Test Execution is completed!! ======================
  &amp#27;[32mWhen &amp#27;[0m&amp#27;[32mThe user write the invalid code in Editor&amp#27;[0m                                 &amp#27;[90m# StepDefinitions.DSIntroductionDetails.the_user_write_the_invalid_code_in_editor()&amp#27;[0m
  &amp#27;[32mAnd &amp#27;[0m&amp#27;[32mClick the Run button&amp#27;[0m                                                       &amp#27;[90m# StepDefinitions.DSIntroductionDetails.click_the_run_button()&amp#27;[0m
  &amp#27;[32mThen &amp#27;[0m&amp#27;[32mThe user should able to see an error message in alert window&amp#27;[0m              &amp#27;[90m# StepDefinitions.DSIntroductionDetails.the_user_should_able_to_see_an_error_message_in_alert_window()&amp#27;[0m
[INFO ] 2024-12-09 22:06:48.652 [TestNG-PoolService-1] Hooks - ======================  Test Execution is completed!! ======================
]]></system-out>
  </testcase>
  <testcase name="runScenario[&quot;Validate user can Try here link page from graphs&quot;, &quot;Title of your feature&quot;](34)" classname="TestRunners.TestRunner" time="8.517">
    <system-out><![CDATA[
Scenario: No error message displayed for empty code on try editor for graphs page &amp#27;[90m# src/test/resources/Features/GraphHomepage.feature:28&amp#27;[0m
[INFO ] 2024-12-09 22:20:40.289 [TestNG-PoolService-2] Hooks - ======================  New Test Execution is STARTED!! ======================
[INFO ] 2024-12-09 22:20:42.208 [TestNG-PoolService-1] Hooks - ======================  New Test Execution is STARTED!! ======================
[INFO ] 2024-12-09 22:20:43.135 [TestNG-PoolService-3] Hooks - ======================  New Test Execution is STARTED!! ======================
  &amp#27;[32mGiven &amp#27;[0m&amp#27;[32mThe user is on the DS Introduction page as signedIn&amp#27;[0m &amp#27;[90m# StepDefinitions.DSIntroductionDetails.the_user_is_on_the_ds_introduction_page_as_signed_in()&amp#27;[0m
  &amp#27;[32mAnd &amp#27;[0m&amp#27;[32mThe user clicks on Get Started link for graph&amp#27;[0m         &amp#27;[90m# StepDefinitions.GraphStepDefintions.the_user_clicks_on_get_started_link_for_graph()&amp#27;[0m
  &amp#27;[32mGiven &amp#27;[0m&amp#27;[32mThe user is on the DS Introduction page as signedIn&amp#27;[0m                      &amp#27;[90m# StepDefinitions.DSIntroductionDetails.the_user_is_on_the_ds_introduction_page_as_signed_in()&amp#27;[0m
  &amp#27;[32mAnd &amp#27;[0m&amp#27;[32mThe user clicks on Get Started link for graph&amp#27;[0m                              &amp#27;[90m# StepDefinitions.GraphStepDefintions.the_user_clicks_on_get_started_link_for_graph()&amp#27;[0m
  &amp#27;[32mGiven &amp#27;[0m&amp#27;[32mThe user is on the graphs page under graph detials&amp#27;[0m  &amp#27;[90m# StepDefinitions.GraphStepDefintions.the_user_is_on_the_graphs_page_under_graph_detials()&amp#27;[0m
  &amp#27;[32mGiven &amp#27;[0m&amp#27;[32mThe user is on the DS Introduction page as signedIn&amp#27;[0m                       &amp#27;[90m# StepDefinitions.DSIntroductionDetails.the_user_is_on_the_ds_introduction_page_as_signed_in()&amp#27;[0m
  &amp#27;[32mGiven &amp#27;[0m&amp#27;[32mThe user is on the graphs page under graph detials&amp#27;[0m                       &amp#27;[90m# StepDefinitions.GraphStepDefintions.the_user_is_on_the_graphs_page_under_graph_detials()&amp#27;[0m
  &amp#27;[32mAnd &amp#27;[0m&amp#27;[32mThe user clicks on Get Started link for graph&amp#27;[0m                               &amp#27;[90m# StepDefinitions.GraphStepDefintions.the_user_clicks_on_get_started_link_for_graph()&amp#27;[0m
  &amp#27;[32mWhen &amp#27;[0m&amp#27;[32mUser clicks Try here link&amp#27;[0m                            &amp#27;[90m# StepDefinitions.DSIntroductionDetails.user_clicks_try_here_link()&amp#27;[0m
  &amp#27;[32mThen &amp#27;[0m&amp#27;[32mUser should navigate to tryEditor page&amp#27;[0m               &amp#27;[90m# StepDefinitions.DSIntroductionDetails.user_should_navigate_to_try_editor_page()&amp#27;[0m
[INFO ] 2024-12-09 22:20:46.848 [TestNG-PoolService-2] Hooks - ======================  Test Execution is completed!! ======================
  &amp#27;[32mAnd &amp#27;[0m&amp#27;[32mUser clicks Try here link&amp#27;[0m                                                  &amp#27;[90m# StepDefinitions.DSIntroductionDetails.user_clicks_try_here_link()&amp#27;[0m
  &amp#27;[31mWhen &amp#27;[0m&amp#27;[31mThe user write the invalid code in Editor&amp#27;[0m                                 &amp#27;[90m# StepDefinitions.DSIntroductionDetails.the_user_write_the_invalid_code_in_editor()&amp#27;[0m
      &amp#27;[31morg.openqa.selenium.ElementNotInteractableException: element not interactable
  (Session info: MicrosoftEdge=131.0.2903.86)
Build info: version: '4.26.0', revision: '8ccf0219d7'
System info: os.name: 'Windows 11', os.arch: 'amd64', os.version: '10.0', java.version: '21.0.5'
Driver info: org.openqa.selenium.edge.EdgeDriver
Command: [a72403319b34595bbeb7fa9c35f8c19c, sendKeysToElement {value=[Ljava.lang.CharSequence;@10ba2fc5, id=f.71FFEFE568E522370159CEDF43F8E83B.d.FDD32721FF7922D8E28125291B0AADCB.e.38}]
Capabilities {acceptInsecureCerts: false, browserName: MicrosoftEdge, browserVersion: 131.0.2903.86, fedcm:accounts: true, ms:edgeOptions: {debuggerAddress: localhost:60153}, msedge: {msedgedriverVersion: 131.0.2903.86 (cf5bf303997c..., userDataDir: C:\Users\vamsh\AppData\Loca...}, networkConnectionEnabled: false, pageLoadStrategy: normal, platformName: windows, proxy: Proxy(), se:cdp: ws://localhost:60153/devtoo..., se:cdpVersion: 131.0.2903.86, setWindowRect: true, strictFileInteractability: false, timeouts: {implicit: 0, pageLoad: 300000, script: 30000}, unhandledPromptBehavior: dismiss and notify, webauthn:extension:credBlob: true, webauthn:extension:largeBlob: true, webauthn:extension:minPinLength: true, webauthn:extension:prf: true, webauthn:virtualAuthenticators: true}
Element: [[EdgeDriver: MicrosoftEdge on windows (a72403319b34595bbeb7fa9c35f8c19c)] -> css selector: .CodeMirror textarea]
Session ID: a72403319b34595bbeb7fa9c35f8c19c
	at java.base/jdk.internal.reflect.DirectConstructorHandleAccessor.newInstance(DirectConstructorHandleAccessor.java:62)
	at java.base/java.lang.reflect.Constructor.newInstanceWithCaller(Constructor.java:502)
	at java.base/java.lang.reflect.Constructor.newInstance(Constructor.java:486)
	at org.openqa.selenium.remote.ErrorCodec.decode(ErrorCodec.java:167)
	at org.openqa.selenium.remote.codec.w3c.W3CHttpResponseCodec.decode(W3CHttpResponseCodec.java:138)
	at org.openqa.selenium.remote.codec.w3c.W3CHttpResponseCodec.decode(W3CHttpResponseCodec.java:50)
	at org.openqa.selenium.remote.HttpCommandExecutor.execute(HttpCommandExecutor.java:190)
	at org.openqa.selenium.remote.service.DriverCommandExecutor.invokeExecute(DriverCommandExecutor.java:216)
	at org.openqa.selenium.remote.service.DriverCommandExecutor.execute(DriverCommandExecutor.java:174)
	at org.openqa.selenium.remote.RemoteWebDriver.execute(RemoteWebDriver.java:545)
	at org.openqa.selenium.remote.RemoteWebElement.execute(RemoteWebElement.java:223)
	at org.openqa.selenium.remote.RemoteWebElement.sendKeys(RemoteWebElement.java:110)
	at PageObjects.IntroductionPage.enterCodeInEditor(IntroductionPage.java:146)
	at StepDefinitions.DSIntroductionDetails.the_user_write_the_invalid_code_in_editor(DSIntroductionDetails.java:138)
	at ✽.The user write the invalid code in Editor(file:///C:/Projects/Repo1/src/test/resources/Features/GraphHomepage.feature:24)
&amp#27;[0m
  &amp#27;[36mAnd &amp#27;[0m&amp#27;[36mClick the Run button&amp#27;[0m                                                       &amp#27;[90m# StepDefinitions.DSIntroductionDetails.click_the_run_button()&amp#27;[0m
  &amp#27;[36mThen &amp#27;[0m&amp#27;[36mThe user should able to see an error message in alert window&amp#27;[0m              &amp#27;[90m# StepDefinitions.DSIntroductionDetails.the_user_should_able_to_see_an_error_message_in_alert_window()&amp#27;[0m
[ERROR] 2024-12-09 22:20:47.151 [TestNG-PoolService-1] Hooks - ======================  TEST CASE FAILED !! ======================

    Embedding screenshot [image/png 7890 bytes]

[INFO ] 2024-12-09 22:20:47.311 [TestNG-PoolService-1] Hooks - ======================  Screenshot is captured  ======================
[INFO ] 2024-12-09 22:20:47.311 [TestNG-PoolService-1] Hooks - ======================  Test Execution is completed!! ======================
  &amp#27;[32mGiven &amp#27;[0m&amp#27;[32mThe user is on the graphs page under graph detials&amp#27;[0m                        &amp#27;[90m# StepDefinitions.GraphStepDefintions.the_user_is_on_the_graphs_page_under_graph_detials()&amp#27;[0m
]]></system-out>
    <system-err><![CDATA[Dec 09, 2024 10:20:40 PM org.openqa.selenium.devtools.CdpVersionFinder findNearestMatch
WARNING: Unable to find an exact match for CDP version 131, returning the closest version; found: 130; Please update to a Selenium version that supports CDP version 131
Dec 09, 2024 10:20:42 PM org.openqa.selenium.devtools.CdpVersionFinder findNearestMatch
WARNING: Unable to find an exact match for CDP version 131, returning the closest version; found: 130; Please update to a Selenium version that supports CDP version 131
Dec 09, 2024 10:20:42 PM org.openqa.selenium.devtools.CdpVersionFinder findNearestMatch
WARNING: Unable to find an exact match for CDP version 131, returning the closest version; found: 130; Please update to a Selenium version that supports CDP version 131
]]></system-err>
  </testcase>
  <testcase name="runScenario[&quot;Error message displayed for invalid code on try Editor for graphs page&quot;, &quot;Title of your feature&quot;](35)" classname="TestRunners.TestRunner" time="1.423">
    <failure message="element not interactable&#10;  (Session info: chrome=131.0.6778.109)&#10;Build info: version: &apos;4.26.0&apos;, revision: &apos;8ccf0219d7&apos;&#10;System info: os.name: &apos;Windows 11&apos;, os.arch: &apos;amd64&apos;, os.version: &apos;10.0&apos;, java.version: &apos;21.0.5&apos;&#10;Driver info: org.openqa.selenium.chrome.ChromeDriver&#10;Command: [71104ccc69912f88ffda29a4d69fb426, sendKeysToElement {value=[Ljava.lang.CharSequence;@45d0916f, id=f.0CF3F768A5CB18460CBCF213888CBCCC.d.8DB26CDAC63CE11C87C98294D34BCD90.e.51}]&#10;Capabilities {acceptInsecureCerts: false, browserName: chrome, browserVersion: 131.0.6778.109, chrome: {chromedriverVersion: 131.0.6778.87 (ce31cae94873..., userDataDir: C:\Users\vamsh\AppData\Loca...}, fedcm:accounts: true, goog:chromeOptions: {debuggerAddress: localhost:57474}, networkConnectionEnabled: false, pageLoadStrategy: normal, platformName: windows, proxy: Proxy(), se:cdp: ws://localhost:57474/devtoo..., se:cdpVersion: 131.0.6778.109, setWindowRect: true, strictFileInteractability: false, timeouts: {implicit: 0, pageLoad: 300000, script: 30000}, unhandledPromptBehavior: dismiss and notify, webauthn:extension:credBlob: true, webauthn:extension:largeBlob: true, webauthn:extension:minPinLength: true, webauthn:extension:prf: true, webauthn:virtualAuthenticators: true}&#10;Element: [[ChromeDriver: chrome on windows (71104ccc69912f88ffda29a4d69fb426)] -&gt; css selector: .CodeMirror textarea]&#10;Session ID: 71104ccc69912f88ffda29a4d69fb426" type="org.openqa.selenium.ElementNotInteractableException"><![CDATA[org.openqa.selenium.ElementNotInteractableException: 
element not interactable
  (Session info: chrome=131.0.6778.109)
Build info: version: '4.26.0', revision: '8ccf0219d7'
System info: os.name: 'Windows 11', os.arch: 'amd64', os.version: '10.0', java.version: '21.0.5'
Driver info: org.openqa.selenium.chrome.ChromeDriver
Command: [71104ccc69912f88ffda29a4d69fb426, sendKeysToElement {value=[Ljava.lang.CharSequence;@45d0916f, id=f.0CF3F768A5CB18460CBCF213888CBCCC.d.8DB26CDAC63CE11C87C98294D34BCD90.e.51}]
Capabilities {acceptInsecureCerts: false, browserName: chrome, browserVersion: 131.0.6778.109, chrome: {chromedriverVersion: 131.0.6778.87 (ce31cae94873..., userDataDir: C:\Users\vamsh\AppData\Loca...}, fedcm:accounts: true, goog:chromeOptions: {debuggerAddress: localhost:57474}, networkConnectionEnabled: false, pageLoadStrategy: normal, platformName: windows, proxy: Proxy(), se:cdp: ws://localhost:57474/devtoo..., se:cdpVersion: 131.0.6778.109, setWindowRect: true, strictFileInteractability: false, timeouts: {implicit: 0, pageLoad: 300000, script: 30000}, unhandledPromptBehavior: dismiss and notify, webauthn:extension:credBlob: true, webauthn:extension:largeBlob: true, webauthn:extension:minPinLength: true, webauthn:extension:prf: true, webauthn:virtualAuthenticators: true}
Element: [[ChromeDriver: chrome on windows (71104ccc69912f88ffda29a4d69fb426)] -> css selector: .CodeMirror textarea]
Session ID: 71104ccc69912f88ffda29a4d69fb426
]]></failure>
    <system-out><![CDATA[
Scenario: Valid code on try editor for graphs runs successfully &amp#27;[90m# src/test/resources/Features/GraphHomepage.feature:34&amp#27;[0m
  &amp#27;[32mGiven &amp#27;[0m&amp#27;[32mThe user is on the DS Introduction page as signedIn&amp#27;[0m                       &amp#27;[90m# StepDefinitions.DSIntroductionDetails.the_user_is_on_the_ds_introduction_page_as_signed_in()&amp#27;[0m
  &amp#27;[32mAnd &amp#27;[0m&amp#27;[32mUser clicks Try here link&amp#27;[0m                                                  &amp#27;[90m# StepDefinitions.DSIntroductionDetails.user_clicks_try_here_link()&amp#27;[0m
  &amp#27;[31mWhen &amp#27;[0m&amp#27;[31mThe user write the invalid code in Editor&amp#27;[0m                                 &amp#27;[90m# StepDefinitions.DSIntroductionDetails.the_user_write_the_invalid_code_in_editor()&amp#27;[0m
      &amp#27;[31morg.openqa.selenium.ElementNotInteractableException: element not interactable
  (Session info: chrome=131.0.6778.109)
Build info: version: '4.26.0', revision: '8ccf0219d7'
System info: os.name: 'Windows 11', os.arch: 'amd64', os.version: '10.0', java.version: '21.0.5'
Driver info: org.openqa.selenium.chrome.ChromeDriver
Command: [71104ccc69912f88ffda29a4d69fb426, sendKeysToElement {value=[Ljava.lang.CharSequence;@45d0916f, id=f.0CF3F768A5CB18460CBCF213888CBCCC.d.8DB26CDAC63CE11C87C98294D34BCD90.e.51}]
Capabilities {acceptInsecureCerts: false, browserName: chrome, browserVersion: 131.0.6778.109, chrome: {chromedriverVersion: 131.0.6778.87 (ce31cae94873..., userDataDir: C:\Users\vamsh\AppData\Loca...}, fedcm:accounts: true, goog:chromeOptions: {debuggerAddress: localhost:57474}, networkConnectionEnabled: false, pageLoadStrategy: normal, platformName: windows, proxy: Proxy(), se:cdp: ws://localhost:57474/devtoo..., se:cdpVersion: 131.0.6778.109, setWindowRect: true, strictFileInteractability: false, timeouts: {implicit: 0, pageLoad: 300000, script: 30000}, unhandledPromptBehavior: dismiss and notify, webauthn:extension:credBlob: true, webauthn:extension:largeBlob: true, webauthn:extension:minPinLength: true, webauthn:extension:prf: true, webauthn:virtualAuthenticators: true}
Element: [[ChromeDriver: chrome on windows (71104ccc69912f88ffda29a4d69fb426)] -> css selector: .CodeMirror textarea]
Session ID: 71104ccc69912f88ffda29a4d69fb426
	at java.base/jdk.internal.reflect.DirectConstructorHandleAccessor.newInstance(DirectConstructorHandleAccessor.java:62)
	at java.base/java.lang.reflect.Constructor.newInstanceWithCaller(Constructor.java:502)
	at java.base/java.lang.reflect.Constructor.newInstance(Constructor.java:486)
	at org.openqa.selenium.remote.ErrorCodec.decode(ErrorCodec.java:167)
	at org.openqa.selenium.remote.codec.w3c.W3CHttpResponseCodec.decode(W3CHttpResponseCodec.java:138)
	at org.openqa.selenium.remote.codec.w3c.W3CHttpResponseCodec.decode(W3CHttpResponseCodec.java:50)
	at org.openqa.selenium.remote.HttpCommandExecutor.execute(HttpCommandExecutor.java:190)
	at org.openqa.selenium.remote.service.DriverCommandExecutor.invokeExecute(DriverCommandExecutor.java:216)
	at org.openqa.selenium.remote.service.DriverCommandExecutor.execute(DriverCommandExecutor.java:174)
	at org.openqa.selenium.remote.RemoteWebDriver.execute(RemoteWebDriver.java:545)
	at org.openqa.selenium.remote.RemoteWebElement.execute(RemoteWebElement.java:223)
	at org.openqa.selenium.remote.RemoteWebElement.sendKeys(RemoteWebElement.java:110)
	at PageObjects.IntroductionPage.enterCodeInEditor(IntroductionPage.java:146)
	at StepDefinitions.DSIntroductionDetails.the_user_write_the_invalid_code_in_editor(DSIntroductionDetails.java:138)
	at ✽.The user write the invalid code in Editor(file:///C:/Projects/Repo1/src/test/resources/Features/GraphHomepage.feature:24)
&amp#27;[0m
  &amp#27;[36mAnd &amp#27;[0m&amp#27;[36mClick the Run button&amp#27;[0m                                                       &amp#27;[90m# StepDefinitions.DSIntroductionDetails.click_the_run_button()&amp#27;[0m
  &amp#27;[36mThen &amp#27;[0m&amp#27;[36mThe user should able to see an error message in alert window&amp#27;[0m              &amp#27;[90m# StepDefinitions.DSIntroductionDetails.the_user_should_able_to_see_an_error_message_in_alert_window()&amp#27;[0m
  &amp#27;[32mAnd &amp#27;[0m&amp#27;[32mThe user clicks on Get Started link for graph&amp#27;[0m                               &amp#27;[90m# StepDefinitions.GraphStepDefintions.the_user_clicks_on_get_started_link_for_graph()&amp#27;[0m
[ERROR] 2024-12-09 21:57:26.650 [TestNG-PoolService-1] Hooks - ======================  TEST CASE FAILED !! ======================

    Embedding screenshot [image/png 7853 bytes]

[INFO ] 2024-12-09 21:57:26.805 [TestNG-PoolService-1] Hooks - ======================  Screenshot is captured  ======================
[INFO ] 2024-12-09 21:57:26.805 [TestNG-PoolService-1] Hooks - ======================  Test Execution is completed!! ======================
  &amp#27;[32mGiven &amp#27;[0m&amp#27;[32mThe user is on the graphs page under graph detials&amp#27;[0m                        &amp#27;[90m# StepDefinitions.GraphStepDefintions.the_user_is_on_the_graphs_page_under_graph_detials()&amp#27;[0m
]]></system-out>
  </testcase>
  <testcase name="runScenario[&quot;Error message displayed for invalid code on try Editor for graphs page&quot;, &quot;Title of your feature&quot;](35)" classname="TestRunners.TestRunner" time="0.444">
    <failure message="element not interactable&#10;  (Session info: MicrosoftEdge=131.0.2903.86)&#10;Build info: version: &apos;4.26.0&apos;, revision: &apos;8ccf0219d7&apos;&#10;System info: os.name: &apos;Windows 11&apos;, os.arch: &apos;amd64&apos;, os.version: &apos;10.0&apos;, java.version: &apos;21.0.5&apos;&#10;Driver info: org.openqa.selenium.edge.EdgeDriver&#10;Command: [a72403319b34595bbeb7fa9c35f8c19c, sendKeysToElement {value=[Ljava.lang.CharSequence;@10ba2fc5, id=f.71FFEFE568E522370159CEDF43F8E83B.d.FDD32721FF7922D8E28125291B0AADCB.e.38}]&#10;Capabilities {acceptInsecureCerts: false, browserName: MicrosoftEdge, browserVersion: 131.0.2903.86, fedcm:accounts: true, ms:edgeOptions: {debuggerAddress: localhost:60153}, msedge: {msedgedriverVersion: 131.0.2903.86 (cf5bf303997c..., userDataDir: C:\Users\vamsh\AppData\Loca...}, networkConnectionEnabled: false, pageLoadStrategy: normal, platformName: windows, proxy: Proxy(), se:cdp: ws://localhost:60153/devtoo..., se:cdpVersion: 131.0.2903.86, setWindowRect: true, strictFileInteractability: false, timeouts: {implicit: 0, pageLoad: 300000, script: 30000}, unhandledPromptBehavior: dismiss and notify, webauthn:extension:credBlob: true, webauthn:extension:largeBlob: true, webauthn:extension:minPinLength: true, webauthn:extension:prf: true, webauthn:virtualAuthenticators: true}&#10;Element: [[EdgeDriver: MicrosoftEdge on windows (a72403319b34595bbeb7fa9c35f8c19c)] -&gt; css selector: .CodeMirror textarea]&#10;Session ID: a72403319b34595bbeb7fa9c35f8c19c" type="org.openqa.selenium.ElementNotInteractableException"><![CDATA[org.openqa.selenium.ElementNotInteractableException: 
element not interactable
  (Session info: MicrosoftEdge=131.0.2903.86)
Build info: version: '4.26.0', revision: '8ccf0219d7'
System info: os.name: 'Windows 11', os.arch: 'amd64', os.version: '10.0', java.version: '21.0.5'
Driver info: org.openqa.selenium.edge.EdgeDriver
Command: [a72403319b34595bbeb7fa9c35f8c19c, sendKeysToElement {value=[Ljava.lang.CharSequence;@10ba2fc5, id=f.71FFEFE568E522370159CEDF43F8E83B.d.FDD32721FF7922D8E28125291B0AADCB.e.38}]
Capabilities {acceptInsecureCerts: false, browserName: MicrosoftEdge, browserVersion: 131.0.2903.86, fedcm:accounts: true, ms:edgeOptions: {debuggerAddress: localhost:60153}, msedge: {msedgedriverVersion: 131.0.2903.86 (cf5bf303997c..., userDataDir: C:\Users\vamsh\AppData\Loca...}, networkConnectionEnabled: false, pageLoadStrategy: normal, platformName: windows, proxy: Proxy(), se:cdp: ws://localhost:60153/devtoo..., se:cdpVersion: 131.0.2903.86, setWindowRect: true, strictFileInteractability: false, timeouts: {implicit: 0, pageLoad: 300000, script: 30000}, unhandledPromptBehavior: dismiss and notify, webauthn:extension:credBlob: true, webauthn:extension:largeBlob: true, webauthn:extension:minPinLength: true, webauthn:extension:prf: true, webauthn:virtualAuthenticators: true}
Element: [[EdgeDriver: MicrosoftEdge on windows (a72403319b34595bbeb7fa9c35f8c19c)] -> css selector: .CodeMirror textarea]
Session ID: a72403319b34595bbeb7fa9c35f8c19c
]]></failure>
    <system-out><![CDATA[
Scenario: Valid code on try editor for graphs runs successfully &amp#27;[90m# src/test/resources/Features/GraphHomepage.feature:34&amp#27;[0m
]]></system-out>
  </testcase>
  <testcase name="runScenario[&quot;No error message displayed for empty code on try editor for graphs page&quot;, &quot;Title of your feature&quot;](36)" classname="TestRunners.TestRunner" time="1.798">
    <system-out><![CDATA[
Scenario: Validate user can navigate to Graph Representations page &amp#27;[90m# src/test/resources/Features/GraphHomepage.feature:41&amp#27;[0m
[INFO ] 2024-12-09 21:57:27.589 [TestNG-PoolService-3] Hooks - ======================  New Test Execution is STARTED!! ======================
  &amp#27;[32mAnd &amp#27;[0m&amp#27;[32mUser clicks Try here link&amp#27;[0m                                                   &amp#27;[90m# StepDefinitions.DSIntroductionDetails.user_clicks_try_here_link()&amp#27;[0m
  &amp#27;[32mWhen &amp#27;[0m&amp#27;[32mClick the Run button&amp#27;[0m                                                       &amp#27;[90m# StepDefinitions.DSIntroductionDetails.click_the_run_button()&amp#27;[0m
  &amp#27;[32mThen &amp#27;[0m&amp#27;[32mThe user should not see any error message or alert&amp#27;[0m                         &amp#27;[90m# StepDefinitions.DSIntroductionDetails.the_user_should_not_see_any_error_message_or_alert()&amp#27;[0m
[INFO ] 2024-12-09 21:57:28.436 [TestNG-PoolService-2] Hooks - ======================  Test Execution is completed!! ======================
[INFO ] 2024-12-09 21:57:29.079 [TestNG-PoolService-1] Hooks - ======================  New Test Execution is STARTED!! ======================
]]></system-out>
    <system-err><![CDATA[Dec 09, 2024 9:57:27 PM org.openqa.selenium.devtools.CdpVersionFinder findNearestMatch
WARNING: Unable to find an exact match for CDP version 131, returning the closest version; found: 130; Please update to a Selenium version that supports CDP version 131
Dec 09, 2024 9:57:28 PM org.openqa.selenium.devtools.CdpVersionFinder findNearestMatch
WARNING: Unable to find an exact match for CDP version 131, returning the closest version; found: 130; Please update to a Selenium version that supports CDP version 131
]]></system-err>
  </testcase>
  <testcase name="runScenario[&quot;No error message displayed for empty code on try editor for graphs page&quot;, &quot;Title of your feature&quot;](36)" classname="TestRunners.TestRunner" time="2.144">
    <system-out><![CDATA[
Scenario: Validate user can navigate to Graph Representations page &amp#27;[90m# src/test/resources/Features/GraphHomepage.feature:41&amp#27;[0m
  &amp#27;[32mAnd &amp#27;[0m&amp#27;[32mUser clicks Try here link&amp#27;[0m                                                   &amp#27;[90m# StepDefinitions.DSIntroductionDetails.user_clicks_try_here_link()&amp#27;[0m
  &amp#27;[32mWhen &amp#27;[0m&amp#27;[32mClick the Run button&amp#27;[0m                                                       &amp#27;[90m# StepDefinitions.DSIntroductionDetails.click_the_run_button()&amp#27;[0m
  &amp#27;[32mThen &amp#27;[0m&amp#27;[32mThe user should not see any error message or alert&amp#27;[0m                         &amp#27;[90m# StepDefinitions.DSIntroductionDetails.the_user_should_not_see_any_error_message_or_alert()&amp#27;[0m
[INFO ] 2024-12-09 22:20:49.239 [TestNG-PoolService-3] Hooks - ======================  Test Execution is completed!! ======================
[INFO ] 2024-12-09 22:20:49.438 [TestNG-PoolService-2] Hooks - ======================  New Test Execution is STARTED!! ======================
]]></system-out>
    <system-err><![CDATA[Dec 09, 2024 10:20:49 PM org.openqa.selenium.devtools.CdpVersionFinder findNearestMatch
WARNING: Unable to find an exact match for CDP version 131, returning the closest version; found: 130; Please update to a Selenium version that supports CDP version 131
]]></system-err>
  </testcase>
  <testcase name="runScenario[&quot;Validate user can navigate to Graph Representations page&quot;, &quot;Title of your feature&quot;](37)" classname="TestRunners.TestRunner" time="4.503">
    <system-out><![CDATA[
Scenario: Validate user can click on Try here link from graph representations page &amp#27;[90m# src/test/resources/Features/GraphHomepage.feature:46&amp#27;[0m
[INFO ] 2024-12-09 21:57:30.599 [TestNG-PoolService-2] Hooks - ======================  New Test Execution is STARTED!! ======================
  &amp#27;[32mGiven &amp#27;[0m&amp#27;[32mThe user is on the DS Introduction page as signedIn&amp#27;[0m     &amp#27;[90m# StepDefinitions.DSIntroductionDetails.the_user_is_on_the_ds_introduction_page_as_signed_in()&amp#27;[0m
  &amp#27;[32mAnd &amp#27;[0m&amp#27;[32mThe user clicks on Get Started link for graph&amp#27;[0m             &amp#27;[90m# StepDefinitions.GraphStepDefintions.the_user_clicks_on_get_started_link_for_graph()&amp#27;[0m
  &amp#27;[32mGiven &amp#27;[0m&amp#27;[32mThe user is on the DS Introduction page as signedIn&amp#27;[0m        &amp#27;[90m# StepDefinitions.DSIntroductionDetails.the_user_is_on_the_ds_introduction_page_as_signed_in()&amp#27;[0m
  &amp#27;[32mGiven &amp#27;[0m&amp#27;[32mThe user is on the graphs page under graph detials&amp#27;[0m      &amp#27;[90m# StepDefinitions.GraphStepDefintions.the_user_is_on_the_graphs_page_under_graph_detials()&amp#27;[0m
  &amp#27;[32mAnd &amp#27;[0m&amp#27;[32mThe user clicks on Get Started link for graph&amp#27;[0m                &amp#27;[90m# StepDefinitions.GraphStepDefintions.the_user_clicks_on_get_started_link_for_graph()&amp#27;[0m
  &amp#27;[32mGiven &amp#27;[0m&amp#27;[32mThe user is on the graph details page&amp#27;[0m                      &amp#27;[90m# StepDefinitions.GraphStepDefintions.the_user_is_on_the_graph_details_page()&amp#27;[0m
  &amp#27;[32mAnd &amp#27;[0m&amp#27;[32mUser clicks Try here link&amp#27;[0m                                 &amp#27;[90m# StepDefinitions.DSIntroductionDetails.user_clicks_try_here_link()&amp#27;[0m
  &amp#27;[31mWhen &amp#27;[0m&amp#27;[31mThe user write the valid code in Editor&amp#27;[0m                  &amp#27;[90m# StepDefinitions.DSIntroductionDetails.the_user_write_the_valid_code_in_editor()&amp#27;[0m
      &amp#27;[31morg.openqa.selenium.ElementNotInteractableException: element not interactable
  (Session info: chrome=131.0.6778.109)
Build info: version: '4.26.0', revision: '8ccf0219d7'
System info: os.name: 'Windows 11', os.arch: 'amd64', os.version: '10.0', java.version: '21.0.5'
Driver info: org.openqa.selenium.chrome.ChromeDriver
Command: [1ad1e797423814a3a94b05172df4e4a9, sendKeysToElement {value=[Ljava.lang.CharSequence;@714b8d99, id=f.92254C42DD9F4DA7CE9F44C71F58C049.d.F503F041DC390CD01CCD537F740C3937.e.52}]
Capabilities {acceptInsecureCerts: false, browserName: chrome, browserVersion: 131.0.6778.109, chrome: {chromedriverVersion: 131.0.6778.87 (ce31cae94873..., userDataDir: C:\Users\vamsh\AppData\Loca...}, fedcm:accounts: true, goog:chromeOptions: {debuggerAddress: localhost:57605}, networkConnectionEnabled: false, pageLoadStrategy: normal, platformName: windows, proxy: Proxy(), se:cdp: ws://localhost:57605/devtoo..., se:cdpVersion: 131.0.6778.109, setWindowRect: true, strictFileInteractability: false, timeouts: {implicit: 0, pageLoad: 300000, script: 30000}, unhandledPromptBehavior: dismiss and notify, webauthn:extension:credBlob: true, webauthn:extension:largeBlob: true, webauthn:extension:minPinLength: true, webauthn:extension:prf: true, webauthn:virtualAuthenticators: true}
Element: [[ChromeDriver: chrome on windows (1ad1e797423814a3a94b05172df4e4a9)] -> css selector: .CodeMirror textarea]
Session ID: 1ad1e797423814a3a94b05172df4e4a9
	at java.base/jdk.internal.reflect.DirectConstructorHandleAccessor.newInstance(DirectConstructorHandleAccessor.java:62)
	at java.base/java.lang.reflect.Constructor.newInstanceWithCaller(Constructor.java:502)
	at java.base/java.lang.reflect.Constructor.newInstance(Constructor.java:486)
	at org.openqa.selenium.remote.ErrorCodec.decode(ErrorCodec.java:167)
	at org.openqa.selenium.remote.codec.w3c.W3CHttpResponseCodec.decode(W3CHttpResponseCodec.java:138)
	at org.openqa.selenium.remote.codec.w3c.W3CHttpResponseCodec.decode(W3CHttpResponseCodec.java:50)
	at org.openqa.selenium.remote.HttpCommandExecutor.execute(HttpCommandExecutor.java:190)
	at org.openqa.selenium.remote.service.DriverCommandExecutor.invokeExecute(DriverCommandExecutor.java:216)
	at org.openqa.selenium.remote.service.DriverCommandExecutor.execute(DriverCommandExecutor.java:174)
	at org.openqa.selenium.remote.RemoteWebDriver.execute(RemoteWebDriver.java:545)
	at org.openqa.selenium.remote.RemoteWebElement.execute(RemoteWebElement.java:223)
	at org.openqa.selenium.remote.RemoteWebElement.sendKeys(RemoteWebElement.java:110)
	at PageObjects.IntroductionPage.enterCodeInEditor(IntroductionPage.java:146)
	at StepDefinitions.DSIntroductionDetails.the_user_write_the_valid_code_in_editor(DSIntroductionDetails.java:158)
	at ✽.The user write the valid code in Editor(file:///C:/Projects/Repo1/src/test/resources/Features/GraphHomepage.feature:37)
&amp#27;[0m
  &amp#27;[36mAnd &amp#27;[0m&amp#27;[36mClick the Run button&amp#27;[0m                                      &amp#27;[90m# StepDefinitions.DSIntroductionDetails.click_the_run_button()&amp#27;[0m
  &amp#27;[36mThen &amp#27;[0m&amp#27;[36mThe user should able to see output in the console&amp#27;[0m        &amp#27;[90m# StepDefinitions.DSIntroductionDetails.the_user_should_able_to_see_output_in_the_console()&amp#27;[0m
[ERROR] 2024-12-09 21:57:33.384 [TestNG-PoolService-3] Hooks - ======================  TEST CASE FAILED !! ======================
  &amp#27;[32mWhen &amp#27;[0m&amp#27;[32mThe user click on graph representations link&amp#27;[0m                &amp#27;[90m# StepDefinitions.GraphStepDefintions.the_user_click_on_graph_representations_link()&amp#27;[0m
  &amp#27;[32mGiven &amp#27;[0m&amp#27;[32mThe user is on the DS Introduction page as signedIn&amp#27;[0m                        &amp#27;[90m# StepDefinitions.DSIntroductionDetails.the_user_is_on_the_ds_introduction_page_as_signed_in()&amp#27;[0m
  &amp#27;[32mThen &amp#27;[0m&amp#27;[32mthe user is navigated to graph representations page&amp#27;[0m         &amp#27;[90m# StepDefinitions.GraphStepDefintions.the_user_is_navigated_to_graph_representations_page()&amp#27;[0m
[INFO ] 2024-12-09 21:57:33.453 [TestNG-PoolService-1] Hooks - ======================  Test Execution is completed!! ======================

    Embedding screenshot [image/png 7853 bytes]

[INFO ] 2024-12-09 21:57:33.559 [TestNG-PoolService-3] Hooks - ======================  Screenshot is captured  ======================
[INFO ] 2024-12-09 21:57:33.562 [TestNG-PoolService-3] Hooks - ======================  Test Execution is completed!! ======================
]]></system-out>
    <system-err><![CDATA[Dec 09, 2024 9:57:30 PM org.openqa.selenium.devtools.CdpVersionFinder findNearestMatch
WARNING: Unable to find an exact match for CDP version 131, returning the closest version; found: 130; Please update to a Selenium version that supports CDP version 131
]]></system-err>
  </testcase>
  <testcase name="runScenario[&quot;Validate user can navigate to Graph Representations page&quot;, &quot;Title of your feature&quot;](37)" classname="TestRunners.TestRunner" time="10.917">
    <system-out><![CDATA[
Scenario: Validate user can click on Try here link from graph representations page &amp#27;[90m# src/test/resources/Features/GraphHomepage.feature:46&amp#27;[0m
[INFO ] 2024-12-09 22:06:54.213 [TestNG-PoolService-3] Hooks - ======================  New Test Execution is STARTED!! ======================
[INFO ] 2024-12-09 22:06:55.248 [TestNG-PoolService-2] Hooks - ======================  New Test Execution is STARTED!! ======================
[INFO ] 2024-12-09 22:06:55.828 [TestNG-PoolService-1] Hooks - ======================  New Test Execution is STARTED!! ======================
  &amp#27;[32mGiven &amp#27;[0m&amp#27;[32mThe user is on the DS Introduction page as signedIn&amp#27;[0m     &amp#27;[90m# StepDefinitions.DSIntroductionDetails.the_user_is_on_the_ds_introduction_page_as_signed_in()&amp#27;[0m
  &amp#27;[32mAnd &amp#27;[0m&amp#27;[32mThe user clicks on Get Started link for graph&amp#27;[0m             &amp#27;[90m# StepDefinitions.GraphStepDefintions.the_user_clicks_on_get_started_link_for_graph()&amp#27;[0m
  &amp#27;[32mGiven &amp#27;[0m&amp#27;[32mThe user is on the DS Introduction page as signedIn&amp#27;[0m        &amp#27;[90m# StepDefinitions.DSIntroductionDetails.the_user_is_on_the_ds_introduction_page_as_signed_in()&amp#27;[0m
  &amp#27;[32mGiven &amp#27;[0m&amp#27;[32mThe user is on the DS Introduction page as signedIn&amp#27;[0m                        &amp#27;[90m# StepDefinitions.DSIntroductionDetails.the_user_is_on_the_ds_introduction_page_as_signed_in()&amp#27;[0m
  &amp#27;[32mAnd &amp#27;[0m&amp#27;[32mThe user clicks on Get Started link for graph&amp#27;[0m                &amp#27;[90m# StepDefinitions.GraphStepDefintions.the_user_clicks_on_get_started_link_for_graph()&amp#27;[0m
  &amp#27;[32mAnd &amp#27;[0m&amp#27;[32mThe user clicks on Get Started link for graph&amp#27;[0m                                &amp#27;[90m# StepDefinitions.GraphStepDefintions.the_user_clicks_on_get_started_link_for_graph()&amp#27;[0m
  &amp#27;[32mGiven &amp#27;[0m&amp#27;[32mThe user is on the graphs page under graph detials&amp#27;[0m      &amp#27;[90m# StepDefinitions.GraphStepDefintions.the_user_is_on_the_graphs_page_under_graph_detials()&amp#27;[0m
  &amp#27;[32mGiven &amp#27;[0m&amp#27;[32mThe user is on the graph details page&amp#27;[0m                      &amp#27;[90m# StepDefinitions.GraphStepDefintions.the_user_is_on_the_graph_details_page()&amp#27;[0m
  &amp#27;[32mGiven &amp#27;[0m&amp#27;[32mThe user is on the graphs representations page&amp#27;[0m                             &amp#27;[90m# StepDefinitions.GraphStepDefintions.the_user_is_on_the_graphs_representations_page()&amp#27;[0m
  &amp#27;[32mWhen &amp#27;[0m&amp#27;[32mThe user click on graph representations link&amp#27;[0m                &amp#27;[90m# StepDefinitions.GraphStepDefintions.the_user_click_on_graph_representations_link()&amp#27;[0m
  &amp#27;[32mThen &amp#27;[0m&amp#27;[32mthe user is navigated to graph representations page&amp#27;[0m         &amp#27;[90m# StepDefinitions.GraphStepDefintions.the_user_is_navigated_to_graph_representations_page()&amp#27;[0m
[INFO ] 2024-12-09 22:06:59.238 [TestNG-PoolService-2] Hooks - ======================  Test Execution is completed!! ======================
  &amp#27;[32mAnd &amp#27;[0m&amp#27;[32mUser clicks Try here link&amp#27;[0m                                 &amp#27;[90m# StepDefinitions.DSIntroductionDetails.user_clicks_try_here_link()&amp#27;[0m
  &amp#27;[32mWhen &amp#27;[0m&amp#27;[32mThe user write the valid code in Editor&amp#27;[0m                  &amp#27;[90m# StepDefinitions.DSIntroductionDetails.the_user_write_the_valid_code_in_editor()&amp#27;[0m
  &amp#27;[32mWhen &amp#27;[0m&amp#27;[32mUser clicks Try here link&amp#27;[0m                                                   &amp#27;[90m# StepDefinitions.DSIntroductionDetails.user_clicks_try_here_link()&amp#27;[0m
  &amp#27;[32mThen &amp#27;[0m&amp#27;[32mUser should navigate to tryEditor page&amp#27;[0m                                      &amp#27;[90m# StepDefinitions.DSIntroductionDetails.user_should_navigate_to_try_editor_page()&amp#27;[0m
  &amp#27;[32mAnd &amp#27;[0m&amp#27;[32mClick the Run button&amp#27;[0m                                      &amp#27;[90m# StepDefinitions.DSIntroductionDetails.click_the_run_button()&amp#27;[0m
[INFO ] 2024-12-09 22:07:00.332 [TestNG-PoolService-1] Hooks - ======================  Test Execution is completed!! ======================
  &amp#27;[32mThen &amp#27;[0m&amp#27;[32mThe user should able to see output in the console&amp#27;[0m        &amp#27;[90m# StepDefinitions.DSIntroductionDetails.the_user_should_able_to_see_output_in_the_console()&amp#27;[0m
[INFO ] 2024-12-09 22:07:00.353 [TestNG-PoolService-3] Hooks - ======================  Test Execution is completed!! ======================
]]></system-out>
  </testcase>
  <testcase name="runScenario[&quot;Valid code on try editor for graphs runs successfully&quot;, &quot;Title of your feature&quot;](38)" classname="TestRunners.TestRunner" time="0.192">
    <failure message="element not interactable&#10;  (Session info: chrome=131.0.6778.109)&#10;Build info: version: &apos;4.26.0&apos;, revision: &apos;8ccf0219d7&apos;&#10;System info: os.name: &apos;Windows 11&apos;, os.arch: &apos;amd64&apos;, os.version: &apos;10.0&apos;, java.version: &apos;21.0.5&apos;&#10;Driver info: org.openqa.selenium.chrome.ChromeDriver&#10;Command: [1ad1e797423814a3a94b05172df4e4a9, sendKeysToElement {value=[Ljava.lang.CharSequence;@714b8d99, id=f.92254C42DD9F4DA7CE9F44C71F58C049.d.F503F041DC390CD01CCD537F740C3937.e.52}]&#10;Capabilities {acceptInsecureCerts: false, browserName: chrome, browserVersion: 131.0.6778.109, chrome: {chromedriverVersion: 131.0.6778.87 (ce31cae94873..., userDataDir: C:\Users\vamsh\AppData\Loca...}, fedcm:accounts: true, goog:chromeOptions: {debuggerAddress: localhost:57605}, networkConnectionEnabled: false, pageLoadStrategy: normal, platformName: windows, proxy: Proxy(), se:cdp: ws://localhost:57605/devtoo..., se:cdpVersion: 131.0.6778.109, setWindowRect: true, strictFileInteractability: false, timeouts: {implicit: 0, pageLoad: 300000, script: 30000}, unhandledPromptBehavior: dismiss and notify, webauthn:extension:credBlob: true, webauthn:extension:largeBlob: true, webauthn:extension:minPinLength: true, webauthn:extension:prf: true, webauthn:virtualAuthenticators: true}&#10;Element: [[ChromeDriver: chrome on windows (1ad1e797423814a3a94b05172df4e4a9)] -&gt; css selector: .CodeMirror textarea]&#10;Session ID: 1ad1e797423814a3a94b05172df4e4a9" type="org.openqa.selenium.ElementNotInteractableException"><![CDATA[org.openqa.selenium.ElementNotInteractableException: 
element not interactable
  (Session info: chrome=131.0.6778.109)
Build info: version: '4.26.0', revision: '8ccf0219d7'
System info: os.name: 'Windows 11', os.arch: 'amd64', os.version: '10.0', java.version: '21.0.5'
Driver info: org.openqa.selenium.chrome.ChromeDriver
Command: [1ad1e797423814a3a94b05172df4e4a9, sendKeysToElement {value=[Ljava.lang.CharSequence;@714b8d99, id=f.92254C42DD9F4DA7CE9F44C71F58C049.d.F503F041DC390CD01CCD537F740C3937.e.52}]
Capabilities {acceptInsecureCerts: false, browserName: chrome, browserVersion: 131.0.6778.109, chrome: {chromedriverVersion: 131.0.6778.87 (ce31cae94873..., userDataDir: C:\Users\vamsh\AppData\Loca...}, fedcm:accounts: true, goog:chromeOptions: {debuggerAddress: localhost:57605}, networkConnectionEnabled: false, pageLoadStrategy: normal, platformName: windows, proxy: Proxy(), se:cdp: ws://localhost:57605/devtoo..., se:cdpVersion: 131.0.6778.109, setWindowRect: true, strictFileInteractability: false, timeouts: {implicit: 0, pageLoad: 300000, script: 30000}, unhandledPromptBehavior: dismiss and notify, webauthn:extension:credBlob: true, webauthn:extension:largeBlob: true, webauthn:extension:minPinLength: true, webauthn:extension:prf: true, webauthn:virtualAuthenticators: true}
Element: [[ChromeDriver: chrome on windows (1ad1e797423814a3a94b05172df4e4a9)] -> css selector: .CodeMirror textarea]
Session ID: 1ad1e797423814a3a94b05172df4e4a9
]]></failure>
    <system-out><![CDATA[
Scenario: Error message displayed for invalid code on try Editor for graph representations page &amp#27;[90m# src/test/resources/Features/GraphHomepage.feature:51&amp#27;[0m
  &amp#27;[32mAnd &amp#27;[0m&amp#27;[32mThe user clicks on Get Started link for graph&amp#27;[0m                                &amp#27;[90m# StepDefinitions.GraphStepDefintions.the_user_clicks_on_get_started_link_for_graph()&amp#27;[0m
]]></system-out>
  </testcase>
  <testcase name="runScenario[&quot;Validate user can click on Try here link from graph representations page&quot;, &quot;Title of your feature&quot;](39)" classname="TestRunners.TestRunner" time="2.423">
    <system-out><![CDATA[
Scenario: No error message displayed for empty code on try editor for graph representations page &amp#27;[90m# src/test/resources/Features/GraphHomepage.feature:58&amp#27;[0m
  &amp#27;[32mGiven &amp#27;[0m&amp#27;[32mThe user is on the graphs representations page&amp#27;[0m                             &amp#27;[90m# StepDefinitions.GraphStepDefintions.the_user_is_on_the_graphs_representations_page()&amp#27;[0m
  &amp#27;[32mWhen &amp#27;[0m&amp#27;[32mUser clicks Try here link&amp#27;[0m                                                   &amp#27;[90m# StepDefinitions.DSIntroductionDetails.user_clicks_try_here_link()&amp#27;[0m
  &amp#27;[32mThen &amp#27;[0m&amp#27;[32mUser should navigate to tryEditor page&amp#27;[0m                                      &amp#27;[90m# StepDefinitions.DSIntroductionDetails.user_should_navigate_to_try_editor_page()&amp#27;[0m
[INFO ] 2024-12-09 21:57:35.591 [TestNG-PoolService-2] Hooks - ======================  Test Execution is completed!! ======================
[INFO ] 2024-12-09 21:57:35.648 [TestNG-PoolService-1] Hooks - ======================  New Test Execution is STARTED!! ======================
[INFO ] 2024-12-09 21:57:35.878 [TestNG-PoolService-3] Hooks - ======================  New Test Execution is STARTED!! ======================
]]></system-out>
    <system-err><![CDATA[Dec 09, 2024 9:57:35 PM org.openqa.selenium.devtools.CdpVersionFinder findNearestMatch
WARNING: Unable to find an exact match for CDP version 131, returning the closest version; found: 130; Please update to a Selenium version that supports CDP version 131
Dec 09, 2024 9:57:35 PM org.openqa.selenium.devtools.CdpVersionFinder findNearestMatch
WARNING: Unable to find an exact match for CDP version 131, returning the closest version; found: 130; Please update to a Selenium version that supports CDP version 131
]]></system-err>
  </testcase>
  <testcase name="runScenario[&quot;Validate user can click on Try here link from graph representations page&quot;, &quot;Title of your feature&quot;](39)" classname="TestRunners.TestRunner" time="2.256">
    <system-out><![CDATA[
Scenario: No error message displayed for empty code on try editor for graph representations page &amp#27;[90m# src/test/resources/Features/GraphHomepage.feature:58&amp#27;[0m
  &amp#27;[32mWhen &amp#27;[0m&amp#27;[32mUser clicks Try here link&amp#27;[0m                                                   &amp#27;[90m# StepDefinitions.DSIntroductionDetails.user_clicks_try_here_link()&amp#27;[0m
  &amp#27;[32mThen &amp#27;[0m&amp#27;[32mUser should navigate to tryEditor page&amp#27;[0m                                      &amp#27;[90m# StepDefinitions.DSIntroductionDetails.user_should_navigate_to_try_editor_page()&amp#27;[0m
[INFO ] 2024-12-09 22:20:58.635 [TestNG-PoolService-3] Hooks - ======================  Test Execution is completed!! ======================
[INFO ] 2024-12-09 22:20:58.792 [TestNG-PoolService-2] Hooks - ======================  New Test Execution is STARTED!! ======================
]]></system-out>
    <system-err><![CDATA[Dec 09, 2024 10:20:58 PM org.openqa.selenium.devtools.CdpVersionFinder findNearestMatch
WARNING: Unable to find an exact match for CDP version 131, returning the closest version; found: 130; Please update to a Selenium version that supports CDP version 131
]]></system-err>
  </testcase>
  <testcase name="runScenario[&quot;Error message displayed for invalid code on try Editor for graph representations page&quot;, &quot;Title of your feature&quot;](40)" classname="TestRunners.TestRunner" time="4.617">
    <system-out><![CDATA[
Scenario: Valid code on try editor for graph representations runs successfully &amp#27;[90m# src/test/resources/Features/GraphHomepage.feature:64&amp#27;[0m
[INFO ] 2024-12-09 21:57:37.882 [TestNG-PoolService-2] Hooks - ======================  New Test Execution is STARTED!! ======================
  &amp#27;[32mGiven &amp#27;[0m&amp#27;[32mThe user is on the DS Introduction page as signedIn&amp#27;[0m                                     &amp#27;[90m# StepDefinitions.DSIntroductionDetails.the_user_is_on_the_ds_introduction_page_as_signed_in()&amp#27;[0m
  &amp#27;[32mAnd &amp#27;[0m&amp#27;[32mThe user clicks on Get Started link for graph&amp#27;[0m                                             &amp#27;[90m# StepDefinitions.GraphStepDefintions.the_user_clicks_on_get_started_link_for_graph()&amp#27;[0m
  &amp#27;[32mGiven &amp#27;[0m&amp#27;[32mThe user is on the graphs representations page&amp#27;[0m                                          &amp#27;[90m# StepDefinitions.GraphStepDefintions.the_user_is_on_the_graphs_representations_page()&amp#27;[0m
  &amp#27;[32mGiven &amp#27;[0m&amp#27;[32mThe user is on the DS Introduction page as signedIn&amp#27;[0m                                      &amp#27;[90m# StepDefinitions.DSIntroductionDetails.the_user_is_on_the_ds_introduction_page_as_signed_in()&amp#27;[0m
  &amp#27;[32mAnd &amp#27;[0m&amp#27;[32mThe user clicks on Get Started link for graph&amp#27;[0m                                              &amp#27;[90m# StepDefinitions.GraphStepDefintions.the_user_clicks_on_get_started_link_for_graph()&amp#27;[0m
  &amp#27;[32mAnd &amp#27;[0m&amp#27;[32mUser clicks Try here link&amp#27;[0m                                                                 &amp#27;[90m# StepDefinitions.DSIntroductionDetails.user_clicks_try_here_link()&amp#27;[0m
  &amp#27;[32mGiven &amp#27;[0m&amp#27;[32mThe user is on the graphs representations page&amp#27;[0m                                           &amp#27;[90m# StepDefinitions.GraphStepDefintions.the_user_is_on_the_graphs_representations_page()&amp#27;[0m
  &amp#27;[32mWhen &amp#27;[0m&amp#27;[32mThe user write the invalid code in Editor&amp#27;[0m                                                &amp#27;[90m# StepDefinitions.DSIntroductionDetails.the_user_write_the_invalid_code_in_editor()&amp#27;[0m
  &amp#27;[32mGiven &amp#27;[0m&amp#27;[32mThe user is on the DS Introduction page as signedIn&amp#27;[0m                    &amp#27;[90m# StepDefinitions.DSIntroductionDetails.the_user_is_on_the_ds_introduction_page_as_signed_in()&amp#27;[0m
  &amp#27;[32mAnd &amp#27;[0m&amp#27;[32mClick the Run button&amp#27;[0m                                                                      &amp#27;[90m# StepDefinitions.DSIntroductionDetails.click_the_run_button()&amp#27;[0m
  &amp#27;[32mThen &amp#27;[0m&amp#27;[32mThe user should able to see an error message in alert window&amp#27;[0m                             &amp#27;[90m# StepDefinitions.DSIntroductionDetails.the_user_should_able_to_see_an_error_message_in_alert_window()&amp#27;[0m
[INFO ] 2024-12-09 21:57:40.642 [TestNG-PoolService-1] Hooks - ======================  Test Execution is completed!! ======================
  &amp#27;[32mAnd &amp#27;[0m&amp#27;[32mThe user clicks on Get Started link for graph&amp#27;[0m                            &amp#27;[90m# StepDefinitions.GraphStepDefintions.the_user_clicks_on_get_started_link_for_graph()&amp#27;[0m
]]></system-out>
    <system-err><![CDATA[Dec 09, 2024 9:57:37 PM org.openqa.selenium.devtools.CdpVersionFinder findNearestMatch
WARNING: Unable to find an exact match for CDP version 131, returning the closest version; found: 130; Please update to a Selenium version that supports CDP version 131
]]></system-err>
  </testcase>
  <testcase name="runScenario[&quot;Error message displayed for invalid code on try Editor for graph representations page&quot;, &quot;Title of your feature&quot;](40)" classname="TestRunners.TestRunner" time="11.655">
    <system-out><![CDATA[
Scenario: Valid code on try editor for graph representations runs successfully &amp#27;[90m# src/test/resources/Features/GraphHomepage.feature:64&amp#27;[0m
[INFO ] 2024-12-09 22:07:06.241 [TestNG-PoolService-2] Hooks - ======================  New Test Execution is STARTED!! ======================
[INFO ] 2024-12-09 22:07:07.550 [TestNG-PoolService-1] Hooks - ======================  New Test Execution is STARTED!! ======================
[INFO ] 2024-12-09 22:07:08.073 [TestNG-PoolService-3] Hooks - ======================  New Test Execution is STARTED!! ======================
  &amp#27;[32mGiven &amp#27;[0m&amp#27;[32mThe user is on the DS Introduction page as signedIn&amp#27;[0m                                     &amp#27;[90m# StepDefinitions.DSIntroductionDetails.the_user_is_on_the_ds_introduction_page_as_signed_in()&amp#27;[0m
  &amp#27;[32mAnd &amp#27;[0m&amp#27;[32mThe user clicks on Get Started link for graph&amp#27;[0m                                             &amp#27;[90m# StepDefinitions.GraphStepDefintions.the_user_clicks_on_get_started_link_for_graph()&amp#27;[0m
  &amp#27;[32mGiven &amp#27;[0m&amp#27;[32mThe user is on the graphs representations page&amp#27;[0m                                          &amp#27;[90m# StepDefinitions.GraphStepDefintions.the_user_is_on_the_graphs_representations_page()&amp#27;[0m
  &amp#27;[32mGiven &amp#27;[0m&amp#27;[32mThe user is on the DS Introduction page as signedIn&amp#27;[0m                    &amp#27;[90m# StepDefinitions.DSIntroductionDetails.the_user_is_on_the_ds_introduction_page_as_signed_in()&amp#27;[0m
  &amp#27;[32mGiven &amp#27;[0m&amp#27;[32mThe user is on the DS Introduction page as signedIn&amp#27;[0m                                      &amp#27;[90m# StepDefinitions.DSIntroductionDetails.the_user_is_on_the_ds_introduction_page_as_signed_in()&amp#27;[0m
  &amp#27;[32mAnd &amp#27;[0m&amp#27;[32mThe user clicks on Get Started link for graph&amp#27;[0m                            &amp#27;[90m# StepDefinitions.GraphStepDefintions.the_user_clicks_on_get_started_link_for_graph()&amp#27;[0m
  &amp#27;[32mAnd &amp#27;[0m&amp#27;[32mThe user clicks on Get Started link for graph&amp#27;[0m                                              &amp#27;[90m# StepDefinitions.GraphStepDefintions.the_user_clicks_on_get_started_link_for_graph()&amp#27;[0m
  &amp#27;[32mGiven &amp#27;[0m&amp#27;[32mThe user is on the graphs representations page&amp#27;[0m                         &amp#27;[90m# StepDefinitions.GraphStepDefintions.the_user_is_on_the_graphs_representations_page()&amp#27;[0m
  &amp#27;[32mAnd &amp#27;[0m&amp#27;[32mUser clicks Try here link&amp#27;[0m                                                                 &amp#27;[90m# StepDefinitions.DSIntroductionDetails.user_clicks_try_here_link()&amp#27;[0m
  &amp#27;[32mWhen &amp#27;[0m&amp#27;[32mThe user write the invalid code in Editor&amp#27;[0m                                                &amp#27;[90m# StepDefinitions.DSIntroductionDetails.the_user_write_the_invalid_code_in_editor()&amp#27;[0m
  &amp#27;[32mGiven &amp#27;[0m&amp#27;[32mThe user is on the graphs representations page&amp#27;[0m                                           &amp#27;[90m# StepDefinitions.GraphStepDefintions.the_user_is_on_the_graphs_representations_page()&amp#27;[0m
  &amp#27;[32mAnd &amp#27;[0m&amp#27;[32mClick the Run button&amp#27;[0m                                                                      &amp#27;[90m# StepDefinitions.DSIntroductionDetails.click_the_run_button()&amp#27;[0m
  &amp#27;[32mThen &amp#27;[0m&amp#27;[32mThe user should able to see an error message in alert window&amp#27;[0m                             &amp#27;[90m# StepDefinitions.DSIntroductionDetails.the_user_should_able_to_see_an_error_message_in_alert_window()&amp#27;[0m
[INFO ] 2024-12-09 22:07:11.980 [TestNG-PoolService-2] Hooks - ======================  Test Execution is completed!! ======================
  &amp#27;[32mAnd &amp#27;[0m&amp#27;[32mUser clicks Try here link&amp#27;[0m                                                &amp#27;[90m# StepDefinitions.DSIntroductionDetails.user_clicks_try_here_link()&amp#27;[0m
  &amp#27;[32mWhen &amp#27;[0m&amp#27;[32mThe user write the valid code in Editor&amp#27;[0m                                 &amp#27;[90m# StepDefinitions.DSIntroductionDetails.the_user_write_the_valid_code_in_editor()&amp#27;[0m
  &amp#27;[32mAnd &amp#27;[0m&amp#27;[32mClick the Run button&amp#27;[0m                                                     &amp#27;[90m# StepDefinitions.DSIntroductionDetails.click_the_run_button()&amp#27;[0m
  &amp#27;[32mThen &amp#27;[0m&amp#27;[32mThe user should able to see output in the console&amp#27;[0m                       &amp#27;[90m# StepDefinitions.DSIntroductionDetails.the_user_should_able_to_see_output_in_the_console()&amp#27;[0m
[INFO ] 2024-12-09 22:07:12.784 [TestNG-PoolService-3] Hooks - ======================  Test Execution is completed!! ======================
  &amp#27;[32mAnd &amp#27;[0m&amp#27;[32mUser clicks Try here link&amp#27;[0m                                                                  &amp#27;[90m# StepDefinitions.DSIntroductionDetails.user_clicks_try_here_link()&amp#27;[0m
  &amp#27;[32mWhen &amp#27;[0m&amp#27;[32mClick the Run button&amp#27;[0m                                                                      &amp#27;[90m# StepDefinitions.DSIntroductionDetails.click_the_run_button()&amp#27;[0m
  &amp#27;[32mThen &amp#27;[0m&amp#27;[32mThe user should not see any error message or alert&amp#27;[0m                                        &amp#27;[90m# StepDefinitions.DSIntroductionDetails.the_user_should_not_see_any_error_message_or_alert()&amp#27;[0m
[INFO ] 2024-12-09 22:07:13.139 [TestNG-PoolService-1] Hooks - ======================  Test Execution is completed!! ======================
]]></system-out>
  </testcase>
  <testcase name="runScenario[&quot;Error message displayed for invalid code on try Editor for graph representations page&quot;, &quot;Title of your feature&quot;](40)" classname="TestRunners.TestRunner" time="6.852">
    <failure message="element not interactable&#10;  (Session info: MicrosoftEdge=131.0.2903.86)&#10;Build info: version: &apos;4.26.0&apos;, revision: &apos;8ccf0219d7&apos;&#10;System info: os.name: &apos;Windows 11&apos;, os.arch: &apos;amd64&apos;, os.version: &apos;10.0&apos;, java.version: &apos;21.0.5&apos;&#10;Driver info: org.openqa.selenium.edge.EdgeDriver&#10;Command: [5b801fbe805e6bb2488ac54c64737db2, sendKeysToElement {value=[Ljava.lang.CharSequence;@34ba7f86, id=f.C77B4D870C19F206B2BD69E1A06588E6.d.F9883C11499BDF7EA21EC68D427E228B.e.39}]&#10;Capabilities {acceptInsecureCerts: false, browserName: MicrosoftEdge, browserVersion: 131.0.2903.86, fedcm:accounts: true, ms:edgeOptions: {debuggerAddress: localhost:60371}, msedge: {msedgedriverVersion: 131.0.2903.86 (cf5bf303997c..., userDataDir: C:\Users\vamsh\AppData\Loca...}, networkConnectionEnabled: false, pageLoadStrategy: normal, platformName: windows, proxy: Proxy(), se:cdp: ws://localhost:60371/devtoo..., se:cdpVersion: 131.0.2903.86, setWindowRect: true, strictFileInteractability: false, timeouts: {implicit: 0, pageLoad: 300000, script: 30000}, unhandledPromptBehavior: dismiss and notify, webauthn:extension:credBlob: true, webauthn:extension:largeBlob: true, webauthn:extension:minPinLength: true, webauthn:extension:prf: true, webauthn:virtualAuthenticators: true}&#10;Element: [[EdgeDriver: MicrosoftEdge on windows (5b801fbe805e6bb2488ac54c64737db2)] -&gt; css selector: .CodeMirror textarea]&#10;Session ID: 5b801fbe805e6bb2488ac54c64737db2" type="org.openqa.selenium.ElementNotInteractableException"><![CDATA[org.openqa.selenium.ElementNotInteractableException: 
element not interactable
  (Session info: MicrosoftEdge=131.0.2903.86)
Build info: version: '4.26.0', revision: '8ccf0219d7'
System info: os.name: 'Windows 11', os.arch: 'amd64', os.version: '10.0', java.version: '21.0.5'
Driver info: org.openqa.selenium.edge.EdgeDriver
Command: [5b801fbe805e6bb2488ac54c64737db2, sendKeysToElement {value=[Ljava.lang.CharSequence;@34ba7f86, id=f.C77B4D870C19F206B2BD69E1A06588E6.d.F9883C11499BDF7EA21EC68D427E228B.e.39}]
Capabilities {acceptInsecureCerts: false, browserName: MicrosoftEdge, browserVersion: 131.0.2903.86, fedcm:accounts: true, ms:edgeOptions: {debuggerAddress: localhost:60371}, msedge: {msedgedriverVersion: 131.0.2903.86 (cf5bf303997c..., userDataDir: C:\Users\vamsh\AppData\Loca...}, networkConnectionEnabled: false, pageLoadStrategy: normal, platformName: windows, proxy: Proxy(), se:cdp: ws://localhost:60371/devtoo..., se:cdpVersion: 131.0.2903.86, setWindowRect: true, strictFileInteractability: false, timeouts: {implicit: 0, pageLoad: 300000, script: 30000}, unhandledPromptBehavior: dismiss and notify, webauthn:extension:credBlob: true, webauthn:extension:largeBlob: true, webauthn:extension:minPinLength: true, webauthn:extension:prf: true, webauthn:virtualAuthenticators: true}
Element: [[EdgeDriver: MicrosoftEdge on windows (5b801fbe805e6bb2488ac54c64737db2)] -> css selector: .CodeMirror textarea]
Session ID: 5b801fbe805e6bb2488ac54c64737db2
]]></failure>
    <system-out><![CDATA[
Scenario: Valid code on try editor for graph representations runs successfully &amp#27;[90m# src/test/resources/Features/GraphHomepage.feature:64&amp#27;[0m
[INFO ] 2024-12-09 22:21:02.720 [TestNG-PoolService-1] Hooks - ======================  New Test Execution is STARTED!! ======================
[INFO ] 2024-12-09 22:21:03.366 [TestNG-PoolService-3] Hooks - ======================  New Test Execution is STARTED!! ======================
  &amp#27;[32mGiven &amp#27;[0m&amp#27;[32mThe user is on the DS Introduction page as signedIn&amp#27;[0m                                     &amp#27;[90m# StepDefinitions.DSIntroductionDetails.the_user_is_on_the_ds_introduction_page_as_signed_in()&amp#27;[0m
  &amp#27;[32mAnd &amp#27;[0m&amp#27;[32mThe user clicks on Get Started link for graph&amp#27;[0m                                             &amp#27;[90m# StepDefinitions.GraphStepDefintions.the_user_clicks_on_get_started_link_for_graph()&amp#27;[0m
  &amp#27;[32mGiven &amp#27;[0m&amp#27;[32mThe user is on the graphs representations page&amp#27;[0m                                          &amp#27;[90m# StepDefinitions.GraphStepDefintions.the_user_is_on_the_graphs_representations_page()&amp#27;[0m
  &amp#27;[32mAnd &amp#27;[0m&amp#27;[32mUser clicks Try here link&amp#27;[0m                                                                 &amp#27;[90m# StepDefinitions.DSIntroductionDetails.user_clicks_try_here_link()&amp#27;[0m
  &amp#27;[31mWhen &amp#27;[0m&amp#27;[31mThe user write the invalid code in Editor&amp#27;[0m                                                &amp#27;[90m# StepDefinitions.DSIntroductionDetails.the_user_write_the_invalid_code_in_editor()&amp#27;[0m
      &amp#27;[31morg.openqa.selenium.ElementNotInteractableException: element not interactable
  (Session info: MicrosoftEdge=131.0.2903.86)
Build info: version: '4.26.0', revision: '8ccf0219d7'
System info: os.name: 'Windows 11', os.arch: 'amd64', os.version: '10.0', java.version: '21.0.5'
Driver info: org.openqa.selenium.edge.EdgeDriver
Command: [5b801fbe805e6bb2488ac54c64737db2, sendKeysToElement {value=[Ljava.lang.CharSequence;@34ba7f86, id=f.C77B4D870C19F206B2BD69E1A06588E6.d.F9883C11499BDF7EA21EC68D427E228B.e.39}]
Capabilities {acceptInsecureCerts: false, browserName: MicrosoftEdge, browserVersion: 131.0.2903.86, fedcm:accounts: true, ms:edgeOptions: {debuggerAddress: localhost:60371}, msedge: {msedgedriverVersion: 131.0.2903.86 (cf5bf303997c..., userDataDir: C:\Users\vamsh\AppData\Loca...}, networkConnectionEnabled: false, pageLoadStrategy: normal, platformName: windows, proxy: Proxy(), se:cdp: ws://localhost:60371/devtoo..., se:cdpVersion: 131.0.2903.86, setWindowRect: true, strictFileInteractability: false, timeouts: {implicit: 0, pageLoad: 300000, script: 30000}, unhandledPromptBehavior: dismiss and notify, webauthn:extension:credBlob: true, webauthn:extension:largeBlob: true, webauthn:extension:minPinLength: true, webauthn:extension:prf: true, webauthn:virtualAuthenticators: true}
Element: [[EdgeDriver: MicrosoftEdge on windows (5b801fbe805e6bb2488ac54c64737db2)] -> css selector: .CodeMirror textarea]
Session ID: 5b801fbe805e6bb2488ac54c64737db2
	at java.base/jdk.internal.reflect.DirectConstructorHandleAccessor.newInstance(DirectConstructorHandleAccessor.java:62)
	at java.base/java.lang.reflect.Constructor.newInstanceWithCaller(Constructor.java:502)
	at java.base/java.lang.reflect.Constructor.newInstance(Constructor.java:486)
	at org.openqa.selenium.remote.ErrorCodec.decode(ErrorCodec.java:167)
	at org.openqa.selenium.remote.codec.w3c.W3CHttpResponseCodec.decode(W3CHttpResponseCodec.java:138)
	at org.openqa.selenium.remote.codec.w3c.W3CHttpResponseCodec.decode(W3CHttpResponseCodec.java:50)
	at org.openqa.selenium.remote.HttpCommandExecutor.execute(HttpCommandExecutor.java:190)
	at org.openqa.selenium.remote.service.DriverCommandExecutor.invokeExecute(DriverCommandExecutor.java:216)
	at org.openqa.selenium.remote.service.DriverCommandExecutor.execute(DriverCommandExecutor.java:174)
	at org.openqa.selenium.remote.RemoteWebDriver.execute(RemoteWebDriver.java:545)
	at org.openqa.selenium.remote.RemoteWebElement.execute(RemoteWebElement.java:223)
	at org.openqa.selenium.remote.RemoteWebElement.sendKeys(RemoteWebElement.java:110)
	at PageObjects.IntroductionPage.enterCodeInEditor(IntroductionPage.java:146)
	at StepDefinitions.DSIntroductionDetails.the_user_write_the_invalid_code_in_editor(DSIntroductionDetails.java:138)
	at ✽.The user write the invalid code in Editor(file:///C:/Projects/Repo1/src/test/resources/Features/GraphHomepage.feature:54)
&amp#27;[0m
  &amp#27;[36mAnd &amp#27;[0m&amp#27;[36mClick the Run button&amp#27;[0m                                                                      &amp#27;[90m# StepDefinitions.DSIntroductionDetails.click_the_run_button()&amp#27;[0m
  &amp#27;[36mThen &amp#27;[0m&amp#27;[36mThe user should able to see an error message in alert window&amp#27;[0m                             &amp#27;[90m# StepDefinitions.DSIntroductionDetails.the_user_should_able_to_see_an_error_message_in_alert_window()&amp#27;[0m
[ERROR] 2024-12-09 22:21:05.230 [TestNG-PoolService-2] Hooks - ======================  TEST CASE FAILED !! ======================

    Embedding screenshot [image/png 7890 bytes]

[INFO ] 2024-12-09 22:21:05.415 [TestNG-PoolService-2] Hooks - ======================  Screenshot is captured  ======================
[INFO ] 2024-12-09 22:21:05.417 [TestNG-PoolService-2] Hooks - ======================  Test Execution is completed!! ======================
  &amp#27;[32mGiven &amp#27;[0m&amp#27;[32mThe user is on the DS Introduction page as signedIn&amp#27;[0m                                      &amp#27;[90m# StepDefinitions.DSIntroductionDetails.the_user_is_on_the_ds_introduction_page_as_signed_in()&amp#27;[0m
  &amp#27;[32mAnd &amp#27;[0m&amp#27;[32mThe user clicks on Get Started link for graph&amp#27;[0m                                              &amp#27;[90m# StepDefinitions.GraphStepDefintions.the_user_clicks_on_get_started_link_for_graph()&amp#27;[0m
  &amp#27;[32mGiven &amp#27;[0m&amp#27;[32mThe user is on the DS Introduction page as signedIn&amp#27;[0m                    &amp#27;[90m# StepDefinitions.DSIntroductionDetails.the_user_is_on_the_ds_introduction_page_as_signed_in()&amp#27;[0m
  &amp#27;[32mGiven &amp#27;[0m&amp#27;[32mThe user is on the graphs representations page&amp#27;[0m                                           &amp#27;[90m# StepDefinitions.GraphStepDefintions.the_user_is_on_the_graphs_representations_page()&amp#27;[0m
  &amp#27;[32mAnd &amp#27;[0m&amp#27;[32mThe user clicks on Get Started link for graph&amp#27;[0m                            &amp#27;[90m# StepDefinitions.GraphStepDefintions.the_user_clicks_on_get_started_link_for_graph()&amp#27;[0m
]]></system-out>
    <system-err><![CDATA[Dec 09, 2024 10:21:02 PM org.openqa.selenium.devtools.CdpVersionFinder findNearestMatch
WARNING: Unable to find an exact match for CDP version 131, returning the closest version; found: 130; Please update to a Selenium version that supports CDP version 131
Dec 09, 2024 10:21:03 PM org.openqa.selenium.devtools.CdpVersionFinder findNearestMatch
WARNING: Unable to find an exact match for CDP version 131, returning the closest version; found: 130; Please update to a Selenium version that supports CDP version 131
]]></system-err>
  </testcase>
  <testcase name="runScenario[&quot;No error message displayed for empty code on try editor for graph representations page&quot;, &quot;Title of your feature&quot;](41)" classname="TestRunners.TestRunner" time="0.755">
    <system-out><![CDATA[
Scenario: Validate user lands on default home page                                                    &amp#27;[90m# src/test/resources/Features/HomePage.feature:3&amp#27;[0m
  &amp#27;[32mAnd &amp#27;[0m&amp#27;[32mUser clicks Try here link&amp#27;[0m                                                                  &amp#27;[90m# StepDefinitions.DSIntroductionDetails.user_clicks_try_here_link()&amp#27;[0m
  &amp#27;[32mGiven &amp#27;[0m&amp#27;[32mThe user is on the graphs representations page&amp#27;[0m                         &amp#27;[90m# StepDefinitions.GraphStepDefintions.the_user_is_on_the_graphs_representations_page()&amp#27;[0m
  &amp#27;[32mWhen &amp#27;[0m&amp#27;[32mClick the Run button&amp#27;[0m                                                                      &amp#27;[90m# StepDefinitions.DSIntroductionDetails.click_the_run_button()&amp#27;[0m
  &amp#27;[32mThen &amp#27;[0m&amp#27;[32mThe user should not see any error message or alert&amp#27;[0m                                        &amp#27;[90m# StepDefinitions.DSIntroductionDetails.the_user_should_not_see_any_error_message_or_alert()&amp#27;[0m
[INFO ] 2024-12-09 21:57:41.456 [TestNG-PoolService-3] Hooks - ======================  Test Execution is completed!! ======================
]]></system-out>
  </testcase>
  <testcase name="runScenario[&quot;No error message displayed for empty code on try editor for graph representations page&quot;, &quot;Title of your feature&quot;](41)" classname="TestRunners.TestRunner" time="1.506">
    <system-out><![CDATA[
Scenario: Validate user lands on default home page                                                    &amp#27;[90m# src/test/resources/Features/HomePage.feature:3&amp#27;[0m
  &amp#27;[32mAnd &amp#27;[0m&amp#27;[32mUser clicks Try here link&amp#27;[0m                                                                  &amp#27;[90m# StepDefinitions.DSIntroductionDetails.user_clicks_try_here_link()&amp#27;[0m
  &amp#27;[32mGiven &amp#27;[0m&amp#27;[32mThe user is on the graphs representations page&amp#27;[0m                         &amp#27;[90m# StepDefinitions.GraphStepDefintions.the_user_is_on_the_graphs_representations_page()&amp#27;[0m
  &amp#27;[32mWhen &amp#27;[0m&amp#27;[32mClick the Run button&amp#27;[0m                                                                      &amp#27;[90m# StepDefinitions.DSIntroductionDetails.click_the_run_button()&amp#27;[0m
  &amp#27;[32mThen &amp#27;[0m&amp#27;[32mThe user should not see any error message or alert&amp#27;[0m                                        &amp#27;[90m# StepDefinitions.DSIntroductionDetails.the_user_should_not_see_any_error_message_or_alert()&amp#27;[0m
[INFO ] 2024-12-09 22:21:07.228 [TestNG-PoolService-1] Hooks - ======================  Test Execution is completed!! ======================
  &amp#27;[32mAnd &amp#27;[0m&amp#27;[32mUser clicks Try here link&amp#27;[0m                                                &amp#27;[90m# StepDefinitions.DSIntroductionDetails.user_clicks_try_here_link()&amp#27;[0m
  &amp#27;[32mWhen &amp#27;[0m&amp#27;[32mThe user write the valid code in Editor&amp#27;[0m                                 &amp#27;[90m# StepDefinitions.DSIntroductionDetails.the_user_write_the_valid_code_in_editor()&amp#27;[0m
  &amp#27;[32mAnd &amp#27;[0m&amp#27;[32mClick the Run button&amp#27;[0m                                                     &amp#27;[90m# StepDefinitions.DSIntroductionDetails.click_the_run_button()&amp#27;[0m
  &amp#27;[32mThen &amp#27;[0m&amp#27;[32mThe user should able to see output in the console&amp#27;[0m                       &amp#27;[90m# StepDefinitions.DSIntroductionDetails.the_user_should_able_to_see_output_in_the_console()&amp#27;[0m
[INFO ] 2024-12-09 22:21:08.002 [TestNG-PoolService-3] Hooks - ======================  Test Execution is completed!! ======================
[INFO ] 2024-12-09 22:21:08.452 [TestNG-PoolService-2] Hooks - ======================  New Test Execution is STARTED!! ======================
]]></system-out>
    <system-err><![CDATA[Dec 09, 2024 10:21:08 PM org.openqa.selenium.devtools.CdpVersionFinder findNearestMatch
WARNING: Unable to find an exact match for CDP version 131, returning the closest version; found: 130; Please update to a Selenium version that supports CDP version 131
]]></system-err>
  </testcase>
  <testcase name="runScenario[&quot;Valid code on try editor for graph representations runs successfully&quot;, &quot;Title of your feature&quot;](42)" classname="TestRunners.TestRunner" time="1.32">
    <failure message="element not interactable&#10;  (Session info: chrome=131.0.6778.109)&#10;Build info: version: &apos;4.26.0&apos;, revision: &apos;8ccf0219d7&apos;&#10;System info: os.name: &apos;Windows 11&apos;, os.arch: &apos;amd64&apos;, os.version: &apos;10.0&apos;, java.version: &apos;21.0.5&apos;&#10;Driver info: org.openqa.selenium.chrome.ChromeDriver&#10;Command: [07a9be2b74ac8ae8eb1183b293b4c931, sendKeysToElement {value=[Ljava.lang.CharSequence;@1be4ab1b, id=f.2777AEABBC4B7892CFD04597804FEF92.d.F039D8E35103D92E7CF32A690AB2F742.e.52}]&#10;Capabilities {acceptInsecureCerts: false, browserName: chrome, browserVersion: 131.0.6778.109, chrome: {chromedriverVersion: 131.0.6778.87 (ce31cae94873..., userDataDir: C:\Users\vamsh\AppData\Loca...}, fedcm:accounts: true, goog:chromeOptions: {debuggerAddress: localhost:57872}, networkConnectionEnabled: false, pageLoadStrategy: normal, platformName: windows, proxy: Proxy(), se:cdp: ws://localhost:57872/devtoo..., se:cdpVersion: 131.0.6778.109, setWindowRect: true, strictFileInteractability: false, timeouts: {implicit: 0, pageLoad: 300000, script: 30000}, unhandledPromptBehavior: dismiss and notify, webauthn:extension:credBlob: true, webauthn:extension:largeBlob: true, webauthn:extension:minPinLength: true, webauthn:extension:prf: true, webauthn:virtualAuthenticators: true}&#10;Element: [[ChromeDriver: chrome on windows (07a9be2b74ac8ae8eb1183b293b4c931)] -&gt; css selector: .CodeMirror textarea]&#10;Session ID: 07a9be2b74ac8ae8eb1183b293b4c931" type="org.openqa.selenium.ElementNotInteractableException"><![CDATA[org.openqa.selenium.ElementNotInteractableException: 
element not interactable
  (Session info: chrome=131.0.6778.109)
Build info: version: '4.26.0', revision: '8ccf0219d7'
System info: os.name: 'Windows 11', os.arch: 'amd64', os.version: '10.0', java.version: '21.0.5'
Driver info: org.openqa.selenium.chrome.ChromeDriver
Command: [07a9be2b74ac8ae8eb1183b293b4c931, sendKeysToElement {value=[Ljava.lang.CharSequence;@1be4ab1b, id=f.2777AEABBC4B7892CFD04597804FEF92.d.F039D8E35103D92E7CF32A690AB2F742.e.52}]
Capabilities {acceptInsecureCerts: false, browserName: chrome, browserVersion: 131.0.6778.109, chrome: {chromedriverVersion: 131.0.6778.87 (ce31cae94873..., userDataDir: C:\Users\vamsh\AppData\Loca...}, fedcm:accounts: true, goog:chromeOptions: {debuggerAddress: localhost:57872}, networkConnectionEnabled: false, pageLoadStrategy: normal, platformName: windows, proxy: Proxy(), se:cdp: ws://localhost:57872/devtoo..., se:cdpVersion: 131.0.6778.109, setWindowRect: true, strictFileInteractability: false, timeouts: {implicit: 0, pageLoad: 300000, script: 30000}, unhandledPromptBehavior: dismiss and notify, webauthn:extension:credBlob: true, webauthn:extension:largeBlob: true, webauthn:extension:minPinLength: true, webauthn:extension:prf: true, webauthn:virtualAuthenticators: true}
Element: [[ChromeDriver: chrome on windows (07a9be2b74ac8ae8eb1183b293b4c931)] -> css selector: .CodeMirror textarea]
Session ID: 07a9be2b74ac8ae8eb1183b293b4c931
]]></failure>
    <system-out><![CDATA[
Scenario: Validate user navigate to DS Intro Page                                               &amp#27;[90m# src/test/resources/Features/HomePage.feature:7&amp#27;[0m
  &amp#27;[32mAnd &amp#27;[0m&amp#27;[32mUser clicks Try here link&amp#27;[0m                                                &amp#27;[90m# StepDefinitions.DSIntroductionDetails.user_clicks_try_here_link()&amp#27;[0m
  &amp#27;[31mWhen &amp#27;[0m&amp#27;[31mThe user write the valid code in Editor&amp#27;[0m                                 &amp#27;[90m# StepDefinitions.DSIntroductionDetails.the_user_write_the_valid_code_in_editor()&amp#27;[0m
      &amp#27;[31morg.openqa.selenium.ElementNotInteractableException: element not interactable
  (Session info: chrome=131.0.6778.109)
Build info: version: '4.26.0', revision: '8ccf0219d7'
System info: os.name: 'Windows 11', os.arch: 'amd64', os.version: '10.0', java.version: '21.0.5'
Driver info: org.openqa.selenium.chrome.ChromeDriver
Command: [07a9be2b74ac8ae8eb1183b293b4c931, sendKeysToElement {value=[Ljava.lang.CharSequence;@1be4ab1b, id=f.2777AEABBC4B7892CFD04597804FEF92.d.F039D8E35103D92E7CF32A690AB2F742.e.52}]
Capabilities {acceptInsecureCerts: false, browserName: chrome, browserVersion: 131.0.6778.109, chrome: {chromedriverVersion: 131.0.6778.87 (ce31cae94873..., userDataDir: C:\Users\vamsh\AppData\Loca...}, fedcm:accounts: true, goog:chromeOptions: {debuggerAddress: localhost:57872}, networkConnectionEnabled: false, pageLoadStrategy: normal, platformName: windows, proxy: Proxy(), se:cdp: ws://localhost:57872/devtoo..., se:cdpVersion: 131.0.6778.109, setWindowRect: true, strictFileInteractability: false, timeouts: {implicit: 0, pageLoad: 300000, script: 30000}, unhandledPromptBehavior: dismiss and notify, webauthn:extension:credBlob: true, webauthn:extension:largeBlob: true, webauthn:extension:minPinLength: true, webauthn:extension:prf: true, webauthn:virtualAuthenticators: true}
Element: [[ChromeDriver: chrome on windows (07a9be2b74ac8ae8eb1183b293b4c931)] -> css selector: .CodeMirror textarea]
Session ID: 07a9be2b74ac8ae8eb1183b293b4c931
	at java.base/jdk.internal.reflect.DirectConstructorHandleAccessor.newInstance(DirectConstructorHandleAccessor.java:62)
	at java.base/java.lang.reflect.Constructor.newInstanceWithCaller(Constructor.java:502)
	at java.base/java.lang.reflect.Constructor.newInstance(Constructor.java:486)
	at org.openqa.selenium.remote.ErrorCodec.decode(ErrorCodec.java:167)
	at org.openqa.selenium.remote.codec.w3c.W3CHttpResponseCodec.decode(W3CHttpResponseCodec.java:138)
	at org.openqa.selenium.remote.codec.w3c.W3CHttpResponseCodec.decode(W3CHttpResponseCodec.java:50)
	at org.openqa.selenium.remote.HttpCommandExecutor.execute(HttpCommandExecutor.java:190)
	at org.openqa.selenium.remote.service.DriverCommandExecutor.invokeExecute(DriverCommandExecutor.java:216)
	at org.openqa.selenium.remote.service.DriverCommandExecutor.execute(DriverCommandExecutor.java:174)
	at org.openqa.selenium.remote.RemoteWebDriver.execute(RemoteWebDriver.java:545)
	at org.openqa.selenium.remote.RemoteWebElement.execute(RemoteWebElement.java:223)
	at org.openqa.selenium.remote.RemoteWebElement.sendKeys(RemoteWebElement.java:110)
	at PageObjects.IntroductionPage.enterCodeInEditor(IntroductionPage.java:146)
	at StepDefinitions.DSIntroductionDetails.the_user_write_the_valid_code_in_editor(DSIntroductionDetails.java:158)
	at ✽.The user write the valid code in Editor(file:///C:/Projects/Repo1/src/test/resources/Features/GraphHomepage.feature:67)
&amp#27;[0m
  &amp#27;[36mAnd &amp#27;[0m&amp#27;[36mClick the Run button&amp#27;[0m                                                     &amp#27;[90m# StepDefinitions.DSIntroductionDetails.click_the_run_button()&amp#27;[0m
  &amp#27;[36mThen &amp#27;[0m&amp#27;[36mThe user should able to see output in the console&amp#27;[0m                       &amp#27;[90m# StepDefinitions.DSIntroductionDetails.the_user_should_able_to_see_output_in_the_console()&amp#27;[0m
[ERROR] 2024-12-09 21:57:42.416 [TestNG-PoolService-2] Hooks - ======================  TEST CASE FAILED !! ======================

    Embedding screenshot [image/png 7853 bytes]

[INFO ] 2024-12-09 21:57:42.608 [TestNG-PoolService-2] Hooks - ======================  Screenshot is captured  ======================
[INFO ] 2024-12-09 21:57:42.611 [TestNG-PoolService-2] Hooks - ======================  Test Execution is completed!! ======================
[INFO ] 2024-12-09 21:57:42.611 [TestNG-PoolService-1] Hooks - ======================  New Test Execution is STARTED!! ======================
]]></system-out>
    <system-err><![CDATA[Dec 09, 2024 9:57:42 PM org.openqa.selenium.devtools.CdpVersionFinder findNearestMatch
WARNING: Unable to find an exact match for CDP version 131, returning the closest version; found: 130; Please update to a Selenium version that supports CDP version 131
]]></system-err>
  </testcase>
  <testcase name="runScenario[&quot;Valid code on try editor for graph representations runs successfully&quot;, &quot;Title of your feature&quot;](42)" classname="TestRunners.TestRunner" time="1.157">
    <system-out><![CDATA[
Scenario: Validate user navigate to DS Intro Page                                               &amp#27;[90m# src/test/resources/Features/HomePage.feature:7&amp#27;[0m
  &amp#27;[32mWhen &amp#27;[0m&amp#27;[32mThe user enter the DS_Algo Portal <URL>&amp#27;[0m                                                        &amp#27;[90m# StepDefinitions.HomeStepDefinitions.the_user_enter_the_ds_algo_portal_url()&amp#27;[0m
  &amp#27;[32mThen &amp#27;[0m&amp#27;[32mThe user should landed on the DS_Algo Get Started page with message You are at the right place&amp#27;[0m &amp#27;[90m# StepDefinitions.HomeStepDefinitions.the_user_should_landed_on_the_ds_algo_get_started_page_with_message_you_are_at_the_right_place()&amp#27;[0m
[INFO ] 2024-12-09 22:21:09.426 [TestNG-PoolService-2] Hooks - ======================  Test Execution is completed!! ======================
]]></system-out>
  </testcase>
  <testcase name="runScenario[&quot;Validate user lands on default home page&quot;, &quot;DS Homepage&quot;](43)" classname="TestRunners.TestRunner" time="0.965">
    <system-out><![CDATA[
Scenario: DS_algo Home page                                    &amp#27;[90m# src/test/resources/Features/LinkedList.feature:7&amp#27;[0m
  &amp#27;[32mWhen &amp#27;[0m&amp#27;[32mThe user enter the DS_Algo Portal <URL>&amp#27;[0m                                                        &amp#27;[90m# StepDefinitions.HomeStepDefinitions.the_user_enter_the_ds_algo_portal_url()&amp#27;[0m
[INFO ] 2024-12-09 21:57:43.618 [TestNG-PoolService-3] Hooks - ======================  New Test Execution is STARTED!! ======================
  &amp#27;[32mThen &amp#27;[0m&amp#27;[32mThe user should landed on the DS_Algo Get Started page with message You are at the right place&amp#27;[0m &amp#27;[90m# StepDefinitions.HomeStepDefinitions.the_user_should_landed_on_the_ds_algo_get_started_page_with_message_you_are_at_the_right_place()&amp#27;[0m
[INFO ] 2024-12-09 21:57:43.764 [TestNG-PoolService-1] Hooks - ======================  Test Execution is completed!! ======================
]]></system-out>
    <system-err><![CDATA[Dec 09, 2024 9:57:43 PM org.openqa.selenium.devtools.CdpVersionFinder findNearestMatch
WARNING: Unable to find an exact match for CDP version 131, returning the closest version; found: 130; Please update to a Selenium version that supports CDP version 131
]]></system-err>
  </testcase>
  <testcase name="runScenario[&quot;Validate user lands on default home page&quot;, &quot;DS Homepage&quot;](43)" classname="TestRunners.TestRunner" time="7.183">
    <failure message="expected [rgba(0, 0, 255, 1)] but found [rgb(0, 0, 255)]" type="java.lang.AssertionError"><![CDATA[java.lang.AssertionError: expected [rgba(0, 0, 255, 1)] but found [rgb(0, 0, 255)]
]]></failure>
    <system-out><![CDATA[
Scenario: DS_algo Home page                                    &amp#27;[90m# src/test/resources/Features/LinkedList.feature:7&amp#27;[0m
[INFO ] 2024-12-09 22:07:18.484 [TestNG-PoolService-2] Hooks - ======================  New Test Execution is STARTED!! ======================
  &amp#27;[32mWhen &amp#27;[0m&amp#27;[32mThe user enter the DS_Algo Portal <URL>&amp#27;[0m                                                        &amp#27;[90m# StepDefinitions.HomeStepDefinitions.the_user_enter_the_ds_algo_portal_url()&amp#27;[0m
  &amp#27;[31mThen &amp#27;[0m&amp#27;[31mThe user should landed on the DS_Algo Get Started page with message You are at the right place&amp#27;[0m &amp#27;[90m# StepDefinitions.HomeStepDefinitions.the_user_should_landed_on_the_ds_algo_get_started_page_with_message_you_are_at_the_right_place()&amp#27;[0m
      &amp#27;[31mjava.lang.AssertionError: expected [rgba(0, 0, 255, 1)] but found [rgb(0, 0, 255)]
	at org.testng.Assert.fail(Assert.java:111)
	at org.testng.Assert.failNotEquals(Assert.java:1578)
	at org.testng.Assert.assertEqualsImpl(Assert.java:150)
	at org.testng.Assert.assertEquals(Assert.java:132)
	at org.testng.Assert.assertEquals(Assert.java:656)
	at org.testng.Assert.assertEquals(Assert.java:666)
	at PageObjects.HomePage.validateHomePageGetStratedButton(HomePage.java:37)
	at StepDefinitions.HomeStepDefinitions.the_user_should_landed_on_the_ds_algo_get_started_page_with_message_you_are_at_the_right_place(HomeStepDefinitions.java:21)
	at ✽.The user should landed on the DS_Algo Get Started page with message You are at the right place(file:///C:/Projects/Repo1/src/test/resources/Features/HomePage.feature:5)
&amp#27;[0m
[ERROR] 2024-12-09 22:07:19.159 [TestNG-PoolService-2] Hooks - ======================  TEST CASE FAILED !! ======================

    Embedding screenshot [image/png 503197 bytes]

[INFO ] 2024-12-09 22:07:19.527 [TestNG-PoolService-2] Hooks - ======================  Screenshot is captured  ======================
[INFO ] 2024-12-09 22:07:19.565 [TestNG-PoolService-3] Hooks - ======================  New Test Execution is STARTED!! ======================
[INFO ] 2024-12-09 22:07:19.616 [TestNG-PoolService-2] Hooks - ======================  Test Execution is completed!! ======================
  &amp#27;[32mGiven &amp#27;[0m&amp#27;[32mThe user should open the DS Algo Portal URL in any supported browser&amp#27;[0m                    &amp#27;[90m# StepDefinitions.DSIntroductionDetails.the_user_should_open_the_ds_algo_portal_url_in_any_supported_browser()&amp#27;[0m
The user clicks the Get Started button
[INFO ] 2024-12-09 22:07:20.155 [TestNG-PoolService-1] Hooks - ======================  New Test Execution is STARTED!! ======================
  &amp#27;[32mWhen &amp#27;[0m&amp#27;[32mThe user clicks the Get Started button&amp#27;[0m                                                   &amp#27;[90m# StepDefinitions.DSIntroductionDetails.the_user_clicks_the_get_started_button()&amp#27;[0m
The user should land in Data Structure Introduction Page with register and Sign in links
  &amp#27;[32mThen &amp#27;[0m&amp#27;[32mThe user should land in Data Structure Introduction Page with register and Sign in links&amp#27;[0m &amp#27;[90m# StepDefinitions.DSIntroductionDetails.the_user_should_land_in_data_structure_introduction_page_with_register_and_sign_in_links()&amp#27;[0m
[INFO ] 2024-12-09 22:07:21.030 [TestNG-PoolService-3] Hooks - ======================  Test Execution is completed!! ======================
]]></system-out>
  </testcase>
  <testcase name="runScenario[&quot;Validate user lands on default home page&quot;, &quot;DS Homepage&quot;](43)" classname="TestRunners.TestRunner" time="0.399">
    <system-out><![CDATA[
Scenario: DS_algo Home page                                    &amp#27;[90m# src/test/resources/Features/LinkedList.feature:7&amp#27;[0m
]]></system-out>
  </testcase>
  <testcase name="runScenario[&quot;Validate user navigate to DS Intro Page&quot;, &quot;DS Homepage&quot;](44)" classname="TestRunners.TestRunner" time="2.356">
    <system-out><![CDATA[
Scenario: Linked List home page                                              &amp#27;[90m# src/test/resources/Features/LinkedList.feature:10&amp#27;[0m
  &amp#27;[32mGiven &amp#27;[0m&amp#27;[32mThe user should open the DS Algo Portal URL in any supported browser&amp#27;[0m                    &amp#27;[90m# StepDefinitions.DSIntroductionDetails.the_user_should_open_the_ds_algo_portal_url_in_any_supported_browser()&amp#27;[0m
The user clicks the Get Started button
[INFO ] 2024-12-09 21:57:45.135 [TestNG-PoolService-2] Hooks - ======================  New Test Execution is STARTED!! ======================
  &amp#27;[32mWhen &amp#27;[0m&amp#27;[32mThe user clicks the Get Started button&amp#27;[0m                                                   &amp#27;[90m# StepDefinitions.DSIntroductionDetails.the_user_clicks_the_get_started_button()&amp#27;[0m
[INFO ] 2024-12-09 21:57:45.948 [TestNG-PoolService-1] Hooks - ======================  New Test Execution is STARTED!! ======================
The user should land in Data Structure Introduction Page with register and Sign in links
  &amp#27;[32mThen &amp#27;[0m&amp#27;[32mThe user should land in Data Structure Introduction Page with register and Sign in links&amp#27;[0m &amp#27;[90m# StepDefinitions.DSIntroductionDetails.the_user_should_land_in_data_structure_introduction_page_with_register_and_sign_in_links()&amp#27;[0m
[INFO ] 2024-12-09 21:57:46.101 [TestNG-PoolService-3] Hooks - ======================  Test Execution is completed!! ======================
]]></system-out>
    <system-err><![CDATA[Dec 09, 2024 9:57:45 PM org.openqa.selenium.devtools.CdpVersionFinder findNearestMatch
WARNING: Unable to find an exact match for CDP version 131, returning the closest version; found: 130; Please update to a Selenium version that supports CDP version 131
Dec 09, 2024 9:57:45 PM org.openqa.selenium.devtools.CdpVersionFinder findNearestMatch
WARNING: Unable to find an exact match for CDP version 131, returning the closest version; found: 130; Please update to a Selenium version that supports CDP version 131
]]></system-err>
  </testcase>
  <testcase name="runScenario[&quot;Validate user navigate to DS Intro Page&quot;, &quot;DS Homepage&quot;](44)" classname="TestRunners.TestRunner" time="1.086">
    <system-out><![CDATA[
Scenario: Linked List home page                                              &amp#27;[90m# src/test/resources/Features/LinkedList.feature:10&amp#27;[0m
  &amp#27;[32mGiven &amp#27;[0m&amp#27;[32mThe user is on the DS Introduction page as signedIn&amp#27;[0m    &amp#27;[90m# StepDefinitions.DSIntroductionDetails.the_user_is_on_the_ds_introduction_page_as_signed_in()&amp#27;[0m
  &amp#27;[32mAnd &amp#27;[0m&amp#27;[32mUser clicks on Get Started button from Linked List panel&amp#27;[0m &amp#27;[90m# StepDefinitions.LinkedList.user_clicks_on_get_started_button_from_linked_list_panel()&amp#27;[0m
  &amp#27;[32mThen &amp#27;[0m&amp#27;[32mThe user is redirected to Linked List page.&amp#27;[0m             &amp#27;[90m# StepDefinitions.LinkedList.the_user_is_redirected_to_linked_list_page()&amp#27;[0m
[INFO ] 2024-12-09 22:07:22.466 [TestNG-PoolService-1] Hooks - ======================  Test Execution is completed!! ======================
]]></system-out>
  </testcase>
  <testcase name="runScenario[&quot;Validate user navigate to DS Intro Page&quot;, &quot;DS Homepage&quot;](44)" classname="TestRunners.TestRunner" time="4.791">
    <system-out><![CDATA[
Scenario: Linked List home page                                              &amp#27;[90m# src/test/resources/Features/LinkedList.feature:10&amp#27;[0m
[INFO ] 2024-12-09 22:21:10.839 [TestNG-PoolService-3] Hooks - ======================  New Test Execution is STARTED!! ======================
[INFO ] 2024-12-09 22:21:11.612 [TestNG-PoolService-1] Hooks - ======================  New Test Execution is STARTED!! ======================
  &amp#27;[32mGiven &amp#27;[0m&amp#27;[32mThe user should open the DS Algo Portal URL in any supported browser&amp#27;[0m                    &amp#27;[90m# StepDefinitions.DSIntroductionDetails.the_user_should_open_the_ds_algo_portal_url_in_any_supported_browser()&amp#27;[0m
The user clicks the Get Started button
  &amp#27;[32mWhen &amp#27;[0m&amp#27;[32mThe user clicks the Get Started button&amp#27;[0m                                                   &amp#27;[90m# StepDefinitions.DSIntroductionDetails.the_user_clicks_the_get_started_button()&amp#27;[0m
The user should land in Data Structure Introduction Page with register and Sign in links
  &amp#27;[32mThen &amp#27;[0m&amp#27;[32mThe user should land in Data Structure Introduction Page with register and Sign in links&amp#27;[0m &amp#27;[90m# StepDefinitions.DSIntroductionDetails.the_user_should_land_in_data_structure_introduction_page_with_register_and_sign_in_links()&amp#27;[0m
[INFO ] 2024-12-09 22:21:13.354 [TestNG-PoolService-1] Hooks - ======================  Test Execution is completed!! ======================
[INFO ] 2024-12-09 22:21:13.629 [TestNG-PoolService-2] Hooks - ======================  New Test Execution is STARTED!! ======================
  &amp#27;[32mGiven &amp#27;[0m&amp#27;[32mThe user is on the DS Introduction page as signedIn&amp#27;[0m    &amp#27;[90m# StepDefinitions.DSIntroductionDetails.the_user_is_on_the_ds_introduction_page_as_signed_in()&amp#27;[0m
  &amp#27;[32mAnd &amp#27;[0m&amp#27;[32mUser clicks on Get Started button from Linked List panel&amp#27;[0m &amp#27;[90m# StepDefinitions.LinkedList.user_clicks_on_get_started_button_from_linked_list_panel()&amp#27;[0m
  &amp#27;[32mThen &amp#27;[0m&amp#27;[32mThe user is redirected to Linked List page.&amp#27;[0m             &amp#27;[90m# StepDefinitions.LinkedList.the_user_is_redirected_to_linked_list_page()&amp#27;[0m
[INFO ] 2024-12-09 22:21:14.414 [TestNG-PoolService-3] Hooks - ======================  Test Execution is completed!! ======================
]]></system-out>
    <system-err><![CDATA[Dec 09, 2024 10:21:10 PM org.openqa.selenium.devtools.CdpVersionFinder findNearestMatch
WARNING: Unable to find an exact match for CDP version 131, returning the closest version; found: 130; Please update to a Selenium version that supports CDP version 131
Dec 09, 2024 10:21:11 PM org.openqa.selenium.devtools.CdpVersionFinder findNearestMatch
WARNING: Unable to find an exact match for CDP version 131, returning the closest version; found: 130; Please update to a Selenium version that supports CDP version 131
Dec 09, 2024 10:21:13 PM org.openqa.selenium.devtools.CdpVersionFinder findNearestMatch
WARNING: Unable to find an exact match for CDP version 131, returning the closest version; found: 130; Please update to a Selenium version that supports CDP version 131
]]></system-err>
  </testcase>
  <testcase name="runScenario[&quot;DS_algo Home page&quot;, &quot;Linked List&quot;](45)" classname="TestRunners.TestRunner" time="2.504">
    <system-out><![CDATA[
Scenario: Linked List home page                                &amp#27;[90m# src/test/resources/Features/LinkedList.feature:14&amp#27;[0m
  &amp#27;[32mGiven &amp#27;[0m&amp#27;[32mThe user is on the DS Introduction page as signedIn&amp#27;[0m    &amp#27;[90m# StepDefinitions.DSIntroductionDetails.the_user_is_on_the_ds_introduction_page_as_signed_in()&amp#27;[0m
[INFO ] 2024-12-09 21:57:48.080 [TestNG-PoolService-3] Hooks - ======================  New Test Execution is STARTED!! ======================
  &amp#27;[32mAnd &amp#27;[0m&amp#27;[32mUser clicks on Get Started button from Linked List panel&amp#27;[0m &amp#27;[90m# StepDefinitions.LinkedList.user_clicks_on_get_started_button_from_linked_list_panel()&amp#27;[0m
  &amp#27;[32mThen &amp#27;[0m&amp#27;[32mThe user is redirected to Linked List page.&amp#27;[0m             &amp#27;[90m# StepDefinitions.LinkedList.the_user_is_redirected_to_linked_list_page()&amp#27;[0m
[INFO ] 2024-12-09 21:57:48.294 [TestNG-PoolService-2] Hooks - ======================  Test Execution is completed!! ======================
]]></system-out>
    <system-err><![CDATA[Dec 09, 2024 9:57:47 PM org.openqa.selenium.devtools.CdpVersionFinder findNearestMatch
WARNING: Unable to find an exact match for CDP version 131, returning the closest version; found: 130; Please update to a Selenium version that supports CDP version 131
]]></system-err>
  </testcase>
  <testcase name="runScenario[&quot;DS_algo Home page&quot;, &quot;Linked List&quot;](45)" classname="TestRunners.TestRunner" time="1.025">
    <system-out><![CDATA[
Scenario: Linked List home page                                &amp#27;[90m# src/test/resources/Features/LinkedList.feature:14&amp#27;[0m
]]></system-out>
  </testcase>
  <testcase name="runScenario[&quot;DS_algo Home page&quot;, &quot;Linked List&quot;](45)" classname="TestRunners.TestRunner" time="0.82">
    <system-out><![CDATA[
Scenario: Linked List home page                                &amp#27;[90m# src/test/resources/Features/LinkedList.feature:14&amp#27;[0m
]]></system-out>
  </testcase>
  <testcase name="runScenario[&quot;Linked List home page&quot;, &quot;Linked List&quot;](46)" classname="TestRunners.TestRunner" time="2.686">
    <system-out><![CDATA[
Scenario: Linked List home page                                      &amp#27;[90m# src/test/resources/Features/LinkedList.feature:18&amp#27;[0m
  &amp#27;[32mGiven &amp#27;[0m&amp#27;[32mThe user is on the DS Introduction page as signedIn&amp#27;[0m                  &amp#27;[90m# StepDefinitions.DSIntroductionDetails.the_user_is_on_the_ds_introduction_page_as_signed_in()&amp#27;[0m
  &amp#27;[32mAnd &amp#27;[0m&amp#27;[32mUser clicks on Get Started button from Linked List panel&amp#27;[0m               &amp#27;[90m# StepDefinitions.LinkedList.user_clicks_on_get_started_button_from_linked_list_panel()&amp#27;[0m
  &amp#27;[32mWhen &amp#27;[0m&amp#27;[32mThe user clicks on Linked List from the Data Structure dropdown menu.&amp#27;[0m &amp#27;[90m# StepDefinitions.LinkedList.the_user_clicks_on_linked_list_from_the_data_structure_dropdown_menu()&amp#27;[0m
  &amp#27;[32mThen &amp#27;[0m&amp#27;[32mThe user is redirected to Linked List page.&amp#27;[0m                           &amp#27;[90m# StepDefinitions.LinkedList.the_user_is_redirected_to_linked_list_page()&amp#27;[0m
[INFO ] 2024-12-09 21:57:50.851 [TestNG-PoolService-1] Hooks - ======================  Test Execution is completed!! ======================
[INFO ] 2024-12-09 21:57:51.327 [TestNG-PoolService-2] Hooks - ======================  New Test Execution is STARTED!! ======================
]]></system-out>
    <system-err><![CDATA[Dec 09, 2024 9:57:51 PM org.openqa.selenium.devtools.CdpVersionFinder findNearestMatch
WARNING: Unable to find an exact match for CDP version 131, returning the closest version; found: 130; Please update to a Selenium version that supports CDP version 131
]]></system-err>
  </testcase>
  <testcase name="runScenario[&quot;Linked List home page&quot;, &quot;Linked List&quot;](46)" classname="TestRunners.TestRunner" time="9.024">
    <system-out><![CDATA[
Scenario: Linked List home page                                      &amp#27;[90m# src/test/resources/Features/LinkedList.feature:18&amp#27;[0m
[INFO ] 2024-12-09 22:07:26.908 [TestNG-PoolService-2] Hooks - ======================  New Test Execution is STARTED!! ======================
[INFO ] 2024-12-09 22:07:28.504 [TestNG-PoolService-3] Hooks - ======================  New Test Execution is STARTED!! ======================
[INFO ] 2024-12-09 22:07:29.055 [TestNG-PoolService-1] Hooks - ======================  New Test Execution is STARTED!! ======================
  &amp#27;[32mGiven &amp#27;[0m&amp#27;[32mThe user is on the DS Introduction page as signedIn&amp#27;[0m                  &amp#27;[90m# StepDefinitions.DSIntroductionDetails.the_user_is_on_the_ds_introduction_page_as_signed_in()&amp#27;[0m
  &amp#27;[32mAnd &amp#27;[0m&amp#27;[32mUser clicks on Get Started button from Linked List panel&amp#27;[0m               &amp#27;[90m# StepDefinitions.LinkedList.user_clicks_on_get_started_button_from_linked_list_panel()&amp#27;[0m
  &amp#27;[32mWhen &amp#27;[0m&amp#27;[32mThe user clicks on Linked List from the Data Structure dropdown menu.&amp#27;[0m &amp#27;[90m# StepDefinitions.LinkedList.the_user_clicks_on_linked_list_from_the_data_structure_dropdown_menu()&amp#27;[0m
  &amp#27;[32mThen &amp#27;[0m&amp#27;[32mThe user is redirected to Linked List page.&amp#27;[0m                           &amp#27;[90m# StepDefinitions.LinkedList.the_user_is_redirected_to_linked_list_page()&amp#27;[0m
[INFO ] 2024-12-09 22:07:31.128 [TestNG-PoolService-2] Hooks - ======================  Test Execution is completed!! ======================
  &amp#27;[32mGiven &amp#27;[0m&amp#27;[32mThe user is on the DS Introduction page as signedIn&amp#27;[0m    &amp#27;[90m# StepDefinitions.DSIntroductionDetails.the_user_is_on_the_ds_introduction_page_as_signed_in()&amp#27;[0m
  &amp#27;[32mGiven &amp#27;[0m&amp#27;[32mThe user is on the DS Introduction page as signedIn&amp#27;[0m          &amp#27;[90m# StepDefinitions.DSIntroductionDetails.the_user_is_on_the_ds_introduction_page_as_signed_in()&amp#27;[0m
  &amp#27;[32mAnd &amp#27;[0m&amp#27;[32mUser clicks on Get Started button from Linked List panel&amp#27;[0m       &amp#27;[90m# StepDefinitions.LinkedList.user_clicks_on_get_started_button_from_linked_list_panel()&amp#27;[0m
  &amp#27;[32mAnd &amp#27;[0m&amp#27;[32mUser clicks on Get Started button from Linked List panel&amp#27;[0m &amp#27;[90m# StepDefinitions.LinkedList.user_clicks_on_get_started_button_from_linked_list_panel()&amp#27;[0m
  &amp#27;[32mGiven &amp#27;[0m&amp#27;[32mThe user is on the Introduction page&amp#27;[0m                         &amp#27;[90m# StepDefinitions.LinkedList.the_user_is_on_the_introduction_page()&amp#27;[0m
  &amp#27;[32mWhen &amp#27;[0m&amp#27;[32mThe user clicks Introduction link&amp#27;[0m                       &amp#27;[90m# StepDefinitions.LinkedList.the_user_clicks_introduction_link()&amp#27;[0m
  &amp#27;[32mThen &amp#27;[0m&amp#27;[32mThe user is redirected to Introduction page.&amp#27;[0m            &amp#27;[90m# StepDefinitions.LinkedList.the_user_is_redirected_to_introduction_page()&amp#27;[0m
[INFO ] 2024-12-09 22:07:32.066 [TestNG-PoolService-3] Hooks - ======================  Test Execution is completed!! ======================
]]></system-out>
  </testcase>
  <testcase name="runScenario[&quot;Linked List home page&quot;, &quot;Linked List&quot;](46)" classname="TestRunners.TestRunner" time="3.496">
    <system-out><![CDATA[
Scenario: Linked List home page                                      &amp#27;[90m# src/test/resources/Features/LinkedList.feature:18&amp#27;[0m
  &amp#27;[32mGiven &amp#27;[0m&amp#27;[32mThe user is on the DS Introduction page as signedIn&amp#27;[0m                  &amp#27;[90m# StepDefinitions.DSIntroductionDetails.the_user_is_on_the_ds_introduction_page_as_signed_in()&amp#27;[0m
[INFO ] 2024-12-09 22:21:16.790 [TestNG-PoolService-1] Hooks - ======================  New Test Execution is STARTED!! ======================
  &amp#27;[32mAnd &amp#27;[0m&amp#27;[32mUser clicks on Get Started button from Linked List panel&amp#27;[0m               &amp#27;[90m# StepDefinitions.LinkedList.user_clicks_on_get_started_button_from_linked_list_panel()&amp#27;[0m
  &amp#27;[32mWhen &amp#27;[0m&amp#27;[32mThe user clicks on Linked List from the Data Structure dropdown menu.&amp#27;[0m &amp#27;[90m# StepDefinitions.LinkedList.the_user_clicks_on_linked_list_from_the_data_structure_dropdown_menu()&amp#27;[0m
  &amp#27;[32mThen &amp#27;[0m&amp#27;[32mThe user is redirected to Linked List page.&amp#27;[0m                           &amp#27;[90m# StepDefinitions.LinkedList.the_user_is_redirected_to_linked_list_page()&amp#27;[0m
[INFO ] 2024-12-09 22:21:17.866 [TestNG-PoolService-2] Hooks - ======================  Test Execution is completed!! ======================
[INFO ] 2024-12-09 22:21:18.786 [TestNG-PoolService-3] Hooks - ======================  New Test Execution is STARTED!! ======================
]]></system-out>
    <system-err><![CDATA[Dec 09, 2024 10:21:16 PM org.openqa.selenium.devtools.CdpVersionFinder findNearestMatch
WARNING: Unable to find an exact match for CDP version 131, returning the closest version; found: 130; Please update to a Selenium version that supports CDP version 131
Dec 09, 2024 10:21:18 PM org.openqa.selenium.devtools.CdpVersionFinder findNearestMatch
WARNING: Unable to find an exact match for CDP version 131, returning the closest version; found: 130; Please update to a Selenium version that supports CDP version 131
]]></system-err>
  </testcase>
  <testcase name="runScenario[&quot;Linked List home page&quot;, &quot;Linked List&quot;](47)" classname="TestRunners.TestRunner" time="2.244">
    <system-out><![CDATA[
Scenario: LL_Try Here Editor page with empty data                            &amp#27;[90m# src/test/resources/Features/LinkedList.feature:23&amp#27;[0m
  &amp#27;[32mGiven &amp#27;[0m&amp#27;[32mThe user is on the DS Introduction page as signedIn&amp#27;[0m    &amp#27;[90m# StepDefinitions.DSIntroductionDetails.the_user_is_on_the_ds_introduction_page_as_signed_in()&amp#27;[0m
  &amp#27;[32mAnd &amp#27;[0m&amp#27;[32mUser clicks on Get Started button from Linked List panel&amp#27;[0m &amp#27;[90m# StepDefinitions.LinkedList.user_clicks_on_get_started_button_from_linked_list_panel()&amp#27;[0m
[INFO ] 2024-12-09 21:57:53.133 [TestNG-PoolService-1] Hooks - ======================  New Test Execution is STARTED!! ======================
  &amp#27;[32mWhen &amp#27;[0m&amp#27;[32mThe user clicks Introduction link&amp#27;[0m                       &amp#27;[90m# StepDefinitions.LinkedList.the_user_clicks_introduction_link()&amp#27;[0m
  &amp#27;[32mThen &amp#27;[0m&amp#27;[32mThe user is redirected to Introduction page.&amp#27;[0m            &amp#27;[90m# StepDefinitions.LinkedList.the_user_is_redirected_to_introduction_page()&amp#27;[0m
[INFO ] 2024-12-09 21:57:53.462 [TestNG-PoolService-3] Hooks - ======================  Test Execution is completed!! ======================
]]></system-out>
    <system-err><![CDATA[Dec 09, 2024 9:57:53 PM org.openqa.selenium.devtools.CdpVersionFinder findNearestMatch
WARNING: Unable to find an exact match for CDP version 131, returning the closest version; found: 130; Please update to a Selenium version that supports CDP version 131
]]></system-err>
  </testcase>
  <testcase name="runScenario[&quot;Linked List home page&quot;, &quot;Linked List&quot;](47)" classname="TestRunners.TestRunner" time="0.807">
    <system-out><![CDATA[
Scenario: LL_Try Here Editor page with empty data                            &amp#27;[90m# src/test/resources/Features/LinkedList.feature:23&amp#27;[0m
  &amp#27;[32mWhen &amp#27;[0m&amp#27;[32mThe user clicks Try Here button&amp#27;[0m                               &amp#27;[90m# StepDefinitions.Tree.the_user_clicks_try_here_button()&amp#27;[0m
  &amp#27;[32mThen &amp#27;[0m&amp#27;[32mThe user is redirected to a page having Editor and run button&amp#27;[0m &amp#27;[90m# StepDefinitions.Tree.the_user_is_redirected_to_a_page_having_editor_and_run_button()&amp#27;[0m
[INFO ] 2024-12-09 22:07:33.080 [TestNG-PoolService-1] Hooks - ======================  Test Execution is completed!! ======================
]]></system-out>
  </testcase>
  <testcase name="runScenario[&quot;Linked List home page&quot;, &quot;Linked List&quot;](47)" classname="TestRunners.TestRunner" time="3.474">
    <system-out><![CDATA[
Scenario: LL_Try Here Editor page with empty data                            &amp#27;[90m# src/test/resources/Features/LinkedList.feature:23&amp#27;[0m
  &amp#27;[32mGiven &amp#27;[0m&amp#27;[32mThe user is on the DS Introduction page as signedIn&amp#27;[0m    &amp#27;[90m# StepDefinitions.DSIntroductionDetails.the_user_is_on_the_ds_introduction_page_as_signed_in()&amp#27;[0m
  &amp#27;[32mAnd &amp#27;[0m&amp#27;[32mUser clicks on Get Started button from Linked List panel&amp#27;[0m &amp#27;[90m# StepDefinitions.LinkedList.user_clicks_on_get_started_button_from_linked_list_panel()&amp#27;[0m
  &amp#27;[32mWhen &amp#27;[0m&amp#27;[32mThe user clicks Introduction link&amp#27;[0m                       &amp#27;[90m# StepDefinitions.LinkedList.the_user_clicks_introduction_link()&amp#27;[0m
  &amp#27;[32mThen &amp#27;[0m&amp#27;[32mThe user is redirected to Introduction page.&amp#27;[0m            &amp#27;[90m# StepDefinitions.LinkedList.the_user_is_redirected_to_introduction_page()&amp#27;[0m
[INFO ] 2024-12-09 22:21:21.263 [TestNG-PoolService-1] Hooks - ======================  Test Execution is completed!! ======================
[INFO ] 2024-12-09 22:21:22.424 [TestNG-PoolService-2] Hooks - ======================  New Test Execution is STARTED!! ======================
  &amp#27;[32mGiven &amp#27;[0m&amp#27;[32mThe user is on the DS Introduction page as signedIn&amp#27;[0m          &amp#27;[90m# StepDefinitions.DSIntroductionDetails.the_user_is_on_the_ds_introduction_page_as_signed_in()&amp#27;[0m
]]></system-out>
    <system-err><![CDATA[Dec 09, 2024 10:21:22 PM org.openqa.selenium.devtools.CdpVersionFinder findNearestMatch
WARNING: Unable to find an exact match for CDP version 131, returning the closest version; found: 130; Please update to a Selenium version that supports CDP version 131
]]></system-err>
  </testcase>
  <testcase name="runScenario[&quot;Linked List home page&quot;, &quot;Linked List&quot;](48)" classname="TestRunners.TestRunner" time="2.557">
    <system-out><![CDATA[
Scenario: LL_Try Here Editor page with valid data                     &amp#27;[90m# src/test/resources/Features/LinkedList.feature:29&amp#27;[0m
  &amp#27;[32mGiven &amp#27;[0m&amp#27;[32mThe user is on the DS Introduction page as signedIn&amp#27;[0m          &amp#27;[90m# StepDefinitions.DSIntroductionDetails.the_user_is_on_the_ds_introduction_page_as_signed_in()&amp#27;[0m
  &amp#27;[32mAnd &amp#27;[0m&amp#27;[32mUser clicks on Get Started button from Linked List panel&amp#27;[0m       &amp#27;[90m# StepDefinitions.LinkedList.user_clicks_on_get_started_button_from_linked_list_panel()&amp#27;[0m
  &amp#27;[32mGiven &amp#27;[0m&amp#27;[32mThe user is on the Introduction page&amp#27;[0m                         &amp#27;[90m# StepDefinitions.LinkedList.the_user_is_on_the_introduction_page()&amp#27;[0m
[INFO ] 2024-12-09 21:57:55.597 [TestNG-PoolService-3] Hooks - ======================  New Test Execution is STARTED!! ======================
  &amp#27;[32mWhen &amp#27;[0m&amp#27;[32mThe user clicks Try Here button&amp#27;[0m                               &amp#27;[90m# StepDefinitions.Tree.the_user_clicks_try_here_button()&amp#27;[0m
  &amp#27;[32mThen &amp#27;[0m&amp#27;[32mThe user is redirected to a page having Editor and run button&amp#27;[0m &amp#27;[90m# StepDefinitions.Tree.the_user_is_redirected_to_a_page_having_editor_and_run_button()&amp#27;[0m
[INFO ] 2024-12-09 21:57:56.111 [TestNG-PoolService-2] Hooks - ======================  Test Execution is completed!! ======================
]]></system-out>
    <system-err><![CDATA[Dec 09, 2024 9:57:55 PM org.openqa.selenium.devtools.CdpVersionFinder findNearestMatch
WARNING: Unable to find an exact match for CDP version 131, returning the closest version; found: 130; Please update to a Selenium version that supports CDP version 131
]]></system-err>
  </testcase>
  <testcase name="runScenario[&quot;Linked List home page&quot;, &quot;Linked List&quot;](48)" classname="TestRunners.TestRunner" time="0.73">
    <system-out><![CDATA[
Scenario: LL_Try Here Editor page with valid data                     &amp#27;[90m# src/test/resources/Features/LinkedList.feature:29&amp#27;[0m
]]></system-out>
  </testcase>
  <testcase name="runScenario[&quot;Linked List home page&quot;, &quot;Linked List&quot;](48)" classname="TestRunners.TestRunner" time="3.385">
    <system-out><![CDATA[
Scenario: LL_Try Here Editor page with valid data                     &amp#27;[90m# src/test/resources/Features/LinkedList.feature:29&amp#27;[0m
  &amp#27;[32mAnd &amp#27;[0m&amp#27;[32mUser clicks on Get Started button from Linked List panel&amp#27;[0m       &amp#27;[90m# StepDefinitions.LinkedList.user_clicks_on_get_started_button_from_linked_list_panel()&amp#27;[0m
  &amp#27;[32mGiven &amp#27;[0m&amp#27;[32mThe user is on the Introduction page&amp#27;[0m                         &amp#27;[90m# StepDefinitions.LinkedList.the_user_is_on_the_introduction_page()&amp#27;[0m
  &amp#27;[32mWhen &amp#27;[0m&amp#27;[32mThe user clicks Try Here button&amp#27;[0m                               &amp#27;[90m# StepDefinitions.Tree.the_user_clicks_try_here_button()&amp#27;[0m
  &amp#27;[32mThen &amp#27;[0m&amp#27;[32mThe user is redirected to a page having Editor and run button&amp#27;[0m &amp#27;[90m# StepDefinitions.Tree.the_user_is_redirected_to_a_page_having_editor_and_run_button()&amp#27;[0m
[INFO ] 2024-12-09 22:21:24.474 [TestNG-PoolService-3] Hooks - ======================  Test Execution is completed!! ======================
[INFO ] 2024-12-09 22:21:24.665 [TestNG-PoolService-1] Hooks - ======================  New Test Execution is STARTED!! ======================
  &amp#27;[32mGiven &amp#27;[0m&amp#27;[32mThe user is on the DS Introduction page as signedIn&amp#27;[0m                  &amp#27;[90m# StepDefinitions.DSIntroductionDetails.the_user_is_on_the_ds_introduction_page_as_signed_in()&amp#27;[0m
  &amp#27;[32mAnd &amp#27;[0m&amp#27;[32mUser clicks on Get Started button from Linked List panel&amp#27;[0m               &amp#27;[90m# StepDefinitions.LinkedList.user_clicks_on_get_started_button_from_linked_list_panel()&amp#27;[0m
  &amp#27;[32mGiven &amp#27;[0m&amp#27;[32mThe user is on the Introduction page&amp#27;[0m                                 &amp#27;[90m# StepDefinitions.LinkedList.the_user_is_on_the_introduction_page()&amp#27;[0m
]]></system-out>
    <system-err><![CDATA[Dec 09, 2024 10:21:24 PM org.openqa.selenium.devtools.CdpVersionFinder findNearestMatch
WARNING: Unable to find an exact match for CDP version 131, returning the closest version; found: 130; Please update to a Selenium version that supports CDP version 131
]]></system-err>
  </testcase>
  <testcase name="runScenario[&quot;LL_Try Here Editor page with empty data&quot;, &quot;Linked List&quot;](49)" classname="TestRunners.TestRunner" time="2.192">
    <failure message="element not interactable&#10;  (Session info: chrome=131.0.6778.109)&#10;Build info: version: &apos;4.26.0&apos;, revision: &apos;8ccf0219d7&apos;&#10;System info: os.name: &apos;Windows 11&apos;, os.arch: &apos;amd64&apos;, os.version: &apos;10.0&apos;, java.version: &apos;21.0.5&apos;&#10;Driver info: org.openqa.selenium.chrome.ChromeDriver&#10;Command: [d4214b0dea70fc8829fe1cc26ae92140, sendKeysToElement {value=[Ljava.lang.CharSequence;@5e956ab6, id=f.0E7E496B9700F4C917711FCF5F7DA9B7.d.679DE17A9FDCF3D07AFC5527AF456B2F.e.51}]&#10;Capabilities {acceptInsecureCerts: false, browserName: chrome, browserVersion: 131.0.6778.109, chrome: {chromedriverVersion: 131.0.6778.87 (ce31cae94873..., userDataDir: C:\Users\vamsh\AppData\Loca...}, fedcm:accounts: true, goog:chromeOptions: {debuggerAddress: localhost:58263}, networkConnectionEnabled: false, pageLoadStrategy: normal, platformName: windows, proxy: Proxy(), se:cdp: ws://localhost:58263/devtoo..., se:cdpVersion: 131.0.6778.109, setWindowRect: true, strictFileInteractability: false, timeouts: {implicit: 0, pageLoad: 300000, script: 30000}, unhandledPromptBehavior: dismiss and notify, webauthn:extension:credBlob: true, webauthn:extension:largeBlob: true, webauthn:extension:minPinLength: true, webauthn:extension:prf: true, webauthn:virtualAuthenticators: true}&#10;Element: [[ChromeDriver: chrome on windows (d4214b0dea70fc8829fe1cc26ae92140)] -&gt; css selector: .CodeMirror textarea]&#10;Session ID: d4214b0dea70fc8829fe1cc26ae92140" type="org.openqa.selenium.ElementNotInteractableException"><![CDATA[org.openqa.selenium.ElementNotInteractableException: 
element not interactable
  (Session info: chrome=131.0.6778.109)
Build info: version: '4.26.0', revision: '8ccf0219d7'
System info: os.name: 'Windows 11', os.arch: 'amd64', os.version: '10.0', java.version: '21.0.5'
Driver info: org.openqa.selenium.chrome.ChromeDriver
Command: [d4214b0dea70fc8829fe1cc26ae92140, sendKeysToElement {value=[Ljava.lang.CharSequence;@5e956ab6, id=f.0E7E496B9700F4C917711FCF5F7DA9B7.d.679DE17A9FDCF3D07AFC5527AF456B2F.e.51}]
Capabilities {acceptInsecureCerts: false, browserName: chrome, browserVersion: 131.0.6778.109, chrome: {chromedriverVersion: 131.0.6778.87 (ce31cae94873..., userDataDir: C:\Users\vamsh\AppData\Loca...}, fedcm:accounts: true, goog:chromeOptions: {debuggerAddress: localhost:58263}, networkConnectionEnabled: false, pageLoadStrategy: normal, platformName: windows, proxy: Proxy(), se:cdp: ws://localhost:58263/devtoo..., se:cdpVersion: 131.0.6778.109, setWindowRect: true, strictFileInteractability: false, timeouts: {implicit: 0, pageLoad: 300000, script: 30000}, unhandledPromptBehavior: dismiss and notify, webauthn:extension:credBlob: true, webauthn:extension:largeBlob: true, webauthn:extension:minPinLength: true, webauthn:extension:prf: true, webauthn:virtualAuthenticators: true}
Element: [[ChromeDriver: chrome on windows (d4214b0dea70fc8829fe1cc26ae92140)] -> css selector: .CodeMirror textarea]
Session ID: d4214b0dea70fc8829fe1cc26ae92140
]]></failure>
    <system-out><![CDATA[
Scenario: LL_Try Here Editor page with invalid data                     &amp#27;[90m# src/test/resources/Features/LinkedList.feature:35&amp#27;[0m
  &amp#27;[32mGiven &amp#27;[0m&amp#27;[32mThe user is on the DS Introduction page as signedIn&amp#27;[0m                  &amp#27;[90m# StepDefinitions.DSIntroductionDetails.the_user_is_on_the_ds_introduction_page_as_signed_in()&amp#27;[0m
  &amp#27;[32mAnd &amp#27;[0m&amp#27;[32mUser clicks on Get Started button from Linked List panel&amp#27;[0m               &amp#27;[90m# StepDefinitions.LinkedList.user_clicks_on_get_started_button_from_linked_list_panel()&amp#27;[0m
  &amp#27;[32mGiven &amp#27;[0m&amp#27;[32mThe user is on the Introduction page&amp#27;[0m                                 &amp#27;[90m# StepDefinitions.LinkedList.the_user_is_on_the_introduction_page()&amp#27;[0m
  &amp#27;[32mAnd &amp#27;[0m&amp#27;[32mThe user clicks Try Here button&amp#27;[0m                                        &amp#27;[90m# StepDefinitions.Tree.the_user_clicks_try_here_button()&amp#27;[0m
[INFO ] 2024-12-09 21:57:58.025 [TestNG-PoolService-2] Hooks - ======================  New Test Execution is STARTED!! ======================
  &amp#27;[31mWhen &amp#27;[0m&amp#27;[31mThe user writes no code inside editor window and clicks on Run button&amp#27;[0m &amp#27;[90m# StepDefinitions.Tree.the_user_writes_no_code_inside_editor_window_and_clicks_on_run_button()&amp#27;[0m
      &amp#27;[31morg.openqa.selenium.ElementNotInteractableException: element not interactable
  (Session info: chrome=131.0.6778.109)
Build info: version: '4.26.0', revision: '8ccf0219d7'
System info: os.name: 'Windows 11', os.arch: 'amd64', os.version: '10.0', java.version: '21.0.5'
Driver info: org.openqa.selenium.chrome.ChromeDriver
Command: [d4214b0dea70fc8829fe1cc26ae92140, sendKeysToElement {value=[Ljava.lang.CharSequence;@5e956ab6, id=f.0E7E496B9700F4C917711FCF5F7DA9B7.d.679DE17A9FDCF3D07AFC5527AF456B2F.e.51}]
Capabilities {acceptInsecureCerts: false, browserName: chrome, browserVersion: 131.0.6778.109, chrome: {chromedriverVersion: 131.0.6778.87 (ce31cae94873..., userDataDir: C:\Users\vamsh\AppData\Loca...}, fedcm:accounts: true, goog:chromeOptions: {debuggerAddress: localhost:58263}, networkConnectionEnabled: false, pageLoadStrategy: normal, platformName: windows, proxy: Proxy(), se:cdp: ws://localhost:58263/devtoo..., se:cdpVersion: 131.0.6778.109, setWindowRect: true, strictFileInteractability: false, timeouts: {implicit: 0, pageLoad: 300000, script: 30000}, unhandledPromptBehavior: dismiss and notify, webauthn:extension:credBlob: true, webauthn:extension:largeBlob: true, webauthn:extension:minPinLength: true, webauthn:extension:prf: true, webauthn:virtualAuthenticators: true}
Element: [[ChromeDriver: chrome on windows (d4214b0dea70fc8829fe1cc26ae92140)] -> css selector: .CodeMirror textarea]
Session ID: d4214b0dea70fc8829fe1cc26ae92140
	at java.base/jdk.internal.reflect.DirectConstructorHandleAccessor.newInstance(DirectConstructorHandleAccessor.java:62)
	at java.base/java.lang.reflect.Constructor.newInstanceWithCaller(Constructor.java:502)
	at java.base/java.lang.reflect.Constructor.newInstance(Constructor.java:486)
	at org.openqa.selenium.remote.ErrorCodec.decode(ErrorCodec.java:167)
	at org.openqa.selenium.remote.codec.w3c.W3CHttpResponseCodec.decode(W3CHttpResponseCodec.java:138)
	at org.openqa.selenium.remote.codec.w3c.W3CHttpResponseCodec.decode(W3CHttpResponseCodec.java:50)
	at org.openqa.selenium.remote.HttpCommandExecutor.execute(HttpCommandExecutor.java:190)
	at org.openqa.selenium.remote.service.DriverCommandExecutor.invokeExecute(DriverCommandExecutor.java:216)
	at org.openqa.selenium.remote.service.DriverCommandExecutor.execute(DriverCommandExecutor.java:174)
	at org.openqa.selenium.remote.RemoteWebDriver.execute(RemoteWebDriver.java:545)
	at org.openqa.selenium.remote.RemoteWebElement.execute(RemoteWebElement.java:223)
	at org.openqa.selenium.remote.RemoteWebElement.sendKeys(RemoteWebElement.java:110)
	at PageObjects.TreePage.writeInTryEditorWindow(TreePage.java:357)
	at StepDefinitions.Tree.the_user_writes_no_code_inside_editor_window_and_clicks_on_run_button(Tree.java:73)
	at ✽.The user writes no code inside editor window and clicks on Run button(file:///C:/Projects/Repo1/src/test/resources/Features/LinkedList.feature:26)
&amp#27;[0m
  &amp#27;[36mThen &amp#27;[0m&amp#27;[36mNothing happens to the Editor page and no error message is displayed&amp#27;[0m  &amp#27;[90m# StepDefinitions.Tree.nothing_happens_to_the_editor_page_and_no_error_message_is_displayed()&amp#27;[0m
[ERROR] 2024-12-09 21:57:58.069 [TestNG-PoolService-1] Hooks - ======================  TEST CASE FAILED !! ======================

    Embedding screenshot [image/png 7853 bytes]

[INFO ] 2024-12-09 21:57:58.252 [TestNG-PoolService-1] Hooks - ======================  Screenshot is captured  ======================
[INFO ] 2024-12-09 21:57:58.256 [TestNG-PoolService-1] Hooks - ======================  Test Execution is completed!! ======================
]]></system-out>
    <system-err><![CDATA[Dec 09, 2024 9:57:57 PM org.openqa.selenium.devtools.CdpVersionFinder findNearestMatch
WARNING: Unable to find an exact match for CDP version 131, returning the closest version; found: 130; Please update to a Selenium version that supports CDP version 131
]]></system-err>
  </testcase>
  <testcase name="runScenario[&quot;LL_Try Here Editor page with empty data&quot;, &quot;Linked List&quot;](49)" classname="TestRunners.TestRunner" time="11.234">
    <system-out><![CDATA[
Scenario: LL_Try Here Editor page with invalid data                     &amp#27;[90m# src/test/resources/Features/LinkedList.feature:35&amp#27;[0m
[INFO ] 2024-12-09 22:07:38.048 [TestNG-PoolService-2] Hooks - ======================  New Test Execution is STARTED!! ======================
[INFO ] 2024-12-09 22:07:39.279 [TestNG-PoolService-3] Hooks - ======================  New Test Execution is STARTED!! ======================
[INFO ] 2024-12-09 22:07:39.829 [TestNG-PoolService-1] Hooks - ======================  New Test Execution is STARTED!! ======================
  &amp#27;[32mGiven &amp#27;[0m&amp#27;[32mThe user is on the DS Introduction page as signedIn&amp#27;[0m                  &amp#27;[90m# StepDefinitions.DSIntroductionDetails.the_user_is_on_the_ds_introduction_page_as_signed_in()&amp#27;[0m
  &amp#27;[32mAnd &amp#27;[0m&amp#27;[32mUser clicks on Get Started button from Linked List panel&amp#27;[0m               &amp#27;[90m# StepDefinitions.LinkedList.user_clicks_on_get_started_button_from_linked_list_panel()&amp#27;[0m
  &amp#27;[32mGiven &amp#27;[0m&amp#27;[32mThe user is on the Introduction page&amp#27;[0m                                 &amp#27;[90m# StepDefinitions.LinkedList.the_user_is_on_the_introduction_page()&amp#27;[0m
  &amp#27;[32mGiven &amp#27;[0m&amp#27;[32mThe user is on the DS Introduction page as signedIn&amp#27;[0m             &amp#27;[90m# StepDefinitions.DSIntroductionDetails.the_user_is_on_the_ds_introduction_page_as_signed_in()&amp#27;[0m
  &amp#27;[32mGiven &amp#27;[0m&amp#27;[32mThe user is on the DS Introduction page as signedIn&amp#27;[0m           &amp#27;[90m# StepDefinitions.DSIntroductionDetails.the_user_is_on_the_ds_introduction_page_as_signed_in()&amp#27;[0m
  &amp#27;[32mAnd &amp#27;[0m&amp#27;[32mUser clicks on Get Started button from Linked List panel&amp#27;[0m          &amp#27;[90m# StepDefinitions.LinkedList.user_clicks_on_get_started_button_from_linked_list_panel()&amp#27;[0m
  &amp#27;[32mAnd &amp#27;[0m&amp#27;[32mUser clicks on Get Started button from Linked List panel&amp#27;[0m        &amp#27;[90m# StepDefinitions.LinkedList.user_clicks_on_get_started_button_from_linked_list_panel()&amp#27;[0m
  &amp#27;[32mGiven &amp#27;[0m&amp#27;[32mThe user is on the Introduction page&amp#27;[0m                            &amp#27;[90m# StepDefinitions.LinkedList.the_user_is_on_the_introduction_page()&amp#27;[0m
  &amp#27;[32mGiven &amp#27;[0m&amp#27;[32mThe user is on the Introduction page&amp#27;[0m                          &amp#27;[90m# StepDefinitions.LinkedList.the_user_is_on_the_introduction_page()&amp#27;[0m
  &amp#27;[32mAnd &amp#27;[0m&amp#27;[32mThe user clicks Try Here button&amp#27;[0m                                        &amp#27;[90m# StepDefinitions.Tree.the_user_clicks_try_here_button()&amp#27;[0m
  &amp#27;[32mWhen &amp#27;[0m&amp#27;[32mThe user writes no code inside editor window and clicks on Run button&amp#27;[0m &amp#27;[90m# StepDefinitions.Tree.the_user_writes_no_code_inside_editor_window_and_clicks_on_run_button()&amp#27;[0m
  &amp#27;[32mThen &amp#27;[0m&amp#27;[32mNothing happens to the Editor page and no error message is displayed&amp#27;[0m  &amp#27;[90m# StepDefinitions.Tree.nothing_happens_to_the_editor_page_and_no_error_message_is_displayed()&amp#27;[0m
[INFO ] 2024-12-09 22:07:43.858 [TestNG-PoolService-2] Hooks - ======================  Test Execution is completed!! ======================
  &amp#27;[32mAnd &amp#27;[0m&amp#27;[32mThe user clicks Try Here button&amp#27;[0m                                   &amp#27;[90m# StepDefinitions.Tree.the_user_clicks_try_here_button()&amp#27;[0m
  &amp#27;[32mWhen &amp#27;[0m&amp#27;[32mThe user writes the invalid python code and clicks on Run button&amp#27;[0m &amp#27;[90m# StepDefinitions.Tree.the_user_writes_the_invalid_python_code_and_clicks_on_run_button()&amp#27;[0m
  &amp#27;[32mThen &amp#27;[0m&amp#27;[32mThe user see error msg in alert window&amp#27;[0m                           &amp#27;[90m# StepDefinitions.Tree.the_user_see_error_msg_in_alert_window()&amp#27;[0m
  &amp#27;[32mAnd &amp#27;[0m&amp#27;[32mThe user clicks Try Here button&amp#27;[0m                                 &amp#27;[90m# StepDefinitions.Tree.the_user_clicks_try_here_button()&amp#27;[0m
[INFO ] 2024-12-09 22:07:44.434 [TestNG-PoolService-1] Hooks - ======================  Test Execution is completed!! ======================
  &amp#27;[32mWhen &amp#27;[0m&amp#27;[32mThe user writes the valid python code and clicks on Run button&amp#27;[0m &amp#27;[90m# StepDefinitions.Tree.the_user_writes_the_valid_python_code_and_clicks_on_run_button()&amp#27;[0m
  &amp#27;[32mThen &amp#27;[0m&amp#27;[32mThe user is able to see the output inside the console.&amp#27;[0m         &amp#27;[90m# StepDefinitions.Tree.the_user_is_able_to_see_the_output_inside_the_console()&amp#27;[0m
[INFO ] 2024-12-09 22:07:44.839 [TestNG-PoolService-3] Hooks - ======================  Test Execution is completed!! ======================
]]></system-out>
  </testcase>
  <testcase name="runScenario[&quot;LL_Try Here Editor page with empty data&quot;, &quot;Linked List&quot;](49)" classname="TestRunners.TestRunner" time="2.277">
    <failure message="element not interactable&#10;  (Session info: MicrosoftEdge=131.0.2903.86)&#10;Build info: version: &apos;4.26.0&apos;, revision: &apos;8ccf0219d7&apos;&#10;System info: os.name: &apos;Windows 11&apos;, os.arch: &apos;amd64&apos;, os.version: &apos;10.0&apos;, java.version: &apos;21.0.5&apos;&#10;Driver info: org.openqa.selenium.edge.EdgeDriver&#10;Command: [84cb1e378c5eafa50e76a1d4f0948ad7, sendKeysToElement {value=[Ljava.lang.CharSequence;@3e208e5b, id=f.E032040F9B79E6E5CB0AA497B31E4F8C.d.6449CFCD943A9689BE6DF81927250448.e.37}]&#10;Capabilities {acceptInsecureCerts: false, browserName: MicrosoftEdge, browserVersion: 131.0.2903.86, fedcm:accounts: true, ms:edgeOptions: {debuggerAddress: localhost:60716}, msedge: {msedgedriverVersion: 131.0.2903.86 (cf5bf303997c..., userDataDir: C:\Users\vamsh\AppData\Loca...}, networkConnectionEnabled: false, pageLoadStrategy: normal, platformName: windows, proxy: Proxy(), se:cdp: ws://localhost:60716/devtoo..., se:cdpVersion: 131.0.2903.86, setWindowRect: true, strictFileInteractability: false, timeouts: {implicit: 0, pageLoad: 300000, script: 30000}, unhandledPromptBehavior: dismiss and notify, webauthn:extension:credBlob: true, webauthn:extension:largeBlob: true, webauthn:extension:minPinLength: true, webauthn:extension:prf: true, webauthn:virtualAuthenticators: true}&#10;Element: [[EdgeDriver: MicrosoftEdge on windows (84cb1e378c5eafa50e76a1d4f0948ad7)] -&gt; css selector: .CodeMirror textarea]&#10;Session ID: 84cb1e378c5eafa50e76a1d4f0948ad7" type="org.openqa.selenium.ElementNotInteractableException"><![CDATA[org.openqa.selenium.ElementNotInteractableException: 
element not interactable
  (Session info: MicrosoftEdge=131.0.2903.86)
Build info: version: '4.26.0', revision: '8ccf0219d7'
System info: os.name: 'Windows 11', os.arch: 'amd64', os.version: '10.0', java.version: '21.0.5'
Driver info: org.openqa.selenium.edge.EdgeDriver
Command: [84cb1e378c5eafa50e76a1d4f0948ad7, sendKeysToElement {value=[Ljava.lang.CharSequence;@3e208e5b, id=f.E032040F9B79E6E5CB0AA497B31E4F8C.d.6449CFCD943A9689BE6DF81927250448.e.37}]
Capabilities {acceptInsecureCerts: false, browserName: MicrosoftEdge, browserVersion: 131.0.2903.86, fedcm:accounts: true, ms:edgeOptions: {debuggerAddress: localhost:60716}, msedge: {msedgedriverVersion: 131.0.2903.86 (cf5bf303997c..., userDataDir: C:\Users\vamsh\AppData\Loca...}, networkConnectionEnabled: false, pageLoadStrategy: normal, platformName: windows, proxy: Proxy(), se:cdp: ws://localhost:60716/devtoo..., se:cdpVersion: 131.0.2903.86, setWindowRect: true, strictFileInteractability: false, timeouts: {implicit: 0, pageLoad: 300000, script: 30000}, unhandledPromptBehavior: dismiss and notify, webauthn:extension:credBlob: true, webauthn:extension:largeBlob: true, webauthn:extension:minPinLength: true, webauthn:extension:prf: true, webauthn:virtualAuthenticators: true}
Element: [[EdgeDriver: MicrosoftEdge on windows (84cb1e378c5eafa50e76a1d4f0948ad7)] -> css selector: .CodeMirror textarea]
Session ID: 84cb1e378c5eafa50e76a1d4f0948ad7
]]></failure>
    <system-out><![CDATA[
Scenario: LL_Try Here Editor page with invalid data                     &amp#27;[90m# src/test/resources/Features/LinkedList.feature:35&amp#27;[0m
  &amp#27;[32mAnd &amp#27;[0m&amp#27;[32mThe user clicks Try Here button&amp#27;[0m                                        &amp#27;[90m# StepDefinitions.Tree.the_user_clicks_try_here_button()&amp#27;[0m
  &amp#27;[31mWhen &amp#27;[0m&amp#27;[31mThe user writes no code inside editor window and clicks on Run button&amp#27;[0m &amp#27;[90m# StepDefinitions.Tree.the_user_writes_no_code_inside_editor_window_and_clicks_on_run_button()&amp#27;[0m
      &amp#27;[31morg.openqa.selenium.ElementNotInteractableException: element not interactable
  (Session info: MicrosoftEdge=131.0.2903.86)
Build info: version: '4.26.0', revision: '8ccf0219d7'
System info: os.name: 'Windows 11', os.arch: 'amd64', os.version: '10.0', java.version: '21.0.5'
Driver info: org.openqa.selenium.edge.EdgeDriver
Command: [84cb1e378c5eafa50e76a1d4f0948ad7, sendKeysToElement {value=[Ljava.lang.CharSequence;@3e208e5b, id=f.E032040F9B79E6E5CB0AA497B31E4F8C.d.6449CFCD943A9689BE6DF81927250448.e.37}]
Capabilities {acceptInsecureCerts: false, browserName: MicrosoftEdge, browserVersion: 131.0.2903.86, fedcm:accounts: true, ms:edgeOptions: {debuggerAddress: localhost:60716}, msedge: {msedgedriverVersion: 131.0.2903.86 (cf5bf303997c..., userDataDir: C:\Users\vamsh\AppData\Loca...}, networkConnectionEnabled: false, pageLoadStrategy: normal, platformName: windows, proxy: Proxy(), se:cdp: ws://localhost:60716/devtoo..., se:cdpVersion: 131.0.2903.86, setWindowRect: true, strictFileInteractability: false, timeouts: {implicit: 0, pageLoad: 300000, script: 30000}, unhandledPromptBehavior: dismiss and notify, webauthn:extension:credBlob: true, webauthn:extension:largeBlob: true, webauthn:extension:minPinLength: true, webauthn:extension:prf: true, webauthn:virtualAuthenticators: true}
Element: [[EdgeDriver: MicrosoftEdge on windows (84cb1e378c5eafa50e76a1d4f0948ad7)] -> css selector: .CodeMirror textarea]
Session ID: 84cb1e378c5eafa50e76a1d4f0948ad7
	at java.base/jdk.internal.reflect.DirectConstructorHandleAccessor.newInstance(DirectConstructorHandleAccessor.java:62)
	at java.base/java.lang.reflect.Constructor.newInstanceWithCaller(Constructor.java:502)
	at java.base/java.lang.reflect.Constructor.newInstance(Constructor.java:486)
	at org.openqa.selenium.remote.ErrorCodec.decode(ErrorCodec.java:167)
	at org.openqa.selenium.remote.codec.w3c.W3CHttpResponseCodec.decode(W3CHttpResponseCodec.java:138)
	at org.openqa.selenium.remote.codec.w3c.W3CHttpResponseCodec.decode(W3CHttpResponseCodec.java:50)
	at org.openqa.selenium.remote.HttpCommandExecutor.execute(HttpCommandExecutor.java:190)
	at org.openqa.selenium.remote.service.DriverCommandExecutor.invokeExecute(DriverCommandExecutor.java:216)
	at org.openqa.selenium.remote.service.DriverCommandExecutor.execute(DriverCommandExecutor.java:174)
	at org.openqa.selenium.remote.RemoteWebDriver.execute(RemoteWebDriver.java:545)
	at org.openqa.selenium.remote.RemoteWebElement.execute(RemoteWebElement.java:223)
	at org.openqa.selenium.remote.RemoteWebElement.sendKeys(RemoteWebElement.java:110)
	at PageObjects.TreePage.writeInTryEditorWindow(TreePage.java:357)
	at StepDefinitions.Tree.the_user_writes_no_code_inside_editor_window_and_clicks_on_run_button(Tree.java:73)
	at ✽.The user writes no code inside editor window and clicks on Run button(file:///C:/Projects/Repo1/src/test/resources/Features/LinkedList.feature:26)
&amp#27;[0m
  &amp#27;[36mThen &amp#27;[0m&amp#27;[36mNothing happens to the Editor page and no error message is displayed&amp#27;[0m  &amp#27;[90m# StepDefinitions.Tree.nothing_happens_to_the_editor_page_and_no_error_message_is_displayed()&amp#27;[0m
[ERROR] 2024-12-09 22:21:26.781 [TestNG-PoolService-2] Hooks - ======================  TEST CASE FAILED !! ======================

    Embedding screenshot [image/png 7890 bytes]

[INFO ] 2024-12-09 22:21:26.980 [TestNG-PoolService-2] Hooks - ======================  Screenshot is captured  ======================
[INFO ] 2024-12-09 22:21:26.980 [TestNG-PoolService-2] Hooks - ======================  Test Execution is completed!! ======================
  &amp#27;[32mGiven &amp#27;[0m&amp#27;[32mThe user is on the DS Introduction page as signedIn&amp#27;[0m           &amp#27;[90m# StepDefinitions.DSIntroductionDetails.the_user_is_on_the_ds_introduction_page_as_signed_in()&amp#27;[0m
  &amp#27;[32mAnd &amp#27;[0m&amp#27;[32mUser clicks on Get Started button from Linked List panel&amp#27;[0m        &amp#27;[90m# StepDefinitions.LinkedList.user_clicks_on_get_started_button_from_linked_list_panel()&amp#27;[0m
  &amp#27;[32mGiven &amp#27;[0m&amp#27;[32mThe user is on the Introduction page&amp#27;[0m                          &amp#27;[90m# StepDefinitions.LinkedList.the_user_is_on_the_introduction_page()&amp#27;[0m
]]></system-out>
  </testcase>
  <testcase name="runScenario[&quot;LL_Try Here Editor page with valid data&quot;, &quot;Linked List&quot;](50)" classname="TestRunners.TestRunner" time="3.336">
    <failure message="element not interactable&#10;  (Session info: chrome=131.0.6778.109)&#10;Build info: version: &apos;4.26.0&apos;, revision: &apos;8ccf0219d7&apos;&#10;System info: os.name: &apos;Windows 11&apos;, os.arch: &apos;amd64&apos;, os.version: &apos;10.0&apos;, java.version: &apos;21.0.5&apos;&#10;Driver info: org.openqa.selenium.chrome.ChromeDriver&#10;Command: [14e240c9fd0747c516f7310c6df3e3ef, sendKeysToElement {value=[Ljava.lang.CharSequence;@6c316fd1, id=f.2E05427B7EF3EA41D9D2DF995A0DC459.d.FD41BEBB8F2DFA7EDC8D3EF40B2CFEB5.e.51}]&#10;Capabilities {acceptInsecureCerts: false, browserName: chrome, browserVersion: 131.0.6778.109, chrome: {chromedriverVersion: 131.0.6778.87 (ce31cae94873..., userDataDir: C:\Users\vamsh\AppData\Loca...}, fedcm:accounts: true, goog:chromeOptions: {debuggerAddress: localhost:58324}, networkConnectionEnabled: false, pageLoadStrategy: normal, platformName: windows, proxy: Proxy(), se:cdp: ws://localhost:58324/devtoo..., se:cdpVersion: 131.0.6778.109, setWindowRect: true, strictFileInteractability: false, timeouts: {implicit: 0, pageLoad: 300000, script: 30000}, unhandledPromptBehavior: dismiss and notify, webauthn:extension:credBlob: true, webauthn:extension:largeBlob: true, webauthn:extension:minPinLength: true, webauthn:extension:prf: true, webauthn:virtualAuthenticators: true}&#10;Element: [[ChromeDriver: chrome on windows (14e240c9fd0747c516f7310c6df3e3ef)] -&gt; css selector: .CodeMirror textarea]&#10;Session ID: 14e240c9fd0747c516f7310c6df3e3ef" type="org.openqa.selenium.ElementNotInteractableException"><![CDATA[org.openqa.selenium.ElementNotInteractableException: 
element not interactable
  (Session info: chrome=131.0.6778.109)
Build info: version: '4.26.0', revision: '8ccf0219d7'
System info: os.name: 'Windows 11', os.arch: 'amd64', os.version: '10.0', java.version: '21.0.5'
Driver info: org.openqa.selenium.chrome.ChromeDriver
Command: [14e240c9fd0747c516f7310c6df3e3ef, sendKeysToElement {value=[Ljava.lang.CharSequence;@6c316fd1, id=f.2E05427B7EF3EA41D9D2DF995A0DC459.d.FD41BEBB8F2DFA7EDC8D3EF40B2CFEB5.e.51}]
Capabilities {acceptInsecureCerts: false, browserName: chrome, browserVersion: 131.0.6778.109, chrome: {chromedriverVersion: 131.0.6778.87 (ce31cae94873..., userDataDir: C:\Users\vamsh\AppData\Loca...}, fedcm:accounts: true, goog:chromeOptions: {debuggerAddress: localhost:58324}, networkConnectionEnabled: false, pageLoadStrategy: normal, platformName: windows, proxy: Proxy(), se:cdp: ws://localhost:58324/devtoo..., se:cdpVersion: 131.0.6778.109, setWindowRect: true, strictFileInteractability: false, timeouts: {implicit: 0, pageLoad: 300000, script: 30000}, unhandledPromptBehavior: dismiss and notify, webauthn:extension:credBlob: true, webauthn:extension:largeBlob: true, webauthn:extension:minPinLength: true, webauthn:extension:prf: true, webauthn:virtualAuthenticators: true}
Element: [[ChromeDriver: chrome on windows (14e240c9fd0747c516f7310c6df3e3ef)] -> css selector: .CodeMirror textarea]
Session ID: 14e240c9fd0747c516f7310c6df3e3ef
]]></failure>
    <system-out><![CDATA[
Scenario: Linked List home page                                &amp#27;[90m# src/test/resources/Features/LinkedList.feature:41&amp#27;[0m
  &amp#27;[32mGiven &amp#27;[0m&amp#27;[32mThe user is on the DS Introduction page as signedIn&amp#27;[0m           &amp#27;[90m# StepDefinitions.DSIntroductionDetails.the_user_is_on_the_ds_introduction_page_as_signed_in()&amp#27;[0m
  &amp#27;[32mAnd &amp#27;[0m&amp#27;[32mUser clicks on Get Started button from Linked List panel&amp#27;[0m        &amp#27;[90m# StepDefinitions.LinkedList.user_clicks_on_get_started_button_from_linked_list_panel()&amp#27;[0m
[INFO ] 2024-12-09 21:58:00.279 [TestNG-PoolService-1] Hooks - ======================  New Test Execution is STARTED!! ======================
  &amp#27;[32mGiven &amp#27;[0m&amp#27;[32mThe user is on the Introduction page&amp#27;[0m                          &amp#27;[90m# StepDefinitions.LinkedList.the_user_is_on_the_introduction_page()&amp#27;[0m
  &amp#27;[32mAnd &amp#27;[0m&amp#27;[32mThe user clicks Try Here button&amp#27;[0m                                 &amp#27;[90m# StepDefinitions.Tree.the_user_clicks_try_here_button()&amp#27;[0m
  &amp#27;[31mWhen &amp#27;[0m&amp#27;[31mThe user writes the valid python code and clicks on Run button&amp#27;[0m &amp#27;[90m# StepDefinitions.Tree.the_user_writes_the_valid_python_code_and_clicks_on_run_button()&amp#27;[0m
      &amp#27;[31morg.openqa.selenium.ElementNotInteractableException: element not interactable
  (Session info: chrome=131.0.6778.109)
Build info: version: '4.26.0', revision: '8ccf0219d7'
System info: os.name: 'Windows 11', os.arch: 'amd64', os.version: '10.0', java.version: '21.0.5'
Driver info: org.openqa.selenium.chrome.ChromeDriver
Command: [14e240c9fd0747c516f7310c6df3e3ef, sendKeysToElement {value=[Ljava.lang.CharSequence;@6c316fd1, id=f.2E05427B7EF3EA41D9D2DF995A0DC459.d.FD41BEBB8F2DFA7EDC8D3EF40B2CFEB5.e.51}]
Capabilities {acceptInsecureCerts: false, browserName: chrome, browserVersion: 131.0.6778.109, chrome: {chromedriverVersion: 131.0.6778.87 (ce31cae94873..., userDataDir: C:\Users\vamsh\AppData\Loca...}, fedcm:accounts: true, goog:chromeOptions: {debuggerAddress: localhost:58324}, networkConnectionEnabled: false, pageLoadStrategy: normal, platformName: windows, proxy: Proxy(), se:cdp: ws://localhost:58324/devtoo..., se:cdpVersion: 131.0.6778.109, setWindowRect: true, strictFileInteractability: false, timeouts: {implicit: 0, pageLoad: 300000, script: 30000}, unhandledPromptBehavior: dismiss and notify, webauthn:extension:credBlob: true, webauthn:extension:largeBlob: true, webauthn:extension:minPinLength: true, webauthn:extension:prf: true, webauthn:virtualAuthenticators: true}
Element: [[ChromeDriver: chrome on windows (14e240c9fd0747c516f7310c6df3e3ef)] -> css selector: .CodeMirror textarea]
Session ID: 14e240c9fd0747c516f7310c6df3e3ef
	at java.base/jdk.internal.reflect.DirectConstructorHandleAccessor.newInstance(DirectConstructorHandleAccessor.java:62)
	at java.base/java.lang.reflect.Constructor.newInstanceWithCaller(Constructor.java:502)
	at java.base/java.lang.reflect.Constructor.newInstance(Constructor.java:486)
	at org.openqa.selenium.remote.ErrorCodec.decode(ErrorCodec.java:167)
	at org.openqa.selenium.remote.codec.w3c.W3CHttpResponseCodec.decode(W3CHttpResponseCodec.java:138)
	at org.openqa.selenium.remote.codec.w3c.W3CHttpResponseCodec.decode(W3CHttpResponseCodec.java:50)
	at org.openqa.selenium.remote.HttpCommandExecutor.execute(HttpCommandExecutor.java:190)
	at org.openqa.selenium.remote.service.DriverCommandExecutor.invokeExecute(DriverCommandExecutor.java:216)
	at org.openqa.selenium.remote.service.DriverCommandExecutor.execute(DriverCommandExecutor.java:174)
	at org.openqa.selenium.remote.RemoteWebDriver.execute(RemoteWebDriver.java:545)
	at org.openqa.selenium.remote.RemoteWebElement.execute(RemoteWebElement.java:223)
	at org.openqa.selenium.remote.RemoteWebElement.sendKeys(RemoteWebElement.java:110)
	at PageObjects.TreePage.writeInTryEditorWindow(TreePage.java:357)
	at StepDefinitions.Tree.the_user_writes_the_valid_python_code_and_clicks_on_run_button(Tree.java:85)
	at ✽.The user writes the valid python code and clicks on Run button(file:///C:/Projects/Repo1/src/test/resources/Features/LinkedList.feature:32)
&amp#27;[0m
  &amp#27;[36mThen &amp#27;[0m&amp#27;[36mThe user is able to see the output inside the console.&amp#27;[0m         &amp#27;[90m# StepDefinitions.Tree.the_user_is_able_to_see_the_output_inside_the_console()&amp#27;[0m
[ERROR] 2024-12-09 21:58:01.291 [TestNG-PoolService-3] Hooks - ======================  TEST CASE FAILED !! ======================
  &amp#27;[32mGiven &amp#27;[0m&amp#27;[32mThe user is on the DS Introduction page as signedIn&amp#27;[0m             &amp#27;[90m# StepDefinitions.DSIntroductionDetails.the_user_is_on_the_ds_introduction_page_as_signed_in()&amp#27;[0m

    Embedding screenshot [image/png 7853 bytes]

[INFO ] 2024-12-09 21:58:01.472 [TestNG-PoolService-3] Hooks - ======================  Screenshot is captured  ======================
[INFO ] 2024-12-09 21:58:01.476 [TestNG-PoolService-3] Hooks - ======================  Test Execution is completed!! ======================
  &amp#27;[32mAnd &amp#27;[0m&amp#27;[32mUser clicks on Get Started button from Linked List panel&amp#27;[0m          &amp#27;[90m# StepDefinitions.LinkedList.user_clicks_on_get_started_button_from_linked_list_panel()&amp#27;[0m
]]></system-out>
    <system-err><![CDATA[Dec 09, 2024 9:58:00 PM org.openqa.selenium.devtools.CdpVersionFinder findNearestMatch
WARNING: Unable to find an exact match for CDP version 131, returning the closest version; found: 130; Please update to a Selenium version that supports CDP version 131
]]></system-err>
  </testcase>
  <testcase name="runScenario[&quot;LL_Try Here Editor page with valid data&quot;, &quot;Linked List&quot;](50)" classname="TestRunners.TestRunner" time="3.03">
    <system-out><![CDATA[
Scenario: Linked List home page                                &amp#27;[90m# src/test/resources/Features/LinkedList.feature:41&amp#27;[0m
  &amp#27;[32mAnd &amp#27;[0m&amp#27;[32mThe user clicks Try Here button&amp#27;[0m                                 &amp#27;[90m# StepDefinitions.Tree.the_user_clicks_try_here_button()&amp#27;[0m
[INFO ] 2024-12-09 22:21:29.525 [TestNG-PoolService-3] Hooks - ======================  New Test Execution is STARTED!! ======================
  &amp#27;[32mWhen &amp#27;[0m&amp#27;[32mThe user writes the valid python code and clicks on Run button&amp#27;[0m &amp#27;[90m# StepDefinitions.Tree.the_user_writes_the_valid_python_code_and_clicks_on_run_button()&amp#27;[0m
  &amp#27;[32mThen &amp#27;[0m&amp#27;[32mThe user is able to see the output inside the console.&amp#27;[0m         &amp#27;[90m# StepDefinitions.Tree.the_user_is_able_to_see_the_output_inside_the_console()&amp#27;[0m
[INFO ] 2024-12-09 22:21:29.703 [TestNG-PoolService-1] Hooks - ======================  Test Execution is completed!! ======================
]]></system-out>
    <system-err><![CDATA[Dec 09, 2024 10:21:29 PM org.openqa.selenium.devtools.CdpVersionFinder findNearestMatch
WARNING: Unable to find an exact match for CDP version 131, returning the closest version; found: 130; Please update to a Selenium version that supports CDP version 131
]]></system-err>
  </testcase>
  <testcase name="runScenario[&quot;LL_Try Here Editor page with invalid data&quot;, &quot;Linked List&quot;](51)" classname="TestRunners.TestRunner" time="1.936">
    <failure message="element not interactable&#10;  (Session info: chrome=131.0.6778.109)&#10;Build info: version: &apos;4.26.0&apos;, revision: &apos;8ccf0219d7&apos;&#10;System info: os.name: &apos;Windows 11&apos;, os.arch: &apos;amd64&apos;, os.version: &apos;10.0&apos;, java.version: &apos;21.0.5&apos;&#10;Driver info: org.openqa.selenium.chrome.ChromeDriver&#10;Command: [6ff28e2f91963c91b00ba72938df13a5, sendKeysToElement {value=[Ljava.lang.CharSequence;@2e43175c, id=f.CA6FDB728B0EA8B1644D2D6079C5CB8A.d.5C7F38757D89A17CE7EEC38CC8E8A65E.e.51}]&#10;Capabilities {acceptInsecureCerts: false, browserName: chrome, browserVersion: 131.0.6778.109, chrome: {chromedriverVersion: 131.0.6778.87 (ce31cae94873..., userDataDir: C:\Users\vamsh\AppData\Loca...}, fedcm:accounts: true, goog:chromeOptions: {debuggerAddress: localhost:58379}, networkConnectionEnabled: false, pageLoadStrategy: normal, platformName: windows, proxy: Proxy(), se:cdp: ws://localhost:58379/devtoo..., se:cdpVersion: 131.0.6778.109, setWindowRect: true, strictFileInteractability: false, timeouts: {implicit: 0, pageLoad: 300000, script: 30000}, unhandledPromptBehavior: dismiss and notify, webauthn:extension:credBlob: true, webauthn:extension:largeBlob: true, webauthn:extension:minPinLength: true, webauthn:extension:prf: true, webauthn:virtualAuthenticators: true}&#10;Element: [[ChromeDriver: chrome on windows (6ff28e2f91963c91b00ba72938df13a5)] -&gt; css selector: .CodeMirror textarea]&#10;Session ID: 6ff28e2f91963c91b00ba72938df13a5" type="org.openqa.selenium.ElementNotInteractableException"><![CDATA[org.openqa.selenium.ElementNotInteractableException: 
element not interactable
  (Session info: chrome=131.0.6778.109)
Build info: version: '4.26.0', revision: '8ccf0219d7'
System info: os.name: 'Windows 11', os.arch: 'amd64', os.version: '10.0', java.version: '21.0.5'
Driver info: org.openqa.selenium.chrome.ChromeDriver
Command: [6ff28e2f91963c91b00ba72938df13a5, sendKeysToElement {value=[Ljava.lang.CharSequence;@2e43175c, id=f.CA6FDB728B0EA8B1644D2D6079C5CB8A.d.5C7F38757D89A17CE7EEC38CC8E8A65E.e.51}]
Capabilities {acceptInsecureCerts: false, browserName: chrome, browserVersion: 131.0.6778.109, chrome: {chromedriverVersion: 131.0.6778.87 (ce31cae94873..., userDataDir: C:\Users\vamsh\AppData\Loca...}, fedcm:accounts: true, goog:chromeOptions: {debuggerAddress: localhost:58379}, networkConnectionEnabled: false, pageLoadStrategy: normal, platformName: windows, proxy: Proxy(), se:cdp: ws://localhost:58379/devtoo..., se:cdpVersion: 131.0.6778.109, setWindowRect: true, strictFileInteractability: false, timeouts: {implicit: 0, pageLoad: 300000, script: 30000}, unhandledPromptBehavior: dismiss and notify, webauthn:extension:credBlob: true, webauthn:extension:largeBlob: true, webauthn:extension:minPinLength: true, webauthn:extension:prf: true, webauthn:virtualAuthenticators: true}
Element: [[ChromeDriver: chrome on windows (6ff28e2f91963c91b00ba72938df13a5)] -> css selector: .CodeMirror textarea]
Session ID: 6ff28e2f91963c91b00ba72938df13a5
]]></failure>
    <system-out><![CDATA[
Scenario: Creating Linked LIst                                       &amp#27;[90m# src/test/resources/Features/LinkedList.feature:46&amp#27;[0m
  &amp#27;[32mGiven &amp#27;[0m&amp#27;[32mThe user is on the Introduction page&amp#27;[0m                            &amp#27;[90m# StepDefinitions.LinkedList.the_user_is_on_the_introduction_page()&amp#27;[0m
  &amp#27;[32mAnd &amp#27;[0m&amp#27;[32mThe user clicks Try Here button&amp#27;[0m                                   &amp#27;[90m# StepDefinitions.Tree.the_user_clicks_try_here_button()&amp#27;[0m
  &amp#27;[31mWhen &amp#27;[0m&amp#27;[31mThe user writes the invalid python code and clicks on Run button&amp#27;[0m &amp#27;[90m# StepDefinitions.Tree.the_user_writes_the_invalid_python_code_and_clicks_on_run_button()&amp#27;[0m
      &amp#27;[31morg.openqa.selenium.ElementNotInteractableException: element not interactable
  (Session info: chrome=131.0.6778.109)
Build info: version: '4.26.0', revision: '8ccf0219d7'
System info: os.name: 'Windows 11', os.arch: 'amd64', os.version: '10.0', java.version: '21.0.5'
Driver info: org.openqa.selenium.chrome.ChromeDriver
Command: [6ff28e2f91963c91b00ba72938df13a5, sendKeysToElement {value=[Ljava.lang.CharSequence;@2e43175c, id=f.CA6FDB728B0EA8B1644D2D6079C5CB8A.d.5C7F38757D89A17CE7EEC38CC8E8A65E.e.51}]
Capabilities {acceptInsecureCerts: false, browserName: chrome, browserVersion: 131.0.6778.109, chrome: {chromedriverVersion: 131.0.6778.87 (ce31cae94873..., userDataDir: C:\Users\vamsh\AppData\Loca...}, fedcm:accounts: true, goog:chromeOptions: {debuggerAddress: localhost:58379}, networkConnectionEnabled: false, pageLoadStrategy: normal, platformName: windows, proxy: Proxy(), se:cdp: ws://localhost:58379/devtoo..., se:cdpVersion: 131.0.6778.109, setWindowRect: true, strictFileInteractability: false, timeouts: {implicit: 0, pageLoad: 300000, script: 30000}, unhandledPromptBehavior: dismiss and notify, webauthn:extension:credBlob: true, webauthn:extension:largeBlob: true, webauthn:extension:minPinLength: true, webauthn:extension:prf: true, webauthn:virtualAuthenticators: true}
Element: [[ChromeDriver: chrome on windows (6ff28e2f91963c91b00ba72938df13a5)] -> css selector: .CodeMirror textarea]
Session ID: 6ff28e2f91963c91b00ba72938df13a5
	at java.base/jdk.internal.reflect.DirectConstructorHandleAccessor.newInstance(DirectConstructorHandleAccessor.java:62)
	at java.base/java.lang.reflect.Constructor.newInstanceWithCaller(Constructor.java:502)
	at java.base/java.lang.reflect.Constructor.newInstance(Constructor.java:486)
	at org.openqa.selenium.remote.ErrorCodec.decode(ErrorCodec.java:167)
	at org.openqa.selenium.remote.codec.w3c.W3CHttpResponseCodec.decode(W3CHttpResponseCodec.java:138)
	at org.openqa.selenium.remote.codec.w3c.W3CHttpResponseCodec.decode(W3CHttpResponseCodec.java:50)
	at org.openqa.selenium.remote.HttpCommandExecutor.execute(HttpCommandExecutor.java:190)
	at org.openqa.selenium.remote.service.DriverCommandExecutor.invokeExecute(DriverCommandExecutor.java:216)
	at org.openqa.selenium.remote.service.DriverCommandExecutor.execute(DriverCommandExecutor.java:174)
	at org.openqa.selenium.remote.RemoteWebDriver.execute(RemoteWebDriver.java:545)
	at org.openqa.selenium.remote.RemoteWebElement.execute(RemoteWebElement.java:223)
	at org.openqa.selenium.remote.RemoteWebElement.sendKeys(RemoteWebElement.java:110)
	at PageObjects.TreePage.writeInTryEditorWindow(TreePage.java:357)
	at StepDefinitions.Tree.the_user_writes_the_invalid_python_code_and_clicks_on_run_button(Tree.java:96)
	at ✽.The user writes the invalid python code and clicks on Run button(file:///C:/Projects/Repo1/src/test/resources/Features/LinkedList.feature:38)
&amp#27;[0m
  &amp#27;[36mThen &amp#27;[0m&amp#27;[36mThe user see error msg in alert window&amp#27;[0m                           &amp#27;[90m# StepDefinitions.Tree.the_user_see_error_msg_in_alert_window()&amp#27;[0m
[ERROR] 2024-12-09 21:58:03.233 [TestNG-PoolService-2] Hooks - ======================  TEST CASE FAILED !! ======================

    Embedding screenshot [image/png 7853 bytes]

[INFO ] 2024-12-09 21:58:03.451 [TestNG-PoolService-2] Hooks - ======================  Screenshot is captured  ======================
[INFO ] 2024-12-09 21:58:03.457 [TestNG-PoolService-2] Hooks - ======================  Test Execution is completed!! ======================
[INFO ] 2024-12-09 21:58:03.567 [TestNG-PoolService-3] Hooks - ======================  New Test Execution is STARTED!! ======================
]]></system-out>
    <system-err><![CDATA[Dec 09, 2024 9:58:03 PM org.openqa.selenium.devtools.CdpVersionFinder findNearestMatch
WARNING: Unable to find an exact match for CDP version 131, returning the closest version; found: 130; Please update to a Selenium version that supports CDP version 131
]]></system-err>
  </testcase>
  <testcase name="runScenario[&quot;LL_Try Here Editor page with invalid data&quot;, &quot;Linked List&quot;](51)" classname="TestRunners.TestRunner" time="6.153">
    <failure message="element not interactable&#10;  (Session info: MicrosoftEdge=131.0.2903.86)&#10;Build info: version: &apos;4.26.0&apos;, revision: &apos;8ccf0219d7&apos;&#10;System info: os.name: &apos;Windows 11&apos;, os.arch: &apos;amd64&apos;, os.version: &apos;10.0&apos;, java.version: &apos;21.0.5&apos;&#10;Driver info: org.openqa.selenium.edge.EdgeDriver&#10;Command: [79b90546d277b4fbd6f3a0ab2f702378, sendKeysToElement {value=[Ljava.lang.CharSequence;@868b972, id=f.774C5F9431D560B1A5362CF3A58F5152.d.2D9515D0A7719FBEB8599D4ACA221ED5.e.37}]&#10;Capabilities {acceptInsecureCerts: false, browserName: MicrosoftEdge, browserVersion: 131.0.2903.86, fedcm:accounts: true, ms:edgeOptions: {debuggerAddress: localhost:60811}, msedge: {msedgedriverVersion: 131.0.2903.86 (cf5bf303997c..., userDataDir: C:\Users\vamsh\AppData\Loca...}, networkConnectionEnabled: false, pageLoadStrategy: normal, platformName: windows, proxy: Proxy(), se:cdp: ws://localhost:60811/devtoo..., se:cdpVersion: 131.0.2903.86, setWindowRect: true, strictFileInteractability: false, timeouts: {implicit: 0, pageLoad: 300000, script: 30000}, unhandledPromptBehavior: dismiss and notify, webauthn:extension:credBlob: true, webauthn:extension:largeBlob: true, webauthn:extension:minPinLength: true, webauthn:extension:prf: true, webauthn:virtualAuthenticators: true}&#10;Element: [[EdgeDriver: MicrosoftEdge on windows (79b90546d277b4fbd6f3a0ab2f702378)] -&gt; css selector: .CodeMirror textarea]&#10;Session ID: 79b90546d277b4fbd6f3a0ab2f702378" type="org.openqa.selenium.ElementNotInteractableException"><![CDATA[org.openqa.selenium.ElementNotInteractableException: 
element not interactable
  (Session info: MicrosoftEdge=131.0.2903.86)
Build info: version: '4.26.0', revision: '8ccf0219d7'
System info: os.name: 'Windows 11', os.arch: 'amd64', os.version: '10.0', java.version: '21.0.5'
Driver info: org.openqa.selenium.edge.EdgeDriver
Command: [79b90546d277b4fbd6f3a0ab2f702378, sendKeysToElement {value=[Ljava.lang.CharSequence;@868b972, id=f.774C5F9431D560B1A5362CF3A58F5152.d.2D9515D0A7719FBEB8599D4ACA221ED5.e.37}]
Capabilities {acceptInsecureCerts: false, browserName: MicrosoftEdge, browserVersion: 131.0.2903.86, fedcm:accounts: true, ms:edgeOptions: {debuggerAddress: localhost:60811}, msedge: {msedgedriverVersion: 131.0.2903.86 (cf5bf303997c..., userDataDir: C:\Users\vamsh\AppData\Loca...}, networkConnectionEnabled: false, pageLoadStrategy: normal, platformName: windows, proxy: Proxy(), se:cdp: ws://localhost:60811/devtoo..., se:cdpVersion: 131.0.2903.86, setWindowRect: true, strictFileInteractability: false, timeouts: {implicit: 0, pageLoad: 300000, script: 30000}, unhandledPromptBehavior: dismiss and notify, webauthn:extension:credBlob: true, webauthn:extension:largeBlob: true, webauthn:extension:minPinLength: true, webauthn:extension:prf: true, webauthn:virtualAuthenticators: true}
Element: [[EdgeDriver: MicrosoftEdge on windows (79b90546d277b4fbd6f3a0ab2f702378)] -> css selector: .CodeMirror textarea]
Session ID: 79b90546d277b4fbd6f3a0ab2f702378
]]></failure>
    <system-out><![CDATA[
Scenario: Creating Linked LIst                                       &amp#27;[90m# src/test/resources/Features/LinkedList.feature:46&amp#27;[0m
[INFO ] 2024-12-09 22:21:31.509 [TestNG-PoolService-2] Hooks - ======================  New Test Execution is STARTED!! ======================
[INFO ] 2024-12-09 22:21:33.584 [TestNG-PoolService-1] Hooks - ======================  New Test Execution is STARTED!! ======================
  &amp#27;[32mGiven &amp#27;[0m&amp#27;[32mThe user is on the DS Introduction page as signedIn&amp#27;[0m             &amp#27;[90m# StepDefinitions.DSIntroductionDetails.the_user_is_on_the_ds_introduction_page_as_signed_in()&amp#27;[0m
  &amp#27;[32mAnd &amp#27;[0m&amp#27;[32mUser clicks on Get Started button from Linked List panel&amp#27;[0m          &amp#27;[90m# StepDefinitions.LinkedList.user_clicks_on_get_started_button_from_linked_list_panel()&amp#27;[0m
  &amp#27;[32mGiven &amp#27;[0m&amp#27;[32mThe user is on the Introduction page&amp#27;[0m                            &amp#27;[90m# StepDefinitions.LinkedList.the_user_is_on_the_introduction_page()&amp#27;[0m
  &amp#27;[32mAnd &amp#27;[0m&amp#27;[32mThe user clicks Try Here button&amp#27;[0m                                   &amp#27;[90m# StepDefinitions.Tree.the_user_clicks_try_here_button()&amp#27;[0m
  &amp#27;[31mWhen &amp#27;[0m&amp#27;[31mThe user writes the invalid python code and clicks on Run button&amp#27;[0m &amp#27;[90m# StepDefinitions.Tree.the_user_writes_the_invalid_python_code_and_clicks_on_run_button()&amp#27;[0m
      &amp#27;[31morg.openqa.selenium.ElementNotInteractableException: element not interactable
  (Session info: MicrosoftEdge=131.0.2903.86)
Build info: version: '4.26.0', revision: '8ccf0219d7'
System info: os.name: 'Windows 11', os.arch: 'amd64', os.version: '10.0', java.version: '21.0.5'
Driver info: org.openqa.selenium.edge.EdgeDriver
Command: [79b90546d277b4fbd6f3a0ab2f702378, sendKeysToElement {value=[Ljava.lang.CharSequence;@868b972, id=f.774C5F9431D560B1A5362CF3A58F5152.d.2D9515D0A7719FBEB8599D4ACA221ED5.e.37}]
Capabilities {acceptInsecureCerts: false, browserName: MicrosoftEdge, browserVersion: 131.0.2903.86, fedcm:accounts: true, ms:edgeOptions: {debuggerAddress: localhost:60811}, msedge: {msedgedriverVersion: 131.0.2903.86 (cf5bf303997c..., userDataDir: C:\Users\vamsh\AppData\Loca...}, networkConnectionEnabled: false, pageLoadStrategy: normal, platformName: windows, proxy: Proxy(), se:cdp: ws://localhost:60811/devtoo..., se:cdpVersion: 131.0.2903.86, setWindowRect: true, strictFileInteractability: false, timeouts: {implicit: 0, pageLoad: 300000, script: 30000}, unhandledPromptBehavior: dismiss and notify, webauthn:extension:credBlob: true, webauthn:extension:largeBlob: true, webauthn:extension:minPinLength: true, webauthn:extension:prf: true, webauthn:virtualAuthenticators: true}
Element: [[EdgeDriver: MicrosoftEdge on windows (79b90546d277b4fbd6f3a0ab2f702378)] -> css selector: .CodeMirror textarea]
Session ID: 79b90546d277b4fbd6f3a0ab2f702378
	at java.base/jdk.internal.reflect.DirectConstructorHandleAccessor.newInstance(DirectConstructorHandleAccessor.java:62)
	at java.base/java.lang.reflect.Constructor.newInstanceWithCaller(Constructor.java:502)
	at java.base/java.lang.reflect.Constructor.newInstance(Constructor.java:486)
	at org.openqa.selenium.remote.ErrorCodec.decode(ErrorCodec.java:167)
	at org.openqa.selenium.remote.codec.w3c.W3CHttpResponseCodec.decode(W3CHttpResponseCodec.java:138)
	at org.openqa.selenium.remote.codec.w3c.W3CHttpResponseCodec.decode(W3CHttpResponseCodec.java:50)
	at org.openqa.selenium.remote.HttpCommandExecutor.execute(HttpCommandExecutor.java:190)
	at org.openqa.selenium.remote.service.DriverCommandExecutor.invokeExecute(DriverCommandExecutor.java:216)
	at org.openqa.selenium.remote.service.DriverCommandExecutor.execute(DriverCommandExecutor.java:174)
	at org.openqa.selenium.remote.RemoteWebDriver.execute(RemoteWebDriver.java:545)
	at org.openqa.selenium.remote.RemoteWebElement.execute(RemoteWebElement.java:223)
	at org.openqa.selenium.remote.RemoteWebElement.sendKeys(RemoteWebElement.java:110)
	at PageObjects.TreePage.writeInTryEditorWindow(TreePage.java:357)
	at StepDefinitions.Tree.the_user_writes_the_invalid_python_code_and_clicks_on_run_button(Tree.java:96)
	at ✽.The user writes the invalid python code and clicks on Run button(file:///C:/Projects/Repo1/src/test/resources/Features/LinkedList.feature:38)
&amp#27;[0m
  &amp#27;[36mThen &amp#27;[0m&amp#27;[36mThe user see error msg in alert window&amp#27;[0m                           &amp#27;[90m# StepDefinitions.Tree.the_user_see_error_msg_in_alert_window()&amp#27;[0m
[ERROR] 2024-12-09 22:21:35.621 [TestNG-PoolService-3] Hooks - ======================  TEST CASE FAILED !! ======================

    Embedding screenshot [image/png 7890 bytes]

[INFO ] 2024-12-09 22:21:35.793 [TestNG-PoolService-3] Hooks - ======================  Screenshot is captured  ======================
[INFO ] 2024-12-09 22:21:35.794 [TestNG-PoolService-3] Hooks - ======================  Test Execution is completed!! ======================
  &amp#27;[32mGiven &amp#27;[0m&amp#27;[32mThe user is on the DS Introduction page as signedIn&amp#27;[0m    &amp#27;[90m# StepDefinitions.DSIntroductionDetails.the_user_is_on_the_ds_introduction_page_as_signed_in()&amp#27;[0m
  &amp#27;[32mAnd &amp#27;[0m&amp#27;[32mUser clicks on Get Started button from Linked List panel&amp#27;[0m &amp#27;[90m# StepDefinitions.LinkedList.user_clicks_on_get_started_button_from_linked_list_panel()&amp#27;[0m
  &amp#27;[32mGiven &amp#27;[0m&amp#27;[32mThe user is on the Introduction page&amp#27;[0m                   &amp#27;[90m# StepDefinitions.LinkedList.the_user_is_on_the_introduction_page()&amp#27;[0m
  &amp#27;[32mWhen &amp#27;[0m&amp#27;[32mThe user clicks Creating Linked LIst link&amp#27;[0m               &amp#27;[90m# StepDefinitions.LinkedList.the_user_clicks_creating_linked_l_ist_link()&amp#27;[0m
  &amp#27;[32mThen &amp#27;[0m&amp#27;[32mThe user is redirected to Creating Linked List page.&amp#27;[0m    &amp#27;[90m# StepDefinitions.LinkedList.the_user_is_redirected_to_creating_linked_list_page()&amp#27;[0m
[INFO ] 2024-12-09 22:21:37.044 [TestNG-PoolService-2] Hooks - ======================  Test Execution is completed!! ======================
  &amp#27;[32mGiven &amp#27;[0m&amp#27;[32mThe user is on the DS Introduction page as signedIn&amp#27;[0m          &amp#27;[90m# StepDefinitions.DSIntroductionDetails.the_user_is_on_the_ds_introduction_page_as_signed_in()&amp#27;[0m
]]></system-out>
    <system-err><![CDATA[Dec 09, 2024 10:21:31 PM org.openqa.selenium.devtools.CdpVersionFinder findNearestMatch
WARNING: Unable to find an exact match for CDP version 131, returning the closest version; found: 130; Please update to a Selenium version that supports CDP version 131
Dec 09, 2024 10:21:33 PM org.openqa.selenium.devtools.CdpVersionFinder findNearestMatch
WARNING: Unable to find an exact match for CDP version 131, returning the closest version; found: 130; Please update to a Selenium version that supports CDP version 131
]]></system-err>
  </testcase>
  <testcase name="runScenario[&quot;Linked List home page&quot;, &quot;Linked List&quot;](52)" classname="TestRunners.TestRunner" time="1.974">
    <system-out><![CDATA[
Scenario: LL_Try Here Editor page with empty data                            &amp#27;[90m# src/test/resources/Features/LinkedList.feature:51&amp#27;[0m
  &amp#27;[32mGiven &amp#27;[0m&amp#27;[32mThe user is on the DS Introduction page as signedIn&amp#27;[0m    &amp#27;[90m# StepDefinitions.DSIntroductionDetails.the_user_is_on_the_ds_introduction_page_as_signed_in()&amp#27;[0m
  &amp#27;[32mAnd &amp#27;[0m&amp#27;[32mUser clicks on Get Started button from Linked List panel&amp#27;[0m &amp#27;[90m# StepDefinitions.LinkedList.user_clicks_on_get_started_button_from_linked_list_panel()&amp#27;[0m
  &amp#27;[32mGiven &amp#27;[0m&amp#27;[32mThe user is on the Introduction page&amp#27;[0m                   &amp#27;[90m# StepDefinitions.LinkedList.the_user_is_on_the_introduction_page()&amp#27;[0m
[INFO ] 2024-12-09 21:58:05.265 [TestNG-PoolService-2] Hooks - ======================  New Test Execution is STARTED!! ======================
  &amp#27;[32mWhen &amp#27;[0m&amp#27;[32mThe user clicks Creating Linked LIst link&amp#27;[0m               &amp#27;[90m# StepDefinitions.LinkedList.the_user_clicks_creating_linked_l_ist_link()&amp#27;[0m
  &amp#27;[32mThen &amp#27;[0m&amp#27;[32mThe user is redirected to Creating Linked List page.&amp#27;[0m    &amp#27;[90m# StepDefinitions.LinkedList.the_user_is_redirected_to_creating_linked_list_page()&amp#27;[0m
[INFO ] 2024-12-09 21:58:05.469 [TestNG-PoolService-1] Hooks - ======================  Test Execution is completed!! ======================
]]></system-out>
    <system-err><![CDATA[Dec 09, 2024 9:58:05 PM org.openqa.selenium.devtools.CdpVersionFinder findNearestMatch
WARNING: Unable to find an exact match for CDP version 131, returning the closest version; found: 130; Please update to a Selenium version that supports CDP version 131
]]></system-err>
  </testcase>
  <testcase name="runScenario[&quot;Linked List home page&quot;, &quot;Linked List&quot;](52)" classname="TestRunners.TestRunner" time="10.545">
    <system-out><![CDATA[
Scenario: LL_Try Here Editor page with empty data                            &amp#27;[90m# src/test/resources/Features/LinkedList.feature:51&amp#27;[0m
[INFO ] 2024-12-09 22:07:50.465 [TestNG-PoolService-2] Hooks - ======================  New Test Execution is STARTED!! ======================
[INFO ] 2024-12-09 22:07:51.699 [TestNG-PoolService-1] Hooks - ======================  New Test Execution is STARTED!! ======================
[INFO ] 2024-12-09 22:07:52.288 [TestNG-PoolService-3] Hooks - ======================  New Test Execution is STARTED!! ======================
  &amp#27;[32mGiven &amp#27;[0m&amp#27;[32mThe user is on the DS Introduction page as signedIn&amp#27;[0m    &amp#27;[90m# StepDefinitions.DSIntroductionDetails.the_user_is_on_the_ds_introduction_page_as_signed_in()&amp#27;[0m
  &amp#27;[32mAnd &amp#27;[0m&amp#27;[32mUser clicks on Get Started button from Linked List panel&amp#27;[0m &amp#27;[90m# StepDefinitions.LinkedList.user_clicks_on_get_started_button_from_linked_list_panel()&amp#27;[0m
  &amp#27;[32mGiven &amp#27;[0m&amp#27;[32mThe user is on the Introduction page&amp#27;[0m                   &amp#27;[90m# StepDefinitions.LinkedList.the_user_is_on_the_introduction_page()&amp#27;[0m
  &amp#27;[32mGiven &amp#27;[0m&amp#27;[32mThe user is on the DS Introduction page as signedIn&amp#27;[0m                  &amp#27;[90m# StepDefinitions.DSIntroductionDetails.the_user_is_on_the_ds_introduction_page_as_signed_in()&amp#27;[0m
  &amp#27;[32mGiven &amp#27;[0m&amp#27;[32mThe user is on the DS Introduction page as signedIn&amp#27;[0m          &amp#27;[90m# StepDefinitions.DSIntroductionDetails.the_user_is_on_the_ds_introduction_page_as_signed_in()&amp#27;[0m
  &amp#27;[32mWhen &amp#27;[0m&amp#27;[32mThe user clicks Creating Linked LIst link&amp#27;[0m               &amp#27;[90m# StepDefinitions.LinkedList.the_user_clicks_creating_linked_l_ist_link()&amp#27;[0m
  &amp#27;[32mThen &amp#27;[0m&amp#27;[32mThe user is redirected to Creating Linked List page.&amp#27;[0m    &amp#27;[90m# StepDefinitions.LinkedList.the_user_is_redirected_to_creating_linked_list_page()&amp#27;[0m
[INFO ] 2024-12-09 22:07:54.759 [TestNG-PoolService-2] Hooks - ======================  Test Execution is completed!! ======================
  &amp#27;[32mAnd &amp#27;[0m&amp#27;[32mUser clicks on Get Started button from Linked List panel&amp#27;[0m               &amp#27;[90m# StepDefinitions.LinkedList.user_clicks_on_get_started_button_from_linked_list_panel()&amp#27;[0m
  &amp#27;[32mAnd &amp#27;[0m&amp#27;[32mUser clicks on Get Started button from Linked List panel&amp#27;[0m       &amp#27;[90m# StepDefinitions.LinkedList.user_clicks_on_get_started_button_from_linked_list_panel()&amp#27;[0m
  &amp#27;[32mGiven &amp#27;[0m&amp#27;[32mThe user is on the Creating Linked LIst page&amp#27;[0m                         &amp#27;[90m# StepDefinitions.LinkedList.the_user_is_on_the_creating_linked_l_ist_page()&amp#27;[0m
  &amp#27;[32mGiven &amp#27;[0m&amp#27;[32mThe user is on the Creating Linked LIst page&amp#27;[0m                 &amp#27;[90m# StepDefinitions.LinkedList.the_user_is_on_the_creating_linked_l_ist_page()&amp#27;[0m
  &amp#27;[32mAnd &amp#27;[0m&amp#27;[32mThe user clicks Try Here button&amp#27;[0m                                        &amp#27;[90m# StepDefinitions.Tree.the_user_clicks_try_here_button()&amp#27;[0m
  &amp#27;[32mWhen &amp#27;[0m&amp#27;[32mThe user clicks Try Here button&amp#27;[0m                               &amp#27;[90m# StepDefinitions.Tree.the_user_clicks_try_here_button()&amp#27;[0m
  &amp#27;[32mThen &amp#27;[0m&amp#27;[32mThe user is redirected to a page having Editor and run button&amp#27;[0m &amp#27;[90m# StepDefinitions.Tree.the_user_is_redirected_to_a_page_having_editor_and_run_button()&amp#27;[0m
[INFO ] 2024-12-09 22:07:56.520 [TestNG-PoolService-1] Hooks - ======================  Test Execution is completed!! ======================
  &amp#27;[32mWhen &amp#27;[0m&amp#27;[32mThe user writes no code inside editor window and clicks on Run button&amp#27;[0m &amp#27;[90m# StepDefinitions.Tree.the_user_writes_no_code_inside_editor_window_and_clicks_on_run_button()&amp#27;[0m
  &amp#27;[32mThen &amp#27;[0m&amp#27;[32mNothing happens to the Editor page and no error message is displayed&amp#27;[0m  &amp#27;[90m# StepDefinitions.Tree.nothing_happens_to_the_editor_page_and_no_error_message_is_displayed()&amp#27;[0m
[INFO ] 2024-12-09 22:07:56.750 [TestNG-PoolService-3] Hooks - ======================  Test Execution is completed!! ======================
]]></system-out>
  </testcase>
  <testcase name="runScenario[&quot;Linked List home page&quot;, &quot;Linked List&quot;](52)" classname="TestRunners.TestRunner" time="0.936">
    <system-out><![CDATA[
Scenario: LL_Try Here Editor page with empty data                            &amp#27;[90m# src/test/resources/Features/LinkedList.feature:51&amp#27;[0m
  &amp#27;[32mAnd &amp#27;[0m&amp#27;[32mUser clicks on Get Started button from Linked List panel&amp#27;[0m       &amp#27;[90m# StepDefinitions.LinkedList.user_clicks_on_get_started_button_from_linked_list_panel()&amp#27;[0m
  &amp#27;[32mGiven &amp#27;[0m&amp#27;[32mThe user is on the Creating Linked LIst page&amp#27;[0m                 &amp#27;[90m# StepDefinitions.LinkedList.the_user_is_on_the_creating_linked_l_ist_page()&amp#27;[0m
]]></system-out>
  </testcase>
  <testcase name="runScenario[&quot;Creating Linked LIst&quot;, &quot;Linked List&quot;](53)" classname="TestRunners.TestRunner" time="3.284">
    <system-out><![CDATA[
Scenario: LL_Try Here Editor page with valid data                     &amp#27;[90m# src/test/resources/Features/LinkedList.feature:57&amp#27;[0m
  &amp#27;[32mGiven &amp#27;[0m&amp#27;[32mThe user is on the DS Introduction page as signedIn&amp#27;[0m          &amp#27;[90m# StepDefinitions.DSIntroductionDetails.the_user_is_on_the_ds_introduction_page_as_signed_in()&amp#27;[0m
[INFO ] 2024-12-09 21:58:07.452 [TestNG-PoolService-1] Hooks - ======================  New Test Execution is STARTED!! ======================
  &amp#27;[32mAnd &amp#27;[0m&amp#27;[32mUser clicks on Get Started button from Linked List panel&amp#27;[0m       &amp#27;[90m# StepDefinitions.LinkedList.user_clicks_on_get_started_button_from_linked_list_panel()&amp#27;[0m
  &amp#27;[32mGiven &amp#27;[0m&amp#27;[32mThe user is on the Creating Linked LIst page&amp#27;[0m                 &amp#27;[90m# StepDefinitions.LinkedList.the_user_is_on_the_creating_linked_l_ist_page()&amp#27;[0m
  &amp#27;[32mGiven &amp#27;[0m&amp#27;[32mThe user is on the DS Introduction page as signedIn&amp#27;[0m                  &amp#27;[90m# StepDefinitions.DSIntroductionDetails.the_user_is_on_the_ds_introduction_page_as_signed_in()&amp#27;[0m
  &amp#27;[32mWhen &amp#27;[0m&amp#27;[32mThe user clicks Try Here button&amp#27;[0m                               &amp#27;[90m# StepDefinitions.Tree.the_user_clicks_try_here_button()&amp#27;[0m
  &amp#27;[32mThen &amp#27;[0m&amp#27;[32mThe user is redirected to a page having Editor and run button&amp#27;[0m &amp#27;[90m# StepDefinitions.Tree.the_user_is_redirected_to_a_page_having_editor_and_run_button()&amp#27;[0m
[INFO ] 2024-12-09 21:58:08.753 [TestNG-PoolService-3] Hooks - ======================  Test Execution is completed!! ======================
  &amp#27;[32mAnd &amp#27;[0m&amp#27;[32mUser clicks on Get Started button from Linked List panel&amp#27;[0m               &amp#27;[90m# StepDefinitions.LinkedList.user_clicks_on_get_started_button_from_linked_list_panel()&amp#27;[0m
]]></system-out>
    <system-err><![CDATA[Dec 09, 2024 9:58:07 PM org.openqa.selenium.devtools.CdpVersionFinder findNearestMatch
WARNING: Unable to find an exact match for CDP version 131, returning the closest version; found: 130; Please update to a Selenium version that supports CDP version 131
]]></system-err>
  </testcase>
  <testcase name="runScenario[&quot;Creating Linked LIst&quot;, &quot;Linked List&quot;](53)" classname="TestRunners.TestRunner" time="1.398">
    <system-out><![CDATA[
Scenario: LL_Try Here Editor page with valid data                     &amp#27;[90m# src/test/resources/Features/LinkedList.feature:57&amp#27;[0m
  &amp#27;[32mWhen &amp#27;[0m&amp#27;[32mThe user clicks Try Here button&amp#27;[0m                               &amp#27;[90m# StepDefinitions.Tree.the_user_clicks_try_here_button()&amp#27;[0m
  &amp#27;[32mThen &amp#27;[0m&amp#27;[32mThe user is redirected to a page having Editor and run button&amp#27;[0m &amp#27;[90m# StepDefinitions.Tree.the_user_is_redirected_to_a_page_having_editor_and_run_button()&amp#27;[0m
[INFO ] 2024-12-09 22:21:38.574 [TestNG-PoolService-1] Hooks - ======================  Test Execution is completed!! ======================
]]></system-out>
  </testcase>
  <testcase name="runScenario[&quot;LL_Try Here Editor page with empty data&quot;, &quot;Linked List&quot;](54)" classname="TestRunners.TestRunner" time="2.122">
    <failure message="element not interactable&#10;  (Session info: chrome=131.0.6778.109)&#10;Build info: version: &apos;4.26.0&apos;, revision: &apos;8ccf0219d7&apos;&#10;System info: os.name: &apos;Windows 11&apos;, os.arch: &apos;amd64&apos;, os.version: &apos;10.0&apos;, java.version: &apos;21.0.5&apos;&#10;Driver info: org.openqa.selenium.chrome.ChromeDriver&#10;Command: [e61fd27e37316132e9debf61aa2a2302, sendKeysToElement {value=[Ljava.lang.CharSequence;@32f090c9, id=f.0B99BE177DFBB4122B16316269F55658.d.E071BB99C3C6A1D0F3835C56A8949328.e.50}]&#10;Capabilities {acceptInsecureCerts: false, browserName: chrome, browserVersion: 131.0.6778.109, chrome: {chromedriverVersion: 131.0.6778.87 (ce31cae94873..., userDataDir: C:\Users\vamsh\AppData\Loca...}, fedcm:accounts: true, goog:chromeOptions: {debuggerAddress: localhost:58552}, networkConnectionEnabled: false, pageLoadStrategy: normal, platformName: windows, proxy: Proxy(), se:cdp: ws://localhost:58552/devtoo..., se:cdpVersion: 131.0.6778.109, setWindowRect: true, strictFileInteractability: false, timeouts: {implicit: 0, pageLoad: 300000, script: 30000}, unhandledPromptBehavior: dismiss and notify, webauthn:extension:credBlob: true, webauthn:extension:largeBlob: true, webauthn:extension:minPinLength: true, webauthn:extension:prf: true, webauthn:virtualAuthenticators: true}&#10;Element: [[ChromeDriver: chrome on windows (e61fd27e37316132e9debf61aa2a2302)] -&gt; css selector: .CodeMirror textarea]&#10;Session ID: e61fd27e37316132e9debf61aa2a2302" type="org.openqa.selenium.ElementNotInteractableException"><![CDATA[org.openqa.selenium.ElementNotInteractableException: 
element not interactable
  (Session info: chrome=131.0.6778.109)
Build info: version: '4.26.0', revision: '8ccf0219d7'
System info: os.name: 'Windows 11', os.arch: 'amd64', os.version: '10.0', java.version: '21.0.5'
Driver info: org.openqa.selenium.chrome.ChromeDriver
Command: [e61fd27e37316132e9debf61aa2a2302, sendKeysToElement {value=[Ljava.lang.CharSequence;@32f090c9, id=f.0B99BE177DFBB4122B16316269F55658.d.E071BB99C3C6A1D0F3835C56A8949328.e.50}]
Capabilities {acceptInsecureCerts: false, browserName: chrome, browserVersion: 131.0.6778.109, chrome: {chromedriverVersion: 131.0.6778.87 (ce31cae94873..., userDataDir: C:\Users\vamsh\AppData\Loca...}, fedcm:accounts: true, goog:chromeOptions: {debuggerAddress: localhost:58552}, networkConnectionEnabled: false, pageLoadStrategy: normal, platformName: windows, proxy: Proxy(), se:cdp: ws://localhost:58552/devtoo..., se:cdpVersion: 131.0.6778.109, setWindowRect: true, strictFileInteractability: false, timeouts: {implicit: 0, pageLoad: 300000, script: 30000}, unhandledPromptBehavior: dismiss and notify, webauthn:extension:credBlob: true, webauthn:extension:largeBlob: true, webauthn:extension:minPinLength: true, webauthn:extension:prf: true, webauthn:virtualAuthenticators: true}
Element: [[ChromeDriver: chrome on windows (e61fd27e37316132e9debf61aa2a2302)] -> css selector: .CodeMirror textarea]
Session ID: e61fd27e37316132e9debf61aa2a2302
]]></failure>
    <system-out><![CDATA[
Scenario: LL_Try Here Editor page with invalid data                     &amp#27;[90m# src/test/resources/Features/LinkedList.feature:63&amp#27;[0m
  &amp#27;[32mGiven &amp#27;[0m&amp#27;[32mThe user is on the Creating Linked LIst page&amp#27;[0m                         &amp#27;[90m# StepDefinitions.LinkedList.the_user_is_on_the_creating_linked_l_ist_page()&amp#27;[0m
  &amp#27;[32mAnd &amp#27;[0m&amp#27;[32mThe user clicks Try Here button&amp#27;[0m                                        &amp#27;[90m# StepDefinitions.Tree.the_user_clicks_try_here_button()&amp#27;[0m
  &amp#27;[32mGiven &amp#27;[0m&amp#27;[32mThe user is on the DS Introduction page as signedIn&amp#27;[0m           &amp#27;[90m# StepDefinitions.DSIntroductionDetails.the_user_is_on_the_ds_introduction_page_as_signed_in()&amp#27;[0m
  &amp#27;[31mWhen &amp#27;[0m&amp#27;[31mThe user writes no code inside editor window and clicks on Run button&amp#27;[0m &amp#27;[90m# StepDefinitions.Tree.the_user_writes_no_code_inside_editor_window_and_clicks_on_run_button()&amp#27;[0m
      &amp#27;[31morg.openqa.selenium.ElementNotInteractableException: element not interactable
  (Session info: chrome=131.0.6778.109)
Build info: version: '4.26.0', revision: '8ccf0219d7'
System info: os.name: 'Windows 11', os.arch: 'amd64', os.version: '10.0', java.version: '21.0.5'
Driver info: org.openqa.selenium.chrome.ChromeDriver
Command: [e61fd27e37316132e9debf61aa2a2302, sendKeysToElement {value=[Ljava.lang.CharSequence;@32f090c9, id=f.0B99BE177DFBB4122B16316269F55658.d.E071BB99C3C6A1D0F3835C56A8949328.e.50}]
Capabilities {acceptInsecureCerts: false, browserName: chrome, browserVersion: 131.0.6778.109, chrome: {chromedriverVersion: 131.0.6778.87 (ce31cae94873..., userDataDir: C:\Users\vamsh\AppData\Loca...}, fedcm:accounts: true, goog:chromeOptions: {debuggerAddress: localhost:58552}, networkConnectionEnabled: false, pageLoadStrategy: normal, platformName: windows, proxy: Proxy(), se:cdp: ws://localhost:58552/devtoo..., se:cdpVersion: 131.0.6778.109, setWindowRect: true, strictFileInteractability: false, timeouts: {implicit: 0, pageLoad: 300000, script: 30000}, unhandledPromptBehavior: dismiss and notify, webauthn:extension:credBlob: true, webauthn:extension:largeBlob: true, webauthn:extension:minPinLength: true, webauthn:extension:prf: true, webauthn:virtualAuthenticators: true}
Element: [[ChromeDriver: chrome on windows (e61fd27e37316132e9debf61aa2a2302)] -> css selector: .CodeMirror textarea]
Session ID: e61fd27e37316132e9debf61aa2a2302
	at java.base/jdk.internal.reflect.DirectConstructorHandleAccessor.newInstance(DirectConstructorHandleAccessor.java:62)
	at java.base/java.lang.reflect.Constructor.newInstanceWithCaller(Constructor.java:502)
	at java.base/java.lang.reflect.Constructor.newInstance(Constructor.java:486)
	at org.openqa.selenium.remote.ErrorCodec.decode(ErrorCodec.java:167)
	at org.openqa.selenium.remote.codec.w3c.W3CHttpResponseCodec.decode(W3CHttpResponseCodec.java:138)
	at org.openqa.selenium.remote.codec.w3c.W3CHttpResponseCodec.decode(W3CHttpResponseCodec.java:50)
	at org.openqa.selenium.remote.HttpCommandExecutor.execute(HttpCommandExecutor.java:190)
	at org.openqa.selenium.remote.service.DriverCommandExecutor.invokeExecute(DriverCommandExecutor.java:216)
	at org.openqa.selenium.remote.service.DriverCommandExecutor.execute(DriverCommandExecutor.java:174)
	at org.openqa.selenium.remote.RemoteWebDriver.execute(RemoteWebDriver.java:545)
	at org.openqa.selenium.remote.RemoteWebElement.execute(RemoteWebElement.java:223)
	at org.openqa.selenium.remote.RemoteWebElement.sendKeys(RemoteWebElement.java:110)
	at PageObjects.TreePage.writeInTryEditorWindow(TreePage.java:357)
	at StepDefinitions.Tree.the_user_writes_no_code_inside_editor_window_and_clicks_on_run_button(Tree.java:73)
	at ✽.The user writes no code inside editor window and clicks on Run button(file:///C:/Projects/Repo1/src/test/resources/Features/LinkedList.feature:54)
&amp#27;[0m
  &amp#27;[36mThen &amp#27;[0m&amp#27;[36mNothing happens to the Editor page and no error message is displayed&amp#27;[0m  &amp#27;[90m# StepDefinitions.Tree.nothing_happens_to_the_editor_page_and_no_error_message_is_displayed()&amp#27;[0m
[ERROR] 2024-12-09 21:58:10.583 [TestNG-PoolService-2] Hooks - ======================  TEST CASE FAILED !! ======================
[INFO ] 2024-12-09 21:58:10.702 [TestNG-PoolService-3] Hooks - ======================  New Test Execution is STARTED!! ======================

    Embedding screenshot [image/png 7853 bytes]

[INFO ] 2024-12-09 21:58:10.804 [TestNG-PoolService-2] Hooks - ======================  Screenshot is captured  ======================
[INFO ] 2024-12-09 21:58:10.816 [TestNG-PoolService-2] Hooks - ======================  Test Execution is completed!! ======================
  &amp#27;[32mAnd &amp#27;[0m&amp#27;[32mUser clicks on Get Started button from Linked List panel&amp#27;[0m        &amp#27;[90m# StepDefinitions.LinkedList.user_clicks_on_get_started_button_from_linked_list_panel()&amp#27;[0m
]]></system-out>
    <system-err><![CDATA[Dec 09, 2024 9:58:10 PM org.openqa.selenium.devtools.CdpVersionFinder findNearestMatch
WARNING: Unable to find an exact match for CDP version 131, returning the closest version; found: 130; Please update to a Selenium version that supports CDP version 131
]]></system-err>
  </testcase>
  <testcase name="runScenario[&quot;LL_Try Here Editor page with empty data&quot;, &quot;Linked List&quot;](54)" classname="TestRunners.TestRunner" time="7.644">
    <failure message="element not interactable&#10;  (Session info: MicrosoftEdge=131.0.2903.86)&#10;Build info: version: &apos;4.26.0&apos;, revision: &apos;8ccf0219d7&apos;&#10;System info: os.name: &apos;Windows 11&apos;, os.arch: &apos;amd64&apos;, os.version: &apos;10.0&apos;, java.version: &apos;21.0.5&apos;&#10;Driver info: org.openqa.selenium.edge.EdgeDriver&#10;Command: [896572d277f9dacbb755575f3f8391f3, sendKeysToElement {value=[Ljava.lang.CharSequence;@5b6d53e2, id=f.A24B3805A09893C97C497917DA3C9EFD.d.322F998F40FB3A6586E0CD95C345D289.e.37}]&#10;Capabilities {acceptInsecureCerts: false, browserName: MicrosoftEdge, browserVersion: 131.0.2903.86, fedcm:accounts: true, ms:edgeOptions: {debuggerAddress: localhost:60946}, msedge: {msedgedriverVersion: 131.0.2903.86 (cf5bf303997c..., userDataDir: C:\Users\vamsh\AppData\Loca...}, networkConnectionEnabled: false, pageLoadStrategy: normal, platformName: windows, proxy: Proxy(), se:cdp: ws://localhost:60946/devtoo..., se:cdpVersion: 131.0.2903.86, setWindowRect: true, strictFileInteractability: false, timeouts: {implicit: 0, pageLoad: 300000, script: 30000}, unhandledPromptBehavior: dismiss and notify, webauthn:extension:credBlob: true, webauthn:extension:largeBlob: true, webauthn:extension:minPinLength: true, webauthn:extension:prf: true, webauthn:virtualAuthenticators: true}&#10;Element: [[EdgeDriver: MicrosoftEdge on windows (896572d277f9dacbb755575f3f8391f3)] -&gt; css selector: .CodeMirror textarea]&#10;Session ID: 896572d277f9dacbb755575f3f8391f3" type="org.openqa.selenium.ElementNotInteractableException"><![CDATA[org.openqa.selenium.ElementNotInteractableException: 
element not interactable
  (Session info: MicrosoftEdge=131.0.2903.86)
Build info: version: '4.26.0', revision: '8ccf0219d7'
System info: os.name: 'Windows 11', os.arch: 'amd64', os.version: '10.0', java.version: '21.0.5'
Driver info: org.openqa.selenium.edge.EdgeDriver
Command: [896572d277f9dacbb755575f3f8391f3, sendKeysToElement {value=[Ljava.lang.CharSequence;@5b6d53e2, id=f.A24B3805A09893C97C497917DA3C9EFD.d.322F998F40FB3A6586E0CD95C345D289.e.37}]
Capabilities {acceptInsecureCerts: false, browserName: MicrosoftEdge, browserVersion: 131.0.2903.86, fedcm:accounts: true, ms:edgeOptions: {debuggerAddress: localhost:60946}, msedge: {msedgedriverVersion: 131.0.2903.86 (cf5bf303997c..., userDataDir: C:\Users\vamsh\AppData\Loca...}, networkConnectionEnabled: false, pageLoadStrategy: normal, platformName: windows, proxy: Proxy(), se:cdp: ws://localhost:60946/devtoo..., se:cdpVersion: 131.0.2903.86, setWindowRect: true, strictFileInteractability: false, timeouts: {implicit: 0, pageLoad: 300000, script: 30000}, unhandledPromptBehavior: dismiss and notify, webauthn:extension:credBlob: true, webauthn:extension:largeBlob: true, webauthn:extension:minPinLength: true, webauthn:extension:prf: true, webauthn:virtualAuthenticators: true}
Element: [[EdgeDriver: MicrosoftEdge on windows (896572d277f9dacbb755575f3f8391f3)] -> css selector: .CodeMirror textarea]
Session ID: 896572d277f9dacbb755575f3f8391f3
]]></failure>
    <system-out><![CDATA[
Scenario: LL_Try Here Editor page with invalid data                     &amp#27;[90m# src/test/resources/Features/LinkedList.feature:63&amp#27;[0m
[INFO ] 2024-12-09 22:21:40.693 [TestNG-PoolService-3] Hooks - ======================  New Test Execution is STARTED!! ======================
[INFO ] 2024-12-09 22:21:41.318 [TestNG-PoolService-2] Hooks - ======================  New Test Execution is STARTED!! ======================
  &amp#27;[32mGiven &amp#27;[0m&amp#27;[32mThe user is on the DS Introduction page as signedIn&amp#27;[0m                  &amp#27;[90m# StepDefinitions.DSIntroductionDetails.the_user_is_on_the_ds_introduction_page_as_signed_in()&amp#27;[0m
[INFO ] 2024-12-09 22:21:43.815 [TestNG-PoolService-1] Hooks - ======================  New Test Execution is STARTED!! ======================
  &amp#27;[32mAnd &amp#27;[0m&amp#27;[32mUser clicks on Get Started button from Linked List panel&amp#27;[0m               &amp#27;[90m# StepDefinitions.LinkedList.user_clicks_on_get_started_button_from_linked_list_panel()&amp#27;[0m
  &amp#27;[32mGiven &amp#27;[0m&amp#27;[32mThe user is on the Creating Linked LIst page&amp#27;[0m                         &amp#27;[90m# StepDefinitions.LinkedList.the_user_is_on_the_creating_linked_l_ist_page()&amp#27;[0m
  &amp#27;[32mGiven &amp#27;[0m&amp#27;[32mThe user is on the DS Introduction page as signedIn&amp#27;[0m           &amp#27;[90m# StepDefinitions.DSIntroductionDetails.the_user_is_on_the_ds_introduction_page_as_signed_in()&amp#27;[0m
  &amp#27;[32mAnd &amp#27;[0m&amp#27;[32mThe user clicks Try Here button&amp#27;[0m                                        &amp#27;[90m# StepDefinitions.Tree.the_user_clicks_try_here_button()&amp#27;[0m
  &amp#27;[31mWhen &amp#27;[0m&amp#27;[31mThe user writes no code inside editor window and clicks on Run button&amp#27;[0m &amp#27;[90m# StepDefinitions.Tree.the_user_writes_no_code_inside_editor_window_and_clicks_on_run_button()&amp#27;[0m
      &amp#27;[31morg.openqa.selenium.ElementNotInteractableException: element not interactable
  (Session info: MicrosoftEdge=131.0.2903.86)
Build info: version: '4.26.0', revision: '8ccf0219d7'
System info: os.name: 'Windows 11', os.arch: 'amd64', os.version: '10.0', java.version: '21.0.5'
Driver info: org.openqa.selenium.edge.EdgeDriver
Command: [896572d277f9dacbb755575f3f8391f3, sendKeysToElement {value=[Ljava.lang.CharSequence;@5b6d53e2, id=f.A24B3805A09893C97C497917DA3C9EFD.d.322F998F40FB3A6586E0CD95C345D289.e.37}]
Capabilities {acceptInsecureCerts: false, browserName: MicrosoftEdge, browserVersion: 131.0.2903.86, fedcm:accounts: true, ms:edgeOptions: {debuggerAddress: localhost:60946}, msedge: {msedgedriverVersion: 131.0.2903.86 (cf5bf303997c..., userDataDir: C:\Users\vamsh\AppData\Loca...}, networkConnectionEnabled: false, pageLoadStrategy: normal, platformName: windows, proxy: Proxy(), se:cdp: ws://localhost:60946/devtoo..., se:cdpVersion: 131.0.2903.86, setWindowRect: true, strictFileInteractability: false, timeouts: {implicit: 0, pageLoad: 300000, script: 30000}, unhandledPromptBehavior: dismiss and notify, webauthn:extension:credBlob: true, webauthn:extension:largeBlob: true, webauthn:extension:minPinLength: true, webauthn:extension:prf: true, webauthn:virtualAuthenticators: true}
Element: [[EdgeDriver: MicrosoftEdge on windows (896572d277f9dacbb755575f3f8391f3)] -> css selector: .CodeMirror textarea]
Session ID: 896572d277f9dacbb755575f3f8391f3
	at java.base/jdk.internal.reflect.DirectConstructorHandleAccessor.newInstance(DirectConstructorHandleAccessor.java:62)
	at java.base/java.lang.reflect.Constructor.newInstanceWithCaller(Constructor.java:502)
	at java.base/java.lang.reflect.Constructor.newInstance(Constructor.java:486)
	at org.openqa.selenium.remote.ErrorCodec.decode(ErrorCodec.java:167)
	at org.openqa.selenium.remote.codec.w3c.W3CHttpResponseCodec.decode(W3CHttpResponseCodec.java:138)
	at org.openqa.selenium.remote.codec.w3c.W3CHttpResponseCodec.decode(W3CHttpResponseCodec.java:50)
	at org.openqa.selenium.remote.HttpCommandExecutor.execute(HttpCommandExecutor.java:190)
	at org.openqa.selenium.remote.service.DriverCommandExecutor.invokeExecute(DriverCommandExecutor.java:216)
	at org.openqa.selenium.remote.service.DriverCommandExecutor.execute(DriverCommandExecutor.java:174)
	at org.openqa.selenium.remote.RemoteWebDriver.execute(RemoteWebDriver.java:545)
	at org.openqa.selenium.remote.RemoteWebElement.execute(RemoteWebElement.java:223)
	at org.openqa.selenium.remote.RemoteWebElement.sendKeys(RemoteWebElement.java:110)
	at PageObjects.TreePage.writeInTryEditorWindow(TreePage.java:357)
	at StepDefinitions.Tree.the_user_writes_no_code_inside_editor_window_and_clicks_on_run_button(Tree.java:73)
	at ✽.The user writes no code inside editor window and clicks on Run button(file:///C:/Projects/Repo1/src/test/resources/Features/LinkedList.feature:54)
&amp#27;[0m
  &amp#27;[36mThen &amp#27;[0m&amp#27;[36mNothing happens to the Editor page and no error message is displayed&amp#27;[0m  &amp#27;[90m# StepDefinitions.Tree.nothing_happens_to_the_editor_page_and_no_error_message_is_displayed()&amp#27;[0m
[ERROR] 2024-12-09 22:21:45.764 [TestNG-PoolService-3] Hooks - ======================  TEST CASE FAILED !! ======================

    Embedding screenshot [image/png 7890 bytes]

[INFO ] 2024-12-09 22:21:45.952 [TestNG-PoolService-3] Hooks - ======================  Screenshot is captured  ======================
[INFO ] 2024-12-09 22:21:45.952 [TestNG-PoolService-3] Hooks - ======================  Test Execution is completed!! ======================
  &amp#27;[32mAnd &amp#27;[0m&amp#27;[32mUser clicks on Get Started button from Linked List panel&amp#27;[0m        &amp#27;[90m# StepDefinitions.LinkedList.user_clicks_on_get_started_button_from_linked_list_panel()&amp#27;[0m
  &amp#27;[32mGiven &amp#27;[0m&amp#27;[32mThe user is on the Creating Linked LIst page&amp#27;[0m                  &amp#27;[90m# StepDefinitions.LinkedList.the_user_is_on_the_creating_linked_l_ist_page()&amp#27;[0m
  &amp#27;[32mAnd &amp#27;[0m&amp#27;[32mThe user clicks Try Here button&amp#27;[0m                                 &amp#27;[90m# StepDefinitions.Tree.the_user_clicks_try_here_button()&amp#27;[0m
]]></system-out>
    <system-err><![CDATA[Dec 09, 2024 10:21:40 PM org.openqa.selenium.devtools.CdpVersionFinder findNearestMatch
WARNING: Unable to find an exact match for CDP version 131, returning the closest version; found: 130; Please update to a Selenium version that supports CDP version 131
Dec 09, 2024 10:21:41 PM org.openqa.selenium.devtools.CdpVersionFinder findNearestMatch
WARNING: Unable to find an exact match for CDP version 131, returning the closest version; found: 130; Please update to a Selenium version that supports CDP version 131
Dec 09, 2024 10:21:43 PM org.openqa.selenium.devtools.CdpVersionFinder findNearestMatch
WARNING: Unable to find an exact match for CDP version 131, returning the closest version; found: 130; Please update to a Selenium version that supports CDP version 131
]]></system-err>
  </testcase>
  <testcase name="runScenario[&quot;LL_Try Here Editor page with valid data&quot;, &quot;Linked List&quot;](55)" classname="TestRunners.TestRunner" time="2.35">
    <failure message="element not interactable&#10;  (Session info: chrome=131.0.6778.109)&#10;Build info: version: &apos;4.26.0&apos;, revision: &apos;8ccf0219d7&apos;&#10;System info: os.name: &apos;Windows 11&apos;, os.arch: &apos;amd64&apos;, os.version: &apos;10.0&apos;, java.version: &apos;21.0.5&apos;&#10;Driver info: org.openqa.selenium.chrome.ChromeDriver&#10;Command: [26fd6b728d700f5ab4b06d848caa14b4, sendKeysToElement {value=[Ljava.lang.CharSequence;@2641cf16, id=f.76F9EEC7F4A2B7D840D6B81141D1DD22.d.C35AA18637EE3A89CA9B85D42DCEE587.e.60}]&#10;Capabilities {acceptInsecureCerts: false, browserName: chrome, browserVersion: 131.0.6778.109, chrome: {chromedriverVersion: 131.0.6778.87 (ce31cae94873..., userDataDir: C:\Users\vamsh\AppData\Loca...}, fedcm:accounts: true, goog:chromeOptions: {debuggerAddress: localhost:58619}, networkConnectionEnabled: false, pageLoadStrategy: normal, platformName: windows, proxy: Proxy(), se:cdp: ws://localhost:58619/devtoo..., se:cdpVersion: 131.0.6778.109, setWindowRect: true, strictFileInteractability: false, timeouts: {implicit: 0, pageLoad: 300000, script: 30000}, unhandledPromptBehavior: dismiss and notify, webauthn:extension:credBlob: true, webauthn:extension:largeBlob: true, webauthn:extension:minPinLength: true, webauthn:extension:prf: true, webauthn:virtualAuthenticators: true}&#10;Element: [[ChromeDriver: chrome on windows (26fd6b728d700f5ab4b06d848caa14b4)] -&gt; css selector: .CodeMirror textarea]&#10;Session ID: 26fd6b728d700f5ab4b06d848caa14b4" type="org.openqa.selenium.ElementNotInteractableException"><![CDATA[org.openqa.selenium.ElementNotInteractableException: 
element not interactable
  (Session info: chrome=131.0.6778.109)
Build info: version: '4.26.0', revision: '8ccf0219d7'
System info: os.name: 'Windows 11', os.arch: 'amd64', os.version: '10.0', java.version: '21.0.5'
Driver info: org.openqa.selenium.chrome.ChromeDriver
Command: [26fd6b728d700f5ab4b06d848caa14b4, sendKeysToElement {value=[Ljava.lang.CharSequence;@2641cf16, id=f.76F9EEC7F4A2B7D840D6B81141D1DD22.d.C35AA18637EE3A89CA9B85D42DCEE587.e.60}]
Capabilities {acceptInsecureCerts: false, browserName: chrome, browserVersion: 131.0.6778.109, chrome: {chromedriverVersion: 131.0.6778.87 (ce31cae94873..., userDataDir: C:\Users\vamsh\AppData\Loca...}, fedcm:accounts: true, goog:chromeOptions: {debuggerAddress: localhost:58619}, networkConnectionEnabled: false, pageLoadStrategy: normal, platformName: windows, proxy: Proxy(), se:cdp: ws://localhost:58619/devtoo..., se:cdpVersion: 131.0.6778.109, setWindowRect: true, strictFileInteractability: false, timeouts: {implicit: 0, pageLoad: 300000, script: 30000}, unhandledPromptBehavior: dismiss and notify, webauthn:extension:credBlob: true, webauthn:extension:largeBlob: true, webauthn:extension:minPinLength: true, webauthn:extension:prf: true, webauthn:virtualAuthenticators: true}
Element: [[ChromeDriver: chrome on windows (26fd6b728d700f5ab4b06d848caa14b4)] -> css selector: .CodeMirror textarea]
Session ID: 26fd6b728d700f5ab4b06d848caa14b4
]]></failure>
    <system-out><![CDATA[
Scenario: Linked List home page                                &amp#27;[90m# src/test/resources/Features/LinkedList.feature:69&amp#27;[0m
  &amp#27;[32mGiven &amp#27;[0m&amp#27;[32mThe user is on the Creating Linked LIst page&amp#27;[0m                  &amp#27;[90m# StepDefinitions.LinkedList.the_user_is_on_the_creating_linked_l_ist_page()&amp#27;[0m
  &amp#27;[32mAnd &amp#27;[0m&amp#27;[32mThe user clicks Try Here button&amp#27;[0m                                 &amp#27;[90m# StepDefinitions.Tree.the_user_clicks_try_here_button()&amp#27;[0m
  &amp#27;[31mWhen &amp#27;[0m&amp#27;[31mThe user writes the valid python code and clicks on Run button&amp#27;[0m &amp#27;[90m# StepDefinitions.Tree.the_user_writes_the_valid_python_code_and_clicks_on_run_button()&amp#27;[0m
      &amp#27;[31morg.openqa.selenium.ElementNotInteractableException: element not interactable
  (Session info: chrome=131.0.6778.109)
Build info: version: '4.26.0', revision: '8ccf0219d7'
System info: os.name: 'Windows 11', os.arch: 'amd64', os.version: '10.0', java.version: '21.0.5'
Driver info: org.openqa.selenium.chrome.ChromeDriver
Command: [26fd6b728d700f5ab4b06d848caa14b4, sendKeysToElement {value=[Ljava.lang.CharSequence;@2641cf16, id=f.76F9EEC7F4A2B7D840D6B81141D1DD22.d.C35AA18637EE3A89CA9B85D42DCEE587.e.60}]
Capabilities {acceptInsecureCerts: false, browserName: chrome, browserVersion: 131.0.6778.109, chrome: {chromedriverVersion: 131.0.6778.87 (ce31cae94873..., userDataDir: C:\Users\vamsh\AppData\Loca...}, fedcm:accounts: true, goog:chromeOptions: {debuggerAddress: localhost:58619}, networkConnectionEnabled: false, pageLoadStrategy: normal, platformName: windows, proxy: Proxy(), se:cdp: ws://localhost:58619/devtoo..., se:cdpVersion: 131.0.6778.109, setWindowRect: true, strictFileInteractability: false, timeouts: {implicit: 0, pageLoad: 300000, script: 30000}, unhandledPromptBehavior: dismiss and notify, webauthn:extension:credBlob: true, webauthn:extension:largeBlob: true, webauthn:extension:minPinLength: true, webauthn:extension:prf: true, webauthn:virtualAuthenticators: true}
Element: [[ChromeDriver: chrome on windows (26fd6b728d700f5ab4b06d848caa14b4)] -> css selector: .CodeMirror textarea]
Session ID: 26fd6b728d700f5ab4b06d848caa14b4
	at java.base/jdk.internal.reflect.DirectConstructorHandleAccessor.newInstance(DirectConstructorHandleAccessor.java:62)
	at java.base/java.lang.reflect.Constructor.newInstanceWithCaller(Constructor.java:502)
	at java.base/java.lang.reflect.Constructor.newInstance(Constructor.java:486)
	at org.openqa.selenium.remote.ErrorCodec.decode(ErrorCodec.java:167)
	at org.openqa.selenium.remote.codec.w3c.W3CHttpResponseCodec.decode(W3CHttpResponseCodec.java:138)
	at org.openqa.selenium.remote.codec.w3c.W3CHttpResponseCodec.decode(W3CHttpResponseCodec.java:50)
	at org.openqa.selenium.remote.HttpCommandExecutor.execute(HttpCommandExecutor.java:190)
	at org.openqa.selenium.remote.service.DriverCommandExecutor.invokeExecute(DriverCommandExecutor.java:216)
	at org.openqa.selenium.remote.service.DriverCommandExecutor.execute(DriverCommandExecutor.java:174)
	at org.openqa.selenium.remote.RemoteWebDriver.execute(RemoteWebDriver.java:545)
	at org.openqa.selenium.remote.RemoteWebElement.execute(RemoteWebElement.java:223)
	at org.openqa.selenium.remote.RemoteWebElement.sendKeys(RemoteWebElement.java:110)
	at PageObjects.TreePage.writeInTryEditorWindow(TreePage.java:357)
	at StepDefinitions.Tree.the_user_writes_the_valid_python_code_and_clicks_on_run_button(Tree.java:85)
	at ✽.The user writes the valid python code and clicks on Run button(file:///C:/Projects/Repo1/src/test/resources/Features/LinkedList.feature:60)
&amp#27;[0m
  &amp#27;[36mThen &amp#27;[0m&amp#27;[36mThe user is able to see the output inside the console.&amp#27;[0m         &amp#27;[90m# StepDefinitions.Tree.the_user_is_able_to_see_the_output_inside_the_console()&amp#27;[0m
[ERROR] 2024-12-09 21:58:12.604 [TestNG-PoolService-1] Hooks - ======================  TEST CASE FAILED !! ======================

    Embedding screenshot [image/png 7853 bytes]

[INFO ] 2024-12-09 21:58:12.874 [TestNG-PoolService-1] Hooks - ======================  Screenshot is captured  ======================
[INFO ] 2024-12-09 21:58:12.878 [TestNG-PoolService-1] Hooks - ======================  Test Execution is completed!! ======================
[INFO ] 2024-12-09 21:58:13.016 [TestNG-PoolService-2] Hooks - ======================  New Test Execution is STARTED!! ======================
]]></system-out>
    <system-err><![CDATA[Dec 09, 2024 9:58:12 PM org.openqa.selenium.devtools.CdpVersionFinder findNearestMatch
WARNING: Unable to find an exact match for CDP version 131, returning the closest version; found: 130; Please update to a Selenium version that supports CDP version 131
]]></system-err>
  </testcase>
  <testcase name="runScenario[&quot;LL_Try Here Editor page with valid data&quot;, &quot;Linked List&quot;](55)" classname="TestRunners.TestRunner" time="1.611">
    <failure message="element not interactable&#10;  (Session info: MicrosoftEdge=131.0.2903.86)&#10;Build info: version: &apos;4.26.0&apos;, revision: &apos;8ccf0219d7&apos;&#10;System info: os.name: &apos;Windows 11&apos;, os.arch: &apos;amd64&apos;, os.version: &apos;10.0&apos;, java.version: &apos;21.0.5&apos;&#10;Driver info: org.openqa.selenium.edge.EdgeDriver&#10;Command: [9d5d90cf68615f1a3e1f2d882a76cf8f, sendKeysToElement {value=[Ljava.lang.CharSequence;@311f386e, id=f.B0B9B587CCD30AA5E601E79BC50F7BE2.d.97189B5B0CE1B5F102CEC32346F51513.e.47}]&#10;Capabilities {acceptInsecureCerts: false, browserName: MicrosoftEdge, browserVersion: 131.0.2903.86, fedcm:accounts: true, ms:edgeOptions: {debuggerAddress: localhost:60954}, msedge: {msedgedriverVersion: 131.0.2903.86 (cf5bf303997c..., userDataDir: C:\Users\vamsh\AppData\Loca...}, networkConnectionEnabled: false, pageLoadStrategy: normal, platformName: windows, proxy: Proxy(), se:cdp: ws://localhost:60954/devtoo..., se:cdpVersion: 131.0.2903.86, setWindowRect: true, strictFileInteractability: false, timeouts: {implicit: 0, pageLoad: 300000, script: 30000}, unhandledPromptBehavior: dismiss and notify, webauthn:extension:credBlob: true, webauthn:extension:largeBlob: true, webauthn:extension:minPinLength: true, webauthn:extension:prf: true, webauthn:virtualAuthenticators: true}&#10;Element: [[EdgeDriver: MicrosoftEdge on windows (9d5d90cf68615f1a3e1f2d882a76cf8f)] -&gt; css selector: .CodeMirror textarea]&#10;Session ID: 9d5d90cf68615f1a3e1f2d882a76cf8f" type="org.openqa.selenium.ElementNotInteractableException"><![CDATA[org.openqa.selenium.ElementNotInteractableException: 
element not interactable
  (Session info: MicrosoftEdge=131.0.2903.86)
Build info: version: '4.26.0', revision: '8ccf0219d7'
System info: os.name: 'Windows 11', os.arch: 'amd64', os.version: '10.0', java.version: '21.0.5'
Driver info: org.openqa.selenium.edge.EdgeDriver
Command: [9d5d90cf68615f1a3e1f2d882a76cf8f, sendKeysToElement {value=[Ljava.lang.CharSequence;@311f386e, id=f.B0B9B587CCD30AA5E601E79BC50F7BE2.d.97189B5B0CE1B5F102CEC32346F51513.e.47}]
Capabilities {acceptInsecureCerts: false, browserName: MicrosoftEdge, browserVersion: 131.0.2903.86, fedcm:accounts: true, ms:edgeOptions: {debuggerAddress: localhost:60954}, msedge: {msedgedriverVersion: 131.0.2903.86 (cf5bf303997c..., userDataDir: C:\Users\vamsh\AppData\Loca...}, networkConnectionEnabled: false, pageLoadStrategy: normal, platformName: windows, proxy: Proxy(), se:cdp: ws://localhost:60954/devtoo..., se:cdpVersion: 131.0.2903.86, setWindowRect: true, strictFileInteractability: false, timeouts: {implicit: 0, pageLoad: 300000, script: 30000}, unhandledPromptBehavior: dismiss and notify, webauthn:extension:credBlob: true, webauthn:extension:largeBlob: true, webauthn:extension:minPinLength: true, webauthn:extension:prf: true, webauthn:virtualAuthenticators: true}
Element: [[EdgeDriver: MicrosoftEdge on windows (9d5d90cf68615f1a3e1f2d882a76cf8f)] -> css selector: .CodeMirror textarea]
Session ID: 9d5d90cf68615f1a3e1f2d882a76cf8f
]]></failure>
    <system-out><![CDATA[
Scenario: Linked List home page                                &amp#27;[90m# src/test/resources/Features/LinkedList.feature:69&amp#27;[0m
  &amp#27;[31mWhen &amp#27;[0m&amp#27;[31mThe user writes the valid python code and clicks on Run button&amp#27;[0m &amp#27;[90m# StepDefinitions.Tree.the_user_writes_the_valid_python_code_and_clicks_on_run_button()&amp#27;[0m
      &amp#27;[31morg.openqa.selenium.ElementNotInteractableException: element not interactable
  (Session info: MicrosoftEdge=131.0.2903.86)
Build info: version: '4.26.0', revision: '8ccf0219d7'
System info: os.name: 'Windows 11', os.arch: 'amd64', os.version: '10.0', java.version: '21.0.5'
Driver info: org.openqa.selenium.edge.EdgeDriver
Command: [9d5d90cf68615f1a3e1f2d882a76cf8f, sendKeysToElement {value=[Ljava.lang.CharSequence;@311f386e, id=f.B0B9B587CCD30AA5E601E79BC50F7BE2.d.97189B5B0CE1B5F102CEC32346F51513.e.47}]
Capabilities {acceptInsecureCerts: false, browserName: MicrosoftEdge, browserVersion: 131.0.2903.86, fedcm:accounts: true, ms:edgeOptions: {debuggerAddress: localhost:60954}, msedge: {msedgedriverVersion: 131.0.2903.86 (cf5bf303997c..., userDataDir: C:\Users\vamsh\AppData\Loca...}, networkConnectionEnabled: false, pageLoadStrategy: normal, platformName: windows, proxy: Proxy(), se:cdp: ws://localhost:60954/devtoo..., se:cdpVersion: 131.0.2903.86, setWindowRect: true, strictFileInteractability: false, timeouts: {implicit: 0, pageLoad: 300000, script: 30000}, unhandledPromptBehavior: dismiss and notify, webauthn:extension:credBlob: true, webauthn:extension:largeBlob: true, webauthn:extension:minPinLength: true, webauthn:extension:prf: true, webauthn:virtualAuthenticators: true}
Element: [[EdgeDriver: MicrosoftEdge on windows (9d5d90cf68615f1a3e1f2d882a76cf8f)] -> css selector: .CodeMirror textarea]
Session ID: 9d5d90cf68615f1a3e1f2d882a76cf8f
	at java.base/jdk.internal.reflect.DirectConstructorHandleAccessor.newInstance(DirectConstructorHandleAccessor.java:62)
	at java.base/java.lang.reflect.Constructor.newInstanceWithCaller(Constructor.java:502)
	at java.base/java.lang.reflect.Constructor.newInstance(Constructor.java:486)
	at org.openqa.selenium.remote.ErrorCodec.decode(ErrorCodec.java:167)
	at org.openqa.selenium.remote.codec.w3c.W3CHttpResponseCodec.decode(W3CHttpResponseCodec.java:138)
	at org.openqa.selenium.remote.codec.w3c.W3CHttpResponseCodec.decode(W3CHttpResponseCodec.java:50)
	at org.openqa.selenium.remote.HttpCommandExecutor.execute(HttpCommandExecutor.java:190)
	at org.openqa.selenium.remote.service.DriverCommandExecutor.invokeExecute(DriverCommandExecutor.java:216)
	at org.openqa.selenium.remote.service.DriverCommandExecutor.execute(DriverCommandExecutor.java:174)
	at org.openqa.selenium.remote.RemoteWebDriver.execute(RemoteWebDriver.java:545)
	at org.openqa.selenium.remote.RemoteWebElement.execute(RemoteWebElement.java:223)
	at org.openqa.selenium.remote.RemoteWebElement.sendKeys(RemoteWebElement.java:110)
	at PageObjects.TreePage.writeInTryEditorWindow(TreePage.java:357)
	at StepDefinitions.Tree.the_user_writes_the_valid_python_code_and_clicks_on_run_button(Tree.java:85)
	at ✽.The user writes the valid python code and clicks on Run button(file:///C:/Projects/Repo1/src/test/resources/Features/LinkedList.feature:60)
&amp#27;[0m
  &amp#27;[36mThen &amp#27;[0m&amp#27;[36mThe user is able to see the output inside the console.&amp#27;[0m         &amp#27;[90m# StepDefinitions.Tree.the_user_is_able_to_see_the_output_inside_the_console()&amp#27;[0m
[ERROR] 2024-12-09 22:21:47.481 [TestNG-PoolService-2] Hooks - ======================  TEST CASE FAILED !! ======================

    Embedding screenshot [image/png 7890 bytes]

[INFO ] 2024-12-09 22:21:47.650 [TestNG-PoolService-2] Hooks - ======================  Screenshot is captured  ======================
[INFO ] 2024-12-09 22:21:47.651 [TestNG-PoolService-2] Hooks - ======================  Test Execution is completed!! ======================
  &amp#27;[32mGiven &amp#27;[0m&amp#27;[32mThe user is on the DS Introduction page as signedIn&amp#27;[0m             &amp#27;[90m# StepDefinitions.DSIntroductionDetails.the_user_is_on_the_ds_introduction_page_as_signed_in()&amp#27;[0m
  &amp#27;[32mAnd &amp#27;[0m&amp#27;[32mUser clicks on Get Started button from Linked List panel&amp#27;[0m          &amp#27;[90m# StepDefinitions.LinkedList.user_clicks_on_get_started_button_from_linked_list_panel()&amp#27;[0m
  &amp#27;[32mGiven &amp#27;[0m&amp#27;[32mThe user is on the Creating Linked LIst page&amp#27;[0m                    &amp#27;[90m# StepDefinitions.LinkedList.the_user_is_on_the_creating_linked_l_ist_page()&amp#27;[0m
]]></system-out>
  </testcase>
  <testcase name="runScenario[&quot;LL_Try Here Editor page with invalid data&quot;, &quot;Linked List&quot;](56)" classname="TestRunners.TestRunner" time="2.981">
    <failure message="element not interactable&#10;  (Session info: chrome=131.0.6778.109)&#10;Build info: version: &apos;4.26.0&apos;, revision: &apos;8ccf0219d7&apos;&#10;System info: os.name: &apos;Windows 11&apos;, os.arch: &apos;amd64&apos;, os.version: &apos;10.0&apos;, java.version: &apos;21.0.5&apos;&#10;Driver info: org.openqa.selenium.chrome.ChromeDriver&#10;Command: [05724515c12746df76d9665f7c1cd2f5, sendKeysToElement {value=[Ljava.lang.CharSequence;@12a687c6, id=f.A6A5C72F1C37246AA508E956FCC39FB4.d.5C88539DFCF87C9BA8F1E6D83EF68FD7.e.60}]&#10;Capabilities {acceptInsecureCerts: false, browserName: chrome, browserVersion: 131.0.6778.109, chrome: {chromedriverVersion: 131.0.6778.87 (ce31cae94873..., userDataDir: C:\Users\vamsh\AppData\Loca...}, fedcm:accounts: true, goog:chromeOptions: {debuggerAddress: localhost:58688}, networkConnectionEnabled: false, pageLoadStrategy: normal, platformName: windows, proxy: Proxy(), se:cdp: ws://localhost:58688/devtoo..., se:cdpVersion: 131.0.6778.109, setWindowRect: true, strictFileInteractability: false, timeouts: {implicit: 0, pageLoad: 300000, script: 30000}, unhandledPromptBehavior: dismiss and notify, webauthn:extension:credBlob: true, webauthn:extension:largeBlob: true, webauthn:extension:minPinLength: true, webauthn:extension:prf: true, webauthn:virtualAuthenticators: true}&#10;Element: [[ChromeDriver: chrome on windows (05724515c12746df76d9665f7c1cd2f5)] -&gt; css selector: .CodeMirror textarea]&#10;Session ID: 05724515c12746df76d9665f7c1cd2f5" type="org.openqa.selenium.ElementNotInteractableException"><![CDATA[org.openqa.selenium.ElementNotInteractableException: 
element not interactable
  (Session info: chrome=131.0.6778.109)
Build info: version: '4.26.0', revision: '8ccf0219d7'
System info: os.name: 'Windows 11', os.arch: 'amd64', os.version: '10.0', java.version: '21.0.5'
Driver info: org.openqa.selenium.chrome.ChromeDriver
Command: [05724515c12746df76d9665f7c1cd2f5, sendKeysToElement {value=[Ljava.lang.CharSequence;@12a687c6, id=f.A6A5C72F1C37246AA508E956FCC39FB4.d.5C88539DFCF87C9BA8F1E6D83EF68FD7.e.60}]
Capabilities {acceptInsecureCerts: false, browserName: chrome, browserVersion: 131.0.6778.109, chrome: {chromedriverVersion: 131.0.6778.87 (ce31cae94873..., userDataDir: C:\Users\vamsh\AppData\Loca...}, fedcm:accounts: true, goog:chromeOptions: {debuggerAddress: localhost:58688}, networkConnectionEnabled: false, pageLoadStrategy: normal, platformName: windows, proxy: Proxy(), se:cdp: ws://localhost:58688/devtoo..., se:cdpVersion: 131.0.6778.109, setWindowRect: true, strictFileInteractability: false, timeouts: {implicit: 0, pageLoad: 300000, script: 30000}, unhandledPromptBehavior: dismiss and notify, webauthn:extension:credBlob: true, webauthn:extension:largeBlob: true, webauthn:extension:minPinLength: true, webauthn:extension:prf: true, webauthn:virtualAuthenticators: true}
Element: [[ChromeDriver: chrome on windows (05724515c12746df76d9665f7c1cd2f5)] -> css selector: .CodeMirror textarea]
Session ID: 05724515c12746df76d9665f7c1cd2f5
]]></failure>
    <system-out><![CDATA[
Scenario: Types of Linked List                                       &amp#27;[90m# src/test/resources/Features/LinkedList.feature:74&amp#27;[0m
  &amp#27;[32mGiven &amp#27;[0m&amp#27;[32mThe user is on the DS Introduction page as signedIn&amp#27;[0m             &amp#27;[90m# StepDefinitions.DSIntroductionDetails.the_user_is_on_the_ds_introduction_page_as_signed_in()&amp#27;[0m
  &amp#27;[32mAnd &amp#27;[0m&amp#27;[32mUser clicks on Get Started button from Linked List panel&amp#27;[0m          &amp#27;[90m# StepDefinitions.LinkedList.user_clicks_on_get_started_button_from_linked_list_panel()&amp#27;[0m
  &amp#27;[32mGiven &amp#27;[0m&amp#27;[32mThe user is on the Creating Linked LIst page&amp#27;[0m                    &amp#27;[90m# StepDefinitions.LinkedList.the_user_is_on_the_creating_linked_l_ist_page()&amp#27;[0m
[INFO ] 2024-12-09 21:58:15.352 [TestNG-PoolService-1] Hooks - ======================  New Test Execution is STARTED!! ======================
  &amp#27;[32mAnd &amp#27;[0m&amp#27;[32mThe user clicks Try Here button&amp#27;[0m                                   &amp#27;[90m# StepDefinitions.Tree.the_user_clicks_try_here_button()&amp#27;[0m
  &amp#27;[31mWhen &amp#27;[0m&amp#27;[31mThe user writes the invalid python code and clicks on Run button&amp#27;[0m &amp#27;[90m# StepDefinitions.Tree.the_user_writes_the_invalid_python_code_and_clicks_on_run_button()&amp#27;[0m
      &amp#27;[31morg.openqa.selenium.ElementNotInteractableException: element not interactable
  (Session info: chrome=131.0.6778.109)
Build info: version: '4.26.0', revision: '8ccf0219d7'
System info: os.name: 'Windows 11', os.arch: 'amd64', os.version: '10.0', java.version: '21.0.5'
Driver info: org.openqa.selenium.chrome.ChromeDriver
Command: [05724515c12746df76d9665f7c1cd2f5, sendKeysToElement {value=[Ljava.lang.CharSequence;@12a687c6, id=f.A6A5C72F1C37246AA508E956FCC39FB4.d.5C88539DFCF87C9BA8F1E6D83EF68FD7.e.60}]
Capabilities {acceptInsecureCerts: false, browserName: chrome, browserVersion: 131.0.6778.109, chrome: {chromedriverVersion: 131.0.6778.87 (ce31cae94873..., userDataDir: C:\Users\vamsh\AppData\Loca...}, fedcm:accounts: true, goog:chromeOptions: {debuggerAddress: localhost:58688}, networkConnectionEnabled: false, pageLoadStrategy: normal, platformName: windows, proxy: Proxy(), se:cdp: ws://localhost:58688/devtoo..., se:cdpVersion: 131.0.6778.109, setWindowRect: true, strictFileInteractability: false, timeouts: {implicit: 0, pageLoad: 300000, script: 30000}, unhandledPromptBehavior: dismiss and notify, webauthn:extension:credBlob: true, webauthn:extension:largeBlob: true, webauthn:extension:minPinLength: true, webauthn:extension:prf: true, webauthn:virtualAuthenticators: true}
Element: [[ChromeDriver: chrome on windows (05724515c12746df76d9665f7c1cd2f5)] -> css selector: .CodeMirror textarea]
Session ID: 05724515c12746df76d9665f7c1cd2f5
	at java.base/jdk.internal.reflect.DirectConstructorHandleAccessor.newInstance(DirectConstructorHandleAccessor.java:62)
	at java.base/java.lang.reflect.Constructor.newInstanceWithCaller(Constructor.java:502)
	at java.base/java.lang.reflect.Constructor.newInstance(Constructor.java:486)
	at org.openqa.selenium.remote.ErrorCodec.decode(ErrorCodec.java:167)
	at org.openqa.selenium.remote.codec.w3c.W3CHttpResponseCodec.decode(W3CHttpResponseCodec.java:138)
	at org.openqa.selenium.remote.codec.w3c.W3CHttpResponseCodec.decode(W3CHttpResponseCodec.java:50)
	at org.openqa.selenium.remote.HttpCommandExecutor.execute(HttpCommandExecutor.java:190)
	at org.openqa.selenium.remote.service.DriverCommandExecutor.invokeExecute(DriverCommandExecutor.java:216)
	at org.openqa.selenium.remote.service.DriverCommandExecutor.execute(DriverCommandExecutor.java:174)
	at org.openqa.selenium.remote.RemoteWebDriver.execute(RemoteWebDriver.java:545)
	at org.openqa.selenium.remote.RemoteWebElement.execute(RemoteWebElement.java:223)
	at org.openqa.selenium.remote.RemoteWebElement.sendKeys(RemoteWebElement.java:110)
	at PageObjects.TreePage.writeInTryEditorWindow(TreePage.java:357)
	at StepDefinitions.Tree.the_user_writes_the_invalid_python_code_and_clicks_on_run_button(Tree.java:96)
	at ✽.The user writes the invalid python code and clicks on Run button(file:///C:/Projects/Repo1/src/test/resources/Features/LinkedList.feature:66)
&amp#27;[0m
  &amp#27;[36mThen &amp#27;[0m&amp#27;[36mThe user see error msg in alert window&amp#27;[0m                           &amp#27;[90m# StepDefinitions.Tree.the_user_see_error_msg_in_alert_window()&amp#27;[0m
[ERROR] 2024-12-09 21:58:16.047 [TestNG-PoolService-3] Hooks - ======================  TEST CASE FAILED !! ======================
  &amp#27;[32mGiven &amp#27;[0m&amp#27;[32mThe user is on the DS Introduction page as signedIn&amp#27;[0m    &amp#27;[90m# StepDefinitions.DSIntroductionDetails.the_user_is_on_the_ds_introduction_page_as_signed_in()&amp#27;[0m

    Embedding screenshot [image/png 7853 bytes]

[INFO ] 2024-12-09 21:58:16.219 [TestNG-PoolService-3] Hooks - ======================  Screenshot is captured  ======================
[INFO ] 2024-12-09 21:58:16.221 [TestNG-PoolService-3] Hooks - ======================  Test Execution is completed!! ======================
]]></system-out>
    <system-err><![CDATA[Dec 09, 2024 9:58:15 PM org.openqa.selenium.devtools.CdpVersionFinder findNearestMatch
WARNING: Unable to find an exact match for CDP version 131, returning the closest version; found: 130; Please update to a Selenium version that supports CDP version 131
]]></system-err>
  </testcase>
  <testcase name="runScenario[&quot;LL_Try Here Editor page with invalid data&quot;, &quot;Linked List&quot;](56)" classname="TestRunners.TestRunner" time="2.926">
    <system-out><![CDATA[
Scenario: Types of Linked List                                       &amp#27;[90m# src/test/resources/Features/LinkedList.feature:74&amp#27;[0m
  &amp#27;[32mAnd &amp#27;[0m&amp#27;[32mThe user clicks Try Here button&amp#27;[0m                                   &amp#27;[90m# StepDefinitions.Tree.the_user_clicks_try_here_button()&amp#27;[0m
[INFO ] 2024-12-09 22:21:50.335 [TestNG-PoolService-3] Hooks - ======================  New Test Execution is STARTED!! ======================
  &amp#27;[32mWhen &amp#27;[0m&amp#27;[32mThe user writes the invalid python code and clicks on Run button&amp#27;[0m &amp#27;[90m# StepDefinitions.Tree.the_user_writes_the_invalid_python_code_and_clicks_on_run_button()&amp#27;[0m
  &amp#27;[32mThen &amp#27;[0m&amp#27;[32mThe user see error msg in alert window&amp#27;[0m                           &amp#27;[90m# StepDefinitions.Tree.the_user_see_error_msg_in_alert_window()&amp#27;[0m
[INFO ] 2024-12-09 22:21:50.441 [TestNG-PoolService-1] Hooks - ======================  Test Execution is completed!! ======================
]]></system-out>
    <system-err><![CDATA[Dec 09, 2024 10:21:50 PM org.openqa.selenium.devtools.CdpVersionFinder findNearestMatch
WARNING: Unable to find an exact match for CDP version 131, returning the closest version; found: 130; Please update to a Selenium version that supports CDP version 131
Dec 09, 2024 10:21:51 PM org.openqa.selenium.devtools.CdpVersionFinder findNearestMatch
WARNING: Unable to find an exact match for CDP version 131, returning the closest version; found: 130; Please update to a Selenium version that supports CDP version 131
]]></system-err>
  </testcase>
  <testcase name="runScenario[&quot;Linked List home page&quot;, &quot;Linked List&quot;](57)" classname="TestRunners.TestRunner" time="1.105">
    <system-out><![CDATA[
Scenario: LL_Try Here Editor page with empty data                            &amp#27;[90m# src/test/resources/Features/LinkedList.feature:79&amp#27;[0m
  &amp#27;[32mAnd &amp#27;[0m&amp#27;[32mUser clicks on Get Started button from Linked List panel&amp#27;[0m &amp#27;[90m# StepDefinitions.LinkedList.user_clicks_on_get_started_button_from_linked_list_panel()&amp#27;[0m
  &amp#27;[32mGiven &amp#27;[0m&amp#27;[32mThe user is on the Creating Linked LIst page&amp#27;[0m           &amp#27;[90m# StepDefinitions.LinkedList.the_user_is_on_the_creating_linked_l_ist_page()&amp#27;[0m
  &amp#27;[32mWhen &amp#27;[0m&amp#27;[32mThe user clicks Types of Linked List link&amp#27;[0m               &amp#27;[90m# StepDefinitions.LinkedList.the_user_clicks_types_of_linked_list_link()&amp#27;[0m
  &amp#27;[32mThen &amp#27;[0m&amp#27;[32mThe user is directed to Types of Linked List page.&amp#27;[0m      &amp#27;[90m# StepDefinitions.LinkedList.the_user_is_directed_to_types_of_linked_list_page()&amp#27;[0m
[INFO ] 2024-12-09 21:58:17.334 [TestNG-PoolService-2] Hooks - ======================  Test Execution is completed!! ======================
]]></system-out>
  </testcase>
  <testcase name="runScenario[&quot;Linked List home page&quot;, &quot;Linked List&quot;](57)" classname="TestRunners.TestRunner" time="4.773">
    <system-out><![CDATA[
Scenario: LL_Try Here Editor page with empty data                            &amp#27;[90m# src/test/resources/Features/LinkedList.feature:79&amp#27;[0m
[INFO ] 2024-12-09 22:21:52.122 [TestNG-PoolService-2] Hooks - ======================  New Test Execution is STARTED!! ======================
  &amp#27;[32mGiven &amp#27;[0m&amp#27;[32mThe user is on the DS Introduction page as signedIn&amp#27;[0m    &amp#27;[90m# StepDefinitions.DSIntroductionDetails.the_user_is_on_the_ds_introduction_page_as_signed_in()&amp#27;[0m
  &amp#27;[32mAnd &amp#27;[0m&amp#27;[32mUser clicks on Get Started button from Linked List panel&amp#27;[0m &amp#27;[90m# StepDefinitions.LinkedList.user_clicks_on_get_started_button_from_linked_list_panel()&amp#27;[0m
  &amp#27;[32mGiven &amp#27;[0m&amp#27;[32mThe user is on the Creating Linked LIst page&amp#27;[0m           &amp#27;[90m# StepDefinitions.LinkedList.the_user_is_on_the_creating_linked_l_ist_page()&amp#27;[0m
[INFO ] 2024-12-09 22:21:55.234 [TestNG-PoolService-1] Hooks - ======================  New Test Execution is STARTED!! ======================
  &amp#27;[32mWhen &amp#27;[0m&amp#27;[32mThe user clicks Types of Linked List link&amp#27;[0m               &amp#27;[90m# StepDefinitions.LinkedList.the_user_clicks_types_of_linked_list_link()&amp#27;[0m
  &amp#27;[32mThen &amp#27;[0m&amp#27;[32mThe user is directed to Types of Linked List page.&amp#27;[0m      &amp#27;[90m# StepDefinitions.LinkedList.the_user_is_directed_to_types_of_linked_list_page()&amp#27;[0m
[INFO ] 2024-12-09 22:21:55.408 [TestNG-PoolService-3] Hooks - ======================  Test Execution is completed!! ======================
  &amp#27;[32mGiven &amp#27;[0m&amp#27;[32mThe user is on the DS Introduction page as signedIn&amp#27;[0m          &amp#27;[90m# StepDefinitions.DSIntroductionDetails.the_user_is_on_the_ds_introduction_page_as_signed_in()&amp#27;[0m
  &amp#27;[32mAnd &amp#27;[0m&amp#27;[32mUser clicks on Get Started button from Linked List panel&amp#27;[0m       &amp#27;[90m# StepDefinitions.LinkedList.user_clicks_on_get_started_button_from_linked_list_panel()&amp#27;[0m
  &amp#27;[32mGiven &amp#27;[0m&amp#27;[32mThe user is on the Types of Linked List page&amp#27;[0m                 &amp#27;[90m# StepDefinitions.LinkedList.the_user_is_on_the_types_of_linked_list_page()&amp#27;[0m
]]></system-out>
    <system-err><![CDATA[Dec 09, 2024 10:21:55 PM org.openqa.selenium.devtools.CdpVersionFinder findNearestMatch
WARNING: Unable to find an exact match for CDP version 131, returning the closest version; found: 130; Please update to a Selenium version that supports CDP version 131
]]></system-err>
  </testcase>
  <testcase name="runScenario[&quot;Types of Linked List&quot;, &quot;Linked List&quot;](58)" classname="TestRunners.TestRunner" time="3.695">
    <system-out><![CDATA[
Scenario: LL_Try Here Editor page with valid data                     &amp#27;[90m# src/test/resources/Features/LinkedList.feature:85&amp#27;[0m
[INFO ] 2024-12-09 21:58:18.263 [TestNG-PoolService-3] Hooks - ======================  New Test Execution is STARTED!! ======================
  &amp#27;[32mGiven &amp#27;[0m&amp#27;[32mThe user is on the DS Introduction page as signedIn&amp#27;[0m          &amp#27;[90m# StepDefinitions.DSIntroductionDetails.the_user_is_on_the_ds_introduction_page_as_signed_in()&amp#27;[0m
[INFO ] 2024-12-09 21:58:19.456 [TestNG-PoolService-2] Hooks - ======================  New Test Execution is STARTED!! ======================
  &amp#27;[32mAnd &amp#27;[0m&amp#27;[32mUser clicks on Get Started button from Linked List panel&amp#27;[0m       &amp#27;[90m# StepDefinitions.LinkedList.user_clicks_on_get_started_button_from_linked_list_panel()&amp#27;[0m
  &amp#27;[32mGiven &amp#27;[0m&amp#27;[32mThe user is on the Types of Linked List page&amp#27;[0m                 &amp#27;[90m# StepDefinitions.LinkedList.the_user_is_on_the_types_of_linked_list_page()&amp#27;[0m
  &amp#27;[32mWhen &amp#27;[0m&amp#27;[32mThe user clicks Try Here button&amp#27;[0m                               &amp#27;[90m# StepDefinitions.Tree.the_user_clicks_try_here_button()&amp#27;[0m
  &amp#27;[32mThen &amp#27;[0m&amp#27;[32mThe user is redirected to a page having Editor and run button&amp#27;[0m &amp#27;[90m# StepDefinitions.Tree.the_user_is_redirected_to_a_page_having_editor_and_run_button()&amp#27;[0m
[INFO ] 2024-12-09 21:58:21.073 [TestNG-PoolService-1] Hooks - ======================  Test Execution is completed!! ======================
]]></system-out>
    <system-err><![CDATA[Dec 09, 2024 9:58:18 PM org.openqa.selenium.devtools.CdpVersionFinder findNearestMatch
WARNING: Unable to find an exact match for CDP version 131, returning the closest version; found: 130; Please update to a Selenium version that supports CDP version 131
Dec 09, 2024 9:58:19 PM org.openqa.selenium.devtools.CdpVersionFinder findNearestMatch
WARNING: Unable to find an exact match for CDP version 131, returning the closest version; found: 130; Please update to a Selenium version that supports CDP version 131
]]></system-err>
  </testcase>
  <testcase name="runScenario[&quot;Types of Linked List&quot;, &quot;Linked List&quot;](58)" classname="TestRunners.TestRunner" time="11.158">
    <system-out><![CDATA[
Scenario: LL_Try Here Editor page with valid data                     &amp#27;[90m# src/test/resources/Features/LinkedList.feature:85&amp#27;[0m
[INFO ] 2024-12-09 22:08:13.682 [TestNG-PoolService-1] Hooks - ======================  New Test Execution is STARTED!! ======================
[INFO ] 2024-12-09 22:08:14.731 [TestNG-PoolService-2] Hooks - ======================  New Test Execution is STARTED!! ======================
[INFO ] 2024-12-09 22:08:15.907 [TestNG-PoolService-3] Hooks - ======================  New Test Execution is STARTED!! ======================
  &amp#27;[32mGiven &amp#27;[0m&amp#27;[32mThe user is on the DS Introduction page as signedIn&amp#27;[0m          &amp#27;[90m# StepDefinitions.DSIntroductionDetails.the_user_is_on_the_ds_introduction_page_as_signed_in()&amp#27;[0m
  &amp#27;[32mAnd &amp#27;[0m&amp#27;[32mUser clicks on Get Started button from Linked List panel&amp#27;[0m       &amp#27;[90m# StepDefinitions.LinkedList.user_clicks_on_get_started_button_from_linked_list_panel()&amp#27;[0m
  &amp#27;[32mGiven &amp#27;[0m&amp#27;[32mThe user is on the Types of Linked List page&amp#27;[0m                 &amp#27;[90m# StepDefinitions.LinkedList.the_user_is_on_the_types_of_linked_list_page()&amp#27;[0m
  &amp#27;[32mGiven &amp#27;[0m&amp#27;[32mThe user is on the DS Introduction page as signedIn&amp#27;[0m                  &amp#27;[90m# StepDefinitions.DSIntroductionDetails.the_user_is_on_the_ds_introduction_page_as_signed_in()&amp#27;[0m
  &amp#27;[32mGiven &amp#27;[0m&amp#27;[32mThe user is on the DS Introduction page as signedIn&amp#27;[0m           &amp#27;[90m# StepDefinitions.DSIntroductionDetails.the_user_is_on_the_ds_introduction_page_as_signed_in()&amp#27;[0m
  &amp#27;[32mAnd &amp#27;[0m&amp#27;[32mUser clicks on Get Started button from Linked List panel&amp#27;[0m               &amp#27;[90m# StepDefinitions.LinkedList.user_clicks_on_get_started_button_from_linked_list_panel()&amp#27;[0m
  &amp#27;[32mAnd &amp#27;[0m&amp#27;[32mUser clicks on Get Started button from Linked List panel&amp#27;[0m        &amp#27;[90m# StepDefinitions.LinkedList.user_clicks_on_get_started_button_from_linked_list_panel()&amp#27;[0m
  &amp#27;[32mGiven &amp#27;[0m&amp#27;[32mThe user is on the Types of Linked List page&amp#27;[0m                         &amp#27;[90m# StepDefinitions.LinkedList.the_user_is_on_the_types_of_linked_list_page()&amp#27;[0m
  &amp#27;[32mGiven &amp#27;[0m&amp#27;[32mThe user is on the Types of Linked List page&amp#27;[0m                  &amp#27;[90m# StepDefinitions.LinkedList.the_user_is_on_the_types_of_linked_list_page()&amp#27;[0m
  &amp#27;[32mWhen &amp#27;[0m&amp#27;[32mThe user clicks Try Here button&amp#27;[0m                               &amp#27;[90m# StepDefinitions.Tree.the_user_clicks_try_here_button()&amp#27;[0m
  &amp#27;[32mThen &amp#27;[0m&amp#27;[32mThe user is redirected to a page having Editor and run button&amp#27;[0m &amp#27;[90m# StepDefinitions.Tree.the_user_is_redirected_to_a_page_having_editor_and_run_button()&amp#27;[0m
[INFO ] 2024-12-09 22:08:19.238 [TestNG-PoolService-1] Hooks - ======================  Test Execution is completed!! ======================
  &amp#27;[32mWhen &amp#27;[0m&amp#27;[32mThe user clicks Try Here button&amp#27;[0m                                &amp#27;[90m# StepDefinitions.Tree.the_user_clicks_try_here_button()&amp#27;[0m
  &amp#27;[32mWhen &amp#27;[0m&amp#27;[32mThe user clicks Try Here button&amp#27;[0m                                       &amp#27;[90m# StepDefinitions.Tree.the_user_clicks_try_here_button()&amp#27;[0m
  &amp#27;[32mWhen &amp#27;[0m&amp#27;[32mThe user writes the valid python code and clicks on Run button&amp#27;[0m &amp#27;[90m# StepDefinitions.Tree.the_user_writes_the_valid_python_code_and_clicks_on_run_button()&amp#27;[0m
  &amp#27;[31mThen &amp#27;[0m&amp#27;[31mThe user is able to see the output inside the console.&amp#27;[0m         &amp#27;[90m# StepDefinitions.Tree.the_user_is_able_to_see_the_output_inside_the_console()&amp#27;[0m
      &amp#27;[31mjava.lang.AssertionError: expected [hello] but found []
	at org.testng.Assert.fail(Assert.java:111)
	at org.testng.Assert.failNotEquals(Assert.java:1578)
	at org.testng.Assert.assertEqualsImpl(Assert.java:150)
	at org.testng.Assert.assertEquals(Assert.java:132)
	at org.testng.Assert.assertEquals(Assert.java:656)
	at org.testng.Assert.assertEquals(Assert.java:666)
	at PageObjects.TreePage.check_When_ValidCode_In_Editor(TreePage.java:384)
	at StepDefinitions.Tree.the_user_is_able_to_see_the_output_inside_the_console(Tree.java:91)
	at ✽.The user is able to see the output inside the console.(file:///C:/Projects/Repo1/src/test/resources/Features/LinkedList.feature:89)
&amp#27;[0m
[ERROR] 2024-12-09 22:08:20.234 [TestNG-PoolService-3] Hooks - ======================  TEST CASE FAILED !! ======================

    Embedding screenshot [image/png 37860 bytes]

[INFO ] 2024-12-09 22:08:20.299 [TestNG-PoolService-3] Hooks - ======================  Screenshot is captured  ======================
[INFO ] 2024-12-09 22:08:20.299 [TestNG-PoolService-3] Hooks - ======================  Test Execution is completed!! ======================
  &amp#27;[32mWhen &amp#27;[0m&amp#27;[32mThe user writes no code inside editor window and clicks on Run button&amp#27;[0m &amp#27;[90m# StepDefinitions.Tree.the_user_writes_no_code_inside_editor_window_and_clicks_on_run_button()&amp#27;[0m
  &amp#27;[32mThen &amp#27;[0m&amp#27;[32mNothing happens to the Editor page and no error message is displayed&amp#27;[0m  &amp#27;[90m# StepDefinitions.Tree.nothing_happens_to_the_editor_page_and_no_error_message_is_displayed()&amp#27;[0m
[INFO ] 2024-12-09 22:08:20.431 [TestNG-PoolService-2] Hooks - ======================  Test Execution is completed!! ======================
]]></system-out>
  </testcase>
  <testcase name="runScenario[&quot;Types of Linked List&quot;, &quot;Linked List&quot;](58)" classname="TestRunners.TestRunner" time="2.818">
    <system-out><![CDATA[
Scenario: LL_Try Here Editor page with valid data                     &amp#27;[90m# src/test/resources/Features/LinkedList.feature:85&amp#27;[0m
  &amp#27;[32mWhen &amp#27;[0m&amp#27;[32mThe user clicks Try Here button&amp#27;[0m                               &amp#27;[90m# StepDefinitions.Tree.the_user_clicks_try_here_button()&amp#27;[0m
  &amp#27;[32mThen &amp#27;[0m&amp#27;[32mThe user is redirected to a page having Editor and run button&amp#27;[0m &amp#27;[90m# StepDefinitions.Tree.the_user_is_redirected_to_a_page_having_editor_and_run_button()&amp#27;[0m
[INFO ] 2024-12-09 22:21:57.615 [TestNG-PoolService-2] Hooks - ======================  Test Execution is completed!! ======================
[INFO ] 2024-12-09 22:21:58.320 [TestNG-PoolService-3] Hooks - ======================  New Test Execution is STARTED!! ======================
  &amp#27;[32mGiven &amp#27;[0m&amp#27;[32mThe user is on the DS Introduction page as signedIn&amp#27;[0m                  &amp#27;[90m# StepDefinitions.DSIntroductionDetails.the_user_is_on_the_ds_introduction_page_as_signed_in()&amp#27;[0m
  &amp#27;[32mAnd &amp#27;[0m&amp#27;[32mUser clicks on Get Started button from Linked List panel&amp#27;[0m               &amp#27;[90m# StepDefinitions.LinkedList.user_clicks_on_get_started_button_from_linked_list_panel()&amp#27;[0m
]]></system-out>
    <system-err><![CDATA[Dec 09, 2024 10:21:58 PM org.openqa.selenium.devtools.CdpVersionFinder findNearestMatch
WARNING: Unable to find an exact match for CDP version 131, returning the closest version; found: 130; Please update to a Selenium version that supports CDP version 131
]]></system-err>
  </testcase>
  <testcase name="runScenario[&quot;LL_Try Here Editor page with empty data&quot;, &quot;Linked List&quot;](59)" classname="TestRunners.TestRunner" time="2.483">
    <failure message="element not interactable&#10;  (Session info: chrome=131.0.6778.109)&#10;Build info: version: &apos;4.26.0&apos;, revision: &apos;8ccf0219d7&apos;&#10;System info: os.name: &apos;Windows 11&apos;, os.arch: &apos;amd64&apos;, os.version: &apos;10.0&apos;, java.version: &apos;21.0.5&apos;&#10;Driver info: org.openqa.selenium.chrome.ChromeDriver&#10;Command: [9733a73a7de0ed6fe501322d442d98a0, sendKeysToElement {value=[Ljava.lang.CharSequence;@551e3edf, id=f.93D9B508B34277EDD6DEB8DA2CF72F2C.d.37AEAE7DE66FBD4C5114C32CD8299E57.e.40}]&#10;Capabilities {acceptInsecureCerts: false, browserName: chrome, browserVersion: 131.0.6778.109, chrome: {chromedriverVersion: 131.0.6778.87 (ce31cae94873..., userDataDir: C:\Users\vamsh\AppData\Loca...}, fedcm:accounts: true, goog:chromeOptions: {debuggerAddress: localhost:58866}, networkConnectionEnabled: false, pageLoadStrategy: normal, platformName: windows, proxy: Proxy(), se:cdp: ws://localhost:58866/devtoo..., se:cdpVersion: 131.0.6778.109, setWindowRect: true, strictFileInteractability: false, timeouts: {implicit: 0, pageLoad: 300000, script: 30000}, unhandledPromptBehavior: dismiss and notify, webauthn:extension:credBlob: true, webauthn:extension:largeBlob: true, webauthn:extension:minPinLength: true, webauthn:extension:prf: true, webauthn:virtualAuthenticators: true}&#10;Element: [[ChromeDriver: chrome on windows (9733a73a7de0ed6fe501322d442d98a0)] -&gt; css selector: .CodeMirror textarea]&#10;Session ID: 9733a73a7de0ed6fe501322d442d98a0" type="org.openqa.selenium.ElementNotInteractableException"><![CDATA[org.openqa.selenium.ElementNotInteractableException: 
element not interactable
  (Session info: chrome=131.0.6778.109)
Build info: version: '4.26.0', revision: '8ccf0219d7'
System info: os.name: 'Windows 11', os.arch: 'amd64', os.version: '10.0', java.version: '21.0.5'
Driver info: org.openqa.selenium.chrome.ChromeDriver
Command: [9733a73a7de0ed6fe501322d442d98a0, sendKeysToElement {value=[Ljava.lang.CharSequence;@551e3edf, id=f.93D9B508B34277EDD6DEB8DA2CF72F2C.d.37AEAE7DE66FBD4C5114C32CD8299E57.e.40}]
Capabilities {acceptInsecureCerts: false, browserName: chrome, browserVersion: 131.0.6778.109, chrome: {chromedriverVersion: 131.0.6778.87 (ce31cae94873..., userDataDir: C:\Users\vamsh\AppData\Loca...}, fedcm:accounts: true, goog:chromeOptions: {debuggerAddress: localhost:58866}, networkConnectionEnabled: false, pageLoadStrategy: normal, platformName: windows, proxy: Proxy(), se:cdp: ws://localhost:58866/devtoo..., se:cdpVersion: 131.0.6778.109, setWindowRect: true, strictFileInteractability: false, timeouts: {implicit: 0, pageLoad: 300000, script: 30000}, unhandledPromptBehavior: dismiss and notify, webauthn:extension:credBlob: true, webauthn:extension:largeBlob: true, webauthn:extension:minPinLength: true, webauthn:extension:prf: true, webauthn:virtualAuthenticators: true}
Element: [[ChromeDriver: chrome on windows (9733a73a7de0ed6fe501322d442d98a0)] -> css selector: .CodeMirror textarea]
Session ID: 9733a73a7de0ed6fe501322d442d98a0
]]></failure>
    <system-out><![CDATA[
Scenario: LL_Try Here Editor page with invalid data                     &amp#27;[90m# src/test/resources/Features/LinkedList.feature:91&amp#27;[0m
  &amp#27;[32mGiven &amp#27;[0m&amp#27;[32mThe user is on the DS Introduction page as signedIn&amp#27;[0m                  &amp#27;[90m# StepDefinitions.DSIntroductionDetails.the_user_is_on_the_ds_introduction_page_as_signed_in()&amp#27;[0m
  &amp#27;[32mAnd &amp#27;[0m&amp#27;[32mUser clicks on Get Started button from Linked List panel&amp#27;[0m               &amp#27;[90m# StepDefinitions.LinkedList.user_clicks_on_get_started_button_from_linked_list_panel()&amp#27;[0m
  &amp#27;[32mGiven &amp#27;[0m&amp#27;[32mThe user is on the Types of Linked List page&amp#27;[0m                         &amp#27;[90m# StepDefinitions.LinkedList.the_user_is_on_the_types_of_linked_list_page()&amp#27;[0m
  &amp#27;[32mGiven &amp#27;[0m&amp#27;[32mThe user is on the DS Introduction page as signedIn&amp#27;[0m           &amp#27;[90m# StepDefinitions.DSIntroductionDetails.the_user_is_on_the_ds_introduction_page_as_signed_in()&amp#27;[0m
  &amp#27;[32mWhen &amp#27;[0m&amp#27;[32mThe user clicks Try Here button&amp#27;[0m                                       &amp#27;[90m# StepDefinitions.Tree.the_user_clicks_try_here_button()&amp#27;[0m
[INFO ] 2024-12-09 21:58:23.163 [TestNG-PoolService-1] Hooks - ======================  New Test Execution is STARTED!! ======================
  &amp#27;[31mWhen &amp#27;[0m&amp#27;[31mThe user writes no code inside editor window and clicks on Run button&amp#27;[0m &amp#27;[90m# StepDefinitions.Tree.the_user_writes_no_code_inside_editor_window_and_clicks_on_run_button()&amp#27;[0m
      &amp#27;[31morg.openqa.selenium.ElementNotInteractableException: element not interactable
  (Session info: chrome=131.0.6778.109)
Build info: version: '4.26.0', revision: '8ccf0219d7'
System info: os.name: 'Windows 11', os.arch: 'amd64', os.version: '10.0', java.version: '21.0.5'
Driver info: org.openqa.selenium.chrome.ChromeDriver
Command: [9733a73a7de0ed6fe501322d442d98a0, sendKeysToElement {value=[Ljava.lang.CharSequence;@551e3edf, id=f.93D9B508B34277EDD6DEB8DA2CF72F2C.d.37AEAE7DE66FBD4C5114C32CD8299E57.e.40}]
Capabilities {acceptInsecureCerts: false, browserName: chrome, browserVersion: 131.0.6778.109, chrome: {chromedriverVersion: 131.0.6778.87 (ce31cae94873..., userDataDir: C:\Users\vamsh\AppData\Loca...}, fedcm:accounts: true, goog:chromeOptions: {debuggerAddress: localhost:58866}, networkConnectionEnabled: false, pageLoadStrategy: normal, platformName: windows, proxy: Proxy(), se:cdp: ws://localhost:58866/devtoo..., se:cdpVersion: 131.0.6778.109, setWindowRect: true, strictFileInteractability: false, timeouts: {implicit: 0, pageLoad: 300000, script: 30000}, unhandledPromptBehavior: dismiss and notify, webauthn:extension:credBlob: true, webauthn:extension:largeBlob: true, webauthn:extension:minPinLength: true, webauthn:extension:prf: true, webauthn:virtualAuthenticators: true}
Element: [[ChromeDriver: chrome on windows (9733a73a7de0ed6fe501322d442d98a0)] -> css selector: .CodeMirror textarea]
Session ID: 9733a73a7de0ed6fe501322d442d98a0
	at java.base/jdk.internal.reflect.DirectConstructorHandleAccessor.newInstance(DirectConstructorHandleAccessor.java:62)
	at java.base/java.lang.reflect.Constructor.newInstanceWithCaller(Constructor.java:502)
	at java.base/java.lang.reflect.Constructor.newInstance(Constructor.java:486)
	at org.openqa.selenium.remote.ErrorCodec.decode(ErrorCodec.java:167)
	at org.openqa.selenium.remote.codec.w3c.W3CHttpResponseCodec.decode(W3CHttpResponseCodec.java:138)
	at org.openqa.selenium.remote.codec.w3c.W3CHttpResponseCodec.decode(W3CHttpResponseCodec.java:50)
	at org.openqa.selenium.remote.HttpCommandExecutor.execute(HttpCommandExecutor.java:190)
	at org.openqa.selenium.remote.service.DriverCommandExecutor.invokeExecute(DriverCommandExecutor.java:216)
	at org.openqa.selenium.remote.service.DriverCommandExecutor.execute(DriverCommandExecutor.java:174)
	at org.openqa.selenium.remote.RemoteWebDriver.execute(RemoteWebDriver.java:545)
	at org.openqa.selenium.remote.RemoteWebElement.execute(RemoteWebElement.java:223)
	at org.openqa.selenium.remote.RemoteWebElement.sendKeys(RemoteWebElement.java:110)
	at PageObjects.TreePage.writeInTryEditorWindow(TreePage.java:357)
	at StepDefinitions.Tree.the_user_writes_no_code_inside_editor_window_and_clicks_on_run_button(Tree.java:73)
	at ✽.The user writes no code inside editor window and clicks on Run button(file:///C:/Projects/Repo1/src/test/resources/Features/LinkedList.feature:82)
&amp#27;[0m
  &amp#27;[36mThen &amp#27;[0m&amp#27;[36mNothing happens to the Editor page and no error message is displayed&amp#27;[0m  &amp#27;[90m# StepDefinitions.Tree.nothing_happens_to_the_editor_page_and_no_error_message_is_displayed()&amp#27;[0m
[ERROR] 2024-12-09 21:58:23.227 [TestNG-PoolService-3] Hooks - ======================  TEST CASE FAILED !! ======================

    Embedding screenshot [image/png 7853 bytes]

[INFO ] 2024-12-09 21:58:23.459 [TestNG-PoolService-3] Hooks - ======================  Screenshot is captured  ======================
[INFO ] 2024-12-09 21:58:23.462 [TestNG-PoolService-3] Hooks - ======================  Test Execution is completed!! ======================
  &amp#27;[32mAnd &amp#27;[0m&amp#27;[32mUser clicks on Get Started button from Linked List panel&amp#27;[0m        &amp#27;[90m# StepDefinitions.LinkedList.user_clicks_on_get_started_button_from_linked_list_panel()&amp#27;[0m
]]></system-out>
    <system-err><![CDATA[Dec 09, 2024 9:58:23 PM org.openqa.selenium.devtools.CdpVersionFinder findNearestMatch
WARNING: Unable to find an exact match for CDP version 131, returning the closest version; found: 130; Please update to a Selenium version that supports CDP version 131
]]></system-err>
  </testcase>
  <testcase name="runScenario[&quot;LL_Try Here Editor page with empty data&quot;, &quot;Linked List&quot;](59)" classname="TestRunners.TestRunner" time="2.802">
    <failure message="element not interactable&#10;  (Session info: MicrosoftEdge=131.0.2903.86)&#10;Build info: version: &apos;4.26.0&apos;, revision: &apos;8ccf0219d7&apos;&#10;System info: os.name: &apos;Windows 11&apos;, os.arch: &apos;amd64&apos;, os.version: &apos;10.0&apos;, java.version: &apos;21.0.5&apos;&#10;Driver info: org.openqa.selenium.edge.EdgeDriver&#10;Command: [ac8952b98589658ce2a70570745484cc, sendKeysToElement {value=[Ljava.lang.CharSequence;@7516245c, id=f.8DAD9F08D0109EBE5C85EBA3CF598163.d.A1255594B06B85DB0F2454F6E617C7DD.e.39}]&#10;Capabilities {acceptInsecureCerts: false, browserName: MicrosoftEdge, browserVersion: 131.0.2903.86, fedcm:accounts: true, ms:edgeOptions: {debuggerAddress: localhost:61145}, msedge: {msedgedriverVersion: 131.0.2903.86 (cf5bf303997c..., userDataDir: C:\Users\vamsh\AppData\Loca...}, networkConnectionEnabled: false, pageLoadStrategy: normal, platformName: windows, proxy: Proxy(), se:cdp: ws://localhost:61145/devtoo..., se:cdpVersion: 131.0.2903.86, setWindowRect: true, strictFileInteractability: false, timeouts: {implicit: 0, pageLoad: 300000, script: 30000}, unhandledPromptBehavior: dismiss and notify, webauthn:extension:credBlob: true, webauthn:extension:largeBlob: true, webauthn:extension:minPinLength: true, webauthn:extension:prf: true, webauthn:virtualAuthenticators: true}&#10;Element: [[EdgeDriver: MicrosoftEdge on windows (ac8952b98589658ce2a70570745484cc)] -&gt; css selector: .CodeMirror textarea]&#10;Session ID: ac8952b98589658ce2a70570745484cc" type="org.openqa.selenium.ElementNotInteractableException"><![CDATA[org.openqa.selenium.ElementNotInteractableException: 
element not interactable
  (Session info: MicrosoftEdge=131.0.2903.86)
Build info: version: '4.26.0', revision: '8ccf0219d7'
System info: os.name: 'Windows 11', os.arch: 'amd64', os.version: '10.0', java.version: '21.0.5'
Driver info: org.openqa.selenium.edge.EdgeDriver
Command: [ac8952b98589658ce2a70570745484cc, sendKeysToElement {value=[Ljava.lang.CharSequence;@7516245c, id=f.8DAD9F08D0109EBE5C85EBA3CF598163.d.A1255594B06B85DB0F2454F6E617C7DD.e.39}]
Capabilities {acceptInsecureCerts: false, browserName: MicrosoftEdge, browserVersion: 131.0.2903.86, fedcm:accounts: true, ms:edgeOptions: {debuggerAddress: localhost:61145}, msedge: {msedgedriverVersion: 131.0.2903.86 (cf5bf303997c..., userDataDir: C:\Users\vamsh\AppData\Loca...}, networkConnectionEnabled: false, pageLoadStrategy: normal, platformName: windows, proxy: Proxy(), se:cdp: ws://localhost:61145/devtoo..., se:cdpVersion: 131.0.2903.86, setWindowRect: true, strictFileInteractability: false, timeouts: {implicit: 0, pageLoad: 300000, script: 30000}, unhandledPromptBehavior: dismiss and notify, webauthn:extension:credBlob: true, webauthn:extension:largeBlob: true, webauthn:extension:minPinLength: true, webauthn:extension:prf: true, webauthn:virtualAuthenticators: true}
Element: [[EdgeDriver: MicrosoftEdge on windows (ac8952b98589658ce2a70570745484cc)] -> css selector: .CodeMirror textarea]
Session ID: ac8952b98589658ce2a70570745484cc
]]></failure>
    <system-out><![CDATA[
Scenario: LL_Try Here Editor page with invalid data                     &amp#27;[90m# src/test/resources/Features/LinkedList.feature:91&amp#27;[0m
  &amp#27;[32mGiven &amp#27;[0m&amp#27;[32mThe user is on the Types of Linked List page&amp#27;[0m                         &amp#27;[90m# StepDefinitions.LinkedList.the_user_is_on_the_types_of_linked_list_page()&amp#27;[0m
  &amp#27;[32mWhen &amp#27;[0m&amp#27;[32mThe user clicks Try Here button&amp#27;[0m                                       &amp#27;[90m# StepDefinitions.Tree.the_user_clicks_try_here_button()&amp#27;[0m
  &amp#27;[31mWhen &amp#27;[0m&amp#27;[31mThe user writes no code inside editor window and clicks on Run button&amp#27;[0m &amp#27;[90m# StepDefinitions.Tree.the_user_writes_no_code_inside_editor_window_and_clicks_on_run_button()&amp#27;[0m
      &amp#27;[31morg.openqa.selenium.ElementNotInteractableException: element not interactable
  (Session info: MicrosoftEdge=131.0.2903.86)
Build info: version: '4.26.0', revision: '8ccf0219d7'
System info: os.name: 'Windows 11', os.arch: 'amd64', os.version: '10.0', java.version: '21.0.5'
Driver info: org.openqa.selenium.edge.EdgeDriver
Command: [ac8952b98589658ce2a70570745484cc, sendKeysToElement {value=[Ljava.lang.CharSequence;@7516245c, id=f.8DAD9F08D0109EBE5C85EBA3CF598163.d.A1255594B06B85DB0F2454F6E617C7DD.e.39}]
Capabilities {acceptInsecureCerts: false, browserName: MicrosoftEdge, browserVersion: 131.0.2903.86, fedcm:accounts: true, ms:edgeOptions: {debuggerAddress: localhost:61145}, msedge: {msedgedriverVersion: 131.0.2903.86 (cf5bf303997c..., userDataDir: C:\Users\vamsh\AppData\Loca...}, networkConnectionEnabled: false, pageLoadStrategy: normal, platformName: windows, proxy: Proxy(), se:cdp: ws://localhost:61145/devtoo..., se:cdpVersion: 131.0.2903.86, setWindowRect: true, strictFileInteractability: false, timeouts: {implicit: 0, pageLoad: 300000, script: 30000}, unhandledPromptBehavior: dismiss and notify, webauthn:extension:credBlob: true, webauthn:extension:largeBlob: true, webauthn:extension:minPinLength: true, webauthn:extension:prf: true, webauthn:virtualAuthenticators: true}
Element: [[EdgeDriver: MicrosoftEdge on windows (ac8952b98589658ce2a70570745484cc)] -> css selector: .CodeMirror textarea]
Session ID: ac8952b98589658ce2a70570745484cc
	at java.base/jdk.internal.reflect.DirectConstructorHandleAccessor.newInstance(DirectConstructorHandleAccessor.java:62)
	at java.base/java.lang.reflect.Constructor.newInstanceWithCaller(Constructor.java:502)
	at java.base/java.lang.reflect.Constructor.newInstance(Constructor.java:486)
	at org.openqa.selenium.remote.ErrorCodec.decode(ErrorCodec.java:167)
	at org.openqa.selenium.remote.codec.w3c.W3CHttpResponseCodec.decode(W3CHttpResponseCodec.java:138)
	at org.openqa.selenium.remote.codec.w3c.W3CHttpResponseCodec.decode(W3CHttpResponseCodec.java:50)
	at org.openqa.selenium.remote.HttpCommandExecutor.execute(HttpCommandExecutor.java:190)
	at org.openqa.selenium.remote.service.DriverCommandExecutor.invokeExecute(DriverCommandExecutor.java:216)
	at org.openqa.selenium.remote.service.DriverCommandExecutor.execute(DriverCommandExecutor.java:174)
	at org.openqa.selenium.remote.RemoteWebDriver.execute(RemoteWebDriver.java:545)
	at org.openqa.selenium.remote.RemoteWebElement.execute(RemoteWebElement.java:223)
	at org.openqa.selenium.remote.RemoteWebElement.sendKeys(RemoteWebElement.java:110)
	at PageObjects.TreePage.writeInTryEditorWindow(TreePage.java:357)
	at StepDefinitions.Tree.the_user_writes_no_code_inside_editor_window_and_clicks_on_run_button(Tree.java:73)
	at ✽.The user writes no code inside editor window and clicks on Run button(file:///C:/Projects/Repo1/src/test/resources/Features/LinkedList.feature:82)
&amp#27;[0m
  &amp#27;[36mThen &amp#27;[0m&amp#27;[36mNothing happens to the Editor page and no error message is displayed&amp#27;[0m  &amp#27;[90m# StepDefinitions.Tree.nothing_happens_to_the_editor_page_and_no_error_message_is_displayed()&amp#27;[0m
[ERROR] 2024-12-09 22:22:00.903 [TestNG-PoolService-1] Hooks - ======================  TEST CASE FAILED !! ======================

    Embedding screenshot [image/png 7890 bytes]

[INFO ] 2024-12-09 22:22:01.060 [TestNG-PoolService-1] Hooks - ======================  Screenshot is captured  ======================
[INFO ] 2024-12-09 22:22:01.062 [TestNG-PoolService-1] Hooks - ======================  Test Execution is completed!! ======================
  &amp#27;[32mGiven &amp#27;[0m&amp#27;[32mThe user is on the DS Introduction page as signedIn&amp#27;[0m           &amp#27;[90m# StepDefinitions.DSIntroductionDetails.the_user_is_on_the_ds_introduction_page_as_signed_in()&amp#27;[0m
  &amp#27;[32mAnd &amp#27;[0m&amp#27;[32mUser clicks on Get Started button from Linked List panel&amp#27;[0m        &amp#27;[90m# StepDefinitions.LinkedList.user_clicks_on_get_started_button_from_linked_list_panel()&amp#27;[0m
]]></system-out>
  </testcase>
  <testcase name="runScenario[&quot;LL_Try Here Editor page with valid data&quot;, &quot;Linked List&quot;](60)" classname="TestRunners.TestRunner" time="1.959">
    <failure message="element not interactable&#10;  (Session info: chrome=131.0.6778.109)&#10;Build info: version: &apos;4.26.0&apos;, revision: &apos;8ccf0219d7&apos;&#10;System info: os.name: &apos;Windows 11&apos;, os.arch: &apos;amd64&apos;, os.version: &apos;10.0&apos;, java.version: &apos;21.0.5&apos;&#10;Driver info: org.openqa.selenium.chrome.ChromeDriver&#10;Command: [89e9c78cbf6a738edfd32c1c9b7f2f8e, sendKeysToElement {value=[Ljava.lang.CharSequence;@4c7660da, id=f.994E0051BC7A852D6A1455AF60A678DE.d.7DEF01C43CF36AE8AB6BC49E72C87015.e.51}]&#10;Capabilities {acceptInsecureCerts: false, browserName: chrome, browserVersion: 131.0.6778.109, chrome: {chromedriverVersion: 131.0.6778.87 (ce31cae94873..., userDataDir: C:\Users\vamsh\AppData\Loca...}, fedcm:accounts: true, goog:chromeOptions: {debuggerAddress: localhost:58905}, networkConnectionEnabled: false, pageLoadStrategy: normal, platformName: windows, proxy: Proxy(), se:cdp: ws://localhost:58905/devtoo..., se:cdpVersion: 131.0.6778.109, setWindowRect: true, strictFileInteractability: false, timeouts: {implicit: 0, pageLoad: 300000, script: 30000}, unhandledPromptBehavior: dismiss and notify, webauthn:extension:credBlob: true, webauthn:extension:largeBlob: true, webauthn:extension:minPinLength: true, webauthn:extension:prf: true, webauthn:virtualAuthenticators: true}&#10;Element: [[ChromeDriver: chrome on windows (89e9c78cbf6a738edfd32c1c9b7f2f8e)] -&gt; css selector: .CodeMirror textarea]&#10;Session ID: 89e9c78cbf6a738edfd32c1c9b7f2f8e" type="org.openqa.selenium.ElementNotInteractableException"><![CDATA[org.openqa.selenium.ElementNotInteractableException: 
element not interactable
  (Session info: chrome=131.0.6778.109)
Build info: version: '4.26.0', revision: '8ccf0219d7'
System info: os.name: 'Windows 11', os.arch: 'amd64', os.version: '10.0', java.version: '21.0.5'
Driver info: org.openqa.selenium.chrome.ChromeDriver
Command: [89e9c78cbf6a738edfd32c1c9b7f2f8e, sendKeysToElement {value=[Ljava.lang.CharSequence;@4c7660da, id=f.994E0051BC7A852D6A1455AF60A678DE.d.7DEF01C43CF36AE8AB6BC49E72C87015.e.51}]
Capabilities {acceptInsecureCerts: false, browserName: chrome, browserVersion: 131.0.6778.109, chrome: {chromedriverVersion: 131.0.6778.87 (ce31cae94873..., userDataDir: C:\Users\vamsh\AppData\Loca...}, fedcm:accounts: true, goog:chromeOptions: {debuggerAddress: localhost:58905}, networkConnectionEnabled: false, pageLoadStrategy: normal, platformName: windows, proxy: Proxy(), se:cdp: ws://localhost:58905/devtoo..., se:cdpVersion: 131.0.6778.109, setWindowRect: true, strictFileInteractability: false, timeouts: {implicit: 0, pageLoad: 300000, script: 30000}, unhandledPromptBehavior: dismiss and notify, webauthn:extension:credBlob: true, webauthn:extension:largeBlob: true, webauthn:extension:minPinLength: true, webauthn:extension:prf: true, webauthn:virtualAuthenticators: true}
Element: [[ChromeDriver: chrome on windows (89e9c78cbf6a738edfd32c1c9b7f2f8e)] -> css selector: .CodeMirror textarea]
Session ID: 89e9c78cbf6a738edfd32c1c9b7f2f8e
]]></failure>
    <system-out><![CDATA[
Scenario: Linked List home page                                        &amp#27;[90m# src/test/resources/Features/LinkedList.feature:97&amp#27;[0m
  &amp#27;[32mGiven &amp#27;[0m&amp#27;[32mThe user is on the Types of Linked List page&amp#27;[0m                  &amp#27;[90m# StepDefinitions.LinkedList.the_user_is_on_the_types_of_linked_list_page()&amp#27;[0m
  &amp#27;[32mWhen &amp#27;[0m&amp#27;[32mThe user clicks Try Here button&amp#27;[0m                                &amp#27;[90m# StepDefinitions.Tree.the_user_clicks_try_here_button()&amp#27;[0m
  &amp#27;[31mWhen &amp#27;[0m&amp#27;[31mThe user writes the valid python code and clicks on Run button&amp#27;[0m &amp#27;[90m# StepDefinitions.Tree.the_user_writes_the_valid_python_code_and_clicks_on_run_button()&amp#27;[0m
      &amp#27;[31morg.openqa.selenium.ElementNotInteractableException: element not interactable
  (Session info: chrome=131.0.6778.109)
Build info: version: '4.26.0', revision: '8ccf0219d7'
System info: os.name: 'Windows 11', os.arch: 'amd64', os.version: '10.0', java.version: '21.0.5'
Driver info: org.openqa.selenium.chrome.ChromeDriver
Command: [89e9c78cbf6a738edfd32c1c9b7f2f8e, sendKeysToElement {value=[Ljava.lang.CharSequence;@4c7660da, id=f.994E0051BC7A852D6A1455AF60A678DE.d.7DEF01C43CF36AE8AB6BC49E72C87015.e.51}]
Capabilities {acceptInsecureCerts: false, browserName: chrome, browserVersion: 131.0.6778.109, chrome: {chromedriverVersion: 131.0.6778.87 (ce31cae94873..., userDataDir: C:\Users\vamsh\AppData\Loca...}, fedcm:accounts: true, goog:chromeOptions: {debuggerAddress: localhost:58905}, networkConnectionEnabled: false, pageLoadStrategy: normal, platformName: windows, proxy: Proxy(), se:cdp: ws://localhost:58905/devtoo..., se:cdpVersion: 131.0.6778.109, setWindowRect: true, strictFileInteractability: false, timeouts: {implicit: 0, pageLoad: 300000, script: 30000}, unhandledPromptBehavior: dismiss and notify, webauthn:extension:credBlob: true, webauthn:extension:largeBlob: true, webauthn:extension:minPinLength: true, webauthn:extension:prf: true, webauthn:virtualAuthenticators: true}
Element: [[ChromeDriver: chrome on windows (89e9c78cbf6a738edfd32c1c9b7f2f8e)] -> css selector: .CodeMirror textarea]
Session ID: 89e9c78cbf6a738edfd32c1c9b7f2f8e
	at java.base/jdk.internal.reflect.DirectConstructorHandleAccessor.newInstance(DirectConstructorHandleAccessor.java:62)
	at java.base/java.lang.reflect.Constructor.newInstanceWithCaller(Constructor.java:502)
	at java.base/java.lang.reflect.Constructor.newInstance(Constructor.java:486)
	at org.openqa.selenium.remote.ErrorCodec.decode(ErrorCodec.java:167)
	at org.openqa.selenium.remote.codec.w3c.W3CHttpResponseCodec.decode(W3CHttpResponseCodec.java:138)
	at org.openqa.selenium.remote.codec.w3c.W3CHttpResponseCodec.decode(W3CHttpResponseCodec.java:50)
	at org.openqa.selenium.remote.HttpCommandExecutor.execute(HttpCommandExecutor.java:190)
	at org.openqa.selenium.remote.service.DriverCommandExecutor.invokeExecute(DriverCommandExecutor.java:216)
	at org.openqa.selenium.remote.service.DriverCommandExecutor.execute(DriverCommandExecutor.java:174)
	at org.openqa.selenium.remote.RemoteWebDriver.execute(RemoteWebDriver.java:545)
	at org.openqa.selenium.remote.RemoteWebElement.execute(RemoteWebElement.java:223)
	at org.openqa.selenium.remote.RemoteWebElement.sendKeys(RemoteWebElement.java:110)
	at PageObjects.TreePage.writeInTryEditorWindow(TreePage.java:357)
	at StepDefinitions.Tree.the_user_writes_the_valid_python_code_and_clicks_on_run_button(Tree.java:85)
	at ✽.The user writes the valid python code and clicks on Run button(file:///C:/Projects/Repo1/src/test/resources/Features/LinkedList.feature:88)
&amp#27;[0m
  &amp#27;[36mThen &amp#27;[0m&amp#27;[36mThe user is able to see the output inside the console.&amp#27;[0m         &amp#27;[90m# StepDefinitions.Tree.the_user_is_able_to_see_the_output_inside_the_console()&amp#27;[0m
[ERROR] 2024-12-09 21:58:25.193 [TestNG-PoolService-2] Hooks - ======================  TEST CASE FAILED !! ======================

    Embedding screenshot [image/png 7853 bytes]

[INFO ] 2024-12-09 21:58:25.399 [TestNG-PoolService-2] Hooks - ======================  Screenshot is captured  ======================
[INFO ] 2024-12-09 21:58:25.399 [TestNG-PoolService-3] Hooks - ======================  New Test Execution is STARTED!! ======================
[INFO ] 2024-12-09 21:58:25.401 [TestNG-PoolService-2] Hooks - ======================  Test Execution is completed!! ======================
]]></system-out>
    <system-err><![CDATA[Dec 09, 2024 9:58:25 PM org.openqa.selenium.devtools.CdpVersionFinder findNearestMatch
WARNING: Unable to find an exact match for CDP version 131, returning the closest version; found: 130; Please update to a Selenium version that supports CDP version 131
]]></system-err>
  </testcase>
  <testcase name="runScenario[&quot;LL_Try Here Editor page with valid data&quot;, &quot;Linked List&quot;](60)" classname="TestRunners.TestRunner" time="2.678">
    <failure message="element not interactable&#10;  (Session info: MicrosoftEdge=131.0.2903.86)&#10;Build info: version: &apos;4.26.0&apos;, revision: &apos;8ccf0219d7&apos;&#10;System info: os.name: &apos;Windows 11&apos;, os.arch: &apos;amd64&apos;, os.version: &apos;10.0&apos;, java.version: &apos;21.0.5&apos;&#10;Driver info: org.openqa.selenium.edge.EdgeDriver&#10;Command: [3bf0ea0ddcc421c3ea650e96536d30c6, sendKeysToElement {value=[Ljava.lang.CharSequence;@74250b72, id=f.213A5A0867E3ADF8151C05FE519547A8.d.071AB784490E829121ECE2CC2FA20B84.e.39}]&#10;Capabilities {acceptInsecureCerts: false, browserName: MicrosoftEdge, browserVersion: 131.0.2903.86, fedcm:accounts: true, ms:edgeOptions: {debuggerAddress: localhost:61186}, msedge: {msedgedriverVersion: 131.0.2903.86 (cf5bf303997c..., userDataDir: C:\Users\vamsh\AppData\Loca...}, networkConnectionEnabled: false, pageLoadStrategy: normal, platformName: windows, proxy: Proxy(), se:cdp: ws://localhost:61186/devtoo..., se:cdpVersion: 131.0.2903.86, setWindowRect: true, strictFileInteractability: false, timeouts: {implicit: 0, pageLoad: 300000, script: 30000}, unhandledPromptBehavior: dismiss and notify, webauthn:extension:credBlob: true, webauthn:extension:largeBlob: true, webauthn:extension:minPinLength: true, webauthn:extension:prf: true, webauthn:virtualAuthenticators: true}&#10;Element: [[EdgeDriver: MicrosoftEdge on windows (3bf0ea0ddcc421c3ea650e96536d30c6)] -&gt; css selector: .CodeMirror textarea]&#10;Session ID: 3bf0ea0ddcc421c3ea650e96536d30c6" type="org.openqa.selenium.ElementNotInteractableException"><![CDATA[org.openqa.selenium.ElementNotInteractableException: 
element not interactable
  (Session info: MicrosoftEdge=131.0.2903.86)
Build info: version: '4.26.0', revision: '8ccf0219d7'
System info: os.name: 'Windows 11', os.arch: 'amd64', os.version: '10.0', java.version: '21.0.5'
Driver info: org.openqa.selenium.edge.EdgeDriver
Command: [3bf0ea0ddcc421c3ea650e96536d30c6, sendKeysToElement {value=[Ljava.lang.CharSequence;@74250b72, id=f.213A5A0867E3ADF8151C05FE519547A8.d.071AB784490E829121ECE2CC2FA20B84.e.39}]
Capabilities {acceptInsecureCerts: false, browserName: MicrosoftEdge, browserVersion: 131.0.2903.86, fedcm:accounts: true, ms:edgeOptions: {debuggerAddress: localhost:61186}, msedge: {msedgedriverVersion: 131.0.2903.86 (cf5bf303997c..., userDataDir: C:\Users\vamsh\AppData\Loca...}, networkConnectionEnabled: false, pageLoadStrategy: normal, platformName: windows, proxy: Proxy(), se:cdp: ws://localhost:61186/devtoo..., se:cdpVersion: 131.0.2903.86, setWindowRect: true, strictFileInteractability: false, timeouts: {implicit: 0, pageLoad: 300000, script: 30000}, unhandledPromptBehavior: dismiss and notify, webauthn:extension:credBlob: true, webauthn:extension:largeBlob: true, webauthn:extension:minPinLength: true, webauthn:extension:prf: true, webauthn:virtualAuthenticators: true}
Element: [[EdgeDriver: MicrosoftEdge on windows (3bf0ea0ddcc421c3ea650e96536d30c6)] -> css selector: .CodeMirror textarea]
Session ID: 3bf0ea0ddcc421c3ea650e96536d30c6
]]></failure>
    <system-out><![CDATA[
Scenario: Linked List home page                                        &amp#27;[90m# src/test/resources/Features/LinkedList.feature:97&amp#27;[0m
[INFO ] 2024-12-09 22:22:02.542 [TestNG-PoolService-2] Hooks - ======================  New Test Execution is STARTED!! ======================
  &amp#27;[32mGiven &amp#27;[0m&amp#27;[32mThe user is on the Types of Linked List page&amp#27;[0m                  &amp#27;[90m# StepDefinitions.LinkedList.the_user_is_on_the_types_of_linked_list_page()&amp#27;[0m
  &amp#27;[32mWhen &amp#27;[0m&amp#27;[32mThe user clicks Try Here button&amp#27;[0m                                &amp#27;[90m# StepDefinitions.Tree.the_user_clicks_try_here_button()&amp#27;[0m
  &amp#27;[31mWhen &amp#27;[0m&amp#27;[31mThe user writes the valid python code and clicks on Run button&amp#27;[0m &amp#27;[90m# StepDefinitions.Tree.the_user_writes_the_valid_python_code_and_clicks_on_run_button()&amp#27;[0m
      &amp#27;[31morg.openqa.selenium.ElementNotInteractableException: element not interactable
  (Session info: MicrosoftEdge=131.0.2903.86)
Build info: version: '4.26.0', revision: '8ccf0219d7'
System info: os.name: 'Windows 11', os.arch: 'amd64', os.version: '10.0', java.version: '21.0.5'
Driver info: org.openqa.selenium.edge.EdgeDriver
Command: [3bf0ea0ddcc421c3ea650e96536d30c6, sendKeysToElement {value=[Ljava.lang.CharSequence;@74250b72, id=f.213A5A0867E3ADF8151C05FE519547A8.d.071AB784490E829121ECE2CC2FA20B84.e.39}]
Capabilities {acceptInsecureCerts: false, browserName: MicrosoftEdge, browserVersion: 131.0.2903.86, fedcm:accounts: true, ms:edgeOptions: {debuggerAddress: localhost:61186}, msedge: {msedgedriverVersion: 131.0.2903.86 (cf5bf303997c..., userDataDir: C:\Users\vamsh\AppData\Loca...}, networkConnectionEnabled: false, pageLoadStrategy: normal, platformName: windows, proxy: Proxy(), se:cdp: ws://localhost:61186/devtoo..., se:cdpVersion: 131.0.2903.86, setWindowRect: true, strictFileInteractability: false, timeouts: {implicit: 0, pageLoad: 300000, script: 30000}, unhandledPromptBehavior: dismiss and notify, webauthn:extension:credBlob: true, webauthn:extension:largeBlob: true, webauthn:extension:minPinLength: true, webauthn:extension:prf: true, webauthn:virtualAuthenticators: true}
Element: [[EdgeDriver: MicrosoftEdge on windows (3bf0ea0ddcc421c3ea650e96536d30c6)] -> css selector: .CodeMirror textarea]
Session ID: 3bf0ea0ddcc421c3ea650e96536d30c6
	at java.base/jdk.internal.reflect.DirectConstructorHandleAccessor.newInstance(DirectConstructorHandleAccessor.java:62)
	at java.base/java.lang.reflect.Constructor.newInstanceWithCaller(Constructor.java:502)
	at java.base/java.lang.reflect.Constructor.newInstance(Constructor.java:486)
	at org.openqa.selenium.remote.ErrorCodec.decode(ErrorCodec.java:167)
	at org.openqa.selenium.remote.codec.w3c.W3CHttpResponseCodec.decode(W3CHttpResponseCodec.java:138)
	at org.openqa.selenium.remote.codec.w3c.W3CHttpResponseCodec.decode(W3CHttpResponseCodec.java:50)
	at org.openqa.selenium.remote.HttpCommandExecutor.execute(HttpCommandExecutor.java:190)
	at org.openqa.selenium.remote.service.DriverCommandExecutor.invokeExecute(DriverCommandExecutor.java:216)
	at org.openqa.selenium.remote.service.DriverCommandExecutor.execute(DriverCommandExecutor.java:174)
	at org.openqa.selenium.remote.RemoteWebDriver.execute(RemoteWebDriver.java:545)
	at org.openqa.selenium.remote.RemoteWebElement.execute(RemoteWebElement.java:223)
	at org.openqa.selenium.remote.RemoteWebElement.sendKeys(RemoteWebElement.java:110)
	at PageObjects.TreePage.writeInTryEditorWindow(TreePage.java:357)
	at StepDefinitions.Tree.the_user_writes_the_valid_python_code_and_clicks_on_run_button(Tree.java:85)
	at ✽.The user writes the valid python code and clicks on Run button(file:///C:/Projects/Repo1/src/test/resources/Features/LinkedList.feature:88)
&amp#27;[0m
  &amp#27;[36mThen &amp#27;[0m&amp#27;[36mThe user is able to see the output inside the console.&amp#27;[0m         &amp#27;[90m# StepDefinitions.Tree.the_user_is_able_to_see_the_output_inside_the_console()&amp#27;[0m
[ERROR] 2024-12-09 22:22:03.460 [TestNG-PoolService-3] Hooks - ======================  TEST CASE FAILED !! ======================

    Embedding screenshot [image/png 7890 bytes]

[INFO ] 2024-12-09 22:22:03.617 [TestNG-PoolService-3] Hooks - ======================  Screenshot is captured  ======================
[INFO ] 2024-12-09 22:22:03.618 [TestNG-PoolService-3] Hooks - ======================  Test Execution is completed!! ======================
]]></system-out>
    <system-err><![CDATA[Dec 09, 2024 10:22:02 PM org.openqa.selenium.devtools.CdpVersionFinder findNearestMatch
WARNING: Unable to find an exact match for CDP version 131, returning the closest version; found: 130; Please update to a Selenium version that supports CDP version 131
]]></system-err>
  </testcase>
  <testcase name="runScenario[&quot;LL_Try Here Editor page with invalid data&quot;, &quot;Linked List&quot;](61)" classname="TestRunners.TestRunner" time="3.993">
    <failure message="element not interactable&#10;  (Session info: chrome=131.0.6778.109)&#10;Build info: version: &apos;4.26.0&apos;, revision: &apos;8ccf0219d7&apos;&#10;System info: os.name: &apos;Windows 11&apos;, os.arch: &apos;amd64&apos;, os.version: &apos;10.0&apos;, java.version: &apos;21.0.5&apos;&#10;Driver info: org.openqa.selenium.chrome.ChromeDriver&#10;Command: [484bbc0dc1e2bc3c0fd6d7aa1170dccf, sendKeysToElement {value=[Ljava.lang.CharSequence;@2a9ef26e, id=f.F1AE73CF9454B6E28ABF25035950FB4D.d.26B7027F8411112EC0541B66BA7E0CE5.e.55}]&#10;Capabilities {acceptInsecureCerts: false, browserName: chrome, browserVersion: 131.0.6778.109, chrome: {chromedriverVersion: 131.0.6778.87 (ce31cae94873..., userDataDir: C:\Users\vamsh\AppData\Loca...}, fedcm:accounts: true, goog:chromeOptions: {debuggerAddress: localhost:58981}, networkConnectionEnabled: false, pageLoadStrategy: normal, platformName: windows, proxy: Proxy(), se:cdp: ws://localhost:58981/devtoo..., se:cdpVersion: 131.0.6778.109, setWindowRect: true, strictFileInteractability: false, timeouts: {implicit: 0, pageLoad: 300000, script: 30000}, unhandledPromptBehavior: dismiss and notify, webauthn:extension:credBlob: true, webauthn:extension:largeBlob: true, webauthn:extension:minPinLength: true, webauthn:extension:prf: true, webauthn:virtualAuthenticators: true}&#10;Element: [[ChromeDriver: chrome on windows (484bbc0dc1e2bc3c0fd6d7aa1170dccf)] -&gt; css selector: .CodeMirror textarea]&#10;Session ID: 484bbc0dc1e2bc3c0fd6d7aa1170dccf" type="org.openqa.selenium.ElementNotInteractableException"><![CDATA[org.openqa.selenium.ElementNotInteractableException: 
element not interactable
  (Session info: chrome=131.0.6778.109)
Build info: version: '4.26.0', revision: '8ccf0219d7'
System info: os.name: 'Windows 11', os.arch: 'amd64', os.version: '10.0', java.version: '21.0.5'
Driver info: org.openqa.selenium.chrome.ChromeDriver
Command: [484bbc0dc1e2bc3c0fd6d7aa1170dccf, sendKeysToElement {value=[Ljava.lang.CharSequence;@2a9ef26e, id=f.F1AE73CF9454B6E28ABF25035950FB4D.d.26B7027F8411112EC0541B66BA7E0CE5.e.55}]
Capabilities {acceptInsecureCerts: false, browserName: chrome, browserVersion: 131.0.6778.109, chrome: {chromedriverVersion: 131.0.6778.87 (ce31cae94873..., userDataDir: C:\Users\vamsh\AppData\Loca...}, fedcm:accounts: true, goog:chromeOptions: {debuggerAddress: localhost:58981}, networkConnectionEnabled: false, pageLoadStrategy: normal, platformName: windows, proxy: Proxy(), se:cdp: ws://localhost:58981/devtoo..., se:cdpVersion: 131.0.6778.109, setWindowRect: true, strictFileInteractability: false, timeouts: {implicit: 0, pageLoad: 300000, script: 30000}, unhandledPromptBehavior: dismiss and notify, webauthn:extension:credBlob: true, webauthn:extension:largeBlob: true, webauthn:extension:minPinLength: true, webauthn:extension:prf: true, webauthn:virtualAuthenticators: true}
Element: [[ChromeDriver: chrome on windows (484bbc0dc1e2bc3c0fd6d7aa1170dccf)] -> css selector: .CodeMirror textarea]
Session ID: 484bbc0dc1e2bc3c0fd6d7aa1170dccf
]]></failure>
    <system-out><![CDATA[
Scenario: Implement Linked List in Python                            &amp#27;[90m# src/test/resources/Features/LinkedList.feature:102&amp#27;[0m
  &amp#27;[32mGiven &amp#27;[0m&amp#27;[32mThe user is on the DS Introduction page as signedIn&amp#27;[0m             &amp#27;[90m# StepDefinitions.DSIntroductionDetails.the_user_is_on_the_ds_introduction_page_as_signed_in()&amp#27;[0m
[INFO ] 2024-12-09 21:58:27.501 [TestNG-PoolService-2] Hooks - ======================  New Test Execution is STARTED!! ======================
  &amp#27;[32mAnd &amp#27;[0m&amp#27;[32mUser clicks on Get Started button from Linked List panel&amp#27;[0m          &amp#27;[90m# StepDefinitions.LinkedList.user_clicks_on_get_started_button_from_linked_list_panel()&amp#27;[0m
  &amp#27;[32mGiven &amp#27;[0m&amp#27;[32mThe user is on the Types of Linked List page&amp#27;[0m                    &amp#27;[90m# StepDefinitions.LinkedList.the_user_is_on_the_types_of_linked_list_page()&amp#27;[0m
  &amp#27;[32mGiven &amp#27;[0m&amp#27;[32mThe user is on the DS Introduction page as signedIn&amp#27;[0m            &amp#27;[90m# StepDefinitions.DSIntroductionDetails.the_user_is_on_the_ds_introduction_page_as_signed_in()&amp#27;[0m
  &amp#27;[32mAnd &amp#27;[0m&amp#27;[32mUser clicks on Get Started button from Linked List panel&amp#27;[0m         &amp#27;[90m# StepDefinitions.LinkedList.user_clicks_on_get_started_button_from_linked_list_panel()&amp#27;[0m
  &amp#27;[32mWhen &amp#27;[0m&amp#27;[32mThe user clicks Try Here button&amp#27;[0m                                  &amp#27;[90m# StepDefinitions.Tree.the_user_clicks_try_here_button()&amp#27;[0m
  &amp#27;[32mGiven &amp#27;[0m&amp#27;[32mThe user is on the Types of Linked List page&amp#27;[0m                   &amp#27;[90m# StepDefinitions.LinkedList.the_user_is_on_the_types_of_linked_list_page()&amp#27;[0m
  &amp#27;[31mWhen &amp#27;[0m&amp#27;[31mThe user writes the invalid python code and clicks on Run button&amp#27;[0m &amp#27;[90m# StepDefinitions.Tree.the_user_writes_the_invalid_python_code_and_clicks_on_run_button()&amp#27;[0m
      &amp#27;[31morg.openqa.selenium.ElementNotInteractableException: element not interactable
  (Session info: chrome=131.0.6778.109)
Build info: version: '4.26.0', revision: '8ccf0219d7'
System info: os.name: 'Windows 11', os.arch: 'amd64', os.version: '10.0', java.version: '21.0.5'
Driver info: org.openqa.selenium.chrome.ChromeDriver
Command: [484bbc0dc1e2bc3c0fd6d7aa1170dccf, sendKeysToElement {value=[Ljava.lang.CharSequence;@2a9ef26e, id=f.F1AE73CF9454B6E28ABF25035950FB4D.d.26B7027F8411112EC0541B66BA7E0CE5.e.55}]
Capabilities {acceptInsecureCerts: false, browserName: chrome, browserVersion: 131.0.6778.109, chrome: {chromedriverVersion: 131.0.6778.87 (ce31cae94873..., userDataDir: C:\Users\vamsh\AppData\Loca...}, fedcm:accounts: true, goog:chromeOptions: {debuggerAddress: localhost:58981}, networkConnectionEnabled: false, pageLoadStrategy: normal, platformName: windows, proxy: Proxy(), se:cdp: ws://localhost:58981/devtoo..., se:cdpVersion: 131.0.6778.109, setWindowRect: true, strictFileInteractability: false, timeouts: {implicit: 0, pageLoad: 300000, script: 30000}, unhandledPromptBehavior: dismiss and notify, webauthn:extension:credBlob: true, webauthn:extension:largeBlob: true, webauthn:extension:minPinLength: true, webauthn:extension:prf: true, webauthn:virtualAuthenticators: true}
Element: [[ChromeDriver: chrome on windows (484bbc0dc1e2bc3c0fd6d7aa1170dccf)] -> css selector: .CodeMirror textarea]
Session ID: 484bbc0dc1e2bc3c0fd6d7aa1170dccf
	at java.base/jdk.internal.reflect.DirectConstructorHandleAccessor.newInstance(DirectConstructorHandleAccessor.java:62)
	at java.base/java.lang.reflect.Constructor.newInstanceWithCaller(Constructor.java:502)
	at java.base/java.lang.reflect.Constructor.newInstance(Constructor.java:486)
	at org.openqa.selenium.remote.ErrorCodec.decode(ErrorCodec.java:167)
	at org.openqa.selenium.remote.codec.w3c.W3CHttpResponseCodec.decode(W3CHttpResponseCodec.java:138)
	at org.openqa.selenium.remote.codec.w3c.W3CHttpResponseCodec.decode(W3CHttpResponseCodec.java:50)
	at org.openqa.selenium.remote.HttpCommandExecutor.execute(HttpCommandExecutor.java:190)
	at org.openqa.selenium.remote.service.DriverCommandExecutor.invokeExecute(DriverCommandExecutor.java:216)
	at org.openqa.selenium.remote.service.DriverCommandExecutor.execute(DriverCommandExecutor.java:174)
	at org.openqa.selenium.remote.RemoteWebDriver.execute(RemoteWebDriver.java:545)
	at org.openqa.selenium.remote.RemoteWebElement.execute(RemoteWebElement.java:223)
	at org.openqa.selenium.remote.RemoteWebElement.sendKeys(RemoteWebElement.java:110)
	at PageObjects.TreePage.writeInTryEditorWindow(TreePage.java:357)
	at StepDefinitions.Tree.the_user_writes_the_invalid_python_code_and_clicks_on_run_button(Tree.java:96)
	at ✽.The user writes the invalid python code and clicks on Run button(file:///C:/Projects/Repo1/src/test/resources/Features/LinkedList.feature:94)
&amp#27;[0m
  &amp#27;[36mThen &amp#27;[0m&amp#27;[36mThe user see error msg in alert window&amp#27;[0m                           &amp#27;[90m# StepDefinitions.Tree.the_user_see_error_msg_in_alert_window()&amp#27;[0m
[ERROR] 2024-12-09 21:58:29.107 [TestNG-PoolService-1] Hooks - ======================  TEST CASE FAILED !! ======================

    Embedding screenshot [image/png 7853 bytes]

[INFO ] 2024-12-09 21:58:29.289 [TestNG-PoolService-1] Hooks - ======================  Screenshot is captured  ======================
[INFO ] 2024-12-09 21:58:29.297 [TestNG-PoolService-1] Hooks - ======================  Test Execution is completed!! ======================
  &amp#27;[32mWhen &amp#27;[0m&amp#27;[32mThe user clicks Implement Linked List in Python link&amp#27;[0m            &amp#27;[90m# StepDefinitions.LinkedList.the_user_clicks_implement_linked_list_in_python_link()&amp#27;[0m
  &amp#27;[32mThen &amp#27;[0m&amp#27;[32mThe user is redirected to Implement Linked List in Python page.&amp#27;[0m &amp#27;[90m# StepDefinitions.LinkedList.the_user_is_redirected_to_implement_linked_list_in_python_page()&amp#27;[0m
[INFO ] 2024-12-09 21:58:29.564 [TestNG-PoolService-3] Hooks - ======================  Test Execution is completed!! ======================
]]></system-out>
    <system-err><![CDATA[Dec 09, 2024 9:58:27 PM org.openqa.selenium.devtools.CdpVersionFinder findNearestMatch
WARNING: Unable to find an exact match for CDP version 131, returning the closest version; found: 130; Please update to a Selenium version that supports CDP version 131
]]></system-err>
  </testcase>
  <testcase name="runScenario[&quot;LL_Try Here Editor page with invalid data&quot;, &quot;Linked List&quot;](61)" classname="TestRunners.TestRunner" time="6.097">
    <failure message="element not interactable&#10;  (Session info: MicrosoftEdge=131.0.2903.86)&#10;Build info: version: &apos;4.26.0&apos;, revision: &apos;8ccf0219d7&apos;&#10;System info: os.name: &apos;Windows 11&apos;, os.arch: &apos;amd64&apos;, os.version: &apos;10.0&apos;, java.version: &apos;21.0.5&apos;&#10;Driver info: org.openqa.selenium.edge.EdgeDriver&#10;Command: [08a6b55d8ba6d3c3de4b9d2eb65e6435, sendKeysToElement {value=[Ljava.lang.CharSequence;@4a5f708f, id=f.233345442856F71B9C056DCED328FA19.d.F9C351E24D8FF2BE1936E2F796EFBED2.e.40}]&#10;Capabilities {acceptInsecureCerts: false, browserName: MicrosoftEdge, browserVersion: 131.0.2903.86, fedcm:accounts: true, ms:edgeOptions: {debuggerAddress: localhost:61239}, msedge: {msedgedriverVersion: 131.0.2903.86 (cf5bf303997c..., userDataDir: C:\Users\vamsh\AppData\Loca...}, networkConnectionEnabled: false, pageLoadStrategy: normal, platformName: windows, proxy: Proxy(), se:cdp: ws://localhost:61239/devtoo..., se:cdpVersion: 131.0.2903.86, setWindowRect: true, strictFileInteractability: false, timeouts: {implicit: 0, pageLoad: 300000, script: 30000}, unhandledPromptBehavior: dismiss and notify, webauthn:extension:credBlob: true, webauthn:extension:largeBlob: true, webauthn:extension:minPinLength: true, webauthn:extension:prf: true, webauthn:virtualAuthenticators: true}&#10;Element: [[EdgeDriver: MicrosoftEdge on windows (08a6b55d8ba6d3c3de4b9d2eb65e6435)] -&gt; css selector: .CodeMirror textarea]&#10;Session ID: 08a6b55d8ba6d3c3de4b9d2eb65e6435" type="org.openqa.selenium.ElementNotInteractableException"><![CDATA[org.openqa.selenium.ElementNotInteractableException: 
element not interactable
  (Session info: MicrosoftEdge=131.0.2903.86)
Build info: version: '4.26.0', revision: '8ccf0219d7'
System info: os.name: 'Windows 11', os.arch: 'amd64', os.version: '10.0', java.version: '21.0.5'
Driver info: org.openqa.selenium.edge.EdgeDriver
Command: [08a6b55d8ba6d3c3de4b9d2eb65e6435, sendKeysToElement {value=[Ljava.lang.CharSequence;@4a5f708f, id=f.233345442856F71B9C056DCED328FA19.d.F9C351E24D8FF2BE1936E2F796EFBED2.e.40}]
Capabilities {acceptInsecureCerts: false, browserName: MicrosoftEdge, browserVersion: 131.0.2903.86, fedcm:accounts: true, ms:edgeOptions: {debuggerAddress: localhost:61239}, msedge: {msedgedriverVersion: 131.0.2903.86 (cf5bf303997c..., userDataDir: C:\Users\vamsh\AppData\Loca...}, networkConnectionEnabled: false, pageLoadStrategy: normal, platformName: windows, proxy: Proxy(), se:cdp: ws://localhost:61239/devtoo..., se:cdpVersion: 131.0.2903.86, setWindowRect: true, strictFileInteractability: false, timeouts: {implicit: 0, pageLoad: 300000, script: 30000}, unhandledPromptBehavior: dismiss and notify, webauthn:extension:credBlob: true, webauthn:extension:largeBlob: true, webauthn:extension:minPinLength: true, webauthn:extension:prf: true, webauthn:virtualAuthenticators: true}
Element: [[EdgeDriver: MicrosoftEdge on windows (08a6b55d8ba6d3c3de4b9d2eb65e6435)] -> css selector: .CodeMirror textarea]
Session ID: 08a6b55d8ba6d3c3de4b9d2eb65e6435
]]></failure>
    <system-out><![CDATA[
Scenario: Implement Linked List in Python                            &amp#27;[90m# src/test/resources/Features/LinkedList.feature:102&amp#27;[0m
[INFO ] 2024-12-09 22:22:05.860 [TestNG-PoolService-1] Hooks - ======================  New Test Execution is STARTED!! ======================
  &amp#27;[32mGiven &amp#27;[0m&amp#27;[32mThe user is on the DS Introduction page as signedIn&amp#27;[0m             &amp#27;[90m# StepDefinitions.DSIntroductionDetails.the_user_is_on_the_ds_introduction_page_as_signed_in()&amp#27;[0m
  &amp#27;[32mAnd &amp#27;[0m&amp#27;[32mUser clicks on Get Started button from Linked List panel&amp#27;[0m          &amp#27;[90m# StepDefinitions.LinkedList.user_clicks_on_get_started_button_from_linked_list_panel()&amp#27;[0m
[INFO ] 2024-12-09 22:22:07.970 [TestNG-PoolService-3] Hooks - ======================  New Test Execution is STARTED!! ======================
  &amp#27;[32mGiven &amp#27;[0m&amp#27;[32mThe user is on the Types of Linked List page&amp#27;[0m                    &amp#27;[90m# StepDefinitions.LinkedList.the_user_is_on_the_types_of_linked_list_page()&amp#27;[0m
  &amp#27;[32mWhen &amp#27;[0m&amp#27;[32mThe user clicks Try Here button&amp#27;[0m                                  &amp#27;[90m# StepDefinitions.Tree.the_user_clicks_try_here_button()&amp#27;[0m
  &amp#27;[31mWhen &amp#27;[0m&amp#27;[31mThe user writes the invalid python code and clicks on Run button&amp#27;[0m &amp#27;[90m# StepDefinitions.Tree.the_user_writes_the_invalid_python_code_and_clicks_on_run_button()&amp#27;[0m
      &amp#27;[31morg.openqa.selenium.ElementNotInteractableException: element not interactable
  (Session info: MicrosoftEdge=131.0.2903.86)
Build info: version: '4.26.0', revision: '8ccf0219d7'
System info: os.name: 'Windows 11', os.arch: 'amd64', os.version: '10.0', java.version: '21.0.5'
Driver info: org.openqa.selenium.edge.EdgeDriver
Command: [08a6b55d8ba6d3c3de4b9d2eb65e6435, sendKeysToElement {value=[Ljava.lang.CharSequence;@4a5f708f, id=f.233345442856F71B9C056DCED328FA19.d.F9C351E24D8FF2BE1936E2F796EFBED2.e.40}]
Capabilities {acceptInsecureCerts: false, browserName: MicrosoftEdge, browserVersion: 131.0.2903.86, fedcm:accounts: true, ms:edgeOptions: {debuggerAddress: localhost:61239}, msedge: {msedgedriverVersion: 131.0.2903.86 (cf5bf303997c..., userDataDir: C:\Users\vamsh\AppData\Loca...}, networkConnectionEnabled: false, pageLoadStrategy: normal, platformName: windows, proxy: Proxy(), se:cdp: ws://localhost:61239/devtoo..., se:cdpVersion: 131.0.2903.86, setWindowRect: true, strictFileInteractability: false, timeouts: {implicit: 0, pageLoad: 300000, script: 30000}, unhandledPromptBehavior: dismiss and notify, webauthn:extension:credBlob: true, webauthn:extension:largeBlob: true, webauthn:extension:minPinLength: true, webauthn:extension:prf: true, webauthn:virtualAuthenticators: true}
Element: [[EdgeDriver: MicrosoftEdge on windows (08a6b55d8ba6d3c3de4b9d2eb65e6435)] -> css selector: .CodeMirror textarea]
Session ID: 08a6b55d8ba6d3c3de4b9d2eb65e6435
	at java.base/jdk.internal.reflect.DirectConstructorHandleAccessor.newInstance(DirectConstructorHandleAccessor.java:62)
	at java.base/java.lang.reflect.Constructor.newInstanceWithCaller(Constructor.java:502)
	at java.base/java.lang.reflect.Constructor.newInstance(Constructor.java:486)
	at org.openqa.selenium.remote.ErrorCodec.decode(ErrorCodec.java:167)
	at org.openqa.selenium.remote.codec.w3c.W3CHttpResponseCodec.decode(W3CHttpResponseCodec.java:138)
	at org.openqa.selenium.remote.codec.w3c.W3CHttpResponseCodec.decode(W3CHttpResponseCodec.java:50)
	at org.openqa.selenium.remote.HttpCommandExecutor.execute(HttpCommandExecutor.java:190)
	at org.openqa.selenium.remote.service.DriverCommandExecutor.invokeExecute(DriverCommandExecutor.java:216)
	at org.openqa.selenium.remote.service.DriverCommandExecutor.execute(DriverCommandExecutor.java:174)
	at org.openqa.selenium.remote.RemoteWebDriver.execute(RemoteWebDriver.java:545)
	at org.openqa.selenium.remote.RemoteWebElement.execute(RemoteWebElement.java:223)
	at org.openqa.selenium.remote.RemoteWebElement.sendKeys(RemoteWebElement.java:110)
	at PageObjects.TreePage.writeInTryEditorWindow(TreePage.java:357)
	at StepDefinitions.Tree.the_user_writes_the_invalid_python_code_and_clicks_on_run_button(Tree.java:96)
	at ✽.The user writes the invalid python code and clicks on Run button(file:///C:/Projects/Repo1/src/test/resources/Features/LinkedList.feature:94)
&amp#27;[0m
  &amp#27;[36mThen &amp#27;[0m&amp#27;[36mThe user see error msg in alert window&amp#27;[0m                           &amp#27;[90m# StepDefinitions.Tree.the_user_see_error_msg_in_alert_window()&amp#27;[0m
[ERROR] 2024-12-09 22:22:09.186 [TestNG-PoolService-2] Hooks - ======================  TEST CASE FAILED !! ======================

    Embedding screenshot [image/png 7890 bytes]

[INFO ] 2024-12-09 22:22:09.434 [TestNG-PoolService-2] Hooks - ======================  Screenshot is captured  ======================
[INFO ] 2024-12-09 22:22:09.437 [TestNG-PoolService-2] Hooks - ======================  Test Execution is completed!! ======================
  &amp#27;[32mGiven &amp#27;[0m&amp#27;[32mThe user is on the DS Introduction page as signedIn&amp#27;[0m            &amp#27;[90m# StepDefinitions.DSIntroductionDetails.the_user_is_on_the_ds_introduction_page_as_signed_in()&amp#27;[0m
  &amp#27;[32mAnd &amp#27;[0m&amp#27;[32mUser clicks on Get Started button from Linked List panel&amp#27;[0m         &amp#27;[90m# StepDefinitions.LinkedList.user_clicks_on_get_started_button_from_linked_list_panel()&amp#27;[0m
  &amp#27;[32mGiven &amp#27;[0m&amp#27;[32mThe user is on the DS Introduction page as signedIn&amp#27;[0m          &amp#27;[90m# StepDefinitions.DSIntroductionDetails.the_user_is_on_the_ds_introduction_page_as_signed_in()&amp#27;[0m
  &amp#27;[32mGiven &amp#27;[0m&amp#27;[32mThe user is on the Types of Linked List page&amp#27;[0m                   &amp#27;[90m# StepDefinitions.LinkedList.the_user_is_on_the_types_of_linked_list_page()&amp#27;[0m
  &amp#27;[32mAnd &amp#27;[0m&amp#27;[32mUser clicks on Get Started button from Linked List panel&amp#27;[0m       &amp#27;[90m# StepDefinitions.LinkedList.user_clicks_on_get_started_button_from_linked_list_panel()&amp#27;[0m
  &amp#27;[32mWhen &amp#27;[0m&amp#27;[32mThe user clicks Implement Linked List in Python link&amp#27;[0m            &amp#27;[90m# StepDefinitions.LinkedList.the_user_clicks_implement_linked_list_in_python_link()&amp#27;[0m
  &amp#27;[32mThen &amp#27;[0m&amp#27;[32mThe user is redirected to Implement Linked List in Python page.&amp#27;[0m &amp#27;[90m# StepDefinitions.LinkedList.the_user_is_redirected_to_implement_linked_list_in_python_page()&amp#27;[0m
[INFO ] 2024-12-09 22:22:11.172 [TestNG-PoolService-1] Hooks - ======================  Test Execution is completed!! ======================
]]></system-out>
    <system-err><![CDATA[Dec 09, 2024 10:22:05 PM org.openqa.selenium.devtools.CdpVersionFinder findNearestMatch
WARNING: Unable to find an exact match for CDP version 131, returning the closest version; found: 130; Please update to a Selenium version that supports CDP version 131
Dec 09, 2024 10:22:07 PM org.openqa.selenium.devtools.CdpVersionFinder findNearestMatch
WARNING: Unable to find an exact match for CDP version 131, returning the closest version; found: 130; Please update to a Selenium version that supports CDP version 131
]]></system-err>
  </testcase>
  <testcase name="runScenario[&quot;Linked List home page&quot;, &quot;Linked List&quot;](62)" classname="TestRunners.TestRunner" time="0.11">
    <system-out><![CDATA[
Scenario: LL_Try Here Editor page with empty data                            &amp#27;[90m# src/test/resources/Features/LinkedList.feature:107&amp#27;[0m
]]></system-out>
  </testcase>
  <testcase name="runScenario[&quot;Linked List home page&quot;, &quot;Linked List&quot;](62)" classname="TestRunners.TestRunner" time="1.359">
    <system-out><![CDATA[
Scenario: LL_Try Here Editor page with empty data                            &amp#27;[90m# src/test/resources/Features/LinkedList.feature:107&amp#27;[0m
  &amp#27;[32mGiven &amp#27;[0m&amp#27;[32mThe user is on the Implement Linked List in Python page&amp#27;[0m      &amp#27;[90m# StepDefinitions.LinkedList.the_user_is_on_the_implement_linked_list_in_python_page()&amp#27;[0m
  &amp#27;[32mWhen &amp#27;[0m&amp#27;[32mThe user clicks Try Here button&amp#27;[0m                               &amp#27;[90m# StepDefinitions.Tree.the_user_clicks_try_here_button()&amp#27;[0m
  &amp#27;[32mThen &amp#27;[0m&amp#27;[32mThe user is redirected to a page having Editor and run button&amp#27;[0m &amp#27;[90m# StepDefinitions.Tree.the_user_is_redirected_to_a_page_having_editor_and_run_button()&amp#27;[0m
[INFO ] 2024-12-09 22:22:12.200 [TestNG-PoolService-3] Hooks - ======================  Test Execution is completed!! ======================
]]></system-out>
  </testcase>
  <testcase name="runScenario[&quot;Implement Linked List in Python&quot;, &quot;Linked List&quot;](63)" classname="TestRunners.TestRunner" time="3.083">
    <system-out><![CDATA[
Scenario: LL_Try Here Editor page with valid data                     &amp#27;[90m# src/test/resources/Features/LinkedList.feature:113&amp#27;[0m
  &amp#27;[32mGiven &amp#27;[0m&amp#27;[32mThe user is on the DS Introduction page as signedIn&amp#27;[0m          &amp#27;[90m# StepDefinitions.DSIntroductionDetails.the_user_is_on_the_ds_introduction_page_as_signed_in()&amp#27;[0m
  &amp#27;[32mAnd &amp#27;[0m&amp#27;[32mUser clicks on Get Started button from Linked List panel&amp#27;[0m       &amp#27;[90m# StepDefinitions.LinkedList.user_clicks_on_get_started_button_from_linked_list_panel()&amp#27;[0m
[INFO ] 2024-12-09 21:58:31.514 [TestNG-PoolService-1] Hooks - ======================  New Test Execution is STARTED!! ======================
[INFO ] 2024-12-09 21:58:31.734 [TestNG-PoolService-3] Hooks - ======================  New Test Execution is STARTED!! ======================
  &amp#27;[32mGiven &amp#27;[0m&amp#27;[32mThe user is on the Implement Linked List in Python page&amp#27;[0m      &amp#27;[90m# StepDefinitions.LinkedList.the_user_is_on_the_implement_linked_list_in_python_page()&amp#27;[0m
  &amp#27;[32mWhen &amp#27;[0m&amp#27;[32mThe user clicks Try Here button&amp#27;[0m                               &amp#27;[90m# StepDefinitions.Tree.the_user_clicks_try_here_button()&amp#27;[0m
  &amp#27;[32mThen &amp#27;[0m&amp#27;[32mThe user is redirected to a page having Editor and run button&amp#27;[0m &amp#27;[90m# StepDefinitions.Tree.the_user_is_redirected_to_a_page_having_editor_and_run_button()&amp#27;[0m
[INFO ] 2024-12-09 21:58:32.642 [TestNG-PoolService-2] Hooks - ======================  Test Execution is completed!! ======================
]]></system-out>
    <system-err><![CDATA[Dec 09, 2024 9:58:31 PM org.openqa.selenium.devtools.CdpVersionFinder findNearestMatch
WARNING: Unable to find an exact match for CDP version 131, returning the closest version; found: 130; Please update to a Selenium version that supports CDP version 131
Dec 09, 2024 9:58:31 PM org.openqa.selenium.devtools.CdpVersionFinder findNearestMatch
WARNING: Unable to find an exact match for CDP version 131, returning the closest version; found: 130; Please update to a Selenium version that supports CDP version 131
]]></system-err>
  </testcase>
  <testcase name="runScenario[&quot;Implement Linked List in Python&quot;, &quot;Linked List&quot;](63)" classname="TestRunners.TestRunner" time="0.35">
    <system-out><![CDATA[
Scenario: LL_Try Here Editor page with valid data                     &amp#27;[90m# src/test/resources/Features/LinkedList.feature:113&amp#27;[0m
]]></system-out>
  </testcase>
  <testcase name="runScenario[&quot;Implement Linked List in Python&quot;, &quot;Linked List&quot;](63)" classname="TestRunners.TestRunner" time="1.009">
    <system-out><![CDATA[
Scenario: LL_Try Here Editor page with valid data                     &amp#27;[90m# src/test/resources/Features/LinkedList.feature:113&amp#27;[0m
]]></system-out>
  </testcase>
  <testcase name="runScenario[&quot;LL_Try Here Editor page with empty data&quot;, &quot;Linked List&quot;](64)" classname="TestRunners.TestRunner" time="3.821">
    <system-out><![CDATA[
Scenario: LL_Try Here Editor page with invalid data                     &amp#27;[90m# src/test/resources/Features/LinkedList.feature:119&amp#27;[0m
  &amp#27;[32mGiven &amp#27;[0m&amp#27;[32mThe user is on the DS Introduction page as signedIn&amp#27;[0m                  &amp#27;[90m# StepDefinitions.DSIntroductionDetails.the_user_is_on_the_ds_introduction_page_as_signed_in()&amp#27;[0m
[INFO ] 2024-12-09 21:58:34.563 [TestNG-PoolService-2] Hooks - ======================  New Test Execution is STARTED!! ======================
  &amp#27;[32mAnd &amp#27;[0m&amp#27;[32mUser clicks on Get Started button from Linked List panel&amp#27;[0m               &amp#27;[90m# StepDefinitions.LinkedList.user_clicks_on_get_started_button_from_linked_list_panel()&amp#27;[0m
  &amp#27;[32mGiven &amp#27;[0m&amp#27;[32mThe user is on the Implement Linked List in Python page&amp#27;[0m              &amp#27;[90m# StepDefinitions.LinkedList.the_user_is_on_the_implement_linked_list_in_python_page()&amp#27;[0m
  &amp#27;[32mGiven &amp#27;[0m&amp#27;[32mThe user is on the DS Introduction page as signedIn&amp#27;[0m           &amp#27;[90m# StepDefinitions.DSIntroductionDetails.the_user_is_on_the_ds_introduction_page_as_signed_in()&amp#27;[0m
  &amp#27;[32mAnd &amp#27;[0m&amp#27;[32mUser clicks on Get Started button from Linked List panel&amp#27;[0m        &amp#27;[90m# StepDefinitions.LinkedList.user_clicks_on_get_started_button_from_linked_list_panel()&amp#27;[0m
  &amp#27;[32mAnd &amp#27;[0m&amp#27;[32mThe user clicks Try Here button&amp#27;[0m                                        &amp#27;[90m# StepDefinitions.Tree.the_user_clicks_try_here_button()&amp#27;[0m
  &amp#27;[32mGiven &amp#27;[0m&amp#27;[32mThe user is on the Implement Linked List in Python page&amp#27;[0m       &amp#27;[90m# StepDefinitions.LinkedList.the_user_is_on_the_implement_linked_list_in_python_page()&amp#27;[0m
  &amp#27;[32mWhen &amp#27;[0m&amp#27;[32mThe user writes no code inside editor window and clicks on Run button&amp#27;[0m &amp#27;[90m# StepDefinitions.Tree.the_user_writes_no_code_inside_editor_window_and_clicks_on_run_button()&amp#27;[0m
  &amp#27;[32mThen &amp#27;[0m&amp#27;[32mNothing happens to the Editor page and no error message is displayed&amp#27;[0m  &amp#27;[90m# StepDefinitions.Tree.nothing_happens_to_the_editor_page_and_no_error_message_is_displayed()&amp#27;[0m
[INFO ] 2024-12-09 21:58:36.453 [TestNG-PoolService-1] Hooks - ======================  Test Execution is completed!! ======================
]]></system-out>
    <system-err><![CDATA[Dec 09, 2024 9:58:34 PM org.openqa.selenium.devtools.CdpVersionFinder findNearestMatch
WARNING: Unable to find an exact match for CDP version 131, returning the closest version; found: 130; Please update to a Selenium version that supports CDP version 131
]]></system-err>
  </testcase>
  <testcase name="runScenario[&quot;LL_Try Here Editor page with empty data&quot;, &quot;Linked List&quot;](64)" classname="TestRunners.TestRunner" time="10.199">
    <system-out><![CDATA[
Scenario: LL_Try Here Editor page with invalid data                     &amp#27;[90m# src/test/resources/Features/LinkedList.feature:119&amp#27;[0m
[INFO ] 2024-12-09 22:08:37.338 [TestNG-PoolService-3] Hooks - ======================  New Test Execution is STARTED!! ======================
  &amp#27;[32mGiven &amp#27;[0m&amp#27;[32mThe user is on the DS Introduction page as signedIn&amp#27;[0m                  &amp#27;[90m# StepDefinitions.DSIntroductionDetails.the_user_is_on_the_ds_introduction_page_as_signed_in()&amp#27;[0m
  &amp#27;[32mAnd &amp#27;[0m&amp#27;[32mUser clicks on Get Started button from Linked List panel&amp#27;[0m               &amp#27;[90m# StepDefinitions.LinkedList.user_clicks_on_get_started_button_from_linked_list_panel()&amp#27;[0m
  &amp#27;[32mGiven &amp#27;[0m&amp#27;[32mThe user is on the Implement Linked List in Python page&amp#27;[0m              &amp#27;[90m# StepDefinitions.LinkedList.the_user_is_on_the_implement_linked_list_in_python_page()&amp#27;[0m
[INFO ] 2024-12-09 22:08:40.508 [TestNG-PoolService-1] Hooks - ======================  New Test Execution is STARTED!! ======================
[INFO ] 2024-12-09 22:08:40.999 [TestNG-PoolService-2] Hooks - ======================  New Test Execution is STARTED!! ======================
  &amp#27;[32mAnd &amp#27;[0m&amp#27;[32mThe user clicks Try Here button&amp#27;[0m                                        &amp#27;[90m# StepDefinitions.Tree.the_user_clicks_try_here_button()&amp#27;[0m
  &amp#27;[32mWhen &amp#27;[0m&amp#27;[32mThe user writes no code inside editor window and clicks on Run button&amp#27;[0m &amp#27;[90m# StepDefinitions.Tree.the_user_writes_no_code_inside_editor_window_and_clicks_on_run_button()&amp#27;[0m
  &amp#27;[32mThen &amp#27;[0m&amp#27;[32mNothing happens to the Editor page and no error message is displayed&amp#27;[0m  &amp#27;[90m# StepDefinitions.Tree.nothing_happens_to_the_editor_page_and_no_error_message_is_displayed()&amp#27;[0m
[INFO ] 2024-12-09 22:08:42.396 [TestNG-PoolService-3] Hooks - ======================  Test Execution is completed!! ======================
  &amp#27;[32mGiven &amp#27;[0m&amp#27;[32mThe user is on the DS Introduction page as signedIn&amp#27;[0m             &amp#27;[90m# StepDefinitions.DSIntroductionDetails.the_user_is_on_the_ds_introduction_page_as_signed_in()&amp#27;[0m
  &amp#27;[32mGiven &amp#27;[0m&amp#27;[32mThe user is on the DS Introduction page as signedIn&amp#27;[0m           &amp#27;[90m# StepDefinitions.DSIntroductionDetails.the_user_is_on_the_ds_introduction_page_as_signed_in()&amp#27;[0m
  &amp#27;[32mAnd &amp#27;[0m&amp#27;[32mUser clicks on Get Started button from Linked List panel&amp#27;[0m          &amp#27;[90m# StepDefinitions.LinkedList.user_clicks_on_get_started_button_from_linked_list_panel()&amp#27;[0m
  &amp#27;[32mAnd &amp#27;[0m&amp#27;[32mUser clicks on Get Started button from Linked List panel&amp#27;[0m        &amp#27;[90m# StepDefinitions.LinkedList.user_clicks_on_get_started_button_from_linked_list_panel()&amp#27;[0m
  &amp#27;[32mGiven &amp#27;[0m&amp#27;[32mThe user is on the Implement Linked List in Python page&amp#27;[0m         &amp#27;[90m# StepDefinitions.LinkedList.the_user_is_on_the_implement_linked_list_in_python_page()&amp#27;[0m
  &amp#27;[32mGiven &amp#27;[0m&amp#27;[32mThe user is on the Implement Linked List in Python page&amp#27;[0m       &amp#27;[90m# StepDefinitions.LinkedList.the_user_is_on_the_implement_linked_list_in_python_page()&amp#27;[0m
]]></system-out>
  </testcase>
  <testcase name="runScenario[&quot;LL_Try Here Editor page with empty data&quot;, &quot;Linked List&quot;](64)" classname="TestRunners.TestRunner" time="8.114">
    <failure message="element not interactable&#10;  (Session info: MicrosoftEdge=131.0.2903.86)&#10;Build info: version: &apos;4.26.0&apos;, revision: &apos;8ccf0219d7&apos;&#10;System info: os.name: &apos;Windows 11&apos;, os.arch: &apos;amd64&apos;, os.version: &apos;10.0&apos;, java.version: &apos;21.0.5&apos;&#10;Driver info: org.openqa.selenium.edge.EdgeDriver&#10;Command: [f89f8db2a25f78dbd48ffa33c0a6b06f, sendKeysToElement {value=[Ljava.lang.CharSequence;@15650bbc, id=f.EEC4E29FE5DC7E08BB4EE96B6EEBBBFF.d.9727B2D3F97EBA9D405F787AFA07F051.e.47}]&#10;Capabilities {acceptInsecureCerts: false, browserName: MicrosoftEdge, browserVersion: 131.0.2903.86, fedcm:accounts: true, ms:edgeOptions: {debuggerAddress: localhost:61388}, msedge: {msedgedriverVersion: 131.0.2903.86 (cf5bf303997c..., userDataDir: C:\Users\vamsh\AppData\Loca...}, networkConnectionEnabled: false, pageLoadStrategy: normal, platformName: windows, proxy: Proxy(), se:cdp: ws://localhost:61388/devtoo..., se:cdpVersion: 131.0.2903.86, setWindowRect: true, strictFileInteractability: false, timeouts: {implicit: 0, pageLoad: 300000, script: 30000}, unhandledPromptBehavior: dismiss and notify, webauthn:extension:credBlob: true, webauthn:extension:largeBlob: true, webauthn:extension:minPinLength: true, webauthn:extension:prf: true, webauthn:virtualAuthenticators: true}&#10;Element: [[EdgeDriver: MicrosoftEdge on windows (f89f8db2a25f78dbd48ffa33c0a6b06f)] -&gt; css selector: .CodeMirror textarea]&#10;Session ID: f89f8db2a25f78dbd48ffa33c0a6b06f" type="org.openqa.selenium.ElementNotInteractableException"><![CDATA[org.openqa.selenium.ElementNotInteractableException: 
element not interactable
  (Session info: MicrosoftEdge=131.0.2903.86)
Build info: version: '4.26.0', revision: '8ccf0219d7'
System info: os.name: 'Windows 11', os.arch: 'amd64', os.version: '10.0', java.version: '21.0.5'
Driver info: org.openqa.selenium.edge.EdgeDriver
Command: [f89f8db2a25f78dbd48ffa33c0a6b06f, sendKeysToElement {value=[Ljava.lang.CharSequence;@15650bbc, id=f.EEC4E29FE5DC7E08BB4EE96B6EEBBBFF.d.9727B2D3F97EBA9D405F787AFA07F051.e.47}]
Capabilities {acceptInsecureCerts: false, browserName: MicrosoftEdge, browserVersion: 131.0.2903.86, fedcm:accounts: true, ms:edgeOptions: {debuggerAddress: localhost:61388}, msedge: {msedgedriverVersion: 131.0.2903.86 (cf5bf303997c..., userDataDir: C:\Users\vamsh\AppData\Loca...}, networkConnectionEnabled: false, pageLoadStrategy: normal, platformName: windows, proxy: Proxy(), se:cdp: ws://localhost:61388/devtoo..., se:cdpVersion: 131.0.2903.86, setWindowRect: true, strictFileInteractability: false, timeouts: {implicit: 0, pageLoad: 300000, script: 30000}, unhandledPromptBehavior: dismiss and notify, webauthn:extension:credBlob: true, webauthn:extension:largeBlob: true, webauthn:extension:minPinLength: true, webauthn:extension:prf: true, webauthn:virtualAuthenticators: true}
Element: [[EdgeDriver: MicrosoftEdge on windows (f89f8db2a25f78dbd48ffa33c0a6b06f)] -> css selector: .CodeMirror textarea]
Session ID: f89f8db2a25f78dbd48ffa33c0a6b06f
]]></failure>
    <system-out><![CDATA[
Scenario: LL_Try Here Editor page with invalid data                     &amp#27;[90m# src/test/resources/Features/LinkedList.feature:119&amp#27;[0m
[INFO ] 2024-12-09 22:22:14.299 [TestNG-PoolService-2] Hooks - ======================  New Test Execution is STARTED!! ======================
[INFO ] 2024-12-09 22:22:15.608 [TestNG-PoolService-1] Hooks - ======================  New Test Execution is STARTED!! ======================
[INFO ] 2024-12-09 22:22:16.743 [TestNG-PoolService-3] Hooks - ======================  New Test Execution is STARTED!! ======================
  &amp#27;[32mGiven &amp#27;[0m&amp#27;[32mThe user is on the DS Introduction page as signedIn&amp#27;[0m                  &amp#27;[90m# StepDefinitions.DSIntroductionDetails.the_user_is_on_the_ds_introduction_page_as_signed_in()&amp#27;[0m
  &amp#27;[32mAnd &amp#27;[0m&amp#27;[32mUser clicks on Get Started button from Linked List panel&amp#27;[0m               &amp#27;[90m# StepDefinitions.LinkedList.user_clicks_on_get_started_button_from_linked_list_panel()&amp#27;[0m
  &amp#27;[32mGiven &amp#27;[0m&amp#27;[32mThe user is on the Implement Linked List in Python page&amp#27;[0m              &amp#27;[90m# StepDefinitions.LinkedList.the_user_is_on_the_implement_linked_list_in_python_page()&amp#27;[0m
  &amp#27;[32mGiven &amp#27;[0m&amp#27;[32mThe user is on the DS Introduction page as signedIn&amp#27;[0m           &amp#27;[90m# StepDefinitions.DSIntroductionDetails.the_user_is_on_the_ds_introduction_page_as_signed_in()&amp#27;[0m
  &amp#27;[32mAnd &amp#27;[0m&amp#27;[32mThe user clicks Try Here button&amp#27;[0m                                        &amp#27;[90m# StepDefinitions.Tree.the_user_clicks_try_here_button()&amp#27;[0m
  &amp#27;[31mWhen &amp#27;[0m&amp#27;[31mThe user writes no code inside editor window and clicks on Run button&amp#27;[0m &amp#27;[90m# StepDefinitions.Tree.the_user_writes_no_code_inside_editor_window_and_clicks_on_run_button()&amp#27;[0m
      &amp#27;[31morg.openqa.selenium.ElementNotInteractableException: element not interactable
  (Session info: MicrosoftEdge=131.0.2903.86)
Build info: version: '4.26.0', revision: '8ccf0219d7'
System info: os.name: 'Windows 11', os.arch: 'amd64', os.version: '10.0', java.version: '21.0.5'
Driver info: org.openqa.selenium.edge.EdgeDriver
Command: [f89f8db2a25f78dbd48ffa33c0a6b06f, sendKeysToElement {value=[Ljava.lang.CharSequence;@15650bbc, id=f.EEC4E29FE5DC7E08BB4EE96B6EEBBBFF.d.9727B2D3F97EBA9D405F787AFA07F051.e.47}]
Capabilities {acceptInsecureCerts: false, browserName: MicrosoftEdge, browserVersion: 131.0.2903.86, fedcm:accounts: true, ms:edgeOptions: {debuggerAddress: localhost:61388}, msedge: {msedgedriverVersion: 131.0.2903.86 (cf5bf303997c..., userDataDir: C:\Users\vamsh\AppData\Loca...}, networkConnectionEnabled: false, pageLoadStrategy: normal, platformName: windows, proxy: Proxy(), se:cdp: ws://localhost:61388/devtoo..., se:cdpVersion: 131.0.2903.86, setWindowRect: true, strictFileInteractability: false, timeouts: {implicit: 0, pageLoad: 300000, script: 30000}, unhandledPromptBehavior: dismiss and notify, webauthn:extension:credBlob: true, webauthn:extension:largeBlob: true, webauthn:extension:minPinLength: true, webauthn:extension:prf: true, webauthn:virtualAuthenticators: true}
Element: [[EdgeDriver: MicrosoftEdge on windows (f89f8db2a25f78dbd48ffa33c0a6b06f)] -> css selector: .CodeMirror textarea]
Session ID: f89f8db2a25f78dbd48ffa33c0a6b06f
	at java.base/jdk.internal.reflect.DirectConstructorHandleAccessor.newInstance(DirectConstructorHandleAccessor.java:62)
	at java.base/java.lang.reflect.Constructor.newInstanceWithCaller(Constructor.java:502)
	at java.base/java.lang.reflect.Constructor.newInstance(Constructor.java:486)
	at org.openqa.selenium.remote.ErrorCodec.decode(ErrorCodec.java:167)
	at org.openqa.selenium.remote.codec.w3c.W3CHttpResponseCodec.decode(W3CHttpResponseCodec.java:138)
	at org.openqa.selenium.remote.codec.w3c.W3CHttpResponseCodec.decode(W3CHttpResponseCodec.java:50)
	at org.openqa.selenium.remote.HttpCommandExecutor.execute(HttpCommandExecutor.java:190)
	at org.openqa.selenium.remote.service.DriverCommandExecutor.invokeExecute(DriverCommandExecutor.java:216)
	at org.openqa.selenium.remote.service.DriverCommandExecutor.execute(DriverCommandExecutor.java:174)
	at org.openqa.selenium.remote.RemoteWebDriver.execute(RemoteWebDriver.java:545)
	at org.openqa.selenium.remote.RemoteWebElement.execute(RemoteWebElement.java:223)
	at org.openqa.selenium.remote.RemoteWebElement.sendKeys(RemoteWebElement.java:110)
	at PageObjects.TreePage.writeInTryEditorWindow(TreePage.java:357)
	at StepDefinitions.Tree.the_user_writes_no_code_inside_editor_window_and_clicks_on_run_button(Tree.java:73)
	at ✽.The user writes no code inside editor window and clicks on Run button(file:///C:/Projects/Repo1/src/test/resources/Features/LinkedList.feature:110)
&amp#27;[0m
  &amp#27;[36mThen &amp#27;[0m&amp#27;[36mNothing happens to the Editor page and no error message is displayed&amp#27;[0m  &amp#27;[90m# StepDefinitions.Tree.nothing_happens_to_the_editor_page_and_no_error_message_is_displayed()&amp#27;[0m
[ERROR] 2024-12-09 22:22:19.892 [TestNG-PoolService-2] Hooks - ======================  TEST CASE FAILED !! ======================

    Embedding screenshot [image/png 7890 bytes]

[INFO ] 2024-12-09 22:22:20.074 [TestNG-PoolService-2] Hooks - ======================  Screenshot is captured  ======================
[INFO ] 2024-12-09 22:22:20.075 [TestNG-PoolService-2] Hooks - ======================  Test Execution is completed!! ======================
  &amp#27;[32mAnd &amp#27;[0m&amp#27;[32mUser clicks on Get Started button from Linked List panel&amp#27;[0m        &amp#27;[90m# StepDefinitions.LinkedList.user_clicks_on_get_started_button_from_linked_list_panel()&amp#27;[0m
  &amp#27;[32mGiven &amp#27;[0m&amp#27;[32mThe user is on the DS Introduction page as signedIn&amp#27;[0m             &amp#27;[90m# StepDefinitions.DSIntroductionDetails.the_user_is_on_the_ds_introduction_page_as_signed_in()&amp#27;[0m
  &amp#27;[32mGiven &amp#27;[0m&amp#27;[32mThe user is on the Implement Linked List in Python page&amp#27;[0m       &amp#27;[90m# StepDefinitions.LinkedList.the_user_is_on_the_implement_linked_list_in_python_page()&amp#27;[0m
  &amp#27;[32mAnd &amp#27;[0m&amp#27;[32mUser clicks on Get Started button from Linked List panel&amp#27;[0m          &amp#27;[90m# StepDefinitions.LinkedList.user_clicks_on_get_started_button_from_linked_list_panel()&amp#27;[0m
  &amp#27;[32mGiven &amp#27;[0m&amp#27;[32mThe user is on the Implement Linked List in Python page&amp#27;[0m         &amp#27;[90m# StepDefinitions.LinkedList.the_user_is_on_the_implement_linked_list_in_python_page()&amp#27;[0m
  &amp#27;[32mAnd &amp#27;[0m&amp#27;[32mThe user clicks Try Here button&amp#27;[0m                                 &amp#27;[90m# StepDefinitions.Tree.the_user_clicks_try_here_button()&amp#27;[0m
  &amp#27;[31mWhen &amp#27;[0m&amp#27;[31mThe user writes the valid python code and clicks on Run button&amp#27;[0m &amp#27;[90m# StepDefinitions.Tree.the_user_writes_the_valid_python_code_and_clicks_on_run_button()&amp#27;[0m
      &amp#27;[31morg.openqa.selenium.ElementNotInteractableException: element not interactable
  (Session info: MicrosoftEdge=131.0.2903.86)
Build info: version: '4.26.0', revision: '8ccf0219d7'
System info: os.name: 'Windows 11', os.arch: 'amd64', os.version: '10.0', java.version: '21.0.5'
Driver info: org.openqa.selenium.edge.EdgeDriver
Command: [0302a58b52c4d79bd8b9ce7db18dd442, sendKeysToElement {value=[Ljava.lang.CharSequence;@1b2ebbe2, id=f.C78DE3783B5A91ED660A8D920F7BADCB.d.A025FE5F52E3D08A6C21A28FB766C1DD.e.37}]
Capabilities {acceptInsecureCerts: false, browserName: MicrosoftEdge, browserVersion: 131.0.2903.86, fedcm:accounts: true, ms:edgeOptions: {debuggerAddress: localhost:61412}, msedge: {msedgedriverVersion: 131.0.2903.86 (cf5bf303997c..., userDataDir: C:\Users\vamsh\AppData\Loca...}, networkConnectionEnabled: false, pageLoadStrategy: normal, platformName: windows, proxy: Proxy(), se:cdp: ws://localhost:61412/devtoo..., se:cdpVersion: 131.0.2903.86, setWindowRect: true, strictFileInteractability: false, timeouts: {implicit: 0, pageLoad: 300000, script: 30000}, unhandledPromptBehavior: dismiss and notify, webauthn:extension:credBlob: true, webauthn:extension:largeBlob: true, webauthn:extension:minPinLength: true, webauthn:extension:prf: true, webauthn:virtualAuthenticators: true}
Element: [[EdgeDriver: MicrosoftEdge on windows (0302a58b52c4d79bd8b9ce7db18dd442)] -> css selector: .CodeMirror textarea]
Session ID: 0302a58b52c4d79bd8b9ce7db18dd442
	at java.base/jdk.internal.reflect.DirectConstructorHandleAccessor.newInstance(DirectConstructorHandleAccessor.java:62)
	at java.base/java.lang.reflect.Constructor.newInstanceWithCaller(Constructor.java:502)
	at java.base/java.lang.reflect.Constructor.newInstance(Constructor.java:486)
	at org.openqa.selenium.remote.ErrorCodec.decode(ErrorCodec.java:167)
	at org.openqa.selenium.remote.codec.w3c.W3CHttpResponseCodec.decode(W3CHttpResponseCodec.java:138)
	at org.openqa.selenium.remote.codec.w3c.W3CHttpResponseCodec.decode(W3CHttpResponseCodec.java:50)
	at org.openqa.selenium.remote.HttpCommandExecutor.execute(HttpCommandExecutor.java:190)
	at org.openqa.selenium.remote.service.DriverCommandExecutor.invokeExecute(DriverCommandExecutor.java:216)
	at org.openqa.selenium.remote.service.DriverCommandExecutor.execute(DriverCommandExecutor.java:174)
	at org.openqa.selenium.remote.RemoteWebDriver.execute(RemoteWebDriver.java:545)
	at org.openqa.selenium.remote.RemoteWebElement.execute(RemoteWebElement.java:223)
	at org.openqa.selenium.remote.RemoteWebElement.sendKeys(RemoteWebElement.java:110)
	at PageObjects.TreePage.writeInTryEditorWindow(TreePage.java:357)
	at StepDefinitions.Tree.the_user_writes_the_valid_python_code_and_clicks_on_run_button(Tree.java:85)
	at ✽.The user writes the valid python code and clicks on Run button(file:///C:/Projects/Repo1/src/test/resources/Features/LinkedList.feature:116)
&amp#27;[0m
  &amp#27;[36mThen &amp#27;[0m&amp#27;[36mThe user is able to see the output inside the console.&amp#27;[0m         &amp#27;[90m# StepDefinitions.Tree.the_user_is_able_to_see_the_output_inside_the_console()&amp#27;[0m
[ERROR] 2024-12-09 22:22:21.293 [TestNG-PoolService-1] Hooks - ======================  TEST CASE FAILED !! ======================

    Embedding screenshot [image/png 7890 bytes]

[INFO ] 2024-12-09 22:22:21.451 [TestNG-PoolService-1] Hooks - ======================  Screenshot is captured  ======================
[INFO ] 2024-12-09 22:22:21.452 [TestNG-PoolService-1] Hooks - ======================  Test Execution is completed!! ======================
]]></system-out>
    <system-err><![CDATA[Dec 09, 2024 10:22:14 PM org.openqa.selenium.devtools.CdpVersionFinder findNearestMatch
WARNING: Unable to find an exact match for CDP version 131, returning the closest version; found: 130; Please update to a Selenium version that supports CDP version 131
Dec 09, 2024 10:22:15 PM org.openqa.selenium.devtools.CdpVersionFinder findNearestMatch
WARNING: Unable to find an exact match for CDP version 131, returning the closest version; found: 130; Please update to a Selenium version that supports CDP version 131
Dec 09, 2024 10:22:16 PM org.openqa.selenium.devtools.CdpVersionFinder findNearestMatch
WARNING: Unable to find an exact match for CDP version 131, returning the closest version; found: 130; Please update to a Selenium version that supports CDP version 131
]]></system-err>
  </testcase>
  <testcase name="runScenario[&quot;LL_Try Here Editor page with valid data&quot;, &quot;Linked List&quot;](65)" classname="TestRunners.TestRunner" time="0.738">
    <failure message="element not interactable&#10;  (Session info: chrome=131.0.6778.109)&#10;Build info: version: &apos;4.26.0&apos;, revision: &apos;8ccf0219d7&apos;&#10;System info: os.name: &apos;Windows 11&apos;, os.arch: &apos;amd64&apos;, os.version: &apos;10.0&apos;, java.version: &apos;21.0.5&apos;&#10;Driver info: org.openqa.selenium.chrome.ChromeDriver&#10;Command: [7599e33481cc043550c3a762ea4a93e7, sendKeysToElement {value=[Ljava.lang.CharSequence;@887d7e0, id=f.9DD791AECD5324BFF37EF429D76A25DA.d.5C873F02916C59EF3264BB2058E7AEAD.e.38}]&#10;Capabilities {acceptInsecureCerts: false, browserName: chrome, browserVersion: 131.0.6778.109, chrome: {chromedriverVersion: 131.0.6778.87 (ce31cae94873..., userDataDir: C:\Users\vamsh\AppData\Loca...}, fedcm:accounts: true, goog:chromeOptions: {debuggerAddress: localhost:59192}, networkConnectionEnabled: false, pageLoadStrategy: normal, platformName: windows, proxy: Proxy(), se:cdp: ws://localhost:59192/devtoo..., se:cdpVersion: 131.0.6778.109, setWindowRect: true, strictFileInteractability: false, timeouts: {implicit: 0, pageLoad: 300000, script: 30000}, unhandledPromptBehavior: dismiss and notify, webauthn:extension:credBlob: true, webauthn:extension:largeBlob: true, webauthn:extension:minPinLength: true, webauthn:extension:prf: true, webauthn:virtualAuthenticators: true}&#10;Element: [[ChromeDriver: chrome on windows (7599e33481cc043550c3a762ea4a93e7)] -&gt; css selector: .CodeMirror textarea]&#10;Session ID: 7599e33481cc043550c3a762ea4a93e7" type="org.openqa.selenium.ElementNotInteractableException"><![CDATA[org.openqa.selenium.ElementNotInteractableException: 
element not interactable
  (Session info: chrome=131.0.6778.109)
Build info: version: '4.26.0', revision: '8ccf0219d7'
System info: os.name: 'Windows 11', os.arch: 'amd64', os.version: '10.0', java.version: '21.0.5'
Driver info: org.openqa.selenium.chrome.ChromeDriver
Command: [7599e33481cc043550c3a762ea4a93e7, sendKeysToElement {value=[Ljava.lang.CharSequence;@887d7e0, id=f.9DD791AECD5324BFF37EF429D76A25DA.d.5C873F02916C59EF3264BB2058E7AEAD.e.38}]
Capabilities {acceptInsecureCerts: false, browserName: chrome, browserVersion: 131.0.6778.109, chrome: {chromedriverVersion: 131.0.6778.87 (ce31cae94873..., userDataDir: C:\Users\vamsh\AppData\Loca...}, fedcm:accounts: true, goog:chromeOptions: {debuggerAddress: localhost:59192}, networkConnectionEnabled: false, pageLoadStrategy: normal, platformName: windows, proxy: Proxy(), se:cdp: ws://localhost:59192/devtoo..., se:cdpVersion: 131.0.6778.109, setWindowRect: true, strictFileInteractability: false, timeouts: {implicit: 0, pageLoad: 300000, script: 30000}, unhandledPromptBehavior: dismiss and notify, webauthn:extension:credBlob: true, webauthn:extension:largeBlob: true, webauthn:extension:minPinLength: true, webauthn:extension:prf: true, webauthn:virtualAuthenticators: true}
Element: [[ChromeDriver: chrome on windows (7599e33481cc043550c3a762ea4a93e7)] -> css selector: .CodeMirror textarea]
Session ID: 7599e33481cc043550c3a762ea4a93e7
]]></failure>
    <system-out><![CDATA[
Scenario: Linked List home page                                 &amp#27;[90m# src/test/resources/Features/LinkedList.feature:125&amp#27;[0m
  &amp#27;[32mAnd &amp#27;[0m&amp#27;[32mThe user clicks Try Here button&amp#27;[0m                                 &amp#27;[90m# StepDefinitions.Tree.the_user_clicks_try_here_button()&amp#27;[0m
  &amp#27;[31mWhen &amp#27;[0m&amp#27;[31mThe user writes the valid python code and clicks on Run button&amp#27;[0m &amp#27;[90m# StepDefinitions.Tree.the_user_writes_the_valid_python_code_and_clicks_on_run_button()&amp#27;[0m
      &amp#27;[31morg.openqa.selenium.ElementNotInteractableException: element not interactable
  (Session info: chrome=131.0.6778.109)
Build info: version: '4.26.0', revision: '8ccf0219d7'
System info: os.name: 'Windows 11', os.arch: 'amd64', os.version: '10.0', java.version: '21.0.5'
Driver info: org.openqa.selenium.chrome.ChromeDriver
Command: [7599e33481cc043550c3a762ea4a93e7, sendKeysToElement {value=[Ljava.lang.CharSequence;@887d7e0, id=f.9DD791AECD5324BFF37EF429D76A25DA.d.5C873F02916C59EF3264BB2058E7AEAD.e.38}]
Capabilities {acceptInsecureCerts: false, browserName: chrome, browserVersion: 131.0.6778.109, chrome: {chromedriverVersion: 131.0.6778.87 (ce31cae94873..., userDataDir: C:\Users\vamsh\AppData\Loca...}, fedcm:accounts: true, goog:chromeOptions: {debuggerAddress: localhost:59192}, networkConnectionEnabled: false, pageLoadStrategy: normal, platformName: windows, proxy: Proxy(), se:cdp: ws://localhost:59192/devtoo..., se:cdpVersion: 131.0.6778.109, setWindowRect: true, strictFileInteractability: false, timeouts: {implicit: 0, pageLoad: 300000, script: 30000}, unhandledPromptBehavior: dismiss and notify, webauthn:extension:credBlob: true, webauthn:extension:largeBlob: true, webauthn:extension:minPinLength: true, webauthn:extension:prf: true, webauthn:virtualAuthenticators: true}
Element: [[ChromeDriver: chrome on windows (7599e33481cc043550c3a762ea4a93e7)] -> css selector: .CodeMirror textarea]
Session ID: 7599e33481cc043550c3a762ea4a93e7
	at java.base/jdk.internal.reflect.DirectConstructorHandleAccessor.newInstance(DirectConstructorHandleAccessor.java:62)
	at java.base/java.lang.reflect.Constructor.newInstanceWithCaller(Constructor.java:502)
	at java.base/java.lang.reflect.Constructor.newInstance(Constructor.java:486)
	at org.openqa.selenium.remote.ErrorCodec.decode(ErrorCodec.java:167)
	at org.openqa.selenium.remote.codec.w3c.W3CHttpResponseCodec.decode(W3CHttpResponseCodec.java:138)
	at org.openqa.selenium.remote.codec.w3c.W3CHttpResponseCodec.decode(W3CHttpResponseCodec.java:50)
	at org.openqa.selenium.remote.HttpCommandExecutor.execute(HttpCommandExecutor.java:190)
	at org.openqa.selenium.remote.service.DriverCommandExecutor.invokeExecute(DriverCommandExecutor.java:216)
	at org.openqa.selenium.remote.service.DriverCommandExecutor.execute(DriverCommandExecutor.java:174)
	at org.openqa.selenium.remote.RemoteWebDriver.execute(RemoteWebDriver.java:545)
	at org.openqa.selenium.remote.RemoteWebElement.execute(RemoteWebElement.java:223)
	at org.openqa.selenium.remote.RemoteWebElement.sendKeys(RemoteWebElement.java:110)
	at PageObjects.TreePage.writeInTryEditorWindow(TreePage.java:357)
	at StepDefinitions.Tree.the_user_writes_the_valid_python_code_and_clicks_on_run_button(Tree.java:85)
	at ✽.The user writes the valid python code and clicks on Run button(file:///C:/Projects/Repo1/src/test/resources/Features/LinkedList.feature:116)
&amp#27;[0m
  &amp#27;[36mThen &amp#27;[0m&amp#27;[36mThe user is able to see the output inside the console.&amp#27;[0m         &amp#27;[90m# StepDefinitions.Tree.the_user_is_able_to_see_the_output_inside_the_console()&amp#27;[0m
[ERROR] 2024-12-09 21:58:37.027 [TestNG-PoolService-3] Hooks - ======================  TEST CASE FAILED !! ======================
  &amp#27;[32mGiven &amp#27;[0m&amp#27;[32mThe user is on the DS Introduction page as signedIn&amp#27;[0m             &amp#27;[90m# StepDefinitions.DSIntroductionDetails.the_user_is_on_the_ds_introduction_page_as_signed_in()&amp#27;[0m

    Embedding screenshot [image/png 7853 bytes]

[INFO ] 2024-12-09 21:58:37.188 [TestNG-PoolService-3] Hooks - ======================  Screenshot is captured  ======================
[INFO ] 2024-12-09 21:58:37.191 [TestNG-PoolService-3] Hooks - ======================  Test Execution is completed!! ======================
  &amp#27;[32mAnd &amp#27;[0m&amp#27;[32mUser clicks on Get Started button from Linked List panel&amp#27;[0m          &amp#27;[90m# StepDefinitions.LinkedList.user_clicks_on_get_started_button_from_linked_list_panel()&amp#27;[0m
]]></system-out>
  </testcase>
  <testcase name="runScenario[&quot;LL_Try Here Editor page with valid data&quot;, &quot;Linked List&quot;](65)" classname="TestRunners.TestRunner" time="1.239">
    <failure message="element not interactable&#10;  (Session info: MicrosoftEdge=131.0.2903.86)&#10;Build info: version: &apos;4.26.0&apos;, revision: &apos;8ccf0219d7&apos;&#10;System info: os.name: &apos;Windows 11&apos;, os.arch: &apos;amd64&apos;, os.version: &apos;10.0&apos;, java.version: &apos;21.0.5&apos;&#10;Driver info: org.openqa.selenium.edge.EdgeDriver&#10;Command: [0302a58b52c4d79bd8b9ce7db18dd442, sendKeysToElement {value=[Ljava.lang.CharSequence;@1b2ebbe2, id=f.C78DE3783B5A91ED660A8D920F7BADCB.d.A025FE5F52E3D08A6C21A28FB766C1DD.e.37}]&#10;Capabilities {acceptInsecureCerts: false, browserName: MicrosoftEdge, browserVersion: 131.0.2903.86, fedcm:accounts: true, ms:edgeOptions: {debuggerAddress: localhost:61412}, msedge: {msedgedriverVersion: 131.0.2903.86 (cf5bf303997c..., userDataDir: C:\Users\vamsh\AppData\Loca...}, networkConnectionEnabled: false, pageLoadStrategy: normal, platformName: windows, proxy: Proxy(), se:cdp: ws://localhost:61412/devtoo..., se:cdpVersion: 131.0.2903.86, setWindowRect: true, strictFileInteractability: false, timeouts: {implicit: 0, pageLoad: 300000, script: 30000}, unhandledPromptBehavior: dismiss and notify, webauthn:extension:credBlob: true, webauthn:extension:largeBlob: true, webauthn:extension:minPinLength: true, webauthn:extension:prf: true, webauthn:virtualAuthenticators: true}&#10;Element: [[EdgeDriver: MicrosoftEdge on windows (0302a58b52c4d79bd8b9ce7db18dd442)] -&gt; css selector: .CodeMirror textarea]&#10;Session ID: 0302a58b52c4d79bd8b9ce7db18dd442" type="org.openqa.selenium.ElementNotInteractableException"><![CDATA[org.openqa.selenium.ElementNotInteractableException: 
element not interactable
  (Session info: MicrosoftEdge=131.0.2903.86)
Build info: version: '4.26.0', revision: '8ccf0219d7'
System info: os.name: 'Windows 11', os.arch: 'amd64', os.version: '10.0', java.version: '21.0.5'
Driver info: org.openqa.selenium.edge.EdgeDriver
Command: [0302a58b52c4d79bd8b9ce7db18dd442, sendKeysToElement {value=[Ljava.lang.CharSequence;@1b2ebbe2, id=f.C78DE3783B5A91ED660A8D920F7BADCB.d.A025FE5F52E3D08A6C21A28FB766C1DD.e.37}]
Capabilities {acceptInsecureCerts: false, browserName: MicrosoftEdge, browserVersion: 131.0.2903.86, fedcm:accounts: true, ms:edgeOptions: {debuggerAddress: localhost:61412}, msedge: {msedgedriverVersion: 131.0.2903.86 (cf5bf303997c..., userDataDir: C:\Users\vamsh\AppData\Loca...}, networkConnectionEnabled: false, pageLoadStrategy: normal, platformName: windows, proxy: Proxy(), se:cdp: ws://localhost:61412/devtoo..., se:cdpVersion: 131.0.2903.86, setWindowRect: true, strictFileInteractability: false, timeouts: {implicit: 0, pageLoad: 300000, script: 30000}, unhandledPromptBehavior: dismiss and notify, webauthn:extension:credBlob: true, webauthn:extension:largeBlob: true, webauthn:extension:minPinLength: true, webauthn:extension:prf: true, webauthn:virtualAuthenticators: true}
Element: [[EdgeDriver: MicrosoftEdge on windows (0302a58b52c4d79bd8b9ce7db18dd442)] -> css selector: .CodeMirror textarea]
Session ID: 0302a58b52c4d79bd8b9ce7db18dd442
]]></failure>
    <system-out><![CDATA[
Scenario: Linked List home page                                 &amp#27;[90m# src/test/resources/Features/LinkedList.feature:125&amp#27;[0m
  &amp#27;[32mAnd &amp#27;[0m&amp#27;[32mThe user clicks Try Here button&amp#27;[0m                                   &amp#27;[90m# StepDefinitions.Tree.the_user_clicks_try_here_button()&amp#27;[0m
  &amp#27;[32mWhen &amp#27;[0m&amp#27;[32mThe user writes the invalid python code and clicks on Run button&amp#27;[0m &amp#27;[90m# StepDefinitions.Tree.the_user_writes_the_invalid_python_code_and_clicks_on_run_button()&amp#27;[0m
  &amp#27;[32mThen &amp#27;[0m&amp#27;[32mThe user see error msg in alert window&amp#27;[0m                           &amp#27;[90m# StepDefinitions.Tree.the_user_see_error_msg_in_alert_window()&amp#27;[0m
[INFO ] 2024-12-09 22:22:22.034 [TestNG-PoolService-3] Hooks - ======================  Test Execution is completed!! ======================
]]></system-out>
  </testcase>
  <testcase name="runScenario[&quot;LL_Try Here Editor page with invalid data&quot;, &quot;Linked List&quot;](66)" classname="TestRunners.TestRunner" time="3.136">
    <failure message="element not interactable&#10;  (Session info: chrome=131.0.6778.109)&#10;Build info: version: &apos;4.26.0&apos;, revision: &apos;8ccf0219d7&apos;&#10;System info: os.name: &apos;Windows 11&apos;, os.arch: &apos;amd64&apos;, os.version: &apos;10.0&apos;, java.version: &apos;21.0.5&apos;&#10;Driver info: org.openqa.selenium.chrome.ChromeDriver&#10;Command: [9147880ec859a9dde62b4dbd21710805, sendKeysToElement {value=[Ljava.lang.CharSequence;@73e04f6a, id=f.A72A20CCF40D23DAC8315F8B25F51EA6.d.F7531172C2C4003212F52C920701FDE1.e.58}]&#10;Capabilities {acceptInsecureCerts: false, browserName: chrome, browserVersion: 131.0.6778.109, chrome: {chromedriverVersion: 131.0.6778.87 (ce31cae94873..., userDataDir: C:\Users\vamsh\AppData\Loca...}, fedcm:accounts: true, goog:chromeOptions: {debuggerAddress: localhost:59266}, networkConnectionEnabled: false, pageLoadStrategy: normal, platformName: windows, proxy: Proxy(), se:cdp: ws://localhost:59266/devtoo..., se:cdpVersion: 131.0.6778.109, setWindowRect: true, strictFileInteractability: false, timeouts: {implicit: 0, pageLoad: 300000, script: 30000}, unhandledPromptBehavior: dismiss and notify, webauthn:extension:credBlob: true, webauthn:extension:largeBlob: true, webauthn:extension:minPinLength: true, webauthn:extension:prf: true, webauthn:virtualAuthenticators: true}&#10;Element: [[ChromeDriver: chrome on windows (9147880ec859a9dde62b4dbd21710805)] -&gt; css selector: .CodeMirror textarea]&#10;Session ID: 9147880ec859a9dde62b4dbd21710805" type="org.openqa.selenium.ElementNotInteractableException"><![CDATA[org.openqa.selenium.ElementNotInteractableException: 
element not interactable
  (Session info: chrome=131.0.6778.109)
Build info: version: '4.26.0', revision: '8ccf0219d7'
System info: os.name: 'Windows 11', os.arch: 'amd64', os.version: '10.0', java.version: '21.0.5'
Driver info: org.openqa.selenium.chrome.ChromeDriver
Command: [9147880ec859a9dde62b4dbd21710805, sendKeysToElement {value=[Ljava.lang.CharSequence;@73e04f6a, id=f.A72A20CCF40D23DAC8315F8B25F51EA6.d.F7531172C2C4003212F52C920701FDE1.e.58}]
Capabilities {acceptInsecureCerts: false, browserName: chrome, browserVersion: 131.0.6778.109, chrome: {chromedriverVersion: 131.0.6778.87 (ce31cae94873..., userDataDir: C:\Users\vamsh\AppData\Loca...}, fedcm:accounts: true, goog:chromeOptions: {debuggerAddress: localhost:59266}, networkConnectionEnabled: false, pageLoadStrategy: normal, platformName: windows, proxy: Proxy(), se:cdp: ws://localhost:59266/devtoo..., se:cdpVersion: 131.0.6778.109, setWindowRect: true, strictFileInteractability: false, timeouts: {implicit: 0, pageLoad: 300000, script: 30000}, unhandledPromptBehavior: dismiss and notify, webauthn:extension:credBlob: true, webauthn:extension:largeBlob: true, webauthn:extension:minPinLength: true, webauthn:extension:prf: true, webauthn:virtualAuthenticators: true}
Element: [[ChromeDriver: chrome on windows (9147880ec859a9dde62b4dbd21710805)] -> css selector: .CodeMirror textarea]
Session ID: 9147880ec859a9dde62b4dbd21710805
]]></failure>
    <system-out><![CDATA[
Scenario: Traversal                                                  &amp#27;[90m# src/test/resources/Features/LinkedList.feature:130&amp#27;[0m
  &amp#27;[32mGiven &amp#27;[0m&amp#27;[32mThe user is on the Implement Linked List in Python page&amp#27;[0m         &amp#27;[90m# StepDefinitions.LinkedList.the_user_is_on_the_implement_linked_list_in_python_page()&amp#27;[0m
[INFO ] 2024-12-09 21:58:38.618 [TestNG-PoolService-1] Hooks - ======================  New Test Execution is STARTED!! ======================
  &amp#27;[32mAnd &amp#27;[0m&amp#27;[32mThe user clicks Try Here button&amp#27;[0m                                   &amp#27;[90m# StepDefinitions.Tree.the_user_clicks_try_here_button()&amp#27;[0m
[INFO ] 2024-12-09 21:58:39.815 [TestNG-PoolService-3] Hooks - ======================  New Test Execution is STARTED!! ======================
  &amp#27;[31mWhen &amp#27;[0m&amp#27;[31mThe user writes the invalid python code and clicks on Run button&amp#27;[0m &amp#27;[90m# StepDefinitions.Tree.the_user_writes_the_invalid_python_code_and_clicks_on_run_button()&amp#27;[0m
      &amp#27;[31morg.openqa.selenium.ElementNotInteractableException: element not interactable
  (Session info: chrome=131.0.6778.109)
Build info: version: '4.26.0', revision: '8ccf0219d7'
System info: os.name: 'Windows 11', os.arch: 'amd64', os.version: '10.0', java.version: '21.0.5'
Driver info: org.openqa.selenium.chrome.ChromeDriver
Command: [9147880ec859a9dde62b4dbd21710805, sendKeysToElement {value=[Ljava.lang.CharSequence;@73e04f6a, id=f.A72A20CCF40D23DAC8315F8B25F51EA6.d.F7531172C2C4003212F52C920701FDE1.e.58}]
Capabilities {acceptInsecureCerts: false, browserName: chrome, browserVersion: 131.0.6778.109, chrome: {chromedriverVersion: 131.0.6778.87 (ce31cae94873..., userDataDir: C:\Users\vamsh\AppData\Loca...}, fedcm:accounts: true, goog:chromeOptions: {debuggerAddress: localhost:59266}, networkConnectionEnabled: false, pageLoadStrategy: normal, platformName: windows, proxy: Proxy(), se:cdp: ws://localhost:59266/devtoo..., se:cdpVersion: 131.0.6778.109, setWindowRect: true, strictFileInteractability: false, timeouts: {implicit: 0, pageLoad: 300000, script: 30000}, unhandledPromptBehavior: dismiss and notify, webauthn:extension:credBlob: true, webauthn:extension:largeBlob: true, webauthn:extension:minPinLength: true, webauthn:extension:prf: true, webauthn:virtualAuthenticators: true}
Element: [[ChromeDriver: chrome on windows (9147880ec859a9dde62b4dbd21710805)] -> css selector: .CodeMirror textarea]
Session ID: 9147880ec859a9dde62b4dbd21710805
	at java.base/jdk.internal.reflect.DirectConstructorHandleAccessor.newInstance(DirectConstructorHandleAccessor.java:62)
	at java.base/java.lang.reflect.Constructor.newInstanceWithCaller(Constructor.java:502)
	at java.base/java.lang.reflect.Constructor.newInstance(Constructor.java:486)
	at org.openqa.selenium.remote.ErrorCodec.decode(ErrorCodec.java:167)
	at org.openqa.selenium.remote.codec.w3c.W3CHttpResponseCodec.decode(W3CHttpResponseCodec.java:138)
	at org.openqa.selenium.remote.codec.w3c.W3CHttpResponseCodec.decode(W3CHttpResponseCodec.java:50)
	at org.openqa.selenium.remote.HttpCommandExecutor.execute(HttpCommandExecutor.java:190)
	at org.openqa.selenium.remote.service.DriverCommandExecutor.invokeExecute(DriverCommandExecutor.java:216)
	at org.openqa.selenium.remote.service.DriverCommandExecutor.execute(DriverCommandExecutor.java:174)
	at org.openqa.selenium.remote.RemoteWebDriver.execute(RemoteWebDriver.java:545)
	at org.openqa.selenium.remote.RemoteWebElement.execute(RemoteWebElement.java:223)
	at org.openqa.selenium.remote.RemoteWebElement.sendKeys(RemoteWebElement.java:110)
	at PageObjects.TreePage.writeInTryEditorWindow(TreePage.java:357)
	at StepDefinitions.Tree.the_user_writes_the_invalid_python_code_and_clicks_on_run_button(Tree.java:96)
	at ✽.The user writes the invalid python code and clicks on Run button(file:///C:/Projects/Repo1/src/test/resources/Features/LinkedList.feature:122)
&amp#27;[0m
  &amp#27;[36mThen &amp#27;[0m&amp#27;[36mThe user see error msg in alert window&amp#27;[0m                           &amp#27;[90m# StepDefinitions.Tree.the_user_see_error_msg_in_alert_window()&amp#27;[0m
[ERROR] 2024-12-09 21:58:39.820 [TestNG-PoolService-2] Hooks - ======================  TEST CASE FAILED !! ======================

    Embedding screenshot [image/png 7853 bytes]

[INFO ] 2024-12-09 21:58:40.036 [TestNG-PoolService-2] Hooks - ======================  Screenshot is captured  ======================
[INFO ] 2024-12-09 21:58:40.038 [TestNG-PoolService-2] Hooks - ======================  Test Execution is completed!! ======================
]]></system-out>
    <system-err><![CDATA[Dec 09, 2024 9:58:38 PM org.openqa.selenium.devtools.CdpVersionFinder findNearestMatch
WARNING: Unable to find an exact match for CDP version 131, returning the closest version; found: 130; Please update to a Selenium version that supports CDP version 131
Dec 09, 2024 9:58:39 PM org.openqa.selenium.devtools.CdpVersionFinder findNearestMatch
WARNING: Unable to find an exact match for CDP version 131, returning the closest version; found: 130; Please update to a Selenium version that supports CDP version 131
]]></system-err>
  </testcase>
  <testcase name="runScenario[&quot;LL_Try Here Editor page with invalid data&quot;, &quot;Linked List&quot;](66)" classname="TestRunners.TestRunner" time="0.379">
    <system-out><![CDATA[
Scenario: Traversal                                                  &amp#27;[90m# src/test/resources/Features/LinkedList.feature:130&amp#27;[0m
[INFO ] 2024-12-09 22:22:23.024 [TestNG-PoolService-2] Hooks - ======================  New Test Execution is STARTED!! ======================
]]></system-out>
    <system-err><![CDATA[Dec 09, 2024 10:22:22 PM org.openqa.selenium.devtools.CdpVersionFinder findNearestMatch
WARNING: Unable to find an exact match for CDP version 131, returning the closest version; found: 130; Please update to a Selenium version that supports CDP version 131
]]></system-err>
  </testcase>
  <testcase name="runScenario[&quot;Linked List home page&quot;, &quot;Linked List&quot;](67)" classname="TestRunners.TestRunner" time="2.669">
    <system-out><![CDATA[
Scenario: LL_Try Here Editor page with empty data                            &amp#27;[90m# src/test/resources/Features/LinkedList.feature:135&amp#27;[0m
  &amp#27;[32mGiven &amp#27;[0m&amp#27;[32mThe user is on the DS Introduction page as signedIn&amp#27;[0m     &amp#27;[90m# StepDefinitions.DSIntroductionDetails.the_user_is_on_the_ds_introduction_page_as_signed_in()&amp#27;[0m
[INFO ] 2024-12-09 21:58:42.366 [TestNG-PoolService-2] Hooks - ======================  New Test Execution is STARTED!! ======================
  &amp#27;[32mAnd &amp#27;[0m&amp#27;[32mUser clicks on Get Started button from Linked List panel&amp#27;[0m  &amp#27;[90m# StepDefinitions.LinkedList.user_clicks_on_get_started_button_from_linked_list_panel()&amp#27;[0m
  &amp#27;[32mGiven &amp#27;[0m&amp#27;[32mThe user is on the Implement Linked List in Python page&amp#27;[0m &amp#27;[90m# StepDefinitions.LinkedList.the_user_is_on_the_implement_linked_list_in_python_page()&amp#27;[0m
  &amp#27;[32mWhen &amp#27;[0m&amp#27;[32mThe user clicks Traversal link&amp#27;[0m                           &amp#27;[90m# StepDefinitions.LinkedList.the_user_clicks_traversal_link()&amp#27;[0m
  &amp#27;[32mThen &amp#27;[0m&amp#27;[32mThe user is redirected to Traversal page.&amp#27;[0m                &amp#27;[90m# StepDefinitions.LinkedList.the_user_is_redirected_to_traversal_page()&amp#27;[0m
[INFO ] 2024-12-09 21:58:43.094 [TestNG-PoolService-1] Hooks - ======================  Test Execution is completed!! ======================
  &amp#27;[32mGiven &amp#27;[0m&amp#27;[32mThe user is on the DS Introduction page as signedIn&amp#27;[0m          &amp#27;[90m# StepDefinitions.DSIntroductionDetails.the_user_is_on_the_ds_introduction_page_as_signed_in()&amp#27;[0m
]]></system-out>
    <system-err><![CDATA[Dec 09, 2024 9:58:42 PM org.openqa.selenium.devtools.CdpVersionFinder findNearestMatch
WARNING: Unable to find an exact match for CDP version 131, returning the closest version; found: 130; Please update to a Selenium version that supports CDP version 131
]]></system-err>
  </testcase>
  <testcase name="runScenario[&quot;Linked List home page&quot;, &quot;Linked List&quot;](67)" classname="TestRunners.TestRunner" time="8.578">
    <system-out><![CDATA[
Scenario: LL_Try Here Editor page with empty data                            &amp#27;[90m# src/test/resources/Features/LinkedList.feature:135&amp#27;[0m
[INFO ] 2024-12-09 22:08:49.891 [TestNG-PoolService-3] Hooks - ======================  New Test Execution is STARTED!! ======================
[INFO ] 2024-12-09 22:08:52.191 [TestNG-PoolService-2] Hooks - ======================  New Test Execution is STARTED!! ======================
  &amp#27;[32mGiven &amp#27;[0m&amp#27;[32mThe user is on the DS Introduction page as signedIn&amp#27;[0m     &amp#27;[90m# StepDefinitions.DSIntroductionDetails.the_user_is_on_the_ds_introduction_page_as_signed_in()&amp#27;[0m
  &amp#27;[32mAnd &amp#27;[0m&amp#27;[32mUser clicks on Get Started button from Linked List panel&amp#27;[0m  &amp#27;[90m# StepDefinitions.LinkedList.user_clicks_on_get_started_button_from_linked_list_panel()&amp#27;[0m
[INFO ] 2024-12-09 22:08:52.925 [TestNG-PoolService-1] Hooks - ======================  New Test Execution is STARTED!! ======================
  &amp#27;[32mGiven &amp#27;[0m&amp#27;[32mThe user is on the Implement Linked List in Python page&amp#27;[0m &amp#27;[90m# StepDefinitions.LinkedList.the_user_is_on_the_implement_linked_list_in_python_page()&amp#27;[0m
  &amp#27;[32mWhen &amp#27;[0m&amp#27;[32mThe user clicks Traversal link&amp#27;[0m                           &amp#27;[90m# StepDefinitions.LinkedList.the_user_clicks_traversal_link()&amp#27;[0m
  &amp#27;[32mThen &amp#27;[0m&amp#27;[32mThe user is redirected to Traversal page.&amp#27;[0m                &amp#27;[90m# StepDefinitions.LinkedList.the_user_is_redirected_to_traversal_page()&amp#27;[0m
[INFO ] 2024-12-09 22:08:53.648 [TestNG-PoolService-3] Hooks - ======================  Test Execution is completed!! ======================
  &amp#27;[32mGiven &amp#27;[0m&amp#27;[32mThe user is on the DS Introduction page as signedIn&amp#27;[0m          &amp#27;[90m# StepDefinitions.DSIntroductionDetails.the_user_is_on_the_ds_introduction_page_as_signed_in()&amp#27;[0m
  &amp#27;[32mGiven &amp#27;[0m&amp#27;[32mThe user is on the DS Introduction page as signedIn&amp#27;[0m                  &amp#27;[90m# StepDefinitions.DSIntroductionDetails.the_user_is_on_the_ds_introduction_page_as_signed_in()&amp#27;[0m
  &amp#27;[32mAnd &amp#27;[0m&amp#27;[32mUser clicks on Get Started button from Linked List panel&amp#27;[0m               &amp#27;[90m# StepDefinitions.LinkedList.user_clicks_on_get_started_button_from_linked_list_panel()&amp#27;[0m
  &amp#27;[32mAnd &amp#27;[0m&amp#27;[32mUser clicks on Get Started button from Linked List panel&amp#27;[0m       &amp#27;[90m# StepDefinitions.LinkedList.user_clicks_on_get_started_button_from_linked_list_panel()&amp#27;[0m
  &amp#27;[32mGiven &amp#27;[0m&amp#27;[32mThe user is on the Traversal page&amp#27;[0m                                    &amp#27;[90m# StepDefinitions.LinkedList.the_user_is_on_the_traversal_page()&amp#27;[0m
  &amp#27;[32mGiven &amp#27;[0m&amp#27;[32mThe user is on the Traversal page&amp#27;[0m                            &amp#27;[90m# StepDefinitions.LinkedList.the_user_is_on_the_traversal_page()&amp#27;[0m
]]></system-out>
  </testcase>
  <testcase name="runScenario[&quot;Linked List home page&quot;, &quot;Linked List&quot;](67)" classname="TestRunners.TestRunner" time="6.327">
    <system-out><![CDATA[
Scenario: LL_Try Here Editor page with empty data                            &amp#27;[90m# src/test/resources/Features/LinkedList.feature:135&amp#27;[0m
  &amp#27;[32mGiven &amp#27;[0m&amp#27;[32mThe user is on the DS Introduction page as signedIn&amp#27;[0m     &amp#27;[90m# StepDefinitions.DSIntroductionDetails.the_user_is_on_the_ds_introduction_page_as_signed_in()&amp#27;[0m
[INFO ] 2024-12-09 22:22:26.075 [TestNG-PoolService-1] Hooks - ======================  New Test Execution is STARTED!! ======================
  &amp#27;[32mAnd &amp#27;[0m&amp#27;[32mUser clicks on Get Started button from Linked List panel&amp#27;[0m  &amp#27;[90m# StepDefinitions.LinkedList.user_clicks_on_get_started_button_from_linked_list_panel()&amp#27;[0m
[INFO ] 2024-12-09 22:22:26.750 [TestNG-PoolService-3] Hooks - ======================  New Test Execution is STARTED!! ======================
  &amp#27;[32mGiven &amp#27;[0m&amp#27;[32mThe user is on the Implement Linked List in Python page&amp#27;[0m &amp#27;[90m# StepDefinitions.LinkedList.the_user_is_on_the_implement_linked_list_in_python_page()&amp#27;[0m
  &amp#27;[32mWhen &amp#27;[0m&amp#27;[32mThe user clicks Traversal link&amp#27;[0m                           &amp#27;[90m# StepDefinitions.LinkedList.the_user_clicks_traversal_link()&amp#27;[0m
  &amp#27;[32mThen &amp#27;[0m&amp#27;[32mThe user is redirected to Traversal page.&amp#27;[0m                &amp#27;[90m# StepDefinitions.LinkedList.the_user_is_redirected_to_traversal_page()&amp#27;[0m
[INFO ] 2024-12-09 22:22:28.281 [TestNG-PoolService-2] Hooks - ======================  Test Execution is completed!! ======================
  &amp#27;[32mGiven &amp#27;[0m&amp#27;[32mThe user is on the DS Introduction page as signedIn&amp#27;[0m          &amp#27;[90m# StepDefinitions.DSIntroductionDetails.the_user_is_on_the_ds_introduction_page_as_signed_in()&amp#27;[0m
  &amp#27;[32mGiven &amp#27;[0m&amp#27;[32mThe user is on the DS Introduction page as signedIn&amp#27;[0m                  &amp#27;[90m# StepDefinitions.DSIntroductionDetails.the_user_is_on_the_ds_introduction_page_as_signed_in()&amp#27;[0m
]]></system-out>
    <system-err><![CDATA[Dec 09, 2024 10:22:25 PM org.openqa.selenium.devtools.CdpVersionFinder findNearestMatch
WARNING: Unable to find an exact match for CDP version 131, returning the closest version; found: 130; Please update to a Selenium version that supports CDP version 131
Dec 09, 2024 10:22:26 PM org.openqa.selenium.devtools.CdpVersionFinder findNearestMatch
WARNING: Unable to find an exact match for CDP version 131, returning the closest version; found: 130; Please update to a Selenium version that supports CDP version 131
]]></system-err>
  </testcase>
  <testcase name="runScenario[&quot;Traversal&quot;, &quot;Linked List&quot;](68)" classname="TestRunners.TestRunner" time="1.556">
    <system-out><![CDATA[
Scenario: LL_Try Here Editor page with valid data                     &amp#27;[90m# src/test/resources/Features/LinkedList.feature:141&amp#27;[0m
  &amp#27;[32mAnd &amp#27;[0m&amp#27;[32mUser clicks on Get Started button from Linked List panel&amp#27;[0m       &amp#27;[90m# StepDefinitions.LinkedList.user_clicks_on_get_started_button_from_linked_list_panel()&amp#27;[0m
  &amp#27;[32mGiven &amp#27;[0m&amp#27;[32mThe user is on the Traversal page&amp#27;[0m                            &amp#27;[90m# StepDefinitions.LinkedList.the_user_is_on_the_traversal_page()&amp#27;[0m
  &amp#27;[32mWhen &amp#27;[0m&amp#27;[32mThe user clicks Try Here button&amp#27;[0m                               &amp#27;[90m# StepDefinitions.Tree.the_user_clicks_try_here_button()&amp#27;[0m
  &amp#27;[32mThen &amp#27;[0m&amp#27;[32mThe user is redirected to a page having Editor and run button&amp#27;[0m &amp#27;[90m# StepDefinitions.Tree.the_user_is_redirected_to_a_page_having_editor_and_run_button()&amp#27;[0m
[INFO ] 2024-12-09 21:58:44.588 [TestNG-PoolService-3] Hooks - ======================  Test Execution is completed!! ======================
[INFO ] 2024-12-09 21:58:44.760 [TestNG-PoolService-1] Hooks - ======================  New Test Execution is STARTED!! ======================
]]></system-out>
    <system-err><![CDATA[Dec 09, 2024 9:58:44 PM org.openqa.selenium.devtools.CdpVersionFinder findNearestMatch
WARNING: Unable to find an exact match for CDP version 131, returning the closest version; found: 130; Please update to a Selenium version that supports CDP version 131
]]></system-err>
  </testcase>
  <testcase name="runScenario[&quot;Traversal&quot;, &quot;Linked List&quot;](68)" classname="TestRunners.TestRunner" time="3.08">
    <system-out><![CDATA[
Scenario: LL_Try Here Editor page with valid data                     &amp#27;[90m# src/test/resources/Features/LinkedList.feature:141&amp#27;[0m
  &amp#27;[32mAnd &amp#27;[0m&amp#27;[32mUser clicks on Get Started button from Linked List panel&amp#27;[0m       &amp#27;[90m# StepDefinitions.LinkedList.user_clicks_on_get_started_button_from_linked_list_panel()&amp#27;[0m
  &amp#27;[32mAnd &amp#27;[0m&amp#27;[32mUser clicks on Get Started button from Linked List panel&amp#27;[0m               &amp#27;[90m# StepDefinitions.LinkedList.user_clicks_on_get_started_button_from_linked_list_panel()&amp#27;[0m
  &amp#27;[32mGiven &amp#27;[0m&amp#27;[32mThe user is on the Traversal page&amp#27;[0m                            &amp#27;[90m# StepDefinitions.LinkedList.the_user_is_on_the_traversal_page()&amp#27;[0m
  &amp#27;[32mGiven &amp#27;[0m&amp#27;[32mThe user is on the Traversal page&amp#27;[0m                                    &amp#27;[90m# StepDefinitions.LinkedList.the_user_is_on_the_traversal_page()&amp#27;[0m
  &amp#27;[32mWhen &amp#27;[0m&amp#27;[32mThe user clicks Try Here button&amp#27;[0m                               &amp#27;[90m# StepDefinitions.Tree.the_user_clicks_try_here_button()&amp#27;[0m
  &amp#27;[32mAnd &amp#27;[0m&amp#27;[32mThe user clicks Try Here button&amp#27;[0m                                        &amp#27;[90m# StepDefinitions.Tree.the_user_clicks_try_here_button()&amp#27;[0m
  &amp#27;[32mThen &amp#27;[0m&amp#27;[32mThe user is redirected to a page having Editor and run button&amp#27;[0m &amp#27;[90m# StepDefinitions.Tree.the_user_is_redirected_to_a_page_having_editor_and_run_button()&amp#27;[0m
[INFO ] 2024-12-09 22:22:31.238 [TestNG-PoolService-1] Hooks - ======================  Test Execution is completed!! ======================
  &amp#27;[31mWhen &amp#27;[0m&amp#27;[31mThe user writes no code inside editor window and clicks on Run button&amp#27;[0m &amp#27;[90m# StepDefinitions.Tree.the_user_writes_no_code_inside_editor_window_and_clicks_on_run_button()&amp#27;[0m
      &amp#27;[31morg.openqa.selenium.ElementNotInteractableException: element not interactable
  (Session info: MicrosoftEdge=131.0.2903.86)
Build info: version: '4.26.0', revision: '8ccf0219d7'
System info: os.name: 'Windows 11', os.arch: 'amd64', os.version: '10.0', java.version: '21.0.5'
Driver info: org.openqa.selenium.edge.EdgeDriver
Command: [d08cac311c20b094b16427859f4e6023, sendKeysToElement {value=[Ljava.lang.CharSequence;@4ab656f8, id=f.BA0147BE5A2F798425CB3B75ABD6212E.d.8156D96810DAAD0AB9425B32D3B588A8.e.41}]
Capabilities {acceptInsecureCerts: false, browserName: MicrosoftEdge, browserVersion: 131.0.2903.86, fedcm:accounts: true, ms:edgeOptions: {debuggerAddress: localhost:61567}, msedge: {msedgedriverVersion: 131.0.2903.86 (cf5bf303997c..., userDataDir: C:\Users\vamsh\AppData\Loca...}, networkConnectionEnabled: false, pageLoadStrategy: normal, platformName: windows, proxy: Proxy(), se:cdp: ws://localhost:61567/devtoo..., se:cdpVersion: 131.0.2903.86, setWindowRect: true, strictFileInteractability: false, timeouts: {implicit: 0, pageLoad: 300000, script: 30000}, unhandledPromptBehavior: dismiss and notify, webauthn:extension:credBlob: true, webauthn:extension:largeBlob: true, webauthn:extension:minPinLength: true, webauthn:extension:prf: true, webauthn:virtualAuthenticators: true}
Element: [[EdgeDriver: MicrosoftEdge on windows (d08cac311c20b094b16427859f4e6023)] -> css selector: .CodeMirror textarea]
Session ID: d08cac311c20b094b16427859f4e6023
	at java.base/jdk.internal.reflect.DirectConstructorHandleAccessor.newInstance(DirectConstructorHandleAccessor.java:62)
	at java.base/java.lang.reflect.Constructor.newInstanceWithCaller(Constructor.java:502)
	at java.base/java.lang.reflect.Constructor.newInstance(Constructor.java:486)
	at org.openqa.selenium.remote.ErrorCodec.decode(ErrorCodec.java:167)
	at org.openqa.selenium.remote.codec.w3c.W3CHttpResponseCodec.decode(W3CHttpResponseCodec.java:138)
	at org.openqa.selenium.remote.codec.w3c.W3CHttpResponseCodec.decode(W3CHttpResponseCodec.java:50)
	at org.openqa.selenium.remote.HttpCommandExecutor.execute(HttpCommandExecutor.java:190)
	at org.openqa.selenium.remote.service.DriverCommandExecutor.invokeExecute(DriverCommandExecutor.java:216)
	at org.openqa.selenium.remote.service.DriverCommandExecutor.execute(DriverCommandExecutor.java:174)
	at org.openqa.selenium.remote.RemoteWebDriver.execute(RemoteWebDriver.java:545)
	at org.openqa.selenium.remote.RemoteWebElement.execute(RemoteWebElement.java:223)
	at org.openqa.selenium.remote.RemoteWebElement.sendKeys(RemoteWebElement.java:110)
	at PageObjects.TreePage.writeInTryEditorWindow(TreePage.java:357)
	at StepDefinitions.Tree.the_user_writes_no_code_inside_editor_window_and_clicks_on_run_button(Tree.java:73)
	at ✽.The user writes no code inside editor window and clicks on Run button(file:///C:/Projects/Repo1/src/test/resources/Features/LinkedList.feature:138)
&amp#27;[0m
  &amp#27;[36mThen &amp#27;[0m&amp#27;[36mNothing happens to the Editor page and no error message is displayed&amp#27;[0m  &amp#27;[90m# StepDefinitions.Tree.nothing_happens_to_the_editor_page_and_no_error_message_is_displayed()&amp#27;[0m
[ERROR] 2024-12-09 22:22:31.282 [TestNG-PoolService-3] Hooks - ======================  TEST CASE FAILED !! ======================
[INFO ] 2024-12-09 22:22:31.325 [TestNG-PoolService-2] Hooks - ======================  New Test Execution is STARTED!! ======================

    Embedding screenshot [image/png 7890 bytes]

[INFO ] 2024-12-09 22:22:31.494 [TestNG-PoolService-3] Hooks - ======================  Screenshot is captured  ======================
[INFO ] 2024-12-09 22:22:31.496 [TestNG-PoolService-3] Hooks - ======================  Test Execution is completed!! ======================
]]></system-out>
    <system-err><![CDATA[Dec 09, 2024 10:22:31 PM org.openqa.selenium.devtools.CdpVersionFinder findNearestMatch
WARNING: Unable to find an exact match for CDP version 131, returning the closest version; found: 130; Please update to a Selenium version that supports CDP version 131
]]></system-err>
  </testcase>
  <testcase name="runScenario[&quot;LL_Try Here Editor page with empty data&quot;, &quot;Linked List&quot;](69)" classname="TestRunners.TestRunner" time="2.199">
    <failure message="element not interactable&#10;  (Session info: chrome=131.0.6778.109)&#10;Build info: version: &apos;4.26.0&apos;, revision: &apos;8ccf0219d7&apos;&#10;System info: os.name: &apos;Windows 11&apos;, os.arch: &apos;amd64&apos;, os.version: &apos;10.0&apos;, java.version: &apos;21.0.5&apos;&#10;Driver info: org.openqa.selenium.chrome.ChromeDriver&#10;Command: [769e626e564be03ae4fc18b99ae4edf6, sendKeysToElement {value=[Ljava.lang.CharSequence;@2b0703c9, id=f.8C32402975B4F12C7B7963C2277C6CFF.d.1D07894BF3E5565E0D875434B21A9B67.e.52}]&#10;Capabilities {acceptInsecureCerts: false, browserName: chrome, browserVersion: 131.0.6778.109, chrome: {chromedriverVersion: 131.0.6778.87 (ce31cae94873..., userDataDir: C:\Users\vamsh\AppData\Loca...}, fedcm:accounts: true, goog:chromeOptions: {debuggerAddress: localhost:59416}, networkConnectionEnabled: false, pageLoadStrategy: normal, platformName: windows, proxy: Proxy(), se:cdp: ws://localhost:59416/devtoo..., se:cdpVersion: 131.0.6778.109, setWindowRect: true, strictFileInteractability: false, timeouts: {implicit: 0, pageLoad: 300000, script: 30000}, unhandledPromptBehavior: dismiss and notify, webauthn:extension:credBlob: true, webauthn:extension:largeBlob: true, webauthn:extension:minPinLength: true, webauthn:extension:prf: true, webauthn:virtualAuthenticators: true}&#10;Element: [[ChromeDriver: chrome on windows (769e626e564be03ae4fc18b99ae4edf6)] -&gt; css selector: .CodeMirror textarea]&#10;Session ID: 769e626e564be03ae4fc18b99ae4edf6" type="org.openqa.selenium.ElementNotInteractableException"><![CDATA[org.openqa.selenium.ElementNotInteractableException: 
element not interactable
  (Session info: chrome=131.0.6778.109)
Build info: version: '4.26.0', revision: '8ccf0219d7'
System info: os.name: 'Windows 11', os.arch: 'amd64', os.version: '10.0', java.version: '21.0.5'
Driver info: org.openqa.selenium.chrome.ChromeDriver
Command: [769e626e564be03ae4fc18b99ae4edf6, sendKeysToElement {value=[Ljava.lang.CharSequence;@2b0703c9, id=f.8C32402975B4F12C7B7963C2277C6CFF.d.1D07894BF3E5565E0D875434B21A9B67.e.52}]
Capabilities {acceptInsecureCerts: false, browserName: chrome, browserVersion: 131.0.6778.109, chrome: {chromedriverVersion: 131.0.6778.87 (ce31cae94873..., userDataDir: C:\Users\vamsh\AppData\Loca...}, fedcm:accounts: true, goog:chromeOptions: {debuggerAddress: localhost:59416}, networkConnectionEnabled: false, pageLoadStrategy: normal, platformName: windows, proxy: Proxy(), se:cdp: ws://localhost:59416/devtoo..., se:cdpVersion: 131.0.6778.109, setWindowRect: true, strictFileInteractability: false, timeouts: {implicit: 0, pageLoad: 300000, script: 30000}, unhandledPromptBehavior: dismiss and notify, webauthn:extension:credBlob: true, webauthn:extension:largeBlob: true, webauthn:extension:minPinLength: true, webauthn:extension:prf: true, webauthn:virtualAuthenticators: true}
Element: [[ChromeDriver: chrome on windows (769e626e564be03ae4fc18b99ae4edf6)] -> css selector: .CodeMirror textarea]
Session ID: 769e626e564be03ae4fc18b99ae4edf6
]]></failure>
    <system-out><![CDATA[
Scenario: LL_Try Here Editor page with invalid data                     &amp#27;[90m# src/test/resources/Features/LinkedList.feature:147&amp#27;[0m
  &amp#27;[32mGiven &amp#27;[0m&amp#27;[32mThe user is on the DS Introduction page as signedIn&amp#27;[0m                  &amp#27;[90m# StepDefinitions.DSIntroductionDetails.the_user_is_on_the_ds_introduction_page_as_signed_in()&amp#27;[0m
  &amp#27;[32mAnd &amp#27;[0m&amp#27;[32mUser clicks on Get Started button from Linked List panel&amp#27;[0m               &amp#27;[90m# StepDefinitions.LinkedList.user_clicks_on_get_started_button_from_linked_list_panel()&amp#27;[0m
  &amp#27;[32mGiven &amp#27;[0m&amp#27;[32mThe user is on the Traversal page&amp#27;[0m                                    &amp#27;[90m# StepDefinitions.LinkedList.the_user_is_on_the_traversal_page()&amp#27;[0m
[INFO ] 2024-12-09 21:58:46.094 [TestNG-PoolService-3] Hooks - ======================  New Test Execution is STARTED!! ======================
  &amp#27;[32mAnd &amp#27;[0m&amp#27;[32mThe user clicks Try Here button&amp#27;[0m                                        &amp#27;[90m# StepDefinitions.Tree.the_user_clicks_try_here_button()&amp#27;[0m
  &amp#27;[31mWhen &amp#27;[0m&amp#27;[31mThe user writes no code inside editor window and clicks on Run button&amp#27;[0m &amp#27;[90m# StepDefinitions.Tree.the_user_writes_no_code_inside_editor_window_and_clicks_on_run_button()&amp#27;[0m
      &amp#27;[31morg.openqa.selenium.ElementNotInteractableException: element not interactable
  (Session info: chrome=131.0.6778.109)
Build info: version: '4.26.0', revision: '8ccf0219d7'
System info: os.name: 'Windows 11', os.arch: 'amd64', os.version: '10.0', java.version: '21.0.5'
Driver info: org.openqa.selenium.chrome.ChromeDriver
Command: [769e626e564be03ae4fc18b99ae4edf6, sendKeysToElement {value=[Ljava.lang.CharSequence;@2b0703c9, id=f.8C32402975B4F12C7B7963C2277C6CFF.d.1D07894BF3E5565E0D875434B21A9B67.e.52}]
Capabilities {acceptInsecureCerts: false, browserName: chrome, browserVersion: 131.0.6778.109, chrome: {chromedriverVersion: 131.0.6778.87 (ce31cae94873..., userDataDir: C:\Users\vamsh\AppData\Loca...}, fedcm:accounts: true, goog:chromeOptions: {debuggerAddress: localhost:59416}, networkConnectionEnabled: false, pageLoadStrategy: normal, platformName: windows, proxy: Proxy(), se:cdp: ws://localhost:59416/devtoo..., se:cdpVersion: 131.0.6778.109, setWindowRect: true, strictFileInteractability: false, timeouts: {implicit: 0, pageLoad: 300000, script: 30000}, unhandledPromptBehavior: dismiss and notify, webauthn:extension:credBlob: true, webauthn:extension:largeBlob: true, webauthn:extension:minPinLength: true, webauthn:extension:prf: true, webauthn:virtualAuthenticators: true}
Element: [[ChromeDriver: chrome on windows (769e626e564be03ae4fc18b99ae4edf6)] -> css selector: .CodeMirror textarea]
Session ID: 769e626e564be03ae4fc18b99ae4edf6
	at java.base/jdk.internal.reflect.DirectConstructorHandleAccessor.newInstance(DirectConstructorHandleAccessor.java:62)
	at java.base/java.lang.reflect.Constructor.newInstanceWithCaller(Constructor.java:502)
	at java.base/java.lang.reflect.Constructor.newInstance(Constructor.java:486)
	at org.openqa.selenium.remote.ErrorCodec.decode(ErrorCodec.java:167)
	at org.openqa.selenium.remote.codec.w3c.W3CHttpResponseCodec.decode(W3CHttpResponseCodec.java:138)
	at org.openqa.selenium.remote.codec.w3c.W3CHttpResponseCodec.decode(W3CHttpResponseCodec.java:50)
	at org.openqa.selenium.remote.HttpCommandExecutor.execute(HttpCommandExecutor.java:190)
	at org.openqa.selenium.remote.service.DriverCommandExecutor.invokeExecute(DriverCommandExecutor.java:216)
	at org.openqa.selenium.remote.service.DriverCommandExecutor.execute(DriverCommandExecutor.java:174)
	at org.openqa.selenium.remote.RemoteWebDriver.execute(RemoteWebDriver.java:545)
	at org.openqa.selenium.remote.RemoteWebElement.execute(RemoteWebElement.java:223)
	at org.openqa.selenium.remote.RemoteWebElement.sendKeys(RemoteWebElement.java:110)
	at PageObjects.TreePage.writeInTryEditorWindow(TreePage.java:357)
	at StepDefinitions.Tree.the_user_writes_no_code_inside_editor_window_and_clicks_on_run_button(Tree.java:73)
	at ✽.The user writes no code inside editor window and clicks on Run button(file:///C:/Projects/Repo1/src/test/resources/Features/LinkedList.feature:138)
&amp#27;[0m
  &amp#27;[36mThen &amp#27;[0m&amp#27;[36mNothing happens to the Editor page and no error message is displayed&amp#27;[0m  &amp#27;[90m# StepDefinitions.Tree.nothing_happens_to_the_editor_page_and_no_error_message_is_displayed()&amp#27;[0m
[ERROR] 2024-12-09 21:58:46.739 [TestNG-PoolService-2] Hooks - ======================  TEST CASE FAILED !! ======================

    Embedding screenshot [image/png 7853 bytes]

[INFO ] 2024-12-09 21:58:46.852 [TestNG-PoolService-2] Hooks - ======================  Screenshot is captured  ======================
[INFO ] 2024-12-09 21:58:46.853 [TestNG-PoolService-2] Hooks - ======================  Test Execution is completed!! ======================
]]></system-out>
    <system-err><![CDATA[Dec 09, 2024 9:58:46 PM org.openqa.selenium.devtools.CdpVersionFinder findNearestMatch
WARNING: Unable to find an exact match for CDP version 131, returning the closest version; found: 130; Please update to a Selenium version that supports CDP version 131
]]></system-err>
  </testcase>
  <testcase name="runScenario[&quot;LL_Try Here Editor page with empty data&quot;, &quot;Linked List&quot;](69)" classname="TestRunners.TestRunner" time="0.23">
    <failure message="element not interactable&#10;  (Session info: MicrosoftEdge=131.0.2903.86)&#10;Build info: version: &apos;4.26.0&apos;, revision: &apos;8ccf0219d7&apos;&#10;System info: os.name: &apos;Windows 11&apos;, os.arch: &apos;amd64&apos;, os.version: &apos;10.0&apos;, java.version: &apos;21.0.5&apos;&#10;Driver info: org.openqa.selenium.edge.EdgeDriver&#10;Command: [d08cac311c20b094b16427859f4e6023, sendKeysToElement {value=[Ljava.lang.CharSequence;@4ab656f8, id=f.BA0147BE5A2F798425CB3B75ABD6212E.d.8156D96810DAAD0AB9425B32D3B588A8.e.41}]&#10;Capabilities {acceptInsecureCerts: false, browserName: MicrosoftEdge, browserVersion: 131.0.2903.86, fedcm:accounts: true, ms:edgeOptions: {debuggerAddress: localhost:61567}, msedge: {msedgedriverVersion: 131.0.2903.86 (cf5bf303997c..., userDataDir: C:\Users\vamsh\AppData\Loca...}, networkConnectionEnabled: false, pageLoadStrategy: normal, platformName: windows, proxy: Proxy(), se:cdp: ws://localhost:61567/devtoo..., se:cdpVersion: 131.0.2903.86, setWindowRect: true, strictFileInteractability: false, timeouts: {implicit: 0, pageLoad: 300000, script: 30000}, unhandledPromptBehavior: dismiss and notify, webauthn:extension:credBlob: true, webauthn:extension:largeBlob: true, webauthn:extension:minPinLength: true, webauthn:extension:prf: true, webauthn:virtualAuthenticators: true}&#10;Element: [[EdgeDriver: MicrosoftEdge on windows (d08cac311c20b094b16427859f4e6023)] -&gt; css selector: .CodeMirror textarea]&#10;Session ID: d08cac311c20b094b16427859f4e6023" type="org.openqa.selenium.ElementNotInteractableException"><![CDATA[org.openqa.selenium.ElementNotInteractableException: 
element not interactable
  (Session info: MicrosoftEdge=131.0.2903.86)
Build info: version: '4.26.0', revision: '8ccf0219d7'
System info: os.name: 'Windows 11', os.arch: 'amd64', os.version: '10.0', java.version: '21.0.5'
Driver info: org.openqa.selenium.edge.EdgeDriver
Command: [d08cac311c20b094b16427859f4e6023, sendKeysToElement {value=[Ljava.lang.CharSequence;@4ab656f8, id=f.BA0147BE5A2F798425CB3B75ABD6212E.d.8156D96810DAAD0AB9425B32D3B588A8.e.41}]
Capabilities {acceptInsecureCerts: false, browserName: MicrosoftEdge, browserVersion: 131.0.2903.86, fedcm:accounts: true, ms:edgeOptions: {debuggerAddress: localhost:61567}, msedge: {msedgedriverVersion: 131.0.2903.86 (cf5bf303997c..., userDataDir: C:\Users\vamsh\AppData\Loca...}, networkConnectionEnabled: false, pageLoadStrategy: normal, platformName: windows, proxy: Proxy(), se:cdp: ws://localhost:61567/devtoo..., se:cdpVersion: 131.0.2903.86, setWindowRect: true, strictFileInteractability: false, timeouts: {implicit: 0, pageLoad: 300000, script: 30000}, unhandledPromptBehavior: dismiss and notify, webauthn:extension:credBlob: true, webauthn:extension:largeBlob: true, webauthn:extension:minPinLength: true, webauthn:extension:prf: true, webauthn:virtualAuthenticators: true}
Element: [[EdgeDriver: MicrosoftEdge on windows (d08cac311c20b094b16427859f4e6023)] -> css selector: .CodeMirror textarea]
Session ID: d08cac311c20b094b16427859f4e6023
]]></failure>
    <system-out><![CDATA[
Scenario: LL_Try Here Editor page with invalid data                     &amp#27;[90m# src/test/resources/Features/LinkedList.feature:147&amp#27;[0m
]]></system-out>
  </testcase>
  <testcase name="runScenario[&quot;LL_Try Here Editor page with valid data&quot;, &quot;Linked List&quot;](70)" classname="TestRunners.TestRunner" time="2.859">
    <failure message="element not interactable&#10;  (Session info: chrome=131.0.6778.109)&#10;Build info: version: &apos;4.26.0&apos;, revision: &apos;8ccf0219d7&apos;&#10;System info: os.name: &apos;Windows 11&apos;, os.arch: &apos;amd64&apos;, os.version: &apos;10.0&apos;, java.version: &apos;21.0.5&apos;&#10;Driver info: org.openqa.selenium.chrome.ChromeDriver&#10;Command: [41e67a8b75be370fec2a684eaf9db743, sendKeysToElement {value=[Ljava.lang.CharSequence;@12d82800, id=f.0384A4A65192E89FFA2E8FEB125C6C4F.d.0E8B4FD92C3A8084851C28F976004775.e.60}]&#10;Capabilities {acceptInsecureCerts: false, browserName: chrome, browserVersion: 131.0.6778.109, chrome: {chromedriverVersion: 131.0.6778.87 (ce31cae94873..., userDataDir: C:\Users\vamsh\AppData\Loca...}, fedcm:accounts: true, goog:chromeOptions: {debuggerAddress: localhost:59444}, networkConnectionEnabled: false, pageLoadStrategy: normal, platformName: windows, proxy: Proxy(), se:cdp: ws://localhost:59444/devtoo..., se:cdpVersion: 131.0.6778.109, setWindowRect: true, strictFileInteractability: false, timeouts: {implicit: 0, pageLoad: 300000, script: 30000}, unhandledPromptBehavior: dismiss and notify, webauthn:extension:credBlob: true, webauthn:extension:largeBlob: true, webauthn:extension:minPinLength: true, webauthn:extension:prf: true, webauthn:virtualAuthenticators: true}&#10;Element: [[ChromeDriver: chrome on windows (41e67a8b75be370fec2a684eaf9db743)] -&gt; css selector: .CodeMirror textarea]&#10;Session ID: 41e67a8b75be370fec2a684eaf9db743" type="org.openqa.selenium.ElementNotInteractableException"><![CDATA[org.openqa.selenium.ElementNotInteractableException: 
element not interactable
  (Session info: chrome=131.0.6778.109)
Build info: version: '4.26.0', revision: '8ccf0219d7'
System info: os.name: 'Windows 11', os.arch: 'amd64', os.version: '10.0', java.version: '21.0.5'
Driver info: org.openqa.selenium.chrome.ChromeDriver
Command: [41e67a8b75be370fec2a684eaf9db743, sendKeysToElement {value=[Ljava.lang.CharSequence;@12d82800, id=f.0384A4A65192E89FFA2E8FEB125C6C4F.d.0E8B4FD92C3A8084851C28F976004775.e.60}]
Capabilities {acceptInsecureCerts: false, browserName: chrome, browserVersion: 131.0.6778.109, chrome: {chromedriverVersion: 131.0.6778.87 (ce31cae94873..., userDataDir: C:\Users\vamsh\AppData\Loca...}, fedcm:accounts: true, goog:chromeOptions: {debuggerAddress: localhost:59444}, networkConnectionEnabled: false, pageLoadStrategy: normal, platformName: windows, proxy: Proxy(), se:cdp: ws://localhost:59444/devtoo..., se:cdpVersion: 131.0.6778.109, setWindowRect: true, strictFileInteractability: false, timeouts: {implicit: 0, pageLoad: 300000, script: 30000}, unhandledPromptBehavior: dismiss and notify, webauthn:extension:credBlob: true, webauthn:extension:largeBlob: true, webauthn:extension:minPinLength: true, webauthn:extension:prf: true, webauthn:virtualAuthenticators: true}
Element: [[ChromeDriver: chrome on windows (41e67a8b75be370fec2a684eaf9db743)] -> css selector: .CodeMirror textarea]
Session ID: 41e67a8b75be370fec2a684eaf9db743
]]></failure>
    <system-out><![CDATA[
Scenario: Linked List home page                                &amp#27;[90m# src/test/resources/Features/LinkedList.feature:153&amp#27;[0m
  &amp#27;[32mGiven &amp#27;[0m&amp#27;[32mThe user is on the DS Introduction page as signedIn&amp#27;[0m           &amp#27;[90m# StepDefinitions.DSIntroductionDetails.the_user_is_on_the_ds_introduction_page_as_signed_in()&amp#27;[0m
  &amp#27;[32mAnd &amp#27;[0m&amp#27;[32mUser clicks on Get Started button from Linked List panel&amp#27;[0m        &amp#27;[90m# StepDefinitions.LinkedList.user_clicks_on_get_started_button_from_linked_list_panel()&amp#27;[0m
[INFO ] 2024-12-09 21:58:48.378 [TestNG-PoolService-2] Hooks - ======================  New Test Execution is STARTED!! ======================
  &amp#27;[32mGiven &amp#27;[0m&amp#27;[32mThe user is on the Traversal page&amp#27;[0m                             &amp#27;[90m# StepDefinitions.LinkedList.the_user_is_on_the_traversal_page()&amp#27;[0m
  &amp#27;[32mGiven &amp#27;[0m&amp#27;[32mThe user is on the DS Introduction page as signedIn&amp#27;[0m             &amp#27;[90m# StepDefinitions.DSIntroductionDetails.the_user_is_on_the_ds_introduction_page_as_signed_in()&amp#27;[0m
  &amp#27;[32mAnd &amp#27;[0m&amp#27;[32mThe user clicks Try Here button&amp#27;[0m                                 &amp#27;[90m# StepDefinitions.Tree.the_user_clicks_try_here_button()&amp#27;[0m
  &amp#27;[32mAnd &amp#27;[0m&amp#27;[32mUser clicks on Get Started button from Linked List panel&amp#27;[0m          &amp#27;[90m# StepDefinitions.LinkedList.user_clicks_on_get_started_button_from_linked_list_panel()&amp#27;[0m
  &amp#27;[31mWhen &amp#27;[0m&amp#27;[31mThe user writes the valid python code and clicks on Run button&amp#27;[0m &amp#27;[90m# StepDefinitions.Tree.the_user_writes_the_valid_python_code_and_clicks_on_run_button()&amp#27;[0m
      &amp#27;[31morg.openqa.selenium.ElementNotInteractableException: element not interactable
  (Session info: chrome=131.0.6778.109)
Build info: version: '4.26.0', revision: '8ccf0219d7'
System info: os.name: 'Windows 11', os.arch: 'amd64', os.version: '10.0', java.version: '21.0.5'
Driver info: org.openqa.selenium.chrome.ChromeDriver
Command: [41e67a8b75be370fec2a684eaf9db743, sendKeysToElement {value=[Ljava.lang.CharSequence;@12d82800, id=f.0384A4A65192E89FFA2E8FEB125C6C4F.d.0E8B4FD92C3A8084851C28F976004775.e.60}]
Capabilities {acceptInsecureCerts: false, browserName: chrome, browserVersion: 131.0.6778.109, chrome: {chromedriverVersion: 131.0.6778.87 (ce31cae94873..., userDataDir: C:\Users\vamsh\AppData\Loca...}, fedcm:accounts: true, goog:chromeOptions: {debuggerAddress: localhost:59444}, networkConnectionEnabled: false, pageLoadStrategy: normal, platformName: windows, proxy: Proxy(), se:cdp: ws://localhost:59444/devtoo..., se:cdpVersion: 131.0.6778.109, setWindowRect: true, strictFileInteractability: false, timeouts: {implicit: 0, pageLoad: 300000, script: 30000}, unhandledPromptBehavior: dismiss and notify, webauthn:extension:credBlob: true, webauthn:extension:largeBlob: true, webauthn:extension:minPinLength: true, webauthn:extension:prf: true, webauthn:virtualAuthenticators: true}
Element: [[ChromeDriver: chrome on windows (41e67a8b75be370fec2a684eaf9db743)] -> css selector: .CodeMirror textarea]
Session ID: 41e67a8b75be370fec2a684eaf9db743
	at java.base/jdk.internal.reflect.DirectConstructorHandleAccessor.newInstance(DirectConstructorHandleAccessor.java:62)
	at java.base/java.lang.reflect.Constructor.newInstanceWithCaller(Constructor.java:502)
	at java.base/java.lang.reflect.Constructor.newInstance(Constructor.java:486)
	at org.openqa.selenium.remote.ErrorCodec.decode(ErrorCodec.java:167)
	at org.openqa.selenium.remote.codec.w3c.W3CHttpResponseCodec.decode(W3CHttpResponseCodec.java:138)
	at org.openqa.selenium.remote.codec.w3c.W3CHttpResponseCodec.decode(W3CHttpResponseCodec.java:50)
	at org.openqa.selenium.remote.HttpCommandExecutor.execute(HttpCommandExecutor.java:190)
	at org.openqa.selenium.remote.service.DriverCommandExecutor.invokeExecute(DriverCommandExecutor.java:216)
	at org.openqa.selenium.remote.service.DriverCommandExecutor.execute(DriverCommandExecutor.java:174)
	at org.openqa.selenium.remote.RemoteWebDriver.execute(RemoteWebDriver.java:545)
	at org.openqa.selenium.remote.RemoteWebElement.execute(RemoteWebElement.java:223)
	at org.openqa.selenium.remote.RemoteWebElement.sendKeys(RemoteWebElement.java:110)
	at PageObjects.TreePage.writeInTryEditorWindow(TreePage.java:357)
	at StepDefinitions.Tree.the_user_writes_the_valid_python_code_and_clicks_on_run_button(Tree.java:85)
	at ✽.The user writes the valid python code and clicks on Run button(file:///C:/Projects/Repo1/src/test/resources/Features/LinkedList.feature:144)
&amp#27;[0m
  &amp#27;[36mThen &amp#27;[0m&amp#27;[36mThe user is able to see the output inside the console.&amp#27;[0m         &amp#27;[90m# StepDefinitions.Tree.the_user_is_able_to_see_the_output_inside_the_console()&amp#27;[0m
[ERROR] 2024-12-09 21:58:49.438 [TestNG-PoolService-1] Hooks - ======================  TEST CASE FAILED !! ======================

    Embedding screenshot [image/png 7853 bytes]

[INFO ] 2024-12-09 21:58:49.605 [TestNG-PoolService-1] Hooks - ======================  Screenshot is captured  ======================
[INFO ] 2024-12-09 21:58:49.605 [TestNG-PoolService-1] Hooks - ======================  Test Execution is completed!! ======================
  &amp#27;[32mGiven &amp#27;[0m&amp#27;[32mThe user is on the Traversal page&amp#27;[0m                               &amp#27;[90m# StepDefinitions.LinkedList.the_user_is_on_the_traversal_page()&amp#27;[0m
]]></system-out>
    <system-err><![CDATA[Dec 09, 2024 9:58:48 PM org.openqa.selenium.devtools.CdpVersionFinder findNearestMatch
WARNING: Unable to find an exact match for CDP version 131, returning the closest version; found: 130; Please update to a Selenium version that supports CDP version 131
]]></system-err>
  </testcase>
  <testcase name="runScenario[&quot;LL_Try Here Editor page with valid data&quot;, &quot;Linked List&quot;](70)" classname="TestRunners.TestRunner" time="9.5">
    <system-out><![CDATA[
Scenario: Linked List home page                                &amp#27;[90m# src/test/resources/Features/LinkedList.feature:153&amp#27;[0m

Scenario: LL_Try Here Editor page with invalid data                     &amp#27;[90m# src/test/resources/Features/LinkedList.feature:147&amp#27;[0m
[INFO ] 2024-12-09 22:09:00.968 [TestNG-PoolService-3] Hooks - ======================  New Test Execution is STARTED!! ======================
  &amp#27;[32mGiven &amp#27;[0m&amp#27;[32mThe user is on the DS Introduction page as signedIn&amp#27;[0m           &amp#27;[90m# StepDefinitions.DSIntroductionDetails.the_user_is_on_the_ds_introduction_page_as_signed_in()&amp#27;[0m
  &amp#27;[32mAnd &amp#27;[0m&amp#27;[32mUser clicks on Get Started button from Linked List panel&amp#27;[0m        &amp#27;[90m# StepDefinitions.LinkedList.user_clicks_on_get_started_button_from_linked_list_panel()&amp#27;[0m
  &amp#27;[32mGiven &amp#27;[0m&amp#27;[32mThe user is on the Traversal page&amp#27;[0m                             &amp#27;[90m# StepDefinitions.LinkedList.the_user_is_on_the_traversal_page()&amp#27;[0m
[INFO ] 2024-12-09 22:09:04.463 [TestNG-PoolService-2] Hooks - ======================  New Test Execution is STARTED!! ======================
[INFO ] 2024-12-09 22:09:05.134 [TestNG-PoolService-1] Hooks - ======================  New Test Execution is STARTED!! ======================
  &amp#27;[32mAnd &amp#27;[0m&amp#27;[32mThe user clicks Try Here button&amp#27;[0m                                 &amp#27;[90m# StepDefinitions.Tree.the_user_clicks_try_here_button()&amp#27;[0m
  &amp#27;[32mWhen &amp#27;[0m&amp#27;[32mThe user writes the valid python code and clicks on Run button&amp#27;[0m &amp#27;[90m# StepDefinitions.Tree.the_user_writes_the_valid_python_code_and_clicks_on_run_button()&amp#27;[0m
  &amp#27;[32mThen &amp#27;[0m&amp#27;[32mThe user is able to see the output inside the console.&amp#27;[0m         &amp#27;[90m# StepDefinitions.Tree.the_user_is_able_to_see_the_output_inside_the_console()&amp#27;[0m
[INFO ] 2024-12-09 22:09:05.797 [TestNG-PoolService-3] Hooks - ======================  Test Execution is completed!! ======================
  &amp#27;[32mGiven &amp#27;[0m&amp#27;[32mThe user is on the DS Introduction page as signedIn&amp#27;[0m             &amp#27;[90m# StepDefinitions.DSIntroductionDetails.the_user_is_on_the_ds_introduction_page_as_signed_in()&amp#27;[0m
  &amp#27;[32mGiven &amp#27;[0m&amp#27;[32mThe user is on the DS Introduction page as signedIn&amp#27;[0m    &amp#27;[90m# StepDefinitions.DSIntroductionDetails.the_user_is_on_the_ds_introduction_page_as_signed_in()&amp#27;[0m
  &amp#27;[32mAnd &amp#27;[0m&amp#27;[32mUser clicks on Get Started button from Linked List panel&amp#27;[0m          &amp#27;[90m# StepDefinitions.LinkedList.user_clicks_on_get_started_button_from_linked_list_panel()&amp#27;[0m
  &amp#27;[32mAnd &amp#27;[0m&amp#27;[32mUser clicks on Get Started button from Linked List panel&amp#27;[0m &amp#27;[90m# StepDefinitions.LinkedList.user_clicks_on_get_started_button_from_linked_list_panel()&amp#27;[0m
  &amp#27;[32mGiven &amp#27;[0m&amp#27;[32mThe user is on the Traversal page&amp#27;[0m                               &amp#27;[90m# StepDefinitions.LinkedList.the_user_is_on_the_traversal_page()&amp#27;[0m
]]></system-out>
  </testcase>
  <testcase name="runScenario[&quot;LL_Try Here Editor page with valid data&quot;, &quot;Linked List&quot;](70)" classname="TestRunners.TestRunner" time="5.298">
    <failure message="element not interactable&#10;  (Session info: MicrosoftEdge=131.0.2903.86)&#10;Build info: version: &apos;4.26.0&apos;, revision: &apos;8ccf0219d7&apos;&#10;System info: os.name: &apos;Windows 11&apos;, os.arch: &apos;amd64&apos;, os.version: &apos;10.0&apos;, java.version: &apos;21.0.5&apos;&#10;Driver info: org.openqa.selenium.edge.EdgeDriver&#10;Command: [be52ca8da9a4d922f5bdf52d67ee1d2e, sendKeysToElement {value=[Ljava.lang.CharSequence;@6c51587c, id=f.D38F333736CE87F7FAA0F311B95380EF.d.1594A5D4F4F4DA8AA486755E906BDE2E.e.38}]&#10;Capabilities {acceptInsecureCerts: false, browserName: MicrosoftEdge, browserVersion: 131.0.2903.86, fedcm:accounts: true, ms:edgeOptions: {debuggerAddress: localhost:61629}, msedge: {msedgedriverVersion: 131.0.2903.86 (cf5bf303997c..., userDataDir: C:\Users\vamsh\AppData\Loca...}, networkConnectionEnabled: false, pageLoadStrategy: normal, platformName: windows, proxy: Proxy(), se:cdp: ws://localhost:61629/devtoo..., se:cdpVersion: 131.0.2903.86, setWindowRect: true, strictFileInteractability: false, timeouts: {implicit: 0, pageLoad: 300000, script: 30000}, unhandledPromptBehavior: dismiss and notify, webauthn:extension:credBlob: true, webauthn:extension:largeBlob: true, webauthn:extension:minPinLength: true, webauthn:extension:prf: true, webauthn:virtualAuthenticators: true}&#10;Element: [[EdgeDriver: MicrosoftEdge on windows (be52ca8da9a4d922f5bdf52d67ee1d2e)] -&gt; css selector: .CodeMirror textarea]&#10;Session ID: be52ca8da9a4d922f5bdf52d67ee1d2e" type="org.openqa.selenium.ElementNotInteractableException"><![CDATA[org.openqa.selenium.ElementNotInteractableException: 
element not interactable
  (Session info: MicrosoftEdge=131.0.2903.86)
Build info: version: '4.26.0', revision: '8ccf0219d7'
System info: os.name: 'Windows 11', os.arch: 'amd64', os.version: '10.0', java.version: '21.0.5'
Driver info: org.openqa.selenium.edge.EdgeDriver
Command: [be52ca8da9a4d922f5bdf52d67ee1d2e, sendKeysToElement {value=[Ljava.lang.CharSequence;@6c51587c, id=f.D38F333736CE87F7FAA0F311B95380EF.d.1594A5D4F4F4DA8AA486755E906BDE2E.e.38}]
Capabilities {acceptInsecureCerts: false, browserName: MicrosoftEdge, browserVersion: 131.0.2903.86, fedcm:accounts: true, ms:edgeOptions: {debuggerAddress: localhost:61629}, msedge: {msedgedriverVersion: 131.0.2903.86 (cf5bf303997c..., userDataDir: C:\Users\vamsh\AppData\Loca...}, networkConnectionEnabled: false, pageLoadStrategy: normal, platformName: windows, proxy: Proxy(), se:cdp: ws://localhost:61629/devtoo..., se:cdpVersion: 131.0.2903.86, setWindowRect: true, strictFileInteractability: false, timeouts: {implicit: 0, pageLoad: 300000, script: 30000}, unhandledPromptBehavior: dismiss and notify, webauthn:extension:credBlob: true, webauthn:extension:largeBlob: true, webauthn:extension:minPinLength: true, webauthn:extension:prf: true, webauthn:virtualAuthenticators: true}
Element: [[EdgeDriver: MicrosoftEdge on windows (be52ca8da9a4d922f5bdf52d67ee1d2e)] -> css selector: .CodeMirror textarea]
Session ID: be52ca8da9a4d922f5bdf52d67ee1d2e
]]></failure>
    <system-out><![CDATA[
Scenario: Linked List home page                                &amp#27;[90m# src/test/resources/Features/LinkedList.feature:153&amp#27;[0m
  &amp#27;[32mGiven &amp#27;[0m&amp#27;[32mThe user is on the DS Introduction page as signedIn&amp#27;[0m           &amp#27;[90m# StepDefinitions.DSIntroductionDetails.the_user_is_on_the_ds_introduction_page_as_signed_in()&amp#27;[0m
  &amp#27;[32mAnd &amp#27;[0m&amp#27;[32mUser clicks on Get Started button from Linked List panel&amp#27;[0m        &amp#27;[90m# StepDefinitions.LinkedList.user_clicks_on_get_started_button_from_linked_list_panel()&amp#27;[0m
  &amp#27;[32mGiven &amp#27;[0m&amp#27;[32mThe user is on the Traversal page&amp#27;[0m                             &amp#27;[90m# StepDefinitions.LinkedList.the_user_is_on_the_traversal_page()&amp#27;[0m
[INFO ] 2024-12-09 22:22:35.590 [TestNG-PoolService-1] Hooks - ======================  New Test Execution is STARTED!! ======================
[INFO ] 2024-12-09 22:22:36.126 [TestNG-PoolService-3] Hooks - ======================  New Test Execution is STARTED!! ======================
  &amp#27;[32mAnd &amp#27;[0m&amp#27;[32mThe user clicks Try Here button&amp#27;[0m                                 &amp#27;[90m# StepDefinitions.Tree.the_user_clicks_try_here_button()&amp#27;[0m
  &amp#27;[31mWhen &amp#27;[0m&amp#27;[31mThe user writes the valid python code and clicks on Run button&amp#27;[0m &amp#27;[90m# StepDefinitions.Tree.the_user_writes_the_valid_python_code_and_clicks_on_run_button()&amp#27;[0m
      &amp#27;[31morg.openqa.selenium.ElementNotInteractableException: element not interactable
  (Session info: MicrosoftEdge=131.0.2903.86)
Build info: version: '4.26.0', revision: '8ccf0219d7'
System info: os.name: 'Windows 11', os.arch: 'amd64', os.version: '10.0', java.version: '21.0.5'
Driver info: org.openqa.selenium.edge.EdgeDriver
Command: [be52ca8da9a4d922f5bdf52d67ee1d2e, sendKeysToElement {value=[Ljava.lang.CharSequence;@6c51587c, id=f.D38F333736CE87F7FAA0F311B95380EF.d.1594A5D4F4F4DA8AA486755E906BDE2E.e.38}]
Capabilities {acceptInsecureCerts: false, browserName: MicrosoftEdge, browserVersion: 131.0.2903.86, fedcm:accounts: true, ms:edgeOptions: {debuggerAddress: localhost:61629}, msedge: {msedgedriverVersion: 131.0.2903.86 (cf5bf303997c..., userDataDir: C:\Users\vamsh\AppData\Loca...}, networkConnectionEnabled: false, pageLoadStrategy: normal, platformName: windows, proxy: Proxy(), se:cdp: ws://localhost:61629/devtoo..., se:cdpVersion: 131.0.2903.86, setWindowRect: true, strictFileInteractability: false, timeouts: {implicit: 0, pageLoad: 300000, script: 30000}, unhandledPromptBehavior: dismiss and notify, webauthn:extension:credBlob: true, webauthn:extension:largeBlob: true, webauthn:extension:minPinLength: true, webauthn:extension:prf: true, webauthn:virtualAuthenticators: true}
Element: [[EdgeDriver: MicrosoftEdge on windows (be52ca8da9a4d922f5bdf52d67ee1d2e)] -> css selector: .CodeMirror textarea]
Session ID: be52ca8da9a4d922f5bdf52d67ee1d2e
	at java.base/jdk.internal.reflect.DirectConstructorHandleAccessor.newInstance(DirectConstructorHandleAccessor.java:62)
	at java.base/java.lang.reflect.Constructor.newInstanceWithCaller(Constructor.java:502)
	at java.base/java.lang.reflect.Constructor.newInstance(Constructor.java:486)
	at org.openqa.selenium.remote.ErrorCodec.decode(ErrorCodec.java:167)
	at org.openqa.selenium.remote.codec.w3c.W3CHttpResponseCodec.decode(W3CHttpResponseCodec.java:138)
	at org.openqa.selenium.remote.codec.w3c.W3CHttpResponseCodec.decode(W3CHttpResponseCodec.java:50)
	at org.openqa.selenium.remote.HttpCommandExecutor.execute(HttpCommandExecutor.java:190)
	at org.openqa.selenium.remote.service.DriverCommandExecutor.invokeExecute(DriverCommandExecutor.java:216)
	at org.openqa.selenium.remote.service.DriverCommandExecutor.execute(DriverCommandExecutor.java:174)
	at org.openqa.selenium.remote.RemoteWebDriver.execute(RemoteWebDriver.java:545)
	at org.openqa.selenium.remote.RemoteWebElement.execute(RemoteWebElement.java:223)
	at org.openqa.selenium.remote.RemoteWebElement.sendKeys(RemoteWebElement.java:110)
	at PageObjects.TreePage.writeInTryEditorWindow(TreePage.java:357)
	at StepDefinitions.Tree.the_user_writes_the_valid_python_code_and_clicks_on_run_button(Tree.java:85)
	at ✽.The user writes the valid python code and clicks on Run button(file:///C:/Projects/Repo1/src/test/resources/Features/LinkedList.feature:144)
&amp#27;[0m
  &amp#27;[36mThen &amp#27;[0m&amp#27;[36mThe user is able to see the output inside the console.&amp#27;[0m         &amp#27;[90m# StepDefinitions.Tree.the_user_is_able_to_see_the_output_inside_the_console()&amp#27;[0m
[ERROR] 2024-12-09 22:22:36.629 [TestNG-PoolService-2] Hooks - ======================  TEST CASE FAILED !! ======================

    Embedding screenshot [image/png 7890 bytes]

[INFO ] 2024-12-09 22:22:36.867 [TestNG-PoolService-2] Hooks - ======================  Screenshot is captured  ======================
[INFO ] 2024-12-09 22:22:36.871 [TestNG-PoolService-2] Hooks - ======================  Test Execution is completed!! ======================
]]></system-out>
    <system-err><![CDATA[Dec 09, 2024 10:22:35 PM org.openqa.selenium.devtools.CdpVersionFinder findNearestMatch
WARNING: Unable to find an exact match for CDP version 131, returning the closest version; found: 130; Please update to a Selenium version that supports CDP version 131
Dec 09, 2024 10:22:35 PM org.openqa.selenium.devtools.CdpVersionFinder findNearestMatch
WARNING: Unable to find an exact match for CDP version 131, returning the closest version; found: 130; Please update to a Selenium version that supports CDP version 131
]]></system-err>
  </testcase>
  <testcase name="runScenario[&quot;LL_Try Here Editor page with invalid data&quot;, &quot;Linked List&quot;](71)" classname="TestRunners.TestRunner" time="1.146">
    <failure message="element not interactable&#10;  (Session info: chrome=131.0.6778.109)&#10;Build info: version: &apos;4.26.0&apos;, revision: &apos;8ccf0219d7&apos;&#10;System info: os.name: &apos;Windows 11&apos;, os.arch: &apos;amd64&apos;, os.version: &apos;10.0&apos;, java.version: &apos;21.0.5&apos;&#10;Driver info: org.openqa.selenium.chrome.ChromeDriver&#10;Command: [5e969641cafc7a56e6c875a75f695b3d, sendKeysToElement {value=[Ljava.lang.CharSequence;@e5ec5b, id=f.9863466C470D77DA1B4D09B110C3C97B.d.D3BD1B9BE9187B761C05D2366FF905EC.e.52}]&#10;Capabilities {acceptInsecureCerts: false, browserName: chrome, browserVersion: 131.0.6778.109, chrome: {chromedriverVersion: 131.0.6778.87 (ce31cae94873..., userDataDir: C:\Users\vamsh\AppData\Loca...}, fedcm:accounts: true, goog:chromeOptions: {debuggerAddress: localhost:59463}, networkConnectionEnabled: false, pageLoadStrategy: normal, platformName: windows, proxy: Proxy(), se:cdp: ws://localhost:59463/devtoo..., se:cdpVersion: 131.0.6778.109, setWindowRect: true, strictFileInteractability: false, timeouts: {implicit: 0, pageLoad: 300000, script: 30000}, unhandledPromptBehavior: dismiss and notify, webauthn:extension:credBlob: true, webauthn:extension:largeBlob: true, webauthn:extension:minPinLength: true, webauthn:extension:prf: true, webauthn:virtualAuthenticators: true}&#10;Element: [[ChromeDriver: chrome on windows (5e969641cafc7a56e6c875a75f695b3d)] -&gt; css selector: .CodeMirror textarea]&#10;Session ID: 5e969641cafc7a56e6c875a75f695b3d" type="org.openqa.selenium.ElementNotInteractableException"><![CDATA[org.openqa.selenium.ElementNotInteractableException: 
element not interactable
  (Session info: chrome=131.0.6778.109)
Build info: version: '4.26.0', revision: '8ccf0219d7'
System info: os.name: 'Windows 11', os.arch: 'amd64', os.version: '10.0', java.version: '21.0.5'
Driver info: org.openqa.selenium.chrome.ChromeDriver
Command: [5e969641cafc7a56e6c875a75f695b3d, sendKeysToElement {value=[Ljava.lang.CharSequence;@e5ec5b, id=f.9863466C470D77DA1B4D09B110C3C97B.d.D3BD1B9BE9187B761C05D2366FF905EC.e.52}]
Capabilities {acceptInsecureCerts: false, browserName: chrome, browserVersion: 131.0.6778.109, chrome: {chromedriverVersion: 131.0.6778.87 (ce31cae94873..., userDataDir: C:\Users\vamsh\AppData\Loca...}, fedcm:accounts: true, goog:chromeOptions: {debuggerAddress: localhost:59463}, networkConnectionEnabled: false, pageLoadStrategy: normal, platformName: windows, proxy: Proxy(), se:cdp: ws://localhost:59463/devtoo..., se:cdpVersion: 131.0.6778.109, setWindowRect: true, strictFileInteractability: false, timeouts: {implicit: 0, pageLoad: 300000, script: 30000}, unhandledPromptBehavior: dismiss and notify, webauthn:extension:credBlob: true, webauthn:extension:largeBlob: true, webauthn:extension:minPinLength: true, webauthn:extension:prf: true, webauthn:virtualAuthenticators: true}
Element: [[ChromeDriver: chrome on windows (5e969641cafc7a56e6c875a75f695b3d)] -> css selector: .CodeMirror textarea]
Session ID: 5e969641cafc7a56e6c875a75f695b3d
]]></failure>
    <system-out><![CDATA[
Scenario: Insertion                                                  &amp#27;[90m# src/test/resources/Features/LinkedList.feature:158&amp#27;[0m
  &amp#27;[32mAnd &amp#27;[0m&amp#27;[32mThe user clicks Try Here button&amp#27;[0m                                   &amp#27;[90m# StepDefinitions.Tree.the_user_clicks_try_here_button()&amp#27;[0m
  &amp#27;[31mWhen &amp#27;[0m&amp#27;[31mThe user writes the invalid python code and clicks on Run button&amp#27;[0m &amp#27;[90m# StepDefinitions.Tree.the_user_writes_the_invalid_python_code_and_clicks_on_run_button()&amp#27;[0m
      &amp#27;[31morg.openqa.selenium.ElementNotInteractableException: element not interactable
  (Session info: chrome=131.0.6778.109)
Build info: version: '4.26.0', revision: '8ccf0219d7'
System info: os.name: 'Windows 11', os.arch: 'amd64', os.version: '10.0', java.version: '21.0.5'
Driver info: org.openqa.selenium.chrome.ChromeDriver
Command: [5e969641cafc7a56e6c875a75f695b3d, sendKeysToElement {value=[Ljava.lang.CharSequence;@e5ec5b, id=f.9863466C470D77DA1B4D09B110C3C97B.d.D3BD1B9BE9187B761C05D2366FF905EC.e.52}]
Capabilities {acceptInsecureCerts: false, browserName: chrome, browserVersion: 131.0.6778.109, chrome: {chromedriverVersion: 131.0.6778.87 (ce31cae94873..., userDataDir: C:\Users\vamsh\AppData\Loca...}, fedcm:accounts: true, goog:chromeOptions: {debuggerAddress: localhost:59463}, networkConnectionEnabled: false, pageLoadStrategy: normal, platformName: windows, proxy: Proxy(), se:cdp: ws://localhost:59463/devtoo..., se:cdpVersion: 131.0.6778.109, setWindowRect: true, strictFileInteractability: false, timeouts: {implicit: 0, pageLoad: 300000, script: 30000}, unhandledPromptBehavior: dismiss and notify, webauthn:extension:credBlob: true, webauthn:extension:largeBlob: true, webauthn:extension:minPinLength: true, webauthn:extension:prf: true, webauthn:virtualAuthenticators: true}
Element: [[ChromeDriver: chrome on windows (5e969641cafc7a56e6c875a75f695b3d)] -> css selector: .CodeMirror textarea]
Session ID: 5e969641cafc7a56e6c875a75f695b3d
	at java.base/jdk.internal.reflect.DirectConstructorHandleAccessor.newInstance(DirectConstructorHandleAccessor.java:62)
	at java.base/java.lang.reflect.Constructor.newInstanceWithCaller(Constructor.java:502)
	at java.base/java.lang.reflect.Constructor.newInstance(Constructor.java:486)
	at org.openqa.selenium.remote.ErrorCodec.decode(ErrorCodec.java:167)
	at org.openqa.selenium.remote.codec.w3c.W3CHttpResponseCodec.decode(W3CHttpResponseCodec.java:138)
	at org.openqa.selenium.remote.codec.w3c.W3CHttpResponseCodec.decode(W3CHttpResponseCodec.java:50)
	at org.openqa.selenium.remote.HttpCommandExecutor.execute(HttpCommandExecutor.java:190)
	at org.openqa.selenium.remote.service.DriverCommandExecutor.invokeExecute(DriverCommandExecutor.java:216)
	at org.openqa.selenium.remote.service.DriverCommandExecutor.execute(DriverCommandExecutor.java:174)
	at org.openqa.selenium.remote.RemoteWebDriver.execute(RemoteWebDriver.java:545)
	at org.openqa.selenium.remote.RemoteWebElement.execute(RemoteWebElement.java:223)
	at org.openqa.selenium.remote.RemoteWebElement.sendKeys(RemoteWebElement.java:110)
	at PageObjects.TreePage.writeInTryEditorWindow(TreePage.java:357)
	at StepDefinitions.Tree.the_user_writes_the_invalid_python_code_and_clicks_on_run_button(Tree.java:96)
	at ✽.The user writes the invalid python code and clicks on Run button(file:///C:/Projects/Repo1/src/test/resources/Features/LinkedList.feature:150)
&amp#27;[0m
  &amp#27;[36mThen &amp#27;[0m&amp#27;[36mThe user see error msg in alert window&amp#27;[0m                           &amp#27;[90m# StepDefinitions.Tree.the_user_see_error_msg_in_alert_window()&amp#27;[0m
[ERROR] 2024-12-09 21:58:50.531 [TestNG-PoolService-3] Hooks - ======================  TEST CASE FAILED !! ======================

    Embedding screenshot [image/png 7853 bytes]

[INFO ] 2024-12-09 21:58:50.668 [TestNG-PoolService-3] Hooks - ======================  Screenshot is captured  ======================
[INFO ] 2024-12-09 21:58:50.668 [TestNG-PoolService-3] Hooks - ======================  Test Execution is completed!! ======================
]]></system-out>
  </testcase>
  <testcase name="runScenario[&quot;Linked List home page&quot;, &quot;Linked List&quot;](72)" classname="TestRunners.TestRunner" time="1.481">
    <system-out><![CDATA[
Scenario: LL_Try Here Editor page with empty data                            &amp#27;[90m# src/test/resources/Features/LinkedList.feature:163&amp#27;[0m
  &amp#27;[32mGiven &amp#27;[0m&amp#27;[32mThe user is on the DS Introduction page as signedIn&amp#27;[0m    &amp#27;[90m# StepDefinitions.DSIntroductionDetails.the_user_is_on_the_ds_introduction_page_as_signed_in()&amp#27;[0m
[INFO ] 2024-12-09 21:58:51.272 [TestNG-PoolService-1] Hooks - ======================  New Test Execution is STARTED!! ======================
  &amp#27;[32mAnd &amp#27;[0m&amp#27;[32mUser clicks on Get Started button from Linked List panel&amp#27;[0m &amp#27;[90m# StepDefinitions.LinkedList.user_clicks_on_get_started_button_from_linked_list_panel()&amp#27;[0m
  &amp#27;[32mGiven &amp#27;[0m&amp#27;[32mThe user is on the Traversal page&amp#27;[0m                      &amp#27;[90m# StepDefinitions.LinkedList.the_user_is_on_the_traversal_page()&amp#27;[0m
  &amp#27;[32mWhen &amp#27;[0m&amp#27;[32mThe user clicks Insertion link&amp#27;[0m                          &amp#27;[90m# StepDefinitions.LinkedList.the_user_clicks_insertion_link()&amp#27;[0m
  &amp#27;[32mThen &amp#27;[0m&amp#27;[32mThe user is redirected to Insertion page.&amp#27;[0m               &amp#27;[90m# StepDefinitions.LinkedList.the_user_is_redirected_to_insertion_page()&amp#27;[0m
[INFO ] 2024-12-09 21:58:52.123 [TestNG-PoolService-2] Hooks - ======================  Test Execution is completed!! ======================
[INFO ] 2024-12-09 21:58:52.442 [TestNG-PoolService-3] Hooks - ======================  New Test Execution is STARTED!! ======================
]]></system-out>
    <system-err><![CDATA[Dec 09, 2024 9:58:51 PM org.openqa.selenium.devtools.CdpVersionFinder findNearestMatch
WARNING: Unable to find an exact match for CDP version 131, returning the closest version; found: 130; Please update to a Selenium version that supports CDP version 131
Dec 09, 2024 9:58:52 PM org.openqa.selenium.devtools.CdpVersionFinder findNearestMatch
WARNING: Unable to find an exact match for CDP version 131, returning the closest version; found: 130; Please update to a Selenium version that supports CDP version 131
]]></system-err>
  </testcase>
  <testcase name="runScenario[&quot;Insertion&quot;, &quot;Linked List&quot;](73)" classname="TestRunners.TestRunner" time="3.63">
    <system-out><![CDATA[
Scenario: LL_Try Here Editor page with valid data                     &amp#27;[90m# src/test/resources/Features/LinkedList.feature:169&amp#27;[0m
[INFO ] 2024-12-09 21:58:53.658 [TestNG-PoolService-2] Hooks - ======================  New Test Execution is STARTED!! ======================
  &amp#27;[32mGiven &amp#27;[0m&amp#27;[32mThe user is on the DS Introduction page as signedIn&amp#27;[0m          &amp#27;[90m# StepDefinitions.DSIntroductionDetails.the_user_is_on_the_ds_introduction_page_as_signed_in()&amp#27;[0m
  &amp#27;[32mAnd &amp#27;[0m&amp#27;[32mUser clicks on Get Started button from Linked List panel&amp#27;[0m       &amp#27;[90m# StepDefinitions.LinkedList.user_clicks_on_get_started_button_from_linked_list_panel()&amp#27;[0m
  &amp#27;[32mGiven &amp#27;[0m&amp#27;[32mThe user is on the Insertion page&amp#27;[0m                            &amp#27;[90m# StepDefinitions.LinkedList.the_user_is_on_the_insertion_page()&amp#27;[0m
  &amp#27;[32mGiven &amp#27;[0m&amp#27;[32mThe user is on the DS Introduction page as signedIn&amp#27;[0m                  &amp#27;[90m# StepDefinitions.DSIntroductionDetails.the_user_is_on_the_ds_introduction_page_as_signed_in()&amp#27;[0m
  &amp#27;[32mAnd &amp#27;[0m&amp#27;[32mUser clicks on Get Started button from Linked List panel&amp#27;[0m               &amp#27;[90m# StepDefinitions.LinkedList.user_clicks_on_get_started_button_from_linked_list_panel()&amp#27;[0m
  &amp#27;[32mGiven &amp#27;[0m&amp#27;[32mThe user is on the Insertion page&amp#27;[0m                                    &amp#27;[90m# StepDefinitions.LinkedList.the_user_is_on_the_insertion_page()&amp#27;[0m
  &amp#27;[32mWhen &amp#27;[0m&amp#27;[32mThe user clicks Try Here button&amp#27;[0m                               &amp#27;[90m# StepDefinitions.Tree.the_user_clicks_try_here_button()&amp#27;[0m
  &amp#27;[32mThen &amp#27;[0m&amp#27;[32mThe user is redirected to a page having Editor and run button&amp#27;[0m &amp#27;[90m# StepDefinitions.Tree.the_user_is_redirected_to_a_page_having_editor_and_run_button()&amp#27;[0m
[INFO ] 2024-12-09 21:58:55.940 [TestNG-PoolService-1] Hooks - ======================  Test Execution is completed!! ======================
  &amp#27;[32mGiven &amp#27;[0m&amp#27;[32mThe user is on the DS Introduction page as signedIn&amp#27;[0m           &amp#27;[90m# StepDefinitions.DSIntroductionDetails.the_user_is_on_the_ds_introduction_page_as_signed_in()&amp#27;[0m
]]></system-out>
    <system-err><![CDATA[Dec 09, 2024 9:58:53 PM org.openqa.selenium.devtools.CdpVersionFinder findNearestMatch
WARNING: Unable to find an exact match for CDP version 131, returning the closest version; found: 130; Please update to a Selenium version that supports CDP version 131
]]></system-err>
  </testcase>
  <testcase name="runScenario[&quot;Insertion&quot;, &quot;Linked List&quot;](73)" classname="TestRunners.TestRunner" time="9.11">
    <system-out><![CDATA[
Scenario: LL_Try Here Editor page with valid data                     &amp#27;[90m# src/test/resources/Features/LinkedList.feature:169&amp#27;[0m
[INFO ] 2024-12-09 22:09:13.433 [TestNG-PoolService-3] Hooks - ======================  New Test Execution is STARTED!! ======================
  &amp#27;[32mGiven &amp#27;[0m&amp#27;[32mThe user is on the DS Introduction page as signedIn&amp#27;[0m          &amp#27;[90m# StepDefinitions.DSIntroductionDetails.the_user_is_on_the_ds_introduction_page_as_signed_in()&amp#27;[0m
  &amp#27;[32mAnd &amp#27;[0m&amp#27;[32mUser clicks on Get Started button from Linked List panel&amp#27;[0m       &amp#27;[90m# StepDefinitions.LinkedList.user_clicks_on_get_started_button_from_linked_list_panel()&amp#27;[0m
  &amp#27;[32mGiven &amp#27;[0m&amp#27;[32mThe user is on the Insertion page&amp#27;[0m                            &amp#27;[90m# StepDefinitions.LinkedList.the_user_is_on_the_insertion_page()&amp#27;[0m
[INFO ] 2024-12-09 22:09:17.501 [TestNG-PoolService-2] Hooks - ======================  New Test Execution is STARTED!! ======================
  &amp#27;[32mWhen &amp#27;[0m&amp#27;[32mThe user clicks Try Here button&amp#27;[0m                               &amp#27;[90m# StepDefinitions.Tree.the_user_clicks_try_here_button()&amp#27;[0m
  &amp#27;[32mThen &amp#27;[0m&amp#27;[32mThe user is redirected to a page having Editor and run button&amp#27;[0m &amp#27;[90m# StepDefinitions.Tree.the_user_is_redirected_to_a_page_having_editor_and_run_button()&amp#27;[0m
[INFO ] 2024-12-09 22:09:17.657 [TestNG-PoolService-3] Hooks - ======================  Test Execution is completed!! ======================
[INFO ] 2024-12-09 22:09:18.126 [TestNG-PoolService-1] Hooks - ======================  New Test Execution is STARTED!! ======================
  &amp#27;[32mGiven &amp#27;[0m&amp#27;[32mThe user is on the DS Introduction page as signedIn&amp#27;[0m                  &amp#27;[90m# StepDefinitions.DSIntroductionDetails.the_user_is_on_the_ds_introduction_page_as_signed_in()&amp#27;[0m
]]></system-out>
  </testcase>
  <testcase name="runScenario[&quot;Insertion&quot;, &quot;Linked List&quot;](73)" classname="TestRunners.TestRunner" time="3.506">
    <system-out><![CDATA[
Scenario: LL_Try Here Editor page with valid data                     &amp#27;[90m# src/test/resources/Features/LinkedList.feature:169&amp#27;[0m
  &amp#27;[32mGiven &amp#27;[0m&amp#27;[32mThe user is on the DS Introduction page as signedIn&amp#27;[0m          &amp#27;[90m# StepDefinitions.DSIntroductionDetails.the_user_is_on_the_ds_introduction_page_as_signed_in()&amp#27;[0m
  &amp#27;[32mAnd &amp#27;[0m&amp#27;[32mUser clicks on Get Started button from Linked List panel&amp#27;[0m       &amp#27;[90m# StepDefinitions.LinkedList.user_clicks_on_get_started_button_from_linked_list_panel()&amp#27;[0m
  &amp#27;[32mGiven &amp#27;[0m&amp#27;[32mThe user is on the Insertion page&amp#27;[0m                            &amp#27;[90m# StepDefinitions.LinkedList.the_user_is_on_the_insertion_page()&amp#27;[0m
  &amp#27;[32mWhen &amp#27;[0m&amp#27;[32mThe user clicks Try Here button&amp#27;[0m                               &amp#27;[90m# StepDefinitions.Tree.the_user_clicks_try_here_button()&amp#27;[0m
  &amp#27;[32mThen &amp#27;[0m&amp#27;[32mThe user is redirected to a page having Editor and run button&amp#27;[0m &amp#27;[90m# StepDefinitions.Tree.the_user_is_redirected_to_a_page_having_editor_and_run_button()&amp#27;[0m
[INFO ] 2024-12-09 22:22:44.806 [TestNG-PoolService-2] Hooks - ======================  Test Execution is completed!! ======================
[INFO ] 2024-12-09 22:22:44.982 [TestNG-PoolService-3] Hooks - ======================  New Test Execution is STARTED!! ======================
[INFO ] 2024-12-09 22:22:45.841 [TestNG-PoolService-1] Hooks - ======================  New Test Execution is STARTED!! ======================
]]></system-out>
    <system-err><![CDATA[Dec 09, 2024 10:22:44 PM org.openqa.selenium.devtools.CdpVersionFinder findNearestMatch
WARNING: Unable to find an exact match for CDP version 131, returning the closest version; found: 130; Please update to a Selenium version that supports CDP version 131
Dec 09, 2024 10:22:45 PM org.openqa.selenium.devtools.CdpVersionFinder findNearestMatch
WARNING: Unable to find an exact match for CDP version 131, returning the closest version; found: 130; Please update to a Selenium version that supports CDP version 131
]]></system-err>
  </testcase>
  <testcase name="runScenario[&quot;LL_Try Here Editor page with empty data&quot;, &quot;Linked List&quot;](74)" classname="TestRunners.TestRunner" time="1.266">
    <failure message="element not interactable&#10;  (Session info: chrome=131.0.6778.109)&#10;Build info: version: &apos;4.26.0&apos;, revision: &apos;8ccf0219d7&apos;&#10;System info: os.name: &apos;Windows 11&apos;, os.arch: &apos;amd64&apos;, os.version: &apos;10.0&apos;, java.version: &apos;21.0.5&apos;&#10;Driver info: org.openqa.selenium.chrome.ChromeDriver&#10;Command: [801b4ea04dbb9178acaaeb78c6e8c0f2, sendKeysToElement {value=[Ljava.lang.CharSequence;@4fb1ef54, id=f.EF3EED72011860D03F2A195892625431.d.9892A42E86515E195D908696DCB8D008.e.60}]&#10;Capabilities {acceptInsecureCerts: false, browserName: chrome, browserVersion: 131.0.6778.109, chrome: {chromedriverVersion: 131.0.6778.87 (ce31cae94873..., userDataDir: C:\Users\vamsh\AppData\Loca...}, fedcm:accounts: true, goog:chromeOptions: {debuggerAddress: localhost:59553}, networkConnectionEnabled: false, pageLoadStrategy: normal, platformName: windows, proxy: Proxy(), se:cdp: ws://localhost:59553/devtoo..., se:cdpVersion: 131.0.6778.109, setWindowRect: true, strictFileInteractability: false, timeouts: {implicit: 0, pageLoad: 300000, script: 30000}, unhandledPromptBehavior: dismiss and notify, webauthn:extension:credBlob: true, webauthn:extension:largeBlob: true, webauthn:extension:minPinLength: true, webauthn:extension:prf: true, webauthn:virtualAuthenticators: true}&#10;Element: [[ChromeDriver: chrome on windows (801b4ea04dbb9178acaaeb78c6e8c0f2)] -&gt; css selector: .CodeMirror textarea]&#10;Session ID: 801b4ea04dbb9178acaaeb78c6e8c0f2" type="org.openqa.selenium.ElementNotInteractableException"><![CDATA[org.openqa.selenium.ElementNotInteractableException: 
element not interactable
  (Session info: chrome=131.0.6778.109)
Build info: version: '4.26.0', revision: '8ccf0219d7'
System info: os.name: 'Windows 11', os.arch: 'amd64', os.version: '10.0', java.version: '21.0.5'
Driver info: org.openqa.selenium.chrome.ChromeDriver
Command: [801b4ea04dbb9178acaaeb78c6e8c0f2, sendKeysToElement {value=[Ljava.lang.CharSequence;@4fb1ef54, id=f.EF3EED72011860D03F2A195892625431.d.9892A42E86515E195D908696DCB8D008.e.60}]
Capabilities {acceptInsecureCerts: false, browserName: chrome, browserVersion: 131.0.6778.109, chrome: {chromedriverVersion: 131.0.6778.87 (ce31cae94873..., userDataDir: C:\Users\vamsh\AppData\Loca...}, fedcm:accounts: true, goog:chromeOptions: {debuggerAddress: localhost:59553}, networkConnectionEnabled: false, pageLoadStrategy: normal, platformName: windows, proxy: Proxy(), se:cdp: ws://localhost:59553/devtoo..., se:cdpVersion: 131.0.6778.109, setWindowRect: true, strictFileInteractability: false, timeouts: {implicit: 0, pageLoad: 300000, script: 30000}, unhandledPromptBehavior: dismiss and notify, webauthn:extension:credBlob: true, webauthn:extension:largeBlob: true, webauthn:extension:minPinLength: true, webauthn:extension:prf: true, webauthn:virtualAuthenticators: true}
Element: [[ChromeDriver: chrome on windows (801b4ea04dbb9178acaaeb78c6e8c0f2)] -> css selector: .CodeMirror textarea]
Session ID: 801b4ea04dbb9178acaaeb78c6e8c0f2
]]></failure>
    <system-out><![CDATA[
Scenario: LL_Try Here Editor page with invalid data                     &amp#27;[90m# src/test/resources/Features/LinkedList.feature:175&amp#27;[0m
  &amp#27;[32mAnd &amp#27;[0m&amp#27;[32mUser clicks on Get Started button from Linked List panel&amp#27;[0m        &amp#27;[90m# StepDefinitions.LinkedList.user_clicks_on_get_started_button_from_linked_list_panel()&amp#27;[0m
  &amp#27;[32mGiven &amp#27;[0m&amp#27;[32mThe user is on the Insertion page&amp#27;[0m                             &amp#27;[90m# StepDefinitions.LinkedList.the_user_is_on_the_insertion_page()&amp#27;[0m
  &amp#27;[32mAnd &amp#27;[0m&amp#27;[32mThe user clicks Try Here button&amp#27;[0m                                        &amp#27;[90m# StepDefinitions.Tree.the_user_clicks_try_here_button()&amp#27;[0m
  &amp#27;[31mWhen &amp#27;[0m&amp#27;[31mThe user writes no code inside editor window and clicks on Run button&amp#27;[0m &amp#27;[90m# StepDefinitions.Tree.the_user_writes_no_code_inside_editor_window_and_clicks_on_run_button()&amp#27;[0m
      &amp#27;[31morg.openqa.selenium.ElementNotInteractableException: element not interactable
  (Session info: chrome=131.0.6778.109)
Build info: version: '4.26.0', revision: '8ccf0219d7'
System info: os.name: 'Windows 11', os.arch: 'amd64', os.version: '10.0', java.version: '21.0.5'
Driver info: org.openqa.selenium.chrome.ChromeDriver
Command: [801b4ea04dbb9178acaaeb78c6e8c0f2, sendKeysToElement {value=[Ljava.lang.CharSequence;@4fb1ef54, id=f.EF3EED72011860D03F2A195892625431.d.9892A42E86515E195D908696DCB8D008.e.60}]
Capabilities {acceptInsecureCerts: false, browserName: chrome, browserVersion: 131.0.6778.109, chrome: {chromedriverVersion: 131.0.6778.87 (ce31cae94873..., userDataDir: C:\Users\vamsh\AppData\Loca...}, fedcm:accounts: true, goog:chromeOptions: {debuggerAddress: localhost:59553}, networkConnectionEnabled: false, pageLoadStrategy: normal, platformName: windows, proxy: Proxy(), se:cdp: ws://localhost:59553/devtoo..., se:cdpVersion: 131.0.6778.109, setWindowRect: true, strictFileInteractability: false, timeouts: {implicit: 0, pageLoad: 300000, script: 30000}, unhandledPromptBehavior: dismiss and notify, webauthn:extension:credBlob: true, webauthn:extension:largeBlob: true, webauthn:extension:minPinLength: true, webauthn:extension:prf: true, webauthn:virtualAuthenticators: true}
Element: [[ChromeDriver: chrome on windows (801b4ea04dbb9178acaaeb78c6e8c0f2)] -> css selector: .CodeMirror textarea]
Session ID: 801b4ea04dbb9178acaaeb78c6e8c0f2
	at java.base/jdk.internal.reflect.DirectConstructorHandleAccessor.newInstance(DirectConstructorHandleAccessor.java:62)
	at java.base/java.lang.reflect.Constructor.newInstanceWithCaller(Constructor.java:502)
	at java.base/java.lang.reflect.Constructor.newInstance(Constructor.java:486)
	at org.openqa.selenium.remote.ErrorCodec.decode(ErrorCodec.java:167)
	at org.openqa.selenium.remote.codec.w3c.W3CHttpResponseCodec.decode(W3CHttpResponseCodec.java:138)
	at org.openqa.selenium.remote.codec.w3c.W3CHttpResponseCodec.decode(W3CHttpResponseCodec.java:50)
	at org.openqa.selenium.remote.HttpCommandExecutor.execute(HttpCommandExecutor.java:190)
	at org.openqa.selenium.remote.service.DriverCommandExecutor.invokeExecute(DriverCommandExecutor.java:216)
	at org.openqa.selenium.remote.service.DriverCommandExecutor.execute(DriverCommandExecutor.java:174)
	at org.openqa.selenium.remote.RemoteWebDriver.execute(RemoteWebDriver.java:545)
	at org.openqa.selenium.remote.RemoteWebElement.execute(RemoteWebElement.java:223)
	at org.openqa.selenium.remote.RemoteWebElement.sendKeys(RemoteWebElement.java:110)
	at PageObjects.TreePage.writeInTryEditorWindow(TreePage.java:357)
	at StepDefinitions.Tree.the_user_writes_no_code_inside_editor_window_and_clicks_on_run_button(Tree.java:73)
	at ✽.The user writes no code inside editor window and clicks on Run button(file:///C:/Projects/Repo1/src/test/resources/Features/LinkedList.feature:166)
&amp#27;[0m
  &amp#27;[36mThen &amp#27;[0m&amp#27;[36mNothing happens to the Editor page and no error message is displayed&amp#27;[0m  &amp#27;[90m# StepDefinitions.Tree.nothing_happens_to_the_editor_page_and_no_error_message_is_displayed()&amp#27;[0m
[ERROR] 2024-12-09 21:58:56.704 [TestNG-PoolService-3] Hooks - ======================  TEST CASE FAILED !! ======================

    Embedding screenshot [image/png 7853 bytes]

[INFO ] 2024-12-09 21:58:56.943 [TestNG-PoolService-3] Hooks - ======================  Screenshot is captured  ======================
[INFO ] 2024-12-09 21:58:56.946 [TestNG-PoolService-3] Hooks - ======================  Test Execution is completed!! ======================
  &amp#27;[32mAnd &amp#27;[0m&amp#27;[32mThe user clicks Try Here button&amp#27;[0m                                 &amp#27;[90m# StepDefinitions.Tree.the_user_clicks_try_here_button()&amp#27;[0m
]]></system-out>
    <system-err><![CDATA[Dec 09, 2024 9:58:57 PM org.openqa.selenium.devtools.CdpVersionFinder findNearestMatch
WARNING: Unable to find an exact match for CDP version 131, returning the closest version; found: 130; Please update to a Selenium version that supports CDP version 131
]]></system-err>
  </testcase>
  <testcase name="runScenario[&quot;LL_Try Here Editor page with empty data&quot;, &quot;Linked List&quot;](74)" classname="TestRunners.TestRunner" time="6.073">
    <failure message="element not interactable&#10;  (Session info: MicrosoftEdge=131.0.2903.86)&#10;Build info: version: &apos;4.26.0&apos;, revision: &apos;8ccf0219d7&apos;&#10;System info: os.name: &apos;Windows 11&apos;, os.arch: &apos;amd64&apos;, os.version: &apos;10.0&apos;, java.version: &apos;21.0.5&apos;&#10;Driver info: org.openqa.selenium.edge.EdgeDriver&#10;Command: [e8b35de7cc4529de72b3f3eeac83c483, sendKeysToElement {value=[Ljava.lang.CharSequence;@60aaba5f, id=f.8C117C3286BFDCC61D297F11BCA62025.d.AD15B9F9FCFC602A78EA3DC54D38962E.e.38}]&#10;Capabilities {acceptInsecureCerts: false, browserName: MicrosoftEdge, browserVersion: 131.0.2903.86, fedcm:accounts: true, ms:edgeOptions: {debuggerAddress: localhost:61812}, msedge: {msedgedriverVersion: 131.0.2903.86 (cf5bf303997c..., userDataDir: C:\Users\vamsh\AppData\Loca...}, networkConnectionEnabled: false, pageLoadStrategy: normal, platformName: windows, proxy: Proxy(), se:cdp: ws://localhost:61812/devtoo..., se:cdpVersion: 131.0.2903.86, setWindowRect: true, strictFileInteractability: false, timeouts: {implicit: 0, pageLoad: 300000, script: 30000}, unhandledPromptBehavior: dismiss and notify, webauthn:extension:credBlob: true, webauthn:extension:largeBlob: true, webauthn:extension:minPinLength: true, webauthn:extension:prf: true, webauthn:virtualAuthenticators: true}&#10;Element: [[EdgeDriver: MicrosoftEdge on windows (e8b35de7cc4529de72b3f3eeac83c483)] -&gt; css selector: .CodeMirror textarea]&#10;Session ID: e8b35de7cc4529de72b3f3eeac83c483" type="org.openqa.selenium.ElementNotInteractableException"><![CDATA[org.openqa.selenium.ElementNotInteractableException: 
element not interactable
  (Session info: MicrosoftEdge=131.0.2903.86)
Build info: version: '4.26.0', revision: '8ccf0219d7'
System info: os.name: 'Windows 11', os.arch: 'amd64', os.version: '10.0', java.version: '21.0.5'
Driver info: org.openqa.selenium.edge.EdgeDriver
Command: [e8b35de7cc4529de72b3f3eeac83c483, sendKeysToElement {value=[Ljava.lang.CharSequence;@60aaba5f, id=f.8C117C3286BFDCC61D297F11BCA62025.d.AD15B9F9FCFC602A78EA3DC54D38962E.e.38}]
Capabilities {acceptInsecureCerts: false, browserName: MicrosoftEdge, browserVersion: 131.0.2903.86, fedcm:accounts: true, ms:edgeOptions: {debuggerAddress: localhost:61812}, msedge: {msedgedriverVersion: 131.0.2903.86 (cf5bf303997c..., userDataDir: C:\Users\vamsh\AppData\Loca...}, networkConnectionEnabled: false, pageLoadStrategy: normal, platformName: windows, proxy: Proxy(), se:cdp: ws://localhost:61812/devtoo..., se:cdpVersion: 131.0.2903.86, setWindowRect: true, strictFileInteractability: false, timeouts: {implicit: 0, pageLoad: 300000, script: 30000}, unhandledPromptBehavior: dismiss and notify, webauthn:extension:credBlob: true, webauthn:extension:largeBlob: true, webauthn:extension:minPinLength: true, webauthn:extension:prf: true, webauthn:virtualAuthenticators: true}
Element: [[EdgeDriver: MicrosoftEdge on windows (e8b35de7cc4529de72b3f3eeac83c483)] -> css selector: .CodeMirror textarea]
Session ID: e8b35de7cc4529de72b3f3eeac83c483
]]></failure>
    <system-out><![CDATA[
Scenario: LL_Try Here Editor page with invalid data                     &amp#27;[90m# src/test/resources/Features/LinkedList.feature:175&amp#27;[0m
[INFO ] 2024-12-09 22:22:47.719 [TestNG-PoolService-2] Hooks - ======================  New Test Execution is STARTED!! ======================
  &amp#27;[32mGiven &amp#27;[0m&amp#27;[32mThe user is on the DS Introduction page as signedIn&amp#27;[0m                  &amp#27;[90m# StepDefinitions.DSIntroductionDetails.the_user_is_on_the_ds_introduction_page_as_signed_in()&amp#27;[0m
  &amp#27;[32mAnd &amp#27;[0m&amp#27;[32mUser clicks on Get Started button from Linked List panel&amp#27;[0m               &amp#27;[90m# StepDefinitions.LinkedList.user_clicks_on_get_started_button_from_linked_list_panel()&amp#27;[0m
  &amp#27;[32mGiven &amp#27;[0m&amp#27;[32mThe user is on the DS Introduction page as signedIn&amp#27;[0m           &amp#27;[90m# StepDefinitions.DSIntroductionDetails.the_user_is_on_the_ds_introduction_page_as_signed_in()&amp#27;[0m
  &amp#27;[32mGiven &amp#27;[0m&amp#27;[32mThe user is on the Insertion page&amp#27;[0m                                    &amp#27;[90m# StepDefinitions.LinkedList.the_user_is_on_the_insertion_page()&amp#27;[0m
  &amp#27;[32mAnd &amp#27;[0m&amp#27;[32mUser clicks on Get Started button from Linked List panel&amp#27;[0m        &amp#27;[90m# StepDefinitions.LinkedList.user_clicks_on_get_started_button_from_linked_list_panel()&amp#27;[0m
  &amp#27;[32mGiven &amp#27;[0m&amp#27;[32mThe user is on the Insertion page&amp#27;[0m                             &amp#27;[90m# StepDefinitions.LinkedList.the_user_is_on_the_insertion_page()&amp#27;[0m
  &amp#27;[32mAnd &amp#27;[0m&amp#27;[32mThe user clicks Try Here button&amp#27;[0m                                        &amp#27;[90m# StepDefinitions.Tree.the_user_clicks_try_here_button()&amp#27;[0m
  &amp#27;[31mWhen &amp#27;[0m&amp#27;[31mThe user writes no code inside editor window and clicks on Run button&amp#27;[0m &amp#27;[90m# StepDefinitions.Tree.the_user_writes_no_code_inside_editor_window_and_clicks_on_run_button()&amp#27;[0m
      &amp#27;[31morg.openqa.selenium.ElementNotInteractableException: element not interactable
  (Session info: MicrosoftEdge=131.0.2903.86)
Build info: version: '4.26.0', revision: '8ccf0219d7'
System info: os.name: 'Windows 11', os.arch: 'amd64', os.version: '10.0', java.version: '21.0.5'
Driver info: org.openqa.selenium.edge.EdgeDriver
Command: [e8b35de7cc4529de72b3f3eeac83c483, sendKeysToElement {value=[Ljava.lang.CharSequence;@60aaba5f, id=f.8C117C3286BFDCC61D297F11BCA62025.d.AD15B9F9FCFC602A78EA3DC54D38962E.e.38}]
Capabilities {acceptInsecureCerts: false, browserName: MicrosoftEdge, browserVersion: 131.0.2903.86, fedcm:accounts: true, ms:edgeOptions: {debuggerAddress: localhost:61812}, msedge: {msedgedriverVersion: 131.0.2903.86 (cf5bf303997c..., userDataDir: C:\Users\vamsh\AppData\Loca...}, networkConnectionEnabled: false, pageLoadStrategy: normal, platformName: windows, proxy: Proxy(), se:cdp: ws://localhost:61812/devtoo..., se:cdpVersion: 131.0.2903.86, setWindowRect: true, strictFileInteractability: false, timeouts: {implicit: 0, pageLoad: 300000, script: 30000}, unhandledPromptBehavior: dismiss and notify, webauthn:extension:credBlob: true, webauthn:extension:largeBlob: true, webauthn:extension:minPinLength: true, webauthn:extension:prf: true, webauthn:virtualAuthenticators: true}
Element: [[EdgeDriver: MicrosoftEdge on windows (e8b35de7cc4529de72b3f3eeac83c483)] -> css selector: .CodeMirror textarea]
Session ID: e8b35de7cc4529de72b3f3eeac83c483
	at java.base/jdk.internal.reflect.DirectConstructorHandleAccessor.newInstance(DirectConstructorHandleAccessor.java:62)
	at java.base/java.lang.reflect.Constructor.newInstanceWithCaller(Constructor.java:502)
	at java.base/java.lang.reflect.Constructor.newInstance(Constructor.java:486)
	at org.openqa.selenium.remote.ErrorCodec.decode(ErrorCodec.java:167)
	at org.openqa.selenium.remote.codec.w3c.W3CHttpResponseCodec.decode(W3CHttpResponseCodec.java:138)
	at org.openqa.selenium.remote.codec.w3c.W3CHttpResponseCodec.decode(W3CHttpResponseCodec.java:50)
	at org.openqa.selenium.remote.HttpCommandExecutor.execute(HttpCommandExecutor.java:190)
	at org.openqa.selenium.remote.service.DriverCommandExecutor.invokeExecute(DriverCommandExecutor.java:216)
	at org.openqa.selenium.remote.service.DriverCommandExecutor.execute(DriverCommandExecutor.java:174)
	at org.openqa.selenium.remote.RemoteWebDriver.execute(RemoteWebDriver.java:545)
	at org.openqa.selenium.remote.RemoteWebElement.execute(RemoteWebElement.java:223)
	at org.openqa.selenium.remote.RemoteWebElement.sendKeys(RemoteWebElement.java:110)
	at PageObjects.TreePage.writeInTryEditorWindow(TreePage.java:357)
	at StepDefinitions.Tree.the_user_writes_no_code_inside_editor_window_and_clicks_on_run_button(Tree.java:73)
	at ✽.The user writes no code inside editor window and clicks on Run button(file:///C:/Projects/Repo1/src/test/resources/Features/LinkedList.feature:166)
&amp#27;[0m
  &amp#27;[36mThen &amp#27;[0m&amp#27;[36mNothing happens to the Editor page and no error message is displayed&amp#27;[0m  &amp#27;[90m# StepDefinitions.Tree.nothing_happens_to_the_editor_page_and_no_error_message_is_displayed()&amp#27;[0m
[ERROR] 2024-12-09 22:22:50.326 [TestNG-PoolService-3] Hooks - ======================  TEST CASE FAILED !! ======================

    Embedding screenshot [image/png 7890 bytes]

[INFO ] 2024-12-09 22:22:50.590 [TestNG-PoolService-3] Hooks - ======================  Screenshot is captured  ======================
[INFO ] 2024-12-09 22:22:50.591 [TestNG-PoolService-3] Hooks - ======================  Test Execution is completed!! ======================
  &amp#27;[32mAnd &amp#27;[0m&amp#27;[32mThe user clicks Try Here button&amp#27;[0m                                 &amp#27;[90m# StepDefinitions.Tree.the_user_clicks_try_here_button()&amp#27;[0m
  &amp#27;[31mWhen &amp#27;[0m&amp#27;[31mThe user writes the valid python code and clicks on Run button&amp#27;[0m &amp#27;[90m# StepDefinitions.Tree.the_user_writes_the_valid_python_code_and_clicks_on_run_button()&amp#27;[0m
      &amp#27;[31morg.openqa.selenium.ElementNotInteractableException: element not interactable
  (Session info: MicrosoftEdge=131.0.2903.86)
Build info: version: '4.26.0', revision: '8ccf0219d7'
System info: os.name: 'Windows 11', os.arch: 'amd64', os.version: '10.0', java.version: '21.0.5'
Driver info: org.openqa.selenium.edge.EdgeDriver
Command: [4ecf79ad777e7752b4e865b85dd463e1, sendKeysToElement {value=[Ljava.lang.CharSequence;@24335338, id=f.2FE566C6272D35C94AE5F7257E949922.d.2ECE4923730E945D85EFA76CB34DEB09.e.38}]
Capabilities {acceptInsecureCerts: false, browserName: MicrosoftEdge, browserVersion: 131.0.2903.86, fedcm:accounts: true, ms:edgeOptions: {debuggerAddress: localhost:61829}, msedge: {msedgedriverVersion: 131.0.2903.86 (cf5bf303997c..., userDataDir: C:\Users\vamsh\AppData\Loca...}, networkConnectionEnabled: false, pageLoadStrategy: normal, platformName: windows, proxy: Proxy(), se:cdp: ws://localhost:61829/devtoo..., se:cdpVersion: 131.0.2903.86, setWindowRect: true, strictFileInteractability: false, timeouts: {implicit: 0, pageLoad: 300000, script: 30000}, unhandledPromptBehavior: dismiss and notify, webauthn:extension:credBlob: true, webauthn:extension:largeBlob: true, webauthn:extension:minPinLength: true, webauthn:extension:prf: true, webauthn:virtualAuthenticators: true}
Element: [[EdgeDriver: MicrosoftEdge on windows (4ecf79ad777e7752b4e865b85dd463e1)] -> css selector: .CodeMirror textarea]
Session ID: 4ecf79ad777e7752b4e865b85dd463e1
	at java.base/jdk.internal.reflect.DirectConstructorHandleAccessor.newInstance(DirectConstructorHandleAccessor.java:62)
	at java.base/java.lang.reflect.Constructor.newInstanceWithCaller(Constructor.java:502)
	at java.base/java.lang.reflect.Constructor.newInstance(Constructor.java:486)
	at org.openqa.selenium.remote.ErrorCodec.decode(ErrorCodec.java:167)
	at org.openqa.selenium.remote.codec.w3c.W3CHttpResponseCodec.decode(W3CHttpResponseCodec.java:138)
	at org.openqa.selenium.remote.codec.w3c.W3CHttpResponseCodec.decode(W3CHttpResponseCodec.java:50)
	at org.openqa.selenium.remote.HttpCommandExecutor.execute(HttpCommandExecutor.java:190)
	at org.openqa.selenium.remote.service.DriverCommandExecutor.invokeExecute(DriverCommandExecutor.java:216)
	at org.openqa.selenium.remote.service.DriverCommandExecutor.execute(DriverCommandExecutor.java:174)
	at org.openqa.selenium.remote.RemoteWebDriver.execute(RemoteWebDriver.java:545)
	at org.openqa.selenium.remote.RemoteWebElement.execute(RemoteWebElement.java:223)
	at org.openqa.selenium.remote.RemoteWebElement.sendKeys(RemoteWebElement.java:110)
	at PageObjects.TreePage.writeInTryEditorWindow(TreePage.java:357)
	at StepDefinitions.Tree.the_user_writes_the_valid_python_code_and_clicks_on_run_button(Tree.java:85)
	at ✽.The user writes the valid python code and clicks on Run button(file:///C:/Projects/Repo1/src/test/resources/Features/LinkedList.feature:172)
&amp#27;[0m
  &amp#27;[36mThen &amp#27;[0m&amp#27;[36mThe user is able to see the output inside the console.&amp#27;[0m         &amp#27;[90m# StepDefinitions.Tree.the_user_is_able_to_see_the_output_inside_the_console()&amp#27;[0m
[ERROR] 2024-12-09 22:22:50.875 [TestNG-PoolService-1] Hooks - ======================  TEST CASE FAILED !! ======================

    Embedding screenshot [image/png 7890 bytes]

[INFO ] 2024-12-09 22:22:51.083 [TestNG-PoolService-1] Hooks - ======================  Screenshot is captured  ======================
[INFO ] 2024-12-09 22:22:51.085 [TestNG-PoolService-1] Hooks - ======================  Test Execution is completed!! ======================
  &amp#27;[32mGiven &amp#27;[0m&amp#27;[32mThe user is on the DS Introduction page as signedIn&amp#27;[0m             &amp#27;[90m# StepDefinitions.DSIntroductionDetails.the_user_is_on_the_ds_introduction_page_as_signed_in()&amp#27;[0m
  &amp#27;[32mAnd &amp#27;[0m&amp#27;[32mUser clicks on Get Started button from Linked List panel&amp#27;[0m          &amp#27;[90m# StepDefinitions.LinkedList.user_clicks_on_get_started_button_from_linked_list_panel()&amp#27;[0m
  &amp#27;[32mGiven &amp#27;[0m&amp#27;[32mThe user is on the Insertion page&amp#27;[0m                               &amp#27;[90m# StepDefinitions.LinkedList.the_user_is_on_the_insertion_page()&amp#27;[0m
]]></system-out>
    <system-err><![CDATA[Dec 09, 2024 10:22:47 PM org.openqa.selenium.devtools.CdpVersionFinder findNearestMatch
WARNING: Unable to find an exact match for CDP version 131, returning the closest version; found: 130; Please update to a Selenium version that supports CDP version 131
]]></system-err>
  </testcase>
  <testcase name="runScenario[&quot;LL_Try Here Editor page with valid data&quot;, &quot;Linked List&quot;](75)" classname="TestRunners.TestRunner" time="0.466">
    <failure message="element not interactable&#10;  (Session info: chrome=131.0.6778.109)&#10;Build info: version: &apos;4.26.0&apos;, revision: &apos;8ccf0219d7&apos;&#10;System info: os.name: &apos;Windows 11&apos;, os.arch: &apos;amd64&apos;, os.version: &apos;10.0&apos;, java.version: &apos;21.0.5&apos;&#10;Driver info: org.openqa.selenium.chrome.ChromeDriver&#10;Command: [758abb2dc19977bd11f9aa87fde897d4, sendKeysToElement {value=[Ljava.lang.CharSequence;@693894c8, id=f.A63E6A02A1B29852109FAB62ADACE273.d.7314AF7E57D17D16C7B09EAFBEDBBFF1.e.60}]&#10;Capabilities {acceptInsecureCerts: false, browserName: chrome, browserVersion: 131.0.6778.109, chrome: {chromedriverVersion: 131.0.6778.87 (ce31cae94873..., userDataDir: C:\Users\vamsh\AppData\Loca...}, fedcm:accounts: true, goog:chromeOptions: {debuggerAddress: localhost:59570}, networkConnectionEnabled: false, pageLoadStrategy: normal, platformName: windows, proxy: Proxy(), se:cdp: ws://localhost:59570/devtoo..., se:cdpVersion: 131.0.6778.109, setWindowRect: true, strictFileInteractability: false, timeouts: {implicit: 0, pageLoad: 300000, script: 30000}, unhandledPromptBehavior: dismiss and notify, webauthn:extension:credBlob: true, webauthn:extension:largeBlob: true, webauthn:extension:minPinLength: true, webauthn:extension:prf: true, webauthn:virtualAuthenticators: true}&#10;Element: [[ChromeDriver: chrome on windows (758abb2dc19977bd11f9aa87fde897d4)] -&gt; css selector: .CodeMirror textarea]&#10;Session ID: 758abb2dc19977bd11f9aa87fde897d4" type="org.openqa.selenium.ElementNotInteractableException"><![CDATA[org.openqa.selenium.ElementNotInteractableException: 
element not interactable
  (Session info: chrome=131.0.6778.109)
Build info: version: '4.26.0', revision: '8ccf0219d7'
System info: os.name: 'Windows 11', os.arch: 'amd64', os.version: '10.0', java.version: '21.0.5'
Driver info: org.openqa.selenium.chrome.ChromeDriver
Command: [758abb2dc19977bd11f9aa87fde897d4, sendKeysToElement {value=[Ljava.lang.CharSequence;@693894c8, id=f.A63E6A02A1B29852109FAB62ADACE273.d.7314AF7E57D17D16C7B09EAFBEDBBFF1.e.60}]
Capabilities {acceptInsecureCerts: false, browserName: chrome, browserVersion: 131.0.6778.109, chrome: {chromedriverVersion: 131.0.6778.87 (ce31cae94873..., userDataDir: C:\Users\vamsh\AppData\Loca...}, fedcm:accounts: true, goog:chromeOptions: {debuggerAddress: localhost:59570}, networkConnectionEnabled: false, pageLoadStrategy: normal, platformName: windows, proxy: Proxy(), se:cdp: ws://localhost:59570/devtoo..., se:cdpVersion: 131.0.6778.109, setWindowRect: true, strictFileInteractability: false, timeouts: {implicit: 0, pageLoad: 300000, script: 30000}, unhandledPromptBehavior: dismiss and notify, webauthn:extension:credBlob: true, webauthn:extension:largeBlob: true, webauthn:extension:minPinLength: true, webauthn:extension:prf: true, webauthn:virtualAuthenticators: true}
Element: [[ChromeDriver: chrome on windows (758abb2dc19977bd11f9aa87fde897d4)] -> css selector: .CodeMirror textarea]
Session ID: 758abb2dc19977bd11f9aa87fde897d4
]]></failure>
    <system-out><![CDATA[
Scenario: Linked List home page                                &amp#27;[90m# src/test/resources/Features/LinkedList.feature:181&amp#27;[0m
  &amp#27;[31mWhen &amp#27;[0m&amp#27;[31mThe user writes the valid python code and clicks on Run button&amp#27;[0m &amp#27;[90m# StepDefinitions.Tree.the_user_writes_the_valid_python_code_and_clicks_on_run_button()&amp#27;[0m
      &amp#27;[31morg.openqa.selenium.ElementNotInteractableException: element not interactable
  (Session info: chrome=131.0.6778.109)
Build info: version: '4.26.0', revision: '8ccf0219d7'
System info: os.name: 'Windows 11', os.arch: 'amd64', os.version: '10.0', java.version: '21.0.5'
Driver info: org.openqa.selenium.chrome.ChromeDriver
Command: [758abb2dc19977bd11f9aa87fde897d4, sendKeysToElement {value=[Ljava.lang.CharSequence;@693894c8, id=f.A63E6A02A1B29852109FAB62ADACE273.d.7314AF7E57D17D16C7B09EAFBEDBBFF1.e.60}]
Capabilities {acceptInsecureCerts: false, browserName: chrome, browserVersion: 131.0.6778.109, chrome: {chromedriverVersion: 131.0.6778.87 (ce31cae94873..., userDataDir: C:\Users\vamsh\AppData\Loca...}, fedcm:accounts: true, goog:chromeOptions: {debuggerAddress: localhost:59570}, networkConnectionEnabled: false, pageLoadStrategy: normal, platformName: windows, proxy: Proxy(), se:cdp: ws://localhost:59570/devtoo..., se:cdpVersion: 131.0.6778.109, setWindowRect: true, strictFileInteractability: false, timeouts: {implicit: 0, pageLoad: 300000, script: 30000}, unhandledPromptBehavior: dismiss and notify, webauthn:extension:credBlob: true, webauthn:extension:largeBlob: true, webauthn:extension:minPinLength: true, webauthn:extension:prf: true, webauthn:virtualAuthenticators: true}
Element: [[ChromeDriver: chrome on windows (758abb2dc19977bd11f9aa87fde897d4)] -> css selector: .CodeMirror textarea]
Session ID: 758abb2dc19977bd11f9aa87fde897d4
	at java.base/jdk.internal.reflect.DirectConstructorHandleAccessor.newInstance(DirectConstructorHandleAccessor.java:62)
	at java.base/java.lang.reflect.Constructor.newInstanceWithCaller(Constructor.java:502)
	at java.base/java.lang.reflect.Constructor.newInstance(Constructor.java:486)
	at org.openqa.selenium.remote.ErrorCodec.decode(ErrorCodec.java:167)
	at org.openqa.selenium.remote.codec.w3c.W3CHttpResponseCodec.decode(W3CHttpResponseCodec.java:138)
	at org.openqa.selenium.remote.codec.w3c.W3CHttpResponseCodec.decode(W3CHttpResponseCodec.java:50)
	at org.openqa.selenium.remote.HttpCommandExecutor.execute(HttpCommandExecutor.java:190)
	at org.openqa.selenium.remote.service.DriverCommandExecutor.invokeExecute(DriverCommandExecutor.java:216)
	at org.openqa.selenium.remote.service.DriverCommandExecutor.execute(DriverCommandExecutor.java:174)
	at org.openqa.selenium.remote.RemoteWebDriver.execute(RemoteWebDriver.java:545)
	at org.openqa.selenium.remote.RemoteWebElement.execute(RemoteWebElement.java:223)
	at org.openqa.selenium.remote.RemoteWebElement.sendKeys(RemoteWebElement.java:110)
	at PageObjects.TreePage.writeInTryEditorWindow(TreePage.java:357)
	at StepDefinitions.Tree.the_user_writes_the_valid_python_code_and_clicks_on_run_button(Tree.java:85)
	at ✽.The user writes the valid python code and clicks on Run button(file:///C:/Projects/Repo1/src/test/resources/Features/LinkedList.feature:172)
&amp#27;[0m
  &amp#27;[36mThen &amp#27;[0m&amp#27;[36mThe user is able to see the output inside the console.&amp#27;[0m         &amp#27;[90m# StepDefinitions.Tree.the_user_is_able_to_see_the_output_inside_the_console()&amp#27;[0m
[ERROR] 2024-12-09 21:58:57.439 [TestNG-PoolService-2] Hooks - ======================  TEST CASE FAILED !! ======================
[INFO ] 2024-12-09 21:58:57.477 [TestNG-PoolService-1] Hooks - ======================  New Test Execution is STARTED!! ======================

    Embedding screenshot [image/png 7853 bytes]

[INFO ] 2024-12-09 21:58:57.691 [TestNG-PoolService-2] Hooks - ======================  Screenshot is captured  ======================
[INFO ] 2024-12-09 21:58:57.693 [TestNG-PoolService-2] Hooks - ======================  Test Execution is completed!! ======================
]]></system-out>
  </testcase>
  <testcase name="runScenario[&quot;LL_Try Here Editor page with valid data&quot;, &quot;Linked List&quot;](75)" classname="TestRunners.TestRunner" time="0.157">
    <failure message="element not interactable&#10;  (Session info: MicrosoftEdge=131.0.2903.86)&#10;Build info: version: &apos;4.26.0&apos;, revision: &apos;8ccf0219d7&apos;&#10;System info: os.name: &apos;Windows 11&apos;, os.arch: &apos;amd64&apos;, os.version: &apos;10.0&apos;, java.version: &apos;21.0.5&apos;&#10;Driver info: org.openqa.selenium.edge.EdgeDriver&#10;Command: [4ecf79ad777e7752b4e865b85dd463e1, sendKeysToElement {value=[Ljava.lang.CharSequence;@24335338, id=f.2FE566C6272D35C94AE5F7257E949922.d.2ECE4923730E945D85EFA76CB34DEB09.e.38}]&#10;Capabilities {acceptInsecureCerts: false, browserName: MicrosoftEdge, browserVersion: 131.0.2903.86, fedcm:accounts: true, ms:edgeOptions: {debuggerAddress: localhost:61829}, msedge: {msedgedriverVersion: 131.0.2903.86 (cf5bf303997c..., userDataDir: C:\Users\vamsh\AppData\Loca...}, networkConnectionEnabled: false, pageLoadStrategy: normal, platformName: windows, proxy: Proxy(), se:cdp: ws://localhost:61829/devtoo..., se:cdpVersion: 131.0.2903.86, setWindowRect: true, strictFileInteractability: false, timeouts: {implicit: 0, pageLoad: 300000, script: 30000}, unhandledPromptBehavior: dismiss and notify, webauthn:extension:credBlob: true, webauthn:extension:largeBlob: true, webauthn:extension:minPinLength: true, webauthn:extension:prf: true, webauthn:virtualAuthenticators: true}&#10;Element: [[EdgeDriver: MicrosoftEdge on windows (4ecf79ad777e7752b4e865b85dd463e1)] -&gt; css selector: .CodeMirror textarea]&#10;Session ID: 4ecf79ad777e7752b4e865b85dd463e1" type="org.openqa.selenium.ElementNotInteractableException"><![CDATA[org.openqa.selenium.ElementNotInteractableException: 
element not interactable
  (Session info: MicrosoftEdge=131.0.2903.86)
Build info: version: '4.26.0', revision: '8ccf0219d7'
System info: os.name: 'Windows 11', os.arch: 'amd64', os.version: '10.0', java.version: '21.0.5'
Driver info: org.openqa.selenium.edge.EdgeDriver
Command: [4ecf79ad777e7752b4e865b85dd463e1, sendKeysToElement {value=[Ljava.lang.CharSequence;@24335338, id=f.2FE566C6272D35C94AE5F7257E949922.d.2ECE4923730E945D85EFA76CB34DEB09.e.38}]
Capabilities {acceptInsecureCerts: false, browserName: MicrosoftEdge, browserVersion: 131.0.2903.86, fedcm:accounts: true, ms:edgeOptions: {debuggerAddress: localhost:61829}, msedge: {msedgedriverVersion: 131.0.2903.86 (cf5bf303997c..., userDataDir: C:\Users\vamsh\AppData\Loca...}, networkConnectionEnabled: false, pageLoadStrategy: normal, platformName: windows, proxy: Proxy(), se:cdp: ws://localhost:61829/devtoo..., se:cdpVersion: 131.0.2903.86, setWindowRect: true, strictFileInteractability: false, timeouts: {implicit: 0, pageLoad: 300000, script: 30000}, unhandledPromptBehavior: dismiss and notify, webauthn:extension:credBlob: true, webauthn:extension:largeBlob: true, webauthn:extension:minPinLength: true, webauthn:extension:prf: true, webauthn:virtualAuthenticators: true}
Element: [[EdgeDriver: MicrosoftEdge on windows (4ecf79ad777e7752b4e865b85dd463e1)] -> css selector: .CodeMirror textarea]
Session ID: 4ecf79ad777e7752b4e865b85dd463e1
]]></failure>
    <system-out><![CDATA[
Scenario: Linked List home page                                &amp#27;[90m# src/test/resources/Features/LinkedList.feature:181&amp#27;[0m
]]></system-out>
  </testcase>
  <testcase name="runScenario[&quot;LL_Try Here Editor page with invalid data&quot;, &quot;Linked List&quot;](76)" classname="TestRunners.TestRunner" time="4.054">
    <failure message="element not interactable&#10;  (Session info: chrome=131.0.6778.109)&#10;Build info: version: &apos;4.26.0&apos;, revision: &apos;8ccf0219d7&apos;&#10;System info: os.name: &apos;Windows 11&apos;, os.arch: &apos;amd64&apos;, os.version: &apos;10.0&apos;, java.version: &apos;21.0.5&apos;&#10;Driver info: org.openqa.selenium.chrome.ChromeDriver&#10;Command: [83fe66569b9b2dbedc668147c7e212de, sendKeysToElement {value=[Ljava.lang.CharSequence;@78712953, id=f.34F46880DFD75BF8FDFA31741B9D8A23.d.5B96969170C7F6961AF779924E5AA4E5.e.60}]&#10;Capabilities {acceptInsecureCerts: false, browserName: chrome, browserVersion: 131.0.6778.109, chrome: {chromedriverVersion: 131.0.6778.87 (ce31cae94873..., userDataDir: C:\Users\vamsh\AppData\Loca...}, fedcm:accounts: true, goog:chromeOptions: {debuggerAddress: localhost:59621}, networkConnectionEnabled: false, pageLoadStrategy: normal, platformName: windows, proxy: Proxy(), se:cdp: ws://localhost:59621/devtoo..., se:cdpVersion: 131.0.6778.109, setWindowRect: true, strictFileInteractability: false, timeouts: {implicit: 0, pageLoad: 300000, script: 30000}, unhandledPromptBehavior: dismiss and notify, webauthn:extension:credBlob: true, webauthn:extension:largeBlob: true, webauthn:extension:minPinLength: true, webauthn:extension:prf: true, webauthn:virtualAuthenticators: true}&#10;Element: [[ChromeDriver: chrome on windows (83fe66569b9b2dbedc668147c7e212de)] -&gt; css selector: .CodeMirror textarea]&#10;Session ID: 83fe66569b9b2dbedc668147c7e212de" type="org.openqa.selenium.ElementNotInteractableException"><![CDATA[org.openqa.selenium.ElementNotInteractableException: 
element not interactable
  (Session info: chrome=131.0.6778.109)
Build info: version: '4.26.0', revision: '8ccf0219d7'
System info: os.name: 'Windows 11', os.arch: 'amd64', os.version: '10.0', java.version: '21.0.5'
Driver info: org.openqa.selenium.chrome.ChromeDriver
Command: [83fe66569b9b2dbedc668147c7e212de, sendKeysToElement {value=[Ljava.lang.CharSequence;@78712953, id=f.34F46880DFD75BF8FDFA31741B9D8A23.d.5B96969170C7F6961AF779924E5AA4E5.e.60}]
Capabilities {acceptInsecureCerts: false, browserName: chrome, browserVersion: 131.0.6778.109, chrome: {chromedriverVersion: 131.0.6778.87 (ce31cae94873..., userDataDir: C:\Users\vamsh\AppData\Loca...}, fedcm:accounts: true, goog:chromeOptions: {debuggerAddress: localhost:59621}, networkConnectionEnabled: false, pageLoadStrategy: normal, platformName: windows, proxy: Proxy(), se:cdp: ws://localhost:59621/devtoo..., se:cdpVersion: 131.0.6778.109, setWindowRect: true, strictFileInteractability: false, timeouts: {implicit: 0, pageLoad: 300000, script: 30000}, unhandledPromptBehavior: dismiss and notify, webauthn:extension:credBlob: true, webauthn:extension:largeBlob: true, webauthn:extension:minPinLength: true, webauthn:extension:prf: true, webauthn:virtualAuthenticators: true}
Element: [[ChromeDriver: chrome on windows (83fe66569b9b2dbedc668147c7e212de)] -> css selector: .CodeMirror textarea]
Session ID: 83fe66569b9b2dbedc668147c7e212de
]]></failure>
    <system-out><![CDATA[
Scenario: Deletion                                                   &amp#27;[90m# src/test/resources/Features/LinkedList.feature:186&amp#27;[0m
[INFO ] 2024-12-09 21:58:58.707 [TestNG-PoolService-3] Hooks - ======================  New Test Execution is STARTED!! ======================
[INFO ] 2024-12-09 21:58:59.456 [TestNG-PoolService-2] Hooks - ======================  New Test Execution is STARTED!! ======================
  &amp#27;[32mGiven &amp#27;[0m&amp#27;[32mThe user is on the DS Introduction page as signedIn&amp#27;[0m             &amp#27;[90m# StepDefinitions.DSIntroductionDetails.the_user_is_on_the_ds_introduction_page_as_signed_in()&amp#27;[0m
  &amp#27;[32mAnd &amp#27;[0m&amp#27;[32mUser clicks on Get Started button from Linked List panel&amp#27;[0m          &amp#27;[90m# StepDefinitions.LinkedList.user_clicks_on_get_started_button_from_linked_list_panel()&amp#27;[0m
  &amp#27;[32mGiven &amp#27;[0m&amp#27;[32mThe user is on the Insertion page&amp#27;[0m                               &amp#27;[90m# StepDefinitions.LinkedList.the_user_is_on_the_insertion_page()&amp#27;[0m
  &amp#27;[32mGiven &amp#27;[0m&amp#27;[32mThe user is on the DS Introduction page as signedIn&amp#27;[0m    &amp#27;[90m# StepDefinitions.DSIntroductionDetails.the_user_is_on_the_ds_introduction_page_as_signed_in()&amp#27;[0m
  &amp#27;[32mAnd &amp#27;[0m&amp#27;[32mUser clicks on Get Started button from Linked List panel&amp#27;[0m &amp#27;[90m# StepDefinitions.LinkedList.user_clicks_on_get_started_button_from_linked_list_panel()&amp#27;[0m
  &amp#27;[32mAnd &amp#27;[0m&amp#27;[32mThe user clicks Try Here button&amp#27;[0m                                   &amp#27;[90m# StepDefinitions.Tree.the_user_clicks_try_here_button()&amp#27;[0m
  &amp#27;[31mWhen &amp#27;[0m&amp#27;[31mThe user writes the invalid python code and clicks on Run button&amp#27;[0m &amp#27;[90m# StepDefinitions.Tree.the_user_writes_the_invalid_python_code_and_clicks_on_run_button()&amp#27;[0m
      &amp#27;[31morg.openqa.selenium.ElementNotInteractableException: element not interactable
  (Session info: chrome=131.0.6778.109)
Build info: version: '4.26.0', revision: '8ccf0219d7'
System info: os.name: 'Windows 11', os.arch: 'amd64', os.version: '10.0', java.version: '21.0.5'
Driver info: org.openqa.selenium.chrome.ChromeDriver
Command: [83fe66569b9b2dbedc668147c7e212de, sendKeysToElement {value=[Ljava.lang.CharSequence;@78712953, id=f.34F46880DFD75BF8FDFA31741B9D8A23.d.5B96969170C7F6961AF779924E5AA4E5.e.60}]
Capabilities {acceptInsecureCerts: false, browserName: chrome, browserVersion: 131.0.6778.109, chrome: {chromedriverVersion: 131.0.6778.87 (ce31cae94873..., userDataDir: C:\Users\vamsh\AppData\Loca...}, fedcm:accounts: true, goog:chromeOptions: {debuggerAddress: localhost:59621}, networkConnectionEnabled: false, pageLoadStrategy: normal, platformName: windows, proxy: Proxy(), se:cdp: ws://localhost:59621/devtoo..., se:cdpVersion: 131.0.6778.109, setWindowRect: true, strictFileInteractability: false, timeouts: {implicit: 0, pageLoad: 300000, script: 30000}, unhandledPromptBehavior: dismiss and notify, webauthn:extension:credBlob: true, webauthn:extension:largeBlob: true, webauthn:extension:minPinLength: true, webauthn:extension:prf: true, webauthn:virtualAuthenticators: true}
Element: [[ChromeDriver: chrome on windows (83fe66569b9b2dbedc668147c7e212de)] -> css selector: .CodeMirror textarea]
Session ID: 83fe66569b9b2dbedc668147c7e212de
	at java.base/jdk.internal.reflect.DirectConstructorHandleAccessor.newInstance(DirectConstructorHandleAccessor.java:62)
	at java.base/java.lang.reflect.Constructor.newInstanceWithCaller(Constructor.java:502)
	at java.base/java.lang.reflect.Constructor.newInstance(Constructor.java:486)
	at org.openqa.selenium.remote.ErrorCodec.decode(ErrorCodec.java:167)
	at org.openqa.selenium.remote.codec.w3c.W3CHttpResponseCodec.decode(W3CHttpResponseCodec.java:138)
	at org.openqa.selenium.remote.codec.w3c.W3CHttpResponseCodec.decode(W3CHttpResponseCodec.java:50)
	at org.openqa.selenium.remote.HttpCommandExecutor.execute(HttpCommandExecutor.java:190)
	at org.openqa.selenium.remote.service.DriverCommandExecutor.invokeExecute(DriverCommandExecutor.java:216)
	at org.openqa.selenium.remote.service.DriverCommandExecutor.execute(DriverCommandExecutor.java:174)
	at org.openqa.selenium.remote.RemoteWebDriver.execute(RemoteWebDriver.java:545)
	at org.openqa.selenium.remote.RemoteWebElement.execute(RemoteWebElement.java:223)
	at org.openqa.selenium.remote.RemoteWebElement.sendKeys(RemoteWebElement.java:110)
	at PageObjects.TreePage.writeInTryEditorWindow(TreePage.java:357)
	at StepDefinitions.Tree.the_user_writes_the_invalid_python_code_and_clicks_on_run_button(Tree.java:96)
	at ✽.The user writes the invalid python code and clicks on Run button(file:///C:/Projects/Repo1/src/test/resources/Features/LinkedList.feature:178)
&amp#27;[0m
  &amp#27;[36mThen &amp#27;[0m&amp#27;[36mThe user see error msg in alert window&amp#27;[0m                           &amp#27;[90m# StepDefinitions.Tree.the_user_see_error_msg_in_alert_window()&amp#27;[0m
[ERROR] 2024-12-09 21:59:01.549 [TestNG-PoolService-1] Hooks - ======================  TEST CASE FAILED !! ======================

    Embedding screenshot [image/png 7853 bytes]

[INFO ] 2024-12-09 21:59:01.704 [TestNG-PoolService-1] Hooks - ======================  Screenshot is captured  ======================
[INFO ] 2024-12-09 21:59:01.705 [TestNG-PoolService-1] Hooks - ======================  Test Execution is completed!! ======================
  &amp#27;[32mGiven &amp#27;[0m&amp#27;[32mThe user is on the Insertion page&amp#27;[0m                      &amp#27;[90m# StepDefinitions.LinkedList.the_user_is_on_the_insertion_page()&amp#27;[0m
  &amp#27;[32mGiven &amp#27;[0m&amp#27;[32mThe user is on the DS Introduction page as signedIn&amp#27;[0m          &amp#27;[90m# StepDefinitions.DSIntroductionDetails.the_user_is_on_the_ds_introduction_page_as_signed_in()&amp#27;[0m
]]></system-out>
    <system-err><![CDATA[Dec 09, 2024 9:58:58 PM org.openqa.selenium.devtools.CdpVersionFinder findNearestMatch
WARNING: Unable to find an exact match for CDP version 131, returning the closest version; found: 130; Please update to a Selenium version that supports CDP version 131
Dec 09, 2024 9:58:59 PM org.openqa.selenium.devtools.CdpVersionFinder findNearestMatch
WARNING: Unable to find an exact match for CDP version 131, returning the closest version; found: 130; Please update to a Selenium version that supports CDP version 131
]]></system-err>
  </testcase>
  <testcase name="runScenario[&quot;LL_Try Here Editor page with invalid data&quot;, &quot;Linked List&quot;](76)" classname="TestRunners.TestRunner" time="8.353">
    <system-out><![CDATA[
Scenario: Linked List home page                                &amp#27;[90m# src/test/resources/Features/LinkedList.feature:181&amp#27;[0m

Scenario: Deletion                                                   &amp#27;[90m# src/test/resources/Features/LinkedList.feature:186&amp#27;[0m
[INFO ] 2024-12-09 22:09:25.407 [TestNG-PoolService-3] Hooks - ======================  New Test Execution is STARTED!! ======================
  &amp#27;[32mGiven &amp#27;[0m&amp#27;[32mThe user is on the DS Introduction page as signedIn&amp#27;[0m             &amp#27;[90m# StepDefinitions.DSIntroductionDetails.the_user_is_on_the_ds_introduction_page_as_signed_in()&amp#27;[0m
  &amp#27;[32mAnd &amp#27;[0m&amp#27;[32mUser clicks on Get Started button from Linked List panel&amp#27;[0m          &amp#27;[90m# StepDefinitions.LinkedList.user_clicks_on_get_started_button_from_linked_list_panel()&amp#27;[0m
  &amp#27;[32mGiven &amp#27;[0m&amp#27;[32mThe user is on the Insertion page&amp#27;[0m                               &amp#27;[90m# StepDefinitions.LinkedList.the_user_is_on_the_insertion_page()&amp#27;[0m
[INFO ] 2024-12-09 22:09:29.514 [TestNG-PoolService-1] Hooks - ======================  New Test Execution is STARTED!! ======================
  &amp#27;[32mAnd &amp#27;[0m&amp#27;[32mThe user clicks Try Here button&amp#27;[0m                                   &amp#27;[90m# StepDefinitions.Tree.the_user_clicks_try_here_button()&amp#27;[0m
[INFO ] 2024-12-09 22:09:29.984 [TestNG-PoolService-2] Hooks - ======================  New Test Execution is STARTED!! ======================
  &amp#27;[32mWhen &amp#27;[0m&amp#27;[32mThe user writes the invalid python code and clicks on Run button&amp#27;[0m &amp#27;[90m# StepDefinitions.Tree.the_user_writes_the_invalid_python_code_and_clicks_on_run_button()&amp#27;[0m
  &amp#27;[32mThen &amp#27;[0m&amp#27;[32mThe user see error msg in alert window&amp#27;[0m                           &amp#27;[90m# StepDefinitions.Tree.the_user_see_error_msg_in_alert_window()&amp#27;[0m
[INFO ] 2024-12-09 22:09:30.152 [TestNG-PoolService-3] Hooks - ======================  Test Execution is completed!! ======================
]]></system-out>
  </testcase>
  <testcase name="runScenario[&quot;LL_Try Here Editor page with invalid data&quot;, &quot;Linked List&quot;](76)" classname="TestRunners.TestRunner" time="1.596">
    <system-out><![CDATA[
Scenario: Deletion                                                   &amp#27;[90m# src/test/resources/Features/LinkedList.feature:186&amp#27;[0m
  &amp#27;[32mAnd &amp#27;[0m&amp#27;[32mThe user clicks Try Here button&amp#27;[0m                                   &amp#27;[90m# StepDefinitions.Tree.the_user_clicks_try_here_button()&amp#27;[0m
  &amp#27;[32mWhen &amp#27;[0m&amp#27;[32mThe user writes the invalid python code and clicks on Run button&amp#27;[0m &amp#27;[90m# StepDefinitions.Tree.the_user_writes_the_invalid_python_code_and_clicks_on_run_button()&amp#27;[0m
  &amp#27;[32mThen &amp#27;[0m&amp#27;[32mThe user see error msg in alert window&amp#27;[0m                           &amp#27;[90m# StepDefinitions.Tree.the_user_see_error_msg_in_alert_window()&amp#27;[0m
[INFO ] 2024-12-09 22:22:52.755 [TestNG-PoolService-2] Hooks - ======================  Test Execution is completed!! ======================
]]></system-out>
  </testcase>
  <testcase name="runScenario[&quot;Linked List home page&quot;, &quot;Linked List&quot;](77)" classname="TestRunners.TestRunner" time="0.415">
    <system-out><![CDATA[
Scenario: LL_Try Here Editor page with empty data                            &amp#27;[90m# src/test/resources/Features/LinkedList.feature:191&amp#27;[0m
  &amp#27;[32mWhen &amp#27;[0m&amp#27;[32mThe user clicks Deletion link&amp#27;[0m                           &amp#27;[90m# StepDefinitions.LinkedList.the_user_clicks_deletion_link()&amp#27;[0m
  &amp#27;[32mThen &amp#27;[0m&amp#27;[32mThe user is redirected to Deletion page.&amp#27;[0m                &amp#27;[90m# StepDefinitions.LinkedList.the_user_is_redirected_to_deletion_page()&amp#27;[0m
[INFO ] 2024-12-09 21:59:02.089 [TestNG-PoolService-3] Hooks - ======================  Test Execution is completed!! ======================
  &amp#27;[32mAnd &amp#27;[0m&amp#27;[32mUser clicks on Get Started button from Linked List panel&amp#27;[0m       &amp#27;[90m# StepDefinitions.LinkedList.user_clicks_on_get_started_button_from_linked_list_panel()&amp#27;[0m
]]></system-out>
  </testcase>
  <testcase name="runScenario[&quot;Linked List home page&quot;, &quot;Linked List&quot;](77)" classname="TestRunners.TestRunner" time="3.239">
    <system-out><![CDATA[
Scenario: LL_Try Here Editor page with empty data                            &amp#27;[90m# src/test/resources/Features/LinkedList.feature:191&amp#27;[0m
  &amp#27;[32mGiven &amp#27;[0m&amp#27;[32mThe user is on the DS Introduction page as signedIn&amp#27;[0m    &amp#27;[90m# StepDefinitions.DSIntroductionDetails.the_user_is_on_the_ds_introduction_page_as_signed_in()&amp#27;[0m
  &amp#27;[32mGiven &amp#27;[0m&amp#27;[32mThe user is on the DS Introduction page as signedIn&amp#27;[0m          &amp#27;[90m# StepDefinitions.DSIntroductionDetails.the_user_is_on_the_ds_introduction_page_as_signed_in()&amp#27;[0m
  &amp#27;[32mAnd &amp#27;[0m&amp#27;[32mUser clicks on Get Started button from Linked List panel&amp#27;[0m &amp#27;[90m# StepDefinitions.LinkedList.user_clicks_on_get_started_button_from_linked_list_panel()&amp#27;[0m
  &amp#27;[32mAnd &amp#27;[0m&amp#27;[32mUser clicks on Get Started button from Linked List panel&amp#27;[0m       &amp#27;[90m# StepDefinitions.LinkedList.user_clicks_on_get_started_button_from_linked_list_panel()&amp#27;[0m
  &amp#27;[32mGiven &amp#27;[0m&amp#27;[32mThe user is on the Insertion page&amp#27;[0m                      &amp#27;[90m# StepDefinitions.LinkedList.the_user_is_on_the_insertion_page()&amp#27;[0m
  &amp#27;[32mGiven &amp#27;[0m&amp#27;[32mThe user is on the Deletion page&amp#27;[0m                             &amp#27;[90m# StepDefinitions.LinkedList.the_user_is_on_the_deletion_page()&amp#27;[0m
  &amp#27;[32mWhen &amp#27;[0m&amp#27;[32mThe user clicks Deletion link&amp#27;[0m                           &amp#27;[90m# StepDefinitions.LinkedList.the_user_clicks_deletion_link()&amp#27;[0m
  &amp#27;[32mThen &amp#27;[0m&amp#27;[32mThe user is redirected to Deletion page.&amp#27;[0m                &amp#27;[90m# StepDefinitions.LinkedList.the_user_is_redirected_to_deletion_page()&amp#27;[0m
[INFO ] 2024-12-09 22:09:33.119 [TestNG-PoolService-1] Hooks - ======================  Test Execution is completed!! ======================
  &amp#27;[32mWhen &amp#27;[0m&amp#27;[32mThe user clicks Try Here button&amp#27;[0m                               &amp#27;[90m# StepDefinitions.Tree.the_user_clicks_try_here_button()&amp#27;[0m
  &amp#27;[32mThen &amp#27;[0m&amp#27;[32mThe user is redirected to a page having Editor and run button&amp#27;[0m &amp#27;[90m# StepDefinitions.Tree.the_user_is_redirected_to_a_page_having_editor_and_run_button()&amp#27;[0m
[INFO ] 2024-12-09 22:09:33.905 [TestNG-PoolService-2] Hooks - ======================  Test Execution is completed!! ======================
]]></system-out>
  </testcase>
  <testcase name="runScenario[&quot;Linked List home page&quot;, &quot;Linked List&quot;](77)" classname="TestRunners.TestRunner" time="7.438">
    <system-out><![CDATA[
Scenario: LL_Try Here Editor page with empty data                            &amp#27;[90m# src/test/resources/Features/LinkedList.feature:191&amp#27;[0m
[INFO ] 2024-12-09 22:22:55.301 [TestNG-PoolService-1] Hooks - ======================  New Test Execution is STARTED!! ======================
[INFO ] 2024-12-09 22:22:55.444 [TestNG-PoolService-3] Hooks - ======================  New Test Execution is STARTED!! ======================
[INFO ] 2024-12-09 22:22:57.208 [TestNG-PoolService-2] Hooks - ======================  New Test Execution is STARTED!! ======================
  &amp#27;[32mGiven &amp#27;[0m&amp#27;[32mThe user is on the DS Introduction page as signedIn&amp#27;[0m          &amp#27;[90m# StepDefinitions.DSIntroductionDetails.the_user_is_on_the_ds_introduction_page_as_signed_in()&amp#27;[0m
  &amp#27;[32mGiven &amp#27;[0m&amp#27;[32mThe user is on the DS Introduction page as signedIn&amp#27;[0m    &amp#27;[90m# StepDefinitions.DSIntroductionDetails.the_user_is_on_the_ds_introduction_page_as_signed_in()&amp#27;[0m
  &amp#27;[32mAnd &amp#27;[0m&amp#27;[32mUser clicks on Get Started button from Linked List panel&amp#27;[0m       &amp#27;[90m# StepDefinitions.LinkedList.user_clicks_on_get_started_button_from_linked_list_panel()&amp#27;[0m
  &amp#27;[32mAnd &amp#27;[0m&amp#27;[32mUser clicks on Get Started button from Linked List panel&amp#27;[0m &amp#27;[90m# StepDefinitions.LinkedList.user_clicks_on_get_started_button_from_linked_list_panel()&amp#27;[0m
  &amp#27;[32mGiven &amp#27;[0m&amp#27;[32mThe user is on the Insertion page&amp#27;[0m                      &amp#27;[90m# StepDefinitions.LinkedList.the_user_is_on_the_insertion_page()&amp#27;[0m
  &amp#27;[32mGiven &amp#27;[0m&amp#27;[32mThe user is on the Deletion page&amp#27;[0m                             &amp#27;[90m# StepDefinitions.LinkedList.the_user_is_on_the_deletion_page()&amp#27;[0m
  &amp#27;[32mWhen &amp#27;[0m&amp#27;[32mThe user clicks Deletion link&amp#27;[0m                           &amp#27;[90m# StepDefinitions.LinkedList.the_user_clicks_deletion_link()&amp#27;[0m
  &amp#27;[32mThen &amp#27;[0m&amp#27;[32mThe user is redirected to Deletion page.&amp#27;[0m                &amp#27;[90m# StepDefinitions.LinkedList.the_user_is_redirected_to_deletion_page()&amp#27;[0m
[INFO ] 2024-12-09 22:23:00.108 [TestNG-PoolService-3] Hooks - ======================  Test Execution is completed!! ======================
  &amp#27;[32mGiven &amp#27;[0m&amp#27;[32mThe user is on the DS Introduction page as signedIn&amp#27;[0m                  &amp#27;[90m# StepDefinitions.DSIntroductionDetails.the_user_is_on_the_ds_introduction_page_as_signed_in()&amp#27;[0m
  &amp#27;[32mAnd &amp#27;[0m&amp#27;[32mUser clicks on Get Started button from Linked List panel&amp#27;[0m               &amp#27;[90m# StepDefinitions.LinkedList.user_clicks_on_get_started_button_from_linked_list_panel()&amp#27;[0m
  &amp#27;[32mWhen &amp#27;[0m&amp#27;[32mThe user clicks Try Here button&amp#27;[0m                               &amp#27;[90m# StepDefinitions.Tree.the_user_clicks_try_here_button()&amp#27;[0m
  &amp#27;[32mThen &amp#27;[0m&amp#27;[32mThe user is redirected to a page having Editor and run button&amp#27;[0m &amp#27;[90m# StepDefinitions.Tree.the_user_is_redirected_to_a_page_having_editor_and_run_button()&amp#27;[0m
[INFO ] 2024-12-09 22:23:01.161 [TestNG-PoolService-1] Hooks - ======================  Test Execution is completed!! ======================
  &amp#27;[32mGiven &amp#27;[0m&amp#27;[32mThe user is on the Deletion page&amp#27;[0m                                     &amp#27;[90m# StepDefinitions.LinkedList.the_user_is_on_the_deletion_page()&amp#27;[0m
]]></system-out>
    <system-err><![CDATA[Dec 09, 2024 10:22:55 PM org.openqa.selenium.devtools.CdpVersionFinder findNearestMatch
WARNING: Unable to find an exact match for CDP version 131, returning the closest version; found: 130; Please update to a Selenium version that supports CDP version 131
Dec 09, 2024 10:22:55 PM org.openqa.selenium.devtools.CdpVersionFinder findNearestMatch
WARNING: Unable to find an exact match for CDP version 131, returning the closest version; found: 130; Please update to a Selenium version that supports CDP version 131
Dec 09, 2024 10:22:57 PM org.openqa.selenium.devtools.CdpVersionFinder findNearestMatch
WARNING: Unable to find an exact match for CDP version 131, returning the closest version; found: 130; Please update to a Selenium version that supports CDP version 131
]]></system-err>
  </testcase>
  <testcase name="runScenario[&quot;Deletion&quot;, &quot;Linked List&quot;](78)" classname="TestRunners.TestRunner" time="1.55">
    <system-out><![CDATA[
Scenario: LL_Try Here Editor page with valid data                     &amp#27;[90m# src/test/resources/Features/LinkedList.feature:197&amp#27;[0m
  &amp#27;[32mGiven &amp#27;[0m&amp#27;[32mThe user is on the Deletion page&amp#27;[0m                             &amp#27;[90m# StepDefinitions.LinkedList.the_user_is_on_the_deletion_page()&amp#27;[0m
  &amp#27;[32mWhen &amp#27;[0m&amp#27;[32mThe user clicks Try Here button&amp#27;[0m                               &amp#27;[90m# StepDefinitions.Tree.the_user_clicks_try_here_button()&amp#27;[0m
[INFO ] 2024-12-09 21:59:03.389 [TestNG-PoolService-1] Hooks - ======================  New Test Execution is STARTED!! ======================
  &amp#27;[32mThen &amp#27;[0m&amp#27;[32mThe user is redirected to a page having Editor and run button&amp#27;[0m &amp#27;[90m# StepDefinitions.Tree.the_user_is_redirected_to_a_page_having_editor_and_run_button()&amp#27;[0m
[INFO ] 2024-12-09 21:59:03.466 [TestNG-PoolService-2] Hooks - ======================  Test Execution is completed!! ======================
[INFO ] 2024-12-09 21:59:03.804 [TestNG-PoolService-3] Hooks - ======================  New Test Execution is STARTED!! ======================
]]></system-out>
    <system-err><![CDATA[Dec 09, 2024 9:59:03 PM org.openqa.selenium.devtools.CdpVersionFinder findNearestMatch
WARNING: Unable to find an exact match for CDP version 131, returning the closest version; found: 130; Please update to a Selenium version that supports CDP version 131
Dec 09, 2024 9:59:03 PM org.openqa.selenium.devtools.CdpVersionFinder findNearestMatch
WARNING: Unable to find an exact match for CDP version 131, returning the closest version; found: 130; Please update to a Selenium version that supports CDP version 131
]]></system-err>
  </testcase>
  <testcase name="runScenario[&quot;Deletion&quot;, &quot;Linked List&quot;](78)" classname="TestRunners.TestRunner" time="0.229">
    <system-out><![CDATA[
Scenario: LL_Try Here Editor page with valid data                     &amp#27;[90m# src/test/resources/Features/LinkedList.feature:197&amp#27;[0m
]]></system-out>
  </testcase>
  <testcase name="runScenario[&quot;Deletion&quot;, &quot;Linked List&quot;](78)" classname="TestRunners.TestRunner" time="0.975">
    <system-out><![CDATA[
Scenario: LL_Try Here Editor page with valid data                     &amp#27;[90m# src/test/resources/Features/LinkedList.feature:197&amp#27;[0m
  &amp#27;[32mAnd &amp#27;[0m&amp#27;[32mThe user clicks Try Here button&amp#27;[0m                                        &amp#27;[90m# StepDefinitions.Tree.the_user_clicks_try_here_button()&amp#27;[0m
  &amp#27;[32mWhen &amp#27;[0m&amp#27;[32mThe user writes no code inside editor window and clicks on Run button&amp#27;[0m &amp#27;[90m# StepDefinitions.Tree.the_user_writes_no_code_inside_editor_window_and_clicks_on_run_button()&amp#27;[0m
  &amp#27;[32mThen &amp#27;[0m&amp#27;[32mNothing happens to the Editor page and no error message is displayed&amp#27;[0m  &amp#27;[90m# StepDefinitions.Tree.nothing_happens_to_the_editor_page_and_no_error_message_is_displayed()&amp#27;[0m
[INFO ] 2024-12-09 22:23:02.156 [TestNG-PoolService-2] Hooks - ======================  Test Execution is completed!! ======================
]]></system-out>
  </testcase>
  <testcase name="runScenario[&quot;LL_Try Here Editor page with empty data&quot;, &quot;Linked List&quot;](79)" classname="TestRunners.TestRunner" time="4.402">
    <failure message="element not interactable&#10;  (Session info: chrome=131.0.6778.109)&#10;Build info: version: &apos;4.26.0&apos;, revision: &apos;8ccf0219d7&apos;&#10;System info: os.name: &apos;Windows 11&apos;, os.arch: &apos;amd64&apos;, os.version: &apos;10.0&apos;, java.version: &apos;21.0.5&apos;&#10;Driver info: org.openqa.selenium.chrome.ChromeDriver&#10;Command: [7f9da11c486327058c71e59ee858c9ec, sendKeysToElement {value=[Ljava.lang.CharSequence;@73b8ebc9, id=f.60A4F2377368BF033804D79101C0EDF4.d.B011A2CCCE8802CB49081F0ACC870730.e.51}]&#10;Capabilities {acceptInsecureCerts: false, browserName: chrome, browserVersion: 131.0.6778.109, chrome: {chromedriverVersion: 131.0.6778.87 (ce31cae94873..., userDataDir: C:\Users\vamsh\AppData\Loca...}, fedcm:accounts: true, goog:chromeOptions: {debuggerAddress: localhost:59704}, networkConnectionEnabled: false, pageLoadStrategy: normal, platformName: windows, proxy: Proxy(), se:cdp: ws://localhost:59704/devtoo..., se:cdpVersion: 131.0.6778.109, setWindowRect: true, strictFileInteractability: false, timeouts: {implicit: 0, pageLoad: 300000, script: 30000}, unhandledPromptBehavior: dismiss and notify, webauthn:extension:credBlob: true, webauthn:extension:largeBlob: true, webauthn:extension:minPinLength: true, webauthn:extension:prf: true, webauthn:virtualAuthenticators: true}&#10;Element: [[ChromeDriver: chrome on windows (7f9da11c486327058c71e59ee858c9ec)] -&gt; css selector: .CodeMirror textarea]&#10;Session ID: 7f9da11c486327058c71e59ee858c9ec" type="org.openqa.selenium.ElementNotInteractableException"><![CDATA[org.openqa.selenium.ElementNotInteractableException: 
element not interactable
  (Session info: chrome=131.0.6778.109)
Build info: version: '4.26.0', revision: '8ccf0219d7'
System info: os.name: 'Windows 11', os.arch: 'amd64', os.version: '10.0', java.version: '21.0.5'
Driver info: org.openqa.selenium.chrome.ChromeDriver
Command: [7f9da11c486327058c71e59ee858c9ec, sendKeysToElement {value=[Ljava.lang.CharSequence;@73b8ebc9, id=f.60A4F2377368BF033804D79101C0EDF4.d.B011A2CCCE8802CB49081F0ACC870730.e.51}]
Capabilities {acceptInsecureCerts: false, browserName: chrome, browserVersion: 131.0.6778.109, chrome: {chromedriverVersion: 131.0.6778.87 (ce31cae94873..., userDataDir: C:\Users\vamsh\AppData\Loca...}, fedcm:accounts: true, goog:chromeOptions: {debuggerAddress: localhost:59704}, networkConnectionEnabled: false, pageLoadStrategy: normal, platformName: windows, proxy: Proxy(), se:cdp: ws://localhost:59704/devtoo..., se:cdpVersion: 131.0.6778.109, setWindowRect: true, strictFileInteractability: false, timeouts: {implicit: 0, pageLoad: 300000, script: 30000}, unhandledPromptBehavior: dismiss and notify, webauthn:extension:credBlob: true, webauthn:extension:largeBlob: true, webauthn:extension:minPinLength: true, webauthn:extension:prf: true, webauthn:virtualAuthenticators: true}
Element: [[ChromeDriver: chrome on windows (7f9da11c486327058c71e59ee858c9ec)] -> css selector: .CodeMirror textarea]
Session ID: 7f9da11c486327058c71e59ee858c9ec
]]></failure>
    <system-out><![CDATA[
Scenario: LL_Try Here Editor page with invalid data                     &amp#27;[90m# src/test/resources/Features/LinkedList.feature:203&amp#27;[0m
[INFO ] 2024-12-09 21:59:05.180 [TestNG-PoolService-2] Hooks - ======================  New Test Execution is STARTED!! ======================
  &amp#27;[32mGiven &amp#27;[0m&amp#27;[32mThe user is on the DS Introduction page as signedIn&amp#27;[0m                  &amp#27;[90m# StepDefinitions.DSIntroductionDetails.the_user_is_on_the_ds_introduction_page_as_signed_in()&amp#27;[0m
  &amp#27;[32mGiven &amp#27;[0m&amp#27;[32mThe user is on the DS Introduction page as signedIn&amp#27;[0m           &amp#27;[90m# StepDefinitions.DSIntroductionDetails.the_user_is_on_the_ds_introduction_page_as_signed_in()&amp#27;[0m
  &amp#27;[32mAnd &amp#27;[0m&amp#27;[32mUser clicks on Get Started button from Linked List panel&amp#27;[0m        &amp#27;[90m# StepDefinitions.LinkedList.user_clicks_on_get_started_button_from_linked_list_panel()&amp#27;[0m
  &amp#27;[32mAnd &amp#27;[0m&amp#27;[32mUser clicks on Get Started button from Linked List panel&amp#27;[0m               &amp#27;[90m# StepDefinitions.LinkedList.user_clicks_on_get_started_button_from_linked_list_panel()&amp#27;[0m
  &amp#27;[32mGiven &amp#27;[0m&amp#27;[32mThe user is on the Deletion page&amp#27;[0m                                     &amp#27;[90m# StepDefinitions.LinkedList.the_user_is_on_the_deletion_page()&amp#27;[0m
  &amp#27;[32mGiven &amp#27;[0m&amp#27;[32mThe user is on the Deletion page&amp#27;[0m                              &amp#27;[90m# StepDefinitions.LinkedList.the_user_is_on_the_deletion_page()&amp#27;[0m
  &amp#27;[32mAnd &amp#27;[0m&amp#27;[32mThe user clicks Try Here button&amp#27;[0m                                 &amp#27;[90m# StepDefinitions.Tree.the_user_clicks_try_here_button()&amp#27;[0m
  &amp#27;[32mAnd &amp#27;[0m&amp#27;[32mThe user clicks Try Here button&amp#27;[0m                                        &amp#27;[90m# StepDefinitions.Tree.the_user_clicks_try_here_button()&amp#27;[0m
  &amp#27;[31mWhen &amp#27;[0m&amp#27;[31mThe user writes the valid python code and clicks on Run button&amp#27;[0m &amp#27;[90m# StepDefinitions.Tree.the_user_writes_the_valid_python_code_and_clicks_on_run_button()&amp#27;[0m
      &amp#27;[31morg.openqa.selenium.ElementNotInteractableException: element not interactable
  (Session info: chrome=131.0.6778.109)
Build info: version: '4.26.0', revision: '8ccf0219d7'
System info: os.name: 'Windows 11', os.arch: 'amd64', os.version: '10.0', java.version: '21.0.5'
Driver info: org.openqa.selenium.chrome.ChromeDriver
Command: [0a8d3aa084a965aae2cf44be04c3e355, sendKeysToElement {value=[Ljava.lang.CharSequence;@53aeefd1, id=f.82335D5E68B0A3B67917BAEC42B3F8C1.d.FEE95BC5EE9DA0B3F8BDD8C2E99423F8.e.62}]
Capabilities {acceptInsecureCerts: false, browserName: chrome, browserVersion: 131.0.6778.109, chrome: {chromedriverVersion: 131.0.6778.87 (ce31cae94873..., userDataDir: C:\Users\vamsh\AppData\Loca...}, fedcm:accounts: true, goog:chromeOptions: {debuggerAddress: localhost:59716}, networkConnectionEnabled: false, pageLoadStrategy: normal, platformName: windows, proxy: Proxy(), se:cdp: ws://localhost:59716/devtoo..., se:cdpVersion: 131.0.6778.109, setWindowRect: true, strictFileInteractability: false, timeouts: {implicit: 0, pageLoad: 300000, script: 30000}, unhandledPromptBehavior: dismiss and notify, webauthn:extension:credBlob: true, webauthn:extension:largeBlob: true, webauthn:extension:minPinLength: true, webauthn:extension:prf: true, webauthn:virtualAuthenticators: true}
Element: [[ChromeDriver: chrome on windows (0a8d3aa084a965aae2cf44be04c3e355)] -> css selector: .CodeMirror textarea]
Session ID: 0a8d3aa084a965aae2cf44be04c3e355
	at java.base/jdk.internal.reflect.DirectConstructorHandleAccessor.newInstance(DirectConstructorHandleAccessor.java:62)
	at java.base/java.lang.reflect.Constructor.newInstanceWithCaller(Constructor.java:502)
	at java.base/java.lang.reflect.Constructor.newInstance(Constructor.java:486)
	at org.openqa.selenium.remote.ErrorCodec.decode(ErrorCodec.java:167)
	at org.openqa.selenium.remote.codec.w3c.W3CHttpResponseCodec.decode(W3CHttpResponseCodec.java:138)
	at org.openqa.selenium.remote.codec.w3c.W3CHttpResponseCodec.decode(W3CHttpResponseCodec.java:50)
	at org.openqa.selenium.remote.HttpCommandExecutor.execute(HttpCommandExecutor.java:190)
	at org.openqa.selenium.remote.service.DriverCommandExecutor.invokeExecute(DriverCommandExecutor.java:216)
	at org.openqa.selenium.remote.service.DriverCommandExecutor.execute(DriverCommandExecutor.java:174)
	at org.openqa.selenium.remote.RemoteWebDriver.execute(RemoteWebDriver.java:545)
	at org.openqa.selenium.remote.RemoteWebElement.execute(RemoteWebElement.java:223)
	at org.openqa.selenium.remote.RemoteWebElement.sendKeys(RemoteWebElement.java:110)
	at PageObjects.TreePage.writeInTryEditorWindow(TreePage.java:357)
	at StepDefinitions.Tree.the_user_writes_the_valid_python_code_and_clicks_on_run_button(Tree.java:85)
	at ✽.The user writes the valid python code and clicks on Run button(file:///C:/Projects/Repo1/src/test/resources/Features/LinkedList.feature:200)
&amp#27;[0m
  &amp#27;[36mThen &amp#27;[0m&amp#27;[36mThe user is able to see the output inside the console.&amp#27;[0m         &amp#27;[90m# StepDefinitions.Tree.the_user_is_able_to_see_the_output_inside_the_console()&amp#27;[0m
[ERROR] 2024-12-09 21:59:07.819 [TestNG-PoolService-3] Hooks - ======================  TEST CASE FAILED !! ======================
  &amp#27;[31mWhen &amp#27;[0m&amp#27;[31mThe user writes no code inside editor window and clicks on Run button&amp#27;[0m &amp#27;[90m# StepDefinitions.Tree.the_user_writes_no_code_inside_editor_window_and_clicks_on_run_button()&amp#27;[0m
      &amp#27;[31morg.openqa.selenium.ElementNotInteractableException: element not interactable
  (Session info: chrome=131.0.6778.109)
Build info: version: '4.26.0', revision: '8ccf0219d7'
System info: os.name: 'Windows 11', os.arch: 'amd64', os.version: '10.0', java.version: '21.0.5'
Driver info: org.openqa.selenium.chrome.ChromeDriver
Command: [7f9da11c486327058c71e59ee858c9ec, sendKeysToElement {value=[Ljava.lang.CharSequence;@73b8ebc9, id=f.60A4F2377368BF033804D79101C0EDF4.d.B011A2CCCE8802CB49081F0ACC870730.e.51}]
Capabilities {acceptInsecureCerts: false, browserName: chrome, browserVersion: 131.0.6778.109, chrome: {chromedriverVersion: 131.0.6778.87 (ce31cae94873..., userDataDir: C:\Users\vamsh\AppData\Loca...}, fedcm:accounts: true, goog:chromeOptions: {debuggerAddress: localhost:59704}, networkConnectionEnabled: false, pageLoadStrategy: normal, platformName: windows, proxy: Proxy(), se:cdp: ws://localhost:59704/devtoo..., se:cdpVersion: 131.0.6778.109, setWindowRect: true, strictFileInteractability: false, timeouts: {implicit: 0, pageLoad: 300000, script: 30000}, unhandledPromptBehavior: dismiss and notify, webauthn:extension:credBlob: true, webauthn:extension:largeBlob: true, webauthn:extension:minPinLength: true, webauthn:extension:prf: true, webauthn:virtualAuthenticators: true}
Element: [[ChromeDriver: chrome on windows (7f9da11c486327058c71e59ee858c9ec)] -> css selector: .CodeMirror textarea]
Session ID: 7f9da11c486327058c71e59ee858c9ec
	at java.base/jdk.internal.reflect.DirectConstructorHandleAccessor.newInstance(DirectConstructorHandleAccessor.java:62)
	at java.base/java.lang.reflect.Constructor.newInstanceWithCaller(Constructor.java:502)
	at java.base/java.lang.reflect.Constructor.newInstance(Constructor.java:486)
	at org.openqa.selenium.remote.ErrorCodec.decode(ErrorCodec.java:167)
	at org.openqa.selenium.remote.codec.w3c.W3CHttpResponseCodec.decode(W3CHttpResponseCodec.java:138)
	at org.openqa.selenium.remote.codec.w3c.W3CHttpResponseCodec.decode(W3CHttpResponseCodec.java:50)
	at org.openqa.selenium.remote.HttpCommandExecutor.execute(HttpCommandExecutor.java:190)
	at org.openqa.selenium.remote.service.DriverCommandExecutor.invokeExecute(DriverCommandExecutor.java:216)
	at org.openqa.selenium.remote.service.DriverCommandExecutor.execute(DriverCommandExecutor.java:174)
	at org.openqa.selenium.remote.RemoteWebDriver.execute(RemoteWebDriver.java:545)
	at org.openqa.selenium.remote.RemoteWebElement.execute(RemoteWebElement.java:223)
	at org.openqa.selenium.remote.RemoteWebElement.sendKeys(RemoteWebElement.java:110)
	at PageObjects.TreePage.writeInTryEditorWindow(TreePage.java:357)
	at StepDefinitions.Tree.the_user_writes_no_code_inside_editor_window_and_clicks_on_run_button(Tree.java:73)
	at ✽.The user writes no code inside editor window and clicks on Run button(file:///C:/Projects/Repo1/src/test/resources/Features/LinkedList.feature:194)
&amp#27;[0m
  &amp#27;[36mThen &amp#27;[0m&amp#27;[36mNothing happens to the Editor page and no error message is displayed&amp#27;[0m  &amp#27;[90m# StepDefinitions.Tree.nothing_happens_to_the_editor_page_and_no_error_message_is_displayed()&amp#27;[0m
[ERROR] 2024-12-09 21:59:07.858 [TestNG-PoolService-1] Hooks - ======================  TEST CASE FAILED !! ======================

    Embedding screenshot [image/png 7853 bytes]

[INFO ] 2024-12-09 21:59:07.991 [TestNG-PoolService-1] Hooks - ======================  Screenshot is captured  ======================
[INFO ] 2024-12-09 21:59:07.991 [TestNG-PoolService-1] Hooks - ======================  Test Execution is completed!! ======================

    Embedding screenshot [image/png 7853 bytes]

[INFO ] 2024-12-09 21:59:08.033 [TestNG-PoolService-3] Hooks - ======================  Screenshot is captured  ======================
[INFO ] 2024-12-09 21:59:08.034 [TestNG-PoolService-3] Hooks - ======================  Test Execution is completed!! ======================
]]></system-out>
    <system-err><![CDATA[Dec 09, 2024 9:59:05 PM org.openqa.selenium.devtools.CdpVersionFinder findNearestMatch
WARNING: Unable to find an exact match for CDP version 131, returning the closest version; found: 130; Please update to a Selenium version that supports CDP version 131
]]></system-err>
  </testcase>
  <testcase name="runScenario[&quot;LL_Try Here Editor page with empty data&quot;, &quot;Linked List&quot;](79)" classname="TestRunners.TestRunner" time="9.544">
    <system-out><![CDATA[
Scenario: LL_Try Here Editor page with invalid data                     &amp#27;[90m# src/test/resources/Features/LinkedList.feature:203&amp#27;[0m
[INFO ] 2024-12-09 22:09:38.049 [TestNG-PoolService-3] Hooks - ======================  New Test Execution is STARTED!! ======================
  &amp#27;[32mGiven &amp#27;[0m&amp#27;[32mThe user is on the DS Introduction page as signedIn&amp#27;[0m                  &amp#27;[90m# StepDefinitions.DSIntroductionDetails.the_user_is_on_the_ds_introduction_page_as_signed_in()&amp#27;[0m
  &amp#27;[32mAnd &amp#27;[0m&amp#27;[32mUser clicks on Get Started button from Linked List panel&amp#27;[0m               &amp#27;[90m# StepDefinitions.LinkedList.user_clicks_on_get_started_button_from_linked_list_panel()&amp#27;[0m
[INFO ] 2024-12-09 22:09:41.096 [TestNG-PoolService-1] Hooks - ======================  New Test Execution is STARTED!! ======================
  &amp#27;[32mGiven &amp#27;[0m&amp#27;[32mThe user is on the Deletion page&amp#27;[0m                                     &amp#27;[90m# StepDefinitions.LinkedList.the_user_is_on_the_deletion_page()&amp#27;[0m
[INFO ] 2024-12-09 22:09:41.669 [TestNG-PoolService-2] Hooks - ======================  New Test Execution is STARTED!! ======================
  &amp#27;[32mAnd &amp#27;[0m&amp#27;[32mThe user clicks Try Here button&amp#27;[0m                                        &amp#27;[90m# StepDefinitions.Tree.the_user_clicks_try_here_button()&amp#27;[0m
  &amp#27;[32mWhen &amp#27;[0m&amp#27;[32mThe user writes no code inside editor window and clicks on Run button&amp#27;[0m &amp#27;[90m# StepDefinitions.Tree.the_user_writes_no_code_inside_editor_window_and_clicks_on_run_button()&amp#27;[0m
  &amp#27;[32mThen &amp#27;[0m&amp#27;[32mNothing happens to the Editor page and no error message is displayed&amp#27;[0m  &amp#27;[90m# StepDefinitions.Tree.nothing_happens_to_the_editor_page_and_no_error_message_is_displayed()&amp#27;[0m
[INFO ] 2024-12-09 22:09:42.990 [TestNG-PoolService-3] Hooks - ======================  Test Execution is completed!! ======================
  &amp#27;[32mGiven &amp#27;[0m&amp#27;[32mThe user is on the DS Introduction page as signedIn&amp#27;[0m             &amp#27;[90m# StepDefinitions.DSIntroductionDetails.the_user_is_on_the_ds_introduction_page_as_signed_in()&amp#27;[0m
  &amp#27;[32mGiven &amp#27;[0m&amp#27;[32mThe user is on the DS Introduction page as signedIn&amp#27;[0m           &amp#27;[90m# StepDefinitions.DSIntroductionDetails.the_user_is_on_the_ds_introduction_page_as_signed_in()&amp#27;[0m
  &amp#27;[32mAnd &amp#27;[0m&amp#27;[32mUser clicks on Get Started button from Linked List panel&amp#27;[0m        &amp#27;[90m# StepDefinitions.LinkedList.user_clicks_on_get_started_button_from_linked_list_panel()&amp#27;[0m
  &amp#27;[32mAnd &amp#27;[0m&amp#27;[32mUser clicks on Get Started button from Linked List panel&amp#27;[0m          &amp#27;[90m# StepDefinitions.LinkedList.user_clicks_on_get_started_button_from_linked_list_panel()&amp#27;[0m
  &amp#27;[32mGiven &amp#27;[0m&amp#27;[32mThe user is on the Deletion page&amp#27;[0m                                &amp#27;[90m# StepDefinitions.LinkedList.the_user_is_on_the_deletion_page()&amp#27;[0m
  &amp#27;[32mGiven &amp#27;[0m&amp#27;[32mThe user is on the Deletion page&amp#27;[0m                              &amp#27;[90m# StepDefinitions.LinkedList.the_user_is_on_the_deletion_page()&amp#27;[0m
]]></system-out>
  </testcase>
  <testcase name="runScenario[&quot;LL_Try Here Editor page with empty data&quot;, &quot;Linked List&quot;](79)" classname="TestRunners.TestRunner" time="1.02">
    <system-out><![CDATA[
Scenario: LL_Try Here Editor page with invalid data                     &amp#27;[90m# src/test/resources/Features/LinkedList.feature:203&amp#27;[0m
[INFO ] 2024-12-09 22:23:03.397 [TestNG-PoolService-3] Hooks - ======================  New Test Execution is STARTED!! ======================
]]></system-out>
    <system-err><![CDATA[Dec 09, 2024 10:23:03 PM org.openqa.selenium.devtools.CdpVersionFinder findNearestMatch
WARNING: Unable to find an exact match for CDP version 131, returning the closest version; found: 130; Please update to a Selenium version that supports CDP version 131
]]></system-err>
  </testcase>
  <testcase name="runScenario[&quot;LL_Try Here Editor page with valid data&quot;, &quot;Linked List&quot;](80)" classname="TestRunners.TestRunner" time="0">
    <failure message="element not interactable&#10;  (Session info: chrome=131.0.6778.109)&#10;Build info: version: &apos;4.26.0&apos;, revision: &apos;8ccf0219d7&apos;&#10;System info: os.name: &apos;Windows 11&apos;, os.arch: &apos;amd64&apos;, os.version: &apos;10.0&apos;, java.version: &apos;21.0.5&apos;&#10;Driver info: org.openqa.selenium.chrome.ChromeDriver&#10;Command: [0a8d3aa084a965aae2cf44be04c3e355, sendKeysToElement {value=[Ljava.lang.CharSequence;@53aeefd1, id=f.82335D5E68B0A3B67917BAEC42B3F8C1.d.FEE95BC5EE9DA0B3F8BDD8C2E99423F8.e.62}]&#10;Capabilities {acceptInsecureCerts: false, browserName: chrome, browserVersion: 131.0.6778.109, chrome: {chromedriverVersion: 131.0.6778.87 (ce31cae94873..., userDataDir: C:\Users\vamsh\AppData\Loca...}, fedcm:accounts: true, goog:chromeOptions: {debuggerAddress: localhost:59716}, networkConnectionEnabled: false, pageLoadStrategy: normal, platformName: windows, proxy: Proxy(), se:cdp: ws://localhost:59716/devtoo..., se:cdpVersion: 131.0.6778.109, setWindowRect: true, strictFileInteractability: false, timeouts: {implicit: 0, pageLoad: 300000, script: 30000}, unhandledPromptBehavior: dismiss and notify, webauthn:extension:credBlob: true, webauthn:extension:largeBlob: true, webauthn:extension:minPinLength: true, webauthn:extension:prf: true, webauthn:virtualAuthenticators: true}&#10;Element: [[ChromeDriver: chrome on windows (0a8d3aa084a965aae2cf44be04c3e355)] -&gt; css selector: .CodeMirror textarea]&#10;Session ID: 0a8d3aa084a965aae2cf44be04c3e355" type="org.openqa.selenium.ElementNotInteractableException"><![CDATA[org.openqa.selenium.ElementNotInteractableException: 
element not interactable
  (Session info: chrome=131.0.6778.109)
Build info: version: '4.26.0', revision: '8ccf0219d7'
System info: os.name: 'Windows 11', os.arch: 'amd64', os.version: '10.0', java.version: '21.0.5'
Driver info: org.openqa.selenium.chrome.ChromeDriver
Command: [0a8d3aa084a965aae2cf44be04c3e355, sendKeysToElement {value=[Ljava.lang.CharSequence;@53aeefd1, id=f.82335D5E68B0A3B67917BAEC42B3F8C1.d.FEE95BC5EE9DA0B3F8BDD8C2E99423F8.e.62}]
Capabilities {acceptInsecureCerts: false, browserName: chrome, browserVersion: 131.0.6778.109, chrome: {chromedriverVersion: 131.0.6778.87 (ce31cae94873..., userDataDir: C:\Users\vamsh\AppData\Loca...}, fedcm:accounts: true, goog:chromeOptions: {debuggerAddress: localhost:59716}, networkConnectionEnabled: false, pageLoadStrategy: normal, platformName: windows, proxy: Proxy(), se:cdp: ws://localhost:59716/devtoo..., se:cdpVersion: 131.0.6778.109, setWindowRect: true, strictFileInteractability: false, timeouts: {implicit: 0, pageLoad: 300000, script: 30000}, unhandledPromptBehavior: dismiss and notify, webauthn:extension:credBlob: true, webauthn:extension:largeBlob: true, webauthn:extension:minPinLength: true, webauthn:extension:prf: true, webauthn:virtualAuthenticators: true}
Element: [[ChromeDriver: chrome on windows (0a8d3aa084a965aae2cf44be04c3e355)] -> css selector: .CodeMirror textarea]
Session ID: 0a8d3aa084a965aae2cf44be04c3e355
]]></failure>
  </testcase>
  <testcase name="runScenario[&quot;LL_Try Here Editor page with valid data&quot;, &quot;Linked List&quot;](80)" classname="TestRunners.TestRunner" time="7.995">
    <failure message="element not interactable&#10;  (Session info: MicrosoftEdge=131.0.2903.86)&#10;Build info: version: &apos;4.26.0&apos;, revision: &apos;8ccf0219d7&apos;&#10;System info: os.name: &apos;Windows 11&apos;, os.arch: &apos;amd64&apos;, os.version: &apos;10.0&apos;, java.version: &apos;21.0.5&apos;&#10;Driver info: org.openqa.selenium.edge.EdgeDriver&#10;Command: [35d8ca6f9e9e2d522230ccf349f35c23, sendKeysToElement {value=[Ljava.lang.CharSequence;@2d81c62d, id=f.CC47ECB752BFCC2D5449BF047047110A.d.46EE9B372186B514D2F575524AC7FD73.e.47}]&#10;Capabilities {acceptInsecureCerts: false, browserName: MicrosoftEdge, browserVersion: 131.0.2903.86, fedcm:accounts: true, ms:edgeOptions: {debuggerAddress: localhost:62071}, msedge: {msedgedriverVersion: 131.0.2903.86 (cf5bf303997c..., userDataDir: C:\Users\vamsh\AppData\Loca...}, networkConnectionEnabled: false, pageLoadStrategy: normal, platformName: windows, proxy: Proxy(), se:cdp: ws://localhost:62071/devtoo..., se:cdpVersion: 131.0.2903.86, setWindowRect: true, strictFileInteractability: false, timeouts: {implicit: 0, pageLoad: 300000, script: 30000}, unhandledPromptBehavior: dismiss and notify, webauthn:extension:credBlob: true, webauthn:extension:largeBlob: true, webauthn:extension:minPinLength: true, webauthn:extension:prf: true, webauthn:virtualAuthenticators: true}&#10;Element: [[EdgeDriver: MicrosoftEdge on windows (35d8ca6f9e9e2d522230ccf349f35c23)] -&gt; css selector: .CodeMirror textarea]&#10;Session ID: 35d8ca6f9e9e2d522230ccf349f35c23" type="org.openqa.selenium.ElementNotInteractableException"><![CDATA[org.openqa.selenium.ElementNotInteractableException: 
element not interactable
  (Session info: MicrosoftEdge=131.0.2903.86)
Build info: version: '4.26.0', revision: '8ccf0219d7'
System info: os.name: 'Windows 11', os.arch: 'amd64', os.version: '10.0', java.version: '21.0.5'
Driver info: org.openqa.selenium.edge.EdgeDriver
Command: [35d8ca6f9e9e2d522230ccf349f35c23, sendKeysToElement {value=[Ljava.lang.CharSequence;@2d81c62d, id=f.CC47ECB752BFCC2D5449BF047047110A.d.46EE9B372186B514D2F575524AC7FD73.e.47}]
Capabilities {acceptInsecureCerts: false, browserName: MicrosoftEdge, browserVersion: 131.0.2903.86, fedcm:accounts: true, ms:edgeOptions: {debuggerAddress: localhost:62071}, msedge: {msedgedriverVersion: 131.0.2903.86 (cf5bf303997c..., userDataDir: C:\Users\vamsh\AppData\Loca...}, networkConnectionEnabled: false, pageLoadStrategy: normal, platformName: windows, proxy: Proxy(), se:cdp: ws://localhost:62071/devtoo..., se:cdpVersion: 131.0.2903.86, setWindowRect: true, strictFileInteractability: false, timeouts: {implicit: 0, pageLoad: 300000, script: 30000}, unhandledPromptBehavior: dismiss and notify, webauthn:extension:credBlob: true, webauthn:extension:largeBlob: true, webauthn:extension:minPinLength: true, webauthn:extension:prf: true, webauthn:virtualAuthenticators: true}
Element: [[EdgeDriver: MicrosoftEdge on windows (35d8ca6f9e9e2d522230ccf349f35c23)] -> css selector: .CodeMirror textarea]
Session ID: 35d8ca6f9e9e2d522230ccf349f35c23
]]></failure>
    <system-out><![CDATA[
Scenario: Introduction page                                    &amp#27;[90m# src/test/resources/Features/LinkedList.feature:209&amp#27;[0m
[INFO ] 2024-12-09 22:23:05.266 [TestNG-PoolService-1] Hooks - ======================  New Test Execution is STARTED!! ======================
[INFO ] 2024-12-09 22:23:06.691 [TestNG-PoolService-2] Hooks - ======================  New Test Execution is STARTED!! ======================
  &amp#27;[32mGiven &amp#27;[0m&amp#27;[32mThe user is on the DS Introduction page as signedIn&amp#27;[0m             &amp#27;[90m# StepDefinitions.DSIntroductionDetails.the_user_is_on_the_ds_introduction_page_as_signed_in()&amp#27;[0m
  &amp#27;[32mGiven &amp#27;[0m&amp#27;[32mThe user is on the DS Introduction page as signedIn&amp#27;[0m           &amp#27;[90m# StepDefinitions.DSIntroductionDetails.the_user_is_on_the_ds_introduction_page_as_signed_in()&amp#27;[0m
  &amp#27;[32mAnd &amp#27;[0m&amp#27;[32mUser clicks on Get Started button from Linked List panel&amp#27;[0m          &amp#27;[90m# StepDefinitions.LinkedList.user_clicks_on_get_started_button_from_linked_list_panel()&amp#27;[0m
  &amp#27;[32mAnd &amp#27;[0m&amp#27;[32mUser clicks on Get Started button from Linked List panel&amp#27;[0m        &amp#27;[90m# StepDefinitions.LinkedList.user_clicks_on_get_started_button_from_linked_list_panel()&amp#27;[0m
  &amp#27;[32mGiven &amp#27;[0m&amp#27;[32mThe user is on the Deletion page&amp#27;[0m                              &amp#27;[90m# StepDefinitions.LinkedList.the_user_is_on_the_deletion_page()&amp#27;[0m
  &amp#27;[32mGiven &amp#27;[0m&amp#27;[32mThe user is on the Deletion page&amp#27;[0m                                &amp#27;[90m# StepDefinitions.LinkedList.the_user_is_on_the_deletion_page()&amp#27;[0m
  &amp#27;[32mAnd &amp#27;[0m&amp#27;[32mThe user clicks Try Here button&amp#27;[0m                                 &amp#27;[90m# StepDefinitions.Tree.the_user_clicks_try_here_button()&amp#27;[0m
  &amp#27;[31mWhen &amp#27;[0m&amp#27;[31mThe user writes the valid python code and clicks on Run button&amp#27;[0m &amp#27;[90m# StepDefinitions.Tree.the_user_writes_the_valid_python_code_and_clicks_on_run_button()&amp#27;[0m
      &amp#27;[31morg.openqa.selenium.ElementNotInteractableException: element not interactable
  (Session info: MicrosoftEdge=131.0.2903.86)
Build info: version: '4.26.0', revision: '8ccf0219d7'
System info: os.name: 'Windows 11', os.arch: 'amd64', os.version: '10.0', java.version: '21.0.5'
Driver info: org.openqa.selenium.edge.EdgeDriver
Command: [35d8ca6f9e9e2d522230ccf349f35c23, sendKeysToElement {value=[Ljava.lang.CharSequence;@2d81c62d, id=f.CC47ECB752BFCC2D5449BF047047110A.d.46EE9B372186B514D2F575524AC7FD73.e.47}]
Capabilities {acceptInsecureCerts: false, browserName: MicrosoftEdge, browserVersion: 131.0.2903.86, fedcm:accounts: true, ms:edgeOptions: {debuggerAddress: localhost:62071}, msedge: {msedgedriverVersion: 131.0.2903.86 (cf5bf303997c..., userDataDir: C:\Users\vamsh\AppData\Loca...}, networkConnectionEnabled: false, pageLoadStrategy: normal, platformName: windows, proxy: Proxy(), se:cdp: ws://localhost:62071/devtoo..., se:cdpVersion: 131.0.2903.86, setWindowRect: true, strictFileInteractability: false, timeouts: {implicit: 0, pageLoad: 300000, script: 30000}, unhandledPromptBehavior: dismiss and notify, webauthn:extension:credBlob: true, webauthn:extension:largeBlob: true, webauthn:extension:minPinLength: true, webauthn:extension:prf: true, webauthn:virtualAuthenticators: true}
Element: [[EdgeDriver: MicrosoftEdge on windows (35d8ca6f9e9e2d522230ccf349f35c23)] -> css selector: .CodeMirror textarea]
Session ID: 35d8ca6f9e9e2d522230ccf349f35c23
	at java.base/jdk.internal.reflect.DirectConstructorHandleAccessor.newInstance(DirectConstructorHandleAccessor.java:62)
	at java.base/java.lang.reflect.Constructor.newInstanceWithCaller(Constructor.java:502)
	at java.base/java.lang.reflect.Constructor.newInstance(Constructor.java:486)
	at org.openqa.selenium.remote.ErrorCodec.decode(ErrorCodec.java:167)
	at org.openqa.selenium.remote.codec.w3c.W3CHttpResponseCodec.decode(W3CHttpResponseCodec.java:138)
	at org.openqa.selenium.remote.codec.w3c.W3CHttpResponseCodec.decode(W3CHttpResponseCodec.java:50)
	at org.openqa.selenium.remote.HttpCommandExecutor.execute(HttpCommandExecutor.java:190)
	at org.openqa.selenium.remote.service.DriverCommandExecutor.invokeExecute(DriverCommandExecutor.java:216)
	at org.openqa.selenium.remote.service.DriverCommandExecutor.execute(DriverCommandExecutor.java:174)
	at org.openqa.selenium.remote.RemoteWebDriver.execute(RemoteWebDriver.java:545)
	at org.openqa.selenium.remote.RemoteWebElement.execute(RemoteWebElement.java:223)
	at org.openqa.selenium.remote.RemoteWebElement.sendKeys(RemoteWebElement.java:110)
	at PageObjects.TreePage.writeInTryEditorWindow(TreePage.java:357)
	at StepDefinitions.Tree.the_user_writes_the_valid_python_code_and_clicks_on_run_button(Tree.java:85)
	at ✽.The user writes the valid python code and clicks on Run button(file:///C:/Projects/Repo1/src/test/resources/Features/LinkedList.feature:200)
&amp#27;[0m
  &amp#27;[36mThen &amp#27;[0m&amp#27;[36mThe user is able to see the output inside the console.&amp#27;[0m         &amp#27;[90m# StepDefinitions.Tree.the_user_is_able_to_see_the_output_inside_the_console()&amp#27;[0m
[ERROR] 2024-12-09 22:23:09.856 [TestNG-PoolService-3] Hooks - ======================  TEST CASE FAILED !! ======================

    Embedding screenshot [image/png 7890 bytes]

[INFO ] 2024-12-09 22:23:10.090 [TestNG-PoolService-3] Hooks - ======================  Screenshot is captured  ======================
[INFO ] 2024-12-09 22:23:10.091 [TestNG-PoolService-3] Hooks - ======================  Test Execution is completed!! ======================
  &amp#27;[32mAnd &amp#27;[0m&amp#27;[32mThe user clicks Try Here button&amp#27;[0m                                   &amp#27;[90m# StepDefinitions.Tree.the_user_clicks_try_here_button()&amp#27;[0m
  &amp#27;[31mWhen &amp#27;[0m&amp#27;[31mThe user writes the invalid python code and clicks on Run button&amp#27;[0m &amp#27;[90m# StepDefinitions.Tree.the_user_writes_the_invalid_python_code_and_clicks_on_run_button()&amp#27;[0m
      &amp#27;[31morg.openqa.selenium.ElementNotInteractableException: element not interactable
  (Session info: MicrosoftEdge=131.0.2903.86)
Build info: version: '4.26.0', revision: '8ccf0219d7'
System info: os.name: 'Windows 11', os.arch: 'amd64', os.version: '10.0', java.version: '21.0.5'
Driver info: org.openqa.selenium.edge.EdgeDriver
Command: [a70c295a5c0825c4220e7e07eb8dc1b5, sendKeysToElement {value=[Ljava.lang.CharSequence;@7c14fe1c, id=f.4382FED2707F71C47EBBFFC0CBD62775.d.56F5B5ED1B880C8B39008B49A92409B3.e.39}]
Capabilities {acceptInsecureCerts: false, browserName: MicrosoftEdge, browserVersion: 131.0.2903.86, fedcm:accounts: true, ms:edgeOptions: {debuggerAddress: localhost:62100}, msedge: {msedgedriverVersion: 131.0.2903.86 (cf5bf303997c..., userDataDir: C:\Users\vamsh\AppData\Loca...}, networkConnectionEnabled: false, pageLoadStrategy: normal, platformName: windows, proxy: Proxy(), se:cdp: ws://localhost:62100/devtoo..., se:cdpVersion: 131.0.2903.86, setWindowRect: true, strictFileInteractability: false, timeouts: {implicit: 0, pageLoad: 300000, script: 30000}, unhandledPromptBehavior: dismiss and notify, webauthn:extension:credBlob: true, webauthn:extension:largeBlob: true, webauthn:extension:minPinLength: true, webauthn:extension:prf: true, webauthn:virtualAuthenticators: true}
Element: [[EdgeDriver: MicrosoftEdge on windows (a70c295a5c0825c4220e7e07eb8dc1b5)] -> css selector: .CodeMirror textarea]
Session ID: a70c295a5c0825c4220e7e07eb8dc1b5
	at java.base/jdk.internal.reflect.DirectConstructorHandleAccessor.newInstance(DirectConstructorHandleAccessor.java:62)
	at java.base/java.lang.reflect.Constructor.newInstanceWithCaller(Constructor.java:502)
	at java.base/java.lang.reflect.Constructor.newInstance(Constructor.java:486)
	at org.openqa.selenium.remote.ErrorCodec.decode(ErrorCodec.java:167)
	at org.openqa.selenium.remote.codec.w3c.W3CHttpResponseCodec.decode(W3CHttpResponseCodec.java:138)
	at org.openqa.selenium.remote.codec.w3c.W3CHttpResponseCodec.decode(W3CHttpResponseCodec.java:50)
	at org.openqa.selenium.remote.HttpCommandExecutor.execute(HttpCommandExecutor.java:190)
	at org.openqa.selenium.remote.service.DriverCommandExecutor.invokeExecute(DriverCommandExecutor.java:216)
	at org.openqa.selenium.remote.service.DriverCommandExecutor.execute(DriverCommandExecutor.java:174)
	at org.openqa.selenium.remote.RemoteWebDriver.execute(RemoteWebDriver.java:545)
	at org.openqa.selenium.remote.RemoteWebElement.execute(RemoteWebElement.java:223)
	at org.openqa.selenium.remote.RemoteWebElement.sendKeys(RemoteWebElement.java:110)
	at PageObjects.TreePage.writeInTryEditorWindow(TreePage.java:357)
	at StepDefinitions.Tree.the_user_writes_the_invalid_python_code_and_clicks_on_run_button(Tree.java:96)
	at ✽.The user writes the invalid python code and clicks on Run button(file:///C:/Projects/Repo1/src/test/resources/Features/LinkedList.feature:206)
&amp#27;[0m
  &amp#27;[36mThen &amp#27;[0m&amp#27;[36mThe user see error msg in alert window&amp#27;[0m                           &amp#27;[90m# StepDefinitions.Tree.the_user_see_error_msg_in_alert_window()&amp#27;[0m
[ERROR] 2024-12-09 22:23:10.611 [TestNG-PoolService-1] Hooks - ======================  TEST CASE FAILED !! ======================

    Embedding screenshot [image/png 7890 bytes]

[INFO ] 2024-12-09 22:23:10.750 [TestNG-PoolService-1] Hooks - ======================  Screenshot is captured  ======================
[INFO ] 2024-12-09 22:23:10.752 [TestNG-PoolService-1] Hooks - ======================  Test Execution is completed!! ======================
  &amp#27;[32mGiven &amp#27;[0m&amp#27;[32mThe user is on the DS Introduction page as signedIn&amp#27;[0m    &amp#27;[90m# StepDefinitions.DSIntroductionDetails.the_user_is_on_the_ds_introduction_page_as_signed_in()&amp#27;[0m
  &amp#27;[32mAnd &amp#27;[0m&amp#27;[32mUser clicks on Get Started button from Linked List panel&amp#27;[0m &amp#27;[90m# StepDefinitions.LinkedList.user_clicks_on_get_started_button_from_linked_list_panel()&amp#27;[0m
  &amp#27;[32mGiven &amp#27;[0m&amp#27;[32mThe user is on the Introduction page&amp#27;[0m                   &amp#27;[90m# StepDefinitions.LinkedList.the_user_is_on_the_introduction_page()&amp#27;[0m
]]></system-out>
    <system-err><![CDATA[Dec 09, 2024 10:23:05 PM org.openqa.selenium.devtools.CdpVersionFinder findNearestMatch
WARNING: Unable to find an exact match for CDP version 131, returning the closest version; found: 130; Please update to a Selenium version that supports CDP version 131
Dec 09, 2024 10:23:06 PM org.openqa.selenium.devtools.CdpVersionFinder findNearestMatch
WARNING: Unable to find an exact match for CDP version 131, returning the closest version; found: 130; Please update to a Selenium version that supports CDP version 131
]]></system-err>
  </testcase>
  <testcase name="runScenario[&quot;LL_Try Here Editor page with invalid data&quot;, &quot;Linked List&quot;](81)" classname="TestRunners.TestRunner" time="2.725">
    <failure message="element not interactable&#10;  (Session info: chrome=131.0.6778.109)&#10;Build info: version: &apos;4.26.0&apos;, revision: &apos;8ccf0219d7&apos;&#10;System info: os.name: &apos;Windows 11&apos;, os.arch: &apos;amd64&apos;, os.version: &apos;10.0&apos;, java.version: &apos;21.0.5&apos;&#10;Driver info: org.openqa.selenium.chrome.ChromeDriver&#10;Command: [871d1c5babd08f5683612ebcbbdddbd3, sendKeysToElement {value=[Ljava.lang.CharSequence;@1f25615, id=f.5005D89BD202C313C48106D39A3157FD.d.DEA5CA9181F96394078D5E03379905EC.e.49}]&#10;Capabilities {acceptInsecureCerts: false, browserName: chrome, browserVersion: 131.0.6778.109, chrome: {chromedriverVersion: 131.0.6778.87 (ce31cae94873..., userDataDir: C:\Users\vamsh\AppData\Loca...}, fedcm:accounts: true, goog:chromeOptions: {debuggerAddress: localhost:59742}, networkConnectionEnabled: false, pageLoadStrategy: normal, platformName: windows, proxy: Proxy(), se:cdp: ws://localhost:59742/devtoo..., se:cdpVersion: 131.0.6778.109, setWindowRect: true, strictFileInteractability: false, timeouts: {implicit: 0, pageLoad: 300000, script: 30000}, unhandledPromptBehavior: dismiss and notify, webauthn:extension:credBlob: true, webauthn:extension:largeBlob: true, webauthn:extension:minPinLength: true, webauthn:extension:prf: true, webauthn:virtualAuthenticators: true}&#10;Element: [[ChromeDriver: chrome on windows (871d1c5babd08f5683612ebcbbdddbd3)] -&gt; css selector: .CodeMirror textarea]&#10;Session ID: 871d1c5babd08f5683612ebcbbdddbd3" type="org.openqa.selenium.ElementNotInteractableException"><![CDATA[org.openqa.selenium.ElementNotInteractableException: 
element not interactable
  (Session info: chrome=131.0.6778.109)
Build info: version: '4.26.0', revision: '8ccf0219d7'
System info: os.name: 'Windows 11', os.arch: 'amd64', os.version: '10.0', java.version: '21.0.5'
Driver info: org.openqa.selenium.chrome.ChromeDriver
Command: [871d1c5babd08f5683612ebcbbdddbd3, sendKeysToElement {value=[Ljava.lang.CharSequence;@1f25615, id=f.5005D89BD202C313C48106D39A3157FD.d.DEA5CA9181F96394078D5E03379905EC.e.49}]
Capabilities {acceptInsecureCerts: false, browserName: chrome, browserVersion: 131.0.6778.109, chrome: {chromedriverVersion: 131.0.6778.87 (ce31cae94873..., userDataDir: C:\Users\vamsh\AppData\Loca...}, fedcm:accounts: true, goog:chromeOptions: {debuggerAddress: localhost:59742}, networkConnectionEnabled: false, pageLoadStrategy: normal, platformName: windows, proxy: Proxy(), se:cdp: ws://localhost:59742/devtoo..., se:cdpVersion: 131.0.6778.109, setWindowRect: true, strictFileInteractability: false, timeouts: {implicit: 0, pageLoad: 300000, script: 30000}, unhandledPromptBehavior: dismiss and notify, webauthn:extension:credBlob: true, webauthn:extension:largeBlob: true, webauthn:extension:minPinLength: true, webauthn:extension:prf: true, webauthn:virtualAuthenticators: true}
Element: [[ChromeDriver: chrome on windows (871d1c5babd08f5683612ebcbbdddbd3)] -> css selector: .CodeMirror textarea]
Session ID: 871d1c5babd08f5683612ebcbbdddbd3
]]></failure>
    <system-out><![CDATA[
Scenario: Introduction page                                    &amp#27;[90m# src/test/resources/Features/LinkedList.feature:209&amp#27;[0m

Scenario: DS Algo Sign in Page with blank info                                                                                     &amp#27;[90m# src/test/resources/Features/LoginTestNav.feature:10&amp#27;[0m
  &amp#27;[32mGiven &amp#27;[0m&amp#27;[32mThe user is on the DS Introduction page as signedIn&amp#27;[0m             &amp#27;[90m# StepDefinitions.DSIntroductionDetails.the_user_is_on_the_ds_introduction_page_as_signed_in()&amp#27;[0m
  &amp#27;[32mAnd &amp#27;[0m&amp#27;[32mUser clicks on Get Started button from Linked List panel&amp#27;[0m          &amp#27;[90m# StepDefinitions.LinkedList.user_clicks_on_get_started_button_from_linked_list_panel()&amp#27;[0m
[INFO ] 2024-12-09 21:59:09.793 [TestNG-PoolService-1] Hooks - ======================  New Test Execution is STARTED!! ======================
  &amp#27;[32mGiven &amp#27;[0m&amp#27;[32mThe user is on the Deletion page&amp#27;[0m                                &amp#27;[90m# StepDefinitions.LinkedList.the_user_is_on_the_deletion_page()&amp#27;[0m
[INFO ] 2024-12-09 21:59:10.338 [TestNG-PoolService-3] Hooks - ======================  New Test Execution is STARTED!! ======================
The user is on the DS Algo signin page
  &amp#27;[32mAnd &amp#27;[0m&amp#27;[32mThe user clicks Try Here button&amp#27;[0m                                   &amp#27;[90m# StepDefinitions.Tree.the_user_clicks_try_here_button()&amp#27;[0m
  &amp#27;[31mWhen &amp#27;[0m&amp#27;[31mThe user writes the invalid python code and clicks on Run button&amp#27;[0m &amp#27;[90m# StepDefinitions.Tree.the_user_writes_the_invalid_python_code_and_clicks_on_run_button()&amp#27;[0m
      &amp#27;[31morg.openqa.selenium.ElementNotInteractableException: element not interactable
  (Session info: chrome=131.0.6778.109)
Build info: version: '4.26.0', revision: '8ccf0219d7'
System info: os.name: 'Windows 11', os.arch: 'amd64', os.version: '10.0', java.version: '21.0.5'
Driver info: org.openqa.selenium.chrome.ChromeDriver
Command: [871d1c5babd08f5683612ebcbbdddbd3, sendKeysToElement {value=[Ljava.lang.CharSequence;@1f25615, id=f.5005D89BD202C313C48106D39A3157FD.d.DEA5CA9181F96394078D5E03379905EC.e.49}]
Capabilities {acceptInsecureCerts: false, browserName: chrome, browserVersion: 131.0.6778.109, chrome: {chromedriverVersion: 131.0.6778.87 (ce31cae94873..., userDataDir: C:\Users\vamsh\AppData\Loca...}, fedcm:accounts: true, goog:chromeOptions: {debuggerAddress: localhost:59742}, networkConnectionEnabled: false, pageLoadStrategy: normal, platformName: windows, proxy: Proxy(), se:cdp: ws://localhost:59742/devtoo..., se:cdpVersion: 131.0.6778.109, setWindowRect: true, strictFileInteractability: false, timeouts: {implicit: 0, pageLoad: 300000, script: 30000}, unhandledPromptBehavior: dismiss and notify, webauthn:extension:credBlob: true, webauthn:extension:largeBlob: true, webauthn:extension:minPinLength: true, webauthn:extension:prf: true, webauthn:virtualAuthenticators: true}
Element: [[ChromeDriver: chrome on windows (871d1c5babd08f5683612ebcbbdddbd3)] -> css selector: .CodeMirror textarea]
Session ID: 871d1c5babd08f5683612ebcbbdddbd3
	at java.base/jdk.internal.reflect.DirectConstructorHandleAccessor.newInstance(DirectConstructorHandleAccessor.java:62)
	at java.base/java.lang.reflect.Constructor.newInstanceWithCaller(Constructor.java:502)
	at java.base/java.lang.reflect.Constructor.newInstance(Constructor.java:486)
	at org.openqa.selenium.remote.ErrorCodec.decode(ErrorCodec.java:167)
	at org.openqa.selenium.remote.codec.w3c.W3CHttpResponseCodec.decode(W3CHttpResponseCodec.java:138)
	at org.openqa.selenium.remote.codec.w3c.W3CHttpResponseCodec.decode(W3CHttpResponseCodec.java:50)
	at org.openqa.selenium.remote.HttpCommandExecutor.execute(HttpCommandExecutor.java:190)
	at org.openqa.selenium.remote.service.DriverCommandExecutor.invokeExecute(DriverCommandExecutor.java:216)
	at org.openqa.selenium.remote.service.DriverCommandExecutor.execute(DriverCommandExecutor.java:174)
	at org.openqa.selenium.remote.RemoteWebDriver.execute(RemoteWebDriver.java:545)
	at org.openqa.selenium.remote.RemoteWebElement.execute(RemoteWebElement.java:223)
	at org.openqa.selenium.remote.RemoteWebElement.sendKeys(RemoteWebElement.java:110)
	at PageObjects.TreePage.writeInTryEditorWindow(TreePage.java:357)
	at StepDefinitions.Tree.the_user_writes_the_invalid_python_code_and_clicks_on_run_button(Tree.java:96)
	at ✽.The user writes the invalid python code and clicks on Run button(file:///C:/Projects/Repo1/src/test/resources/Features/LinkedList.feature:206)
&amp#27;[0m
  &amp#27;[36mThen &amp#27;[0m&amp#27;[36mThe user see error msg in alert window&amp#27;[0m                           &amp#27;[90m# StepDefinitions.Tree.the_user_see_error_msg_in_alert_window()&amp#27;[0m
[ERROR] 2024-12-09 21:59:10.674 [TestNG-PoolService-2] Hooks - ======================  TEST CASE FAILED !! ======================

    Embedding screenshot [image/png 7853 bytes]

[INFO ] 2024-12-09 21:59:10.828 [TestNG-PoolService-2] Hooks - ======================  Screenshot is captured  ======================
[INFO ] 2024-12-09 21:59:10.830 [TestNG-PoolService-2] Hooks - ======================  Test Execution is completed!! ======================
]]></system-out>
    <system-err><![CDATA[Dec 09, 2024 9:59:09 PM org.openqa.selenium.devtools.CdpVersionFinder findNearestMatch
WARNING: Unable to find an exact match for CDP version 131, returning the closest version; found: 130; Please update to a Selenium version that supports CDP version 131
Dec 09, 2024 9:59:09 PM org.openqa.selenium.devtools.CdpVersionFinder findNearestMatch
WARNING: Unable to find an exact match for CDP version 131, returning the closest version; found: 130; Please update to a Selenium version that supports CDP version 131
]]></system-err>
  </testcase>
  <testcase name="runScenario[&quot;LL_Try Here Editor page with invalid data&quot;, &quot;Linked List&quot;](81)" classname="TestRunners.TestRunner" time="0.592">
    <failure message="element not interactable&#10;  (Session info: MicrosoftEdge=131.0.2903.86)&#10;Build info: version: &apos;4.26.0&apos;, revision: &apos;8ccf0219d7&apos;&#10;System info: os.name: &apos;Windows 11&apos;, os.arch: &apos;amd64&apos;, os.version: &apos;10.0&apos;, java.version: &apos;21.0.5&apos;&#10;Driver info: org.openqa.selenium.edge.EdgeDriver&#10;Command: [a70c295a5c0825c4220e7e07eb8dc1b5, sendKeysToElement {value=[Ljava.lang.CharSequence;@7c14fe1c, id=f.4382FED2707F71C47EBBFFC0CBD62775.d.56F5B5ED1B880C8B39008B49A92409B3.e.39}]&#10;Capabilities {acceptInsecureCerts: false, browserName: MicrosoftEdge, browserVersion: 131.0.2903.86, fedcm:accounts: true, ms:edgeOptions: {debuggerAddress: localhost:62100}, msedge: {msedgedriverVersion: 131.0.2903.86 (cf5bf303997c..., userDataDir: C:\Users\vamsh\AppData\Loca...}, networkConnectionEnabled: false, pageLoadStrategy: normal, platformName: windows, proxy: Proxy(), se:cdp: ws://localhost:62100/devtoo..., se:cdpVersion: 131.0.2903.86, setWindowRect: true, strictFileInteractability: false, timeouts: {implicit: 0, pageLoad: 300000, script: 30000}, unhandledPromptBehavior: dismiss and notify, webauthn:extension:credBlob: true, webauthn:extension:largeBlob: true, webauthn:extension:minPinLength: true, webauthn:extension:prf: true, webauthn:virtualAuthenticators: true}&#10;Element: [[EdgeDriver: MicrosoftEdge on windows (a70c295a5c0825c4220e7e07eb8dc1b5)] -&gt; css selector: .CodeMirror textarea]&#10;Session ID: a70c295a5c0825c4220e7e07eb8dc1b5" type="org.openqa.selenium.ElementNotInteractableException"><![CDATA[org.openqa.selenium.ElementNotInteractableException: 
element not interactable
  (Session info: MicrosoftEdge=131.0.2903.86)
Build info: version: '4.26.0', revision: '8ccf0219d7'
System info: os.name: 'Windows 11', os.arch: 'amd64', os.version: '10.0', java.version: '21.0.5'
Driver info: org.openqa.selenium.edge.EdgeDriver
Command: [a70c295a5c0825c4220e7e07eb8dc1b5, sendKeysToElement {value=[Ljava.lang.CharSequence;@7c14fe1c, id=f.4382FED2707F71C47EBBFFC0CBD62775.d.56F5B5ED1B880C8B39008B49A92409B3.e.39}]
Capabilities {acceptInsecureCerts: false, browserName: MicrosoftEdge, browserVersion: 131.0.2903.86, fedcm:accounts: true, ms:edgeOptions: {debuggerAddress: localhost:62100}, msedge: {msedgedriverVersion: 131.0.2903.86 (cf5bf303997c..., userDataDir: C:\Users\vamsh\AppData\Loca...}, networkConnectionEnabled: false, pageLoadStrategy: normal, platformName: windows, proxy: Proxy(), se:cdp: ws://localhost:62100/devtoo..., se:cdpVersion: 131.0.2903.86, setWindowRect: true, strictFileInteractability: false, timeouts: {implicit: 0, pageLoad: 300000, script: 30000}, unhandledPromptBehavior: dismiss and notify, webauthn:extension:credBlob: true, webauthn:extension:largeBlob: true, webauthn:extension:minPinLength: true, webauthn:extension:prf: true, webauthn:virtualAuthenticators: true}
Element: [[EdgeDriver: MicrosoftEdge on windows (a70c295a5c0825c4220e7e07eb8dc1b5)] -> css selector: .CodeMirror textarea]
Session ID: a70c295a5c0825c4220e7e07eb8dc1b5
]]></failure>
    <system-out><![CDATA[
Scenario: DS Algo Sign in Page with blank info                                                                                     &amp#27;[90m# src/test/resources/Features/LoginTestNav.feature:10&amp#27;[0m
  &amp#27;[32mWhen &amp#27;[0m&amp#27;[32mThe user clicks Practice Questions link&amp#27;[0m                 &amp#27;[90m# StepDefinitions.Tree.the_user_clicks_practice_questions_link()&amp#27;[0m
  &amp#27;[32mThen &amp#27;[0m&amp#27;[32mThe user is redirected to Practice Questions page.&amp#27;[0m      &amp#27;[90m# StepDefinitions.Tree.the_user_is_redirected_to_practice_questions_page()&amp#27;[0m
[INFO ] 2024-12-09 22:23:11.596 [TestNG-PoolService-2] Hooks - ======================  Test Execution is completed!! ======================
]]></system-out>
  </testcase>
  <testcase name="runScenario[&quot;Introduction page&quot;, &quot;Linked List&quot;](82)" classname="TestRunners.TestRunner" time="2.039">
    <system-out><![CDATA[
Scenario: DS Algo Sign in Page with blank password                                                &amp#27;[90m# src/test/resources/Features/LoginTestNav.feature:18&amp#27;[0m
  &amp#27;[32mGiven &amp#27;[0m&amp#27;[32mThe user is on the DS Introduction page as signedIn&amp#27;[0m    &amp#27;[90m# StepDefinitions.DSIntroductionDetails.the_user_is_on_the_ds_introduction_page_as_signed_in()&amp#27;[0m
[INFO ] 2024-12-09 21:59:12.238 [TestNG-PoolService-2] Hooks - ======================  New Test Execution is STARTED!! ======================
The user is on the DS Algo signin page
  &amp#27;[32mAnd &amp#27;[0m&amp#27;[32mUser clicks on Get Started button from Linked List panel&amp#27;[0m &amp#27;[90m# StepDefinitions.LinkedList.user_clicks_on_get_started_button_from_linked_list_panel()&amp#27;[0m
  &amp#27;[32mGiven &amp#27;[0m&amp#27;[32mThe user is on the DS Algo Sign in Page&amp#27;[0m                                                                                    &amp#27;[90m# StepDefinitions.LoginStepDefinitions.the_user_is_on_the_ds_algo_sign_in_page()&amp#27;[0m
  &amp#27;[32mGiven &amp#27;[0m&amp#27;[32mThe user is on the Introduction page&amp#27;[0m                   &amp#27;[90m# StepDefinitions.LinkedList.the_user_is_on_the_introduction_page()&amp#27;[0m
  &amp#27;[32mWhen &amp#27;[0m&amp#27;[32mThe user clicks Practice Questions link&amp#27;[0m                 &amp#27;[90m# StepDefinitions.Tree.the_user_clicks_practice_questions_link()&amp#27;[0m
  &amp#27;[32mThen &amp#27;[0m&amp#27;[32mThe user is redirected to Practice Questions page.&amp#27;[0m      &amp#27;[90m# StepDefinitions.Tree.the_user_is_redirected_to_practice_questions_page()&amp#27;[0m
[INFO ] 2024-12-09 21:59:12.880 [TestNG-PoolService-1] Hooks - ======================  Test Execution is completed!! ======================
]]></system-out>
    <system-err><![CDATA[Dec 09, 2024 9:59:12 PM org.openqa.selenium.devtools.CdpVersionFinder findNearestMatch
WARNING: Unable to find an exact match for CDP version 131, returning the closest version; found: 130; Please update to a Selenium version that supports CDP version 131
]]></system-err>
  </testcase>
  <testcase name="runScenario[&quot;Introduction page&quot;, &quot;Linked List&quot;](82)" classname="TestRunners.TestRunner" time="8.267">
    <system-out><![CDATA[
Scenario: DS Algo Sign in Page with blank password                                                &amp#27;[90m# src/test/resources/Features/LoginTestNav.feature:18&amp#27;[0m
[INFO ] 2024-12-09 22:09:50.537 [TestNG-PoolService-3] Hooks - ======================  New Test Execution is STARTED!! ======================
  &amp#27;[32mGiven &amp#27;[0m&amp#27;[32mThe user is on the DS Introduction page as signedIn&amp#27;[0m    &amp#27;[90m# StepDefinitions.DSIntroductionDetails.the_user_is_on_the_ds_introduction_page_as_signed_in()&amp#27;[0m
  &amp#27;[32mAnd &amp#27;[0m&amp#27;[32mUser clicks on Get Started button from Linked List panel&amp#27;[0m &amp#27;[90m# StepDefinitions.LinkedList.user_clicks_on_get_started_button_from_linked_list_panel()&amp#27;[0m
[INFO ] 2024-12-09 22:09:53.416 [TestNG-PoolService-2] Hooks - ======================  New Test Execution is STARTED!! ======================
The user is on the DS Algo signin page
  &amp#27;[32mGiven &amp#27;[0m&amp#27;[32mThe user is on the Introduction page&amp#27;[0m                   &amp#27;[90m# StepDefinitions.LinkedList.the_user_is_on_the_introduction_page()&amp#27;[0m
[INFO ] 2024-12-09 22:09:53.756 [TestNG-PoolService-1] Hooks - ======================  New Test Execution is STARTED!! ======================
The user is on the DS Algo signin page
  &amp#27;[32mWhen &amp#27;[0m&amp#27;[32mThe user clicks Practice Questions link&amp#27;[0m                 &amp#27;[90m# StepDefinitions.Tree.the_user_clicks_practice_questions_link()&amp#27;[0m
  &amp#27;[32mThen &amp#27;[0m&amp#27;[32mThe user is redirected to Practice Questions page.&amp#27;[0m      &amp#27;[90m# StepDefinitions.Tree.the_user_is_redirected_to_practice_questions_page()&amp#27;[0m
[INFO ] 2024-12-09 22:09:53.923 [TestNG-PoolService-3] Hooks - ======================  Test Execution is completed!! ======================
  &amp#27;[32mGiven &amp#27;[0m&amp#27;[32mThe user is on the DS Algo Sign in Page&amp#27;[0m                                                   &amp#27;[90m# StepDefinitions.LoginStepDefinitions.the_user_is_on_the_ds_algo_sign_in_page()&amp#27;[0m
  &amp#27;[32mGiven &amp#27;[0m&amp#27;[32mThe user is on the DS Algo Sign in Page&amp#27;[0m                                                                                    &amp#27;[90m# StepDefinitions.LoginStepDefinitions.the_user_is_on_the_ds_algo_sign_in_page()&amp#27;[0m
  &amp#27;[32mWhen &amp#27;[0m&amp#27;[32mThe user clicks login button after entering only username from sheetname &amp#27;[0m&amp#27;[32m&amp#27;[1m"Login"&amp#27;[0m&amp#27;[32m and row &amp#27;[0m&amp#27;[32m&amp#27;[1m6&amp#27;[0m &amp#27;[90m# StepDefinitions.LoginStepDefinitions.the_user_clicks_login_button_after_enteringusername_only(java.lang.String,java.lang.Integer)&amp#27;[0m
Actual message appeared on screen: Please fill out this field.
  &amp#27;[32mThen &amp#27;[0m&amp#27;[32mThe error message &amp#27;[0m&amp#27;[32m&amp#27;[1m"Please fill out this field."&amp#27;[0m&amp#27;[32m appears below Pwd textbox&amp#27;[0m                  &amp#27;[90m# StepDefinitions.LoginStepDefinitions.the_error_message_appears_below_pwd_textbox(java.lang.String)&amp#27;[0m
[INFO ] 2024-12-09 22:09:55.963 [TestNG-PoolService-1] Hooks - ======================  Test Execution is completed!! ======================
]]></system-out>
  </testcase>
  <testcase name="runScenario[&quot;Introduction page&quot;, &quot;Linked List&quot;](82)" classname="TestRunners.TestRunner" time="0.83">
    <system-out><![CDATA[
Scenario: DS Algo Sign in Page with blank password                                                &amp#27;[90m# src/test/resources/Features/LoginTestNav.feature:18&amp#27;[0m
[INFO ] 2024-12-09 22:23:12.796 [TestNG-PoolService-3] Hooks - ======================  New Test Execution is STARTED!! ======================
The user is on the DS Algo signin page
]]></system-out>
    <system-err><![CDATA[Dec 09, 2024 10:23:12 PM org.openqa.selenium.devtools.CdpVersionFinder findNearestMatch
WARNING: Unable to find an exact match for CDP version 131, returning the closest version; found: 130; Please update to a Selenium version that supports CDP version 131
]]></system-err>
  </testcase>
  <testcase name="runScenario[&quot;DS Algo Sign in Page with blank info&quot;, &quot;Login Feature&quot;](83)" classname="TestRunners.TestRunner" time="1.851">
    <system-out><![CDATA[
Scenario: DS Algo Sign in Page  with blank username                                               &amp#27;[90m# src/test/resources/Features/LoginTestNav.feature:26&amp#27;[0m
  &amp#27;[32mGiven &amp#27;[0m&amp#27;[32mThe user is on the DS Algo Sign in Page&amp#27;[0m                                                   &amp#27;[90m# StepDefinitions.LoginStepDefinitions.the_user_is_on_the_ds_algo_sign_in_page()&amp#27;[0m
[INFO ] 2024-12-09 21:59:14.449 [TestNG-PoolService-1] Hooks - ======================  New Test Execution is STARTED!! ======================
The user is on the DS Algo signin page
  &amp#27;[32mWhen &amp#27;[0m&amp#27;[32mThe user clicks login button after leaving the username textbox and paswword textbox blank from sheetname &amp#27;[0m&amp#27;[32m&amp#27;[1m"Login"&amp#27;[0m&amp#27;[32m and row &amp#27;[0m&amp#27;[32m&amp#27;[1m3&amp#27;[0m &amp#27;[90m# StepDefinitions.LoginStepDefinitions.the_user_clicks_login_button_after_leaving_the_textbox_and_textbox_blank(java.lang.String,java.lang.Integer)&amp#27;[0m
Actual message appeared on screen: Please fill out this field.
  &amp#27;[32mThen &amp#27;[0m&amp#27;[32mThe error message &amp#27;[0m&amp#27;[32m&amp#27;[1m"Please fill out this field."&amp#27;[0m&amp#27;[32m appears below Username textbox&amp#27;[0m                                              &amp#27;[90m# StepDefinitions.LoginStepDefinitions.the_error_message_appears_below_username_textbox(java.lang.String)&amp#27;[0m
[INFO ] 2024-12-09 21:59:14.695 [TestNG-PoolService-3] Hooks - ======================  Test Execution is completed!! ======================
  &amp#27;[32mWhen &amp#27;[0m&amp#27;[32mThe user clicks login button after entering only username from sheetname &amp#27;[0m&amp#27;[32m&amp#27;[1m"Login"&amp#27;[0m&amp#27;[32m and row &amp#27;[0m&amp#27;[32m&amp#27;[1m6&amp#27;[0m &amp#27;[90m# StepDefinitions.LoginStepDefinitions.the_user_clicks_login_button_after_enteringusername_only(java.lang.String,java.lang.Integer)&amp#27;[0m
Actual message appeared on screen: Please fill out this field.
  &amp#27;[32mThen &amp#27;[0m&amp#27;[32mThe error message &amp#27;[0m&amp#27;[32m&amp#27;[1m"Please fill out this field."&amp#27;[0m&amp#27;[32m appears below Pwd textbox&amp#27;[0m                  &amp#27;[90m# StepDefinitions.LoginStepDefinitions.the_error_message_appears_below_pwd_textbox(java.lang.String)&amp#27;[0m
[INFO ] 2024-12-09 21:59:14.779 [TestNG-PoolService-2] Hooks - ======================  Test Execution is completed!! ======================
]]></system-out>
    <system-err><![CDATA[Dec 09, 2024 9:59:14 PM org.openqa.selenium.devtools.CdpVersionFinder findNearestMatch
WARNING: Unable to find an exact match for CDP version 131, returning the closest version; found: 130; Please update to a Selenium version that supports CDP version 131
]]></system-err>
  </testcase>
  <testcase name="runScenario[&quot;DS Algo Sign in Page with blank info&quot;, &quot;Login Feature&quot;](83)" classname="TestRunners.TestRunner" time="5.045">
    <system-out><![CDATA[
Scenario: DS Algo Sign in Page  with blank username                                               &amp#27;[90m# src/test/resources/Features/LoginTestNav.feature:26&amp#27;[0m
  &amp#27;[32mGiven &amp#27;[0m&amp#27;[32mThe user is on the DS Algo Sign in Page&amp#27;[0m                                                                                    &amp#27;[90m# StepDefinitions.LoginStepDefinitions.the_user_is_on_the_ds_algo_sign_in_page()&amp#27;[0m
[INFO ] 2024-12-09 22:23:15.335 [TestNG-PoolService-1] Hooks - ======================  New Test Execution is STARTED!! ======================
The user is on the DS Algo signin page
[INFO ] 2024-12-09 22:23:16.392 [TestNG-PoolService-2] Hooks - ======================  New Test Execution is STARTED!! ======================
The user is on the DS Algo signin page
  &amp#27;[32mWhen &amp#27;[0m&amp#27;[32mThe user clicks login button after leaving the username textbox and paswword textbox blank from sheetname &amp#27;[0m&amp#27;[32m&amp#27;[1m"Login"&amp#27;[0m&amp#27;[32m and row &amp#27;[0m&amp#27;[32m&amp#27;[1m3&amp#27;[0m &amp#27;[90m# StepDefinitions.LoginStepDefinitions.the_user_clicks_login_button_after_leaving_the_textbox_and_textbox_blank(java.lang.String,java.lang.Integer)&amp#27;[0m
Actual message appeared on screen: Please fill out this field.
  &amp#27;[32mThen &amp#27;[0m&amp#27;[32mThe error message &amp#27;[0m&amp#27;[32m&amp#27;[1m"Please fill out this field."&amp#27;[0m&amp#27;[32m appears below Username textbox&amp#27;[0m                                              &amp#27;[90m# StepDefinitions.LoginStepDefinitions.the_error_message_appears_below_username_textbox(java.lang.String)&amp#27;[0m
[INFO ] 2024-12-09 22:23:16.569 [TestNG-PoolService-3] Hooks - ======================  Test Execution is completed!! ======================
]]></system-out>
    <system-err><![CDATA[Dec 09, 2024 10:23:15 PM org.openqa.selenium.devtools.CdpVersionFinder findNearestMatch
WARNING: Unable to find an exact match for CDP version 131, returning the closest version; found: 130; Please update to a Selenium version that supports CDP version 131
Dec 09, 2024 10:23:16 PM org.openqa.selenium.devtools.CdpVersionFinder findNearestMatch
WARNING: Unable to find an exact match for CDP version 131, returning the closest version; found: 130; Please update to a Selenium version that supports CDP version 131
]]></system-err>
  </testcase>
  <testcase name="runScenario[&quot;DS Algo Sign in Page with blank password&quot;, &quot;Login Feature&quot;](84)" classname="TestRunners.TestRunner" time="0.032">
    <system-out><![CDATA[
Scenario: DS Algo Sign in Page with invalid username and password                                                         &amp#27;[90m# src/test/resources/Features/LoginTestNav.feature:34&amp#27;[0m
]]></system-out>
  </testcase>
  <testcase name="runScenario[&quot;DS Algo Sign in Page  with blank username&quot;, &quot;Login Feature&quot;](85)" classname="TestRunners.TestRunner" time="2.053">
    <system-out><![CDATA[
Scenario: DS Algo Sign in Page with valid username and invalid password                                                 &amp#27;[90m# src/test/resources/Features/LoginTestNav.feature:42&amp#27;[0m
[INFO ] 2024-12-09 21:59:16.301 [TestNG-PoolService-3] Hooks - ======================  New Test Execution is STARTED!! ======================
The user is on the DS Algo signin page
  &amp#27;[32mGiven &amp#27;[0m&amp#27;[32mThe user is on the DS Algo Sign in Page&amp#27;[0m                                                   &amp#27;[90m# StepDefinitions.LoginStepDefinitions.the_user_is_on_the_ds_algo_sign_in_page()&amp#27;[0m
[INFO ] 2024-12-09 21:59:16.594 [TestNG-PoolService-2] Hooks - ======================  New Test Execution is STARTED!! ======================
The user is on the DS Algo signin page
  &amp#27;[32mWhen &amp#27;[0m&amp#27;[32mThe user clicks login button after entering only password from sheetname &amp#27;[0m&amp#27;[32m&amp#27;[1m"Login"&amp#27;[0m&amp#27;[32m and row &amp#27;[0m&amp#27;[32m&amp#27;[1m6&amp#27;[0m &amp#27;[90m# StepDefinitions.LoginStepDefinitions.the_user_clicks_login_button_after_entering_password_only(java.lang.String,java.lang.Integer)&amp#27;[0m
Actual message appeared on screen: Please fill out this field.
  &amp#27;[32mThen &amp#27;[0m&amp#27;[32mThe error message &amp#27;[0m&amp#27;[32m&amp#27;[1m"Please fill out this field."&amp#27;[0m&amp#27;[32m appears below Username textbox&amp#27;[0m             &amp#27;[90m# StepDefinitions.LoginStepDefinitions.the_error_message_appears_below_username_textbox(java.lang.String)&amp#27;[0m
[INFO ] 2024-12-09 21:59:16.835 [TestNG-PoolService-1] Hooks - ======================  Test Execution is completed!! ======================
]]></system-out>
    <system-err><![CDATA[Dec 09, 2024 9:59:16 PM org.openqa.selenium.devtools.CdpVersionFinder findNearestMatch
WARNING: Unable to find an exact match for CDP version 131, returning the closest version; found: 130; Please update to a Selenium version that supports CDP version 131
Dec 09, 2024 9:59:16 PM org.openqa.selenium.devtools.CdpVersionFinder findNearestMatch
WARNING: Unable to find an exact match for CDP version 131, returning the closest version; found: 130; Please update to a Selenium version that supports CDP version 131
]]></system-err>
  </testcase>
  <testcase name="runScenario[&quot;DS Algo Sign in Page  with blank username&quot;, &quot;Login Feature&quot;](85)" classname="TestRunners.TestRunner" time="8.346">
    <system-out><![CDATA[
Scenario: DS Algo Sign in Page with valid username and invalid password                                                 &amp#27;[90m# src/test/resources/Features/LoginTestNav.feature:42&amp#27;[0m
[INFO ] 2024-12-09 22:10:00.977 [TestNG-PoolService-3] Hooks - ======================  New Test Execution is STARTED!! ======================
The user is on the DS Algo signin page
  &amp#27;[32mGiven &amp#27;[0m&amp#27;[32mThe user is on the DS Algo Sign in Page&amp#27;[0m                                                   &amp#27;[90m# StepDefinitions.LoginStepDefinitions.the_user_is_on_the_ds_algo_sign_in_page()&amp#27;[0m
[INFO ] 2024-12-09 22:10:03.238 [TestNG-PoolService-1] Hooks - ======================  New Test Execution is STARTED!! ======================
The user is on the DS Algo signin page
[INFO ] 2024-12-09 22:10:03.352 [TestNG-PoolService-2] Hooks - ======================  New Test Execution is STARTED!! ======================
The user is on the DS Algo signin page
  &amp#27;[32mWhen &amp#27;[0m&amp#27;[32mThe user clicks login button after entering only password from sheetname &amp#27;[0m&amp#27;[32m&amp#27;[1m"Login"&amp#27;[0m&amp#27;[32m and row &amp#27;[0m&amp#27;[32m&amp#27;[1m6&amp#27;[0m &amp#27;[90m# StepDefinitions.LoginStepDefinitions.the_user_clicks_login_button_after_entering_password_only(java.lang.String,java.lang.Integer)&amp#27;[0m
Actual message appeared on screen: Please fill out this field.
  &amp#27;[32mThen &amp#27;[0m&amp#27;[32mThe error message &amp#27;[0m&amp#27;[32m&amp#27;[1m"Please fill out this field."&amp#27;[0m&amp#27;[32m appears below Username textbox&amp#27;[0m             &amp#27;[90m# StepDefinitions.LoginStepDefinitions.the_error_message_appears_below_username_textbox(java.lang.String)&amp#27;[0m
[INFO ] 2024-12-09 22:10:03.647 [TestNG-PoolService-3] Hooks - ======================  Test Execution is completed!! ======================
  &amp#27;[32mGiven &amp#27;[0m&amp#27;[32mThe user is on the DS Algo Sign in Page&amp#27;[0m                                                                         &amp#27;[90m# StepDefinitions.LoginStepDefinitions.the_user_is_on_the_ds_algo_sign_in_page()&amp#27;[0m
  &amp#27;[32mGiven &amp#27;[0m&amp#27;[32mThe user is on the DS Algo Sign in Page&amp#27;[0m                                                                           &amp#27;[90m# StepDefinitions.LoginStepDefinitions.the_user_is_on_the_ds_algo_sign_in_page()&amp#27;[0m
  &amp#27;[32mWhen &amp#27;[0m&amp#27;[32mThe user clicks login button after entering valid userName and invalid password from sheetname &amp#27;[0m&amp#27;[32m&amp#27;[1m"Login"&amp#27;[0m&amp#27;[32m and row &amp#27;[0m&amp#27;[32m&amp#27;[1m7&amp#27;[0m &amp#27;[90m# StepDefinitions.LoginStepDefinitions.the_user_clicks_login_button_after_entering_valid_and_invalid(java.lang.String,java.lang.Integer)&amp#27;[0m
  &amp#27;[32mThen &amp#27;[0m&amp#27;[32mThe user should able to see an error message &amp#27;[0m&amp#27;[32m&amp#27;[1m"Invalid Username and Password"&amp#27;[0m&amp#27;[32m.&amp#27;[0m                                    &amp#27;[90m# StepDefinitions.LoginStepDefinitions.the_user_should_able_to_see_an_error_message(java.lang.String)&amp#27;[0m
[INFO ] 2024-12-09 22:10:05.544 [TestNG-PoolService-2] Hooks - ======================  Test Execution is completed!! ======================
  &amp#27;[32mWhen &amp#27;[0m&amp#27;[32mThe user clicks login button after entering invalid username and invalid password from sheetname &amp#27;[0m&amp#27;[32m&amp#27;[1m"Login"&amp#27;[0m&amp#27;[32m and row &amp#27;[0m&amp#27;[32m&amp#27;[1m4&amp#27;[0m &amp#27;[90m# StepDefinitions.LoginStepDefinitions.the_user_clicks_login_button_after_entering_invalid_and_invalid(java.lang.String,java.lang.Integer)&amp#27;[0m
  &amp#27;[32mThen &amp#27;[0m&amp#27;[32mThe user should able to see an error message &amp#27;[0m&amp#27;[32m&amp#27;[1m"Invalid Username and Password"&amp#27;[0m&amp#27;[32m.&amp#27;[0m                                      &amp#27;[90m# StepDefinitions.LoginStepDefinitions.the_user_should_able_to_see_an_error_message(java.lang.String)&amp#27;[0m
[INFO ] 2024-12-09 22:10:06.028 [TestNG-PoolService-1] Hooks - ======================  Test Execution is completed!! ======================
]]></system-out>
  </testcase>
  <testcase name="runScenario[&quot;DS Algo Sign in Page with invalid username and password&quot;, &quot;Login Feature&quot;](86)" classname="TestRunners.TestRunner" time="2.505">
    <system-out><![CDATA[
Scenario: DS Algo Sign in Page  with valid username and Valid password                                          &amp#27;[90m# src/test/resources/Features/LoginTestNav.feature:50&amp#27;[0m
[INFO ] 2024-12-09 21:59:18.195 [TestNG-PoolService-1] Hooks - ======================  New Test Execution is STARTED!! ======================
The user is on the DS Algo signin page
  &amp#27;[32mGiven &amp#27;[0m&amp#27;[32mThe user is on the DS Algo Sign in Page&amp#27;[0m                                                                           &amp#27;[90m# StepDefinitions.LoginStepDefinitions.the_user_is_on_the_ds_algo_sign_in_page()&amp#27;[0m
  &amp#27;[32mGiven &amp#27;[0m&amp#27;[32mThe user is on the DS Algo Sign in Page&amp#27;[0m                                                                         &amp#27;[90m# StepDefinitions.LoginStepDefinitions.the_user_is_on_the_ds_algo_sign_in_page()&amp#27;[0m
  &amp#27;[32mWhen &amp#27;[0m&amp#27;[32mThe user clicks login button after entering invalid username and invalid password from sheetname &amp#27;[0m&amp#27;[32m&amp#27;[1m"Login"&amp#27;[0m&amp#27;[32m and row &amp#27;[0m&amp#27;[32m&amp#27;[1m4&amp#27;[0m &amp#27;[90m# StepDefinitions.LoginStepDefinitions.the_user_clicks_login_button_after_entering_invalid_and_invalid(java.lang.String,java.lang.Integer)&amp#27;[0m
  &amp#27;[32mThen &amp#27;[0m&amp#27;[32mThe user should able to see an error message &amp#27;[0m&amp#27;[32m&amp#27;[1m"Invalid Username and Password"&amp#27;[0m&amp#27;[32m.&amp#27;[0m                                      &amp#27;[90m# StepDefinitions.LoginStepDefinitions.the_user_should_able_to_see_an_error_message(java.lang.String)&amp#27;[0m
[INFO ] 2024-12-09 21:59:19.323 [TestNG-PoolService-3] Hooks - ======================  Test Execution is completed!! ======================
  &amp#27;[32mGiven &amp#27;[0m&amp#27;[32mThe user is on the DS Algo Sign in Page&amp#27;[0m                                                                 &amp#27;[90m# StepDefinitions.LoginStepDefinitions.the_user_is_on_the_ds_algo_sign_in_page()&amp#27;[0m
  &amp#27;[32mWhen &amp#27;[0m&amp#27;[32mThe user clicks login button after entering valid userName and invalid password from sheetname &amp#27;[0m&amp#27;[32m&amp#27;[1m"Login"&amp#27;[0m&amp#27;[32m and row &amp#27;[0m&amp#27;[32m&amp#27;[1m7&amp#27;[0m &amp#27;[90m# StepDefinitions.LoginStepDefinitions.the_user_clicks_login_button_after_entering_valid_and_invalid(java.lang.String,java.lang.Integer)&amp#27;[0m
]]></system-out>
    <system-err><![CDATA[Dec 09, 2024 9:59:18 PM org.openqa.selenium.devtools.CdpVersionFinder findNearestMatch
WARNING: Unable to find an exact match for CDP version 131, returning the closest version; found: 130; Please update to a Selenium version that supports CDP version 131
]]></system-err>
  </testcase>
  <testcase name="runScenario[&quot;DS Algo Sign in Page with invalid username and password&quot;, &quot;Login Feature&quot;](86)" classname="TestRunners.TestRunner" time="3.256">
    <system-out><![CDATA[
Scenario: DS Algo Sign in Page  with valid username and Valid password                                          &amp#27;[90m# src/test/resources/Features/LoginTestNav.feature:50&amp#27;[0m
  &amp#27;[32mGiven &amp#27;[0m&amp#27;[32mThe user is on the DS Algo Sign in Page&amp#27;[0m                                                                           &amp#27;[90m# StepDefinitions.LoginStepDefinitions.the_user_is_on_the_ds_algo_sign_in_page()&amp#27;[0m
  &amp#27;[32mWhen &amp#27;[0m&amp#27;[32mThe user clicks login button after entering invalid username and invalid password from sheetname &amp#27;[0m&amp#27;[32m&amp#27;[1m"Login"&amp#27;[0m&amp#27;[32m and row &amp#27;[0m&amp#27;[32m&amp#27;[1m4&amp#27;[0m &amp#27;[90m# StepDefinitions.LoginStepDefinitions.the_user_clicks_login_button_after_entering_invalid_and_invalid(java.lang.String,java.lang.Integer)&amp#27;[0m
  &amp#27;[32mThen &amp#27;[0m&amp#27;[32mThe user should able to see an error message &amp#27;[0m&amp#27;[32m&amp#27;[1m"Invalid Username and Password"&amp#27;[0m&amp#27;[32m.&amp#27;[0m                                      &amp#27;[90m# StepDefinitions.LoginStepDefinitions.the_user_should_able_to_see_an_error_message(java.lang.String)&amp#27;[0m
[INFO ] 2024-12-09 22:23:22.404 [TestNG-PoolService-3] Hooks - ======================  Test Execution is completed!! ======================
[INFO ] 2024-12-09 22:23:23.637 [TestNG-PoolService-2] Hooks - ======================  New Test Execution is STARTED!! ======================
The user is on the DS Algo signin page
[INFO ] 2024-12-09 22:23:23.782 [TestNG-PoolService-1] Hooks - ======================  New Test Execution is STARTED!! ======================
The user is on the DS Algo signin page
]]></system-out>
    <system-err><![CDATA[Dec 09, 2024 10:23:23 PM org.openqa.selenium.devtools.CdpVersionFinder findNearestMatch
WARNING: Unable to find an exact match for CDP version 131, returning the closest version; found: 130; Please update to a Selenium version that supports CDP version 131
Dec 09, 2024 10:23:23 PM org.openqa.selenium.devtools.CdpVersionFinder findNearestMatch
WARNING: Unable to find an exact match for CDP version 131, returning the closest version; found: 130; Please update to a Selenium version that supports CDP version 131
]]></system-err>
  </testcase>
  <testcase name="runScenario[&quot;DS Algo Sign in Page with valid username and invalid password&quot;, &quot;Login Feature&quot;](87)" classname="TestRunners.TestRunner" time="0.335">
    <system-out><![CDATA[
Scenario: Validate user navigated to queue details page when clicked on get started &amp#27;[90m# src/test/resources/Features/QueueDetails.feature:7&amp#27;[0m
  &amp#27;[32mThen &amp#27;[0m&amp#27;[32mThe user should able to see an error message &amp#27;[0m&amp#27;[32m&amp#27;[1m"Invalid Username and Password"&amp#27;[0m&amp#27;[32m.&amp#27;[0m                                    &amp#27;[90m# StepDefinitions.LoginStepDefinitions.the_user_should_able_to_see_an_error_message(java.lang.String)&amp#27;[0m
[INFO ] 2024-12-09 21:59:19.577 [TestNG-PoolService-2] Hooks - ======================  Test Execution is completed!! ======================
]]></system-out>
  </testcase>
  <testcase name="runScenario[&quot;DS Algo Sign in Page with valid username and invalid password&quot;, &quot;Login Feature&quot;](87)" classname="TestRunners.TestRunner" time="4.931">
    <system-out><![CDATA[
Scenario: Validate user navigated to queue details page when clicked on get started &amp#27;[90m# src/test/resources/Features/QueueDetails.feature:7&amp#27;[0m
[INFO ] 2024-12-09 22:23:25.575 [TestNG-PoolService-3] Hooks - ======================  New Test Execution is STARTED!! ======================
  &amp#27;[32mGiven &amp#27;[0m&amp#27;[32mThe user is on the DS Algo Sign in Page&amp#27;[0m                                                                 &amp#27;[90m# StepDefinitions.LoginStepDefinitions.the_user_is_on_the_ds_algo_sign_in_page()&amp#27;[0m
  &amp#27;[32mGiven &amp#27;[0m&amp#27;[32mThe user is on the DS Algo Sign in Page&amp#27;[0m                                                                         &amp#27;[90m# StepDefinitions.LoginStepDefinitions.the_user_is_on_the_ds_algo_sign_in_page()&amp#27;[0m
  &amp#27;[32mWhen &amp#27;[0m&amp#27;[32mThe user clicks login button after entering valid userName and invalid password from sheetname &amp#27;[0m&amp#27;[32m&amp#27;[1m"Login"&amp#27;[0m&amp#27;[32m and row &amp#27;[0m&amp#27;[32m&amp#27;[1m7&amp#27;[0m &amp#27;[90m# StepDefinitions.LoginStepDefinitions.the_user_clicks_login_button_after_entering_valid_and_invalid(java.lang.String,java.lang.Integer)&amp#27;[0m
  &amp#27;[32mThen &amp#27;[0m&amp#27;[32mThe user should able to see an error message &amp#27;[0m&amp#27;[32m&amp#27;[1m"Invalid Username and Password"&amp#27;[0m&amp#27;[32m.&amp#27;[0m                                    &amp#27;[90m# StepDefinitions.LoginStepDefinitions.the_user_should_able_to_see_an_error_message(java.lang.String)&amp#27;[0m
[INFO ] 2024-12-09 22:23:27.391 [TestNG-PoolService-2] Hooks - ======================  Test Execution is completed!! ======================
  &amp#27;[32mWhen &amp#27;[0m&amp#27;[32mThe user clicks login button after entering valid userName and password from sheetname &amp#27;[0m&amp#27;[32m&amp#27;[1m"Login"&amp#27;[0m&amp#27;[32m and row &amp#27;[0m&amp#27;[32m&amp#27;[1m6&amp#27;[0m &amp#27;[90m# StepDefinitions.LoginStepDefinitions.the_user_clicks_login_button_after_entering_valid_and_valid(java.lang.String,int)&amp#27;[0m
  &amp#27;[31mThen &amp#27;[0m&amp#27;[31muser lands on the DS Introduction page as signedIn&amp#27;[0m                                                       &amp#27;[90m# StepDefinitions.DSIntroductionDetails.user_lands_on_the_ds_introduction_page_as_signed_in()&amp#27;[0m
      &amp#27;[31morg.openqa.selenium.NoSuchElementException: no such element: Unable to locate element: {"method":"css selector","selector":"h4.bg-secondary"}
  (Session info: MicrosoftEdge=131.0.2903.86)
For documentation on this error, please visit: https://www.selenium.dev/documentation/webdriver/troubleshooting/errors#no-such-element-exception
Build info: version: '4.26.0', revision: '8ccf0219d7'
System info: os.name: 'Windows 11', os.arch: 'amd64', os.version: '10.0', java.version: '21.0.5'
Driver info: org.openqa.selenium.edge.EdgeDriver
Command: [61a3cd6477c9f7b554ef186c2ea81848, findElement {value=h4.bg-secondary, using=css selector}]
Capabilities {acceptInsecureCerts: false, browserName: MicrosoftEdge, browserVersion: 131.0.2903.86, fedcm:accounts: true, ms:edgeOptions: {debuggerAddress: localhost:62353}, msedge: {msedgedriverVersion: 131.0.2903.86 (cf5bf303997c..., userDataDir: C:\Users\vamsh\AppData\Loca...}, networkConnectionEnabled: false, pageLoadStrategy: normal, platformName: windows, proxy: Proxy(), se:cdp: ws://localhost:62353/devtoo..., se:cdpVersion: 131.0.2903.86, setWindowRect: true, strictFileInteractability: false, timeouts: {implicit: 0, pageLoad: 300000, script: 30000}, unhandledPromptBehavior: dismiss and notify, webauthn:extension:credBlob: true, webauthn:extension:largeBlob: true, webauthn:extension:minPinLength: true, webauthn:extension:prf: true, webauthn:virtualAuthenticators: true}
Session ID: 61a3cd6477c9f7b554ef186c2ea81848
	at java.base/jdk.internal.reflect.DirectConstructorHandleAccessor.newInstance(DirectConstructorHandleAccessor.java:62)
	at java.base/java.lang.reflect.Constructor.newInstanceWithCaller(Constructor.java:502)
	at java.base/java.lang.reflect.Constructor.newInstance(Constructor.java:486)
	at org.openqa.selenium.remote.ErrorCodec.decode(ErrorCodec.java:167)
	at org.openqa.selenium.remote.codec.w3c.W3CHttpResponseCodec.decode(W3CHttpResponseCodec.java:138)
	at org.openqa.selenium.remote.codec.w3c.W3CHttpResponseCodec.decode(W3CHttpResponseCodec.java:50)
	at org.openqa.selenium.remote.HttpCommandExecutor.execute(HttpCommandExecutor.java:190)
	at org.openqa.selenium.remote.service.DriverCommandExecutor.invokeExecute(DriverCommandExecutor.java:216)
	at org.openqa.selenium.remote.service.DriverCommandExecutor.execute(DriverCommandExecutor.java:174)
	at org.openqa.selenium.remote.RemoteWebDriver.execute(RemoteWebDriver.java:545)
	at org.openqa.selenium.remote.ElementLocation$ElementFinder$2.findElement(ElementLocation.java:165)
	at org.openqa.selenium.remote.ElementLocation.findElement(ElementLocation.java:59)
	at org.openqa.selenium.remote.RemoteWebDriver.findElement(RemoteWebDriver.java:368)
	at org.openqa.selenium.remote.RemoteWebDriver.findElement(RemoteWebDriver.java:362)
	at PageObjects.IntroductionPage.validateUserisOnDSIntroductionAsSigneIn(IntroductionPage.java:103)
	at StepDefinitions.DSIntroductionDetails.user_lands_on_the_ds_introduction_page_as_signed_in(DSIntroductionDetails.java:81)
	at ✽.user lands on the DS Introduction page as signedIn(file:///C:/Projects/Repo1/src/test/resources/Features/LoginTestNav.feature:47)
&amp#27;[0m
[ERROR] 2024-12-09 22:23:27.975 [TestNG-PoolService-1] Hooks - ======================  TEST CASE FAILED !! ======================

    Embedding screenshot [image/png 88292 bytes]

[INFO ] 2024-12-09 22:23:28.136 [TestNG-PoolService-1] Hooks - ======================  Screenshot is captured  ======================
[INFO ] 2024-12-09 22:23:28.137 [TestNG-PoolService-1] Hooks - ======================  Test Execution is completed!! ======================
]]></system-out>
    <system-err><![CDATA[Dec 09, 2024 10:23:25 PM org.openqa.selenium.devtools.CdpVersionFinder findNearestMatch
WARNING: Unable to find an exact match for CDP version 131, returning the closest version; found: 130; Please update to a Selenium version that supports CDP version 131
]]></system-err>
  </testcase>
  <testcase name="runScenario[&quot;DS Algo Sign in Page  with valid username and Valid password&quot;, &quot;Login Feature&quot;](88)" classname="TestRunners.TestRunner" time="1.393">
    <failure message="no such element: Unable to locate element: {&quot;method&quot;:&quot;css selector&quot;,&quot;selector&quot;:&quot;h4.bg-secondary&quot;}&#10;  (Session info: chrome=131.0.6778.109)&#10;For documentation on this error, please visit: https://www.selenium.dev/documentation/webdriver/troubleshooting/errors#no-such-element-exception&#10;Build info: version: &apos;4.26.0&apos;, revision: &apos;8ccf0219d7&apos;&#10;System info: os.name: &apos;Windows 11&apos;, os.arch: &apos;amd64&apos;, os.version: &apos;10.0&apos;, java.version: &apos;21.0.5&apos;&#10;Driver info: org.openqa.selenium.chrome.ChromeDriver&#10;Command: [c665191c638ef62ab84aa103cc96fd7c, findElement {value=h4.bg-secondary, using=css selector}]&#10;Capabilities {acceptInsecureCerts: false, browserName: chrome, browserVersion: 131.0.6778.109, chrome: {chromedriverVersion: 131.0.6778.87 (ce31cae94873..., userDataDir: C:\Users\vamsh\AppData\Loca...}, fedcm:accounts: true, goog:chromeOptions: {debuggerAddress: localhost:59930}, networkConnectionEnabled: false, pageLoadStrategy: normal, platformName: windows, proxy: Proxy(), se:cdp: ws://localhost:59930/devtoo..., se:cdpVersion: 131.0.6778.109, setWindowRect: true, strictFileInteractability: false, timeouts: {implicit: 0, pageLoad: 300000, script: 30000}, unhandledPromptBehavior: dismiss and notify, webauthn:extension:credBlob: true, webauthn:extension:largeBlob: true, webauthn:extension:minPinLength: true, webauthn:extension:prf: true, webauthn:virtualAuthenticators: true}&#10;Session ID: c665191c638ef62ab84aa103cc96fd7c" type="org.openqa.selenium.NoSuchElementException"><![CDATA[org.openqa.selenium.NoSuchElementException: 
no such element: Unable to locate element: {"method":"css selector","selector":"h4.bg-secondary"}
  (Session info: chrome=131.0.6778.109)
For documentation on this error, please visit: https://www.selenium.dev/documentation/webdriver/troubleshooting/errors#no-such-element-exception
Build info: version: '4.26.0', revision: '8ccf0219d7'
System info: os.name: 'Windows 11', os.arch: 'amd64', os.version: '10.0', java.version: '21.0.5'
Driver info: org.openqa.selenium.chrome.ChromeDriver
Command: [c665191c638ef62ab84aa103cc96fd7c, findElement {value=h4.bg-secondary, using=css selector}]
Capabilities {acceptInsecureCerts: false, browserName: chrome, browserVersion: 131.0.6778.109, chrome: {chromedriverVersion: 131.0.6778.87 (ce31cae94873..., userDataDir: C:\Users\vamsh\AppData\Loca...}, fedcm:accounts: true, goog:chromeOptions: {debuggerAddress: localhost:59930}, networkConnectionEnabled: false, pageLoadStrategy: normal, platformName: windows, proxy: Proxy(), se:cdp: ws://localhost:59930/devtoo..., se:cdpVersion: 131.0.6778.109, setWindowRect: true, strictFileInteractability: false, timeouts: {implicit: 0, pageLoad: 300000, script: 30000}, unhandledPromptBehavior: dismiss and notify, webauthn:extension:credBlob: true, webauthn:extension:largeBlob: true, webauthn:extension:minPinLength: true, webauthn:extension:prf: true, webauthn:virtualAuthenticators: true}
Session ID: c665191c638ef62ab84aa103cc96fd7c
]]></failure>
    <system-out><![CDATA[
Scenario: Validate user can navigate to Implementations of Queue in Python &amp#27;[90m# src/test/resources/Features/QueueDetails.feature:10&amp#27;[0m
  &amp#27;[32mWhen &amp#27;[0m&amp#27;[32mThe user clicks login button after entering valid userName and password from sheetname &amp#27;[0m&amp#27;[32m&amp#27;[1m"Login"&amp#27;[0m&amp#27;[32m and row &amp#27;[0m&amp#27;[32m&amp#27;[1m6&amp#27;[0m &amp#27;[90m# StepDefinitions.LoginStepDefinitions.the_user_clicks_login_button_after_entering_valid_and_valid(java.lang.String,int)&amp#27;[0m
  &amp#27;[31mThen &amp#27;[0m&amp#27;[31muser lands on the DS Introduction page as signedIn&amp#27;[0m                                                       &amp#27;[90m# StepDefinitions.DSIntroductionDetails.user_lands_on_the_ds_introduction_page_as_signed_in()&amp#27;[0m
      &amp#27;[31morg.openqa.selenium.NoSuchElementException: no such element: Unable to locate element: {"method":"css selector","selector":"h4.bg-secondary"}
  (Session info: chrome=131.0.6778.109)
For documentation on this error, please visit: https://www.selenium.dev/documentation/webdriver/troubleshooting/errors#no-such-element-exception
Build info: version: '4.26.0', revision: '8ccf0219d7'
System info: os.name: 'Windows 11', os.arch: 'amd64', os.version: '10.0', java.version: '21.0.5'
Driver info: org.openqa.selenium.chrome.ChromeDriver
Command: [c665191c638ef62ab84aa103cc96fd7c, findElement {value=h4.bg-secondary, using=css selector}]
Capabilities {acceptInsecureCerts: false, browserName: chrome, browserVersion: 131.0.6778.109, chrome: {chromedriverVersion: 131.0.6778.87 (ce31cae94873..., userDataDir: C:\Users\vamsh\AppData\Loca...}, fedcm:accounts: true, goog:chromeOptions: {debuggerAddress: localhost:59930}, networkConnectionEnabled: false, pageLoadStrategy: normal, platformName: windows, proxy: Proxy(), se:cdp: ws://localhost:59930/devtoo..., se:cdpVersion: 131.0.6778.109, setWindowRect: true, strictFileInteractability: false, timeouts: {implicit: 0, pageLoad: 300000, script: 30000}, unhandledPromptBehavior: dismiss and notify, webauthn:extension:credBlob: true, webauthn:extension:largeBlob: true, webauthn:extension:minPinLength: true, webauthn:extension:prf: true, webauthn:virtualAuthenticators: true}
Session ID: c665191c638ef62ab84aa103cc96fd7c
	at java.base/jdk.internal.reflect.DirectConstructorHandleAccessor.newInstance(DirectConstructorHandleAccessor.java:62)
	at java.base/java.lang.reflect.Constructor.newInstanceWithCaller(Constructor.java:502)
	at java.base/java.lang.reflect.Constructor.newInstance(Constructor.java:486)
	at org.openqa.selenium.remote.ErrorCodec.decode(ErrorCodec.java:167)
	at org.openqa.selenium.remote.codec.w3c.W3CHttpResponseCodec.decode(W3CHttpResponseCodec.java:138)
	at org.openqa.selenium.remote.codec.w3c.W3CHttpResponseCodec.decode(W3CHttpResponseCodec.java:50)
	at org.openqa.selenium.remote.HttpCommandExecutor.execute(HttpCommandExecutor.java:190)
	at org.openqa.selenium.remote.service.DriverCommandExecutor.invokeExecute(DriverCommandExecutor.java:216)
	at org.openqa.selenium.remote.service.DriverCommandExecutor.execute(DriverCommandExecutor.java:174)
	at org.openqa.selenium.remote.RemoteWebDriver.execute(RemoteWebDriver.java:545)
	at org.openqa.selenium.remote.ElementLocation$ElementFinder$2.findElement(ElementLocation.java:165)
	at org.openqa.selenium.remote.ElementLocation.findElement(ElementLocation.java:59)
	at org.openqa.selenium.remote.RemoteWebDriver.findElement(RemoteWebDriver.java:368)
	at org.openqa.selenium.remote.RemoteWebDriver.findElement(RemoteWebDriver.java:362)
	at PageObjects.IntroductionPage.validateUserisOnDSIntroductionAsSigneIn(IntroductionPage.java:103)
	at StepDefinitions.DSIntroductionDetails.user_lands_on_the_ds_introduction_page_as_signed_in(DSIntroductionDetails.java:81)
	at ✽.user lands on the DS Introduction page as signedIn(file:///C:/Projects/Repo1/src/test/resources/Features/LoginTestNav.feature:47)
&amp#27;[0m
[ERROR] 2024-12-09 21:59:20.576 [TestNG-PoolService-1] Hooks - ======================  TEST CASE FAILED !! ======================

    Embedding screenshot [image/png 86737 bytes]

[INFO ] 2024-12-09 21:59:20.845 [TestNG-PoolService-1] Hooks - ======================  Screenshot is captured  ======================
[INFO ] 2024-12-09 21:59:20.847 [TestNG-PoolService-1] Hooks - ======================  Test Execution is completed!! ======================
[INFO ] 2024-12-09 21:59:21.021 [TestNG-PoolService-3] Hooks - ======================  New Test Execution is STARTED!! ======================
]]></system-out>
    <system-err><![CDATA[Dec 09, 2024 9:59:20 PM org.openqa.selenium.devtools.CdpVersionFinder findNearestMatch
WARNING: Unable to find an exact match for CDP version 131, returning the closest version; found: 130; Please update to a Selenium version that supports CDP version 131
Dec 09, 2024 9:59:21 PM org.openqa.selenium.devtools.CdpVersionFinder findNearestMatch
WARNING: Unable to find an exact match for CDP version 131, returning the closest version; found: 130; Please update to a Selenium version that supports CDP version 131
]]></system-err>
  </testcase>
  <testcase name="runScenario[&quot;DS Algo Sign in Page  with valid username and Valid password&quot;, &quot;Login Feature&quot;](88)" classname="TestRunners.TestRunner" time="8.921">
    <failure message="Unable to locate element: h4.bg-secondary&#10;For documentation on this error, please visit: https://www.selenium.dev/documentation/webdriver/troubleshooting/errors#no-such-element-exception&#10;Build info: version: &apos;4.26.0&apos;, revision: &apos;8ccf0219d7&apos;&#10;System info: os.name: &apos;Windows 11&apos;, os.arch: &apos;amd64&apos;, os.version: &apos;10.0&apos;, java.version: &apos;21.0.5&apos;&#10;Driver info: org.openqa.selenium.firefox.FirefoxDriver&#10;Command: [0bc73a38-9619-4124-8f52-0cee3327e7d2, findElement {value=h4.bg-secondary, using=css selector}]&#10;Capabilities {acceptInsecureCerts: true, browserName: firefox, browserVersion: 133.0, moz:accessibilityChecks: false, moz:buildID: 20241121140525, moz:debuggerAddress: 127.0.0.1:26910, moz:geckodriverVersion: 0.35.0, moz:headless: false, moz:platformVersion: 10.0, moz:processID: 24360, moz:profile: C:\Users\vamsh\AppData\Loca..., moz:shutdownTimeout: 60000, moz:webdriverClick: true, moz:windowless: false, pageLoadStrategy: normal, platformName: windows, proxy: Proxy(), se:cdp: ws://127.0.0.1:26910/devtoo..., se:cdpVersion: 85.0, setWindowRect: true, strictFileInteractability: false, timeouts: {implicit: 0, pageLoad: 300000, script: 30000}, unhandledPromptBehavior: dismiss and notify, userAgent: Mozilla/5.0 (Windows NT 10....}&#10;Session ID: 0bc73a38-9619-4124-8f52-0cee3327e7d2" type="org.openqa.selenium.NoSuchElementException"><![CDATA[org.openqa.selenium.NoSuchElementException: 
Unable to locate element: h4.bg-secondary
For documentation on this error, please visit: https://www.selenium.dev/documentation/webdriver/troubleshooting/errors#no-such-element-exception
Build info: version: '4.26.0', revision: '8ccf0219d7'
System info: os.name: 'Windows 11', os.arch: 'amd64', os.version: '10.0', java.version: '21.0.5'
Driver info: org.openqa.selenium.firefox.FirefoxDriver
Command: [0bc73a38-9619-4124-8f52-0cee3327e7d2, findElement {value=h4.bg-secondary, using=css selector}]
Capabilities {acceptInsecureCerts: true, browserName: firefox, browserVersion: 133.0, moz:accessibilityChecks: false, moz:buildID: 20241121140525, moz:debuggerAddress: 127.0.0.1:26910, moz:geckodriverVersion: 0.35.0, moz:headless: false, moz:platformVersion: 10.0, moz:processID: 24360, moz:profile: C:\Users\vamsh\AppData\Loca..., moz:shutdownTimeout: 60000, moz:webdriverClick: true, moz:windowless: false, pageLoadStrategy: normal, platformName: windows, proxy: Proxy(), se:cdp: ws://127.0.0.1:26910/devtoo..., se:cdpVersion: 85.0, setWindowRect: true, strictFileInteractability: false, timeouts: {implicit: 0, pageLoad: 300000, script: 30000}, unhandledPromptBehavior: dismiss and notify, userAgent: Mozilla/5.0 (Windows NT 10....}
Session ID: 0bc73a38-9619-4124-8f52-0cee3327e7d2
]]></failure>
    <system-out><![CDATA[
Scenario: Validate user can navigate to Implementations of Queue in Python &amp#27;[90m# src/test/resources/Features/QueueDetails.feature:10&amp#27;[0m
[INFO ] 2024-12-09 22:10:11.117 [TestNG-PoolService-3] Hooks - ======================  New Test Execution is STARTED!! ======================
The user is on the DS Algo signin page
[INFO ] 2024-12-09 22:10:12.545 [TestNG-PoolService-2] Hooks - ======================  New Test Execution is STARTED!! ======================
[INFO ] 2024-12-09 22:10:12.972 [TestNG-PoolService-1] Hooks - ======================  New Test Execution is STARTED!! ======================
  &amp#27;[32mGiven &amp#27;[0m&amp#27;[32mThe user is on the DS Algo Sign in Page&amp#27;[0m                                                                 &amp#27;[90m# StepDefinitions.LoginStepDefinitions.the_user_is_on_the_ds_algo_sign_in_page()&amp#27;[0m
  &amp#27;[32mWhen &amp#27;[0m&amp#27;[32mThe user clicks login button after entering valid userName and password from sheetname &amp#27;[0m&amp#27;[32m&amp#27;[1m"Login"&amp#27;[0m&amp#27;[32m and row &amp#27;[0m&amp#27;[32m&amp#27;[1m6&amp#27;[0m &amp#27;[90m# StepDefinitions.LoginStepDefinitions.the_user_clicks_login_button_after_entering_valid_and_valid(java.lang.String,int)&amp#27;[0m
  &amp#27;[31mThen &amp#27;[0m&amp#27;[31muser lands on the DS Introduction page as signedIn&amp#27;[0m                                                       &amp#27;[90m# StepDefinitions.DSIntroductionDetails.user_lands_on_the_ds_introduction_page_as_signed_in()&amp#27;[0m
      &amp#27;[31morg.openqa.selenium.NoSuchElementException: Unable to locate element: h4.bg-secondary
For documentation on this error, please visit: https://www.selenium.dev/documentation/webdriver/troubleshooting/errors#no-such-element-exception
Build info: version: '4.26.0', revision: '8ccf0219d7'
System info: os.name: 'Windows 11', os.arch: 'amd64', os.version: '10.0', java.version: '21.0.5'
Driver info: org.openqa.selenium.firefox.FirefoxDriver
Command: [0bc73a38-9619-4124-8f52-0cee3327e7d2, findElement {value=h4.bg-secondary, using=css selector}]
Capabilities {acceptInsecureCerts: true, browserName: firefox, browserVersion: 133.0, moz:accessibilityChecks: false, moz:buildID: 20241121140525, moz:debuggerAddress: 127.0.0.1:26910, moz:geckodriverVersion: 0.35.0, moz:headless: false, moz:platformVersion: 10.0, moz:processID: 24360, moz:profile: C:\Users\vamsh\AppData\Loca..., moz:shutdownTimeout: 60000, moz:webdriverClick: true, moz:windowless: false, pageLoadStrategy: normal, platformName: windows, proxy: Proxy(), se:cdp: ws://127.0.0.1:26910/devtoo..., se:cdpVersion: 85.0, setWindowRect: true, strictFileInteractability: false, timeouts: {implicit: 0, pageLoad: 300000, script: 30000}, unhandledPromptBehavior: dismiss and notify, userAgent: Mozilla/5.0 (Windows NT 10....}
Session ID: 0bc73a38-9619-4124-8f52-0cee3327e7d2
	at java.base/jdk.internal.reflect.DirectConstructorHandleAccessor.newInstance(DirectConstructorHandleAccessor.java:62)
	at java.base/java.lang.reflect.Constructor.newInstanceWithCaller(Constructor.java:502)
	at java.base/java.lang.reflect.Constructor.newInstance(Constructor.java:486)
	at org.openqa.selenium.remote.ErrorCodec.decode(ErrorCodec.java:167)
	at org.openqa.selenium.remote.codec.w3c.W3CHttpResponseCodec.decode(W3CHttpResponseCodec.java:138)
	at org.openqa.selenium.remote.codec.w3c.W3CHttpResponseCodec.decode(W3CHttpResponseCodec.java:50)
	at org.openqa.selenium.remote.HttpCommandExecutor.execute(HttpCommandExecutor.java:190)
	at org.openqa.selenium.remote.service.DriverCommandExecutor.invokeExecute(DriverCommandExecutor.java:216)
	at org.openqa.selenium.remote.service.DriverCommandExecutor.execute(DriverCommandExecutor.java:174)
	at org.openqa.selenium.remote.RemoteWebDriver.execute(RemoteWebDriver.java:545)
	at org.openqa.selenium.remote.ElementLocation$ElementFinder$2.findElement(ElementLocation.java:165)
	at org.openqa.selenium.remote.ElementLocation.findElement(ElementLocation.java:59)
	at org.openqa.selenium.remote.RemoteWebDriver.findElement(RemoteWebDriver.java:368)
	at org.openqa.selenium.remote.RemoteWebDriver.findElement(RemoteWebDriver.java:362)
	at PageObjects.IntroductionPage.validateUserisOnDSIntroductionAsSigneIn(IntroductionPage.java:103)
	at StepDefinitions.DSIntroductionDetails.user_lands_on_the_ds_introduction_page_as_signed_in(DSIntroductionDetails.java:81)
	at ✽.user lands on the DS Introduction page as signedIn(file:///C:/Projects/Repo1/src/test/resources/Features/LoginTestNav.feature:47)
&amp#27;[0m
[ERROR] 2024-12-09 22:10:14.626 [TestNG-PoolService-3] Hooks - ======================  TEST CASE FAILED !! ======================

    Embedding screenshot [image/png 116768 bytes]

[INFO ] 2024-12-09 22:10:14.746 [TestNG-PoolService-3] Hooks - ======================  Screenshot is captured  ======================
[INFO ] 2024-12-09 22:10:14.749 [TestNG-PoolService-3] Hooks - ======================  Test Execution is completed!! ======================
  &amp#27;[32mGiven &amp#27;[0m&amp#27;[32mThe user is on the DS Introduction page as signedIn&amp#27;[0m                &amp#27;[90m# StepDefinitions.DSIntroductionDetails.the_user_is_on_the_ds_introduction_page_as_signed_in()&amp#27;[0m
  &amp#27;[32mGiven &amp#27;[0m&amp#27;[32mThe user is on the DS Introduction page as signedIn&amp#27;[0m                         &amp#27;[90m# StepDefinitions.DSIntroductionDetails.the_user_is_on_the_ds_introduction_page_as_signed_in()&amp#27;[0m
  &amp#27;[32mAnd &amp#27;[0m&amp#27;[32mThe user clicks on Get started link for Queue&amp#27;[0m                        &amp#27;[90m# StepDefinitions.QueueStepDefinitions.the_user_clicks_on_get_started_link_for_queue()&amp#27;[0m
  &amp#27;[32mAnd &amp#27;[0m&amp#27;[32mThe user clicks on Get started link for Queue&amp#27;[0m                                 &amp#27;[90m# StepDefinitions.QueueStepDefinitions.the_user_clicks_on_get_started_link_for_queue()&amp#27;[0m
  &amp#27;[32mGiven &amp#27;[0m&amp#27;[32mThe user is on Queue Details page&amp#27;[0m                                  &amp#27;[90m# StepDefinitions.QueueStepDefinitions.the_user_is_on_queue_details_page()&amp#27;[0m
  &amp#27;[32mThen &amp#27;[0m&amp#27;[32mThe user is on Queue Details page&amp#27;[0m                                            &amp#27;[90m# StepDefinitions.QueueStepDefinitions.the_user_is_on_queue_details_page()&amp#27;[0m
[INFO ] 2024-12-09 22:10:15.639 [TestNG-PoolService-2] Hooks - ======================  Test Execution is completed!! ======================
  &amp#27;[32mWhen &amp#27;[0m&amp#27;[32mThe user clicks on Implementation of Queue python link&amp#27;[0m              &amp#27;[90m# StepDefinitions.QueueStepDefinitions.the_user_clicks_on_implementation_of_queue_python_link()&amp#27;[0m
  &amp#27;[32mThen &amp#27;[0m&amp#27;[32mThe user is on the Implimentation of Queue in Python page&amp#27;[0m           &amp#27;[90m# StepDefinitions.QueueStepDefinitions.the_user_is_on_the_implimentation_of_queue_in_python_page()&amp#27;[0m
[INFO ] 2024-12-09 22:10:15.916 [TestNG-PoolService-1] Hooks - ======================  Test Execution is completed!! ======================
]]></system-out>
  </testcase>
  <testcase name="runScenario[&quot;DS Algo Sign in Page  with valid username and Valid password&quot;, &quot;Login Feature&quot;](88)" classname="TestRunners.TestRunner" time="0.76">
    <failure message="no such element: Unable to locate element: {&quot;method&quot;:&quot;css selector&quot;,&quot;selector&quot;:&quot;h4.bg-secondary&quot;}&#10;  (Session info: MicrosoftEdge=131.0.2903.86)&#10;For documentation on this error, please visit: https://www.selenium.dev/documentation/webdriver/troubleshooting/errors#no-such-element-exception&#10;Build info: version: &apos;4.26.0&apos;, revision: &apos;8ccf0219d7&apos;&#10;System info: os.name: &apos;Windows 11&apos;, os.arch: &apos;amd64&apos;, os.version: &apos;10.0&apos;, java.version: &apos;21.0.5&apos;&#10;Driver info: org.openqa.selenium.edge.EdgeDriver&#10;Command: [61a3cd6477c9f7b554ef186c2ea81848, findElement {value=h4.bg-secondary, using=css selector}]&#10;Capabilities {acceptInsecureCerts: false, browserName: MicrosoftEdge, browserVersion: 131.0.2903.86, fedcm:accounts: true, ms:edgeOptions: {debuggerAddress: localhost:62353}, msedge: {msedgedriverVersion: 131.0.2903.86 (cf5bf303997c..., userDataDir: C:\Users\vamsh\AppData\Loca...}, networkConnectionEnabled: false, pageLoadStrategy: normal, platformName: windows, proxy: Proxy(), se:cdp: ws://localhost:62353/devtoo..., se:cdpVersion: 131.0.2903.86, setWindowRect: true, strictFileInteractability: false, timeouts: {implicit: 0, pageLoad: 300000, script: 30000}, unhandledPromptBehavior: dismiss and notify, webauthn:extension:credBlob: true, webauthn:extension:largeBlob: true, webauthn:extension:minPinLength: true, webauthn:extension:prf: true, webauthn:virtualAuthenticators: true}&#10;Session ID: 61a3cd6477c9f7b554ef186c2ea81848" type="org.openqa.selenium.NoSuchElementException"><![CDATA[org.openqa.selenium.NoSuchElementException: 
no such element: Unable to locate element: {"method":"css selector","selector":"h4.bg-secondary"}
  (Session info: MicrosoftEdge=131.0.2903.86)
For documentation on this error, please visit: https://www.selenium.dev/documentation/webdriver/troubleshooting/errors#no-such-element-exception
Build info: version: '4.26.0', revision: '8ccf0219d7'
System info: os.name: 'Windows 11', os.arch: 'amd64', os.version: '10.0', java.version: '21.0.5'
Driver info: org.openqa.selenium.edge.EdgeDriver
Command: [61a3cd6477c9f7b554ef186c2ea81848, findElement {value=h4.bg-secondary, using=css selector}]
Capabilities {acceptInsecureCerts: false, browserName: MicrosoftEdge, browserVersion: 131.0.2903.86, fedcm:accounts: true, ms:edgeOptions: {debuggerAddress: localhost:62353}, msedge: {msedgedriverVersion: 131.0.2903.86 (cf5bf303997c..., userDataDir: C:\Users\vamsh\AppData\Loca...}, networkConnectionEnabled: false, pageLoadStrategy: normal, platformName: windows, proxy: Proxy(), se:cdp: ws://localhost:62353/devtoo..., se:cdpVersion: 131.0.2903.86, setWindowRect: true, strictFileInteractability: false, timeouts: {implicit: 0, pageLoad: 300000, script: 30000}, unhandledPromptBehavior: dismiss and notify, webauthn:extension:credBlob: true, webauthn:extension:largeBlob: true, webauthn:extension:minPinLength: true, webauthn:extension:prf: true, webauthn:virtualAuthenticators: true}
Session ID: 61a3cd6477c9f7b554ef186c2ea81848
]]></failure>
    <system-out><![CDATA[
Scenario: Validate user can navigate to Implementations of Queue in Python &amp#27;[90m# src/test/resources/Features/QueueDetails.feature:10&amp#27;[0m
  &amp#27;[32mGiven &amp#27;[0m&amp#27;[32mThe user is on the DS Introduction page as signedIn&amp#27;[0m                         &amp#27;[90m# StepDefinitions.DSIntroductionDetails.the_user_is_on_the_ds_introduction_page_as_signed_in()&amp#27;[0m
  &amp#27;[32mAnd &amp#27;[0m&amp#27;[32mThe user clicks on Get started link for Queue&amp#27;[0m                                 &amp#27;[90m# StepDefinitions.QueueStepDefinitions.the_user_clicks_on_get_started_link_for_queue()&amp#27;[0m
  &amp#27;[32mThen &amp#27;[0m&amp#27;[32mThe user is on Queue Details page&amp#27;[0m                                            &amp#27;[90m# StepDefinitions.QueueStepDefinitions.the_user_is_on_queue_details_page()&amp#27;[0m
[INFO ] 2024-12-09 22:23:29.245 [TestNG-PoolService-3] Hooks - ======================  Test Execution is completed!! ======================
]]></system-out>
  </testcase>
  <testcase name="runScenario[&quot;Validate user navigated to queue details page when clicked on get started&quot;, &quot;Queue Details page&quot;](89)" classname="TestRunners.TestRunner" time="3.451">
    <system-out><![CDATA[
Scenario: Validate user can open try editor page from Implementation of Queue in python &amp#27;[90m# src/test/resources/Features/QueueDetails.feature:15&amp#27;[0m
[INFO ] 2024-12-09 21:59:21.280 [TestNG-PoolService-2] Hooks - ======================  New Test Execution is STARTED!! ======================
[INFO ] 2024-12-09 21:59:22.597 [TestNG-PoolService-1] Hooks - ======================  New Test Execution is STARTED!! ======================
  &amp#27;[32mGiven &amp#27;[0m&amp#27;[32mThe user is on the DS Introduction page as signedIn&amp#27;[0m                         &amp#27;[90m# StepDefinitions.DSIntroductionDetails.the_user_is_on_the_ds_introduction_page_as_signed_in()&amp#27;[0m
  &amp#27;[32mAnd &amp#27;[0m&amp#27;[32mThe user clicks on Get started link for Queue&amp#27;[0m                                 &amp#27;[90m# StepDefinitions.QueueStepDefinitions.the_user_clicks_on_get_started_link_for_queue()&amp#27;[0m
  &amp#27;[32mGiven &amp#27;[0m&amp#27;[32mThe user is on the DS Introduction page as signedIn&amp#27;[0m                &amp#27;[90m# StepDefinitions.DSIntroductionDetails.the_user_is_on_the_ds_introduction_page_as_signed_in()&amp#27;[0m
  &amp#27;[32mThen &amp#27;[0m&amp#27;[32mThe user is on Queue Details page&amp#27;[0m                                            &amp#27;[90m# StepDefinitions.QueueStepDefinitions.the_user_is_on_queue_details_page()&amp#27;[0m
[INFO ] 2024-12-09 21:59:24.476 [TestNG-PoolService-3] Hooks - ======================  Test Execution is completed!! ======================
  &amp#27;[32mAnd &amp#27;[0m&amp#27;[32mThe user clicks on Get started link for Queue&amp#27;[0m                        &amp#27;[90m# StepDefinitions.QueueStepDefinitions.the_user_clicks_on_get_started_link_for_queue()&amp#27;[0m
]]></system-out>
    <system-err><![CDATA[Dec 09, 2024 9:59:22 PM org.openqa.selenium.devtools.CdpVersionFinder findNearestMatch
WARNING: Unable to find an exact match for CDP version 131, returning the closest version; found: 130; Please update to a Selenium version that supports CDP version 131
]]></system-err>
  </testcase>
  <testcase name="runScenario[&quot;Validate user navigated to queue details page when clicked on get started&quot;, &quot;Queue Details page&quot;](89)" classname="TestRunners.TestRunner" time="0.936">
    <system-out><![CDATA[
Scenario: Validate user can open try editor page from Implementation of Queue in python &amp#27;[90m# src/test/resources/Features/QueueDetails.feature:15&amp#27;[0m
]]></system-out>
  </testcase>
  <testcase name="runScenario[&quot;Validate user can navigate to Implementations of Queue in Python&quot;, &quot;Queue Details page&quot;](90)" classname="TestRunners.TestRunner" time="0.684">
    <system-out><![CDATA[
Scenario: Error message displayed for invalid code on try editor for Implementation of Queue in python &amp#27;[90m# src/test/resources/Features/QueueDetails.feature:20&amp#27;[0m
  &amp#27;[32mGiven &amp#27;[0m&amp#27;[32mThe user is on Queue Details page&amp#27;[0m                                  &amp#27;[90m# StepDefinitions.QueueStepDefinitions.the_user_is_on_queue_details_page()&amp#27;[0m
  &amp#27;[32mGiven &amp#27;[0m&amp#27;[32mThe user is on the DS Introduction page as signedIn&amp#27;[0m                             &amp#27;[90m# StepDefinitions.DSIntroductionDetails.the_user_is_on_the_ds_introduction_page_as_signed_in()&amp#27;[0m
  &amp#27;[32mWhen &amp#27;[0m&amp#27;[32mThe user clicks on Implementation of Queue python link&amp#27;[0m              &amp#27;[90m# StepDefinitions.QueueStepDefinitions.the_user_clicks_on_implementation_of_queue_python_link()&amp#27;[0m
  &amp#27;[32mThen &amp#27;[0m&amp#27;[32mThe user is on the Implimentation of Queue in Python page&amp#27;[0m           &amp#27;[90m# StepDefinitions.QueueStepDefinitions.the_user_is_on_the_implimentation_of_queue_in_python_page()&amp#27;[0m
[INFO ] 2024-12-09 21:59:25.184 [TestNG-PoolService-2] Hooks - ======================  Test Execution is completed!! ======================
  &amp#27;[32mAnd &amp#27;[0m&amp#27;[32mThe user clicks on Get started link for Queue&amp#27;[0m                                     &amp#27;[90m# StepDefinitions.QueueStepDefinitions.the_user_clicks_on_get_started_link_for_queue()&amp#27;[0m
]]></system-out>
  </testcase>
  <testcase name="runScenario[&quot;Validate user can navigate to Implementations of Queue in Python&quot;, &quot;Queue Details page&quot;](90)" classname="TestRunners.TestRunner" time="0.814"/>
  <testcase name="runScenario[&quot;Validate user can open try editor page from Implementation of Queue in python&quot;, &quot;Queue Details page&quot;](91)" classname="TestRunners.TestRunner" time="1.498">
    <system-out><![CDATA[
Scenario: No error message displayed for empty code on try editor for Implementation of Queue in python &amp#27;[90m# src/test/resources/Features/QueueDetails.feature:27&amp#27;[0m
  &amp#27;[32mGiven &amp#27;[0m&amp#27;[32mThe user on implementation Queue in python page&amp#27;[0m                                 &amp#27;[90m# StepDefinitions.QueueStepDefinitions.the_user_on_implementation_queue_in_python_page()&amp#27;[0m
[INFO ] 2024-12-09 21:59:26.057 [TestNG-PoolService-3] Hooks - ======================  New Test Execution is STARTED!! ======================
  &amp#27;[32mWhen &amp#27;[0m&amp#27;[32mUser clicks Try here link&amp#27;[0m                                                        &amp#27;[90m# StepDefinitions.DSIntroductionDetails.user_clicks_try_here_link()&amp#27;[0m
  &amp#27;[32mThen &amp#27;[0m&amp#27;[32mUser should navigate to tryEditor page&amp#27;[0m                                           &amp#27;[90m# StepDefinitions.DSIntroductionDetails.user_should_navigate_to_try_editor_page()&amp#27;[0m
[INFO ] 2024-12-09 21:59:26.705 [TestNG-PoolService-1] Hooks - ======================  Test Execution is completed!! ======================
]]></system-out>
    <system-err><![CDATA[Dec 09, 2024 9:59:25 PM org.openqa.selenium.devtools.CdpVersionFinder findNearestMatch
WARNING: Unable to find an exact match for CDP version 131, returning the closest version; found: 130; Please update to a Selenium version that supports CDP version 131
Dec 09, 2024 9:59:26 PM org.openqa.selenium.devtools.CdpVersionFinder findNearestMatch
WARNING: Unable to find an exact match for CDP version 131, returning the closest version; found: 130; Please update to a Selenium version that supports CDP version 131
]]></system-err>
  </testcase>
  <testcase name="runScenario[&quot;Validate user can open try editor page from Implementation of Queue in python&quot;, &quot;Queue Details page&quot;](91)" classname="TestRunners.TestRunner" time="11.596">
    <system-out><![CDATA[
Scenario: No error message displayed for empty code on try editor for Implementation of Queue in python &amp#27;[90m# src/test/resources/Features/QueueDetails.feature:27&amp#27;[0m

Scenario: Error message displayed for invalid code on try editor for Implementation of Queue in python &amp#27;[90m# src/test/resources/Features/QueueDetails.feature:20&amp#27;[0m
[INFO ] 2024-12-09 22:10:21.347 [TestNG-PoolService-3] Hooks - ======================  New Test Execution is STARTED!! ======================
[INFO ] 2024-12-09 22:10:22.517 [TestNG-PoolService-2] Hooks - ======================  New Test Execution is STARTED!! ======================
[INFO ] 2024-12-09 22:10:23.501 [TestNG-PoolService-1] Hooks - ======================  New Test Execution is STARTED!! ======================
  &amp#27;[32mGiven &amp#27;[0m&amp#27;[32mThe user is on the DS Introduction page as signedIn&amp#27;[0m                             &amp#27;[90m# StepDefinitions.DSIntroductionDetails.the_user_is_on_the_ds_introduction_page_as_signed_in()&amp#27;[0m
  &amp#27;[32mAnd &amp#27;[0m&amp#27;[32mThe user clicks on Get started link for Queue&amp#27;[0m                                     &amp#27;[90m# StepDefinitions.QueueStepDefinitions.the_user_clicks_on_get_started_link_for_queue()&amp#27;[0m
  &amp#27;[32mGiven &amp#27;[0m&amp#27;[32mThe user on implementation Queue in python page&amp#27;[0m                                 &amp#27;[90m# StepDefinitions.QueueStepDefinitions.the_user_on_implementation_queue_in_python_page()&amp#27;[0m
  &amp#27;[32mGiven &amp#27;[0m&amp#27;[32mThe user is on the DS Introduction page as signedIn&amp#27;[0m                                             &amp#27;[90m# StepDefinitions.DSIntroductionDetails.the_user_is_on_the_ds_introduction_page_as_signed_in()&amp#27;[0m
  &amp#27;[32mGiven &amp#27;[0m&amp#27;[32mThe user is on the DS Introduction page as signedIn&amp#27;[0m                                            &amp#27;[90m# StepDefinitions.DSIntroductionDetails.the_user_is_on_the_ds_introduction_page_as_signed_in()&amp#27;[0m
  &amp#27;[32mAnd &amp#27;[0m&amp#27;[32mThe user clicks on Get started link for Queue&amp#27;[0m                                                     &amp#27;[90m# StepDefinitions.QueueStepDefinitions.the_user_clicks_on_get_started_link_for_queue()&amp#27;[0m
  &amp#27;[32mAnd &amp#27;[0m&amp#27;[32mThe user clicks on Get started link for Queue&amp#27;[0m                                                    &amp#27;[90m# StepDefinitions.QueueStepDefinitions.the_user_clicks_on_get_started_link_for_queue()&amp#27;[0m
  &amp#27;[32mGiven &amp#27;[0m&amp#27;[32mThe user on implementation Queue in python page&amp#27;[0m                                                &amp#27;[90m# StepDefinitions.QueueStepDefinitions.the_user_on_implementation_queue_in_python_page()&amp#27;[0m
  &amp#27;[32mGiven &amp#27;[0m&amp#27;[32mThe user on implementation Queue in python page&amp#27;[0m                                                 &amp#27;[90m# StepDefinitions.QueueStepDefinitions.the_user_on_implementation_queue_in_python_page()&amp#27;[0m
  &amp#27;[32mWhen &amp#27;[0m&amp#27;[32mUser clicks Try here link&amp#27;[0m                                                        &amp#27;[90m# StepDefinitions.DSIntroductionDetails.user_clicks_try_here_link()&amp#27;[0m
  &amp#27;[32mThen &amp#27;[0m&amp#27;[32mUser should navigate to tryEditor page&amp#27;[0m                                           &amp#27;[90m# StepDefinitions.DSIntroductionDetails.user_should_navigate_to_try_editor_page()&amp#27;[0m
[INFO ] 2024-12-09 22:10:26.826 [TestNG-PoolService-3] Hooks - ======================  Test Execution is completed!! ======================
  &amp#27;[32mAnd &amp#27;[0m&amp#27;[32mUser clicks Try here link&amp#27;[0m                                                                        &amp#27;[90m# StepDefinitions.DSIntroductionDetails.user_clicks_try_here_link()&amp#27;[0m
  &amp#27;[32mWhen &amp#27;[0m&amp#27;[32mThe user write the invalid code in Editor&amp#27;[0m                                                       &amp#27;[90m# StepDefinitions.DSIntroductionDetails.the_user_write_the_invalid_code_in_editor()&amp#27;[0m
  &amp#27;[32mAnd &amp#27;[0m&amp#27;[32mClick the Run button&amp#27;[0m                                                                             &amp#27;[90m# StepDefinitions.DSIntroductionDetails.click_the_run_button()&amp#27;[0m
  &amp#27;[32mAnd &amp#27;[0m&amp#27;[32mUser clicks Try here link&amp#27;[0m                                                                         &amp#27;[90m# StepDefinitions.DSIntroductionDetails.user_clicks_try_here_link()&amp#27;[0m
  &amp#27;[32mThen &amp#27;[0m&amp#27;[32mThe user should able to see an error message in alert window&amp#27;[0m                                    &amp#27;[90m# StepDefinitions.DSIntroductionDetails.the_user_should_able_to_see_an_error_message_in_alert_window()&amp#27;[0m
[INFO ] 2024-12-09 22:10:27.949 [TestNG-PoolService-1] Hooks - ======================  Test Execution is completed!! ======================
  &amp#27;[32mWhen &amp#27;[0m&amp#27;[32mThe user write the invalid code in Editor&amp#27;[0m                                                        &amp#27;[90m# StepDefinitions.DSIntroductionDetails.the_user_write_the_invalid_code_in_editor()&amp#27;[0m
  &amp#27;[32mAnd &amp#27;[0m&amp#27;[32mClick the Run button&amp#27;[0m                                                                              &amp#27;[90m# StepDefinitions.DSIntroductionDetails.click_the_run_button()&amp#27;[0m
  &amp#27;[32mThen &amp#27;[0m&amp#27;[32mThe user should able to see an error message in alert window&amp#27;[0m                                     &amp#27;[90m# StepDefinitions.DSIntroductionDetails.the_user_should_able_to_see_an_error_message_in_alert_window()&amp#27;[0m
[INFO ] 2024-12-09 22:10:28.258 [TestNG-PoolService-2] Hooks - ======================  Test Execution is completed!! ======================
]]></system-out>
  </testcase>
  <testcase name="runScenario[&quot;Error message displayed for invalid code on try editor for Implementation of Queue in python&quot;, &quot;Queue Details page&quot;](92)" classname="TestRunners.TestRunner" time="3.953">
    <failure message="element not interactable&#10;  (Session info: chrome=131.0.6778.109)&#10;Build info: version: &apos;4.26.0&apos;, revision: &apos;8ccf0219d7&apos;&#10;System info: os.name: &apos;Windows 11&apos;, os.arch: &apos;amd64&apos;, os.version: &apos;10.0&apos;, java.version: &apos;21.0.5&apos;&#10;Driver info: org.openqa.selenium.chrome.ChromeDriver&#10;Command: [f2cdaeba00571c2a77146943c621bca7, sendKeysToElement {value=[Ljava.lang.CharSequence;@6dddf464, id=f.F762A72469FEF7CAF5377695BE008565.d.6ADEDC001A772A2A8886C0BFA5291108.e.52}]&#10;Capabilities {acceptInsecureCerts: false, browserName: chrome, browserVersion: 131.0.6778.109, chrome: {chromedriverVersion: 131.0.6778.87 (ce31cae94873..., userDataDir: C:\Users\vamsh\AppData\Loca...}, fedcm:accounts: true, goog:chromeOptions: {debuggerAddress: localhost:60042}, networkConnectionEnabled: false, pageLoadStrategy: normal, platformName: windows, proxy: Proxy(), se:cdp: ws://localhost:60042/devtoo..., se:cdpVersion: 131.0.6778.109, setWindowRect: true, strictFileInteractability: false, timeouts: {implicit: 0, pageLoad: 300000, script: 30000}, unhandledPromptBehavior: dismiss and notify, webauthn:extension:credBlob: true, webauthn:extension:largeBlob: true, webauthn:extension:minPinLength: true, webauthn:extension:prf: true, webauthn:virtualAuthenticators: true}&#10;Element: [[ChromeDriver: chrome on windows (f2cdaeba00571c2a77146943c621bca7)] -&gt; css selector: .CodeMirror textarea]&#10;Session ID: f2cdaeba00571c2a77146943c621bca7" type="org.openqa.selenium.ElementNotInteractableException"><![CDATA[org.openqa.selenium.ElementNotInteractableException: 
element not interactable
  (Session info: chrome=131.0.6778.109)
Build info: version: '4.26.0', revision: '8ccf0219d7'
System info: os.name: 'Windows 11', os.arch: 'amd64', os.version: '10.0', java.version: '21.0.5'
Driver info: org.openqa.selenium.chrome.ChromeDriver
Command: [f2cdaeba00571c2a77146943c621bca7, sendKeysToElement {value=[Ljava.lang.CharSequence;@6dddf464, id=f.F762A72469FEF7CAF5377695BE008565.d.6ADEDC001A772A2A8886C0BFA5291108.e.52}]
Capabilities {acceptInsecureCerts: false, browserName: chrome, browserVersion: 131.0.6778.109, chrome: {chromedriverVersion: 131.0.6778.87 (ce31cae94873..., userDataDir: C:\Users\vamsh\AppData\Loca...}, fedcm:accounts: true, goog:chromeOptions: {debuggerAddress: localhost:60042}, networkConnectionEnabled: false, pageLoadStrategy: normal, platformName: windows, proxy: Proxy(), se:cdp: ws://localhost:60042/devtoo..., se:cdpVersion: 131.0.6778.109, setWindowRect: true, strictFileInteractability: false, timeouts: {implicit: 0, pageLoad: 300000, script: 30000}, unhandledPromptBehavior: dismiss and notify, webauthn:extension:credBlob: true, webauthn:extension:largeBlob: true, webauthn:extension:minPinLength: true, webauthn:extension:prf: true, webauthn:virtualAuthenticators: true}
Element: [[ChromeDriver: chrome on windows (f2cdaeba00571c2a77146943c621bca7)] -> css selector: .CodeMirror textarea]
Session ID: f2cdaeba00571c2a77146943c621bca7
]]></failure>
    <system-out><![CDATA[
Scenario: Valid code on try editor for Implementation of Queue in python runs successfully &amp#27;[90m# src/test/resources/Features/QueueDetails.feature:34&amp#27;[0m
[INFO ] 2024-12-09 21:59:26.886 [TestNG-PoolService-2] Hooks - ======================  New Test Execution is STARTED!! ======================
[INFO ] 2024-12-09 21:59:28.065 [TestNG-PoolService-1] Hooks - ======================  New Test Execution is STARTED!! ======================
  &amp#27;[32mGiven &amp#27;[0m&amp#27;[32mThe user is on the DS Introduction page as signedIn&amp#27;[0m                                            &amp#27;[90m# StepDefinitions.DSIntroductionDetails.the_user_is_on_the_ds_introduction_page_as_signed_in()&amp#27;[0m
  &amp#27;[32mAnd &amp#27;[0m&amp#27;[32mThe user clicks on Get started link for Queue&amp#27;[0m                                                    &amp#27;[90m# StepDefinitions.QueueStepDefinitions.the_user_clicks_on_get_started_link_for_queue()&amp#27;[0m
  &amp#27;[32mGiven &amp#27;[0m&amp#27;[32mThe user on implementation Queue in python page&amp#27;[0m                                                &amp#27;[90m# StepDefinitions.QueueStepDefinitions.the_user_on_implementation_queue_in_python_page()&amp#27;[0m
  &amp#27;[32mGiven &amp#27;[0m&amp#27;[32mThe user is on the DS Introduction page as signedIn&amp#27;[0m                                             &amp#27;[90m# StepDefinitions.DSIntroductionDetails.the_user_is_on_the_ds_introduction_page_as_signed_in()&amp#27;[0m
  &amp#27;[32mAnd &amp#27;[0m&amp#27;[32mUser clicks Try here link&amp#27;[0m                                                                        &amp#27;[90m# StepDefinitions.DSIntroductionDetails.user_clicks_try_here_link()&amp#27;[0m
  &amp#27;[32mAnd &amp#27;[0m&amp#27;[32mThe user clicks on Get started link for Queue&amp#27;[0m                                                     &amp#27;[90m# StepDefinitions.QueueStepDefinitions.the_user_clicks_on_get_started_link_for_queue()&amp#27;[0m
  &amp#27;[32mGiven &amp#27;[0m&amp#27;[32mThe user is on the DS Introduction page as signedIn&amp#27;[0m                                &amp#27;[90m# StepDefinitions.DSIntroductionDetails.the_user_is_on_the_ds_introduction_page_as_signed_in()&amp#27;[0m
  &amp#27;[31mWhen &amp#27;[0m&amp#27;[31mThe user write the invalid code in Editor&amp#27;[0m                                                       &amp#27;[90m# StepDefinitions.DSIntroductionDetails.the_user_write_the_invalid_code_in_editor()&amp#27;[0m
      &amp#27;[31morg.openqa.selenium.ElementNotInteractableException: element not interactable
  (Session info: chrome=131.0.6778.109)
Build info: version: '4.26.0', revision: '8ccf0219d7'
System info: os.name: 'Windows 11', os.arch: 'amd64', os.version: '10.0', java.version: '21.0.5'
Driver info: org.openqa.selenium.chrome.ChromeDriver
Command: [f2cdaeba00571c2a77146943c621bca7, sendKeysToElement {value=[Ljava.lang.CharSequence;@6dddf464, id=f.F762A72469FEF7CAF5377695BE008565.d.6ADEDC001A772A2A8886C0BFA5291108.e.52}]
Capabilities {acceptInsecureCerts: false, browserName: chrome, browserVersion: 131.0.6778.109, chrome: {chromedriverVersion: 131.0.6778.87 (ce31cae94873..., userDataDir: C:\Users\vamsh\AppData\Loca...}, fedcm:accounts: true, goog:chromeOptions: {debuggerAddress: localhost:60042}, networkConnectionEnabled: false, pageLoadStrategy: normal, platformName: windows, proxy: Proxy(), se:cdp: ws://localhost:60042/devtoo..., se:cdpVersion: 131.0.6778.109, setWindowRect: true, strictFileInteractability: false, timeouts: {implicit: 0, pageLoad: 300000, script: 30000}, unhandledPromptBehavior: dismiss and notify, webauthn:extension:credBlob: true, webauthn:extension:largeBlob: true, webauthn:extension:minPinLength: true, webauthn:extension:prf: true, webauthn:virtualAuthenticators: true}
Element: [[ChromeDriver: chrome on windows (f2cdaeba00571c2a77146943c621bca7)] -> css selector: .CodeMirror textarea]
Session ID: f2cdaeba00571c2a77146943c621bca7
	at java.base/jdk.internal.reflect.DirectConstructorHandleAccessor.newInstance(DirectConstructorHandleAccessor.java:62)
	at java.base/java.lang.reflect.Constructor.newInstanceWithCaller(Constructor.java:502)
	at java.base/java.lang.reflect.Constructor.newInstance(Constructor.java:486)
	at org.openqa.selenium.remote.ErrorCodec.decode(ErrorCodec.java:167)
	at org.openqa.selenium.remote.codec.w3c.W3CHttpResponseCodec.decode(W3CHttpResponseCodec.java:138)
	at org.openqa.selenium.remote.codec.w3c.W3CHttpResponseCodec.decode(W3CHttpResponseCodec.java:50)
	at org.openqa.selenium.remote.HttpCommandExecutor.execute(HttpCommandExecutor.java:190)
	at org.openqa.selenium.remote.service.DriverCommandExecutor.invokeExecute(DriverCommandExecutor.java:216)
	at org.openqa.selenium.remote.service.DriverCommandExecutor.execute(DriverCommandExecutor.java:174)
	at org.openqa.selenium.remote.RemoteWebDriver.execute(RemoteWebDriver.java:545)
	at org.openqa.selenium.remote.RemoteWebElement.execute(RemoteWebElement.java:223)
	at org.openqa.selenium.remote.RemoteWebElement.sendKeys(RemoteWebElement.java:110)
	at PageObjects.IntroductionPage.enterCodeInEditor(IntroductionPage.java:146)
	at StepDefinitions.DSIntroductionDetails.the_user_write_the_invalid_code_in_editor(DSIntroductionDetails.java:138)
	at ✽.The user write the invalid code in Editor(file:///C:/Projects/Repo1/src/test/resources/Features/QueueDetails.feature:23)
&amp#27;[0m
  &amp#27;[36mAnd &amp#27;[0m&amp#27;[36mClick the Run button&amp#27;[0m                                                                             &amp#27;[90m# StepDefinitions.DSIntroductionDetails.click_the_run_button()&amp#27;[0m
  &amp#27;[36mThen &amp#27;[0m&amp#27;[36mThe user should able to see an error message in alert window&amp#27;[0m                                    &amp#27;[90m# StepDefinitions.DSIntroductionDetails.the_user_should_able_to_see_an_error_message_in_alert_window()&amp#27;[0m
[ERROR] 2024-12-09 21:59:30.460 [TestNG-PoolService-3] Hooks - ======================  TEST CASE FAILED !! ======================

    Embedding screenshot [image/png 7853 bytes]

[INFO ] 2024-12-09 21:59:30.599 [TestNG-PoolService-3] Hooks - ======================  Screenshot is captured  ======================
[INFO ] 2024-12-09 21:59:30.602 [TestNG-PoolService-3] Hooks - ======================  Test Execution is completed!! ======================
  &amp#27;[32mAnd &amp#27;[0m&amp#27;[32mThe user clicks on Get started link for Queue&amp#27;[0m                                        &amp#27;[90m# StepDefinitions.QueueStepDefinitions.the_user_clicks_on_get_started_link_for_queue()&amp#27;[0m
]]></system-out>
    <system-err><![CDATA[Dec 09, 2024 9:59:27 PM org.openqa.selenium.devtools.CdpVersionFinder findNearestMatch
WARNING: Unable to find an exact match for CDP version 131, returning the closest version; found: 130; Please update to a Selenium version that supports CDP version 131
]]></system-err>
  </testcase>
  <testcase name="runScenario[&quot;Error message displayed for invalid code on try editor for Implementation of Queue in python&quot;, &quot;Queue Details page&quot;](92)" classname="TestRunners.TestRunner" time="0.526">
    <system-out><![CDATA[
Scenario: Valid code on try editor for Implementation of Queue in python runs successfully &amp#27;[90m# src/test/resources/Features/QueueDetails.feature:34&amp#27;[0m
]]></system-out>
  </testcase>
  <testcase name="runScenario[&quot;Error message displayed for invalid code on try editor for Implementation of Queue in python&quot;, &quot;Queue Details page&quot;](92)" classname="TestRunners.TestRunner" time="0.654">
    <system-out><![CDATA[
Scenario: Valid code on try editor for Implementation of Queue in python runs successfully &amp#27;[90m# src/test/resources/Features/QueueDetails.feature:34&amp#27;[0m
[INFO ] 2024-12-09 22:23:39.526 [TestNG-PoolService-1] Hooks - ======================  New Test Execution is STARTED!! ======================
]]></system-out>
    <system-err><![CDATA[Dec 09, 2024 10:23:39 PM org.openqa.selenium.devtools.CdpVersionFinder findNearestMatch
WARNING: Unable to find an exact match for CDP version 131, returning the closest version; found: 130; Please update to a Selenium version that supports CDP version 131
]]></system-err>
  </testcase>
  <testcase name="runScenario[&quot;No error message displayed for empty code on try editor for Implementation of Queue in python&quot;, &quot;Queue Details page&quot;](93)" classname="TestRunners.TestRunner" time="1.369">
    <failure message="element not interactable&#10;  (Session info: chrome=131.0.6778.109)&#10;Build info: version: &apos;4.26.0&apos;, revision: &apos;8ccf0219d7&apos;&#10;System info: os.name: &apos;Windows 11&apos;, os.arch: &apos;amd64&apos;, os.version: &apos;10.0&apos;, java.version: &apos;21.0.5&apos;&#10;Driver info: org.openqa.selenium.chrome.ChromeDriver&#10;Command: [ce2edc2cfdc5351b348ecb14a7822d52, sendKeysToElement {value=[Ljava.lang.CharSequence;@20f2e790, id=f.21C13EF5ADE461431F054CCDFBA7A25F.d.FA109B86C44C855B5923AB594C81FCC7.e.52}]&#10;Capabilities {acceptInsecureCerts: false, browserName: chrome, browserVersion: 131.0.6778.109, chrome: {chromedriverVersion: 131.0.6778.87 (ce31cae94873..., userDataDir: C:\Users\vamsh\AppData\Loca...}, fedcm:accounts: true, goog:chromeOptions: {debuggerAddress: localhost:60059}, networkConnectionEnabled: false, pageLoadStrategy: normal, platformName: windows, proxy: Proxy(), se:cdp: ws://localhost:60059/devtoo..., se:cdpVersion: 131.0.6778.109, setWindowRect: true, strictFileInteractability: false, timeouts: {implicit: 0, pageLoad: 300000, script: 30000}, unhandledPromptBehavior: dismiss and notify, webauthn:extension:credBlob: true, webauthn:extension:largeBlob: true, webauthn:extension:minPinLength: true, webauthn:extension:prf: true, webauthn:virtualAuthenticators: true}&#10;Element: [[ChromeDriver: chrome on windows (ce2edc2cfdc5351b348ecb14a7822d52)] -&gt; css selector: .CodeMirror textarea]&#10;Session ID: ce2edc2cfdc5351b348ecb14a7822d52" type="org.openqa.selenium.ElementNotInteractableException"><![CDATA[org.openqa.selenium.ElementNotInteractableException: 
element not interactable
  (Session info: chrome=131.0.6778.109)
Build info: version: '4.26.0', revision: '8ccf0219d7'
System info: os.name: 'Windows 11', os.arch: 'amd64', os.version: '10.0', java.version: '21.0.5'
Driver info: org.openqa.selenium.chrome.ChromeDriver
Command: [ce2edc2cfdc5351b348ecb14a7822d52, sendKeysToElement {value=[Ljava.lang.CharSequence;@20f2e790, id=f.21C13EF5ADE461431F054CCDFBA7A25F.d.FA109B86C44C855B5923AB594C81FCC7.e.52}]
Capabilities {acceptInsecureCerts: false, browserName: chrome, browserVersion: 131.0.6778.109, chrome: {chromedriverVersion: 131.0.6778.87 (ce31cae94873..., userDataDir: C:\Users\vamsh\AppData\Loca...}, fedcm:accounts: true, goog:chromeOptions: {debuggerAddress: localhost:60059}, networkConnectionEnabled: false, pageLoadStrategy: normal, platformName: windows, proxy: Proxy(), se:cdp: ws://localhost:60059/devtoo..., se:cdpVersion: 131.0.6778.109, setWindowRect: true, strictFileInteractability: false, timeouts: {implicit: 0, pageLoad: 300000, script: 30000}, unhandledPromptBehavior: dismiss and notify, webauthn:extension:credBlob: true, webauthn:extension:largeBlob: true, webauthn:extension:minPinLength: true, webauthn:extension:prf: true, webauthn:virtualAuthenticators: true}
Element: [[ChromeDriver: chrome on windows (ce2edc2cfdc5351b348ecb14a7822d52)] -> css selector: .CodeMirror textarea]
Session ID: ce2edc2cfdc5351b348ecb14a7822d52
]]></failure>
    <system-out><![CDATA[  &amp#27;[32mGiven &amp#27;[0m&amp#27;[32mThe user on implementation Queue in python page&amp#27;[0m                                                 &amp#27;[90m# StepDefinitions.QueueStepDefinitions.the_user_on_implementation_queue_in_python_page()&amp#27;[0m

Scenario: Validate user can navigate to Implementation using collections.deque &amp#27;[90m# src/test/resources/Features/QueueDetails.feature:41&amp#27;[0m
  &amp#27;[32mGiven &amp#27;[0m&amp#27;[32mThe user on implementation Queue in python page&amp#27;[0m                                    &amp#27;[90m# StepDefinitions.QueueStepDefinitions.the_user_on_implementation_queue_in_python_page()&amp#27;[0m
  &amp#27;[32mAnd &amp#27;[0m&amp#27;[32mUser clicks Try here link&amp#27;[0m                                                                         &amp#27;[90m# StepDefinitions.DSIntroductionDetails.user_clicks_try_here_link()&amp#27;[0m
  &amp#27;[31mWhen &amp#27;[0m&amp#27;[31mThe user write the invalid code in Editor&amp#27;[0m                                                        &amp#27;[90m# StepDefinitions.DSIntroductionDetails.the_user_write_the_invalid_code_in_editor()&amp#27;[0m
      &amp#27;[31morg.openqa.selenium.ElementNotInteractableException: element not interactable
  (Session info: chrome=131.0.6778.109)
Build info: version: '4.26.0', revision: '8ccf0219d7'
System info: os.name: 'Windows 11', os.arch: 'amd64', os.version: '10.0', java.version: '21.0.5'
Driver info: org.openqa.selenium.chrome.ChromeDriver
Command: [ce2edc2cfdc5351b348ecb14a7822d52, sendKeysToElement {value=[Ljava.lang.CharSequence;@20f2e790, id=f.21C13EF5ADE461431F054CCDFBA7A25F.d.FA109B86C44C855B5923AB594C81FCC7.e.52}]
Capabilities {acceptInsecureCerts: false, browserName: chrome, browserVersion: 131.0.6778.109, chrome: {chromedriverVersion: 131.0.6778.87 (ce31cae94873..., userDataDir: C:\Users\vamsh\AppData\Loca...}, fedcm:accounts: true, goog:chromeOptions: {debuggerAddress: localhost:60059}, networkConnectionEnabled: false, pageLoadStrategy: normal, platformName: windows, proxy: Proxy(), se:cdp: ws://localhost:60059/devtoo..., se:cdpVersion: 131.0.6778.109, setWindowRect: true, strictFileInteractability: false, timeouts: {implicit: 0, pageLoad: 300000, script: 30000}, unhandledPromptBehavior: dismiss and notify, webauthn:extension:credBlob: true, webauthn:extension:largeBlob: true, webauthn:extension:minPinLength: true, webauthn:extension:prf: true, webauthn:virtualAuthenticators: true}
Element: [[ChromeDriver: chrome on windows (ce2edc2cfdc5351b348ecb14a7822d52)] -> css selector: .CodeMirror textarea]
Session ID: ce2edc2cfdc5351b348ecb14a7822d52
	at java.base/jdk.internal.reflect.DirectConstructorHandleAccessor.newInstance(DirectConstructorHandleAccessor.java:62)
	at java.base/java.lang.reflect.Constructor.newInstanceWithCaller(Constructor.java:502)
	at java.base/java.lang.reflect.Constructor.newInstance(Constructor.java:486)
	at org.openqa.selenium.remote.ErrorCodec.decode(ErrorCodec.java:167)
	at org.openqa.selenium.remote.codec.w3c.W3CHttpResponseCodec.decode(W3CHttpResponseCodec.java:138)
	at org.openqa.selenium.remote.codec.w3c.W3CHttpResponseCodec.decode(W3CHttpResponseCodec.java:50)
	at org.openqa.selenium.remote.HttpCommandExecutor.execute(HttpCommandExecutor.java:190)
	at org.openqa.selenium.remote.service.DriverCommandExecutor.invokeExecute(DriverCommandExecutor.java:216)
	at org.openqa.selenium.remote.service.DriverCommandExecutor.execute(DriverCommandExecutor.java:174)
	at org.openqa.selenium.remote.RemoteWebDriver.execute(RemoteWebDriver.java:545)
	at org.openqa.selenium.remote.RemoteWebElement.execute(RemoteWebElement.java:223)
	at org.openqa.selenium.remote.RemoteWebElement.sendKeys(RemoteWebElement.java:110)
	at PageObjects.IntroductionPage.enterCodeInEditor(IntroductionPage.java:146)
	at StepDefinitions.DSIntroductionDetails.the_user_write_the_invalid_code_in_editor(DSIntroductionDetails.java:138)
	at ✽.The user write the invalid code in Editor(file:///C:/Projects/Repo1/src/test/resources/Features/QueueDetails.feature:30)
&amp#27;[0m
  &amp#27;[36mAnd &amp#27;[0m&amp#27;[36mClick the Run button&amp#27;[0m                                                                              &amp#27;[90m# StepDefinitions.DSIntroductionDetails.click_the_run_button()&amp#27;[0m
  &amp#27;[36mThen &amp#27;[0m&amp#27;[36mThe user should able to see an error message in alert window&amp#27;[0m                                     &amp#27;[90m# StepDefinitions.DSIntroductionDetails.the_user_should_able_to_see_an_error_message_in_alert_window()&amp#27;[0m
[ERROR] 2024-12-09 21:59:31.585 [TestNG-PoolService-2] Hooks - ======================  TEST CASE FAILED !! ======================

    Embedding screenshot [image/png 7853 bytes]

[INFO ] 2024-12-09 21:59:31.852 [TestNG-PoolService-2] Hooks - ======================  Screenshot is captured  ======================
[INFO ] 2024-12-09 21:59:31.854 [TestNG-PoolService-2] Hooks - ======================  Test Execution is completed!! ======================
  &amp#27;[32mAnd &amp#27;[0m&amp#27;[32mUser clicks Try here link&amp#27;[0m                                                            &amp#27;[90m# StepDefinitions.DSIntroductionDetails.user_clicks_try_here_link()&amp#27;[0m
  &amp#27;[31mWhen &amp#27;[0m&amp#27;[31mThe user write the valid code in Editor&amp#27;[0m                                             &amp#27;[90m# StepDefinitions.DSIntroductionDetails.the_user_write_the_valid_code_in_editor()&amp#27;[0m
      &amp#27;[31morg.openqa.selenium.ElementNotInteractableException: element not interactable
  (Session info: chrome=131.0.6778.109)
Build info: version: '4.26.0', revision: '8ccf0219d7'
System info: os.name: 'Windows 11', os.arch: 'amd64', os.version: '10.0', java.version: '21.0.5'
Driver info: org.openqa.selenium.chrome.ChromeDriver
Command: [efcf81313748a77b1a4b864b38f138be, sendKeysToElement {value=[Ljava.lang.CharSequence;@4e35b911, id=f.B8CB5154F2C814BEA102D6129ABED88A.d.FF31B2396D0EBF05692E7F527227FC74.e.53}]
Capabilities {acceptInsecureCerts: false, browserName: chrome, browserVersion: 131.0.6778.109, chrome: {chromedriverVersion: 131.0.6778.87 (ce31cae94873..., userDataDir: C:\Users\vamsh\AppData\Loca...}, fedcm:accounts: true, goog:chromeOptions: {debuggerAddress: localhost:60076}, networkConnectionEnabled: false, pageLoadStrategy: normal, platformName: windows, proxy: Proxy(), se:cdp: ws://localhost:60076/devtoo..., se:cdpVersion: 131.0.6778.109, setWindowRect: true, strictFileInteractability: false, timeouts: {implicit: 0, pageLoad: 300000, script: 30000}, unhandledPromptBehavior: dismiss and notify, webauthn:extension:credBlob: true, webauthn:extension:largeBlob: true, webauthn:extension:minPinLength: true, webauthn:extension:prf: true, webauthn:virtualAuthenticators: true}
Element: [[ChromeDriver: chrome on windows (efcf81313748a77b1a4b864b38f138be)] -> css selector: .CodeMirror textarea]
Session ID: efcf81313748a77b1a4b864b38f138be
	at java.base/jdk.internal.reflect.DirectConstructorHandleAccessor.newInstance(DirectConstructorHandleAccessor.java:62)
	at java.base/java.lang.reflect.Constructor.newInstanceWithCaller(Constructor.java:502)
	at java.base/java.lang.reflect.Constructor.newInstance(Constructor.java:486)
	at org.openqa.selenium.remote.ErrorCodec.decode(ErrorCodec.java:167)
	at org.openqa.selenium.remote.codec.w3c.W3CHttpResponseCodec.decode(W3CHttpResponseCodec.java:138)
	at org.openqa.selenium.remote.codec.w3c.W3CHttpResponseCodec.decode(W3CHttpResponseCodec.java:50)
	at org.openqa.selenium.remote.HttpCommandExecutor.execute(HttpCommandExecutor.java:190)
	at org.openqa.selenium.remote.service.DriverCommandExecutor.invokeExecute(DriverCommandExecutor.java:216)
	at org.openqa.selenium.remote.service.DriverCommandExecutor.execute(DriverCommandExecutor.java:174)
	at org.openqa.selenium.remote.RemoteWebDriver.execute(RemoteWebDriver.java:545)
	at org.openqa.selenium.remote.RemoteWebElement.execute(RemoteWebElement.java:223)
	at org.openqa.selenium.remote.RemoteWebElement.sendKeys(RemoteWebElement.java:110)
	at PageObjects.IntroductionPage.enterCodeInEditor(IntroductionPage.java:146)
	at StepDefinitions.DSIntroductionDetails.the_user_write_the_valid_code_in_editor(DSIntroductionDetails.java:158)
	at ✽.The user write the valid code in Editor(file:///C:/Projects/Repo1/src/test/resources/Features/QueueDetails.feature:37)
&amp#27;[0m
  &amp#27;[36mAnd &amp#27;[0m&amp#27;[36mClick the Run button&amp#27;[0m                                                                 &amp#27;[90m# StepDefinitions.DSIntroductionDetails.click_the_run_button()&amp#27;[0m
  &amp#27;[36mThen &amp#27;[0m&amp#27;[36mThe user should able to see output in the console&amp#27;[0m                                   &amp#27;[90m# StepDefinitions.DSIntroductionDetails.the_user_should_able_to_see_output_in_the_console()&amp#27;[0m
[ERROR] 2024-12-09 21:59:32.032 [TestNG-PoolService-1] Hooks - ======================  TEST CASE FAILED !! ======================
[INFO ] 2024-12-09 21:59:32.116 [TestNG-PoolService-3] Hooks - ======================  New Test Execution is STARTED!! ======================
]]></system-out>
    <system-err><![CDATA[Dec 09, 2024 9:59:32 PM org.openqa.selenium.devtools.CdpVersionFinder findNearestMatch
WARNING: Unable to find an exact match for CDP version 131, returning the closest version; found: 130; Please update to a Selenium version that supports CDP version 131
]]></system-err>
  </testcase>
  <testcase name="runScenario[&quot;No error message displayed for empty code on try editor for Implementation of Queue in python&quot;, &quot;Queue Details page&quot;](93)" classname="TestRunners.TestRunner" time="0.528">
    <system-out><![CDATA[
Scenario: Validate user can navigate to Implementation using collections.deque &amp#27;[90m# src/test/resources/Features/QueueDetails.feature:41&amp#27;[0m
]]></system-out>
  </testcase>
  <testcase name="runScenario[&quot;No error message displayed for empty code on try editor for Implementation of Queue in python&quot;, &quot;Queue Details page&quot;](93)" classname="TestRunners.TestRunner" time="6.044">
    <failure message="element not interactable&#10;  (Session info: MicrosoftEdge=131.0.2903.86)&#10;Build info: version: &apos;4.26.0&apos;, revision: &apos;8ccf0219d7&apos;&#10;System info: os.name: &apos;Windows 11&apos;, os.arch: &apos;amd64&apos;, os.version: &apos;10.0&apos;, java.version: &apos;21.0.5&apos;&#10;Driver info: org.openqa.selenium.edge.EdgeDriver&#10;Command: [f07acbfba9601456c89810369b37da2b, sendKeysToElement {value=[Ljava.lang.CharSequence;@31f5e1fc, id=f.163412C7F4BA8A5969723392E90F2BC8.d.A01E3E156E54FD524AA557B0E97F3F56.e.39}]&#10;Capabilities {acceptInsecureCerts: false, browserName: MicrosoftEdge, browserVersion: 131.0.2903.86, fedcm:accounts: true, ms:edgeOptions: {debuggerAddress: localhost:62563}, msedge: {msedgedriverVersion: 131.0.2903.86 (cf5bf303997c..., userDataDir: C:\Users\vamsh\AppData\Loca...}, networkConnectionEnabled: false, pageLoadStrategy: normal, platformName: windows, proxy: Proxy(), se:cdp: ws://localhost:62563/devtoo..., se:cdpVersion: 131.0.2903.86, setWindowRect: true, strictFileInteractability: false, timeouts: {implicit: 0, pageLoad: 300000, script: 30000}, unhandledPromptBehavior: dismiss and notify, webauthn:extension:credBlob: true, webauthn:extension:largeBlob: true, webauthn:extension:minPinLength: true, webauthn:extension:prf: true, webauthn:virtualAuthenticators: true}&#10;Element: [[EdgeDriver: MicrosoftEdge on windows (f07acbfba9601456c89810369b37da2b)] -&gt; css selector: .CodeMirror textarea]&#10;Session ID: f07acbfba9601456c89810369b37da2b" type="org.openqa.selenium.ElementNotInteractableException"><![CDATA[org.openqa.selenium.ElementNotInteractableException: 
element not interactable
  (Session info: MicrosoftEdge=131.0.2903.86)
Build info: version: '4.26.0', revision: '8ccf0219d7'
System info: os.name: 'Windows 11', os.arch: 'amd64', os.version: '10.0', java.version: '21.0.5'
Driver info: org.openqa.selenium.edge.EdgeDriver
Command: [f07acbfba9601456c89810369b37da2b, sendKeysToElement {value=[Ljava.lang.CharSequence;@31f5e1fc, id=f.163412C7F4BA8A5969723392E90F2BC8.d.A01E3E156E54FD524AA557B0E97F3F56.e.39}]
Capabilities {acceptInsecureCerts: false, browserName: MicrosoftEdge, browserVersion: 131.0.2903.86, fedcm:accounts: true, ms:edgeOptions: {debuggerAddress: localhost:62563}, msedge: {msedgedriverVersion: 131.0.2903.86 (cf5bf303997c..., userDataDir: C:\Users\vamsh\AppData\Loca...}, networkConnectionEnabled: false, pageLoadStrategy: normal, platformName: windows, proxy: Proxy(), se:cdp: ws://localhost:62563/devtoo..., se:cdpVersion: 131.0.2903.86, setWindowRect: true, strictFileInteractability: false, timeouts: {implicit: 0, pageLoad: 300000, script: 30000}, unhandledPromptBehavior: dismiss and notify, webauthn:extension:credBlob: true, webauthn:extension:largeBlob: true, webauthn:extension:minPinLength: true, webauthn:extension:prf: true, webauthn:virtualAuthenticators: true}
Element: [[EdgeDriver: MicrosoftEdge on windows (f07acbfba9601456c89810369b37da2b)] -> css selector: .CodeMirror textarea]
Session ID: f07acbfba9601456c89810369b37da2b
]]></failure>
    <system-out><![CDATA[
Scenario: Validate user can navigate to Implementation using collections.deque &amp#27;[90m# src/test/resources/Features/QueueDetails.feature:41&amp#27;[0m
  &amp#27;[32mGiven &amp#27;[0m&amp#27;[32mThe user is on the DS Introduction page as signedIn&amp#27;[0m                                             &amp#27;[90m# StepDefinitions.DSIntroductionDetails.the_user_is_on_the_ds_introduction_page_as_signed_in()&amp#27;[0m
[INFO ] 2024-12-09 22:23:42.097 [TestNG-PoolService-2] Hooks - ======================  New Test Execution is STARTED!! ======================
  &amp#27;[32mAnd &amp#27;[0m&amp#27;[32mThe user clicks on Get started link for Queue&amp#27;[0m                                                     &amp#27;[90m# StepDefinitions.QueueStepDefinitions.the_user_clicks_on_get_started_link_for_queue()&amp#27;[0m
[INFO ] 2024-12-09 22:23:43.090 [TestNG-PoolService-3] Hooks - ======================  New Test Execution is STARTED!! ======================
  &amp#27;[32mGiven &amp#27;[0m&amp#27;[32mThe user on implementation Queue in python page&amp#27;[0m                                                 &amp#27;[90m# StepDefinitions.QueueStepDefinitions.the_user_on_implementation_queue_in_python_page()&amp#27;[0m
  &amp#27;[32mAnd &amp#27;[0m&amp#27;[32mUser clicks Try here link&amp#27;[0m                                                                         &amp#27;[90m# StepDefinitions.DSIntroductionDetails.user_clicks_try_here_link()&amp#27;[0m
  &amp#27;[31mWhen &amp#27;[0m&amp#27;[31mThe user write the invalid code in Editor&amp#27;[0m                                                        &amp#27;[90m# StepDefinitions.DSIntroductionDetails.the_user_write_the_invalid_code_in_editor()&amp#27;[0m
      &amp#27;[31morg.openqa.selenium.ElementNotInteractableException: element not interactable
  (Session info: MicrosoftEdge=131.0.2903.86)
Build info: version: '4.26.0', revision: '8ccf0219d7'
System info: os.name: 'Windows 11', os.arch: 'amd64', os.version: '10.0', java.version: '21.0.5'
Driver info: org.openqa.selenium.edge.EdgeDriver
Command: [f07acbfba9601456c89810369b37da2b, sendKeysToElement {value=[Ljava.lang.CharSequence;@31f5e1fc, id=f.163412C7F4BA8A5969723392E90F2BC8.d.A01E3E156E54FD524AA557B0E97F3F56.e.39}]
Capabilities {acceptInsecureCerts: false, browserName: MicrosoftEdge, browserVersion: 131.0.2903.86, fedcm:accounts: true, ms:edgeOptions: {debuggerAddress: localhost:62563}, msedge: {msedgedriverVersion: 131.0.2903.86 (cf5bf303997c..., userDataDir: C:\Users\vamsh\AppData\Loca...}, networkConnectionEnabled: false, pageLoadStrategy: normal, platformName: windows, proxy: Proxy(), se:cdp: ws://localhost:62563/devtoo..., se:cdpVersion: 131.0.2903.86, setWindowRect: true, strictFileInteractability: false, timeouts: {implicit: 0, pageLoad: 300000, script: 30000}, unhandledPromptBehavior: dismiss and notify, webauthn:extension:credBlob: true, webauthn:extension:largeBlob: true, webauthn:extension:minPinLength: true, webauthn:extension:prf: true, webauthn:virtualAuthenticators: true}
Element: [[EdgeDriver: MicrosoftEdge on windows (f07acbfba9601456c89810369b37da2b)] -> css selector: .CodeMirror textarea]
Session ID: f07acbfba9601456c89810369b37da2b
	at java.base/jdk.internal.reflect.DirectConstructorHandleAccessor.newInstance(DirectConstructorHandleAccessor.java:62)
	at java.base/java.lang.reflect.Constructor.newInstanceWithCaller(Constructor.java:502)
	at java.base/java.lang.reflect.Constructor.newInstance(Constructor.java:486)
	at org.openqa.selenium.remote.ErrorCodec.decode(ErrorCodec.java:167)
	at org.openqa.selenium.remote.codec.w3c.W3CHttpResponseCodec.decode(W3CHttpResponseCodec.java:138)
	at org.openqa.selenium.remote.codec.w3c.W3CHttpResponseCodec.decode(W3CHttpResponseCodec.java:50)
	at org.openqa.selenium.remote.HttpCommandExecutor.execute(HttpCommandExecutor.java:190)
	at org.openqa.selenium.remote.service.DriverCommandExecutor.invokeExecute(DriverCommandExecutor.java:216)
	at org.openqa.selenium.remote.service.DriverCommandExecutor.execute(DriverCommandExecutor.java:174)
	at org.openqa.selenium.remote.RemoteWebDriver.execute(RemoteWebDriver.java:545)
	at org.openqa.selenium.remote.RemoteWebElement.execute(RemoteWebElement.java:223)
	at org.openqa.selenium.remote.RemoteWebElement.sendKeys(RemoteWebElement.java:110)
	at PageObjects.IntroductionPage.enterCodeInEditor(IntroductionPage.java:146)
	at StepDefinitions.DSIntroductionDetails.the_user_write_the_invalid_code_in_editor(DSIntroductionDetails.java:138)
	at ✽.The user write the invalid code in Editor(file:///C:/Projects/Repo1/src/test/resources/Features/QueueDetails.feature:30)
&amp#27;[0m
  &amp#27;[36mAnd &amp#27;[0m&amp#27;[36mClick the Run button&amp#27;[0m                                                                              &amp#27;[90m# StepDefinitions.DSIntroductionDetails.click_the_run_button()&amp#27;[0m
  &amp#27;[36mThen &amp#27;[0m&amp#27;[36mThe user should able to see an error message in alert window&amp#27;[0m                                     &amp#27;[90m# StepDefinitions.DSIntroductionDetails.the_user_should_able_to_see_an_error_message_in_alert_window()&amp#27;[0m
[ERROR] 2024-12-09 22:23:44.092 [TestNG-PoolService-1] Hooks - ======================  TEST CASE FAILED !! ======================

    Embedding screenshot [image/png 7890 bytes]

[INFO ] 2024-12-09 22:23:44.239 [TestNG-PoolService-1] Hooks - ======================  Screenshot is captured  ======================
[INFO ] 2024-12-09 22:23:44.241 [TestNG-PoolService-1] Hooks - ======================  Test Execution is completed!! ======================
  &amp#27;[32mGiven &amp#27;[0m&amp#27;[32mThe user is on the DS Introduction page as signedIn&amp#27;[0m                                &amp#27;[90m# StepDefinitions.DSIntroductionDetails.the_user_is_on_the_ds_introduction_page_as_signed_in()&amp#27;[0m
]]></system-out>
    <system-err><![CDATA[Dec 09, 2024 10:23:42 PM org.openqa.selenium.devtools.CdpVersionFinder findNearestMatch
WARNING: Unable to find an exact match for CDP version 131, returning the closest version; found: 130; Please update to a Selenium version that supports CDP version 131
Dec 09, 2024 10:23:42 PM org.openqa.selenium.devtools.CdpVersionFinder findNearestMatch
WARNING: Unable to find an exact match for CDP version 131, returning the closest version; found: 130; Please update to a Selenium version that supports CDP version 131
]]></system-err>
  </testcase>
  <testcase name="runScenario[&quot;Valid code on try editor for Implementation of Queue in python runs successfully&quot;, &quot;Queue Details page&quot;](94)" classname="TestRunners.TestRunner" time="0.298">
    <failure message="element not interactable&#10;  (Session info: chrome=131.0.6778.109)&#10;Build info: version: &apos;4.26.0&apos;, revision: &apos;8ccf0219d7&apos;&#10;System info: os.name: &apos;Windows 11&apos;, os.arch: &apos;amd64&apos;, os.version: &apos;10.0&apos;, java.version: &apos;21.0.5&apos;&#10;Driver info: org.openqa.selenium.chrome.ChromeDriver&#10;Command: [efcf81313748a77b1a4b864b38f138be, sendKeysToElement {value=[Ljava.lang.CharSequence;@4e35b911, id=f.B8CB5154F2C814BEA102D6129ABED88A.d.FF31B2396D0EBF05692E7F527227FC74.e.53}]&#10;Capabilities {acceptInsecureCerts: false, browserName: chrome, browserVersion: 131.0.6778.109, chrome: {chromedriverVersion: 131.0.6778.87 (ce31cae94873..., userDataDir: C:\Users\vamsh\AppData\Loca...}, fedcm:accounts: true, goog:chromeOptions: {debuggerAddress: localhost:60076}, networkConnectionEnabled: false, pageLoadStrategy: normal, platformName: windows, proxy: Proxy(), se:cdp: ws://localhost:60076/devtoo..., se:cdpVersion: 131.0.6778.109, setWindowRect: true, strictFileInteractability: false, timeouts: {implicit: 0, pageLoad: 300000, script: 30000}, unhandledPromptBehavior: dismiss and notify, webauthn:extension:credBlob: true, webauthn:extension:largeBlob: true, webauthn:extension:minPinLength: true, webauthn:extension:prf: true, webauthn:virtualAuthenticators: true}&#10;Element: [[ChromeDriver: chrome on windows (efcf81313748a77b1a4b864b38f138be)] -&gt; css selector: .CodeMirror textarea]&#10;Session ID: efcf81313748a77b1a4b864b38f138be" type="org.openqa.selenium.ElementNotInteractableException"><![CDATA[org.openqa.selenium.ElementNotInteractableException: 
element not interactable
  (Session info: chrome=131.0.6778.109)
Build info: version: '4.26.0', revision: '8ccf0219d7'
System info: os.name: 'Windows 11', os.arch: 'amd64', os.version: '10.0', java.version: '21.0.5'
Driver info: org.openqa.selenium.chrome.ChromeDriver
Command: [efcf81313748a77b1a4b864b38f138be, sendKeysToElement {value=[Ljava.lang.CharSequence;@4e35b911, id=f.B8CB5154F2C814BEA102D6129ABED88A.d.FF31B2396D0EBF05692E7F527227FC74.e.53}]
Capabilities {acceptInsecureCerts: false, browserName: chrome, browserVersion: 131.0.6778.109, chrome: {chromedriverVersion: 131.0.6778.87 (ce31cae94873..., userDataDir: C:\Users\vamsh\AppData\Loca...}, fedcm:accounts: true, goog:chromeOptions: {debuggerAddress: localhost:60076}, networkConnectionEnabled: false, pageLoadStrategy: normal, platformName: windows, proxy: Proxy(), se:cdp: ws://localhost:60076/devtoo..., se:cdpVersion: 131.0.6778.109, setWindowRect: true, strictFileInteractability: false, timeouts: {implicit: 0, pageLoad: 300000, script: 30000}, unhandledPromptBehavior: dismiss and notify, webauthn:extension:credBlob: true, webauthn:extension:largeBlob: true, webauthn:extension:minPinLength: true, webauthn:extension:prf: true, webauthn:virtualAuthenticators: true}
Element: [[ChromeDriver: chrome on windows (efcf81313748a77b1a4b864b38f138be)] -> css selector: .CodeMirror textarea]
Session ID: efcf81313748a77b1a4b864b38f138be
]]></failure>
    <system-out><![CDATA[
Scenario: Validate user can open try editor page from Implementation using collections.deque &amp#27;[90m# src/test/resources/Features/QueueDetails.feature:46&amp#27;[0m

    Embedding screenshot [image/png 7853 bytes]

[INFO ] 2024-12-09 21:59:32.246 [TestNG-PoolService-1] Hooks - ======================  Screenshot is captured  ======================
[INFO ] 2024-12-09 21:59:32.248 [TestNG-PoolService-1] Hooks - ======================  Test Execution is completed!! ======================
]]></system-out>
  </testcase>
  <testcase name="runScenario[&quot;Valid code on try editor for Implementation of Queue in python runs successfully&quot;, &quot;Queue Details page&quot;](94)" classname="TestRunners.TestRunner" time="3.302">
    <failure message="element not interactable&#10;  (Session info: MicrosoftEdge=131.0.2903.86)&#10;Build info: version: &apos;4.26.0&apos;, revision: &apos;8ccf0219d7&apos;&#10;System info: os.name: &apos;Windows 11&apos;, os.arch: &apos;amd64&apos;, os.version: &apos;10.0&apos;, java.version: &apos;21.0.5&apos;&#10;Driver info: org.openqa.selenium.edge.EdgeDriver&#10;Command: [83f6439056eacc25708f7c58166c716c, sendKeysToElement {value=[Ljava.lang.CharSequence;@1c3f062e, id=f.2CE6EED996B12520DE6752A4F4D6A249.d.AB4089B4F3DF351EDD77B7E23242E7E1.e.39}]&#10;Capabilities {acceptInsecureCerts: false, browserName: MicrosoftEdge, browserVersion: 131.0.2903.86, fedcm:accounts: true, ms:edgeOptions: {debuggerAddress: localhost:62606}, msedge: {msedgedriverVersion: 131.0.2903.86 (cf5bf303997c..., userDataDir: C:\Users\vamsh\AppData\Loca...}, networkConnectionEnabled: false, pageLoadStrategy: normal, platformName: windows, proxy: Proxy(), se:cdp: ws://localhost:62606/devtoo..., se:cdpVersion: 131.0.2903.86, setWindowRect: true, strictFileInteractability: false, timeouts: {implicit: 0, pageLoad: 300000, script: 30000}, unhandledPromptBehavior: dismiss and notify, webauthn:extension:credBlob: true, webauthn:extension:largeBlob: true, webauthn:extension:minPinLength: true, webauthn:extension:prf: true, webauthn:virtualAuthenticators: true}&#10;Element: [[EdgeDriver: MicrosoftEdge on windows (83f6439056eacc25708f7c58166c716c)] -&gt; css selector: .CodeMirror textarea]&#10;Session ID: 83f6439056eacc25708f7c58166c716c" type="org.openqa.selenium.ElementNotInteractableException"><![CDATA[org.openqa.selenium.ElementNotInteractableException: 
element not interactable
  (Session info: MicrosoftEdge=131.0.2903.86)
Build info: version: '4.26.0', revision: '8ccf0219d7'
System info: os.name: 'Windows 11', os.arch: 'amd64', os.version: '10.0', java.version: '21.0.5'
Driver info: org.openqa.selenium.edge.EdgeDriver
Command: [83f6439056eacc25708f7c58166c716c, sendKeysToElement {value=[Ljava.lang.CharSequence;@1c3f062e, id=f.2CE6EED996B12520DE6752A4F4D6A249.d.AB4089B4F3DF351EDD77B7E23242E7E1.e.39}]
Capabilities {acceptInsecureCerts: false, browserName: MicrosoftEdge, browserVersion: 131.0.2903.86, fedcm:accounts: true, ms:edgeOptions: {debuggerAddress: localhost:62606}, msedge: {msedgedriverVersion: 131.0.2903.86 (cf5bf303997c..., userDataDir: C:\Users\vamsh\AppData\Loca...}, networkConnectionEnabled: false, pageLoadStrategy: normal, platformName: windows, proxy: Proxy(), se:cdp: ws://localhost:62606/devtoo..., se:cdpVersion: 131.0.2903.86, setWindowRect: true, strictFileInteractability: false, timeouts: {implicit: 0, pageLoad: 300000, script: 30000}, unhandledPromptBehavior: dismiss and notify, webauthn:extension:credBlob: true, webauthn:extension:largeBlob: true, webauthn:extension:minPinLength: true, webauthn:extension:prf: true, webauthn:virtualAuthenticators: true}
Element: [[EdgeDriver: MicrosoftEdge on windows (83f6439056eacc25708f7c58166c716c)] -> css selector: .CodeMirror textarea]
Session ID: 83f6439056eacc25708f7c58166c716c
]]></failure>
    <system-out><![CDATA[
Scenario: Validate user can open try editor page from Implementation using collections.deque &amp#27;[90m# src/test/resources/Features/QueueDetails.feature:46&amp#27;[0m
  &amp#27;[32mAnd &amp#27;[0m&amp#27;[32mThe user clicks on Get started link for Queue&amp#27;[0m                                        &amp#27;[90m# StepDefinitions.QueueStepDefinitions.the_user_clicks_on_get_started_link_for_queue()&amp#27;[0m
  &amp#27;[32mGiven &amp#27;[0m&amp#27;[32mThe user is on the DS Introduction page as signedIn&amp#27;[0m                    &amp#27;[90m# StepDefinitions.DSIntroductionDetails.the_user_is_on_the_ds_introduction_page_as_signed_in()&amp#27;[0m
  &amp#27;[32mGiven &amp#27;[0m&amp#27;[32mThe user on implementation Queue in python page&amp#27;[0m                                    &amp#27;[90m# StepDefinitions.QueueStepDefinitions.the_user_on_implementation_queue_in_python_page()&amp#27;[0m
  &amp#27;[32mAnd &amp#27;[0m&amp#27;[32mThe user clicks on Get started link for Queue&amp#27;[0m                            &amp#27;[90m# StepDefinitions.QueueStepDefinitions.the_user_clicks_on_get_started_link_for_queue()&amp#27;[0m
  &amp#27;[32mGiven &amp#27;[0m&amp#27;[32mThe user is on Queue Details page&amp#27;[0m                                      &amp#27;[90m# StepDefinitions.QueueStepDefinitions.the_user_is_on_queue_details_page()&amp#27;[0m
  &amp#27;[32mAnd &amp#27;[0m&amp#27;[32mUser clicks Try here link&amp#27;[0m                                                            &amp#27;[90m# StepDefinitions.DSIntroductionDetails.user_clicks_try_here_link()&amp#27;[0m
[INFO ] 2024-12-09 22:23:47.303 [TestNG-PoolService-1] Hooks - ======================  New Test Execution is STARTED!! ======================
  &amp#27;[31mWhen &amp#27;[0m&amp#27;[31mThe user write the valid code in Editor&amp#27;[0m                                             &amp#27;[90m# StepDefinitions.DSIntroductionDetails.the_user_write_the_valid_code_in_editor()&amp#27;[0m
      &amp#27;[31morg.openqa.selenium.ElementNotInteractableException: element not interactable
  (Session info: MicrosoftEdge=131.0.2903.86)
Build info: version: '4.26.0', revision: '8ccf0219d7'
System info: os.name: 'Windows 11', os.arch: 'amd64', os.version: '10.0', java.version: '21.0.5'
Driver info: org.openqa.selenium.edge.EdgeDriver
Command: [83f6439056eacc25708f7c58166c716c, sendKeysToElement {value=[Ljava.lang.CharSequence;@1c3f062e, id=f.2CE6EED996B12520DE6752A4F4D6A249.d.AB4089B4F3DF351EDD77B7E23242E7E1.e.39}]
Capabilities {acceptInsecureCerts: false, browserName: MicrosoftEdge, browserVersion: 131.0.2903.86, fedcm:accounts: true, ms:edgeOptions: {debuggerAddress: localhost:62606}, msedge: {msedgedriverVersion: 131.0.2903.86 (cf5bf303997c..., userDataDir: C:\Users\vamsh\AppData\Loca...}, networkConnectionEnabled: false, pageLoadStrategy: normal, platformName: windows, proxy: Proxy(), se:cdp: ws://localhost:62606/devtoo..., se:cdpVersion: 131.0.2903.86, setWindowRect: true, strictFileInteractability: false, timeouts: {implicit: 0, pageLoad: 300000, script: 30000}, unhandledPromptBehavior: dismiss and notify, webauthn:extension:credBlob: true, webauthn:extension:largeBlob: true, webauthn:extension:minPinLength: true, webauthn:extension:prf: true, webauthn:virtualAuthenticators: true}
Element: [[EdgeDriver: MicrosoftEdge on windows (83f6439056eacc25708f7c58166c716c)] -> css selector: .CodeMirror textarea]
Session ID: 83f6439056eacc25708f7c58166c716c
	at java.base/jdk.internal.reflect.DirectConstructorHandleAccessor.newInstance(DirectConstructorHandleAccessor.java:62)
	at java.base/java.lang.reflect.Constructor.newInstanceWithCaller(Constructor.java:502)
	at java.base/java.lang.reflect.Constructor.newInstance(Constructor.java:486)
	at org.openqa.selenium.remote.ErrorCodec.decode(ErrorCodec.java:167)
	at org.openqa.selenium.remote.codec.w3c.W3CHttpResponseCodec.decode(W3CHttpResponseCodec.java:138)
	at org.openqa.selenium.remote.codec.w3c.W3CHttpResponseCodec.decode(W3CHttpResponseCodec.java:50)
	at org.openqa.selenium.remote.HttpCommandExecutor.execute(HttpCommandExecutor.java:190)
	at org.openqa.selenium.remote.service.DriverCommandExecutor.invokeExecute(DriverCommandExecutor.java:216)
	at org.openqa.selenium.remote.service.DriverCommandExecutor.execute(DriverCommandExecutor.java:174)
	at org.openqa.selenium.remote.RemoteWebDriver.execute(RemoteWebDriver.java:545)
	at org.openqa.selenium.remote.RemoteWebElement.execute(RemoteWebElement.java:223)
	at org.openqa.selenium.remote.RemoteWebElement.sendKeys(RemoteWebElement.java:110)
	at PageObjects.IntroductionPage.enterCodeInEditor(IntroductionPage.java:146)
	at StepDefinitions.DSIntroductionDetails.the_user_write_the_valid_code_in_editor(DSIntroductionDetails.java:158)
	at ✽.The user write the valid code in Editor(file:///C:/Projects/Repo1/src/test/resources/Features/QueueDetails.feature:37)
&amp#27;[0m
  &amp#27;[36mAnd &amp#27;[0m&amp#27;[36mClick the Run button&amp#27;[0m                                                                 &amp#27;[90m# StepDefinitions.DSIntroductionDetails.click_the_run_button()&amp#27;[0m
  &amp#27;[36mThen &amp#27;[0m&amp#27;[36mThe user should able to see output in the console&amp#27;[0m                                   &amp#27;[90m# StepDefinitions.DSIntroductionDetails.the_user_should_able_to_see_output_in_the_console()&amp#27;[0m
[ERROR] 2024-12-09 22:23:47.313 [TestNG-PoolService-2] Hooks - ======================  TEST CASE FAILED !! ======================

    Embedding screenshot [image/png 7890 bytes]

[INFO ] 2024-12-09 22:23:47.566 [TestNG-PoolService-2] Hooks - ======================  Screenshot is captured  ======================
[INFO ] 2024-12-09 22:23:47.568 [TestNG-PoolService-2] Hooks - ======================  Test Execution is completed!! ======================
  &amp#27;[32mWhen &amp#27;[0m&amp#27;[32mThe user click on Implementation using collections.deque link&amp#27;[0m           &amp#27;[90m# StepDefinitions.QueueStepDefinitions.the_user_click_on_implementation_using_collections_deque_link()&amp#27;[0m
  &amp#27;[32mThen &amp#27;[0m&amp#27;[32mthe user is navigated to Queue in collections.deque&amp#27;[0m                     &amp#27;[90m# StepDefinitions.QueueStepDefinitions.the_user_is_navigated_to_queue_in_collections_deque()&amp#27;[0m
[INFO ] 2024-12-09 22:23:48.023 [TestNG-PoolService-3] Hooks - ======================  Test Execution is completed!! ======================
]]></system-out>
    <system-err><![CDATA[Dec 09, 2024 10:23:47 PM org.openqa.selenium.devtools.CdpVersionFinder findNearestMatch
WARNING: Unable to find an exact match for CDP version 131, returning the closest version; found: 130; Please update to a Selenium version that supports CDP version 131
]]></system-err>
  </testcase>
  <testcase name="runScenario[&quot;Validate user can navigate to Implementation using collections.deque&quot;, &quot;Queue Details page&quot;](95)" classname="TestRunners.TestRunner" time="3.752">
    <system-out><![CDATA[
Scenario: Error message displayed for invalid code on try editor for Implementation using collections.deque &amp#27;[90m# src/test/resources/Features/QueueDetails.feature:51&amp#27;[0m
[INFO ] 2024-12-09 21:59:33.567 [TestNG-PoolService-2] Hooks - ======================  New Test Execution is STARTED!! ======================
[INFO ] 2024-12-09 21:59:33.893 [TestNG-PoolService-1] Hooks - ======================  New Test Execution is STARTED!! ======================
  &amp#27;[32mGiven &amp#27;[0m&amp#27;[32mThe user is on the DS Introduction page as signedIn&amp#27;[0m                    &amp#27;[90m# StepDefinitions.DSIntroductionDetails.the_user_is_on_the_ds_introduction_page_as_signed_in()&amp#27;[0m
  &amp#27;[32mAnd &amp#27;[0m&amp#27;[32mThe user clicks on Get started link for Queue&amp#27;[0m                            &amp#27;[90m# StepDefinitions.QueueStepDefinitions.the_user_clicks_on_get_started_link_for_queue()&amp#27;[0m
  &amp#27;[32mGiven &amp#27;[0m&amp#27;[32mThe user is on Queue Details page&amp#27;[0m                                      &amp#27;[90m# StepDefinitions.QueueStepDefinitions.the_user_is_on_queue_details_page()&amp#27;[0m
  &amp#27;[32mWhen &amp#27;[0m&amp#27;[32mThe user click on Implementation using collections.deque link&amp#27;[0m           &amp#27;[90m# StepDefinitions.QueueStepDefinitions.the_user_click_on_implementation_using_collections_deque_link()&amp#27;[0m
  &amp#27;[32mThen &amp#27;[0m&amp#27;[32mthe user is navigated to Queue in collections.deque&amp#27;[0m                     &amp#27;[90m# StepDefinitions.QueueStepDefinitions.the_user_is_navigated_to_queue_in_collections_deque()&amp#27;[0m
[INFO ] 2024-12-09 21:59:36.072 [TestNG-PoolService-3] Hooks - ======================  Test Execution is completed!! ======================
]]></system-out>
    <system-err><![CDATA[Dec 09, 2024 9:59:33 PM org.openqa.selenium.devtools.CdpVersionFinder findNearestMatch
WARNING: Unable to find an exact match for CDP version 131, returning the closest version; found: 130; Please update to a Selenium version that supports CDP version 131
Dec 09, 2024 9:59:33 PM org.openqa.selenium.devtools.CdpVersionFinder findNearestMatch
WARNING: Unable to find an exact match for CDP version 131, returning the closest version; found: 130; Please update to a Selenium version that supports CDP version 131
]]></system-err>
  </testcase>
  <testcase name="runScenario[&quot;Validate user can navigate to Implementation using collections.deque&quot;, &quot;Queue Details page&quot;](95)" classname="TestRunners.TestRunner" time="0.408">
    <system-out><![CDATA[
Scenario: Error message displayed for invalid code on try editor for Implementation using collections.deque &amp#27;[90m# src/test/resources/Features/QueueDetails.feature:51&amp#27;[0m
]]></system-out>
  </testcase>
  <testcase name="runScenario[&quot;Error message displayed for invalid code on try editor for Implementation using collections.deque&quot;, &quot;Queue Details page&quot;](96)" classname="TestRunners.TestRunner" time="2.443">
    <failure message="element not interactable&#10;  (Session info: chrome=131.0.6778.109)&#10;Build info: version: &apos;4.26.0&apos;, revision: &apos;8ccf0219d7&apos;&#10;System info: os.name: &apos;Windows 11&apos;, os.arch: &apos;amd64&apos;, os.version: &apos;10.0&apos;, java.version: &apos;21.0.5&apos;&#10;Driver info: org.openqa.selenium.chrome.ChromeDriver&#10;Command: [e9f4a540f217bbc6cfdddbd1b765c80d, sendKeysToElement {value=[Ljava.lang.CharSequence;@11eee939, id=f.4D8A6EEABBA0BD4F488D61453AF09BC1.d.8D2326DF8D4F852DE1BC3121880ABC30.e.52}]&#10;Capabilities {acceptInsecureCerts: false, browserName: chrome, browserVersion: 131.0.6778.109, chrome: {chromedriverVersion: 131.0.6778.87 (ce31cae94873..., userDataDir: C:\Users\vamsh\AppData\Loca...}, fedcm:accounts: true, goog:chromeOptions: {debuggerAddress: localhost:60160}, networkConnectionEnabled: false, pageLoadStrategy: normal, platformName: windows, proxy: Proxy(), se:cdp: ws://localhost:60160/devtoo..., se:cdpVersion: 131.0.6778.109, setWindowRect: true, strictFileInteractability: false, timeouts: {implicit: 0, pageLoad: 300000, script: 30000}, unhandledPromptBehavior: dismiss and notify, webauthn:extension:credBlob: true, webauthn:extension:largeBlob: true, webauthn:extension:minPinLength: true, webauthn:extension:prf: true, webauthn:virtualAuthenticators: true}&#10;Element: [[ChromeDriver: chrome on windows (e9f4a540f217bbc6cfdddbd1b765c80d)] -&gt; css selector: .CodeMirror textarea]&#10;Session ID: e9f4a540f217bbc6cfdddbd1b765c80d" type="org.openqa.selenium.ElementNotInteractableException"><![CDATA[org.openqa.selenium.ElementNotInteractableException: 
element not interactable
  (Session info: chrome=131.0.6778.109)
Build info: version: '4.26.0', revision: '8ccf0219d7'
System info: os.name: 'Windows 11', os.arch: 'amd64', os.version: '10.0', java.version: '21.0.5'
Driver info: org.openqa.selenium.chrome.ChromeDriver
Command: [e9f4a540f217bbc6cfdddbd1b765c80d, sendKeysToElement {value=[Ljava.lang.CharSequence;@11eee939, id=f.4D8A6EEABBA0BD4F488D61453AF09BC1.d.8D2326DF8D4F852DE1BC3121880ABC30.e.52}]
Capabilities {acceptInsecureCerts: false, browserName: chrome, browserVersion: 131.0.6778.109, chrome: {chromedriverVersion: 131.0.6778.87 (ce31cae94873..., userDataDir: C:\Users\vamsh\AppData\Loca...}, fedcm:accounts: true, goog:chromeOptions: {debuggerAddress: localhost:60160}, networkConnectionEnabled: false, pageLoadStrategy: normal, platformName: windows, proxy: Proxy(), se:cdp: ws://localhost:60160/devtoo..., se:cdpVersion: 131.0.6778.109, setWindowRect: true, strictFileInteractability: false, timeouts: {implicit: 0, pageLoad: 300000, script: 30000}, unhandledPromptBehavior: dismiss and notify, webauthn:extension:credBlob: true, webauthn:extension:largeBlob: true, webauthn:extension:minPinLength: true, webauthn:extension:prf: true, webauthn:virtualAuthenticators: true}
Element: [[ChromeDriver: chrome on windows (e9f4a540f217bbc6cfdddbd1b765c80d)] -> css selector: .CodeMirror textarea]
Session ID: e9f4a540f217bbc6cfdddbd1b765c80d
]]></failure>
    <system-out><![CDATA[
Scenario: No error message displayed for empty code on try editor for Implementation using collections.deque &amp#27;[90m# src/test/resources/Features/QueueDetails.feature:58&amp#27;[0m
  &amp#27;[32mGiven &amp#27;[0m&amp#27;[32mThe user is on the DS Introduction page as signedIn&amp#27;[0m                                                 &amp#27;[90m# StepDefinitions.DSIntroductionDetails.the_user_is_on_the_ds_introduction_page_as_signed_in()&amp#27;[0m
  &amp#27;[32mAnd &amp#27;[0m&amp#27;[32mThe user clicks on Get started link for Queue&amp#27;[0m                                                         &amp#27;[90m# StepDefinitions.QueueStepDefinitions.the_user_clicks_on_get_started_link_for_queue()&amp#27;[0m
  &amp#27;[32mGiven &amp#27;[0m&amp#27;[32mThe user is on the DS Introduction page as signedIn&amp#27;[0m                                  &amp#27;[90m# StepDefinitions.DSIntroductionDetails.the_user_is_on_the_ds_introduction_page_as_signed_in()&amp#27;[0m
[INFO ] 2024-12-09 21:59:37.533 [TestNG-PoolService-3] Hooks - ======================  New Test Execution is STARTED!! ======================
  &amp#27;[32mAnd &amp#27;[0m&amp#27;[32mThe user clicks on Get started link for Queue&amp#27;[0m                                          &amp#27;[90m# StepDefinitions.QueueStepDefinitions.the_user_clicks_on_get_started_link_for_queue()&amp#27;[0m
  &amp#27;[32mGiven &amp#27;[0m&amp#27;[32mThe user on Implementation using collection.deque in python page&amp#27;[0m                                    &amp#27;[90m# StepDefinitions.QueueStepDefinitions.the_user_on_implementation_using_collection_deque_in_python_page()&amp#27;[0m
  &amp#27;[32mGiven &amp#27;[0m&amp#27;[32mThe user on Implementation using collection.deque in python page&amp#27;[0m                     &amp#27;[90m# StepDefinitions.QueueStepDefinitions.the_user_on_implementation_using_collection_deque_in_python_page()&amp#27;[0m
  &amp#27;[32mAnd &amp#27;[0m&amp#27;[32mUser clicks Try here link&amp#27;[0m                                                                             &amp#27;[90m# StepDefinitions.DSIntroductionDetails.user_clicks_try_here_link()&amp#27;[0m
  &amp#27;[31mWhen &amp#27;[0m&amp#27;[31mThe user write the invalid code in Editor&amp#27;[0m                                                            &amp#27;[90m# StepDefinitions.DSIntroductionDetails.the_user_write_the_invalid_code_in_editor()&amp#27;[0m
      &amp#27;[31morg.openqa.selenium.ElementNotInteractableException: element not interactable
  (Session info: chrome=131.0.6778.109)
Build info: version: '4.26.0', revision: '8ccf0219d7'
System info: os.name: 'Windows 11', os.arch: 'amd64', os.version: '10.0', java.version: '21.0.5'
Driver info: org.openqa.selenium.chrome.ChromeDriver
Command: [e9f4a540f217bbc6cfdddbd1b765c80d, sendKeysToElement {value=[Ljava.lang.CharSequence;@11eee939, id=f.4D8A6EEABBA0BD4F488D61453AF09BC1.d.8D2326DF8D4F852DE1BC3121880ABC30.e.52}]
Capabilities {acceptInsecureCerts: false, browserName: chrome, browserVersion: 131.0.6778.109, chrome: {chromedriverVersion: 131.0.6778.87 (ce31cae94873..., userDataDir: C:\Users\vamsh\AppData\Loca...}, fedcm:accounts: true, goog:chromeOptions: {debuggerAddress: localhost:60160}, networkConnectionEnabled: false, pageLoadStrategy: normal, platformName: windows, proxy: Proxy(), se:cdp: ws://localhost:60160/devtoo..., se:cdpVersion: 131.0.6778.109, setWindowRect: true, strictFileInteractability: false, timeouts: {implicit: 0, pageLoad: 300000, script: 30000}, unhandledPromptBehavior: dismiss and notify, webauthn:extension:credBlob: true, webauthn:extension:largeBlob: true, webauthn:extension:minPinLength: true, webauthn:extension:prf: true, webauthn:virtualAuthenticators: true}
Element: [[ChromeDriver: chrome on windows (e9f4a540f217bbc6cfdddbd1b765c80d)] -> css selector: .CodeMirror textarea]
Session ID: e9f4a540f217bbc6cfdddbd1b765c80d
	at java.base/jdk.internal.reflect.DirectConstructorHandleAccessor.newInstance(DirectConstructorHandleAccessor.java:62)
	at java.base/java.lang.reflect.Constructor.newInstanceWithCaller(Constructor.java:502)
	at java.base/java.lang.reflect.Constructor.newInstance(Constructor.java:486)
	at org.openqa.selenium.remote.ErrorCodec.decode(ErrorCodec.java:167)
	at org.openqa.selenium.remote.codec.w3c.W3CHttpResponseCodec.decode(W3CHttpResponseCodec.java:138)
	at org.openqa.selenium.remote.codec.w3c.W3CHttpResponseCodec.decode(W3CHttpResponseCodec.java:50)
	at org.openqa.selenium.remote.HttpCommandExecutor.execute(HttpCommandExecutor.java:190)
	at org.openqa.selenium.remote.service.DriverCommandExecutor.invokeExecute(DriverCommandExecutor.java:216)
	at org.openqa.selenium.remote.service.DriverCommandExecutor.execute(DriverCommandExecutor.java:174)
	at org.openqa.selenium.remote.RemoteWebDriver.execute(RemoteWebDriver.java:545)
	at org.openqa.selenium.remote.RemoteWebElement.execute(RemoteWebElement.java:223)
	at org.openqa.selenium.remote.RemoteWebElement.sendKeys(RemoteWebElement.java:110)
	at PageObjects.IntroductionPage.enterCodeInEditor(IntroductionPage.java:146)
	at StepDefinitions.DSIntroductionDetails.the_user_write_the_invalid_code_in_editor(DSIntroductionDetails.java:138)
	at ✽.The user write the invalid code in Editor(file:///C:/Projects/Repo1/src/test/resources/Features/QueueDetails.feature:54)
&amp#27;[0m
  &amp#27;[36mAnd &amp#27;[0m&amp#27;[36mClick the Run button&amp#27;[0m                                                                                  &amp#27;[90m# StepDefinitions.DSIntroductionDetails.click_the_run_button()&amp#27;[0m
  &amp#27;[36mThen &amp#27;[0m&amp#27;[36mThe user should able to see an error message in alert window&amp#27;[0m                                         &amp#27;[90m# StepDefinitions.DSIntroductionDetails.the_user_should_able_to_see_an_error_message_in_alert_window()&amp#27;[0m
[ERROR] 2024-12-09 21:59:38.308 [TestNG-PoolService-1] Hooks - ======================  TEST CASE FAILED !! ======================

    Embedding screenshot [image/png 7853 bytes]

[INFO ] 2024-12-09 21:59:38.478 [TestNG-PoolService-1] Hooks - ======================  Screenshot is captured  ======================
[INFO ] 2024-12-09 21:59:38.481 [TestNG-PoolService-1] Hooks - ======================  Test Execution is completed!! ======================
  &amp#27;[32mWhen &amp#27;[0m&amp#27;[32mUser clicks Try here link&amp#27;[0m                                                             &amp#27;[90m# StepDefinitions.DSIntroductionDetails.user_clicks_try_here_link()&amp#27;[0m
  &amp#27;[32mThen &amp#27;[0m&amp#27;[32mUser should navigate to tryEditor page&amp#27;[0m                                                &amp#27;[90m# StepDefinitions.DSIntroductionDetails.user_should_navigate_to_try_editor_page()&amp#27;[0m
[INFO ] 2024-12-09 21:59:38.627 [TestNG-PoolService-2] Hooks - ======================  Test Execution is completed!! ======================
]]></system-out>
    <system-err><![CDATA[Dec 09, 2024 9:59:37 PM org.openqa.selenium.devtools.CdpVersionFinder findNearestMatch
WARNING: Unable to find an exact match for CDP version 131, returning the closest version; found: 130; Please update to a Selenium version that supports CDP version 131
]]></system-err>
  </testcase>
  <testcase name="runScenario[&quot;Validate user can open try editor page from Implementation using collections.deque&quot;, &quot;Queue Details page&quot;](97)" classname="TestRunners.TestRunner" time="0.235">
    <system-out><![CDATA[
Scenario: Valid code on try editor for Implementation using collections.deque runs successfully &amp#27;[90m# src/test/resources/Features/QueueDetails.feature:64&amp#27;[0m
]]></system-out>
  </testcase>
  <testcase name="runScenario[&quot;No error message displayed for empty code on try editor for Implementation using collections.deque&quot;, &quot;Queue Details page&quot;](98)" classname="TestRunners.TestRunner" time="3.766">
    <system-out><![CDATA[
Scenario: Validate user can navigate to Implementation using collections.deque &amp#27;[90m# src/test/resources/Features/QueueDetails.feature:71&amp#27;[0m
[INFO ] 2024-12-09 21:59:40.278 [TestNG-PoolService-1] Hooks - ======================  New Test Execution is STARTED!! ======================
[INFO ] 2024-12-09 21:59:40.479 [TestNG-PoolService-2] Hooks - ======================  New Test Execution is STARTED!! ======================
  &amp#27;[32mGiven &amp#27;[0m&amp#27;[32mThe user is on the DS Introduction page as signedIn&amp#27;[0m                                                  &amp#27;[90m# StepDefinitions.DSIntroductionDetails.the_user_is_on_the_ds_introduction_page_as_signed_in()&amp#27;[0m
  &amp#27;[32mAnd &amp#27;[0m&amp#27;[32mThe user clicks on Get started link for Queue&amp#27;[0m                                                          &amp#27;[90m# StepDefinitions.QueueStepDefinitions.the_user_clicks_on_get_started_link_for_queue()&amp#27;[0m
  &amp#27;[32mGiven &amp#27;[0m&amp#27;[32mThe user on Implementation using collection.deque in python page&amp#27;[0m                                     &amp#27;[90m# StepDefinitions.QueueStepDefinitions.the_user_on_implementation_using_collection_deque_in_python_page()&amp#27;[0m
  &amp#27;[32mGiven &amp#27;[0m&amp#27;[32mThe user is on the DS Introduction page as signedIn&amp#27;[0m                                     &amp#27;[90m# StepDefinitions.DSIntroductionDetails.the_user_is_on_the_ds_introduction_page_as_signed_in()&amp#27;[0m
  &amp#27;[32mAnd &amp#27;[0m&amp#27;[32mUser clicks Try here link&amp#27;[0m                                                                              &amp#27;[90m# StepDefinitions.DSIntroductionDetails.user_clicks_try_here_link()&amp#27;[0m
  &amp#27;[32mWhen &amp#27;[0m&amp#27;[32mClick the Run button&amp#27;[0m                                                                                  &amp#27;[90m# StepDefinitions.DSIntroductionDetails.click_the_run_button()&amp#27;[0m
  &amp#27;[32mAnd &amp#27;[0m&amp#27;[32mThe user clicks on Get started link for Queue&amp#27;[0m                                             &amp#27;[90m# StepDefinitions.QueueStepDefinitions.the_user_clicks_on_get_started_link_for_queue()&amp#27;[0m
  &amp#27;[32mThen &amp#27;[0m&amp#27;[32mThe user should not see any error message or alert&amp#27;[0m                                                    &amp#27;[90m# StepDefinitions.DSIntroductionDetails.the_user_should_not_see_any_error_message_or_alert()&amp#27;[0m
[INFO ] 2024-12-09 21:59:42.516 [TestNG-PoolService-3] Hooks - ======================  Test Execution is completed!! ======================
]]></system-out>
    <system-err><![CDATA[Dec 09, 2024 9:59:40 PM org.openqa.selenium.devtools.CdpVersionFinder findNearestMatch
WARNING: Unable to find an exact match for CDP version 131, returning the closest version; found: 130; Please update to a Selenium version that supports CDP version 131
Dec 09, 2024 9:59:40 PM org.openqa.selenium.devtools.CdpVersionFinder findNearestMatch
WARNING: Unable to find an exact match for CDP version 131, returning the closest version; found: 130; Please update to a Selenium version that supports CDP version 131
]]></system-err>
  </testcase>
  <testcase name="runScenario[&quot;No error message displayed for empty code on try editor for Implementation using collections.deque&quot;, &quot;Queue Details page&quot;](98)" classname="TestRunners.TestRunner" time="0.429">
    <system-out><![CDATA[
Scenario: Validate user can navigate to Implementation using collections.deque &amp#27;[90m# src/test/resources/Features/QueueDetails.feature:71&amp#27;[0m
]]></system-out>
  </testcase>
  <testcase name="runScenario[&quot;Validate user can navigate to Implementation using collections.deque&quot;, &quot;Queue Details page&quot;](99)" classname="TestRunners.TestRunner" time="1.386">
    <system-out><![CDATA[
Scenario: Validate user can open try editor page from Implementation using collections.deque &amp#27;[90m# src/test/resources/Features/QueueDetails.feature:76&amp#27;[0m
  &amp#27;[32mGiven &amp#27;[0m&amp#27;[32mThe user on Implementation using collection.deque in python page&amp#27;[0m                        &amp#27;[90m# StepDefinitions.QueueStepDefinitions.the_user_on_implementation_using_collection_deque_in_python_page()&amp#27;[0m
  &amp#27;[32mGiven &amp#27;[0m&amp#27;[32mThe user is on the DS Introduction page as signedIn&amp#27;[0m                    &amp#27;[90m# StepDefinitions.DSIntroductionDetails.the_user_is_on_the_ds_introduction_page_as_signed_in()&amp#27;[0m
  &amp#27;[32mAnd &amp#27;[0m&amp#27;[32mThe user clicks on Get started link for Queue&amp#27;[0m                            &amp#27;[90m# StepDefinitions.QueueStepDefinitions.the_user_clicks_on_get_started_link_for_queue()&amp#27;[0m
  &amp#27;[32mGiven &amp#27;[0m&amp#27;[32mThe user is on Queue Details page&amp#27;[0m                                      &amp#27;[90m# StepDefinitions.QueueStepDefinitions.the_user_is_on_queue_details_page()&amp#27;[0m
  &amp#27;[32mAnd &amp#27;[0m&amp#27;[32mUser clicks Try here link&amp#27;[0m                                                                 &amp#27;[90m# StepDefinitions.DSIntroductionDetails.user_clicks_try_here_link()&amp#27;[0m
  &amp#27;[32mWhen &amp#27;[0m&amp#27;[32mThe user click on Queue Operations&amp#27;[0m                                      &amp#27;[90m# StepDefinitions.QueueStepDefinitions.the_user_click_on_queue_operations()&amp#27;[0m
  &amp#27;[32mWhen &amp#27;[0m&amp#27;[32mThe user write the valid code in Editor&amp#27;[0m                                                  &amp#27;[90m# StepDefinitions.DSIntroductionDetails.the_user_write_the_valid_code_in_editor()&amp#27;[0m
  &amp#27;[32mThen &amp#27;[0m&amp#27;[32mthe user is navigated to Queue Operations Page&amp#27;[0m                          &amp#27;[90m# StepDefinitions.QueueStepDefinitions.the_user_is_navigated_to_queue_operations_page()&amp#27;[0m
[INFO ] 2024-12-09 21:59:43.874 [TestNG-PoolService-2] Hooks - ======================  Test Execution is completed!! ======================
  &amp#27;[32mAnd &amp#27;[0m&amp#27;[32mClick the Run button&amp#27;[0m                                                                      &amp#27;[90m# StepDefinitions.DSIntroductionDetails.click_the_run_button()&amp#27;[0m
]]></system-out>
    <system-err><![CDATA[Dec 09, 2024 9:59:44 PM org.openqa.selenium.devtools.CdpVersionFinder findNearestMatch
WARNING: Unable to find an exact match for CDP version 131, returning the closest version; found: 130; Please update to a Selenium version that supports CDP version 131
]]></system-err>
  </testcase>
  <testcase name="runScenario[&quot;Valid code on try editor for Implementation using collections.deque runs successfully&quot;, &quot;Queue Details page&quot;](100)" classname="TestRunners.TestRunner" time="0.304">
    <system-out><![CDATA[
Scenario: Error message displayed for invalid code on try editor for Implementation using collections.deque &amp#27;[90m# src/test/resources/Features/QueueDetails.feature:81&amp#27;[0m
[INFO ] 2024-12-09 21:59:44.095 [TestNG-PoolService-3] Hooks - ======================  New Test Execution is STARTED!! ======================
  &amp#27;[32mThen &amp#27;[0m&amp#27;[32mThe user should able to see output in the console&amp#27;[0m                                        &amp#27;[90m# StepDefinitions.DSIntroductionDetails.the_user_should_able_to_see_output_in_the_console()&amp#27;[0m
[INFO ] 2024-12-09 21:59:44.105 [TestNG-PoolService-1] Hooks - ======================  Test Execution is completed!! ======================
]]></system-out>
  </testcase>
  <testcase name="runScenario[&quot;Validate user can open try editor page from Implementation using collections.deque&quot;, &quot;Queue Details page&quot;](101)" classname="TestRunners.TestRunner" time="3.965">
    <system-out><![CDATA[
Scenario: No error message displayed for empty code on try editor for Implementation using collections.deque &amp#27;[90m# src/test/resources/Features/QueueDetails.feature:88&amp#27;[0m
[INFO ] 2024-12-09 21:59:45.577 [TestNG-PoolService-2] Hooks - ======================  New Test Execution is STARTED!! ======================
[INFO ] 2024-12-09 21:59:45.833 [TestNG-PoolService-1] Hooks - ======================  New Test Execution is STARTED!! ======================
  &amp#27;[32mGiven &amp#27;[0m&amp#27;[32mThe user is on the DS Introduction page as signedIn&amp#27;[0m                                  &amp#27;[90m# StepDefinitions.DSIntroductionDetails.the_user_is_on_the_ds_introduction_page_as_signed_in()&amp#27;[0m
  &amp#27;[32mAnd &amp#27;[0m&amp#27;[32mThe user clicks on Get started link for Queue&amp#27;[0m                                          &amp#27;[90m# StepDefinitions.QueueStepDefinitions.the_user_clicks_on_get_started_link_for_queue()&amp#27;[0m
  &amp#27;[32mGiven &amp#27;[0m&amp#27;[32mThe user is on Queue Operations page&amp#27;[0m                                                 &amp#27;[90m# StepDefinitions.QueueStepDefinitions.the_user_is_on_queue_operations_page()&amp#27;[0m
  &amp#27;[32mWhen &amp#27;[0m&amp#27;[32mUser clicks Try here link&amp#27;[0m                                                             &amp#27;[90m# StepDefinitions.DSIntroductionDetails.user_clicks_try_here_link()&amp#27;[0m
  &amp#27;[32mThen &amp#27;[0m&amp#27;[32mUser should navigate to tryEditor page&amp#27;[0m                                                &amp#27;[90m# StepDefinitions.DSIntroductionDetails.user_should_navigate_to_try_editor_page()&amp#27;[0m
[INFO ] 2024-12-09 21:59:47.933 [TestNG-PoolService-3] Hooks - ======================  Test Execution is completed!! ======================
]]></system-out>
    <system-err><![CDATA[Dec 09, 2024 9:59:45 PM org.openqa.selenium.devtools.CdpVersionFinder findNearestMatch
WARNING: Unable to find an exact match for CDP version 131, returning the closest version; found: 130; Please update to a Selenium version that supports CDP version 131
Dec 09, 2024 9:59:45 PM org.openqa.selenium.devtools.CdpVersionFinder findNearestMatch
WARNING: Unable to find an exact match for CDP version 131, returning the closest version; found: 130; Please update to a Selenium version that supports CDP version 131
]]></system-err>
  </testcase>
  <testcase name="runScenario[&quot;Validate user can open try editor page from Implementation using collections.deque&quot;, &quot;Queue Details page&quot;](101)" classname="TestRunners.TestRunner" time="0.895">
    <system-out><![CDATA[
Scenario: No error message displayed for empty code on try editor for Implementation using collections.deque &amp#27;[90m# src/test/resources/Features/QueueDetails.feature:88&amp#27;[0m
  &amp#27;[32mAnd &amp#27;[0m&amp#27;[32mClick the Run button&amp#27;[0m                                                                                  &amp#27;[90m# StepDefinitions.DSIntroductionDetails.click_the_run_button()&amp#27;[0m
  &amp#27;[32mThen &amp#27;[0m&amp#27;[32mThe user should able to see an error message in alert window&amp#27;[0m                                         &amp#27;[90m# StepDefinitions.DSIntroductionDetails.the_user_should_able_to_see_an_error_message_in_alert_window()&amp#27;[0m
[INFO ] 2024-12-09 22:11:03.870 [TestNG-PoolService-2] Hooks - ======================  Test Execution is completed!! ======================
]]></system-out>
  </testcase>
  <testcase name="runScenario[&quot;Validate user can open try editor page from Implementation using collections.deque&quot;, &quot;Queue Details page&quot;](101)" classname="TestRunners.TestRunner" time="0.824">
    <system-out><![CDATA[
Scenario: No error message displayed for empty code on try editor for Implementation using collections.deque &amp#27;[90m# src/test/resources/Features/QueueDetails.feature:88&amp#27;[0m
  &amp#27;[32mGiven &amp#27;[0m&amp#27;[32mThe user is on the DS Introduction page as signedIn&amp#27;[0m                                                 &amp#27;[90m# StepDefinitions.DSIntroductionDetails.the_user_is_on_the_ds_introduction_page_as_signed_in()&amp#27;[0m
  &amp#27;[32mAnd &amp#27;[0m&amp#27;[32mThe user clicks on Get started link for Queue&amp#27;[0m                                                         &amp#27;[90m# StepDefinitions.QueueStepDefinitions.the_user_clicks_on_get_started_link_for_queue()&amp#27;[0m
]]></system-out>
  </testcase>
  <testcase name="runScenario[&quot;Error message displayed for invalid code on try editor for Implementation using collections.deque&quot;, &quot;Queue Details page&quot;](102)" classname="TestRunners.TestRunner" time="4.757">
    <failure message="element not interactable&#10;  (Session info: chrome=131.0.6778.109)&#10;Build info: version: &apos;4.26.0&apos;, revision: &apos;8ccf0219d7&apos;&#10;System info: os.name: &apos;Windows 11&apos;, os.arch: &apos;amd64&apos;, os.version: &apos;10.0&apos;, java.version: &apos;21.0.5&apos;&#10;Driver info: org.openqa.selenium.chrome.ChromeDriver&#10;Command: [a4368e0e0f3d70ae4612ab76c8a49da2, sendKeysToElement {value=[Ljava.lang.CharSequence;@650710a2, id=f.C35BBC5905F8DDEB64DA9889B89D598F.d.CAE4D94DA035E21A5251E42901610CC4.e.52}]&#10;Capabilities {acceptInsecureCerts: false, browserName: chrome, browserVersion: 131.0.6778.109, chrome: {chromedriverVersion: 131.0.6778.87 (ce31cae94873..., userDataDir: C:\Users\vamsh\AppData\Loca...}, fedcm:accounts: true, goog:chromeOptions: {debuggerAddress: localhost:60322}, networkConnectionEnabled: false, pageLoadStrategy: normal, platformName: windows, proxy: Proxy(), se:cdp: ws://localhost:60322/devtoo..., se:cdpVersion: 131.0.6778.109, setWindowRect: true, strictFileInteractability: false, timeouts: {implicit: 0, pageLoad: 300000, script: 30000}, unhandledPromptBehavior: dismiss and notify, webauthn:extension:credBlob: true, webauthn:extension:largeBlob: true, webauthn:extension:minPinLength: true, webauthn:extension:prf: true, webauthn:virtualAuthenticators: true}&#10;Element: [[ChromeDriver: chrome on windows (a4368e0e0f3d70ae4612ab76c8a49da2)] -&gt; css selector: .CodeMirror textarea]&#10;Session ID: a4368e0e0f3d70ae4612ab76c8a49da2" type="org.openqa.selenium.ElementNotInteractableException"><![CDATA[org.openqa.selenium.ElementNotInteractableException: 
element not interactable
  (Session info: chrome=131.0.6778.109)
Build info: version: '4.26.0', revision: '8ccf0219d7'
System info: os.name: 'Windows 11', os.arch: 'amd64', os.version: '10.0', java.version: '21.0.5'
Driver info: org.openqa.selenium.chrome.ChromeDriver
Command: [a4368e0e0f3d70ae4612ab76c8a49da2, sendKeysToElement {value=[Ljava.lang.CharSequence;@650710a2, id=f.C35BBC5905F8DDEB64DA9889B89D598F.d.CAE4D94DA035E21A5251E42901610CC4.e.52}]
Capabilities {acceptInsecureCerts: false, browserName: chrome, browserVersion: 131.0.6778.109, chrome: {chromedriverVersion: 131.0.6778.87 (ce31cae94873..., userDataDir: C:\Users\vamsh\AppData\Loca...}, fedcm:accounts: true, goog:chromeOptions: {debuggerAddress: localhost:60322}, networkConnectionEnabled: false, pageLoadStrategy: normal, platformName: windows, proxy: Proxy(), se:cdp: ws://localhost:60322/devtoo..., se:cdpVersion: 131.0.6778.109, setWindowRect: true, strictFileInteractability: false, timeouts: {implicit: 0, pageLoad: 300000, script: 30000}, unhandledPromptBehavior: dismiss and notify, webauthn:extension:credBlob: true, webauthn:extension:largeBlob: true, webauthn:extension:minPinLength: true, webauthn:extension:prf: true, webauthn:virtualAuthenticators: true}
Element: [[ChromeDriver: chrome on windows (a4368e0e0f3d70ae4612ab76c8a49da2)] -> css selector: .CodeMirror textarea]
Session ID: a4368e0e0f3d70ae4612ab76c8a49da2
]]></failure>
    <system-out><![CDATA[
Scenario: Valid code on try editor for Implementation using collections.deque runs successfully &amp#27;[90m# src/test/resources/Features/QueueDetails.feature:94&amp#27;[0m
  &amp#27;[32mGiven &amp#27;[0m&amp#27;[32mThe user is on the DS Introduction page as signedIn&amp#27;[0m                                                 &amp#27;[90m# StepDefinitions.DSIntroductionDetails.the_user_is_on_the_ds_introduction_page_as_signed_in()&amp#27;[0m
  &amp#27;[32mAnd &amp#27;[0m&amp#27;[32mThe user clicks on Get started link for Queue&amp#27;[0m                                                         &amp#27;[90m# StepDefinitions.QueueStepDefinitions.the_user_clicks_on_get_started_link_for_queue()&amp#27;[0m
  &amp#27;[32mGiven &amp#27;[0m&amp#27;[32mThe user is on the DS Introduction page as signedIn&amp#27;[0m                                                  &amp#27;[90m# StepDefinitions.DSIntroductionDetails.the_user_is_on_the_ds_introduction_page_as_signed_in()&amp#27;[0m
  &amp#27;[32mGiven &amp#27;[0m&amp#27;[32mThe user is on Queue Operations page&amp#27;[0m                                                                &amp#27;[90m# StepDefinitions.QueueStepDefinitions.the_user_is_on_queue_operations_page()&amp#27;[0m
  &amp#27;[32mAnd &amp#27;[0m&amp#27;[32mThe user clicks on Get started link for Queue&amp#27;[0m                                                          &amp#27;[90m# StepDefinitions.QueueStepDefinitions.the_user_clicks_on_get_started_link_for_queue()&amp#27;[0m
  &amp#27;[32mGiven &amp#27;[0m&amp#27;[32mThe user is on Queue Operations page&amp#27;[0m                                                                 &amp#27;[90m# StepDefinitions.QueueStepDefinitions.the_user_is_on_queue_operations_page()&amp#27;[0m
  &amp#27;[32mAnd &amp#27;[0m&amp#27;[32mUser clicks Try here link&amp#27;[0m                                                                             &amp#27;[90m# StepDefinitions.DSIntroductionDetails.user_clicks_try_here_link()&amp#27;[0m
  &amp#27;[31mWhen &amp#27;[0m&amp#27;[31mThe user write the invalid code in Editor&amp#27;[0m                                                            &amp#27;[90m# StepDefinitions.DSIntroductionDetails.the_user_write_the_invalid_code_in_editor()&amp#27;[0m
      &amp#27;[31morg.openqa.selenium.ElementNotInteractableException: element not interactable
  (Session info: chrome=131.0.6778.109)
Build info: version: '4.26.0', revision: '8ccf0219d7'
System info: os.name: 'Windows 11', os.arch: 'amd64', os.version: '10.0', java.version: '21.0.5'
Driver info: org.openqa.selenium.chrome.ChromeDriver
Command: [a4368e0e0f3d70ae4612ab76c8a49da2, sendKeysToElement {value=[Ljava.lang.CharSequence;@650710a2, id=f.C35BBC5905F8DDEB64DA9889B89D598F.d.CAE4D94DA035E21A5251E42901610CC4.e.52}]
Capabilities {acceptInsecureCerts: false, browserName: chrome, browserVersion: 131.0.6778.109, chrome: {chromedriverVersion: 131.0.6778.87 (ce31cae94873..., userDataDir: C:\Users\vamsh\AppData\Loca...}, fedcm:accounts: true, goog:chromeOptions: {debuggerAddress: localhost:60322}, networkConnectionEnabled: false, pageLoadStrategy: normal, platformName: windows, proxy: Proxy(), se:cdp: ws://localhost:60322/devtoo..., se:cdpVersion: 131.0.6778.109, setWindowRect: true, strictFileInteractability: false, timeouts: {implicit: 0, pageLoad: 300000, script: 30000}, unhandledPromptBehavior: dismiss and notify, webauthn:extension:credBlob: true, webauthn:extension:largeBlob: true, webauthn:extension:minPinLength: true, webauthn:extension:prf: true, webauthn:virtualAuthenticators: true}
Element: [[ChromeDriver: chrome on windows (a4368e0e0f3d70ae4612ab76c8a49da2)] -> css selector: .CodeMirror textarea]
Session ID: a4368e0e0f3d70ae4612ab76c8a49da2
	at java.base/jdk.internal.reflect.DirectConstructorHandleAccessor.newInstance(DirectConstructorHandleAccessor.java:62)
	at java.base/java.lang.reflect.Constructor.newInstanceWithCaller(Constructor.java:502)
	at java.base/java.lang.reflect.Constructor.newInstance(Constructor.java:486)
	at org.openqa.selenium.remote.ErrorCodec.decode(ErrorCodec.java:167)
	at org.openqa.selenium.remote.codec.w3c.W3CHttpResponseCodec.decode(W3CHttpResponseCodec.java:138)
	at org.openqa.selenium.remote.codec.w3c.W3CHttpResponseCodec.decode(W3CHttpResponseCodec.java:50)
	at org.openqa.selenium.remote.HttpCommandExecutor.execute(HttpCommandExecutor.java:190)
	at org.openqa.selenium.remote.service.DriverCommandExecutor.invokeExecute(DriverCommandExecutor.java:216)
	at org.openqa.selenium.remote.service.DriverCommandExecutor.execute(DriverCommandExecutor.java:174)
	at org.openqa.selenium.remote.RemoteWebDriver.execute(RemoteWebDriver.java:545)
	at org.openqa.selenium.remote.RemoteWebElement.execute(RemoteWebElement.java:223)
	at org.openqa.selenium.remote.RemoteWebElement.sendKeys(RemoteWebElement.java:110)
	at PageObjects.IntroductionPage.enterCodeInEditor(IntroductionPage.java:146)
	at StepDefinitions.DSIntroductionDetails.the_user_write_the_invalid_code_in_editor(DSIntroductionDetails.java:138)
	at ✽.The user write the invalid code in Editor(file:///C:/Projects/Repo1/src/test/resources/Features/QueueDetails.feature:84)
&amp#27;[0m
  &amp#27;[36mAnd &amp#27;[0m&amp#27;[36mClick the Run button&amp#27;[0m                                                                                  &amp#27;[90m# StepDefinitions.DSIntroductionDetails.click_the_run_button()&amp#27;[0m
  &amp#27;[36mThen &amp#27;[0m&amp#27;[36mThe user should able to see an error message in alert window&amp#27;[0m                                         &amp#27;[90m# StepDefinitions.DSIntroductionDetails.the_user_should_able_to_see_an_error_message_in_alert_window()&amp#27;[0m
[ERROR] 2024-12-09 21:59:51.409 [TestNG-PoolService-2] Hooks - ======================  TEST CASE FAILED !! ======================

    Embedding screenshot [image/png 7853 bytes]

[INFO ] 2024-12-09 21:59:51.613 [TestNG-PoolService-2] Hooks - ======================  Screenshot is captured  ======================
[INFO ] 2024-12-09 21:59:51.806 [TestNG-PoolService-2] Hooks - ======================  Test Execution is completed!! ======================
  &amp#27;[32mAnd &amp#27;[0m&amp#27;[32mUser clicks Try here link&amp#27;[0m                                                                              &amp#27;[90m# StepDefinitions.DSIntroductionDetails.user_clicks_try_here_link()&amp#27;[0m
  &amp#27;[32mWhen &amp#27;[0m&amp#27;[32mClick the Run button&amp#27;[0m                                                                                  &amp#27;[90m# StepDefinitions.DSIntroductionDetails.click_the_run_button()&amp#27;[0m
  &amp#27;[32mThen &amp#27;[0m&amp#27;[32mThe user should not see any error message or alert&amp#27;[0m                                                    &amp#27;[90m# StepDefinitions.DSIntroductionDetails.the_user_should_not_see_any_error_message_or_alert()&amp#27;[0m
[INFO ] 2024-12-09 21:59:52.231 [TestNG-PoolService-1] Hooks - ======================  Test Execution is completed!! ======================
]]></system-out>
    <system-err><![CDATA[Dec 09, 2024 9:59:50 PM org.openqa.selenium.devtools.CdpVersionFinder findNearestMatch
WARNING: Unable to find an exact match for CDP version 131, returning the closest version; found: 130; Please update to a Selenium version that supports CDP version 131
]]></system-err>
  </testcase>
  <testcase name="runScenario[&quot;Error message displayed for invalid code on try editor for Implementation using collections.deque&quot;, &quot;Queue Details page&quot;](102)" classname="TestRunners.TestRunner" time="0.787">
    <system-out><![CDATA[
Scenario: Valid code on try editor for Implementation using collections.deque runs successfully &amp#27;[90m# src/test/resources/Features/QueueDetails.feature:94&amp#27;[0m
]]></system-out>
  </testcase>
  <testcase name="runScenario[&quot;Error message displayed for invalid code on try editor for Implementation using collections.deque&quot;, &quot;Queue Details page&quot;](102)" classname="TestRunners.TestRunner" time="2.686">
    <failure message="element not interactable&#10;  (Session info: MicrosoftEdge=131.0.2903.86)&#10;Build info: version: &apos;4.26.0&apos;, revision: &apos;8ccf0219d7&apos;&#10;System info: os.name: &apos;Windows 11&apos;, os.arch: &apos;amd64&apos;, os.version: &apos;10.0&apos;, java.version: &apos;21.0.5&apos;&#10;Driver info: org.openqa.selenium.edge.EdgeDriver&#10;Command: [37abc4ec947bb0c07f9764b3de00a247, sendKeysToElement {value=[Ljava.lang.CharSequence;@2f1b9320, id=f.2BAFE0A529ACF0868D06E7E53C75C9F1.d.6606F89C3366F9FAB388478A476FA568.e.40}]&#10;Capabilities {acceptInsecureCerts: false, browserName: MicrosoftEdge, browserVersion: 131.0.2903.86, fedcm:accounts: true, ms:edgeOptions: {debuggerAddress: localhost:62912}, msedge: {msedgedriverVersion: 131.0.2903.86 (cf5bf303997c..., userDataDir: C:\Users\vamsh\AppData\Loca...}, networkConnectionEnabled: false, pageLoadStrategy: normal, platformName: windows, proxy: Proxy(), se:cdp: ws://localhost:62912/devtoo..., se:cdpVersion: 131.0.2903.86, setWindowRect: true, strictFileInteractability: false, timeouts: {implicit: 0, pageLoad: 300000, script: 30000}, unhandledPromptBehavior: dismiss and notify, webauthn:extension:credBlob: true, webauthn:extension:largeBlob: true, webauthn:extension:minPinLength: true, webauthn:extension:prf: true, webauthn:virtualAuthenticators: true}&#10;Element: [[EdgeDriver: MicrosoftEdge on windows (37abc4ec947bb0c07f9764b3de00a247)] -&gt; css selector: .CodeMirror textarea]&#10;Session ID: 37abc4ec947bb0c07f9764b3de00a247" type="org.openqa.selenium.ElementNotInteractableException"><![CDATA[org.openqa.selenium.ElementNotInteractableException: 
element not interactable
  (Session info: MicrosoftEdge=131.0.2903.86)
Build info: version: '4.26.0', revision: '8ccf0219d7'
System info: os.name: 'Windows 11', os.arch: 'amd64', os.version: '10.0', java.version: '21.0.5'
Driver info: org.openqa.selenium.edge.EdgeDriver
Command: [37abc4ec947bb0c07f9764b3de00a247, sendKeysToElement {value=[Ljava.lang.CharSequence;@2f1b9320, id=f.2BAFE0A529ACF0868D06E7E53C75C9F1.d.6606F89C3366F9FAB388478A476FA568.e.40}]
Capabilities {acceptInsecureCerts: false, browserName: MicrosoftEdge, browserVersion: 131.0.2903.86, fedcm:accounts: true, ms:edgeOptions: {debuggerAddress: localhost:62912}, msedge: {msedgedriverVersion: 131.0.2903.86 (cf5bf303997c..., userDataDir: C:\Users\vamsh\AppData\Loca...}, networkConnectionEnabled: false, pageLoadStrategy: normal, platformName: windows, proxy: Proxy(), se:cdp: ws://localhost:62912/devtoo..., se:cdpVersion: 131.0.2903.86, setWindowRect: true, strictFileInteractability: false, timeouts: {implicit: 0, pageLoad: 300000, script: 30000}, unhandledPromptBehavior: dismiss and notify, webauthn:extension:credBlob: true, webauthn:extension:largeBlob: true, webauthn:extension:minPinLength: true, webauthn:extension:prf: true, webauthn:virtualAuthenticators: true}
Element: [[EdgeDriver: MicrosoftEdge on windows (37abc4ec947bb0c07f9764b3de00a247)] -> css selector: .CodeMirror textarea]
Session ID: 37abc4ec947bb0c07f9764b3de00a247
]]></failure>
    <system-out><![CDATA[
Scenario: Valid code on try editor for Implementation using collections.deque runs successfully &amp#27;[90m# src/test/resources/Features/QueueDetails.feature:94&amp#27;[0m
  &amp#27;[32mGiven &amp#27;[0m&amp#27;[32mThe user is on Queue Operations page&amp#27;[0m                                                                &amp#27;[90m# StepDefinitions.QueueStepDefinitions.the_user_is_on_queue_operations_page()&amp#27;[0m
[INFO ] 2024-12-09 22:24:09.143 [TestNG-PoolService-3] Hooks - ======================  New Test Execution is STARTED!! ======================
  &amp#27;[32mAnd &amp#27;[0m&amp#27;[32mUser clicks Try here link&amp#27;[0m                                                                             &amp#27;[90m# StepDefinitions.DSIntroductionDetails.user_clicks_try_here_link()&amp#27;[0m
  &amp#27;[31mWhen &amp#27;[0m&amp#27;[31mThe user write the invalid code in Editor&amp#27;[0m                                                            &amp#27;[90m# StepDefinitions.DSIntroductionDetails.the_user_write_the_invalid_code_in_editor()&amp#27;[0m
      &amp#27;[31morg.openqa.selenium.ElementNotInteractableException: element not interactable
  (Session info: MicrosoftEdge=131.0.2903.86)
Build info: version: '4.26.0', revision: '8ccf0219d7'
System info: os.name: 'Windows 11', os.arch: 'amd64', os.version: '10.0', java.version: '21.0.5'
Driver info: org.openqa.selenium.edge.EdgeDriver
Command: [37abc4ec947bb0c07f9764b3de00a247, sendKeysToElement {value=[Ljava.lang.CharSequence;@2f1b9320, id=f.2BAFE0A529ACF0868D06E7E53C75C9F1.d.6606F89C3366F9FAB388478A476FA568.e.40}]
Capabilities {acceptInsecureCerts: false, browserName: MicrosoftEdge, browserVersion: 131.0.2903.86, fedcm:accounts: true, ms:edgeOptions: {debuggerAddress: localhost:62912}, msedge: {msedgedriverVersion: 131.0.2903.86 (cf5bf303997c..., userDataDir: C:\Users\vamsh\AppData\Loca...}, networkConnectionEnabled: false, pageLoadStrategy: normal, platformName: windows, proxy: Proxy(), se:cdp: ws://localhost:62912/devtoo..., se:cdpVersion: 131.0.2903.86, setWindowRect: true, strictFileInteractability: false, timeouts: {implicit: 0, pageLoad: 300000, script: 30000}, unhandledPromptBehavior: dismiss and notify, webauthn:extension:credBlob: true, webauthn:extension:largeBlob: true, webauthn:extension:minPinLength: true, webauthn:extension:prf: true, webauthn:virtualAuthenticators: true}
Element: [[EdgeDriver: MicrosoftEdge on windows (37abc4ec947bb0c07f9764b3de00a247)] -> css selector: .CodeMirror textarea]
Session ID: 37abc4ec947bb0c07f9764b3de00a247
	at java.base/jdk.internal.reflect.DirectConstructorHandleAccessor.newInstance(DirectConstructorHandleAccessor.java:62)
	at java.base/java.lang.reflect.Constructor.newInstanceWithCaller(Constructor.java:502)
	at java.base/java.lang.reflect.Constructor.newInstance(Constructor.java:486)
	at org.openqa.selenium.remote.ErrorCodec.decode(ErrorCodec.java:167)
	at org.openqa.selenium.remote.codec.w3c.W3CHttpResponseCodec.decode(W3CHttpResponseCodec.java:138)
	at org.openqa.selenium.remote.codec.w3c.W3CHttpResponseCodec.decode(W3CHttpResponseCodec.java:50)
	at org.openqa.selenium.remote.HttpCommandExecutor.execute(HttpCommandExecutor.java:190)
	at org.openqa.selenium.remote.service.DriverCommandExecutor.invokeExecute(DriverCommandExecutor.java:216)
	at org.openqa.selenium.remote.service.DriverCommandExecutor.execute(DriverCommandExecutor.java:174)
	at org.openqa.selenium.remote.RemoteWebDriver.execute(RemoteWebDriver.java:545)
	at org.openqa.selenium.remote.RemoteWebElement.execute(RemoteWebElement.java:223)
	at org.openqa.selenium.remote.RemoteWebElement.sendKeys(RemoteWebElement.java:110)
	at PageObjects.IntroductionPage.enterCodeInEditor(IntroductionPage.java:146)
	at StepDefinitions.DSIntroductionDetails.the_user_write_the_invalid_code_in_editor(DSIntroductionDetails.java:138)
	at ✽.The user write the invalid code in Editor(file:///C:/Projects/Repo1/src/test/resources/Features/QueueDetails.feature:84)
&amp#27;[0m
  &amp#27;[36mAnd &amp#27;[0m&amp#27;[36mClick the Run button&amp#27;[0m                                                                                  &amp#27;[90m# StepDefinitions.DSIntroductionDetails.click_the_run_button()&amp#27;[0m
  &amp#27;[36mThen &amp#27;[0m&amp#27;[36mThe user should able to see an error message in alert window&amp#27;[0m                                         &amp#27;[90m# StepDefinitions.DSIntroductionDetails.the_user_should_able_to_see_an_error_message_in_alert_window()&amp#27;[0m
[ERROR] 2024-12-09 22:24:09.248 [TestNG-PoolService-1] Hooks - ======================  TEST CASE FAILED !! ======================

    Embedding screenshot [image/png 7890 bytes]

[INFO ] 2024-12-09 22:24:09.414 [TestNG-PoolService-1] Hooks - ======================  Screenshot is captured  ======================
[INFO ] 2024-12-09 22:24:09.416 [TestNG-PoolService-1] Hooks - ======================  Test Execution is completed!! ======================
]]></system-out>
    <system-err><![CDATA[Dec 09, 2024 10:24:09 PM org.openqa.selenium.devtools.CdpVersionFinder findNearestMatch
WARNING: Unable to find an exact match for CDP version 131, returning the closest version; found: 130; Please update to a Selenium version that supports CDP version 131
]]></system-err>
  </testcase>
  <testcase name="runScenario[&quot;No error message displayed for empty code on try editor for Implementation using collections.deque&quot;, &quot;Queue Details page&quot;](103)" classname="TestRunners.TestRunner" time="0.44">
    <system-out><![CDATA[
Scenario: Validate user can navigate to Implementation using collections.deque &amp#27;[90m# src/test/resources/Features/QueueDetails.feature:101&amp#27;[0m
]]></system-out>
  </testcase>
  <testcase name="runScenario[&quot;No error message displayed for empty code on try editor for Implementation using collections.deque&quot;, &quot;Queue Details page&quot;](103)" classname="TestRunners.TestRunner" time="6.292">
    <system-out><![CDATA[
Scenario: Validate user can navigate to Implementation using collections.deque &amp#27;[90m# src/test/resources/Features/QueueDetails.feature:101&amp#27;[0m
[INFO ] 2024-12-09 22:24:10.959 [TestNG-PoolService-2] Hooks - ======================  New Test Execution is STARTED!! ======================
  &amp#27;[32mGiven &amp#27;[0m&amp#27;[32mThe user is on the DS Introduction page as signedIn&amp#27;[0m                                                  &amp#27;[90m# StepDefinitions.DSIntroductionDetails.the_user_is_on_the_ds_introduction_page_as_signed_in()&amp#27;[0m
  &amp#27;[32mGiven &amp#27;[0m&amp#27;[32mThe user is on the DS Introduction page as signedIn&amp#27;[0m                                     &amp#27;[90m# StepDefinitions.DSIntroductionDetails.the_user_is_on_the_ds_introduction_page_as_signed_in()&amp#27;[0m
[INFO ] 2024-12-09 22:24:13.929 [TestNG-PoolService-1] Hooks - ======================  New Test Execution is STARTED!! ======================
  &amp#27;[32mAnd &amp#27;[0m&amp#27;[32mThe user clicks on Get started link for Queue&amp#27;[0m                                                          &amp#27;[90m# StepDefinitions.QueueStepDefinitions.the_user_clicks_on_get_started_link_for_queue()&amp#27;[0m
  &amp#27;[32mAnd &amp#27;[0m&amp#27;[32mThe user clicks on Get started link for Queue&amp#27;[0m                                             &amp#27;[90m# StepDefinitions.QueueStepDefinitions.the_user_clicks_on_get_started_link_for_queue()&amp#27;[0m
  &amp#27;[32mGiven &amp#27;[0m&amp#27;[32mThe user is on Queue Operations page&amp#27;[0m                                                                 &amp#27;[90m# StepDefinitions.QueueStepDefinitions.the_user_is_on_queue_operations_page()&amp#27;[0m
  &amp#27;[32mGiven &amp#27;[0m&amp#27;[32mThe user is on Queue Operations page&amp#27;[0m                                                    &amp#27;[90m# StepDefinitions.QueueStepDefinitions.the_user_is_on_queue_operations_page()&amp#27;[0m
  &amp#27;[32mAnd &amp#27;[0m&amp#27;[32mUser clicks Try here link&amp#27;[0m                                                                              &amp#27;[90m# StepDefinitions.DSIntroductionDetails.user_clicks_try_here_link()&amp#27;[0m
  &amp#27;[32mAnd &amp#27;[0m&amp#27;[32mUser clicks Try here link&amp#27;[0m                                                                 &amp#27;[90m# StepDefinitions.DSIntroductionDetails.user_clicks_try_here_link()&amp#27;[0m
  &amp#27;[31mWhen &amp#27;[0m&amp#27;[31mThe user write the invalid code in Editor&amp#27;[0m                                                &amp#27;[90m# StepDefinitions.DSIntroductionDetails.the_user_write_the_invalid_code_in_editor()&amp#27;[0m
      &amp#27;[31morg.openqa.selenium.ElementNotInteractableException: element not interactable
  (Session info: MicrosoftEdge=131.0.2903.86)
Build info: version: '4.26.0', revision: '8ccf0219d7'
System info: os.name: 'Windows 11', os.arch: 'amd64', os.version: '10.0', java.version: '21.0.5'
Driver info: org.openqa.selenium.edge.EdgeDriver
Command: [c3d54eac0018ab71f7b03b95aa675060, sendKeysToElement {value=[Ljava.lang.CharSequence;@59274d3c, id=f.2CC9FC50E2BA2E755BC2C51EF7CAF380.d.B59B0835828507C33BB5A86000B92C00.e.40}]
Capabilities {acceptInsecureCerts: false, browserName: MicrosoftEdge, browserVersion: 131.0.2903.86, fedcm:accounts: true, ms:edgeOptions: {debuggerAddress: localhost:63006}, msedge: {msedgedriverVersion: 131.0.2903.86 (cf5bf303997c..., userDataDir: C:\Users\vamsh\AppData\Loca...}, networkConnectionEnabled: false, pageLoadStrategy: normal, platformName: windows, proxy: Proxy(), se:cdp: ws://localhost:63006/devtoo..., se:cdpVersion: 131.0.2903.86, setWindowRect: true, strictFileInteractability: false, timeouts: {implicit: 0, pageLoad: 300000, script: 30000}, unhandledPromptBehavior: dismiss and notify, webauthn:extension:credBlob: true, webauthn:extension:largeBlob: true, webauthn:extension:minPinLength: true, webauthn:extension:prf: true, webauthn:virtualAuthenticators: true}
Element: [[EdgeDriver: MicrosoftEdge on windows (c3d54eac0018ab71f7b03b95aa675060)] -> css selector: .CodeMirror textarea]
Session ID: c3d54eac0018ab71f7b03b95aa675060
	at java.base/jdk.internal.reflect.DirectConstructorHandleAccessor.newInstance(DirectConstructorHandleAccessor.java:62)
	at java.base/java.lang.reflect.Constructor.newInstanceWithCaller(Constructor.java:502)
	at java.base/java.lang.reflect.Constructor.newInstance(Constructor.java:486)
	at org.openqa.selenium.remote.ErrorCodec.decode(ErrorCodec.java:167)
	at org.openqa.selenium.remote.codec.w3c.W3CHttpResponseCodec.decode(W3CHttpResponseCodec.java:138)
	at org.openqa.selenium.remote.codec.w3c.W3CHttpResponseCodec.decode(W3CHttpResponseCodec.java:50)
	at org.openqa.selenium.remote.HttpCommandExecutor.execute(HttpCommandExecutor.java:190)
	at org.openqa.selenium.remote.service.DriverCommandExecutor.invokeExecute(DriverCommandExecutor.java:216)
	at org.openqa.selenium.remote.service.DriverCommandExecutor.execute(DriverCommandExecutor.java:174)
	at org.openqa.selenium.remote.RemoteWebDriver.execute(RemoteWebDriver.java:545)
	at org.openqa.selenium.remote.RemoteWebElement.execute(RemoteWebElement.java:223)
	at org.openqa.selenium.remote.RemoteWebElement.sendKeys(RemoteWebElement.java:110)
	at PageObjects.IntroductionPage.enterCodeInEditor(IntroductionPage.java:146)
	at StepDefinitions.DSIntroductionDetails.the_user_write_the_invalid_code_in_editor(DSIntroductionDetails.java:138)
	at ✽.The user write the invalid code in Editor(file:///C:/Projects/Repo1/src/test/resources/Features/QueueDetails.feature:97)
&amp#27;[0m
  &amp#27;[36mAnd &amp#27;[0m&amp#27;[36mClick the Run button&amp#27;[0m                                                                      &amp#27;[90m# StepDefinitions.DSIntroductionDetails.click_the_run_button()&amp#27;[0m
  &amp#27;[36mThen &amp#27;[0m&amp#27;[36mThe user should able to see an error message in alert window&amp#27;[0m                             &amp#27;[90m# StepDefinitions.DSIntroductionDetails.the_user_should_able_to_see_an_error_message_in_alert_window()&amp#27;[0m
[ERROR] 2024-12-09 22:24:15.528 [TestNG-PoolService-2] Hooks - ======================  TEST CASE FAILED !! ======================
  &amp#27;[32mWhen &amp#27;[0m&amp#27;[32mClick the Run button&amp#27;[0m                                                                                  &amp#27;[90m# StepDefinitions.DSIntroductionDetails.click_the_run_button()&amp#27;[0m
  &amp#27;[32mThen &amp#27;[0m&amp#27;[32mThe user should not see any error message or alert&amp#27;[0m                                                    &amp#27;[90m# StepDefinitions.DSIntroductionDetails.the_user_should_not_see_any_error_message_or_alert()&amp#27;[0m
[INFO ] 2024-12-09 22:24:15.636 [TestNG-PoolService-3] Hooks - ======================  Test Execution is completed!! ======================

    Embedding screenshot [image/png 7890 bytes]

[INFO ] 2024-12-09 22:24:15.731 [TestNG-PoolService-2] Hooks - ======================  Screenshot is captured  ======================
[INFO ] 2024-12-09 22:24:15.737 [TestNG-PoolService-2] Hooks - ======================  Test Execution is completed!! ======================
  &amp#27;[32mGiven &amp#27;[0m&amp#27;[32mThe user is on the DS Introduction page as signedIn&amp#27;[0m                    &amp#27;[90m# StepDefinitions.DSIntroductionDetails.the_user_is_on_the_ds_introduction_page_as_signed_in()&amp#27;[0m
  &amp#27;[32mAnd &amp#27;[0m&amp#27;[32mThe user clicks on Get started link for Queue&amp#27;[0m                            &amp#27;[90m# StepDefinitions.QueueStepDefinitions.the_user_clicks_on_get_started_link_for_queue()&amp#27;[0m
  &amp#27;[32mGiven &amp#27;[0m&amp#27;[32mThe user is on Queue Details page&amp#27;[0m                                      &amp#27;[90m# StepDefinitions.QueueStepDefinitions.the_user_is_on_queue_details_page()&amp#27;[0m
]]></system-out>
    <system-err><![CDATA[Dec 09, 2024 10:24:10 PM org.openqa.selenium.devtools.CdpVersionFinder findNearestMatch
WARNING: Unable to find an exact match for CDP version 131, returning the closest version; found: 130; Please update to a Selenium version that supports CDP version 131
Dec 09, 2024 10:24:13 PM org.openqa.selenium.devtools.CdpVersionFinder findNearestMatch
WARNING: Unable to find an exact match for CDP version 131, returning the closest version; found: 130; Please update to a Selenium version that supports CDP version 131
]]></system-err>
  </testcase>
  <testcase name="runScenario[&quot;Valid code on try editor for Implementation using collections.deque runs successfully&quot;, &quot;Queue Details page&quot;](104)" classname="TestRunners.TestRunner" time="5.691">
    <failure message="element not interactable&#10;  (Session info: chrome=131.0.6778.109)&#10;Build info: version: &apos;4.26.0&apos;, revision: &apos;8ccf0219d7&apos;&#10;System info: os.name: &apos;Windows 11&apos;, os.arch: &apos;amd64&apos;, os.version: &apos;10.0&apos;, java.version: &apos;21.0.5&apos;&#10;Driver info: org.openqa.selenium.chrome.ChromeDriver&#10;Command: [004f68fe1a239803d0588864e1f9cc31, sendKeysToElement {value=[Ljava.lang.CharSequence;@5b002a86, id=f.2A704F6E4BFA430F07CAE3BC4D3D6766.d.54A54A033C9120FA2B5449578DAD625B.e.51}]&#10;Capabilities {acceptInsecureCerts: false, browserName: chrome, browserVersion: 131.0.6778.109, chrome: {chromedriverVersion: 131.0.6778.87 (ce31cae94873..., userDataDir: C:\Users\vamsh\AppData\Loca...}, fedcm:accounts: true, goog:chromeOptions: {debuggerAddress: localhost:60377}, networkConnectionEnabled: false, pageLoadStrategy: normal, platformName: windows, proxy: Proxy(), se:cdp: ws://localhost:60377/devtoo..., se:cdpVersion: 131.0.6778.109, setWindowRect: true, strictFileInteractability: false, timeouts: {implicit: 0, pageLoad: 300000, script: 30000}, unhandledPromptBehavior: dismiss and notify, webauthn:extension:credBlob: true, webauthn:extension:largeBlob: true, webauthn:extension:minPinLength: true, webauthn:extension:prf: true, webauthn:virtualAuthenticators: true}&#10;Element: [[ChromeDriver: chrome on windows (004f68fe1a239803d0588864e1f9cc31)] -&gt; css selector: .CodeMirror textarea]&#10;Session ID: 004f68fe1a239803d0588864e1f9cc31" type="org.openqa.selenium.ElementNotInteractableException"><![CDATA[org.openqa.selenium.ElementNotInteractableException: 
element not interactable
  (Session info: chrome=131.0.6778.109)
Build info: version: '4.26.0', revision: '8ccf0219d7'
System info: os.name: 'Windows 11', os.arch: 'amd64', os.version: '10.0', java.version: '21.0.5'
Driver info: org.openqa.selenium.chrome.ChromeDriver
Command: [004f68fe1a239803d0588864e1f9cc31, sendKeysToElement {value=[Ljava.lang.CharSequence;@5b002a86, id=f.2A704F6E4BFA430F07CAE3BC4D3D6766.d.54A54A033C9120FA2B5449578DAD625B.e.51}]
Capabilities {acceptInsecureCerts: false, browserName: chrome, browserVersion: 131.0.6778.109, chrome: {chromedriverVersion: 131.0.6778.87 (ce31cae94873..., userDataDir: C:\Users\vamsh\AppData\Loca...}, fedcm:accounts: true, goog:chromeOptions: {debuggerAddress: localhost:60377}, networkConnectionEnabled: false, pageLoadStrategy: normal, platformName: windows, proxy: Proxy(), se:cdp: ws://localhost:60377/devtoo..., se:cdpVersion: 131.0.6778.109, setWindowRect: true, strictFileInteractability: false, timeouts: {implicit: 0, pageLoad: 300000, script: 30000}, unhandledPromptBehavior: dismiss and notify, webauthn:extension:credBlob: true, webauthn:extension:largeBlob: true, webauthn:extension:minPinLength: true, webauthn:extension:prf: true, webauthn:virtualAuthenticators: true}
Element: [[ChromeDriver: chrome on windows (004f68fe1a239803d0588864e1f9cc31)] -> css selector: .CodeMirror textarea]
Session ID: 004f68fe1a239803d0588864e1f9cc31
]]></failure>
    <system-out><![CDATA[
Scenario: Validate user can open try editor page from Implementation using collections.deque &amp#27;[90m# src/test/resources/Features/QueueDetails.feature:106&amp#27;[0m
[INFO ] 2024-12-09 21:59:55.684 [TestNG-PoolService-3] Hooks - ======================  New Test Execution is STARTED!! ======================
[INFO ] 2024-12-09 21:59:55.733 [TestNG-PoolService-1] Hooks - ======================  New Test Execution is STARTED!! ======================
[INFO ] 2024-12-09 21:59:55.803 [TestNG-PoolService-2] Hooks - ======================  New Test Execution is STARTED!! ======================
  &amp#27;[32mGiven &amp#27;[0m&amp#27;[32mThe user is on the DS Introduction page as signedIn&amp#27;[0m                                     &amp#27;[90m# StepDefinitions.DSIntroductionDetails.the_user_is_on_the_ds_introduction_page_as_signed_in()&amp#27;[0m
  &amp#27;[32mAnd &amp#27;[0m&amp#27;[32mThe user clicks on Get started link for Queue&amp#27;[0m                                             &amp#27;[90m# StepDefinitions.QueueStepDefinitions.the_user_clicks_on_get_started_link_for_queue()&amp#27;[0m
  &amp#27;[32mGiven &amp#27;[0m&amp#27;[32mThe user is on the DS Introduction page as signedIn&amp#27;[0m                                  &amp#27;[90m# StepDefinitions.DSIntroductionDetails.the_user_is_on_the_ds_introduction_page_as_signed_in()&amp#27;[0m
  &amp#27;[32mGiven &amp#27;[0m&amp#27;[32mThe user is on Queue Operations page&amp#27;[0m                                                    &amp#27;[90m# StepDefinitions.QueueStepDefinitions.the_user_is_on_queue_operations_page()&amp#27;[0m
  &amp#27;[32mAnd &amp#27;[0m&amp#27;[32mThe user clicks on Get started link for Queue&amp#27;[0m                                          &amp#27;[90m# StepDefinitions.QueueStepDefinitions.the_user_clicks_on_get_started_link_for_queue()&amp#27;[0m
  &amp#27;[32mGiven &amp#27;[0m&amp#27;[32mThe user is on Implementation using array page&amp#27;[0m                                       &amp#27;[90m# StepDefinitions.QueueStepDefinitions.the_user_is_on_implementation_using_array_page()&amp#27;[0m
  &amp#27;[32mGiven &amp#27;[0m&amp#27;[32mThe user is on the DS Introduction page as signedIn&amp#27;[0m                    &amp#27;[90m# StepDefinitions.DSIntroductionDetails.the_user_is_on_the_ds_introduction_page_as_signed_in()&amp#27;[0m
  &amp#27;[32mAnd &amp#27;[0m&amp#27;[32mThe user clicks on Get started link for Queue&amp#27;[0m                            &amp#27;[90m# StepDefinitions.QueueStepDefinitions.the_user_clicks_on_get_started_link_for_queue()&amp#27;[0m
  &amp#27;[32mAnd &amp#27;[0m&amp#27;[32mUser clicks Try here link&amp#27;[0m                                                                 &amp#27;[90m# StepDefinitions.DSIntroductionDetails.user_clicks_try_here_link()&amp#27;[0m
  &amp#27;[31mWhen &amp#27;[0m&amp#27;[31mThe user write the invalid code in Editor&amp#27;[0m                                                &amp#27;[90m# StepDefinitions.DSIntroductionDetails.the_user_write_the_invalid_code_in_editor()&amp#27;[0m
      &amp#27;[31morg.openqa.selenium.ElementNotInteractableException: element not interactable
  (Session info: chrome=131.0.6778.109)
Build info: version: '4.26.0', revision: '8ccf0219d7'
System info: os.name: 'Windows 11', os.arch: 'amd64', os.version: '10.0', java.version: '21.0.5'
Driver info: org.openqa.selenium.chrome.ChromeDriver
Command: [004f68fe1a239803d0588864e1f9cc31, sendKeysToElement {value=[Ljava.lang.CharSequence;@5b002a86, id=f.2A704F6E4BFA430F07CAE3BC4D3D6766.d.54A54A033C9120FA2B5449578DAD625B.e.51}]
Capabilities {acceptInsecureCerts: false, browserName: chrome, browserVersion: 131.0.6778.109, chrome: {chromedriverVersion: 131.0.6778.87 (ce31cae94873..., userDataDir: C:\Users\vamsh\AppData\Loca...}, fedcm:accounts: true, goog:chromeOptions: {debuggerAddress: localhost:60377}, networkConnectionEnabled: false, pageLoadStrategy: normal, platformName: windows, proxy: Proxy(), se:cdp: ws://localhost:60377/devtoo..., se:cdpVersion: 131.0.6778.109, setWindowRect: true, strictFileInteractability: false, timeouts: {implicit: 0, pageLoad: 300000, script: 30000}, unhandledPromptBehavior: dismiss and notify, webauthn:extension:credBlob: true, webauthn:extension:largeBlob: true, webauthn:extension:minPinLength: true, webauthn:extension:prf: true, webauthn:virtualAuthenticators: true}
Element: [[ChromeDriver: chrome on windows (004f68fe1a239803d0588864e1f9cc31)] -> css selector: .CodeMirror textarea]
Session ID: 004f68fe1a239803d0588864e1f9cc31
	at java.base/jdk.internal.reflect.DirectConstructorHandleAccessor.newInstance(DirectConstructorHandleAccessor.java:62)
	at java.base/java.lang.reflect.Constructor.newInstanceWithCaller(Constructor.java:502)
	at java.base/java.lang.reflect.Constructor.newInstance(Constructor.java:486)
	at org.openqa.selenium.remote.ErrorCodec.decode(ErrorCodec.java:167)
	at org.openqa.selenium.remote.codec.w3c.W3CHttpResponseCodec.decode(W3CHttpResponseCodec.java:138)
	at org.openqa.selenium.remote.codec.w3c.W3CHttpResponseCodec.decode(W3CHttpResponseCodec.java:50)
	at org.openqa.selenium.remote.HttpCommandExecutor.execute(HttpCommandExecutor.java:190)
	at org.openqa.selenium.remote.service.DriverCommandExecutor.invokeExecute(DriverCommandExecutor.java:216)
	at org.openqa.selenium.remote.service.DriverCommandExecutor.execute(DriverCommandExecutor.java:174)
	at org.openqa.selenium.remote.RemoteWebDriver.execute(RemoteWebDriver.java:545)
	at org.openqa.selenium.remote.RemoteWebElement.execute(RemoteWebElement.java:223)
	at org.openqa.selenium.remote.RemoteWebElement.sendKeys(RemoteWebElement.java:110)
	at PageObjects.IntroductionPage.enterCodeInEditor(IntroductionPage.java:146)
	at StepDefinitions.DSIntroductionDetails.the_user_write_the_invalid_code_in_editor(DSIntroductionDetails.java:138)
	at ✽.The user write the invalid code in Editor(file:///C:/Projects/Repo1/src/test/resources/Features/QueueDetails.feature:97)
&amp#27;[0m
  &amp#27;[36mAnd &amp#27;[0m&amp#27;[36mClick the Run button&amp#27;[0m                                                                      &amp#27;[90m# StepDefinitions.DSIntroductionDetails.click_the_run_button()&amp#27;[0m
  &amp#27;[36mThen &amp#27;[0m&amp#27;[36mThe user should able to see an error message in alert window&amp#27;[0m                             &amp#27;[90m# StepDefinitions.DSIntroductionDetails.the_user_should_able_to_see_an_error_message_in_alert_window()&amp#27;[0m
[ERROR] 2024-12-09 21:59:58.845 [TestNG-PoolService-3] Hooks - ======================  TEST CASE FAILED !! ======================
  &amp#27;[32mGiven &amp#27;[0m&amp#27;[32mThe user is on Queue Details page&amp#27;[0m                                      &amp#27;[90m# StepDefinitions.QueueStepDefinitions.the_user_is_on_queue_details_page()&amp#27;[0m
  &amp#27;[32mWhen &amp#27;[0m&amp#27;[32mUser clicks Try here link&amp#27;[0m                                                             &amp#27;[90m# StepDefinitions.DSIntroductionDetails.user_clicks_try_here_link()&amp#27;[0m

    Embedding screenshot [image/png 7853 bytes]

[INFO ] 2024-12-09 21:59:59.010 [TestNG-PoolService-3] Hooks - ======================  Screenshot is captured  ======================
[INFO ] 2024-12-09 21:59:59.014 [TestNG-PoolService-3] Hooks - ======================  Test Execution is completed!! ======================
  &amp#27;[32mThen &amp#27;[0m&amp#27;[32mUser should navigate to tryEditor page&amp#27;[0m                                                &amp#27;[90m# StepDefinitions.DSIntroductionDetails.user_should_navigate_to_try_editor_page()&amp#27;[0m
[INFO ] 2024-12-09 21:59:59.089 [TestNG-PoolService-1] Hooks - ======================  Test Execution is completed!! ======================
  &amp#27;[32mWhen &amp#27;[0m&amp#27;[32mThe user click on Implementation using array link&amp#27;[0m                       &amp#27;[90m# StepDefinitions.QueueStepDefinitions.the_user_click_on_implementation_using_array_link()&amp#27;[0m
]]></system-out>
    <system-err><![CDATA[Dec 09, 2024 9:59:55 PM org.openqa.selenium.devtools.CdpVersionFinder findNearestMatch
WARNING: Unable to find an exact match for CDP version 131, returning the closest version; found: 130; Please update to a Selenium version that supports CDP version 131
Dec 09, 2024 9:59:55 PM org.openqa.selenium.devtools.CdpVersionFinder findNearestMatch
WARNING: Unable to find an exact match for CDP version 131, returning the closest version; found: 130; Please update to a Selenium version that supports CDP version 131
]]></system-err>
  </testcase>
  <testcase name="runScenario[&quot;Valid code on try editor for Implementation using collections.deque runs successfully&quot;, &quot;Queue Details page&quot;](104)" classname="TestRunners.TestRunner" time="0.138">
    <failure message="element not interactable&#10;  (Session info: MicrosoftEdge=131.0.2903.86)&#10;Build info: version: &apos;4.26.0&apos;, revision: &apos;8ccf0219d7&apos;&#10;System info: os.name: &apos;Windows 11&apos;, os.arch: &apos;amd64&apos;, os.version: &apos;10.0&apos;, java.version: &apos;21.0.5&apos;&#10;Driver info: org.openqa.selenium.edge.EdgeDriver&#10;Command: [c3d54eac0018ab71f7b03b95aa675060, sendKeysToElement {value=[Ljava.lang.CharSequence;@59274d3c, id=f.2CC9FC50E2BA2E755BC2C51EF7CAF380.d.B59B0835828507C33BB5A86000B92C00.e.40}]&#10;Capabilities {acceptInsecureCerts: false, browserName: MicrosoftEdge, browserVersion: 131.0.2903.86, fedcm:accounts: true, ms:edgeOptions: {debuggerAddress: localhost:63006}, msedge: {msedgedriverVersion: 131.0.2903.86 (cf5bf303997c..., userDataDir: C:\Users\vamsh\AppData\Loca...}, networkConnectionEnabled: false, pageLoadStrategy: normal, platformName: windows, proxy: Proxy(), se:cdp: ws://localhost:63006/devtoo..., se:cdpVersion: 131.0.2903.86, setWindowRect: true, strictFileInteractability: false, timeouts: {implicit: 0, pageLoad: 300000, script: 30000}, unhandledPromptBehavior: dismiss and notify, webauthn:extension:credBlob: true, webauthn:extension:largeBlob: true, webauthn:extension:minPinLength: true, webauthn:extension:prf: true, webauthn:virtualAuthenticators: true}&#10;Element: [[EdgeDriver: MicrosoftEdge on windows (c3d54eac0018ab71f7b03b95aa675060)] -&gt; css selector: .CodeMirror textarea]&#10;Session ID: c3d54eac0018ab71f7b03b95aa675060" type="org.openqa.selenium.ElementNotInteractableException"><![CDATA[org.openqa.selenium.ElementNotInteractableException: 
element not interactable
  (Session info: MicrosoftEdge=131.0.2903.86)
Build info: version: '4.26.0', revision: '8ccf0219d7'
System info: os.name: 'Windows 11', os.arch: 'amd64', os.version: '10.0', java.version: '21.0.5'
Driver info: org.openqa.selenium.edge.EdgeDriver
Command: [c3d54eac0018ab71f7b03b95aa675060, sendKeysToElement {value=[Ljava.lang.CharSequence;@59274d3c, id=f.2CC9FC50E2BA2E755BC2C51EF7CAF380.d.B59B0835828507C33BB5A86000B92C00.e.40}]
Capabilities {acceptInsecureCerts: false, browserName: MicrosoftEdge, browserVersion: 131.0.2903.86, fedcm:accounts: true, ms:edgeOptions: {debuggerAddress: localhost:63006}, msedge: {msedgedriverVersion: 131.0.2903.86 (cf5bf303997c..., userDataDir: C:\Users\vamsh\AppData\Loca...}, networkConnectionEnabled: false, pageLoadStrategy: normal, platformName: windows, proxy: Proxy(), se:cdp: ws://localhost:63006/devtoo..., se:cdpVersion: 131.0.2903.86, setWindowRect: true, strictFileInteractability: false, timeouts: {implicit: 0, pageLoad: 300000, script: 30000}, unhandledPromptBehavior: dismiss and notify, webauthn:extension:credBlob: true, webauthn:extension:largeBlob: true, webauthn:extension:minPinLength: true, webauthn:extension:prf: true, webauthn:virtualAuthenticators: true}
Element: [[EdgeDriver: MicrosoftEdge on windows (c3d54eac0018ab71f7b03b95aa675060)] -> css selector: .CodeMirror textarea]
Session ID: c3d54eac0018ab71f7b03b95aa675060
]]></failure>
    <system-out><![CDATA[
Scenario: Validate user can open try editor page from Implementation using collections.deque &amp#27;[90m# src/test/resources/Features/QueueDetails.feature:106&amp#27;[0m
]]></system-out>
  </testcase>
  <testcase name="runScenario[&quot;Validate user can open try editor page from Implementation using collections.deque&quot;, &quot;Queue Details page&quot;](105)" classname="TestRunners.TestRunner" time="0.043">
    <system-out><![CDATA[
Scenario: Error message displayed for invalid code on try editor for Implementation using collections.deque &amp#27;[90m# src/test/resources/Features/QueueDetails.feature:111&amp#27;[0m
  &amp#27;[32mThen &amp#27;[0m&amp#27;[32mthe user is navigated to Implementation using array page&amp#27;[0m                &amp#27;[90m# StepDefinitions.QueueStepDefinitions.the_user_is_navigated_to_implementation_using_array_page()&amp#27;[0m
]]></system-out>
  </testcase>
  <testcase name="runScenario[&quot;Validate user can navigate to Implementation using collections.deque&quot;, &quot;Queue Details page&quot;](106)" classname="TestRunners.TestRunner" time="0.28">
    <system-out><![CDATA[[INFO ] 2024-12-09 21:59:59.280 [TestNG-PoolService-2] Hooks - ======================  Test Execution is completed!! ======================

Scenario: No error message displayed for empty code on try editor for Implementation using collections.deque &amp#27;[90m# src/test/resources/Features/QueueDetails.feature:118&amp#27;[0m
]]></system-out>
  </testcase>
  <testcase name="runScenario[&quot;Error message displayed for invalid code on try editor for Implementation using collections.deque&quot;, &quot;Queue Details page&quot;](107)" classname="TestRunners.TestRunner" time="6.55">
    <system-out><![CDATA[
Scenario: Valid code on try editor for Implementation using collections.deque runs successfully &amp#27;[90m# src/test/resources/Features/QueueDetails.feature:124&amp#27;[0m
[INFO ] 2024-12-09 22:00:00.887 [TestNG-PoolService-3] Hooks - ======================  New Test Execution is STARTED!! ======================
[INFO ] 2024-12-09 22:00:01.022 [TestNG-PoolService-1] Hooks - ======================  New Test Execution is STARTED!! ======================
[INFO ] 2024-12-09 22:00:01.658 [TestNG-PoolService-2] Hooks - ======================  New Test Execution is STARTED!! ======================
  &amp#27;[32mGiven &amp#27;[0m&amp#27;[32mThe user is on the DS Introduction page as signedIn&amp#27;[0m                                                  &amp#27;[90m# StepDefinitions.DSIntroductionDetails.the_user_is_on_the_ds_introduction_page_as_signed_in()&amp#27;[0m
  &amp#27;[32mGiven &amp#27;[0m&amp#27;[32mThe user is on the DS Introduction page as signedIn&amp#27;[0m                                                 &amp#27;[90m# StepDefinitions.DSIntroductionDetails.the_user_is_on_the_ds_introduction_page_as_signed_in()&amp#27;[0m
  &amp#27;[32mGiven &amp#27;[0m&amp#27;[32mThe user is on the DS Introduction page as signedIn&amp#27;[0m                                     &amp#27;[90m# StepDefinitions.DSIntroductionDetails.the_user_is_on_the_ds_introduction_page_as_signed_in()&amp#27;[0m
  &amp#27;[32mAnd &amp#27;[0m&amp#27;[32mThe user clicks on Get started link for Queue&amp#27;[0m                                                          &amp#27;[90m# StepDefinitions.QueueStepDefinitions.the_user_clicks_on_get_started_link_for_queue()&amp#27;[0m
  &amp#27;[32mAnd &amp#27;[0m&amp#27;[32mThe user clicks on Get started link for Queue&amp#27;[0m                                                         &amp#27;[90m# StepDefinitions.QueueStepDefinitions.the_user_clicks_on_get_started_link_for_queue()&amp#27;[0m
  &amp#27;[32mAnd &amp#27;[0m&amp#27;[32mThe user clicks on Get started link for Queue&amp#27;[0m                                             &amp#27;[90m# StepDefinitions.QueueStepDefinitions.the_user_clicks_on_get_started_link_for_queue()&amp#27;[0m
  &amp#27;[32mGiven &amp#27;[0m&amp#27;[32mThe user is on Implementation using array page&amp#27;[0m                                                       &amp#27;[90m# StepDefinitions.QueueStepDefinitions.the_user_is_on_implementation_using_array_page()&amp#27;[0m
  &amp#27;[32mGiven &amp#27;[0m&amp#27;[32mThe user is on Implementation using array page&amp#27;[0m                                                      &amp#27;[90m# StepDefinitions.QueueStepDefinitions.the_user_is_on_implementation_using_array_page()&amp#27;[0m
  &amp#27;[32mGiven &amp#27;[0m&amp#27;[32mThe user is on Implementation using array page&amp#27;[0m                                          &amp#27;[90m# StepDefinitions.QueueStepDefinitions.the_user_is_on_implementation_using_array_page()&amp#27;[0m
  &amp#27;[32mAnd &amp#27;[0m&amp#27;[32mUser clicks Try here link&amp#27;[0m                                                                             &amp#27;[90m# StepDefinitions.DSIntroductionDetails.user_clicks_try_here_link()&amp#27;[0m
  &amp#27;[32mAnd &amp#27;[0m&amp#27;[32mUser clicks Try here link&amp#27;[0m                                                                              &amp#27;[90m# StepDefinitions.DSIntroductionDetails.user_clicks_try_here_link()&amp#27;[0m
  &amp#27;[32mWhen &amp#27;[0m&amp#27;[32mThe user write the invalid code in Editor&amp#27;[0m                                                            &amp#27;[90m# StepDefinitions.DSIntroductionDetails.the_user_write_the_invalid_code_in_editor()&amp#27;[0m
  &amp#27;[32mAnd &amp#27;[0m&amp#27;[32mUser clicks Try here link&amp#27;[0m                                                                 &amp#27;[90m# StepDefinitions.DSIntroductionDetails.user_clicks_try_here_link()&amp#27;[0m
  &amp#27;[32mWhen &amp#27;[0m&amp#27;[32mClick the Run button&amp#27;[0m                                                                                  &amp#27;[90m# StepDefinitions.DSIntroductionDetails.click_the_run_button()&amp#27;[0m
  &amp#27;[32mAnd &amp#27;[0m&amp#27;[32mClick the Run button&amp#27;[0m                                                                                  &amp#27;[90m# StepDefinitions.DSIntroductionDetails.click_the_run_button()&amp#27;[0m
  &amp#27;[32mThen &amp#27;[0m&amp#27;[32mThe user should not see any error message or alert&amp#27;[0m                                                    &amp#27;[90m# StepDefinitions.DSIntroductionDetails.the_user_should_not_see_any_error_message_or_alert()&amp#27;[0m
[INFO ] 2024-12-09 22:00:05.909 [TestNG-PoolService-1] Hooks - ======================  Test Execution is completed!! ======================
  &amp#27;[32mThen &amp#27;[0m&amp#27;[32mThe user should able to see an error message in alert window&amp#27;[0m                                         &amp#27;[90m# StepDefinitions.DSIntroductionDetails.the_user_should_able_to_see_an_error_message_in_alert_window()&amp#27;[0m
[INFO ] 2024-12-09 22:00:05.914 [TestNG-PoolService-3] Hooks - ======================  Test Execution is completed!! ======================
  &amp#27;[32mWhen &amp#27;[0m&amp#27;[32mThe user write the valid code in Editor&amp#27;[0m                                                  &amp#27;[90m# StepDefinitions.DSIntroductionDetails.the_user_write_the_valid_code_in_editor()&amp#27;[0m
]]></system-out>
    <system-err><![CDATA[Dec 09, 2024 10:00:00 PM org.openqa.selenium.devtools.CdpVersionFinder findNearestMatch
WARNING: Unable to find an exact match for CDP version 131, returning the closest version; found: 130; Please update to a Selenium version that supports CDP version 131
Dec 09, 2024 10:00:00 PM org.openqa.selenium.devtools.CdpVersionFinder findNearestMatch
WARNING: Unable to find an exact match for CDP version 131, returning the closest version; found: 130; Please update to a Selenium version that supports CDP version 131
Dec 09, 2024 10:00:01 PM org.openqa.selenium.devtools.CdpVersionFinder findNearestMatch
WARNING: Unable to find an exact match for CDP version 131, returning the closest version; found: 130; Please update to a Selenium version that supports CDP version 131
]]></system-err>
  </testcase>
  <testcase name="runScenario[&quot;Error message displayed for invalid code on try editor for Implementation using collections.deque&quot;, &quot;Queue Details page&quot;](107)" classname="TestRunners.TestRunner" time="1.726">
    <failure message="element not interactable&#10;  (Session info: MicrosoftEdge=131.0.2903.86)&#10;Build info: version: &apos;4.26.0&apos;, revision: &apos;8ccf0219d7&apos;&#10;System info: os.name: &apos;Windows 11&apos;, os.arch: &apos;amd64&apos;, os.version: &apos;10.0&apos;, java.version: &apos;21.0.5&apos;&#10;Driver info: org.openqa.selenium.edge.EdgeDriver&#10;Command: [78b812f2317fac74517a5d146958b238, sendKeysToElement {value=[Ljava.lang.CharSequence;@5a61a436, id=f.938D0D43BA0CA6327D5C5BB5F264CC22.d.6D2CC86F60011FB4E245415DC93030C5.e.40}]&#10;Capabilities {acceptInsecureCerts: false, browserName: MicrosoftEdge, browserVersion: 131.0.2903.86, fedcm:accounts: true, ms:edgeOptions: {debuggerAddress: localhost:63140}, msedge: {msedgedriverVersion: 131.0.2903.86 (cf5bf303997c..., userDataDir: C:\Users\vamsh\AppData\Loca...}, networkConnectionEnabled: false, pageLoadStrategy: normal, platformName: windows, proxy: Proxy(), se:cdp: ws://localhost:63140/devtoo..., se:cdpVersion: 131.0.2903.86, setWindowRect: true, strictFileInteractability: false, timeouts: {implicit: 0, pageLoad: 300000, script: 30000}, unhandledPromptBehavior: dismiss and notify, webauthn:extension:credBlob: true, webauthn:extension:largeBlob: true, webauthn:extension:minPinLength: true, webauthn:extension:prf: true, webauthn:virtualAuthenticators: true}&#10;Element: [[EdgeDriver: MicrosoftEdge on windows (78b812f2317fac74517a5d146958b238)] -&gt; css selector: .CodeMirror textarea]&#10;Session ID: 78b812f2317fac74517a5d146958b238" type="org.openqa.selenium.ElementNotInteractableException"><![CDATA[org.openqa.selenium.ElementNotInteractableException: 
element not interactable
  (Session info: MicrosoftEdge=131.0.2903.86)
Build info: version: '4.26.0', revision: '8ccf0219d7'
System info: os.name: 'Windows 11', os.arch: 'amd64', os.version: '10.0', java.version: '21.0.5'
Driver info: org.openqa.selenium.edge.EdgeDriver
Command: [78b812f2317fac74517a5d146958b238, sendKeysToElement {value=[Ljava.lang.CharSequence;@5a61a436, id=f.938D0D43BA0CA6327D5C5BB5F264CC22.d.6D2CC86F60011FB4E245415DC93030C5.e.40}]
Capabilities {acceptInsecureCerts: false, browserName: MicrosoftEdge, browserVersion: 131.0.2903.86, fedcm:accounts: true, ms:edgeOptions: {debuggerAddress: localhost:63140}, msedge: {msedgedriverVersion: 131.0.2903.86 (cf5bf303997c..., userDataDir: C:\Users\vamsh\AppData\Loca...}, networkConnectionEnabled: false, pageLoadStrategy: normal, platformName: windows, proxy: Proxy(), se:cdp: ws://localhost:63140/devtoo..., se:cdpVersion: 131.0.2903.86, setWindowRect: true, strictFileInteractability: false, timeouts: {implicit: 0, pageLoad: 300000, script: 30000}, unhandledPromptBehavior: dismiss and notify, webauthn:extension:credBlob: true, webauthn:extension:largeBlob: true, webauthn:extension:minPinLength: true, webauthn:extension:prf: true, webauthn:virtualAuthenticators: true}
Element: [[EdgeDriver: MicrosoftEdge on windows (78b812f2317fac74517a5d146958b238)] -> css selector: .CodeMirror textarea]
Session ID: 78b812f2317fac74517a5d146958b238
]]></failure>
    <system-out><![CDATA[
Scenario: Valid code on try editor for Implementation using collections.deque runs successfully &amp#27;[90m# src/test/resources/Features/QueueDetails.feature:124&amp#27;[0m
  &amp#27;[32mAnd &amp#27;[0m&amp#27;[32mUser clicks Try here link&amp#27;[0m                                                                             &amp#27;[90m# StepDefinitions.DSIntroductionDetails.user_clicks_try_here_link()&amp#27;[0m
  &amp#27;[31mWhen &amp#27;[0m&amp#27;[31mThe user write the invalid code in Editor&amp#27;[0m                                                            &amp#27;[90m# StepDefinitions.DSIntroductionDetails.the_user_write_the_invalid_code_in_editor()&amp#27;[0m
      &amp#27;[31morg.openqa.selenium.ElementNotInteractableException: element not interactable
  (Session info: MicrosoftEdge=131.0.2903.86)
Build info: version: '4.26.0', revision: '8ccf0219d7'
System info: os.name: 'Windows 11', os.arch: 'amd64', os.version: '10.0', java.version: '21.0.5'
Driver info: org.openqa.selenium.edge.EdgeDriver
Command: [78b812f2317fac74517a5d146958b238, sendKeysToElement {value=[Ljava.lang.CharSequence;@5a61a436, id=f.938D0D43BA0CA6327D5C5BB5F264CC22.d.6D2CC86F60011FB4E245415DC93030C5.e.40}]
Capabilities {acceptInsecureCerts: false, browserName: MicrosoftEdge, browserVersion: 131.0.2903.86, fedcm:accounts: true, ms:edgeOptions: {debuggerAddress: localhost:63140}, msedge: {msedgedriverVersion: 131.0.2903.86 (cf5bf303997c..., userDataDir: C:\Users\vamsh\AppData\Loca...}, networkConnectionEnabled: false, pageLoadStrategy: normal, platformName: windows, proxy: Proxy(), se:cdp: ws://localhost:63140/devtoo..., se:cdpVersion: 131.0.2903.86, setWindowRect: true, strictFileInteractability: false, timeouts: {implicit: 0, pageLoad: 300000, script: 30000}, unhandledPromptBehavior: dismiss and notify, webauthn:extension:credBlob: true, webauthn:extension:largeBlob: true, webauthn:extension:minPinLength: true, webauthn:extension:prf: true, webauthn:virtualAuthenticators: true}
Element: [[EdgeDriver: MicrosoftEdge on windows (78b812f2317fac74517a5d146958b238)] -> css selector: .CodeMirror textarea]
Session ID: 78b812f2317fac74517a5d146958b238
	at java.base/jdk.internal.reflect.DirectConstructorHandleAccessor.newInstance(DirectConstructorHandleAccessor.java:62)
	at java.base/java.lang.reflect.Constructor.newInstanceWithCaller(Constructor.java:502)
	at java.base/java.lang.reflect.Constructor.newInstance(Constructor.java:486)
	at org.openqa.selenium.remote.ErrorCodec.decode(ErrorCodec.java:167)
	at org.openqa.selenium.remote.codec.w3c.W3CHttpResponseCodec.decode(W3CHttpResponseCodec.java:138)
	at org.openqa.selenium.remote.codec.w3c.W3CHttpResponseCodec.decode(W3CHttpResponseCodec.java:50)
	at org.openqa.selenium.remote.HttpCommandExecutor.execute(HttpCommandExecutor.java:190)
	at org.openqa.selenium.remote.service.DriverCommandExecutor.invokeExecute(DriverCommandExecutor.java:216)
	at org.openqa.selenium.remote.service.DriverCommandExecutor.execute(DriverCommandExecutor.java:174)
	at org.openqa.selenium.remote.RemoteWebDriver.execute(RemoteWebDriver.java:545)
	at org.openqa.selenium.remote.RemoteWebElement.execute(RemoteWebElement.java:223)
	at org.openqa.selenium.remote.RemoteWebElement.sendKeys(RemoteWebElement.java:110)
	at PageObjects.IntroductionPage.enterCodeInEditor(IntroductionPage.java:146)
	at StepDefinitions.DSIntroductionDetails.the_user_write_the_invalid_code_in_editor(DSIntroductionDetails.java:138)
	at ✽.The user write the invalid code in Editor(file:///C:/Projects/Repo1/src/test/resources/Features/QueueDetails.feature:114)
&amp#27;[0m
  &amp#27;[36mAnd &amp#27;[0m&amp#27;[36mClick the Run button&amp#27;[0m                                                                                  &amp#27;[90m# StepDefinitions.DSIntroductionDetails.click_the_run_button()&amp#27;[0m
  &amp#27;[36mThen &amp#27;[0m&amp#27;[36mThe user should able to see an error message in alert window&amp#27;[0m                                         &amp#27;[90m# StepDefinitions.DSIntroductionDetails.the_user_should_able_to_see_an_error_message_in_alert_window()&amp#27;[0m
[ERROR] 2024-12-09 22:24:26.147 [TestNG-PoolService-2] Hooks - ======================  TEST CASE FAILED !! ======================

    Embedding screenshot [image/png 7890 bytes]

[INFO ] 2024-12-09 22:24:26.304 [TestNG-PoolService-2] Hooks - ======================  Screenshot is captured  ======================
[INFO ] 2024-12-09 22:24:26.304 [TestNG-PoolService-2] Hooks - ======================  Test Execution is completed!! ======================
  &amp#27;[32mAnd &amp#27;[0m&amp#27;[32mUser clicks Try here link&amp#27;[0m                                                                              &amp#27;[90m# StepDefinitions.DSIntroductionDetails.user_clicks_try_here_link()&amp#27;[0m
  &amp#27;[32mWhen &amp#27;[0m&amp#27;[32mClick the Run button&amp#27;[0m                                                                                  &amp#27;[90m# StepDefinitions.DSIntroductionDetails.click_the_run_button()&amp#27;[0m
  &amp#27;[32mThen &amp#27;[0m&amp#27;[32mThe user should not see any error message or alert&amp#27;[0m                                                    &amp#27;[90m# StepDefinitions.DSIntroductionDetails.the_user_should_not_see_any_error_message_or_alert()&amp#27;[0m
[INFO ] 2024-12-09 22:24:26.648 [TestNG-PoolService-1] Hooks - ======================  Test Execution is completed!! ======================
[INFO ] 2024-12-09 22:24:27.432 [TestNG-PoolService-3] Hooks - ======================  New Test Execution is STARTED!! ======================
]]></system-out>
    <system-err><![CDATA[Dec 09, 2024 10:24:27 PM org.openqa.selenium.devtools.CdpVersionFinder findNearestMatch
WARNING: Unable to find an exact match for CDP version 131, returning the closest version; found: 130; Please update to a Selenium version that supports CDP version 131
]]></system-err>
  </testcase>
  <testcase name="runScenario[&quot;No error message displayed for empty code on try editor for Implementation using collections.deque&quot;, &quot;Queue Details page&quot;](108)" classname="TestRunners.TestRunner" time="0.073">
    <system-out><![CDATA[
Scenario Outline: New user registration page with all fields empty and Register button is clicked                     &amp#27;[90m# src/test/resources/Features/Registration.feature:13&amp#27;[0m
]]></system-out>
  </testcase>
  <testcase name="runScenario[&quot;No error message displayed for empty code on try editor for Implementation using collections.deque&quot;, &quot;Queue Details page&quot;](108)" classname="TestRunners.TestRunner" time="0.346">
    <system-out><![CDATA[
Scenario Outline: New user registration page with all fields empty and Register button is clicked                     &amp#27;[90m# src/test/resources/Features/Registration.feature:13&amp#27;[0m
]]></system-out>
  </testcase>
  <testcase name="runScenario[&quot;Valid code on try editor for Implementation using collections.deque runs successfully&quot;, &quot;Queue Details page&quot;](109)" classname="TestRunners.TestRunner" time="0.276">
    <system-out><![CDATA[  &amp#27;[32mAnd &amp#27;[0m&amp#27;[32mClick the Run button&amp#27;[0m                                                                      &amp#27;[90m# StepDefinitions.DSIntroductionDetails.click_the_run_button()&amp#27;[0m

Scenario Outline: New user registration page with only username entered                                                                         &amp#27;[90m# src/test/resources/Features/Registration.feature:20&amp#27;[0m
  &amp#27;[32mThen &amp#27;[0m&amp#27;[32mThe user should able to see output in the console&amp#27;[0m                                        &amp#27;[90m# StepDefinitions.DSIntroductionDetails.the_user_should_able_to_see_output_in_the_console()&amp#27;[0m
[INFO ] 2024-12-09 22:00:06.224 [TestNG-PoolService-2] Hooks - ======================  Test Execution is completed!! ======================
]]></system-out>
  </testcase>
  <testcase name="runScenario[&quot;Valid code on try editor for Implementation using collections.deque runs successfully&quot;, &quot;Queue Details page&quot;](109)" classname="TestRunners.TestRunner" time="6.661">
    <failure message="element not interactable&#10;  (Session info: MicrosoftEdge=131.0.2903.86)&#10;Build info: version: &apos;4.26.0&apos;, revision: &apos;8ccf0219d7&apos;&#10;System info: os.name: &apos;Windows 11&apos;, os.arch: &apos;amd64&apos;, os.version: &apos;10.0&apos;, java.version: &apos;21.0.5&apos;&#10;Driver info: org.openqa.selenium.edge.EdgeDriver&#10;Command: [25286b400de16ea11f1531505798588a, sendKeysToElement {value=[Ljava.lang.CharSequence;@63a9df47, id=f.67F0CBA6FE96846C45A55E1FDDC04FE0.d.78683856327280C9CDC6FBD02694E074.e.41}]&#10;Capabilities {acceptInsecureCerts: false, browserName: MicrosoftEdge, browserVersion: 131.0.2903.86, fedcm:accounts: true, ms:edgeOptions: {debuggerAddress: localhost:63242}, msedge: {msedgedriverVersion: 131.0.2903.86 (cf5bf303997c..., userDataDir: C:\Users\vamsh\AppData\Loca...}, networkConnectionEnabled: false, pageLoadStrategy: normal, platformName: windows, proxy: Proxy(), se:cdp: ws://localhost:63242/devtoo..., se:cdpVersion: 131.0.2903.86, setWindowRect: true, strictFileInteractability: false, timeouts: {implicit: 0, pageLoad: 300000, script: 30000}, unhandledPromptBehavior: dismiss and notify, webauthn:extension:credBlob: true, webauthn:extension:largeBlob: true, webauthn:extension:minPinLength: true, webauthn:extension:prf: true, webauthn:virtualAuthenticators: true}&#10;Element: [[EdgeDriver: MicrosoftEdge on windows (25286b400de16ea11f1531505798588a)] -&gt; css selector: .CodeMirror textarea]&#10;Session ID: 25286b400de16ea11f1531505798588a" type="org.openqa.selenium.ElementNotInteractableException"><![CDATA[org.openqa.selenium.ElementNotInteractableException: 
element not interactable
  (Session info: MicrosoftEdge=131.0.2903.86)
Build info: version: '4.26.0', revision: '8ccf0219d7'
System info: os.name: 'Windows 11', os.arch: 'amd64', os.version: '10.0', java.version: '21.0.5'
Driver info: org.openqa.selenium.edge.EdgeDriver
Command: [25286b400de16ea11f1531505798588a, sendKeysToElement {value=[Ljava.lang.CharSequence;@63a9df47, id=f.67F0CBA6FE96846C45A55E1FDDC04FE0.d.78683856327280C9CDC6FBD02694E074.e.41}]
Capabilities {acceptInsecureCerts: false, browserName: MicrosoftEdge, browserVersion: 131.0.2903.86, fedcm:accounts: true, ms:edgeOptions: {debuggerAddress: localhost:63242}, msedge: {msedgedriverVersion: 131.0.2903.86 (cf5bf303997c..., userDataDir: C:\Users\vamsh\AppData\Loca...}, networkConnectionEnabled: false, pageLoadStrategy: normal, platformName: windows, proxy: Proxy(), se:cdp: ws://localhost:63242/devtoo..., se:cdpVersion: 131.0.2903.86, setWindowRect: true, strictFileInteractability: false, timeouts: {implicit: 0, pageLoad: 300000, script: 30000}, unhandledPromptBehavior: dismiss and notify, webauthn:extension:credBlob: true, webauthn:extension:largeBlob: true, webauthn:extension:minPinLength: true, webauthn:extension:prf: true, webauthn:virtualAuthenticators: true}
Element: [[EdgeDriver: MicrosoftEdge on windows (25286b400de16ea11f1531505798588a)] -> css selector: .CodeMirror textarea]
Session ID: 25286b400de16ea11f1531505798588a
]]></failure>
    <system-out><![CDATA[
Scenario Outline: New user registration page with only username entered                                                                         &amp#27;[90m# src/test/resources/Features/Registration.feature:20&amp#27;[0m
  &amp#27;[32mGiven &amp#27;[0m&amp#27;[32mThe user is on the DS Introduction page as signedIn&amp#27;[0m                                     &amp#27;[90m# StepDefinitions.DSIntroductionDetails.the_user_is_on_the_ds_introduction_page_as_signed_in()&amp#27;[0m
  &amp#27;[32mAnd &amp#27;[0m&amp#27;[32mThe user clicks on Get started link for Queue&amp#27;[0m                                             &amp#27;[90m# StepDefinitions.QueueStepDefinitions.the_user_clicks_on_get_started_link_for_queue()&amp#27;[0m
[INFO ] 2024-12-09 22:24:30.630 [TestNG-PoolService-2] Hooks - ======================  New Test Execution is STARTED!! ======================
  &amp#27;[32mGiven &amp#27;[0m&amp#27;[32mThe user is on Implementation using array page&amp#27;[0m                                          &amp#27;[90m# StepDefinitions.QueueStepDefinitions.the_user_is_on_implementation_using_array_page()&amp#27;[0m
[INFO ] 2024-12-09 22:24:31.490 [TestNG-PoolService-1] Hooks - ======================  New Test Execution is STARTED!! ======================
  &amp#27;[32mAnd &amp#27;[0m&amp#27;[32mUser clicks Try here link&amp#27;[0m                                                                 &amp#27;[90m# StepDefinitions.DSIntroductionDetails.user_clicks_try_here_link()&amp#27;[0m
  &amp#27;[31mWhen &amp#27;[0m&amp#27;[31mThe user write the valid code in Editor&amp#27;[0m                                                  &amp#27;[90m# StepDefinitions.DSIntroductionDetails.the_user_write_the_valid_code_in_editor()&amp#27;[0m
      &amp#27;[31morg.openqa.selenium.ElementNotInteractableException: element not interactable
  (Session info: MicrosoftEdge=131.0.2903.86)
Build info: version: '4.26.0', revision: '8ccf0219d7'
System info: os.name: 'Windows 11', os.arch: 'amd64', os.version: '10.0', java.version: '21.0.5'
Driver info: org.openqa.selenium.edge.EdgeDriver
Command: [25286b400de16ea11f1531505798588a, sendKeysToElement {value=[Ljava.lang.CharSequence;@63a9df47, id=f.67F0CBA6FE96846C45A55E1FDDC04FE0.d.78683856327280C9CDC6FBD02694E074.e.41}]
Capabilities {acceptInsecureCerts: false, browserName: MicrosoftEdge, browserVersion: 131.0.2903.86, fedcm:accounts: true, ms:edgeOptions: {debuggerAddress: localhost:63242}, msedge: {msedgedriverVersion: 131.0.2903.86 (cf5bf303997c..., userDataDir: C:\Users\vamsh\AppData\Loca...}, networkConnectionEnabled: false, pageLoadStrategy: normal, platformName: windows, proxy: Proxy(), se:cdp: ws://localhost:63242/devtoo..., se:cdpVersion: 131.0.2903.86, setWindowRect: true, strictFileInteractability: false, timeouts: {implicit: 0, pageLoad: 300000, script: 30000}, unhandledPromptBehavior: dismiss and notify, webauthn:extension:credBlob: true, webauthn:extension:largeBlob: true, webauthn:extension:minPinLength: true, webauthn:extension:prf: true, webauthn:virtualAuthenticators: true}
Element: [[EdgeDriver: MicrosoftEdge on windows (25286b400de16ea11f1531505798588a)] -> css selector: .CodeMirror textarea]
Session ID: 25286b400de16ea11f1531505798588a
	at java.base/jdk.internal.reflect.DirectConstructorHandleAccessor.newInstance(DirectConstructorHandleAccessor.java:62)
	at java.base/java.lang.reflect.Constructor.newInstanceWithCaller(Constructor.java:502)
	at java.base/java.lang.reflect.Constructor.newInstance(Constructor.java:486)
	at org.openqa.selenium.remote.ErrorCodec.decode(ErrorCodec.java:167)
	at org.openqa.selenium.remote.codec.w3c.W3CHttpResponseCodec.decode(W3CHttpResponseCodec.java:138)
	at org.openqa.selenium.remote.codec.w3c.W3CHttpResponseCodec.decode(W3CHttpResponseCodec.java:50)
	at org.openqa.selenium.remote.HttpCommandExecutor.execute(HttpCommandExecutor.java:190)
	at org.openqa.selenium.remote.service.DriverCommandExecutor.invokeExecute(DriverCommandExecutor.java:216)
	at org.openqa.selenium.remote.service.DriverCommandExecutor.execute(DriverCommandExecutor.java:174)
	at org.openqa.selenium.remote.RemoteWebDriver.execute(RemoteWebDriver.java:545)
	at org.openqa.selenium.remote.RemoteWebElement.execute(RemoteWebElement.java:223)
	at org.openqa.selenium.remote.RemoteWebElement.sendKeys(RemoteWebElement.java:110)
	at PageObjects.IntroductionPage.enterCodeInEditor(IntroductionPage.java:146)
	at StepDefinitions.DSIntroductionDetails.the_user_write_the_valid_code_in_editor(DSIntroductionDetails.java:158)
	at ✽.The user write the valid code in Editor(file:///C:/Projects/Repo1/src/test/resources/Features/QueueDetails.feature:127)
&amp#27;[0m
  &amp#27;[36mAnd &amp#27;[0m&amp#27;[36mClick the Run button&amp#27;[0m                                                                      &amp#27;[90m# StepDefinitions.DSIntroductionDetails.click_the_run_button()&amp#27;[0m
  &amp#27;[36mThen &amp#27;[0m&amp#27;[36mThe user should able to see output in the console&amp#27;[0m                                        &amp#27;[90m# StepDefinitions.DSIntroductionDetails.the_user_should_able_to_see_output_in_the_console()&amp#27;[0m
[ERROR] 2024-12-09 22:24:32.257 [TestNG-PoolService-3] Hooks - ======================  TEST CASE FAILED !! ======================

    Embedding screenshot [image/png 7890 bytes]

[INFO ] 2024-12-09 22:24:32.449 [TestNG-PoolService-3] Hooks - ======================  Screenshot is captured  ======================
[INFO ] 2024-12-09 22:24:32.464 [TestNG-PoolService-3] Hooks - ======================  Test Execution is completed!! ======================
  &amp#27;[32mGiven &amp#27;[0m&amp#27;[32mThe user is on the new user registration page&amp#27;[0m                                                                 &amp#27;[90m# StepDefinitions.Registration.the_user_is_on_the_new_user_registration_page()&amp#27;[0m
  &amp#27;[32mGiven &amp#27;[0m&amp#27;[32mThe user is on the new user registration page&amp#27;[0m                                                                                           &amp#27;[90m# StepDefinitions.Registration.the_user_is_on_the_new_user_registration_page()&amp#27;[0m
  &amp#27;[32mWhen &amp#27;[0m&amp#27;[32mThe user clicks Register button with all fields empty on registration form from sheetname &amp#27;[0m&amp#27;[32m&amp#27;[1m"register"&amp#27;[0m&amp#27;[32m and row &amp#27;[0m&amp#27;[32m&amp#27;[1m0&amp#27;[0m &amp#27;[90m# StepDefinitions.Registration.the_user_clicks_register_button_with_all_fields_empty_on_registration_form_from_sheetname(java.lang.String,java.lang.Integer)&amp#27;[0m
[ERROR] 2024-12-09 22:24:33.845 [TestNG-PoolService-2] Registration - 
  &amp#27;[32mThen &amp#27;[0m&amp#27;[32mThe error Please fill out this field appears below Username textbox&amp#27;[0m                                            &amp#27;[90m# StepDefinitions.Registration.the_error_please_fill_out_this_field_appears_below_username_textbox()&amp#27;[0m
[INFO ] 2024-12-09 22:24:33.849 [TestNG-PoolService-2] Hooks - ======================  Test Execution is completed!! ======================
  &amp#27;[32mWhen &amp#27;[0m&amp#27;[32mThe user clicks Register button after entering Username with other fields empty on registration form from sheetname &amp#27;[0m&amp#27;[32m&amp#27;[1m"register"&amp#27;[0m&amp#27;[32m and row &amp#27;[0m&amp#27;[32m&amp#27;[1m1&amp#27;[0m &amp#27;[90m# StepDefinitions.Registration.the_user_clicks_register_button_after_entering_username_with_other_fields_empty_on_registration_form_from_sheetname(java.lang.String,java.lang.Integer)&amp#27;[0m
  &amp#27;[32mThen &amp#27;[0m&amp#27;[32mThe error message Please fill out this field. appears below Password textbox&amp#27;[0m                                                             &amp#27;[90m# StepDefinitions.Registration.the_error_message_please_fill_out_this_field_appears_below_password_textbox()&amp#27;[0m
[INFO ] 2024-12-09 22:24:34.350 [TestNG-PoolService-1] Hooks - ======================  Test Execution is completed!! ======================
]]></system-out>
    <system-err><![CDATA[Dec 09, 2024 10:24:30 PM org.openqa.selenium.devtools.CdpVersionFinder findNearestMatch
WARNING: Unable to find an exact match for CDP version 131, returning the closest version; found: 130; Please update to a Selenium version that supports CDP version 131
Dec 09, 2024 10:24:31 PM org.openqa.selenium.devtools.CdpVersionFinder findNearestMatch
WARNING: Unable to find an exact match for CDP version 131, returning the closest version; found: 130; Please update to a Selenium version that supports CDP version 131
]]></system-err>
  </testcase>
  <testcase name="runScenario[&quot;New user registration page with all fields empty and Register button is clicked&quot;, &quot;Registration&quot;](110)" classname="TestRunners.TestRunner" time="3.865">
    <system-out><![CDATA[
Scenario Outline: New user registration page with only username and password fields entered                                                                                 &amp#27;[90m# src/test/resources/Features/Registration.feature:28&amp#27;[0m
[INFO ] 2024-12-09 22:00:07.483 [TestNG-PoolService-3] Hooks - ======================  New Test Execution is STARTED!! ======================
[INFO ] 2024-12-09 22:00:07.722 [TestNG-PoolService-1] Hooks - ======================  New Test Execution is STARTED!! ======================
[INFO ] 2024-12-09 22:00:08.261 [TestNG-PoolService-2] Hooks - ======================  New Test Execution is STARTED!! ======================
  &amp#27;[32mGiven &amp#27;[0m&amp#27;[32mThe user is on the new user registration page&amp#27;[0m                                                                 &amp#27;[90m# StepDefinitions.Registration.the_user_is_on_the_new_user_registration_page()&amp#27;[0m
  &amp#27;[32mGiven &amp#27;[0m&amp#27;[32mThe user is on the new user registration page&amp#27;[0m                                                                                           &amp#27;[90m# StepDefinitions.Registration.the_user_is_on_the_new_user_registration_page()&amp#27;[0m
  &amp#27;[32mWhen &amp#27;[0m&amp#27;[32mThe user clicks Register button with all fields empty on registration form from sheetname &amp#27;[0m&amp#27;[32m&amp#27;[1m"register"&amp#27;[0m&amp#27;[32m and row &amp#27;[0m&amp#27;[32m&amp#27;[1m0&amp#27;[0m &amp#27;[90m# StepDefinitions.Registration.the_user_clicks_register_button_with_all_fields_empty_on_registration_form_from_sheetname(java.lang.String,java.lang.Integer)&amp#27;[0m
[ERROR] 2024-12-09 22:00:10.076 [TestNG-PoolService-3] Registration - 
  &amp#27;[32mThen &amp#27;[0m&amp#27;[32mThe error Please fill out this field appears below Username textbox&amp#27;[0m                                            &amp#27;[90m# StepDefinitions.Registration.the_error_please_fill_out_this_field_appears_below_username_textbox()&amp#27;[0m
[INFO ] 2024-12-09 22:00:10.078 [TestNG-PoolService-3] Hooks - ======================  Test Execution is completed!! ======================
]]></system-out>
    <system-err><![CDATA[Dec 09, 2024 10:00:07 PM org.openqa.selenium.devtools.CdpVersionFinder findNearestMatch
WARNING: Unable to find an exact match for CDP version 131, returning the closest version; found: 130; Please update to a Selenium version that supports CDP version 131
Dec 09, 2024 10:00:07 PM org.openqa.selenium.devtools.CdpVersionFinder findNearestMatch
WARNING: Unable to find an exact match for CDP version 131, returning the closest version; found: 130; Please update to a Selenium version that supports CDP version 131
Dec 09, 2024 10:00:08 PM org.openqa.selenium.devtools.CdpVersionFinder findNearestMatch
WARNING: Unable to find an exact match for CDP version 131, returning the closest version; found: 130; Please update to a Selenium version that supports CDP version 131
]]></system-err>
  </testcase>
  <testcase name="runScenario[&quot;New user registration page with all fields empty and Register button is clicked&quot;, &quot;Registration&quot;](110)" classname="TestRunners.TestRunner" time="0.153">
    <system-out><![CDATA[
Scenario Outline: New user registration page with only username and password fields entered                                                                                 &amp#27;[90m# src/test/resources/Features/Registration.feature:28&amp#27;[0m
]]></system-out>
  </testcase>
  <testcase name="runScenario[&quot;New user registration page with all fields empty and Register button is clicked&quot;, &quot;Registration&quot;](110)" classname="TestRunners.TestRunner" time="0.561">
    <system-out><![CDATA[
Scenario Outline: New user registration page with only username and password fields entered                                                                                 &amp#27;[90m# src/test/resources/Features/Registration.feature:28&amp#27;[0m
]]></system-out>
  </testcase>
  <testcase name="runScenario[&quot;New user registration page with only username entered&quot;, &quot;Registration&quot;](111)" classname="TestRunners.TestRunner" time="0.459">
    <system-out><![CDATA[
Scenario Outline: New user registration page with username entered with a space inbetween                                                                                        &amp#27;[90m# src/test/resources/Features/Registration.feature:35&amp#27;[0m
  &amp#27;[32mGiven &amp#27;[0m&amp#27;[32mThe user is on the new user registration page&amp#27;[0m                                                                                                                       &amp#27;[90m# StepDefinitions.Registration.the_user_is_on_the_new_user_registration_page()&amp#27;[0m
  &amp#27;[32mWhen &amp#27;[0m&amp#27;[32mThe user clicks Register button after entering Username with other fields empty on registration form from sheetname &amp#27;[0m&amp#27;[32m&amp#27;[1m"register"&amp#27;[0m&amp#27;[32m and row &amp#27;[0m&amp#27;[32m&amp#27;[1m1&amp#27;[0m &amp#27;[90m# StepDefinitions.Registration.the_user_clicks_register_button_after_entering_username_with_other_fields_empty_on_registration_form_from_sheetname(java.lang.String,java.lang.Integer)&amp#27;[0m
  &amp#27;[32mThen &amp#27;[0m&amp#27;[32mThe error message Please fill out this field. appears below Password textbox&amp#27;[0m                                                             &amp#27;[90m# StepDefinitions.Registration.the_error_message_please_fill_out_this_field_appears_below_password_textbox()&amp#27;[0m
[INFO ] 2024-12-09 22:00:10.578 [TestNG-PoolService-1] Hooks - ======================  Test Execution is completed!! ======================
]]></system-out>
  </testcase>
  <testcase name="runScenario[&quot;New user registration page with only username entered&quot;, &quot;Registration&quot;](111)" classname="TestRunners.TestRunner" time="0.604">
    <system-out><![CDATA[
Scenario Outline: New user registration page with username entered with a space inbetween                                                                                        &amp#27;[90m# src/test/resources/Features/Registration.feature:35&amp#27;[0m
]]></system-out>
  </testcase>
  <testcase name="runScenario[&quot;New user registration page with only username and password fields entered&quot;, &quot;Registration&quot;](112)" classname="TestRunners.TestRunner" time="0.484">
    <system-out><![CDATA[
Scenario Outline: New user registration page with valid username but only numeric password and confirm password                                  &amp#27;[90m# src/test/resources/Features/Registration.feature:42&amp#27;[0m
  &amp#27;[32mWhen &amp#27;[0m&amp#27;[32mThe user clicks Register button after entering Username and password with Password Confirmation field empty on registration form from sheetname &amp#27;[0m&amp#27;[32m&amp#27;[1m"register"&amp#27;[0m&amp#27;[32m and row &amp#27;[0m&amp#27;[32m&amp#27;[1m2&amp#27;[0m &amp#27;[90m# StepDefinitions.Registration.the_user_clicks_register_button_after_entering_username_and_password_with_password_confirmation_field_empty_on_registration_form_from_sheetname(java.lang.String,java.lang.Integer)&amp#27;[0m
  &amp#27;[32mThen &amp#27;[0m&amp#27;[32mThe error message Please fill out this field. appears below Password Confirmation textbox&amp#27;[0m                                                                            &amp#27;[90m# StepDefinitions.Registration.then_the_error_message_please_fill_out_this_field_appears_below_password_confirmation_textbox()&amp#27;[0m
[INFO ] 2024-12-09 22:00:10.951 [TestNG-PoolService-2] Hooks - ======================  Test Execution is completed!! ======================
]]></system-out>
  </testcase>
  <testcase name="runScenario[&quot;New user registration page with only username and password fields entered&quot;, &quot;Registration&quot;](112)" classname="TestRunners.TestRunner" time="8.275">
    <system-out><![CDATA[
Scenario Outline: New user registration page with valid username but only numeric password and confirm password                                  &amp#27;[90m# src/test/resources/Features/Registration.feature:42&amp#27;[0m
[INFO ] 2024-12-09 22:11:42.677 [TestNG-PoolService-1] Hooks - ======================  New Test Execution is STARTED!! ======================
[INFO ] 2024-12-09 22:11:43.670 [TestNG-PoolService-3] Hooks - ======================  New Test Execution is STARTED!! ======================
[INFO ] 2024-12-09 22:11:44.638 [TestNG-PoolService-2] Hooks - ======================  New Test Execution is STARTED!! ======================
  &amp#27;[32mGiven &amp#27;[0m&amp#27;[32mThe user is on the new user registration page&amp#27;[0m                                                                                                                       &amp#27;[90m# StepDefinitions.Registration.the_user_is_on_the_new_user_registration_page()&amp#27;[0m
  &amp#27;[32mWhen &amp#27;[0m&amp#27;[32mThe user clicks Register button after entering Username and password with Password Confirmation field empty on registration form from sheetname &amp#27;[0m&amp#27;[32m&amp#27;[1m"register"&amp#27;[0m&amp#27;[32m and row &amp#27;[0m&amp#27;[32m&amp#27;[1m2&amp#27;[0m &amp#27;[90m# StepDefinitions.Registration.the_user_clicks_register_button_after_entering_username_and_password_with_password_confirmation_field_empty_on_registration_form_from_sheetname(java.lang.String,java.lang.Integer)&amp#27;[0m
  &amp#27;[32mThen &amp#27;[0m&amp#27;[32mThe error message Please fill out this field. appears below Password Confirmation textbox&amp#27;[0m                                                                            &amp#27;[90m# StepDefinitions.Registration.then_the_error_message_please_fill_out_this_field_appears_below_password_confirmation_textbox()&amp#27;[0m
[INFO ] 2024-12-09 22:11:45.698 [TestNG-PoolService-1] Hooks - ======================  Test Execution is completed!! ======================
  &amp#27;[32mGiven &amp#27;[0m&amp#27;[32mThe user is on the new user registration page&amp#27;[0m                                                                                                                            &amp#27;[90m# StepDefinitions.Registration.the_user_is_on_the_new_user_registration_page()&amp#27;[0m
  &amp#27;[32mGiven &amp#27;[0m&amp#27;[32mThe user is on the new user registration page&amp#27;[0m                                                                                            &amp#27;[90m# StepDefinitions.Registration.the_user_is_on_the_new_user_registration_page()&amp#27;[0m
  &amp#27;[32mWhen &amp#27;[0m&amp#27;[32mThe user clicks Register button after entering a username with spacebar characters other than digits and symbols on registration form from sheetname &amp#27;[0m&amp#27;[32m&amp#27;[1m"register"&amp#27;[0m&amp#27;[32m and row &amp#27;[0m&amp#27;[32m&amp#27;[1m3&amp#27;[0m &amp#27;[90m# StepDefinitions.Registration.the_user_clicks_register_button_after_entering_a_username_with_spacebar_characters_other_than_digits_and_symbols_on_registration_form_from_sheetname(java.lang.String,java.lang.Integer)&amp#27;[0m
  &amp#27;[31mThen &amp#27;[0m&amp#27;[31mThe user is displayed with error msg after entering invalid data and redirects to empty username textbox&amp#27;[0m                                                                  &amp#27;[90m# StepDefinitions.Registration.the_user_is_displayed_with_error_msg_after_entering_invalid_data_and_redirects_to_empty_username_textbox()&amp#27;[0m
      &amp#27;[31mjava.lang.AssertionError: expected [NumpyNinja] but found [Registration]
	at org.testng.Assert.fail(Assert.java:111)
	at org.testng.Assert.failNotEquals(Assert.java:1578)
	at org.testng.Assert.assertEqualsImpl(Assert.java:150)
	at org.testng.Assert.assertEquals(Assert.java:132)
	at org.testng.Assert.assertEquals(Assert.java:656)
	at org.testng.Assert.assertEquals(Assert.java:666)
	at PageObjects.RegistrationPage.checkRegistrationPageURL(RegistrationPage.java:171)
	at StepDefinitions.Registration.the_user_is_displayed_with_error_msg_after_entering_invalid_data_and_redirects_to_empty_username_textbox(Registration.java:96)
	at ✽.The user is displayed with error msg after entering invalid data and redirects to empty username textbox(file:///C:/Projects/Repo1/src/test/resources/Features/Registration.feature:32)
&amp#27;[0m
[ERROR] 2024-12-09 22:11:46.606 [TestNG-PoolService-3] Hooks - ======================  TEST CASE FAILED !! ======================
  &amp#27;[32mWhen &amp#27;[0m&amp#27;[32mThe user clicks Register button after entering a password with only numeric data on registration form from sheetname &amp#27;[0m&amp#27;[32m&amp#27;[1m"register"&amp#27;[0m&amp#27;[32m and row &amp#27;[0m&amp#27;[32m&amp#27;[1m4&amp#27;[0m &amp#27;[90m# StepDefinitions.Registration.the_user_clicks_register_button_after_entering_a_password_with_only_numeric_data_on_registration_form_from_sheetname(java.lang.String,java.lang.Integer)&amp#27;[0m
  &amp#27;[31mThen &amp#27;[0m&amp#27;[31mThe user is displayed the appropriate error msg after entering invalid data and redirects to empty confirm password textbox&amp#27;[0m               &amp#27;[90m# StepDefinitions.Registration.the_user_is_displayed_the_appropriate_error_msg_after_entering_invalid_data_and_redirects_to_empty_confirm_password_textbox()&amp#27;[0m
      &amp#27;[31mjava.lang.AssertionError: expected [Invalid password] but found [password_mismatch:The two password fields didn’t match.]
	at org.testng.Assert.fail(Assert.java:111)
	at org.testng.Assert.failNotEquals(Assert.java:1578)
	at org.testng.Assert.assertEqualsImpl(Assert.java:150)
	at org.testng.Assert.assertEquals(Assert.java:132)
	at org.testng.Assert.assertEquals(Assert.java:656)
	at org.testng.Assert.assertEquals(Assert.java:666)
	at StepDefinitions.Registration.the_user_is_displayed_the_appropriate_error_msg_after_entering_invalid_data_and_redirects_to_empty_confirm_password_textbox(Registration.java:112)
	at ✽.The user is displayed the appropriate error msg after entering invalid data and redirects to empty confirm password textbox(file:///C:/Projects/Repo1/src/test/resources/Features/Registration.feature:39)
&amp#27;[0m
[ERROR] 2024-12-09 22:11:46.677 [TestNG-PoolService-2] Hooks - ======================  TEST CASE FAILED !! ======================

    Embedding screenshot [image/png 62935 bytes]

[INFO ] 2024-12-09 22:11:46.713 [TestNG-PoolService-3] Hooks - ======================  Screenshot is captured  ======================
[INFO ] 2024-12-09 22:11:46.716 [TestNG-PoolService-3] Hooks - ======================  Test Execution is completed!! ======================

    Embedding screenshot [image/png 62935 bytes]

[INFO ] 2024-12-09 22:11:46.761 [TestNG-PoolService-2] Hooks - ======================  Screenshot is captured  ======================
[INFO ] 2024-12-09 22:11:46.773 [TestNG-PoolService-2] Hooks - ======================  Test Execution is completed!! ======================
]]></system-out>
  </testcase>
  <testcase name="runScenario[&quot;New user registration page with only username and password fields entered&quot;, &quot;Registration&quot;](112)" classname="TestRunners.TestRunner" time="5.156">
    <system-out><![CDATA[
Scenario Outline: New user registration page with valid username but only numeric password and confirm password                                  &amp#27;[90m# src/test/resources/Features/Registration.feature:42&amp#27;[0m
[INFO ] 2024-12-09 22:24:35.986 [TestNG-PoolService-3] Hooks - ======================  New Test Execution is STARTED!! ======================
  &amp#27;[32mGiven &amp#27;[0m&amp#27;[32mThe user is on the new user registration page&amp#27;[0m                                                                                                                       &amp#27;[90m# StepDefinitions.Registration.the_user_is_on_the_new_user_registration_page()&amp#27;[0m
[INFO ] 2024-12-09 22:24:38.330 [TestNG-PoolService-2] Hooks - ======================  New Test Execution is STARTED!! ======================
[INFO ] 2024-12-09 22:24:39.220 [TestNG-PoolService-1] Hooks - ======================  New Test Execution is STARTED!! ======================
  &amp#27;[32mWhen &amp#27;[0m&amp#27;[32mThe user clicks Register button after entering Username and password with Password Confirmation field empty on registration form from sheetname &amp#27;[0m&amp#27;[32m&amp#27;[1m"register"&amp#27;[0m&amp#27;[32m and row &amp#27;[0m&amp#27;[32m&amp#27;[1m2&amp#27;[0m &amp#27;[90m# StepDefinitions.Registration.the_user_clicks_register_button_after_entering_username_and_password_with_password_confirmation_field_empty_on_registration_form_from_sheetname(java.lang.String,java.lang.Integer)&amp#27;[0m
  &amp#27;[32mThen &amp#27;[0m&amp#27;[32mThe error message Please fill out this field. appears below Password Confirmation textbox&amp#27;[0m                                                                            &amp#27;[90m# StepDefinitions.Registration.then_the_error_message_please_fill_out_this_field_appears_below_password_confirmation_textbox()&amp#27;[0m
[INFO ] 2024-12-09 22:24:39.497 [TestNG-PoolService-3] Hooks - ======================  Test Execution is completed!! ======================
  &amp#27;[32mGiven &amp#27;[0m&amp#27;[32mThe user is on the new user registration page&amp#27;[0m                                                                                                                            &amp#27;[90m# StepDefinitions.Registration.the_user_is_on_the_new_user_registration_page()&amp#27;[0m
  &amp#27;[32mWhen &amp#27;[0m&amp#27;[32mThe user clicks Register button after entering a username with spacebar characters other than digits and symbols on registration form from sheetname &amp#27;[0m&amp#27;[32m&amp#27;[1m"register"&amp#27;[0m&amp#27;[32m and row &amp#27;[0m&amp#27;[32m&amp#27;[1m3&amp#27;[0m &amp#27;[90m# StepDefinitions.Registration.the_user_clicks_register_button_after_entering_a_username_with_spacebar_characters_other_than_digits_and_symbols_on_registration_form_from_sheetname(java.lang.String,java.lang.Integer)&amp#27;[0m
]]></system-out>
    <system-err><![CDATA[Dec 09, 2024 10:24:35 PM org.openqa.selenium.devtools.CdpVersionFinder findNearestMatch
WARNING: Unable to find an exact match for CDP version 131, returning the closest version; found: 130; Please update to a Selenium version that supports CDP version 131
Dec 09, 2024 10:24:38 PM org.openqa.selenium.devtools.CdpVersionFinder findNearestMatch
WARNING: Unable to find an exact match for CDP version 131, returning the closest version; found: 130; Please update to a Selenium version that supports CDP version 131
Dec 09, 2024 10:24:39 PM org.openqa.selenium.devtools.CdpVersionFinder findNearestMatch
WARNING: Unable to find an exact match for CDP version 131, returning the closest version; found: 130; Please update to a Selenium version that supports CDP version 131
]]></system-err>
  </testcase>
  <testcase name="runScenario[&quot;New user registration page with username entered with a space inbetween&quot;, &quot;Registration&quot;](113)" classname="TestRunners.TestRunner" time="3.573">
    <failure message="expected [NumpyNinja] but found [Registration]" type="java.lang.AssertionError"><![CDATA[java.lang.AssertionError: expected [NumpyNinja] but found [Registration]
]]></failure>
    <system-out><![CDATA[
Scenario Outline: New user registration page with valid username but password and confirm password fields has less than eight characters                  &amp#27;[90m# src/test/resources/Features/Registration.feature:50&amp#27;[0m
[INFO ] 2024-12-09 22:00:11.747 [TestNG-PoolService-3] Hooks - ======================  New Test Execution is STARTED!! ======================
[INFO ] 2024-12-09 22:00:12.361 [TestNG-PoolService-1] Hooks - ======================  New Test Execution is STARTED!! ======================
[INFO ] 2024-12-09 22:00:13.017 [TestNG-PoolService-2] Hooks - ======================  New Test Execution is STARTED!! ======================
  &amp#27;[32mGiven &amp#27;[0m&amp#27;[32mThe user is on the new user registration page&amp#27;[0m                                                                                                                            &amp#27;[90m# StepDefinitions.Registration.the_user_is_on_the_new_user_registration_page()&amp#27;[0m
  &amp#27;[32mGiven &amp#27;[0m&amp#27;[32mThe user is on the new user registration page&amp#27;[0m                                                                                            &amp#27;[90m# StepDefinitions.Registration.the_user_is_on_the_new_user_registration_page()&amp#27;[0m
  &amp#27;[32mWhen &amp#27;[0m&amp#27;[32mThe user clicks Register button after entering a username with spacebar characters other than digits and symbols on registration form from sheetname &amp#27;[0m&amp#27;[32m&amp#27;[1m"register"&amp#27;[0m&amp#27;[32m and row &amp#27;[0m&amp#27;[32m&amp#27;[1m3&amp#27;[0m &amp#27;[90m# StepDefinitions.Registration.the_user_clicks_register_button_after_entering_a_username_with_spacebar_characters_other_than_digits_and_symbols_on_registration_form_from_sheetname(java.lang.String,java.lang.Integer)&amp#27;[0m
  &amp#27;[31mThen &amp#27;[0m&amp#27;[31mThe user is displayed with error msg after entering invalid data and redirects to empty username textbox&amp#27;[0m                                                                  &amp#27;[90m# StepDefinitions.Registration.the_user_is_displayed_with_error_msg_after_entering_invalid_data_and_redirects_to_empty_username_textbox()&amp#27;[0m
      &amp#27;[31mjava.lang.AssertionError: expected [NumpyNinja] but found [Registration]
	at org.testng.Assert.fail(Assert.java:111)
	at org.testng.Assert.failNotEquals(Assert.java:1578)
	at org.testng.Assert.assertEqualsImpl(Assert.java:150)
	at org.testng.Assert.assertEquals(Assert.java:132)
	at org.testng.Assert.assertEquals(Assert.java:656)
	at org.testng.Assert.assertEquals(Assert.java:666)
	at PageObjects.RegistrationPage.checkRegistrationPageURL(RegistrationPage.java:171)
	at StepDefinitions.Registration.the_user_is_displayed_with_error_msg_after_entering_invalid_data_and_redirects_to_empty_username_textbox(Registration.java:96)
	at ✽.The user is displayed with error msg after entering invalid data and redirects to empty username textbox(file:///C:/Projects/Repo1/src/test/resources/Features/Registration.feature:32)
&amp#27;[0m
[ERROR] 2024-12-09 22:00:14.518 [TestNG-PoolService-3] Hooks - ======================  TEST CASE FAILED !! ======================

    Embedding screenshot [image/png 37341 bytes]

[INFO ] 2024-12-09 22:00:14.666 [TestNG-PoolService-3] Hooks - ======================  Screenshot is captured  ======================
[INFO ] 2024-12-09 22:00:14.669 [TestNG-PoolService-3] Hooks - ======================  Test Execution is completed!! ======================
  &amp#27;[32mWhen &amp#27;[0m&amp#27;[32mThe user clicks Register button after entering a password with only numeric data on registration form from sheetname &amp#27;[0m&amp#27;[32m&amp#27;[1m"register"&amp#27;[0m&amp#27;[32m and row &amp#27;[0m&amp#27;[32m&amp#27;[1m4&amp#27;[0m &amp#27;[90m# StepDefinitions.Registration.the_user_clicks_register_button_after_entering_a_password_with_only_numeric_data_on_registration_form_from_sheetname(java.lang.String,java.lang.Integer)&amp#27;[0m
  &amp#27;[31mThen &amp#27;[0m&amp#27;[31mThe user is displayed the appropriate error msg after entering invalid data and redirects to empty confirm password textbox&amp#27;[0m               &amp#27;[90m# StepDefinitions.Registration.the_user_is_displayed_the_appropriate_error_msg_after_entering_invalid_data_and_redirects_to_empty_confirm_password_textbox()&amp#27;[0m
      &amp#27;[31mjava.lang.AssertionError: expected [Invalid password] but found [password_mismatch:The two password fields didn’t match.]
	at org.testng.Assert.fail(Assert.java:111)
	at org.testng.Assert.failNotEquals(Assert.java:1578)
	at org.testng.Assert.assertEqualsImpl(Assert.java:150)
	at org.testng.Assert.assertEquals(Assert.java:132)
	at org.testng.Assert.assertEquals(Assert.java:656)
	at org.testng.Assert.assertEquals(Assert.java:666)
	at StepDefinitions.Registration.the_user_is_displayed_the_appropriate_error_msg_after_entering_invalid_data_and_redirects_to_empty_confirm_password_textbox(Registration.java:112)
	at ✽.The user is displayed the appropriate error msg after entering invalid data and redirects to empty confirm password textbox(file:///C:/Projects/Repo1/src/test/resources/Features/Registration.feature:39)
&amp#27;[0m
[ERROR] 2024-12-09 22:00:14.752 [TestNG-PoolService-1] Hooks - ======================  TEST CASE FAILED !! ======================
]]></system-out>
    <system-err><![CDATA[Dec 09, 2024 10:00:11 PM org.openqa.selenium.devtools.CdpVersionFinder findNearestMatch
WARNING: Unable to find an exact match for CDP version 131, returning the closest version; found: 130; Please update to a Selenium version that supports CDP version 131
Dec 09, 2024 10:00:12 PM org.openqa.selenium.devtools.CdpVersionFinder findNearestMatch
WARNING: Unable to find an exact match for CDP version 131, returning the closest version; found: 130; Please update to a Selenium version that supports CDP version 131
Dec 09, 2024 10:00:12 PM org.openqa.selenium.devtools.CdpVersionFinder findNearestMatch
WARNING: Unable to find an exact match for CDP version 131, returning the closest version; found: 130; Please update to a Selenium version that supports CDP version 131
]]></system-err>
  </testcase>
  <testcase name="runScenario[&quot;New user registration page with username entered with a space inbetween&quot;, &quot;Registration&quot;](113)" classname="TestRunners.TestRunner" time="1.497">
    <failure message="expected [NumpyNinja] but found [Registration]" type="java.lang.AssertionError"><![CDATA[java.lang.AssertionError: expected [NumpyNinja] but found [Registration]
]]></failure>
    <system-out><![CDATA[
Scenario Outline: New user registration page with valid username but password and confirm password fields has less than eight characters                  &amp#27;[90m# src/test/resources/Features/Registration.feature:50&amp#27;[0m
  &amp#27;[31mThen &amp#27;[0m&amp#27;[31mThe user is displayed with error msg after entering invalid data and redirects to empty username textbox&amp#27;[0m                                                                  &amp#27;[90m# StepDefinitions.Registration.the_user_is_displayed_with_error_msg_after_entering_invalid_data_and_redirects_to_empty_username_textbox()&amp#27;[0m
      &amp#27;[31mjava.lang.AssertionError: expected [NumpyNinja] but found [Registration]
	at org.testng.Assert.fail(Assert.java:111)
	at org.testng.Assert.failNotEquals(Assert.java:1578)
	at org.testng.Assert.assertEqualsImpl(Assert.java:150)
	at org.testng.Assert.assertEquals(Assert.java:132)
	at org.testng.Assert.assertEquals(Assert.java:656)
	at org.testng.Assert.assertEquals(Assert.java:666)
	at PageObjects.RegistrationPage.checkRegistrationPageURL(RegistrationPage.java:171)
	at StepDefinitions.Registration.the_user_is_displayed_with_error_msg_after_entering_invalid_data_and_redirects_to_empty_username_textbox(Registration.java:96)
	at ✽.The user is displayed with error msg after entering invalid data and redirects to empty username textbox(file:///C:/Projects/Repo1/src/test/resources/Features/Registration.feature:32)
&amp#27;[0m
[ERROR] 2024-12-09 22:24:41.035 [TestNG-PoolService-2] Hooks - ======================  TEST CASE FAILED !! ======================

    Embedding screenshot [image/png 37391 bytes]

[INFO ] 2024-12-09 22:24:41.181 [TestNG-PoolService-2] Hooks - ======================  Screenshot is captured  ======================
[INFO ] 2024-12-09 22:24:41.183 [TestNG-PoolService-2] Hooks - ======================  Test Execution is completed!! ======================
  &amp#27;[32mGiven &amp#27;[0m&amp#27;[32mThe user is on the new user registration page&amp#27;[0m                                                                                            &amp#27;[90m# StepDefinitions.Registration.the_user_is_on_the_new_user_registration_page()&amp#27;[0m
  &amp#27;[32mWhen &amp#27;[0m&amp#27;[32mThe user clicks Register button after entering a password with only numeric data on registration form from sheetname &amp#27;[0m&amp#27;[32m&amp#27;[1m"register"&amp#27;[0m&amp#27;[32m and row &amp#27;[0m&amp#27;[32m&amp#27;[1m4&amp#27;[0m &amp#27;[90m# StepDefinitions.Registration.the_user_clicks_register_button_after_entering_a_password_with_only_numeric_data_on_registration_form_from_sheetname(java.lang.String,java.lang.Integer)&amp#27;[0m
  &amp#27;[31mThen &amp#27;[0m&amp#27;[31mThe user is displayed the appropriate error msg after entering invalid data and redirects to empty confirm password textbox&amp#27;[0m               &amp#27;[90m# StepDefinitions.Registration.the_user_is_displayed_the_appropriate_error_msg_after_entering_invalid_data_and_redirects_to_empty_confirm_password_textbox()&amp#27;[0m
      &amp#27;[31mjava.lang.AssertionError: expected [Invalid password] but found [password_mismatch:The two password fields didn’t match.]
	at org.testng.Assert.fail(Assert.java:111)
	at org.testng.Assert.failNotEquals(Assert.java:1578)
	at org.testng.Assert.assertEqualsImpl(Assert.java:150)
	at org.testng.Assert.assertEquals(Assert.java:132)
	at org.testng.Assert.assertEquals(Assert.java:656)
	at org.testng.Assert.assertEquals(Assert.java:666)
	at StepDefinitions.Registration.the_user_is_displayed_the_appropriate_error_msg_after_entering_invalid_data_and_redirects_to_empty_confirm_password_textbox(Registration.java:112)
	at ✽.The user is displayed the appropriate error msg after entering invalid data and redirects to empty confirm password textbox(file:///C:/Projects/Repo1/src/test/resources/Features/Registration.feature:39)
&amp#27;[0m
[ERROR] 2024-12-09 22:24:42.402 [TestNG-PoolService-1] Hooks - ======================  TEST CASE FAILED !! ======================
]]></system-out>
    <system-err><![CDATA[Dec 09, 2024 10:24:42 PM org.openqa.selenium.devtools.CdpVersionFinder findNearestMatch
WARNING: Unable to find an exact match for CDP version 131, returning the closest version; found: 130; Please update to a Selenium version that supports CDP version 131
]]></system-err>
  </testcase>
  <testcase name="runScenario[&quot;New user registration page with valid username but only numeric password and confirm password&quot;, &quot;Registration&quot;](114)" classname="TestRunners.TestRunner" time="0.219">
    <failure message="expected [Invalid password] but found [password_mismatch:The two password fields didn’t match.]" type="java.lang.AssertionError"><![CDATA[java.lang.AssertionError: expected [Invalid password] but found [password_mismatch:The two password fields didn’t match.]
]]></failure>
    <system-out><![CDATA[
Scenario Outline: New user registration page on registration with different passwords entered in password and confirm password fields                           &amp#27;[90m# src/test/resources/Features/Registration.feature:58&amp#27;[0m

    Embedding screenshot [image/png 37341 bytes]

[INFO ] 2024-12-09 22:00:14.876 [TestNG-PoolService-1] Hooks - ======================  Screenshot is captured  ======================
[INFO ] 2024-12-09 22:00:14.877 [TestNG-PoolService-1] Hooks - ======================  Test Execution is completed!! ======================
]]></system-out>
  </testcase>
  <testcase name="runScenario[&quot;New user registration page with valid username but only numeric password and confirm password&quot;, &quot;Registration&quot;](114)" classname="TestRunners.TestRunner" time="1.562">
    <failure message="expected [Invalid password] but found [password_mismatch:The two password fields didn’t match.]" type="java.lang.AssertionError"><![CDATA[java.lang.AssertionError: expected [Invalid password] but found [password_mismatch:The two password fields didn’t match.]
]]></failure>
    <system-out><![CDATA[
Scenario Outline: New user registration page on registration with different passwords entered in password and confirm password fields                           &amp#27;[90m# src/test/resources/Features/Registration.feature:58&amp#27;[0m
[INFO ] 2024-12-09 22:24:42.521 [TestNG-PoolService-3] Hooks - ======================  New Test Execution is STARTED!! ======================

    Embedding screenshot [image/png 37373 bytes]

[INFO ] 2024-12-09 22:24:42.636 [TestNG-PoolService-1] Hooks - ======================  Screenshot is captured  ======================
[INFO ] 2024-12-09 22:24:42.640 [TestNG-PoolService-1] Hooks - ======================  Test Execution is completed!! ======================
]]></system-out>
  </testcase>
  <testcase name="runScenario[&quot;New user registration page with valid username but password and confirm password fields has less than eight characters&quot;, &quot;Registration&quot;](115)" classname="TestRunners.TestRunner" time="1.869">
    <failure message="expected [Invalid password] but found [password_mismatch:The two password fields didn’t match.]" type="java.lang.AssertionError"><![CDATA[java.lang.AssertionError: expected [Invalid password] but found [password_mismatch:The two password fields didn’t match.]
]]></failure>
    <system-out><![CDATA[
Scenario Outline: New user registration page with all valid credentials entered                                                                          &amp#27;[90m# src/test/resources/Features/Registration.feature:65&amp#27;[0m
  &amp#27;[32mGiven &amp#27;[0m&amp#27;[32mThe user is on the new user registration page&amp#27;[0m                                                                                                     &amp#27;[90m# StepDefinitions.Registration.the_user_is_on_the_new_user_registration_page()&amp#27;[0m
[INFO ] 2024-12-09 22:00:16.458 [TestNG-PoolService-3] Hooks - ======================  New Test Execution is STARTED!! ======================
  &amp#27;[32mWhen &amp#27;[0m&amp#27;[32mThe user clicks Register button after entering a Password with characters less than eight on registration form from sheetname &amp#27;[0m&amp#27;[32m&amp#27;[1m"register"&amp#27;[0m&amp#27;[32m and row &amp#27;[0m&amp#27;[32m&amp#27;[1m5&amp#27;[0m &amp#27;[90m# StepDefinitions.Registration.the_user_clicks_register_button_after_entering_a_password_with_characters_less_than_eight_on_registration_form_from_sheetname(java.lang.String,java.lang.Integer)&amp#27;[0m
  &amp#27;[31mThen &amp#27;[0m&amp#27;[31mThe user is displayed the appropriate error msg after entering invalid data and  redirects to empty password confirm textbox&amp#27;[0m                       &amp#27;[90m# StepDefinitions.Registration.the_user_is_displayed_the_appropriate_error_msg_after_entering_invalid_data_and_redirects_to_empty_password_confirm_textbox()&amp#27;[0m
      &amp#27;[31mjava.lang.AssertionError: expected [Invalid password] but found [password_mismatch:The two password fields didn’t match.]
	at org.testng.Assert.fail(Assert.java:111)
	at org.testng.Assert.failNotEquals(Assert.java:1578)
	at org.testng.Assert.assertEqualsImpl(Assert.java:150)
	at org.testng.Assert.assertEquals(Assert.java:132)
	at org.testng.Assert.assertEquals(Assert.java:656)
	at org.testng.Assert.assertEquals(Assert.java:666)
	at StepDefinitions.Registration.the_user_is_displayed_the_appropriate_error_msg_after_entering_invalid_data_and_redirects_to_empty_password_confirm_textbox(Registration.java:133)
	at ✽.The user is displayed the appropriate error msg after entering invalid data and  redirects to empty password confirm textbox(file:///C:/Projects/Repo1/src/test/resources/Features/Registration.feature:47)
&amp#27;[0m
[ERROR] 2024-12-09 22:00:16.544 [TestNG-PoolService-2] Hooks - ======================  TEST CASE FAILED !! ======================
[INFO ] 2024-12-09 22:00:16.686 [TestNG-PoolService-1] Hooks - ======================  New Test Execution is STARTED!! ======================

    Embedding screenshot [image/png 37341 bytes]

[INFO ] 2024-12-09 22:00:16.729 [TestNG-PoolService-2] Hooks - ======================  Screenshot is captured  ======================
[INFO ] 2024-12-09 22:00:16.733 [TestNG-PoolService-2] Hooks - ======================  Test Execution is completed!! ======================
]]></system-out>
    <system-err><![CDATA[Dec 09, 2024 10:00:16 PM org.openqa.selenium.devtools.CdpVersionFinder findNearestMatch
WARNING: Unable to find an exact match for CDP version 131, returning the closest version; found: 130; Please update to a Selenium version that supports CDP version 131
Dec 09, 2024 10:00:16 PM org.openqa.selenium.devtools.CdpVersionFinder findNearestMatch
WARNING: Unable to find an exact match for CDP version 131, returning the closest version; found: 130; Please update to a Selenium version that supports CDP version 131
]]></system-err>
  </testcase>
  <testcase name="runScenario[&quot;New user registration page with valid username but password and confirm password fields has less than eight characters&quot;, &quot;Registration&quot;](115)" classname="TestRunners.TestRunner" time="8.805">
    <failure message="expected [Invalid password] but found [password_mismatch:The two password fields didn’t match.]" type="java.lang.AssertionError"><![CDATA[java.lang.AssertionError: expected [Invalid password] but found [password_mismatch:The two password fields didn’t match.]
]]></failure>
    <system-out><![CDATA[
Scenario Outline: New user registration page with all valid credentials entered                                                                          &amp#27;[90m# src/test/resources/Features/Registration.feature:65&amp#27;[0m
[INFO ] 2024-12-09 22:11:52.318 [TestNG-PoolService-1] Hooks - ======================  New Test Execution is STARTED!! ======================
[INFO ] 2024-12-09 22:11:53.826 [TestNG-PoolService-2] Hooks - ======================  New Test Execution is STARTED!! ======================
[INFO ] 2024-12-09 22:11:54.189 [TestNG-PoolService-3] Hooks - ======================  New Test Execution is STARTED!! ======================
  &amp#27;[32mGiven &amp#27;[0m&amp#27;[32mThe user is on the new user registration page&amp#27;[0m                                                                                                     &amp#27;[90m# StepDefinitions.Registration.the_user_is_on_the_new_user_registration_page()&amp#27;[0m
  &amp#27;[32mWhen &amp#27;[0m&amp#27;[32mThe user clicks Register button after entering a Password with characters less than eight on registration form from sheetname &amp#27;[0m&amp#27;[32m&amp#27;[1m"register"&amp#27;[0m&amp#27;[32m and row &amp#27;[0m&amp#27;[32m&amp#27;[1m5&amp#27;[0m &amp#27;[90m# StepDefinitions.Registration.the_user_clicks_register_button_after_entering_a_password_with_characters_less_than_eight_on_registration_form_from_sheetname(java.lang.String,java.lang.Integer)&amp#27;[0m
  &amp#27;[31mThen &amp#27;[0m&amp#27;[31mThe user is displayed the appropriate error msg after entering invalid data and  redirects to empty password confirm textbox&amp#27;[0m                       &amp#27;[90m# StepDefinitions.Registration.the_user_is_displayed_the_appropriate_error_msg_after_entering_invalid_data_and_redirects_to_empty_password_confirm_textbox()&amp#27;[0m
      &amp#27;[31mjava.lang.AssertionError: expected [Invalid password] but found [password_mismatch:The two password fields didn’t match.]
	at org.testng.Assert.fail(Assert.java:111)
	at org.testng.Assert.failNotEquals(Assert.java:1578)
	at org.testng.Assert.assertEqualsImpl(Assert.java:150)
	at org.testng.Assert.assertEquals(Assert.java:132)
	at org.testng.Assert.assertEquals(Assert.java:656)
	at org.testng.Assert.assertEquals(Assert.java:666)
	at StepDefinitions.Registration.the_user_is_displayed_the_appropriate_error_msg_after_entering_invalid_data_and_redirects_to_empty_password_confirm_textbox(Registration.java:133)
	at ✽.The user is displayed the appropriate error msg after entering invalid data and  redirects to empty password confirm textbox(file:///C:/Projects/Repo1/src/test/resources/Features/Registration.feature:47)
&amp#27;[0m
[ERROR] 2024-12-09 22:11:55.261 [TestNG-PoolService-1] Hooks - ======================  TEST CASE FAILED !! ======================

    Embedding screenshot [image/png 62935 bytes]

[INFO ] 2024-12-09 22:11:55.407 [TestNG-PoolService-1] Hooks - ======================  Screenshot is captured  ======================
[INFO ] 2024-12-09 22:11:55.428 [TestNG-PoolService-1] Hooks - ======================  Test Execution is completed!! ======================
  &amp#27;[32mGiven &amp#27;[0m&amp#27;[32mThe user is on the new user registration page&amp#27;[0m                                                                                                    &amp#27;[90m# StepDefinitions.Registration.the_user_is_on_the_new_user_registration_page()&amp#27;[0m
  &amp#27;[32mGiven &amp#27;[0m&amp#27;[32mThe user is on the new user registration page&amp#27;[0m                                                                                                           &amp#27;[90m# StepDefinitions.Registration.the_user_is_on_the_new_user_registration_page()&amp#27;[0m
  &amp#27;[32mWhen &amp#27;[0m&amp#27;[32mThe user clicks Register button after user fills registration form from sheetname &amp#27;[0m&amp#27;[32m&amp#27;[1m"register"&amp#27;[0m&amp#27;[32m and row &amp#27;[0m&amp#27;[32m&amp#27;[1m7&amp#27;[0m                                            &amp#27;[90m# StepDefinitions.Registration.the_user_clicks_register_button_after_user_fills_registration_form_from_sheetname_and_row(java.lang.String,java.lang.Integer)&amp#27;[0m
  &amp#27;[31mThen &amp#27;[0m&amp#27;[31mThe user is redirected to Home Page of DS Algo with success message - New Account Created. You are logged in as username on the DS Algo Home Page&amp#27;[0m &amp#27;[90m# StepDefinitions.Registration.the_user_is_redirected_to_home_page_of_ds_algo_with_success_message_new_account_created_you_are_logged_in_as_username_on_the_ds_algo_home_page()&amp#27;[0m
      &amp#27;[31mjava.lang.AssertionError: expected [New Account Created. You are logged in as 11111dddfrtfg] but found [password_mismatch:The two password fields didn’t match.]
	at org.testng.Assert.fail(Assert.java:111)
	at org.testng.Assert.failNotEquals(Assert.java:1578)
	at org.testng.Assert.assertEqualsImpl(Assert.java:150)
	at org.testng.Assert.assertEquals(Assert.java:132)
	at org.testng.Assert.assertEquals(Assert.java:656)
	at org.testng.Assert.assertEquals(Assert.java:666)
	at StepDefinitions.Registration.the_user_is_redirected_to_home_page_of_ds_algo_with_success_message_new_account_created_you_are_logged_in_as_username_on_the_ds_algo_home_page(Registration.java:171)
	at ✽.The user is redirected to Home Page of DS Algo with success message - New Account Created. You are logged in as username on the DS Algo Home Page(file:///C:/Projects/Repo1/src/test/resources/Features/Registration.feature:62)
&amp#27;[0m
[ERROR] 2024-12-09 22:11:56.267 [TestNG-PoolService-3] Hooks - ======================  TEST CASE FAILED !! ======================

    Embedding screenshot [image/png 62935 bytes]

[INFO ] 2024-12-09 22:11:56.329 [TestNG-PoolService-3] Hooks - ======================  Screenshot is captured  ======================
[INFO ] 2024-12-09 22:11:56.332 [TestNG-PoolService-3] Hooks - ======================  Test Execution is completed!! ======================
  &amp#27;[32mWhen &amp#27;[0m&amp#27;[32mThe user clicks Register button after entering different passwords in Password and Password Confirmation fields form from sheetname &amp#27;[0m&amp#27;[32m&amp#27;[1m"register"&amp#27;[0m&amp#27;[32m and row &amp#27;[0m&amp#27;[32m&amp#27;[1m6&amp#27;[0m &amp#27;[90m# StepDefinitions.Registration.the_user_clicks_register_button_after_entering_different_passwords_in_password_and_password_confirmation_fields_on_registration_form_from_sheetname(java.lang.String,java.lang.Integer)&amp#27;[0m
  &amp#27;[32mThen &amp#27;[0m&amp#27;[32mThe user is displayed with a warning message password_mismatch:The two password fields didn’t match.&amp#27;[0m                                                     &amp#27;[90m# StepDefinitions.Registration.the_user_is_displayed_with_a_warning_message_password_mismatch_the_two_password_fields_didn_t_match()&amp#27;[0m
[INFO ] 2024-12-09 22:11:56.496 [TestNG-PoolService-2] Hooks - ======================  Test Execution is completed!! ======================
]]></system-out>
  </testcase>
  <testcase name="runScenario[&quot;New user registration page with valid username but password and confirm password fields has less than eight characters&quot;, &quot;Registration&quot;](115)" classname="TestRunners.TestRunner" time="2.969">
    <failure message="expected [Invalid password] but found [password_mismatch:The two password fields didn’t match.]" type="java.lang.AssertionError"><![CDATA[java.lang.AssertionError: expected [Invalid password] but found [password_mismatch:The two password fields didn’t match.]
]]></failure>
    <system-out><![CDATA[
Scenario Outline: New user registration page with all valid credentials entered                                                                          &amp#27;[90m# src/test/resources/Features/Registration.feature:65&amp#27;[0m
  &amp#27;[32mGiven &amp#27;[0m&amp#27;[32mThe user is on the new user registration page&amp#27;[0m                                                                                                     &amp#27;[90m# StepDefinitions.Registration.the_user_is_on_the_new_user_registration_page()&amp#27;[0m
  &amp#27;[32mWhen &amp#27;[0m&amp#27;[32mThe user clicks Register button after entering a Password with characters less than eight on registration form from sheetname &amp#27;[0m&amp#27;[32m&amp#27;[1m"register"&amp#27;[0m&amp#27;[32m and row &amp#27;[0m&amp#27;[32m&amp#27;[1m5&amp#27;[0m &amp#27;[90m# StepDefinitions.Registration.the_user_clicks_register_button_after_entering_a_password_with_characters_less_than_eight_on_registration_form_from_sheetname(java.lang.String,java.lang.Integer)&amp#27;[0m
  &amp#27;[31mThen &amp#27;[0m&amp#27;[31mThe user is displayed the appropriate error msg after entering invalid data and  redirects to empty password confirm textbox&amp#27;[0m                       &amp#27;[90m# StepDefinitions.Registration.the_user_is_displayed_the_appropriate_error_msg_after_entering_invalid_data_and_redirects_to_empty_password_confirm_textbox()&amp#27;[0m
      &amp#27;[31mjava.lang.AssertionError: expected [Invalid password] but found [password_mismatch:The two password fields didn’t match.]
	at org.testng.Assert.fail(Assert.java:111)
	at org.testng.Assert.failNotEquals(Assert.java:1578)
	at org.testng.Assert.assertEqualsImpl(Assert.java:150)
	at org.testng.Assert.assertEquals(Assert.java:132)
	at org.testng.Assert.assertEquals(Assert.java:656)
	at org.testng.Assert.assertEquals(Assert.java:666)
	at StepDefinitions.Registration.the_user_is_displayed_the_appropriate_error_msg_after_entering_invalid_data_and_redirects_to_empty_password_confirm_textbox(Registration.java:133)
	at ✽.The user is displayed the appropriate error msg after entering invalid data and  redirects to empty password confirm textbox(file:///C:/Projects/Repo1/src/test/resources/Features/Registration.feature:47)
&amp#27;[0m
[ERROR] 2024-12-09 22:24:45.435 [TestNG-PoolService-3] Hooks - ======================  TEST CASE FAILED !! ======================
[INFO ] 2024-12-09 22:24:45.575 [TestNG-PoolService-2] Hooks - ======================  New Test Execution is STARTED!! ======================

    Embedding screenshot [image/png 37391 bytes]

[INFO ] 2024-12-09 22:24:45.647 [TestNG-PoolService-3] Hooks - ======================  Screenshot is captured  ======================
[INFO ] 2024-12-09 22:24:45.648 [TestNG-PoolService-3] Hooks - ======================  Test Execution is completed!! ======================
[INFO ] 2024-12-09 22:24:46.933 [TestNG-PoolService-1] Hooks - ======================  New Test Execution is STARTED!! ======================
]]></system-out>
    <system-err><![CDATA[Dec 09, 2024 10:24:45 PM org.openqa.selenium.devtools.CdpVersionFinder findNearestMatch
WARNING: Unable to find an exact match for CDP version 131, returning the closest version; found: 130; Please update to a Selenium version that supports CDP version 131
Dec 09, 2024 10:24:46 PM org.openqa.selenium.devtools.CdpVersionFinder findNearestMatch
WARNING: Unable to find an exact match for CDP version 131, returning the closest version; found: 130; Please update to a Selenium version that supports CDP version 131
]]></system-err>
  </testcase>
  <testcase name="runScenario[&quot;New user registration page with all valid credentials entered&quot;, &quot;Registration&quot;](116)" classname="TestRunners.TestRunner" time="2.377">
    <failure message="expected [New Account Created. You are logged in as 11111dddfrtfg] but found [password_mismatch:The two password fields didn’t match.]" type="java.lang.AssertionError"><![CDATA[java.lang.AssertionError: expected [New Account Created. You are logged in as 11111dddfrtfg] but found [password_mismatch:The two password fields didn’t match.]
]]></failure>
    <system-out><![CDATA[
Scenario Outline: New user registration page where login button is clicked &amp#27;[90m# src/test/resources/Features/Registration.feature:67&amp#27;[0m
[INFO ] 2024-12-09 22:00:18.184 [TestNG-PoolService-2] Hooks - ======================  New Test Execution is STARTED!! ======================
  &amp#27;[32mGiven &amp#27;[0m&amp#27;[32mThe user is on the new user registration page&amp#27;[0m                                                                                                    &amp#27;[90m# StepDefinitions.Registration.the_user_is_on_the_new_user_registration_page()&amp#27;[0m
  &amp#27;[32mWhen &amp#27;[0m&amp#27;[32mThe user clicks Register button after user fills registration form from sheetname &amp#27;[0m&amp#27;[32m&amp#27;[1m"register"&amp#27;[0m&amp#27;[32m and row &amp#27;[0m&amp#27;[32m&amp#27;[1m7&amp#27;[0m                                            &amp#27;[90m# StepDefinitions.Registration.the_user_clicks_register_button_after_user_fills_registration_form_from_sheetname_and_row(java.lang.String,java.lang.Integer)&amp#27;[0m
  &amp#27;[31mThen &amp#27;[0m&amp#27;[31mThe user is redirected to Home Page of DS Algo with success message - New Account Created. You are logged in as username on the DS Algo Home Page&amp#27;[0m &amp#27;[90m# StepDefinitions.Registration.the_user_is_redirected_to_home_page_of_ds_algo_with_success_message_new_account_created_you_are_logged_in_as_username_on_the_ds_algo_home_page()&amp#27;[0m
      &amp#27;[31mjava.lang.AssertionError: expected [New Account Created. You are logged in as 11111dddfrtfg] but found [password_mismatch:The two password fields didn’t match.]
	at org.testng.Assert.fail(Assert.java:111)
	at org.testng.Assert.failNotEquals(Assert.java:1578)
	at org.testng.Assert.assertEqualsImpl(Assert.java:150)
	at org.testng.Assert.assertEquals(Assert.java:132)
	at org.testng.Assert.assertEquals(Assert.java:656)
	at org.testng.Assert.assertEquals(Assert.java:666)
	at StepDefinitions.Registration.the_user_is_redirected_to_home_page_of_ds_algo_with_success_message_new_account_created_you_are_logged_in_as_username_on_the_ds_algo_home_page(Registration.java:171)
	at ✽.The user is redirected to Home Page of DS Algo with success message - New Account Created. You are logged in as username on the DS Algo Home Page(file:///C:/Projects/Repo1/src/test/resources/Features/Registration.feature:62)
&amp#27;[0m
[ERROR] 2024-12-09 22:00:18.916 [TestNG-PoolService-1] Hooks - ======================  TEST CASE FAILED !! ======================
  &amp#27;[32mGiven &amp#27;[0m&amp#27;[32mThe user is on the new user registration page&amp#27;[0m                                                                                                           &amp#27;[90m# StepDefinitions.Registration.the_user_is_on_the_new_user_registration_page()&amp#27;[0m

    Embedding screenshot [image/png 37341 bytes]

[INFO ] 2024-12-09 22:00:19.118 [TestNG-PoolService-1] Hooks - ======================  Screenshot is captured  ======================
[INFO ] 2024-12-09 22:00:19.120 [TestNG-PoolService-1] Hooks - ======================  Test Execution is completed!! ======================
]]></system-out>
    <system-err><![CDATA[Dec 09, 2024 10:00:18 PM org.openqa.selenium.devtools.CdpVersionFinder findNearestMatch
WARNING: Unable to find an exact match for CDP version 131, returning the closest version; found: 130; Please update to a Selenium version that supports CDP version 131
]]></system-err>
  </testcase>
  <testcase name="runScenario[&quot;New user registration page with all valid credentials entered&quot;, &quot;Registration&quot;](116)" classname="TestRunners.TestRunner" time="0.44">
    <failure message="expected [New Account Created. You are logged in as 11111dddfrtfg] but found [password_mismatch:The two password fields didn’t match.]" type="java.lang.AssertionError"><![CDATA[java.lang.AssertionError: expected [New Account Created. You are logged in as 11111dddfrtfg] but found [password_mismatch:The two password fields didn’t match.]
]]></failure>
    <system-out><![CDATA[
Scenario Outline: New user registration page where login button is clicked &amp#27;[90m# src/test/resources/Features/Registration.feature:67&amp#27;[0m
]]></system-out>
  </testcase>
  <testcase name="runScenario[&quot;New user registration page on registration with different passwords entered in password and confirm password fields&quot;, &quot;Registration&quot;](117)" classname="TestRunners.TestRunner" time="0.479">
    <system-out><![CDATA[
Scenario Outline: New user registration page where SignIn button is clicked &amp#27;[90m# src/test/resources/Features/Registration.feature:71&amp#27;[0m
  &amp#27;[32mWhen &amp#27;[0m&amp#27;[32mThe user clicks Register button after entering different passwords in Password and Password Confirmation fields form from sheetname &amp#27;[0m&amp#27;[32m&amp#27;[1m"register"&amp#27;[0m&amp#27;[32m and row &amp#27;[0m&amp#27;[32m&amp#27;[1m6&amp#27;[0m &amp#27;[90m# StepDefinitions.Registration.the_user_clicks_register_button_after_entering_different_passwords_in_password_and_password_confirmation_fields_on_registration_form_from_sheetname(java.lang.String,java.lang.Integer)&amp#27;[0m
  &amp#27;[32mThen &amp#27;[0m&amp#27;[32mThe user is displayed with a warning message password_mismatch:The two password fields didn’t match.&amp#27;[0m                                                     &amp#27;[90m# StepDefinitions.Registration.the_user_is_displayed_with_a_warning_message_password_mismatch_the_two_password_fields_didn_t_match()&amp#27;[0m
[INFO ] 2024-12-09 22:00:19.617 [TestNG-PoolService-3] Hooks - ======================  Test Execution is completed!! ======================
]]></system-out>
  </testcase>
  <testcase name="runScenario[&quot;New user registration page on registration with different passwords entered in password and confirm password fields&quot;, &quot;Registration&quot;](117)" classname="TestRunners.TestRunner" time="0.394">
    <system-out><![CDATA[
Scenario Outline: New user registration page where SignIn button is clicked &amp#27;[90m# src/test/resources/Features/Registration.feature:71&amp#27;[0m
]]></system-out>
  </testcase>
  <testcase name="runScenario[&quot;New user registration page where login button is clicked&quot;, &quot;Registration&quot;](118)" classname="TestRunners.TestRunner" time="1.003">
    <system-out><![CDATA[
Scenario: Validate user navigated to stack details page when clicked on get started &amp#27;[90m# src/test/resources/Features/StackPage.feature:8&amp#27;[0m
  &amp#27;[32mGiven &amp#27;[0m&amp#27;[32mThe user is on the new user registration page&amp#27;[0m                      &amp#27;[90m# StepDefinitions.Registration.the_user_is_on_the_new_user_registration_page()&amp#27;[0m
  &amp#27;[32mWhen &amp#27;[0m&amp#27;[32mUser clicks on login button from registration page&amp#27;[0m                  &amp#27;[90m# StepDefinitions.Registration.user_clicks_on_login_button_from_registration_page()&amp#27;[0m
  &amp#27;[32mThen &amp#27;[0m&amp#27;[32muser lands on login page&amp#27;[0m                                            &amp#27;[90m# StepDefinitions.Registration.user_lands_on_login_page()&amp#27;[0m
[INFO ] 2024-12-09 22:00:20.407 [TestNG-PoolService-2] Hooks - ======================  Test Execution is completed!! ======================
[INFO ] 2024-12-09 22:00:20.649 [TestNG-PoolService-1] Hooks - ======================  New Test Execution is STARTED!! ======================
]]></system-out>
    <system-err><![CDATA[Dec 09, 2024 10:00:20 PM org.openqa.selenium.devtools.CdpVersionFinder findNearestMatch
WARNING: Unable to find an exact match for CDP version 131, returning the closest version; found: 130; Please update to a Selenium version that supports CDP version 131
]]></system-err>
  </testcase>
  <testcase name="runScenario[&quot;New user registration page where login button is clicked&quot;, &quot;Registration&quot;](118)" classname="TestRunners.TestRunner" time="8.301">
    <system-out><![CDATA[
Scenario: Validate user navigated to stack details page when clicked on get started &amp#27;[90m# src/test/resources/Features/StackPage.feature:8&amp#27;[0m
[INFO ] 2024-12-09 22:12:02.158 [TestNG-PoolService-1] Hooks - ======================  New Test Execution is STARTED!! ======================
[INFO ] 2024-12-09 22:12:03.375 [TestNG-PoolService-3] Hooks - ======================  New Test Execution is STARTED!! ======================
[INFO ] 2024-12-09 22:12:04.076 [TestNG-PoolService-2] Hooks - ======================  New Test Execution is STARTED!! ======================
  &amp#27;[32mGiven &amp#27;[0m&amp#27;[32mThe user is on the new user registration page&amp#27;[0m                      &amp#27;[90m# StepDefinitions.Registration.the_user_is_on_the_new_user_registration_page()&amp#27;[0m
  &amp#27;[32mWhen &amp#27;[0m&amp#27;[32mUser clicks on login button from registration page&amp#27;[0m                  &amp#27;[90m# StepDefinitions.Registration.user_clicks_on_login_button_from_registration_page()&amp#27;[0m
  &amp#27;[32mThen &amp#27;[0m&amp#27;[32muser lands on login page&amp#27;[0m                                            &amp#27;[90m# StepDefinitions.Registration.user_lands_on_login_page()&amp#27;[0m
[INFO ] 2024-12-09 22:12:04.597 [TestNG-PoolService-1] Hooks - ======================  Test Execution is completed!! ======================
  &amp#27;[32mGiven &amp#27;[0m&amp#27;[32mThe user is on the new user registration page&amp#27;[0m                       &amp#27;[90m# StepDefinitions.Registration.the_user_is_on_the_new_user_registration_page()&amp#27;[0m
  &amp#27;[32mWhen &amp#27;[0m&amp#27;[32mUser clicks on SignIn button from registration page&amp#27;[0m                  &amp#27;[90m# StepDefinitions.Registration.user_clicks_on_sign_in_button_from_registration_page()&amp#27;[0m
  &amp#27;[32mThen &amp#27;[0m&amp#27;[32muser lands on login page&amp#27;[0m                                             &amp#27;[90m# StepDefinitions.Registration.user_lands_on_login_page()&amp#27;[0m
[INFO ] 2024-12-09 22:12:05.836 [TestNG-PoolService-3] Hooks - ======================  Test Execution is completed!! ======================
  &amp#27;[32mGiven &amp#27;[0m&amp#27;[32mThe user is on the DS Introduction page as signedIn&amp#27;[0m                         &amp#27;[90m# StepDefinitions.DSIntroductionDetails.the_user_is_on_the_ds_introduction_page_as_signed_in()&amp#27;[0m
]]></system-out>
  </testcase>
  <testcase name="runScenario[&quot;New user registration page where login button is clicked&quot;, &quot;Registration&quot;](118)" classname="TestRunners.TestRunner" time="0.542">
    <system-out><![CDATA[
Scenario: Validate user navigated to stack details page when clicked on get started &amp#27;[90m# src/test/resources/Features/StackPage.feature:8&amp#27;[0m
]]></system-out>
  </testcase>
  <testcase name="runScenario[&quot;New user registration page where SignIn button is clicked&quot;, &quot;Registration&quot;](119)" classname="TestRunners.TestRunner" time="1.993">
    <system-out><![CDATA[
Scenario: Validate user can navigate to Operations in Stack page &amp#27;[90m# src/test/resources/Features/StackPage.feature:11&amp#27;[0m
[INFO ] 2024-12-09 22:00:21.397 [TestNG-PoolService-3] Hooks - ======================  New Test Execution is STARTED!! ======================
[INFO ] 2024-12-09 22:00:22.343 [TestNG-PoolService-2] Hooks - ======================  New Test Execution is STARTED!! ======================
  &amp#27;[32mGiven &amp#27;[0m&amp#27;[32mThe user is on the new user registration page&amp#27;[0m                       &amp#27;[90m# StepDefinitions.Registration.the_user_is_on_the_new_user_registration_page()&amp#27;[0m
  &amp#27;[32mWhen &amp#27;[0m&amp#27;[32mUser clicks on SignIn button from registration page&amp#27;[0m                  &amp#27;[90m# StepDefinitions.Registration.user_clicks_on_sign_in_button_from_registration_page()&amp#27;[0m
  &amp#27;[32mThen &amp#27;[0m&amp#27;[32muser lands on login page&amp#27;[0m                                             &amp#27;[90m# StepDefinitions.Registration.user_lands_on_login_page()&amp#27;[0m
[INFO ] 2024-12-09 22:00:22.607 [TestNG-PoolService-1] Hooks - ======================  Test Execution is completed!! ======================
]]></system-out>
    <system-err><![CDATA[Dec 09, 2024 10:00:21 PM org.openqa.selenium.devtools.CdpVersionFinder findNearestMatch
WARNING: Unable to find an exact match for CDP version 131, returning the closest version; found: 130; Please update to a Selenium version that supports CDP version 131
Dec 09, 2024 10:00:22 PM org.openqa.selenium.devtools.CdpVersionFinder findNearestMatch
WARNING: Unable to find an exact match for CDP version 131, returning the closest version; found: 130; Please update to a Selenium version that supports CDP version 131
]]></system-err>
  </testcase>
  <testcase name="runScenario[&quot;New user registration page where SignIn button is clicked&quot;, &quot;Registration&quot;](119)" classname="TestRunners.TestRunner" time="5.229">
    <system-out><![CDATA[
Scenario: Validate user can navigate to Operations in Stack page &amp#27;[90m# src/test/resources/Features/StackPage.feature:11&amp#27;[0m
[INFO ] 2024-12-09 22:24:53.888 [TestNG-PoolService-1] Hooks - ======================  New Test Execution is STARTED!! ======================
[INFO ] 2024-12-09 22:24:53.976 [TestNG-PoolService-2] Hooks - ======================  New Test Execution is STARTED!! ======================
[INFO ] 2024-12-09 22:24:56.063 [TestNG-PoolService-3] Hooks - ======================  New Test Execution is STARTED!! ======================
  &amp#27;[32mGiven &amp#27;[0m&amp#27;[32mThe user is on the new user registration page&amp#27;[0m                       &amp#27;[90m# StepDefinitions.Registration.the_user_is_on_the_new_user_registration_page()&amp#27;[0m
  &amp#27;[32mWhen &amp#27;[0m&amp#27;[32mUser clicks on SignIn button from registration page&amp#27;[0m                  &amp#27;[90m# StepDefinitions.Registration.user_clicks_on_sign_in_button_from_registration_page()&amp#27;[0m
  &amp#27;[32mThen &amp#27;[0m&amp#27;[32muser lands on login page&amp#27;[0m                                             &amp#27;[90m# StepDefinitions.Registration.user_lands_on_login_page()&amp#27;[0m
[INFO ] 2024-12-09 22:24:56.574 [TestNG-PoolService-2] Hooks - ======================  Test Execution is completed!! ======================
  &amp#27;[32mGiven &amp#27;[0m&amp#27;[32mThe user is on the DS Introduction page as signedIn&amp#27;[0m                         &amp#27;[90m# StepDefinitions.DSIntroductionDetails.the_user_is_on_the_ds_introduction_page_as_signed_in()&amp#27;[0m
  &amp#27;[32mAnd &amp#27;[0m&amp#27;[32mThe user clicks on Get Started link for stack&amp#27;[0m                                 &amp#27;[90m# StepDefinitions.StackStepDefinitions.the_user_clicks_on_get_started_link_for_stack()&amp#27;[0m
  &amp#27;[32mThen &amp#27;[0m&amp#27;[32mThe user is on the stack details page&amp#27;[0m                                        &amp#27;[90m# StepDefinitions.StackStepDefinitions.the_user_is_on_the_stack_details_page()&amp#27;[0m
[INFO ] 2024-12-09 22:24:57.563 [TestNG-PoolService-1] Hooks - ======================  Test Execution is completed!! ======================
]]></system-out>
    <system-err><![CDATA[Dec 09, 2024 10:24:53 PM org.openqa.selenium.devtools.CdpVersionFinder findNearestMatch
WARNING: Unable to find an exact match for CDP version 131, returning the closest version; found: 130; Please update to a Selenium version that supports CDP version 131
Dec 09, 2024 10:24:53 PM org.openqa.selenium.devtools.CdpVersionFinder findNearestMatch
WARNING: Unable to find an exact match for CDP version 131, returning the closest version; found: 130; Please update to a Selenium version that supports CDP version 131
Dec 09, 2024 10:24:55 PM org.openqa.selenium.devtools.CdpVersionFinder findNearestMatch
WARNING: Unable to find an exact match for CDP version 131, returning the closest version; found: 130; Please update to a Selenium version that supports CDP version 131
]]></system-err>
  </testcase>
  <testcase name="runScenario[&quot;Validate user navigated to stack details page when clicked on get started&quot;, &quot;Stack page&quot;](120)" classname="TestRunners.TestRunner" time="2.399">
    <system-out><![CDATA[
Scenario: Validate user can Try here link page from Operations in Stack &amp#27;[90m# src/test/resources/Features/StackPage.feature:16&amp#27;[0m
[INFO ] 2024-12-09 22:00:24.202 [TestNG-PoolService-1] Hooks - ======================  New Test Execution is STARTED!! ======================
  &amp#27;[32mGiven &amp#27;[0m&amp#27;[32mThe user is on the DS Introduction page as signedIn&amp#27;[0m                         &amp#27;[90m# StepDefinitions.DSIntroductionDetails.the_user_is_on_the_ds_introduction_page_as_signed_in()&amp#27;[0m
  &amp#27;[32mAnd &amp#27;[0m&amp#27;[32mThe user clicks on Get Started link for stack&amp#27;[0m                                 &amp#27;[90m# StepDefinitions.StackStepDefinitions.the_user_clicks_on_get_started_link_for_stack()&amp#27;[0m
  &amp#27;[32mThen &amp#27;[0m&amp#27;[32mThe user is on the stack details page&amp#27;[0m                                        &amp#27;[90m# StepDefinitions.StackStepDefinitions.the_user_is_on_the_stack_details_page()&amp#27;[0m
[INFO ] 2024-12-09 22:00:24.977 [TestNG-PoolService-3] Hooks - ======================  Test Execution is completed!! ======================
]]></system-out>
    <system-err><![CDATA[Dec 09, 2024 10:00:24 PM org.openqa.selenium.devtools.CdpVersionFinder findNearestMatch
WARNING: Unable to find an exact match for CDP version 131, returning the closest version; found: 130; Please update to a Selenium version that supports CDP version 131
]]></system-err>
  </testcase>
  <testcase name="runScenario[&quot;Validate user navigated to stack details page when clicked on get started&quot;, &quot;Stack page&quot;](120)" classname="TestRunners.TestRunner" time="0.935">
    <system-out><![CDATA[
Scenario: Validate user can Try here link page from Operations in Stack &amp#27;[90m# src/test/resources/Features/StackPage.feature:16&amp#27;[0m
]]></system-out>
  </testcase>
  <testcase name="runScenario[&quot;Validate user can navigate to Operations in Stack page&quot;, &quot;Stack page&quot;](121)" classname="TestRunners.TestRunner" time="1.75">
    <system-out><![CDATA[
Scenario: Error message displayed for invalid code on try Editor for Operations in Stack page &amp#27;[90m# src/test/resources/Features/StackPage.feature:21&amp#27;[0m
  &amp#27;[32mGiven &amp#27;[0m&amp#27;[32mThe user is on the DS Introduction page as signedIn&amp#27;[0m      &amp#27;[90m# StepDefinitions.DSIntroductionDetails.the_user_is_on_the_ds_introduction_page_as_signed_in()&amp#27;[0m
  &amp#27;[32mAnd &amp#27;[0m&amp#27;[32mThe user clicks on Get Started link for stack&amp#27;[0m              &amp#27;[90m# StepDefinitions.StackStepDefinitions.the_user_clicks_on_get_started_link_for_stack()&amp#27;[0m
  &amp#27;[32mGiven &amp#27;[0m&amp#27;[32mThe user is on the stack details page&amp#27;[0m                    &amp#27;[90m# StepDefinitions.StackStepDefinitions.the_user_is_on_the_stack_details_page()&amp#27;[0m
[INFO ] 2024-12-09 22:00:26.557 [TestNG-PoolService-3] Hooks - ======================  New Test Execution is STARTED!! ======================
  &amp#27;[32mWhen &amp#27;[0m&amp#27;[32mThe user click on Operations in Stack link&amp#27;[0m                &amp#27;[90m# StepDefinitions.StackStepDefinitions.the_user_click_on_operations_in_stack_link()&amp#27;[0m
  &amp#27;[32mThen &amp#27;[0m&amp#27;[32mthe user is navigated to Operations in Stack page&amp#27;[0m         &amp#27;[90m# StepDefinitions.StackStepDefinitions.the_user_is_navigated_to_operations_in_stack_page()&amp#27;[0m
[INFO ] 2024-12-09 22:00:26.761 [TestNG-PoolService-2] Hooks - ======================  Test Execution is completed!! ======================
]]></system-out>
    <system-err><![CDATA[Dec 09, 2024 10:00:26 PM org.openqa.selenium.devtools.CdpVersionFinder findNearestMatch
WARNING: Unable to find an exact match for CDP version 131, returning the closest version; found: 130; Please update to a Selenium version that supports CDP version 131
]]></system-err>
  </testcase>
  <testcase name="runScenario[&quot;Validate user can navigate to Operations in Stack page&quot;, &quot;Stack page&quot;](121)" classname="TestRunners.TestRunner" time="9.631">
    <system-out><![CDATA[
Scenario: Error message displayed for invalid code on try Editor for Operations in Stack page &amp#27;[90m# src/test/resources/Features/StackPage.feature:21&amp#27;[0m
[INFO ] 2024-12-09 22:12:11.612 [TestNG-PoolService-1] Hooks - ======================  New Test Execution is STARTED!! ======================
[INFO ] 2024-12-09 22:12:13.826 [TestNG-PoolService-3] Hooks - ======================  New Test Execution is STARTED!! ======================
[INFO ] 2024-12-09 22:12:13.948 [TestNG-PoolService-2] Hooks - ======================  New Test Execution is STARTED!! ======================
  &amp#27;[32mGiven &amp#27;[0m&amp#27;[32mThe user is on the DS Introduction page as signedIn&amp#27;[0m      &amp#27;[90m# StepDefinitions.DSIntroductionDetails.the_user_is_on_the_ds_introduction_page_as_signed_in()&amp#27;[0m
  &amp#27;[32mAnd &amp#27;[0m&amp#27;[32mThe user clicks on Get Started link for stack&amp#27;[0m              &amp#27;[90m# StepDefinitions.StackStepDefinitions.the_user_clicks_on_get_started_link_for_stack()&amp#27;[0m
  &amp#27;[32mGiven &amp#27;[0m&amp#27;[32mThe user is on the stack details page&amp#27;[0m                    &amp#27;[90m# StepDefinitions.StackStepDefinitions.the_user_is_on_the_stack_details_page()&amp#27;[0m
  &amp#27;[32mWhen &amp#27;[0m&amp#27;[32mThe user click on Operations in Stack link&amp#27;[0m                &amp#27;[90m# StepDefinitions.StackStepDefinitions.the_user_click_on_operations_in_stack_link()&amp#27;[0m
  &amp#27;[32mThen &amp#27;[0m&amp#27;[32mthe user is navigated to Operations in Stack page&amp#27;[0m         &amp#27;[90m# StepDefinitions.StackStepDefinitions.the_user_is_navigated_to_operations_in_stack_page()&amp#27;[0m
[INFO ] 2024-12-09 22:12:15.648 [TestNG-PoolService-1] Hooks - ======================  Test Execution is completed!! ======================
  &amp#27;[32mGiven &amp#27;[0m&amp#27;[32mThe user is on the DS Introduction page as signedIn&amp#27;[0m             &amp#27;[90m# StepDefinitions.DSIntroductionDetails.the_user_is_on_the_ds_introduction_page_as_signed_in()&amp#27;[0m
  &amp#27;[32mAnd &amp#27;[0m&amp#27;[32mThe user clicks on Get Started link for stack&amp#27;[0m                     &amp#27;[90m# StepDefinitions.StackStepDefinitions.the_user_clicks_on_get_started_link_for_stack()&amp#27;[0m
  &amp#27;[32mGiven &amp#27;[0m&amp#27;[32mThe user is on the DS Introduction page as signedIn&amp#27;[0m                                   &amp#27;[90m# StepDefinitions.DSIntroductionDetails.the_user_is_on_the_ds_introduction_page_as_signed_in()&amp#27;[0m
  &amp#27;[32mGiven &amp#27;[0m&amp#27;[32mThe user is on the Operations in Stack page&amp#27;[0m                     &amp#27;[90m# StepDefinitions.StackStepDefinitions.the_user_is_on_the_operations_in_stack_page()&amp#27;[0m
  &amp#27;[32mAnd &amp#27;[0m&amp#27;[32mThe user clicks on Get Started link for stack&amp#27;[0m                                           &amp#27;[90m# StepDefinitions.StackStepDefinitions.the_user_clicks_on_get_started_link_for_stack()&amp#27;[0m
  &amp#27;[32mGiven &amp#27;[0m&amp#27;[32mThe user is on the Operations in Stack page&amp#27;[0m                                           &amp#27;[90m# StepDefinitions.StackStepDefinitions.the_user_is_on_the_operations_in_stack_page()&amp#27;[0m
]]></system-out>
  </testcase>
  <testcase name="runScenario[&quot;Validate user can navigate to Operations in Stack page&quot;, &quot;Stack page&quot;](121)" classname="TestRunners.TestRunner" time="3.518">
    <system-out><![CDATA[
Scenario: Error message displayed for invalid code on try Editor for Operations in Stack page &amp#27;[90m# src/test/resources/Features/StackPage.feature:21&amp#27;[0m
[INFO ] 2024-12-09 22:24:59.772 [TestNG-PoolService-2] Hooks - ======================  New Test Execution is STARTED!! ======================
  &amp#27;[32mGiven &amp#27;[0m&amp#27;[32mThe user is on the DS Introduction page as signedIn&amp#27;[0m      &amp#27;[90m# StepDefinitions.DSIntroductionDetails.the_user_is_on_the_ds_introduction_page_as_signed_in()&amp#27;[0m
  &amp#27;[32mAnd &amp#27;[0m&amp#27;[32mThe user clicks on Get Started link for stack&amp#27;[0m              &amp#27;[90m# StepDefinitions.StackStepDefinitions.the_user_clicks_on_get_started_link_for_stack()&amp#27;[0m
  &amp#27;[32mGiven &amp#27;[0m&amp#27;[32mThe user is on the stack details page&amp#27;[0m                    &amp#27;[90m# StepDefinitions.StackStepDefinitions.the_user_is_on_the_stack_details_page()&amp#27;[0m
  &amp#27;[32mWhen &amp#27;[0m&amp#27;[32mThe user click on Operations in Stack link&amp#27;[0m                &amp#27;[90m# StepDefinitions.StackStepDefinitions.the_user_click_on_operations_in_stack_link()&amp#27;[0m
  &amp#27;[32mThen &amp#27;[0m&amp#27;[32mthe user is navigated to Operations in Stack page&amp#27;[0m         &amp#27;[90m# StepDefinitions.StackStepDefinitions.the_user_is_navigated_to_operations_in_stack_page()&amp#27;[0m
[INFO ] 2024-12-09 22:25:01.067 [TestNG-PoolService-3] Hooks - ======================  Test Execution is completed!! ======================
[INFO ] 2024-12-09 22:25:02.125 [TestNG-PoolService-1] Hooks - ======================  New Test Execution is STARTED!! ======================
]]></system-out>
    <system-err><![CDATA[Dec 09, 2024 10:24:59 PM org.openqa.selenium.devtools.CdpVersionFinder findNearestMatch
WARNING: Unable to find an exact match for CDP version 131, returning the closest version; found: 130; Please update to a Selenium version that supports CDP version 131
Dec 09, 2024 10:25:02 PM org.openqa.selenium.devtools.CdpVersionFinder findNearestMatch
WARNING: Unable to find an exact match for CDP version 131, returning the closest version; found: 130; Please update to a Selenium version that supports CDP version 131
]]></system-err>
  </testcase>
  <testcase name="runScenario[&quot;Validate user can Try here link page from Operations in Stack&quot;, &quot;Stack page&quot;](122)" classname="TestRunners.TestRunner" time="2.11">
    <system-out><![CDATA[
Scenario: No error message displayed for empty code on try editor for Operations in Stack page &amp#27;[90m# src/test/resources/Features/StackPage.feature:28&amp#27;[0m
  &amp#27;[32mGiven &amp#27;[0m&amp#27;[32mThe user is on the DS Introduction page as signedIn&amp#27;[0m             &amp#27;[90m# StepDefinitions.DSIntroductionDetails.the_user_is_on_the_ds_introduction_page_as_signed_in()&amp#27;[0m
  &amp#27;[32mAnd &amp#27;[0m&amp#27;[32mThe user clicks on Get Started link for stack&amp#27;[0m                     &amp#27;[90m# StepDefinitions.StackStepDefinitions.the_user_clicks_on_get_started_link_for_stack()&amp#27;[0m
  &amp#27;[32mGiven &amp#27;[0m&amp#27;[32mThe user is on the Operations in Stack page&amp#27;[0m                     &amp#27;[90m# StepDefinitions.StackStepDefinitions.the_user_is_on_the_operations_in_stack_page()&amp#27;[0m
[INFO ] 2024-12-09 22:00:28.213 [TestNG-PoolService-2] Hooks - ======================  New Test Execution is STARTED!! ======================
  &amp#27;[32mWhen &amp#27;[0m&amp#27;[32mUser clicks Try here link&amp#27;[0m                                        &amp#27;[90m# StepDefinitions.DSIntroductionDetails.user_clicks_try_here_link()&amp#27;[0m
  &amp#27;[32mThen &amp#27;[0m&amp#27;[32mUser should navigate to tryEditor page&amp#27;[0m                           &amp#27;[90m# StepDefinitions.DSIntroductionDetails.user_should_navigate_to_try_editor_page()&amp#27;[0m
[INFO ] 2024-12-09 22:00:28.739 [TestNG-PoolService-1] Hooks - ======================  Test Execution is completed!! ======================
]]></system-out>
    <system-err><![CDATA[Dec 09, 2024 10:00:28 PM org.openqa.selenium.devtools.CdpVersionFinder findNearestMatch
WARNING: Unable to find an exact match for CDP version 131, returning the closest version; found: 130; Please update to a Selenium version that supports CDP version 131
]]></system-err>
  </testcase>
  <testcase name="runScenario[&quot;Validate user can Try here link page from Operations in Stack&quot;, &quot;Stack page&quot;](122)" classname="TestRunners.TestRunner" time="1.589">
    <system-out><![CDATA[
Scenario: No error message displayed for empty code on try editor for Operations in Stack page &amp#27;[90m# src/test/resources/Features/StackPage.feature:28&amp#27;[0m
  &amp#27;[32mWhen &amp#27;[0m&amp#27;[32mUser clicks Try here link&amp#27;[0m                                        &amp#27;[90m# StepDefinitions.DSIntroductionDetails.user_clicks_try_here_link()&amp#27;[0m
  &amp#27;[32mThen &amp#27;[0m&amp#27;[32mUser should navigate to tryEditor page&amp#27;[0m                           &amp#27;[90m# StepDefinitions.DSIntroductionDetails.user_should_navigate_to_try_editor_page()&amp#27;[0m
[INFO ] 2024-12-09 22:12:17.894 [TestNG-PoolService-2] Hooks - ======================  Test Execution is completed!! ======================
  &amp#27;[32mAnd &amp#27;[0m&amp#27;[32mUser clicks Try here link&amp#27;[0m                                                               &amp#27;[90m# StepDefinitions.DSIntroductionDetails.user_clicks_try_here_link()&amp#27;[0m
  &amp#27;[32mWhen &amp#27;[0m&amp#27;[32mThe user write the invalid code in Editor&amp#27;[0m                                              &amp#27;[90m# StepDefinitions.DSIntroductionDetails.the_user_write_the_invalid_code_in_editor()&amp#27;[0m
  &amp#27;[32mAnd &amp#27;[0m&amp#27;[32mClick the Run button&amp#27;[0m                                                                    &amp#27;[90m# StepDefinitions.DSIntroductionDetails.click_the_run_button()&amp#27;[0m
  &amp#27;[32mThen &amp#27;[0m&amp#27;[32mThe user should able to see an error message in alert window&amp#27;[0m                           &amp#27;[90m# StepDefinitions.DSIntroductionDetails.the_user_should_able_to_see_an_error_message_in_alert_window()&amp#27;[0m
[INFO ] 2024-12-09 22:12:18.821 [TestNG-PoolService-3] Hooks - ======================  Test Execution is completed!! ======================
]]></system-out>
  </testcase>
  <testcase name="runScenario[&quot;Validate user can Try here link page from Operations in Stack&quot;, &quot;Stack page&quot;](122)" classname="TestRunners.TestRunner" time="4.496">
    <system-out><![CDATA[
Scenario: No error message displayed for empty code on try editor for Operations in Stack page &amp#27;[90m# src/test/resources/Features/StackPage.feature:28&amp#27;[0m
  &amp#27;[32mGiven &amp#27;[0m&amp#27;[32mThe user is on the DS Introduction page as signedIn&amp#27;[0m             &amp#27;[90m# StepDefinitions.DSIntroductionDetails.the_user_is_on_the_ds_introduction_page_as_signed_in()&amp#27;[0m
  &amp#27;[32mAnd &amp#27;[0m&amp#27;[32mThe user clicks on Get Started link for stack&amp#27;[0m                     &amp#27;[90m# StepDefinitions.StackStepDefinitions.the_user_clicks_on_get_started_link_for_stack()&amp#27;[0m
  &amp#27;[32mGiven &amp#27;[0m&amp#27;[32mThe user is on the Operations in Stack page&amp#27;[0m                     &amp#27;[90m# StepDefinitions.StackStepDefinitions.the_user_is_on_the_operations_in_stack_page()&amp#27;[0m
  &amp#27;[32mWhen &amp#27;[0m&amp#27;[32mUser clicks Try here link&amp#27;[0m                                        &amp#27;[90m# StepDefinitions.DSIntroductionDetails.user_clicks_try_here_link()&amp#27;[0m
  &amp#27;[32mThen &amp#27;[0m&amp#27;[32mUser should navigate to tryEditor page&amp#27;[0m                           &amp#27;[90m# StepDefinitions.DSIntroductionDetails.user_should_navigate_to_try_editor_page()&amp#27;[0m
[INFO ] 2024-12-09 22:25:05.482 [TestNG-PoolService-2] Hooks - ======================  Test Execution is completed!! ======================
[INFO ] 2024-12-09 22:25:05.525 [TestNG-PoolService-3] Hooks - ======================  New Test Execution is STARTED!! ======================
  &amp#27;[32mGiven &amp#27;[0m&amp#27;[32mThe user is on the DS Introduction page as signedIn&amp#27;[0m                                   &amp#27;[90m# StepDefinitions.DSIntroductionDetails.the_user_is_on_the_ds_introduction_page_as_signed_in()&amp#27;[0m
  &amp#27;[32mAnd &amp#27;[0m&amp#27;[32mThe user clicks on Get Started link for stack&amp#27;[0m                                           &amp#27;[90m# StepDefinitions.StackStepDefinitions.the_user_clicks_on_get_started_link_for_stack()&amp#27;[0m
]]></system-out>
    <system-err><![CDATA[Dec 09, 2024 10:25:05 PM org.openqa.selenium.devtools.CdpVersionFinder findNearestMatch
WARNING: Unable to find an exact match for CDP version 131, returning the closest version; found: 130; Please update to a Selenium version that supports CDP version 131
]]></system-err>
  </testcase>
  <testcase name="runScenario[&quot;Error message displayed for invalid code on try Editor for Operations in Stack page&quot;, &quot;Stack page&quot;](123)" classname="TestRunners.TestRunner" time="5.729">
    <failure message="element not interactable&#10;  (Session info: chrome=131.0.6778.109)&#10;Build info: version: &apos;4.26.0&apos;, revision: &apos;8ccf0219d7&apos;&#10;System info: os.name: &apos;Windows 11&apos;, os.arch: &apos;amd64&apos;, os.version: &apos;10.0&apos;, java.version: &apos;21.0.5&apos;&#10;Driver info: org.openqa.selenium.chrome.ChromeDriver&#10;Command: [8e5f7c3df73009ec58e99d83cdea0835, sendKeysToElement {value=[Ljava.lang.CharSequence;@63702f5c, id=f.B134EDB002F34BD5CBD3DF9568A52561.d.57CB35242057FB6085B6933FAB7B1654.e.52}]&#10;Capabilities {acceptInsecureCerts: false, browserName: chrome, browserVersion: 131.0.6778.109, chrome: {chromedriverVersion: 131.0.6778.87 (ce31cae94873..., userDataDir: C:\Users\vamsh\AppData\Loca...}, fedcm:accounts: true, goog:chromeOptions: {debuggerAddress: localhost:60890}, networkConnectionEnabled: false, pageLoadStrategy: normal, platformName: windows, proxy: Proxy(), se:cdp: ws://localhost:60890/devtoo..., se:cdpVersion: 131.0.6778.109, setWindowRect: true, strictFileInteractability: false, timeouts: {implicit: 0, pageLoad: 300000, script: 30000}, unhandledPromptBehavior: dismiss and notify, webauthn:extension:credBlob: true, webauthn:extension:largeBlob: true, webauthn:extension:minPinLength: true, webauthn:extension:prf: true, webauthn:virtualAuthenticators: true}&#10;Element: [[ChromeDriver: chrome on windows (8e5f7c3df73009ec58e99d83cdea0835)] -&gt; css selector: .CodeMirror textarea]&#10;Session ID: 8e5f7c3df73009ec58e99d83cdea0835" type="org.openqa.selenium.ElementNotInteractableException"><![CDATA[org.openqa.selenium.ElementNotInteractableException: 
element not interactable
  (Session info: chrome=131.0.6778.109)
Build info: version: '4.26.0', revision: '8ccf0219d7'
System info: os.name: 'Windows 11', os.arch: 'amd64', os.version: '10.0', java.version: '21.0.5'
Driver info: org.openqa.selenium.chrome.ChromeDriver
Command: [8e5f7c3df73009ec58e99d83cdea0835, sendKeysToElement {value=[Ljava.lang.CharSequence;@63702f5c, id=f.B134EDB002F34BD5CBD3DF9568A52561.d.57CB35242057FB6085B6933FAB7B1654.e.52}]
Capabilities {acceptInsecureCerts: false, browserName: chrome, browserVersion: 131.0.6778.109, chrome: {chromedriverVersion: 131.0.6778.87 (ce31cae94873..., userDataDir: C:\Users\vamsh\AppData\Loca...}, fedcm:accounts: true, goog:chromeOptions: {debuggerAddress: localhost:60890}, networkConnectionEnabled: false, pageLoadStrategy: normal, platformName: windows, proxy: Proxy(), se:cdp: ws://localhost:60890/devtoo..., se:cdpVersion: 131.0.6778.109, setWindowRect: true, strictFileInteractability: false, timeouts: {implicit: 0, pageLoad: 300000, script: 30000}, unhandledPromptBehavior: dismiss and notify, webauthn:extension:credBlob: true, webauthn:extension:largeBlob: true, webauthn:extension:minPinLength: true, webauthn:extension:prf: true, webauthn:virtualAuthenticators: true}
Element: [[ChromeDriver: chrome on windows (8e5f7c3df73009ec58e99d83cdea0835)] -> css selector: .CodeMirror textarea]
Session ID: 8e5f7c3df73009ec58e99d83cdea0835
]]></failure>
    <system-out><![CDATA[
Scenario: Valid code on try editor for Operations in Stack runs successfully &amp#27;[90m# src/test/resources/Features/StackPage.feature:34&amp#27;[0m
  &amp#27;[32mGiven &amp#27;[0m&amp#27;[32mThe user is on the DS Introduction page as signedIn&amp#27;[0m                                   &amp#27;[90m# StepDefinitions.DSIntroductionDetails.the_user_is_on_the_ds_introduction_page_as_signed_in()&amp#27;[0m
  &amp#27;[32mAnd &amp#27;[0m&amp#27;[32mThe user clicks on Get Started link for stack&amp#27;[0m                                           &amp#27;[90m# StepDefinitions.StackStepDefinitions.the_user_clicks_on_get_started_link_for_stack()&amp#27;[0m
  &amp#27;[32mGiven &amp#27;[0m&amp#27;[32mThe user is on the Operations in Stack page&amp#27;[0m                                           &amp#27;[90m# StepDefinitions.StackStepDefinitions.the_user_is_on_the_operations_in_stack_page()&amp#27;[0m
[INFO ] 2024-12-09 22:00:31.420 [TestNG-PoolService-1] Hooks - ======================  New Test Execution is STARTED!! ======================
  &amp#27;[32mGiven &amp#27;[0m&amp#27;[32mThe user is on the DS Introduction page as signedIn&amp#27;[0m                                    &amp#27;[90m# StepDefinitions.DSIntroductionDetails.the_user_is_on_the_ds_introduction_page_as_signed_in()&amp#27;[0m
  &amp#27;[32mAnd &amp#27;[0m&amp#27;[32mThe user clicks on Get Started link for stack&amp#27;[0m                                            &amp#27;[90m# StepDefinitions.StackStepDefinitions.the_user_clicks_on_get_started_link_for_stack()&amp#27;[0m
  &amp#27;[32mAnd &amp#27;[0m&amp#27;[32mUser clicks Try here link&amp#27;[0m                                                               &amp#27;[90m# StepDefinitions.DSIntroductionDetails.user_clicks_try_here_link()&amp#27;[0m
  &amp#27;[31mWhen &amp#27;[0m&amp#27;[31mThe user write the invalid code in Editor&amp#27;[0m                                              &amp#27;[90m# StepDefinitions.DSIntroductionDetails.the_user_write_the_invalid_code_in_editor()&amp#27;[0m
      &amp#27;[31morg.openqa.selenium.ElementNotInteractableException: element not interactable
  (Session info: chrome=131.0.6778.109)
Build info: version: '4.26.0', revision: '8ccf0219d7'
System info: os.name: 'Windows 11', os.arch: 'amd64', os.version: '10.0', java.version: '21.0.5'
Driver info: org.openqa.selenium.chrome.ChromeDriver
Command: [8e5f7c3df73009ec58e99d83cdea0835, sendKeysToElement {value=[Ljava.lang.CharSequence;@63702f5c, id=f.B134EDB002F34BD5CBD3DF9568A52561.d.57CB35242057FB6085B6933FAB7B1654.e.52}]
Capabilities {acceptInsecureCerts: false, browserName: chrome, browserVersion: 131.0.6778.109, chrome: {chromedriverVersion: 131.0.6778.87 (ce31cae94873..., userDataDir: C:\Users\vamsh\AppData\Loca...}, fedcm:accounts: true, goog:chromeOptions: {debuggerAddress: localhost:60890}, networkConnectionEnabled: false, pageLoadStrategy: normal, platformName: windows, proxy: Proxy(), se:cdp: ws://localhost:60890/devtoo..., se:cdpVersion: 131.0.6778.109, setWindowRect: true, strictFileInteractability: false, timeouts: {implicit: 0, pageLoad: 300000, script: 30000}, unhandledPromptBehavior: dismiss and notify, webauthn:extension:credBlob: true, webauthn:extension:largeBlob: true, webauthn:extension:minPinLength: true, webauthn:extension:prf: true, webauthn:virtualAuthenticators: true}
Element: [[ChromeDriver: chrome on windows (8e5f7c3df73009ec58e99d83cdea0835)] -> css selector: .CodeMirror textarea]
Session ID: 8e5f7c3df73009ec58e99d83cdea0835
	at java.base/jdk.internal.reflect.DirectConstructorHandleAccessor.newInstance(DirectConstructorHandleAccessor.java:62)
	at java.base/java.lang.reflect.Constructor.newInstanceWithCaller(Constructor.java:502)
	at java.base/java.lang.reflect.Constructor.newInstance(Constructor.java:486)
	at org.openqa.selenium.remote.ErrorCodec.decode(ErrorCodec.java:167)
	at org.openqa.selenium.remote.codec.w3c.W3CHttpResponseCodec.decode(W3CHttpResponseCodec.java:138)
	at org.openqa.selenium.remote.codec.w3c.W3CHttpResponseCodec.decode(W3CHttpResponseCodec.java:50)
	at org.openqa.selenium.remote.HttpCommandExecutor.execute(HttpCommandExecutor.java:190)
	at org.openqa.selenium.remote.service.DriverCommandExecutor.invokeExecute(DriverCommandExecutor.java:216)
	at org.openqa.selenium.remote.service.DriverCommandExecutor.execute(DriverCommandExecutor.java:174)
	at org.openqa.selenium.remote.RemoteWebDriver.execute(RemoteWebDriver.java:545)
	at org.openqa.selenium.remote.RemoteWebElement.execute(RemoteWebElement.java:223)
	at org.openqa.selenium.remote.RemoteWebElement.sendKeys(RemoteWebElement.java:110)
	at PageObjects.IntroductionPage.enterCodeInEditor(IntroductionPage.java:146)
	at StepDefinitions.DSIntroductionDetails.the_user_write_the_invalid_code_in_editor(DSIntroductionDetails.java:138)
	at ✽.The user write the invalid code in Editor(file:///C:/Projects/Repo1/src/test/resources/Features/StackPage.feature:24)
&amp#27;[0m
  &amp#27;[36mAnd &amp#27;[0m&amp#27;[36mClick the Run button&amp#27;[0m                                                                    &amp#27;[90m# StepDefinitions.DSIntroductionDetails.click_the_run_button()&amp#27;[0m
  &amp#27;[36mThen &amp#27;[0m&amp#27;[36mThe user should able to see an error message in alert window&amp#27;[0m                           &amp#27;[90m# StepDefinitions.DSIntroductionDetails.the_user_should_able_to_see_an_error_message_in_alert_window()&amp#27;[0m
[ERROR] 2024-12-09 22:00:32.269 [TestNG-PoolService-3] Hooks - ======================  TEST CASE FAILED !! ======================

    Embedding screenshot [image/png 7853 bytes]

[INFO ] 2024-12-09 22:00:33.564 [TestNG-PoolService-3] Hooks - ======================  Screenshot is captured  ======================
[INFO ] 2024-12-09 22:00:33.580 [TestNG-PoolService-3] Hooks - ======================  Test Execution is completed!! ======================
  &amp#27;[32mGiven &amp#27;[0m&amp#27;[32mThe user is on the Operations in Stack page&amp#27;[0m                                            &amp#27;[90m# StepDefinitions.StackStepDefinitions.the_user_is_on_the_operations_in_stack_page()&amp#27;[0m
]]></system-out>
    <system-err><![CDATA[Dec 09, 2024 10:00:30 PM org.openqa.selenium.devtools.CdpVersionFinder findNearestMatch
WARNING: Unable to find an exact match for CDP version 131, returning the closest version; found: 130; Please update to a Selenium version that supports CDP version 131
]]></system-err>
  </testcase>
  <testcase name="runScenario[&quot;Error message displayed for invalid code on try Editor for Operations in Stack page&quot;, &quot;Stack page&quot;](123)" classname="TestRunners.TestRunner" time="0.886">
    <system-out><![CDATA[
Scenario: Valid code on try editor for Operations in Stack runs successfully &amp#27;[90m# src/test/resources/Features/StackPage.feature:34&amp#27;[0m
]]></system-out>
  </testcase>
  <testcase name="runScenario[&quot;Error message displayed for invalid code on try Editor for Operations in Stack page&quot;, &quot;Stack page&quot;](123)" classname="TestRunners.TestRunner" time="3.346">
    <failure message="element not interactable&#10;  (Session info: MicrosoftEdge=131.0.2903.86)&#10;Build info: version: &apos;4.26.0&apos;, revision: &apos;8ccf0219d7&apos;&#10;System info: os.name: &apos;Windows 11&apos;, os.arch: &apos;amd64&apos;, os.version: &apos;10.0&apos;, java.version: &apos;21.0.5&apos;&#10;Driver info: org.openqa.selenium.edge.EdgeDriver&#10;Command: [d72c904a2014d2e1d577f60749cf8440, sendKeysToElement {value=[Ljava.lang.CharSequence;@4dd0615d, id=f.3DC412F0D6223DFE8A9ACFCD8B99E1AD.d.D9F5D11E80517E100EDFEF23FFB88D80.e.39}]&#10;Capabilities {acceptInsecureCerts: false, browserName: MicrosoftEdge, browserVersion: 131.0.2903.86, fedcm:accounts: true, ms:edgeOptions: {debuggerAddress: localhost:63750}, msedge: {msedgedriverVersion: 131.0.2903.86 (cf5bf303997c..., userDataDir: C:\Users\vamsh\AppData\Loca...}, networkConnectionEnabled: false, pageLoadStrategy: normal, platformName: windows, proxy: Proxy(), se:cdp: ws://localhost:63750/devtoo..., se:cdpVersion: 131.0.2903.86, setWindowRect: true, strictFileInteractability: false, timeouts: {implicit: 0, pageLoad: 300000, script: 30000}, unhandledPromptBehavior: dismiss and notify, webauthn:extension:credBlob: true, webauthn:extension:largeBlob: true, webauthn:extension:minPinLength: true, webauthn:extension:prf: true, webauthn:virtualAuthenticators: true}&#10;Element: [[EdgeDriver: MicrosoftEdge on windows (d72c904a2014d2e1d577f60749cf8440)] -&gt; css selector: .CodeMirror textarea]&#10;Session ID: d72c904a2014d2e1d577f60749cf8440" type="org.openqa.selenium.ElementNotInteractableException"><![CDATA[org.openqa.selenium.ElementNotInteractableException: 
element not interactable
  (Session info: MicrosoftEdge=131.0.2903.86)
Build info: version: '4.26.0', revision: '8ccf0219d7'
System info: os.name: 'Windows 11', os.arch: 'amd64', os.version: '10.0', java.version: '21.0.5'
Driver info: org.openqa.selenium.edge.EdgeDriver
Command: [d72c904a2014d2e1d577f60749cf8440, sendKeysToElement {value=[Ljava.lang.CharSequence;@4dd0615d, id=f.3DC412F0D6223DFE8A9ACFCD8B99E1AD.d.D9F5D11E80517E100EDFEF23FFB88D80.e.39}]
Capabilities {acceptInsecureCerts: false, browserName: MicrosoftEdge, browserVersion: 131.0.2903.86, fedcm:accounts: true, ms:edgeOptions: {debuggerAddress: localhost:63750}, msedge: {msedgedriverVersion: 131.0.2903.86 (cf5bf303997c..., userDataDir: C:\Users\vamsh\AppData\Loca...}, networkConnectionEnabled: false, pageLoadStrategy: normal, platformName: windows, proxy: Proxy(), se:cdp: ws://localhost:63750/devtoo..., se:cdpVersion: 131.0.2903.86, setWindowRect: true, strictFileInteractability: false, timeouts: {implicit: 0, pageLoad: 300000, script: 30000}, unhandledPromptBehavior: dismiss and notify, webauthn:extension:credBlob: true, webauthn:extension:largeBlob: true, webauthn:extension:minPinLength: true, webauthn:extension:prf: true, webauthn:virtualAuthenticators: true}
Element: [[EdgeDriver: MicrosoftEdge on windows (d72c904a2014d2e1d577f60749cf8440)] -> css selector: .CodeMirror textarea]
Session ID: d72c904a2014d2e1d577f60749cf8440
]]></failure>
    <system-out><![CDATA[
Scenario: Valid code on try editor for Operations in Stack runs successfully &amp#27;[90m# src/test/resources/Features/StackPage.feature:34&amp#27;[0m
  &amp#27;[32mGiven &amp#27;[0m&amp#27;[32mThe user is on the Operations in Stack page&amp#27;[0m                                           &amp#27;[90m# StepDefinitions.StackStepDefinitions.the_user_is_on_the_operations_in_stack_page()&amp#27;[0m
  &amp#27;[32mGiven &amp#27;[0m&amp#27;[32mThe user is on the DS Introduction page as signedIn&amp#27;[0m                                    &amp#27;[90m# StepDefinitions.DSIntroductionDetails.the_user_is_on_the_ds_introduction_page_as_signed_in()&amp#27;[0m
  &amp#27;[32mAnd &amp#27;[0m&amp#27;[32mUser clicks Try here link&amp#27;[0m                                                               &amp#27;[90m# StepDefinitions.DSIntroductionDetails.user_clicks_try_here_link()&amp#27;[0m
[INFO ] 2024-12-09 22:25:08.652 [TestNG-PoolService-2] Hooks - ======================  New Test Execution is STARTED!! ======================
  &amp#27;[31mWhen &amp#27;[0m&amp#27;[31mThe user write the invalid code in Editor&amp#27;[0m                                              &amp#27;[90m# StepDefinitions.DSIntroductionDetails.the_user_write_the_invalid_code_in_editor()&amp#27;[0m
      &amp#27;[31morg.openqa.selenium.ElementNotInteractableException: element not interactable
  (Session info: MicrosoftEdge=131.0.2903.86)
Build info: version: '4.26.0', revision: '8ccf0219d7'
System info: os.name: 'Windows 11', os.arch: 'amd64', os.version: '10.0', java.version: '21.0.5'
Driver info: org.openqa.selenium.edge.EdgeDriver
Command: [d72c904a2014d2e1d577f60749cf8440, sendKeysToElement {value=[Ljava.lang.CharSequence;@4dd0615d, id=f.3DC412F0D6223DFE8A9ACFCD8B99E1AD.d.D9F5D11E80517E100EDFEF23FFB88D80.e.39}]
Capabilities {acceptInsecureCerts: false, browserName: MicrosoftEdge, browserVersion: 131.0.2903.86, fedcm:accounts: true, ms:edgeOptions: {debuggerAddress: localhost:63750}, msedge: {msedgedriverVersion: 131.0.2903.86 (cf5bf303997c..., userDataDir: C:\Users\vamsh\AppData\Loca...}, networkConnectionEnabled: false, pageLoadStrategy: normal, platformName: windows, proxy: Proxy(), se:cdp: ws://localhost:63750/devtoo..., se:cdpVersion: 131.0.2903.86, setWindowRect: true, strictFileInteractability: false, timeouts: {implicit: 0, pageLoad: 300000, script: 30000}, unhandledPromptBehavior: dismiss and notify, webauthn:extension:credBlob: true, webauthn:extension:largeBlob: true, webauthn:extension:minPinLength: true, webauthn:extension:prf: true, webauthn:virtualAuthenticators: true}
Element: [[EdgeDriver: MicrosoftEdge on windows (d72c904a2014d2e1d577f60749cf8440)] -> css selector: .CodeMirror textarea]
Session ID: d72c904a2014d2e1d577f60749cf8440
	at java.base/jdk.internal.reflect.DirectConstructorHandleAccessor.newInstance(DirectConstructorHandleAccessor.java:62)
	at java.base/java.lang.reflect.Constructor.newInstanceWithCaller(Constructor.java:502)
	at java.base/java.lang.reflect.Constructor.newInstance(Constructor.java:486)
	at org.openqa.selenium.remote.ErrorCodec.decode(ErrorCodec.java:167)
	at org.openqa.selenium.remote.codec.w3c.W3CHttpResponseCodec.decode(W3CHttpResponseCodec.java:138)
	at org.openqa.selenium.remote.codec.w3c.W3CHttpResponseCodec.decode(W3CHttpResponseCodec.java:50)
	at org.openqa.selenium.remote.HttpCommandExecutor.execute(HttpCommandExecutor.java:190)
	at org.openqa.selenium.remote.service.DriverCommandExecutor.invokeExecute(DriverCommandExecutor.java:216)
	at org.openqa.selenium.remote.service.DriverCommandExecutor.execute(DriverCommandExecutor.java:174)
	at org.openqa.selenium.remote.RemoteWebDriver.execute(RemoteWebDriver.java:545)
	at org.openqa.selenium.remote.RemoteWebElement.execute(RemoteWebElement.java:223)
	at org.openqa.selenium.remote.RemoteWebElement.sendKeys(RemoteWebElement.java:110)
	at PageObjects.IntroductionPage.enterCodeInEditor(IntroductionPage.java:146)
	at StepDefinitions.DSIntroductionDetails.the_user_write_the_invalid_code_in_editor(DSIntroductionDetails.java:138)
	at ✽.The user write the invalid code in Editor(file:///C:/Projects/Repo1/src/test/resources/Features/StackPage.feature:24)
&amp#27;[0m
  &amp#27;[36mAnd &amp#27;[0m&amp#27;[36mClick the Run button&amp#27;[0m                                                                    &amp#27;[90m# StepDefinitions.DSIntroductionDetails.click_the_run_button()&amp#27;[0m
  &amp#27;[36mThen &amp#27;[0m&amp#27;[36mThe user should able to see an error message in alert window&amp#27;[0m                           &amp#27;[90m# StepDefinitions.DSIntroductionDetails.the_user_should_able_to_see_an_error_message_in_alert_window()&amp#27;[0m
[ERROR] 2024-12-09 22:25:08.719 [TestNG-PoolService-1] Hooks - ======================  TEST CASE FAILED !! ======================

    Embedding screenshot [image/png 7890 bytes]

[INFO ] 2024-12-09 22:25:08.902 [TestNG-PoolService-1] Hooks - ======================  Screenshot is captured  ======================
[INFO ] 2024-12-09 22:25:08.904 [TestNG-PoolService-1] Hooks - ======================  Test Execution is completed!! ======================
  &amp#27;[32mAnd &amp#27;[0m&amp#27;[32mThe user clicks on Get Started link for stack&amp#27;[0m                                            &amp#27;[90m# StepDefinitions.StackStepDefinitions.the_user_clicks_on_get_started_link_for_stack()&amp#27;[0m
  &amp#27;[32mGiven &amp#27;[0m&amp#27;[32mThe user is on the Operations in Stack page&amp#27;[0m                                            &amp#27;[90m# StepDefinitions.StackStepDefinitions.the_user_is_on_the_operations_in_stack_page()&amp#27;[0m
  &amp#27;[32mAnd &amp#27;[0m&amp#27;[32mUser clicks Try here link&amp#27;[0m                                                                &amp#27;[90m# StepDefinitions.DSIntroductionDetails.user_clicks_try_here_link()&amp#27;[0m
  &amp#27;[32mWhen &amp#27;[0m&amp#27;[32mClick the Run button&amp#27;[0m                                                                    &amp#27;[90m# StepDefinitions.DSIntroductionDetails.click_the_run_button()&amp#27;[0m
  &amp#27;[32mThen &amp#27;[0m&amp#27;[32mThe user should not see any error message or alert&amp#27;[0m                                      &amp#27;[90m# StepDefinitions.DSIntroductionDetails.the_user_should_not_see_any_error_message_or_alert()&amp#27;[0m
[INFO ] 2024-12-09 22:25:10.151 [TestNG-PoolService-3] Hooks - ======================  Test Execution is completed!! ======================
]]></system-out>
    <system-err><![CDATA[Dec 09, 2024 10:25:08 PM org.openqa.selenium.devtools.CdpVersionFinder findNearestMatch
WARNING: Unable to find an exact match for CDP version 131, returning the closest version; found: 130; Please update to a Selenium version that supports CDP version 131
]]></system-err>
  </testcase>
  <testcase name="runScenario[&quot;No error message displayed for empty code on try editor for Operations in Stack page&quot;, &quot;Stack page&quot;](124)" classname="TestRunners.TestRunner" time="0.673">
    <system-out><![CDATA[
Scenario: Validate user can navigate to Implementation page &amp#27;[90m# src/test/resources/Features/StackPage.feature:41&amp#27;[0m
  &amp#27;[32mAnd &amp#27;[0m&amp#27;[32mUser clicks Try here link&amp#27;[0m                                                                &amp#27;[90m# StepDefinitions.DSIntroductionDetails.user_clicks_try_here_link()&amp#27;[0m
  &amp#27;[32mWhen &amp#27;[0m&amp#27;[32mClick the Run button&amp#27;[0m                                                                    &amp#27;[90m# StepDefinitions.DSIntroductionDetails.click_the_run_button()&amp#27;[0m
  &amp#27;[32mThen &amp#27;[0m&amp#27;[32mThe user should not see any error message or alert&amp#27;[0m                                      &amp#27;[90m# StepDefinitions.DSIntroductionDetails.the_user_should_not_see_any_error_message_or_alert()&amp#27;[0m
[INFO ] 2024-12-09 22:00:35.271 [TestNG-PoolService-2] Hooks - ======================  Test Execution is completed!! ======================
]]></system-out>
  </testcase>
  <testcase name="runScenario[&quot;No error message displayed for empty code on try editor for Operations in Stack page&quot;, &quot;Stack page&quot;](124)" classname="TestRunners.TestRunner" time="1.259">
    <system-out><![CDATA[
Scenario: Validate user can navigate to Implementation page &amp#27;[90m# src/test/resources/Features/StackPage.feature:41&amp#27;[0m
]]></system-out>
  </testcase>
  <testcase name="runScenario[&quot;Valid code on try editor for Operations in Stack runs successfully&quot;, &quot;Stack page&quot;](125)" classname="TestRunners.TestRunner" time="2.474">
    <failure message="element not interactable&#10;  (Session info: chrome=131.0.6778.109)&#10;Build info: version: &apos;4.26.0&apos;, revision: &apos;8ccf0219d7&apos;&#10;System info: os.name: &apos;Windows 11&apos;, os.arch: &apos;amd64&apos;, os.version: &apos;10.0&apos;, java.version: &apos;21.0.5&apos;&#10;Driver info: org.openqa.selenium.chrome.ChromeDriver&#10;Command: [6f3bf4e4f2f553e081c9e043f30101bc, sendKeysToElement {value=[Ljava.lang.CharSequence;@6c4b0d42, id=f.2B9CC03B53CC5D2220C71C8CF4D4F8CC.d.A1FFC27EF816FBC38687441A0774D557.e.52}]&#10;Capabilities {acceptInsecureCerts: false, browserName: chrome, browserVersion: 131.0.6778.109, chrome: {chromedriverVersion: 131.0.6778.87 (ce31cae94873..., userDataDir: C:\Users\vamsh\AppData\Loca...}, fedcm:accounts: true, goog:chromeOptions: {debuggerAddress: localhost:60938}, networkConnectionEnabled: false, pageLoadStrategy: normal, platformName: windows, proxy: Proxy(), se:cdp: ws://localhost:60938/devtoo..., se:cdpVersion: 131.0.6778.109, setWindowRect: true, strictFileInteractability: false, timeouts: {implicit: 0, pageLoad: 300000, script: 30000}, unhandledPromptBehavior: dismiss and notify, webauthn:extension:credBlob: true, webauthn:extension:largeBlob: true, webauthn:extension:minPinLength: true, webauthn:extension:prf: true, webauthn:virtualAuthenticators: true}&#10;Element: [[ChromeDriver: chrome on windows (6f3bf4e4f2f553e081c9e043f30101bc)] -&gt; css selector: .CodeMirror textarea]&#10;Session ID: 6f3bf4e4f2f553e081c9e043f30101bc" type="org.openqa.selenium.ElementNotInteractableException"><![CDATA[org.openqa.selenium.ElementNotInteractableException: 
element not interactable
  (Session info: chrome=131.0.6778.109)
Build info: version: '4.26.0', revision: '8ccf0219d7'
System info: os.name: 'Windows 11', os.arch: 'amd64', os.version: '10.0', java.version: '21.0.5'
Driver info: org.openqa.selenium.chrome.ChromeDriver
Command: [6f3bf4e4f2f553e081c9e043f30101bc, sendKeysToElement {value=[Ljava.lang.CharSequence;@6c4b0d42, id=f.2B9CC03B53CC5D2220C71C8CF4D4F8CC.d.A1FFC27EF816FBC38687441A0774D557.e.52}]
Capabilities {acceptInsecureCerts: false, browserName: chrome, browserVersion: 131.0.6778.109, chrome: {chromedriverVersion: 131.0.6778.87 (ce31cae94873..., userDataDir: C:\Users\vamsh\AppData\Loca...}, fedcm:accounts: true, goog:chromeOptions: {debuggerAddress: localhost:60938}, networkConnectionEnabled: false, pageLoadStrategy: normal, platformName: windows, proxy: Proxy(), se:cdp: ws://localhost:60938/devtoo..., se:cdpVersion: 131.0.6778.109, setWindowRect: true, strictFileInteractability: false, timeouts: {implicit: 0, pageLoad: 300000, script: 30000}, unhandledPromptBehavior: dismiss and notify, webauthn:extension:credBlob: true, webauthn:extension:largeBlob: true, webauthn:extension:minPinLength: true, webauthn:extension:prf: true, webauthn:virtualAuthenticators: true}
Element: [[ChromeDriver: chrome on windows (6f3bf4e4f2f553e081c9e043f30101bc)] -> css selector: .CodeMirror textarea]
Session ID: 6f3bf4e4f2f553e081c9e043f30101bc
]]></failure>
    <system-out><![CDATA[
Scenario: Validate user can click on Try here link from Implementation page &amp#27;[90m# src/test/resources/Features/StackPage.feature:46&amp#27;[0m
  &amp#27;[32mGiven &amp#27;[0m&amp#27;[32mThe user is on the DS Introduction page as signedIn&amp#27;[0m                  &amp#27;[90m# StepDefinitions.DSIntroductionDetails.the_user_is_on_the_ds_introduction_page_as_signed_in()&amp#27;[0m
[INFO ] 2024-12-09 22:00:35.929 [TestNG-PoolService-3] Hooks - ======================  New Test Execution is STARTED!! ======================
  &amp#27;[32mAnd &amp#27;[0m&amp#27;[32mThe user clicks on Get Started link for stack&amp#27;[0m                          &amp#27;[90m# StepDefinitions.StackStepDefinitions.the_user_clicks_on_get_started_link_for_stack()&amp#27;[0m
  &amp#27;[32mGiven &amp#27;[0m&amp#27;[32mThe user is on the Operations in Stack page&amp#27;[0m                          &amp#27;[90m# StepDefinitions.StackStepDefinitions.the_user_is_on_the_operations_in_stack_page()&amp#27;[0m
[INFO ] 2024-12-09 22:00:36.982 [TestNG-PoolService-2] Hooks - ======================  New Test Execution is STARTED!! ======================
  &amp#27;[32mAnd &amp#27;[0m&amp#27;[32mUser clicks Try here link&amp#27;[0m                                              &amp#27;[90m# StepDefinitions.DSIntroductionDetails.user_clicks_try_here_link()&amp#27;[0m
  &amp#27;[31mWhen &amp#27;[0m&amp#27;[31mThe user write the valid code in Editor&amp#27;[0m                               &amp#27;[90m# StepDefinitions.DSIntroductionDetails.the_user_write_the_valid_code_in_editor()&amp#27;[0m
      &amp#27;[31morg.openqa.selenium.ElementNotInteractableException: element not interactable
  (Session info: chrome=131.0.6778.109)
Build info: version: '4.26.0', revision: '8ccf0219d7'
System info: os.name: 'Windows 11', os.arch: 'amd64', os.version: '10.0', java.version: '21.0.5'
Driver info: org.openqa.selenium.chrome.ChromeDriver
Command: [6f3bf4e4f2f553e081c9e043f30101bc, sendKeysToElement {value=[Ljava.lang.CharSequence;@6c4b0d42, id=f.2B9CC03B53CC5D2220C71C8CF4D4F8CC.d.A1FFC27EF816FBC38687441A0774D557.e.52}]
Capabilities {acceptInsecureCerts: false, browserName: chrome, browserVersion: 131.0.6778.109, chrome: {chromedriverVersion: 131.0.6778.87 (ce31cae94873..., userDataDir: C:\Users\vamsh\AppData\Loca...}, fedcm:accounts: true, goog:chromeOptions: {debuggerAddress: localhost:60938}, networkConnectionEnabled: false, pageLoadStrategy: normal, platformName: windows, proxy: Proxy(), se:cdp: ws://localhost:60938/devtoo..., se:cdpVersion: 131.0.6778.109, setWindowRect: true, strictFileInteractability: false, timeouts: {implicit: 0, pageLoad: 300000, script: 30000}, unhandledPromptBehavior: dismiss and notify, webauthn:extension:credBlob: true, webauthn:extension:largeBlob: true, webauthn:extension:minPinLength: true, webauthn:extension:prf: true, webauthn:virtualAuthenticators: true}
Element: [[ChromeDriver: chrome on windows (6f3bf4e4f2f553e081c9e043f30101bc)] -> css selector: .CodeMirror textarea]
Session ID: 6f3bf4e4f2f553e081c9e043f30101bc
	at java.base/jdk.internal.reflect.DirectConstructorHandleAccessor.newInstance(DirectConstructorHandleAccessor.java:62)
	at java.base/java.lang.reflect.Constructor.newInstanceWithCaller(Constructor.java:502)
	at java.base/java.lang.reflect.Constructor.newInstance(Constructor.java:486)
	at org.openqa.selenium.remote.ErrorCodec.decode(ErrorCodec.java:167)
	at org.openqa.selenium.remote.codec.w3c.W3CHttpResponseCodec.decode(W3CHttpResponseCodec.java:138)
	at org.openqa.selenium.remote.codec.w3c.W3CHttpResponseCodec.decode(W3CHttpResponseCodec.java:50)
	at org.openqa.selenium.remote.HttpCommandExecutor.execute(HttpCommandExecutor.java:190)
	at org.openqa.selenium.remote.service.DriverCommandExecutor.invokeExecute(DriverCommandExecutor.java:216)
	at org.openqa.selenium.remote.service.DriverCommandExecutor.execute(DriverCommandExecutor.java:174)
	at org.openqa.selenium.remote.RemoteWebDriver.execute(RemoteWebDriver.java:545)
	at org.openqa.selenium.remote.RemoteWebElement.execute(RemoteWebElement.java:223)
	at org.openqa.selenium.remote.RemoteWebElement.sendKeys(RemoteWebElement.java:110)
	at PageObjects.IntroductionPage.enterCodeInEditor(IntroductionPage.java:146)
	at StepDefinitions.DSIntroductionDetails.the_user_write_the_valid_code_in_editor(DSIntroductionDetails.java:158)
	at ✽.The user write the valid code in Editor(file:///C:/Projects/Repo1/src/test/resources/Features/StackPage.feature:37)
&amp#27;[0m
  &amp#27;[36mAnd &amp#27;[0m&amp#27;[36mClick the Run button&amp#27;[0m                                                   &amp#27;[90m# StepDefinitions.DSIntroductionDetails.click_the_run_button()&amp#27;[0m
  &amp#27;[36mThen &amp#27;[0m&amp#27;[36mThe user should able to see output in the console&amp#27;[0m                     &amp#27;[90m# StepDefinitions.DSIntroductionDetails.the_user_should_able_to_see_output_in_the_console()&amp#27;[0m
[ERROR] 2024-12-09 22:00:37.488 [TestNG-PoolService-1] Hooks - ======================  TEST CASE FAILED !! ======================

    Embedding screenshot [image/png 7853 bytes]

[INFO ] 2024-12-09 22:00:37.674 [TestNG-PoolService-1] Hooks - ======================  Screenshot is captured  ======================
[INFO ] 2024-12-09 22:00:37.676 [TestNG-PoolService-1] Hooks - ======================  Test Execution is completed!! ======================
]]></system-out>
    <system-err><![CDATA[Dec 09, 2024 10:00:35 PM org.openqa.selenium.devtools.CdpVersionFinder findNearestMatch
WARNING: Unable to find an exact match for CDP version 131, returning the closest version; found: 130; Please update to a Selenium version that supports CDP version 131
Dec 09, 2024 10:00:36 PM org.openqa.selenium.devtools.CdpVersionFinder findNearestMatch
WARNING: Unable to find an exact match for CDP version 131, returning the closest version; found: 130; Please update to a Selenium version that supports CDP version 131
]]></system-err>
  </testcase>
  <testcase name="runScenario[&quot;Valid code on try editor for Operations in Stack runs successfully&quot;, &quot;Stack page&quot;](125)" classname="TestRunners.TestRunner" time="5.854">
    <failure message="element not interactable&#10;  (Session info: MicrosoftEdge=131.0.2903.86)&#10;Build info: version: &apos;4.26.0&apos;, revision: &apos;8ccf0219d7&apos;&#10;System info: os.name: &apos;Windows 11&apos;, os.arch: &apos;amd64&apos;, os.version: &apos;10.0&apos;, java.version: &apos;21.0.5&apos;&#10;Driver info: org.openqa.selenium.edge.EdgeDriver&#10;Command: [239e040185be4de6a356a7f1c4b474e8, sendKeysToElement {value=[Ljava.lang.CharSequence;@5c4c180, id=f.7742C62B206165D6608F964DFAC820A3.d.05B143025C0117B3BDC826BECD03E42A.e.39}]&#10;Capabilities {acceptInsecureCerts: false, browserName: MicrosoftEdge, browserVersion: 131.0.2903.86, fedcm:accounts: true, ms:edgeOptions: {debuggerAddress: localhost:63835}, msedge: {msedgedriverVersion: 131.0.2903.86 (cf5bf303997c..., userDataDir: C:\Users\vamsh\AppData\Loca...}, networkConnectionEnabled: false, pageLoadStrategy: normal, platformName: windows, proxy: Proxy(), se:cdp: ws://localhost:63835/devtoo..., se:cdpVersion: 131.0.2903.86, setWindowRect: true, strictFileInteractability: false, timeouts: {implicit: 0, pageLoad: 300000, script: 30000}, unhandledPromptBehavior: dismiss and notify, webauthn:extension:credBlob: true, webauthn:extension:largeBlob: true, webauthn:extension:minPinLength: true, webauthn:extension:prf: true, webauthn:virtualAuthenticators: true}&#10;Element: [[EdgeDriver: MicrosoftEdge on windows (239e040185be4de6a356a7f1c4b474e8)] -&gt; css selector: .CodeMirror textarea]&#10;Session ID: 239e040185be4de6a356a7f1c4b474e8" type="org.openqa.selenium.ElementNotInteractableException"><![CDATA[org.openqa.selenium.ElementNotInteractableException: 
element not interactable
  (Session info: MicrosoftEdge=131.0.2903.86)
Build info: version: '4.26.0', revision: '8ccf0219d7'
System info: os.name: 'Windows 11', os.arch: 'amd64', os.version: '10.0', java.version: '21.0.5'
Driver info: org.openqa.selenium.edge.EdgeDriver
Command: [239e040185be4de6a356a7f1c4b474e8, sendKeysToElement {value=[Ljava.lang.CharSequence;@5c4c180, id=f.7742C62B206165D6608F964DFAC820A3.d.05B143025C0117B3BDC826BECD03E42A.e.39}]
Capabilities {acceptInsecureCerts: false, browserName: MicrosoftEdge, browserVersion: 131.0.2903.86, fedcm:accounts: true, ms:edgeOptions: {debuggerAddress: localhost:63835}, msedge: {msedgedriverVersion: 131.0.2903.86 (cf5bf303997c..., userDataDir: C:\Users\vamsh\AppData\Loca...}, networkConnectionEnabled: false, pageLoadStrategy: normal, platformName: windows, proxy: Proxy(), se:cdp: ws://localhost:63835/devtoo..., se:cdpVersion: 131.0.2903.86, setWindowRect: true, strictFileInteractability: false, timeouts: {implicit: 0, pageLoad: 300000, script: 30000}, unhandledPromptBehavior: dismiss and notify, webauthn:extension:credBlob: true, webauthn:extension:largeBlob: true, webauthn:extension:minPinLength: true, webauthn:extension:prf: true, webauthn:virtualAuthenticators: true}
Element: [[EdgeDriver: MicrosoftEdge on windows (239e040185be4de6a356a7f1c4b474e8)] -> css selector: .CodeMirror textarea]
Session ID: 239e040185be4de6a356a7f1c4b474e8
]]></failure>
    <system-out><![CDATA[
Scenario: Validate user can click on Try here link from Implementation page &amp#27;[90m# src/test/resources/Features/StackPage.feature:46&amp#27;[0m
[INFO ] 2024-12-09 22:25:13.111 [TestNG-PoolService-1] Hooks - ======================  New Test Execution is STARTED!! ======================
  &amp#27;[32mGiven &amp#27;[0m&amp#27;[32mThe user is on the DS Introduction page as signedIn&amp#27;[0m                  &amp#27;[90m# StepDefinitions.DSIntroductionDetails.the_user_is_on_the_ds_introduction_page_as_signed_in()&amp#27;[0m
  &amp#27;[32mAnd &amp#27;[0m&amp#27;[32mThe user clicks on Get Started link for stack&amp#27;[0m                          &amp#27;[90m# StepDefinitions.StackStepDefinitions.the_user_clicks_on_get_started_link_for_stack()&amp#27;[0m
[INFO ] 2024-12-09 22:25:14.504 [TestNG-PoolService-3] Hooks - ======================  New Test Execution is STARTED!! ======================
  &amp#27;[32mGiven &amp#27;[0m&amp#27;[32mThe user is on the Operations in Stack page&amp#27;[0m                          &amp#27;[90m# StepDefinitions.StackStepDefinitions.the_user_is_on_the_operations_in_stack_page()&amp#27;[0m
  &amp#27;[32mAnd &amp#27;[0m&amp#27;[32mUser clicks Try here link&amp#27;[0m                                              &amp#27;[90m# StepDefinitions.DSIntroductionDetails.user_clicks_try_here_link()&amp#27;[0m
  &amp#27;[31mWhen &amp#27;[0m&amp#27;[31mThe user write the valid code in Editor&amp#27;[0m                               &amp#27;[90m# StepDefinitions.DSIntroductionDetails.the_user_write_the_valid_code_in_editor()&amp#27;[0m
      &amp#27;[31morg.openqa.selenium.ElementNotInteractableException: element not interactable
  (Session info: MicrosoftEdge=131.0.2903.86)
Build info: version: '4.26.0', revision: '8ccf0219d7'
System info: os.name: 'Windows 11', os.arch: 'amd64', os.version: '10.0', java.version: '21.0.5'
Driver info: org.openqa.selenium.edge.EdgeDriver
Command: [239e040185be4de6a356a7f1c4b474e8, sendKeysToElement {value=[Ljava.lang.CharSequence;@5c4c180, id=f.7742C62B206165D6608F964DFAC820A3.d.05B143025C0117B3BDC826BECD03E42A.e.39}]
Capabilities {acceptInsecureCerts: false, browserName: MicrosoftEdge, browserVersion: 131.0.2903.86, fedcm:accounts: true, ms:edgeOptions: {debuggerAddress: localhost:63835}, msedge: {msedgedriverVersion: 131.0.2903.86 (cf5bf303997c..., userDataDir: C:\Users\vamsh\AppData\Loca...}, networkConnectionEnabled: false, pageLoadStrategy: normal, platformName: windows, proxy: Proxy(), se:cdp: ws://localhost:63835/devtoo..., se:cdpVersion: 131.0.2903.86, setWindowRect: true, strictFileInteractability: false, timeouts: {implicit: 0, pageLoad: 300000, script: 30000}, unhandledPromptBehavior: dismiss and notify, webauthn:extension:credBlob: true, webauthn:extension:largeBlob: true, webauthn:extension:minPinLength: true, webauthn:extension:prf: true, webauthn:virtualAuthenticators: true}
Element: [[EdgeDriver: MicrosoftEdge on windows (239e040185be4de6a356a7f1c4b474e8)] -> css selector: .CodeMirror textarea]
Session ID: 239e040185be4de6a356a7f1c4b474e8
	at java.base/jdk.internal.reflect.DirectConstructorHandleAccessor.newInstance(DirectConstructorHandleAccessor.java:62)
	at java.base/java.lang.reflect.Constructor.newInstanceWithCaller(Constructor.java:502)
	at java.base/java.lang.reflect.Constructor.newInstance(Constructor.java:486)
	at org.openqa.selenium.remote.ErrorCodec.decode(ErrorCodec.java:167)
	at org.openqa.selenium.remote.codec.w3c.W3CHttpResponseCodec.decode(W3CHttpResponseCodec.java:138)
	at org.openqa.selenium.remote.codec.w3c.W3CHttpResponseCodec.decode(W3CHttpResponseCodec.java:50)
	at org.openqa.selenium.remote.HttpCommandExecutor.execute(HttpCommandExecutor.java:190)
	at org.openqa.selenium.remote.service.DriverCommandExecutor.invokeExecute(DriverCommandExecutor.java:216)
	at org.openqa.selenium.remote.service.DriverCommandExecutor.execute(DriverCommandExecutor.java:174)
	at org.openqa.selenium.remote.RemoteWebDriver.execute(RemoteWebDriver.java:545)
	at org.openqa.selenium.remote.RemoteWebElement.execute(RemoteWebElement.java:223)
	at org.openqa.selenium.remote.RemoteWebElement.sendKeys(RemoteWebElement.java:110)
	at PageObjects.IntroductionPage.enterCodeInEditor(IntroductionPage.java:146)
	at StepDefinitions.DSIntroductionDetails.the_user_write_the_valid_code_in_editor(DSIntroductionDetails.java:158)
	at ✽.The user write the valid code in Editor(file:///C:/Projects/Repo1/src/test/resources/Features/StackPage.feature:37)
&amp#27;[0m
  &amp#27;[36mAnd &amp#27;[0m&amp#27;[36mClick the Run button&amp#27;[0m                                                   &amp#27;[90m# StepDefinitions.DSIntroductionDetails.click_the_run_button()&amp#27;[0m
  &amp#27;[36mThen &amp#27;[0m&amp#27;[36mThe user should able to see output in the console&amp#27;[0m                     &amp#27;[90m# StepDefinitions.DSIntroductionDetails.the_user_should_able_to_see_output_in_the_console()&amp#27;[0m
[ERROR] 2024-12-09 22:25:15.824 [TestNG-PoolService-2] Hooks - ======================  TEST CASE FAILED !! ======================

    Embedding screenshot [image/png 7890 bytes]

[INFO ] 2024-12-09 22:25:15.988 [TestNG-PoolService-2] Hooks - ======================  Screenshot is captured  ======================
[INFO ] 2024-12-09 22:25:15.991 [TestNG-PoolService-2] Hooks - ======================  Test Execution is completed!! ======================
  &amp#27;[32mGiven &amp#27;[0m&amp#27;[32mThe user is on the DS Introduction page as signedIn&amp#27;[0m &amp#27;[90m# StepDefinitions.DSIntroductionDetails.the_user_is_on_the_ds_introduction_page_as_signed_in()&amp#27;[0m
  &amp#27;[32mAnd &amp#27;[0m&amp#27;[32mThe user clicks on Get Started link for stack&amp#27;[0m         &amp#27;[90m# StepDefinitions.StackStepDefinitions.the_user_clicks_on_get_started_link_for_stack()&amp#27;[0m
  &amp#27;[32mGiven &amp#27;[0m&amp#27;[32mThe user is on the stack details page&amp#27;[0m               &amp#27;[90m# StepDefinitions.StackStepDefinitions.the_user_is_on_the_stack_details_page()&amp#27;[0m
]]></system-out>
    <system-err><![CDATA[Dec 09, 2024 10:25:13 PM org.openqa.selenium.devtools.CdpVersionFinder findNearestMatch
WARNING: Unable to find an exact match for CDP version 131, returning the closest version; found: 130; Please update to a Selenium version that supports CDP version 131
Dec 09, 2024 10:25:14 PM org.openqa.selenium.devtools.CdpVersionFinder findNearestMatch
WARNING: Unable to find an exact match for CDP version 131, returning the closest version; found: 130; Please update to a Selenium version that supports CDP version 131
]]></system-err>
  </testcase>
  <testcase name="runScenario[&quot;Validate user can navigate to Implementation page&quot;, &quot;Stack page&quot;](126)" classname="TestRunners.TestRunner" time="1.866">
    <system-out><![CDATA[
Scenario: Error message displayed for invalid code on try Editor for Implementation page &amp#27;[90m# src/test/resources/Features/StackPage.feature:51&amp#27;[0m
  &amp#27;[32mGiven &amp#27;[0m&amp#27;[32mThe user is on the DS Introduction page as signedIn&amp#27;[0m &amp#27;[90m# StepDefinitions.DSIntroductionDetails.the_user_is_on_the_ds_introduction_page_as_signed_in()&amp#27;[0m
  &amp#27;[32mAnd &amp#27;[0m&amp#27;[32mThe user clicks on Get Started link for stack&amp#27;[0m         &amp#27;[90m# StepDefinitions.StackStepDefinitions.the_user_clicks_on_get_started_link_for_stack()&amp#27;[0m
  &amp#27;[32mGiven &amp#27;[0m&amp#27;[32mThe user is on the stack details page&amp#27;[0m               &amp#27;[90m# StepDefinitions.StackStepDefinitions.the_user_is_on_the_stack_details_page()&amp#27;[0m
[INFO ] 2024-12-09 22:00:39.401 [TestNG-PoolService-1] Hooks - ======================  New Test Execution is STARTED!! ======================
  &amp#27;[32mWhen &amp#27;[0m&amp#27;[32mThe user click on Implementation link&amp#27;[0m                &amp#27;[90m# StepDefinitions.StackStepDefinitions.the_user_click_on_implementation_link()&amp#27;[0m
  &amp#27;[32mThen &amp#27;[0m&amp#27;[32mthe user is navigated to Implementation page&amp#27;[0m         &amp#27;[90m# StepDefinitions.StackStepDefinitions.the_user_is_navigated_to_implementation_page()&amp#27;[0m
[INFO ] 2024-12-09 22:00:39.618 [TestNG-PoolService-3] Hooks - ======================  Test Execution is completed!! ======================
]]></system-out>
    <system-err><![CDATA[Dec 09, 2024 10:00:39 PM org.openqa.selenium.devtools.CdpVersionFinder findNearestMatch
WARNING: Unable to find an exact match for CDP version 131, returning the closest version; found: 130; Please update to a Selenium version that supports CDP version 131
]]></system-err>
  </testcase>
  <testcase name="runScenario[&quot;Validate user can navigate to Implementation page&quot;, &quot;Stack page&quot;](126)" classname="TestRunners.TestRunner" time="1.537">
    <system-out><![CDATA[
Scenario: Error message displayed for invalid code on try Editor for Implementation page &amp#27;[90m# src/test/resources/Features/StackPage.feature:51&amp#27;[0m
  &amp#27;[32mWhen &amp#27;[0m&amp#27;[32mThe user click on Implementation link&amp#27;[0m                &amp#27;[90m# StepDefinitions.StackStepDefinitions.the_user_click_on_implementation_link()&amp#27;[0m
  &amp#27;[32mThen &amp#27;[0m&amp#27;[32mthe user is navigated to Implementation page&amp#27;[0m         &amp#27;[90m# StepDefinitions.StackStepDefinitions.the_user_is_navigated_to_implementation_page()&amp#27;[0m
[INFO ] 2024-12-09 22:25:17.616 [TestNG-PoolService-1] Hooks - ======================  Test Execution is completed!! ======================
  &amp#27;[32mGiven &amp#27;[0m&amp#27;[32mThe user is on the DS Introduction page as signedIn&amp#27;[0m                 &amp#27;[90m# StepDefinitions.DSIntroductionDetails.the_user_is_on_the_ds_introduction_page_as_signed_in()&amp#27;[0m
[INFO ] 2024-12-09 22:25:18.698 [TestNG-PoolService-2] Hooks - ======================  New Test Execution is STARTED!! ======================
  &amp#27;[32mAnd &amp#27;[0m&amp#27;[32mThe user clicks on Get Started link for stack&amp#27;[0m                         &amp#27;[90m# StepDefinitions.StackStepDefinitions.the_user_clicks_on_get_started_link_for_stack()&amp#27;[0m
]]></system-out>
    <system-err><![CDATA[Dec 09, 2024 10:25:18 PM org.openqa.selenium.devtools.CdpVersionFinder findNearestMatch
WARNING: Unable to find an exact match for CDP version 131, returning the closest version; found: 130; Please update to a Selenium version that supports CDP version 131
]]></system-err>
  </testcase>
  <testcase name="runScenario[&quot;Validate user can click on Try here link from Implementation page&quot;, &quot;Stack page&quot;](127)" classname="TestRunners.TestRunner" time="1.677">
    <system-out><![CDATA[  &amp#27;[32mGiven &amp#27;[0m&amp#27;[32mThe user is on the DS Introduction page as signedIn&amp#27;[0m                 &amp#27;[90m# StepDefinitions.DSIntroductionDetails.the_user_is_on_the_ds_introduction_page_as_signed_in()&amp#27;[0m

Scenario: No error message displayed for empty code on try editor for Implementation page &amp#27;[90m# src/test/resources/Features/StackPage.feature:58&amp#27;[0m
  &amp#27;[32mAnd &amp#27;[0m&amp#27;[32mThe user clicks on Get Started link for stack&amp#27;[0m                         &amp#27;[90m# StepDefinitions.StackStepDefinitions.the_user_clicks_on_get_started_link_for_stack()&amp#27;[0m
  &amp#27;[32mGiven &amp#27;[0m&amp#27;[32mThe user is on the Implementation page&amp#27;[0m                              &amp#27;[90m# StepDefinitions.StackStepDefinitions.the_user_is_on_the_implementation_page()&amp#27;[0m
  &amp#27;[32mWhen &amp#27;[0m&amp#27;[32mUser clicks Try here link&amp#27;[0m                                            &amp#27;[90m# StepDefinitions.DSIntroductionDetails.user_clicks_try_here_link()&amp#27;[0m
[INFO ] 2024-12-09 22:00:41.067 [TestNG-PoolService-3] Hooks - ======================  New Test Execution is STARTED!! ======================
  &amp#27;[32mThen &amp#27;[0m&amp#27;[32mUser should navigate to tryEditor page&amp#27;[0m                               &amp#27;[90m# StepDefinitions.DSIntroductionDetails.user_should_navigate_to_try_editor_page()&amp#27;[0m
[INFO ] 2024-12-09 22:00:41.174 [TestNG-PoolService-2] Hooks - ======================  Test Execution is completed!! ======================
]]></system-out>
    <system-err><![CDATA[Dec 09, 2024 10:00:40 PM org.openqa.selenium.devtools.CdpVersionFinder findNearestMatch
WARNING: Unable to find an exact match for CDP version 131, returning the closest version; found: 130; Please update to a Selenium version that supports CDP version 131
]]></system-err>
  </testcase>
  <testcase name="runScenario[&quot;Validate user can click on Try here link from Implementation page&quot;, &quot;Stack page&quot;](127)" classname="TestRunners.TestRunner" time="10.322">
    <system-out><![CDATA[
Scenario: No error message displayed for empty code on try editor for Implementation page &amp#27;[90m# src/test/resources/Features/StackPage.feature:58&amp#27;[0m
[INFO ] 2024-12-09 22:12:35.112 [TestNG-PoolService-3] Hooks - ======================  New Test Execution is STARTED!! ======================
[INFO ] 2024-12-09 22:12:36.444 [TestNG-PoolService-1] Hooks - ======================  New Test Execution is STARTED!! ======================
[INFO ] 2024-12-09 22:12:37.278 [TestNG-PoolService-2] Hooks - ======================  New Test Execution is STARTED!! ======================
  &amp#27;[32mGiven &amp#27;[0m&amp#27;[32mThe user is on the DS Introduction page as signedIn&amp#27;[0m                 &amp#27;[90m# StepDefinitions.DSIntroductionDetails.the_user_is_on_the_ds_introduction_page_as_signed_in()&amp#27;[0m
  &amp#27;[32mAnd &amp#27;[0m&amp#27;[32mThe user clicks on Get Started link for stack&amp#27;[0m                         &amp#27;[90m# StepDefinitions.StackStepDefinitions.the_user_clicks_on_get_started_link_for_stack()&amp#27;[0m
  &amp#27;[32mGiven &amp#27;[0m&amp#27;[32mThe user is on the Implementation page&amp#27;[0m                              &amp#27;[90m# StepDefinitions.StackStepDefinitions.the_user_is_on_the_implementation_page()&amp#27;[0m
  &amp#27;[32mGiven &amp#27;[0m&amp#27;[32mThe user is on the DS Introduction page as signedIn&amp#27;[0m                              &amp#27;[90m# StepDefinitions.DSIntroductionDetails.the_user_is_on_the_ds_introduction_page_as_signed_in()&amp#27;[0m
  &amp#27;[32mGiven &amp#27;[0m&amp#27;[32mThe user is on the DS Introduction page as signedIn&amp#27;[0m                               &amp#27;[90m# StepDefinitions.DSIntroductionDetails.the_user_is_on_the_ds_introduction_page_as_signed_in()&amp#27;[0m
  &amp#27;[32mAnd &amp#27;[0m&amp#27;[32mThe user clicks on Get Started link for stack&amp#27;[0m                                      &amp#27;[90m# StepDefinitions.StackStepDefinitions.the_user_clicks_on_get_started_link_for_stack()&amp#27;[0m
  &amp#27;[32mAnd &amp#27;[0m&amp#27;[32mThe user clicks on Get Started link for stack&amp#27;[0m                                       &amp#27;[90m# StepDefinitions.StackStepDefinitions.the_user_clicks_on_get_started_link_for_stack()&amp#27;[0m
  &amp#27;[32mWhen &amp#27;[0m&amp#27;[32mUser clicks Try here link&amp#27;[0m                                            &amp#27;[90m# StepDefinitions.DSIntroductionDetails.user_clicks_try_here_link()&amp#27;[0m
  &amp#27;[32mGiven &amp#27;[0m&amp#27;[32mThe user is on the Implementation page&amp#27;[0m                                           &amp#27;[90m# StepDefinitions.StackStepDefinitions.the_user_is_on_the_implementation_page()&amp#27;[0m
  &amp#27;[32mGiven &amp#27;[0m&amp#27;[32mThe user is on the Implementation page&amp#27;[0m                                            &amp#27;[90m# StepDefinitions.StackStepDefinitions.the_user_is_on_the_implementation_page()&amp#27;[0m
  &amp#27;[32mThen &amp#27;[0m&amp#27;[32mUser should navigate to tryEditor page&amp#27;[0m                               &amp#27;[90m# StepDefinitions.DSIntroductionDetails.user_should_navigate_to_try_editor_page()&amp#27;[0m
[INFO ] 2024-12-09 22:12:40.242 [TestNG-PoolService-3] Hooks - ======================  Test Execution is completed!! ======================
  &amp#27;[32mAnd &amp#27;[0m&amp#27;[32mUser clicks Try here link&amp#27;[0m                                                           &amp#27;[90m# StepDefinitions.DSIntroductionDetails.user_clicks_try_here_link()&amp#27;[0m
  &amp#27;[32mAnd &amp#27;[0m&amp#27;[32mUser clicks Try here link&amp#27;[0m                                                          &amp#27;[90m# StepDefinitions.DSIntroductionDetails.user_clicks_try_here_link()&amp#27;[0m
  &amp#27;[32mWhen &amp#27;[0m&amp#27;[32mThe user write the invalid code in Editor&amp#27;[0m                                         &amp#27;[90m# StepDefinitions.DSIntroductionDetails.the_user_write_the_invalid_code_in_editor()&amp#27;[0m
  &amp#27;[32mWhen &amp#27;[0m&amp#27;[32mClick the Run button&amp#27;[0m                                                               &amp#27;[90m# StepDefinitions.DSIntroductionDetails.click_the_run_button()&amp#27;[0m
  &amp#27;[32mThen &amp#27;[0m&amp#27;[32mThe user should not see any error message or alert&amp#27;[0m                                 &amp#27;[90m# StepDefinitions.DSIntroductionDetails.the_user_should_not_see_any_error_message_or_alert()&amp#27;[0m
[INFO ] 2024-12-09 22:12:41.692 [TestNG-PoolService-2] Hooks - ======================  Test Execution is completed!! ======================
  &amp#27;[32mAnd &amp#27;[0m&amp#27;[32mClick the Run button&amp#27;[0m                                                               &amp#27;[90m# StepDefinitions.DSIntroductionDetails.click_the_run_button()&amp#27;[0m
  &amp#27;[31mThen &amp#27;[0m&amp#27;[31mThe user should able to see an error message in alert window&amp#27;[0m                      &amp#27;[90m# StepDefinitions.DSIntroductionDetails.the_user_should_able_to_see_an_error_message_in_alert_window()&amp#27;[0m
      &amp#27;[31morg.openqa.selenium.NoAlertPresentException: Build info: version: '4.26.0', revision: '8ccf0219d7'
System info: os.name: 'Windows 11', os.arch: 'amd64', os.version: '10.0', java.version: '21.0.5'
Driver info: org.openqa.selenium.firefox.FirefoxDriver
Command: [a9576baf-c096-4a32-a13e-0bce779eaf9c, getAlertText {}]
Capabilities {acceptInsecureCerts: true, browserName: firefox, browserVersion: 133.0, moz:accessibilityChecks: false, moz:buildID: 20241121140525, moz:debuggerAddress: 127.0.0.1:21284, moz:geckodriverVersion: 0.35.0, moz:headless: false, moz:platformVersion: 10.0, moz:processID: 28412, moz:profile: C:\Users\vamsh\AppData\Loca..., moz:shutdownTimeout: 60000, moz:webdriverClick: true, moz:windowless: false, pageLoadStrategy: normal, platformName: windows, proxy: Proxy(), se:cdp: ws://127.0.0.1:21284/devtoo..., se:cdpVersion: 85.0, setWindowRect: true, strictFileInteractability: false, timeouts: {implicit: 0, pageLoad: 300000, script: 30000}, unhandledPromptBehavior: dismiss and notify, userAgent: Mozilla/5.0 (Windows NT 10....}
Session ID: a9576baf-c096-4a32-a13e-0bce779eaf9c
	at java.base/jdk.internal.reflect.DirectConstructorHandleAccessor.newInstance(DirectConstructorHandleAccessor.java:62)
	at java.base/java.lang.reflect.Constructor.newInstanceWithCaller(Constructor.java:502)
	at java.base/java.lang.reflect.Constructor.newInstance(Constructor.java:486)
	at org.openqa.selenium.remote.ErrorCodec.decode(ErrorCodec.java:167)
	at org.openqa.selenium.remote.codec.w3c.W3CHttpResponseCodec.decode(W3CHttpResponseCodec.java:138)
	at org.openqa.selenium.remote.codec.w3c.W3CHttpResponseCodec.decode(W3CHttpResponseCodec.java:50)
	at org.openqa.selenium.remote.HttpCommandExecutor.execute(HttpCommandExecutor.java:190)
	at org.openqa.selenium.remote.service.DriverCommandExecutor.invokeExecute(DriverCommandExecutor.java:216)
	at org.openqa.selenium.remote.service.DriverCommandExecutor.execute(DriverCommandExecutor.java:174)
	at org.openqa.selenium.remote.RemoteWebDriver.execute(RemoteWebDriver.java:545)
	at org.openqa.selenium.remote.RemoteWebDriver.execute(RemoteWebDriver.java:618)
	at org.openqa.selenium.remote.RemoteWebDriver.execute(RemoteWebDriver.java:622)
	at org.openqa.selenium.remote.RemoteWebDriver$RemoteTargetLocator.alert(RemoteWebDriver.java:1190)
	at PageObjects.IntroductionPage.validateErrorMessageDisplayedOnAlert(IntroductionPage.java:153)
	at StepDefinitions.DSIntroductionDetails.the_user_should_able_to_see_an_error_message_in_alert_window(DSIntroductionDetails.java:148)
	at ✽.The user should able to see an error message in alert window(file:///C:/Projects/Repo1/src/test/resources/Features/StackPage.feature:56)
&amp#27;[0m
[ERROR] 2024-12-09 22:12:41.843 [TestNG-PoolService-1] Hooks - ======================  TEST CASE FAILED !! ======================

    Embedding screenshot [image/png 37860 bytes]

[INFO ] 2024-12-09 22:12:41.913 [TestNG-PoolService-1] Hooks - ======================  Screenshot is captured  ======================
[INFO ] 2024-12-09 22:12:41.918 [TestNG-PoolService-1] Hooks - ======================  Test Execution is completed!! ======================
]]></system-out>
  </testcase>
  <testcase name="runScenario[&quot;Validate user can click on Try here link from Implementation page&quot;, &quot;Stack page&quot;](127)" classname="TestRunners.TestRunner" time="2.538">
    <system-out><![CDATA[
Scenario: No error message displayed for empty code on try editor for Implementation page &amp#27;[90m# src/test/resources/Features/StackPage.feature:58&amp#27;[0m
  &amp#27;[32mGiven &amp#27;[0m&amp#27;[32mThe user is on the Implementation page&amp#27;[0m                              &amp#27;[90m# StepDefinitions.StackStepDefinitions.the_user_is_on_the_implementation_page()&amp#27;[0m
  &amp#27;[32mWhen &amp#27;[0m&amp#27;[32mUser clicks Try here link&amp#27;[0m                                            &amp#27;[90m# StepDefinitions.DSIntroductionDetails.user_clicks_try_here_link()&amp#27;[0m
  &amp#27;[32mThen &amp#27;[0m&amp#27;[32mUser should navigate to tryEditor page&amp#27;[0m                               &amp#27;[90m# StepDefinitions.DSIntroductionDetails.user_should_navigate_to_try_editor_page()&amp#27;[0m
[INFO ] 2024-12-09 22:25:20.052 [TestNG-PoolService-3] Hooks - ======================  Test Execution is completed!! ======================
  &amp#27;[32mGiven &amp#27;[0m&amp#27;[32mThe user is on the DS Introduction page as signedIn&amp#27;[0m                              &amp#27;[90m# StepDefinitions.DSIntroductionDetails.the_user_is_on_the_ds_introduction_page_as_signed_in()&amp#27;[0m
]]></system-out>
  </testcase>
  <testcase name="runScenario[&quot;Error message displayed for invalid code on try Editor for Implementation page&quot;, &quot;Stack page&quot;](128)" classname="TestRunners.TestRunner" time="3.152">
    <failure message="element not interactable&#10;  (Session info: chrome=131.0.6778.109)&#10;Build info: version: &apos;4.26.0&apos;, revision: &apos;8ccf0219d7&apos;&#10;System info: os.name: &apos;Windows 11&apos;, os.arch: &apos;amd64&apos;, os.version: &apos;10.0&apos;, java.version: &apos;21.0.5&apos;&#10;Driver info: org.openqa.selenium.chrome.ChromeDriver&#10;Command: [df7df04649204ccd2051462cac71af3e, sendKeysToElement {value=[Ljava.lang.CharSequence;@37724a72, id=f.C080EB01E32C1A0713F45EF3C5412E73.d.117472D7E0A9BE3EDB8617F3364C53A8.e.52}]&#10;Capabilities {acceptInsecureCerts: false, browserName: chrome, browserVersion: 131.0.6778.109, chrome: {chromedriverVersion: 131.0.6778.87 (ce31cae94873..., userDataDir: C:\Users\vamsh\AppData\Loca...}, fedcm:accounts: true, goog:chromeOptions: {debuggerAddress: localhost:61044}, networkConnectionEnabled: false, pageLoadStrategy: normal, platformName: windows, proxy: Proxy(), se:cdp: ws://localhost:61044/devtoo..., se:cdpVersion: 131.0.6778.109, setWindowRect: true, strictFileInteractability: false, timeouts: {implicit: 0, pageLoad: 300000, script: 30000}, unhandledPromptBehavior: dismiss and notify, webauthn:extension:credBlob: true, webauthn:extension:largeBlob: true, webauthn:extension:minPinLength: true, webauthn:extension:prf: true, webauthn:virtualAuthenticators: true}&#10;Element: [[ChromeDriver: chrome on windows (df7df04649204ccd2051462cac71af3e)] -&gt; css selector: .CodeMirror textarea]&#10;Session ID: df7df04649204ccd2051462cac71af3e" type="org.openqa.selenium.ElementNotInteractableException"><![CDATA[org.openqa.selenium.ElementNotInteractableException: 
element not interactable
  (Session info: chrome=131.0.6778.109)
Build info: version: '4.26.0', revision: '8ccf0219d7'
System info: os.name: 'Windows 11', os.arch: 'amd64', os.version: '10.0', java.version: '21.0.5'
Driver info: org.openqa.selenium.chrome.ChromeDriver
Command: [df7df04649204ccd2051462cac71af3e, sendKeysToElement {value=[Ljava.lang.CharSequence;@37724a72, id=f.C080EB01E32C1A0713F45EF3C5412E73.d.117472D7E0A9BE3EDB8617F3364C53A8.e.52}]
Capabilities {acceptInsecureCerts: false, browserName: chrome, browserVersion: 131.0.6778.109, chrome: {chromedriverVersion: 131.0.6778.87 (ce31cae94873..., userDataDir: C:\Users\vamsh\AppData\Loca...}, fedcm:accounts: true, goog:chromeOptions: {debuggerAddress: localhost:61044}, networkConnectionEnabled: false, pageLoadStrategy: normal, platformName: windows, proxy: Proxy(), se:cdp: ws://localhost:61044/devtoo..., se:cdpVersion: 131.0.6778.109, setWindowRect: true, strictFileInteractability: false, timeouts: {implicit: 0, pageLoad: 300000, script: 30000}, unhandledPromptBehavior: dismiss and notify, webauthn:extension:credBlob: true, webauthn:extension:largeBlob: true, webauthn:extension:minPinLength: true, webauthn:extension:prf: true, webauthn:virtualAuthenticators: true}
Element: [[ChromeDriver: chrome on windows (df7df04649204ccd2051462cac71af3e)] -> css selector: .CodeMirror textarea]
Session ID: df7df04649204ccd2051462cac71af3e
]]></failure>
    <system-out><![CDATA[
Scenario: Valid code on try editor for Implementation runs successfully &amp#27;[90m# src/test/resources/Features/StackPage.feature:64&amp#27;[0m
  &amp#27;[32mGiven &amp#27;[0m&amp#27;[32mThe user is on the DS Introduction page as signedIn&amp#27;[0m                              &amp#27;[90m# StepDefinitions.DSIntroductionDetails.the_user_is_on_the_ds_introduction_page_as_signed_in()&amp#27;[0m
[INFO ] 2024-12-09 22:00:42.745 [TestNG-PoolService-2] Hooks - ======================  New Test Execution is STARTED!! ======================
  &amp#27;[32mAnd &amp#27;[0m&amp#27;[32mThe user clicks on Get Started link for stack&amp#27;[0m                                      &amp#27;[90m# StepDefinitions.StackStepDefinitions.the_user_clicks_on_get_started_link_for_stack()&amp#27;[0m
  &amp#27;[32mGiven &amp#27;[0m&amp#27;[32mThe user is on the Implementation page&amp#27;[0m                                           &amp#27;[90m# StepDefinitions.StackStepDefinitions.the_user_is_on_the_implementation_page()&amp#27;[0m
  &amp#27;[32mGiven &amp#27;[0m&amp#27;[32mThe user is on the DS Introduction page as signedIn&amp#27;[0m                               &amp#27;[90m# StepDefinitions.DSIntroductionDetails.the_user_is_on_the_ds_introduction_page_as_signed_in()&amp#27;[0m
  &amp#27;[32mAnd &amp#27;[0m&amp#27;[32mUser clicks Try here link&amp#27;[0m                                                          &amp#27;[90m# StepDefinitions.DSIntroductionDetails.user_clicks_try_here_link()&amp#27;[0m
  &amp#27;[31mWhen &amp#27;[0m&amp#27;[31mThe user write the invalid code in Editor&amp#27;[0m                                         &amp#27;[90m# StepDefinitions.DSIntroductionDetails.the_user_write_the_invalid_code_in_editor()&amp#27;[0m
      &amp#27;[31morg.openqa.selenium.ElementNotInteractableException: element not interactable
  (Session info: chrome=131.0.6778.109)
Build info: version: '4.26.0', revision: '8ccf0219d7'
System info: os.name: 'Windows 11', os.arch: 'amd64', os.version: '10.0', java.version: '21.0.5'
Driver info: org.openqa.selenium.chrome.ChromeDriver
Command: [df7df04649204ccd2051462cac71af3e, sendKeysToElement {value=[Ljava.lang.CharSequence;@37724a72, id=f.C080EB01E32C1A0713F45EF3C5412E73.d.117472D7E0A9BE3EDB8617F3364C53A8.e.52}]
Capabilities {acceptInsecureCerts: false, browserName: chrome, browserVersion: 131.0.6778.109, chrome: {chromedriverVersion: 131.0.6778.87 (ce31cae94873..., userDataDir: C:\Users\vamsh\AppData\Loca...}, fedcm:accounts: true, goog:chromeOptions: {debuggerAddress: localhost:61044}, networkConnectionEnabled: false, pageLoadStrategy: normal, platformName: windows, proxy: Proxy(), se:cdp: ws://localhost:61044/devtoo..., se:cdpVersion: 131.0.6778.109, setWindowRect: true, strictFileInteractability: false, timeouts: {implicit: 0, pageLoad: 300000, script: 30000}, unhandledPromptBehavior: dismiss and notify, webauthn:extension:credBlob: true, webauthn:extension:largeBlob: true, webauthn:extension:minPinLength: true, webauthn:extension:prf: true, webauthn:virtualAuthenticators: true}
Element: [[ChromeDriver: chrome on windows (df7df04649204ccd2051462cac71af3e)] -> css selector: .CodeMirror textarea]
Session ID: df7df04649204ccd2051462cac71af3e
	at java.base/jdk.internal.reflect.DirectConstructorHandleAccessor.newInstance(DirectConstructorHandleAccessor.java:62)
	at java.base/java.lang.reflect.Constructor.newInstanceWithCaller(Constructor.java:502)
	at java.base/java.lang.reflect.Constructor.newInstance(Constructor.java:486)
	at org.openqa.selenium.remote.ErrorCodec.decode(ErrorCodec.java:167)
	at org.openqa.selenium.remote.codec.w3c.W3CHttpResponseCodec.decode(W3CHttpResponseCodec.java:138)
	at org.openqa.selenium.remote.codec.w3c.W3CHttpResponseCodec.decode(W3CHttpResponseCodec.java:50)
	at org.openqa.selenium.remote.HttpCommandExecutor.execute(HttpCommandExecutor.java:190)
	at org.openqa.selenium.remote.service.DriverCommandExecutor.invokeExecute(DriverCommandExecutor.java:216)
	at org.openqa.selenium.remote.service.DriverCommandExecutor.execute(DriverCommandExecutor.java:174)
	at org.openqa.selenium.remote.RemoteWebDriver.execute(RemoteWebDriver.java:545)
	at org.openqa.selenium.remote.RemoteWebElement.execute(RemoteWebElement.java:223)
	at org.openqa.selenium.remote.RemoteWebElement.sendKeys(RemoteWebElement.java:110)
	at PageObjects.IntroductionPage.enterCodeInEditor(IntroductionPage.java:146)
	at StepDefinitions.DSIntroductionDetails.the_user_write_the_invalid_code_in_editor(DSIntroductionDetails.java:138)
	at ✽.The user write the invalid code in Editor(file:///C:/Projects/Repo1/src/test/resources/Features/StackPage.feature:54)
&amp#27;[0m
  &amp#27;[36mAnd &amp#27;[0m&amp#27;[36mClick the Run button&amp#27;[0m                                                               &amp#27;[90m# StepDefinitions.DSIntroductionDetails.click_the_run_button()&amp#27;[0m
  &amp#27;[36mThen &amp#27;[0m&amp#27;[36mThe user should able to see an error message in alert window&amp#27;[0m                      &amp#27;[90m# StepDefinitions.DSIntroductionDetails.the_user_should_able_to_see_an_error_message_in_alert_window()&amp#27;[0m
[ERROR] 2024-12-09 22:00:44.310 [TestNG-PoolService-1] Hooks - ======================  TEST CASE FAILED !! ======================
  &amp#27;[32mAnd &amp#27;[0m&amp#27;[32mThe user clicks on Get Started link for stack&amp#27;[0m                                       &amp#27;[90m# StepDefinitions.StackStepDefinitions.the_user_clicks_on_get_started_link_for_stack()&amp#27;[0m

    Embedding screenshot [image/png 7853 bytes]

[INFO ] 2024-12-09 22:00:44.453 [TestNG-PoolService-1] Hooks - ======================  Screenshot is captured  ======================
[INFO ] 2024-12-09 22:00:44.457 [TestNG-PoolService-1] Hooks - ======================  Test Execution is completed!! ======================
]]></system-out>
    <system-err><![CDATA[Dec 09, 2024 10:00:42 PM org.openqa.selenium.devtools.CdpVersionFinder findNearestMatch
WARNING: Unable to find an exact match for CDP version 131, returning the closest version; found: 130; Please update to a Selenium version that supports CDP version 131
]]></system-err>
  </testcase>
  <testcase name="runScenario[&quot;Error message displayed for invalid code on try Editor for Implementation page&quot;, &quot;Stack page&quot;](128)" classname="TestRunners.TestRunner" time="4.66">
    <failure message="element not interactable&#10;  (Session info: MicrosoftEdge=131.0.2903.86)&#10;Build info: version: &apos;4.26.0&apos;, revision: &apos;8ccf0219d7&apos;&#10;System info: os.name: &apos;Windows 11&apos;, os.arch: &apos;amd64&apos;, os.version: &apos;10.0&apos;, java.version: &apos;21.0.5&apos;&#10;Driver info: org.openqa.selenium.edge.EdgeDriver&#10;Command: [8c9f44dc4eb6396efee077c70ca1c00c, sendKeysToElement {value=[Ljava.lang.CharSequence;@51329caa, id=f.67C5926BC06702D4F188CAD7CA9ADE37.d.F3B09C4750EAC074DC48748C69EFB62A.e.38}]&#10;Capabilities {acceptInsecureCerts: false, browserName: MicrosoftEdge, browserVersion: 131.0.2903.86, fedcm:accounts: true, ms:edgeOptions: {debuggerAddress: localhost:63959}, msedge: {msedgedriverVersion: 131.0.2903.86 (cf5bf303997c..., userDataDir: C:\Users\vamsh\AppData\Loca...}, networkConnectionEnabled: false, pageLoadStrategy: normal, platformName: windows, proxy: Proxy(), se:cdp: ws://localhost:63959/devtoo..., se:cdpVersion: 131.0.2903.86, setWindowRect: true, strictFileInteractability: false, timeouts: {implicit: 0, pageLoad: 300000, script: 30000}, unhandledPromptBehavior: dismiss and notify, webauthn:extension:credBlob: true, webauthn:extension:largeBlob: true, webauthn:extension:minPinLength: true, webauthn:extension:prf: true, webauthn:virtualAuthenticators: true}&#10;Element: [[EdgeDriver: MicrosoftEdge on windows (8c9f44dc4eb6396efee077c70ca1c00c)] -&gt; css selector: .CodeMirror textarea]&#10;Session ID: 8c9f44dc4eb6396efee077c70ca1c00c" type="org.openqa.selenium.ElementNotInteractableException"><![CDATA[org.openqa.selenium.ElementNotInteractableException: 
element not interactable
  (Session info: MicrosoftEdge=131.0.2903.86)
Build info: version: '4.26.0', revision: '8ccf0219d7'
System info: os.name: 'Windows 11', os.arch: 'amd64', os.version: '10.0', java.version: '21.0.5'
Driver info: org.openqa.selenium.edge.EdgeDriver
Command: [8c9f44dc4eb6396efee077c70ca1c00c, sendKeysToElement {value=[Ljava.lang.CharSequence;@51329caa, id=f.67C5926BC06702D4F188CAD7CA9ADE37.d.F3B09C4750EAC074DC48748C69EFB62A.e.38}]
Capabilities {acceptInsecureCerts: false, browserName: MicrosoftEdge, browserVersion: 131.0.2903.86, fedcm:accounts: true, ms:edgeOptions: {debuggerAddress: localhost:63959}, msedge: {msedgedriverVersion: 131.0.2903.86 (cf5bf303997c..., userDataDir: C:\Users\vamsh\AppData\Loca...}, networkConnectionEnabled: false, pageLoadStrategy: normal, platformName: windows, proxy: Proxy(), se:cdp: ws://localhost:63959/devtoo..., se:cdpVersion: 131.0.2903.86, setWindowRect: true, strictFileInteractability: false, timeouts: {implicit: 0, pageLoad: 300000, script: 30000}, unhandledPromptBehavior: dismiss and notify, webauthn:extension:credBlob: true, webauthn:extension:largeBlob: true, webauthn:extension:minPinLength: true, webauthn:extension:prf: true, webauthn:virtualAuthenticators: true}
Element: [[EdgeDriver: MicrosoftEdge on windows (8c9f44dc4eb6396efee077c70ca1c00c)] -> css selector: .CodeMirror textarea]
Session ID: 8c9f44dc4eb6396efee077c70ca1c00c
]]></failure>
    <system-out><![CDATA[
Scenario: Valid code on try editor for Implementation runs successfully &amp#27;[90m# src/test/resources/Features/StackPage.feature:64&amp#27;[0m
[INFO ] 2024-12-09 22:25:21.893 [TestNG-PoolService-1] Hooks - ======================  New Test Execution is STARTED!! ======================
  &amp#27;[32mAnd &amp#27;[0m&amp#27;[32mThe user clicks on Get Started link for stack&amp#27;[0m                                      &amp#27;[90m# StepDefinitions.StackStepDefinitions.the_user_clicks_on_get_started_link_for_stack()&amp#27;[0m
  &amp#27;[32mGiven &amp#27;[0m&amp#27;[32mThe user is on the Implementation page&amp#27;[0m                                           &amp#27;[90m# StepDefinitions.StackStepDefinitions.the_user_is_on_the_implementation_page()&amp#27;[0m
  &amp#27;[32mAnd &amp#27;[0m&amp#27;[32mUser clicks Try here link&amp#27;[0m                                                          &amp#27;[90m# StepDefinitions.DSIntroductionDetails.user_clicks_try_here_link()&amp#27;[0m
  &amp#27;[31mWhen &amp#27;[0m&amp#27;[31mThe user write the invalid code in Editor&amp#27;[0m                                         &amp#27;[90m# StepDefinitions.DSIntroductionDetails.the_user_write_the_invalid_code_in_editor()&amp#27;[0m
      &amp#27;[31morg.openqa.selenium.ElementNotInteractableException: element not interactable
  (Session info: MicrosoftEdge=131.0.2903.86)
Build info: version: '4.26.0', revision: '8ccf0219d7'
System info: os.name: 'Windows 11', os.arch: 'amd64', os.version: '10.0', java.version: '21.0.5'
Driver info: org.openqa.selenium.edge.EdgeDriver
Command: [8c9f44dc4eb6396efee077c70ca1c00c, sendKeysToElement {value=[Ljava.lang.CharSequence;@51329caa, id=f.67C5926BC06702D4F188CAD7CA9ADE37.d.F3B09C4750EAC074DC48748C69EFB62A.e.38}]
Capabilities {acceptInsecureCerts: false, browserName: MicrosoftEdge, browserVersion: 131.0.2903.86, fedcm:accounts: true, ms:edgeOptions: {debuggerAddress: localhost:63959}, msedge: {msedgedriverVersion: 131.0.2903.86 (cf5bf303997c..., userDataDir: C:\Users\vamsh\AppData\Loca...}, networkConnectionEnabled: false, pageLoadStrategy: normal, platformName: windows, proxy: Proxy(), se:cdp: ws://localhost:63959/devtoo..., se:cdpVersion: 131.0.2903.86, setWindowRect: true, strictFileInteractability: false, timeouts: {implicit: 0, pageLoad: 300000, script: 30000}, unhandledPromptBehavior: dismiss and notify, webauthn:extension:credBlob: true, webauthn:extension:largeBlob: true, webauthn:extension:minPinLength: true, webauthn:extension:prf: true, webauthn:virtualAuthenticators: true}
Element: [[EdgeDriver: MicrosoftEdge on windows (8c9f44dc4eb6396efee077c70ca1c00c)] -> css selector: .CodeMirror textarea]
Session ID: 8c9f44dc4eb6396efee077c70ca1c00c
	at java.base/jdk.internal.reflect.DirectConstructorHandleAccessor.newInstance(DirectConstructorHandleAccessor.java:62)
	at java.base/java.lang.reflect.Constructor.newInstanceWithCaller(Constructor.java:502)
	at java.base/java.lang.reflect.Constructor.newInstance(Constructor.java:486)
	at org.openqa.selenium.remote.ErrorCodec.decode(ErrorCodec.java:167)
	at org.openqa.selenium.remote.codec.w3c.W3CHttpResponseCodec.decode(W3CHttpResponseCodec.java:138)
	at org.openqa.selenium.remote.codec.w3c.W3CHttpResponseCodec.decode(W3CHttpResponseCodec.java:50)
	at org.openqa.selenium.remote.HttpCommandExecutor.execute(HttpCommandExecutor.java:190)
	at org.openqa.selenium.remote.service.DriverCommandExecutor.invokeExecute(DriverCommandExecutor.java:216)
	at org.openqa.selenium.remote.service.DriverCommandExecutor.execute(DriverCommandExecutor.java:174)
	at org.openqa.selenium.remote.RemoteWebDriver.execute(RemoteWebDriver.java:545)
	at org.openqa.selenium.remote.RemoteWebElement.execute(RemoteWebElement.java:223)
	at org.openqa.selenium.remote.RemoteWebElement.sendKeys(RemoteWebElement.java:110)
	at PageObjects.IntroductionPage.enterCodeInEditor(IntroductionPage.java:146)
	at StepDefinitions.DSIntroductionDetails.the_user_write_the_invalid_code_in_editor(DSIntroductionDetails.java:138)
	at ✽.The user write the invalid code in Editor(file:///C:/Projects/Repo1/src/test/resources/Features/StackPage.feature:54)
&amp#27;[0m
  &amp#27;[36mAnd &amp#27;[0m&amp#27;[36mClick the Run button&amp#27;[0m                                                               &amp#27;[90m# StepDefinitions.DSIntroductionDetails.click_the_run_button()&amp#27;[0m
  &amp#27;[36mThen &amp#27;[0m&amp#27;[36mThe user should able to see an error message in alert window&amp#27;[0m                      &amp#27;[90m# StepDefinitions.DSIntroductionDetails.the_user_should_able_to_see_an_error_message_in_alert_window()&amp#27;[0m
[ERROR] 2024-12-09 22:25:24.307 [TestNG-PoolService-2] Hooks - ======================  TEST CASE FAILED !! ======================

    Embedding screenshot [image/png 7890 bytes]

[INFO ] 2024-12-09 22:25:24.562 [TestNG-PoolService-2] Hooks - ======================  Screenshot is captured  ======================
[INFO ] 2024-12-09 22:25:24.564 [TestNG-PoolService-2] Hooks - ======================  Test Execution is completed!! ======================
  &amp#27;[32mGiven &amp#27;[0m&amp#27;[32mThe user is on the DS Introduction page as signedIn&amp#27;[0m                               &amp#27;[90m# StepDefinitions.DSIntroductionDetails.the_user_is_on_the_ds_introduction_page_as_signed_in()&amp#27;[0m
[INFO ] 2024-12-09 22:25:24.758 [TestNG-PoolService-3] Hooks - ======================  New Test Execution is STARTED!! ======================
  &amp#27;[32mAnd &amp#27;[0m&amp#27;[32mThe user clicks on Get Started link for stack&amp#27;[0m                                       &amp#27;[90m# StepDefinitions.StackStepDefinitions.the_user_clicks_on_get_started_link_for_stack()&amp#27;[0m
  &amp#27;[32mGiven &amp#27;[0m&amp#27;[32mThe user is on the Implementation page&amp#27;[0m                                            &amp#27;[90m# StepDefinitions.StackStepDefinitions.the_user_is_on_the_implementation_page()&amp#27;[0m
]]></system-out>
    <system-err><![CDATA[Dec 09, 2024 10:25:21 PM org.openqa.selenium.devtools.CdpVersionFinder findNearestMatch
WARNING: Unable to find an exact match for CDP version 131, returning the closest version; found: 130; Please update to a Selenium version that supports CDP version 131
Dec 09, 2024 10:25:24 PM org.openqa.selenium.devtools.CdpVersionFinder findNearestMatch
WARNING: Unable to find an exact match for CDP version 131, returning the closest version; found: 130; Please update to a Selenium version that supports CDP version 131
]]></system-err>
  </testcase>
  <testcase name="runScenario[&quot;No error message displayed for empty code on try editor for Implementation page&quot;, &quot;Stack page&quot;](129)" classname="TestRunners.TestRunner" time="1.499">
    <system-out><![CDATA[  &amp#27;[32mGiven &amp#27;[0m&amp#27;[32mThe user is on the Implementation page&amp#27;[0m                                            &amp#27;[90m# StepDefinitions.StackStepDefinitions.the_user_is_on_the_implementation_page()&amp#27;[0m

Scenario: Validate user can navigate to Applications page   &amp#27;[90m# src/test/resources/Features/StackPage.feature:71&amp#27;[0m
  &amp#27;[32mAnd &amp#27;[0m&amp#27;[32mUser clicks Try here link&amp#27;[0m                                                           &amp#27;[90m# StepDefinitions.DSIntroductionDetails.user_clicks_try_here_link()&amp#27;[0m
  &amp#27;[32mWhen &amp#27;[0m&amp#27;[32mClick the Run button&amp#27;[0m                                                               &amp#27;[90m# StepDefinitions.DSIntroductionDetails.click_the_run_button()&amp#27;[0m
  &amp#27;[32mThen &amp#27;[0m&amp#27;[32mThe user should not see any error message or alert&amp#27;[0m                                 &amp#27;[90m# StepDefinitions.DSIntroductionDetails.the_user_should_not_see_any_error_message_or_alert()&amp#27;[0m
[INFO ] 2024-12-09 22:00:45.490 [TestNG-PoolService-3] Hooks - ======================  Test Execution is completed!! ======================
  &amp#27;[32mGiven &amp#27;[0m&amp#27;[32mThe user is on the DS Introduction page as signedIn&amp#27;[0m             &amp#27;[90m# StepDefinitions.DSIntroductionDetails.the_user_is_on_the_ds_introduction_page_as_signed_in()&amp#27;[0m
[INFO ] 2024-12-09 22:00:46.117 [TestNG-PoolService-1] Hooks - ======================  New Test Execution is STARTED!! ======================
]]></system-out>
    <system-err><![CDATA[Dec 09, 2024 10:00:46 PM org.openqa.selenium.devtools.CdpVersionFinder findNearestMatch
WARNING: Unable to find an exact match for CDP version 131, returning the closest version; found: 130; Please update to a Selenium version that supports CDP version 131
]]></system-err>
  </testcase>
  <testcase name="runScenario[&quot;No error message displayed for empty code on try editor for Implementation page&quot;, &quot;Stack page&quot;](129)" classname="TestRunners.TestRunner" time="2.841">
    <system-out><![CDATA[
Scenario: Validate user can navigate to Applications page   &amp#27;[90m# src/test/resources/Features/StackPage.feature:71&amp#27;[0m
  &amp#27;[32mAnd &amp#27;[0m&amp#27;[32mUser clicks Try here link&amp#27;[0m                                                           &amp#27;[90m# StepDefinitions.DSIntroductionDetails.user_clicks_try_here_link()&amp#27;[0m
  &amp#27;[32mWhen &amp#27;[0m&amp#27;[32mClick the Run button&amp#27;[0m                                                               &amp#27;[90m# StepDefinitions.DSIntroductionDetails.click_the_run_button()&amp#27;[0m
  &amp#27;[32mThen &amp#27;[0m&amp#27;[32mThe user should not see any error message or alert&amp#27;[0m                                 &amp#27;[90m# StepDefinitions.DSIntroductionDetails.the_user_should_not_see_any_error_message_or_alert()&amp#27;[0m
[INFO ] 2024-12-09 22:25:27.445 [TestNG-PoolService-1] Hooks - ======================  Test Execution is completed!! ======================
[INFO ] 2024-12-09 22:25:27.613 [TestNG-PoolService-2] Hooks - ======================  New Test Execution is STARTED!! ======================
  &amp#27;[32mGiven &amp#27;[0m&amp#27;[32mThe user is on the DS Introduction page as signedIn&amp#27;[0m             &amp#27;[90m# StepDefinitions.DSIntroductionDetails.the_user_is_on_the_ds_introduction_page_as_signed_in()&amp#27;[0m
  &amp#27;[32mAnd &amp#27;[0m&amp#27;[32mThe user clicks on Get Started link for stack&amp#27;[0m                     &amp#27;[90m# StepDefinitions.StackStepDefinitions.the_user_clicks_on_get_started_link_for_stack()&amp#27;[0m
  &amp#27;[32mGiven &amp#27;[0m&amp#27;[32mThe user is on the Implementation page&amp#27;[0m                          &amp#27;[90m# StepDefinitions.StackStepDefinitions.the_user_is_on_the_implementation_page()&amp#27;[0m
]]></system-out>
    <system-err><![CDATA[Dec 09, 2024 10:25:27 PM org.openqa.selenium.devtools.CdpVersionFinder findNearestMatch
WARNING: Unable to find an exact match for CDP version 131, returning the closest version; found: 130; Please update to a Selenium version that supports CDP version 131
]]></system-err>
  </testcase>
  <testcase name="runScenario[&quot;Valid code on try editor for Implementation runs successfully&quot;, &quot;Stack page&quot;](130)" classname="TestRunners.TestRunner" time="1.72">
    <failure message="element not interactable&#10;  (Session info: chrome=131.0.6778.109)&#10;Build info: version: &apos;4.26.0&apos;, revision: &apos;8ccf0219d7&apos;&#10;System info: os.name: &apos;Windows 11&apos;, os.arch: &apos;amd64&apos;, os.version: &apos;10.0&apos;, java.version: &apos;21.0.5&apos;&#10;Driver info: org.openqa.selenium.chrome.ChromeDriver&#10;Command: [46d450046b9c7f0e43876453dd156a83, sendKeysToElement {value=[Ljava.lang.CharSequence;@2ab90b61, id=f.01D69A43F0B228A98BC188DC5C3F71B5.d.CA6846D59D8200C9115CF2795DCC2A0D.e.51}]&#10;Capabilities {acceptInsecureCerts: false, browserName: chrome, browserVersion: 131.0.6778.109, chrome: {chromedriverVersion: 131.0.6778.87 (ce31cae94873..., userDataDir: C:\Users\vamsh\AppData\Loca...}, fedcm:accounts: true, goog:chromeOptions: {debuggerAddress: localhost:61090}, networkConnectionEnabled: false, pageLoadStrategy: normal, platformName: windows, proxy: Proxy(), se:cdp: ws://localhost:61090/devtoo..., se:cdpVersion: 131.0.6778.109, setWindowRect: true, strictFileInteractability: false, timeouts: {implicit: 0, pageLoad: 300000, script: 30000}, unhandledPromptBehavior: dismiss and notify, webauthn:extension:credBlob: true, webauthn:extension:largeBlob: true, webauthn:extension:minPinLength: true, webauthn:extension:prf: true, webauthn:virtualAuthenticators: true}&#10;Element: [[ChromeDriver: chrome on windows (46d450046b9c7f0e43876453dd156a83)] -&gt; css selector: .CodeMirror textarea]&#10;Session ID: 46d450046b9c7f0e43876453dd156a83" type="org.openqa.selenium.ElementNotInteractableException"><![CDATA[org.openqa.selenium.ElementNotInteractableException: 
element not interactable
  (Session info: chrome=131.0.6778.109)
Build info: version: '4.26.0', revision: '8ccf0219d7'
System info: os.name: 'Windows 11', os.arch: 'amd64', os.version: '10.0', java.version: '21.0.5'
Driver info: org.openqa.selenium.chrome.ChromeDriver
Command: [46d450046b9c7f0e43876453dd156a83, sendKeysToElement {value=[Ljava.lang.CharSequence;@2ab90b61, id=f.01D69A43F0B228A98BC188DC5C3F71B5.d.CA6846D59D8200C9115CF2795DCC2A0D.e.51}]
Capabilities {acceptInsecureCerts: false, browserName: chrome, browserVersion: 131.0.6778.109, chrome: {chromedriverVersion: 131.0.6778.87 (ce31cae94873..., userDataDir: C:\Users\vamsh\AppData\Loca...}, fedcm:accounts: true, goog:chromeOptions: {debuggerAddress: localhost:61090}, networkConnectionEnabled: false, pageLoadStrategy: normal, platformName: windows, proxy: Proxy(), se:cdp: ws://localhost:61090/devtoo..., se:cdpVersion: 131.0.6778.109, setWindowRect: true, strictFileInteractability: false, timeouts: {implicit: 0, pageLoad: 300000, script: 30000}, unhandledPromptBehavior: dismiss and notify, webauthn:extension:credBlob: true, webauthn:extension:largeBlob: true, webauthn:extension:minPinLength: true, webauthn:extension:prf: true, webauthn:virtualAuthenticators: true}
Element: [[ChromeDriver: chrome on windows (46d450046b9c7f0e43876453dd156a83)] -> css selector: .CodeMirror textarea]
Session ID: 46d450046b9c7f0e43876453dd156a83
]]></failure>
    <system-out><![CDATA[
Scenario: Validate user can click on Try here link from Applications page &amp#27;[90m# src/test/resources/Features/StackPage.feature:76&amp#27;[0m
  &amp#27;[32mAnd &amp#27;[0m&amp#27;[32mThe user clicks on Get Started link for stack&amp#27;[0m                     &amp#27;[90m# StepDefinitions.StackStepDefinitions.the_user_clicks_on_get_started_link_for_stack()&amp#27;[0m
  &amp#27;[32mGiven &amp#27;[0m&amp#27;[32mThe user is on the Implementation page&amp#27;[0m                          &amp#27;[90m# StepDefinitions.StackStepDefinitions.the_user_is_on_the_implementation_page()&amp#27;[0m
  &amp#27;[32mAnd &amp#27;[0m&amp#27;[32mUser clicks Try here link&amp#27;[0m                                         &amp#27;[90m# StepDefinitions.DSIntroductionDetails.user_clicks_try_here_link()&amp#27;[0m
  &amp#27;[31mWhen &amp#27;[0m&amp#27;[31mThe user write the valid code in Editor&amp#27;[0m                          &amp#27;[90m# StepDefinitions.DSIntroductionDetails.the_user_write_the_valid_code_in_editor()&amp#27;[0m
      &amp#27;[31morg.openqa.selenium.ElementNotInteractableException: element not interactable
  (Session info: chrome=131.0.6778.109)
Build info: version: '4.26.0', revision: '8ccf0219d7'
System info: os.name: 'Windows 11', os.arch: 'amd64', os.version: '10.0', java.version: '21.0.5'
Driver info: org.openqa.selenium.chrome.ChromeDriver
Command: [46d450046b9c7f0e43876453dd156a83, sendKeysToElement {value=[Ljava.lang.CharSequence;@2ab90b61, id=f.01D69A43F0B228A98BC188DC5C3F71B5.d.CA6846D59D8200C9115CF2795DCC2A0D.e.51}]
Capabilities {acceptInsecureCerts: false, browserName: chrome, browserVersion: 131.0.6778.109, chrome: {chromedriverVersion: 131.0.6778.87 (ce31cae94873..., userDataDir: C:\Users\vamsh\AppData\Loca...}, fedcm:accounts: true, goog:chromeOptions: {debuggerAddress: localhost:61090}, networkConnectionEnabled: false, pageLoadStrategy: normal, platformName: windows, proxy: Proxy(), se:cdp: ws://localhost:61090/devtoo..., se:cdpVersion: 131.0.6778.109, setWindowRect: true, strictFileInteractability: false, timeouts: {implicit: 0, pageLoad: 300000, script: 30000}, unhandledPromptBehavior: dismiss and notify, webauthn:extension:credBlob: true, webauthn:extension:largeBlob: true, webauthn:extension:minPinLength: true, webauthn:extension:prf: true, webauthn:virtualAuthenticators: true}
Element: [[ChromeDriver: chrome on windows (46d450046b9c7f0e43876453dd156a83)] -> css selector: .CodeMirror textarea]
Session ID: 46d450046b9c7f0e43876453dd156a83
	at java.base/jdk.internal.reflect.DirectConstructorHandleAccessor.newInstance(DirectConstructorHandleAccessor.java:62)
	at java.base/java.lang.reflect.Constructor.newInstanceWithCaller(Constructor.java:502)
	at java.base/java.lang.reflect.Constructor.newInstance(Constructor.java:486)
	at org.openqa.selenium.remote.ErrorCodec.decode(ErrorCodec.java:167)
	at org.openqa.selenium.remote.codec.w3c.W3CHttpResponseCodec.decode(W3CHttpResponseCodec.java:138)
	at org.openqa.selenium.remote.codec.w3c.W3CHttpResponseCodec.decode(W3CHttpResponseCodec.java:50)
	at org.openqa.selenium.remote.HttpCommandExecutor.execute(HttpCommandExecutor.java:190)
	at org.openqa.selenium.remote.service.DriverCommandExecutor.invokeExecute(DriverCommandExecutor.java:216)
	at org.openqa.selenium.remote.service.DriverCommandExecutor.execute(DriverCommandExecutor.java:174)
	at org.openqa.selenium.remote.RemoteWebDriver.execute(RemoteWebDriver.java:545)
	at org.openqa.selenium.remote.RemoteWebElement.execute(RemoteWebElement.java:223)
	at org.openqa.selenium.remote.RemoteWebElement.sendKeys(RemoteWebElement.java:110)
	at PageObjects.IntroductionPage.enterCodeInEditor(IntroductionPage.java:146)
	at StepDefinitions.DSIntroductionDetails.the_user_write_the_valid_code_in_editor(DSIntroductionDetails.java:158)
	at ✽.The user write the valid code in Editor(file:///C:/Projects/Repo1/src/test/resources/Features/StackPage.feature:67)
&amp#27;[0m
  &amp#27;[36mAnd &amp#27;[0m&amp#27;[36mClick the Run button&amp#27;[0m                                              &amp#27;[90m# StepDefinitions.DSIntroductionDetails.click_the_run_button()&amp#27;[0m
  &amp#27;[36mThen &amp#27;[0m&amp#27;[36mThe user should able to see output in the console&amp#27;[0m                &amp#27;[90m# StepDefinitions.DSIntroductionDetails.the_user_should_able_to_see_output_in_the_console()&amp#27;[0m
[ERROR] 2024-12-09 22:00:47.435 [TestNG-PoolService-2] Hooks - ======================  TEST CASE FAILED !! ======================
[INFO ] 2024-12-09 22:00:47.469 [TestNG-PoolService-3] Hooks - ======================  New Test Execution is STARTED!! ======================

    Embedding screenshot [image/png 7853 bytes]

[INFO ] 2024-12-09 22:00:47.648 [TestNG-PoolService-2] Hooks - ======================  Screenshot is captured  ======================
[INFO ] 2024-12-09 22:00:47.648 [TestNG-PoolService-2] Hooks - ======================  Test Execution is completed!! ======================
]]></system-out>
    <system-err><![CDATA[Dec 09, 2024 10:00:47 PM org.openqa.selenium.devtools.CdpVersionFinder findNearestMatch
WARNING: Unable to find an exact match for CDP version 131, returning the closest version; found: 130; Please update to a Selenium version that supports CDP version 131
]]></system-err>
  </testcase>
  <testcase name="runScenario[&quot;Valid code on try editor for Implementation runs successfully&quot;, &quot;Stack page&quot;](130)" classname="TestRunners.TestRunner" time="2.262">
    <failure message="element not interactable&#10;  (Session info: MicrosoftEdge=131.0.2903.86)&#10;Build info: version: &apos;4.26.0&apos;, revision: &apos;8ccf0219d7&apos;&#10;System info: os.name: &apos;Windows 11&apos;, os.arch: &apos;amd64&apos;, os.version: &apos;10.0&apos;, java.version: &apos;21.0.5&apos;&#10;Driver info: org.openqa.selenium.edge.EdgeDriver&#10;Command: [4dfdc62e1fed77fe9a29a88ed19a52be, sendKeysToElement {value=[Ljava.lang.CharSequence;@45449894, id=f.063CFB94606DFE90C9A5629A3A7BC680.d.A33CBFEACA0C01DE453B61CE76D2614C.e.39}]&#10;Capabilities {acceptInsecureCerts: false, browserName: MicrosoftEdge, browserVersion: 131.0.2903.86, fedcm:accounts: true, ms:edgeOptions: {debuggerAddress: localhost:64048}, msedge: {msedgedriverVersion: 131.0.2903.86 (cf5bf303997c..., userDataDir: C:\Users\vamsh\AppData\Loca...}, networkConnectionEnabled: false, pageLoadStrategy: normal, platformName: windows, proxy: Proxy(), se:cdp: ws://localhost:64048/devtoo..., se:cdpVersion: 131.0.2903.86, setWindowRect: true, strictFileInteractability: false, timeouts: {implicit: 0, pageLoad: 300000, script: 30000}, unhandledPromptBehavior: dismiss and notify, webauthn:extension:credBlob: true, webauthn:extension:largeBlob: true, webauthn:extension:minPinLength: true, webauthn:extension:prf: true, webauthn:virtualAuthenticators: true}&#10;Element: [[EdgeDriver: MicrosoftEdge on windows (4dfdc62e1fed77fe9a29a88ed19a52be)] -&gt; css selector: .CodeMirror textarea]&#10;Session ID: 4dfdc62e1fed77fe9a29a88ed19a52be" type="org.openqa.selenium.ElementNotInteractableException"><![CDATA[org.openqa.selenium.ElementNotInteractableException: 
element not interactable
  (Session info: MicrosoftEdge=131.0.2903.86)
Build info: version: '4.26.0', revision: '8ccf0219d7'
System info: os.name: 'Windows 11', os.arch: 'amd64', os.version: '10.0', java.version: '21.0.5'
Driver info: org.openqa.selenium.edge.EdgeDriver
Command: [4dfdc62e1fed77fe9a29a88ed19a52be, sendKeysToElement {value=[Ljava.lang.CharSequence;@45449894, id=f.063CFB94606DFE90C9A5629A3A7BC680.d.A33CBFEACA0C01DE453B61CE76D2614C.e.39}]
Capabilities {acceptInsecureCerts: false, browserName: MicrosoftEdge, browserVersion: 131.0.2903.86, fedcm:accounts: true, ms:edgeOptions: {debuggerAddress: localhost:64048}, msedge: {msedgedriverVersion: 131.0.2903.86 (cf5bf303997c..., userDataDir: C:\Users\vamsh\AppData\Loca...}, networkConnectionEnabled: false, pageLoadStrategy: normal, platformName: windows, proxy: Proxy(), se:cdp: ws://localhost:64048/devtoo..., se:cdpVersion: 131.0.2903.86, setWindowRect: true, strictFileInteractability: false, timeouts: {implicit: 0, pageLoad: 300000, script: 30000}, unhandledPromptBehavior: dismiss and notify, webauthn:extension:credBlob: true, webauthn:extension:largeBlob: true, webauthn:extension:minPinLength: true, webauthn:extension:prf: true, webauthn:virtualAuthenticators: true}
Element: [[EdgeDriver: MicrosoftEdge on windows (4dfdc62e1fed77fe9a29a88ed19a52be)] -> css selector: .CodeMirror textarea]
Session ID: 4dfdc62e1fed77fe9a29a88ed19a52be
]]></failure>
    <system-out><![CDATA[
Scenario: Validate user can click on Try here link from Applications page &amp#27;[90m# src/test/resources/Features/StackPage.feature:76&amp#27;[0m
  &amp#27;[32mAnd &amp#27;[0m&amp#27;[32mUser clicks Try here link&amp#27;[0m                                         &amp#27;[90m# StepDefinitions.DSIntroductionDetails.user_clicks_try_here_link()&amp#27;[0m
  &amp#27;[31mWhen &amp#27;[0m&amp#27;[31mThe user write the valid code in Editor&amp#27;[0m                          &amp#27;[90m# StepDefinitions.DSIntroductionDetails.the_user_write_the_valid_code_in_editor()&amp#27;[0m
      &amp#27;[31morg.openqa.selenium.ElementNotInteractableException: element not interactable
  (Session info: MicrosoftEdge=131.0.2903.86)
Build info: version: '4.26.0', revision: '8ccf0219d7'
System info: os.name: 'Windows 11', os.arch: 'amd64', os.version: '10.0', java.version: '21.0.5'
Driver info: org.openqa.selenium.edge.EdgeDriver
Command: [4dfdc62e1fed77fe9a29a88ed19a52be, sendKeysToElement {value=[Ljava.lang.CharSequence;@45449894, id=f.063CFB94606DFE90C9A5629A3A7BC680.d.A33CBFEACA0C01DE453B61CE76D2614C.e.39}]
Capabilities {acceptInsecureCerts: false, browserName: MicrosoftEdge, browserVersion: 131.0.2903.86, fedcm:accounts: true, ms:edgeOptions: {debuggerAddress: localhost:64048}, msedge: {msedgedriverVersion: 131.0.2903.86 (cf5bf303997c..., userDataDir: C:\Users\vamsh\AppData\Loca...}, networkConnectionEnabled: false, pageLoadStrategy: normal, platformName: windows, proxy: Proxy(), se:cdp: ws://localhost:64048/devtoo..., se:cdpVersion: 131.0.2903.86, setWindowRect: true, strictFileInteractability: false, timeouts: {implicit: 0, pageLoad: 300000, script: 30000}, unhandledPromptBehavior: dismiss and notify, webauthn:extension:credBlob: true, webauthn:extension:largeBlob: true, webauthn:extension:minPinLength: true, webauthn:extension:prf: true, webauthn:virtualAuthenticators: true}
Element: [[EdgeDriver: MicrosoftEdge on windows (4dfdc62e1fed77fe9a29a88ed19a52be)] -> css selector: .CodeMirror textarea]
Session ID: 4dfdc62e1fed77fe9a29a88ed19a52be
	at java.base/jdk.internal.reflect.DirectConstructorHandleAccessor.newInstance(DirectConstructorHandleAccessor.java:62)
	at java.base/java.lang.reflect.Constructor.newInstanceWithCaller(Constructor.java:502)
	at java.base/java.lang.reflect.Constructor.newInstance(Constructor.java:486)
	at org.openqa.selenium.remote.ErrorCodec.decode(ErrorCodec.java:167)
	at org.openqa.selenium.remote.codec.w3c.W3CHttpResponseCodec.decode(W3CHttpResponseCodec.java:138)
	at org.openqa.selenium.remote.codec.w3c.W3CHttpResponseCodec.decode(W3CHttpResponseCodec.java:50)
	at org.openqa.selenium.remote.HttpCommandExecutor.execute(HttpCommandExecutor.java:190)
	at org.openqa.selenium.remote.service.DriverCommandExecutor.invokeExecute(DriverCommandExecutor.java:216)
	at org.openqa.selenium.remote.service.DriverCommandExecutor.execute(DriverCommandExecutor.java:174)
	at org.openqa.selenium.remote.RemoteWebDriver.execute(RemoteWebDriver.java:545)
	at org.openqa.selenium.remote.RemoteWebElement.execute(RemoteWebElement.java:223)
	at org.openqa.selenium.remote.RemoteWebElement.sendKeys(RemoteWebElement.java:110)
	at PageObjects.IntroductionPage.enterCodeInEditor(IntroductionPage.java:146)
	at StepDefinitions.DSIntroductionDetails.the_user_write_the_valid_code_in_editor(DSIntroductionDetails.java:158)
	at ✽.The user write the valid code in Editor(file:///C:/Projects/Repo1/src/test/resources/Features/StackPage.feature:67)
&amp#27;[0m
  &amp#27;[36mAnd &amp#27;[0m&amp#27;[36mClick the Run button&amp#27;[0m                                              &amp#27;[90m# StepDefinitions.DSIntroductionDetails.click_the_run_button()&amp#27;[0m
  &amp#27;[36mThen &amp#27;[0m&amp#27;[36mThe user should able to see output in the console&amp#27;[0m                &amp#27;[90m# StepDefinitions.DSIntroductionDetails.the_user_should_able_to_see_output_in_the_console()&amp#27;[0m
[ERROR] 2024-12-09 22:25:29.625 [TestNG-PoolService-3] Hooks - ======================  TEST CASE FAILED !! ======================

    Embedding screenshot [image/png 7890 bytes]

[INFO ] 2024-12-09 22:25:29.792 [TestNG-PoolService-3] Hooks - ======================  Screenshot is captured  ======================
[INFO ] 2024-12-09 22:25:29.794 [TestNG-PoolService-3] Hooks - ======================  Test Execution is completed!! ======================
  &amp#27;[32mGiven &amp#27;[0m&amp#27;[32mThe user is on the DS Introduction page as signedIn&amp#27;[0m &amp#27;[90m# StepDefinitions.DSIntroductionDetails.the_user_is_on_the_ds_introduction_page_as_signed_in()&amp#27;[0m
  &amp#27;[32mAnd &amp#27;[0m&amp#27;[32mThe user clicks on Get Started link for stack&amp#27;[0m         &amp#27;[90m# StepDefinitions.StackStepDefinitions.the_user_clicks_on_get_started_link_for_stack()&amp#27;[0m
  &amp#27;[32mGiven &amp#27;[0m&amp#27;[32mThe user is on the stack details page&amp#27;[0m               &amp#27;[90m# StepDefinitions.StackStepDefinitions.the_user_is_on_the_stack_details_page()&amp#27;[0m
  &amp#27;[32mWhen &amp#27;[0m&amp#27;[32mThe user click on Applications link&amp#27;[0m                  &amp#27;[90m# StepDefinitions.StackStepDefinitions.the_user_click_on_applications_link()&amp#27;[0m
  &amp#27;[32mThen &amp#27;[0m&amp#27;[32mthe user is navigated to Applications page&amp#27;[0m           &amp#27;[90m# StepDefinitions.StackStepDefinitions.the_user_is_navigated_to_applications_page()&amp#27;[0m
[INFO ] 2024-12-09 22:25:31.042 [TestNG-PoolService-2] Hooks - ======================  Test Execution is completed!! ======================
]]></system-out>
  </testcase>
  <testcase name="runScenario[&quot;Validate user can navigate to Applications page&quot;, &quot;Stack page&quot;](131)" classname="TestRunners.TestRunner" time="2.428">
    <system-out><![CDATA[
Scenario: Error message displayed for invalid code on try Editor for Applications page &amp#27;[90m# src/test/resources/Features/StackPage.feature:81&amp#27;[0m
  &amp#27;[32mGiven &amp#27;[0m&amp#27;[32mThe user is on the DS Introduction page as signedIn&amp#27;[0m &amp#27;[90m# StepDefinitions.DSIntroductionDetails.the_user_is_on_the_ds_introduction_page_as_signed_in()&amp#27;[0m
[INFO ] 2024-12-09 22:00:49.266 [TestNG-PoolService-2] Hooks - ======================  New Test Execution is STARTED!! ======================
  &amp#27;[32mAnd &amp#27;[0m&amp#27;[32mThe user clicks on Get Started link for stack&amp#27;[0m         &amp#27;[90m# StepDefinitions.StackStepDefinitions.the_user_clicks_on_get_started_link_for_stack()&amp#27;[0m
  &amp#27;[32mGiven &amp#27;[0m&amp#27;[32mThe user is on the stack details page&amp#27;[0m               &amp#27;[90m# StepDefinitions.StackStepDefinitions.the_user_is_on_the_stack_details_page()&amp#27;[0m
  &amp#27;[32mWhen &amp#27;[0m&amp#27;[32mThe user click on Applications link&amp#27;[0m                  &amp#27;[90m# StepDefinitions.StackStepDefinitions.the_user_click_on_applications_link()&amp#27;[0m
  &amp#27;[32mThen &amp#27;[0m&amp#27;[32mthe user is navigated to Applications page&amp#27;[0m           &amp#27;[90m# StepDefinitions.StackStepDefinitions.the_user_is_navigated_to_applications_page()&amp#27;[0m
[INFO ] 2024-12-09 22:00:50.046 [TestNG-PoolService-1] Hooks - ======================  Test Execution is completed!! ======================
  &amp#27;[32mGiven &amp#27;[0m&amp#27;[32mThe user is on the DS Introduction page as signedIn&amp#27;[0m               &amp#27;[90m# StepDefinitions.DSIntroductionDetails.the_user_is_on_the_ds_introduction_page_as_signed_in()&amp#27;[0m
]]></system-out>
    <system-err><![CDATA[Dec 09, 2024 10:00:49 PM org.openqa.selenium.devtools.CdpVersionFinder findNearestMatch
WARNING: Unable to find an exact match for CDP version 131, returning the closest version; found: 130; Please update to a Selenium version that supports CDP version 131
]]></system-err>
  </testcase>
  <testcase name="runScenario[&quot;Validate user can navigate to Applications page&quot;, &quot;Stack page&quot;](131)" classname="TestRunners.TestRunner" time="1.093">
    <system-out><![CDATA[
Scenario: Error message displayed for invalid code on try Editor for Applications page &amp#27;[90m# src/test/resources/Features/StackPage.feature:81&amp#27;[0m
[INFO ] 2024-12-09 22:25:31.806 [TestNG-PoolService-1] Hooks - ======================  New Test Execution is STARTED!! ======================
]]></system-out>
    <system-err><![CDATA[Dec 09, 2024 10:25:31 PM org.openqa.selenium.devtools.CdpVersionFinder findNearestMatch
WARNING: Unable to find an exact match for CDP version 131, returning the closest version; found: 130; Please update to a Selenium version that supports CDP version 131
]]></system-err>
  </testcase>
  <testcase name="runScenario[&quot;Validate user can click on Try here link from Applications page&quot;, &quot;Stack page&quot;](132)" classname="TestRunners.TestRunner" time="1.719">
    <system-out><![CDATA[
Scenario: No error message displayed for empty code on try editor for Applications page &amp#27;[90m# src/test/resources/Features/StackPage.feature:88&amp#27;[0m
  &amp#27;[32mAnd &amp#27;[0m&amp#27;[32mThe user clicks on Get Started link for stack&amp#27;[0m                       &amp#27;[90m# StepDefinitions.StackStepDefinitions.the_user_clicks_on_get_started_link_for_stack()&amp#27;[0m
  &amp#27;[32mGiven &amp#27;[0m&amp#27;[32mThe user is on the Applications page&amp#27;[0m                              &amp#27;[90m# StepDefinitions.StackStepDefinitions.the_user_is_on_the_applications_page()&amp#27;[0m
  &amp#27;[32mWhen &amp#27;[0m&amp#27;[32mUser clicks Try here link&amp#27;[0m                                          &amp#27;[90m# StepDefinitions.DSIntroductionDetails.user_clicks_try_here_link()&amp#27;[0m
  &amp#27;[32mThen &amp#27;[0m&amp#27;[32mUser should navigate to tryEditor page&amp#27;[0m                             &amp#27;[90m# StepDefinitions.DSIntroductionDetails.user_should_navigate_to_try_editor_page()&amp#27;[0m
[INFO ] 2024-12-09 22:00:51.752 [TestNG-PoolService-3] Hooks - ======================  Test Execution is completed!! ======================
[INFO ] 2024-12-09 22:00:51.815 [TestNG-PoolService-1] Hooks - ======================  New Test Execution is STARTED!! ======================
]]></system-out>
    <system-err><![CDATA[Dec 09, 2024 10:00:51 PM org.openqa.selenium.devtools.CdpVersionFinder findNearestMatch
WARNING: Unable to find an exact match for CDP version 131, returning the closest version; found: 130; Please update to a Selenium version that supports CDP version 131
]]></system-err>
  </testcase>
  <testcase name="runScenario[&quot;Validate user can click on Try here link from Applications page&quot;, &quot;Stack page&quot;](132)" classname="TestRunners.TestRunner" time="6.01">
    <system-out><![CDATA[
Scenario: No error message displayed for empty code on try editor for Applications page &amp#27;[90m# src/test/resources/Features/StackPage.feature:88&amp#27;[0m
[INFO ] 2024-12-09 22:25:33.260 [TestNG-PoolService-3] Hooks - ======================  New Test Execution is STARTED!! ======================
  &amp#27;[32mGiven &amp#27;[0m&amp#27;[32mThe user is on the DS Introduction page as signedIn&amp#27;[0m               &amp#27;[90m# StepDefinitions.DSIntroductionDetails.the_user_is_on_the_ds_introduction_page_as_signed_in()&amp#27;[0m
  &amp#27;[32mAnd &amp#27;[0m&amp#27;[32mThe user clicks on Get Started link for stack&amp#27;[0m                       &amp#27;[90m# StepDefinitions.StackStepDefinitions.the_user_clicks_on_get_started_link_for_stack()&amp#27;[0m
  &amp#27;[32mGiven &amp#27;[0m&amp#27;[32mThe user is on the Applications page&amp#27;[0m                              &amp#27;[90m# StepDefinitions.StackStepDefinitions.the_user_is_on_the_applications_page()&amp#27;[0m
[INFO ] 2024-12-09 22:25:35.706 [TestNG-PoolService-2] Hooks - ======================  New Test Execution is STARTED!! ======================
  &amp#27;[32mGiven &amp#27;[0m&amp#27;[32mThe user is on the DS Introduction page as signedIn&amp#27;[0m                            &amp#27;[90m# StepDefinitions.DSIntroductionDetails.the_user_is_on_the_ds_introduction_page_as_signed_in()&amp#27;[0m
  &amp#27;[32mWhen &amp#27;[0m&amp#27;[32mUser clicks Try here link&amp#27;[0m                                          &amp#27;[90m# StepDefinitions.DSIntroductionDetails.user_clicks_try_here_link()&amp#27;[0m
  &amp#27;[32mThen &amp#27;[0m&amp#27;[32mUser should navigate to tryEditor page&amp#27;[0m                             &amp#27;[90m# StepDefinitions.DSIntroductionDetails.user_should_navigate_to_try_editor_page()&amp#27;[0m
[INFO ] 2024-12-09 22:25:36.874 [TestNG-PoolService-1] Hooks - ======================  Test Execution is completed!! ======================
  &amp#27;[32mAnd &amp#27;[0m&amp#27;[32mThe user clicks on Get Started link for stack&amp#27;[0m                                    &amp#27;[90m# StepDefinitions.StackStepDefinitions.the_user_clicks_on_get_started_link_for_stack()&amp#27;[0m
]]></system-out>
    <system-err><![CDATA[Dec 09, 2024 10:25:33 PM org.openqa.selenium.devtools.CdpVersionFinder findNearestMatch
WARNING: Unable to find an exact match for CDP version 131, returning the closest version; found: 130; Please update to a Selenium version that supports CDP version 131
Dec 09, 2024 10:25:35 PM org.openqa.selenium.devtools.CdpVersionFinder findNearestMatch
WARNING: Unable to find an exact match for CDP version 131, returning the closest version; found: 130; Please update to a Selenium version that supports CDP version 131
]]></system-err>
  </testcase>
  <testcase name="runScenario[&quot;Error message displayed for invalid code on try Editor for Applications page&quot;, &quot;Stack page&quot;](133)" classname="TestRunners.TestRunner" time="2.042">
    <failure message="element not interactable&#10;  (Session info: chrome=131.0.6778.109)&#10;Build info: version: &apos;4.26.0&apos;, revision: &apos;8ccf0219d7&apos;&#10;System info: os.name: &apos;Windows 11&apos;, os.arch: &apos;amd64&apos;, os.version: &apos;10.0&apos;, java.version: &apos;21.0.5&apos;&#10;Driver info: org.openqa.selenium.chrome.ChromeDriver&#10;Command: [49a4a7d034e5f26590d69b3022794d2c, sendKeysToElement {value=[Ljava.lang.CharSequence;@5c685bff, id=f.98BF8501D2E5C98C5583BA6611911834.d.2C6C8AB2A86773C87F0D0E62BE32C96E.e.53}]&#10;Capabilities {acceptInsecureCerts: false, browserName: chrome, browserVersion: 131.0.6778.109, chrome: {chromedriverVersion: 131.0.6778.87 (ce31cae94873..., userDataDir: C:\Users\vamsh\AppData\Loca...}, fedcm:accounts: true, goog:chromeOptions: {debuggerAddress: localhost:61192}, networkConnectionEnabled: false, pageLoadStrategy: normal, platformName: windows, proxy: Proxy(), se:cdp: ws://localhost:61192/devtoo..., se:cdpVersion: 131.0.6778.109, setWindowRect: true, strictFileInteractability: false, timeouts: {implicit: 0, pageLoad: 300000, script: 30000}, unhandledPromptBehavior: dismiss and notify, webauthn:extension:credBlob: true, webauthn:extension:largeBlob: true, webauthn:extension:minPinLength: true, webauthn:extension:prf: true, webauthn:virtualAuthenticators: true}&#10;Element: [[ChromeDriver: chrome on windows (49a4a7d034e5f26590d69b3022794d2c)] -&gt; css selector: .CodeMirror textarea]&#10;Session ID: 49a4a7d034e5f26590d69b3022794d2c" type="org.openqa.selenium.ElementNotInteractableException"><![CDATA[org.openqa.selenium.ElementNotInteractableException: 
element not interactable
  (Session info: chrome=131.0.6778.109)
Build info: version: '4.26.0', revision: '8ccf0219d7'
System info: os.name: 'Windows 11', os.arch: 'amd64', os.version: '10.0', java.version: '21.0.5'
Driver info: org.openqa.selenium.chrome.ChromeDriver
Command: [49a4a7d034e5f26590d69b3022794d2c, sendKeysToElement {value=[Ljava.lang.CharSequence;@5c685bff, id=f.98BF8501D2E5C98C5583BA6611911834.d.2C6C8AB2A86773C87F0D0E62BE32C96E.e.53}]
Capabilities {acceptInsecureCerts: false, browserName: chrome, browserVersion: 131.0.6778.109, chrome: {chromedriverVersion: 131.0.6778.87 (ce31cae94873..., userDataDir: C:\Users\vamsh\AppData\Loca...}, fedcm:accounts: true, goog:chromeOptions: {debuggerAddress: localhost:61192}, networkConnectionEnabled: false, pageLoadStrategy: normal, platformName: windows, proxy: Proxy(), se:cdp: ws://localhost:61192/devtoo..., se:cdpVersion: 131.0.6778.109, setWindowRect: true, strictFileInteractability: false, timeouts: {implicit: 0, pageLoad: 300000, script: 30000}, unhandledPromptBehavior: dismiss and notify, webauthn:extension:credBlob: true, webauthn:extension:largeBlob: true, webauthn:extension:minPinLength: true, webauthn:extension:prf: true, webauthn:virtualAuthenticators: true}
Element: [[ChromeDriver: chrome on windows (49a4a7d034e5f26590d69b3022794d2c)] -> css selector: .CodeMirror textarea]
Session ID: 49a4a7d034e5f26590d69b3022794d2c
]]></failure>
    <system-out><![CDATA[
Scenario: Valid code on try editor for Applications runs successfully &amp#27;[90m# src/test/resources/Features/StackPage.feature:94&amp#27;[0m
  &amp#27;[32mGiven &amp#27;[0m&amp#27;[32mThe user is on the DS Introduction page as signedIn&amp#27;[0m                            &amp#27;[90m# StepDefinitions.DSIntroductionDetails.the_user_is_on_the_ds_introduction_page_as_signed_in()&amp#27;[0m
  &amp#27;[32mAnd &amp#27;[0m&amp#27;[32mThe user clicks on Get Started link for stack&amp#27;[0m                                    &amp#27;[90m# StepDefinitions.StackStepDefinitions.the_user_clicks_on_get_started_link_for_stack()&amp#27;[0m
  &amp#27;[32mGiven &amp#27;[0m&amp#27;[32mThe user is on the Applications page&amp#27;[0m                                           &amp#27;[90m# StepDefinitions.StackStepDefinitions.the_user_is_on_the_applications_page()&amp#27;[0m
[INFO ] 2024-12-09 22:00:53.436 [TestNG-PoolService-3] Hooks - ======================  New Test Execution is STARTED!! ======================
  &amp#27;[32mAnd &amp#27;[0m&amp#27;[32mUser clicks Try here link&amp#27;[0m                                                        &amp#27;[90m# StepDefinitions.DSIntroductionDetails.user_clicks_try_here_link()&amp#27;[0m
  &amp#27;[31mWhen &amp#27;[0m&amp#27;[31mThe user write the invalid code in Editor&amp#27;[0m                                       &amp#27;[90m# StepDefinitions.DSIntroductionDetails.the_user_write_the_invalid_code_in_editor()&amp#27;[0m
      &amp#27;[31morg.openqa.selenium.ElementNotInteractableException: element not interactable
  (Session info: chrome=131.0.6778.109)
Build info: version: '4.26.0', revision: '8ccf0219d7'
System info: os.name: 'Windows 11', os.arch: 'amd64', os.version: '10.0', java.version: '21.0.5'
Driver info: org.openqa.selenium.chrome.ChromeDriver
Command: [49a4a7d034e5f26590d69b3022794d2c, sendKeysToElement {value=[Ljava.lang.CharSequence;@5c685bff, id=f.98BF8501D2E5C98C5583BA6611911834.d.2C6C8AB2A86773C87F0D0E62BE32C96E.e.53}]
Capabilities {acceptInsecureCerts: false, browserName: chrome, browserVersion: 131.0.6778.109, chrome: {chromedriverVersion: 131.0.6778.87 (ce31cae94873..., userDataDir: C:\Users\vamsh\AppData\Loca...}, fedcm:accounts: true, goog:chromeOptions: {debuggerAddress: localhost:61192}, networkConnectionEnabled: false, pageLoadStrategy: normal, platformName: windows, proxy: Proxy(), se:cdp: ws://localhost:61192/devtoo..., se:cdpVersion: 131.0.6778.109, setWindowRect: true, strictFileInteractability: false, timeouts: {implicit: 0, pageLoad: 300000, script: 30000}, unhandledPromptBehavior: dismiss and notify, webauthn:extension:credBlob: true, webauthn:extension:largeBlob: true, webauthn:extension:minPinLength: true, webauthn:extension:prf: true, webauthn:virtualAuthenticators: true}
Element: [[ChromeDriver: chrome on windows (49a4a7d034e5f26590d69b3022794d2c)] -> css selector: .CodeMirror textarea]
Session ID: 49a4a7d034e5f26590d69b3022794d2c
	at java.base/jdk.internal.reflect.DirectConstructorHandleAccessor.newInstance(DirectConstructorHandleAccessor.java:62)
	at java.base/java.lang.reflect.Constructor.newInstanceWithCaller(Constructor.java:502)
	at java.base/java.lang.reflect.Constructor.newInstance(Constructor.java:486)
	at org.openqa.selenium.remote.ErrorCodec.decode(ErrorCodec.java:167)
	at org.openqa.selenium.remote.codec.w3c.W3CHttpResponseCodec.decode(W3CHttpResponseCodec.java:138)
	at org.openqa.selenium.remote.codec.w3c.W3CHttpResponseCodec.decode(W3CHttpResponseCodec.java:50)
	at org.openqa.selenium.remote.HttpCommandExecutor.execute(HttpCommandExecutor.java:190)
	at org.openqa.selenium.remote.service.DriverCommandExecutor.invokeExecute(DriverCommandExecutor.java:216)
	at org.openqa.selenium.remote.service.DriverCommandExecutor.execute(DriverCommandExecutor.java:174)
	at org.openqa.selenium.remote.RemoteWebDriver.execute(RemoteWebDriver.java:545)
	at org.openqa.selenium.remote.RemoteWebElement.execute(RemoteWebElement.java:223)
	at org.openqa.selenium.remote.RemoteWebElement.sendKeys(RemoteWebElement.java:110)
	at PageObjects.IntroductionPage.enterCodeInEditor(IntroductionPage.java:146)
	at StepDefinitions.DSIntroductionDetails.the_user_write_the_invalid_code_in_editor(DSIntroductionDetails.java:138)
	at ✽.The user write the invalid code in Editor(file:///C:/Projects/Repo1/src/test/resources/Features/StackPage.feature:84)
&amp#27;[0m
  &amp#27;[36mAnd &amp#27;[0m&amp#27;[36mClick the Run button&amp#27;[0m                                                             &amp#27;[90m# StepDefinitions.DSIntroductionDetails.click_the_run_button()&amp#27;[0m
  &amp#27;[36mThen &amp#27;[0m&amp#27;[36mThe user should able to see an error message in alert window&amp#27;[0m                    &amp#27;[90m# StepDefinitions.DSIntroductionDetails.the_user_should_able_to_see_an_error_message_in_alert_window()&amp#27;[0m
[ERROR] 2024-12-09 22:00:53.650 [TestNG-PoolService-2] Hooks - ======================  TEST CASE FAILED !! ======================

    Embedding screenshot [image/png 7853 bytes]

[INFO ] 2024-12-09 22:00:53.822 [TestNG-PoolService-2] Hooks - ======================  Screenshot is captured  ======================
[INFO ] 2024-12-09 22:00:53.826 [TestNG-PoolService-2] Hooks - ======================  Test Execution is completed!! ======================
]]></system-out>
    <system-err><![CDATA[Dec 09, 2024 10:00:53 PM org.openqa.selenium.devtools.CdpVersionFinder findNearestMatch
WARNING: Unable to find an exact match for CDP version 131, returning the closest version; found: 130; Please update to a Selenium version that supports CDP version 131
]]></system-err>
  </testcase>
  <testcase name="runScenario[&quot;Error message displayed for invalid code on try Editor for Applications page&quot;, &quot;Stack page&quot;](133)" classname="TestRunners.TestRunner" time="11.03">
    <system-out><![CDATA[
Scenario: Valid code on try editor for Applications runs successfully &amp#27;[90m# src/test/resources/Features/StackPage.feature:94&amp#27;[0m
[INFO ] 2024-12-09 22:12:58.673 [TestNG-PoolService-2] Hooks - ======================  New Test Execution is STARTED!! ======================
[INFO ] 2024-12-09 22:13:00.128 [TestNG-PoolService-1] Hooks - ======================  New Test Execution is STARTED!! ======================
[INFO ] 2024-12-09 22:13:00.577 [TestNG-PoolService-3] Hooks - ======================  New Test Execution is STARTED!! ======================
  &amp#27;[32mGiven &amp#27;[0m&amp#27;[32mThe user is on the DS Introduction page as signedIn&amp#27;[0m                            &amp#27;[90m# StepDefinitions.DSIntroductionDetails.the_user_is_on_the_ds_introduction_page_as_signed_in()&amp#27;[0m
  &amp#27;[32mAnd &amp#27;[0m&amp#27;[32mThe user clicks on Get Started link for stack&amp#27;[0m                                    &amp#27;[90m# StepDefinitions.StackStepDefinitions.the_user_clicks_on_get_started_link_for_stack()&amp#27;[0m
  &amp#27;[32mGiven &amp#27;[0m&amp#27;[32mThe user is on the Applications page&amp#27;[0m                                           &amp#27;[90m# StepDefinitions.StackStepDefinitions.the_user_is_on_the_applications_page()&amp#27;[0m
  &amp#27;[32mGiven &amp#27;[0m&amp#27;[32mThe user is on the DS Introduction page as signedIn&amp#27;[0m           &amp#27;[90m# StepDefinitions.DSIntroductionDetails.the_user_is_on_the_ds_introduction_page_as_signed_in()&amp#27;[0m
  &amp#27;[32mGiven &amp#27;[0m&amp#27;[32mThe user is on the DS Introduction page as signedIn&amp#27;[0m                             &amp#27;[90m# StepDefinitions.DSIntroductionDetails.the_user_is_on_the_ds_introduction_page_as_signed_in()&amp#27;[0m
  &amp#27;[32mAnd &amp#27;[0m&amp#27;[32mThe user clicks on Get Started link for stack&amp#27;[0m                   &amp#27;[90m# StepDefinitions.StackStepDefinitions.the_user_clicks_on_get_started_link_for_stack()&amp#27;[0m
  &amp#27;[32mAnd &amp#27;[0m&amp#27;[32mThe user clicks on Get Started link for stack&amp#27;[0m                                     &amp#27;[90m# StepDefinitions.StackStepDefinitions.the_user_clicks_on_get_started_link_for_stack()&amp#27;[0m
  &amp#27;[32mGiven &amp#27;[0m&amp#27;[32mThe user is on the Applications page&amp#27;[0m                          &amp#27;[90m# StepDefinitions.StackStepDefinitions.the_user_is_on_the_applications_page()&amp#27;[0m
  &amp#27;[32mAnd &amp#27;[0m&amp#27;[32mUser clicks Try here link&amp#27;[0m                                                        &amp#27;[90m# StepDefinitions.DSIntroductionDetails.user_clicks_try_here_link()&amp#27;[0m
  &amp#27;[32mWhen &amp#27;[0m&amp#27;[32mThe user write the invalid code in Editor&amp#27;[0m                                       &amp#27;[90m# StepDefinitions.DSIntroductionDetails.the_user_write_the_invalid_code_in_editor()&amp#27;[0m
  &amp#27;[32mGiven &amp#27;[0m&amp#27;[32mThe user is on the Applications page&amp#27;[0m                                            &amp#27;[90m# StepDefinitions.StackStepDefinitions.the_user_is_on_the_applications_page()&amp#27;[0m
  &amp#27;[32mAnd &amp#27;[0m&amp#27;[32mClick the Run button&amp#27;[0m                                                             &amp#27;[90m# StepDefinitions.DSIntroductionDetails.click_the_run_button()&amp#27;[0m
  &amp#27;[32mThen &amp#27;[0m&amp#27;[32mThe user should able to see an error message in alert window&amp#27;[0m                    &amp#27;[90m# StepDefinitions.DSIntroductionDetails.the_user_should_able_to_see_an_error_message_in_alert_window()&amp#27;[0m
[INFO ] 2024-12-09 22:13:04.326 [TestNG-PoolService-2] Hooks - ======================  Test Execution is completed!! ======================
  &amp#27;[32mAnd &amp#27;[0m&amp#27;[32mUser clicks Try here link&amp#27;[0m                                       &amp#27;[90m# StepDefinitions.DSIntroductionDetails.user_clicks_try_here_link()&amp#27;[0m
  &amp#27;[32mWhen &amp#27;[0m&amp#27;[32mThe user write the valid code in Editor&amp#27;[0m                        &amp#27;[90m# StepDefinitions.DSIntroductionDetails.the_user_write_the_valid_code_in_editor()&amp#27;[0m
  &amp#27;[32mAnd &amp#27;[0m&amp#27;[32mClick the Run button&amp#27;[0m                                            &amp#27;[90m# StepDefinitions.DSIntroductionDetails.click_the_run_button()&amp#27;[0m
  &amp#27;[32mThen &amp#27;[0m&amp#27;[32mThe user should able to see output in the console&amp#27;[0m              &amp#27;[90m# StepDefinitions.DSIntroductionDetails.the_user_should_able_to_see_output_in_the_console()&amp#27;[0m
[INFO ] 2024-12-09 22:13:05.123 [TestNG-PoolService-3] Hooks - ======================  Test Execution is completed!! ======================
  &amp#27;[32mAnd &amp#27;[0m&amp#27;[32mUser clicks Try here link&amp#27;[0m                                                         &amp#27;[90m# StepDefinitions.DSIntroductionDetails.user_clicks_try_here_link()&amp#27;[0m
  &amp#27;[32mWhen &amp#27;[0m&amp#27;[32mClick the Run button&amp#27;[0m                                                             &amp#27;[90m# StepDefinitions.DSIntroductionDetails.click_the_run_button()&amp#27;[0m
  &amp#27;[32mThen &amp#27;[0m&amp#27;[32mThe user should not see any error message or alert&amp#27;[0m                               &amp#27;[90m# StepDefinitions.DSIntroductionDetails.the_user_should_not_see_any_error_message_or_alert()&amp#27;[0m
[INFO ] 2024-12-09 22:13:05.708 [TestNG-PoolService-1] Hooks - ======================  Test Execution is completed!! ======================
]]></system-out>
  </testcase>
  <testcase name="runScenario[&quot;Error message displayed for invalid code on try Editor for Applications page&quot;, &quot;Stack page&quot;](133)" classname="TestRunners.TestRunner" time="2.325">
    <failure message="element not interactable&#10;  (Session info: MicrosoftEdge=131.0.2903.86)&#10;Build info: version: &apos;4.26.0&apos;, revision: &apos;8ccf0219d7&apos;&#10;System info: os.name: &apos;Windows 11&apos;, os.arch: &apos;amd64&apos;, os.version: &apos;10.0&apos;, java.version: &apos;21.0.5&apos;&#10;Driver info: org.openqa.selenium.edge.EdgeDriver&#10;Command: [bbac17e2717e5aa8526a655d7e509f72, sendKeysToElement {value=[Ljava.lang.CharSequence;@5b3e3c9e, id=f.0BB13AA86DF3CDDDED693C2D85891362.d.604D50ADA24478756CAE42096397BFD4.e.39}]&#10;Capabilities {acceptInsecureCerts: false, browserName: MicrosoftEdge, browserVersion: 131.0.2903.86, fedcm:accounts: true, ms:edgeOptions: {debuggerAddress: localhost:64158}, msedge: {msedgedriverVersion: 131.0.2903.86 (cf5bf303997c..., userDataDir: C:\Users\vamsh\AppData\Loca...}, networkConnectionEnabled: false, pageLoadStrategy: normal, platformName: windows, proxy: Proxy(), se:cdp: ws://localhost:64158/devtoo..., se:cdpVersion: 131.0.2903.86, setWindowRect: true, strictFileInteractability: false, timeouts: {implicit: 0, pageLoad: 300000, script: 30000}, unhandledPromptBehavior: dismiss and notify, webauthn:extension:credBlob: true, webauthn:extension:largeBlob: true, webauthn:extension:minPinLength: true, webauthn:extension:prf: true, webauthn:virtualAuthenticators: true}&#10;Element: [[EdgeDriver: MicrosoftEdge on windows (bbac17e2717e5aa8526a655d7e509f72)] -&gt; css selector: .CodeMirror textarea]&#10;Session ID: bbac17e2717e5aa8526a655d7e509f72" type="org.openqa.selenium.ElementNotInteractableException"><![CDATA[org.openqa.selenium.ElementNotInteractableException: 
element not interactable
  (Session info: MicrosoftEdge=131.0.2903.86)
Build info: version: '4.26.0', revision: '8ccf0219d7'
System info: os.name: 'Windows 11', os.arch: 'amd64', os.version: '10.0', java.version: '21.0.5'
Driver info: org.openqa.selenium.edge.EdgeDriver
Command: [bbac17e2717e5aa8526a655d7e509f72, sendKeysToElement {value=[Ljava.lang.CharSequence;@5b3e3c9e, id=f.0BB13AA86DF3CDDDED693C2D85891362.d.604D50ADA24478756CAE42096397BFD4.e.39}]
Capabilities {acceptInsecureCerts: false, browserName: MicrosoftEdge, browserVersion: 131.0.2903.86, fedcm:accounts: true, ms:edgeOptions: {debuggerAddress: localhost:64158}, msedge: {msedgedriverVersion: 131.0.2903.86 (cf5bf303997c..., userDataDir: C:\Users\vamsh\AppData\Loca...}, networkConnectionEnabled: false, pageLoadStrategy: normal, platformName: windows, proxy: Proxy(), se:cdp: ws://localhost:64158/devtoo..., se:cdpVersion: 131.0.2903.86, setWindowRect: true, strictFileInteractability: false, timeouts: {implicit: 0, pageLoad: 300000, script: 30000}, unhandledPromptBehavior: dismiss and notify, webauthn:extension:credBlob: true, webauthn:extension:largeBlob: true, webauthn:extension:minPinLength: true, webauthn:extension:prf: true, webauthn:virtualAuthenticators: true}
Element: [[EdgeDriver: MicrosoftEdge on windows (bbac17e2717e5aa8526a655d7e509f72)] -> css selector: .CodeMirror textarea]
Session ID: bbac17e2717e5aa8526a655d7e509f72
]]></failure>
    <system-out><![CDATA[
Scenario: Valid code on try editor for Applications runs successfully &amp#27;[90m# src/test/resources/Features/StackPage.feature:94&amp#27;[0m
  &amp#27;[32mGiven &amp#27;[0m&amp#27;[32mThe user is on the Applications page&amp#27;[0m                                           &amp#27;[90m# StepDefinitions.StackStepDefinitions.the_user_is_on_the_applications_page()&amp#27;[0m
  &amp#27;[32mGiven &amp#27;[0m&amp#27;[32mThe user is on the DS Introduction page as signedIn&amp#27;[0m                             &amp#27;[90m# StepDefinitions.DSIntroductionDetails.the_user_is_on_the_ds_introduction_page_as_signed_in()&amp#27;[0m
  &amp#27;[32mAnd &amp#27;[0m&amp#27;[32mUser clicks Try here link&amp#27;[0m                                                        &amp#27;[90m# StepDefinitions.DSIntroductionDetails.user_clicks_try_here_link()&amp#27;[0m
  &amp#27;[31mWhen &amp#27;[0m&amp#27;[31mThe user write the invalid code in Editor&amp#27;[0m                                       &amp#27;[90m# StepDefinitions.DSIntroductionDetails.the_user_write_the_invalid_code_in_editor()&amp#27;[0m
      &amp#27;[31morg.openqa.selenium.ElementNotInteractableException: element not interactable
  (Session info: MicrosoftEdge=131.0.2903.86)
Build info: version: '4.26.0', revision: '8ccf0219d7'
System info: os.name: 'Windows 11', os.arch: 'amd64', os.version: '10.0', java.version: '21.0.5'
Driver info: org.openqa.selenium.edge.EdgeDriver
Command: [bbac17e2717e5aa8526a655d7e509f72, sendKeysToElement {value=[Ljava.lang.CharSequence;@5b3e3c9e, id=f.0BB13AA86DF3CDDDED693C2D85891362.d.604D50ADA24478756CAE42096397BFD4.e.39}]
Capabilities {acceptInsecureCerts: false, browserName: MicrosoftEdge, browserVersion: 131.0.2903.86, fedcm:accounts: true, ms:edgeOptions: {debuggerAddress: localhost:64158}, msedge: {msedgedriverVersion: 131.0.2903.86 (cf5bf303997c..., userDataDir: C:\Users\vamsh\AppData\Loca...}, networkConnectionEnabled: false, pageLoadStrategy: normal, platformName: windows, proxy: Proxy(), se:cdp: ws://localhost:64158/devtoo..., se:cdpVersion: 131.0.2903.86, setWindowRect: true, strictFileInteractability: false, timeouts: {implicit: 0, pageLoad: 300000, script: 30000}, unhandledPromptBehavior: dismiss and notify, webauthn:extension:credBlob: true, webauthn:extension:largeBlob: true, webauthn:extension:minPinLength: true, webauthn:extension:prf: true, webauthn:virtualAuthenticators: true}
Element: [[EdgeDriver: MicrosoftEdge on windows (bbac17e2717e5aa8526a655d7e509f72)] -> css selector: .CodeMirror textarea]
Session ID: bbac17e2717e5aa8526a655d7e509f72
	at java.base/jdk.internal.reflect.DirectConstructorHandleAccessor.newInstance(DirectConstructorHandleAccessor.java:62)
	at java.base/java.lang.reflect.Constructor.newInstanceWithCaller(Constructor.java:502)
	at java.base/java.lang.reflect.Constructor.newInstance(Constructor.java:486)
	at org.openqa.selenium.remote.ErrorCodec.decode(ErrorCodec.java:167)
	at org.openqa.selenium.remote.codec.w3c.W3CHttpResponseCodec.decode(W3CHttpResponseCodec.java:138)
	at org.openqa.selenium.remote.codec.w3c.W3CHttpResponseCodec.decode(W3CHttpResponseCodec.java:50)
	at org.openqa.selenium.remote.HttpCommandExecutor.execute(HttpCommandExecutor.java:190)
	at org.openqa.selenium.remote.service.DriverCommandExecutor.invokeExecute(DriverCommandExecutor.java:216)
	at org.openqa.selenium.remote.service.DriverCommandExecutor.execute(DriverCommandExecutor.java:174)
	at org.openqa.selenium.remote.RemoteWebDriver.execute(RemoteWebDriver.java:545)
	at org.openqa.selenium.remote.RemoteWebElement.execute(RemoteWebElement.java:223)
	at org.openqa.selenium.remote.RemoteWebElement.sendKeys(RemoteWebElement.java:110)
	at PageObjects.IntroductionPage.enterCodeInEditor(IntroductionPage.java:146)
	at StepDefinitions.DSIntroductionDetails.the_user_write_the_invalid_code_in_editor(DSIntroductionDetails.java:138)
	at ✽.The user write the invalid code in Editor(file:///C:/Projects/Repo1/src/test/resources/Features/StackPage.feature:84)
&amp#27;[0m
  &amp#27;[36mAnd &amp#27;[0m&amp#27;[36mClick the Run button&amp#27;[0m                                                             &amp#27;[90m# StepDefinitions.DSIntroductionDetails.click_the_run_button()&amp#27;[0m
  &amp#27;[36mThen &amp#27;[0m&amp#27;[36mThe user should able to see an error message in alert window&amp#27;[0m                    &amp#27;[90m# StepDefinitions.DSIntroductionDetails.the_user_should_able_to_see_an_error_message_in_alert_window()&amp#27;[0m
[ERROR] 2024-12-09 22:25:39.120 [TestNG-PoolService-3] Hooks - ======================  TEST CASE FAILED !! ======================
  &amp#27;[32mAnd &amp#27;[0m&amp#27;[32mThe user clicks on Get Started link for stack&amp#27;[0m                                     &amp#27;[90m# StepDefinitions.StackStepDefinitions.the_user_clicks_on_get_started_link_for_stack()&amp#27;[0m

    Embedding screenshot [image/png 7890 bytes]

[INFO ] 2024-12-09 22:25:39.279 [TestNG-PoolService-3] Hooks - ======================  Screenshot is captured  ======================
[INFO ] 2024-12-09 22:25:39.281 [TestNG-PoolService-3] Hooks - ======================  Test Execution is completed!! ======================
  &amp#27;[32mGiven &amp#27;[0m&amp#27;[32mThe user is on the Applications page&amp#27;[0m                                            &amp#27;[90m# StepDefinitions.StackStepDefinitions.the_user_is_on_the_applications_page()&amp#27;[0m
  &amp#27;[32mAnd &amp#27;[0m&amp#27;[32mUser clicks Try here link&amp#27;[0m                                                         &amp#27;[90m# StepDefinitions.DSIntroductionDetails.user_clicks_try_here_link()&amp#27;[0m
  &amp#27;[32mWhen &amp#27;[0m&amp#27;[32mClick the Run button&amp#27;[0m                                                             &amp#27;[90m# StepDefinitions.DSIntroductionDetails.click_the_run_button()&amp#27;[0m
  &amp#27;[32mThen &amp#27;[0m&amp#27;[32mThe user should not see any error message or alert&amp#27;[0m                               &amp#27;[90m# StepDefinitions.DSIntroductionDetails.the_user_should_not_see_any_error_message_or_alert()&amp#27;[0m
[INFO ] 2024-12-09 22:25:40.244 [TestNG-PoolService-2] Hooks - ======================  Test Execution is completed!! ======================
]]></system-out>
  </testcase>
  <testcase name="runScenario[&quot;No error message displayed for empty code on try editor for Applications page&quot;, &quot;Stack page&quot;](134)" classname="TestRunners.TestRunner" time="2.236">
    <system-out><![CDATA[
Scenario: DS_algo Home page                                       &amp#27;[90m# src/test/resources/Features/Tree.feature:7&amp#27;[0m
  &amp#27;[32mGiven &amp#27;[0m&amp#27;[32mThe user is on the DS Introduction page as signedIn&amp#27;[0m                             &amp#27;[90m# StepDefinitions.DSIntroductionDetails.the_user_is_on_the_ds_introduction_page_as_signed_in()&amp#27;[0m
  &amp#27;[32mAnd &amp#27;[0m&amp#27;[32mThe user clicks on Get Started link for stack&amp#27;[0m                                     &amp#27;[90m# StepDefinitions.StackStepDefinitions.the_user_clicks_on_get_started_link_for_stack()&amp#27;[0m
  &amp#27;[32mGiven &amp#27;[0m&amp#27;[32mThe user is on the Applications page&amp#27;[0m                                            &amp#27;[90m# StepDefinitions.StackStepDefinitions.the_user_is_on_the_applications_page()&amp#27;[0m
[INFO ] 2024-12-09 22:00:55.452 [TestNG-PoolService-2] Hooks - ======================  New Test Execution is STARTED!! ======================
  &amp#27;[32mAnd &amp#27;[0m&amp#27;[32mUser clicks Try here link&amp#27;[0m                                                         &amp#27;[90m# StepDefinitions.DSIntroductionDetails.user_clicks_try_here_link()&amp#27;[0m
  &amp#27;[32mWhen &amp#27;[0m&amp#27;[32mClick the Run button&amp#27;[0m                                                             &amp#27;[90m# StepDefinitions.DSIntroductionDetails.click_the_run_button()&amp#27;[0m
  &amp#27;[32mThen &amp#27;[0m&amp#27;[32mThe user should not see any error message or alert&amp#27;[0m                               &amp#27;[90m# StepDefinitions.DSIntroductionDetails.the_user_should_not_see_any_error_message_or_alert()&amp#27;[0m
[INFO ] 2024-12-09 22:00:56.091 [TestNG-PoolService-1] Hooks - ======================  Test Execution is completed!! ======================
]]></system-out>
    <system-err><![CDATA[Dec 09, 2024 10:00:55 PM org.openqa.selenium.devtools.CdpVersionFinder findNearestMatch
WARNING: Unable to find an exact match for CDP version 131, returning the closest version; found: 130; Please update to a Selenium version that supports CDP version 131
]]></system-err>
  </testcase>
  <testcase name="runScenario[&quot;No error message displayed for empty code on try editor for Applications page&quot;, &quot;Stack page&quot;](134)" classname="TestRunners.TestRunner" time="0.839">
    <system-out><![CDATA[
Scenario: DS_algo Home page                                       &amp#27;[90m# src/test/resources/Features/Tree.feature:7&amp#27;[0m
[INFO ] 2024-12-09 22:25:41.294 [TestNG-PoolService-1] Hooks - ======================  New Test Execution is STARTED!! ======================
]]></system-out>
    <system-err><![CDATA[Dec 09, 2024 10:25:41 PM org.openqa.selenium.devtools.CdpVersionFinder findNearestMatch
WARNING: Unable to find an exact match for CDP version 131, returning the closest version; found: 130; Please update to a Selenium version that supports CDP version 131
]]></system-err>
  </testcase>
  <testcase name="runScenario[&quot;Valid code on try editor for Applications runs successfully&quot;, &quot;Stack page&quot;](135)" classname="TestRunners.TestRunner" time="2.358">
    <failure message="element not interactable&#10;  (Session info: chrome=131.0.6778.109)&#10;Build info: version: &apos;4.26.0&apos;, revision: &apos;8ccf0219d7&apos;&#10;System info: os.name: &apos;Windows 11&apos;, os.arch: &apos;amd64&apos;, os.version: &apos;10.0&apos;, java.version: &apos;21.0.5&apos;&#10;Driver info: org.openqa.selenium.chrome.ChromeDriver&#10;Command: [34d72ed8b883af9e359a8b07d381e63b, sendKeysToElement {value=[Ljava.lang.CharSequence;@191d362e, id=f.9057EEB7DB03974900418E3E1935D597.d.60EE092A17F0AAE9C6114EC1914CD6A8.e.39}]&#10;Capabilities {acceptInsecureCerts: false, browserName: chrome, browserVersion: 131.0.6778.109, chrome: {chromedriverVersion: 131.0.6778.87 (ce31cae94873..., userDataDir: C:\Users\vamsh\AppData\Loca...}, fedcm:accounts: true, goog:chromeOptions: {debuggerAddress: localhost:61241}, networkConnectionEnabled: false, pageLoadStrategy: normal, platformName: windows, proxy: Proxy(), se:cdp: ws://localhost:61241/devtoo..., se:cdpVersion: 131.0.6778.109, setWindowRect: true, strictFileInteractability: false, timeouts: {implicit: 0, pageLoad: 300000, script: 30000}, unhandledPromptBehavior: dismiss and notify, webauthn:extension:credBlob: true, webauthn:extension:largeBlob: true, webauthn:extension:minPinLength: true, webauthn:extension:prf: true, webauthn:virtualAuthenticators: true}&#10;Element: [[ChromeDriver: chrome on windows (34d72ed8b883af9e359a8b07d381e63b)] -&gt; css selector: .CodeMirror textarea]&#10;Session ID: 34d72ed8b883af9e359a8b07d381e63b" type="org.openqa.selenium.ElementNotInteractableException"><![CDATA[org.openqa.selenium.ElementNotInteractableException: 
element not interactable
  (Session info: chrome=131.0.6778.109)
Build info: version: '4.26.0', revision: '8ccf0219d7'
System info: os.name: 'Windows 11', os.arch: 'amd64', os.version: '10.0', java.version: '21.0.5'
Driver info: org.openqa.selenium.chrome.ChromeDriver
Command: [34d72ed8b883af9e359a8b07d381e63b, sendKeysToElement {value=[Ljava.lang.CharSequence;@191d362e, id=f.9057EEB7DB03974900418E3E1935D597.d.60EE092A17F0AAE9C6114EC1914CD6A8.e.39}]
Capabilities {acceptInsecureCerts: false, browserName: chrome, browserVersion: 131.0.6778.109, chrome: {chromedriverVersion: 131.0.6778.87 (ce31cae94873..., userDataDir: C:\Users\vamsh\AppData\Loca...}, fedcm:accounts: true, goog:chromeOptions: {debuggerAddress: localhost:61241}, networkConnectionEnabled: false, pageLoadStrategy: normal, platformName: windows, proxy: Proxy(), se:cdp: ws://localhost:61241/devtoo..., se:cdpVersion: 131.0.6778.109, setWindowRect: true, strictFileInteractability: false, timeouts: {implicit: 0, pageLoad: 300000, script: 30000}, unhandledPromptBehavior: dismiss and notify, webauthn:extension:credBlob: true, webauthn:extension:largeBlob: true, webauthn:extension:minPinLength: true, webauthn:extension:prf: true, webauthn:virtualAuthenticators: true}
Element: [[ChromeDriver: chrome on windows (34d72ed8b883af9e359a8b07d381e63b)] -> css selector: .CodeMirror textarea]
Session ID: 34d72ed8b883af9e359a8b07d381e63b
]]></failure>
    <system-out><![CDATA[
Scenario: Tree home page                                    &amp#27;[90m# src/test/resources/Features/Tree.feature:11&amp#27;[0m
  &amp#27;[32mGiven &amp#27;[0m&amp#27;[32mThe user is on the DS Introduction page as signedIn&amp#27;[0m           &amp#27;[90m# StepDefinitions.DSIntroductionDetails.the_user_is_on_the_ds_introduction_page_as_signed_in()&amp#27;[0m
  &amp#27;[32mAnd &amp#27;[0m&amp#27;[32mThe user clicks on Get Started link for stack&amp#27;[0m                   &amp#27;[90m# StepDefinitions.StackStepDefinitions.the_user_clicks_on_get_started_link_for_stack()&amp#27;[0m
  &amp#27;[32mGiven &amp#27;[0m&amp#27;[32mThe user is on the Applications page&amp#27;[0m                          &amp#27;[90m# StepDefinitions.StackStepDefinitions.the_user_is_on_the_applications_page()&amp#27;[0m
[INFO ] 2024-12-09 22:00:57.672 [TestNG-PoolService-1] Hooks - ======================  New Test Execution is STARTED!! ======================
  &amp#27;[32mAnd &amp#27;[0m&amp#27;[32mUser clicks Try here link&amp#27;[0m                                       &amp#27;[90m# StepDefinitions.DSIntroductionDetails.user_clicks_try_here_link()&amp#27;[0m
  &amp#27;[31mWhen &amp#27;[0m&amp#27;[31mThe user write the valid code in Editor&amp#27;[0m                        &amp#27;[90m# StepDefinitions.DSIntroductionDetails.the_user_write_the_valid_code_in_editor()&amp#27;[0m
      &amp#27;[31morg.openqa.selenium.ElementNotInteractableException: element not interactable
  (Session info: chrome=131.0.6778.109)
Build info: version: '4.26.0', revision: '8ccf0219d7'
System info: os.name: 'Windows 11', os.arch: 'amd64', os.version: '10.0', java.version: '21.0.5'
Driver info: org.openqa.selenium.chrome.ChromeDriver
Command: [34d72ed8b883af9e359a8b07d381e63b, sendKeysToElement {value=[Ljava.lang.CharSequence;@191d362e, id=f.9057EEB7DB03974900418E3E1935D597.d.60EE092A17F0AAE9C6114EC1914CD6A8.e.39}]
Capabilities {acceptInsecureCerts: false, browserName: chrome, browserVersion: 131.0.6778.109, chrome: {chromedriverVersion: 131.0.6778.87 (ce31cae94873..., userDataDir: C:\Users\vamsh\AppData\Loca...}, fedcm:accounts: true, goog:chromeOptions: {debuggerAddress: localhost:61241}, networkConnectionEnabled: false, pageLoadStrategy: normal, platformName: windows, proxy: Proxy(), se:cdp: ws://localhost:61241/devtoo..., se:cdpVersion: 131.0.6778.109, setWindowRect: true, strictFileInteractability: false, timeouts: {implicit: 0, pageLoad: 300000, script: 30000}, unhandledPromptBehavior: dismiss and notify, webauthn:extension:credBlob: true, webauthn:extension:largeBlob: true, webauthn:extension:minPinLength: true, webauthn:extension:prf: true, webauthn:virtualAuthenticators: true}
Element: [[ChromeDriver: chrome on windows (34d72ed8b883af9e359a8b07d381e63b)] -> css selector: .CodeMirror textarea]
Session ID: 34d72ed8b883af9e359a8b07d381e63b
	at java.base/jdk.internal.reflect.DirectConstructorHandleAccessor.newInstance(DirectConstructorHandleAccessor.java:62)
	at java.base/java.lang.reflect.Constructor.newInstanceWithCaller(Constructor.java:502)
	at java.base/java.lang.reflect.Constructor.newInstance(Constructor.java:486)
	at org.openqa.selenium.remote.ErrorCodec.decode(ErrorCodec.java:167)
	at org.openqa.selenium.remote.codec.w3c.W3CHttpResponseCodec.decode(W3CHttpResponseCodec.java:138)
	at org.openqa.selenium.remote.codec.w3c.W3CHttpResponseCodec.decode(W3CHttpResponseCodec.java:50)
	at org.openqa.selenium.remote.HttpCommandExecutor.execute(HttpCommandExecutor.java:190)
	at org.openqa.selenium.remote.service.DriverCommandExecutor.invokeExecute(DriverCommandExecutor.java:216)
	at org.openqa.selenium.remote.service.DriverCommandExecutor.execute(DriverCommandExecutor.java:174)
	at org.openqa.selenium.remote.RemoteWebDriver.execute(RemoteWebDriver.java:545)
	at org.openqa.selenium.remote.RemoteWebElement.execute(RemoteWebElement.java:223)
	at org.openqa.selenium.remote.RemoteWebElement.sendKeys(RemoteWebElement.java:110)
	at PageObjects.IntroductionPage.enterCodeInEditor(IntroductionPage.java:146)
	at StepDefinitions.DSIntroductionDetails.the_user_write_the_valid_code_in_editor(DSIntroductionDetails.java:158)
	at ✽.The user write the valid code in Editor(file:///C:/Projects/Repo1/src/test/resources/Features/StackPage.feature:97)
&amp#27;[0m
  &amp#27;[36mAnd &amp#27;[0m&amp#27;[36mClick the Run button&amp#27;[0m                                            &amp#27;[90m# StepDefinitions.DSIntroductionDetails.click_the_run_button()&amp#27;[0m
  &amp#27;[36mThen &amp#27;[0m&amp#27;[36mThe user should able to see output in the console&amp#27;[0m              &amp#27;[90m# StepDefinitions.DSIntroductionDetails.the_user_should_able_to_see_output_in_the_console()&amp#27;[0m
[ERROR] 2024-12-09 22:00:58.184 [TestNG-PoolService-3] Hooks - ======================  TEST CASE FAILED !! ======================

    Embedding screenshot [image/png 7853 bytes]

[INFO ] 2024-12-09 22:00:58.384 [TestNG-PoolService-3] Hooks - ======================  Screenshot is captured  ======================
[INFO ] 2024-12-09 22:00:58.386 [TestNG-PoolService-3] Hooks - ======================  Test Execution is completed!! ======================
  &amp#27;[32mGiven &amp#27;[0m&amp#27;[32mThe user is on the DS Introduction page as signedIn&amp#27;[0m       &amp#27;[90m# StepDefinitions.DSIntroductionDetails.the_user_is_on_the_ds_introduction_page_as_signed_in()&amp#27;[0m
]]></system-out>
    <system-err><![CDATA[Dec 09, 2024 10:00:57 PM org.openqa.selenium.devtools.CdpVersionFinder findNearestMatch
WARNING: Unable to find an exact match for CDP version 131, returning the closest version; found: 130; Please update to a Selenium version that supports CDP version 131
]]></system-err>
  </testcase>
  <testcase name="runScenario[&quot;DS_algo Home page&quot;, &quot;Tree&quot;](136)" classname="TestRunners.TestRunner" time="0.714">
    <system-out><![CDATA[
Scenario: Overview of Trees                                          &amp#27;[90m# src/test/resources/Features/Tree.feature:15&amp#27;[0m
  &amp#27;[32mAnd &amp#27;[0m&amp#27;[32mUser clicks on Get Started button from Tree panel&amp#27;[0m           &amp#27;[90m# StepDefinitions.Tree.user_clicks_on_get_started_button_from_tree_panel()&amp#27;[0m
  &amp#27;[32mWhen &amp#27;[0m&amp#27;[32mThe user select Tree from the Data Structure dropdown menu&amp#27;[0m &amp#27;[90m# StepDefinitions.Tree.the_user_select_tree_from_the_data_structure_dropdown_menu()&amp#27;[0m
  &amp#27;[32mThen &amp#27;[0m&amp#27;[32mThe user is redirected to Tree page.&amp#27;[0m                       &amp#27;[90m# StepDefinitions.Tree.the_user_is_redirected_to_tree_page()&amp#27;[0m
[INFO ] 2024-12-09 22:00:59.156 [TestNG-PoolService-2] Hooks - ======================  Test Execution is completed!! ======================
]]></system-out>
  </testcase>
  <testcase name="runScenario[&quot;DS_algo Home page&quot;, &quot;Tree&quot;](136)" classname="TestRunners.TestRunner" time="9.6">
    <system-out><![CDATA[
Scenario: Overview of Trees                                          &amp#27;[90m# src/test/resources/Features/Tree.feature:15&amp#27;[0m
[INFO ] 2024-12-09 22:13:10.928 [TestNG-PoolService-2] Hooks - ======================  New Test Execution is STARTED!! ======================
[INFO ] 2024-12-09 22:13:11.972 [TestNG-PoolService-3] Hooks - ======================  New Test Execution is STARTED!! ======================
[INFO ] 2024-12-09 22:13:12.990 [TestNG-PoolService-1] Hooks - ======================  New Test Execution is STARTED!! ======================
  &amp#27;[32mGiven &amp#27;[0m&amp#27;[32mThe user is on the DS Introduction page as signedIn&amp#27;[0m       &amp#27;[90m# StepDefinitions.DSIntroductionDetails.the_user_is_on_the_ds_introduction_page_as_signed_in()&amp#27;[0m
  &amp#27;[32mAnd &amp#27;[0m&amp#27;[32mUser clicks on Get Started button from Tree panel&amp#27;[0m           &amp#27;[90m# StepDefinitions.Tree.user_clicks_on_get_started_button_from_tree_panel()&amp#27;[0m
  &amp#27;[32mGiven &amp#27;[0m&amp#27;[32mThe user is on the DS Introduction page as signedIn&amp#27;[0m &amp#27;[90m# StepDefinitions.DSIntroductionDetails.the_user_is_on_the_ds_introduction_page_as_signed_in()&amp#27;[0m
  &amp#27;[32mWhen &amp#27;[0m&amp#27;[32mThe user select Tree from the Data Structure dropdown menu&amp#27;[0m &amp#27;[90m# StepDefinitions.Tree.the_user_select_tree_from_the_data_structure_dropdown_menu()&amp#27;[0m
  &amp#27;[32mThen &amp#27;[0m&amp#27;[32mThe user is redirected to Tree page.&amp#27;[0m                       &amp#27;[90m# StepDefinitions.Tree.the_user_is_redirected_to_tree_page()&amp#27;[0m
[INFO ] 2024-12-09 22:13:14.959 [TestNG-PoolService-2] Hooks - ======================  Test Execution is completed!! ======================
  &amp#27;[32mAnd &amp#27;[0m&amp#27;[32mUser clicks on Get Started button from Tree panel&amp#27;[0m     &amp#27;[90m# StepDefinitions.Tree.user_clicks_on_get_started_button_from_tree_panel()&amp#27;[0m
  &amp#27;[32mGiven &amp#27;[0m&amp#27;[32mThe user is on the DS Introduction page as signedIn&amp#27;[0m          &amp#27;[90m# StepDefinitions.DSIntroductionDetails.the_user_is_on_the_ds_introduction_page_as_signed_in()&amp#27;[0m
  &amp#27;[32mAnd &amp#27;[0m&amp#27;[32mUser clicks on Get Started button from Tree panel&amp#27;[0m              &amp#27;[90m# StepDefinitions.Tree.user_clicks_on_get_started_button_from_tree_panel()&amp#27;[0m
  &amp#27;[32mWhen &amp#27;[0m&amp#27;[32mThe user clicks Overview of Trees link&amp#27;[0m               &amp#27;[90m# StepDefinitions.Tree.the_user_clicks_overview_of_trees_link()&amp#27;[0m
  &amp#27;[32mThen &amp#27;[0m&amp#27;[32mThe user is redirected to Overview of Trees page.&amp#27;[0m    &amp#27;[90m# StepDefinitions.Tree.the_user_is_redirected_to_overview_of_trees_page()&amp#27;[0m
[INFO ] 2024-12-09 22:13:15.558 [TestNG-PoolService-3] Hooks - ======================  Test Execution is completed!! ======================
  &amp#27;[32mGiven &amp#27;[0m&amp#27;[32mThe user is on the Overview of Trees page&amp#27;[0m                    &amp#27;[90m# StepDefinitions.Tree.the_user_is_on_the_overview_of_trees_page()&amp#27;[0m
]]></system-out>
  </testcase>
  <testcase name="runScenario[&quot;Tree home page&quot;, &quot;Tree&quot;](137)" classname="TestRunners.TestRunner" time="2.602">
    <system-out><![CDATA[
Scenario: Try Here Editor page with empty code                               &amp#27;[90m# src/test/resources/Features/Tree.feature:20&amp#27;[0m
[INFO ] 2024-12-09 22:00:59.933 [TestNG-PoolService-3] Hooks - ======================  New Test Execution is STARTED!! ======================
[INFO ] 2024-12-09 22:01:00.927 [TestNG-PoolService-2] Hooks - ======================  New Test Execution is STARTED!! ======================
  &amp#27;[32mGiven &amp#27;[0m&amp#27;[32mThe user is on the DS Introduction page as signedIn&amp#27;[0m &amp#27;[90m# StepDefinitions.DSIntroductionDetails.the_user_is_on_the_ds_introduction_page_as_signed_in()&amp#27;[0m
  &amp#27;[32mAnd &amp#27;[0m&amp#27;[32mUser clicks on Get Started button from Tree panel&amp#27;[0m     &amp#27;[90m# StepDefinitions.Tree.user_clicks_on_get_started_button_from_tree_panel()&amp#27;[0m
  &amp#27;[32mWhen &amp#27;[0m&amp#27;[32mThe user clicks Overview of Trees link&amp#27;[0m               &amp#27;[90m# StepDefinitions.Tree.the_user_clicks_overview_of_trees_link()&amp#27;[0m
  &amp#27;[32mThen &amp#27;[0m&amp#27;[32mThe user is redirected to Overview of Trees page.&amp#27;[0m    &amp#27;[90m# StepDefinitions.Tree.the_user_is_redirected_to_overview_of_trees_page()&amp#27;[0m
[INFO ] 2024-12-09 22:01:01.765 [TestNG-PoolService-1] Hooks - ======================  Test Execution is completed!! ======================
]]></system-out>
    <system-err><![CDATA[Dec 09, 2024 10:00:59 PM org.openqa.selenium.devtools.CdpVersionFinder findNearestMatch
WARNING: Unable to find an exact match for CDP version 131, returning the closest version; found: 130; Please update to a Selenium version that supports CDP version 131
Dec 09, 2024 10:01:00 PM org.openqa.selenium.devtools.CdpVersionFinder findNearestMatch
WARNING: Unable to find an exact match for CDP version 131, returning the closest version; found: 130; Please update to a Selenium version that supports CDP version 131
]]></system-err>
  </testcase>
  <testcase name="runScenario[&quot;Tree home page&quot;, &quot;Tree&quot;](137)" classname="TestRunners.TestRunner" time="0.488">
    <system-out><![CDATA[
Scenario: Try Here Editor page with empty code                               &amp#27;[90m# src/test/resources/Features/Tree.feature:20&amp#27;[0m
  &amp#27;[32mWhen &amp#27;[0m&amp#27;[32mThe user clicks Try Here button&amp#27;[0m                               &amp#27;[90m# StepDefinitions.Tree.the_user_clicks_try_here_button()&amp#27;[0m
  &amp#27;[32mThen &amp#27;[0m&amp#27;[32mThe user is redirected to a page having Editor and run button&amp#27;[0m &amp#27;[90m# StepDefinitions.Tree.the_user_is_redirected_to_a_page_having_editor_and_run_button()&amp#27;[0m
[INFO ] 2024-12-09 22:13:16.911 [TestNG-PoolService-1] Hooks - ======================  Test Execution is completed!! ======================
]]></system-out>
  </testcase>
  <testcase name="runScenario[&quot;Tree home page&quot;, &quot;Tree&quot;](137)" classname="TestRunners.TestRunner" time="1.264">
    <system-out><![CDATA[
Scenario: Try Here Editor page with empty code                               &amp#27;[90m# src/test/resources/Features/Tree.feature:20&amp#27;[0m
[INFO ] 2024-12-09 22:25:49.428 [TestNG-PoolService-3] Hooks - ======================  New Test Execution is STARTED!! ======================
]]></system-out>
    <system-err><![CDATA[Dec 09, 2024 10:25:49 PM org.openqa.selenium.devtools.CdpVersionFinder findNearestMatch
WARNING: Unable to find an exact match for CDP version 131, returning the closest version; found: 130; Please update to a Selenium version that supports CDP version 131
]]></system-err>
  </testcase>
  <testcase name="runScenario[&quot;Overview of Trees&quot;, &quot;Tree&quot;](138)" classname="TestRunners.TestRunner" time="3.085">
    <system-out><![CDATA[
Scenario: Try Here Editor page with valid data                        &amp#27;[90m# src/test/resources/Features/Tree.feature:27&amp#27;[0m
  &amp#27;[32mGiven &amp#27;[0m&amp#27;[32mThe user is on the DS Introduction page as signedIn&amp#27;[0m          &amp#27;[90m# StepDefinitions.DSIntroductionDetails.the_user_is_on_the_ds_introduction_page_as_signed_in()&amp#27;[0m
[INFO ] 2024-12-09 22:01:03.467 [TestNG-PoolService-1] Hooks - ======================  New Test Execution is STARTED!! ======================
  &amp#27;[32mAnd &amp#27;[0m&amp#27;[32mUser clicks on Get Started button from Tree panel&amp#27;[0m              &amp#27;[90m# StepDefinitions.Tree.user_clicks_on_get_started_button_from_tree_panel()&amp#27;[0m
  &amp#27;[32mGiven &amp#27;[0m&amp#27;[32mThe user is on the Overview of Trees page&amp#27;[0m                    &amp#27;[90m# StepDefinitions.Tree.the_user_is_on_the_overview_of_trees_page()&amp#27;[0m
  &amp#27;[32mGiven &amp#27;[0m&amp#27;[32mThe user is on the DS Introduction page as signedIn&amp#27;[0m                  &amp#27;[90m# StepDefinitions.DSIntroductionDetails.the_user_is_on_the_ds_introduction_page_as_signed_in()&amp#27;[0m
  &amp#27;[32mAnd &amp#27;[0m&amp#27;[32mUser clicks on Get Started button from Tree panel&amp#27;[0m                      &amp#27;[90m# StepDefinitions.Tree.user_clicks_on_get_started_button_from_tree_panel()&amp#27;[0m
  &amp#27;[32mGiven &amp#27;[0m&amp#27;[32mThe user is on the Overview of Trees page&amp#27;[0m                            &amp#27;[90m# StepDefinitions.Tree.the_user_is_on_the_overview_of_trees_page()&amp#27;[0m
  &amp#27;[32mWhen &amp#27;[0m&amp#27;[32mThe user clicks Try Here button&amp#27;[0m                               &amp#27;[90m# StepDefinitions.Tree.the_user_clicks_try_here_button()&amp#27;[0m
  &amp#27;[32mThen &amp#27;[0m&amp#27;[32mThe user is redirected to a page having Editor and run button&amp#27;[0m &amp#27;[90m# StepDefinitions.Tree.the_user_is_redirected_to_a_page_having_editor_and_run_button()&amp#27;[0m
[INFO ] 2024-12-09 22:01:04.838 [TestNG-PoolService-3] Hooks - ======================  Test Execution is completed!! ======================
]]></system-out>
    <system-err><![CDATA[Dec 09, 2024 10:01:03 PM org.openqa.selenium.devtools.CdpVersionFinder findNearestMatch
WARNING: Unable to find an exact match for CDP version 131, returning the closest version; found: 130; Please update to a Selenium version that supports CDP version 131
]]></system-err>
  </testcase>
  <testcase name="runScenario[&quot;Overview of Trees&quot;, &quot;Tree&quot;](138)" classname="TestRunners.TestRunner" time="0.914">
    <system-out><![CDATA[
Scenario: Try Here Editor page with valid data                        &amp#27;[90m# src/test/resources/Features/Tree.feature:27&amp#27;[0m
]]></system-out>
  </testcase>
  <testcase name="runScenario[&quot;Overview of Trees&quot;, &quot;Tree&quot;](138)" classname="TestRunners.TestRunner" time="6.143">
    <system-out><![CDATA[
Scenario: Try Here Editor page with valid data                        &amp#27;[90m# src/test/resources/Features/Tree.feature:27&amp#27;[0m
[INFO ] 2024-12-09 22:25:51.703 [TestNG-PoolService-1] Hooks - ======================  New Test Execution is STARTED!! ======================
  &amp#27;[32mGiven &amp#27;[0m&amp#27;[32mThe user is on the DS Introduction page as signedIn&amp#27;[0m          &amp#27;[90m# StepDefinitions.DSIntroductionDetails.the_user_is_on_the_ds_introduction_page_as_signed_in()&amp#27;[0m
[INFO ] 2024-12-09 22:25:53.013 [TestNG-PoolService-2] Hooks - ======================  New Test Execution is STARTED!! ======================
  &amp#27;[32mAnd &amp#27;[0m&amp#27;[32mUser clicks on Get Started button from Tree panel&amp#27;[0m              &amp#27;[90m# StepDefinitions.Tree.user_clicks_on_get_started_button_from_tree_panel()&amp#27;[0m
  &amp#27;[32mGiven &amp#27;[0m&amp#27;[32mThe user is on the Overview of Trees page&amp#27;[0m                    &amp#27;[90m# StepDefinitions.Tree.the_user_is_on_the_overview_of_trees_page()&amp#27;[0m
  &amp#27;[32mWhen &amp#27;[0m&amp#27;[32mThe user clicks Try Here button&amp#27;[0m                               &amp#27;[90m# StepDefinitions.Tree.the_user_clicks_try_here_button()&amp#27;[0m
  &amp#27;[32mThen &amp#27;[0m&amp#27;[32mThe user is redirected to a page having Editor and run button&amp#27;[0m &amp#27;[90m# StepDefinitions.Tree.the_user_is_redirected_to_a_page_having_editor_and_run_button()&amp#27;[0m
[INFO ] 2024-12-09 22:25:54.486 [TestNG-PoolService-3] Hooks - ======================  Test Execution is completed!! ======================
  &amp#27;[32mGiven &amp#27;[0m&amp#27;[32mThe user is on the DS Introduction page as signedIn&amp#27;[0m                  &amp#27;[90m# StepDefinitions.DSIntroductionDetails.the_user_is_on_the_ds_introduction_page_as_signed_in()&amp#27;[0m
  &amp#27;[32mAnd &amp#27;[0m&amp#27;[32mUser clicks on Get Started button from Tree panel&amp#27;[0m                      &amp#27;[90m# StepDefinitions.Tree.user_clicks_on_get_started_button_from_tree_panel()&amp#27;[0m
]]></system-out>
    <system-err><![CDATA[Dec 09, 2024 10:25:51 PM org.openqa.selenium.devtools.CdpVersionFinder findNearestMatch
WARNING: Unable to find an exact match for CDP version 131, returning the closest version; found: 130; Please update to a Selenium version that supports CDP version 131
Dec 09, 2024 10:25:52 PM org.openqa.selenium.devtools.CdpVersionFinder findNearestMatch
WARNING: Unable to find an exact match for CDP version 131, returning the closest version; found: 130; Please update to a Selenium version that supports CDP version 131
]]></system-err>
  </testcase>
  <testcase name="runScenario[&quot;Try Here Editor page with empty code&quot;, &quot;Tree&quot;](139)" classname="TestRunners.TestRunner" time="1.052">
    <failure message="element not interactable&#10;  (Session info: chrome=131.0.6778.109)&#10;Build info: version: &apos;4.26.0&apos;, revision: &apos;8ccf0219d7&apos;&#10;System info: os.name: &apos;Windows 11&apos;, os.arch: &apos;amd64&apos;, os.version: &apos;10.0&apos;, java.version: &apos;21.0.5&apos;&#10;Driver info: org.openqa.selenium.chrome.ChromeDriver&#10;Command: [8ecd79d76e8944115f2331f3ab79cb98, sendKeysToElement {value=[Ljava.lang.CharSequence;@1ffcd7f3, id=f.61D46631A259E7959131883151DFF3FE.d.CF32658B94CF4E30124958715C6C10C7.e.54}]&#10;Capabilities {acceptInsecureCerts: false, browserName: chrome, browserVersion: 131.0.6778.109, chrome: {chromedriverVersion: 131.0.6778.87 (ce31cae94873..., userDataDir: C:\Users\vamsh\AppData\Loca...}, fedcm:accounts: true, goog:chromeOptions: {debuggerAddress: localhost:61354}, networkConnectionEnabled: false, pageLoadStrategy: normal, platformName: windows, proxy: Proxy(), se:cdp: ws://localhost:61354/devtoo..., se:cdpVersion: 131.0.6778.109, setWindowRect: true, strictFileInteractability: false, timeouts: {implicit: 0, pageLoad: 300000, script: 30000}, unhandledPromptBehavior: dismiss and notify, webauthn:extension:credBlob: true, webauthn:extension:largeBlob: true, webauthn:extension:minPinLength: true, webauthn:extension:prf: true, webauthn:virtualAuthenticators: true}&#10;Element: [[ChromeDriver: chrome on windows (8ecd79d76e8944115f2331f3ab79cb98)] -&gt; css selector: .CodeMirror textarea]&#10;Session ID: 8ecd79d76e8944115f2331f3ab79cb98" type="org.openqa.selenium.ElementNotInteractableException"><![CDATA[org.openqa.selenium.ElementNotInteractableException: 
element not interactable
  (Session info: chrome=131.0.6778.109)
Build info: version: '4.26.0', revision: '8ccf0219d7'
System info: os.name: 'Windows 11', os.arch: 'amd64', os.version: '10.0', java.version: '21.0.5'
Driver info: org.openqa.selenium.chrome.ChromeDriver
Command: [8ecd79d76e8944115f2331f3ab79cb98, sendKeysToElement {value=[Ljava.lang.CharSequence;@1ffcd7f3, id=f.61D46631A259E7959131883151DFF3FE.d.CF32658B94CF4E30124958715C6C10C7.e.54}]
Capabilities {acceptInsecureCerts: false, browserName: chrome, browserVersion: 131.0.6778.109, chrome: {chromedriverVersion: 131.0.6778.87 (ce31cae94873..., userDataDir: C:\Users\vamsh\AppData\Loca...}, fedcm:accounts: true, goog:chromeOptions: {debuggerAddress: localhost:61354}, networkConnectionEnabled: false, pageLoadStrategy: normal, platformName: windows, proxy: Proxy(), se:cdp: ws://localhost:61354/devtoo..., se:cdpVersion: 131.0.6778.109, setWindowRect: true, strictFileInteractability: false, timeouts: {implicit: 0, pageLoad: 300000, script: 30000}, unhandledPromptBehavior: dismiss and notify, webauthn:extension:credBlob: true, webauthn:extension:largeBlob: true, webauthn:extension:minPinLength: true, webauthn:extension:prf: true, webauthn:virtualAuthenticators: true}
Element: [[ChromeDriver: chrome on windows (8ecd79d76e8944115f2331f3ab79cb98)] -> css selector: .CodeMirror textarea]
Session ID: 8ecd79d76e8944115f2331f3ab79cb98
]]></failure>
    <system-out><![CDATA[
Scenario: Try Here Editor page with invalid data                        &amp#27;[90m# src/test/resources/Features/Tree.feature:33&amp#27;[0m
  &amp#27;[32mAnd &amp#27;[0m&amp#27;[32mThe user clicks Try Here button&amp#27;[0m                                        &amp#27;[90m# StepDefinitions.Tree.the_user_clicks_try_here_button()&amp#27;[0m
  &amp#27;[31mWhen &amp#27;[0m&amp#27;[31mThe user writes no code inside editor window and clicks on Run button&amp#27;[0m &amp#27;[90m# StepDefinitions.Tree.the_user_writes_no_code_inside_editor_window_and_clicks_on_run_button()&amp#27;[0m
      &amp#27;[31morg.openqa.selenium.ElementNotInteractableException: element not interactable
  (Session info: chrome=131.0.6778.109)
Build info: version: '4.26.0', revision: '8ccf0219d7'
System info: os.name: 'Windows 11', os.arch: 'amd64', os.version: '10.0', java.version: '21.0.5'
Driver info: org.openqa.selenium.chrome.ChromeDriver
Command: [8ecd79d76e8944115f2331f3ab79cb98, sendKeysToElement {value=[Ljava.lang.CharSequence;@1ffcd7f3, id=f.61D46631A259E7959131883151DFF3FE.d.CF32658B94CF4E30124958715C6C10C7.e.54}]
Capabilities {acceptInsecureCerts: false, browserName: chrome, browserVersion: 131.0.6778.109, chrome: {chromedriverVersion: 131.0.6778.87 (ce31cae94873..., userDataDir: C:\Users\vamsh\AppData\Loca...}, fedcm:accounts: true, goog:chromeOptions: {debuggerAddress: localhost:61354}, networkConnectionEnabled: false, pageLoadStrategy: normal, platformName: windows, proxy: Proxy(), se:cdp: ws://localhost:61354/devtoo..., se:cdpVersion: 131.0.6778.109, setWindowRect: true, strictFileInteractability: false, timeouts: {implicit: 0, pageLoad: 300000, script: 30000}, unhandledPromptBehavior: dismiss and notify, webauthn:extension:credBlob: true, webauthn:extension:largeBlob: true, webauthn:extension:minPinLength: true, webauthn:extension:prf: true, webauthn:virtualAuthenticators: true}
Element: [[ChromeDriver: chrome on windows (8ecd79d76e8944115f2331f3ab79cb98)] -> css selector: .CodeMirror textarea]
Session ID: 8ecd79d76e8944115f2331f3ab79cb98
	at java.base/jdk.internal.reflect.DirectConstructorHandleAccessor.newInstance(DirectConstructorHandleAccessor.java:62)
	at java.base/java.lang.reflect.Constructor.newInstanceWithCaller(Constructor.java:502)
	at java.base/java.lang.reflect.Constructor.newInstance(Constructor.java:486)
	at org.openqa.selenium.remote.ErrorCodec.decode(ErrorCodec.java:167)
	at org.openqa.selenium.remote.codec.w3c.W3CHttpResponseCodec.decode(W3CHttpResponseCodec.java:138)
	at org.openqa.selenium.remote.codec.w3c.W3CHttpResponseCodec.decode(W3CHttpResponseCodec.java:50)
	at org.openqa.selenium.remote.HttpCommandExecutor.execute(HttpCommandExecutor.java:190)
	at org.openqa.selenium.remote.service.DriverCommandExecutor.invokeExecute(DriverCommandExecutor.java:216)
	at org.openqa.selenium.remote.service.DriverCommandExecutor.execute(DriverCommandExecutor.java:174)
	at org.openqa.selenium.remote.RemoteWebDriver.execute(RemoteWebDriver.java:545)
	at org.openqa.selenium.remote.RemoteWebElement.execute(RemoteWebElement.java:223)
	at org.openqa.selenium.remote.RemoteWebElement.sendKeys(RemoteWebElement.java:110)
	at PageObjects.TreePage.writeInTryEditorWindow(TreePage.java:357)
	at StepDefinitions.Tree.the_user_writes_no_code_inside_editor_window_and_clicks_on_run_button(Tree.java:73)
	at ✽.The user writes no code inside editor window and clicks on Run button(file:///C:/Projects/Repo1/src/test/resources/Features/Tree.feature:23)
&amp#27;[0m
  &amp#27;[36mThen &amp#27;[0m&amp#27;[36mNothing happens to the Editor page and no error message is displayed&amp#27;[0m  &amp#27;[90m# StepDefinitions.Tree.nothing_happens_to_the_editor_page_and_no_error_message_is_displayed()&amp#27;[0m
[ERROR] 2024-12-09 22:01:05.531 [TestNG-PoolService-2] Hooks - ======================  TEST CASE FAILED !! ======================

    Embedding screenshot [image/png 7853 bytes]

[INFO ] 2024-12-09 22:01:05.687 [TestNG-PoolService-2] Hooks - ======================  Screenshot is captured  ======================
[INFO ] 2024-12-09 22:01:05.689 [TestNG-PoolService-2] Hooks - ======================  Test Execution is completed!! ======================
]]></system-out>
  </testcase>
  <testcase name="runScenario[&quot;Try Here Editor page with empty code&quot;, &quot;Tree&quot;](139)" classname="TestRunners.TestRunner" time="11.102">
    <system-out><![CDATA[
Scenario: Try Here Editor page with invalid data                        &amp#27;[90m# src/test/resources/Features/Tree.feature:33&amp#27;[0m
[INFO ] 2024-12-09 22:13:21.609 [TestNG-PoolService-2] Hooks - ======================  New Test Execution is STARTED!! ======================
[INFO ] 2024-12-09 22:13:22.976 [TestNG-PoolService-3] Hooks - ======================  New Test Execution is STARTED!! ======================
[INFO ] 2024-12-09 22:13:23.747 [TestNG-PoolService-1] Hooks - ======================  New Test Execution is STARTED!! ======================
  &amp#27;[32mGiven &amp#27;[0m&amp#27;[32mThe user is on the DS Introduction page as signedIn&amp#27;[0m                  &amp#27;[90m# StepDefinitions.DSIntroductionDetails.the_user_is_on_the_ds_introduction_page_as_signed_in()&amp#27;[0m
  &amp#27;[32mAnd &amp#27;[0m&amp#27;[32mUser clicks on Get Started button from Tree panel&amp#27;[0m                      &amp#27;[90m# StepDefinitions.Tree.user_clicks_on_get_started_button_from_tree_panel()&amp#27;[0m
  &amp#27;[32mGiven &amp#27;[0m&amp#27;[32mThe user is on the Overview of Trees page&amp#27;[0m                            &amp#27;[90m# StepDefinitions.Tree.the_user_is_on_the_overview_of_trees_page()&amp#27;[0m
  &amp#27;[32mGiven &amp#27;[0m&amp#27;[32mThe user is on the DS Introduction page as signedIn&amp#27;[0m           &amp#27;[90m# StepDefinitions.DSIntroductionDetails.the_user_is_on_the_ds_introduction_page_as_signed_in()&amp#27;[0m
  &amp#27;[32mGiven &amp#27;[0m&amp#27;[32mThe user is on the DS Introduction page as signedIn&amp#27;[0m             &amp#27;[90m# StepDefinitions.DSIntroductionDetails.the_user_is_on_the_ds_introduction_page_as_signed_in()&amp#27;[0m
  &amp#27;[32mAnd &amp#27;[0m&amp#27;[32mUser clicks on Get Started button from Tree panel&amp#27;[0m                 &amp#27;[90m# StepDefinitions.Tree.user_clicks_on_get_started_button_from_tree_panel()&amp#27;[0m
  &amp#27;[32mAnd &amp#27;[0m&amp#27;[32mUser clicks on Get Started button from Tree panel&amp#27;[0m               &amp#27;[90m# StepDefinitions.Tree.user_clicks_on_get_started_button_from_tree_panel()&amp#27;[0m
  &amp#27;[32mGiven &amp#27;[0m&amp#27;[32mThe user is on the Overview of Trees page&amp#27;[0m                       &amp#27;[90m# StepDefinitions.Tree.the_user_is_on_the_overview_of_trees_page()&amp#27;[0m
  &amp#27;[32mGiven &amp#27;[0m&amp#27;[32mThe user is on the Overview of Trees page&amp#27;[0m                     &amp#27;[90m# StepDefinitions.Tree.the_user_is_on_the_overview_of_trees_page()&amp#27;[0m
  &amp#27;[32mAnd &amp#27;[0m&amp#27;[32mThe user clicks Try Here button&amp#27;[0m                                        &amp#27;[90m# StepDefinitions.Tree.the_user_clicks_try_here_button()&amp#27;[0m
  &amp#27;[32mWhen &amp#27;[0m&amp#27;[32mThe user writes no code inside editor window and clicks on Run button&amp#27;[0m &amp#27;[90m# StepDefinitions.Tree.the_user_writes_no_code_inside_editor_window_and_clicks_on_run_button()&amp#27;[0m
  &amp#27;[32mThen &amp#27;[0m&amp#27;[32mNothing happens to the Editor page and no error message is displayed&amp#27;[0m  &amp#27;[90m# StepDefinitions.Tree.nothing_happens_to_the_editor_page_and_no_error_message_is_displayed()&amp#27;[0m
[INFO ] 2024-12-09 22:13:27.334 [TestNG-PoolService-2] Hooks - ======================  Test Execution is completed!! ======================
  &amp#27;[32mAnd &amp#27;[0m&amp#27;[32mThe user clicks Try Here button&amp#27;[0m                                   &amp#27;[90m# StepDefinitions.Tree.the_user_clicks_try_here_button()&amp#27;[0m
  &amp#27;[32mWhen &amp#27;[0m&amp#27;[32mThe user writes the invalid python code and clicks on Run button&amp#27;[0m &amp#27;[90m# StepDefinitions.Tree.the_user_writes_the_invalid_python_code_and_clicks_on_run_button()&amp#27;[0m
  &amp#27;[32mThen &amp#27;[0m&amp#27;[32mThe user see error msg in alert window&amp#27;[0m                           &amp#27;[90m# StepDefinitions.Tree.the_user_see_error_msg_in_alert_window()&amp#27;[0m
[INFO ] 2024-12-09 22:13:28.100 [TestNG-PoolService-1] Hooks - ======================  Test Execution is completed!! ======================
  &amp#27;[32mAnd &amp#27;[0m&amp#27;[32mThe user clicks Try Here button&amp#27;[0m                                 &amp#27;[90m# StepDefinitions.Tree.the_user_clicks_try_here_button()&amp#27;[0m
  &amp#27;[32mWhen &amp#27;[0m&amp#27;[32mThe user writes the valid python code and clicks on Run button&amp#27;[0m &amp#27;[90m# StepDefinitions.Tree.the_user_writes_the_valid_python_code_and_clicks_on_run_button()&amp#27;[0m
  &amp#27;[32mThen &amp#27;[0m&amp#27;[32mThe user is able to see the output inside the console.&amp#27;[0m         &amp#27;[90m# StepDefinitions.Tree.the_user_is_able_to_see_the_output_inside_the_console()&amp#27;[0m
[INFO ] 2024-12-09 22:13:28.628 [TestNG-PoolService-3] Hooks - ======================  Test Execution is completed!! ======================
]]></system-out>
  </testcase>
  <testcase name="runScenario[&quot;Try Here Editor page with empty code&quot;, &quot;Tree&quot;](139)" classname="TestRunners.TestRunner" time="3.054">
    <failure message="element not interactable&#10;  (Session info: MicrosoftEdge=131.0.2903.86)&#10;Build info: version: &apos;4.26.0&apos;, revision: &apos;8ccf0219d7&apos;&#10;System info: os.name: &apos;Windows 11&apos;, os.arch: &apos;amd64&apos;, os.version: &apos;10.0&apos;, java.version: &apos;21.0.5&apos;&#10;Driver info: org.openqa.selenium.edge.EdgeDriver&#10;Command: [9804111bf35d6f78d3e200109ca435dc, sendKeysToElement {value=[Ljava.lang.CharSequence;@54ea10e0, id=f.EA2E03493E460B5A5083285B095FB4DD.d.DC5DD6B7D0CA469EFC834D9798C9FBF3.e.37}]&#10;Capabilities {acceptInsecureCerts: false, browserName: MicrosoftEdge, browserVersion: 131.0.2903.86, fedcm:accounts: true, ms:edgeOptions: {debuggerAddress: localhost:64427}, msedge: {msedgedriverVersion: 131.0.2903.86 (cf5bf303997c..., userDataDir: C:\Users\vamsh\AppData\Loca...}, networkConnectionEnabled: false, pageLoadStrategy: normal, platformName: windows, proxy: Proxy(), se:cdp: ws://localhost:64427/devtoo..., se:cdpVersion: 131.0.2903.86, setWindowRect: true, strictFileInteractability: false, timeouts: {implicit: 0, pageLoad: 300000, script: 30000}, unhandledPromptBehavior: dismiss and notify, webauthn:extension:credBlob: true, webauthn:extension:largeBlob: true, webauthn:extension:minPinLength: true, webauthn:extension:prf: true, webauthn:virtualAuthenticators: true}&#10;Element: [[EdgeDriver: MicrosoftEdge on windows (9804111bf35d6f78d3e200109ca435dc)] -&gt; css selector: .CodeMirror textarea]&#10;Session ID: 9804111bf35d6f78d3e200109ca435dc" type="org.openqa.selenium.ElementNotInteractableException"><![CDATA[org.openqa.selenium.ElementNotInteractableException: 
element not interactable
  (Session info: MicrosoftEdge=131.0.2903.86)
Build info: version: '4.26.0', revision: '8ccf0219d7'
System info: os.name: 'Windows 11', os.arch: 'amd64', os.version: '10.0', java.version: '21.0.5'
Driver info: org.openqa.selenium.edge.EdgeDriver
Command: [9804111bf35d6f78d3e200109ca435dc, sendKeysToElement {value=[Ljava.lang.CharSequence;@54ea10e0, id=f.EA2E03493E460B5A5083285B095FB4DD.d.DC5DD6B7D0CA469EFC834D9798C9FBF3.e.37}]
Capabilities {acceptInsecureCerts: false, browserName: MicrosoftEdge, browserVersion: 131.0.2903.86, fedcm:accounts: true, ms:edgeOptions: {debuggerAddress: localhost:64427}, msedge: {msedgedriverVersion: 131.0.2903.86 (cf5bf303997c..., userDataDir: C:\Users\vamsh\AppData\Loca...}, networkConnectionEnabled: false, pageLoadStrategy: normal, platformName: windows, proxy: Proxy(), se:cdp: ws://localhost:64427/devtoo..., se:cdpVersion: 131.0.2903.86, setWindowRect: true, strictFileInteractability: false, timeouts: {implicit: 0, pageLoad: 300000, script: 30000}, unhandledPromptBehavior: dismiss and notify, webauthn:extension:credBlob: true, webauthn:extension:largeBlob: true, webauthn:extension:minPinLength: true, webauthn:extension:prf: true, webauthn:virtualAuthenticators: true}
Element: [[EdgeDriver: MicrosoftEdge on windows (9804111bf35d6f78d3e200109ca435dc)] -> css selector: .CodeMirror textarea]
Session ID: 9804111bf35d6f78d3e200109ca435dc
]]></failure>
    <system-out><![CDATA[
Scenario: Try Here Editor page with invalid data                        &amp#27;[90m# src/test/resources/Features/Tree.feature:33&amp#27;[0m
  &amp#27;[32mGiven &amp#27;[0m&amp#27;[32mThe user is on the DS Introduction page as signedIn&amp#27;[0m           &amp#27;[90m# StepDefinitions.DSIntroductionDetails.the_user_is_on_the_ds_introduction_page_as_signed_in()&amp#27;[0m
  &amp#27;[32mGiven &amp#27;[0m&amp#27;[32mThe user is on the Overview of Trees page&amp#27;[0m                            &amp#27;[90m# StepDefinitions.Tree.the_user_is_on_the_overview_of_trees_page()&amp#27;[0m
  &amp#27;[32mAnd &amp#27;[0m&amp#27;[32mUser clicks on Get Started button from Tree panel&amp#27;[0m               &amp#27;[90m# StepDefinitions.Tree.user_clicks_on_get_started_button_from_tree_panel()&amp#27;[0m
  &amp#27;[32mGiven &amp#27;[0m&amp#27;[32mThe user is on the Overview of Trees page&amp#27;[0m                     &amp#27;[90m# StepDefinitions.Tree.the_user_is_on_the_overview_of_trees_page()&amp#27;[0m
  &amp#27;[32mAnd &amp#27;[0m&amp#27;[32mThe user clicks Try Here button&amp#27;[0m                                        &amp#27;[90m# StepDefinitions.Tree.the_user_clicks_try_here_button()&amp#27;[0m
  &amp#27;[31mWhen &amp#27;[0m&amp#27;[31mThe user writes no code inside editor window and clicks on Run button&amp#27;[0m &amp#27;[90m# StepDefinitions.Tree.the_user_writes_no_code_inside_editor_window_and_clicks_on_run_button()&amp#27;[0m
      &amp#27;[31morg.openqa.selenium.ElementNotInteractableException: element not interactable
  (Session info: MicrosoftEdge=131.0.2903.86)
Build info: version: '4.26.0', revision: '8ccf0219d7'
System info: os.name: 'Windows 11', os.arch: 'amd64', os.version: '10.0', java.version: '21.0.5'
Driver info: org.openqa.selenium.edge.EdgeDriver
Command: [9804111bf35d6f78d3e200109ca435dc, sendKeysToElement {value=[Ljava.lang.CharSequence;@54ea10e0, id=f.EA2E03493E460B5A5083285B095FB4DD.d.DC5DD6B7D0CA469EFC834D9798C9FBF3.e.37}]
Capabilities {acceptInsecureCerts: false, browserName: MicrosoftEdge, browserVersion: 131.0.2903.86, fedcm:accounts: true, ms:edgeOptions: {debuggerAddress: localhost:64427}, msedge: {msedgedriverVersion: 131.0.2903.86 (cf5bf303997c..., userDataDir: C:\Users\vamsh\AppData\Loca...}, networkConnectionEnabled: false, pageLoadStrategy: normal, platformName: windows, proxy: Proxy(), se:cdp: ws://localhost:64427/devtoo..., se:cdpVersion: 131.0.2903.86, setWindowRect: true, strictFileInteractability: false, timeouts: {implicit: 0, pageLoad: 300000, script: 30000}, unhandledPromptBehavior: dismiss and notify, webauthn:extension:credBlob: true, webauthn:extension:largeBlob: true, webauthn:extension:minPinLength: true, webauthn:extension:prf: true, webauthn:virtualAuthenticators: true}
Element: [[EdgeDriver: MicrosoftEdge on windows (9804111bf35d6f78d3e200109ca435dc)] -> css selector: .CodeMirror textarea]
Session ID: 9804111bf35d6f78d3e200109ca435dc
	at java.base/jdk.internal.reflect.DirectConstructorHandleAccessor.newInstance(DirectConstructorHandleAccessor.java:62)
	at java.base/java.lang.reflect.Constructor.newInstanceWithCaller(Constructor.java:502)
	at java.base/java.lang.reflect.Constructor.newInstance(Constructor.java:486)
	at org.openqa.selenium.remote.ErrorCodec.decode(ErrorCodec.java:167)
	at org.openqa.selenium.remote.codec.w3c.W3CHttpResponseCodec.decode(W3CHttpResponseCodec.java:138)
	at org.openqa.selenium.remote.codec.w3c.W3CHttpResponseCodec.decode(W3CHttpResponseCodec.java:50)
	at org.openqa.selenium.remote.HttpCommandExecutor.execute(HttpCommandExecutor.java:190)
	at org.openqa.selenium.remote.service.DriverCommandExecutor.invokeExecute(DriverCommandExecutor.java:216)
	at org.openqa.selenium.remote.service.DriverCommandExecutor.execute(DriverCommandExecutor.java:174)
	at org.openqa.selenium.remote.RemoteWebDriver.execute(RemoteWebDriver.java:545)
	at org.openqa.selenium.remote.RemoteWebElement.execute(RemoteWebElement.java:223)
	at org.openqa.selenium.remote.RemoteWebElement.sendKeys(RemoteWebElement.java:110)
	at PageObjects.TreePage.writeInTryEditorWindow(TreePage.java:357)
	at StepDefinitions.Tree.the_user_writes_no_code_inside_editor_window_and_clicks_on_run_button(Tree.java:73)
	at ✽.The user writes no code inside editor window and clicks on Run button(file:///C:/Projects/Repo1/src/test/resources/Features/Tree.feature:23)
&amp#27;[0m
  &amp#27;[36mThen &amp#27;[0m&amp#27;[36mNothing happens to the Editor page and no error message is displayed&amp#27;[0m  &amp#27;[90m# StepDefinitions.Tree.nothing_happens_to_the_editor_page_and_no_error_message_is_displayed()&amp#27;[0m
[ERROR] 2024-12-09 22:25:57.351 [TestNG-PoolService-1] Hooks - ======================  TEST CASE FAILED !! ======================
[INFO ] 2024-12-09 22:25:57.479 [TestNG-PoolService-3] Hooks - ======================  New Test Execution is STARTED!! ======================

    Embedding screenshot [image/png 7890 bytes]

[INFO ] 2024-12-09 22:25:57.554 [TestNG-PoolService-1] Hooks - ======================  Screenshot is captured  ======================
[INFO ] 2024-12-09 22:25:57.558 [TestNG-PoolService-1] Hooks - ======================  Test Execution is completed!! ======================
  &amp#27;[32mAnd &amp#27;[0m&amp#27;[32mThe user clicks Try Here button&amp#27;[0m                                 &amp#27;[90m# StepDefinitions.Tree.the_user_clicks_try_here_button()&amp#27;[0m
  &amp#27;[31mWhen &amp#27;[0m&amp#27;[31mThe user writes the valid python code and clicks on Run button&amp#27;[0m &amp#27;[90m# StepDefinitions.Tree.the_user_writes_the_valid_python_code_and_clicks_on_run_button()&amp#27;[0m
      &amp#27;[31morg.openqa.selenium.ElementNotInteractableException: element not interactable
  (Session info: MicrosoftEdge=131.0.2903.86)
Build info: version: '4.26.0', revision: '8ccf0219d7'
System info: os.name: 'Windows 11', os.arch: 'amd64', os.version: '10.0', java.version: '21.0.5'
Driver info: org.openqa.selenium.edge.EdgeDriver
Command: [c1a25663a604acb48b17d23901b22450, sendKeysToElement {value=[Ljava.lang.CharSequence;@5fa664fa, id=f.EF6515C62BD05289AA91A03C76B73748.d.93022033DB5C2F6002869D1452BE1E1D.e.40}]
Capabilities {acceptInsecureCerts: false, browserName: MicrosoftEdge, browserVersion: 131.0.2903.86, fedcm:accounts: true, ms:edgeOptions: {debuggerAddress: localhost:64446}, msedge: {msedgedriverVersion: 131.0.2903.86 (cf5bf303997c..., userDataDir: C:\Users\vamsh\AppData\Loca...}, networkConnectionEnabled: false, pageLoadStrategy: normal, platformName: windows, proxy: Proxy(), se:cdp: ws://localhost:64446/devtoo..., se:cdpVersion: 131.0.2903.86, setWindowRect: true, strictFileInteractability: false, timeouts: {implicit: 0, pageLoad: 300000, script: 30000}, unhandledPromptBehavior: dismiss and notify, webauthn:extension:credBlob: true, webauthn:extension:largeBlob: true, webauthn:extension:minPinLength: true, webauthn:extension:prf: true, webauthn:virtualAuthenticators: true}
Element: [[EdgeDriver: MicrosoftEdge on windows (c1a25663a604acb48b17d23901b22450)] -> css selector: .CodeMirror textarea]
Session ID: c1a25663a604acb48b17d23901b22450
	at java.base/jdk.internal.reflect.DirectConstructorHandleAccessor.newInstance(DirectConstructorHandleAccessor.java:62)
	at java.base/java.lang.reflect.Constructor.newInstanceWithCaller(Constructor.java:502)
	at java.base/java.lang.reflect.Constructor.newInstance(Constructor.java:486)
	at org.openqa.selenium.remote.ErrorCodec.decode(ErrorCodec.java:167)
	at org.openqa.selenium.remote.codec.w3c.W3CHttpResponseCodec.decode(W3CHttpResponseCodec.java:138)
	at org.openqa.selenium.remote.codec.w3c.W3CHttpResponseCodec.decode(W3CHttpResponseCodec.java:50)
	at org.openqa.selenium.remote.HttpCommandExecutor.execute(HttpCommandExecutor.java:190)
	at org.openqa.selenium.remote.service.DriverCommandExecutor.invokeExecute(DriverCommandExecutor.java:216)
	at org.openqa.selenium.remote.service.DriverCommandExecutor.execute(DriverCommandExecutor.java:174)
	at org.openqa.selenium.remote.RemoteWebDriver.execute(RemoteWebDriver.java:545)
	at org.openqa.selenium.remote.RemoteWebElement.execute(RemoteWebElement.java:223)
	at org.openqa.selenium.remote.RemoteWebElement.sendKeys(RemoteWebElement.java:110)
	at PageObjects.TreePage.writeInTryEditorWindow(TreePage.java:357)
	at StepDefinitions.Tree.the_user_writes_the_valid_python_code_and_clicks_on_run_button(Tree.java:85)
	at ✽.The user writes the valid python code and clicks on Run button(file:///C:/Projects/Repo1/src/test/resources/Features/Tree.feature:30)
&amp#27;[0m
  &amp#27;[36mThen &amp#27;[0m&amp#27;[36mThe user is able to see the output inside the console.&amp#27;[0m         &amp#27;[90m# StepDefinitions.Tree.the_user_is_able_to_see_the_output_inside_the_console()&amp#27;[0m
[ERROR] 2024-12-09 22:25:58.317 [TestNG-PoolService-2] Hooks - ======================  TEST CASE FAILED !! ======================

    Embedding screenshot [image/png 7890 bytes]

[INFO ] 2024-12-09 22:25:58.479 [TestNG-PoolService-2] Hooks - ======================  Screenshot is captured  ======================
[INFO ] 2024-12-09 22:25:58.481 [TestNG-PoolService-2] Hooks - ======================  Test Execution is completed!! ======================
]]></system-out>
    <system-err><![CDATA[Dec 09, 2024 10:25:57 PM org.openqa.selenium.devtools.CdpVersionFinder findNearestMatch
WARNING: Unable to find an exact match for CDP version 131, returning the closest version; found: 130; Please update to a Selenium version that supports CDP version 131
]]></system-err>
  </testcase>
  <testcase name="runScenario[&quot;Try Here Editor page with valid data&quot;, &quot;Tree&quot;](140)" classname="TestRunners.TestRunner" time="2.815">
    <failure message="element not interactable&#10;  (Session info: chrome=131.0.6778.109)&#10;Build info: version: &apos;4.26.0&apos;, revision: &apos;8ccf0219d7&apos;&#10;System info: os.name: &apos;Windows 11&apos;, os.arch: &apos;amd64&apos;, os.version: &apos;10.0&apos;, java.version: &apos;21.0.5&apos;&#10;Driver info: org.openqa.selenium.chrome.ChromeDriver&#10;Command: [64ce8f570e31e9fca86c0341ddaa4e76, sendKeysToElement {value=[Ljava.lang.CharSequence;@27fb792a, id=f.CDECCC6C539FE93C6A105E40B3627FEE.d.A6A8EA3E49770255F7EDBCD85EB1F668.e.66}]&#10;Capabilities {acceptInsecureCerts: false, browserName: chrome, browserVersion: 131.0.6778.109, chrome: {chromedriverVersion: 131.0.6778.87 (ce31cae94873..., userDataDir: C:\Users\vamsh\AppData\Loca...}, fedcm:accounts: true, goog:chromeOptions: {debuggerAddress: localhost:61387}, networkConnectionEnabled: false, pageLoadStrategy: normal, platformName: windows, proxy: Proxy(), se:cdp: ws://localhost:61387/devtoo..., se:cdpVersion: 131.0.6778.109, setWindowRect: true, strictFileInteractability: false, timeouts: {implicit: 0, pageLoad: 300000, script: 30000}, unhandledPromptBehavior: dismiss and notify, webauthn:extension:credBlob: true, webauthn:extension:largeBlob: true, webauthn:extension:minPinLength: true, webauthn:extension:prf: true, webauthn:virtualAuthenticators: true}&#10;Element: [[ChromeDriver: chrome on windows (64ce8f570e31e9fca86c0341ddaa4e76)] -&gt; css selector: .CodeMirror textarea]&#10;Session ID: 64ce8f570e31e9fca86c0341ddaa4e76" type="org.openqa.selenium.ElementNotInteractableException"><![CDATA[org.openqa.selenium.ElementNotInteractableException: 
element not interactable
  (Session info: chrome=131.0.6778.109)
Build info: version: '4.26.0', revision: '8ccf0219d7'
System info: os.name: 'Windows 11', os.arch: 'amd64', os.version: '10.0', java.version: '21.0.5'
Driver info: org.openqa.selenium.chrome.ChromeDriver
Command: [64ce8f570e31e9fca86c0341ddaa4e76, sendKeysToElement {value=[Ljava.lang.CharSequence;@27fb792a, id=f.CDECCC6C539FE93C6A105E40B3627FEE.d.A6A8EA3E49770255F7EDBCD85EB1F668.e.66}]
Capabilities {acceptInsecureCerts: false, browserName: chrome, browserVersion: 131.0.6778.109, chrome: {chromedriverVersion: 131.0.6778.87 (ce31cae94873..., userDataDir: C:\Users\vamsh\AppData\Loca...}, fedcm:accounts: true, goog:chromeOptions: {debuggerAddress: localhost:61387}, networkConnectionEnabled: false, pageLoadStrategy: normal, platformName: windows, proxy: Proxy(), se:cdp: ws://localhost:61387/devtoo..., se:cdpVersion: 131.0.6778.109, setWindowRect: true, strictFileInteractability: false, timeouts: {implicit: 0, pageLoad: 300000, script: 30000}, unhandledPromptBehavior: dismiss and notify, webauthn:extension:credBlob: true, webauthn:extension:largeBlob: true, webauthn:extension:minPinLength: true, webauthn:extension:prf: true, webauthn:virtualAuthenticators: true}
Element: [[ChromeDriver: chrome on windows (64ce8f570e31e9fca86c0341ddaa4e76)] -> css selector: .CodeMirror textarea]
Session ID: 64ce8f570e31e9fca86c0341ddaa4e76
]]></failure>
    <system-out><![CDATA[
Scenario: Try Here Editor page with alert message                      &amp#27;[90m# src/test/resources/Features/Tree.feature:39&amp#27;[0m
[INFO ] 2024-12-09 22:01:06.433 [TestNG-PoolService-3] Hooks - ======================  New Test Execution is STARTED!! ======================
  &amp#27;[32mGiven &amp#27;[0m&amp#27;[32mThe user is on the DS Introduction page as signedIn&amp#27;[0m           &amp#27;[90m# StepDefinitions.DSIntroductionDetails.the_user_is_on_the_ds_introduction_page_as_signed_in()&amp#27;[0m
  &amp#27;[32mAnd &amp#27;[0m&amp#27;[32mUser clicks on Get Started button from Tree panel&amp#27;[0m               &amp#27;[90m# StepDefinitions.Tree.user_clicks_on_get_started_button_from_tree_panel()&amp#27;[0m
[INFO ] 2024-12-09 22:01:07.650 [TestNG-PoolService-2] Hooks - ======================  New Test Execution is STARTED!! ======================
  &amp#27;[32mGiven &amp#27;[0m&amp#27;[32mThe user is on the Overview of Trees page&amp#27;[0m                     &amp#27;[90m# StepDefinitions.Tree.the_user_is_on_the_overview_of_trees_page()&amp#27;[0m
  &amp#27;[32mAnd &amp#27;[0m&amp#27;[32mThe user clicks Try Here button&amp#27;[0m                                 &amp#27;[90m# StepDefinitions.Tree.the_user_clicks_try_here_button()&amp#27;[0m
  &amp#27;[31mWhen &amp#27;[0m&amp#27;[31mThe user writes the valid python code and clicks on Run button&amp#27;[0m &amp#27;[90m# StepDefinitions.Tree.the_user_writes_the_valid_python_code_and_clicks_on_run_button()&amp#27;[0m
      &amp#27;[31morg.openqa.selenium.ElementNotInteractableException: element not interactable
  (Session info: chrome=131.0.6778.109)
Build info: version: '4.26.0', revision: '8ccf0219d7'
System info: os.name: 'Windows 11', os.arch: 'amd64', os.version: '10.0', java.version: '21.0.5'
Driver info: org.openqa.selenium.chrome.ChromeDriver
Command: [64ce8f570e31e9fca86c0341ddaa4e76, sendKeysToElement {value=[Ljava.lang.CharSequence;@27fb792a, id=f.CDECCC6C539FE93C6A105E40B3627FEE.d.A6A8EA3E49770255F7EDBCD85EB1F668.e.66}]
Capabilities {acceptInsecureCerts: false, browserName: chrome, browserVersion: 131.0.6778.109, chrome: {chromedriverVersion: 131.0.6778.87 (ce31cae94873..., userDataDir: C:\Users\vamsh\AppData\Loca...}, fedcm:accounts: true, goog:chromeOptions: {debuggerAddress: localhost:61387}, networkConnectionEnabled: false, pageLoadStrategy: normal, platformName: windows, proxy: Proxy(), se:cdp: ws://localhost:61387/devtoo..., se:cdpVersion: 131.0.6778.109, setWindowRect: true, strictFileInteractability: false, timeouts: {implicit: 0, pageLoad: 300000, script: 30000}, unhandledPromptBehavior: dismiss and notify, webauthn:extension:credBlob: true, webauthn:extension:largeBlob: true, webauthn:extension:minPinLength: true, webauthn:extension:prf: true, webauthn:virtualAuthenticators: true}
Element: [[ChromeDriver: chrome on windows (64ce8f570e31e9fca86c0341ddaa4e76)] -> css selector: .CodeMirror textarea]
Session ID: 64ce8f570e31e9fca86c0341ddaa4e76
	at java.base/jdk.internal.reflect.DirectConstructorHandleAccessor.newInstance(DirectConstructorHandleAccessor.java:62)
	at java.base/java.lang.reflect.Constructor.newInstanceWithCaller(Constructor.java:502)
	at java.base/java.lang.reflect.Constructor.newInstance(Constructor.java:486)
	at org.openqa.selenium.remote.ErrorCodec.decode(ErrorCodec.java:167)
	at org.openqa.selenium.remote.codec.w3c.W3CHttpResponseCodec.decode(W3CHttpResponseCodec.java:138)
	at org.openqa.selenium.remote.codec.w3c.W3CHttpResponseCodec.decode(W3CHttpResponseCodec.java:50)
	at org.openqa.selenium.remote.HttpCommandExecutor.execute(HttpCommandExecutor.java:190)
	at org.openqa.selenium.remote.service.DriverCommandExecutor.invokeExecute(DriverCommandExecutor.java:216)
	at org.openqa.selenium.remote.service.DriverCommandExecutor.execute(DriverCommandExecutor.java:174)
	at org.openqa.selenium.remote.RemoteWebDriver.execute(RemoteWebDriver.java:545)
	at org.openqa.selenium.remote.RemoteWebElement.execute(RemoteWebElement.java:223)
	at org.openqa.selenium.remote.RemoteWebElement.sendKeys(RemoteWebElement.java:110)
	at PageObjects.TreePage.writeInTryEditorWindow(TreePage.java:357)
	at StepDefinitions.Tree.the_user_writes_the_valid_python_code_and_clicks_on_run_button(Tree.java:85)
	at ✽.The user writes the valid python code and clicks on Run button(file:///C:/Projects/Repo1/src/test/resources/Features/Tree.feature:30)
&amp#27;[0m
  &amp#27;[36mThen &amp#27;[0m&amp#27;[36mThe user is able to see the output inside the console.&amp#27;[0m         &amp#27;[90m# StepDefinitions.Tree.the_user_is_able_to_see_the_output_inside_the_console()&amp#27;[0m
[ERROR] 2024-12-09 22:01:08.565 [TestNG-PoolService-1] Hooks - ======================  TEST CASE FAILED !! ======================

    Embedding screenshot [image/png 7853 bytes]

[INFO ] 2024-12-09 22:01:08.742 [TestNG-PoolService-1] Hooks - ======================  Screenshot is captured  ======================
[INFO ] 2024-12-09 22:01:08.746 [TestNG-PoolService-1] Hooks - ======================  Test Execution is completed!! ======================
]]></system-out>
    <system-err><![CDATA[Dec 09, 2024 10:01:06 PM org.openqa.selenium.devtools.CdpVersionFinder findNearestMatch
WARNING: Unable to find an exact match for CDP version 131, returning the closest version; found: 130; Please update to a Selenium version that supports CDP version 131
Dec 09, 2024 10:01:07 PM org.openqa.selenium.devtools.CdpVersionFinder findNearestMatch
WARNING: Unable to find an exact match for CDP version 131, returning the closest version; found: 130; Please update to a Selenium version that supports CDP version 131
]]></system-err>
  </testcase>
  <testcase name="runScenario[&quot;Try Here Editor page with valid data&quot;, &quot;Tree&quot;](140)" classname="TestRunners.TestRunner" time="0.794">
    <failure message="element not interactable&#10;  (Session info: MicrosoftEdge=131.0.2903.86)&#10;Build info: version: &apos;4.26.0&apos;, revision: &apos;8ccf0219d7&apos;&#10;System info: os.name: &apos;Windows 11&apos;, os.arch: &apos;amd64&apos;, os.version: &apos;10.0&apos;, java.version: &apos;21.0.5&apos;&#10;Driver info: org.openqa.selenium.edge.EdgeDriver&#10;Command: [c1a25663a604acb48b17d23901b22450, sendKeysToElement {value=[Ljava.lang.CharSequence;@5fa664fa, id=f.EF6515C62BD05289AA91A03C76B73748.d.93022033DB5C2F6002869D1452BE1E1D.e.40}]&#10;Capabilities {acceptInsecureCerts: false, browserName: MicrosoftEdge, browserVersion: 131.0.2903.86, fedcm:accounts: true, ms:edgeOptions: {debuggerAddress: localhost:64446}, msedge: {msedgedriverVersion: 131.0.2903.86 (cf5bf303997c..., userDataDir: C:\Users\vamsh\AppData\Loca...}, networkConnectionEnabled: false, pageLoadStrategy: normal, platformName: windows, proxy: Proxy(), se:cdp: ws://localhost:64446/devtoo..., se:cdpVersion: 131.0.2903.86, setWindowRect: true, strictFileInteractability: false, timeouts: {implicit: 0, pageLoad: 300000, script: 30000}, unhandledPromptBehavior: dismiss and notify, webauthn:extension:credBlob: true, webauthn:extension:largeBlob: true, webauthn:extension:minPinLength: true, webauthn:extension:prf: true, webauthn:virtualAuthenticators: true}&#10;Element: [[EdgeDriver: MicrosoftEdge on windows (c1a25663a604acb48b17d23901b22450)] -&gt; css selector: .CodeMirror textarea]&#10;Session ID: c1a25663a604acb48b17d23901b22450" type="org.openqa.selenium.ElementNotInteractableException"><![CDATA[org.openqa.selenium.ElementNotInteractableException: 
element not interactable
  (Session info: MicrosoftEdge=131.0.2903.86)
Build info: version: '4.26.0', revision: '8ccf0219d7'
System info: os.name: 'Windows 11', os.arch: 'amd64', os.version: '10.0', java.version: '21.0.5'
Driver info: org.openqa.selenium.edge.EdgeDriver
Command: [c1a25663a604acb48b17d23901b22450, sendKeysToElement {value=[Ljava.lang.CharSequence;@5fa664fa, id=f.EF6515C62BD05289AA91A03C76B73748.d.93022033DB5C2F6002869D1452BE1E1D.e.40}]
Capabilities {acceptInsecureCerts: false, browserName: MicrosoftEdge, browserVersion: 131.0.2903.86, fedcm:accounts: true, ms:edgeOptions: {debuggerAddress: localhost:64446}, msedge: {msedgedriverVersion: 131.0.2903.86 (cf5bf303997c..., userDataDir: C:\Users\vamsh\AppData\Loca...}, networkConnectionEnabled: false, pageLoadStrategy: normal, platformName: windows, proxy: Proxy(), se:cdp: ws://localhost:64446/devtoo..., se:cdpVersion: 131.0.2903.86, setWindowRect: true, strictFileInteractability: false, timeouts: {implicit: 0, pageLoad: 300000, script: 30000}, unhandledPromptBehavior: dismiss and notify, webauthn:extension:credBlob: true, webauthn:extension:largeBlob: true, webauthn:extension:minPinLength: true, webauthn:extension:prf: true, webauthn:virtualAuthenticators: true}
Element: [[EdgeDriver: MicrosoftEdge on windows (c1a25663a604acb48b17d23901b22450)] -> css selector: .CodeMirror textarea]
Session ID: c1a25663a604acb48b17d23901b22450
]]></failure>
    <system-out><![CDATA[
Scenario: Try Here Editor page with alert message                      &amp#27;[90m# src/test/resources/Features/Tree.feature:39&amp#27;[0m
]]></system-out>
  </testcase>
  <testcase name="runScenario[&quot;Try Here Editor page with invalid data&quot;, &quot;Tree&quot;](141)" classname="TestRunners.TestRunner" time="2.732">
    <failure message="element not interactable&#10;  (Session info: chrome=131.0.6778.109)&#10;Build info: version: &apos;4.26.0&apos;, revision: &apos;8ccf0219d7&apos;&#10;System info: os.name: &apos;Windows 11&apos;, os.arch: &apos;amd64&apos;, os.version: &apos;10.0&apos;, java.version: &apos;21.0.5&apos;&#10;Driver info: org.openqa.selenium.chrome.ChromeDriver&#10;Command: [3f0a46359d093c8b127c07cd023e1551, sendKeysToElement {value=[Ljava.lang.CharSequence;@3bc7014f, id=f.86EF7394907631DB87FBE2A2E1582814.d.343D127BFA4733A7491718C4E4C5BA40.e.51}]&#10;Capabilities {acceptInsecureCerts: false, browserName: chrome, browserVersion: 131.0.6778.109, chrome: {chromedriverVersion: 131.0.6778.87 (ce31cae94873..., userDataDir: C:\Users\vamsh\AppData\Loca...}, fedcm:accounts: true, goog:chromeOptions: {debuggerAddress: localhost:61427}, networkConnectionEnabled: false, pageLoadStrategy: normal, platformName: windows, proxy: Proxy(), se:cdp: ws://localhost:61427/devtoo..., se:cdpVersion: 131.0.6778.109, setWindowRect: true, strictFileInteractability: false, timeouts: {implicit: 0, pageLoad: 300000, script: 30000}, unhandledPromptBehavior: dismiss and notify, webauthn:extension:credBlob: true, webauthn:extension:largeBlob: true, webauthn:extension:minPinLength: true, webauthn:extension:prf: true, webauthn:virtualAuthenticators: true}&#10;Element: [[ChromeDriver: chrome on windows (3f0a46359d093c8b127c07cd023e1551)] -&gt; css selector: .CodeMirror textarea]&#10;Session ID: 3f0a46359d093c8b127c07cd023e1551" type="org.openqa.selenium.ElementNotInteractableException"><![CDATA[org.openqa.selenium.ElementNotInteractableException: 
element not interactable
  (Session info: chrome=131.0.6778.109)
Build info: version: '4.26.0', revision: '8ccf0219d7'
System info: os.name: 'Windows 11', os.arch: 'amd64', os.version: '10.0', java.version: '21.0.5'
Driver info: org.openqa.selenium.chrome.ChromeDriver
Command: [3f0a46359d093c8b127c07cd023e1551, sendKeysToElement {value=[Ljava.lang.CharSequence;@3bc7014f, id=f.86EF7394907631DB87FBE2A2E1582814.d.343D127BFA4733A7491718C4E4C5BA40.e.51}]
Capabilities {acceptInsecureCerts: false, browserName: chrome, browserVersion: 131.0.6778.109, chrome: {chromedriverVersion: 131.0.6778.87 (ce31cae94873..., userDataDir: C:\Users\vamsh\AppData\Loca...}, fedcm:accounts: true, goog:chromeOptions: {debuggerAddress: localhost:61427}, networkConnectionEnabled: false, pageLoadStrategy: normal, platformName: windows, proxy: Proxy(), se:cdp: ws://localhost:61427/devtoo..., se:cdpVersion: 131.0.6778.109, setWindowRect: true, strictFileInteractability: false, timeouts: {implicit: 0, pageLoad: 300000, script: 30000}, unhandledPromptBehavior: dismiss and notify, webauthn:extension:credBlob: true, webauthn:extension:largeBlob: true, webauthn:extension:minPinLength: true, webauthn:extension:prf: true, webauthn:virtualAuthenticators: true}
Element: [[ChromeDriver: chrome on windows (3f0a46359d093c8b127c07cd023e1551)] -> css selector: .CodeMirror textarea]
Session ID: 3f0a46359d093c8b127c07cd023e1551
]]></failure>
    <system-out><![CDATA[
Scenario: Overview of Trees                                 &amp#27;[90m# src/test/resources/Features/Tree.feature:47&amp#27;[0m
  &amp#27;[32mGiven &amp#27;[0m&amp#27;[32mThe user is on the DS Introduction page as signedIn&amp#27;[0m             &amp#27;[90m# StepDefinitions.DSIntroductionDetails.the_user_is_on_the_ds_introduction_page_as_signed_in()&amp#27;[0m
  &amp#27;[32mAnd &amp#27;[0m&amp#27;[32mUser clicks on Get Started button from Tree panel&amp#27;[0m                 &amp#27;[90m# StepDefinitions.Tree.user_clicks_on_get_started_button_from_tree_panel()&amp#27;[0m
[INFO ] 2024-12-09 22:01:10.214 [TestNG-PoolService-1] Hooks - ======================  New Test Execution is STARTED!! ======================
  &amp#27;[32mGiven &amp#27;[0m&amp#27;[32mThe user is on the Overview of Trees page&amp#27;[0m                       &amp#27;[90m# StepDefinitions.Tree.the_user_is_on_the_overview_of_trees_page()&amp#27;[0m
  &amp#27;[32mAnd &amp#27;[0m&amp#27;[32mThe user clicks Try Here button&amp#27;[0m                                   &amp#27;[90m# StepDefinitions.Tree.the_user_clicks_try_here_button()&amp#27;[0m
  &amp#27;[32mGiven &amp#27;[0m&amp#27;[32mThe user is on the DS Introduction page as signedIn&amp#27;[0m            &amp#27;[90m# StepDefinitions.DSIntroductionDetails.the_user_is_on_the_ds_introduction_page_as_signed_in()&amp#27;[0m
  &amp#27;[31mWhen &amp#27;[0m&amp#27;[31mThe user writes the invalid python code and clicks on Run button&amp#27;[0m &amp#27;[90m# StepDefinitions.Tree.the_user_writes_the_invalid_python_code_and_clicks_on_run_button()&amp#27;[0m
      &amp#27;[31morg.openqa.selenium.ElementNotInteractableException: element not interactable
  (Session info: chrome=131.0.6778.109)
Build info: version: '4.26.0', revision: '8ccf0219d7'
System info: os.name: 'Windows 11', os.arch: 'amd64', os.version: '10.0', java.version: '21.0.5'
Driver info: org.openqa.selenium.chrome.ChromeDriver
Command: [3f0a46359d093c8b127c07cd023e1551, sendKeysToElement {value=[Ljava.lang.CharSequence;@3bc7014f, id=f.86EF7394907631DB87FBE2A2E1582814.d.343D127BFA4733A7491718C4E4C5BA40.e.51}]
Capabilities {acceptInsecureCerts: false, browserName: chrome, browserVersion: 131.0.6778.109, chrome: {chromedriverVersion: 131.0.6778.87 (ce31cae94873..., userDataDir: C:\Users\vamsh\AppData\Loca...}, fedcm:accounts: true, goog:chromeOptions: {debuggerAddress: localhost:61427}, networkConnectionEnabled: false, pageLoadStrategy: normal, platformName: windows, proxy: Proxy(), se:cdp: ws://localhost:61427/devtoo..., se:cdpVersion: 131.0.6778.109, setWindowRect: true, strictFileInteractability: false, timeouts: {implicit: 0, pageLoad: 300000, script: 30000}, unhandledPromptBehavior: dismiss and notify, webauthn:extension:credBlob: true, webauthn:extension:largeBlob: true, webauthn:extension:minPinLength: true, webauthn:extension:prf: true, webauthn:virtualAuthenticators: true}
Element: [[ChromeDriver: chrome on windows (3f0a46359d093c8b127c07cd023e1551)] -> css selector: .CodeMirror textarea]
Session ID: 3f0a46359d093c8b127c07cd023e1551
	at java.base/jdk.internal.reflect.DirectConstructorHandleAccessor.newInstance(DirectConstructorHandleAccessor.java:62)
	at java.base/java.lang.reflect.Constructor.newInstanceWithCaller(Constructor.java:502)
	at java.base/java.lang.reflect.Constructor.newInstance(Constructor.java:486)
	at org.openqa.selenium.remote.ErrorCodec.decode(ErrorCodec.java:167)
	at org.openqa.selenium.remote.codec.w3c.W3CHttpResponseCodec.decode(W3CHttpResponseCodec.java:138)
	at org.openqa.selenium.remote.codec.w3c.W3CHttpResponseCodec.decode(W3CHttpResponseCodec.java:50)
	at org.openqa.selenium.remote.HttpCommandExecutor.execute(HttpCommandExecutor.java:190)
	at org.openqa.selenium.remote.service.DriverCommandExecutor.invokeExecute(DriverCommandExecutor.java:216)
	at org.openqa.selenium.remote.service.DriverCommandExecutor.execute(DriverCommandExecutor.java:174)
	at org.openqa.selenium.remote.RemoteWebDriver.execute(RemoteWebDriver.java:545)
	at org.openqa.selenium.remote.RemoteWebElement.execute(RemoteWebElement.java:223)
	at org.openqa.selenium.remote.RemoteWebElement.sendKeys(RemoteWebElement.java:110)
	at PageObjects.TreePage.writeInTryEditorWindow(TreePage.java:357)
	at StepDefinitions.Tree.the_user_writes_the_invalid_python_code_and_clicks_on_run_button(Tree.java:96)
	at ✽.The user writes the invalid python code and clicks on Run button(file:///C:/Projects/Repo1/src/test/resources/Features/Tree.feature:36)
&amp#27;[0m
  &amp#27;[36mThen &amp#27;[0m&amp#27;[36mThe user see error msg in alert window&amp#27;[0m                           &amp#27;[90m# StepDefinitions.Tree.the_user_see_error_msg_in_alert_window()&amp#27;[0m
[ERROR] 2024-12-09 22:01:11.204 [TestNG-PoolService-3] Hooks - ======================  TEST CASE FAILED !! ======================

    Embedding screenshot [image/png 7853 bytes]

[INFO ] 2024-12-09 22:01:11.385 [TestNG-PoolService-3] Hooks - ======================  Screenshot is captured  ======================
[INFO ] 2024-12-09 22:01:11.387 [TestNG-PoolService-3] Hooks - ======================  Test Execution is completed!! ======================
  &amp#27;[32mAnd &amp#27;[0m&amp#27;[32mUser clicks on Get Started button from Tree panel&amp#27;[0m                &amp#27;[90m# StepDefinitions.Tree.user_clicks_on_get_started_button_from_tree_panel()&amp#27;[0m
]]></system-out>
    <system-err><![CDATA[Dec 09, 2024 10:01:10 PM org.openqa.selenium.devtools.CdpVersionFinder findNearestMatch
WARNING: Unable to find an exact match for CDP version 131, returning the closest version; found: 130; Please update to a Selenium version that supports CDP version 131
]]></system-err>
  </testcase>
  <testcase name="runScenario[&quot;Try Here Editor page with invalid data&quot;, &quot;Tree&quot;](141)" classname="TestRunners.TestRunner" time="4.539">
    <failure message="element not interactable&#10;  (Session info: MicrosoftEdge=131.0.2903.86)&#10;Build info: version: &apos;4.26.0&apos;, revision: &apos;8ccf0219d7&apos;&#10;System info: os.name: &apos;Windows 11&apos;, os.arch: &apos;amd64&apos;, os.version: &apos;10.0&apos;, java.version: &apos;21.0.5&apos;&#10;Driver info: org.openqa.selenium.edge.EdgeDriver&#10;Command: [2a1c51b26737fe09cc16ad42718c3326, sendKeysToElement {value=[Ljava.lang.CharSequence;@323046e, id=f.0C67143D6371CED42E5228DBD5BE4CE9.d.DE6420AD6DA9E130D0E79A93C083941D.e.40}]&#10;Capabilities {acceptInsecureCerts: false, browserName: MicrosoftEdge, browserVersion: 131.0.2903.86, fedcm:accounts: true, ms:edgeOptions: {debuggerAddress: localhost:64501}, msedge: {msedgedriverVersion: 131.0.2903.86 (cf5bf303997c..., userDataDir: C:\Users\vamsh\AppData\Loca...}, networkConnectionEnabled: false, pageLoadStrategy: normal, platformName: windows, proxy: Proxy(), se:cdp: ws://localhost:64501/devtoo..., se:cdpVersion: 131.0.2903.86, setWindowRect: true, strictFileInteractability: false, timeouts: {implicit: 0, pageLoad: 300000, script: 30000}, unhandledPromptBehavior: dismiss and notify, webauthn:extension:credBlob: true, webauthn:extension:largeBlob: true, webauthn:extension:minPinLength: true, webauthn:extension:prf: true, webauthn:virtualAuthenticators: true}&#10;Element: [[EdgeDriver: MicrosoftEdge on windows (2a1c51b26737fe09cc16ad42718c3326)] -&gt; css selector: .CodeMirror textarea]&#10;Session ID: 2a1c51b26737fe09cc16ad42718c3326" type="org.openqa.selenium.ElementNotInteractableException"><![CDATA[org.openqa.selenium.ElementNotInteractableException: 
element not interactable
  (Session info: MicrosoftEdge=131.0.2903.86)
Build info: version: '4.26.0', revision: '8ccf0219d7'
System info: os.name: 'Windows 11', os.arch: 'amd64', os.version: '10.0', java.version: '21.0.5'
Driver info: org.openqa.selenium.edge.EdgeDriver
Command: [2a1c51b26737fe09cc16ad42718c3326, sendKeysToElement {value=[Ljava.lang.CharSequence;@323046e, id=f.0C67143D6371CED42E5228DBD5BE4CE9.d.DE6420AD6DA9E130D0E79A93C083941D.e.40}]
Capabilities {acceptInsecureCerts: false, browserName: MicrosoftEdge, browserVersion: 131.0.2903.86, fedcm:accounts: true, ms:edgeOptions: {debuggerAddress: localhost:64501}, msedge: {msedgedriverVersion: 131.0.2903.86 (cf5bf303997c..., userDataDir: C:\Users\vamsh\AppData\Loca...}, networkConnectionEnabled: false, pageLoadStrategy: normal, platformName: windows, proxy: Proxy(), se:cdp: ws://localhost:64501/devtoo..., se:cdpVersion: 131.0.2903.86, setWindowRect: true, strictFileInteractability: false, timeouts: {implicit: 0, pageLoad: 300000, script: 30000}, unhandledPromptBehavior: dismiss and notify, webauthn:extension:credBlob: true, webauthn:extension:largeBlob: true, webauthn:extension:minPinLength: true, webauthn:extension:prf: true, webauthn:virtualAuthenticators: true}
Element: [[EdgeDriver: MicrosoftEdge on windows (2a1c51b26737fe09cc16ad42718c3326)] -> css selector: .CodeMirror textarea]
Session ID: 2a1c51b26737fe09cc16ad42718c3326
]]></failure>
    <system-out><![CDATA[
Scenario: Overview of Trees                                 &amp#27;[90m# src/test/resources/Features/Tree.feature:47&amp#27;[0m
  &amp#27;[32mGiven &amp#27;[0m&amp#27;[32mThe user is on the DS Introduction page as signedIn&amp#27;[0m             &amp#27;[90m# StepDefinitions.DSIntroductionDetails.the_user_is_on_the_ds_introduction_page_as_signed_in()&amp#27;[0m
  &amp#27;[32mAnd &amp#27;[0m&amp#27;[32mUser clicks on Get Started button from Tree panel&amp#27;[0m                 &amp#27;[90m# StepDefinitions.Tree.user_clicks_on_get_started_button_from_tree_panel()&amp#27;[0m
  &amp#27;[32mGiven &amp#27;[0m&amp#27;[32mThe user is on the Overview of Trees page&amp#27;[0m                       &amp#27;[90m# StepDefinitions.Tree.the_user_is_on_the_overview_of_trees_page()&amp#27;[0m
[INFO ] 2024-12-09 22:26:01.925 [TestNG-PoolService-1] Hooks - ======================  New Test Execution is STARTED!! ======================
  &amp#27;[32mAnd &amp#27;[0m&amp#27;[32mThe user clicks Try Here button&amp#27;[0m                                   &amp#27;[90m# StepDefinitions.Tree.the_user_clicks_try_here_button()&amp#27;[0m
  &amp#27;[31mWhen &amp#27;[0m&amp#27;[31mThe user writes the invalid python code and clicks on Run button&amp#27;[0m &amp#27;[90m# StepDefinitions.Tree.the_user_writes_the_invalid_python_code_and_clicks_on_run_button()&amp#27;[0m
      &amp#27;[31morg.openqa.selenium.ElementNotInteractableException: element not interactable
  (Session info: MicrosoftEdge=131.0.2903.86)
Build info: version: '4.26.0', revision: '8ccf0219d7'
System info: os.name: 'Windows 11', os.arch: 'amd64', os.version: '10.0', java.version: '21.0.5'
Driver info: org.openqa.selenium.edge.EdgeDriver
Command: [2a1c51b26737fe09cc16ad42718c3326, sendKeysToElement {value=[Ljava.lang.CharSequence;@323046e, id=f.0C67143D6371CED42E5228DBD5BE4CE9.d.DE6420AD6DA9E130D0E79A93C083941D.e.40}]
Capabilities {acceptInsecureCerts: false, browserName: MicrosoftEdge, browserVersion: 131.0.2903.86, fedcm:accounts: true, ms:edgeOptions: {debuggerAddress: localhost:64501}, msedge: {msedgedriverVersion: 131.0.2903.86 (cf5bf303997c..., userDataDir: C:\Users\vamsh\AppData\Loca...}, networkConnectionEnabled: false, pageLoadStrategy: normal, platformName: windows, proxy: Proxy(), se:cdp: ws://localhost:64501/devtoo..., se:cdpVersion: 131.0.2903.86, setWindowRect: true, strictFileInteractability: false, timeouts: {implicit: 0, pageLoad: 300000, script: 30000}, unhandledPromptBehavior: dismiss and notify, webauthn:extension:credBlob: true, webauthn:extension:largeBlob: true, webauthn:extension:minPinLength: true, webauthn:extension:prf: true, webauthn:virtualAuthenticators: true}
Element: [[EdgeDriver: MicrosoftEdge on windows (2a1c51b26737fe09cc16ad42718c3326)] -> css selector: .CodeMirror textarea]
Session ID: 2a1c51b26737fe09cc16ad42718c3326
	at java.base/jdk.internal.reflect.DirectConstructorHandleAccessor.newInstance(DirectConstructorHandleAccessor.java:62)
	at java.base/java.lang.reflect.Constructor.newInstanceWithCaller(Constructor.java:502)
	at java.base/java.lang.reflect.Constructor.newInstance(Constructor.java:486)
	at org.openqa.selenium.remote.ErrorCodec.decode(ErrorCodec.java:167)
	at org.openqa.selenium.remote.codec.w3c.W3CHttpResponseCodec.decode(W3CHttpResponseCodec.java:138)
	at org.openqa.selenium.remote.codec.w3c.W3CHttpResponseCodec.decode(W3CHttpResponseCodec.java:50)
	at org.openqa.selenium.remote.HttpCommandExecutor.execute(HttpCommandExecutor.java:190)
	at org.openqa.selenium.remote.service.DriverCommandExecutor.invokeExecute(DriverCommandExecutor.java:216)
	at org.openqa.selenium.remote.service.DriverCommandExecutor.execute(DriverCommandExecutor.java:174)
	at org.openqa.selenium.remote.RemoteWebDriver.execute(RemoteWebDriver.java:545)
	at org.openqa.selenium.remote.RemoteWebElement.execute(RemoteWebElement.java:223)
	at org.openqa.selenium.remote.RemoteWebElement.sendKeys(RemoteWebElement.java:110)
	at PageObjects.TreePage.writeInTryEditorWindow(TreePage.java:357)
	at StepDefinitions.Tree.the_user_writes_the_invalid_python_code_and_clicks_on_run_button(Tree.java:96)
	at ✽.The user writes the invalid python code and clicks on Run button(file:///C:/Projects/Repo1/src/test/resources/Features/Tree.feature:36)
&amp#27;[0m
  &amp#27;[36mThen &amp#27;[0m&amp#27;[36mThe user see error msg in alert window&amp#27;[0m                           &amp#27;[90m# StepDefinitions.Tree.the_user_see_error_msg_in_alert_window()&amp#27;[0m
[ERROR] 2024-12-09 22:26:02.314 [TestNG-PoolService-3] Hooks - ======================  TEST CASE FAILED !! ======================

    Embedding screenshot [image/png 7890 bytes]

[INFO ] 2024-12-09 22:26:02.638 [TestNG-PoolService-3] Hooks - ======================  Screenshot is captured  ======================
[INFO ] 2024-12-09 22:26:02.641 [TestNG-PoolService-3] Hooks - ======================  Test Execution is completed!! ======================
[INFO ] 2024-12-09 22:26:02.889 [TestNG-PoolService-2] Hooks - ======================  New Test Execution is STARTED!! ======================
]]></system-out>
    <system-err><![CDATA[Dec 09, 2024 10:26:01 PM org.openqa.selenium.devtools.CdpVersionFinder findNearestMatch
WARNING: Unable to find an exact match for CDP version 131, returning the closest version; found: 130; Please update to a Selenium version that supports CDP version 131
Dec 09, 2024 10:26:02 PM org.openqa.selenium.devtools.CdpVersionFinder findNearestMatch
WARNING: Unable to find an exact match for CDP version 131, returning the closest version; found: 130; Please update to a Selenium version that supports CDP version 131
]]></system-err>
  </testcase>
  <testcase name="runScenario[&quot;Try Here Editor page with alert message&quot;, &quot;Tree&quot;](142)" classname="TestRunners.TestRunner" time="1.651">
    <failure message="element not interactable&#10;  (Session info: chrome=131.0.6778.109)&#10;Build info: version: &apos;4.26.0&apos;, revision: &apos;8ccf0219d7&apos;&#10;System info: os.name: &apos;Windows 11&apos;, os.arch: &apos;amd64&apos;, os.version: &apos;10.0&apos;, java.version: &apos;21.0.5&apos;&#10;Driver info: org.openqa.selenium.chrome.ChromeDriver&#10;Command: [445b265d91258344d880448366f8c553, sendKeysToElement {value=[Ljava.lang.CharSequence;@151a1a71, id=f.3428D382CA0BF2E9AEEFDE88512BB301.d.95F6F58B935B010FB4611B58FDD25EE8.e.51}]&#10;Capabilities {acceptInsecureCerts: false, browserName: chrome, browserVersion: 131.0.6778.109, chrome: {chromedriverVersion: 131.0.6778.87 (ce31cae94873..., userDataDir: C:\Users\vamsh\AppData\Loca...}, fedcm:accounts: true, goog:chromeOptions: {debuggerAddress: localhost:61442}, networkConnectionEnabled: false, pageLoadStrategy: normal, platformName: windows, proxy: Proxy(), se:cdp: ws://localhost:61442/devtoo..., se:cdpVersion: 131.0.6778.109, setWindowRect: true, strictFileInteractability: false, timeouts: {implicit: 0, pageLoad: 300000, script: 30000}, unhandledPromptBehavior: dismiss and notify, webauthn:extension:credBlob: true, webauthn:extension:largeBlob: true, webauthn:extension:minPinLength: true, webauthn:extension:prf: true, webauthn:virtualAuthenticators: true}&#10;Element: [[ChromeDriver: chrome on windows (445b265d91258344d880448366f8c553)] -&gt; css selector: .CodeMirror textarea]&#10;Session ID: 445b265d91258344d880448366f8c553" type="org.openqa.selenium.ElementNotInteractableException"><![CDATA[org.openqa.selenium.ElementNotInteractableException: 
element not interactable
  (Session info: chrome=131.0.6778.109)
Build info: version: '4.26.0', revision: '8ccf0219d7'
System info: os.name: 'Windows 11', os.arch: 'amd64', os.version: '10.0', java.version: '21.0.5'
Driver info: org.openqa.selenium.chrome.ChromeDriver
Command: [445b265d91258344d880448366f8c553, sendKeysToElement {value=[Ljava.lang.CharSequence;@151a1a71, id=f.3428D382CA0BF2E9AEEFDE88512BB301.d.95F6F58B935B010FB4611B58FDD25EE8.e.51}]
Capabilities {acceptInsecureCerts: false, browserName: chrome, browserVersion: 131.0.6778.109, chrome: {chromedriverVersion: 131.0.6778.87 (ce31cae94873..., userDataDir: C:\Users\vamsh\AppData\Loca...}, fedcm:accounts: true, goog:chromeOptions: {debuggerAddress: localhost:61442}, networkConnectionEnabled: false, pageLoadStrategy: normal, platformName: windows, proxy: Proxy(), se:cdp: ws://localhost:61442/devtoo..., se:cdpVersion: 131.0.6778.109, setWindowRect: true, strictFileInteractability: false, timeouts: {implicit: 0, pageLoad: 300000, script: 30000}, unhandledPromptBehavior: dismiss and notify, webauthn:extension:credBlob: true, webauthn:extension:largeBlob: true, webauthn:extension:minPinLength: true, webauthn:extension:prf: true, webauthn:virtualAuthenticators: true}
Element: [[ChromeDriver: chrome on windows (445b265d91258344d880448366f8c553)] -> css selector: .CodeMirror textarea]
Session ID: 445b265d91258344d880448366f8c553
]]></failure>
    <system-out><![CDATA[
Scenario: Terminologies                                              &amp#27;[90m# src/test/resources/Features/Tree.feature:54&amp#27;[0m
  &amp#27;[32mGiven &amp#27;[0m&amp#27;[32mThe user is on the Overview of Trees page&amp#27;[0m                      &amp#27;[90m# StepDefinitions.Tree.the_user_is_on_the_overview_of_trees_page()&amp#27;[0m
  &amp#27;[32mAnd &amp#27;[0m&amp#27;[32mThe user clicks Try Here button&amp#27;[0m                                  &amp#27;[90m# StepDefinitions.Tree.the_user_clicks_try_here_button()&amp#27;[0m
  &amp#27;[31mAnd &amp#27;[0m&amp#27;[31mThe user writes the invalid python code and clicks on Run button&amp#27;[0m &amp#27;[90m# StepDefinitions.Tree.the_user_writes_the_invalid_python_code_and_clicks_on_run_button()&amp#27;[0m
      &amp#27;[31morg.openqa.selenium.ElementNotInteractableException: element not interactable
  (Session info: chrome=131.0.6778.109)
Build info: version: '4.26.0', revision: '8ccf0219d7'
System info: os.name: 'Windows 11', os.arch: 'amd64', os.version: '10.0', java.version: '21.0.5'
Driver info: org.openqa.selenium.chrome.ChromeDriver
Command: [445b265d91258344d880448366f8c553, sendKeysToElement {value=[Ljava.lang.CharSequence;@151a1a71, id=f.3428D382CA0BF2E9AEEFDE88512BB301.d.95F6F58B935B010FB4611B58FDD25EE8.e.51}]
Capabilities {acceptInsecureCerts: false, browserName: chrome, browserVersion: 131.0.6778.109, chrome: {chromedriverVersion: 131.0.6778.87 (ce31cae94873..., userDataDir: C:\Users\vamsh\AppData\Loca...}, fedcm:accounts: true, goog:chromeOptions: {debuggerAddress: localhost:61442}, networkConnectionEnabled: false, pageLoadStrategy: normal, platformName: windows, proxy: Proxy(), se:cdp: ws://localhost:61442/devtoo..., se:cdpVersion: 131.0.6778.109, setWindowRect: true, strictFileInteractability: false, timeouts: {implicit: 0, pageLoad: 300000, script: 30000}, unhandledPromptBehavior: dismiss and notify, webauthn:extension:credBlob: true, webauthn:extension:largeBlob: true, webauthn:extension:minPinLength: true, webauthn:extension:prf: true, webauthn:virtualAuthenticators: true}
Element: [[ChromeDriver: chrome on windows (445b265d91258344d880448366f8c553)] -> css selector: .CodeMirror textarea]
Session ID: 445b265d91258344d880448366f8c553
	at java.base/jdk.internal.reflect.DirectConstructorHandleAccessor.newInstance(DirectConstructorHandleAccessor.java:62)
	at java.base/java.lang.reflect.Constructor.newInstanceWithCaller(Constructor.java:502)
	at java.base/java.lang.reflect.Constructor.newInstance(Constructor.java:486)
	at org.openqa.selenium.remote.ErrorCodec.decode(ErrorCodec.java:167)
	at org.openqa.selenium.remote.codec.w3c.W3CHttpResponseCodec.decode(W3CHttpResponseCodec.java:138)
	at org.openqa.selenium.remote.codec.w3c.W3CHttpResponseCodec.decode(W3CHttpResponseCodec.java:50)
	at org.openqa.selenium.remote.HttpCommandExecutor.execute(HttpCommandExecutor.java:190)
	at org.openqa.selenium.remote.service.DriverCommandExecutor.invokeExecute(DriverCommandExecutor.java:216)
	at org.openqa.selenium.remote.service.DriverCommandExecutor.execute(DriverCommandExecutor.java:174)
	at org.openqa.selenium.remote.RemoteWebDriver.execute(RemoteWebDriver.java:545)
	at org.openqa.selenium.remote.RemoteWebElement.execute(RemoteWebElement.java:223)
	at org.openqa.selenium.remote.RemoteWebElement.sendKeys(RemoteWebElement.java:110)
	at PageObjects.TreePage.writeInTryEditorWindow(TreePage.java:357)
	at StepDefinitions.Tree.the_user_writes_the_invalid_python_code_and_clicks_on_run_button(Tree.java:96)
	at ✽.The user writes the invalid python code and clicks on Run button(file:///C:/Projects/Repo1/src/test/resources/Features/Tree.feature:43)
&amp#27;[0m
  &amp#27;[36mWhen &amp#27;[0m&amp#27;[36mThe user clicks the ok button in the alert window&amp#27;[0m               &amp#27;[90m# StepDefinitions.Tree.the_user_clicks_the_ok_button_in_the_alert_window()&amp#27;[0m
  &amp#27;[36mThen &amp#27;[0m&amp#27;[36mAlert message window is dismissed and user stays on Editor page&amp#27;[0m &amp#27;[90m# StepDefinitions.Tree.Alert_message_window_is_dismissed_and_user_stays_on_Editor_page()&amp#27;[0m
[ERROR] 2024-12-09 22:01:12.852 [TestNG-PoolService-2] Hooks - ======================  TEST CASE FAILED !! ======================
[INFO ] 2024-12-09 22:01:12.919 [TestNG-PoolService-3] Hooks - ======================  New Test Execution is STARTED!! ======================

    Embedding screenshot [image/png 7853 bytes]

[INFO ] 2024-12-09 22:01:13.044 [TestNG-PoolService-2] Hooks - ======================  Screenshot is captured  ======================
[INFO ] 2024-12-09 22:01:13.047 [TestNG-PoolService-2] Hooks - ======================  Test Execution is completed!! ======================
]]></system-out>
    <system-err><![CDATA[Dec 09, 2024 10:01:12 PM org.openqa.selenium.devtools.CdpVersionFinder findNearestMatch
WARNING: Unable to find an exact match for CDP version 131, returning the closest version; found: 130; Please update to a Selenium version that supports CDP version 131
]]></system-err>
  </testcase>
  <testcase name="runScenario[&quot;Try Here Editor page with alert message&quot;, &quot;Tree&quot;](142)" classname="TestRunners.TestRunner" time="4.58">
    <failure message="element not interactable&#10;  (Session info: MicrosoftEdge=131.0.2903.86)&#10;Build info: version: &apos;4.26.0&apos;, revision: &apos;8ccf0219d7&apos;&#10;System info: os.name: &apos;Windows 11&apos;, os.arch: &apos;amd64&apos;, os.version: &apos;10.0&apos;, java.version: &apos;21.0.5&apos;&#10;Driver info: org.openqa.selenium.edge.EdgeDriver&#10;Command: [25d868a367c31e9441255e6b5e4825c8, sendKeysToElement {value=[Ljava.lang.CharSequence;@73853a67, id=f.BDBA7FC4DCC20B8BC81561073D4A2D81.d.0F6ACF7CC24C39E418C312C02980431B.e.46}]&#10;Capabilities {acceptInsecureCerts: false, browserName: MicrosoftEdge, browserVersion: 131.0.2903.86, fedcm:accounts: true, ms:edgeOptions: {debuggerAddress: localhost:64560}, msedge: {msedgedriverVersion: 131.0.2903.86 (cf5bf303997c..., userDataDir: C:\Users\vamsh\AppData\Loca...}, networkConnectionEnabled: false, pageLoadStrategy: normal, platformName: windows, proxy: Proxy(), se:cdp: ws://localhost:64560/devtoo..., se:cdpVersion: 131.0.2903.86, setWindowRect: true, strictFileInteractability: false, timeouts: {implicit: 0, pageLoad: 300000, script: 30000}, unhandledPromptBehavior: dismiss and notify, webauthn:extension:credBlob: true, webauthn:extension:largeBlob: true, webauthn:extension:minPinLength: true, webauthn:extension:prf: true, webauthn:virtualAuthenticators: true}&#10;Element: [[EdgeDriver: MicrosoftEdge on windows (25d868a367c31e9441255e6b5e4825c8)] -&gt; css selector: .CodeMirror textarea]&#10;Session ID: 25d868a367c31e9441255e6b5e4825c8" type="org.openqa.selenium.ElementNotInteractableException"><![CDATA[org.openqa.selenium.ElementNotInteractableException: 
element not interactable
  (Session info: MicrosoftEdge=131.0.2903.86)
Build info: version: '4.26.0', revision: '8ccf0219d7'
System info: os.name: 'Windows 11', os.arch: 'amd64', os.version: '10.0', java.version: '21.0.5'
Driver info: org.openqa.selenium.edge.EdgeDriver
Command: [25d868a367c31e9441255e6b5e4825c8, sendKeysToElement {value=[Ljava.lang.CharSequence;@73853a67, id=f.BDBA7FC4DCC20B8BC81561073D4A2D81.d.0F6ACF7CC24C39E418C312C02980431B.e.46}]
Capabilities {acceptInsecureCerts: false, browserName: MicrosoftEdge, browserVersion: 131.0.2903.86, fedcm:accounts: true, ms:edgeOptions: {debuggerAddress: localhost:64560}, msedge: {msedgedriverVersion: 131.0.2903.86 (cf5bf303997c..., userDataDir: C:\Users\vamsh\AppData\Loca...}, networkConnectionEnabled: false, pageLoadStrategy: normal, platformName: windows, proxy: Proxy(), se:cdp: ws://localhost:64560/devtoo..., se:cdpVersion: 131.0.2903.86, setWindowRect: true, strictFileInteractability: false, timeouts: {implicit: 0, pageLoad: 300000, script: 30000}, unhandledPromptBehavior: dismiss and notify, webauthn:extension:credBlob: true, webauthn:extension:largeBlob: true, webauthn:extension:minPinLength: true, webauthn:extension:prf: true, webauthn:virtualAuthenticators: true}
Element: [[EdgeDriver: MicrosoftEdge on windows (25d868a367c31e9441255e6b5e4825c8)] -> css selector: .CodeMirror textarea]
Session ID: 25d868a367c31e9441255e6b5e4825c8
]]></failure>
    <system-out><![CDATA[
Scenario: Terminologies                                              &amp#27;[90m# src/test/resources/Features/Tree.feature:54&amp#27;[0m
  &amp#27;[32mGiven &amp#27;[0m&amp#27;[32mThe user is on the DS Introduction page as signedIn&amp#27;[0m            &amp#27;[90m# StepDefinitions.DSIntroductionDetails.the_user_is_on_the_ds_introduction_page_as_signed_in()&amp#27;[0m
  &amp#27;[32mGiven &amp#27;[0m&amp#27;[32mThe user is on the DS Introduction page as signedIn&amp#27;[0m &amp#27;[90m# StepDefinitions.DSIntroductionDetails.the_user_is_on_the_ds_introduction_page_as_signed_in()&amp#27;[0m
[INFO ] 2024-12-09 22:26:05.931 [TestNG-PoolService-3] Hooks - ======================  New Test Execution is STARTED!! ======================
  &amp#27;[32mAnd &amp#27;[0m&amp#27;[32mUser clicks on Get Started button from Tree panel&amp#27;[0m                &amp#27;[90m# StepDefinitions.Tree.user_clicks_on_get_started_button_from_tree_panel()&amp#27;[0m
  &amp#27;[32mGiven &amp#27;[0m&amp#27;[32mThe user is on the Overview of Trees page&amp#27;[0m                      &amp#27;[90m# StepDefinitions.Tree.the_user_is_on_the_overview_of_trees_page()&amp#27;[0m
  &amp#27;[32mAnd &amp#27;[0m&amp#27;[32mUser clicks on Get Started button from Tree panel&amp#27;[0m     &amp#27;[90m# StepDefinitions.Tree.user_clicks_on_get_started_button_from_tree_panel()&amp#27;[0m
  &amp#27;[32mGiven &amp#27;[0m&amp#27;[32mThe user is on the Overview of Trees page&amp#27;[0m           &amp#27;[90m# StepDefinitions.Tree.the_user_is_on_the_overview_of_trees_page()&amp#27;[0m
  &amp#27;[32mAnd &amp#27;[0m&amp#27;[32mThe user clicks Try Here button&amp#27;[0m                                  &amp#27;[90m# StepDefinitions.Tree.the_user_clicks_try_here_button()&amp#27;[0m
  &amp#27;[31mAnd &amp#27;[0m&amp#27;[31mThe user writes the invalid python code and clicks on Run button&amp#27;[0m &amp#27;[90m# StepDefinitions.Tree.the_user_writes_the_invalid_python_code_and_clicks_on_run_button()&amp#27;[0m
      &amp#27;[31morg.openqa.selenium.ElementNotInteractableException: element not interactable
  (Session info: MicrosoftEdge=131.0.2903.86)
Build info: version: '4.26.0', revision: '8ccf0219d7'
System info: os.name: 'Windows 11', os.arch: 'amd64', os.version: '10.0', java.version: '21.0.5'
Driver info: org.openqa.selenium.edge.EdgeDriver
Command: [25d868a367c31e9441255e6b5e4825c8, sendKeysToElement {value=[Ljava.lang.CharSequence;@73853a67, id=f.BDBA7FC4DCC20B8BC81561073D4A2D81.d.0F6ACF7CC24C39E418C312C02980431B.e.46}]
Capabilities {acceptInsecureCerts: false, browserName: MicrosoftEdge, browserVersion: 131.0.2903.86, fedcm:accounts: true, ms:edgeOptions: {debuggerAddress: localhost:64560}, msedge: {msedgedriverVersion: 131.0.2903.86 (cf5bf303997c..., userDataDir: C:\Users\vamsh\AppData\Loca...}, networkConnectionEnabled: false, pageLoadStrategy: normal, platformName: windows, proxy: Proxy(), se:cdp: ws://localhost:64560/devtoo..., se:cdpVersion: 131.0.2903.86, setWindowRect: true, strictFileInteractability: false, timeouts: {implicit: 0, pageLoad: 300000, script: 30000}, unhandledPromptBehavior: dismiss and notify, webauthn:extension:credBlob: true, webauthn:extension:largeBlob: true, webauthn:extension:minPinLength: true, webauthn:extension:prf: true, webauthn:virtualAuthenticators: true}
Element: [[EdgeDriver: MicrosoftEdge on windows (25d868a367c31e9441255e6b5e4825c8)] -> css selector: .CodeMirror textarea]
Session ID: 25d868a367c31e9441255e6b5e4825c8
	at java.base/jdk.internal.reflect.DirectConstructorHandleAccessor.newInstance(DirectConstructorHandleAccessor.java:62)
	at java.base/java.lang.reflect.Constructor.newInstanceWithCaller(Constructor.java:502)
	at java.base/java.lang.reflect.Constructor.newInstance(Constructor.java:486)
	at org.openqa.selenium.remote.ErrorCodec.decode(ErrorCodec.java:167)
	at org.openqa.selenium.remote.codec.w3c.W3CHttpResponseCodec.decode(W3CHttpResponseCodec.java:138)
	at org.openqa.selenium.remote.codec.w3c.W3CHttpResponseCodec.decode(W3CHttpResponseCodec.java:50)
	at org.openqa.selenium.remote.HttpCommandExecutor.execute(HttpCommandExecutor.java:190)
	at org.openqa.selenium.remote.service.DriverCommandExecutor.invokeExecute(DriverCommandExecutor.java:216)
	at org.openqa.selenium.remote.service.DriverCommandExecutor.execute(DriverCommandExecutor.java:174)
	at org.openqa.selenium.remote.RemoteWebDriver.execute(RemoteWebDriver.java:545)
	at org.openqa.selenium.remote.RemoteWebElement.execute(RemoteWebElement.java:223)
	at org.openqa.selenium.remote.RemoteWebElement.sendKeys(RemoteWebElement.java:110)
	at PageObjects.TreePage.writeInTryEditorWindow(TreePage.java:357)
	at StepDefinitions.Tree.the_user_writes_the_invalid_python_code_and_clicks_on_run_button(Tree.java:96)
	at ✽.The user writes the invalid python code and clicks on Run button(file:///C:/Projects/Repo1/src/test/resources/Features/Tree.feature:43)
&amp#27;[0m
  &amp#27;[36mWhen &amp#27;[0m&amp#27;[36mThe user clicks the ok button in the alert window&amp#27;[0m               &amp#27;[90m# StepDefinitions.Tree.the_user_clicks_the_ok_button_in_the_alert_window()&amp#27;[0m
  &amp#27;[36mThen &amp#27;[0m&amp#27;[36mAlert message window is dismissed and user stays on Editor page&amp#27;[0m &amp#27;[90m# StepDefinitions.Tree.Alert_message_window_is_dismissed_and_user_stays_on_Editor_page()&amp#27;[0m
[ERROR] 2024-12-09 22:26:07.359 [TestNG-PoolService-1] Hooks - ======================  TEST CASE FAILED !! ======================

    Embedding screenshot [image/png 7890 bytes]

[INFO ] 2024-12-09 22:26:07.521 [TestNG-PoolService-1] Hooks - ======================  Screenshot is captured  ======================
[INFO ] 2024-12-09 22:26:07.522 [TestNG-PoolService-1] Hooks - ======================  Test Execution is completed!! ======================
  &amp#27;[32mWhen &amp#27;[0m&amp#27;[32mThe user clicks Terminologies link&amp#27;[0m                   &amp#27;[90m# StepDefinitions.Tree.the_user_clicks_terminologies_link()&amp#27;[0m
  &amp#27;[32mThen &amp#27;[0m&amp#27;[32mThe user is redirected to Terminologies page&amp#27;[0m         &amp#27;[90m# StepDefinitions.Tree.the_user_is_redirected_to_terminologies_page()&amp#27;[0m
[INFO ] 2024-12-09 22:26:07.726 [TestNG-PoolService-2] Hooks - ======================  Test Execution is completed!! ======================
]]></system-out>
    <system-err><![CDATA[Dec 09, 2024 10:26:05 PM org.openqa.selenium.devtools.CdpVersionFinder findNearestMatch
WARNING: Unable to find an exact match for CDP version 131, returning the closest version; found: 130; Please update to a Selenium version that supports CDP version 131
]]></system-err>
  </testcase>
  <testcase name="runScenario[&quot;Overview of Trees&quot;, &quot;Tree&quot;](143)" classname="TestRunners.TestRunner" time="2.197">
    <system-out><![CDATA[
Scenario: Try Here Editor page with empty code                               &amp#27;[90m# src/test/resources/Features/Tree.feature:59&amp#27;[0m
  &amp#27;[32mGiven &amp#27;[0m&amp#27;[32mThe user is on the DS Introduction page as signedIn&amp#27;[0m &amp#27;[90m# StepDefinitions.DSIntroductionDetails.the_user_is_on_the_ds_introduction_page_as_signed_in()&amp#27;[0m
  &amp#27;[32mAnd &amp#27;[0m&amp#27;[32mUser clicks on Get Started button from Tree panel&amp#27;[0m     &amp#27;[90m# StepDefinitions.Tree.user_clicks_on_get_started_button_from_tree_panel()&amp#27;[0m
[INFO ] 2024-12-09 22:01:14.684 [TestNG-PoolService-2] Hooks - ======================  New Test Execution is STARTED!! ======================
  &amp#27;[32mGiven &amp#27;[0m&amp#27;[32mThe user is on the Overview of Trees page&amp#27;[0m           &amp#27;[90m# StepDefinitions.Tree.the_user_is_on_the_overview_of_trees_page()&amp#27;[0m
  &amp#27;[32mWhen &amp#27;[0m&amp#27;[32mThe user clicks Terminologies link&amp#27;[0m                   &amp#27;[90m# StepDefinitions.Tree.the_user_clicks_terminologies_link()&amp#27;[0m
  &amp#27;[32mThen &amp#27;[0m&amp#27;[32mThe user is redirected to Terminologies page&amp#27;[0m         &amp#27;[90m# StepDefinitions.Tree.the_user_is_redirected_to_terminologies_page()&amp#27;[0m
[INFO ] 2024-12-09 22:01:15.190 [TestNG-PoolService-1] Hooks - ======================  Test Execution is completed!! ======================
]]></system-out>
    <system-err><![CDATA[Dec 09, 2024 10:01:14 PM org.openqa.selenium.devtools.CdpVersionFinder findNearestMatch
WARNING: Unable to find an exact match for CDP version 131, returning the closest version; found: 130; Please update to a Selenium version that supports CDP version 131
]]></system-err>
  </testcase>
  <testcase name="runScenario[&quot;Overview of Trees&quot;, &quot;Tree&quot;](143)" classname="TestRunners.TestRunner" time="0.125">
    <system-out><![CDATA[
Scenario: Try Here Editor page with empty code                               &amp#27;[90m# src/test/resources/Features/Tree.feature:59&amp#27;[0m
  &amp#27;[32mGiven &amp#27;[0m&amp#27;[32mThe user is on the DS Introduction page as signedIn&amp#27;[0m          &amp#27;[90m# StepDefinitions.DSIntroductionDetails.the_user_is_on_the_ds_introduction_page_as_signed_in()&amp#27;[0m
]]></system-out>
  </testcase>
  <testcase name="runScenario[&quot;Terminologies&quot;, &quot;Tree&quot;](144)" classname="TestRunners.TestRunner" time="2.403">
    <system-out><![CDATA[
Scenario: Try Here Editor page with valid data                        &amp#27;[90m# src/test/resources/Features/Tree.feature:65&amp#27;[0m
  &amp#27;[32mGiven &amp#27;[0m&amp#27;[32mThe user is on the DS Introduction page as signedIn&amp#27;[0m          &amp#27;[90m# StepDefinitions.DSIntroductionDetails.the_user_is_on_the_ds_introduction_page_as_signed_in()&amp#27;[0m
  &amp#27;[32mAnd &amp#27;[0m&amp#27;[32mUser clicks on Get Started button from Tree panel&amp#27;[0m              &amp#27;[90m# StepDefinitions.Tree.user_clicks_on_get_started_button_from_tree_panel()&amp#27;[0m
  &amp#27;[32mGiven &amp#27;[0m&amp#27;[32mThe user is on the Terminologies page&amp#27;[0m                        &amp#27;[90m# StepDefinitions.Tree.the_user_is_on_the_terminologies_page()&amp#27;[0m
[INFO ] 2024-12-09 22:01:16.806 [TestNG-PoolService-1] Hooks - ======================  New Test Execution is STARTED!! ======================
  &amp#27;[32mWhen &amp#27;[0m&amp#27;[32mThe user clicks Try Here button&amp#27;[0m                               &amp#27;[90m# StepDefinitions.Tree.the_user_clicks_try_here_button()&amp#27;[0m
  &amp#27;[32mThen &amp#27;[0m&amp#27;[32mThe user is redirected to a page having Editor and run button&amp#27;[0m &amp#27;[90m# StepDefinitions.Tree.the_user_is_redirected_to_a_page_having_editor_and_run_button()&amp#27;[0m
[INFO ] 2024-12-09 22:01:17.611 [TestNG-PoolService-3] Hooks - ======================  Test Execution is completed!! ======================
  &amp#27;[32mGiven &amp#27;[0m&amp#27;[32mThe user is on the DS Introduction page as signedIn&amp#27;[0m                  &amp#27;[90m# StepDefinitions.DSIntroductionDetails.the_user_is_on_the_ds_introduction_page_as_signed_in()&amp#27;[0m
]]></system-out>
    <system-err><![CDATA[Dec 09, 2024 10:01:16 PM org.openqa.selenium.devtools.CdpVersionFinder findNearestMatch
WARNING: Unable to find an exact match for CDP version 131, returning the closest version; found: 130; Please update to a Selenium version that supports CDP version 131
]]></system-err>
  </testcase>
  <testcase name="runScenario[&quot;Terminologies&quot;, &quot;Tree&quot;](144)" classname="TestRunners.TestRunner" time="0.111">
    <system-out><![CDATA[
Scenario: Try Here Editor page with valid data                        &amp#27;[90m# src/test/resources/Features/Tree.feature:65&amp#27;[0m
]]></system-out>
  </testcase>
  <testcase name="runScenario[&quot;Terminologies&quot;, &quot;Tree&quot;](144)" classname="TestRunners.TestRunner" time="4.689">
    <system-out><![CDATA[
Scenario: Try Here Editor page with valid data                        &amp#27;[90m# src/test/resources/Features/Tree.feature:65&amp#27;[0m
  &amp#27;[32mAnd &amp#27;[0m&amp#27;[32mUser clicks on Get Started button from Tree panel&amp#27;[0m              &amp#27;[90m# StepDefinitions.Tree.user_clicks_on_get_started_button_from_tree_panel()&amp#27;[0m
  &amp#27;[32mGiven &amp#27;[0m&amp#27;[32mThe user is on the Terminologies page&amp#27;[0m                        &amp#27;[90m# StepDefinitions.Tree.the_user_is_on_the_terminologies_page()&amp#27;[0m
[INFO ] 2024-12-09 22:26:12.078 [TestNG-PoolService-1] Hooks - ======================  New Test Execution is STARTED!! ======================
  &amp#27;[32mWhen &amp#27;[0m&amp#27;[32mThe user clicks Try Here button&amp#27;[0m                               &amp#27;[90m# StepDefinitions.Tree.the_user_clicks_try_here_button()&amp#27;[0m
  &amp#27;[32mThen &amp#27;[0m&amp#27;[32mThe user is redirected to a page having Editor and run button&amp#27;[0m &amp#27;[90m# StepDefinitions.Tree.the_user_is_redirected_to_a_page_having_editor_and_run_button()&amp#27;[0m
[INFO ] 2024-12-09 22:26:12.297 [TestNG-PoolService-3] Hooks - ======================  Test Execution is completed!! ======================
[INFO ] 2024-12-09 22:26:12.317 [TestNG-PoolService-2] Hooks - ======================  New Test Execution is STARTED!! ======================
]]></system-out>
    <system-err><![CDATA[Dec 09, 2024 10:26:11 PM org.openqa.selenium.devtools.CdpVersionFinder findNearestMatch
WARNING: Unable to find an exact match for CDP version 131, returning the closest version; found: 130; Please update to a Selenium version that supports CDP version 131
Dec 09, 2024 10:26:12 PM org.openqa.selenium.devtools.CdpVersionFinder findNearestMatch
WARNING: Unable to find an exact match for CDP version 131, returning the closest version; found: 130; Please update to a Selenium version that supports CDP version 131
]]></system-err>
  </testcase>
  <testcase name="runScenario[&quot;Try Here Editor page with empty code&quot;, &quot;Tree&quot;](145)" classname="TestRunners.TestRunner" time="1.956">
    <failure message="element not interactable&#10;  (Session info: chrome=131.0.6778.109)&#10;Build info: version: &apos;4.26.0&apos;, revision: &apos;8ccf0219d7&apos;&#10;System info: os.name: &apos;Windows 11&apos;, os.arch: &apos;amd64&apos;, os.version: &apos;10.0&apos;, java.version: &apos;21.0.5&apos;&#10;Driver info: org.openqa.selenium.chrome.ChromeDriver&#10;Command: [a771aee3d461cde426b27abf07c351f6, sendKeysToElement {value=[Ljava.lang.CharSequence;@349b983a, id=f.9266045D8E5BC1067417686201D841A2.d.C518E86E9008F7EF48C75FB8215D19BE.e.51}]&#10;Capabilities {acceptInsecureCerts: false, browserName: chrome, browserVersion: 131.0.6778.109, chrome: {chromedriverVersion: 131.0.6778.87 (ce31cae94873..., userDataDir: C:\Users\vamsh\AppData\Loca...}, fedcm:accounts: true, goog:chromeOptions: {debuggerAddress: localhost:61542}, networkConnectionEnabled: false, pageLoadStrategy: normal, platformName: windows, proxy: Proxy(), se:cdp: ws://localhost:61542/devtoo..., se:cdpVersion: 131.0.6778.109, setWindowRect: true, strictFileInteractability: false, timeouts: {implicit: 0, pageLoad: 300000, script: 30000}, unhandledPromptBehavior: dismiss and notify, webauthn:extension:credBlob: true, webauthn:extension:largeBlob: true, webauthn:extension:minPinLength: true, webauthn:extension:prf: true, webauthn:virtualAuthenticators: true}&#10;Element: [[ChromeDriver: chrome on windows (a771aee3d461cde426b27abf07c351f6)] -&gt; css selector: .CodeMirror textarea]&#10;Session ID: a771aee3d461cde426b27abf07c351f6" type="org.openqa.selenium.ElementNotInteractableException"><![CDATA[org.openqa.selenium.ElementNotInteractableException: 
element not interactable
  (Session info: chrome=131.0.6778.109)
Build info: version: '4.26.0', revision: '8ccf0219d7'
System info: os.name: 'Windows 11', os.arch: 'amd64', os.version: '10.0', java.version: '21.0.5'
Driver info: org.openqa.selenium.chrome.ChromeDriver
Command: [a771aee3d461cde426b27abf07c351f6, sendKeysToElement {value=[Ljava.lang.CharSequence;@349b983a, id=f.9266045D8E5BC1067417686201D841A2.d.C518E86E9008F7EF48C75FB8215D19BE.e.51}]
Capabilities {acceptInsecureCerts: false, browserName: chrome, browserVersion: 131.0.6778.109, chrome: {chromedriverVersion: 131.0.6778.87 (ce31cae94873..., userDataDir: C:\Users\vamsh\AppData\Loca...}, fedcm:accounts: true, goog:chromeOptions: {debuggerAddress: localhost:61542}, networkConnectionEnabled: false, pageLoadStrategy: normal, platformName: windows, proxy: Proxy(), se:cdp: ws://localhost:61542/devtoo..., se:cdpVersion: 131.0.6778.109, setWindowRect: true, strictFileInteractability: false, timeouts: {implicit: 0, pageLoad: 300000, script: 30000}, unhandledPromptBehavior: dismiss and notify, webauthn:extension:credBlob: true, webauthn:extension:largeBlob: true, webauthn:extension:minPinLength: true, webauthn:extension:prf: true, webauthn:virtualAuthenticators: true}
Element: [[ChromeDriver: chrome on windows (a771aee3d461cde426b27abf07c351f6)] -> css selector: .CodeMirror textarea]
Session ID: a771aee3d461cde426b27abf07c351f6
]]></failure>
    <system-out><![CDATA[
Scenario: Try Here Editor page with invalid data                        &amp#27;[90m# src/test/resources/Features/Tree.feature:72&amp#27;[0m
  &amp#27;[32mAnd &amp#27;[0m&amp#27;[32mUser clicks on Get Started button from Tree panel&amp#27;[0m                      &amp#27;[90m# StepDefinitions.Tree.user_clicks_on_get_started_button_from_tree_panel()&amp#27;[0m
  &amp#27;[32mGiven &amp#27;[0m&amp#27;[32mThe user is on the Terminologies page&amp#27;[0m                                &amp#27;[90m# StepDefinitions.Tree.the_user_is_on_the_terminologies_page()&amp#27;[0m
  &amp#27;[32mGiven &amp#27;[0m&amp#27;[32mThe user is on the DS Introduction page as signedIn&amp#27;[0m           &amp#27;[90m# StepDefinitions.DSIntroductionDetails.the_user_is_on_the_ds_introduction_page_as_signed_in()&amp#27;[0m
  &amp#27;[32mAnd &amp#27;[0m&amp#27;[32mThe user clicks Try Here button&amp#27;[0m                                        &amp#27;[90m# StepDefinitions.Tree.the_user_clicks_try_here_button()&amp#27;[0m
  &amp#27;[31mWhen &amp#27;[0m&amp#27;[31mThe user writes no code inside editor window and clicks on Run button&amp#27;[0m &amp#27;[90m# StepDefinitions.Tree.the_user_writes_no_code_inside_editor_window_and_clicks_on_run_button()&amp#27;[0m
      &amp#27;[31morg.openqa.selenium.ElementNotInteractableException: element not interactable
  (Session info: chrome=131.0.6778.109)
Build info: version: '4.26.0', revision: '8ccf0219d7'
System info: os.name: 'Windows 11', os.arch: 'amd64', os.version: '10.0', java.version: '21.0.5'
Driver info: org.openqa.selenium.chrome.ChromeDriver
Command: [a771aee3d461cde426b27abf07c351f6, sendKeysToElement {value=[Ljava.lang.CharSequence;@349b983a, id=f.9266045D8E5BC1067417686201D841A2.d.C518E86E9008F7EF48C75FB8215D19BE.e.51}]
Capabilities {acceptInsecureCerts: false, browserName: chrome, browserVersion: 131.0.6778.109, chrome: {chromedriverVersion: 131.0.6778.87 (ce31cae94873..., userDataDir: C:\Users\vamsh\AppData\Loca...}, fedcm:accounts: true, goog:chromeOptions: {debuggerAddress: localhost:61542}, networkConnectionEnabled: false, pageLoadStrategy: normal, platformName: windows, proxy: Proxy(), se:cdp: ws://localhost:61542/devtoo..., se:cdpVersion: 131.0.6778.109, setWindowRect: true, strictFileInteractability: false, timeouts: {implicit: 0, pageLoad: 300000, script: 30000}, unhandledPromptBehavior: dismiss and notify, webauthn:extension:credBlob: true, webauthn:extension:largeBlob: true, webauthn:extension:minPinLength: true, webauthn:extension:prf: true, webauthn:virtualAuthenticators: true}
Element: [[ChromeDriver: chrome on windows (a771aee3d461cde426b27abf07c351f6)] -> css selector: .CodeMirror textarea]
Session ID: a771aee3d461cde426b27abf07c351f6
	at java.base/jdk.internal.reflect.DirectConstructorHandleAccessor.newInstance(DirectConstructorHandleAccessor.java:62)
	at java.base/java.lang.reflect.Constructor.newInstanceWithCaller(Constructor.java:502)
	at java.base/java.lang.reflect.Constructor.newInstance(Constructor.java:486)
	at org.openqa.selenium.remote.ErrorCodec.decode(ErrorCodec.java:167)
	at org.openqa.selenium.remote.codec.w3c.W3CHttpResponseCodec.decode(W3CHttpResponseCodec.java:138)
	at org.openqa.selenium.remote.codec.w3c.W3CHttpResponseCodec.decode(W3CHttpResponseCodec.java:50)
	at org.openqa.selenium.remote.HttpCommandExecutor.execute(HttpCommandExecutor.java:190)
	at org.openqa.selenium.remote.service.DriverCommandExecutor.invokeExecute(DriverCommandExecutor.java:216)
	at org.openqa.selenium.remote.service.DriverCommandExecutor.execute(DriverCommandExecutor.java:174)
	at org.openqa.selenium.remote.RemoteWebDriver.execute(RemoteWebDriver.java:545)
	at org.openqa.selenium.remote.RemoteWebElement.execute(RemoteWebElement.java:223)
	at org.openqa.selenium.remote.RemoteWebElement.sendKeys(RemoteWebElement.java:110)
	at PageObjects.TreePage.writeInTryEditorWindow(TreePage.java:357)
	at StepDefinitions.Tree.the_user_writes_no_code_inside_editor_window_and_clicks_on_run_button(Tree.java:73)
	at ✽.The user writes no code inside editor window and clicks on Run button(file:///C:/Projects/Repo1/src/test/resources/Features/Tree.feature:62)
&amp#27;[0m
  &amp#27;[36mThen &amp#27;[0m&amp#27;[36mNothing happens to the Editor page and no error message is displayed&amp#27;[0m  &amp#27;[90m# StepDefinitions.Tree.nothing_happens_to_the_editor_page_and_no_error_message_is_displayed()&amp#27;[0m
[ERROR] 2024-12-09 22:01:19.353 [TestNG-PoolService-2] Hooks - ======================  TEST CASE FAILED !! ======================
[INFO ] 2024-12-09 22:01:19.417 [TestNG-PoolService-3] Hooks - ======================  New Test Execution is STARTED!! ======================

    Embedding screenshot [image/png 7853 bytes]

[INFO ] 2024-12-09 22:01:19.538 [TestNG-PoolService-2] Hooks - ======================  Screenshot is captured  ======================
[INFO ] 2024-12-09 22:01:19.541 [TestNG-PoolService-2] Hooks - ======================  Test Execution is completed!! ======================
  &amp#27;[32mAnd &amp#27;[0m&amp#27;[32mUser clicks on Get Started button from Tree panel&amp#27;[0m               &amp#27;[90m# StepDefinitions.Tree.user_clicks_on_get_started_button_from_tree_panel()&amp#27;[0m
]]></system-out>
    <system-err><![CDATA[Dec 09, 2024 10:01:19 PM org.openqa.selenium.devtools.CdpVersionFinder findNearestMatch
WARNING: Unable to find an exact match for CDP version 131, returning the closest version; found: 130; Please update to a Selenium version that supports CDP version 131
]]></system-err>
  </testcase>
  <testcase name="runScenario[&quot;Try Here Editor page with empty code&quot;, &quot;Tree&quot;](145)" classname="TestRunners.TestRunner" time="11.402">
    <system-out><![CDATA[
Scenario: Try Here Editor page with invalid data                        &amp#27;[90m# src/test/resources/Features/Tree.feature:72&amp#27;[0m
[INFO ] 2024-12-09 22:13:45.800 [TestNG-PoolService-1] Hooks - ======================  New Test Execution is STARTED!! ======================
[INFO ] 2024-12-09 22:13:47.082 [TestNG-PoolService-2] Hooks - ======================  New Test Execution is STARTED!! ======================
[INFO ] 2024-12-09 22:13:47.974 [TestNG-PoolService-3] Hooks - ======================  New Test Execution is STARTED!! ======================
  &amp#27;[32mGiven &amp#27;[0m&amp#27;[32mThe user is on the DS Introduction page as signedIn&amp#27;[0m                  &amp#27;[90m# StepDefinitions.DSIntroductionDetails.the_user_is_on_the_ds_introduction_page_as_signed_in()&amp#27;[0m
  &amp#27;[32mAnd &amp#27;[0m&amp#27;[32mUser clicks on Get Started button from Tree panel&amp#27;[0m                      &amp#27;[90m# StepDefinitions.Tree.user_clicks_on_get_started_button_from_tree_panel()&amp#27;[0m
  &amp#27;[32mGiven &amp#27;[0m&amp#27;[32mThe user is on the Terminologies page&amp#27;[0m                                &amp#27;[90m# StepDefinitions.Tree.the_user_is_on_the_terminologies_page()&amp#27;[0m
  &amp#27;[32mGiven &amp#27;[0m&amp#27;[32mThe user is on the DS Introduction page as signedIn&amp#27;[0m           &amp#27;[90m# StepDefinitions.DSIntroductionDetails.the_user_is_on_the_ds_introduction_page_as_signed_in()&amp#27;[0m
  &amp#27;[32mGiven &amp#27;[0m&amp#27;[32mThe user is on the DS Introduction page as signedIn&amp#27;[0m             &amp#27;[90m# StepDefinitions.DSIntroductionDetails.the_user_is_on_the_ds_introduction_page_as_signed_in()&amp#27;[0m
  &amp#27;[32mAnd &amp#27;[0m&amp#27;[32mUser clicks on Get Started button from Tree panel&amp#27;[0m               &amp#27;[90m# StepDefinitions.Tree.user_clicks_on_get_started_button_from_tree_panel()&amp#27;[0m
  &amp#27;[32mGiven &amp#27;[0m&amp#27;[32mThe user is on the Terminologies page&amp#27;[0m                         &amp#27;[90m# StepDefinitions.Tree.the_user_is_on_the_terminologies_page()&amp#27;[0m
  &amp#27;[32mAnd &amp#27;[0m&amp#27;[32mUser clicks on Get Started button from Tree panel&amp#27;[0m                 &amp#27;[90m# StepDefinitions.Tree.user_clicks_on_get_started_button_from_tree_panel()&amp#27;[0m
  &amp#27;[32mAnd &amp#27;[0m&amp#27;[32mThe user clicks Try Here button&amp#27;[0m                                        &amp#27;[90m# StepDefinitions.Tree.the_user_clicks_try_here_button()&amp#27;[0m
  &amp#27;[32mGiven &amp#27;[0m&amp#27;[32mThe user is on the Terminologies page&amp#27;[0m                           &amp#27;[90m# StepDefinitions.Tree.the_user_is_on_the_terminologies_page()&amp#27;[0m
  &amp#27;[32mWhen &amp#27;[0m&amp#27;[32mThe user writes no code inside editor window and clicks on Run button&amp#27;[0m &amp#27;[90m# StepDefinitions.Tree.the_user_writes_no_code_inside_editor_window_and_clicks_on_run_button()&amp#27;[0m
  &amp#27;[32mThen &amp#27;[0m&amp#27;[32mNothing happens to the Editor page and no error message is displayed&amp#27;[0m  &amp#27;[90m# StepDefinitions.Tree.nothing_happens_to_the_editor_page_and_no_error_message_is_displayed()&amp#27;[0m
[INFO ] 2024-12-09 22:13:51.291 [TestNG-PoolService-1] Hooks - ======================  Test Execution is completed!! ======================
  &amp#27;[32mAnd &amp#27;[0m&amp#27;[32mThe user clicks Try Here button&amp#27;[0m                                 &amp#27;[90m# StepDefinitions.Tree.the_user_clicks_try_here_button()&amp#27;[0m
  &amp#27;[32mAnd &amp#27;[0m&amp#27;[32mThe user clicks Try Here button&amp#27;[0m                                   &amp#27;[90m# StepDefinitions.Tree.the_user_clicks_try_here_button()&amp#27;[0m
  &amp#27;[32mWhen &amp#27;[0m&amp#27;[32mThe user writes the valid python code and clicks on Run button&amp#27;[0m &amp#27;[90m# StepDefinitions.Tree.the_user_writes_the_valid_python_code_and_clicks_on_run_button()&amp#27;[0m
  &amp#27;[32mThen &amp#27;[0m&amp#27;[32mThe user is able to see the output inside the console.&amp#27;[0m         &amp#27;[90m# StepDefinitions.Tree.the_user_is_able_to_see_the_output_inside_the_console()&amp#27;[0m
[INFO ] 2024-12-09 22:13:52.061 [TestNG-PoolService-2] Hooks - ======================  Test Execution is completed!! ======================
  &amp#27;[32mWhen &amp#27;[0m&amp#27;[32mThe user writes the invalid python code and clicks on Run button&amp#27;[0m &amp#27;[90m# StepDefinitions.Tree.the_user_writes_the_invalid_python_code_and_clicks_on_run_button()&amp#27;[0m
  &amp#27;[32mThen &amp#27;[0m&amp#27;[32mThe user see error msg in alert window&amp#27;[0m                           &amp#27;[90m# StepDefinitions.Tree.the_user_see_error_msg_in_alert_window()&amp#27;[0m
[INFO ] 2024-12-09 22:13:52.247 [TestNG-PoolService-3] Hooks - ======================  Test Execution is completed!! ======================
]]></system-out>
  </testcase>
  <testcase name="runScenario[&quot;Try Here Editor page with empty code&quot;, &quot;Tree&quot;](145)" classname="TestRunners.TestRunner" time="4.877">
    <failure message="element not interactable&#10;  (Session info: MicrosoftEdge=131.0.2903.86)&#10;Build info: version: &apos;4.26.0&apos;, revision: &apos;8ccf0219d7&apos;&#10;System info: os.name: &apos;Windows 11&apos;, os.arch: &apos;amd64&apos;, os.version: &apos;10.0&apos;, java.version: &apos;21.0.5&apos;&#10;Driver info: org.openqa.selenium.edge.EdgeDriver&#10;Command: [a6ef6ca9bb99504c9e1addcfcfc67898, sendKeysToElement {value=[Ljava.lang.CharSequence;@411cdea9, id=f.BC1AE38EE9BF5D17B55DFEA59AFEDD0C.d.5637BC29AB78C96AE6CD9604D4BACF69.e.38}]&#10;Capabilities {acceptInsecureCerts: false, browserName: MicrosoftEdge, browserVersion: 131.0.2903.86, fedcm:accounts: true, ms:edgeOptions: {debuggerAddress: localhost:64691}, msedge: {msedgedriverVersion: 131.0.2903.86 (cf5bf303997c..., userDataDir: C:\Users\vamsh\AppData\Loca...}, networkConnectionEnabled: false, pageLoadStrategy: normal, platformName: windows, proxy: Proxy(), se:cdp: ws://localhost:64691/devtoo..., se:cdpVersion: 131.0.2903.86, setWindowRect: true, strictFileInteractability: false, timeouts: {implicit: 0, pageLoad: 300000, script: 30000}, unhandledPromptBehavior: dismiss and notify, webauthn:extension:credBlob: true, webauthn:extension:largeBlob: true, webauthn:extension:minPinLength: true, webauthn:extension:prf: true, webauthn:virtualAuthenticators: true}&#10;Element: [[EdgeDriver: MicrosoftEdge on windows (a6ef6ca9bb99504c9e1addcfcfc67898)] -&gt; css selector: .CodeMirror textarea]&#10;Session ID: a6ef6ca9bb99504c9e1addcfcfc67898" type="org.openqa.selenium.ElementNotInteractableException"><![CDATA[org.openqa.selenium.ElementNotInteractableException: 
element not interactable
  (Session info: MicrosoftEdge=131.0.2903.86)
Build info: version: '4.26.0', revision: '8ccf0219d7'
System info: os.name: 'Windows 11', os.arch: 'amd64', os.version: '10.0', java.version: '21.0.5'
Driver info: org.openqa.selenium.edge.EdgeDriver
Command: [a6ef6ca9bb99504c9e1addcfcfc67898, sendKeysToElement {value=[Ljava.lang.CharSequence;@411cdea9, id=f.BC1AE38EE9BF5D17B55DFEA59AFEDD0C.d.5637BC29AB78C96AE6CD9604D4BACF69.e.38}]
Capabilities {acceptInsecureCerts: false, browserName: MicrosoftEdge, browserVersion: 131.0.2903.86, fedcm:accounts: true, ms:edgeOptions: {debuggerAddress: localhost:64691}, msedge: {msedgedriverVersion: 131.0.2903.86 (cf5bf303997c..., userDataDir: C:\Users\vamsh\AppData\Loca...}, networkConnectionEnabled: false, pageLoadStrategy: normal, platformName: windows, proxy: Proxy(), se:cdp: ws://localhost:64691/devtoo..., se:cdpVersion: 131.0.2903.86, setWindowRect: true, strictFileInteractability: false, timeouts: {implicit: 0, pageLoad: 300000, script: 30000}, unhandledPromptBehavior: dismiss and notify, webauthn:extension:credBlob: true, webauthn:extension:largeBlob: true, webauthn:extension:minPinLength: true, webauthn:extension:prf: true, webauthn:virtualAuthenticators: true}
Element: [[EdgeDriver: MicrosoftEdge on windows (a6ef6ca9bb99504c9e1addcfcfc67898)] -> css selector: .CodeMirror textarea]
Session ID: a6ef6ca9bb99504c9e1addcfcfc67898
]]></failure>
    <system-out><![CDATA[
Scenario: Try Here Editor page with invalid data                        &amp#27;[90m# src/test/resources/Features/Tree.feature:72&amp#27;[0m
[INFO ] 2024-12-09 22:26:15.232 [TestNG-PoolService-3] Hooks - ======================  New Test Execution is STARTED!! ======================
  &amp#27;[32mGiven &amp#27;[0m&amp#27;[32mThe user is on the DS Introduction page as signedIn&amp#27;[0m                  &amp#27;[90m# StepDefinitions.DSIntroductionDetails.the_user_is_on_the_ds_introduction_page_as_signed_in()&amp#27;[0m
  &amp#27;[32mAnd &amp#27;[0m&amp#27;[32mUser clicks on Get Started button from Tree panel&amp#27;[0m                      &amp#27;[90m# StepDefinitions.Tree.user_clicks_on_get_started_button_from_tree_panel()&amp#27;[0m
  &amp#27;[32mGiven &amp#27;[0m&amp#27;[32mThe user is on the Terminologies page&amp#27;[0m                                &amp#27;[90m# StepDefinitions.Tree.the_user_is_on_the_terminologies_page()&amp#27;[0m
  &amp#27;[32mGiven &amp#27;[0m&amp#27;[32mThe user is on the DS Introduction page as signedIn&amp#27;[0m           &amp#27;[90m# StepDefinitions.DSIntroductionDetails.the_user_is_on_the_ds_introduction_page_as_signed_in()&amp#27;[0m
  &amp#27;[32mAnd &amp#27;[0m&amp#27;[32mUser clicks on Get Started button from Tree panel&amp#27;[0m               &amp#27;[90m# StepDefinitions.Tree.user_clicks_on_get_started_button_from_tree_panel()&amp#27;[0m
  &amp#27;[32mAnd &amp#27;[0m&amp#27;[32mThe user clicks Try Here button&amp#27;[0m                                        &amp#27;[90m# StepDefinitions.Tree.the_user_clicks_try_here_button()&amp#27;[0m
  &amp#27;[32mGiven &amp#27;[0m&amp#27;[32mThe user is on the Terminologies page&amp#27;[0m                         &amp#27;[90m# StepDefinitions.Tree.the_user_is_on_the_terminologies_page()&amp#27;[0m
  &amp#27;[31mWhen &amp#27;[0m&amp#27;[31mThe user writes no code inside editor window and clicks on Run button&amp#27;[0m &amp#27;[90m# StepDefinitions.Tree.the_user_writes_no_code_inside_editor_window_and_clicks_on_run_button()&amp#27;[0m
      &amp#27;[31morg.openqa.selenium.ElementNotInteractableException: element not interactable
  (Session info: MicrosoftEdge=131.0.2903.86)
Build info: version: '4.26.0', revision: '8ccf0219d7'
System info: os.name: 'Windows 11', os.arch: 'amd64', os.version: '10.0', java.version: '21.0.5'
Driver info: org.openqa.selenium.edge.EdgeDriver
Command: [a6ef6ca9bb99504c9e1addcfcfc67898, sendKeysToElement {value=[Ljava.lang.CharSequence;@411cdea9, id=f.BC1AE38EE9BF5D17B55DFEA59AFEDD0C.d.5637BC29AB78C96AE6CD9604D4BACF69.e.38}]
Capabilities {acceptInsecureCerts: false, browserName: MicrosoftEdge, browserVersion: 131.0.2903.86, fedcm:accounts: true, ms:edgeOptions: {debuggerAddress: localhost:64691}, msedge: {msedgedriverVersion: 131.0.2903.86 (cf5bf303997c..., userDataDir: C:\Users\vamsh\AppData\Loca...}, networkConnectionEnabled: false, pageLoadStrategy: normal, platformName: windows, proxy: Proxy(), se:cdp: ws://localhost:64691/devtoo..., se:cdpVersion: 131.0.2903.86, setWindowRect: true, strictFileInteractability: false, timeouts: {implicit: 0, pageLoad: 300000, script: 30000}, unhandledPromptBehavior: dismiss and notify, webauthn:extension:credBlob: true, webauthn:extension:largeBlob: true, webauthn:extension:minPinLength: true, webauthn:extension:prf: true, webauthn:virtualAuthenticators: true}
Element: [[EdgeDriver: MicrosoftEdge on windows (a6ef6ca9bb99504c9e1addcfcfc67898)] -> css selector: .CodeMirror textarea]
Session ID: a6ef6ca9bb99504c9e1addcfcfc67898
	at java.base/jdk.internal.reflect.DirectConstructorHandleAccessor.newInstance(DirectConstructorHandleAccessor.java:62)
	at java.base/java.lang.reflect.Constructor.newInstanceWithCaller(Constructor.java:502)
	at java.base/java.lang.reflect.Constructor.newInstance(Constructor.java:486)
	at org.openqa.selenium.remote.ErrorCodec.decode(ErrorCodec.java:167)
	at org.openqa.selenium.remote.codec.w3c.W3CHttpResponseCodec.decode(W3CHttpResponseCodec.java:138)
	at org.openqa.selenium.remote.codec.w3c.W3CHttpResponseCodec.decode(W3CHttpResponseCodec.java:50)
	at org.openqa.selenium.remote.HttpCommandExecutor.execute(HttpCommandExecutor.java:190)
	at org.openqa.selenium.remote.service.DriverCommandExecutor.invokeExecute(DriverCommandExecutor.java:216)
	at org.openqa.selenium.remote.service.DriverCommandExecutor.execute(DriverCommandExecutor.java:174)
	at org.openqa.selenium.remote.RemoteWebDriver.execute(RemoteWebDriver.java:545)
	at org.openqa.selenium.remote.RemoteWebElement.execute(RemoteWebElement.java:223)
	at org.openqa.selenium.remote.RemoteWebElement.sendKeys(RemoteWebElement.java:110)
	at PageObjects.TreePage.writeInTryEditorWindow(TreePage.java:357)
	at StepDefinitions.Tree.the_user_writes_no_code_inside_editor_window_and_clicks_on_run_button(Tree.java:73)
	at ✽.The user writes no code inside editor window and clicks on Run button(file:///C:/Projects/Repo1/src/test/resources/Features/Tree.feature:62)
&amp#27;[0m
  &amp#27;[36mThen &amp#27;[0m&amp#27;[36mNothing happens to the Editor page and no error message is displayed&amp#27;[0m  &amp#27;[90m# StepDefinitions.Tree.nothing_happens_to_the_editor_page_and_no_error_message_is_displayed()&amp#27;[0m
[ERROR] 2024-12-09 22:26:16.955 [TestNG-PoolService-1] Hooks - ======================  TEST CASE FAILED !! ======================

    Embedding screenshot [image/png 7890 bytes]

[INFO ] 2024-12-09 22:26:17.110 [TestNG-PoolService-1] Hooks - ======================  Screenshot is captured  ======================
[INFO ] 2024-12-09 22:26:17.112 [TestNG-PoolService-1] Hooks - ======================  Test Execution is completed!! ======================
  &amp#27;[32mAnd &amp#27;[0m&amp#27;[32mThe user clicks Try Here button&amp#27;[0m                                 &amp#27;[90m# StepDefinitions.Tree.the_user_clicks_try_here_button()&amp#27;[0m
  &amp#27;[31mWhen &amp#27;[0m&amp#27;[31mThe user writes the valid python code and clicks on Run button&amp#27;[0m &amp#27;[90m# StepDefinitions.Tree.the_user_writes_the_valid_python_code_and_clicks_on_run_button()&amp#27;[0m
      &amp#27;[31morg.openqa.selenium.ElementNotInteractableException: element not interactable
  (Session info: MicrosoftEdge=131.0.2903.86)
Build info: version: '4.26.0', revision: '8ccf0219d7'
System info: os.name: 'Windows 11', os.arch: 'amd64', os.version: '10.0', java.version: '21.0.5'
Driver info: org.openqa.selenium.edge.EdgeDriver
Command: [e933e263f4b13ad001c5b1841d826efc, sendKeysToElement {value=[Ljava.lang.CharSequence;@3dfd8204, id=f.EF2FCF9A79C8E3C00E05BF8D409DDD2D.d.A7D45C3B5BA84EFB054C542ED9976427.e.38}]
Capabilities {acceptInsecureCerts: false, browserName: MicrosoftEdge, browserVersion: 131.0.2903.86, fedcm:accounts: true, ms:edgeOptions: {debuggerAddress: localhost:64697}, msedge: {msedgedriverVersion: 131.0.2903.86 (cf5bf303997c..., userDataDir: C:\Users\vamsh\AppData\Loca...}, networkConnectionEnabled: false, pageLoadStrategy: normal, platformName: windows, proxy: Proxy(), se:cdp: ws://localhost:64697/devtoo..., se:cdpVersion: 131.0.2903.86, setWindowRect: true, strictFileInteractability: false, timeouts: {implicit: 0, pageLoad: 300000, script: 30000}, unhandledPromptBehavior: dismiss and notify, webauthn:extension:credBlob: true, webauthn:extension:largeBlob: true, webauthn:extension:minPinLength: true, webauthn:extension:prf: true, webauthn:virtualAuthenticators: true}
Element: [[EdgeDriver: MicrosoftEdge on windows (e933e263f4b13ad001c5b1841d826efc)] -> css selector: .CodeMirror textarea]
Session ID: e933e263f4b13ad001c5b1841d826efc
	at java.base/jdk.internal.reflect.DirectConstructorHandleAccessor.newInstance(DirectConstructorHandleAccessor.java:62)
	at java.base/java.lang.reflect.Constructor.newInstanceWithCaller(Constructor.java:502)
	at java.base/java.lang.reflect.Constructor.newInstance(Constructor.java:486)
	at org.openqa.selenium.remote.ErrorCodec.decode(ErrorCodec.java:167)
	at org.openqa.selenium.remote.codec.w3c.W3CHttpResponseCodec.decode(W3CHttpResponseCodec.java:138)
	at org.openqa.selenium.remote.codec.w3c.W3CHttpResponseCodec.decode(W3CHttpResponseCodec.java:50)
	at org.openqa.selenium.remote.HttpCommandExecutor.execute(HttpCommandExecutor.java:190)
	at org.openqa.selenium.remote.service.DriverCommandExecutor.invokeExecute(DriverCommandExecutor.java:216)
	at org.openqa.selenium.remote.service.DriverCommandExecutor.execute(DriverCommandExecutor.java:174)
	at org.openqa.selenium.remote.RemoteWebDriver.execute(RemoteWebDriver.java:545)
	at org.openqa.selenium.remote.RemoteWebElement.execute(RemoteWebElement.java:223)
	at org.openqa.selenium.remote.RemoteWebElement.sendKeys(RemoteWebElement.java:110)
	at PageObjects.TreePage.writeInTryEditorWindow(TreePage.java:357)
	at StepDefinitions.Tree.the_user_writes_the_valid_python_code_and_clicks_on_run_button(Tree.java:85)
	at ✽.The user writes the valid python code and clicks on Run button(file:///C:/Projects/Repo1/src/test/resources/Features/Tree.feature:69)
&amp#27;[0m
  &amp#27;[36mThen &amp#27;[0m&amp#27;[36mThe user is able to see the output inside the console.&amp#27;[0m         &amp#27;[90m# StepDefinitions.Tree.the_user_is_able_to_see_the_output_inside_the_console()&amp#27;[0m
[ERROR] 2024-12-09 22:26:17.702 [TestNG-PoolService-2] Hooks - ======================  TEST CASE FAILED !! ======================

    Embedding screenshot [image/png 7890 bytes]

[INFO ] 2024-12-09 22:26:17.858 [TestNG-PoolService-2] Hooks - ======================  Screenshot is captured  ======================
[INFO ] 2024-12-09 22:26:17.858 [TestNG-PoolService-2] Hooks - ======================  Test Execution is completed!! ======================
  &amp#27;[32mGiven &amp#27;[0m&amp#27;[32mThe user is on the DS Introduction page as signedIn&amp#27;[0m             &amp#27;[90m# StepDefinitions.DSIntroductionDetails.the_user_is_on_the_ds_introduction_page_as_signed_in()&amp#27;[0m
  &amp#27;[32mAnd &amp#27;[0m&amp#27;[32mUser clicks on Get Started button from Tree panel&amp#27;[0m                 &amp#27;[90m# StepDefinitions.Tree.user_clicks_on_get_started_button_from_tree_panel()&amp#27;[0m
]]></system-out>
    <system-err><![CDATA[Dec 09, 2024 10:26:15 PM org.openqa.selenium.devtools.CdpVersionFinder findNearestMatch
WARNING: Unable to find an exact match for CDP version 131, returning the closest version; found: 130; Please update to a Selenium version that supports CDP version 131
]]></system-err>
  </testcase>
  <testcase name="runScenario[&quot;Try Here Editor page with valid data&quot;, &quot;Tree&quot;](146)" classname="TestRunners.TestRunner" time="1.74">
    <failure message="element not interactable&#10;  (Session info: chrome=131.0.6778.109)&#10;Build info: version: &apos;4.26.0&apos;, revision: &apos;8ccf0219d7&apos;&#10;System info: os.name: &apos;Windows 11&apos;, os.arch: &apos;amd64&apos;, os.version: &apos;10.0&apos;, java.version: &apos;21.0.5&apos;&#10;Driver info: org.openqa.selenium.chrome.ChromeDriver&#10;Command: [384dd49509e3b3d7bcc7c455f1c6cce7, sendKeysToElement {value=[Ljava.lang.CharSequence;@3abd9c, id=f.68545B5FFB8116FDFA9E71B8A6E0F059.d.587452064E760C06A4B23D49A5BE8228.e.50}]&#10;Capabilities {acceptInsecureCerts: false, browserName: chrome, browserVersion: 131.0.6778.109, chrome: {chromedriverVersion: 131.0.6778.87 (ce31cae94873..., userDataDir: C:\Users\vamsh\AppData\Loca...}, fedcm:accounts: true, goog:chromeOptions: {debuggerAddress: localhost:61572}, networkConnectionEnabled: false, pageLoadStrategy: normal, platformName: windows, proxy: Proxy(), se:cdp: ws://localhost:61572/devtoo..., se:cdpVersion: 131.0.6778.109, setWindowRect: true, strictFileInteractability: false, timeouts: {implicit: 0, pageLoad: 300000, script: 30000}, unhandledPromptBehavior: dismiss and notify, webauthn:extension:credBlob: true, webauthn:extension:largeBlob: true, webauthn:extension:minPinLength: true, webauthn:extension:prf: true, webauthn:virtualAuthenticators: true}&#10;Element: [[ChromeDriver: chrome on windows (384dd49509e3b3d7bcc7c455f1c6cce7)] -&gt; css selector: .CodeMirror textarea]&#10;Session ID: 384dd49509e3b3d7bcc7c455f1c6cce7" type="org.openqa.selenium.ElementNotInteractableException"><![CDATA[org.openqa.selenium.ElementNotInteractableException: 
element not interactable
  (Session info: chrome=131.0.6778.109)
Build info: version: '4.26.0', revision: '8ccf0219d7'
System info: os.name: 'Windows 11', os.arch: 'amd64', os.version: '10.0', java.version: '21.0.5'
Driver info: org.openqa.selenium.chrome.ChromeDriver
Command: [384dd49509e3b3d7bcc7c455f1c6cce7, sendKeysToElement {value=[Ljava.lang.CharSequence;@3abd9c, id=f.68545B5FFB8116FDFA9E71B8A6E0F059.d.587452064E760C06A4B23D49A5BE8228.e.50}]
Capabilities {acceptInsecureCerts: false, browserName: chrome, browserVersion: 131.0.6778.109, chrome: {chromedriverVersion: 131.0.6778.87 (ce31cae94873..., userDataDir: C:\Users\vamsh\AppData\Loca...}, fedcm:accounts: true, goog:chromeOptions: {debuggerAddress: localhost:61572}, networkConnectionEnabled: false, pageLoadStrategy: normal, platformName: windows, proxy: Proxy(), se:cdp: ws://localhost:61572/devtoo..., se:cdpVersion: 131.0.6778.109, setWindowRect: true, strictFileInteractability: false, timeouts: {implicit: 0, pageLoad: 300000, script: 30000}, unhandledPromptBehavior: dismiss and notify, webauthn:extension:credBlob: true, webauthn:extension:largeBlob: true, webauthn:extension:minPinLength: true, webauthn:extension:prf: true, webauthn:virtualAuthenticators: true}
Element: [[ChromeDriver: chrome on windows (384dd49509e3b3d7bcc7c455f1c6cce7)] -> css selector: .CodeMirror textarea]
Session ID: 384dd49509e3b3d7bcc7c455f1c6cce7
]]></failure>
    <system-out><![CDATA[
Scenario: Try Here Editor page with alert message                      &amp#27;[90m# src/test/resources/Features/Tree.feature:79&amp#27;[0m
  &amp#27;[32mGiven &amp#27;[0m&amp#27;[32mThe user is on the Terminologies page&amp#27;[0m                         &amp#27;[90m# StepDefinitions.Tree.the_user_is_on_the_terminologies_page()&amp#27;[0m
  &amp#27;[32mAnd &amp#27;[0m&amp#27;[32mThe user clicks Try Here button&amp#27;[0m                                 &amp#27;[90m# StepDefinitions.Tree.the_user_clicks_try_here_button()&amp#27;[0m
  &amp#27;[31mWhen &amp#27;[0m&amp#27;[31mThe user writes the valid python code and clicks on Run button&amp#27;[0m &amp#27;[90m# StepDefinitions.Tree.the_user_writes_the_valid_python_code_and_clicks_on_run_button()&amp#27;[0m
      &amp#27;[31morg.openqa.selenium.ElementNotInteractableException: element not interactable
  (Session info: chrome=131.0.6778.109)
Build info: version: '4.26.0', revision: '8ccf0219d7'
System info: os.name: 'Windows 11', os.arch: 'amd64', os.version: '10.0', java.version: '21.0.5'
Driver info: org.openqa.selenium.chrome.ChromeDriver
Command: [384dd49509e3b3d7bcc7c455f1c6cce7, sendKeysToElement {value=[Ljava.lang.CharSequence;@3abd9c, id=f.68545B5FFB8116FDFA9E71B8A6E0F059.d.587452064E760C06A4B23D49A5BE8228.e.50}]
Capabilities {acceptInsecureCerts: false, browserName: chrome, browserVersion: 131.0.6778.109, chrome: {chromedriverVersion: 131.0.6778.87 (ce31cae94873..., userDataDir: C:\Users\vamsh\AppData\Loca...}, fedcm:accounts: true, goog:chromeOptions: {debuggerAddress: localhost:61572}, networkConnectionEnabled: false, pageLoadStrategy: normal, platformName: windows, proxy: Proxy(), se:cdp: ws://localhost:61572/devtoo..., se:cdpVersion: 131.0.6778.109, setWindowRect: true, strictFileInteractability: false, timeouts: {implicit: 0, pageLoad: 300000, script: 30000}, unhandledPromptBehavior: dismiss and notify, webauthn:extension:credBlob: true, webauthn:extension:largeBlob: true, webauthn:extension:minPinLength: true, webauthn:extension:prf: true, webauthn:virtualAuthenticators: true}
Element: [[ChromeDriver: chrome on windows (384dd49509e3b3d7bcc7c455f1c6cce7)] -> css selector: .CodeMirror textarea]
Session ID: 384dd49509e3b3d7bcc7c455f1c6cce7
	at java.base/jdk.internal.reflect.DirectConstructorHandleAccessor.newInstance(DirectConstructorHandleAccessor.java:62)
	at java.base/java.lang.reflect.Constructor.newInstanceWithCaller(Constructor.java:502)
	at java.base/java.lang.reflect.Constructor.newInstance(Constructor.java:486)
	at org.openqa.selenium.remote.ErrorCodec.decode(ErrorCodec.java:167)
	at org.openqa.selenium.remote.codec.w3c.W3CHttpResponseCodec.decode(W3CHttpResponseCodec.java:138)
	at org.openqa.selenium.remote.codec.w3c.W3CHttpResponseCodec.decode(W3CHttpResponseCodec.java:50)
	at org.openqa.selenium.remote.HttpCommandExecutor.execute(HttpCommandExecutor.java:190)
	at org.openqa.selenium.remote.service.DriverCommandExecutor.invokeExecute(DriverCommandExecutor.java:216)
	at org.openqa.selenium.remote.service.DriverCommandExecutor.execute(DriverCommandExecutor.java:174)
	at org.openqa.selenium.remote.RemoteWebDriver.execute(RemoteWebDriver.java:545)
	at org.openqa.selenium.remote.RemoteWebElement.execute(RemoteWebElement.java:223)
	at org.openqa.selenium.remote.RemoteWebElement.sendKeys(RemoteWebElement.java:110)
	at PageObjects.TreePage.writeInTryEditorWindow(TreePage.java:357)
	at StepDefinitions.Tree.the_user_writes_the_valid_python_code_and_clicks_on_run_button(Tree.java:85)
	at ✽.The user writes the valid python code and clicks on Run button(file:///C:/Projects/Repo1/src/test/resources/Features/Tree.feature:69)
&amp#27;[0m
  &amp#27;[36mThen &amp#27;[0m&amp#27;[36mThe user is able to see the output inside the console.&amp#27;[0m         &amp#27;[90m# StepDefinitions.Tree.the_user_is_able_to_see_the_output_inside_the_console()&amp#27;[0m
[ERROR] 2024-12-09 22:01:20.955 [TestNG-PoolService-1] Hooks - ======================  TEST CASE FAILED !! ======================

    Embedding screenshot [image/png 7853 bytes]

[INFO ] 2024-12-09 22:01:21.155 [TestNG-PoolService-1] Hooks - ======================  Screenshot is captured  ======================
[INFO ] 2024-12-09 22:01:21.156 [TestNG-PoolService-1] Hooks - ======================  Test Execution is completed!! ======================
[INFO ] 2024-12-09 22:01:21.325 [TestNG-PoolService-2] Hooks - ======================  New Test Execution is STARTED!! ======================
]]></system-out>
    <system-err><![CDATA[Dec 09, 2024 10:01:21 PM org.openqa.selenium.devtools.CdpVersionFinder findNearestMatch
WARNING: Unable to find an exact match for CDP version 131, returning the closest version; found: 130; Please update to a Selenium version that supports CDP version 131
]]></system-err>
  </testcase>
  <testcase name="runScenario[&quot;Try Here Editor page with valid data&quot;, &quot;Tree&quot;](146)" classname="TestRunners.TestRunner" time="0.577">
    <failure message="element not interactable&#10;  (Session info: MicrosoftEdge=131.0.2903.86)&#10;Build info: version: &apos;4.26.0&apos;, revision: &apos;8ccf0219d7&apos;&#10;System info: os.name: &apos;Windows 11&apos;, os.arch: &apos;amd64&apos;, os.version: &apos;10.0&apos;, java.version: &apos;21.0.5&apos;&#10;Driver info: org.openqa.selenium.edge.EdgeDriver&#10;Command: [e933e263f4b13ad001c5b1841d826efc, sendKeysToElement {value=[Ljava.lang.CharSequence;@3dfd8204, id=f.EF2FCF9A79C8E3C00E05BF8D409DDD2D.d.A7D45C3B5BA84EFB054C542ED9976427.e.38}]&#10;Capabilities {acceptInsecureCerts: false, browserName: MicrosoftEdge, browserVersion: 131.0.2903.86, fedcm:accounts: true, ms:edgeOptions: {debuggerAddress: localhost:64697}, msedge: {msedgedriverVersion: 131.0.2903.86 (cf5bf303997c..., userDataDir: C:\Users\vamsh\AppData\Loca...}, networkConnectionEnabled: false, pageLoadStrategy: normal, platformName: windows, proxy: Proxy(), se:cdp: ws://localhost:64697/devtoo..., se:cdpVersion: 131.0.2903.86, setWindowRect: true, strictFileInteractability: false, timeouts: {implicit: 0, pageLoad: 300000, script: 30000}, unhandledPromptBehavior: dismiss and notify, webauthn:extension:credBlob: true, webauthn:extension:largeBlob: true, webauthn:extension:minPinLength: true, webauthn:extension:prf: true, webauthn:virtualAuthenticators: true}&#10;Element: [[EdgeDriver: MicrosoftEdge on windows (e933e263f4b13ad001c5b1841d826efc)] -&gt; css selector: .CodeMirror textarea]&#10;Session ID: e933e263f4b13ad001c5b1841d826efc" type="org.openqa.selenium.ElementNotInteractableException"><![CDATA[org.openqa.selenium.ElementNotInteractableException: 
element not interactable
  (Session info: MicrosoftEdge=131.0.2903.86)
Build info: version: '4.26.0', revision: '8ccf0219d7'
System info: os.name: 'Windows 11', os.arch: 'amd64', os.version: '10.0', java.version: '21.0.5'
Driver info: org.openqa.selenium.edge.EdgeDriver
Command: [e933e263f4b13ad001c5b1841d826efc, sendKeysToElement {value=[Ljava.lang.CharSequence;@3dfd8204, id=f.EF2FCF9A79C8E3C00E05BF8D409DDD2D.d.A7D45C3B5BA84EFB054C542ED9976427.e.38}]
Capabilities {acceptInsecureCerts: false, browserName: MicrosoftEdge, browserVersion: 131.0.2903.86, fedcm:accounts: true, ms:edgeOptions: {debuggerAddress: localhost:64697}, msedge: {msedgedriverVersion: 131.0.2903.86 (cf5bf303997c..., userDataDir: C:\Users\vamsh\AppData\Loca...}, networkConnectionEnabled: false, pageLoadStrategy: normal, platformName: windows, proxy: Proxy(), se:cdp: ws://localhost:64697/devtoo..., se:cdpVersion: 131.0.2903.86, setWindowRect: true, strictFileInteractability: false, timeouts: {implicit: 0, pageLoad: 300000, script: 30000}, unhandledPromptBehavior: dismiss and notify, webauthn:extension:credBlob: true, webauthn:extension:largeBlob: true, webauthn:extension:minPinLength: true, webauthn:extension:prf: true, webauthn:virtualAuthenticators: true}
Element: [[EdgeDriver: MicrosoftEdge on windows (e933e263f4b13ad001c5b1841d826efc)] -> css selector: .CodeMirror textarea]
Session ID: e933e263f4b13ad001c5b1841d826efc
]]></failure>
    <system-out><![CDATA[
Scenario: Try Here Editor page with alert message                      &amp#27;[90m# src/test/resources/Features/Tree.feature:79&amp#27;[0m
  &amp#27;[32mGiven &amp#27;[0m&amp#27;[32mThe user is on the Terminologies page&amp#27;[0m                           &amp#27;[90m# StepDefinitions.Tree.the_user_is_on_the_terminologies_page()&amp#27;[0m
]]></system-out>
  </testcase>
  <testcase name="runScenario[&quot;Try Here Editor page with invalid data&quot;, &quot;Tree&quot;](147)" classname="TestRunners.TestRunner" time="2.584">
    <failure message="element not interactable&#10;  (Session info: chrome=131.0.6778.109)&#10;Build info: version: &apos;4.26.0&apos;, revision: &apos;8ccf0219d7&apos;&#10;System info: os.name: &apos;Windows 11&apos;, os.arch: &apos;amd64&apos;, os.version: &apos;10.0&apos;, java.version: &apos;21.0.5&apos;&#10;Driver info: org.openqa.selenium.chrome.ChromeDriver&#10;Command: [b9fbe81515df67cc1e355f6e01feb9bb, sendKeysToElement {value=[Ljava.lang.CharSequence;@74371620, id=f.154FDC06C856088CD3ECDBE1577871F4.d.271709FED8791805008B7FAF057CB898.e.51}]&#10;Capabilities {acceptInsecureCerts: false, browserName: chrome, browserVersion: 131.0.6778.109, chrome: {chromedriverVersion: 131.0.6778.87 (ce31cae94873..., userDataDir: C:\Users\vamsh\AppData\Loca...}, fedcm:accounts: true, goog:chromeOptions: {debuggerAddress: localhost:61609}, networkConnectionEnabled: false, pageLoadStrategy: normal, platformName: windows, proxy: Proxy(), se:cdp: ws://localhost:61609/devtoo..., se:cdpVersion: 131.0.6778.109, setWindowRect: true, strictFileInteractability: false, timeouts: {implicit: 0, pageLoad: 300000, script: 30000}, unhandledPromptBehavior: dismiss and notify, webauthn:extension:credBlob: true, webauthn:extension:largeBlob: true, webauthn:extension:minPinLength: true, webauthn:extension:prf: true, webauthn:virtualAuthenticators: true}&#10;Element: [[ChromeDriver: chrome on windows (b9fbe81515df67cc1e355f6e01feb9bb)] -&gt; css selector: .CodeMirror textarea]&#10;Session ID: b9fbe81515df67cc1e355f6e01feb9bb" type="org.openqa.selenium.ElementNotInteractableException"><![CDATA[org.openqa.selenium.ElementNotInteractableException: 
element not interactable
  (Session info: chrome=131.0.6778.109)
Build info: version: '4.26.0', revision: '8ccf0219d7'
System info: os.name: 'Windows 11', os.arch: 'amd64', os.version: '10.0', java.version: '21.0.5'
Driver info: org.openqa.selenium.chrome.ChromeDriver
Command: [b9fbe81515df67cc1e355f6e01feb9bb, sendKeysToElement {value=[Ljava.lang.CharSequence;@74371620, id=f.154FDC06C856088CD3ECDBE1577871F4.d.271709FED8791805008B7FAF057CB898.e.51}]
Capabilities {acceptInsecureCerts: false, browserName: chrome, browserVersion: 131.0.6778.109, chrome: {chromedriverVersion: 131.0.6778.87 (ce31cae94873..., userDataDir: C:\Users\vamsh\AppData\Loca...}, fedcm:accounts: true, goog:chromeOptions: {debuggerAddress: localhost:61609}, networkConnectionEnabled: false, pageLoadStrategy: normal, platformName: windows, proxy: Proxy(), se:cdp: ws://localhost:61609/devtoo..., se:cdpVersion: 131.0.6778.109, setWindowRect: true, strictFileInteractability: false, timeouts: {implicit: 0, pageLoad: 300000, script: 30000}, unhandledPromptBehavior: dismiss and notify, webauthn:extension:credBlob: true, webauthn:extension:largeBlob: true, webauthn:extension:minPinLength: true, webauthn:extension:prf: true, webauthn:virtualAuthenticators: true}
Element: [[ChromeDriver: chrome on windows (b9fbe81515df67cc1e355f6e01feb9bb)] -> css selector: .CodeMirror textarea]
Session ID: b9fbe81515df67cc1e355f6e01feb9bb
]]></failure>
    <system-out><![CDATA[
Scenario: Terminologies                                           &amp#27;[90m# src/test/resources/Features/Tree.feature:87&amp#27;[0m
  &amp#27;[32mGiven &amp#27;[0m&amp#27;[32mThe user is on the DS Introduction page as signedIn&amp#27;[0m             &amp#27;[90m# StepDefinitions.DSIntroductionDetails.the_user_is_on_the_ds_introduction_page_as_signed_in()&amp#27;[0m
  &amp#27;[32mAnd &amp#27;[0m&amp#27;[32mUser clicks on Get Started button from Tree panel&amp#27;[0m                 &amp#27;[90m# StepDefinitions.Tree.user_clicks_on_get_started_button_from_tree_panel()&amp#27;[0m
[INFO ] 2024-12-09 22:01:22.881 [TestNG-PoolService-1] Hooks - ======================  New Test Execution is STARTED!! ======================
  &amp#27;[32mGiven &amp#27;[0m&amp#27;[32mThe user is on the Terminologies page&amp#27;[0m                           &amp#27;[90m# StepDefinitions.Tree.the_user_is_on_the_terminologies_page()&amp#27;[0m
  &amp#27;[32mAnd &amp#27;[0m&amp#27;[32mThe user clicks Try Here button&amp#27;[0m                                   &amp#27;[90m# StepDefinitions.Tree.the_user_clicks_try_here_button()&amp#27;[0m
  &amp#27;[31mWhen &amp#27;[0m&amp#27;[31mThe user writes the invalid python code and clicks on Run button&amp#27;[0m &amp#27;[90m# StepDefinitions.Tree.the_user_writes_the_invalid_python_code_and_clicks_on_run_button()&amp#27;[0m
      &amp#27;[31morg.openqa.selenium.ElementNotInteractableException: element not interactable
  (Session info: chrome=131.0.6778.109)
Build info: version: '4.26.0', revision: '8ccf0219d7'
System info: os.name: 'Windows 11', os.arch: 'amd64', os.version: '10.0', java.version: '21.0.5'
Driver info: org.openqa.selenium.chrome.ChromeDriver
Command: [b9fbe81515df67cc1e355f6e01feb9bb, sendKeysToElement {value=[Ljava.lang.CharSequence;@74371620, id=f.154FDC06C856088CD3ECDBE1577871F4.d.271709FED8791805008B7FAF057CB898.e.51}]
Capabilities {acceptInsecureCerts: false, browserName: chrome, browserVersion: 131.0.6778.109, chrome: {chromedriverVersion: 131.0.6778.87 (ce31cae94873..., userDataDir: C:\Users\vamsh\AppData\Loca...}, fedcm:accounts: true, goog:chromeOptions: {debuggerAddress: localhost:61609}, networkConnectionEnabled: false, pageLoadStrategy: normal, platformName: windows, proxy: Proxy(), se:cdp: ws://localhost:61609/devtoo..., se:cdpVersion: 131.0.6778.109, setWindowRect: true, strictFileInteractability: false, timeouts: {implicit: 0, pageLoad: 300000, script: 30000}, unhandledPromptBehavior: dismiss and notify, webauthn:extension:credBlob: true, webauthn:extension:largeBlob: true, webauthn:extension:minPinLength: true, webauthn:extension:prf: true, webauthn:virtualAuthenticators: true}
Element: [[ChromeDriver: chrome on windows (b9fbe81515df67cc1e355f6e01feb9bb)] -> css selector: .CodeMirror textarea]
Session ID: b9fbe81515df67cc1e355f6e01feb9bb
	at java.base/jdk.internal.reflect.DirectConstructorHandleAccessor.newInstance(DirectConstructorHandleAccessor.java:62)
	at java.base/java.lang.reflect.Constructor.newInstanceWithCaller(Constructor.java:502)
	at java.base/java.lang.reflect.Constructor.newInstance(Constructor.java:486)
	at org.openqa.selenium.remote.ErrorCodec.decode(ErrorCodec.java:167)
	at org.openqa.selenium.remote.codec.w3c.W3CHttpResponseCodec.decode(W3CHttpResponseCodec.java:138)
	at org.openqa.selenium.remote.codec.w3c.W3CHttpResponseCodec.decode(W3CHttpResponseCodec.java:50)
	at org.openqa.selenium.remote.HttpCommandExecutor.execute(HttpCommandExecutor.java:190)
	at org.openqa.selenium.remote.service.DriverCommandExecutor.invokeExecute(DriverCommandExecutor.java:216)
	at org.openqa.selenium.remote.service.DriverCommandExecutor.execute(DriverCommandExecutor.java:174)
	at org.openqa.selenium.remote.RemoteWebDriver.execute(RemoteWebDriver.java:545)
	at org.openqa.selenium.remote.RemoteWebElement.execute(RemoteWebElement.java:223)
	at org.openqa.selenium.remote.RemoteWebElement.sendKeys(RemoteWebElement.java:110)
	at PageObjects.TreePage.writeInTryEditorWindow(TreePage.java:357)
	at StepDefinitions.Tree.the_user_writes_the_invalid_python_code_and_clicks_on_run_button(Tree.java:96)
	at ✽.The user writes the invalid python code and clicks on Run button(file:///C:/Projects/Repo1/src/test/resources/Features/Tree.feature:76)
&amp#27;[0m
  &amp#27;[36mThen &amp#27;[0m&amp#27;[36mThe user see error msg in alert window&amp#27;[0m                           &amp#27;[90m# StepDefinitions.Tree.the_user_see_error_msg_in_alert_window()&amp#27;[0m
[ERROR] 2024-12-09 22:01:23.780 [TestNG-PoolService-3] Hooks - ======================  TEST CASE FAILED !! ======================

    Embedding screenshot [image/png 7853 bytes]

[INFO ] 2024-12-09 22:01:23.933 [TestNG-PoolService-3] Hooks - ======================  Screenshot is captured  ======================
[INFO ] 2024-12-09 22:01:23.933 [TestNG-PoolService-3] Hooks - ======================  Test Execution is completed!! ======================
]]></system-out>
    <system-err><![CDATA[Dec 09, 2024 10:01:22 PM org.openqa.selenium.devtools.CdpVersionFinder findNearestMatch
WARNING: Unable to find an exact match for CDP version 131, returning the closest version; found: 130; Please update to a Selenium version that supports CDP version 131
]]></system-err>
  </testcase>
  <testcase name="runScenario[&quot;Try Here Editor page with invalid data&quot;, &quot;Tree&quot;](147)" classname="TestRunners.TestRunner" time="1.731">
    <failure message="element not interactable&#10;  (Session info: MicrosoftEdge=131.0.2903.86)&#10;Build info: version: &apos;4.26.0&apos;, revision: &apos;8ccf0219d7&apos;&#10;System info: os.name: &apos;Windows 11&apos;, os.arch: &apos;amd64&apos;, os.version: &apos;10.0&apos;, java.version: &apos;21.0.5&apos;&#10;Driver info: org.openqa.selenium.edge.EdgeDriver&#10;Command: [6dbe963e774b76689c42e1d8524bad0d, sendKeysToElement {value=[Ljava.lang.CharSequence;@6599c3a, id=f.5B58610ADAE04CA94125DE17FE59E02B.d.0ECC9FA82ED32720EDB16522A82693BB.e.38}]&#10;Capabilities {acceptInsecureCerts: false, browserName: MicrosoftEdge, browserVersion: 131.0.2903.86, fedcm:accounts: true, ms:edgeOptions: {debuggerAddress: localhost:64753}, msedge: {msedgedriverVersion: 131.0.2903.86 (cf5bf303997c..., userDataDir: C:\Users\vamsh\AppData\Loca...}, networkConnectionEnabled: false, pageLoadStrategy: normal, platformName: windows, proxy: Proxy(), se:cdp: ws://localhost:64753/devtoo..., se:cdpVersion: 131.0.2903.86, setWindowRect: true, strictFileInteractability: false, timeouts: {implicit: 0, pageLoad: 300000, script: 30000}, unhandledPromptBehavior: dismiss and notify, webauthn:extension:credBlob: true, webauthn:extension:largeBlob: true, webauthn:extension:minPinLength: true, webauthn:extension:prf: true, webauthn:virtualAuthenticators: true}&#10;Element: [[EdgeDriver: MicrosoftEdge on windows (6dbe963e774b76689c42e1d8524bad0d)] -&gt; css selector: .CodeMirror textarea]&#10;Session ID: 6dbe963e774b76689c42e1d8524bad0d" type="org.openqa.selenium.ElementNotInteractableException"><![CDATA[org.openqa.selenium.ElementNotInteractableException: 
element not interactable
  (Session info: MicrosoftEdge=131.0.2903.86)
Build info: version: '4.26.0', revision: '8ccf0219d7'
System info: os.name: 'Windows 11', os.arch: 'amd64', os.version: '10.0', java.version: '21.0.5'
Driver info: org.openqa.selenium.edge.EdgeDriver
Command: [6dbe963e774b76689c42e1d8524bad0d, sendKeysToElement {value=[Ljava.lang.CharSequence;@6599c3a, id=f.5B58610ADAE04CA94125DE17FE59E02B.d.0ECC9FA82ED32720EDB16522A82693BB.e.38}]
Capabilities {acceptInsecureCerts: false, browserName: MicrosoftEdge, browserVersion: 131.0.2903.86, fedcm:accounts: true, ms:edgeOptions: {debuggerAddress: localhost:64753}, msedge: {msedgedriverVersion: 131.0.2903.86 (cf5bf303997c..., userDataDir: C:\Users\vamsh\AppData\Loca...}, networkConnectionEnabled: false, pageLoadStrategy: normal, platformName: windows, proxy: Proxy(), se:cdp: ws://localhost:64753/devtoo..., se:cdpVersion: 131.0.2903.86, setWindowRect: true, strictFileInteractability: false, timeouts: {implicit: 0, pageLoad: 300000, script: 30000}, unhandledPromptBehavior: dismiss and notify, webauthn:extension:credBlob: true, webauthn:extension:largeBlob: true, webauthn:extension:minPinLength: true, webauthn:extension:prf: true, webauthn:virtualAuthenticators: true}
Element: [[EdgeDriver: MicrosoftEdge on windows (6dbe963e774b76689c42e1d8524bad0d)] -> css selector: .CodeMirror textarea]
Session ID: 6dbe963e774b76689c42e1d8524bad0d
]]></failure>
    <system-out><![CDATA[
Scenario: Terminologies                                           &amp#27;[90m# src/test/resources/Features/Tree.feature:87&amp#27;[0m
  &amp#27;[32mAnd &amp#27;[0m&amp#27;[32mThe user clicks Try Here button&amp#27;[0m                                   &amp#27;[90m# StepDefinitions.Tree.the_user_clicks_try_here_button()&amp#27;[0m
  &amp#27;[31mWhen &amp#27;[0m&amp#27;[31mThe user writes the invalid python code and clicks on Run button&amp#27;[0m &amp#27;[90m# StepDefinitions.Tree.the_user_writes_the_invalid_python_code_and_clicks_on_run_button()&amp#27;[0m
      &amp#27;[31morg.openqa.selenium.ElementNotInteractableException: element not interactable
  (Session info: MicrosoftEdge=131.0.2903.86)
Build info: version: '4.26.0', revision: '8ccf0219d7'
System info: os.name: 'Windows 11', os.arch: 'amd64', os.version: '10.0', java.version: '21.0.5'
Driver info: org.openqa.selenium.edge.EdgeDriver
Command: [6dbe963e774b76689c42e1d8524bad0d, sendKeysToElement {value=[Ljava.lang.CharSequence;@6599c3a, id=f.5B58610ADAE04CA94125DE17FE59E02B.d.0ECC9FA82ED32720EDB16522A82693BB.e.38}]
Capabilities {acceptInsecureCerts: false, browserName: MicrosoftEdge, browserVersion: 131.0.2903.86, fedcm:accounts: true, ms:edgeOptions: {debuggerAddress: localhost:64753}, msedge: {msedgedriverVersion: 131.0.2903.86 (cf5bf303997c..., userDataDir: C:\Users\vamsh\AppData\Loca...}, networkConnectionEnabled: false, pageLoadStrategy: normal, platformName: windows, proxy: Proxy(), se:cdp: ws://localhost:64753/devtoo..., se:cdpVersion: 131.0.2903.86, setWindowRect: true, strictFileInteractability: false, timeouts: {implicit: 0, pageLoad: 300000, script: 30000}, unhandledPromptBehavior: dismiss and notify, webauthn:extension:credBlob: true, webauthn:extension:largeBlob: true, webauthn:extension:minPinLength: true, webauthn:extension:prf: true, webauthn:virtualAuthenticators: true}
Element: [[EdgeDriver: MicrosoftEdge on windows (6dbe963e774b76689c42e1d8524bad0d)] -> css selector: .CodeMirror textarea]
Session ID: 6dbe963e774b76689c42e1d8524bad0d
	at java.base/jdk.internal.reflect.DirectConstructorHandleAccessor.newInstance(DirectConstructorHandleAccessor.java:62)
	at java.base/java.lang.reflect.Constructor.newInstanceWithCaller(Constructor.java:502)
	at java.base/java.lang.reflect.Constructor.newInstance(Constructor.java:486)
	at org.openqa.selenium.remote.ErrorCodec.decode(ErrorCodec.java:167)
	at org.openqa.selenium.remote.codec.w3c.W3CHttpResponseCodec.decode(W3CHttpResponseCodec.java:138)
	at org.openqa.selenium.remote.codec.w3c.W3CHttpResponseCodec.decode(W3CHttpResponseCodec.java:50)
	at org.openqa.selenium.remote.HttpCommandExecutor.execute(HttpCommandExecutor.java:190)
	at org.openqa.selenium.remote.service.DriverCommandExecutor.invokeExecute(DriverCommandExecutor.java:216)
	at org.openqa.selenium.remote.service.DriverCommandExecutor.execute(DriverCommandExecutor.java:174)
	at org.openqa.selenium.remote.RemoteWebDriver.execute(RemoteWebDriver.java:545)
	at org.openqa.selenium.remote.RemoteWebElement.execute(RemoteWebElement.java:223)
	at org.openqa.selenium.remote.RemoteWebElement.sendKeys(RemoteWebElement.java:110)
	at PageObjects.TreePage.writeInTryEditorWindow(TreePage.java:357)
	at StepDefinitions.Tree.the_user_writes_the_invalid_python_code_and_clicks_on_run_button(Tree.java:96)
	at ✽.The user writes the invalid python code and clicks on Run button(file:///C:/Projects/Repo1/src/test/resources/Features/Tree.feature:76)
&amp#27;[0m
  &amp#27;[36mThen &amp#27;[0m&amp#27;[36mThe user see error msg in alert window&amp#27;[0m                           &amp#27;[90m# StepDefinitions.Tree.the_user_see_error_msg_in_alert_window()&amp#27;[0m
[ERROR] 2024-12-09 22:26:19.557 [TestNG-PoolService-3] Hooks - ======================  TEST CASE FAILED !! ======================

    Embedding screenshot [image/png 7890 bytes]

[INFO ] 2024-12-09 22:26:19.690 [TestNG-PoolService-3] Hooks - ======================  Screenshot is captured  ======================
[INFO ] 2024-12-09 22:26:19.690 [TestNG-PoolService-3] Hooks - ======================  Test Execution is completed!! ======================
]]></system-out>
  </testcase>
  <testcase name="runScenario[&quot;Try Here Editor page with alert message&quot;, &quot;Tree&quot;](148)" classname="TestRunners.TestRunner" time="2.492">
    <failure message="element not interactable&#10;  (Session info: chrome=131.0.6778.109)&#10;Build info: version: &apos;4.26.0&apos;, revision: &apos;8ccf0219d7&apos;&#10;System info: os.name: &apos;Windows 11&apos;, os.arch: &apos;amd64&apos;, os.version: &apos;10.0&apos;, java.version: &apos;21.0.5&apos;&#10;Driver info: org.openqa.selenium.chrome.ChromeDriver&#10;Command: [9ce8276377ffc9311ac7a3060358034e, sendKeysToElement {value=[Ljava.lang.CharSequence;@1e49fc2, id=f.35324C45ECF356FE57B291BDFE6BCBFF.d.F393A7D1B2A7ACE517CABDE08940D2B1.e.51}]&#10;Capabilities {acceptInsecureCerts: false, browserName: chrome, browserVersion: 131.0.6778.109, chrome: {chromedriverVersion: 131.0.6778.87 (ce31cae94873..., userDataDir: C:\Users\vamsh\AppData\Loca...}, fedcm:accounts: true, goog:chromeOptions: {debuggerAddress: localhost:61641}, networkConnectionEnabled: false, pageLoadStrategy: normal, platformName: windows, proxy: Proxy(), se:cdp: ws://localhost:61641/devtoo..., se:cdpVersion: 131.0.6778.109, setWindowRect: true, strictFileInteractability: false, timeouts: {implicit: 0, pageLoad: 300000, script: 30000}, unhandledPromptBehavior: dismiss and notify, webauthn:extension:credBlob: true, webauthn:extension:largeBlob: true, webauthn:extension:minPinLength: true, webauthn:extension:prf: true, webauthn:virtualAuthenticators: true}&#10;Element: [[ChromeDriver: chrome on windows (9ce8276377ffc9311ac7a3060358034e)] -&gt; css selector: .CodeMirror textarea]&#10;Session ID: 9ce8276377ffc9311ac7a3060358034e" type="org.openqa.selenium.ElementNotInteractableException"><![CDATA[org.openqa.selenium.ElementNotInteractableException: 
element not interactable
  (Session info: chrome=131.0.6778.109)
Build info: version: '4.26.0', revision: '8ccf0219d7'
System info: os.name: 'Windows 11', os.arch: 'amd64', os.version: '10.0', java.version: '21.0.5'
Driver info: org.openqa.selenium.chrome.ChromeDriver
Command: [9ce8276377ffc9311ac7a3060358034e, sendKeysToElement {value=[Ljava.lang.CharSequence;@1e49fc2, id=f.35324C45ECF356FE57B291BDFE6BCBFF.d.F393A7D1B2A7ACE517CABDE08940D2B1.e.51}]
Capabilities {acceptInsecureCerts: false, browserName: chrome, browserVersion: 131.0.6778.109, chrome: {chromedriverVersion: 131.0.6778.87 (ce31cae94873..., userDataDir: C:\Users\vamsh\AppData\Loca...}, fedcm:accounts: true, goog:chromeOptions: {debuggerAddress: localhost:61641}, networkConnectionEnabled: false, pageLoadStrategy: normal, platformName: windows, proxy: Proxy(), se:cdp: ws://localhost:61641/devtoo..., se:cdpVersion: 131.0.6778.109, setWindowRect: true, strictFileInteractability: false, timeouts: {implicit: 0, pageLoad: 300000, script: 30000}, unhandledPromptBehavior: dismiss and notify, webauthn:extension:credBlob: true, webauthn:extension:largeBlob: true, webauthn:extension:minPinLength: true, webauthn:extension:prf: true, webauthn:virtualAuthenticators: true}
Element: [[ChromeDriver: chrome on windows (9ce8276377ffc9311ac7a3060358034e)] -> css selector: .CodeMirror textarea]
Session ID: 9ce8276377ffc9311ac7a3060358034e
]]></failure>
    <system-out><![CDATA[
Scenario: Types of Trees                                             &amp#27;[90m# src/test/resources/Features/Tree.feature:94&amp#27;[0m
  &amp#27;[32mGiven &amp#27;[0m&amp#27;[32mThe user is on the DS Introduction page as signedIn&amp#27;[0m            &amp#27;[90m# StepDefinitions.DSIntroductionDetails.the_user_is_on_the_ds_introduction_page_as_signed_in()&amp#27;[0m
  &amp#27;[32mAnd &amp#27;[0m&amp#27;[32mUser clicks on Get Started button from Tree panel&amp#27;[0m                &amp#27;[90m# StepDefinitions.Tree.user_clicks_on_get_started_button_from_tree_panel()&amp#27;[0m
  &amp#27;[32mGiven &amp#27;[0m&amp#27;[32mThe user is on the Terminologies page&amp#27;[0m                          &amp#27;[90m# StepDefinitions.Tree.the_user_is_on_the_terminologies_page()&amp#27;[0m
  &amp#27;[32mGiven &amp#27;[0m&amp#27;[32mThe user is on the DS Introduction page as signedIn&amp#27;[0m       &amp#27;[90m# StepDefinitions.DSIntroductionDetails.the_user_is_on_the_ds_introduction_page_as_signed_in()&amp#27;[0m
[INFO ] 2024-12-09 22:01:25.543 [TestNG-PoolService-3] Hooks - ======================  New Test Execution is STARTED!! ======================
  &amp#27;[32mAnd &amp#27;[0m&amp#27;[32mUser clicks on Get Started button from Tree panel&amp#27;[0m           &amp#27;[90m# StepDefinitions.Tree.user_clicks_on_get_started_button_from_tree_panel()&amp#27;[0m
  &amp#27;[32mAnd &amp#27;[0m&amp#27;[32mThe user clicks Try Here button&amp#27;[0m                                  &amp#27;[90m# StepDefinitions.Tree.the_user_clicks_try_here_button()&amp#27;[0m
  &amp#27;[32mGiven &amp#27;[0m&amp#27;[32mThe user is on the Terminologies page&amp#27;[0m                     &amp#27;[90m# StepDefinitions.Tree.the_user_is_on_the_terminologies_page()&amp#27;[0m
  &amp#27;[31mAnd &amp#27;[0m&amp#27;[31mThe user writes the invalid python code and clicks on Run button&amp#27;[0m &amp#27;[90m# StepDefinitions.Tree.the_user_writes_the_invalid_python_code_and_clicks_on_run_button()&amp#27;[0m
      &amp#27;[31morg.openqa.selenium.ElementNotInteractableException: element not interactable
  (Session info: chrome=131.0.6778.109)
Build info: version: '4.26.0', revision: '8ccf0219d7'
System info: os.name: 'Windows 11', os.arch: 'amd64', os.version: '10.0', java.version: '21.0.5'
Driver info: org.openqa.selenium.chrome.ChromeDriver
Command: [9ce8276377ffc9311ac7a3060358034e, sendKeysToElement {value=[Ljava.lang.CharSequence;@1e49fc2, id=f.35324C45ECF356FE57B291BDFE6BCBFF.d.F393A7D1B2A7ACE517CABDE08940D2B1.e.51}]
Capabilities {acceptInsecureCerts: false, browserName: chrome, browserVersion: 131.0.6778.109, chrome: {chromedriverVersion: 131.0.6778.87 (ce31cae94873..., userDataDir: C:\Users\vamsh\AppData\Loca...}, fedcm:accounts: true, goog:chromeOptions: {debuggerAddress: localhost:61641}, networkConnectionEnabled: false, pageLoadStrategy: normal, platformName: windows, proxy: Proxy(), se:cdp: ws://localhost:61641/devtoo..., se:cdpVersion: 131.0.6778.109, setWindowRect: true, strictFileInteractability: false, timeouts: {implicit: 0, pageLoad: 300000, script: 30000}, unhandledPromptBehavior: dismiss and notify, webauthn:extension:credBlob: true, webauthn:extension:largeBlob: true, webauthn:extension:minPinLength: true, webauthn:extension:prf: true, webauthn:virtualAuthenticators: true}
Element: [[ChromeDriver: chrome on windows (9ce8276377ffc9311ac7a3060358034e)] -> css selector: .CodeMirror textarea]
Session ID: 9ce8276377ffc9311ac7a3060358034e
	at java.base/jdk.internal.reflect.DirectConstructorHandleAccessor.newInstance(DirectConstructorHandleAccessor.java:62)
	at java.base/java.lang.reflect.Constructor.newInstanceWithCaller(Constructor.java:502)
	at java.base/java.lang.reflect.Constructor.newInstance(Constructor.java:486)
	at org.openqa.selenium.remote.ErrorCodec.decode(ErrorCodec.java:167)
	at org.openqa.selenium.remote.codec.w3c.W3CHttpResponseCodec.decode(W3CHttpResponseCodec.java:138)
	at org.openqa.selenium.remote.codec.w3c.W3CHttpResponseCodec.decode(W3CHttpResponseCodec.java:50)
	at org.openqa.selenium.remote.HttpCommandExecutor.execute(HttpCommandExecutor.java:190)
	at org.openqa.selenium.remote.service.DriverCommandExecutor.invokeExecute(DriverCommandExecutor.java:216)
	at org.openqa.selenium.remote.service.DriverCommandExecutor.execute(DriverCommandExecutor.java:174)
	at org.openqa.selenium.remote.RemoteWebDriver.execute(RemoteWebDriver.java:545)
	at org.openqa.selenium.remote.RemoteWebElement.execute(RemoteWebElement.java:223)
	at org.openqa.selenium.remote.RemoteWebElement.sendKeys(RemoteWebElement.java:110)
	at PageObjects.TreePage.writeInTryEditorWindow(TreePage.java:357)
	at StepDefinitions.Tree.the_user_writes_the_invalid_python_code_and_clicks_on_run_button(Tree.java:96)
	at ✽.The user writes the invalid python code and clicks on Run button(file:///C:/Projects/Repo1/src/test/resources/Features/Tree.feature:83)
&amp#27;[0m
  &amp#27;[36mWhen &amp#27;[0m&amp#27;[36mThe user clicks the ok button in the alert window&amp#27;[0m               &amp#27;[90m# StepDefinitions.Tree.the_user_clicks_the_ok_button_in_the_alert_window()&amp#27;[0m
  &amp#27;[36mThen &amp#27;[0m&amp#27;[36mAlert message window is dismissed and user stays on Editor page&amp#27;[0m &amp#27;[90m# StepDefinitions.Tree.Alert_message_window_is_dismissed_and_user_stays_on_Editor_page()&amp#27;[0m
[ERROR] 2024-12-09 22:01:26.089 [TestNG-PoolService-2] Hooks - ======================  TEST CASE FAILED !! ======================

    Embedding screenshot [image/png 7853 bytes]

[INFO ] 2024-12-09 22:01:26.275 [TestNG-PoolService-2] Hooks - ======================  Screenshot is captured  ======================
[INFO ] 2024-12-09 22:01:26.277 [TestNG-PoolService-2] Hooks - ======================  Test Execution is completed!! ======================
  &amp#27;[32mWhen &amp#27;[0m&amp#27;[32mThe user clicks Types of Trees link from TerminologiesPage&amp#27;[0m &amp#27;[90m# StepDefinitions.Tree.the_user_clicks_types_of_trees_link_from_TerminologiesPage()&amp#27;[0m
  &amp#27;[32mThen &amp#27;[0m&amp#27;[32mThe user is redirected to Types of Trees page.&amp#27;[0m             &amp#27;[90m# StepDefinitions.Tree.the_user_is_redirected_to_types_of_trees_page()&amp#27;[0m
[INFO ] 2024-12-09 22:01:26.493 [TestNG-PoolService-1] Hooks - ======================  Test Execution is completed!! ======================
]]></system-out>
    <system-err><![CDATA[Dec 09, 2024 10:01:25 PM org.openqa.selenium.devtools.CdpVersionFinder findNearestMatch
WARNING: Unable to find an exact match for CDP version 131, returning the closest version; found: 130; Please update to a Selenium version that supports CDP version 131
]]></system-err>
  </testcase>
  <testcase name="runScenario[&quot;Try Here Editor page with alert message&quot;, &quot;Tree&quot;](148)" classname="TestRunners.TestRunner" time="7.106">
    <failure message="element not interactable&#10;  (Session info: MicrosoftEdge=131.0.2903.86)&#10;Build info: version: &apos;4.26.0&apos;, revision: &apos;8ccf0219d7&apos;&#10;System info: os.name: &apos;Windows 11&apos;, os.arch: &apos;amd64&apos;, os.version: &apos;10.0&apos;, java.version: &apos;21.0.5&apos;&#10;Driver info: org.openqa.selenium.edge.EdgeDriver&#10;Command: [b5316f78d31b6b7a1f6506d111d66137, sendKeysToElement {value=[Ljava.lang.CharSequence;@5c912b6e, id=f.724516CEBEF7468339DCB84A04A0ADFC.d.6EE64DE22B1D1CABBD5CE3433C24390C.e.38}]&#10;Capabilities {acceptInsecureCerts: false, browserName: MicrosoftEdge, browserVersion: 131.0.2903.86, fedcm:accounts: true, ms:edgeOptions: {debuggerAddress: localhost:64822}, msedge: {msedgedriverVersion: 131.0.2903.86 (cf5bf303997c..., userDataDir: C:\Users\vamsh\AppData\Loca...}, networkConnectionEnabled: false, pageLoadStrategy: normal, platformName: windows, proxy: Proxy(), se:cdp: ws://localhost:64822/devtoo..., se:cdpVersion: 131.0.2903.86, setWindowRect: true, strictFileInteractability: false, timeouts: {implicit: 0, pageLoad: 300000, script: 30000}, unhandledPromptBehavior: dismiss and notify, webauthn:extension:credBlob: true, webauthn:extension:largeBlob: true, webauthn:extension:minPinLength: true, webauthn:extension:prf: true, webauthn:virtualAuthenticators: true}&#10;Element: [[EdgeDriver: MicrosoftEdge on windows (b5316f78d31b6b7a1f6506d111d66137)] -&gt; css selector: .CodeMirror textarea]&#10;Session ID: b5316f78d31b6b7a1f6506d111d66137" type="org.openqa.selenium.ElementNotInteractableException"><![CDATA[org.openqa.selenium.ElementNotInteractableException: 
element not interactable
  (Session info: MicrosoftEdge=131.0.2903.86)
Build info: version: '4.26.0', revision: '8ccf0219d7'
System info: os.name: 'Windows 11', os.arch: 'amd64', os.version: '10.0', java.version: '21.0.5'
Driver info: org.openqa.selenium.edge.EdgeDriver
Command: [b5316f78d31b6b7a1f6506d111d66137, sendKeysToElement {value=[Ljava.lang.CharSequence;@5c912b6e, id=f.724516CEBEF7468339DCB84A04A0ADFC.d.6EE64DE22B1D1CABBD5CE3433C24390C.e.38}]
Capabilities {acceptInsecureCerts: false, browserName: MicrosoftEdge, browserVersion: 131.0.2903.86, fedcm:accounts: true, ms:edgeOptions: {debuggerAddress: localhost:64822}, msedge: {msedgedriverVersion: 131.0.2903.86 (cf5bf303997c..., userDataDir: C:\Users\vamsh\AppData\Loca...}, networkConnectionEnabled: false, pageLoadStrategy: normal, platformName: windows, proxy: Proxy(), se:cdp: ws://localhost:64822/devtoo..., se:cdpVersion: 131.0.2903.86, setWindowRect: true, strictFileInteractability: false, timeouts: {implicit: 0, pageLoad: 300000, script: 30000}, unhandledPromptBehavior: dismiss and notify, webauthn:extension:credBlob: true, webauthn:extension:largeBlob: true, webauthn:extension:minPinLength: true, webauthn:extension:prf: true, webauthn:virtualAuthenticators: true}
Element: [[EdgeDriver: MicrosoftEdge on windows (b5316f78d31b6b7a1f6506d111d66137)] -> css selector: .CodeMirror textarea]
Session ID: b5316f78d31b6b7a1f6506d111d66137
]]></failure>
    <system-out><![CDATA[
Scenario: Types of Trees                                             &amp#27;[90m# src/test/resources/Features/Tree.feature:94&amp#27;[0m
[INFO ] 2024-12-09 22:26:21.540 [TestNG-PoolService-1] Hooks - ======================  New Test Execution is STARTED!! ======================
[INFO ] 2024-12-09 22:26:21.956 [TestNG-PoolService-2] Hooks - ======================  New Test Execution is STARTED!! ======================
  &amp#27;[32mGiven &amp#27;[0m&amp#27;[32mThe user is on the DS Introduction page as signedIn&amp#27;[0m       &amp#27;[90m# StepDefinitions.DSIntroductionDetails.the_user_is_on_the_ds_introduction_page_as_signed_in()&amp#27;[0m
  &amp#27;[32mGiven &amp#27;[0m&amp#27;[32mThe user is on the DS Introduction page as signedIn&amp#27;[0m            &amp#27;[90m# StepDefinitions.DSIntroductionDetails.the_user_is_on_the_ds_introduction_page_as_signed_in()&amp#27;[0m
[INFO ] 2024-12-09 22:26:24.969 [TestNG-PoolService-3] Hooks - ======================  New Test Execution is STARTED!! ======================
  &amp#27;[32mAnd &amp#27;[0m&amp#27;[32mUser clicks on Get Started button from Tree panel&amp#27;[0m                &amp#27;[90m# StepDefinitions.Tree.user_clicks_on_get_started_button_from_tree_panel()&amp#27;[0m
  &amp#27;[32mAnd &amp#27;[0m&amp#27;[32mUser clicks on Get Started button from Tree panel&amp#27;[0m           &amp#27;[90m# StepDefinitions.Tree.user_clicks_on_get_started_button_from_tree_panel()&amp#27;[0m
  &amp#27;[32mGiven &amp#27;[0m&amp#27;[32mThe user is on the Terminologies page&amp#27;[0m                          &amp#27;[90m# StepDefinitions.Tree.the_user_is_on_the_terminologies_page()&amp#27;[0m
  &amp#27;[32mGiven &amp#27;[0m&amp#27;[32mThe user is on the Terminologies page&amp#27;[0m                     &amp#27;[90m# StepDefinitions.Tree.the_user_is_on_the_terminologies_page()&amp#27;[0m
  &amp#27;[32mAnd &amp#27;[0m&amp#27;[32mThe user clicks Try Here button&amp#27;[0m                                  &amp#27;[90m# StepDefinitions.Tree.the_user_clicks_try_here_button()&amp#27;[0m
  &amp#27;[31mAnd &amp#27;[0m&amp#27;[31mThe user writes the invalid python code and clicks on Run button&amp#27;[0m &amp#27;[90m# StepDefinitions.Tree.the_user_writes_the_invalid_python_code_and_clicks_on_run_button()&amp#27;[0m
      &amp#27;[31morg.openqa.selenium.ElementNotInteractableException: element not interactable
  (Session info: MicrosoftEdge=131.0.2903.86)
Build info: version: '4.26.0', revision: '8ccf0219d7'
System info: os.name: 'Windows 11', os.arch: 'amd64', os.version: '10.0', java.version: '21.0.5'
Driver info: org.openqa.selenium.edge.EdgeDriver
Command: [b5316f78d31b6b7a1f6506d111d66137, sendKeysToElement {value=[Ljava.lang.CharSequence;@5c912b6e, id=f.724516CEBEF7468339DCB84A04A0ADFC.d.6EE64DE22B1D1CABBD5CE3433C24390C.e.38}]
Capabilities {acceptInsecureCerts: false, browserName: MicrosoftEdge, browserVersion: 131.0.2903.86, fedcm:accounts: true, ms:edgeOptions: {debuggerAddress: localhost:64822}, msedge: {msedgedriverVersion: 131.0.2903.86 (cf5bf303997c..., userDataDir: C:\Users\vamsh\AppData\Loca...}, networkConnectionEnabled: false, pageLoadStrategy: normal, platformName: windows, proxy: Proxy(), se:cdp: ws://localhost:64822/devtoo..., se:cdpVersion: 131.0.2903.86, setWindowRect: true, strictFileInteractability: false, timeouts: {implicit: 0, pageLoad: 300000, script: 30000}, unhandledPromptBehavior: dismiss and notify, webauthn:extension:credBlob: true, webauthn:extension:largeBlob: true, webauthn:extension:minPinLength: true, webauthn:extension:prf: true, webauthn:virtualAuthenticators: true}
Element: [[EdgeDriver: MicrosoftEdge on windows (b5316f78d31b6b7a1f6506d111d66137)] -> css selector: .CodeMirror textarea]
Session ID: b5316f78d31b6b7a1f6506d111d66137
	at java.base/jdk.internal.reflect.DirectConstructorHandleAccessor.newInstance(DirectConstructorHandleAccessor.java:62)
	at java.base/java.lang.reflect.Constructor.newInstanceWithCaller(Constructor.java:502)
	at java.base/java.lang.reflect.Constructor.newInstance(Constructor.java:486)
	at org.openqa.selenium.remote.ErrorCodec.decode(ErrorCodec.java:167)
	at org.openqa.selenium.remote.codec.w3c.W3CHttpResponseCodec.decode(W3CHttpResponseCodec.java:138)
	at org.openqa.selenium.remote.codec.w3c.W3CHttpResponseCodec.decode(W3CHttpResponseCodec.java:50)
	at org.openqa.selenium.remote.HttpCommandExecutor.execute(HttpCommandExecutor.java:190)
	at org.openqa.selenium.remote.service.DriverCommandExecutor.invokeExecute(DriverCommandExecutor.java:216)
	at org.openqa.selenium.remote.service.DriverCommandExecutor.execute(DriverCommandExecutor.java:174)
	at org.openqa.selenium.remote.RemoteWebDriver.execute(RemoteWebDriver.java:545)
	at org.openqa.selenium.remote.RemoteWebElement.execute(RemoteWebElement.java:223)
	at org.openqa.selenium.remote.RemoteWebElement.sendKeys(RemoteWebElement.java:110)
	at PageObjects.TreePage.writeInTryEditorWindow(TreePage.java:357)
	at StepDefinitions.Tree.the_user_writes_the_invalid_python_code_and_clicks_on_run_button(Tree.java:96)
	at ✽.The user writes the invalid python code and clicks on Run button(file:///C:/Projects/Repo1/src/test/resources/Features/Tree.feature:83)
&amp#27;[0m
  &amp#27;[36mWhen &amp#27;[0m&amp#27;[36mThe user clicks the ok button in the alert window&amp#27;[0m               &amp#27;[90m# StepDefinitions.Tree.the_user_clicks_the_ok_button_in_the_alert_window()&amp#27;[0m
  &amp#27;[36mThen &amp#27;[0m&amp#27;[36mAlert message window is dismissed and user stays on Editor page&amp#27;[0m &amp#27;[90m# StepDefinitions.Tree.Alert_message_window_is_dismissed_and_user_stays_on_Editor_page()&amp#27;[0m
[ERROR] 2024-12-09 22:26:26.532 [TestNG-PoolService-1] Hooks - ======================  TEST CASE FAILED !! ======================

    Embedding screenshot [image/png 7890 bytes]

[INFO ] 2024-12-09 22:26:26.678 [TestNG-PoolService-1] Hooks - ======================  Screenshot is captured  ======================
[INFO ] 2024-12-09 22:26:26.678 [TestNG-PoolService-1] Hooks - ======================  Test Execution is completed!! ======================
  &amp#27;[32mWhen &amp#27;[0m&amp#27;[32mThe user clicks Types of Trees link from TerminologiesPage&amp#27;[0m &amp#27;[90m# StepDefinitions.Tree.the_user_clicks_types_of_trees_link_from_TerminologiesPage()&amp#27;[0m
  &amp#27;[32mThen &amp#27;[0m&amp#27;[32mThe user is redirected to Types of Trees page.&amp#27;[0m             &amp#27;[90m# StepDefinitions.Tree.the_user_is_redirected_to_types_of_trees_page()&amp#27;[0m
[INFO ] 2024-12-09 22:26:27.352 [TestNG-PoolService-2] Hooks - ======================  Test Execution is completed!! ======================
]]></system-out>
    <system-err><![CDATA[Dec 09, 2024 10:26:21 PM org.openqa.selenium.devtools.CdpVersionFinder findNearestMatch
WARNING: Unable to find an exact match for CDP version 131, returning the closest version; found: 130; Please update to a Selenium version that supports CDP version 131
Dec 09, 2024 10:26:21 PM org.openqa.selenium.devtools.CdpVersionFinder findNearestMatch
WARNING: Unable to find an exact match for CDP version 131, returning the closest version; found: 130; Please update to a Selenium version that supports CDP version 131
Dec 09, 2024 10:26:24 PM org.openqa.selenium.devtools.CdpVersionFinder findNearestMatch
WARNING: Unable to find an exact match for CDP version 131, returning the closest version; found: 130; Please update to a Selenium version that supports CDP version 131
]]></system-err>
  </testcase>
  <testcase name="runScenario[&quot;Terminologies&quot;, &quot;Tree&quot;](149)" classname="TestRunners.TestRunner" time="0.084">
    <system-out><![CDATA[
Scenario: Try Here Editor page with empty code                               &amp#27;[90m# src/test/resources/Features/Tree.feature:101&amp#27;[0m
]]></system-out>
  </testcase>
  <testcase name="runScenario[&quot;Terminologies&quot;, &quot;Tree&quot;](149)" classname="TestRunners.TestRunner" time="0.647">
    <system-out><![CDATA[
Scenario: Try Here Editor page with empty code                               &amp#27;[90m# src/test/resources/Features/Tree.feature:101&amp#27;[0m
  &amp#27;[32mGiven &amp#27;[0m&amp#27;[32mThe user is on the DS Introduction page as signedIn&amp#27;[0m          &amp#27;[90m# StepDefinitions.DSIntroductionDetails.the_user_is_on_the_ds_introduction_page_as_signed_in()&amp#27;[0m
  &amp#27;[32mAnd &amp#27;[0m&amp#27;[32mUser clicks on Get Started button from Tree panel&amp#27;[0m              &amp#27;[90m# StepDefinitions.Tree.user_clicks_on_get_started_button_from_tree_panel()&amp#27;[0m
]]></system-out>
  </testcase>
  <testcase name="runScenario[&quot;Types of Trees&quot;, &quot;Tree&quot;](150)" classname="TestRunners.TestRunner" time="3.447">
    <system-out><![CDATA[
Scenario: Try Here Editor page with valid data                        &amp#27;[90m# src/test/resources/Features/Tree.feature:108&amp#27;[0m
[INFO ] 2024-12-09 22:01:28.215 [TestNG-PoolService-2] Hooks - ======================  New Test Execution is STARTED!! ======================
[INFO ] 2024-12-09 22:01:28.391 [TestNG-PoolService-1] Hooks - ======================  New Test Execution is STARTED!! ======================
  &amp#27;[32mGiven &amp#27;[0m&amp#27;[32mThe user is on the DS Introduction page as signedIn&amp#27;[0m          &amp#27;[90m# StepDefinitions.DSIntroductionDetails.the_user_is_on_the_ds_introduction_page_as_signed_in()&amp#27;[0m
  &amp#27;[32mAnd &amp#27;[0m&amp#27;[32mUser clicks on Get Started button from Tree panel&amp#27;[0m              &amp#27;[90m# StepDefinitions.Tree.user_clicks_on_get_started_button_from_tree_panel()&amp#27;[0m
  &amp#27;[32mGiven &amp#27;[0m&amp#27;[32mThe user is on the Types of Trees page&amp#27;[0m                       &amp#27;[90m# StepDefinitions.Tree.the_user_is_on_the_types_of_trees_page()&amp#27;[0m
  &amp#27;[32mWhen &amp#27;[0m&amp#27;[32mThe user clicks Try Here button&amp#27;[0m                               &amp#27;[90m# StepDefinitions.Tree.the_user_clicks_try_here_button()&amp#27;[0m
  &amp#27;[32mThen &amp#27;[0m&amp#27;[32mThe user is redirected to a page having Editor and run button&amp#27;[0m &amp#27;[90m# StepDefinitions.Tree.the_user_is_redirected_to_a_page_having_editor_and_run_button()&amp#27;[0m
[INFO ] 2024-12-09 22:01:29.926 [TestNG-PoolService-3] Hooks - ======================  Test Execution is completed!! ======================
]]></system-out>
    <system-err><![CDATA[Dec 09, 2024 10:01:28 PM org.openqa.selenium.devtools.CdpVersionFinder findNearestMatch
WARNING: Unable to find an exact match for CDP version 131, returning the closest version; found: 130; Please update to a Selenium version that supports CDP version 131
Dec 09, 2024 10:01:28 PM org.openqa.selenium.devtools.CdpVersionFinder findNearestMatch
WARNING: Unable to find an exact match for CDP version 131, returning the closest version; found: 130; Please update to a Selenium version that supports CDP version 131
]]></system-err>
  </testcase>
  <testcase name="runScenario[&quot;Types of Trees&quot;, &quot;Tree&quot;](150)" classname="TestRunners.TestRunner" time="0.313">
    <system-out><![CDATA[
Scenario: Try Here Editor page with valid data                        &amp#27;[90m# src/test/resources/Features/Tree.feature:108&amp#27;[0m
]]></system-out>
  </testcase>
  <testcase name="runScenario[&quot;Types of Trees&quot;, &quot;Tree&quot;](150)" classname="TestRunners.TestRunner" time="2.321">
    <system-out><![CDATA[
Scenario: Try Here Editor page with valid data                        &amp#27;[90m# src/test/resources/Features/Tree.feature:108&amp#27;[0m
  &amp#27;[32mGiven &amp#27;[0m&amp#27;[32mThe user is on the Types of Trees page&amp#27;[0m                       &amp#27;[90m# StepDefinitions.Tree.the_user_is_on_the_types_of_trees_page()&amp#27;[0m
  &amp#27;[32mWhen &amp#27;[0m&amp#27;[32mThe user clicks Try Here button&amp#27;[0m                               &amp#27;[90m# StepDefinitions.Tree.the_user_clicks_try_here_button()&amp#27;[0m
  &amp#27;[32mThen &amp#27;[0m&amp#27;[32mThe user is redirected to a page having Editor and run button&amp#27;[0m &amp#27;[90m# StepDefinitions.Tree.the_user_is_redirected_to_a_page_having_editor_and_run_button()&amp#27;[0m
[INFO ] 2024-12-09 22:26:29.554 [TestNG-PoolService-3] Hooks - ======================  Test Execution is completed!! ======================
[INFO ] 2024-12-09 22:26:29.628 [TestNG-PoolService-1] Hooks - ======================  New Test Execution is STARTED!! ======================
]]></system-out>
    <system-err><![CDATA[Dec 09, 2024 10:26:29 PM org.openqa.selenium.devtools.CdpVersionFinder findNearestMatch
WARNING: Unable to find an exact match for CDP version 131, returning the closest version; found: 130; Please update to a Selenium version that supports CDP version 131
]]></system-err>
  </testcase>
  <testcase name="runScenario[&quot;Try Here Editor page with valid data&quot;, &quot;Tree&quot;](151)" classname="TestRunners.TestRunner" time="2.699">
    <failure message="element not interactable&#10;  (Session info: chrome=131.0.6778.109)&#10;Build info: version: &apos;4.26.0&apos;, revision: &apos;8ccf0219d7&apos;&#10;System info: os.name: &apos;Windows 11&apos;, os.arch: &apos;amd64&apos;, os.version: &apos;10.0&apos;, java.version: &apos;21.0.5&apos;&#10;Driver info: org.openqa.selenium.chrome.ChromeDriver&#10;Command: [42913bbdf971812edba520028d98b701, sendKeysToElement {value=[Ljava.lang.CharSequence;@5c1f5943, id=f.D5A294FFBB5EDD569BB5A5B0BBB65FFA.d.A3D2A9CF8C47FBBD52E9BFD5D6A7792B.e.51}]&#10;Capabilities {acceptInsecureCerts: false, browserName: chrome, browserVersion: 131.0.6778.109, chrome: {chromedriverVersion: 131.0.6778.87 (ce31cae94873..., userDataDir: C:\Users\vamsh\AppData\Loca...}, fedcm:accounts: true, goog:chromeOptions: {debuggerAddress: localhost:61736}, networkConnectionEnabled: false, pageLoadStrategy: normal, platformName: windows, proxy: Proxy(), se:cdp: ws://localhost:61736/devtoo..., se:cdpVersion: 131.0.6778.109, setWindowRect: true, strictFileInteractability: false, timeouts: {implicit: 0, pageLoad: 300000, script: 30000}, unhandledPromptBehavior: dismiss and notify, webauthn:extension:credBlob: true, webauthn:extension:largeBlob: true, webauthn:extension:minPinLength: true, webauthn:extension:prf: true, webauthn:virtualAuthenticators: true}&#10;Element: [[ChromeDriver: chrome on windows (42913bbdf971812edba520028d98b701)] -&gt; css selector: .CodeMirror textarea]&#10;Session ID: 42913bbdf971812edba520028d98b701" type="org.openqa.selenium.ElementNotInteractableException"><![CDATA[org.openqa.selenium.ElementNotInteractableException: 
element not interactable
  (Session info: chrome=131.0.6778.109)
Build info: version: '4.26.0', revision: '8ccf0219d7'
System info: os.name: 'Windows 11', os.arch: 'amd64', os.version: '10.0', java.version: '21.0.5'
Driver info: org.openqa.selenium.chrome.ChromeDriver
Command: [42913bbdf971812edba520028d98b701, sendKeysToElement {value=[Ljava.lang.CharSequence;@5c1f5943, id=f.D5A294FFBB5EDD569BB5A5B0BBB65FFA.d.A3D2A9CF8C47FBBD52E9BFD5D6A7792B.e.51}]
Capabilities {acceptInsecureCerts: false, browserName: chrome, browserVersion: 131.0.6778.109, chrome: {chromedriverVersion: 131.0.6778.87 (ce31cae94873..., userDataDir: C:\Users\vamsh\AppData\Loca...}, fedcm:accounts: true, goog:chromeOptions: {debuggerAddress: localhost:61736}, networkConnectionEnabled: false, pageLoadStrategy: normal, platformName: windows, proxy: Proxy(), se:cdp: ws://localhost:61736/devtoo..., se:cdpVersion: 131.0.6778.109, setWindowRect: true, strictFileInteractability: false, timeouts: {implicit: 0, pageLoad: 300000, script: 30000}, unhandledPromptBehavior: dismiss and notify, webauthn:extension:credBlob: true, webauthn:extension:largeBlob: true, webauthn:extension:minPinLength: true, webauthn:extension:prf: true, webauthn:virtualAuthenticators: true}
Element: [[ChromeDriver: chrome on windows (42913bbdf971812edba520028d98b701)] -> css selector: .CodeMirror textarea]
Session ID: 42913bbdf971812edba520028d98b701
]]></failure>
    <system-out><![CDATA[
Scenario: Try Here Editor page with invalid data                        &amp#27;[90m# src/test/resources/Features/Tree.feature:114&amp#27;[0m
  &amp#27;[32mGiven &amp#27;[0m&amp#27;[32mThe user is on the DS Introduction page as signedIn&amp#27;[0m           &amp#27;[90m# StepDefinitions.DSIntroductionDetails.the_user_is_on_the_ds_introduction_page_as_signed_in()&amp#27;[0m
  &amp#27;[32mGiven &amp#27;[0m&amp#27;[32mThe user is on the DS Introduction page as signedIn&amp#27;[0m                  &amp#27;[90m# StepDefinitions.DSIntroductionDetails.the_user_is_on_the_ds_introduction_page_as_signed_in()&amp#27;[0m
  &amp#27;[32mAnd &amp#27;[0m&amp#27;[32mUser clicks on Get Started button from Tree panel&amp#27;[0m               &amp#27;[90m# StepDefinitions.Tree.user_clicks_on_get_started_button_from_tree_panel()&amp#27;[0m
[INFO ] 2024-12-09 22:01:31.595 [TestNG-PoolService-3] Hooks - ======================  New Test Execution is STARTED!! ======================
  &amp#27;[32mGiven &amp#27;[0m&amp#27;[32mThe user is on the Types of Trees page&amp#27;[0m                        &amp#27;[90m# StepDefinitions.Tree.the_user_is_on_the_types_of_trees_page()&amp#27;[0m
  &amp#27;[32mAnd &amp#27;[0m&amp#27;[32mUser clicks on Get Started button from Tree panel&amp#27;[0m                      &amp#27;[90m# StepDefinitions.Tree.user_clicks_on_get_started_button_from_tree_panel()&amp#27;[0m
  &amp#27;[32mGiven &amp#27;[0m&amp#27;[32mThe user is on the Types of Trees page&amp#27;[0m                               &amp#27;[90m# StepDefinitions.Tree.the_user_is_on_the_types_of_trees_page()&amp#27;[0m
  &amp#27;[32mAnd &amp#27;[0m&amp#27;[32mThe user clicks Try Here button&amp#27;[0m                                 &amp#27;[90m# StepDefinitions.Tree.the_user_clicks_try_here_button()&amp#27;[0m
  &amp#27;[31mWhen &amp#27;[0m&amp#27;[31mThe user writes the valid python code and clicks on Run button&amp#27;[0m &amp#27;[90m# StepDefinitions.Tree.the_user_writes_the_valid_python_code_and_clicks_on_run_button()&amp#27;[0m
      &amp#27;[31morg.openqa.selenium.ElementNotInteractableException: element not interactable
  (Session info: chrome=131.0.6778.109)
Build info: version: '4.26.0', revision: '8ccf0219d7'
System info: os.name: 'Windows 11', os.arch: 'amd64', os.version: '10.0', java.version: '21.0.5'
Driver info: org.openqa.selenium.chrome.ChromeDriver
Command: [42913bbdf971812edba520028d98b701, sendKeysToElement {value=[Ljava.lang.CharSequence;@5c1f5943, id=f.D5A294FFBB5EDD569BB5A5B0BBB65FFA.d.A3D2A9CF8C47FBBD52E9BFD5D6A7792B.e.51}]
Capabilities {acceptInsecureCerts: false, browserName: chrome, browserVersion: 131.0.6778.109, chrome: {chromedriverVersion: 131.0.6778.87 (ce31cae94873..., userDataDir: C:\Users\vamsh\AppData\Loca...}, fedcm:accounts: true, goog:chromeOptions: {debuggerAddress: localhost:61736}, networkConnectionEnabled: false, pageLoadStrategy: normal, platformName: windows, proxy: Proxy(), se:cdp: ws://localhost:61736/devtoo..., se:cdpVersion: 131.0.6778.109, setWindowRect: true, strictFileInteractability: false, timeouts: {implicit: 0, pageLoad: 300000, script: 30000}, unhandledPromptBehavior: dismiss and notify, webauthn:extension:credBlob: true, webauthn:extension:largeBlob: true, webauthn:extension:minPinLength: true, webauthn:extension:prf: true, webauthn:virtualAuthenticators: true}
Element: [[ChromeDriver: chrome on windows (42913bbdf971812edba520028d98b701)] -> css selector: .CodeMirror textarea]
Session ID: 42913bbdf971812edba520028d98b701
	at java.base/jdk.internal.reflect.DirectConstructorHandleAccessor.newInstance(DirectConstructorHandleAccessor.java:62)
	at java.base/java.lang.reflect.Constructor.newInstanceWithCaller(Constructor.java:502)
	at java.base/java.lang.reflect.Constructor.newInstance(Constructor.java:486)
	at org.openqa.selenium.remote.ErrorCodec.decode(ErrorCodec.java:167)
	at org.openqa.selenium.remote.codec.w3c.W3CHttpResponseCodec.decode(W3CHttpResponseCodec.java:138)
	at org.openqa.selenium.remote.codec.w3c.W3CHttpResponseCodec.decode(W3CHttpResponseCodec.java:50)
	at org.openqa.selenium.remote.HttpCommandExecutor.execute(HttpCommandExecutor.java:190)
	at org.openqa.selenium.remote.service.DriverCommandExecutor.invokeExecute(DriverCommandExecutor.java:216)
	at org.openqa.selenium.remote.service.DriverCommandExecutor.execute(DriverCommandExecutor.java:174)
	at org.openqa.selenium.remote.RemoteWebDriver.execute(RemoteWebDriver.java:545)
	at org.openqa.selenium.remote.RemoteWebElement.execute(RemoteWebElement.java:223)
	at org.openqa.selenium.remote.RemoteWebElement.sendKeys(RemoteWebElement.java:110)
	at PageObjects.TreePage.writeInTryEditorWindow(TreePage.java:357)
	at StepDefinitions.Tree.the_user_writes_the_valid_python_code_and_clicks_on_run_button(Tree.java:85)
	at ✽.The user writes the valid python code and clicks on Run button(file:///C:/Projects/Repo1/src/test/resources/Features/Tree.feature:111)
&amp#27;[0m
  &amp#27;[36mThen &amp#27;[0m&amp#27;[36mThe user is able to see the output inside the console.&amp#27;[0m         &amp#27;[90m# StepDefinitions.Tree.the_user_is_able_to_see_the_output_inside_the_console()&amp#27;[0m
[ERROR] 2024-12-09 22:01:32.492 [TestNG-PoolService-1] Hooks - ======================  TEST CASE FAILED !! ======================

    Embedding screenshot [image/png 7853 bytes]

[INFO ] 2024-12-09 22:01:32.672 [TestNG-PoolService-1] Hooks - ======================  Screenshot is captured  ======================
[INFO ] 2024-12-09 22:01:32.675 [TestNG-PoolService-1] Hooks - ======================  Test Execution is completed!! ======================
  &amp#27;[32mAnd &amp#27;[0m&amp#27;[32mThe user clicks Try Here button&amp#27;[0m                                        &amp#27;[90m# StepDefinitions.Tree.the_user_clicks_try_here_button()&amp#27;[0m
]]></system-out>
    <system-err><![CDATA[Dec 09, 2024 10:01:31 PM org.openqa.selenium.devtools.CdpVersionFinder findNearestMatch
WARNING: Unable to find an exact match for CDP version 131, returning the closest version; found: 130; Please update to a Selenium version that supports CDP version 131
]]></system-err>
  </testcase>
  <testcase name="runScenario[&quot;Try Here Editor page with empty code&quot;, &quot;Tree&quot;](152)" classname="TestRunners.TestRunner" time="0.317">
    <system-out><![CDATA[
Scenario: Try Here Editor page with alert message                      &amp#27;[90m# src/test/resources/Features/Tree.feature:120&amp#27;[0m
  &amp#27;[32mWhen &amp#27;[0m&amp#27;[32mThe user writes no code inside editor window and clicks on Run button&amp#27;[0m &amp#27;[90m# StepDefinitions.Tree.the_user_writes_no_code_inside_editor_window_and_clicks_on_run_button()&amp#27;[0m
  &amp#27;[32mThen &amp#27;[0m&amp#27;[32mNothing happens to the Editor page and no error message is displayed&amp#27;[0m  &amp#27;[90m# StepDefinitions.Tree.nothing_happens_to_the_editor_page_and_no_error_message_is_displayed()&amp#27;[0m
[INFO ] 2024-12-09 22:01:33.011 [TestNG-PoolService-2] Hooks - ======================  Test Execution is completed!! ======================
]]></system-out>
  </testcase>
  <testcase name="runScenario[&quot;Try Here Editor page with invalid data&quot;, &quot;Tree&quot;](153)" classname="TestRunners.TestRunner" time="4.016">
    <failure message="element not interactable&#10;  (Session info: chrome=131.0.6778.109)&#10;Build info: version: &apos;4.26.0&apos;, revision: &apos;8ccf0219d7&apos;&#10;System info: os.name: &apos;Windows 11&apos;, os.arch: &apos;amd64&apos;, os.version: &apos;10.0&apos;, java.version: &apos;21.0.5&apos;&#10;Driver info: org.openqa.selenium.chrome.ChromeDriver&#10;Command: [091b38ae1a078612905846ac1a326572, sendKeysToElement {value=[Ljava.lang.CharSequence;@78c1a647, id=f.AD2D593CDE2D9164012DC420D03847DD.d.0428EC904958D86B568317A2442D197A.e.53}]&#10;Capabilities {acceptInsecureCerts: false, browserName: chrome, browserVersion: 131.0.6778.109, chrome: {chromedriverVersion: 131.0.6778.87 (ce31cae94873..., userDataDir: C:\Users\vamsh\AppData\Loca...}, fedcm:accounts: true, goog:chromeOptions: {debuggerAddress: localhost:61784}, networkConnectionEnabled: false, pageLoadStrategy: normal, platformName: windows, proxy: Proxy(), se:cdp: ws://localhost:61784/devtoo..., se:cdpVersion: 131.0.6778.109, setWindowRect: true, strictFileInteractability: false, timeouts: {implicit: 0, pageLoad: 300000, script: 30000}, unhandledPromptBehavior: dismiss and notify, webauthn:extension:credBlob: true, webauthn:extension:largeBlob: true, webauthn:extension:minPinLength: true, webauthn:extension:prf: true, webauthn:virtualAuthenticators: true}&#10;Element: [[ChromeDriver: chrome on windows (091b38ae1a078612905846ac1a326572)] -&gt; css selector: .CodeMirror textarea]&#10;Session ID: 091b38ae1a078612905846ac1a326572" type="org.openqa.selenium.ElementNotInteractableException"><![CDATA[org.openqa.selenium.ElementNotInteractableException: 
element not interactable
  (Session info: chrome=131.0.6778.109)
Build info: version: '4.26.0', revision: '8ccf0219d7'
System info: os.name: 'Windows 11', os.arch: 'amd64', os.version: '10.0', java.version: '21.0.5'
Driver info: org.openqa.selenium.chrome.ChromeDriver
Command: [091b38ae1a078612905846ac1a326572, sendKeysToElement {value=[Ljava.lang.CharSequence;@78c1a647, id=f.AD2D593CDE2D9164012DC420D03847DD.d.0428EC904958D86B568317A2442D197A.e.53}]
Capabilities {acceptInsecureCerts: false, browserName: chrome, browserVersion: 131.0.6778.109, chrome: {chromedriverVersion: 131.0.6778.87 (ce31cae94873..., userDataDir: C:\Users\vamsh\AppData\Loca...}, fedcm:accounts: true, goog:chromeOptions: {debuggerAddress: localhost:61784}, networkConnectionEnabled: false, pageLoadStrategy: normal, platformName: windows, proxy: Proxy(), se:cdp: ws://localhost:61784/devtoo..., se:cdpVersion: 131.0.6778.109, setWindowRect: true, strictFileInteractability: false, timeouts: {implicit: 0, pageLoad: 300000, script: 30000}, unhandledPromptBehavior: dismiss and notify, webauthn:extension:credBlob: true, webauthn:extension:largeBlob: true, webauthn:extension:minPinLength: true, webauthn:extension:prf: true, webauthn:virtualAuthenticators: true}
Element: [[ChromeDriver: chrome on windows (091b38ae1a078612905846ac1a326572)] -> css selector: .CodeMirror textarea]
Session ID: 091b38ae1a078612905846ac1a326572
]]></failure>
    <system-out><![CDATA[
Scenario: Types of Trees                                    &amp#27;[90m# src/test/resources/Features/Tree.feature:128&amp#27;[0m
[INFO ] 2024-12-09 22:01:34.188 [TestNG-PoolService-1] Hooks - ======================  New Test Execution is STARTED!! ======================
[INFO ] 2024-12-09 22:01:34.818 [TestNG-PoolService-2] Hooks - ======================  New Test Execution is STARTED!! ======================
  &amp#27;[32mGiven &amp#27;[0m&amp#27;[32mThe user is on the DS Introduction page as signedIn&amp#27;[0m             &amp#27;[90m# StepDefinitions.DSIntroductionDetails.the_user_is_on_the_ds_introduction_page_as_signed_in()&amp#27;[0m
  &amp#27;[32mAnd &amp#27;[0m&amp#27;[32mUser clicks on Get Started button from Tree panel&amp#27;[0m                 &amp#27;[90m# StepDefinitions.Tree.user_clicks_on_get_started_button_from_tree_panel()&amp#27;[0m
  &amp#27;[32mGiven &amp#27;[0m&amp#27;[32mThe user is on the Types of Trees page&amp#27;[0m                          &amp#27;[90m# StepDefinitions.Tree.the_user_is_on_the_types_of_trees_page()&amp#27;[0m
  &amp#27;[32mAnd &amp#27;[0m&amp#27;[32mThe user clicks Try Here button&amp#27;[0m                                   &amp#27;[90m# StepDefinitions.Tree.the_user_clicks_try_here_button()&amp#27;[0m
  &amp#27;[31mWhen &amp#27;[0m&amp#27;[31mThe user writes the invalid python code and clicks on Run button&amp#27;[0m &amp#27;[90m# StepDefinitions.Tree.the_user_writes_the_invalid_python_code_and_clicks_on_run_button()&amp#27;[0m
      &amp#27;[31morg.openqa.selenium.ElementNotInteractableException: element not interactable
  (Session info: chrome=131.0.6778.109)
Build info: version: '4.26.0', revision: '8ccf0219d7'
System info: os.name: 'Windows 11', os.arch: 'amd64', os.version: '10.0', java.version: '21.0.5'
Driver info: org.openqa.selenium.chrome.ChromeDriver
Command: [091b38ae1a078612905846ac1a326572, sendKeysToElement {value=[Ljava.lang.CharSequence;@78c1a647, id=f.AD2D593CDE2D9164012DC420D03847DD.d.0428EC904958D86B568317A2442D197A.e.53}]
Capabilities {acceptInsecureCerts: false, browserName: chrome, browserVersion: 131.0.6778.109, chrome: {chromedriverVersion: 131.0.6778.87 (ce31cae94873..., userDataDir: C:\Users\vamsh\AppData\Loca...}, fedcm:accounts: true, goog:chromeOptions: {debuggerAddress: localhost:61784}, networkConnectionEnabled: false, pageLoadStrategy: normal, platformName: windows, proxy: Proxy(), se:cdp: ws://localhost:61784/devtoo..., se:cdpVersion: 131.0.6778.109, setWindowRect: true, strictFileInteractability: false, timeouts: {implicit: 0, pageLoad: 300000, script: 30000}, unhandledPromptBehavior: dismiss and notify, webauthn:extension:credBlob: true, webauthn:extension:largeBlob: true, webauthn:extension:minPinLength: true, webauthn:extension:prf: true, webauthn:virtualAuthenticators: true}
Element: [[ChromeDriver: chrome on windows (091b38ae1a078612905846ac1a326572)] -> css selector: .CodeMirror textarea]
Session ID: 091b38ae1a078612905846ac1a326572
	at java.base/jdk.internal.reflect.DirectConstructorHandleAccessor.newInstance(DirectConstructorHandleAccessor.java:62)
	at java.base/java.lang.reflect.Constructor.newInstanceWithCaller(Constructor.java:502)
	at java.base/java.lang.reflect.Constructor.newInstance(Constructor.java:486)
	at org.openqa.selenium.remote.ErrorCodec.decode(ErrorCodec.java:167)
	at org.openqa.selenium.remote.codec.w3c.W3CHttpResponseCodec.decode(W3CHttpResponseCodec.java:138)
	at org.openqa.selenium.remote.codec.w3c.W3CHttpResponseCodec.decode(W3CHttpResponseCodec.java:50)
	at org.openqa.selenium.remote.HttpCommandExecutor.execute(HttpCommandExecutor.java:190)
	at org.openqa.selenium.remote.service.DriverCommandExecutor.invokeExecute(DriverCommandExecutor.java:216)
	at org.openqa.selenium.remote.service.DriverCommandExecutor.execute(DriverCommandExecutor.java:174)
	at org.openqa.selenium.remote.RemoteWebDriver.execute(RemoteWebDriver.java:545)
	at org.openqa.selenium.remote.RemoteWebElement.execute(RemoteWebElement.java:223)
	at org.openqa.selenium.remote.RemoteWebElement.sendKeys(RemoteWebElement.java:110)
	at PageObjects.TreePage.writeInTryEditorWindow(TreePage.java:357)
	at StepDefinitions.Tree.the_user_writes_the_invalid_python_code_and_clicks_on_run_button(Tree.java:96)
	at ✽.The user writes the invalid python code and clicks on Run button(file:///C:/Projects/Repo1/src/test/resources/Features/Tree.feature:117)
&amp#27;[0m
  &amp#27;[36mThen &amp#27;[0m&amp#27;[36mThe user see error msg in alert window&amp#27;[0m                           &amp#27;[90m# StepDefinitions.Tree.the_user_see_error_msg_in_alert_window()&amp#27;[0m
[ERROR] 2024-12-09 22:01:36.624 [TestNG-PoolService-3] Hooks - ======================  TEST CASE FAILED !! ======================

    Embedding screenshot [image/png 7853 bytes]

[INFO ] 2024-12-09 22:01:36.801 [TestNG-PoolService-3] Hooks - ======================  Screenshot is captured  ======================
[INFO ] 2024-12-09 22:01:36.801 [TestNG-PoolService-3] Hooks - ======================  Test Execution is completed!! ======================
  &amp#27;[32mGiven &amp#27;[0m&amp#27;[32mThe user is on the DS Introduction page as signedIn&amp#27;[0m            &amp#27;[90m# StepDefinitions.DSIntroductionDetails.the_user_is_on_the_ds_introduction_page_as_signed_in()&amp#27;[0m
]]></system-out>
    <system-err><![CDATA[Dec 09, 2024 10:01:34 PM org.openqa.selenium.devtools.CdpVersionFinder findNearestMatch
WARNING: Unable to find an exact match for CDP version 131, returning the closest version; found: 130; Please update to a Selenium version that supports CDP version 131
Dec 09, 2024 10:01:34 PM org.openqa.selenium.devtools.CdpVersionFinder findNearestMatch
WARNING: Unable to find an exact match for CDP version 131, returning the closest version; found: 130; Please update to a Selenium version that supports CDP version 131
]]></system-err>
  </testcase>
  <testcase name="runScenario[&quot;Try Here Editor page with invalid data&quot;, &quot;Tree&quot;](153)" classname="TestRunners.TestRunner" time="1.868">
    <failure message="element not interactable&#10;  (Session info: MicrosoftEdge=131.0.2903.86)&#10;Build info: version: &apos;4.26.0&apos;, revision: &apos;8ccf0219d7&apos;&#10;System info: os.name: &apos;Windows 11&apos;, os.arch: &apos;amd64&apos;, os.version: &apos;10.0&apos;, java.version: &apos;21.0.5&apos;&#10;Driver info: org.openqa.selenium.edge.EdgeDriver&#10;Command: [edc6a146041de45ea1012b1345c819c5, sendKeysToElement {value=[Ljava.lang.CharSequence;@16aa9ecc, id=f.7571200663589B964E85376A71A1BE99.d.D6289A30B3F72C4E2CB0FEDA8D461FED.e.38}]&#10;Capabilities {acceptInsecureCerts: false, browserName: MicrosoftEdge, browserVersion: 131.0.2903.86, fedcm:accounts: true, ms:edgeOptions: {debuggerAddress: localhost:65004}, msedge: {msedgedriverVersion: 131.0.2903.86 (cf5bf303997c..., userDataDir: C:\Users\vamsh\AppData\Loca...}, networkConnectionEnabled: false, pageLoadStrategy: normal, platformName: windows, proxy: Proxy(), se:cdp: ws://localhost:65004/devtoo..., se:cdpVersion: 131.0.2903.86, setWindowRect: true, strictFileInteractability: false, timeouts: {implicit: 0, pageLoad: 300000, script: 30000}, unhandledPromptBehavior: dismiss and notify, webauthn:extension:credBlob: true, webauthn:extension:largeBlob: true, webauthn:extension:minPinLength: true, webauthn:extension:prf: true, webauthn:virtualAuthenticators: true}&#10;Element: [[EdgeDriver: MicrosoftEdge on windows (edc6a146041de45ea1012b1345c819c5)] -&gt; css selector: .CodeMirror textarea]&#10;Session ID: edc6a146041de45ea1012b1345c819c5" type="org.openqa.selenium.ElementNotInteractableException"><![CDATA[org.openqa.selenium.ElementNotInteractableException: 
element not interactable
  (Session info: MicrosoftEdge=131.0.2903.86)
Build info: version: '4.26.0', revision: '8ccf0219d7'
System info: os.name: 'Windows 11', os.arch: 'amd64', os.version: '10.0', java.version: '21.0.5'
Driver info: org.openqa.selenium.edge.EdgeDriver
Command: [edc6a146041de45ea1012b1345c819c5, sendKeysToElement {value=[Ljava.lang.CharSequence;@16aa9ecc, id=f.7571200663589B964E85376A71A1BE99.d.D6289A30B3F72C4E2CB0FEDA8D461FED.e.38}]
Capabilities {acceptInsecureCerts: false, browserName: MicrosoftEdge, browserVersion: 131.0.2903.86, fedcm:accounts: true, ms:edgeOptions: {debuggerAddress: localhost:65004}, msedge: {msedgedriverVersion: 131.0.2903.86 (cf5bf303997c..., userDataDir: C:\Users\vamsh\AppData\Loca...}, networkConnectionEnabled: false, pageLoadStrategy: normal, platformName: windows, proxy: Proxy(), se:cdp: ws://localhost:65004/devtoo..., se:cdpVersion: 131.0.2903.86, setWindowRect: true, strictFileInteractability: false, timeouts: {implicit: 0, pageLoad: 300000, script: 30000}, unhandledPromptBehavior: dismiss and notify, webauthn:extension:credBlob: true, webauthn:extension:largeBlob: true, webauthn:extension:minPinLength: true, webauthn:extension:prf: true, webauthn:virtualAuthenticators: true}
Element: [[EdgeDriver: MicrosoftEdge on windows (edc6a146041de45ea1012b1345c819c5)] -> css selector: .CodeMirror textarea]
Session ID: edc6a146041de45ea1012b1345c819c5
]]></failure>
    <system-out><![CDATA[
Scenario: Types of Trees                                    &amp#27;[90m# src/test/resources/Features/Tree.feature:128&amp#27;[0m
[INFO ] 2024-12-09 22:26:38.949 [TestNG-PoolService-1] Hooks - ======================  New Test Execution is STARTED!! ======================
  &amp#27;[32mAnd &amp#27;[0m&amp#27;[32mThe user clicks Try Here button&amp#27;[0m                                   &amp#27;[90m# StepDefinitions.Tree.the_user_clicks_try_here_button()&amp#27;[0m
  &amp#27;[31mWhen &amp#27;[0m&amp#27;[31mThe user writes the invalid python code and clicks on Run button&amp#27;[0m &amp#27;[90m# StepDefinitions.Tree.the_user_writes_the_invalid_python_code_and_clicks_on_run_button()&amp#27;[0m
      &amp#27;[31morg.openqa.selenium.ElementNotInteractableException: element not interactable
  (Session info: MicrosoftEdge=131.0.2903.86)
Build info: version: '4.26.0', revision: '8ccf0219d7'
System info: os.name: 'Windows 11', os.arch: 'amd64', os.version: '10.0', java.version: '21.0.5'
Driver info: org.openqa.selenium.edge.EdgeDriver
Command: [edc6a146041de45ea1012b1345c819c5, sendKeysToElement {value=[Ljava.lang.CharSequence;@16aa9ecc, id=f.7571200663589B964E85376A71A1BE99.d.D6289A30B3F72C4E2CB0FEDA8D461FED.e.38}]
Capabilities {acceptInsecureCerts: false, browserName: MicrosoftEdge, browserVersion: 131.0.2903.86, fedcm:accounts: true, ms:edgeOptions: {debuggerAddress: localhost:65004}, msedge: {msedgedriverVersion: 131.0.2903.86 (cf5bf303997c..., userDataDir: C:\Users\vamsh\AppData\Loca...}, networkConnectionEnabled: false, pageLoadStrategy: normal, platformName: windows, proxy: Proxy(), se:cdp: ws://localhost:65004/devtoo..., se:cdpVersion: 131.0.2903.86, setWindowRect: true, strictFileInteractability: false, timeouts: {implicit: 0, pageLoad: 300000, script: 30000}, unhandledPromptBehavior: dismiss and notify, webauthn:extension:credBlob: true, webauthn:extension:largeBlob: true, webauthn:extension:minPinLength: true, webauthn:extension:prf: true, webauthn:virtualAuthenticators: true}
Element: [[EdgeDriver: MicrosoftEdge on windows (edc6a146041de45ea1012b1345c819c5)] -> css selector: .CodeMirror textarea]
Session ID: edc6a146041de45ea1012b1345c819c5
	at java.base/jdk.internal.reflect.DirectConstructorHandleAccessor.newInstance(DirectConstructorHandleAccessor.java:62)
	at java.base/java.lang.reflect.Constructor.newInstanceWithCaller(Constructor.java:502)
	at java.base/java.lang.reflect.Constructor.newInstance(Constructor.java:486)
	at org.openqa.selenium.remote.ErrorCodec.decode(ErrorCodec.java:167)
	at org.openqa.selenium.remote.codec.w3c.W3CHttpResponseCodec.decode(W3CHttpResponseCodec.java:138)
	at org.openqa.selenium.remote.codec.w3c.W3CHttpResponseCodec.decode(W3CHttpResponseCodec.java:50)
	at org.openqa.selenium.remote.HttpCommandExecutor.execute(HttpCommandExecutor.java:190)
	at org.openqa.selenium.remote.service.DriverCommandExecutor.invokeExecute(DriverCommandExecutor.java:216)
	at org.openqa.selenium.remote.service.DriverCommandExecutor.execute(DriverCommandExecutor.java:174)
	at org.openqa.selenium.remote.RemoteWebDriver.execute(RemoteWebDriver.java:545)
	at org.openqa.selenium.remote.RemoteWebElement.execute(RemoteWebElement.java:223)
	at org.openqa.selenium.remote.RemoteWebElement.sendKeys(RemoteWebElement.java:110)
	at PageObjects.TreePage.writeInTryEditorWindow(TreePage.java:357)
	at StepDefinitions.Tree.the_user_writes_the_invalid_python_code_and_clicks_on_run_button(Tree.java:96)
	at ✽.The user writes the invalid python code and clicks on Run button(file:///C:/Projects/Repo1/src/test/resources/Features/Tree.feature:117)
&amp#27;[0m
  &amp#27;[36mThen &amp#27;[0m&amp#27;[36mThe user see error msg in alert window&amp#27;[0m                           &amp#27;[90m# StepDefinitions.Tree.the_user_see_error_msg_in_alert_window()&amp#27;[0m
[ERROR] 2024-12-09 22:26:39.195 [TestNG-PoolService-3] Hooks - ======================  TEST CASE FAILED !! ======================

    Embedding screenshot [image/png 7890 bytes]

[INFO ] 2024-12-09 22:26:39.357 [TestNG-PoolService-3] Hooks - ======================  Screenshot is captured  ======================
[INFO ] 2024-12-09 22:26:39.358 [TestNG-PoolService-3] Hooks - ======================  Test Execution is completed!! ======================
]]></system-out>
  </testcase>
  <testcase name="runScenario[&quot;Try Here Editor page with alert message&quot;, &quot;Tree&quot;](154)" classname="TestRunners.TestRunner" time="1.804">
    <failure message="element not interactable&#10;  (Session info: chrome=131.0.6778.109)&#10;Build info: version: &apos;4.26.0&apos;, revision: &apos;8ccf0219d7&apos;&#10;System info: os.name: &apos;Windows 11&apos;, os.arch: &apos;amd64&apos;, os.version: &apos;10.0&apos;, java.version: &apos;21.0.5&apos;&#10;Driver info: org.openqa.selenium.chrome.ChromeDriver&#10;Command: [91976717e1fe46ab6551511f55e85e0d, sendKeysToElement {value=[Ljava.lang.CharSequence;@465865ca, id=f.4E44F2F4875DAFE3982C3C48B49A01BE.d.5E81C105BF4583692DF69DDE5A4AAC91.e.51}]&#10;Capabilities {acceptInsecureCerts: false, browserName: chrome, browserVersion: 131.0.6778.109, chrome: {chromedriverVersion: 131.0.6778.87 (ce31cae94873..., userDataDir: C:\Users\vamsh\AppData\Loca...}, fedcm:accounts: true, goog:chromeOptions: {debuggerAddress: localhost:61819}, networkConnectionEnabled: false, pageLoadStrategy: normal, platformName: windows, proxy: Proxy(), se:cdp: ws://localhost:61819/devtoo..., se:cdpVersion: 131.0.6778.109, setWindowRect: true, strictFileInteractability: false, timeouts: {implicit: 0, pageLoad: 300000, script: 30000}, unhandledPromptBehavior: dismiss and notify, webauthn:extension:credBlob: true, webauthn:extension:largeBlob: true, webauthn:extension:minPinLength: true, webauthn:extension:prf: true, webauthn:virtualAuthenticators: true}&#10;Element: [[ChromeDriver: chrome on windows (91976717e1fe46ab6551511f55e85e0d)] -&gt; css selector: .CodeMirror textarea]&#10;Session ID: 91976717e1fe46ab6551511f55e85e0d" type="org.openqa.selenium.ElementNotInteractableException"><![CDATA[org.openqa.selenium.ElementNotInteractableException: 
element not interactable
  (Session info: chrome=131.0.6778.109)
Build info: version: '4.26.0', revision: '8ccf0219d7'
System info: os.name: 'Windows 11', os.arch: 'amd64', os.version: '10.0', java.version: '21.0.5'
Driver info: org.openqa.selenium.chrome.ChromeDriver
Command: [91976717e1fe46ab6551511f55e85e0d, sendKeysToElement {value=[Ljava.lang.CharSequence;@465865ca, id=f.4E44F2F4875DAFE3982C3C48B49A01BE.d.5E81C105BF4583692DF69DDE5A4AAC91.e.51}]
Capabilities {acceptInsecureCerts: false, browserName: chrome, browserVersion: 131.0.6778.109, chrome: {chromedriverVersion: 131.0.6778.87 (ce31cae94873..., userDataDir: C:\Users\vamsh\AppData\Loca...}, fedcm:accounts: true, goog:chromeOptions: {debuggerAddress: localhost:61819}, networkConnectionEnabled: false, pageLoadStrategy: normal, platformName: windows, proxy: Proxy(), se:cdp: ws://localhost:61819/devtoo..., se:cdpVersion: 131.0.6778.109, setWindowRect: true, strictFileInteractability: false, timeouts: {implicit: 0, pageLoad: 300000, script: 30000}, unhandledPromptBehavior: dismiss and notify, webauthn:extension:credBlob: true, webauthn:extension:largeBlob: true, webauthn:extension:minPinLength: true, webauthn:extension:prf: true, webauthn:virtualAuthenticators: true}
Element: [[ChromeDriver: chrome on windows (91976717e1fe46ab6551511f55e85e0d)] -> css selector: .CodeMirror textarea]
Session ID: 91976717e1fe46ab6551511f55e85e0d
]]></failure>
    <system-out><![CDATA[
Scenario: Tree Traversals                                            &amp#27;[90m# src/test/resources/Features/Tree.feature:135&amp#27;[0m
  &amp#27;[32mAnd &amp#27;[0m&amp#27;[32mUser clicks on Get Started button from Tree panel&amp#27;[0m                &amp#27;[90m# StepDefinitions.Tree.user_clicks_on_get_started_button_from_tree_panel()&amp#27;[0m
  &amp#27;[32mGiven &amp#27;[0m&amp#27;[32mThe user is on the Types of Trees page&amp#27;[0m                         &amp#27;[90m# StepDefinitions.Tree.the_user_is_on_the_types_of_trees_page()&amp#27;[0m
  &amp#27;[32mGiven &amp#27;[0m&amp#27;[32mThe user is on the DS Introduction page as signedIn&amp#27;[0m &amp#27;[90m# StepDefinitions.DSIntroductionDetails.the_user_is_on_the_ds_introduction_page_as_signed_in()&amp#27;[0m
  &amp#27;[32mAnd &amp#27;[0m&amp#27;[32mUser clicks on Get Started button from Tree panel&amp#27;[0m     &amp#27;[90m# StepDefinitions.Tree.user_clicks_on_get_started_button_from_tree_panel()&amp#27;[0m
  &amp#27;[32mAnd &amp#27;[0m&amp#27;[32mThe user clicks Try Here button&amp#27;[0m                                  &amp#27;[90m# StepDefinitions.Tree.the_user_clicks_try_here_button()&amp#27;[0m
  &amp#27;[31mAnd &amp#27;[0m&amp#27;[31mThe user writes the invalid python code and clicks on Run button&amp#27;[0m &amp#27;[90m# StepDefinitions.Tree.the_user_writes_the_invalid_python_code_and_clicks_on_run_button()&amp#27;[0m
      &amp#27;[31morg.openqa.selenium.ElementNotInteractableException: element not interactable
  (Session info: chrome=131.0.6778.109)
Build info: version: '4.26.0', revision: '8ccf0219d7'
System info: os.name: 'Windows 11', os.arch: 'amd64', os.version: '10.0', java.version: '21.0.5'
Driver info: org.openqa.selenium.chrome.ChromeDriver
Command: [91976717e1fe46ab6551511f55e85e0d, sendKeysToElement {value=[Ljava.lang.CharSequence;@465865ca, id=f.4E44F2F4875DAFE3982C3C48B49A01BE.d.5E81C105BF4583692DF69DDE5A4AAC91.e.51}]
Capabilities {acceptInsecureCerts: false, browserName: chrome, browserVersion: 131.0.6778.109, chrome: {chromedriverVersion: 131.0.6778.87 (ce31cae94873..., userDataDir: C:\Users\vamsh\AppData\Loca...}, fedcm:accounts: true, goog:chromeOptions: {debuggerAddress: localhost:61819}, networkConnectionEnabled: false, pageLoadStrategy: normal, platformName: windows, proxy: Proxy(), se:cdp: ws://localhost:61819/devtoo..., se:cdpVersion: 131.0.6778.109, setWindowRect: true, strictFileInteractability: false, timeouts: {implicit: 0, pageLoad: 300000, script: 30000}, unhandledPromptBehavior: dismiss and notify, webauthn:extension:credBlob: true, webauthn:extension:largeBlob: true, webauthn:extension:minPinLength: true, webauthn:extension:prf: true, webauthn:virtualAuthenticators: true}
Element: [[ChromeDriver: chrome on windows (91976717e1fe46ab6551511f55e85e0d)] -> css selector: .CodeMirror textarea]
Session ID: 91976717e1fe46ab6551511f55e85e0d
	at java.base/jdk.internal.reflect.DirectConstructorHandleAccessor.newInstance(DirectConstructorHandleAccessor.java:62)
	at java.base/java.lang.reflect.Constructor.newInstanceWithCaller(Constructor.java:502)
	at java.base/java.lang.reflect.Constructor.newInstance(Constructor.java:486)
	at org.openqa.selenium.remote.ErrorCodec.decode(ErrorCodec.java:167)
	at org.openqa.selenium.remote.codec.w3c.W3CHttpResponseCodec.decode(W3CHttpResponseCodec.java:138)
	at org.openqa.selenium.remote.codec.w3c.W3CHttpResponseCodec.decode(W3CHttpResponseCodec.java:50)
	at org.openqa.selenium.remote.HttpCommandExecutor.execute(HttpCommandExecutor.java:190)
	at org.openqa.selenium.remote.service.DriverCommandExecutor.invokeExecute(DriverCommandExecutor.java:216)
	at org.openqa.selenium.remote.service.DriverCommandExecutor.execute(DriverCommandExecutor.java:174)
	at org.openqa.selenium.remote.RemoteWebDriver.execute(RemoteWebDriver.java:545)
	at org.openqa.selenium.remote.RemoteWebElement.execute(RemoteWebElement.java:223)
	at org.openqa.selenium.remote.RemoteWebElement.sendKeys(RemoteWebElement.java:110)
	at PageObjects.TreePage.writeInTryEditorWindow(TreePage.java:357)
	at StepDefinitions.Tree.the_user_writes_the_invalid_python_code_and_clicks_on_run_button(Tree.java:96)
	at ✽.The user writes the invalid python code and clicks on Run button(file:///C:/Projects/Repo1/src/test/resources/Features/Tree.feature:124)
&amp#27;[0m
  &amp#27;[36mWhen &amp#27;[0m&amp#27;[36mThe user clicks the ok button in the alert window&amp#27;[0m               &amp#27;[90m# StepDefinitions.Tree.the_user_clicks_the_ok_button_in_the_alert_window()&amp#27;[0m
  &amp#27;[36mThen &amp#27;[0m&amp#27;[36mAlert message window is dismissed and user stays on Editor page&amp#27;[0m &amp#27;[90m# StepDefinitions.Tree.Alert_message_window_is_dismissed_and_user_stays_on_Editor_page()&amp#27;[0m
[ERROR] 2024-12-09 22:01:38.587 [TestNG-PoolService-1] Hooks - ======================  TEST CASE FAILED !! ======================
[INFO ] 2024-12-09 22:01:38.663 [TestNG-PoolService-3] Hooks - ======================  New Test Execution is STARTED!! ======================

    Embedding screenshot [image/png 7853 bytes]

  &amp#27;[32mGiven &amp#27;[0m&amp#27;[32mThe user is on the Types of Trees page&amp#27;[0m              &amp#27;[90m# StepDefinitions.Tree.the_user_is_on_the_types_of_trees_page()&amp#27;[0m
[INFO ] 2024-12-09 22:01:38.788 [TestNG-PoolService-1] Hooks - ======================  Screenshot is captured  ======================
[INFO ] 2024-12-09 22:01:38.790 [TestNG-PoolService-1] Hooks - ======================  Test Execution is completed!! ======================
]]></system-out>
    <system-err><![CDATA[Dec 09, 2024 10:01:38 PM org.openqa.selenium.devtools.CdpVersionFinder findNearestMatch
WARNING: Unable to find an exact match for CDP version 131, returning the closest version; found: 130; Please update to a Selenium version that supports CDP version 131
]]></system-err>
  </testcase>
  <testcase name="runScenario[&quot;Try Here Editor page with alert message&quot;, &quot;Tree&quot;](154)" classname="TestRunners.TestRunner" time="5.782">
    <failure message="element not interactable&#10;  (Session info: MicrosoftEdge=131.0.2903.86)&#10;Build info: version: &apos;4.26.0&apos;, revision: &apos;8ccf0219d7&apos;&#10;System info: os.name: &apos;Windows 11&apos;, os.arch: &apos;amd64&apos;, os.version: &apos;10.0&apos;, java.version: &apos;21.0.5&apos;&#10;Driver info: org.openqa.selenium.edge.EdgeDriver&#10;Command: [81618cd25cdc032285c1c2097907b6f8, sendKeysToElement {value=[Ljava.lang.CharSequence;@5a0f60cc, id=f.E10C942E016EF894E30501A096E2B904.d.1D71A5B90981AFFE4720DD1D011094FA.e.42}]&#10;Capabilities {acceptInsecureCerts: false, browserName: MicrosoftEdge, browserVersion: 131.0.2903.86, fedcm:accounts: true, ms:edgeOptions: {debuggerAddress: localhost:65066}, msedge: {msedgedriverVersion: 131.0.2903.86 (cf5bf303997c..., userDataDir: C:\Users\vamsh\AppData\Loca...}, networkConnectionEnabled: false, pageLoadStrategy: normal, platformName: windows, proxy: Proxy(), se:cdp: ws://localhost:65066/devtoo..., se:cdpVersion: 131.0.2903.86, setWindowRect: true, strictFileInteractability: false, timeouts: {implicit: 0, pageLoad: 300000, script: 30000}, unhandledPromptBehavior: dismiss and notify, webauthn:extension:credBlob: true, webauthn:extension:largeBlob: true, webauthn:extension:minPinLength: true, webauthn:extension:prf: true, webauthn:virtualAuthenticators: true}&#10;Element: [[EdgeDriver: MicrosoftEdge on windows (81618cd25cdc032285c1c2097907b6f8)] -&gt; css selector: .CodeMirror textarea]&#10;Session ID: 81618cd25cdc032285c1c2097907b6f8" type="org.openqa.selenium.ElementNotInteractableException"><![CDATA[org.openqa.selenium.ElementNotInteractableException: 
element not interactable
  (Session info: MicrosoftEdge=131.0.2903.86)
Build info: version: '4.26.0', revision: '8ccf0219d7'
System info: os.name: 'Windows 11', os.arch: 'amd64', os.version: '10.0', java.version: '21.0.5'
Driver info: org.openqa.selenium.edge.EdgeDriver
Command: [81618cd25cdc032285c1c2097907b6f8, sendKeysToElement {value=[Ljava.lang.CharSequence;@5a0f60cc, id=f.E10C942E016EF894E30501A096E2B904.d.1D71A5B90981AFFE4720DD1D011094FA.e.42}]
Capabilities {acceptInsecureCerts: false, browserName: MicrosoftEdge, browserVersion: 131.0.2903.86, fedcm:accounts: true, ms:edgeOptions: {debuggerAddress: localhost:65066}, msedge: {msedgedriverVersion: 131.0.2903.86 (cf5bf303997c..., userDataDir: C:\Users\vamsh\AppData\Loca...}, networkConnectionEnabled: false, pageLoadStrategy: normal, platformName: windows, proxy: Proxy(), se:cdp: ws://localhost:65066/devtoo..., se:cdpVersion: 131.0.2903.86, setWindowRect: true, strictFileInteractability: false, timeouts: {implicit: 0, pageLoad: 300000, script: 30000}, unhandledPromptBehavior: dismiss and notify, webauthn:extension:credBlob: true, webauthn:extension:largeBlob: true, webauthn:extension:minPinLength: true, webauthn:extension:prf: true, webauthn:virtualAuthenticators: true}
Element: [[EdgeDriver: MicrosoftEdge on windows (81618cd25cdc032285c1c2097907b6f8)] -> css selector: .CodeMirror textarea]
Session ID: 81618cd25cdc032285c1c2097907b6f8
]]></failure>
    <system-out><![CDATA[
Scenario: Tree Traversals                                            &amp#27;[90m# src/test/resources/Features/Tree.feature:135&amp#27;[0m
[INFO ] 2024-12-09 22:26:41.972 [TestNG-PoolService-2] Hooks - ======================  New Test Execution is STARTED!! ======================
  &amp#27;[32mGiven &amp#27;[0m&amp#27;[32mThe user is on the DS Introduction page as signedIn&amp#27;[0m            &amp#27;[90m# StepDefinitions.DSIntroductionDetails.the_user_is_on_the_ds_introduction_page_as_signed_in()&amp#27;[0m
  &amp#27;[32mAnd &amp#27;[0m&amp#27;[32mUser clicks on Get Started button from Tree panel&amp#27;[0m                &amp#27;[90m# StepDefinitions.Tree.user_clicks_on_get_started_button_from_tree_panel()&amp#27;[0m
  &amp#27;[32mGiven &amp#27;[0m&amp#27;[32mThe user is on the Types of Trees page&amp#27;[0m                         &amp#27;[90m# StepDefinitions.Tree.the_user_is_on_the_types_of_trees_page()&amp#27;[0m
[INFO ] 2024-12-09 22:26:43.925 [TestNG-PoolService-3] Hooks - ======================  New Test Execution is STARTED!! ======================
  &amp#27;[32mAnd &amp#27;[0m&amp#27;[32mThe user clicks Try Here button&amp#27;[0m                                  &amp#27;[90m# StepDefinitions.Tree.the_user_clicks_try_here_button()&amp#27;[0m
  &amp#27;[31mAnd &amp#27;[0m&amp#27;[31mThe user writes the invalid python code and clicks on Run button&amp#27;[0m &amp#27;[90m# StepDefinitions.Tree.the_user_writes_the_invalid_python_code_and_clicks_on_run_button()&amp#27;[0m
      &amp#27;[31morg.openqa.selenium.ElementNotInteractableException: element not interactable
  (Session info: MicrosoftEdge=131.0.2903.86)
Build info: version: '4.26.0', revision: '8ccf0219d7'
System info: os.name: 'Windows 11', os.arch: 'amd64', os.version: '10.0', java.version: '21.0.5'
Driver info: org.openqa.selenium.edge.EdgeDriver
Command: [81618cd25cdc032285c1c2097907b6f8, sendKeysToElement {value=[Ljava.lang.CharSequence;@5a0f60cc, id=f.E10C942E016EF894E30501A096E2B904.d.1D71A5B90981AFFE4720DD1D011094FA.e.42}]
Capabilities {acceptInsecureCerts: false, browserName: MicrosoftEdge, browserVersion: 131.0.2903.86, fedcm:accounts: true, ms:edgeOptions: {debuggerAddress: localhost:65066}, msedge: {msedgedriverVersion: 131.0.2903.86 (cf5bf303997c..., userDataDir: C:\Users\vamsh\AppData\Loca...}, networkConnectionEnabled: false, pageLoadStrategy: normal, platformName: windows, proxy: Proxy(), se:cdp: ws://localhost:65066/devtoo..., se:cdpVersion: 131.0.2903.86, setWindowRect: true, strictFileInteractability: false, timeouts: {implicit: 0, pageLoad: 300000, script: 30000}, unhandledPromptBehavior: dismiss and notify, webauthn:extension:credBlob: true, webauthn:extension:largeBlob: true, webauthn:extension:minPinLength: true, webauthn:extension:prf: true, webauthn:virtualAuthenticators: true}
Element: [[EdgeDriver: MicrosoftEdge on windows (81618cd25cdc032285c1c2097907b6f8)] -> css selector: .CodeMirror textarea]
Session ID: 81618cd25cdc032285c1c2097907b6f8
	at java.base/jdk.internal.reflect.DirectConstructorHandleAccessor.newInstance(DirectConstructorHandleAccessor.java:62)
	at java.base/java.lang.reflect.Constructor.newInstanceWithCaller(Constructor.java:502)
	at java.base/java.lang.reflect.Constructor.newInstance(Constructor.java:486)
	at org.openqa.selenium.remote.ErrorCodec.decode(ErrorCodec.java:167)
	at org.openqa.selenium.remote.codec.w3c.W3CHttpResponseCodec.decode(W3CHttpResponseCodec.java:138)
	at org.openqa.selenium.remote.codec.w3c.W3CHttpResponseCodec.decode(W3CHttpResponseCodec.java:50)
	at org.openqa.selenium.remote.HttpCommandExecutor.execute(HttpCommandExecutor.java:190)
	at org.openqa.selenium.remote.service.DriverCommandExecutor.invokeExecute(DriverCommandExecutor.java:216)
	at org.openqa.selenium.remote.service.DriverCommandExecutor.execute(DriverCommandExecutor.java:174)
	at org.openqa.selenium.remote.RemoteWebDriver.execute(RemoteWebDriver.java:545)
	at org.openqa.selenium.remote.RemoteWebElement.execute(RemoteWebElement.java:223)
	at org.openqa.selenium.remote.RemoteWebElement.sendKeys(RemoteWebElement.java:110)
	at PageObjects.TreePage.writeInTryEditorWindow(TreePage.java:357)
	at StepDefinitions.Tree.the_user_writes_the_invalid_python_code_and_clicks_on_run_button(Tree.java:96)
	at ✽.The user writes the invalid python code and clicks on Run button(file:///C:/Projects/Repo1/src/test/resources/Features/Tree.feature:124)
&amp#27;[0m
  &amp#27;[36mWhen &amp#27;[0m&amp#27;[36mThe user clicks the ok button in the alert window&amp#27;[0m               &amp#27;[90m# StepDefinitions.Tree.the_user_clicks_the_ok_button_in_the_alert_window()&amp#27;[0m
  &amp#27;[36mThen &amp#27;[0m&amp#27;[36mAlert message window is dismissed and user stays on Editor page&amp#27;[0m &amp#27;[90m# StepDefinitions.Tree.Alert_message_window_is_dismissed_and_user_stays_on_Editor_page()&amp#27;[0m
[ERROR] 2024-12-09 22:26:44.829 [TestNG-PoolService-1] Hooks - ======================  TEST CASE FAILED !! ======================

    Embedding screenshot [image/png 7890 bytes]

[INFO ] 2024-12-09 22:26:45.048 [TestNG-PoolService-1] Hooks - ======================  Screenshot is captured  ======================
[INFO ] 2024-12-09 22:26:45.050 [TestNG-PoolService-1] Hooks - ======================  Test Execution is completed!! ======================
  &amp#27;[32mGiven &amp#27;[0m&amp#27;[32mThe user is on the DS Introduction page as signedIn&amp#27;[0m &amp#27;[90m# StepDefinitions.DSIntroductionDetails.the_user_is_on_the_ds_introduction_page_as_signed_in()&amp#27;[0m
  &amp#27;[32mAnd &amp#27;[0m&amp#27;[32mUser clicks on Get Started button from Tree panel&amp#27;[0m     &amp#27;[90m# StepDefinitions.Tree.user_clicks_on_get_started_button_from_tree_panel()&amp#27;[0m
  &amp#27;[32mGiven &amp#27;[0m&amp#27;[32mThe user is on the Types of Trees page&amp#27;[0m              &amp#27;[90m# StepDefinitions.Tree.the_user_is_on_the_types_of_trees_page()&amp#27;[0m
  &amp#27;[32mWhen &amp#27;[0m&amp#27;[32mThe user clicks Tree Traversals link&amp#27;[0m                 &amp#27;[90m# StepDefinitions.Tree.the_user_clicks_tree_traversals_link()&amp#27;[0m
  &amp#27;[32mThen &amp#27;[0m&amp#27;[32mThe user is redirected to Tree Traversals page&amp#27;[0m       &amp#27;[90m# StepDefinitions.Tree.the_user_is_redirected_to_tree_traversals_page()&amp#27;[0m
]]></system-out>
    <system-err><![CDATA[Dec 09, 2024 10:26:41 PM org.openqa.selenium.devtools.CdpVersionFinder findNearestMatch
WARNING: Unable to find an exact match for CDP version 131, returning the closest version; found: 130; Please update to a Selenium version that supports CDP version 131
Dec 09, 2024 10:26:43 PM org.openqa.selenium.devtools.CdpVersionFinder findNearestMatch
WARNING: Unable to find an exact match for CDP version 131, returning the closest version; found: 130; Please update to a Selenium version that supports CDP version 131
]]></system-err>
  </testcase>
  <testcase name="runScenario[&quot;Types of Trees&quot;, &quot;Tree&quot;](155)" classname="TestRunners.TestRunner" time="0.396">
    <system-out><![CDATA[
Scenario: Try Here Editor page with empty code                               &amp#27;[90m# src/test/resources/Features/Tree.feature:141&amp#27;[0m
  &amp#27;[32mWhen &amp#27;[0m&amp#27;[32mThe user clicks Tree Traversals link&amp#27;[0m                 &amp#27;[90m# StepDefinitions.Tree.the_user_clicks_tree_traversals_link()&amp#27;[0m
  &amp#27;[32mThen &amp#27;[0m&amp#27;[32mThe user is redirected to Tree Traversals page&amp#27;[0m       &amp#27;[90m# StepDefinitions.Tree.the_user_is_redirected_to_tree_traversals_page()&amp#27;[0m
[INFO ] 2024-12-09 22:01:39.132 [TestNG-PoolService-2] Hooks - ======================  Test Execution is completed!! ======================
]]></system-out>
  </testcase>
  <testcase name="runScenario[&quot;Types of Trees&quot;, &quot;Tree&quot;](155)" classname="TestRunners.TestRunner" time="1.388">
    <system-out><![CDATA[[INFO ] 2024-12-09 22:26:46.484 [TestNG-PoolService-2] Hooks - ======================  Test Execution is completed!! ======================

Scenario: Try Here Editor page with empty code                               &amp#27;[90m# src/test/resources/Features/Tree.feature:141&amp#27;[0m
[INFO ] 2024-12-09 22:26:47.790 [TestNG-PoolService-1] Hooks - ======================  New Test Execution is STARTED!! ======================
]]></system-out>
    <system-err><![CDATA[Dec 09, 2024 10:26:47 PM org.openqa.selenium.devtools.CdpVersionFinder findNearestMatch
WARNING: Unable to find an exact match for CDP version 131, returning the closest version; found: 130; Please update to a Selenium version that supports CDP version 131
]]></system-err>
  </testcase>
  <testcase name="runScenario[&quot;Tree Traversals&quot;, &quot;Tree&quot;](156)" classname="TestRunners.TestRunner" time="4.234">
    <system-out><![CDATA[
Scenario: Try Here Editor page with valid data                        &amp#27;[90m# src/test/resources/Features/Tree.feature:148&amp#27;[0m
[INFO ] 2024-12-09 22:01:40.738 [TestNG-PoolService-1] Hooks - ======================  New Test Execution is STARTED!! ======================
[INFO ] 2024-12-09 22:01:40.925 [TestNG-PoolService-2] Hooks - ======================  New Test Execution is STARTED!! ======================
  &amp#27;[32mGiven &amp#27;[0m&amp#27;[32mThe user is on the DS Introduction page as signedIn&amp#27;[0m          &amp#27;[90m# StepDefinitions.DSIntroductionDetails.the_user_is_on_the_ds_introduction_page_as_signed_in()&amp#27;[0m
  &amp#27;[32mAnd &amp#27;[0m&amp#27;[32mUser clicks on Get Started button from Tree panel&amp#27;[0m              &amp#27;[90m# StepDefinitions.Tree.user_clicks_on_get_started_button_from_tree_panel()&amp#27;[0m
  &amp#27;[32mGiven &amp#27;[0m&amp#27;[32mThe user is on the Tree Traversals page&amp#27;[0m                      &amp#27;[90m# StepDefinitions.Tree.the_user_is_on_the_tree_traversals_page()&amp#27;[0m
  &amp#27;[32mWhen &amp#27;[0m&amp#27;[32mThe user clicks Try Here button&amp#27;[0m                               &amp#27;[90m# StepDefinitions.Tree.the_user_clicks_try_here_button()&amp#27;[0m
  &amp#27;[32mThen &amp#27;[0m&amp#27;[32mThe user is redirected to a page having Editor and run button&amp#27;[0m &amp#27;[90m# StepDefinitions.Tree.the_user_is_redirected_to_a_page_having_editor_and_run_button()&amp#27;[0m
[INFO ] 2024-12-09 22:01:43.445 [TestNG-PoolService-3] Hooks - ======================  Test Execution is completed!! ======================
  &amp#27;[32mGiven &amp#27;[0m&amp#27;[32mThe user is on the DS Introduction page as signedIn&amp#27;[0m                  &amp#27;[90m# StepDefinitions.DSIntroductionDetails.the_user_is_on_the_ds_introduction_page_as_signed_in()&amp#27;[0m
]]></system-out>
    <system-err><![CDATA[Dec 09, 2024 10:01:40 PM org.openqa.selenium.devtools.CdpVersionFinder findNearestMatch
WARNING: Unable to find an exact match for CDP version 131, returning the closest version; found: 130; Please update to a Selenium version that supports CDP version 131
Dec 09, 2024 10:01:40 PM org.openqa.selenium.devtools.CdpVersionFinder findNearestMatch
WARNING: Unable to find an exact match for CDP version 131, returning the closest version; found: 130; Please update to a Selenium version that supports CDP version 131
]]></system-err>
  </testcase>
  <testcase name="runScenario[&quot;Tree Traversals&quot;, &quot;Tree&quot;](156)" classname="TestRunners.TestRunner" time="2.737">
    <system-out><![CDATA[
Scenario: Try Here Editor page with valid data                        &amp#27;[90m# src/test/resources/Features/Tree.feature:148&amp#27;[0m
  &amp#27;[32mGiven &amp#27;[0m&amp#27;[32mThe user is on the DS Introduction page as signedIn&amp#27;[0m          &amp#27;[90m# StepDefinitions.DSIntroductionDetails.the_user_is_on_the_ds_introduction_page_as_signed_in()&amp#27;[0m
  &amp#27;[32mAnd &amp#27;[0m&amp#27;[32mUser clicks on Get Started button from Tree panel&amp#27;[0m              &amp#27;[90m# StepDefinitions.Tree.user_clicks_on_get_started_button_from_tree_panel()&amp#27;[0m
  &amp#27;[32mGiven &amp#27;[0m&amp#27;[32mThe user is on the Tree Traversals page&amp#27;[0m                      &amp#27;[90m# StepDefinitions.Tree.the_user_is_on_the_tree_traversals_page()&amp#27;[0m
  &amp#27;[32mWhen &amp#27;[0m&amp#27;[32mThe user clicks Try Here button&amp#27;[0m                               &amp#27;[90m# StepDefinitions.Tree.the_user_clicks_try_here_button()&amp#27;[0m
  &amp#27;[32mThen &amp#27;[0m&amp#27;[32mThe user is redirected to a page having Editor and run button&amp#27;[0m &amp#27;[90m# StepDefinitions.Tree.the_user_is_redirected_to_a_page_having_editor_and_run_button()&amp#27;[0m
[INFO ] 2024-12-09 22:26:49.237 [TestNG-PoolService-3] Hooks - ======================  Test Execution is completed!! ======================
]]></system-out>
  </testcase>
  <testcase name="runScenario[&quot;Try Here Editor page with empty code&quot;, &quot;Tree&quot;](157)" classname="TestRunners.TestRunner" time="1.882">
    <system-out><![CDATA[
Scenario: Try Here Editor page with invalid data                        &amp#27;[90m# src/test/resources/Features/Tree.feature:155&amp#27;[0m
  &amp#27;[32mGiven &amp#27;[0m&amp#27;[32mThe user is on the DS Introduction page as signedIn&amp#27;[0m           &amp#27;[90m# StepDefinitions.DSIntroductionDetails.the_user_is_on_the_ds_introduction_page_as_signed_in()&amp#27;[0m
  &amp#27;[32mAnd &amp#27;[0m&amp#27;[32mUser clicks on Get Started button from Tree panel&amp#27;[0m                      &amp#27;[90m# StepDefinitions.Tree.user_clicks_on_get_started_button_from_tree_panel()&amp#27;[0m
  &amp#27;[32mAnd &amp#27;[0m&amp#27;[32mUser clicks on Get Started button from Tree panel&amp#27;[0m               &amp#27;[90m# StepDefinitions.Tree.user_clicks_on_get_started_button_from_tree_panel()&amp#27;[0m
  &amp#27;[32mGiven &amp#27;[0m&amp#27;[32mThe user is on the Tree Traversals page&amp#27;[0m                              &amp#27;[90m# StepDefinitions.Tree.the_user_is_on_the_tree_traversals_page()&amp#27;[0m
  &amp#27;[32mGiven &amp#27;[0m&amp#27;[32mThe user is on the Tree Traversals page&amp#27;[0m                       &amp#27;[90m# StepDefinitions.Tree.the_user_is_on_the_tree_traversals_page()&amp#27;[0m
  &amp#27;[32mAnd &amp#27;[0m&amp#27;[32mThe user clicks Try Here button&amp#27;[0m                                        &amp#27;[90m# StepDefinitions.Tree.the_user_clicks_try_here_button()&amp#27;[0m
[INFO ] 2024-12-09 22:01:45.128 [TestNG-PoolService-3] Hooks - ======================  New Test Execution is STARTED!! ======================
  &amp#27;[32mWhen &amp#27;[0m&amp#27;[32mThe user writes no code inside editor window and clicks on Run button&amp#27;[0m &amp#27;[90m# StepDefinitions.Tree.the_user_writes_no_code_inside_editor_window_and_clicks_on_run_button()&amp#27;[0m
  &amp#27;[32mThen &amp#27;[0m&amp#27;[32mNothing happens to the Editor page and no error message is displayed&amp#27;[0m  &amp#27;[90m# StepDefinitions.Tree.nothing_happens_to_the_editor_page_and_no_error_message_is_displayed()&amp#27;[0m
[INFO ] 2024-12-09 22:01:45.321 [TestNG-PoolService-1] Hooks - ======================  Test Execution is completed!! ======================
]]></system-out>
    <system-err><![CDATA[Dec 09, 2024 10:01:45 PM org.openqa.selenium.devtools.CdpVersionFinder findNearestMatch
WARNING: Unable to find an exact match for CDP version 131, returning the closest version; found: 130; Please update to a Selenium version that supports CDP version 131
]]></system-err>
  </testcase>
  <testcase name="runScenario[&quot;Try Here Editor page with empty code&quot;, &quot;Tree&quot;](157)" classname="TestRunners.TestRunner" time="11.448">
    <system-out><![CDATA[
Scenario: Try Here Editor page with invalid data                        &amp#27;[90m# src/test/resources/Features/Tree.feature:155&amp#27;[0m
[INFO ] 2024-12-09 22:14:33.425 [TestNG-PoolService-2] Hooks - ======================  New Test Execution is STARTED!! ======================
[INFO ] 2024-12-09 22:14:35.122 [TestNG-PoolService-1] Hooks - ======================  New Test Execution is STARTED!! ======================
[INFO ] 2024-12-09 22:14:35.319 [TestNG-PoolService-3] Hooks - ======================  New Test Execution is STARTED!! ======================
  &amp#27;[32mGiven &amp#27;[0m&amp#27;[32mThe user is on the DS Introduction page as signedIn&amp#27;[0m                  &amp#27;[90m# StepDefinitions.DSIntroductionDetails.the_user_is_on_the_ds_introduction_page_as_signed_in()&amp#27;[0m
  &amp#27;[32mAnd &amp#27;[0m&amp#27;[32mUser clicks on Get Started button from Tree panel&amp#27;[0m                      &amp#27;[90m# StepDefinitions.Tree.user_clicks_on_get_started_button_from_tree_panel()&amp#27;[0m
  &amp#27;[32mGiven &amp#27;[0m&amp#27;[32mThe user is on the Tree Traversals page&amp#27;[0m                              &amp#27;[90m# StepDefinitions.Tree.the_user_is_on_the_tree_traversals_page()&amp#27;[0m
  &amp#27;[32mGiven &amp#27;[0m&amp#27;[32mThe user is on the DS Introduction page as signedIn&amp#27;[0m             &amp#27;[90m# StepDefinitions.DSIntroductionDetails.the_user_is_on_the_ds_introduction_page_as_signed_in()&amp#27;[0m
  &amp#27;[32mGiven &amp#27;[0m&amp#27;[32mThe user is on the DS Introduction page as signedIn&amp#27;[0m           &amp#27;[90m# StepDefinitions.DSIntroductionDetails.the_user_is_on_the_ds_introduction_page_as_signed_in()&amp#27;[0m
  &amp#27;[32mAnd &amp#27;[0m&amp#27;[32mUser clicks on Get Started button from Tree panel&amp#27;[0m                 &amp#27;[90m# StepDefinitions.Tree.user_clicks_on_get_started_button_from_tree_panel()&amp#27;[0m
  &amp#27;[32mAnd &amp#27;[0m&amp#27;[32mUser clicks on Get Started button from Tree panel&amp#27;[0m               &amp#27;[90m# StepDefinitions.Tree.user_clicks_on_get_started_button_from_tree_panel()&amp#27;[0m
  &amp#27;[32mGiven &amp#27;[0m&amp#27;[32mThe user is on the Tree Traversals page&amp#27;[0m                         &amp#27;[90m# StepDefinitions.Tree.the_user_is_on_the_tree_traversals_page()&amp#27;[0m
  &amp#27;[32mAnd &amp#27;[0m&amp#27;[32mThe user clicks Try Here button&amp#27;[0m                                        &amp#27;[90m# StepDefinitions.Tree.the_user_clicks_try_here_button()&amp#27;[0m
  &amp#27;[32mGiven &amp#27;[0m&amp#27;[32mThe user is on the Tree Traversals page&amp#27;[0m                       &amp#27;[90m# StepDefinitions.Tree.the_user_is_on_the_tree_traversals_page()&amp#27;[0m
  &amp#27;[32mWhen &amp#27;[0m&amp#27;[32mThe user writes no code inside editor window and clicks on Run button&amp#27;[0m &amp#27;[90m# StepDefinitions.Tree.the_user_writes_no_code_inside_editor_window_and_clicks_on_run_button()&amp#27;[0m
  &amp#27;[32mThen &amp#27;[0m&amp#27;[32mNothing happens to the Editor page and no error message is displayed&amp#27;[0m  &amp#27;[90m# StepDefinitions.Tree.nothing_happens_to_the_editor_page_and_no_error_message_is_displayed()&amp#27;[0m
[INFO ] 2024-12-09 22:14:38.948 [TestNG-PoolService-2] Hooks - ======================  Test Execution is completed!! ======================
  &amp#27;[32mAnd &amp#27;[0m&amp#27;[32mThe user clicks Try Here button&amp#27;[0m                                   &amp#27;[90m# StepDefinitions.Tree.the_user_clicks_try_here_button()&amp#27;[0m
  &amp#27;[32mWhen &amp#27;[0m&amp#27;[32mThe user writes the invalid python code and clicks on Run button&amp#27;[0m &amp#27;[90m# StepDefinitions.Tree.the_user_writes_the_invalid_python_code_and_clicks_on_run_button()&amp#27;[0m
  &amp#27;[32mThen &amp#27;[0m&amp#27;[32mThe user see error msg in alert window&amp#27;[0m                           &amp#27;[90m# StepDefinitions.Tree.the_user_see_error_msg_in_alert_window()&amp#27;[0m
[INFO ] 2024-12-09 22:14:39.698 [TestNG-PoolService-3] Hooks - ======================  Test Execution is completed!! ======================
  &amp#27;[32mAnd &amp#27;[0m&amp#27;[32mThe user clicks Try Here button&amp#27;[0m                                 &amp#27;[90m# StepDefinitions.Tree.the_user_clicks_try_here_button()&amp#27;[0m
  &amp#27;[32mWhen &amp#27;[0m&amp#27;[32mThe user writes the valid python code and clicks on Run button&amp#27;[0m &amp#27;[90m# StepDefinitions.Tree.the_user_writes_the_valid_python_code_and_clicks_on_run_button()&amp#27;[0m
  &amp#27;[32mThen &amp#27;[0m&amp#27;[32mThe user is able to see the output inside the console.&amp#27;[0m         &amp#27;[90m# StepDefinitions.Tree.the_user_is_able_to_see_the_output_inside_the_console()&amp#27;[0m
[INFO ] 2024-12-09 22:14:40.596 [TestNG-PoolService-1] Hooks - ======================  Test Execution is completed!! ======================
]]></system-out>
  </testcase>
  <testcase name="runScenario[&quot;Try Here Editor page with empty code&quot;, &quot;Tree&quot;](157)" classname="TestRunners.TestRunner" time="4.929">
    <failure message="element not interactable&#10;  (Session info: MicrosoftEdge=131.0.2903.86)&#10;Build info: version: &apos;4.26.0&apos;, revision: &apos;8ccf0219d7&apos;&#10;System info: os.name: &apos;Windows 11&apos;, os.arch: &apos;amd64&apos;, os.version: &apos;10.0&apos;, java.version: &apos;21.0.5&apos;&#10;Driver info: org.openqa.selenium.edge.EdgeDriver&#10;Command: [c66afdf330632af0393478047adf4c15, sendKeysToElement {value=[Ljava.lang.CharSequence;@25685df, id=f.3A8FE576DFA4F5E34EF7E8931BEBDDFC.d.4D06273680F18CBA28F8354C8E380587.e.39}]&#10;Capabilities {acceptInsecureCerts: false, browserName: MicrosoftEdge, browserVersion: 131.0.2903.86, fedcm:accounts: true, ms:edgeOptions: {debuggerAddress: localhost:65189}, msedge: {msedgedriverVersion: 131.0.2903.86 (cf5bf303997c..., userDataDir: C:\Users\vamsh\AppData\Loca...}, networkConnectionEnabled: false, pageLoadStrategy: normal, platformName: windows, proxy: Proxy(), se:cdp: ws://localhost:65189/devtoo..., se:cdpVersion: 131.0.2903.86, setWindowRect: true, strictFileInteractability: false, timeouts: {implicit: 0, pageLoad: 300000, script: 30000}, unhandledPromptBehavior: dismiss and notify, webauthn:extension:credBlob: true, webauthn:extension:largeBlob: true, webauthn:extension:minPinLength: true, webauthn:extension:prf: true, webauthn:virtualAuthenticators: true}&#10;Element: [[EdgeDriver: MicrosoftEdge on windows (c66afdf330632af0393478047adf4c15)] -&gt; css selector: .CodeMirror textarea]&#10;Session ID: c66afdf330632af0393478047adf4c15" type="org.openqa.selenium.ElementNotInteractableException"><![CDATA[org.openqa.selenium.ElementNotInteractableException: 
element not interactable
  (Session info: MicrosoftEdge=131.0.2903.86)
Build info: version: '4.26.0', revision: '8ccf0219d7'
System info: os.name: 'Windows 11', os.arch: 'amd64', os.version: '10.0', java.version: '21.0.5'
Driver info: org.openqa.selenium.edge.EdgeDriver
Command: [c66afdf330632af0393478047adf4c15, sendKeysToElement {value=[Ljava.lang.CharSequence;@25685df, id=f.3A8FE576DFA4F5E34EF7E8931BEBDDFC.d.4D06273680F18CBA28F8354C8E380587.e.39}]
Capabilities {acceptInsecureCerts: false, browserName: MicrosoftEdge, browserVersion: 131.0.2903.86, fedcm:accounts: true, ms:edgeOptions: {debuggerAddress: localhost:65189}, msedge: {msedgedriverVersion: 131.0.2903.86 (cf5bf303997c..., userDataDir: C:\Users\vamsh\AppData\Loca...}, networkConnectionEnabled: false, pageLoadStrategy: normal, platformName: windows, proxy: Proxy(), se:cdp: ws://localhost:65189/devtoo..., se:cdpVersion: 131.0.2903.86, setWindowRect: true, strictFileInteractability: false, timeouts: {implicit: 0, pageLoad: 300000, script: 30000}, unhandledPromptBehavior: dismiss and notify, webauthn:extension:credBlob: true, webauthn:extension:largeBlob: true, webauthn:extension:minPinLength: true, webauthn:extension:prf: true, webauthn:virtualAuthenticators: true}
Element: [[EdgeDriver: MicrosoftEdge on windows (c66afdf330632af0393478047adf4c15)] -> css selector: .CodeMirror textarea]
Session ID: c66afdf330632af0393478047adf4c15
]]></failure>
    <system-out><![CDATA[
Scenario: Try Here Editor page with invalid data                        &amp#27;[90m# src/test/resources/Features/Tree.feature:155&amp#27;[0m
[INFO ] 2024-12-09 22:26:50.925 [TestNG-PoolService-2] Hooks - ======================  New Test Execution is STARTED!! ======================
  &amp#27;[32mGiven &amp#27;[0m&amp#27;[32mThe user is on the DS Introduction page as signedIn&amp#27;[0m                  &amp#27;[90m# StepDefinitions.DSIntroductionDetails.the_user_is_on_the_ds_introduction_page_as_signed_in()&amp#27;[0m
  &amp#27;[32mAnd &amp#27;[0m&amp#27;[32mUser clicks on Get Started button from Tree panel&amp#27;[0m                      &amp#27;[90m# StepDefinitions.Tree.user_clicks_on_get_started_button_from_tree_panel()&amp#27;[0m
  &amp#27;[32mGiven &amp#27;[0m&amp#27;[32mThe user is on the Tree Traversals page&amp#27;[0m                              &amp#27;[90m# StepDefinitions.Tree.the_user_is_on_the_tree_traversals_page()&amp#27;[0m
  &amp#27;[32mAnd &amp#27;[0m&amp#27;[32mThe user clicks Try Here button&amp#27;[0m                                        &amp#27;[90m# StepDefinitions.Tree.the_user_clicks_try_here_button()&amp#27;[0m
  &amp#27;[31mWhen &amp#27;[0m&amp#27;[31mThe user writes no code inside editor window and clicks on Run button&amp#27;[0m &amp#27;[90m# StepDefinitions.Tree.the_user_writes_no_code_inside_editor_window_and_clicks_on_run_button()&amp#27;[0m
      &amp#27;[31morg.openqa.selenium.ElementNotInteractableException: element not interactable
  (Session info: MicrosoftEdge=131.0.2903.86)
Build info: version: '4.26.0', revision: '8ccf0219d7'
System info: os.name: 'Windows 11', os.arch: 'amd64', os.version: '10.0', java.version: '21.0.5'
Driver info: org.openqa.selenium.edge.EdgeDriver
Command: [c66afdf330632af0393478047adf4c15, sendKeysToElement {value=[Ljava.lang.CharSequence;@25685df, id=f.3A8FE576DFA4F5E34EF7E8931BEBDDFC.d.4D06273680F18CBA28F8354C8E380587.e.39}]
Capabilities {acceptInsecureCerts: false, browserName: MicrosoftEdge, browserVersion: 131.0.2903.86, fedcm:accounts: true, ms:edgeOptions: {debuggerAddress: localhost:65189}, msedge: {msedgedriverVersion: 131.0.2903.86 (cf5bf303997c..., userDataDir: C:\Users\vamsh\AppData\Loca...}, networkConnectionEnabled: false, pageLoadStrategy: normal, platformName: windows, proxy: Proxy(), se:cdp: ws://localhost:65189/devtoo..., se:cdpVersion: 131.0.2903.86, setWindowRect: true, strictFileInteractability: false, timeouts: {implicit: 0, pageLoad: 300000, script: 30000}, unhandledPromptBehavior: dismiss and notify, webauthn:extension:credBlob: true, webauthn:extension:largeBlob: true, webauthn:extension:minPinLength: true, webauthn:extension:prf: true, webauthn:virtualAuthenticators: true}
Element: [[EdgeDriver: MicrosoftEdge on windows (c66afdf330632af0393478047adf4c15)] -> css selector: .CodeMirror textarea]
Session ID: c66afdf330632af0393478047adf4c15
	at java.base/jdk.internal.reflect.DirectConstructorHandleAccessor.newInstance(DirectConstructorHandleAccessor.java:62)
	at java.base/java.lang.reflect.Constructor.newInstanceWithCaller(Constructor.java:502)
	at java.base/java.lang.reflect.Constructor.newInstance(Constructor.java:486)
	at org.openqa.selenium.remote.ErrorCodec.decode(ErrorCodec.java:167)
	at org.openqa.selenium.remote.codec.w3c.W3CHttpResponseCodec.decode(W3CHttpResponseCodec.java:138)
	at org.openqa.selenium.remote.codec.w3c.W3CHttpResponseCodec.decode(W3CHttpResponseCodec.java:50)
	at org.openqa.selenium.remote.HttpCommandExecutor.execute(HttpCommandExecutor.java:190)
	at org.openqa.selenium.remote.service.DriverCommandExecutor.invokeExecute(DriverCommandExecutor.java:216)
	at org.openqa.selenium.remote.service.DriverCommandExecutor.execute(DriverCommandExecutor.java:174)
	at org.openqa.selenium.remote.RemoteWebDriver.execute(RemoteWebDriver.java:545)
	at org.openqa.selenium.remote.RemoteWebElement.execute(RemoteWebElement.java:223)
	at org.openqa.selenium.remote.RemoteWebElement.sendKeys(RemoteWebElement.java:110)
	at PageObjects.TreePage.writeInTryEditorWindow(TreePage.java:357)
	at StepDefinitions.Tree.the_user_writes_no_code_inside_editor_window_and_clicks_on_run_button(Tree.java:73)
	at ✽.The user writes no code inside editor window and clicks on Run button(file:///C:/Projects/Repo1/src/test/resources/Features/Tree.feature:145)
&amp#27;[0m
  &amp#27;[36mThen &amp#27;[0m&amp#27;[36mNothing happens to the Editor page and no error message is displayed&amp#27;[0m  &amp#27;[90m# StepDefinitions.Tree.nothing_happens_to_the_editor_page_and_no_error_message_is_displayed()&amp#27;[0m
[ERROR] 2024-12-09 22:26:53.934 [TestNG-PoolService-1] Hooks - ======================  TEST CASE FAILED !! ======================
[INFO ] 2024-12-09 22:26:53.979 [TestNG-PoolService-3] Hooks - ======================  New Test Execution is STARTED!! ======================

    Embedding screenshot [image/png 7890 bytes]

[INFO ] 2024-12-09 22:26:54.113 [TestNG-PoolService-1] Hooks - ======================  Screenshot is captured  ======================
[INFO ] 2024-12-09 22:26:54.115 [TestNG-PoolService-1] Hooks - ======================  Test Execution is completed!! ======================
  &amp#27;[32mGiven &amp#27;[0m&amp#27;[32mThe user is on the DS Introduction page as signedIn&amp#27;[0m           &amp#27;[90m# StepDefinitions.DSIntroductionDetails.the_user_is_on_the_ds_introduction_page_as_signed_in()&amp#27;[0m
  &amp#27;[32mAnd &amp#27;[0m&amp#27;[32mUser clicks on Get Started button from Tree panel&amp#27;[0m               &amp#27;[90m# StepDefinitions.Tree.user_clicks_on_get_started_button_from_tree_panel()&amp#27;[0m
]]></system-out>
    <system-err><![CDATA[Dec 09, 2024 10:26:50 PM org.openqa.selenium.devtools.CdpVersionFinder findNearestMatch
WARNING: Unable to find an exact match for CDP version 131, returning the closest version; found: 130; Please update to a Selenium version that supports CDP version 131
Dec 09, 2024 10:26:53 PM org.openqa.selenium.devtools.CdpVersionFinder findNearestMatch
WARNING: Unable to find an exact match for CDP version 131, returning the closest version; found: 130; Please update to a Selenium version that supports CDP version 131
]]></system-err>
  </testcase>
  <testcase name="runScenario[&quot;Try Here Editor page with valid data&quot;, &quot;Tree&quot;](158)" classname="TestRunners.TestRunner" time="0.523">
    <failure message="element not interactable&#10;  (Session info: chrome=131.0.6778.109)&#10;Build info: version: &apos;4.26.0&apos;, revision: &apos;8ccf0219d7&apos;&#10;System info: os.name: &apos;Windows 11&apos;, os.arch: &apos;amd64&apos;, os.version: &apos;10.0&apos;, java.version: &apos;21.0.5&apos;&#10;Driver info: org.openqa.selenium.chrome.ChromeDriver&#10;Command: [ed50e6a666996a6b7ce236e9ec0e1553, sendKeysToElement {value=[Ljava.lang.CharSequence;@345938d4, id=f.41ED0A5B58D8B9201026FA13E928F80C.d.6D4BDA6E67318D5D13F9EC3E3057E693.e.50}]&#10;Capabilities {acceptInsecureCerts: false, browserName: chrome, browserVersion: 131.0.6778.109, chrome: {chromedriverVersion: 131.0.6778.87 (ce31cae94873..., userDataDir: C:\Users\vamsh\AppData\Loca...}, fedcm:accounts: true, goog:chromeOptions: {debuggerAddress: localhost:61913}, networkConnectionEnabled: false, pageLoadStrategy: normal, platformName: windows, proxy: Proxy(), se:cdp: ws://localhost:61913/devtoo..., se:cdpVersion: 131.0.6778.109, setWindowRect: true, strictFileInteractability: false, timeouts: {implicit: 0, pageLoad: 300000, script: 30000}, unhandledPromptBehavior: dismiss and notify, webauthn:extension:credBlob: true, webauthn:extension:largeBlob: true, webauthn:extension:minPinLength: true, webauthn:extension:prf: true, webauthn:virtualAuthenticators: true}&#10;Element: [[ChromeDriver: chrome on windows (ed50e6a666996a6b7ce236e9ec0e1553)] -&gt; css selector: .CodeMirror textarea]&#10;Session ID: ed50e6a666996a6b7ce236e9ec0e1553" type="org.openqa.selenium.ElementNotInteractableException"><![CDATA[org.openqa.selenium.ElementNotInteractableException: 
element not interactable
  (Session info: chrome=131.0.6778.109)
Build info: version: '4.26.0', revision: '8ccf0219d7'
System info: os.name: 'Windows 11', os.arch: 'amd64', os.version: '10.0', java.version: '21.0.5'
Driver info: org.openqa.selenium.chrome.ChromeDriver
Command: [ed50e6a666996a6b7ce236e9ec0e1553, sendKeysToElement {value=[Ljava.lang.CharSequence;@345938d4, id=f.41ED0A5B58D8B9201026FA13E928F80C.d.6D4BDA6E67318D5D13F9EC3E3057E693.e.50}]
Capabilities {acceptInsecureCerts: false, browserName: chrome, browserVersion: 131.0.6778.109, chrome: {chromedriverVersion: 131.0.6778.87 (ce31cae94873..., userDataDir: C:\Users\vamsh\AppData\Loca...}, fedcm:accounts: true, goog:chromeOptions: {debuggerAddress: localhost:61913}, networkConnectionEnabled: false, pageLoadStrategy: normal, platformName: windows, proxy: Proxy(), se:cdp: ws://localhost:61913/devtoo..., se:cdpVersion: 131.0.6778.109, setWindowRect: true, strictFileInteractability: false, timeouts: {implicit: 0, pageLoad: 300000, script: 30000}, unhandledPromptBehavior: dismiss and notify, webauthn:extension:credBlob: true, webauthn:extension:largeBlob: true, webauthn:extension:minPinLength: true, webauthn:extension:prf: true, webauthn:virtualAuthenticators: true}
Element: [[ChromeDriver: chrome on windows (ed50e6a666996a6b7ce236e9ec0e1553)] -> css selector: .CodeMirror textarea]
Session ID: ed50e6a666996a6b7ce236e9ec0e1553
]]></failure>
    <system-out><![CDATA[
Scenario: Try Here Editor page with alert message                      &amp#27;[90m# src/test/resources/Features/Tree.feature:162&amp#27;[0m
  &amp#27;[32mAnd &amp#27;[0m&amp#27;[32mThe user clicks Try Here button&amp#27;[0m                                 &amp#27;[90m# StepDefinitions.Tree.the_user_clicks_try_here_button()&amp#27;[0m
  &amp#27;[31mWhen &amp#27;[0m&amp#27;[31mThe user writes the valid python code and clicks on Run button&amp#27;[0m &amp#27;[90m# StepDefinitions.Tree.the_user_writes_the_valid_python_code_and_clicks_on_run_button()&amp#27;[0m
      &amp#27;[31morg.openqa.selenium.ElementNotInteractableException: element not interactable
  (Session info: chrome=131.0.6778.109)
Build info: version: '4.26.0', revision: '8ccf0219d7'
System info: os.name: 'Windows 11', os.arch: 'amd64', os.version: '10.0', java.version: '21.0.5'
Driver info: org.openqa.selenium.chrome.ChromeDriver
Command: [ed50e6a666996a6b7ce236e9ec0e1553, sendKeysToElement {value=[Ljava.lang.CharSequence;@345938d4, id=f.41ED0A5B58D8B9201026FA13E928F80C.d.6D4BDA6E67318D5D13F9EC3E3057E693.e.50}]
Capabilities {acceptInsecureCerts: false, browserName: chrome, browserVersion: 131.0.6778.109, chrome: {chromedriverVersion: 131.0.6778.87 (ce31cae94873..., userDataDir: C:\Users\vamsh\AppData\Loca...}, fedcm:accounts: true, goog:chromeOptions: {debuggerAddress: localhost:61913}, networkConnectionEnabled: false, pageLoadStrategy: normal, platformName: windows, proxy: Proxy(), se:cdp: ws://localhost:61913/devtoo..., se:cdpVersion: 131.0.6778.109, setWindowRect: true, strictFileInteractability: false, timeouts: {implicit: 0, pageLoad: 300000, script: 30000}, unhandledPromptBehavior: dismiss and notify, webauthn:extension:credBlob: true, webauthn:extension:largeBlob: true, webauthn:extension:minPinLength: true, webauthn:extension:prf: true, webauthn:virtualAuthenticators: true}
Element: [[ChromeDriver: chrome on windows (ed50e6a666996a6b7ce236e9ec0e1553)] -> css selector: .CodeMirror textarea]
Session ID: ed50e6a666996a6b7ce236e9ec0e1553
	at java.base/jdk.internal.reflect.DirectConstructorHandleAccessor.newInstance(DirectConstructorHandleAccessor.java:62)
	at java.base/java.lang.reflect.Constructor.newInstanceWithCaller(Constructor.java:502)
	at java.base/java.lang.reflect.Constructor.newInstance(Constructor.java:486)
	at org.openqa.selenium.remote.ErrorCodec.decode(ErrorCodec.java:167)
	at org.openqa.selenium.remote.codec.w3c.W3CHttpResponseCodec.decode(W3CHttpResponseCodec.java:138)
	at org.openqa.selenium.remote.codec.w3c.W3CHttpResponseCodec.decode(W3CHttpResponseCodec.java:50)
	at org.openqa.selenium.remote.HttpCommandExecutor.execute(HttpCommandExecutor.java:190)
	at org.openqa.selenium.remote.service.DriverCommandExecutor.invokeExecute(DriverCommandExecutor.java:216)
	at org.openqa.selenium.remote.service.DriverCommandExecutor.execute(DriverCommandExecutor.java:174)
	at org.openqa.selenium.remote.RemoteWebDriver.execute(RemoteWebDriver.java:545)
	at org.openqa.selenium.remote.RemoteWebElement.execute(RemoteWebElement.java:223)
	at org.openqa.selenium.remote.RemoteWebElement.sendKeys(RemoteWebElement.java:110)
	at PageObjects.TreePage.writeInTryEditorWindow(TreePage.java:357)
	at StepDefinitions.Tree.the_user_writes_the_valid_python_code_and_clicks_on_run_button(Tree.java:85)
	at ✽.The user writes the valid python code and clicks on Run button(file:///C:/Projects/Repo1/src/test/resources/Features/Tree.feature:152)
&amp#27;[0m
  &amp#27;[36mThen &amp#27;[0m&amp#27;[36mThe user is able to see the output inside the console.&amp#27;[0m         &amp#27;[90m# StepDefinitions.Tree.the_user_is_able_to_see_the_output_inside_the_console()&amp#27;[0m
[ERROR] 2024-12-09 22:01:45.604 [TestNG-PoolService-2] Hooks - ======================  TEST CASE FAILED !! ======================

    Embedding screenshot [image/png 7853 bytes]

[INFO ] 2024-12-09 22:01:45.819 [TestNG-PoolService-2] Hooks - ======================  Screenshot is captured  ======================
[INFO ] 2024-12-09 22:01:45.821 [TestNG-PoolService-2] Hooks - ======================  Test Execution is completed!! ======================
]]></system-out>
  </testcase>
  <testcase name="runScenario[&quot;Try Here Editor page with valid data&quot;, &quot;Tree&quot;](158)" classname="TestRunners.TestRunner" time="3.076">
    <failure message="element not interactable&#10;  (Session info: MicrosoftEdge=131.0.2903.86)&#10;Build info: version: &apos;4.26.0&apos;, revision: &apos;8ccf0219d7&apos;&#10;System info: os.name: &apos;Windows 11&apos;, os.arch: &apos;amd64&apos;, os.version: &apos;10.0&apos;, java.version: &apos;21.0.5&apos;&#10;Driver info: org.openqa.selenium.edge.EdgeDriver&#10;Command: [0bc828b0b48d969863e0f7e30880d4a8, sendKeysToElement {value=[Ljava.lang.CharSequence;@6a828d1e, id=f.725852F7A793444C7B51FF8B816243AB.d.CA7A991C1772D12FB9CF229272A40026.e.38}]&#10;Capabilities {acceptInsecureCerts: false, browserName: MicrosoftEdge, browserVersion: 131.0.2903.86, fedcm:accounts: true, ms:edgeOptions: {debuggerAddress: localhost:65234}, msedge: {msedgedriverVersion: 131.0.2903.86 (cf5bf303997c..., userDataDir: C:\Users\vamsh\AppData\Loca...}, networkConnectionEnabled: false, pageLoadStrategy: normal, platformName: windows, proxy: Proxy(), se:cdp: ws://localhost:65234/devtoo..., se:cdpVersion: 131.0.2903.86, setWindowRect: true, strictFileInteractability: false, timeouts: {implicit: 0, pageLoad: 300000, script: 30000}, unhandledPromptBehavior: dismiss and notify, webauthn:extension:credBlob: true, webauthn:extension:largeBlob: true, webauthn:extension:minPinLength: true, webauthn:extension:prf: true, webauthn:virtualAuthenticators: true}&#10;Element: [[EdgeDriver: MicrosoftEdge on windows (0bc828b0b48d969863e0f7e30880d4a8)] -&gt; css selector: .CodeMirror textarea]&#10;Session ID: 0bc828b0b48d969863e0f7e30880d4a8" type="org.openqa.selenium.ElementNotInteractableException"><![CDATA[org.openqa.selenium.ElementNotInteractableException: 
element not interactable
  (Session info: MicrosoftEdge=131.0.2903.86)
Build info: version: '4.26.0', revision: '8ccf0219d7'
System info: os.name: 'Windows 11', os.arch: 'amd64', os.version: '10.0', java.version: '21.0.5'
Driver info: org.openqa.selenium.edge.EdgeDriver
Command: [0bc828b0b48d969863e0f7e30880d4a8, sendKeysToElement {value=[Ljava.lang.CharSequence;@6a828d1e, id=f.725852F7A793444C7B51FF8B816243AB.d.CA7A991C1772D12FB9CF229272A40026.e.38}]
Capabilities {acceptInsecureCerts: false, browserName: MicrosoftEdge, browserVersion: 131.0.2903.86, fedcm:accounts: true, ms:edgeOptions: {debuggerAddress: localhost:65234}, msedge: {msedgedriverVersion: 131.0.2903.86 (cf5bf303997c..., userDataDir: C:\Users\vamsh\AppData\Loca...}, networkConnectionEnabled: false, pageLoadStrategy: normal, platformName: windows, proxy: Proxy(), se:cdp: ws://localhost:65234/devtoo..., se:cdpVersion: 131.0.2903.86, setWindowRect: true, strictFileInteractability: false, timeouts: {implicit: 0, pageLoad: 300000, script: 30000}, unhandledPromptBehavior: dismiss and notify, webauthn:extension:credBlob: true, webauthn:extension:largeBlob: true, webauthn:extension:minPinLength: true, webauthn:extension:prf: true, webauthn:virtualAuthenticators: true}
Element: [[EdgeDriver: MicrosoftEdge on windows (0bc828b0b48d969863e0f7e30880d4a8)] -> css selector: .CodeMirror textarea]
Session ID: 0bc828b0b48d969863e0f7e30880d4a8
]]></failure>
    <system-out><![CDATA[
Scenario: Try Here Editor page with alert message                      &amp#27;[90m# src/test/resources/Features/Tree.feature:162&amp#27;[0m
  &amp#27;[32mGiven &amp#27;[0m&amp#27;[32mThe user is on the Tree Traversals page&amp#27;[0m                       &amp#27;[90m# StepDefinitions.Tree.the_user_is_on_the_tree_traversals_page()&amp#27;[0m
  &amp#27;[32mAnd &amp#27;[0m&amp#27;[32mThe user clicks Try Here button&amp#27;[0m                                 &amp#27;[90m# StepDefinitions.Tree.the_user_clicks_try_here_button()&amp#27;[0m
  &amp#27;[31mWhen &amp#27;[0m&amp#27;[31mThe user writes the valid python code and clicks on Run button&amp#27;[0m &amp#27;[90m# StepDefinitions.Tree.the_user_writes_the_valid_python_code_and_clicks_on_run_button()&amp#27;[0m
      &amp#27;[31morg.openqa.selenium.ElementNotInteractableException: element not interactable
  (Session info: MicrosoftEdge=131.0.2903.86)
Build info: version: '4.26.0', revision: '8ccf0219d7'
System info: os.name: 'Windows 11', os.arch: 'amd64', os.version: '10.0', java.version: '21.0.5'
Driver info: org.openqa.selenium.edge.EdgeDriver
Command: [0bc828b0b48d969863e0f7e30880d4a8, sendKeysToElement {value=[Ljava.lang.CharSequence;@6a828d1e, id=f.725852F7A793444C7B51FF8B816243AB.d.CA7A991C1772D12FB9CF229272A40026.e.38}]
Capabilities {acceptInsecureCerts: false, browserName: MicrosoftEdge, browserVersion: 131.0.2903.86, fedcm:accounts: true, ms:edgeOptions: {debuggerAddress: localhost:65234}, msedge: {msedgedriverVersion: 131.0.2903.86 (cf5bf303997c..., userDataDir: C:\Users\vamsh\AppData\Loca...}, networkConnectionEnabled: false, pageLoadStrategy: normal, platformName: windows, proxy: Proxy(), se:cdp: ws://localhost:65234/devtoo..., se:cdpVersion: 131.0.2903.86, setWindowRect: true, strictFileInteractability: false, timeouts: {implicit: 0, pageLoad: 300000, script: 30000}, unhandledPromptBehavior: dismiss and notify, webauthn:extension:credBlob: true, webauthn:extension:largeBlob: true, webauthn:extension:minPinLength: true, webauthn:extension:prf: true, webauthn:virtualAuthenticators: true}
Element: [[EdgeDriver: MicrosoftEdge on windows (0bc828b0b48d969863e0f7e30880d4a8)] -> css selector: .CodeMirror textarea]
Session ID: 0bc828b0b48d969863e0f7e30880d4a8
	at java.base/jdk.internal.reflect.DirectConstructorHandleAccessor.newInstance(DirectConstructorHandleAccessor.java:62)
	at java.base/java.lang.reflect.Constructor.newInstanceWithCaller(Constructor.java:502)
	at java.base/java.lang.reflect.Constructor.newInstance(Constructor.java:486)
	at org.openqa.selenium.remote.ErrorCodec.decode(ErrorCodec.java:167)
	at org.openqa.selenium.remote.codec.w3c.W3CHttpResponseCodec.decode(W3CHttpResponseCodec.java:138)
	at org.openqa.selenium.remote.codec.w3c.W3CHttpResponseCodec.decode(W3CHttpResponseCodec.java:50)
	at org.openqa.selenium.remote.HttpCommandExecutor.execute(HttpCommandExecutor.java:190)
	at org.openqa.selenium.remote.service.DriverCommandExecutor.invokeExecute(DriverCommandExecutor.java:216)
	at org.openqa.selenium.remote.service.DriverCommandExecutor.execute(DriverCommandExecutor.java:174)
	at org.openqa.selenium.remote.RemoteWebDriver.execute(RemoteWebDriver.java:545)
	at org.openqa.selenium.remote.RemoteWebElement.execute(RemoteWebElement.java:223)
	at org.openqa.selenium.remote.RemoteWebElement.sendKeys(RemoteWebElement.java:110)
	at PageObjects.TreePage.writeInTryEditorWindow(TreePage.java:357)
	at StepDefinitions.Tree.the_user_writes_the_valid_python_code_and_clicks_on_run_button(Tree.java:85)
	at ✽.The user writes the valid python code and clicks on Run button(file:///C:/Projects/Repo1/src/test/resources/Features/Tree.feature:152)
&amp#27;[0m
  &amp#27;[36mThen &amp#27;[0m&amp#27;[36mThe user is able to see the output inside the console.&amp#27;[0m         &amp#27;[90m# StepDefinitions.Tree.the_user_is_able_to_see_the_output_inside_the_console()&amp#27;[0m
[ERROR] 2024-12-09 22:26:56.978 [TestNG-PoolService-2] Hooks - ======================  TEST CASE FAILED !! ======================
[INFO ] 2024-12-09 22:26:56.992 [TestNG-PoolService-1] Hooks - ======================  New Test Execution is STARTED!! ======================

    Embedding screenshot [image/png 7890 bytes]

[INFO ] 2024-12-09 22:26:57.192 [TestNG-PoolService-2] Hooks - ======================  Screenshot is captured  ======================
[INFO ] 2024-12-09 22:26:57.194 [TestNG-PoolService-2] Hooks - ======================  Test Execution is completed!! ======================
  &amp#27;[32mGiven &amp#27;[0m&amp#27;[32mThe user is on the DS Introduction page as signedIn&amp#27;[0m             &amp#27;[90m# StepDefinitions.DSIntroductionDetails.the_user_is_on_the_ds_introduction_page_as_signed_in()&amp#27;[0m
  &amp#27;[32mAnd &amp#27;[0m&amp#27;[32mUser clicks on Get Started button from Tree panel&amp#27;[0m                 &amp#27;[90m# StepDefinitions.Tree.user_clicks_on_get_started_button_from_tree_panel()&amp#27;[0m
  &amp#27;[32mGiven &amp#27;[0m&amp#27;[32mThe user is on the Tree Traversals page&amp#27;[0m                         &amp#27;[90m# StepDefinitions.Tree.the_user_is_on_the_tree_traversals_page()&amp#27;[0m
]]></system-out>
    <system-err><![CDATA[Dec 09, 2024 10:26:56 PM org.openqa.selenium.devtools.CdpVersionFinder findNearestMatch
WARNING: Unable to find an exact match for CDP version 131, returning the closest version; found: 130; Please update to a Selenium version that supports CDP version 131
]]></system-err>
  </testcase>
  <testcase name="runScenario[&quot;Try Here Editor page with invalid data&quot;, &quot;Tree&quot;](159)" classname="TestRunners.TestRunner" time="4.014">
    <failure message="element not interactable&#10;  (Session info: chrome=131.0.6778.109)&#10;Build info: version: &apos;4.26.0&apos;, revision: &apos;8ccf0219d7&apos;&#10;System info: os.name: &apos;Windows 11&apos;, os.arch: &apos;amd64&apos;, os.version: &apos;10.0&apos;, java.version: &apos;21.0.5&apos;&#10;Driver info: org.openqa.selenium.chrome.ChromeDriver&#10;Command: [4f79baa1643d8909339d88047cf9a74f, sendKeysToElement {value=[Ljava.lang.CharSequence;@384bab61, id=f.5034FDEE2816538345ADFB2BBEDF64A1.d.F9B492B5143B15EB1FD13D24C688ACEC.e.51}]&#10;Capabilities {acceptInsecureCerts: false, browserName: chrome, browserVersion: 131.0.6778.109, chrome: {chromedriverVersion: 131.0.6778.87 (ce31cae94873..., userDataDir: C:\Users\vamsh\AppData\Loca...}, fedcm:accounts: true, goog:chromeOptions: {debuggerAddress: localhost:61964}, networkConnectionEnabled: false, pageLoadStrategy: normal, platformName: windows, proxy: Proxy(), se:cdp: ws://localhost:61964/devtoo..., se:cdpVersion: 131.0.6778.109, setWindowRect: true, strictFileInteractability: false, timeouts: {implicit: 0, pageLoad: 300000, script: 30000}, unhandledPromptBehavior: dismiss and notify, webauthn:extension:credBlob: true, webauthn:extension:largeBlob: true, webauthn:extension:minPinLength: true, webauthn:extension:prf: true, webauthn:virtualAuthenticators: true}&#10;Element: [[ChromeDriver: chrome on windows (4f79baa1643d8909339d88047cf9a74f)] -&gt; css selector: .CodeMirror textarea]&#10;Session ID: 4f79baa1643d8909339d88047cf9a74f" type="org.openqa.selenium.ElementNotInteractableException"><![CDATA[org.openqa.selenium.ElementNotInteractableException: 
element not interactable
  (Session info: chrome=131.0.6778.109)
Build info: version: '4.26.0', revision: '8ccf0219d7'
System info: os.name: 'Windows 11', os.arch: 'amd64', os.version: '10.0', java.version: '21.0.5'
Driver info: org.openqa.selenium.chrome.ChromeDriver
Command: [4f79baa1643d8909339d88047cf9a74f, sendKeysToElement {value=[Ljava.lang.CharSequence;@384bab61, id=f.5034FDEE2816538345ADFB2BBEDF64A1.d.F9B492B5143B15EB1FD13D24C688ACEC.e.51}]
Capabilities {acceptInsecureCerts: false, browserName: chrome, browserVersion: 131.0.6778.109, chrome: {chromedriverVersion: 131.0.6778.87 (ce31cae94873..., userDataDir: C:\Users\vamsh\AppData\Loca...}, fedcm:accounts: true, goog:chromeOptions: {debuggerAddress: localhost:61964}, networkConnectionEnabled: false, pageLoadStrategy: normal, platformName: windows, proxy: Proxy(), se:cdp: ws://localhost:61964/devtoo..., se:cdpVersion: 131.0.6778.109, setWindowRect: true, strictFileInteractability: false, timeouts: {implicit: 0, pageLoad: 300000, script: 30000}, unhandledPromptBehavior: dismiss and notify, webauthn:extension:credBlob: true, webauthn:extension:largeBlob: true, webauthn:extension:minPinLength: true, webauthn:extension:prf: true, webauthn:virtualAuthenticators: true}
Element: [[ChromeDriver: chrome on windows (4f79baa1643d8909339d88047cf9a74f)] -> css selector: .CodeMirror textarea]
Session ID: 4f79baa1643d8909339d88047cf9a74f
]]></failure>
    <system-out><![CDATA[
Scenario: Tree Traversals                                     &amp#27;[90m# src/test/resources/Features/Tree.feature:171&amp#27;[0m
[INFO ] 2024-12-09 22:01:46.999 [TestNG-PoolService-1] Hooks - ======================  New Test Execution is STARTED!! ======================
[INFO ] 2024-12-09 22:01:47.746 [TestNG-PoolService-2] Hooks - ======================  New Test Execution is STARTED!! ======================
  &amp#27;[32mGiven &amp#27;[0m&amp#27;[32mThe user is on the DS Introduction page as signedIn&amp#27;[0m             &amp#27;[90m# StepDefinitions.DSIntroductionDetails.the_user_is_on_the_ds_introduction_page_as_signed_in()&amp#27;[0m
  &amp#27;[32mAnd &amp#27;[0m&amp#27;[32mUser clicks on Get Started button from Tree panel&amp#27;[0m                 &amp#27;[90m# StepDefinitions.Tree.user_clicks_on_get_started_button_from_tree_panel()&amp#27;[0m
  &amp#27;[32mGiven &amp#27;[0m&amp#27;[32mThe user is on the Tree Traversals page&amp#27;[0m                         &amp#27;[90m# StepDefinitions.Tree.the_user_is_on_the_tree_traversals_page()&amp#27;[0m
  &amp#27;[32mAnd &amp#27;[0m&amp#27;[32mThe user clicks Try Here button&amp#27;[0m                                   &amp#27;[90m# StepDefinitions.Tree.the_user_clicks_try_here_button()&amp#27;[0m
  &amp#27;[31mWhen &amp#27;[0m&amp#27;[31mThe user writes the invalid python code and clicks on Run button&amp#27;[0m &amp#27;[90m# StepDefinitions.Tree.the_user_writes_the_invalid_python_code_and_clicks_on_run_button()&amp#27;[0m
      &amp#27;[31morg.openqa.selenium.ElementNotInteractableException: element not interactable
  (Session info: chrome=131.0.6778.109)
Build info: version: '4.26.0', revision: '8ccf0219d7'
System info: os.name: 'Windows 11', os.arch: 'amd64', os.version: '10.0', java.version: '21.0.5'
Driver info: org.openqa.selenium.chrome.ChromeDriver
Command: [4f79baa1643d8909339d88047cf9a74f, sendKeysToElement {value=[Ljava.lang.CharSequence;@384bab61, id=f.5034FDEE2816538345ADFB2BBEDF64A1.d.F9B492B5143B15EB1FD13D24C688ACEC.e.51}]
Capabilities {acceptInsecureCerts: false, browserName: chrome, browserVersion: 131.0.6778.109, chrome: {chromedriverVersion: 131.0.6778.87 (ce31cae94873..., userDataDir: C:\Users\vamsh\AppData\Loca...}, fedcm:accounts: true, goog:chromeOptions: {debuggerAddress: localhost:61964}, networkConnectionEnabled: false, pageLoadStrategy: normal, platformName: windows, proxy: Proxy(), se:cdp: ws://localhost:61964/devtoo..., se:cdpVersion: 131.0.6778.109, setWindowRect: true, strictFileInteractability: false, timeouts: {implicit: 0, pageLoad: 300000, script: 30000}, unhandledPromptBehavior: dismiss and notify, webauthn:extension:credBlob: true, webauthn:extension:largeBlob: true, webauthn:extension:minPinLength: true, webauthn:extension:prf: true, webauthn:virtualAuthenticators: true}
Element: [[ChromeDriver: chrome on windows (4f79baa1643d8909339d88047cf9a74f)] -> css selector: .CodeMirror textarea]
Session ID: 4f79baa1643d8909339d88047cf9a74f
	at java.base/jdk.internal.reflect.DirectConstructorHandleAccessor.newInstance(DirectConstructorHandleAccessor.java:62)
	at java.base/java.lang.reflect.Constructor.newInstanceWithCaller(Constructor.java:502)
	at java.base/java.lang.reflect.Constructor.newInstance(Constructor.java:486)
	at org.openqa.selenium.remote.ErrorCodec.decode(ErrorCodec.java:167)
	at org.openqa.selenium.remote.codec.w3c.W3CHttpResponseCodec.decode(W3CHttpResponseCodec.java:138)
	at org.openqa.selenium.remote.codec.w3c.W3CHttpResponseCodec.decode(W3CHttpResponseCodec.java:50)
	at org.openqa.selenium.remote.HttpCommandExecutor.execute(HttpCommandExecutor.java:190)
	at org.openqa.selenium.remote.service.DriverCommandExecutor.invokeExecute(DriverCommandExecutor.java:216)
	at org.openqa.selenium.remote.service.DriverCommandExecutor.execute(DriverCommandExecutor.java:174)
	at org.openqa.selenium.remote.RemoteWebDriver.execute(RemoteWebDriver.java:545)
	at org.openqa.selenium.remote.RemoteWebElement.execute(RemoteWebElement.java:223)
	at org.openqa.selenium.remote.RemoteWebElement.sendKeys(RemoteWebElement.java:110)
	at PageObjects.TreePage.writeInTryEditorWindow(TreePage.java:357)
	at StepDefinitions.Tree.the_user_writes_the_invalid_python_code_and_clicks_on_run_button(Tree.java:96)
	at ✽.The user writes the invalid python code and clicks on Run button(file:///C:/Projects/Repo1/src/test/resources/Features/Tree.feature:159)
&amp#27;[0m
  &amp#27;[36mThen &amp#27;[0m&amp#27;[36mThe user see error msg in alert window&amp#27;[0m                           &amp#27;[90m# StepDefinitions.Tree.the_user_see_error_msg_in_alert_window()&amp#27;[0m
[ERROR] 2024-12-09 22:01:49.630 [TestNG-PoolService-3] Hooks - ======================  TEST CASE FAILED !! ======================

    Embedding screenshot [image/png 7853 bytes]

[INFO ] 2024-12-09 22:01:49.806 [TestNG-PoolService-3] Hooks - ======================  Screenshot is captured  ======================
[INFO ] 2024-12-09 22:01:49.808 [TestNG-PoolService-3] Hooks - ======================  Test Execution is completed!! ======================
  &amp#27;[32mGiven &amp#27;[0m&amp#27;[32mThe user is on the DS Introduction page as signedIn&amp#27;[0m            &amp#27;[90m# StepDefinitions.DSIntroductionDetails.the_user_is_on_the_ds_introduction_page_as_signed_in()&amp#27;[0m
]]></system-out>
    <system-err><![CDATA[Dec 09, 2024 10:01:46 PM org.openqa.selenium.devtools.CdpVersionFinder findNearestMatch
WARNING: Unable to find an exact match for CDP version 131, returning the closest version; found: 130; Please update to a Selenium version that supports CDP version 131
Dec 09, 2024 10:01:47 PM org.openqa.selenium.devtools.CdpVersionFinder findNearestMatch
WARNING: Unable to find an exact match for CDP version 131, returning the closest version; found: 130; Please update to a Selenium version that supports CDP version 131
]]></system-err>
  </testcase>
  <testcase name="runScenario[&quot;Try Here Editor page with invalid data&quot;, &quot;Tree&quot;](159)" classname="TestRunners.TestRunner" time="2.045">
    <failure message="element not interactable&#10;  (Session info: MicrosoftEdge=131.0.2903.86)&#10;Build info: version: &apos;4.26.0&apos;, revision: &apos;8ccf0219d7&apos;&#10;System info: os.name: &apos;Windows 11&apos;, os.arch: &apos;amd64&apos;, os.version: &apos;10.0&apos;, java.version: &apos;21.0.5&apos;&#10;Driver info: org.openqa.selenium.edge.EdgeDriver&#10;Command: [69e1e779276bd1e1a0daf2b4123c25d2, sendKeysToElement {value=[Ljava.lang.CharSequence;@5d3e8043, id=f.94E5C19399F771CF3EE1DF5B15D009A9.d.1ECEC2933332C3F0BE51BBFD2243DFC7.e.40}]&#10;Capabilities {acceptInsecureCerts: false, browserName: MicrosoftEdge, browserVersion: 131.0.2903.86, fedcm:accounts: true, ms:edgeOptions: {debuggerAddress: localhost:65275}, msedge: {msedgedriverVersion: 131.0.2903.86 (cf5bf303997c..., userDataDir: C:\Users\vamsh\AppData\Loca...}, networkConnectionEnabled: false, pageLoadStrategy: normal, platformName: windows, proxy: Proxy(), se:cdp: ws://localhost:65275/devtoo..., se:cdpVersion: 131.0.2903.86, setWindowRect: true, strictFileInteractability: false, timeouts: {implicit: 0, pageLoad: 300000, script: 30000}, unhandledPromptBehavior: dismiss and notify, webauthn:extension:credBlob: true, webauthn:extension:largeBlob: true, webauthn:extension:minPinLength: true, webauthn:extension:prf: true, webauthn:virtualAuthenticators: true}&#10;Element: [[EdgeDriver: MicrosoftEdge on windows (69e1e779276bd1e1a0daf2b4123c25d2)] -&gt; css selector: .CodeMirror textarea]&#10;Session ID: 69e1e779276bd1e1a0daf2b4123c25d2" type="org.openqa.selenium.ElementNotInteractableException"><![CDATA[org.openqa.selenium.ElementNotInteractableException: 
element not interactable
  (Session info: MicrosoftEdge=131.0.2903.86)
Build info: version: '4.26.0', revision: '8ccf0219d7'
System info: os.name: 'Windows 11', os.arch: 'amd64', os.version: '10.0', java.version: '21.0.5'
Driver info: org.openqa.selenium.edge.EdgeDriver
Command: [69e1e779276bd1e1a0daf2b4123c25d2, sendKeysToElement {value=[Ljava.lang.CharSequence;@5d3e8043, id=f.94E5C19399F771CF3EE1DF5B15D009A9.d.1ECEC2933332C3F0BE51BBFD2243DFC7.e.40}]
Capabilities {acceptInsecureCerts: false, browserName: MicrosoftEdge, browserVersion: 131.0.2903.86, fedcm:accounts: true, ms:edgeOptions: {debuggerAddress: localhost:65275}, msedge: {msedgedriverVersion: 131.0.2903.86 (cf5bf303997c..., userDataDir: C:\Users\vamsh\AppData\Loca...}, networkConnectionEnabled: false, pageLoadStrategy: normal, platformName: windows, proxy: Proxy(), se:cdp: ws://localhost:65275/devtoo..., se:cdpVersion: 131.0.2903.86, setWindowRect: true, strictFileInteractability: false, timeouts: {implicit: 0, pageLoad: 300000, script: 30000}, unhandledPromptBehavior: dismiss and notify, webauthn:extension:credBlob: true, webauthn:extension:largeBlob: true, webauthn:extension:minPinLength: true, webauthn:extension:prf: true, webauthn:virtualAuthenticators: true}
Element: [[EdgeDriver: MicrosoftEdge on windows (69e1e779276bd1e1a0daf2b4123c25d2)] -> css selector: .CodeMirror textarea]
Session ID: 69e1e779276bd1e1a0daf2b4123c25d2
]]></failure>
    <system-out><![CDATA[
Scenario: Tree Traversals                                     &amp#27;[90m# src/test/resources/Features/Tree.feature:171&amp#27;[0m
  &amp#27;[32mAnd &amp#27;[0m&amp#27;[32mThe user clicks Try Here button&amp#27;[0m                                   &amp#27;[90m# StepDefinitions.Tree.the_user_clicks_try_here_button()&amp#27;[0m
  &amp#27;[31mWhen &amp#27;[0m&amp#27;[31mThe user writes the invalid python code and clicks on Run button&amp#27;[0m &amp#27;[90m# StepDefinitions.Tree.the_user_writes_the_invalid_python_code_and_clicks_on_run_button()&amp#27;[0m
      &amp#27;[31morg.openqa.selenium.ElementNotInteractableException: element not interactable
  (Session info: MicrosoftEdge=131.0.2903.86)
Build info: version: '4.26.0', revision: '8ccf0219d7'
System info: os.name: 'Windows 11', os.arch: 'amd64', os.version: '10.0', java.version: '21.0.5'
Driver info: org.openqa.selenium.edge.EdgeDriver
Command: [69e1e779276bd1e1a0daf2b4123c25d2, sendKeysToElement {value=[Ljava.lang.CharSequence;@5d3e8043, id=f.94E5C19399F771CF3EE1DF5B15D009A9.d.1ECEC2933332C3F0BE51BBFD2243DFC7.e.40}]
Capabilities {acceptInsecureCerts: false, browserName: MicrosoftEdge, browserVersion: 131.0.2903.86, fedcm:accounts: true, ms:edgeOptions: {debuggerAddress: localhost:65275}, msedge: {msedgedriverVersion: 131.0.2903.86 (cf5bf303997c..., userDataDir: C:\Users\vamsh\AppData\Loca...}, networkConnectionEnabled: false, pageLoadStrategy: normal, platformName: windows, proxy: Proxy(), se:cdp: ws://localhost:65275/devtoo..., se:cdpVersion: 131.0.2903.86, setWindowRect: true, strictFileInteractability: false, timeouts: {implicit: 0, pageLoad: 300000, script: 30000}, unhandledPromptBehavior: dismiss and notify, webauthn:extension:credBlob: true, webauthn:extension:largeBlob: true, webauthn:extension:minPinLength: true, webauthn:extension:prf: true, webauthn:virtualAuthenticators: true}
Element: [[EdgeDriver: MicrosoftEdge on windows (69e1e779276bd1e1a0daf2b4123c25d2)] -> css selector: .CodeMirror textarea]
Session ID: 69e1e779276bd1e1a0daf2b4123c25d2
	at java.base/jdk.internal.reflect.DirectConstructorHandleAccessor.newInstance(DirectConstructorHandleAccessor.java:62)
	at java.base/java.lang.reflect.Constructor.newInstanceWithCaller(Constructor.java:502)
	at java.base/java.lang.reflect.Constructor.newInstance(Constructor.java:486)
	at org.openqa.selenium.remote.ErrorCodec.decode(ErrorCodec.java:167)
	at org.openqa.selenium.remote.codec.w3c.W3CHttpResponseCodec.decode(W3CHttpResponseCodec.java:138)
	at org.openqa.selenium.remote.codec.w3c.W3CHttpResponseCodec.decode(W3CHttpResponseCodec.java:50)
	at org.openqa.selenium.remote.HttpCommandExecutor.execute(HttpCommandExecutor.java:190)
	at org.openqa.selenium.remote.service.DriverCommandExecutor.invokeExecute(DriverCommandExecutor.java:216)
	at org.openqa.selenium.remote.service.DriverCommandExecutor.execute(DriverCommandExecutor.java:174)
	at org.openqa.selenium.remote.RemoteWebDriver.execute(RemoteWebDriver.java:545)
	at org.openqa.selenium.remote.RemoteWebElement.execute(RemoteWebElement.java:223)
	at org.openqa.selenium.remote.RemoteWebElement.sendKeys(RemoteWebElement.java:110)
	at PageObjects.TreePage.writeInTryEditorWindow(TreePage.java:357)
	at StepDefinitions.Tree.the_user_writes_the_invalid_python_code_and_clicks_on_run_button(Tree.java:96)
	at ✽.The user writes the invalid python code and clicks on Run button(file:///C:/Projects/Repo1/src/test/resources/Features/Tree.feature:159)
&amp#27;[0m
  &amp#27;[36mThen &amp#27;[0m&amp#27;[36mThe user see error msg in alert window&amp#27;[0m                           &amp#27;[90m# StepDefinitions.Tree.the_user_see_error_msg_in_alert_window()&amp#27;[0m
[ERROR] 2024-12-09 22:26:59.188 [TestNG-PoolService-3] Hooks - ======================  TEST CASE FAILED !! ======================

    Embedding screenshot [image/png 7890 bytes]

[INFO ] 2024-12-09 22:26:59.347 [TestNG-PoolService-3] Hooks - ======================  Screenshot is captured  ======================
[INFO ] 2024-12-09 22:26:59.348 [TestNG-PoolService-3] Hooks - ======================  Test Execution is completed!! ======================
  &amp#27;[32mGiven &amp#27;[0m&amp#27;[32mThe user is on the DS Introduction page as signedIn&amp#27;[0m            &amp#27;[90m# StepDefinitions.DSIntroductionDetails.the_user_is_on_the_ds_introduction_page_as_signed_in()&amp#27;[0m
  &amp#27;[32mAnd &amp#27;[0m&amp#27;[32mUser clicks on Get Started button from Tree panel&amp#27;[0m                &amp#27;[90m# StepDefinitions.Tree.user_clicks_on_get_started_button_from_tree_panel()&amp#27;[0m
]]></system-out>
  </testcase>
  <testcase name="runScenario[&quot;Try Here Editor page with alert message&quot;, &quot;Tree&quot;](160)" classname="TestRunners.TestRunner" time="2.053">
    <failure message="element not interactable&#10;  (Session info: chrome=131.0.6778.109)&#10;Build info: version: &apos;4.26.0&apos;, revision: &apos;8ccf0219d7&apos;&#10;System info: os.name: &apos;Windows 11&apos;, os.arch: &apos;amd64&apos;, os.version: &apos;10.0&apos;, java.version: &apos;21.0.5&apos;&#10;Driver info: org.openqa.selenium.chrome.ChromeDriver&#10;Command: [a38ae42aed7bb0986e9f2bf42049cf85, sendKeysToElement {value=[Ljava.lang.CharSequence;@644cdcf1, id=f.C555BA3AD9BF6312AE6875E6F3283A94.d.ED45B593FE7F0CF3C0A1A5A16F51FC83.e.52}]&#10;Capabilities {acceptInsecureCerts: false, browserName: chrome, browserVersion: 131.0.6778.109, chrome: {chromedriverVersion: 131.0.6778.87 (ce31cae94873..., userDataDir: C:\Users\vamsh\AppData\Loca...}, fedcm:accounts: true, goog:chromeOptions: {debuggerAddress: localhost:62001}, networkConnectionEnabled: false, pageLoadStrategy: normal, platformName: windows, proxy: Proxy(), se:cdp: ws://localhost:62001/devtoo..., se:cdpVersion: 131.0.6778.109, setWindowRect: true, strictFileInteractability: false, timeouts: {implicit: 0, pageLoad: 300000, script: 30000}, unhandledPromptBehavior: dismiss and notify, webauthn:extension:credBlob: true, webauthn:extension:largeBlob: true, webauthn:extension:minPinLength: true, webauthn:extension:prf: true, webauthn:virtualAuthenticators: true}&#10;Element: [[ChromeDriver: chrome on windows (a38ae42aed7bb0986e9f2bf42049cf85)] -&gt; css selector: .CodeMirror textarea]&#10;Session ID: a38ae42aed7bb0986e9f2bf42049cf85" type="org.openqa.selenium.ElementNotInteractableException"><![CDATA[org.openqa.selenium.ElementNotInteractableException: 
element not interactable
  (Session info: chrome=131.0.6778.109)
Build info: version: '4.26.0', revision: '8ccf0219d7'
System info: os.name: 'Windows 11', os.arch: 'amd64', os.version: '10.0', java.version: '21.0.5'
Driver info: org.openqa.selenium.chrome.ChromeDriver
Command: [a38ae42aed7bb0986e9f2bf42049cf85, sendKeysToElement {value=[Ljava.lang.CharSequence;@644cdcf1, id=f.C555BA3AD9BF6312AE6875E6F3283A94.d.ED45B593FE7F0CF3C0A1A5A16F51FC83.e.52}]
Capabilities {acceptInsecureCerts: false, browserName: chrome, browserVersion: 131.0.6778.109, chrome: {chromedriverVersion: 131.0.6778.87 (ce31cae94873..., userDataDir: C:\Users\vamsh\AppData\Loca...}, fedcm:accounts: true, goog:chromeOptions: {debuggerAddress: localhost:62001}, networkConnectionEnabled: false, pageLoadStrategy: normal, platformName: windows, proxy: Proxy(), se:cdp: ws://localhost:62001/devtoo..., se:cdpVersion: 131.0.6778.109, setWindowRect: true, strictFileInteractability: false, timeouts: {implicit: 0, pageLoad: 300000, script: 30000}, unhandledPromptBehavior: dismiss and notify, webauthn:extension:credBlob: true, webauthn:extension:largeBlob: true, webauthn:extension:minPinLength: true, webauthn:extension:prf: true, webauthn:virtualAuthenticators: true}
Element: [[ChromeDriver: chrome on windows (a38ae42aed7bb0986e9f2bf42049cf85)] -> css selector: .CodeMirror textarea]
Session ID: a38ae42aed7bb0986e9f2bf42049cf85
]]></failure>
    <system-out><![CDATA[
Scenario: Traversals-Illustration                                    &amp#27;[90m# src/test/resources/Features/Tree.feature:178&amp#27;[0m
  &amp#27;[32mAnd &amp#27;[0m&amp#27;[32mUser clicks on Get Started button from Tree panel&amp#27;[0m                &amp#27;[90m# StepDefinitions.Tree.user_clicks_on_get_started_button_from_tree_panel()&amp#27;[0m
  &amp#27;[32mGiven &amp#27;[0m&amp#27;[32mThe user is on the DS Introduction page as signedIn&amp#27;[0m   &amp#27;[90m# StepDefinitions.DSIntroductionDetails.the_user_is_on_the_ds_introduction_page_as_signed_in()&amp#27;[0m
  &amp#27;[32mGiven &amp#27;[0m&amp#27;[32mThe user is on the Tree Traversals page&amp#27;[0m                        &amp#27;[90m# StepDefinitions.Tree.the_user_is_on_the_tree_traversals_page()&amp#27;[0m
  &amp#27;[32mAnd &amp#27;[0m&amp#27;[32mUser clicks on Get Started button from Tree panel&amp#27;[0m       &amp#27;[90m# StepDefinitions.Tree.user_clicks_on_get_started_button_from_tree_panel()&amp#27;[0m
  &amp#27;[32mAnd &amp#27;[0m&amp#27;[32mThe user clicks Try Here button&amp#27;[0m                                  &amp#27;[90m# StepDefinitions.Tree.the_user_clicks_try_here_button()&amp#27;[0m
  &amp#27;[32mGiven &amp#27;[0m&amp#27;[32mThe user is on the Tree Traversals page&amp#27;[0m               &amp#27;[90m# StepDefinitions.Tree.the_user_is_on_the_tree_traversals_page()&amp#27;[0m
[INFO ] 2024-12-09 22:01:51.670 [TestNG-PoolService-3] Hooks - ======================  New Test Execution is STARTED!! ======================
  &amp#27;[31mAnd &amp#27;[0m&amp#27;[31mThe user writes the invalid python code and clicks on Run button&amp#27;[0m &amp#27;[90m# StepDefinitions.Tree.the_user_writes_the_invalid_python_code_and_clicks_on_run_button()&amp#27;[0m
      &amp#27;[31morg.openqa.selenium.ElementNotInteractableException: element not interactable
  (Session info: chrome=131.0.6778.109)
Build info: version: '4.26.0', revision: '8ccf0219d7'
System info: os.name: 'Windows 11', os.arch: 'amd64', os.version: '10.0', java.version: '21.0.5'
Driver info: org.openqa.selenium.chrome.ChromeDriver
Command: [a38ae42aed7bb0986e9f2bf42049cf85, sendKeysToElement {value=[Ljava.lang.CharSequence;@644cdcf1, id=f.C555BA3AD9BF6312AE6875E6F3283A94.d.ED45B593FE7F0CF3C0A1A5A16F51FC83.e.52}]
Capabilities {acceptInsecureCerts: false, browserName: chrome, browserVersion: 131.0.6778.109, chrome: {chromedriverVersion: 131.0.6778.87 (ce31cae94873..., userDataDir: C:\Users\vamsh\AppData\Loca...}, fedcm:accounts: true, goog:chromeOptions: {debuggerAddress: localhost:62001}, networkConnectionEnabled: false, pageLoadStrategy: normal, platformName: windows, proxy: Proxy(), se:cdp: ws://localhost:62001/devtoo..., se:cdpVersion: 131.0.6778.109, setWindowRect: true, strictFileInteractability: false, timeouts: {implicit: 0, pageLoad: 300000, script: 30000}, unhandledPromptBehavior: dismiss and notify, webauthn:extension:credBlob: true, webauthn:extension:largeBlob: true, webauthn:extension:minPinLength: true, webauthn:extension:prf: true, webauthn:virtualAuthenticators: true}
Element: [[ChromeDriver: chrome on windows (a38ae42aed7bb0986e9f2bf42049cf85)] -> css selector: .CodeMirror textarea]
Session ID: a38ae42aed7bb0986e9f2bf42049cf85
	at java.base/jdk.internal.reflect.DirectConstructorHandleAccessor.newInstance(DirectConstructorHandleAccessor.java:62)
	at java.base/java.lang.reflect.Constructor.newInstanceWithCaller(Constructor.java:502)
	at java.base/java.lang.reflect.Constructor.newInstance(Constructor.java:486)
	at org.openqa.selenium.remote.ErrorCodec.decode(ErrorCodec.java:167)
	at org.openqa.selenium.remote.codec.w3c.W3CHttpResponseCodec.decode(W3CHttpResponseCodec.java:138)
	at org.openqa.selenium.remote.codec.w3c.W3CHttpResponseCodec.decode(W3CHttpResponseCodec.java:50)
	at org.openqa.selenium.remote.HttpCommandExecutor.execute(HttpCommandExecutor.java:190)
	at org.openqa.selenium.remote.service.DriverCommandExecutor.invokeExecute(DriverCommandExecutor.java:216)
	at org.openqa.selenium.remote.service.DriverCommandExecutor.execute(DriverCommandExecutor.java:174)
	at org.openqa.selenium.remote.RemoteWebDriver.execute(RemoteWebDriver.java:545)
	at org.openqa.selenium.remote.RemoteWebElement.execute(RemoteWebElement.java:223)
	at org.openqa.selenium.remote.RemoteWebElement.sendKeys(RemoteWebElement.java:110)
	at PageObjects.TreePage.writeInTryEditorWindow(TreePage.java:357)
	at StepDefinitions.Tree.the_user_writes_the_invalid_python_code_and_clicks_on_run_button(Tree.java:96)
	at ✽.The user writes the invalid python code and clicks on Run button(file:///C:/Projects/Repo1/src/test/resources/Features/Tree.feature:166)
&amp#27;[0m
  &amp#27;[36mWhen &amp#27;[0m&amp#27;[36mThe user clicks the ok button in the alert window&amp#27;[0m               &amp#27;[90m# StepDefinitions.Tree.the_user_clicks_the_ok_button_in_the_alert_window()&amp#27;[0m
  &amp#27;[36mThen &amp#27;[0m&amp#27;[36mAlert message window is dismissed and user stays on Editor page&amp#27;[0m &amp#27;[90m# StepDefinitions.Tree.Alert_message_window_is_dismissed_and_user_stays_on_Editor_page()&amp#27;[0m
[ERROR] 2024-12-09 22:01:51.705 [TestNG-PoolService-1] Hooks - ======================  TEST CASE FAILED !! ======================

    Embedding screenshot [image/png 7853 bytes]

[INFO ] 2024-12-09 22:01:51.876 [TestNG-PoolService-1] Hooks - ======================  Screenshot is captured  ======================
[INFO ] 2024-12-09 22:01:51.879 [TestNG-PoolService-1] Hooks - ======================  Test Execution is completed!! ======================
  &amp#27;[32mWhen &amp#27;[0m&amp#27;[32mThe user clicks Traversals-Illustration link&amp#27;[0m           &amp#27;[90m# StepDefinitions.Tree.the_user_clicks_traversals_illustration_link()&amp#27;[0m
  &amp#27;[32mThen &amp#27;[0m&amp#27;[32mThe user is redirected to Traversals-Illustration page&amp#27;[0m &amp#27;[90m# StepDefinitions.Tree.the_user_is_redirected_to_traversals_illustration_page()&amp#27;[0m
[INFO ] 2024-12-09 22:01:52.004 [TestNG-PoolService-2] Hooks - ======================  Test Execution is completed!! ======================
]]></system-out>
    <system-err><![CDATA[Dec 09, 2024 10:01:51 PM org.openqa.selenium.devtools.CdpVersionFinder findNearestMatch
WARNING: Unable to find an exact match for CDP version 131, returning the closest version; found: 130; Please update to a Selenium version that supports CDP version 131
]]></system-err>
  </testcase>
  <testcase name="runScenario[&quot;Try Here Editor page with alert message&quot;, &quot;Tree&quot;](160)" classname="TestRunners.TestRunner" time="2.629">
    <failure message="element not interactable&#10;  (Session info: MicrosoftEdge=131.0.2903.86)&#10;Build info: version: &apos;4.26.0&apos;, revision: &apos;8ccf0219d7&apos;&#10;System info: os.name: &apos;Windows 11&apos;, os.arch: &apos;amd64&apos;, os.version: &apos;10.0&apos;, java.version: &apos;21.0.5&apos;&#10;Driver info: org.openqa.selenium.edge.EdgeDriver&#10;Command: [a1c04d6c866c0f90b9ffd245f52a4bd0, sendKeysToElement {value=[Ljava.lang.CharSequence;@20d2ccf4, id=f.B98B2A4C936AFBF52C88980365FF6138.d.3791C129C5FC93A0FD2467640E6762B9.e.38}]&#10;Capabilities {acceptInsecureCerts: false, browserName: MicrosoftEdge, browserVersion: 131.0.2903.86, fedcm:accounts: true, ms:edgeOptions: {debuggerAddress: localhost:65312}, msedge: {msedgedriverVersion: 131.0.2903.86 (cf5bf303997c..., userDataDir: C:\Users\vamsh\AppData\Loca...}, networkConnectionEnabled: false, pageLoadStrategy: normal, platformName: windows, proxy: Proxy(), se:cdp: ws://localhost:65312/devtoo..., se:cdpVersion: 131.0.2903.86, setWindowRect: true, strictFileInteractability: false, timeouts: {implicit: 0, pageLoad: 300000, script: 30000}, unhandledPromptBehavior: dismiss and notify, webauthn:extension:credBlob: true, webauthn:extension:largeBlob: true, webauthn:extension:minPinLength: true, webauthn:extension:prf: true, webauthn:virtualAuthenticators: true}&#10;Element: [[EdgeDriver: MicrosoftEdge on windows (a1c04d6c866c0f90b9ffd245f52a4bd0)] -&gt; css selector: .CodeMirror textarea]&#10;Session ID: a1c04d6c866c0f90b9ffd245f52a4bd0" type="org.openqa.selenium.ElementNotInteractableException"><![CDATA[org.openqa.selenium.ElementNotInteractableException: 
element not interactable
  (Session info: MicrosoftEdge=131.0.2903.86)
Build info: version: '4.26.0', revision: '8ccf0219d7'
System info: os.name: 'Windows 11', os.arch: 'amd64', os.version: '10.0', java.version: '21.0.5'
Driver info: org.openqa.selenium.edge.EdgeDriver
Command: [a1c04d6c866c0f90b9ffd245f52a4bd0, sendKeysToElement {value=[Ljava.lang.CharSequence;@20d2ccf4, id=f.B98B2A4C936AFBF52C88980365FF6138.d.3791C129C5FC93A0FD2467640E6762B9.e.38}]
Capabilities {acceptInsecureCerts: false, browserName: MicrosoftEdge, browserVersion: 131.0.2903.86, fedcm:accounts: true, ms:edgeOptions: {debuggerAddress: localhost:65312}, msedge: {msedgedriverVersion: 131.0.2903.86 (cf5bf303997c..., userDataDir: C:\Users\vamsh\AppData\Loca...}, networkConnectionEnabled: false, pageLoadStrategy: normal, platformName: windows, proxy: Proxy(), se:cdp: ws://localhost:65312/devtoo..., se:cdpVersion: 131.0.2903.86, setWindowRect: true, strictFileInteractability: false, timeouts: {implicit: 0, pageLoad: 300000, script: 30000}, unhandledPromptBehavior: dismiss and notify, webauthn:extension:credBlob: true, webauthn:extension:largeBlob: true, webauthn:extension:minPinLength: true, webauthn:extension:prf: true, webauthn:virtualAuthenticators: true}
Element: [[EdgeDriver: MicrosoftEdge on windows (a1c04d6c866c0f90b9ffd245f52a4bd0)] -> css selector: .CodeMirror textarea]
Session ID: a1c04d6c866c0f90b9ffd245f52a4bd0
]]></failure>
    <system-out><![CDATA[
Scenario: Traversals-Illustration                                    &amp#27;[90m# src/test/resources/Features/Tree.feature:178&amp#27;[0m
  &amp#27;[32mGiven &amp#27;[0m&amp#27;[32mThe user is on the Tree Traversals page&amp#27;[0m                        &amp#27;[90m# StepDefinitions.Tree.the_user_is_on_the_tree_traversals_page()&amp#27;[0m
[INFO ] 2024-12-09 22:27:01.621 [TestNG-PoolService-2] Hooks - ======================  New Test Execution is STARTED!! ======================
  &amp#27;[32mAnd &amp#27;[0m&amp#27;[32mThe user clicks Try Here button&amp#27;[0m                                  &amp#27;[90m# StepDefinitions.Tree.the_user_clicks_try_here_button()&amp#27;[0m
  &amp#27;[31mAnd &amp#27;[0m&amp#27;[31mThe user writes the invalid python code and clicks on Run button&amp#27;[0m &amp#27;[90m# StepDefinitions.Tree.the_user_writes_the_invalid_python_code_and_clicks_on_run_button()&amp#27;[0m
      &amp#27;[31morg.openqa.selenium.ElementNotInteractableException: element not interactable
  (Session info: MicrosoftEdge=131.0.2903.86)
Build info: version: '4.26.0', revision: '8ccf0219d7'
System info: os.name: 'Windows 11', os.arch: 'amd64', os.version: '10.0', java.version: '21.0.5'
Driver info: org.openqa.selenium.edge.EdgeDriver
Command: [a1c04d6c866c0f90b9ffd245f52a4bd0, sendKeysToElement {value=[Ljava.lang.CharSequence;@20d2ccf4, id=f.B98B2A4C936AFBF52C88980365FF6138.d.3791C129C5FC93A0FD2467640E6762B9.e.38}]
Capabilities {acceptInsecureCerts: false, browserName: MicrosoftEdge, browserVersion: 131.0.2903.86, fedcm:accounts: true, ms:edgeOptions: {debuggerAddress: localhost:65312}, msedge: {msedgedriverVersion: 131.0.2903.86 (cf5bf303997c..., userDataDir: C:\Users\vamsh\AppData\Loca...}, networkConnectionEnabled: false, pageLoadStrategy: normal, platformName: windows, proxy: Proxy(), se:cdp: ws://localhost:65312/devtoo..., se:cdpVersion: 131.0.2903.86, setWindowRect: true, strictFileInteractability: false, timeouts: {implicit: 0, pageLoad: 300000, script: 30000}, unhandledPromptBehavior: dismiss and notify, webauthn:extension:credBlob: true, webauthn:extension:largeBlob: true, webauthn:extension:minPinLength: true, webauthn:extension:prf: true, webauthn:virtualAuthenticators: true}
Element: [[EdgeDriver: MicrosoftEdge on windows (a1c04d6c866c0f90b9ffd245f52a4bd0)] -> css selector: .CodeMirror textarea]
Session ID: a1c04d6c866c0f90b9ffd245f52a4bd0
	at java.base/jdk.internal.reflect.DirectConstructorHandleAccessor.newInstance(DirectConstructorHandleAccessor.java:62)
	at java.base/java.lang.reflect.Constructor.newInstanceWithCaller(Constructor.java:502)
	at java.base/java.lang.reflect.Constructor.newInstance(Constructor.java:486)
	at org.openqa.selenium.remote.ErrorCodec.decode(ErrorCodec.java:167)
	at org.openqa.selenium.remote.codec.w3c.W3CHttpResponseCodec.decode(W3CHttpResponseCodec.java:138)
	at org.openqa.selenium.remote.codec.w3c.W3CHttpResponseCodec.decode(W3CHttpResponseCodec.java:50)
	at org.openqa.selenium.remote.HttpCommandExecutor.execute(HttpCommandExecutor.java:190)
	at org.openqa.selenium.remote.service.DriverCommandExecutor.invokeExecute(DriverCommandExecutor.java:216)
	at org.openqa.selenium.remote.service.DriverCommandExecutor.execute(DriverCommandExecutor.java:174)
	at org.openqa.selenium.remote.RemoteWebDriver.execute(RemoteWebDriver.java:545)
	at org.openqa.selenium.remote.RemoteWebElement.execute(RemoteWebElement.java:223)
	at org.openqa.selenium.remote.RemoteWebElement.sendKeys(RemoteWebElement.java:110)
	at PageObjects.TreePage.writeInTryEditorWindow(TreePage.java:357)
	at StepDefinitions.Tree.the_user_writes_the_invalid_python_code_and_clicks_on_run_button(Tree.java:96)
	at ✽.The user writes the invalid python code and clicks on Run button(file:///C:/Projects/Repo1/src/test/resources/Features/Tree.feature:166)
&amp#27;[0m
  &amp#27;[36mWhen &amp#27;[0m&amp#27;[36mThe user clicks the ok button in the alert window&amp#27;[0m               &amp#27;[90m# StepDefinitions.Tree.the_user_clicks_the_ok_button_in_the_alert_window()&amp#27;[0m
  &amp#27;[36mThen &amp#27;[0m&amp#27;[36mAlert message window is dismissed and user stays on Editor page&amp#27;[0m &amp#27;[90m# StepDefinitions.Tree.Alert_message_window_is_dismissed_and_user_stays_on_Editor_page()&amp#27;[0m
[ERROR] 2024-12-09 22:27:01.743 [TestNG-PoolService-1] Hooks - ======================  TEST CASE FAILED !! ======================

    Embedding screenshot [image/png 7890 bytes]

[INFO ] 2024-12-09 22:27:01.906 [TestNG-PoolService-1] Hooks - ======================  Screenshot is captured  ======================
[INFO ] 2024-12-09 22:27:01.908 [TestNG-PoolService-1] Hooks - ======================  Test Execution is completed!! ======================
]]></system-out>
    <system-err><![CDATA[Dec 09, 2024 10:27:01 PM org.openqa.selenium.devtools.CdpVersionFinder findNearestMatch
WARNING: Unable to find an exact match for CDP version 131, returning the closest version; found: 130; Please update to a Selenium version that supports CDP version 131
]]></system-err>
  </testcase>
  <testcase name="runScenario[&quot;Tree Traversals&quot;, &quot;Tree&quot;](161)" classname="TestRunners.TestRunner" time="0.065">
    <system-out><![CDATA[
Scenario: Try Here Editor page with empty code                               &amp#27;[90m# src/test/resources/Features/Tree.feature:184&amp#27;[0m
]]></system-out>
  </testcase>
  <testcase name="runScenario[&quot;Tree Traversals&quot;, &quot;Tree&quot;](161)" classname="TestRunners.TestRunner" time="5.169">
    <system-out><![CDATA[
Scenario: Try Here Editor page with empty code                               &amp#27;[90m# src/test/resources/Features/Tree.feature:184&amp#27;[0m
[INFO ] 2024-12-09 22:27:03.503 [TestNG-PoolService-3] Hooks - ======================  New Test Execution is STARTED!! ======================
  &amp#27;[32mGiven &amp#27;[0m&amp#27;[32mThe user is on the DS Introduction page as signedIn&amp#27;[0m   &amp#27;[90m# StepDefinitions.DSIntroductionDetails.the_user_is_on_the_ds_introduction_page_as_signed_in()&amp#27;[0m
[INFO ] 2024-12-09 22:27:05.561 [TestNG-PoolService-1] Hooks - ======================  New Test Execution is STARTED!! ======================
  &amp#27;[32mAnd &amp#27;[0m&amp#27;[32mUser clicks on Get Started button from Tree panel&amp#27;[0m       &amp#27;[90m# StepDefinitions.Tree.user_clicks_on_get_started_button_from_tree_panel()&amp#27;[0m
  &amp#27;[32mGiven &amp#27;[0m&amp#27;[32mThe user is on the Tree Traversals page&amp#27;[0m               &amp#27;[90m# StepDefinitions.Tree.the_user_is_on_the_tree_traversals_page()&amp#27;[0m
  &amp#27;[32mWhen &amp#27;[0m&amp#27;[32mThe user clicks Traversals-Illustration link&amp#27;[0m           &amp#27;[90m# StepDefinitions.Tree.the_user_clicks_traversals_illustration_link()&amp#27;[0m
  &amp#27;[32mThen &amp#27;[0m&amp#27;[32mThe user is redirected to Traversals-Illustration page&amp#27;[0m &amp#27;[90m# StepDefinitions.Tree.the_user_is_redirected_to_traversals_illustration_page()&amp#27;[0m
[INFO ] 2024-12-09 22:27:07.094 [TestNG-PoolService-2] Hooks - ======================  Test Execution is completed!! ======================
  &amp#27;[32mGiven &amp#27;[0m&amp#27;[32mThe user is on the DS Introduction page as signedIn&amp#27;[0m          &amp#27;[90m# StepDefinitions.DSIntroductionDetails.the_user_is_on_the_ds_introduction_page_as_signed_in()&amp#27;[0m
  &amp#27;[32mAnd &amp#27;[0m&amp#27;[32mUser clicks on Get Started button from Tree panel&amp#27;[0m              &amp#27;[90m# StepDefinitions.Tree.user_clicks_on_get_started_button_from_tree_panel()&amp#27;[0m
  &amp#27;[32mGiven &amp#27;[0m&amp#27;[32mThe user is on the Traversals-Illustration page&amp#27;[0m              &amp#27;[90m# StepDefinitions.Tree.the_user_is_on_the_traversals_illustration_page()&amp#27;[0m
]]></system-out>
    <system-err><![CDATA[Dec 09, 2024 10:27:03 PM org.openqa.selenium.devtools.CdpVersionFinder findNearestMatch
WARNING: Unable to find an exact match for CDP version 131, returning the closest version; found: 130; Please update to a Selenium version that supports CDP version 131
Dec 09, 2024 10:27:05 PM org.openqa.selenium.devtools.CdpVersionFinder findNearestMatch
WARNING: Unable to find an exact match for CDP version 131, returning the closest version; found: 130; Please update to a Selenium version that supports CDP version 131
]]></system-err>
  </testcase>
  <testcase name="runScenario[&quot;Traversals-Illustration&quot;, &quot;Tree&quot;](162)" classname="TestRunners.TestRunner" time="4.179">
    <system-out><![CDATA[
Scenario: Try Here Editor page with valid data                        &amp#27;[90m# src/test/resources/Features/Tree.feature:191&amp#27;[0m
[INFO ] 2024-12-09 22:01:53.743 [TestNG-PoolService-1] Hooks - ======================  New Test Execution is STARTED!! ======================
[INFO ] 2024-12-09 22:01:53.895 [TestNG-PoolService-2] Hooks - ======================  New Test Execution is STARTED!! ======================
  &amp#27;[32mGiven &amp#27;[0m&amp#27;[32mThe user is on the DS Introduction page as signedIn&amp#27;[0m          &amp#27;[90m# StepDefinitions.DSIntroductionDetails.the_user_is_on_the_ds_introduction_page_as_signed_in()&amp#27;[0m
  &amp#27;[32mAnd &amp#27;[0m&amp#27;[32mUser clicks on Get Started button from Tree panel&amp#27;[0m              &amp#27;[90m# StepDefinitions.Tree.user_clicks_on_get_started_button_from_tree_panel()&amp#27;[0m
  &amp#27;[32mGiven &amp#27;[0m&amp#27;[32mThe user is on the Traversals-Illustration page&amp#27;[0m              &amp#27;[90m# StepDefinitions.Tree.the_user_is_on_the_traversals_illustration_page()&amp#27;[0m
  &amp#27;[32mGiven &amp#27;[0m&amp#27;[32mThe user is on the DS Introduction page as signedIn&amp#27;[0m                  &amp#27;[90m# StepDefinitions.DSIntroductionDetails.the_user_is_on_the_ds_introduction_page_as_signed_in()&amp#27;[0m
  &amp#27;[32mWhen &amp#27;[0m&amp#27;[32mThe user clicks Try Here button&amp#27;[0m                               &amp#27;[90m# StepDefinitions.Tree.the_user_clicks_try_here_button()&amp#27;[0m
  &amp#27;[32mThen &amp#27;[0m&amp#27;[32mThe user is redirected to a page having Editor and run button&amp#27;[0m &amp#27;[90m# StepDefinitions.Tree.the_user_is_redirected_to_a_page_having_editor_and_run_button()&amp#27;[0m
[INFO ] 2024-12-09 22:01:56.149 [TestNG-PoolService-3] Hooks - ======================  Test Execution is completed!! ======================
  &amp#27;[32mAnd &amp#27;[0m&amp#27;[32mUser clicks on Get Started button from Tree panel&amp#27;[0m                      &amp#27;[90m# StepDefinitions.Tree.user_clicks_on_get_started_button_from_tree_panel()&amp#27;[0m
]]></system-out>
    <system-err><![CDATA[Dec 09, 2024 10:01:53 PM org.openqa.selenium.devtools.CdpVersionFinder findNearestMatch
WARNING: Unable to find an exact match for CDP version 131, returning the closest version; found: 130; Please update to a Selenium version that supports CDP version 131
Dec 09, 2024 10:01:53 PM org.openqa.selenium.devtools.CdpVersionFinder findNearestMatch
WARNING: Unable to find an exact match for CDP version 131, returning the closest version; found: 130; Please update to a Selenium version that supports CDP version 131
]]></system-err>
  </testcase>
  <testcase name="runScenario[&quot;Traversals-Illustration&quot;, &quot;Tree&quot;](162)" classname="TestRunners.TestRunner" time="1.565">
    <system-out><![CDATA[
Scenario: Try Here Editor page with valid data                        &amp#27;[90m# src/test/resources/Features/Tree.feature:191&amp#27;[0m
  &amp#27;[32mWhen &amp#27;[0m&amp#27;[32mThe user clicks Try Here button&amp#27;[0m                               &amp#27;[90m# StepDefinitions.Tree.the_user_clicks_try_here_button()&amp#27;[0m
  &amp#27;[32mThen &amp#27;[0m&amp#27;[32mThe user is redirected to a page having Editor and run button&amp#27;[0m &amp#27;[90m# StepDefinitions.Tree.the_user_is_redirected_to_a_page_having_editor_and_run_button()&amp#27;[0m
[INFO ] 2024-12-09 22:27:08.714 [TestNG-PoolService-3] Hooks - ======================  Test Execution is completed!! ======================
  &amp#27;[32mGiven &amp#27;[0m&amp#27;[32mThe user is on the DS Introduction page as signedIn&amp#27;[0m                  &amp#27;[90m# StepDefinitions.DSIntroductionDetails.the_user_is_on_the_ds_introduction_page_as_signed_in()&amp#27;[0m
  &amp#27;[32mAnd &amp#27;[0m&amp#27;[32mUser clicks on Get Started button from Tree panel&amp#27;[0m                      &amp#27;[90m# StepDefinitions.Tree.user_clicks_on_get_started_button_from_tree_panel()&amp#27;[0m
  &amp#27;[32mGiven &amp#27;[0m&amp#27;[32mThe user is on the Traversals-Illustration page&amp#27;[0m                      &amp#27;[90m# StepDefinitions.Tree.the_user_is_on_the_traversals_illustration_page()&amp#27;[0m
]]></system-out>
  </testcase>
  <testcase name="runScenario[&quot;Try Here Editor page with empty code&quot;, &quot;Tree&quot;](163)" classname="TestRunners.TestRunner" time="1.749">
    <system-out><![CDATA[
Scenario: Try Here Editor page with invalid data                        &amp#27;[90m# src/test/resources/Features/Tree.feature:198&amp#27;[0m
  &amp#27;[32mGiven &amp#27;[0m&amp#27;[32mThe user is on the DS Introduction page as signedIn&amp#27;[0m           &amp#27;[90m# StepDefinitions.DSIntroductionDetails.the_user_is_on_the_ds_introduction_page_as_signed_in()&amp#27;[0m
  &amp#27;[32mGiven &amp#27;[0m&amp#27;[32mThe user is on the Traversals-Illustration page&amp#27;[0m                      &amp#27;[90m# StepDefinitions.Tree.the_user_is_on_the_traversals_illustration_page()&amp#27;[0m
  &amp#27;[32mAnd &amp#27;[0m&amp#27;[32mUser clicks on Get Started button from Tree panel&amp#27;[0m               &amp#27;[90m# StepDefinitions.Tree.user_clicks_on_get_started_button_from_tree_panel()&amp#27;[0m
  &amp#27;[32mGiven &amp#27;[0m&amp#27;[32mThe user is on the Traversals-Illustration page&amp#27;[0m               &amp#27;[90m# StepDefinitions.Tree.the_user_is_on_the_traversals_illustration_page()&amp#27;[0m
  &amp#27;[32mAnd &amp#27;[0m&amp#27;[32mThe user clicks Try Here button&amp#27;[0m                                        &amp#27;[90m# StepDefinitions.Tree.the_user_clicks_try_here_button()&amp#27;[0m
  &amp#27;[32mWhen &amp#27;[0m&amp#27;[32mThe user writes no code inside editor window and clicks on Run button&amp#27;[0m &amp#27;[90m# StepDefinitions.Tree.the_user_writes_no_code_inside_editor_window_and_clicks_on_run_button()&amp#27;[0m
  &amp#27;[32mThen &amp#27;[0m&amp#27;[32mNothing happens to the Editor page and no error message is displayed&amp#27;[0m  &amp#27;[90m# StepDefinitions.Tree.nothing_happens_to_the_editor_page_and_no_error_message_is_displayed()&amp#27;[0m
[INFO ] 2024-12-09 22:01:57.829 [TestNG-PoolService-1] Hooks - ======================  Test Execution is completed!! ======================
[INFO ] 2024-12-09 22:01:57.904 [TestNG-PoolService-3] Hooks - ======================  New Test Execution is STARTED!! ======================
  &amp#27;[32mAnd &amp#27;[0m&amp#27;[32mThe user clicks Try Here button&amp#27;[0m                                 &amp#27;[90m# StepDefinitions.Tree.the_user_clicks_try_here_button()&amp#27;[0m
  &amp#27;[31mWhen &amp#27;[0m&amp#27;[31mThe user writes the valid python code and clicks on Run button&amp#27;[0m &amp#27;[90m# StepDefinitions.Tree.the_user_writes_the_valid_python_code_and_clicks_on_run_button()&amp#27;[0m
      &amp#27;[31morg.openqa.selenium.ElementNotInteractableException: element not interactable
  (Session info: chrome=131.0.6778.109)
Build info: version: '4.26.0', revision: '8ccf0219d7'
System info: os.name: 'Windows 11', os.arch: 'amd64', os.version: '10.0', java.version: '21.0.5'
Driver info: org.openqa.selenium.chrome.ChromeDriver
Command: [86c68160a3db090fa69b486c46e5c5d6, sendKeysToElement {value=[Ljava.lang.CharSequence;@177599d8, id=f.C8BC9EB55A6247D7DD0AF9D918FB6D96.d.FCFAB2EE0325002C058383D63EF87873.e.52}]
Capabilities {acceptInsecureCerts: false, browserName: chrome, browserVersion: 131.0.6778.109, chrome: {chromedriverVersion: 131.0.6778.87 (ce31cae94873..., userDataDir: C:\Users\vamsh\AppData\Loca...}, fedcm:accounts: true, goog:chromeOptions: {debuggerAddress: localhost:62090}, networkConnectionEnabled: false, pageLoadStrategy: normal, platformName: windows, proxy: Proxy(), se:cdp: ws://localhost:62090/devtoo..., se:cdpVersion: 131.0.6778.109, setWindowRect: true, strictFileInteractability: false, timeouts: {implicit: 0, pageLoad: 300000, script: 30000}, unhandledPromptBehavior: dismiss and notify, webauthn:extension:credBlob: true, webauthn:extension:largeBlob: true, webauthn:extension:minPinLength: true, webauthn:extension:prf: true, webauthn:virtualAuthenticators: true}
Element: [[ChromeDriver: chrome on windows (86c68160a3db090fa69b486c46e5c5d6)] -> css selector: .CodeMirror textarea]
Session ID: 86c68160a3db090fa69b486c46e5c5d6
	at java.base/jdk.internal.reflect.DirectConstructorHandleAccessor.newInstance(DirectConstructorHandleAccessor.java:62)
	at java.base/java.lang.reflect.Constructor.newInstanceWithCaller(Constructor.java:502)
	at java.base/java.lang.reflect.Constructor.newInstance(Constructor.java:486)
	at org.openqa.selenium.remote.ErrorCodec.decode(ErrorCodec.java:167)
	at org.openqa.selenium.remote.codec.w3c.W3CHttpResponseCodec.decode(W3CHttpResponseCodec.java:138)
	at org.openqa.selenium.remote.codec.w3c.W3CHttpResponseCodec.decode(W3CHttpResponseCodec.java:50)
	at org.openqa.selenium.remote.HttpCommandExecutor.execute(HttpCommandExecutor.java:190)
	at org.openqa.selenium.remote.service.DriverCommandExecutor.invokeExecute(DriverCommandExecutor.java:216)
	at org.openqa.selenium.remote.service.DriverCommandExecutor.execute(DriverCommandExecutor.java:174)
	at org.openqa.selenium.remote.RemoteWebDriver.execute(RemoteWebDriver.java:545)
	at org.openqa.selenium.remote.RemoteWebElement.execute(RemoteWebElement.java:223)
	at org.openqa.selenium.remote.RemoteWebElement.sendKeys(RemoteWebElement.java:110)
	at PageObjects.TreePage.writeInTryEditorWindow(TreePage.java:357)
	at StepDefinitions.Tree.the_user_writes_the_valid_python_code_and_clicks_on_run_button(Tree.java:85)
	at ✽.The user writes the valid python code and clicks on Run button(file:///C:/Projects/Repo1/src/test/resources/Features/Tree.feature:195)
&amp#27;[0m
  &amp#27;[36mThen &amp#27;[0m&amp#27;[36mThe user is able to see the output inside the console.&amp#27;[0m         &amp#27;[90m# StepDefinitions.Tree.the_user_is_able_to_see_the_output_inside_the_console()&amp#27;[0m
[ERROR] 2024-12-09 22:01:58.059 [TestNG-PoolService-2] Hooks - ======================  TEST CASE FAILED !! ======================
]]></system-out>
    <system-err><![CDATA[Dec 09, 2024 10:01:57 PM org.openqa.selenium.devtools.CdpVersionFinder findNearestMatch
WARNING: Unable to find an exact match for CDP version 131, returning the closest version; found: 130; Please update to a Selenium version that supports CDP version 131
]]></system-err>
  </testcase>
  <testcase name="runScenario[&quot;Try Here Editor page with empty code&quot;, &quot;Tree&quot;](163)" classname="TestRunners.TestRunner" time="11.764">
    <system-out><![CDATA[
Scenario: Try Here Editor page with invalid data                        &amp#27;[90m# src/test/resources/Features/Tree.feature:198&amp#27;[0m
[INFO ] 2024-12-09 22:14:57.447 [TestNG-PoolService-3] Hooks - ======================  New Test Execution is STARTED!! ======================
[INFO ] 2024-12-09 22:14:58.523 [TestNG-PoolService-1] Hooks - ======================  New Test Execution is STARTED!! ======================
[INFO ] 2024-12-09 22:14:59.477 [TestNG-PoolService-2] Hooks - ======================  New Test Execution is STARTED!! ======================
  &amp#27;[32mGiven &amp#27;[0m&amp#27;[32mThe user is on the DS Introduction page as signedIn&amp#27;[0m                  &amp#27;[90m# StepDefinitions.DSIntroductionDetails.the_user_is_on_the_ds_introduction_page_as_signed_in()&amp#27;[0m
  &amp#27;[32mAnd &amp#27;[0m&amp#27;[32mUser clicks on Get Started button from Tree panel&amp#27;[0m                      &amp#27;[90m# StepDefinitions.Tree.user_clicks_on_get_started_button_from_tree_panel()&amp#27;[0m
  &amp#27;[32mGiven &amp#27;[0m&amp#27;[32mThe user is on the DS Introduction page as signedIn&amp#27;[0m           &amp#27;[90m# StepDefinitions.DSIntroductionDetails.the_user_is_on_the_ds_introduction_page_as_signed_in()&amp#27;[0m
  &amp#27;[32mGiven &amp#27;[0m&amp#27;[32mThe user is on the Traversals-Illustration page&amp#27;[0m                      &amp#27;[90m# StepDefinitions.Tree.the_user_is_on_the_traversals_illustration_page()&amp#27;[0m
  &amp#27;[32mGiven &amp#27;[0m&amp#27;[32mThe user is on the DS Introduction page as signedIn&amp#27;[0m             &amp#27;[90m# StepDefinitions.DSIntroductionDetails.the_user_is_on_the_ds_introduction_page_as_signed_in()&amp#27;[0m
  &amp#27;[32mAnd &amp#27;[0m&amp#27;[32mUser clicks on Get Started button from Tree panel&amp#27;[0m               &amp#27;[90m# StepDefinitions.Tree.user_clicks_on_get_started_button_from_tree_panel()&amp#27;[0m
  &amp#27;[32mAnd &amp#27;[0m&amp#27;[32mUser clicks on Get Started button from Tree panel&amp#27;[0m                 &amp#27;[90m# StepDefinitions.Tree.user_clicks_on_get_started_button_from_tree_panel()&amp#27;[0m
  &amp#27;[32mGiven &amp#27;[0m&amp#27;[32mThe user is on the Traversals-Illustration page&amp#27;[0m               &amp#27;[90m# StepDefinitions.Tree.the_user_is_on_the_traversals_illustration_page()&amp#27;[0m
  &amp#27;[32mGiven &amp#27;[0m&amp#27;[32mThe user is on the Traversals-Illustration page&amp#27;[0m                 &amp#27;[90m# StepDefinitions.Tree.the_user_is_on_the_traversals_illustration_page()&amp#27;[0m
  &amp#27;[32mAnd &amp#27;[0m&amp#27;[32mThe user clicks Try Here button&amp#27;[0m                                        &amp#27;[90m# StepDefinitions.Tree.the_user_clicks_try_here_button()&amp#27;[0m
  &amp#27;[32mWhen &amp#27;[0m&amp#27;[32mThe user writes no code inside editor window and clicks on Run button&amp#27;[0m &amp#27;[90m# StepDefinitions.Tree.the_user_writes_no_code_inside_editor_window_and_clicks_on_run_button()&amp#27;[0m
  &amp#27;[32mThen &amp#27;[0m&amp#27;[32mNothing happens to the Editor page and no error message is displayed&amp#27;[0m  &amp#27;[90m# StepDefinitions.Tree.nothing_happens_to_the_editor_page_and_no_error_message_is_displayed()&amp#27;[0m
[INFO ] 2024-12-09 22:15:03.117 [TestNG-PoolService-3] Hooks - ======================  Test Execution is completed!! ======================
  &amp#27;[32mAnd &amp#27;[0m&amp#27;[32mThe user clicks Try Here button&amp#27;[0m                                 &amp#27;[90m# StepDefinitions.Tree.the_user_clicks_try_here_button()&amp#27;[0m
  &amp#27;[32mAnd &amp#27;[0m&amp#27;[32mThe user clicks Try Here button&amp#27;[0m                                   &amp#27;[90m# StepDefinitions.Tree.the_user_clicks_try_here_button()&amp#27;[0m
  &amp#27;[32mWhen &amp#27;[0m&amp#27;[32mThe user writes the invalid python code and clicks on Run button&amp#27;[0m &amp#27;[90m# StepDefinitions.Tree.the_user_writes_the_invalid_python_code_and_clicks_on_run_button()&amp#27;[0m
  &amp#27;[32mThen &amp#27;[0m&amp#27;[32mThe user see error msg in alert window&amp#27;[0m                           &amp#27;[90m# StepDefinitions.Tree.the_user_see_error_msg_in_alert_window()&amp#27;[0m
[INFO ] 2024-12-09 22:15:03.982 [TestNG-PoolService-2] Hooks - ======================  Test Execution is completed!! ======================
  &amp#27;[32mWhen &amp#27;[0m&amp#27;[32mThe user writes the valid python code and clicks on Run button&amp#27;[0m &amp#27;[90m# StepDefinitions.Tree.the_user_writes_the_valid_python_code_and_clicks_on_run_button()&amp#27;[0m
  &amp#27;[32mThen &amp#27;[0m&amp#27;[32mThe user is able to see the output inside the console.&amp#27;[0m         &amp#27;[90m# StepDefinitions.Tree.the_user_is_able_to_see_the_output_inside_the_console()&amp#27;[0m
[INFO ] 2024-12-09 22:15:04.069 [TestNG-PoolService-1] Hooks - ======================  Test Execution is completed!! ======================
]]></system-out>
  </testcase>
  <testcase name="runScenario[&quot;Try Here Editor page with empty code&quot;, &quot;Tree&quot;](163)" classname="TestRunners.TestRunner" time="1.723">
    <system-out><![CDATA[
Scenario: Try Here Editor page with invalid data                        &amp#27;[90m# src/test/resources/Features/Tree.feature:198&amp#27;[0m
  &amp#27;[32mAnd &amp#27;[0m&amp#27;[32mThe user clicks Try Here button&amp#27;[0m                                        &amp#27;[90m# StepDefinitions.Tree.the_user_clicks_try_here_button()&amp#27;[0m
  &amp#27;[32mWhen &amp#27;[0m&amp#27;[32mThe user writes no code inside editor window and clicks on Run button&amp#27;[0m &amp#27;[90m# StepDefinitions.Tree.the_user_writes_no_code_inside_editor_window_and_clicks_on_run_button()&amp#27;[0m
  &amp#27;[32mThen &amp#27;[0m&amp#27;[32mNothing happens to the Editor page and no error message is displayed&amp#27;[0m  &amp#27;[90m# StepDefinitions.Tree.nothing_happens_to_the_editor_page_and_no_error_message_is_displayed()&amp#27;[0m
[INFO ] 2024-12-09 22:27:10.382 [TestNG-PoolService-1] Hooks - ======================  Test Execution is completed!! ======================
[INFO ] 2024-12-09 22:27:11.463 [TestNG-PoolService-2] Hooks - ======================  New Test Execution is STARTED!! ======================
]]></system-out>
    <system-err><![CDATA[Dec 09, 2024 10:27:11 PM org.openqa.selenium.devtools.CdpVersionFinder findNearestMatch
WARNING: Unable to find an exact match for CDP version 131, returning the closest version; found: 130; Please update to a Selenium version that supports CDP version 131
]]></system-err>
  </testcase>
  <testcase name="runScenario[&quot;Try Here Editor page with valid data&quot;, &quot;Tree&quot;](164)" classname="TestRunners.TestRunner" time="0.373">
    <failure message="element not interactable&#10;  (Session info: chrome=131.0.6778.109)&#10;Build info: version: &apos;4.26.0&apos;, revision: &apos;8ccf0219d7&apos;&#10;System info: os.name: &apos;Windows 11&apos;, os.arch: &apos;amd64&apos;, os.version: &apos;10.0&apos;, java.version: &apos;21.0.5&apos;&#10;Driver info: org.openqa.selenium.chrome.ChromeDriver&#10;Command: [86c68160a3db090fa69b486c46e5c5d6, sendKeysToElement {value=[Ljava.lang.CharSequence;@177599d8, id=f.C8BC9EB55A6247D7DD0AF9D918FB6D96.d.FCFAB2EE0325002C058383D63EF87873.e.52}]&#10;Capabilities {acceptInsecureCerts: false, browserName: chrome, browserVersion: 131.0.6778.109, chrome: {chromedriverVersion: 131.0.6778.87 (ce31cae94873..., userDataDir: C:\Users\vamsh\AppData\Loca...}, fedcm:accounts: true, goog:chromeOptions: {debuggerAddress: localhost:62090}, networkConnectionEnabled: false, pageLoadStrategy: normal, platformName: windows, proxy: Proxy(), se:cdp: ws://localhost:62090/devtoo..., se:cdpVersion: 131.0.6778.109, setWindowRect: true, strictFileInteractability: false, timeouts: {implicit: 0, pageLoad: 300000, script: 30000}, unhandledPromptBehavior: dismiss and notify, webauthn:extension:credBlob: true, webauthn:extension:largeBlob: true, webauthn:extension:minPinLength: true, webauthn:extension:prf: true, webauthn:virtualAuthenticators: true}&#10;Element: [[ChromeDriver: chrome on windows (86c68160a3db090fa69b486c46e5c5d6)] -&gt; css selector: .CodeMirror textarea]&#10;Session ID: 86c68160a3db090fa69b486c46e5c5d6" type="org.openqa.selenium.ElementNotInteractableException"><![CDATA[org.openqa.selenium.ElementNotInteractableException: 
element not interactable
  (Session info: chrome=131.0.6778.109)
Build info: version: '4.26.0', revision: '8ccf0219d7'
System info: os.name: 'Windows 11', os.arch: 'amd64', os.version: '10.0', java.version: '21.0.5'
Driver info: org.openqa.selenium.chrome.ChromeDriver
Command: [86c68160a3db090fa69b486c46e5c5d6, sendKeysToElement {value=[Ljava.lang.CharSequence;@177599d8, id=f.C8BC9EB55A6247D7DD0AF9D918FB6D96.d.FCFAB2EE0325002C058383D63EF87873.e.52}]
Capabilities {acceptInsecureCerts: false, browserName: chrome, browserVersion: 131.0.6778.109, chrome: {chromedriverVersion: 131.0.6778.87 (ce31cae94873..., userDataDir: C:\Users\vamsh\AppData\Loca...}, fedcm:accounts: true, goog:chromeOptions: {debuggerAddress: localhost:62090}, networkConnectionEnabled: false, pageLoadStrategy: normal, platformName: windows, proxy: Proxy(), se:cdp: ws://localhost:62090/devtoo..., se:cdpVersion: 131.0.6778.109, setWindowRect: true, strictFileInteractability: false, timeouts: {implicit: 0, pageLoad: 300000, script: 30000}, unhandledPromptBehavior: dismiss and notify, webauthn:extension:credBlob: true, webauthn:extension:largeBlob: true, webauthn:extension:minPinLength: true, webauthn:extension:prf: true, webauthn:virtualAuthenticators: true}
Element: [[ChromeDriver: chrome on windows (86c68160a3db090fa69b486c46e5c5d6)] -> css selector: .CodeMirror textarea]
Session ID: 86c68160a3db090fa69b486c46e5c5d6
]]></failure>
    <system-out><![CDATA[
Scenario: Try Here Editor page with alert message                      &amp#27;[90m# src/test/resources/Features/Tree.feature:205&amp#27;[0m

    Embedding screenshot [image/png 7853 bytes]

[INFO ] 2024-12-09 22:01:58.244 [TestNG-PoolService-2] Hooks - ======================  Screenshot is captured  ======================
[INFO ] 2024-12-09 22:01:58.246 [TestNG-PoolService-2] Hooks - ======================  Test Execution is completed!! ======================
]]></system-out>
  </testcase>
  <testcase name="runScenario[&quot;Try Here Editor page with valid data&quot;, &quot;Tree&quot;](164)" classname="TestRunners.TestRunner" time="7.53">
    <failure message="element not interactable&#10;  (Session info: MicrosoftEdge=131.0.2903.86)&#10;Build info: version: &apos;4.26.0&apos;, revision: &apos;8ccf0219d7&apos;&#10;System info: os.name: &apos;Windows 11&apos;, os.arch: &apos;amd64&apos;, os.version: &apos;10.0&apos;, java.version: &apos;21.0.5&apos;&#10;Driver info: org.openqa.selenium.edge.EdgeDriver&#10;Command: [5eb12ed9e6a8b6aaa7bed58595b053a5, sendKeysToElement {value=[Ljava.lang.CharSequence;@53db6f33, id=f.D552A5BBF749434D06AB71250710C771.d.BC9F8286325580F7BD072D5F92B3AEF6.e.37}]&#10;Capabilities {acceptInsecureCerts: false, browserName: MicrosoftEdge, browserVersion: 131.0.2903.86, fedcm:accounts: true, ms:edgeOptions: {debuggerAddress: localhost:49158}, msedge: {msedgedriverVersion: 131.0.2903.86 (cf5bf303997c..., userDataDir: C:\Users\vamsh\AppData\Loca...}, networkConnectionEnabled: false, pageLoadStrategy: normal, platformName: windows, proxy: Proxy(), se:cdp: ws://localhost:49158/devtoo..., se:cdpVersion: 131.0.2903.86, setWindowRect: true, strictFileInteractability: false, timeouts: {implicit: 0, pageLoad: 300000, script: 30000}, unhandledPromptBehavior: dismiss and notify, webauthn:extension:credBlob: true, webauthn:extension:largeBlob: true, webauthn:extension:minPinLength: true, webauthn:extension:prf: true, webauthn:virtualAuthenticators: true}&#10;Element: [[EdgeDriver: MicrosoftEdge on windows (5eb12ed9e6a8b6aaa7bed58595b053a5)] -&gt; css selector: .CodeMirror textarea]&#10;Session ID: 5eb12ed9e6a8b6aaa7bed58595b053a5" type="org.openqa.selenium.ElementNotInteractableException"><![CDATA[org.openqa.selenium.ElementNotInteractableException: 
element not interactable
  (Session info: MicrosoftEdge=131.0.2903.86)
Build info: version: '4.26.0', revision: '8ccf0219d7'
System info: os.name: 'Windows 11', os.arch: 'amd64', os.version: '10.0', java.version: '21.0.5'
Driver info: org.openqa.selenium.edge.EdgeDriver
Command: [5eb12ed9e6a8b6aaa7bed58595b053a5, sendKeysToElement {value=[Ljava.lang.CharSequence;@53db6f33, id=f.D552A5BBF749434D06AB71250710C771.d.BC9F8286325580F7BD072D5F92B3AEF6.e.37}]
Capabilities {acceptInsecureCerts: false, browserName: MicrosoftEdge, browserVersion: 131.0.2903.86, fedcm:accounts: true, ms:edgeOptions: {debuggerAddress: localhost:49158}, msedge: {msedgedriverVersion: 131.0.2903.86 (cf5bf303997c..., userDataDir: C:\Users\vamsh\AppData\Loca...}, networkConnectionEnabled: false, pageLoadStrategy: normal, platformName: windows, proxy: Proxy(), se:cdp: ws://localhost:49158/devtoo..., se:cdpVersion: 131.0.2903.86, setWindowRect: true, strictFileInteractability: false, timeouts: {implicit: 0, pageLoad: 300000, script: 30000}, unhandledPromptBehavior: dismiss and notify, webauthn:extension:credBlob: true, webauthn:extension:largeBlob: true, webauthn:extension:minPinLength: true, webauthn:extension:prf: true, webauthn:virtualAuthenticators: true}
Element: [[EdgeDriver: MicrosoftEdge on windows (5eb12ed9e6a8b6aaa7bed58595b053a5)] -> css selector: .CodeMirror textarea]
Session ID: 5eb12ed9e6a8b6aaa7bed58595b053a5
]]></failure>
    <system-out><![CDATA[
Scenario: Try Here Editor page with alert message                      &amp#27;[90m# src/test/resources/Features/Tree.feature:205&amp#27;[0m
[INFO ] 2024-12-09 22:27:12.976 [TestNG-PoolService-3] Hooks - ======================  New Test Execution is STARTED!! ======================
[INFO ] 2024-12-09 22:27:15.033 [TestNG-PoolService-1] Hooks - ======================  New Test Execution is STARTED!! ======================
  &amp#27;[32mGiven &amp#27;[0m&amp#27;[32mThe user is on the DS Introduction page as signedIn&amp#27;[0m           &amp#27;[90m# StepDefinitions.DSIntroductionDetails.the_user_is_on_the_ds_introduction_page_as_signed_in()&amp#27;[0m
  &amp#27;[32mAnd &amp#27;[0m&amp#27;[32mUser clicks on Get Started button from Tree panel&amp#27;[0m               &amp#27;[90m# StepDefinitions.Tree.user_clicks_on_get_started_button_from_tree_panel()&amp#27;[0m
  &amp#27;[32mGiven &amp#27;[0m&amp#27;[32mThe user is on the DS Introduction page as signedIn&amp#27;[0m             &amp#27;[90m# StepDefinitions.DSIntroductionDetails.the_user_is_on_the_ds_introduction_page_as_signed_in()&amp#27;[0m
  &amp#27;[32mGiven &amp#27;[0m&amp#27;[32mThe user is on the Traversals-Illustration page&amp#27;[0m               &amp#27;[90m# StepDefinitions.Tree.the_user_is_on_the_traversals_illustration_page()&amp#27;[0m
  &amp#27;[32mAnd &amp#27;[0m&amp#27;[32mUser clicks on Get Started button from Tree panel&amp#27;[0m                 &amp#27;[90m# StepDefinitions.Tree.user_clicks_on_get_started_button_from_tree_panel()&amp#27;[0m
  &amp#27;[32mGiven &amp#27;[0m&amp#27;[32mThe user is on the DS Introduction page as signedIn&amp#27;[0m            &amp#27;[90m# StepDefinitions.DSIntroductionDetails.the_user_is_on_the_ds_introduction_page_as_signed_in()&amp#27;[0m
  &amp#27;[32mGiven &amp#27;[0m&amp#27;[32mThe user is on the Traversals-Illustration page&amp#27;[0m                 &amp#27;[90m# StepDefinitions.Tree.the_user_is_on_the_traversals_illustration_page()&amp#27;[0m
  &amp#27;[32mAnd &amp#27;[0m&amp#27;[32mThe user clicks Try Here button&amp#27;[0m                                 &amp#27;[90m# StepDefinitions.Tree.the_user_clicks_try_here_button()&amp#27;[0m
  &amp#27;[32mAnd &amp#27;[0m&amp#27;[32mUser clicks on Get Started button from Tree panel&amp#27;[0m                &amp#27;[90m# StepDefinitions.Tree.user_clicks_on_get_started_button_from_tree_panel()&amp#27;[0m
  &amp#27;[31mWhen &amp#27;[0m&amp#27;[31mThe user writes the valid python code and clicks on Run button&amp#27;[0m &amp#27;[90m# StepDefinitions.Tree.the_user_writes_the_valid_python_code_and_clicks_on_run_button()&amp#27;[0m
      &amp#27;[31morg.openqa.selenium.ElementNotInteractableException: element not interactable
  (Session info: MicrosoftEdge=131.0.2903.86)
Build info: version: '4.26.0', revision: '8ccf0219d7'
System info: os.name: 'Windows 11', os.arch: 'amd64', os.version: '10.0', java.version: '21.0.5'
Driver info: org.openqa.selenium.edge.EdgeDriver
Command: [5eb12ed9e6a8b6aaa7bed58595b053a5, sendKeysToElement {value=[Ljava.lang.CharSequence;@53db6f33, id=f.D552A5BBF749434D06AB71250710C771.d.BC9F8286325580F7BD072D5F92B3AEF6.e.37}]
Capabilities {acceptInsecureCerts: false, browserName: MicrosoftEdge, browserVersion: 131.0.2903.86, fedcm:accounts: true, ms:edgeOptions: {debuggerAddress: localhost:49158}, msedge: {msedgedriverVersion: 131.0.2903.86 (cf5bf303997c..., userDataDir: C:\Users\vamsh\AppData\Loca...}, networkConnectionEnabled: false, pageLoadStrategy: normal, platformName: windows, proxy: Proxy(), se:cdp: ws://localhost:49158/devtoo..., se:cdpVersion: 131.0.2903.86, setWindowRect: true, strictFileInteractability: false, timeouts: {implicit: 0, pageLoad: 300000, script: 30000}, unhandledPromptBehavior: dismiss and notify, webauthn:extension:credBlob: true, webauthn:extension:largeBlob: true, webauthn:extension:minPinLength: true, webauthn:extension:prf: true, webauthn:virtualAuthenticators: true}
Element: [[EdgeDriver: MicrosoftEdge on windows (5eb12ed9e6a8b6aaa7bed58595b053a5)] -> css selector: .CodeMirror textarea]
Session ID: 5eb12ed9e6a8b6aaa7bed58595b053a5
	at java.base/jdk.internal.reflect.DirectConstructorHandleAccessor.newInstance(DirectConstructorHandleAccessor.java:62)
	at java.base/java.lang.reflect.Constructor.newInstanceWithCaller(Constructor.java:502)
	at java.base/java.lang.reflect.Constructor.newInstance(Constructor.java:486)
	at org.openqa.selenium.remote.ErrorCodec.decode(ErrorCodec.java:167)
	at org.openqa.selenium.remote.codec.w3c.W3CHttpResponseCodec.decode(W3CHttpResponseCodec.java:138)
	at org.openqa.selenium.remote.codec.w3c.W3CHttpResponseCodec.decode(W3CHttpResponseCodec.java:50)
	at org.openqa.selenium.remote.HttpCommandExecutor.execute(HttpCommandExecutor.java:190)
	at org.openqa.selenium.remote.service.DriverCommandExecutor.invokeExecute(DriverCommandExecutor.java:216)
	at org.openqa.selenium.remote.service.DriverCommandExecutor.execute(DriverCommandExecutor.java:174)
	at org.openqa.selenium.remote.RemoteWebDriver.execute(RemoteWebDriver.java:545)
	at org.openqa.selenium.remote.RemoteWebElement.execute(RemoteWebElement.java:223)
	at org.openqa.selenium.remote.RemoteWebElement.sendKeys(RemoteWebElement.java:110)
	at PageObjects.TreePage.writeInTryEditorWindow(TreePage.java:357)
	at StepDefinitions.Tree.the_user_writes_the_valid_python_code_and_clicks_on_run_button(Tree.java:85)
	at ✽.The user writes the valid python code and clicks on Run button(file:///C:/Projects/Repo1/src/test/resources/Features/Tree.feature:195)
&amp#27;[0m
  &amp#27;[36mThen &amp#27;[0m&amp#27;[36mThe user is able to see the output inside the console.&amp#27;[0m         &amp#27;[90m# StepDefinitions.Tree.the_user_is_able_to_see_the_output_inside_the_console()&amp#27;[0m
[ERROR] 2024-12-09 22:27:17.716 [TestNG-PoolService-2] Hooks - ======================  TEST CASE FAILED !! ======================

    Embedding screenshot [image/png 7890 bytes]

[INFO ] 2024-12-09 22:27:17.889 [TestNG-PoolService-2] Hooks - ======================  Screenshot is captured  ======================
[INFO ] 2024-12-09 22:27:17.892 [TestNG-PoolService-2] Hooks - ======================  Test Execution is completed!! ======================
  &amp#27;[32mGiven &amp#27;[0m&amp#27;[32mThe user is on the Traversals-Illustration page&amp#27;[0m                &amp#27;[90m# StepDefinitions.Tree.the_user_is_on_the_traversals_illustration_page()&amp#27;[0m
  &amp#27;[32mAnd &amp#27;[0m&amp#27;[32mThe user clicks Try Here button&amp#27;[0m                                   &amp#27;[90m# StepDefinitions.Tree.the_user_clicks_try_here_button()&amp#27;[0m
  &amp#27;[31mWhen &amp#27;[0m&amp#27;[31mThe user writes the invalid python code and clicks on Run button&amp#27;[0m &amp#27;[90m# StepDefinitions.Tree.the_user_writes_the_invalid_python_code_and_clicks_on_run_button()&amp#27;[0m
      &amp#27;[31morg.openqa.selenium.ElementNotInteractableException: element not interactable
  (Session info: MicrosoftEdge=131.0.2903.86)
Build info: version: '4.26.0', revision: '8ccf0219d7'
System info: os.name: 'Windows 11', os.arch: 'amd64', os.version: '10.0', java.version: '21.0.5'
Driver info: org.openqa.selenium.edge.EdgeDriver
Command: [d54a7587a6414ddde8fcf04dfba16963, sendKeysToElement {value=[Ljava.lang.CharSequence;@5d02ae20, id=f.7FBB6C89A573BFF5B2C364E95A867299.d.2D943E15E7B20D9CAC616D7E15C81727.e.39}]
Capabilities {acceptInsecureCerts: false, browserName: MicrosoftEdge, browserVersion: 131.0.2903.86, fedcm:accounts: true, ms:edgeOptions: {debuggerAddress: localhost:49196}, msedge: {msedgedriverVersion: 131.0.2903.86 (cf5bf303997c..., userDataDir: C:\Users\vamsh\AppData\Loca...}, networkConnectionEnabled: false, pageLoadStrategy: normal, platformName: windows, proxy: Proxy(), se:cdp: ws://localhost:49196/devtoo..., se:cdpVersion: 131.0.2903.86, setWindowRect: true, strictFileInteractability: false, timeouts: {implicit: 0, pageLoad: 300000, script: 30000}, unhandledPromptBehavior: dismiss and notify, webauthn:extension:credBlob: true, webauthn:extension:largeBlob: true, webauthn:extension:minPinLength: true, webauthn:extension:prf: true, webauthn:virtualAuthenticators: true}
Element: [[EdgeDriver: MicrosoftEdge on windows (d54a7587a6414ddde8fcf04dfba16963)] -> css selector: .CodeMirror textarea]
Session ID: d54a7587a6414ddde8fcf04dfba16963
	at java.base/jdk.internal.reflect.DirectConstructorHandleAccessor.newInstance(DirectConstructorHandleAccessor.java:62)
	at java.base/java.lang.reflect.Constructor.newInstanceWithCaller(Constructor.java:502)
	at java.base/java.lang.reflect.Constructor.newInstance(Constructor.java:486)
	at org.openqa.selenium.remote.ErrorCodec.decode(ErrorCodec.java:167)
	at org.openqa.selenium.remote.codec.w3c.W3CHttpResponseCodec.decode(W3CHttpResponseCodec.java:138)
	at org.openqa.selenium.remote.codec.w3c.W3CHttpResponseCodec.decode(W3CHttpResponseCodec.java:50)
	at org.openqa.selenium.remote.HttpCommandExecutor.execute(HttpCommandExecutor.java:190)
	at org.openqa.selenium.remote.service.DriverCommandExecutor.invokeExecute(DriverCommandExecutor.java:216)
	at org.openqa.selenium.remote.service.DriverCommandExecutor.execute(DriverCommandExecutor.java:174)
	at org.openqa.selenium.remote.RemoteWebDriver.execute(RemoteWebDriver.java:545)
	at org.openqa.selenium.remote.RemoteWebElement.execute(RemoteWebElement.java:223)
	at org.openqa.selenium.remote.RemoteWebElement.sendKeys(RemoteWebElement.java:110)
	at PageObjects.TreePage.writeInTryEditorWindow(TreePage.java:357)
	at StepDefinitions.Tree.the_user_writes_the_invalid_python_code_and_clicks_on_run_button(Tree.java:96)
	at ✽.The user writes the invalid python code and clicks on Run button(file:///C:/Projects/Repo1/src/test/resources/Features/Tree.feature:202)
&amp#27;[0m
  &amp#27;[36mThen &amp#27;[0m&amp#27;[36mThe user see error msg in alert window&amp#27;[0m                           &amp#27;[90m# StepDefinitions.Tree.the_user_see_error_msg_in_alert_window()&amp#27;[0m
[ERROR] 2024-12-09 22:27:18.297 [TestNG-PoolService-3] Hooks - ======================  TEST CASE FAILED !! ======================

    Embedding screenshot [image/png 7890 bytes]

[INFO ] 2024-12-09 22:27:18.474 [TestNG-PoolService-3] Hooks - ======================  Screenshot is captured  ======================
[INFO ] 2024-12-09 22:27:18.476 [TestNG-PoolService-3] Hooks - ======================  Test Execution is completed!! ======================
  &amp#27;[32mAnd &amp#27;[0m&amp#27;[32mThe user clicks Try Here button&amp#27;[0m                                  &amp#27;[90m# StepDefinitions.Tree.the_user_clicks_try_here_button()&amp#27;[0m
  &amp#27;[32mAnd &amp#27;[0m&amp#27;[32mThe user writes the invalid python code and clicks on Run button&amp#27;[0m &amp#27;[90m# StepDefinitions.Tree.the_user_writes_the_invalid_python_code_and_clicks_on_run_button()&amp#27;[0m
  &amp#27;[32mWhen &amp#27;[0m&amp#27;[32mThe user clicks the ok button in the alert window&amp#27;[0m               &amp#27;[90m# StepDefinitions.Tree.the_user_clicks_the_ok_button_in_the_alert_window()&amp#27;[0m
  &amp#27;[32mThen &amp#27;[0m&amp#27;[32mAlert message window is dismissed and user stays on Editor page&amp#27;[0m &amp#27;[90m# StepDefinitions.Tree.Alert_message_window_is_dismissed_and_user_stays_on_Editor_page()&amp#27;[0m
[INFO ] 2024-12-09 22:27:19.011 [TestNG-PoolService-1] Hooks - ======================  Test Execution is completed!! ======================
]]></system-out>
    <system-err><![CDATA[Dec 09, 2024 10:27:12 PM org.openqa.selenium.devtools.CdpVersionFinder findNearestMatch
WARNING: Unable to find an exact match for CDP version 131, returning the closest version; found: 130; Please update to a Selenium version that supports CDP version 131
Dec 09, 2024 10:27:14 PM org.openqa.selenium.devtools.CdpVersionFinder findNearestMatch
WARNING: Unable to find an exact match for CDP version 131, returning the closest version; found: 130; Please update to a Selenium version that supports CDP version 131
]]></system-err>
  </testcase>
  <testcase name="runScenario[&quot;Try Here Editor page with invalid data&quot;, &quot;Tree&quot;](165)" classname="TestRunners.TestRunner" time="4.672">
    <failure message="element not interactable&#10;  (Session info: chrome=131.0.6778.109)&#10;Build info: version: &apos;4.26.0&apos;, revision: &apos;8ccf0219d7&apos;&#10;System info: os.name: &apos;Windows 11&apos;, os.arch: &apos;amd64&apos;, os.version: &apos;10.0&apos;, java.version: &apos;21.0.5&apos;&#10;Driver info: org.openqa.selenium.chrome.ChromeDriver&#10;Command: [762127f1a3e32327ce3ec62e3a87db32, sendKeysToElement {value=[Ljava.lang.CharSequence;@634f732a, id=f.064356484DB58825389A425F1BA64AF3.d.27184018E09BA5E60259130EE20A8C2D.e.53}]&#10;Capabilities {acceptInsecureCerts: false, browserName: chrome, browserVersion: 131.0.6778.109, chrome: {chromedriverVersion: 131.0.6778.87 (ce31cae94873..., userDataDir: C:\Users\vamsh\AppData\Loca...}, fedcm:accounts: true, goog:chromeOptions: {debuggerAddress: localhost:62143}, networkConnectionEnabled: false, pageLoadStrategy: normal, platformName: windows, proxy: Proxy(), se:cdp: ws://localhost:62143/devtoo..., se:cdpVersion: 131.0.6778.109, setWindowRect: true, strictFileInteractability: false, timeouts: {implicit: 0, pageLoad: 300000, script: 30000}, unhandledPromptBehavior: dismiss and notify, webauthn:extension:credBlob: true, webauthn:extension:largeBlob: true, webauthn:extension:minPinLength: true, webauthn:extension:prf: true, webauthn:virtualAuthenticators: true}&#10;Element: [[ChromeDriver: chrome on windows (762127f1a3e32327ce3ec62e3a87db32)] -&gt; css selector: .CodeMirror textarea]&#10;Session ID: 762127f1a3e32327ce3ec62e3a87db32" type="org.openqa.selenium.ElementNotInteractableException"><![CDATA[org.openqa.selenium.ElementNotInteractableException: 
element not interactable
  (Session info: chrome=131.0.6778.109)
Build info: version: '4.26.0', revision: '8ccf0219d7'
System info: os.name: 'Windows 11', os.arch: 'amd64', os.version: '10.0', java.version: '21.0.5'
Driver info: org.openqa.selenium.chrome.ChromeDriver
Command: [762127f1a3e32327ce3ec62e3a87db32, sendKeysToElement {value=[Ljava.lang.CharSequence;@634f732a, id=f.064356484DB58825389A425F1BA64AF3.d.27184018E09BA5E60259130EE20A8C2D.e.53}]
Capabilities {acceptInsecureCerts: false, browserName: chrome, browserVersion: 131.0.6778.109, chrome: {chromedriverVersion: 131.0.6778.87 (ce31cae94873..., userDataDir: C:\Users\vamsh\AppData\Loca...}, fedcm:accounts: true, goog:chromeOptions: {debuggerAddress: localhost:62143}, networkConnectionEnabled: false, pageLoadStrategy: normal, platformName: windows, proxy: Proxy(), se:cdp: ws://localhost:62143/devtoo..., se:cdpVersion: 131.0.6778.109, setWindowRect: true, strictFileInteractability: false, timeouts: {implicit: 0, pageLoad: 300000, script: 30000}, unhandledPromptBehavior: dismiss and notify, webauthn:extension:credBlob: true, webauthn:extension:largeBlob: true, webauthn:extension:minPinLength: true, webauthn:extension:prf: true, webauthn:virtualAuthenticators: true}
Element: [[ChromeDriver: chrome on windows (762127f1a3e32327ce3ec62e3a87db32)] -> css selector: .CodeMirror textarea]
Session ID: 762127f1a3e32327ce3ec62e3a87db32
]]></failure>
    <system-out><![CDATA[
Scenario: Traversals-Illustration                           &amp#27;[90m# src/test/resources/Features/Tree.feature:213&amp#27;[0m
[INFO ] 2024-12-09 22:01:59.509 [TestNG-PoolService-1] Hooks - ======================  New Test Execution is STARTED!! ======================
[INFO ] 2024-12-09 22:02:00.255 [TestNG-PoolService-2] Hooks - ======================  New Test Execution is STARTED!! ======================
  &amp#27;[32mGiven &amp#27;[0m&amp#27;[32mThe user is on the DS Introduction page as signedIn&amp#27;[0m             &amp#27;[90m# StepDefinitions.DSIntroductionDetails.the_user_is_on_the_ds_introduction_page_as_signed_in()&amp#27;[0m
  &amp#27;[32mAnd &amp#27;[0m&amp#27;[32mUser clicks on Get Started button from Tree panel&amp#27;[0m                 &amp#27;[90m# StepDefinitions.Tree.user_clicks_on_get_started_button_from_tree_panel()&amp#27;[0m
  &amp#27;[32mGiven &amp#27;[0m&amp#27;[32mThe user is on the Traversals-Illustration page&amp#27;[0m                 &amp#27;[90m# StepDefinitions.Tree.the_user_is_on_the_traversals_illustration_page()&amp#27;[0m
  &amp#27;[32mGiven &amp#27;[0m&amp#27;[32mThe user is on the DS Introduction page as signedIn&amp#27;[0m            &amp#27;[90m# StepDefinitions.DSIntroductionDetails.the_user_is_on_the_ds_introduction_page_as_signed_in()&amp#27;[0m
  &amp#27;[32mAnd &amp#27;[0m&amp#27;[32mThe user clicks Try Here button&amp#27;[0m                                   &amp#27;[90m# StepDefinitions.Tree.the_user_clicks_try_here_button()&amp#27;[0m
  &amp#27;[31mWhen &amp#27;[0m&amp#27;[31mThe user writes the invalid python code and clicks on Run button&amp#27;[0m &amp#27;[90m# StepDefinitions.Tree.the_user_writes_the_invalid_python_code_and_clicks_on_run_button()&amp#27;[0m
      &amp#27;[31morg.openqa.selenium.ElementNotInteractableException: element not interactable
  (Session info: chrome=131.0.6778.109)
Build info: version: '4.26.0', revision: '8ccf0219d7'
System info: os.name: 'Windows 11', os.arch: 'amd64', os.version: '10.0', java.version: '21.0.5'
Driver info: org.openqa.selenium.chrome.ChromeDriver
Command: [762127f1a3e32327ce3ec62e3a87db32, sendKeysToElement {value=[Ljava.lang.CharSequence;@634f732a, id=f.064356484DB58825389A425F1BA64AF3.d.27184018E09BA5E60259130EE20A8C2D.e.53}]
Capabilities {acceptInsecureCerts: false, browserName: chrome, browserVersion: 131.0.6778.109, chrome: {chromedriverVersion: 131.0.6778.87 (ce31cae94873..., userDataDir: C:\Users\vamsh\AppData\Loca...}, fedcm:accounts: true, goog:chromeOptions: {debuggerAddress: localhost:62143}, networkConnectionEnabled: false, pageLoadStrategy: normal, platformName: windows, proxy: Proxy(), se:cdp: ws://localhost:62143/devtoo..., se:cdpVersion: 131.0.6778.109, setWindowRect: true, strictFileInteractability: false, timeouts: {implicit: 0, pageLoad: 300000, script: 30000}, unhandledPromptBehavior: dismiss and notify, webauthn:extension:credBlob: true, webauthn:extension:largeBlob: true, webauthn:extension:minPinLength: true, webauthn:extension:prf: true, webauthn:virtualAuthenticators: true}
Element: [[ChromeDriver: chrome on windows (762127f1a3e32327ce3ec62e3a87db32)] -> css selector: .CodeMirror textarea]
Session ID: 762127f1a3e32327ce3ec62e3a87db32
	at java.base/jdk.internal.reflect.DirectConstructorHandleAccessor.newInstance(DirectConstructorHandleAccessor.java:62)
	at java.base/java.lang.reflect.Constructor.newInstanceWithCaller(Constructor.java:502)
	at java.base/java.lang.reflect.Constructor.newInstance(Constructor.java:486)
	at org.openqa.selenium.remote.ErrorCodec.decode(ErrorCodec.java:167)
	at org.openqa.selenium.remote.codec.w3c.W3CHttpResponseCodec.decode(W3CHttpResponseCodec.java:138)
	at org.openqa.selenium.remote.codec.w3c.W3CHttpResponseCodec.decode(W3CHttpResponseCodec.java:50)
	at org.openqa.selenium.remote.HttpCommandExecutor.execute(HttpCommandExecutor.java:190)
	at org.openqa.selenium.remote.service.DriverCommandExecutor.invokeExecute(DriverCommandExecutor.java:216)
	at org.openqa.selenium.remote.service.DriverCommandExecutor.execute(DriverCommandExecutor.java:174)
	at org.openqa.selenium.remote.RemoteWebDriver.execute(RemoteWebDriver.java:545)
	at org.openqa.selenium.remote.RemoteWebElement.execute(RemoteWebElement.java:223)
	at org.openqa.selenium.remote.RemoteWebElement.sendKeys(RemoteWebElement.java:110)
	at PageObjects.TreePage.writeInTryEditorWindow(TreePage.java:357)
	at StepDefinitions.Tree.the_user_writes_the_invalid_python_code_and_clicks_on_run_button(Tree.java:96)
	at ✽.The user writes the invalid python code and clicks on Run button(file:///C:/Projects/Repo1/src/test/resources/Features/Tree.feature:202)
&amp#27;[0m
  &amp#27;[36mThen &amp#27;[0m&amp#27;[36mThe user see error msg in alert window&amp#27;[0m                           &amp#27;[90m# StepDefinitions.Tree.the_user_see_error_msg_in_alert_window()&amp#27;[0m
[ERROR] 2024-12-09 22:02:02.779 [TestNG-PoolService-3] Hooks - ======================  TEST CASE FAILED !! ======================

    Embedding screenshot [image/png 7853 bytes]

[INFO ] 2024-12-09 22:02:02.969 [TestNG-PoolService-3] Hooks - ======================  Screenshot is captured  ======================
[INFO ] 2024-12-09 22:02:02.974 [TestNG-PoolService-3] Hooks - ======================  Test Execution is completed!! ======================
  &amp#27;[32mAnd &amp#27;[0m&amp#27;[32mUser clicks on Get Started button from Tree panel&amp#27;[0m                &amp#27;[90m# StepDefinitions.Tree.user_clicks_on_get_started_button_from_tree_panel()&amp#27;[0m
]]></system-out>
    <system-err><![CDATA[Dec 09, 2024 10:01:59 PM org.openqa.selenium.devtools.CdpVersionFinder findNearestMatch
WARNING: Unable to find an exact match for CDP version 131, returning the closest version; found: 130; Please update to a Selenium version that supports CDP version 131
Dec 09, 2024 10:02:00 PM org.openqa.selenium.devtools.CdpVersionFinder findNearestMatch
WARNING: Unable to find an exact match for CDP version 131, returning the closest version; found: 130; Please update to a Selenium version that supports CDP version 131
]]></system-err>
  </testcase>
  <testcase name="runScenario[&quot;Try Here Editor page with invalid data&quot;, &quot;Tree&quot;](165)" classname="TestRunners.TestRunner" time="0.59">
    <failure message="element not interactable&#10;  (Session info: MicrosoftEdge=131.0.2903.86)&#10;Build info: version: &apos;4.26.0&apos;, revision: &apos;8ccf0219d7&apos;&#10;System info: os.name: &apos;Windows 11&apos;, os.arch: &apos;amd64&apos;, os.version: &apos;10.0&apos;, java.version: &apos;21.0.5&apos;&#10;Driver info: org.openqa.selenium.edge.EdgeDriver&#10;Command: [d54a7587a6414ddde8fcf04dfba16963, sendKeysToElement {value=[Ljava.lang.CharSequence;@5d02ae20, id=f.7FBB6C89A573BFF5B2C364E95A867299.d.2D943E15E7B20D9CAC616D7E15C81727.e.39}]&#10;Capabilities {acceptInsecureCerts: false, browserName: MicrosoftEdge, browserVersion: 131.0.2903.86, fedcm:accounts: true, ms:edgeOptions: {debuggerAddress: localhost:49196}, msedge: {msedgedriverVersion: 131.0.2903.86 (cf5bf303997c..., userDataDir: C:\Users\vamsh\AppData\Loca...}, networkConnectionEnabled: false, pageLoadStrategy: normal, platformName: windows, proxy: Proxy(), se:cdp: ws://localhost:49196/devtoo..., se:cdpVersion: 131.0.2903.86, setWindowRect: true, strictFileInteractability: false, timeouts: {implicit: 0, pageLoad: 300000, script: 30000}, unhandledPromptBehavior: dismiss and notify, webauthn:extension:credBlob: true, webauthn:extension:largeBlob: true, webauthn:extension:minPinLength: true, webauthn:extension:prf: true, webauthn:virtualAuthenticators: true}&#10;Element: [[EdgeDriver: MicrosoftEdge on windows (d54a7587a6414ddde8fcf04dfba16963)] -&gt; css selector: .CodeMirror textarea]&#10;Session ID: d54a7587a6414ddde8fcf04dfba16963" type="org.openqa.selenium.ElementNotInteractableException"><![CDATA[org.openqa.selenium.ElementNotInteractableException: 
element not interactable
  (Session info: MicrosoftEdge=131.0.2903.86)
Build info: version: '4.26.0', revision: '8ccf0219d7'
System info: os.name: 'Windows 11', os.arch: 'amd64', os.version: '10.0', java.version: '21.0.5'
Driver info: org.openqa.selenium.edge.EdgeDriver
Command: [d54a7587a6414ddde8fcf04dfba16963, sendKeysToElement {value=[Ljava.lang.CharSequence;@5d02ae20, id=f.7FBB6C89A573BFF5B2C364E95A867299.d.2D943E15E7B20D9CAC616D7E15C81727.e.39}]
Capabilities {acceptInsecureCerts: false, browserName: MicrosoftEdge, browserVersion: 131.0.2903.86, fedcm:accounts: true, ms:edgeOptions: {debuggerAddress: localhost:49196}, msedge: {msedgedriverVersion: 131.0.2903.86 (cf5bf303997c..., userDataDir: C:\Users\vamsh\AppData\Loca...}, networkConnectionEnabled: false, pageLoadStrategy: normal, platformName: windows, proxy: Proxy(), se:cdp: ws://localhost:49196/devtoo..., se:cdpVersion: 131.0.2903.86, setWindowRect: true, strictFileInteractability: false, timeouts: {implicit: 0, pageLoad: 300000, script: 30000}, unhandledPromptBehavior: dismiss and notify, webauthn:extension:credBlob: true, webauthn:extension:largeBlob: true, webauthn:extension:minPinLength: true, webauthn:extension:prf: true, webauthn:virtualAuthenticators: true}
Element: [[EdgeDriver: MicrosoftEdge on windows (d54a7587a6414ddde8fcf04dfba16963)] -> css selector: .CodeMirror textarea]
Session ID: d54a7587a6414ddde8fcf04dfba16963
]]></failure>
    <system-out><![CDATA[
Scenario: Traversals-Illustration                           &amp#27;[90m# src/test/resources/Features/Tree.feature:213&amp#27;[0m
]]></system-out>
  </testcase>
  <testcase name="runScenario[&quot;Try Here Editor page with alert message&quot;, &quot;Tree&quot;](166)" classname="TestRunners.TestRunner" time="1.792">
    <failure message="element not interactable&#10;  (Session info: chrome=131.0.6778.109)&#10;Build info: version: &apos;4.26.0&apos;, revision: &apos;8ccf0219d7&apos;&#10;System info: os.name: &apos;Windows 11&apos;, os.arch: &apos;amd64&apos;, os.version: &apos;10.0&apos;, java.version: &apos;21.0.5&apos;&#10;Driver info: org.openqa.selenium.chrome.ChromeDriver&#10;Command: [25ac73d86298f00363af70c31fee9265, sendKeysToElement {value=[Ljava.lang.CharSequence;@2c736a14, id=f.94E385C83FF2DF255C40924446E8150B.d.484E4386086657364227B49C970A0DF0.e.58}]&#10;Capabilities {acceptInsecureCerts: false, browserName: chrome, browserVersion: 131.0.6778.109, chrome: {chromedriverVersion: 131.0.6778.87 (ce31cae94873..., userDataDir: C:\Users\vamsh\AppData\Loca...}, fedcm:accounts: true, goog:chromeOptions: {debuggerAddress: localhost:62166}, networkConnectionEnabled: false, pageLoadStrategy: normal, platformName: windows, proxy: Proxy(), se:cdp: ws://localhost:62166/devtoo..., se:cdpVersion: 131.0.6778.109, setWindowRect: true, strictFileInteractability: false, timeouts: {implicit: 0, pageLoad: 300000, script: 30000}, unhandledPromptBehavior: dismiss and notify, webauthn:extension:credBlob: true, webauthn:extension:largeBlob: true, webauthn:extension:minPinLength: true, webauthn:extension:prf: true, webauthn:virtualAuthenticators: true}&#10;Element: [[ChromeDriver: chrome on windows (25ac73d86298f00363af70c31fee9265)] -&gt; css selector: .CodeMirror textarea]&#10;Session ID: 25ac73d86298f00363af70c31fee9265" type="org.openqa.selenium.ElementNotInteractableException"><![CDATA[org.openqa.selenium.ElementNotInteractableException: 
element not interactable
  (Session info: chrome=131.0.6778.109)
Build info: version: '4.26.0', revision: '8ccf0219d7'
System info: os.name: 'Windows 11', os.arch: 'amd64', os.version: '10.0', java.version: '21.0.5'
Driver info: org.openqa.selenium.chrome.ChromeDriver
Command: [25ac73d86298f00363af70c31fee9265, sendKeysToElement {value=[Ljava.lang.CharSequence;@2c736a14, id=f.94E385C83FF2DF255C40924446E8150B.d.484E4386086657364227B49C970A0DF0.e.58}]
Capabilities {acceptInsecureCerts: false, browserName: chrome, browserVersion: 131.0.6778.109, chrome: {chromedriverVersion: 131.0.6778.87 (ce31cae94873..., userDataDir: C:\Users\vamsh\AppData\Loca...}, fedcm:accounts: true, goog:chromeOptions: {debuggerAddress: localhost:62166}, networkConnectionEnabled: false, pageLoadStrategy: normal, platformName: windows, proxy: Proxy(), se:cdp: ws://localhost:62166/devtoo..., se:cdpVersion: 131.0.6778.109, setWindowRect: true, strictFileInteractability: false, timeouts: {implicit: 0, pageLoad: 300000, script: 30000}, unhandledPromptBehavior: dismiss and notify, webauthn:extension:credBlob: true, webauthn:extension:largeBlob: true, webauthn:extension:minPinLength: true, webauthn:extension:prf: true, webauthn:virtualAuthenticators: true}
Element: [[ChromeDriver: chrome on windows (25ac73d86298f00363af70c31fee9265)] -> css selector: .CodeMirror textarea]
Session ID: 25ac73d86298f00363af70c31fee9265
]]></failure>
    <system-out><![CDATA[
Scenario: Binary Trees                                               &amp#27;[90m# src/test/resources/Features/Tree.feature:220&amp#27;[0m
  &amp#27;[32mGiven &amp#27;[0m&amp#27;[32mThe user is on the Traversals-Illustration page&amp#27;[0m                &amp#27;[90m# StepDefinitions.Tree.the_user_is_on_the_traversals_illustration_page()&amp#27;[0m
  &amp#27;[32mGiven &amp#27;[0m&amp#27;[32mThe user is on the DS Introduction page as signedIn&amp#27;[0m &amp#27;[90m# StepDefinitions.DSIntroductionDetails.the_user_is_on_the_ds_introduction_page_as_signed_in()&amp#27;[0m
  &amp#27;[32mAnd &amp#27;[0m&amp#27;[32mUser clicks on Get Started button from Tree panel&amp#27;[0m     &amp#27;[90m# StepDefinitions.Tree.user_clicks_on_get_started_button_from_tree_panel()&amp#27;[0m
  &amp#27;[32mAnd &amp#27;[0m&amp#27;[32mThe user clicks Try Here button&amp#27;[0m                                  &amp#27;[90m# StepDefinitions.Tree.the_user_clicks_try_here_button()&amp#27;[0m
  &amp#27;[31mAnd &amp#27;[0m&amp#27;[31mThe user writes the invalid python code and clicks on Run button&amp#27;[0m &amp#27;[90m# StepDefinitions.Tree.the_user_writes_the_invalid_python_code_and_clicks_on_run_button()&amp#27;[0m
      &amp#27;[31morg.openqa.selenium.ElementNotInteractableException: element not interactable
  (Session info: chrome=131.0.6778.109)
Build info: version: '4.26.0', revision: '8ccf0219d7'
System info: os.name: 'Windows 11', os.arch: 'amd64', os.version: '10.0', java.version: '21.0.5'
Driver info: org.openqa.selenium.chrome.ChromeDriver
Command: [25ac73d86298f00363af70c31fee9265, sendKeysToElement {value=[Ljava.lang.CharSequence;@2c736a14, id=f.94E385C83FF2DF255C40924446E8150B.d.484E4386086657364227B49C970A0DF0.e.58}]
Capabilities {acceptInsecureCerts: false, browserName: chrome, browserVersion: 131.0.6778.109, chrome: {chromedriverVersion: 131.0.6778.87 (ce31cae94873..., userDataDir: C:\Users\vamsh\AppData\Loca...}, fedcm:accounts: true, goog:chromeOptions: {debuggerAddress: localhost:62166}, networkConnectionEnabled: false, pageLoadStrategy: normal, platformName: windows, proxy: Proxy(), se:cdp: ws://localhost:62166/devtoo..., se:cdpVersion: 131.0.6778.109, setWindowRect: true, strictFileInteractability: false, timeouts: {implicit: 0, pageLoad: 300000, script: 30000}, unhandledPromptBehavior: dismiss and notify, webauthn:extension:credBlob: true, webauthn:extension:largeBlob: true, webauthn:extension:minPinLength: true, webauthn:extension:prf: true, webauthn:virtualAuthenticators: true}
Element: [[ChromeDriver: chrome on windows (25ac73d86298f00363af70c31fee9265)] -> css selector: .CodeMirror textarea]
Session ID: 25ac73d86298f00363af70c31fee9265
	at java.base/jdk.internal.reflect.DirectConstructorHandleAccessor.newInstance(DirectConstructorHandleAccessor.java:62)
	at java.base/java.lang.reflect.Constructor.newInstanceWithCaller(Constructor.java:502)
	at java.base/java.lang.reflect.Constructor.newInstance(Constructor.java:486)
	at org.openqa.selenium.remote.ErrorCodec.decode(ErrorCodec.java:167)
	at org.openqa.selenium.remote.codec.w3c.W3CHttpResponseCodec.decode(W3CHttpResponseCodec.java:138)
	at org.openqa.selenium.remote.codec.w3c.W3CHttpResponseCodec.decode(W3CHttpResponseCodec.java:50)
	at org.openqa.selenium.remote.HttpCommandExecutor.execute(HttpCommandExecutor.java:190)
	at org.openqa.selenium.remote.service.DriverCommandExecutor.invokeExecute(DriverCommandExecutor.java:216)
	at org.openqa.selenium.remote.service.DriverCommandExecutor.execute(DriverCommandExecutor.java:174)
	at org.openqa.selenium.remote.RemoteWebDriver.execute(RemoteWebDriver.java:545)
	at org.openqa.selenium.remote.RemoteWebElement.execute(RemoteWebElement.java:223)
	at org.openqa.selenium.remote.RemoteWebElement.sendKeys(RemoteWebElement.java:110)
	at PageObjects.TreePage.writeInTryEditorWindow(TreePage.java:357)
	at StepDefinitions.Tree.the_user_writes_the_invalid_python_code_and_clicks_on_run_button(Tree.java:96)
	at ✽.The user writes the invalid python code and clicks on Run button(file:///C:/Projects/Repo1/src/test/resources/Features/Tree.feature:209)
&amp#27;[0m
  &amp#27;[36mWhen &amp#27;[0m&amp#27;[36mThe user clicks the ok button in the alert window&amp#27;[0m               &amp#27;[90m# StepDefinitions.Tree.the_user_clicks_the_ok_button_in_the_alert_window()&amp#27;[0m
  &amp#27;[36mThen &amp#27;[0m&amp#27;[36mAlert message window is dismissed and user stays on Editor page&amp#27;[0m &amp#27;[90m# StepDefinitions.Tree.Alert_message_window_is_dismissed_and_user_stays_on_Editor_page()&amp#27;[0m
[ERROR] 2024-12-09 22:02:04.454 [TestNG-PoolService-1] Hooks - ======================  TEST CASE FAILED !! ======================
[INFO ] 2024-12-09 22:02:04.599 [TestNG-PoolService-3] Hooks - ======================  New Test Execution is STARTED!! ======================

    Embedding screenshot [image/png 7853 bytes]

[INFO ] 2024-12-09 22:02:04.636 [TestNG-PoolService-1] Hooks - ======================  Screenshot is captured  ======================
[INFO ] 2024-12-09 22:02:04.642 [TestNG-PoolService-1] Hooks - ======================  Test Execution is completed!! ======================
  &amp#27;[32mGiven &amp#27;[0m&amp#27;[32mThe user is on the Traversals-Illustration page&amp#27;[0m     &amp#27;[90m# StepDefinitions.Tree.the_user_is_on_the_traversals_illustration_page()&amp#27;[0m
]]></system-out>
    <system-err><![CDATA[Dec 09, 2024 10:02:04 PM org.openqa.selenium.devtools.CdpVersionFinder findNearestMatch
WARNING: Unable to find an exact match for CDP version 131, returning the closest version; found: 130; Please update to a Selenium version that supports CDP version 131
]]></system-err>
  </testcase>
  <testcase name="runScenario[&quot;Try Here Editor page with alert message&quot;, &quot;Tree&quot;](166)" classname="TestRunners.TestRunner" time="0.606">
    <system-out><![CDATA[
Scenario: Binary Trees                                               &amp#27;[90m# src/test/resources/Features/Tree.feature:220&amp#27;[0m
]]></system-out>
  </testcase>
  <testcase name="runScenario[&quot;Traversals-Illustration&quot;, &quot;Tree&quot;](167)" classname="TestRunners.TestRunner" time="0.483">
    <system-out><![CDATA[
Scenario: Try Here Editor page with empty code                               &amp#27;[90m# src/test/resources/Features/Tree.feature:226&amp#27;[0m
  &amp#27;[32mWhen &amp#27;[0m&amp#27;[32mThe user clicks Binary Trees link&amp#27;[0m                    &amp#27;[90m# StepDefinitions.Tree.the_user_clicks_binary_trees_link()&amp#27;[0m
  &amp#27;[32mThen &amp#27;[0m&amp#27;[32mThe user is redirected to Binary Trees page.&amp#27;[0m         &amp#27;[90m# StepDefinitions.Tree.the_user_is_redirected_to_binary_trees_page()&amp#27;[0m
[INFO ] 2024-12-09 22:02:05.145 [TestNG-PoolService-2] Hooks - ======================  Test Execution is completed!! ======================
]]></system-out>
  </testcase>
  <testcase name="runScenario[&quot;Traversals-Illustration&quot;, &quot;Tree&quot;](167)" classname="TestRunners.TestRunner" time="6.766">
    <system-out><![CDATA[
Scenario: Try Here Editor page with empty code                               &amp#27;[90m# src/test/resources/Features/Tree.feature:226&amp#27;[0m
[INFO ] 2024-12-09 22:27:20.600 [TestNG-PoolService-2] Hooks - ======================  New Test Execution is STARTED!! ======================
[INFO ] 2024-12-09 22:27:23.115 [TestNG-PoolService-3] Hooks - ======================  New Test Execution is STARTED!! ======================
[INFO ] 2024-12-09 22:27:24.052 [TestNG-PoolService-1] Hooks - ======================  New Test Execution is STARTED!! ======================
  &amp#27;[32mGiven &amp#27;[0m&amp#27;[32mThe user is on the DS Introduction page as signedIn&amp#27;[0m &amp#27;[90m# StepDefinitions.DSIntroductionDetails.the_user_is_on_the_ds_introduction_page_as_signed_in()&amp#27;[0m
  &amp#27;[32mAnd &amp#27;[0m&amp#27;[32mUser clicks on Get Started button from Tree panel&amp#27;[0m     &amp#27;[90m# StepDefinitions.Tree.user_clicks_on_get_started_button_from_tree_panel()&amp#27;[0m
  &amp#27;[32mGiven &amp#27;[0m&amp#27;[32mThe user is on the Traversals-Illustration page&amp#27;[0m     &amp#27;[90m# StepDefinitions.Tree.the_user_is_on_the_traversals_illustration_page()&amp#27;[0m
  &amp#27;[32mWhen &amp#27;[0m&amp#27;[32mThe user clicks Binary Trees link&amp#27;[0m                    &amp#27;[90m# StepDefinitions.Tree.the_user_clicks_binary_trees_link()&amp#27;[0m
  &amp#27;[32mThen &amp#27;[0m&amp#27;[32mThe user is redirected to Binary Trees page.&amp#27;[0m         &amp#27;[90m# StepDefinitions.Tree.the_user_is_redirected_to_binary_trees_page()&amp#27;[0m
[INFO ] 2024-12-09 22:27:25.849 [TestNG-PoolService-2] Hooks - ======================  Test Execution is completed!! ======================
  &amp#27;[32mGiven &amp#27;[0m&amp#27;[32mThe user is on the DS Introduction page as signedIn&amp#27;[0m          &amp#27;[90m# StepDefinitions.DSIntroductionDetails.the_user_is_on_the_ds_introduction_page_as_signed_in()&amp#27;[0m
  &amp#27;[32mGiven &amp#27;[0m&amp#27;[32mThe user is on the DS Introduction page as signedIn&amp#27;[0m                  &amp#27;[90m# StepDefinitions.DSIntroductionDetails.the_user_is_on_the_ds_introduction_page_as_signed_in()&amp#27;[0m
]]></system-out>
    <system-err><![CDATA[Dec 09, 2024 10:27:20 PM org.openqa.selenium.devtools.CdpVersionFinder findNearestMatch
WARNING: Unable to find an exact match for CDP version 131, returning the closest version; found: 130; Please update to a Selenium version that supports CDP version 131
Dec 09, 2024 10:27:23 PM org.openqa.selenium.devtools.CdpVersionFinder findNearestMatch
WARNING: Unable to find an exact match for CDP version 131, returning the closest version; found: 130; Please update to a Selenium version that supports CDP version 131
Dec 09, 2024 10:27:23 PM org.openqa.selenium.devtools.CdpVersionFinder findNearestMatch
WARNING: Unable to find an exact match for CDP version 131, returning the closest version; found: 130; Please update to a Selenium version that supports CDP version 131
]]></system-err>
  </testcase>
  <testcase name="runScenario[&quot;Binary Trees&quot;, &quot;Tree&quot;](168)" classname="TestRunners.TestRunner" time="3.296">
    <system-out><![CDATA[
Scenario: Try Here Editor page with valid data                        &amp#27;[90m# src/test/resources/Features/Tree.feature:233&amp#27;[0m
[INFO ] 2024-12-09 22:02:06.487 [TestNG-PoolService-1] Hooks - ======================  New Test Execution is STARTED!! ======================
  &amp#27;[32mGiven &amp#27;[0m&amp#27;[32mThe user is on the DS Introduction page as signedIn&amp#27;[0m          &amp#27;[90m# StepDefinitions.DSIntroductionDetails.the_user_is_on_the_ds_introduction_page_as_signed_in()&amp#27;[0m
[INFO ] 2024-12-09 22:02:07.239 [TestNG-PoolService-2] Hooks - ======================  New Test Execution is STARTED!! ======================
  &amp#27;[32mAnd &amp#27;[0m&amp#27;[32mUser clicks on Get Started button from Tree panel&amp#27;[0m              &amp#27;[90m# StepDefinitions.Tree.user_clicks_on_get_started_button_from_tree_panel()&amp#27;[0m
  &amp#27;[32mGiven &amp#27;[0m&amp#27;[32mThe user is on the Binary Trees page&amp#27;[0m                         &amp#27;[90m# StepDefinitions.Tree.the_user_is_on_the_binary_trees_page()&amp#27;[0m
  &amp#27;[32mWhen &amp#27;[0m&amp#27;[32mThe user clicks Try Here button&amp#27;[0m                               &amp#27;[90m# StepDefinitions.Tree.the_user_clicks_try_here_button()&amp#27;[0m
  &amp#27;[32mThen &amp#27;[0m&amp#27;[32mThe user is redirected to a page having Editor and run button&amp#27;[0m &amp#27;[90m# StepDefinitions.Tree.the_user_is_redirected_to_a_page_having_editor_and_run_button()&amp#27;[0m
[INFO ] 2024-12-09 22:02:08.508 [TestNG-PoolService-3] Hooks - ======================  Test Execution is completed!! ======================
]]></system-out>
    <system-err><![CDATA[Dec 09, 2024 10:02:06 PM org.openqa.selenium.devtools.CdpVersionFinder findNearestMatch
WARNING: Unable to find an exact match for CDP version 131, returning the closest version; found: 130; Please update to a Selenium version that supports CDP version 131
Dec 09, 2024 10:02:07 PM org.openqa.selenium.devtools.CdpVersionFinder findNearestMatch
WARNING: Unable to find an exact match for CDP version 131, returning the closest version; found: 130; Please update to a Selenium version that supports CDP version 131
]]></system-err>
  </testcase>
  <testcase name="runScenario[&quot;Binary Trees&quot;, &quot;Tree&quot;](168)" classname="TestRunners.TestRunner" time="0.588">
    <system-out><![CDATA[
Scenario: Try Here Editor page with valid data                        &amp#27;[90m# src/test/resources/Features/Tree.feature:233&amp#27;[0m
]]></system-out>
  </testcase>
  <testcase name="runScenario[&quot;Try Here Editor page with empty code&quot;, &quot;Tree&quot;](169)" classname="TestRunners.TestRunner" time="2.657">
    <failure message="element not interactable&#10;  (Session info: chrome=131.0.6778.109)&#10;Build info: version: &apos;4.26.0&apos;, revision: &apos;8ccf0219d7&apos;&#10;System info: os.name: &apos;Windows 11&apos;, os.arch: &apos;amd64&apos;, os.version: &apos;10.0&apos;, java.version: &apos;21.0.5&apos;&#10;Driver info: org.openqa.selenium.chrome.ChromeDriver&#10;Command: [94497d3ce54e959e4b6c00960a7477fa, sendKeysToElement {value=[Ljava.lang.CharSequence;@23bf2895, id=f.B659BB9CFE5143CF0619C5FFDA27365D.d.8CAB1FFAC955074F0D26751DE6647957.e.51}]&#10;Capabilities {acceptInsecureCerts: false, browserName: chrome, browserVersion: 131.0.6778.109, chrome: {chromedriverVersion: 131.0.6778.87 (ce31cae94873..., userDataDir: C:\Users\vamsh\AppData\Loca...}, fedcm:accounts: true, goog:chromeOptions: {debuggerAddress: localhost:62270}, networkConnectionEnabled: false, pageLoadStrategy: normal, platformName: windows, proxy: Proxy(), se:cdp: ws://localhost:62270/devtoo..., se:cdpVersion: 131.0.6778.109, setWindowRect: true, strictFileInteractability: false, timeouts: {implicit: 0, pageLoad: 300000, script: 30000}, unhandledPromptBehavior: dismiss and notify, webauthn:extension:credBlob: true, webauthn:extension:largeBlob: true, webauthn:extension:minPinLength: true, webauthn:extension:prf: true, webauthn:virtualAuthenticators: true}&#10;Element: [[ChromeDriver: chrome on windows (94497d3ce54e959e4b6c00960a7477fa)] -&gt; css selector: .CodeMirror textarea]&#10;Session ID: 94497d3ce54e959e4b6c00960a7477fa" type="org.openqa.selenium.ElementNotInteractableException"><![CDATA[org.openqa.selenium.ElementNotInteractableException: 
element not interactable
  (Session info: chrome=131.0.6778.109)
Build info: version: '4.26.0', revision: '8ccf0219d7'
System info: os.name: 'Windows 11', os.arch: 'amd64', os.version: '10.0', java.version: '21.0.5'
Driver info: org.openqa.selenium.chrome.ChromeDriver
Command: [94497d3ce54e959e4b6c00960a7477fa, sendKeysToElement {value=[Ljava.lang.CharSequence;@23bf2895, id=f.B659BB9CFE5143CF0619C5FFDA27365D.d.8CAB1FFAC955074F0D26751DE6647957.e.51}]
Capabilities {acceptInsecureCerts: false, browserName: chrome, browserVersion: 131.0.6778.109, chrome: {chromedriverVersion: 131.0.6778.87 (ce31cae94873..., userDataDir: C:\Users\vamsh\AppData\Loca...}, fedcm:accounts: true, goog:chromeOptions: {debuggerAddress: localhost:62270}, networkConnectionEnabled: false, pageLoadStrategy: normal, platformName: windows, proxy: Proxy(), se:cdp: ws://localhost:62270/devtoo..., se:cdpVersion: 131.0.6778.109, setWindowRect: true, strictFileInteractability: false, timeouts: {implicit: 0, pageLoad: 300000, script: 30000}, unhandledPromptBehavior: dismiss and notify, webauthn:extension:credBlob: true, webauthn:extension:largeBlob: true, webauthn:extension:minPinLength: true, webauthn:extension:prf: true, webauthn:virtualAuthenticators: true}
Element: [[ChromeDriver: chrome on windows (94497d3ce54e959e4b6c00960a7477fa)] -> css selector: .CodeMirror textarea]
Session ID: 94497d3ce54e959e4b6c00960a7477fa
]]></failure>
    <system-out><![CDATA[
Scenario: Try Here Editor page with invalid data                        &amp#27;[90m# src/test/resources/Features/Tree.feature:240&amp#27;[0m
  &amp#27;[32mGiven &amp#27;[0m&amp#27;[32mThe user is on the DS Introduction page as signedIn&amp#27;[0m                  &amp#27;[90m# StepDefinitions.DSIntroductionDetails.the_user_is_on_the_ds_introduction_page_as_signed_in()&amp#27;[0m
  &amp#27;[32mAnd &amp#27;[0m&amp#27;[32mUser clicks on Get Started button from Tree panel&amp#27;[0m                      &amp#27;[90m# StepDefinitions.Tree.user_clicks_on_get_started_button_from_tree_panel()&amp#27;[0m
[INFO ] 2024-12-09 22:02:09.951 [TestNG-PoolService-3] Hooks - ======================  New Test Execution is STARTED!! ======================
  &amp#27;[32mGiven &amp#27;[0m&amp#27;[32mThe user is on the Binary Trees page&amp#27;[0m                                 &amp#27;[90m# StepDefinitions.Tree.the_user_is_on_the_binary_trees_page()&amp#27;[0m
  &amp#27;[32mAnd &amp#27;[0m&amp#27;[32mThe user clicks Try Here button&amp#27;[0m                                        &amp#27;[90m# StepDefinitions.Tree.the_user_clicks_try_here_button()&amp#27;[0m
  &amp#27;[31mWhen &amp#27;[0m&amp#27;[31mThe user writes no code inside editor window and clicks on Run button&amp#27;[0m &amp#27;[90m# StepDefinitions.Tree.the_user_writes_no_code_inside_editor_window_and_clicks_on_run_button()&amp#27;[0m
      &amp#27;[31morg.openqa.selenium.ElementNotInteractableException: element not interactable
  (Session info: chrome=131.0.6778.109)
Build info: version: '4.26.0', revision: '8ccf0219d7'
System info: os.name: 'Windows 11', os.arch: 'amd64', os.version: '10.0', java.version: '21.0.5'
Driver info: org.openqa.selenium.chrome.ChromeDriver
Command: [94497d3ce54e959e4b6c00960a7477fa, sendKeysToElement {value=[Ljava.lang.CharSequence;@23bf2895, id=f.B659BB9CFE5143CF0619C5FFDA27365D.d.8CAB1FFAC955074F0D26751DE6647957.e.51}]
Capabilities {acceptInsecureCerts: false, browserName: chrome, browserVersion: 131.0.6778.109, chrome: {chromedriverVersion: 131.0.6778.87 (ce31cae94873..., userDataDir: C:\Users\vamsh\AppData\Loca...}, fedcm:accounts: true, goog:chromeOptions: {debuggerAddress: localhost:62270}, networkConnectionEnabled: false, pageLoadStrategy: normal, platformName: windows, proxy: Proxy(), se:cdp: ws://localhost:62270/devtoo..., se:cdpVersion: 131.0.6778.109, setWindowRect: true, strictFileInteractability: false, timeouts: {implicit: 0, pageLoad: 300000, script: 30000}, unhandledPromptBehavior: dismiss and notify, webauthn:extension:credBlob: true, webauthn:extension:largeBlob: true, webauthn:extension:minPinLength: true, webauthn:extension:prf: true, webauthn:virtualAuthenticators: true}
Element: [[ChromeDriver: chrome on windows (94497d3ce54e959e4b6c00960a7477fa)] -> css selector: .CodeMirror textarea]
Session ID: 94497d3ce54e959e4b6c00960a7477fa
	at java.base/jdk.internal.reflect.DirectConstructorHandleAccessor.newInstance(DirectConstructorHandleAccessor.java:62)
	at java.base/java.lang.reflect.Constructor.newInstanceWithCaller(Constructor.java:502)
	at java.base/java.lang.reflect.Constructor.newInstance(Constructor.java:486)
	at org.openqa.selenium.remote.ErrorCodec.decode(ErrorCodec.java:167)
	at org.openqa.selenium.remote.codec.w3c.W3CHttpResponseCodec.decode(W3CHttpResponseCodec.java:138)
	at org.openqa.selenium.remote.codec.w3c.W3CHttpResponseCodec.decode(W3CHttpResponseCodec.java:50)
	at org.openqa.selenium.remote.HttpCommandExecutor.execute(HttpCommandExecutor.java:190)
	at org.openqa.selenium.remote.service.DriverCommandExecutor.invokeExecute(DriverCommandExecutor.java:216)
	at org.openqa.selenium.remote.service.DriverCommandExecutor.execute(DriverCommandExecutor.java:174)
	at org.openqa.selenium.remote.RemoteWebDriver.execute(RemoteWebDriver.java:545)
	at org.openqa.selenium.remote.RemoteWebElement.execute(RemoteWebElement.java:223)
	at org.openqa.selenium.remote.RemoteWebElement.sendKeys(RemoteWebElement.java:110)
	at PageObjects.TreePage.writeInTryEditorWindow(TreePage.java:357)
	at StepDefinitions.Tree.the_user_writes_no_code_inside_editor_window_and_clicks_on_run_button(Tree.java:73)
	at ✽.The user writes no code inside editor window and clicks on Run button(file:///C:/Projects/Repo1/src/test/resources/Features/Tree.feature:230)
&amp#27;[0m
  &amp#27;[36mThen &amp#27;[0m&amp#27;[36mNothing happens to the Editor page and no error message is displayed&amp#27;[0m  &amp#27;[90m# StepDefinitions.Tree.nothing_happens_to_the_editor_page_and_no_error_message_is_displayed()&amp#27;[0m
[ERROR] 2024-12-09 22:02:10.968 [TestNG-PoolService-1] Hooks - ======================  TEST CASE FAILED !! ======================
  &amp#27;[32mGiven &amp#27;[0m&amp#27;[32mThe user is on the DS Introduction page as signedIn&amp#27;[0m           &amp#27;[90m# StepDefinitions.DSIntroductionDetails.the_user_is_on_the_ds_introduction_page_as_signed_in()&amp#27;[0m

    Embedding screenshot [image/png 7853 bytes]

[INFO ] 2024-12-09 22:02:11.136 [TestNG-PoolService-1] Hooks - ======================  Screenshot is captured  ======================
[INFO ] 2024-12-09 22:02:11.138 [TestNG-PoolService-1] Hooks - ======================  Test Execution is completed!! ======================
  &amp#27;[32mAnd &amp#27;[0m&amp#27;[32mUser clicks on Get Started button from Tree panel&amp#27;[0m               &amp#27;[90m# StepDefinitions.Tree.user_clicks_on_get_started_button_from_tree_panel()&amp#27;[0m
]]></system-out>
    <system-err><![CDATA[Dec 09, 2024 10:02:09 PM org.openqa.selenium.devtools.CdpVersionFinder findNearestMatch
WARNING: Unable to find an exact match for CDP version 131, returning the closest version; found: 130; Please update to a Selenium version that supports CDP version 131
]]></system-err>
  </testcase>
  <testcase name="runScenario[&quot;Try Here Editor page with empty code&quot;, &quot;Tree&quot;](169)" classname="TestRunners.TestRunner" time="10.905">
    <system-out><![CDATA[
Scenario: Try Here Editor page with invalid data                        &amp#27;[90m# src/test/resources/Features/Tree.feature:240&amp#27;[0m
[INFO ] 2024-12-09 22:15:22.004 [TestNG-PoolService-2] Hooks - ======================  New Test Execution is STARTED!! ======================
[INFO ] 2024-12-09 22:15:23.975 [TestNG-PoolService-3] Hooks - ======================  New Test Execution is STARTED!! ======================
[INFO ] 2024-12-09 22:15:24.051 [TestNG-PoolService-1] Hooks - ======================  New Test Execution is STARTED!! ======================
  &amp#27;[32mGiven &amp#27;[0m&amp#27;[32mThe user is on the DS Introduction page as signedIn&amp#27;[0m                  &amp#27;[90m# StepDefinitions.DSIntroductionDetails.the_user_is_on_the_ds_introduction_page_as_signed_in()&amp#27;[0m
  &amp#27;[32mAnd &amp#27;[0m&amp#27;[32mUser clicks on Get Started button from Tree panel&amp#27;[0m                      &amp#27;[90m# StepDefinitions.Tree.user_clicks_on_get_started_button_from_tree_panel()&amp#27;[0m
  &amp#27;[32mGiven &amp#27;[0m&amp#27;[32mThe user is on the Binary Trees page&amp#27;[0m                                 &amp#27;[90m# StepDefinitions.Tree.the_user_is_on_the_binary_trees_page()&amp#27;[0m
  &amp#27;[32mGiven &amp#27;[0m&amp#27;[32mThe user is on the DS Introduction page as signedIn&amp#27;[0m             &amp#27;[90m# StepDefinitions.DSIntroductionDetails.the_user_is_on_the_ds_introduction_page_as_signed_in()&amp#27;[0m
  &amp#27;[32mGiven &amp#27;[0m&amp#27;[32mThe user is on the DS Introduction page as signedIn&amp#27;[0m           &amp#27;[90m# StepDefinitions.DSIntroductionDetails.the_user_is_on_the_ds_introduction_page_as_signed_in()&amp#27;[0m
  &amp#27;[32mAnd &amp#27;[0m&amp#27;[32mUser clicks on Get Started button from Tree panel&amp#27;[0m                 &amp#27;[90m# StepDefinitions.Tree.user_clicks_on_get_started_button_from_tree_panel()&amp#27;[0m
  &amp#27;[32mAnd &amp#27;[0m&amp#27;[32mUser clicks on Get Started button from Tree panel&amp#27;[0m               &amp#27;[90m# StepDefinitions.Tree.user_clicks_on_get_started_button_from_tree_panel()&amp#27;[0m
  &amp#27;[32mGiven &amp#27;[0m&amp#27;[32mThe user is on the Binary Trees page&amp#27;[0m                            &amp#27;[90m# StepDefinitions.Tree.the_user_is_on_the_binary_trees_page()&amp#27;[0m
  &amp#27;[32mGiven &amp#27;[0m&amp#27;[32mThe user is on the Binary Trees page&amp#27;[0m                          &amp#27;[90m# StepDefinitions.Tree.the_user_is_on_the_binary_trees_page()&amp#27;[0m
  &amp#27;[32mAnd &amp#27;[0m&amp#27;[32mThe user clicks Try Here button&amp#27;[0m                                        &amp#27;[90m# StepDefinitions.Tree.the_user_clicks_try_here_button()&amp#27;[0m
  &amp#27;[32mWhen &amp#27;[0m&amp#27;[32mThe user writes no code inside editor window and clicks on Run button&amp#27;[0m &amp#27;[90m# StepDefinitions.Tree.the_user_writes_no_code_inside_editor_window_and_clicks_on_run_button()&amp#27;[0m
  &amp#27;[32mThen &amp#27;[0m&amp#27;[32mNothing happens to the Editor page and no error message is displayed&amp#27;[0m  &amp#27;[90m# StepDefinitions.Tree.nothing_happens_to_the_editor_page_and_no_error_message_is_displayed()&amp#27;[0m
[INFO ] 2024-12-09 22:15:27.841 [TestNG-PoolService-2] Hooks - ======================  Test Execution is completed!! ======================
  &amp#27;[32mAnd &amp#27;[0m&amp#27;[32mThe user clicks Try Here button&amp#27;[0m                                   &amp#27;[90m# StepDefinitions.Tree.the_user_clicks_try_here_button()&amp#27;[0m
  &amp#27;[32mWhen &amp#27;[0m&amp#27;[32mThe user writes the invalid python code and clicks on Run button&amp#27;[0m &amp#27;[90m# StepDefinitions.Tree.the_user_writes_the_invalid_python_code_and_clicks_on_run_button()&amp#27;[0m
  &amp#27;[32mThen &amp#27;[0m&amp#27;[32mThe user see error msg in alert window&amp#27;[0m                           &amp#27;[90m# StepDefinitions.Tree.the_user_see_error_msg_in_alert_window()&amp#27;[0m
[INFO ] 2024-12-09 22:15:28.446 [TestNG-PoolService-1] Hooks - ======================  Test Execution is completed!! ======================
  &amp#27;[32mAnd &amp#27;[0m&amp#27;[32mThe user clicks Try Here button&amp#27;[0m                                 &amp#27;[90m# StepDefinitions.Tree.the_user_clicks_try_here_button()&amp#27;[0m
  &amp#27;[32mWhen &amp#27;[0m&amp#27;[32mThe user writes the valid python code and clicks on Run button&amp#27;[0m &amp#27;[90m# StepDefinitions.Tree.the_user_writes_the_valid_python_code_and_clicks_on_run_button()&amp#27;[0m
  &amp#27;[32mThen &amp#27;[0m&amp#27;[32mThe user is able to see the output inside the console.&amp#27;[0m         &amp#27;[90m# StepDefinitions.Tree.the_user_is_able_to_see_the_output_inside_the_console()&amp#27;[0m
[INFO ] 2024-12-09 22:15:29.156 [TestNG-PoolService-3] Hooks - ======================  Test Execution is completed!! ======================
]]></system-out>
  </testcase>
  <testcase name="runScenario[&quot;Try Here Editor page with valid data&quot;, &quot;Tree&quot;](170)" classname="TestRunners.TestRunner" time="1.788">
    <failure message="element not interactable&#10;  (Session info: chrome=131.0.6778.109)&#10;Build info: version: &apos;4.26.0&apos;, revision: &apos;8ccf0219d7&apos;&#10;System info: os.name: &apos;Windows 11&apos;, os.arch: &apos;amd64&apos;, os.version: &apos;10.0&apos;, java.version: &apos;21.0.5&apos;&#10;Driver info: org.openqa.selenium.chrome.ChromeDriver&#10;Command: [2aec2f86dfffb596e7aecc879d6f2fbd, sendKeysToElement {value=[Ljava.lang.CharSequence;@51aa696c, id=f.8D2AECF2DC7AD14C12F00F1D201896EB.d.18CE4982236538508F269C33E6123040.e.50}]&#10;Capabilities {acceptInsecureCerts: false, browserName: chrome, browserVersion: 131.0.6778.109, chrome: {chromedriverVersion: 131.0.6778.87 (ce31cae94873..., userDataDir: C:\Users\vamsh\AppData\Loca...}, fedcm:accounts: true, goog:chromeOptions: {debuggerAddress: localhost:62282}, networkConnectionEnabled: false, pageLoadStrategy: normal, platformName: windows, proxy: Proxy(), se:cdp: ws://localhost:62282/devtoo..., se:cdpVersion: 131.0.6778.109, setWindowRect: true, strictFileInteractability: false, timeouts: {implicit: 0, pageLoad: 300000, script: 30000}, unhandledPromptBehavior: dismiss and notify, webauthn:extension:credBlob: true, webauthn:extension:largeBlob: true, webauthn:extension:minPinLength: true, webauthn:extension:prf: true, webauthn:virtualAuthenticators: true}&#10;Element: [[ChromeDriver: chrome on windows (2aec2f86dfffb596e7aecc879d6f2fbd)] -&gt; css selector: .CodeMirror textarea]&#10;Session ID: 2aec2f86dfffb596e7aecc879d6f2fbd" type="org.openqa.selenium.ElementNotInteractableException"><![CDATA[org.openqa.selenium.ElementNotInteractableException: 
element not interactable
  (Session info: chrome=131.0.6778.109)
Build info: version: '4.26.0', revision: '8ccf0219d7'
System info: os.name: 'Windows 11', os.arch: 'amd64', os.version: '10.0', java.version: '21.0.5'
Driver info: org.openqa.selenium.chrome.ChromeDriver
Command: [2aec2f86dfffb596e7aecc879d6f2fbd, sendKeysToElement {value=[Ljava.lang.CharSequence;@51aa696c, id=f.8D2AECF2DC7AD14C12F00F1D201896EB.d.18CE4982236538508F269C33E6123040.e.50}]
Capabilities {acceptInsecureCerts: false, browserName: chrome, browserVersion: 131.0.6778.109, chrome: {chromedriverVersion: 131.0.6778.87 (ce31cae94873..., userDataDir: C:\Users\vamsh\AppData\Loca...}, fedcm:accounts: true, goog:chromeOptions: {debuggerAddress: localhost:62282}, networkConnectionEnabled: false, pageLoadStrategy: normal, platformName: windows, proxy: Proxy(), se:cdp: ws://localhost:62282/devtoo..., se:cdpVersion: 131.0.6778.109, setWindowRect: true, strictFileInteractability: false, timeouts: {implicit: 0, pageLoad: 300000, script: 30000}, unhandledPromptBehavior: dismiss and notify, webauthn:extension:credBlob: true, webauthn:extension:largeBlob: true, webauthn:extension:minPinLength: true, webauthn:extension:prf: true, webauthn:virtualAuthenticators: true}
Element: [[ChromeDriver: chrome on windows (2aec2f86dfffb596e7aecc879d6f2fbd)] -> css selector: .CodeMirror textarea]
Session ID: 2aec2f86dfffb596e7aecc879d6f2fbd
]]></failure>
    <system-out><![CDATA[
Scenario: Try Here Editor page with alert message                      &amp#27;[90m# src/test/resources/Features/Tree.feature:247&amp#27;[0m
  &amp#27;[32mGiven &amp#27;[0m&amp#27;[32mThe user is on the Binary Trees page&amp#27;[0m                          &amp#27;[90m# StepDefinitions.Tree.the_user_is_on_the_binary_trees_page()&amp#27;[0m
  &amp#27;[32mAnd &amp#27;[0m&amp#27;[32mThe user clicks Try Here button&amp#27;[0m                                 &amp#27;[90m# StepDefinitions.Tree.the_user_clicks_try_here_button()&amp#27;[0m
  &amp#27;[32mGiven &amp#27;[0m&amp#27;[32mThe user is on the DS Introduction page as signedIn&amp#27;[0m             &amp#27;[90m# StepDefinitions.DSIntroductionDetails.the_user_is_on_the_ds_introduction_page_as_signed_in()&amp#27;[0m
  &amp#27;[31mWhen &amp#27;[0m&amp#27;[31mThe user writes the valid python code and clicks on Run button&amp#27;[0m &amp#27;[90m# StepDefinitions.Tree.the_user_writes_the_valid_python_code_and_clicks_on_run_button()&amp#27;[0m
      &amp#27;[31morg.openqa.selenium.ElementNotInteractableException: element not interactable
  (Session info: chrome=131.0.6778.109)
Build info: version: '4.26.0', revision: '8ccf0219d7'
System info: os.name: 'Windows 11', os.arch: 'amd64', os.version: '10.0', java.version: '21.0.5'
Driver info: org.openqa.selenium.chrome.ChromeDriver
Command: [2aec2f86dfffb596e7aecc879d6f2fbd, sendKeysToElement {value=[Ljava.lang.CharSequence;@51aa696c, id=f.8D2AECF2DC7AD14C12F00F1D201896EB.d.18CE4982236538508F269C33E6123040.e.50}]
Capabilities {acceptInsecureCerts: false, browserName: chrome, browserVersion: 131.0.6778.109, chrome: {chromedriverVersion: 131.0.6778.87 (ce31cae94873..., userDataDir: C:\Users\vamsh\AppData\Loca...}, fedcm:accounts: true, goog:chromeOptions: {debuggerAddress: localhost:62282}, networkConnectionEnabled: false, pageLoadStrategy: normal, platformName: windows, proxy: Proxy(), se:cdp: ws://localhost:62282/devtoo..., se:cdpVersion: 131.0.6778.109, setWindowRect: true, strictFileInteractability: false, timeouts: {implicit: 0, pageLoad: 300000, script: 30000}, unhandledPromptBehavior: dismiss and notify, webauthn:extension:credBlob: true, webauthn:extension:largeBlob: true, webauthn:extension:minPinLength: true, webauthn:extension:prf: true, webauthn:virtualAuthenticators: true}
Element: [[ChromeDriver: chrome on windows (2aec2f86dfffb596e7aecc879d6f2fbd)] -> css selector: .CodeMirror textarea]
Session ID: 2aec2f86dfffb596e7aecc879d6f2fbd
	at java.base/jdk.internal.reflect.DirectConstructorHandleAccessor.newInstance(DirectConstructorHandleAccessor.java:62)
	at java.base/java.lang.reflect.Constructor.newInstanceWithCaller(Constructor.java:502)
	at java.base/java.lang.reflect.Constructor.newInstance(Constructor.java:486)
	at org.openqa.selenium.remote.ErrorCodec.decode(ErrorCodec.java:167)
	at org.openqa.selenium.remote.codec.w3c.W3CHttpResponseCodec.decode(W3CHttpResponseCodec.java:138)
	at org.openqa.selenium.remote.codec.w3c.W3CHttpResponseCodec.decode(W3CHttpResponseCodec.java:50)
	at org.openqa.selenium.remote.HttpCommandExecutor.execute(HttpCommandExecutor.java:190)
	at org.openqa.selenium.remote.service.DriverCommandExecutor.invokeExecute(DriverCommandExecutor.java:216)
	at org.openqa.selenium.remote.service.DriverCommandExecutor.execute(DriverCommandExecutor.java:174)
	at org.openqa.selenium.remote.RemoteWebDriver.execute(RemoteWebDriver.java:545)
	at org.openqa.selenium.remote.RemoteWebElement.execute(RemoteWebElement.java:223)
	at org.openqa.selenium.remote.RemoteWebElement.sendKeys(RemoteWebElement.java:110)
	at PageObjects.TreePage.writeInTryEditorWindow(TreePage.java:357)
	at StepDefinitions.Tree.the_user_writes_the_valid_python_code_and_clicks_on_run_button(Tree.java:85)
	at ✽.The user writes the valid python code and clicks on Run button(file:///C:/Projects/Repo1/src/test/resources/Features/Tree.feature:237)
&amp#27;[0m
  &amp#27;[36mThen &amp#27;[0m&amp#27;[36mThe user is able to see the output inside the console.&amp#27;[0m         &amp#27;[90m# StepDefinitions.Tree.the_user_is_able_to_see_the_output_inside_the_console()&amp#27;[0m
[ERROR] 2024-12-09 22:02:12.660 [TestNG-PoolService-2] Hooks - ======================  TEST CASE FAILED !! ======================
[INFO ] 2024-12-09 22:02:12.833 [TestNG-PoolService-1] Hooks - ======================  New Test Execution is STARTED!! ======================

    Embedding screenshot [image/png 7853 bytes]

[INFO ] 2024-12-09 22:02:12.869 [TestNG-PoolService-2] Hooks - ======================  Screenshot is captured  ======================
[INFO ] 2024-12-09 22:02:12.878 [TestNG-PoolService-2] Hooks - ======================  Test Execution is completed!! ======================
  &amp#27;[32mAnd &amp#27;[0m&amp#27;[32mUser clicks on Get Started button from Tree panel&amp#27;[0m                 &amp#27;[90m# StepDefinitions.Tree.user_clicks_on_get_started_button_from_tree_panel()&amp#27;[0m
]]></system-out>
    <system-err><![CDATA[Dec 09, 2024 10:02:12 PM org.openqa.selenium.devtools.CdpVersionFinder findNearestMatch
WARNING: Unable to find an exact match for CDP version 131, returning the closest version; found: 130; Please update to a Selenium version that supports CDP version 131
]]></system-err>
  </testcase>
  <testcase name="runScenario[&quot;Try Here Editor page with valid data&quot;, &quot;Tree&quot;](170)" classname="TestRunners.TestRunner" time="5.024">
    <failure message="element not interactable&#10;  (Session info: MicrosoftEdge=131.0.2903.86)&#10;Build info: version: &apos;4.26.0&apos;, revision: &apos;8ccf0219d7&apos;&#10;System info: os.name: &apos;Windows 11&apos;, os.arch: &apos;amd64&apos;, os.version: &apos;10.0&apos;, java.version: &apos;21.0.5&apos;&#10;Driver info: org.openqa.selenium.edge.EdgeDriver&#10;Command: [74eb364345806c3034dc8387db5039ff, sendKeysToElement {value=[Ljava.lang.CharSequence;@53ac773, id=f.FABD2F265675BF0041C29F50D2E23E97.d.04F9FA9E757F703F1E52CA3B094ACBE7.e.36}]&#10;Capabilities {acceptInsecureCerts: false, browserName: MicrosoftEdge, browserVersion: 131.0.2903.86, fedcm:accounts: true, ms:edgeOptions: {debuggerAddress: localhost:49745}, msedge: {msedgedriverVersion: 131.0.2903.86 (cf5bf303997c..., userDataDir: C:\Users\vamsh\AppData\Loca...}, networkConnectionEnabled: false, pageLoadStrategy: normal, platformName: windows, proxy: Proxy(), se:cdp: ws://localhost:49745/devtoo..., se:cdpVersion: 131.0.2903.86, setWindowRect: true, strictFileInteractability: false, timeouts: {implicit: 0, pageLoad: 300000, script: 30000}, unhandledPromptBehavior: dismiss and notify, webauthn:extension:credBlob: true, webauthn:extension:largeBlob: true, webauthn:extension:minPinLength: true, webauthn:extension:prf: true, webauthn:virtualAuthenticators: true}&#10;Element: [[EdgeDriver: MicrosoftEdge on windows (74eb364345806c3034dc8387db5039ff)] -&gt; css selector: .CodeMirror textarea]&#10;Session ID: 74eb364345806c3034dc8387db5039ff" type="org.openqa.selenium.ElementNotInteractableException"><![CDATA[org.openqa.selenium.ElementNotInteractableException: 
element not interactable
  (Session info: MicrosoftEdge=131.0.2903.86)
Build info: version: '4.26.0', revision: '8ccf0219d7'
System info: os.name: 'Windows 11', os.arch: 'amd64', os.version: '10.0', java.version: '21.0.5'
Driver info: org.openqa.selenium.edge.EdgeDriver
Command: [74eb364345806c3034dc8387db5039ff, sendKeysToElement {value=[Ljava.lang.CharSequence;@53ac773, id=f.FABD2F265675BF0041C29F50D2E23E97.d.04F9FA9E757F703F1E52CA3B094ACBE7.e.36}]
Capabilities {acceptInsecureCerts: false, browserName: MicrosoftEdge, browserVersion: 131.0.2903.86, fedcm:accounts: true, ms:edgeOptions: {debuggerAddress: localhost:49745}, msedge: {msedgedriverVersion: 131.0.2903.86 (cf5bf303997c..., userDataDir: C:\Users\vamsh\AppData\Loca...}, networkConnectionEnabled: false, pageLoadStrategy: normal, platformName: windows, proxy: Proxy(), se:cdp: ws://localhost:49745/devtoo..., se:cdpVersion: 131.0.2903.86, setWindowRect: true, strictFileInteractability: false, timeouts: {implicit: 0, pageLoad: 300000, script: 30000}, unhandledPromptBehavior: dismiss and notify, webauthn:extension:credBlob: true, webauthn:extension:largeBlob: true, webauthn:extension:minPinLength: true, webauthn:extension:prf: true, webauthn:virtualAuthenticators: true}
Element: [[EdgeDriver: MicrosoftEdge on windows (74eb364345806c3034dc8387db5039ff)] -> css selector: .CodeMirror textarea]
Session ID: 74eb364345806c3034dc8387db5039ff
]]></failure>
    <system-out><![CDATA[
Scenario: Try Here Editor page with alert message                      &amp#27;[90m# src/test/resources/Features/Tree.feature:247&amp#27;[0m
  &amp#27;[32mGiven &amp#27;[0m&amp#27;[32mThe user is on the DS Introduction page as signedIn&amp#27;[0m           &amp#27;[90m# StepDefinitions.DSIntroductionDetails.the_user_is_on_the_ds_introduction_page_as_signed_in()&amp#27;[0m
  &amp#27;[32mAnd &amp#27;[0m&amp#27;[32mUser clicks on Get Started button from Tree panel&amp#27;[0m               &amp#27;[90m# StepDefinitions.Tree.user_clicks_on_get_started_button_from_tree_panel()&amp#27;[0m
  &amp#27;[32mGiven &amp#27;[0m&amp#27;[32mThe user is on the Binary Trees page&amp#27;[0m                          &amp#27;[90m# StepDefinitions.Tree.the_user_is_on_the_binary_trees_page()&amp#27;[0m
[INFO ] 2024-12-09 22:27:33.299 [TestNG-PoolService-1] Hooks - ======================  New Test Execution is STARTED!! ======================
  &amp#27;[32mAnd &amp#27;[0m&amp#27;[32mThe user clicks Try Here button&amp#27;[0m                                 &amp#27;[90m# StepDefinitions.Tree.the_user_clicks_try_here_button()&amp#27;[0m
  &amp#27;[31mWhen &amp#27;[0m&amp#27;[31mThe user writes the valid python code and clicks on Run button&amp#27;[0m &amp#27;[90m# StepDefinitions.Tree.the_user_writes_the_valid_python_code_and_clicks_on_run_button()&amp#27;[0m
      &amp#27;[31morg.openqa.selenium.ElementNotInteractableException: element not interactable
  (Session info: MicrosoftEdge=131.0.2903.86)
Build info: version: '4.26.0', revision: '8ccf0219d7'
System info: os.name: 'Windows 11', os.arch: 'amd64', os.version: '10.0', java.version: '21.0.5'
Driver info: org.openqa.selenium.edge.EdgeDriver
Command: [74eb364345806c3034dc8387db5039ff, sendKeysToElement {value=[Ljava.lang.CharSequence;@53ac773, id=f.FABD2F265675BF0041C29F50D2E23E97.d.04F9FA9E757F703F1E52CA3B094ACBE7.e.36}]
Capabilities {acceptInsecureCerts: false, browserName: MicrosoftEdge, browserVersion: 131.0.2903.86, fedcm:accounts: true, ms:edgeOptions: {debuggerAddress: localhost:49745}, msedge: {msedgedriverVersion: 131.0.2903.86 (cf5bf303997c..., userDataDir: C:\Users\vamsh\AppData\Loca...}, networkConnectionEnabled: false, pageLoadStrategy: normal, platformName: windows, proxy: Proxy(), se:cdp: ws://localhost:49745/devtoo..., se:cdpVersion: 131.0.2903.86, setWindowRect: true, strictFileInteractability: false, timeouts: {implicit: 0, pageLoad: 300000, script: 30000}, unhandledPromptBehavior: dismiss and notify, webauthn:extension:credBlob: true, webauthn:extension:largeBlob: true, webauthn:extension:minPinLength: true, webauthn:extension:prf: true, webauthn:virtualAuthenticators: true}
Element: [[EdgeDriver: MicrosoftEdge on windows (74eb364345806c3034dc8387db5039ff)] -> css selector: .CodeMirror textarea]
Session ID: 74eb364345806c3034dc8387db5039ff
	at java.base/jdk.internal.reflect.DirectConstructorHandleAccessor.newInstance(DirectConstructorHandleAccessor.java:62)
	at java.base/java.lang.reflect.Constructor.newInstanceWithCaller(Constructor.java:502)
	at java.base/java.lang.reflect.Constructor.newInstance(Constructor.java:486)
	at org.openqa.selenium.remote.ErrorCodec.decode(ErrorCodec.java:167)
	at org.openqa.selenium.remote.codec.w3c.W3CHttpResponseCodec.decode(W3CHttpResponseCodec.java:138)
	at org.openqa.selenium.remote.codec.w3c.W3CHttpResponseCodec.decode(W3CHttpResponseCodec.java:50)
	at org.openqa.selenium.remote.HttpCommandExecutor.execute(HttpCommandExecutor.java:190)
	at org.openqa.selenium.remote.service.DriverCommandExecutor.invokeExecute(DriverCommandExecutor.java:216)
	at org.openqa.selenium.remote.service.DriverCommandExecutor.execute(DriverCommandExecutor.java:174)
	at org.openqa.selenium.remote.RemoteWebDriver.execute(RemoteWebDriver.java:545)
	at org.openqa.selenium.remote.RemoteWebElement.execute(RemoteWebElement.java:223)
	at org.openqa.selenium.remote.RemoteWebElement.sendKeys(RemoteWebElement.java:110)
	at PageObjects.TreePage.writeInTryEditorWindow(TreePage.java:357)
	at StepDefinitions.Tree.the_user_writes_the_valid_python_code_and_clicks_on_run_button(Tree.java:85)
	at ✽.The user writes the valid python code and clicks on Run button(file:///C:/Projects/Repo1/src/test/resources/Features/Tree.feature:237)
&amp#27;[0m
  &amp#27;[36mThen &amp#27;[0m&amp#27;[36mThe user is able to see the output inside the console.&amp#27;[0m         &amp#27;[90m# StepDefinitions.Tree.the_user_is_able_to_see_the_output_inside_the_console()&amp#27;[0m
[ERROR] 2024-12-09 22:27:34.104 [TestNG-PoolService-2] Hooks - ======================  TEST CASE FAILED !! ======================
[INFO ] 2024-12-09 22:27:34.122 [TestNG-PoolService-3] Hooks - ======================  New Test Execution is STARTED!! ======================

    Embedding screenshot [image/png 7890 bytes]

[INFO ] 2024-12-09 22:27:34.342 [TestNG-PoolService-2] Hooks - ======================  Screenshot is captured  ======================
[INFO ] 2024-12-09 22:27:34.344 [TestNG-PoolService-2] Hooks - ======================  Test Execution is completed!! ======================
]]></system-out>
    <system-err><![CDATA[Dec 09, 2024 10:27:33 PM org.openqa.selenium.devtools.CdpVersionFinder findNearestMatch
WARNING: Unable to find an exact match for CDP version 131, returning the closest version; found: 130; Please update to a Selenium version that supports CDP version 131
Dec 09, 2024 10:27:33 PM org.openqa.selenium.devtools.CdpVersionFinder findNearestMatch
WARNING: Unable to find an exact match for CDP version 131, returning the closest version; found: 130; Please update to a Selenium version that supports CDP version 131
]]></system-err>
  </testcase>
  <testcase name="runScenario[&quot;Try Here Editor page with invalid data&quot;, &quot;Tree&quot;](171)" classname="TestRunners.TestRunner" time="1.764">
    <failure message="element not interactable&#10;  (Session info: chrome=131.0.6778.109)&#10;Build info: version: &apos;4.26.0&apos;, revision: &apos;8ccf0219d7&apos;&#10;System info: os.name: &apos;Windows 11&apos;, os.arch: &apos;amd64&apos;, os.version: &apos;10.0&apos;, java.version: &apos;21.0.5&apos;&#10;Driver info: org.openqa.selenium.chrome.ChromeDriver&#10;Command: [60ee39a36b7e171a752ec8d462171f1b, sendKeysToElement {value=[Ljava.lang.CharSequence;@2abb17fb, id=f.BB806DDA0FF928B18E4BBAB188500191.d.2D6EE393AF7DA1F5C5FD407697568B9F.e.52}]&#10;Capabilities {acceptInsecureCerts: false, browserName: chrome, browserVersion: 131.0.6778.109, chrome: {chromedriverVersion: 131.0.6778.87 (ce31cae94873..., userDataDir: C:\Users\vamsh\AppData\Loca...}, fedcm:accounts: true, goog:chromeOptions: {debuggerAddress: localhost:62315}, networkConnectionEnabled: false, pageLoadStrategy: normal, platformName: windows, proxy: Proxy(), se:cdp: ws://localhost:62315/devtoo..., se:cdpVersion: 131.0.6778.109, setWindowRect: true, strictFileInteractability: false, timeouts: {implicit: 0, pageLoad: 300000, script: 30000}, unhandledPromptBehavior: dismiss and notify, webauthn:extension:credBlob: true, webauthn:extension:largeBlob: true, webauthn:extension:minPinLength: true, webauthn:extension:prf: true, webauthn:virtualAuthenticators: true}&#10;Element: [[ChromeDriver: chrome on windows (60ee39a36b7e171a752ec8d462171f1b)] -&gt; css selector: .CodeMirror textarea]&#10;Session ID: 60ee39a36b7e171a752ec8d462171f1b" type="org.openqa.selenium.ElementNotInteractableException"><![CDATA[org.openqa.selenium.ElementNotInteractableException: 
element not interactable
  (Session info: chrome=131.0.6778.109)
Build info: version: '4.26.0', revision: '8ccf0219d7'
System info: os.name: 'Windows 11', os.arch: 'amd64', os.version: '10.0', java.version: '21.0.5'
Driver info: org.openqa.selenium.chrome.ChromeDriver
Command: [60ee39a36b7e171a752ec8d462171f1b, sendKeysToElement {value=[Ljava.lang.CharSequence;@2abb17fb, id=f.BB806DDA0FF928B18E4BBAB188500191.d.2D6EE393AF7DA1F5C5FD407697568B9F.e.52}]
Capabilities {acceptInsecureCerts: false, browserName: chrome, browserVersion: 131.0.6778.109, chrome: {chromedriverVersion: 131.0.6778.87 (ce31cae94873..., userDataDir: C:\Users\vamsh\AppData\Loca...}, fedcm:accounts: true, goog:chromeOptions: {debuggerAddress: localhost:62315}, networkConnectionEnabled: false, pageLoadStrategy: normal, platformName: windows, proxy: Proxy(), se:cdp: ws://localhost:62315/devtoo..., se:cdpVersion: 131.0.6778.109, setWindowRect: true, strictFileInteractability: false, timeouts: {implicit: 0, pageLoad: 300000, script: 30000}, unhandledPromptBehavior: dismiss and notify, webauthn:extension:credBlob: true, webauthn:extension:largeBlob: true, webauthn:extension:minPinLength: true, webauthn:extension:prf: true, webauthn:virtualAuthenticators: true}
Element: [[ChromeDriver: chrome on windows (60ee39a36b7e171a752ec8d462171f1b)] -> css selector: .CodeMirror textarea]
Session ID: 60ee39a36b7e171a752ec8d462171f1b
]]></failure>
    <system-out><![CDATA[
Scenario: Binary Trees                                       &amp#27;[90m# src/test/resources/Features/Tree.feature:256&amp#27;[0m
  &amp#27;[32mGiven &amp#27;[0m&amp#27;[32mThe user is on the Binary Trees page&amp#27;[0m                            &amp#27;[90m# StepDefinitions.Tree.the_user_is_on_the_binary_trees_page()&amp#27;[0m
  &amp#27;[32mAnd &amp#27;[0m&amp#27;[32mThe user clicks Try Here button&amp#27;[0m                                   &amp#27;[90m# StepDefinitions.Tree.the_user_clicks_try_here_button()&amp#27;[0m
  &amp#27;[31mWhen &amp#27;[0m&amp#27;[31mThe user writes the invalid python code and clicks on Run button&amp#27;[0m &amp#27;[90m# StepDefinitions.Tree.the_user_writes_the_invalid_python_code_and_clicks_on_run_button()&amp#27;[0m
      &amp#27;[31morg.openqa.selenium.ElementNotInteractableException: element not interactable
  (Session info: chrome=131.0.6778.109)
Build info: version: '4.26.0', revision: '8ccf0219d7'
System info: os.name: 'Windows 11', os.arch: 'amd64', os.version: '10.0', java.version: '21.0.5'
Driver info: org.openqa.selenium.chrome.ChromeDriver
Command: [60ee39a36b7e171a752ec8d462171f1b, sendKeysToElement {value=[Ljava.lang.CharSequence;@2abb17fb, id=f.BB806DDA0FF928B18E4BBAB188500191.d.2D6EE393AF7DA1F5C5FD407697568B9F.e.52}]
Capabilities {acceptInsecureCerts: false, browserName: chrome, browserVersion: 131.0.6778.109, chrome: {chromedriverVersion: 131.0.6778.87 (ce31cae94873..., userDataDir: C:\Users\vamsh\AppData\Loca...}, fedcm:accounts: true, goog:chromeOptions: {debuggerAddress: localhost:62315}, networkConnectionEnabled: false, pageLoadStrategy: normal, platformName: windows, proxy: Proxy(), se:cdp: ws://localhost:62315/devtoo..., se:cdpVersion: 131.0.6778.109, setWindowRect: true, strictFileInteractability: false, timeouts: {implicit: 0, pageLoad: 300000, script: 30000}, unhandledPromptBehavior: dismiss and notify, webauthn:extension:credBlob: true, webauthn:extension:largeBlob: true, webauthn:extension:minPinLength: true, webauthn:extension:prf: true, webauthn:virtualAuthenticators: true}
Element: [[ChromeDriver: chrome on windows (60ee39a36b7e171a752ec8d462171f1b)] -> css selector: .CodeMirror textarea]
Session ID: 60ee39a36b7e171a752ec8d462171f1b
	at java.base/jdk.internal.reflect.DirectConstructorHandleAccessor.newInstance(DirectConstructorHandleAccessor.java:62)
	at java.base/java.lang.reflect.Constructor.newInstanceWithCaller(Constructor.java:502)
	at java.base/java.lang.reflect.Constructor.newInstance(Constructor.java:486)
	at org.openqa.selenium.remote.ErrorCodec.decode(ErrorCodec.java:167)
	at org.openqa.selenium.remote.codec.w3c.W3CHttpResponseCodec.decode(W3CHttpResponseCodec.java:138)
	at org.openqa.selenium.remote.codec.w3c.W3CHttpResponseCodec.decode(W3CHttpResponseCodec.java:50)
	at org.openqa.selenium.remote.HttpCommandExecutor.execute(HttpCommandExecutor.java:190)
	at org.openqa.selenium.remote.service.DriverCommandExecutor.invokeExecute(DriverCommandExecutor.java:216)
	at org.openqa.selenium.remote.service.DriverCommandExecutor.execute(DriverCommandExecutor.java:174)
	at org.openqa.selenium.remote.RemoteWebDriver.execute(RemoteWebDriver.java:545)
	at org.openqa.selenium.remote.RemoteWebElement.execute(RemoteWebElement.java:223)
	at org.openqa.selenium.remote.RemoteWebElement.sendKeys(RemoteWebElement.java:110)
	at PageObjects.TreePage.writeInTryEditorWindow(TreePage.java:357)
	at StepDefinitions.Tree.the_user_writes_the_invalid_python_code_and_clicks_on_run_button(Tree.java:96)
	at ✽.The user writes the invalid python code and clicks on Run button(file:///C:/Projects/Repo1/src/test/resources/Features/Tree.feature:244)
&amp#27;[0m
  &amp#27;[36mThen &amp#27;[0m&amp#27;[36mThe user see error msg in alert window&amp#27;[0m                           &amp#27;[90m# StepDefinitions.Tree.the_user_see_error_msg_in_alert_window()&amp#27;[0m
[ERROR] 2024-12-09 22:02:14.468 [TestNG-PoolService-3] Hooks - ======================  TEST CASE FAILED !! ======================
[INFO ] 2024-12-09 22:02:14.645 [TestNG-PoolService-2] Hooks - ======================  New Test Execution is STARTED!! ======================

    Embedding screenshot [image/png 7853 bytes]

[INFO ] 2024-12-09 22:02:14.651 [TestNG-PoolService-3] Hooks - ======================  Screenshot is captured  ======================
[INFO ] 2024-12-09 22:02:14.652 [TestNG-PoolService-3] Hooks - ======================  Test Execution is completed!! ======================
]]></system-out>
    <system-err><![CDATA[Dec 09, 2024 10:02:14 PM org.openqa.selenium.devtools.CdpVersionFinder findNearestMatch
WARNING: Unable to find an exact match for CDP version 131, returning the closest version; found: 130; Please update to a Selenium version that supports CDP version 131
]]></system-err>
  </testcase>
  <testcase name="runScenario[&quot;Try Here Editor page with invalid data&quot;, &quot;Tree&quot;](171)" classname="TestRunners.TestRunner" time="4.699">
    <failure message="element not interactable&#10;  (Session info: MicrosoftEdge=131.0.2903.86)&#10;Build info: version: &apos;4.26.0&apos;, revision: &apos;8ccf0219d7&apos;&#10;System info: os.name: &apos;Windows 11&apos;, os.arch: &apos;amd64&apos;, os.version: &apos;10.0&apos;, java.version: &apos;21.0.5&apos;&#10;Driver info: org.openqa.selenium.edge.EdgeDriver&#10;Command: [88abf7c9f00a339754fcf0bc0c0413a3, sendKeysToElement {value=[Ljava.lang.CharSequence;@f12d406, id=f.BD38A14D2BC50789C762EBAC2D7ED907.d.FF17859420C76128295B96A6F563B2D8.e.37}]&#10;Capabilities {acceptInsecureCerts: false, browserName: MicrosoftEdge, browserVersion: 131.0.2903.86, fedcm:accounts: true, ms:edgeOptions: {debuggerAddress: localhost:49842}, msedge: {msedgedriverVersion: 131.0.2903.86 (cf5bf303997c..., userDataDir: C:\Users\vamsh\AppData\Loca...}, networkConnectionEnabled: false, pageLoadStrategy: normal, platformName: windows, proxy: Proxy(), se:cdp: ws://localhost:49842/devtoo..., se:cdpVersion: 131.0.2903.86, setWindowRect: true, strictFileInteractability: false, timeouts: {implicit: 0, pageLoad: 300000, script: 30000}, unhandledPromptBehavior: dismiss and notify, webauthn:extension:credBlob: true, webauthn:extension:largeBlob: true, webauthn:extension:minPinLength: true, webauthn:extension:prf: true, webauthn:virtualAuthenticators: true}&#10;Element: [[EdgeDriver: MicrosoftEdge on windows (88abf7c9f00a339754fcf0bc0c0413a3)] -&gt; css selector: .CodeMirror textarea]&#10;Session ID: 88abf7c9f00a339754fcf0bc0c0413a3" type="org.openqa.selenium.ElementNotInteractableException"><![CDATA[org.openqa.selenium.ElementNotInteractableException: 
element not interactable
  (Session info: MicrosoftEdge=131.0.2903.86)
Build info: version: '4.26.0', revision: '8ccf0219d7'
System info: os.name: 'Windows 11', os.arch: 'amd64', os.version: '10.0', java.version: '21.0.5'
Driver info: org.openqa.selenium.edge.EdgeDriver
Command: [88abf7c9f00a339754fcf0bc0c0413a3, sendKeysToElement {value=[Ljava.lang.CharSequence;@f12d406, id=f.BD38A14D2BC50789C762EBAC2D7ED907.d.FF17859420C76128295B96A6F563B2D8.e.37}]
Capabilities {acceptInsecureCerts: false, browserName: MicrosoftEdge, browserVersion: 131.0.2903.86, fedcm:accounts: true, ms:edgeOptions: {debuggerAddress: localhost:49842}, msedge: {msedgedriverVersion: 131.0.2903.86 (cf5bf303997c..., userDataDir: C:\Users\vamsh\AppData\Loca...}, networkConnectionEnabled: false, pageLoadStrategy: normal, platformName: windows, proxy: Proxy(), se:cdp: ws://localhost:49842/devtoo..., se:cdpVersion: 131.0.2903.86, setWindowRect: true, strictFileInteractability: false, timeouts: {implicit: 0, pageLoad: 300000, script: 30000}, unhandledPromptBehavior: dismiss and notify, webauthn:extension:credBlob: true, webauthn:extension:largeBlob: true, webauthn:extension:minPinLength: true, webauthn:extension:prf: true, webauthn:virtualAuthenticators: true}
Element: [[EdgeDriver: MicrosoftEdge on windows (88abf7c9f00a339754fcf0bc0c0413a3)] -> css selector: .CodeMirror textarea]
Session ID: 88abf7c9f00a339754fcf0bc0c0413a3
]]></failure>
    <system-out><![CDATA[
Scenario: Binary Trees                                       &amp#27;[90m# src/test/resources/Features/Tree.feature:256&amp#27;[0m
  &amp#27;[32mGiven &amp#27;[0m&amp#27;[32mThe user is on the DS Introduction page as signedIn&amp#27;[0m             &amp#27;[90m# StepDefinitions.DSIntroductionDetails.the_user_is_on_the_ds_introduction_page_as_signed_in()&amp#27;[0m
[INFO ] 2024-12-09 22:27:37.433 [TestNG-PoolService-2] Hooks - ======================  New Test Execution is STARTED!! ======================
  &amp#27;[32mAnd &amp#27;[0m&amp#27;[32mUser clicks on Get Started button from Tree panel&amp#27;[0m                 &amp#27;[90m# StepDefinitions.Tree.user_clicks_on_get_started_button_from_tree_panel()&amp#27;[0m
  &amp#27;[32mGiven &amp#27;[0m&amp#27;[32mThe user is on the DS Introduction page as signedIn&amp#27;[0m            &amp#27;[90m# StepDefinitions.DSIntroductionDetails.the_user_is_on_the_ds_introduction_page_as_signed_in()&amp#27;[0m
  &amp#27;[32mGiven &amp#27;[0m&amp#27;[32mThe user is on the Binary Trees page&amp#27;[0m                            &amp#27;[90m# StepDefinitions.Tree.the_user_is_on_the_binary_trees_page()&amp#27;[0m
  &amp#27;[32mAnd &amp#27;[0m&amp#27;[32mUser clicks on Get Started button from Tree panel&amp#27;[0m                &amp#27;[90m# StepDefinitions.Tree.user_clicks_on_get_started_button_from_tree_panel()&amp#27;[0m
  &amp#27;[32mGiven &amp#27;[0m&amp#27;[32mThe user is on the Binary Trees page&amp#27;[0m                           &amp#27;[90m# StepDefinitions.Tree.the_user_is_on_the_binary_trees_page()&amp#27;[0m
  &amp#27;[32mAnd &amp#27;[0m&amp#27;[32mThe user clicks Try Here button&amp#27;[0m                                   &amp#27;[90m# StepDefinitions.Tree.the_user_clicks_try_here_button()&amp#27;[0m
  &amp#27;[31mWhen &amp#27;[0m&amp#27;[31mThe user writes the invalid python code and clicks on Run button&amp#27;[0m &amp#27;[90m# StepDefinitions.Tree.the_user_writes_the_invalid_python_code_and_clicks_on_run_button()&amp#27;[0m
      &amp#27;[31morg.openqa.selenium.ElementNotInteractableException: element not interactable
  (Session info: MicrosoftEdge=131.0.2903.86)
Build info: version: '4.26.0', revision: '8ccf0219d7'
System info: os.name: 'Windows 11', os.arch: 'amd64', os.version: '10.0', java.version: '21.0.5'
Driver info: org.openqa.selenium.edge.EdgeDriver
Command: [88abf7c9f00a339754fcf0bc0c0413a3, sendKeysToElement {value=[Ljava.lang.CharSequence;@f12d406, id=f.BD38A14D2BC50789C762EBAC2D7ED907.d.FF17859420C76128295B96A6F563B2D8.e.37}]
Capabilities {acceptInsecureCerts: false, browserName: MicrosoftEdge, browserVersion: 131.0.2903.86, fedcm:accounts: true, ms:edgeOptions: {debuggerAddress: localhost:49842}, msedge: {msedgedriverVersion: 131.0.2903.86 (cf5bf303997c..., userDataDir: C:\Users\vamsh\AppData\Loca...}, networkConnectionEnabled: false, pageLoadStrategy: normal, platformName: windows, proxy: Proxy(), se:cdp: ws://localhost:49842/devtoo..., se:cdpVersion: 131.0.2903.86, setWindowRect: true, strictFileInteractability: false, timeouts: {implicit: 0, pageLoad: 300000, script: 30000}, unhandledPromptBehavior: dismiss and notify, webauthn:extension:credBlob: true, webauthn:extension:largeBlob: true, webauthn:extension:minPinLength: true, webauthn:extension:prf: true, webauthn:virtualAuthenticators: true}
Element: [[EdgeDriver: MicrosoftEdge on windows (88abf7c9f00a339754fcf0bc0c0413a3)] -> css selector: .CodeMirror textarea]
Session ID: 88abf7c9f00a339754fcf0bc0c0413a3
	at java.base/jdk.internal.reflect.DirectConstructorHandleAccessor.newInstance(DirectConstructorHandleAccessor.java:62)
	at java.base/java.lang.reflect.Constructor.newInstanceWithCaller(Constructor.java:502)
	at java.base/java.lang.reflect.Constructor.newInstance(Constructor.java:486)
	at org.openqa.selenium.remote.ErrorCodec.decode(ErrorCodec.java:167)
	at org.openqa.selenium.remote.codec.w3c.W3CHttpResponseCodec.decode(W3CHttpResponseCodec.java:138)
	at org.openqa.selenium.remote.codec.w3c.W3CHttpResponseCodec.decode(W3CHttpResponseCodec.java:50)
	at org.openqa.selenium.remote.HttpCommandExecutor.execute(HttpCommandExecutor.java:190)
	at org.openqa.selenium.remote.service.DriverCommandExecutor.invokeExecute(DriverCommandExecutor.java:216)
	at org.openqa.selenium.remote.service.DriverCommandExecutor.execute(DriverCommandExecutor.java:174)
	at org.openqa.selenium.remote.RemoteWebDriver.execute(RemoteWebDriver.java:545)
	at org.openqa.selenium.remote.RemoteWebElement.execute(RemoteWebElement.java:223)
	at org.openqa.selenium.remote.RemoteWebElement.sendKeys(RemoteWebElement.java:110)
	at PageObjects.TreePage.writeInTryEditorWindow(TreePage.java:357)
	at StepDefinitions.Tree.the_user_writes_the_invalid_python_code_and_clicks_on_run_button(Tree.java:96)
	at ✽.The user writes the invalid python code and clicks on Run button(file:///C:/Projects/Repo1/src/test/resources/Features/Tree.feature:244)
&amp#27;[0m
  &amp#27;[36mThen &amp#27;[0m&amp#27;[36mThe user see error msg in alert window&amp#27;[0m                           &amp#27;[90m# StepDefinitions.Tree.the_user_see_error_msg_in_alert_window()&amp#27;[0m
[ERROR] 2024-12-09 22:27:38.894 [TestNG-PoolService-1] Hooks - ======================  TEST CASE FAILED !! ======================

    Embedding screenshot [image/png 7890 bytes]

[INFO ] 2024-12-09 22:27:39.076 [TestNG-PoolService-1] Hooks - ======================  Screenshot is captured  ======================
[INFO ] 2024-12-09 22:27:39.077 [TestNG-PoolService-1] Hooks - ======================  Test Execution is completed!! ======================
  &amp#27;[32mAnd &amp#27;[0m&amp#27;[32mThe user clicks Try Here button&amp#27;[0m                                  &amp#27;[90m# StepDefinitions.Tree.the_user_clicks_try_here_button()&amp#27;[0m
  &amp#27;[31mAnd &amp#27;[0m&amp#27;[31mThe user writes the invalid python code and clicks on Run button&amp#27;[0m &amp#27;[90m# StepDefinitions.Tree.the_user_writes_the_invalid_python_code_and_clicks_on_run_button()&amp#27;[0m
      &amp#27;[31morg.openqa.selenium.ElementNotInteractableException: element not interactable
  (Session info: MicrosoftEdge=131.0.2903.86)
Build info: version: '4.26.0', revision: '8ccf0219d7'
System info: os.name: 'Windows 11', os.arch: 'amd64', os.version: '10.0', java.version: '21.0.5'
Driver info: org.openqa.selenium.edge.EdgeDriver
Command: [4e936fbaabb8a419af557a7a09365ae6, sendKeysToElement {value=[Ljava.lang.CharSequence;@18e3c945, id=f.581B415B7D29D98981D493F7E44AE762.d.9E2AFFF6C38AACA37A9030C2DFE95196.e.51}]
Capabilities {acceptInsecureCerts: false, browserName: MicrosoftEdge, browserVersion: 131.0.2903.86, fedcm:accounts: true, ms:edgeOptions: {debuggerAddress: localhost:49869}, msedge: {msedgedriverVersion: 131.0.2903.86 (cf5bf303997c..., userDataDir: C:\Users\vamsh\AppData\Loca...}, networkConnectionEnabled: false, pageLoadStrategy: normal, platformName: windows, proxy: Proxy(), se:cdp: ws://localhost:49869/devtoo..., se:cdpVersion: 131.0.2903.86, setWindowRect: true, strictFileInteractability: false, timeouts: {implicit: 0, pageLoad: 300000, script: 30000}, unhandledPromptBehavior: dismiss and notify, webauthn:extension:credBlob: true, webauthn:extension:largeBlob: true, webauthn:extension:minPinLength: true, webauthn:extension:prf: true, webauthn:virtualAuthenticators: true}
Element: [[EdgeDriver: MicrosoftEdge on windows (4e936fbaabb8a419af557a7a09365ae6)] -> css selector: .CodeMirror textarea]
Session ID: 4e936fbaabb8a419af557a7a09365ae6
	at java.base/jdk.internal.reflect.DirectConstructorHandleAccessor.newInstance(DirectConstructorHandleAccessor.java:62)
	at java.base/java.lang.reflect.Constructor.newInstanceWithCaller(Constructor.java:502)
	at java.base/java.lang.reflect.Constructor.newInstance(Constructor.java:486)
	at org.openqa.selenium.remote.ErrorCodec.decode(ErrorCodec.java:167)
	at org.openqa.selenium.remote.codec.w3c.W3CHttpResponseCodec.decode(W3CHttpResponseCodec.java:138)
	at org.openqa.selenium.remote.codec.w3c.W3CHttpResponseCodec.decode(W3CHttpResponseCodec.java:50)
	at org.openqa.selenium.remote.HttpCommandExecutor.execute(HttpCommandExecutor.java:190)
	at org.openqa.selenium.remote.service.DriverCommandExecutor.invokeExecute(DriverCommandExecutor.java:216)
	at org.openqa.selenium.remote.service.DriverCommandExecutor.execute(DriverCommandExecutor.java:174)
	at org.openqa.selenium.remote.RemoteWebDriver.execute(RemoteWebDriver.java:545)
	at org.openqa.selenium.remote.RemoteWebElement.execute(RemoteWebElement.java:223)
	at org.openqa.selenium.remote.RemoteWebElement.sendKeys(RemoteWebElement.java:110)
	at PageObjects.TreePage.writeInTryEditorWindow(TreePage.java:357)
	at StepDefinitions.Tree.the_user_writes_the_invalid_python_code_and_clicks_on_run_button(Tree.java:96)
	at ✽.The user writes the invalid python code and clicks on Run button(file:///C:/Projects/Repo1/src/test/resources/Features/Tree.feature:251)
&amp#27;[0m
  &amp#27;[36mWhen &amp#27;[0m&amp#27;[36mThe user clicks the ok button in the alert window&amp#27;[0m               &amp#27;[90m# StepDefinitions.Tree.the_user_clicks_the_ok_button_in_the_alert_window()&amp#27;[0m
  &amp#27;[36mThen &amp#27;[0m&amp#27;[36mAlert message window is dismissed and user stays on Editor page&amp#27;[0m &amp#27;[90m# StepDefinitions.Tree.Alert_message_window_is_dismissed_and_user_stays_on_Editor_page()&amp#27;[0m
[ERROR] 2024-12-09 22:27:39.376 [TestNG-PoolService-3] Hooks - ======================  TEST CASE FAILED !! ======================

    Embedding screenshot [image/png 7890 bytes]

[INFO ] 2024-12-09 22:27:39.528 [TestNG-PoolService-3] Hooks - ======================  Screenshot is captured  ======================
[INFO ] 2024-12-09 22:27:39.528 [TestNG-PoolService-3] Hooks - ======================  Test Execution is completed!! ======================
]]></system-out>
    <system-err><![CDATA[Dec 09, 2024 10:27:37 PM org.openqa.selenium.devtools.CdpVersionFinder findNearestMatch
WARNING: Unable to find an exact match for CDP version 131, returning the closest version; found: 130; Please update to a Selenium version that supports CDP version 131
]]></system-err>
  </testcase>
  <testcase name="runScenario[&quot;Try Here Editor page with alert message&quot;, &quot;Tree&quot;](172)" classname="TestRunners.TestRunner" time="3.05">
    <failure message="element not interactable&#10;  (Session info: chrome=131.0.6778.109)&#10;Build info: version: &apos;4.26.0&apos;, revision: &apos;8ccf0219d7&apos;&#10;System info: os.name: &apos;Windows 11&apos;, os.arch: &apos;amd64&apos;, os.version: &apos;10.0&apos;, java.version: &apos;21.0.5&apos;&#10;Driver info: org.openqa.selenium.chrome.ChromeDriver&#10;Command: [4bb8d634759b15674b53556f1d258bc3, sendKeysToElement {value=[Ljava.lang.CharSequence;@6fc7ce42, id=f.AF2AF5646C7555C10C6E5696A8BA84F6.d.0923A27DDCD8A23CF51C030955A62377.e.65}]&#10;Capabilities {acceptInsecureCerts: false, browserName: chrome, browserVersion: 131.0.6778.109, chrome: {chromedriverVersion: 131.0.6778.87 (ce31cae94873..., userDataDir: C:\Users\vamsh\AppData\Loca...}, fedcm:accounts: true, goog:chromeOptions: {debuggerAddress: localhost:62356}, networkConnectionEnabled: false, pageLoadStrategy: normal, platformName: windows, proxy: Proxy(), se:cdp: ws://localhost:62356/devtoo..., se:cdpVersion: 131.0.6778.109, setWindowRect: true, strictFileInteractability: false, timeouts: {implicit: 0, pageLoad: 300000, script: 30000}, unhandledPromptBehavior: dismiss and notify, webauthn:extension:credBlob: true, webauthn:extension:largeBlob: true, webauthn:extension:minPinLength: true, webauthn:extension:prf: true, webauthn:virtualAuthenticators: true}&#10;Element: [[ChromeDriver: chrome on windows (4bb8d634759b15674b53556f1d258bc3)] -&gt; css selector: .CodeMirror textarea]&#10;Session ID: 4bb8d634759b15674b53556f1d258bc3" type="org.openqa.selenium.ElementNotInteractableException"><![CDATA[org.openqa.selenium.ElementNotInteractableException: 
element not interactable
  (Session info: chrome=131.0.6778.109)
Build info: version: '4.26.0', revision: '8ccf0219d7'
System info: os.name: 'Windows 11', os.arch: 'amd64', os.version: '10.0', java.version: '21.0.5'
Driver info: org.openqa.selenium.chrome.ChromeDriver
Command: [4bb8d634759b15674b53556f1d258bc3, sendKeysToElement {value=[Ljava.lang.CharSequence;@6fc7ce42, id=f.AF2AF5646C7555C10C6E5696A8BA84F6.d.0923A27DDCD8A23CF51C030955A62377.e.65}]
Capabilities {acceptInsecureCerts: false, browserName: chrome, browserVersion: 131.0.6778.109, chrome: {chromedriverVersion: 131.0.6778.87 (ce31cae94873..., userDataDir: C:\Users\vamsh\AppData\Loca...}, fedcm:accounts: true, goog:chromeOptions: {debuggerAddress: localhost:62356}, networkConnectionEnabled: false, pageLoadStrategy: normal, platformName: windows, proxy: Proxy(), se:cdp: ws://localhost:62356/devtoo..., se:cdpVersion: 131.0.6778.109, setWindowRect: true, strictFileInteractability: false, timeouts: {implicit: 0, pageLoad: 300000, script: 30000}, unhandledPromptBehavior: dismiss and notify, webauthn:extension:credBlob: true, webauthn:extension:largeBlob: true, webauthn:extension:minPinLength: true, webauthn:extension:prf: true, webauthn:virtualAuthenticators: true}
Element: [[ChromeDriver: chrome on windows (4bb8d634759b15674b53556f1d258bc3)] -> css selector: .CodeMirror textarea]
Session ID: 4bb8d634759b15674b53556f1d258bc3
]]></failure>
    <system-out><![CDATA[
Scenario: Types of Binary Trees                                      &amp#27;[90m# src/test/resources/Features/Tree.feature:263&amp#27;[0m
  &amp#27;[32mGiven &amp#27;[0m&amp#27;[32mThe user is on the DS Introduction page as signedIn&amp#27;[0m            &amp#27;[90m# StepDefinitions.DSIntroductionDetails.the_user_is_on_the_ds_introduction_page_as_signed_in()&amp#27;[0m
  &amp#27;[32mAnd &amp#27;[0m&amp#27;[32mUser clicks on Get Started button from Tree panel&amp#27;[0m                &amp#27;[90m# StepDefinitions.Tree.user_clicks_on_get_started_button_from_tree_panel()&amp#27;[0m
[INFO ] 2024-12-09 22:02:16.413 [TestNG-PoolService-3] Hooks - ======================  New Test Execution is STARTED!! ======================
  &amp#27;[32mGiven &amp#27;[0m&amp#27;[32mThe user is on the Binary Trees page&amp#27;[0m                           &amp#27;[90m# StepDefinitions.Tree.the_user_is_on_the_binary_trees_page()&amp#27;[0m
  &amp#27;[32mAnd &amp#27;[0m&amp#27;[32mThe user clicks Try Here button&amp#27;[0m                                  &amp#27;[90m# StepDefinitions.Tree.the_user_clicks_try_here_button()&amp#27;[0m
  &amp#27;[31mAnd &amp#27;[0m&amp#27;[31mThe user writes the invalid python code and clicks on Run button&amp#27;[0m &amp#27;[90m# StepDefinitions.Tree.the_user_writes_the_invalid_python_code_and_clicks_on_run_button()&amp#27;[0m
      &amp#27;[31morg.openqa.selenium.ElementNotInteractableException: element not interactable
  (Session info: chrome=131.0.6778.109)
Build info: version: '4.26.0', revision: '8ccf0219d7'
System info: os.name: 'Windows 11', os.arch: 'amd64', os.version: '10.0', java.version: '21.0.5'
Driver info: org.openqa.selenium.chrome.ChromeDriver
Command: [4bb8d634759b15674b53556f1d258bc3, sendKeysToElement {value=[Ljava.lang.CharSequence;@6fc7ce42, id=f.AF2AF5646C7555C10C6E5696A8BA84F6.d.0923A27DDCD8A23CF51C030955A62377.e.65}]
Capabilities {acceptInsecureCerts: false, browserName: chrome, browserVersion: 131.0.6778.109, chrome: {chromedriverVersion: 131.0.6778.87 (ce31cae94873..., userDataDir: C:\Users\vamsh\AppData\Loca...}, fedcm:accounts: true, goog:chromeOptions: {debuggerAddress: localhost:62356}, networkConnectionEnabled: false, pageLoadStrategy: normal, platformName: windows, proxy: Proxy(), se:cdp: ws://localhost:62356/devtoo..., se:cdpVersion: 131.0.6778.109, setWindowRect: true, strictFileInteractability: false, timeouts: {implicit: 0, pageLoad: 300000, script: 30000}, unhandledPromptBehavior: dismiss and notify, webauthn:extension:credBlob: true, webauthn:extension:largeBlob: true, webauthn:extension:minPinLength: true, webauthn:extension:prf: true, webauthn:virtualAuthenticators: true}
Element: [[ChromeDriver: chrome on windows (4bb8d634759b15674b53556f1d258bc3)] -> css selector: .CodeMirror textarea]
Session ID: 4bb8d634759b15674b53556f1d258bc3
	at java.base/jdk.internal.reflect.DirectConstructorHandleAccessor.newInstance(DirectConstructorHandleAccessor.java:62)
	at java.base/java.lang.reflect.Constructor.newInstanceWithCaller(Constructor.java:502)
	at java.base/java.lang.reflect.Constructor.newInstance(Constructor.java:486)
	at org.openqa.selenium.remote.ErrorCodec.decode(ErrorCodec.java:167)
	at org.openqa.selenium.remote.codec.w3c.W3CHttpResponseCodec.decode(W3CHttpResponseCodec.java:138)
	at org.openqa.selenium.remote.codec.w3c.W3CHttpResponseCodec.decode(W3CHttpResponseCodec.java:50)
	at org.openqa.selenium.remote.HttpCommandExecutor.execute(HttpCommandExecutor.java:190)
	at org.openqa.selenium.remote.service.DriverCommandExecutor.invokeExecute(DriverCommandExecutor.java:216)
	at org.openqa.selenium.remote.service.DriverCommandExecutor.execute(DriverCommandExecutor.java:174)
	at org.openqa.selenium.remote.RemoteWebDriver.execute(RemoteWebDriver.java:545)
	at org.openqa.selenium.remote.RemoteWebElement.execute(RemoteWebElement.java:223)
	at org.openqa.selenium.remote.RemoteWebElement.sendKeys(RemoteWebElement.java:110)
	at PageObjects.TreePage.writeInTryEditorWindow(TreePage.java:357)
	at StepDefinitions.Tree.the_user_writes_the_invalid_python_code_and_clicks_on_run_button(Tree.java:96)
	at ✽.The user writes the invalid python code and clicks on Run button(file:///C:/Projects/Repo1/src/test/resources/Features/Tree.feature:251)
&amp#27;[0m
  &amp#27;[36mWhen &amp#27;[0m&amp#27;[36mThe user clicks the ok button in the alert window&amp#27;[0m               &amp#27;[90m# StepDefinitions.Tree.the_user_clicks_the_ok_button_in_the_alert_window()&amp#27;[0m
  &amp#27;[36mThen &amp#27;[0m&amp#27;[36mAlert message window is dismissed and user stays on Editor page&amp#27;[0m &amp#27;[90m# StepDefinitions.Tree.Alert_message_window_is_dismissed_and_user_stays_on_Editor_page()&amp#27;[0m
[ERROR] 2024-12-09 22:02:17.590 [TestNG-PoolService-1] Hooks - ======================  TEST CASE FAILED !! ======================
  &amp#27;[32mGiven &amp#27;[0m&amp#27;[32mThe user is on the DS Introduction page as signedIn&amp#27;[0m  &amp#27;[90m# StepDefinitions.DSIntroductionDetails.the_user_is_on_the_ds_introduction_page_as_signed_in()&amp#27;[0m

    Embedding screenshot [image/png 7853 bytes]

[INFO ] 2024-12-09 22:02:17.741 [TestNG-PoolService-1] Hooks - ======================  Screenshot is captured  ======================
[INFO ] 2024-12-09 22:02:17.743 [TestNG-PoolService-1] Hooks - ======================  Test Execution is completed!! ======================
  &amp#27;[32mAnd &amp#27;[0m&amp#27;[32mUser clicks on Get Started button from Tree panel&amp#27;[0m      &amp#27;[90m# StepDefinitions.Tree.user_clicks_on_get_started_button_from_tree_panel()&amp#27;[0m
]]></system-out>
    <system-err><![CDATA[Dec 09, 2024 10:02:16 PM org.openqa.selenium.devtools.CdpVersionFinder findNearestMatch
WARNING: Unable to find an exact match for CDP version 131, returning the closest version; found: 130; Please update to a Selenium version that supports CDP version 131
]]></system-err>
  </testcase>
  <testcase name="runScenario[&quot;Try Here Editor page with alert message&quot;, &quot;Tree&quot;](172)" classname="TestRunners.TestRunner" time="0.462">
    <failure message="element not interactable&#10;  (Session info: MicrosoftEdge=131.0.2903.86)&#10;Build info: version: &apos;4.26.0&apos;, revision: &apos;8ccf0219d7&apos;&#10;System info: os.name: &apos;Windows 11&apos;, os.arch: &apos;amd64&apos;, os.version: &apos;10.0&apos;, java.version: &apos;21.0.5&apos;&#10;Driver info: org.openqa.selenium.edge.EdgeDriver&#10;Command: [4e936fbaabb8a419af557a7a09365ae6, sendKeysToElement {value=[Ljava.lang.CharSequence;@18e3c945, id=f.581B415B7D29D98981D493F7E44AE762.d.9E2AFFF6C38AACA37A9030C2DFE95196.e.51}]&#10;Capabilities {acceptInsecureCerts: false, browserName: MicrosoftEdge, browserVersion: 131.0.2903.86, fedcm:accounts: true, ms:edgeOptions: {debuggerAddress: localhost:49869}, msedge: {msedgedriverVersion: 131.0.2903.86 (cf5bf303997c..., userDataDir: C:\Users\vamsh\AppData\Loca...}, networkConnectionEnabled: false, pageLoadStrategy: normal, platformName: windows, proxy: Proxy(), se:cdp: ws://localhost:49869/devtoo..., se:cdpVersion: 131.0.2903.86, setWindowRect: true, strictFileInteractability: false, timeouts: {implicit: 0, pageLoad: 300000, script: 30000}, unhandledPromptBehavior: dismiss and notify, webauthn:extension:credBlob: true, webauthn:extension:largeBlob: true, webauthn:extension:minPinLength: true, webauthn:extension:prf: true, webauthn:virtualAuthenticators: true}&#10;Element: [[EdgeDriver: MicrosoftEdge on windows (4e936fbaabb8a419af557a7a09365ae6)] -&gt; css selector: .CodeMirror textarea]&#10;Session ID: 4e936fbaabb8a419af557a7a09365ae6" type="org.openqa.selenium.ElementNotInteractableException"><![CDATA[org.openqa.selenium.ElementNotInteractableException: 
element not interactable
  (Session info: MicrosoftEdge=131.0.2903.86)
Build info: version: '4.26.0', revision: '8ccf0219d7'
System info: os.name: 'Windows 11', os.arch: 'amd64', os.version: '10.0', java.version: '21.0.5'
Driver info: org.openqa.selenium.edge.EdgeDriver
Command: [4e936fbaabb8a419af557a7a09365ae6, sendKeysToElement {value=[Ljava.lang.CharSequence;@18e3c945, id=f.581B415B7D29D98981D493F7E44AE762.d.9E2AFFF6C38AACA37A9030C2DFE95196.e.51}]
Capabilities {acceptInsecureCerts: false, browserName: MicrosoftEdge, browserVersion: 131.0.2903.86, fedcm:accounts: true, ms:edgeOptions: {debuggerAddress: localhost:49869}, msedge: {msedgedriverVersion: 131.0.2903.86 (cf5bf303997c..., userDataDir: C:\Users\vamsh\AppData\Loca...}, networkConnectionEnabled: false, pageLoadStrategy: normal, platformName: windows, proxy: Proxy(), se:cdp: ws://localhost:49869/devtoo..., se:cdpVersion: 131.0.2903.86, setWindowRect: true, strictFileInteractability: false, timeouts: {implicit: 0, pageLoad: 300000, script: 30000}, unhandledPromptBehavior: dismiss and notify, webauthn:extension:credBlob: true, webauthn:extension:largeBlob: true, webauthn:extension:minPinLength: true, webauthn:extension:prf: true, webauthn:virtualAuthenticators: true}
Element: [[EdgeDriver: MicrosoftEdge on windows (4e936fbaabb8a419af557a7a09365ae6)] -> css selector: .CodeMirror textarea]
Session ID: 4e936fbaabb8a419af557a7a09365ae6
]]></failure>
    <system-out><![CDATA[
Scenario: Types of Binary Trees                                      &amp#27;[90m# src/test/resources/Features/Tree.feature:263&amp#27;[0m
  &amp#27;[32mGiven &amp#27;[0m&amp#27;[32mThe user is on the DS Introduction page as signedIn&amp#27;[0m  &amp#27;[90m# StepDefinitions.DSIntroductionDetails.the_user_is_on_the_ds_introduction_page_as_signed_in()&amp#27;[0m
]]></system-out>
  </testcase>
  <testcase name="runScenario[&quot;Binary Trees&quot;, &quot;Tree&quot;](173)" classname="TestRunners.TestRunner" time="0.948">
    <system-out><![CDATA[
Scenario: Try Here Editor page with empty code                               &amp#27;[90m# src/test/resources/Features/Tree.feature:269&amp#27;[0m
  &amp#27;[32mGiven &amp#27;[0m&amp#27;[32mThe user is on the Binary Trees page&amp#27;[0m                 &amp#27;[90m# StepDefinitions.Tree.the_user_is_on_the_binary_trees_page()&amp#27;[0m
  &amp#27;[32mWhen &amp#27;[0m&amp#27;[32mThe user clicks Types of Binary Trees link&amp#27;[0m            &amp#27;[90m# StepDefinitions.Tree.the_user_clicks_types_of_binary_trees_link()&amp#27;[0m
  &amp#27;[32mThen &amp#27;[0m&amp#27;[32mThe user is redirected to Types of Binary Trees page.&amp#27;[0m &amp#27;[90m# StepDefinitions.Tree.the_user_is_redirected_to_types_of_binary_trees_page()&amp#27;[0m
[INFO ] 2024-12-09 22:02:18.598 [TestNG-PoolService-2] Hooks - ======================  Test Execution is completed!! ======================
]]></system-out>
  </testcase>
  <testcase name="runScenario[&quot;Binary Trees&quot;, &quot;Tree&quot;](173)" classname="TestRunners.TestRunner" time="2.164">
    <system-out><![CDATA[
Scenario: Try Here Editor page with empty code                               &amp#27;[90m# src/test/resources/Features/Tree.feature:269&amp#27;[0m
  &amp#27;[32mAnd &amp#27;[0m&amp#27;[32mUser clicks on Get Started button from Tree panel&amp#27;[0m      &amp#27;[90m# StepDefinitions.Tree.user_clicks_on_get_started_button_from_tree_panel()&amp#27;[0m
  &amp#27;[32mGiven &amp#27;[0m&amp#27;[32mThe user is on the Binary Trees page&amp#27;[0m                 &amp#27;[90m# StepDefinitions.Tree.the_user_is_on_the_binary_trees_page()&amp#27;[0m
  &amp#27;[32mWhen &amp#27;[0m&amp#27;[32mThe user clicks Types of Binary Trees link&amp#27;[0m            &amp#27;[90m# StepDefinitions.Tree.the_user_clicks_types_of_binary_trees_link()&amp#27;[0m
  &amp#27;[32mThen &amp#27;[0m&amp#27;[32mThe user is redirected to Types of Binary Trees page.&amp#27;[0m &amp#27;[90m# StepDefinitions.Tree.the_user_is_redirected_to_types_of_binary_trees_page()&amp#27;[0m
[INFO ] 2024-12-09 22:27:41.581 [TestNG-PoolService-2] Hooks - ======================  Test Execution is completed!! ======================
]]></system-out>
  </testcase>
  <testcase name="runScenario[&quot;Types of Binary Trees&quot;, &quot;Tree&quot;](174)" classname="TestRunners.TestRunner" time="3.382">
    <system-out><![CDATA[
Scenario: Try Here Editor page with valid data                        &amp#27;[90m# src/test/resources/Features/Tree.feature:276&amp#27;[0m
[INFO ] 2024-12-09 22:02:19.434 [TestNG-PoolService-1] Hooks - ======================  New Test Execution is STARTED!! ======================
  &amp#27;[32mGiven &amp#27;[0m&amp#27;[32mThe user is on the DS Introduction page as signedIn&amp#27;[0m          &amp#27;[90m# StepDefinitions.DSIntroductionDetails.the_user_is_on_the_ds_introduction_page_as_signed_in()&amp#27;[0m
[INFO ] 2024-12-09 22:02:20.625 [TestNG-PoolService-2] Hooks - ======================  New Test Execution is STARTED!! ======================
  &amp#27;[32mAnd &amp#27;[0m&amp#27;[32mUser clicks on Get Started button from Tree panel&amp#27;[0m              &amp#27;[90m# StepDefinitions.Tree.user_clicks_on_get_started_button_from_tree_panel()&amp#27;[0m
  &amp#27;[32mGiven &amp#27;[0m&amp#27;[32mThe user is on the Types of Binary Trees page&amp#27;[0m                &amp#27;[90m# StepDefinitions.Tree.the_user_is_on_the_types_of_binary_trees_page()&amp#27;[0m
  &amp#27;[32mGiven &amp#27;[0m&amp#27;[32mThe user is on the DS Introduction page as signedIn&amp#27;[0m                  &amp#27;[90m# StepDefinitions.DSIntroductionDetails.the_user_is_on_the_ds_introduction_page_as_signed_in()&amp#27;[0m
  &amp#27;[32mWhen &amp#27;[0m&amp#27;[32mThe user clicks Try Here button&amp#27;[0m                               &amp#27;[90m# StepDefinitions.Tree.the_user_clicks_try_here_button()&amp#27;[0m
  &amp#27;[32mThen &amp#27;[0m&amp#27;[32mThe user is redirected to a page having Editor and run button&amp#27;[0m &amp#27;[90m# StepDefinitions.Tree.the_user_is_redirected_to_a_page_having_editor_and_run_button()&amp#27;[0m
[INFO ] 2024-12-09 22:02:22.066 [TestNG-PoolService-3] Hooks - ======================  Test Execution is completed!! ======================
]]></system-out>
    <system-err><![CDATA[Dec 09, 2024 10:02:19 PM org.openqa.selenium.devtools.CdpVersionFinder findNearestMatch
WARNING: Unable to find an exact match for CDP version 131, returning the closest version; found: 130; Please update to a Selenium version that supports CDP version 131
Dec 09, 2024 10:02:20 PM org.openqa.selenium.devtools.CdpVersionFinder findNearestMatch
WARNING: Unable to find an exact match for CDP version 131, returning the closest version; found: 130; Please update to a Selenium version that supports CDP version 131
]]></system-err>
  </testcase>
  <testcase name="runScenario[&quot;Types of Binary Trees&quot;, &quot;Tree&quot;](174)" classname="TestRunners.TestRunner" time="7.819">
    <system-out><![CDATA[
Scenario: Try Here Editor page with valid data                        &amp#27;[90m# src/test/resources/Features/Tree.feature:276&amp#27;[0m
[INFO ] 2024-12-09 22:27:43.192 [TestNG-PoolService-1] Hooks - ======================  New Test Execution is STARTED!! ======================
[INFO ] 2024-12-09 22:27:44.119 [TestNG-PoolService-3] Hooks - ======================  New Test Execution is STARTED!! ======================
[INFO ] 2024-12-09 22:27:45.516 [TestNG-PoolService-2] Hooks - ======================  New Test Execution is STARTED!! ======================
  &amp#27;[32mGiven &amp#27;[0m&amp#27;[32mThe user is on the DS Introduction page as signedIn&amp#27;[0m          &amp#27;[90m# StepDefinitions.DSIntroductionDetails.the_user_is_on_the_ds_introduction_page_as_signed_in()&amp#27;[0m
  &amp#27;[32mAnd &amp#27;[0m&amp#27;[32mUser clicks on Get Started button from Tree panel&amp#27;[0m              &amp#27;[90m# StepDefinitions.Tree.user_clicks_on_get_started_button_from_tree_panel()&amp#27;[0m
  &amp#27;[32mGiven &amp#27;[0m&amp#27;[32mThe user is on the DS Introduction page as signedIn&amp#27;[0m                  &amp#27;[90m# StepDefinitions.DSIntroductionDetails.the_user_is_on_the_ds_introduction_page_as_signed_in()&amp#27;[0m
  &amp#27;[32mGiven &amp#27;[0m&amp#27;[32mThe user is on the Types of Binary Trees page&amp#27;[0m                &amp#27;[90m# StepDefinitions.Tree.the_user_is_on_the_types_of_binary_trees_page()&amp#27;[0m
  &amp#27;[32mAnd &amp#27;[0m&amp#27;[32mUser clicks on Get Started button from Tree panel&amp#27;[0m                      &amp#27;[90m# StepDefinitions.Tree.user_clicks_on_get_started_button_from_tree_panel()&amp#27;[0m
  &amp#27;[32mGiven &amp#27;[0m&amp#27;[32mThe user is on the Types of Binary Trees page&amp#27;[0m                        &amp#27;[90m# StepDefinitions.Tree.the_user_is_on_the_types_of_binary_trees_page()&amp#27;[0m
  &amp#27;[32mWhen &amp#27;[0m&amp#27;[32mThe user clicks Try Here button&amp#27;[0m                               &amp#27;[90m# StepDefinitions.Tree.the_user_clicks_try_here_button()&amp#27;[0m
  &amp#27;[32mThen &amp#27;[0m&amp#27;[32mThe user is redirected to a page having Editor and run button&amp#27;[0m &amp#27;[90m# StepDefinitions.Tree.the_user_is_redirected_to_a_page_having_editor_and_run_button()&amp#27;[0m
[INFO ] 2024-12-09 22:27:49.555 [TestNG-PoolService-1] Hooks - ======================  Test Execution is completed!! ======================
  &amp#27;[32mGiven &amp#27;[0m&amp#27;[32mThe user is on the DS Introduction page as signedIn&amp#27;[0m           &amp#27;[90m# StepDefinitions.DSIntroductionDetails.the_user_is_on_the_ds_introduction_page_as_signed_in()&amp#27;[0m
  &amp#27;[32mAnd &amp#27;[0m&amp#27;[32mUser clicks on Get Started button from Tree panel&amp#27;[0m               &amp#27;[90m# StepDefinitions.Tree.user_clicks_on_get_started_button_from_tree_panel()&amp#27;[0m
  &amp#27;[32mAnd &amp#27;[0m&amp#27;[32mThe user clicks Try Here button&amp#27;[0m                                        &amp#27;[90m# StepDefinitions.Tree.the_user_clicks_try_here_button()&amp#27;[0m
  &amp#27;[31mWhen &amp#27;[0m&amp#27;[31mThe user writes no code inside editor window and clicks on Run button&amp#27;[0m &amp#27;[90m# StepDefinitions.Tree.the_user_writes_no_code_inside_editor_window_and_clicks_on_run_button()&amp#27;[0m
      &amp#27;[31morg.openqa.selenium.ElementNotInteractableException: element not interactable
  (Session info: MicrosoftEdge=131.0.2903.86)
Build info: version: '4.26.0', revision: '8ccf0219d7'
System info: os.name: 'Windows 11', os.arch: 'amd64', os.version: '10.0', java.version: '21.0.5'
Driver info: org.openqa.selenium.edge.EdgeDriver
Command: [bda903266de87e038d823e5e11d4fc1f, sendKeysToElement {value=[Ljava.lang.CharSequence;@4ad3dbc, id=f.B9533F946B149BC47581D5A14C21F610.d.55E33D9E6326FB0DAEE90CC18C17A7CC.e.38}]
Capabilities {acceptInsecureCerts: false, browserName: MicrosoftEdge, browserVersion: 131.0.2903.86, fedcm:accounts: true, ms:edgeOptions: {debuggerAddress: localhost:50104}, msedge: {msedgedriverVersion: 131.0.2903.86 (cf5bf303997c..., userDataDir: C:\Users\vamsh\AppData\Loca...}, networkConnectionEnabled: false, pageLoadStrategy: normal, platformName: windows, proxy: Proxy(), se:cdp: ws://localhost:50104/devtoo..., se:cdpVersion: 131.0.2903.86, setWindowRect: true, strictFileInteractability: false, timeouts: {implicit: 0, pageLoad: 300000, script: 30000}, unhandledPromptBehavior: dismiss and notify, webauthn:extension:credBlob: true, webauthn:extension:largeBlob: true, webauthn:extension:minPinLength: true, webauthn:extension:prf: true, webauthn:virtualAuthenticators: true}
Element: [[EdgeDriver: MicrosoftEdge on windows (bda903266de87e038d823e5e11d4fc1f)] -> css selector: .CodeMirror textarea]
Session ID: bda903266de87e038d823e5e11d4fc1f
	at java.base/jdk.internal.reflect.DirectConstructorHandleAccessor.newInstance(DirectConstructorHandleAccessor.java:62)
	at java.base/java.lang.reflect.Constructor.newInstanceWithCaller(Constructor.java:502)
	at java.base/java.lang.reflect.Constructor.newInstance(Constructor.java:486)
	at org.openqa.selenium.remote.ErrorCodec.decode(ErrorCodec.java:167)
	at org.openqa.selenium.remote.codec.w3c.W3CHttpResponseCodec.decode(W3CHttpResponseCodec.java:138)
	at org.openqa.selenium.remote.codec.w3c.W3CHttpResponseCodec.decode(W3CHttpResponseCodec.java:50)
	at org.openqa.selenium.remote.HttpCommandExecutor.execute(HttpCommandExecutor.java:190)
	at org.openqa.selenium.remote.service.DriverCommandExecutor.invokeExecute(DriverCommandExecutor.java:216)
	at org.openqa.selenium.remote.service.DriverCommandExecutor.execute(DriverCommandExecutor.java:174)
	at org.openqa.selenium.remote.RemoteWebDriver.execute(RemoteWebDriver.java:545)
	at org.openqa.selenium.remote.RemoteWebElement.execute(RemoteWebElement.java:223)
	at org.openqa.selenium.remote.RemoteWebElement.sendKeys(RemoteWebElement.java:110)
	at PageObjects.TreePage.writeInTryEditorWindow(TreePage.java:357)
	at StepDefinitions.Tree.the_user_writes_no_code_inside_editor_window_and_clicks_on_run_button(Tree.java:73)
	at ✽.The user writes no code inside editor window and clicks on Run button(file:///C:/Projects/Repo1/src/test/resources/Features/Tree.feature:273)
&amp#27;[0m
  &amp#27;[36mThen &amp#27;[0m&amp#27;[36mNothing happens to the Editor page and no error message is displayed&amp#27;[0m  &amp#27;[90m# StepDefinitions.Tree.nothing_happens_to_the_editor_page_and_no_error_message_is_displayed()&amp#27;[0m
[ERROR] 2024-12-09 22:27:50.134 [TestNG-PoolService-3] Hooks - ======================  TEST CASE FAILED !! ======================

    Embedding screenshot [image/png 7890 bytes]

[INFO ] 2024-12-09 22:27:50.261 [TestNG-PoolService-3] Hooks - ======================  Screenshot is captured  ======================
[INFO ] 2024-12-09 22:27:50.270 [TestNG-PoolService-3] Hooks - ======================  Test Execution is completed!! ======================
  &amp#27;[32mGiven &amp#27;[0m&amp#27;[32mThe user is on the Types of Binary Trees page&amp#27;[0m                 &amp#27;[90m# StepDefinitions.Tree.the_user_is_on_the_types_of_binary_trees_page()&amp#27;[0m
]]></system-out>
    <system-err><![CDATA[Dec 09, 2024 10:27:43 PM org.openqa.selenium.devtools.CdpVersionFinder findNearestMatch
WARNING: Unable to find an exact match for CDP version 131, returning the closest version; found: 130; Please update to a Selenium version that supports CDP version 131
Dec 09, 2024 10:27:44 PM org.openqa.selenium.devtools.CdpVersionFinder findNearestMatch
WARNING: Unable to find an exact match for CDP version 131, returning the closest version; found: 130; Please update to a Selenium version that supports CDP version 131
Dec 09, 2024 10:27:45 PM org.openqa.selenium.devtools.CdpVersionFinder findNearestMatch
WARNING: Unable to find an exact match for CDP version 131, returning the closest version; found: 130; Please update to a Selenium version that supports CDP version 131
]]></system-err>
  </testcase>
  <testcase name="runScenario[&quot;Try Here Editor page with empty code&quot;, &quot;Tree&quot;](175)" classname="TestRunners.TestRunner" time="1.904">
    <failure message="element not interactable&#10;  (Session info: chrome=131.0.6778.109)&#10;Build info: version: &apos;4.26.0&apos;, revision: &apos;8ccf0219d7&apos;&#10;System info: os.name: &apos;Windows 11&apos;, os.arch: &apos;amd64&apos;, os.version: &apos;10.0&apos;, java.version: &apos;21.0.5&apos;&#10;Driver info: org.openqa.selenium.chrome.ChromeDriver&#10;Command: [b2e31894a06de134888017833b471fc8, sendKeysToElement {value=[Ljava.lang.CharSequence;@2eb8332f, id=f.8710D8CE13C479560E7A7C4298AFAEB1.d.789270CDC0778D06159D3A3AE0943FCE.e.52}]&#10;Capabilities {acceptInsecureCerts: false, browserName: chrome, browserVersion: 131.0.6778.109, chrome: {chromedriverVersion: 131.0.6778.87 (ce31cae94873..., userDataDir: C:\Users\vamsh\AppData\Loca...}, fedcm:accounts: true, goog:chromeOptions: {debuggerAddress: localhost:62443}, networkConnectionEnabled: false, pageLoadStrategy: normal, platformName: windows, proxy: Proxy(), se:cdp: ws://localhost:62443/devtoo..., se:cdpVersion: 131.0.6778.109, setWindowRect: true, strictFileInteractability: false, timeouts: {implicit: 0, pageLoad: 300000, script: 30000}, unhandledPromptBehavior: dismiss and notify, webauthn:extension:credBlob: true, webauthn:extension:largeBlob: true, webauthn:extension:minPinLength: true, webauthn:extension:prf: true, webauthn:virtualAuthenticators: true}&#10;Element: [[ChromeDriver: chrome on windows (b2e31894a06de134888017833b471fc8)] -&gt; css selector: .CodeMirror textarea]&#10;Session ID: b2e31894a06de134888017833b471fc8" type="org.openqa.selenium.ElementNotInteractableException"><![CDATA[org.openqa.selenium.ElementNotInteractableException: 
element not interactable
  (Session info: chrome=131.0.6778.109)
Build info: version: '4.26.0', revision: '8ccf0219d7'
System info: os.name: 'Windows 11', os.arch: 'amd64', os.version: '10.0', java.version: '21.0.5'
Driver info: org.openqa.selenium.chrome.ChromeDriver
Command: [b2e31894a06de134888017833b471fc8, sendKeysToElement {value=[Ljava.lang.CharSequence;@2eb8332f, id=f.8710D8CE13C479560E7A7C4298AFAEB1.d.789270CDC0778D06159D3A3AE0943FCE.e.52}]
Capabilities {acceptInsecureCerts: false, browserName: chrome, browserVersion: 131.0.6778.109, chrome: {chromedriverVersion: 131.0.6778.87 (ce31cae94873..., userDataDir: C:\Users\vamsh\AppData\Loca...}, fedcm:accounts: true, goog:chromeOptions: {debuggerAddress: localhost:62443}, networkConnectionEnabled: false, pageLoadStrategy: normal, platformName: windows, proxy: Proxy(), se:cdp: ws://localhost:62443/devtoo..., se:cdpVersion: 131.0.6778.109, setWindowRect: true, strictFileInteractability: false, timeouts: {implicit: 0, pageLoad: 300000, script: 30000}, unhandledPromptBehavior: dismiss and notify, webauthn:extension:credBlob: true, webauthn:extension:largeBlob: true, webauthn:extension:minPinLength: true, webauthn:extension:prf: true, webauthn:virtualAuthenticators: true}
Element: [[ChromeDriver: chrome on windows (b2e31894a06de134888017833b471fc8)] -> css selector: .CodeMirror textarea]
Session ID: b2e31894a06de134888017833b471fc8
]]></failure>
    <system-out><![CDATA[  &amp#27;[32mAnd &amp#27;[0m&amp#27;[32mUser clicks on Get Started button from Tree panel&amp#27;[0m                      &amp#27;[90m# StepDefinitions.Tree.user_clicks_on_get_started_button_from_tree_panel()&amp#27;[0m

Scenario: Try Here Editor page with invalid data                        &amp#27;[90m# src/test/resources/Features/Tree.feature:283&amp#27;[0m
  &amp#27;[32mGiven &amp#27;[0m&amp#27;[32mThe user is on the Types of Binary Trees page&amp#27;[0m                        &amp#27;[90m# StepDefinitions.Tree.the_user_is_on_the_types_of_binary_trees_page()&amp#27;[0m
  &amp#27;[32mGiven &amp#27;[0m&amp#27;[32mThe user is on the DS Introduction page as signedIn&amp#27;[0m           &amp#27;[90m# StepDefinitions.DSIntroductionDetails.the_user_is_on_the_ds_introduction_page_as_signed_in()&amp#27;[0m
  &amp#27;[32mAnd &amp#27;[0m&amp#27;[32mThe user clicks Try Here button&amp#27;[0m                                        &amp#27;[90m# StepDefinitions.Tree.the_user_clicks_try_here_button()&amp#27;[0m
  &amp#27;[32mAnd &amp#27;[0m&amp#27;[32mUser clicks on Get Started button from Tree panel&amp#27;[0m               &amp#27;[90m# StepDefinitions.Tree.user_clicks_on_get_started_button_from_tree_panel()&amp#27;[0m
  &amp#27;[31mWhen &amp#27;[0m&amp#27;[31mThe user writes no code inside editor window and clicks on Run button&amp#27;[0m &amp#27;[90m# StepDefinitions.Tree.the_user_writes_no_code_inside_editor_window_and_clicks_on_run_button()&amp#27;[0m
      &amp#27;[31morg.openqa.selenium.ElementNotInteractableException: element not interactable
  (Session info: chrome=131.0.6778.109)
Build info: version: '4.26.0', revision: '8ccf0219d7'
System info: os.name: 'Windows 11', os.arch: 'amd64', os.version: '10.0', java.version: '21.0.5'
Driver info: org.openqa.selenium.chrome.ChromeDriver
Command: [b2e31894a06de134888017833b471fc8, sendKeysToElement {value=[Ljava.lang.CharSequence;@2eb8332f, id=f.8710D8CE13C479560E7A7C4298AFAEB1.d.789270CDC0778D06159D3A3AE0943FCE.e.52}]
Capabilities {acceptInsecureCerts: false, browserName: chrome, browserVersion: 131.0.6778.109, chrome: {chromedriverVersion: 131.0.6778.87 (ce31cae94873..., userDataDir: C:\Users\vamsh\AppData\Loca...}, fedcm:accounts: true, goog:chromeOptions: {debuggerAddress: localhost:62443}, networkConnectionEnabled: false, pageLoadStrategy: normal, platformName: windows, proxy: Proxy(), se:cdp: ws://localhost:62443/devtoo..., se:cdpVersion: 131.0.6778.109, setWindowRect: true, strictFileInteractability: false, timeouts: {implicit: 0, pageLoad: 300000, script: 30000}, unhandledPromptBehavior: dismiss and notify, webauthn:extension:credBlob: true, webauthn:extension:largeBlob: true, webauthn:extension:minPinLength: true, webauthn:extension:prf: true, webauthn:virtualAuthenticators: true}
Element: [[ChromeDriver: chrome on windows (b2e31894a06de134888017833b471fc8)] -> css selector: .CodeMirror textarea]
Session ID: b2e31894a06de134888017833b471fc8
	at java.base/jdk.internal.reflect.DirectConstructorHandleAccessor.newInstance(DirectConstructorHandleAccessor.java:62)
	at java.base/java.lang.reflect.Constructor.newInstanceWithCaller(Constructor.java:502)
	at java.base/java.lang.reflect.Constructor.newInstance(Constructor.java:486)
	at org.openqa.selenium.remote.ErrorCodec.decode(ErrorCodec.java:167)
	at org.openqa.selenium.remote.codec.w3c.W3CHttpResponseCodec.decode(W3CHttpResponseCodec.java:138)
	at org.openqa.selenium.remote.codec.w3c.W3CHttpResponseCodec.decode(W3CHttpResponseCodec.java:50)
	at org.openqa.selenium.remote.HttpCommandExecutor.execute(HttpCommandExecutor.java:190)
	at org.openqa.selenium.remote.service.DriverCommandExecutor.invokeExecute(DriverCommandExecutor.java:216)
	at org.openqa.selenium.remote.service.DriverCommandExecutor.execute(DriverCommandExecutor.java:174)
	at org.openqa.selenium.remote.RemoteWebDriver.execute(RemoteWebDriver.java:545)
	at org.openqa.selenium.remote.RemoteWebElement.execute(RemoteWebElement.java:223)
	at org.openqa.selenium.remote.RemoteWebElement.sendKeys(RemoteWebElement.java:110)
	at PageObjects.TreePage.writeInTryEditorWindow(TreePage.java:357)
	at StepDefinitions.Tree.the_user_writes_no_code_inside_editor_window_and_clicks_on_run_button(Tree.java:73)
	at ✽.The user writes no code inside editor window and clicks on Run button(file:///C:/Projects/Repo1/src/test/resources/Features/Tree.feature:273)
&amp#27;[0m
  &amp#27;[36mThen &amp#27;[0m&amp#27;[36mNothing happens to the Editor page and no error message is displayed&amp#27;[0m  &amp#27;[90m# StepDefinitions.Tree.nothing_happens_to_the_editor_page_and_no_error_message_is_displayed()&amp#27;[0m
[ERROR] 2024-12-09 22:02:23.710 [TestNG-PoolService-1] Hooks - ======================  TEST CASE FAILED !! ======================
[INFO ] 2024-12-09 22:02:23.828 [TestNG-PoolService-3] Hooks - ======================  New Test Execution is STARTED!! ======================

    Embedding screenshot [image/png 7853 bytes]

[INFO ] 2024-12-09 22:02:23.943 [TestNG-PoolService-1] Hooks - ======================  Screenshot is captured  ======================
[INFO ] 2024-12-09 22:02:23.947 [TestNG-PoolService-1] Hooks - ======================  Test Execution is completed!! ======================
  &amp#27;[32mGiven &amp#27;[0m&amp#27;[32mThe user is on the Types of Binary Trees page&amp#27;[0m                 &amp#27;[90m# StepDefinitions.Tree.the_user_is_on_the_types_of_binary_trees_page()&amp#27;[0m
]]></system-out>
    <system-err><![CDATA[Dec 09, 2024 10:02:23 PM org.openqa.selenium.devtools.CdpVersionFinder findNearestMatch
WARNING: Unable to find an exact match for CDP version 131, returning the closest version; found: 130; Please update to a Selenium version that supports CDP version 131
]]></system-err>
  </testcase>
  <testcase name="runScenario[&quot;Try Here Editor page with empty code&quot;, &quot;Tree&quot;](175)" classname="TestRunners.TestRunner" time="11.444">
    <system-out><![CDATA[
Scenario: Try Here Editor page with invalid data                        &amp#27;[90m# src/test/resources/Features/Tree.feature:283&amp#27;[0m
[INFO ] 2024-12-09 22:15:46.250 [TestNG-PoolService-1] Hooks - ======================  New Test Execution is STARTED!! ======================
[INFO ] 2024-12-09 22:15:47.861 [TestNG-PoolService-2] Hooks - ======================  New Test Execution is STARTED!! ======================
[INFO ] 2024-12-09 22:15:48.117 [TestNG-PoolService-3] Hooks - ======================  New Test Execution is STARTED!! ======================
  &amp#27;[32mGiven &amp#27;[0m&amp#27;[32mThe user is on the DS Introduction page as signedIn&amp#27;[0m                  &amp#27;[90m# StepDefinitions.DSIntroductionDetails.the_user_is_on_the_ds_introduction_page_as_signed_in()&amp#27;[0m
  &amp#27;[32mAnd &amp#27;[0m&amp#27;[32mUser clicks on Get Started button from Tree panel&amp#27;[0m                      &amp#27;[90m# StepDefinitions.Tree.user_clicks_on_get_started_button_from_tree_panel()&amp#27;[0m
  &amp#27;[32mGiven &amp#27;[0m&amp#27;[32mThe user is on the Types of Binary Trees page&amp#27;[0m                        &amp#27;[90m# StepDefinitions.Tree.the_user_is_on_the_types_of_binary_trees_page()&amp#27;[0m
  &amp#27;[32mGiven &amp#27;[0m&amp#27;[32mThe user is on the DS Introduction page as signedIn&amp#27;[0m           &amp#27;[90m# StepDefinitions.DSIntroductionDetails.the_user_is_on_the_ds_introduction_page_as_signed_in()&amp#27;[0m
  &amp#27;[32mGiven &amp#27;[0m&amp#27;[32mThe user is on the DS Introduction page as signedIn&amp#27;[0m             &amp#27;[90m# StepDefinitions.DSIntroductionDetails.the_user_is_on_the_ds_introduction_page_as_signed_in()&amp#27;[0m
  &amp#27;[32mAnd &amp#27;[0m&amp#27;[32mUser clicks on Get Started button from Tree panel&amp#27;[0m               &amp#27;[90m# StepDefinitions.Tree.user_clicks_on_get_started_button_from_tree_panel()&amp#27;[0m
  &amp#27;[32mAnd &amp#27;[0m&amp#27;[32mUser clicks on Get Started button from Tree panel&amp#27;[0m                 &amp#27;[90m# StepDefinitions.Tree.user_clicks_on_get_started_button_from_tree_panel()&amp#27;[0m
  &amp#27;[32mGiven &amp#27;[0m&amp#27;[32mThe user is on the Types of Binary Trees page&amp#27;[0m                 &amp#27;[90m# StepDefinitions.Tree.the_user_is_on_the_types_of_binary_trees_page()&amp#27;[0m
  &amp#27;[32mAnd &amp#27;[0m&amp#27;[32mThe user clicks Try Here button&amp#27;[0m                                        &amp#27;[90m# StepDefinitions.Tree.the_user_clicks_try_here_button()&amp#27;[0m
  &amp#27;[32mGiven &amp#27;[0m&amp#27;[32mThe user is on the Types of Binary Trees page&amp#27;[0m                   &amp#27;[90m# StepDefinitions.Tree.the_user_is_on_the_types_of_binary_trees_page()&amp#27;[0m
  &amp#27;[32mWhen &amp#27;[0m&amp#27;[32mThe user writes no code inside editor window and clicks on Run button&amp#27;[0m &amp#27;[90m# StepDefinitions.Tree.the_user_writes_no_code_inside_editor_window_and_clicks_on_run_button()&amp#27;[0m
  &amp#27;[32mThen &amp#27;[0m&amp#27;[32mNothing happens to the Editor page and no error message is displayed&amp#27;[0m  &amp#27;[90m# StepDefinitions.Tree.nothing_happens_to_the_editor_page_and_no_error_message_is_displayed()&amp#27;[0m
[INFO ] 2024-12-09 22:15:51.801 [TestNG-PoolService-1] Hooks - ======================  Test Execution is completed!! ======================
  &amp#27;[32mAnd &amp#27;[0m&amp#27;[32mThe user clicks Try Here button&amp#27;[0m                                 &amp#27;[90m# StepDefinitions.Tree.the_user_clicks_try_here_button()&amp#27;[0m
  &amp#27;[32mWhen &amp#27;[0m&amp#27;[32mThe user writes the valid python code and clicks on Run button&amp#27;[0m &amp#27;[90m# StepDefinitions.Tree.the_user_writes_the_valid_python_code_and_clicks_on_run_button()&amp#27;[0m
  &amp#27;[32mThen &amp#27;[0m&amp#27;[32mThe user is able to see the output inside the console.&amp#27;[0m         &amp#27;[90m# StepDefinitions.Tree.the_user_is_able_to_see_the_output_inside_the_console()&amp#27;[0m
[INFO ] 2024-12-09 22:15:52.743 [TestNG-PoolService-3] Hooks - ======================  Test Execution is completed!! ======================
  &amp#27;[32mAnd &amp#27;[0m&amp#27;[32mThe user clicks Try Here button&amp#27;[0m                                   &amp#27;[90m# StepDefinitions.Tree.the_user_clicks_try_here_button()&amp#27;[0m
  &amp#27;[32mWhen &amp#27;[0m&amp#27;[32mThe user writes the invalid python code and clicks on Run button&amp#27;[0m &amp#27;[90m# StepDefinitions.Tree.the_user_writes_the_invalid_python_code_and_clicks_on_run_button()&amp#27;[0m
  &amp#27;[32mThen &amp#27;[0m&amp#27;[32mThe user see error msg in alert window&amp#27;[0m                           &amp#27;[90m# StepDefinitions.Tree.the_user_see_error_msg_in_alert_window()&amp#27;[0m
[INFO ] 2024-12-09 22:15:53.267 [TestNG-PoolService-2] Hooks - ======================  Test Execution is completed!! ======================
]]></system-out>
  </testcase>
  <testcase name="runScenario[&quot;Try Here Editor page with empty code&quot;, &quot;Tree&quot;](175)" classname="TestRunners.TestRunner" time="0.729">
    <failure message="element not interactable&#10;  (Session info: MicrosoftEdge=131.0.2903.86)&#10;Build info: version: &apos;4.26.0&apos;, revision: &apos;8ccf0219d7&apos;&#10;System info: os.name: &apos;Windows 11&apos;, os.arch: &apos;amd64&apos;, os.version: &apos;10.0&apos;, java.version: &apos;21.0.5&apos;&#10;Driver info: org.openqa.selenium.edge.EdgeDriver&#10;Command: [bda903266de87e038d823e5e11d4fc1f, sendKeysToElement {value=[Ljava.lang.CharSequence;@4ad3dbc, id=f.B9533F946B149BC47581D5A14C21F610.d.55E33D9E6326FB0DAEE90CC18C17A7CC.e.38}]&#10;Capabilities {acceptInsecureCerts: false, browserName: MicrosoftEdge, browserVersion: 131.0.2903.86, fedcm:accounts: true, ms:edgeOptions: {debuggerAddress: localhost:50104}, msedge: {msedgedriverVersion: 131.0.2903.86 (cf5bf303997c..., userDataDir: C:\Users\vamsh\AppData\Loca...}, networkConnectionEnabled: false, pageLoadStrategy: normal, platformName: windows, proxy: Proxy(), se:cdp: ws://localhost:50104/devtoo..., se:cdpVersion: 131.0.2903.86, setWindowRect: true, strictFileInteractability: false, timeouts: {implicit: 0, pageLoad: 300000, script: 30000}, unhandledPromptBehavior: dismiss and notify, webauthn:extension:credBlob: true, webauthn:extension:largeBlob: true, webauthn:extension:minPinLength: true, webauthn:extension:prf: true, webauthn:virtualAuthenticators: true}&#10;Element: [[EdgeDriver: MicrosoftEdge on windows (bda903266de87e038d823e5e11d4fc1f)] -&gt; css selector: .CodeMirror textarea]&#10;Session ID: bda903266de87e038d823e5e11d4fc1f" type="org.openqa.selenium.ElementNotInteractableException"><![CDATA[org.openqa.selenium.ElementNotInteractableException: 
element not interactable
  (Session info: MicrosoftEdge=131.0.2903.86)
Build info: version: '4.26.0', revision: '8ccf0219d7'
System info: os.name: 'Windows 11', os.arch: 'amd64', os.version: '10.0', java.version: '21.0.5'
Driver info: org.openqa.selenium.edge.EdgeDriver
Command: [bda903266de87e038d823e5e11d4fc1f, sendKeysToElement {value=[Ljava.lang.CharSequence;@4ad3dbc, id=f.B9533F946B149BC47581D5A14C21F610.d.55E33D9E6326FB0DAEE90CC18C17A7CC.e.38}]
Capabilities {acceptInsecureCerts: false, browserName: MicrosoftEdge, browserVersion: 131.0.2903.86, fedcm:accounts: true, ms:edgeOptions: {debuggerAddress: localhost:50104}, msedge: {msedgedriverVersion: 131.0.2903.86 (cf5bf303997c..., userDataDir: C:\Users\vamsh\AppData\Loca...}, networkConnectionEnabled: false, pageLoadStrategy: normal, platformName: windows, proxy: Proxy(), se:cdp: ws://localhost:50104/devtoo..., se:cdpVersion: 131.0.2903.86, setWindowRect: true, strictFileInteractability: false, timeouts: {implicit: 0, pageLoad: 300000, script: 30000}, unhandledPromptBehavior: dismiss and notify, webauthn:extension:credBlob: true, webauthn:extension:largeBlob: true, webauthn:extension:minPinLength: true, webauthn:extension:prf: true, webauthn:virtualAuthenticators: true}
Element: [[EdgeDriver: MicrosoftEdge on windows (bda903266de87e038d823e5e11d4fc1f)] -> css selector: .CodeMirror textarea]
Session ID: bda903266de87e038d823e5e11d4fc1f
]]></failure>
    <system-out><![CDATA[
Scenario: Try Here Editor page with invalid data                        &amp#27;[90m# src/test/resources/Features/Tree.feature:283&amp#27;[0m
  &amp#27;[32mAnd &amp#27;[0m&amp#27;[32mThe user clicks Try Here button&amp#27;[0m                                 &amp#27;[90m# StepDefinitions.Tree.the_user_clicks_try_here_button()&amp#27;[0m
  &amp#27;[32mWhen &amp#27;[0m&amp#27;[32mThe user writes the valid python code and clicks on Run button&amp#27;[0m &amp#27;[90m# StepDefinitions.Tree.the_user_writes_the_valid_python_code_and_clicks_on_run_button()&amp#27;[0m
  &amp#27;[32mThen &amp#27;[0m&amp#27;[32mThe user is able to see the output inside the console.&amp#27;[0m         &amp#27;[90m# StepDefinitions.Tree.the_user_is_able_to_see_the_output_inside_the_console()&amp#27;[0m
[INFO ] 2024-12-09 22:27:51.316 [TestNG-PoolService-2] Hooks - ======================  Test Execution is completed!! ======================
]]></system-out>
  </testcase>
  <testcase name="runScenario[&quot;Try Here Editor page with valid data&quot;, &quot;Tree&quot;](176)" classname="TestRunners.TestRunner" time="1.071">
    <failure message="element not interactable&#10;  (Session info: chrome=131.0.6778.109)&#10;Build info: version: &apos;4.26.0&apos;, revision: &apos;8ccf0219d7&apos;&#10;System info: os.name: &apos;Windows 11&apos;, os.arch: &apos;amd64&apos;, os.version: &apos;10.0&apos;, java.version: &apos;21.0.5&apos;&#10;Driver info: org.openqa.selenium.chrome.ChromeDriver&#10;Command: [6090cce39a196531a36e781827aa0f75, sendKeysToElement {value=[Ljava.lang.CharSequence;@330db8ce, id=f.45C79960C9CE0E690943890F76C50C20.d.3E93B5706592D7DB1BC19A39D1FA7B08.e.51}]&#10;Capabilities {acceptInsecureCerts: false, browserName: chrome, browserVersion: 131.0.6778.109, chrome: {chromedriverVersion: 131.0.6778.87 (ce31cae94873..., userDataDir: C:\Users\vamsh\AppData\Loca...}, fedcm:accounts: true, goog:chromeOptions: {debuggerAddress: localhost:62458}, networkConnectionEnabled: false, pageLoadStrategy: normal, platformName: windows, proxy: Proxy(), se:cdp: ws://localhost:62458/devtoo..., se:cdpVersion: 131.0.6778.109, setWindowRect: true, strictFileInteractability: false, timeouts: {implicit: 0, pageLoad: 300000, script: 30000}, unhandledPromptBehavior: dismiss and notify, webauthn:extension:credBlob: true, webauthn:extension:largeBlob: true, webauthn:extension:minPinLength: true, webauthn:extension:prf: true, webauthn:virtualAuthenticators: true}&#10;Element: [[ChromeDriver: chrome on windows (6090cce39a196531a36e781827aa0f75)] -&gt; css selector: .CodeMirror textarea]&#10;Session ID: 6090cce39a196531a36e781827aa0f75" type="org.openqa.selenium.ElementNotInteractableException"><![CDATA[org.openqa.selenium.ElementNotInteractableException: 
element not interactable
  (Session info: chrome=131.0.6778.109)
Build info: version: '4.26.0', revision: '8ccf0219d7'
System info: os.name: 'Windows 11', os.arch: 'amd64', os.version: '10.0', java.version: '21.0.5'
Driver info: org.openqa.selenium.chrome.ChromeDriver
Command: [6090cce39a196531a36e781827aa0f75, sendKeysToElement {value=[Ljava.lang.CharSequence;@330db8ce, id=f.45C79960C9CE0E690943890F76C50C20.d.3E93B5706592D7DB1BC19A39D1FA7B08.e.51}]
Capabilities {acceptInsecureCerts: false, browserName: chrome, browserVersion: 131.0.6778.109, chrome: {chromedriverVersion: 131.0.6778.87 (ce31cae94873..., userDataDir: C:\Users\vamsh\AppData\Loca...}, fedcm:accounts: true, goog:chromeOptions: {debuggerAddress: localhost:62458}, networkConnectionEnabled: false, pageLoadStrategy: normal, platformName: windows, proxy: Proxy(), se:cdp: ws://localhost:62458/devtoo..., se:cdpVersion: 131.0.6778.109, setWindowRect: true, strictFileInteractability: false, timeouts: {implicit: 0, pageLoad: 300000, script: 30000}, unhandledPromptBehavior: dismiss and notify, webauthn:extension:credBlob: true, webauthn:extension:largeBlob: true, webauthn:extension:minPinLength: true, webauthn:extension:prf: true, webauthn:virtualAuthenticators: true}
Element: [[ChromeDriver: chrome on windows (6090cce39a196531a36e781827aa0f75)] -> css selector: .CodeMirror textarea]
Session ID: 6090cce39a196531a36e781827aa0f75
]]></failure>
    <system-out><![CDATA[
Scenario: Try Here Editor page with alert message                      &amp#27;[90m# src/test/resources/Features/Tree.feature:290&amp#27;[0m
  &amp#27;[32mAnd &amp#27;[0m&amp#27;[32mThe user clicks Try Here button&amp#27;[0m                                 &amp#27;[90m# StepDefinitions.Tree.the_user_clicks_try_here_button()&amp#27;[0m
  &amp#27;[31mWhen &amp#27;[0m&amp#27;[31mThe user writes the valid python code and clicks on Run button&amp#27;[0m &amp#27;[90m# StepDefinitions.Tree.the_user_writes_the_valid_python_code_and_clicks_on_run_button()&amp#27;[0m
      &amp#27;[31morg.openqa.selenium.ElementNotInteractableException: element not interactable
  (Session info: chrome=131.0.6778.109)
Build info: version: '4.26.0', revision: '8ccf0219d7'
System info: os.name: 'Windows 11', os.arch: 'amd64', os.version: '10.0', java.version: '21.0.5'
Driver info: org.openqa.selenium.chrome.ChromeDriver
Command: [6090cce39a196531a36e781827aa0f75, sendKeysToElement {value=[Ljava.lang.CharSequence;@330db8ce, id=f.45C79960C9CE0E690943890F76C50C20.d.3E93B5706592D7DB1BC19A39D1FA7B08.e.51}]
Capabilities {acceptInsecureCerts: false, browserName: chrome, browserVersion: 131.0.6778.109, chrome: {chromedriverVersion: 131.0.6778.87 (ce31cae94873..., userDataDir: C:\Users\vamsh\AppData\Loca...}, fedcm:accounts: true, goog:chromeOptions: {debuggerAddress: localhost:62458}, networkConnectionEnabled: false, pageLoadStrategy: normal, platformName: windows, proxy: Proxy(), se:cdp: ws://localhost:62458/devtoo..., se:cdpVersion: 131.0.6778.109, setWindowRect: true, strictFileInteractability: false, timeouts: {implicit: 0, pageLoad: 300000, script: 30000}, unhandledPromptBehavior: dismiss and notify, webauthn:extension:credBlob: true, webauthn:extension:largeBlob: true, webauthn:extension:minPinLength: true, webauthn:extension:prf: true, webauthn:virtualAuthenticators: true}
Element: [[ChromeDriver: chrome on windows (6090cce39a196531a36e781827aa0f75)] -> css selector: .CodeMirror textarea]
Session ID: 6090cce39a196531a36e781827aa0f75
	at java.base/jdk.internal.reflect.DirectConstructorHandleAccessor.newInstance(DirectConstructorHandleAccessor.java:62)
	at java.base/java.lang.reflect.Constructor.newInstanceWithCaller(Constructor.java:502)
	at java.base/java.lang.reflect.Constructor.newInstance(Constructor.java:486)
	at org.openqa.selenium.remote.ErrorCodec.decode(ErrorCodec.java:167)
	at org.openqa.selenium.remote.codec.w3c.W3CHttpResponseCodec.decode(W3CHttpResponseCodec.java:138)
	at org.openqa.selenium.remote.codec.w3c.W3CHttpResponseCodec.decode(W3CHttpResponseCodec.java:50)
	at org.openqa.selenium.remote.HttpCommandExecutor.execute(HttpCommandExecutor.java:190)
	at org.openqa.selenium.remote.service.DriverCommandExecutor.invokeExecute(DriverCommandExecutor.java:216)
	at org.openqa.selenium.remote.service.DriverCommandExecutor.execute(DriverCommandExecutor.java:174)
	at org.openqa.selenium.remote.RemoteWebDriver.execute(RemoteWebDriver.java:545)
	at org.openqa.selenium.remote.RemoteWebElement.execute(RemoteWebElement.java:223)
	at org.openqa.selenium.remote.RemoteWebElement.sendKeys(RemoteWebElement.java:110)
	at PageObjects.TreePage.writeInTryEditorWindow(TreePage.java:357)
	at StepDefinitions.Tree.the_user_writes_the_valid_python_code_and_clicks_on_run_button(Tree.java:85)
	at ✽.The user writes the valid python code and clicks on Run button(file:///C:/Projects/Repo1/src/test/resources/Features/Tree.feature:280)
&amp#27;[0m
  &amp#27;[36mThen &amp#27;[0m&amp#27;[36mThe user is able to see the output inside the console.&amp#27;[0m         &amp#27;[90m# StepDefinitions.Tree.the_user_is_able_to_see_the_output_inside_the_console()&amp#27;[0m
[ERROR] 2024-12-09 22:02:24.863 [TestNG-PoolService-2] Hooks - ======================  TEST CASE FAILED !! ======================

    Embedding screenshot [image/png 7853 bytes]

[INFO ] 2024-12-09 22:02:25.019 [TestNG-PoolService-2] Hooks - ======================  Screenshot is captured  ======================
[INFO ] 2024-12-09 22:02:25.020 [TestNG-PoolService-2] Hooks - ======================  Test Execution is completed!! ======================
]]></system-out>
  </testcase>
  <testcase name="runScenario[&quot;Try Here Editor page with valid data&quot;, &quot;Tree&quot;](176)" classname="TestRunners.TestRunner" time="0.665">
    <system-out><![CDATA[
Scenario: Try Here Editor page with alert message                      &amp#27;[90m# src/test/resources/Features/Tree.feature:290&amp#27;[0m
]]></system-out>
  </testcase>
  <testcase name="runScenario[&quot;Try Here Editor page with valid data&quot;, &quot;Tree&quot;](176)" classname="TestRunners.TestRunner" time="0.967">
    <system-out><![CDATA[
Scenario: Try Here Editor page with alert message                      &amp#27;[90m# src/test/resources/Features/Tree.feature:290&amp#27;[0m
]]></system-out>
  </testcase>
  <testcase name="runScenario[&quot;Try Here Editor page with invalid data&quot;, &quot;Tree&quot;](177)" classname="TestRunners.TestRunner" time="3.709">
    <failure message="element not interactable&#10;  (Session info: chrome=131.0.6778.109)&#10;Build info: version: &apos;4.26.0&apos;, revision: &apos;8ccf0219d7&apos;&#10;System info: os.name: &apos;Windows 11&apos;, os.arch: &apos;amd64&apos;, os.version: &apos;10.0&apos;, java.version: &apos;21.0.5&apos;&#10;Driver info: org.openqa.selenium.chrome.ChromeDriver&#10;Command: [11078f86dac2e3dbb02ca12160b78110, sendKeysToElement {value=[Ljava.lang.CharSequence;@74b11ca0, id=f.42B571A89AF157B0D021A106AEFDE8DE.d.721C00F8F9DFB151C4E1CFE42F0504BD.e.54}]&#10;Capabilities {acceptInsecureCerts: false, browserName: chrome, browserVersion: 131.0.6778.109, chrome: {chromedriverVersion: 131.0.6778.87 (ce31cae94873..., userDataDir: C:\Users\vamsh\AppData\Loca...}, fedcm:accounts: true, goog:chromeOptions: {debuggerAddress: localhost:62503}, networkConnectionEnabled: false, pageLoadStrategy: normal, platformName: windows, proxy: Proxy(), se:cdp: ws://localhost:62503/devtoo..., se:cdpVersion: 131.0.6778.109, setWindowRect: true, strictFileInteractability: false, timeouts: {implicit: 0, pageLoad: 300000, script: 30000}, unhandledPromptBehavior: dismiss and notify, webauthn:extension:credBlob: true, webauthn:extension:largeBlob: true, webauthn:extension:minPinLength: true, webauthn:extension:prf: true, webauthn:virtualAuthenticators: true}&#10;Element: [[ChromeDriver: chrome on windows (11078f86dac2e3dbb02ca12160b78110)] -&gt; css selector: .CodeMirror textarea]&#10;Session ID: 11078f86dac2e3dbb02ca12160b78110" type="org.openqa.selenium.ElementNotInteractableException"><![CDATA[org.openqa.selenium.ElementNotInteractableException: 
element not interactable
  (Session info: chrome=131.0.6778.109)
Build info: version: '4.26.0', revision: '8ccf0219d7'
System info: os.name: 'Windows 11', os.arch: 'amd64', os.version: '10.0', java.version: '21.0.5'
Driver info: org.openqa.selenium.chrome.ChromeDriver
Command: [11078f86dac2e3dbb02ca12160b78110, sendKeysToElement {value=[Ljava.lang.CharSequence;@74b11ca0, id=f.42B571A89AF157B0D021A106AEFDE8DE.d.721C00F8F9DFB151C4E1CFE42F0504BD.e.54}]
Capabilities {acceptInsecureCerts: false, browserName: chrome, browserVersion: 131.0.6778.109, chrome: {chromedriverVersion: 131.0.6778.87 (ce31cae94873..., userDataDir: C:\Users\vamsh\AppData\Loca...}, fedcm:accounts: true, goog:chromeOptions: {debuggerAddress: localhost:62503}, networkConnectionEnabled: false, pageLoadStrategy: normal, platformName: windows, proxy: Proxy(), se:cdp: ws://localhost:62503/devtoo..., se:cdpVersion: 131.0.6778.109, setWindowRect: true, strictFileInteractability: false, timeouts: {implicit: 0, pageLoad: 300000, script: 30000}, unhandledPromptBehavior: dismiss and notify, webauthn:extension:credBlob: true, webauthn:extension:largeBlob: true, webauthn:extension:minPinLength: true, webauthn:extension:prf: true, webauthn:virtualAuthenticators: true}
Element: [[ChromeDriver: chrome on windows (11078f86dac2e3dbb02ca12160b78110)] -> css selector: .CodeMirror textarea]
Session ID: 11078f86dac2e3dbb02ca12160b78110
]]></failure>
    <system-out><![CDATA[
Scenario: Types of Binary Trees                                 &amp#27;[90m# src/test/resources/Features/Tree.feature:298&amp#27;[0m
[INFO ] 2024-12-09 22:02:25.753 [TestNG-PoolService-1] Hooks - ======================  New Test Execution is STARTED!! ======================
  &amp#27;[32mGiven &amp#27;[0m&amp#27;[32mThe user is on the DS Introduction page as signedIn&amp#27;[0m             &amp#27;[90m# StepDefinitions.DSIntroductionDetails.the_user_is_on_the_ds_introduction_page_as_signed_in()&amp#27;[0m
[INFO ] 2024-12-09 22:02:27.009 [TestNG-PoolService-2] Hooks - ======================  New Test Execution is STARTED!! ======================
  &amp#27;[32mAnd &amp#27;[0m&amp#27;[32mUser clicks on Get Started button from Tree panel&amp#27;[0m                 &amp#27;[90m# StepDefinitions.Tree.user_clicks_on_get_started_button_from_tree_panel()&amp#27;[0m
  &amp#27;[32mGiven &amp#27;[0m&amp#27;[32mThe user is on the Types of Binary Trees page&amp#27;[0m                   &amp#27;[90m# StepDefinitions.Tree.the_user_is_on_the_types_of_binary_trees_page()&amp#27;[0m
  &amp#27;[32mGiven &amp#27;[0m&amp#27;[32mThe user is on the DS Introduction page as signedIn&amp#27;[0m            &amp#27;[90m# StepDefinitions.DSIntroductionDetails.the_user_is_on_the_ds_introduction_page_as_signed_in()&amp#27;[0m
  &amp#27;[32mAnd &amp#27;[0m&amp#27;[32mThe user clicks Try Here button&amp#27;[0m                                   &amp#27;[90m# StepDefinitions.Tree.the_user_clicks_try_here_button()&amp#27;[0m
  &amp#27;[32mAnd &amp#27;[0m&amp#27;[32mUser clicks on Get Started button from Tree panel&amp#27;[0m                &amp#27;[90m# StepDefinitions.Tree.user_clicks_on_get_started_button_from_tree_panel()&amp#27;[0m
  &amp#27;[31mWhen &amp#27;[0m&amp#27;[31mThe user writes the invalid python code and clicks on Run button&amp#27;[0m &amp#27;[90m# StepDefinitions.Tree.the_user_writes_the_invalid_python_code_and_clicks_on_run_button()&amp#27;[0m
      &amp#27;[31morg.openqa.selenium.ElementNotInteractableException: element not interactable
  (Session info: chrome=131.0.6778.109)
Build info: version: '4.26.0', revision: '8ccf0219d7'
System info: os.name: 'Windows 11', os.arch: 'amd64', os.version: '10.0', java.version: '21.0.5'
Driver info: org.openqa.selenium.chrome.ChromeDriver
Command: [11078f86dac2e3dbb02ca12160b78110, sendKeysToElement {value=[Ljava.lang.CharSequence;@74b11ca0, id=f.42B571A89AF157B0D021A106AEFDE8DE.d.721C00F8F9DFB151C4E1CFE42F0504BD.e.54}]
Capabilities {acceptInsecureCerts: false, browserName: chrome, browserVersion: 131.0.6778.109, chrome: {chromedriverVersion: 131.0.6778.87 (ce31cae94873..., userDataDir: C:\Users\vamsh\AppData\Loca...}, fedcm:accounts: true, goog:chromeOptions: {debuggerAddress: localhost:62503}, networkConnectionEnabled: false, pageLoadStrategy: normal, platformName: windows, proxy: Proxy(), se:cdp: ws://localhost:62503/devtoo..., se:cdpVersion: 131.0.6778.109, setWindowRect: true, strictFileInteractability: false, timeouts: {implicit: 0, pageLoad: 300000, script: 30000}, unhandledPromptBehavior: dismiss and notify, webauthn:extension:credBlob: true, webauthn:extension:largeBlob: true, webauthn:extension:minPinLength: true, webauthn:extension:prf: true, webauthn:virtualAuthenticators: true}
Element: [[ChromeDriver: chrome on windows (11078f86dac2e3dbb02ca12160b78110)] -> css selector: .CodeMirror textarea]
Session ID: 11078f86dac2e3dbb02ca12160b78110
	at java.base/jdk.internal.reflect.DirectConstructorHandleAccessor.newInstance(DirectConstructorHandleAccessor.java:62)
	at java.base/java.lang.reflect.Constructor.newInstanceWithCaller(Constructor.java:502)
	at java.base/java.lang.reflect.Constructor.newInstance(Constructor.java:486)
	at org.openqa.selenium.remote.ErrorCodec.decode(ErrorCodec.java:167)
	at org.openqa.selenium.remote.codec.w3c.W3CHttpResponseCodec.decode(W3CHttpResponseCodec.java:138)
	at org.openqa.selenium.remote.codec.w3c.W3CHttpResponseCodec.decode(W3CHttpResponseCodec.java:50)
	at org.openqa.selenium.remote.HttpCommandExecutor.execute(HttpCommandExecutor.java:190)
	at org.openqa.selenium.remote.service.DriverCommandExecutor.invokeExecute(DriverCommandExecutor.java:216)
	at org.openqa.selenium.remote.service.DriverCommandExecutor.execute(DriverCommandExecutor.java:174)
	at org.openqa.selenium.remote.RemoteWebDriver.execute(RemoteWebDriver.java:545)
	at org.openqa.selenium.remote.RemoteWebElement.execute(RemoteWebElement.java:223)
	at org.openqa.selenium.remote.RemoteWebElement.sendKeys(RemoteWebElement.java:110)
	at PageObjects.TreePage.writeInTryEditorWindow(TreePage.java:357)
	at StepDefinitions.Tree.the_user_writes_the_invalid_python_code_and_clicks_on_run_button(Tree.java:96)
	at ✽.The user writes the invalid python code and clicks on Run button(file:///C:/Projects/Repo1/src/test/resources/Features/Tree.feature:287)
&amp#27;[0m
  &amp#27;[36mThen &amp#27;[0m&amp#27;[36mThe user see error msg in alert window&amp#27;[0m                           &amp#27;[90m# StepDefinitions.Tree.the_user_see_error_msg_in_alert_window()&amp#27;[0m
[ERROR] 2024-12-09 22:02:28.536 [TestNG-PoolService-3] Hooks - ======================  TEST CASE FAILED !! ======================

    Embedding screenshot [image/png 7853 bytes]

[INFO ] 2024-12-09 22:02:28.710 [TestNG-PoolService-3] Hooks - ======================  Screenshot is captured  ======================
[INFO ] 2024-12-09 22:02:28.713 [TestNG-PoolService-3] Hooks - ======================  Test Execution is completed!! ======================
  &amp#27;[32mGiven &amp#27;[0m&amp#27;[32mThe user is on the Types of Binary Trees page&amp#27;[0m                  &amp#27;[90m# StepDefinitions.Tree.the_user_is_on_the_types_of_binary_trees_page()&amp#27;[0m
]]></system-out>
    <system-err><![CDATA[Dec 09, 2024 10:02:25 PM org.openqa.selenium.devtools.CdpVersionFinder findNearestMatch
WARNING: Unable to find an exact match for CDP version 131, returning the closest version; found: 130; Please update to a Selenium version that supports CDP version 131
Dec 09, 2024 10:02:26 PM org.openqa.selenium.devtools.CdpVersionFinder findNearestMatch
WARNING: Unable to find an exact match for CDP version 131, returning the closest version; found: 130; Please update to a Selenium version that supports CDP version 131
]]></system-err>
  </testcase>
  <testcase name="runScenario[&quot;Try Here Editor page with invalid data&quot;, &quot;Tree&quot;](177)" classname="TestRunners.TestRunner" time="0.807">
    <system-out><![CDATA[
Scenario: Types of Binary Trees                                 &amp#27;[90m# src/test/resources/Features/Tree.feature:298&amp#27;[0m
]]></system-out>
  </testcase>
  <testcase name="runScenario[&quot;Try Here Editor page with invalid data&quot;, &quot;Tree&quot;](177)" classname="TestRunners.TestRunner" time="7.818">
    <failure message="element not interactable&#10;  (Session info: MicrosoftEdge=131.0.2903.86)&#10;Build info: version: &apos;4.26.0&apos;, revision: &apos;8ccf0219d7&apos;&#10;System info: os.name: &apos;Windows 11&apos;, os.arch: &apos;amd64&apos;, os.version: &apos;10.0&apos;, java.version: &apos;21.0.5&apos;&#10;Driver info: org.openqa.selenium.edge.EdgeDriver&#10;Command: [79ffa29e7aab24db75a7f437bb4b30fd, sendKeysToElement {value=[Ljava.lang.CharSequence;@7bcc3f6c, id=f.E3DAFC277CAC0AC82E422A689ACE5D44.d.EF696254C74BD94DA0F59D6C5BB5C571.e.38}]&#10;Capabilities {acceptInsecureCerts: false, browserName: MicrosoftEdge, browserVersion: 131.0.2903.86, fedcm:accounts: true, ms:edgeOptions: {debuggerAddress: localhost:50299}, msedge: {msedgedriverVersion: 131.0.2903.86 (cf5bf303997c..., userDataDir: C:\Users\vamsh\AppData\Loca...}, networkConnectionEnabled: false, pageLoadStrategy: normal, platformName: windows, proxy: Proxy(), se:cdp: ws://localhost:50299/devtoo..., se:cdpVersion: 131.0.2903.86, setWindowRect: true, strictFileInteractability: false, timeouts: {implicit: 0, pageLoad: 300000, script: 30000}, unhandledPromptBehavior: dismiss and notify, webauthn:extension:credBlob: true, webauthn:extension:largeBlob: true, webauthn:extension:minPinLength: true, webauthn:extension:prf: true, webauthn:virtualAuthenticators: true}&#10;Element: [[EdgeDriver: MicrosoftEdge on windows (79ffa29e7aab24db75a7f437bb4b30fd)] -&gt; css selector: .CodeMirror textarea]&#10;Session ID: 79ffa29e7aab24db75a7f437bb4b30fd" type="org.openqa.selenium.ElementNotInteractableException"><![CDATA[org.openqa.selenium.ElementNotInteractableException: 
element not interactable
  (Session info: MicrosoftEdge=131.0.2903.86)
Build info: version: '4.26.0', revision: '8ccf0219d7'
System info: os.name: 'Windows 11', os.arch: 'amd64', os.version: '10.0', java.version: '21.0.5'
Driver info: org.openqa.selenium.edge.EdgeDriver
Command: [79ffa29e7aab24db75a7f437bb4b30fd, sendKeysToElement {value=[Ljava.lang.CharSequence;@7bcc3f6c, id=f.E3DAFC277CAC0AC82E422A689ACE5D44.d.EF696254C74BD94DA0F59D6C5BB5C571.e.38}]
Capabilities {acceptInsecureCerts: false, browserName: MicrosoftEdge, browserVersion: 131.0.2903.86, fedcm:accounts: true, ms:edgeOptions: {debuggerAddress: localhost:50299}, msedge: {msedgedriverVersion: 131.0.2903.86 (cf5bf303997c..., userDataDir: C:\Users\vamsh\AppData\Loca...}, networkConnectionEnabled: false, pageLoadStrategy: normal, platformName: windows, proxy: Proxy(), se:cdp: ws://localhost:50299/devtoo..., se:cdpVersion: 131.0.2903.86, setWindowRect: true, strictFileInteractability: false, timeouts: {implicit: 0, pageLoad: 300000, script: 30000}, unhandledPromptBehavior: dismiss and notify, webauthn:extension:credBlob: true, webauthn:extension:largeBlob: true, webauthn:extension:minPinLength: true, webauthn:extension:prf: true, webauthn:virtualAuthenticators: true}
Element: [[EdgeDriver: MicrosoftEdge on windows (79ffa29e7aab24db75a7f437bb4b30fd)] -> css selector: .CodeMirror textarea]
Session ID: 79ffa29e7aab24db75a7f437bb4b30fd
]]></failure>
    <system-out><![CDATA[
Scenario: Types of Binary Trees                                 &amp#27;[90m# src/test/resources/Features/Tree.feature:298&amp#27;[0m
[INFO ] 2024-12-09 22:27:53.329 [TestNG-PoolService-1] Hooks - ======================  New Test Execution is STARTED!! ======================
[INFO ] 2024-12-09 22:27:54.630 [TestNG-PoolService-3] Hooks - ======================  New Test Execution is STARTED!! ======================
[INFO ] 2024-12-09 22:27:55.554 [TestNG-PoolService-2] Hooks - ======================  New Test Execution is STARTED!! ======================
  &amp#27;[32mGiven &amp#27;[0m&amp#27;[32mThe user is on the DS Introduction page as signedIn&amp#27;[0m             &amp#27;[90m# StepDefinitions.DSIntroductionDetails.the_user_is_on_the_ds_introduction_page_as_signed_in()&amp#27;[0m
  &amp#27;[32mAnd &amp#27;[0m&amp#27;[32mUser clicks on Get Started button from Tree panel&amp#27;[0m                 &amp#27;[90m# StepDefinitions.Tree.user_clicks_on_get_started_button_from_tree_panel()&amp#27;[0m
  &amp#27;[32mGiven &amp#27;[0m&amp#27;[32mThe user is on the Types of Binary Trees page&amp#27;[0m                   &amp#27;[90m# StepDefinitions.Tree.the_user_is_on_the_types_of_binary_trees_page()&amp#27;[0m
  &amp#27;[32mAnd &amp#27;[0m&amp#27;[32mThe user clicks Try Here button&amp#27;[0m                                   &amp#27;[90m# StepDefinitions.Tree.the_user_clicks_try_here_button()&amp#27;[0m
  &amp#27;[31mWhen &amp#27;[0m&amp#27;[31mThe user writes the invalid python code and clicks on Run button&amp#27;[0m &amp#27;[90m# StepDefinitions.Tree.the_user_writes_the_invalid_python_code_and_clicks_on_run_button()&amp#27;[0m
      &amp#27;[31morg.openqa.selenium.ElementNotInteractableException: element not interactable
  (Session info: MicrosoftEdge=131.0.2903.86)
Build info: version: '4.26.0', revision: '8ccf0219d7'
System info: os.name: 'Windows 11', os.arch: 'amd64', os.version: '10.0', java.version: '21.0.5'
Driver info: org.openqa.selenium.edge.EdgeDriver
Command: [79ffa29e7aab24db75a7f437bb4b30fd, sendKeysToElement {value=[Ljava.lang.CharSequence;@7bcc3f6c, id=f.E3DAFC277CAC0AC82E422A689ACE5D44.d.EF696254C74BD94DA0F59D6C5BB5C571.e.38}]
Capabilities {acceptInsecureCerts: false, browserName: MicrosoftEdge, browserVersion: 131.0.2903.86, fedcm:accounts: true, ms:edgeOptions: {debuggerAddress: localhost:50299}, msedge: {msedgedriverVersion: 131.0.2903.86 (cf5bf303997c..., userDataDir: C:\Users\vamsh\AppData\Loca...}, networkConnectionEnabled: false, pageLoadStrategy: normal, platformName: windows, proxy: Proxy(), se:cdp: ws://localhost:50299/devtoo..., se:cdpVersion: 131.0.2903.86, setWindowRect: true, strictFileInteractability: false, timeouts: {implicit: 0, pageLoad: 300000, script: 30000}, unhandledPromptBehavior: dismiss and notify, webauthn:extension:credBlob: true, webauthn:extension:largeBlob: true, webauthn:extension:minPinLength: true, webauthn:extension:prf: true, webauthn:virtualAuthenticators: true}
Element: [[EdgeDriver: MicrosoftEdge on windows (79ffa29e7aab24db75a7f437bb4b30fd)] -> css selector: .CodeMirror textarea]
Session ID: 79ffa29e7aab24db75a7f437bb4b30fd
	at java.base/jdk.internal.reflect.DirectConstructorHandleAccessor.newInstance(DirectConstructorHandleAccessor.java:62)
	at java.base/java.lang.reflect.Constructor.newInstanceWithCaller(Constructor.java:502)
	at java.base/java.lang.reflect.Constructor.newInstance(Constructor.java:486)
	at org.openqa.selenium.remote.ErrorCodec.decode(ErrorCodec.java:167)
	at org.openqa.selenium.remote.codec.w3c.W3CHttpResponseCodec.decode(W3CHttpResponseCodec.java:138)
	at org.openqa.selenium.remote.codec.w3c.W3CHttpResponseCodec.decode(W3CHttpResponseCodec.java:50)
	at org.openqa.selenium.remote.HttpCommandExecutor.execute(HttpCommandExecutor.java:190)
	at org.openqa.selenium.remote.service.DriverCommandExecutor.invokeExecute(DriverCommandExecutor.java:216)
	at org.openqa.selenium.remote.service.DriverCommandExecutor.execute(DriverCommandExecutor.java:174)
	at org.openqa.selenium.remote.RemoteWebDriver.execute(RemoteWebDriver.java:545)
	at org.openqa.selenium.remote.RemoteWebElement.execute(RemoteWebElement.java:223)
	at org.openqa.selenium.remote.RemoteWebElement.sendKeys(RemoteWebElement.java:110)
	at PageObjects.TreePage.writeInTryEditorWindow(TreePage.java:357)
	at StepDefinitions.Tree.the_user_writes_the_invalid_python_code_and_clicks_on_run_button(Tree.java:96)
	at ✽.The user writes the invalid python code and clicks on Run button(file:///C:/Projects/Repo1/src/test/resources/Features/Tree.feature:287)
&amp#27;[0m
  &amp#27;[36mThen &amp#27;[0m&amp#27;[36mThe user see error msg in alert window&amp#27;[0m                           &amp#27;[90m# StepDefinitions.Tree.the_user_see_error_msg_in_alert_window()&amp#27;[0m
[ERROR] 2024-12-09 22:27:58.617 [TestNG-PoolService-1] Hooks - ======================  TEST CASE FAILED !! ======================

    Embedding screenshot [image/png 7890 bytes]

[INFO ] 2024-12-09 22:27:58.769 [TestNG-PoolService-1] Hooks - ======================  Screenshot is captured  ======================
[INFO ] 2024-12-09 22:27:58.772 [TestNG-PoolService-1] Hooks - ======================  Test Execution is completed!! ======================
  &amp#27;[32mGiven &amp#27;[0m&amp#27;[32mThe user is on the DS Introduction page as signedIn&amp#27;[0m     &amp#27;[90m# StepDefinitions.DSIntroductionDetails.the_user_is_on_the_ds_introduction_page_as_signed_in()&amp#27;[0m
  &amp#27;[32mGiven &amp#27;[0m&amp#27;[32mThe user is on the DS Introduction page as signedIn&amp#27;[0m            &amp#27;[90m# StepDefinitions.DSIntroductionDetails.the_user_is_on_the_ds_introduction_page_as_signed_in()&amp#27;[0m
  &amp#27;[32mAnd &amp#27;[0m&amp#27;[32mUser clicks on Get Started button from Tree panel&amp#27;[0m                &amp#27;[90m# StepDefinitions.Tree.user_clicks_on_get_started_button_from_tree_panel()&amp#27;[0m
  &amp#27;[32mAnd &amp#27;[0m&amp#27;[32mUser clicks on Get Started button from Tree panel&amp#27;[0m         &amp#27;[90m# StepDefinitions.Tree.user_clicks_on_get_started_button_from_tree_panel()&amp#27;[0m
  &amp#27;[32mGiven &amp#27;[0m&amp#27;[32mThe user is on the Types of Binary Trees page&amp#27;[0m                  &amp#27;[90m# StepDefinitions.Tree.the_user_is_on_the_types_of_binary_trees_page()&amp#27;[0m
  &amp#27;[32mGiven &amp#27;[0m&amp#27;[32mThe user is on the Types of Binary Trees page&amp#27;[0m           &amp#27;[90m# StepDefinitions.Tree.the_user_is_on_the_types_of_binary_trees_page()&amp#27;[0m
  &amp#27;[32mAnd &amp#27;[0m&amp#27;[32mThe user clicks Try Here button&amp#27;[0m                                  &amp#27;[90m# StepDefinitions.Tree.the_user_clicks_try_here_button()&amp#27;[0m
]]></system-out>
    <system-err><![CDATA[Dec 09, 2024 10:27:53 PM org.openqa.selenium.devtools.CdpVersionFinder findNearestMatch
WARNING: Unable to find an exact match for CDP version 131, returning the closest version; found: 130; Please update to a Selenium version that supports CDP version 131
Dec 09, 2024 10:27:54 PM org.openqa.selenium.devtools.CdpVersionFinder findNearestMatch
WARNING: Unable to find an exact match for CDP version 131, returning the closest version; found: 130; Please update to a Selenium version that supports CDP version 131
Dec 09, 2024 10:27:55 PM org.openqa.selenium.devtools.CdpVersionFinder findNearestMatch
WARNING: Unable to find an exact match for CDP version 131, returning the closest version; found: 130; Please update to a Selenium version that supports CDP version 131
]]></system-err>
  </testcase>
  <testcase name="runScenario[&quot;Try Here Editor page with alert message&quot;, &quot;Tree&quot;](178)" classname="TestRunners.TestRunner" time="1.371">
    <failure message="element not interactable&#10;  (Session info: chrome=131.0.6778.109)&#10;Build info: version: &apos;4.26.0&apos;, revision: &apos;8ccf0219d7&apos;&#10;System info: os.name: &apos;Windows 11&apos;, os.arch: &apos;amd64&apos;, os.version: &apos;10.0&apos;, java.version: &apos;21.0.5&apos;&#10;Driver info: org.openqa.selenium.chrome.ChromeDriver&#10;Command: [cbb4eb6825ef2480b6e52d3057eba277, sendKeysToElement {value=[Ljava.lang.CharSequence;@757d15f8, id=f.1FF12536F1368006BC78AE3E7BE4817D.d.5DC8C67D75AAE821A18E8DB21021E15C.e.52}]&#10;Capabilities {acceptInsecureCerts: false, browserName: chrome, browserVersion: 131.0.6778.109, chrome: {chromedriverVersion: 131.0.6778.87 (ce31cae94873..., userDataDir: C:\Users\vamsh\AppData\Loca...}, fedcm:accounts: true, goog:chromeOptions: {debuggerAddress: localhost:62532}, networkConnectionEnabled: false, pageLoadStrategy: normal, platformName: windows, proxy: Proxy(), se:cdp: ws://localhost:62532/devtoo..., se:cdpVersion: 131.0.6778.109, setWindowRect: true, strictFileInteractability: false, timeouts: {implicit: 0, pageLoad: 300000, script: 30000}, unhandledPromptBehavior: dismiss and notify, webauthn:extension:credBlob: true, webauthn:extension:largeBlob: true, webauthn:extension:minPinLength: true, webauthn:extension:prf: true, webauthn:virtualAuthenticators: true}&#10;Element: [[ChromeDriver: chrome on windows (cbb4eb6825ef2480b6e52d3057eba277)] -&gt; css selector: .CodeMirror textarea]&#10;Session ID: cbb4eb6825ef2480b6e52d3057eba277" type="org.openqa.selenium.ElementNotInteractableException"><![CDATA[org.openqa.selenium.ElementNotInteractableException: 
element not interactable
  (Session info: chrome=131.0.6778.109)
Build info: version: '4.26.0', revision: '8ccf0219d7'
System info: os.name: 'Windows 11', os.arch: 'amd64', os.version: '10.0', java.version: '21.0.5'
Driver info: org.openqa.selenium.chrome.ChromeDriver
Command: [cbb4eb6825ef2480b6e52d3057eba277, sendKeysToElement {value=[Ljava.lang.CharSequence;@757d15f8, id=f.1FF12536F1368006BC78AE3E7BE4817D.d.5DC8C67D75AAE821A18E8DB21021E15C.e.52}]
Capabilities {acceptInsecureCerts: false, browserName: chrome, browserVersion: 131.0.6778.109, chrome: {chromedriverVersion: 131.0.6778.87 (ce31cae94873..., userDataDir: C:\Users\vamsh\AppData\Loca...}, fedcm:accounts: true, goog:chromeOptions: {debuggerAddress: localhost:62532}, networkConnectionEnabled: false, pageLoadStrategy: normal, platformName: windows, proxy: Proxy(), se:cdp: ws://localhost:62532/devtoo..., se:cdpVersion: 131.0.6778.109, setWindowRect: true, strictFileInteractability: false, timeouts: {implicit: 0, pageLoad: 300000, script: 30000}, unhandledPromptBehavior: dismiss and notify, webauthn:extension:credBlob: true, webauthn:extension:largeBlob: true, webauthn:extension:minPinLength: true, webauthn:extension:prf: true, webauthn:virtualAuthenticators: true}
Element: [[ChromeDriver: chrome on windows (cbb4eb6825ef2480b6e52d3057eba277)] -> css selector: .CodeMirror textarea]
Session ID: cbb4eb6825ef2480b6e52d3057eba277
]]></failure>
    <system-out><![CDATA[
Scenario: Implementation in Python                                   &amp#27;[90m# src/test/resources/Features/Tree.feature:305&amp#27;[0m
  &amp#27;[32mGiven &amp#27;[0m&amp#27;[32mThe user is on the DS Introduction page as signedIn&amp#27;[0m     &amp#27;[90m# StepDefinitions.DSIntroductionDetails.the_user_is_on_the_ds_introduction_page_as_signed_in()&amp#27;[0m
  &amp#27;[32mAnd &amp#27;[0m&amp#27;[32mThe user clicks Try Here button&amp#27;[0m                                  &amp#27;[90m# StepDefinitions.Tree.the_user_clicks_try_here_button()&amp#27;[0m
  &amp#27;[31mAnd &amp#27;[0m&amp#27;[31mThe user writes the invalid python code and clicks on Run button&amp#27;[0m &amp#27;[90m# StepDefinitions.Tree.the_user_writes_the_invalid_python_code_and_clicks_on_run_button()&amp#27;[0m
      &amp#27;[31morg.openqa.selenium.ElementNotInteractableException: element not interactable
  (Session info: chrome=131.0.6778.109)
Build info: version: '4.26.0', revision: '8ccf0219d7'
System info: os.name: 'Windows 11', os.arch: 'amd64', os.version: '10.0', java.version: '21.0.5'
Driver info: org.openqa.selenium.chrome.ChromeDriver
Command: [cbb4eb6825ef2480b6e52d3057eba277, sendKeysToElement {value=[Ljava.lang.CharSequence;@757d15f8, id=f.1FF12536F1368006BC78AE3E7BE4817D.d.5DC8C67D75AAE821A18E8DB21021E15C.e.52}]
Capabilities {acceptInsecureCerts: false, browserName: chrome, browserVersion: 131.0.6778.109, chrome: {chromedriverVersion: 131.0.6778.87 (ce31cae94873..., userDataDir: C:\Users\vamsh\AppData\Loca...}, fedcm:accounts: true, goog:chromeOptions: {debuggerAddress: localhost:62532}, networkConnectionEnabled: false, pageLoadStrategy: normal, platformName: windows, proxy: Proxy(), se:cdp: ws://localhost:62532/devtoo..., se:cdpVersion: 131.0.6778.109, setWindowRect: true, strictFileInteractability: false, timeouts: {implicit: 0, pageLoad: 300000, script: 30000}, unhandledPromptBehavior: dismiss and notify, webauthn:extension:credBlob: true, webauthn:extension:largeBlob: true, webauthn:extension:minPinLength: true, webauthn:extension:prf: true, webauthn:virtualAuthenticators: true}
Element: [[ChromeDriver: chrome on windows (cbb4eb6825ef2480b6e52d3057eba277)] -> css selector: .CodeMirror textarea]
Session ID: cbb4eb6825ef2480b6e52d3057eba277
	at java.base/jdk.internal.reflect.DirectConstructorHandleAccessor.newInstance(DirectConstructorHandleAccessor.java:62)
	at java.base/java.lang.reflect.Constructor.newInstanceWithCaller(Constructor.java:502)
	at java.base/java.lang.reflect.Constructor.newInstance(Constructor.java:486)
	at org.openqa.selenium.remote.ErrorCodec.decode(ErrorCodec.java:167)
	at org.openqa.selenium.remote.codec.w3c.W3CHttpResponseCodec.decode(W3CHttpResponseCodec.java:138)
	at org.openqa.selenium.remote.codec.w3c.W3CHttpResponseCodec.decode(W3CHttpResponseCodec.java:50)
	at org.openqa.selenium.remote.HttpCommandExecutor.execute(HttpCommandExecutor.java:190)
	at org.openqa.selenium.remote.service.DriverCommandExecutor.invokeExecute(DriverCommandExecutor.java:216)
	at org.openqa.selenium.remote.service.DriverCommandExecutor.execute(DriverCommandExecutor.java:174)
	at org.openqa.selenium.remote.RemoteWebDriver.execute(RemoteWebDriver.java:545)
	at org.openqa.selenium.remote.RemoteWebElement.execute(RemoteWebElement.java:223)
	at org.openqa.selenium.remote.RemoteWebElement.sendKeys(RemoteWebElement.java:110)
	at PageObjects.TreePage.writeInTryEditorWindow(TreePage.java:357)
	at StepDefinitions.Tree.the_user_writes_the_invalid_python_code_and_clicks_on_run_button(Tree.java:96)
	at ✽.The user writes the invalid python code and clicks on Run button(file:///C:/Projects/Repo1/src/test/resources/Features/Tree.feature:294)
&amp#27;[0m
  &amp#27;[36mWhen &amp#27;[0m&amp#27;[36mThe user clicks the ok button in the alert window&amp#27;[0m               &amp#27;[90m# StepDefinitions.Tree.the_user_clicks_the_ok_button_in_the_alert_window()&amp#27;[0m
  &amp#27;[36mThen &amp#27;[0m&amp#27;[36mAlert message window is dismissed and user stays on Editor page&amp#27;[0m &amp#27;[90m# StepDefinitions.Tree.Alert_message_window_is_dismissed_and_user_stays_on_Editor_page()&amp#27;[0m
[ERROR] 2024-12-09 22:02:29.703 [TestNG-PoolService-1] Hooks - ======================  TEST CASE FAILED !! ======================

    Embedding screenshot [image/png 7853 bytes]

[INFO ] 2024-12-09 22:02:29.930 [TestNG-PoolService-1] Hooks - ======================  Screenshot is captured  ======================
  &amp#27;[32mAnd &amp#27;[0m&amp#27;[32mUser clicks on Get Started button from Tree panel&amp#27;[0m         &amp#27;[90m# StepDefinitions.Tree.user_clicks_on_get_started_button_from_tree_panel()&amp#27;[0m
[INFO ] 2024-12-09 22:02:29.951 [TestNG-PoolService-1] Hooks - ======================  Test Execution is completed!! ======================
]]></system-out>
    <system-err><![CDATA[Dec 09, 2024 10:02:30 PM org.openqa.selenium.devtools.CdpVersionFinder findNearestMatch
WARNING: Unable to find an exact match for CDP version 131, returning the closest version; found: 130; Please update to a Selenium version that supports CDP version 131
]]></system-err>
  </testcase>
  <testcase name="runScenario[&quot;Types of Binary Trees&quot;, &quot;Tree&quot;](179)" classname="TestRunners.TestRunner" time="0.869">
    <system-out><![CDATA[
Scenario: Try Here Editor page with empty code                               &amp#27;[90m# src/test/resources/Features/Tree.feature:311&amp#27;[0m
[INFO ] 2024-12-09 22:02:30.463 [TestNG-PoolService-3] Hooks - ======================  New Test Execution is STARTED!! ======================
  &amp#27;[32mGiven &amp#27;[0m&amp#27;[32mThe user is on the Types of Binary Trees page&amp#27;[0m           &amp#27;[90m# StepDefinitions.Tree.the_user_is_on_the_types_of_binary_trees_page()&amp#27;[0m
  &amp#27;[32mWhen &amp#27;[0m&amp#27;[32mThe user clicks Implementation in Python Trees link&amp#27;[0m      &amp#27;[90m# StepDefinitions.Tree.the_user_clicks_implementation_in_python_trees_link()&amp#27;[0m
  &amp#27;[32mThen &amp#27;[0m&amp#27;[32mThe user is redirected to Implementation in Python page.&amp#27;[0m &amp#27;[90m# StepDefinitions.Tree.the_user_is_redirected_to_implementation_in_python_page()&amp#27;[0m
[INFO ] 2024-12-09 22:02:30.897 [TestNG-PoolService-2] Hooks - ======================  Test Execution is completed!! ======================
]]></system-out>
  </testcase>
  <testcase name="runScenario[&quot;Types of Binary Trees&quot;, &quot;Tree&quot;](179)" classname="TestRunners.TestRunner" time="0.002"/>
  <testcase name="runScenario[&quot;Implementation in Python&quot;, &quot;Tree&quot;](180)" classname="TestRunners.TestRunner" time="4.267">
    <system-out><![CDATA[
Scenario: Try Here Editor page with valid data                        &amp#27;[90m# src/test/resources/Features/Tree.feature:318&amp#27;[0m
[INFO ] 2024-12-09 22:02:32.010 [TestNG-PoolService-1] Hooks - ======================  New Test Execution is STARTED!! ======================
[INFO ] 2024-12-09 22:02:32.830 [TestNG-PoolService-2] Hooks - ======================  New Test Execution is STARTED!! ======================
  &amp#27;[32mGiven &amp#27;[0m&amp#27;[32mThe user is on the DS Introduction page as signedIn&amp#27;[0m          &amp#27;[90m# StepDefinitions.DSIntroductionDetails.the_user_is_on_the_ds_introduction_page_as_signed_in()&amp#27;[0m
  &amp#27;[32mAnd &amp#27;[0m&amp#27;[32mUser clicks on Get Started button from Tree panel&amp#27;[0m              &amp#27;[90m# StepDefinitions.Tree.user_clicks_on_get_started_button_from_tree_panel()&amp#27;[0m
  &amp#27;[32mGiven &amp#27;[0m&amp#27;[32mThe user is on the Implementation in Python page&amp#27;[0m             &amp#27;[90m# StepDefinitions.Tree.the_user_is_on_the_implementation_in_python_page()&amp#27;[0m
  &amp#27;[32mGiven &amp#27;[0m&amp#27;[32mThe user is on the DS Introduction page as signedIn&amp#27;[0m                  &amp#27;[90m# StepDefinitions.DSIntroductionDetails.the_user_is_on_the_ds_introduction_page_as_signed_in()&amp#27;[0m
  &amp#27;[32mAnd &amp#27;[0m&amp#27;[32mUser clicks on Get Started button from Tree panel&amp#27;[0m                      &amp#27;[90m# StepDefinitions.Tree.user_clicks_on_get_started_button_from_tree_panel()&amp#27;[0m
  &amp#27;[32mGiven &amp#27;[0m&amp#27;[32mThe user is on the Implementation in Python page&amp#27;[0m                     &amp#27;[90m# StepDefinitions.Tree.the_user_is_on_the_implementation_in_python_page()&amp#27;[0m
  &amp#27;[32mWhen &amp#27;[0m&amp#27;[32mThe user clicks Try Here button&amp#27;[0m                               &amp#27;[90m# StepDefinitions.Tree.the_user_clicks_try_here_button()&amp#27;[0m
  &amp#27;[32mThen &amp#27;[0m&amp#27;[32mThe user is redirected to a page having Editor and run button&amp#27;[0m &amp#27;[90m# StepDefinitions.Tree.the_user_is_redirected_to_a_page_having_editor_and_run_button()&amp#27;[0m
[INFO ] 2024-12-09 22:02:35.221 [TestNG-PoolService-3] Hooks - ======================  Test Execution is completed!! ======================
]]></system-out>
    <system-err><![CDATA[Dec 09, 2024 10:02:31 PM org.openqa.selenium.devtools.CdpVersionFinder findNearestMatch
WARNING: Unable to find an exact match for CDP version 131, returning the closest version; found: 130; Please update to a Selenium version that supports CDP version 131
Dec 09, 2024 10:02:32 PM org.openqa.selenium.devtools.CdpVersionFinder findNearestMatch
WARNING: Unable to find an exact match for CDP version 131, returning the closest version; found: 130; Please update to a Selenium version that supports CDP version 131
]]></system-err>
  </testcase>
  <testcase name="runScenario[&quot;Implementation in Python&quot;, &quot;Tree&quot;](180)" classname="TestRunners.TestRunner" time="6.847">
    <system-out><![CDATA[
Scenario: Try Here Editor page with valid data                        &amp#27;[90m# src/test/resources/Features/Tree.feature:318&amp#27;[0m
  &amp#27;[32mGiven &amp#27;[0m&amp#27;[32mThe user is on the DS Introduction page as signedIn&amp#27;[0m          &amp#27;[90m# StepDefinitions.DSIntroductionDetails.the_user_is_on_the_ds_introduction_page_as_signed_in()&amp#27;[0m
[INFO ] 2024-12-09 22:28:05.528 [TestNG-PoolService-3] Hooks - ======================  New Test Execution is STARTED!! ======================
[INFO ] 2024-12-09 22:28:05.668 [TestNG-PoolService-2] Hooks - ======================  New Test Execution is STARTED!! ======================
  &amp#27;[32mAnd &amp#27;[0m&amp#27;[32mUser clicks on Get Started button from Tree panel&amp#27;[0m              &amp#27;[90m# StepDefinitions.Tree.user_clicks_on_get_started_button_from_tree_panel()&amp#27;[0m
  &amp#27;[32mGiven &amp#27;[0m&amp#27;[32mThe user is on the Implementation in Python page&amp#27;[0m             &amp#27;[90m# StepDefinitions.Tree.the_user_is_on_the_implementation_in_python_page()&amp#27;[0m
  &amp#27;[32mWhen &amp#27;[0m&amp#27;[32mThe user clicks Try Here button&amp#27;[0m                               &amp#27;[90m# StepDefinitions.Tree.the_user_clicks_try_here_button()&amp#27;[0m
  &amp#27;[32mThen &amp#27;[0m&amp#27;[32mThe user is redirected to a page having Editor and run button&amp#27;[0m &amp#27;[90m# StepDefinitions.Tree.the_user_is_redirected_to_a_page_having_editor_and_run_button()&amp#27;[0m
[INFO ] 2024-12-09 22:28:07.121 [TestNG-PoolService-1] Hooks - ======================  Test Execution is completed!! ======================
  &amp#27;[32mGiven &amp#27;[0m&amp#27;[32mThe user is on the DS Introduction page as signedIn&amp#27;[0m           &amp#27;[90m# StepDefinitions.DSIntroductionDetails.the_user_is_on_the_ds_introduction_page_as_signed_in()&amp#27;[0m
]]></system-out>
    <system-err><![CDATA[Dec 09, 2024 10:28:05 PM org.openqa.selenium.devtools.CdpVersionFinder findNearestMatch
WARNING: Unable to find an exact match for CDP version 131, returning the closest version; found: 130; Please update to a Selenium version that supports CDP version 131
Dec 09, 2024 10:28:05 PM org.openqa.selenium.devtools.CdpVersionFinder findNearestMatch
WARNING: Unable to find an exact match for CDP version 131, returning the closest version; found: 130; Please update to a Selenium version that supports CDP version 131
]]></system-err>
  </testcase>
  <testcase name="runScenario[&quot;Try Here Editor page with empty code&quot;, &quot;Tree&quot;](181)" classname="TestRunners.TestRunner" time="0.907">
    <failure message="element not interactable&#10;  (Session info: chrome=131.0.6778.109)&#10;Build info: version: &apos;4.26.0&apos;, revision: &apos;8ccf0219d7&apos;&#10;System info: os.name: &apos;Windows 11&apos;, os.arch: &apos;amd64&apos;, os.version: &apos;10.0&apos;, java.version: &apos;21.0.5&apos;&#10;Driver info: org.openqa.selenium.chrome.ChromeDriver&#10;Command: [c07f3209bae6980bcce8f26a05a93b41, sendKeysToElement {value=[Ljava.lang.CharSequence;@21c8170f, id=f.7B48B87449D8D538DABEA6905CB4BCDA.d.ADA9D1617F0AFDFE2F7B80188B50935A.e.53}]&#10;Capabilities {acceptInsecureCerts: false, browserName: chrome, browserVersion: 131.0.6778.109, chrome: {chromedriverVersion: 131.0.6778.87 (ce31cae94873..., userDataDir: C:\Users\vamsh\AppData\Loca...}, fedcm:accounts: true, goog:chromeOptions: {debuggerAddress: localhost:62612}, networkConnectionEnabled: false, pageLoadStrategy: normal, platformName: windows, proxy: Proxy(), se:cdp: ws://localhost:62612/devtoo..., se:cdpVersion: 131.0.6778.109, setWindowRect: true, strictFileInteractability: false, timeouts: {implicit: 0, pageLoad: 300000, script: 30000}, unhandledPromptBehavior: dismiss and notify, webauthn:extension:credBlob: true, webauthn:extension:largeBlob: true, webauthn:extension:minPinLength: true, webauthn:extension:prf: true, webauthn:virtualAuthenticators: true}&#10;Element: [[ChromeDriver: chrome on windows (c07f3209bae6980bcce8f26a05a93b41)] -&gt; css selector: .CodeMirror textarea]&#10;Session ID: c07f3209bae6980bcce8f26a05a93b41" type="org.openqa.selenium.ElementNotInteractableException"><![CDATA[org.openqa.selenium.ElementNotInteractableException: 
element not interactable
  (Session info: chrome=131.0.6778.109)
Build info: version: '4.26.0', revision: '8ccf0219d7'
System info: os.name: 'Windows 11', os.arch: 'amd64', os.version: '10.0', java.version: '21.0.5'
Driver info: org.openqa.selenium.chrome.ChromeDriver
Command: [c07f3209bae6980bcce8f26a05a93b41, sendKeysToElement {value=[Ljava.lang.CharSequence;@21c8170f, id=f.7B48B87449D8D538DABEA6905CB4BCDA.d.ADA9D1617F0AFDFE2F7B80188B50935A.e.53}]
Capabilities {acceptInsecureCerts: false, browserName: chrome, browserVersion: 131.0.6778.109, chrome: {chromedriverVersion: 131.0.6778.87 (ce31cae94873..., userDataDir: C:\Users\vamsh\AppData\Loca...}, fedcm:accounts: true, goog:chromeOptions: {debuggerAddress: localhost:62612}, networkConnectionEnabled: false, pageLoadStrategy: normal, platformName: windows, proxy: Proxy(), se:cdp: ws://localhost:62612/devtoo..., se:cdpVersion: 131.0.6778.109, setWindowRect: true, strictFileInteractability: false, timeouts: {implicit: 0, pageLoad: 300000, script: 30000}, unhandledPromptBehavior: dismiss and notify, webauthn:extension:credBlob: true, webauthn:extension:largeBlob: true, webauthn:extension:minPinLength: true, webauthn:extension:prf: true, webauthn:virtualAuthenticators: true}
Element: [[ChromeDriver: chrome on windows (c07f3209bae6980bcce8f26a05a93b41)] -> css selector: .CodeMirror textarea]
Session ID: c07f3209bae6980bcce8f26a05a93b41
]]></failure>
    <system-out><![CDATA[
Scenario: Try Here Editor page with invalid data                        &amp#27;[90m# src/test/resources/Features/Tree.feature:325&amp#27;[0m
  &amp#27;[32mAnd &amp#27;[0m&amp#27;[32mThe user clicks Try Here button&amp#27;[0m                                        &amp#27;[90m# StepDefinitions.Tree.the_user_clicks_try_here_button()&amp#27;[0m
  &amp#27;[31mWhen &amp#27;[0m&amp#27;[31mThe user writes no code inside editor window and clicks on Run button&amp#27;[0m &amp#27;[90m# StepDefinitions.Tree.the_user_writes_no_code_inside_editor_window_and_clicks_on_run_button()&amp#27;[0m
      &amp#27;[31morg.openqa.selenium.ElementNotInteractableException: element not interactable
  (Session info: chrome=131.0.6778.109)
Build info: version: '4.26.0', revision: '8ccf0219d7'
System info: os.name: 'Windows 11', os.arch: 'amd64', os.version: '10.0', java.version: '21.0.5'
Driver info: org.openqa.selenium.chrome.ChromeDriver
Command: [c07f3209bae6980bcce8f26a05a93b41, sendKeysToElement {value=[Ljava.lang.CharSequence;@21c8170f, id=f.7B48B87449D8D538DABEA6905CB4BCDA.d.ADA9D1617F0AFDFE2F7B80188B50935A.e.53}]
Capabilities {acceptInsecureCerts: false, browserName: chrome, browserVersion: 131.0.6778.109, chrome: {chromedriverVersion: 131.0.6778.87 (ce31cae94873..., userDataDir: C:\Users\vamsh\AppData\Loca...}, fedcm:accounts: true, goog:chromeOptions: {debuggerAddress: localhost:62612}, networkConnectionEnabled: false, pageLoadStrategy: normal, platformName: windows, proxy: Proxy(), se:cdp: ws://localhost:62612/devtoo..., se:cdpVersion: 131.0.6778.109, setWindowRect: true, strictFileInteractability: false, timeouts: {implicit: 0, pageLoad: 300000, script: 30000}, unhandledPromptBehavior: dismiss and notify, webauthn:extension:credBlob: true, webauthn:extension:largeBlob: true, webauthn:extension:minPinLength: true, webauthn:extension:prf: true, webauthn:virtualAuthenticators: true}
Element: [[ChromeDriver: chrome on windows (c07f3209bae6980bcce8f26a05a93b41)] -> css selector: .CodeMirror textarea]
Session ID: c07f3209bae6980bcce8f26a05a93b41
	at java.base/jdk.internal.reflect.DirectConstructorHandleAccessor.newInstance(DirectConstructorHandleAccessor.java:62)
	at java.base/java.lang.reflect.Constructor.newInstanceWithCaller(Constructor.java:502)
	at java.base/java.lang.reflect.Constructor.newInstance(Constructor.java:486)
	at org.openqa.selenium.remote.ErrorCodec.decode(ErrorCodec.java:167)
	at org.openqa.selenium.remote.codec.w3c.W3CHttpResponseCodec.decode(W3CHttpResponseCodec.java:138)
	at org.openqa.selenium.remote.codec.w3c.W3CHttpResponseCodec.decode(W3CHttpResponseCodec.java:50)
	at org.openqa.selenium.remote.HttpCommandExecutor.execute(HttpCommandExecutor.java:190)
	at org.openqa.selenium.remote.service.DriverCommandExecutor.invokeExecute(DriverCommandExecutor.java:216)
	at org.openqa.selenium.remote.service.DriverCommandExecutor.execute(DriverCommandExecutor.java:174)
	at org.openqa.selenium.remote.RemoteWebDriver.execute(RemoteWebDriver.java:545)
	at org.openqa.selenium.remote.RemoteWebElement.execute(RemoteWebElement.java:223)
	at org.openqa.selenium.remote.RemoteWebElement.sendKeys(RemoteWebElement.java:110)
	at PageObjects.TreePage.writeInTryEditorWindow(TreePage.java:357)
	at StepDefinitions.Tree.the_user_writes_no_code_inside_editor_window_and_clicks_on_run_button(Tree.java:73)
	at ✽.The user writes no code inside editor window and clicks on Run button(file:///C:/Projects/Repo1/src/test/resources/Features/Tree.feature:315)
&amp#27;[0m
  &amp#27;[36mThen &amp#27;[0m&amp#27;[36mNothing happens to the Editor page and no error message is displayed&amp#27;[0m  &amp#27;[90m# StepDefinitions.Tree.nothing_happens_to_the_editor_page_and_no_error_message_is_displayed()&amp#27;[0m
[ERROR] 2024-12-09 22:02:36.021 [TestNG-PoolService-1] Hooks - ======================  TEST CASE FAILED !! ======================
  &amp#27;[32mGiven &amp#27;[0m&amp#27;[32mThe user is on the DS Introduction page as signedIn&amp#27;[0m           &amp#27;[90m# StepDefinitions.DSIntroductionDetails.the_user_is_on_the_ds_introduction_page_as_signed_in()&amp#27;[0m

    Embedding screenshot [image/png 7853 bytes]

[INFO ] 2024-12-09 22:02:36.184 [TestNG-PoolService-1] Hooks - ======================  Screenshot is captured  ======================
[INFO ] 2024-12-09 22:02:36.187 [TestNG-PoolService-1] Hooks - ======================  Test Execution is completed!! ======================
  &amp#27;[32mAnd &amp#27;[0m&amp#27;[32mUser clicks on Get Started button from Tree panel&amp#27;[0m               &amp#27;[90m# StepDefinitions.Tree.user_clicks_on_get_started_button_from_tree_panel()&amp#27;[0m
]]></system-out>
  </testcase>
  <testcase name="runScenario[&quot;Try Here Editor page with empty code&quot;, &quot;Tree&quot;](181)" classname="TestRunners.TestRunner" time="11.541">
    <system-out><![CDATA[
Scenario: Try Here Editor page with invalid data                        &amp#27;[90m# src/test/resources/Features/Tree.feature:325&amp#27;[0m
[INFO ] 2024-12-09 22:16:10.423 [TestNG-PoolService-2] Hooks - ======================  New Test Execution is STARTED!! ======================
[INFO ] 2024-12-09 22:16:11.595 [TestNG-PoolService-3] Hooks - ======================  New Test Execution is STARTED!! ======================
[INFO ] 2024-12-09 22:16:12.383 [TestNG-PoolService-1] Hooks - ======================  New Test Execution is STARTED!! ======================
  &amp#27;[32mGiven &amp#27;[0m&amp#27;[32mThe user is on the DS Introduction page as signedIn&amp#27;[0m                  &amp#27;[90m# StepDefinitions.DSIntroductionDetails.the_user_is_on_the_ds_introduction_page_as_signed_in()&amp#27;[0m
  &amp#27;[32mAnd &amp#27;[0m&amp#27;[32mUser clicks on Get Started button from Tree panel&amp#27;[0m                      &amp#27;[90m# StepDefinitions.Tree.user_clicks_on_get_started_button_from_tree_panel()&amp#27;[0m
  &amp#27;[32mGiven &amp#27;[0m&amp#27;[32mThe user is on the Implementation in Python page&amp#27;[0m                     &amp#27;[90m# StepDefinitions.Tree.the_user_is_on_the_implementation_in_python_page()&amp#27;[0m
  &amp#27;[32mGiven &amp#27;[0m&amp#27;[32mThe user is on the DS Introduction page as signedIn&amp#27;[0m           &amp#27;[90m# StepDefinitions.DSIntroductionDetails.the_user_is_on_the_ds_introduction_page_as_signed_in()&amp#27;[0m
  &amp#27;[32mGiven &amp#27;[0m&amp#27;[32mThe user is on the DS Introduction page as signedIn&amp#27;[0m             &amp#27;[90m# StepDefinitions.DSIntroductionDetails.the_user_is_on_the_ds_introduction_page_as_signed_in()&amp#27;[0m
  &amp#27;[32mAnd &amp#27;[0m&amp#27;[32mUser clicks on Get Started button from Tree panel&amp#27;[0m               &amp#27;[90m# StepDefinitions.Tree.user_clicks_on_get_started_button_from_tree_panel()&amp#27;[0m
  &amp#27;[32mAnd &amp#27;[0m&amp#27;[32mUser clicks on Get Started button from Tree panel&amp#27;[0m                 &amp#27;[90m# StepDefinitions.Tree.user_clicks_on_get_started_button_from_tree_panel()&amp#27;[0m
  &amp#27;[32mGiven &amp#27;[0m&amp#27;[32mThe user is on the Implementation in Python page&amp#27;[0m              &amp#27;[90m# StepDefinitions.Tree.the_user_is_on_the_implementation_in_python_page()&amp#27;[0m
  &amp#27;[32mAnd &amp#27;[0m&amp#27;[32mThe user clicks Try Here button&amp#27;[0m                                        &amp#27;[90m# StepDefinitions.Tree.the_user_clicks_try_here_button()&amp#27;[0m
  &amp#27;[32mGiven &amp#27;[0m&amp#27;[32mThe user is on the Implementation in Python page&amp#27;[0m                &amp#27;[90m# StepDefinitions.Tree.the_user_is_on_the_implementation_in_python_page()&amp#27;[0m
  &amp#27;[32mWhen &amp#27;[0m&amp#27;[32mThe user writes no code inside editor window and clicks on Run button&amp#27;[0m &amp#27;[90m# StepDefinitions.Tree.the_user_writes_no_code_inside_editor_window_and_clicks_on_run_button()&amp#27;[0m
  &amp#27;[32mThen &amp#27;[0m&amp#27;[32mNothing happens to the Editor page and no error message is displayed&amp#27;[0m  &amp#27;[90m# StepDefinitions.Tree.nothing_happens_to_the_editor_page_and_no_error_message_is_displayed()&amp#27;[0m
[INFO ] 2024-12-09 22:16:15.847 [TestNG-PoolService-2] Hooks - ======================  Test Execution is completed!! ======================
  &amp#27;[32mAnd &amp#27;[0m&amp#27;[32mThe user clicks Try Here button&amp#27;[0m                                   &amp#27;[90m# StepDefinitions.Tree.the_user_clicks_try_here_button()&amp#27;[0m
  &amp#27;[32mAnd &amp#27;[0m&amp#27;[32mThe user clicks Try Here button&amp#27;[0m                                 &amp#27;[90m# StepDefinitions.Tree.the_user_clicks_try_here_button()&amp#27;[0m
  &amp#27;[32mWhen &amp#27;[0m&amp#27;[32mThe user writes the invalid python code and clicks on Run button&amp#27;[0m &amp#27;[90m# StepDefinitions.Tree.the_user_writes_the_invalid_python_code_and_clicks_on_run_button()&amp#27;[0m
  &amp#27;[32mThen &amp#27;[0m&amp#27;[32mThe user see error msg in alert window&amp#27;[0m                           &amp#27;[90m# StepDefinitions.Tree.the_user_see_error_msg_in_alert_window()&amp#27;[0m
[INFO ] 2024-12-09 22:16:16.886 [TestNG-PoolService-1] Hooks - ======================  Test Execution is completed!! ======================
  &amp#27;[32mWhen &amp#27;[0m&amp#27;[32mThe user writes the valid python code and clicks on Run button&amp#27;[0m &amp#27;[90m# StepDefinitions.Tree.the_user_writes_the_valid_python_code_and_clicks_on_run_button()&amp#27;[0m
  &amp#27;[32mThen &amp#27;[0m&amp#27;[32mThe user is able to see the output inside the console.&amp#27;[0m         &amp#27;[90m# StepDefinitions.Tree.the_user_is_able_to_see_the_output_inside_the_console()&amp#27;[0m
[INFO ] 2024-12-09 22:16:17.247 [TestNG-PoolService-3] Hooks - ======================  Test Execution is completed!! ======================
]]></system-out>
  </testcase>
  <testcase name="runScenario[&quot;Try Here Editor page with valid data&quot;, &quot;Tree&quot;](182)" classname="TestRunners.TestRunner" time="2.172">
    <failure message="element not interactable&#10;  (Session info: chrome=131.0.6778.109)&#10;Build info: version: &apos;4.26.0&apos;, revision: &apos;8ccf0219d7&apos;&#10;System info: os.name: &apos;Windows 11&apos;, os.arch: &apos;amd64&apos;, os.version: &apos;10.0&apos;, java.version: &apos;21.0.5&apos;&#10;Driver info: org.openqa.selenium.chrome.ChromeDriver&#10;Command: [b8eb5289fc416d6880ea6505b2733f0b, sendKeysToElement {value=[Ljava.lang.CharSequence;@15b77e47, id=f.11035860FE5A48A4549B8EFB8233DA01.d.9BFD522E264977E6FCD2F786FA57C5CF.e.50}]&#10;Capabilities {acceptInsecureCerts: false, browserName: chrome, browserVersion: 131.0.6778.109, chrome: {chromedriverVersion: 131.0.6778.87 (ce31cae94873..., userDataDir: C:\Users\vamsh\AppData\Loca...}, fedcm:accounts: true, goog:chromeOptions: {debuggerAddress: localhost:62628}, networkConnectionEnabled: false, pageLoadStrategy: normal, platformName: windows, proxy: Proxy(), se:cdp: ws://localhost:62628/devtoo..., se:cdpVersion: 131.0.6778.109, setWindowRect: true, strictFileInteractability: false, timeouts: {implicit: 0, pageLoad: 300000, script: 30000}, unhandledPromptBehavior: dismiss and notify, webauthn:extension:credBlob: true, webauthn:extension:largeBlob: true, webauthn:extension:minPinLength: true, webauthn:extension:prf: true, webauthn:virtualAuthenticators: true}&#10;Element: [[ChromeDriver: chrome on windows (b8eb5289fc416d6880ea6505b2733f0b)] -&gt; css selector: .CodeMirror textarea]&#10;Session ID: b8eb5289fc416d6880ea6505b2733f0b" type="org.openqa.selenium.ElementNotInteractableException"><![CDATA[org.openqa.selenium.ElementNotInteractableException: 
element not interactable
  (Session info: chrome=131.0.6778.109)
Build info: version: '4.26.0', revision: '8ccf0219d7'
System info: os.name: 'Windows 11', os.arch: 'amd64', os.version: '10.0', java.version: '21.0.5'
Driver info: org.openqa.selenium.chrome.ChromeDriver
Command: [b8eb5289fc416d6880ea6505b2733f0b, sendKeysToElement {value=[Ljava.lang.CharSequence;@15b77e47, id=f.11035860FE5A48A4549B8EFB8233DA01.d.9BFD522E264977E6FCD2F786FA57C5CF.e.50}]
Capabilities {acceptInsecureCerts: false, browserName: chrome, browserVersion: 131.0.6778.109, chrome: {chromedriverVersion: 131.0.6778.87 (ce31cae94873..., userDataDir: C:\Users\vamsh\AppData\Loca...}, fedcm:accounts: true, goog:chromeOptions: {debuggerAddress: localhost:62628}, networkConnectionEnabled: false, pageLoadStrategy: normal, platformName: windows, proxy: Proxy(), se:cdp: ws://localhost:62628/devtoo..., se:cdpVersion: 131.0.6778.109, setWindowRect: true, strictFileInteractability: false, timeouts: {implicit: 0, pageLoad: 300000, script: 30000}, unhandledPromptBehavior: dismiss and notify, webauthn:extension:credBlob: true, webauthn:extension:largeBlob: true, webauthn:extension:minPinLength: true, webauthn:extension:prf: true, webauthn:virtualAuthenticators: true}
Element: [[ChromeDriver: chrome on windows (b8eb5289fc416d6880ea6505b2733f0b)] -> css selector: .CodeMirror textarea]
Session ID: b8eb5289fc416d6880ea6505b2733f0b
]]></failure>
    <system-out><![CDATA[
Scenario: Try Here Editor page with alert message                      &amp#27;[90m# src/test/resources/Features/Tree.feature:332&amp#27;[0m
[INFO ] 2024-12-09 22:02:37.032 [TestNG-PoolService-3] Hooks - ======================  New Test Execution is STARTED!! ======================
  &amp#27;[32mGiven &amp#27;[0m&amp#27;[32mThe user is on the Implementation in Python page&amp#27;[0m              &amp#27;[90m# StepDefinitions.Tree.the_user_is_on_the_implementation_in_python_page()&amp#27;[0m
  &amp#27;[32mAnd &amp#27;[0m&amp#27;[32mThe user clicks Try Here button&amp#27;[0m                                 &amp#27;[90m# StepDefinitions.Tree.the_user_clicks_try_here_button()&amp#27;[0m
  &amp#27;[31mWhen &amp#27;[0m&amp#27;[31mThe user writes the valid python code and clicks on Run button&amp#27;[0m &amp#27;[90m# StepDefinitions.Tree.the_user_writes_the_valid_python_code_and_clicks_on_run_button()&amp#27;[0m
      &amp#27;[31morg.openqa.selenium.ElementNotInteractableException: element not interactable
  (Session info: chrome=131.0.6778.109)
Build info: version: '4.26.0', revision: '8ccf0219d7'
System info: os.name: 'Windows 11', os.arch: 'amd64', os.version: '10.0', java.version: '21.0.5'
Driver info: org.openqa.selenium.chrome.ChromeDriver
Command: [b8eb5289fc416d6880ea6505b2733f0b, sendKeysToElement {value=[Ljava.lang.CharSequence;@15b77e47, id=f.11035860FE5A48A4549B8EFB8233DA01.d.9BFD522E264977E6FCD2F786FA57C5CF.e.50}]
Capabilities {acceptInsecureCerts: false, browserName: chrome, browserVersion: 131.0.6778.109, chrome: {chromedriverVersion: 131.0.6778.87 (ce31cae94873..., userDataDir: C:\Users\vamsh\AppData\Loca...}, fedcm:accounts: true, goog:chromeOptions: {debuggerAddress: localhost:62628}, networkConnectionEnabled: false, pageLoadStrategy: normal, platformName: windows, proxy: Proxy(), se:cdp: ws://localhost:62628/devtoo..., se:cdpVersion: 131.0.6778.109, setWindowRect: true, strictFileInteractability: false, timeouts: {implicit: 0, pageLoad: 300000, script: 30000}, unhandledPromptBehavior: dismiss and notify, webauthn:extension:credBlob: true, webauthn:extension:largeBlob: true, webauthn:extension:minPinLength: true, webauthn:extension:prf: true, webauthn:virtualAuthenticators: true}
Element: [[ChromeDriver: chrome on windows (b8eb5289fc416d6880ea6505b2733f0b)] -> css selector: .CodeMirror textarea]
Session ID: b8eb5289fc416d6880ea6505b2733f0b
	at java.base/jdk.internal.reflect.DirectConstructorHandleAccessor.newInstance(DirectConstructorHandleAccessor.java:62)
	at java.base/java.lang.reflect.Constructor.newInstanceWithCaller(Constructor.java:502)
	at java.base/java.lang.reflect.Constructor.newInstance(Constructor.java:486)
	at org.openqa.selenium.remote.ErrorCodec.decode(ErrorCodec.java:167)
	at org.openqa.selenium.remote.codec.w3c.W3CHttpResponseCodec.decode(W3CHttpResponseCodec.java:138)
	at org.openqa.selenium.remote.codec.w3c.W3CHttpResponseCodec.decode(W3CHttpResponseCodec.java:50)
	at org.openqa.selenium.remote.HttpCommandExecutor.execute(HttpCommandExecutor.java:190)
	at org.openqa.selenium.remote.service.DriverCommandExecutor.invokeExecute(DriverCommandExecutor.java:216)
	at org.openqa.selenium.remote.service.DriverCommandExecutor.execute(DriverCommandExecutor.java:174)
	at org.openqa.selenium.remote.RemoteWebDriver.execute(RemoteWebDriver.java:545)
	at org.openqa.selenium.remote.RemoteWebElement.execute(RemoteWebElement.java:223)
	at org.openqa.selenium.remote.RemoteWebElement.sendKeys(RemoteWebElement.java:110)
	at PageObjects.TreePage.writeInTryEditorWindow(TreePage.java:357)
	at StepDefinitions.Tree.the_user_writes_the_valid_python_code_and_clicks_on_run_button(Tree.java:85)
	at ✽.The user writes the valid python code and clicks on Run button(file:///C:/Projects/Repo1/src/test/resources/Features/Tree.feature:322)
&amp#27;[0m
  &amp#27;[36mThen &amp#27;[0m&amp#27;[36mThe user is able to see the output inside the console.&amp#27;[0m         &amp#27;[90m# StepDefinitions.Tree.the_user_is_able_to_see_the_output_inside_the_console()&amp#27;[0m
[ERROR] 2024-12-09 22:02:38.003 [TestNG-PoolService-2] Hooks - ======================  TEST CASE FAILED !! ======================
[INFO ] 2024-12-09 22:02:38.174 [TestNG-PoolService-1] Hooks - ======================  New Test Execution is STARTED!! ======================

    Embedding screenshot [image/png 7853 bytes]

[INFO ] 2024-12-09 22:02:38.284 [TestNG-PoolService-2] Hooks - ======================  Screenshot is captured  ======================
[INFO ] 2024-12-09 22:02:38.286 [TestNG-PoolService-2] Hooks - ======================  Test Execution is completed!! ======================
]]></system-out>
    <system-err><![CDATA[Dec 09, 2024 10:02:36 PM org.openqa.selenium.devtools.CdpVersionFinder findNearestMatch
WARNING: Unable to find an exact match for CDP version 131, returning the closest version; found: 130; Please update to a Selenium version that supports CDP version 131
Dec 09, 2024 10:02:38 PM org.openqa.selenium.devtools.CdpVersionFinder findNearestMatch
WARNING: Unable to find an exact match for CDP version 131, returning the closest version; found: 130; Please update to a Selenium version that supports CDP version 131
]]></system-err>
  </testcase>
  <testcase name="runScenario[&quot;Try Here Editor page with invalid data&quot;, &quot;Tree&quot;](183)" classname="TestRunners.TestRunner" time="4.056">
    <failure message="element not interactable&#10;  (Session info: chrome=131.0.6778.109)&#10;Build info: version: &apos;4.26.0&apos;, revision: &apos;8ccf0219d7&apos;&#10;System info: os.name: &apos;Windows 11&apos;, os.arch: &apos;amd64&apos;, os.version: &apos;10.0&apos;, java.version: &apos;21.0.5&apos;&#10;Driver info: org.openqa.selenium.chrome.ChromeDriver&#10;Command: [32c5a5c35cb0bb8d41e1a1b9dfd67adf, sendKeysToElement {value=[Ljava.lang.CharSequence;@5a30b82b, id=f.76063C9B4020EB263D959FA0F78390AF.d.060BA37631AD1D83E9B79833FBB57F57.e.52}]&#10;Capabilities {acceptInsecureCerts: false, browserName: chrome, browserVersion: 131.0.6778.109, chrome: {chromedriverVersion: 131.0.6778.87 (ce31cae94873..., userDataDir: C:\Users\vamsh\AppData\Loca...}, fedcm:accounts: true, goog:chromeOptions: {debuggerAddress: localhost:62678}, networkConnectionEnabled: false, pageLoadStrategy: normal, platformName: windows, proxy: Proxy(), se:cdp: ws://localhost:62678/devtoo..., se:cdpVersion: 131.0.6778.109, setWindowRect: true, strictFileInteractability: false, timeouts: {implicit: 0, pageLoad: 300000, script: 30000}, unhandledPromptBehavior: dismiss and notify, webauthn:extension:credBlob: true, webauthn:extension:largeBlob: true, webauthn:extension:minPinLength: true, webauthn:extension:prf: true, webauthn:virtualAuthenticators: true}&#10;Element: [[ChromeDriver: chrome on windows (32c5a5c35cb0bb8d41e1a1b9dfd67adf)] -&gt; css selector: .CodeMirror textarea]&#10;Session ID: 32c5a5c35cb0bb8d41e1a1b9dfd67adf" type="org.openqa.selenium.ElementNotInteractableException"><![CDATA[org.openqa.selenium.ElementNotInteractableException: 
element not interactable
  (Session info: chrome=131.0.6778.109)
Build info: version: '4.26.0', revision: '8ccf0219d7'
System info: os.name: 'Windows 11', os.arch: 'amd64', os.version: '10.0', java.version: '21.0.5'
Driver info: org.openqa.selenium.chrome.ChromeDriver
Command: [32c5a5c35cb0bb8d41e1a1b9dfd67adf, sendKeysToElement {value=[Ljava.lang.CharSequence;@5a30b82b, id=f.76063C9B4020EB263D959FA0F78390AF.d.060BA37631AD1D83E9B79833FBB57F57.e.52}]
Capabilities {acceptInsecureCerts: false, browserName: chrome, browserVersion: 131.0.6778.109, chrome: {chromedriverVersion: 131.0.6778.87 (ce31cae94873..., userDataDir: C:\Users\vamsh\AppData\Loca...}, fedcm:accounts: true, goog:chromeOptions: {debuggerAddress: localhost:62678}, networkConnectionEnabled: false, pageLoadStrategy: normal, platformName: windows, proxy: Proxy(), se:cdp: ws://localhost:62678/devtoo..., se:cdpVersion: 131.0.6778.109, setWindowRect: true, strictFileInteractability: false, timeouts: {implicit: 0, pageLoad: 300000, script: 30000}, unhandledPromptBehavior: dismiss and notify, webauthn:extension:credBlob: true, webauthn:extension:largeBlob: true, webauthn:extension:minPinLength: true, webauthn:extension:prf: true, webauthn:virtualAuthenticators: true}
Element: [[ChromeDriver: chrome on windows (32c5a5c35cb0bb8d41e1a1b9dfd67adf)] -> css selector: .CodeMirror textarea]
Session ID: 32c5a5c35cb0bb8d41e1a1b9dfd67adf
]]></failure>
    <system-out><![CDATA[
Scenario: Implementation in Python                            &amp#27;[90m# src/test/resources/Features/Tree.feature:340&amp#27;[0m
[INFO ] 2024-12-09 22:02:40.153 [TestNG-PoolService-2] Hooks - ======================  New Test Execution is STARTED!! ======================
  &amp#27;[32mGiven &amp#27;[0m&amp#27;[32mThe user is on the DS Introduction page as signedIn&amp#27;[0m             &amp#27;[90m# StepDefinitions.DSIntroductionDetails.the_user_is_on_the_ds_introduction_page_as_signed_in()&amp#27;[0m
  &amp#27;[32mAnd &amp#27;[0m&amp#27;[32mUser clicks on Get Started button from Tree panel&amp#27;[0m                 &amp#27;[90m# StepDefinitions.Tree.user_clicks_on_get_started_button_from_tree_panel()&amp#27;[0m
  &amp#27;[32mGiven &amp#27;[0m&amp#27;[32mThe user is on the DS Introduction page as signedIn&amp#27;[0m            &amp#27;[90m# StepDefinitions.DSIntroductionDetails.the_user_is_on_the_ds_introduction_page_as_signed_in()&amp#27;[0m
  &amp#27;[32mGiven &amp#27;[0m&amp#27;[32mThe user is on the Implementation in Python page&amp#27;[0m                &amp#27;[90m# StepDefinitions.Tree.the_user_is_on_the_implementation_in_python_page()&amp#27;[0m
  &amp#27;[32mAnd &amp#27;[0m&amp#27;[32mUser clicks on Get Started button from Tree panel&amp#27;[0m                &amp#27;[90m# StepDefinitions.Tree.user_clicks_on_get_started_button_from_tree_panel()&amp#27;[0m
  &amp#27;[32mGiven &amp#27;[0m&amp#27;[32mThe user is on the Implementation in Python page&amp#27;[0m               &amp#27;[90m# StepDefinitions.Tree.the_user_is_on_the_implementation_in_python_page()&amp#27;[0m
  &amp#27;[32mAnd &amp#27;[0m&amp#27;[32mThe user clicks Try Here button&amp#27;[0m                                   &amp#27;[90m# StepDefinitions.Tree.the_user_clicks_try_here_button()&amp#27;[0m
  &amp#27;[31mWhen &amp#27;[0m&amp#27;[31mThe user writes the invalid python code and clicks on Run button&amp#27;[0m &amp#27;[90m# StepDefinitions.Tree.the_user_writes_the_invalid_python_code_and_clicks_on_run_button()&amp#27;[0m
      &amp#27;[31morg.openqa.selenium.ElementNotInteractableException: element not interactable
  (Session info: chrome=131.0.6778.109)
Build info: version: '4.26.0', revision: '8ccf0219d7'
System info: os.name: 'Windows 11', os.arch: 'amd64', os.version: '10.0', java.version: '21.0.5'
Driver info: org.openqa.selenium.chrome.ChromeDriver
Command: [32c5a5c35cb0bb8d41e1a1b9dfd67adf, sendKeysToElement {value=[Ljava.lang.CharSequence;@5a30b82b, id=f.76063C9B4020EB263D959FA0F78390AF.d.060BA37631AD1D83E9B79833FBB57F57.e.52}]
Capabilities {acceptInsecureCerts: false, browserName: chrome, browserVersion: 131.0.6778.109, chrome: {chromedriverVersion: 131.0.6778.87 (ce31cae94873..., userDataDir: C:\Users\vamsh\AppData\Loca...}, fedcm:accounts: true, goog:chromeOptions: {debuggerAddress: localhost:62678}, networkConnectionEnabled: false, pageLoadStrategy: normal, platformName: windows, proxy: Proxy(), se:cdp: ws://localhost:62678/devtoo..., se:cdpVersion: 131.0.6778.109, setWindowRect: true, strictFileInteractability: false, timeouts: {implicit: 0, pageLoad: 300000, script: 30000}, unhandledPromptBehavior: dismiss and notify, webauthn:extension:credBlob: true, webauthn:extension:largeBlob: true, webauthn:extension:minPinLength: true, webauthn:extension:prf: true, webauthn:virtualAuthenticators: true}
Element: [[ChromeDriver: chrome on windows (32c5a5c35cb0bb8d41e1a1b9dfd67adf)] -> css selector: .CodeMirror textarea]
Session ID: 32c5a5c35cb0bb8d41e1a1b9dfd67adf
	at java.base/jdk.internal.reflect.DirectConstructorHandleAccessor.newInstance(DirectConstructorHandleAccessor.java:62)
	at java.base/java.lang.reflect.Constructor.newInstanceWithCaller(Constructor.java:502)
	at java.base/java.lang.reflect.Constructor.newInstance(Constructor.java:486)
	at org.openqa.selenium.remote.ErrorCodec.decode(ErrorCodec.java:167)
	at org.openqa.selenium.remote.codec.w3c.W3CHttpResponseCodec.decode(W3CHttpResponseCodec.java:138)
	at org.openqa.selenium.remote.codec.w3c.W3CHttpResponseCodec.decode(W3CHttpResponseCodec.java:50)
	at org.openqa.selenium.remote.HttpCommandExecutor.execute(HttpCommandExecutor.java:190)
	at org.openqa.selenium.remote.service.DriverCommandExecutor.invokeExecute(DriverCommandExecutor.java:216)
	at org.openqa.selenium.remote.service.DriverCommandExecutor.execute(DriverCommandExecutor.java:174)
	at org.openqa.selenium.remote.RemoteWebDriver.execute(RemoteWebDriver.java:545)
	at org.openqa.selenium.remote.RemoteWebElement.execute(RemoteWebElement.java:223)
	at org.openqa.selenium.remote.RemoteWebElement.sendKeys(RemoteWebElement.java:110)
	at PageObjects.TreePage.writeInTryEditorWindow(TreePage.java:357)
	at StepDefinitions.Tree.the_user_writes_the_invalid_python_code_and_clicks_on_run_button(Tree.java:96)
	at ✽.The user writes the invalid python code and clicks on Run button(file:///C:/Projects/Repo1/src/test/resources/Features/Tree.feature:329)
&amp#27;[0m
  &amp#27;[36mThen &amp#27;[0m&amp#27;[36mThe user see error msg in alert window&amp#27;[0m                           &amp#27;[90m# StepDefinitions.Tree.the_user_see_error_msg_in_alert_window()&amp#27;[0m
[ERROR] 2024-12-09 22:02:41.901 [TestNG-PoolService-3] Hooks - ======================  TEST CASE FAILED !! ======================

    Embedding screenshot [image/png 7853 bytes]

[INFO ] 2024-12-09 22:02:42.103 [TestNG-PoolService-3] Hooks - ======================  Screenshot is captured  ======================
[INFO ] 2024-12-09 22:02:42.106 [TestNG-PoolService-3] Hooks - ======================  Test Execution is completed!! ======================
  &amp#27;[32mAnd &amp#27;[0m&amp#27;[32mThe user clicks Try Here button&amp#27;[0m                                  &amp#27;[90m# StepDefinitions.Tree.the_user_clicks_try_here_button()&amp#27;[0m
  &amp#27;[31mAnd &amp#27;[0m&amp#27;[31mThe user writes the invalid python code and clicks on Run button&amp#27;[0m &amp#27;[90m# StepDefinitions.Tree.the_user_writes_the_invalid_python_code_and_clicks_on_run_button()&amp#27;[0m
      &amp#27;[31morg.openqa.selenium.ElementNotInteractableException: element not interactable
  (Session info: chrome=131.0.6778.109)
Build info: version: '4.26.0', revision: '8ccf0219d7'
System info: os.name: 'Windows 11', os.arch: 'amd64', os.version: '10.0', java.version: '21.0.5'
Driver info: org.openqa.selenium.chrome.ChromeDriver
Command: [4811c6f0adcb8a2d226f12c26d3d0cdb, sendKeysToElement {value=[Ljava.lang.CharSequence;@74b9fb51, id=f.7841387F599B1AFDF2FDD8112458CDEB.d.66BDE7CE6A2B0AEAE3A02253CE4E0EEC.e.51}]
Capabilities {acceptInsecureCerts: false, browserName: chrome, browserVersion: 131.0.6778.109, chrome: {chromedriverVersion: 131.0.6778.87 (ce31cae94873..., userDataDir: C:\Users\vamsh\AppData\Loca...}, fedcm:accounts: true, goog:chromeOptions: {debuggerAddress: localhost:62696}, networkConnectionEnabled: false, pageLoadStrategy: normal, platformName: windows, proxy: Proxy(), se:cdp: ws://localhost:62696/devtoo..., se:cdpVersion: 131.0.6778.109, setWindowRect: true, strictFileInteractability: false, timeouts: {implicit: 0, pageLoad: 300000, script: 30000}, unhandledPromptBehavior: dismiss and notify, webauthn:extension:credBlob: true, webauthn:extension:largeBlob: true, webauthn:extension:minPinLength: true, webauthn:extension:prf: true, webauthn:virtualAuthenticators: true}
Element: [[ChromeDriver: chrome on windows (4811c6f0adcb8a2d226f12c26d3d0cdb)] -> css selector: .CodeMirror textarea]
Session ID: 4811c6f0adcb8a2d226f12c26d3d0cdb
	at java.base/jdk.internal.reflect.DirectConstructorHandleAccessor.newInstance(DirectConstructorHandleAccessor.java:62)
	at java.base/java.lang.reflect.Constructor.newInstanceWithCaller(Constructor.java:502)
	at java.base/java.lang.reflect.Constructor.newInstance(Constructor.java:486)
	at org.openqa.selenium.remote.ErrorCodec.decode(ErrorCodec.java:167)
	at org.openqa.selenium.remote.codec.w3c.W3CHttpResponseCodec.decode(W3CHttpResponseCodec.java:138)
	at org.openqa.selenium.remote.codec.w3c.W3CHttpResponseCodec.decode(W3CHttpResponseCodec.java:50)
	at org.openqa.selenium.remote.HttpCommandExecutor.execute(HttpCommandExecutor.java:190)
	at org.openqa.selenium.remote.service.DriverCommandExecutor.invokeExecute(DriverCommandExecutor.java:216)
	at org.openqa.selenium.remote.service.DriverCommandExecutor.execute(DriverCommandExecutor.java:174)
	at org.openqa.selenium.remote.RemoteWebDriver.execute(RemoteWebDriver.java:545)
	at org.openqa.selenium.remote.RemoteWebElement.execute(RemoteWebElement.java:223)
	at org.openqa.selenium.remote.RemoteWebElement.sendKeys(RemoteWebElement.java:110)
	at PageObjects.TreePage.writeInTryEditorWindow(TreePage.java:357)
	at StepDefinitions.Tree.the_user_writes_the_invalid_python_code_and_clicks_on_run_button(Tree.java:96)
	at ✽.The user writes the invalid python code and clicks on Run button(file:///C:/Projects/Repo1/src/test/resources/Features/Tree.feature:336)
&amp#27;[0m
  &amp#27;[36mWhen &amp#27;[0m&amp#27;[36mThe user clicks the ok button in the alert window&amp#27;[0m               &amp#27;[90m# StepDefinitions.Tree.the_user_clicks_the_ok_button_in_the_alert_window()&amp#27;[0m
  &amp#27;[36mThen &amp#27;[0m&amp#27;[36mAlert message window is dismissed and user stays on Editor page&amp#27;[0m &amp#27;[90m# StepDefinitions.Tree.Alert_message_window_is_dismissed_and_user_stays_on_Editor_page()&amp#27;[0m
[ERROR] 2024-12-09 22:02:42.474 [TestNG-PoolService-1] Hooks - ======================  TEST CASE FAILED !! ======================
]]></system-out>
    <system-err><![CDATA[Dec 09, 2024 10:02:40 PM org.openqa.selenium.devtools.CdpVersionFinder findNearestMatch
WARNING: Unable to find an exact match for CDP version 131, returning the closest version; found: 130; Please update to a Selenium version that supports CDP version 131
]]></system-err>
  </testcase>
  <testcase name="runScenario[&quot;Try Here Editor page with invalid data&quot;, &quot;Tree&quot;](183)" classname="TestRunners.TestRunner" time="4.839">
    <failure message="element not interactable&#10;  (Session info: MicrosoftEdge=131.0.2903.86)&#10;Build info: version: &apos;4.26.0&apos;, revision: &apos;8ccf0219d7&apos;&#10;System info: os.name: &apos;Windows 11&apos;, os.arch: &apos;amd64&apos;, os.version: &apos;10.0&apos;, java.version: &apos;21.0.5&apos;&#10;Driver info: org.openqa.selenium.edge.EdgeDriver&#10;Command: [c460d5d6cbdd98fdcbf0b603664a4e7e, sendKeysToElement {value=[Ljava.lang.CharSequence;@15692c9c, id=f.395E0836BB6A7313321FCD6390AE1AD1.d.B4D23FF58F9ADD5F362AEA2636740B1F.e.39}]&#10;Capabilities {acceptInsecureCerts: false, browserName: MicrosoftEdge, browserVersion: 131.0.2903.86, fedcm:accounts: true, ms:edgeOptions: {debuggerAddress: localhost:50702}, msedge: {msedgedriverVersion: 131.0.2903.86 (cf5bf303997c..., userDataDir: C:\Users\vamsh\AppData\Loca...}, networkConnectionEnabled: false, pageLoadStrategy: normal, platformName: windows, proxy: Proxy(), se:cdp: ws://localhost:50702/devtoo..., se:cdpVersion: 131.0.2903.86, setWindowRect: true, strictFileInteractability: false, timeouts: {implicit: 0, pageLoad: 300000, script: 30000}, unhandledPromptBehavior: dismiss and notify, webauthn:extension:credBlob: true, webauthn:extension:largeBlob: true, webauthn:extension:minPinLength: true, webauthn:extension:prf: true, webauthn:virtualAuthenticators: true}&#10;Element: [[EdgeDriver: MicrosoftEdge on windows (c460d5d6cbdd98fdcbf0b603664a4e7e)] -&gt; css selector: .CodeMirror textarea]&#10;Session ID: c460d5d6cbdd98fdcbf0b603664a4e7e" type="org.openqa.selenium.ElementNotInteractableException"><![CDATA[org.openqa.selenium.ElementNotInteractableException: 
element not interactable
  (Session info: MicrosoftEdge=131.0.2903.86)
Build info: version: '4.26.0', revision: '8ccf0219d7'
System info: os.name: 'Windows 11', os.arch: 'amd64', os.version: '10.0', java.version: '21.0.5'
Driver info: org.openqa.selenium.edge.EdgeDriver
Command: [c460d5d6cbdd98fdcbf0b603664a4e7e, sendKeysToElement {value=[Ljava.lang.CharSequence;@15692c9c, id=f.395E0836BB6A7313321FCD6390AE1AD1.d.B4D23FF58F9ADD5F362AEA2636740B1F.e.39}]
Capabilities {acceptInsecureCerts: false, browserName: MicrosoftEdge, browserVersion: 131.0.2903.86, fedcm:accounts: true, ms:edgeOptions: {debuggerAddress: localhost:50702}, msedge: {msedgedriverVersion: 131.0.2903.86 (cf5bf303997c..., userDataDir: C:\Users\vamsh\AppData\Loca...}, networkConnectionEnabled: false, pageLoadStrategy: normal, platformName: windows, proxy: Proxy(), se:cdp: ws://localhost:50702/devtoo..., se:cdpVersion: 131.0.2903.86, setWindowRect: true, strictFileInteractability: false, timeouts: {implicit: 0, pageLoad: 300000, script: 30000}, unhandledPromptBehavior: dismiss and notify, webauthn:extension:credBlob: true, webauthn:extension:largeBlob: true, webauthn:extension:minPinLength: true, webauthn:extension:prf: true, webauthn:virtualAuthenticators: true}
Element: [[EdgeDriver: MicrosoftEdge on windows (c460d5d6cbdd98fdcbf0b603664a4e7e)] -> css selector: .CodeMirror textarea]
Session ID: c460d5d6cbdd98fdcbf0b603664a4e7e
]]></failure>
    <system-out><![CDATA[
Scenario: Implementation in Python                            &amp#27;[90m# src/test/resources/Features/Tree.feature:340&amp#27;[0m
  &amp#27;[32mGiven &amp#27;[0m&amp#27;[32mThe user is on the DS Introduction page as signedIn&amp#27;[0m             &amp#27;[90m# StepDefinitions.DSIntroductionDetails.the_user_is_on_the_ds_introduction_page_as_signed_in()&amp#27;[0m
  &amp#27;[32mAnd &amp#27;[0m&amp#27;[32mUser clicks on Get Started button from Tree panel&amp#27;[0m                 &amp#27;[90m# StepDefinitions.Tree.user_clicks_on_get_started_button_from_tree_panel()&amp#27;[0m
  &amp#27;[32mGiven &amp#27;[0m&amp#27;[32mThe user is on the Implementation in Python page&amp#27;[0m                &amp#27;[90m# StepDefinitions.Tree.the_user_is_on_the_implementation_in_python_page()&amp#27;[0m
  &amp#27;[32mAnd &amp#27;[0m&amp#27;[32mThe user clicks Try Here button&amp#27;[0m                                   &amp#27;[90m# StepDefinitions.Tree.the_user_clicks_try_here_button()&amp#27;[0m
[INFO ] 2024-12-09 22:28:15.337 [TestNG-PoolService-3] Hooks - ======================  New Test Execution is STARTED!! ======================
  &amp#27;[31mWhen &amp#27;[0m&amp#27;[31mThe user writes the invalid python code and clicks on Run button&amp#27;[0m &amp#27;[90m# StepDefinitions.Tree.the_user_writes_the_invalid_python_code_and_clicks_on_run_button()&amp#27;[0m
      &amp#27;[31morg.openqa.selenium.ElementNotInteractableException: element not interactable
  (Session info: MicrosoftEdge=131.0.2903.86)
Build info: version: '4.26.0', revision: '8ccf0219d7'
System info: os.name: 'Windows 11', os.arch: 'amd64', os.version: '10.0', java.version: '21.0.5'
Driver info: org.openqa.selenium.edge.EdgeDriver
Command: [c460d5d6cbdd98fdcbf0b603664a4e7e, sendKeysToElement {value=[Ljava.lang.CharSequence;@15692c9c, id=f.395E0836BB6A7313321FCD6390AE1AD1.d.B4D23FF58F9ADD5F362AEA2636740B1F.e.39}]
Capabilities {acceptInsecureCerts: false, browserName: MicrosoftEdge, browserVersion: 131.0.2903.86, fedcm:accounts: true, ms:edgeOptions: {debuggerAddress: localhost:50702}, msedge: {msedgedriverVersion: 131.0.2903.86 (cf5bf303997c..., userDataDir: C:\Users\vamsh\AppData\Loca...}, networkConnectionEnabled: false, pageLoadStrategy: normal, platformName: windows, proxy: Proxy(), se:cdp: ws://localhost:50702/devtoo..., se:cdpVersion: 131.0.2903.86, setWindowRect: true, strictFileInteractability: false, timeouts: {implicit: 0, pageLoad: 300000, script: 30000}, unhandledPromptBehavior: dismiss and notify, webauthn:extension:credBlob: true, webauthn:extension:largeBlob: true, webauthn:extension:minPinLength: true, webauthn:extension:prf: true, webauthn:virtualAuthenticators: true}
Element: [[EdgeDriver: MicrosoftEdge on windows (c460d5d6cbdd98fdcbf0b603664a4e7e)] -> css selector: .CodeMirror textarea]
Session ID: c460d5d6cbdd98fdcbf0b603664a4e7e
	at java.base/jdk.internal.reflect.DirectConstructorHandleAccessor.newInstance(DirectConstructorHandleAccessor.java:62)
	at java.base/java.lang.reflect.Constructor.newInstanceWithCaller(Constructor.java:502)
	at java.base/java.lang.reflect.Constructor.newInstance(Constructor.java:486)
	at org.openqa.selenium.remote.ErrorCodec.decode(ErrorCodec.java:167)
	at org.openqa.selenium.remote.codec.w3c.W3CHttpResponseCodec.decode(W3CHttpResponseCodec.java:138)
	at org.openqa.selenium.remote.codec.w3c.W3CHttpResponseCodec.decode(W3CHttpResponseCodec.java:50)
	at org.openqa.selenium.remote.HttpCommandExecutor.execute(HttpCommandExecutor.java:190)
	at org.openqa.selenium.remote.service.DriverCommandExecutor.invokeExecute(DriverCommandExecutor.java:216)
	at org.openqa.selenium.remote.service.DriverCommandExecutor.execute(DriverCommandExecutor.java:174)
	at org.openqa.selenium.remote.RemoteWebDriver.execute(RemoteWebDriver.java:545)
	at org.openqa.selenium.remote.RemoteWebElement.execute(RemoteWebElement.java:223)
	at org.openqa.selenium.remote.RemoteWebElement.sendKeys(RemoteWebElement.java:110)
	at PageObjects.TreePage.writeInTryEditorWindow(TreePage.java:357)
	at StepDefinitions.Tree.the_user_writes_the_invalid_python_code_and_clicks_on_run_button(Tree.java:96)
	at ✽.The user writes the invalid python code and clicks on Run button(file:///C:/Projects/Repo1/src/test/resources/Features/Tree.feature:329)
&amp#27;[0m
  &amp#27;[36mThen &amp#27;[0m&amp#27;[36mThe user see error msg in alert window&amp#27;[0m                           &amp#27;[90m# StepDefinitions.Tree.the_user_see_error_msg_in_alert_window()&amp#27;[0m
[ERROR] 2024-12-09 22:28:15.379 [TestNG-PoolService-1] Hooks - ======================  TEST CASE FAILED !! ======================

    Embedding screenshot [image/png 7890 bytes]

[INFO ] 2024-12-09 22:28:15.599 [TestNG-PoolService-1] Hooks - ======================  Screenshot is captured  ======================
[INFO ] 2024-12-09 22:28:15.600 [TestNG-PoolService-1] Hooks - ======================  Test Execution is completed!! ======================
[INFO ] 2024-12-09 22:28:16.377 [TestNG-PoolService-2] Hooks - ======================  New Test Execution is STARTED!! ======================
]]></system-out>
    <system-err><![CDATA[Dec 09, 2024 10:28:15 PM org.openqa.selenium.devtools.CdpVersionFinder findNearestMatch
WARNING: Unable to find an exact match for CDP version 131, returning the closest version; found: 130; Please update to a Selenium version that supports CDP version 131
Dec 09, 2024 10:28:16 PM org.openqa.selenium.devtools.CdpVersionFinder findNearestMatch
WARNING: Unable to find an exact match for CDP version 131, returning the closest version; found: 130; Please update to a Selenium version that supports CDP version 131
]]></system-err>
  </testcase>
  <testcase name="runScenario[&quot;Try Here Editor page with alert message&quot;, &quot;Tree&quot;](184)" classname="TestRunners.TestRunner" time="0.327">
    <failure message="element not interactable&#10;  (Session info: chrome=131.0.6778.109)&#10;Build info: version: &apos;4.26.0&apos;, revision: &apos;8ccf0219d7&apos;&#10;System info: os.name: &apos;Windows 11&apos;, os.arch: &apos;amd64&apos;, os.version: &apos;10.0&apos;, java.version: &apos;21.0.5&apos;&#10;Driver info: org.openqa.selenium.chrome.ChromeDriver&#10;Command: [4811c6f0adcb8a2d226f12c26d3d0cdb, sendKeysToElement {value=[Ljava.lang.CharSequence;@74b9fb51, id=f.7841387F599B1AFDF2FDD8112458CDEB.d.66BDE7CE6A2B0AEAE3A02253CE4E0EEC.e.51}]&#10;Capabilities {acceptInsecureCerts: false, browserName: chrome, browserVersion: 131.0.6778.109, chrome: {chromedriverVersion: 131.0.6778.87 (ce31cae94873..., userDataDir: C:\Users\vamsh\AppData\Loca...}, fedcm:accounts: true, goog:chromeOptions: {debuggerAddress: localhost:62696}, networkConnectionEnabled: false, pageLoadStrategy: normal, platformName: windows, proxy: Proxy(), se:cdp: ws://localhost:62696/devtoo..., se:cdpVersion: 131.0.6778.109, setWindowRect: true, strictFileInteractability: false, timeouts: {implicit: 0, pageLoad: 300000, script: 30000}, unhandledPromptBehavior: dismiss and notify, webauthn:extension:credBlob: true, webauthn:extension:largeBlob: true, webauthn:extension:minPinLength: true, webauthn:extension:prf: true, webauthn:virtualAuthenticators: true}&#10;Element: [[ChromeDriver: chrome on windows (4811c6f0adcb8a2d226f12c26d3d0cdb)] -&gt; css selector: .CodeMirror textarea]&#10;Session ID: 4811c6f0adcb8a2d226f12c26d3d0cdb" type="org.openqa.selenium.ElementNotInteractableException"><![CDATA[org.openqa.selenium.ElementNotInteractableException: 
element not interactable
  (Session info: chrome=131.0.6778.109)
Build info: version: '4.26.0', revision: '8ccf0219d7'
System info: os.name: 'Windows 11', os.arch: 'amd64', os.version: '10.0', java.version: '21.0.5'
Driver info: org.openqa.selenium.chrome.ChromeDriver
Command: [4811c6f0adcb8a2d226f12c26d3d0cdb, sendKeysToElement {value=[Ljava.lang.CharSequence;@74b9fb51, id=f.7841387F599B1AFDF2FDD8112458CDEB.d.66BDE7CE6A2B0AEAE3A02253CE4E0EEC.e.51}]
Capabilities {acceptInsecureCerts: false, browserName: chrome, browserVersion: 131.0.6778.109, chrome: {chromedriverVersion: 131.0.6778.87 (ce31cae94873..., userDataDir: C:\Users\vamsh\AppData\Loca...}, fedcm:accounts: true, goog:chromeOptions: {debuggerAddress: localhost:62696}, networkConnectionEnabled: false, pageLoadStrategy: normal, platformName: windows, proxy: Proxy(), se:cdp: ws://localhost:62696/devtoo..., se:cdpVersion: 131.0.6778.109, setWindowRect: true, strictFileInteractability: false, timeouts: {implicit: 0, pageLoad: 300000, script: 30000}, unhandledPromptBehavior: dismiss and notify, webauthn:extension:credBlob: true, webauthn:extension:largeBlob: true, webauthn:extension:minPinLength: true, webauthn:extension:prf: true, webauthn:virtualAuthenticators: true}
Element: [[ChromeDriver: chrome on windows (4811c6f0adcb8a2d226f12c26d3d0cdb)] -> css selector: .CodeMirror textarea]
Session ID: 4811c6f0adcb8a2d226f12c26d3d0cdb
]]></failure>
    <system-out><![CDATA[
Scenario: Binary Tree Traversals                                     &amp#27;[90m# src/test/resources/Features/Tree.feature:347&amp#27;[0m

    Embedding screenshot [image/png 7853 bytes]

[INFO ] 2024-12-09 22:02:42.688 [TestNG-PoolService-1] Hooks - ======================  Screenshot is captured  ======================
[INFO ] 2024-12-09 22:02:42.689 [TestNG-PoolService-1] Hooks - ======================  Test Execution is completed!! ======================
]]></system-out>
  </testcase>
  <testcase name="runScenario[&quot;Implementation in Python&quot;, &quot;Tree&quot;](185)" classname="TestRunners.TestRunner" time="1.968">
    <system-out><![CDATA[
Scenario: Try Here Editor page with empty code                               &amp#27;[90m# src/test/resources/Features/Tree.feature:353&amp#27;[0m
  &amp#27;[32mGiven &amp#27;[0m&amp#27;[32mThe user is on the DS Introduction page as signedIn&amp#27;[0m   &amp#27;[90m# StepDefinitions.DSIntroductionDetails.the_user_is_on_the_ds_introduction_page_as_signed_in()&amp#27;[0m
  &amp#27;[32mAnd &amp#27;[0m&amp#27;[32mUser clicks on Get Started button from Tree panel&amp#27;[0m       &amp#27;[90m# StepDefinitions.Tree.user_clicks_on_get_started_button_from_tree_panel()&amp#27;[0m
[INFO ] 2024-12-09 22:02:44.059 [TestNG-PoolService-3] Hooks - ======================  New Test Execution is STARTED!! ======================
  &amp#27;[32mGiven &amp#27;[0m&amp#27;[32mThe user is on the Implementation in Python page&amp#27;[0m      &amp#27;[90m# StepDefinitions.Tree.the_user_is_on_the_implementation_in_python_page()&amp#27;[0m
[INFO ] 2024-12-09 22:02:44.686 [TestNG-PoolService-1] Hooks - ======================  New Test Execution is STARTED!! ======================
  &amp#27;[32mWhen &amp#27;[0m&amp#27;[32mThe user clicks Binary Tree Traversals link&amp#27;[0m            &amp#27;[90m# StepDefinitions.Tree.the_user_clicks_binary_tree_traversals_link()&amp#27;[0m
  &amp#27;[32mThen &amp#27;[0m&amp#27;[32mThe user is redirected to Binary Tree Traversals page.&amp#27;[0m &amp#27;[90m# StepDefinitions.Tree.the_user_is_redirected_to_binary_tree_traversals_page()&amp#27;[0m
[INFO ] 2024-12-09 22:02:44.737 [TestNG-PoolService-2] Hooks - ======================  Test Execution is completed!! ======================
]]></system-out>
    <system-err><![CDATA[Dec 09, 2024 10:02:43 PM org.openqa.selenium.devtools.CdpVersionFinder findNearestMatch
WARNING: Unable to find an exact match for CDP version 131, returning the closest version; found: 130; Please update to a Selenium version that supports CDP version 131
Dec 09, 2024 10:02:44 PM org.openqa.selenium.devtools.CdpVersionFinder findNearestMatch
WARNING: Unable to find an exact match for CDP version 131, returning the closest version; found: 130; Please update to a Selenium version that supports CDP version 131
]]></system-err>
  </testcase>
  <testcase name="runScenario[&quot;Try Here Editor page with empty code&quot;, &quot;Tree&quot;](186)" classname="TestRunners.TestRunner" time="4.588">
    <failure message="element not interactable&#10;  (Session info: chrome=131.0.6778.109)&#10;Build info: version: &apos;4.26.0&apos;, revision: &apos;8ccf0219d7&apos;&#10;System info: os.name: &apos;Windows 11&apos;, os.arch: &apos;amd64&apos;, os.version: &apos;10.0&apos;, java.version: &apos;21.0.5&apos;&#10;Driver info: org.openqa.selenium.chrome.ChromeDriver&#10;Command: [79a8f26ded0a0ea216f75536730b8a1e, sendKeysToElement {value=[Ljava.lang.CharSequence;@cf6c3cc, id=f.C15DEFC77F426105007C3D68398E07DE.d.6048F327D4D68C515578F54C7F03B910.e.53}]&#10;Capabilities {acceptInsecureCerts: false, browserName: chrome, browserVersion: 131.0.6778.109, chrome: {chromedriverVersion: 131.0.6778.87 (ce31cae94873..., userDataDir: C:\Users\vamsh\AppData\Loca...}, fedcm:accounts: true, goog:chromeOptions: {debuggerAddress: localhost:62785}, networkConnectionEnabled: false, pageLoadStrategy: normal, platformName: windows, proxy: Proxy(), se:cdp: ws://localhost:62785/devtoo..., se:cdpVersion: 131.0.6778.109, setWindowRect: true, strictFileInteractability: false, timeouts: {implicit: 0, pageLoad: 300000, script: 30000}, unhandledPromptBehavior: dismiss and notify, webauthn:extension:credBlob: true, webauthn:extension:largeBlob: true, webauthn:extension:minPinLength: true, webauthn:extension:prf: true, webauthn:virtualAuthenticators: true}&#10;Element: [[ChromeDriver: chrome on windows (79a8f26ded0a0ea216f75536730b8a1e)] -&gt; css selector: .CodeMirror textarea]&#10;Session ID: 79a8f26ded0a0ea216f75536730b8a1e" type="org.openqa.selenium.ElementNotInteractableException"><![CDATA[org.openqa.selenium.ElementNotInteractableException: 
element not interactable
  (Session info: chrome=131.0.6778.109)
Build info: version: '4.26.0', revision: '8ccf0219d7'
System info: os.name: 'Windows 11', os.arch: 'amd64', os.version: '10.0', java.version: '21.0.5'
Driver info: org.openqa.selenium.chrome.ChromeDriver
Command: [79a8f26ded0a0ea216f75536730b8a1e, sendKeysToElement {value=[Ljava.lang.CharSequence;@cf6c3cc, id=f.C15DEFC77F426105007C3D68398E07DE.d.6048F327D4D68C515578F54C7F03B910.e.53}]
Capabilities {acceptInsecureCerts: false, browserName: chrome, browserVersion: 131.0.6778.109, chrome: {chromedriverVersion: 131.0.6778.87 (ce31cae94873..., userDataDir: C:\Users\vamsh\AppData\Loca...}, fedcm:accounts: true, goog:chromeOptions: {debuggerAddress: localhost:62785}, networkConnectionEnabled: false, pageLoadStrategy: normal, platformName: windows, proxy: Proxy(), se:cdp: ws://localhost:62785/devtoo..., se:cdpVersion: 131.0.6778.109, setWindowRect: true, strictFileInteractability: false, timeouts: {implicit: 0, pageLoad: 300000, script: 30000}, unhandledPromptBehavior: dismiss and notify, webauthn:extension:credBlob: true, webauthn:extension:largeBlob: true, webauthn:extension:minPinLength: true, webauthn:extension:prf: true, webauthn:virtualAuthenticators: true}
Element: [[ChromeDriver: chrome on windows (79a8f26ded0a0ea216f75536730b8a1e)] -> css selector: .CodeMirror textarea]
Session ID: 79a8f26ded0a0ea216f75536730b8a1e
]]></failure>
    <system-out><![CDATA[
Scenario: Try Here Editor page with valid data                        &amp#27;[90m# src/test/resources/Features/Tree.feature:360&amp#27;[0m
[INFO ] 2024-12-09 22:02:46.256 [TestNG-PoolService-2] Hooks - ======================  New Test Execution is STARTED!! ======================
  &amp#27;[32mGiven &amp#27;[0m&amp#27;[32mThe user is on the DS Introduction page as signedIn&amp#27;[0m                  &amp#27;[90m# StepDefinitions.DSIntroductionDetails.the_user_is_on_the_ds_introduction_page_as_signed_in()&amp#27;[0m
  &amp#27;[32mGiven &amp#27;[0m&amp#27;[32mThe user is on the DS Introduction page as signedIn&amp#27;[0m          &amp#27;[90m# StepDefinitions.DSIntroductionDetails.the_user_is_on_the_ds_introduction_page_as_signed_in()&amp#27;[0m
  &amp#27;[32mAnd &amp#27;[0m&amp#27;[32mUser clicks on Get Started button from Tree panel&amp#27;[0m                      &amp#27;[90m# StepDefinitions.Tree.user_clicks_on_get_started_button_from_tree_panel()&amp#27;[0m
  &amp#27;[32mAnd &amp#27;[0m&amp#27;[32mUser clicks on Get Started button from Tree panel&amp#27;[0m              &amp#27;[90m# StepDefinitions.Tree.user_clicks_on_get_started_button_from_tree_panel()&amp#27;[0m
  &amp#27;[32mGiven &amp#27;[0m&amp#27;[32mThe user is on the Binary Tree Traversals page&amp#27;[0m                       &amp#27;[90m# StepDefinitions.Tree.the_user_is_on_the_binary_tree_traversals_page()&amp#27;[0m
  &amp#27;[32mGiven &amp#27;[0m&amp#27;[32mThe user is on the Binary Tree Traversals page&amp#27;[0m               &amp#27;[90m# StepDefinitions.Tree.the_user_is_on_the_binary_tree_traversals_page()&amp#27;[0m
  &amp#27;[32mAnd &amp#27;[0m&amp#27;[32mThe user clicks Try Here button&amp#27;[0m                                        &amp#27;[90m# StepDefinitions.Tree.the_user_clicks_try_here_button()&amp#27;[0m
  &amp#27;[31mWhen &amp#27;[0m&amp#27;[31mThe user writes no code inside editor window and clicks on Run button&amp#27;[0m &amp#27;[90m# StepDefinitions.Tree.the_user_writes_no_code_inside_editor_window_and_clicks_on_run_button()&amp#27;[0m
      &amp#27;[31morg.openqa.selenium.ElementNotInteractableException: element not interactable
  (Session info: chrome=131.0.6778.109)
Build info: version: '4.26.0', revision: '8ccf0219d7'
System info: os.name: 'Windows 11', os.arch: 'amd64', os.version: '10.0', java.version: '21.0.5'
Driver info: org.openqa.selenium.chrome.ChromeDriver
Command: [79a8f26ded0a0ea216f75536730b8a1e, sendKeysToElement {value=[Ljava.lang.CharSequence;@cf6c3cc, id=f.C15DEFC77F426105007C3D68398E07DE.d.6048F327D4D68C515578F54C7F03B910.e.53}]
Capabilities {acceptInsecureCerts: false, browserName: chrome, browserVersion: 131.0.6778.109, chrome: {chromedriverVersion: 131.0.6778.87 (ce31cae94873..., userDataDir: C:\Users\vamsh\AppData\Loca...}, fedcm:accounts: true, goog:chromeOptions: {debuggerAddress: localhost:62785}, networkConnectionEnabled: false, pageLoadStrategy: normal, platformName: windows, proxy: Proxy(), se:cdp: ws://localhost:62785/devtoo..., se:cdpVersion: 131.0.6778.109, setWindowRect: true, strictFileInteractability: false, timeouts: {implicit: 0, pageLoad: 300000, script: 30000}, unhandledPromptBehavior: dismiss and notify, webauthn:extension:credBlob: true, webauthn:extension:largeBlob: true, webauthn:extension:minPinLength: true, webauthn:extension:prf: true, webauthn:virtualAuthenticators: true}
Element: [[ChromeDriver: chrome on windows (79a8f26ded0a0ea216f75536730b8a1e)] -> css selector: .CodeMirror textarea]
Session ID: 79a8f26ded0a0ea216f75536730b8a1e
	at java.base/jdk.internal.reflect.DirectConstructorHandleAccessor.newInstance(DirectConstructorHandleAccessor.java:62)
	at java.base/java.lang.reflect.Constructor.newInstanceWithCaller(Constructor.java:502)
	at java.base/java.lang.reflect.Constructor.newInstance(Constructor.java:486)
	at org.openqa.selenium.remote.ErrorCodec.decode(ErrorCodec.java:167)
	at org.openqa.selenium.remote.codec.w3c.W3CHttpResponseCodec.decode(W3CHttpResponseCodec.java:138)
	at org.openqa.selenium.remote.codec.w3c.W3CHttpResponseCodec.decode(W3CHttpResponseCodec.java:50)
	at org.openqa.selenium.remote.HttpCommandExecutor.execute(HttpCommandExecutor.java:190)
	at org.openqa.selenium.remote.service.DriverCommandExecutor.invokeExecute(DriverCommandExecutor.java:216)
	at org.openqa.selenium.remote.service.DriverCommandExecutor.execute(DriverCommandExecutor.java:174)
	at org.openqa.selenium.remote.RemoteWebDriver.execute(RemoteWebDriver.java:545)
	at org.openqa.selenium.remote.RemoteWebElement.execute(RemoteWebElement.java:223)
	at org.openqa.selenium.remote.RemoteWebElement.sendKeys(RemoteWebElement.java:110)
	at PageObjects.TreePage.writeInTryEditorWindow(TreePage.java:357)
	at StepDefinitions.Tree.the_user_writes_no_code_inside_editor_window_and_clicks_on_run_button(Tree.java:73)
	at ✽.The user writes no code inside editor window and clicks on Run button(file:///C:/Projects/Repo1/src/test/resources/Features/Tree.feature:357)
&amp#27;[0m
  &amp#27;[36mThen &amp#27;[0m&amp#27;[36mNothing happens to the Editor page and no error message is displayed&amp#27;[0m  &amp#27;[90m# StepDefinitions.Tree.nothing_happens_to_the_editor_page_and_no_error_message_is_displayed()&amp#27;[0m
[ERROR] 2024-12-09 22:02:49.162 [TestNG-PoolService-1] Hooks - ======================  TEST CASE FAILED !! ======================

    Embedding screenshot [image/png 7853 bytes]

[INFO ] 2024-12-09 22:02:49.321 [TestNG-PoolService-1] Hooks - ======================  Screenshot is captured  ======================
[INFO ] 2024-12-09 22:02:49.323 [TestNG-PoolService-1] Hooks - ======================  Test Execution is completed!! ======================
  &amp#27;[32mWhen &amp#27;[0m&amp#27;[32mThe user clicks Try Here button&amp#27;[0m                               &amp#27;[90m# StepDefinitions.Tree.the_user_clicks_try_here_button()&amp#27;[0m
  &amp#27;[32mThen &amp#27;[0m&amp#27;[32mThe user is redirected to a page having Editor and run button&amp#27;[0m &amp#27;[90m# StepDefinitions.Tree.the_user_is_redirected_to_a_page_having_editor_and_run_button()&amp#27;[0m
[INFO ] 2024-12-09 22:02:49.428 [TestNG-PoolService-3] Hooks - ======================  Test Execution is completed!! ======================
]]></system-out>
    <system-err><![CDATA[Dec 09, 2024 10:02:46 PM org.openqa.selenium.devtools.CdpVersionFinder findNearestMatch
WARNING: Unable to find an exact match for CDP version 131, returning the closest version; found: 130; Please update to a Selenium version that supports CDP version 131
]]></system-err>
  </testcase>
  <testcase name="runScenario[&quot;Binary Tree Traversals&quot;, &quot;Tree&quot;](187)" classname="TestRunners.TestRunner" time="0.112">
    <system-out><![CDATA[
Scenario: Try Here Editor page with invalid data                        &amp#27;[90m# src/test/resources/Features/Tree.feature:367&amp#27;[0m
  &amp#27;[32mGiven &amp#27;[0m&amp#27;[32mThe user is on the DS Introduction page as signedIn&amp#27;[0m           &amp#27;[90m# StepDefinitions.DSIntroductionDetails.the_user_is_on_the_ds_introduction_page_as_signed_in()&amp#27;[0m
]]></system-out>
  </testcase>
  <testcase name="runScenario[&quot;Try Here Editor page with valid data&quot;, &quot;Tree&quot;](188)" classname="TestRunners.TestRunner" time="2.429">
    <failure message="element not interactable&#10;  (Session info: chrome=131.0.6778.109)&#10;Build info: version: &apos;4.26.0&apos;, revision: &apos;8ccf0219d7&apos;&#10;System info: os.name: &apos;Windows 11&apos;, os.arch: &apos;amd64&apos;, os.version: &apos;10.0&apos;, java.version: &apos;21.0.5&apos;&#10;Driver info: org.openqa.selenium.chrome.ChromeDriver&#10;Command: [84330c04b0c383d4a7e14752f044e0c3, sendKeysToElement {value=[Ljava.lang.CharSequence;@9e91c7b, id=f.2C7D950C64ACE27342FDA70421D95CEC.d.37F3AC25848AADE9D113FD79AB4BFA6F.e.51}]&#10;Capabilities {acceptInsecureCerts: false, browserName: chrome, browserVersion: 131.0.6778.109, chrome: {chromedriverVersion: 131.0.6778.87 (ce31cae94873..., userDataDir: C:\Users\vamsh\AppData\Loca...}, fedcm:accounts: true, goog:chromeOptions: {debuggerAddress: localhost:62804}, networkConnectionEnabled: false, pageLoadStrategy: normal, platformName: windows, proxy: Proxy(), se:cdp: ws://localhost:62804/devtoo..., se:cdpVersion: 131.0.6778.109, setWindowRect: true, strictFileInteractability: false, timeouts: {implicit: 0, pageLoad: 300000, script: 30000}, unhandledPromptBehavior: dismiss and notify, webauthn:extension:credBlob: true, webauthn:extension:largeBlob: true, webauthn:extension:minPinLength: true, webauthn:extension:prf: true, webauthn:virtualAuthenticators: true}&#10;Element: [[ChromeDriver: chrome on windows (84330c04b0c383d4a7e14752f044e0c3)] -&gt; css selector: .CodeMirror textarea]&#10;Session ID: 84330c04b0c383d4a7e14752f044e0c3" type="org.openqa.selenium.ElementNotInteractableException"><![CDATA[org.openqa.selenium.ElementNotInteractableException: 
element not interactable
  (Session info: chrome=131.0.6778.109)
Build info: version: '4.26.0', revision: '8ccf0219d7'
System info: os.name: 'Windows 11', os.arch: 'amd64', os.version: '10.0', java.version: '21.0.5'
Driver info: org.openqa.selenium.chrome.ChromeDriver
Command: [84330c04b0c383d4a7e14752f044e0c3, sendKeysToElement {value=[Ljava.lang.CharSequence;@9e91c7b, id=f.2C7D950C64ACE27342FDA70421D95CEC.d.37F3AC25848AADE9D113FD79AB4BFA6F.e.51}]
Capabilities {acceptInsecureCerts: false, browserName: chrome, browserVersion: 131.0.6778.109, chrome: {chromedriverVersion: 131.0.6778.87 (ce31cae94873..., userDataDir: C:\Users\vamsh\AppData\Loca...}, fedcm:accounts: true, goog:chromeOptions: {debuggerAddress: localhost:62804}, networkConnectionEnabled: false, pageLoadStrategy: normal, platformName: windows, proxy: Proxy(), se:cdp: ws://localhost:62804/devtoo..., se:cdpVersion: 131.0.6778.109, setWindowRect: true, strictFileInteractability: false, timeouts: {implicit: 0, pageLoad: 300000, script: 30000}, unhandledPromptBehavior: dismiss and notify, webauthn:extension:credBlob: true, webauthn:extension:largeBlob: true, webauthn:extension:minPinLength: true, webauthn:extension:prf: true, webauthn:virtualAuthenticators: true}
Element: [[ChromeDriver: chrome on windows (84330c04b0c383d4a7e14752f044e0c3)] -> css selector: .CodeMirror textarea]
Session ID: 84330c04b0c383d4a7e14752f044e0c3
]]></failure>
    <system-out><![CDATA[
Scenario: Try Here Editor page with alert message                      &amp#27;[90m# src/test/resources/Features/Tree.feature:374&amp#27;[0m
  &amp#27;[32mAnd &amp#27;[0m&amp#27;[32mUser clicks on Get Started button from Tree panel&amp#27;[0m               &amp#27;[90m# StepDefinitions.Tree.user_clicks_on_get_started_button_from_tree_panel()&amp#27;[0m
  &amp#27;[32mGiven &amp#27;[0m&amp#27;[32mThe user is on the Binary Tree Traversals page&amp#27;[0m                &amp#27;[90m# StepDefinitions.Tree.the_user_is_on_the_binary_tree_traversals_page()&amp#27;[0m
[INFO ] 2024-12-09 22:02:51.368 [TestNG-PoolService-3] Hooks - ======================  New Test Execution is STARTED!! ======================
  &amp#27;[32mAnd &amp#27;[0m&amp#27;[32mThe user clicks Try Here button&amp#27;[0m                                 &amp#27;[90m# StepDefinitions.Tree.the_user_clicks_try_here_button()&amp#27;[0m
[INFO ] 2024-12-09 22:02:51.506 [TestNG-PoolService-1] Hooks - ======================  New Test Execution is STARTED!! ======================
  &amp#27;[31mWhen &amp#27;[0m&amp#27;[31mThe user writes the valid python code and clicks on Run button&amp#27;[0m &amp#27;[90m# StepDefinitions.Tree.the_user_writes_the_valid_python_code_and_clicks_on_run_button()&amp#27;[0m
      &amp#27;[31morg.openqa.selenium.ElementNotInteractableException: element not interactable
  (Session info: chrome=131.0.6778.109)
Build info: version: '4.26.0', revision: '8ccf0219d7'
System info: os.name: 'Windows 11', os.arch: 'amd64', os.version: '10.0', java.version: '21.0.5'
Driver info: org.openqa.selenium.chrome.ChromeDriver
Command: [84330c04b0c383d4a7e14752f044e0c3, sendKeysToElement {value=[Ljava.lang.CharSequence;@9e91c7b, id=f.2C7D950C64ACE27342FDA70421D95CEC.d.37F3AC25848AADE9D113FD79AB4BFA6F.e.51}]
Capabilities {acceptInsecureCerts: false, browserName: chrome, browserVersion: 131.0.6778.109, chrome: {chromedriverVersion: 131.0.6778.87 (ce31cae94873..., userDataDir: C:\Users\vamsh\AppData\Loca...}, fedcm:accounts: true, goog:chromeOptions: {debuggerAddress: localhost:62804}, networkConnectionEnabled: false, pageLoadStrategy: normal, platformName: windows, proxy: Proxy(), se:cdp: ws://localhost:62804/devtoo..., se:cdpVersion: 131.0.6778.109, setWindowRect: true, strictFileInteractability: false, timeouts: {implicit: 0, pageLoad: 300000, script: 30000}, unhandledPromptBehavior: dismiss and notify, webauthn:extension:credBlob: true, webauthn:extension:largeBlob: true, webauthn:extension:minPinLength: true, webauthn:extension:prf: true, webauthn:virtualAuthenticators: true}
Element: [[ChromeDriver: chrome on windows (84330c04b0c383d4a7e14752f044e0c3)] -> css selector: .CodeMirror textarea]
Session ID: 84330c04b0c383d4a7e14752f044e0c3
	at java.base/jdk.internal.reflect.DirectConstructorHandleAccessor.newInstance(DirectConstructorHandleAccessor.java:62)
	at java.base/java.lang.reflect.Constructor.newInstanceWithCaller(Constructor.java:502)
	at java.base/java.lang.reflect.Constructor.newInstance(Constructor.java:486)
	at org.openqa.selenium.remote.ErrorCodec.decode(ErrorCodec.java:167)
	at org.openqa.selenium.remote.codec.w3c.W3CHttpResponseCodec.decode(W3CHttpResponseCodec.java:138)
	at org.openqa.selenium.remote.codec.w3c.W3CHttpResponseCodec.decode(W3CHttpResponseCodec.java:50)
	at org.openqa.selenium.remote.HttpCommandExecutor.execute(HttpCommandExecutor.java:190)
	at org.openqa.selenium.remote.service.DriverCommandExecutor.invokeExecute(DriverCommandExecutor.java:216)
	at org.openqa.selenium.remote.service.DriverCommandExecutor.execute(DriverCommandExecutor.java:174)
	at org.openqa.selenium.remote.RemoteWebDriver.execute(RemoteWebDriver.java:545)
	at org.openqa.selenium.remote.RemoteWebElement.execute(RemoteWebElement.java:223)
	at org.openqa.selenium.remote.RemoteWebElement.sendKeys(RemoteWebElement.java:110)
	at PageObjects.TreePage.writeInTryEditorWindow(TreePage.java:357)
	at StepDefinitions.Tree.the_user_writes_the_valid_python_code_and_clicks_on_run_button(Tree.java:85)
	at ✽.The user writes the valid python code and clicks on Run button(file:///C:/Projects/Repo1/src/test/resources/Features/Tree.feature:364)
&amp#27;[0m
  &amp#27;[36mThen &amp#27;[0m&amp#27;[36mThe user is able to see the output inside the console.&amp#27;[0m         &amp#27;[90m# StepDefinitions.Tree.the_user_is_able_to_see_the_output_inside_the_console()&amp#27;[0m
[ERROR] 2024-12-09 22:02:51.567 [TestNG-PoolService-2] Hooks - ======================  TEST CASE FAILED !! ======================

    Embedding screenshot [image/png 7853 bytes]

[INFO ] 2024-12-09 22:02:51.768 [TestNG-PoolService-2] Hooks - ======================  Screenshot is captured  ======================
[INFO ] 2024-12-09 22:02:51.772 [TestNG-PoolService-2] Hooks - ======================  Test Execution is completed!! ======================
]]></system-out>
    <system-err><![CDATA[Dec 09, 2024 10:02:51 PM org.openqa.selenium.devtools.CdpVersionFinder findNearestMatch
WARNING: Unable to find an exact match for CDP version 131, returning the closest version; found: 130; Please update to a Selenium version that supports CDP version 131
Dec 09, 2024 10:02:51 PM org.openqa.selenium.devtools.CdpVersionFinder findNearestMatch
WARNING: Unable to find an exact match for CDP version 131, returning the closest version; found: 130; Please update to a Selenium version that supports CDP version 131
]]></system-err>
  </testcase>
  <testcase name="runScenario[&quot;Try Here Editor page with valid data&quot;, &quot;Tree&quot;](188)" classname="TestRunners.TestRunner" time="0.137">
    <failure message="element not interactable&#10;  (Session info: MicrosoftEdge=131.0.2903.86)&#10;Build info: version: &apos;4.26.0&apos;, revision: &apos;8ccf0219d7&apos;&#10;System info: os.name: &apos;Windows 11&apos;, os.arch: &apos;amd64&apos;, os.version: &apos;10.0&apos;, java.version: &apos;21.0.5&apos;&#10;Driver info: org.openqa.selenium.edge.EdgeDriver&#10;Command: [1e39f4b2ce43fd678740d5ae17a4610e, sendKeysToElement {value=[Ljava.lang.CharSequence;@2c78106c, id=f.0CF7C1DCD09539E860A28F06D1BE8AFC.d.2373862E0594900FF6827AD51633F5F2.e.37}]&#10;Capabilities {acceptInsecureCerts: false, browserName: MicrosoftEdge, browserVersion: 131.0.2903.86, fedcm:accounts: true, ms:edgeOptions: {debuggerAddress: localhost:51056}, msedge: {msedgedriverVersion: 131.0.2903.86 (cf5bf303997c..., userDataDir: C:\Users\vamsh\AppData\Loca...}, networkConnectionEnabled: false, pageLoadStrategy: normal, platformName: windows, proxy: Proxy(), se:cdp: ws://localhost:51056/devtoo..., se:cdpVersion: 131.0.2903.86, setWindowRect: true, strictFileInteractability: false, timeouts: {implicit: 0, pageLoad: 300000, script: 30000}, unhandledPromptBehavior: dismiss and notify, webauthn:extension:credBlob: true, webauthn:extension:largeBlob: true, webauthn:extension:minPinLength: true, webauthn:extension:prf: true, webauthn:virtualAuthenticators: true}&#10;Element: [[EdgeDriver: MicrosoftEdge on windows (1e39f4b2ce43fd678740d5ae17a4610e)] -&gt; css selector: .CodeMirror textarea]&#10;Session ID: 1e39f4b2ce43fd678740d5ae17a4610e" type="org.openqa.selenium.ElementNotInteractableException"><![CDATA[org.openqa.selenium.ElementNotInteractableException: 
element not interactable
  (Session info: MicrosoftEdge=131.0.2903.86)
Build info: version: '4.26.0', revision: '8ccf0219d7'
System info: os.name: 'Windows 11', os.arch: 'amd64', os.version: '10.0', java.version: '21.0.5'
Driver info: org.openqa.selenium.edge.EdgeDriver
Command: [1e39f4b2ce43fd678740d5ae17a4610e, sendKeysToElement {value=[Ljava.lang.CharSequence;@2c78106c, id=f.0CF7C1DCD09539E860A28F06D1BE8AFC.d.2373862E0594900FF6827AD51633F5F2.e.37}]
Capabilities {acceptInsecureCerts: false, browserName: MicrosoftEdge, browserVersion: 131.0.2903.86, fedcm:accounts: true, ms:edgeOptions: {debuggerAddress: localhost:51056}, msedge: {msedgedriverVersion: 131.0.2903.86 (cf5bf303997c..., userDataDir: C:\Users\vamsh\AppData\Loca...}, networkConnectionEnabled: false, pageLoadStrategy: normal, platformName: windows, proxy: Proxy(), se:cdp: ws://localhost:51056/devtoo..., se:cdpVersion: 131.0.2903.86, setWindowRect: true, strictFileInteractability: false, timeouts: {implicit: 0, pageLoad: 300000, script: 30000}, unhandledPromptBehavior: dismiss and notify, webauthn:extension:credBlob: true, webauthn:extension:largeBlob: true, webauthn:extension:minPinLength: true, webauthn:extension:prf: true, webauthn:virtualAuthenticators: true}
Element: [[EdgeDriver: MicrosoftEdge on windows (1e39f4b2ce43fd678740d5ae17a4610e)] -> css selector: .CodeMirror textarea]
Session ID: 1e39f4b2ce43fd678740d5ae17a4610e
]]></failure>
    <system-out><![CDATA[
Scenario: Try Here Editor page with alert message                      &amp#27;[90m# src/test/resources/Features/Tree.feature:374&amp#27;[0m
]]></system-out>
  </testcase>
  <testcase name="runScenario[&quot;Try Here Editor page with invalid data&quot;, &quot;Tree&quot;](189)" classname="TestRunners.TestRunner" time="4.266">
    <failure message="element not interactable&#10;  (Session info: chrome=131.0.6778.109)&#10;Build info: version: &apos;4.26.0&apos;, revision: &apos;8ccf0219d7&apos;&#10;System info: os.name: &apos;Windows 11&apos;, os.arch: &apos;amd64&apos;, os.version: &apos;10.0&apos;, java.version: &apos;21.0.5&apos;&#10;Driver info: org.openqa.selenium.chrome.ChromeDriver&#10;Command: [15b10539ce7e2b8bb88bc2aef5cf1c6a, sendKeysToElement {value=[Ljava.lang.CharSequence;@3d60660d, id=f.27DF0E8BAF8E2D7797CBF213F3643C7E.d.C1419E5881289FD08A88B8906411E180.e.51}]&#10;Capabilities {acceptInsecureCerts: false, browserName: chrome, browserVersion: 131.0.6778.109, chrome: {chromedriverVersion: 131.0.6778.87 (ce31cae94873..., userDataDir: C:\Users\vamsh\AppData\Loca...}, fedcm:accounts: true, goog:chromeOptions: {debuggerAddress: localhost:62863}, networkConnectionEnabled: false, pageLoadStrategy: normal, platformName: windows, proxy: Proxy(), se:cdp: ws://localhost:62863/devtoo..., se:cdpVersion: 131.0.6778.109, setWindowRect: true, strictFileInteractability: false, timeouts: {implicit: 0, pageLoad: 300000, script: 30000}, unhandledPromptBehavior: dismiss and notify, webauthn:extension:credBlob: true, webauthn:extension:largeBlob: true, webauthn:extension:minPinLength: true, webauthn:extension:prf: true, webauthn:virtualAuthenticators: true}&#10;Element: [[ChromeDriver: chrome on windows (15b10539ce7e2b8bb88bc2aef5cf1c6a)] -&gt; css selector: .CodeMirror textarea]&#10;Session ID: 15b10539ce7e2b8bb88bc2aef5cf1c6a" type="org.openqa.selenium.ElementNotInteractableException"><![CDATA[org.openqa.selenium.ElementNotInteractableException: 
element not interactable
  (Session info: chrome=131.0.6778.109)
Build info: version: '4.26.0', revision: '8ccf0219d7'
System info: os.name: 'Windows 11', os.arch: 'amd64', os.version: '10.0', java.version: '21.0.5'
Driver info: org.openqa.selenium.chrome.ChromeDriver
Command: [15b10539ce7e2b8bb88bc2aef5cf1c6a, sendKeysToElement {value=[Ljava.lang.CharSequence;@3d60660d, id=f.27DF0E8BAF8E2D7797CBF213F3643C7E.d.C1419E5881289FD08A88B8906411E180.e.51}]
Capabilities {acceptInsecureCerts: false, browserName: chrome, browserVersion: 131.0.6778.109, chrome: {chromedriverVersion: 131.0.6778.87 (ce31cae94873..., userDataDir: C:\Users\vamsh\AppData\Loca...}, fedcm:accounts: true, goog:chromeOptions: {debuggerAddress: localhost:62863}, networkConnectionEnabled: false, pageLoadStrategy: normal, platformName: windows, proxy: Proxy(), se:cdp: ws://localhost:62863/devtoo..., se:cdpVersion: 131.0.6778.109, setWindowRect: true, strictFileInteractability: false, timeouts: {implicit: 0, pageLoad: 300000, script: 30000}, unhandledPromptBehavior: dismiss and notify, webauthn:extension:credBlob: true, webauthn:extension:largeBlob: true, webauthn:extension:minPinLength: true, webauthn:extension:prf: true, webauthn:virtualAuthenticators: true}
Element: [[ChromeDriver: chrome on windows (15b10539ce7e2b8bb88bc2aef5cf1c6a)] -> css selector: .CodeMirror textarea]
Session ID: 15b10539ce7e2b8bb88bc2aef5cf1c6a
]]></failure>
    <system-out><![CDATA[
Scenario: Binary Tree Traversals                                      &amp#27;[90m# src/test/resources/Features/Tree.feature:382&amp#27;[0m
[INFO ] 2024-12-09 22:02:53.671 [TestNG-PoolService-2] Hooks - ======================  New Test Execution is STARTED!! ======================
  &amp#27;[32mGiven &amp#27;[0m&amp#27;[32mThe user is on the DS Introduction page as signedIn&amp#27;[0m            &amp#27;[90m# StepDefinitions.DSIntroductionDetails.the_user_is_on_the_ds_introduction_page_as_signed_in()&amp#27;[0m
  &amp#27;[32mGiven &amp#27;[0m&amp#27;[32mThe user is on the DS Introduction page as signedIn&amp#27;[0m             &amp#27;[90m# StepDefinitions.DSIntroductionDetails.the_user_is_on_the_ds_introduction_page_as_signed_in()&amp#27;[0m
  &amp#27;[32mAnd &amp#27;[0m&amp#27;[32mUser clicks on Get Started button from Tree panel&amp#27;[0m                &amp#27;[90m# StepDefinitions.Tree.user_clicks_on_get_started_button_from_tree_panel()&amp#27;[0m
  &amp#27;[32mAnd &amp#27;[0m&amp#27;[32mUser clicks on Get Started button from Tree panel&amp#27;[0m                 &amp#27;[90m# StepDefinitions.Tree.user_clicks_on_get_started_button_from_tree_panel()&amp#27;[0m
  &amp#27;[32mGiven &amp#27;[0m&amp#27;[32mThe user is on the Binary Tree Traversals page&amp#27;[0m                 &amp#27;[90m# StepDefinitions.Tree.the_user_is_on_the_binary_tree_traversals_page()&amp#27;[0m
  &amp#27;[32mGiven &amp#27;[0m&amp#27;[32mThe user is on the Binary Tree Traversals page&amp#27;[0m                  &amp#27;[90m# StepDefinitions.Tree.the_user_is_on_the_binary_tree_traversals_page()&amp#27;[0m
  &amp#27;[32mAnd &amp#27;[0m&amp#27;[32mThe user clicks Try Here button&amp#27;[0m                                  &amp#27;[90m# StepDefinitions.Tree.the_user_clicks_try_here_button()&amp#27;[0m
  &amp#27;[32mAnd &amp#27;[0m&amp#27;[32mThe user clicks Try Here button&amp#27;[0m                                   &amp#27;[90m# StepDefinitions.Tree.the_user_clicks_try_here_button()&amp#27;[0m
  &amp#27;[31mWhen &amp#27;[0m&amp#27;[31mThe user writes the invalid python code and clicks on Run button&amp#27;[0m &amp#27;[90m# StepDefinitions.Tree.the_user_writes_the_invalid_python_code_and_clicks_on_run_button()&amp#27;[0m
      &amp#27;[31morg.openqa.selenium.ElementNotInteractableException: element not interactable
  (Session info: chrome=131.0.6778.109)
Build info: version: '4.26.0', revision: '8ccf0219d7'
System info: os.name: 'Windows 11', os.arch: 'amd64', os.version: '10.0', java.version: '21.0.5'
Driver info: org.openqa.selenium.chrome.ChromeDriver
Command: [15b10539ce7e2b8bb88bc2aef5cf1c6a, sendKeysToElement {value=[Ljava.lang.CharSequence;@3d60660d, id=f.27DF0E8BAF8E2D7797CBF213F3643C7E.d.C1419E5881289FD08A88B8906411E180.e.51}]
Capabilities {acceptInsecureCerts: false, browserName: chrome, browserVersion: 131.0.6778.109, chrome: {chromedriverVersion: 131.0.6778.87 (ce31cae94873..., userDataDir: C:\Users\vamsh\AppData\Loca...}, fedcm:accounts: true, goog:chromeOptions: {debuggerAddress: localhost:62863}, networkConnectionEnabled: false, pageLoadStrategy: normal, platformName: windows, proxy: Proxy(), se:cdp: ws://localhost:62863/devtoo..., se:cdpVersion: 131.0.6778.109, setWindowRect: true, strictFileInteractability: false, timeouts: {implicit: 0, pageLoad: 300000, script: 30000}, unhandledPromptBehavior: dismiss and notify, webauthn:extension:credBlob: true, webauthn:extension:largeBlob: true, webauthn:extension:minPinLength: true, webauthn:extension:prf: true, webauthn:virtualAuthenticators: true}
Element: [[ChromeDriver: chrome on windows (15b10539ce7e2b8bb88bc2aef5cf1c6a)] -> css selector: .CodeMirror textarea]
Session ID: 15b10539ce7e2b8bb88bc2aef5cf1c6a
	at java.base/jdk.internal.reflect.DirectConstructorHandleAccessor.newInstance(DirectConstructorHandleAccessor.java:62)
	at java.base/java.lang.reflect.Constructor.newInstanceWithCaller(Constructor.java:502)
	at java.base/java.lang.reflect.Constructor.newInstance(Constructor.java:486)
	at org.openqa.selenium.remote.ErrorCodec.decode(ErrorCodec.java:167)
	at org.openqa.selenium.remote.codec.w3c.W3CHttpResponseCodec.decode(W3CHttpResponseCodec.java:138)
	at org.openqa.selenium.remote.codec.w3c.W3CHttpResponseCodec.decode(W3CHttpResponseCodec.java:50)
	at org.openqa.selenium.remote.HttpCommandExecutor.execute(HttpCommandExecutor.java:190)
	at org.openqa.selenium.remote.service.DriverCommandExecutor.invokeExecute(DriverCommandExecutor.java:216)
	at org.openqa.selenium.remote.service.DriverCommandExecutor.execute(DriverCommandExecutor.java:174)
	at org.openqa.selenium.remote.RemoteWebDriver.execute(RemoteWebDriver.java:545)
	at org.openqa.selenium.remote.RemoteWebElement.execute(RemoteWebElement.java:223)
	at org.openqa.selenium.remote.RemoteWebElement.sendKeys(RemoteWebElement.java:110)
	at PageObjects.TreePage.writeInTryEditorWindow(TreePage.java:357)
	at StepDefinitions.Tree.the_user_writes_the_invalid_python_code_and_clicks_on_run_button(Tree.java:96)
	at ✽.The user writes the invalid python code and clicks on Run button(file:///C:/Projects/Repo1/src/test/resources/Features/Tree.feature:371)
&amp#27;[0m
  &amp#27;[36mThen &amp#27;[0m&amp#27;[36mThe user see error msg in alert window&amp#27;[0m                           &amp#27;[90m# StepDefinitions.Tree.the_user_see_error_msg_in_alert_window()&amp#27;[0m
[ERROR] 2024-12-09 22:02:55.772 [TestNG-PoolService-1] Hooks - ======================  TEST CASE FAILED !! ======================
  &amp#27;[32mAnd &amp#27;[0m&amp#27;[32mThe user writes the invalid python code and clicks on Run button&amp#27;[0m &amp#27;[90m# StepDefinitions.Tree.the_user_writes_the_invalid_python_code_and_clicks_on_run_button()&amp#27;[0m
  &amp#27;[32mWhen &amp#27;[0m&amp#27;[32mThe user clicks the ok button in the alert window&amp#27;[0m               &amp#27;[90m# StepDefinitions.Tree.the_user_clicks_the_ok_button_in_the_alert_window()&amp#27;[0m
  &amp#27;[32mThen &amp#27;[0m&amp#27;[32mAlert message window is dismissed and user stays on Editor page&amp#27;[0m &amp#27;[90m# StepDefinitions.Tree.Alert_message_window_is_dismissed_and_user_stays_on_Editor_page()&amp#27;[0m
[INFO ] 2024-12-09 22:02:55.911 [TestNG-PoolService-3] Hooks - ======================  Test Execution is completed!! ======================

    Embedding screenshot [image/png 7853 bytes]

[INFO ] 2024-12-09 22:02:55.987 [TestNG-PoolService-1] Hooks - ======================  Screenshot is captured  ======================
[INFO ] 2024-12-09 22:02:55.989 [TestNG-PoolService-1] Hooks - ======================  Test Execution is completed!! ======================
]]></system-out>
    <system-err><![CDATA[Dec 09, 2024 10:02:53 PM org.openqa.selenium.devtools.CdpVersionFinder findNearestMatch
WARNING: Unable to find an exact match for CDP version 131, returning the closest version; found: 130; Please update to a Selenium version that supports CDP version 131
]]></system-err>
  </testcase>
  <testcase name="runScenario[&quot;Try Here Editor page with invalid data&quot;, &quot;Tree&quot;](189)" classname="TestRunners.TestRunner" time="1.831">
    <system-out><![CDATA[
Scenario: Binary Tree Traversals                                      &amp#27;[90m# src/test/resources/Features/Tree.feature:382&amp#27;[0m
  &amp#27;[32mAnd &amp#27;[0m&amp#27;[32mThe user clicks Try Here button&amp#27;[0m                                   &amp#27;[90m# StepDefinitions.Tree.the_user_clicks_try_here_button()&amp#27;[0m
  &amp#27;[32mWhen &amp#27;[0m&amp#27;[32mThe user writes the invalid python code and clicks on Run button&amp#27;[0m &amp#27;[90m# StepDefinitions.Tree.the_user_writes_the_invalid_python_code_and_clicks_on_run_button()&amp#27;[0m
  &amp#27;[32mThen &amp#27;[0m&amp#27;[32mThe user see error msg in alert window&amp#27;[0m                           &amp#27;[90m# StepDefinitions.Tree.the_user_see_error_msg_in_alert_window()&amp#27;[0m
[INFO ] 2024-12-09 22:28:34.106 [TestNG-PoolService-1] Hooks - ======================  Test Execution is completed!! ======================
]]></system-out>
  </testcase>
  <testcase name="runScenario[&quot;Try Here Editor page with alert message&quot;, &quot;Tree&quot;](190)" classname="TestRunners.TestRunner" time="0"/>
  <testcase name="runScenario[&quot;Try Here Editor page with alert message&quot;, &quot;Tree&quot;](190)" classname="TestRunners.TestRunner" time="9.113">
    <system-out><![CDATA[
Scenario: Implementation of Binary Trees                             &amp#27;[90m# src/test/resources/Features/Tree.feature:389&amp#27;[0m
[INFO ] 2024-12-09 22:16:45.992 [TestNG-PoolService-1] Hooks - ======================  New Test Execution is STARTED!! ======================
  &amp#27;[32mGiven &amp#27;[0m&amp#27;[32mThe user is on the DS Introduction page as signedIn&amp#27;[0m            &amp#27;[90m# StepDefinitions.DSIntroductionDetails.the_user_is_on_the_ds_introduction_page_as_signed_in()&amp#27;[0m
[INFO ] 2024-12-09 22:16:48.325 [TestNG-PoolService-3] Hooks - ======================  New Test Execution is STARTED!! ======================
  &amp#27;[32mAnd &amp#27;[0m&amp#27;[32mUser clicks on Get Started button from Tree panel&amp#27;[0m                &amp#27;[90m# StepDefinitions.Tree.user_clicks_on_get_started_button_from_tree_panel()&amp#27;[0m
  &amp#27;[32mGiven &amp#27;[0m&amp#27;[32mThe user is on the Binary Tree Traversals page&amp#27;[0m                 &amp#27;[90m# StepDefinitions.Tree.the_user_is_on_the_binary_tree_traversals_page()&amp#27;[0m
[INFO ] 2024-12-09 22:16:50.043 [TestNG-PoolService-2] Hooks - ======================  New Test Execution is STARTED!! ======================
  &amp#27;[32mAnd &amp#27;[0m&amp#27;[32mThe user clicks Try Here button&amp#27;[0m                                  &amp#27;[90m# StepDefinitions.Tree.the_user_clicks_try_here_button()&amp#27;[0m
  &amp#27;[32mAnd &amp#27;[0m&amp#27;[32mThe user writes the invalid python code and clicks on Run button&amp#27;[0m &amp#27;[90m# StepDefinitions.Tree.the_user_writes_the_invalid_python_code_and_clicks_on_run_button()&amp#27;[0m
  &amp#27;[32mWhen &amp#27;[0m&amp#27;[32mThe user clicks the ok button in the alert window&amp#27;[0m               &amp#27;[90m# StepDefinitions.Tree.the_user_clicks_the_ok_button_in_the_alert_window()&amp#27;[0m
  &amp#27;[32mThen &amp#27;[0m&amp#27;[32mAlert message window is dismissed and user stays on Editor page&amp#27;[0m &amp#27;[90m# StepDefinitions.Tree.Alert_message_window_is_dismissed_and_user_stays_on_Editor_page()&amp#27;[0m
[INFO ] 2024-12-09 22:16:51.039 [TestNG-PoolService-1] Hooks - ======================  Test Execution is completed!! ======================
  &amp#27;[32mGiven &amp#27;[0m&amp#27;[32mThe user is on the DS Introduction page as signedIn&amp#27;[0m           &amp#27;[90m# StepDefinitions.DSIntroductionDetails.the_user_is_on_the_ds_introduction_page_as_signed_in()&amp#27;[0m
  &amp#27;[32mAnd &amp#27;[0m&amp#27;[32mUser clicks on Get Started button from Tree panel&amp#27;[0m               &amp#27;[90m# StepDefinitions.Tree.user_clicks_on_get_started_button_from_tree_panel()&amp#27;[0m
  &amp#27;[32mGiven &amp#27;[0m&amp#27;[32mThe user is on the Binary Tree Traversals page&amp#27;[0m                &amp#27;[90m# StepDefinitions.Tree.the_user_is_on_the_binary_tree_traversals_page()&amp#27;[0m
  &amp#27;[32mGiven &amp#27;[0m&amp#27;[32mThe user is on the DS Introduction page as signedIn&amp#27;[0m          &amp#27;[90m# StepDefinitions.DSIntroductionDetails.the_user_is_on_the_ds_introduction_page_as_signed_in()&amp#27;[0m
  &amp#27;[32mWhen &amp#27;[0m&amp#27;[32mThe user clicks Implementation of Binary Trees button&amp#27;[0m          &amp#27;[90m# StepDefinitions.Tree.the_user_clicks_implementation_of_binary_trees_button()&amp#27;[0m
  &amp#27;[32mThen &amp#27;[0m&amp#27;[32mThe user is redirected to Implementation of Binary Trees page.&amp#27;[0m &amp#27;[90m# StepDefinitions.Tree.the_user_is_redirected_to_implementation_of_binary_trees_page()&amp#27;[0m
[INFO ] 2024-12-09 22:16:52.271 [TestNG-PoolService-3] Hooks - ======================  Test Execution is completed!! ======================
  &amp#27;[32mAnd &amp#27;[0m&amp#27;[32mUser clicks on Get Started button from Tree panel&amp#27;[0m              &amp#27;[90m# StepDefinitions.Tree.user_clicks_on_get_started_button_from_tree_panel()&amp#27;[0m
  &amp#27;[32mGiven &amp#27;[0m&amp#27;[32mThe user is on the Implementation of Binary Trees page&amp#27;[0m       &amp#27;[90m# StepDefinitions.Tree.the_user_is_on_the_implementation_of_binary_trees_page()&amp#27;[0m
]]></system-out>
  </testcase>
  <testcase name="runScenario[&quot;Try Here Editor page with alert message&quot;, &quot;Tree&quot;](190)" classname="TestRunners.TestRunner" time="8.546">
    <failure message="element not interactable&#10;  (Session info: MicrosoftEdge=131.0.2903.86)&#10;Build info: version: &apos;4.26.0&apos;, revision: &apos;8ccf0219d7&apos;&#10;System info: os.name: &apos;Windows 11&apos;, os.arch: &apos;amd64&apos;, os.version: &apos;10.0&apos;, java.version: &apos;21.0.5&apos;&#10;Driver info: org.openqa.selenium.edge.EdgeDriver&#10;Command: [bb5b2afd39e35b2a6d965d6ab8f92ce2, sendKeysToElement {value=[Ljava.lang.CharSequence;@40981f28, id=f.D8F7323535F1DB9C3381B60156E6FCF9.d.308BBB30753AB9956EC7B35C661493AD.e.38}]&#10;Capabilities {acceptInsecureCerts: false, browserName: MicrosoftEdge, browserVersion: 131.0.2903.86, fedcm:accounts: true, ms:edgeOptions: {debuggerAddress: localhost:51289}, msedge: {msedgedriverVersion: 131.0.2903.86 (cf5bf303997c..., userDataDir: C:\Users\vamsh\AppData\Loca...}, networkConnectionEnabled: false, pageLoadStrategy: normal, platformName: windows, proxy: Proxy(), se:cdp: ws://localhost:51289/devtoo..., se:cdpVersion: 131.0.2903.86, setWindowRect: true, strictFileInteractability: false, timeouts: {implicit: 0, pageLoad: 300000, script: 30000}, unhandledPromptBehavior: dismiss and notify, webauthn:extension:credBlob: true, webauthn:extension:largeBlob: true, webauthn:extension:minPinLength: true, webauthn:extension:prf: true, webauthn:virtualAuthenticators: true}&#10;Element: [[EdgeDriver: MicrosoftEdge on windows (bb5b2afd39e35b2a6d965d6ab8f92ce2)] -&gt; css selector: .CodeMirror textarea]&#10;Session ID: bb5b2afd39e35b2a6d965d6ab8f92ce2" type="org.openqa.selenium.ElementNotInteractableException"><![CDATA[org.openqa.selenium.ElementNotInteractableException: 
element not interactable
  (Session info: MicrosoftEdge=131.0.2903.86)
Build info: version: '4.26.0', revision: '8ccf0219d7'
System info: os.name: 'Windows 11', os.arch: 'amd64', os.version: '10.0', java.version: '21.0.5'
Driver info: org.openqa.selenium.edge.EdgeDriver
Command: [bb5b2afd39e35b2a6d965d6ab8f92ce2, sendKeysToElement {value=[Ljava.lang.CharSequence;@40981f28, id=f.D8F7323535F1DB9C3381B60156E6FCF9.d.308BBB30753AB9956EC7B35C661493AD.e.38}]
Capabilities {acceptInsecureCerts: false, browserName: MicrosoftEdge, browserVersion: 131.0.2903.86, fedcm:accounts: true, ms:edgeOptions: {debuggerAddress: localhost:51289}, msedge: {msedgedriverVersion: 131.0.2903.86 (cf5bf303997c..., userDataDir: C:\Users\vamsh\AppData\Loca...}, networkConnectionEnabled: false, pageLoadStrategy: normal, platformName: windows, proxy: Proxy(), se:cdp: ws://localhost:51289/devtoo..., se:cdpVersion: 131.0.2903.86, setWindowRect: true, strictFileInteractability: false, timeouts: {implicit: 0, pageLoad: 300000, script: 30000}, unhandledPromptBehavior: dismiss and notify, webauthn:extension:credBlob: true, webauthn:extension:largeBlob: true, webauthn:extension:minPinLength: true, webauthn:extension:prf: true, webauthn:virtualAuthenticators: true}
Element: [[EdgeDriver: MicrosoftEdge on windows (bb5b2afd39e35b2a6d965d6ab8f92ce2)] -> css selector: .CodeMirror textarea]
Session ID: bb5b2afd39e35b2a6d965d6ab8f92ce2
]]></failure>
    <system-out><![CDATA[
Scenario: Implementation of Binary Trees                             &amp#27;[90m# src/test/resources/Features/Tree.feature:389&amp#27;[0m
[INFO ] 2024-12-09 22:28:36.765 [TestNG-PoolService-2] Hooks - ======================  New Test Execution is STARTED!! ======================
[INFO ] 2024-12-09 22:28:37.352 [TestNG-PoolService-3] Hooks - ======================  New Test Execution is STARTED!! ======================
[INFO ] 2024-12-09 22:28:39.238 [TestNG-PoolService-1] Hooks - ======================  New Test Execution is STARTED!! ======================
  &amp#27;[32mGiven &amp#27;[0m&amp#27;[32mThe user is on the DS Introduction page as signedIn&amp#27;[0m            &amp#27;[90m# StepDefinitions.DSIntroductionDetails.the_user_is_on_the_ds_introduction_page_as_signed_in()&amp#27;[0m
  &amp#27;[32mAnd &amp#27;[0m&amp#27;[32mUser clicks on Get Started button from Tree panel&amp#27;[0m                &amp#27;[90m# StepDefinitions.Tree.user_clicks_on_get_started_button_from_tree_panel()&amp#27;[0m
  &amp#27;[32mGiven &amp#27;[0m&amp#27;[32mThe user is on the Binary Tree Traversals page&amp#27;[0m                 &amp#27;[90m# StepDefinitions.Tree.the_user_is_on_the_binary_tree_traversals_page()&amp#27;[0m
  &amp#27;[32mGiven &amp#27;[0m&amp#27;[32mThe user is on the DS Introduction page as signedIn&amp#27;[0m           &amp#27;[90m# StepDefinitions.DSIntroductionDetails.the_user_is_on_the_ds_introduction_page_as_signed_in()&amp#27;[0m
  &amp#27;[32mAnd &amp#27;[0m&amp#27;[32mUser clicks on Get Started button from Tree panel&amp#27;[0m               &amp#27;[90m# StepDefinitions.Tree.user_clicks_on_get_started_button_from_tree_panel()&amp#27;[0m
  &amp#27;[32mAnd &amp#27;[0m&amp#27;[32mThe user clicks Try Here button&amp#27;[0m                                  &amp#27;[90m# StepDefinitions.Tree.the_user_clicks_try_here_button()&amp#27;[0m
  &amp#27;[31mAnd &amp#27;[0m&amp#27;[31mThe user writes the invalid python code and clicks on Run button&amp#27;[0m &amp#27;[90m# StepDefinitions.Tree.the_user_writes_the_invalid_python_code_and_clicks_on_run_button()&amp#27;[0m
      &amp#27;[31morg.openqa.selenium.ElementNotInteractableException: element not interactable
  (Session info: MicrosoftEdge=131.0.2903.86)
Build info: version: '4.26.0', revision: '8ccf0219d7'
System info: os.name: 'Windows 11', os.arch: 'amd64', os.version: '10.0', java.version: '21.0.5'
Driver info: org.openqa.selenium.edge.EdgeDriver
Command: [bb5b2afd39e35b2a6d965d6ab8f92ce2, sendKeysToElement {value=[Ljava.lang.CharSequence;@40981f28, id=f.D8F7323535F1DB9C3381B60156E6FCF9.d.308BBB30753AB9956EC7B35C661493AD.e.38}]
Capabilities {acceptInsecureCerts: false, browserName: MicrosoftEdge, browserVersion: 131.0.2903.86, fedcm:accounts: true, ms:edgeOptions: {debuggerAddress: localhost:51289}, msedge: {msedgedriverVersion: 131.0.2903.86 (cf5bf303997c..., userDataDir: C:\Users\vamsh\AppData\Loca...}, networkConnectionEnabled: false, pageLoadStrategy: normal, platformName: windows, proxy: Proxy(), se:cdp: ws://localhost:51289/devtoo..., se:cdpVersion: 131.0.2903.86, setWindowRect: true, strictFileInteractability: false, timeouts: {implicit: 0, pageLoad: 300000, script: 30000}, unhandledPromptBehavior: dismiss and notify, webauthn:extension:credBlob: true, webauthn:extension:largeBlob: true, webauthn:extension:minPinLength: true, webauthn:extension:prf: true, webauthn:virtualAuthenticators: true}
Element: [[EdgeDriver: MicrosoftEdge on windows (bb5b2afd39e35b2a6d965d6ab8f92ce2)] -> css selector: .CodeMirror textarea]
Session ID: bb5b2afd39e35b2a6d965d6ab8f92ce2
	at java.base/jdk.internal.reflect.DirectConstructorHandleAccessor.newInstance(DirectConstructorHandleAccessor.java:62)
	at java.base/java.lang.reflect.Constructor.newInstanceWithCaller(Constructor.java:502)
	at java.base/java.lang.reflect.Constructor.newInstance(Constructor.java:486)
	at org.openqa.selenium.remote.ErrorCodec.decode(ErrorCodec.java:167)
	at org.openqa.selenium.remote.codec.w3c.W3CHttpResponseCodec.decode(W3CHttpResponseCodec.java:138)
	at org.openqa.selenium.remote.codec.w3c.W3CHttpResponseCodec.decode(W3CHttpResponseCodec.java:50)
	at org.openqa.selenium.remote.HttpCommandExecutor.execute(HttpCommandExecutor.java:190)
	at org.openqa.selenium.remote.service.DriverCommandExecutor.invokeExecute(DriverCommandExecutor.java:216)
	at org.openqa.selenium.remote.service.DriverCommandExecutor.execute(DriverCommandExecutor.java:174)
	at org.openqa.selenium.remote.RemoteWebDriver.execute(RemoteWebDriver.java:545)
	at org.openqa.selenium.remote.RemoteWebElement.execute(RemoteWebElement.java:223)
	at org.openqa.selenium.remote.RemoteWebElement.sendKeys(RemoteWebElement.java:110)
	at PageObjects.TreePage.writeInTryEditorWindow(TreePage.java:357)
	at StepDefinitions.Tree.the_user_writes_the_invalid_python_code_and_clicks_on_run_button(Tree.java:96)
	at ✽.The user writes the invalid python code and clicks on Run button(file:///C:/Projects/Repo1/src/test/resources/Features/Tree.feature:378)
&amp#27;[0m
  &amp#27;[36mWhen &amp#27;[0m&amp#27;[36mThe user clicks the ok button in the alert window&amp#27;[0m               &amp#27;[90m# StepDefinitions.Tree.the_user_clicks_the_ok_button_in_the_alert_window()&amp#27;[0m
  &amp#27;[36mThen &amp#27;[0m&amp#27;[36mAlert message window is dismissed and user stays on Editor page&amp#27;[0m &amp#27;[90m# StepDefinitions.Tree.Alert_message_window_is_dismissed_and_user_stays_on_Editor_page()&amp#27;[0m
[ERROR] 2024-12-09 22:28:42.388 [TestNG-PoolService-2] Hooks - ======================  TEST CASE FAILED !! ======================

    Embedding screenshot [image/png 7890 bytes]

[INFO ] 2024-12-09 22:28:42.566 [TestNG-PoolService-2] Hooks - ======================  Screenshot is captured  ======================
[INFO ] 2024-12-09 22:28:42.574 [TestNG-PoolService-2] Hooks - ======================  Test Execution is completed!! ======================
  &amp#27;[32mGiven &amp#27;[0m&amp#27;[32mThe user is on the Binary Tree Traversals page&amp#27;[0m                &amp#27;[90m# StepDefinitions.Tree.the_user_is_on_the_binary_tree_traversals_page()&amp#27;[0m
  &amp#27;[32mWhen &amp#27;[0m&amp#27;[32mThe user clicks Implementation of Binary Trees button&amp#27;[0m          &amp#27;[90m# StepDefinitions.Tree.the_user_clicks_implementation_of_binary_trees_button()&amp#27;[0m
  &amp#27;[32mThen &amp#27;[0m&amp#27;[32mThe user is redirected to Implementation of Binary Trees page.&amp#27;[0m &amp#27;[90m# StepDefinitions.Tree.the_user_is_redirected_to_implementation_of_binary_trees_page()&amp#27;[0m
[INFO ] 2024-12-09 22:28:43.094 [TestNG-PoolService-3] Hooks - ======================  Test Execution is completed!! ======================
  &amp#27;[32mGiven &amp#27;[0m&amp#27;[32mThe user is on the DS Introduction page as signedIn&amp#27;[0m          &amp#27;[90m# StepDefinitions.DSIntroductionDetails.the_user_is_on_the_ds_introduction_page_as_signed_in()&amp#27;[0m
  &amp#27;[32mAnd &amp#27;[0m&amp#27;[32mUser clicks on Get Started button from Tree panel&amp#27;[0m              &amp#27;[90m# StepDefinitions.Tree.user_clicks_on_get_started_button_from_tree_panel()&amp#27;[0m
  &amp#27;[32mGiven &amp#27;[0m&amp#27;[32mThe user is on the Implementation of Binary Trees page&amp#27;[0m       &amp#27;[90m# StepDefinitions.Tree.the_user_is_on_the_implementation_of_binary_trees_page()&amp#27;[0m
]]></system-out>
    <system-err><![CDATA[Dec 09, 2024 10:28:36 PM org.openqa.selenium.devtools.CdpVersionFinder findNearestMatch
WARNING: Unable to find an exact match for CDP version 131, returning the closest version; found: 130; Please update to a Selenium version that supports CDP version 131
Dec 09, 2024 10:28:37 PM org.openqa.selenium.devtools.CdpVersionFinder findNearestMatch
WARNING: Unable to find an exact match for CDP version 131, returning the closest version; found: 130; Please update to a Selenium version that supports CDP version 131
Dec 09, 2024 10:28:39 PM org.openqa.selenium.devtools.CdpVersionFinder findNearestMatch
WARNING: Unable to find an exact match for CDP version 131, returning the closest version; found: 130; Please update to a Selenium version that supports CDP version 131
]]></system-err>
  </testcase>
  <testcase name="runScenario[&quot;Binary Tree Traversals&quot;, &quot;Tree&quot;](191)" classname="TestRunners.TestRunner" time="2.293">
    <system-out><![CDATA[
Scenario: Implementation of Binary Trees                             &amp#27;[90m# src/test/resources/Features/Tree.feature:389&amp#27;[0m

Scenario: Try Here Editor page with empty code                               &amp#27;[90m# src/test/resources/Features/Tree.feature:395&amp#27;[0m
  &amp#27;[32mGiven &amp#27;[0m&amp#27;[32mThe user is on the DS Introduction page as signedIn&amp#27;[0m           &amp#27;[90m# StepDefinitions.DSIntroductionDetails.the_user_is_on_the_ds_introduction_page_as_signed_in()&amp#27;[0m
  &amp#27;[32mAnd &amp#27;[0m&amp#27;[32mUser clicks on Get Started button from Tree panel&amp#27;[0m               &amp#27;[90m# StepDefinitions.Tree.user_clicks_on_get_started_button_from_tree_panel()&amp#27;[0m
[INFO ] 2024-12-09 22:02:57.948 [TestNG-PoolService-3] Hooks - ======================  New Test Execution is STARTED!! ======================
[INFO ] 2024-12-09 22:02:58.057 [TestNG-PoolService-1] Hooks - ======================  New Test Execution is STARTED!! ======================
  &amp#27;[32mGiven &amp#27;[0m&amp#27;[32mThe user is on the Binary Tree Traversals page&amp#27;[0m                &amp#27;[90m# StepDefinitions.Tree.the_user_is_on_the_binary_tree_traversals_page()&amp#27;[0m
  &amp#27;[32mWhen &amp#27;[0m&amp#27;[32mThe user clicks Implementation of Binary Trees button&amp#27;[0m          &amp#27;[90m# StepDefinitions.Tree.the_user_clicks_implementation_of_binary_trees_button()&amp#27;[0m
  &amp#27;[32mThen &amp#27;[0m&amp#27;[32mThe user is redirected to Implementation of Binary Trees page.&amp#27;[0m &amp#27;[90m# StepDefinitions.Tree.the_user_is_redirected_to_implementation_of_binary_trees_page()&amp#27;[0m
[INFO ] 2024-12-09 22:02:58.391 [TestNG-PoolService-2] Hooks - ======================  Test Execution is completed!! ======================
]]></system-out>
    <system-err><![CDATA[Dec 09, 2024 10:02:57 PM org.openqa.selenium.devtools.CdpVersionFinder findNearestMatch
WARNING: Unable to find an exact match for CDP version 131, returning the closest version; found: 130; Please update to a Selenium version that supports CDP version 131
Dec 09, 2024 10:02:57 PM org.openqa.selenium.devtools.CdpVersionFinder findNearestMatch
WARNING: Unable to find an exact match for CDP version 131, returning the closest version; found: 130; Please update to a Selenium version that supports CDP version 131
]]></system-err>
  </testcase>
  <testcase name="runScenario[&quot;Binary Tree Traversals&quot;, &quot;Tree&quot;](191)" classname="TestRunners.TestRunner" time="1.047">
    <system-out><![CDATA[
Scenario: Try Here Editor page with empty code                               &amp#27;[90m# src/test/resources/Features/Tree.feature:395&amp#27;[0m
  &amp#27;[32mWhen &amp#27;[0m&amp#27;[32mThe user clicks Try Here button&amp#27;[0m                               &amp#27;[90m# StepDefinitions.Tree.the_user_clicks_try_here_button()&amp#27;[0m
  &amp#27;[32mThen &amp#27;[0m&amp#27;[32mThe user is redirected to a page having Editor and run button&amp#27;[0m &amp#27;[90m# StepDefinitions.Tree.the_user_is_redirected_to_a_page_having_editor_and_run_button()&amp#27;[0m
[INFO ] 2024-12-09 22:16:53.709 [TestNG-PoolService-2] Hooks - ======================  Test Execution is completed!! ======================
]]></system-out>
  </testcase>
  <testcase name="runScenario[&quot;Binary Tree Traversals&quot;, &quot;Tree&quot;](191)" classname="TestRunners.TestRunner" time="0.535">
    <system-out><![CDATA[
Scenario: Try Here Editor page with empty code                               &amp#27;[90m# src/test/resources/Features/Tree.feature:395&amp#27;[0m
  &amp#27;[32mWhen &amp#27;[0m&amp#27;[32mThe user clicks Try Here button&amp#27;[0m                               &amp#27;[90m# StepDefinitions.Tree.the_user_clicks_try_here_button()&amp#27;[0m
]]></system-out>
  </testcase>
  <testcase name="runScenario[&quot;Implementation of Binary Trees&quot;, &quot;Tree&quot;](192)" classname="TestRunners.TestRunner" time="4.564">
    <system-out><![CDATA[
Scenario: Try Here Editor page with valid data                        &amp#27;[90m# src/test/resources/Features/Tree.feature:402&amp#27;[0m
[INFO ] 2024-12-09 22:02:59.986 [TestNG-PoolService-2] Hooks - ======================  New Test Execution is STARTED!! ======================
  &amp#27;[32mGiven &amp#27;[0m&amp#27;[32mThe user is on the DS Introduction page as signedIn&amp#27;[0m                  &amp#27;[90m# StepDefinitions.DSIntroductionDetails.the_user_is_on_the_ds_introduction_page_as_signed_in()&amp#27;[0m
  &amp#27;[32mGiven &amp#27;[0m&amp#27;[32mThe user is on the DS Introduction page as signedIn&amp#27;[0m          &amp#27;[90m# StepDefinitions.DSIntroductionDetails.the_user_is_on_the_ds_introduction_page_as_signed_in()&amp#27;[0m
  &amp#27;[32mAnd &amp#27;[0m&amp#27;[32mUser clicks on Get Started button from Tree panel&amp#27;[0m                      &amp#27;[90m# StepDefinitions.Tree.user_clicks_on_get_started_button_from_tree_panel()&amp#27;[0m
  &amp#27;[32mAnd &amp#27;[0m&amp#27;[32mUser clicks on Get Started button from Tree panel&amp#27;[0m              &amp#27;[90m# StepDefinitions.Tree.user_clicks_on_get_started_button_from_tree_panel()&amp#27;[0m
  &amp#27;[32mGiven &amp#27;[0m&amp#27;[32mThe user is on the Implementation of Binary Trees page&amp#27;[0m               &amp#27;[90m# StepDefinitions.Tree.the_user_is_on_the_implementation_of_binary_trees_page()&amp#27;[0m
  &amp#27;[32mGiven &amp#27;[0m&amp#27;[32mThe user is on the Implementation of Binary Trees page&amp#27;[0m       &amp#27;[90m# StepDefinitions.Tree.the_user_is_on_the_implementation_of_binary_trees_page()&amp#27;[0m
  &amp#27;[32mAnd &amp#27;[0m&amp#27;[32mThe user clicks Try Here button&amp#27;[0m                                        &amp#27;[90m# StepDefinitions.Tree.the_user_clicks_try_here_button()&amp#27;[0m
  &amp#27;[32mWhen &amp#27;[0m&amp#27;[32mThe user clicks Try Here button&amp#27;[0m                               &amp#27;[90m# StepDefinitions.Tree.the_user_clicks_try_here_button()&amp#27;[0m
  &amp#27;[32mThen &amp#27;[0m&amp#27;[32mThe user is redirected to a page having Editor and run button&amp#27;[0m &amp#27;[90m# StepDefinitions.Tree.the_user_is_redirected_to_a_page_having_editor_and_run_button()&amp#27;[0m
[INFO ] 2024-12-09 22:03:02.939 [TestNG-PoolService-1] Hooks - ======================  Test Execution is completed!! ======================
  &amp#27;[32mWhen &amp#27;[0m&amp#27;[32mThe user writes no code inside editor window and clicks on Run button&amp#27;[0m &amp#27;[90m# StepDefinitions.Tree.the_user_writes_no_code_inside_editor_window_and_clicks_on_run_button()&amp#27;[0m
  &amp#27;[32mThen &amp#27;[0m&amp#27;[32mNothing happens to the Editor page and no error message is displayed&amp#27;[0m  &amp#27;[90m# StepDefinitions.Tree.nothing_happens_to_the_editor_page_and_no_error_message_is_displayed()&amp#27;[0m
[INFO ] 2024-12-09 22:03:03.123 [TestNG-PoolService-3] Hooks - ======================  Test Execution is completed!! ======================
]]></system-out>
    <system-err><![CDATA[Dec 09, 2024 10:02:59 PM org.openqa.selenium.devtools.CdpVersionFinder findNearestMatch
WARNING: Unable to find an exact match for CDP version 131, returning the closest version; found: 130; Please update to a Selenium version that supports CDP version 131
]]></system-err>
  </testcase>
  <testcase name="runScenario[&quot;Implementation of Binary Trees&quot;, &quot;Tree&quot;](192)" classname="TestRunners.TestRunner" time="1.063">
    <system-out><![CDATA[
Scenario: Try Here Editor page with valid data                        &amp#27;[90m# src/test/resources/Features/Tree.feature:402&amp#27;[0m
]]></system-out>
  </testcase>
  <testcase name="runScenario[&quot;Implementation of Binary Trees&quot;, &quot;Tree&quot;](192)" classname="TestRunners.TestRunner" time="1.481">
    <system-out><![CDATA[
Scenario: Try Here Editor page with valid data                        &amp#27;[90m# src/test/resources/Features/Tree.feature:402&amp#27;[0m
  &amp#27;[32mThen &amp#27;[0m&amp#27;[32mThe user is redirected to a page having Editor and run button&amp#27;[0m &amp#27;[90m# StepDefinitions.Tree.the_user_is_redirected_to_a_page_having_editor_and_run_button()&amp#27;[0m
[INFO ] 2024-12-09 22:28:44.592 [TestNG-PoolService-1] Hooks - ======================  Test Execution is completed!! ======================
[INFO ] 2024-12-09 22:28:45.634 [TestNG-PoolService-2] Hooks - ======================  New Test Execution is STARTED!! ======================
]]></system-out>
    <system-err><![CDATA[Dec 09, 2024 10:28:45 PM org.openqa.selenium.devtools.CdpVersionFinder findNearestMatch
WARNING: Unable to find an exact match for CDP version 131, returning the closest version; found: 130; Please update to a Selenium version that supports CDP version 131
]]></system-err>
  </testcase>
  <testcase name="runScenario[&quot;Try Here Editor page with empty code&quot;, &quot;Tree&quot;](193)" classname="TestRunners.TestRunner" time="0.119">
    <system-out><![CDATA[
Scenario: Try Here Editor page with invalid data                        &amp#27;[90m# src/test/resources/Features/Tree.feature:409&amp#27;[0m
]]></system-out>
  </testcase>
  <testcase name="runScenario[&quot;Try Here Editor page with empty code&quot;, &quot;Tree&quot;](193)" classname="TestRunners.TestRunner" time="10.571">
    <system-out><![CDATA[
Scenario: Try Here Editor page with invalid data                        &amp#27;[90m# src/test/resources/Features/Tree.feature:409&amp#27;[0m
[INFO ] 2024-12-09 22:16:58.306 [TestNG-PoolService-1] Hooks - ======================  New Test Execution is STARTED!! ======================
[INFO ] 2024-12-09 22:16:59.542 [TestNG-PoolService-3] Hooks - ======================  New Test Execution is STARTED!! ======================
[INFO ] 2024-12-09 22:17:00.610 [TestNG-PoolService-2] Hooks - ======================  New Test Execution is STARTED!! ======================
  &amp#27;[32mGiven &amp#27;[0m&amp#27;[32mThe user is on the DS Introduction page as signedIn&amp#27;[0m                  &amp#27;[90m# StepDefinitions.DSIntroductionDetails.the_user_is_on_the_ds_introduction_page_as_signed_in()&amp#27;[0m
  &amp#27;[32mAnd &amp#27;[0m&amp#27;[32mUser clicks on Get Started button from Tree panel&amp#27;[0m                      &amp#27;[90m# StepDefinitions.Tree.user_clicks_on_get_started_button_from_tree_panel()&amp#27;[0m
  &amp#27;[32mGiven &amp#27;[0m&amp#27;[32mThe user is on the Implementation of Binary Trees page&amp#27;[0m               &amp#27;[90m# StepDefinitions.Tree.the_user_is_on_the_implementation_of_binary_trees_page()&amp#27;[0m
  &amp#27;[32mGiven &amp#27;[0m&amp#27;[32mThe user is on the DS Introduction page as signedIn&amp#27;[0m           &amp#27;[90m# StepDefinitions.DSIntroductionDetails.the_user_is_on_the_ds_introduction_page_as_signed_in()&amp#27;[0m
  &amp#27;[32mGiven &amp#27;[0m&amp#27;[32mThe user is on the DS Introduction page as signedIn&amp#27;[0m             &amp#27;[90m# StepDefinitions.DSIntroductionDetails.the_user_is_on_the_ds_introduction_page_as_signed_in()&amp#27;[0m
  &amp#27;[32mAnd &amp#27;[0m&amp#27;[32mUser clicks on Get Started button from Tree panel&amp#27;[0m               &amp#27;[90m# StepDefinitions.Tree.user_clicks_on_get_started_button_from_tree_panel()&amp#27;[0m
  &amp#27;[32mAnd &amp#27;[0m&amp#27;[32mUser clicks on Get Started button from Tree panel&amp#27;[0m                 &amp#27;[90m# StepDefinitions.Tree.user_clicks_on_get_started_button_from_tree_panel()&amp#27;[0m
  &amp#27;[32mGiven &amp#27;[0m&amp#27;[32mThe user is on the Implementation of Binary Trees page&amp#27;[0m        &amp#27;[90m# StepDefinitions.Tree.the_user_is_on_the_implementation_of_binary_trees_page()&amp#27;[0m
  &amp#27;[32mGiven &amp#27;[0m&amp#27;[32mThe user is on the Implementation of Binary Trees page&amp#27;[0m          &amp#27;[90m# StepDefinitions.Tree.the_user_is_on_the_implementation_of_binary_trees_page()&amp#27;[0m
  &amp#27;[32mAnd &amp#27;[0m&amp#27;[32mThe user clicks Try Here button&amp#27;[0m                                        &amp#27;[90m# StepDefinitions.Tree.the_user_clicks_try_here_button()&amp#27;[0m
  &amp#27;[32mWhen &amp#27;[0m&amp#27;[32mThe user writes no code inside editor window and clicks on Run button&amp#27;[0m &amp#27;[90m# StepDefinitions.Tree.the_user_writes_no_code_inside_editor_window_and_clicks_on_run_button()&amp#27;[0m
  &amp#27;[32mThen &amp#27;[0m&amp#27;[32mNothing happens to the Editor page and no error message is displayed&amp#27;[0m  &amp#27;[90m# StepDefinitions.Tree.nothing_happens_to_the_editor_page_and_no_error_message_is_displayed()&amp#27;[0m
[INFO ] 2024-12-09 22:17:03.866 [TestNG-PoolService-1] Hooks - ======================  Test Execution is completed!! ======================
  &amp#27;[32mAnd &amp#27;[0m&amp#27;[32mThe user clicks Try Here button&amp#27;[0m                                   &amp#27;[90m# StepDefinitions.Tree.the_user_clicks_try_here_button()&amp#27;[0m
  &amp#27;[32mAnd &amp#27;[0m&amp#27;[32mThe user clicks Try Here button&amp#27;[0m                                 &amp#27;[90m# StepDefinitions.Tree.the_user_clicks_try_here_button()&amp#27;[0m
  &amp#27;[32mWhen &amp#27;[0m&amp#27;[32mThe user writes the invalid python code and clicks on Run button&amp#27;[0m &amp#27;[90m# StepDefinitions.Tree.the_user_writes_the_invalid_python_code_and_clicks_on_run_button()&amp#27;[0m
  &amp#27;[32mThen &amp#27;[0m&amp#27;[32mThe user see error msg in alert window&amp#27;[0m                           &amp#27;[90m# StepDefinitions.Tree.the_user_see_error_msg_in_alert_window()&amp#27;[0m
[INFO ] 2024-12-09 22:17:04.803 [TestNG-PoolService-2] Hooks - ======================  Test Execution is completed!! ======================
  &amp#27;[32mWhen &amp#27;[0m&amp#27;[32mThe user writes the valid python code and clicks on Run button&amp#27;[0m &amp#27;[90m# StepDefinitions.Tree.the_user_writes_the_valid_python_code_and_clicks_on_run_button()&amp#27;[0m
  &amp#27;[32mThen &amp#27;[0m&amp#27;[32mThe user is able to see the output inside the console.&amp#27;[0m         &amp#27;[90m# StepDefinitions.Tree.the_user_is_able_to_see_the_output_inside_the_console()&amp#27;[0m
[INFO ] 2024-12-09 22:17:04.978 [TestNG-PoolService-3] Hooks - ======================  Test Execution is completed!! ======================
]]></system-out>
  </testcase>
  <testcase name="runScenario[&quot;Try Here Editor page with empty code&quot;, &quot;Tree&quot;](193)" classname="TestRunners.TestRunner" time="7.894">
    <failure message="element not interactable&#10;  (Session info: MicrosoftEdge=131.0.2903.86)&#10;Build info: version: &apos;4.26.0&apos;, revision: &apos;8ccf0219d7&apos;&#10;System info: os.name: &apos;Windows 11&apos;, os.arch: &apos;amd64&apos;, os.version: &apos;10.0&apos;, java.version: &apos;21.0.5&apos;&#10;Driver info: org.openqa.selenium.edge.EdgeDriver&#10;Command: [d02b344ce3cdd7fb90fec954245519b8, sendKeysToElement {value=[Ljava.lang.CharSequence;@64611f9c, id=f.16B161B1F405C922BE84713C89A5C079.d.87E8DE41C68405A7577203C0AD90EDE8.e.38}]&#10;Capabilities {acceptInsecureCerts: false, browserName: MicrosoftEdge, browserVersion: 131.0.2903.86, fedcm:accounts: true, ms:edgeOptions: {debuggerAddress: localhost:51481}, msedge: {msedgedriverVersion: 131.0.2903.86 (cf5bf303997c..., userDataDir: C:\Users\vamsh\AppData\Loca...}, networkConnectionEnabled: false, pageLoadStrategy: normal, platformName: windows, proxy: Proxy(), se:cdp: ws://localhost:51481/devtoo..., se:cdpVersion: 131.0.2903.86, setWindowRect: true, strictFileInteractability: false, timeouts: {implicit: 0, pageLoad: 300000, script: 30000}, unhandledPromptBehavior: dismiss and notify, webauthn:extension:credBlob: true, webauthn:extension:largeBlob: true, webauthn:extension:minPinLength: true, webauthn:extension:prf: true, webauthn:virtualAuthenticators: true}&#10;Element: [[EdgeDriver: MicrosoftEdge on windows (d02b344ce3cdd7fb90fec954245519b8)] -&gt; css selector: .CodeMirror textarea]&#10;Session ID: d02b344ce3cdd7fb90fec954245519b8" type="org.openqa.selenium.ElementNotInteractableException"><![CDATA[org.openqa.selenium.ElementNotInteractableException: 
element not interactable
  (Session info: MicrosoftEdge=131.0.2903.86)
Build info: version: '4.26.0', revision: '8ccf0219d7'
System info: os.name: 'Windows 11', os.arch: 'amd64', os.version: '10.0', java.version: '21.0.5'
Driver info: org.openqa.selenium.edge.EdgeDriver
Command: [d02b344ce3cdd7fb90fec954245519b8, sendKeysToElement {value=[Ljava.lang.CharSequence;@64611f9c, id=f.16B161B1F405C922BE84713C89A5C079.d.87E8DE41C68405A7577203C0AD90EDE8.e.38}]
Capabilities {acceptInsecureCerts: false, browserName: MicrosoftEdge, browserVersion: 131.0.2903.86, fedcm:accounts: true, ms:edgeOptions: {debuggerAddress: localhost:51481}, msedge: {msedgedriverVersion: 131.0.2903.86 (cf5bf303997c..., userDataDir: C:\Users\vamsh\AppData\Loca...}, networkConnectionEnabled: false, pageLoadStrategy: normal, platformName: windows, proxy: Proxy(), se:cdp: ws://localhost:51481/devtoo..., se:cdpVersion: 131.0.2903.86, setWindowRect: true, strictFileInteractability: false, timeouts: {implicit: 0, pageLoad: 300000, script: 30000}, unhandledPromptBehavior: dismiss and notify, webauthn:extension:credBlob: true, webauthn:extension:largeBlob: true, webauthn:extension:minPinLength: true, webauthn:extension:prf: true, webauthn:virtualAuthenticators: true}
Element: [[EdgeDriver: MicrosoftEdge on windows (d02b344ce3cdd7fb90fec954245519b8)] -> css selector: .CodeMirror textarea]
Session ID: d02b344ce3cdd7fb90fec954245519b8
]]></failure>
    <system-out><![CDATA[
Scenario: Try Here Editor page with invalid data                        &amp#27;[90m# src/test/resources/Features/Tree.feature:409&amp#27;[0m
[INFO ] 2024-12-09 22:28:48.435 [TestNG-PoolService-3] Hooks - ======================  New Test Execution is STARTED!! ======================
[INFO ] 2024-12-09 22:28:49.416 [TestNG-PoolService-1] Hooks - ======================  New Test Execution is STARTED!! ======================
  &amp#27;[32mGiven &amp#27;[0m&amp#27;[32mThe user is on the DS Introduction page as signedIn&amp#27;[0m                  &amp#27;[90m# StepDefinitions.DSIntroductionDetails.the_user_is_on_the_ds_introduction_page_as_signed_in()&amp#27;[0m
  &amp#27;[32mAnd &amp#27;[0m&amp#27;[32mUser clicks on Get Started button from Tree panel&amp#27;[0m                      &amp#27;[90m# StepDefinitions.Tree.user_clicks_on_get_started_button_from_tree_panel()&amp#27;[0m
  &amp#27;[32mGiven &amp#27;[0m&amp#27;[32mThe user is on the Implementation of Binary Trees page&amp#27;[0m               &amp#27;[90m# StepDefinitions.Tree.the_user_is_on_the_implementation_of_binary_trees_page()&amp#27;[0m
  &amp#27;[32mGiven &amp#27;[0m&amp#27;[32mThe user is on the DS Introduction page as signedIn&amp#27;[0m           &amp#27;[90m# StepDefinitions.DSIntroductionDetails.the_user_is_on_the_ds_introduction_page_as_signed_in()&amp#27;[0m
  &amp#27;[32mAnd &amp#27;[0m&amp#27;[32mThe user clicks Try Here button&amp#27;[0m                                        &amp#27;[90m# StepDefinitions.Tree.the_user_clicks_try_here_button()&amp#27;[0m
  &amp#27;[32mAnd &amp#27;[0m&amp#27;[32mUser clicks on Get Started button from Tree panel&amp#27;[0m               &amp#27;[90m# StepDefinitions.Tree.user_clicks_on_get_started_button_from_tree_panel()&amp#27;[0m
  &amp#27;[31mWhen &amp#27;[0m&amp#27;[31mThe user writes no code inside editor window and clicks on Run button&amp#27;[0m &amp#27;[90m# StepDefinitions.Tree.the_user_writes_no_code_inside_editor_window_and_clicks_on_run_button()&amp#27;[0m
      &amp#27;[31morg.openqa.selenium.ElementNotInteractableException: element not interactable
  (Session info: MicrosoftEdge=131.0.2903.86)
Build info: version: '4.26.0', revision: '8ccf0219d7'
System info: os.name: 'Windows 11', os.arch: 'amd64', os.version: '10.0', java.version: '21.0.5'
Driver info: org.openqa.selenium.edge.EdgeDriver
Command: [d02b344ce3cdd7fb90fec954245519b8, sendKeysToElement {value=[Ljava.lang.CharSequence;@64611f9c, id=f.16B161B1F405C922BE84713C89A5C079.d.87E8DE41C68405A7577203C0AD90EDE8.e.38}]
Capabilities {acceptInsecureCerts: false, browserName: MicrosoftEdge, browserVersion: 131.0.2903.86, fedcm:accounts: true, ms:edgeOptions: {debuggerAddress: localhost:51481}, msedge: {msedgedriverVersion: 131.0.2903.86 (cf5bf303997c..., userDataDir: C:\Users\vamsh\AppData\Loca...}, networkConnectionEnabled: false, pageLoadStrategy: normal, platformName: windows, proxy: Proxy(), se:cdp: ws://localhost:51481/devtoo..., se:cdpVersion: 131.0.2903.86, setWindowRect: true, strictFileInteractability: false, timeouts: {implicit: 0, pageLoad: 300000, script: 30000}, unhandledPromptBehavior: dismiss and notify, webauthn:extension:credBlob: true, webauthn:extension:largeBlob: true, webauthn:extension:minPinLength: true, webauthn:extension:prf: true, webauthn:virtualAuthenticators: true}
Element: [[EdgeDriver: MicrosoftEdge on windows (d02b344ce3cdd7fb90fec954245519b8)] -> css selector: .CodeMirror textarea]
Session ID: d02b344ce3cdd7fb90fec954245519b8
	at java.base/jdk.internal.reflect.DirectConstructorHandleAccessor.newInstance(DirectConstructorHandleAccessor.java:62)
	at java.base/java.lang.reflect.Constructor.newInstanceWithCaller(Constructor.java:502)
	at java.base/java.lang.reflect.Constructor.newInstance(Constructor.java:486)
	at org.openqa.selenium.remote.ErrorCodec.decode(ErrorCodec.java:167)
	at org.openqa.selenium.remote.codec.w3c.W3CHttpResponseCodec.decode(W3CHttpResponseCodec.java:138)
	at org.openqa.selenium.remote.codec.w3c.W3CHttpResponseCodec.decode(W3CHttpResponseCodec.java:50)
	at org.openqa.selenium.remote.HttpCommandExecutor.execute(HttpCommandExecutor.java:190)
	at org.openqa.selenium.remote.service.DriverCommandExecutor.invokeExecute(DriverCommandExecutor.java:216)
	at org.openqa.selenium.remote.service.DriverCommandExecutor.execute(DriverCommandExecutor.java:174)
	at org.openqa.selenium.remote.RemoteWebDriver.execute(RemoteWebDriver.java:545)
	at org.openqa.selenium.remote.RemoteWebElement.execute(RemoteWebElement.java:223)
	at org.openqa.selenium.remote.RemoteWebElement.sendKeys(RemoteWebElement.java:110)
	at PageObjects.TreePage.writeInTryEditorWindow(TreePage.java:357)
	at StepDefinitions.Tree.the_user_writes_no_code_inside_editor_window_and_clicks_on_run_button(Tree.java:73)
	at ✽.The user writes no code inside editor window and clicks on Run button(file:///C:/Projects/Repo1/src/test/resources/Features/Tree.feature:399)
&amp#27;[0m
  &amp#27;[36mThen &amp#27;[0m&amp#27;[36mNothing happens to the Editor page and no error message is displayed&amp#27;[0m  &amp#27;[90m# StepDefinitions.Tree.nothing_happens_to_the_editor_page_and_no_error_message_is_displayed()&amp#27;[0m
[ERROR] 2024-12-09 22:28:52.174 [TestNG-PoolService-2] Hooks - ======================  TEST CASE FAILED !! ======================

    Embedding screenshot [image/png 7890 bytes]

[INFO ] 2024-12-09 22:28:52.350 [TestNG-PoolService-2] Hooks - ======================  Screenshot is captured  ======================
[INFO ] 2024-12-09 22:28:52.351 [TestNG-PoolService-2] Hooks - ======================  Test Execution is completed!! ======================
  &amp#27;[32mGiven &amp#27;[0m&amp#27;[32mThe user is on the Implementation of Binary Trees page&amp#27;[0m        &amp#27;[90m# StepDefinitions.Tree.the_user_is_on_the_implementation_of_binary_trees_page()&amp#27;[0m
  &amp#27;[32mAnd &amp#27;[0m&amp#27;[32mThe user clicks Try Here button&amp#27;[0m                                 &amp#27;[90m# StepDefinitions.Tree.the_user_clicks_try_here_button()&amp#27;[0m
  &amp#27;[31mWhen &amp#27;[0m&amp#27;[31mThe user writes the valid python code and clicks on Run button&amp#27;[0m &amp#27;[90m# StepDefinitions.Tree.the_user_writes_the_valid_python_code_and_clicks_on_run_button()&amp#27;[0m
      &amp#27;[31morg.openqa.selenium.ElementNotInteractableException: element not interactable
  (Session info: MicrosoftEdge=131.0.2903.86)
Build info: version: '4.26.0', revision: '8ccf0219d7'
System info: os.name: 'Windows 11', os.arch: 'amd64', os.version: '10.0', java.version: '21.0.5'
Driver info: org.openqa.selenium.edge.EdgeDriver
Command: [cb5b23918300598171ffbacfceaa2394, sendKeysToElement {value=[Ljava.lang.CharSequence;@2456bd06, id=f.3053804FABAF0D2E6B605161521B0F0C.d.B075F74E50D92BEF6148174CBA49D23C.e.37}]
Capabilities {acceptInsecureCerts: false, browserName: MicrosoftEdge, browserVersion: 131.0.2903.86, fedcm:accounts: true, ms:edgeOptions: {debuggerAddress: localhost:51552}, msedge: {msedgedriverVersion: 131.0.2903.86 (cf5bf303997c..., userDataDir: C:\Users\vamsh\AppData\Loca...}, networkConnectionEnabled: false, pageLoadStrategy: normal, platformName: windows, proxy: Proxy(), se:cdp: ws://localhost:51552/devtoo..., se:cdpVersion: 131.0.2903.86, setWindowRect: true, strictFileInteractability: false, timeouts: {implicit: 0, pageLoad: 300000, script: 30000}, unhandledPromptBehavior: dismiss and notify, webauthn:extension:credBlob: true, webauthn:extension:largeBlob: true, webauthn:extension:minPinLength: true, webauthn:extension:prf: true, webauthn:virtualAuthenticators: true}
Element: [[EdgeDriver: MicrosoftEdge on windows (cb5b23918300598171ffbacfceaa2394)] -> css selector: .CodeMirror textarea]
Session ID: cb5b23918300598171ffbacfceaa2394
	at java.base/jdk.internal.reflect.DirectConstructorHandleAccessor.newInstance(DirectConstructorHandleAccessor.java:62)
	at java.base/java.lang.reflect.Constructor.newInstanceWithCaller(Constructor.java:502)
	at java.base/java.lang.reflect.Constructor.newInstance(Constructor.java:486)
	at org.openqa.selenium.remote.ErrorCodec.decode(ErrorCodec.java:167)
	at org.openqa.selenium.remote.codec.w3c.W3CHttpResponseCodec.decode(W3CHttpResponseCodec.java:138)
	at org.openqa.selenium.remote.codec.w3c.W3CHttpResponseCodec.decode(W3CHttpResponseCodec.java:50)
	at org.openqa.selenium.remote.HttpCommandExecutor.execute(HttpCommandExecutor.java:190)
	at org.openqa.selenium.remote.service.DriverCommandExecutor.invokeExecute(DriverCommandExecutor.java:216)
	at org.openqa.selenium.remote.service.DriverCommandExecutor.execute(DriverCommandExecutor.java:174)
	at org.openqa.selenium.remote.RemoteWebDriver.execute(RemoteWebDriver.java:545)
	at org.openqa.selenium.remote.RemoteWebElement.execute(RemoteWebElement.java:223)
	at org.openqa.selenium.remote.RemoteWebElement.sendKeys(RemoteWebElement.java:110)
	at PageObjects.TreePage.writeInTryEditorWindow(TreePage.java:357)
	at StepDefinitions.Tree.the_user_writes_the_valid_python_code_and_clicks_on_run_button(Tree.java:85)
	at ✽.The user writes the valid python code and clicks on Run button(file:///C:/Projects/Repo1/src/test/resources/Features/Tree.feature:406)
&amp#27;[0m
  &amp#27;[36mThen &amp#27;[0m&amp#27;[36mThe user is able to see the output inside the console.&amp#27;[0m         &amp#27;[90m# StepDefinitions.Tree.the_user_is_able_to_see_the_output_inside_the_console()&amp#27;[0m
[ERROR] 2024-12-09 22:28:53.400 [TestNG-PoolService-3] Hooks - ======================  TEST CASE FAILED !! ======================

    Embedding screenshot [image/png 7890 bytes]

[INFO ] 2024-12-09 22:28:53.577 [TestNG-PoolService-3] Hooks - ======================  Screenshot is captured  ======================
[INFO ] 2024-12-09 22:28:53.580 [TestNG-PoolService-3] Hooks - ======================  Test Execution is completed!! ======================
  &amp#27;[32mGiven &amp#27;[0m&amp#27;[32mThe user is on the DS Introduction page as signedIn&amp#27;[0m             &amp#27;[90m# StepDefinitions.DSIntroductionDetails.the_user_is_on_the_ds_introduction_page_as_signed_in()&amp#27;[0m
]]></system-out>
    <system-err><![CDATA[Dec 09, 2024 10:28:48 PM org.openqa.selenium.devtools.CdpVersionFinder findNearestMatch
WARNING: Unable to find an exact match for CDP version 131, returning the closest version; found: 130; Please update to a Selenium version that supports CDP version 131
Dec 09, 2024 10:28:49 PM org.openqa.selenium.devtools.CdpVersionFinder findNearestMatch
WARNING: Unable to find an exact match for CDP version 131, returning the closest version; found: 130; Please update to a Selenium version that supports CDP version 131
]]></system-err>
  </testcase>
  <testcase name="runScenario[&quot;Try Here Editor page with valid data&quot;, &quot;Tree&quot;](194)" classname="TestRunners.TestRunner" time="2.988">
    <failure message="element not interactable&#10;  (Session info: chrome=131.0.6778.109)&#10;Build info: version: &apos;4.26.0&apos;, revision: &apos;8ccf0219d7&apos;&#10;System info: os.name: &apos;Windows 11&apos;, os.arch: &apos;amd64&apos;, os.version: &apos;10.0&apos;, java.version: &apos;21.0.5&apos;&#10;Driver info: org.openqa.selenium.chrome.ChromeDriver&#10;Command: [03d0d93a84296a73041171362cadbdab, sendKeysToElement {value=[Ljava.lang.CharSequence;@10fe09f7, id=f.DA518BA3CE738740CE0B005C80DF2E4A.d.ECDAE823F92F2158E744E95216C95D9A.e.51}]&#10;Capabilities {acceptInsecureCerts: false, browserName: chrome, browserVersion: 131.0.6778.109, chrome: {chromedriverVersion: 131.0.6778.87 (ce31cae94873..., userDataDir: C:\Users\vamsh\AppData\Loca...}, fedcm:accounts: true, goog:chromeOptions: {debuggerAddress: localhost:62990}, networkConnectionEnabled: false, pageLoadStrategy: normal, platformName: windows, proxy: Proxy(), se:cdp: ws://localhost:62990/devtoo..., se:cdpVersion: 131.0.6778.109, setWindowRect: true, strictFileInteractability: false, timeouts: {implicit: 0, pageLoad: 300000, script: 30000}, unhandledPromptBehavior: dismiss and notify, webauthn:extension:credBlob: true, webauthn:extension:largeBlob: true, webauthn:extension:minPinLength: true, webauthn:extension:prf: true, webauthn:virtualAuthenticators: true}&#10;Element: [[ChromeDriver: chrome on windows (03d0d93a84296a73041171362cadbdab)] -&gt; css selector: .CodeMirror textarea]&#10;Session ID: 03d0d93a84296a73041171362cadbdab" type="org.openqa.selenium.ElementNotInteractableException"><![CDATA[org.openqa.selenium.ElementNotInteractableException: 
element not interactable
  (Session info: chrome=131.0.6778.109)
Build info: version: '4.26.0', revision: '8ccf0219d7'
System info: os.name: 'Windows 11', os.arch: 'amd64', os.version: '10.0', java.version: '21.0.5'
Driver info: org.openqa.selenium.chrome.ChromeDriver
Command: [03d0d93a84296a73041171362cadbdab, sendKeysToElement {value=[Ljava.lang.CharSequence;@10fe09f7, id=f.DA518BA3CE738740CE0B005C80DF2E4A.d.ECDAE823F92F2158E744E95216C95D9A.e.51}]
Capabilities {acceptInsecureCerts: false, browserName: chrome, browserVersion: 131.0.6778.109, chrome: {chromedriverVersion: 131.0.6778.87 (ce31cae94873..., userDataDir: C:\Users\vamsh\AppData\Loca...}, fedcm:accounts: true, goog:chromeOptions: {debuggerAddress: localhost:62990}, networkConnectionEnabled: false, pageLoadStrategy: normal, platformName: windows, proxy: Proxy(), se:cdp: ws://localhost:62990/devtoo..., se:cdpVersion: 131.0.6778.109, setWindowRect: true, strictFileInteractability: false, timeouts: {implicit: 0, pageLoad: 300000, script: 30000}, unhandledPromptBehavior: dismiss and notify, webauthn:extension:credBlob: true, webauthn:extension:largeBlob: true, webauthn:extension:minPinLength: true, webauthn:extension:prf: true, webauthn:virtualAuthenticators: true}
Element: [[ChromeDriver: chrome on windows (03d0d93a84296a73041171362cadbdab)] -> css selector: .CodeMirror textarea]
Session ID: 03d0d93a84296a73041171362cadbdab
]]></failure>
    <system-out><![CDATA[
Scenario: Try Here Editor page with alert message                      &amp#27;[90m# src/test/resources/Features/Tree.feature:416&amp#27;[0m
  &amp#27;[32mGiven &amp#27;[0m&amp#27;[32mThe user is on the DS Introduction page as signedIn&amp#27;[0m           &amp#27;[90m# StepDefinitions.DSIntroductionDetails.the_user_is_on_the_ds_introduction_page_as_signed_in()&amp#27;[0m
  &amp#27;[32mAnd &amp#27;[0m&amp#27;[32mUser clicks on Get Started button from Tree panel&amp#27;[0m               &amp#27;[90m# StepDefinitions.Tree.user_clicks_on_get_started_button_from_tree_panel()&amp#27;[0m
  &amp#27;[32mGiven &amp#27;[0m&amp#27;[32mThe user is on the Implementation of Binary Trees page&amp#27;[0m        &amp#27;[90m# StepDefinitions.Tree.the_user_is_on_the_implementation_of_binary_trees_page()&amp#27;[0m
[INFO ] 2024-12-09 22:03:04.793 [TestNG-PoolService-1] Hooks - ======================  New Test Execution is STARTED!! ======================
[INFO ] 2024-12-09 22:03:05.054 [TestNG-PoolService-3] Hooks - ======================  New Test Execution is STARTED!! ======================
  &amp#27;[32mAnd &amp#27;[0m&amp#27;[32mThe user clicks Try Here button&amp#27;[0m                                 &amp#27;[90m# StepDefinitions.Tree.the_user_clicks_try_here_button()&amp#27;[0m
  &amp#27;[31mWhen &amp#27;[0m&amp#27;[31mThe user writes the valid python code and clicks on Run button&amp#27;[0m &amp#27;[90m# StepDefinitions.Tree.the_user_writes_the_valid_python_code_and_clicks_on_run_button()&amp#27;[0m
      &amp#27;[31morg.openqa.selenium.ElementNotInteractableException: element not interactable
  (Session info: chrome=131.0.6778.109)
Build info: version: '4.26.0', revision: '8ccf0219d7'
System info: os.name: 'Windows 11', os.arch: 'amd64', os.version: '10.0', java.version: '21.0.5'
Driver info: org.openqa.selenium.chrome.ChromeDriver
Command: [03d0d93a84296a73041171362cadbdab, sendKeysToElement {value=[Ljava.lang.CharSequence;@10fe09f7, id=f.DA518BA3CE738740CE0B005C80DF2E4A.d.ECDAE823F92F2158E744E95216C95D9A.e.51}]
Capabilities {acceptInsecureCerts: false, browserName: chrome, browserVersion: 131.0.6778.109, chrome: {chromedriverVersion: 131.0.6778.87 (ce31cae94873..., userDataDir: C:\Users\vamsh\AppData\Loca...}, fedcm:accounts: true, goog:chromeOptions: {debuggerAddress: localhost:62990}, networkConnectionEnabled: false, pageLoadStrategy: normal, platformName: windows, proxy: Proxy(), se:cdp: ws://localhost:62990/devtoo..., se:cdpVersion: 131.0.6778.109, setWindowRect: true, strictFileInteractability: false, timeouts: {implicit: 0, pageLoad: 300000, script: 30000}, unhandledPromptBehavior: dismiss and notify, webauthn:extension:credBlob: true, webauthn:extension:largeBlob: true, webauthn:extension:minPinLength: true, webauthn:extension:prf: true, webauthn:virtualAuthenticators: true}
Element: [[ChromeDriver: chrome on windows (03d0d93a84296a73041171362cadbdab)] -> css selector: .CodeMirror textarea]
Session ID: 03d0d93a84296a73041171362cadbdab
	at java.base/jdk.internal.reflect.DirectConstructorHandleAccessor.newInstance(DirectConstructorHandleAccessor.java:62)
	at java.base/java.lang.reflect.Constructor.newInstanceWithCaller(Constructor.java:502)
	at java.base/java.lang.reflect.Constructor.newInstance(Constructor.java:486)
	at org.openqa.selenium.remote.ErrorCodec.decode(ErrorCodec.java:167)
	at org.openqa.selenium.remote.codec.w3c.W3CHttpResponseCodec.decode(W3CHttpResponseCodec.java:138)
	at org.openqa.selenium.remote.codec.w3c.W3CHttpResponseCodec.decode(W3CHttpResponseCodec.java:50)
	at org.openqa.selenium.remote.HttpCommandExecutor.execute(HttpCommandExecutor.java:190)
	at org.openqa.selenium.remote.service.DriverCommandExecutor.invokeExecute(DriverCommandExecutor.java:216)
	at org.openqa.selenium.remote.service.DriverCommandExecutor.execute(DriverCommandExecutor.java:174)
	at org.openqa.selenium.remote.RemoteWebDriver.execute(RemoteWebDriver.java:545)
	at org.openqa.selenium.remote.RemoteWebElement.execute(RemoteWebElement.java:223)
	at org.openqa.selenium.remote.RemoteWebElement.sendKeys(RemoteWebElement.java:110)
	at PageObjects.TreePage.writeInTryEditorWindow(TreePage.java:357)
	at StepDefinitions.Tree.the_user_writes_the_valid_python_code_and_clicks_on_run_button(Tree.java:85)
	at ✽.The user writes the valid python code and clicks on Run button(file:///C:/Projects/Repo1/src/test/resources/Features/Tree.feature:406)
&amp#27;[0m
  &amp#27;[36mThen &amp#27;[0m&amp#27;[36mThe user is able to see the output inside the console.&amp#27;[0m         &amp#27;[90m# StepDefinitions.Tree.the_user_is_able_to_see_the_output_inside_the_console()&amp#27;[0m
[ERROR] 2024-12-09 22:03:05.909 [TestNG-PoolService-2] Hooks - ======================  TEST CASE FAILED !! ======================

    Embedding screenshot [image/png 7853 bytes]

[INFO ] 2024-12-09 22:03:06.102 [TestNG-PoolService-2] Hooks - ======================  Screenshot is captured  ======================
[INFO ] 2024-12-09 22:03:06.103 [TestNG-PoolService-2] Hooks - ======================  Test Execution is completed!! ======================
]]></system-out>
    <system-err><![CDATA[Dec 09, 2024 10:03:04 PM org.openqa.selenium.devtools.CdpVersionFinder findNearestMatch
WARNING: Unable to find an exact match for CDP version 131, returning the closest version; found: 130; Please update to a Selenium version that supports CDP version 131
Dec 09, 2024 10:03:04 PM org.openqa.selenium.devtools.CdpVersionFinder findNearestMatch
WARNING: Unable to find an exact match for CDP version 131, returning the closest version; found: 130; Please update to a Selenium version that supports CDP version 131
]]></system-err>
  </testcase>
  <testcase name="runScenario[&quot;Try Here Editor page with valid data&quot;, &quot;Tree&quot;](194)" classname="TestRunners.TestRunner" time="1.086">
    <failure message="element not interactable&#10;  (Session info: MicrosoftEdge=131.0.2903.86)&#10;Build info: version: &apos;4.26.0&apos;, revision: &apos;8ccf0219d7&apos;&#10;System info: os.name: &apos;Windows 11&apos;, os.arch: &apos;amd64&apos;, os.version: &apos;10.0&apos;, java.version: &apos;21.0.5&apos;&#10;Driver info: org.openqa.selenium.edge.EdgeDriver&#10;Command: [cb5b23918300598171ffbacfceaa2394, sendKeysToElement {value=[Ljava.lang.CharSequence;@2456bd06, id=f.3053804FABAF0D2E6B605161521B0F0C.d.B075F74E50D92BEF6148174CBA49D23C.e.37}]&#10;Capabilities {acceptInsecureCerts: false, browserName: MicrosoftEdge, browserVersion: 131.0.2903.86, fedcm:accounts: true, ms:edgeOptions: {debuggerAddress: localhost:51552}, msedge: {msedgedriverVersion: 131.0.2903.86 (cf5bf303997c..., userDataDir: C:\Users\vamsh\AppData\Loca...}, networkConnectionEnabled: false, pageLoadStrategy: normal, platformName: windows, proxy: Proxy(), se:cdp: ws://localhost:51552/devtoo..., se:cdpVersion: 131.0.2903.86, setWindowRect: true, strictFileInteractability: false, timeouts: {implicit: 0, pageLoad: 300000, script: 30000}, unhandledPromptBehavior: dismiss and notify, webauthn:extension:credBlob: true, webauthn:extension:largeBlob: true, webauthn:extension:minPinLength: true, webauthn:extension:prf: true, webauthn:virtualAuthenticators: true}&#10;Element: [[EdgeDriver: MicrosoftEdge on windows (cb5b23918300598171ffbacfceaa2394)] -&gt; css selector: .CodeMirror textarea]&#10;Session ID: cb5b23918300598171ffbacfceaa2394" type="org.openqa.selenium.ElementNotInteractableException"><![CDATA[org.openqa.selenium.ElementNotInteractableException: 
element not interactable
  (Session info: MicrosoftEdge=131.0.2903.86)
Build info: version: '4.26.0', revision: '8ccf0219d7'
System info: os.name: 'Windows 11', os.arch: 'amd64', os.version: '10.0', java.version: '21.0.5'
Driver info: org.openqa.selenium.edge.EdgeDriver
Command: [cb5b23918300598171ffbacfceaa2394, sendKeysToElement {value=[Ljava.lang.CharSequence;@2456bd06, id=f.3053804FABAF0D2E6B605161521B0F0C.d.B075F74E50D92BEF6148174CBA49D23C.e.37}]
Capabilities {acceptInsecureCerts: false, browserName: MicrosoftEdge, browserVersion: 131.0.2903.86, fedcm:accounts: true, ms:edgeOptions: {debuggerAddress: localhost:51552}, msedge: {msedgedriverVersion: 131.0.2903.86 (cf5bf303997c..., userDataDir: C:\Users\vamsh\AppData\Loca...}, networkConnectionEnabled: false, pageLoadStrategy: normal, platformName: windows, proxy: Proxy(), se:cdp: ws://localhost:51552/devtoo..., se:cdpVersion: 131.0.2903.86, setWindowRect: true, strictFileInteractability: false, timeouts: {implicit: 0, pageLoad: 300000, script: 30000}, unhandledPromptBehavior: dismiss and notify, webauthn:extension:credBlob: true, webauthn:extension:largeBlob: true, webauthn:extension:minPinLength: true, webauthn:extension:prf: true, webauthn:virtualAuthenticators: true}
Element: [[EdgeDriver: MicrosoftEdge on windows (cb5b23918300598171ffbacfceaa2394)] -> css selector: .CodeMirror textarea]
Session ID: cb5b23918300598171ffbacfceaa2394
]]></failure>
    <system-out><![CDATA[
Scenario: Try Here Editor page with alert message                      &amp#27;[90m# src/test/resources/Features/Tree.feature:416&amp#27;[0m
  &amp#27;[32mAnd &amp#27;[0m&amp#27;[32mUser clicks on Get Started button from Tree panel&amp#27;[0m                 &amp#27;[90m# StepDefinitions.Tree.user_clicks_on_get_started_button_from_tree_panel()&amp#27;[0m
  &amp#27;[32mGiven &amp#27;[0m&amp#27;[32mThe user is on the Implementation of Binary Trees page&amp#27;[0m          &amp#27;[90m# StepDefinitions.Tree.the_user_is_on_the_implementation_of_binary_trees_page()&amp#27;[0m
]]></system-out>
  </testcase>
  <testcase name="runScenario[&quot;Try Here Editor page with invalid data&quot;, &quot;Tree&quot;](195)" classname="TestRunners.TestRunner" time="4.185">
    <system-out><![CDATA[
Scenario: Implementation of Binary Trees                            &amp#27;[90m# src/test/resources/Features/Tree.feature:424&amp#27;[0m
[INFO ] 2024-12-09 22:03:07.558 [TestNG-PoolService-2] Hooks - ======================  New Test Execution is STARTED!! ======================
  &amp#27;[32mGiven &amp#27;[0m&amp#27;[32mThe user is on the DS Introduction page as signedIn&amp#27;[0m            &amp#27;[90m# StepDefinitions.DSIntroductionDetails.the_user_is_on_the_ds_introduction_page_as_signed_in()&amp#27;[0m
  &amp#27;[32mGiven &amp#27;[0m&amp#27;[32mThe user is on the DS Introduction page as signedIn&amp#27;[0m             &amp#27;[90m# StepDefinitions.DSIntroductionDetails.the_user_is_on_the_ds_introduction_page_as_signed_in()&amp#27;[0m
  &amp#27;[32mAnd &amp#27;[0m&amp#27;[32mUser clicks on Get Started button from Tree panel&amp#27;[0m                &amp#27;[90m# StepDefinitions.Tree.user_clicks_on_get_started_button_from_tree_panel()&amp#27;[0m
  &amp#27;[32mAnd &amp#27;[0m&amp#27;[32mUser clicks on Get Started button from Tree panel&amp#27;[0m                 &amp#27;[90m# StepDefinitions.Tree.user_clicks_on_get_started_button_from_tree_panel()&amp#27;[0m
  &amp#27;[32mGiven &amp#27;[0m&amp#27;[32mThe user is on the Implementation of Binary Trees page&amp#27;[0m         &amp#27;[90m# StepDefinitions.Tree.the_user_is_on_the_implementation_of_binary_trees_page()&amp#27;[0m
  &amp#27;[32mGiven &amp#27;[0m&amp#27;[32mThe user is on the Implementation of Binary Trees page&amp#27;[0m          &amp#27;[90m# StepDefinitions.Tree.the_user_is_on_the_implementation_of_binary_trees_page()&amp#27;[0m
  &amp#27;[32mAnd &amp#27;[0m&amp#27;[32mThe user clicks Try Here button&amp#27;[0m                                   &amp#27;[90m# StepDefinitions.Tree.the_user_clicks_try_here_button()&amp#27;[0m
  &amp#27;[32mAnd &amp#27;[0m&amp#27;[32mThe user clicks Try Here button&amp#27;[0m                                  &amp#27;[90m# StepDefinitions.Tree.the_user_clicks_try_here_button()&amp#27;[0m
  &amp#27;[31mAnd &amp#27;[0m&amp#27;[31mThe user writes the invalid python code and clicks on Run button&amp#27;[0m &amp#27;[90m# StepDefinitions.Tree.the_user_writes_the_invalid_python_code_and_clicks_on_run_button()&amp#27;[0m
      &amp#27;[31morg.openqa.selenium.ElementNotInteractableException: element not interactable
  (Session info: chrome=131.0.6778.109)
Build info: version: '4.26.0', revision: '8ccf0219d7'
System info: os.name: 'Windows 11', os.arch: 'amd64', os.version: '10.0', java.version: '21.0.5'
Driver info: org.openqa.selenium.chrome.ChromeDriver
Command: [2555318d4f70f977753f8c0e207dcb98, sendKeysToElement {value=[Ljava.lang.CharSequence;@2daa47f4, id=f.2AFC0D5399C5EEEEE422480EF6D5E71E.d.48E70711E36A8FDCEE987795FB393605.e.51}]
Capabilities {acceptInsecureCerts: false, browserName: chrome, browserVersion: 131.0.6778.109, chrome: {chromedriverVersion: 131.0.6778.87 (ce31cae94873..., userDataDir: C:\Users\vamsh\AppData\Loca...}, fedcm:accounts: true, goog:chromeOptions: {debuggerAddress: localhost:63045}, networkConnectionEnabled: false, pageLoadStrategy: normal, platformName: windows, proxy: Proxy(), se:cdp: ws://localhost:63045/devtoo..., se:cdpVersion: 131.0.6778.109, setWindowRect: true, strictFileInteractability: false, timeouts: {implicit: 0, pageLoad: 300000, script: 30000}, unhandledPromptBehavior: dismiss and notify, webauthn:extension:credBlob: true, webauthn:extension:largeBlob: true, webauthn:extension:minPinLength: true, webauthn:extension:prf: true, webauthn:virtualAuthenticators: true}
Element: [[ChromeDriver: chrome on windows (2555318d4f70f977753f8c0e207dcb98)] -> css selector: .CodeMirror textarea]
Session ID: 2555318d4f70f977753f8c0e207dcb98
	at java.base/jdk.internal.reflect.DirectConstructorHandleAccessor.newInstance(DirectConstructorHandleAccessor.java:62)
	at java.base/java.lang.reflect.Constructor.newInstanceWithCaller(Constructor.java:502)
	at java.base/java.lang.reflect.Constructor.newInstance(Constructor.java:486)
	at org.openqa.selenium.remote.ErrorCodec.decode(ErrorCodec.java:167)
	at org.openqa.selenium.remote.codec.w3c.W3CHttpResponseCodec.decode(W3CHttpResponseCodec.java:138)
	at org.openqa.selenium.remote.codec.w3c.W3CHttpResponseCodec.decode(W3CHttpResponseCodec.java:50)
	at org.openqa.selenium.remote.HttpCommandExecutor.execute(HttpCommandExecutor.java:190)
	at org.openqa.selenium.remote.service.DriverCommandExecutor.invokeExecute(DriverCommandExecutor.java:216)
	at org.openqa.selenium.remote.service.DriverCommandExecutor.execute(DriverCommandExecutor.java:174)
	at org.openqa.selenium.remote.RemoteWebDriver.execute(RemoteWebDriver.java:545)
	at org.openqa.selenium.remote.RemoteWebElement.execute(RemoteWebElement.java:223)
	at org.openqa.selenium.remote.RemoteWebElement.sendKeys(RemoteWebElement.java:110)
	at PageObjects.TreePage.writeInTryEditorWindow(TreePage.java:357)
	at StepDefinitions.Tree.the_user_writes_the_invalid_python_code_and_clicks_on_run_button(Tree.java:96)
	at ✽.The user writes the invalid python code and clicks on Run button(file:///C:/Projects/Repo1/src/test/resources/Features/Tree.feature:420)
&amp#27;[0m
  &amp#27;[36mWhen &amp#27;[0m&amp#27;[36mThe user clicks the ok button in the alert window&amp#27;[0m               &amp#27;[90m# StepDefinitions.Tree.the_user_clicks_the_ok_button_in_the_alert_window()&amp#27;[0m
  &amp#27;[36mThen &amp#27;[0m&amp#27;[36mAlert message window is dismissed and user stays on Editor page&amp#27;[0m &amp#27;[90m# StepDefinitions.Tree.Alert_message_window_is_dismissed_and_user_stays_on_Editor_page()&amp#27;[0m
[ERROR] 2024-12-09 22:03:10.209 [TestNG-PoolService-3] Hooks - ======================  TEST CASE FAILED !! ======================
  &amp#27;[32mWhen &amp#27;[0m&amp#27;[32mThe user writes the invalid python code and clicks on Run button&amp#27;[0m &amp#27;[90m# StepDefinitions.Tree.the_user_writes_the_invalid_python_code_and_clicks_on_run_button()&amp#27;[0m
  &amp#27;[32mThen &amp#27;[0m&amp#27;[32mThe user see error msg in alert window&amp#27;[0m                           &amp#27;[90m# StepDefinitions.Tree.the_user_see_error_msg_in_alert_window()&amp#27;[0m
[INFO ] 2024-12-09 22:03:10.306 [TestNG-PoolService-1] Hooks - ======================  Test Execution is completed!! ======================

    Embedding screenshot [image/png 7853 bytes]

[INFO ] 2024-12-09 22:03:10.385 [TestNG-PoolService-3] Hooks - ======================  Screenshot is captured  ======================
[INFO ] 2024-12-09 22:03:10.386 [TestNG-PoolService-3] Hooks - ======================  Test Execution is completed!! ======================
]]></system-out>
    <system-err><![CDATA[Dec 09, 2024 10:03:07 PM org.openqa.selenium.devtools.CdpVersionFinder findNearestMatch
WARNING: Unable to find an exact match for CDP version 131, returning the closest version; found: 130; Please update to a Selenium version that supports CDP version 131
]]></system-err>
  </testcase>
  <testcase name="runScenario[&quot;Try Here Editor page with invalid data&quot;, &quot;Tree&quot;](195)" classname="TestRunners.TestRunner" time="2.148">
    <failure message="element not interactable&#10;  (Session info: MicrosoftEdge=131.0.2903.86)&#10;Build info: version: &apos;4.26.0&apos;, revision: &apos;8ccf0219d7&apos;&#10;System info: os.name: &apos;Windows 11&apos;, os.arch: &apos;amd64&apos;, os.version: &apos;10.0&apos;, java.version: &apos;21.0.5&apos;&#10;Driver info: org.openqa.selenium.edge.EdgeDriver&#10;Command: [e810ca9cea645b41b9c637c7451a6cb2, sendKeysToElement {value=[Ljava.lang.CharSequence;@c4f19e0, id=f.7A4E72F3EF43E7B06381357478E6500A.d.836EB85D50D6AC4FD93C0587C710FA72.e.41}]&#10;Capabilities {acceptInsecureCerts: false, browserName: MicrosoftEdge, browserVersion: 131.0.2903.86, fedcm:accounts: true, ms:edgeOptions: {debuggerAddress: localhost:51580}, msedge: {msedgedriverVersion: 131.0.2903.86 (cf5bf303997c..., userDataDir: C:\Users\vamsh\AppData\Loca...}, networkConnectionEnabled: false, pageLoadStrategy: normal, platformName: windows, proxy: Proxy(), se:cdp: ws://localhost:51580/devtoo..., se:cdpVersion: 131.0.2903.86, setWindowRect: true, strictFileInteractability: false, timeouts: {implicit: 0, pageLoad: 300000, script: 30000}, unhandledPromptBehavior: dismiss and notify, webauthn:extension:credBlob: true, webauthn:extension:largeBlob: true, webauthn:extension:minPinLength: true, webauthn:extension:prf: true, webauthn:virtualAuthenticators: true}&#10;Element: [[EdgeDriver: MicrosoftEdge on windows (e810ca9cea645b41b9c637c7451a6cb2)] -&gt; css selector: .CodeMirror textarea]&#10;Session ID: e810ca9cea645b41b9c637c7451a6cb2" type="org.openqa.selenium.ElementNotInteractableException"><![CDATA[org.openqa.selenium.ElementNotInteractableException: 
element not interactable
  (Session info: MicrosoftEdge=131.0.2903.86)
Build info: version: '4.26.0', revision: '8ccf0219d7'
System info: os.name: 'Windows 11', os.arch: 'amd64', os.version: '10.0', java.version: '21.0.5'
Driver info: org.openqa.selenium.edge.EdgeDriver
Command: [e810ca9cea645b41b9c637c7451a6cb2, sendKeysToElement {value=[Ljava.lang.CharSequence;@c4f19e0, id=f.7A4E72F3EF43E7B06381357478E6500A.d.836EB85D50D6AC4FD93C0587C710FA72.e.41}]
Capabilities {acceptInsecureCerts: false, browserName: MicrosoftEdge, browserVersion: 131.0.2903.86, fedcm:accounts: true, ms:edgeOptions: {debuggerAddress: localhost:51580}, msedge: {msedgedriverVersion: 131.0.2903.86 (cf5bf303997c..., userDataDir: C:\Users\vamsh\AppData\Loca...}, networkConnectionEnabled: false, pageLoadStrategy: normal, platformName: windows, proxy: Proxy(), se:cdp: ws://localhost:51580/devtoo..., se:cdpVersion: 131.0.2903.86, setWindowRect: true, strictFileInteractability: false, timeouts: {implicit: 0, pageLoad: 300000, script: 30000}, unhandledPromptBehavior: dismiss and notify, webauthn:extension:credBlob: true, webauthn:extension:largeBlob: true, webauthn:extension:minPinLength: true, webauthn:extension:prf: true, webauthn:virtualAuthenticators: true}
Element: [[EdgeDriver: MicrosoftEdge on windows (e810ca9cea645b41b9c637c7451a6cb2)] -> css selector: .CodeMirror textarea]
Session ID: e810ca9cea645b41b9c637c7451a6cb2
]]></failure>
    <system-out><![CDATA[
Scenario: Implementation of Binary Trees                            &amp#27;[90m# src/test/resources/Features/Tree.feature:424&amp#27;[0m
  &amp#27;[32mAnd &amp#27;[0m&amp#27;[32mThe user clicks Try Here button&amp#27;[0m                                   &amp#27;[90m# StepDefinitions.Tree.the_user_clicks_try_here_button()&amp#27;[0m
[INFO ] 2024-12-09 22:28:55.633 [TestNG-PoolService-2] Hooks - ======================  New Test Execution is STARTED!! ======================
  &amp#27;[31mWhen &amp#27;[0m&amp#27;[31mThe user writes the invalid python code and clicks on Run button&amp#27;[0m &amp#27;[90m# StepDefinitions.Tree.the_user_writes_the_invalid_python_code_and_clicks_on_run_button()&amp#27;[0m
      &amp#27;[31morg.openqa.selenium.ElementNotInteractableException: element not interactable
  (Session info: MicrosoftEdge=131.0.2903.86)
Build info: version: '4.26.0', revision: '8ccf0219d7'
System info: os.name: 'Windows 11', os.arch: 'amd64', os.version: '10.0', java.version: '21.0.5'
Driver info: org.openqa.selenium.edge.EdgeDriver
Command: [e810ca9cea645b41b9c637c7451a6cb2, sendKeysToElement {value=[Ljava.lang.CharSequence;@c4f19e0, id=f.7A4E72F3EF43E7B06381357478E6500A.d.836EB85D50D6AC4FD93C0587C710FA72.e.41}]
Capabilities {acceptInsecureCerts: false, browserName: MicrosoftEdge, browserVersion: 131.0.2903.86, fedcm:accounts: true, ms:edgeOptions: {debuggerAddress: localhost:51580}, msedge: {msedgedriverVersion: 131.0.2903.86 (cf5bf303997c..., userDataDir: C:\Users\vamsh\AppData\Loca...}, networkConnectionEnabled: false, pageLoadStrategy: normal, platformName: windows, proxy: Proxy(), se:cdp: ws://localhost:51580/devtoo..., se:cdpVersion: 131.0.2903.86, setWindowRect: true, strictFileInteractability: false, timeouts: {implicit: 0, pageLoad: 300000, script: 30000}, unhandledPromptBehavior: dismiss and notify, webauthn:extension:credBlob: true, webauthn:extension:largeBlob: true, webauthn:extension:minPinLength: true, webauthn:extension:prf: true, webauthn:virtualAuthenticators: true}
Element: [[EdgeDriver: MicrosoftEdge on windows (e810ca9cea645b41b9c637c7451a6cb2)] -> css selector: .CodeMirror textarea]
Session ID: e810ca9cea645b41b9c637c7451a6cb2
	at java.base/jdk.internal.reflect.DirectConstructorHandleAccessor.newInstance(DirectConstructorHandleAccessor.java:62)
	at java.base/java.lang.reflect.Constructor.newInstanceWithCaller(Constructor.java:502)
	at java.base/java.lang.reflect.Constructor.newInstance(Constructor.java:486)
	at org.openqa.selenium.remote.ErrorCodec.decode(ErrorCodec.java:167)
	at org.openqa.selenium.remote.codec.w3c.W3CHttpResponseCodec.decode(W3CHttpResponseCodec.java:138)
	at org.openqa.selenium.remote.codec.w3c.W3CHttpResponseCodec.decode(W3CHttpResponseCodec.java:50)
	at org.openqa.selenium.remote.HttpCommandExecutor.execute(HttpCommandExecutor.java:190)
	at org.openqa.selenium.remote.service.DriverCommandExecutor.invokeExecute(DriverCommandExecutor.java:216)
	at org.openqa.selenium.remote.service.DriverCommandExecutor.execute(DriverCommandExecutor.java:174)
	at org.openqa.selenium.remote.RemoteWebDriver.execute(RemoteWebDriver.java:545)
	at org.openqa.selenium.remote.RemoteWebElement.execute(RemoteWebElement.java:223)
	at org.openqa.selenium.remote.RemoteWebElement.sendKeys(RemoteWebElement.java:110)
	at PageObjects.TreePage.writeInTryEditorWindow(TreePage.java:357)
	at StepDefinitions.Tree.the_user_writes_the_invalid_python_code_and_clicks_on_run_button(Tree.java:96)
	at ✽.The user writes the invalid python code and clicks on Run button(file:///C:/Projects/Repo1/src/test/resources/Features/Tree.feature:413)
&amp#27;[0m
  &amp#27;[36mThen &amp#27;[0m&amp#27;[36mThe user see error msg in alert window&amp#27;[0m                           &amp#27;[90m# StepDefinitions.Tree.the_user_see_error_msg_in_alert_window()&amp#27;[0m
[ERROR] 2024-12-09 22:28:55.638 [TestNG-PoolService-1] Hooks - ======================  TEST CASE FAILED !! ======================

    Embedding screenshot [image/png 7890 bytes]

[INFO ] 2024-12-09 22:28:55.850 [TestNG-PoolService-1] Hooks - ======================  Screenshot is captured  ======================
[INFO ] 2024-12-09 22:28:55.851 [TestNG-PoolService-1] Hooks - ======================  Test Execution is completed!! ======================
]]></system-out>
    <system-err><![CDATA[Dec 09, 2024 10:28:55 PM org.openqa.selenium.devtools.CdpVersionFinder findNearestMatch
WARNING: Unable to find an exact match for CDP version 131, returning the closest version; found: 130; Please update to a Selenium version that supports CDP version 131
]]></system-err>
  </testcase>
  <testcase name="runScenario[&quot;Try Here Editor page with alert message&quot;, &quot;Tree&quot;](196)" classname="TestRunners.TestRunner" time="0.27">
    <failure message="element not interactable&#10;  (Session info: chrome=131.0.6778.109)&#10;Build info: version: &apos;4.26.0&apos;, revision: &apos;8ccf0219d7&apos;&#10;System info: os.name: &apos;Windows 11&apos;, os.arch: &apos;amd64&apos;, os.version: &apos;10.0&apos;, java.version: &apos;21.0.5&apos;&#10;Driver info: org.openqa.selenium.chrome.ChromeDriver&#10;Command: [2555318d4f70f977753f8c0e207dcb98, sendKeysToElement {value=[Ljava.lang.CharSequence;@2daa47f4, id=f.2AFC0D5399C5EEEEE422480EF6D5E71E.d.48E70711E36A8FDCEE987795FB393605.e.51}]&#10;Capabilities {acceptInsecureCerts: false, browserName: chrome, browserVersion: 131.0.6778.109, chrome: {chromedriverVersion: 131.0.6778.87 (ce31cae94873..., userDataDir: C:\Users\vamsh\AppData\Loca...}, fedcm:accounts: true, goog:chromeOptions: {debuggerAddress: localhost:63045}, networkConnectionEnabled: false, pageLoadStrategy: normal, platformName: windows, proxy: Proxy(), se:cdp: ws://localhost:63045/devtoo..., se:cdpVersion: 131.0.6778.109, setWindowRect: true, strictFileInteractability: false, timeouts: {implicit: 0, pageLoad: 300000, script: 30000}, unhandledPromptBehavior: dismiss and notify, webauthn:extension:credBlob: true, webauthn:extension:largeBlob: true, webauthn:extension:minPinLength: true, webauthn:extension:prf: true, webauthn:virtualAuthenticators: true}&#10;Element: [[ChromeDriver: chrome on windows (2555318d4f70f977753f8c0e207dcb98)] -&gt; css selector: .CodeMirror textarea]&#10;Session ID: 2555318d4f70f977753f8c0e207dcb98" type="org.openqa.selenium.ElementNotInteractableException"><![CDATA[org.openqa.selenium.ElementNotInteractableException: 
element not interactable
  (Session info: chrome=131.0.6778.109)
Build info: version: '4.26.0', revision: '8ccf0219d7'
System info: os.name: 'Windows 11', os.arch: 'amd64', os.version: '10.0', java.version: '21.0.5'
Driver info: org.openqa.selenium.chrome.ChromeDriver
Command: [2555318d4f70f977753f8c0e207dcb98, sendKeysToElement {value=[Ljava.lang.CharSequence;@2daa47f4, id=f.2AFC0D5399C5EEEEE422480EF6D5E71E.d.48E70711E36A8FDCEE987795FB393605.e.51}]
Capabilities {acceptInsecureCerts: false, browserName: chrome, browserVersion: 131.0.6778.109, chrome: {chromedriverVersion: 131.0.6778.87 (ce31cae94873..., userDataDir: C:\Users\vamsh\AppData\Loca...}, fedcm:accounts: true, goog:chromeOptions: {debuggerAddress: localhost:63045}, networkConnectionEnabled: false, pageLoadStrategy: normal, platformName: windows, proxy: Proxy(), se:cdp: ws://localhost:63045/devtoo..., se:cdpVersion: 131.0.6778.109, setWindowRect: true, strictFileInteractability: false, timeouts: {implicit: 0, pageLoad: 300000, script: 30000}, unhandledPromptBehavior: dismiss and notify, webauthn:extension:credBlob: true, webauthn:extension:largeBlob: true, webauthn:extension:minPinLength: true, webauthn:extension:prf: true, webauthn:virtualAuthenticators: true}
Element: [[ChromeDriver: chrome on windows (2555318d4f70f977753f8c0e207dcb98)] -> css selector: .CodeMirror textarea]
Session ID: 2555318d4f70f977753f8c0e207dcb98
]]></failure>
    <system-out><![CDATA[
Scenario: Applications of Binary trees                               &amp#27;[90m# src/test/resources/Features/Tree.feature:431&amp#27;[0m
  &amp#27;[32mGiven &amp#27;[0m&amp#27;[32mThe user is on the DS Introduction page as signedIn&amp#27;[0m         &amp#27;[90m# StepDefinitions.DSIntroductionDetails.the_user_is_on_the_ds_introduction_page_as_signed_in()&amp#27;[0m
]]></system-out>
  </testcase>
  <testcase name="runScenario[&quot;Try Here Editor page with alert message&quot;, &quot;Tree&quot;](196)" classname="TestRunners.TestRunner" time="6.43">
    <failure message="element not interactable&#10;  (Session info: MicrosoftEdge=131.0.2903.86)&#10;Build info: version: &apos;4.26.0&apos;, revision: &apos;8ccf0219d7&apos;&#10;System info: os.name: &apos;Windows 11&apos;, os.arch: &apos;amd64&apos;, os.version: &apos;10.0&apos;, java.version: &apos;21.0.5&apos;&#10;Driver info: org.openqa.selenium.edge.EdgeDriver&#10;Command: [9cae62587fb121004d4cd2ea98c1b03f, sendKeysToElement {value=[Ljava.lang.CharSequence;@575edddf, id=f.4E90701AB677D67BA279FEAD346FA77C.d.64B35E4A72FE71B9AD779533D6175036.e.38}]&#10;Capabilities {acceptInsecureCerts: false, browserName: MicrosoftEdge, browserVersion: 131.0.2903.86, fedcm:accounts: true, ms:edgeOptions: {debuggerAddress: localhost:51687}, msedge: {msedgedriverVersion: 131.0.2903.86 (cf5bf303997c..., userDataDir: C:\Users\vamsh\AppData\Loca...}, networkConnectionEnabled: false, pageLoadStrategy: normal, platformName: windows, proxy: Proxy(), se:cdp: ws://localhost:51687/devtoo..., se:cdpVersion: 131.0.2903.86, setWindowRect: true, strictFileInteractability: false, timeouts: {implicit: 0, pageLoad: 300000, script: 30000}, unhandledPromptBehavior: dismiss and notify, webauthn:extension:credBlob: true, webauthn:extension:largeBlob: true, webauthn:extension:minPinLength: true, webauthn:extension:prf: true, webauthn:virtualAuthenticators: true}&#10;Element: [[EdgeDriver: MicrosoftEdge on windows (9cae62587fb121004d4cd2ea98c1b03f)] -&gt; css selector: .CodeMirror textarea]&#10;Session ID: 9cae62587fb121004d4cd2ea98c1b03f" type="org.openqa.selenium.ElementNotInteractableException"><![CDATA[org.openqa.selenium.ElementNotInteractableException: 
element not interactable
  (Session info: MicrosoftEdge=131.0.2903.86)
Build info: version: '4.26.0', revision: '8ccf0219d7'
System info: os.name: 'Windows 11', os.arch: 'amd64', os.version: '10.0', java.version: '21.0.5'
Driver info: org.openqa.selenium.edge.EdgeDriver
Command: [9cae62587fb121004d4cd2ea98c1b03f, sendKeysToElement {value=[Ljava.lang.CharSequence;@575edddf, id=f.4E90701AB677D67BA279FEAD346FA77C.d.64B35E4A72FE71B9AD779533D6175036.e.38}]
Capabilities {acceptInsecureCerts: false, browserName: MicrosoftEdge, browserVersion: 131.0.2903.86, fedcm:accounts: true, ms:edgeOptions: {debuggerAddress: localhost:51687}, msedge: {msedgedriverVersion: 131.0.2903.86 (cf5bf303997c..., userDataDir: C:\Users\vamsh\AppData\Loca...}, networkConnectionEnabled: false, pageLoadStrategy: normal, platformName: windows, proxy: Proxy(), se:cdp: ws://localhost:51687/devtoo..., se:cdpVersion: 131.0.2903.86, setWindowRect: true, strictFileInteractability: false, timeouts: {implicit: 0, pageLoad: 300000, script: 30000}, unhandledPromptBehavior: dismiss and notify, webauthn:extension:credBlob: true, webauthn:extension:largeBlob: true, webauthn:extension:minPinLength: true, webauthn:extension:prf: true, webauthn:virtualAuthenticators: true}
Element: [[EdgeDriver: MicrosoftEdge on windows (9cae62587fb121004d4cd2ea98c1b03f)] -> css selector: .CodeMirror textarea]
Session ID: 9cae62587fb121004d4cd2ea98c1b03f
]]></failure>
    <system-out><![CDATA[
Scenario: Applications of Binary trees                               &amp#27;[90m# src/test/resources/Features/Tree.feature:431&amp#27;[0m
[INFO ] 2024-12-09 22:28:58.599 [TestNG-PoolService-3] Hooks - ======================  New Test Execution is STARTED!! ======================
  &amp#27;[32mGiven &amp#27;[0m&amp#27;[32mThe user is on the DS Introduction page as signedIn&amp#27;[0m            &amp#27;[90m# StepDefinitions.DSIntroductionDetails.the_user_is_on_the_ds_introduction_page_as_signed_in()&amp#27;[0m
  &amp#27;[32mAnd &amp#27;[0m&amp#27;[32mUser clicks on Get Started button from Tree panel&amp#27;[0m                &amp#27;[90m# StepDefinitions.Tree.user_clicks_on_get_started_button_from_tree_panel()&amp#27;[0m
[INFO ] 2024-12-09 22:29:00.645 [TestNG-PoolService-1] Hooks - ======================  New Test Execution is STARTED!! ======================
  &amp#27;[32mGiven &amp#27;[0m&amp#27;[32mThe user is on the Implementation of Binary Trees page&amp#27;[0m         &amp#27;[90m# StepDefinitions.Tree.the_user_is_on_the_implementation_of_binary_trees_page()&amp#27;[0m
  &amp#27;[32mAnd &amp#27;[0m&amp#27;[32mThe user clicks Try Here button&amp#27;[0m                                  &amp#27;[90m# StepDefinitions.Tree.the_user_clicks_try_here_button()&amp#27;[0m
  &amp#27;[31mAnd &amp#27;[0m&amp#27;[31mThe user writes the invalid python code and clicks on Run button&amp#27;[0m &amp#27;[90m# StepDefinitions.Tree.the_user_writes_the_invalid_python_code_and_clicks_on_run_button()&amp#27;[0m
      &amp#27;[31morg.openqa.selenium.ElementNotInteractableException: element not interactable
  (Session info: MicrosoftEdge=131.0.2903.86)
Build info: version: '4.26.0', revision: '8ccf0219d7'
System info: os.name: 'Windows 11', os.arch: 'amd64', os.version: '10.0', java.version: '21.0.5'
Driver info: org.openqa.selenium.edge.EdgeDriver
Command: [9cae62587fb121004d4cd2ea98c1b03f, sendKeysToElement {value=[Ljava.lang.CharSequence;@575edddf, id=f.4E90701AB677D67BA279FEAD346FA77C.d.64B35E4A72FE71B9AD779533D6175036.e.38}]
Capabilities {acceptInsecureCerts: false, browserName: MicrosoftEdge, browserVersion: 131.0.2903.86, fedcm:accounts: true, ms:edgeOptions: {debuggerAddress: localhost:51687}, msedge: {msedgedriverVersion: 131.0.2903.86 (cf5bf303997c..., userDataDir: C:\Users\vamsh\AppData\Loca...}, networkConnectionEnabled: false, pageLoadStrategy: normal, platformName: windows, proxy: Proxy(), se:cdp: ws://localhost:51687/devtoo..., se:cdpVersion: 131.0.2903.86, setWindowRect: true, strictFileInteractability: false, timeouts: {implicit: 0, pageLoad: 300000, script: 30000}, unhandledPromptBehavior: dismiss and notify, webauthn:extension:credBlob: true, webauthn:extension:largeBlob: true, webauthn:extension:minPinLength: true, webauthn:extension:prf: true, webauthn:virtualAuthenticators: true}
Element: [[EdgeDriver: MicrosoftEdge on windows (9cae62587fb121004d4cd2ea98c1b03f)] -> css selector: .CodeMirror textarea]
Session ID: 9cae62587fb121004d4cd2ea98c1b03f
	at java.base/jdk.internal.reflect.DirectConstructorHandleAccessor.newInstance(DirectConstructorHandleAccessor.java:62)
	at java.base/java.lang.reflect.Constructor.newInstanceWithCaller(Constructor.java:502)
	at java.base/java.lang.reflect.Constructor.newInstance(Constructor.java:486)
	at org.openqa.selenium.remote.ErrorCodec.decode(ErrorCodec.java:167)
	at org.openqa.selenium.remote.codec.w3c.W3CHttpResponseCodec.decode(W3CHttpResponseCodec.java:138)
	at org.openqa.selenium.remote.codec.w3c.W3CHttpResponseCodec.decode(W3CHttpResponseCodec.java:50)
	at org.openqa.selenium.remote.HttpCommandExecutor.execute(HttpCommandExecutor.java:190)
	at org.openqa.selenium.remote.service.DriverCommandExecutor.invokeExecute(DriverCommandExecutor.java:216)
	at org.openqa.selenium.remote.service.DriverCommandExecutor.execute(DriverCommandExecutor.java:174)
	at org.openqa.selenium.remote.RemoteWebDriver.execute(RemoteWebDriver.java:545)
	at org.openqa.selenium.remote.RemoteWebElement.execute(RemoteWebElement.java:223)
	at org.openqa.selenium.remote.RemoteWebElement.sendKeys(RemoteWebElement.java:110)
	at PageObjects.TreePage.writeInTryEditorWindow(TreePage.java:357)
	at StepDefinitions.Tree.the_user_writes_the_invalid_python_code_and_clicks_on_run_button(Tree.java:96)
	at ✽.The user writes the invalid python code and clicks on Run button(file:///C:/Projects/Repo1/src/test/resources/Features/Tree.feature:420)
&amp#27;[0m
  &amp#27;[36mWhen &amp#27;[0m&amp#27;[36mThe user clicks the ok button in the alert window&amp#27;[0m               &amp#27;[90m# StepDefinitions.Tree.the_user_clicks_the_ok_button_in_the_alert_window()&amp#27;[0m
  &amp#27;[36mThen &amp#27;[0m&amp#27;[36mAlert message window is dismissed and user stays on Editor page&amp#27;[0m &amp#27;[90m# StepDefinitions.Tree.Alert_message_window_is_dismissed_and_user_stays_on_Editor_page()&amp#27;[0m
[ERROR] 2024-12-09 22:29:02.033 [TestNG-PoolService-2] Hooks - ======================  TEST CASE FAILED !! ======================
  &amp#27;[32mGiven &amp#27;[0m&amp#27;[32mThe user is on the DS Introduction page as signedIn&amp#27;[0m         &amp#27;[90m# StepDefinitions.DSIntroductionDetails.the_user_is_on_the_ds_introduction_page_as_signed_in()&amp#27;[0m

    Embedding screenshot [image/png 7890 bytes]

[INFO ] 2024-12-09 22:29:02.210 [TestNG-PoolService-2] Hooks - ======================  Screenshot is captured  ======================
[INFO ] 2024-12-09 22:29:02.210 [TestNG-PoolService-2] Hooks - ======================  Test Execution is completed!! ======================
  &amp#27;[32mAnd &amp#27;[0m&amp#27;[32mUser clicks on Get Started button from Tree panel&amp#27;[0m             &amp#27;[90m# StepDefinitions.Tree.user_clicks_on_get_started_button_from_tree_panel()&amp#27;[0m
  &amp#27;[32mGiven &amp#27;[0m&amp#27;[32mThe user is on the Implementation of Binary Trees page&amp#27;[0m      &amp#27;[90m# StepDefinitions.Tree.the_user_is_on_the_implementation_of_binary_trees_page()&amp#27;[0m
]]></system-out>
    <system-err><![CDATA[Dec 09, 2024 10:28:58 PM org.openqa.selenium.devtools.CdpVersionFinder findNearestMatch
WARNING: Unable to find an exact match for CDP version 131, returning the closest version; found: 130; Please update to a Selenium version that supports CDP version 131
Dec 09, 2024 10:29:00 PM org.openqa.selenium.devtools.CdpVersionFinder findNearestMatch
WARNING: Unable to find an exact match for CDP version 131, returning the closest version; found: 130; Please update to a Selenium version that supports CDP version 131
]]></system-err>
  </testcase>
  <testcase name="runScenario[&quot;Implementation of Binary Trees&quot;, &quot;Tree&quot;](197)" classname="TestRunners.TestRunner" time="1.974">
    <system-out><![CDATA[
Scenario: Try Here Editor page with empty code                               &amp#27;[90m# src/test/resources/Features/Tree.feature:437&amp#27;[0m
  &amp#27;[32mAnd &amp#27;[0m&amp#27;[32mUser clicks on Get Started button from Tree panel&amp#27;[0m             &amp#27;[90m# StepDefinitions.Tree.user_clicks_on_get_started_button_from_tree_panel()&amp#27;[0m
  &amp#27;[32mGiven &amp#27;[0m&amp#27;[32mThe user is on the Implementation of Binary Trees page&amp#27;[0m      &amp#27;[90m# StepDefinitions.Tree.the_user_is_on_the_implementation_of_binary_trees_page()&amp#27;[0m
  &amp#27;[32mWhen &amp#27;[0m&amp#27;[32mThe user clicks Applications of Binary trees link&amp#27;[0m            &amp#27;[90m# StepDefinitions.Tree.the_user_clicks_applications_of_binary_trees_link()&amp#27;[0m
  &amp#27;[32mThen &amp#27;[0m&amp#27;[32mThe user is redirected to Applications of Binary trees page.&amp#27;[0m &amp#27;[90m# StepDefinitions.Tree.the_user_is_redirected_to_applications_of_binary_trees_page()&amp#27;[0m
[INFO ] 2024-12-09 22:03:11.851 [TestNG-PoolService-2] Hooks - ======================  Test Execution is completed!! ======================
]]></system-out>
    <system-err><![CDATA[Dec 09, 2024 10:03:12 PM org.openqa.selenium.devtools.CdpVersionFinder findNearestMatch
WARNING: Unable to find an exact match for CDP version 131, returning the closest version; found: 130; Please update to a Selenium version that supports CDP version 131
]]></system-err>
  </testcase>
  <testcase name="runScenario[&quot;Implementation of Binary Trees&quot;, &quot;Tree&quot;](197)" classname="TestRunners.TestRunner" time="1.834">
    <system-out><![CDATA[
Scenario: Try Here Editor page with empty code                               &amp#27;[90m# src/test/resources/Features/Tree.feature:437&amp#27;[0m
  &amp#27;[32mGiven &amp#27;[0m&amp#27;[32mThe user is on the DS Introduction page as signedIn&amp#27;[0m          &amp#27;[90m# StepDefinitions.DSIntroductionDetails.the_user_is_on_the_ds_introduction_page_as_signed_in()&amp#27;[0m
  &amp#27;[32mWhen &amp#27;[0m&amp#27;[32mThe user clicks Applications of Binary trees link&amp#27;[0m            &amp#27;[90m# StepDefinitions.Tree.the_user_clicks_applications_of_binary_trees_link()&amp#27;[0m
  &amp#27;[32mThen &amp#27;[0m&amp#27;[32mThe user is redirected to Applications of Binary trees page.&amp#27;[0m &amp#27;[90m# StepDefinitions.Tree.the_user_is_redirected_to_applications_of_binary_trees_page()&amp#27;[0m
[INFO ] 2024-12-09 22:29:03.980 [TestNG-PoolService-3] Hooks - ======================  Test Execution is completed!! ======================
  &amp#27;[32mAnd &amp#27;[0m&amp#27;[32mUser clicks on Get Started button from Tree panel&amp#27;[0m              &amp#27;[90m# StepDefinitions.Tree.user_clicks_on_get_started_button_from_tree_panel()&amp#27;[0m
  &amp#27;[32mGiven &amp#27;[0m&amp#27;[32mThe user is on the Applications of Binary trees page&amp#27;[0m         &amp#27;[90m# StepDefinitions.Tree.the_user_is_on_the_applications_of_binary_trees_page()&amp#27;[0m
]]></system-out>
  </testcase>
  <testcase name="runScenario[&quot;Applications of Binary trees&quot;, &quot;Tree&quot;](198)" classname="TestRunners.TestRunner" time="8.037">
    <system-out><![CDATA[
Scenario: Try Here Editor page with valid data                        &amp#27;[90m# src/test/resources/Features/Tree.feature:444&amp#27;[0m
[INFO ] 2024-12-09 22:03:15.905 [TestNG-PoolService-1] Hooks - ======================  New Test Execution is STARTED!! ======================
[INFO ] 2024-12-09 22:03:15.905 [TestNG-PoolService-3] Hooks - ======================  New Test Execution is STARTED!! ======================
[INFO ] 2024-12-09 22:03:16.114 [TestNG-PoolService-2] Hooks - ======================  New Test Execution is STARTED!! ======================
  &amp#27;[32mGiven &amp#27;[0m&amp#27;[32mThe user is on the DS Introduction page as signedIn&amp#27;[0m                  &amp#27;[90m# StepDefinitions.DSIntroductionDetails.the_user_is_on_the_ds_introduction_page_as_signed_in()&amp#27;[0m
  &amp#27;[32mGiven &amp#27;[0m&amp#27;[32mThe user is on the DS Introduction page as signedIn&amp#27;[0m          &amp#27;[90m# StepDefinitions.DSIntroductionDetails.the_user_is_on_the_ds_introduction_page_as_signed_in()&amp#27;[0m
  &amp#27;[32mAnd &amp#27;[0m&amp#27;[32mUser clicks on Get Started button from Tree panel&amp#27;[0m                      &amp#27;[90m# StepDefinitions.Tree.user_clicks_on_get_started_button_from_tree_panel()&amp#27;[0m
  &amp#27;[32mAnd &amp#27;[0m&amp#27;[32mUser clicks on Get Started button from Tree panel&amp#27;[0m              &amp#27;[90m# StepDefinitions.Tree.user_clicks_on_get_started_button_from_tree_panel()&amp#27;[0m
  &amp#27;[32mGiven &amp#27;[0m&amp#27;[32mThe user is on the Applications of Binary trees page&amp#27;[0m                 &amp#27;[90m# StepDefinitions.Tree.the_user_is_on_the_applications_of_binary_trees_page()&amp#27;[0m
  &amp#27;[32mGiven &amp#27;[0m&amp#27;[32mThe user is on the Applications of Binary trees page&amp#27;[0m         &amp#27;[90m# StepDefinitions.Tree.the_user_is_on_the_applications_of_binary_trees_page()&amp#27;[0m
  &amp#27;[32mGiven &amp#27;[0m&amp#27;[32mThe user is on the DS Introduction page as signedIn&amp#27;[0m           &amp#27;[90m# StepDefinitions.DSIntroductionDetails.the_user_is_on_the_ds_introduction_page_as_signed_in()&amp#27;[0m
  &amp#27;[32mAnd &amp#27;[0m&amp#27;[32mUser clicks on Get Started button from Tree panel&amp#27;[0m               &amp#27;[90m# StepDefinitions.Tree.user_clicks_on_get_started_button_from_tree_panel()&amp#27;[0m
  &amp#27;[32mAnd &amp#27;[0m&amp#27;[32mThe user clicks Try Here button&amp#27;[0m                                        &amp#27;[90m# StepDefinitions.Tree.the_user_clicks_try_here_button()&amp#27;[0m
  &amp#27;[31mWhen &amp#27;[0m&amp#27;[31mThe user writes no code inside editor window and clicks on Run button&amp#27;[0m &amp#27;[90m# StepDefinitions.Tree.the_user_writes_no_code_inside_editor_window_and_clicks_on_run_button()&amp#27;[0m
      &amp#27;[31morg.openqa.selenium.ElementNotInteractableException: element not interactable
  (Session info: chrome=131.0.6778.109)
Build info: version: '4.26.0', revision: '8ccf0219d7'
System info: os.name: 'Windows 11', os.arch: 'amd64', os.version: '10.0', java.version: '21.0.5'
Driver info: org.openqa.selenium.chrome.ChromeDriver
Command: [052719dacb0db70420284e963047e562, sendKeysToElement {value=[Ljava.lang.CharSequence;@33e13e7f, id=f.E3C48486CB1F2545D2FE2A89DE27DE0A.d.F33D6C6B85AC67397990948855D7ECC6.e.51}]
Capabilities {acceptInsecureCerts: false, browserName: chrome, browserVersion: 131.0.6778.109, chrome: {chromedriverVersion: 131.0.6778.87 (ce31cae94873..., userDataDir: C:\Users\vamsh\AppData\Loca...}, fedcm:accounts: true, goog:chromeOptions: {debuggerAddress: localhost:63144}, networkConnectionEnabled: false, pageLoadStrategy: normal, platformName: windows, proxy: Proxy(), se:cdp: ws://localhost:63144/devtoo..., se:cdpVersion: 131.0.6778.109, setWindowRect: true, strictFileInteractability: false, timeouts: {implicit: 0, pageLoad: 300000, script: 30000}, unhandledPromptBehavior: dismiss and notify, webauthn:extension:credBlob: true, webauthn:extension:largeBlob: true, webauthn:extension:minPinLength: true, webauthn:extension:prf: true, webauthn:virtualAuthenticators: true}
Element: [[ChromeDriver: chrome on windows (052719dacb0db70420284e963047e562)] -> css selector: .CodeMirror textarea]
Session ID: 052719dacb0db70420284e963047e562
	at java.base/jdk.internal.reflect.DirectConstructorHandleAccessor.newInstance(DirectConstructorHandleAccessor.java:62)
	at java.base/java.lang.reflect.Constructor.newInstanceWithCaller(Constructor.java:502)
	at java.base/java.lang.reflect.Constructor.newInstance(Constructor.java:486)
	at org.openqa.selenium.remote.ErrorCodec.decode(ErrorCodec.java:167)
	at org.openqa.selenium.remote.codec.w3c.W3CHttpResponseCodec.decode(W3CHttpResponseCodec.java:138)
	at org.openqa.selenium.remote.codec.w3c.W3CHttpResponseCodec.decode(W3CHttpResponseCodec.java:50)
	at org.openqa.selenium.remote.HttpCommandExecutor.execute(HttpCommandExecutor.java:190)
	at org.openqa.selenium.remote.service.DriverCommandExecutor.invokeExecute(DriverCommandExecutor.java:216)
	at org.openqa.selenium.remote.service.DriverCommandExecutor.execute(DriverCommandExecutor.java:174)
	at org.openqa.selenium.remote.RemoteWebDriver.execute(RemoteWebDriver.java:545)
	at org.openqa.selenium.remote.RemoteWebElement.execute(RemoteWebElement.java:223)
	at org.openqa.selenium.remote.RemoteWebElement.sendKeys(RemoteWebElement.java:110)
	at PageObjects.TreePage.writeInTryEditorWindow(TreePage.java:357)
	at StepDefinitions.Tree.the_user_writes_no_code_inside_editor_window_and_clicks_on_run_button(Tree.java:73)
	at ✽.The user writes no code inside editor window and clicks on Run button(file:///C:/Projects/Repo1/src/test/resources/Features/Tree.feature:441)
&amp#27;[0m
  &amp#27;[36mThen &amp#27;[0m&amp#27;[36mNothing happens to the Editor page and no error message is displayed&amp#27;[0m  &amp#27;[90m# StepDefinitions.Tree.nothing_happens_to_the_editor_page_and_no_error_message_is_displayed()&amp#27;[0m
[ERROR] 2024-12-09 22:03:20.326 [TestNG-PoolService-3] Hooks - ======================  TEST CASE FAILED !! ======================
  &amp#27;[32mWhen &amp#27;[0m&amp#27;[32mThe user clicks Try Here button&amp#27;[0m                               &amp#27;[90m# StepDefinitions.Tree.the_user_clicks_try_here_button()&amp#27;[0m
  &amp#27;[32mGiven &amp#27;[0m&amp#27;[32mThe user is on the Applications of Binary trees page&amp#27;[0m          &amp#27;[90m# StepDefinitions.Tree.the_user_is_on_the_applications_of_binary_trees_page()&amp#27;[0m

    Embedding screenshot [image/png 7853 bytes]

[INFO ] 2024-12-09 22:03:20.513 [TestNG-PoolService-3] Hooks - ======================  Screenshot is captured  ======================
  &amp#27;[32mThen &amp#27;[0m&amp#27;[32mThe user is redirected to a page having Editor and run button&amp#27;[0m &amp#27;[90m# StepDefinitions.Tree.the_user_is_redirected_to_a_page_having_editor_and_run_button()&amp#27;[0m
[INFO ] 2024-12-09 22:03:20.515 [TestNG-PoolService-3] Hooks - ======================  Test Execution is completed!! ======================
[INFO ] 2024-12-09 22:03:20.519 [TestNG-PoolService-1] Hooks - ======================  Test Execution is completed!! ======================
]]></system-out>
    <system-err><![CDATA[Dec 09, 2024 10:03:13 PM org.openqa.selenium.devtools.CdpVersionFinder findNearestMatch
WARNING: Unable to find an exact match for CDP version 131, returning the closest version; found: 130; Please update to a Selenium version that supports CDP version 131
Dec 09, 2024 10:03:16 PM org.openqa.selenium.devtools.CdpVersionFinder findNearestMatch
WARNING: Unable to find an exact match for CDP version 131, returning the closest version; found: 130; Please update to a Selenium version that supports CDP version 131
]]></system-err>
  </testcase>
  <testcase name="runScenario[&quot;Applications of Binary trees&quot;, &quot;Tree&quot;](198)" classname="TestRunners.TestRunner" time="0.158">
    <system-out><![CDATA[
Scenario: Try Here Editor page with valid data                        &amp#27;[90m# src/test/resources/Features/Tree.feature:444&amp#27;[0m
]]></system-out>
  </testcase>
  <testcase name="runScenario[&quot;Applications of Binary trees&quot;, &quot;Tree&quot;](198)" classname="TestRunners.TestRunner" time="1.797">
    <system-out><![CDATA[  &amp#27;[32mWhen &amp#27;[0m&amp#27;[32mThe user clicks Try Here button&amp#27;[0m                               &amp#27;[90m# StepDefinitions.Tree.the_user_clicks_try_here_button()&amp#27;[0m

Scenario: Try Here Editor page with valid data                        &amp#27;[90m# src/test/resources/Features/Tree.feature:444&amp#27;[0m
  &amp#27;[32mThen &amp#27;[0m&amp#27;[32mThe user is redirected to a page having Editor and run button&amp#27;[0m &amp#27;[90m# StepDefinitions.Tree.the_user_is_redirected_to_a_page_having_editor_and_run_button()&amp#27;[0m
[INFO ] 2024-12-09 22:29:05.560 [TestNG-PoolService-1] Hooks - ======================  Test Execution is completed!! ======================
[INFO ] 2024-12-09 22:29:05.566 [TestNG-PoolService-2] Hooks - ======================  New Test Execution is STARTED!! ======================
]]></system-out>
    <system-err><![CDATA[Dec 09, 2024 10:29:05 PM org.openqa.selenium.devtools.CdpVersionFinder findNearestMatch
WARNING: Unable to find an exact match for CDP version 131, returning the closest version; found: 130; Please update to a Selenium version that supports CDP version 131
]]></system-err>
  </testcase>
  <testcase name="runScenario[&quot;Try Here Editor page with empty code&quot;, &quot;Tree&quot;](199)" classname="TestRunners.TestRunner" time="0.134">
    <failure message="element not interactable&#10;  (Session info: chrome=131.0.6778.109)&#10;Build info: version: &apos;4.26.0&apos;, revision: &apos;8ccf0219d7&apos;&#10;System info: os.name: &apos;Windows 11&apos;, os.arch: &apos;amd64&apos;, os.version: &apos;10.0&apos;, java.version: &apos;21.0.5&apos;&#10;Driver info: org.openqa.selenium.chrome.ChromeDriver&#10;Command: [052719dacb0db70420284e963047e562, sendKeysToElement {value=[Ljava.lang.CharSequence;@33e13e7f, id=f.E3C48486CB1F2545D2FE2A89DE27DE0A.d.F33D6C6B85AC67397990948855D7ECC6.e.51}]&#10;Capabilities {acceptInsecureCerts: false, browserName: chrome, browserVersion: 131.0.6778.109, chrome: {chromedriverVersion: 131.0.6778.87 (ce31cae94873..., userDataDir: C:\Users\vamsh\AppData\Loca...}, fedcm:accounts: true, goog:chromeOptions: {debuggerAddress: localhost:63144}, networkConnectionEnabled: false, pageLoadStrategy: normal, platformName: windows, proxy: Proxy(), se:cdp: ws://localhost:63144/devtoo..., se:cdpVersion: 131.0.6778.109, setWindowRect: true, strictFileInteractability: false, timeouts: {implicit: 0, pageLoad: 300000, script: 30000}, unhandledPromptBehavior: dismiss and notify, webauthn:extension:credBlob: true, webauthn:extension:largeBlob: true, webauthn:extension:minPinLength: true, webauthn:extension:prf: true, webauthn:virtualAuthenticators: true}&#10;Element: [[ChromeDriver: chrome on windows (052719dacb0db70420284e963047e562)] -&gt; css selector: .CodeMirror textarea]&#10;Session ID: 052719dacb0db70420284e963047e562" type="org.openqa.selenium.ElementNotInteractableException"><![CDATA[org.openqa.selenium.ElementNotInteractableException: 
element not interactable
  (Session info: chrome=131.0.6778.109)
Build info: version: '4.26.0', revision: '8ccf0219d7'
System info: os.name: 'Windows 11', os.arch: 'amd64', os.version: '10.0', java.version: '21.0.5'
Driver info: org.openqa.selenium.chrome.ChromeDriver
Command: [052719dacb0db70420284e963047e562, sendKeysToElement {value=[Ljava.lang.CharSequence;@33e13e7f, id=f.E3C48486CB1F2545D2FE2A89DE27DE0A.d.F33D6C6B85AC67397990948855D7ECC6.e.51}]
Capabilities {acceptInsecureCerts: false, browserName: chrome, browserVersion: 131.0.6778.109, chrome: {chromedriverVersion: 131.0.6778.87 (ce31cae94873..., userDataDir: C:\Users\vamsh\AppData\Loca...}, fedcm:accounts: true, goog:chromeOptions: {debuggerAddress: localhost:63144}, networkConnectionEnabled: false, pageLoadStrategy: normal, platformName: windows, proxy: Proxy(), se:cdp: ws://localhost:63144/devtoo..., se:cdpVersion: 131.0.6778.109, setWindowRect: true, strictFileInteractability: false, timeouts: {implicit: 0, pageLoad: 300000, script: 30000}, unhandledPromptBehavior: dismiss and notify, webauthn:extension:credBlob: true, webauthn:extension:largeBlob: true, webauthn:extension:minPinLength: true, webauthn:extension:prf: true, webauthn:virtualAuthenticators: true}
Element: [[ChromeDriver: chrome on windows (052719dacb0db70420284e963047e562)] -> css selector: .CodeMirror textarea]
Session ID: 052719dacb0db70420284e963047e562
]]></failure>
    <system-out><![CDATA[
Scenario: Try Here Editor page with invalid data                        &amp#27;[90m# src/test/resources/Features/Tree.feature:451&amp#27;[0m
]]></system-out>
  </testcase>
  <testcase name="runScenario[&quot;Try Here Editor page with empty code&quot;, &quot;Tree&quot;](199)" classname="TestRunners.TestRunner" time="11.371">
    <system-out><![CDATA[
Scenario: Try Here Editor page with invalid data                        &amp#27;[90m# src/test/resources/Features/Tree.feature:451&amp#27;[0m
[INFO ] 2024-12-09 22:17:21.976 [TestNG-PoolService-2] Hooks - ======================  New Test Execution is STARTED!! ======================
[INFO ] 2024-12-09 22:17:23.484 [TestNG-PoolService-1] Hooks - ======================  New Test Execution is STARTED!! ======================
[INFO ] 2024-12-09 22:17:23.863 [TestNG-PoolService-3] Hooks - ======================  New Test Execution is STARTED!! ======================
  &amp#27;[32mGiven &amp#27;[0m&amp#27;[32mThe user is on the DS Introduction page as signedIn&amp#27;[0m                  &amp#27;[90m# StepDefinitions.DSIntroductionDetails.the_user_is_on_the_ds_introduction_page_as_signed_in()&amp#27;[0m
  &amp#27;[32mAnd &amp#27;[0m&amp#27;[32mUser clicks on Get Started button from Tree panel&amp#27;[0m                      &amp#27;[90m# StepDefinitions.Tree.user_clicks_on_get_started_button_from_tree_panel()&amp#27;[0m
  &amp#27;[32mGiven &amp#27;[0m&amp#27;[32mThe user is on the Applications of Binary trees page&amp#27;[0m                 &amp#27;[90m# StepDefinitions.Tree.the_user_is_on_the_applications_of_binary_trees_page()&amp#27;[0m
  &amp#27;[32mGiven &amp#27;[0m&amp#27;[32mThe user is on the DS Introduction page as signedIn&amp#27;[0m             &amp#27;[90m# StepDefinitions.DSIntroductionDetails.the_user_is_on_the_ds_introduction_page_as_signed_in()&amp#27;[0m
  &amp#27;[32mGiven &amp#27;[0m&amp#27;[32mThe user is on the DS Introduction page as signedIn&amp#27;[0m           &amp#27;[90m# StepDefinitions.DSIntroductionDetails.the_user_is_on_the_ds_introduction_page_as_signed_in()&amp#27;[0m
  &amp#27;[32mAnd &amp#27;[0m&amp#27;[32mUser clicks on Get Started button from Tree panel&amp#27;[0m                 &amp#27;[90m# StepDefinitions.Tree.user_clicks_on_get_started_button_from_tree_panel()&amp#27;[0m
  &amp#27;[32mAnd &amp#27;[0m&amp#27;[32mUser clicks on Get Started button from Tree panel&amp#27;[0m               &amp#27;[90m# StepDefinitions.Tree.user_clicks_on_get_started_button_from_tree_panel()&amp#27;[0m
  &amp#27;[32mGiven &amp#27;[0m&amp#27;[32mThe user is on the Applications of Binary trees page&amp#27;[0m            &amp#27;[90m# StepDefinitions.Tree.the_user_is_on_the_applications_of_binary_trees_page()&amp#27;[0m
  &amp#27;[32mAnd &amp#27;[0m&amp#27;[32mThe user clicks Try Here button&amp#27;[0m                                        &amp#27;[90m# StepDefinitions.Tree.the_user_clicks_try_here_button()&amp#27;[0m
  &amp#27;[32mGiven &amp#27;[0m&amp#27;[32mThe user is on the Applications of Binary trees page&amp#27;[0m          &amp#27;[90m# StepDefinitions.Tree.the_user_is_on_the_applications_of_binary_trees_page()&amp#27;[0m
  &amp#27;[32mWhen &amp#27;[0m&amp#27;[32mThe user writes no code inside editor window and clicks on Run button&amp#27;[0m &amp#27;[90m# StepDefinitions.Tree.the_user_writes_no_code_inside_editor_window_and_clicks_on_run_button()&amp#27;[0m
  &amp#27;[32mThen &amp#27;[0m&amp#27;[32mNothing happens to the Editor page and no error message is displayed&amp#27;[0m  &amp#27;[90m# StepDefinitions.Tree.nothing_happens_to_the_editor_page_and_no_error_message_is_displayed()&amp#27;[0m
[INFO ] 2024-12-09 22:17:27.546 [TestNG-PoolService-2] Hooks - ======================  Test Execution is completed!! ======================
  &amp#27;[32mAnd &amp#27;[0m&amp#27;[32mThe user clicks Try Here button&amp#27;[0m                                   &amp#27;[90m# StepDefinitions.Tree.the_user_clicks_try_here_button()&amp#27;[0m
  &amp#27;[32mWhen &amp#27;[0m&amp#27;[32mThe user writes the invalid python code and clicks on Run button&amp#27;[0m &amp#27;[90m# StepDefinitions.Tree.the_user_writes_the_invalid_python_code_and_clicks_on_run_button()&amp#27;[0m
  &amp#27;[32mThen &amp#27;[0m&amp#27;[32mThe user see error msg in alert window&amp#27;[0m                           &amp#27;[90m# StepDefinitions.Tree.the_user_see_error_msg_in_alert_window()&amp#27;[0m
[INFO ] 2024-12-09 22:17:28.179 [TestNG-PoolService-3] Hooks - ======================  Test Execution is completed!! ======================
  &amp#27;[32mAnd &amp#27;[0m&amp#27;[32mThe user clicks Try Here button&amp#27;[0m                                 &amp#27;[90m# StepDefinitions.Tree.the_user_clicks_try_here_button()&amp#27;[0m
  &amp#27;[32mWhen &amp#27;[0m&amp#27;[32mThe user writes the valid python code and clicks on Run button&amp#27;[0m &amp#27;[90m# StepDefinitions.Tree.the_user_writes_the_valid_python_code_and_clicks_on_run_button()&amp#27;[0m
  &amp#27;[31mThen &amp#27;[0m&amp#27;[31mThe user is able to see the output inside the console.&amp#27;[0m         &amp#27;[90m# StepDefinitions.Tree.the_user_is_able_to_see_the_output_inside_the_console()&amp#27;[0m
      &amp#27;[31mjava.lang.AssertionError: expected [hello] but found []
	at org.testng.Assert.fail(Assert.java:111)
	at org.testng.Assert.failNotEquals(Assert.java:1578)
	at org.testng.Assert.assertEqualsImpl(Assert.java:150)
	at org.testng.Assert.assertEquals(Assert.java:132)
	at org.testng.Assert.assertEquals(Assert.java:656)
	at org.testng.Assert.assertEquals(Assert.java:666)
	at PageObjects.TreePage.check_When_ValidCode_In_Editor(TreePage.java:384)
	at StepDefinitions.Tree.the_user_is_able_to_see_the_output_inside_the_console(Tree.java:91)
	at ✽.The user is able to see the output inside the console.(file:///C:/Projects/Repo1/src/test/resources/Features/Tree.feature:449)
&amp#27;[0m
[ERROR] 2024-12-09 22:17:28.747 [TestNG-PoolService-1] Hooks - ======================  TEST CASE FAILED !! ======================

    Embedding screenshot [image/png 37860 bytes]

[INFO ] 2024-12-09 22:17:28.801 [TestNG-PoolService-1] Hooks - ======================  Screenshot is captured  ======================
[INFO ] 2024-12-09 22:17:28.802 [TestNG-PoolService-1] Hooks - ======================  Test Execution is completed!! ======================
]]></system-out>
  </testcase>
  <testcase name="runScenario[&quot;Try Here Editor page with empty code&quot;, &quot;Tree&quot;](199)" classname="TestRunners.TestRunner" time="6.55">
    <failure message="element not interactable&#10;  (Session info: MicrosoftEdge=131.0.2903.86)&#10;Build info: version: &apos;4.26.0&apos;, revision: &apos;8ccf0219d7&apos;&#10;System info: os.name: &apos;Windows 11&apos;, os.arch: &apos;amd64&apos;, os.version: &apos;10.0&apos;, java.version: &apos;21.0.5&apos;&#10;Driver info: org.openqa.selenium.edge.EdgeDriver&#10;Command: [66256900c1e9a5314896faaf327af3a3, sendKeysToElement {value=[Ljava.lang.CharSequence;@695dd363, id=f.D88C295D0C769703C8C75304FED49346.d.5168203DA83FCFDF8103D6A5CAFD3581.e.37}]&#10;Capabilities {acceptInsecureCerts: false, browserName: MicrosoftEdge, browserVersion: 131.0.2903.86, fedcm:accounts: true, ms:edgeOptions: {debuggerAddress: localhost:51908}, msedge: {msedgedriverVersion: 131.0.2903.86 (cf5bf303997c..., userDataDir: C:\Users\vamsh\AppData\Loca...}, networkConnectionEnabled: false, pageLoadStrategy: normal, platformName: windows, proxy: Proxy(), se:cdp: ws://localhost:51908/devtoo..., se:cdpVersion: 131.0.2903.86, setWindowRect: true, strictFileInteractability: false, timeouts: {implicit: 0, pageLoad: 300000, script: 30000}, unhandledPromptBehavior: dismiss and notify, webauthn:extension:credBlob: true, webauthn:extension:largeBlob: true, webauthn:extension:minPinLength: true, webauthn:extension:prf: true, webauthn:virtualAuthenticators: true}&#10;Element: [[EdgeDriver: MicrosoftEdge on windows (66256900c1e9a5314896faaf327af3a3)] -&gt; css selector: .CodeMirror textarea]&#10;Session ID: 66256900c1e9a5314896faaf327af3a3" type="org.openqa.selenium.ElementNotInteractableException"><![CDATA[org.openqa.selenium.ElementNotInteractableException: 
element not interactable
  (Session info: MicrosoftEdge=131.0.2903.86)
Build info: version: '4.26.0', revision: '8ccf0219d7'
System info: os.name: 'Windows 11', os.arch: 'amd64', os.version: '10.0', java.version: '21.0.5'
Driver info: org.openqa.selenium.edge.EdgeDriver
Command: [66256900c1e9a5314896faaf327af3a3, sendKeysToElement {value=[Ljava.lang.CharSequence;@695dd363, id=f.D88C295D0C769703C8C75304FED49346.d.5168203DA83FCFDF8103D6A5CAFD3581.e.37}]
Capabilities {acceptInsecureCerts: false, browserName: MicrosoftEdge, browserVersion: 131.0.2903.86, fedcm:accounts: true, ms:edgeOptions: {debuggerAddress: localhost:51908}, msedge: {msedgedriverVersion: 131.0.2903.86 (cf5bf303997c..., userDataDir: C:\Users\vamsh\AppData\Loca...}, networkConnectionEnabled: false, pageLoadStrategy: normal, platformName: windows, proxy: Proxy(), se:cdp: ws://localhost:51908/devtoo..., se:cdpVersion: 131.0.2903.86, setWindowRect: true, strictFileInteractability: false, timeouts: {implicit: 0, pageLoad: 300000, script: 30000}, unhandledPromptBehavior: dismiss and notify, webauthn:extension:credBlob: true, webauthn:extension:largeBlob: true, webauthn:extension:minPinLength: true, webauthn:extension:prf: true, webauthn:virtualAuthenticators: true}
Element: [[EdgeDriver: MicrosoftEdge on windows (66256900c1e9a5314896faaf327af3a3)] -> css selector: .CodeMirror textarea]
Session ID: 66256900c1e9a5314896faaf327af3a3
]]></failure>
    <system-out><![CDATA[
Scenario: Try Here Editor page with invalid data                        &amp#27;[90m# src/test/resources/Features/Tree.feature:451&amp#27;[0m
[INFO ] 2024-12-09 22:29:08.836 [TestNG-PoolService-3] Hooks - ======================  New Test Execution is STARTED!! ======================
  &amp#27;[32mGiven &amp#27;[0m&amp#27;[32mThe user is on the DS Introduction page as signedIn&amp#27;[0m                  &amp#27;[90m# StepDefinitions.DSIntroductionDetails.the_user_is_on_the_ds_introduction_page_as_signed_in()&amp#27;[0m
  &amp#27;[32mAnd &amp#27;[0m&amp#27;[32mUser clicks on Get Started button from Tree panel&amp#27;[0m                      &amp#27;[90m# StepDefinitions.Tree.user_clicks_on_get_started_button_from_tree_panel()&amp#27;[0m
[INFO ] 2024-12-09 22:29:10.787 [TestNG-PoolService-1] Hooks - ======================  New Test Execution is STARTED!! ======================
  &amp#27;[32mGiven &amp#27;[0m&amp#27;[32mThe user is on the Applications of Binary trees page&amp#27;[0m                 &amp#27;[90m# StepDefinitions.Tree.the_user_is_on_the_applications_of_binary_trees_page()&amp#27;[0m
  &amp#27;[32mAnd &amp#27;[0m&amp#27;[32mThe user clicks Try Here button&amp#27;[0m                                        &amp#27;[90m# StepDefinitions.Tree.the_user_clicks_try_here_button()&amp#27;[0m
  &amp#27;[31mWhen &amp#27;[0m&amp#27;[31mThe user writes no code inside editor window and clicks on Run button&amp#27;[0m &amp#27;[90m# StepDefinitions.Tree.the_user_writes_no_code_inside_editor_window_and_clicks_on_run_button()&amp#27;[0m
      &amp#27;[31morg.openqa.selenium.ElementNotInteractableException: element not interactable
  (Session info: MicrosoftEdge=131.0.2903.86)
Build info: version: '4.26.0', revision: '8ccf0219d7'
System info: os.name: 'Windows 11', os.arch: 'amd64', os.version: '10.0', java.version: '21.0.5'
Driver info: org.openqa.selenium.edge.EdgeDriver
Command: [66256900c1e9a5314896faaf327af3a3, sendKeysToElement {value=[Ljava.lang.CharSequence;@695dd363, id=f.D88C295D0C769703C8C75304FED49346.d.5168203DA83FCFDF8103D6A5CAFD3581.e.37}]
Capabilities {acceptInsecureCerts: false, browserName: MicrosoftEdge, browserVersion: 131.0.2903.86, fedcm:accounts: true, ms:edgeOptions: {debuggerAddress: localhost:51908}, msedge: {msedgedriverVersion: 131.0.2903.86 (cf5bf303997c..., userDataDir: C:\Users\vamsh\AppData\Loca...}, networkConnectionEnabled: false, pageLoadStrategy: normal, platformName: windows, proxy: Proxy(), se:cdp: ws://localhost:51908/devtoo..., se:cdpVersion: 131.0.2903.86, setWindowRect: true, strictFileInteractability: false, timeouts: {implicit: 0, pageLoad: 300000, script: 30000}, unhandledPromptBehavior: dismiss and notify, webauthn:extension:credBlob: true, webauthn:extension:largeBlob: true, webauthn:extension:minPinLength: true, webauthn:extension:prf: true, webauthn:virtualAuthenticators: true}
Element: [[EdgeDriver: MicrosoftEdge on windows (66256900c1e9a5314896faaf327af3a3)] -> css selector: .CodeMirror textarea]
Session ID: 66256900c1e9a5314896faaf327af3a3
	at java.base/jdk.internal.reflect.DirectConstructorHandleAccessor.newInstance(DirectConstructorHandleAccessor.java:62)
	at java.base/java.lang.reflect.Constructor.newInstanceWithCaller(Constructor.java:502)
	at java.base/java.lang.reflect.Constructor.newInstance(Constructor.java:486)
	at org.openqa.selenium.remote.ErrorCodec.decode(ErrorCodec.java:167)
	at org.openqa.selenium.remote.codec.w3c.W3CHttpResponseCodec.decode(W3CHttpResponseCodec.java:138)
	at org.openqa.selenium.remote.codec.w3c.W3CHttpResponseCodec.decode(W3CHttpResponseCodec.java:50)
	at org.openqa.selenium.remote.HttpCommandExecutor.execute(HttpCommandExecutor.java:190)
	at org.openqa.selenium.remote.service.DriverCommandExecutor.invokeExecute(DriverCommandExecutor.java:216)
	at org.openqa.selenium.remote.service.DriverCommandExecutor.execute(DriverCommandExecutor.java:174)
	at org.openqa.selenium.remote.RemoteWebDriver.execute(RemoteWebDriver.java:545)
	at org.openqa.selenium.remote.RemoteWebElement.execute(RemoteWebElement.java:223)
	at org.openqa.selenium.remote.RemoteWebElement.sendKeys(RemoteWebElement.java:110)
	at PageObjects.TreePage.writeInTryEditorWindow(TreePage.java:357)
	at StepDefinitions.Tree.the_user_writes_no_code_inside_editor_window_and_clicks_on_run_button(Tree.java:73)
	at ✽.The user writes no code inside editor window and clicks on Run button(file:///C:/Projects/Repo1/src/test/resources/Features/Tree.feature:441)
&amp#27;[0m
  &amp#27;[36mThen &amp#27;[0m&amp#27;[36mNothing happens to the Editor page and no error message is displayed&amp#27;[0m  &amp#27;[90m# StepDefinitions.Tree.nothing_happens_to_the_editor_page_and_no_error_message_is_displayed()&amp#27;[0m
[ERROR] 2024-12-09 22:29:12.130 [TestNG-PoolService-2] Hooks - ======================  TEST CASE FAILED !! ======================

    Embedding screenshot [image/png 7890 bytes]

[INFO ] 2024-12-09 22:29:12.332 [TestNG-PoolService-2] Hooks - ======================  Screenshot is captured  ======================
[INFO ] 2024-12-09 22:29:12.333 [TestNG-PoolService-2] Hooks - ======================  Test Execution is completed!! ======================
  &amp#27;[32mGiven &amp#27;[0m&amp#27;[32mThe user is on the DS Introduction page as signedIn&amp#27;[0m           &amp#27;[90m# StepDefinitions.DSIntroductionDetails.the_user_is_on_the_ds_introduction_page_as_signed_in()&amp#27;[0m
  &amp#27;[32mAnd &amp#27;[0m&amp#27;[32mUser clicks on Get Started button from Tree panel&amp#27;[0m               &amp#27;[90m# StepDefinitions.Tree.user_clicks_on_get_started_button_from_tree_panel()&amp#27;[0m
  &amp#27;[32mGiven &amp#27;[0m&amp#27;[32mThe user is on the Applications of Binary trees page&amp#27;[0m          &amp#27;[90m# StepDefinitions.Tree.the_user_is_on_the_applications_of_binary_trees_page()&amp#27;[0m
]]></system-out>
    <system-err><![CDATA[Dec 09, 2024 10:29:08 PM org.openqa.selenium.devtools.CdpVersionFinder findNearestMatch
WARNING: Unable to find an exact match for CDP version 131, returning the closest version; found: 130; Please update to a Selenium version that supports CDP version 131
Dec 09, 2024 10:29:10 PM org.openqa.selenium.devtools.CdpVersionFinder findNearestMatch
WARNING: Unable to find an exact match for CDP version 131, returning the closest version; found: 130; Please update to a Selenium version that supports CDP version 131
]]></system-err>
  </testcase>
  <testcase name="runScenario[&quot;Try Here Editor page with valid data&quot;, &quot;Tree&quot;](200)" classname="TestRunners.TestRunner" time="1.901">
    <system-out><![CDATA[
Scenario: Try Here Editor page with alert message                      &amp#27;[90m# src/test/resources/Features/Tree.feature:458&amp#27;[0m
  &amp#27;[32mAnd &amp#27;[0m&amp#27;[32mThe user clicks Try Here button&amp#27;[0m                                 &amp#27;[90m# StepDefinitions.Tree.the_user_clicks_try_here_button()&amp#27;[0m
  &amp#27;[32mWhen &amp#27;[0m&amp#27;[32mThe user writes the valid python code and clicks on Run button&amp#27;[0m &amp#27;[90m# StepDefinitions.Tree.the_user_writes_the_valid_python_code_and_clicks_on_run_button()&amp#27;[0m
  &amp#27;[32mThen &amp#27;[0m&amp#27;[32mThe user is able to see the output inside the console.&amp#27;[0m         &amp#27;[90m# StepDefinitions.Tree.the_user_is_able_to_see_the_output_inside_the_console()&amp#27;[0m
[INFO ] 2024-12-09 22:03:21.585 [TestNG-PoolService-2] Hooks - ======================  Test Execution is completed!! ======================
[INFO ] 2024-12-09 22:03:22.531 [TestNG-PoolService-1] Hooks - ======================  New Test Execution is STARTED!! ======================
[INFO ] 2024-12-09 22:03:22.715 [TestNG-PoolService-3] Hooks - ======================  New Test Execution is STARTED!! ======================
]]></system-out>
    <system-err><![CDATA[Dec 09, 2024 10:03:22 PM org.openqa.selenium.devtools.CdpVersionFinder findNearestMatch
WARNING: Unable to find an exact match for CDP version 131, returning the closest version; found: 130; Please update to a Selenium version that supports CDP version 131
Dec 09, 2024 10:03:22 PM org.openqa.selenium.devtools.CdpVersionFinder findNearestMatch
WARNING: Unable to find an exact match for CDP version 131, returning the closest version; found: 130; Please update to a Selenium version that supports CDP version 131
]]></system-err>
  </testcase>
  <testcase name="runScenario[&quot;Try Here Editor page with valid data&quot;, &quot;Tree&quot;](200)" classname="TestRunners.TestRunner" time="2.165">
    <failure message="element not interactable&#10;  (Session info: MicrosoftEdge=131.0.2903.86)&#10;Build info: version: &apos;4.26.0&apos;, revision: &apos;8ccf0219d7&apos;&#10;System info: os.name: &apos;Windows 11&apos;, os.arch: &apos;amd64&apos;, os.version: &apos;10.0&apos;, java.version: &apos;21.0.5&apos;&#10;Driver info: org.openqa.selenium.edge.EdgeDriver&#10;Command: [6afe28793c1b985c5dcd032f6f554c4a, sendKeysToElement {value=[Ljava.lang.CharSequence;@28934801, id=f.9BF317D4D5294E4A146CA28C20F2D879.d.C6AA4D91FD739A4FD3A1A2D51F9151CB.e.37}]&#10;Capabilities {acceptInsecureCerts: false, browserName: MicrosoftEdge, browserVersion: 131.0.2903.86, fedcm:accounts: true, ms:edgeOptions: {debuggerAddress: localhost:51996}, msedge: {msedgedriverVersion: 131.0.2903.86 (cf5bf303997c..., userDataDir: C:\Users\vamsh\AppData\Loca...}, networkConnectionEnabled: false, pageLoadStrategy: normal, platformName: windows, proxy: Proxy(), se:cdp: ws://localhost:51996/devtoo..., se:cdpVersion: 131.0.2903.86, setWindowRect: true, strictFileInteractability: false, timeouts: {implicit: 0, pageLoad: 300000, script: 30000}, unhandledPromptBehavior: dismiss and notify, webauthn:extension:credBlob: true, webauthn:extension:largeBlob: true, webauthn:extension:minPinLength: true, webauthn:extension:prf: true, webauthn:virtualAuthenticators: true}&#10;Element: [[EdgeDriver: MicrosoftEdge on windows (6afe28793c1b985c5dcd032f6f554c4a)] -&gt; css selector: .CodeMirror textarea]&#10;Session ID: 6afe28793c1b985c5dcd032f6f554c4a" type="org.openqa.selenium.ElementNotInteractableException"><![CDATA[org.openqa.selenium.ElementNotInteractableException: 
element not interactable
  (Session info: MicrosoftEdge=131.0.2903.86)
Build info: version: '4.26.0', revision: '8ccf0219d7'
System info: os.name: 'Windows 11', os.arch: 'amd64', os.version: '10.0', java.version: '21.0.5'
Driver info: org.openqa.selenium.edge.EdgeDriver
Command: [6afe28793c1b985c5dcd032f6f554c4a, sendKeysToElement {value=[Ljava.lang.CharSequence;@28934801, id=f.9BF317D4D5294E4A146CA28C20F2D879.d.C6AA4D91FD739A4FD3A1A2D51F9151CB.e.37}]
Capabilities {acceptInsecureCerts: false, browserName: MicrosoftEdge, browserVersion: 131.0.2903.86, fedcm:accounts: true, ms:edgeOptions: {debuggerAddress: localhost:51996}, msedge: {msedgedriverVersion: 131.0.2903.86 (cf5bf303997c..., userDataDir: C:\Users\vamsh\AppData\Loca...}, networkConnectionEnabled: false, pageLoadStrategy: normal, platformName: windows, proxy: Proxy(), se:cdp: ws://localhost:51996/devtoo..., se:cdpVersion: 131.0.2903.86, setWindowRect: true, strictFileInteractability: false, timeouts: {implicit: 0, pageLoad: 300000, script: 30000}, unhandledPromptBehavior: dismiss and notify, webauthn:extension:credBlob: true, webauthn:extension:largeBlob: true, webauthn:extension:minPinLength: true, webauthn:extension:prf: true, webauthn:virtualAuthenticators: true}
Element: [[EdgeDriver: MicrosoftEdge on windows (6afe28793c1b985c5dcd032f6f554c4a)] -> css selector: .CodeMirror textarea]
Session ID: 6afe28793c1b985c5dcd032f6f554c4a
]]></failure>
    <system-out><![CDATA[
Scenario: Try Here Editor page with alert message                      &amp#27;[90m# src/test/resources/Features/Tree.feature:458&amp#27;[0m
  &amp#27;[32mAnd &amp#27;[0m&amp#27;[32mThe user clicks Try Here button&amp#27;[0m                                 &amp#27;[90m# StepDefinitions.Tree.the_user_clicks_try_here_button()&amp#27;[0m
  &amp#27;[31mWhen &amp#27;[0m&amp#27;[31mThe user writes the valid python code and clicks on Run button&amp#27;[0m &amp#27;[90m# StepDefinitions.Tree.the_user_writes_the_valid_python_code_and_clicks_on_run_button()&amp#27;[0m
      &amp#27;[31morg.openqa.selenium.ElementNotInteractableException: element not interactable
  (Session info: MicrosoftEdge=131.0.2903.86)
Build info: version: '4.26.0', revision: '8ccf0219d7'
System info: os.name: 'Windows 11', os.arch: 'amd64', os.version: '10.0', java.version: '21.0.5'
Driver info: org.openqa.selenium.edge.EdgeDriver
Command: [6afe28793c1b985c5dcd032f6f554c4a, sendKeysToElement {value=[Ljava.lang.CharSequence;@28934801, id=f.9BF317D4D5294E4A146CA28C20F2D879.d.C6AA4D91FD739A4FD3A1A2D51F9151CB.e.37}]
Capabilities {acceptInsecureCerts: false, browserName: MicrosoftEdge, browserVersion: 131.0.2903.86, fedcm:accounts: true, ms:edgeOptions: {debuggerAddress: localhost:51996}, msedge: {msedgedriverVersion: 131.0.2903.86 (cf5bf303997c..., userDataDir: C:\Users\vamsh\AppData\Loca...}, networkConnectionEnabled: false, pageLoadStrategy: normal, platformName: windows, proxy: Proxy(), se:cdp: ws://localhost:51996/devtoo..., se:cdpVersion: 131.0.2903.86, setWindowRect: true, strictFileInteractability: false, timeouts: {implicit: 0, pageLoad: 300000, script: 30000}, unhandledPromptBehavior: dismiss and notify, webauthn:extension:credBlob: true, webauthn:extension:largeBlob: true, webauthn:extension:minPinLength: true, webauthn:extension:prf: true, webauthn:virtualAuthenticators: true}
Element: [[EdgeDriver: MicrosoftEdge on windows (6afe28793c1b985c5dcd032f6f554c4a)] -> css selector: .CodeMirror textarea]
Session ID: 6afe28793c1b985c5dcd032f6f554c4a
	at java.base/jdk.internal.reflect.DirectConstructorHandleAccessor.newInstance(DirectConstructorHandleAccessor.java:62)
	at java.base/java.lang.reflect.Constructor.newInstanceWithCaller(Constructor.java:502)
	at java.base/java.lang.reflect.Constructor.newInstance(Constructor.java:486)
	at org.openqa.selenium.remote.ErrorCodec.decode(ErrorCodec.java:167)
	at org.openqa.selenium.remote.codec.w3c.W3CHttpResponseCodec.decode(W3CHttpResponseCodec.java:138)
	at org.openqa.selenium.remote.codec.w3c.W3CHttpResponseCodec.decode(W3CHttpResponseCodec.java:50)
	at org.openqa.selenium.remote.HttpCommandExecutor.execute(HttpCommandExecutor.java:190)
	at org.openqa.selenium.remote.service.DriverCommandExecutor.invokeExecute(DriverCommandExecutor.java:216)
	at org.openqa.selenium.remote.service.DriverCommandExecutor.execute(DriverCommandExecutor.java:174)
	at org.openqa.selenium.remote.RemoteWebDriver.execute(RemoteWebDriver.java:545)
	at org.openqa.selenium.remote.RemoteWebElement.execute(RemoteWebElement.java:223)
	at org.openqa.selenium.remote.RemoteWebElement.sendKeys(RemoteWebElement.java:110)
	at PageObjects.TreePage.writeInTryEditorWindow(TreePage.java:357)
	at StepDefinitions.Tree.the_user_writes_the_valid_python_code_and_clicks_on_run_button(Tree.java:85)
	at ✽.The user writes the valid python code and clicks on Run button(file:///C:/Projects/Repo1/src/test/resources/Features/Tree.feature:448)
&amp#27;[0m
  &amp#27;[36mThen &amp#27;[0m&amp#27;[36mThe user is able to see the output inside the console.&amp#27;[0m         &amp#27;[90m# StepDefinitions.Tree.the_user_is_able_to_see_the_output_inside_the_console()&amp#27;[0m
[ERROR] 2024-12-09 22:29:14.446 [TestNG-PoolService-3] Hooks - ======================  TEST CASE FAILED !! ======================

    Embedding screenshot [image/png 7890 bytes]

[INFO ] 2024-12-09 22:29:14.624 [TestNG-PoolService-3] Hooks - ======================  Screenshot is captured  ======================
[INFO ] 2024-12-09 22:29:14.626 [TestNG-PoolService-3] Hooks - ======================  Test Execution is completed!! ======================
  &amp#27;[32mGiven &amp#27;[0m&amp#27;[32mThe user is on the DS Introduction page as signedIn&amp#27;[0m             &amp#27;[90m# StepDefinitions.DSIntroductionDetails.the_user_is_on_the_ds_introduction_page_as_signed_in()&amp#27;[0m
  &amp#27;[32mAnd &amp#27;[0m&amp#27;[32mUser clicks on Get Started button from Tree panel&amp#27;[0m                 &amp#27;[90m# StepDefinitions.Tree.user_clicks_on_get_started_button_from_tree_panel()&amp#27;[0m
[INFO ] 2024-12-09 22:29:15.737 [TestNG-PoolService-2] Hooks - ======================  New Test Execution is STARTED!! ======================
]]></system-out>
    <system-err><![CDATA[Dec 09, 2024 10:29:15 PM org.openqa.selenium.devtools.CdpVersionFinder findNearestMatch
WARNING: Unable to find an exact match for CDP version 131, returning the closest version; found: 130; Please update to a Selenium version that supports CDP version 131
]]></system-err>
  </testcase>
  <testcase name="runScenario[&quot;Try Here Editor page with alert message&quot;, &quot;Tree&quot;](201)" classname="TestRunners.TestRunner" time="4.683">
    <failure message="element not interactable&#10;  (Session info: chrome=131.0.6778.109)&#10;Build info: version: &apos;4.26.0&apos;, revision: &apos;8ccf0219d7&apos;&#10;System info: os.name: &apos;Windows 11&apos;, os.arch: &apos;amd64&apos;, os.version: &apos;10.0&apos;, java.version: &apos;21.0.5&apos;&#10;Driver info: org.openqa.selenium.chrome.ChromeDriver&#10;Command: [591bbd92e4628c83bc41b677b91549f9, sendKeysToElement {value=[Ljava.lang.CharSequence;@7536f8d8, id=f.AC462211907B56722F46771B23A26487.d.515B9C75AB337A94A3210EB939356A3C.e.51}]&#10;Capabilities {acceptInsecureCerts: false, browserName: chrome, browserVersion: 131.0.6778.109, chrome: {chromedriverVersion: 131.0.6778.87 (ce31cae94873..., userDataDir: C:\Users\vamsh\AppData\Loca...}, fedcm:accounts: true, goog:chromeOptions: {debuggerAddress: localhost:63246}, networkConnectionEnabled: false, pageLoadStrategy: normal, platformName: windows, proxy: Proxy(), se:cdp: ws://localhost:63246/devtoo..., se:cdpVersion: 131.0.6778.109, setWindowRect: true, strictFileInteractability: false, timeouts: {implicit: 0, pageLoad: 300000, script: 30000}, unhandledPromptBehavior: dismiss and notify, webauthn:extension:credBlob: true, webauthn:extension:largeBlob: true, webauthn:extension:minPinLength: true, webauthn:extension:prf: true, webauthn:virtualAuthenticators: true}&#10;Element: [[ChromeDriver: chrome on windows (591bbd92e4628c83bc41b677b91549f9)] -&gt; css selector: .CodeMirror textarea]&#10;Session ID: 591bbd92e4628c83bc41b677b91549f9" type="org.openqa.selenium.ElementNotInteractableException"><![CDATA[org.openqa.selenium.ElementNotInteractableException: 
element not interactable
  (Session info: chrome=131.0.6778.109)
Build info: version: '4.26.0', revision: '8ccf0219d7'
System info: os.name: 'Windows 11', os.arch: 'amd64', os.version: '10.0', java.version: '21.0.5'
Driver info: org.openqa.selenium.chrome.ChromeDriver
Command: [591bbd92e4628c83bc41b677b91549f9, sendKeysToElement {value=[Ljava.lang.CharSequence;@7536f8d8, id=f.AC462211907B56722F46771B23A26487.d.515B9C75AB337A94A3210EB939356A3C.e.51}]
Capabilities {acceptInsecureCerts: false, browserName: chrome, browserVersion: 131.0.6778.109, chrome: {chromedriverVersion: 131.0.6778.87 (ce31cae94873..., userDataDir: C:\Users\vamsh\AppData\Loca...}, fedcm:accounts: true, goog:chromeOptions: {debuggerAddress: localhost:63246}, networkConnectionEnabled: false, pageLoadStrategy: normal, platformName: windows, proxy: Proxy(), se:cdp: ws://localhost:63246/devtoo..., se:cdpVersion: 131.0.6778.109, setWindowRect: true, strictFileInteractability: false, timeouts: {implicit: 0, pageLoad: 300000, script: 30000}, unhandledPromptBehavior: dismiss and notify, webauthn:extension:credBlob: true, webauthn:extension:largeBlob: true, webauthn:extension:minPinLength: true, webauthn:extension:prf: true, webauthn:virtualAuthenticators: true}
Element: [[ChromeDriver: chrome on windows (591bbd92e4628c83bc41b677b91549f9)] -> css selector: .CodeMirror textarea]
Session ID: 591bbd92e4628c83bc41b677b91549f9
]]></failure>
    <system-out><![CDATA[
Scenario: Applications of Binary trees                       &amp#27;[90m# src/test/resources/Features/Tree.feature:466&amp#27;[0m
[INFO ] 2024-12-09 22:03:24.738 [TestNG-PoolService-2] Hooks - ======================  New Test Execution is STARTED!! ======================
  &amp#27;[32mGiven &amp#27;[0m&amp#27;[32mThe user is on the DS Introduction page as signedIn&amp#27;[0m            &amp#27;[90m# StepDefinitions.DSIntroductionDetails.the_user_is_on_the_ds_introduction_page_as_signed_in()&amp#27;[0m
  &amp#27;[32mAnd &amp#27;[0m&amp#27;[32mUser clicks on Get Started button from Tree panel&amp#27;[0m                &amp#27;[90m# StepDefinitions.Tree.user_clicks_on_get_started_button_from_tree_panel()&amp#27;[0m
  &amp#27;[32mGiven &amp#27;[0m&amp#27;[32mThe user is on the DS Introduction page as signedIn&amp#27;[0m             &amp#27;[90m# StepDefinitions.DSIntroductionDetails.the_user_is_on_the_ds_introduction_page_as_signed_in()&amp#27;[0m
  &amp#27;[32mGiven &amp#27;[0m&amp#27;[32mThe user is on the Applications of Binary trees page&amp#27;[0m           &amp#27;[90m# StepDefinitions.Tree.the_user_is_on_the_applications_of_binary_trees_page()&amp#27;[0m
  &amp#27;[32mAnd &amp#27;[0m&amp#27;[32mUser clicks on Get Started button from Tree panel&amp#27;[0m                 &amp#27;[90m# StepDefinitions.Tree.user_clicks_on_get_started_button_from_tree_panel()&amp#27;[0m
  &amp#27;[32mGiven &amp#27;[0m&amp#27;[32mThe user is on the Applications of Binary trees page&amp#27;[0m            &amp#27;[90m# StepDefinitions.Tree.the_user_is_on_the_applications_of_binary_trees_page()&amp#27;[0m
  &amp#27;[32mAnd &amp#27;[0m&amp#27;[32mThe user clicks Try Here button&amp#27;[0m                                  &amp#27;[90m# StepDefinitions.Tree.the_user_clicks_try_here_button()&amp#27;[0m
  &amp#27;[31mAnd &amp#27;[0m&amp#27;[31mThe user writes the invalid python code and clicks on Run button&amp#27;[0m &amp#27;[90m# StepDefinitions.Tree.the_user_writes_the_invalid_python_code_and_clicks_on_run_button()&amp#27;[0m
      &amp#27;[31morg.openqa.selenium.ElementNotInteractableException: element not interactable
  (Session info: chrome=131.0.6778.109)
Build info: version: '4.26.0', revision: '8ccf0219d7'
System info: os.name: 'Windows 11', os.arch: 'amd64', os.version: '10.0', java.version: '21.0.5'
Driver info: org.openqa.selenium.chrome.ChromeDriver
Command: [591bbd92e4628c83bc41b677b91549f9, sendKeysToElement {value=[Ljava.lang.CharSequence;@7536f8d8, id=f.AC462211907B56722F46771B23A26487.d.515B9C75AB337A94A3210EB939356A3C.e.51}]
Capabilities {acceptInsecureCerts: false, browserName: chrome, browserVersion: 131.0.6778.109, chrome: {chromedriverVersion: 131.0.6778.87 (ce31cae94873..., userDataDir: C:\Users\vamsh\AppData\Loca...}, fedcm:accounts: true, goog:chromeOptions: {debuggerAddress: localhost:63246}, networkConnectionEnabled: false, pageLoadStrategy: normal, platformName: windows, proxy: Proxy(), se:cdp: ws://localhost:63246/devtoo..., se:cdpVersion: 131.0.6778.109, setWindowRect: true, strictFileInteractability: false, timeouts: {implicit: 0, pageLoad: 300000, script: 30000}, unhandledPromptBehavior: dismiss and notify, webauthn:extension:credBlob: true, webauthn:extension:largeBlob: true, webauthn:extension:minPinLength: true, webauthn:extension:prf: true, webauthn:virtualAuthenticators: true}
Element: [[ChromeDriver: chrome on windows (591bbd92e4628c83bc41b677b91549f9)] -> css selector: .CodeMirror textarea]
Session ID: 591bbd92e4628c83bc41b677b91549f9
	at java.base/jdk.internal.reflect.DirectConstructorHandleAccessor.newInstance(DirectConstructorHandleAccessor.java:62)
	at java.base/java.lang.reflect.Constructor.newInstanceWithCaller(Constructor.java:502)
	at java.base/java.lang.reflect.Constructor.newInstance(Constructor.java:486)
	at org.openqa.selenium.remote.ErrorCodec.decode(ErrorCodec.java:167)
	at org.openqa.selenium.remote.codec.w3c.W3CHttpResponseCodec.decode(W3CHttpResponseCodec.java:138)
	at org.openqa.selenium.remote.codec.w3c.W3CHttpResponseCodec.decode(W3CHttpResponseCodec.java:50)
	at org.openqa.selenium.remote.HttpCommandExecutor.execute(HttpCommandExecutor.java:190)
	at org.openqa.selenium.remote.service.DriverCommandExecutor.invokeExecute(DriverCommandExecutor.java:216)
	at org.openqa.selenium.remote.service.DriverCommandExecutor.execute(DriverCommandExecutor.java:174)
	at org.openqa.selenium.remote.RemoteWebDriver.execute(RemoteWebDriver.java:545)
	at org.openqa.selenium.remote.RemoteWebElement.execute(RemoteWebElement.java:223)
	at org.openqa.selenium.remote.RemoteWebElement.sendKeys(RemoteWebElement.java:110)
	at PageObjects.TreePage.writeInTryEditorWindow(TreePage.java:357)
	at StepDefinitions.Tree.the_user_writes_the_invalid_python_code_and_clicks_on_run_button(Tree.java:96)
	at ✽.The user writes the invalid python code and clicks on Run button(file:///C:/Projects/Repo1/src/test/resources/Features/Tree.feature:462)
&amp#27;[0m
  &amp#27;[36mWhen &amp#27;[0m&amp#27;[36mThe user clicks the ok button in the alert window&amp#27;[0m               &amp#27;[90m# StepDefinitions.Tree.the_user_clicks_the_ok_button_in_the_alert_window()&amp#27;[0m
  &amp#27;[36mThen &amp#27;[0m&amp#27;[36mAlert message window is dismissed and user stays on Editor page&amp#27;[0m &amp#27;[90m# StepDefinitions.Tree.Alert_message_window_is_dismissed_and_user_stays_on_Editor_page()&amp#27;[0m
[ERROR] 2024-12-09 22:03:27.098 [TestNG-PoolService-3] Hooks - ======================  TEST CASE FAILED !! ======================

    Embedding screenshot [image/png 7853 bytes]

[INFO ] 2024-12-09 22:03:27.278 [TestNG-PoolService-3] Hooks - ======================  Screenshot is captured  ======================
[INFO ] 2024-12-09 22:03:27.280 [TestNG-PoolService-3] Hooks - ======================  Test Execution is completed!! ======================
]]></system-out>
    <system-err><![CDATA[Dec 09, 2024 10:03:24 PM org.openqa.selenium.devtools.CdpVersionFinder findNearestMatch
WARNING: Unable to find an exact match for CDP version 131, returning the closest version; found: 130; Please update to a Selenium version that supports CDP version 131
]]></system-err>
  </testcase>
  <testcase name="runScenario[&quot;Try Here Editor page with invalid data&quot;, &quot;Tree&quot;](202)" classname="TestRunners.TestRunner" time="0.715">
    <system-out><![CDATA[  &amp#27;[32mGiven &amp#27;[0m&amp#27;[32mThe user is on the DS Introduction page as signedIn&amp#27;[0m  &amp#27;[90m# StepDefinitions.DSIntroductionDetails.the_user_is_on_the_ds_introduction_page_as_signed_in()&amp#27;[0m

Scenario: Binary Search Trees                                        &amp#27;[90m# src/test/resources/Features/Tree.feature:473&amp#27;[0m
  &amp#27;[32mAnd &amp#27;[0m&amp#27;[32mThe user clicks Try Here button&amp#27;[0m                                   &amp#27;[90m# StepDefinitions.Tree.the_user_clicks_try_here_button()&amp#27;[0m
  &amp#27;[32mAnd &amp#27;[0m&amp#27;[32mUser clicks on Get Started button from Tree panel&amp#27;[0m      &amp#27;[90m# StepDefinitions.Tree.user_clicks_on_get_started_button_from_tree_panel()&amp#27;[0m
  &amp#27;[32mWhen &amp#27;[0m&amp#27;[32mThe user writes the invalid python code and clicks on Run button&amp#27;[0m &amp#27;[90m# StepDefinitions.Tree.the_user_writes_the_invalid_python_code_and_clicks_on_run_button()&amp#27;[0m
  &amp#27;[32mThen &amp#27;[0m&amp#27;[32mThe user see error msg in alert window&amp#27;[0m                           &amp#27;[90m# StepDefinitions.Tree.the_user_see_error_msg_in_alert_window()&amp#27;[0m
[INFO ] 2024-12-09 22:03:27.995 [TestNG-PoolService-1] Hooks - ======================  Test Execution is completed!! ======================
]]></system-out>
  </testcase>
  <testcase name="runScenario[&quot;Applications of Binary trees&quot;, &quot;Tree&quot;](203)" classname="TestRunners.TestRunner" time="1.863">
    <system-out><![CDATA[
Scenario: Try Here Editor page with empty code                               &amp#27;[90m# src/test/resources/Features/Tree.feature:479&amp#27;[0m
  &amp#27;[32mGiven &amp#27;[0m&amp#27;[32mThe user is on the Applications of Binary trees page&amp#27;[0m &amp#27;[90m# StepDefinitions.Tree.the_user_is_on_the_applications_of_binary_trees_page()&amp#27;[0m
[INFO ] 2024-12-09 22:03:29.032 [TestNG-PoolService-3] Hooks - ======================  New Test Execution is STARTED!! ======================
[INFO ] 2024-12-09 22:03:29.733 [TestNG-PoolService-1] Hooks - ======================  New Test Execution is STARTED!! ======================
  &amp#27;[32mWhen &amp#27;[0m&amp#27;[32mThe user clicks Binary Search Trees link&amp#27;[0m              &amp#27;[90m# StepDefinitions.Tree.the_user_clicks_binary_search_trees_link()&amp#27;[0m
  &amp#27;[32mThen &amp#27;[0m&amp#27;[32mThe user is redirected to Binary Search Trees page.&amp#27;[0m   &amp#27;[90m# StepDefinitions.Tree.the_user_is_redirected_to_binary_search_trees_page()&amp#27;[0m
[INFO ] 2024-12-09 22:03:29.895 [TestNG-PoolService-2] Hooks - ======================  Test Execution is completed!! ======================
]]></system-out>
    <system-err><![CDATA[Dec 09, 2024 10:03:28 PM org.openqa.selenium.devtools.CdpVersionFinder findNearestMatch
WARNING: Unable to find an exact match for CDP version 131, returning the closest version; found: 130; Please update to a Selenium version that supports CDP version 131
Dec 09, 2024 10:03:29 PM org.openqa.selenium.devtools.CdpVersionFinder findNearestMatch
WARNING: Unable to find an exact match for CDP version 131, returning the closest version; found: 130; Please update to a Selenium version that supports CDP version 131
]]></system-err>
  </testcase>
  <testcase name="runScenario[&quot;Applications of Binary trees&quot;, &quot;Tree&quot;](203)" classname="TestRunners.TestRunner" time="4.767">
    <system-out><![CDATA[
Scenario: Try Here Editor page with empty code                               &amp#27;[90m# src/test/resources/Features/Tree.feature:479&amp#27;[0m
  &amp#27;[32mGiven &amp#27;[0m&amp#27;[32mThe user is on the DS Introduction page as signedIn&amp#27;[0m  &amp#27;[90m# StepDefinitions.DSIntroductionDetails.the_user_is_on_the_ds_introduction_page_as_signed_in()&amp#27;[0m
[INFO ] 2024-12-09 22:29:24.294 [TestNG-PoolService-2] Hooks - ======================  New Test Execution is STARTED!! ======================
  &amp#27;[32mAnd &amp#27;[0m&amp#27;[32mUser clicks on Get Started button from Tree panel&amp#27;[0m      &amp#27;[90m# StepDefinitions.Tree.user_clicks_on_get_started_button_from_tree_panel()&amp#27;[0m
  &amp#27;[32mGiven &amp#27;[0m&amp#27;[32mThe user is on the Applications of Binary trees page&amp#27;[0m &amp#27;[90m# StepDefinitions.Tree.the_user_is_on_the_applications_of_binary_trees_page()&amp#27;[0m
  &amp#27;[32mWhen &amp#27;[0m&amp#27;[32mThe user clicks Binary Search Trees link&amp#27;[0m              &amp#27;[90m# StepDefinitions.Tree.the_user_clicks_binary_search_trees_link()&amp#27;[0m
  &amp#27;[32mThen &amp#27;[0m&amp#27;[32mThe user is redirected to Binary Search Trees page.&amp#27;[0m   &amp#27;[90m# StepDefinitions.Tree.the_user_is_redirected_to_binary_search_trees_page()&amp#27;[0m
[INFO ] 2024-12-09 22:29:25.596 [TestNG-PoolService-3] Hooks - ======================  Test Execution is completed!! ======================
  &amp#27;[32mGiven &amp#27;[0m&amp#27;[32mThe user is on the DS Introduction page as signedIn&amp#27;[0m          &amp#27;[90m# StepDefinitions.DSIntroductionDetails.the_user_is_on_the_ds_introduction_page_as_signed_in()&amp#27;[0m
  &amp#27;[32mAnd &amp#27;[0m&amp#27;[32mUser clicks on Get Started button from Tree panel&amp#27;[0m              &amp#27;[90m# StepDefinitions.Tree.user_clicks_on_get_started_button_from_tree_panel()&amp#27;[0m
  &amp#27;[32mGiven &amp#27;[0m&amp#27;[32mThe user is on the Binary Search Trees page&amp#27;[0m                  &amp#27;[90m# StepDefinitions.Tree.the_user_is_on_the_binary_search_trees_page()&amp#27;[0m
]]></system-out>
    <system-err><![CDATA[Dec 09, 2024 10:29:24 PM org.openqa.selenium.devtools.CdpVersionFinder findNearestMatch
WARNING: Unable to find an exact match for CDP version 131, returning the closest version; found: 130; Please update to a Selenium version that supports CDP version 131
]]></system-err>
  </testcase>
  <testcase name="runScenario[&quot;Binary Search Trees&quot;, &quot;Tree&quot;](204)" classname="TestRunners.TestRunner" time="4.059">
    <system-out><![CDATA[
Scenario: Try Here Editor page with valid data                        &amp#27;[90m# src/test/resources/Features/Tree.feature:486&amp#27;[0m
[INFO ] 2024-12-09 22:03:31.614 [TestNG-PoolService-2] Hooks - ======================  New Test Execution is STARTED!! ======================
  &amp#27;[32mGiven &amp#27;[0m&amp#27;[32mThe user is on the DS Introduction page as signedIn&amp#27;[0m          &amp#27;[90m# StepDefinitions.DSIntroductionDetails.the_user_is_on_the_ds_introduction_page_as_signed_in()&amp#27;[0m
  &amp#27;[32mAnd &amp#27;[0m&amp#27;[32mUser clicks on Get Started button from Tree panel&amp#27;[0m              &amp#27;[90m# StepDefinitions.Tree.user_clicks_on_get_started_button_from_tree_panel()&amp#27;[0m
  &amp#27;[32mGiven &amp#27;[0m&amp#27;[32mThe user is on the DS Introduction page as signedIn&amp#27;[0m                  &amp#27;[90m# StepDefinitions.DSIntroductionDetails.the_user_is_on_the_ds_introduction_page_as_signed_in()&amp#27;[0m
  &amp#27;[32mGiven &amp#27;[0m&amp#27;[32mThe user is on the Binary Search Trees page&amp#27;[0m                  &amp#27;[90m# StepDefinitions.Tree.the_user_is_on_the_binary_search_trees_page()&amp#27;[0m
  &amp#27;[32mAnd &amp#27;[0m&amp#27;[32mUser clicks on Get Started button from Tree panel&amp#27;[0m                      &amp#27;[90m# StepDefinitions.Tree.user_clicks_on_get_started_button_from_tree_panel()&amp#27;[0m
  &amp#27;[32mGiven &amp#27;[0m&amp#27;[32mThe user is on the Binary Search Trees page&amp#27;[0m                          &amp#27;[90m# StepDefinitions.Tree.the_user_is_on_the_binary_search_trees_page()&amp#27;[0m
  &amp#27;[32mGiven &amp#27;[0m&amp#27;[32mThe user is on the DS Introduction page as signedIn&amp#27;[0m           &amp#27;[90m# StepDefinitions.DSIntroductionDetails.the_user_is_on_the_ds_introduction_page_as_signed_in()&amp#27;[0m
  &amp#27;[32mWhen &amp#27;[0m&amp#27;[32mThe user clicks Try Here button&amp#27;[0m                               &amp#27;[90m# StepDefinitions.Tree.the_user_clicks_try_here_button()&amp#27;[0m
  &amp#27;[32mThen &amp#27;[0m&amp#27;[32mThe user is redirected to a page having Editor and run button&amp#27;[0m &amp#27;[90m# StepDefinitions.Tree.the_user_is_redirected_to_a_page_having_editor_and_run_button()&amp#27;[0m
[INFO ] 2024-12-09 22:03:33.954 [TestNG-PoolService-3] Hooks - ======================  Test Execution is completed!! ======================
]]></system-out>
    <system-err><![CDATA[Dec 09, 2024 10:03:31 PM org.openqa.selenium.devtools.CdpVersionFinder findNearestMatch
WARNING: Unable to find an exact match for CDP version 131, returning the closest version; found: 130; Please update to a Selenium version that supports CDP version 131
]]></system-err>
  </testcase>
  <testcase name="runScenario[&quot;Binary Search Trees&quot;, &quot;Tree&quot;](204)" classname="TestRunners.TestRunner" time="0.313">
    <system-out><![CDATA[
Scenario: Try Here Editor page with valid data                        &amp#27;[90m# src/test/resources/Features/Tree.feature:486&amp#27;[0m
]]></system-out>
  </testcase>
  <testcase name="runScenario[&quot;Binary Search Trees&quot;, &quot;Tree&quot;](204)" classname="TestRunners.TestRunner" time="2.009">
    <system-out><![CDATA[
Scenario: Try Here Editor page with valid data                        &amp#27;[90m# src/test/resources/Features/Tree.feature:486&amp#27;[0m
  &amp#27;[32mWhen &amp#27;[0m&amp#27;[32mThe user clicks Try Here button&amp#27;[0m                               &amp#27;[90m# StepDefinitions.Tree.the_user_clicks_try_here_button()&amp#27;[0m
  &amp#27;[32mThen &amp#27;[0m&amp#27;[32mThe user is redirected to a page having Editor and run button&amp#27;[0m &amp#27;[90m# StepDefinitions.Tree.the_user_is_redirected_to_a_page_having_editor_and_run_button()&amp#27;[0m
[INFO ] 2024-12-09 22:29:27.702 [TestNG-PoolService-1] Hooks - ======================  Test Execution is completed!! ======================
  &amp#27;[32mGiven &amp#27;[0m&amp#27;[32mThe user is on the DS Introduction page as signedIn&amp#27;[0m                  &amp#27;[90m# StepDefinitions.DSIntroductionDetails.the_user_is_on_the_ds_introduction_page_as_signed_in()&amp#27;[0m
  &amp#27;[32mAnd &amp#27;[0m&amp#27;[32mUser clicks on Get Started button from Tree panel&amp#27;[0m                      &amp#27;[90m# StepDefinitions.Tree.user_clicks_on_get_started_button_from_tree_panel()&amp#27;[0m
  &amp#27;[32mGiven &amp#27;[0m&amp#27;[32mThe user is on the Binary Search Trees page&amp#27;[0m                          &amp#27;[90m# StepDefinitions.Tree.the_user_is_on_the_binary_search_trees_page()&amp#27;[0m
]]></system-out>
  </testcase>
  <testcase name="runScenario[&quot;Try Here Editor page with empty code&quot;, &quot;Tree&quot;](205)" classname="TestRunners.TestRunner" time="0.942">
    <failure message="element not interactable&#10;  (Session info: chrome=131.0.6778.109)&#10;Build info: version: &apos;4.26.0&apos;, revision: &apos;8ccf0219d7&apos;&#10;System info: os.name: &apos;Windows 11&apos;, os.arch: &apos;amd64&apos;, os.version: &apos;10.0&apos;, java.version: &apos;21.0.5&apos;&#10;Driver info: org.openqa.selenium.chrome.ChromeDriver&#10;Command: [efa89a41a3eb6f047fdb02041bf91c44, sendKeysToElement {value=[Ljava.lang.CharSequence;@118d53a6, id=f.FBB638920A3E28E4D693395EF01DCD8E.d.47DABFD015E2BA5032448CA0F616A0AD.e.54}]&#10;Capabilities {acceptInsecureCerts: false, browserName: chrome, browserVersion: 131.0.6778.109, chrome: {chromedriverVersion: 131.0.6778.87 (ce31cae94873..., userDataDir: C:\Users\vamsh\AppData\Loca...}, fedcm:accounts: true, goog:chromeOptions: {debuggerAddress: localhost:63339}, networkConnectionEnabled: false, pageLoadStrategy: normal, platformName: windows, proxy: Proxy(), se:cdp: ws://localhost:63339/devtoo..., se:cdpVersion: 131.0.6778.109, setWindowRect: true, strictFileInteractability: false, timeouts: {implicit: 0, pageLoad: 300000, script: 30000}, unhandledPromptBehavior: dismiss and notify, webauthn:extension:credBlob: true, webauthn:extension:largeBlob: true, webauthn:extension:minPinLength: true, webauthn:extension:prf: true, webauthn:virtualAuthenticators: true}&#10;Element: [[ChromeDriver: chrome on windows (efa89a41a3eb6f047fdb02041bf91c44)] -&gt; css selector: .CodeMirror textarea]&#10;Session ID: efa89a41a3eb6f047fdb02041bf91c44" type="org.openqa.selenium.ElementNotInteractableException"><![CDATA[org.openqa.selenium.ElementNotInteractableException: 
element not interactable
  (Session info: chrome=131.0.6778.109)
Build info: version: '4.26.0', revision: '8ccf0219d7'
System info: os.name: 'Windows 11', os.arch: 'amd64', os.version: '10.0', java.version: '21.0.5'
Driver info: org.openqa.selenium.chrome.ChromeDriver
Command: [efa89a41a3eb6f047fdb02041bf91c44, sendKeysToElement {value=[Ljava.lang.CharSequence;@118d53a6, id=f.FBB638920A3E28E4D693395EF01DCD8E.d.47DABFD015E2BA5032448CA0F616A0AD.e.54}]
Capabilities {acceptInsecureCerts: false, browserName: chrome, browserVersion: 131.0.6778.109, chrome: {chromedriverVersion: 131.0.6778.87 (ce31cae94873..., userDataDir: C:\Users\vamsh\AppData\Loca...}, fedcm:accounts: true, goog:chromeOptions: {debuggerAddress: localhost:63339}, networkConnectionEnabled: false, pageLoadStrategy: normal, platformName: windows, proxy: Proxy(), se:cdp: ws://localhost:63339/devtoo..., se:cdpVersion: 131.0.6778.109, setWindowRect: true, strictFileInteractability: false, timeouts: {implicit: 0, pageLoad: 300000, script: 30000}, unhandledPromptBehavior: dismiss and notify, webauthn:extension:credBlob: true, webauthn:extension:largeBlob: true, webauthn:extension:minPinLength: true, webauthn:extension:prf: true, webauthn:virtualAuthenticators: true}
Element: [[ChromeDriver: chrome on windows (efa89a41a3eb6f047fdb02041bf91c44)] -> css selector: .CodeMirror textarea]
Session ID: efa89a41a3eb6f047fdb02041bf91c44
]]></failure>
    <system-out><![CDATA[
Scenario: Try Here Editor page with invalid data                        &amp#27;[90m# src/test/resources/Features/Tree.feature:493&amp#27;[0m
  &amp#27;[32mAnd &amp#27;[0m&amp#27;[32mUser clicks on Get Started button from Tree panel&amp#27;[0m               &amp#27;[90m# StepDefinitions.Tree.user_clicks_on_get_started_button_from_tree_panel()&amp#27;[0m
  &amp#27;[32mAnd &amp#27;[0m&amp#27;[32mThe user clicks Try Here button&amp#27;[0m                                        &amp#27;[90m# StepDefinitions.Tree.the_user_clicks_try_here_button()&amp#27;[0m
  &amp#27;[31mWhen &amp#27;[0m&amp#27;[31mThe user writes no code inside editor window and clicks on Run button&amp#27;[0m &amp#27;[90m# StepDefinitions.Tree.the_user_writes_no_code_inside_editor_window_and_clicks_on_run_button()&amp#27;[0m
      &amp#27;[31morg.openqa.selenium.ElementNotInteractableException: element not interactable
  (Session info: chrome=131.0.6778.109)
Build info: version: '4.26.0', revision: '8ccf0219d7'
System info: os.name: 'Windows 11', os.arch: 'amd64', os.version: '10.0', java.version: '21.0.5'
Driver info: org.openqa.selenium.chrome.ChromeDriver
Command: [efa89a41a3eb6f047fdb02041bf91c44, sendKeysToElement {value=[Ljava.lang.CharSequence;@118d53a6, id=f.FBB638920A3E28E4D693395EF01DCD8E.d.47DABFD015E2BA5032448CA0F616A0AD.e.54}]
Capabilities {acceptInsecureCerts: false, browserName: chrome, browserVersion: 131.0.6778.109, chrome: {chromedriverVersion: 131.0.6778.87 (ce31cae94873..., userDataDir: C:\Users\vamsh\AppData\Loca...}, fedcm:accounts: true, goog:chromeOptions: {debuggerAddress: localhost:63339}, networkConnectionEnabled: false, pageLoadStrategy: normal, platformName: windows, proxy: Proxy(), se:cdp: ws://localhost:63339/devtoo..., se:cdpVersion: 131.0.6778.109, setWindowRect: true, strictFileInteractability: false, timeouts: {implicit: 0, pageLoad: 300000, script: 30000}, unhandledPromptBehavior: dismiss and notify, webauthn:extension:credBlob: true, webauthn:extension:largeBlob: true, webauthn:extension:minPinLength: true, webauthn:extension:prf: true, webauthn:virtualAuthenticators: true}
Element: [[ChromeDriver: chrome on windows (efa89a41a3eb6f047fdb02041bf91c44)] -> css selector: .CodeMirror textarea]
Session ID: efa89a41a3eb6f047fdb02041bf91c44
	at java.base/jdk.internal.reflect.DirectConstructorHandleAccessor.newInstance(DirectConstructorHandleAccessor.java:62)
	at java.base/java.lang.reflect.Constructor.newInstanceWithCaller(Constructor.java:502)
	at java.base/java.lang.reflect.Constructor.newInstance(Constructor.java:486)
	at org.openqa.selenium.remote.ErrorCodec.decode(ErrorCodec.java:167)
	at org.openqa.selenium.remote.codec.w3c.W3CHttpResponseCodec.decode(W3CHttpResponseCodec.java:138)
	at org.openqa.selenium.remote.codec.w3c.W3CHttpResponseCodec.decode(W3CHttpResponseCodec.java:50)
	at org.openqa.selenium.remote.HttpCommandExecutor.execute(HttpCommandExecutor.java:190)
	at org.openqa.selenium.remote.service.DriverCommandExecutor.invokeExecute(DriverCommandExecutor.java:216)
	at org.openqa.selenium.remote.service.DriverCommandExecutor.execute(DriverCommandExecutor.java:174)
	at org.openqa.selenium.remote.RemoteWebDriver.execute(RemoteWebDriver.java:545)
	at org.openqa.selenium.remote.RemoteWebElement.execute(RemoteWebElement.java:223)
	at org.openqa.selenium.remote.RemoteWebElement.sendKeys(RemoteWebElement.java:110)
	at PageObjects.TreePage.writeInTryEditorWindow(TreePage.java:357)
	at StepDefinitions.Tree.the_user_writes_no_code_inside_editor_window_and_clicks_on_run_button(Tree.java:73)
	at ✽.The user writes no code inside editor window and clicks on Run button(file:///C:/Projects/Repo1/src/test/resources/Features/Tree.feature:483)
&amp#27;[0m
  &amp#27;[36mThen &amp#27;[0m&amp#27;[36mNothing happens to the Editor page and no error message is displayed&amp#27;[0m  &amp#27;[90m# StepDefinitions.Tree.nothing_happens_to_the_editor_page_and_no_error_message_is_displayed()&amp#27;[0m
[ERROR] 2024-12-09 22:03:34.617 [TestNG-PoolService-1] Hooks - ======================  TEST CASE FAILED !! ======================
  &amp#27;[32mGiven &amp#27;[0m&amp#27;[32mThe user is on the Binary Search Trees page&amp#27;[0m                   &amp#27;[90m# StepDefinitions.Tree.the_user_is_on_the_binary_search_trees_page()&amp#27;[0m

    Embedding screenshot [image/png 7853 bytes]

[INFO ] 2024-12-09 22:03:34.818 [TestNG-PoolService-1] Hooks - ======================  Screenshot is captured  ======================
[INFO ] 2024-12-09 22:03:34.820 [TestNG-PoolService-1] Hooks - ======================  Test Execution is completed!! ======================
]]></system-out>
  </testcase>
  <testcase name="runScenario[&quot;Try Here Editor page with empty code&quot;, &quot;Tree&quot;](205)" classname="TestRunners.TestRunner" time="11.758">
    <system-out><![CDATA[
Scenario: Try Here Editor page with invalid data                        &amp#27;[90m# src/test/resources/Features/Tree.feature:493&amp#27;[0m
[INFO ] 2024-12-09 22:17:46.160 [TestNG-PoolService-3] Hooks - ======================  New Test Execution is STARTED!! ======================
[INFO ] 2024-12-09 22:17:47.225 [TestNG-PoolService-1] Hooks - ======================  New Test Execution is STARTED!! ======================
[INFO ] 2024-12-09 22:17:47.817 [TestNG-PoolService-2] Hooks - ======================  New Test Execution is STARTED!! ======================
  &amp#27;[32mGiven &amp#27;[0m&amp#27;[32mThe user is on the DS Introduction page as signedIn&amp#27;[0m                  &amp#27;[90m# StepDefinitions.DSIntroductionDetails.the_user_is_on_the_ds_introduction_page_as_signed_in()&amp#27;[0m
  &amp#27;[32mAnd &amp#27;[0m&amp#27;[32mUser clicks on Get Started button from Tree panel&amp#27;[0m                      &amp#27;[90m# StepDefinitions.Tree.user_clicks_on_get_started_button_from_tree_panel()&amp#27;[0m
  &amp#27;[32mGiven &amp#27;[0m&amp#27;[32mThe user is on the DS Introduction page as signedIn&amp#27;[0m             &amp#27;[90m# StepDefinitions.DSIntroductionDetails.the_user_is_on_the_ds_introduction_page_as_signed_in()&amp#27;[0m
  &amp#27;[32mGiven &amp#27;[0m&amp#27;[32mThe user is on the DS Introduction page as signedIn&amp#27;[0m           &amp#27;[90m# StepDefinitions.DSIntroductionDetails.the_user_is_on_the_ds_introduction_page_as_signed_in()&amp#27;[0m
  &amp#27;[32mGiven &amp#27;[0m&amp#27;[32mThe user is on the Binary Search Trees page&amp#27;[0m                          &amp#27;[90m# StepDefinitions.Tree.the_user_is_on_the_binary_search_trees_page()&amp#27;[0m
  &amp#27;[32mAnd &amp#27;[0m&amp#27;[32mUser clicks on Get Started button from Tree panel&amp#27;[0m               &amp#27;[90m# StepDefinitions.Tree.user_clicks_on_get_started_button_from_tree_panel()&amp#27;[0m
  &amp#27;[32mAnd &amp#27;[0m&amp#27;[32mUser clicks on Get Started button from Tree panel&amp#27;[0m                 &amp#27;[90m# StepDefinitions.Tree.user_clicks_on_get_started_button_from_tree_panel()&amp#27;[0m
  &amp#27;[32mGiven &amp#27;[0m&amp#27;[32mThe user is on the Binary Search Trees page&amp#27;[0m                   &amp#27;[90m# StepDefinitions.Tree.the_user_is_on_the_binary_search_trees_page()&amp#27;[0m
  &amp#27;[32mGiven &amp#27;[0m&amp#27;[32mThe user is on the Binary Search Trees page&amp#27;[0m                     &amp#27;[90m# StepDefinitions.Tree.the_user_is_on_the_binary_search_trees_page()&amp#27;[0m
  &amp#27;[32mAnd &amp#27;[0m&amp#27;[32mThe user clicks Try Here button&amp#27;[0m                                        &amp#27;[90m# StepDefinitions.Tree.the_user_clicks_try_here_button()&amp#27;[0m
  &amp#27;[32mWhen &amp#27;[0m&amp#27;[32mThe user writes no code inside editor window and clicks on Run button&amp#27;[0m &amp#27;[90m# StepDefinitions.Tree.the_user_writes_no_code_inside_editor_window_and_clicks_on_run_button()&amp#27;[0m
  &amp#27;[32mThen &amp#27;[0m&amp#27;[32mNothing happens to the Editor page and no error message is displayed&amp#27;[0m  &amp#27;[90m# StepDefinitions.Tree.nothing_happens_to_the_editor_page_and_no_error_message_is_displayed()&amp#27;[0m
[INFO ] 2024-12-09 22:17:51.763 [TestNG-PoolService-3] Hooks - ======================  Test Execution is completed!! ======================
  &amp#27;[32mAnd &amp#27;[0m&amp#27;[32mThe user clicks Try Here button&amp#27;[0m                                 &amp#27;[90m# StepDefinitions.Tree.the_user_clicks_try_here_button()&amp#27;[0m
  &amp#27;[32mAnd &amp#27;[0m&amp#27;[32mThe user clicks Try Here button&amp#27;[0m                                   &amp#27;[90m# StepDefinitions.Tree.the_user_clicks_try_here_button()&amp#27;[0m
  &amp#27;[32mWhen &amp#27;[0m&amp#27;[32mThe user writes the valid python code and clicks on Run button&amp#27;[0m &amp#27;[90m# StepDefinitions.Tree.the_user_writes_the_valid_python_code_and_clicks_on_run_button()&amp#27;[0m
  &amp#27;[32mThen &amp#27;[0m&amp#27;[32mThe user is able to see the output inside the console.&amp#27;[0m         &amp#27;[90m# StepDefinitions.Tree.the_user_is_able_to_see_the_output_inside_the_console()&amp#27;[0m
[INFO ] 2024-12-09 22:17:52.475 [TestNG-PoolService-2] Hooks - ======================  Test Execution is completed!! ======================
  &amp#27;[32mWhen &amp#27;[0m&amp#27;[32mThe user writes the invalid python code and clicks on Run button&amp#27;[0m &amp#27;[90m# StepDefinitions.Tree.the_user_writes_the_invalid_python_code_and_clicks_on_run_button()&amp#27;[0m
  &amp#27;[31mThen &amp#27;[0m&amp#27;[31mThe user see error msg in alert window&amp#27;[0m                           &amp#27;[90m# StepDefinitions.Tree.the_user_see_error_msg_in_alert_window()&amp#27;[0m
      &amp#27;[31morg.openqa.selenium.NoAlertPresentException: Build info: version: '4.26.0', revision: '8ccf0219d7'
System info: os.name: 'Windows 11', os.arch: 'amd64', os.version: '10.0', java.version: '21.0.5'
Driver info: org.openqa.selenium.firefox.FirefoxDriver
Command: [7a2a4ca4-34a2-4a3a-ae63-e27b4b24953b, getAlertText {}]
Capabilities {acceptInsecureCerts: true, browserName: firefox, browserVersion: 133.0, moz:accessibilityChecks: false, moz:buildID: 20241121140525, moz:debuggerAddress: 127.0.0.1:23672, moz:geckodriverVersion: 0.35.0, moz:headless: false, moz:platformVersion: 10.0, moz:processID: 34372, moz:profile: C:\Users\vamsh\AppData\Loca..., moz:shutdownTimeout: 60000, moz:webdriverClick: true, moz:windowless: false, pageLoadStrategy: normal, platformName: windows, proxy: Proxy(), se:cdp: ws://127.0.0.1:23672/devtoo..., se:cdpVersion: 85.0, setWindowRect: true, strictFileInteractability: false, timeouts: {implicit: 0, pageLoad: 300000, script: 30000}, unhandledPromptBehavior: dismiss and notify, userAgent: Mozilla/5.0 (Windows NT 10....}
Session ID: 7a2a4ca4-34a2-4a3a-ae63-e27b4b24953b
	at java.base/jdk.internal.reflect.DirectConstructorHandleAccessor.newInstance(DirectConstructorHandleAccessor.java:62)
	at java.base/java.lang.reflect.Constructor.newInstanceWithCaller(Constructor.java:502)
	at java.base/java.lang.reflect.Constructor.newInstance(Constructor.java:486)
	at org.openqa.selenium.remote.ErrorCodec.decode(ErrorCodec.java:167)
	at org.openqa.selenium.remote.codec.w3c.W3CHttpResponseCodec.decode(W3CHttpResponseCodec.java:138)
	at org.openqa.selenium.remote.codec.w3c.W3CHttpResponseCodec.decode(W3CHttpResponseCodec.java:50)
	at org.openqa.selenium.remote.HttpCommandExecutor.execute(HttpCommandExecutor.java:190)
	at org.openqa.selenium.remote.service.DriverCommandExecutor.invokeExecute(DriverCommandExecutor.java:216)
	at org.openqa.selenium.remote.service.DriverCommandExecutor.execute(DriverCommandExecutor.java:174)
	at org.openqa.selenium.remote.RemoteWebDriver.execute(RemoteWebDriver.java:545)
	at org.openqa.selenium.remote.RemoteWebDriver.execute(RemoteWebDriver.java:618)
	at org.openqa.selenium.remote.RemoteWebDriver.execute(RemoteWebDriver.java:622)
	at org.openqa.selenium.remote.RemoteWebDriver$RemoteTargetLocator.alert(RemoteWebDriver.java:1190)
	at PageObjects.TreePage.check_When_InvalidCode_In_Editor(TreePage.java:390)
	at StepDefinitions.Tree.the_user_see_error_msg_in_alert_window(Tree.java:102)
	at ✽.The user see error msg in alert window(file:///C:/Projects/Repo1/src/test/resources/Features/Tree.feature:498)
&amp#27;[0m
[ERROR] 2024-12-09 22:17:52.764 [TestNG-PoolService-1] Hooks - ======================  TEST CASE FAILED !! ======================

    Embedding screenshot [image/png 37860 bytes]

[INFO ] 2024-12-09 22:17:52.825 [TestNG-PoolService-1] Hooks - ======================  Screenshot is captured  ======================
[INFO ] 2024-12-09 22:17:52.827 [TestNG-PoolService-1] Hooks - ======================  Test Execution is completed!! ======================
]]></system-out>
  </testcase>
  <testcase name="runScenario[&quot;Try Here Editor page with empty code&quot;, &quot;Tree&quot;](205)" classname="TestRunners.TestRunner" time="1.917">
    <system-out><![CDATA[
Scenario: Try Here Editor page with invalid data                        &amp#27;[90m# src/test/resources/Features/Tree.feature:493&amp#27;[0m
  &amp#27;[32mAnd &amp#27;[0m&amp#27;[32mThe user clicks Try Here button&amp#27;[0m                                        &amp#27;[90m# StepDefinitions.Tree.the_user_clicks_try_here_button()&amp#27;[0m
  &amp#27;[32mWhen &amp#27;[0m&amp#27;[32mThe user writes no code inside editor window and clicks on Run button&amp#27;[0m &amp#27;[90m# StepDefinitions.Tree.the_user_writes_no_code_inside_editor_window_and_clicks_on_run_button()&amp#27;[0m
  &amp#27;[32mThen &amp#27;[0m&amp#27;[32mNothing happens to the Editor page and no error message is displayed&amp#27;[0m  &amp#27;[90m# StepDefinitions.Tree.nothing_happens_to_the_editor_page_and_no_error_message_is_displayed()&amp#27;[0m
[INFO ] 2024-12-09 22:29:29.611 [TestNG-PoolService-2] Hooks - ======================  Test Execution is completed!! ======================
[INFO ] 2024-12-09 22:29:30.514 [TestNG-PoolService-3] Hooks - ======================  New Test Execution is STARTED!! ======================
]]></system-out>
    <system-err><![CDATA[Dec 09, 2024 10:29:30 PM org.openqa.selenium.devtools.CdpVersionFinder findNearestMatch
WARNING: Unable to find an exact match for CDP version 131, returning the closest version; found: 130; Please update to a Selenium version that supports CDP version 131
]]></system-err>
  </testcase>
  <testcase name="runScenario[&quot;Try Here Editor page with valid data&quot;, &quot;Tree&quot;](206)" classname="TestRunners.TestRunner" time="0.986">
    <failure message="element not interactable&#10;  (Session info: chrome=131.0.6778.109)&#10;Build info: version: &apos;4.26.0&apos;, revision: &apos;8ccf0219d7&apos;&#10;System info: os.name: &apos;Windows 11&apos;, os.arch: &apos;amd64&apos;, os.version: &apos;10.0&apos;, java.version: &apos;21.0.5&apos;&#10;Driver info: org.openqa.selenium.chrome.ChromeDriver&#10;Command: [8d6cb414f74453413e78de8c5a312948, sendKeysToElement {value=[Ljava.lang.CharSequence;@c8aee4e, id=f.B69E02DB11C14C563A47FF0AB5A1E5FD.d.8E2822CC2939C3D1D560C1BE2C25EAD3.e.40}]&#10;Capabilities {acceptInsecureCerts: false, browserName: chrome, browserVersion: 131.0.6778.109, chrome: {chromedriverVersion: 131.0.6778.87 (ce31cae94873..., userDataDir: C:\Users\vamsh\AppData\Loca...}, fedcm:accounts: true, goog:chromeOptions: {debuggerAddress: localhost:63372}, networkConnectionEnabled: false, pageLoadStrategy: normal, platformName: windows, proxy: Proxy(), se:cdp: ws://localhost:63372/devtoo..., se:cdpVersion: 131.0.6778.109, setWindowRect: true, strictFileInteractability: false, timeouts: {implicit: 0, pageLoad: 300000, script: 30000}, unhandledPromptBehavior: dismiss and notify, webauthn:extension:credBlob: true, webauthn:extension:largeBlob: true, webauthn:extension:minPinLength: true, webauthn:extension:prf: true, webauthn:virtualAuthenticators: true}&#10;Element: [[ChromeDriver: chrome on windows (8d6cb414f74453413e78de8c5a312948)] -&gt; css selector: .CodeMirror textarea]&#10;Session ID: 8d6cb414f74453413e78de8c5a312948" type="org.openqa.selenium.ElementNotInteractableException"><![CDATA[org.openqa.selenium.ElementNotInteractableException: 
element not interactable
  (Session info: chrome=131.0.6778.109)
Build info: version: '4.26.0', revision: '8ccf0219d7'
System info: os.name: 'Windows 11', os.arch: 'amd64', os.version: '10.0', java.version: '21.0.5'
Driver info: org.openqa.selenium.chrome.ChromeDriver
Command: [8d6cb414f74453413e78de8c5a312948, sendKeysToElement {value=[Ljava.lang.CharSequence;@c8aee4e, id=f.B69E02DB11C14C563A47FF0AB5A1E5FD.d.8E2822CC2939C3D1D560C1BE2C25EAD3.e.40}]
Capabilities {acceptInsecureCerts: false, browserName: chrome, browserVersion: 131.0.6778.109, chrome: {chromedriverVersion: 131.0.6778.87 (ce31cae94873..., userDataDir: C:\Users\vamsh\AppData\Loca...}, fedcm:accounts: true, goog:chromeOptions: {debuggerAddress: localhost:63372}, networkConnectionEnabled: false, pageLoadStrategy: normal, platformName: windows, proxy: Proxy(), se:cdp: ws://localhost:63372/devtoo..., se:cdpVersion: 131.0.6778.109, setWindowRect: true, strictFileInteractability: false, timeouts: {implicit: 0, pageLoad: 300000, script: 30000}, unhandledPromptBehavior: dismiss and notify, webauthn:extension:credBlob: true, webauthn:extension:largeBlob: true, webauthn:extension:minPinLength: true, webauthn:extension:prf: true, webauthn:virtualAuthenticators: true}
Element: [[ChromeDriver: chrome on windows (8d6cb414f74453413e78de8c5a312948)] -> css selector: .CodeMirror textarea]
Session ID: 8d6cb414f74453413e78de8c5a312948
]]></failure>
    <system-out><![CDATA[
Scenario: Try Here Editor page with alert message                      &amp#27;[90m# src/test/resources/Features/Tree.feature:500&amp#27;[0m
  &amp#27;[32mAnd &amp#27;[0m&amp#27;[32mThe user clicks Try Here button&amp#27;[0m                                 &amp#27;[90m# StepDefinitions.Tree.the_user_clicks_try_here_button()&amp#27;[0m
  &amp#27;[31mWhen &amp#27;[0m&amp#27;[31mThe user writes the valid python code and clicks on Run button&amp#27;[0m &amp#27;[90m# StepDefinitions.Tree.the_user_writes_the_valid_python_code_and_clicks_on_run_button()&amp#27;[0m
      &amp#27;[31morg.openqa.selenium.ElementNotInteractableException: element not interactable
  (Session info: chrome=131.0.6778.109)
Build info: version: '4.26.0', revision: '8ccf0219d7'
System info: os.name: 'Windows 11', os.arch: 'amd64', os.version: '10.0', java.version: '21.0.5'
Driver info: org.openqa.selenium.chrome.ChromeDriver
Command: [8d6cb414f74453413e78de8c5a312948, sendKeysToElement {value=[Ljava.lang.CharSequence;@c8aee4e, id=f.B69E02DB11C14C563A47FF0AB5A1E5FD.d.8E2822CC2939C3D1D560C1BE2C25EAD3.e.40}]
Capabilities {acceptInsecureCerts: false, browserName: chrome, browserVersion: 131.0.6778.109, chrome: {chromedriverVersion: 131.0.6778.87 (ce31cae94873..., userDataDir: C:\Users\vamsh\AppData\Loca...}, fedcm:accounts: true, goog:chromeOptions: {debuggerAddress: localhost:63372}, networkConnectionEnabled: false, pageLoadStrategy: normal, platformName: windows, proxy: Proxy(), se:cdp: ws://localhost:63372/devtoo..., se:cdpVersion: 131.0.6778.109, setWindowRect: true, strictFileInteractability: false, timeouts: {implicit: 0, pageLoad: 300000, script: 30000}, unhandledPromptBehavior: dismiss and notify, webauthn:extension:credBlob: true, webauthn:extension:largeBlob: true, webauthn:extension:minPinLength: true, webauthn:extension:prf: true, webauthn:virtualAuthenticators: true}
Element: [[ChromeDriver: chrome on windows (8d6cb414f74453413e78de8c5a312948)] -> css selector: .CodeMirror textarea]
Session ID: 8d6cb414f74453413e78de8c5a312948
	at java.base/jdk.internal.reflect.DirectConstructorHandleAccessor.newInstance(DirectConstructorHandleAccessor.java:62)
	at java.base/java.lang.reflect.Constructor.newInstanceWithCaller(Constructor.java:502)
	at java.base/java.lang.reflect.Constructor.newInstance(Constructor.java:486)
	at org.openqa.selenium.remote.ErrorCodec.decode(ErrorCodec.java:167)
	at org.openqa.selenium.remote.codec.w3c.W3CHttpResponseCodec.decode(W3CHttpResponseCodec.java:138)
	at org.openqa.selenium.remote.codec.w3c.W3CHttpResponseCodec.decode(W3CHttpResponseCodec.java:50)
	at org.openqa.selenium.remote.HttpCommandExecutor.execute(HttpCommandExecutor.java:190)
	at org.openqa.selenium.remote.service.DriverCommandExecutor.invokeExecute(DriverCommandExecutor.java:216)
	at org.openqa.selenium.remote.service.DriverCommandExecutor.execute(DriverCommandExecutor.java:174)
	at org.openqa.selenium.remote.RemoteWebDriver.execute(RemoteWebDriver.java:545)
	at org.openqa.selenium.remote.RemoteWebElement.execute(RemoteWebElement.java:223)
	at org.openqa.selenium.remote.RemoteWebElement.sendKeys(RemoteWebElement.java:110)
	at PageObjects.TreePage.writeInTryEditorWindow(TreePage.java:357)
	at StepDefinitions.Tree.the_user_writes_the_valid_python_code_and_clicks_on_run_button(Tree.java:85)
	at ✽.The user writes the valid python code and clicks on Run button(file:///C:/Projects/Repo1/src/test/resources/Features/Tree.feature:490)
&amp#27;[0m
  &amp#27;[36mThen &amp#27;[0m&amp#27;[36mThe user is able to see the output inside the console.&amp#27;[0m         &amp#27;[90m# StepDefinitions.Tree.the_user_is_able_to_see_the_output_inside_the_console()&amp#27;[0m
[ERROR] 2024-12-09 22:03:35.709 [TestNG-PoolService-2] Hooks - ======================  TEST CASE FAILED !! ======================
[INFO ] 2024-12-09 22:03:35.732 [TestNG-PoolService-3] Hooks - ======================  New Test Execution is STARTED!! ======================

    Embedding screenshot [image/png 7853 bytes]

[INFO ] 2024-12-09 22:03:35.864 [TestNG-PoolService-2] Hooks - ======================  Screenshot is captured  ======================
[INFO ] 2024-12-09 22:03:35.864 [TestNG-PoolService-2] Hooks - ======================  Test Execution is completed!! ======================
]]></system-out>
    <system-err><![CDATA[Dec 09, 2024 10:03:35 PM org.openqa.selenium.devtools.CdpVersionFinder findNearestMatch
WARNING: Unable to find an exact match for CDP version 131, returning the closest version; found: 130; Please update to a Selenium version that supports CDP version 131
]]></system-err>
  </testcase>
  <testcase name="runScenario[&quot;Try Here Editor page with valid data&quot;, &quot;Tree&quot;](206)" classname="TestRunners.TestRunner" time="0.369">
    <system-out><![CDATA[
Scenario: Try Here Editor page with alert message                      &amp#27;[90m# src/test/resources/Features/Tree.feature:500&amp#27;[0m
]]></system-out>
  </testcase>
  <testcase name="runScenario[&quot;Try Here Editor page with valid data&quot;, &quot;Tree&quot;](206)" classname="TestRunners.TestRunner" time="8.119">
    <failure message="element not interactable&#10;  (Session info: MicrosoftEdge=131.0.2903.86)&#10;Build info: version: &apos;4.26.0&apos;, revision: &apos;8ccf0219d7&apos;&#10;System info: os.name: &apos;Windows 11&apos;, os.arch: &apos;amd64&apos;, os.version: &apos;10.0&apos;, java.version: &apos;21.0.5&apos;&#10;Driver info: org.openqa.selenium.edge.EdgeDriver&#10;Command: [c0c38e930caf98b29273cc5c1c239872, sendKeysToElement {value=[Ljava.lang.CharSequence;@572ced35, id=f.03CCBE7D246DAAB1088F0A0EABE0ABA4.d.5057D4DD8421DACBD52360E6753CA3BF.e.39}]&#10;Capabilities {acceptInsecureCerts: false, browserName: MicrosoftEdge, browserVersion: 131.0.2903.86, fedcm:accounts: true, ms:edgeOptions: {debuggerAddress: localhost:52465}, msedge: {msedgedriverVersion: 131.0.2903.86 (cf5bf303997c..., userDataDir: C:\Users\vamsh\AppData\Loca...}, networkConnectionEnabled: false, pageLoadStrategy: normal, platformName: windows, proxy: Proxy(), se:cdp: ws://localhost:52465/devtoo..., se:cdpVersion: 131.0.2903.86, setWindowRect: true, strictFileInteractability: false, timeouts: {implicit: 0, pageLoad: 300000, script: 30000}, unhandledPromptBehavior: dismiss and notify, webauthn:extension:credBlob: true, webauthn:extension:largeBlob: true, webauthn:extension:minPinLength: true, webauthn:extension:prf: true, webauthn:virtualAuthenticators: true}&#10;Element: [[EdgeDriver: MicrosoftEdge on windows (c0c38e930caf98b29273cc5c1c239872)] -&gt; css selector: .CodeMirror textarea]&#10;Session ID: c0c38e930caf98b29273cc5c1c239872" type="org.openqa.selenium.ElementNotInteractableException"><![CDATA[org.openqa.selenium.ElementNotInteractableException: 
element not interactable
  (Session info: MicrosoftEdge=131.0.2903.86)
Build info: version: '4.26.0', revision: '8ccf0219d7'
System info: os.name: 'Windows 11', os.arch: 'amd64', os.version: '10.0', java.version: '21.0.5'
Driver info: org.openqa.selenium.edge.EdgeDriver
Command: [c0c38e930caf98b29273cc5c1c239872, sendKeysToElement {value=[Ljava.lang.CharSequence;@572ced35, id=f.03CCBE7D246DAAB1088F0A0EABE0ABA4.d.5057D4DD8421DACBD52360E6753CA3BF.e.39}]
Capabilities {acceptInsecureCerts: false, browserName: MicrosoftEdge, browserVersion: 131.0.2903.86, fedcm:accounts: true, ms:edgeOptions: {debuggerAddress: localhost:52465}, msedge: {msedgedriverVersion: 131.0.2903.86 (cf5bf303997c..., userDataDir: C:\Users\vamsh\AppData\Loca...}, networkConnectionEnabled: false, pageLoadStrategy: normal, platformName: windows, proxy: Proxy(), se:cdp: ws://localhost:52465/devtoo..., se:cdpVersion: 131.0.2903.86, setWindowRect: true, strictFileInteractability: false, timeouts: {implicit: 0, pageLoad: 300000, script: 30000}, unhandledPromptBehavior: dismiss and notify, webauthn:extension:credBlob: true, webauthn:extension:largeBlob: true, webauthn:extension:minPinLength: true, webauthn:extension:prf: true, webauthn:virtualAuthenticators: true}
Element: [[EdgeDriver: MicrosoftEdge on windows (c0c38e930caf98b29273cc5c1c239872)] -> css selector: .CodeMirror textarea]
Session ID: c0c38e930caf98b29273cc5c1c239872
]]></failure>
    <system-out><![CDATA[
Scenario: Try Here Editor page with alert message                      &amp#27;[90m# src/test/resources/Features/Tree.feature:500&amp#27;[0m
[INFO ] 2024-12-09 22:29:32.305 [TestNG-PoolService-1] Hooks - ======================  New Test Execution is STARTED!! ======================
[INFO ] 2024-12-09 22:29:34.770 [TestNG-PoolService-2] Hooks - ======================  New Test Execution is STARTED!! ======================
  &amp#27;[32mGiven &amp#27;[0m&amp#27;[32mThe user is on the DS Introduction page as signedIn&amp#27;[0m           &amp#27;[90m# StepDefinitions.DSIntroductionDetails.the_user_is_on_the_ds_introduction_page_as_signed_in()&amp#27;[0m
  &amp#27;[32mAnd &amp#27;[0m&amp#27;[32mUser clicks on Get Started button from Tree panel&amp#27;[0m               &amp#27;[90m# StepDefinitions.Tree.user_clicks_on_get_started_button_from_tree_panel()&amp#27;[0m
  &amp#27;[32mGiven &amp#27;[0m&amp#27;[32mThe user is on the DS Introduction page as signedIn&amp#27;[0m             &amp#27;[90m# StepDefinitions.DSIntroductionDetails.the_user_is_on_the_ds_introduction_page_as_signed_in()&amp#27;[0m
  &amp#27;[32mGiven &amp#27;[0m&amp#27;[32mThe user is on the Binary Search Trees page&amp#27;[0m                   &amp#27;[90m# StepDefinitions.Tree.the_user_is_on_the_binary_search_trees_page()&amp#27;[0m
  &amp#27;[32mAnd &amp#27;[0m&amp#27;[32mUser clicks on Get Started button from Tree panel&amp#27;[0m                 &amp#27;[90m# StepDefinitions.Tree.user_clicks_on_get_started_button_from_tree_panel()&amp#27;[0m
  &amp#27;[32mAnd &amp#27;[0m&amp#27;[32mThe user clicks Try Here button&amp#27;[0m                                 &amp#27;[90m# StepDefinitions.Tree.the_user_clicks_try_here_button()&amp#27;[0m
  &amp#27;[31mWhen &amp#27;[0m&amp#27;[31mThe user writes the valid python code and clicks on Run button&amp#27;[0m &amp#27;[90m# StepDefinitions.Tree.the_user_writes_the_valid_python_code_and_clicks_on_run_button()&amp#27;[0m
      &amp#27;[31morg.openqa.selenium.ElementNotInteractableException: element not interactable
  (Session info: MicrosoftEdge=131.0.2903.86)
Build info: version: '4.26.0', revision: '8ccf0219d7'
System info: os.name: 'Windows 11', os.arch: 'amd64', os.version: '10.0', java.version: '21.0.5'
Driver info: org.openqa.selenium.edge.EdgeDriver
Command: [c0c38e930caf98b29273cc5c1c239872, sendKeysToElement {value=[Ljava.lang.CharSequence;@572ced35, id=f.03CCBE7D246DAAB1088F0A0EABE0ABA4.d.5057D4DD8421DACBD52360E6753CA3BF.e.39}]
Capabilities {acceptInsecureCerts: false, browserName: MicrosoftEdge, browserVersion: 131.0.2903.86, fedcm:accounts: true, ms:edgeOptions: {debuggerAddress: localhost:52465}, msedge: {msedgedriverVersion: 131.0.2903.86 (cf5bf303997c..., userDataDir: C:\Users\vamsh\AppData\Loca...}, networkConnectionEnabled: false, pageLoadStrategy: normal, platformName: windows, proxy: Proxy(), se:cdp: ws://localhost:52465/devtoo..., se:cdpVersion: 131.0.2903.86, setWindowRect: true, strictFileInteractability: false, timeouts: {implicit: 0, pageLoad: 300000, script: 30000}, unhandledPromptBehavior: dismiss and notify, webauthn:extension:credBlob: true, webauthn:extension:largeBlob: true, webauthn:extension:minPinLength: true, webauthn:extension:prf: true, webauthn:virtualAuthenticators: true}
Element: [[EdgeDriver: MicrosoftEdge on windows (c0c38e930caf98b29273cc5c1c239872)] -> css selector: .CodeMirror textarea]
Session ID: c0c38e930caf98b29273cc5c1c239872
	at java.base/jdk.internal.reflect.DirectConstructorHandleAccessor.newInstance(DirectConstructorHandleAccessor.java:62)
	at java.base/java.lang.reflect.Constructor.newInstanceWithCaller(Constructor.java:502)
	at java.base/java.lang.reflect.Constructor.newInstance(Constructor.java:486)
	at org.openqa.selenium.remote.ErrorCodec.decode(ErrorCodec.java:167)
	at org.openqa.selenium.remote.codec.w3c.W3CHttpResponseCodec.decode(W3CHttpResponseCodec.java:138)
	at org.openqa.selenium.remote.codec.w3c.W3CHttpResponseCodec.decode(W3CHttpResponseCodec.java:50)
	at org.openqa.selenium.remote.HttpCommandExecutor.execute(HttpCommandExecutor.java:190)
	at org.openqa.selenium.remote.service.DriverCommandExecutor.invokeExecute(DriverCommandExecutor.java:216)
	at org.openqa.selenium.remote.service.DriverCommandExecutor.execute(DriverCommandExecutor.java:174)
	at org.openqa.selenium.remote.RemoteWebDriver.execute(RemoteWebDriver.java:545)
	at org.openqa.selenium.remote.RemoteWebElement.execute(RemoteWebElement.java:223)
	at org.openqa.selenium.remote.RemoteWebElement.sendKeys(RemoteWebElement.java:110)
	at PageObjects.TreePage.writeInTryEditorWindow(TreePage.java:357)
	at StepDefinitions.Tree.the_user_writes_the_valid_python_code_and_clicks_on_run_button(Tree.java:85)
	at ✽.The user writes the valid python code and clicks on Run button(file:///C:/Projects/Repo1/src/test/resources/Features/Tree.feature:490)
&amp#27;[0m
  &amp#27;[36mThen &amp#27;[0m&amp#27;[36mThe user is able to see the output inside the console.&amp#27;[0m         &amp#27;[90m# StepDefinitions.Tree.the_user_is_able_to_see_the_output_inside_the_console()&amp#27;[0m
[ERROR] 2024-12-09 22:29:37.418 [TestNG-PoolService-3] Hooks - ======================  TEST CASE FAILED !! ======================
  &amp#27;[32mGiven &amp#27;[0m&amp#27;[32mThe user is on the Binary Search Trees page&amp#27;[0m                     &amp#27;[90m# StepDefinitions.Tree.the_user_is_on_the_binary_search_trees_page()&amp#27;[0m

    Embedding screenshot [image/png 7890 bytes]

[INFO ] 2024-12-09 22:29:37.612 [TestNG-PoolService-3] Hooks - ======================  Screenshot is captured  ======================
[INFO ] 2024-12-09 22:29:37.613 [TestNG-PoolService-3] Hooks - ======================  Test Execution is completed!! ======================
  &amp#27;[32mAnd &amp#27;[0m&amp#27;[32mThe user clicks Try Here button&amp#27;[0m                                   &amp#27;[90m# StepDefinitions.Tree.the_user_clicks_try_here_button()&amp#27;[0m
  &amp#27;[31mWhen &amp#27;[0m&amp#27;[31mThe user writes the invalid python code and clicks on Run button&amp#27;[0m &amp#27;[90m# StepDefinitions.Tree.the_user_writes_the_invalid_python_code_and_clicks_on_run_button()&amp#27;[0m
      &amp#27;[31morg.openqa.selenium.ElementNotInteractableException: element not interactable
  (Session info: MicrosoftEdge=131.0.2903.86)
Build info: version: '4.26.0', revision: '8ccf0219d7'
System info: os.name: 'Windows 11', os.arch: 'amd64', os.version: '10.0', java.version: '21.0.5'
Driver info: org.openqa.selenium.edge.EdgeDriver
Command: [26dc7530f70f5a17a2bd394fc4ae15fd, sendKeysToElement {value=[Ljava.lang.CharSequence;@54b4371f, id=f.0B72AD4A9810644E0C05B1D25CC21240.d.850278E5C65D7FABE223F04E7C4F625F.e.41}]
Capabilities {acceptInsecureCerts: false, browserName: MicrosoftEdge, browserVersion: 131.0.2903.86, fedcm:accounts: true, ms:edgeOptions: {debuggerAddress: localhost:52517}, msedge: {msedgedriverVersion: 131.0.2903.86 (cf5bf303997c..., userDataDir: C:\Users\vamsh\AppData\Loca...}, networkConnectionEnabled: false, pageLoadStrategy: normal, platformName: windows, proxy: Proxy(), se:cdp: ws://localhost:52517/devtoo..., se:cdpVersion: 131.0.2903.86, setWindowRect: true, strictFileInteractability: false, timeouts: {implicit: 0, pageLoad: 300000, script: 30000}, unhandledPromptBehavior: dismiss and notify, webauthn:extension:credBlob: true, webauthn:extension:largeBlob: true, webauthn:extension:minPinLength: true, webauthn:extension:prf: true, webauthn:virtualAuthenticators: true}
Element: [[EdgeDriver: MicrosoftEdge on windows (26dc7530f70f5a17a2bd394fc4ae15fd)] -> css selector: .CodeMirror textarea]
Session ID: 26dc7530f70f5a17a2bd394fc4ae15fd
	at java.base/jdk.internal.reflect.DirectConstructorHandleAccessor.newInstance(DirectConstructorHandleAccessor.java:62)
	at java.base/java.lang.reflect.Constructor.newInstanceWithCaller(Constructor.java:502)
	at java.base/java.lang.reflect.Constructor.newInstance(Constructor.java:486)
	at org.openqa.selenium.remote.ErrorCodec.decode(ErrorCodec.java:167)
	at org.openqa.selenium.remote.codec.w3c.W3CHttpResponseCodec.decode(W3CHttpResponseCodec.java:138)
	at org.openqa.selenium.remote.codec.w3c.W3CHttpResponseCodec.decode(W3CHttpResponseCodec.java:50)
	at org.openqa.selenium.remote.HttpCommandExecutor.execute(HttpCommandExecutor.java:190)
	at org.openqa.selenium.remote.service.DriverCommandExecutor.invokeExecute(DriverCommandExecutor.java:216)
	at org.openqa.selenium.remote.service.DriverCommandExecutor.execute(DriverCommandExecutor.java:174)
	at org.openqa.selenium.remote.RemoteWebDriver.execute(RemoteWebDriver.java:545)
	at org.openqa.selenium.remote.RemoteWebElement.execute(RemoteWebElement.java:223)
	at org.openqa.selenium.remote.RemoteWebElement.sendKeys(RemoteWebElement.java:110)
	at PageObjects.TreePage.writeInTryEditorWindow(TreePage.java:357)
	at StepDefinitions.Tree.the_user_writes_the_invalid_python_code_and_clicks_on_run_button(Tree.java:96)
	at ✽.The user writes the invalid python code and clicks on Run button(file:///C:/Projects/Repo1/src/test/resources/Features/Tree.feature:497)
&amp#27;[0m
  &amp#27;[36mThen &amp#27;[0m&amp#27;[36mThe user see error msg in alert window&amp#27;[0m                           &amp#27;[90m# StepDefinitions.Tree.the_user_see_error_msg_in_alert_window()&amp#27;[0m
[ERROR] 2024-12-09 22:29:38.381 [TestNG-PoolService-1] Hooks - ======================  TEST CASE FAILED !! ======================

    Embedding screenshot [image/png 7890 bytes]

[INFO ] 2024-12-09 22:29:38.549 [TestNG-PoolService-1] Hooks - ======================  Screenshot is captured  ======================
[INFO ] 2024-12-09 22:29:38.550 [TestNG-PoolService-1] Hooks - ======================  Test Execution is completed!! ======================
  &amp#27;[32mGiven &amp#27;[0m&amp#27;[32mThe user is on the DS Introduction page as signedIn&amp#27;[0m            &amp#27;[90m# StepDefinitions.DSIntroductionDetails.the_user_is_on_the_ds_introduction_page_as_signed_in()&amp#27;[0m
  &amp#27;[32mAnd &amp#27;[0m&amp#27;[32mUser clicks on Get Started button from Tree panel&amp#27;[0m                &amp#27;[90m# StepDefinitions.Tree.user_clicks_on_get_started_button_from_tree_panel()&amp#27;[0m
]]></system-out>
    <system-err><![CDATA[Dec 09, 2024 10:29:32 PM org.openqa.selenium.devtools.CdpVersionFinder findNearestMatch
WARNING: Unable to find an exact match for CDP version 131, returning the closest version; found: 130; Please update to a Selenium version that supports CDP version 131
Dec 09, 2024 10:29:34 PM org.openqa.selenium.devtools.CdpVersionFinder findNearestMatch
WARNING: Unable to find an exact match for CDP version 131, returning the closest version; found: 130; Please update to a Selenium version that supports CDP version 131
]]></system-err>
  </testcase>
  <testcase name="runScenario[&quot;Try Here Editor page with invalid data&quot;, &quot;Tree&quot;](207)" classname="TestRunners.TestRunner" time="5.388">
    <failure message="element not interactable&#10;  (Session info: chrome=131.0.6778.109)&#10;Build info: version: &apos;4.26.0&apos;, revision: &apos;8ccf0219d7&apos;&#10;System info: os.name: &apos;Windows 11&apos;, os.arch: &apos;amd64&apos;, os.version: &apos;10.0&apos;, java.version: &apos;21.0.5&apos;&#10;Driver info: org.openqa.selenium.chrome.ChromeDriver&#10;Command: [6b8a1156a7b5757a55f8433795af90e8, sendKeysToElement {value=[Ljava.lang.CharSequence;@4e3607ce, id=f.CE31E3CB2BE502AE6870A4F046D7E791.d.AAECF4A2EA2F538747CBA8C5A3FE8BA2.e.55}]&#10;Capabilities {acceptInsecureCerts: false, browserName: chrome, browserVersion: 131.0.6778.109, chrome: {chromedriverVersion: 131.0.6778.87 (ce31cae94873..., userDataDir: C:\Users\vamsh\AppData\Loca...}, fedcm:accounts: true, goog:chromeOptions: {debuggerAddress: localhost:63423}, networkConnectionEnabled: false, pageLoadStrategy: normal, platformName: windows, proxy: Proxy(), se:cdp: ws://localhost:63423/devtoo..., se:cdpVersion: 131.0.6778.109, setWindowRect: true, strictFileInteractability: false, timeouts: {implicit: 0, pageLoad: 300000, script: 30000}, unhandledPromptBehavior: dismiss and notify, webauthn:extension:credBlob: true, webauthn:extension:largeBlob: true, webauthn:extension:minPinLength: true, webauthn:extension:prf: true, webauthn:virtualAuthenticators: true}&#10;Element: [[ChromeDriver: chrome on windows (6b8a1156a7b5757a55f8433795af90e8)] -&gt; css selector: .CodeMirror textarea]&#10;Session ID: 6b8a1156a7b5757a55f8433795af90e8" type="org.openqa.selenium.ElementNotInteractableException"><![CDATA[org.openqa.selenium.ElementNotInteractableException: 
element not interactable
  (Session info: chrome=131.0.6778.109)
Build info: version: '4.26.0', revision: '8ccf0219d7'
System info: os.name: 'Windows 11', os.arch: 'amd64', os.version: '10.0', java.version: '21.0.5'
Driver info: org.openqa.selenium.chrome.ChromeDriver
Command: [6b8a1156a7b5757a55f8433795af90e8, sendKeysToElement {value=[Ljava.lang.CharSequence;@4e3607ce, id=f.CE31E3CB2BE502AE6870A4F046D7E791.d.AAECF4A2EA2F538747CBA8C5A3FE8BA2.e.55}]
Capabilities {acceptInsecureCerts: false, browserName: chrome, browserVersion: 131.0.6778.109, chrome: {chromedriverVersion: 131.0.6778.87 (ce31cae94873..., userDataDir: C:\Users\vamsh\AppData\Loca...}, fedcm:accounts: true, goog:chromeOptions: {debuggerAddress: localhost:63423}, networkConnectionEnabled: false, pageLoadStrategy: normal, platformName: windows, proxy: Proxy(), se:cdp: ws://localhost:63423/devtoo..., se:cdpVersion: 131.0.6778.109, setWindowRect: true, strictFileInteractability: false, timeouts: {implicit: 0, pageLoad: 300000, script: 30000}, unhandledPromptBehavior: dismiss and notify, webauthn:extension:credBlob: true, webauthn:extension:largeBlob: true, webauthn:extension:minPinLength: true, webauthn:extension:prf: true, webauthn:virtualAuthenticators: true}
Element: [[ChromeDriver: chrome on windows (6b8a1156a7b5757a55f8433795af90e8)] -> css selector: .CodeMirror textarea]
Session ID: 6b8a1156a7b5757a55f8433795af90e8
]]></failure>
    <system-out><![CDATA[
Scenario: Try Here Editor page with alert message                      &amp#27;[90m# src/test/resources/Features/Tree.feature:508&amp#27;[0m
[INFO ] 2024-12-09 22:03:36.950 [TestNG-PoolService-1] Hooks - ======================  New Test Execution is STARTED!! ======================
[INFO ] 2024-12-09 22:03:37.824 [TestNG-PoolService-2] Hooks - ======================  New Test Execution is STARTED!! ======================
  &amp#27;[32mGiven &amp#27;[0m&amp#27;[32mThe user is on the DS Introduction page as signedIn&amp#27;[0m             &amp#27;[90m# StepDefinitions.DSIntroductionDetails.the_user_is_on_the_ds_introduction_page_as_signed_in()&amp#27;[0m
  &amp#27;[32mAnd &amp#27;[0m&amp#27;[32mUser clicks on Get Started button from Tree panel&amp#27;[0m                 &amp#27;[90m# StepDefinitions.Tree.user_clicks_on_get_started_button_from_tree_panel()&amp#27;[0m
  &amp#27;[32mGiven &amp#27;[0m&amp#27;[32mThe user is on the DS Introduction page as signedIn&amp#27;[0m            &amp#27;[90m# StepDefinitions.DSIntroductionDetails.the_user_is_on_the_ds_introduction_page_as_signed_in()&amp#27;[0m
  &amp#27;[32mAnd &amp#27;[0m&amp#27;[32mUser clicks on Get Started button from Tree panel&amp#27;[0m                &amp#27;[90m# StepDefinitions.Tree.user_clicks_on_get_started_button_from_tree_panel()&amp#27;[0m
  &amp#27;[32mGiven &amp#27;[0m&amp#27;[32mThe user is on the Binary Search Trees page&amp#27;[0m                     &amp#27;[90m# StepDefinitions.Tree.the_user_is_on_the_binary_search_trees_page()&amp#27;[0m
  &amp#27;[32mGiven &amp#27;[0m&amp#27;[32mThe user is on the DS Introduction page as signedIn&amp#27;[0m            &amp#27;[90m# StepDefinitions.DSIntroductionDetails.the_user_is_on_the_ds_introduction_page_as_signed_in()&amp#27;[0m
  &amp#27;[32mAnd &amp#27;[0m&amp#27;[32mUser clicks on Get Started button from Tree panel&amp#27;[0m                &amp#27;[90m# StepDefinitions.Tree.user_clicks_on_get_started_button_from_tree_panel()&amp#27;[0m
  &amp#27;[32mGiven &amp#27;[0m&amp#27;[32mThe user is on the Binary Search Trees page&amp#27;[0m                    &amp#27;[90m# StepDefinitions.Tree.the_user_is_on_the_binary_search_trees_page()&amp#27;[0m
  &amp#27;[32mGiven &amp#27;[0m&amp#27;[32mThe user is on the Overview of Trees page&amp#27;[0m                      &amp#27;[90m# StepDefinitions.Tree.the_user_is_on_the_overview_of_trees_page()&amp#27;[0m
  &amp#27;[32mAnd &amp#27;[0m&amp#27;[32mThe user clicks Try Here button&amp#27;[0m                                   &amp#27;[90m# StepDefinitions.Tree.the_user_clicks_try_here_button()&amp#27;[0m
  &amp#27;[31mWhen &amp#27;[0m&amp#27;[31mThe user writes the invalid python code and clicks on Run button&amp#27;[0m &amp#27;[90m# StepDefinitions.Tree.the_user_writes_the_invalid_python_code_and_clicks_on_run_button()&amp#27;[0m
      &amp#27;[31morg.openqa.selenium.ElementNotInteractableException: element not interactable
  (Session info: chrome=131.0.6778.109)
Build info: version: '4.26.0', revision: '8ccf0219d7'
System info: os.name: 'Windows 11', os.arch: 'amd64', os.version: '10.0', java.version: '21.0.5'
Driver info: org.openqa.selenium.chrome.ChromeDriver
Command: [6b8a1156a7b5757a55f8433795af90e8, sendKeysToElement {value=[Ljava.lang.CharSequence;@4e3607ce, id=f.CE31E3CB2BE502AE6870A4F046D7E791.d.AAECF4A2EA2F538747CBA8C5A3FE8BA2.e.55}]
Capabilities {acceptInsecureCerts: false, browserName: chrome, browserVersion: 131.0.6778.109, chrome: {chromedriverVersion: 131.0.6778.87 (ce31cae94873..., userDataDir: C:\Users\vamsh\AppData\Loca...}, fedcm:accounts: true, goog:chromeOptions: {debuggerAddress: localhost:63423}, networkConnectionEnabled: false, pageLoadStrategy: normal, platformName: windows, proxy: Proxy(), se:cdp: ws://localhost:63423/devtoo..., se:cdpVersion: 131.0.6778.109, setWindowRect: true, strictFileInteractability: false, timeouts: {implicit: 0, pageLoad: 300000, script: 30000}, unhandledPromptBehavior: dismiss and notify, webauthn:extension:credBlob: true, webauthn:extension:largeBlob: true, webauthn:extension:minPinLength: true, webauthn:extension:prf: true, webauthn:virtualAuthenticators: true}
Element: [[ChromeDriver: chrome on windows (6b8a1156a7b5757a55f8433795af90e8)] -> css selector: .CodeMirror textarea]
Session ID: 6b8a1156a7b5757a55f8433795af90e8
	at java.base/jdk.internal.reflect.DirectConstructorHandleAccessor.newInstance(DirectConstructorHandleAccessor.java:62)
	at java.base/java.lang.reflect.Constructor.newInstanceWithCaller(Constructor.java:502)
	at java.base/java.lang.reflect.Constructor.newInstance(Constructor.java:486)
	at org.openqa.selenium.remote.ErrorCodec.decode(ErrorCodec.java:167)
	at org.openqa.selenium.remote.codec.w3c.W3CHttpResponseCodec.decode(W3CHttpResponseCodec.java:138)
	at org.openqa.selenium.remote.codec.w3c.W3CHttpResponseCodec.decode(W3CHttpResponseCodec.java:50)
	at org.openqa.selenium.remote.HttpCommandExecutor.execute(HttpCommandExecutor.java:190)
	at org.openqa.selenium.remote.service.DriverCommandExecutor.invokeExecute(DriverCommandExecutor.java:216)
	at org.openqa.selenium.remote.service.DriverCommandExecutor.execute(DriverCommandExecutor.java:174)
	at org.openqa.selenium.remote.RemoteWebDriver.execute(RemoteWebDriver.java:545)
	at org.openqa.selenium.remote.RemoteWebElement.execute(RemoteWebElement.java:223)
	at org.openqa.selenium.remote.RemoteWebElement.sendKeys(RemoteWebElement.java:110)
	at PageObjects.TreePage.writeInTryEditorWindow(TreePage.java:357)
	at StepDefinitions.Tree.the_user_writes_the_invalid_python_code_and_clicks_on_run_button(Tree.java:96)
	at ✽.The user writes the invalid python code and clicks on Run button(file:///C:/Projects/Repo1/src/test/resources/Features/Tree.feature:497)
&amp#27;[0m
  &amp#27;[36mThen &amp#27;[0m&amp#27;[36mThe user see error msg in alert window&amp#27;[0m                           &amp#27;[90m# StepDefinitions.Tree.the_user_see_error_msg_in_alert_window()&amp#27;[0m
[ERROR] 2024-12-09 22:03:41.015 [TestNG-PoolService-3] Hooks - ======================  TEST CASE FAILED !! ======================

    Embedding screenshot [image/png 7853 bytes]

[INFO ] 2024-12-09 22:03:41.197 [TestNG-PoolService-3] Hooks - ======================  Screenshot is captured  ======================
[INFO ] 2024-12-09 22:03:41.199 [TestNG-PoolService-3] Hooks - ======================  Test Execution is completed!! ======================
]]></system-out>
    <system-err><![CDATA[Dec 09, 2024 10:03:36 PM org.openqa.selenium.devtools.CdpVersionFinder findNearestMatch
WARNING: Unable to find an exact match for CDP version 131, returning the closest version; found: 130; Please update to a Selenium version that supports CDP version 131
Dec 09, 2024 10:03:37 PM org.openqa.selenium.devtools.CdpVersionFinder findNearestMatch
WARNING: Unable to find an exact match for CDP version 131, returning the closest version; found: 130; Please update to a Selenium version that supports CDP version 131
]]></system-err>
  </testcase>
  <testcase name="runScenario[&quot;Try Here Editor page with invalid data&quot;, &quot;Tree&quot;](207)" classname="TestRunners.TestRunner" time="0.633">
    <failure message="Build info: version: &apos;4.26.0&apos;, revision: &apos;8ccf0219d7&apos;&#10;System info: os.name: &apos;Windows 11&apos;, os.arch: &apos;amd64&apos;, os.version: &apos;10.0&apos;, java.version: &apos;21.0.5&apos;&#10;Driver info: org.openqa.selenium.firefox.FirefoxDriver&#10;Command: [7a2a4ca4-34a2-4a3a-ae63-e27b4b24953b, getAlertText {}]&#10;Capabilities {acceptInsecureCerts: true, browserName: firefox, browserVersion: 133.0, moz:accessibilityChecks: false, moz:buildID: 20241121140525, moz:debuggerAddress: 127.0.0.1:23672, moz:geckodriverVersion: 0.35.0, moz:headless: false, moz:platformVersion: 10.0, moz:processID: 34372, moz:profile: C:\Users\vamsh\AppData\Loca..., moz:shutdownTimeout: 60000, moz:webdriverClick: true, moz:windowless: false, pageLoadStrategy: normal, platformName: windows, proxy: Proxy(), se:cdp: ws://127.0.0.1:23672/devtoo..., se:cdpVersion: 85.0, setWindowRect: true, strictFileInteractability: false, timeouts: {implicit: 0, pageLoad: 300000, script: 30000}, unhandledPromptBehavior: dismiss and notify, userAgent: Mozilla/5.0 (Windows NT 10....}&#10;Session ID: 7a2a4ca4-34a2-4a3a-ae63-e27b4b24953b" type="org.openqa.selenium.NoAlertPresentException"><![CDATA[org.openqa.selenium.NoAlertPresentException: 
Build info: version: '4.26.0', revision: '8ccf0219d7'
System info: os.name: 'Windows 11', os.arch: 'amd64', os.version: '10.0', java.version: '21.0.5'
Driver info: org.openqa.selenium.firefox.FirefoxDriver
Command: [7a2a4ca4-34a2-4a3a-ae63-e27b4b24953b, getAlertText {}]
Capabilities {acceptInsecureCerts: true, browserName: firefox, browserVersion: 133.0, moz:accessibilityChecks: false, moz:buildID: 20241121140525, moz:debuggerAddress: 127.0.0.1:23672, moz:geckodriverVersion: 0.35.0, moz:headless: false, moz:platformVersion: 10.0, moz:processID: 34372, moz:profile: C:\Users\vamsh\AppData\Loca..., moz:shutdownTimeout: 60000, moz:webdriverClick: true, moz:windowless: false, pageLoadStrategy: normal, platformName: windows, proxy: Proxy(), se:cdp: ws://127.0.0.1:23672/devtoo..., se:cdpVersion: 85.0, setWindowRect: true, strictFileInteractability: false, timeouts: {implicit: 0, pageLoad: 300000, script: 30000}, unhandledPromptBehavior: dismiss and notify, userAgent: Mozilla/5.0 (Windows NT 10....}
Session ID: 7a2a4ca4-34a2-4a3a-ae63-e27b4b24953b
]]></failure>
    <system-out><![CDATA[
Scenario: Try Here Editor page with alert message                      &amp#27;[90m# src/test/resources/Features/Tree.feature:508&amp#27;[0m
]]></system-out>
  </testcase>
  <testcase name="runScenario[&quot;Try Here Editor page with invalid data&quot;, &quot;Tree&quot;](207)" classname="TestRunners.TestRunner" time="0.887">
    <failure message="element not interactable&#10;  (Session info: MicrosoftEdge=131.0.2903.86)&#10;Build info: version: &apos;4.26.0&apos;, revision: &apos;8ccf0219d7&apos;&#10;System info: os.name: &apos;Windows 11&apos;, os.arch: &apos;amd64&apos;, os.version: &apos;10.0&apos;, java.version: &apos;21.0.5&apos;&#10;Driver info: org.openqa.selenium.edge.EdgeDriver&#10;Command: [26dc7530f70f5a17a2bd394fc4ae15fd, sendKeysToElement {value=[Ljava.lang.CharSequence;@54b4371f, id=f.0B72AD4A9810644E0C05B1D25CC21240.d.850278E5C65D7FABE223F04E7C4F625F.e.41}]&#10;Capabilities {acceptInsecureCerts: false, browserName: MicrosoftEdge, browserVersion: 131.0.2903.86, fedcm:accounts: true, ms:edgeOptions: {debuggerAddress: localhost:52517}, msedge: {msedgedriverVersion: 131.0.2903.86 (cf5bf303997c..., userDataDir: C:\Users\vamsh\AppData\Loca...}, networkConnectionEnabled: false, pageLoadStrategy: normal, platformName: windows, proxy: Proxy(), se:cdp: ws://localhost:52517/devtoo..., se:cdpVersion: 131.0.2903.86, setWindowRect: true, strictFileInteractability: false, timeouts: {implicit: 0, pageLoad: 300000, script: 30000}, unhandledPromptBehavior: dismiss and notify, webauthn:extension:credBlob: true, webauthn:extension:largeBlob: true, webauthn:extension:minPinLength: true, webauthn:extension:prf: true, webauthn:virtualAuthenticators: true}&#10;Element: [[EdgeDriver: MicrosoftEdge on windows (26dc7530f70f5a17a2bd394fc4ae15fd)] -&gt; css selector: .CodeMirror textarea]&#10;Session ID: 26dc7530f70f5a17a2bd394fc4ae15fd" type="org.openqa.selenium.ElementNotInteractableException"><![CDATA[org.openqa.selenium.ElementNotInteractableException: 
element not interactable
  (Session info: MicrosoftEdge=131.0.2903.86)
Build info: version: '4.26.0', revision: '8ccf0219d7'
System info: os.name: 'Windows 11', os.arch: 'amd64', os.version: '10.0', java.version: '21.0.5'
Driver info: org.openqa.selenium.edge.EdgeDriver
Command: [26dc7530f70f5a17a2bd394fc4ae15fd, sendKeysToElement {value=[Ljava.lang.CharSequence;@54b4371f, id=f.0B72AD4A9810644E0C05B1D25CC21240.d.850278E5C65D7FABE223F04E7C4F625F.e.41}]
Capabilities {acceptInsecureCerts: false, browserName: MicrosoftEdge, browserVersion: 131.0.2903.86, fedcm:accounts: true, ms:edgeOptions: {debuggerAddress: localhost:52517}, msedge: {msedgedriverVersion: 131.0.2903.86 (cf5bf303997c..., userDataDir: C:\Users\vamsh\AppData\Loca...}, networkConnectionEnabled: false, pageLoadStrategy: normal, platformName: windows, proxy: Proxy(), se:cdp: ws://localhost:52517/devtoo..., se:cdpVersion: 131.0.2903.86, setWindowRect: true, strictFileInteractability: false, timeouts: {implicit: 0, pageLoad: 300000, script: 30000}, unhandledPromptBehavior: dismiss and notify, webauthn:extension:credBlob: true, webauthn:extension:largeBlob: true, webauthn:extension:minPinLength: true, webauthn:extension:prf: true, webauthn:virtualAuthenticators: true}
Element: [[EdgeDriver: MicrosoftEdge on windows (26dc7530f70f5a17a2bd394fc4ae15fd)] -> css selector: .CodeMirror textarea]
Session ID: 26dc7530f70f5a17a2bd394fc4ae15fd
]]></failure>
    <system-out><![CDATA[
Scenario: Try Here Editor page with alert message                      &amp#27;[90m# src/test/resources/Features/Tree.feature:508&amp#27;[0m
  &amp#27;[32mGiven &amp#27;[0m&amp#27;[32mThe user is on the Binary Search Trees page&amp#27;[0m                    &amp#27;[90m# StepDefinitions.Tree.the_user_is_on_the_binary_search_trees_page()&amp#27;[0m
]]></system-out>
  </testcase>
  <testcase name="runScenario[&quot;Try Here Editor page with alert message&quot;, &quot;Tree&quot;](208)" classname="TestRunners.TestRunner" time="0.653">
    <failure message="element not interactable&#10;  (Session info: chrome=131.0.6778.109)&#10;Build info: version: &apos;4.26.0&apos;, revision: &apos;8ccf0219d7&apos;&#10;System info: os.name: &apos;Windows 11&apos;, os.arch: &apos;amd64&apos;, os.version: &apos;10.0&apos;, java.version: &apos;21.0.5&apos;&#10;Driver info: org.openqa.selenium.chrome.ChromeDriver&#10;Command: [4936e888e10a3476888c746992aaa9f1, sendKeysToElement {value=[Ljava.lang.CharSequence;@753fc145, id=f.9A72AAB515632BD3F9D1D183B911DFE1.d.937CA7BA8CD33D7976C7497A44E58961.e.51}]&#10;Capabilities {acceptInsecureCerts: false, browserName: chrome, browserVersion: 131.0.6778.109, chrome: {chromedriverVersion: 131.0.6778.87 (ce31cae94873..., userDataDir: C:\Users\vamsh\AppData\Loca...}, fedcm:accounts: true, goog:chromeOptions: {debuggerAddress: localhost:63440}, networkConnectionEnabled: false, pageLoadStrategy: normal, platformName: windows, proxy: Proxy(), se:cdp: ws://localhost:63440/devtoo..., se:cdpVersion: 131.0.6778.109, setWindowRect: true, strictFileInteractability: false, timeouts: {implicit: 0, pageLoad: 300000, script: 30000}, unhandledPromptBehavior: dismiss and notify, webauthn:extension:credBlob: true, webauthn:extension:largeBlob: true, webauthn:extension:minPinLength: true, webauthn:extension:prf: true, webauthn:virtualAuthenticators: true}&#10;Element: [[ChromeDriver: chrome on windows (4936e888e10a3476888c746992aaa9f1)] -&gt; css selector: .CodeMirror textarea]&#10;Session ID: 4936e888e10a3476888c746992aaa9f1" type="org.openqa.selenium.ElementNotInteractableException"><![CDATA[org.openqa.selenium.ElementNotInteractableException: 
element not interactable
  (Session info: chrome=131.0.6778.109)
Build info: version: '4.26.0', revision: '8ccf0219d7'
System info: os.name: 'Windows 11', os.arch: 'amd64', os.version: '10.0', java.version: '21.0.5'
Driver info: org.openqa.selenium.chrome.ChromeDriver
Command: [4936e888e10a3476888c746992aaa9f1, sendKeysToElement {value=[Ljava.lang.CharSequence;@753fc145, id=f.9A72AAB515632BD3F9D1D183B911DFE1.d.937CA7BA8CD33D7976C7497A44E58961.e.51}]
Capabilities {acceptInsecureCerts: false, browserName: chrome, browserVersion: 131.0.6778.109, chrome: {chromedriverVersion: 131.0.6778.87 (ce31cae94873..., userDataDir: C:\Users\vamsh\AppData\Loca...}, fedcm:accounts: true, goog:chromeOptions: {debuggerAddress: localhost:63440}, networkConnectionEnabled: false, pageLoadStrategy: normal, platformName: windows, proxy: Proxy(), se:cdp: ws://localhost:63440/devtoo..., se:cdpVersion: 131.0.6778.109, setWindowRect: true, strictFileInteractability: false, timeouts: {implicit: 0, pageLoad: 300000, script: 30000}, unhandledPromptBehavior: dismiss and notify, webauthn:extension:credBlob: true, webauthn:extension:largeBlob: true, webauthn:extension:minPinLength: true, webauthn:extension:prf: true, webauthn:virtualAuthenticators: true}
Element: [[ChromeDriver: chrome on windows (4936e888e10a3476888c746992aaa9f1)] -> css selector: .CodeMirror textarea]
Session ID: 4936e888e10a3476888c746992aaa9f1
]]></failure>
    <system-out><![CDATA[
Scenario: Binary Search Trees                                &amp#27;[90m# src/test/resources/Features/Tree.feature:516&amp#27;[0m
  &amp#27;[32mAnd &amp#27;[0m&amp#27;[32mThe user clicks Try Here button&amp#27;[0m                                  &amp#27;[90m# StepDefinitions.Tree.the_user_clicks_try_here_button()&amp#27;[0m
  &amp#27;[32mAnd &amp#27;[0m&amp#27;[32mThe user clicks Try Here button&amp#27;[0m                                  &amp#27;[90m# StepDefinitions.Tree.the_user_clicks_try_here_button()&amp#27;[0m
  &amp#27;[31mAnd &amp#27;[0m&amp#27;[31mThe user writes the invalid python code and clicks on Run button&amp#27;[0m &amp#27;[90m# StepDefinitions.Tree.the_user_writes_the_invalid_python_code_and_clicks_on_run_button()&amp#27;[0m
      &amp#27;[31morg.openqa.selenium.ElementNotInteractableException: element not interactable
  (Session info: chrome=131.0.6778.109)
Build info: version: '4.26.0', revision: '8ccf0219d7'
System info: os.name: 'Windows 11', os.arch: 'amd64', os.version: '10.0', java.version: '21.0.5'
Driver info: org.openqa.selenium.chrome.ChromeDriver
Command: [4936e888e10a3476888c746992aaa9f1, sendKeysToElement {value=[Ljava.lang.CharSequence;@753fc145, id=f.9A72AAB515632BD3F9D1D183B911DFE1.d.937CA7BA8CD33D7976C7497A44E58961.e.51}]
Capabilities {acceptInsecureCerts: false, browserName: chrome, browserVersion: 131.0.6778.109, chrome: {chromedriverVersion: 131.0.6778.87 (ce31cae94873..., userDataDir: C:\Users\vamsh\AppData\Loca...}, fedcm:accounts: true, goog:chromeOptions: {debuggerAddress: localhost:63440}, networkConnectionEnabled: false, pageLoadStrategy: normal, platformName: windows, proxy: Proxy(), se:cdp: ws://localhost:63440/devtoo..., se:cdpVersion: 131.0.6778.109, setWindowRect: true, strictFileInteractability: false, timeouts: {implicit: 0, pageLoad: 300000, script: 30000}, unhandledPromptBehavior: dismiss and notify, webauthn:extension:credBlob: true, webauthn:extension:largeBlob: true, webauthn:extension:minPinLength: true, webauthn:extension:prf: true, webauthn:virtualAuthenticators: true}
Element: [[ChromeDriver: chrome on windows (4936e888e10a3476888c746992aaa9f1)] -> css selector: .CodeMirror textarea]
Session ID: 4936e888e10a3476888c746992aaa9f1
	at java.base/jdk.internal.reflect.DirectConstructorHandleAccessor.newInstance(DirectConstructorHandleAccessor.java:62)
	at java.base/java.lang.reflect.Constructor.newInstanceWithCaller(Constructor.java:502)
	at java.base/java.lang.reflect.Constructor.newInstance(Constructor.java:486)
	at org.openqa.selenium.remote.ErrorCodec.decode(ErrorCodec.java:167)
	at org.openqa.selenium.remote.codec.w3c.W3CHttpResponseCodec.decode(W3CHttpResponseCodec.java:138)
	at org.openqa.selenium.remote.codec.w3c.W3CHttpResponseCodec.decode(W3CHttpResponseCodec.java:50)
	at org.openqa.selenium.remote.HttpCommandExecutor.execute(HttpCommandExecutor.java:190)
	at org.openqa.selenium.remote.service.DriverCommandExecutor.invokeExecute(DriverCommandExecutor.java:216)
	at org.openqa.selenium.remote.service.DriverCommandExecutor.execute(DriverCommandExecutor.java:174)
	at org.openqa.selenium.remote.RemoteWebDriver.execute(RemoteWebDriver.java:545)
	at org.openqa.selenium.remote.RemoteWebElement.execute(RemoteWebElement.java:223)
	at org.openqa.selenium.remote.RemoteWebElement.sendKeys(RemoteWebElement.java:110)
	at PageObjects.TreePage.writeInTryEditorWindow(TreePage.java:357)
	at StepDefinitions.Tree.the_user_writes_the_invalid_python_code_and_clicks_on_run_button(Tree.java:96)
	at ✽.The user writes the invalid python code and clicks on Run button(file:///C:/Projects/Repo1/src/test/resources/Features/Tree.feature:504)
&amp#27;[0m
  &amp#27;[36mWhen &amp#27;[0m&amp#27;[36mThe user clicks the ok button in the alert window&amp#27;[0m               &amp#27;[90m# StepDefinitions.Tree.the_user_clicks_the_ok_button_in_the_alert_window()&amp#27;[0m
  &amp#27;[36mThen &amp#27;[0m&amp#27;[36mAlert message window is dismissed and user stays on Editor page&amp#27;[0m &amp#27;[90m# StepDefinitions.Tree.Alert_message_window_is_dismissed_and_user_stays_on_Editor_page()&amp#27;[0m
[ERROR] 2024-12-09 22:03:41.703 [TestNG-PoolService-1] Hooks - ======================  TEST CASE FAILED !! ======================

    Embedding screenshot [image/png 7853 bytes]

[INFO ] 2024-12-09 22:03:41.878 [TestNG-PoolService-1] Hooks - ======================  Screenshot is captured  ======================
[INFO ] 2024-12-09 22:03:41.878 [TestNG-PoolService-1] Hooks - ======================  Test Execution is completed!! ======================
  &amp#27;[32mAnd &amp#27;[0m&amp#27;[32mThe user writes the invalid python code and clicks on Run button&amp#27;[0m &amp#27;[90m# StepDefinitions.Tree.the_user_writes_the_invalid_python_code_and_clicks_on_run_button()&amp#27;[0m
  &amp#27;[32mWhen &amp#27;[0m&amp#27;[32mThe user clicks the ok button in the alert window&amp#27;[0m               &amp#27;[90m# StepDefinitions.Tree.the_user_clicks_the_ok_button_in_the_alert_window()&amp#27;[0m
  &amp#27;[32mThen &amp#27;[0m&amp#27;[32mAlert message window is dismissed and user stays on Editor page&amp#27;[0m &amp#27;[90m# StepDefinitions.Tree.Alert_message_window_is_dismissed_and_user_stays_on_Editor_page()&amp#27;[0m
[INFO ] 2024-12-09 22:03:42.103 [TestNG-PoolService-2] Hooks - ======================  Test Execution is completed!! ======================
]]></system-out>
  </testcase>
  <testcase name="runScenario[&quot;Try Here Editor page with alert message&quot;, &quot;Tree&quot;](208)" classname="TestRunners.TestRunner" time="2.36">
    <system-out><![CDATA[
Scenario: Binary Search Trees                                &amp#27;[90m# src/test/resources/Features/Tree.feature:516&amp#27;[0m
  &amp#27;[32mAnd &amp#27;[0m&amp#27;[32mThe user clicks Try Here button&amp#27;[0m                                  &amp#27;[90m# StepDefinitions.Tree.the_user_clicks_try_here_button()&amp#27;[0m
  &amp#27;[32mAnd &amp#27;[0m&amp#27;[32mThe user writes the invalid python code and clicks on Run button&amp#27;[0m &amp#27;[90m# StepDefinitions.Tree.the_user_writes_the_invalid_python_code_and_clicks_on_run_button()&amp#27;[0m
  &amp#27;[32mWhen &amp#27;[0m&amp#27;[32mThe user clicks the ok button in the alert window&amp#27;[0m               &amp#27;[90m# StepDefinitions.Tree.the_user_clicks_the_ok_button_in_the_alert_window()&amp#27;[0m
  &amp#27;[32mThen &amp#27;[0m&amp#27;[32mAlert message window is dismissed and user stays on Editor page&amp#27;[0m &amp#27;[90m# StepDefinitions.Tree.Alert_message_window_is_dismissed_and_user_stays_on_Editor_page()&amp#27;[0m
[INFO ] 2024-12-09 22:29:40.481 [TestNG-PoolService-2] Hooks - ======================  Test Execution is completed!! ======================
[INFO ] 2024-12-09 22:29:41.388 [TestNG-PoolService-3] Hooks - ======================  New Test Execution is STARTED!! ======================
]]></system-out>
    <system-err><![CDATA[Dec 09, 2024 10:29:41 PM org.openqa.selenium.devtools.CdpVersionFinder findNearestMatch
WARNING: Unable to find an exact match for CDP version 131, returning the closest version; found: 130; Please update to a Selenium version that supports CDP version 131
]]></system-err>
  </testcase>
  <testcase name="runScenario[&quot;Try Here Editor page with alert message&quot;, &quot;Tree&quot;](209)" classname="TestRunners.TestRunner" time="0.242">
    <system-out><![CDATA[
Scenario: Implementation Of BST                                      &amp#27;[90m# src/test/resources/Features/Tree.feature:523&amp#27;[0m
]]></system-out>
  </testcase>
  <testcase name="runScenario[&quot;Try Here Editor page with alert message&quot;, &quot;Tree&quot;](209)" classname="TestRunners.TestRunner" time="1.04">
    <system-out><![CDATA[
Scenario: Implementation Of BST                                      &amp#27;[90m# src/test/resources/Features/Tree.feature:523&amp#27;[0m
]]></system-out>
  </testcase>
  <testcase name="runScenario[&quot;Try Here Editor page with alert message&quot;, &quot;Tree&quot;](209)" classname="TestRunners.TestRunner" time="6.128">
    <failure message="element not interactable&#10;  (Session info: MicrosoftEdge=131.0.2903.86)&#10;Build info: version: &apos;4.26.0&apos;, revision: &apos;8ccf0219d7&apos;&#10;System info: os.name: &apos;Windows 11&apos;, os.arch: &apos;amd64&apos;, os.version: &apos;10.0&apos;, java.version: &apos;21.0.5&apos;&#10;Driver info: org.openqa.selenium.edge.EdgeDriver&#10;Command: [8efe9175c4a216b171888a090cd0aac6, sendKeysToElement {value=[Ljava.lang.CharSequence;@4010e55, id=f.93246CC6D968551B985FEE4243EB1703.d.84C4C562D7F96FBAC3AB19862FB136EB.e.38}]&#10;Capabilities {acceptInsecureCerts: false, browserName: MicrosoftEdge, browserVersion: 131.0.2903.86, fedcm:accounts: true, ms:edgeOptions: {debuggerAddress: localhost:52699}, msedge: {msedgedriverVersion: 131.0.2903.86 (cf5bf303997c..., userDataDir: C:\Users\vamsh\AppData\Loca...}, networkConnectionEnabled: false, pageLoadStrategy: normal, platformName: windows, proxy: Proxy(), se:cdp: ws://localhost:52699/devtoo..., se:cdpVersion: 131.0.2903.86, setWindowRect: true, strictFileInteractability: false, timeouts: {implicit: 0, pageLoad: 300000, script: 30000}, unhandledPromptBehavior: dismiss and notify, webauthn:extension:credBlob: true, webauthn:extension:largeBlob: true, webauthn:extension:minPinLength: true, webauthn:extension:prf: true, webauthn:virtualAuthenticators: true}&#10;Element: [[EdgeDriver: MicrosoftEdge on windows (8efe9175c4a216b171888a090cd0aac6)] -&gt; css selector: .CodeMirror textarea]&#10;Session ID: 8efe9175c4a216b171888a090cd0aac6" type="org.openqa.selenium.ElementNotInteractableException"><![CDATA[org.openqa.selenium.ElementNotInteractableException: 
element not interactable
  (Session info: MicrosoftEdge=131.0.2903.86)
Build info: version: '4.26.0', revision: '8ccf0219d7'
System info: os.name: 'Windows 11', os.arch: 'amd64', os.version: '10.0', java.version: '21.0.5'
Driver info: org.openqa.selenium.edge.EdgeDriver
Command: [8efe9175c4a216b171888a090cd0aac6, sendKeysToElement {value=[Ljava.lang.CharSequence;@4010e55, id=f.93246CC6D968551B985FEE4243EB1703.d.84C4C562D7F96FBAC3AB19862FB136EB.e.38}]
Capabilities {acceptInsecureCerts: false, browserName: MicrosoftEdge, browserVersion: 131.0.2903.86, fedcm:accounts: true, ms:edgeOptions: {debuggerAddress: localhost:52699}, msedge: {msedgedriverVersion: 131.0.2903.86 (cf5bf303997c..., userDataDir: C:\Users\vamsh\AppData\Loca...}, networkConnectionEnabled: false, pageLoadStrategy: normal, platformName: windows, proxy: Proxy(), se:cdp: ws://localhost:52699/devtoo..., se:cdpVersion: 131.0.2903.86, setWindowRect: true, strictFileInteractability: false, timeouts: {implicit: 0, pageLoad: 300000, script: 30000}, unhandledPromptBehavior: dismiss and notify, webauthn:extension:credBlob: true, webauthn:extension:largeBlob: true, webauthn:extension:minPinLength: true, webauthn:extension:prf: true, webauthn:virtualAuthenticators: true}
Element: [[EdgeDriver: MicrosoftEdge on windows (8efe9175c4a216b171888a090cd0aac6)] -> css selector: .CodeMirror textarea]
Session ID: 8efe9175c4a216b171888a090cd0aac6
]]></failure>
    <system-out><![CDATA[
Scenario: Implementation Of BST                                      &amp#27;[90m# src/test/resources/Features/Tree.feature:523&amp#27;[0m
[INFO ] 2024-12-09 22:29:43.789 [TestNG-PoolService-1] Hooks - ======================  New Test Execution is STARTED!! ======================
  &amp#27;[32mGiven &amp#27;[0m&amp#27;[32mThe user is on the DS Introduction page as signedIn&amp#27;[0m            &amp#27;[90m# StepDefinitions.DSIntroductionDetails.the_user_is_on_the_ds_introduction_page_as_signed_in()&amp#27;[0m
  &amp#27;[32mAnd &amp#27;[0m&amp#27;[32mUser clicks on Get Started button from Tree panel&amp#27;[0m                &amp#27;[90m# StepDefinitions.Tree.user_clicks_on_get_started_button_from_tree_panel()&amp#27;[0m
  &amp#27;[32mGiven &amp#27;[0m&amp#27;[32mThe user is on the Overview of Trees page&amp#27;[0m                      &amp#27;[90m# StepDefinitions.Tree.the_user_is_on_the_overview_of_trees_page()&amp#27;[0m
  &amp#27;[32mAnd &amp#27;[0m&amp#27;[32mThe user clicks Try Here button&amp#27;[0m                                  &amp#27;[90m# StepDefinitions.Tree.the_user_clicks_try_here_button()&amp#27;[0m
[INFO ] 2024-12-09 22:29:46.650 [TestNG-PoolService-2] Hooks - ======================  New Test Execution is STARTED!! ======================
  &amp#27;[31mAnd &amp#27;[0m&amp#27;[31mThe user writes the invalid python code and clicks on Run button&amp#27;[0m &amp#27;[90m# StepDefinitions.Tree.the_user_writes_the_invalid_python_code_and_clicks_on_run_button()&amp#27;[0m
      &amp#27;[31morg.openqa.selenium.ElementNotInteractableException: element not interactable
  (Session info: MicrosoftEdge=131.0.2903.86)
Build info: version: '4.26.0', revision: '8ccf0219d7'
System info: os.name: 'Windows 11', os.arch: 'amd64', os.version: '10.0', java.version: '21.0.5'
Driver info: org.openqa.selenium.edge.EdgeDriver
Command: [8efe9175c4a216b171888a090cd0aac6, sendKeysToElement {value=[Ljava.lang.CharSequence;@4010e55, id=f.93246CC6D968551B985FEE4243EB1703.d.84C4C562D7F96FBAC3AB19862FB136EB.e.38}]
Capabilities {acceptInsecureCerts: false, browserName: MicrosoftEdge, browserVersion: 131.0.2903.86, fedcm:accounts: true, ms:edgeOptions: {debuggerAddress: localhost:52699}, msedge: {msedgedriverVersion: 131.0.2903.86 (cf5bf303997c..., userDataDir: C:\Users\vamsh\AppData\Loca...}, networkConnectionEnabled: false, pageLoadStrategy: normal, platformName: windows, proxy: Proxy(), se:cdp: ws://localhost:52699/devtoo..., se:cdpVersion: 131.0.2903.86, setWindowRect: true, strictFileInteractability: false, timeouts: {implicit: 0, pageLoad: 300000, script: 30000}, unhandledPromptBehavior: dismiss and notify, webauthn:extension:credBlob: true, webauthn:extension:largeBlob: true, webauthn:extension:minPinLength: true, webauthn:extension:prf: true, webauthn:virtualAuthenticators: true}
Element: [[EdgeDriver: MicrosoftEdge on windows (8efe9175c4a216b171888a090cd0aac6)] -> css selector: .CodeMirror textarea]
Session ID: 8efe9175c4a216b171888a090cd0aac6
	at java.base/jdk.internal.reflect.DirectConstructorHandleAccessor.newInstance(DirectConstructorHandleAccessor.java:62)
	at java.base/java.lang.reflect.Constructor.newInstanceWithCaller(Constructor.java:502)
	at java.base/java.lang.reflect.Constructor.newInstance(Constructor.java:486)
	at org.openqa.selenium.remote.ErrorCodec.decode(ErrorCodec.java:167)
	at org.openqa.selenium.remote.codec.w3c.W3CHttpResponseCodec.decode(W3CHttpResponseCodec.java:138)
	at org.openqa.selenium.remote.codec.w3c.W3CHttpResponseCodec.decode(W3CHttpResponseCodec.java:50)
	at org.openqa.selenium.remote.HttpCommandExecutor.execute(HttpCommandExecutor.java:190)
	at org.openqa.selenium.remote.service.DriverCommandExecutor.invokeExecute(DriverCommandExecutor.java:216)
	at org.openqa.selenium.remote.service.DriverCommandExecutor.execute(DriverCommandExecutor.java:174)
	at org.openqa.selenium.remote.RemoteWebDriver.execute(RemoteWebDriver.java:545)
	at org.openqa.selenium.remote.RemoteWebElement.execute(RemoteWebElement.java:223)
	at org.openqa.selenium.remote.RemoteWebElement.sendKeys(RemoteWebElement.java:110)
	at PageObjects.TreePage.writeInTryEditorWindow(TreePage.java:357)
	at StepDefinitions.Tree.the_user_writes_the_invalid_python_code_and_clicks_on_run_button(Tree.java:96)
	at ✽.The user writes the invalid python code and clicks on Run button(file:///C:/Projects/Repo1/src/test/resources/Features/Tree.feature:512)
&amp#27;[0m
  &amp#27;[36mWhen &amp#27;[0m&amp#27;[36mThe user clicks the ok button in the alert window&amp#27;[0m               &amp#27;[90m# StepDefinitions.Tree.the_user_clicks_the_ok_button_in_the_alert_window()&amp#27;[0m
  &amp#27;[36mThen &amp#27;[0m&amp#27;[36mAlert message window is dismissed and user stays on Editor page&amp#27;[0m &amp#27;[90m# StepDefinitions.Tree.Alert_message_window_is_dismissed_and_user_stays_on_Editor_page()&amp#27;[0m
[ERROR] 2024-12-09 22:29:46.748 [TestNG-PoolService-3] Hooks - ======================  TEST CASE FAILED !! ======================

    Embedding screenshot [image/png 7890 bytes]

[INFO ] 2024-12-09 22:29:47.003 [TestNG-PoolService-3] Hooks - ======================  Screenshot is captured  ======================
[INFO ] 2024-12-09 22:29:47.004 [TestNG-PoolService-3] Hooks - ======================  Test Execution is completed!! ======================
  &amp#27;[32mGiven &amp#27;[0m&amp#27;[32mThe user is on the DS Introduction page as signedIn&amp#27;[0m  &amp#27;[90m# StepDefinitions.DSIntroductionDetails.the_user_is_on_the_ds_introduction_page_as_signed_in()&amp#27;[0m
  &amp#27;[32mAnd &amp#27;[0m&amp#27;[32mUser clicks on Get Started button from Tree panel&amp#27;[0m      &amp#27;[90m# StepDefinitions.Tree.user_clicks_on_get_started_button_from_tree_panel()&amp#27;[0m
]]></system-out>
    <system-err><![CDATA[Dec 09, 2024 10:29:43 PM org.openqa.selenium.devtools.CdpVersionFinder findNearestMatch
WARNING: Unable to find an exact match for CDP version 131, returning the closest version; found: 130; Please update to a Selenium version that supports CDP version 131
Dec 09, 2024 10:29:46 PM org.openqa.selenium.devtools.CdpVersionFinder findNearestMatch
WARNING: Unable to find an exact match for CDP version 131, returning the closest version; found: 130; Please update to a Selenium version that supports CDP version 131
]]></system-err>
  </testcase>
  <testcase name="runScenario[&quot;Implementation Of BST&quot;, &quot;Tree&quot;](210)" classname="TestRunners.TestRunner" time="6.087">
    <system-out><![CDATA[
Scenario: Try Here Editor page with empty code                               &amp#27;[90m# src/test/resources/Features/Tree.feature:529&amp#27;[0m
[INFO ] 2024-12-09 22:03:43.001 [TestNG-PoolService-3] Hooks - ======================  New Test Execution is STARTED!! ======================
[INFO ] 2024-12-09 22:03:44.133 [TestNG-PoolService-1] Hooks - ======================  New Test Execution is STARTED!! ======================
[INFO ] 2024-12-09 22:03:44.446 [TestNG-PoolService-2] Hooks - ======================  New Test Execution is STARTED!! ======================
  &amp#27;[32mGiven &amp#27;[0m&amp#27;[32mThe user is on the DS Introduction page as signedIn&amp#27;[0m  &amp#27;[90m# StepDefinitions.DSIntroductionDetails.the_user_is_on_the_ds_introduction_page_as_signed_in()&amp#27;[0m
  &amp#27;[32mAnd &amp#27;[0m&amp#27;[32mUser clicks on Get Started button from Tree panel&amp#27;[0m      &amp#27;[90m# StepDefinitions.Tree.user_clicks_on_get_started_button_from_tree_panel()&amp#27;[0m
  &amp#27;[32mGiven &amp#27;[0m&amp#27;[32mThe user is on the DS Introduction page as signedIn&amp#27;[0m          &amp#27;[90m# StepDefinitions.DSIntroductionDetails.the_user_is_on_the_ds_introduction_page_as_signed_in()&amp#27;[0m
  &amp#27;[32mGiven &amp#27;[0m&amp#27;[32mThe user is on the DS Introduction page as signedIn&amp#27;[0m                  &amp#27;[90m# StepDefinitions.DSIntroductionDetails.the_user_is_on_the_ds_introduction_page_as_signed_in()&amp#27;[0m
  &amp#27;[32mAnd &amp#27;[0m&amp#27;[32mUser clicks on Get Started button from Tree panel&amp#27;[0m              &amp#27;[90m# StepDefinitions.Tree.user_clicks_on_get_started_button_from_tree_panel()&amp#27;[0m
  &amp#27;[32mAnd &amp#27;[0m&amp#27;[32mUser clicks on Get Started button from Tree panel&amp#27;[0m                      &amp#27;[90m# StepDefinitions.Tree.user_clicks_on_get_started_button_from_tree_panel()&amp#27;[0m
  &amp#27;[32mGiven &amp#27;[0m&amp#27;[32mThe user is on the Implementation Of BST page&amp#27;[0m                &amp#27;[90m# StepDefinitions.Tree.the_user_is_on_the_implementation_of_bst_page()&amp#27;[0m
  &amp#27;[32mGiven &amp#27;[0m&amp#27;[32mThe user is on the Implementation Of BST page&amp#27;[0m                        &amp#27;[90m# StepDefinitions.Tree.the_user_is_on_the_implementation_of_bst_page()&amp#27;[0m
  &amp#27;[32mGiven &amp#27;[0m&amp#27;[32mThe user is on the Binary Search Trees page&amp#27;[0m          &amp#27;[90m# StepDefinitions.Tree.the_user_is_on_the_binary_search_trees_page()&amp#27;[0m
  &amp#27;[32mWhen &amp#27;[0m&amp#27;[32mThe user clicks Try Here button&amp#27;[0m                               &amp#27;[90m# StepDefinitions.Tree.the_user_clicks_try_here_button()&amp#27;[0m
  &amp#27;[32mThen &amp#27;[0m&amp#27;[32mThe user is redirected to a page having Editor and run button&amp#27;[0m &amp#27;[90m# StepDefinitions.Tree.the_user_is_redirected_to_a_page_having_editor_and_run_button()&amp#27;[0m
[INFO ] 2024-12-09 22:03:48.214 [TestNG-PoolService-1] Hooks - ======================  Test Execution is completed!! ======================
  &amp#27;[32mWhen &amp#27;[0m&amp#27;[32mThe user clicks Implementation Of BST link&amp#27;[0m            &amp#27;[90m# StepDefinitions.Tree.the_user_clicks_implementation_of_bst_link()&amp#27;[0m
  &amp#27;[32mThen &amp#27;[0m&amp#27;[32mThe user is redirected to Implementation Of BST page.&amp#27;[0m &amp#27;[90m# StepDefinitions.Tree.the_user_is_redirected_to_implementation_of_bst_page()&amp#27;[0m
[INFO ] 2024-12-09 22:03:48.254 [TestNG-PoolService-3] Hooks - ======================  Test Execution is completed!! ======================
]]></system-out>
    <system-err><![CDATA[Dec 09, 2024 10:03:42 PM org.openqa.selenium.devtools.CdpVersionFinder findNearestMatch
WARNING: Unable to find an exact match for CDP version 131, returning the closest version; found: 130; Please update to a Selenium version that supports CDP version 131
Dec 09, 2024 10:03:44 PM org.openqa.selenium.devtools.CdpVersionFinder findNearestMatch
WARNING: Unable to find an exact match for CDP version 131, returning the closest version; found: 130; Please update to a Selenium version that supports CDP version 131
Dec 09, 2024 10:03:44 PM org.openqa.selenium.devtools.CdpVersionFinder findNearestMatch
WARNING: Unable to find an exact match for CDP version 131, returning the closest version; found: 130; Please update to a Selenium version that supports CDP version 131
]]></system-err>
  </testcase>
  <testcase name="runScenario[&quot;Binary Search Trees&quot;, &quot;Tree&quot;](211)" classname="TestRunners.TestRunner" time="0.043">
    <system-out><![CDATA[
Scenario: Try Here Editor page with valid data                        &amp#27;[90m# src/test/resources/Features/Tree.feature:536&amp#27;[0m
]]></system-out>
  </testcase>
  <testcase name="runScenario[&quot;Try Here Editor page with empty code&quot;, &quot;Tree&quot;](212)" classname="TestRunners.TestRunner" time="0.555">
    <system-out><![CDATA[  &amp#27;[32mAnd &amp#27;[0m&amp#27;[32mThe user clicks Try Here button&amp#27;[0m                                        &amp#27;[90m# StepDefinitions.Tree.the_user_clicks_try_here_button()&amp#27;[0m

Scenario: Try Here Editor page with invalid data                        &amp#27;[90m# src/test/resources/Features/Tree.feature:543&amp#27;[0m
  &amp#27;[32mWhen &amp#27;[0m&amp#27;[32mThe user writes no code inside editor window and clicks on Run button&amp#27;[0m &amp#27;[90m# StepDefinitions.Tree.the_user_writes_no_code_inside_editor_window_and_clicks_on_run_button()&amp#27;[0m
  &amp#27;[32mThen &amp#27;[0m&amp#27;[32mNothing happens to the Editor page and no error message is displayed&amp#27;[0m  &amp#27;[90m# StepDefinitions.Tree.nothing_happens_to_the_editor_page_and_no_error_message_is_displayed()&amp#27;[0m
[INFO ] 2024-12-09 22:03:48.812 [TestNG-PoolService-2] Hooks - ======================  Test Execution is completed!! ======================
]]></system-out>
  </testcase>
  <testcase name="runScenario[&quot;Try Here Editor page with empty code&quot;, &quot;Tree&quot;](212)" classname="TestRunners.TestRunner" time="5.364">
    <failure message="element not interactable&#10;  (Session info: MicrosoftEdge=131.0.2903.86)&#10;Build info: version: &apos;4.26.0&apos;, revision: &apos;8ccf0219d7&apos;&#10;System info: os.name: &apos;Windows 11&apos;, os.arch: &apos;amd64&apos;, os.version: &apos;10.0&apos;, java.version: &apos;21.0.5&apos;&#10;Driver info: org.openqa.selenium.edge.EdgeDriver&#10;Command: [cdb775094664b294476b8b1e87136ed5, sendKeysToElement {value=[Ljava.lang.CharSequence;@191b6609, id=f.74C4120C8B2EE198C17E98C4073CF352.d.9CD9BD74E014D127A7B09E5C50CCFD02.e.38}]&#10;Capabilities {acceptInsecureCerts: false, browserName: MicrosoftEdge, browserVersion: 131.0.2903.86, fedcm:accounts: true, ms:edgeOptions: {debuggerAddress: localhost:52911}, msedge: {msedgedriverVersion: 131.0.2903.86 (cf5bf303997c..., userDataDir: C:\Users\vamsh\AppData\Loca...}, networkConnectionEnabled: false, pageLoadStrategy: normal, platformName: windows, proxy: Proxy(), se:cdp: ws://localhost:52911/devtoo..., se:cdpVersion: 131.0.2903.86, setWindowRect: true, strictFileInteractability: false, timeouts: {implicit: 0, pageLoad: 300000, script: 30000}, unhandledPromptBehavior: dismiss and notify, webauthn:extension:credBlob: true, webauthn:extension:largeBlob: true, webauthn:extension:minPinLength: true, webauthn:extension:prf: true, webauthn:virtualAuthenticators: true}&#10;Element: [[EdgeDriver: MicrosoftEdge on windows (cdb775094664b294476b8b1e87136ed5)] -&gt; css selector: .CodeMirror textarea]&#10;Session ID: cdb775094664b294476b8b1e87136ed5" type="org.openqa.selenium.ElementNotInteractableException"><![CDATA[org.openqa.selenium.ElementNotInteractableException: 
element not interactable
  (Session info: MicrosoftEdge=131.0.2903.86)
Build info: version: '4.26.0', revision: '8ccf0219d7'
System info: os.name: 'Windows 11', os.arch: 'amd64', os.version: '10.0', java.version: '21.0.5'
Driver info: org.openqa.selenium.edge.EdgeDriver
Command: [cdb775094664b294476b8b1e87136ed5, sendKeysToElement {value=[Ljava.lang.CharSequence;@191b6609, id=f.74C4120C8B2EE198C17E98C4073CF352.d.9CD9BD74E014D127A7B09E5C50CCFD02.e.38}]
Capabilities {acceptInsecureCerts: false, browserName: MicrosoftEdge, browserVersion: 131.0.2903.86, fedcm:accounts: true, ms:edgeOptions: {debuggerAddress: localhost:52911}, msedge: {msedgedriverVersion: 131.0.2903.86 (cf5bf303997c..., userDataDir: C:\Users\vamsh\AppData\Loca...}, networkConnectionEnabled: false, pageLoadStrategy: normal, platformName: windows, proxy: Proxy(), se:cdp: ws://localhost:52911/devtoo..., se:cdpVersion: 131.0.2903.86, setWindowRect: true, strictFileInteractability: false, timeouts: {implicit: 0, pageLoad: 300000, script: 30000}, unhandledPromptBehavior: dismiss and notify, webauthn:extension:credBlob: true, webauthn:extension:largeBlob: true, webauthn:extension:minPinLength: true, webauthn:extension:prf: true, webauthn:virtualAuthenticators: true}
Element: [[EdgeDriver: MicrosoftEdge on windows (cdb775094664b294476b8b1e87136ed5)] -> css selector: .CodeMirror textarea]
Session ID: cdb775094664b294476b8b1e87136ed5
]]></failure>
    <system-out><![CDATA[
Scenario: Try Here Editor page with invalid data                        &amp#27;[90m# src/test/resources/Features/Tree.feature:543&amp#27;[0m
  &amp#27;[32mGiven &amp#27;[0m&amp#27;[32mThe user is on the DS Introduction page as signedIn&amp#27;[0m                  &amp#27;[90m# StepDefinitions.DSIntroductionDetails.the_user_is_on_the_ds_introduction_page_as_signed_in()&amp#27;[0m
[INFO ] 2024-12-09 22:29:54.110 [TestNG-PoolService-1] Hooks - ======================  New Test Execution is STARTED!! ======================
  &amp#27;[32mAnd &amp#27;[0m&amp#27;[32mUser clicks on Get Started button from Tree panel&amp#27;[0m                      &amp#27;[90m# StepDefinitions.Tree.user_clicks_on_get_started_button_from_tree_panel()&amp#27;[0m
  &amp#27;[32mGiven &amp#27;[0m&amp#27;[32mThe user is on the Implementation Of BST page&amp#27;[0m                        &amp#27;[90m# StepDefinitions.Tree.the_user_is_on_the_implementation_of_bst_page()&amp#27;[0m
  &amp#27;[32mAnd &amp#27;[0m&amp#27;[32mThe user clicks Try Here button&amp#27;[0m                                        &amp#27;[90m# StepDefinitions.Tree.the_user_clicks_try_here_button()&amp#27;[0m
[INFO ] 2024-12-09 22:29:55.857 [TestNG-PoolService-2] Hooks - ======================  New Test Execution is STARTED!! ======================
  &amp#27;[31mWhen &amp#27;[0m&amp#27;[31mThe user writes no code inside editor window and clicks on Run button&amp#27;[0m &amp#27;[90m# StepDefinitions.Tree.the_user_writes_no_code_inside_editor_window_and_clicks_on_run_button()&amp#27;[0m
      &amp#27;[31morg.openqa.selenium.ElementNotInteractableException: element not interactable
  (Session info: MicrosoftEdge=131.0.2903.86)
Build info: version: '4.26.0', revision: '8ccf0219d7'
System info: os.name: 'Windows 11', os.arch: 'amd64', os.version: '10.0', java.version: '21.0.5'
Driver info: org.openqa.selenium.edge.EdgeDriver
Command: [cdb775094664b294476b8b1e87136ed5, sendKeysToElement {value=[Ljava.lang.CharSequence;@191b6609, id=f.74C4120C8B2EE198C17E98C4073CF352.d.9CD9BD74E014D127A7B09E5C50CCFD02.e.38}]
Capabilities {acceptInsecureCerts: false, browserName: MicrosoftEdge, browserVersion: 131.0.2903.86, fedcm:accounts: true, ms:edgeOptions: {debuggerAddress: localhost:52911}, msedge: {msedgedriverVersion: 131.0.2903.86 (cf5bf303997c..., userDataDir: C:\Users\vamsh\AppData\Loca...}, networkConnectionEnabled: false, pageLoadStrategy: normal, platformName: windows, proxy: Proxy(), se:cdp: ws://localhost:52911/devtoo..., se:cdpVersion: 131.0.2903.86, setWindowRect: true, strictFileInteractability: false, timeouts: {implicit: 0, pageLoad: 300000, script: 30000}, unhandledPromptBehavior: dismiss and notify, webauthn:extension:credBlob: true, webauthn:extension:largeBlob: true, webauthn:extension:minPinLength: true, webauthn:extension:prf: true, webauthn:virtualAuthenticators: true}
Element: [[EdgeDriver: MicrosoftEdge on windows (cdb775094664b294476b8b1e87136ed5)] -> css selector: .CodeMirror textarea]
Session ID: cdb775094664b294476b8b1e87136ed5
	at java.base/jdk.internal.reflect.DirectConstructorHandleAccessor.newInstance(DirectConstructorHandleAccessor.java:62)
	at java.base/java.lang.reflect.Constructor.newInstanceWithCaller(Constructor.java:502)
	at java.base/java.lang.reflect.Constructor.newInstance(Constructor.java:486)
	at org.openqa.selenium.remote.ErrorCodec.decode(ErrorCodec.java:167)
	at org.openqa.selenium.remote.codec.w3c.W3CHttpResponseCodec.decode(W3CHttpResponseCodec.java:138)
	at org.openqa.selenium.remote.codec.w3c.W3CHttpResponseCodec.decode(W3CHttpResponseCodec.java:50)
	at org.openqa.selenium.remote.HttpCommandExecutor.execute(HttpCommandExecutor.java:190)
	at org.openqa.selenium.remote.service.DriverCommandExecutor.invokeExecute(DriverCommandExecutor.java:216)
	at org.openqa.selenium.remote.service.DriverCommandExecutor.execute(DriverCommandExecutor.java:174)
	at org.openqa.selenium.remote.RemoteWebDriver.execute(RemoteWebDriver.java:545)
	at org.openqa.selenium.remote.RemoteWebElement.execute(RemoteWebElement.java:223)
	at org.openqa.selenium.remote.RemoteWebElement.sendKeys(RemoteWebElement.java:110)
	at PageObjects.TreePage.writeInTryEditorWindow(TreePage.java:357)
	at StepDefinitions.Tree.the_user_writes_no_code_inside_editor_window_and_clicks_on_run_button(Tree.java:73)
	at ✽.The user writes no code inside editor window and clicks on Run button(file:///C:/Projects/Repo1/src/test/resources/Features/Tree.feature:533)
&amp#27;[0m
  &amp#27;[36mThen &amp#27;[0m&amp#27;[36mNothing happens to the Editor page and no error message is displayed&amp#27;[0m  &amp#27;[90m# StepDefinitions.Tree.nothing_happens_to_the_editor_page_and_no_error_message_is_displayed()&amp#27;[0m
[ERROR] 2024-12-09 22:29:55.921 [TestNG-PoolService-3] Hooks - ======================  TEST CASE FAILED !! ======================

    Embedding screenshot [image/png 7890 bytes]

[INFO ] 2024-12-09 22:29:56.112 [TestNG-PoolService-3] Hooks - ======================  Screenshot is captured  ======================
[INFO ] 2024-12-09 22:29:56.114 [TestNG-PoolService-3] Hooks - ======================  Test Execution is completed!! ======================
]]></system-out>
    <system-err><![CDATA[Dec 09, 2024 10:29:54 PM org.openqa.selenium.devtools.CdpVersionFinder findNearestMatch
WARNING: Unable to find an exact match for CDP version 131, returning the closest version; found: 130; Please update to a Selenium version that supports CDP version 131
Dec 09, 2024 10:29:55 PM org.openqa.selenium.devtools.CdpVersionFinder findNearestMatch
WARNING: Unable to find an exact match for CDP version 131, returning the closest version; found: 130; Please update to a Selenium version that supports CDP version 131
]]></system-err>
  </testcase>
  <testcase name="runScenario[&quot;Try Here Editor page with valid data&quot;, &quot;Tree&quot;](213)" classname="TestRunners.TestRunner" time="6.121">
    <failure message="element not interactable&#10;  (Session info: chrome=131.0.6778.109)&#10;Build info: version: &apos;4.26.0&apos;, revision: &apos;8ccf0219d7&apos;&#10;System info: os.name: &apos;Windows 11&apos;, os.arch: &apos;amd64&apos;, os.version: &apos;10.0&apos;, java.version: &apos;21.0.5&apos;&#10;Driver info: org.openqa.selenium.chrome.ChromeDriver&#10;Command: [377f7f7e36f85461fc98a54f2b153fec, sendKeysToElement {value=[Ljava.lang.CharSequence;@43c5cd5e, id=f.5A4EC35F503877947E404BA87705A2AF.d.4E74822286FE9EA9175726E773C64A5B.e.55}]&#10;Capabilities {acceptInsecureCerts: false, browserName: chrome, browserVersion: 131.0.6778.109, chrome: {chromedriverVersion: 131.0.6778.87 (ce31cae94873..., userDataDir: C:\Users\vamsh\AppData\Loca...}, fedcm:accounts: true, goog:chromeOptions: {debuggerAddress: localhost:63614}, networkConnectionEnabled: false, pageLoadStrategy: normal, platformName: windows, proxy: Proxy(), se:cdp: ws://localhost:63614/devtoo..., se:cdpVersion: 131.0.6778.109, setWindowRect: true, strictFileInteractability: false, timeouts: {implicit: 0, pageLoad: 300000, script: 30000}, unhandledPromptBehavior: dismiss and notify, webauthn:extension:credBlob: true, webauthn:extension:largeBlob: true, webauthn:extension:minPinLength: true, webauthn:extension:prf: true, webauthn:virtualAuthenticators: true}&#10;Element: [[ChromeDriver: chrome on windows (377f7f7e36f85461fc98a54f2b153fec)] -&gt; css selector: .CodeMirror textarea]&#10;Session ID: 377f7f7e36f85461fc98a54f2b153fec" type="org.openqa.selenium.ElementNotInteractableException"><![CDATA[org.openqa.selenium.ElementNotInteractableException: 
element not interactable
  (Session info: chrome=131.0.6778.109)
Build info: version: '4.26.0', revision: '8ccf0219d7'
System info: os.name: 'Windows 11', os.arch: 'amd64', os.version: '10.0', java.version: '21.0.5'
Driver info: org.openqa.selenium.chrome.ChromeDriver
Command: [377f7f7e36f85461fc98a54f2b153fec, sendKeysToElement {value=[Ljava.lang.CharSequence;@43c5cd5e, id=f.5A4EC35F503877947E404BA87705A2AF.d.4E74822286FE9EA9175726E773C64A5B.e.55}]
Capabilities {acceptInsecureCerts: false, browserName: chrome, browserVersion: 131.0.6778.109, chrome: {chromedriverVersion: 131.0.6778.87 (ce31cae94873..., userDataDir: C:\Users\vamsh\AppData\Loca...}, fedcm:accounts: true, goog:chromeOptions: {debuggerAddress: localhost:63614}, networkConnectionEnabled: false, pageLoadStrategy: normal, platformName: windows, proxy: Proxy(), se:cdp: ws://localhost:63614/devtoo..., se:cdpVersion: 131.0.6778.109, setWindowRect: true, strictFileInteractability: false, timeouts: {implicit: 0, pageLoad: 300000, script: 30000}, unhandledPromptBehavior: dismiss and notify, webauthn:extension:credBlob: true, webauthn:extension:largeBlob: true, webauthn:extension:minPinLength: true, webauthn:extension:prf: true, webauthn:virtualAuthenticators: true}
Element: [[ChromeDriver: chrome on windows (377f7f7e36f85461fc98a54f2b153fec)] -> css selector: .CodeMirror textarea]
Session ID: 377f7f7e36f85461fc98a54f2b153fec
]]></failure>
    <system-out><![CDATA[
Scenario: Try Here Editor page with alert message                      &amp#27;[90m# src/test/resources/Features/Tree.feature:550&amp#27;[0m
[INFO ] 2024-12-09 22:03:50.111 [TestNG-PoolService-1] Hooks - ======================  New Test Execution is STARTED!! ======================
[INFO ] 2024-12-09 22:03:50.207 [TestNG-PoolService-3] Hooks - ======================  New Test Execution is STARTED!! ======================
[INFO ] 2024-12-09 22:03:51.279 [TestNG-PoolService-2] Hooks - ======================  New Test Execution is STARTED!! ======================
  &amp#27;[32mGiven &amp#27;[0m&amp#27;[32mThe user is on the DS Introduction page as signedIn&amp#27;[0m           &amp#27;[90m# StepDefinitions.DSIntroductionDetails.the_user_is_on_the_ds_introduction_page_as_signed_in()&amp#27;[0m
  &amp#27;[32mGiven &amp#27;[0m&amp#27;[32mThe user is on the DS Introduction page as signedIn&amp#27;[0m             &amp#27;[90m# StepDefinitions.DSIntroductionDetails.the_user_is_on_the_ds_introduction_page_as_signed_in()&amp#27;[0m
  &amp#27;[32mAnd &amp#27;[0m&amp#27;[32mUser clicks on Get Started button from Tree panel&amp#27;[0m               &amp#27;[90m# StepDefinitions.Tree.user_clicks_on_get_started_button_from_tree_panel()&amp#27;[0m
  &amp#27;[32mAnd &amp#27;[0m&amp#27;[32mUser clicks on Get Started button from Tree panel&amp#27;[0m                 &amp#27;[90m# StepDefinitions.Tree.user_clicks_on_get_started_button_from_tree_panel()&amp#27;[0m
  &amp#27;[32mGiven &amp#27;[0m&amp#27;[32mThe user is on the Implementation Of BST page&amp#27;[0m                   &amp#27;[90m# StepDefinitions.Tree.the_user_is_on_the_implementation_of_bst_page()&amp#27;[0m
  &amp#27;[32mGiven &amp#27;[0m&amp#27;[32mThe user is on the Implementation Of BST page&amp#27;[0m                 &amp#27;[90m# StepDefinitions.Tree.the_user_is_on_the_implementation_of_bst_page()&amp#27;[0m
  &amp#27;[32mAnd &amp#27;[0m&amp#27;[32mThe user clicks Try Here button&amp#27;[0m                                 &amp#27;[90m# StepDefinitions.Tree.the_user_clicks_try_here_button()&amp#27;[0m
  &amp#27;[32mAnd &amp#27;[0m&amp#27;[32mThe user clicks Try Here button&amp#27;[0m                                   &amp#27;[90m# StepDefinitions.Tree.the_user_clicks_try_here_button()&amp#27;[0m
  &amp#27;[31mWhen &amp#27;[0m&amp#27;[31mThe user writes the valid python code and clicks on Run button&amp#27;[0m &amp#27;[90m# StepDefinitions.Tree.the_user_writes_the_valid_python_code_and_clicks_on_run_button()&amp#27;[0m
      &amp#27;[31morg.openqa.selenium.ElementNotInteractableException: element not interactable
  (Session info: chrome=131.0.6778.109)
Build info: version: '4.26.0', revision: '8ccf0219d7'
System info: os.name: 'Windows 11', os.arch: 'amd64', os.version: '10.0', java.version: '21.0.5'
Driver info: org.openqa.selenium.chrome.ChromeDriver
Command: [377f7f7e36f85461fc98a54f2b153fec, sendKeysToElement {value=[Ljava.lang.CharSequence;@43c5cd5e, id=f.5A4EC35F503877947E404BA87705A2AF.d.4E74822286FE9EA9175726E773C64A5B.e.55}]
Capabilities {acceptInsecureCerts: false, browserName: chrome, browserVersion: 131.0.6778.109, chrome: {chromedriverVersion: 131.0.6778.87 (ce31cae94873..., userDataDir: C:\Users\vamsh\AppData\Loca...}, fedcm:accounts: true, goog:chromeOptions: {debuggerAddress: localhost:63614}, networkConnectionEnabled: false, pageLoadStrategy: normal, platformName: windows, proxy: Proxy(), se:cdp: ws://localhost:63614/devtoo..., se:cdpVersion: 131.0.6778.109, setWindowRect: true, strictFileInteractability: false, timeouts: {implicit: 0, pageLoad: 300000, script: 30000}, unhandledPromptBehavior: dismiss and notify, webauthn:extension:credBlob: true, webauthn:extension:largeBlob: true, webauthn:extension:minPinLength: true, webauthn:extension:prf: true, webauthn:virtualAuthenticators: true}
Element: [[ChromeDriver: chrome on windows (377f7f7e36f85461fc98a54f2b153fec)] -> css selector: .CodeMirror textarea]
Session ID: 377f7f7e36f85461fc98a54f2b153fec
	at java.base/jdk.internal.reflect.DirectConstructorHandleAccessor.newInstance(DirectConstructorHandleAccessor.java:62)
	at java.base/java.lang.reflect.Constructor.newInstanceWithCaller(Constructor.java:502)
	at java.base/java.lang.reflect.Constructor.newInstance(Constructor.java:486)
	at org.openqa.selenium.remote.ErrorCodec.decode(ErrorCodec.java:167)
	at org.openqa.selenium.remote.codec.w3c.W3CHttpResponseCodec.decode(W3CHttpResponseCodec.java:138)
	at org.openqa.selenium.remote.codec.w3c.W3CHttpResponseCodec.decode(W3CHttpResponseCodec.java:50)
	at org.openqa.selenium.remote.HttpCommandExecutor.execute(HttpCommandExecutor.java:190)
	at org.openqa.selenium.remote.service.DriverCommandExecutor.invokeExecute(DriverCommandExecutor.java:216)
	at org.openqa.selenium.remote.service.DriverCommandExecutor.execute(DriverCommandExecutor.java:174)
	at org.openqa.selenium.remote.RemoteWebDriver.execute(RemoteWebDriver.java:545)
	at org.openqa.selenium.remote.RemoteWebElement.execute(RemoteWebElement.java:223)
	at org.openqa.selenium.remote.RemoteWebElement.sendKeys(RemoteWebElement.java:110)
	at PageObjects.TreePage.writeInTryEditorWindow(TreePage.java:357)
	at StepDefinitions.Tree.the_user_writes_the_valid_python_code_and_clicks_on_run_button(Tree.java:85)
	at ✽.The user writes the valid python code and clicks on Run button(file:///C:/Projects/Repo1/src/test/resources/Features/Tree.feature:540)
&amp#27;[0m
  &amp#27;[36mThen &amp#27;[0m&amp#27;[36mThe user is able to see the output inside the console.&amp#27;[0m         &amp#27;[90m# StepDefinitions.Tree.the_user_is_able_to_see_the_output_inside_the_console()&amp#27;[0m
[ERROR] 2024-12-09 22:03:54.649 [TestNG-PoolService-1] Hooks - ======================  TEST CASE FAILED !! ======================
  &amp#27;[32mGiven &amp#27;[0m&amp#27;[32mThe user is on the DS Introduction page as signedIn&amp#27;[0m            &amp#27;[90m# StepDefinitions.DSIntroductionDetails.the_user_is_on_the_ds_introduction_page_as_signed_in()&amp#27;[0m

    Embedding screenshot [image/png 7853 bytes]

[INFO ] 2024-12-09 22:03:54.844 [TestNG-PoolService-1] Hooks - ======================  Screenshot is captured  ======================
[INFO ] 2024-12-09 22:03:54.848 [TestNG-PoolService-1] Hooks - ======================  Test Execution is completed!! ======================
  &amp#27;[32mWhen &amp#27;[0m&amp#27;[32mThe user writes the invalid python code and clicks on Run button&amp#27;[0m &amp#27;[90m# StepDefinitions.Tree.the_user_writes_the_invalid_python_code_and_clicks_on_run_button()&amp#27;[0m
  &amp#27;[32mThen &amp#27;[0m&amp#27;[32mThe user see error msg in alert window&amp#27;[0m                           &amp#27;[90m# StepDefinitions.Tree.the_user_see_error_msg_in_alert_window()&amp#27;[0m
[INFO ] 2024-12-09 22:03:54.888 [TestNG-PoolService-3] Hooks - ======================  Test Execution is completed!! ======================
  &amp#27;[32mAnd &amp#27;[0m&amp#27;[32mUser clicks on Get Started button from Tree panel&amp#27;[0m                &amp#27;[90m# StepDefinitions.Tree.user_clicks_on_get_started_button_from_tree_panel()&amp#27;[0m
]]></system-out>
    <system-err><![CDATA[Dec 09, 2024 10:03:49 PM org.openqa.selenium.devtools.CdpVersionFinder findNearestMatch
WARNING: Unable to find an exact match for CDP version 131, returning the closest version; found: 130; Please update to a Selenium version that supports CDP version 131
Dec 09, 2024 10:03:50 PM org.openqa.selenium.devtools.CdpVersionFinder findNearestMatch
WARNING: Unable to find an exact match for CDP version 131, returning the closest version; found: 130; Please update to a Selenium version that supports CDP version 131
Dec 09, 2024 10:03:51 PM org.openqa.selenium.devtools.CdpVersionFinder findNearestMatch
WARNING: Unable to find an exact match for CDP version 131, returning the closest version; found: 130; Please update to a Selenium version that supports CDP version 131
]]></system-err>
  </testcase>
  <testcase name="runScenario[&quot;Try Here Editor page with valid data&quot;, &quot;Tree&quot;](213)" classname="TestRunners.TestRunner" time="3.846">
    <failure message="element not interactable&#10;  (Session info: MicrosoftEdge=131.0.2903.86)&#10;Build info: version: &apos;4.26.0&apos;, revision: &apos;8ccf0219d7&apos;&#10;System info: os.name: &apos;Windows 11&apos;, os.arch: &apos;amd64&apos;, os.version: &apos;10.0&apos;, java.version: &apos;21.0.5&apos;&#10;Driver info: org.openqa.selenium.edge.EdgeDriver&#10;Command: [fe16cef69b69feebb4f3c3b0e8b8ac45, sendKeysToElement {value=[Ljava.lang.CharSequence;@64990511, id=f.148BFB4C63EECF9C76877DFF974C8616.d.1808CD22C302FA4CD46650D79E4B2143.e.39}]&#10;Capabilities {acceptInsecureCerts: false, browserName: MicrosoftEdge, browserVersion: 131.0.2903.86, fedcm:accounts: true, ms:edgeOptions: {debuggerAddress: localhost:53002}, msedge: {msedgedriverVersion: 131.0.2903.86 (cf5bf303997c..., userDataDir: C:\Users\vamsh\AppData\Loca...}, networkConnectionEnabled: false, pageLoadStrategy: normal, platformName: windows, proxy: Proxy(), se:cdp: ws://localhost:53002/devtoo..., se:cdpVersion: 131.0.2903.86, setWindowRect: true, strictFileInteractability: false, timeouts: {implicit: 0, pageLoad: 300000, script: 30000}, unhandledPromptBehavior: dismiss and notify, webauthn:extension:credBlob: true, webauthn:extension:largeBlob: true, webauthn:extension:minPinLength: true, webauthn:extension:prf: true, webauthn:virtualAuthenticators: true}&#10;Element: [[EdgeDriver: MicrosoftEdge on windows (fe16cef69b69feebb4f3c3b0e8b8ac45)] -&gt; css selector: .CodeMirror textarea]&#10;Session ID: fe16cef69b69feebb4f3c3b0e8b8ac45" type="org.openqa.selenium.ElementNotInteractableException"><![CDATA[org.openqa.selenium.ElementNotInteractableException: 
element not interactable
  (Session info: MicrosoftEdge=131.0.2903.86)
Build info: version: '4.26.0', revision: '8ccf0219d7'
System info: os.name: 'Windows 11', os.arch: 'amd64', os.version: '10.0', java.version: '21.0.5'
Driver info: org.openqa.selenium.edge.EdgeDriver
Command: [fe16cef69b69feebb4f3c3b0e8b8ac45, sendKeysToElement {value=[Ljava.lang.CharSequence;@64990511, id=f.148BFB4C63EECF9C76877DFF974C8616.d.1808CD22C302FA4CD46650D79E4B2143.e.39}]
Capabilities {acceptInsecureCerts: false, browserName: MicrosoftEdge, browserVersion: 131.0.2903.86, fedcm:accounts: true, ms:edgeOptions: {debuggerAddress: localhost:53002}, msedge: {msedgedriverVersion: 131.0.2903.86 (cf5bf303997c..., userDataDir: C:\Users\vamsh\AppData\Loca...}, networkConnectionEnabled: false, pageLoadStrategy: normal, platformName: windows, proxy: Proxy(), se:cdp: ws://localhost:53002/devtoo..., se:cdpVersion: 131.0.2903.86, setWindowRect: true, strictFileInteractability: false, timeouts: {implicit: 0, pageLoad: 300000, script: 30000}, unhandledPromptBehavior: dismiss and notify, webauthn:extension:credBlob: true, webauthn:extension:largeBlob: true, webauthn:extension:minPinLength: true, webauthn:extension:prf: true, webauthn:virtualAuthenticators: true}
Element: [[EdgeDriver: MicrosoftEdge on windows (fe16cef69b69feebb4f3c3b0e8b8ac45)] -> css selector: .CodeMirror textarea]
Session ID: fe16cef69b69feebb4f3c3b0e8b8ac45
]]></failure>
    <system-out><![CDATA[
Scenario: Try Here Editor page with alert message                      &amp#27;[90m# src/test/resources/Features/Tree.feature:550&amp#27;[0m
  &amp#27;[32mGiven &amp#27;[0m&amp#27;[32mThe user is on the DS Introduction page as signedIn&amp#27;[0m           &amp#27;[90m# StepDefinitions.DSIntroductionDetails.the_user_is_on_the_ds_introduction_page_as_signed_in()&amp#27;[0m
  &amp#27;[32mAnd &amp#27;[0m&amp#27;[32mUser clicks on Get Started button from Tree panel&amp#27;[0m               &amp#27;[90m# StepDefinitions.Tree.user_clicks_on_get_started_button_from_tree_panel()&amp#27;[0m
  &amp#27;[32mGiven &amp#27;[0m&amp#27;[32mThe user is on the DS Introduction page as signedIn&amp#27;[0m             &amp#27;[90m# StepDefinitions.DSIntroductionDetails.the_user_is_on_the_ds_introduction_page_as_signed_in()&amp#27;[0m
  &amp#27;[32mGiven &amp#27;[0m&amp#27;[32mThe user is on the Implementation Of BST page&amp#27;[0m                 &amp#27;[90m# StepDefinitions.Tree.the_user_is_on_the_implementation_of_bst_page()&amp#27;[0m
  &amp#27;[32mAnd &amp#27;[0m&amp#27;[32mUser clicks on Get Started button from Tree panel&amp#27;[0m                 &amp#27;[90m# StepDefinitions.Tree.user_clicks_on_get_started_button_from_tree_panel()&amp#27;[0m
  &amp#27;[32mGiven &amp#27;[0m&amp#27;[32mThe user is on the Implementation Of BST page&amp#27;[0m                   &amp#27;[90m# StepDefinitions.Tree.the_user_is_on_the_implementation_of_bst_page()&amp#27;[0m
  &amp#27;[32mAnd &amp#27;[0m&amp#27;[32mThe user clicks Try Here button&amp#27;[0m                                 &amp#27;[90m# StepDefinitions.Tree.the_user_clicks_try_here_button()&amp#27;[0m
  &amp#27;[31mWhen &amp#27;[0m&amp#27;[31mThe user writes the valid python code and clicks on Run button&amp#27;[0m &amp#27;[90m# StepDefinitions.Tree.the_user_writes_the_valid_python_code_and_clicks_on_run_button()&amp#27;[0m
      &amp#27;[31morg.openqa.selenium.ElementNotInteractableException: element not interactable
  (Session info: MicrosoftEdge=131.0.2903.86)
Build info: version: '4.26.0', revision: '8ccf0219d7'
System info: os.name: 'Windows 11', os.arch: 'amd64', os.version: '10.0', java.version: '21.0.5'
Driver info: org.openqa.selenium.edge.EdgeDriver
Command: [fe16cef69b69feebb4f3c3b0e8b8ac45, sendKeysToElement {value=[Ljava.lang.CharSequence;@64990511, id=f.148BFB4C63EECF9C76877DFF974C8616.d.1808CD22C302FA4CD46650D79E4B2143.e.39}]
Capabilities {acceptInsecureCerts: false, browserName: MicrosoftEdge, browserVersion: 131.0.2903.86, fedcm:accounts: true, ms:edgeOptions: {debuggerAddress: localhost:53002}, msedge: {msedgedriverVersion: 131.0.2903.86 (cf5bf303997c..., userDataDir: C:\Users\vamsh\AppData\Loca...}, networkConnectionEnabled: false, pageLoadStrategy: normal, platformName: windows, proxy: Proxy(), se:cdp: ws://localhost:53002/devtoo..., se:cdpVersion: 131.0.2903.86, setWindowRect: true, strictFileInteractability: false, timeouts: {implicit: 0, pageLoad: 300000, script: 30000}, unhandledPromptBehavior: dismiss and notify, webauthn:extension:credBlob: true, webauthn:extension:largeBlob: true, webauthn:extension:minPinLength: true, webauthn:extension:prf: true, webauthn:virtualAuthenticators: true}
Element: [[EdgeDriver: MicrosoftEdge on windows (fe16cef69b69feebb4f3c3b0e8b8ac45)] -> css selector: .CodeMirror textarea]
Session ID: fe16cef69b69feebb4f3c3b0e8b8ac45
	at java.base/jdk.internal.reflect.DirectConstructorHandleAccessor.newInstance(DirectConstructorHandleAccessor.java:62)
	at java.base/java.lang.reflect.Constructor.newInstanceWithCaller(Constructor.java:502)
	at java.base/java.lang.reflect.Constructor.newInstance(Constructor.java:486)
	at org.openqa.selenium.remote.ErrorCodec.decode(ErrorCodec.java:167)
	at org.openqa.selenium.remote.codec.w3c.W3CHttpResponseCodec.decode(W3CHttpResponseCodec.java:138)
	at org.openqa.selenium.remote.codec.w3c.W3CHttpResponseCodec.decode(W3CHttpResponseCodec.java:50)
	at org.openqa.selenium.remote.HttpCommandExecutor.execute(HttpCommandExecutor.java:190)
	at org.openqa.selenium.remote.service.DriverCommandExecutor.invokeExecute(DriverCommandExecutor.java:216)
	at org.openqa.selenium.remote.service.DriverCommandExecutor.execute(DriverCommandExecutor.java:174)
	at org.openqa.selenium.remote.RemoteWebDriver.execute(RemoteWebDriver.java:545)
	at org.openqa.selenium.remote.RemoteWebElement.execute(RemoteWebElement.java:223)
	at org.openqa.selenium.remote.RemoteWebElement.sendKeys(RemoteWebElement.java:110)
	at PageObjects.TreePage.writeInTryEditorWindow(TreePage.java:357)
	at StepDefinitions.Tree.the_user_writes_the_valid_python_code_and_clicks_on_run_button(Tree.java:85)
	at ✽.The user writes the valid python code and clicks on Run button(file:///C:/Projects/Repo1/src/test/resources/Features/Tree.feature:540)
&amp#27;[0m
  &amp#27;[36mThen &amp#27;[0m&amp#27;[36mThe user is able to see the output inside the console.&amp#27;[0m         &amp#27;[90m# StepDefinitions.Tree.the_user_is_able_to_see_the_output_inside_the_console()&amp#27;[0m
[ERROR] 2024-12-09 22:29:59.879 [TestNG-PoolService-1] Hooks - ======================  TEST CASE FAILED !! ======================
[INFO ] 2024-12-09 22:29:59.880 [TestNG-PoolService-3] Hooks - ======================  New Test Execution is STARTED!! ======================

    Embedding screenshot [image/png 7890 bytes]

[INFO ] 2024-12-09 22:30:00.143 [TestNG-PoolService-1] Hooks - ======================  Screenshot is captured  ======================
[INFO ] 2024-12-09 22:30:00.144 [TestNG-PoolService-1] Hooks - ======================  Test Execution is completed!! ======================
  &amp#27;[32mAnd &amp#27;[0m&amp#27;[32mThe user clicks Try Here button&amp#27;[0m                                   &amp#27;[90m# StepDefinitions.Tree.the_user_clicks_try_here_button()&amp#27;[0m
  &amp#27;[31mWhen &amp#27;[0m&amp#27;[31mThe user writes the invalid python code and clicks on Run button&amp#27;[0m &amp#27;[90m# StepDefinitions.Tree.the_user_writes_the_invalid_python_code_and_clicks_on_run_button()&amp#27;[0m
      &amp#27;[31morg.openqa.selenium.ElementNotInteractableException: element not interactable
  (Session info: MicrosoftEdge=131.0.2903.86)
Build info: version: '4.26.0', revision: '8ccf0219d7'
System info: os.name: 'Windows 11', os.arch: 'amd64', os.version: '10.0', java.version: '21.0.5'
Driver info: org.openqa.selenium.edge.EdgeDriver
Command: [b8af78d0fc2db74231461b1d19c7a6f5, sendKeysToElement {value=[Ljava.lang.CharSequence;@3c9b5eb1, id=f.0832E6A1B580E4FDFF7CAAC73819D842.d.75ADE7F8DE499DFE46C1EC7692FCBD1F.e.37}]
Capabilities {acceptInsecureCerts: false, browserName: MicrosoftEdge, browserVersion: 131.0.2903.86, fedcm:accounts: true, ms:edgeOptions: {debuggerAddress: localhost:53040}, msedge: {msedgedriverVersion: 131.0.2903.86 (cf5bf303997c..., userDataDir: C:\Users\vamsh\AppData\Loca...}, networkConnectionEnabled: false, pageLoadStrategy: normal, platformName: windows, proxy: Proxy(), se:cdp: ws://localhost:53040/devtoo..., se:cdpVersion: 131.0.2903.86, setWindowRect: true, strictFileInteractability: false, timeouts: {implicit: 0, pageLoad: 300000, script: 30000}, unhandledPromptBehavior: dismiss and notify, webauthn:extension:credBlob: true, webauthn:extension:largeBlob: true, webauthn:extension:minPinLength: true, webauthn:extension:prf: true, webauthn:virtualAuthenticators: true}
Element: [[EdgeDriver: MicrosoftEdge on windows (b8af78d0fc2db74231461b1d19c7a6f5)] -> css selector: .CodeMirror textarea]
Session ID: b8af78d0fc2db74231461b1d19c7a6f5
	at java.base/jdk.internal.reflect.DirectConstructorHandleAccessor.newInstance(DirectConstructorHandleAccessor.java:62)
	at java.base/java.lang.reflect.Constructor.newInstanceWithCaller(Constructor.java:502)
	at java.base/java.lang.reflect.Constructor.newInstance(Constructor.java:486)
	at org.openqa.selenium.remote.ErrorCodec.decode(ErrorCodec.java:167)
	at org.openqa.selenium.remote.codec.w3c.W3CHttpResponseCodec.decode(W3CHttpResponseCodec.java:138)
	at org.openqa.selenium.remote.codec.w3c.W3CHttpResponseCodec.decode(W3CHttpResponseCodec.java:50)
	at org.openqa.selenium.remote.HttpCommandExecutor.execute(HttpCommandExecutor.java:190)
	at org.openqa.selenium.remote.service.DriverCommandExecutor.invokeExecute(DriverCommandExecutor.java:216)
	at org.openqa.selenium.remote.service.DriverCommandExecutor.execute(DriverCommandExecutor.java:174)
	at org.openqa.selenium.remote.RemoteWebDriver.execute(RemoteWebDriver.java:545)
	at org.openqa.selenium.remote.RemoteWebElement.execute(RemoteWebElement.java:223)
	at org.openqa.selenium.remote.RemoteWebElement.sendKeys(RemoteWebElement.java:110)
	at PageObjects.TreePage.writeInTryEditorWindow(TreePage.java:357)
	at StepDefinitions.Tree.the_user_writes_the_invalid_python_code_and_clicks_on_run_button(Tree.java:96)
	at ✽.The user writes the invalid python code and clicks on Run button(file:///C:/Projects/Repo1/src/test/resources/Features/Tree.feature:547)
&amp#27;[0m
  &amp#27;[36mThen &amp#27;[0m&amp#27;[36mThe user see error msg in alert window&amp#27;[0m                           &amp#27;[90m# StepDefinitions.Tree.the_user_see_error_msg_in_alert_window()&amp#27;[0m
[ERROR] 2024-12-09 22:30:00.649 [TestNG-PoolService-2] Hooks - ======================  TEST CASE FAILED !! ======================

    Embedding screenshot [image/png 7890 bytes]

[INFO ] 2024-12-09 22:30:00.850 [TestNG-PoolService-2] Hooks - ======================  Screenshot is captured  ======================
[INFO ] 2024-12-09 22:30:00.852 [TestNG-PoolService-2] Hooks - ======================  Test Execution is completed!! ======================
]]></system-out>
    <system-err><![CDATA[Dec 09, 2024 10:29:59 PM org.openqa.selenium.devtools.CdpVersionFinder findNearestMatch
WARNING: Unable to find an exact match for CDP version 131, returning the closest version; found: 130; Please update to a Selenium version that supports CDP version 131
]]></system-err>
  </testcase>
  <testcase name="runScenario[&quot;Try Here Editor page with invalid data&quot;, &quot;Tree&quot;](214)" classname="TestRunners.TestRunner" time="0.095">
    <system-out><![CDATA[
Scenario: Implementation Of BST                             &amp#27;[90m# src/test/resources/Features/Tree.feature:558&amp#27;[0m
]]></system-out>
  </testcase>
  <testcase name="runScenario[&quot;Try Here Editor page with invalid data&quot;, &quot;Tree&quot;](214)" classname="TestRunners.TestRunner" time="0.714">
    <failure message="element not interactable&#10;  (Session info: MicrosoftEdge=131.0.2903.86)&#10;Build info: version: &apos;4.26.0&apos;, revision: &apos;8ccf0219d7&apos;&#10;System info: os.name: &apos;Windows 11&apos;, os.arch: &apos;amd64&apos;, os.version: &apos;10.0&apos;, java.version: &apos;21.0.5&apos;&#10;Driver info: org.openqa.selenium.edge.EdgeDriver&#10;Command: [b8af78d0fc2db74231461b1d19c7a6f5, sendKeysToElement {value=[Ljava.lang.CharSequence;@3c9b5eb1, id=f.0832E6A1B580E4FDFF7CAAC73819D842.d.75ADE7F8DE499DFE46C1EC7692FCBD1F.e.37}]&#10;Capabilities {acceptInsecureCerts: false, browserName: MicrosoftEdge, browserVersion: 131.0.2903.86, fedcm:accounts: true, ms:edgeOptions: {debuggerAddress: localhost:53040}, msedge: {msedgedriverVersion: 131.0.2903.86 (cf5bf303997c..., userDataDir: C:\Users\vamsh\AppData\Loca...}, networkConnectionEnabled: false, pageLoadStrategy: normal, platformName: windows, proxy: Proxy(), se:cdp: ws://localhost:53040/devtoo..., se:cdpVersion: 131.0.2903.86, setWindowRect: true, strictFileInteractability: false, timeouts: {implicit: 0, pageLoad: 300000, script: 30000}, unhandledPromptBehavior: dismiss and notify, webauthn:extension:credBlob: true, webauthn:extension:largeBlob: true, webauthn:extension:minPinLength: true, webauthn:extension:prf: true, webauthn:virtualAuthenticators: true}&#10;Element: [[EdgeDriver: MicrosoftEdge on windows (b8af78d0fc2db74231461b1d19c7a6f5)] -&gt; css selector: .CodeMirror textarea]&#10;Session ID: b8af78d0fc2db74231461b1d19c7a6f5" type="org.openqa.selenium.ElementNotInteractableException"><![CDATA[org.openqa.selenium.ElementNotInteractableException: 
element not interactable
  (Session info: MicrosoftEdge=131.0.2903.86)
Build info: version: '4.26.0', revision: '8ccf0219d7'
System info: os.name: 'Windows 11', os.arch: 'amd64', os.version: '10.0', java.version: '21.0.5'
Driver info: org.openqa.selenium.edge.EdgeDriver
Command: [b8af78d0fc2db74231461b1d19c7a6f5, sendKeysToElement {value=[Ljava.lang.CharSequence;@3c9b5eb1, id=f.0832E6A1B580E4FDFF7CAAC73819D842.d.75ADE7F8DE499DFE46C1EC7692FCBD1F.e.37}]
Capabilities {acceptInsecureCerts: false, browserName: MicrosoftEdge, browserVersion: 131.0.2903.86, fedcm:accounts: true, ms:edgeOptions: {debuggerAddress: localhost:53040}, msedge: {msedgedriverVersion: 131.0.2903.86 (cf5bf303997c..., userDataDir: C:\Users\vamsh\AppData\Loca...}, networkConnectionEnabled: false, pageLoadStrategy: normal, platformName: windows, proxy: Proxy(), se:cdp: ws://localhost:53040/devtoo..., se:cdpVersion: 131.0.2903.86, setWindowRect: true, strictFileInteractability: false, timeouts: {implicit: 0, pageLoad: 300000, script: 30000}, unhandledPromptBehavior: dismiss and notify, webauthn:extension:credBlob: true, webauthn:extension:largeBlob: true, webauthn:extension:minPinLength: true, webauthn:extension:prf: true, webauthn:virtualAuthenticators: true}
Element: [[EdgeDriver: MicrosoftEdge on windows (b8af78d0fc2db74231461b1d19c7a6f5)] -> css selector: .CodeMirror textarea]
Session ID: b8af78d0fc2db74231461b1d19c7a6f5
]]></failure>
    <system-out><![CDATA[
Scenario: Implementation Of BST                             &amp#27;[90m# src/test/resources/Features/Tree.feature:558&amp#27;[0m
]]></system-out>
  </testcase>
  <testcase name="runScenario[&quot;Try Here Editor page with alert message&quot;, &quot;Tree&quot;](215)" classname="TestRunners.TestRunner" time="1.542">
    <failure message="element not interactable&#10;  (Session info: chrome=131.0.6778.109)&#10;Build info: version: &apos;4.26.0&apos;, revision: &apos;8ccf0219d7&apos;&#10;System info: os.name: &apos;Windows 11&apos;, os.arch: &apos;amd64&apos;, os.version: &apos;10.0&apos;, java.version: &apos;21.0.5&apos;&#10;Driver info: org.openqa.selenium.chrome.ChromeDriver&#10;Command: [0543fa2b67e96d2508661f9a4a967230, sendKeysToElement {value=[Ljava.lang.CharSequence;@2e430948, id=f.AE022459DC135EDCC51CE3ADC9F85DAD.d.873BA1B2CBC860CDE823236B64687C33.e.51}]&#10;Capabilities {acceptInsecureCerts: false, browserName: chrome, browserVersion: 131.0.6778.109, chrome: {chromedriverVersion: 131.0.6778.87 (ce31cae94873..., userDataDir: C:\Users\vamsh\AppData\Loca...}, fedcm:accounts: true, goog:chromeOptions: {debuggerAddress: localhost:63636}, networkConnectionEnabled: false, pageLoadStrategy: normal, platformName: windows, proxy: Proxy(), se:cdp: ws://localhost:63636/devtoo..., se:cdpVersion: 131.0.6778.109, setWindowRect: true, strictFileInteractability: false, timeouts: {implicit: 0, pageLoad: 300000, script: 30000}, unhandledPromptBehavior: dismiss and notify, webauthn:extension:credBlob: true, webauthn:extension:largeBlob: true, webauthn:extension:minPinLength: true, webauthn:extension:prf: true, webauthn:virtualAuthenticators: true}&#10;Element: [[ChromeDriver: chrome on windows (0543fa2b67e96d2508661f9a4a967230)] -&gt; css selector: .CodeMirror textarea]&#10;Session ID: 0543fa2b67e96d2508661f9a4a967230" type="org.openqa.selenium.ElementNotInteractableException"><![CDATA[org.openqa.selenium.ElementNotInteractableException: 
element not interactable
  (Session info: chrome=131.0.6778.109)
Build info: version: '4.26.0', revision: '8ccf0219d7'
System info: os.name: 'Windows 11', os.arch: 'amd64', os.version: '10.0', java.version: '21.0.5'
Driver info: org.openqa.selenium.chrome.ChromeDriver
Command: [0543fa2b67e96d2508661f9a4a967230, sendKeysToElement {value=[Ljava.lang.CharSequence;@2e430948, id=f.AE022459DC135EDCC51CE3ADC9F85DAD.d.873BA1B2CBC860CDE823236B64687C33.e.51}]
Capabilities {acceptInsecureCerts: false, browserName: chrome, browserVersion: 131.0.6778.109, chrome: {chromedriverVersion: 131.0.6778.87 (ce31cae94873..., userDataDir: C:\Users\vamsh\AppData\Loca...}, fedcm:accounts: true, goog:chromeOptions: {debuggerAddress: localhost:63636}, networkConnectionEnabled: false, pageLoadStrategy: normal, platformName: windows, proxy: Proxy(), se:cdp: ws://localhost:63636/devtoo..., se:cdpVersion: 131.0.6778.109, setWindowRect: true, strictFileInteractability: false, timeouts: {implicit: 0, pageLoad: 300000, script: 30000}, unhandledPromptBehavior: dismiss and notify, webauthn:extension:credBlob: true, webauthn:extension:largeBlob: true, webauthn:extension:minPinLength: true, webauthn:extension:prf: true, webauthn:virtualAuthenticators: true}
Element: [[ChromeDriver: chrome on windows (0543fa2b67e96d2508661f9a4a967230)] -> css selector: .CodeMirror textarea]
Session ID: 0543fa2b67e96d2508661f9a4a967230
]]></failure>
    <system-out><![CDATA[  &amp#27;[32mGiven &amp#27;[0m&amp#27;[32mThe user is on the Implementation Of BST page&amp#27;[0m                  &amp#27;[90m# StepDefinitions.Tree.the_user_is_on_the_implementation_of_bst_page()&amp#27;[0m
  &amp#27;[32mAnd &amp#27;[0m&amp#27;[32mThe user clicks Try Here button&amp#27;[0m                                  &amp#27;[90m# StepDefinitions.Tree.the_user_clicks_try_here_button()&amp#27;[0m
  &amp#27;[31mAnd &amp#27;[0m&amp#27;[31mThe user writes the invalid python code and clicks on Run button&amp#27;[0m &amp#27;[90m# StepDefinitions.Tree.the_user_writes_the_invalid_python_code_and_clicks_on_run_button()&amp#27;[0m
      &amp#27;[31morg.openqa.selenium.ElementNotInteractableException: element not interactable
  (Session info: chrome=131.0.6778.109)
Build info: version: '4.26.0', revision: '8ccf0219d7'
System info: os.name: 'Windows 11', os.arch: 'amd64', os.version: '10.0', java.version: '21.0.5'
Driver info: org.openqa.selenium.chrome.ChromeDriver
Command: [0543fa2b67e96d2508661f9a4a967230, sendKeysToElement {value=[Ljava.lang.CharSequence;@2e430948, id=f.AE022459DC135EDCC51CE3ADC9F85DAD.d.873BA1B2CBC860CDE823236B64687C33.e.51}]
Capabilities {acceptInsecureCerts: false, browserName: chrome, browserVersion: 131.0.6778.109, chrome: {chromedriverVersion: 131.0.6778.87 (ce31cae94873..., userDataDir: C:\Users\vamsh\AppData\Loca...}, fedcm:accounts: true, goog:chromeOptions: {debuggerAddress: localhost:63636}, networkConnectionEnabled: false, pageLoadStrategy: normal, platformName: windows, proxy: Proxy(), se:cdp: ws://localhost:63636/devtoo..., se:cdpVersion: 131.0.6778.109, setWindowRect: true, strictFileInteractability: false, timeouts: {implicit: 0, pageLoad: 300000, script: 30000}, unhandledPromptBehavior: dismiss and notify, webauthn:extension:credBlob: true, webauthn:extension:largeBlob: true, webauthn:extension:minPinLength: true, webauthn:extension:prf: true, webauthn:virtualAuthenticators: true}
Element: [[ChromeDriver: chrome on windows (0543fa2b67e96d2508661f9a4a967230)] -> css selector: .CodeMirror textarea]
Session ID: 0543fa2b67e96d2508661f9a4a967230
	at java.base/jdk.internal.reflect.DirectConstructorHandleAccessor.newInstance(DirectConstructorHandleAccessor.java:62)
	at java.base/java.lang.reflect.Constructor.newInstanceWithCaller(Constructor.java:502)
	at java.base/java.lang.reflect.Constructor.newInstance(Constructor.java:486)
	at org.openqa.selenium.remote.ErrorCodec.decode(ErrorCodec.java:167)
	at org.openqa.selenium.remote.codec.w3c.W3CHttpResponseCodec.decode(W3CHttpResponseCodec.java:138)
	at org.openqa.selenium.remote.codec.w3c.W3CHttpResponseCodec.decode(W3CHttpResponseCodec.java:50)
	at org.openqa.selenium.remote.HttpCommandExecutor.execute(HttpCommandExecutor.java:190)
	at org.openqa.selenium.remote.service.DriverCommandExecutor.invokeExecute(DriverCommandExecutor.java:216)
	at org.openqa.selenium.remote.service.DriverCommandExecutor.execute(DriverCommandExecutor.java:174)
	at org.openqa.selenium.remote.RemoteWebDriver.execute(RemoteWebDriver.java:545)
	at org.openqa.selenium.remote.RemoteWebElement.execute(RemoteWebElement.java:223)
	at org.openqa.selenium.remote.RemoteWebElement.sendKeys(RemoteWebElement.java:110)
	at PageObjects.TreePage.writeInTryEditorWindow(TreePage.java:357)
	at StepDefinitions.Tree.the_user_writes_the_invalid_python_code_and_clicks_on_run_button(Tree.java:96)
	at ✽.The user writes the invalid python code and clicks on Run button(file:///C:/Projects/Repo1/src/test/resources/Features/Tree.feature:554)
&amp#27;[0m
  &amp#27;[36mWhen &amp#27;[0m&amp#27;[36mThe user clicks the ok button in the alert window&amp#27;[0m               &amp#27;[90m# StepDefinitions.Tree.the_user_clicks_the_ok_button_in_the_alert_window()&amp#27;[0m
  &amp#27;[36mThen &amp#27;[0m&amp#27;[36mAlert message window is dismissed and user stays on Editor page&amp#27;[0m &amp#27;[90m# StepDefinitions.Tree.Alert_message_window_is_dismissed_and_user_stays_on_Editor_page()&amp#27;[0m
[ERROR] 2024-12-09 22:03:56.275 [TestNG-PoolService-2] Hooks - ======================  TEST CASE FAILED !! ======================

    Embedding screenshot [image/png 7853 bytes]

[INFO ] 2024-12-09 22:03:56.438 [TestNG-PoolService-2] Hooks - ======================  Screenshot is captured  ======================
[INFO ] 2024-12-09 22:03:56.440 [TestNG-PoolService-2] Hooks - ======================  Test Execution is completed!! ======================
]]></system-out>
    <system-err><![CDATA[Dec 09, 2024 10:03:56 PM org.openqa.selenium.devtools.CdpVersionFinder findNearestMatch
WARNING: Unable to find an exact match for CDP version 131, returning the closest version; found: 130; Please update to a Selenium version that supports CDP version 131
]]></system-err>
  </testcase>
  <testcase name="runScenario[&quot;Try Here Editor page with alert message&quot;, &quot;Tree&quot;](215)" classname="TestRunners.TestRunner" time="5.263">
    <failure message="element not interactable&#10;  (Session info: MicrosoftEdge=131.0.2903.86)&#10;Build info: version: &apos;4.26.0&apos;, revision: &apos;8ccf0219d7&apos;&#10;System info: os.name: &apos;Windows 11&apos;, os.arch: &apos;amd64&apos;, os.version: &apos;10.0&apos;, java.version: &apos;21.0.5&apos;&#10;Driver info: org.openqa.selenium.edge.EdgeDriver&#10;Command: [be5fe45bda40b6917fc66879df740aa1, sendKeysToElement {value=[Ljava.lang.CharSequence;@3c85731a, id=f.AFC66536F2E75CB7E6372C5707195486.d.2CA2C9BE8A6F348567C732C447629058.e.37}]&#10;Capabilities {acceptInsecureCerts: false, browserName: MicrosoftEdge, browserVersion: 131.0.2903.86, fedcm:accounts: true, ms:edgeOptions: {debuggerAddress: localhost:53127}, msedge: {msedgedriverVersion: 131.0.2903.86 (cf5bf303997c..., userDataDir: C:\Users\vamsh\AppData\Loca...}, networkConnectionEnabled: false, pageLoadStrategy: normal, platformName: windows, proxy: Proxy(), se:cdp: ws://localhost:53127/devtoo..., se:cdpVersion: 131.0.2903.86, setWindowRect: true, strictFileInteractability: false, timeouts: {implicit: 0, pageLoad: 300000, script: 30000}, unhandledPromptBehavior: dismiss and notify, webauthn:extension:credBlob: true, webauthn:extension:largeBlob: true, webauthn:extension:minPinLength: true, webauthn:extension:prf: true, webauthn:virtualAuthenticators: true}&#10;Element: [[EdgeDriver: MicrosoftEdge on windows (be5fe45bda40b6917fc66879df740aa1)] -&gt; css selector: .CodeMirror textarea]&#10;Session ID: be5fe45bda40b6917fc66879df740aa1" type="org.openqa.selenium.ElementNotInteractableException"><![CDATA[org.openqa.selenium.ElementNotInteractableException: 
element not interactable
  (Session info: MicrosoftEdge=131.0.2903.86)
Build info: version: '4.26.0', revision: '8ccf0219d7'
System info: os.name: 'Windows 11', os.arch: 'amd64', os.version: '10.0', java.version: '21.0.5'
Driver info: org.openqa.selenium.edge.EdgeDriver
Command: [be5fe45bda40b6917fc66879df740aa1, sendKeysToElement {value=[Ljava.lang.CharSequence;@3c85731a, id=f.AFC66536F2E75CB7E6372C5707195486.d.2CA2C9BE8A6F348567C732C447629058.e.37}]
Capabilities {acceptInsecureCerts: false, browserName: MicrosoftEdge, browserVersion: 131.0.2903.86, fedcm:accounts: true, ms:edgeOptions: {debuggerAddress: localhost:53127}, msedge: {msedgedriverVersion: 131.0.2903.86 (cf5bf303997c..., userDataDir: C:\Users\vamsh\AppData\Loca...}, networkConnectionEnabled: false, pageLoadStrategy: normal, platformName: windows, proxy: Proxy(), se:cdp: ws://localhost:53127/devtoo..., se:cdpVersion: 131.0.2903.86, setWindowRect: true, strictFileInteractability: false, timeouts: {implicit: 0, pageLoad: 300000, script: 30000}, unhandledPromptBehavior: dismiss and notify, webauthn:extension:credBlob: true, webauthn:extension:largeBlob: true, webauthn:extension:minPinLength: true, webauthn:extension:prf: true, webauthn:virtualAuthenticators: true}
Element: [[EdgeDriver: MicrosoftEdge on windows (be5fe45bda40b6917fc66879df740aa1)] -> css selector: .CodeMirror textarea]
Session ID: be5fe45bda40b6917fc66879df740aa1
]]></failure>
    <system-out><![CDATA[  &amp#27;[32mGiven &amp#27;[0m&amp#27;[32mThe user is on the DS Introduction page as signedIn&amp#27;[0m            &amp#27;[90m# StepDefinitions.DSIntroductionDetails.the_user_is_on_the_ds_introduction_page_as_signed_in()&amp#27;[0m
  &amp#27;[32mAnd &amp#27;[0m&amp#27;[32mUser clicks on Get Started button from Tree panel&amp#27;[0m                &amp#27;[90m# StepDefinitions.Tree.user_clicks_on_get_started_button_from_tree_panel()&amp#27;[0m
  &amp#27;[32mGiven &amp#27;[0m&amp#27;[32mThe user is on the Implementation Of BST page&amp#27;[0m                  &amp#27;[90m# StepDefinitions.Tree.the_user_is_on_the_implementation_of_bst_page()&amp#27;[0m
  &amp#27;[32mAnd &amp#27;[0m&amp#27;[32mThe user clicks Try Here button&amp#27;[0m                                  &amp#27;[90m# StepDefinitions.Tree.the_user_clicks_try_here_button()&amp#27;[0m
  &amp#27;[31mAnd &amp#27;[0m&amp#27;[31mThe user writes the invalid python code and clicks on Run button&amp#27;[0m &amp#27;[90m# StepDefinitions.Tree.the_user_writes_the_invalid_python_code_and_clicks_on_run_button()&amp#27;[0m
      &amp#27;[31morg.openqa.selenium.ElementNotInteractableException: element not interactable
  (Session info: MicrosoftEdge=131.0.2903.86)
Build info: version: '4.26.0', revision: '8ccf0219d7'
System info: os.name: 'Windows 11', os.arch: 'amd64', os.version: '10.0', java.version: '21.0.5'
Driver info: org.openqa.selenium.edge.EdgeDriver
Command: [be5fe45bda40b6917fc66879df740aa1, sendKeysToElement {value=[Ljava.lang.CharSequence;@3c85731a, id=f.AFC66536F2E75CB7E6372C5707195486.d.2CA2C9BE8A6F348567C732C447629058.e.37}]
Capabilities {acceptInsecureCerts: false, browserName: MicrosoftEdge, browserVersion: 131.0.2903.86, fedcm:accounts: true, ms:edgeOptions: {debuggerAddress: localhost:53127}, msedge: {msedgedriverVersion: 131.0.2903.86 (cf5bf303997c..., userDataDir: C:\Users\vamsh\AppData\Loca...}, networkConnectionEnabled: false, pageLoadStrategy: normal, platformName: windows, proxy: Proxy(), se:cdp: ws://localhost:53127/devtoo..., se:cdpVersion: 131.0.2903.86, setWindowRect: true, strictFileInteractability: false, timeouts: {implicit: 0, pageLoad: 300000, script: 30000}, unhandledPromptBehavior: dismiss and notify, webauthn:extension:credBlob: true, webauthn:extension:largeBlob: true, webauthn:extension:minPinLength: true, webauthn:extension:prf: true, webauthn:virtualAuthenticators: true}
Element: [[EdgeDriver: MicrosoftEdge on windows (be5fe45bda40b6917fc66879df740aa1)] -> css selector: .CodeMirror textarea]
Session ID: be5fe45bda40b6917fc66879df740aa1
	at java.base/jdk.internal.reflect.DirectConstructorHandleAccessor.newInstance(DirectConstructorHandleAccessor.java:62)
	at java.base/java.lang.reflect.Constructor.newInstanceWithCaller(Constructor.java:502)
	at java.base/java.lang.reflect.Constructor.newInstance(Constructor.java:486)
	at org.openqa.selenium.remote.ErrorCodec.decode(ErrorCodec.java:167)
	at org.openqa.selenium.remote.codec.w3c.W3CHttpResponseCodec.decode(W3CHttpResponseCodec.java:138)
	at org.openqa.selenium.remote.codec.w3c.W3CHttpResponseCodec.decode(W3CHttpResponseCodec.java:50)
	at org.openqa.selenium.remote.HttpCommandExecutor.execute(HttpCommandExecutor.java:190)
	at org.openqa.selenium.remote.service.DriverCommandExecutor.invokeExecute(DriverCommandExecutor.java:216)
	at org.openqa.selenium.remote.service.DriverCommandExecutor.execute(DriverCommandExecutor.java:174)
	at org.openqa.selenium.remote.RemoteWebDriver.execute(RemoteWebDriver.java:545)
	at org.openqa.selenium.remote.RemoteWebElement.execute(RemoteWebElement.java:223)
	at org.openqa.selenium.remote.RemoteWebElement.sendKeys(RemoteWebElement.java:110)
	at PageObjects.TreePage.writeInTryEditorWindow(TreePage.java:357)
	at StepDefinitions.Tree.the_user_writes_the_invalid_python_code_and_clicks_on_run_button(Tree.java:96)
	at ✽.The user writes the invalid python code and clicks on Run button(file:///C:/Projects/Repo1/src/test/resources/Features/Tree.feature:554)
&amp#27;[0m
  &amp#27;[36mWhen &amp#27;[0m&amp#27;[36mThe user clicks the ok button in the alert window&amp#27;[0m               &amp#27;[90m# StepDefinitions.Tree.the_user_clicks_the_ok_button_in_the_alert_window()&amp#27;[0m
  &amp#27;[36mThen &amp#27;[0m&amp#27;[36mAlert message window is dismissed and user stays on Editor page&amp#27;[0m &amp#27;[90m# StepDefinitions.Tree.Alert_message_window_is_dismissed_and_user_stays_on_Editor_page()&amp#27;[0m
[ERROR] 2024-12-09 22:30:05.097 [TestNG-PoolService-3] Hooks - ======================  TEST CASE FAILED !! ======================
[INFO ] 2024-12-09 22:30:05.251 [TestNG-PoolService-1] Hooks - ======================  New Test Execution is STARTED!! ======================

    Embedding screenshot [image/png 7890 bytes]

[INFO ] 2024-12-09 22:30:05.349 [TestNG-PoolService-3] Hooks - ======================  Screenshot is captured  ======================
[INFO ] 2024-12-09 22:30:05.350 [TestNG-PoolService-3] Hooks - ======================  Test Execution is completed!! ======================
]]></system-out>
    <system-err><![CDATA[Dec 09, 2024 10:30:05 PM org.openqa.selenium.devtools.CdpVersionFinder findNearestMatch
WARNING: Unable to find an exact match for CDP version 131, returning the closest version; found: 130; Please update to a Selenium version that supports CDP version 131
]]></system-err>
  </testcase>
  <testcase name="runScenario[&quot;Implementation Of BST&quot;, &quot;Tree&quot;](216)" classname="TestRunners.TestRunner" time="5.733">
    <system-out><![CDATA[[INFO ] 2024-12-09 22:03:57.855 [TestNG-PoolService-1] Hooks - ======================  New Test Execution is STARTED!! ======================
  &amp#27;[32mGiven &amp#27;[0m&amp#27;[32mThe user is on the DS Introduction page as signedIn&amp#27;[0m &amp#27;[90m# StepDefinitions.DSIntroductionDetails.the_user_is_on_the_ds_introduction_page_as_signed_in()&amp#27;[0m
  &amp#27;[32mAnd &amp#27;[0m&amp#27;[32mUser clicks on Get Started button from Tree panel&amp#27;[0m     &amp#27;[90m# StepDefinitions.Tree.user_clicks_on_get_started_button_from_tree_panel()&amp#27;[0m
  &amp#27;[32mGiven &amp#27;[0m&amp#27;[32mThe user is on the Implementation Of BST page&amp#27;[0m       &amp#27;[90m# StepDefinitions.Tree.the_user_is_on_the_implementation_of_bst_page()&amp#27;[0m
  &amp#27;[32mWhen &amp#27;[0m&amp#27;[32mThe user clicks Practice Questions link&amp#27;[0m              &amp#27;[90m# StepDefinitions.Tree.the_user_clicks_practice_questions_link()&amp#27;[0m
  &amp#27;[32mThen &amp#27;[0m&amp#27;[32mThe user is redirected to Practice Questions page.&amp#27;[0m   &amp#27;[90m# StepDefinitions.Tree.the_user_is_redirected_to_practice_questions_page()&amp#27;[0m
[INFO ] 2024-12-09 22:04:00.727 [TestNG-PoolService-1] Hooks - ======================  Test Execution is completed!! ======================
]]></system-out>
  </testcase>
  <testcase name="runScenario[&quot;Implementation Of BST&quot;, &quot;Tree&quot;](216)" classname="TestRunners.TestRunner" time="9.793">
    <system-out><![CDATA[  &amp#27;[32mGiven &amp#27;[0m&amp#27;[32mThe user is on the DS Introduction page as signedIn&amp#27;[0m &amp#27;[90m# StepDefinitions.DSIntroductionDetails.the_user_is_on_the_ds_introduction_page_as_signed_in()&amp#27;[0m
  &amp#27;[32mAnd &amp#27;[0m&amp#27;[32mUser clicks on Get Started button from Tree panel&amp#27;[0m     &amp#27;[90m# StepDefinitions.Tree.user_clicks_on_get_started_button_from_tree_panel()&amp#27;[0m
  &amp#27;[32mGiven &amp#27;[0m&amp#27;[32mThe user is on the Implementation Of BST page&amp#27;[0m       &amp#27;[90m# StepDefinitions.Tree.the_user_is_on_the_implementation_of_bst_page()&amp#27;[0m
  &amp#27;[32mWhen &amp#27;[0m&amp#27;[32mThe user clicks Practice Questions link&amp#27;[0m              &amp#27;[90m# StepDefinitions.Tree.the_user_clicks_practice_questions_link()&amp#27;[0m
  &amp#27;[32mThen &amp#27;[0m&amp#27;[32mThe user is redirected to Practice Questions page.&amp#27;[0m   &amp#27;[90m# StepDefinitions.Tree.the_user_is_redirected_to_practice_questions_page()&amp#27;[0m
[INFO ] 2024-12-09 22:30:10.192 [TestNG-PoolService-1] Hooks - ======================  Test Execution is completed!! ======================
]]></system-out>
  </testcase>
  <testcase name="runScenario[&quot;No error message displayed for empty code on try editor for array in python&quot;, &quot;Array detail page&quot;](5)" classname="TestRunners.TestRunner" time="0.328">
    <system-out><![CDATA[
Scenario: Validate user can navigate to Arrays using list   &amp#27;[90m# src/test/resources/Features/ArrayDetailsPage.feature:40&amp#27;[0m
]]></system-out>
  </testcase>
  <testcase name="runScenario[&quot;Valid code on try editor for arrays in python runs successfully&quot;, &quot;Array detail page&quot;](6)" classname="TestRunners.TestRunner" time="0.043">
    <system-out><![CDATA[
Scenario: Validate user can Try here link page from Array using list &amp#27;[90m# src/test/resources/Features/ArrayDetailsPage.feature:45&amp#27;[0m
]]></system-out>
  </testcase>
  <testcase name="runScenario[&quot;Validate user can navigate to basic opertaions in lists&quot;, &quot;Array detail page&quot;](10)" classname="TestRunners.TestRunner" time="10.699">
    <system-out><![CDATA[
Scenario: Validate user can navigate to basic opertaions in lists &amp#27;[90m# src/test/resources/Features/ArrayDetailsPage.feature:70&amp#27;[0m
[INFO ] 2024-12-09 22:05:11.187 [TestNG-PoolService-1] Hooks - ======================  New Test Execution is STARTED!! ======================
[INFO ] 2024-12-09 22:05:12.801 [TestNG-PoolService-3] Hooks - ======================  New Test Execution is STARTED!! ======================
[INFO ] 2024-12-09 22:05:13.269 [TestNG-PoolService-2] Hooks - ======================  New Test Execution is STARTED!! ======================
  &amp#27;[32mGiven &amp#27;[0m&amp#27;[32mThe user is on the DS Introduction page as signedIn&amp#27;[0m                            &amp#27;[90m# StepDefinitions.DSIntroductionDetails.the_user_is_on_the_ds_introduction_page_as_signed_in()&amp#27;[0m
  &amp#27;[32mAnd &amp#27;[0m&amp#27;[32mThe user clicks on Get Started link for array&amp#27;[0m                                    &amp#27;[90m# StepDefinitions.ArrayStepDefintions.the_user_clicks_on_get_started_link_for_array()&amp#27;[0m
  &amp#27;[32mGiven &amp#27;[0m&amp#27;[32mThe user is on the Array using list&amp#27;[0m                                            &amp#27;[90m# StepDefinitions.ArrayStepDefintions.the_user_is_on_the_array_using_list()&amp#27;[0m
  &amp#27;[32mGiven &amp#27;[0m&amp#27;[32mThe user is on the DS Introduction page as signedIn&amp#27;[0m               &amp#27;[90m# StepDefinitions.DSIntroductionDetails.the_user_is_on_the_ds_introduction_page_as_signed_in()&amp#27;[0m
  &amp#27;[32mGiven &amp#27;[0m&amp#27;[32mThe user is on the DS Introduction page as signedIn&amp#27;[0m       &amp#27;[90m# StepDefinitions.DSIntroductionDetails.the_user_is_on_the_ds_introduction_page_as_signed_in()&amp#27;[0m
  &amp#27;[32mAnd &amp#27;[0m&amp#27;[32mThe user clicks on Get Started link for array&amp#27;[0m                       &amp#27;[90m# StepDefinitions.ArrayStepDefintions.the_user_clicks_on_get_started_link_for_array()&amp#27;[0m
  &amp#27;[32mAnd &amp#27;[0m&amp#27;[32mThe user clicks on Get Started link for array&amp#27;[0m               &amp#27;[90m# StepDefinitions.ArrayStepDefintions.the_user_clicks_on_get_started_link_for_array()&amp#27;[0m
  &amp#27;[32mGiven &amp#27;[0m&amp#27;[32mThe user is on the array details page&amp#27;[0m                     &amp#27;[90m# StepDefinitions.ArrayStepDefintions.the_user_is_on_the_array_details_page()&amp#27;[0m
  &amp#27;[32mWhen &amp#27;[0m&amp#27;[32mUser clicks Try here link&amp#27;[0m                                                       &amp#27;[90m# StepDefinitions.DSIntroductionDetails.user_clicks_try_here_link()&amp#27;[0m
  &amp#27;[32mWhen &amp#27;[0m&amp#27;[32mThe user click on basic operations in lists&amp#27;[0m                &amp#27;[90m# StepDefinitions.ArrayStepDefintions.the_user_click_on_basic_operations_in_lists()&amp#27;[0m
  &amp#27;[32mThen &amp#27;[0m&amp#27;[32mthe user is navigated to basic opertaions in lists&amp#27;[0m         &amp#27;[90m# StepDefinitions.ArrayStepDefintions.the_user_is_navigated_to_basic_opertaions_in_lists()&amp#27;[0m
[INFO ] 2024-12-09 22:05:16.517 [TestNG-PoolService-2] Hooks - ======================  Test Execution is completed!! ======================
  &amp#27;[32mGiven &amp#27;[0m&amp#27;[32mThe user is on the Array using list&amp#27;[0m                               &amp#27;[90m# StepDefinitions.ArrayStepDefintions.the_user_is_on_the_array_using_list()&amp#27;[0m
  &amp#27;[32mWhen &amp#27;[0m&amp#27;[32mClick the Run button&amp#27;[0m                                                            &amp#27;[90m# StepDefinitions.DSIntroductionDetails.click_the_run_button()&amp#27;[0m
  &amp#27;[32mThen &amp#27;[0m&amp#27;[32mThe user should not see any error message or alert&amp#27;[0m                              &amp#27;[90m# StepDefinitions.DSIntroductionDetails.the_user_should_not_see_any_error_message_or_alert()&amp#27;[0m
[INFO ] 2024-12-09 22:05:16.736 [TestNG-PoolService-1] Hooks - ======================  Test Execution is completed!! ======================
  &amp#27;[32mWhen &amp#27;[0m&amp#27;[32mUser clicks Try here link&amp#27;[0m                                          &amp#27;[90m# StepDefinitions.DSIntroductionDetails.user_clicks_try_here_link()&amp#27;[0m
  &amp#27;[32mWhen &amp#27;[0m&amp#27;[32mThe user write the valid code in Editor&amp#27;[0m                            &amp#27;[90m# StepDefinitions.DSIntroductionDetails.the_user_write_the_valid_code_in_editor()&amp#27;[0m
  &amp#27;[32mAnd &amp#27;[0m&amp#27;[32mClick the Run button&amp#27;[0m                                                &amp#27;[90m# StepDefinitions.DSIntroductionDetails.click_the_run_button()&amp#27;[0m
  &amp#27;[32mThen &amp#27;[0m&amp#27;[32mThe user should able to see output in the console&amp#27;[0m                  &amp#27;[90m# StepDefinitions.DSIntroductionDetails.the_user_should_able_to_see_output_in_the_console()&amp#27;[0m
[INFO ] 2024-12-09 22:05:18.070 [TestNG-PoolService-3] Hooks - ======================  Test Execution is completed!! ======================
]]></system-out>
  </testcase>
  <testcase name="runScenario[&quot;No error message displayed for empty code on try editor for Array using list&quot;, &quot;Array detail page&quot;](11)" classname="TestRunners.TestRunner" time="0.067">
    <system-out><![CDATA[
Scenario: Validate user can Try here link page from Basic operations in lists &amp#27;[90m# src/test/resources/Features/ArrayDetailsPage.feature:75&amp#27;[0m
]]></system-out>
  </testcase>
  <testcase name="runScenario[&quot;No error message displayed for empty code on try editor for basic operations in lists&quot;, &quot;Array detail page&quot;](14)" classname="TestRunners.TestRunner" time="0.604">
    <system-out><![CDATA[
Scenario: Valid code on try editor for basic operations in lists runs successfully &amp#27;[90m# src/test/resources/Features/ArrayDetailsPage.feature:93&amp#27;[0m
]]></system-out>
  </testcase>
  <testcase name="runScenario[&quot;Error message displayed for invalid code on try Editor for Basic operations in lists&quot;, &quot;Array detail page&quot;](15)" classname="TestRunners.TestRunner" time="0.299">
    <system-out><![CDATA[
Scenario: Validate user can navigate to applications of array &amp#27;[90m# src/test/resources/Features/ArrayDetailsPage.feature:100&amp#27;[0m
]]></system-out>
  </testcase>
  <testcase name="runScenario[&quot;Error message displayed for invalid code on try Editor for applications of array&quot;, &quot;Array detail page&quot;](19)" classname="TestRunners.TestRunner" time="11.619">
    <system-out><![CDATA[
Scenario: Valid code on try editor for applications of array runs successfully &amp#27;[90m# src/test/resources/Features/ArrayDetailsPage.feature:123&amp#27;[0m
[INFO ] 2024-12-09 22:05:46.899 [TestNG-PoolService-3] Hooks - ======================  New Test Execution is STARTED!! ======================
[INFO ] 2024-12-09 22:05:48.109 [TestNG-PoolService-1] Hooks - ======================  New Test Execution is STARTED!! ======================
[INFO ] 2024-12-09 22:05:49.036 [TestNG-PoolService-2] Hooks - ======================  New Test Execution is STARTED!! ======================
  &amp#27;[32mGiven &amp#27;[0m&amp#27;[32mThe user is on the DS Introduction page as signedIn&amp#27;[0m                                &amp#27;[90m# StepDefinitions.DSIntroductionDetails.the_user_is_on_the_ds_introduction_page_as_signed_in()&amp#27;[0m
  &amp#27;[32mAnd &amp#27;[0m&amp#27;[32mThe user clicks on Get Started link for array&amp#27;[0m                                        &amp#27;[90m# StepDefinitions.ArrayStepDefintions.the_user_clicks_on_get_started_link_for_array()&amp#27;[0m
  &amp#27;[32mGiven &amp#27;[0m&amp#27;[32mThe user is on the applications of array&amp#27;[0m                                           &amp#27;[90m# StepDefinitions.ArrayStepDefintions.the_user_is_on_the_applications_of_array()&amp#27;[0m
  &amp#27;[32mGiven &amp#27;[0m&amp#27;[32mThe user is on the DS Introduction page as signedIn&amp#27;[0m                    &amp#27;[90m# StepDefinitions.DSIntroductionDetails.the_user_is_on_the_ds_introduction_page_as_signed_in()&amp#27;[0m
  &amp#27;[32mGiven &amp#27;[0m&amp#27;[32mThe user is on the DS Introduction page as signedIn&amp#27;[0m                                 &amp#27;[90m# StepDefinitions.DSIntroductionDetails.the_user_is_on_the_ds_introduction_page_as_signed_in()&amp#27;[0m
  &amp#27;[32mAnd &amp#27;[0m&amp#27;[32mThe user clicks on Get Started link for array&amp#27;[0m                            &amp#27;[90m# StepDefinitions.ArrayStepDefintions.the_user_clicks_on_get_started_link_for_array()&amp#27;[0m
  &amp#27;[32mAnd &amp#27;[0m&amp#27;[32mThe user clicks on Get Started link for array&amp#27;[0m                                         &amp#27;[90m# StepDefinitions.ArrayStepDefintions.the_user_clicks_on_get_started_link_for_array()&amp#27;[0m
  &amp#27;[32mGiven &amp#27;[0m&amp#27;[32mThe user is on the applications of array&amp#27;[0m                                            &amp#27;[90m# StepDefinitions.ArrayStepDefintions.the_user_is_on_the_applications_of_array()&amp#27;[0m
  &amp#27;[32mGiven &amp#27;[0m&amp#27;[32mThe user is on the applications of array&amp#27;[0m                               &amp#27;[90m# StepDefinitions.ArrayStepDefintions.the_user_is_on_the_applications_of_array()&amp#27;[0m
  &amp#27;[32mAnd &amp#27;[0m&amp#27;[32mUser clicks Try here link&amp#27;[0m                                                            &amp#27;[90m# StepDefinitions.DSIntroductionDetails.user_clicks_try_here_link()&amp#27;[0m
  &amp#27;[32mWhen &amp#27;[0m&amp#27;[32mThe user write the invalid code in Editor&amp#27;[0m                                           &amp#27;[90m# StepDefinitions.DSIntroductionDetails.the_user_write_the_invalid_code_in_editor()&amp#27;[0m
  &amp#27;[32mAnd &amp#27;[0m&amp#27;[32mClick the Run button&amp#27;[0m                                                                 &amp#27;[90m# StepDefinitions.DSIntroductionDetails.click_the_run_button()&amp#27;[0m
  &amp#27;[32mThen &amp#27;[0m&amp#27;[32mThe user should able to see an error message in alert window&amp#27;[0m                        &amp#27;[90m# StepDefinitions.DSIntroductionDetails.the_user_should_able_to_see_an_error_message_in_alert_window()&amp#27;[0m
[INFO ] 2024-12-09 22:05:52.555 [TestNG-PoolService-3] Hooks - ======================  Test Execution is completed!! ======================
  &amp#27;[32mAnd &amp#27;[0m&amp#27;[32mUser clicks Try here link&amp#27;[0m                                                             &amp#27;[90m# StepDefinitions.DSIntroductionDetails.user_clicks_try_here_link()&amp#27;[0m
  &amp#27;[32mAnd &amp#27;[0m&amp#27;[32mUser clicks Try here link&amp#27;[0m                                                &amp#27;[90m# StepDefinitions.DSIntroductionDetails.user_clicks_try_here_link()&amp#27;[0m
  &amp#27;[32mWhen &amp#27;[0m&amp#27;[32mClick the Run button&amp#27;[0m                                                                 &amp#27;[90m# StepDefinitions.DSIntroductionDetails.click_the_run_button()&amp#27;[0m
  &amp#27;[32mThen &amp#27;[0m&amp#27;[32mThe user should not see any error message or alert&amp#27;[0m                                   &amp#27;[90m# StepDefinitions.DSIntroductionDetails.the_user_should_not_see_any_error_message_or_alert()&amp#27;[0m
[INFO ] 2024-12-09 22:05:53.230 [TestNG-PoolService-2] Hooks - ======================  Test Execution is completed!! ======================
  &amp#27;[32mWhen &amp#27;[0m&amp#27;[32mThe user write the valid code in Editor&amp#27;[0m                                 &amp#27;[90m# StepDefinitions.DSIntroductionDetails.the_user_write_the_valid_code_in_editor()&amp#27;[0m
  &amp#27;[32mAnd &amp#27;[0m&amp#27;[32mClick the Run button&amp#27;[0m                                                     &amp#27;[90m# StepDefinitions.DSIntroductionDetails.click_the_run_button()&amp#27;[0m
  &amp#27;[32mThen &amp#27;[0m&amp#27;[32mThe user should able to see output in the console&amp#27;[0m                       &amp#27;[90m# StepDefinitions.DSIntroductionDetails.the_user_should_able_to_see_output_in_the_console()&amp#27;[0m
[INFO ] 2024-12-09 22:05:53.555 [TestNG-PoolService-1] Hooks - ======================  Test Execution is completed!! ======================
]]></system-out>
  </testcase>
  <testcase name="runScenario[&quot;Error message displayed for invalid code on try Editor for applications of array&quot;, &quot;Array detail page&quot;](19)" classname="TestRunners.TestRunner" time="0.708">
    <failure message="element not interactable&#10;  (Session info: MicrosoftEdge=131.0.2903.86)&#10;Build info: version: &apos;4.26.0&apos;, revision: &apos;8ccf0219d7&apos;&#10;System info: os.name: &apos;Windows 11&apos;, os.arch: &apos;amd64&apos;, os.version: &apos;10.0&apos;, java.version: &apos;21.0.5&apos;&#10;Driver info: org.openqa.selenium.edge.EdgeDriver&#10;Command: [6593a320fde5a0679bc88c7038eb9448, sendKeysToElement {value=[Ljava.lang.CharSequence;@403b0123, id=f.F06E552FEE0A4C3F5C5D01DF5C6B362C.d.532560DF827B7EAFA3AE0BA94F31D1F3.e.39}]&#10;Capabilities {acceptInsecureCerts: false, browserName: MicrosoftEdge, browserVersion: 131.0.2903.86, fedcm:accounts: true, ms:edgeOptions: {debuggerAddress: localhost:59506}, msedge: {msedgedriverVersion: 131.0.2903.86 (cf5bf303997c..., userDataDir: C:\Users\vamsh\AppData\Loca...}, networkConnectionEnabled: false, pageLoadStrategy: normal, platformName: windows, proxy: Proxy(), se:cdp: ws://localhost:59506/devtoo..., se:cdpVersion: 131.0.2903.86, setWindowRect: true, strictFileInteractability: false, timeouts: {implicit: 0, pageLoad: 300000, script: 30000}, unhandledPromptBehavior: dismiss and notify, webauthn:extension:credBlob: true, webauthn:extension:largeBlob: true, webauthn:extension:minPinLength: true, webauthn:extension:prf: true, webauthn:virtualAuthenticators: true}&#10;Element: [[EdgeDriver: MicrosoftEdge on windows (6593a320fde5a0679bc88c7038eb9448)] -&gt; css selector: .CodeMirror textarea]&#10;Session ID: 6593a320fde5a0679bc88c7038eb9448" type="org.openqa.selenium.ElementNotInteractableException"><![CDATA[org.openqa.selenium.ElementNotInteractableException: 
element not interactable
  (Session info: MicrosoftEdge=131.0.2903.86)
Build info: version: '4.26.0', revision: '8ccf0219d7'
System info: os.name: 'Windows 11', os.arch: 'amd64', os.version: '10.0', java.version: '21.0.5'
Driver info: org.openqa.selenium.edge.EdgeDriver
Command: [6593a320fde5a0679bc88c7038eb9448, sendKeysToElement {value=[Ljava.lang.CharSequence;@403b0123, id=f.F06E552FEE0A4C3F5C5D01DF5C6B362C.d.532560DF827B7EAFA3AE0BA94F31D1F3.e.39}]
Capabilities {acceptInsecureCerts: false, browserName: MicrosoftEdge, browserVersion: 131.0.2903.86, fedcm:accounts: true, ms:edgeOptions: {debuggerAddress: localhost:59506}, msedge: {msedgedriverVersion: 131.0.2903.86 (cf5bf303997c..., userDataDir: C:\Users\vamsh\AppData\Loca...}, networkConnectionEnabled: false, pageLoadStrategy: normal, platformName: windows, proxy: Proxy(), se:cdp: ws://localhost:59506/devtoo..., se:cdpVersion: 131.0.2903.86, setWindowRect: true, strictFileInteractability: false, timeouts: {implicit: 0, pageLoad: 300000, script: 30000}, unhandledPromptBehavior: dismiss and notify, webauthn:extension:credBlob: true, webauthn:extension:largeBlob: true, webauthn:extension:minPinLength: true, webauthn:extension:prf: true, webauthn:virtualAuthenticators: true}
Element: [[EdgeDriver: MicrosoftEdge on windows (6593a320fde5a0679bc88c7038eb9448)] -> css selector: .CodeMirror textarea]
Session ID: 6593a320fde5a0679bc88c7038eb9448
]]></failure>
    <system-out><![CDATA[
Scenario: Valid code on try editor for applications of array runs successfully &amp#27;[90m# src/test/resources/Features/ArrayDetailsPage.feature:123&amp#27;[0m
]]></system-out>
  </testcase>
  <testcase name="runScenario[&quot;No error message displayed for empty code on try editor for applications of array&quot;, &quot;Array detail page&quot;](20)" classname="TestRunners.TestRunner" time="0.285">
    <system-out><![CDATA[
Scenario: validate user can click on practicequestions      &amp#27;[90m# src/test/resources/Features/ArrayDetailsPage.feature:130&amp#27;[0m
]]></system-out>
  </testcase>
  <testcase name="runScenario[&quot;No error message displayed for empty code on try editor for applications of array&quot;, &quot;Array detail page&quot;](20)" classname="TestRunners.TestRunner" time="2.701">
    <system-out><![CDATA[
Scenario: validate user can click on practicequestions      &amp#27;[90m# src/test/resources/Features/ArrayDetailsPage.feature:130&amp#27;[0m
  &amp#27;[32mGiven &amp#27;[0m&amp#27;[32mThe user is on the DS Introduction page as signedIn&amp#27;[0m                                 &amp#27;[90m# StepDefinitions.DSIntroductionDetails.the_user_is_on_the_ds_introduction_page_as_signed_in()&amp#27;[0m
  &amp#27;[32mAnd &amp#27;[0m&amp#27;[32mThe user clicks on Get Started link for array&amp#27;[0m                                         &amp#27;[90m# StepDefinitions.ArrayStepDefintions.the_user_clicks_on_get_started_link_for_array()&amp#27;[0m
  &amp#27;[32mGiven &amp#27;[0m&amp#27;[32mThe user is on the applications of array&amp#27;[0m                                            &amp#27;[90m# StepDefinitions.ArrayStepDefintions.the_user_is_on_the_applications_of_array()&amp#27;[0m
  &amp#27;[32mAnd &amp#27;[0m&amp#27;[32mUser clicks Try here link&amp#27;[0m                                                             &amp#27;[90m# StepDefinitions.DSIntroductionDetails.user_clicks_try_here_link()&amp#27;[0m
  &amp#27;[32mWhen &amp#27;[0m&amp#27;[32mClick the Run button&amp#27;[0m                                                                 &amp#27;[90m# StepDefinitions.DSIntroductionDetails.click_the_run_button()&amp#27;[0m
  &amp#27;[32mThen &amp#27;[0m&amp#27;[32mThe user should not see any error message or alert&amp#27;[0m                                   &amp#27;[90m# StepDefinitions.DSIntroductionDetails.the_user_should_not_see_any_error_message_or_alert()&amp#27;[0m
[INFO ] 2024-12-09 22:20:03.878 [TestNG-PoolService-3] Hooks - ======================  Test Execution is completed!! ======================
[INFO ] 2024-12-09 22:20:04.736 [TestNG-PoolService-2] Hooks - ======================  New Test Execution is STARTED!! ======================
]]></system-out>
    <system-err><![CDATA[Dec 09, 2024 10:20:04 PM org.openqa.selenium.devtools.CdpVersionFinder findNearestMatch
WARNING: Unable to find an exact match for CDP version 131, returning the closest version; found: 130; Please update to a Selenium version that supports CDP version 131
]]></system-err>
  </testcase>
  <testcase name="runScenario[&quot;Verify warning message when user navigate to DS details page without signIn&quot;, &quot;DS Introduction Page&quot;](23)" classname="TestRunners.TestRunner" time="0.165">
    <system-out><![CDATA[
Scenario: Validate user lands on register page when clicked on register      &amp#27;[90m# src/test/resources/Features/DSIntroductionPage.feature:15&amp#27;[0m
]]></system-out>
  </testcase>
  <testcase name="runScenario[&quot;validate user can click on practicequestions&quot;, &quot;Array detail page&quot;](24)" classname="TestRunners.TestRunner" time="0.303">
    <system-out><![CDATA[
Scenario: Clicking on get started for data structers lands on Data Structers details page &amp#27;[90m# src/test/resources/Features/DSIntroductionPage.feature:21&amp#27;[0m
]]></system-out>
  </testcase>
  <testcase name="runScenario[&quot;No error message displayed for empty code on try editor for Time Complexity&quot;, &quot;DS Introduction Page&quot;](29)" classname="TestRunners.TestRunner" time="1.151">
    <system-out><![CDATA[
Scenario: Valid code on try editor for Time Complexity runs successfully &amp#27;[90m# src/test/resources/Features/DSIntroductionPage.feature:60&amp#27;[0m
  &amp#27;[32mAnd &amp#27;[0m&amp#27;[32mUser clicks Try here link&amp#27;[0m                                                      &amp#27;[90m# StepDefinitions.DSIntroductionDetails.user_clicks_try_here_link()&amp#27;[0m
  &amp#27;[32mAnd &amp#27;[0m&amp#27;[32mUser is on Try Here page for time complexity&amp#27;[0m                                   &amp#27;[90m# StepDefinitions.DSIntroductionDetails.user_is_on_try_here_page_for_time_complexity()&amp#27;[0m
  &amp#27;[32mWhen &amp#27;[0m&amp#27;[32mThe user write the invalid code in Editor&amp#27;[0m                                     &amp#27;[90m# StepDefinitions.DSIntroductionDetails.the_user_write_the_invalid_code_in_editor()&amp#27;[0m
  &amp#27;[32mAnd &amp#27;[0m&amp#27;[32mClick the Run button&amp#27;[0m                                                           &amp#27;[90m# StepDefinitions.DSIntroductionDetails.click_the_run_button()&amp#27;[0m
  &amp#27;[32mThen &amp#27;[0m&amp#27;[32mThe user should able to see an error message in alert window&amp#27;[0m                  &amp#27;[90m# StepDefinitions.DSIntroductionDetails.the_user_should_able_to_see_an_error_message_in_alert_window()&amp#27;[0m
[INFO ] 2024-12-09 22:06:25.551 [TestNG-PoolService-1] Hooks - ======================  Test Execution is completed!! ======================
]]></system-out>
  </testcase>
  <testcase name="runScenario[&quot;Error message displayed for invalid code on try editor for Time Complexity&quot;, &quot;DS Introduction Page&quot;](30)" classname="TestRunners.TestRunner" time="0.786">
    <system-out><![CDATA[
Scenario: Validate user navigated to graph details page when clicked on get started &amp#27;[90m# src/test/resources/Features/GraphHomepage.feature:8&amp#27;[0m
]]></system-out>
  </testcase>
  <testcase name="runScenario[&quot;Validate user navigated to graph details page when clicked on get started&quot;, &quot;Title of your feature&quot;](31)" classname="TestRunners.TestRunner" time="9.429">
    <system-out><![CDATA[
Scenario: Validate user can navigate to Graph in Graph page    &amp#27;[90m# src/test/resources/Features/GraphHomepage.feature:11&amp#27;[0m
[INFO ] 2024-12-09 22:06:30.382 [TestNG-PoolService-2] Hooks - ======================  New Test Execution is STARTED!! ======================
[INFO ] 2024-12-09 22:06:32.146 [TestNG-PoolService-3] Hooks - ======================  New Test Execution is STARTED!! ======================
[INFO ] 2024-12-09 22:06:32.455 [TestNG-PoolService-1] Hooks - ======================  New Test Execution is STARTED!! ======================
  &amp#27;[32mGiven &amp#27;[0m&amp#27;[32mThe user is on the DS Introduction page as signedIn&amp#27;[0m              &amp#27;[90m# StepDefinitions.DSIntroductionDetails.the_user_is_on_the_ds_introduction_page_as_signed_in()&amp#27;[0m
  &amp#27;[32mAnd &amp#27;[0m&amp#27;[32mThe user clicks the Get Started button of DS Introduction&amp#27;[0m          &amp#27;[90m# StepDefinitions.DSIntroductionDetails.the_user_clicks_the_get_started_button_of_ds_introduction()&amp#27;[0m
  &amp#27;[32mAnd &amp#27;[0m&amp#27;[32mThe user clicks the Time Complexity button&amp#27;[0m                         &amp#27;[90m# StepDefinitions.DSIntroductionDetails.the_user_clicks_the_time_complexity_button()&amp#27;[0m
  &amp#27;[32mGiven &amp#27;[0m&amp#27;[32mThe user is on the DS Introduction page as signedIn&amp#27;[0m                         &amp#27;[90m# StepDefinitions.DSIntroductionDetails.the_user_is_on_the_ds_introduction_page_as_signed_in()&amp#27;[0m
  &amp#27;[32mGiven &amp#27;[0m&amp#27;[32mThe user is on the DS Introduction page as signedIn&amp#27;[0m    &amp#27;[90m# StepDefinitions.DSIntroductionDetails.the_user_is_on_the_ds_introduction_page_as_signed_in()&amp#27;[0m
  &amp#27;[32mAnd &amp#27;[0m&amp#27;[32mThe user clicks on Get Started link for graph&amp#27;[0m                                 &amp#27;[90m# StepDefinitions.GraphStepDefintions.the_user_clicks_on_get_started_link_for_graph()&amp#27;[0m
  &amp#27;[32mAnd &amp#27;[0m&amp#27;[32mThe user clicks on Get Started link for graph&amp#27;[0m            &amp#27;[90m# StepDefinitions.GraphStepDefintions.the_user_clicks_on_get_started_link_for_graph()&amp#27;[0m
  &amp#27;[32mGiven &amp#27;[0m&amp#27;[32mThe user is on the graph details page&amp#27;[0m                  &amp#27;[90m# StepDefinitions.GraphStepDefintions.the_user_is_on_the_graph_details_page()&amp#27;[0m
  &amp#27;[32mThen &amp#27;[0m&amp#27;[32mThe user is on the graph details page&amp#27;[0m                                        &amp#27;[90m# StepDefinitions.GraphStepDefintions.the_user_is_on_the_graph_details_page()&amp#27;[0m
[INFO ] 2024-12-09 22:06:35.277 [TestNG-PoolService-3] Hooks - ======================  Test Execution is completed!! ======================
  &amp#27;[32mAnd &amp#27;[0m&amp#27;[32mUser clicks Try here link&amp#27;[0m                                          &amp#27;[90m# StepDefinitions.DSIntroductionDetails.user_clicks_try_here_link()&amp#27;[0m
  &amp#27;[32mWhen &amp#27;[0m&amp#27;[32mThe user click on graph link in graph details page&amp#27;[0m      &amp#27;[90m# StepDefinitions.GraphStepDefintions.the_user_click_on_graph_link_in_graph_details_page()&amp#27;[0m
  &amp#27;[32mAnd &amp#27;[0m&amp#27;[32mUser is on Try Here page for time complexity&amp#27;[0m                       &amp#27;[90m# StepDefinitions.DSIntroductionDetails.user_is_on_try_here_page_for_time_complexity()&amp#27;[0m
  &amp#27;[32mThen &amp#27;[0m&amp#27;[32mthe user is navigated to graph page under graph details&amp#27;[0m &amp#27;[90m# StepDefinitions.GraphStepDefintions.the_user_is_navigated_to_graph_page_under_graph_details()&amp#27;[0m
[INFO ] 2024-12-09 22:06:35.660 [TestNG-PoolService-1] Hooks - ======================  Test Execution is completed!! ======================
  &amp#27;[32mWhen &amp#27;[0m&amp#27;[32mThe user write the valid code in Editor&amp#27;[0m                           &amp#27;[90m# StepDefinitions.DSIntroductionDetails.the_user_write_the_valid_code_in_editor()&amp#27;[0m
  &amp#27;[32mAnd &amp#27;[0m&amp#27;[32mClick the Run button&amp#27;[0m                                               &amp#27;[90m# StepDefinitions.DSIntroductionDetails.click_the_run_button()&amp#27;[0m
  &amp#27;[32mThen &amp#27;[0m&amp#27;[32mThe user should able to see output in the console&amp#27;[0m                 &amp#27;[90m# StepDefinitions.DSIntroductionDetails.the_user_should_able_to_see_output_in_the_console()&amp#27;[0m
[INFO ] 2024-12-09 22:06:36.081 [TestNG-PoolService-2] Hooks - ======================  Test Execution is completed!! ======================
]]></system-out>
  </testcase>
  <testcase name="runScenario[&quot;Validate user navigated to graph details page when clicked on get started&quot;, &quot;Title of your feature&quot;](31)" classname="TestRunners.TestRunner" time="6.208">
    <system-out><![CDATA[
Scenario: Validate user can navigate to Graph in Graph page    &amp#27;[90m# src/test/resources/Features/GraphHomepage.feature:11&amp#27;[0m
[INFO ] 2024-12-09 22:20:32.238 [TestNG-PoolService-2] Hooks - ======================  New Test Execution is STARTED!! ======================
[INFO ] 2024-12-09 22:20:32.398 [TestNG-PoolService-1] Hooks - ======================  New Test Execution is STARTED!! ======================
[INFO ] 2024-12-09 22:20:34.610 [TestNG-PoolService-3] Hooks - ======================  New Test Execution is STARTED!! ======================
  &amp#27;[32mGiven &amp#27;[0m&amp#27;[32mThe user is on the DS Introduction page as signedIn&amp#27;[0m                         &amp#27;[90m# StepDefinitions.DSIntroductionDetails.the_user_is_on_the_ds_introduction_page_as_signed_in()&amp#27;[0m
  &amp#27;[32mGiven &amp#27;[0m&amp#27;[32mThe user is on the DS Introduction page as signedIn&amp#27;[0m              &amp#27;[90m# StepDefinitions.DSIntroductionDetails.the_user_is_on_the_ds_introduction_page_as_signed_in()&amp#27;[0m
  &amp#27;[32mAnd &amp#27;[0m&amp#27;[32mThe user clicks on Get Started link for graph&amp#27;[0m                                 &amp#27;[90m# StepDefinitions.GraphStepDefintions.the_user_clicks_on_get_started_link_for_graph()&amp#27;[0m
  &amp#27;[32mThen &amp#27;[0m&amp#27;[32mThe user is on the graph details page&amp#27;[0m                                        &amp#27;[90m# StepDefinitions.GraphStepDefintions.the_user_is_on_the_graph_details_page()&amp#27;[0m
[INFO ] 2024-12-09 22:20:36.002 [TestNG-PoolService-2] Hooks - ======================  Test Execution is completed!! ======================
  &amp#27;[32mAnd &amp#27;[0m&amp#27;[32mThe user clicks the Get Started button of DS Introduction&amp#27;[0m          &amp#27;[90m# StepDefinitions.DSIntroductionDetails.the_user_clicks_the_get_started_button_of_ds_introduction()&amp#27;[0m
  &amp#27;[32mAnd &amp#27;[0m&amp#27;[32mThe user clicks the Time Complexity button&amp#27;[0m                         &amp#27;[90m# StepDefinitions.DSIntroductionDetails.the_user_clicks_the_time_complexity_button()&amp#27;[0m
]]></system-out>
    <system-err><![CDATA[Dec 09, 2024 10:20:31 PM org.openqa.selenium.devtools.CdpVersionFinder findNearestMatch
WARNING: Unable to find an exact match for CDP version 131, returning the closest version; found: 130; Please update to a Selenium version that supports CDP version 131
Dec 09, 2024 10:20:32 PM org.openqa.selenium.devtools.CdpVersionFinder findNearestMatch
WARNING: Unable to find an exact match for CDP version 131, returning the closest version; found: 130; Please update to a Selenium version that supports CDP version 131
Dec 09, 2024 10:20:34 PM org.openqa.selenium.devtools.CdpVersionFinder findNearestMatch
WARNING: Unable to find an exact match for CDP version 131, returning the closest version; found: 130; Please update to a Selenium version that supports CDP version 131
]]></system-err>
  </testcase>
  <testcase name="runScenario[&quot;Validate user can navigate to Graph in Graph page&quot;, &quot;Title of your feature&quot;](32)" classname="TestRunners.TestRunner" time="0.689">
    <system-out><![CDATA[
Scenario: Validate user can Try here link page from graphs  &amp#27;[90m# src/test/resources/Features/GraphHomepage.feature:16&amp#27;[0m
]]></system-out>
  </testcase>
  <testcase name="runScenario[&quot;Valid code on try editor for Time Complexity runs successfully&quot;, &quot;DS Introduction Page&quot;](33)" classname="TestRunners.TestRunner" time="0.347">
    <system-out><![CDATA[
Scenario: Error message displayed for invalid code on try Editor for graphs page &amp#27;[90m# src/test/resources/Features/GraphHomepage.feature:21&amp#27;[0m
]]></system-out>
  </testcase>
  <testcase name="runScenario[&quot;No error message displayed for empty code on try editor for graphs page&quot;, &quot;Title of your feature&quot;](35)" classname="TestRunners.TestRunner" time="0.811">
    <system-out><![CDATA[
Scenario: Valid code on try editor for graphs runs successfully &amp#27;[90m# src/test/resources/Features/GraphHomepage.feature:34&amp#27;[0m
]]></system-out>
  </testcase>
  <testcase name="runScenario[&quot;Error message displayed for invalid code on try Editor for graphs page&quot;, &quot;Title of your feature&quot;](36)" classname="TestRunners.TestRunner" time="0.351">
    <system-out><![CDATA[
Scenario: Validate user can navigate to Graph Representations page &amp#27;[90m# src/test/resources/Features/GraphHomepage.feature:41&amp#27;[0m
]]></system-out>
  </testcase>
  <testcase name="runScenario[&quot;Validate user can click on Try here link from graph representations page&quot;, &quot;Title of your feature&quot;](38)" classname="TestRunners.TestRunner" time="0.66">
    <system-out><![CDATA[
Scenario: Error message displayed for invalid code on try Editor for graph representations page &amp#27;[90m# src/test/resources/Features/GraphHomepage.feature:51&amp#27;[0m
]]></system-out>
  </testcase>
  <testcase name="runScenario[&quot;Valid code on try editor for graphs runs successfully&quot;, &quot;Title of your feature&quot;](39)" classname="TestRunners.TestRunner" time="0.166">
    <system-out><![CDATA[
Scenario: No error message displayed for empty code on try editor for graph representations page &amp#27;[90m# src/test/resources/Features/GraphHomepage.feature:58&amp#27;[0m
]]></system-out>
  </testcase>
  <testcase name="runScenario[&quot;Valid code on try editor for graph representations runs successfully&quot;, &quot;Title of your feature&quot;](41)" classname="TestRunners.TestRunner" time="0.535">
    <system-out><![CDATA[
Scenario: Validate user lands on default home page                                                    &amp#27;[90m# src/test/resources/Features/HomePage.feature:3&amp#27;[0m
]]></system-out>
  </testcase>
  <testcase name="runScenario[&quot;No error message displayed for empty code on try editor for graph representations page&quot;, &quot;Title of your feature&quot;](42)" classname="TestRunners.TestRunner" time="0.406">
    <system-out><![CDATA[
Scenario: Validate user navigate to DS Intro Page                                               &amp#27;[90m# src/test/resources/Features/HomePage.feature:7&amp#27;[0m
]]></system-out>
  </testcase>
  <testcase name="runScenario[&quot;LL_Try Here Editor page with invalid data&quot;, &quot;Linked List&quot;](50)" classname="TestRunners.TestRunner" time="0.215">
    <system-out><![CDATA[
Scenario: Linked List home page                                &amp#27;[90m# src/test/resources/Features/LinkedList.feature:41&amp#27;[0m
]]></system-out>
  </testcase>
  <testcase name="runScenario[&quot;LL_Try Here Editor page with valid data&quot;, &quot;Linked List&quot;](51)" classname="TestRunners.TestRunner" time="0.479">
    <system-out><![CDATA[
Scenario: Creating Linked LIst                                       &amp#27;[90m# src/test/resources/Features/LinkedList.feature:46&amp#27;[0m
]]></system-out>
  </testcase>
  <testcase name="runScenario[&quot;LL_Try Here Editor page with empty data&quot;, &quot;Linked List&quot;](53)" classname="TestRunners.TestRunner" time="1.07">
    <system-out><![CDATA[
Scenario: LL_Try Here Editor page with valid data                     &amp#27;[90m# src/test/resources/Features/LinkedList.feature:57&amp#27;[0m
]]></system-out>
  </testcase>
  <testcase name="runScenario[&quot;Creating Linked LIst&quot;, &quot;Linked List&quot;](54)" classname="TestRunners.TestRunner" time="0.198">
    <system-out><![CDATA[
Scenario: LL_Try Here Editor page with invalid data                     &amp#27;[90m# src/test/resources/Features/LinkedList.feature:63&amp#27;[0m
]]></system-out>
  </testcase>
  <testcase name="runScenario[&quot;Linked List home page&quot;, &quot;Linked List&quot;](55)" classname="TestRunners.TestRunner" time="10.55">
    <system-out><![CDATA[
Scenario: Linked List home page                                &amp#27;[90m# src/test/resources/Features/LinkedList.feature:69&amp#27;[0m
[INFO ] 2024-12-09 22:08:01.727 [TestNG-PoolService-2] Hooks - ======================  New Test Execution is STARTED!! ======================
[INFO ] 2024-12-09 22:08:03.535 [TestNG-PoolService-3] Hooks - ======================  New Test Execution is STARTED!! ======================
[INFO ] 2024-12-09 22:08:03.915 [TestNG-PoolService-1] Hooks - ======================  New Test Execution is STARTED!! ======================
  &amp#27;[32mGiven &amp#27;[0m&amp#27;[32mThe user is on the DS Introduction page as signedIn&amp#27;[0m           &amp#27;[90m# StepDefinitions.DSIntroductionDetails.the_user_is_on_the_ds_introduction_page_as_signed_in()&amp#27;[0m
  &amp#27;[32mAnd &amp#27;[0m&amp#27;[32mUser clicks on Get Started button from Linked List panel&amp#27;[0m        &amp#27;[90m# StepDefinitions.LinkedList.user_clicks_on_get_started_button_from_linked_list_panel()&amp#27;[0m
  &amp#27;[32mGiven &amp#27;[0m&amp#27;[32mThe user is on the Creating Linked LIst page&amp#27;[0m                  &amp#27;[90m# StepDefinitions.LinkedList.the_user_is_on_the_creating_linked_l_ist_page()&amp#27;[0m
  &amp#27;[32mGiven &amp#27;[0m&amp#27;[32mThe user is on the DS Introduction page as signedIn&amp#27;[0m    &amp#27;[90m# StepDefinitions.DSIntroductionDetails.the_user_is_on_the_ds_introduction_page_as_signed_in()&amp#27;[0m
  &amp#27;[32mGiven &amp#27;[0m&amp#27;[32mThe user is on the DS Introduction page as signedIn&amp#27;[0m             &amp#27;[90m# StepDefinitions.DSIntroductionDetails.the_user_is_on_the_ds_introduction_page_as_signed_in()&amp#27;[0m
  &amp#27;[32mAnd &amp#27;[0m&amp#27;[32mUser clicks on Get Started button from Linked List panel&amp#27;[0m &amp#27;[90m# StepDefinitions.LinkedList.user_clicks_on_get_started_button_from_linked_list_panel()&amp#27;[0m
  &amp#27;[32mGiven &amp#27;[0m&amp#27;[32mThe user is on the Creating Linked LIst page&amp#27;[0m           &amp#27;[90m# StepDefinitions.LinkedList.the_user_is_on_the_creating_linked_l_ist_page()&amp#27;[0m
  &amp#27;[32mAnd &amp#27;[0m&amp#27;[32mUser clicks on Get Started button from Linked List panel&amp#27;[0m          &amp#27;[90m# StepDefinitions.LinkedList.user_clicks_on_get_started_button_from_linked_list_panel()&amp#27;[0m
  &amp#27;[32mWhen &amp#27;[0m&amp#27;[32mThe user clicks Types of Linked List link&amp#27;[0m               &amp#27;[90m# StepDefinitions.LinkedList.the_user_clicks_types_of_linked_list_link()&amp#27;[0m
  &amp#27;[32mThen &amp#27;[0m&amp#27;[32mThe user is directed to Types of Linked List page.&amp#27;[0m      &amp#27;[90m# StepDefinitions.LinkedList.the_user_is_directed_to_types_of_linked_list_page()&amp#27;[0m
[INFO ] 2024-12-09 22:08:07.057 [TestNG-PoolService-1] Hooks - ======================  Test Execution is completed!! ======================
  &amp#27;[32mAnd &amp#27;[0m&amp#27;[32mThe user clicks Try Here button&amp#27;[0m                                 &amp#27;[90m# StepDefinitions.Tree.the_user_clicks_try_here_button()&amp#27;[0m
  &amp#27;[32mGiven &amp#27;[0m&amp#27;[32mThe user is on the Creating Linked LIst page&amp#27;[0m                    &amp#27;[90m# StepDefinitions.LinkedList.the_user_is_on_the_creating_linked_l_ist_page()&amp#27;[0m
  &amp#27;[32mWhen &amp#27;[0m&amp#27;[32mThe user writes the valid python code and clicks on Run button&amp#27;[0m &amp#27;[90m# StepDefinitions.Tree.the_user_writes_the_valid_python_code_and_clicks_on_run_button()&amp#27;[0m
  &amp#27;[32mThen &amp#27;[0m&amp#27;[32mThe user is able to see the output inside the console.&amp#27;[0m         &amp#27;[90m# StepDefinitions.Tree.the_user_is_able_to_see_the_output_inside_the_console()&amp#27;[0m
[INFO ] 2024-12-09 22:08:07.568 [TestNG-PoolService-2] Hooks - ======================  Test Execution is completed!! ======================
  &amp#27;[32mAnd &amp#27;[0m&amp#27;[32mThe user clicks Try Here button&amp#27;[0m                                   &amp#27;[90m# StepDefinitions.Tree.the_user_clicks_try_here_button()&amp#27;[0m
]]></system-out>
  </testcase>
  <testcase name="runScenario[&quot;LL_Try Here Editor page with valid data&quot;, &quot;Linked List&quot;](56)" classname="TestRunners.TestRunner" time="0.572">
    <system-out><![CDATA[
Scenario: Types of Linked List                                       &amp#27;[90m# src/test/resources/Features/LinkedList.feature:74&amp#27;[0m
  &amp#27;[32mWhen &amp#27;[0m&amp#27;[32mThe user writes the invalid python code and clicks on Run button&amp#27;[0m &amp#27;[90m# StepDefinitions.Tree.the_user_writes_the_invalid_python_code_and_clicks_on_run_button()&amp#27;[0m
  &amp#27;[32mThen &amp#27;[0m&amp#27;[32mThe user see error msg in alert window&amp#27;[0m                           &amp#27;[90m# StepDefinitions.Tree.the_user_see_error_msg_in_alert_window()&amp#27;[0m
[INFO ] 2024-12-09 22:08:08.719 [TestNG-PoolService-3] Hooks - ======================  Test Execution is completed!! ======================
]]></system-out>
  </testcase>
  <testcase name="runScenario[&quot;LL_Try Here Editor page with invalid data&quot;, &quot;Linked List&quot;](57)" classname="TestRunners.TestRunner" time="0.95">
    <system-out><![CDATA[
Scenario: LL_Try Here Editor page with empty data                            &amp#27;[90m# src/test/resources/Features/LinkedList.feature:79&amp#27;[0m
]]></system-out>
  </testcase>
  <testcase name="runScenario[&quot;LL_Try Here Editor page with valid data&quot;, &quot;Linked List&quot;](59)" classname="TestRunners.TestRunner" time="0.453">
    <failure message="expected [hello] but found []" type="java.lang.AssertionError"><![CDATA[java.lang.AssertionError: expected [hello] but found []
]]></failure>
    <system-out><![CDATA[
Scenario: LL_Try Here Editor page with invalid data                     &amp#27;[90m# src/test/resources/Features/LinkedList.feature:91&amp#27;[0m
]]></system-out>
  </testcase>
  <testcase name="runScenario[&quot;LL_Try Here Editor page with empty data&quot;, &quot;Linked List&quot;](60)" classname="TestRunners.TestRunner" time="0.247">
    <system-out><![CDATA[
Scenario: Linked List home page                                        &amp#27;[90m# src/test/resources/Features/LinkedList.feature:97&amp#27;[0m
]]></system-out>
  </testcase>
  <testcase name="runScenario[&quot;Linked List home page&quot;, &quot;Linked List&quot;](61)" classname="TestRunners.TestRunner" time="11.043">
    <system-out><![CDATA[
Scenario: Implement Linked List in Python                            &amp#27;[90m# src/test/resources/Features/LinkedList.feature:102&amp#27;[0m
[INFO ] 2024-12-09 22:08:26.403 [TestNG-PoolService-1] Hooks - ======================  New Test Execution is STARTED!! ======================
[INFO ] 2024-12-09 22:08:27.736 [TestNG-PoolService-2] Hooks - ======================  New Test Execution is STARTED!! ======================
[INFO ] 2024-12-09 22:08:28.360 [TestNG-PoolService-3] Hooks - ======================  New Test Execution is STARTED!! ======================
  &amp#27;[32mGiven &amp#27;[0m&amp#27;[32mThe user is on the DS Introduction page as signedIn&amp#27;[0m             &amp#27;[90m# StepDefinitions.DSIntroductionDetails.the_user_is_on_the_ds_introduction_page_as_signed_in()&amp#27;[0m
  &amp#27;[32mAnd &amp#27;[0m&amp#27;[32mUser clicks on Get Started button from Linked List panel&amp#27;[0m          &amp#27;[90m# StepDefinitions.LinkedList.user_clicks_on_get_started_button_from_linked_list_panel()&amp#27;[0m
  &amp#27;[32mGiven &amp#27;[0m&amp#27;[32mThe user is on the DS Introduction page as signedIn&amp#27;[0m            &amp#27;[90m# StepDefinitions.DSIntroductionDetails.the_user_is_on_the_ds_introduction_page_as_signed_in()&amp#27;[0m
  &amp#27;[32mGiven &amp#27;[0m&amp#27;[32mThe user is on the DS Introduction page as signedIn&amp#27;[0m          &amp#27;[90m# StepDefinitions.DSIntroductionDetails.the_user_is_on_the_ds_introduction_page_as_signed_in()&amp#27;[0m
  &amp#27;[32mGiven &amp#27;[0m&amp#27;[32mThe user is on the Types of Linked List page&amp#27;[0m                    &amp#27;[90m# StepDefinitions.LinkedList.the_user_is_on_the_types_of_linked_list_page()&amp#27;[0m
  &amp#27;[32mAnd &amp#27;[0m&amp#27;[32mUser clicks on Get Started button from Linked List panel&amp#27;[0m         &amp#27;[90m# StepDefinitions.LinkedList.user_clicks_on_get_started_button_from_linked_list_panel()&amp#27;[0m
  &amp#27;[32mAnd &amp#27;[0m&amp#27;[32mUser clicks on Get Started button from Linked List panel&amp#27;[0m       &amp#27;[90m# StepDefinitions.LinkedList.user_clicks_on_get_started_button_from_linked_list_panel()&amp#27;[0m
  &amp#27;[32mGiven &amp#27;[0m&amp#27;[32mThe user is on the Types of Linked List page&amp#27;[0m                   &amp#27;[90m# StepDefinitions.LinkedList.the_user_is_on_the_types_of_linked_list_page()&amp#27;[0m
  &amp#27;[32mGiven &amp#27;[0m&amp#27;[32mThe user is on the Implement Linked List in Python page&amp#27;[0m      &amp#27;[90m# StepDefinitions.LinkedList.the_user_is_on_the_implement_linked_list_in_python_page()&amp#27;[0m
  &amp#27;[32mWhen &amp#27;[0m&amp#27;[32mThe user clicks Implement Linked List in Python link&amp#27;[0m            &amp#27;[90m# StepDefinitions.LinkedList.the_user_clicks_implement_linked_list_in_python_link()&amp#27;[0m
  &amp#27;[32mThen &amp#27;[0m&amp#27;[32mThe user is redirected to Implement Linked List in Python page.&amp#27;[0m &amp#27;[90m# StepDefinitions.LinkedList.the_user_is_redirected_to_implement_linked_list_in_python_page()&amp#27;[0m
[INFO ] 2024-12-09 22:08:31.513 [TestNG-PoolService-3] Hooks - ======================  Test Execution is completed!! ======================
  &amp#27;[32mWhen &amp#27;[0m&amp#27;[32mThe user clicks Try Here button&amp#27;[0m                                  &amp#27;[90m# StepDefinitions.Tree.the_user_clicks_try_here_button()&amp#27;[0m
  &amp#27;[32mWhen &amp#27;[0m&amp#27;[32mThe user writes the invalid python code and clicks on Run button&amp#27;[0m &amp#27;[90m# StepDefinitions.Tree.the_user_writes_the_invalid_python_code_and_clicks_on_run_button()&amp#27;[0m
  &amp#27;[31mThen &amp#27;[0m&amp#27;[31mThe user see error msg in alert window&amp#27;[0m                           &amp#27;[90m# StepDefinitions.Tree.the_user_see_error_msg_in_alert_window()&amp#27;[0m
      &amp#27;[31morg.openqa.selenium.NoAlertPresentException: Build info: version: '4.26.0', revision: '8ccf0219d7'
System info: os.name: 'Windows 11', os.arch: 'amd64', os.version: '10.0', java.version: '21.0.5'
Driver info: org.openqa.selenium.firefox.FirefoxDriver
Command: [234e40cc-e488-4e5e-b68e-7ad4f9fd0f99, getAlertText {}]
Capabilities {acceptInsecureCerts: true, browserName: firefox, browserVersion: 133.0, moz:accessibilityChecks: false, moz:buildID: 20241121140525, moz:debuggerAddress: 127.0.0.1:46192, moz:geckodriverVersion: 0.35.0, moz:headless: false, moz:platformVersion: 10.0, moz:processID: 24664, moz:profile: C:\Users\vamsh\AppData\Loca..., moz:shutdownTimeout: 60000, moz:webdriverClick: true, moz:windowless: false, pageLoadStrategy: normal, platformName: windows, proxy: Proxy(), se:cdp: ws://127.0.0.1:46192/devtoo..., se:cdpVersion: 85.0, setWindowRect: true, strictFileInteractability: false, timeouts: {implicit: 0, pageLoad: 300000, script: 30000}, unhandledPromptBehavior: dismiss and notify, userAgent: Mozilla/5.0 (Windows NT 10....}
Session ID: 234e40cc-e488-4e5e-b68e-7ad4f9fd0f99
	at java.base/jdk.internal.reflect.DirectConstructorHandleAccessor.newInstance(DirectConstructorHandleAccessor.java:62)
	at java.base/java.lang.reflect.Constructor.newInstanceWithCaller(Constructor.java:502)
	at java.base/java.lang.reflect.Constructor.newInstance(Constructor.java:486)
	at org.openqa.selenium.remote.ErrorCodec.decode(ErrorCodec.java:167)
	at org.openqa.selenium.remote.codec.w3c.W3CHttpResponseCodec.decode(W3CHttpResponseCodec.java:138)
	at org.openqa.selenium.remote.codec.w3c.W3CHttpResponseCodec.decode(W3CHttpResponseCodec.java:50)
	at org.openqa.selenium.remote.HttpCommandExecutor.execute(HttpCommandExecutor.java:190)
	at org.openqa.selenium.remote.service.DriverCommandExecutor.invokeExecute(DriverCommandExecutor.java:216)
	at org.openqa.selenium.remote.service.DriverCommandExecutor.execute(DriverCommandExecutor.java:174)
	at org.openqa.selenium.remote.RemoteWebDriver.execute(RemoteWebDriver.java:545)
	at org.openqa.selenium.remote.RemoteWebDriver.execute(RemoteWebDriver.java:618)
	at org.openqa.selenium.remote.RemoteWebDriver.execute(RemoteWebDriver.java:622)
	at org.openqa.selenium.remote.RemoteWebDriver$RemoteTargetLocator.alert(RemoteWebDriver.java:1190)
	at PageObjects.TreePage.check_When_InvalidCode_In_Editor(TreePage.java:390)
	at StepDefinitions.Tree.the_user_see_error_msg_in_alert_window(Tree.java:102)
	at ✽.The user see error msg in alert window(file:///C:/Projects/Repo1/src/test/resources/Features/LinkedList.feature:95)
&amp#27;[0m
[ERROR] 2024-12-09 22:08:32.236 [TestNG-PoolService-1] Hooks - ======================  TEST CASE FAILED !! ======================

    Embedding screenshot [image/png 37860 bytes]

[INFO ] 2024-12-09 22:08:32.353 [TestNG-PoolService-1] Hooks - ======================  Screenshot is captured  ======================
[INFO ] 2024-12-09 22:08:32.355 [TestNG-PoolService-1] Hooks - ======================  Test Execution is completed!! ======================
  &amp#27;[32mWhen &amp#27;[0m&amp#27;[32mThe user clicks Try Here button&amp#27;[0m                               &amp#27;[90m# StepDefinitions.Tree.the_user_clicks_try_here_button()&amp#27;[0m
  &amp#27;[32mThen &amp#27;[0m&amp#27;[32mThe user is redirected to a page having Editor and run button&amp#27;[0m &amp#27;[90m# StepDefinitions.Tree.the_user_is_redirected_to_a_page_having_editor_and_run_button()&amp#27;[0m
[INFO ] 2024-12-09 22:08:32.614 [TestNG-PoolService-2] Hooks - ======================  Test Execution is completed!! ======================
]]></system-out>
  </testcase>
  <testcase name="runScenario[&quot;LL_Try Here Editor page with invalid data&quot;, &quot;Linked List&quot;](62)" classname="TestRunners.TestRunner" time="0.709">
    <failure message="Build info: version: &apos;4.26.0&apos;, revision: &apos;8ccf0219d7&apos;&#10;System info: os.name: &apos;Windows 11&apos;, os.arch: &apos;amd64&apos;, os.version: &apos;10.0&apos;, java.version: &apos;21.0.5&apos;&#10;Driver info: org.openqa.selenium.firefox.FirefoxDriver&#10;Command: [234e40cc-e488-4e5e-b68e-7ad4f9fd0f99, getAlertText {}]&#10;Capabilities {acceptInsecureCerts: true, browserName: firefox, browserVersion: 133.0, moz:accessibilityChecks: false, moz:buildID: 20241121140525, moz:debuggerAddress: 127.0.0.1:46192, moz:geckodriverVersion: 0.35.0, moz:headless: false, moz:platformVersion: 10.0, moz:processID: 24664, moz:profile: C:\Users\vamsh\AppData\Loca..., moz:shutdownTimeout: 60000, moz:webdriverClick: true, moz:windowless: false, pageLoadStrategy: normal, platformName: windows, proxy: Proxy(), se:cdp: ws://127.0.0.1:46192/devtoo..., se:cdpVersion: 85.0, setWindowRect: true, strictFileInteractability: false, timeouts: {implicit: 0, pageLoad: 300000, script: 30000}, unhandledPromptBehavior: dismiss and notify, userAgent: Mozilla/5.0 (Windows NT 10....}&#10;Session ID: 234e40cc-e488-4e5e-b68e-7ad4f9fd0f99" type="org.openqa.selenium.NoAlertPresentException"><![CDATA[org.openqa.selenium.NoAlertPresentException: 
Build info: version: '4.26.0', revision: '8ccf0219d7'
System info: os.name: 'Windows 11', os.arch: 'amd64', os.version: '10.0', java.version: '21.0.5'
Driver info: org.openqa.selenium.firefox.FirefoxDriver
Command: [234e40cc-e488-4e5e-b68e-7ad4f9fd0f99, getAlertText {}]
Capabilities {acceptInsecureCerts: true, browserName: firefox, browserVersion: 133.0, moz:accessibilityChecks: false, moz:buildID: 20241121140525, moz:debuggerAddress: 127.0.0.1:46192, moz:geckodriverVersion: 0.35.0, moz:headless: false, moz:platformVersion: 10.0, moz:processID: 24664, moz:profile: C:\Users\vamsh\AppData\Loca..., moz:shutdownTimeout: 60000, moz:webdriverClick: true, moz:windowless: false, pageLoadStrategy: normal, platformName: windows, proxy: Proxy(), se:cdp: ws://127.0.0.1:46192/devtoo..., se:cdpVersion: 85.0, setWindowRect: true, strictFileInteractability: false, timeouts: {implicit: 0, pageLoad: 300000, script: 30000}, unhandledPromptBehavior: dismiss and notify, userAgent: Mozilla/5.0 (Windows NT 10....}
Session ID: 234e40cc-e488-4e5e-b68e-7ad4f9fd0f99
]]></failure>
    <system-out><![CDATA[
Scenario: LL_Try Here Editor page with empty data                            &amp#27;[90m# src/test/resources/Features/LinkedList.feature:107&amp#27;[0m
]]></system-out>
  </testcase>
  <testcase name="runScenario[&quot;LL_Try Here Editor page with invalid data&quot;, &quot;Linked List&quot;](65)" classname="TestRunners.TestRunner" time="2.193">
    <system-out><![CDATA[
Scenario: Linked List home page                                 &amp#27;[90m# src/test/resources/Features/LinkedList.feature:125&amp#27;[0m
  &amp#27;[32mAnd &amp#27;[0m&amp#27;[32mThe user clicks Try Here button&amp#27;[0m                                   &amp#27;[90m# StepDefinitions.Tree.the_user_clicks_try_here_button()&amp#27;[0m
  &amp#27;[32mAnd &amp#27;[0m&amp#27;[32mThe user clicks Try Here button&amp#27;[0m                                 &amp#27;[90m# StepDefinitions.Tree.the_user_clicks_try_here_button()&amp#27;[0m
  &amp#27;[32mWhen &amp#27;[0m&amp#27;[32mThe user writes the invalid python code and clicks on Run button&amp#27;[0m &amp#27;[90m# StepDefinitions.Tree.the_user_writes_the_invalid_python_code_and_clicks_on_run_button()&amp#27;[0m
  &amp#27;[32mThen &amp#27;[0m&amp#27;[32mThe user see error msg in alert window&amp#27;[0m                           &amp#27;[90m# StepDefinitions.Tree.the_user_see_error_msg_in_alert_window()&amp#27;[0m
[INFO ] 2024-12-09 22:08:45.145 [TestNG-PoolService-2] Hooks - ======================  Test Execution is completed!! ======================
  &amp#27;[32mWhen &amp#27;[0m&amp#27;[32mThe user writes the valid python code and clicks on Run button&amp#27;[0m &amp#27;[90m# StepDefinitions.Tree.the_user_writes_the_valid_python_code_and_clicks_on_run_button()&amp#27;[0m
  &amp#27;[31mThen &amp#27;[0m&amp#27;[31mThe user is able to see the output inside the console.&amp#27;[0m         &amp#27;[90m# StepDefinitions.Tree.the_user_is_able_to_see_the_output_inside_the_console()&amp#27;[0m
      &amp#27;[31mjava.lang.AssertionError: expected [hello] but found []
	at org.testng.Assert.fail(Assert.java:111)
	at org.testng.Assert.failNotEquals(Assert.java:1578)
	at org.testng.Assert.assertEqualsImpl(Assert.java:150)
	at org.testng.Assert.assertEquals(Assert.java:132)
	at org.testng.Assert.assertEquals(Assert.java:656)
	at org.testng.Assert.assertEquals(Assert.java:666)
	at PageObjects.TreePage.check_When_ValidCode_In_Editor(TreePage.java:384)
	at StepDefinitions.Tree.the_user_is_able_to_see_the_output_inside_the_console(Tree.java:91)
	at ✽.The user is able to see the output inside the console.(file:///C:/Projects/Repo1/src/test/resources/Features/LinkedList.feature:117)
&amp#27;[0m
[ERROR] 2024-12-09 22:08:45.512 [TestNG-PoolService-1] Hooks - ======================  TEST CASE FAILED !! ======================

    Embedding screenshot [image/png 37860 bytes]

[INFO ] 2024-12-09 22:08:45.574 [TestNG-PoolService-1] Hooks - ======================  Screenshot is captured  ======================
[INFO ] 2024-12-09 22:08:45.577 [TestNG-PoolService-1] Hooks - ======================  Test Execution is completed!! ======================
]]></system-out>
  </testcase>
  <testcase name="runScenario[&quot;LL_Try Here Editor page with valid data&quot;, &quot;Linked List&quot;](66)" classname="TestRunners.TestRunner" time="0.81">
    <failure message="expected [hello] but found []" type="java.lang.AssertionError"><![CDATA[java.lang.AssertionError: expected [hello] but found []
]]></failure>
    <system-out><![CDATA[
Scenario: Traversal                                                  &amp#27;[90m# src/test/resources/Features/LinkedList.feature:130&amp#27;[0m
]]></system-out>
  </testcase>
  <testcase name="runScenario[&quot;LL_Try Here Editor page with empty data&quot;, &quot;Linked List&quot;](68)" classname="TestRunners.TestRunner" time="2.683">
    <system-out><![CDATA[
Scenario: LL_Try Here Editor page with valid data                     &amp#27;[90m# src/test/resources/Features/LinkedList.feature:141&amp#27;[0m
  &amp#27;[32mAnd &amp#27;[0m&amp#27;[32mThe user clicks Try Here button&amp#27;[0m                                        &amp#27;[90m# StepDefinitions.Tree.the_user_clicks_try_here_button()&amp#27;[0m
  &amp#27;[32mWhen &amp#27;[0m&amp#27;[32mThe user clicks Try Here button&amp#27;[0m                               &amp#27;[90m# StepDefinitions.Tree.the_user_clicks_try_here_button()&amp#27;[0m
  &amp#27;[32mThen &amp#27;[0m&amp#27;[32mThe user is redirected to a page having Editor and run button&amp#27;[0m &amp#27;[90m# StepDefinitions.Tree.the_user_is_redirected_to_a_page_having_editor_and_run_button()&amp#27;[0m
[INFO ] 2024-12-09 22:08:57.019 [TestNG-PoolService-2] Hooks - ======================  Test Execution is completed!! ======================
  &amp#27;[32mWhen &amp#27;[0m&amp#27;[32mThe user writes no code inside editor window and clicks on Run button&amp#27;[0m &amp#27;[90m# StepDefinitions.Tree.the_user_writes_no_code_inside_editor_window_and_clicks_on_run_button()&amp#27;[0m
  &amp#27;[32mThen &amp#27;[0m&amp#27;[32mNothing happens to the Editor page and no error message is displayed&amp#27;[0m  &amp#27;[90m# StepDefinitions.Tree.nothing_happens_to_the_editor_page_and_no_error_message_is_displayed()&amp#27;[0m
[INFO ] 2024-12-09 22:08:57.159 [TestNG-PoolService-1] Hooks - ======================  Test Execution is completed!! ======================
]]></system-out>
  </testcase>
  <testcase name="runScenario[&quot;Traversal&quot;, &quot;Linked List&quot;](69)" classname="TestRunners.TestRunner" time="0.017"/>
  <testcase name="runScenario[&quot;Linked List home page&quot;, &quot;Linked List&quot;](71)" classname="TestRunners.TestRunner" time="2.192">
    <system-out><![CDATA[
Scenario: Insertion                                                  &amp#27;[90m# src/test/resources/Features/LinkedList.feature:158&amp#27;[0m
  &amp#27;[32mGiven &amp#27;[0m&amp#27;[32mThe user is on the Traversal page&amp#27;[0m                      &amp#27;[90m# StepDefinitions.LinkedList.the_user_is_on_the_traversal_page()&amp#27;[0m
  &amp#27;[32mWhen &amp#27;[0m&amp#27;[32mThe user clicks Insertion link&amp#27;[0m                          &amp#27;[90m# StepDefinitions.LinkedList.the_user_clicks_insertion_link()&amp#27;[0m
  &amp#27;[32mThen &amp#27;[0m&amp#27;[32mThe user is redirected to Insertion page.&amp#27;[0m               &amp#27;[90m# StepDefinitions.LinkedList.the_user_is_redirected_to_insertion_page()&amp#27;[0m
[INFO ] 2024-12-09 22:09:08.539 [TestNG-PoolService-2] Hooks - ======================  Test Execution is completed!! ======================
  &amp#27;[32mAnd &amp#27;[0m&amp#27;[32mThe user clicks Try Here button&amp#27;[0m                                   &amp#27;[90m# StepDefinitions.Tree.the_user_clicks_try_here_button()&amp#27;[0m
  &amp#27;[32mWhen &amp#27;[0m&amp#27;[32mThe user writes the invalid python code and clicks on Run button&amp#27;[0m &amp#27;[90m# StepDefinitions.Tree.the_user_writes_the_invalid_python_code_and_clicks_on_run_button()&amp#27;[0m
  &amp#27;[32mThen &amp#27;[0m&amp#27;[32mThe user see error msg in alert window&amp#27;[0m                           &amp#27;[90m# StepDefinitions.Tree.the_user_see_error_msg_in_alert_window()&amp#27;[0m
[INFO ] 2024-12-09 22:09:09.369 [TestNG-PoolService-1] Hooks - ======================  Test Execution is completed!! ======================
]]></system-out>
  </testcase>
  <testcase name="runScenario[&quot;Linked List home page&quot;, &quot;Linked List&quot;](71)" classname="TestRunners.TestRunner" time="3.905">
    <system-out><![CDATA[
Scenario: Insertion                                                  &amp#27;[90m# src/test/resources/Features/LinkedList.feature:158&amp#27;[0m
  &amp#27;[32mGiven &amp#27;[0m&amp#27;[32mThe user is on the DS Introduction page as signedIn&amp#27;[0m    &amp#27;[90m# StepDefinitions.DSIntroductionDetails.the_user_is_on_the_ds_introduction_page_as_signed_in()&amp#27;[0m
  &amp#27;[32mGiven &amp#27;[0m&amp#27;[32mThe user is on the DS Introduction page as signedIn&amp#27;[0m             &amp#27;[90m# StepDefinitions.DSIntroductionDetails.the_user_is_on_the_ds_introduction_page_as_signed_in()&amp#27;[0m
[INFO ] 2024-12-09 22:22:39.657 [TestNG-PoolService-2] Hooks - ======================  New Test Execution is STARTED!! ======================
  &amp#27;[32mAnd &amp#27;[0m&amp#27;[32mUser clicks on Get Started button from Linked List panel&amp#27;[0m &amp#27;[90m# StepDefinitions.LinkedList.user_clicks_on_get_started_button_from_linked_list_panel()&amp#27;[0m
  &amp#27;[32mAnd &amp#27;[0m&amp#27;[32mUser clicks on Get Started button from Linked List panel&amp#27;[0m          &amp#27;[90m# StepDefinitions.LinkedList.user_clicks_on_get_started_button_from_linked_list_panel()&amp#27;[0m
  &amp#27;[32mGiven &amp#27;[0m&amp#27;[32mThe user is on the Traversal page&amp#27;[0m                      &amp#27;[90m# StepDefinitions.LinkedList.the_user_is_on_the_traversal_page()&amp#27;[0m
  &amp#27;[32mGiven &amp#27;[0m&amp#27;[32mThe user is on the Traversal page&amp#27;[0m                               &amp#27;[90m# StepDefinitions.LinkedList.the_user_is_on_the_traversal_page()&amp#27;[0m
  &amp#27;[32mWhen &amp#27;[0m&amp#27;[32mThe user clicks Insertion link&amp#27;[0m                          &amp#27;[90m# StepDefinitions.LinkedList.the_user_clicks_insertion_link()&amp#27;[0m
  &amp#27;[32mThen &amp#27;[0m&amp#27;[32mThe user is redirected to Insertion page.&amp#27;[0m               &amp#27;[90m# StepDefinitions.LinkedList.the_user_is_redirected_to_insertion_page()&amp#27;[0m
[INFO ] 2024-12-09 22:22:40.735 [TestNG-PoolService-3] Hooks - ======================  Test Execution is completed!! ======================
  &amp#27;[32mAnd &amp#27;[0m&amp#27;[32mThe user clicks Try Here button&amp#27;[0m                                   &amp#27;[90m# StepDefinitions.Tree.the_user_clicks_try_here_button()&amp#27;[0m
  &amp#27;[31mWhen &amp#27;[0m&amp#27;[31mThe user writes the invalid python code and clicks on Run button&amp#27;[0m &amp#27;[90m# StepDefinitions.Tree.the_user_writes_the_invalid_python_code_and_clicks_on_run_button()&amp#27;[0m
      &amp#27;[31morg.openqa.selenium.ElementNotInteractableException: element not interactable
  (Session info: MicrosoftEdge=131.0.2903.86)
Build info: version: '4.26.0', revision: '8ccf0219d7'
System info: os.name: 'Windows 11', os.arch: 'amd64', os.version: '10.0', java.version: '21.0.5'
Driver info: org.openqa.selenium.edge.EdgeDriver
Command: [94772d678cdbd36faa2a9cfbe1d1042b, sendKeysToElement {value=[Ljava.lang.CharSequence;@5d86b54c, id=f.5973AA9879EAAE5520BA50C699A81991.d.326FC427C01E16148AD2D452106021A9.e.41}]
Capabilities {acceptInsecureCerts: false, browserName: MicrosoftEdge, browserVersion: 131.0.2903.86, fedcm:accounts: true, ms:edgeOptions: {debuggerAddress: localhost:61683}, msedge: {msedgedriverVersion: 131.0.2903.86 (cf5bf303997c..., userDataDir: C:\Users\vamsh\AppData\Loca...}, networkConnectionEnabled: false, pageLoadStrategy: normal, platformName: windows, proxy: Proxy(), se:cdp: ws://localhost:61683/devtoo..., se:cdpVersion: 131.0.2903.86, setWindowRect: true, strictFileInteractability: false, timeouts: {implicit: 0, pageLoad: 300000, script: 30000}, unhandledPromptBehavior: dismiss and notify, webauthn:extension:credBlob: true, webauthn:extension:largeBlob: true, webauthn:extension:minPinLength: true, webauthn:extension:prf: true, webauthn:virtualAuthenticators: true}
Element: [[EdgeDriver: MicrosoftEdge on windows (94772d678cdbd36faa2a9cfbe1d1042b)] -> css selector: .CodeMirror textarea]
Session ID: 94772d678cdbd36faa2a9cfbe1d1042b
	at java.base/jdk.internal.reflect.DirectConstructorHandleAccessor.newInstance(DirectConstructorHandleAccessor.java:62)
	at java.base/java.lang.reflect.Constructor.newInstanceWithCaller(Constructor.java:502)
	at java.base/java.lang.reflect.Constructor.newInstance(Constructor.java:486)
	at org.openqa.selenium.remote.ErrorCodec.decode(ErrorCodec.java:167)
	at org.openqa.selenium.remote.codec.w3c.W3CHttpResponseCodec.decode(W3CHttpResponseCodec.java:138)
	at org.openqa.selenium.remote.codec.w3c.W3CHttpResponseCodec.decode(W3CHttpResponseCodec.java:50)
	at org.openqa.selenium.remote.HttpCommandExecutor.execute(HttpCommandExecutor.java:190)
	at org.openqa.selenium.remote.service.DriverCommandExecutor.invokeExecute(DriverCommandExecutor.java:216)
	at org.openqa.selenium.remote.service.DriverCommandExecutor.execute(DriverCommandExecutor.java:174)
	at org.openqa.selenium.remote.RemoteWebDriver.execute(RemoteWebDriver.java:545)
	at org.openqa.selenium.remote.RemoteWebElement.execute(RemoteWebElement.java:223)
	at org.openqa.selenium.remote.RemoteWebElement.sendKeys(RemoteWebElement.java:110)
	at PageObjects.TreePage.writeInTryEditorWindow(TreePage.java:357)
	at StepDefinitions.Tree.the_user_writes_the_invalid_python_code_and_clicks_on_run_button(Tree.java:96)
	at ✽.The user writes the invalid python code and clicks on Run button(file:///C:/Projects/Repo1/src/test/resources/Features/LinkedList.feature:150)
&amp#27;[0m
  &amp#27;[36mThen &amp#27;[0m&amp#27;[36mThe user see error msg in alert window&amp#27;[0m                           &amp#27;[90m# StepDefinitions.Tree.the_user_see_error_msg_in_alert_window()&amp#27;[0m
[ERROR] 2024-12-09 22:22:41.282 [TestNG-PoolService-1] Hooks - ======================  TEST CASE FAILED !! ======================

    Embedding screenshot [image/png 7890 bytes]

[INFO ] 2024-12-09 22:22:41.415 [TestNG-PoolService-1] Hooks - ======================  Screenshot is captured  ======================
[INFO ] 2024-12-09 22:22:41.415 [TestNG-PoolService-1] Hooks - ======================  Test Execution is completed!! ======================
]]></system-out>
    <system-err><![CDATA[Dec 09, 2024 10:22:39 PM org.openqa.selenium.devtools.CdpVersionFinder findNearestMatch
WARNING: Unable to find an exact match for CDP version 131, returning the closest version; found: 130; Please update to a Selenium version that supports CDP version 131
]]></system-err>
  </testcase>
  <testcase name="runScenario[&quot;LL_Try Here Editor page with invalid data&quot;, &quot;Linked List&quot;](72)" classname="TestRunners.TestRunner" time="0.535">
    <system-out><![CDATA[
Scenario: LL_Try Here Editor page with empty data                            &amp#27;[90m# src/test/resources/Features/LinkedList.feature:163&amp#27;[0m
]]></system-out>
  </testcase>
  <testcase name="runScenario[&quot;LL_Try Here Editor page with invalid data&quot;, &quot;Linked List&quot;](72)" classname="TestRunners.TestRunner" time="0.613">
    <failure message="element not interactable&#10;  (Session info: MicrosoftEdge=131.0.2903.86)&#10;Build info: version: &apos;4.26.0&apos;, revision: &apos;8ccf0219d7&apos;&#10;System info: os.name: &apos;Windows 11&apos;, os.arch: &apos;amd64&apos;, os.version: &apos;10.0&apos;, java.version: &apos;21.0.5&apos;&#10;Driver info: org.openqa.selenium.edge.EdgeDriver&#10;Command: [94772d678cdbd36faa2a9cfbe1d1042b, sendKeysToElement {value=[Ljava.lang.CharSequence;@5d86b54c, id=f.5973AA9879EAAE5520BA50C699A81991.d.326FC427C01E16148AD2D452106021A9.e.41}]&#10;Capabilities {acceptInsecureCerts: false, browserName: MicrosoftEdge, browserVersion: 131.0.2903.86, fedcm:accounts: true, ms:edgeOptions: {debuggerAddress: localhost:61683}, msedge: {msedgedriverVersion: 131.0.2903.86 (cf5bf303997c..., userDataDir: C:\Users\vamsh\AppData\Loca...}, networkConnectionEnabled: false, pageLoadStrategy: normal, platformName: windows, proxy: Proxy(), se:cdp: ws://localhost:61683/devtoo..., se:cdpVersion: 131.0.2903.86, setWindowRect: true, strictFileInteractability: false, timeouts: {implicit: 0, pageLoad: 300000, script: 30000}, unhandledPromptBehavior: dismiss and notify, webauthn:extension:credBlob: true, webauthn:extension:largeBlob: true, webauthn:extension:minPinLength: true, webauthn:extension:prf: true, webauthn:virtualAuthenticators: true}&#10;Element: [[EdgeDriver: MicrosoftEdge on windows (94772d678cdbd36faa2a9cfbe1d1042b)] -&gt; css selector: .CodeMirror textarea]&#10;Session ID: 94772d678cdbd36faa2a9cfbe1d1042b" type="org.openqa.selenium.ElementNotInteractableException"><![CDATA[org.openqa.selenium.ElementNotInteractableException: 
element not interactable
  (Session info: MicrosoftEdge=131.0.2903.86)
Build info: version: '4.26.0', revision: '8ccf0219d7'
System info: os.name: 'Windows 11', os.arch: 'amd64', os.version: '10.0', java.version: '21.0.5'
Driver info: org.openqa.selenium.edge.EdgeDriver
Command: [94772d678cdbd36faa2a9cfbe1d1042b, sendKeysToElement {value=[Ljava.lang.CharSequence;@5d86b54c, id=f.5973AA9879EAAE5520BA50C699A81991.d.326FC427C01E16148AD2D452106021A9.e.41}]
Capabilities {acceptInsecureCerts: false, browserName: MicrosoftEdge, browserVersion: 131.0.2903.86, fedcm:accounts: true, ms:edgeOptions: {debuggerAddress: localhost:61683}, msedge: {msedgedriverVersion: 131.0.2903.86 (cf5bf303997c..., userDataDir: C:\Users\vamsh\AppData\Loca...}, networkConnectionEnabled: false, pageLoadStrategy: normal, platformName: windows, proxy: Proxy(), se:cdp: ws://localhost:61683/devtoo..., se:cdpVersion: 131.0.2903.86, setWindowRect: true, strictFileInteractability: false, timeouts: {implicit: 0, pageLoad: 300000, script: 30000}, unhandledPromptBehavior: dismiss and notify, webauthn:extension:credBlob: true, webauthn:extension:largeBlob: true, webauthn:extension:minPinLength: true, webauthn:extension:prf: true, webauthn:virtualAuthenticators: true}
Element: [[EdgeDriver: MicrosoftEdge on windows (94772d678cdbd36faa2a9cfbe1d1042b)] -> css selector: .CodeMirror textarea]
Session ID: 94772d678cdbd36faa2a9cfbe1d1042b
]]></failure>
    <system-out><![CDATA[
Scenario: LL_Try Here Editor page with empty data                            &amp#27;[90m# src/test/resources/Features/LinkedList.feature:163&amp#27;[0m
]]></system-out>
  </testcase>
  <testcase name="runScenario[&quot;LL_Try Here Editor page with valid data&quot;, &quot;Linked List&quot;](74)" classname="TestRunners.TestRunner" time="3.642">
    <system-out><![CDATA[
Scenario: LL_Try Here Editor page with invalid data                     &amp#27;[90m# src/test/resources/Features/LinkedList.feature:175&amp#27;[0m
  &amp#27;[32mAnd &amp#27;[0m&amp#27;[32mUser clicks on Get Started button from Linked List panel&amp#27;[0m               &amp#27;[90m# StepDefinitions.LinkedList.user_clicks_on_get_started_button_from_linked_list_panel()&amp#27;[0m
  &amp#27;[32mGiven &amp#27;[0m&amp#27;[32mThe user is on the DS Introduction page as signedIn&amp#27;[0m           &amp#27;[90m# StepDefinitions.DSIntroductionDetails.the_user_is_on_the_ds_introduction_page_as_signed_in()&amp#27;[0m
  &amp#27;[32mGiven &amp#27;[0m&amp#27;[32mThe user is on the Insertion page&amp#27;[0m                                    &amp#27;[90m# StepDefinitions.LinkedList.the_user_is_on_the_insertion_page()&amp#27;[0m
  &amp#27;[32mAnd &amp#27;[0m&amp#27;[32mUser clicks on Get Started button from Linked List panel&amp#27;[0m        &amp#27;[90m# StepDefinitions.LinkedList.user_clicks_on_get_started_button_from_linked_list_panel()&amp#27;[0m
  &amp#27;[32mGiven &amp#27;[0m&amp#27;[32mThe user is on the Insertion page&amp#27;[0m                             &amp#27;[90m# StepDefinitions.LinkedList.the_user_is_on_the_insertion_page()&amp#27;[0m
  &amp#27;[32mAnd &amp#27;[0m&amp#27;[32mThe user clicks Try Here button&amp#27;[0m                                        &amp#27;[90m# StepDefinitions.Tree.the_user_clicks_try_here_button()&amp#27;[0m
  &amp#27;[32mAnd &amp#27;[0m&amp#27;[32mThe user clicks Try Here button&amp#27;[0m                                 &amp#27;[90m# StepDefinitions.Tree.the_user_clicks_try_here_button()&amp#27;[0m
  &amp#27;[32mWhen &amp#27;[0m&amp#27;[32mThe user writes no code inside editor window and clicks on Run button&amp#27;[0m &amp#27;[90m# StepDefinitions.Tree.the_user_writes_no_code_inside_editor_window_and_clicks_on_run_button()&amp#27;[0m
  &amp#27;[32mThen &amp#27;[0m&amp#27;[32mNothing happens to the Editor page and no error message is displayed&amp#27;[0m  &amp#27;[90m# StepDefinitions.Tree.nothing_happens_to_the_editor_page_and_no_error_message_is_displayed()&amp#27;[0m
[INFO ] 2024-12-09 22:09:22.179 [TestNG-PoolService-2] Hooks - ======================  Test Execution is completed!! ======================
  &amp#27;[32mWhen &amp#27;[0m&amp#27;[32mThe user writes the valid python code and clicks on Run button&amp#27;[0m &amp#27;[90m# StepDefinitions.Tree.the_user_writes_the_valid_python_code_and_clicks_on_run_button()&amp#27;[0m
  &amp#27;[32mThen &amp#27;[0m&amp#27;[32mThe user is able to see the output inside the console.&amp#27;[0m         &amp#27;[90m# StepDefinitions.Tree.the_user_is_able_to_see_the_output_inside_the_console()&amp#27;[0m
[INFO ] 2024-12-09 22:09:22.350 [TestNG-PoolService-1] Hooks - ======================  Test Execution is completed!! ======================
]]></system-out>
  </testcase>
  <testcase name="runScenario[&quot;LL_Try Here Editor page with empty data&quot;, &quot;Linked List&quot;](75)" classname="TestRunners.TestRunner" time="0.01"/>
  <testcase name="runScenario[&quot;LL_Try Here Editor page with invalid data&quot;, &quot;Linked List&quot;](80)" classname="TestRunners.TestRunner" time="2.442">
    <failure message="Build info: version: &apos;4.26.0&apos;, revision: &apos;8ccf0219d7&apos;&#10;System info: os.name: &apos;Windows 11&apos;, os.arch: &apos;amd64&apos;, os.version: &apos;10.0&apos;, java.version: &apos;21.0.5&apos;&#10;Driver info: org.openqa.selenium.firefox.FirefoxDriver&#10;Command: [9e6cbcfb-ab80-4703-a983-fbe19981ec73, getAlertText {}]&#10;Capabilities {acceptInsecureCerts: true, browserName: firefox, browserVersion: 133.0, moz:accessibilityChecks: false, moz:buildID: 20241121140525, moz:debuggerAddress: 127.0.0.1:25533, moz:geckodriverVersion: 0.35.0, moz:headless: false, moz:platformVersion: 10.0, moz:processID: 6792, moz:profile: C:\Users\vamsh\AppData\Loca..., moz:shutdownTimeout: 60000, moz:webdriverClick: true, moz:windowless: false, pageLoadStrategy: normal, platformName: windows, proxy: Proxy(), se:cdp: ws://127.0.0.1:25533/devtoo..., se:cdpVersion: 85.0, setWindowRect: true, strictFileInteractability: false, timeouts: {implicit: 0, pageLoad: 300000, script: 30000}, unhandledPromptBehavior: dismiss and notify, userAgent: Mozilla/5.0 (Windows NT 10....}&#10;Session ID: 9e6cbcfb-ab80-4703-a983-fbe19981ec73" type="org.openqa.selenium.NoAlertPresentException"><![CDATA[org.openqa.selenium.NoAlertPresentException: 
Build info: version: '4.26.0', revision: '8ccf0219d7'
System info: os.name: 'Windows 11', os.arch: 'amd64', os.version: '10.0', java.version: '21.0.5'
Driver info: org.openqa.selenium.firefox.FirefoxDriver
Command: [9e6cbcfb-ab80-4703-a983-fbe19981ec73, getAlertText {}]
Capabilities {acceptInsecureCerts: true, browserName: firefox, browserVersion: 133.0, moz:accessibilityChecks: false, moz:buildID: 20241121140525, moz:debuggerAddress: 127.0.0.1:25533, moz:geckodriverVersion: 0.35.0, moz:headless: false, moz:platformVersion: 10.0, moz:processID: 6792, moz:profile: C:\Users\vamsh\AppData\Loca..., moz:shutdownTimeout: 60000, moz:webdriverClick: true, moz:windowless: false, pageLoadStrategy: normal, platformName: windows, proxy: Proxy(), se:cdp: ws://127.0.0.1:25533/devtoo..., se:cdpVersion: 85.0, setWindowRect: true, strictFileInteractability: false, timeouts: {implicit: 0, pageLoad: 300000, script: 30000}, unhandledPromptBehavior: dismiss and notify, userAgent: Mozilla/5.0 (Windows NT 10....}
Session ID: 9e6cbcfb-ab80-4703-a983-fbe19981ec73
]]></failure>
    <system-out><![CDATA[
Scenario: Introduction page                                    &amp#27;[90m# src/test/resources/Features/LinkedList.feature:209&amp#27;[0m
  &amp#27;[32mAnd &amp#27;[0m&amp#27;[32mThe user clicks Try Here button&amp#27;[0m                                   &amp#27;[90m# StepDefinitions.Tree.the_user_clicks_try_here_button()&amp#27;[0m
  &amp#27;[32mAnd &amp#27;[0m&amp#27;[32mThe user clicks Try Here button&amp#27;[0m                                 &amp#27;[90m# StepDefinitions.Tree.the_user_clicks_try_here_button()&amp#27;[0m
  &amp#27;[32mWhen &amp#27;[0m&amp#27;[32mThe user writes the invalid python code and clicks on Run button&amp#27;[0m &amp#27;[90m# StepDefinitions.Tree.the_user_writes_the_invalid_python_code_and_clicks_on_run_button()&amp#27;[0m
  &amp#27;[31mThen &amp#27;[0m&amp#27;[31mThe user see error msg in alert window&amp#27;[0m                           &amp#27;[90m# StepDefinitions.Tree.the_user_see_error_msg_in_alert_window()&amp#27;[0m
      &amp#27;[31morg.openqa.selenium.NoAlertPresentException: Build info: version: '4.26.0', revision: '8ccf0219d7'
System info: os.name: 'Windows 11', os.arch: 'amd64', os.version: '10.0', java.version: '21.0.5'
Driver info: org.openqa.selenium.firefox.FirefoxDriver
Command: [9e6cbcfb-ab80-4703-a983-fbe19981ec73, getAlertText {}]
Capabilities {acceptInsecureCerts: true, browserName: firefox, browserVersion: 133.0, moz:accessibilityChecks: false, moz:buildID: 20241121140525, moz:debuggerAddress: 127.0.0.1:25533, moz:geckodriverVersion: 0.35.0, moz:headless: false, moz:platformVersion: 10.0, moz:processID: 6792, moz:profile: C:\Users\vamsh\AppData\Loca..., moz:shutdownTimeout: 60000, moz:webdriverClick: true, moz:windowless: false, pageLoadStrategy: normal, platformName: windows, proxy: Proxy(), se:cdp: ws://127.0.0.1:25533/devtoo..., se:cdpVersion: 85.0, setWindowRect: true, strictFileInteractability: false, timeouts: {implicit: 0, pageLoad: 300000, script: 30000}, unhandledPromptBehavior: dismiss and notify, userAgent: Mozilla/5.0 (Windows NT 10....}
Session ID: 9e6cbcfb-ab80-4703-a983-fbe19981ec73
	at java.base/jdk.internal.reflect.DirectConstructorHandleAccessor.newInstance(DirectConstructorHandleAccessor.java:62)
	at java.base/java.lang.reflect.Constructor.newInstanceWithCaller(Constructor.java:502)
	at java.base/java.lang.reflect.Constructor.newInstance(Constructor.java:486)
	at org.openqa.selenium.remote.ErrorCodec.decode(ErrorCodec.java:167)
	at org.openqa.selenium.remote.codec.w3c.W3CHttpResponseCodec.decode(W3CHttpResponseCodec.java:138)
	at org.openqa.selenium.remote.codec.w3c.W3CHttpResponseCodec.decode(W3CHttpResponseCodec.java:50)
	at org.openqa.selenium.remote.HttpCommandExecutor.execute(HttpCommandExecutor.java:190)
	at org.openqa.selenium.remote.service.DriverCommandExecutor.invokeExecute(DriverCommandExecutor.java:216)
	at org.openqa.selenium.remote.service.DriverCommandExecutor.execute(DriverCommandExecutor.java:174)
	at org.openqa.selenium.remote.RemoteWebDriver.execute(RemoteWebDriver.java:545)
	at org.openqa.selenium.remote.RemoteWebDriver.execute(RemoteWebDriver.java:618)
	at org.openqa.selenium.remote.RemoteWebDriver.execute(RemoteWebDriver.java:622)
	at org.openqa.selenium.remote.RemoteWebDriver$RemoteTargetLocator.alert(RemoteWebDriver.java:1190)
	at PageObjects.TreePage.check_When_InvalidCode_In_Editor(TreePage.java:390)
	at StepDefinitions.Tree.the_user_see_error_msg_in_alert_window(Tree.java:102)
	at ✽.The user see error msg in alert window(file:///C:/Projects/Repo1/src/test/resources/Features/LinkedList.feature:207)
&amp#27;[0m
[ERROR] 2024-12-09 22:09:46.055 [TestNG-PoolService-2] Hooks - ======================  TEST CASE FAILED !! ======================

    Embedding screenshot [image/png 37860 bytes]

[INFO ] 2024-12-09 22:09:46.112 [TestNG-PoolService-2] Hooks - ======================  Screenshot is captured  ======================
[INFO ] 2024-12-09 22:09:46.114 [TestNG-PoolService-2] Hooks - ======================  Test Execution is completed!! ======================
  &amp#27;[32mWhen &amp#27;[0m&amp#27;[32mThe user writes the valid python code and clicks on Run button&amp#27;[0m &amp#27;[90m# StepDefinitions.Tree.the_user_writes_the_valid_python_code_and_clicks_on_run_button()&amp#27;[0m
  &amp#27;[32mThen &amp#27;[0m&amp#27;[32mThe user is able to see the output inside the console.&amp#27;[0m         &amp#27;[90m# StepDefinitions.Tree.the_user_is_able_to_see_the_output_inside_the_console()&amp#27;[0m
[INFO ] 2024-12-09 22:09:46.321 [TestNG-PoolService-1] Hooks - ======================  Test Execution is completed!! ======================
]]></system-out>
  </testcase>
  <testcase name="runScenario[&quot;LL_Try Here Editor page with valid data&quot;, &quot;Linked List&quot;](81)" classname="TestRunners.TestRunner" time="0.497">
    <system-out><![CDATA[
Scenario: DS Algo Sign in Page with blank info                                                                                     &amp#27;[90m# src/test/resources/Features/LoginTestNav.feature:10&amp#27;[0m
]]></system-out>
  </testcase>
  <testcase name="runScenario[&quot;DS Algo Sign in Page with blank password&quot;, &quot;Login Feature&quot;](83)" classname="TestRunners.TestRunner" time="0.926">
    <system-out><![CDATA[
Scenario: DS Algo Sign in Page  with blank username                                               &amp#27;[90m# src/test/resources/Features/LoginTestNav.feature:26&amp#27;[0m
  &amp#27;[32mWhen &amp#27;[0m&amp#27;[32mThe user clicks login button after leaving the username textbox and paswword textbox blank from sheetname &amp#27;[0m&amp#27;[32m&amp#27;[1m"Login"&amp#27;[0m&amp#27;[32m and row &amp#27;[0m&amp#27;[32m&amp#27;[1m3&amp#27;[0m &amp#27;[90m# StepDefinitions.LoginStepDefinitions.the_user_clicks_login_button_after_leaving_the_textbox_and_textbox_blank(java.lang.String,java.lang.Integer)&amp#27;[0m
Actual message appeared on screen: Please fill out this field.
  &amp#27;[32mThen &amp#27;[0m&amp#27;[32mThe error message &amp#27;[0m&amp#27;[32m&amp#27;[1m"Please fill out this field."&amp#27;[0m&amp#27;[32m appears below Username textbox&amp#27;[0m                                              &amp#27;[90m# StepDefinitions.LoginStepDefinitions.the_error_message_appears_below_username_textbox(java.lang.String)&amp#27;[0m
[INFO ] 2024-12-09 22:09:56.397 [TestNG-PoolService-2] Hooks - ======================  Test Execution is completed!! ======================
]]></system-out>
  </testcase>
  <testcase name="runScenario[&quot;DS Algo Sign in Page with blank info&quot;, &quot;Login Feature&quot;](84)" classname="TestRunners.TestRunner" time="0.561">
    <system-out><![CDATA[
Scenario: DS Algo Sign in Page with invalid username and password                                                         &amp#27;[90m# src/test/resources/Features/LoginTestNav.feature:34&amp#27;[0m
]]></system-out>
  </testcase>
  <testcase name="runScenario[&quot;DS Algo Sign in Page with valid username and invalid password&quot;, &quot;Login Feature&quot;](86)" classname="TestRunners.TestRunner" time="0.889">
    <system-out><![CDATA[
Scenario: DS Algo Sign in Page  with valid username and Valid password                                          &amp#27;[90m# src/test/resources/Features/LoginTestNav.feature:50&amp#27;[0m
]]></system-out>
  </testcase>
  <testcase name="runScenario[&quot;DS Algo Sign in Page with invalid username and password&quot;, &quot;Login Feature&quot;](87)" classname="TestRunners.TestRunner" time="0.527">
    <system-out><![CDATA[
Scenario: Validate user navigated to queue details page when clicked on get started &amp#27;[90m# src/test/resources/Features/QueueDetails.feature:7&amp#27;[0m
]]></system-out>
  </testcase>
  <testcase name="runScenario[&quot;Validate user navigated to queue details page when clicked on get started&quot;, &quot;Queue Details page&quot;](90)" classname="TestRunners.TestRunner" time="0.814">
    <system-out><![CDATA[
Scenario: Validate user can open try editor page from Implementation of Queue in python &amp#27;[90m# src/test/resources/Features/QueueDetails.feature:15&amp#27;[0m
]]></system-out>
  </testcase>
  <testcase name="runScenario[&quot;Validate user can navigate to Implementation using collections.deque&quot;, &quot;Queue Details page&quot;](94)" classname="TestRunners.TestRunner" time="10.655">
    <system-out><![CDATA[
Scenario: Validate user can open try editor page from Implementation using collections.deque &amp#27;[90m# src/test/resources/Features/QueueDetails.feature:46&amp#27;[0m
[INFO ] 2024-12-09 22:10:33.785 [TestNG-PoolService-3] Hooks - ======================  New Test Execution is STARTED!! ======================
[INFO ] 2024-12-09 22:10:34.921 [TestNG-PoolService-1] Hooks - ======================  New Test Execution is STARTED!! ======================
[INFO ] 2024-12-09 22:10:35.754 [TestNG-PoolService-2] Hooks - ======================  New Test Execution is STARTED!! ======================
  &amp#27;[32mGiven &amp#27;[0m&amp#27;[32mThe user is on the DS Introduction page as signedIn&amp#27;[0m                                &amp#27;[90m# StepDefinitions.DSIntroductionDetails.the_user_is_on_the_ds_introduction_page_as_signed_in()&amp#27;[0m
  &amp#27;[32mAnd &amp#27;[0m&amp#27;[32mThe user clicks on Get started link for Queue&amp#27;[0m                                        &amp#27;[90m# StepDefinitions.QueueStepDefinitions.the_user_clicks_on_get_started_link_for_queue()&amp#27;[0m
  &amp#27;[32mGiven &amp#27;[0m&amp#27;[32mThe user on implementation Queue in python page&amp#27;[0m                                    &amp#27;[90m# StepDefinitions.QueueStepDefinitions.the_user_on_implementation_queue_in_python_page()&amp#27;[0m
  &amp#27;[32mGiven &amp#27;[0m&amp#27;[32mThe user is on the DS Introduction page as signedIn&amp#27;[0m                    &amp#27;[90m# StepDefinitions.DSIntroductionDetails.the_user_is_on_the_ds_introduction_page_as_signed_in()&amp#27;[0m
  &amp#27;[32mGiven &amp#27;[0m&amp#27;[32mThe user is on the DS Introduction page as signedIn&amp#27;[0m                                  &amp#27;[90m# StepDefinitions.DSIntroductionDetails.the_user_is_on_the_ds_introduction_page_as_signed_in()&amp#27;[0m
  &amp#27;[32mAnd &amp#27;[0m&amp#27;[32mThe user clicks on Get started link for Queue&amp#27;[0m                            &amp#27;[90m# StepDefinitions.QueueStepDefinitions.the_user_clicks_on_get_started_link_for_queue()&amp#27;[0m
  &amp#27;[32mAnd &amp#27;[0m&amp#27;[32mThe user clicks on Get started link for Queue&amp#27;[0m                                          &amp#27;[90m# StepDefinitions.QueueStepDefinitions.the_user_clicks_on_get_started_link_for_queue()&amp#27;[0m
  &amp#27;[32mGiven &amp#27;[0m&amp#27;[32mThe user is on Queue Details page&amp#27;[0m                                      &amp#27;[90m# StepDefinitions.QueueStepDefinitions.the_user_is_on_queue_details_page()&amp#27;[0m
  &amp#27;[32mGiven &amp#27;[0m&amp#27;[32mThe user on Implementation using collection.deque in python page&amp#27;[0m                     &amp#27;[90m# StepDefinitions.QueueStepDefinitions.the_user_on_implementation_using_collection_deque_in_python_page()&amp#27;[0m
  &amp#27;[32mAnd &amp#27;[0m&amp#27;[32mUser clicks Try here link&amp#27;[0m                                                            &amp#27;[90m# StepDefinitions.DSIntroductionDetails.user_clicks_try_here_link()&amp#27;[0m
  &amp#27;[32mWhen &amp#27;[0m&amp#27;[32mThe user click on Implementation using collections.deque link&amp#27;[0m           &amp#27;[90m# StepDefinitions.QueueStepDefinitions.the_user_click_on_implementation_using_collections_deque_link()&amp#27;[0m
  &amp#27;[32mWhen &amp#27;[0m&amp#27;[32mThe user write the valid code in Editor&amp#27;[0m                                             &amp#27;[90m# StepDefinitions.DSIntroductionDetails.the_user_write_the_valid_code_in_editor()&amp#27;[0m
  &amp#27;[32mThen &amp#27;[0m&amp#27;[32mthe user is navigated to Queue in collections.deque&amp#27;[0m                     &amp#27;[90m# StepDefinitions.QueueStepDefinitions.the_user_is_navigated_to_queue_in_collections_deque()&amp#27;[0m
[INFO ] 2024-12-09 22:10:38.737 [TestNG-PoolService-1] Hooks - ======================  Test Execution is completed!! ======================
  &amp#27;[32mAnd &amp#27;[0m&amp#27;[32mClick the Run button&amp#27;[0m                                                                 &amp#27;[90m# StepDefinitions.DSIntroductionDetails.click_the_run_button()&amp#27;[0m
  &amp#27;[32mThen &amp#27;[0m&amp#27;[32mThe user should able to see output in the console&amp#27;[0m                                   &amp#27;[90m# StepDefinitions.DSIntroductionDetails.the_user_should_able_to_see_output_in_the_console()&amp#27;[0m
[INFO ] 2024-12-09 22:10:38.994 [TestNG-PoolService-3] Hooks - ======================  Test Execution is completed!! ======================
  &amp#27;[32mWhen &amp#27;[0m&amp#27;[32mUser clicks Try here link&amp#27;[0m                                                             &amp#27;[90m# StepDefinitions.DSIntroductionDetails.user_clicks_try_here_link()&amp#27;[0m
  &amp#27;[32mThen &amp#27;[0m&amp#27;[32mUser should navigate to tryEditor page&amp#27;[0m                                                &amp#27;[90m# StepDefinitions.DSIntroductionDetails.user_should_navigate_to_try_editor_page()&amp#27;[0m
[INFO ] 2024-12-09 22:10:39.649 [TestNG-PoolService-2] Hooks - ======================  Test Execution is completed!! ======================
]]></system-out>
  </testcase>
  <testcase name="runScenario[&quot;Valid code on try editor for Implementation of Queue in python runs successfully&quot;, &quot;Queue Details page&quot;](95)" classname="TestRunners.TestRunner" time="0.104">
    <system-out><![CDATA[
Scenario: Error message displayed for invalid code on try editor for Implementation using collections.deque &amp#27;[90m# src/test/resources/Features/QueueDetails.feature:51&amp#27;[0m
]]></system-out>
  </testcase>
  <testcase name="runScenario[&quot;Validate user can open try editor page from Implementation using collections.deque&quot;, &quot;Queue Details page&quot;](96)" classname="TestRunners.TestRunner" time="0.382">
    <system-out><![CDATA[
Scenario: No error message displayed for empty code on try editor for Implementation using collections.deque &amp#27;[90m# src/test/resources/Features/QueueDetails.feature:58&amp#27;[0m
]]></system-out>
  </testcase>
  <testcase name="runScenario[&quot;Validate user can open try editor page from Implementation using collections.deque&quot;, &quot;Queue Details page&quot;](96)" classname="TestRunners.TestRunner" time="3.86">
    <system-out><![CDATA[
Scenario: No error message displayed for empty code on try editor for Implementation using collections.deque &amp#27;[90m# src/test/resources/Features/QueueDetails.feature:58&amp#27;[0m
  &amp#27;[32mGiven &amp#27;[0m&amp#27;[32mThe user is on the DS Introduction page as signedIn&amp#27;[0m                                  &amp#27;[90m# StepDefinitions.DSIntroductionDetails.the_user_is_on_the_ds_introduction_page_as_signed_in()&amp#27;[0m
  &amp#27;[32mAnd &amp#27;[0m&amp#27;[32mThe user clicks on Get started link for Queue&amp#27;[0m                                          &amp#27;[90m# StepDefinitions.QueueStepDefinitions.the_user_clicks_on_get_started_link_for_queue()&amp#27;[0m
  &amp#27;[32mGiven &amp#27;[0m&amp#27;[32mThe user on Implementation using collection.deque in python page&amp#27;[0m                     &amp#27;[90m# StepDefinitions.QueueStepDefinitions.the_user_on_implementation_using_collection_deque_in_python_page()&amp#27;[0m
  &amp#27;[32mWhen &amp#27;[0m&amp#27;[32mUser clicks Try here link&amp#27;[0m                                                             &amp#27;[90m# StepDefinitions.DSIntroductionDetails.user_clicks_try_here_link()&amp#27;[0m
  &amp#27;[32mThen &amp#27;[0m&amp#27;[32mUser should navigate to tryEditor page&amp#27;[0m                                                &amp#27;[90m# StepDefinitions.DSIntroductionDetails.user_should_navigate_to_try_editor_page()&amp#27;[0m
[INFO ] 2024-12-09 22:23:51.474 [TestNG-PoolService-1] Hooks - ======================  Test Execution is completed!! ======================
[INFO ] 2024-12-09 22:23:51.739 [TestNG-PoolService-2] Hooks - ======================  New Test Execution is STARTED!! ======================
[INFO ] 2024-12-09 22:23:52.559 [TestNG-PoolService-3] Hooks - ======================  New Test Execution is STARTED!! ======================
]]></system-out>
    <system-err><![CDATA[Dec 09, 2024 10:23:51 PM org.openqa.selenium.devtools.CdpVersionFinder findNearestMatch
WARNING: Unable to find an exact match for CDP version 131, returning the closest version; found: 130; Please update to a Selenium version that supports CDP version 131
Dec 09, 2024 10:23:52 PM org.openqa.selenium.devtools.CdpVersionFinder findNearestMatch
WARNING: Unable to find an exact match for CDP version 131, returning the closest version; found: 130; Please update to a Selenium version that supports CDP version 131
]]></system-err>
  </testcase>
  <testcase name="runScenario[&quot;Error message displayed for invalid code on try editor for Implementation using collections.deque&quot;, &quot;Queue Details page&quot;](97)" classname="TestRunners.TestRunner" time="11.684">
    <system-out><![CDATA[
Scenario: Valid code on try editor for Implementation using collections.deque runs successfully &amp#27;[90m# src/test/resources/Features/QueueDetails.feature:64&amp#27;[0m
[INFO ] 2024-12-09 22:10:45.178 [TestNG-PoolService-1] Hooks - ======================  New Test Execution is STARTED!! ======================
[INFO ] 2024-12-09 22:10:46.556 [TestNG-PoolService-2] Hooks - ======================  New Test Execution is STARTED!! ======================
[INFO ] 2024-12-09 22:10:47.348 [TestNG-PoolService-3] Hooks - ======================  New Test Execution is STARTED!! ======================
  &amp#27;[32mGiven &amp#27;[0m&amp#27;[32mThe user is on the DS Introduction page as signedIn&amp#27;[0m                                                 &amp#27;[90m# StepDefinitions.DSIntroductionDetails.the_user_is_on_the_ds_introduction_page_as_signed_in()&amp#27;[0m
  &amp#27;[32mAnd &amp#27;[0m&amp#27;[32mThe user clicks on Get started link for Queue&amp#27;[0m                                                         &amp#27;[90m# StepDefinitions.QueueStepDefinitions.the_user_clicks_on_get_started_link_for_queue()&amp#27;[0m
  &amp#27;[32mGiven &amp#27;[0m&amp#27;[32mThe user on Implementation using collection.deque in python page&amp#27;[0m                                    &amp#27;[90m# StepDefinitions.QueueStepDefinitions.the_user_on_implementation_using_collection_deque_in_python_page()&amp#27;[0m
  &amp#27;[32mGiven &amp#27;[0m&amp#27;[32mThe user is on the DS Introduction page as signedIn&amp#27;[0m                                     &amp#27;[90m# StepDefinitions.DSIntroductionDetails.the_user_is_on_the_ds_introduction_page_as_signed_in()&amp#27;[0m
  &amp#27;[32mGiven &amp#27;[0m&amp#27;[32mThe user is on the DS Introduction page as signedIn&amp#27;[0m                                                  &amp#27;[90m# StepDefinitions.DSIntroductionDetails.the_user_is_on_the_ds_introduction_page_as_signed_in()&amp#27;[0m
  &amp#27;[32mAnd &amp#27;[0m&amp#27;[32mThe user clicks on Get started link for Queue&amp#27;[0m                                             &amp#27;[90m# StepDefinitions.QueueStepDefinitions.the_user_clicks_on_get_started_link_for_queue()&amp#27;[0m
  &amp#27;[32mAnd &amp#27;[0m&amp#27;[32mThe user clicks on Get started link for Queue&amp#27;[0m                                                          &amp#27;[90m# StepDefinitions.QueueStepDefinitions.the_user_clicks_on_get_started_link_for_queue()&amp#27;[0m
  &amp#27;[32mGiven &amp#27;[0m&amp#27;[32mThe user on Implementation using collection.deque in python page&amp#27;[0m                        &amp#27;[90m# StepDefinitions.QueueStepDefinitions.the_user_on_implementation_using_collection_deque_in_python_page()&amp#27;[0m
  &amp#27;[32mGiven &amp#27;[0m&amp#27;[32mThe user on Implementation using collection.deque in python page&amp#27;[0m                                     &amp#27;[90m# StepDefinitions.QueueStepDefinitions.the_user_on_implementation_using_collection_deque_in_python_page()&amp#27;[0m
  &amp#27;[32mAnd &amp#27;[0m&amp#27;[32mUser clicks Try here link&amp#27;[0m                                                                             &amp#27;[90m# StepDefinitions.DSIntroductionDetails.user_clicks_try_here_link()&amp#27;[0m
  &amp#27;[32mWhen &amp#27;[0m&amp#27;[32mThe user write the invalid code in Editor&amp#27;[0m                                                            &amp#27;[90m# StepDefinitions.DSIntroductionDetails.the_user_write_the_invalid_code_in_editor()&amp#27;[0m
  &amp#27;[32mAnd &amp#27;[0m&amp#27;[32mClick the Run button&amp#27;[0m                                                                                  &amp#27;[90m# StepDefinitions.DSIntroductionDetails.click_the_run_button()&amp#27;[0m
  &amp#27;[32mThen &amp#27;[0m&amp#27;[32mThe user should able to see an error message in alert window&amp#27;[0m                                         &amp#27;[90m# StepDefinitions.DSIntroductionDetails.the_user_should_able_to_see_an_error_message_in_alert_window()&amp#27;[0m
[INFO ] 2024-12-09 22:10:51.016 [TestNG-PoolService-1] Hooks - ======================  Test Execution is completed!! ======================
  &amp#27;[32mAnd &amp#27;[0m&amp#27;[32mUser clicks Try here link&amp#27;[0m                                                                              &amp#27;[90m# StepDefinitions.DSIntroductionDetails.user_clicks_try_here_link()&amp#27;[0m
  &amp#27;[32mAnd &amp#27;[0m&amp#27;[32mUser clicks Try here link&amp#27;[0m                                                                 &amp#27;[90m# StepDefinitions.DSIntroductionDetails.user_clicks_try_here_link()&amp#27;[0m
  &amp#27;[32mWhen &amp#27;[0m&amp#27;[32mThe user write the valid code in Editor&amp#27;[0m                                                  &amp#27;[90m# StepDefinitions.DSIntroductionDetails.the_user_write_the_valid_code_in_editor()&amp#27;[0m
  &amp#27;[32mWhen &amp#27;[0m&amp#27;[32mClick the Run button&amp#27;[0m                                                                                  &amp#27;[90m# StepDefinitions.DSIntroductionDetails.click_the_run_button()&amp#27;[0m
  &amp#27;[32mThen &amp#27;[0m&amp#27;[32mThe user should not see any error message or alert&amp#27;[0m                                                    &amp#27;[90m# StepDefinitions.DSIntroductionDetails.the_user_should_not_see_any_error_message_or_alert()&amp#27;[0m
[INFO ] 2024-12-09 22:10:51.833 [TestNG-PoolService-3] Hooks - ======================  Test Execution is completed!! ======================
  &amp#27;[32mAnd &amp#27;[0m&amp#27;[32mClick the Run button&amp#27;[0m                                                                      &amp#27;[90m# StepDefinitions.DSIntroductionDetails.click_the_run_button()&amp#27;[0m
  &amp#27;[32mThen &amp#27;[0m&amp#27;[32mThe user should able to see output in the console&amp#27;[0m                                        &amp#27;[90m# StepDefinitions.DSIntroductionDetails.the_user_should_able_to_see_output_in_the_console()&amp#27;[0m
[INFO ] 2024-12-09 22:10:51.931 [TestNG-PoolService-2] Hooks - ======================  Test Execution is completed!! ======================
]]></system-out>
  </testcase>
  <testcase name="runScenario[&quot;Valid code on try editor for Implementation using collections.deque runs successfully&quot;, &quot;Queue Details page&quot;](99)" classname="TestRunners.TestRunner" time="0.273">
    <system-out><![CDATA[
Scenario: Validate user can open try editor page from Implementation using collections.deque &amp#27;[90m# src/test/resources/Features/QueueDetails.feature:76&amp#27;[0m
]]></system-out>
  </testcase>
  <testcase name="runScenario[&quot;Valid code on try editor for Implementation using collections.deque runs successfully&quot;, &quot;Queue Details page&quot;](99)" classname="TestRunners.TestRunner" time="1.61">
    <system-out><![CDATA[
Scenario: Validate user can open try editor page from Implementation using collections.deque &amp#27;[90m# src/test/resources/Features/QueueDetails.feature:76&amp#27;[0m
  &amp#27;[32mAnd &amp#27;[0m&amp#27;[32mUser clicks Try here link&amp#27;[0m                                                                 &amp#27;[90m# StepDefinitions.DSIntroductionDetails.user_clicks_try_here_link()&amp#27;[0m
  &amp#27;[32mWhen &amp#27;[0m&amp#27;[32mThe user write the valid code in Editor&amp#27;[0m                                                  &amp#27;[90m# StepDefinitions.DSIntroductionDetails.the_user_write_the_valid_code_in_editor()&amp#27;[0m
  &amp#27;[32mAnd &amp#27;[0m&amp#27;[32mClick the Run button&amp#27;[0m                                                                      &amp#27;[90m# StepDefinitions.DSIntroductionDetails.click_the_run_button()&amp#27;[0m
  &amp#27;[32mThen &amp#27;[0m&amp#27;[32mThe user should able to see output in the console&amp#27;[0m                                        &amp#27;[90m# StepDefinitions.DSIntroductionDetails.the_user_should_able_to_see_output_in_the_console()&amp#27;[0m
[INFO ] 2024-12-09 22:23:59.265 [TestNG-PoolService-1] Hooks - ======================  Test Execution is completed!! ======================
]]></system-out>
  </testcase>
  <testcase name="runScenario[&quot;Validate user can navigate to Implementation using collections.deque&quot;, &quot;Queue Details page&quot;](100)" classname="TestRunners.TestRunner" time="10.393">
    <system-out><![CDATA[
Scenario: Error message displayed for invalid code on try editor for Implementation using collections.deque &amp#27;[90m# src/test/resources/Features/QueueDetails.feature:81&amp#27;[0m
[INFO ] 2024-12-09 22:10:57.421 [TestNG-PoolService-1] Hooks - ======================  New Test Execution is STARTED!! ======================
[INFO ] 2024-12-09 22:10:58.892 [TestNG-PoolService-2] Hooks - ======================  New Test Execution is STARTED!! ======================
[INFO ] 2024-12-09 22:10:59.015 [TestNG-PoolService-3] Hooks - ======================  New Test Execution is STARTED!! ======================
  &amp#27;[32mGiven &amp#27;[0m&amp#27;[32mThe user is on the DS Introduction page as signedIn&amp#27;[0m                    &amp#27;[90m# StepDefinitions.DSIntroductionDetails.the_user_is_on_the_ds_introduction_page_as_signed_in()&amp#27;[0m
  &amp#27;[32mAnd &amp#27;[0m&amp#27;[32mThe user clicks on Get started link for Queue&amp#27;[0m                            &amp#27;[90m# StepDefinitions.QueueStepDefinitions.the_user_clicks_on_get_started_link_for_queue()&amp#27;[0m
  &amp#27;[32mGiven &amp#27;[0m&amp#27;[32mThe user is on Queue Details page&amp#27;[0m                                      &amp#27;[90m# StepDefinitions.QueueStepDefinitions.the_user_is_on_queue_details_page()&amp#27;[0m
  &amp#27;[32mGiven &amp#27;[0m&amp#27;[32mThe user is on the DS Introduction page as signedIn&amp#27;[0m                                  &amp#27;[90m# StepDefinitions.DSIntroductionDetails.the_user_is_on_the_ds_introduction_page_as_signed_in()&amp#27;[0m
  &amp#27;[32mAnd &amp#27;[0m&amp#27;[32mThe user clicks on Get started link for Queue&amp#27;[0m                                          &amp#27;[90m# StepDefinitions.QueueStepDefinitions.the_user_clicks_on_get_started_link_for_queue()&amp#27;[0m
  &amp#27;[32mWhen &amp#27;[0m&amp#27;[32mThe user click on Queue Operations&amp#27;[0m                                      &amp#27;[90m# StepDefinitions.QueueStepDefinitions.the_user_click_on_queue_operations()&amp#27;[0m
  &amp#27;[32mGiven &amp#27;[0m&amp#27;[32mThe user is on the DS Introduction page as signedIn&amp#27;[0m                                                 &amp#27;[90m# StepDefinitions.DSIntroductionDetails.the_user_is_on_the_ds_introduction_page_as_signed_in()&amp#27;[0m
  &amp#27;[32mThen &amp#27;[0m&amp#27;[32mthe user is navigated to Queue Operations Page&amp#27;[0m                          &amp#27;[90m# StepDefinitions.QueueStepDefinitions.the_user_is_navigated_to_queue_operations_page()&amp#27;[0m
[INFO ] 2024-12-09 22:11:01.771 [TestNG-PoolService-1] Hooks - ======================  Test Execution is completed!! ======================
  &amp#27;[32mGiven &amp#27;[0m&amp#27;[32mThe user is on Queue Operations page&amp#27;[0m                                                 &amp#27;[90m# StepDefinitions.QueueStepDefinitions.the_user_is_on_queue_operations_page()&amp#27;[0m
  &amp#27;[32mAnd &amp#27;[0m&amp#27;[32mThe user clicks on Get started link for Queue&amp#27;[0m                                                         &amp#27;[90m# StepDefinitions.QueueStepDefinitions.the_user_clicks_on_get_started_link_for_queue()&amp#27;[0m
  &amp#27;[32mGiven &amp#27;[0m&amp#27;[32mThe user is on Queue Operations page&amp#27;[0m                                                                &amp#27;[90m# StepDefinitions.QueueStepDefinitions.the_user_is_on_queue_operations_page()&amp#27;[0m
  &amp#27;[32mWhen &amp#27;[0m&amp#27;[32mUser clicks Try here link&amp#27;[0m                                                             &amp#27;[90m# StepDefinitions.DSIntroductionDetails.user_clicks_try_here_link()&amp#27;[0m
  &amp#27;[32mThen &amp#27;[0m&amp#27;[32mUser should navigate to tryEditor page&amp#27;[0m                                                &amp#27;[90m# StepDefinitions.DSIntroductionDetails.user_should_navigate_to_try_editor_page()&amp#27;[0m
[INFO ] 2024-12-09 22:11:03.187 [TestNG-PoolService-3] Hooks - ======================  Test Execution is completed!! ======================
  &amp#27;[32mAnd &amp#27;[0m&amp#27;[32mUser clicks Try here link&amp#27;[0m                                                                             &amp#27;[90m# StepDefinitions.DSIntroductionDetails.user_clicks_try_here_link()&amp#27;[0m
  &amp#27;[32mWhen &amp#27;[0m&amp#27;[32mThe user write the invalid code in Editor&amp#27;[0m                                                            &amp#27;[90m# StepDefinitions.DSIntroductionDetails.the_user_write_the_invalid_code_in_editor()&amp#27;[0m
]]></system-out>
  </testcase>
  <testcase name="runScenario[&quot;Validate user can navigate to Implementation using collections.deque&quot;, &quot;Queue Details page&quot;](100)" classname="TestRunners.TestRunner" time="6.8">
    <system-out><![CDATA[
Scenario: Error message displayed for invalid code on try editor for Implementation using collections.deque &amp#27;[90m# src/test/resources/Features/QueueDetails.feature:81&amp#27;[0m
[INFO ] 2024-12-09 22:24:00.857 [TestNG-PoolService-3] Hooks - ======================  New Test Execution is STARTED!! ======================
[INFO ] 2024-12-09 22:24:01.837 [TestNG-PoolService-2] Hooks - ======================  New Test Execution is STARTED!! ======================
[INFO ] 2024-12-09 22:24:03.678 [TestNG-PoolService-1] Hooks - ======================  New Test Execution is STARTED!! ======================
  &amp#27;[32mGiven &amp#27;[0m&amp#27;[32mThe user is on the DS Introduction page as signedIn&amp#27;[0m                    &amp#27;[90m# StepDefinitions.DSIntroductionDetails.the_user_is_on_the_ds_introduction_page_as_signed_in()&amp#27;[0m
  &amp#27;[32mAnd &amp#27;[0m&amp#27;[32mThe user clicks on Get started link for Queue&amp#27;[0m                            &amp#27;[90m# StepDefinitions.QueueStepDefinitions.the_user_clicks_on_get_started_link_for_queue()&amp#27;[0m
  &amp#27;[32mGiven &amp#27;[0m&amp#27;[32mThe user is on Queue Details page&amp#27;[0m                                      &amp#27;[90m# StepDefinitions.QueueStepDefinitions.the_user_is_on_queue_details_page()&amp#27;[0m
  &amp#27;[32mGiven &amp#27;[0m&amp#27;[32mThe user is on the DS Introduction page as signedIn&amp#27;[0m                                  &amp#27;[90m# StepDefinitions.DSIntroductionDetails.the_user_is_on_the_ds_introduction_page_as_signed_in()&amp#27;[0m
  &amp#27;[32mAnd &amp#27;[0m&amp#27;[32mThe user clicks on Get started link for Queue&amp#27;[0m                                          &amp#27;[90m# StepDefinitions.QueueStepDefinitions.the_user_clicks_on_get_started_link_for_queue()&amp#27;[0m
  &amp#27;[32mWhen &amp#27;[0m&amp#27;[32mThe user click on Queue Operations&amp#27;[0m                                      &amp#27;[90m# StepDefinitions.QueueStepDefinitions.the_user_click_on_queue_operations()&amp#27;[0m
  &amp#27;[32mThen &amp#27;[0m&amp#27;[32mthe user is navigated to Queue Operations Page&amp#27;[0m                          &amp#27;[90m# StepDefinitions.QueueStepDefinitions.the_user_is_navigated_to_queue_operations_page()&amp#27;[0m
[INFO ] 2024-12-09 22:24:05.713 [TestNG-PoolService-3] Hooks - ======================  Test Execution is completed!! ======================
  &amp#27;[32mGiven &amp#27;[0m&amp#27;[32mThe user is on Queue Operations page&amp#27;[0m                                                 &amp#27;[90m# StepDefinitions.QueueStepDefinitions.the_user_is_on_queue_operations_page()&amp#27;[0m
  &amp#27;[32mWhen &amp#27;[0m&amp#27;[32mUser clicks Try here link&amp#27;[0m                                                             &amp#27;[90m# StepDefinitions.DSIntroductionDetails.user_clicks_try_here_link()&amp#27;[0m
  &amp#27;[32mThen &amp#27;[0m&amp#27;[32mUser should navigate to tryEditor page&amp#27;[0m                                                &amp#27;[90m# StepDefinitions.DSIntroductionDetails.user_should_navigate_to_try_editor_page()&amp#27;[0m
[INFO ] 2024-12-09 22:24:06.816 [TestNG-PoolService-2] Hooks - ======================  Test Execution is completed!! ======================
]]></system-out>
    <system-err><![CDATA[Dec 09, 2024 10:24:00 PM org.openqa.selenium.devtools.CdpVersionFinder findNearestMatch
WARNING: Unable to find an exact match for CDP version 131, returning the closest version; found: 130; Please update to a Selenium version that supports CDP version 131
Dec 09, 2024 10:24:01 PM org.openqa.selenium.devtools.CdpVersionFinder findNearestMatch
WARNING: Unable to find an exact match for CDP version 131, returning the closest version; found: 130; Please update to a Selenium version that supports CDP version 131
Dec 09, 2024 10:24:03 PM org.openqa.selenium.devtools.CdpVersionFinder findNearestMatch
WARNING: Unable to find an exact match for CDP version 131, returning the closest version; found: 130; Please update to a Selenium version that supports CDP version 131
]]></system-err>
  </testcase>
  <testcase name="runScenario[&quot;Validate user can navigate to Implementation using collections.deque&quot;, &quot;Queue Details page&quot;](103)" classname="TestRunners.TestRunner" time="10.016">
    <system-out><![CDATA[
Scenario: Validate user can navigate to Implementation using collections.deque &amp#27;[90m# src/test/resources/Features/QueueDetails.feature:101&amp#27;[0m
[INFO ] 2024-12-09 22:11:08.844 [TestNG-PoolService-1] Hooks - ======================  New Test Execution is STARTED!! ======================
[INFO ] 2024-12-09 22:11:10.421 [TestNG-PoolService-3] Hooks - ======================  New Test Execution is STARTED!! ======================
[INFO ] 2024-12-09 22:11:10.955 [TestNG-PoolService-2] Hooks - ======================  New Test Execution is STARTED!! ======================
  &amp#27;[32mGiven &amp#27;[0m&amp#27;[32mThe user is on the DS Introduction page as signedIn&amp#27;[0m                                                  &amp#27;[90m# StepDefinitions.DSIntroductionDetails.the_user_is_on_the_ds_introduction_page_as_signed_in()&amp#27;[0m
  &amp#27;[32mAnd &amp#27;[0m&amp#27;[32mThe user clicks on Get started link for Queue&amp#27;[0m                                                          &amp#27;[90m# StepDefinitions.QueueStepDefinitions.the_user_clicks_on_get_started_link_for_queue()&amp#27;[0m
  &amp#27;[32mGiven &amp#27;[0m&amp#27;[32mThe user is on Queue Operations page&amp#27;[0m                                                                 &amp#27;[90m# StepDefinitions.QueueStepDefinitions.the_user_is_on_queue_operations_page()&amp#27;[0m
  &amp#27;[32mGiven &amp#27;[0m&amp#27;[32mThe user is on the DS Introduction page as signedIn&amp#27;[0m                                     &amp#27;[90m# StepDefinitions.DSIntroductionDetails.the_user_is_on_the_ds_introduction_page_as_signed_in()&amp#27;[0m
  &amp#27;[32mGiven &amp#27;[0m&amp#27;[32mThe user is on the DS Introduction page as signedIn&amp#27;[0m                    &amp#27;[90m# StepDefinitions.DSIntroductionDetails.the_user_is_on_the_ds_introduction_page_as_signed_in()&amp#27;[0m
  &amp#27;[32mAnd &amp#27;[0m&amp#27;[32mThe user clicks on Get started link for Queue&amp#27;[0m                            &amp#27;[90m# StepDefinitions.QueueStepDefinitions.the_user_clicks_on_get_started_link_for_queue()&amp#27;[0m
  &amp#27;[32mAnd &amp#27;[0m&amp#27;[32mThe user clicks on Get started link for Queue&amp#27;[0m                                             &amp#27;[90m# StepDefinitions.QueueStepDefinitions.the_user_clicks_on_get_started_link_for_queue()&amp#27;[0m
  &amp#27;[32mGiven &amp#27;[0m&amp#27;[32mThe user is on Queue Details page&amp#27;[0m                                      &amp#27;[90m# StepDefinitions.QueueStepDefinitions.the_user_is_on_queue_details_page()&amp#27;[0m
  &amp#27;[32mGiven &amp#27;[0m&amp#27;[32mThe user is on Queue Operations page&amp#27;[0m                                                    &amp#27;[90m# StepDefinitions.QueueStepDefinitions.the_user_is_on_queue_operations_page()&amp#27;[0m
  &amp#27;[32mWhen &amp#27;[0m&amp#27;[32mThe user click on Implementation using array link&amp#27;[0m                       &amp#27;[90m# StepDefinitions.QueueStepDefinitions.the_user_click_on_implementation_using_array_link()&amp#27;[0m
  &amp#27;[32mThen &amp#27;[0m&amp#27;[32mthe user is navigated to Implementation using array page&amp#27;[0m                &amp#27;[90m# StepDefinitions.QueueStepDefinitions.the_user_is_navigated_to_implementation_using_array_page()&amp#27;[0m
[INFO ] 2024-12-09 22:11:13.949 [TestNG-PoolService-2] Hooks - ======================  Test Execution is completed!! ======================
  &amp#27;[32mAnd &amp#27;[0m&amp#27;[32mUser clicks Try here link&amp#27;[0m                                                                              &amp#27;[90m# StepDefinitions.DSIntroductionDetails.user_clicks_try_here_link()&amp#27;[0m
  &amp#27;[32mWhen &amp#27;[0m&amp#27;[32mClick the Run button&amp#27;[0m                                                                                  &amp#27;[90m# StepDefinitions.DSIntroductionDetails.click_the_run_button()&amp#27;[0m
  &amp#27;[32mThen &amp#27;[0m&amp#27;[32mThe user should not see any error message or alert&amp#27;[0m                                                    &amp#27;[90m# StepDefinitions.DSIntroductionDetails.the_user_should_not_see_any_error_message_or_alert()&amp#27;[0m
[INFO ] 2024-12-09 22:11:14.283 [TestNG-PoolService-1] Hooks - ======================  Test Execution is completed!! ======================
  &amp#27;[32mAnd &amp#27;[0m&amp#27;[32mUser clicks Try here link&amp#27;[0m                                                                 &amp#27;[90m# StepDefinitions.DSIntroductionDetails.user_clicks_try_here_link()&amp#27;[0m
  &amp#27;[32mWhen &amp#27;[0m&amp#27;[32mThe user write the invalid code in Editor&amp#27;[0m                                                &amp#27;[90m# StepDefinitions.DSIntroductionDetails.the_user_write_the_invalid_code_in_editor()&amp#27;[0m
  &amp#27;[32mAnd &amp#27;[0m&amp#27;[32mClick the Run button&amp#27;[0m                                                                      &amp#27;[90m# StepDefinitions.DSIntroductionDetails.click_the_run_button()&amp#27;[0m
  &amp#27;[32mThen &amp#27;[0m&amp#27;[32mThe user should able to see an error message in alert window&amp#27;[0m                             &amp#27;[90m# StepDefinitions.DSIntroductionDetails.the_user_should_able_to_see_an_error_message_in_alert_window()&amp#27;[0m
[INFO ] 2024-12-09 22:11:15.136 [TestNG-PoolService-3] Hooks - ======================  Test Execution is completed!! ======================
]]></system-out>
  </testcase>
  <testcase name="runScenario[&quot;No error message displayed for empty code on try editor for Implementation using collections.deque&quot;, &quot;Queue Details page&quot;](104)" classname="TestRunners.TestRunner" time="0.574">
    <system-out><![CDATA[
Scenario: Validate user can open try editor page from Implementation using collections.deque &amp#27;[90m# src/test/resources/Features/QueueDetails.feature:106&amp#27;[0m
]]></system-out>
  </testcase>
  <testcase name="runScenario[&quot;Valid code on try editor for Implementation using collections.deque runs successfully&quot;, &quot;Queue Details page&quot;](105)" classname="TestRunners.TestRunner" time="0.536">
    <system-out><![CDATA[
Scenario: Error message displayed for invalid code on try editor for Implementation using collections.deque &amp#27;[90m# src/test/resources/Features/QueueDetails.feature:111&amp#27;[0m
]]></system-out>
  </testcase>
  <testcase name="runScenario[&quot;Validate user can open try editor page from Implementation using collections.deque&quot;, &quot;Queue Details page&quot;](106)" classname="TestRunners.TestRunner" time="11.24">
    <system-out><![CDATA[
Scenario: No error message displayed for empty code on try editor for Implementation using collections.deque &amp#27;[90m# src/test/resources/Features/QueueDetails.feature:118&amp#27;[0m
[INFO ] 2024-12-09 22:11:20.373 [TestNG-PoolService-2] Hooks - ======================  New Test Execution is STARTED!! ======================
[INFO ] 2024-12-09 22:11:21.727 [TestNG-PoolService-1] Hooks - ======================  New Test Execution is STARTED!! ======================
[INFO ] 2024-12-09 22:11:22.138 [TestNG-PoolService-3] Hooks - ======================  New Test Execution is STARTED!! ======================
  &amp#27;[32mGiven &amp#27;[0m&amp#27;[32mThe user is on the DS Introduction page as signedIn&amp#27;[0m                                  &amp#27;[90m# StepDefinitions.DSIntroductionDetails.the_user_is_on_the_ds_introduction_page_as_signed_in()&amp#27;[0m
  &amp#27;[32mAnd &amp#27;[0m&amp#27;[32mThe user clicks on Get started link for Queue&amp#27;[0m                                          &amp#27;[90m# StepDefinitions.QueueStepDefinitions.the_user_clicks_on_get_started_link_for_queue()&amp#27;[0m
  &amp#27;[32mGiven &amp#27;[0m&amp#27;[32mThe user is on Implementation using array page&amp#27;[0m                                       &amp#27;[90m# StepDefinitions.QueueStepDefinitions.the_user_is_on_implementation_using_array_page()&amp#27;[0m
  &amp#27;[32mGiven &amp#27;[0m&amp#27;[32mThe user is on the DS Introduction page as signedIn&amp#27;[0m                                                  &amp#27;[90m# StepDefinitions.DSIntroductionDetails.the_user_is_on_the_ds_introduction_page_as_signed_in()&amp#27;[0m
  &amp#27;[32mGiven &amp#27;[0m&amp#27;[32mThe user is on the DS Introduction page as signedIn&amp#27;[0m                                                 &amp#27;[90m# StepDefinitions.DSIntroductionDetails.the_user_is_on_the_ds_introduction_page_as_signed_in()&amp#27;[0m
  &amp#27;[32mAnd &amp#27;[0m&amp#27;[32mThe user clicks on Get started link for Queue&amp#27;[0m                                                          &amp#27;[90m# StepDefinitions.QueueStepDefinitions.the_user_clicks_on_get_started_link_for_queue()&amp#27;[0m
  &amp#27;[32mAnd &amp#27;[0m&amp#27;[32mThe user clicks on Get started link for Queue&amp#27;[0m                                                         &amp#27;[90m# StepDefinitions.QueueStepDefinitions.the_user_clicks_on_get_started_link_for_queue()&amp#27;[0m
  &amp#27;[32mGiven &amp#27;[0m&amp#27;[32mThe user is on Implementation using array page&amp#27;[0m                                                       &amp#27;[90m# StepDefinitions.QueueStepDefinitions.the_user_is_on_implementation_using_array_page()&amp#27;[0m
  &amp#27;[32mGiven &amp#27;[0m&amp#27;[32mThe user is on Implementation using array page&amp#27;[0m                                                      &amp#27;[90m# StepDefinitions.QueueStepDefinitions.the_user_is_on_implementation_using_array_page()&amp#27;[0m
  &amp#27;[32mWhen &amp#27;[0m&amp#27;[32mUser clicks Try here link&amp#27;[0m                                                             &amp#27;[90m# StepDefinitions.DSIntroductionDetails.user_clicks_try_here_link()&amp#27;[0m
  &amp#27;[32mThen &amp#27;[0m&amp#27;[32mUser should navigate to tryEditor page&amp#27;[0m                                                &amp#27;[90m# StepDefinitions.DSIntroductionDetails.user_should_navigate_to_try_editor_page()&amp#27;[0m
[INFO ] 2024-12-09 22:11:25.821 [TestNG-PoolService-2] Hooks - ======================  Test Execution is completed!! ======================
  &amp#27;[32mAnd &amp#27;[0m&amp#27;[32mUser clicks Try here link&amp#27;[0m                                                                              &amp#27;[90m# StepDefinitions.DSIntroductionDetails.user_clicks_try_here_link()&amp#27;[0m
  &amp#27;[32mAnd &amp#27;[0m&amp#27;[32mUser clicks Try here link&amp#27;[0m                                                                             &amp#27;[90m# StepDefinitions.DSIntroductionDetails.user_clicks_try_here_link()&amp#27;[0m
  &amp#27;[32mWhen &amp#27;[0m&amp#27;[32mThe user write the invalid code in Editor&amp#27;[0m                                                            &amp#27;[90m# StepDefinitions.DSIntroductionDetails.the_user_write_the_invalid_code_in_editor()&amp#27;[0m
  &amp#27;[32mWhen &amp#27;[0m&amp#27;[32mClick the Run button&amp#27;[0m                                                                                  &amp#27;[90m# StepDefinitions.DSIntroductionDetails.click_the_run_button()&amp#27;[0m
  &amp#27;[32mThen &amp#27;[0m&amp#27;[32mThe user should not see any error message or alert&amp#27;[0m                                                    &amp#27;[90m# StepDefinitions.DSIntroductionDetails.the_user_should_not_see_any_error_message_or_alert()&amp#27;[0m
[INFO ] 2024-12-09 22:11:26.688 [TestNG-PoolService-3] Hooks - ======================  Test Execution is completed!! ======================
  &amp#27;[32mAnd &amp#27;[0m&amp#27;[32mClick the Run button&amp#27;[0m                                                                                  &amp#27;[90m# StepDefinitions.DSIntroductionDetails.click_the_run_button()&amp#27;[0m
  &amp#27;[32mThen &amp#27;[0m&amp#27;[32mThe user should able to see an error message in alert window&amp#27;[0m                                         &amp#27;[90m# StepDefinitions.DSIntroductionDetails.the_user_should_able_to_see_an_error_message_in_alert_window()&amp#27;[0m
[INFO ] 2024-12-09 22:11:26.905 [TestNG-PoolService-1] Hooks - ======================  Test Execution is completed!! ======================
]]></system-out>
  </testcase>
  <testcase name="runScenario[&quot;Validate user can open try editor page from Implementation using collections.deque&quot;, &quot;Queue Details page&quot;](106)" classname="TestRunners.TestRunner" time="7.197">
    <system-out><![CDATA[
Scenario: No error message displayed for empty code on try editor for Implementation using collections.deque &amp#27;[90m# src/test/resources/Features/QueueDetails.feature:118&amp#27;[0m
[INFO ] 2024-12-09 22:24:20.240 [TestNG-PoolService-2] Hooks - ======================  New Test Execution is STARTED!! ======================
  &amp#27;[32mGiven &amp#27;[0m&amp#27;[32mThe user is on the DS Introduction page as signedIn&amp#27;[0m                                  &amp#27;[90m# StepDefinitions.DSIntroductionDetails.the_user_is_on_the_ds_introduction_page_as_signed_in()&amp#27;[0m
[INFO ] 2024-12-09 22:24:21.864 [TestNG-PoolService-1] Hooks - ======================  New Test Execution is STARTED!! ======================
  &amp#27;[32mAnd &amp#27;[0m&amp#27;[32mThe user clicks on Get started link for Queue&amp#27;[0m                                          &amp#27;[90m# StepDefinitions.QueueStepDefinitions.the_user_clicks_on_get_started_link_for_queue()&amp#27;[0m
  &amp#27;[32mGiven &amp#27;[0m&amp#27;[32mThe user is on Implementation using array page&amp#27;[0m                                       &amp#27;[90m# StepDefinitions.QueueStepDefinitions.the_user_is_on_implementation_using_array_page()&amp#27;[0m
  &amp#27;[32mGiven &amp#27;[0m&amp#27;[32mThe user is on the DS Introduction page as signedIn&amp#27;[0m                                                 &amp#27;[90m# StepDefinitions.DSIntroductionDetails.the_user_is_on_the_ds_introduction_page_as_signed_in()&amp#27;[0m
  &amp#27;[32mAnd &amp#27;[0m&amp#27;[32mThe user clicks on Get started link for Queue&amp#27;[0m                                                         &amp#27;[90m# StepDefinitions.QueueStepDefinitions.the_user_clicks_on_get_started_link_for_queue()&amp#27;[0m
  &amp#27;[32mWhen &amp#27;[0m&amp#27;[32mUser clicks Try here link&amp#27;[0m                                                             &amp#27;[90m# StepDefinitions.DSIntroductionDetails.user_clicks_try_here_link()&amp#27;[0m
  &amp#27;[32mThen &amp#27;[0m&amp#27;[32mUser should navigate to tryEditor page&amp#27;[0m                                                &amp#27;[90m# StepDefinitions.DSIntroductionDetails.user_should_navigate_to_try_editor_page()&amp#27;[0m
[INFO ] 2024-12-09 22:24:24.608 [TestNG-PoolService-3] Hooks - ======================  Test Execution is completed!! ======================
  &amp#27;[32mGiven &amp#27;[0m&amp#27;[32mThe user is on Implementation using array page&amp#27;[0m                                                      &amp#27;[90m# StepDefinitions.QueueStepDefinitions.the_user_is_on_implementation_using_array_page()&amp#27;[0m
  &amp#27;[32mGiven &amp#27;[0m&amp#27;[32mThe user is on the DS Introduction page as signedIn&amp#27;[0m                                                  &amp#27;[90m# StepDefinitions.DSIntroductionDetails.the_user_is_on_the_ds_introduction_page_as_signed_in()&amp#27;[0m
  &amp#27;[32mAnd &amp#27;[0m&amp#27;[32mThe user clicks on Get started link for Queue&amp#27;[0m                                                          &amp#27;[90m# StepDefinitions.QueueStepDefinitions.the_user_clicks_on_get_started_link_for_queue()&amp#27;[0m
  &amp#27;[32mGiven &amp#27;[0m&amp#27;[32mThe user is on Implementation using array page&amp#27;[0m                                                       &amp#27;[90m# StepDefinitions.QueueStepDefinitions.the_user_is_on_implementation_using_array_page()&amp#27;[0m
]]></system-out>
    <system-err><![CDATA[Dec 09, 2024 10:24:20 PM org.openqa.selenium.devtools.CdpVersionFinder findNearestMatch
WARNING: Unable to find an exact match for CDP version 131, returning the closest version; found: 130; Please update to a Selenium version that supports CDP version 131
Dec 09, 2024 10:24:21 PM org.openqa.selenium.devtools.CdpVersionFinder findNearestMatch
WARNING: Unable to find an exact match for CDP version 131, returning the closest version; found: 130; Please update to a Selenium version that supports CDP version 131
]]></system-err>
  </testcase>
  <testcase name="runScenario[&quot;No error message displayed for empty code on try editor for Implementation using collections.deque&quot;, &quot;Queue Details page&quot;](107)" classname="TestRunners.TestRunner" time="0.297">
    <system-out><![CDATA[
Scenario: Valid code on try editor for Implementation using collections.deque runs successfully &amp#27;[90m# src/test/resources/Features/QueueDetails.feature:124&amp#27;[0m
]]></system-out>
  </testcase>
  <testcase name="runScenario[&quot;Error message displayed for invalid code on try editor for Implementation using collections.deque&quot;, &quot;Queue Details page&quot;](108)" classname="TestRunners.TestRunner" time="0.363">
    <system-out><![CDATA[
Scenario Outline: New user registration page with all fields empty and Register button is clicked                     &amp#27;[90m# src/test/resources/Features/Registration.feature:13&amp#27;[0m
]]></system-out>
  </testcase>
  <testcase name="runScenario[&quot;New user registration page with only username entered&quot;, &quot;Registration&quot;](109)" classname="TestRunners.TestRunner" time="9.445">
    <system-out><![CDATA[
Scenario Outline: New user registration page with only username entered                                                                         &amp#27;[90m# src/test/resources/Features/Registration.feature:20&amp#27;[0m
[INFO ] 2024-12-09 22:11:32.565 [TestNG-PoolService-2] Hooks - ======================  New Test Execution is STARTED!! ======================
[INFO ] 2024-12-09 22:11:33.680 [TestNG-PoolService-3] Hooks - ======================  New Test Execution is STARTED!! ======================
[INFO ] 2024-12-09 22:11:34.555 [TestNG-PoolService-1] Hooks - ======================  New Test Execution is STARTED!! ======================
  &amp#27;[32mGiven &amp#27;[0m&amp#27;[32mThe user is on the DS Introduction page as signedIn&amp#27;[0m                                     &amp#27;[90m# StepDefinitions.DSIntroductionDetails.the_user_is_on_the_ds_introduction_page_as_signed_in()&amp#27;[0m
  &amp#27;[32mGiven &amp#27;[0m&amp#27;[32mThe user is on the new user registration page&amp#27;[0m                                                                 &amp#27;[90m# StepDefinitions.Registration.the_user_is_on_the_new_user_registration_page()&amp#27;[0m
  &amp#27;[32mAnd &amp#27;[0m&amp#27;[32mThe user clicks on Get started link for Queue&amp#27;[0m                                             &amp#27;[90m# StepDefinitions.QueueStepDefinitions.the_user_clicks_on_get_started_link_for_queue()&amp#27;[0m
  &amp#27;[32mGiven &amp#27;[0m&amp#27;[32mThe user is on the new user registration page&amp#27;[0m                                                                                           &amp#27;[90m# StepDefinitions.Registration.the_user_is_on_the_new_user_registration_page()&amp#27;[0m
  &amp#27;[32mWhen &amp#27;[0m&amp#27;[32mThe user clicks Register button with all fields empty on registration form from sheetname &amp#27;[0m&amp#27;[32m&amp#27;[1m"register"&amp#27;[0m&amp#27;[32m and row &amp#27;[0m&amp#27;[32m&amp#27;[1m0&amp#27;[0m &amp#27;[90m# StepDefinitions.Registration.the_user_clicks_register_button_with_all_fields_empty_on_registration_form_from_sheetname(java.lang.String,java.lang.Integer)&amp#27;[0m
[ERROR] 2024-12-09 22:11:36.403 [TestNG-PoolService-3] Registration - 
  &amp#27;[32mThen &amp#27;[0m&amp#27;[32mThe error Please fill out this field appears below Username textbox&amp#27;[0m                                            &amp#27;[90m# StepDefinitions.Registration.the_error_please_fill_out_this_field_appears_below_username_textbox()&amp#27;[0m
  &amp#27;[32mGiven &amp#27;[0m&amp#27;[32mThe user is on Implementation using array page&amp#27;[0m                                          &amp#27;[90m# StepDefinitions.QueueStepDefinitions.the_user_is_on_implementation_using_array_page()&amp#27;[0m
[INFO ] 2024-12-09 22:11:36.407 [TestNG-PoolService-3] Hooks - ======================  Test Execution is completed!! ======================
  &amp#27;[32mWhen &amp#27;[0m&amp#27;[32mThe user clicks Register button after entering Username with other fields empty on registration form from sheetname &amp#27;[0m&amp#27;[32m&amp#27;[1m"register"&amp#27;[0m&amp#27;[32m and row &amp#27;[0m&amp#27;[32m&amp#27;[1m1&amp#27;[0m &amp#27;[90m# StepDefinitions.Registration.the_user_clicks_register_button_after_entering_username_with_other_fields_empty_on_registration_form_from_sheetname(java.lang.String,java.lang.Integer)&amp#27;[0m
  &amp#27;[32mThen &amp#27;[0m&amp#27;[32mThe error message Please fill out this field. appears below Password textbox&amp#27;[0m                                                             &amp#27;[90m# StepDefinitions.Registration.the_error_message_please_fill_out_this_field_appears_below_password_textbox()&amp#27;[0m
[INFO ] 2024-12-09 22:11:36.592 [TestNG-PoolService-1] Hooks - ======================  Test Execution is completed!! ======================
  &amp#27;[32mAnd &amp#27;[0m&amp#27;[32mUser clicks Try here link&amp#27;[0m                                                                 &amp#27;[90m# StepDefinitions.DSIntroductionDetails.user_clicks_try_here_link()&amp#27;[0m
  &amp#27;[32mWhen &amp#27;[0m&amp#27;[32mThe user write the valid code in Editor&amp#27;[0m                                                  &amp#27;[90m# StepDefinitions.DSIntroductionDetails.the_user_write_the_valid_code_in_editor()&amp#27;[0m
  &amp#27;[32mAnd &amp#27;[0m&amp#27;[32mClick the Run button&amp#27;[0m                                                                      &amp#27;[90m# StepDefinitions.DSIntroductionDetails.click_the_run_button()&amp#27;[0m
  &amp#27;[32mThen &amp#27;[0m&amp#27;[32mThe user should able to see output in the console&amp#27;[0m                                        &amp#27;[90m# StepDefinitions.DSIntroductionDetails.the_user_should_able_to_see_output_in_the_console()&amp#27;[0m
[INFO ] 2024-12-09 22:11:37.860 [TestNG-PoolService-2] Hooks - ======================  Test Execution is completed!! ======================
]]></system-out>
  </testcase>
  <testcase name="runScenario[&quot;Valid code on try editor for Implementation using collections.deque runs successfully&quot;, &quot;Queue Details page&quot;](111)" classname="TestRunners.TestRunner" time="1.151">
    <system-out><![CDATA[
Scenario Outline: New user registration page with username entered with a space inbetween                                                                                        &amp#27;[90m# src/test/resources/Features/Registration.feature:35&amp#27;[0m
]]></system-out>
  </testcase>
  <testcase name="runScenario[&quot;New user registration page with valid username but only numeric password and confirm password&quot;, &quot;Registration&quot;](113)" classname="TestRunners.TestRunner" time="0.796">
    <failure message="expected [Invalid password] but found [password_mismatch:The two password fields didn’t match.]" type="java.lang.AssertionError"><![CDATA[java.lang.AssertionError: expected [Invalid password] but found [password_mismatch:The two password fields didn’t match.]
]]></failure>
    <system-out><![CDATA[
Scenario Outline: New user registration page with valid username but password and confirm password fields has less than eight characters                  &amp#27;[90m# src/test/resources/Features/Registration.feature:50&amp#27;[0m
]]></system-out>
  </testcase>
  <testcase name="runScenario[&quot;New user registration page with username entered with a space inbetween&quot;, &quot;Registration&quot;](114)" classname="TestRunners.TestRunner" time="0.082">
    <failure message="expected [NumpyNinja] but found [Registration]" type="java.lang.AssertionError"><![CDATA[java.lang.AssertionError: expected [NumpyNinja] but found [Registration]
]]></failure>
    <system-out><![CDATA[
Scenario Outline: New user registration page on registration with different passwords entered in password and confirm password fields                           &amp#27;[90m# src/test/resources/Features/Registration.feature:58&amp#27;[0m
]]></system-out>
  </testcase>
  <testcase name="runScenario[&quot;Validate user navigated to stack details page when clicked on get started&quot;, &quot;Stack page&quot;](119)" classname="TestRunners.TestRunner" time="1.746">
    <system-out><![CDATA[
Scenario: Validate user can navigate to Operations in Stack page &amp#27;[90m# src/test/resources/Features/StackPage.feature:11&amp#27;[0m
  &amp#27;[32mAnd &amp#27;[0m&amp#27;[32mThe user clicks on Get Started link for stack&amp#27;[0m                                 &amp#27;[90m# StepDefinitions.StackStepDefinitions.the_user_clicks_on_get_started_link_for_stack()&amp#27;[0m
  &amp#27;[32mThen &amp#27;[0m&amp#27;[32mThe user is on the stack details page&amp#27;[0m                                        &amp#27;[90m# StepDefinitions.StackStepDefinitions.the_user_is_on_the_stack_details_page()&amp#27;[0m
[INFO ] 2024-12-09 22:12:06.626 [TestNG-PoolService-2] Hooks - ======================  Test Execution is completed!! ======================
]]></system-out>
  </testcase>
  <testcase name="runScenario[&quot;New user registration page where SignIn button is clicked&quot;, &quot;Registration&quot;](120)" classname="TestRunners.TestRunner" time="0.016">
    <system-out><![CDATA[
Scenario: Validate user can Try here link page from Operations in Stack &amp#27;[90m# src/test/resources/Features/StackPage.feature:16&amp#27;[0m
]]></system-out>
  </testcase>
  <testcase name="runScenario[&quot;Validate user can navigate to Implementation page&quot;, &quot;Stack page&quot;](124)" classname="TestRunners.TestRunner" time="9.973">
    <system-out><![CDATA[
Scenario: Validate user can navigate to Implementation page &amp#27;[90m# src/test/resources/Features/StackPage.feature:41&amp#27;[0m
[INFO ] 2024-12-09 22:12:23.100 [TestNG-PoolService-1] Hooks - ======================  New Test Execution is STARTED!! ======================
[INFO ] 2024-12-09 22:12:25.511 [TestNG-PoolService-2] Hooks - ======================  New Test Execution is STARTED!! ======================
[INFO ] 2024-12-09 22:12:25.539 [TestNG-PoolService-3] Hooks - ======================  New Test Execution is STARTED!! ======================
  &amp#27;[32mGiven &amp#27;[0m&amp#27;[32mThe user is on the DS Introduction page as signedIn&amp#27;[0m                                    &amp#27;[90m# StepDefinitions.DSIntroductionDetails.the_user_is_on_the_ds_introduction_page_as_signed_in()&amp#27;[0m
  &amp#27;[32mAnd &amp#27;[0m&amp#27;[32mThe user clicks on Get Started link for stack&amp#27;[0m                                            &amp#27;[90m# StepDefinitions.StackStepDefinitions.the_user_clicks_on_get_started_link_for_stack()&amp#27;[0m
  &amp#27;[32mGiven &amp#27;[0m&amp#27;[32mThe user is on the Operations in Stack page&amp#27;[0m                                            &amp#27;[90m# StepDefinitions.StackStepDefinitions.the_user_is_on_the_operations_in_stack_page()&amp#27;[0m
  &amp#27;[32mGiven &amp#27;[0m&amp#27;[32mThe user is on the DS Introduction page as signedIn&amp#27;[0m &amp#27;[90m# StepDefinitions.DSIntroductionDetails.the_user_is_on_the_ds_introduction_page_as_signed_in()&amp#27;[0m
  &amp#27;[32mAnd &amp#27;[0m&amp#27;[32mThe user clicks on Get Started link for stack&amp#27;[0m         &amp#27;[90m# StepDefinitions.StackStepDefinitions.the_user_clicks_on_get_started_link_for_stack()&amp#27;[0m
  &amp#27;[32mGiven &amp#27;[0m&amp#27;[32mThe user is on the stack details page&amp#27;[0m               &amp#27;[90m# StepDefinitions.StackStepDefinitions.the_user_is_on_the_stack_details_page()&amp#27;[0m
  &amp#27;[32mGiven &amp#27;[0m&amp#27;[32mThe user is on the DS Introduction page as signedIn&amp#27;[0m                  &amp#27;[90m# StepDefinitions.DSIntroductionDetails.the_user_is_on_the_ds_introduction_page_as_signed_in()&amp#27;[0m
  &amp#27;[32mAnd &amp#27;[0m&amp#27;[32mUser clicks Try here link&amp#27;[0m                                                                &amp#27;[90m# StepDefinitions.DSIntroductionDetails.user_clicks_try_here_link()&amp#27;[0m
  &amp#27;[32mWhen &amp#27;[0m&amp#27;[32mThe user click on Implementation link&amp#27;[0m                &amp#27;[90m# StepDefinitions.StackStepDefinitions.the_user_click_on_implementation_link()&amp#27;[0m
  &amp#27;[32mThen &amp#27;[0m&amp#27;[32mthe user is navigated to Implementation page&amp#27;[0m         &amp#27;[90m# StepDefinitions.StackStepDefinitions.the_user_is_navigated_to_implementation_page()&amp#27;[0m
[INFO ] 2024-12-09 22:12:28.572 [TestNG-PoolService-3] Hooks - ======================  Test Execution is completed!! ======================
  &amp#27;[32mAnd &amp#27;[0m&amp#27;[32mThe user clicks on Get Started link for stack&amp#27;[0m                          &amp#27;[90m# StepDefinitions.StackStepDefinitions.the_user_clicks_on_get_started_link_for_stack()&amp#27;[0m
  &amp#27;[32mWhen &amp#27;[0m&amp#27;[32mClick the Run button&amp#27;[0m                                                                    &amp#27;[90m# StepDefinitions.DSIntroductionDetails.click_the_run_button()&amp#27;[0m
  &amp#27;[32mThen &amp#27;[0m&amp#27;[32mThe user should not see any error message or alert&amp#27;[0m                                      &amp#27;[90m# StepDefinitions.DSIntroductionDetails.the_user_should_not_see_any_error_message_or_alert()&amp#27;[0m
[INFO ] 2024-12-09 22:12:28.807 [TestNG-PoolService-1] Hooks - ======================  Test Execution is completed!! ======================
  &amp#27;[32mGiven &amp#27;[0m&amp#27;[32mThe user is on the Operations in Stack page&amp#27;[0m                          &amp#27;[90m# StepDefinitions.StackStepDefinitions.the_user_is_on_the_operations_in_stack_page()&amp#27;[0m
  &amp#27;[32mAnd &amp#27;[0m&amp#27;[32mUser clicks Try here link&amp#27;[0m                                              &amp#27;[90m# StepDefinitions.DSIntroductionDetails.user_clicks_try_here_link()&amp#27;[0m
  &amp#27;[32mWhen &amp#27;[0m&amp#27;[32mThe user write the valid code in Editor&amp#27;[0m                               &amp#27;[90m# StepDefinitions.DSIntroductionDetails.the_user_write_the_valid_code_in_editor()&amp#27;[0m
]]></system-out>
  </testcase>
  <testcase name="runScenario[&quot;No error message displayed for empty code on try editor for Operations in Stack page&quot;, &quot;Stack page&quot;](125)" classname="TestRunners.TestRunner" time="0.483">
    <system-out><![CDATA[
Scenario: Validate user can click on Try here link from Implementation page &amp#27;[90m# src/test/resources/Features/StackPage.feature:46&amp#27;[0m
  &amp#27;[32mAnd &amp#27;[0m&amp#27;[32mClick the Run button&amp#27;[0m                                                   &amp#27;[90m# StepDefinitions.DSIntroductionDetails.click_the_run_button()&amp#27;[0m
  &amp#27;[32mThen &amp#27;[0m&amp#27;[32mThe user should able to see output in the console&amp#27;[0m                     &amp#27;[90m# StepDefinitions.DSIntroductionDetails.the_user_should_able_to_see_output_in_the_console()&amp#27;[0m
[INFO ] 2024-12-09 22:12:30.427 [TestNG-PoolService-2] Hooks - ======================  Test Execution is completed!! ======================
]]></system-out>
  </testcase>
  <testcase name="runScenario[&quot;Valid code on try editor for Operations in Stack runs successfully&quot;, &quot;Stack page&quot;](126)" classname="TestRunners.TestRunner" time="1.246">
    <system-out><![CDATA[
Scenario: Error message displayed for invalid code on try Editor for Implementation page &amp#27;[90m# src/test/resources/Features/StackPage.feature:51&amp#27;[0m
]]></system-out>
  </testcase>
  <testcase name="runScenario[&quot;No error message displayed for empty code on try editor for Implementation page&quot;, &quot;Stack page&quot;](128)" classname="TestRunners.TestRunner" time="0.728">
    <system-out><![CDATA[
Scenario: Valid code on try editor for Implementation runs successfully &amp#27;[90m# src/test/resources/Features/StackPage.feature:64&amp#27;[0m
]]></system-out>
  </testcase>
  <testcase name="runScenario[&quot;Error message displayed for invalid code on try Editor for Implementation page&quot;, &quot;Stack page&quot;](129)" classname="TestRunners.TestRunner" time="0.347">
    <failure message="Build info: version: &apos;4.26.0&apos;, revision: &apos;8ccf0219d7&apos;&#10;System info: os.name: &apos;Windows 11&apos;, os.arch: &apos;amd64&apos;, os.version: &apos;10.0&apos;, java.version: &apos;21.0.5&apos;&#10;Driver info: org.openqa.selenium.firefox.FirefoxDriver&#10;Command: [a9576baf-c096-4a32-a13e-0bce779eaf9c, getAlertText {}]&#10;Capabilities {acceptInsecureCerts: true, browserName: firefox, browserVersion: 133.0, moz:accessibilityChecks: false, moz:buildID: 20241121140525, moz:debuggerAddress: 127.0.0.1:21284, moz:geckodriverVersion: 0.35.0, moz:headless: false, moz:platformVersion: 10.0, moz:processID: 28412, moz:profile: C:\Users\vamsh\AppData\Loca..., moz:shutdownTimeout: 60000, moz:webdriverClick: true, moz:windowless: false, pageLoadStrategy: normal, platformName: windows, proxy: Proxy(), se:cdp: ws://127.0.0.1:21284/devtoo..., se:cdpVersion: 85.0, setWindowRect: true, strictFileInteractability: false, timeouts: {implicit: 0, pageLoad: 300000, script: 30000}, unhandledPromptBehavior: dismiss and notify, userAgent: Mozilla/5.0 (Windows NT 10....}&#10;Session ID: a9576baf-c096-4a32-a13e-0bce779eaf9c" type="org.openqa.selenium.NoAlertPresentException"><![CDATA[org.openqa.selenium.NoAlertPresentException: 
Build info: version: '4.26.0', revision: '8ccf0219d7'
System info: os.name: 'Windows 11', os.arch: 'amd64', os.version: '10.0', java.version: '21.0.5'
Driver info: org.openqa.selenium.firefox.FirefoxDriver
Command: [a9576baf-c096-4a32-a13e-0bce779eaf9c, getAlertText {}]
Capabilities {acceptInsecureCerts: true, browserName: firefox, browserVersion: 133.0, moz:accessibilityChecks: false, moz:buildID: 20241121140525, moz:debuggerAddress: 127.0.0.1:21284, moz:geckodriverVersion: 0.35.0, moz:headless: false, moz:platformVersion: 10.0, moz:processID: 28412, moz:profile: C:\Users\vamsh\AppData\Loca..., moz:shutdownTimeout: 60000, moz:webdriverClick: true, moz:windowless: false, pageLoadStrategy: normal, platformName: windows, proxy: Proxy(), se:cdp: ws://127.0.0.1:21284/devtoo..., se:cdpVersion: 85.0, setWindowRect: true, strictFileInteractability: false, timeouts: {implicit: 0, pageLoad: 300000, script: 30000}, unhandledPromptBehavior: dismiss and notify, userAgent: Mozilla/5.0 (Windows NT 10....}
Session ID: a9576baf-c096-4a32-a13e-0bce779eaf9c
]]></failure>
    <system-out><![CDATA[
Scenario: Validate user can navigate to Applications page   &amp#27;[90m# src/test/resources/Features/StackPage.feature:71&amp#27;[0m
]]></system-out>
  </testcase>
  <testcase name="runScenario[&quot;Validate user can navigate to Applications page&quot;, &quot;Stack page&quot;](130)" classname="TestRunners.TestRunner" time="10.699">
    <system-out><![CDATA[
Scenario: Validate user can click on Try here link from Applications page &amp#27;[90m# src/test/resources/Features/StackPage.feature:76&amp#27;[0m
[INFO ] 2024-12-09 22:12:48.097 [TestNG-PoolService-2] Hooks - ======================  New Test Execution is STARTED!! ======================
[INFO ] 2024-12-09 22:12:48.166 [TestNG-PoolService-3] Hooks - ======================  New Test Execution is STARTED!! ======================
[INFO ] 2024-12-09 22:12:48.353 [TestNG-PoolService-1] Hooks - ======================  New Test Execution is STARTED!! ======================
  &amp#27;[32mGiven &amp#27;[0m&amp#27;[32mThe user is on the DS Introduction page as signedIn&amp#27;[0m               &amp#27;[90m# StepDefinitions.DSIntroductionDetails.the_user_is_on_the_ds_introduction_page_as_signed_in()&amp#27;[0m
  &amp#27;[32mGiven &amp#27;[0m&amp#27;[32mThe user is on the DS Introduction page as signedIn&amp#27;[0m             &amp#27;[90m# StepDefinitions.DSIntroductionDetails.the_user_is_on_the_ds_introduction_page_as_signed_in()&amp#27;[0m
  &amp#27;[32mGiven &amp#27;[0m&amp#27;[32mThe user is on the DS Introduction page as signedIn&amp#27;[0m &amp#27;[90m# StepDefinitions.DSIntroductionDetails.the_user_is_on_the_ds_introduction_page_as_signed_in()&amp#27;[0m
  &amp#27;[32mAnd &amp#27;[0m&amp#27;[32mThe user clicks on Get Started link for stack&amp#27;[0m                       &amp#27;[90m# StepDefinitions.StackStepDefinitions.the_user_clicks_on_get_started_link_for_stack()&amp#27;[0m
  &amp#27;[32mAnd &amp#27;[0m&amp#27;[32mThe user clicks on Get Started link for stack&amp#27;[0m                     &amp#27;[90m# StepDefinitions.StackStepDefinitions.the_user_clicks_on_get_started_link_for_stack()&amp#27;[0m
  &amp#27;[32mGiven &amp#27;[0m&amp#27;[32mThe user is on the Applications page&amp#27;[0m                              &amp#27;[90m# StepDefinitions.StackStepDefinitions.the_user_is_on_the_applications_page()&amp#27;[0m
  &amp#27;[32mAnd &amp#27;[0m&amp#27;[32mThe user clicks on Get Started link for stack&amp#27;[0m         &amp#27;[90m# StepDefinitions.StackStepDefinitions.the_user_clicks_on_get_started_link_for_stack()&amp#27;[0m
  &amp#27;[32mGiven &amp#27;[0m&amp#27;[32mThe user is on the Implementation page&amp#27;[0m                          &amp#27;[90m# StepDefinitions.StackStepDefinitions.the_user_is_on_the_implementation_page()&amp#27;[0m
  &amp#27;[32mGiven &amp#27;[0m&amp#27;[32mThe user is on the stack details page&amp#27;[0m               &amp#27;[90m# StepDefinitions.StackStepDefinitions.the_user_is_on_the_stack_details_page()&amp#27;[0m
  &amp#27;[32mWhen &amp#27;[0m&amp#27;[32mThe user click on Applications link&amp#27;[0m                  &amp#27;[90m# StepDefinitions.StackStepDefinitions.the_user_click_on_applications_link()&amp#27;[0m
  &amp#27;[32mThen &amp#27;[0m&amp#27;[32mthe user is navigated to Applications page&amp#27;[0m           &amp#27;[90m# StepDefinitions.StackStepDefinitions.the_user_is_navigated_to_applications_page()&amp#27;[0m
[INFO ] 2024-12-09 22:12:52.162 [TestNG-PoolService-2] Hooks - ======================  Test Execution is completed!! ======================
  &amp#27;[32mWhen &amp#27;[0m&amp#27;[32mUser clicks Try here link&amp#27;[0m                                          &amp#27;[90m# StepDefinitions.DSIntroductionDetails.user_clicks_try_here_link()&amp#27;[0m
  &amp#27;[32mThen &amp#27;[0m&amp#27;[32mUser should navigate to tryEditor page&amp#27;[0m                             &amp#27;[90m# StepDefinitions.DSIntroductionDetails.user_should_navigate_to_try_editor_page()&amp#27;[0m
[INFO ] 2024-12-09 22:12:52.872 [TestNG-PoolService-1] Hooks - ======================  Test Execution is completed!! ======================
  &amp#27;[32mAnd &amp#27;[0m&amp#27;[32mUser clicks Try here link&amp#27;[0m                                         &amp#27;[90m# StepDefinitions.DSIntroductionDetails.user_clicks_try_here_link()&amp#27;[0m
  &amp#27;[32mWhen &amp#27;[0m&amp#27;[32mThe user write the valid code in Editor&amp#27;[0m                          &amp#27;[90m# StepDefinitions.DSIntroductionDetails.the_user_write_the_valid_code_in_editor()&amp#27;[0m
  &amp#27;[32mAnd &amp#27;[0m&amp#27;[32mClick the Run button&amp#27;[0m                                              &amp#27;[90m# StepDefinitions.DSIntroductionDetails.click_the_run_button()&amp#27;[0m
  &amp#27;[32mThen &amp#27;[0m&amp#27;[32mThe user should able to see output in the console&amp#27;[0m                &amp#27;[90m# StepDefinitions.DSIntroductionDetails.the_user_should_able_to_see_output_in_the_console()&amp#27;[0m
[INFO ] 2024-12-09 22:12:53.548 [TestNG-PoolService-3] Hooks - ======================  Test Execution is completed!! ======================
]]></system-out>
  </testcase>
  <testcase name="runScenario[&quot;Validate user can click on Try here link from Applications page&quot;, &quot;Stack page&quot;](131)" classname="TestRunners.TestRunner" time="0.267">
    <system-out><![CDATA[
Scenario: Error message displayed for invalid code on try Editor for Applications page &amp#27;[90m# src/test/resources/Features/StackPage.feature:81&amp#27;[0m
]]></system-out>
  </testcase>
  <testcase name="runScenario[&quot;Valid code on try editor for Implementation runs successfully&quot;, &quot;Stack page&quot;](132)" classname="TestRunners.TestRunner" time="0.891">
    <system-out><![CDATA[
Scenario: No error message displayed for empty code on try editor for Applications page &amp#27;[90m# src/test/resources/Features/StackPage.feature:88&amp#27;[0m
]]></system-out>
  </testcase>
  <testcase name="runScenario[&quot;Valid code on try editor for Applications runs successfully&quot;, &quot;Stack page&quot;](134)" classname="TestRunners.TestRunner" time="0.283">
    <system-out><![CDATA[
Scenario: DS_algo Home page                                       &amp#27;[90m# src/test/resources/Features/Tree.feature:7&amp#27;[0m
]]></system-out>
  </testcase>
  <testcase name="runScenario[&quot;No error message displayed for empty code on try editor for Applications page&quot;, &quot;Stack page&quot;](135)" classname="TestRunners.TestRunner" time="0.708">
    <system-out><![CDATA[
Scenario: Tree home page                                    &amp#27;[90m# src/test/resources/Features/Tree.feature:11&amp#27;[0m
]]></system-out>
  </testcase>
  <testcase name="runScenario[&quot;Try Here Editor page with invalid data&quot;, &quot;Tree&quot;](140)" classname="TestRunners.TestRunner" time="0.339">
    <system-out><![CDATA[
Scenario: Try Here Editor page with alert message                      &amp#27;[90m# src/test/resources/Features/Tree.feature:39&amp#27;[0m
]]></system-out>
  </testcase>
  <testcase name="runScenario[&quot;Try Here Editor page with valid data&quot;, &quot;Tree&quot;](141)" classname="TestRunners.TestRunner" time="0.537">
    <system-out><![CDATA[
Scenario: Overview of Trees                                 &amp#27;[90m# src/test/resources/Features/Tree.feature:47&amp#27;[0m
]]></system-out>
  </testcase>
  <testcase name="runScenario[&quot;Overview of Trees&quot;, &quot;Tree&quot;](142)" classname="TestRunners.TestRunner" time="11.082">
    <system-out><![CDATA[
Scenario: Terminologies                                              &amp#27;[90m# src/test/resources/Features/Tree.feature:54&amp#27;[0m
[INFO ] 2024-12-09 22:13:34.095 [TestNG-PoolService-2] Hooks - ======================  New Test Execution is STARTED!! ======================
[INFO ] 2024-12-09 22:13:35.219 [TestNG-PoolService-1] Hooks - ======================  New Test Execution is STARTED!! ======================
[INFO ] 2024-12-09 22:13:35.809 [TestNG-PoolService-3] Hooks - ======================  New Test Execution is STARTED!! ======================
  &amp#27;[32mGiven &amp#27;[0m&amp#27;[32mThe user is on the DS Introduction page as signedIn&amp#27;[0m            &amp#27;[90m# StepDefinitions.DSIntroductionDetails.the_user_is_on_the_ds_introduction_page_as_signed_in()&amp#27;[0m
  &amp#27;[32mAnd &amp#27;[0m&amp#27;[32mUser clicks on Get Started button from Tree panel&amp#27;[0m                &amp#27;[90m# StepDefinitions.Tree.user_clicks_on_get_started_button_from_tree_panel()&amp#27;[0m
  &amp#27;[32mGiven &amp#27;[0m&amp#27;[32mThe user is on the Overview of Trees page&amp#27;[0m                      &amp#27;[90m# StepDefinitions.Tree.the_user_is_on_the_overview_of_trees_page()&amp#27;[0m
  &amp#27;[32mGiven &amp#27;[0m&amp#27;[32mThe user is on the DS Introduction page as signedIn&amp#27;[0m &amp#27;[90m# StepDefinitions.DSIntroductionDetails.the_user_is_on_the_ds_introduction_page_as_signed_in()&amp#27;[0m
  &amp#27;[32mGiven &amp#27;[0m&amp#27;[32mThe user is on the DS Introduction page as signedIn&amp#27;[0m          &amp#27;[90m# StepDefinitions.DSIntroductionDetails.the_user_is_on_the_ds_introduction_page_as_signed_in()&amp#27;[0m
  &amp#27;[32mAnd &amp#27;[0m&amp#27;[32mUser clicks on Get Started button from Tree panel&amp#27;[0m     &amp#27;[90m# StepDefinitions.Tree.user_clicks_on_get_started_button_from_tree_panel()&amp#27;[0m
  &amp#27;[32mAnd &amp#27;[0m&amp#27;[32mUser clicks on Get Started button from Tree panel&amp#27;[0m              &amp#27;[90m# StepDefinitions.Tree.user_clicks_on_get_started_button_from_tree_panel()&amp#27;[0m
  &amp#27;[32mGiven &amp#27;[0m&amp#27;[32mThe user is on the Terminologies page&amp#27;[0m                        &amp#27;[90m# StepDefinitions.Tree.the_user_is_on_the_terminologies_page()&amp#27;[0m
  &amp#27;[32mGiven &amp#27;[0m&amp#27;[32mThe user is on the Overview of Trees page&amp#27;[0m           &amp#27;[90m# StepDefinitions.Tree.the_user_is_on_the_overview_of_trees_page()&amp#27;[0m
  &amp#27;[32mWhen &amp#27;[0m&amp#27;[32mThe user clicks Terminologies link&amp#27;[0m                   &amp#27;[90m# StepDefinitions.Tree.the_user_clicks_terminologies_link()&amp#27;[0m
  &amp#27;[32mAnd &amp#27;[0m&amp#27;[32mThe user clicks Try Here button&amp#27;[0m                                  &amp#27;[90m# StepDefinitions.Tree.the_user_clicks_try_here_button()&amp#27;[0m
  &amp#27;[32mThen &amp#27;[0m&amp#27;[32mThe user is redirected to Terminologies page&amp#27;[0m         &amp#27;[90m# StepDefinitions.Tree.the_user_is_redirected_to_terminologies_page()&amp#27;[0m
[INFO ] 2024-12-09 22:13:39.581 [TestNG-PoolService-1] Hooks - ======================  Test Execution is completed!! ======================
  &amp#27;[32mAnd &amp#27;[0m&amp#27;[32mThe user writes the invalid python code and clicks on Run button&amp#27;[0m &amp#27;[90m# StepDefinitions.Tree.the_user_writes_the_invalid_python_code_and_clicks_on_run_button()&amp#27;[0m
  &amp#27;[32mWhen &amp#27;[0m&amp#27;[32mThe user clicks the ok button in the alert window&amp#27;[0m               &amp#27;[90m# StepDefinitions.Tree.the_user_clicks_the_ok_button_in_the_alert_window()&amp#27;[0m
  &amp#27;[32mThen &amp#27;[0m&amp#27;[32mAlert message window is dismissed and user stays on Editor page&amp#27;[0m &amp#27;[90m# StepDefinitions.Tree.Alert_message_window_is_dismissed_and_user_stays_on_Editor_page()&amp#27;[0m
[INFO ] 2024-12-09 22:13:39.969 [TestNG-PoolService-2] Hooks - ======================  Test Execution is completed!! ======================
  &amp#27;[32mWhen &amp#27;[0m&amp#27;[32mThe user clicks Try Here button&amp#27;[0m                               &amp#27;[90m# StepDefinitions.Tree.the_user_clicks_try_here_button()&amp#27;[0m
  &amp#27;[32mThen &amp#27;[0m&amp#27;[32mThe user is redirected to a page having Editor and run button&amp#27;[0m &amp#27;[90m# StepDefinitions.Tree.the_user_is_redirected_to_a_page_having_editor_and_run_button()&amp#27;[0m
[INFO ] 2024-12-09 22:13:40.286 [TestNG-PoolService-3] Hooks - ======================  Test Execution is completed!! ======================
]]></system-out>
  </testcase>
  <testcase name="runScenario[&quot;Try Here Editor page with alert message&quot;, &quot;Tree&quot;](143)" classname="TestRunners.TestRunner" time="0.232">
    <system-out><![CDATA[
Scenario: Try Here Editor page with empty code                               &amp#27;[90m# src/test/resources/Features/Tree.feature:59&amp#27;[0m
]]></system-out>
  </testcase>
  <testcase name="runScenario[&quot;Try Here Editor page with invalid data&quot;, &quot;Tree&quot;](146)" classname="TestRunners.TestRunner" time="0.624">
    <system-out><![CDATA[
Scenario: Try Here Editor page with alert message                      &amp#27;[90m# src/test/resources/Features/Tree.feature:79&amp#27;[0m
]]></system-out>
  </testcase>
  <testcase name="runScenario[&quot;Try Here Editor page with valid data&quot;, &quot;Tree&quot;](147)" classname="TestRunners.TestRunner" time="0.093">
    <system-out><![CDATA[
Scenario: Terminologies                                           &amp#27;[90m# src/test/resources/Features/Tree.feature:87&amp#27;[0m
]]></system-out>
  </testcase>
  <testcase name="runScenario[&quot;Terminologies&quot;, &quot;Tree&quot;](148)" classname="TestRunners.TestRunner" time="11.127">
    <system-out><![CDATA[
Scenario: Types of Trees                                             &amp#27;[90m# src/test/resources/Features/Tree.feature:94&amp#27;[0m
[INFO ] 2024-12-09 22:13:57.979 [TestNG-PoolService-1] Hooks - ======================  New Test Execution is STARTED!! ======================
[INFO ] 2024-12-09 22:13:59.316 [TestNG-PoolService-2] Hooks - ======================  New Test Execution is STARTED!! ======================
[INFO ] 2024-12-09 22:13:59.786 [TestNG-PoolService-3] Hooks - ======================  New Test Execution is STARTED!! ======================
  &amp#27;[32mGiven &amp#27;[0m&amp#27;[32mThe user is on the DS Introduction page as signedIn&amp#27;[0m            &amp#27;[90m# StepDefinitions.DSIntroductionDetails.the_user_is_on_the_ds_introduction_page_as_signed_in()&amp#27;[0m
  &amp#27;[32mAnd &amp#27;[0m&amp#27;[32mUser clicks on Get Started button from Tree panel&amp#27;[0m                &amp#27;[90m# StepDefinitions.Tree.user_clicks_on_get_started_button_from_tree_panel()&amp#27;[0m
  &amp#27;[32mGiven &amp#27;[0m&amp#27;[32mThe user is on the Terminologies page&amp#27;[0m                          &amp#27;[90m# StepDefinitions.Tree.the_user_is_on_the_terminologies_page()&amp#27;[0m
  &amp#27;[32mGiven &amp#27;[0m&amp#27;[32mThe user is on the DS Introduction page as signedIn&amp#27;[0m       &amp#27;[90m# StepDefinitions.DSIntroductionDetails.the_user_is_on_the_ds_introduction_page_as_signed_in()&amp#27;[0m
  &amp#27;[32mGiven &amp#27;[0m&amp#27;[32mThe user is on the DS Introduction page as signedIn&amp#27;[0m          &amp#27;[90m# StepDefinitions.DSIntroductionDetails.the_user_is_on_the_ds_introduction_page_as_signed_in()&amp#27;[0m
  &amp#27;[32mAnd &amp#27;[0m&amp#27;[32mUser clicks on Get Started button from Tree panel&amp#27;[0m           &amp#27;[90m# StepDefinitions.Tree.user_clicks_on_get_started_button_from_tree_panel()&amp#27;[0m
  &amp#27;[32mAnd &amp#27;[0m&amp#27;[32mUser clicks on Get Started button from Tree panel&amp#27;[0m              &amp#27;[90m# StepDefinitions.Tree.user_clicks_on_get_started_button_from_tree_panel()&amp#27;[0m
  &amp#27;[32mGiven &amp#27;[0m&amp#27;[32mThe user is on the Terminologies page&amp#27;[0m                     &amp#27;[90m# StepDefinitions.Tree.the_user_is_on_the_terminologies_page()&amp#27;[0m
  &amp#27;[32mGiven &amp#27;[0m&amp#27;[32mThe user is on the Types of Trees page&amp#27;[0m                       &amp#27;[90m# StepDefinitions.Tree.the_user_is_on_the_types_of_trees_page()&amp#27;[0m
  &amp#27;[32mAnd &amp#27;[0m&amp#27;[32mThe user clicks Try Here button&amp#27;[0m                                  &amp#27;[90m# StepDefinitions.Tree.the_user_clicks_try_here_button()&amp#27;[0m
  &amp#27;[32mWhen &amp#27;[0m&amp#27;[32mThe user clicks Types of Trees link from TerminologiesPage&amp#27;[0m &amp#27;[90m# StepDefinitions.Tree.the_user_clicks_types_of_trees_link_from_TerminologiesPage()&amp#27;[0m
  &amp#27;[32mThen &amp#27;[0m&amp#27;[32mThe user is redirected to Types of Trees page.&amp#27;[0m             &amp#27;[90m# StepDefinitions.Tree.the_user_is_redirected_to_types_of_trees_page()&amp#27;[0m
[INFO ] 2024-12-09 22:14:03.220 [TestNG-PoolService-3] Hooks - ======================  Test Execution is completed!! ======================
  &amp#27;[32mAnd &amp#27;[0m&amp#27;[32mThe user writes the invalid python code and clicks on Run button&amp#27;[0m &amp#27;[90m# StepDefinitions.Tree.the_user_writes_the_invalid_python_code_and_clicks_on_run_button()&amp#27;[0m
  &amp#27;[32mWhen &amp#27;[0m&amp#27;[32mThe user clicks the ok button in the alert window&amp#27;[0m               &amp#27;[90m# StepDefinitions.Tree.the_user_clicks_the_ok_button_in_the_alert_window()&amp#27;[0m
  &amp#27;[32mThen &amp#27;[0m&amp#27;[32mAlert message window is dismissed and user stays on Editor page&amp#27;[0m &amp#27;[90m# StepDefinitions.Tree.Alert_message_window_is_dismissed_and_user_stays_on_Editor_page()&amp#27;[0m
[INFO ] 2024-12-09 22:14:03.598 [TestNG-PoolService-1] Hooks - ======================  Test Execution is completed!! ======================
  &amp#27;[32mWhen &amp#27;[0m&amp#27;[32mThe user clicks Try Here button&amp#27;[0m                               &amp#27;[90m# StepDefinitions.Tree.the_user_clicks_try_here_button()&amp#27;[0m
  &amp#27;[32mThen &amp#27;[0m&amp#27;[32mThe user is redirected to a page having Editor and run button&amp#27;[0m &amp#27;[90m# StepDefinitions.Tree.the_user_is_redirected_to_a_page_having_editor_and_run_button()&amp#27;[0m
[INFO ] 2024-12-09 22:14:04.175 [TestNG-PoolService-2] Hooks - ======================  Test Execution is completed!! ======================
]]></system-out>
  </testcase>
  <testcase name="runScenario[&quot;Try Here Editor page with alert message&quot;, &quot;Tree&quot;](149)" classname="TestRunners.TestRunner" time="0.522">
    <system-out><![CDATA[
Scenario: Try Here Editor page with empty code                               &amp#27;[90m# src/test/resources/Features/Tree.feature:101&amp#27;[0m
]]></system-out>
  </testcase>
  <testcase name="runScenario[&quot;Try Here Editor page with empty code&quot;, &quot;Tree&quot;](151)" classname="TestRunners.TestRunner" time="11.119">
    <system-out><![CDATA[
Scenario: Try Here Editor page with invalid data                        &amp#27;[90m# src/test/resources/Features/Tree.feature:114&amp#27;[0m
[INFO ] 2024-12-09 22:14:09.860 [TestNG-PoolService-3] Hooks - ======================  New Test Execution is STARTED!! ======================
[INFO ] 2024-12-09 22:14:10.824 [TestNG-PoolService-1] Hooks - ======================  New Test Execution is STARTED!! ======================
[INFO ] 2024-12-09 22:14:11.567 [TestNG-PoolService-2] Hooks - ======================  New Test Execution is STARTED!! ======================
  &amp#27;[32mGiven &amp#27;[0m&amp#27;[32mThe user is on the DS Introduction page as signedIn&amp#27;[0m                  &amp#27;[90m# StepDefinitions.DSIntroductionDetails.the_user_is_on_the_ds_introduction_page_as_signed_in()&amp#27;[0m
  &amp#27;[32mAnd &amp#27;[0m&amp#27;[32mUser clicks on Get Started button from Tree panel&amp#27;[0m                      &amp#27;[90m# StepDefinitions.Tree.user_clicks_on_get_started_button_from_tree_panel()&amp#27;[0m
  &amp#27;[32mGiven &amp#27;[0m&amp#27;[32mThe user is on the Types of Trees page&amp#27;[0m                               &amp#27;[90m# StepDefinitions.Tree.the_user_is_on_the_types_of_trees_page()&amp#27;[0m
  &amp#27;[32mGiven &amp#27;[0m&amp#27;[32mThe user is on the DS Introduction page as signedIn&amp#27;[0m           &amp#27;[90m# StepDefinitions.DSIntroductionDetails.the_user_is_on_the_ds_introduction_page_as_signed_in()&amp#27;[0m
  &amp#27;[32mGiven &amp#27;[0m&amp#27;[32mThe user is on the DS Introduction page as signedIn&amp#27;[0m             &amp#27;[90m# StepDefinitions.DSIntroductionDetails.the_user_is_on_the_ds_introduction_page_as_signed_in()&amp#27;[0m
  &amp#27;[32mAnd &amp#27;[0m&amp#27;[32mUser clicks on Get Started button from Tree panel&amp#27;[0m               &amp#27;[90m# StepDefinitions.Tree.user_clicks_on_get_started_button_from_tree_panel()&amp#27;[0m
  &amp#27;[32mAnd &amp#27;[0m&amp#27;[32mUser clicks on Get Started button from Tree panel&amp#27;[0m                 &amp#27;[90m# StepDefinitions.Tree.user_clicks_on_get_started_button_from_tree_panel()&amp#27;[0m
  &amp#27;[32mGiven &amp#27;[0m&amp#27;[32mThe user is on the Types of Trees page&amp#27;[0m                          &amp#27;[90m# StepDefinitions.Tree.the_user_is_on_the_types_of_trees_page()&amp#27;[0m
  &amp#27;[32mGiven &amp#27;[0m&amp#27;[32mThe user is on the Types of Trees page&amp#27;[0m                        &amp#27;[90m# StepDefinitions.Tree.the_user_is_on_the_types_of_trees_page()&amp#27;[0m
  &amp#27;[32mAnd &amp#27;[0m&amp#27;[32mThe user clicks Try Here button&amp#27;[0m                                        &amp#27;[90m# StepDefinitions.Tree.the_user_clicks_try_here_button()&amp#27;[0m
  &amp#27;[32mWhen &amp#27;[0m&amp#27;[32mThe user writes no code inside editor window and clicks on Run button&amp#27;[0m &amp#27;[90m# StepDefinitions.Tree.the_user_writes_no_code_inside_editor_window_and_clicks_on_run_button()&amp#27;[0m
  &amp#27;[32mThen &amp#27;[0m&amp#27;[32mNothing happens to the Editor page and no error message is displayed&amp#27;[0m  &amp#27;[90m# StepDefinitions.Tree.nothing_happens_to_the_editor_page_and_no_error_message_is_displayed()&amp#27;[0m
[INFO ] 2024-12-09 22:14:15.086 [TestNG-PoolService-3] Hooks - ======================  Test Execution is completed!! ======================
  &amp#27;[32mAnd &amp#27;[0m&amp#27;[32mThe user clicks Try Here button&amp#27;[0m                                   &amp#27;[90m# StepDefinitions.Tree.the_user_clicks_try_here_button()&amp#27;[0m
  &amp#27;[32mAnd &amp#27;[0m&amp#27;[32mThe user clicks Try Here button&amp#27;[0m                                 &amp#27;[90m# StepDefinitions.Tree.the_user_clicks_try_here_button()&amp#27;[0m
  &amp#27;[32mWhen &amp#27;[0m&amp#27;[32mThe user writes the invalid python code and clicks on Run button&amp#27;[0m &amp#27;[90m# StepDefinitions.Tree.the_user_writes_the_invalid_python_code_and_clicks_on_run_button()&amp#27;[0m
  &amp#27;[32mThen &amp#27;[0m&amp#27;[32mThe user see error msg in alert window&amp#27;[0m                           &amp#27;[90m# StepDefinitions.Tree.the_user_see_error_msg_in_alert_window()&amp#27;[0m
[INFO ] 2024-12-09 22:14:15.962 [TestNG-PoolService-2] Hooks - ======================  Test Execution is completed!! ======================
  &amp#27;[32mWhen &amp#27;[0m&amp#27;[32mThe user writes the valid python code and clicks on Run button&amp#27;[0m &amp#27;[90m# StepDefinitions.Tree.the_user_writes_the_valid_python_code_and_clicks_on_run_button()&amp#27;[0m
  &amp#27;[32mThen &amp#27;[0m&amp#27;[32mThe user is able to see the output inside the console.&amp#27;[0m         &amp#27;[90m# StepDefinitions.Tree.the_user_is_able_to_see_the_output_inside_the_console()&amp#27;[0m
[INFO ] 2024-12-09 22:14:16.253 [TestNG-PoolService-1] Hooks - ======================  Test Execution is completed!! ======================
]]></system-out>
  </testcase>
  <testcase name="runScenario[&quot;Try Here Editor page with empty code&quot;, &quot;Tree&quot;](151)" classname="TestRunners.TestRunner" time="6.667">
    <failure message="element not interactable&#10;  (Session info: MicrosoftEdge=131.0.2903.86)&#10;Build info: version: &apos;4.26.0&apos;, revision: &apos;8ccf0219d7&apos;&#10;System info: os.name: &apos;Windows 11&apos;, os.arch: &apos;amd64&apos;, os.version: &apos;10.0&apos;, java.version: &apos;21.0.5&apos;&#10;Driver info: org.openqa.selenium.edge.EdgeDriver&#10;Command: [ae311ce678895240247d79d9ab46a5bb, sendKeysToElement {value=[Ljava.lang.CharSequence;@ad84943, id=f.D535272A2BCBD56558EF1196B4C4A96E.d.3B7A3F63EFE5B91F325238F9A64F0056.e.38}]&#10;Capabilities {acceptInsecureCerts: false, browserName: MicrosoftEdge, browserVersion: 131.0.2903.86, fedcm:accounts: true, ms:edgeOptions: {debuggerAddress: localhost:64940}, msedge: {msedgedriverVersion: 131.0.2903.86 (cf5bf303997c..., userDataDir: C:\Users\vamsh\AppData\Loca...}, networkConnectionEnabled: false, pageLoadStrategy: normal, platformName: windows, proxy: Proxy(), se:cdp: ws://localhost:64940/devtoo..., se:cdpVersion: 131.0.2903.86, setWindowRect: true, strictFileInteractability: false, timeouts: {implicit: 0, pageLoad: 300000, script: 30000}, unhandledPromptBehavior: dismiss and notify, webauthn:extension:credBlob: true, webauthn:extension:largeBlob: true, webauthn:extension:minPinLength: true, webauthn:extension:prf: true, webauthn:virtualAuthenticators: true}&#10;Element: [[EdgeDriver: MicrosoftEdge on windows (ae311ce678895240247d79d9ab46a5bb)] -&gt; css selector: .CodeMirror textarea]&#10;Session ID: ae311ce678895240247d79d9ab46a5bb" type="org.openqa.selenium.ElementNotInteractableException"><![CDATA[org.openqa.selenium.ElementNotInteractableException: 
element not interactable
  (Session info: MicrosoftEdge=131.0.2903.86)
Build info: version: '4.26.0', revision: '8ccf0219d7'
System info: os.name: 'Windows 11', os.arch: 'amd64', os.version: '10.0', java.version: '21.0.5'
Driver info: org.openqa.selenium.edge.EdgeDriver
Command: [ae311ce678895240247d79d9ab46a5bb, sendKeysToElement {value=[Ljava.lang.CharSequence;@ad84943, id=f.D535272A2BCBD56558EF1196B4C4A96E.d.3B7A3F63EFE5B91F325238F9A64F0056.e.38}]
Capabilities {acceptInsecureCerts: false, browserName: MicrosoftEdge, browserVersion: 131.0.2903.86, fedcm:accounts: true, ms:edgeOptions: {debuggerAddress: localhost:64940}, msedge: {msedgedriverVersion: 131.0.2903.86 (cf5bf303997c..., userDataDir: C:\Users\vamsh\AppData\Loca...}, networkConnectionEnabled: false, pageLoadStrategy: normal, platformName: windows, proxy: Proxy(), se:cdp: ws://localhost:64940/devtoo..., se:cdpVersion: 131.0.2903.86, setWindowRect: true, strictFileInteractability: false, timeouts: {implicit: 0, pageLoad: 300000, script: 30000}, unhandledPromptBehavior: dismiss and notify, webauthn:extension:credBlob: true, webauthn:extension:largeBlob: true, webauthn:extension:minPinLength: true, webauthn:extension:prf: true, webauthn:virtualAuthenticators: true}
Element: [[EdgeDriver: MicrosoftEdge on windows (ae311ce678895240247d79d9ab46a5bb)] -> css selector: .CodeMirror textarea]
Session ID: ae311ce678895240247d79d9ab46a5bb
]]></failure>
    <system-out><![CDATA[
Scenario: Try Here Editor page with invalid data                        &amp#27;[90m# src/test/resources/Features/Tree.feature:114&amp#27;[0m
[INFO ] 2024-12-09 22:26:32.070 [TestNG-PoolService-2] Hooks - ======================  New Test Execution is STARTED!! ======================
  &amp#27;[32mGiven &amp#27;[0m&amp#27;[32mThe user is on the DS Introduction page as signedIn&amp#27;[0m                  &amp#27;[90m# StepDefinitions.DSIntroductionDetails.the_user_is_on_the_ds_introduction_page_as_signed_in()&amp#27;[0m
  &amp#27;[32mAnd &amp#27;[0m&amp#27;[32mUser clicks on Get Started button from Tree panel&amp#27;[0m                      &amp#27;[90m# StepDefinitions.Tree.user_clicks_on_get_started_button_from_tree_panel()&amp#27;[0m
[INFO ] 2024-12-09 22:26:34.006 [TestNG-PoolService-3] Hooks - ======================  New Test Execution is STARTED!! ======================
  &amp#27;[32mGiven &amp#27;[0m&amp#27;[32mThe user is on the Types of Trees page&amp#27;[0m                               &amp#27;[90m# StepDefinitions.Tree.the_user_is_on_the_types_of_trees_page()&amp#27;[0m
  &amp#27;[32mGiven &amp#27;[0m&amp#27;[32mThe user is on the DS Introduction page as signedIn&amp#27;[0m           &amp#27;[90m# StepDefinitions.DSIntroductionDetails.the_user_is_on_the_ds_introduction_page_as_signed_in()&amp#27;[0m
  &amp#27;[32mAnd &amp#27;[0m&amp#27;[32mUser clicks on Get Started button from Tree panel&amp#27;[0m               &amp#27;[90m# StepDefinitions.Tree.user_clicks_on_get_started_button_from_tree_panel()&amp#27;[0m
  &amp#27;[32mAnd &amp#27;[0m&amp#27;[32mThe user clicks Try Here button&amp#27;[0m                                        &amp#27;[90m# StepDefinitions.Tree.the_user_clicks_try_here_button()&amp#27;[0m
  &amp#27;[31mWhen &amp#27;[0m&amp#27;[31mThe user writes no code inside editor window and clicks on Run button&amp#27;[0m &amp#27;[90m# StepDefinitions.Tree.the_user_writes_no_code_inside_editor_window_and_clicks_on_run_button()&amp#27;[0m
      &amp#27;[31morg.openqa.selenium.ElementNotInteractableException: element not interactable
  (Session info: MicrosoftEdge=131.0.2903.86)
Build info: version: '4.26.0', revision: '8ccf0219d7'
System info: os.name: 'Windows 11', os.arch: 'amd64', os.version: '10.0', java.version: '21.0.5'
Driver info: org.openqa.selenium.edge.EdgeDriver
Command: [ae311ce678895240247d79d9ab46a5bb, sendKeysToElement {value=[Ljava.lang.CharSequence;@ad84943, id=f.D535272A2BCBD56558EF1196B4C4A96E.d.3B7A3F63EFE5B91F325238F9A64F0056.e.38}]
Capabilities {acceptInsecureCerts: false, browserName: MicrosoftEdge, browserVersion: 131.0.2903.86, fedcm:accounts: true, ms:edgeOptions: {debuggerAddress: localhost:64940}, msedge: {msedgedriverVersion: 131.0.2903.86 (cf5bf303997c..., userDataDir: C:\Users\vamsh\AppData\Loca...}, networkConnectionEnabled: false, pageLoadStrategy: normal, platformName: windows, proxy: Proxy(), se:cdp: ws://localhost:64940/devtoo..., se:cdpVersion: 131.0.2903.86, setWindowRect: true, strictFileInteractability: false, timeouts: {implicit: 0, pageLoad: 300000, script: 30000}, unhandledPromptBehavior: dismiss and notify, webauthn:extension:credBlob: true, webauthn:extension:largeBlob: true, webauthn:extension:minPinLength: true, webauthn:extension:prf: true, webauthn:virtualAuthenticators: true}
Element: [[EdgeDriver: MicrosoftEdge on windows (ae311ce678895240247d79d9ab46a5bb)] -> css selector: .CodeMirror textarea]
Session ID: ae311ce678895240247d79d9ab46a5bb
	at java.base/jdk.internal.reflect.DirectConstructorHandleAccessor.newInstance(DirectConstructorHandleAccessor.java:62)
	at java.base/java.lang.reflect.Constructor.newInstanceWithCaller(Constructor.java:502)
	at java.base/java.lang.reflect.Constructor.newInstance(Constructor.java:486)
	at org.openqa.selenium.remote.ErrorCodec.decode(ErrorCodec.java:167)
	at org.openqa.selenium.remote.codec.w3c.W3CHttpResponseCodec.decode(W3CHttpResponseCodec.java:138)
	at org.openqa.selenium.remote.codec.w3c.W3CHttpResponseCodec.decode(W3CHttpResponseCodec.java:50)
	at org.openqa.selenium.remote.HttpCommandExecutor.execute(HttpCommandExecutor.java:190)
	at org.openqa.selenium.remote.service.DriverCommandExecutor.invokeExecute(DriverCommandExecutor.java:216)
	at org.openqa.selenium.remote.service.DriverCommandExecutor.execute(DriverCommandExecutor.java:174)
	at org.openqa.selenium.remote.RemoteWebDriver.execute(RemoteWebDriver.java:545)
	at org.openqa.selenium.remote.RemoteWebElement.execute(RemoteWebElement.java:223)
	at org.openqa.selenium.remote.RemoteWebElement.sendKeys(RemoteWebElement.java:110)
	at PageObjects.TreePage.writeInTryEditorWindow(TreePage.java:357)
	at StepDefinitions.Tree.the_user_writes_no_code_inside_editor_window_and_clicks_on_run_button(Tree.java:73)
	at ✽.The user writes no code inside editor window and clicks on Run button(file:///C:/Projects/Repo1/src/test/resources/Features/Tree.feature:104)
&amp#27;[0m
  &amp#27;[36mThen &amp#27;[0m&amp#27;[36mNothing happens to the Editor page and no error message is displayed&amp#27;[0m  &amp#27;[90m# StepDefinitions.Tree.nothing_happens_to_the_editor_page_and_no_error_message_is_displayed()&amp#27;[0m
[ERROR] 2024-12-09 22:26:36.100 [TestNG-PoolService-1] Hooks - ======================  TEST CASE FAILED !! ======================

    Embedding screenshot [image/png 7890 bytes]

[INFO ] 2024-12-09 22:26:36.252 [TestNG-PoolService-1] Hooks - ======================  Screenshot is captured  ======================
[INFO ] 2024-12-09 22:26:36.253 [TestNG-PoolService-1] Hooks - ======================  Test Execution is completed!! ======================
  &amp#27;[32mGiven &amp#27;[0m&amp#27;[32mThe user is on the Types of Trees page&amp#27;[0m                        &amp#27;[90m# StepDefinitions.Tree.the_user_is_on_the_types_of_trees_page()&amp#27;[0m
  &amp#27;[32mGiven &amp#27;[0m&amp#27;[32mThe user is on the DS Introduction page as signedIn&amp#27;[0m             &amp#27;[90m# StepDefinitions.DSIntroductionDetails.the_user_is_on_the_ds_introduction_page_as_signed_in()&amp#27;[0m
  &amp#27;[32mAnd &amp#27;[0m&amp#27;[32mThe user clicks Try Here button&amp#27;[0m                                 &amp#27;[90m# StepDefinitions.Tree.the_user_clicks_try_here_button()&amp#27;[0m
  &amp#27;[31mWhen &amp#27;[0m&amp#27;[31mThe user writes the valid python code and clicks on Run button&amp#27;[0m &amp#27;[90m# StepDefinitions.Tree.the_user_writes_the_valid_python_code_and_clicks_on_run_button()&amp#27;[0m
      &amp#27;[31morg.openqa.selenium.ElementNotInteractableException: element not interactable
  (Session info: MicrosoftEdge=131.0.2903.86)
Build info: version: '4.26.0', revision: '8ccf0219d7'
System info: os.name: 'Windows 11', os.arch: 'amd64', os.version: '10.0', java.version: '21.0.5'
Driver info: org.openqa.selenium.edge.EdgeDriver
Command: [81a4a18946e7b0a4e0a17b5b48c408bb, sendKeysToElement {value=[Ljava.lang.CharSequence;@595f609a, id=f.0E85354EA0830716B5F7BC00ECAB07DF.d.F60524108F2E12FDD6AEC99B8C8E3AD2.e.37}]
Capabilities {acceptInsecureCerts: false, browserName: MicrosoftEdge, browserVersion: 131.0.2903.86, fedcm:accounts: true, ms:edgeOptions: {debuggerAddress: localhost:64984}, msedge: {msedgedriverVersion: 131.0.2903.86 (cf5bf303997c..., userDataDir: C:\Users\vamsh\AppData\Loca...}, networkConnectionEnabled: false, pageLoadStrategy: normal, platformName: windows, proxy: Proxy(), se:cdp: ws://localhost:64984/devtoo..., se:cdpVersion: 131.0.2903.86, setWindowRect: true, strictFileInteractability: false, timeouts: {implicit: 0, pageLoad: 300000, script: 30000}, unhandledPromptBehavior: dismiss and notify, webauthn:extension:credBlob: true, webauthn:extension:largeBlob: true, webauthn:extension:minPinLength: true, webauthn:extension:prf: true, webauthn:virtualAuthenticators: true}
Element: [[EdgeDriver: MicrosoftEdge on windows (81a4a18946e7b0a4e0a17b5b48c408bb)] -> css selector: .CodeMirror textarea]
Session ID: 81a4a18946e7b0a4e0a17b5b48c408bb
	at java.base/jdk.internal.reflect.DirectConstructorHandleAccessor.newInstance(DirectConstructorHandleAccessor.java:62)
	at java.base/java.lang.reflect.Constructor.newInstanceWithCaller(Constructor.java:502)
	at java.base/java.lang.reflect.Constructor.newInstance(Constructor.java:486)
	at org.openqa.selenium.remote.ErrorCodec.decode(ErrorCodec.java:167)
	at org.openqa.selenium.remote.codec.w3c.W3CHttpResponseCodec.decode(W3CHttpResponseCodec.java:138)
	at org.openqa.selenium.remote.codec.w3c.W3CHttpResponseCodec.decode(W3CHttpResponseCodec.java:50)
	at org.openqa.selenium.remote.HttpCommandExecutor.execute(HttpCommandExecutor.java:190)
	at org.openqa.selenium.remote.service.DriverCommandExecutor.invokeExecute(DriverCommandExecutor.java:216)
	at org.openqa.selenium.remote.service.DriverCommandExecutor.execute(DriverCommandExecutor.java:174)
	at org.openqa.selenium.remote.RemoteWebDriver.execute(RemoteWebDriver.java:545)
	at org.openqa.selenium.remote.RemoteWebElement.execute(RemoteWebElement.java:223)
	at org.openqa.selenium.remote.RemoteWebElement.sendKeys(RemoteWebElement.java:110)
	at PageObjects.TreePage.writeInTryEditorWindow(TreePage.java:357)
	at StepDefinitions.Tree.the_user_writes_the_valid_python_code_and_clicks_on_run_button(Tree.java:85)
	at ✽.The user writes the valid python code and clicks on Run button(file:///C:/Projects/Repo1/src/test/resources/Features/Tree.feature:111)
&amp#27;[0m
  &amp#27;[36mThen &amp#27;[0m&amp#27;[36mThe user is able to see the output inside the console.&amp#27;[0m         &amp#27;[90m# StepDefinitions.Tree.the_user_is_able_to_see_the_output_inside_the_console()&amp#27;[0m
[ERROR] 2024-12-09 22:26:37.412 [TestNG-PoolService-2] Hooks - ======================  TEST CASE FAILED !! ======================

    Embedding screenshot [image/png 7890 bytes]

[INFO ] 2024-12-09 22:26:37.530 [TestNG-PoolService-2] Hooks - ======================  Screenshot is captured  ======================
[INFO ] 2024-12-09 22:26:37.530 [TestNG-PoolService-2] Hooks - ======================  Test Execution is completed!! ======================
  &amp#27;[32mAnd &amp#27;[0m&amp#27;[32mUser clicks on Get Started button from Tree panel&amp#27;[0m                 &amp#27;[90m# StepDefinitions.Tree.user_clicks_on_get_started_button_from_tree_panel()&amp#27;[0m
]]></system-out>
    <system-err><![CDATA[Dec 09, 2024 10:26:31 PM org.openqa.selenium.devtools.CdpVersionFinder findNearestMatch
WARNING: Unable to find an exact match for CDP version 131, returning the closest version; found: 130; Please update to a Selenium version that supports CDP version 131
Dec 09, 2024 10:26:33 PM org.openqa.selenium.devtools.CdpVersionFinder findNearestMatch
WARNING: Unable to find an exact match for CDP version 131, returning the closest version; found: 130; Please update to a Selenium version that supports CDP version 131
]]></system-err>
  </testcase>
  <testcase name="runScenario[&quot;Try Here Editor page with invalid data&quot;, &quot;Tree&quot;](152)" classname="TestRunners.TestRunner" time="0.535">
    <system-out><![CDATA[
Scenario: Try Here Editor page with alert message                      &amp#27;[90m# src/test/resources/Features/Tree.feature:120&amp#27;[0m
]]></system-out>
  </testcase>
  <testcase name="runScenario[&quot;Try Here Editor page with valid data&quot;, &quot;Tree&quot;](153)" classname="TestRunners.TestRunner" time="0.65">
    <system-out><![CDATA[
Scenario: Types of Trees                                    &amp#27;[90m# src/test/resources/Features/Tree.feature:128&amp#27;[0m
]]></system-out>
  </testcase>
  <testcase name="runScenario[&quot;Types of Trees&quot;, &quot;Tree&quot;](154)" classname="TestRunners.TestRunner" time="10.85">
    <system-out><![CDATA[
Scenario: Tree Traversals                                            &amp#27;[90m# src/test/resources/Features/Tree.feature:135&amp#27;[0m
[INFO ] 2024-12-09 22:14:21.661 [TestNG-PoolService-3] Hooks - ======================  New Test Execution is STARTED!! ======================
[INFO ] 2024-12-09 22:14:22.843 [TestNG-PoolService-2] Hooks - ======================  New Test Execution is STARTED!! ======================
[INFO ] 2024-12-09 22:14:23.469 [TestNG-PoolService-1] Hooks - ======================  New Test Execution is STARTED!! ======================
  &amp#27;[32mGiven &amp#27;[0m&amp#27;[32mThe user is on the DS Introduction page as signedIn&amp#27;[0m            &amp#27;[90m# StepDefinitions.DSIntroductionDetails.the_user_is_on_the_ds_introduction_page_as_signed_in()&amp#27;[0m
  &amp#27;[32mAnd &amp#27;[0m&amp#27;[32mUser clicks on Get Started button from Tree panel&amp#27;[0m                &amp#27;[90m# StepDefinitions.Tree.user_clicks_on_get_started_button_from_tree_panel()&amp#27;[0m
  &amp#27;[32mGiven &amp#27;[0m&amp#27;[32mThe user is on the Types of Trees page&amp#27;[0m                         &amp#27;[90m# StepDefinitions.Tree.the_user_is_on_the_types_of_trees_page()&amp#27;[0m
  &amp#27;[32mGiven &amp#27;[0m&amp#27;[32mThe user is on the DS Introduction page as signedIn&amp#27;[0m          &amp#27;[90m# StepDefinitions.DSIntroductionDetails.the_user_is_on_the_ds_introduction_page_as_signed_in()&amp#27;[0m
  &amp#27;[32mGiven &amp#27;[0m&amp#27;[32mThe user is on the DS Introduction page as signedIn&amp#27;[0m &amp#27;[90m# StepDefinitions.DSIntroductionDetails.the_user_is_on_the_ds_introduction_page_as_signed_in()&amp#27;[0m
  &amp#27;[32mAnd &amp#27;[0m&amp#27;[32mUser clicks on Get Started button from Tree panel&amp#27;[0m              &amp#27;[90m# StepDefinitions.Tree.user_clicks_on_get_started_button_from_tree_panel()&amp#27;[0m
  &amp#27;[32mAnd &amp#27;[0m&amp#27;[32mUser clicks on Get Started button from Tree panel&amp#27;[0m     &amp#27;[90m# StepDefinitions.Tree.user_clicks_on_get_started_button_from_tree_panel()&amp#27;[0m
  &amp#27;[32mGiven &amp#27;[0m&amp#27;[32mThe user is on the Tree Traversals page&amp#27;[0m                      &amp#27;[90m# StepDefinitions.Tree.the_user_is_on_the_tree_traversals_page()&amp#27;[0m
  &amp#27;[32mGiven &amp#27;[0m&amp#27;[32mThe user is on the Types of Trees page&amp#27;[0m              &amp#27;[90m# StepDefinitions.Tree.the_user_is_on_the_types_of_trees_page()&amp#27;[0m
  &amp#27;[32mWhen &amp#27;[0m&amp#27;[32mThe user clicks Tree Traversals link&amp#27;[0m                 &amp#27;[90m# StepDefinitions.Tree.the_user_clicks_tree_traversals_link()&amp#27;[0m
  &amp#27;[32mThen &amp#27;[0m&amp#27;[32mThe user is redirected to Tree Traversals page&amp#27;[0m       &amp#27;[90m# StepDefinitions.Tree.the_user_is_redirected_to_tree_traversals_page()&amp#27;[0m
[INFO ] 2024-12-09 22:14:27.094 [TestNG-PoolService-2] Hooks - ======================  Test Execution is completed!! ======================
  &amp#27;[32mAnd &amp#27;[0m&amp#27;[32mThe user clicks Try Here button&amp#27;[0m                                  &amp#27;[90m# StepDefinitions.Tree.the_user_clicks_try_here_button()&amp#27;[0m
  &amp#27;[32mAnd &amp#27;[0m&amp#27;[32mThe user writes the invalid python code and clicks on Run button&amp#27;[0m &amp#27;[90m# StepDefinitions.Tree.the_user_writes_the_invalid_python_code_and_clicks_on_run_button()&amp#27;[0m
  &amp#27;[32mWhen &amp#27;[0m&amp#27;[32mThe user clicks Try Here button&amp#27;[0m                               &amp#27;[90m# StepDefinitions.Tree.the_user_clicks_try_here_button()&amp#27;[0m
  &amp#27;[32mThen &amp#27;[0m&amp#27;[32mThe user is redirected to a page having Editor and run button&amp#27;[0m &amp#27;[90m# StepDefinitions.Tree.the_user_is_redirected_to_a_page_having_editor_and_run_button()&amp#27;[0m
[INFO ] 2024-12-09 22:14:27.619 [TestNG-PoolService-1] Hooks - ======================  Test Execution is completed!! ======================
  &amp#27;[32mWhen &amp#27;[0m&amp#27;[32mThe user clicks the ok button in the alert window&amp#27;[0m               &amp#27;[90m# StepDefinitions.Tree.the_user_clicks_the_ok_button_in_the_alert_window()&amp#27;[0m
  &amp#27;[32mThen &amp#27;[0m&amp#27;[32mAlert message window is dismissed and user stays on Editor page&amp#27;[0m &amp#27;[90m# StepDefinitions.Tree.Alert_message_window_is_dismissed_and_user_stays_on_Editor_page()&amp#27;[0m
[INFO ] 2024-12-09 22:14:27.669 [TestNG-PoolService-3] Hooks - ======================  Test Execution is completed!! ======================
]]></system-out>
  </testcase>
  <testcase name="runScenario[&quot;Tree Traversals&quot;, &quot;Tree&quot;](155)" classname="TestRunners.TestRunner" time="0.276">
    <system-out><![CDATA[
Scenario: Try Here Editor page with empty code                               &amp#27;[90m# src/test/resources/Features/Tree.feature:141&amp#27;[0m
]]></system-out>
  </testcase>
  <testcase name="runScenario[&quot;Try Here Editor page with alert message&quot;, &quot;Tree&quot;](156)" classname="TestRunners.TestRunner" time="0.168">
    <system-out><![CDATA[
Scenario: Try Here Editor page with valid data                        &amp#27;[90m# src/test/resources/Features/Tree.feature:148&amp#27;[0m
]]></system-out>
  </testcase>
  <testcase name="runScenario[&quot;Try Here Editor page with invalid data&quot;, &quot;Tree&quot;](158)" classname="TestRunners.TestRunner" time="0.474">
    <system-out><![CDATA[
Scenario: Try Here Editor page with alert message                      &amp#27;[90m# src/test/resources/Features/Tree.feature:162&amp#27;[0m
]]></system-out>
  </testcase>
  <testcase name="runScenario[&quot;Try Here Editor page with valid data&quot;, &quot;Tree&quot;](159)" classname="TestRunners.TestRunner" time="0.851">
    <system-out><![CDATA[
Scenario: Tree Traversals                                     &amp#27;[90m# src/test/resources/Features/Tree.feature:171&amp#27;[0m
]]></system-out>
  </testcase>
  <testcase name="runScenario[&quot;Tree Traversals&quot;, &quot;Tree&quot;](160)" classname="TestRunners.TestRunner" time="10.679">
    <system-out><![CDATA[
Scenario: Traversals-Illustration                                    &amp#27;[90m# src/test/resources/Features/Tree.feature:178&amp#27;[0m
[INFO ] 2024-12-09 22:14:45.614 [TestNG-PoolService-2] Hooks - ======================  New Test Execution is STARTED!! ======================
[INFO ] 2024-12-09 22:14:46.974 [TestNG-PoolService-3] Hooks - ======================  New Test Execution is STARTED!! ======================
[INFO ] 2024-12-09 22:14:47.486 [TestNG-PoolService-1] Hooks - ======================  New Test Execution is STARTED!! ======================
  &amp#27;[32mGiven &amp#27;[0m&amp#27;[32mThe user is on the DS Introduction page as signedIn&amp#27;[0m            &amp#27;[90m# StepDefinitions.DSIntroductionDetails.the_user_is_on_the_ds_introduction_page_as_signed_in()&amp#27;[0m
  &amp#27;[32mAnd &amp#27;[0m&amp#27;[32mUser clicks on Get Started button from Tree panel&amp#27;[0m                &amp#27;[90m# StepDefinitions.Tree.user_clicks_on_get_started_button_from_tree_panel()&amp#27;[0m
  &amp#27;[32mGiven &amp#27;[0m&amp#27;[32mThe user is on the DS Introduction page as signedIn&amp#27;[0m          &amp#27;[90m# StepDefinitions.DSIntroductionDetails.the_user_is_on_the_ds_introduction_page_as_signed_in()&amp#27;[0m
  &amp#27;[32mGiven &amp#27;[0m&amp#27;[32mThe user is on the DS Introduction page as signedIn&amp#27;[0m   &amp#27;[90m# StepDefinitions.DSIntroductionDetails.the_user_is_on_the_ds_introduction_page_as_signed_in()&amp#27;[0m
  &amp#27;[32mGiven &amp#27;[0m&amp#27;[32mThe user is on the Tree Traversals page&amp#27;[0m                        &amp#27;[90m# StepDefinitions.Tree.the_user_is_on_the_tree_traversals_page()&amp#27;[0m
  &amp#27;[32mAnd &amp#27;[0m&amp#27;[32mUser clicks on Get Started button from Tree panel&amp#27;[0m              &amp#27;[90m# StepDefinitions.Tree.user_clicks_on_get_started_button_from_tree_panel()&amp#27;[0m
  &amp#27;[32mAnd &amp#27;[0m&amp#27;[32mUser clicks on Get Started button from Tree panel&amp#27;[0m       &amp#27;[90m# StepDefinitions.Tree.user_clicks_on_get_started_button_from_tree_panel()&amp#27;[0m
  &amp#27;[32mGiven &amp#27;[0m&amp#27;[32mThe user is on the Traversals-Illustration page&amp#27;[0m              &amp#27;[90m# StepDefinitions.Tree.the_user_is_on_the_traversals_illustration_page()&amp#27;[0m
  &amp#27;[32mGiven &amp#27;[0m&amp#27;[32mThe user is on the Tree Traversals page&amp#27;[0m               &amp#27;[90m# StepDefinitions.Tree.the_user_is_on_the_tree_traversals_page()&amp#27;[0m
  &amp#27;[32mWhen &amp#27;[0m&amp#27;[32mThe user clicks Traversals-Illustration link&amp#27;[0m           &amp#27;[90m# StepDefinitions.Tree.the_user_clicks_traversals_illustration_link()&amp#27;[0m
  &amp#27;[32mThen &amp#27;[0m&amp#27;[32mThe user is redirected to Traversals-Illustration page&amp#27;[0m &amp#27;[90m# StepDefinitions.Tree.the_user_is_redirected_to_traversals_illustration_page()&amp#27;[0m
[INFO ] 2024-12-09 22:14:51.051 [TestNG-PoolService-3] Hooks - ======================  Test Execution is completed!! ======================
  &amp#27;[32mAnd &amp#27;[0m&amp#27;[32mThe user clicks Try Here button&amp#27;[0m                                  &amp#27;[90m# StepDefinitions.Tree.the_user_clicks_try_here_button()&amp#27;[0m
  &amp#27;[32mAnd &amp#27;[0m&amp#27;[32mThe user writes the invalid python code and clicks on Run button&amp#27;[0m &amp#27;[90m# StepDefinitions.Tree.the_user_writes_the_invalid_python_code_and_clicks_on_run_button()&amp#27;[0m
  &amp#27;[32mWhen &amp#27;[0m&amp#27;[32mThe user clicks the ok button in the alert window&amp#27;[0m               &amp#27;[90m# StepDefinitions.Tree.the_user_clicks_the_ok_button_in_the_alert_window()&amp#27;[0m
  &amp#27;[32mThen &amp#27;[0m&amp#27;[32mAlert message window is dismissed and user stays on Editor page&amp#27;[0m &amp#27;[90m# StepDefinitions.Tree.Alert_message_window_is_dismissed_and_user_stays_on_Editor_page()&amp#27;[0m
[INFO ] 2024-12-09 22:14:51.729 [TestNG-PoolService-2] Hooks - ======================  Test Execution is completed!! ======================
  &amp#27;[32mWhen &amp#27;[0m&amp#27;[32mThe user clicks Try Here button&amp#27;[0m                               &amp#27;[90m# StepDefinitions.Tree.the_user_clicks_try_here_button()&amp#27;[0m
  &amp#27;[32mThen &amp#27;[0m&amp#27;[32mThe user is redirected to a page having Editor and run button&amp#27;[0m &amp#27;[90m# StepDefinitions.Tree.the_user_is_redirected_to_a_page_having_editor_and_run_button()&amp#27;[0m
[INFO ] 2024-12-09 22:14:51.787 [TestNG-PoolService-1] Hooks - ======================  Test Execution is completed!! ======================
]]></system-out>
  </testcase>
  <testcase name="runScenario[&quot;Traversals-Illustration&quot;, &quot;Tree&quot;](161)" classname="TestRunners.TestRunner" time="0.31">
    <system-out><![CDATA[
Scenario: Try Here Editor page with empty code                               &amp#27;[90m# src/test/resources/Features/Tree.feature:184&amp#27;[0m
]]></system-out>
  </testcase>
  <testcase name="runScenario[&quot;Try Here Editor page with alert message&quot;, &quot;Tree&quot;](162)" classname="TestRunners.TestRunner" time="0.195">
    <system-out><![CDATA[
Scenario: Try Here Editor page with valid data                        &amp#27;[90m# src/test/resources/Features/Tree.feature:191&amp#27;[0m
]]></system-out>
  </testcase>
  <testcase name="runScenario[&quot;Try Here Editor page with invalid data&quot;, &quot;Tree&quot;](164)" classname="TestRunners.TestRunner" time="0.317">
    <system-out><![CDATA[
Scenario: Try Here Editor page with alert message                      &amp#27;[90m# src/test/resources/Features/Tree.feature:205&amp#27;[0m
]]></system-out>
  </testcase>
  <testcase name="runScenario[&quot;Try Here Editor page with valid data&quot;, &quot;Tree&quot;](165)" classname="TestRunners.TestRunner" time="0.24">
    <system-out><![CDATA[
Scenario: Traversals-Illustration                           &amp#27;[90m# src/test/resources/Features/Tree.feature:213&amp#27;[0m
]]></system-out>
  </testcase>
  <testcase name="runScenario[&quot;Traversals-Illustration&quot;, &quot;Tree&quot;](166)" classname="TestRunners.TestRunner" time="11.206">
    <system-out><![CDATA[
Scenario: Binary Trees                                               &amp#27;[90m# src/test/resources/Features/Tree.feature:220&amp#27;[0m
[INFO ] 2024-12-09 22:15:09.748 [TestNG-PoolService-3] Hooks - ======================  New Test Execution is STARTED!! ======================
[INFO ] 2024-12-09 22:15:10.814 [TestNG-PoolService-2] Hooks - ======================  New Test Execution is STARTED!! ======================
[INFO ] 2024-12-09 22:15:12.719 [TestNG-PoolService-1] Hooks - ======================  New Test Execution is STARTED!! ======================
  &amp#27;[32mGiven &amp#27;[0m&amp#27;[32mThe user is on the DS Introduction page as signedIn&amp#27;[0m            &amp#27;[90m# StepDefinitions.DSIntroductionDetails.the_user_is_on_the_ds_introduction_page_as_signed_in()&amp#27;[0m
  &amp#27;[32mGiven &amp#27;[0m&amp#27;[32mThe user is on the DS Introduction page as signedIn&amp#27;[0m &amp#27;[90m# StepDefinitions.DSIntroductionDetails.the_user_is_on_the_ds_introduction_page_as_signed_in()&amp#27;[0m
  &amp#27;[32mAnd &amp#27;[0m&amp#27;[32mUser clicks on Get Started button from Tree panel&amp#27;[0m                &amp#27;[90m# StepDefinitions.Tree.user_clicks_on_get_started_button_from_tree_panel()&amp#27;[0m
  &amp#27;[32mAnd &amp#27;[0m&amp#27;[32mUser clicks on Get Started button from Tree panel&amp#27;[0m     &amp#27;[90m# StepDefinitions.Tree.user_clicks_on_get_started_button_from_tree_panel()&amp#27;[0m
  &amp#27;[32mGiven &amp#27;[0m&amp#27;[32mThe user is on the Traversals-Illustration page&amp#27;[0m                &amp#27;[90m# StepDefinitions.Tree.the_user_is_on_the_traversals_illustration_page()&amp#27;[0m
  &amp#27;[32mGiven &amp#27;[0m&amp#27;[32mThe user is on the Traversals-Illustration page&amp#27;[0m     &amp#27;[90m# StepDefinitions.Tree.the_user_is_on_the_traversals_illustration_page()&amp#27;[0m
  &amp#27;[32mWhen &amp#27;[0m&amp#27;[32mThe user clicks Binary Trees link&amp#27;[0m                    &amp#27;[90m# StepDefinitions.Tree.the_user_clicks_binary_trees_link()&amp#27;[0m
  &amp#27;[32mThen &amp#27;[0m&amp#27;[32mThe user is redirected to Binary Trees page.&amp#27;[0m         &amp#27;[90m# StepDefinitions.Tree.the_user_is_redirected_to_binary_trees_page()&amp#27;[0m
[INFO ] 2024-12-09 22:15:15.174 [TestNG-PoolService-2] Hooks - ======================  Test Execution is completed!! ======================
  &amp#27;[32mGiven &amp#27;[0m&amp#27;[32mThe user is on the DS Introduction page as signedIn&amp#27;[0m          &amp#27;[90m# StepDefinitions.DSIntroductionDetails.the_user_is_on_the_ds_introduction_page_as_signed_in()&amp#27;[0m
  &amp#27;[32mAnd &amp#27;[0m&amp#27;[32mUser clicks on Get Started button from Tree panel&amp#27;[0m              &amp#27;[90m# StepDefinitions.Tree.user_clicks_on_get_started_button_from_tree_panel()&amp#27;[0m
  &amp#27;[32mGiven &amp#27;[0m&amp#27;[32mThe user is on the Binary Trees page&amp#27;[0m                         &amp#27;[90m# StepDefinitions.Tree.the_user_is_on_the_binary_trees_page()&amp#27;[0m
  &amp#27;[32mAnd &amp#27;[0m&amp#27;[32mThe user clicks Try Here button&amp#27;[0m                                  &amp#27;[90m# StepDefinitions.Tree.the_user_clicks_try_here_button()&amp#27;[0m
  &amp#27;[32mAnd &amp#27;[0m&amp#27;[32mThe user writes the invalid python code and clicks on Run button&amp#27;[0m &amp#27;[90m# StepDefinitions.Tree.the_user_writes_the_invalid_python_code_and_clicks_on_run_button()&amp#27;[0m
  &amp#27;[32mWhen &amp#27;[0m&amp#27;[32mThe user clicks the ok button in the alert window&amp#27;[0m               &amp#27;[90m# StepDefinitions.Tree.the_user_clicks_the_ok_button_in_the_alert_window()&amp#27;[0m
  &amp#27;[32mThen &amp#27;[0m&amp#27;[32mAlert message window is dismissed and user stays on Editor page&amp#27;[0m &amp#27;[90m# StepDefinitions.Tree.Alert_message_window_is_dismissed_and_user_stays_on_Editor_page()&amp#27;[0m
[INFO ] 2024-12-09 22:15:16.549 [TestNG-PoolService-3] Hooks - ======================  Test Execution is completed!! ======================
]]></system-out>
  </testcase>
  <testcase name="runScenario[&quot;Try Here Editor page with alert message&quot;, &quot;Tree&quot;](167)" classname="TestRunners.TestRunner" time="1.288">
    <system-out><![CDATA[
Scenario: Try Here Editor page with empty code                               &amp#27;[90m# src/test/resources/Features/Tree.feature:226&amp#27;[0m
  &amp#27;[32mWhen &amp#27;[0m&amp#27;[32mThe user clicks Try Here button&amp#27;[0m                               &amp#27;[90m# StepDefinitions.Tree.the_user_clicks_try_here_button()&amp#27;[0m
  &amp#27;[32mThen &amp#27;[0m&amp#27;[32mThe user is redirected to a page having Editor and run button&amp#27;[0m &amp#27;[90m# StepDefinitions.Tree.the_user_is_redirected_to_a_page_having_editor_and_run_button()&amp#27;[0m
[INFO ] 2024-12-09 22:15:17.089 [TestNG-PoolService-1] Hooks - ======================  Test Execution is completed!! ======================
]]></system-out>
  </testcase>
  <testcase name="runScenario[&quot;Try Here Editor page with invalid data&quot;, &quot;Tree&quot;](170)" classname="TestRunners.TestRunner" time="0.281">
    <system-out><![CDATA[
Scenario: Try Here Editor page with alert message                      &amp#27;[90m# src/test/resources/Features/Tree.feature:247&amp#27;[0m
]]></system-out>
  </testcase>
  <testcase name="runScenario[&quot;Try Here Editor page with valid data&quot;, &quot;Tree&quot;](171)" classname="TestRunners.TestRunner" time="0.758">
    <system-out><![CDATA[
Scenario: Binary Trees                                       &amp#27;[90m# src/test/resources/Features/Tree.feature:256&amp#27;[0m
]]></system-out>
  </testcase>
  <testcase name="runScenario[&quot;Binary Trees&quot;, &quot;Tree&quot;](172)" classname="TestRunners.TestRunner" time="11.021">
    <system-out><![CDATA[
Scenario: Types of Binary Trees                                      &amp#27;[90m# src/test/resources/Features/Tree.feature:263&amp#27;[0m
[INFO ] 2024-12-09 22:15:34.341 [TestNG-PoolService-2] Hooks - ======================  New Test Execution is STARTED!! ======================
[INFO ] 2024-12-09 22:15:35.655 [TestNG-PoolService-1] Hooks - ======================  New Test Execution is STARTED!! ======================
[INFO ] 2024-12-09 22:15:36.095 [TestNG-PoolService-3] Hooks - ======================  New Test Execution is STARTED!! ======================
  &amp#27;[32mGiven &amp#27;[0m&amp#27;[32mThe user is on the DS Introduction page as signedIn&amp#27;[0m            &amp#27;[90m# StepDefinitions.DSIntroductionDetails.the_user_is_on_the_ds_introduction_page_as_signed_in()&amp#27;[0m
  &amp#27;[32mAnd &amp#27;[0m&amp#27;[32mUser clicks on Get Started button from Tree panel&amp#27;[0m                &amp#27;[90m# StepDefinitions.Tree.user_clicks_on_get_started_button_from_tree_panel()&amp#27;[0m
  &amp#27;[32mGiven &amp#27;[0m&amp#27;[32mThe user is on the Binary Trees page&amp#27;[0m                           &amp#27;[90m# StepDefinitions.Tree.the_user_is_on_the_binary_trees_page()&amp#27;[0m
  &amp#27;[32mGiven &amp#27;[0m&amp#27;[32mThe user is on the DS Introduction page as signedIn&amp#27;[0m          &amp#27;[90m# StepDefinitions.DSIntroductionDetails.the_user_is_on_the_ds_introduction_page_as_signed_in()&amp#27;[0m
  &amp#27;[32mGiven &amp#27;[0m&amp#27;[32mThe user is on the DS Introduction page as signedIn&amp#27;[0m  &amp#27;[90m# StepDefinitions.DSIntroductionDetails.the_user_is_on_the_ds_introduction_page_as_signed_in()&amp#27;[0m
  &amp#27;[32mAnd &amp#27;[0m&amp#27;[32mUser clicks on Get Started button from Tree panel&amp#27;[0m              &amp#27;[90m# StepDefinitions.Tree.user_clicks_on_get_started_button_from_tree_panel()&amp#27;[0m
  &amp#27;[32mAnd &amp#27;[0m&amp#27;[32mUser clicks on Get Started button from Tree panel&amp#27;[0m      &amp#27;[90m# StepDefinitions.Tree.user_clicks_on_get_started_button_from_tree_panel()&amp#27;[0m
  &amp#27;[32mGiven &amp#27;[0m&amp#27;[32mThe user is on the Types of Binary Trees page&amp#27;[0m                &amp#27;[90m# StepDefinitions.Tree.the_user_is_on_the_types_of_binary_trees_page()&amp#27;[0m
  &amp#27;[32mGiven &amp#27;[0m&amp#27;[32mThe user is on the Binary Trees page&amp#27;[0m                 &amp#27;[90m# StepDefinitions.Tree.the_user_is_on_the_binary_trees_page()&amp#27;[0m
  &amp#27;[32mAnd &amp#27;[0m&amp#27;[32mThe user clicks Try Here button&amp#27;[0m                                  &amp#27;[90m# StepDefinitions.Tree.the_user_clicks_try_here_button()&amp#27;[0m
  &amp#27;[32mWhen &amp#27;[0m&amp#27;[32mThe user clicks Types of Binary Trees link&amp#27;[0m            &amp#27;[90m# StepDefinitions.Tree.the_user_clicks_types_of_binary_trees_link()&amp#27;[0m
  &amp#27;[32mThen &amp#27;[0m&amp#27;[32mThe user is redirected to Types of Binary Trees page.&amp#27;[0m &amp#27;[90m# StepDefinitions.Tree.the_user_is_redirected_to_types_of_binary_trees_page()&amp#27;[0m
[INFO ] 2024-12-09 22:15:39.908 [TestNG-PoolService-1] Hooks - ======================  Test Execution is completed!! ======================
  &amp#27;[32mAnd &amp#27;[0m&amp#27;[32mThe user writes the invalid python code and clicks on Run button&amp#27;[0m &amp#27;[90m# StepDefinitions.Tree.the_user_writes_the_invalid_python_code_and_clicks_on_run_button()&amp#27;[0m
  &amp#27;[32mWhen &amp#27;[0m&amp#27;[32mThe user clicks the ok button in the alert window&amp#27;[0m               &amp#27;[90m# StepDefinitions.Tree.the_user_clicks_the_ok_button_in_the_alert_window()&amp#27;[0m
  &amp#27;[32mThen &amp#27;[0m&amp#27;[32mAlert message window is dismissed and user stays on Editor page&amp#27;[0m &amp#27;[90m# StepDefinitions.Tree.Alert_message_window_is_dismissed_and_user_stays_on_Editor_page()&amp#27;[0m
[INFO ] 2024-12-09 22:15:40.320 [TestNG-PoolService-2] Hooks - ======================  Test Execution is completed!! ======================
  &amp#27;[32mWhen &amp#27;[0m&amp#27;[32mThe user clicks Try Here button&amp#27;[0m                               &amp#27;[90m# StepDefinitions.Tree.the_user_clicks_try_here_button()&amp#27;[0m
  &amp#27;[32mThen &amp#27;[0m&amp#27;[32mThe user is redirected to a page having Editor and run button&amp#27;[0m &amp#27;[90m# StepDefinitions.Tree.the_user_is_redirected_to_a_page_having_editor_and_run_button()&amp#27;[0m
[INFO ] 2024-12-09 22:15:40.404 [TestNG-PoolService-3] Hooks - ======================  Test Execution is completed!! ======================
]]></system-out>
  </testcase>
  <testcase name="runScenario[&quot;Types of Binary Trees&quot;, &quot;Tree&quot;](173)" classname="TestRunners.TestRunner" time="0.246">
    <system-out><![CDATA[
Scenario: Try Here Editor page with empty code                               &amp#27;[90m# src/test/resources/Features/Tree.feature:269&amp#27;[0m
]]></system-out>
  </testcase>
  <testcase name="runScenario[&quot;Try Here Editor page with alert message&quot;, &quot;Tree&quot;](174)" classname="TestRunners.TestRunner" time="0.083">
    <system-out><![CDATA[
Scenario: Try Here Editor page with valid data                        &amp#27;[90m# src/test/resources/Features/Tree.feature:276&amp#27;[0m
]]></system-out>
  </testcase>
  <testcase name="runScenario[&quot;Implementation in Python&quot;, &quot;Tree&quot;](178)" classname="TestRunners.TestRunner" time="11.119">
    <system-out><![CDATA[
Scenario: Implementation in Python                                   &amp#27;[90m# src/test/resources/Features/Tree.feature:305&amp#27;[0m
[INFO ] 2024-12-09 22:15:58.583 [TestNG-PoolService-1] Hooks - ======================  New Test Execution is STARTED!! ======================
[INFO ] 2024-12-09 22:16:00.083 [TestNG-PoolService-3] Hooks - ======================  New Test Execution is STARTED!! ======================
[INFO ] 2024-12-09 22:16:00.486 [TestNG-PoolService-2] Hooks - ======================  New Test Execution is STARTED!! ======================
  &amp#27;[32mGiven &amp#27;[0m&amp#27;[32mThe user is on the DS Introduction page as signedIn&amp#27;[0m            &amp#27;[90m# StepDefinitions.DSIntroductionDetails.the_user_is_on_the_ds_introduction_page_as_signed_in()&amp#27;[0m
  &amp#27;[32mAnd &amp#27;[0m&amp#27;[32mUser clicks on Get Started button from Tree panel&amp#27;[0m                &amp#27;[90m# StepDefinitions.Tree.user_clicks_on_get_started_button_from_tree_panel()&amp#27;[0m
  &amp#27;[32mGiven &amp#27;[0m&amp#27;[32mThe user is on the Types of Binary Trees page&amp#27;[0m                  &amp#27;[90m# StepDefinitions.Tree.the_user_is_on_the_types_of_binary_trees_page()&amp#27;[0m
  &amp#27;[32mGiven &amp#27;[0m&amp#27;[32mThe user is on the DS Introduction page as signedIn&amp#27;[0m          &amp#27;[90m# StepDefinitions.DSIntroductionDetails.the_user_is_on_the_ds_introduction_page_as_signed_in()&amp#27;[0m
  &amp#27;[32mAnd &amp#27;[0m&amp#27;[32mUser clicks on Get Started button from Tree panel&amp#27;[0m              &amp#27;[90m# StepDefinitions.Tree.user_clicks_on_get_started_button_from_tree_panel()&amp#27;[0m
  &amp#27;[32mGiven &amp#27;[0m&amp#27;[32mThe user is on the DS Introduction page as signedIn&amp#27;[0m     &amp#27;[90m# StepDefinitions.DSIntroductionDetails.the_user_is_on_the_ds_introduction_page_as_signed_in()&amp#27;[0m
  &amp#27;[32mGiven &amp#27;[0m&amp#27;[32mThe user is on the Implementation in Python page&amp#27;[0m             &amp#27;[90m# StepDefinitions.Tree.the_user_is_on_the_implementation_in_python_page()&amp#27;[0m
  &amp#27;[32mAnd &amp#27;[0m&amp#27;[32mUser clicks on Get Started button from Tree panel&amp#27;[0m         &amp#27;[90m# StepDefinitions.Tree.user_clicks_on_get_started_button_from_tree_panel()&amp#27;[0m
  &amp#27;[32mAnd &amp#27;[0m&amp#27;[32mThe user clicks Try Here button&amp#27;[0m                                  &amp#27;[90m# StepDefinitions.Tree.the_user_clicks_try_here_button()&amp#27;[0m
  &amp#27;[32mGiven &amp#27;[0m&amp#27;[32mThe user is on the Types of Binary Trees page&amp#27;[0m           &amp#27;[90m# StepDefinitions.Tree.the_user_is_on_the_types_of_binary_trees_page()&amp#27;[0m
  &amp#27;[32mAnd &amp#27;[0m&amp#27;[32mThe user writes the invalid python code and clicks on Run button&amp#27;[0m &amp#27;[90m# StepDefinitions.Tree.the_user_writes_the_invalid_python_code_and_clicks_on_run_button()&amp#27;[0m
  &amp#27;[32mWhen &amp#27;[0m&amp#27;[32mThe user clicks Implementation in Python Trees link&amp#27;[0m      &amp#27;[90m# StepDefinitions.Tree.the_user_clicks_implementation_in_python_trees_link()&amp#27;[0m
  &amp#27;[32mThen &amp#27;[0m&amp#27;[32mThe user is redirected to Implementation in Python page.&amp#27;[0m &amp#27;[90m# StepDefinitions.Tree.the_user_is_redirected_to_implementation_in_python_page()&amp#27;[0m
[INFO ] 2024-12-09 22:16:04.249 [TestNG-PoolService-3] Hooks - ======================  Test Execution is completed!! ======================
  &amp#27;[32mWhen &amp#27;[0m&amp#27;[32mThe user clicks the ok button in the alert window&amp#27;[0m               &amp#27;[90m# StepDefinitions.Tree.the_user_clicks_the_ok_button_in_the_alert_window()&amp#27;[0m
  &amp#27;[32mThen &amp#27;[0m&amp#27;[32mAlert message window is dismissed and user stays on Editor page&amp#27;[0m &amp#27;[90m# StepDefinitions.Tree.Alert_message_window_is_dismissed_and_user_stays_on_Editor_page()&amp#27;[0m
[INFO ] 2024-12-09 22:16:04.302 [TestNG-PoolService-1] Hooks - ======================  Test Execution is completed!! ======================
  &amp#27;[32mWhen &amp#27;[0m&amp#27;[32mThe user clicks Try Here button&amp#27;[0m                               &amp#27;[90m# StepDefinitions.Tree.the_user_clicks_try_here_button()&amp#27;[0m
  &amp#27;[32mThen &amp#27;[0m&amp#27;[32mThe user is redirected to a page having Editor and run button&amp#27;[0m &amp#27;[90m# StepDefinitions.Tree.the_user_is_redirected_to_a_page_having_editor_and_run_button()&amp#27;[0m
[INFO ] 2024-12-09 22:16:04.550 [TestNG-PoolService-2] Hooks - ======================  Test Execution is completed!! ======================
]]></system-out>
  </testcase>
  <testcase name="runScenario[&quot;Try Here Editor page with alert message&quot;, &quot;Tree&quot;](180)" classname="TestRunners.TestRunner" time="0.065">
    <system-out><![CDATA[
Scenario: Try Here Editor page with empty code                               &amp#27;[90m# src/test/resources/Features/Tree.feature:311&amp#27;[0m

Scenario: Try Here Editor page with valid data                        &amp#27;[90m# src/test/resources/Features/Tree.feature:318&amp#27;[0m
]]></system-out>
  </testcase>
  <testcase name="runScenario[&quot;Try Here Editor page with invalid data&quot;, &quot;Tree&quot;](182)" classname="TestRunners.TestRunner" time="0.738">
    <system-out><![CDATA[
Scenario: Try Here Editor page with alert message                      &amp#27;[90m# src/test/resources/Features/Tree.feature:332&amp#27;[0m
]]></system-out>
  </testcase>
  <testcase name="runScenario[&quot;Try Here Editor page with valid data&quot;, &quot;Tree&quot;](183)" classname="TestRunners.TestRunner" time="0.436">
    <system-out><![CDATA[
Scenario: Implementation in Python                            &amp#27;[90m# src/test/resources/Features/Tree.feature:340&amp#27;[0m
]]></system-out>
  </testcase>
  <testcase name="runScenario[&quot;Implementation in Python&quot;, &quot;Tree&quot;](184)" classname="TestRunners.TestRunner" time="11.217">
    <system-out><![CDATA[
Scenario: Binary Tree Traversals                                     &amp#27;[90m# src/test/resources/Features/Tree.feature:347&amp#27;[0m
[INFO ] 2024-12-09 22:16:22.770 [TestNG-PoolService-2] Hooks - ======================  New Test Execution is STARTED!! ======================
[INFO ] 2024-12-09 22:16:23.771 [TestNG-PoolService-1] Hooks - ======================  New Test Execution is STARTED!! ======================
[INFO ] 2024-12-09 22:16:24.443 [TestNG-PoolService-3] Hooks - ======================  New Test Execution is STARTED!! ======================
  &amp#27;[32mGiven &amp#27;[0m&amp#27;[32mThe user is on the DS Introduction page as signedIn&amp#27;[0m            &amp#27;[90m# StepDefinitions.DSIntroductionDetails.the_user_is_on_the_ds_introduction_page_as_signed_in()&amp#27;[0m
  &amp#27;[32mAnd &amp#27;[0m&amp#27;[32mUser clicks on Get Started button from Tree panel&amp#27;[0m                &amp#27;[90m# StepDefinitions.Tree.user_clicks_on_get_started_button_from_tree_panel()&amp#27;[0m
  &amp#27;[32mGiven &amp#27;[0m&amp#27;[32mThe user is on the Implementation in Python page&amp#27;[0m               &amp#27;[90m# StepDefinitions.Tree.the_user_is_on_the_implementation_in_python_page()&amp#27;[0m
  &amp#27;[32mGiven &amp#27;[0m&amp#27;[32mThe user is on the DS Introduction page as signedIn&amp#27;[0m   &amp#27;[90m# StepDefinitions.DSIntroductionDetails.the_user_is_on_the_ds_introduction_page_as_signed_in()&amp#27;[0m
  &amp#27;[32mGiven &amp#27;[0m&amp#27;[32mThe user is on the DS Introduction page as signedIn&amp#27;[0m          &amp#27;[90m# StepDefinitions.DSIntroductionDetails.the_user_is_on_the_ds_introduction_page_as_signed_in()&amp#27;[0m
  &amp#27;[32mAnd &amp#27;[0m&amp#27;[32mUser clicks on Get Started button from Tree panel&amp#27;[0m       &amp#27;[90m# StepDefinitions.Tree.user_clicks_on_get_started_button_from_tree_panel()&amp#27;[0m
  &amp#27;[32mAnd &amp#27;[0m&amp#27;[32mUser clicks on Get Started button from Tree panel&amp#27;[0m              &amp#27;[90m# StepDefinitions.Tree.user_clicks_on_get_started_button_from_tree_panel()&amp#27;[0m
  &amp#27;[32mGiven &amp#27;[0m&amp#27;[32mThe user is on the Implementation in Python page&amp#27;[0m      &amp#27;[90m# StepDefinitions.Tree.the_user_is_on_the_implementation_in_python_page()&amp#27;[0m
  &amp#27;[32mGiven &amp#27;[0m&amp#27;[32mThe user is on the Binary Tree Traversals page&amp#27;[0m               &amp#27;[90m# StepDefinitions.Tree.the_user_is_on_the_binary_tree_traversals_page()&amp#27;[0m
  &amp#27;[32mAnd &amp#27;[0m&amp#27;[32mThe user clicks Try Here button&amp#27;[0m                                  &amp#27;[90m# StepDefinitions.Tree.the_user_clicks_try_here_button()&amp#27;[0m
  &amp#27;[32mWhen &amp#27;[0m&amp#27;[32mThe user clicks Binary Tree Traversals link&amp#27;[0m            &amp#27;[90m# StepDefinitions.Tree.the_user_clicks_binary_tree_traversals_link()&amp#27;[0m
  &amp#27;[32mThen &amp#27;[0m&amp#27;[32mThe user is redirected to Binary Tree Traversals page.&amp#27;[0m &amp#27;[90m# StepDefinitions.Tree.the_user_is_redirected_to_binary_tree_traversals_page()&amp#27;[0m
[INFO ] 2024-12-09 22:16:27.808 [TestNG-PoolService-1] Hooks - ======================  Test Execution is completed!! ======================
  &amp#27;[32mAnd &amp#27;[0m&amp#27;[32mThe user writes the invalid python code and clicks on Run button&amp#27;[0m &amp#27;[90m# StepDefinitions.Tree.the_user_writes_the_invalid_python_code_and_clicks_on_run_button()&amp#27;[0m
  &amp#27;[32mWhen &amp#27;[0m&amp#27;[32mThe user clicks the ok button in the alert window&amp#27;[0m               &amp#27;[90m# StepDefinitions.Tree.the_user_clicks_the_ok_button_in_the_alert_window()&amp#27;[0m
  &amp#27;[32mThen &amp#27;[0m&amp#27;[32mAlert message window is dismissed and user stays on Editor page&amp#27;[0m &amp#27;[90m# StepDefinitions.Tree.Alert_message_window_is_dismissed_and_user_stays_on_Editor_page()&amp#27;[0m
[INFO ] 2024-12-09 22:16:28.125 [TestNG-PoolService-2] Hooks - ======================  Test Execution is completed!! ======================
  &amp#27;[32mWhen &amp#27;[0m&amp#27;[32mThe user clicks Try Here button&amp#27;[0m                               &amp#27;[90m# StepDefinitions.Tree.the_user_clicks_try_here_button()&amp#27;[0m
  &amp#27;[32mThen &amp#27;[0m&amp#27;[32mThe user is redirected to a page having Editor and run button&amp#27;[0m &amp#27;[90m# StepDefinitions.Tree.the_user_is_redirected_to_a_page_having_editor_and_run_button()&amp#27;[0m
[INFO ] 2024-12-09 22:16:28.638 [TestNG-PoolService-3] Hooks - ======================  Test Execution is completed!! ======================
]]></system-out>
  </testcase>
  <testcase name="runScenario[&quot;Implementation in Python&quot;, &quot;Tree&quot;](184)" classname="TestRunners.TestRunner" time="5.115">
    <system-out><![CDATA[
Scenario: Binary Tree Traversals                                     &amp#27;[90m# src/test/resources/Features/Tree.feature:347&amp#27;[0m
  &amp#27;[32mGiven &amp#27;[0m&amp#27;[32mThe user is on the DS Introduction page as signedIn&amp#27;[0m            &amp#27;[90m# StepDefinitions.DSIntroductionDetails.the_user_is_on_the_ds_introduction_page_as_signed_in()&amp#27;[0m
  &amp#27;[32mAnd &amp#27;[0m&amp#27;[32mUser clicks on Get Started button from Tree panel&amp#27;[0m                &amp#27;[90m# StepDefinitions.Tree.user_clicks_on_get_started_button_from_tree_panel()&amp#27;[0m
[INFO ] 2024-12-09 22:28:19.708 [TestNG-PoolService-1] Hooks - ======================  New Test Execution is STARTED!! ======================
  &amp#27;[32mGiven &amp#27;[0m&amp#27;[32mThe user is on the Implementation in Python page&amp#27;[0m               &amp#27;[90m# StepDefinitions.Tree.the_user_is_on_the_implementation_in_python_page()&amp#27;[0m
  &amp#27;[32mGiven &amp#27;[0m&amp#27;[32mThe user is on the DS Introduction page as signedIn&amp#27;[0m   &amp#27;[90m# StepDefinitions.DSIntroductionDetails.the_user_is_on_the_ds_introduction_page_as_signed_in()&amp#27;[0m
  &amp#27;[32mAnd &amp#27;[0m&amp#27;[32mUser clicks on Get Started button from Tree panel&amp#27;[0m       &amp#27;[90m# StepDefinitions.Tree.user_clicks_on_get_started_button_from_tree_panel()&amp#27;[0m
  &amp#27;[32mAnd &amp#27;[0m&amp#27;[32mThe user clicks Try Here button&amp#27;[0m                                  &amp#27;[90m# StepDefinitions.Tree.the_user_clicks_try_here_button()&amp#27;[0m
  &amp#27;[32mGiven &amp#27;[0m&amp#27;[32mThe user is on the Implementation in Python page&amp#27;[0m      &amp#27;[90m# StepDefinitions.Tree.the_user_is_on_the_implementation_in_python_page()&amp#27;[0m
  &amp#27;[31mAnd &amp#27;[0m&amp#27;[31mThe user writes the invalid python code and clicks on Run button&amp#27;[0m &amp#27;[90m# StepDefinitions.Tree.the_user_writes_the_invalid_python_code_and_clicks_on_run_button()&amp#27;[0m
      &amp#27;[31morg.openqa.selenium.ElementNotInteractableException: element not interactable
  (Session info: MicrosoftEdge=131.0.2903.86)
Build info: version: '4.26.0', revision: '8ccf0219d7'
System info: os.name: 'Windows 11', os.arch: 'amd64', os.version: '10.0', java.version: '21.0.5'
Driver info: org.openqa.selenium.edge.EdgeDriver
Command: [07aca00ab67b9afaf9ccb0fc71a0edbd, sendKeysToElement {value=[Ljava.lang.CharSequence;@3f7680cd, id=f.3DE4D8902B3ADEFD2EA7EAD02B32AE5F.d.2A955955901F74E96F88F7C196DE5E55.e.38}]
Capabilities {acceptInsecureCerts: false, browserName: MicrosoftEdge, browserVersion: 131.0.2903.86, fedcm:accounts: true, ms:edgeOptions: {debuggerAddress: localhost:50814}, msedge: {msedgedriverVersion: 131.0.2903.86 (cf5bf303997c..., userDataDir: C:\Users\vamsh\AppData\Loca...}, networkConnectionEnabled: false, pageLoadStrategy: normal, platformName: windows, proxy: Proxy(), se:cdp: ws://localhost:50814/devtoo..., se:cdpVersion: 131.0.2903.86, setWindowRect: true, strictFileInteractability: false, timeouts: {implicit: 0, pageLoad: 300000, script: 30000}, unhandledPromptBehavior: dismiss and notify, webauthn:extension:credBlob: true, webauthn:extension:largeBlob: true, webauthn:extension:minPinLength: true, webauthn:extension:prf: true, webauthn:virtualAuthenticators: true}
Element: [[EdgeDriver: MicrosoftEdge on windows (07aca00ab67b9afaf9ccb0fc71a0edbd)] -> css selector: .CodeMirror textarea]
Session ID: 07aca00ab67b9afaf9ccb0fc71a0edbd
	at java.base/jdk.internal.reflect.DirectConstructorHandleAccessor.newInstance(DirectConstructorHandleAccessor.java:62)
	at java.base/java.lang.reflect.Constructor.newInstanceWithCaller(Constructor.java:502)
	at java.base/java.lang.reflect.Constructor.newInstance(Constructor.java:486)
	at org.openqa.selenium.remote.ErrorCodec.decode(ErrorCodec.java:167)
	at org.openqa.selenium.remote.codec.w3c.W3CHttpResponseCodec.decode(W3CHttpResponseCodec.java:138)
	at org.openqa.selenium.remote.codec.w3c.W3CHttpResponseCodec.decode(W3CHttpResponseCodec.java:50)
	at org.openqa.selenium.remote.HttpCommandExecutor.execute(HttpCommandExecutor.java:190)
	at org.openqa.selenium.remote.service.DriverCommandExecutor.invokeExecute(DriverCommandExecutor.java:216)
	at org.openqa.selenium.remote.service.DriverCommandExecutor.execute(DriverCommandExecutor.java:174)
	at org.openqa.selenium.remote.RemoteWebDriver.execute(RemoteWebDriver.java:545)
	at org.openqa.selenium.remote.RemoteWebElement.execute(RemoteWebElement.java:223)
	at org.openqa.selenium.remote.RemoteWebElement.sendKeys(RemoteWebElement.java:110)
	at PageObjects.TreePage.writeInTryEditorWindow(TreePage.java:357)
	at StepDefinitions.Tree.the_user_writes_the_invalid_python_code_and_clicks_on_run_button(Tree.java:96)
	at ✽.The user writes the invalid python code and clicks on Run button(file:///C:/Projects/Repo1/src/test/resources/Features/Tree.feature:336)
&amp#27;[0m
  &amp#27;[36mWhen &amp#27;[0m&amp#27;[36mThe user clicks the ok button in the alert window&amp#27;[0m               &amp#27;[90m# StepDefinitions.Tree.the_user_clicks_the_ok_button_in_the_alert_window()&amp#27;[0m
  &amp#27;[36mThen &amp#27;[0m&amp#27;[36mAlert message window is dismissed and user stays on Editor page&amp#27;[0m &amp#27;[90m# StepDefinitions.Tree.Alert_message_window_is_dismissed_and_user_stays_on_Editor_page()&amp#27;[0m
[ERROR] 2024-12-09 22:28:21.331 [TestNG-PoolService-3] Hooks - ======================  TEST CASE FAILED !! ======================
  &amp#27;[32mWhen &amp#27;[0m&amp#27;[32mThe user clicks Binary Tree Traversals link&amp#27;[0m            &amp#27;[90m# StepDefinitions.Tree.the_user_clicks_binary_tree_traversals_link()&amp#27;[0m
  &amp#27;[32mThen &amp#27;[0m&amp#27;[32mThe user is redirected to Binary Tree Traversals page.&amp#27;[0m &amp#27;[90m# StepDefinitions.Tree.the_user_is_redirected_to_binary_tree_traversals_page()&amp#27;[0m
[INFO ] 2024-12-09 22:28:21.567 [TestNG-PoolService-2] Hooks - ======================  Test Execution is completed!! ======================

    Embedding screenshot [image/png 7890 bytes]

[INFO ] 2024-12-09 22:28:21.574 [TestNG-PoolService-3] Hooks - ======================  Screenshot is captured  ======================
[INFO ] 2024-12-09 22:28:21.574 [TestNG-PoolService-3] Hooks - ======================  Test Execution is completed!! ======================
]]></system-out>
    <system-err><![CDATA[Dec 09, 2024 10:28:19 PM org.openqa.selenium.devtools.CdpVersionFinder findNearestMatch
WARNING: Unable to find an exact match for CDP version 131, returning the closest version; found: 130; Please update to a Selenium version that supports CDP version 131
]]></system-err>
  </testcase>
  <testcase name="runScenario[&quot;Try Here Editor page with alert message&quot;, &quot;Tree&quot;](185)" classname="TestRunners.TestRunner" time="0.085">
    <system-out><![CDATA[
Scenario: Try Here Editor page with empty code                               &amp#27;[90m# src/test/resources/Features/Tree.feature:353&amp#27;[0m
]]></system-out>
  </testcase>
  <testcase name="runScenario[&quot;Try Here Editor page with alert message&quot;, &quot;Tree&quot;](185)" classname="TestRunners.TestRunner" time="0.111">
    <failure message="element not interactable&#10;  (Session info: MicrosoftEdge=131.0.2903.86)&#10;Build info: version: &apos;4.26.0&apos;, revision: &apos;8ccf0219d7&apos;&#10;System info: os.name: &apos;Windows 11&apos;, os.arch: &apos;amd64&apos;, os.version: &apos;10.0&apos;, java.version: &apos;21.0.5&apos;&#10;Driver info: org.openqa.selenium.edge.EdgeDriver&#10;Command: [07aca00ab67b9afaf9ccb0fc71a0edbd, sendKeysToElement {value=[Ljava.lang.CharSequence;@3f7680cd, id=f.3DE4D8902B3ADEFD2EA7EAD02B32AE5F.d.2A955955901F74E96F88F7C196DE5E55.e.38}]&#10;Capabilities {acceptInsecureCerts: false, browserName: MicrosoftEdge, browserVersion: 131.0.2903.86, fedcm:accounts: true, ms:edgeOptions: {debuggerAddress: localhost:50814}, msedge: {msedgedriverVersion: 131.0.2903.86 (cf5bf303997c..., userDataDir: C:\Users\vamsh\AppData\Loca...}, networkConnectionEnabled: false, pageLoadStrategy: normal, platformName: windows, proxy: Proxy(), se:cdp: ws://localhost:50814/devtoo..., se:cdpVersion: 131.0.2903.86, setWindowRect: true, strictFileInteractability: false, timeouts: {implicit: 0, pageLoad: 300000, script: 30000}, unhandledPromptBehavior: dismiss and notify, webauthn:extension:credBlob: true, webauthn:extension:largeBlob: true, webauthn:extension:minPinLength: true, webauthn:extension:prf: true, webauthn:virtualAuthenticators: true}&#10;Element: [[EdgeDriver: MicrosoftEdge on windows (07aca00ab67b9afaf9ccb0fc71a0edbd)] -&gt; css selector: .CodeMirror textarea]&#10;Session ID: 07aca00ab67b9afaf9ccb0fc71a0edbd" type="org.openqa.selenium.ElementNotInteractableException"><![CDATA[org.openqa.selenium.ElementNotInteractableException: 
element not interactable
  (Session info: MicrosoftEdge=131.0.2903.86)
Build info: version: '4.26.0', revision: '8ccf0219d7'
System info: os.name: 'Windows 11', os.arch: 'amd64', os.version: '10.0', java.version: '21.0.5'
Driver info: org.openqa.selenium.edge.EdgeDriver
Command: [07aca00ab67b9afaf9ccb0fc71a0edbd, sendKeysToElement {value=[Ljava.lang.CharSequence;@3f7680cd, id=f.3DE4D8902B3ADEFD2EA7EAD02B32AE5F.d.2A955955901F74E96F88F7C196DE5E55.e.38}]
Capabilities {acceptInsecureCerts: false, browserName: MicrosoftEdge, browserVersion: 131.0.2903.86, fedcm:accounts: true, ms:edgeOptions: {debuggerAddress: localhost:50814}, msedge: {msedgedriverVersion: 131.0.2903.86 (cf5bf303997c..., userDataDir: C:\Users\vamsh\AppData\Loca...}, networkConnectionEnabled: false, pageLoadStrategy: normal, platformName: windows, proxy: Proxy(), se:cdp: ws://localhost:50814/devtoo..., se:cdpVersion: 131.0.2903.86, setWindowRect: true, strictFileInteractability: false, timeouts: {implicit: 0, pageLoad: 300000, script: 30000}, unhandledPromptBehavior: dismiss and notify, webauthn:extension:credBlob: true, webauthn:extension:largeBlob: true, webauthn:extension:minPinLength: true, webauthn:extension:prf: true, webauthn:virtualAuthenticators: true}
Element: [[EdgeDriver: MicrosoftEdge on windows (07aca00ab67b9afaf9ccb0fc71a0edbd)] -> css selector: .CodeMirror textarea]
Session ID: 07aca00ab67b9afaf9ccb0fc71a0edbd
]]></failure>
    <system-out><![CDATA[
Scenario: Try Here Editor page with empty code                               &amp#27;[90m# src/test/resources/Features/Tree.feature:353&amp#27;[0m
  &amp#27;[32mGiven &amp#27;[0m&amp#27;[32mThe user is on the DS Introduction page as signedIn&amp#27;[0m          &amp#27;[90m# StepDefinitions.DSIntroductionDetails.the_user_is_on_the_ds_introduction_page_as_signed_in()&amp#27;[0m
]]></system-out>
  </testcase>
  <testcase name="runScenario[&quot;Binary Tree Traversals&quot;, &quot;Tree&quot;](186)" classname="TestRunners.TestRunner" time="0.004"/>
  <testcase name="runScenario[&quot;Binary Tree Traversals&quot;, &quot;Tree&quot;](186)" classname="TestRunners.TestRunner" time="3.378">
    <system-out><![CDATA[
Scenario: Try Here Editor page with valid data                        &amp#27;[90m# src/test/resources/Features/Tree.feature:360&amp#27;[0m
  &amp#27;[32mAnd &amp#27;[0m&amp#27;[32mUser clicks on Get Started button from Tree panel&amp#27;[0m              &amp#27;[90m# StepDefinitions.Tree.user_clicks_on_get_started_button_from_tree_panel()&amp#27;[0m
  &amp#27;[32mGiven &amp#27;[0m&amp#27;[32mThe user is on the Binary Tree Traversals page&amp#27;[0m               &amp#27;[90m# StepDefinitions.Tree.the_user_is_on_the_binary_tree_traversals_page()&amp#27;[0m
  &amp#27;[32mWhen &amp#27;[0m&amp#27;[32mThe user clicks Try Here button&amp#27;[0m                               &amp#27;[90m# StepDefinitions.Tree.the_user_clicks_try_here_button()&amp#27;[0m
  &amp#27;[32mThen &amp#27;[0m&amp#27;[32mThe user is redirected to a page having Editor and run button&amp#27;[0m &amp#27;[90m# StepDefinitions.Tree.the_user_is_redirected_to_a_page_having_editor_and_run_button()&amp#27;[0m
[INFO ] 2024-12-09 22:28:24.345 [TestNG-PoolService-1] Hooks - ======================  Test Execution is completed!! ======================
]]></system-out>
  </testcase>
  <testcase name="runScenario[&quot;Try Here Editor page with empty code&quot;, &quot;Tree&quot;](187)" classname="TestRunners.TestRunner" time="10.921">
    <system-out><![CDATA[
Scenario: Try Here Editor page with valid data                        &amp#27;[90m# src/test/resources/Features/Tree.feature:360&amp#27;[0m

Scenario: Try Here Editor page with invalid data                        &amp#27;[90m# src/test/resources/Features/Tree.feature:367&amp#27;[0m
[INFO ] 2024-12-09 22:16:34.470 [TestNG-PoolService-1] Hooks - ======================  New Test Execution is STARTED!! ======================
[INFO ] 2024-12-09 22:16:35.822 [TestNG-PoolService-3] Hooks - ======================  New Test Execution is STARTED!! ======================
  &amp#27;[32mGiven &amp#27;[0m&amp#27;[32mThe user is on the DS Introduction page as signedIn&amp#27;[0m                  &amp#27;[90m# StepDefinitions.DSIntroductionDetails.the_user_is_on_the_ds_introduction_page_as_signed_in()&amp#27;[0m
[INFO ] 2024-12-09 22:16:36.973 [TestNG-PoolService-2] Hooks - ======================  New Test Execution is STARTED!! ======================
  &amp#27;[32mAnd &amp#27;[0m&amp#27;[32mUser clicks on Get Started button from Tree panel&amp#27;[0m                      &amp#27;[90m# StepDefinitions.Tree.user_clicks_on_get_started_button_from_tree_panel()&amp#27;[0m
  &amp#27;[32mGiven &amp#27;[0m&amp#27;[32mThe user is on the Binary Tree Traversals page&amp#27;[0m                       &amp#27;[90m# StepDefinitions.Tree.the_user_is_on_the_binary_tree_traversals_page()&amp#27;[0m
  &amp#27;[32mGiven &amp#27;[0m&amp#27;[32mThe user is on the DS Introduction page as signedIn&amp#27;[0m             &amp#27;[90m# StepDefinitions.DSIntroductionDetails.the_user_is_on_the_ds_introduction_page_as_signed_in()&amp#27;[0m
  &amp#27;[32mAnd &amp#27;[0m&amp#27;[32mUser clicks on Get Started button from Tree panel&amp#27;[0m                 &amp#27;[90m# StepDefinitions.Tree.user_clicks_on_get_started_button_from_tree_panel()&amp#27;[0m
  &amp#27;[32mAnd &amp#27;[0m&amp#27;[32mThe user clicks Try Here button&amp#27;[0m                                        &amp#27;[90m# StepDefinitions.Tree.the_user_clicks_try_here_button()&amp#27;[0m
  &amp#27;[32mGiven &amp#27;[0m&amp#27;[32mThe user is on the Binary Tree Traversals page&amp#27;[0m                  &amp#27;[90m# StepDefinitions.Tree.the_user_is_on_the_binary_tree_traversals_page()&amp#27;[0m
  &amp#27;[32mWhen &amp#27;[0m&amp#27;[32mThe user writes no code inside editor window and clicks on Run button&amp#27;[0m &amp#27;[90m# StepDefinitions.Tree.the_user_writes_no_code_inside_editor_window_and_clicks_on_run_button()&amp#27;[0m
  &amp#27;[32mThen &amp#27;[0m&amp#27;[32mNothing happens to the Editor page and no error message is displayed&amp#27;[0m  &amp#27;[90m# StepDefinitions.Tree.nothing_happens_to_the_editor_page_and_no_error_message_is_displayed()&amp#27;[0m
[INFO ] 2024-12-09 22:16:39.256 [TestNG-PoolService-1] Hooks - ======================  Test Execution is completed!! ======================
  &amp#27;[32mGiven &amp#27;[0m&amp#27;[32mThe user is on the DS Introduction page as signedIn&amp#27;[0m           &amp#27;[90m# StepDefinitions.DSIntroductionDetails.the_user_is_on_the_ds_introduction_page_as_signed_in()&amp#27;[0m
  &amp#27;[32mAnd &amp#27;[0m&amp#27;[32mThe user clicks Try Here button&amp#27;[0m                                   &amp#27;[90m# StepDefinitions.Tree.the_user_clicks_try_here_button()&amp#27;[0m
  &amp#27;[32mAnd &amp#27;[0m&amp#27;[32mUser clicks on Get Started button from Tree panel&amp#27;[0m               &amp#27;[90m# StepDefinitions.Tree.user_clicks_on_get_started_button_from_tree_panel()&amp#27;[0m
  &amp#27;[32mGiven &amp#27;[0m&amp#27;[32mThe user is on the Binary Tree Traversals page&amp#27;[0m                &amp#27;[90m# StepDefinitions.Tree.the_user_is_on_the_binary_tree_traversals_page()&amp#27;[0m
  &amp#27;[32mWhen &amp#27;[0m&amp#27;[32mThe user writes the invalid python code and clicks on Run button&amp#27;[0m &amp#27;[90m# StepDefinitions.Tree.the_user_writes_the_invalid_python_code_and_clicks_on_run_button()&amp#27;[0m
  &amp#27;[32mThen &amp#27;[0m&amp#27;[32mThe user see error msg in alert window&amp#27;[0m                           &amp#27;[90m# StepDefinitions.Tree.the_user_see_error_msg_in_alert_window()&amp#27;[0m
[INFO ] 2024-12-09 22:16:40.799 [TestNG-PoolService-3] Hooks - ======================  Test Execution is completed!! ======================
]]></system-out>
  </testcase>
  <testcase name="runScenario[&quot;Try Here Editor page with empty code&quot;, &quot;Tree&quot;](187)" classname="TestRunners.TestRunner" time="7.091">
    <system-out><![CDATA[
Scenario: Try Here Editor page with invalid data                        &amp#27;[90m# src/test/resources/Features/Tree.feature:367&amp#27;[0m
[INFO ] 2024-12-09 22:28:26.657 [TestNG-PoolService-3] Hooks - ======================  New Test Execution is STARTED!! ======================
[INFO ] 2024-12-09 22:28:26.662 [TestNG-PoolService-2] Hooks - ======================  New Test Execution is STARTED!! ======================
[INFO ] 2024-12-09 22:28:28.824 [TestNG-PoolService-1] Hooks - ======================  New Test Execution is STARTED!! ======================
  &amp#27;[32mGiven &amp#27;[0m&amp#27;[32mThe user is on the DS Introduction page as signedIn&amp#27;[0m                  &amp#27;[90m# StepDefinitions.DSIntroductionDetails.the_user_is_on_the_ds_introduction_page_as_signed_in()&amp#27;[0m
  &amp#27;[32mGiven &amp#27;[0m&amp#27;[32mThe user is on the DS Introduction page as signedIn&amp#27;[0m           &amp#27;[90m# StepDefinitions.DSIntroductionDetails.the_user_is_on_the_ds_introduction_page_as_signed_in()&amp#27;[0m
  &amp#27;[32mAnd &amp#27;[0m&amp#27;[32mUser clicks on Get Started button from Tree panel&amp#27;[0m                      &amp#27;[90m# StepDefinitions.Tree.user_clicks_on_get_started_button_from_tree_panel()&amp#27;[0m
  &amp#27;[32mAnd &amp#27;[0m&amp#27;[32mUser clicks on Get Started button from Tree panel&amp#27;[0m               &amp#27;[90m# StepDefinitions.Tree.user_clicks_on_get_started_button_from_tree_panel()&amp#27;[0m
  &amp#27;[32mGiven &amp#27;[0m&amp#27;[32mThe user is on the Binary Tree Traversals page&amp#27;[0m                       &amp#27;[90m# StepDefinitions.Tree.the_user_is_on_the_binary_tree_traversals_page()&amp#27;[0m
  &amp#27;[32mGiven &amp#27;[0m&amp#27;[32mThe user is on the Binary Tree Traversals page&amp#27;[0m                &amp#27;[90m# StepDefinitions.Tree.the_user_is_on_the_binary_tree_traversals_page()&amp#27;[0m
  &amp#27;[32mAnd &amp#27;[0m&amp#27;[32mThe user clicks Try Here button&amp#27;[0m                                        &amp#27;[90m# StepDefinitions.Tree.the_user_clicks_try_here_button()&amp#27;[0m
  &amp#27;[32mAnd &amp#27;[0m&amp#27;[32mThe user clicks Try Here button&amp#27;[0m                                 &amp#27;[90m# StepDefinitions.Tree.the_user_clicks_try_here_button()&amp#27;[0m
  &amp#27;[31mWhen &amp#27;[0m&amp#27;[31mThe user writes the valid python code and clicks on Run button&amp#27;[0m &amp#27;[90m# StepDefinitions.Tree.the_user_writes_the_valid_python_code_and_clicks_on_run_button()&amp#27;[0m
      &amp#27;[31morg.openqa.selenium.ElementNotInteractableException: element not interactable
  (Session info: MicrosoftEdge=131.0.2903.86)
Build info: version: '4.26.0', revision: '8ccf0219d7'
System info: os.name: 'Windows 11', os.arch: 'amd64', os.version: '10.0', java.version: '21.0.5'
Driver info: org.openqa.selenium.edge.EdgeDriver
Command: [1e39f4b2ce43fd678740d5ae17a4610e, sendKeysToElement {value=[Ljava.lang.CharSequence;@2c78106c, id=f.0CF7C1DCD09539E860A28F06D1BE8AFC.d.2373862E0594900FF6827AD51633F5F2.e.37}]
Capabilities {acceptInsecureCerts: false, browserName: MicrosoftEdge, browserVersion: 131.0.2903.86, fedcm:accounts: true, ms:edgeOptions: {debuggerAddress: localhost:51056}, msedge: {msedgedriverVersion: 131.0.2903.86 (cf5bf303997c..., userDataDir: C:\Users\vamsh\AppData\Loca...}, networkConnectionEnabled: false, pageLoadStrategy: normal, platformName: windows, proxy: Proxy(), se:cdp: ws://localhost:51056/devtoo..., se:cdpVersion: 131.0.2903.86, setWindowRect: true, strictFileInteractability: false, timeouts: {implicit: 0, pageLoad: 300000, script: 30000}, unhandledPromptBehavior: dismiss and notify, webauthn:extension:credBlob: true, webauthn:extension:largeBlob: true, webauthn:extension:minPinLength: true, webauthn:extension:prf: true, webauthn:virtualAuthenticators: true}
Element: [[EdgeDriver: MicrosoftEdge on windows (1e39f4b2ce43fd678740d5ae17a4610e)] -> css selector: .CodeMirror textarea]
Session ID: 1e39f4b2ce43fd678740d5ae17a4610e
	at java.base/jdk.internal.reflect.DirectConstructorHandleAccessor.newInstance(DirectConstructorHandleAccessor.java:62)
	at java.base/java.lang.reflect.Constructor.newInstanceWithCaller(Constructor.java:502)
	at java.base/java.lang.reflect.Constructor.newInstance(Constructor.java:486)
	at org.openqa.selenium.remote.ErrorCodec.decode(ErrorCodec.java:167)
	at org.openqa.selenium.remote.codec.w3c.W3CHttpResponseCodec.decode(W3CHttpResponseCodec.java:138)
	at org.openqa.selenium.remote.codec.w3c.W3CHttpResponseCodec.decode(W3CHttpResponseCodec.java:50)
	at org.openqa.selenium.remote.HttpCommandExecutor.execute(HttpCommandExecutor.java:190)
	at org.openqa.selenium.remote.service.DriverCommandExecutor.invokeExecute(DriverCommandExecutor.java:216)
	at org.openqa.selenium.remote.service.DriverCommandExecutor.execute(DriverCommandExecutor.java:174)
	at org.openqa.selenium.remote.RemoteWebDriver.execute(RemoteWebDriver.java:545)
	at org.openqa.selenium.remote.RemoteWebElement.execute(RemoteWebElement.java:223)
	at org.openqa.selenium.remote.RemoteWebElement.sendKeys(RemoteWebElement.java:110)
	at PageObjects.TreePage.writeInTryEditorWindow(TreePage.java:357)
	at StepDefinitions.Tree.the_user_writes_the_valid_python_code_and_clicks_on_run_button(Tree.java:85)
	at ✽.The user writes the valid python code and clicks on Run button(file:///C:/Projects/Repo1/src/test/resources/Features/Tree.feature:364)
&amp#27;[0m
  &amp#27;[36mThen &amp#27;[0m&amp#27;[36mThe user is able to see the output inside the console.&amp#27;[0m         &amp#27;[90m# StepDefinitions.Tree.the_user_is_able_to_see_the_output_inside_the_console()&amp#27;[0m
[ERROR] 2024-12-09 22:28:32.053 [TestNG-PoolService-3] Hooks - ======================  TEST CASE FAILED !! ======================
  &amp#27;[32mWhen &amp#27;[0m&amp#27;[32mThe user writes no code inside editor window and clicks on Run button&amp#27;[0m &amp#27;[90m# StepDefinitions.Tree.the_user_writes_no_code_inside_editor_window_and_clicks_on_run_button()&amp#27;[0m
  &amp#27;[32mThen &amp#27;[0m&amp#27;[32mNothing happens to the Editor page and no error message is displayed&amp#27;[0m  &amp#27;[90m# StepDefinitions.Tree.nothing_happens_to_the_editor_page_and_no_error_message_is_displayed()&amp#27;[0m
[INFO ] 2024-12-09 22:28:32.130 [TestNG-PoolService-2] Hooks - ======================  Test Execution is completed!! ======================

    Embedding screenshot [image/png 7890 bytes]

[INFO ] 2024-12-09 22:28:32.219 [TestNG-PoolService-3] Hooks - ======================  Screenshot is captured  ======================
[INFO ] 2024-12-09 22:28:32.220 [TestNG-PoolService-3] Hooks - ======================  Test Execution is completed!! ======================
  &amp#27;[32mGiven &amp#27;[0m&amp#27;[32mThe user is on the DS Introduction page as signedIn&amp#27;[0m             &amp#27;[90m# StepDefinitions.DSIntroductionDetails.the_user_is_on_the_ds_introduction_page_as_signed_in()&amp#27;[0m
  &amp#27;[32mAnd &amp#27;[0m&amp#27;[32mUser clicks on Get Started button from Tree panel&amp#27;[0m                 &amp#27;[90m# StepDefinitions.Tree.user_clicks_on_get_started_button_from_tree_panel()&amp#27;[0m
  &amp#27;[32mGiven &amp#27;[0m&amp#27;[32mThe user is on the Binary Tree Traversals page&amp#27;[0m                  &amp#27;[90m# StepDefinitions.Tree.the_user_is_on_the_binary_tree_traversals_page()&amp#27;[0m
]]></system-out>
    <system-err><![CDATA[Dec 09, 2024 10:28:26 PM org.openqa.selenium.devtools.CdpVersionFinder findNearestMatch
WARNING: Unable to find an exact match for CDP version 131, returning the closest version; found: 130; Please update to a Selenium version that supports CDP version 131
Dec 09, 2024 10:28:26 PM org.openqa.selenium.devtools.CdpVersionFinder findNearestMatch
WARNING: Unable to find an exact match for CDP version 131, returning the closest version; found: 130; Please update to a Selenium version that supports CDP version 131
Dec 09, 2024 10:28:28 PM org.openqa.selenium.devtools.CdpVersionFinder findNearestMatch
WARNING: Unable to find an exact match for CDP version 131, returning the closest version; found: 130; Please update to a Selenium version that supports CDP version 131
]]></system-err>
  </testcase>
  <testcase name="runScenario[&quot;Try Here Editor page with invalid data&quot;, &quot;Tree&quot;](188)" classname="TestRunners.TestRunner" time="1.688">
    <system-out><![CDATA[
Scenario: Try Here Editor page with alert message                      &amp#27;[90m# src/test/resources/Features/Tree.feature:374&amp#27;[0m
  &amp#27;[32mAnd &amp#27;[0m&amp#27;[32mThe user clicks Try Here button&amp#27;[0m                                 &amp#27;[90m# StepDefinitions.Tree.the_user_clicks_try_here_button()&amp#27;[0m
  &amp#27;[32mWhen &amp#27;[0m&amp#27;[32mThe user writes the valid python code and clicks on Run button&amp#27;[0m &amp#27;[90m# StepDefinitions.Tree.the_user_writes_the_valid_python_code_and_clicks_on_run_button()&amp#27;[0m
  &amp#27;[31mThen &amp#27;[0m&amp#27;[31mThe user is able to see the output inside the console.&amp#27;[0m         &amp#27;[90m# StepDefinitions.Tree.the_user_is_able_to_see_the_output_inside_the_console()&amp#27;[0m
      &amp#27;[31mjava.lang.AssertionError: expected [hello] but found []
	at org.testng.Assert.fail(Assert.java:111)
	at org.testng.Assert.failNotEquals(Assert.java:1578)
	at org.testng.Assert.assertEqualsImpl(Assert.java:150)
	at org.testng.Assert.assertEquals(Assert.java:132)
	at org.testng.Assert.assertEquals(Assert.java:656)
	at org.testng.Assert.assertEquals(Assert.java:666)
	at PageObjects.TreePage.check_When_ValidCode_In_Editor(TreePage.java:384)
	at StepDefinitions.Tree.the_user_is_able_to_see_the_output_inside_the_console(Tree.java:91)
	at ✽.The user is able to see the output inside the console.(file:///C:/Projects/Repo1/src/test/resources/Features/Tree.feature:365)
&amp#27;[0m
[ERROR] 2024-12-09 22:16:42.061 [TestNG-PoolService-2] Hooks - ======================  TEST CASE FAILED !! ======================

    Embedding screenshot [image/png 37860 bytes]

[INFO ] 2024-12-09 22:16:42.114 [TestNG-PoolService-2] Hooks - ======================  Screenshot is captured  ======================
[INFO ] 2024-12-09 22:16:42.119 [TestNG-PoolService-2] Hooks - ======================  Test Execution is completed!! ======================
]]></system-out>
  </testcase>
  <testcase name="runScenario[&quot;Try Here Editor page with valid data&quot;, &quot;Tree&quot;](189)" classname="TestRunners.TestRunner" time="1.142">
    <failure message="expected [hello] but found []" type="java.lang.AssertionError"><![CDATA[java.lang.AssertionError: expected [hello] but found []
]]></failure>
    <system-out><![CDATA[
Scenario: Binary Tree Traversals                                      &amp#27;[90m# src/test/resources/Features/Tree.feature:382&amp#27;[0m
]]></system-out>
  </testcase>
  <testcase name="runScenario[&quot;Try Here Editor page with invalid data&quot;, &quot;Tree&quot;](194)" classname="TestRunners.TestRunner" time="0.495">
    <system-out><![CDATA[
Scenario: Try Here Editor page with alert message                      &amp#27;[90m# src/test/resources/Features/Tree.feature:416&amp#27;[0m
]]></system-out>
  </testcase>
  <testcase name="runScenario[&quot;Try Here Editor page with valid data&quot;, &quot;Tree&quot;](195)" classname="TestRunners.TestRunner" time="0.393">
    <system-out><![CDATA[
Scenario: Implementation of Binary Trees                            &amp#27;[90m# src/test/resources/Features/Tree.feature:424&amp#27;[0m
]]></system-out>
  </testcase>
  <testcase name="runScenario[&quot;Implementation of Binary Trees&quot;, &quot;Tree&quot;](196)" classname="TestRunners.TestRunner" time="10.902">
    <system-out><![CDATA[
Scenario: Applications of Binary trees                               &amp#27;[90m# src/test/resources/Features/Tree.feature:431&amp#27;[0m
[INFO ] 2024-12-09 22:17:10.575 [TestNG-PoolService-1] Hooks - ======================  New Test Execution is STARTED!! ======================
[INFO ] 2024-12-09 22:17:11.542 [TestNG-PoolService-2] Hooks - ======================  New Test Execution is STARTED!! ======================
[INFO ] 2024-12-09 22:17:12.599 [TestNG-PoolService-3] Hooks - ======================  New Test Execution is STARTED!! ======================
  &amp#27;[32mGiven &amp#27;[0m&amp#27;[32mThe user is on the DS Introduction page as signedIn&amp#27;[0m            &amp#27;[90m# StepDefinitions.DSIntroductionDetails.the_user_is_on_the_ds_introduction_page_as_signed_in()&amp#27;[0m
  &amp#27;[32mAnd &amp#27;[0m&amp#27;[32mUser clicks on Get Started button from Tree panel&amp#27;[0m                &amp#27;[90m# StepDefinitions.Tree.user_clicks_on_get_started_button_from_tree_panel()&amp#27;[0m
  &amp#27;[32mGiven &amp#27;[0m&amp#27;[32mThe user is on the Implementation of Binary Trees page&amp#27;[0m         &amp#27;[90m# StepDefinitions.Tree.the_user_is_on_the_implementation_of_binary_trees_page()&amp#27;[0m
  &amp#27;[32mGiven &amp#27;[0m&amp#27;[32mThe user is on the DS Introduction page as signedIn&amp#27;[0m         &amp#27;[90m# StepDefinitions.DSIntroductionDetails.the_user_is_on_the_ds_introduction_page_as_signed_in()&amp#27;[0m
  &amp#27;[32mGiven &amp#27;[0m&amp#27;[32mThe user is on the DS Introduction page as signedIn&amp#27;[0m          &amp#27;[90m# StepDefinitions.DSIntroductionDetails.the_user_is_on_the_ds_introduction_page_as_signed_in()&amp#27;[0m
  &amp#27;[32mAnd &amp#27;[0m&amp#27;[32mUser clicks on Get Started button from Tree panel&amp#27;[0m             &amp#27;[90m# StepDefinitions.Tree.user_clicks_on_get_started_button_from_tree_panel()&amp#27;[0m
  &amp#27;[32mAnd &amp#27;[0m&amp#27;[32mUser clicks on Get Started button from Tree panel&amp#27;[0m              &amp#27;[90m# StepDefinitions.Tree.user_clicks_on_get_started_button_from_tree_panel()&amp#27;[0m
  &amp#27;[32mGiven &amp#27;[0m&amp#27;[32mThe user is on the Applications of Binary trees page&amp#27;[0m         &amp#27;[90m# StepDefinitions.Tree.the_user_is_on_the_applications_of_binary_trees_page()&amp#27;[0m
  &amp#27;[32mGiven &amp#27;[0m&amp#27;[32mThe user is on the Implementation of Binary Trees page&amp#27;[0m      &amp#27;[90m# StepDefinitions.Tree.the_user_is_on_the_implementation_of_binary_trees_page()&amp#27;[0m
  &amp#27;[32mAnd &amp#27;[0m&amp#27;[32mThe user clicks Try Here button&amp#27;[0m                                  &amp#27;[90m# StepDefinitions.Tree.the_user_clicks_try_here_button()&amp#27;[0m
  &amp#27;[32mWhen &amp#27;[0m&amp#27;[32mThe user clicks Applications of Binary trees link&amp#27;[0m            &amp#27;[90m# StepDefinitions.Tree.the_user_clicks_applications_of_binary_trees_link()&amp#27;[0m
  &amp#27;[32mThen &amp#27;[0m&amp#27;[32mThe user is redirected to Applications of Binary trees page.&amp#27;[0m &amp#27;[90m# StepDefinitions.Tree.the_user_is_redirected_to_applications_of_binary_trees_page()&amp#27;[0m
[INFO ] 2024-12-09 22:17:15.688 [TestNG-PoolService-2] Hooks - ======================  Test Execution is completed!! ======================
  &amp#27;[32mAnd &amp#27;[0m&amp#27;[32mThe user writes the invalid python code and clicks on Run button&amp#27;[0m &amp#27;[90m# StepDefinitions.Tree.the_user_writes_the_invalid_python_code_and_clicks_on_run_button()&amp#27;[0m
  &amp#27;[32mWhen &amp#27;[0m&amp#27;[32mThe user clicks the ok button in the alert window&amp#27;[0m               &amp#27;[90m# StepDefinitions.Tree.the_user_clicks_the_ok_button_in_the_alert_window()&amp#27;[0m
  &amp#27;[32mThen &amp#27;[0m&amp#27;[32mAlert message window is dismissed and user stays on Editor page&amp#27;[0m &amp#27;[90m# StepDefinitions.Tree.Alert_message_window_is_dismissed_and_user_stays_on_Editor_page()&amp#27;[0m
[INFO ] 2024-12-09 22:17:15.990 [TestNG-PoolService-1] Hooks - ======================  Test Execution is completed!! ======================
  &amp#27;[32mWhen &amp#27;[0m&amp#27;[32mThe user clicks Try Here button&amp#27;[0m                               &amp#27;[90m# StepDefinitions.Tree.the_user_clicks_try_here_button()&amp#27;[0m
  &amp#27;[32mThen &amp#27;[0m&amp#27;[32mThe user is redirected to a page having Editor and run button&amp#27;[0m &amp#27;[90m# StepDefinitions.Tree.the_user_is_redirected_to_a_page_having_editor_and_run_button()&amp#27;[0m
[INFO ] 2024-12-09 22:17:16.384 [TestNG-PoolService-3] Hooks - ======================  Test Execution is completed!! ======================
]]></system-out>
  </testcase>
  <testcase name="runScenario[&quot;Try Here Editor page with alert message&quot;, &quot;Tree&quot;](197)" classname="TestRunners.TestRunner" time="0.249">
    <system-out><![CDATA[
Scenario: Try Here Editor page with empty code                               &amp#27;[90m# src/test/resources/Features/Tree.feature:437&amp#27;[0m
]]></system-out>
  </testcase>
  <testcase name="runScenario[&quot;Try Here Editor page with invalid data&quot;, &quot;Tree&quot;](200)" classname="TestRunners.TestRunner" time="0.318">
    <system-out><![CDATA[
Scenario: Try Here Editor page with alert message                      &amp#27;[90m# src/test/resources/Features/Tree.feature:458&amp#27;[0m
]]></system-out>
  </testcase>
  <testcase name="runScenario[&quot;Try Here Editor page with valid data&quot;, &quot;Tree&quot;](201)" classname="TestRunners.TestRunner" time="0.747">
    <failure message="expected [hello] but found []" type="java.lang.AssertionError"><![CDATA[java.lang.AssertionError: expected [hello] but found []
]]></failure>
    <system-out><![CDATA[
Scenario: Applications of Binary trees                       &amp#27;[90m# src/test/resources/Features/Tree.feature:466&amp#27;[0m
]]></system-out>
  </testcase>
  <testcase name="runScenario[&quot;Applications of Binary trees&quot;, &quot;Tree&quot;](202)" classname="TestRunners.TestRunner" time="10.944">
    <system-out><![CDATA[
Scenario: Binary Search Trees                                        &amp#27;[90m# src/test/resources/Features/Tree.feature:473&amp#27;[0m
[INFO ] 2024-12-09 22:17:33.966 [TestNG-PoolService-2] Hooks - ======================  New Test Execution is STARTED!! ======================
[INFO ] 2024-12-09 22:17:35.409 [TestNG-PoolService-3] Hooks - ======================  New Test Execution is STARTED!! ======================
[INFO ] 2024-12-09 22:17:35.810 [TestNG-PoolService-1] Hooks - ======================  New Test Execution is STARTED!! ======================
  &amp#27;[32mGiven &amp#27;[0m&amp#27;[32mThe user is on the DS Introduction page as signedIn&amp#27;[0m            &amp#27;[90m# StepDefinitions.DSIntroductionDetails.the_user_is_on_the_ds_introduction_page_as_signed_in()&amp#27;[0m
  &amp#27;[32mAnd &amp#27;[0m&amp#27;[32mUser clicks on Get Started button from Tree panel&amp#27;[0m                &amp#27;[90m# StepDefinitions.Tree.user_clicks_on_get_started_button_from_tree_panel()&amp#27;[0m
  &amp#27;[32mGiven &amp#27;[0m&amp#27;[32mThe user is on the Applications of Binary trees page&amp#27;[0m           &amp#27;[90m# StepDefinitions.Tree.the_user_is_on_the_applications_of_binary_trees_page()&amp#27;[0m
  &amp#27;[32mGiven &amp#27;[0m&amp#27;[32mThe user is on the DS Introduction page as signedIn&amp#27;[0m  &amp#27;[90m# StepDefinitions.DSIntroductionDetails.the_user_is_on_the_ds_introduction_page_as_signed_in()&amp#27;[0m
  &amp#27;[32mGiven &amp#27;[0m&amp#27;[32mThe user is on the DS Introduction page as signedIn&amp#27;[0m          &amp#27;[90m# StepDefinitions.DSIntroductionDetails.the_user_is_on_the_ds_introduction_page_as_signed_in()&amp#27;[0m
  &amp#27;[32mAnd &amp#27;[0m&amp#27;[32mUser clicks on Get Started button from Tree panel&amp#27;[0m      &amp#27;[90m# StepDefinitions.Tree.user_clicks_on_get_started_button_from_tree_panel()&amp#27;[0m
  &amp#27;[32mAnd &amp#27;[0m&amp#27;[32mUser clicks on Get Started button from Tree panel&amp#27;[0m              &amp#27;[90m# StepDefinitions.Tree.user_clicks_on_get_started_button_from_tree_panel()&amp#27;[0m
  &amp#27;[32mGiven &amp#27;[0m&amp#27;[32mThe user is on the Applications of Binary trees page&amp#27;[0m &amp#27;[90m# StepDefinitions.Tree.the_user_is_on_the_applications_of_binary_trees_page()&amp#27;[0m
  &amp#27;[32mAnd &amp#27;[0m&amp#27;[32mThe user clicks Try Here button&amp#27;[0m                                  &amp#27;[90m# StepDefinitions.Tree.the_user_clicks_try_here_button()&amp#27;[0m
  &amp#27;[32mGiven &amp#27;[0m&amp#27;[32mThe user is on the Binary Search Trees page&amp#27;[0m                  &amp#27;[90m# StepDefinitions.Tree.the_user_is_on_the_binary_search_trees_page()&amp#27;[0m
  &amp#27;[32mWhen &amp#27;[0m&amp#27;[32mThe user clicks Binary Search Trees link&amp#27;[0m              &amp#27;[90m# StepDefinitions.Tree.the_user_clicks_binary_search_trees_link()&amp#27;[0m
  &amp#27;[32mThen &amp#27;[0m&amp#27;[32mThe user is redirected to Binary Search Trees page.&amp#27;[0m   &amp#27;[90m# StepDefinitions.Tree.the_user_is_redirected_to_binary_search_trees_page()&amp#27;[0m
[INFO ] 2024-12-09 22:17:39.314 [TestNG-PoolService-3] Hooks - ======================  Test Execution is completed!! ======================
  &amp#27;[32mAnd &amp#27;[0m&amp#27;[32mThe user writes the invalid python code and clicks on Run button&amp#27;[0m &amp#27;[90m# StepDefinitions.Tree.the_user_writes_the_invalid_python_code_and_clicks_on_run_button()&amp#27;[0m
  &amp#27;[32mWhen &amp#27;[0m&amp#27;[32mThe user clicks the ok button in the alert window&amp#27;[0m               &amp#27;[90m# StepDefinitions.Tree.the_user_clicks_the_ok_button_in_the_alert_window()&amp#27;[0m
  &amp#27;[32mThen &amp#27;[0m&amp#27;[32mAlert message window is dismissed and user stays on Editor page&amp#27;[0m &amp#27;[90m# StepDefinitions.Tree.Alert_message_window_is_dismissed_and_user_stays_on_Editor_page()&amp#27;[0m
[INFO ] 2024-12-09 22:17:39.707 [TestNG-PoolService-2] Hooks - ======================  Test Execution is completed!! ======================
  &amp#27;[32mWhen &amp#27;[0m&amp#27;[32mThe user clicks Try Here button&amp#27;[0m                               &amp#27;[90m# StepDefinitions.Tree.the_user_clicks_try_here_button()&amp#27;[0m
  &amp#27;[32mThen &amp#27;[0m&amp#27;[32mThe user is redirected to a page having Editor and run button&amp#27;[0m &amp#27;[90m# StepDefinitions.Tree.the_user_is_redirected_to_a_page_having_editor_and_run_button()&amp#27;[0m
[INFO ] 2024-12-09 22:17:40.357 [TestNG-PoolService-1] Hooks - ======================  Test Execution is completed!! ======================
]]></system-out>
  </testcase>
  <testcase name="runScenario[&quot;Try Here Editor page with alert message&quot;, &quot;Tree&quot;](203)" classname="TestRunners.TestRunner" time="0.209">
    <system-out><![CDATA[
Scenario: Try Here Editor page with empty code                               &amp#27;[90m# src/test/resources/Features/Tree.feature:479&amp#27;[0m
]]></system-out>
  </testcase>
  <testcase name="runScenario[&quot;Binary Search Trees&quot;, &quot;Tree&quot;](208)" classname="TestRunners.TestRunner" time="10.54">
    <system-out><![CDATA[
Scenario: Binary Search Trees                                &amp#27;[90m# src/test/resources/Features/Tree.feature:516&amp#27;[0m
[INFO ] 2024-12-09 22:17:58.238 [TestNG-PoolService-3] Hooks - ======================  New Test Execution is STARTED!! ======================
[INFO ] 2024-12-09 22:17:59.677 [TestNG-PoolService-2] Hooks - ======================  New Test Execution is STARTED!! ======================
[INFO ] 2024-12-09 22:18:00.073 [TestNG-PoolService-1] Hooks - ======================  New Test Execution is STARTED!! ======================
  &amp#27;[32mGiven &amp#27;[0m&amp#27;[32mThe user is on the DS Introduction page as signedIn&amp#27;[0m            &amp#27;[90m# StepDefinitions.DSIntroductionDetails.the_user_is_on_the_ds_introduction_page_as_signed_in()&amp#27;[0m
  &amp#27;[32mAnd &amp#27;[0m&amp#27;[32mUser clicks on Get Started button from Tree panel&amp#27;[0m                &amp#27;[90m# StepDefinitions.Tree.user_clicks_on_get_started_button_from_tree_panel()&amp#27;[0m
  &amp#27;[32mGiven &amp#27;[0m&amp#27;[32mThe user is on the Binary Search Trees page&amp#27;[0m                    &amp#27;[90m# StepDefinitions.Tree.the_user_is_on_the_binary_search_trees_page()&amp#27;[0m
  &amp#27;[32mGiven &amp#27;[0m&amp#27;[32mThe user is on the DS Introduction page as signedIn&amp#27;[0m  &amp#27;[90m# StepDefinitions.DSIntroductionDetails.the_user_is_on_the_ds_introduction_page_as_signed_in()&amp#27;[0m
  &amp#27;[32mGiven &amp#27;[0m&amp#27;[32mThe user is on the DS Introduction page as signedIn&amp#27;[0m            &amp#27;[90m# StepDefinitions.DSIntroductionDetails.the_user_is_on_the_ds_introduction_page_as_signed_in()&amp#27;[0m
  &amp#27;[32mAnd &amp#27;[0m&amp#27;[32mUser clicks on Get Started button from Tree panel&amp#27;[0m      &amp#27;[90m# StepDefinitions.Tree.user_clicks_on_get_started_button_from_tree_panel()&amp#27;[0m
  &amp#27;[32mAnd &amp#27;[0m&amp#27;[32mUser clicks on Get Started button from Tree panel&amp#27;[0m                &amp#27;[90m# StepDefinitions.Tree.user_clicks_on_get_started_button_from_tree_panel()&amp#27;[0m
  &amp#27;[32mGiven &amp#27;[0m&amp#27;[32mThe user is on the Binary Search Trees page&amp#27;[0m          &amp#27;[90m# StepDefinitions.Tree.the_user_is_on_the_binary_search_trees_page()&amp#27;[0m
  &amp#27;[32mAnd &amp#27;[0m&amp#27;[32mThe user clicks Try Here button&amp#27;[0m                                  &amp#27;[90m# StepDefinitions.Tree.the_user_clicks_try_here_button()&amp#27;[0m
  &amp#27;[32mWhen &amp#27;[0m&amp#27;[32mThe user clicks Implementation Of BST link&amp#27;[0m            &amp#27;[90m# StepDefinitions.Tree.the_user_clicks_implementation_of_bst_link()&amp#27;[0m
  &amp#27;[32mThen &amp#27;[0m&amp#27;[32mThe user is redirected to Implementation Of BST page.&amp#27;[0m &amp#27;[90m# StepDefinitions.Tree.the_user_is_redirected_to_implementation_of_bst_page()&amp#27;[0m
  &amp#27;[32mGiven &amp#27;[0m&amp#27;[32mThe user is on the Overview of Trees page&amp#27;[0m                      &amp#27;[90m# StepDefinitions.Tree.the_user_is_on_the_overview_of_trees_page()&amp#27;[0m
[INFO ] 2024-12-09 22:18:03.555 [TestNG-PoolService-1] Hooks - ======================  Test Execution is completed!! ======================
  &amp#27;[32mAnd &amp#27;[0m&amp#27;[32mThe user writes the invalid python code and clicks on Run button&amp#27;[0m &amp#27;[90m# StepDefinitions.Tree.the_user_writes_the_invalid_python_code_and_clicks_on_run_button()&amp#27;[0m
  &amp#27;[32mWhen &amp#27;[0m&amp#27;[32mThe user clicks the ok button in the alert window&amp#27;[0m               &amp#27;[90m# StepDefinitions.Tree.the_user_clicks_the_ok_button_in_the_alert_window()&amp#27;[0m
  &amp#27;[32mThen &amp#27;[0m&amp#27;[32mAlert message window is dismissed and user stays on Editor page&amp#27;[0m &amp#27;[90m# StepDefinitions.Tree.Alert_message_window_is_dismissed_and_user_stays_on_Editor_page()&amp#27;[0m
[INFO ] 2024-12-09 22:18:03.990 [TestNG-PoolService-3] Hooks - ======================  Test Execution is completed!! ======================
  &amp#27;[32mAnd &amp#27;[0m&amp#27;[32mThe user clicks Try Here button&amp#27;[0m                                  &amp#27;[90m# StepDefinitions.Tree.the_user_clicks_try_here_button()&amp#27;[0m
  &amp#27;[32mAnd &amp#27;[0m&amp#27;[32mThe user writes the invalid python code and clicks on Run button&amp#27;[0m &amp#27;[90m# StepDefinitions.Tree.the_user_writes_the_invalid_python_code_and_clicks_on_run_button()&amp#27;[0m
  &amp#27;[32mWhen &amp#27;[0m&amp#27;[32mThe user clicks the ok button in the alert window&amp#27;[0m               &amp#27;[90m# StepDefinitions.Tree.the_user_clicks_the_ok_button_in_the_alert_window()&amp#27;[0m
  &amp#27;[32mThen &amp#27;[0m&amp#27;[32mAlert message window is dismissed and user stays on Editor page&amp#27;[0m &amp#27;[90m# StepDefinitions.Tree.Alert_message_window_is_dismissed_and_user_stays_on_Editor_page()&amp#27;[0m
[INFO ] 2024-12-09 22:18:04.903 [TestNG-PoolService-2] Hooks - ======================  Test Execution is completed!! ======================
]]></system-out>
  </testcase>
  <testcase name="runScenario[&quot;Try Here Editor page with alert message&quot;, &quot;Tree&quot;](210)" classname="TestRunners.TestRunner" time="0.346">
    <system-out><![CDATA[
Scenario: Try Here Editor page with empty code                               &amp#27;[90m# src/test/resources/Features/Tree.feature:529&amp#27;[0m
]]></system-out>
  </testcase>
  <testcase name="runScenario[&quot;Implementation Of BST&quot;, &quot;Tree&quot;](211)" classname="TestRunners.TestRunner" time="10.945">
    <system-out><![CDATA[
Scenario: Try Here Editor page with valid data                        &amp#27;[90m# src/test/resources/Features/Tree.feature:536&amp#27;[0m
[INFO ] 2024-12-09 22:18:09.987 [TestNG-PoolService-1] Hooks - ======================  New Test Execution is STARTED!! ======================
[INFO ] 2024-12-09 22:18:12.070 [TestNG-PoolService-3] Hooks - ======================  New Test Execution is STARTED!! ======================
[INFO ] 2024-12-09 22:18:12.131 [TestNG-PoolService-2] Hooks - ======================  New Test Execution is STARTED!! ======================
  &amp#27;[32mGiven &amp#27;[0m&amp#27;[32mThe user is on the DS Introduction page as signedIn&amp#27;[0m          &amp#27;[90m# StepDefinitions.DSIntroductionDetails.the_user_is_on_the_ds_introduction_page_as_signed_in()&amp#27;[0m
  &amp#27;[32mAnd &amp#27;[0m&amp#27;[32mUser clicks on Get Started button from Tree panel&amp#27;[0m              &amp#27;[90m# StepDefinitions.Tree.user_clicks_on_get_started_button_from_tree_panel()&amp#27;[0m
  &amp#27;[32mGiven &amp#27;[0m&amp#27;[32mThe user is on the Implementation Of BST page&amp#27;[0m                &amp#27;[90m# StepDefinitions.Tree.the_user_is_on_the_implementation_of_bst_page()&amp#27;[0m
  &amp#27;[32mGiven &amp#27;[0m&amp#27;[32mThe user is on the DS Introduction page as signedIn&amp#27;[0m           &amp#27;[90m# StepDefinitions.DSIntroductionDetails.the_user_is_on_the_ds_introduction_page_as_signed_in()&amp#27;[0m
  &amp#27;[32mGiven &amp#27;[0m&amp#27;[32mThe user is on the DS Introduction page as signedIn&amp#27;[0m                  &amp#27;[90m# StepDefinitions.DSIntroductionDetails.the_user_is_on_the_ds_introduction_page_as_signed_in()&amp#27;[0m
  &amp#27;[32mAnd &amp#27;[0m&amp#27;[32mUser clicks on Get Started button from Tree panel&amp#27;[0m               &amp#27;[90m# StepDefinitions.Tree.user_clicks_on_get_started_button_from_tree_panel()&amp#27;[0m
  &amp#27;[32mAnd &amp#27;[0m&amp#27;[32mUser clicks on Get Started button from Tree panel&amp#27;[0m                      &amp#27;[90m# StepDefinitions.Tree.user_clicks_on_get_started_button_from_tree_panel()&amp#27;[0m
  &amp#27;[32mGiven &amp#27;[0m&amp#27;[32mThe user is on the Implementation Of BST page&amp#27;[0m                 &amp#27;[90m# StepDefinitions.Tree.the_user_is_on_the_implementation_of_bst_page()&amp#27;[0m
  &amp#27;[32mWhen &amp#27;[0m&amp#27;[32mThe user clicks Try Here button&amp#27;[0m                               &amp#27;[90m# StepDefinitions.Tree.the_user_clicks_try_here_button()&amp#27;[0m
  &amp#27;[32mGiven &amp#27;[0m&amp#27;[32mThe user is on the Implementation Of BST page&amp#27;[0m                        &amp#27;[90m# StepDefinitions.Tree.the_user_is_on_the_implementation_of_bst_page()&amp#27;[0m
  &amp#27;[32mThen &amp#27;[0m&amp#27;[32mThe user is redirected to a page having Editor and run button&amp#27;[0m &amp#27;[90m# StepDefinitions.Tree.the_user_is_redirected_to_a_page_having_editor_and_run_button()&amp#27;[0m
[INFO ] 2024-12-09 22:18:15.337 [TestNG-PoolService-1] Hooks - ======================  Test Execution is completed!! ======================
  &amp#27;[32mAnd &amp#27;[0m&amp#27;[32mThe user clicks Try Here button&amp#27;[0m                                 &amp#27;[90m# StepDefinitions.Tree.the_user_clicks_try_here_button()&amp#27;[0m
  &amp#27;[32mAnd &amp#27;[0m&amp#27;[32mThe user clicks Try Here button&amp#27;[0m                                        &amp#27;[90m# StepDefinitions.Tree.the_user_clicks_try_here_button()&amp#27;[0m
  &amp#27;[32mWhen &amp#27;[0m&amp#27;[32mThe user writes the valid python code and clicks on Run button&amp#27;[0m &amp#27;[90m# StepDefinitions.Tree.the_user_writes_the_valid_python_code_and_clicks_on_run_button()&amp#27;[0m
  &amp#27;[32mThen &amp#27;[0m&amp#27;[32mThe user is able to see the output inside the console.&amp#27;[0m         &amp#27;[90m# StepDefinitions.Tree.the_user_is_able_to_see_the_output_inside_the_console()&amp#27;[0m
[INFO ] 2024-12-09 22:18:16.834 [TestNG-PoolService-2] Hooks - ======================  Test Execution is completed!! ======================
  &amp#27;[32mWhen &amp#27;[0m&amp#27;[32mThe user writes no code inside editor window and clicks on Run button&amp#27;[0m &amp#27;[90m# StepDefinitions.Tree.the_user_writes_no_code_inside_editor_window_and_clicks_on_run_button()&amp#27;[0m
  &amp#27;[32mThen &amp#27;[0m&amp#27;[32mNothing happens to the Editor page and no error message is displayed&amp#27;[0m  &amp#27;[90m# StepDefinitions.Tree.nothing_happens_to_the_editor_page_and_no_error_message_is_displayed()&amp#27;[0m
[INFO ] 2024-12-09 22:18:16.993 [TestNG-PoolService-3] Hooks - ======================  Test Execution is completed!! ======================
]]></system-out>
  </testcase>
  <testcase name="runScenario[&quot;Implementation Of BST&quot;, &quot;Tree&quot;](211)" classname="TestRunners.TestRunner" time="1.602">
    <system-out><![CDATA[
Scenario: Try Here Editor page with valid data                        &amp#27;[90m# src/test/resources/Features/Tree.feature:536&amp#27;[0m
  &amp#27;[32mThen &amp#27;[0m&amp#27;[32mThe user is redirected to a page having Editor and run button&amp#27;[0m &amp#27;[90m# StepDefinitions.Tree.the_user_is_redirected_to_a_page_having_editor_and_run_button()&amp#27;[0m
[INFO ] 2024-12-09 22:29:50.878 [TestNG-PoolService-2] Hooks - ======================  Test Execution is completed!! ======================
]]></system-out>
  </testcase>
  <testcase name="runScenario[&quot;Try Here Editor page with valid data&quot;, &quot;Tree&quot;](212)" classname="TestRunners.TestRunner" time="0.765">
    <system-out><![CDATA[
Scenario: Try Here Editor page with invalid data                        &amp#27;[90m# src/test/resources/Features/Tree.feature:543&amp#27;[0m
]]></system-out>
  </testcase>
  <testcase name="runScenario[&quot;Try Here Editor page with empty code&quot;, &quot;Tree&quot;](213)" classname="TestRunners.TestRunner" time="0.69">
    <system-out><![CDATA[
Scenario: Try Here Editor page with alert message                      &amp#27;[90m# src/test/resources/Features/Tree.feature:550&amp#27;[0m
]]></system-out>
  </testcase>
  <testcase name="runScenario[&quot;Implementation Of BST&quot;, &quot;Tree&quot;](214)" classname="TestRunners.TestRunner" time="10.179">
    <system-out><![CDATA[
Scenario: Implementation Of BST                             &amp#27;[90m# src/test/resources/Features/Tree.feature:558&amp#27;[0m
[INFO ] 2024-12-09 22:18:22.402 [TestNG-PoolService-1] Hooks - ======================  New Test Execution is STARTED!! ======================
[INFO ] 2024-12-09 22:18:23.711 [TestNG-PoolService-2] Hooks - ======================  New Test Execution is STARTED!! ======================
[INFO ] 2024-12-09 22:18:24.242 [TestNG-PoolService-3] Hooks - ======================  New Test Execution is STARTED!! ======================
  &amp#27;[32mGiven &amp#27;[0m&amp#27;[32mThe user is on the DS Introduction page as signedIn&amp#27;[0m             &amp#27;[90m# StepDefinitions.DSIntroductionDetails.the_user_is_on_the_ds_introduction_page_as_signed_in()&amp#27;[0m
  &amp#27;[32mAnd &amp#27;[0m&amp#27;[32mUser clicks on Get Started button from Tree panel&amp#27;[0m                 &amp#27;[90m# StepDefinitions.Tree.user_clicks_on_get_started_button_from_tree_panel()&amp#27;[0m
  &amp#27;[32mGiven &amp#27;[0m&amp#27;[32mThe user is on the Implementation Of BST page&amp#27;[0m                   &amp#27;[90m# StepDefinitions.Tree.the_user_is_on_the_implementation_of_bst_page()&amp#27;[0m
  &amp#27;[32mGiven &amp#27;[0m&amp#27;[32mThe user is on the DS Introduction page as signedIn&amp#27;[0m &amp#27;[90m# StepDefinitions.DSIntroductionDetails.the_user_is_on_the_ds_introduction_page_as_signed_in()&amp#27;[0m
  &amp#27;[32mGiven &amp#27;[0m&amp#27;[32mThe user is on the DS Introduction page as signedIn&amp#27;[0m            &amp#27;[90m# StepDefinitions.DSIntroductionDetails.the_user_is_on_the_ds_introduction_page_as_signed_in()&amp#27;[0m
  &amp#27;[32mAnd &amp#27;[0m&amp#27;[32mUser clicks on Get Started button from Tree panel&amp#27;[0m     &amp#27;[90m# StepDefinitions.Tree.user_clicks_on_get_started_button_from_tree_panel()&amp#27;[0m
  &amp#27;[32mGiven &amp#27;[0m&amp#27;[32mThe user is on the Implementation Of BST page&amp#27;[0m       &amp#27;[90m# StepDefinitions.Tree.the_user_is_on_the_implementation_of_bst_page()&amp#27;[0m
  &amp#27;[32mAnd &amp#27;[0m&amp#27;[32mUser clicks on Get Started button from Tree panel&amp#27;[0m                &amp#27;[90m# StepDefinitions.Tree.user_clicks_on_get_started_button_from_tree_panel()&amp#27;[0m
  &amp#27;[32mWhen &amp#27;[0m&amp#27;[32mThe user clicks Practice Questions link&amp#27;[0m              &amp#27;[90m# StepDefinitions.Tree.the_user_clicks_practice_questions_link()&amp#27;[0m
  &amp#27;[32mThen &amp#27;[0m&amp#27;[32mThe user is redirected to Practice Questions page.&amp#27;[0m   &amp#27;[90m# StepDefinitions.Tree.the_user_is_redirected_to_practice_questions_page()&amp#27;[0m
[INFO ] 2024-12-09 22:18:27.259 [TestNG-PoolService-3] Hooks - ======================  Test Execution is completed!! ======================
  &amp#27;[32mGiven &amp#27;[0m&amp#27;[32mThe user is on the Implementation Of BST page&amp#27;[0m                  &amp#27;[90m# StepDefinitions.Tree.the_user_is_on_the_implementation_of_bst_page()&amp#27;[0m
  &amp#27;[32mAnd &amp#27;[0m&amp#27;[32mThe user clicks Try Here button&amp#27;[0m                                   &amp#27;[90m# StepDefinitions.Tree.the_user_clicks_try_here_button()&amp#27;[0m
  &amp#27;[32mWhen &amp#27;[0m&amp#27;[32mThe user writes the invalid python code and clicks on Run button&amp#27;[0m &amp#27;[90m# StepDefinitions.Tree.the_user_writes_the_invalid_python_code_and_clicks_on_run_button()&amp#27;[0m
  &amp#27;[32mThen &amp#27;[0m&amp#27;[32mThe user see error msg in alert window&amp#27;[0m                           &amp#27;[90m# StepDefinitions.Tree.the_user_see_error_msg_in_alert_window()&amp#27;[0m
[INFO ] 2024-12-09 22:18:27.920 [TestNG-PoolService-1] Hooks - ======================  Test Execution is completed!! ======================
  &amp#27;[32mAnd &amp#27;[0m&amp#27;[32mThe user clicks Try Here button&amp#27;[0m                                  &amp#27;[90m# StepDefinitions.Tree.the_user_clicks_try_here_button()&amp#27;[0m
  &amp#27;[32mAnd &amp#27;[0m&amp#27;[32mThe user writes the invalid python code and clicks on Run button&amp#27;[0m &amp#27;[90m# StepDefinitions.Tree.the_user_writes_the_invalid_python_code_and_clicks_on_run_button()&amp#27;[0m
  &amp#27;[32mWhen &amp#27;[0m&amp#27;[32mThe user clicks the ok button in the alert window&amp#27;[0m               &amp#27;[90m# StepDefinitions.Tree.the_user_clicks_the_ok_button_in_the_alert_window()&amp#27;[0m
  &amp#27;[32mThen &amp#27;[0m&amp#27;[32mAlert message window is dismissed and user stays on Editor page&amp#27;[0m &amp#27;[90m# StepDefinitions.Tree.Alert_message_window_is_dismissed_and_user_stays_on_Editor_page()&amp#27;[0m
[INFO ] 2024-12-09 22:18:28.910 [TestNG-PoolService-2] Hooks - ======================  Test Execution is completed!! ======================
]]></system-out>
  </testcase>
  <testcase name="runScenario[&quot;Try Here Editor page with invalid data&quot;, &quot;Tree&quot;](215)" classname="TestRunners.TestRunner" time="10.929"/>
  <testcase name="runScenario[&quot;Try Here Editor page with alert message&quot;, &quot;Tree&quot;](216)" classname="TestRunners.TestRunner" time="11.411"/>
  <testcase name="runScenario[&quot;Validate user can Try here link page from Arrays in python&quot;, &quot;Array detail page&quot;](2)" classname="TestRunners.TestRunner" time="2.549">
    <system-out><![CDATA[
Scenario: Error message displayed for invalid code on try Editor for Queue operations &amp#27;[90m# src/test/resources/Features/ArrayDetailsPage.feature:20&amp#27;[0m
  &amp#27;[32mWhen &amp#27;[0m&amp#27;[32mUser clicks Try here link&amp#27;[0m                                     &amp#27;[90m# StepDefinitions.DSIntroductionDetails.user_clicks_try_here_link()&amp#27;[0m
  &amp#27;[32mThen &amp#27;[0m&amp#27;[32mUser should navigate to tryEditor page&amp#27;[0m                        &amp#27;[90m# StepDefinitions.DSIntroductionDetails.user_should_navigate_to_try_editor_page()&amp#27;[0m
[INFO ] 2024-12-09 22:19:10.395 [TestNG-PoolService-3] Hooks - ======================  Test Execution is completed!! ======================
  &amp#27;[32mGiven &amp#27;[0m&amp#27;[32mThe user is on the DS Introduction page as signedIn&amp#27;[0m &amp#27;[90m# StepDefinitions.DSIntroductionDetails.the_user_is_on_the_ds_introduction_page_as_signed_in()&amp#27;[0m
[INFO ] 2024-12-09 22:19:10.820 [TestNG-PoolService-1] Hooks - ======================  New Test Execution is STARTED!! ======================
  &amp#27;[32mAnd &amp#27;[0m&amp#27;[32mThe user clicks on Get Started link for array&amp#27;[0m         &amp#27;[90m# StepDefinitions.ArrayStepDefintions.the_user_clicks_on_get_started_link_for_array()&amp#27;[0m
  &amp#27;[32mGiven &amp#27;[0m&amp#27;[32mThe user is on the array details page&amp#27;[0m               &amp#27;[90m# StepDefinitions.ArrayStepDefintions.the_user_is_on_the_array_details_page()&amp#27;[0m
  &amp#27;[32mWhen &amp#27;[0m&amp#27;[32mThe user click on Array in python link&amp#27;[0m               &amp#27;[90m# StepDefinitions.ArrayStepDefintions.the_user_click_on_array_in_python_link()&amp#27;[0m
  &amp#27;[32mThen &amp#27;[0m&amp#27;[32mthe user is navigated to array in arrays in python&amp#27;[0m   &amp#27;[90m# StepDefinitions.ArrayStepDefintions.the_user_is_navigated_to_array_in_arrays_in_python()&amp#27;[0m
[INFO ] 2024-12-09 22:19:11.576 [TestNG-PoolService-2] Hooks - ======================  Test Execution is completed!! ======================
]]></system-out>
    <system-err><![CDATA[Dec 09, 2024 10:19:10 PM org.openqa.selenium.devtools.CdpVersionFinder findNearestMatch
WARNING: Unable to find an exact match for CDP version 131, returning the closest version; found: 130; Please update to a Selenium version that supports CDP version 131
]]></system-err>
  </testcase>
  <testcase name="runScenario[&quot;Validate user can navigate to Arrays in python&quot;, &quot;Array detail page&quot;](3)" classname="TestRunners.TestRunner" time="0.702">
    <system-out><![CDATA[
Scenario: No error message displayed for empty code on try editor for array in python &amp#27;[90m# src/test/resources/Features/ArrayDetailsPage.feature:27&amp#27;[0m
]]></system-out>
  </testcase>
  <testcase name="runScenario[&quot;Validate user can Try here link page from Array using list&quot;, &quot;Array detail page&quot;](8)" classname="TestRunners.TestRunner" time="6.526">
    <system-out><![CDATA[
Scenario: No error message displayed for empty code on try editor for Array using list &amp#27;[90m# src/test/resources/Features/ArrayDetailsPage.feature:57&amp#27;[0m
[INFO ] 2024-12-09 22:19:25.215 [TestNG-PoolService-2] Hooks - ======================  New Test Execution is STARTED!! ======================
[INFO ] 2024-12-09 22:19:26.189 [TestNG-PoolService-3] Hooks - ======================  New Test Execution is STARTED!! ======================
[INFO ] 2024-12-09 22:19:27.392 [TestNG-PoolService-1] Hooks - ======================  New Test Execution is STARTED!! ======================
  &amp#27;[32mGiven &amp#27;[0m&amp#27;[32mThe user is on the DS Introduction page as signedIn&amp#27;[0m          &amp#27;[90m# StepDefinitions.DSIntroductionDetails.the_user_is_on_the_ds_introduction_page_as_signed_in()&amp#27;[0m
  &amp#27;[32mAnd &amp#27;[0m&amp#27;[32mThe user clicks on Get Started link for array&amp#27;[0m                  &amp#27;[90m# StepDefinitions.ArrayStepDefintions.the_user_clicks_on_get_started_link_for_array()&amp#27;[0m
  &amp#27;[32mGiven &amp#27;[0m&amp#27;[32mThe user is on the Array using list&amp#27;[0m                          &amp#27;[90m# StepDefinitions.ArrayStepDefintions.the_user_is_on_the_array_using_list()&amp#27;[0m
  &amp#27;[32mGiven &amp#27;[0m&amp#27;[32mThe user is on the DS Introduction page as signedIn&amp#27;[0m                           &amp#27;[90m# StepDefinitions.DSIntroductionDetails.the_user_is_on_the_ds_introduction_page_as_signed_in()&amp#27;[0m
  &amp#27;[32mWhen &amp#27;[0m&amp#27;[32mUser clicks Try here link&amp#27;[0m                                     &amp#27;[90m# StepDefinitions.DSIntroductionDetails.user_clicks_try_here_link()&amp#27;[0m
  &amp#27;[32mThen &amp#27;[0m&amp#27;[32mUser should navigate to tryEditor page&amp#27;[0m                        &amp#27;[90m# StepDefinitions.DSIntroductionDetails.user_should_navigate_to_try_editor_page()&amp#27;[0m
[INFO ] 2024-12-09 22:19:30.337 [TestNG-PoolService-2] Hooks - ======================  Test Execution is completed!! ======================
  &amp#27;[32mGiven &amp#27;[0m&amp#27;[32mThe user is on the DS Introduction page as signedIn&amp#27;[0m                            &amp#27;[90m# StepDefinitions.DSIntroductionDetails.the_user_is_on_the_ds_introduction_page_as_signed_in()&amp#27;[0m
  &amp#27;[32mAnd &amp#27;[0m&amp#27;[32mThe user clicks on Get Started link for array&amp#27;[0m                                   &amp#27;[90m# StepDefinitions.ArrayStepDefintions.the_user_clicks_on_get_started_link_for_array()&amp#27;[0m
  &amp#27;[32mAnd &amp#27;[0m&amp#27;[32mThe user clicks on Get Started link for array&amp#27;[0m                                    &amp#27;[90m# StepDefinitions.ArrayStepDefintions.the_user_clicks_on_get_started_link_for_array()&amp#27;[0m
  &amp#27;[32mGiven &amp#27;[0m&amp#27;[32mThe user is on the Array using list&amp#27;[0m                                           &amp#27;[90m# StepDefinitions.ArrayStepDefintions.the_user_is_on_the_array_using_list()&amp#27;[0m
  &amp#27;[32mGiven &amp#27;[0m&amp#27;[32mThe user is on the Array using list&amp#27;[0m                                            &amp#27;[90m# StepDefinitions.ArrayStepDefintions.the_user_is_on_the_array_using_list()&amp#27;[0m
  &amp#27;[32mWhen &amp#27;[0m&amp#27;[32mUser clicks Try here link&amp#27;[0m                                                      &amp#27;[90m# StepDefinitions.DSIntroductionDetails.user_clicks_try_here_link()&amp#27;[0m
  &amp#27;[31mWhen &amp#27;[0m&amp#27;[31mThe user write the invalid code in Editor&amp#27;[0m                                      &amp#27;[90m# StepDefinitions.DSIntroductionDetails.the_user_write_the_invalid_code_in_editor()&amp#27;[0m
      &amp#27;[31morg.openqa.selenium.ElementNotInteractableException: element not interactable
  (Session info: MicrosoftEdge=131.0.2903.86)
Build info: version: '4.26.0', revision: '8ccf0219d7'
System info: os.name: 'Windows 11', os.arch: 'amd64', os.version: '10.0', java.version: '21.0.5'
Driver info: org.openqa.selenium.edge.EdgeDriver
Command: [7a8d6ca39e319bced37341f138d269ff, sendKeysToElement {value=[Ljava.lang.CharSequence;@6759a50f, id=f.4DA000C01FF36C82C810134F22DF3C6C.d.3BC50D71916DF6A23098188A6CC83CA7.e.37}]
Capabilities {acceptInsecureCerts: false, browserName: MicrosoftEdge, browserVersion: 131.0.2903.86, fedcm:accounts: true, ms:edgeOptions: {debuggerAddress: localhost:59093}, msedge: {msedgedriverVersion: 131.0.2903.86 (cf5bf303997c..., userDataDir: C:\Users\vamsh\AppData\Loca...}, networkConnectionEnabled: false, pageLoadStrategy: normal, platformName: windows, proxy: Proxy(), se:cdp: ws://localhost:59093/devtoo..., se:cdpVersion: 131.0.2903.86, setWindowRect: true, strictFileInteractability: false, timeouts: {implicit: 0, pageLoad: 300000, script: 30000}, unhandledPromptBehavior: dismiss and notify, webauthn:extension:credBlob: true, webauthn:extension:largeBlob: true, webauthn:extension:minPinLength: true, webauthn:extension:prf: true, webauthn:virtualAuthenticators: true}
Element: [[EdgeDriver: MicrosoftEdge on windows (7a8d6ca39e319bced37341f138d269ff)] -> css selector: .CodeMirror textarea]
Session ID: 7a8d6ca39e319bced37341f138d269ff
	at java.base/jdk.internal.reflect.DirectConstructorHandleAccessor.newInstance(DirectConstructorHandleAccessor.java:62)
	at java.base/java.lang.reflect.Constructor.newInstanceWithCaller(Constructor.java:502)
	at java.base/java.lang.reflect.Constructor.newInstance(Constructor.java:486)
	at org.openqa.selenium.remote.ErrorCodec.decode(ErrorCodec.java:167)
	at org.openqa.selenium.remote.codec.w3c.W3CHttpResponseCodec.decode(W3CHttpResponseCodec.java:138)
	at org.openqa.selenium.remote.codec.w3c.W3CHttpResponseCodec.decode(W3CHttpResponseCodec.java:50)
	at org.openqa.selenium.remote.HttpCommandExecutor.execute(HttpCommandExecutor.java:190)
	at org.openqa.selenium.remote.service.DriverCommandExecutor.invokeExecute(DriverCommandExecutor.java:216)
	at org.openqa.selenium.remote.service.DriverCommandExecutor.execute(DriverCommandExecutor.java:174)
	at org.openqa.selenium.remote.RemoteWebDriver.execute(RemoteWebDriver.java:545)
	at org.openqa.selenium.remote.RemoteWebElement.execute(RemoteWebElement.java:223)
	at org.openqa.selenium.remote.RemoteWebElement.sendKeys(RemoteWebElement.java:110)
	at PageObjects.IntroductionPage.enterCodeInEditor(IntroductionPage.java:146)
	at StepDefinitions.DSIntroductionDetails.the_user_write_the_invalid_code_in_editor(DSIntroductionDetails.java:138)
	at ✽.The user write the invalid code in Editor(file:///C:/Projects/Repo1/src/test/resources/Features/ArrayDetailsPage.feature:53)
&amp#27;[0m
  &amp#27;[36mAnd &amp#27;[0m&amp#27;[36mClick the Run button&amp#27;[0m                                                            &amp#27;[90m# StepDefinitions.DSIntroductionDetails.click_the_run_button()&amp#27;[0m
  &amp#27;[36mThen &amp#27;[0m&amp#27;[36mThe user should able to see an error message in alert window&amp#27;[0m                   &amp#27;[90m# StepDefinitions.DSIntroductionDetails.the_user_should_able_to_see_an_error_message_in_alert_window()&amp#27;[0m
[ERROR] 2024-12-09 22:19:31.651 [TestNG-PoolService-3] Hooks - ======================  TEST CASE FAILED !! ======================
]]></system-out>
    <system-err><![CDATA[Dec 09, 2024 10:19:26 PM org.openqa.selenium.devtools.CdpVersionFinder findNearestMatch
WARNING: Unable to find an exact match for CDP version 131, returning the closest version; found: 130; Please update to a Selenium version that supports CDP version 131
Dec 09, 2024 10:19:27 PM org.openqa.selenium.devtools.CdpVersionFinder findNearestMatch
WARNING: Unable to find an exact match for CDP version 131, returning the closest version; found: 130; Please update to a Selenium version that supports CDP version 131
]]></system-err>
  </testcase>
  <testcase name="runScenario[&quot;Error message displayed for invalid code on try Editor for Array using list&quot;, &quot;Array detail page&quot;](9)" classname="TestRunners.TestRunner" time="1.577">
    <failure message="element not interactable&#10;  (Session info: MicrosoftEdge=131.0.2903.86)&#10;Build info: version: &apos;4.26.0&apos;, revision: &apos;8ccf0219d7&apos;&#10;System info: os.name: &apos;Windows 11&apos;, os.arch: &apos;amd64&apos;, os.version: &apos;10.0&apos;, java.version: &apos;21.0.5&apos;&#10;Driver info: org.openqa.selenium.edge.EdgeDriver&#10;Command: [7a8d6ca39e319bced37341f138d269ff, sendKeysToElement {value=[Ljava.lang.CharSequence;@6759a50f, id=f.4DA000C01FF36C82C810134F22DF3C6C.d.3BC50D71916DF6A23098188A6CC83CA7.e.37}]&#10;Capabilities {acceptInsecureCerts: false, browserName: MicrosoftEdge, browserVersion: 131.0.2903.86, fedcm:accounts: true, ms:edgeOptions: {debuggerAddress: localhost:59093}, msedge: {msedgedriverVersion: 131.0.2903.86 (cf5bf303997c..., userDataDir: C:\Users\vamsh\AppData\Loca...}, networkConnectionEnabled: false, pageLoadStrategy: normal, platformName: windows, proxy: Proxy(), se:cdp: ws://localhost:59093/devtoo..., se:cdpVersion: 131.0.2903.86, setWindowRect: true, strictFileInteractability: false, timeouts: {implicit: 0, pageLoad: 300000, script: 30000}, unhandledPromptBehavior: dismiss and notify, webauthn:extension:credBlob: true, webauthn:extension:largeBlob: true, webauthn:extension:minPinLength: true, webauthn:extension:prf: true, webauthn:virtualAuthenticators: true}&#10;Element: [[EdgeDriver: MicrosoftEdge on windows (7a8d6ca39e319bced37341f138d269ff)] -&gt; css selector: .CodeMirror textarea]&#10;Session ID: 7a8d6ca39e319bced37341f138d269ff" type="org.openqa.selenium.ElementNotInteractableException"><![CDATA[org.openqa.selenium.ElementNotInteractableException: 
element not interactable
  (Session info: MicrosoftEdge=131.0.2903.86)
Build info: version: '4.26.0', revision: '8ccf0219d7'
System info: os.name: 'Windows 11', os.arch: 'amd64', os.version: '10.0', java.version: '21.0.5'
Driver info: org.openqa.selenium.edge.EdgeDriver
Command: [7a8d6ca39e319bced37341f138d269ff, sendKeysToElement {value=[Ljava.lang.CharSequence;@6759a50f, id=f.4DA000C01FF36C82C810134F22DF3C6C.d.3BC50D71916DF6A23098188A6CC83CA7.e.37}]
Capabilities {acceptInsecureCerts: false, browserName: MicrosoftEdge, browserVersion: 131.0.2903.86, fedcm:accounts: true, ms:edgeOptions: {debuggerAddress: localhost:59093}, msedge: {msedgedriverVersion: 131.0.2903.86 (cf5bf303997c..., userDataDir: C:\Users\vamsh\AppData\Loca...}, networkConnectionEnabled: false, pageLoadStrategy: normal, platformName: windows, proxy: Proxy(), se:cdp: ws://localhost:59093/devtoo..., se:cdpVersion: 131.0.2903.86, setWindowRect: true, strictFileInteractability: false, timeouts: {implicit: 0, pageLoad: 300000, script: 30000}, unhandledPromptBehavior: dismiss and notify, webauthn:extension:credBlob: true, webauthn:extension:largeBlob: true, webauthn:extension:minPinLength: true, webauthn:extension:prf: true, webauthn:virtualAuthenticators: true}
Element: [[EdgeDriver: MicrosoftEdge on windows (7a8d6ca39e319bced37341f138d269ff)] -> css selector: .CodeMirror textarea]
Session ID: 7a8d6ca39e319bced37341f138d269ff
]]></failure>
    <system-out><![CDATA[
Scenario: Valid code on try editor for Array using list runs successfully &amp#27;[90m# src/test/resources/Features/ArrayDetailsPage.feature:63&amp#27;[0m

    Embedding screenshot [image/png 7890 bytes]

[INFO ] 2024-12-09 22:19:31.851 [TestNG-PoolService-3] Hooks - ======================  Screenshot is captured  ======================
[INFO ] 2024-12-09 22:19:31.853 [TestNG-PoolService-3] Hooks - ======================  Test Execution is completed!! ======================
  &amp#27;[32mWhen &amp#27;[0m&amp#27;[32mUser clicks Try here link&amp#27;[0m                                                       &amp#27;[90m# StepDefinitions.DSIntroductionDetails.user_clicks_try_here_link()&amp#27;[0m
  &amp#27;[32mWhen &amp#27;[0m&amp#27;[32mClick the Run button&amp#27;[0m                                                            &amp#27;[90m# StepDefinitions.DSIntroductionDetails.click_the_run_button()&amp#27;[0m
  &amp#27;[32mThen &amp#27;[0m&amp#27;[32mThe user should not see any error message or alert&amp#27;[0m                              &amp#27;[90m# StepDefinitions.DSIntroductionDetails.the_user_should_not_see_any_error_message_or_alert()&amp#27;[0m
[INFO ] 2024-12-09 22:19:32.155 [TestNG-PoolService-1] Hooks - ======================  Test Execution is completed!! ======================
]]></system-out>
  </testcase>
  <testcase name="runScenario[&quot;Valid code on try editor for basic operations in lists runs successfully&quot;, &quot;Array detail page&quot;](16)" classname="TestRunners.TestRunner" time="1.186">
    <failure message="element not interactable&#10;  (Session info: MicrosoftEdge=131.0.2903.86)&#10;Build info: version: &apos;4.26.0&apos;, revision: &apos;8ccf0219d7&apos;&#10;System info: os.name: &apos;Windows 11&apos;, os.arch: &apos;amd64&apos;, os.version: &apos;10.0&apos;, java.version: &apos;21.0.5&apos;&#10;Driver info: org.openqa.selenium.edge.EdgeDriver&#10;Command: [b68e9f03d5be54357a69aa2683e36f7c, sendKeysToElement {value=[Ljava.lang.CharSequence;@4e9b3bad, id=f.706CA2566EF29DF6900CBAD05D551300.d.8105DDD9C915D1757364571480C84F1F.e.39}]&#10;Capabilities {acceptInsecureCerts: false, browserName: MicrosoftEdge, browserVersion: 131.0.2903.86, fedcm:accounts: true, ms:edgeOptions: {debuggerAddress: localhost:59376}, msedge: {msedgedriverVersion: 131.0.2903.86 (cf5bf303997c..., userDataDir: C:\Users\vamsh\AppData\Loca...}, networkConnectionEnabled: false, pageLoadStrategy: normal, platformName: windows, proxy: Proxy(), se:cdp: ws://localhost:59376/devtoo..., se:cdpVersion: 131.0.2903.86, setWindowRect: true, strictFileInteractability: false, timeouts: {implicit: 0, pageLoad: 300000, script: 30000}, unhandledPromptBehavior: dismiss and notify, webauthn:extension:credBlob: true, webauthn:extension:largeBlob: true, webauthn:extension:minPinLength: true, webauthn:extension:prf: true, webauthn:virtualAuthenticators: true}&#10;Element: [[EdgeDriver: MicrosoftEdge on windows (b68e9f03d5be54357a69aa2683e36f7c)] -&gt; css selector: .CodeMirror textarea]&#10;Session ID: b68e9f03d5be54357a69aa2683e36f7c" type="org.openqa.selenium.ElementNotInteractableException"><![CDATA[org.openqa.selenium.ElementNotInteractableException: 
element not interactable
  (Session info: MicrosoftEdge=131.0.2903.86)
Build info: version: '4.26.0', revision: '8ccf0219d7'
System info: os.name: 'Windows 11', os.arch: 'amd64', os.version: '10.0', java.version: '21.0.5'
Driver info: org.openqa.selenium.edge.EdgeDriver
Command: [b68e9f03d5be54357a69aa2683e36f7c, sendKeysToElement {value=[Ljava.lang.CharSequence;@4e9b3bad, id=f.706CA2566EF29DF6900CBAD05D551300.d.8105DDD9C915D1757364571480C84F1F.e.39}]
Capabilities {acceptInsecureCerts: false, browserName: MicrosoftEdge, browserVersion: 131.0.2903.86, fedcm:accounts: true, ms:edgeOptions: {debuggerAddress: localhost:59376}, msedge: {msedgedriverVersion: 131.0.2903.86 (cf5bf303997c..., userDataDir: C:\Users\vamsh\AppData\Loca...}, networkConnectionEnabled: false, pageLoadStrategy: normal, platformName: windows, proxy: Proxy(), se:cdp: ws://localhost:59376/devtoo..., se:cdpVersion: 131.0.2903.86, setWindowRect: true, strictFileInteractability: false, timeouts: {implicit: 0, pageLoad: 300000, script: 30000}, unhandledPromptBehavior: dismiss and notify, webauthn:extension:credBlob: true, webauthn:extension:largeBlob: true, webauthn:extension:minPinLength: true, webauthn:extension:prf: true, webauthn:virtualAuthenticators: true}
Element: [[EdgeDriver: MicrosoftEdge on windows (b68e9f03d5be54357a69aa2683e36f7c)] -> css selector: .CodeMirror textarea]
Session ID: b68e9f03d5be54357a69aa2683e36f7c
]]></failure>
    <system-out><![CDATA[
Scenario: Validate user can Try here link page from applications of array &amp#27;[90m# src/test/resources/Features/ArrayDetailsPage.feature:105&amp#27;[0m
]]></system-out>
  </testcase>
  <testcase name="runScenario[&quot;Validate user can navigate to applications of array&quot;, &quot;Array detail page&quot;](17)" classname="TestRunners.TestRunner" time="4.519">
    <system-out><![CDATA[
Scenario: Error message displayed for invalid code on try Editor for applications of array &amp#27;[90m# src/test/resources/Features/ArrayDetailsPage.feature:110&amp#27;[0m
  &amp#27;[32mGiven &amp#27;[0m&amp#27;[32mThe user is on the DS Introduction page as signedIn&amp#27;[0m   &amp#27;[90m# StepDefinitions.DSIntroductionDetails.the_user_is_on_the_ds_introduction_page_as_signed_in()&amp#27;[0m
[INFO ] 2024-12-09 22:19:54.950 [TestNG-PoolService-2] Hooks - ======================  New Test Execution is STARTED!! ======================
  &amp#27;[32mAnd &amp#27;[0m&amp#27;[32mThe user clicks on Get Started link for array&amp#27;[0m           &amp#27;[90m# StepDefinitions.ArrayStepDefintions.the_user_clicks_on_get_started_link_for_array()&amp#27;[0m
  &amp#27;[32mGiven &amp#27;[0m&amp#27;[32mThe user is on the array details page&amp#27;[0m                 &amp#27;[90m# StepDefinitions.ArrayStepDefintions.the_user_is_on_the_array_details_page()&amp#27;[0m
[INFO ] 2024-12-09 22:19:56.157 [TestNG-PoolService-1] Hooks - ======================  New Test Execution is STARTED!! ======================
  &amp#27;[32mWhen &amp#27;[0m&amp#27;[32mThe user click on applications of array link&amp#27;[0m           &amp#27;[90m# StepDefinitions.ArrayStepDefintions.the_user_click_on_applications_of_array_link()&amp#27;[0m
  &amp#27;[32mThen &amp#27;[0m&amp#27;[32mthe user is navigated to applications of array&amp#27;[0m         &amp#27;[90m# StepDefinitions.ArrayStepDefintions.the_user_is_navigated_to_applications_of_array()&amp#27;[0m
[INFO ] 2024-12-09 22:19:56.360 [TestNG-PoolService-3] Hooks - ======================  Test Execution is completed!! ======================
]]></system-out>
    <system-err><![CDATA[Dec 09, 2024 10:19:54 PM org.openqa.selenium.devtools.CdpVersionFinder findNearestMatch
WARNING: Unable to find an exact match for CDP version 131, returning the closest version; found: 130; Please update to a Selenium version that supports CDP version 131
Dec 09, 2024 10:19:56 PM org.openqa.selenium.devtools.CdpVersionFinder findNearestMatch
WARNING: Unable to find an exact match for CDP version 131, returning the closest version; found: 130; Please update to a Selenium version that supports CDP version 131
]]></system-err>
  </testcase>
  <testcase name="runScenario[&quot;Validate the DS dropdown without signIN&quot;, &quot;DS Introduction Page&quot;](21)" classname="TestRunners.TestRunner" time="5.257">
    <system-out><![CDATA[
Scenario: Validate the DS dropdown without signIN                                                         &amp#27;[90m# src/test/resources/Features/DSIntroductionPage.feature:3&amp#27;[0m
[INFO ] 2024-12-09 22:20:05.504 [TestNG-PoolService-1] Hooks - ======================  New Test Execution is STARTED!! ======================
[INFO ] 2024-12-09 22:20:06.978 [TestNG-PoolService-3] Hooks - ======================  New Test Execution is STARTED!! ======================
  &amp#27;[32mGiven &amp#27;[0m&amp#27;[32mThe user should open the DS Algo Portal URL in any supported browser&amp#27;[0m                              &amp#27;[90m# StepDefinitions.DSIntroductionDetails.the_user_should_open_the_ds_algo_portal_url_in_any_supported_browser()&amp#27;[0m
The user clicks the Get Started button
  &amp#27;[32mWhen &amp#27;[0m&amp#27;[32mThe user clicks the Get Started button&amp#27;[0m                                                             &amp#27;[90m# StepDefinitions.DSIntroductionDetails.the_user_clicks_the_get_started_button()&amp#27;[0m
The user clicks the data structure dropdown arrow
  &amp#27;[32mAnd &amp#27;[0m&amp#27;[32mThe user clicks the data structure dropdown arrow&amp#27;[0m                                                   &amp#27;[90m# StepDefinitions.DSIntroductionDetails.the_user_clicks_the_data_structure_dropdown_arrow()&amp#27;[0m
  &amp#27;[32mGiven &amp#27;[0m&amp#27;[32mThe user is on the DS Introduction page as signedIn&amp#27;[0m                    &amp#27;[90m# StepDefinitions.DSIntroductionDetails.the_user_is_on_the_ds_introduction_page_as_signed_in()&amp#27;[0m
The user should able to see siz options Arrays Linked,List,Stack,Queue,Tree,Graph in dropdown menu
  &amp#27;[32mThen &amp#27;[0m&amp#27;[32mThe user should able to see siz options Arrays Linked,List,Stack,Queue,Tree,Graph in dropdown menu&amp#27;[0m &amp#27;[90m# StepDefinitions.DSIntroductionDetails.the_user_should_able_to_see_siz_options_arrays_linked_list_stack_queue_tree_graph_in_dropdown_menu()&amp#27;[0m
[INFO ] 2024-12-09 22:20:09.004 [TestNG-PoolService-3] Hooks - ======================  Test Execution is completed!! ======================
  &amp#27;[32mAnd &amp#27;[0m&amp#27;[32mThe user clicks on Get Started link for array&amp#27;[0m                            &amp#27;[90m# StepDefinitions.ArrayStepDefintions.the_user_clicks_on_get_started_link_for_array()&amp#27;[0m
  &amp#27;[32mGiven &amp#27;[0m&amp#27;[32mThe user is on the DS Introduction page as signedIn&amp#27;[0m &amp#27;[90m# StepDefinitions.DSIntroductionDetails.the_user_is_on_the_ds_introduction_page_as_signed_in()&amp#27;[0m
  &amp#27;[32mAnd &amp#27;[0m&amp#27;[32mThe user clicks on Get Started link for array&amp#27;[0m         &amp#27;[90m# StepDefinitions.ArrayStepDefintions.the_user_clicks_on_get_started_link_for_array()&amp#27;[0m
  &amp#27;[32mGiven &amp#27;[0m&amp#27;[32mThe user is on the applications of array&amp#27;[0m                               &amp#27;[90m# StepDefinitions.ArrayStepDefintions.the_user_is_on_the_applications_of_array()&amp#27;[0m
  &amp#27;[32mGiven &amp#27;[0m&amp#27;[32mThe user is on the applications of array&amp#27;[0m            &amp#27;[90m# StepDefinitions.ArrayStepDefintions.the_user_is_on_the_applications_of_array()&amp#27;[0m
]]></system-out>
    <system-err><![CDATA[Dec 09, 2024 10:20:05 PM org.openqa.selenium.devtools.CdpVersionFinder findNearestMatch
WARNING: Unable to find an exact match for CDP version 131, returning the closest version; found: 130; Please update to a Selenium version that supports CDP version 131
Dec 09, 2024 10:20:06 PM org.openqa.selenium.devtools.CdpVersionFinder findNearestMatch
WARNING: Unable to find an exact match for CDP version 131, returning the closest version; found: 130; Please update to a Selenium version that supports CDP version 131
]]></system-err>
  </testcase>
  <testcase name="runScenario[&quot;validate user can click on practicequestions&quot;, &quot;Array detail page&quot;](22)" classname="TestRunners.TestRunner" time="1.741">
    <system-out><![CDATA[
Scenario: Verify warning message when user navigate to DS details page without signIn         &amp#27;[90m# src/test/resources/Features/DSIntroductionPage.feature:9&amp#27;[0m
  &amp#27;[32mWhen &amp#27;[0m&amp#27;[32mthe user click on the practice questions link&amp#27;[0m        &amp#27;[90m# StepDefinitions.ArrayStepDefintions.the_user_click_on_the_practice_questions_link()&amp#27;[0m
  &amp#27;[32mThen &amp#27;[0m&amp#27;[32mthe user navigates to practice question page&amp#27;[0m         &amp#27;[90m# StepDefinitions.ArrayStepDefintions.the_user_navigates_to_practice_question_page()&amp#27;[0m
[INFO ] 2024-12-09 22:20:10.779 [TestNG-PoolService-1] Hooks - ======================  Test Execution is completed!! ======================
  &amp#27;[32mAnd &amp#27;[0m&amp#27;[32mUser clicks Try here link&amp#27;[0m                                                &amp#27;[90m# StepDefinitions.DSIntroductionDetails.user_clicks_try_here_link()&amp#27;[0m
  &amp#27;[32mWhen &amp#27;[0m&amp#27;[32mThe user write the valid code in Editor&amp#27;[0m                                 &amp#27;[90m# StepDefinitions.DSIntroductionDetails.the_user_write_the_valid_code_in_editor()&amp#27;[0m
  &amp#27;[32mAnd &amp#27;[0m&amp#27;[32mClick the Run button&amp#27;[0m                                                     &amp#27;[90m# StepDefinitions.DSIntroductionDetails.click_the_run_button()&amp#27;[0m
  &amp#27;[32mThen &amp#27;[0m&amp#27;[32mThe user should able to see output in the console&amp#27;[0m                       &amp#27;[90m# StepDefinitions.DSIntroductionDetails.the_user_should_able_to_see_output_in_the_console()&amp#27;[0m
[INFO ] 2024-12-09 22:20:11.206 [TestNG-PoolService-2] Hooks - ======================  Test Execution is completed!! ======================
[INFO ] 2024-12-09 22:20:11.996 [TestNG-PoolService-3] Hooks - ======================  New Test Execution is STARTED!! ======================
]]></system-out>
    <system-err><![CDATA[Dec 09, 2024 10:20:11 PM org.openqa.selenium.devtools.CdpVersionFinder findNearestMatch
WARNING: Unable to find an exact match for CDP version 131, returning the closest version; found: 130; Please update to a Selenium version that supports CDP version 131
]]></system-err>
  </testcase>
  <testcase name="runScenario[&quot;Valid code on try editor for applications of array runs successfully&quot;, &quot;Array detail page&quot;](23)" classname="TestRunners.TestRunner" time="0.377">
    <system-out><![CDATA[
Scenario: Validate user lands on register page when clicked on register      &amp#27;[90m# src/test/resources/Features/DSIntroductionPage.feature:15&amp#27;[0m
  &amp#27;[32mGiven &amp#27;[0m&amp#27;[32mThe user should open the DS Algo Portal URL in any supported browser&amp#27;[0m                  &amp#27;[90m# StepDefinitions.DSIntroductionDetails.the_user_should_open_the_ds_algo_portal_url_in_any_supported_browser()&amp#27;[0m
]]></system-out>
  </testcase>
  <testcase name="runScenario[&quot;Valid code on try editor for Time Complexity runs successfully&quot;, &quot;DS Introduction Page&quot;](32)" classname="TestRunners.TestRunner" time="2.043">
    <failure message="element not interactable&#10;  (Session info: MicrosoftEdge=131.0.2903.86)&#10;Build info: version: &apos;4.26.0&apos;, revision: &apos;8ccf0219d7&apos;&#10;System info: os.name: &apos;Windows 11&apos;, os.arch: &apos;amd64&apos;, os.version: &apos;10.0&apos;, java.version: &apos;21.0.5&apos;&#10;Driver info: org.openqa.selenium.edge.EdgeDriver&#10;Command: [af2e7a59aed32dcfb6a939358a4ea841, sendKeysToElement {value=[Ljava.lang.CharSequence;@20eaf08a, id=f.41F1E5B326EEC87615ADC0F62D57C766.d.1F224F20F371D9129FF225CBCD90B710.e.44}]&#10;Capabilities {acceptInsecureCerts: false, browserName: MicrosoftEdge, browserVersion: 131.0.2903.86, fedcm:accounts: true, ms:edgeOptions: {debuggerAddress: localhost:60016}, msedge: {msedgedriverVersion: 131.0.2903.86 (cf5bf303997c..., userDataDir: C:\Users\vamsh\AppData\Loca...}, networkConnectionEnabled: false, pageLoadStrategy: normal, platformName: windows, proxy: Proxy(), se:cdp: ws://localhost:60016/devtoo..., se:cdpVersion: 131.0.2903.86, setWindowRect: true, strictFileInteractability: false, timeouts: {implicit: 0, pageLoad: 300000, script: 30000}, unhandledPromptBehavior: dismiss and notify, webauthn:extension:credBlob: true, webauthn:extension:largeBlob: true, webauthn:extension:minPinLength: true, webauthn:extension:prf: true, webauthn:virtualAuthenticators: true}&#10;Element: [[EdgeDriver: MicrosoftEdge on windows (af2e7a59aed32dcfb6a939358a4ea841)] -&gt; css selector: .CodeMirror textarea]&#10;Session ID: af2e7a59aed32dcfb6a939358a4ea841" type="org.openqa.selenium.ElementNotInteractableException"><![CDATA[org.openqa.selenium.ElementNotInteractableException: 
element not interactable
  (Session info: MicrosoftEdge=131.0.2903.86)
Build info: version: '4.26.0', revision: '8ccf0219d7'
System info: os.name: 'Windows 11', os.arch: 'amd64', os.version: '10.0', java.version: '21.0.5'
Driver info: org.openqa.selenium.edge.EdgeDriver
Command: [af2e7a59aed32dcfb6a939358a4ea841, sendKeysToElement {value=[Ljava.lang.CharSequence;@20eaf08a, id=f.41F1E5B326EEC87615ADC0F62D57C766.d.1F224F20F371D9129FF225CBCD90B710.e.44}]
Capabilities {acceptInsecureCerts: false, browserName: MicrosoftEdge, browserVersion: 131.0.2903.86, fedcm:accounts: true, ms:edgeOptions: {debuggerAddress: localhost:60016}, msedge: {msedgedriverVersion: 131.0.2903.86 (cf5bf303997c..., userDataDir: C:\Users\vamsh\AppData\Loca...}, networkConnectionEnabled: false, pageLoadStrategy: normal, platformName: windows, proxy: Proxy(), se:cdp: ws://localhost:60016/devtoo..., se:cdpVersion: 131.0.2903.86, setWindowRect: true, strictFileInteractability: false, timeouts: {implicit: 0, pageLoad: 300000, script: 30000}, unhandledPromptBehavior: dismiss and notify, webauthn:extension:credBlob: true, webauthn:extension:largeBlob: true, webauthn:extension:minPinLength: true, webauthn:extension:prf: true, webauthn:virtualAuthenticators: true}
Element: [[EdgeDriver: MicrosoftEdge on windows (af2e7a59aed32dcfb6a939358a4ea841)] -> css selector: .CodeMirror textarea]
Session ID: af2e7a59aed32dcfb6a939358a4ea841
]]></failure>
    <system-out><![CDATA[
Scenario: Validate user can Try here link page from graphs  &amp#27;[90m# src/test/resources/Features/GraphHomepage.feature:16&amp#27;[0m
  &amp#27;[32mGiven &amp#27;[0m&amp#27;[32mThe user is on the DS Introduction page as signedIn&amp#27;[0m    &amp#27;[90m# StepDefinitions.DSIntroductionDetails.the_user_is_on_the_ds_introduction_page_as_signed_in()&amp#27;[0m
  &amp#27;[32mAnd &amp#27;[0m&amp#27;[32mUser clicks Try here link&amp#27;[0m                                          &amp#27;[90m# StepDefinitions.DSIntroductionDetails.user_clicks_try_here_link()&amp#27;[0m
  &amp#27;[32mAnd &amp#27;[0m&amp#27;[32mUser is on Try Here page for time complexity&amp#27;[0m                       &amp#27;[90m# StepDefinitions.DSIntroductionDetails.user_is_on_try_here_page_for_time_complexity()&amp#27;[0m
  &amp#27;[31mWhen &amp#27;[0m&amp#27;[31mThe user write the valid code in Editor&amp#27;[0m                           &amp#27;[90m# StepDefinitions.DSIntroductionDetails.the_user_write_the_valid_code_in_editor()&amp#27;[0m
      &amp#27;[31morg.openqa.selenium.ElementNotInteractableException: element not interactable
  (Session info: MicrosoftEdge=131.0.2903.86)
Build info: version: '4.26.0', revision: '8ccf0219d7'
System info: os.name: 'Windows 11', os.arch: 'amd64', os.version: '10.0', java.version: '21.0.5'
Driver info: org.openqa.selenium.edge.EdgeDriver
Command: [af2e7a59aed32dcfb6a939358a4ea841, sendKeysToElement {value=[Ljava.lang.CharSequence;@20eaf08a, id=f.41F1E5B326EEC87615ADC0F62D57C766.d.1F224F20F371D9129FF225CBCD90B710.e.44}]
Capabilities {acceptInsecureCerts: false, browserName: MicrosoftEdge, browserVersion: 131.0.2903.86, fedcm:accounts: true, ms:edgeOptions: {debuggerAddress: localhost:60016}, msedge: {msedgedriverVersion: 131.0.2903.86 (cf5bf303997c..., userDataDir: C:\Users\vamsh\AppData\Loca...}, networkConnectionEnabled: false, pageLoadStrategy: normal, platformName: windows, proxy: Proxy(), se:cdp: ws://localhost:60016/devtoo..., se:cdpVersion: 131.0.2903.86, setWindowRect: true, strictFileInteractability: false, timeouts: {implicit: 0, pageLoad: 300000, script: 30000}, unhandledPromptBehavior: dismiss and notify, webauthn:extension:credBlob: true, webauthn:extension:largeBlob: true, webauthn:extension:minPinLength: true, webauthn:extension:prf: true, webauthn:virtualAuthenticators: true}
Element: [[EdgeDriver: MicrosoftEdge on windows (af2e7a59aed32dcfb6a939358a4ea841)] -> css selector: .CodeMirror textarea]
Session ID: af2e7a59aed32dcfb6a939358a4ea841
	at java.base/jdk.internal.reflect.DirectConstructorHandleAccessor.newInstance(DirectConstructorHandleAccessor.java:62)
	at java.base/java.lang.reflect.Constructor.newInstanceWithCaller(Constructor.java:502)
	at java.base/java.lang.reflect.Constructor.newInstance(Constructor.java:486)
	at org.openqa.selenium.remote.ErrorCodec.decode(ErrorCodec.java:167)
	at org.openqa.selenium.remote.codec.w3c.W3CHttpResponseCodec.decode(W3CHttpResponseCodec.java:138)
	at org.openqa.selenium.remote.codec.w3c.W3CHttpResponseCodec.decode(W3CHttpResponseCodec.java:50)
	at org.openqa.selenium.remote.HttpCommandExecutor.execute(HttpCommandExecutor.java:190)
	at org.openqa.selenium.remote.service.DriverCommandExecutor.invokeExecute(DriverCommandExecutor.java:216)
	at org.openqa.selenium.remote.service.DriverCommandExecutor.execute(DriverCommandExecutor.java:174)
	at org.openqa.selenium.remote.RemoteWebDriver.execute(RemoteWebDriver.java:545)
	at org.openqa.selenium.remote.RemoteWebElement.execute(RemoteWebElement.java:223)
	at org.openqa.selenium.remote.RemoteWebElement.sendKeys(RemoteWebElement.java:110)
	at PageObjects.IntroductionPage.enterCodeInEditor(IntroductionPage.java:146)
	at StepDefinitions.DSIntroductionDetails.the_user_write_the_valid_code_in_editor(DSIntroductionDetails.java:158)
	at ✽.The user write the valid code in Editor(file:///C:/Projects/Repo1/src/test/resources/Features/DSIntroductionPage.feature:66)
&amp#27;[0m
  &amp#27;[36mAnd &amp#27;[0m&amp#27;[36mClick the Run button&amp#27;[0m                                               &amp#27;[90m# StepDefinitions.DSIntroductionDetails.click_the_run_button()&amp#27;[0m
  &amp#27;[36mThen &amp#27;[0m&amp#27;[36mThe user should able to see output in the console&amp#27;[0m                 &amp#27;[90m# StepDefinitions.DSIntroductionDetails.the_user_should_able_to_see_output_in_the_console()&amp#27;[0m
[ERROR] 2024-12-09 22:20:37.909 [TestNG-PoolService-1] Hooks - ======================  TEST CASE FAILED !! ======================
  &amp#27;[32mAnd &amp#27;[0m&amp#27;[32mThe user clicks on Get Started link for graph&amp#27;[0m            &amp#27;[90m# StepDefinitions.GraphStepDefintions.the_user_clicks_on_get_started_link_for_graph()&amp#27;[0m

    Embedding screenshot [image/png 7890 bytes]

[INFO ] 2024-12-09 22:20:38.072 [TestNG-PoolService-1] Hooks - ======================  Screenshot is captured  ======================
[INFO ] 2024-12-09 22:20:38.074 [TestNG-PoolService-1] Hooks - ======================  Test Execution is completed!! ======================
  &amp#27;[32mGiven &amp#27;[0m&amp#27;[32mThe user is on the graph details page&amp#27;[0m                  &amp#27;[90m# StepDefinitions.GraphStepDefintions.the_user_is_on_the_graph_details_page()&amp#27;[0m
  &amp#27;[32mWhen &amp#27;[0m&amp#27;[32mThe user click on graph link in graph details page&amp#27;[0m      &amp#27;[90m# StepDefinitions.GraphStepDefintions.the_user_click_on_graph_link_in_graph_details_page()&amp#27;[0m
  &amp#27;[32mThen &amp#27;[0m&amp#27;[32mthe user is navigated to graph page under graph details&amp#27;[0m &amp#27;[90m# StepDefinitions.GraphStepDefintions.the_user_is_navigated_to_graph_page_under_graph_details()&amp#27;[0m
[INFO ] 2024-12-09 22:20:38.454 [TestNG-PoolService-3] Hooks - ======================  Test Execution is completed!! ======================
]]></system-out>
  </testcase>
  <testcase name="runScenario[&quot;Valid code on try editor for graphs runs successfully&quot;, &quot;Title of your feature&quot;](37)" classname="TestRunners.TestRunner" time="6.662">
    <failure message="element not interactable&#10;  (Session info: MicrosoftEdge=131.0.2903.86)&#10;Build info: version: &apos;4.26.0&apos;, revision: &apos;8ccf0219d7&apos;&#10;System info: os.name: &apos;Windows 11&apos;, os.arch: &apos;amd64&apos;, os.version: &apos;10.0&apos;, java.version: &apos;21.0.5&apos;&#10;Driver info: org.openqa.selenium.edge.EdgeDriver&#10;Command: [fd4885e513ae2df362e14c76c62db83f, sendKeysToElement {value=[Ljava.lang.CharSequence;@525ef7b8, id=f.7C2E5E70068C78E081184EC11D676D2A.d.17F0C62C91AFD4FC0EDA0DA46B4F3867.e.38}]&#10;Capabilities {acceptInsecureCerts: false, browserName: MicrosoftEdge, browserVersion: 131.0.2903.86, fedcm:accounts: true, ms:edgeOptions: {debuggerAddress: localhost:60249}, msedge: {msedgedriverVersion: 131.0.2903.86 (cf5bf303997c..., userDataDir: C:\Users\vamsh\AppData\Loca...}, networkConnectionEnabled: false, pageLoadStrategy: normal, platformName: windows, proxy: Proxy(), se:cdp: ws://localhost:60249/devtoo..., se:cdpVersion: 131.0.2903.86, setWindowRect: true, strictFileInteractability: false, timeouts: {implicit: 0, pageLoad: 300000, script: 30000}, unhandledPromptBehavior: dismiss and notify, webauthn:extension:credBlob: true, webauthn:extension:largeBlob: true, webauthn:extension:minPinLength: true, webauthn:extension:prf: true, webauthn:virtualAuthenticators: true}&#10;Element: [[EdgeDriver: MicrosoftEdge on windows (fd4885e513ae2df362e14c76c62db83f)] -&gt; css selector: .CodeMirror textarea]&#10;Session ID: fd4885e513ae2df362e14c76c62db83f" type="org.openqa.selenium.ElementNotInteractableException"><![CDATA[org.openqa.selenium.ElementNotInteractableException: 
element not interactable
  (Session info: MicrosoftEdge=131.0.2903.86)
Build info: version: '4.26.0', revision: '8ccf0219d7'
System info: os.name: 'Windows 11', os.arch: 'amd64', os.version: '10.0', java.version: '21.0.5'
Driver info: org.openqa.selenium.edge.EdgeDriver
Command: [fd4885e513ae2df362e14c76c62db83f, sendKeysToElement {value=[Ljava.lang.CharSequence;@525ef7b8, id=f.7C2E5E70068C78E081184EC11D676D2A.d.17F0C62C91AFD4FC0EDA0DA46B4F3867.e.38}]
Capabilities {acceptInsecureCerts: false, browserName: MicrosoftEdge, browserVersion: 131.0.2903.86, fedcm:accounts: true, ms:edgeOptions: {debuggerAddress: localhost:60249}, msedge: {msedgedriverVersion: 131.0.2903.86 (cf5bf303997c..., userDataDir: C:\Users\vamsh\AppData\Loca...}, networkConnectionEnabled: false, pageLoadStrategy: normal, platformName: windows, proxy: Proxy(), se:cdp: ws://localhost:60249/devtoo..., se:cdpVersion: 131.0.2903.86, setWindowRect: true, strictFileInteractability: false, timeouts: {implicit: 0, pageLoad: 300000, script: 30000}, unhandledPromptBehavior: dismiss and notify, webauthn:extension:credBlob: true, webauthn:extension:largeBlob: true, webauthn:extension:minPinLength: true, webauthn:extension:prf: true, webauthn:virtualAuthenticators: true}
Element: [[EdgeDriver: MicrosoftEdge on windows (fd4885e513ae2df362e14c76c62db83f)] -> css selector: .CodeMirror textarea]
Session ID: fd4885e513ae2df362e14c76c62db83f
]]></failure>
    <system-out><![CDATA[
Scenario: Validate user can click on Try here link from graph representations page &amp#27;[90m# src/test/resources/Features/GraphHomepage.feature:46&amp#27;[0m
[INFO ] 2024-12-09 22:20:51.981 [TestNG-PoolService-1] Hooks - ======================  New Test Execution is STARTED!! ======================
[INFO ] 2024-12-09 22:20:53.762 [TestNG-PoolService-3] Hooks - ======================  New Test Execution is STARTED!! ======================
  &amp#27;[32mGiven &amp#27;[0m&amp#27;[32mThe user is on the DS Introduction page as signedIn&amp#27;[0m     &amp#27;[90m# StepDefinitions.DSIntroductionDetails.the_user_is_on_the_ds_introduction_page_as_signed_in()&amp#27;[0m
  &amp#27;[32mAnd &amp#27;[0m&amp#27;[32mThe user clicks on Get Started link for graph&amp#27;[0m             &amp#27;[90m# StepDefinitions.GraphStepDefintions.the_user_clicks_on_get_started_link_for_graph()&amp#27;[0m
  &amp#27;[32mGiven &amp#27;[0m&amp#27;[32mThe user is on the graphs page under graph detials&amp#27;[0m      &amp#27;[90m# StepDefinitions.GraphStepDefintions.the_user_is_on_the_graphs_page_under_graph_detials()&amp#27;[0m
  &amp#27;[32mGiven &amp#27;[0m&amp#27;[32mThe user is on the DS Introduction page as signedIn&amp#27;[0m        &amp#27;[90m# StepDefinitions.DSIntroductionDetails.the_user_is_on_the_ds_introduction_page_as_signed_in()&amp#27;[0m
  &amp#27;[32mAnd &amp#27;[0m&amp#27;[32mUser clicks Try here link&amp#27;[0m                                 &amp#27;[90m# StepDefinitions.DSIntroductionDetails.user_clicks_try_here_link()&amp#27;[0m
  &amp#27;[32mAnd &amp#27;[0m&amp#27;[32mThe user clicks on Get Started link for graph&amp#27;[0m                &amp#27;[90m# StepDefinitions.GraphStepDefintions.the_user_clicks_on_get_started_link_for_graph()&amp#27;[0m
  &amp#27;[31mWhen &amp#27;[0m&amp#27;[31mThe user write the valid code in Editor&amp#27;[0m                  &amp#27;[90m# StepDefinitions.DSIntroductionDetails.the_user_write_the_valid_code_in_editor()&amp#27;[0m
      &amp#27;[31morg.openqa.selenium.ElementNotInteractableException: element not interactable
  (Session info: MicrosoftEdge=131.0.2903.86)
Build info: version: '4.26.0', revision: '8ccf0219d7'
System info: os.name: 'Windows 11', os.arch: 'amd64', os.version: '10.0', java.version: '21.0.5'
Driver info: org.openqa.selenium.edge.EdgeDriver
Command: [fd4885e513ae2df362e14c76c62db83f, sendKeysToElement {value=[Ljava.lang.CharSequence;@525ef7b8, id=f.7C2E5E70068C78E081184EC11D676D2A.d.17F0C62C91AFD4FC0EDA0DA46B4F3867.e.38}]
Capabilities {acceptInsecureCerts: false, browserName: MicrosoftEdge, browserVersion: 131.0.2903.86, fedcm:accounts: true, ms:edgeOptions: {debuggerAddress: localhost:60249}, msedge: {msedgedriverVersion: 131.0.2903.86 (cf5bf303997c..., userDataDir: C:\Users\vamsh\AppData\Loca...}, networkConnectionEnabled: false, pageLoadStrategy: normal, platformName: windows, proxy: Proxy(), se:cdp: ws://localhost:60249/devtoo..., se:cdpVersion: 131.0.2903.86, setWindowRect: true, strictFileInteractability: false, timeouts: {implicit: 0, pageLoad: 300000, script: 30000}, unhandledPromptBehavior: dismiss and notify, webauthn:extension:credBlob: true, webauthn:extension:largeBlob: true, webauthn:extension:minPinLength: true, webauthn:extension:prf: true, webauthn:virtualAuthenticators: true}
Element: [[EdgeDriver: MicrosoftEdge on windows (fd4885e513ae2df362e14c76c62db83f)] -> css selector: .CodeMirror textarea]
Session ID: fd4885e513ae2df362e14c76c62db83f
	at java.base/jdk.internal.reflect.DirectConstructorHandleAccessor.newInstance(DirectConstructorHandleAccessor.java:62)
	at java.base/java.lang.reflect.Constructor.newInstanceWithCaller(Constructor.java:502)
	at java.base/java.lang.reflect.Constructor.newInstance(Constructor.java:486)
	at org.openqa.selenium.remote.ErrorCodec.decode(ErrorCodec.java:167)
	at org.openqa.selenium.remote.codec.w3c.W3CHttpResponseCodec.decode(W3CHttpResponseCodec.java:138)
	at org.openqa.selenium.remote.codec.w3c.W3CHttpResponseCodec.decode(W3CHttpResponseCodec.java:50)
	at org.openqa.selenium.remote.HttpCommandExecutor.execute(HttpCommandExecutor.java:190)
	at org.openqa.selenium.remote.service.DriverCommandExecutor.invokeExecute(DriverCommandExecutor.java:216)
	at org.openqa.selenium.remote.service.DriverCommandExecutor.execute(DriverCommandExecutor.java:174)
	at org.openqa.selenium.remote.RemoteWebDriver.execute(RemoteWebDriver.java:545)
	at org.openqa.selenium.remote.RemoteWebElement.execute(RemoteWebElement.java:223)
	at org.openqa.selenium.remote.RemoteWebElement.sendKeys(RemoteWebElement.java:110)
	at PageObjects.IntroductionPage.enterCodeInEditor(IntroductionPage.java:146)
	at StepDefinitions.DSIntroductionDetails.the_user_write_the_valid_code_in_editor(DSIntroductionDetails.java:158)
	at ✽.The user write the valid code in Editor(file:///C:/Projects/Repo1/src/test/resources/Features/GraphHomepage.feature:37)
&amp#27;[0m
  &amp#27;[36mAnd &amp#27;[0m&amp#27;[36mClick the Run button&amp#27;[0m                                      &amp#27;[90m# StepDefinitions.DSIntroductionDetails.click_the_run_button()&amp#27;[0m
  &amp#27;[36mThen &amp#27;[0m&amp#27;[36mThe user should able to see output in the console&amp#27;[0m        &amp#27;[90m# StepDefinitions.DSIntroductionDetails.the_user_should_able_to_see_output_in_the_console()&amp#27;[0m
[ERROR] 2024-12-09 22:20:55.889 [TestNG-PoolService-2] Hooks - ======================  TEST CASE FAILED !! ======================
  &amp#27;[32mGiven &amp#27;[0m&amp#27;[32mThe user is on the graph details page&amp#27;[0m                      &amp#27;[90m# StepDefinitions.GraphStepDefintions.the_user_is_on_the_graph_details_page()&amp#27;[0m

    Embedding screenshot [image/png 7890 bytes]

[INFO ] 2024-12-09 22:20:56.078 [TestNG-PoolService-2] Hooks - ======================  Screenshot is captured  ======================
[INFO ] 2024-12-09 22:20:56.079 [TestNG-PoolService-2] Hooks - ======================  Test Execution is completed!! ======================
  &amp#27;[32mWhen &amp#27;[0m&amp#27;[32mThe user click on graph representations link&amp#27;[0m                &amp#27;[90m# StepDefinitions.GraphStepDefintions.the_user_click_on_graph_representations_link()&amp#27;[0m
  &amp#27;[32mThen &amp#27;[0m&amp#27;[32mthe user is navigated to graph representations page&amp#27;[0m         &amp#27;[90m# StepDefinitions.GraphStepDefintions.the_user_is_navigated_to_graph_representations_page()&amp#27;[0m
[INFO ] 2024-12-09 22:20:56.552 [TestNG-PoolService-1] Hooks - ======================  Test Execution is completed!! ======================
  &amp#27;[32mGiven &amp#27;[0m&amp#27;[32mThe user is on the DS Introduction page as signedIn&amp#27;[0m                        &amp#27;[90m# StepDefinitions.DSIntroductionDetails.the_user_is_on_the_ds_introduction_page_as_signed_in()&amp#27;[0m
  &amp#27;[32mAnd &amp#27;[0m&amp#27;[32mThe user clicks on Get Started link for graph&amp#27;[0m                                &amp#27;[90m# StepDefinitions.GraphStepDefintions.the_user_clicks_on_get_started_link_for_graph()&amp#27;[0m
]]></system-out>
    <system-err><![CDATA[Dec 09, 2024 10:20:51 PM org.openqa.selenium.devtools.CdpVersionFinder findNearestMatch
WARNING: Unable to find an exact match for CDP version 131, returning the closest version; found: 130; Please update to a Selenium version that supports CDP version 131
Dec 09, 2024 10:20:53 PM org.openqa.selenium.devtools.CdpVersionFinder findNearestMatch
WARNING: Unable to find an exact match for CDP version 131, returning the closest version; found: 130; Please update to a Selenium version that supports CDP version 131
]]></system-err>
  </testcase>
  <testcase name="runScenario[&quot;Validate user can navigate to Graph Representations page&quot;, &quot;Title of your feature&quot;](38)" classname="TestRunners.TestRunner" time="0.46">
    <system-out><![CDATA[
Scenario: Error message displayed for invalid code on try Editor for graph representations page &amp#27;[90m# src/test/resources/Features/GraphHomepage.feature:51&amp#27;[0m
  &amp#27;[32mGiven &amp#27;[0m&amp#27;[32mThe user is on the graphs representations page&amp#27;[0m                             &amp#27;[90m# StepDefinitions.GraphStepDefintions.the_user_is_on_the_graphs_representations_page()&amp#27;[0m
]]></system-out>
  </testcase>
  <testcase name="runScenario[&quot;DS Algo Sign in Page  with blank username&quot;, &quot;Login Feature&quot;](84)" classname="TestRunners.TestRunner" time="2.211">
    <system-out><![CDATA[
Scenario: DS Algo Sign in Page with invalid username and password                                                         &amp#27;[90m# src/test/resources/Features/LoginTestNav.feature:34&amp#27;[0m
  &amp#27;[32mGiven &amp#27;[0m&amp#27;[32mThe user is on the DS Algo Sign in Page&amp#27;[0m                                                   &amp#27;[90m# StepDefinitions.LoginStepDefinitions.the_user_is_on_the_ds_algo_sign_in_page()&amp#27;[0m
  &amp#27;[32mGiven &amp#27;[0m&amp#27;[32mThe user is on the DS Algo Sign in Page&amp#27;[0m                                                   &amp#27;[90m# StepDefinitions.LoginStepDefinitions.the_user_is_on_the_ds_algo_sign_in_page()&amp#27;[0m
  &amp#27;[32mWhen &amp#27;[0m&amp#27;[32mThe user clicks login button after entering only password from sheetname &amp#27;[0m&amp#27;[32m&amp#27;[1m"Login"&amp#27;[0m&amp#27;[32m and row &amp#27;[0m&amp#27;[32m&amp#27;[1m6&amp#27;[0m &amp#27;[90m# StepDefinitions.LoginStepDefinitions.the_user_clicks_login_button_after_entering_password_only(java.lang.String,java.lang.Integer)&amp#27;[0m
Actual message appeared on screen: Please fill out this field.
  &amp#27;[32mThen &amp#27;[0m&amp#27;[32mThe error message &amp#27;[0m&amp#27;[32m&amp#27;[1m"Please fill out this field."&amp#27;[0m&amp#27;[32m appears below Username textbox&amp#27;[0m             &amp#27;[90m# StepDefinitions.LoginStepDefinitions.the_error_message_appears_below_username_textbox(java.lang.String)&amp#27;[0m
[INFO ] 2024-12-09 22:23:18.813 [TestNG-PoolService-2] Hooks - ======================  Test Execution is completed!! ======================
  &amp#27;[32mWhen &amp#27;[0m&amp#27;[32mThe user clicks login button after entering only username from sheetname &amp#27;[0m&amp#27;[32m&amp#27;[1m"Login"&amp#27;[0m&amp#27;[32m and row &amp#27;[0m&amp#27;[32m&amp#27;[1m6&amp#27;[0m &amp#27;[90m# StepDefinitions.LoginStepDefinitions.the_user_clicks_login_button_after_enteringusername_only(java.lang.String,java.lang.Integer)&amp#27;[0m
Actual message appeared on screen: Please fill out this field.
  &amp#27;[32mThen &amp#27;[0m&amp#27;[32mThe error message &amp#27;[0m&amp#27;[32m&amp#27;[1m"Please fill out this field."&amp#27;[0m&amp#27;[32m appears below Pwd textbox&amp#27;[0m                  &amp#27;[90m# StepDefinitions.LoginStepDefinitions.the_error_message_appears_below_pwd_textbox(java.lang.String)&amp#27;[0m
[INFO ] 2024-12-09 22:23:18.966 [TestNG-PoolService-1] Hooks - ======================  Test Execution is completed!! ======================
[INFO ] 2024-12-09 22:23:19.815 [TestNG-PoolService-3] Hooks - ======================  New Test Execution is STARTED!! ======================
The user is on the DS Algo signin page
]]></system-out>
    <system-err><![CDATA[Dec 09, 2024 10:23:19 PM org.openqa.selenium.devtools.CdpVersionFinder findNearestMatch
WARNING: Unable to find an exact match for CDP version 131, returning the closest version; found: 130; Please update to a Selenium version that supports CDP version 131
]]></system-err>
  </testcase>
  <testcase name="runScenario[&quot;DS Algo Sign in Page with blank password&quot;, &quot;Login Feature&quot;](85)" classname="TestRunners.TestRunner" time="0.374">
    <system-out><![CDATA[
Scenario: DS Algo Sign in Page with valid username and invalid password                                                 &amp#27;[90m# src/test/resources/Features/LoginTestNav.feature:42&amp#27;[0m
]]></system-out>
  </testcase>
  <testcase name="runScenario[&quot;Validate user can open try editor page from Implementation of Queue in python&quot;, &quot;Queue Details page&quot;](90)" classname="TestRunners.TestRunner" time="7.889">
    <system-out><![CDATA[
Scenario: Error message displayed for invalid code on try editor for Implementation of Queue in python &amp#27;[90m# src/test/resources/Features/QueueDetails.feature:20&amp#27;[0m
[INFO ] 2024-12-09 22:23:31.367 [TestNG-PoolService-1] Hooks - ======================  New Test Execution is STARTED!! ======================
[INFO ] 2024-12-09 22:23:33.466 [TestNG-PoolService-2] Hooks - ======================  New Test Execution is STARTED!! ======================
[INFO ] 2024-12-09 22:23:33.710 [TestNG-PoolService-3] Hooks - ======================  New Test Execution is STARTED!! ======================
  &amp#27;[32mGiven &amp#27;[0m&amp#27;[32mThe user is on the DS Introduction page as signedIn&amp#27;[0m                             &amp#27;[90m# StepDefinitions.DSIntroductionDetails.the_user_is_on_the_ds_introduction_page_as_signed_in()&amp#27;[0m
  &amp#27;[32mAnd &amp#27;[0m&amp#27;[32mThe user clicks on Get started link for Queue&amp#27;[0m                                     &amp#27;[90m# StepDefinitions.QueueStepDefinitions.the_user_clicks_on_get_started_link_for_queue()&amp#27;[0m
  &amp#27;[32mGiven &amp#27;[0m&amp#27;[32mThe user on implementation Queue in python page&amp#27;[0m                                 &amp#27;[90m# StepDefinitions.QueueStepDefinitions.the_user_on_implementation_queue_in_python_page()&amp#27;[0m
  &amp#27;[32mGiven &amp#27;[0m&amp#27;[32mThe user is on the DS Introduction page as signedIn&amp#27;[0m                                            &amp#27;[90m# StepDefinitions.DSIntroductionDetails.the_user_is_on_the_ds_introduction_page_as_signed_in()&amp#27;[0m
  &amp#27;[32mGiven &amp#27;[0m&amp#27;[32mThe user is on the DS Introduction page as signedIn&amp#27;[0m                &amp#27;[90m# StepDefinitions.DSIntroductionDetails.the_user_is_on_the_ds_introduction_page_as_signed_in()&amp#27;[0m
  &amp#27;[32mAnd &amp#27;[0m&amp#27;[32mThe user clicks on Get started link for Queue&amp#27;[0m                                                    &amp#27;[90m# StepDefinitions.QueueStepDefinitions.the_user_clicks_on_get_started_link_for_queue()&amp#27;[0m
  &amp#27;[32mWhen &amp#27;[0m&amp#27;[32mUser clicks Try here link&amp#27;[0m                                                        &amp#27;[90m# StepDefinitions.DSIntroductionDetails.user_clicks_try_here_link()&amp#27;[0m
  &amp#27;[32mAnd &amp#27;[0m&amp#27;[32mThe user clicks on Get started link for Queue&amp#27;[0m                        &amp#27;[90m# StepDefinitions.QueueStepDefinitions.the_user_clicks_on_get_started_link_for_queue()&amp#27;[0m
  &amp#27;[32mThen &amp#27;[0m&amp#27;[32mUser should navigate to tryEditor page&amp#27;[0m                                           &amp#27;[90m# StepDefinitions.DSIntroductionDetails.user_should_navigate_to_try_editor_page()&amp#27;[0m
[INFO ] 2024-12-09 22:23:36.956 [TestNG-PoolService-1] Hooks - ======================  Test Execution is completed!! ======================
  &amp#27;[32mGiven &amp#27;[0m&amp#27;[32mThe user is on Queue Details page&amp#27;[0m                                  &amp#27;[90m# StepDefinitions.QueueStepDefinitions.the_user_is_on_queue_details_page()&amp#27;[0m
  &amp#27;[32mGiven &amp#27;[0m&amp#27;[32mThe user on implementation Queue in python page&amp#27;[0m                                                &amp#27;[90m# StepDefinitions.QueueStepDefinitions.the_user_on_implementation_queue_in_python_page()&amp#27;[0m
  &amp#27;[32mWhen &amp#27;[0m&amp#27;[32mThe user clicks on Implementation of Queue python link&amp#27;[0m              &amp#27;[90m# StepDefinitions.QueueStepDefinitions.the_user_clicks_on_implementation_of_queue_python_link()&amp#27;[0m
  &amp#27;[32mThen &amp#27;[0m&amp#27;[32mThe user is on the Implimentation of Queue in Python page&amp#27;[0m           &amp#27;[90m# StepDefinitions.QueueStepDefinitions.the_user_is_on_the_implimentation_of_queue_in_python_page()&amp#27;[0m
[INFO ] 2024-12-09 22:23:37.594 [TestNG-PoolService-2] Hooks - ======================  Test Execution is completed!! ======================
  &amp#27;[32mAnd &amp#27;[0m&amp#27;[32mUser clicks Try here link&amp#27;[0m                                                                        &amp#27;[90m# StepDefinitions.DSIntroductionDetails.user_clicks_try_here_link()&amp#27;[0m
  &amp#27;[32mWhen &amp#27;[0m&amp#27;[32mThe user write the invalid code in Editor&amp#27;[0m                                                       &amp#27;[90m# StepDefinitions.DSIntroductionDetails.the_user_write_the_invalid_code_in_editor()&amp#27;[0m
  &amp#27;[32mAnd &amp#27;[0m&amp#27;[32mClick the Run button&amp#27;[0m                                                                             &amp#27;[90m# StepDefinitions.DSIntroductionDetails.click_the_run_button()&amp#27;[0m
  &amp#27;[32mThen &amp#27;[0m&amp#27;[32mThe user should able to see an error message in alert window&amp#27;[0m                                    &amp#27;[90m# StepDefinitions.DSIntroductionDetails.the_user_should_able_to_see_an_error_message_in_alert_window()&amp#27;[0m
[INFO ] 2024-12-09 22:23:38.170 [TestNG-PoolService-3] Hooks - ======================  Test Execution is completed!! ======================
]]></system-out>
    <system-err><![CDATA[Dec 09, 2024 10:23:31 PM org.openqa.selenium.devtools.CdpVersionFinder findNearestMatch
WARNING: Unable to find an exact match for CDP version 131, returning the closest version; found: 130; Please update to a Selenium version that supports CDP version 131
Dec 09, 2024 10:23:31 PM org.openqa.selenium.devtools.CdpVersionFinder findNearestMatch
WARNING: Unable to find an exact match for CDP version 131, returning the closest version; found: 130; Please update to a Selenium version that supports CDP version 131
Dec 09, 2024 10:23:33 PM org.openqa.selenium.devtools.CdpVersionFinder findNearestMatch
WARNING: Unable to find an exact match for CDP version 131, returning the closest version; found: 130; Please update to a Selenium version that supports CDP version 131
]]></system-err>
  </testcase>
  <testcase name="runScenario[&quot;Validate user can navigate to Implementations of Queue in Python&quot;, &quot;Queue Details page&quot;](91)" classname="TestRunners.TestRunner" time="0.618">
    <system-out><![CDATA[
Scenario: No error message displayed for empty code on try editor for Implementation of Queue in python &amp#27;[90m# src/test/resources/Features/QueueDetails.feature:27&amp#27;[0m
]]></system-out>
  </testcase>
  <testcase name="runScenario[&quot;No error message displayed for empty code on try editor for Implementation using collections.deque&quot;, &quot;Queue Details page&quot;](97)" classname="TestRunners.TestRunner" time="4.819">
    <system-out><![CDATA[
Scenario: Valid code on try editor for Implementation using collections.deque runs successfully &amp#27;[90m# src/test/resources/Features/QueueDetails.feature:64&amp#27;[0m
  &amp#27;[32mGiven &amp#27;[0m&amp#27;[32mThe user is on the DS Introduction page as signedIn&amp#27;[0m                                                  &amp#27;[90m# StepDefinitions.DSIntroductionDetails.the_user_is_on_the_ds_introduction_page_as_signed_in()&amp#27;[0m
[INFO ] 2024-12-09 22:23:54.904 [TestNG-PoolService-1] Hooks - ======================  New Test Execution is STARTED!! ======================
  &amp#27;[32mAnd &amp#27;[0m&amp#27;[32mThe user clicks on Get started link for Queue&amp#27;[0m                                                          &amp#27;[90m# StepDefinitions.QueueStepDefinitions.the_user_clicks_on_get_started_link_for_queue()&amp#27;[0m
  &amp#27;[32mGiven &amp#27;[0m&amp#27;[32mThe user on Implementation using collection.deque in python page&amp#27;[0m                                     &amp#27;[90m# StepDefinitions.QueueStepDefinitions.the_user_on_implementation_using_collection_deque_in_python_page()&amp#27;[0m
  &amp#27;[32mGiven &amp#27;[0m&amp#27;[32mThe user is on the DS Introduction page as signedIn&amp#27;[0m                                                 &amp#27;[90m# StepDefinitions.DSIntroductionDetails.the_user_is_on_the_ds_introduction_page_as_signed_in()&amp#27;[0m
  &amp#27;[32mAnd &amp#27;[0m&amp#27;[32mThe user clicks on Get started link for Queue&amp#27;[0m                                                         &amp#27;[90m# StepDefinitions.QueueStepDefinitions.the_user_clicks_on_get_started_link_for_queue()&amp#27;[0m
  &amp#27;[32mAnd &amp#27;[0m&amp#27;[32mUser clicks Try here link&amp#27;[0m                                                                              &amp#27;[90m# StepDefinitions.DSIntroductionDetails.user_clicks_try_here_link()&amp#27;[0m
  &amp#27;[32mGiven &amp#27;[0m&amp#27;[32mThe user on Implementation using collection.deque in python page&amp#27;[0m                                    &amp#27;[90m# StepDefinitions.QueueStepDefinitions.the_user_on_implementation_using_collection_deque_in_python_page()&amp#27;[0m
  &amp#27;[32mWhen &amp#27;[0m&amp#27;[32mClick the Run button&amp#27;[0m                                                                                  &amp#27;[90m# StepDefinitions.DSIntroductionDetails.click_the_run_button()&amp#27;[0m
  &amp#27;[32mThen &amp#27;[0m&amp#27;[32mThe user should not see any error message or alert&amp#27;[0m                                                    &amp#27;[90m# StepDefinitions.DSIntroductionDetails.the_user_should_not_see_any_error_message_or_alert()&amp#27;[0m
[INFO ] 2024-12-09 22:23:56.587 [TestNG-PoolService-3] Hooks - ======================  Test Execution is completed!! ======================
  &amp#27;[32mAnd &amp#27;[0m&amp#27;[32mUser clicks Try here link&amp#27;[0m                                                                             &amp#27;[90m# StepDefinitions.DSIntroductionDetails.user_clicks_try_here_link()&amp#27;[0m
  &amp#27;[31mWhen &amp#27;[0m&amp#27;[31mThe user write the invalid code in Editor&amp#27;[0m                                                            &amp#27;[90m# StepDefinitions.DSIntroductionDetails.the_user_write_the_invalid_code_in_editor()&amp#27;[0m
      &amp#27;[31morg.openqa.selenium.ElementNotInteractableException: element not interactable
  (Session info: MicrosoftEdge=131.0.2903.86)
Build info: version: '4.26.0', revision: '8ccf0219d7'
System info: os.name: 'Windows 11', os.arch: 'amd64', os.version: '10.0', java.version: '21.0.5'
Driver info: org.openqa.selenium.edge.EdgeDriver
Command: [4af78b88ea3bd84046d4b75167e767e4, sendKeysToElement {value=[Ljava.lang.CharSequence;@513c0291, id=f.FC115BFCDFB71CEB81810F70E3F91892.d.C7B4C1D8491D8EC9DF82EE3A887F4055.e.39}]
Capabilities {acceptInsecureCerts: false, browserName: MicrosoftEdge, browserVersion: 131.0.2903.86, fedcm:accounts: true, ms:edgeOptions: {debuggerAddress: localhost:62735}, msedge: {msedgedriverVersion: 131.0.2903.86 (cf5bf303997c..., userDataDir: C:\Users\vamsh\AppData\Loca...}, networkConnectionEnabled: false, pageLoadStrategy: normal, platformName: windows, proxy: Proxy(), se:cdp: ws://localhost:62735/devtoo..., se:cdpVersion: 131.0.2903.86, setWindowRect: true, strictFileInteractability: false, timeouts: {implicit: 0, pageLoad: 300000, script: 30000}, unhandledPromptBehavior: dismiss and notify, webauthn:extension:credBlob: true, webauthn:extension:largeBlob: true, webauthn:extension:minPinLength: true, webauthn:extension:prf: true, webauthn:virtualAuthenticators: true}
Element: [[EdgeDriver: MicrosoftEdge on windows (4af78b88ea3bd84046d4b75167e767e4)] -> css selector: .CodeMirror textarea]
Session ID: 4af78b88ea3bd84046d4b75167e767e4
	at java.base/jdk.internal.reflect.DirectConstructorHandleAccessor.newInstance(DirectConstructorHandleAccessor.java:62)
	at java.base/java.lang.reflect.Constructor.newInstanceWithCaller(Constructor.java:502)
	at java.base/java.lang.reflect.Constructor.newInstance(Constructor.java:486)
	at org.openqa.selenium.remote.ErrorCodec.decode(ErrorCodec.java:167)
	at org.openqa.selenium.remote.codec.w3c.W3CHttpResponseCodec.decode(W3CHttpResponseCodec.java:138)
	at org.openqa.selenium.remote.codec.w3c.W3CHttpResponseCodec.decode(W3CHttpResponseCodec.java:50)
	at org.openqa.selenium.remote.HttpCommandExecutor.execute(HttpCommandExecutor.java:190)
	at org.openqa.selenium.remote.service.DriverCommandExecutor.invokeExecute(DriverCommandExecutor.java:216)
	at org.openqa.selenium.remote.service.DriverCommandExecutor.execute(DriverCommandExecutor.java:174)
	at org.openqa.selenium.remote.RemoteWebDriver.execute(RemoteWebDriver.java:545)
	at org.openqa.selenium.remote.RemoteWebElement.execute(RemoteWebElement.java:223)
	at org.openqa.selenium.remote.RemoteWebElement.sendKeys(RemoteWebElement.java:110)
	at PageObjects.IntroductionPage.enterCodeInEditor(IntroductionPage.java:146)
	at StepDefinitions.DSIntroductionDetails.the_user_write_the_invalid_code_in_editor(DSIntroductionDetails.java:138)
	at ✽.The user write the invalid code in Editor(file:///C:/Projects/Repo1/src/test/resources/Features/QueueDetails.feature:54)
&amp#27;[0m
  &amp#27;[36mAnd &amp#27;[0m&amp#27;[36mClick the Run button&amp#27;[0m                                                                                  &amp#27;[90m# StepDefinitions.DSIntroductionDetails.click_the_run_button()&amp#27;[0m
  &amp#27;[36mThen &amp#27;[0m&amp#27;[36mThe user should able to see an error message in alert window&amp#27;[0m                                         &amp#27;[90m# StepDefinitions.DSIntroductionDetails.the_user_should_able_to_see_an_error_message_in_alert_window()&amp#27;[0m
[ERROR] 2024-12-09 22:23:57.420 [TestNG-PoolService-2] Hooks - ======================  TEST CASE FAILED !! ======================

    Embedding screenshot [image/png 7890 bytes]

[INFO ] 2024-12-09 22:23:57.572 [TestNG-PoolService-2] Hooks - ======================  Screenshot is captured  ======================
[INFO ] 2024-12-09 22:23:57.575 [TestNG-PoolService-2] Hooks - ======================  Test Execution is completed!! ======================
  &amp#27;[32mGiven &amp#27;[0m&amp#27;[32mThe user is on the DS Introduction page as signedIn&amp#27;[0m                                     &amp#27;[90m# StepDefinitions.DSIntroductionDetails.the_user_is_on_the_ds_introduction_page_as_signed_in()&amp#27;[0m
  &amp#27;[32mAnd &amp#27;[0m&amp#27;[32mThe user clicks on Get started link for Queue&amp#27;[0m                                             &amp#27;[90m# StepDefinitions.QueueStepDefinitions.the_user_clicks_on_get_started_link_for_queue()&amp#27;[0m
]]></system-out>
    <system-err><![CDATA[Dec 09, 2024 10:23:54 PM org.openqa.selenium.devtools.CdpVersionFinder findNearestMatch
WARNING: Unable to find an exact match for CDP version 131, returning the closest version; found: 130; Please update to a Selenium version that supports CDP version 131
]]></system-err>
  </testcase>
  <testcase name="runScenario[&quot;Error message displayed for invalid code on try editor for Implementation using collections.deque&quot;, &quot;Queue Details page&quot;](98)" classname="TestRunners.TestRunner" time="0.861">
    <failure message="element not interactable&#10;  (Session info: MicrosoftEdge=131.0.2903.86)&#10;Build info: version: &apos;4.26.0&apos;, revision: &apos;8ccf0219d7&apos;&#10;System info: os.name: &apos;Windows 11&apos;, os.arch: &apos;amd64&apos;, os.version: &apos;10.0&apos;, java.version: &apos;21.0.5&apos;&#10;Driver info: org.openqa.selenium.edge.EdgeDriver&#10;Command: [4af78b88ea3bd84046d4b75167e767e4, sendKeysToElement {value=[Ljava.lang.CharSequence;@513c0291, id=f.FC115BFCDFB71CEB81810F70E3F91892.d.C7B4C1D8491D8EC9DF82EE3A887F4055.e.39}]&#10;Capabilities {acceptInsecureCerts: false, browserName: MicrosoftEdge, browserVersion: 131.0.2903.86, fedcm:accounts: true, ms:edgeOptions: {debuggerAddress: localhost:62735}, msedge: {msedgedriverVersion: 131.0.2903.86 (cf5bf303997c..., userDataDir: C:\Users\vamsh\AppData\Loca...}, networkConnectionEnabled: false, pageLoadStrategy: normal, platformName: windows, proxy: Proxy(), se:cdp: ws://localhost:62735/devtoo..., se:cdpVersion: 131.0.2903.86, setWindowRect: true, strictFileInteractability: false, timeouts: {implicit: 0, pageLoad: 300000, script: 30000}, unhandledPromptBehavior: dismiss and notify, webauthn:extension:credBlob: true, webauthn:extension:largeBlob: true, webauthn:extension:minPinLength: true, webauthn:extension:prf: true, webauthn:virtualAuthenticators: true}&#10;Element: [[EdgeDriver: MicrosoftEdge on windows (4af78b88ea3bd84046d4b75167e767e4)] -&gt; css selector: .CodeMirror textarea]&#10;Session ID: 4af78b88ea3bd84046d4b75167e767e4" type="org.openqa.selenium.ElementNotInteractableException"><![CDATA[org.openqa.selenium.ElementNotInteractableException: 
element not interactable
  (Session info: MicrosoftEdge=131.0.2903.86)
Build info: version: '4.26.0', revision: '8ccf0219d7'
System info: os.name: 'Windows 11', os.arch: 'amd64', os.version: '10.0', java.version: '21.0.5'
Driver info: org.openqa.selenium.edge.EdgeDriver
Command: [4af78b88ea3bd84046d4b75167e767e4, sendKeysToElement {value=[Ljava.lang.CharSequence;@513c0291, id=f.FC115BFCDFB71CEB81810F70E3F91892.d.C7B4C1D8491D8EC9DF82EE3A887F4055.e.39}]
Capabilities {acceptInsecureCerts: false, browserName: MicrosoftEdge, browserVersion: 131.0.2903.86, fedcm:accounts: true, ms:edgeOptions: {debuggerAddress: localhost:62735}, msedge: {msedgedriverVersion: 131.0.2903.86 (cf5bf303997c..., userDataDir: C:\Users\vamsh\AppData\Loca...}, networkConnectionEnabled: false, pageLoadStrategy: normal, platformName: windows, proxy: Proxy(), se:cdp: ws://localhost:62735/devtoo..., se:cdpVersion: 131.0.2903.86, setWindowRect: true, strictFileInteractability: false, timeouts: {implicit: 0, pageLoad: 300000, script: 30000}, unhandledPromptBehavior: dismiss and notify, webauthn:extension:credBlob: true, webauthn:extension:largeBlob: true, webauthn:extension:minPinLength: true, webauthn:extension:prf: true, webauthn:virtualAuthenticators: true}
Element: [[EdgeDriver: MicrosoftEdge on windows (4af78b88ea3bd84046d4b75167e767e4)] -> css selector: .CodeMirror textarea]
Session ID: 4af78b88ea3bd84046d4b75167e767e4
]]></failure>
    <system-out><![CDATA[
Scenario: Validate user can navigate to Implementation using collections.deque &amp#27;[90m# src/test/resources/Features/QueueDetails.feature:71&amp#27;[0m
  &amp#27;[32mGiven &amp#27;[0m&amp#27;[32mThe user on Implementation using collection.deque in python page&amp#27;[0m                        &amp#27;[90m# StepDefinitions.QueueStepDefinitions.the_user_on_implementation_using_collection_deque_in_python_page()&amp#27;[0m
]]></system-out>
  </testcase>
  <testcase name="runScenario[&quot;Validate user can navigate to Implementation using collections.deque&quot;, &quot;Queue Details page&quot;](105)" classname="TestRunners.TestRunner" time="1.507">
    <system-out><![CDATA[
Scenario: Error message displayed for invalid code on try editor for Implementation using collections.deque &amp#27;[90m# src/test/resources/Features/QueueDetails.feature:111&amp#27;[0m
  &amp#27;[32mWhen &amp#27;[0m&amp#27;[32mThe user click on Implementation using array link&amp#27;[0m                       &amp#27;[90m# StepDefinitions.QueueStepDefinitions.the_user_click_on_implementation_using_array_link()&amp#27;[0m
  &amp#27;[32mThen &amp#27;[0m&amp#27;[32mthe user is navigated to Implementation using array page&amp#27;[0m                &amp#27;[90m# StepDefinitions.QueueStepDefinitions.the_user_is_navigated_to_implementation_using_array_page()&amp#27;[0m
[INFO ] 2024-12-09 22:24:17.408 [TestNG-PoolService-1] Hooks - ======================  Test Execution is completed!! ======================
[INFO ] 2024-12-09 22:24:18.457 [TestNG-PoolService-3] Hooks - ======================  New Test Execution is STARTED!! ======================
]]></system-out>
    <system-err><![CDATA[Dec 09, 2024 10:24:18 PM org.openqa.selenium.devtools.CdpVersionFinder findNearestMatch
WARNING: Unable to find an exact match for CDP version 131, returning the closest version; found: 130; Please update to a Selenium version that supports CDP version 131
]]></system-err>
  </testcase>
  <testcase name="runScenario[&quot;New user registration page on registration with different passwords entered in password and confirm password fields&quot;, &quot;Registration&quot;](116)" classname="TestRunners.TestRunner" time="3.546">
    <system-out><![CDATA[
Scenario Outline: New user registration page where login button is clicked &amp#27;[90m# src/test/resources/Features/Registration.feature:67&amp#27;[0m
  &amp#27;[32mGiven &amp#27;[0m&amp#27;[32mThe user is on the new user registration page&amp#27;[0m                                                                                                           &amp#27;[90m# StepDefinitions.Registration.the_user_is_on_the_new_user_registration_page()&amp#27;[0m
[INFO ] 2024-12-09 22:24:48.751 [TestNG-PoolService-3] Hooks - ======================  New Test Execution is STARTED!! ======================
  &amp#27;[32mWhen &amp#27;[0m&amp#27;[32mThe user clicks Register button after entering different passwords in Password and Password Confirmation fields form from sheetname &amp#27;[0m&amp#27;[32m&amp#27;[1m"register"&amp#27;[0m&amp#27;[32m and row &amp#27;[0m&amp#27;[32m&amp#27;[1m6&amp#27;[0m &amp#27;[90m# StepDefinitions.Registration.the_user_clicks_register_button_after_entering_different_passwords_in_password_and_password_confirmation_fields_on_registration_form_from_sheetname(java.lang.String,java.lang.Integer)&amp#27;[0m
  &amp#27;[32mThen &amp#27;[0m&amp#27;[32mThe user is displayed with a warning message password_mismatch:The two password fields didn’t match.&amp#27;[0m                                                     &amp#27;[90m# StepDefinitions.Registration.the_user_is_displayed_with_a_warning_message_password_mismatch_the_two_password_fields_didn_t_match()&amp#27;[0m
[INFO ] 2024-12-09 22:24:49.204 [TestNG-PoolService-2] Hooks - ======================  Test Execution is completed!! ======================
  &amp#27;[32mGiven &amp#27;[0m&amp#27;[32mThe user is on the new user registration page&amp#27;[0m                                                                                                    &amp#27;[90m# StepDefinitions.Registration.the_user_is_on_the_new_user_registration_page()&amp#27;[0m
  &amp#27;[32mWhen &amp#27;[0m&amp#27;[32mThe user clicks Register button after user fills registration form from sheetname &amp#27;[0m&amp#27;[32m&amp#27;[1m"register"&amp#27;[0m&amp#27;[32m and row &amp#27;[0m&amp#27;[32m&amp#27;[1m7&amp#27;[0m                                            &amp#27;[90m# StepDefinitions.Registration.the_user_clicks_register_button_after_user_fills_registration_form_from_sheetname_and_row(java.lang.String,java.lang.Integer)&amp#27;[0m
]]></system-out>
    <system-err><![CDATA[Dec 09, 2024 10:24:48 PM org.openqa.selenium.devtools.CdpVersionFinder findNearestMatch
WARNING: Unable to find an exact match for CDP version 131, returning the closest version; found: 130; Please update to a Selenium version that supports CDP version 131
]]></system-err>
  </testcase>
  <testcase name="runScenario[&quot;New user registration page with all valid credentials entered&quot;, &quot;Registration&quot;](117)" classname="TestRunners.TestRunner" time="1.585">
    <failure message="expected [New Account Created. You are logged in as 11111dddfrtfg] but found [password_mismatch:The two password fields didn’t match.]" type="java.lang.AssertionError"><![CDATA[java.lang.AssertionError: expected [New Account Created. You are logged in as 11111dddfrtfg] but found [password_mismatch:The two password fields didn’t match.]
]]></failure>
    <system-out><![CDATA[
Scenario Outline: New user registration page where SignIn button is clicked &amp#27;[90m# src/test/resources/Features/Registration.feature:71&amp#27;[0m
  &amp#27;[31mThen &amp#27;[0m&amp#27;[31mThe user is redirected to Home Page of DS Algo with success message - New Account Created. You are logged in as username on the DS Algo Home Page&amp#27;[0m &amp#27;[90m# StepDefinitions.Registration.the_user_is_redirected_to_home_page_of_ds_algo_with_success_message_new_account_created_you_are_logged_in_as_username_on_the_ds_algo_home_page()&amp#27;[0m
      &amp#27;[31mjava.lang.AssertionError: expected [New Account Created. You are logged in as 11111dddfrtfg] but found [password_mismatch:The two password fields didn’t match.]
	at org.testng.Assert.fail(Assert.java:111)
	at org.testng.Assert.failNotEquals(Assert.java:1578)
	at org.testng.Assert.assertEqualsImpl(Assert.java:150)
	at org.testng.Assert.assertEquals(Assert.java:132)
	at org.testng.Assert.assertEquals(Assert.java:656)
	at org.testng.Assert.assertEquals(Assert.java:666)
	at StepDefinitions.Registration.the_user_is_redirected_to_home_page_of_ds_algo_with_success_message_new_account_created_you_are_logged_in_as_username_on_the_ds_algo_home_page(Registration.java:171)
	at ✽.The user is redirected to Home Page of DS Algo with success message - New Account Created. You are logged in as username on the DS Algo Home Page(file:///C:/Projects/Repo1/src/test/resources/Features/Registration.feature:62)
&amp#27;[0m
[ERROR] 2024-12-09 22:24:50.616 [TestNG-PoolService-1] Hooks - ======================  TEST CASE FAILED !! ======================

    Embedding screenshot [image/png 37391 bytes]

[INFO ] 2024-12-09 22:24:50.788 [TestNG-PoolService-1] Hooks - ======================  Screenshot is captured  ======================
[INFO ] 2024-12-09 22:24:50.789 [TestNG-PoolService-1] Hooks - ======================  Test Execution is completed!! ======================
  &amp#27;[32mGiven &amp#27;[0m&amp#27;[32mThe user is on the new user registration page&amp#27;[0m                      &amp#27;[90m# StepDefinitions.Registration.the_user_is_on_the_new_user_registration_page()&amp#27;[0m
  &amp#27;[32mWhen &amp#27;[0m&amp#27;[32mUser clicks on login button from registration page&amp#27;[0m                  &amp#27;[90m# StepDefinitions.Registration.user_clicks_on_login_button_from_registration_page()&amp#27;[0m
  &amp#27;[32mThen &amp#27;[0m&amp#27;[32muser lands on login page&amp#27;[0m                                            &amp#27;[90m# StepDefinitions.Registration.user_lands_on_login_page()&amp#27;[0m
[INFO ] 2024-12-09 22:24:51.385 [TestNG-PoolService-3] Hooks - ======================  Test Execution is completed!! ======================
]]></system-out>
  </testcase>
  <testcase name="runScenario[&quot;DS_algo Home page&quot;, &quot;Tree&quot;](135)" classname="TestRunners.TestRunner" time="6.6">
    <system-out><![CDATA[
Scenario: Tree home page                                    &amp#27;[90m# src/test/resources/Features/Tree.feature:11&amp#27;[0m
[INFO ] 2024-12-09 22:25:42.235 [TestNG-PoolService-3] Hooks - ======================  New Test Execution is STARTED!! ======================
[INFO ] 2024-12-09 22:25:44.782 [TestNG-PoolService-2] Hooks - ======================  New Test Execution is STARTED!! ======================
  &amp#27;[32mGiven &amp#27;[0m&amp#27;[32mThe user is on the DS Introduction page as signedIn&amp#27;[0m           &amp#27;[90m# StepDefinitions.DSIntroductionDetails.the_user_is_on_the_ds_introduction_page_as_signed_in()&amp#27;[0m
  &amp#27;[32mAnd &amp#27;[0m&amp#27;[32mThe user clicks on Get Started link for stack&amp#27;[0m                   &amp#27;[90m# StepDefinitions.StackStepDefinitions.the_user_clicks_on_get_started_link_for_stack()&amp#27;[0m
  &amp#27;[32mGiven &amp#27;[0m&amp#27;[32mThe user is on the DS Introduction page as signedIn&amp#27;[0m       &amp#27;[90m# StepDefinitions.DSIntroductionDetails.the_user_is_on_the_ds_introduction_page_as_signed_in()&amp#27;[0m
  &amp#27;[32mGiven &amp#27;[0m&amp#27;[32mThe user is on the Applications page&amp#27;[0m                          &amp#27;[90m# StepDefinitions.StackStepDefinitions.the_user_is_on_the_applications_page()&amp#27;[0m
  &amp#27;[32mAnd &amp#27;[0m&amp#27;[32mUser clicks on Get Started button from Tree panel&amp#27;[0m           &amp#27;[90m# StepDefinitions.Tree.user_clicks_on_get_started_button_from_tree_panel()&amp#27;[0m
  &amp#27;[32mWhen &amp#27;[0m&amp#27;[32mThe user select Tree from the Data Structure dropdown menu&amp#27;[0m &amp#27;[90m# StepDefinitions.Tree.the_user_select_tree_from_the_data_structure_dropdown_menu()&amp#27;[0m
  &amp#27;[32mThen &amp#27;[0m&amp#27;[32mThe user is redirected to Tree page.&amp#27;[0m                       &amp#27;[90m# StepDefinitions.Tree.the_user_is_redirected_to_tree_page()&amp#27;[0m
[INFO ] 2024-12-09 22:25:46.731 [TestNG-PoolService-3] Hooks - ======================  Test Execution is completed!! ======================
  &amp#27;[32mAnd &amp#27;[0m&amp#27;[32mUser clicks Try here link&amp#27;[0m                                       &amp#27;[90m# StepDefinitions.DSIntroductionDetails.user_clicks_try_here_link()&amp#27;[0m
  &amp#27;[31mWhen &amp#27;[0m&amp#27;[31mThe user write the valid code in Editor&amp#27;[0m                        &amp#27;[90m# StepDefinitions.DSIntroductionDetails.the_user_write_the_valid_code_in_editor()&amp#27;[0m
      &amp#27;[31morg.openqa.selenium.ElementNotInteractableException: element not interactable
  (Session info: MicrosoftEdge=131.0.2903.86)
Build info: version: '4.26.0', revision: '8ccf0219d7'
System info: os.name: 'Windows 11', os.arch: 'amd64', os.version: '10.0', java.version: '21.0.5'
Driver info: org.openqa.selenium.edge.EdgeDriver
Command: [7d0285a0aa17ab02820663c421eee648, sendKeysToElement {value=[Ljava.lang.CharSequence;@60a94320, id=f.8A136DFCC52422625FE266B79A365478.d.AE0A92E0DC5ACFB027D4C1D9F74B63C6.e.39}]
Capabilities {acceptInsecureCerts: false, browserName: MicrosoftEdge, browserVersion: 131.0.2903.86, fedcm:accounts: true, ms:edgeOptions: {debuggerAddress: localhost:64275}, msedge: {msedgedriverVersion: 131.0.2903.86 (cf5bf303997c..., userDataDir: C:\Users\vamsh\AppData\Loca...}, networkConnectionEnabled: false, pageLoadStrategy: normal, platformName: windows, proxy: Proxy(), se:cdp: ws://localhost:64275/devtoo..., se:cdpVersion: 131.0.2903.86, setWindowRect: true, strictFileInteractability: false, timeouts: {implicit: 0, pageLoad: 300000, script: 30000}, unhandledPromptBehavior: dismiss and notify, webauthn:extension:credBlob: true, webauthn:extension:largeBlob: true, webauthn:extension:minPinLength: true, webauthn:extension:prf: true, webauthn:virtualAuthenticators: true}
Element: [[EdgeDriver: MicrosoftEdge on windows (7d0285a0aa17ab02820663c421eee648)] -> css selector: .CodeMirror textarea]
Session ID: 7d0285a0aa17ab02820663c421eee648
	at java.base/jdk.internal.reflect.DirectConstructorHandleAccessor.newInstance(DirectConstructorHandleAccessor.java:62)
	at java.base/java.lang.reflect.Constructor.newInstanceWithCaller(Constructor.java:502)
	at java.base/java.lang.reflect.Constructor.newInstance(Constructor.java:486)
	at org.openqa.selenium.remote.ErrorCodec.decode(ErrorCodec.java:167)
	at org.openqa.selenium.remote.codec.w3c.W3CHttpResponseCodec.decode(W3CHttpResponseCodec.java:138)
	at org.openqa.selenium.remote.codec.w3c.W3CHttpResponseCodec.decode(W3CHttpResponseCodec.java:50)
	at org.openqa.selenium.remote.HttpCommandExecutor.execute(HttpCommandExecutor.java:190)
	at org.openqa.selenium.remote.service.DriverCommandExecutor.invokeExecute(DriverCommandExecutor.java:216)
	at org.openqa.selenium.remote.service.DriverCommandExecutor.execute(DriverCommandExecutor.java:174)
	at org.openqa.selenium.remote.RemoteWebDriver.execute(RemoteWebDriver.java:545)
	at org.openqa.selenium.remote.RemoteWebElement.execute(RemoteWebElement.java:223)
	at org.openqa.selenium.remote.RemoteWebElement.sendKeys(RemoteWebElement.java:110)
	at PageObjects.IntroductionPage.enterCodeInEditor(IntroductionPage.java:146)
	at StepDefinitions.DSIntroductionDetails.the_user_write_the_valid_code_in_editor(DSIntroductionDetails.java:158)
	at ✽.The user write the valid code in Editor(file:///C:/Projects/Repo1/src/test/resources/Features/StackPage.feature:97)
&amp#27;[0m
  &amp#27;[36mAnd &amp#27;[0m&amp#27;[36mClick the Run button&amp#27;[0m                                            &amp#27;[90m# StepDefinitions.DSIntroductionDetails.click_the_run_button()&amp#27;[0m
  &amp#27;[36mThen &amp#27;[0m&amp#27;[36mThe user should able to see output in the console&amp#27;[0m              &amp#27;[90m# StepDefinitions.DSIntroductionDetails.the_user_should_able_to_see_output_in_the_console()&amp#27;[0m
[ERROR] 2024-12-09 22:25:47.017 [TestNG-PoolService-1] Hooks - ======================  TEST CASE FAILED !! ======================

    Embedding screenshot [image/png 7890 bytes]

[INFO ] 2024-12-09 22:25:47.185 [TestNG-PoolService-1] Hooks - ======================  Screenshot is captured  ======================
[INFO ] 2024-12-09 22:25:47.186 [TestNG-PoolService-1] Hooks - ======================  Test Execution is completed!! ======================
  &amp#27;[32mGiven &amp#27;[0m&amp#27;[32mThe user is on the DS Introduction page as signedIn&amp#27;[0m &amp#27;[90m# StepDefinitions.DSIntroductionDetails.the_user_is_on_the_ds_introduction_page_as_signed_in()&amp#27;[0m
]]></system-out>
    <system-err><![CDATA[Dec 09, 2024 10:25:42 PM org.openqa.selenium.devtools.CdpVersionFinder findNearestMatch
WARNING: Unable to find an exact match for CDP version 131, returning the closest version; found: 130; Please update to a Selenium version that supports CDP version 131
Dec 09, 2024 10:25:44 PM org.openqa.selenium.devtools.CdpVersionFinder findNearestMatch
WARNING: Unable to find an exact match for CDP version 131, returning the closest version; found: 130; Please update to a Selenium version that supports CDP version 131
]]></system-err>
  </testcase>
  <testcase name="runScenario[&quot;Valid code on try editor for Applications runs successfully&quot;, &quot;Stack page&quot;](136)" classname="TestRunners.TestRunner" time="0.492">
    <failure message="element not interactable&#10;  (Session info: MicrosoftEdge=131.0.2903.86)&#10;Build info: version: &apos;4.26.0&apos;, revision: &apos;8ccf0219d7&apos;&#10;System info: os.name: &apos;Windows 11&apos;, os.arch: &apos;amd64&apos;, os.version: &apos;10.0&apos;, java.version: &apos;21.0.5&apos;&#10;Driver info: org.openqa.selenium.edge.EdgeDriver&#10;Command: [7d0285a0aa17ab02820663c421eee648, sendKeysToElement {value=[Ljava.lang.CharSequence;@60a94320, id=f.8A136DFCC52422625FE266B79A365478.d.AE0A92E0DC5ACFB027D4C1D9F74B63C6.e.39}]&#10;Capabilities {acceptInsecureCerts: false, browserName: MicrosoftEdge, browserVersion: 131.0.2903.86, fedcm:accounts: true, ms:edgeOptions: {debuggerAddress: localhost:64275}, msedge: {msedgedriverVersion: 131.0.2903.86 (cf5bf303997c..., userDataDir: C:\Users\vamsh\AppData\Loca...}, networkConnectionEnabled: false, pageLoadStrategy: normal, platformName: windows, proxy: Proxy(), se:cdp: ws://localhost:64275/devtoo..., se:cdpVersion: 131.0.2903.86, setWindowRect: true, strictFileInteractability: false, timeouts: {implicit: 0, pageLoad: 300000, script: 30000}, unhandledPromptBehavior: dismiss and notify, webauthn:extension:credBlob: true, webauthn:extension:largeBlob: true, webauthn:extension:minPinLength: true, webauthn:extension:prf: true, webauthn:virtualAuthenticators: true}&#10;Element: [[EdgeDriver: MicrosoftEdge on windows (7d0285a0aa17ab02820663c421eee648)] -&gt; css selector: .CodeMirror textarea]&#10;Session ID: 7d0285a0aa17ab02820663c421eee648" type="org.openqa.selenium.ElementNotInteractableException"><![CDATA[org.openqa.selenium.ElementNotInteractableException: 
element not interactable
  (Session info: MicrosoftEdge=131.0.2903.86)
Build info: version: '4.26.0', revision: '8ccf0219d7'
System info: os.name: 'Windows 11', os.arch: 'amd64', os.version: '10.0', java.version: '21.0.5'
Driver info: org.openqa.selenium.edge.EdgeDriver
Command: [7d0285a0aa17ab02820663c421eee648, sendKeysToElement {value=[Ljava.lang.CharSequence;@60a94320, id=f.8A136DFCC52422625FE266B79A365478.d.AE0A92E0DC5ACFB027D4C1D9F74B63C6.e.39}]
Capabilities {acceptInsecureCerts: false, browserName: MicrosoftEdge, browserVersion: 131.0.2903.86, fedcm:accounts: true, ms:edgeOptions: {debuggerAddress: localhost:64275}, msedge: {msedgedriverVersion: 131.0.2903.86 (cf5bf303997c..., userDataDir: C:\Users\vamsh\AppData\Loca...}, networkConnectionEnabled: false, pageLoadStrategy: normal, platformName: windows, proxy: Proxy(), se:cdp: ws://localhost:64275/devtoo..., se:cdpVersion: 131.0.2903.86, setWindowRect: true, strictFileInteractability: false, timeouts: {implicit: 0, pageLoad: 300000, script: 30000}, unhandledPromptBehavior: dismiss and notify, webauthn:extension:credBlob: true, webauthn:extension:largeBlob: true, webauthn:extension:minPinLength: true, webauthn:extension:prf: true, webauthn:virtualAuthenticators: true}
Element: [[EdgeDriver: MicrosoftEdge on windows (7d0285a0aa17ab02820663c421eee648)] -> css selector: .CodeMirror textarea]
Session ID: 7d0285a0aa17ab02820663c421eee648
]]></failure>
    <system-out><![CDATA[
Scenario: Overview of Trees                                          &amp#27;[90m# src/test/resources/Features/Tree.feature:15&amp#27;[0m
  &amp#27;[32mAnd &amp#27;[0m&amp#27;[32mUser clicks on Get Started button from Tree panel&amp#27;[0m     &amp#27;[90m# StepDefinitions.Tree.user_clicks_on_get_started_button_from_tree_panel()&amp#27;[0m
  &amp#27;[32mWhen &amp#27;[0m&amp#27;[32mThe user clicks Overview of Trees link&amp#27;[0m               &amp#27;[90m# StepDefinitions.Tree.the_user_clicks_overview_of_trees_link()&amp#27;[0m
  &amp#27;[32mThen &amp#27;[0m&amp#27;[32mThe user is redirected to Overview of Trees page.&amp#27;[0m    &amp#27;[90m# StepDefinitions.Tree.the_user_is_redirected_to_overview_of_trees_page()&amp#27;[0m
[INFO ] 2024-12-09 22:25:48.524 [TestNG-PoolService-2] Hooks - ======================  Test Execution is completed!! ======================
]]></system-out>
  </testcase>
  <testcase name="runScenario[&quot;Try Here Editor page with valid data&quot;, &quot;Tree&quot;](152)" classname="TestRunners.TestRunner" time="1.179">
    <failure message="element not interactable&#10;  (Session info: MicrosoftEdge=131.0.2903.86)&#10;Build info: version: &apos;4.26.0&apos;, revision: &apos;8ccf0219d7&apos;&#10;System info: os.name: &apos;Windows 11&apos;, os.arch: &apos;amd64&apos;, os.version: &apos;10.0&apos;, java.version: &apos;21.0.5&apos;&#10;Driver info: org.openqa.selenium.edge.EdgeDriver&#10;Command: [81a4a18946e7b0a4e0a17b5b48c408bb, sendKeysToElement {value=[Ljava.lang.CharSequence;@595f609a, id=f.0E85354EA0830716B5F7BC00ECAB07DF.d.F60524108F2E12FDD6AEC99B8C8E3AD2.e.37}]&#10;Capabilities {acceptInsecureCerts: false, browserName: MicrosoftEdge, browserVersion: 131.0.2903.86, fedcm:accounts: true, ms:edgeOptions: {debuggerAddress: localhost:64984}, msedge: {msedgedriverVersion: 131.0.2903.86 (cf5bf303997c..., userDataDir: C:\Users\vamsh\AppData\Loca...}, networkConnectionEnabled: false, pageLoadStrategy: normal, platformName: windows, proxy: Proxy(), se:cdp: ws://localhost:64984/devtoo..., se:cdpVersion: 131.0.2903.86, setWindowRect: true, strictFileInteractability: false, timeouts: {implicit: 0, pageLoad: 300000, script: 30000}, unhandledPromptBehavior: dismiss and notify, webauthn:extension:credBlob: true, webauthn:extension:largeBlob: true, webauthn:extension:minPinLength: true, webauthn:extension:prf: true, webauthn:virtualAuthenticators: true}&#10;Element: [[EdgeDriver: MicrosoftEdge on windows (81a4a18946e7b0a4e0a17b5b48c408bb)] -&gt; css selector: .CodeMirror textarea]&#10;Session ID: 81a4a18946e7b0a4e0a17b5b48c408bb" type="org.openqa.selenium.ElementNotInteractableException"><![CDATA[org.openqa.selenium.ElementNotInteractableException: 
element not interactable
  (Session info: MicrosoftEdge=131.0.2903.86)
Build info: version: '4.26.0', revision: '8ccf0219d7'
System info: os.name: 'Windows 11', os.arch: 'amd64', os.version: '10.0', java.version: '21.0.5'
Driver info: org.openqa.selenium.edge.EdgeDriver
Command: [81a4a18946e7b0a4e0a17b5b48c408bb, sendKeysToElement {value=[Ljava.lang.CharSequence;@595f609a, id=f.0E85354EA0830716B5F7BC00ECAB07DF.d.F60524108F2E12FDD6AEC99B8C8E3AD2.e.37}]
Capabilities {acceptInsecureCerts: false, browserName: MicrosoftEdge, browserVersion: 131.0.2903.86, fedcm:accounts: true, ms:edgeOptions: {debuggerAddress: localhost:64984}, msedge: {msedgedriverVersion: 131.0.2903.86 (cf5bf303997c..., userDataDir: C:\Users\vamsh\AppData\Loca...}, networkConnectionEnabled: false, pageLoadStrategy: normal, platformName: windows, proxy: Proxy(), se:cdp: ws://localhost:64984/devtoo..., se:cdpVersion: 131.0.2903.86, setWindowRect: true, strictFileInteractability: false, timeouts: {implicit: 0, pageLoad: 300000, script: 30000}, unhandledPromptBehavior: dismiss and notify, webauthn:extension:credBlob: true, webauthn:extension:largeBlob: true, webauthn:extension:minPinLength: true, webauthn:extension:prf: true, webauthn:virtualAuthenticators: true}
Element: [[EdgeDriver: MicrosoftEdge on windows (81a4a18946e7b0a4e0a17b5b48c408bb)] -> css selector: .CodeMirror textarea]
Session ID: 81a4a18946e7b0a4e0a17b5b48c408bb
]]></failure>
    <system-out><![CDATA[
Scenario: Try Here Editor page with alert message                      &amp#27;[90m# src/test/resources/Features/Tree.feature:120&amp#27;[0m
  &amp#27;[32mGiven &amp#27;[0m&amp#27;[32mThe user is on the Types of Trees page&amp#27;[0m                          &amp#27;[90m# StepDefinitions.Tree.the_user_is_on_the_types_of_trees_page()&amp#27;[0m
]]></system-out>
    <system-err><![CDATA[Dec 09, 2024 10:26:38 PM org.openqa.selenium.devtools.CdpVersionFinder findNearestMatch
WARNING: Unable to find an exact match for CDP version 131, returning the closest version; found: 130; Please update to a Selenium version that supports CDP version 131
]]></system-err>
  </testcase>
  <testcase name="runScenario[&quot;Try Here Editor page with empty code&quot;, &quot;Tree&quot;](168)" classname="TestRunners.TestRunner" time="3.249">
    <failure message="element not interactable&#10;  (Session info: MicrosoftEdge=131.0.2903.86)&#10;Build info: version: &apos;4.26.0&apos;, revision: &apos;8ccf0219d7&apos;&#10;System info: os.name: &apos;Windows 11&apos;, os.arch: &apos;amd64&apos;, os.version: &apos;10.0&apos;, java.version: &apos;21.0.5&apos;&#10;Driver info: org.openqa.selenium.edge.EdgeDriver&#10;Command: [ca22cbbe4db726251055896d1dc5580d, sendKeysToElement {value=[Ljava.lang.CharSequence;@22bd075e, id=f.2110CFD6F097AB9D3889C316AF6D9429.d.43FD21BD43AEFE3EED6E8A9D6454E823.e.38}]&#10;Capabilities {acceptInsecureCerts: false, browserName: MicrosoftEdge, browserVersion: 131.0.2903.86, fedcm:accounts: true, ms:edgeOptions: {debuggerAddress: localhost:49402}, msedge: {msedgedriverVersion: 131.0.2903.86 (cf5bf303997c..., userDataDir: C:\Users\vamsh\AppData\Loca...}, networkConnectionEnabled: false, pageLoadStrategy: normal, platformName: windows, proxy: Proxy(), se:cdp: ws://localhost:49402/devtoo..., se:cdpVersion: 131.0.2903.86, setWindowRect: true, strictFileInteractability: false, timeouts: {implicit: 0, pageLoad: 300000, script: 30000}, unhandledPromptBehavior: dismiss and notify, webauthn:extension:credBlob: true, webauthn:extension:largeBlob: true, webauthn:extension:minPinLength: true, webauthn:extension:prf: true, webauthn:virtualAuthenticators: true}&#10;Element: [[EdgeDriver: MicrosoftEdge on windows (ca22cbbe4db726251055896d1dc5580d)] -&gt; css selector: .CodeMirror textarea]&#10;Session ID: ca22cbbe4db726251055896d1dc5580d" type="org.openqa.selenium.ElementNotInteractableException"><![CDATA[org.openqa.selenium.ElementNotInteractableException: 
element not interactable
  (Session info: MicrosoftEdge=131.0.2903.86)
Build info: version: '4.26.0', revision: '8ccf0219d7'
System info: os.name: 'Windows 11', os.arch: 'amd64', os.version: '10.0', java.version: '21.0.5'
Driver info: org.openqa.selenium.edge.EdgeDriver
Command: [ca22cbbe4db726251055896d1dc5580d, sendKeysToElement {value=[Ljava.lang.CharSequence;@22bd075e, id=f.2110CFD6F097AB9D3889C316AF6D9429.d.43FD21BD43AEFE3EED6E8A9D6454E823.e.38}]
Capabilities {acceptInsecureCerts: false, browserName: MicrosoftEdge, browserVersion: 131.0.2903.86, fedcm:accounts: true, ms:edgeOptions: {debuggerAddress: localhost:49402}, msedge: {msedgedriverVersion: 131.0.2903.86 (cf5bf303997c..., userDataDir: C:\Users\vamsh\AppData\Loca...}, networkConnectionEnabled: false, pageLoadStrategy: normal, platformName: windows, proxy: Proxy(), se:cdp: ws://localhost:49402/devtoo..., se:cdpVersion: 131.0.2903.86, setWindowRect: true, strictFileInteractability: false, timeouts: {implicit: 0, pageLoad: 300000, script: 30000}, unhandledPromptBehavior: dismiss and notify, webauthn:extension:credBlob: true, webauthn:extension:largeBlob: true, webauthn:extension:minPinLength: true, webauthn:extension:prf: true, webauthn:virtualAuthenticators: true}
Element: [[EdgeDriver: MicrosoftEdge on windows (ca22cbbe4db726251055896d1dc5580d)] -> css selector: .CodeMirror textarea]
Session ID: ca22cbbe4db726251055896d1dc5580d
]]></failure>
    <system-out><![CDATA[
Scenario: Try Here Editor page with valid data                        &amp#27;[90m# src/test/resources/Features/Tree.feature:233&amp#27;[0m
  &amp#27;[32mAnd &amp#27;[0m&amp#27;[32mUser clicks on Get Started button from Tree panel&amp#27;[0m                      &amp#27;[90m# StepDefinitions.Tree.user_clicks_on_get_started_button_from_tree_panel()&amp#27;[0m
  &amp#27;[32mGiven &amp#27;[0m&amp#27;[32mThe user is on the Binary Trees page&amp#27;[0m                                 &amp#27;[90m# StepDefinitions.Tree.the_user_is_on_the_binary_trees_page()&amp#27;[0m
  &amp#27;[32mAnd &amp#27;[0m&amp#27;[32mUser clicks on Get Started button from Tree panel&amp#27;[0m              &amp#27;[90m# StepDefinitions.Tree.user_clicks_on_get_started_button_from_tree_panel()&amp#27;[0m
  &amp#27;[32mGiven &amp#27;[0m&amp#27;[32mThe user is on the Binary Trees page&amp#27;[0m                         &amp#27;[90m# StepDefinitions.Tree.the_user_is_on_the_binary_trees_page()&amp#27;[0m
  &amp#27;[32mAnd &amp#27;[0m&amp#27;[32mThe user clicks Try Here button&amp#27;[0m                                        &amp#27;[90m# StepDefinitions.Tree.the_user_clicks_try_here_button()&amp#27;[0m
  &amp#27;[31mWhen &amp#27;[0m&amp#27;[31mThe user writes no code inside editor window and clicks on Run button&amp#27;[0m &amp#27;[90m# StepDefinitions.Tree.the_user_writes_no_code_inside_editor_window_and_clicks_on_run_button()&amp#27;[0m
      &amp#27;[31morg.openqa.selenium.ElementNotInteractableException: element not interactable
  (Session info: MicrosoftEdge=131.0.2903.86)
Build info: version: '4.26.0', revision: '8ccf0219d7'
System info: os.name: 'Windows 11', os.arch: 'amd64', os.version: '10.0', java.version: '21.0.5'
Driver info: org.openqa.selenium.edge.EdgeDriver
Command: [ca22cbbe4db726251055896d1dc5580d, sendKeysToElement {value=[Ljava.lang.CharSequence;@22bd075e, id=f.2110CFD6F097AB9D3889C316AF6D9429.d.43FD21BD43AEFE3EED6E8A9D6454E823.e.38}]
Capabilities {acceptInsecureCerts: false, browserName: MicrosoftEdge, browserVersion: 131.0.2903.86, fedcm:accounts: true, ms:edgeOptions: {debuggerAddress: localhost:49402}, msedge: {msedgedriverVersion: 131.0.2903.86 (cf5bf303997c..., userDataDir: C:\Users\vamsh\AppData\Loca...}, networkConnectionEnabled: false, pageLoadStrategy: normal, platformName: windows, proxy: Proxy(), se:cdp: ws://localhost:49402/devtoo..., se:cdpVersion: 131.0.2903.86, setWindowRect: true, strictFileInteractability: false, timeouts: {implicit: 0, pageLoad: 300000, script: 30000}, unhandledPromptBehavior: dismiss and notify, webauthn:extension:credBlob: true, webauthn:extension:largeBlob: true, webauthn:extension:minPinLength: true, webauthn:extension:prf: true, webauthn:virtualAuthenticators: true}
Element: [[EdgeDriver: MicrosoftEdge on windows (ca22cbbe4db726251055896d1dc5580d)] -> css selector: .CodeMirror textarea]
Session ID: ca22cbbe4db726251055896d1dc5580d
	at java.base/jdk.internal.reflect.DirectConstructorHandleAccessor.newInstance(DirectConstructorHandleAccessor.java:62)
	at java.base/java.lang.reflect.Constructor.newInstanceWithCaller(Constructor.java:502)
	at java.base/java.lang.reflect.Constructor.newInstance(Constructor.java:486)
	at org.openqa.selenium.remote.ErrorCodec.decode(ErrorCodec.java:167)
	at org.openqa.selenium.remote.codec.w3c.W3CHttpResponseCodec.decode(W3CHttpResponseCodec.java:138)
	at org.openqa.selenium.remote.codec.w3c.W3CHttpResponseCodec.decode(W3CHttpResponseCodec.java:50)
	at org.openqa.selenium.remote.HttpCommandExecutor.execute(HttpCommandExecutor.java:190)
	at org.openqa.selenium.remote.service.DriverCommandExecutor.invokeExecute(DriverCommandExecutor.java:216)
	at org.openqa.selenium.remote.service.DriverCommandExecutor.execute(DriverCommandExecutor.java:174)
	at org.openqa.selenium.remote.RemoteWebDriver.execute(RemoteWebDriver.java:545)
	at org.openqa.selenium.remote.RemoteWebElement.execute(RemoteWebElement.java:223)
	at org.openqa.selenium.remote.RemoteWebElement.sendKeys(RemoteWebElement.java:110)
	at PageObjects.TreePage.writeInTryEditorWindow(TreePage.java:357)
	at StepDefinitions.Tree.the_user_writes_no_code_inside_editor_window_and_clicks_on_run_button(Tree.java:73)
	at ✽.The user writes no code inside editor window and clicks on Run button(file:///C:/Projects/Repo1/src/test/resources/Features/Tree.feature:230)
&amp#27;[0m
  &amp#27;[36mThen &amp#27;[0m&amp#27;[36mNothing happens to the Editor page and no error message is displayed&amp#27;[0m  &amp#27;[90m# StepDefinitions.Tree.nothing_happens_to_the_editor_page_and_no_error_message_is_displayed()&amp#27;[0m
[ERROR] 2024-12-09 22:27:28.809 [TestNG-PoolService-1] Hooks - ======================  TEST CASE FAILED !! ======================
[INFO ] 2024-12-09 22:27:28.932 [TestNG-PoolService-2] Hooks - ======================  New Test Execution is STARTED!! ======================

    Embedding screenshot [image/png 7890 bytes]

[INFO ] 2024-12-09 22:27:29.068 [TestNG-PoolService-1] Hooks - ======================  Screenshot is captured  ======================
[INFO ] 2024-12-09 22:27:29.069 [TestNG-PoolService-1] Hooks - ======================  Test Execution is completed!! ======================
  &amp#27;[32mWhen &amp#27;[0m&amp#27;[32mThe user clicks Try Here button&amp#27;[0m                               &amp#27;[90m# StepDefinitions.Tree.the_user_clicks_try_here_button()&amp#27;[0m
  &amp#27;[32mThen &amp#27;[0m&amp#27;[32mThe user is redirected to a page having Editor and run button&amp#27;[0m &amp#27;[90m# StepDefinitions.Tree.the_user_is_redirected_to_a_page_having_editor_and_run_button()&amp#27;[0m
[INFO ] 2024-12-09 22:27:29.310 [TestNG-PoolService-3] Hooks - ======================  Test Execution is completed!! ======================
]]></system-out>
    <system-err><![CDATA[Dec 09, 2024 10:27:28 PM org.openqa.selenium.devtools.CdpVersionFinder findNearestMatch
WARNING: Unable to find an exact match for CDP version 131, returning the closest version; found: 130; Please update to a Selenium version that supports CDP version 131
]]></system-err>
  </testcase>
  <testcase name="runScenario[&quot;Binary Trees&quot;, &quot;Tree&quot;](169)" classname="TestRunners.TestRunner" time="0.193">
    <system-out><![CDATA[
Scenario: Try Here Editor page with invalid data                        &amp#27;[90m# src/test/resources/Features/Tree.feature:240&amp#27;[0m
]]></system-out>
  </testcase>
  <testcase name="runScenario[&quot;Types of Binary Trees&quot;, &quot;Tree&quot;](178)" classname="TestRunners.TestRunner" time="1.531">
    <system-out><![CDATA[
Scenario: Implementation in Python                                   &amp#27;[90m# src/test/resources/Features/Tree.feature:305&amp#27;[0m
  &amp#27;[31mAnd &amp#27;[0m&amp#27;[31mThe user writes the invalid python code and clicks on Run button&amp#27;[0m &amp#27;[90m# StepDefinitions.Tree.the_user_writes_the_invalid_python_code_and_clicks_on_run_button()&amp#27;[0m
      &amp#27;[31morg.openqa.selenium.ElementNotInteractableException: element not interactable
  (Session info: MicrosoftEdge=131.0.2903.86)
Build info: version: '4.26.0', revision: '8ccf0219d7'
System info: os.name: 'Windows 11', os.arch: 'amd64', os.version: '10.0', java.version: '21.0.5'
Driver info: org.openqa.selenium.edge.EdgeDriver
Command: [dc74826ee3a54fb92c78476cebcf8468, sendKeysToElement {value=[Ljava.lang.CharSequence;@4253b0f2, id=f.AE4449CCA6773C87EB076D33AA457632.d.55B1FA70D55E612EB83A5CB426217F9D.e.38}]
Capabilities {acceptInsecureCerts: false, browserName: MicrosoftEdge, browserVersion: 131.0.2903.86, fedcm:accounts: true, ms:edgeOptions: {debuggerAddress: localhost:50343}, msedge: {msedgedriverVersion: 131.0.2903.86 (cf5bf303997c..., userDataDir: C:\Users\vamsh\AppData\Loca...}, networkConnectionEnabled: false, pageLoadStrategy: normal, platformName: windows, proxy: Proxy(), se:cdp: ws://localhost:50343/devtoo..., se:cdpVersion: 131.0.2903.86, setWindowRect: true, strictFileInteractability: false, timeouts: {implicit: 0, pageLoad: 300000, script: 30000}, unhandledPromptBehavior: dismiss and notify, webauthn:extension:credBlob: true, webauthn:extension:largeBlob: true, webauthn:extension:minPinLength: true, webauthn:extension:prf: true, webauthn:virtualAuthenticators: true}
Element: [[EdgeDriver: MicrosoftEdge on windows (dc74826ee3a54fb92c78476cebcf8468)] -> css selector: .CodeMirror textarea]
Session ID: dc74826ee3a54fb92c78476cebcf8468
	at java.base/jdk.internal.reflect.DirectConstructorHandleAccessor.newInstance(DirectConstructorHandleAccessor.java:62)
	at java.base/java.lang.reflect.Constructor.newInstanceWithCaller(Constructor.java:502)
	at java.base/java.lang.reflect.Constructor.newInstance(Constructor.java:486)
	at org.openqa.selenium.remote.ErrorCodec.decode(ErrorCodec.java:167)
	at org.openqa.selenium.remote.codec.w3c.W3CHttpResponseCodec.decode(W3CHttpResponseCodec.java:138)
	at org.openqa.selenium.remote.codec.w3c.W3CHttpResponseCodec.decode(W3CHttpResponseCodec.java:50)
	at org.openqa.selenium.remote.HttpCommandExecutor.execute(HttpCommandExecutor.java:190)
	at org.openqa.selenium.remote.service.DriverCommandExecutor.invokeExecute(DriverCommandExecutor.java:216)
	at org.openqa.selenium.remote.service.DriverCommandExecutor.execute(DriverCommandExecutor.java:174)
	at org.openqa.selenium.remote.RemoteWebDriver.execute(RemoteWebDriver.java:545)
	at org.openqa.selenium.remote.RemoteWebElement.execute(RemoteWebElement.java:223)
	at org.openqa.selenium.remote.RemoteWebElement.sendKeys(RemoteWebElement.java:110)
	at PageObjects.TreePage.writeInTryEditorWindow(TreePage.java:357)
	at StepDefinitions.Tree.the_user_writes_the_invalid_python_code_and_clicks_on_run_button(Tree.java:96)
	at ✽.The user writes the invalid python code and clicks on Run button(file:///C:/Projects/Repo1/src/test/resources/Features/Tree.feature:294)
&amp#27;[0m
  &amp#27;[36mWhen &amp#27;[0m&amp#27;[36mThe user clicks the ok button in the alert window&amp#27;[0m               &amp#27;[90m# StepDefinitions.Tree.the_user_clicks_the_ok_button_in_the_alert_window()&amp#27;[0m
  &amp#27;[36mThen &amp#27;[0m&amp#27;[36mAlert message window is dismissed and user stays on Editor page&amp#27;[0m &amp#27;[90m# StepDefinitions.Tree.Alert_message_window_is_dismissed_and_user_stays_on_Editor_page()&amp#27;[0m
[ERROR] 2024-12-09 22:28:00.369 [TestNG-PoolService-3] Hooks - ======================  TEST CASE FAILED !! ======================
  &amp#27;[32mWhen &amp#27;[0m&amp#27;[32mThe user clicks Implementation in Python Trees link&amp#27;[0m      &amp#27;[90m# StepDefinitions.Tree.the_user_clicks_implementation_in_python_trees_link()&amp#27;[0m
  &amp#27;[32mThen &amp#27;[0m&amp#27;[32mThe user is redirected to Implementation in Python page.&amp#27;[0m &amp#27;[90m# StepDefinitions.Tree.the_user_is_redirected_to_implementation_in_python_page()&amp#27;[0m
[INFO ] 2024-12-09 22:28:00.494 [TestNG-PoolService-2] Hooks - ======================  Test Execution is completed!! ======================

    Embedding screenshot [image/png 7890 bytes]

[INFO ] 2024-12-09 22:28:00.556 [TestNG-PoolService-3] Hooks - ======================  Screenshot is captured  ======================
[INFO ] 2024-12-09 22:28:00.557 [TestNG-PoolService-3] Hooks - ======================  Test Execution is completed!! ======================
[INFO ] 2024-12-09 22:28:01.820 [TestNG-PoolService-1] Hooks - ======================  New Test Execution is STARTED!! ======================
]]></system-out>
    <system-err><![CDATA[Dec 09, 2024 10:28:01 PM org.openqa.selenium.devtools.CdpVersionFinder findNearestMatch
WARNING: Unable to find an exact match for CDP version 131, returning the closest version; found: 130; Please update to a Selenium version that supports CDP version 131
]]></system-err>
  </testcase>
  <testcase name="runScenario[&quot;Try Here Editor page with alert message&quot;, &quot;Tree&quot;](179)" classname="TestRunners.TestRunner" time="0.068">
    <failure message="element not interactable&#10;  (Session info: MicrosoftEdge=131.0.2903.86)&#10;Build info: version: &apos;4.26.0&apos;, revision: &apos;8ccf0219d7&apos;&#10;System info: os.name: &apos;Windows 11&apos;, os.arch: &apos;amd64&apos;, os.version: &apos;10.0&apos;, java.version: &apos;21.0.5&apos;&#10;Driver info: org.openqa.selenium.edge.EdgeDriver&#10;Command: [dc74826ee3a54fb92c78476cebcf8468, sendKeysToElement {value=[Ljava.lang.CharSequence;@4253b0f2, id=f.AE4449CCA6773C87EB076D33AA457632.d.55B1FA70D55E612EB83A5CB426217F9D.e.38}]&#10;Capabilities {acceptInsecureCerts: false, browserName: MicrosoftEdge, browserVersion: 131.0.2903.86, fedcm:accounts: true, ms:edgeOptions: {debuggerAddress: localhost:50343}, msedge: {msedgedriverVersion: 131.0.2903.86 (cf5bf303997c..., userDataDir: C:\Users\vamsh\AppData\Loca...}, networkConnectionEnabled: false, pageLoadStrategy: normal, platformName: windows, proxy: Proxy(), se:cdp: ws://localhost:50343/devtoo..., se:cdpVersion: 131.0.2903.86, setWindowRect: true, strictFileInteractability: false, timeouts: {implicit: 0, pageLoad: 300000, script: 30000}, unhandledPromptBehavior: dismiss and notify, webauthn:extension:credBlob: true, webauthn:extension:largeBlob: true, webauthn:extension:minPinLength: true, webauthn:extension:prf: true, webauthn:virtualAuthenticators: true}&#10;Element: [[EdgeDriver: MicrosoftEdge on windows (dc74826ee3a54fb92c78476cebcf8468)] -&gt; css selector: .CodeMirror textarea]&#10;Session ID: dc74826ee3a54fb92c78476cebcf8468" type="org.openqa.selenium.ElementNotInteractableException"><![CDATA[org.openqa.selenium.ElementNotInteractableException: 
element not interactable
  (Session info: MicrosoftEdge=131.0.2903.86)
Build info: version: '4.26.0', revision: '8ccf0219d7'
System info: os.name: 'Windows 11', os.arch: 'amd64', os.version: '10.0', java.version: '21.0.5'
Driver info: org.openqa.selenium.edge.EdgeDriver
Command: [dc74826ee3a54fb92c78476cebcf8468, sendKeysToElement {value=[Ljava.lang.CharSequence;@4253b0f2, id=f.AE4449CCA6773C87EB076D33AA457632.d.55B1FA70D55E612EB83A5CB426217F9D.e.38}]
Capabilities {acceptInsecureCerts: false, browserName: MicrosoftEdge, browserVersion: 131.0.2903.86, fedcm:accounts: true, ms:edgeOptions: {debuggerAddress: localhost:50343}, msedge: {msedgedriverVersion: 131.0.2903.86 (cf5bf303997c..., userDataDir: C:\Users\vamsh\AppData\Loca...}, networkConnectionEnabled: false, pageLoadStrategy: normal, platformName: windows, proxy: Proxy(), se:cdp: ws://localhost:50343/devtoo..., se:cdpVersion: 131.0.2903.86, setWindowRect: true, strictFileInteractability: false, timeouts: {implicit: 0, pageLoad: 300000, script: 30000}, unhandledPromptBehavior: dismiss and notify, webauthn:extension:credBlob: true, webauthn:extension:largeBlob: true, webauthn:extension:minPinLength: true, webauthn:extension:prf: true, webauthn:virtualAuthenticators: true}
Element: [[EdgeDriver: MicrosoftEdge on windows (dc74826ee3a54fb92c78476cebcf8468)] -> css selector: .CodeMirror textarea]
Session ID: dc74826ee3a54fb92c78476cebcf8468
]]></failure>
    <system-out><![CDATA[
Scenario: Try Here Editor page with empty code                               &amp#27;[90m# src/test/resources/Features/Tree.feature:311&amp#27;[0m
]]></system-out>
  </testcase>
  <testcase name="runScenario[&quot;Try Here Editor page with valid data&quot;, &quot;Tree&quot;](181)" classname="TestRunners.TestRunner" time="3.477">
    <failure message="element not interactable&#10;  (Session info: MicrosoftEdge=131.0.2903.86)&#10;Build info: version: &apos;4.26.0&apos;, revision: &apos;8ccf0219d7&apos;&#10;System info: os.name: &apos;Windows 11&apos;, os.arch: &apos;amd64&apos;, os.version: &apos;10.0&apos;, java.version: &apos;21.0.5&apos;&#10;Driver info: org.openqa.selenium.edge.EdgeDriver&#10;Command: [c0b44206fbbbacede23611133a73ef01, sendKeysToElement {value=[Ljava.lang.CharSequence;@7babc582, id=f.2BF27A25E53738BF8D353D45786F7575.d.14C0E18936AD5D45E56D01E7EC20FCE0.e.37}]&#10;Capabilities {acceptInsecureCerts: false, browserName: MicrosoftEdge, browserVersion: 131.0.2903.86, fedcm:accounts: true, ms:edgeOptions: {debuggerAddress: localhost:50584}, msedge: {msedgedriverVersion: 131.0.2903.86 (cf5bf303997c..., userDataDir: C:\Users\vamsh\AppData\Loca...}, networkConnectionEnabled: false, pageLoadStrategy: normal, platformName: windows, proxy: Proxy(), se:cdp: ws://localhost:50584/devtoo..., se:cdpVersion: 131.0.2903.86, setWindowRect: true, strictFileInteractability: false, timeouts: {implicit: 0, pageLoad: 300000, script: 30000}, unhandledPromptBehavior: dismiss and notify, webauthn:extension:credBlob: true, webauthn:extension:largeBlob: true, webauthn:extension:minPinLength: true, webauthn:extension:prf: true, webauthn:virtualAuthenticators: true}&#10;Element: [[EdgeDriver: MicrosoftEdge on windows (c0b44206fbbbacede23611133a73ef01)] -&gt; css selector: .CodeMirror textarea]&#10;Session ID: c0b44206fbbbacede23611133a73ef01" type="org.openqa.selenium.ElementNotInteractableException"><![CDATA[org.openqa.selenium.ElementNotInteractableException: 
element not interactable
  (Session info: MicrosoftEdge=131.0.2903.86)
Build info: version: '4.26.0', revision: '8ccf0219d7'
System info: os.name: 'Windows 11', os.arch: 'amd64', os.version: '10.0', java.version: '21.0.5'
Driver info: org.openqa.selenium.edge.EdgeDriver
Command: [c0b44206fbbbacede23611133a73ef01, sendKeysToElement {value=[Ljava.lang.CharSequence;@7babc582, id=f.2BF27A25E53738BF8D353D45786F7575.d.14C0E18936AD5D45E56D01E7EC20FCE0.e.37}]
Capabilities {acceptInsecureCerts: false, browserName: MicrosoftEdge, browserVersion: 131.0.2903.86, fedcm:accounts: true, ms:edgeOptions: {debuggerAddress: localhost:50584}, msedge: {msedgedriverVersion: 131.0.2903.86 (cf5bf303997c..., userDataDir: C:\Users\vamsh\AppData\Loca...}, networkConnectionEnabled: false, pageLoadStrategy: normal, platformName: windows, proxy: Proxy(), se:cdp: ws://localhost:50584/devtoo..., se:cdpVersion: 131.0.2903.86, setWindowRect: true, strictFileInteractability: false, timeouts: {implicit: 0, pageLoad: 300000, script: 30000}, unhandledPromptBehavior: dismiss and notify, webauthn:extension:credBlob: true, webauthn:extension:largeBlob: true, webauthn:extension:minPinLength: true, webauthn:extension:prf: true, webauthn:virtualAuthenticators: true}
Element: [[EdgeDriver: MicrosoftEdge on windows (c0b44206fbbbacede23611133a73ef01)] -> css selector: .CodeMirror textarea]
Session ID: c0b44206fbbbacede23611133a73ef01
]]></failure>
    <system-out><![CDATA[
Scenario: Try Here Editor page with invalid data                        &amp#27;[90m# src/test/resources/Features/Tree.feature:325&amp#27;[0m
  &amp#27;[32mAnd &amp#27;[0m&amp#27;[32mUser clicks on Get Started button from Tree panel&amp#27;[0m               &amp#27;[90m# StepDefinitions.Tree.user_clicks_on_get_started_button_from_tree_panel()&amp#27;[0m
  &amp#27;[32mGiven &amp#27;[0m&amp#27;[32mThe user is on the DS Introduction page as signedIn&amp#27;[0m                  &amp#27;[90m# StepDefinitions.DSIntroductionDetails.the_user_is_on_the_ds_introduction_page_as_signed_in()&amp#27;[0m
  &amp#27;[32mGiven &amp#27;[0m&amp#27;[32mThe user is on the Implementation in Python page&amp#27;[0m              &amp#27;[90m# StepDefinitions.Tree.the_user_is_on_the_implementation_in_python_page()&amp#27;[0m
  &amp#27;[32mAnd &amp#27;[0m&amp#27;[32mUser clicks on Get Started button from Tree panel&amp#27;[0m                      &amp#27;[90m# StepDefinitions.Tree.user_clicks_on_get_started_button_from_tree_panel()&amp#27;[0m
  &amp#27;[32mGiven &amp#27;[0m&amp#27;[32mThe user is on the Implementation in Python page&amp#27;[0m                     &amp#27;[90m# StepDefinitions.Tree.the_user_is_on_the_implementation_in_python_page()&amp#27;[0m
  &amp#27;[32mAnd &amp#27;[0m&amp#27;[32mThe user clicks Try Here button&amp#27;[0m                                 &amp#27;[90m# StepDefinitions.Tree.the_user_clicks_try_here_button()&amp#27;[0m
  &amp#27;[31mWhen &amp#27;[0m&amp#27;[31mThe user writes the valid python code and clicks on Run button&amp#27;[0m &amp#27;[90m# StepDefinitions.Tree.the_user_writes_the_valid_python_code_and_clicks_on_run_button()&amp#27;[0m
      &amp#27;[31morg.openqa.selenium.ElementNotInteractableException: element not interactable
  (Session info: MicrosoftEdge=131.0.2903.86)
Build info: version: '4.26.0', revision: '8ccf0219d7'
System info: os.name: 'Windows 11', os.arch: 'amd64', os.version: '10.0', java.version: '21.0.5'
Driver info: org.openqa.selenium.edge.EdgeDriver
Command: [c0b44206fbbbacede23611133a73ef01, sendKeysToElement {value=[Ljava.lang.CharSequence;@7babc582, id=f.2BF27A25E53738BF8D353D45786F7575.d.14C0E18936AD5D45E56D01E7EC20FCE0.e.37}]
Capabilities {acceptInsecureCerts: false, browserName: MicrosoftEdge, browserVersion: 131.0.2903.86, fedcm:accounts: true, ms:edgeOptions: {debuggerAddress: localhost:50584}, msedge: {msedgedriverVersion: 131.0.2903.86 (cf5bf303997c..., userDataDir: C:\Users\vamsh\AppData\Loca...}, networkConnectionEnabled: false, pageLoadStrategy: normal, platformName: windows, proxy: Proxy(), se:cdp: ws://localhost:50584/devtoo..., se:cdpVersion: 131.0.2903.86, setWindowRect: true, strictFileInteractability: false, timeouts: {implicit: 0, pageLoad: 300000, script: 30000}, unhandledPromptBehavior: dismiss and notify, webauthn:extension:credBlob: true, webauthn:extension:largeBlob: true, webauthn:extension:minPinLength: true, webauthn:extension:prf: true, webauthn:virtualAuthenticators: true}
Element: [[EdgeDriver: MicrosoftEdge on windows (c0b44206fbbbacede23611133a73ef01)] -> css selector: .CodeMirror textarea]
Session ID: c0b44206fbbbacede23611133a73ef01
	at java.base/jdk.internal.reflect.DirectConstructorHandleAccessor.newInstance(DirectConstructorHandleAccessor.java:62)
	at java.base/java.lang.reflect.Constructor.newInstanceWithCaller(Constructor.java:502)
	at java.base/java.lang.reflect.Constructor.newInstance(Constructor.java:486)
	at org.openqa.selenium.remote.ErrorCodec.decode(ErrorCodec.java:167)
	at org.openqa.selenium.remote.codec.w3c.W3CHttpResponseCodec.decode(W3CHttpResponseCodec.java:138)
	at org.openqa.selenium.remote.codec.w3c.W3CHttpResponseCodec.decode(W3CHttpResponseCodec.java:50)
	at org.openqa.selenium.remote.HttpCommandExecutor.execute(HttpCommandExecutor.java:190)
	at org.openqa.selenium.remote.service.DriverCommandExecutor.invokeExecute(DriverCommandExecutor.java:216)
	at org.openqa.selenium.remote.service.DriverCommandExecutor.execute(DriverCommandExecutor.java:174)
	at org.openqa.selenium.remote.RemoteWebDriver.execute(RemoteWebDriver.java:545)
	at org.openqa.selenium.remote.RemoteWebElement.execute(RemoteWebElement.java:223)
	at org.openqa.selenium.remote.RemoteWebElement.sendKeys(RemoteWebElement.java:110)
	at PageObjects.TreePage.writeInTryEditorWindow(TreePage.java:357)
	at StepDefinitions.Tree.the_user_writes_the_valid_python_code_and_clicks_on_run_button(Tree.java:85)
	at ✽.The user writes the valid python code and clicks on Run button(file:///C:/Projects/Repo1/src/test/resources/Features/Tree.feature:322)
&amp#27;[0m
  &amp#27;[36mThen &amp#27;[0m&amp#27;[36mThe user is able to see the output inside the console.&amp#27;[0m         &amp#27;[90m# StepDefinitions.Tree.the_user_is_able_to_see_the_output_inside_the_console()&amp#27;[0m
[ERROR] 2024-12-09 22:28:10.621 [TestNG-PoolService-3] Hooks - ======================  TEST CASE FAILED !! ======================
[INFO ] 2024-12-09 22:28:10.706 [TestNG-PoolService-1] Hooks - ======================  New Test Execution is STARTED!! ======================

    Embedding screenshot [image/png 7890 bytes]

[INFO ] 2024-12-09 22:28:10.861 [TestNG-PoolService-3] Hooks - ======================  Screenshot is captured  ======================
[INFO ] 2024-12-09 22:28:10.865 [TestNG-PoolService-3] Hooks - ======================  Test Execution is completed!! ======================
  &amp#27;[32mAnd &amp#27;[0m&amp#27;[32mThe user clicks Try Here button&amp#27;[0m                                        &amp#27;[90m# StepDefinitions.Tree.the_user_clicks_try_here_button()&amp#27;[0m
  &amp#27;[32mWhen &amp#27;[0m&amp#27;[32mThe user writes no code inside editor window and clicks on Run button&amp#27;[0m &amp#27;[90m# StepDefinitions.Tree.the_user_writes_no_code_inside_editor_window_and_clicks_on_run_button()&amp#27;[0m
  &amp#27;[32mThen &amp#27;[0m&amp#27;[32mNothing happens to the Editor page and no error message is displayed&amp#27;[0m  &amp#27;[90m# StepDefinitions.Tree.nothing_happens_to_the_editor_page_and_no_error_message_is_displayed()&amp#27;[0m
[INFO ] 2024-12-09 22:28:11.599 [TestNG-PoolService-2] Hooks - ======================  Test Execution is completed!! ======================
]]></system-out>
    <system-err><![CDATA[Dec 09, 2024 10:28:10 PM org.openqa.selenium.devtools.CdpVersionFinder findNearestMatch
WARNING: Unable to find an exact match for CDP version 131, returning the closest version; found: 130; Please update to a Selenium version that supports CDP version 131
]]></system-err>
  </testcase>
  <testcase name="runScenario[&quot;Try Here Editor page with empty code&quot;, &quot;Tree&quot;](182)" classname="TestRunners.TestRunner" time="0.692">
    <system-out><![CDATA[
Scenario: Try Here Editor page with alert message                      &amp#27;[90m# src/test/resources/Features/Tree.feature:332&amp#27;[0m
]]></system-out>
  </testcase>
  <testcase name="runScenario[&quot;Try Here Editor page with invalid data&quot;, &quot;Tree&quot;](201)" classname="TestRunners.TestRunner" time="2.434">
    <failure message="element not interactable&#10;  (Session info: MicrosoftEdge=131.0.2903.86)&#10;Build info: version: &apos;4.26.0&apos;, revision: &apos;8ccf0219d7&apos;&#10;System info: os.name: &apos;Windows 11&apos;, os.arch: &apos;amd64&apos;, os.version: &apos;10.0&apos;, java.version: &apos;21.0.5&apos;&#10;Driver info: org.openqa.selenium.edge.EdgeDriver&#10;Command: [1898c18b62e148914c24b87415af5b9c, sendKeysToElement {value=[Ljava.lang.CharSequence;@3f3e16bb, id=f.5DB077FC9D9DADD7FBCD299B0FACA878.d.F7F558A986F529666A1AB30A045E342E.e.37}]&#10;Capabilities {acceptInsecureCerts: false, browserName: MicrosoftEdge, browserVersion: 131.0.2903.86, fedcm:accounts: true, ms:edgeOptions: {debuggerAddress: localhost:52033}, msedge: {msedgedriverVersion: 131.0.2903.86 (cf5bf303997c..., userDataDir: C:\Users\vamsh\AppData\Loca...}, networkConnectionEnabled: false, pageLoadStrategy: normal, platformName: windows, proxy: Proxy(), se:cdp: ws://localhost:52033/devtoo..., se:cdpVersion: 131.0.2903.86, setWindowRect: true, strictFileInteractability: false, timeouts: {implicit: 0, pageLoad: 300000, script: 30000}, unhandledPromptBehavior: dismiss and notify, webauthn:extension:credBlob: true, webauthn:extension:largeBlob: true, webauthn:extension:minPinLength: true, webauthn:extension:prf: true, webauthn:virtualAuthenticators: true}&#10;Element: [[EdgeDriver: MicrosoftEdge on windows (1898c18b62e148914c24b87415af5b9c)] -&gt; css selector: .CodeMirror textarea]&#10;Session ID: 1898c18b62e148914c24b87415af5b9c" type="org.openqa.selenium.ElementNotInteractableException"><![CDATA[org.openqa.selenium.ElementNotInteractableException: 
element not interactable
  (Session info: MicrosoftEdge=131.0.2903.86)
Build info: version: '4.26.0', revision: '8ccf0219d7'
System info: os.name: 'Windows 11', os.arch: 'amd64', os.version: '10.0', java.version: '21.0.5'
Driver info: org.openqa.selenium.edge.EdgeDriver
Command: [1898c18b62e148914c24b87415af5b9c, sendKeysToElement {value=[Ljava.lang.CharSequence;@3f3e16bb, id=f.5DB077FC9D9DADD7FBCD299B0FACA878.d.F7F558A986F529666A1AB30A045E342E.e.37}]
Capabilities {acceptInsecureCerts: false, browserName: MicrosoftEdge, browserVersion: 131.0.2903.86, fedcm:accounts: true, ms:edgeOptions: {debuggerAddress: localhost:52033}, msedge: {msedgedriverVersion: 131.0.2903.86 (cf5bf303997c..., userDataDir: C:\Users\vamsh\AppData\Loca...}, networkConnectionEnabled: false, pageLoadStrategy: normal, platformName: windows, proxy: Proxy(), se:cdp: ws://localhost:52033/devtoo..., se:cdpVersion: 131.0.2903.86, setWindowRect: true, strictFileInteractability: false, timeouts: {implicit: 0, pageLoad: 300000, script: 30000}, unhandledPromptBehavior: dismiss and notify, webauthn:extension:credBlob: true, webauthn:extension:largeBlob: true, webauthn:extension:minPinLength: true, webauthn:extension:prf: true, webauthn:virtualAuthenticators: true}
Element: [[EdgeDriver: MicrosoftEdge on windows (1898c18b62e148914c24b87415af5b9c)] -> css selector: .CodeMirror textarea]
Session ID: 1898c18b62e148914c24b87415af5b9c
]]></failure>
    <system-out><![CDATA[
Scenario: Applications of Binary trees                       &amp#27;[90m# src/test/resources/Features/Tree.feature:466&amp#27;[0m
  &amp#27;[32mGiven &amp#27;[0m&amp#27;[32mThe user is on the Applications of Binary trees page&amp#27;[0m            &amp#27;[90m# StepDefinitions.Tree.the_user_is_on_the_applications_of_binary_trees_page()&amp#27;[0m
  &amp#27;[32mAnd &amp#27;[0m&amp#27;[32mThe user clicks Try Here button&amp#27;[0m                                   &amp#27;[90m# StepDefinitions.Tree.the_user_clicks_try_here_button()&amp#27;[0m
  &amp#27;[31mWhen &amp#27;[0m&amp#27;[31mThe user writes the invalid python code and clicks on Run button&amp#27;[0m &amp#27;[90m# StepDefinitions.Tree.the_user_writes_the_invalid_python_code_and_clicks_on_run_button()&amp#27;[0m
      &amp#27;[31morg.openqa.selenium.ElementNotInteractableException: element not interactable
  (Session info: MicrosoftEdge=131.0.2903.86)
Build info: version: '4.26.0', revision: '8ccf0219d7'
System info: os.name: 'Windows 11', os.arch: 'amd64', os.version: '10.0', java.version: '21.0.5'
Driver info: org.openqa.selenium.edge.EdgeDriver
Command: [1898c18b62e148914c24b87415af5b9c, sendKeysToElement {value=[Ljava.lang.CharSequence;@3f3e16bb, id=f.5DB077FC9D9DADD7FBCD299B0FACA878.d.F7F558A986F529666A1AB30A045E342E.e.37}]
Capabilities {acceptInsecureCerts: false, browserName: MicrosoftEdge, browserVersion: 131.0.2903.86, fedcm:accounts: true, ms:edgeOptions: {debuggerAddress: localhost:52033}, msedge: {msedgedriverVersion: 131.0.2903.86 (cf5bf303997c..., userDataDir: C:\Users\vamsh\AppData\Loca...}, networkConnectionEnabled: false, pageLoadStrategy: normal, platformName: windows, proxy: Proxy(), se:cdp: ws://localhost:52033/devtoo..., se:cdpVersion: 131.0.2903.86, setWindowRect: true, strictFileInteractability: false, timeouts: {implicit: 0, pageLoad: 300000, script: 30000}, unhandledPromptBehavior: dismiss and notify, webauthn:extension:credBlob: true, webauthn:extension:largeBlob: true, webauthn:extension:minPinLength: true, webauthn:extension:prf: true, webauthn:virtualAuthenticators: true}
Element: [[EdgeDriver: MicrosoftEdge on windows (1898c18b62e148914c24b87415af5b9c)] -> css selector: .CodeMirror textarea]
Session ID: 1898c18b62e148914c24b87415af5b9c
	at java.base/jdk.internal.reflect.DirectConstructorHandleAccessor.newInstance(DirectConstructorHandleAccessor.java:62)
	at java.base/java.lang.reflect.Constructor.newInstanceWithCaller(Constructor.java:502)
	at java.base/java.lang.reflect.Constructor.newInstance(Constructor.java:486)
	at org.openqa.selenium.remote.ErrorCodec.decode(ErrorCodec.java:167)
	at org.openqa.selenium.remote.codec.w3c.W3CHttpResponseCodec.decode(W3CHttpResponseCodec.java:138)
	at org.openqa.selenium.remote.codec.w3c.W3CHttpResponseCodec.decode(W3CHttpResponseCodec.java:50)
	at org.openqa.selenium.remote.HttpCommandExecutor.execute(HttpCommandExecutor.java:190)
	at org.openqa.selenium.remote.service.DriverCommandExecutor.invokeExecute(DriverCommandExecutor.java:216)
	at org.openqa.selenium.remote.service.DriverCommandExecutor.execute(DriverCommandExecutor.java:174)
	at org.openqa.selenium.remote.RemoteWebDriver.execute(RemoteWebDriver.java:545)
	at org.openqa.selenium.remote.RemoteWebElement.execute(RemoteWebElement.java:223)
	at org.openqa.selenium.remote.RemoteWebElement.sendKeys(RemoteWebElement.java:110)
	at PageObjects.TreePage.writeInTryEditorWindow(TreePage.java:357)
	at StepDefinitions.Tree.the_user_writes_the_invalid_python_code_and_clicks_on_run_button(Tree.java:96)
	at ✽.The user writes the invalid python code and clicks on Run button(file:///C:/Projects/Repo1/src/test/resources/Features/Tree.feature:455)
&amp#27;[0m
  &amp#27;[36mThen &amp#27;[0m&amp#27;[36mThe user see error msg in alert window&amp#27;[0m                           &amp#27;[90m# StepDefinitions.Tree.the_user_see_error_msg_in_alert_window()&amp#27;[0m
[ERROR] 2024-12-09 22:29:16.816 [TestNG-PoolService-1] Hooks - ======================  TEST CASE FAILED !! ======================

    Embedding screenshot [image/png 7890 bytes]

[INFO ] 2024-12-09 22:29:17.016 [TestNG-PoolService-1] Hooks - ======================  Screenshot is captured  ======================
[INFO ] 2024-12-09 22:29:17.018 [TestNG-PoolService-1] Hooks - ======================  Test Execution is completed!! ======================
]]></system-out>
  </testcase>
  <testcase name="runScenario[&quot;Try Here Editor page with alert message&quot;, &quot;Tree&quot;](202)" classname="TestRunners.TestRunner" time="3.916">
    <failure message="element not interactable&#10;  (Session info: MicrosoftEdge=131.0.2903.86)&#10;Build info: version: &apos;4.26.0&apos;, revision: &apos;8ccf0219d7&apos;&#10;System info: os.name: &apos;Windows 11&apos;, os.arch: &apos;amd64&apos;, os.version: &apos;10.0&apos;, java.version: &apos;21.0.5&apos;&#10;Driver info: org.openqa.selenium.edge.EdgeDriver&#10;Command: [816ae7edf378e18851c4e97d09a91138, sendKeysToElement {value=[Ljava.lang.CharSequence;@fa89b02, id=f.FA877A4EB8BBE846254B0D5DC49EC6CB.d.229F38D93284DD985523696507BBDCBC.e.38}]&#10;Capabilities {acceptInsecureCerts: false, browserName: MicrosoftEdge, browserVersion: 131.0.2903.86, fedcm:accounts: true, ms:edgeOptions: {debuggerAddress: localhost:52133}, msedge: {msedgedriverVersion: 131.0.2903.86 (cf5bf303997c..., userDataDir: C:\Users\vamsh\AppData\Loca...}, networkConnectionEnabled: false, pageLoadStrategy: normal, platformName: windows, proxy: Proxy(), se:cdp: ws://localhost:52133/devtoo..., se:cdpVersion: 131.0.2903.86, setWindowRect: true, strictFileInteractability: false, timeouts: {implicit: 0, pageLoad: 300000, script: 30000}, unhandledPromptBehavior: dismiss and notify, webauthn:extension:credBlob: true, webauthn:extension:largeBlob: true, webauthn:extension:minPinLength: true, webauthn:extension:prf: true, webauthn:virtualAuthenticators: true}&#10;Element: [[EdgeDriver: MicrosoftEdge on windows (816ae7edf378e18851c4e97d09a91138)] -&gt; css selector: .CodeMirror textarea]&#10;Session ID: 816ae7edf378e18851c4e97d09a91138" type="org.openqa.selenium.ElementNotInteractableException"><![CDATA[org.openqa.selenium.ElementNotInteractableException: 
element not interactable
  (Session info: MicrosoftEdge=131.0.2903.86)
Build info: version: '4.26.0', revision: '8ccf0219d7'
System info: os.name: 'Windows 11', os.arch: 'amd64', os.version: '10.0', java.version: '21.0.5'
Driver info: org.openqa.selenium.edge.EdgeDriver
Command: [816ae7edf378e18851c4e97d09a91138, sendKeysToElement {value=[Ljava.lang.CharSequence;@fa89b02, id=f.FA877A4EB8BBE846254B0D5DC49EC6CB.d.229F38D93284DD985523696507BBDCBC.e.38}]
Capabilities {acceptInsecureCerts: false, browserName: MicrosoftEdge, browserVersion: 131.0.2903.86, fedcm:accounts: true, ms:edgeOptions: {debuggerAddress: localhost:52133}, msedge: {msedgedriverVersion: 131.0.2903.86 (cf5bf303997c..., userDataDir: C:\Users\vamsh\AppData\Loca...}, networkConnectionEnabled: false, pageLoadStrategy: normal, platformName: windows, proxy: Proxy(), se:cdp: ws://localhost:52133/devtoo..., se:cdpVersion: 131.0.2903.86, setWindowRect: true, strictFileInteractability: false, timeouts: {implicit: 0, pageLoad: 300000, script: 30000}, unhandledPromptBehavior: dismiss and notify, webauthn:extension:credBlob: true, webauthn:extension:largeBlob: true, webauthn:extension:minPinLength: true, webauthn:extension:prf: true, webauthn:virtualAuthenticators: true}
Element: [[EdgeDriver: MicrosoftEdge on windows (816ae7edf378e18851c4e97d09a91138)] -> css selector: .CodeMirror textarea]
Session ID: 816ae7edf378e18851c4e97d09a91138
]]></failure>
    <system-out><![CDATA[
Scenario: Binary Search Trees                                        &amp#27;[90m# src/test/resources/Features/Tree.feature:473&amp#27;[0m
  &amp#27;[32mGiven &amp#27;[0m&amp#27;[32mThe user is on the DS Introduction page as signedIn&amp#27;[0m            &amp#27;[90m# StepDefinitions.DSIntroductionDetails.the_user_is_on_the_ds_introduction_page_as_signed_in()&amp#27;[0m
[INFO ] 2024-12-09 22:29:19.261 [TestNG-PoolService-3] Hooks - ======================  New Test Execution is STARTED!! ======================
  &amp#27;[32mAnd &amp#27;[0m&amp#27;[32mUser clicks on Get Started button from Tree panel&amp#27;[0m                &amp#27;[90m# StepDefinitions.Tree.user_clicks_on_get_started_button_from_tree_panel()&amp#27;[0m
  &amp#27;[32mGiven &amp#27;[0m&amp#27;[32mThe user is on the Applications of Binary trees page&amp#27;[0m           &amp#27;[90m# StepDefinitions.Tree.the_user_is_on_the_applications_of_binary_trees_page()&amp#27;[0m
  &amp#27;[32mAnd &amp#27;[0m&amp#27;[32mThe user clicks Try Here button&amp#27;[0m                                  &amp#27;[90m# StepDefinitions.Tree.the_user_clicks_try_here_button()&amp#27;[0m
  &amp#27;[31mAnd &amp#27;[0m&amp#27;[31mThe user writes the invalid python code and clicks on Run button&amp#27;[0m &amp#27;[90m# StepDefinitions.Tree.the_user_writes_the_invalid_python_code_and_clicks_on_run_button()&amp#27;[0m
      &amp#27;[31morg.openqa.selenium.ElementNotInteractableException: element not interactable
  (Session info: MicrosoftEdge=131.0.2903.86)
Build info: version: '4.26.0', revision: '8ccf0219d7'
System info: os.name: 'Windows 11', os.arch: 'amd64', os.version: '10.0', java.version: '21.0.5'
Driver info: org.openqa.selenium.edge.EdgeDriver
Command: [816ae7edf378e18851c4e97d09a91138, sendKeysToElement {value=[Ljava.lang.CharSequence;@fa89b02, id=f.FA877A4EB8BBE846254B0D5DC49EC6CB.d.229F38D93284DD985523696507BBDCBC.e.38}]
Capabilities {acceptInsecureCerts: false, browserName: MicrosoftEdge, browserVersion: 131.0.2903.86, fedcm:accounts: true, ms:edgeOptions: {debuggerAddress: localhost:52133}, msedge: {msedgedriverVersion: 131.0.2903.86 (cf5bf303997c..., userDataDir: C:\Users\vamsh\AppData\Loca...}, networkConnectionEnabled: false, pageLoadStrategy: normal, platformName: windows, proxy: Proxy(), se:cdp: ws://localhost:52133/devtoo..., se:cdpVersion: 131.0.2903.86, setWindowRect: true, strictFileInteractability: false, timeouts: {implicit: 0, pageLoad: 300000, script: 30000}, unhandledPromptBehavior: dismiss and notify, webauthn:extension:credBlob: true, webauthn:extension:largeBlob: true, webauthn:extension:minPinLength: true, webauthn:extension:prf: true, webauthn:virtualAuthenticators: true}
Element: [[EdgeDriver: MicrosoftEdge on windows (816ae7edf378e18851c4e97d09a91138)] -> css selector: .CodeMirror textarea]
Session ID: 816ae7edf378e18851c4e97d09a91138
	at java.base/jdk.internal.reflect.DirectConstructorHandleAccessor.newInstance(DirectConstructorHandleAccessor.java:62)
	at java.base/java.lang.reflect.Constructor.newInstanceWithCaller(Constructor.java:502)
	at java.base/java.lang.reflect.Constructor.newInstance(Constructor.java:486)
	at org.openqa.selenium.remote.ErrorCodec.decode(ErrorCodec.java:167)
	at org.openqa.selenium.remote.codec.w3c.W3CHttpResponseCodec.decode(W3CHttpResponseCodec.java:138)
	at org.openqa.selenium.remote.codec.w3c.W3CHttpResponseCodec.decode(W3CHttpResponseCodec.java:50)
	at org.openqa.selenium.remote.HttpCommandExecutor.execute(HttpCommandExecutor.java:190)
	at org.openqa.selenium.remote.service.DriverCommandExecutor.invokeExecute(DriverCommandExecutor.java:216)
	at org.openqa.selenium.remote.service.DriverCommandExecutor.execute(DriverCommandExecutor.java:174)
	at org.openqa.selenium.remote.RemoteWebDriver.execute(RemoteWebDriver.java:545)
	at org.openqa.selenium.remote.RemoteWebElement.execute(RemoteWebElement.java:223)
	at org.openqa.selenium.remote.RemoteWebElement.sendKeys(RemoteWebElement.java:110)
	at PageObjects.TreePage.writeInTryEditorWindow(TreePage.java:357)
	at StepDefinitions.Tree.the_user_writes_the_invalid_python_code_and_clicks_on_run_button(Tree.java:96)
	at ✽.The user writes the invalid python code and clicks on Run button(file:///C:/Projects/Repo1/src/test/resources/Features/Tree.feature:462)
&amp#27;[0m
  &amp#27;[36mWhen &amp#27;[0m&amp#27;[36mThe user clicks the ok button in the alert window&amp#27;[0m               &amp#27;[90m# StepDefinitions.Tree.the_user_clicks_the_ok_button_in_the_alert_window()&amp#27;[0m
  &amp#27;[36mThen &amp#27;[0m&amp#27;[36mAlert message window is dismissed and user stays on Editor page&amp#27;[0m &amp#27;[90m# StepDefinitions.Tree.Alert_message_window_is_dismissed_and_user_stays_on_Editor_page()&amp#27;[0m
[ERROR] 2024-12-09 22:29:20.695 [TestNG-PoolService-2] Hooks - ======================  TEST CASE FAILED !! ======================

    Embedding screenshot [image/png 7890 bytes]

[INFO ] 2024-12-09 22:29:20.830 [TestNG-PoolService-2] Hooks - ======================  Screenshot is captured  ======================
[INFO ] 2024-12-09 22:29:20.832 [TestNG-PoolService-2] Hooks - ======================  Test Execution is completed!! ======================
[INFO ] 2024-12-09 22:29:22.260 [TestNG-PoolService-1] Hooks - ======================  New Test Execution is STARTED!! ======================
]]></system-out>
    <system-err><![CDATA[Dec 09, 2024 10:29:19 PM org.openqa.selenium.devtools.CdpVersionFinder findNearestMatch
WARNING: Unable to find an exact match for CDP version 131, returning the closest version; found: 130; Please update to a Selenium version that supports CDP version 131
Dec 09, 2024 10:29:22 PM org.openqa.selenium.devtools.CdpVersionFinder findNearestMatch
WARNING: Unable to find an exact match for CDP version 131, returning the closest version; found: 130; Please update to a Selenium version that supports CDP version 131
]]></system-err>
  </testcase>
  <testcase name="runScenario[&quot;Binary Search Trees&quot;, &quot;Tree&quot;](210)" classname="TestRunners.TestRunner" time="2.307">
    <system-out><![CDATA[
Scenario: Try Here Editor page with empty code                               &amp#27;[90m# src/test/resources/Features/Tree.feature:529&amp#27;[0m
  &amp#27;[32mGiven &amp#27;[0m&amp#27;[32mThe user is on the Binary Search Trees page&amp#27;[0m          &amp#27;[90m# StepDefinitions.Tree.the_user_is_on_the_binary_search_trees_page()&amp#27;[0m
  &amp#27;[32mGiven &amp#27;[0m&amp#27;[32mThe user is on the DS Introduction page as signedIn&amp#27;[0m          &amp#27;[90m# StepDefinitions.DSIntroductionDetails.the_user_is_on_the_ds_introduction_page_as_signed_in()&amp#27;[0m
  &amp#27;[32mWhen &amp#27;[0m&amp#27;[32mThe user clicks Implementation Of BST link&amp#27;[0m            &amp#27;[90m# StepDefinitions.Tree.the_user_clicks_implementation_of_bst_link()&amp#27;[0m
  &amp#27;[32mThen &amp#27;[0m&amp#27;[32mThe user is redirected to Implementation Of BST page.&amp#27;[0m &amp#27;[90m# StepDefinitions.Tree.the_user_is_redirected_to_implementation_of_bst_page()&amp#27;[0m
[INFO ] 2024-12-09 22:29:49.319 [TestNG-PoolService-1] Hooks - ======================  Test Execution is completed!! ======================
  &amp#27;[32mAnd &amp#27;[0m&amp#27;[32mUser clicks on Get Started button from Tree panel&amp#27;[0m              &amp#27;[90m# StepDefinitions.Tree.user_clicks_on_get_started_button_from_tree_panel()&amp#27;[0m
  &amp#27;[32mGiven &amp#27;[0m&amp#27;[32mThe user is on the Implementation Of BST page&amp#27;[0m                &amp#27;[90m# StepDefinitions.Tree.the_user_is_on_the_implementation_of_bst_page()&amp#27;[0m
  &amp#27;[32mWhen &amp#27;[0m&amp#27;[32mThe user clicks Try Here button&amp#27;[0m                               &amp#27;[90m# StepDefinitions.Tree.the_user_clicks_try_here_button()&amp#27;[0m
[INFO ] 2024-12-09 22:29:50.748 [TestNG-PoolService-3] Hooks - ======================  New Test Execution is STARTED!! ======================
]]></system-out>
    <system-err><![CDATA[Dec 09, 2024 10:29:50 PM org.openqa.selenium.devtools.CdpVersionFinder findNearestMatch
WARNING: Unable to find an exact match for CDP version 131, returning the closest version; found: 130; Please update to a Selenium version that supports CDP version 131
]]></system-err>
  </testcase>
</testsuite>