<?xml version="1.0" encoding="UTF-8"?>
<testsuite xmlns:xsi="http://www.w3.org/2001/XMLSchema-instance" xsi:noNamespaceSchemaLocation="https://maven.apache.org/surefire/maven-surefire-plugin/xsd/surefire-test-report-3.0.xsd" version="3.0" name="TestSuite" time="2,356.329" tests="651" errors="0" skipped="0" failures="154">
  <properties>
    <property name="java.specification.version" value="21"/>
    <property name="sun.cpu.isalist" value="amd64"/>
    <property name="sun.jnu.encoding" value="Cp1252"/>
    <property name="java.class.path" value="C:\Projects\newFolder-3\Repo1\target\test-classes;C:\Projects\newFolder-3\Repo1\target\classes;C:\Users\vamsh\.m2\repository\io\cucumber\cucumber-testng\7.19.0\cucumber-testng-7.19.0.jar;C:\Users\vamsh\.m2\repository\org\apiguardian\apiguardian-api\1.1.2\apiguardian-api-1.1.2.jar;C:\Users\vamsh\.m2\repository\io\cucumber\cucumber-core\7.19.0\cucumber-core-7.19.0.jar;C:\Users\vamsh\.m2\repository\io\cucumber\cucumber-gherkin\7.19.0\cucumber-gherkin-7.19.0.jar;C:\Users\vamsh\.m2\repository\io\cucumber\cucumber-gherkin-messages\7.19.0\cucumber-gherkin-messages-7.19.0.jar;C:\Users\vamsh\.m2\repository\io\cucumber\gherkin\28.0.0\gherkin-28.0.0.jar;C:\Users\vamsh\.m2\repository\io\cucumber\messages\24.1.0\messages-24.1.0.jar;C:\Users\vamsh\.m2\repository\io\cucumber\testng-xml-formatter\0.2.0\testng-xml-formatter-0.2.0.jar;C:\Users\vamsh\.m2\repository\io\cucumber\query\12.2.0\query-12.2.0.jar;C:\Users\vamsh\.m2\repository\io\cucumber\tag-expressions\6.1.0\tag-expressions-6.1.0.jar;C:\Users\vamsh\.m2\repository\io\cucumber\cucumber-expressions\17.1.0\cucumber-expressions-17.1.0.jar;C:\Users\vamsh\.m2\repository\io\cucumber\datatable\7.19.0\datatable-7.19.0.jar;C:\Users\vamsh\.m2\repository\io\cucumber\cucumber-plugin\7.19.0\cucumber-plugin-7.19.0.jar;C:\Users\vamsh\.m2\repository\io\cucumber\docstring\7.19.0\docstring-7.19.0.jar;C:\Users\vamsh\.m2\repository\io\cucumber\html-formatter\21.7.0\html-formatter-21.7.0.jar;C:\Users\vamsh\.m2\repository\io\cucumber\junit-xml-formatter\0.5.0\junit-xml-formatter-0.5.0.jar;C:\Users\vamsh\.m2\repository\io\cucumber\ci-environment\10.0.1\ci-environment-10.0.1.jar;C:\Users\vamsh\.m2\repository\io\cucumber\cucumber-html\0.2.7\cucumber-html-0.2.7.jar;C:\Users\vamsh\.m2\repository\io\cucumber\cucumber-java\7.20.1\cucumber-java-7.20.1.jar;C:\Users\vamsh\.m2\repository\org\seleniumhq\selenium\selenium-java\4.26.0\selenium-java-4.26.0.jar;C:\Users\vamsh\.m2\repository\org\seleniumhq\selenium\selenium-api\4.26.0\selenium-api-4.26.0.jar;C:\Users\vamsh\.m2\repository\org\jspecify\jspecify\1.0.0\jspecify-1.0.0.jar;C:\Users\vamsh\.m2\repository\org\seleniumhq\selenium\selenium-chrome-driver\4.26.0\selenium-chrome-driver-4.26.0.jar;C:\Users\vamsh\.m2\repository\com\google\auto\service\auto-service-annotations\1.1.1\auto-service-annotations-1.1.1.jar;C:\Users\vamsh\.m2\repository\org\seleniumhq\selenium\selenium-chromium-driver\4.26.0\selenium-chromium-driver-4.26.0.jar;C:\Users\vamsh\.m2\repository\org\seleniumhq\selenium\selenium-json\4.26.0\selenium-json-4.26.0.jar;C:\Users\vamsh\.m2\repository\org\seleniumhq\selenium\selenium-manager\4.26.0\selenium-manager-4.26.0.jar;C:\Users\vamsh\.m2\repository\org\seleniumhq\selenium\selenium-devtools-v128\4.26.0\selenium-devtools-v128-4.26.0.jar;C:\Users\vamsh\.m2\repository\org\seleniumhq\selenium\selenium-devtools-v129\4.26.0\selenium-devtools-v129-4.26.0.jar;C:\Users\vamsh\.m2\repository\org\seleniumhq\selenium\selenium-devtools-v130\4.26.0\selenium-devtools-v130-4.26.0.jar;C:\Users\vamsh\.m2\repository\org\seleniumhq\selenium\selenium-devtools-v85\4.26.0\selenium-devtools-v85-4.26.0.jar;C:\Users\vamsh\.m2\repository\org\seleniumhq\selenium\selenium-edge-driver\4.26.0\selenium-edge-driver-4.26.0.jar;C:\Users\vamsh\.m2\repository\org\seleniumhq\selenium\selenium-firefox-driver\4.26.0\selenium-firefox-driver-4.26.0.jar;C:\Users\vamsh\.m2\repository\org\seleniumhq\selenium\selenium-http\4.26.0\selenium-http-4.26.0.jar;C:\Users\vamsh\.m2\repository\dev\failsafe\failsafe\3.3.2\failsafe-3.3.2.jar;C:\Users\vamsh\.m2\repository\org\seleniumhq\selenium\selenium-ie-driver\4.26.0\selenium-ie-driver-4.26.0.jar;C:\Users\vamsh\.m2\repository\org\seleniumhq\selenium\selenium-remote-driver\4.26.0\selenium-remote-driver-4.26.0.jar;C:\Users\vamsh\.m2\repository\com\google\guava\guava\33.3.1-jre\guava-33.3.1-jre.jar;C:\Users\vamsh\.m2\repository\com\google\guava\failureaccess\1.0.2\failureaccess-1.0.2.jar;C:\Users\vamsh\.m2\repository\com\google\guava\listenablefuture\9999.0-empty-to-avoid-conflict-with-guava\listenablefuture-9999.0-empty-to-avoid-conflict-with-guava.jar;C:\Users\vamsh\.m2\repository\com\google\code\findbugs\jsr305\3.0.2\jsr305-3.0.2.jar;C:\Users\vamsh\.m2\repository\org\checkerframework\checker-qual\3.43.0\checker-qual-3.43.0.jar;C:\Users\vamsh\.m2\repository\com\google\j2objc\j2objc-annotations\3.0.0\j2objc-annotations-3.0.0.jar;C:\Users\vamsh\.m2\repository\io\opentelemetry\semconv\opentelemetry-semconv\1.25.0-alpha\opentelemetry-semconv-1.25.0-alpha.jar;C:\Users\vamsh\.m2\repository\io\opentelemetry\opentelemetry-api\1.43.0\opentelemetry-api-1.43.0.jar;C:\Users\vamsh\.m2\repository\io\opentelemetry\opentelemetry-context\1.43.0\opentelemetry-context-1.43.0.jar;C:\Users\vamsh\.m2\repository\io\opentelemetry\opentelemetry-exporter-logging\1.43.0\opentelemetry-exporter-logging-1.43.0.jar;C:\Users\vamsh\.m2\repository\io\opentelemetry\opentelemetry-sdk-common\1.43.0\opentelemetry-sdk-common-1.43.0.jar;C:\Users\vamsh\.m2\repository\io\opentelemetry\opentelemetry-sdk-extension-autoconfigure-spi\1.43.0\opentelemetry-sdk-extension-autoconfigure-spi-1.43.0.jar;C:\Users\vamsh\.m2\repository\io\opentelemetry\opentelemetry-sdk-extension-autoconfigure\1.43.0\opentelemetry-sdk-extension-autoconfigure-1.43.0.jar;C:\Users\vamsh\.m2\repository\io\opentelemetry\opentelemetry-api-incubator\1.43.0-alpha\opentelemetry-api-incubator-1.43.0-alpha.jar;C:\Users\vamsh\.m2\repository\io\opentelemetry\opentelemetry-sdk-trace\1.43.0\opentelemetry-sdk-trace-1.43.0.jar;C:\Users\vamsh\.m2\repository\io\opentelemetry\opentelemetry-sdk\1.43.0\opentelemetry-sdk-1.43.0.jar;C:\Users\vamsh\.m2\repository\io\opentelemetry\opentelemetry-sdk-metrics\1.43.0\opentelemetry-sdk-metrics-1.43.0.jar;C:\Users\vamsh\.m2\repository\io\opentelemetry\opentelemetry-sdk-logs\1.43.0\opentelemetry-sdk-logs-1.43.0.jar;C:\Users\vamsh\.m2\repository\net\bytebuddy\byte-buddy\1.15.7\byte-buddy-1.15.7.jar;C:\Users\vamsh\.m2\repository\org\seleniumhq\selenium\selenium-os\4.26.0\selenium-os-4.26.0.jar;C:\Users\vamsh\.m2\repository\org\apache\commons\commons-exec\1.4.0\commons-exec-1.4.0.jar;C:\Users\vamsh\.m2\repository\org\seleniumhq\selenium\selenium-safari-driver\4.26.0\selenium-safari-driver-4.26.0.jar;C:\Users\vamsh\.m2\repository\org\seleniumhq\selenium\selenium-support\4.26.0\selenium-support-4.26.0.jar;C:\Users\vamsh\.m2\repository\org\testng\testng\7.10.2\testng-7.10.2.jar;C:\Users\vamsh\.m2\repository\com\beust\jcommander\1.82\jcommander-1.82.jar;C:\Users\vamsh\.m2\repository\org\webjars\jquery\3.7.1\jquery-3.7.1.jar;C:\Users\vamsh\.m2\repository\io\github\bonigarcia\webdrivermanager\5.9.2\webdrivermanager-5.9.2.jar;C:\Users\vamsh\.m2\repository\com\google\code\gson\gson\2.11.0\gson-2.11.0.jar;C:\Users\vamsh\.m2\repository\com\google\errorprone\error_prone_annotations\2.27.0\error_prone_annotations-2.27.0.jar;C:\Users\vamsh\.m2\repository\com\github\docker-java\docker-java\3.4.0\docker-java-3.4.0.jar;C:\Users\vamsh\.m2\repository\com\github\docker-java\docker-java-core\3.4.0\docker-java-core-3.4.0.jar;C:\Users\vamsh\.m2\repository\com\github\docker-java\docker-java-api\3.4.0\docker-java-api-3.4.0.jar;C:\Users\vamsh\.m2\repository\com\fasterxml\jackson\core\jackson-annotations\2.10.3\jackson-annotations-2.10.3.jar;C:\Users\vamsh\.m2\repository\com\fasterxml\jackson\core\jackson-databind\2.10.3\jackson-databind-2.10.3.jar;C:\Users\vamsh\.m2\repository\com\fasterxml\jackson\core\jackson-core\2.10.3\jackson-core-2.10.3.jar;C:\Users\vamsh\.m2\repository\org\slf4j\jcl-over-slf4j\1.7.30\jcl-over-slf4j-1.7.30.jar;C:\Users\vamsh\.m2\repository\com\github\docker-java\docker-java-transport-httpclient5\3.4.0\docker-java-transport-httpclient5-3.4.0.jar;C:\Users\vamsh\.m2\repository\com\github\docker-java\docker-java-transport\3.4.0\docker-java-transport-3.4.0.jar;C:\Users\vamsh\.m2\repository\net\java\dev\jna\jna\5.13.0\jna-5.13.0.jar;C:\Users\vamsh\.m2\repository\org\brotli\dec\0.1.2\dec-0.1.2.jar;C:\Users\vamsh\.m2\repository\org\apache\commons\commons-lang3\3.15.0\commons-lang3-3.15.0.jar;C:\Users\vamsh\.m2\repository\org\apache\httpcomponents\client5\httpclient5\5.2.1\httpclient5-5.2.1.jar;C:\Users\vamsh\.m2\repository\org\apache\httpcomponents\core5\httpcore5\5.2\httpcore5-5.2.jar;C:\Users\vamsh\.m2\repository\org\apache\httpcomponents\core5\httpcore5-h2\5.2\httpcore5-h2-5.2.jar;C:\Users\vamsh\.m2\repository\org\apache\poi\poi\5.3.0\poi-5.3.0.jar;C:\Users\vamsh\.m2\repository\commons-codec\commons-codec\1.17.0\commons-codec-1.17.0.jar;C:\Users\vamsh\.m2\repository\org\apache\commons\commons-math3\3.6.1\commons-math3-3.6.1.jar;C:\Users\vamsh\.m2\repository\com\zaxxer\SparseBitSet\1.3\SparseBitSet-1.3.jar;C:\Users\vamsh\.m2\repository\org\apache\poi\poi-ooxml\5.3.0\poi-ooxml-5.3.0.jar;C:\Users\vamsh\.m2\repository\org\apache\poi\poi-ooxml-lite\5.3.0\poi-ooxml-lite-5.3.0.jar;C:\Users\vamsh\.m2\repository\com\github\virtuald\curvesapi\1.08\curvesapi-1.08.jar;C:\Users\vamsh\.m2\repository\org\slf4j\slf4j-api\2.0.9\slf4j-api-2.0.9.jar;C:\Users\vamsh\.m2\repository\org\slf4j\slf4j-simple\2.0.16\slf4j-simple-2.0.16.jar;C:\Users\vamsh\.m2\repository\io\qameta\allure\allure-cucumber7-jvm\2.29.1\allure-cucumber7-jvm-2.29.1.jar;C:\Users\vamsh\.m2\repository\io\qameta\allure\allure-java-commons\2.29.1\allure-java-commons-2.29.1.jar;C:\Users\vamsh\.m2\repository\io\qameta\allure\allure-model\2.29.1\allure-model-2.29.1.jar;C:\Users\vamsh\.m2\repository\tech\grasshopper\extent-pdf-report\2.12.0\extent-pdf-report-2.12.0.jar;C:\Users\vamsh\.m2\repository\tech\grasshopper\cucumber-pdf-report\2.14.0\cucumber-pdf-report-2.14.0.jar;C:\Users\vamsh\.m2\repository\org\apache\pdfbox\pdfbox\2.0.26\pdfbox-2.0.26.jar;C:\Users\vamsh\.m2\repository\org\apache\pdfbox\fontbox\2.0.26\fontbox-2.0.26.jar;C:\Users\vamsh\.m2\repository\commons-logging\commons-logging\1.2\commons-logging-1.2.jar;C:\Users\vamsh\.m2\repository\org\knowm\xchart\xchart\3.8.0\xchart-3.8.0.jar;C:\Users\vamsh\.m2\repository\de\erichseifert\vectorgraphics2d\VectorGraphics2D\0.13\VectorGraphics2D-0.13.jar;C:\Users\vamsh\.m2\repository\de\rototor\pdfbox\graphics2d\0.30\graphics2d-0.30.jar;C:\Users\vamsh\.m2\repository\com\madgag\animated-gif-lib\1.4\animated-gif-lib-1.4.jar;C:\Users\vamsh\.m2\repository\org\yaml\snakeyaml\2.0\snakeyaml-2.0.jar;C:\Users\vamsh\.m2\repository\tech\grasshopper\table-layout\1.5.1\table-layout-1.5.1.jar;C:\Users\vamsh\.m2\repository\tech\grasshopper\rest-assured-cucumber-pdf-report\1.5.0\rest-assured-cucumber-pdf-report-1.5.0.jar;C:\Users\vamsh\.m2\repository\org\jsoup\jsoup\1.15.3\jsoup-1.15.3.jar;C:\Users\vamsh\.m2\repository\tech\grasshopper\cucumber-extent-generator\1.0.2\cucumber-extent-generator-1.0.2.jar;C:\Users\vamsh\.m2\repository\tech\grasshopper\extentreports-cucumber7-adapter\1.14.0\extentreports-cucumber7-adapter-1.14.0.jar;C:\Users\vamsh\.m2\repository\com\aventstack\klov-reporter\5.1.0\klov-reporter-5.1.0.jar;C:\Users\vamsh\.m2\repository\org\mongodb\mongodb-driver\3.6.4\mongodb-driver-3.6.4.jar;C:\Users\vamsh\.m2\repository\org\mongodb\mongodb-driver-core\3.6.4\mongodb-driver-core-3.6.4.jar;C:\Users\vamsh\.m2\repository\org\mongodb\bson\3.6.4\bson-3.6.4.jar;C:\Users\vamsh\.m2\repository\org\apache\httpcomponents\httpclient\4.5.13\httpclient-4.5.13.jar;C:\Users\vamsh\.m2\repository\org\apache\httpcomponents\httpcore\4.4.13\httpcore-4.4.13.jar;C:\Users\vamsh\.m2\repository\org\apache\httpcomponents\httpmime\4.5.13\httpmime-4.5.13.jar;C:\Users\vamsh\.m2\repository\tech\grasshopper\htmlextentreporter\1.1.0\htmlextentreporter-1.1.0.jar;C:\Users\vamsh\.m2\repository\tech\grasshopper\extent-excel-report\1.4.0\extent-excel-report-1.4.0.jar;C:\Users\vamsh\.m2\repository\com\aventstack\extentreports\5.1.2\extentreports-5.1.2.jar;C:\Users\vamsh\.m2\repository\io\reactivex\rxjava3\rxjava\3.1.6\rxjava-3.1.6.jar;C:\Users\vamsh\.m2\repository\org\reactivestreams\reactive-streams\1.0.4\reactive-streams-1.0.4.jar;C:\Users\vamsh\.m2\repository\org\freemarker\freemarker\2.3.32\freemarker-2.3.32.jar;C:\Users\vamsh\.m2\repository\org\apache\logging\log4j\log4j-core\2.24.2\log4j-core-2.24.2.jar;C:\Users\vamsh\.m2\repository\org\apache\logging\log4j\log4j-api\2.24.2\log4j-api-2.24.2.jar;C:\Users\vamsh\.m2\repository\org\projectlombok\lombok\1.18.24\lombok-1.18.24.jar;C:\Users\vamsh\.m2\repository\org\apache\xmlbeans\xmlbeans\5.2.2\xmlbeans-5.2.2.jar;C:\Users\vamsh\.m2\repository\org\apache\commons\commons-collections4\4.4\commons-collections4-4.4.jar;C:\Users\vamsh\.m2\repository\org\apache\commons\commons-compress\1.27.1\commons-compress-1.27.1.jar;C:\Users\vamsh\.m2\repository\commons-io\commons-io\2.18.0\commons-io-2.18.0.jar;"/>
    <property name="java.vm.vendor" value="Oracle Corporation"/>
    <property name="sun.arch.data.model" value="64"/>
    <property name="user.variant" value=""/>
    <property name="java.vendor.url" value="https://java.oracle.com/"/>
    <property name="user.timezone" value="America/Chicago"/>
    <property name="os.name" value="Windows 11"/>
    <property name="java.vm.specification.version" value="21"/>
    <property name="sun.java.launcher" value="SUN_STANDARD"/>
    <property name="user.country" value="US"/>
    <property name="sun.boot.library.path" value="C:\Program Files\Java\jdk-21\bin"/>
    <property name="sun.java.command" value="C:\Users\vamsh\AppData\Local\Temp\surefire6670703184703921763\surefirebooter18411304997532105064.jar C:\Users\vamsh\AppData\Local\Temp\surefire6670703184703921763 2024-12-17T11-48-27_010-jvmRun1 surefire5618334541582906501tmp surefire_02711493775938410469tmp"/>
    <property name="jdk.debug" value="release"/>
    <property name="surefire.test.class.path" value="C:\Projects\newFolder-3\Repo1\target\test-classes;C:\Projects\newFolder-3\Repo1\target\classes;C:\Users\vamsh\.m2\repository\io\cucumber\cucumber-testng\7.19.0\cucumber-testng-7.19.0.jar;C:\Users\vamsh\.m2\repository\org\apiguardian\apiguardian-api\1.1.2\apiguardian-api-1.1.2.jar;C:\Users\vamsh\.m2\repository\io\cucumber\cucumber-core\7.19.0\cucumber-core-7.19.0.jar;C:\Users\vamsh\.m2\repository\io\cucumber\cucumber-gherkin\7.19.0\cucumber-gherkin-7.19.0.jar;C:\Users\vamsh\.m2\repository\io\cucumber\cucumber-gherkin-messages\7.19.0\cucumber-gherkin-messages-7.19.0.jar;C:\Users\vamsh\.m2\repository\io\cucumber\gherkin\28.0.0\gherkin-28.0.0.jar;C:\Users\vamsh\.m2\repository\io\cucumber\messages\24.1.0\messages-24.1.0.jar;C:\Users\vamsh\.m2\repository\io\cucumber\testng-xml-formatter\0.2.0\testng-xml-formatter-0.2.0.jar;C:\Users\vamsh\.m2\repository\io\cucumber\query\12.2.0\query-12.2.0.jar;C:\Users\vamsh\.m2\repository\io\cucumber\tag-expressions\6.1.0\tag-expressions-6.1.0.jar;C:\Users\vamsh\.m2\repository\io\cucumber\cucumber-expressions\17.1.0\cucumber-expressions-17.1.0.jar;C:\Users\vamsh\.m2\repository\io\cucumber\datatable\7.19.0\datatable-7.19.0.jar;C:\Users\vamsh\.m2\repository\io\cucumber\cucumber-plugin\7.19.0\cucumber-plugin-7.19.0.jar;C:\Users\vamsh\.m2\repository\io\cucumber\docstring\7.19.0\docstring-7.19.0.jar;C:\Users\vamsh\.m2\repository\io\cucumber\html-formatter\21.7.0\html-formatter-21.7.0.jar;C:\Users\vamsh\.m2\repository\io\cucumber\junit-xml-formatter\0.5.0\junit-xml-formatter-0.5.0.jar;C:\Users\vamsh\.m2\repository\io\cucumber\ci-environment\10.0.1\ci-environment-10.0.1.jar;C:\Users\vamsh\.m2\repository\io\cucumber\cucumber-html\0.2.7\cucumber-html-0.2.7.jar;C:\Users\vamsh\.m2\repository\io\cucumber\cucumber-java\7.20.1\cucumber-java-7.20.1.jar;C:\Users\vamsh\.m2\repository\org\seleniumhq\selenium\selenium-java\4.26.0\selenium-java-4.26.0.jar;C:\Users\vamsh\.m2\repository\org\seleniumhq\selenium\selenium-api\4.26.0\selenium-api-4.26.0.jar;C:\Users\vamsh\.m2\repository\org\jspecify\jspecify\1.0.0\jspecify-1.0.0.jar;C:\Users\vamsh\.m2\repository\org\seleniumhq\selenium\selenium-chrome-driver\4.26.0\selenium-chrome-driver-4.26.0.jar;C:\Users\vamsh\.m2\repository\com\google\auto\service\auto-service-annotations\1.1.1\auto-service-annotations-1.1.1.jar;C:\Users\vamsh\.m2\repository\org\seleniumhq\selenium\selenium-chromium-driver\4.26.0\selenium-chromium-driver-4.26.0.jar;C:\Users\vamsh\.m2\repository\org\seleniumhq\selenium\selenium-json\4.26.0\selenium-json-4.26.0.jar;C:\Users\vamsh\.m2\repository\org\seleniumhq\selenium\selenium-manager\4.26.0\selenium-manager-4.26.0.jar;C:\Users\vamsh\.m2\repository\org\seleniumhq\selenium\selenium-devtools-v128\4.26.0\selenium-devtools-v128-4.26.0.jar;C:\Users\vamsh\.m2\repository\org\seleniumhq\selenium\selenium-devtools-v129\4.26.0\selenium-devtools-v129-4.26.0.jar;C:\Users\vamsh\.m2\repository\org\seleniumhq\selenium\selenium-devtools-v130\4.26.0\selenium-devtools-v130-4.26.0.jar;C:\Users\vamsh\.m2\repository\org\seleniumhq\selenium\selenium-devtools-v85\4.26.0\selenium-devtools-v85-4.26.0.jar;C:\Users\vamsh\.m2\repository\org\seleniumhq\selenium\selenium-edge-driver\4.26.0\selenium-edge-driver-4.26.0.jar;C:\Users\vamsh\.m2\repository\org\seleniumhq\selenium\selenium-firefox-driver\4.26.0\selenium-firefox-driver-4.26.0.jar;C:\Users\vamsh\.m2\repository\org\seleniumhq\selenium\selenium-http\4.26.0\selenium-http-4.26.0.jar;C:\Users\vamsh\.m2\repository\dev\failsafe\failsafe\3.3.2\failsafe-3.3.2.jar;C:\Users\vamsh\.m2\repository\org\seleniumhq\selenium\selenium-ie-driver\4.26.0\selenium-ie-driver-4.26.0.jar;C:\Users\vamsh\.m2\repository\org\seleniumhq\selenium\selenium-remote-driver\4.26.0\selenium-remote-driver-4.26.0.jar;C:\Users\vamsh\.m2\repository\com\google\guava\guava\33.3.1-jre\guava-33.3.1-jre.jar;C:\Users\vamsh\.m2\repository\com\google\guava\failureaccess\1.0.2\failureaccess-1.0.2.jar;C:\Users\vamsh\.m2\repository\com\google\guava\listenablefuture\9999.0-empty-to-avoid-conflict-with-guava\listenablefuture-9999.0-empty-to-avoid-conflict-with-guava.jar;C:\Users\vamsh\.m2\repository\com\google\code\findbugs\jsr305\3.0.2\jsr305-3.0.2.jar;C:\Users\vamsh\.m2\repository\org\checkerframework\checker-qual\3.43.0\checker-qual-3.43.0.jar;C:\Users\vamsh\.m2\repository\com\google\j2objc\j2objc-annotations\3.0.0\j2objc-annotations-3.0.0.jar;C:\Users\vamsh\.m2\repository\io\opentelemetry\semconv\opentelemetry-semconv\1.25.0-alpha\opentelemetry-semconv-1.25.0-alpha.jar;C:\Users\vamsh\.m2\repository\io\opentelemetry\opentelemetry-api\1.43.0\opentelemetry-api-1.43.0.jar;C:\Users\vamsh\.m2\repository\io\opentelemetry\opentelemetry-context\1.43.0\opentelemetry-context-1.43.0.jar;C:\Users\vamsh\.m2\repository\io\opentelemetry\opentelemetry-exporter-logging\1.43.0\opentelemetry-exporter-logging-1.43.0.jar;C:\Users\vamsh\.m2\repository\io\opentelemetry\opentelemetry-sdk-common\1.43.0\opentelemetry-sdk-common-1.43.0.jar;C:\Users\vamsh\.m2\repository\io\opentelemetry\opentelemetry-sdk-extension-autoconfigure-spi\1.43.0\opentelemetry-sdk-extension-autoconfigure-spi-1.43.0.jar;C:\Users\vamsh\.m2\repository\io\opentelemetry\opentelemetry-sdk-extension-autoconfigure\1.43.0\opentelemetry-sdk-extension-autoconfigure-1.43.0.jar;C:\Users\vamsh\.m2\repository\io\opentelemetry\opentelemetry-api-incubator\1.43.0-alpha\opentelemetry-api-incubator-1.43.0-alpha.jar;C:\Users\vamsh\.m2\repository\io\opentelemetry\opentelemetry-sdk-trace\1.43.0\opentelemetry-sdk-trace-1.43.0.jar;C:\Users\vamsh\.m2\repository\io\opentelemetry\opentelemetry-sdk\1.43.0\opentelemetry-sdk-1.43.0.jar;C:\Users\vamsh\.m2\repository\io\opentelemetry\opentelemetry-sdk-metrics\1.43.0\opentelemetry-sdk-metrics-1.43.0.jar;C:\Users\vamsh\.m2\repository\io\opentelemetry\opentelemetry-sdk-logs\1.43.0\opentelemetry-sdk-logs-1.43.0.jar;C:\Users\vamsh\.m2\repository\net\bytebuddy\byte-buddy\1.15.7\byte-buddy-1.15.7.jar;C:\Users\vamsh\.m2\repository\org\seleniumhq\selenium\selenium-os\4.26.0\selenium-os-4.26.0.jar;C:\Users\vamsh\.m2\repository\org\apache\commons\commons-exec\1.4.0\commons-exec-1.4.0.jar;C:\Users\vamsh\.m2\repository\org\seleniumhq\selenium\selenium-safari-driver\4.26.0\selenium-safari-driver-4.26.0.jar;C:\Users\vamsh\.m2\repository\org\seleniumhq\selenium\selenium-support\4.26.0\selenium-support-4.26.0.jar;C:\Users\vamsh\.m2\repository\org\testng\testng\7.10.2\testng-7.10.2.jar;C:\Users\vamsh\.m2\repository\com\beust\jcommander\1.82\jcommander-1.82.jar;C:\Users\vamsh\.m2\repository\org\webjars\jquery\3.7.1\jquery-3.7.1.jar;C:\Users\vamsh\.m2\repository\io\github\bonigarcia\webdrivermanager\5.9.2\webdrivermanager-5.9.2.jar;C:\Users\vamsh\.m2\repository\com\google\code\gson\gson\2.11.0\gson-2.11.0.jar;C:\Users\vamsh\.m2\repository\com\google\errorprone\error_prone_annotations\2.27.0\error_prone_annotations-2.27.0.jar;C:\Users\vamsh\.m2\repository\com\github\docker-java\docker-java\3.4.0\docker-java-3.4.0.jar;C:\Users\vamsh\.m2\repository\com\github\docker-java\docker-java-core\3.4.0\docker-java-core-3.4.0.jar;C:\Users\vamsh\.m2\repository\com\github\docker-java\docker-java-api\3.4.0\docker-java-api-3.4.0.jar;C:\Users\vamsh\.m2\repository\com\fasterxml\jackson\core\jackson-annotations\2.10.3\jackson-annotations-2.10.3.jar;C:\Users\vamsh\.m2\repository\com\fasterxml\jackson\core\jackson-databind\2.10.3\jackson-databind-2.10.3.jar;C:\Users\vamsh\.m2\repository\com\fasterxml\jackson\core\jackson-core\2.10.3\jackson-core-2.10.3.jar;C:\Users\vamsh\.m2\repository\org\slf4j\jcl-over-slf4j\1.7.30\jcl-over-slf4j-1.7.30.jar;C:\Users\vamsh\.m2\repository\com\github\docker-java\docker-java-transport-httpclient5\3.4.0\docker-java-transport-httpclient5-3.4.0.jar;C:\Users\vamsh\.m2\repository\com\github\docker-java\docker-java-transport\3.4.0\docker-java-transport-3.4.0.jar;C:\Users\vamsh\.m2\repository\net\java\dev\jna\jna\5.13.0\jna-5.13.0.jar;C:\Users\vamsh\.m2\repository\org\brotli\dec\0.1.2\dec-0.1.2.jar;C:\Users\vamsh\.m2\repository\org\apache\commons\commons-lang3\3.15.0\commons-lang3-3.15.0.jar;C:\Users\vamsh\.m2\repository\org\apache\httpcomponents\client5\httpclient5\5.2.1\httpclient5-5.2.1.jar;C:\Users\vamsh\.m2\repository\org\apache\httpcomponents\core5\httpcore5\5.2\httpcore5-5.2.jar;C:\Users\vamsh\.m2\repository\org\apache\httpcomponents\core5\httpcore5-h2\5.2\httpcore5-h2-5.2.jar;C:\Users\vamsh\.m2\repository\org\apache\poi\poi\5.3.0\poi-5.3.0.jar;C:\Users\vamsh\.m2\repository\commons-codec\commons-codec\1.17.0\commons-codec-1.17.0.jar;C:\Users\vamsh\.m2\repository\org\apache\commons\commons-math3\3.6.1\commons-math3-3.6.1.jar;C:\Users\vamsh\.m2\repository\com\zaxxer\SparseBitSet\1.3\SparseBitSet-1.3.jar;C:\Users\vamsh\.m2\repository\org\apache\poi\poi-ooxml\5.3.0\poi-ooxml-5.3.0.jar;C:\Users\vamsh\.m2\repository\org\apache\poi\poi-ooxml-lite\5.3.0\poi-ooxml-lite-5.3.0.jar;C:\Users\vamsh\.m2\repository\com\github\virtuald\curvesapi\1.08\curvesapi-1.08.jar;C:\Users\vamsh\.m2\repository\org\slf4j\slf4j-api\2.0.9\slf4j-api-2.0.9.jar;C:\Users\vamsh\.m2\repository\org\slf4j\slf4j-simple\2.0.16\slf4j-simple-2.0.16.jar;C:\Users\vamsh\.m2\repository\io\qameta\allure\allure-cucumber7-jvm\2.29.1\allure-cucumber7-jvm-2.29.1.jar;C:\Users\vamsh\.m2\repository\io\qameta\allure\allure-java-commons\2.29.1\allure-java-commons-2.29.1.jar;C:\Users\vamsh\.m2\repository\io\qameta\allure\allure-model\2.29.1\allure-model-2.29.1.jar;C:\Users\vamsh\.m2\repository\tech\grasshopper\extent-pdf-report\2.12.0\extent-pdf-report-2.12.0.jar;C:\Users\vamsh\.m2\repository\tech\grasshopper\cucumber-pdf-report\2.14.0\cucumber-pdf-report-2.14.0.jar;C:\Users\vamsh\.m2\repository\org\apache\pdfbox\pdfbox\2.0.26\pdfbox-2.0.26.jar;C:\Users\vamsh\.m2\repository\org\apache\pdfbox\fontbox\2.0.26\fontbox-2.0.26.jar;C:\Users\vamsh\.m2\repository\commons-logging\commons-logging\1.2\commons-logging-1.2.jar;C:\Users\vamsh\.m2\repository\org\knowm\xchart\xchart\3.8.0\xchart-3.8.0.jar;C:\Users\vamsh\.m2\repository\de\erichseifert\vectorgraphics2d\VectorGraphics2D\0.13\VectorGraphics2D-0.13.jar;C:\Users\vamsh\.m2\repository\de\rototor\pdfbox\graphics2d\0.30\graphics2d-0.30.jar;C:\Users\vamsh\.m2\repository\com\madgag\animated-gif-lib\1.4\animated-gif-lib-1.4.jar;C:\Users\vamsh\.m2\repository\org\yaml\snakeyaml\2.0\snakeyaml-2.0.jar;C:\Users\vamsh\.m2\repository\tech\grasshopper\table-layout\1.5.1\table-layout-1.5.1.jar;C:\Users\vamsh\.m2\repository\tech\grasshopper\rest-assured-cucumber-pdf-report\1.5.0\rest-assured-cucumber-pdf-report-1.5.0.jar;C:\Users\vamsh\.m2\repository\org\jsoup\jsoup\1.15.3\jsoup-1.15.3.jar;C:\Users\vamsh\.m2\repository\tech\grasshopper\cucumber-extent-generator\1.0.2\cucumber-extent-generator-1.0.2.jar;C:\Users\vamsh\.m2\repository\tech\grasshopper\extentreports-cucumber7-adapter\1.14.0\extentreports-cucumber7-adapter-1.14.0.jar;C:\Users\vamsh\.m2\repository\com\aventstack\klov-reporter\5.1.0\klov-reporter-5.1.0.jar;C:\Users\vamsh\.m2\repository\org\mongodb\mongodb-driver\3.6.4\mongodb-driver-3.6.4.jar;C:\Users\vamsh\.m2\repository\org\mongodb\mongodb-driver-core\3.6.4\mongodb-driver-core-3.6.4.jar;C:\Users\vamsh\.m2\repository\org\mongodb\bson\3.6.4\bson-3.6.4.jar;C:\Users\vamsh\.m2\repository\org\apache\httpcomponents\httpclient\4.5.13\httpclient-4.5.13.jar;C:\Users\vamsh\.m2\repository\org\apache\httpcomponents\httpcore\4.4.13\httpcore-4.4.13.jar;C:\Users\vamsh\.m2\repository\org\apache\httpcomponents\httpmime\4.5.13\httpmime-4.5.13.jar;C:\Users\vamsh\.m2\repository\tech\grasshopper\htmlextentreporter\1.1.0\htmlextentreporter-1.1.0.jar;C:\Users\vamsh\.m2\repository\tech\grasshopper\extent-excel-report\1.4.0\extent-excel-report-1.4.0.jar;C:\Users\vamsh\.m2\repository\com\aventstack\extentreports\5.1.2\extentreports-5.1.2.jar;C:\Users\vamsh\.m2\repository\io\reactivex\rxjava3\rxjava\3.1.6\rxjava-3.1.6.jar;C:\Users\vamsh\.m2\repository\org\reactivestreams\reactive-streams\1.0.4\reactive-streams-1.0.4.jar;C:\Users\vamsh\.m2\repository\org\freemarker\freemarker\2.3.32\freemarker-2.3.32.jar;C:\Users\vamsh\.m2\repository\org\apache\logging\log4j\log4j-core\2.24.2\log4j-core-2.24.2.jar;C:\Users\vamsh\.m2\repository\org\apache\logging\log4j\log4j-api\2.24.2\log4j-api-2.24.2.jar;C:\Users\vamsh\.m2\repository\org\projectlombok\lombok\1.18.24\lombok-1.18.24.jar;C:\Users\vamsh\.m2\repository\org\apache\xmlbeans\xmlbeans\5.2.2\xmlbeans-5.2.2.jar;C:\Users\vamsh\.m2\repository\org\apache\commons\commons-collections4\4.4\commons-collections4-4.4.jar;C:\Users\vamsh\.m2\repository\org\apache\commons\commons-compress\1.27.1\commons-compress-1.27.1.jar;C:\Users\vamsh\.m2\repository\commons-io\commons-io\2.18.0\commons-io-2.18.0.jar;"/>
    <property name="sun.cpu.endian" value="little"/>
    <property name="user.home" value="C:\Users\vamsh"/>
    <property name="user.language" value="en"/>
    <property name="java.specification.vendor" value="Oracle Corporation"/>
    <property name="java.version.date" value="2024-10-15"/>
    <property name="java.home" value="C:\Program Files\Java\jdk-21"/>
    <property name="file.separator" value="\"/>
    <property name="basedir" value="C:\Projects\newFolder-3\Repo1"/>
    <property name="style.color" value="always"/>
    <property name="java.vm.compressedOopsMode" value="Zero based"/>
    <property name="line.separator" value="&#10;"/>
    <property name="java.vm.specification.vendor" value="Oracle Corporation"/>
    <property name="java.specification.name" value="Java Platform API Specification"/>
    <property name="surefire.real.class.path" value="C:\Users\vamsh\AppData\Local\Temp\surefire6670703184703921763\surefirebooter18411304997532105064.jar"/>
    <property name="user.script" value=""/>
    <property name="sun.management.compiler" value="HotSpot 64-Bit Tiered Compilers"/>
    <property name="java.runtime.version" value="21.0.5+9-LTS-239"/>
    <property name="user.name" value="vamsh"/>
    <property name="stdout.encoding" value="Cp1252"/>
    <property name="path.separator" value=";"/>
    <property name="os.version" value="10.0"/>
    <property name="java.runtime.name" value="Java(TM) SE Runtime Environment"/>
    <property name="file.encoding" value="UTF-8"/>
    <property name="java.vm.name" value="Java HotSpot(TM) 64-Bit Server VM"/>
    <property name="localRepository" value="C:\Users\vamsh\.m2\repository"/>
    <property name="java.vendor.url.bug" value="https://bugreport.java.com/bugreport/"/>
    <property name="java.io.tmpdir" value="C:\Users\vamsh\AppData\Local\Temp\"/>
    <property name="java.version" value="21.0.5"/>
    <property name="user.dir" value="C:\Projects\newFolder-3\Repo1"/>
    <property name="os.arch" value="amd64"/>
    <property name="java.vm.specification.name" value="Java Virtual Machine Specification"/>
    <property name="sun.os.patch.level" value=""/>
    <property name="native.encoding" value="Cp1252"/>
    <property name="java.library.path" value="C:\Program Files\Java\jdk-21\bin;C:\WINDOWS\Sun\Java\bin;C:\WINDOWS\system32;C:\WINDOWS;C:\Program Files\Common Files\Oracle\Java\javapath;C:\WINDOWS\system32;C:\WINDOWS;C:\WINDOWS\System32\Wbem;C:\WINDOWS\System32\WindowsPowerShell\v1.0\;C:\WINDOWS\System32\OpenSSH\;C:\Program Files\dotnet\;C:\Users\vamsh\Downloads\apache-maven-3.9.9\bin;C:\Program Files\Git\cmd;C:\Users\vamsh\allure-2.32.0\bin;C:\Users\vamsh\AppData\Local\Microsoft\WindowsApps;C:\Users\vamsh\AppData\Local\GitHubDesktop\bin;C:\Users\vamsh\AppData\Local\Programs\Microsoft VS Code\bin;C:\Users\vamsh\allure-2.32.0\bin;;."/>
    <property name="java.vm.info" value="mixed mode, sharing"/>
    <property name="stderr.encoding" value="Cp1252"/>
    <property name="java.vendor" value="Oracle Corporation"/>
    <property name="java.vm.version" value="21.0.5+9-LTS-239"/>
    <property name="sun.io.unicode.encoding" value="UnicodeLittle"/>
    <property name="java.class.version" value="65.0"/>
  </properties>
  <testcase name="runScenario[&quot;Validate user navigated to array details page when clicked on get started&quot;, &quot;Array detail page&quot;](1)" classname="TestRunners.TestRunner" time="5.785">
    <system-out><![CDATA[ in runner chrome

Scenario: Validate user can navigate to Arrays in python    &amp#27;[90m# src/test/resources/Features/ArrayDetailsPage.feature:10&amp#27;[0m

Scenario: Validate user can Try here link page from Arrays in python &amp#27;[90m# src/test/resources/Features/ArrayDetailsPage.feature:15&amp#27;[0m

Scenario: Validate user navigated to array details page when clicked on get started &amp#27;[90m# src/test/resources/Features/ArrayDetailsPage.feature:7&amp#27;[0m
  &amp#27;[32mGiven &amp#27;[0m&amp#27;[32mThe user is on the DS Introduction page as signedIn&amp#27;[0m &amp#27;[90m# StepDefinitions.DSIntroductionDetails.the_user_is_on_the_ds_introduction_page_as_signed_in()&amp#27;[0m
  &amp#27;[32mGiven &amp#27;[0m&amp#27;[32mThe user is on the DS Introduction page as signedIn&amp#27;[0m          &amp#27;[90m# StepDefinitions.DSIntroductionDetails.the_user_is_on_the_ds_introduction_page_as_signed_in()&amp#27;[0m
  &amp#27;[32mGiven &amp#27;[0m&amp#27;[32mThe user is on the DS Introduction page as signedIn&amp#27;[0m                         &amp#27;[90m# StepDefinitions.DSIntroductionDetails.the_user_is_on_the_ds_introduction_page_as_signed_in()&amp#27;[0m
  &amp#27;[32mWhen &amp#27;[0m&amp#27;[32mThe user clicks on Get Started link for array&amp#27;[0m        &amp#27;[90m# StepDefinitions.ArrayStepDefintions.the_user_clicks_on_get_started_link_for_array()&amp#27;[0m
  &amp#27;[32mWhen &amp#27;[0m&amp#27;[32mThe user clicks on Get Started link for array&amp#27;[0m                 &amp#27;[90m# StepDefinitions.ArrayStepDefintions.the_user_clicks_on_get_started_link_for_array()&amp#27;[0m
  &amp#27;[32mGiven &amp#27;[0m&amp#27;[32mThe user is on the array details page&amp#27;[0m               &amp#27;[90m# StepDefinitions.ArrayStepDefintions.the_user_is_on_the_array_details_page()&amp#27;[0m
  &amp#27;[32mWhen &amp#27;[0m&amp#27;[32mThe user clicks on Get Started link for array&amp#27;[0m                                &amp#27;[90m# StepDefinitions.ArrayStepDefintions.the_user_clicks_on_get_started_link_for_array()&amp#27;[0m
  &amp#27;[32mThen &amp#27;[0m&amp#27;[32mThe user is on the array details page&amp#27;[0m                                        &amp#27;[90m# StepDefinitions.ArrayStepDefintions.the_user_is_on_the_array_details_page()&amp#27;[0m
[INFO ] 2024-12-17 11:48:34.730 [TestNG-PoolService-1] Hooks - ======================  Test Execution is completed!! ======================
]]></system-out>
    <system-err><![CDATA[Dec 17, 2024 11:48:31 AM org.openqa.selenium.devtools.CdpVersionFinder findNearestMatch
WARNING: Unable to find an exact match for CDP version 131, returning the closest version; found: 130; Please update to a Selenium version that supports CDP version 131
Dec 17, 2024 11:48:31 AM org.openqa.selenium.devtools.CdpVersionFinder findNearestMatch
WARNING: Unable to find an exact match for CDP version 131, returning the closest version; found: 130; Please update to a Selenium version that supports CDP version 131
Dec 17, 2024 11:48:31 AM org.openqa.selenium.devtools.CdpVersionFinder findNearestMatch
WARNING: Unable to find an exact match for CDP version 131, returning the closest version; found: 130; Please update to a Selenium version that supports CDP version 131
]]></system-err>
  </testcase>
  <testcase name="runScenario[&quot;Validate user navigated to array details page when clicked on get started&quot;, &quot;Array detail page&quot;](1)" classname="TestRunners.TestRunner" time="12.19">
    <system-out><![CDATA[ in runner firefox

Scenario: Validate user can navigate to Arrays in python    &amp#27;[90m# src/test/resources/Features/ArrayDetailsPage.feature:10&amp#27;[0m

Scenario: Validate user can Try here link page from Arrays in python &amp#27;[90m# src/test/resources/Features/ArrayDetailsPage.feature:15&amp#27;[0m

Scenario: Validate user navigated to array details page when clicked on get started &amp#27;[90m# src/test/resources/Features/ArrayDetailsPage.feature:7&amp#27;[0m
  &amp#27;[32mGiven &amp#27;[0m&amp#27;[32mThe user is on the DS Introduction page as signedIn&amp#27;[0m &amp#27;[90m# StepDefinitions.DSIntroductionDetails.the_user_is_on_the_ds_introduction_page_as_signed_in()&amp#27;[0m
  &amp#27;[32mWhen &amp#27;[0m&amp#27;[32mThe user clicks on Get Started link for array&amp#27;[0m        &amp#27;[90m# StepDefinitions.ArrayStepDefintions.the_user_clicks_on_get_started_link_for_array()&amp#27;[0m
  &amp#27;[32mGiven &amp#27;[0m&amp#27;[32mThe user is on the DS Introduction page as signedIn&amp#27;[0m                         &amp#27;[90m# StepDefinitions.DSIntroductionDetails.the_user_is_on_the_ds_introduction_page_as_signed_in()&amp#27;[0m
  &amp#27;[32mGiven &amp#27;[0m&amp#27;[32mThe user is on the array details page&amp#27;[0m               &amp#27;[90m# StepDefinitions.ArrayStepDefintions.the_user_is_on_the_array_details_page()&amp#27;[0m
  &amp#27;[32mWhen &amp#27;[0m&amp#27;[32mThe user clicks on Get Started link for array&amp#27;[0m                                &amp#27;[90m# StepDefinitions.ArrayStepDefintions.the_user_clicks_on_get_started_link_for_array()&amp#27;[0m
  &amp#27;[32mWhen &amp#27;[0m&amp#27;[32mThe user click on Array in python link&amp#27;[0m               &amp#27;[90m# StepDefinitions.ArrayStepDefintions.the_user_click_on_array_in_python_link()&amp#27;[0m
  &amp#27;[32mThen &amp#27;[0m&amp#27;[32mThe user is on the array details page&amp#27;[0m                                        &amp#27;[90m# StepDefinitions.ArrayStepDefintions.the_user_is_on_the_array_details_page()&amp#27;[0m
[INFO ] 2024-12-17 11:57:12.758 [TestNG-PoolService-1] Hooks - ======================  Test Execution is completed!! ======================
  &amp#27;[32mThen &amp#27;[0m&amp#27;[32mthe user is navigated to array in arrays in python&amp#27;[0m   &amp#27;[90m# StepDefinitions.ArrayStepDefintions.the_user_is_navigated_to_array_in_arrays_in_python()&amp#27;[0m
[INFO ] 2024-12-17 11:57:12.767 [TestNG-PoolService-2] Hooks - ======================  Test Execution is completed!! ======================
  &amp#27;[32mGiven &amp#27;[0m&amp#27;[32mThe user is on the DS Introduction page as signedIn&amp#27;[0m          &amp#27;[90m# StepDefinitions.DSIntroductionDetails.the_user_is_on_the_ds_introduction_page_as_signed_in()&amp#27;[0m
  &amp#27;[32mWhen &amp#27;[0m&amp#27;[32mThe user clicks on Get Started link for array&amp#27;[0m                 &amp#27;[90m# StepDefinitions.ArrayStepDefintions.the_user_clicks_on_get_started_link_for_array()&amp#27;[0m
  &amp#27;[32mGiven &amp#27;[0m&amp#27;[32mThe user is on the arrays in python page&amp#27;[0m                     &amp#27;[90m# StepDefinitions.ArrayStepDefintions.the_user_is_on_the_arrays_in_python_page()&amp#27;[0m
]]></system-out>
    <system-err><![CDATA[Dec 17, 2024 11:56:47 AM tech.grasshopper.pdf.PDFCucumberReport collectReportConfiguration
INFO: PDF report configuration YAML file not found. Using default settings.
]]></system-err>
  </testcase>
  <testcase name="runScenario[&quot;Validate user navigated to array details page when clicked on get started&quot;, &quot;Array detail page&quot;](1)" classname="TestRunners.TestRunner" time="10.419">
    <system-out><![CDATA[ in runner edge

Scenario: Validate user navigated to array details page when clicked on get started &amp#27;[90m# src/test/resources/Features/ArrayDetailsPage.feature:7&amp#27;[0m

Scenario: Validate user can Try here link page from Arrays in python &amp#27;[90m# src/test/resources/Features/ArrayDetailsPage.feature:15&amp#27;[0m

Scenario: Validate user can navigate to Arrays in python    &amp#27;[90m# src/test/resources/Features/ArrayDetailsPage.feature:10&amp#27;[0m
  &amp#27;[32mGiven &amp#27;[0m&amp#27;[32mThe user is on the DS Introduction page as signedIn&amp#27;[0m &amp#27;[90m# StepDefinitions.DSIntroductionDetails.the_user_is_on_the_ds_introduction_page_as_signed_in()&amp#27;[0m
  &amp#27;[32mGiven &amp#27;[0m&amp#27;[32mThe user is on the DS Introduction page as signedIn&amp#27;[0m          &amp#27;[90m# StepDefinitions.DSIntroductionDetails.the_user_is_on_the_ds_introduction_page_as_signed_in()&amp#27;[0m
  &amp#27;[32mGiven &amp#27;[0m&amp#27;[32mThe user is on the DS Introduction page as signedIn&amp#27;[0m                         &amp#27;[90m# StepDefinitions.DSIntroductionDetails.the_user_is_on_the_ds_introduction_page_as_signed_in()&amp#27;[0m
  &amp#27;[32mWhen &amp#27;[0m&amp#27;[32mThe user clicks on Get Started link for array&amp#27;[0m        &amp#27;[90m# StepDefinitions.ArrayStepDefintions.the_user_clicks_on_get_started_link_for_array()&amp#27;[0m
  &amp#27;[32mWhen &amp#27;[0m&amp#27;[32mThe user clicks on Get Started link for array&amp#27;[0m                 &amp#27;[90m# StepDefinitions.ArrayStepDefintions.the_user_clicks_on_get_started_link_for_array()&amp#27;[0m
  &amp#27;[32mWhen &amp#27;[0m&amp#27;[32mThe user clicks on Get Started link for array&amp#27;[0m                                &amp#27;[90m# StepDefinitions.ArrayStepDefintions.the_user_clicks_on_get_started_link_for_array()&amp#27;[0m
  &amp#27;[32mGiven &amp#27;[0m&amp#27;[32mThe user is on the array details page&amp#27;[0m               &amp#27;[90m# StepDefinitions.ArrayStepDefintions.the_user_is_on_the_array_details_page()&amp#27;[0m
  &amp#27;[32mThen &amp#27;[0m&amp#27;[32mThe user is on the array details page&amp#27;[0m                                        &amp#27;[90m# StepDefinitions.ArrayStepDefintions.the_user_is_on_the_array_details_page()&amp#27;[0m
[INFO ] 2024-12-17 12:15:36.617 [TestNG-PoolService-1] Hooks - ======================  Test Execution is completed!! ======================
  &amp#27;[32mGiven &amp#27;[0m&amp#27;[32mThe user is on the arrays in python page&amp#27;[0m                     &amp#27;[90m# StepDefinitions.ArrayStepDefintions.the_user_is_on_the_arrays_in_python_page()&amp#27;[0m
  &amp#27;[32mWhen &amp#27;[0m&amp#27;[32mThe user click on Array in python link&amp#27;[0m               &amp#27;[90m# StepDefinitions.ArrayStepDefintions.the_user_click_on_array_in_python_link()&amp#27;[0m
  &amp#27;[32mThen &amp#27;[0m&amp#27;[32mthe user is navigated to array in arrays in python&amp#27;[0m   &amp#27;[90m# StepDefinitions.ArrayStepDefintions.the_user_is_navigated_to_array_in_arrays_in_python()&amp#27;[0m
[INFO ] 2024-12-17 12:15:37.275 [TestNG-PoolService-2] Hooks - ======================  Test Execution is completed!! ======================
  &amp#27;[32mWhen &amp#27;[0m&amp#27;[32mUser clicks Try here link&amp#27;[0m                                     &amp#27;[90m# StepDefinitions.DSIntroductionDetails.user_clicks_try_here_link()&amp#27;[0m
  &amp#27;[32mThen &amp#27;[0m&amp#27;[32mUser should navigate to tryEditor page&amp#27;[0m                        &amp#27;[90m# StepDefinitions.DSIntroductionDetails.user_should_navigate_to_try_editor_page()&amp#27;[0m
[INFO ] 2024-12-17 12:15:37.829 [TestNG-PoolService-3] Hooks - ======================  Test Execution is completed!! ======================
]]></system-out>
    <system-err><![CDATA[Dec 17, 2024 12:15:08 PM tech.grasshopper.pdf.PDFCucumberReport collectReportConfiguration
INFO: PDF report configuration YAML file not found. Using default settings.
Dec 17, 2024 12:15:27 PM tech.grasshopper.pdf.PDFCucumberReport createReport
SEVERE: An exception occurred
java.io.IOException: The TrueType font null does not contain a 'cmap' table
	at org.apache.fontbox.ttf.TrueTypeFont.getUnicodeCmapImpl(TrueTypeFont.java:562)
	at org.apache.fontbox.ttf.TrueTypeFont.getUnicodeCmapLookup(TrueTypeFont.java:542)
	at org.apache.fontbox.ttf.TrueTypeFont.getUnicodeCmapLookup(TrueTypeFont.java:528)
	at org.apache.fontbox.ttf.TTFSubsetter.<init>(TTFSubsetter.java:90)
	at org.apache.pdfbox.pdmodel.font.TrueTypeEmbedder.subset(TrueTypeEmbedder.java:347)
	at org.apache.pdfbox.pdmodel.font.PDType0Font.subset(PDType0Font.java:263)
	at org.apache.pdfbox.pdmodel.PDDocument.save(PDDocument.java:1369)
	at org.apache.pdfbox.pdmodel.PDDocument.save(PDDocument.java:1344)
	at tech.grasshopper.pdf.PDFCucumberReport.createReport(PDFCucumberReport.java:133)
	at tech.grasshopper.pdf.extent.ExtentPDFCucumberReporter.flush(ExtentPDFCucumberReporter.java:95)
	at tech.grasshopper.pdf.extent.ExtentPDFCucumberReporter$1.onNext(ExtentPDFCucumberReporter.java:69)
	at tech.grasshopper.pdf.extent.ExtentPDFCucumberReporter$1.onNext(ExtentPDFCucumberReporter.java:62)
	at io.reactivex.rxjava3.subjects.PublishSubject$PublishDisposable.onNext(PublishSubject.java:310)
	at io.reactivex.rxjava3.subjects.PublishSubject.onNext(PublishSubject.java:226)
	at com.aventstack.extentreports.ReactiveSubject.onFlush(ReactiveSubject.java:83)
	at com.aventstack.extentreports.AbstractProcessor.onFlush(AbstractProcessor.java:96)
	at com.aventstack.extentreports.ExtentReports.flush(ExtentReports.java:279)
	at com.aventstack.extentreports.service.ExtentService.flush(ExtentService.java:47)
	at com.aventstack.extentreports.cucumber.adapter.ExtentCucumberAdapter.finishReport(ExtentCucumberAdapter.java:301)
	at com.aventstack.extentreports.cucumber.adapter.ExtentCucumberAdapter$8.receive(ExtentCucumberAdapter.java:137)
	at com.aventstack.extentreports.cucumber.adapter.ExtentCucumberAdapter$8.receive(ExtentCucumberAdapter.java:134)
	at io.cucumber.core.eventbus.AbstractEventPublisher.send(AbstractEventPublisher.java:51)
	at io.cucumber.core.eventbus.AbstractEventBus.send(AbstractEventBus.java:12)
	at io.cucumber.core.runtime.SynchronizedEventBus.send(SynchronizedEventBus.java:47)
	at io.cucumber.core.runtime.CucumberExecutionContext.emitTestRunFinished(CucumberExecutionContext.java:117)
	at io.cucumber.core.runtime.CucumberExecutionContext.finishTestRun(CucumberExecutionContext.java:104)
	at io.cucumber.testng.TestNGCucumberRunner.finish(TestNGCucumberRunner.java:145)
	at io.cucumber.testng.AbstractTestNGCucumberTests.tearDownClass(AbstractTestNGCucumberTests.java:57)
	at java.base/jdk.internal.reflect.DirectMethodHandleAccessor.invoke(DirectMethodHandleAccessor.java:103)
	at java.base/java.lang.reflect.Method.invoke(Method.java:580)
	at org.testng.internal.invokers.MethodInvocationHelper.invokeMethod(MethodInvocationHelper.java:141)
	at org.testng.internal.invokers.MethodInvocationHelper.invokeMethodConsideringTimeout(MethodInvocationHelper.java:71)
	at org.testng.internal.invokers.ConfigInvoker.invokeConfigurationMethod(ConfigInvoker.java:400)
	at org.testng.internal.invokers.ConfigInvoker.invokeConfigurations(ConfigInvoker.java:333)
	at org.testng.internal.invokers.TestMethodWorker.invokeAfterClassConfigurations(TestMethodWorker.java:238)
	at org.testng.internal.invokers.TestMethodWorker.invokeAfterClassMethods(TestMethodWorker.java:223)
	at org.testng.internal.invokers.TestMethodWorker.run(TestMethodWorker.java:137)
	at java.base/java.util.ArrayList.forEach(ArrayList.java:1596)
	at org.testng.TestRunner.privateRun(TestRunner.java:739)
	at org.testng.TestRunner.run(TestRunner.java:614)
	at org.testng.SuiteRunner.runTest(SuiteRunner.java:421)
	at org.testng.SuiteRunner.runSequentially(SuiteRunner.java:413)
	at org.testng.SuiteRunner.privateRun(SuiteRunner.java:373)
	at org.testng.SuiteRunner.run(SuiteRunner.java:312)
	at org.testng.SuiteRunnerWorker.runSuite(SuiteRunnerWorker.java:52)
	at org.testng.SuiteRunnerWorker.run(SuiteRunnerWorker.java:95)
	at org.testng.TestNG.runSuitesSequentially(TestNG.java:1274)
	at org.testng.TestNG.runSuitesLocally(TestNG.java:1208)
	at org.testng.TestNG.runSuites(TestNG.java:1112)
	at org.testng.TestNG.run(TestNG.java:1079)
	at org.apache.maven.surefire.testng.TestNGExecutor.run(TestNGExecutor.java:284)
	at org.apache.maven.surefire.testng.TestNGXmlTestSuite.execute(TestNGXmlTestSuite.java:75)
	at org.apache.maven.surefire.testng.TestNGProvider.invoke(TestNGProvider.java:119)
	at org.apache.maven.surefire.booter.ForkedBooter.runSuitesInProcess(ForkedBooter.java:428)
	at org.apache.maven.surefire.booter.ForkedBooter.execute(ForkedBooter.java:162)
	at org.apache.maven.surefire.booter.ForkedBooter.run(ForkedBooter.java:562)
	at org.apache.maven.surefire.booter.ForkedBooter.main(ForkedBooter.java:548)

Dec 17, 2024 12:15:27 PM tech.grasshopper.pdf.extent.ExtentPDFCucumberReporter flush
SEVERE: An exception occurred
tech.grasshopper.pdf.exception.PdfReportException: java.io.IOException: The TrueType font null does not contain a 'cmap' table
	at tech.grasshopper.pdf.PDFCucumberReport.createReport(PDFCucumberReport.java:137)
	at tech.grasshopper.pdf.extent.ExtentPDFCucumberReporter.flush(ExtentPDFCucumberReporter.java:95)
	at tech.grasshopper.pdf.extent.ExtentPDFCucumberReporter$1.onNext(ExtentPDFCucumberReporter.java:69)
	at tech.grasshopper.pdf.extent.ExtentPDFCucumberReporter$1.onNext(ExtentPDFCucumberReporter.java:62)
	at io.reactivex.rxjava3.subjects.PublishSubject$PublishDisposable.onNext(PublishSubject.java:310)
	at io.reactivex.rxjava3.subjects.PublishSubject.onNext(PublishSubject.java:226)
	at com.aventstack.extentreports.ReactiveSubject.onFlush(ReactiveSubject.java:83)
	at com.aventstack.extentreports.AbstractProcessor.onFlush(AbstractProcessor.java:96)
	at com.aventstack.extentreports.ExtentReports.flush(ExtentReports.java:279)
	at com.aventstack.extentreports.service.ExtentService.flush(ExtentService.java:47)
	at com.aventstack.extentreports.cucumber.adapter.ExtentCucumberAdapter.finishReport(ExtentCucumberAdapter.java:301)
	at com.aventstack.extentreports.cucumber.adapter.ExtentCucumberAdapter$8.receive(ExtentCucumberAdapter.java:137)
	at com.aventstack.extentreports.cucumber.adapter.ExtentCucumberAdapter$8.receive(ExtentCucumberAdapter.java:134)
	at io.cucumber.core.eventbus.AbstractEventPublisher.send(AbstractEventPublisher.java:51)
	at io.cucumber.core.eventbus.AbstractEventBus.send(AbstractEventBus.java:12)
	at io.cucumber.core.runtime.SynchronizedEventBus.send(SynchronizedEventBus.java:47)
	at io.cucumber.core.runtime.CucumberExecutionContext.emitTestRunFinished(CucumberExecutionContext.java:117)
	at io.cucumber.core.runtime.CucumberExecutionContext.finishTestRun(CucumberExecutionContext.java:104)
	at io.cucumber.testng.TestNGCucumberRunner.finish(TestNGCucumberRunner.java:145)
	at io.cucumber.testng.AbstractTestNGCucumberTests.tearDownClass(AbstractTestNGCucumberTests.java:57)
	at java.base/jdk.internal.reflect.DirectMethodHandleAccessor.invoke(DirectMethodHandleAccessor.java:103)
	at java.base/java.lang.reflect.Method.invoke(Method.java:580)
	at org.testng.internal.invokers.MethodInvocationHelper.invokeMethod(MethodInvocationHelper.java:141)
	at org.testng.internal.invokers.MethodInvocationHelper.invokeMethodConsideringTimeout(MethodInvocationHelper.java:71)
	at org.testng.internal.invokers.ConfigInvoker.invokeConfigurationMethod(ConfigInvoker.java:400)
	at org.testng.internal.invokers.ConfigInvoker.invokeConfigurations(ConfigInvoker.java:333)
	at org.testng.internal.invokers.TestMethodWorker.invokeAfterClassConfigurations(TestMethodWorker.java:238)
	at org.testng.internal.invokers.TestMethodWorker.invokeAfterClassMethods(TestMethodWorker.java:223)
	at org.testng.internal.invokers.TestMethodWorker.run(TestMethodWorker.java:137)
	at java.base/java.util.ArrayList.forEach(ArrayList.java:1596)
	at org.testng.TestRunner.privateRun(TestRunner.java:739)
	at org.testng.TestRunner.run(TestRunner.java:614)
	at org.testng.SuiteRunner.runTest(SuiteRunner.java:421)
	at org.testng.SuiteRunner.runSequentially(SuiteRunner.java:413)
	at org.testng.SuiteRunner.privateRun(SuiteRunner.java:373)
	at org.testng.SuiteRunner.run(SuiteRunner.java:312)
	at org.testng.SuiteRunnerWorker.runSuite(SuiteRunnerWorker.java:52)
	at org.testng.SuiteRunnerWorker.run(SuiteRunnerWorker.java:95)
	at org.testng.TestNG.runSuitesSequentially(TestNG.java:1274)
	at org.testng.TestNG.runSuitesLocally(TestNG.java:1208)
	at org.testng.TestNG.runSuites(TestNG.java:1112)
	at org.testng.TestNG.run(TestNG.java:1079)
	at org.apache.maven.surefire.testng.TestNGExecutor.run(TestNGExecutor.java:284)
	at org.apache.maven.surefire.testng.TestNGXmlTestSuite.execute(TestNGXmlTestSuite.java:75)
	at org.apache.maven.surefire.testng.TestNGProvider.invoke(TestNGProvider.java:119)
	at org.apache.maven.surefire.booter.ForkedBooter.runSuitesInProcess(ForkedBooter.java:428)
	at org.apache.maven.surefire.booter.ForkedBooter.execute(ForkedBooter.java:162)
	at org.apache.maven.surefire.booter.ForkedBooter.run(ForkedBooter.java:562)
	at org.apache.maven.surefire.booter.ForkedBooter.main(ForkedBooter.java:548)
Caused by: java.io.IOException: The TrueType font null does not contain a 'cmap' table
	at org.apache.fontbox.ttf.TrueTypeFont.getUnicodeCmapImpl(TrueTypeFont.java:562)
	at org.apache.fontbox.ttf.TrueTypeFont.getUnicodeCmapLookup(TrueTypeFont.java:542)
	at org.apache.fontbox.ttf.TrueTypeFont.getUnicodeCmapLookup(TrueTypeFont.java:528)
	at org.apache.fontbox.ttf.TTFSubsetter.<init>(TTFSubsetter.java:90)
	at org.apache.pdfbox.pdmodel.font.TrueTypeEmbedder.subset(TrueTypeEmbedder.java:347)
	at org.apache.pdfbox.pdmodel.font.PDType0Font.subset(PDType0Font.java:263)
	at org.apache.pdfbox.pdmodel.PDDocument.save(PDDocument.java:1369)
	at org.apache.pdfbox.pdmodel.PDDocument.save(PDDocument.java:1344)
	at tech.grasshopper.pdf.PDFCucumberReport.createReport(PDFCucumberReport.java:133)
	... 48 more

Dec 17, 2024 12:15:32 PM org.openqa.selenium.devtools.CdpVersionFinder findNearestMatch
WARNING: Unable to find an exact match for CDP version 131, returning the closest version; found: 130; Please update to a Selenium version that supports CDP version 131
Dec 17, 2024 12:15:32 PM org.openqa.selenium.devtools.CdpVersionFinder findNearestMatch
WARNING: Unable to find an exact match for CDP version 131, returning the closest version; found: 130; Please update to a Selenium version that supports CDP version 131
Dec 17, 2024 12:15:32 PM org.openqa.selenium.devtools.CdpVersionFinder findNearestMatch
WARNING: Unable to find an exact match for CDP version 131, returning the closest version; found: 130; Please update to a Selenium version that supports CDP version 131
]]></system-err>
  </testcase>
  <testcase name="runScenario[&quot;Validate user can navigate to Arrays in python&quot;, &quot;Array detail page&quot;](2)" classname="TestRunners.TestRunner" time="0.552">
    <system-out><![CDATA[
Scenario: Error message displayed for invalid code on try Editor for Queue operations &amp#27;[90m# src/test/resources/Features/ArrayDetailsPage.feature:20&amp#27;[0m
  &amp#27;[32mGiven &amp#27;[0m&amp#27;[32mThe user is on the arrays in python page&amp#27;[0m                     &amp#27;[90m# StepDefinitions.ArrayStepDefintions.the_user_is_on_the_arrays_in_python_page()&amp#27;[0m
  &amp#27;[32mWhen &amp#27;[0m&amp#27;[32mThe user click on Array in python link&amp#27;[0m               &amp#27;[90m# StepDefinitions.ArrayStepDefintions.the_user_click_on_array_in_python_link()&amp#27;[0m
  &amp#27;[32mThen &amp#27;[0m&amp#27;[32mthe user is navigated to array in arrays in python&amp#27;[0m   &amp#27;[90m# StepDefinitions.ArrayStepDefintions.the_user_is_navigated_to_array_in_arrays_in_python()&amp#27;[0m
[INFO ] 2024-12-17 11:48:35.278 [TestNG-PoolService-2] Hooks - ======================  Test Execution is completed!! ======================
]]></system-out>
  </testcase>
  <testcase name="runScenario[&quot;Validate user can navigate to Arrays in python&quot;, &quot;Array detail page&quot;](2)" classname="TestRunners.TestRunner" time="0.058">
    <system-out><![CDATA[
Scenario: Error message displayed for invalid code on try Editor for Queue operations &amp#27;[90m# src/test/resources/Features/ArrayDetailsPage.feature:20&amp#27;[0m
]]></system-out>
  </testcase>
  <testcase name="runScenario[&quot;Validate user can navigate to Arrays in python&quot;, &quot;Array detail page&quot;](2)" classname="TestRunners.TestRunner" time="0.652">
    <system-out><![CDATA[
Scenario: Error message displayed for invalid code on try Editor for Queue operations &amp#27;[90m# src/test/resources/Features/ArrayDetailsPage.feature:20&amp#27;[0m
]]></system-out>
  </testcase>
  <testcase name="runScenario[&quot;Validate user can Try here link page from Arrays in python&quot;, &quot;Array detail page&quot;](3)" classname="TestRunners.TestRunner" time="0.987">
    <system-out><![CDATA[
Scenario: No error message displayed for empty code on try editor for array in python &amp#27;[90m# src/test/resources/Features/ArrayDetailsPage.feature:25&amp#27;[0m
  &amp#27;[32mWhen &amp#27;[0m&amp#27;[32mUser clicks Try here link&amp#27;[0m                                     &amp#27;[90m# StepDefinitions.DSIntroductionDetails.user_clicks_try_here_link()&amp#27;[0m
  &amp#27;[32mThen &amp#27;[0m&amp#27;[32mUser should navigate to tryEditor page&amp#27;[0m                        &amp#27;[90m# StepDefinitions.DSIntroductionDetails.user_should_navigate_to_try_editor_page()&amp#27;[0m
[INFO ] 2024-12-17 11:48:35.940 [TestNG-PoolService-3] Hooks - ======================  Test Execution is completed!! ======================
]]></system-out>
    <system-err><![CDATA[Dec 17, 2024 11:48:36 AM org.openqa.selenium.devtools.CdpVersionFinder findNearestMatch
WARNING: Unable to find an exact match for CDP version 131, returning the closest version; found: 130; Please update to a Selenium version that supports CDP version 131
]]></system-err>
  </testcase>
  <testcase name="runScenario[&quot;Validate user can Try here link page from Arrays in python&quot;, &quot;Array detail page&quot;](3)" classname="TestRunners.TestRunner" time="3.399">
    <system-out><![CDATA[
Scenario: No error message displayed for empty code on try editor for array in python &amp#27;[90m# src/test/resources/Features/ArrayDetailsPage.feature:25&amp#27;[0m
  &amp#27;[32mWhen &amp#27;[0m&amp#27;[32mUser clicks Try here link&amp#27;[0m                                     &amp#27;[90m# StepDefinitions.DSIntroductionDetails.user_clicks_try_here_link()&amp#27;[0m
  &amp#27;[32mThen &amp#27;[0m&amp#27;[32mUser should navigate to tryEditor page&amp#27;[0m                        &amp#27;[90m# StepDefinitions.DSIntroductionDetails.user_should_navigate_to_try_editor_page()&amp#27;[0m
[INFO ] 2024-12-17 11:57:14.883 [TestNG-PoolService-3] Hooks - ======================  Test Execution is completed!! ======================
]]></system-out>
  </testcase>
  <testcase name="runScenario[&quot;Validate user can Try here link page from Arrays in python&quot;, &quot;Array detail page&quot;](3)" classname="TestRunners.TestRunner" time="0.461">
    <system-out><![CDATA[
Scenario: No error message displayed for empty code on try editor for array in python &amp#27;[90m# src/test/resources/Features/ArrayDetailsPage.feature:25&amp#27;[0m
]]></system-out>
  </testcase>
  <testcase name="runScenario[&quot;Error message displayed for invalid code on try Editor for Queue operations&quot;, &quot;Array detail page&quot;](4)" classname="TestRunners.TestRunner" time="4.695">
    <failure message="element not interactable&#10;  (Session info: chrome=131.0.6778.140)&#10;Build info: version: &apos;4.26.0&apos;, revision: &apos;8ccf0219d7&apos;&#10;System info: os.name: &apos;Windows 11&apos;, os.arch: &apos;amd64&apos;, os.version: &apos;10.0&apos;, java.version: &apos;21.0.5&apos;&#10;Driver info: org.openqa.selenium.chrome.ChromeDriver&#10;Command: [f3e1486a11e935f925dbbc256e744361, sendKeysToElement {value=[Ljava.lang.CharSequence;@127a20c0, id=f.8788BBA977EB8259CC59057C166227AF.d.F9A17C01C61AC979D38D7C5DE9EAD7C1.e.49}]&#10;Capabilities {acceptInsecureCerts: false, browserName: chrome, browserVersion: 131.0.6778.140, chrome: {chromedriverVersion: 131.0.6778.108 (3b014839fbc..., userDataDir: C:\Users\vamsh\AppData\Loca...}, fedcm:accounts: true, goog:chromeOptions: {debuggerAddress: localhost:54542}, networkConnectionEnabled: false, pageLoadStrategy: normal, platformName: windows, proxy: Proxy(), se:cdp: ws://localhost:54542/devtoo..., se:cdpVersion: 131.0.6778.140, setWindowRect: true, strictFileInteractability: false, timeouts: {implicit: 0, pageLoad: 300000, script: 30000}, unhandledPromptBehavior: dismiss and notify, webauthn:extension:credBlob: true, webauthn:extension:largeBlob: true, webauthn:extension:minPinLength: true, webauthn:extension:prf: true, webauthn:virtualAuthenticators: true}&#10;Element: [[ChromeDriver: chrome on windows (f3e1486a11e935f925dbbc256e744361)] -&gt; css selector: .CodeMirror textarea]&#10;Session ID: f3e1486a11e935f925dbbc256e744361" type="org.openqa.selenium.ElementNotInteractableException"><![CDATA[org.openqa.selenium.ElementNotInteractableException: 
element not interactable
  (Session info: chrome=131.0.6778.140)
Build info: version: '4.26.0', revision: '8ccf0219d7'
System info: os.name: 'Windows 11', os.arch: 'amd64', os.version: '10.0', java.version: '21.0.5'
Driver info: org.openqa.selenium.chrome.ChromeDriver
Command: [f3e1486a11e935f925dbbc256e744361, sendKeysToElement {value=[Ljava.lang.CharSequence;@127a20c0, id=f.8788BBA977EB8259CC59057C166227AF.d.F9A17C01C61AC979D38D7C5DE9EAD7C1.e.49}]
Capabilities {acceptInsecureCerts: false, browserName: chrome, browserVersion: 131.0.6778.140, chrome: {chromedriverVersion: 131.0.6778.108 (3b014839fbc..., userDataDir: C:\Users\vamsh\AppData\Loca...}, fedcm:accounts: true, goog:chromeOptions: {debuggerAddress: localhost:54542}, networkConnectionEnabled: false, pageLoadStrategy: normal, platformName: windows, proxy: Proxy(), se:cdp: ws://localhost:54542/devtoo..., se:cdpVersion: 131.0.6778.140, setWindowRect: true, strictFileInteractability: false, timeouts: {implicit: 0, pageLoad: 300000, script: 30000}, unhandledPromptBehavior: dismiss and notify, webauthn:extension:credBlob: true, webauthn:extension:largeBlob: true, webauthn:extension:minPinLength: true, webauthn:extension:prf: true, webauthn:virtualAuthenticators: true}
Element: [[ChromeDriver: chrome on windows (f3e1486a11e935f925dbbc256e744361)] -> css selector: .CodeMirror textarea]
Session ID: f3e1486a11e935f925dbbc256e744361
]]></failure>
    <system-out><![CDATA[
Scenario: Valid code on try editor for arrays in python runs successfully &amp#27;[90m# src/test/resources/Features/ArrayDetailsPage.feature:30&amp#27;[0m
  &amp#27;[32mGiven &amp#27;[0m&amp#27;[32mThe user is on the DS Introduction page as signedIn&amp#27;[0m                           &amp#27;[90m# StepDefinitions.DSIntroductionDetails.the_user_is_on_the_ds_introduction_page_as_signed_in()&amp#27;[0m
  &amp#27;[32mWhen &amp#27;[0m&amp#27;[32mThe user clicks on Get Started link for array&amp#27;[0m                                  &amp#27;[90m# StepDefinitions.ArrayStepDefintions.the_user_clicks_on_get_started_link_for_array()&amp#27;[0m
  &amp#27;[32mGiven &amp#27;[0m&amp#27;[32mThe user is on the DS Introduction page as signedIn&amp#27;[0m                           &amp#27;[90m# StepDefinitions.DSIntroductionDetails.the_user_is_on_the_ds_introduction_page_as_signed_in()&amp#27;[0m
  &amp#27;[32mWhen &amp#27;[0m&amp#27;[32mThe user clicks on Get Started link for array&amp#27;[0m                                  &amp#27;[90m# StepDefinitions.ArrayStepDefintions.the_user_clicks_on_get_started_link_for_array()&amp#27;[0m
  &amp#27;[32mGiven &amp#27;[0m&amp#27;[32mThe user is on the arrays in python page&amp#27;[0m                                      &amp#27;[90m# StepDefinitions.ArrayStepDefintions.the_user_is_on_the_arrays_in_python_page()&amp#27;[0m
  &amp#27;[32mGiven &amp#27;[0m&amp#27;[32mThe user is on the DS Introduction page as signedIn&amp#27;[0m               &amp#27;[90m# StepDefinitions.DSIntroductionDetails.the_user_is_on_the_ds_introduction_page_as_signed_in()&amp#27;[0m
  &amp#27;[32mGiven &amp#27;[0m&amp#27;[32mThe user is on the arrays in python page&amp#27;[0m                                      &amp#27;[90m# StepDefinitions.ArrayStepDefintions.the_user_is_on_the_arrays_in_python_page()&amp#27;[0m
  &amp#27;[32mWhen &amp#27;[0m&amp#27;[32mThe user clicks on Get Started link for array&amp#27;[0m                      &amp#27;[90m# StepDefinitions.ArrayStepDefintions.the_user_clicks_on_get_started_link_for_array()&amp#27;[0m
  &amp#27;[31mWhen &amp#27;[0m&amp#27;[31mUser writes invalid code and clicks run button&amp#27;[0m                                 &amp#27;[90m# StepDefinitions.DSIntroductionDetails.user_writes_invalid_code_and_clicks_run_button()&amp#27;[0m
      &amp#27;[31morg.openqa.selenium.ElementNotInteractableException: element not interactable
  (Session info: chrome=131.0.6778.140)
Build info: version: '4.26.0', revision: '8ccf0219d7'
System info: os.name: 'Windows 11', os.arch: 'amd64', os.version: '10.0', java.version: '21.0.5'
Driver info: org.openqa.selenium.chrome.ChromeDriver
Command: [f3e1486a11e935f925dbbc256e744361, sendKeysToElement {value=[Ljava.lang.CharSequence;@127a20c0, id=f.8788BBA977EB8259CC59057C166227AF.d.F9A17C01C61AC979D38D7C5DE9EAD7C1.e.49}]
Capabilities {acceptInsecureCerts: false, browserName: chrome, browserVersion: 131.0.6778.140, chrome: {chromedriverVersion: 131.0.6778.108 (3b014839fbc..., userDataDir: C:\Users\vamsh\AppData\Loca...}, fedcm:accounts: true, goog:chromeOptions: {debuggerAddress: localhost:54542}, networkConnectionEnabled: false, pageLoadStrategy: normal, platformName: windows, proxy: Proxy(), se:cdp: ws://localhost:54542/devtoo..., se:cdpVersion: 131.0.6778.140, setWindowRect: true, strictFileInteractability: false, timeouts: {implicit: 0, pageLoad: 300000, script: 30000}, unhandledPromptBehavior: dismiss and notify, webauthn:extension:credBlob: true, webauthn:extension:largeBlob: true, webauthn:extension:minPinLength: true, webauthn:extension:prf: true, webauthn:virtualAuthenticators: true}
Element: [[ChromeDriver: chrome on windows (f3e1486a11e935f925dbbc256e744361)] -> css selector: .CodeMirror textarea]
Session ID: f3e1486a11e935f925dbbc256e744361
	at java.base/jdk.internal.reflect.DirectConstructorHandleAccessor.newInstance(DirectConstructorHandleAccessor.java:62)
	at java.base/java.lang.reflect.Constructor.newInstanceWithCaller(Constructor.java:502)
	at java.base/java.lang.reflect.Constructor.newInstance(Constructor.java:486)
	at org.openqa.selenium.remote.ErrorCodec.decode(ErrorCodec.java:167)
	at org.openqa.selenium.remote.codec.w3c.W3CHttpResponseCodec.decode(W3CHttpResponseCodec.java:138)
	at org.openqa.selenium.remote.codec.w3c.W3CHttpResponseCodec.decode(W3CHttpResponseCodec.java:50)
	at org.openqa.selenium.remote.HttpCommandExecutor.execute(HttpCommandExecutor.java:190)
	at org.openqa.selenium.remote.service.DriverCommandExecutor.invokeExecute(DriverCommandExecutor.java:216)
	at org.openqa.selenium.remote.service.DriverCommandExecutor.execute(DriverCommandExecutor.java:174)
	at org.openqa.selenium.remote.RemoteWebDriver.execute(RemoteWebDriver.java:545)
	at org.openqa.selenium.remote.RemoteWebElement.execute(RemoteWebElement.java:223)
	at org.openqa.selenium.remote.RemoteWebElement.sendKeys(RemoteWebElement.java:110)
	at PageObjects.IntroductionPage.enterCodeInEditor(IntroductionPage.java:82)
	at StepDefinitions.DSIntroductionDetails.user_writes_invalid_code_and_clicks_run_button(DSIntroductionDetails.java:184)
	at ✽.User writes invalid code and clicks run button(file:///C:/Projects/newFolder-3/Repo1/src/test/resources/Features/ArrayDetailsPage.feature:22)
&amp#27;[0m
  &amp#27;[36mThen &amp#27;[0m&amp#27;[36mThe user should able to see an error message in alert window&amp#27;[0m                   &amp#27;[90m# StepDefinitions.DSIntroductionDetails.the_user_should_able_to_see_an_error_message_in_alert_window()&amp#27;[0m
[ERROR] 2024-12-17 11:48:40.829 [TestNG-PoolService-1] Hooks - ======================  TEST CASE FAILED !! ======================

    Embedding screenshot [image/png 7853 bytes]

[INFO ] 2024-12-17 11:48:40.983 [TestNG-PoolService-1] Hooks - ======================  Screenshot is captured  ======================
[INFO ] 2024-12-17 11:48:40.987 [TestNG-PoolService-1] Hooks - ======================  Test Execution is completed!! ======================
]]></system-out>
    <system-err><![CDATA[Dec 17, 2024 11:48:37 AM org.openqa.selenium.devtools.CdpVersionFinder findNearestMatch
WARNING: Unable to find an exact match for CDP version 131, returning the closest version; found: 130; Please update to a Selenium version that supports CDP version 131
Dec 17, 2024 11:48:38 AM org.openqa.selenium.devtools.CdpVersionFinder findNearestMatch
WARNING: Unable to find an exact match for CDP version 131, returning the closest version; found: 130; Please update to a Selenium version that supports CDP version 131
]]></system-err>
  </testcase>
  <testcase name="runScenario[&quot;Error message displayed for invalid code on try Editor for Queue operations&quot;, &quot;Array detail page&quot;](4)" classname="TestRunners.TestRunner" time="9.521">
    <system-out><![CDATA[
Scenario: Valid code on try editor for arrays in python runs successfully &amp#27;[90m# src/test/resources/Features/ArrayDetailsPage.feature:30&amp#27;[0m
  &amp#27;[32mGiven &amp#27;[0m&amp#27;[32mThe user is on the DS Introduction page as signedIn&amp#27;[0m                           &amp#27;[90m# StepDefinitions.DSIntroductionDetails.the_user_is_on_the_ds_introduction_page_as_signed_in()&amp#27;[0m
  &amp#27;[32mWhen &amp#27;[0m&amp#27;[32mThe user clicks on Get Started link for array&amp#27;[0m                                  &amp#27;[90m# StepDefinitions.ArrayStepDefintions.the_user_clicks_on_get_started_link_for_array()&amp#27;[0m
  &amp#27;[32mGiven &amp#27;[0m&amp#27;[32mThe user is on the arrays in python page&amp#27;[0m                                      &amp#27;[90m# StepDefinitions.ArrayStepDefintions.the_user_is_on_the_arrays_in_python_page()&amp#27;[0m
  &amp#27;[32mGiven &amp#27;[0m&amp#27;[32mThe user is on the DS Introduction page as signedIn&amp#27;[0m                           &amp#27;[90m# StepDefinitions.DSIntroductionDetails.the_user_is_on_the_ds_introduction_page_as_signed_in()&amp#27;[0m
  &amp#27;[32mWhen &amp#27;[0m&amp#27;[32mThe user clicks on Get Started link for array&amp#27;[0m                                  &amp#27;[90m# StepDefinitions.ArrayStepDefintions.the_user_clicks_on_get_started_link_for_array()&amp#27;[0m
  &amp#27;[32mGiven &amp#27;[0m&amp#27;[32mThe user is on the arrays in python page&amp#27;[0m                                      &amp#27;[90m# StepDefinitions.ArrayStepDefintions.the_user_is_on_the_arrays_in_python_page()&amp#27;[0m
  &amp#27;[32mWhen &amp#27;[0m&amp#27;[32mUser writes invalid code and clicks run button&amp#27;[0m                                 &amp#27;[90m# StepDefinitions.DSIntroductionDetails.user_writes_invalid_code_and_clicks_run_button()&amp#27;[0m
  &amp#27;[32mThen &amp#27;[0m&amp#27;[32mThe user should able to see an error message in alert window&amp#27;[0m                   &amp#27;[90m# StepDefinitions.DSIntroductionDetails.the_user_should_able_to_see_an_error_message_in_alert_window()&amp#27;[0m
[INFO ] 2024-12-17 11:57:25.279 [TestNG-PoolService-1] Hooks - ======================  Test Execution is completed!! ======================
  &amp#27;[32mWhen &amp#27;[0m&amp#27;[32mUser clicks on run button with empty code&amp#27;[0m                                      &amp#27;[90m# StepDefinitions.DSIntroductionDetails.user_clicks_on_run_button_with_empty_code()&amp#27;[0m
  &amp#27;[32mThen &amp#27;[0m&amp#27;[32mThe user should not see any error message or alert&amp#27;[0m                             &amp#27;[90m# StepDefinitions.DSIntroductionDetails.the_user_should_not_see_any_error_message_or_alert()&amp#27;[0m
[INFO ] 2024-12-17 11:57:26.409 [TestNG-PoolService-2] Hooks - ======================  Test Execution is completed!! ======================
  &amp#27;[32mGiven &amp#27;[0m&amp#27;[32mThe user is on the DS Introduction page as signedIn&amp#27;[0m               &amp#27;[90m# StepDefinitions.DSIntroductionDetails.the_user_is_on_the_ds_introduction_page_as_signed_in()&amp#27;[0m
  &amp#27;[32mWhen &amp#27;[0m&amp#27;[32mThe user clicks on Get Started link for array&amp#27;[0m                      &amp#27;[90m# StepDefinitions.ArrayStepDefintions.the_user_clicks_on_get_started_link_for_array()&amp#27;[0m
]]></system-out>
  </testcase>
  <testcase name="runScenario[&quot;Error message displayed for invalid code on try Editor for Queue operations&quot;, &quot;Array detail page&quot;](4)" classname="TestRunners.TestRunner" time="8.946">
    <failure message="element not interactable&#10;  (Session info: MicrosoftEdge=131.0.2903.99)&#10;Build info: version: &apos;4.26.0&apos;, revision: &apos;8ccf0219d7&apos;&#10;System info: os.name: &apos;Windows 11&apos;, os.arch: &apos;amd64&apos;, os.version: &apos;10.0&apos;, java.version: &apos;21.0.5&apos;&#10;Driver info: org.openqa.selenium.edge.EdgeDriver&#10;Command: [52aff61ad16c12c64ec50152d915fe35, sendKeysToElement {value=[Ljava.lang.CharSequence;@7c6a1765, id=f.C4753B34A9514AB2A10FE03C1DD2E4F4.d.54F60AA8792CA8D039B56119A3A66832.e.39}]&#10;Capabilities {acceptInsecureCerts: false, browserName: MicrosoftEdge, browserVersion: 131.0.2903.99, fedcm:accounts: true, ms:edgeOptions: {debuggerAddress: localhost:63717}, msedge: {msedgedriverVersion: 131.0.2903.99 (f96a870b1316..., userDataDir: C:\Users\vamsh\AppData\Loca...}, networkConnectionEnabled: false, pageLoadStrategy: normal, platformName: windows, proxy: Proxy(), se:cdp: ws://localhost:63717/devtoo..., se:cdpVersion: 131.0.2903.99, setWindowRect: true, strictFileInteractability: false, timeouts: {implicit: 0, pageLoad: 300000, script: 30000}, unhandledPromptBehavior: dismiss and notify, webauthn:extension:credBlob: true, webauthn:extension:largeBlob: true, webauthn:extension:minPinLength: true, webauthn:extension:prf: true, webauthn:virtualAuthenticators: true}&#10;Element: [[EdgeDriver: MicrosoftEdge on windows (52aff61ad16c12c64ec50152d915fe35)] -&gt; css selector: .CodeMirror textarea]&#10;Session ID: 52aff61ad16c12c64ec50152d915fe35" type="org.openqa.selenium.ElementNotInteractableException"><![CDATA[org.openqa.selenium.ElementNotInteractableException: 
element not interactable
  (Session info: MicrosoftEdge=131.0.2903.99)
Build info: version: '4.26.0', revision: '8ccf0219d7'
System info: os.name: 'Windows 11', os.arch: 'amd64', os.version: '10.0', java.version: '21.0.5'
Driver info: org.openqa.selenium.edge.EdgeDriver
Command: [52aff61ad16c12c64ec50152d915fe35, sendKeysToElement {value=[Ljava.lang.CharSequence;@7c6a1765, id=f.C4753B34A9514AB2A10FE03C1DD2E4F4.d.54F60AA8792CA8D039B56119A3A66832.e.39}]
Capabilities {acceptInsecureCerts: false, browserName: MicrosoftEdge, browserVersion: 131.0.2903.99, fedcm:accounts: true, ms:edgeOptions: {debuggerAddress: localhost:63717}, msedge: {msedgedriverVersion: 131.0.2903.99 (f96a870b1316..., userDataDir: C:\Users\vamsh\AppData\Loca...}, networkConnectionEnabled: false, pageLoadStrategy: normal, platformName: windows, proxy: Proxy(), se:cdp: ws://localhost:63717/devtoo..., se:cdpVersion: 131.0.2903.99, setWindowRect: true, strictFileInteractability: false, timeouts: {implicit: 0, pageLoad: 300000, script: 30000}, unhandledPromptBehavior: dismiss and notify, webauthn:extension:credBlob: true, webauthn:extension:largeBlob: true, webauthn:extension:minPinLength: true, webauthn:extension:prf: true, webauthn:virtualAuthenticators: true}
Element: [[EdgeDriver: MicrosoftEdge on windows (52aff61ad16c12c64ec50152d915fe35)] -> css selector: .CodeMirror textarea]
Session ID: 52aff61ad16c12c64ec50152d915fe35
]]></failure>
    <system-out><![CDATA[
Scenario: Valid code on try editor for arrays in python runs successfully &amp#27;[90m# src/test/resources/Features/ArrayDetailsPage.feature:30&amp#27;[0m
  &amp#27;[32mGiven &amp#27;[0m&amp#27;[32mThe user is on the DS Introduction page as signedIn&amp#27;[0m                           &amp#27;[90m# StepDefinitions.DSIntroductionDetails.the_user_is_on_the_ds_introduction_page_as_signed_in()&amp#27;[0m
  &amp#27;[32mWhen &amp#27;[0m&amp#27;[32mThe user clicks on Get Started link for array&amp#27;[0m                                  &amp#27;[90m# StepDefinitions.ArrayStepDefintions.the_user_clicks_on_get_started_link_for_array()&amp#27;[0m
  &amp#27;[32mGiven &amp#27;[0m&amp#27;[32mThe user is on the DS Introduction page as signedIn&amp#27;[0m                           &amp#27;[90m# StepDefinitions.DSIntroductionDetails.the_user_is_on_the_ds_introduction_page_as_signed_in()&amp#27;[0m
  &amp#27;[32mGiven &amp#27;[0m&amp#27;[32mThe user is on the DS Introduction page as signedIn&amp#27;[0m               &amp#27;[90m# StepDefinitions.DSIntroductionDetails.the_user_is_on_the_ds_introduction_page_as_signed_in()&amp#27;[0m
  &amp#27;[32mGiven &amp#27;[0m&amp#27;[32mThe user is on the arrays in python page&amp#27;[0m                                      &amp#27;[90m# StepDefinitions.ArrayStepDefintions.the_user_is_on_the_arrays_in_python_page()&amp#27;[0m
  &amp#27;[32mWhen &amp#27;[0m&amp#27;[32mThe user clicks on Get Started link for array&amp#27;[0m                                  &amp#27;[90m# StepDefinitions.ArrayStepDefintions.the_user_clicks_on_get_started_link_for_array()&amp#27;[0m
  &amp#27;[32mWhen &amp#27;[0m&amp#27;[32mThe user clicks on Get Started link for array&amp#27;[0m                      &amp#27;[90m# StepDefinitions.ArrayStepDefintions.the_user_clicks_on_get_started_link_for_array()&amp#27;[0m
  &amp#27;[32mGiven &amp#27;[0m&amp#27;[32mThe user is on the arrays in python page&amp#27;[0m                                      &amp#27;[90m# StepDefinitions.ArrayStepDefintions.the_user_is_on_the_arrays_in_python_page()&amp#27;[0m
  &amp#27;[31mWhen &amp#27;[0m&amp#27;[31mUser writes invalid code and clicks run button&amp#27;[0m                                 &amp#27;[90m# StepDefinitions.DSIntroductionDetails.user_writes_invalid_code_and_clicks_run_button()&amp#27;[0m
      &amp#27;[31morg.openqa.selenium.ElementNotInteractableException: element not interactable
  (Session info: MicrosoftEdge=131.0.2903.99)
Build info: version: '4.26.0', revision: '8ccf0219d7'
System info: os.name: 'Windows 11', os.arch: 'amd64', os.version: '10.0', java.version: '21.0.5'
Driver info: org.openqa.selenium.edge.EdgeDriver
Command: [52aff61ad16c12c64ec50152d915fe35, sendKeysToElement {value=[Ljava.lang.CharSequence;@7c6a1765, id=f.C4753B34A9514AB2A10FE03C1DD2E4F4.d.54F60AA8792CA8D039B56119A3A66832.e.39}]
Capabilities {acceptInsecureCerts: false, browserName: MicrosoftEdge, browserVersion: 131.0.2903.99, fedcm:accounts: true, ms:edgeOptions: {debuggerAddress: localhost:63717}, msedge: {msedgedriverVersion: 131.0.2903.99 (f96a870b1316..., userDataDir: C:\Users\vamsh\AppData\Loca...}, networkConnectionEnabled: false, pageLoadStrategy: normal, platformName: windows, proxy: Proxy(), se:cdp: ws://localhost:63717/devtoo..., se:cdpVersion: 131.0.2903.99, setWindowRect: true, strictFileInteractability: false, timeouts: {implicit: 0, pageLoad: 300000, script: 30000}, unhandledPromptBehavior: dismiss and notify, webauthn:extension:credBlob: true, webauthn:extension:largeBlob: true, webauthn:extension:minPinLength: true, webauthn:extension:prf: true, webauthn:virtualAuthenticators: true}
Element: [[EdgeDriver: MicrosoftEdge on windows (52aff61ad16c12c64ec50152d915fe35)] -> css selector: .CodeMirror textarea]
Session ID: 52aff61ad16c12c64ec50152d915fe35
	at java.base/jdk.internal.reflect.DirectConstructorHandleAccessor.newInstance(DirectConstructorHandleAccessor.java:62)
	at java.base/java.lang.reflect.Constructor.newInstanceWithCaller(Constructor.java:502)
	at java.base/java.lang.reflect.Constructor.newInstance(Constructor.java:486)
	at org.openqa.selenium.remote.ErrorCodec.decode(ErrorCodec.java:167)
	at org.openqa.selenium.remote.codec.w3c.W3CHttpResponseCodec.decode(W3CHttpResponseCodec.java:138)
	at org.openqa.selenium.remote.codec.w3c.W3CHttpResponseCodec.decode(W3CHttpResponseCodec.java:50)
	at org.openqa.selenium.remote.HttpCommandExecutor.execute(HttpCommandExecutor.java:190)
	at org.openqa.selenium.remote.service.DriverCommandExecutor.invokeExecute(DriverCommandExecutor.java:216)
	at org.openqa.selenium.remote.service.DriverCommandExecutor.execute(DriverCommandExecutor.java:174)
	at org.openqa.selenium.remote.RemoteWebDriver.execute(RemoteWebDriver.java:545)
	at org.openqa.selenium.remote.RemoteWebElement.execute(RemoteWebElement.java:223)
	at org.openqa.selenium.remote.RemoteWebElement.sendKeys(RemoteWebElement.java:110)
	at PageObjects.IntroductionPage.enterCodeInEditor(IntroductionPage.java:82)
	at StepDefinitions.DSIntroductionDetails.user_writes_invalid_code_and_clicks_run_button(DSIntroductionDetails.java:184)
	at ✽.User writes invalid code and clicks run button(file:///C:/Projects/newFolder-3/Repo1/src/test/resources/Features/ArrayDetailsPage.feature:22)
&amp#27;[0m
  &amp#27;[36mThen &amp#27;[0m&amp#27;[36mThe user should able to see an error message in alert window&amp#27;[0m                   &amp#27;[90m# StepDefinitions.DSIntroductionDetails.the_user_should_able_to_see_an_error_message_in_alert_window()&amp#27;[0m
[ERROR] 2024-12-17 12:15:46.553 [TestNG-PoolService-1] Hooks - ======================  TEST CASE FAILED !! ======================
  &amp#27;[32mGiven &amp#27;[0m&amp#27;[32mThe user is on the arrays in python page&amp#27;[0m                          &amp#27;[90m# StepDefinitions.ArrayStepDefintions.the_user_is_on_the_arrays_in_python_page()&amp#27;[0m

    Embedding screenshot [image/png 7890 bytes]

[INFO ] 2024-12-17 12:15:46.714 [TestNG-PoolService-1] Hooks - ======================  Screenshot is captured  ======================
[INFO ] 2024-12-17 12:15:46.716 [TestNG-PoolService-1] Hooks - ======================  Test Execution is completed!! ======================
  &amp#27;[32mWhen &amp#27;[0m&amp#27;[32mUser clicks on run button with empty code&amp#27;[0m                                      &amp#27;[90m# StepDefinitions.DSIntroductionDetails.user_clicks_on_run_button_with_empty_code()&amp#27;[0m
  &amp#27;[32mThen &amp#27;[0m&amp#27;[32mThe user should not see any error message or alert&amp#27;[0m                             &amp#27;[90m# StepDefinitions.DSIntroductionDetails.the_user_should_not_see_any_error_message_or_alert()&amp#27;[0m
[INFO ] 2024-12-17 12:15:47.390 [TestNG-PoolService-2] Hooks - ======================  Test Execution is completed!! ======================
  &amp#27;[32mWhen &amp#27;[0m&amp#27;[32mUser writes valid code and clicks run button&amp#27;[0m                       &amp#27;[90m# StepDefinitions.DSIntroductionDetails.user_writes_valid_code_and_clicks_run_button()&amp#27;[0m
  &amp#27;[32mThen &amp#27;[0m&amp#27;[32mThe user should able to see output in the console&amp#27;[0m                  &amp#27;[90m# StepDefinitions.DSIntroductionDetails.the_user_should_able_to_see_output_in_the_console()&amp#27;[0m
[INFO ] 2024-12-17 12:15:47.878 [TestNG-PoolService-3] Hooks - ======================  Test Execution is completed!! ======================
]]></system-out>
    <system-err><![CDATA[Dec 17, 2024 12:15:40 PM org.openqa.selenium.devtools.CdpVersionFinder findNearestMatch
WARNING: Unable to find an exact match for CDP version 131, returning the closest version; found: 130; Please update to a Selenium version that supports CDP version 131
Dec 17, 2024 12:15:41 PM org.openqa.selenium.devtools.CdpVersionFinder findNearestMatch
WARNING: Unable to find an exact match for CDP version 131, returning the closest version; found: 130; Please update to a Selenium version that supports CDP version 131
Dec 17, 2024 12:15:42 PM org.openqa.selenium.devtools.CdpVersionFinder findNearestMatch
WARNING: Unable to find an exact match for CDP version 131, returning the closest version; found: 130; Please update to a Selenium version that supports CDP version 131
]]></system-err>
  </testcase>
  <testcase name="runScenario[&quot;No error message displayed for empty code on try editor for array in python&quot;, &quot;Array detail page&quot;](5)" classname="TestRunners.TestRunner" time="0.529">
    <system-out><![CDATA[
Scenario: Validate user can navigate to Arrays using list   &amp#27;[90m# src/test/resources/Features/ArrayDetailsPage.feature:35&amp#27;[0m
  &amp#27;[32mGiven &amp#27;[0m&amp#27;[32mThe user is on the arrays in python page&amp#27;[0m                          &amp#27;[90m# StepDefinitions.ArrayStepDefintions.the_user_is_on_the_arrays_in_python_page()&amp#27;[0m
  &amp#27;[32mWhen &amp#27;[0m&amp#27;[32mUser clicks on run button with empty code&amp#27;[0m                                      &amp#27;[90m# StepDefinitions.DSIntroductionDetails.user_clicks_on_run_button_with_empty_code()&amp#27;[0m
  &amp#27;[32mThen &amp#27;[0m&amp#27;[32mThe user should not see any error message or alert&amp#27;[0m                             &amp#27;[90m# StepDefinitions.DSIntroductionDetails.the_user_should_not_see_any_error_message_or_alert()&amp#27;[0m
[INFO ] 2024-12-17 11:48:41.515 [TestNG-PoolService-2] Hooks - ======================  Test Execution is completed!! ======================
]]></system-out>
  </testcase>
  <testcase name="runScenario[&quot;No error message displayed for empty code on try editor for array in python&quot;, &quot;Array detail page&quot;](5)" classname="TestRunners.TestRunner" time="1.714">
    <system-out><![CDATA[
Scenario: Validate user can navigate to Arrays using list   &amp#27;[90m# src/test/resources/Features/ArrayDetailsPage.feature:35&amp#27;[0m
  &amp#27;[32mGiven &amp#27;[0m&amp#27;[32mThe user is on the arrays in python page&amp#27;[0m                          &amp#27;[90m# StepDefinitions.ArrayStepDefintions.the_user_is_on_the_arrays_in_python_page()&amp#27;[0m
  &amp#27;[32mWhen &amp#27;[0m&amp#27;[32mUser writes valid code and clicks run button&amp#27;[0m                       &amp#27;[90m# StepDefinitions.DSIntroductionDetails.user_writes_valid_code_and_clicks_run_button()&amp#27;[0m
  &amp#27;[32mThen &amp#27;[0m&amp#27;[32mThe user should able to see output in the console&amp#27;[0m                  &amp#27;[90m# StepDefinitions.DSIntroductionDetails.the_user_should_able_to_see_output_in_the_console()&amp#27;[0m
[INFO ] 2024-12-17 11:57:29.162 [TestNG-PoolService-3] Hooks - ======================  Test Execution is completed!! ======================
]]></system-out>
  </testcase>
  <testcase name="runScenario[&quot;No error message displayed for empty code on try editor for array in python&quot;, &quot;Array detail page&quot;](5)" classname="TestRunners.TestRunner" time="0.592">
    <system-out><![CDATA[
Scenario: Validate user can navigate to Arrays using list   &amp#27;[90m# src/test/resources/Features/ArrayDetailsPage.feature:35&amp#27;[0m
]]></system-out>
  </testcase>
  <testcase name="runScenario[&quot;Valid code on try editor for arrays in python runs successfully&quot;, &quot;Array detail page&quot;](6)" classname="TestRunners.TestRunner" time="1.346">
    <failure message="element not interactable&#10;  (Session info: chrome=131.0.6778.140)&#10;Build info: version: &apos;4.26.0&apos;, revision: &apos;8ccf0219d7&apos;&#10;System info: os.name: &apos;Windows 11&apos;, os.arch: &apos;amd64&apos;, os.version: &apos;10.0&apos;, java.version: &apos;21.0.5&apos;&#10;Driver info: org.openqa.selenium.chrome.ChromeDriver&#10;Command: [a5dae87355bb58a320d435271bd4758b, sendKeysToElement {value=[Ljava.lang.CharSequence;@4a376777, id=f.430B3E8C7FC785B1DE1BEF091064AD2A.d.099CA3C14135CE30E943CF093A991465.e.49}]&#10;Capabilities {acceptInsecureCerts: false, browserName: chrome, browserVersion: 131.0.6778.140, chrome: {chromedriverVersion: 131.0.6778.108 (3b014839fbc..., userDataDir: C:\Users\vamsh\AppData\Loca...}, fedcm:accounts: true, goog:chromeOptions: {debuggerAddress: localhost:54607}, networkConnectionEnabled: false, pageLoadStrategy: normal, platformName: windows, proxy: Proxy(), se:cdp: ws://localhost:54607/devtoo..., se:cdpVersion: 131.0.6778.140, setWindowRect: true, strictFileInteractability: false, timeouts: {implicit: 0, pageLoad: 300000, script: 30000}, unhandledPromptBehavior: dismiss and notify, webauthn:extension:credBlob: true, webauthn:extension:largeBlob: true, webauthn:extension:minPinLength: true, webauthn:extension:prf: true, webauthn:virtualAuthenticators: true}&#10;Element: [[ChromeDriver: chrome on windows (a5dae87355bb58a320d435271bd4758b)] -&gt; css selector: .CodeMirror textarea]&#10;Session ID: a5dae87355bb58a320d435271bd4758b" type="org.openqa.selenium.ElementNotInteractableException"><![CDATA[org.openqa.selenium.ElementNotInteractableException: 
element not interactable
  (Session info: chrome=131.0.6778.140)
Build info: version: '4.26.0', revision: '8ccf0219d7'
System info: os.name: 'Windows 11', os.arch: 'amd64', os.version: '10.0', java.version: '21.0.5'
Driver info: org.openqa.selenium.chrome.ChromeDriver
Command: [a5dae87355bb58a320d435271bd4758b, sendKeysToElement {value=[Ljava.lang.CharSequence;@4a376777, id=f.430B3E8C7FC785B1DE1BEF091064AD2A.d.099CA3C14135CE30E943CF093A991465.e.49}]
Capabilities {acceptInsecureCerts: false, browserName: chrome, browserVersion: 131.0.6778.140, chrome: {chromedriverVersion: 131.0.6778.108 (3b014839fbc..., userDataDir: C:\Users\vamsh\AppData\Loca...}, fedcm:accounts: true, goog:chromeOptions: {debuggerAddress: localhost:54607}, networkConnectionEnabled: false, pageLoadStrategy: normal, platformName: windows, proxy: Proxy(), se:cdp: ws://localhost:54607/devtoo..., se:cdpVersion: 131.0.6778.140, setWindowRect: true, strictFileInteractability: false, timeouts: {implicit: 0, pageLoad: 300000, script: 30000}, unhandledPromptBehavior: dismiss and notify, webauthn:extension:credBlob: true, webauthn:extension:largeBlob: true, webauthn:extension:minPinLength: true, webauthn:extension:prf: true, webauthn:virtualAuthenticators: true}
Element: [[ChromeDriver: chrome on windows (a5dae87355bb58a320d435271bd4758b)] -> css selector: .CodeMirror textarea]
Session ID: a5dae87355bb58a320d435271bd4758b
]]></failure>
    <system-out><![CDATA[
Scenario: Validate user can Try here link page from Array using list &amp#27;[90m# src/test/resources/Features/ArrayDetailsPage.feature:40&amp#27;[0m
  &amp#27;[31mWhen &amp#27;[0m&amp#27;[31mUser writes valid code and clicks run button&amp#27;[0m                       &amp#27;[90m# StepDefinitions.DSIntroductionDetails.user_writes_valid_code_and_clicks_run_button()&amp#27;[0m
      &amp#27;[31morg.openqa.selenium.ElementNotInteractableException: element not interactable
  (Session info: chrome=131.0.6778.140)
Build info: version: '4.26.0', revision: '8ccf0219d7'
System info: os.name: 'Windows 11', os.arch: 'amd64', os.version: '10.0', java.version: '21.0.5'
Driver info: org.openqa.selenium.chrome.ChromeDriver
Command: [a5dae87355bb58a320d435271bd4758b, sendKeysToElement {value=[Ljava.lang.CharSequence;@4a376777, id=f.430B3E8C7FC785B1DE1BEF091064AD2A.d.099CA3C14135CE30E943CF093A991465.e.49}]
Capabilities {acceptInsecureCerts: false, browserName: chrome, browserVersion: 131.0.6778.140, chrome: {chromedriverVersion: 131.0.6778.108 (3b014839fbc..., userDataDir: C:\Users\vamsh\AppData\Loca...}, fedcm:accounts: true, goog:chromeOptions: {debuggerAddress: localhost:54607}, networkConnectionEnabled: false, pageLoadStrategy: normal, platformName: windows, proxy: Proxy(), se:cdp: ws://localhost:54607/devtoo..., se:cdpVersion: 131.0.6778.140, setWindowRect: true, strictFileInteractability: false, timeouts: {implicit: 0, pageLoad: 300000, script: 30000}, unhandledPromptBehavior: dismiss and notify, webauthn:extension:credBlob: true, webauthn:extension:largeBlob: true, webauthn:extension:minPinLength: true, webauthn:extension:prf: true, webauthn:virtualAuthenticators: true}
Element: [[ChromeDriver: chrome on windows (a5dae87355bb58a320d435271bd4758b)] -> css selector: .CodeMirror textarea]
Session ID: a5dae87355bb58a320d435271bd4758b
	at java.base/jdk.internal.reflect.DirectConstructorHandleAccessor.newInstance(DirectConstructorHandleAccessor.java:62)
	at java.base/java.lang.reflect.Constructor.newInstanceWithCaller(Constructor.java:502)
	at java.base/java.lang.reflect.Constructor.newInstance(Constructor.java:486)
	at org.openqa.selenium.remote.ErrorCodec.decode(ErrorCodec.java:167)
	at org.openqa.selenium.remote.codec.w3c.W3CHttpResponseCodec.decode(W3CHttpResponseCodec.java:138)
	at org.openqa.selenium.remote.codec.w3c.W3CHttpResponseCodec.decode(W3CHttpResponseCodec.java:50)
	at org.openqa.selenium.remote.HttpCommandExecutor.execute(HttpCommandExecutor.java:190)
	at org.openqa.selenium.remote.service.DriverCommandExecutor.invokeExecute(DriverCommandExecutor.java:216)
	at org.openqa.selenium.remote.service.DriverCommandExecutor.execute(DriverCommandExecutor.java:174)
	at org.openqa.selenium.remote.RemoteWebDriver.execute(RemoteWebDriver.java:545)
	at org.openqa.selenium.remote.RemoteWebElement.execute(RemoteWebElement.java:223)
	at org.openqa.selenium.remote.RemoteWebElement.sendKeys(RemoteWebElement.java:110)
	at PageObjects.IntroductionPage.enterCodeInEditor(IntroductionPage.java:82)
	at StepDefinitions.DSIntroductionDetails.user_writes_valid_code_and_clicks_run_button(DSIntroductionDetails.java:197)
	at ✽.User writes valid code and clicks run button(file:///C:/Projects/newFolder-3/Repo1/src/test/resources/Features/ArrayDetailsPage.feature:32)
&amp#27;[0m
  &amp#27;[36mThen &amp#27;[0m&amp#27;[36mThe user should able to see output in the console&amp#27;[0m                  &amp#27;[90m# StepDefinitions.DSIntroductionDetails.the_user_should_able_to_see_output_in_the_console()&amp#27;[0m
[ERROR] 2024-12-17 11:48:42.363 [TestNG-PoolService-3] Hooks - ======================  TEST CASE FAILED !! ======================

    Embedding screenshot [image/png 7853 bytes]

[INFO ] 2024-12-17 11:48:42.576 [TestNG-PoolService-3] Hooks - ======================  Screenshot is captured  ======================
[INFO ] 2024-12-17 11:48:42.578 [TestNG-PoolService-3] Hooks - ======================  Test Execution is completed!! ======================
]]></system-out>
    <system-err><![CDATA[Dec 17, 2024 11:48:42 AM org.openqa.selenium.devtools.CdpVersionFinder findNearestMatch
WARNING: Unable to find an exact match for CDP version 131, returning the closest version; found: 130; Please update to a Selenium version that supports CDP version 131
]]></system-err>
  </testcase>
  <testcase name="runScenario[&quot;Valid code on try editor for arrays in python runs successfully&quot;, &quot;Array detail page&quot;](6)" classname="TestRunners.TestRunner" time="1.357">
    <system-out><![CDATA[
Scenario: Validate user can Try here link page from Array using list &amp#27;[90m# src/test/resources/Features/ArrayDetailsPage.feature:40&amp#27;[0m
]]></system-out>
  </testcase>
  <testcase name="runScenario[&quot;Valid code on try editor for arrays in python runs successfully&quot;, &quot;Array detail page&quot;](6)" classname="TestRunners.TestRunner" time="0.521">
    <system-out><![CDATA[
Scenario: Validate user can Try here link page from Array using list &amp#27;[90m# src/test/resources/Features/ArrayDetailsPage.feature:40&amp#27;[0m
]]></system-out>
  </testcase>
  <testcase name="runScenario[&quot;Validate user can navigate to Arrays using list&quot;, &quot;Array detail page&quot;](7)" classname="TestRunners.TestRunner" time="3.124">
    <system-out><![CDATA[
Scenario: Error message displayed for invalid code on try Editor for Array using list &amp#27;[90m# src/test/resources/Features/ArrayDetailsPage.feature:45&amp#27;[0m
  &amp#27;[32mGiven &amp#27;[0m&amp#27;[32mThe user is on the DS Introduction page as signedIn&amp#27;[0m &amp#27;[90m# StepDefinitions.DSIntroductionDetails.the_user_is_on_the_ds_introduction_page_as_signed_in()&amp#27;[0m
  &amp#27;[32mWhen &amp#27;[0m&amp#27;[32mThe user clicks on Get Started link for array&amp#27;[0m        &amp#27;[90m# StepDefinitions.ArrayStepDefintions.the_user_clicks_on_get_started_link_for_array()&amp#27;[0m
  &amp#27;[32mGiven &amp#27;[0m&amp#27;[32mThe user is on the DS Introduction page as signedIn&amp#27;[0m          &amp#27;[90m# StepDefinitions.DSIntroductionDetails.the_user_is_on_the_ds_introduction_page_as_signed_in()&amp#27;[0m
  &amp#27;[32mGiven &amp#27;[0m&amp#27;[32mThe user is on the array details page&amp#27;[0m               &amp#27;[90m# StepDefinitions.ArrayStepDefintions.the_user_is_on_the_array_details_page()&amp#27;[0m
  &amp#27;[32mWhen &amp#27;[0m&amp#27;[32mThe user clicks on Get Started link for array&amp#27;[0m                 &amp#27;[90m# StepDefinitions.ArrayStepDefintions.the_user_clicks_on_get_started_link_for_array()&amp#27;[0m
  &amp#27;[32mWhen &amp#27;[0m&amp#27;[32mThe user click on Array using list link&amp#27;[0m              &amp#27;[90m# StepDefinitions.ArrayStepDefintions.the_user_click_on_array_using_list_link()&amp#27;[0m
  &amp#27;[32mThen &amp#27;[0m&amp#27;[32mthe user is navigated to array in Array using list&amp#27;[0m   &amp#27;[90m# StepDefinitions.ArrayStepDefintions.the_user_is_navigated_to_array_in_array_using_list()&amp#27;[0m
[INFO ] 2024-12-17 11:48:45.930 [TestNG-PoolService-1] Hooks - ======================  Test Execution is completed!! ======================
]]></system-out>
    <system-err><![CDATA[Dec 17, 2024 11:48:43 AM org.openqa.selenium.devtools.CdpVersionFinder findNearestMatch
WARNING: Unable to find an exact match for CDP version 131, returning the closest version; found: 130; Please update to a Selenium version that supports CDP version 131
Dec 17, 2024 11:48:44 AM org.openqa.selenium.devtools.CdpVersionFinder findNearestMatch
WARNING: Unable to find an exact match for CDP version 131, returning the closest version; found: 130; Please update to a Selenium version that supports CDP version 131
]]></system-err>
  </testcase>
  <testcase name="runScenario[&quot;Validate user can navigate to Arrays using list&quot;, &quot;Array detail page&quot;](7)" classname="TestRunners.TestRunner" time="8.985">
    <system-out><![CDATA[
Scenario: Error message displayed for invalid code on try Editor for Array using list &amp#27;[90m# src/test/resources/Features/ArrayDetailsPage.feature:45&amp#27;[0m
  &amp#27;[32mGiven &amp#27;[0m&amp#27;[32mThe user is on the DS Introduction page as signedIn&amp#27;[0m &amp#27;[90m# StepDefinitions.DSIntroductionDetails.the_user_is_on_the_ds_introduction_page_as_signed_in()&amp#27;[0m
  &amp#27;[32mWhen &amp#27;[0m&amp#27;[32mThe user clicks on Get Started link for array&amp#27;[0m        &amp#27;[90m# StepDefinitions.ArrayStepDefintions.the_user_clicks_on_get_started_link_for_array()&amp#27;[0m
  &amp#27;[32mGiven &amp#27;[0m&amp#27;[32mThe user is on the array details page&amp#27;[0m               &amp#27;[90m# StepDefinitions.ArrayStepDefintions.the_user_is_on_the_array_details_page()&amp#27;[0m
  &amp#27;[32mWhen &amp#27;[0m&amp#27;[32mThe user click on Array using list link&amp#27;[0m              &amp#27;[90m# StepDefinitions.ArrayStepDefintions.the_user_click_on_array_using_list_link()&amp#27;[0m
  &amp#27;[32mThen &amp#27;[0m&amp#27;[32mthe user is navigated to array in Array using list&amp#27;[0m   &amp#27;[90m# StepDefinitions.ArrayStepDefintions.the_user_is_navigated_to_array_in_array_using_list()&amp#27;[0m
[INFO ] 2024-12-17 11:57:37.224 [TestNG-PoolService-1] Hooks - ======================  Test Execution is completed!! ======================
  &amp#27;[32mGiven &amp#27;[0m&amp#27;[32mThe user is on the DS Introduction page as signedIn&amp#27;[0m          &amp#27;[90m# StepDefinitions.DSIntroductionDetails.the_user_is_on_the_ds_introduction_page_as_signed_in()&amp#27;[0m
  &amp#27;[32mWhen &amp#27;[0m&amp#27;[32mThe user clicks on Get Started link for array&amp#27;[0m                 &amp#27;[90m# StepDefinitions.ArrayStepDefintions.the_user_clicks_on_get_started_link_for_array()&amp#27;[0m
  &amp#27;[32mGiven &amp#27;[0m&amp#27;[32mThe user is on the Array using list&amp#27;[0m                          &amp#27;[90m# StepDefinitions.ArrayStepDefintions.the_user_is_on_the_array_using_list()&amp#27;[0m
  &amp#27;[32mGiven &amp#27;[0m&amp#27;[32mThe user is on the DS Introduction page as signedIn&amp#27;[0m                           &amp#27;[90m# StepDefinitions.DSIntroductionDetails.the_user_is_on_the_ds_introduction_page_as_signed_in()&amp#27;[0m
]]></system-out>
  </testcase>
  <testcase name="runScenario[&quot;Validate user can navigate to Arrays using list&quot;, &quot;Array detail page&quot;](7)" classname="TestRunners.TestRunner" time="7.385">
    <system-out><![CDATA[
Scenario: Error message displayed for invalid code on try Editor for Array using list &amp#27;[90m# src/test/resources/Features/ArrayDetailsPage.feature:45&amp#27;[0m
  &amp#27;[32mGiven &amp#27;[0m&amp#27;[32mThe user is on the DS Introduction page as signedIn&amp#27;[0m &amp#27;[90m# StepDefinitions.DSIntroductionDetails.the_user_is_on_the_ds_introduction_page_as_signed_in()&amp#27;[0m
  &amp#27;[32mWhen &amp#27;[0m&amp#27;[32mThe user clicks on Get Started link for array&amp#27;[0m        &amp#27;[90m# StepDefinitions.ArrayStepDefintions.the_user_clicks_on_get_started_link_for_array()&amp#27;[0m
  &amp#27;[32mGiven &amp#27;[0m&amp#27;[32mThe user is on the DS Introduction page as signedIn&amp#27;[0m          &amp#27;[90m# StepDefinitions.DSIntroductionDetails.the_user_is_on_the_ds_introduction_page_as_signed_in()&amp#27;[0m
  &amp#27;[32mGiven &amp#27;[0m&amp#27;[32mThe user is on the array details page&amp#27;[0m               &amp#27;[90m# StepDefinitions.ArrayStepDefintions.the_user_is_on_the_array_details_page()&amp#27;[0m
  &amp#27;[32mWhen &amp#27;[0m&amp#27;[32mThe user clicks on Get Started link for array&amp#27;[0m                 &amp#27;[90m# StepDefinitions.ArrayStepDefintions.the_user_clicks_on_get_started_link_for_array()&amp#27;[0m
  &amp#27;[32mWhen &amp#27;[0m&amp#27;[32mThe user click on Array using list link&amp#27;[0m              &amp#27;[90m# StepDefinitions.ArrayStepDefintions.the_user_click_on_array_using_list_link()&amp#27;[0m
  &amp#27;[32mThen &amp#27;[0m&amp#27;[32mthe user is navigated to array in Array using list&amp#27;[0m   &amp#27;[90m# StepDefinitions.ArrayStepDefintions.the_user_is_navigated_to_array_in_array_using_list()&amp#27;[0m
[INFO ] 2024-12-17 12:15:55.301 [TestNG-PoolService-1] Hooks - ======================  Test Execution is completed!! ======================
  &amp#27;[32mGiven &amp#27;[0m&amp#27;[32mThe user is on the DS Introduction page as signedIn&amp#27;[0m                           &amp#27;[90m# StepDefinitions.DSIntroductionDetails.the_user_is_on_the_ds_introduction_page_as_signed_in()&amp#27;[0m
  &amp#27;[32mGiven &amp#27;[0m&amp#27;[32mThe user is on the Array using list&amp#27;[0m                          &amp#27;[90m# StepDefinitions.ArrayStepDefintions.the_user_is_on_the_array_using_list()&amp#27;[0m
  &amp#27;[32mWhen &amp#27;[0m&amp#27;[32mThe user clicks on Get Started link for array&amp#27;[0m                                  &amp#27;[90m# StepDefinitions.ArrayStepDefintions.the_user_clicks_on_get_started_link_for_array()&amp#27;[0m
  &amp#27;[32mGiven &amp#27;[0m&amp#27;[32mThe user is on the Array using list&amp#27;[0m                                           &amp#27;[90m# StepDefinitions.ArrayStepDefintions.the_user_is_on_the_array_using_list()&amp#27;[0m
  &amp#27;[32mWhen &amp#27;[0m&amp#27;[32mUser clicks Try here link&amp#27;[0m                                     &amp#27;[90m# StepDefinitions.DSIntroductionDetails.user_clicks_try_here_link()&amp#27;[0m
  &amp#27;[32mThen &amp#27;[0m&amp#27;[32mUser should navigate to tryEditor page&amp#27;[0m                        &amp#27;[90m# StepDefinitions.DSIntroductionDetails.user_should_navigate_to_try_editor_page()&amp#27;[0m
[INFO ] 2024-12-17 12:15:56.419 [TestNG-PoolService-2] Hooks - ======================  Test Execution is completed!! ======================
]]></system-out>
    <system-err><![CDATA[Dec 17, 2024 12:15:50 PM org.openqa.selenium.devtools.CdpVersionFinder findNearestMatch
WARNING: Unable to find an exact match for CDP version 131, returning the closest version; found: 130; Please update to a Selenium version that supports CDP version 131
Dec 17, 2024 12:15:51 PM org.openqa.selenium.devtools.CdpVersionFinder findNearestMatch
WARNING: Unable to find an exact match for CDP version 131, returning the closest version; found: 130; Please update to a Selenium version that supports CDP version 131
Dec 17, 2024 12:15:52 PM org.openqa.selenium.devtools.CdpVersionFinder findNearestMatch
WARNING: Unable to find an exact match for CDP version 131, returning the closest version; found: 130; Please update to a Selenium version that supports CDP version 131
]]></system-err>
  </testcase>
  <testcase name="runScenario[&quot;Validate user can Try here link page from Array using list&quot;, &quot;Array detail page&quot;](8)" classname="TestRunners.TestRunner" time="1.388">
    <system-out><![CDATA[
Scenario: No error message displayed for empty code on try editor for Array using list &amp#27;[90m# src/test/resources/Features/ArrayDetailsPage.feature:50&amp#27;[0m
  &amp#27;[32mGiven &amp#27;[0m&amp#27;[32mThe user is on the Array using list&amp#27;[0m                          &amp#27;[90m# StepDefinitions.ArrayStepDefintions.the_user_is_on_the_array_using_list()&amp#27;[0m
  &amp#27;[32mGiven &amp#27;[0m&amp#27;[32mThe user is on the DS Introduction page as signedIn&amp#27;[0m                           &amp#27;[90m# StepDefinitions.DSIntroductionDetails.the_user_is_on_the_ds_introduction_page_as_signed_in()&amp#27;[0m
  &amp#27;[32mWhen &amp#27;[0m&amp#27;[32mUser clicks Try here link&amp#27;[0m                                     &amp#27;[90m# StepDefinitions.DSIntroductionDetails.user_clicks_try_here_link()&amp#27;[0m
  &amp#27;[32mThen &amp#27;[0m&amp#27;[32mUser should navigate to tryEditor page&amp#27;[0m                        &amp#27;[90m# StepDefinitions.DSIntroductionDetails.user_should_navigate_to_try_editor_page()&amp#27;[0m
[INFO ] 2024-12-17 11:48:47.303 [TestNG-PoolService-2] Hooks - ======================  Test Execution is completed!! ======================
  &amp#27;[32mWhen &amp#27;[0m&amp#27;[32mThe user clicks on Get Started link for array&amp#27;[0m                                  &amp#27;[90m# StepDefinitions.ArrayStepDefintions.the_user_clicks_on_get_started_link_for_array()&amp#27;[0m
]]></system-out>
    <system-err><![CDATA[Dec 17, 2024 11:48:47 AM org.openqa.selenium.devtools.CdpVersionFinder findNearestMatch
WARNING: Unable to find an exact match for CDP version 131, returning the closest version; found: 130; Please update to a Selenium version that supports CDP version 131
]]></system-err>
  </testcase>
  <testcase name="runScenario[&quot;Validate user can Try here link page from Array using list&quot;, &quot;Array detail page&quot;](8)" classname="TestRunners.TestRunner" time="3.083">
    <system-out><![CDATA[
Scenario: No error message displayed for empty code on try editor for Array using list &amp#27;[90m# src/test/resources/Features/ArrayDetailsPage.feature:50&amp#27;[0m
  &amp#27;[32mWhen &amp#27;[0m&amp#27;[32mThe user clicks on Get Started link for array&amp#27;[0m                                  &amp#27;[90m# StepDefinitions.ArrayStepDefintions.the_user_clicks_on_get_started_link_for_array()&amp#27;[0m
  &amp#27;[32mGiven &amp#27;[0m&amp#27;[32mThe user is on the Array using list&amp#27;[0m                                           &amp#27;[90m# StepDefinitions.ArrayStepDefintions.the_user_is_on_the_array_using_list()&amp#27;[0m
  &amp#27;[32mWhen &amp#27;[0m&amp#27;[32mUser clicks Try here link&amp#27;[0m                                     &amp#27;[90m# StepDefinitions.DSIntroductionDetails.user_clicks_try_here_link()&amp#27;[0m
  &amp#27;[32mThen &amp#27;[0m&amp#27;[32mUser should navigate to tryEditor page&amp#27;[0m                        &amp#27;[90m# StepDefinitions.DSIntroductionDetails.user_should_navigate_to_try_editor_page()&amp#27;[0m
[INFO ] 2024-12-17 11:57:40.714 [TestNG-PoolService-2] Hooks - ======================  Test Execution is completed!! ======================
  &amp#27;[32mWhen &amp#27;[0m&amp#27;[32mUser writes invalid code and clicks run button&amp#27;[0m                                 &amp#27;[90m# StepDefinitions.DSIntroductionDetails.user_writes_invalid_code_and_clicks_run_button()&amp#27;[0m
  &amp#27;[32mThen &amp#27;[0m&amp#27;[32mThe user should able to see an error message in alert window&amp#27;[0m                   &amp#27;[90m# StepDefinitions.DSIntroductionDetails.the_user_should_able_to_see_an_error_message_in_alert_window()&amp#27;[0m
[INFO ] 2024-12-17 11:57:41.407 [TestNG-PoolService-3] Hooks - ======================  Test Execution is completed!! ======================
]]></system-out>
  </testcase>
  <testcase name="runScenario[&quot;Validate user can Try here link page from Array using list&quot;, &quot;Array detail page&quot;](8)" classname="TestRunners.TestRunner" time="1.083">
    <system-out><![CDATA[
Scenario: No error message displayed for empty code on try editor for Array using list &amp#27;[90m# src/test/resources/Features/ArrayDetailsPage.feature:50&amp#27;[0m
  &amp#27;[32mWhen &amp#27;[0m&amp#27;[32mUser writes invalid code and clicks run button&amp#27;[0m                                 &amp#27;[90m# StepDefinitions.DSIntroductionDetails.user_writes_invalid_code_and_clicks_run_button()&amp#27;[0m
  &amp#27;[32mThen &amp#27;[0m&amp#27;[32mThe user should able to see an error message in alert window&amp#27;[0m                   &amp#27;[90m# StepDefinitions.DSIntroductionDetails.the_user_should_able_to_see_an_error_message_in_alert_window()&amp#27;[0m
[INFO ] 2024-12-17 12:15:57.124 [TestNG-PoolService-3] Hooks - ======================  Test Execution is completed!! ======================
]]></system-out>
  </testcase>
  <testcase name="runScenario[&quot;Error message displayed for invalid code on try Editor for Array using list&quot;, &quot;Array detail page&quot;](9)" classname="TestRunners.TestRunner" time="1.843">
    <failure message="element not interactable&#10;  (Session info: chrome=131.0.6778.140)&#10;Build info: version: &apos;4.26.0&apos;, revision: &apos;8ccf0219d7&apos;&#10;System info: os.name: &apos;Windows 11&apos;, os.arch: &apos;amd64&apos;, os.version: &apos;10.0&apos;, java.version: &apos;21.0.5&apos;&#10;Driver info: org.openqa.selenium.chrome.ChromeDriver&#10;Command: [39947774f7e15d25657c1d6adda6f1a7, sendKeysToElement {value=[Ljava.lang.CharSequence;@5970b4a9, id=f.56E531936EF7DFD7CD977C05736CF8F4.d.9C0AAAD06DF7E4742BF485E4C524E2A0.e.47}]&#10;Capabilities {acceptInsecureCerts: false, browserName: chrome, browserVersion: 131.0.6778.140, chrome: {chromedriverVersion: 131.0.6778.108 (3b014839fbc..., userDataDir: C:\Users\vamsh\AppData\Loca...}, fedcm:accounts: true, goog:chromeOptions: {debuggerAddress: localhost:54771}, networkConnectionEnabled: false, pageLoadStrategy: normal, platformName: windows, proxy: Proxy(), se:cdp: ws://localhost:54771/devtoo..., se:cdpVersion: 131.0.6778.140, setWindowRect: true, strictFileInteractability: false, timeouts: {implicit: 0, pageLoad: 300000, script: 30000}, unhandledPromptBehavior: dismiss and notify, webauthn:extension:credBlob: true, webauthn:extension:largeBlob: true, webauthn:extension:minPinLength: true, webauthn:extension:prf: true, webauthn:virtualAuthenticators: true}&#10;Element: [[ChromeDriver: chrome on windows (39947774f7e15d25657c1d6adda6f1a7)] -&gt; css selector: .CodeMirror textarea]&#10;Session ID: 39947774f7e15d25657c1d6adda6f1a7" type="org.openqa.selenium.ElementNotInteractableException"><![CDATA[org.openqa.selenium.ElementNotInteractableException: 
element not interactable
  (Session info: chrome=131.0.6778.140)
Build info: version: '4.26.0', revision: '8ccf0219d7'
System info: os.name: 'Windows 11', os.arch: 'amd64', os.version: '10.0', java.version: '21.0.5'
Driver info: org.openqa.selenium.chrome.ChromeDriver
Command: [39947774f7e15d25657c1d6adda6f1a7, sendKeysToElement {value=[Ljava.lang.CharSequence;@5970b4a9, id=f.56E531936EF7DFD7CD977C05736CF8F4.d.9C0AAAD06DF7E4742BF485E4C524E2A0.e.47}]
Capabilities {acceptInsecureCerts: false, browserName: chrome, browserVersion: 131.0.6778.140, chrome: {chromedriverVersion: 131.0.6778.108 (3b014839fbc..., userDataDir: C:\Users\vamsh\AppData\Loca...}, fedcm:accounts: true, goog:chromeOptions: {debuggerAddress: localhost:54771}, networkConnectionEnabled: false, pageLoadStrategy: normal, platformName: windows, proxy: Proxy(), se:cdp: ws://localhost:54771/devtoo..., se:cdpVersion: 131.0.6778.140, setWindowRect: true, strictFileInteractability: false, timeouts: {implicit: 0, pageLoad: 300000, script: 30000}, unhandledPromptBehavior: dismiss and notify, webauthn:extension:credBlob: true, webauthn:extension:largeBlob: true, webauthn:extension:minPinLength: true, webauthn:extension:prf: true, webauthn:virtualAuthenticators: true}
Element: [[ChromeDriver: chrome on windows (39947774f7e15d25657c1d6adda6f1a7)] -> css selector: .CodeMirror textarea]
Session ID: 39947774f7e15d25657c1d6adda6f1a7
]]></failure>
    <system-out><![CDATA[
Scenario: Valid code on try editor for Array using list runs successfully &amp#27;[90m# src/test/resources/Features/ArrayDetailsPage.feature:55&amp#27;[0m
  &amp#27;[32mGiven &amp#27;[0m&amp#27;[32mThe user is on the Array using list&amp#27;[0m                                           &amp#27;[90m# StepDefinitions.ArrayStepDefintions.the_user_is_on_the_array_using_list()&amp#27;[0m
  &amp#27;[31mWhen &amp#27;[0m&amp#27;[31mUser writes invalid code and clicks run button&amp#27;[0m                                 &amp#27;[90m# StepDefinitions.DSIntroductionDetails.user_writes_invalid_code_and_clicks_run_button()&amp#27;[0m
      &amp#27;[31morg.openqa.selenium.ElementNotInteractableException: element not interactable
  (Session info: chrome=131.0.6778.140)
Build info: version: '4.26.0', revision: '8ccf0219d7'
System info: os.name: 'Windows 11', os.arch: 'amd64', os.version: '10.0', java.version: '21.0.5'
Driver info: org.openqa.selenium.chrome.ChromeDriver
Command: [39947774f7e15d25657c1d6adda6f1a7, sendKeysToElement {value=[Ljava.lang.CharSequence;@5970b4a9, id=f.56E531936EF7DFD7CD977C05736CF8F4.d.9C0AAAD06DF7E4742BF485E4C524E2A0.e.47}]
Capabilities {acceptInsecureCerts: false, browserName: chrome, browserVersion: 131.0.6778.140, chrome: {chromedriverVersion: 131.0.6778.108 (3b014839fbc..., userDataDir: C:\Users\vamsh\AppData\Loca...}, fedcm:accounts: true, goog:chromeOptions: {debuggerAddress: localhost:54771}, networkConnectionEnabled: false, pageLoadStrategy: normal, platformName: windows, proxy: Proxy(), se:cdp: ws://localhost:54771/devtoo..., se:cdpVersion: 131.0.6778.140, setWindowRect: true, strictFileInteractability: false, timeouts: {implicit: 0, pageLoad: 300000, script: 30000}, unhandledPromptBehavior: dismiss and notify, webauthn:extension:credBlob: true, webauthn:extension:largeBlob: true, webauthn:extension:minPinLength: true, webauthn:extension:prf: true, webauthn:virtualAuthenticators: true}
Element: [[ChromeDriver: chrome on windows (39947774f7e15d25657c1d6adda6f1a7)] -> css selector: .CodeMirror textarea]
Session ID: 39947774f7e15d25657c1d6adda6f1a7
	at java.base/jdk.internal.reflect.DirectConstructorHandleAccessor.newInstance(DirectConstructorHandleAccessor.java:62)
	at java.base/java.lang.reflect.Constructor.newInstanceWithCaller(Constructor.java:502)
	at java.base/java.lang.reflect.Constructor.newInstance(Constructor.java:486)
	at org.openqa.selenium.remote.ErrorCodec.decode(ErrorCodec.java:167)
	at org.openqa.selenium.remote.codec.w3c.W3CHttpResponseCodec.decode(W3CHttpResponseCodec.java:138)
	at org.openqa.selenium.remote.codec.w3c.W3CHttpResponseCodec.decode(W3CHttpResponseCodec.java:50)
	at org.openqa.selenium.remote.HttpCommandExecutor.execute(HttpCommandExecutor.java:190)
	at org.openqa.selenium.remote.service.DriverCommandExecutor.invokeExecute(DriverCommandExecutor.java:216)
	at org.openqa.selenium.remote.service.DriverCommandExecutor.execute(DriverCommandExecutor.java:174)
	at org.openqa.selenium.remote.RemoteWebDriver.execute(RemoteWebDriver.java:545)
	at org.openqa.selenium.remote.RemoteWebElement.execute(RemoteWebElement.java:223)
	at org.openqa.selenium.remote.RemoteWebElement.sendKeys(RemoteWebElement.java:110)
	at PageObjects.IntroductionPage.enterCodeInEditor(IntroductionPage.java:82)
	at StepDefinitions.DSIntroductionDetails.user_writes_invalid_code_and_clicks_run_button(DSIntroductionDetails.java:184)
	at ✽.User writes invalid code and clicks run button(file:///C:/Projects/newFolder-3/Repo1/src/test/resources/Features/ArrayDetailsPage.feature:47)
&amp#27;[0m
  &amp#27;[36mThen &amp#27;[0m&amp#27;[36mThe user should able to see an error message in alert window&amp#27;[0m                   &amp#27;[90m# StepDefinitions.DSIntroductionDetails.the_user_should_able_to_see_an_error_message_in_alert_window()&amp#27;[0m
[ERROR] 2024-12-17 11:48:48.846 [TestNG-PoolService-3] Hooks - ======================  TEST CASE FAILED !! ======================

    Embedding screenshot [image/png 7853 bytes]

[INFO ] 2024-12-17 11:48:49.017 [TestNG-PoolService-3] Hooks - ======================  Screenshot is captured  ======================
[INFO ] 2024-12-17 11:48:49.020 [TestNG-PoolService-3] Hooks - ======================  Test Execution is completed!! ======================
]]></system-out>
    <system-err><![CDATA[Dec 17, 2024 11:48:48 AM org.openqa.selenium.devtools.CdpVersionFinder findNearestMatch
WARNING: Unable to find an exact match for CDP version 131, returning the closest version; found: 130; Please update to a Selenium version that supports CDP version 131
]]></system-err>
  </testcase>
  <testcase name="runScenario[&quot;Error message displayed for invalid code on try Editor for Array using list&quot;, &quot;Array detail page&quot;](9)" classname="TestRunners.TestRunner" time="0.352">
    <system-out><![CDATA[
Scenario: Valid code on try editor for Array using list runs successfully &amp#27;[90m# src/test/resources/Features/ArrayDetailsPage.feature:55&amp#27;[0m
]]></system-out>
  </testcase>
  <testcase name="runScenario[&quot;Error message displayed for invalid code on try Editor for Array using list&quot;, &quot;Array detail page&quot;](9)" classname="TestRunners.TestRunner" time="0.667">
    <system-out><![CDATA[
Scenario: Valid code on try editor for Array using list runs successfully &amp#27;[90m# src/test/resources/Features/ArrayDetailsPage.feature:55&amp#27;[0m
]]></system-out>
  </testcase>
  <testcase name="runScenario[&quot;No error message displayed for empty code on try editor for Array using list&quot;, &quot;Array detail page&quot;](10)" classname="TestRunners.TestRunner" time="2.473">
    <system-out><![CDATA[
Scenario: Validate user can navigate to basic opertaions in lists &amp#27;[90m# src/test/resources/Features/ArrayDetailsPage.feature:60&amp#27;[0m
  &amp#27;[32mGiven &amp#27;[0m&amp#27;[32mThe user is on the DS Introduction page as signedIn&amp#27;[0m                            &amp#27;[90m# StepDefinitions.DSIntroductionDetails.the_user_is_on_the_ds_introduction_page_as_signed_in()&amp#27;[0m
  &amp#27;[32mWhen &amp#27;[0m&amp#27;[32mThe user clicks on Get Started link for array&amp#27;[0m                                   &amp#27;[90m# StepDefinitions.ArrayStepDefintions.the_user_clicks_on_get_started_link_for_array()&amp#27;[0m
  &amp#27;[32mGiven &amp#27;[0m&amp#27;[32mThe user is on the Array using list&amp#27;[0m                                            &amp#27;[90m# StepDefinitions.ArrayStepDefintions.the_user_is_on_the_array_using_list()&amp#27;[0m
  &amp#27;[32mGiven &amp#27;[0m&amp#27;[32mThe user is on the DS Introduction page as signedIn&amp#27;[0m               &amp#27;[90m# StepDefinitions.DSIntroductionDetails.the_user_is_on_the_ds_introduction_page_as_signed_in()&amp#27;[0m
  &amp#27;[32mWhen &amp#27;[0m&amp#27;[32mUser clicks on run button with empty code&amp#27;[0m                                       &amp#27;[90m# StepDefinitions.DSIntroductionDetails.user_clicks_on_run_button_with_empty_code()&amp#27;[0m
  &amp#27;[32mThen &amp#27;[0m&amp#27;[32mThe user should not see any error message or alert&amp#27;[0m                              &amp#27;[90m# StepDefinitions.DSIntroductionDetails.the_user_should_not_see_any_error_message_or_alert()&amp#27;[0m
[INFO ] 2024-12-17 11:48:51.584 [TestNG-PoolService-1] Hooks - ======================  Test Execution is completed!! ======================
  &amp#27;[32mWhen &amp#27;[0m&amp#27;[32mThe user clicks on Get Started link for array&amp#27;[0m                      &amp#27;[90m# StepDefinitions.ArrayStepDefintions.the_user_clicks_on_get_started_link_for_array()&amp#27;[0m
]]></system-out>
    <system-err><![CDATA[Dec 17, 2024 11:48:50 AM org.openqa.selenium.devtools.CdpVersionFinder findNearestMatch
WARNING: Unable to find an exact match for CDP version 131, returning the closest version; found: 130; Please update to a Selenium version that supports CDP version 131
]]></system-err>
  </testcase>
  <testcase name="runScenario[&quot;No error message displayed for empty code on try editor for Array using list&quot;, &quot;Array detail page&quot;](10)" classname="TestRunners.TestRunner" time="9.488">
    <system-out><![CDATA[
Scenario: Validate user can navigate to basic opertaions in lists &amp#27;[90m# src/test/resources/Features/ArrayDetailsPage.feature:60&amp#27;[0m
  &amp#27;[32mGiven &amp#27;[0m&amp#27;[32mThe user is on the DS Introduction page as signedIn&amp#27;[0m                            &amp#27;[90m# StepDefinitions.DSIntroductionDetails.the_user_is_on_the_ds_introduction_page_as_signed_in()&amp#27;[0m
  &amp#27;[32mWhen &amp#27;[0m&amp#27;[32mThe user clicks on Get Started link for array&amp#27;[0m                                   &amp#27;[90m# StepDefinitions.ArrayStepDefintions.the_user_clicks_on_get_started_link_for_array()&amp#27;[0m
  &amp#27;[32mGiven &amp#27;[0m&amp#27;[32mThe user is on the Array using list&amp#27;[0m                                            &amp#27;[90m# StepDefinitions.ArrayStepDefintions.the_user_is_on_the_array_using_list()&amp#27;[0m
  &amp#27;[32mWhen &amp#27;[0m&amp#27;[32mUser clicks on run button with empty code&amp#27;[0m                                       &amp#27;[90m# StepDefinitions.DSIntroductionDetails.user_clicks_on_run_button_with_empty_code()&amp#27;[0m
  &amp#27;[32mThen &amp#27;[0m&amp#27;[32mThe user should not see any error message or alert&amp#27;[0m                              &amp#27;[90m# StepDefinitions.DSIntroductionDetails.the_user_should_not_see_any_error_message_or_alert()&amp#27;[0m
[INFO ] 2024-12-17 11:57:50.191 [TestNG-PoolService-1] Hooks - ======================  Test Execution is completed!! ======================
  &amp#27;[32mGiven &amp#27;[0m&amp#27;[32mThe user is on the DS Introduction page as signedIn&amp#27;[0m       &amp#27;[90m# StepDefinitions.DSIntroductionDetails.the_user_is_on_the_ds_introduction_page_as_signed_in()&amp#27;[0m
  &amp#27;[32mWhen &amp#27;[0m&amp#27;[32mThe user clicks on Get Started link for array&amp#27;[0m              &amp#27;[90m# StepDefinitions.ArrayStepDefintions.the_user_clicks_on_get_started_link_for_array()&amp#27;[0m
  &amp#27;[32mGiven &amp#27;[0m&amp#27;[32mThe user is on the array details page&amp#27;[0m                     &amp#27;[90m# StepDefinitions.ArrayStepDefintions.the_user_is_on_the_array_details_page()&amp#27;[0m
  &amp#27;[32mGiven &amp#27;[0m&amp#27;[32mThe user is on the DS Introduction page as signedIn&amp#27;[0m               &amp#27;[90m# StepDefinitions.DSIntroductionDetails.the_user_is_on_the_ds_introduction_page_as_signed_in()&amp#27;[0m
]]></system-out>
  </testcase>
  <testcase name="runScenario[&quot;Valid code on try editor for Array using list runs successfully&quot;, &quot;Array detail page&quot;](11)" classname="TestRunners.TestRunner" time="1.598">
    <failure message="element not interactable&#10;  (Session info: chrome=131.0.6778.140)&#10;Build info: version: &apos;4.26.0&apos;, revision: &apos;8ccf0219d7&apos;&#10;System info: os.name: &apos;Windows 11&apos;, os.arch: &apos;amd64&apos;, os.version: &apos;10.0&apos;, java.version: &apos;21.0.5&apos;&#10;Driver info: org.openqa.selenium.chrome.ChromeDriver&#10;Command: [701515d1755c2e2929ac8754476f61c3, sendKeysToElement {value=[Ljava.lang.CharSequence;@1b1abe0, id=f.EA72CEA781D52C2E06AC15681BFEF8F0.d.E8964BF06BD07B3CBFB8F081A4F08A09.e.48}]&#10;Capabilities {acceptInsecureCerts: false, browserName: chrome, browserVersion: 131.0.6778.140, chrome: {chromedriverVersion: 131.0.6778.108 (3b014839fbc..., userDataDir: C:\Users\vamsh\AppData\Loca...}, fedcm:accounts: true, goog:chromeOptions: {debuggerAddress: localhost:54885}, networkConnectionEnabled: false, pageLoadStrategy: normal, platformName: windows, proxy: Proxy(), se:cdp: ws://localhost:54885/devtoo..., se:cdpVersion: 131.0.6778.140, setWindowRect: true, strictFileInteractability: false, timeouts: {implicit: 0, pageLoad: 300000, script: 30000}, unhandledPromptBehavior: dismiss and notify, webauthn:extension:credBlob: true, webauthn:extension:largeBlob: true, webauthn:extension:minPinLength: true, webauthn:extension:prf: true, webauthn:virtualAuthenticators: true}&#10;Element: [[ChromeDriver: chrome on windows (701515d1755c2e2929ac8754476f61c3)] -&gt; css selector: .CodeMirror textarea]&#10;Session ID: 701515d1755c2e2929ac8754476f61c3" type="org.openqa.selenium.ElementNotInteractableException"><![CDATA[org.openqa.selenium.ElementNotInteractableException: 
element not interactable
  (Session info: chrome=131.0.6778.140)
Build info: version: '4.26.0', revision: '8ccf0219d7'
System info: os.name: 'Windows 11', os.arch: 'amd64', os.version: '10.0', java.version: '21.0.5'
Driver info: org.openqa.selenium.chrome.ChromeDriver
Command: [701515d1755c2e2929ac8754476f61c3, sendKeysToElement {value=[Ljava.lang.CharSequence;@1b1abe0, id=f.EA72CEA781D52C2E06AC15681BFEF8F0.d.E8964BF06BD07B3CBFB8F081A4F08A09.e.48}]
Capabilities {acceptInsecureCerts: false, browserName: chrome, browserVersion: 131.0.6778.140, chrome: {chromedriverVersion: 131.0.6778.108 (3b014839fbc..., userDataDir: C:\Users\vamsh\AppData\Loca...}, fedcm:accounts: true, goog:chromeOptions: {debuggerAddress: localhost:54885}, networkConnectionEnabled: false, pageLoadStrategy: normal, platformName: windows, proxy: Proxy(), se:cdp: ws://localhost:54885/devtoo..., se:cdpVersion: 131.0.6778.140, setWindowRect: true, strictFileInteractability: false, timeouts: {implicit: 0, pageLoad: 300000, script: 30000}, unhandledPromptBehavior: dismiss and notify, webauthn:extension:credBlob: true, webauthn:extension:largeBlob: true, webauthn:extension:minPinLength: true, webauthn:extension:prf: true, webauthn:virtualAuthenticators: true}
Element: [[ChromeDriver: chrome on windows (701515d1755c2e2929ac8754476f61c3)] -> css selector: .CodeMirror textarea]
Session ID: 701515d1755c2e2929ac8754476f61c3
]]></failure>
    <system-out><![CDATA[
Scenario: Validate user can Try here link page from Basic operations in lists &amp#27;[90m# src/test/resources/Features/ArrayDetailsPage.feature:65&amp#27;[0m
  &amp#27;[32mGiven &amp#27;[0m&amp#27;[32mThe user is on the Array using list&amp#27;[0m                               &amp#27;[90m# StepDefinitions.ArrayStepDefintions.the_user_is_on_the_array_using_list()&amp#27;[0m
  &amp#27;[32mGiven &amp#27;[0m&amp#27;[32mThe user is on the DS Introduction page as signedIn&amp#27;[0m       &amp#27;[90m# StepDefinitions.DSIntroductionDetails.the_user_is_on_the_ds_introduction_page_as_signed_in()&amp#27;[0m
  &amp#27;[31mWhen &amp#27;[0m&amp#27;[31mUser writes valid code and clicks run button&amp#27;[0m                       &amp#27;[90m# StepDefinitions.DSIntroductionDetails.user_writes_valid_code_and_clicks_run_button()&amp#27;[0m
      &amp#27;[31morg.openqa.selenium.ElementNotInteractableException: element not interactable
  (Session info: chrome=131.0.6778.140)
Build info: version: '4.26.0', revision: '8ccf0219d7'
System info: os.name: 'Windows 11', os.arch: 'amd64', os.version: '10.0', java.version: '21.0.5'
Driver info: org.openqa.selenium.chrome.ChromeDriver
Command: [701515d1755c2e2929ac8754476f61c3, sendKeysToElement {value=[Ljava.lang.CharSequence;@1b1abe0, id=f.EA72CEA781D52C2E06AC15681BFEF8F0.d.E8964BF06BD07B3CBFB8F081A4F08A09.e.48}]
Capabilities {acceptInsecureCerts: false, browserName: chrome, browserVersion: 131.0.6778.140, chrome: {chromedriverVersion: 131.0.6778.108 (3b014839fbc..., userDataDir: C:\Users\vamsh\AppData\Loca...}, fedcm:accounts: true, goog:chromeOptions: {debuggerAddress: localhost:54885}, networkConnectionEnabled: false, pageLoadStrategy: normal, platformName: windows, proxy: Proxy(), se:cdp: ws://localhost:54885/devtoo..., se:cdpVersion: 131.0.6778.140, setWindowRect: true, strictFileInteractability: false, timeouts: {implicit: 0, pageLoad: 300000, script: 30000}, unhandledPromptBehavior: dismiss and notify, webauthn:extension:credBlob: true, webauthn:extension:largeBlob: true, webauthn:extension:minPinLength: true, webauthn:extension:prf: true, webauthn:virtualAuthenticators: true}
Element: [[ChromeDriver: chrome on windows (701515d1755c2e2929ac8754476f61c3)] -> css selector: .CodeMirror textarea]
Session ID: 701515d1755c2e2929ac8754476f61c3
	at java.base/jdk.internal.reflect.DirectConstructorHandleAccessor.newInstance(DirectConstructorHandleAccessor.java:62)
	at java.base/java.lang.reflect.Constructor.newInstanceWithCaller(Constructor.java:502)
	at java.base/java.lang.reflect.Constructor.newInstance(Constructor.java:486)
	at org.openqa.selenium.remote.ErrorCodec.decode(ErrorCodec.java:167)
	at org.openqa.selenium.remote.codec.w3c.W3CHttpResponseCodec.decode(W3CHttpResponseCodec.java:138)
	at org.openqa.selenium.remote.codec.w3c.W3CHttpResponseCodec.decode(W3CHttpResponseCodec.java:50)
	at org.openqa.selenium.remote.HttpCommandExecutor.execute(HttpCommandExecutor.java:190)
	at org.openqa.selenium.remote.service.DriverCommandExecutor.invokeExecute(DriverCommandExecutor.java:216)
	at org.openqa.selenium.remote.service.DriverCommandExecutor.execute(DriverCommandExecutor.java:174)
	at org.openqa.selenium.remote.RemoteWebDriver.execute(RemoteWebDriver.java:545)
	at org.openqa.selenium.remote.RemoteWebElement.execute(RemoteWebElement.java:223)
	at org.openqa.selenium.remote.RemoteWebElement.sendKeys(RemoteWebElement.java:110)
	at PageObjects.IntroductionPage.enterCodeInEditor(IntroductionPage.java:82)
	at StepDefinitions.DSIntroductionDetails.user_writes_valid_code_and_clicks_run_button(DSIntroductionDetails.java:197)
	at ✽.User writes valid code and clicks run button(file:///C:/Projects/newFolder-3/Repo1/src/test/resources/Features/ArrayDetailsPage.feature:57)
&amp#27;[0m
  &amp#27;[36mThen &amp#27;[0m&amp#27;[36mThe user should able to see output in the console&amp#27;[0m                  &amp#27;[90m# StepDefinitions.DSIntroductionDetails.the_user_should_able_to_see_output_in_the_console()&amp#27;[0m
[ERROR] 2024-12-17 11:48:52.999 [TestNG-PoolService-2] Hooks - ======================  TEST CASE FAILED !! ======================

    Embedding screenshot [image/png 7853 bytes]

[INFO ] 2024-12-17 11:48:53.166 [TestNG-PoolService-2] Hooks - ======================  Screenshot is captured  ======================
[INFO ] 2024-12-17 11:48:53.168 [TestNG-PoolService-2] Hooks - ======================  Test Execution is completed!! ======================
  &amp#27;[32mWhen &amp#27;[0m&amp#27;[32mThe user clicks on Get Started link for array&amp#27;[0m              &amp#27;[90m# StepDefinitions.ArrayStepDefintions.the_user_clicks_on_get_started_link_for_array()&amp#27;[0m
]]></system-out>
    <system-err><![CDATA[Dec 17, 2024 11:48:53 AM org.openqa.selenium.devtools.CdpVersionFinder findNearestMatch
WARNING: Unable to find an exact match for CDP version 131, returning the closest version; found: 130; Please update to a Selenium version that supports CDP version 131
]]></system-err>
  </testcase>
  <testcase name="runScenario[&quot;Validate user can navigate to basic opertaions in lists&quot;, &quot;Array detail page&quot;](12)" classname="TestRunners.TestRunner" time="0.547">
    <system-out><![CDATA[
Scenario: Error message displayed for invalid code on try Editor for Basic operations in lists &amp#27;[90m# src/test/resources/Features/ArrayDetailsPage.feature:70&amp#27;[0m
  &amp#27;[32mGiven &amp#27;[0m&amp#27;[32mThe user is on the array details page&amp#27;[0m                     &amp#27;[90m# StepDefinitions.ArrayStepDefintions.the_user_is_on_the_array_details_page()&amp#27;[0m
  &amp#27;[32mWhen &amp#27;[0m&amp#27;[32mThe user click on basic operations in lists&amp#27;[0m                &amp#27;[90m# StepDefinitions.ArrayStepDefintions.the_user_click_on_basic_operations_in_lists()&amp#27;[0m
  &amp#27;[32mThen &amp#27;[0m&amp#27;[32mthe user is navigated to basic opertaions in lists&amp#27;[0m         &amp#27;[90m# StepDefinitions.ArrayStepDefintions.the_user_is_navigated_to_basic_opertaions_in_lists()&amp#27;[0m
[INFO ] 2024-12-17 11:48:53.866 [TestNG-PoolService-3] Hooks - ======================  Test Execution is completed!! ======================
]]></system-out>
  </testcase>
  <testcase name="runScenario[&quot;Validate user can Try here link page from Basic operations in lists&quot;, &quot;Array detail page&quot;](13)" classname="TestRunners.TestRunner" time="3.45">
    <system-out><![CDATA[
Scenario: No error message displayed for empty code on try editor for basic operations in lists &amp#27;[90m# src/test/resources/Features/ArrayDetailsPage.feature:75&amp#27;[0m
  &amp#27;[32mGiven &amp#27;[0m&amp#27;[32mThe user is on the DS Introduction page as signedIn&amp#27;[0m                   &amp#27;[90m# StepDefinitions.DSIntroductionDetails.the_user_is_on_the_ds_introduction_page_as_signed_in()&amp#27;[0m
  &amp#27;[32mWhen &amp#27;[0m&amp#27;[32mThe user clicks on Get Started link for array&amp#27;[0m                          &amp#27;[90m# StepDefinitions.ArrayStepDefintions.the_user_clicks_on_get_started_link_for_array()&amp#27;[0m
  &amp#27;[32mGiven &amp#27;[0m&amp#27;[32mThe user is on the Basic operations in lists&amp#27;[0m                          &amp#27;[90m# StepDefinitions.ArrayStepDefintions.the_user_is_on_the_basic_operations_in_lists()&amp#27;[0m
  &amp#27;[32mGiven &amp#27;[0m&amp#27;[32mThe user is on the DS Introduction page as signedIn&amp#27;[0m                                    &amp#27;[90m# StepDefinitions.DSIntroductionDetails.the_user_is_on_the_ds_introduction_page_as_signed_in()&amp#27;[0m
  &amp#27;[32mWhen &amp#27;[0m&amp#27;[32mUser clicks Try here link&amp#27;[0m                                              &amp#27;[90m# StepDefinitions.DSIntroductionDetails.user_clicks_try_here_link()&amp#27;[0m
  &amp#27;[32mThen &amp#27;[0m&amp#27;[32mUser should navigate to tryEditor page&amp#27;[0m                                 &amp#27;[90m# StepDefinitions.DSIntroductionDetails.user_should_navigate_to_try_editor_page()&amp#27;[0m
[INFO ] 2024-12-17 11:48:57.227 [TestNG-PoolService-1] Hooks - ======================  Test Execution is completed!! ======================
  &amp#27;[32mWhen &amp#27;[0m&amp#27;[32mThe user clicks on Get Started link for array&amp#27;[0m                                           &amp#27;[90m# StepDefinitions.ArrayStepDefintions.the_user_clicks_on_get_started_link_for_array()&amp#27;[0m
]]></system-out>
    <system-err><![CDATA[Dec 17, 2024 11:48:54 AM org.openqa.selenium.devtools.CdpVersionFinder findNearestMatch
WARNING: Unable to find an exact match for CDP version 131, returning the closest version; found: 130; Please update to a Selenium version that supports CDP version 131
Dec 17, 2024 11:48:55 AM org.openqa.selenium.devtools.CdpVersionFinder findNearestMatch
WARNING: Unable to find an exact match for CDP version 131, returning the closest version; found: 130; Please update to a Selenium version that supports CDP version 131
]]></system-err>
  </testcase>
  <testcase name="runScenario[&quot;Validate user can Try here link page from Basic operations in lists&quot;, &quot;Array detail page&quot;](13)" classname="TestRunners.TestRunner" time="9.544">
    <system-out><![CDATA[
Scenario: No error message displayed for empty code on try editor for basic operations in lists &amp#27;[90m# src/test/resources/Features/ArrayDetailsPage.feature:75&amp#27;[0m
  &amp#27;[32mGiven &amp#27;[0m&amp#27;[32mThe user is on the DS Introduction page as signedIn&amp#27;[0m                   &amp#27;[90m# StepDefinitions.DSIntroductionDetails.the_user_is_on_the_ds_introduction_page_as_signed_in()&amp#27;[0m
  &amp#27;[32mWhen &amp#27;[0m&amp#27;[32mThe user clicks on Get Started link for array&amp#27;[0m                          &amp#27;[90m# StepDefinitions.ArrayStepDefintions.the_user_clicks_on_get_started_link_for_array()&amp#27;[0m
  &amp#27;[32mGiven &amp#27;[0m&amp#27;[32mThe user is on the Basic operations in lists&amp#27;[0m                          &amp#27;[90m# StepDefinitions.ArrayStepDefintions.the_user_is_on_the_basic_operations_in_lists()&amp#27;[0m
  &amp#27;[32mGiven &amp#27;[0m&amp#27;[32mThe user is on the DS Introduction page as signedIn&amp#27;[0m                                    &amp#27;[90m# StepDefinitions.DSIntroductionDetails.the_user_is_on_the_ds_introduction_page_as_signed_in()&amp#27;[0m
  &amp#27;[32mWhen &amp#27;[0m&amp#27;[32mUser clicks Try here link&amp#27;[0m                                              &amp#27;[90m# StepDefinitions.DSIntroductionDetails.user_clicks_try_here_link()&amp#27;[0m
  &amp#27;[32mThen &amp#27;[0m&amp#27;[32mUser should navigate to tryEditor page&amp#27;[0m                                 &amp#27;[90m# StepDefinitions.DSIntroductionDetails.user_should_navigate_to_try_editor_page()&amp#27;[0m
[INFO ] 2024-12-17 11:58:03.092 [TestNG-PoolService-1] Hooks - ======================  Test Execution is completed!! ======================
  &amp#27;[32mWhen &amp#27;[0m&amp#27;[32mThe user clicks on Get Started link for array&amp#27;[0m                                           &amp#27;[90m# StepDefinitions.ArrayStepDefintions.the_user_clicks_on_get_started_link_for_array()&amp#27;[0m
  &amp#27;[32mGiven &amp#27;[0m&amp#27;[32mThe user is on the Basic operations in lists&amp#27;[0m                                           &amp#27;[90m# StepDefinitions.ArrayStepDefintions.the_user_is_on_the_basic_operations_in_lists()&amp#27;[0m
  &amp#27;[32mGiven &amp#27;[0m&amp#27;[32mThe user is on the DS Introduction page as signedIn&amp#27;[0m                                     &amp#27;[90m# StepDefinitions.DSIntroductionDetails.the_user_is_on_the_ds_introduction_page_as_signed_in()&amp#27;[0m
  &amp#27;[32mWhen &amp#27;[0m&amp#27;[32mThe user clicks on Get Started link for array&amp#27;[0m                                            &amp#27;[90m# StepDefinitions.ArrayStepDefintions.the_user_clicks_on_get_started_link_for_array()&amp#27;[0m
  &amp#27;[32mWhen &amp#27;[0m&amp#27;[32mUser writes invalid code and clicks run button&amp#27;[0m                                          &amp#27;[90m# StepDefinitions.DSIntroductionDetails.user_writes_invalid_code_and_clicks_run_button()&amp#27;[0m
  &amp#27;[32mThen &amp#27;[0m&amp#27;[32mThe user should able to see an error message in alert window&amp#27;[0m                            &amp#27;[90m# StepDefinitions.DSIntroductionDetails.the_user_should_able_to_see_an_error_message_in_alert_window()&amp#27;[0m
[INFO ] 2024-12-17 11:58:05.388 [TestNG-PoolService-3] Hooks - ======================  Test Execution is completed!! ======================
]]></system-out>
  </testcase>
  <testcase name="runScenario[&quot;Validate user can Try here link page from Basic operations in lists&quot;, &quot;Array detail page&quot;](13)" classname="TestRunners.TestRunner" time="8.741">
    <system-out><![CDATA[
Scenario: No error message displayed for empty code on try editor for basic operations in lists &amp#27;[90m# src/test/resources/Features/ArrayDetailsPage.feature:75&amp#27;[0m
  &amp#27;[32mGiven &amp#27;[0m&amp#27;[32mThe user is on the DS Introduction page as signedIn&amp#27;[0m                   &amp#27;[90m# StepDefinitions.DSIntroductionDetails.the_user_is_on_the_ds_introduction_page_as_signed_in()&amp#27;[0m
  &amp#27;[32mWhen &amp#27;[0m&amp#27;[32mThe user clicks on Get Started link for array&amp#27;[0m                          &amp#27;[90m# StepDefinitions.ArrayStepDefintions.the_user_clicks_on_get_started_link_for_array()&amp#27;[0m
  &amp#27;[32mGiven &amp#27;[0m&amp#27;[32mThe user is on the DS Introduction page as signedIn&amp#27;[0m                                    &amp#27;[90m# StepDefinitions.DSIntroductionDetails.the_user_is_on_the_ds_introduction_page_as_signed_in()&amp#27;[0m
  &amp#27;[32mGiven &amp#27;[0m&amp#27;[32mThe user is on the DS Introduction page as signedIn&amp#27;[0m                                     &amp#27;[90m# StepDefinitions.DSIntroductionDetails.the_user_is_on_the_ds_introduction_page_as_signed_in()&amp#27;[0m
  &amp#27;[32mGiven &amp#27;[0m&amp#27;[32mThe user is on the Basic operations in lists&amp#27;[0m                          &amp#27;[90m# StepDefinitions.ArrayStepDefintions.the_user_is_on_the_basic_operations_in_lists()&amp#27;[0m
  &amp#27;[32mWhen &amp#27;[0m&amp#27;[32mThe user clicks on Get Started link for array&amp#27;[0m                                           &amp#27;[90m# StepDefinitions.ArrayStepDefintions.the_user_clicks_on_get_started_link_for_array()&amp#27;[0m
  &amp#27;[32mWhen &amp#27;[0m&amp#27;[32mThe user clicks on Get Started link for array&amp#27;[0m                                            &amp#27;[90m# StepDefinitions.ArrayStepDefintions.the_user_clicks_on_get_started_link_for_array()&amp#27;[0m
  &amp#27;[32mGiven &amp#27;[0m&amp#27;[32mThe user is on the Basic operations in lists&amp#27;[0m                                           &amp#27;[90m# StepDefinitions.ArrayStepDefintions.the_user_is_on_the_basic_operations_in_lists()&amp#27;[0m
  &amp#27;[32mGiven &amp#27;[0m&amp#27;[32mThe user is on the Basic operations in lists&amp#27;[0m                                            &amp#27;[90m# StepDefinitions.ArrayStepDefintions.the_user_is_on_the_basic_operations_in_lists()&amp#27;[0m
  &amp#27;[32mWhen &amp#27;[0m&amp#27;[32mUser clicks Try here link&amp#27;[0m                                              &amp#27;[90m# StepDefinitions.DSIntroductionDetails.user_clicks_try_here_link()&amp#27;[0m
  &amp#27;[32mThen &amp#27;[0m&amp#27;[32mUser should navigate to tryEditor page&amp#27;[0m                                 &amp#27;[90m# StepDefinitions.DSIntroductionDetails.user_should_navigate_to_try_editor_page()&amp#27;[0m
[INFO ] 2024-12-17 12:16:17.429 [TestNG-PoolService-3] Hooks - ======================  Test Execution is completed!! ======================
  &amp#27;[32mWhen &amp#27;[0m&amp#27;[32mUser writes invalid code and clicks run button&amp#27;[0m                                          &amp#27;[90m# StepDefinitions.DSIntroductionDetails.user_writes_invalid_code_and_clicks_run_button()&amp#27;[0m
  &amp#27;[32mThen &amp#27;[0m&amp#27;[32mThe user should able to see an error message in alert window&amp#27;[0m                            &amp#27;[90m# StepDefinitions.DSIntroductionDetails.the_user_should_able_to_see_an_error_message_in_alert_window()&amp#27;[0m
[INFO ] 2024-12-17 12:16:17.968 [TestNG-PoolService-1] Hooks - ======================  Test Execution is completed!! ======================
  &amp#27;[32mWhen &amp#27;[0m&amp#27;[32mUser clicks on run button with empty code&amp#27;[0m                                                &amp#27;[90m# StepDefinitions.DSIntroductionDetails.user_clicks_on_run_button_with_empty_code()&amp#27;[0m
  &amp#27;[32mThen &amp#27;[0m&amp#27;[32mThe user should not see any error message or alert&amp#27;[0m                                       &amp#27;[90m# StepDefinitions.DSIntroductionDetails.the_user_should_not_see_any_error_message_or_alert()&amp#27;[0m
[INFO ] 2024-12-17 12:16:18.236 [TestNG-PoolService-2] Hooks - ======================  Test Execution is completed!! ======================
]]></system-out>
    <system-err><![CDATA[Dec 17, 2024 12:16:12 PM org.openqa.selenium.devtools.CdpVersionFinder findNearestMatch
WARNING: Unable to find an exact match for CDP version 131, returning the closest version; found: 130; Please update to a Selenium version that supports CDP version 131
Dec 17, 2024 12:16:13 PM org.openqa.selenium.devtools.CdpVersionFinder findNearestMatch
WARNING: Unable to find an exact match for CDP version 131, returning the closest version; found: 130; Please update to a Selenium version that supports CDP version 131
Dec 17, 2024 12:16:13 PM org.openqa.selenium.devtools.CdpVersionFinder findNearestMatch
WARNING: Unable to find an exact match for CDP version 131, returning the closest version; found: 130; Please update to a Selenium version that supports CDP version 131
]]></system-err>
  </testcase>
  <testcase name="runScenario[&quot;Error message displayed for invalid code on try Editor for Basic operations in lists&quot;, &quot;Array detail page&quot;](14)" classname="TestRunners.TestRunner" time="1.5">
    <failure message="element not interactable&#10;  (Session info: chrome=131.0.6778.140)&#10;Build info: version: &apos;4.26.0&apos;, revision: &apos;8ccf0219d7&apos;&#10;System info: os.name: &apos;Windows 11&apos;, os.arch: &apos;amd64&apos;, os.version: &apos;10.0&apos;, java.version: &apos;21.0.5&apos;&#10;Driver info: org.openqa.selenium.chrome.ChromeDriver&#10;Command: [1742710ced943628a34bef393ea4e6ab, sendKeysToElement {value=[Ljava.lang.CharSequence;@557d432d, id=f.4BE7C2012A71429CB0E942B4B2462B9B.d.07FE76F80E5F1E69E71D5B2BC88CFA03.e.53}]&#10;Capabilities {acceptInsecureCerts: false, browserName: chrome, browserVersion: 131.0.6778.140, chrome: {chromedriverVersion: 131.0.6778.108 (3b014839fbc..., userDataDir: C:\Users\vamsh\AppData\Loca...}, fedcm:accounts: true, goog:chromeOptions: {debuggerAddress: localhost:55030}, networkConnectionEnabled: false, pageLoadStrategy: normal, platformName: windows, proxy: Proxy(), se:cdp: ws://localhost:55030/devtoo..., se:cdpVersion: 131.0.6778.140, setWindowRect: true, strictFileInteractability: false, timeouts: {implicit: 0, pageLoad: 300000, script: 30000}, unhandledPromptBehavior: dismiss and notify, webauthn:extension:credBlob: true, webauthn:extension:largeBlob: true, webauthn:extension:minPinLength: true, webauthn:extension:prf: true, webauthn:virtualAuthenticators: true}&#10;Element: [[ChromeDriver: chrome on windows (1742710ced943628a34bef393ea4e6ab)] -&gt; css selector: .CodeMirror textarea]&#10;Session ID: 1742710ced943628a34bef393ea4e6ab" type="org.openqa.selenium.ElementNotInteractableException"><![CDATA[org.openqa.selenium.ElementNotInteractableException: 
element not interactable
  (Session info: chrome=131.0.6778.140)
Build info: version: '4.26.0', revision: '8ccf0219d7'
System info: os.name: 'Windows 11', os.arch: 'amd64', os.version: '10.0', java.version: '21.0.5'
Driver info: org.openqa.selenium.chrome.ChromeDriver
Command: [1742710ced943628a34bef393ea4e6ab, sendKeysToElement {value=[Ljava.lang.CharSequence;@557d432d, id=f.4BE7C2012A71429CB0E942B4B2462B9B.d.07FE76F80E5F1E69E71D5B2BC88CFA03.e.53}]
Capabilities {acceptInsecureCerts: false, browserName: chrome, browserVersion: 131.0.6778.140, chrome: {chromedriverVersion: 131.0.6778.108 (3b014839fbc..., userDataDir: C:\Users\vamsh\AppData\Loca...}, fedcm:accounts: true, goog:chromeOptions: {debuggerAddress: localhost:55030}, networkConnectionEnabled: false, pageLoadStrategy: normal, platformName: windows, proxy: Proxy(), se:cdp: ws://localhost:55030/devtoo..., se:cdpVersion: 131.0.6778.140, setWindowRect: true, strictFileInteractability: false, timeouts: {implicit: 0, pageLoad: 300000, script: 30000}, unhandledPromptBehavior: dismiss and notify, webauthn:extension:credBlob: true, webauthn:extension:largeBlob: true, webauthn:extension:minPinLength: true, webauthn:extension:prf: true, webauthn:virtualAuthenticators: true}
Element: [[ChromeDriver: chrome on windows (1742710ced943628a34bef393ea4e6ab)] -> css selector: .CodeMirror textarea]
Session ID: 1742710ced943628a34bef393ea4e6ab
]]></failure>
    <system-out><![CDATA[
Scenario: Valid code on try editor for basic operations in lists runs successfully &amp#27;[90m# src/test/resources/Features/ArrayDetailsPage.feature:80&amp#27;[0m
  &amp#27;[32mGiven &amp#27;[0m&amp#27;[32mThe user is on the Basic operations in lists&amp#27;[0m                                           &amp#27;[90m# StepDefinitions.ArrayStepDefintions.the_user_is_on_the_basic_operations_in_lists()&amp#27;[0m
  &amp#27;[32mGiven &amp#27;[0m&amp#27;[32mThe user is on the DS Introduction page as signedIn&amp#27;[0m                                     &amp#27;[90m# StepDefinitions.DSIntroductionDetails.the_user_is_on_the_ds_introduction_page_as_signed_in()&amp#27;[0m
  &amp#27;[32mWhen &amp#27;[0m&amp#27;[32mThe user clicks on Get Started link for array&amp#27;[0m                                            &amp#27;[90m# StepDefinitions.ArrayStepDefintions.the_user_clicks_on_get_started_link_for_array()&amp#27;[0m
  &amp#27;[31mWhen &amp#27;[0m&amp#27;[31mUser writes invalid code and clicks run button&amp#27;[0m                                          &amp#27;[90m# StepDefinitions.DSIntroductionDetails.user_writes_invalid_code_and_clicks_run_button()&amp#27;[0m
      &amp#27;[31morg.openqa.selenium.ElementNotInteractableException: element not interactable
  (Session info: chrome=131.0.6778.140)
Build info: version: '4.26.0', revision: '8ccf0219d7'
System info: os.name: 'Windows 11', os.arch: 'amd64', os.version: '10.0', java.version: '21.0.5'
Driver info: org.openqa.selenium.chrome.ChromeDriver
Command: [1742710ced943628a34bef393ea4e6ab, sendKeysToElement {value=[Ljava.lang.CharSequence;@557d432d, id=f.4BE7C2012A71429CB0E942B4B2462B9B.d.07FE76F80E5F1E69E71D5B2BC88CFA03.e.53}]
Capabilities {acceptInsecureCerts: false, browserName: chrome, browserVersion: 131.0.6778.140, chrome: {chromedriverVersion: 131.0.6778.108 (3b014839fbc..., userDataDir: C:\Users\vamsh\AppData\Loca...}, fedcm:accounts: true, goog:chromeOptions: {debuggerAddress: localhost:55030}, networkConnectionEnabled: false, pageLoadStrategy: normal, platformName: windows, proxy: Proxy(), se:cdp: ws://localhost:55030/devtoo..., se:cdpVersion: 131.0.6778.140, setWindowRect: true, strictFileInteractability: false, timeouts: {implicit: 0, pageLoad: 300000, script: 30000}, unhandledPromptBehavior: dismiss and notify, webauthn:extension:credBlob: true, webauthn:extension:largeBlob: true, webauthn:extension:minPinLength: true, webauthn:extension:prf: true, webauthn:virtualAuthenticators: true}
Element: [[ChromeDriver: chrome on windows (1742710ced943628a34bef393ea4e6ab)] -> css selector: .CodeMirror textarea]
Session ID: 1742710ced943628a34bef393ea4e6ab
	at java.base/jdk.internal.reflect.DirectConstructorHandleAccessor.newInstance(DirectConstructorHandleAccessor.java:62)
	at java.base/java.lang.reflect.Constructor.newInstanceWithCaller(Constructor.java:502)
	at java.base/java.lang.reflect.Constructor.newInstance(Constructor.java:486)
	at org.openqa.selenium.remote.ErrorCodec.decode(ErrorCodec.java:167)
	at org.openqa.selenium.remote.codec.w3c.W3CHttpResponseCodec.decode(W3CHttpResponseCodec.java:138)
	at org.openqa.selenium.remote.codec.w3c.W3CHttpResponseCodec.decode(W3CHttpResponseCodec.java:50)
	at org.openqa.selenium.remote.HttpCommandExecutor.execute(HttpCommandExecutor.java:190)
	at org.openqa.selenium.remote.service.DriverCommandExecutor.invokeExecute(DriverCommandExecutor.java:216)
	at org.openqa.selenium.remote.service.DriverCommandExecutor.execute(DriverCommandExecutor.java:174)
	at org.openqa.selenium.remote.RemoteWebDriver.execute(RemoteWebDriver.java:545)
	at org.openqa.selenium.remote.RemoteWebElement.execute(RemoteWebElement.java:223)
	at org.openqa.selenium.remote.RemoteWebElement.sendKeys(RemoteWebElement.java:110)
	at PageObjects.IntroductionPage.enterCodeInEditor(IntroductionPage.java:82)
	at StepDefinitions.DSIntroductionDetails.user_writes_invalid_code_and_clicks_run_button(DSIntroductionDetails.java:184)
	at ✽.User writes invalid code and clicks run button(file:///C:/Projects/newFolder-3/Repo1/src/test/resources/Features/ArrayDetailsPage.feature:72)
&amp#27;[0m
  &amp#27;[36mThen &amp#27;[0m&amp#27;[36mThe user should able to see an error message in alert window&amp#27;[0m                            &amp#27;[90m# StepDefinitions.DSIntroductionDetails.the_user_should_able_to_see_an_error_message_in_alert_window()&amp#27;[0m
[ERROR] 2024-12-17 11:48:58.625 [TestNG-PoolService-2] Hooks - ======================  TEST CASE FAILED !! ======================

    Embedding screenshot [image/png 7853 bytes]

[INFO ] 2024-12-17 11:48:58.778 [TestNG-PoolService-2] Hooks - ======================  Screenshot is captured  ======================
[INFO ] 2024-12-17 11:48:58.779 [TestNG-PoolService-2] Hooks - ======================  Test Execution is completed!! ======================
  &amp#27;[32mGiven &amp#27;[0m&amp#27;[32mThe user is on the Basic operations in lists&amp#27;[0m                                            &amp#27;[90m# StepDefinitions.ArrayStepDefintions.the_user_is_on_the_basic_operations_in_lists()&amp#27;[0m
]]></system-out>
    <system-err><![CDATA[Dec 17, 2024 11:48:58 AM org.openqa.selenium.devtools.CdpVersionFinder findNearestMatch
WARNING: Unable to find an exact match for CDP version 131, returning the closest version; found: 130; Please update to a Selenium version that supports CDP version 131
]]></system-err>
  </testcase>
  <testcase name="runScenario[&quot;Error message displayed for invalid code on try Editor for Basic operations in lists&quot;, &quot;Array detail page&quot;](14)" classname="TestRunners.TestRunner" time="1.697">
    <system-out><![CDATA[
Scenario: Valid code on try editor for basic operations in lists runs successfully &amp#27;[90m# src/test/resources/Features/ArrayDetailsPage.feature:80&amp#27;[0m
  &amp#27;[32mGiven &amp#27;[0m&amp#27;[32mThe user is on the Basic operations in lists&amp#27;[0m                                            &amp#27;[90m# StepDefinitions.ArrayStepDefintions.the_user_is_on_the_basic_operations_in_lists()&amp#27;[0m
  &amp#27;[32mWhen &amp#27;[0m&amp#27;[32mUser clicks on run button with empty code&amp#27;[0m                                                &amp#27;[90m# StepDefinitions.DSIntroductionDetails.user_clicks_on_run_button_with_empty_code()&amp#27;[0m
  &amp#27;[32mThen &amp#27;[0m&amp#27;[32mThe user should not see any error message or alert&amp#27;[0m                                       &amp#27;[90m# StepDefinitions.DSIntroductionDetails.the_user_should_not_see_any_error_message_or_alert()&amp#27;[0m
[INFO ] 2024-12-17 11:58:07.099 [TestNG-PoolService-2] Hooks - ======================  Test Execution is completed!! ======================
]]></system-out>
  </testcase>
  <testcase name="runScenario[&quot;Error message displayed for invalid code on try Editor for Basic operations in lists&quot;, &quot;Array detail page&quot;](14)" classname="TestRunners.TestRunner" time="0.681">
    <system-out><![CDATA[
Scenario: Valid code on try editor for basic operations in lists runs successfully &amp#27;[90m# src/test/resources/Features/ArrayDetailsPage.feature:80&amp#27;[0m
]]></system-out>
  </testcase>
  <testcase name="runScenario[&quot;No error message displayed for empty code on try editor for basic operations in lists&quot;, &quot;Array detail page&quot;](15)" classname="TestRunners.TestRunner" time="1.689">
    <system-out><![CDATA[
Scenario: Validate user can navigate to applications of array &amp#27;[90m# src/test/resources/Features/ArrayDetailsPage.feature:85&amp#27;[0m
  &amp#27;[32mWhen &amp#27;[0m&amp#27;[32mUser clicks on run button with empty code&amp#27;[0m                                                &amp#27;[90m# StepDefinitions.DSIntroductionDetails.user_clicks_on_run_button_with_empty_code()&amp#27;[0m
  &amp#27;[32mThen &amp#27;[0m&amp#27;[32mThe user should not see any error message or alert&amp#27;[0m                                       &amp#27;[90m# StepDefinitions.DSIntroductionDetails.the_user_should_not_see_any_error_message_or_alert()&amp#27;[0m
[INFO ] 2024-12-17 11:49:00.316 [TestNG-PoolService-3] Hooks - ======================  Test Execution is completed!! ======================
]]></system-out>
    <system-err><![CDATA[Dec 17, 2024 11:49:00 AM org.openqa.selenium.devtools.CdpVersionFinder findNearestMatch
WARNING: Unable to find an exact match for CDP version 131, returning the closest version; found: 130; Please update to a Selenium version that supports CDP version 131
]]></system-err>
  </testcase>
  <testcase name="runScenario[&quot;No error message displayed for empty code on try editor for basic operations in lists&quot;, &quot;Array detail page&quot;](15)" classname="TestRunners.TestRunner" time="1.173">
    <system-out><![CDATA[
Scenario: Validate user can navigate to applications of array &amp#27;[90m# src/test/resources/Features/ArrayDetailsPage.feature:85&amp#27;[0m
]]></system-out>
  </testcase>
  <testcase name="runScenario[&quot;No error message displayed for empty code on try editor for basic operations in lists&quot;, &quot;Array detail page&quot;](15)" classname="TestRunners.TestRunner" time="0.103">
    <system-out><![CDATA[
Scenario: Validate user can navigate to applications of array &amp#27;[90m# src/test/resources/Features/ArrayDetailsPage.feature:85&amp#27;[0m
]]></system-out>
  </testcase>
  <testcase name="runScenario[&quot;Valid code on try editor for basic operations in lists runs successfully&quot;, &quot;Array detail page&quot;](16)" classname="TestRunners.TestRunner" time="3.012">
    <failure message="element not interactable&#10;  (Session info: chrome=131.0.6778.140)&#10;Build info: version: &apos;4.26.0&apos;, revision: &apos;8ccf0219d7&apos;&#10;System info: os.name: &apos;Windows 11&apos;, os.arch: &apos;amd64&apos;, os.version: &apos;10.0&apos;, java.version: &apos;21.0.5&apos;&#10;Driver info: org.openqa.selenium.chrome.ChromeDriver&#10;Command: [a163e1f3258ae0615511d5bee3a564a2, sendKeysToElement {value=[Ljava.lang.CharSequence;@34efa4e9, id=f.CA35EF28161D4FDF4C5ABC1CAA5EA291.d.E1C74D084875E2CB39A1A9F435FD132C.e.55}]&#10;Capabilities {acceptInsecureCerts: false, browserName: chrome, browserVersion: 131.0.6778.140, chrome: {chromedriverVersion: 131.0.6778.108 (3b014839fbc..., userDataDir: C:\Users\vamsh\AppData\Loca...}, fedcm:accounts: true, goog:chromeOptions: {debuggerAddress: localhost:55129}, networkConnectionEnabled: false, pageLoadStrategy: normal, platformName: windows, proxy: Proxy(), se:cdp: ws://localhost:55129/devtoo..., se:cdpVersion: 131.0.6778.140, setWindowRect: true, strictFileInteractability: false, timeouts: {implicit: 0, pageLoad: 300000, script: 30000}, unhandledPromptBehavior: dismiss and notify, webauthn:extension:credBlob: true, webauthn:extension:largeBlob: true, webauthn:extension:minPinLength: true, webauthn:extension:prf: true, webauthn:virtualAuthenticators: true}&#10;Element: [[ChromeDriver: chrome on windows (a163e1f3258ae0615511d5bee3a564a2)] -&gt; css selector: .CodeMirror textarea]&#10;Session ID: a163e1f3258ae0615511d5bee3a564a2" type="org.openqa.selenium.ElementNotInteractableException"><![CDATA[org.openqa.selenium.ElementNotInteractableException: 
element not interactable
  (Session info: chrome=131.0.6778.140)
Build info: version: '4.26.0', revision: '8ccf0219d7'
System info: os.name: 'Windows 11', os.arch: 'amd64', os.version: '10.0', java.version: '21.0.5'
Driver info: org.openqa.selenium.chrome.ChromeDriver
Command: [a163e1f3258ae0615511d5bee3a564a2, sendKeysToElement {value=[Ljava.lang.CharSequence;@34efa4e9, id=f.CA35EF28161D4FDF4C5ABC1CAA5EA291.d.E1C74D084875E2CB39A1A9F435FD132C.e.55}]
Capabilities {acceptInsecureCerts: false, browserName: chrome, browserVersion: 131.0.6778.140, chrome: {chromedriverVersion: 131.0.6778.108 (3b014839fbc..., userDataDir: C:\Users\vamsh\AppData\Loca...}, fedcm:accounts: true, goog:chromeOptions: {debuggerAddress: localhost:55129}, networkConnectionEnabled: false, pageLoadStrategy: normal, platformName: windows, proxy: Proxy(), se:cdp: ws://localhost:55129/devtoo..., se:cdpVersion: 131.0.6778.140, setWindowRect: true, strictFileInteractability: false, timeouts: {implicit: 0, pageLoad: 300000, script: 30000}, unhandledPromptBehavior: dismiss and notify, webauthn:extension:credBlob: true, webauthn:extension:largeBlob: true, webauthn:extension:minPinLength: true, webauthn:extension:prf: true, webauthn:virtualAuthenticators: true}
Element: [[ChromeDriver: chrome on windows (a163e1f3258ae0615511d5bee3a564a2)] -> css selector: .CodeMirror textarea]
Session ID: a163e1f3258ae0615511d5bee3a564a2
]]></failure>
    <system-out><![CDATA[
Scenario: Validate user can Try here link page from applications of array &amp#27;[90m# src/test/resources/Features/ArrayDetailsPage.feature:90&amp#27;[0m
  &amp#27;[32mGiven &amp#27;[0m&amp#27;[32mThe user is on the DS Introduction page as signedIn&amp#27;[0m                        &amp#27;[90m# StepDefinitions.DSIntroductionDetails.the_user_is_on_the_ds_introduction_page_as_signed_in()&amp#27;[0m
  &amp#27;[32mWhen &amp#27;[0m&amp#27;[32mThe user clicks on Get Started link for array&amp#27;[0m                               &amp#27;[90m# StepDefinitions.ArrayStepDefintions.the_user_clicks_on_get_started_link_for_array()&amp#27;[0m
  &amp#27;[32mGiven &amp#27;[0m&amp#27;[32mThe user is on the Basic operations in lists&amp#27;[0m                               &amp#27;[90m# StepDefinitions.ArrayStepDefintions.the_user_is_on_the_basic_operations_in_lists()&amp#27;[0m
  &amp#27;[32mGiven &amp#27;[0m&amp#27;[32mThe user is on the DS Introduction page as signedIn&amp#27;[0m   &amp#27;[90m# StepDefinitions.DSIntroductionDetails.the_user_is_on_the_ds_introduction_page_as_signed_in()&amp#27;[0m
  &amp#27;[32mWhen &amp#27;[0m&amp#27;[32mThe user clicks on Get Started link for array&amp#27;[0m          &amp#27;[90m# StepDefinitions.ArrayStepDefintions.the_user_clicks_on_get_started_link_for_array()&amp#27;[0m
  &amp#27;[31mWhen &amp#27;[0m&amp#27;[31mUser writes valid code and clicks run button&amp#27;[0m                                &amp#27;[90m# StepDefinitions.DSIntroductionDetails.user_writes_valid_code_and_clicks_run_button()&amp#27;[0m
      &amp#27;[31morg.openqa.selenium.ElementNotInteractableException: element not interactable
  (Session info: chrome=131.0.6778.140)
Build info: version: '4.26.0', revision: '8ccf0219d7'
System info: os.name: 'Windows 11', os.arch: 'amd64', os.version: '10.0', java.version: '21.0.5'
Driver info: org.openqa.selenium.chrome.ChromeDriver
Command: [a163e1f3258ae0615511d5bee3a564a2, sendKeysToElement {value=[Ljava.lang.CharSequence;@34efa4e9, id=f.CA35EF28161D4FDF4C5ABC1CAA5EA291.d.E1C74D084875E2CB39A1A9F435FD132C.e.55}]
Capabilities {acceptInsecureCerts: false, browserName: chrome, browserVersion: 131.0.6778.140, chrome: {chromedriverVersion: 131.0.6778.108 (3b014839fbc..., userDataDir: C:\Users\vamsh\AppData\Loca...}, fedcm:accounts: true, goog:chromeOptions: {debuggerAddress: localhost:55129}, networkConnectionEnabled: false, pageLoadStrategy: normal, platformName: windows, proxy: Proxy(), se:cdp: ws://localhost:55129/devtoo..., se:cdpVersion: 131.0.6778.140, setWindowRect: true, strictFileInteractability: false, timeouts: {implicit: 0, pageLoad: 300000, script: 30000}, unhandledPromptBehavior: dismiss and notify, webauthn:extension:credBlob: true, webauthn:extension:largeBlob: true, webauthn:extension:minPinLength: true, webauthn:extension:prf: true, webauthn:virtualAuthenticators: true}
Element: [[ChromeDriver: chrome on windows (a163e1f3258ae0615511d5bee3a564a2)] -> css selector: .CodeMirror textarea]
Session ID: a163e1f3258ae0615511d5bee3a564a2
	at java.base/jdk.internal.reflect.DirectConstructorHandleAccessor.newInstance(DirectConstructorHandleAccessor.java:62)
	at java.base/java.lang.reflect.Constructor.newInstanceWithCaller(Constructor.java:502)
	at java.base/java.lang.reflect.Constructor.newInstance(Constructor.java:486)
	at org.openqa.selenium.remote.ErrorCodec.decode(ErrorCodec.java:167)
	at org.openqa.selenium.remote.codec.w3c.W3CHttpResponseCodec.decode(W3CHttpResponseCodec.java:138)
	at org.openqa.selenium.remote.codec.w3c.W3CHttpResponseCodec.decode(W3CHttpResponseCodec.java:50)
	at org.openqa.selenium.remote.HttpCommandExecutor.execute(HttpCommandExecutor.java:190)
	at org.openqa.selenium.remote.service.DriverCommandExecutor.invokeExecute(DriverCommandExecutor.java:216)
	at org.openqa.selenium.remote.service.DriverCommandExecutor.execute(DriverCommandExecutor.java:174)
	at org.openqa.selenium.remote.RemoteWebDriver.execute(RemoteWebDriver.java:545)
	at org.openqa.selenium.remote.RemoteWebElement.execute(RemoteWebElement.java:223)
	at org.openqa.selenium.remote.RemoteWebElement.sendKeys(RemoteWebElement.java:110)
	at PageObjects.IntroductionPage.enterCodeInEditor(IntroductionPage.java:82)
	at StepDefinitions.DSIntroductionDetails.user_writes_valid_code_and_clicks_run_button(DSIntroductionDetails.java:197)
	at ✽.User writes valid code and clicks run button(file:///C:/Projects/newFolder-3/Repo1/src/test/resources/Features/ArrayDetailsPage.feature:82)
&amp#27;[0m
  &amp#27;[36mThen &amp#27;[0m&amp#27;[36mThe user should able to see output in the console&amp#27;[0m                           &amp#27;[90m# StepDefinitions.DSIntroductionDetails.the_user_should_able_to_see_output_in_the_console()&amp#27;[0m
[ERROR] 2024-12-17 11:49:03.232 [TestNG-PoolService-1] Hooks - ======================  TEST CASE FAILED !! ======================
  &amp#27;[32mGiven &amp#27;[0m&amp#27;[32mThe user is on the array details page&amp#27;[0m                 &amp#27;[90m# StepDefinitions.ArrayStepDefintions.the_user_is_on_the_array_details_page()&amp#27;[0m

    Embedding screenshot [image/png 7853 bytes]

[INFO ] 2024-12-17 11:49:03.410 [TestNG-PoolService-1] Hooks - ======================  Screenshot is captured  ======================
[INFO ] 2024-12-17 11:49:03.412 [TestNG-PoolService-1] Hooks - ======================  Test Execution is completed!! ======================
]]></system-out>
    <system-err><![CDATA[Dec 17, 2024 11:49:01 AM org.openqa.selenium.devtools.CdpVersionFinder findNearestMatch
WARNING: Unable to find an exact match for CDP version 131, returning the closest version; found: 130; Please update to a Selenium version that supports CDP version 131
]]></system-err>
  </testcase>
  <testcase name="runScenario[&quot;Valid code on try editor for basic operations in lists runs successfully&quot;, &quot;Array detail page&quot;](16)" classname="TestRunners.TestRunner" time="10.62">
    <system-out><![CDATA[
Scenario: Validate user can Try here link page from applications of array &amp#27;[90m# src/test/resources/Features/ArrayDetailsPage.feature:90&amp#27;[0m
  &amp#27;[32mGiven &amp#27;[0m&amp#27;[32mThe user is on the DS Introduction page as signedIn&amp#27;[0m                        &amp#27;[90m# StepDefinitions.DSIntroductionDetails.the_user_is_on_the_ds_introduction_page_as_signed_in()&amp#27;[0m
  &amp#27;[32mWhen &amp#27;[0m&amp#27;[32mThe user clicks on Get Started link for array&amp#27;[0m                               &amp#27;[90m# StepDefinitions.ArrayStepDefintions.the_user_clicks_on_get_started_link_for_array()&amp#27;[0m
  &amp#27;[32mGiven &amp#27;[0m&amp#27;[32mThe user is on the Basic operations in lists&amp#27;[0m                               &amp#27;[90m# StepDefinitions.ArrayStepDefintions.the_user_is_on_the_basic_operations_in_lists()&amp#27;[0m
  &amp#27;[32mGiven &amp#27;[0m&amp#27;[32mThe user is on the DS Introduction page as signedIn&amp#27;[0m   &amp#27;[90m# StepDefinitions.DSIntroductionDetails.the_user_is_on_the_ds_introduction_page_as_signed_in()&amp#27;[0m
  &amp#27;[32mWhen &amp#27;[0m&amp#27;[32mThe user clicks on Get Started link for array&amp#27;[0m          &amp#27;[90m# StepDefinitions.ArrayStepDefintions.the_user_clicks_on_get_started_link_for_array()&amp#27;[0m
  &amp#27;[32mGiven &amp#27;[0m&amp#27;[32mThe user is on the array details page&amp#27;[0m                 &amp#27;[90m# StepDefinitions.ArrayStepDefintions.the_user_is_on_the_array_details_page()&amp#27;[0m
  &amp#27;[32mGiven &amp#27;[0m&amp#27;[32mThe user is on the DS Introduction page as signedIn&amp#27;[0m               &amp#27;[90m# StepDefinitions.DSIntroductionDetails.the_user_is_on_the_ds_introduction_page_as_signed_in()&amp#27;[0m
  &amp#27;[32mWhen &amp#27;[0m&amp#27;[32mThe user click on applications of array link&amp#27;[0m           &amp#27;[90m# StepDefinitions.ArrayStepDefintions.the_user_click_on_applications_of_array_link()&amp#27;[0m
  &amp#27;[32mWhen &amp#27;[0m&amp#27;[32mUser writes valid code and clicks run button&amp#27;[0m                                &amp#27;[90m# StepDefinitions.DSIntroductionDetails.user_writes_valid_code_and_clicks_run_button()&amp#27;[0m
  &amp#27;[32mThen &amp#27;[0m&amp#27;[32mThe user should able to see output in the console&amp#27;[0m                           &amp#27;[90m# StepDefinitions.DSIntroductionDetails.the_user_should_able_to_see_output_in_the_console()&amp#27;[0m
[INFO ] 2024-12-17 11:58:17.093 [TestNG-PoolService-1] Hooks - ======================  Test Execution is completed!! ======================
  &amp#27;[32mThen &amp#27;[0m&amp#27;[32mthe user is navigated to applications of array&amp#27;[0m         &amp#27;[90m# StepDefinitions.ArrayStepDefintions.the_user_is_navigated_to_applications_of_array()&amp#27;[0m
[INFO ] 2024-12-17 11:58:17.107 [TestNG-PoolService-3] Hooks - ======================  Test Execution is completed!! ======================
  &amp#27;[32mWhen &amp#27;[0m&amp#27;[32mThe user clicks on Get Started link for array&amp#27;[0m                      &amp#27;[90m# StepDefinitions.ArrayStepDefintions.the_user_clicks_on_get_started_link_for_array()&amp#27;[0m
  &amp#27;[32mGiven &amp#27;[0m&amp#27;[32mThe user is on the applications of array&amp#27;[0m                          &amp#27;[90m# StepDefinitions.ArrayStepDefintions.the_user_is_on_the_applications_of_array()&amp#27;[0m
  &amp#27;[32mWhen &amp#27;[0m&amp#27;[32mUser clicks Try here link&amp#27;[0m                                          &amp#27;[90m# StepDefinitions.DSIntroductionDetails.user_clicks_try_here_link()&amp#27;[0m
  &amp#27;[32mThen &amp#27;[0m&amp#27;[32mUser should navigate to tryEditor page&amp#27;[0m                             &amp#27;[90m# StepDefinitions.DSIntroductionDetails.user_should_navigate_to_try_editor_page()&amp#27;[0m
[INFO ] 2024-12-17 11:58:18.608 [TestNG-PoolService-2] Hooks - ======================  Test Execution is completed!! ======================
]]></system-out>
  </testcase>
  <testcase name="runScenario[&quot;Validate user can navigate to applications of array&quot;, &quot;Array detail page&quot;](17)" classname="TestRunners.TestRunner" time="0.382">
    <system-out><![CDATA[
Scenario: Error message displayed for invalid code on try Editor for applications of array &amp#27;[90m# src/test/resources/Features/ArrayDetailsPage.feature:95&amp#27;[0m
  &amp#27;[32mWhen &amp#27;[0m&amp#27;[32mThe user click on applications of array link&amp#27;[0m           &amp#27;[90m# StepDefinitions.ArrayStepDefintions.the_user_click_on_applications_of_array_link()&amp#27;[0m
  &amp#27;[32mThen &amp#27;[0m&amp#27;[32mthe user is navigated to applications of array&amp#27;[0m         &amp#27;[90m# StepDefinitions.ArrayStepDefintions.the_user_is_navigated_to_applications_of_array()&amp#27;[0m
[INFO ] 2024-12-17 11:49:03.887 [TestNG-PoolService-2] Hooks - ======================  Test Execution is completed!! ======================
]]></system-out>
  </testcase>
  <testcase name="runScenario[&quot;Validate user can navigate to applications of array&quot;, &quot;Array detail page&quot;](17)" classname="TestRunners.TestRunner" time="0.147">
    <system-out><![CDATA[
Scenario: Error message displayed for invalid code on try Editor for applications of array &amp#27;[90m# src/test/resources/Features/ArrayDetailsPage.feature:95&amp#27;[0m
]]></system-out>
  </testcase>
  <testcase name="runScenario[&quot;Validate user can Try here link page from applications of array&quot;, &quot;Array detail page&quot;](18)" classname="TestRunners.TestRunner" time="2.852">
    <system-out><![CDATA[
Scenario: No error message displayed for empty code on try editor for applications of array &amp#27;[90m# src/test/resources/Features/ArrayDetailsPage.feature:100&amp#27;[0m
  &amp#27;[32mGiven &amp#27;[0m&amp#27;[32mThe user is on the DS Introduction page as signedIn&amp#27;[0m               &amp#27;[90m# StepDefinitions.DSIntroductionDetails.the_user_is_on_the_ds_introduction_page_as_signed_in()&amp#27;[0m
  &amp#27;[32mWhen &amp#27;[0m&amp#27;[32mThe user clicks on Get Started link for array&amp#27;[0m                      &amp#27;[90m# StepDefinitions.ArrayStepDefintions.the_user_clicks_on_get_started_link_for_array()&amp#27;[0m
  &amp#27;[32mGiven &amp#27;[0m&amp#27;[32mThe user is on the applications of array&amp#27;[0m                          &amp#27;[90m# StepDefinitions.ArrayStepDefintions.the_user_is_on_the_applications_of_array()&amp#27;[0m
  &amp#27;[32mWhen &amp#27;[0m&amp#27;[32mUser clicks Try here link&amp#27;[0m                                          &amp#27;[90m# StepDefinitions.DSIntroductionDetails.user_clicks_try_here_link()&amp#27;[0m
  &amp#27;[32mThen &amp#27;[0m&amp#27;[32mUser should navigate to tryEditor page&amp#27;[0m                             &amp#27;[90m# StepDefinitions.DSIntroductionDetails.user_should_navigate_to_try_editor_page()&amp#27;[0m
[INFO ] 2024-12-17 11:49:06.668 [TestNG-PoolService-3] Hooks - ======================  Test Execution is completed!! ======================
]]></system-out>
    <system-err><![CDATA[Dec 17, 2024 11:49:04 AM org.openqa.selenium.devtools.CdpVersionFinder findNearestMatch
WARNING: Unable to find an exact match for CDP version 131, returning the closest version; found: 130; Please update to a Selenium version that supports CDP version 131
Dec 17, 2024 11:49:05 AM org.openqa.selenium.devtools.CdpVersionFinder findNearestMatch
WARNING: Unable to find an exact match for CDP version 131, returning the closest version; found: 130; Please update to a Selenium version that supports CDP version 131
]]></system-err>
  </testcase>
  <testcase name="runScenario[&quot;Validate user can Try here link page from applications of array&quot;, &quot;Array detail page&quot;](18)" classname="TestRunners.TestRunner" time="0.956">
    <system-out><![CDATA[
Scenario: No error message displayed for empty code on try editor for applications of array &amp#27;[90m# src/test/resources/Features/ArrayDetailsPage.feature:100&amp#27;[0m
]]></system-out>
  </testcase>
  <testcase name="runScenario[&quot;Validate user can Try here link page from applications of array&quot;, &quot;Array detail page&quot;](18)" classname="TestRunners.TestRunner" time="0.511">
    <system-out><![CDATA[
Scenario: No error message displayed for empty code on try editor for applications of array &amp#27;[90m# src/test/resources/Features/ArrayDetailsPage.feature:100&amp#27;[0m
]]></system-out>
  </testcase>
  <testcase name="runScenario[&quot;Error message displayed for invalid code on try Editor for applications of array&quot;, &quot;Array detail page&quot;](19)" classname="TestRunners.TestRunner" time="3.753">
    <failure message="element not interactable&#10;  (Session info: chrome=131.0.6778.140)&#10;Build info: version: &apos;4.26.0&apos;, revision: &apos;8ccf0219d7&apos;&#10;System info: os.name: &apos;Windows 11&apos;, os.arch: &apos;amd64&apos;, os.version: &apos;10.0&apos;, java.version: &apos;21.0.5&apos;&#10;Driver info: org.openqa.selenium.chrome.ChromeDriver&#10;Command: [9dce386854c8c600ac757bdcb24ccb0c, sendKeysToElement {value=[Ljava.lang.CharSequence;@5d8ce3ab, id=f.4459E355937B449AC21ABA9655A77E33.d.186C7A55669E739BB590A7F0A15144DA.e.49}]&#10;Capabilities {acceptInsecureCerts: false, browserName: chrome, browserVersion: 131.0.6778.140, chrome: {chromedriverVersion: 131.0.6778.108 (3b014839fbc..., userDataDir: C:\Users\vamsh\AppData\Loca...}, fedcm:accounts: true, goog:chromeOptions: {debuggerAddress: localhost:55277}, networkConnectionEnabled: false, pageLoadStrategy: normal, platformName: windows, proxy: Proxy(), se:cdp: ws://localhost:55277/devtoo..., se:cdpVersion: 131.0.6778.140, setWindowRect: true, strictFileInteractability: false, timeouts: {implicit: 0, pageLoad: 300000, script: 30000}, unhandledPromptBehavior: dismiss and notify, webauthn:extension:credBlob: true, webauthn:extension:largeBlob: true, webauthn:extension:minPinLength: true, webauthn:extension:prf: true, webauthn:virtualAuthenticators: true}&#10;Element: [[ChromeDriver: chrome on windows (9dce386854c8c600ac757bdcb24ccb0c)] -&gt; css selector: .CodeMirror textarea]&#10;Session ID: 9dce386854c8c600ac757bdcb24ccb0c" type="org.openqa.selenium.ElementNotInteractableException"><![CDATA[org.openqa.selenium.ElementNotInteractableException: 
element not interactable
  (Session info: chrome=131.0.6778.140)
Build info: version: '4.26.0', revision: '8ccf0219d7'
System info: os.name: 'Windows 11', os.arch: 'amd64', os.version: '10.0', java.version: '21.0.5'
Driver info: org.openqa.selenium.chrome.ChromeDriver
Command: [9dce386854c8c600ac757bdcb24ccb0c, sendKeysToElement {value=[Ljava.lang.CharSequence;@5d8ce3ab, id=f.4459E355937B449AC21ABA9655A77E33.d.186C7A55669E739BB590A7F0A15144DA.e.49}]
Capabilities {acceptInsecureCerts: false, browserName: chrome, browserVersion: 131.0.6778.140, chrome: {chromedriverVersion: 131.0.6778.108 (3b014839fbc..., userDataDir: C:\Users\vamsh\AppData\Loca...}, fedcm:accounts: true, goog:chromeOptions: {debuggerAddress: localhost:55277}, networkConnectionEnabled: false, pageLoadStrategy: normal, platformName: windows, proxy: Proxy(), se:cdp: ws://localhost:55277/devtoo..., se:cdpVersion: 131.0.6778.140, setWindowRect: true, strictFileInteractability: false, timeouts: {implicit: 0, pageLoad: 300000, script: 30000}, unhandledPromptBehavior: dismiss and notify, webauthn:extension:credBlob: true, webauthn:extension:largeBlob: true, webauthn:extension:minPinLength: true, webauthn:extension:prf: true, webauthn:virtualAuthenticators: true}
Element: [[ChromeDriver: chrome on windows (9dce386854c8c600ac757bdcb24ccb0c)] -> css selector: .CodeMirror textarea]
Session ID: 9dce386854c8c600ac757bdcb24ccb0c
]]></failure>
    <system-out><![CDATA[
Scenario: Valid code on try editor for applications of array runs successfully &amp#27;[90m# src/test/resources/Features/ArrayDetailsPage.feature:105&amp#27;[0m
  &amp#27;[32mGiven &amp#27;[0m&amp#27;[32mThe user is on the DS Introduction page as signedIn&amp#27;[0m                                &amp#27;[90m# StepDefinitions.DSIntroductionDetails.the_user_is_on_the_ds_introduction_page_as_signed_in()&amp#27;[0m
  &amp#27;[32mGiven &amp#27;[0m&amp#27;[32mThe user is on the DS Introduction page as signedIn&amp#27;[0m                                 &amp#27;[90m# StepDefinitions.DSIntroductionDetails.the_user_is_on_the_ds_introduction_page_as_signed_in()&amp#27;[0m
  &amp#27;[32mWhen &amp#27;[0m&amp#27;[32mThe user clicks on Get Started link for array&amp#27;[0m                                       &amp#27;[90m# StepDefinitions.ArrayStepDefintions.the_user_clicks_on_get_started_link_for_array()&amp#27;[0m
  &amp#27;[32mWhen &amp#27;[0m&amp#27;[32mThe user clicks on Get Started link for array&amp#27;[0m                                        &amp#27;[90m# StepDefinitions.ArrayStepDefintions.the_user_clicks_on_get_started_link_for_array()&amp#27;[0m
  &amp#27;[32mGiven &amp#27;[0m&amp#27;[32mThe user is on the applications of array&amp#27;[0m                                           &amp#27;[90m# StepDefinitions.ArrayStepDefintions.the_user_is_on_the_applications_of_array()&amp#27;[0m
  &amp#27;[32mGiven &amp#27;[0m&amp#27;[32mThe user is on the applications of array&amp#27;[0m                                            &amp#27;[90m# StepDefinitions.ArrayStepDefintions.the_user_is_on_the_applications_of_array()&amp#27;[0m
  &amp#27;[31mWhen &amp#27;[0m&amp#27;[31mUser writes invalid code and clicks run button&amp#27;[0m                                      &amp#27;[90m# StepDefinitions.DSIntroductionDetails.user_writes_invalid_code_and_clicks_run_button()&amp#27;[0m
      &amp#27;[31morg.openqa.selenium.ElementNotInteractableException: element not interactable
  (Session info: chrome=131.0.6778.140)
Build info: version: '4.26.0', revision: '8ccf0219d7'
System info: os.name: 'Windows 11', os.arch: 'amd64', os.version: '10.0', java.version: '21.0.5'
Driver info: org.openqa.selenium.chrome.ChromeDriver
Command: [9dce386854c8c600ac757bdcb24ccb0c, sendKeysToElement {value=[Ljava.lang.CharSequence;@5d8ce3ab, id=f.4459E355937B449AC21ABA9655A77E33.d.186C7A55669E739BB590A7F0A15144DA.e.49}]
Capabilities {acceptInsecureCerts: false, browserName: chrome, browserVersion: 131.0.6778.140, chrome: {chromedriverVersion: 131.0.6778.108 (3b014839fbc..., userDataDir: C:\Users\vamsh\AppData\Loca...}, fedcm:accounts: true, goog:chromeOptions: {debuggerAddress: localhost:55277}, networkConnectionEnabled: false, pageLoadStrategy: normal, platformName: windows, proxy: Proxy(), se:cdp: ws://localhost:55277/devtoo..., se:cdpVersion: 131.0.6778.140, setWindowRect: true, strictFileInteractability: false, timeouts: {implicit: 0, pageLoad: 300000, script: 30000}, unhandledPromptBehavior: dismiss and notify, webauthn:extension:credBlob: true, webauthn:extension:largeBlob: true, webauthn:extension:minPinLength: true, webauthn:extension:prf: true, webauthn:virtualAuthenticators: true}
Element: [[ChromeDriver: chrome on windows (9dce386854c8c600ac757bdcb24ccb0c)] -> css selector: .CodeMirror textarea]
Session ID: 9dce386854c8c600ac757bdcb24ccb0c
	at java.base/jdk.internal.reflect.DirectConstructorHandleAccessor.newInstance(DirectConstructorHandleAccessor.java:62)
	at java.base/java.lang.reflect.Constructor.newInstanceWithCaller(Constructor.java:502)
	at java.base/java.lang.reflect.Constructor.newInstance(Constructor.java:486)
	at org.openqa.selenium.remote.ErrorCodec.decode(ErrorCodec.java:167)
	at org.openqa.selenium.remote.codec.w3c.W3CHttpResponseCodec.decode(W3CHttpResponseCodec.java:138)
	at org.openqa.selenium.remote.codec.w3c.W3CHttpResponseCodec.decode(W3CHttpResponseCodec.java:50)
	at org.openqa.selenium.remote.HttpCommandExecutor.execute(HttpCommandExecutor.java:190)
	at org.openqa.selenium.remote.service.DriverCommandExecutor.invokeExecute(DriverCommandExecutor.java:216)
	at org.openqa.selenium.remote.service.DriverCommandExecutor.execute(DriverCommandExecutor.java:174)
	at org.openqa.selenium.remote.RemoteWebDriver.execute(RemoteWebDriver.java:545)
	at org.openqa.selenium.remote.RemoteWebElement.execute(RemoteWebElement.java:223)
	at org.openqa.selenium.remote.RemoteWebElement.sendKeys(RemoteWebElement.java:110)
	at PageObjects.IntroductionPage.enterCodeInEditor(IntroductionPage.java:82)
	at StepDefinitions.DSIntroductionDetails.user_writes_invalid_code_and_clicks_run_button(DSIntroductionDetails.java:184)
	at ✽.User writes invalid code and clicks run button(file:///C:/Projects/newFolder-3/Repo1/src/test/resources/Features/ArrayDetailsPage.feature:97)
&amp#27;[0m
  &amp#27;[36mThen &amp#27;[0m&amp#27;[36mThe user should able to see an error message in alert window&amp#27;[0m                        &amp#27;[90m# StepDefinitions.DSIntroductionDetails.the_user_should_able_to_see_an_error_message_in_alert_window()&amp#27;[0m
[ERROR] 2024-12-17 11:49:09.885 [TestNG-PoolService-1] Hooks - ======================  TEST CASE FAILED !! ======================

    Embedding screenshot [image/png 7853 bytes]

[INFO ] 2024-12-17 11:49:10.077 [TestNG-PoolService-1] Hooks - ======================  Screenshot is captured  ======================
[INFO ] 2024-12-17 11:49:10.082 [TestNG-PoolService-1] Hooks - ======================  Test Execution is completed!! ======================
  &amp#27;[32mWhen &amp#27;[0m&amp#27;[32mUser clicks on run button with empty code&amp#27;[0m                                            &amp#27;[90m# StepDefinitions.DSIntroductionDetails.user_clicks_on_run_button_with_empty_code()&amp#27;[0m
  &amp#27;[32mThen &amp#27;[0m&amp#27;[32mThe user should not see any error message or alert&amp#27;[0m                                   &amp#27;[90m# StepDefinitions.DSIntroductionDetails.the_user_should_not_see_any_error_message_or_alert()&amp#27;[0m
[INFO ] 2024-12-17 11:49:10.462 [TestNG-PoolService-2] Hooks - ======================  Test Execution is completed!! ======================
]]></system-out>
    <system-err><![CDATA[Dec 17, 2024 11:49:08 AM org.openqa.selenium.devtools.CdpVersionFinder findNearestMatch
WARNING: Unable to find an exact match for CDP version 131, returning the closest version; found: 130; Please update to a Selenium version that supports CDP version 131
]]></system-err>
  </testcase>
  <testcase name="runScenario[&quot;Error message displayed for invalid code on try Editor for applications of array&quot;, &quot;Array detail page&quot;](19)" classname="TestRunners.TestRunner" time="8.645">
    <system-out><![CDATA[
Scenario: Valid code on try editor for applications of array runs successfully &amp#27;[90m# src/test/resources/Features/ArrayDetailsPage.feature:105&amp#27;[0m
  &amp#27;[32mGiven &amp#27;[0m&amp#27;[32mThe user is on the DS Introduction page as signedIn&amp#27;[0m                                &amp#27;[90m# StepDefinitions.DSIntroductionDetails.the_user_is_on_the_ds_introduction_page_as_signed_in()&amp#27;[0m
  &amp#27;[32mGiven &amp#27;[0m&amp#27;[32mThe user is on the DS Introduction page as signedIn&amp#27;[0m                                 &amp#27;[90m# StepDefinitions.DSIntroductionDetails.the_user_is_on_the_ds_introduction_page_as_signed_in()&amp#27;[0m
  &amp#27;[32mWhen &amp#27;[0m&amp#27;[32mThe user clicks on Get Started link for array&amp#27;[0m                                       &amp#27;[90m# StepDefinitions.ArrayStepDefintions.the_user_clicks_on_get_started_link_for_array()&amp#27;[0m
  &amp#27;[32mGiven &amp#27;[0m&amp#27;[32mThe user is on the DS Introduction page as signedIn&amp#27;[0m                    &amp#27;[90m# StepDefinitions.DSIntroductionDetails.the_user_is_on_the_ds_introduction_page_as_signed_in()&amp#27;[0m
  &amp#27;[32mWhen &amp#27;[0m&amp#27;[32mThe user clicks on Get Started link for array&amp#27;[0m                                        &amp#27;[90m# StepDefinitions.ArrayStepDefintions.the_user_clicks_on_get_started_link_for_array()&amp#27;[0m
  &amp#27;[32mGiven &amp#27;[0m&amp#27;[32mThe user is on the applications of array&amp#27;[0m                                           &amp#27;[90m# StepDefinitions.ArrayStepDefintions.the_user_is_on_the_applications_of_array()&amp#27;[0m
  &amp#27;[32mGiven &amp#27;[0m&amp#27;[32mThe user is on the applications of array&amp#27;[0m                                            &amp#27;[90m# StepDefinitions.ArrayStepDefintions.the_user_is_on_the_applications_of_array()&amp#27;[0m
  &amp#27;[32mWhen &amp#27;[0m&amp#27;[32mThe user clicks on Get Started link for array&amp#27;[0m                           &amp#27;[90m# StepDefinitions.ArrayStepDefintions.the_user_clicks_on_get_started_link_for_array()&amp#27;[0m
  &amp#27;[32mGiven &amp#27;[0m&amp#27;[32mThe user is on the applications of array&amp#27;[0m                               &amp#27;[90m# StepDefinitions.ArrayStepDefintions.the_user_is_on_the_applications_of_array()&amp#27;[0m
  &amp#27;[32mWhen &amp#27;[0m&amp#27;[32mUser writes invalid code and clicks run button&amp#27;[0m                                      &amp#27;[90m# StepDefinitions.DSIntroductionDetails.user_writes_invalid_code_and_clicks_run_button()&amp#27;[0m
  &amp#27;[32mThen &amp#27;[0m&amp#27;[32mThe user should able to see an error message in alert window&amp#27;[0m                        &amp#27;[90m# StepDefinitions.DSIntroductionDetails.the_user_should_able_to_see_an_error_message_in_alert_window()&amp#27;[0m
[INFO ] 2024-12-17 12:16:35.827 [TestNG-PoolService-1] Hooks - ======================  Test Execution is completed!! ======================
  &amp#27;[32mWhen &amp#27;[0m&amp#27;[32mUser clicks on run button with empty code&amp#27;[0m                                            &amp#27;[90m# StepDefinitions.DSIntroductionDetails.user_clicks_on_run_button_with_empty_code()&amp#27;[0m
  &amp#27;[32mThen &amp#27;[0m&amp#27;[32mThe user should not see any error message or alert&amp#27;[0m                                   &amp#27;[90m# StepDefinitions.DSIntroductionDetails.the_user_should_not_see_any_error_message_or_alert()&amp#27;[0m
[INFO ] 2024-12-17 12:16:36.121 [TestNG-PoolService-3] Hooks - ======================  Test Execution is completed!! ======================
  &amp#27;[32mWhen &amp#27;[0m&amp#27;[32mUser writes valid code and clicks run button&amp#27;[0m                            &amp#27;[90m# StepDefinitions.DSIntroductionDetails.user_writes_valid_code_and_clicks_run_button()&amp#27;[0m
  &amp#27;[32mThen &amp#27;[0m&amp#27;[32mThe user should able to see output in the console&amp#27;[0m                       &amp#27;[90m# StepDefinitions.DSIntroductionDetails.the_user_should_able_to_see_output_in_the_console()&amp#27;[0m
[INFO ] 2024-12-17 12:16:36.390 [TestNG-PoolService-2] Hooks - ======================  Test Execution is completed!! ======================
]]></system-out>
    <system-err><![CDATA[Dec 17, 2024 12:16:30 PM org.openqa.selenium.devtools.CdpVersionFinder findNearestMatch
WARNING: Unable to find an exact match for CDP version 131, returning the closest version; found: 130; Please update to a Selenium version that supports CDP version 131
Dec 17, 2024 12:16:30 PM org.openqa.selenium.devtools.CdpVersionFinder findNearestMatch
WARNING: Unable to find an exact match for CDP version 131, returning the closest version; found: 130; Please update to a Selenium version that supports CDP version 131
Dec 17, 2024 12:16:32 PM org.openqa.selenium.devtools.CdpVersionFinder findNearestMatch
WARNING: Unable to find an exact match for CDP version 131, returning the closest version; found: 130; Please update to a Selenium version that supports CDP version 131
]]></system-err>
  </testcase>
  <testcase name="runScenario[&quot;No error message displayed for empty code on try editor for applications of array&quot;, &quot;Array detail page&quot;](20)" classname="TestRunners.TestRunner" time="0.098">
    <system-out><![CDATA[
Scenario: validate user able to navigate to practice question page for search the array question &amp#27;[90m# src/test/resources/Features/ArrayDetailsPage.feature:110&amp#27;[0m
]]></system-out>
  </testcase>
  <testcase name="runScenario[&quot;No error message displayed for empty code on try editor for applications of array&quot;, &quot;Array detail page&quot;](20)" classname="TestRunners.TestRunner" time="0.358">
    <system-out><![CDATA[
Scenario: validate user able to navigate to practice question page for search the array question &amp#27;[90m# src/test/resources/Features/ArrayDetailsPage.feature:110&amp#27;[0m
]]></system-out>
  </testcase>
  <testcase name="runScenario[&quot;Valid code on try editor for applications of array runs successfully&quot;, &quot;Array detail page&quot;](21)" classname="TestRunners.TestRunner" time="2.82">
    <failure message="element not interactable&#10;  (Session info: chrome=131.0.6778.140)&#10;Build info: version: &apos;4.26.0&apos;, revision: &apos;8ccf0219d7&apos;&#10;System info: os.name: &apos;Windows 11&apos;, os.arch: &apos;amd64&apos;, os.version: &apos;10.0&apos;, java.version: &apos;21.0.5&apos;&#10;Driver info: org.openqa.selenium.chrome.ChromeDriver&#10;Command: [e7d1a8cf898cacd9c0757b0c5ad0e21a, sendKeysToElement {value=[Ljava.lang.CharSequence;@1eb4f905, id=f.CAE5DC5F5DAAEF821165C987CD5F0021.d.A0D87077F33263FD7528D9F7C5521929.e.48}]&#10;Capabilities {acceptInsecureCerts: false, browserName: chrome, browserVersion: 131.0.6778.140, chrome: {chromedriverVersion: 131.0.6778.108 (3b014839fbc..., userDataDir: C:\Users\vamsh\AppData\Loca...}, fedcm:accounts: true, goog:chromeOptions: {debuggerAddress: localhost:55376}, networkConnectionEnabled: false, pageLoadStrategy: normal, platformName: windows, proxy: Proxy(), se:cdp: ws://localhost:55376/devtoo..., se:cdpVersion: 131.0.6778.140, setWindowRect: true, strictFileInteractability: false, timeouts: {implicit: 0, pageLoad: 300000, script: 30000}, unhandledPromptBehavior: dismiss and notify, webauthn:extension:credBlob: true, webauthn:extension:largeBlob: true, webauthn:extension:minPinLength: true, webauthn:extension:prf: true, webauthn:virtualAuthenticators: true}&#10;Element: [[ChromeDriver: chrome on windows (e7d1a8cf898cacd9c0757b0c5ad0e21a)] -&gt; css selector: .CodeMirror textarea]&#10;Session ID: e7d1a8cf898cacd9c0757b0c5ad0e21a" type="org.openqa.selenium.ElementNotInteractableException"><![CDATA[org.openqa.selenium.ElementNotInteractableException: 
element not interactable
  (Session info: chrome=131.0.6778.140)
Build info: version: '4.26.0', revision: '8ccf0219d7'
System info: os.name: 'Windows 11', os.arch: 'amd64', os.version: '10.0', java.version: '21.0.5'
Driver info: org.openqa.selenium.chrome.ChromeDriver
Command: [e7d1a8cf898cacd9c0757b0c5ad0e21a, sendKeysToElement {value=[Ljava.lang.CharSequence;@1eb4f905, id=f.CAE5DC5F5DAAEF821165C987CD5F0021.d.A0D87077F33263FD7528D9F7C5521929.e.48}]
Capabilities {acceptInsecureCerts: false, browserName: chrome, browserVersion: 131.0.6778.140, chrome: {chromedriverVersion: 131.0.6778.108 (3b014839fbc..., userDataDir: C:\Users\vamsh\AppData\Loca...}, fedcm:accounts: true, goog:chromeOptions: {debuggerAddress: localhost:55376}, networkConnectionEnabled: false, pageLoadStrategy: normal, platformName: windows, proxy: Proxy(), se:cdp: ws://localhost:55376/devtoo..., se:cdpVersion: 131.0.6778.140, setWindowRect: true, strictFileInteractability: false, timeouts: {implicit: 0, pageLoad: 300000, script: 30000}, unhandledPromptBehavior: dismiss and notify, webauthn:extension:credBlob: true, webauthn:extension:largeBlob: true, webauthn:extension:minPinLength: true, webauthn:extension:prf: true, webauthn:virtualAuthenticators: true}
Element: [[ChromeDriver: chrome on windows (e7d1a8cf898cacd9c0757b0c5ad0e21a)] -> css selector: .CodeMirror textarea]
Session ID: e7d1a8cf898cacd9c0757b0c5ad0e21a
]]></failure>
    <system-out><![CDATA[
Scenario: validate user able to navigate to practice question page for max consecutive ones question &amp#27;[90m# src/test/resources/Features/ArrayDetailsPage.feature:115&amp#27;[0m
  &amp#27;[32mGiven &amp#27;[0m&amp#27;[32mThe user is on the DS Introduction page as signedIn&amp#27;[0m                    &amp#27;[90m# StepDefinitions.DSIntroductionDetails.the_user_is_on_the_ds_introduction_page_as_signed_in()&amp#27;[0m
  &amp#27;[32mWhen &amp#27;[0m&amp#27;[32mThe user clicks on Get Started link for array&amp#27;[0m                           &amp#27;[90m# StepDefinitions.ArrayStepDefintions.the_user_clicks_on_get_started_link_for_array()&amp#27;[0m
  &amp#27;[32mGiven &amp#27;[0m&amp#27;[32mThe user is on the applications of array&amp#27;[0m                               &amp#27;[90m# StepDefinitions.ArrayStepDefintions.the_user_is_on_the_applications_of_array()&amp#27;[0m
  &amp#27;[31mWhen &amp#27;[0m&amp#27;[31mUser writes valid code and clicks run button&amp#27;[0m                            &amp#27;[90m# StepDefinitions.DSIntroductionDetails.user_writes_valid_code_and_clicks_run_button()&amp#27;[0m
      &amp#27;[31morg.openqa.selenium.ElementNotInteractableException: element not interactable
  (Session info: chrome=131.0.6778.140)
Build info: version: '4.26.0', revision: '8ccf0219d7'
System info: os.name: 'Windows 11', os.arch: 'amd64', os.version: '10.0', java.version: '21.0.5'
Driver info: org.openqa.selenium.chrome.ChromeDriver
Command: [e7d1a8cf898cacd9c0757b0c5ad0e21a, sendKeysToElement {value=[Ljava.lang.CharSequence;@1eb4f905, id=f.CAE5DC5F5DAAEF821165C987CD5F0021.d.A0D87077F33263FD7528D9F7C5521929.e.48}]
Capabilities {acceptInsecureCerts: false, browserName: chrome, browserVersion: 131.0.6778.140, chrome: {chromedriverVersion: 131.0.6778.108 (3b014839fbc..., userDataDir: C:\Users\vamsh\AppData\Loca...}, fedcm:accounts: true, goog:chromeOptions: {debuggerAddress: localhost:55376}, networkConnectionEnabled: false, pageLoadStrategy: normal, platformName: windows, proxy: Proxy(), se:cdp: ws://localhost:55376/devtoo..., se:cdpVersion: 131.0.6778.140, setWindowRect: true, strictFileInteractability: false, timeouts: {implicit: 0, pageLoad: 300000, script: 30000}, unhandledPromptBehavior: dismiss and notify, webauthn:extension:credBlob: true, webauthn:extension:largeBlob: true, webauthn:extension:minPinLength: true, webauthn:extension:prf: true, webauthn:virtualAuthenticators: true}
Element: [[ChromeDriver: chrome on windows (e7d1a8cf898cacd9c0757b0c5ad0e21a)] -> css selector: .CodeMirror textarea]
Session ID: e7d1a8cf898cacd9c0757b0c5ad0e21a
	at java.base/jdk.internal.reflect.DirectConstructorHandleAccessor.newInstance(DirectConstructorHandleAccessor.java:62)
	at java.base/java.lang.reflect.Constructor.newInstanceWithCaller(Constructor.java:502)
	at java.base/java.lang.reflect.Constructor.newInstance(Constructor.java:486)
	at org.openqa.selenium.remote.ErrorCodec.decode(ErrorCodec.java:167)
	at org.openqa.selenium.remote.codec.w3c.W3CHttpResponseCodec.decode(W3CHttpResponseCodec.java:138)
	at org.openqa.selenium.remote.codec.w3c.W3CHttpResponseCodec.decode(W3CHttpResponseCodec.java:50)
	at org.openqa.selenium.remote.HttpCommandExecutor.execute(HttpCommandExecutor.java:190)
	at org.openqa.selenium.remote.service.DriverCommandExecutor.invokeExecute(DriverCommandExecutor.java:216)
	at org.openqa.selenium.remote.service.DriverCommandExecutor.execute(DriverCommandExecutor.java:174)
	at org.openqa.selenium.remote.RemoteWebDriver.execute(RemoteWebDriver.java:545)
	at org.openqa.selenium.remote.RemoteWebElement.execute(RemoteWebElement.java:223)
	at org.openqa.selenium.remote.RemoteWebElement.sendKeys(RemoteWebElement.java:110)
	at PageObjects.IntroductionPage.enterCodeInEditor(IntroductionPage.java:82)
	at StepDefinitions.DSIntroductionDetails.user_writes_valid_code_and_clicks_run_button(DSIntroductionDetails.java:197)
	at ✽.User writes valid code and clicks run button(file:///C:/Projects/newFolder-3/Repo1/src/test/resources/Features/ArrayDetailsPage.feature:107)
&amp#27;[0m
  &amp#27;[36mThen &amp#27;[0m&amp#27;[36mThe user should able to see output in the console&amp#27;[0m                       &amp#27;[90m# StepDefinitions.DSIntroductionDetails.the_user_should_able_to_see_output_in_the_console()&amp#27;[0m
[ERROR] 2024-12-17 11:49:13.110 [TestNG-PoolService-3] Hooks - ======================  TEST CASE FAILED !! ======================

    Embedding screenshot [image/png 7853 bytes]

[INFO ] 2024-12-17 11:49:13.279 [TestNG-PoolService-3] Hooks - ======================  Screenshot is captured  ======================
[INFO ] 2024-12-17 11:49:13.281 [TestNG-PoolService-3] Hooks - ======================  Test Execution is completed!! ======================
]]></system-out>
    <system-err><![CDATA[Dec 17, 2024 11:49:12 AM org.openqa.selenium.devtools.CdpVersionFinder findNearestMatch
WARNING: Unable to find an exact match for CDP version 131, returning the closest version; found: 130; Please update to a Selenium version that supports CDP version 131
Dec 17, 2024 11:49:12 AM org.openqa.selenium.devtools.CdpVersionFinder findNearestMatch
WARNING: Unable to find an exact match for CDP version 131, returning the closest version; found: 130; Please update to a Selenium version that supports CDP version 131
]]></system-err>
  </testcase>
  <testcase name="runScenario[&quot;Valid code on try editor for applications of array runs successfully&quot;, &quot;Array detail page&quot;](21)" classname="TestRunners.TestRunner" time="0.148">
    <system-out><![CDATA[
Scenario: validate user able to navigate to practice question page for max consecutive ones question &amp#27;[90m# src/test/resources/Features/ArrayDetailsPage.feature:115&amp#27;[0m
]]></system-out>
  </testcase>
  <testcase name="runScenario[&quot;validate user able to navigate to practice question page for search the array question&quot;, &quot;Array detail page&quot;](22)" classname="TestRunners.TestRunner" time="4.065">
    <system-out><![CDATA[
Scenario: validate user able to navigate to practice question page for even number question &amp#27;[90m# src/test/resources/Features/ArrayDetailsPage.feature:120&amp#27;[0m
  &amp#27;[32mGiven &amp#27;[0m&amp#27;[32mThe user is on the DS Introduction page as signedIn&amp#27;[0m                                      &amp#27;[90m# StepDefinitions.DSIntroductionDetails.the_user_is_on_the_ds_introduction_page_as_signed_in()&amp#27;[0m
  &amp#27;[32mGiven &amp#27;[0m&amp#27;[32mThe user is on the DS Introduction page as signedIn&amp#27;[0m                                          &amp#27;[90m# StepDefinitions.DSIntroductionDetails.the_user_is_on_the_ds_introduction_page_as_signed_in()&amp#27;[0m
  &amp#27;[32mWhen &amp#27;[0m&amp#27;[32mThe user clicks on Get Started link for array&amp#27;[0m                                             &amp#27;[90m# StepDefinitions.ArrayStepDefintions.the_user_clicks_on_get_started_link_for_array()&amp#27;[0m
  &amp#27;[32mWhen &amp#27;[0m&amp#27;[32mThe user clicks on Get Started link for array&amp#27;[0m                                                 &amp#27;[90m# StepDefinitions.ArrayStepDefintions.the_user_clicks_on_get_started_link_for_array()&amp#27;[0m
  &amp#27;[32mGiven &amp#27;[0m&amp#27;[32mThe user is on the practice questions page&amp#27;[0m                                               &amp#27;[90m# StepDefinitions.ArrayStepDefintions.the_user_click_on_the_practice_questions_link()&amp#27;[0m
  &amp#27;[32mGiven &amp#27;[0m&amp#27;[32mThe user is on the practice questions page&amp#27;[0m                                                   &amp#27;[90m# StepDefinitions.ArrayStepDefintions.the_user_click_on_the_practice_questions_link()&amp#27;[0m
  &amp#27;[32mWhen &amp#27;[0m&amp#27;[32mthe user click on The Search the array link&amp#27;[0m                                               &amp#27;[90m# StepDefinitions.ArrayStepDefintions.the_user_click_on_the_search_the_array_link()&amp#27;[0m
  &amp#27;[32mWhen &amp#27;[0m&amp#27;[32mthe user click on The Max Consecutive Ones link&amp#27;[0m                                               &amp#27;[90m# StepDefinitions.ArrayStepDefintions.the_user_click_on_the_max_consecutive_ones_link()&amp#27;[0m
  &amp#27;[32mThen &amp#27;[0m&amp#27;[32mthe user should be redirected to practice question page for search the array&amp#27;[0m              &amp#27;[90m# StepDefinitions.ArrayStepDefintions.the_user_should_be_redirected_to_practice_question_page_for_search_the_array()&amp#27;[0m
[INFO ] 2024-12-17 11:49:17.432 [TestNG-PoolService-1] Hooks - ======================  Test Execution is completed!! ======================
  &amp#27;[32mGiven &amp#27;[0m&amp#27;[32mThe user is on the DS Introduction page as signedIn&amp#27;[0m                                 &amp#27;[90m# StepDefinitions.DSIntroductionDetails.the_user_is_on_the_ds_introduction_page_as_signed_in()&amp#27;[0m
]]></system-out>
    <system-err><![CDATA[Dec 17, 2024 11:49:15 AM org.openqa.selenium.devtools.CdpVersionFinder findNearestMatch
WARNING: Unable to find an exact match for CDP version 131, returning the closest version; found: 130; Please update to a Selenium version that supports CDP version 131
]]></system-err>
  </testcase>
  <testcase name="runScenario[&quot;validate user able to navigate to practice question page for search the array question&quot;, &quot;Array detail page&quot;](22)" classname="TestRunners.TestRunner" time="9.254">
    <system-out><![CDATA[
Scenario: validate user able to navigate to practice question page for even number question &amp#27;[90m# src/test/resources/Features/ArrayDetailsPage.feature:120&amp#27;[0m
  &amp#27;[32mGiven &amp#27;[0m&amp#27;[32mThe user is on the DS Introduction page as signedIn&amp#27;[0m                                      &amp#27;[90m# StepDefinitions.DSIntroductionDetails.the_user_is_on_the_ds_introduction_page_as_signed_in()&amp#27;[0m
  &amp#27;[32mWhen &amp#27;[0m&amp#27;[32mThe user clicks on Get Started link for array&amp#27;[0m                                             &amp#27;[90m# StepDefinitions.ArrayStepDefintions.the_user_clicks_on_get_started_link_for_array()&amp#27;[0m
  &amp#27;[32mGiven &amp#27;[0m&amp#27;[32mThe user is on the DS Introduction page as signedIn&amp#27;[0m                                 &amp#27;[90m# StepDefinitions.DSIntroductionDetails.the_user_is_on_the_ds_introduction_page_as_signed_in()&amp#27;[0m
  &amp#27;[32mGiven &amp#27;[0m&amp#27;[32mThe user is on the DS Introduction page as signedIn&amp#27;[0m                                          &amp#27;[90m# StepDefinitions.DSIntroductionDetails.the_user_is_on_the_ds_introduction_page_as_signed_in()&amp#27;[0m
  &amp#27;[32mWhen &amp#27;[0m&amp#27;[32mThe user clicks on Get Started link for array&amp#27;[0m                                        &amp#27;[90m# StepDefinitions.ArrayStepDefintions.the_user_clicks_on_get_started_link_for_array()&amp#27;[0m
  &amp#27;[32mWhen &amp#27;[0m&amp#27;[32mThe user clicks on Get Started link for array&amp#27;[0m                                                 &amp#27;[90m# StepDefinitions.ArrayStepDefintions.the_user_clicks_on_get_started_link_for_array()&amp#27;[0m
  &amp#27;[32mGiven &amp#27;[0m&amp#27;[32mThe user is on the practice questions page&amp#27;[0m                                               &amp#27;[90m# StepDefinitions.ArrayStepDefintions.the_user_click_on_the_practice_questions_link()&amp#27;[0m
  &amp#27;[32mGiven &amp#27;[0m&amp#27;[32mThe user is on the practice questions page&amp#27;[0m                                          &amp#27;[90m# StepDefinitions.ArrayStepDefintions.the_user_click_on_the_practice_questions_link()&amp#27;[0m
  &amp#27;[32mGiven &amp#27;[0m&amp#27;[32mThe user is on the practice questions page&amp#27;[0m                                                   &amp#27;[90m# StepDefinitions.ArrayStepDefintions.the_user_click_on_the_practice_questions_link()&amp#27;[0m
  &amp#27;[32mWhen &amp#27;[0m&amp#27;[32mthe user click on The Search the array link&amp#27;[0m                                               &amp#27;[90m# StepDefinitions.ArrayStepDefintions.the_user_click_on_the_search_the_array_link()&amp#27;[0m
  &amp#27;[32mThen &amp#27;[0m&amp#27;[32mthe user should be redirected to practice question page for search the array&amp#27;[0m              &amp#27;[90m# StepDefinitions.ArrayStepDefintions.the_user_should_be_redirected_to_practice_question_page_for_search_the_array()&amp#27;[0m
[INFO ] 2024-12-17 12:16:45.529 [TestNG-PoolService-1] Hooks - ======================  Test Execution is completed!! ======================
  &amp#27;[32mWhen &amp#27;[0m&amp#27;[32mthe user click on the even number question link&amp#27;[0m                                      &amp#27;[90m# StepDefinitions.ArrayStepDefintions.the_user_click_on_the_even_numbers_link()&amp#27;[0m
  &amp#27;[32mThen &amp#27;[0m&amp#27;[32mthe user should be redirected to practice question page for even number of digits&amp#27;[0m    &amp#27;[90m# StepDefinitions.ArrayStepDefintions.the_user_should_be_redirected_to_practice_question_page_for_even_number_of_digits()&amp#27;[0m
[INFO ] 2024-12-17 12:16:45.976 [TestNG-PoolService-2] Hooks - ======================  Test Execution is completed!! ======================
  &amp#27;[32mWhen &amp#27;[0m&amp#27;[32mthe user click on The Max Consecutive Ones link&amp#27;[0m                                               &amp#27;[90m# StepDefinitions.ArrayStepDefintions.the_user_click_on_the_max_consecutive_ones_link()&amp#27;[0m
  &amp#27;[32mThen &amp#27;[0m&amp#27;[32mthe user should be redirected to practice question page for max consecutive ones&amp#27;[0m              &amp#27;[90m# StepDefinitions.ArrayStepDefintions.the_user_should_be_redirected_to_practice_question_page_for_max_consecutive_ones()&amp#27;[0m
[INFO ] 2024-12-17 12:16:46.271 [TestNG-PoolService-3] Hooks - ======================  Test Execution is completed!! ======================
]]></system-out>
    <system-err><![CDATA[Dec 17, 2024 12:16:39 PM org.openqa.selenium.devtools.CdpVersionFinder findNearestMatch
WARNING: Unable to find an exact match for CDP version 131, returning the closest version; found: 130; Please update to a Selenium version that supports CDP version 131
Dec 17, 2024 12:16:40 PM org.openqa.selenium.devtools.CdpVersionFinder findNearestMatch
WARNING: Unable to find an exact match for CDP version 131, returning the closest version; found: 130; Please update to a Selenium version that supports CDP version 131
Dec 17, 2024 12:16:40 PM org.openqa.selenium.devtools.CdpVersionFinder findNearestMatch
WARNING: Unable to find an exact match for CDP version 131, returning the closest version; found: 130; Please update to a Selenium version that supports CDP version 131
]]></system-err>
  </testcase>
  <testcase name="runScenario[&quot;validate user able to navigate to practice question page for max consecutive ones question&quot;, &quot;Array detail page&quot;](23)" classname="TestRunners.TestRunner" time="0.233">
    <system-out><![CDATA[  &amp#27;[32mThen &amp#27;[0m&amp#27;[32mthe user should be redirected to practice question page for max consecutive ones&amp#27;[0m              &amp#27;[90m# StepDefinitions.ArrayStepDefintions.the_user_should_be_redirected_to_practice_question_page_for_max_consecutive_ones()&amp#27;[0m
[INFO ] 2024-12-17 11:49:17.651 [TestNG-PoolService-2] Hooks - ======================  Test Execution is completed!! ======================

Scenario: validate user able to navigate to practice question page for sorted array question &amp#27;[90m# src/test/resources/Features/ArrayDetailsPage.feature:125&amp#27;[0m
]]></system-out>
  </testcase>
  <testcase name="runScenario[&quot;validate user able to navigate to practice question page for even number question&quot;, &quot;Array detail page&quot;](24)" classname="TestRunners.TestRunner" time="3.608">
    <system-out><![CDATA[
Scenario Outline: Validate user is able to run the code in tryEditor for Search the array link                            &amp#27;[90m# src/test/resources/Features/ArrayDetailsPage.feature:136&amp#27;[0m
  &amp#27;[32mWhen &amp#27;[0m&amp#27;[32mThe user clicks on Get Started link for array&amp#27;[0m                                        &amp#27;[90m# StepDefinitions.ArrayStepDefintions.the_user_clicks_on_get_started_link_for_array()&amp#27;[0m
  &amp#27;[32mGiven &amp#27;[0m&amp#27;[32mThe user is on the practice questions page&amp#27;[0m                                          &amp#27;[90m# StepDefinitions.ArrayStepDefintions.the_user_click_on_the_practice_questions_link()&amp#27;[0m
  &amp#27;[32mWhen &amp#27;[0m&amp#27;[32mthe user click on the even number question link&amp#27;[0m                                      &amp#27;[90m# StepDefinitions.ArrayStepDefintions.the_user_click_on_the_even_numbers_link()&amp#27;[0m
  &amp#27;[32mThen &amp#27;[0m&amp#27;[32mthe user should be redirected to practice question page for even number of digits&amp#27;[0m    &amp#27;[90m# StepDefinitions.ArrayStepDefintions.the_user_should_be_redirected_to_practice_question_page_for_even_number_of_digits()&amp#27;[0m
[INFO ] 2024-12-17 11:49:20.875 [TestNG-PoolService-3] Hooks - ======================  Test Execution is completed!! ======================
]]></system-out>
    <system-err><![CDATA[Dec 17, 2024 11:49:19 AM org.openqa.selenium.devtools.CdpVersionFinder findNearestMatch
WARNING: Unable to find an exact match for CDP version 131, returning the closest version; found: 130; Please update to a Selenium version that supports CDP version 131
Dec 17, 2024 11:49:19 AM org.openqa.selenium.devtools.CdpVersionFinder findNearestMatch
WARNING: Unable to find an exact match for CDP version 131, returning the closest version; found: 130; Please update to a Selenium version that supports CDP version 131
]]></system-err>
  </testcase>
  <testcase name="runScenario[&quot;validate user able to navigate to practice question page for sorted array question&quot;, &quot;Array detail page&quot;](25)" classname="TestRunners.TestRunner" time="3.059">
    <system-out><![CDATA[
Scenario Outline: Validate user is able to Submit the code in tryEditor for Search the array link                            &amp#27;[90m# src/test/resources/Features/ArrayDetailsPage.feature:145&amp#27;[0m
  &amp#27;[32mGiven &amp#27;[0m&amp#27;[32mThe user is on the DS Introduction page as signedIn&amp#27;[0m                                  &amp#27;[90m# StepDefinitions.DSIntroductionDetails.the_user_is_on_the_ds_introduction_page_as_signed_in()&amp#27;[0m
  &amp#27;[32mWhen &amp#27;[0m&amp#27;[32mThe user clicks on Get Started link for array&amp#27;[0m                                         &amp#27;[90m# StepDefinitions.ArrayStepDefintions.the_user_clicks_on_get_started_link_for_array()&amp#27;[0m
  &amp#27;[32mGiven &amp#27;[0m&amp#27;[32mThe user is on the DS Introduction page as signedIn&amp#27;[0m                                                               &amp#27;[90m# StepDefinitions.DSIntroductionDetails.the_user_is_on_the_ds_introduction_page_as_signed_in()&amp#27;[0m
  &amp#27;[32mWhen &amp#27;[0m&amp#27;[32mThe user clicks on Get Started link for array&amp#27;[0m                                                                      &amp#27;[90m# StepDefinitions.ArrayStepDefintions.the_user_clicks_on_get_started_link_for_array()&amp#27;[0m
  &amp#27;[32mGiven &amp#27;[0m&amp#27;[32mThe user is on the practice questions page&amp#27;[0m                                           &amp#27;[90m# StepDefinitions.ArrayStepDefintions.the_user_click_on_the_practice_questions_link()&amp#27;[0m
  &amp#27;[32mWhen &amp#27;[0m&amp#27;[32mthe user click on the sorted array link&amp#27;[0m                                               &amp#27;[90m# StepDefinitions.ArrayStepDefintions.the_user_click_on_the_sort_array_link()&amp#27;[0m
  &amp#27;[32mThen &amp#27;[0m&amp#27;[32mthe user should be redirected to practice question page for sorted array&amp#27;[0m              &amp#27;[90m# StepDefinitions.ArrayStepDefintions.the_user_should_be_redirected_to_practice_question_page_for_sorted_array()&amp#27;[0m
[INFO ] 2024-12-17 11:49:24.252 [TestNG-PoolService-1] Hooks - ======================  Test Execution is completed!! ======================
  &amp#27;[32mGiven &amp#27;[0m&amp#27;[32mThe user is on the Practice Questions page of Search array page&amp#27;[0m                                                   &amp#27;[90m# StepDefinitions.ArrayStepDefintions.the_user_is_on_the_practice_questions_page_of_search_array_page()&amp#27;[0m
]]></system-out>
    <system-err><![CDATA[Dec 17, 2024 11:49:22 AM org.openqa.selenium.devtools.CdpVersionFinder findNearestMatch
WARNING: Unable to find an exact match for CDP version 131, returning the closest version; found: 130; Please update to a Selenium version that supports CDP version 131
]]></system-err>
  </testcase>
  <testcase name="runScenario[&quot;validate user able to navigate to practice question page for sorted array question&quot;, &quot;Array detail page&quot;](25)" classname="TestRunners.TestRunner" time="12.88">
    <system-out><![CDATA[
Scenario Outline: Validate user is able to Submit the code in tryEditor for Search the array link                            &amp#27;[90m# src/test/resources/Features/ArrayDetailsPage.feature:145&amp#27;[0m
  &amp#27;[32mGiven &amp#27;[0m&amp#27;[32mThe user is on the DS Introduction page as signedIn&amp#27;[0m                                  &amp#27;[90m# StepDefinitions.DSIntroductionDetails.the_user_is_on_the_ds_introduction_page_as_signed_in()&amp#27;[0m
  &amp#27;[32mWhen &amp#27;[0m&amp#27;[32mThe user clicks on Get Started link for array&amp#27;[0m                                         &amp#27;[90m# StepDefinitions.ArrayStepDefintions.the_user_clicks_on_get_started_link_for_array()&amp#27;[0m
  &amp#27;[32mGiven &amp#27;[0m&amp#27;[32mThe user is on the practice questions page&amp#27;[0m                                           &amp#27;[90m# StepDefinitions.ArrayStepDefintions.the_user_click_on_the_practice_questions_link()&amp#27;[0m
  &amp#27;[32mGiven &amp#27;[0m&amp#27;[32mThe user is on the DS Introduction page as signedIn&amp#27;[0m                                                                  &amp#27;[90m# StepDefinitions.DSIntroductionDetails.the_user_is_on_the_ds_introduction_page_as_signed_in()&amp#27;[0m
  &amp#27;[32mWhen &amp#27;[0m&amp#27;[32mThe user clicks on Get Started link for array&amp#27;[0m                                                                         &amp#27;[90m# StepDefinitions.ArrayStepDefintions.the_user_clicks_on_get_started_link_for_array()&amp#27;[0m
  &amp#27;[32mGiven &amp#27;[0m&amp#27;[32mThe user is on the DS Introduction page as signedIn&amp#27;[0m                                                               &amp#27;[90m# StepDefinitions.DSIntroductionDetails.the_user_is_on_the_ds_introduction_page_as_signed_in()&amp#27;[0m
  &amp#27;[32mWhen &amp#27;[0m&amp#27;[32mthe user click on the sorted array link&amp#27;[0m                                               &amp#27;[90m# StepDefinitions.ArrayStepDefintions.the_user_click_on_the_sort_array_link()&amp#27;[0m
  &amp#27;[32mWhen &amp#27;[0m&amp#27;[32mThe user clicks on Get Started link for array&amp#27;[0m                                                                      &amp#27;[90m# StepDefinitions.ArrayStepDefintions.the_user_clicks_on_get_started_link_for_array()&amp#27;[0m
  &amp#27;[32mThen &amp#27;[0m&amp#27;[32mthe user should be redirected to practice question page for sorted array&amp#27;[0m              &amp#27;[90m# StepDefinitions.ArrayStepDefintions.the_user_should_be_redirected_to_practice_question_page_for_sorted_array()&amp#27;[0m
[INFO ] 2024-12-17 11:59:08.278 [TestNG-PoolService-2] Hooks - ======================  Test Execution is completed!! ======================
  &amp#27;[32mGiven &amp#27;[0m&amp#27;[32mThe user is on the Practice Questions page of Search array page&amp#27;[0m                                                      &amp#27;[90m# StepDefinitions.ArrayStepDefintions.the_user_is_on_the_practice_questions_page_of_search_array_page()&amp#27;[0m
def search(input_list, num):
if(num in input_list):
print("Element Found")
else:
print("Not Found")
search([12, 23, 45, 67, 6, 90] , 12)
  &amp#27;[32mGiven &amp#27;[0m&amp#27;[32mThe user is on the Practice Questions page of Search array page&amp#27;[0m                                                   &amp#27;[90m# StepDefinitions.ArrayStepDefintions.the_user_is_on_the_practice_questions_page_of_search_array_page()&amp#27;[0m
def search(input_list, num):
if(num in input_list):
print("Element Found")
else:
print("Not Found")
search([12, 23, 45, 67, 6, 90] , 12)
]]></system-out>
  </testcase>
  <testcase name="runScenario[&quot;validate user able to navigate to practice question page for sorted array question&quot;, &quot;Array detail page&quot;](25)" classname="TestRunners.TestRunner" time="9.086">
    <system-out><![CDATA[
Scenario Outline: Validate user is able to Submit the code in tryEditor for Search the array link                            &amp#27;[90m# src/test/resources/Features/ArrayDetailsPage.feature:145&amp#27;[0m
  &amp#27;[32mGiven &amp#27;[0m&amp#27;[32mThe user is on the DS Introduction page as signedIn&amp#27;[0m                                  &amp#27;[90m# StepDefinitions.DSIntroductionDetails.the_user_is_on_the_ds_introduction_page_as_signed_in()&amp#27;[0m
  &amp#27;[32mWhen &amp#27;[0m&amp#27;[32mThe user clicks on Get Started link for array&amp#27;[0m                                         &amp#27;[90m# StepDefinitions.ArrayStepDefintions.the_user_clicks_on_get_started_link_for_array()&amp#27;[0m
  &amp#27;[32mGiven &amp#27;[0m&amp#27;[32mThe user is on the DS Introduction page as signedIn&amp#27;[0m                                                               &amp#27;[90m# StepDefinitions.DSIntroductionDetails.the_user_is_on_the_ds_introduction_page_as_signed_in()&amp#27;[0m
  &amp#27;[32mGiven &amp#27;[0m&amp#27;[32mThe user is on the DS Introduction page as signedIn&amp#27;[0m                                                                  &amp#27;[90m# StepDefinitions.DSIntroductionDetails.the_user_is_on_the_ds_introduction_page_as_signed_in()&amp#27;[0m
  &amp#27;[32mWhen &amp#27;[0m&amp#27;[32mThe user clicks on Get Started link for array&amp#27;[0m                                                                      &amp#27;[90m# StepDefinitions.ArrayStepDefintions.the_user_clicks_on_get_started_link_for_array()&amp#27;[0m
  &amp#27;[32mWhen &amp#27;[0m&amp#27;[32mThe user clicks on Get Started link for array&amp#27;[0m                                                                         &amp#27;[90m# StepDefinitions.ArrayStepDefintions.the_user_clicks_on_get_started_link_for_array()&amp#27;[0m
  &amp#27;[32mGiven &amp#27;[0m&amp#27;[32mThe user is on the practice questions page&amp#27;[0m                                           &amp#27;[90m# StepDefinitions.ArrayStepDefintions.the_user_click_on_the_practice_questions_link()&amp#27;[0m
  &amp#27;[32mWhen &amp#27;[0m&amp#27;[32mthe user click on the sorted array link&amp#27;[0m                                               &amp#27;[90m# StepDefinitions.ArrayStepDefintions.the_user_click_on_the_sort_array_link()&amp#27;[0m
  &amp#27;[32mThen &amp#27;[0m&amp#27;[32mthe user should be redirected to practice question page for sorted array&amp#27;[0m              &amp#27;[90m# StepDefinitions.ArrayStepDefintions.the_user_should_be_redirected_to_practice_question_page_for_sorted_array()&amp#27;[0m
[INFO ] 2024-12-17 12:16:55.273 [TestNG-PoolService-1] Hooks - ======================  Test Execution is completed!! ======================
  &amp#27;[32mGiven &amp#27;[0m&amp#27;[32mThe user is on the Practice Questions page of Search array page&amp#27;[0m                                                   &amp#27;[90m# StepDefinitions.ArrayStepDefintions.the_user_is_on_the_practice_questions_page_of_search_array_page()&amp#27;[0m
def search(input_list, num):
  &amp#27;[32mGiven &amp#27;[0m&amp#27;[32mThe user is on the Practice Questions page of Search array page&amp#27;[0m                                                      &amp#27;[90m# StepDefinitions.ArrayStepDefintions.the_user_is_on_the_practice_questions_page_of_search_array_page()&amp#27;[0m
def search(input_list, num):
if(num in input_list):
print("Element Found")
if(num in input_list):
else:
print("Element Found")
print("Not Found")
else:
search([12, 23, 45, 67, 6, 90] , 12)
print("Not Found")
]]></system-out>
    <system-err><![CDATA[Dec 17, 2024 12:16:49 PM org.openqa.selenium.devtools.CdpVersionFinder findNearestMatch
WARNING: Unable to find an exact match for CDP version 131, returning the closest version; found: 130; Please update to a Selenium version that supports CDP version 131
Dec 17, 2024 12:16:50 PM org.openqa.selenium.devtools.CdpVersionFinder findNearestMatch
WARNING: Unable to find an exact match for CDP version 131, returning the closest version; found: 130; Please update to a Selenium version that supports CDP version 131
Dec 17, 2024 12:16:50 PM org.openqa.selenium.devtools.CdpVersionFinder findNearestMatch
WARNING: Unable to find an exact match for CDP version 131, returning the closest version; found: 130; Please update to a Selenium version that supports CDP version 131
]]></system-err>
  </testcase>
  <testcase name="runScenario[&quot;Validate user is able to run the code in tryEditor for Search the array link&quot;, &quot;Array detail page&quot;](26)" classname="TestRunners.TestRunner" time="3.706">
    <system-out><![CDATA[
Scenario: Validate user is presented with error message for the code with the invalid syntax in tryEditor for search the array link &amp#27;[90m# src/test/resources/Features/ArrayDetailsPage.feature:148&amp#27;[0m
  &amp#27;[32mGiven &amp#27;[0m&amp#27;[32mThe user is on the DS Introduction page as signedIn&amp#27;[0m                                                                  &amp#27;[90m# StepDefinitions.DSIntroductionDetails.the_user_is_on_the_ds_introduction_page_as_signed_in()&amp#27;[0m
  &amp#27;[32mWhen &amp#27;[0m&amp#27;[32mThe user clicks on Get Started link for array&amp#27;[0m                                                                         &amp#27;[90m# StepDefinitions.ArrayStepDefintions.the_user_clicks_on_get_started_link_for_array()&amp#27;[0m
def search(input_list, num):
if(num in input_list):
print("Element Found")
else:
print("Not Found")
search([12, 23, 45, 67, 6, 90] , 12)
  &amp#27;[32mWhen &amp#27;[0m&amp#27;[32mThe user enter python code in tryEditor page sheet &amp#27;[0m&amp#27;[32m&amp#27;[1m"pythonCode"&amp#27;[0m&amp#27;[32m and row &amp#27;[0m&amp#27;[32m&amp#27;[1m0&amp#27;[0m&amp#27;[32m for the Question and click on run button&amp#27;[0m &amp#27;[90m# StepDefinitions.ArrayStepDefintions.the_user_enter_valid_python_code_in_try_editor_page_sheet_and_for_the_question_run_button(java.lang.String,int)&amp#27;[0m
  &amp#27;[32mThen &amp#27;[0m&amp#27;[32mthe user should be presented with the Run result from sheet &amp#27;[0m&amp#27;[32m&amp#27;[1m"pythonCode"&amp#27;[0m&amp#27;[32m and row &amp#27;[0m&amp#27;[32m&amp#27;[1m0&amp#27;[0m                                 &amp#27;[90m# StepDefinitions.ArrayStepDefintions.the_user_should_be_presented_with_the_run_result(java.lang.String,int)&amp#27;[0m
[INFO ] 2024-12-17 11:49:27.850 [TestNG-PoolService-2] Hooks - ======================  Test Execution is completed!! ======================
  &amp#27;[32mGiven &amp#27;[0m&amp#27;[32mThe user is on the Practice Questions page of Search array page&amp#27;[0m                                                      &amp#27;[90m# StepDefinitions.ArrayStepDefintions.the_user_is_on_the_practice_questions_page_of_search_array_page()&amp#27;[0m
def search(input_list, num):
]]></system-out>
    <system-err><![CDATA[Dec 17, 2024 11:49:26 AM org.openqa.selenium.devtools.CdpVersionFinder findNearestMatch
WARNING: Unable to find an exact match for CDP version 131, returning the closest version; found: 130; Please update to a Selenium version that supports CDP version 131
]]></system-err>
  </testcase>
  <testcase name="runScenario[&quot;Validate user is able to run the code in tryEditor for Search the array link&quot;, &quot;Array detail page&quot;](26)" classname="TestRunners.TestRunner" time="1.801">
    <system-out><![CDATA[
Scenario: Validate user is presented with error message for the code with the invalid syntax in tryEditor for search the array link &amp#27;[90m# src/test/resources/Features/ArrayDetailsPage.feature:148&amp#27;[0m
search([12, 23, 45, 67, 6, 90] , 12)
  &amp#27;[32mWhen &amp#27;[0m&amp#27;[32mThe user enter python code in tryEditor page sheet &amp#27;[0m&amp#27;[32m&amp#27;[1m"pythonCode"&amp#27;[0m&amp#27;[32m and row &amp#27;[0m&amp#27;[32m&amp#27;[1m0&amp#27;[0m&amp#27;[32m for the Question and click on run button&amp#27;[0m &amp#27;[90m# StepDefinitions.ArrayStepDefintions.the_user_enter_valid_python_code_in_try_editor_page_sheet_and_for_the_question_run_button(java.lang.String,int)&amp#27;[0m
  &amp#27;[32mThen &amp#27;[0m&amp#27;[32mthe user should be presented with the Run result from sheet &amp#27;[0m&amp#27;[32m&amp#27;[1m"pythonCode"&amp#27;[0m&amp#27;[32m and row &amp#27;[0m&amp#27;[32m&amp#27;[1m0&amp#27;[0m                                 &amp#27;[90m# StepDefinitions.ArrayStepDefintions.the_user_should_be_presented_with_the_run_result(java.lang.String,int)&amp#27;[0m
[INFO ] 2024-12-17 12:16:57.110 [TestNG-PoolService-2] Hooks - ======================  Test Execution is completed!! ======================
  &amp#27;[32mWhen &amp#27;[0m&amp#27;[32mThe user enter python code in tryEditor page sheet &amp#27;[0m&amp#27;[32m&amp#27;[1m"pythonCode"&amp#27;[0m&amp#27;[32m and row &amp#27;[0m&amp#27;[32m&amp#27;[1m1&amp#27;[0m&amp#27;[32m for the Question and click on submit button&amp#27;[0m &amp#27;[90m# StepDefinitions.ArrayStepDefintions.the_user_enter_valid_python_code_in_try_editor_page_sheet_and_for_the_question_submit_button(java.lang.String,int)&amp#27;[0m
  &amp#27;[32mThen &amp#27;[0m&amp#27;[32mthe user should be presented with the Run result from sheet &amp#27;[0m&amp#27;[32m&amp#27;[1m"pythonCode"&amp#27;[0m&amp#27;[32m and row &amp#27;[0m&amp#27;[32m&amp#27;[1m1&amp#27;[0m                                    &amp#27;[90m# StepDefinitions.ArrayStepDefintions.the_user_should_be_presented_with_the_run_result(java.lang.String,int)&amp#27;[0m
[INFO ] 2024-12-17 12:16:58.316 [TestNG-PoolService-3] Hooks - ======================  Test Execution is completed!! ======================
]]></system-out>
  </testcase>
  <testcase name="runScenario[&quot;Validate user is able to Submit the code in tryEditor for Search the array link&quot;, &quot;Array detail page&quot;](27)" classname="TestRunners.TestRunner" time="2.263">
    <system-out><![CDATA[
Scenario Outline: Validate user is able to run the code in tryEditor for Max Consecutive Ones                             &amp#27;[90m# src/test/resources/Features/ArrayDetailsPage.feature:159&amp#27;[0m
if(num in input_list):
print("Element Found")
  &amp#27;[32mGiven &amp#27;[0m&amp#27;[32mThe user is on the DS Introduction page as signedIn&amp#27;[0m                                                                         &amp#27;[90m# StepDefinitions.DSIntroductionDetails.the_user_is_on_the_ds_introduction_page_as_signed_in()&amp#27;[0m
else:
print("Not Found")
search([12, 23, 45, 67, 6, 90] , 12)
  &amp#27;[32mWhen &amp#27;[0m&amp#27;[32mThe user clicks on Get Started link for array&amp#27;[0m                                                                                &amp#27;[90m# StepDefinitions.ArrayStepDefintions.the_user_clicks_on_get_started_link_for_array()&amp#27;[0m
  &amp#27;[32mWhen &amp#27;[0m&amp#27;[32mThe user enter python code in tryEditor page sheet &amp#27;[0m&amp#27;[32m&amp#27;[1m"pythonCode"&amp#27;[0m&amp#27;[32m and row &amp#27;[0m&amp#27;[32m&amp#27;[1m1&amp#27;[0m&amp#27;[32m for the Question and click on submit button&amp#27;[0m &amp#27;[90m# StepDefinitions.ArrayStepDefintions.the_user_enter_valid_python_code_in_try_editor_page_sheet_and_for_the_question_submit_button(java.lang.String,int)&amp#27;[0m
  &amp#27;[32mThen &amp#27;[0m&amp#27;[32mthe user should be presented with the Run result from sheet &amp#27;[0m&amp#27;[32m&amp#27;[1m"pythonCode"&amp#27;[0m&amp#27;[32m and row &amp#27;[0m&amp#27;[32m&amp#27;[1m1&amp#27;[0m                                    &amp#27;[90m# StepDefinitions.ArrayStepDefintions.the_user_should_be_presented_with_the_run_result(java.lang.String,int)&amp#27;[0m
[INFO ] 2024-12-17 11:49:30.302 [TestNG-PoolService-3] Hooks - ======================  Test Execution is completed!! ======================
]]></system-out>
    <system-err><![CDATA[Dec 17, 2024 11:49:29 AM org.openqa.selenium.devtools.CdpVersionFinder findNearestMatch
WARNING: Unable to find an exact match for CDP version 131, returning the closest version; found: 130; Please update to a Selenium version that supports CDP version 131
]]></system-err>
  </testcase>
  <testcase name="runScenario[&quot;Validate user is able to Submit the code in tryEditor for Search the array link&quot;, &quot;Array detail page&quot;](27)" classname="TestRunners.TestRunner" time="1.119">
    <system-out><![CDATA[
Scenario Outline: Validate user is able to run the code in tryEditor for Max Consecutive Ones                             &amp#27;[90m# src/test/resources/Features/ArrayDetailsPage.feature:159&amp#27;[0m
]]></system-out>
  </testcase>
  <testcase name="runScenario[&quot;Validate user is presented with error message for the code with the invalid syntax in tryEditor for search the array link&quot;, &quot;Array detail page&quot;](28)" classname="TestRunners.TestRunner" time="0.764">
    <system-out><![CDATA[
Scenario Outline: Validate user is able to Submit the code in tryEditor for Max Consecutive Ones                             &amp#27;[90m# src/test/resources/Features/ArrayDetailsPage.feature:168&amp#27;[0m
  &amp#27;[32mGiven &amp#27;[0m&amp#27;[32mThe user is on the Practice Questions page of Search array page&amp#27;[0m                                                             &amp#27;[90m# StepDefinitions.ArrayStepDefintions.the_user_is_on_the_practice_questions_page_of_search_array_page()&amp#27;[0m
  &amp#27;[32mWhen &amp#27;[0m&amp#27;[32mthe user click on run button&amp#27;[0m                                                                                                 &amp#27;[90m# StepDefinitions.ArrayStepDefintions.the_user_click_on_run_button()&amp#27;[0m
  &amp#27;[32mThen &amp#27;[0m&amp#27;[32mThe user should see an alert error message as &amp#27;[0m&amp#27;[32m&amp#27;[1m"SyntaxError: bad input on line 2"&amp#27;[0m                                             &amp#27;[90m# StepDefinitions.DSIntroductionDetails.the_user_should_see_an_alert_error_message(java.lang.String)&amp#27;[0m
[INFO ] 2024-12-17 11:49:30.945 [TestNG-PoolService-1] Hooks - ======================  Test Execution is completed!! ======================
]]></system-out>
  </testcase>
  <testcase name="runScenario[&quot;Validate user is presented with error message for the code with the invalid syntax in tryEditor for search the array link&quot;, &quot;Array detail page&quot;](28)" classname="TestRunners.TestRunner" time="12.116">
    <system-out><![CDATA[
Scenario Outline: Validate user is able to Submit the code in tryEditor for Max Consecutive Ones                             &amp#27;[90m# src/test/resources/Features/ArrayDetailsPage.feature:168&amp#27;[0m
  &amp#27;[32mGiven &amp#27;[0m&amp#27;[32mThe user is on the DS Introduction page as signedIn&amp#27;[0m                                                                         &amp#27;[90m# StepDefinitions.DSIntroductionDetails.the_user_is_on_the_ds_introduction_page_as_signed_in()&amp#27;[0m
  &amp#27;[32mWhen &amp#27;[0m&amp#27;[32mThe user clicks on Get Started link for array&amp#27;[0m                                                                                &amp#27;[90m# StepDefinitions.ArrayStepDefintions.the_user_clicks_on_get_started_link_for_array()&amp#27;[0m
  &amp#27;[32mGiven &amp#27;[0m&amp#27;[32mThe user is on the Practice Questions page of Search array page&amp#27;[0m                                                             &amp#27;[90m# StepDefinitions.ArrayStepDefintions.the_user_is_on_the_practice_questions_page_of_search_array_page()&amp#27;[0m
  &amp#27;[32mWhen &amp#27;[0m&amp#27;[32mthe user click on run button&amp#27;[0m                                                                                                 &amp#27;[90m# StepDefinitions.ArrayStepDefintions.the_user_click_on_run_button()&amp#27;[0m
  &amp#27;[32mThen &amp#27;[0m&amp#27;[32mThe user should see an alert error message as &amp#27;[0m&amp#27;[32m&amp#27;[1m"SyntaxError: bad input on line 2"&amp#27;[0m                                             &amp#27;[90m# StepDefinitions.DSIntroductionDetails.the_user_should_see_an_alert_error_message(java.lang.String)&amp#27;[0m
[INFO ] 2024-12-17 11:59:22.568 [TestNG-PoolService-2] Hooks - ======================  Test Execution is completed!! ======================
  &amp#27;[32mGiven &amp#27;[0m&amp#27;[32mThe user is on the DS Introduction page as signedIn&amp#27;[0m                                                                  &amp#27;[90m# StepDefinitions.DSIntroductionDetails.the_user_is_on_the_ds_introduction_page_as_signed_in()&amp#27;[0m
  &amp#27;[32mGiven &amp#27;[0m&amp#27;[32mThe user is on the DS Introduction page as signedIn&amp#27;[0m                                                               &amp#27;[90m# StepDefinitions.DSIntroductionDetails.the_user_is_on_the_ds_introduction_page_as_signed_in()&amp#27;[0m
  &amp#27;[32mWhen &amp#27;[0m&amp#27;[32mThe user clicks on Get Started link for array&amp#27;[0m                                                                         &amp#27;[90m# StepDefinitions.ArrayStepDefintions.the_user_clicks_on_get_started_link_for_array()&amp#27;[0m
  &amp#27;[32mWhen &amp#27;[0m&amp#27;[32mThe user clicks on Get Started link for array&amp#27;[0m                                                                      &amp#27;[90m# StepDefinitions.ArrayStepDefintions.the_user_clicks_on_get_started_link_for_array()&amp#27;[0m
  &amp#27;[32mGiven &amp#27;[0m&amp#27;[32mThe user is on the Practice Questions page of Max Consecutive Ones&amp#27;[0m                                                   &amp#27;[90m# StepDefinitions.ArrayStepDefintions.the_user_is_on_the_practice_questions_page_of_max_consecutive_ones()&amp#27;[0m
def findMaxConsecutiveOnes(nums) :
  &amp#27;[32mGiven &amp#27;[0m&amp#27;[32mThe user is on the Practice Questions page of Max Consecutive Ones&amp#27;[0m                                                &amp#27;[90m# StepDefinitions.ArrayStepDefintions.the_user_is_on_the_practice_questions_page_of_max_consecutive_ones()&amp#27;[0m
def findMaxConsecutiveOnes(nums) :
count = 0
]]></system-out>
  </testcase>
  <testcase name="runScenario[&quot;Validate user is presented with error message for the code with the invalid syntax in tryEditor for search the array link&quot;, &quot;Array detail page&quot;](28)" classname="TestRunners.TestRunner" time="6.741">
    <system-out><![CDATA[
Scenario Outline: Validate user is able to Submit the code in tryEditor for Max Consecutive Ones                             &amp#27;[90m# src/test/resources/Features/ArrayDetailsPage.feature:168&amp#27;[0m
  &amp#27;[32mGiven &amp#27;[0m&amp#27;[32mThe user is on the DS Introduction page as signedIn&amp#27;[0m                                                                         &amp#27;[90m# StepDefinitions.DSIntroductionDetails.the_user_is_on_the_ds_introduction_page_as_signed_in()&amp#27;[0m
  &amp#27;[32mWhen &amp#27;[0m&amp#27;[32mThe user clicks on Get Started link for array&amp#27;[0m                                                                                &amp#27;[90m# StepDefinitions.ArrayStepDefintions.the_user_clicks_on_get_started_link_for_array()&amp#27;[0m
  &amp#27;[32mGiven &amp#27;[0m&amp#27;[32mThe user is on the DS Introduction page as signedIn&amp#27;[0m                                                               &amp#27;[90m# StepDefinitions.DSIntroductionDetails.the_user_is_on_the_ds_introduction_page_as_signed_in()&amp#27;[0m
  &amp#27;[32mWhen &amp#27;[0m&amp#27;[32mThe user clicks on Get Started link for array&amp#27;[0m                                                                      &amp#27;[90m# StepDefinitions.ArrayStepDefintions.the_user_clicks_on_get_started_link_for_array()&amp#27;[0m
  &amp#27;[32mGiven &amp#27;[0m&amp#27;[32mThe user is on the Practice Questions page of Search array page&amp#27;[0m                                                             &amp#27;[90m# StepDefinitions.ArrayStepDefintions.the_user_is_on_the_practice_questions_page_of_search_array_page()&amp#27;[0m
  &amp#27;[32mWhen &amp#27;[0m&amp#27;[32mthe user click on run button&amp#27;[0m                                                                                                 &amp#27;[90m# StepDefinitions.ArrayStepDefintions.the_user_click_on_run_button()&amp#27;[0m
  &amp#27;[32mThen &amp#27;[0m&amp#27;[32mThe user should see an alert error message as &amp#27;[0m&amp#27;[32m&amp#27;[1m"SyntaxError: bad input on line 2"&amp#27;[0m                                             &amp#27;[90m# StepDefinitions.DSIntroductionDetails.the_user_should_see_an_alert_error_message(java.lang.String)&amp#27;[0m
[INFO ] 2024-12-17 12:17:04.952 [TestNG-PoolService-1] Hooks - ======================  Test Execution is completed!! ======================
  &amp#27;[32mGiven &amp#27;[0m&amp#27;[32mThe user is on the DS Introduction page as signedIn&amp#27;[0m                                                                  &amp#27;[90m# StepDefinitions.DSIntroductionDetails.the_user_is_on_the_ds_introduction_page_as_signed_in()&amp#27;[0m
  &amp#27;[32mWhen &amp#27;[0m&amp#27;[32mThe user clicks on Get Started link for array&amp#27;[0m                                                                         &amp#27;[90m# StepDefinitions.ArrayStepDefintions.the_user_clicks_on_get_started_link_for_array()&amp#27;[0m
]]></system-out>
    <system-err><![CDATA[Dec 17, 2024 12:16:59 PM org.openqa.selenium.devtools.CdpVersionFinder findNearestMatch
WARNING: Unable to find an exact match for CDP version 131, returning the closest version; found: 130; Please update to a Selenium version that supports CDP version 131
Dec 17, 2024 12:17:01 PM org.openqa.selenium.devtools.CdpVersionFinder findNearestMatch
WARNING: Unable to find an exact match for CDP version 131, returning the closest version; found: 130; Please update to a Selenium version that supports CDP version 131
Dec 17, 2024 12:17:02 PM org.openqa.selenium.devtools.CdpVersionFinder findNearestMatch
WARNING: Unable to find an exact match for CDP version 131, returning the closest version; found: 130; Please update to a Selenium version that supports CDP version 131
]]></system-err>
  </testcase>
  <testcase name="runScenario[&quot;Validate user is able to run the code in tryEditor for Max Consecutive Ones&quot;, &quot;Array detail page&quot;](29)" classname="TestRunners.TestRunner" time="5.92">
    <system-out><![CDATA[
Scenario: Validate user is presented with error message for the code with the invalid syntax in tryEditor for Max Consecutive Ones &amp#27;[90m# src/test/resources/Features/ArrayDetailsPage.feature:171&amp#27;[0m
  &amp#27;[32mGiven &amp#27;[0m&amp#27;[32mThe user is on the DS Introduction page as signedIn&amp#27;[0m                                                               &amp#27;[90m# StepDefinitions.DSIntroductionDetails.the_user_is_on_the_ds_introduction_page_as_signed_in()&amp#27;[0m
  &amp#27;[32mWhen &amp#27;[0m&amp#27;[32mThe user clicks on Get Started link for array&amp#27;[0m                                                                      &amp#27;[90m# StepDefinitions.ArrayStepDefintions.the_user_clicks_on_get_started_link_for_array()&amp#27;[0m
  &amp#27;[32mGiven &amp#27;[0m&amp#27;[32mThe user is on the DS Introduction page as signedIn&amp#27;[0m                                                                  &amp#27;[90m# StepDefinitions.DSIntroductionDetails.the_user_is_on_the_ds_introduction_page_as_signed_in()&amp#27;[0m
  &amp#27;[32mGiven &amp#27;[0m&amp#27;[32mThe user is on the Practice Questions page of Max Consecutive Ones&amp#27;[0m                                                &amp#27;[90m# StepDefinitions.ArrayStepDefintions.the_user_is_on_the_practice_questions_page_of_max_consecutive_ones()&amp#27;[0m
def findMaxConsecutiveOnes(nums) :
  &amp#27;[32mWhen &amp#27;[0m&amp#27;[32mThe user clicks on Get Started link for array&amp#27;[0m                                                                         &amp#27;[90m# StepDefinitions.ArrayStepDefintions.the_user_clicks_on_get_started_link_for_array()&amp#27;[0m
count = 0
result = 0
for i in range(0, len(nums)):
if (nums[i] == 0):
  &amp#27;[32mGiven &amp#27;[0m&amp#27;[32mThe user is on the DS Introduction page as signedIn&amp#27;[0m                                                                        &amp#27;[90m# StepDefinitions.DSIntroductionDetails.the_user_is_on_the_ds_introduction_page_as_signed_in()&amp#27;[0m
count = 0
else:
count+= 1
result = max(result, count)
  &amp#27;[32mWhen &amp#27;[0m&amp#27;[32mThe user clicks on Get Started link for array&amp#27;[0m                                                                               &amp#27;[90m# StepDefinitions.ArrayStepDefintions.the_user_clicks_on_get_started_link_for_array()&amp#27;[0m
print(result)
findMaxConsecutiveOnes([1,0,1,1,0,1])
  &amp#27;[32mWhen &amp#27;[0m&amp#27;[32mThe user enter python code in tryEditor page sheet &amp#27;[0m&amp#27;[32m&amp#27;[1m"pythonCode"&amp#27;[0m&amp#27;[32m and row &amp#27;[0m&amp#27;[32m&amp#27;[1m2&amp#27;[0m&amp#27;[32m for the Question and click on run button&amp#27;[0m &amp#27;[90m# StepDefinitions.ArrayStepDefintions.the_user_enter_valid_python_code_in_try_editor_page_sheet_and_for_the_question_run_button(java.lang.String,int)&amp#27;[0m
  &amp#27;[32mThen &amp#27;[0m&amp#27;[32mthe user should be presented with the Run result from sheet &amp#27;[0m&amp#27;[32m&amp#27;[1m"pythonCode"&amp#27;[0m&amp#27;[32m and row &amp#27;[0m&amp#27;[32m&amp#27;[1m2&amp#27;[0m                                 &amp#27;[90m# StepDefinitions.ArrayStepDefintions.the_user_should_be_presented_with_the_run_result(java.lang.String,int)&amp#27;[0m
[INFO ] 2024-12-17 11:49:36.997 [TestNG-PoolService-2] Hooks - ======================  Test Execution is completed!! ======================
]]></system-out>
    <system-err><![CDATA[Dec 17, 2024 11:49:32 AM org.openqa.selenium.devtools.CdpVersionFinder findNearestMatch
WARNING: Unable to find an exact match for CDP version 131, returning the closest version; found: 130; Please update to a Selenium version that supports CDP version 131
Dec 17, 2024 11:49:33 AM org.openqa.selenium.devtools.CdpVersionFinder findNearestMatch
WARNING: Unable to find an exact match for CDP version 131, returning the closest version; found: 130; Please update to a Selenium version that supports CDP version 131
]]></system-err>
  </testcase>
  <testcase name="runScenario[&quot;Validate user is able to run the code in tryEditor for Max Consecutive Ones&quot;, &quot;Array detail page&quot;](29)" classname="TestRunners.TestRunner" time="3.105">
    <failure message="Unexpected alert dialog detected. Performed handler &quot;dismiss&quot;. Dialog text: SyntaxError: bad input on line 2: &#10;Build info: version: &apos;4.26.0&apos;, revision: &apos;8ccf0219d7&apos;&#10;System info: os.name: &apos;Windows 11&apos;, os.arch: &apos;amd64&apos;, os.version: &apos;10.0&apos;, java.version: &apos;21.0.5&apos;&#10;Driver info: org.openqa.selenium.firefox.FirefoxDriver&#10;Command: [87ed5cb9-8aea-4ee4-bb65-7310427d9d7f, findElement {value=#output, using=css selector}]&#10;Capabilities {acceptInsecureCerts: true, browserName: firefox, browserVersion: 133.0.3, moz:accessibilityChecks: false, moz:buildID: 20241209150345, moz:debuggerAddress: 127.0.0.1:16781, moz:geckodriverVersion: 0.35.0, moz:headless: false, moz:platformVersion: 10.0, moz:processID: 41104, moz:profile: C:\Users\vamsh\AppData\Loca..., moz:shutdownTimeout: 60000, moz:webdriverClick: true, moz:windowless: false, pageLoadStrategy: normal, platformName: windows, proxy: Proxy(), se:cdp: ws://127.0.0.1:16781/devtoo..., se:cdpVersion: 85.0, setWindowRect: true, strictFileInteractability: false, timeouts: {implicit: 0, pageLoad: 300000, script: 30000}, unhandledPromptBehavior: dismiss and notify, userAgent: Mozilla/5.0 (Windows NT 10....}&#10;Session ID: 87ed5cb9-8aea-4ee4-bb65-7310427d9d7f" type="org.openqa.selenium.UnhandledAlertException"><![CDATA[org.openqa.selenium.UnhandledAlertException: 
Unexpected alert dialog detected. Performed handler "dismiss". Dialog text: SyntaxError: bad input on line 2: 
Build info: version: '4.26.0', revision: '8ccf0219d7'
System info: os.name: 'Windows 11', os.arch: 'amd64', os.version: '10.0', java.version: '21.0.5'
Driver info: org.openqa.selenium.firefox.FirefoxDriver
Command: [87ed5cb9-8aea-4ee4-bb65-7310427d9d7f, findElement {value=#output, using=css selector}]
Capabilities {acceptInsecureCerts: true, browserName: firefox, browserVersion: 133.0.3, moz:accessibilityChecks: false, moz:buildID: 20241209150345, moz:debuggerAddress: 127.0.0.1:16781, moz:geckodriverVersion: 0.35.0, moz:headless: false, moz:platformVersion: 10.0, moz:processID: 41104, moz:profile: C:\Users\vamsh\AppData\Loca..., moz:shutdownTimeout: 60000, moz:webdriverClick: true, moz:windowless: false, pageLoadStrategy: normal, platformName: windows, proxy: Proxy(), se:cdp: ws://127.0.0.1:16781/devtoo..., se:cdpVersion: 85.0, setWindowRect: true, strictFileInteractability: false, timeouts: {implicit: 0, pageLoad: 300000, script: 30000}, unhandledPromptBehavior: dismiss and notify, userAgent: Mozilla/5.0 (Windows NT 10....}
Session ID: 87ed5cb9-8aea-4ee4-bb65-7310427d9d7f
]]></failure>
    <system-out><![CDATA[
Scenario: Validate user is presented with error message for the code with the invalid syntax in tryEditor for Max Consecutive Ones &amp#27;[90m# src/test/resources/Features/ArrayDetailsPage.feature:171&amp#27;[0m
result = 0
for i in range(0, len(nums)):
count = 0
result = 0
if (nums[i] == 0):
for i in range(0, len(nums)):
count = 0
if (nums[i] == 0):
else:
count+= 1
count = 0
result = max(result, count)
else:
count+= 1
result = max(result, count)
print(result)
findMaxConsecutiveOnes([1,0,1,1,0,1])
print(result)
findMaxConsecutiveOnes([1,0,1,1,0,1])
  &amp#27;[32mWhen &amp#27;[0m&amp#27;[32mThe user enter python code in tryEditor page sheet &amp#27;[0m&amp#27;[32m&amp#27;[1m"pythonCode"&amp#27;[0m&amp#27;[32m and row &amp#27;[0m&amp#27;[32m&amp#27;[1m2&amp#27;[0m&amp#27;[32m for the Question and click on run button&amp#27;[0m &amp#27;[90m# StepDefinitions.ArrayStepDefintions.the_user_enter_valid_python_code_in_try_editor_page_sheet_and_for_the_question_run_button(java.lang.String,int)&amp#27;[0m
  &amp#27;[31mThen &amp#27;[0m&amp#27;[31mthe user should be presented with the Run result from sheet &amp#27;[0m&amp#27;[31m&amp#27;[1m"pythonCode"&amp#27;[0m&amp#27;[31m and row &amp#27;[0m&amp#27;[31m&amp#27;[1m2&amp#27;[0m                                 &amp#27;[90m# StepDefinitions.ArrayStepDefintions.the_user_should_be_presented_with_the_run_result(java.lang.String,int)&amp#27;[0m
      &amp#27;[31morg.openqa.selenium.UnhandledAlertException: Unexpected alert dialog detected. Performed handler "dismiss". Dialog text: SyntaxError: bad input on line 2: 
Build info: version: '4.26.0', revision: '8ccf0219d7'
System info: os.name: 'Windows 11', os.arch: 'amd64', os.version: '10.0', java.version: '21.0.5'
Driver info: org.openqa.selenium.firefox.FirefoxDriver
Command: [87ed5cb9-8aea-4ee4-bb65-7310427d9d7f, findElement {value=#output, using=css selector}]
Capabilities {acceptInsecureCerts: true, browserName: firefox, browserVersion: 133.0.3, moz:accessibilityChecks: false, moz:buildID: 20241209150345, moz:debuggerAddress: 127.0.0.1:16781, moz:geckodriverVersion: 0.35.0, moz:headless: false, moz:platformVersion: 10.0, moz:processID: 41104, moz:profile: C:\Users\vamsh\AppData\Loca..., moz:shutdownTimeout: 60000, moz:webdriverClick: true, moz:windowless: false, pageLoadStrategy: normal, platformName: windows, proxy: Proxy(), se:cdp: ws://127.0.0.1:16781/devtoo..., se:cdpVersion: 85.0, setWindowRect: true, strictFileInteractability: false, timeouts: {implicit: 0, pageLoad: 300000, script: 30000}, unhandledPromptBehavior: dismiss and notify, userAgent: Mozilla/5.0 (Windows NT 10....}
Session ID: 87ed5cb9-8aea-4ee4-bb65-7310427d9d7f
	at org.openqa.selenium.remote.codec.w3c.W3CHttpResponseCodec.decode(W3CHttpResponseCodec.java:136)
	at org.openqa.selenium.remote.codec.w3c.W3CHttpResponseCodec.decode(W3CHttpResponseCodec.java:50)
	at org.openqa.selenium.remote.HttpCommandExecutor.execute(HttpCommandExecutor.java:190)
	at org.openqa.selenium.remote.service.DriverCommandExecutor.invokeExecute(DriverCommandExecutor.java:216)
	at org.openqa.selenium.remote.service.DriverCommandExecutor.execute(DriverCommandExecutor.java:174)
	at org.openqa.selenium.remote.RemoteWebDriver.execute(RemoteWebDriver.java:545)
	at org.openqa.selenium.remote.ElementLocation$ElementFinder$2.findElement(ElementLocation.java:165)
	at org.openqa.selenium.remote.ElementLocation.findElement(ElementLocation.java:59)
	at org.openqa.selenium.remote.RemoteWebDriver.findElement(RemoteWebDriver.java:368)
	at org.openqa.selenium.remote.RemoteWebDriver.findElement(RemoteWebDriver.java:362)
	at PageObjects.IntroductionPage.getTextForElement(IntroductionPage.java:106)
	at StepDefinitions.ArrayStepDefintions.the_user_should_be_presented_with_the_run_result(ArrayStepDefintions.java:159)
	at ✽.the user should be presented with the Run result from sheet "pythonCode" and row 2(file:///C:/Projects/newFolder-3/Repo1/src/test/resources/Features/ArrayDetailsPage.feature:156)
&amp#27;[0m
[ERROR] 2024-12-17 11:59:26.955 [TestNG-PoolService-3] Hooks - ======================  TEST CASE FAILED !! ======================

    Embedding screenshot [image/png 73396 bytes]

[INFO ] 2024-12-17 11:59:27.039 [TestNG-PoolService-3] Hooks - ======================  Screenshot is captured  ======================
[INFO ] 2024-12-17 11:59:27.049 [TestNG-PoolService-3] Hooks - ======================  Test Execution is completed!! ======================
  &amp#27;[32mWhen &amp#27;[0m&amp#27;[32mThe user enter python code in tryEditor page sheet &amp#27;[0m&amp#27;[32m&amp#27;[1m"pythonCode"&amp#27;[0m&amp#27;[32m and row &amp#27;[0m&amp#27;[32m&amp#27;[1m3&amp#27;[0m&amp#27;[32m for the Question and click on submit button&amp#27;[0m &amp#27;[90m# StepDefinitions.ArrayStepDefintions.the_user_enter_valid_python_code_in_try_editor_page_sheet_and_for_the_question_submit_button(java.lang.String,int)&amp#27;[0m
  &amp#27;[31mThen &amp#27;[0m&amp#27;[31mthe user should be presented with the Run result from sheet &amp#27;[0m&amp#27;[31m&amp#27;[1m"pythonCode"&amp#27;[0m&amp#27;[31m and row &amp#27;[0m&amp#27;[31m&amp#27;[1m3&amp#27;[0m                                    &amp#27;[90m# StepDefinitions.ArrayStepDefintions.the_user_should_be_presented_with_the_run_result(java.lang.String,int)&amp#27;[0m
      &amp#27;[31mjava.lang.AssertionError: expected [ Some Tests failed. Please review code] but found [Error occurred during submission]
	at org.testng.Assert.fail(Assert.java:111)
	at org.testng.Assert.failNotEquals(Assert.java:1578)
	at org.testng.Assert.assertEqualsImpl(Assert.java:150)
	at org.testng.Assert.assertEquals(Assert.java:132)
	at org.testng.Assert.assertEquals(Assert.java:656)
	at org.testng.Assert.assertEquals(Assert.java:666)
	at StepDefinitions.ArrayStepDefintions.the_user_should_be_presented_with_the_run_result(ArrayStepDefintions.java:159)
	at ✽.the user should be presented with the Run result from sheet "pythonCode" and row 3(file:///C:/Projects/newFolder-3/Repo1/src/test/resources/Features/ArrayDetailsPage.feature:165)
&amp#27;[0m
[ERROR] 2024-12-17 11:59:27.884 [TestNG-PoolService-1] Hooks - ======================  TEST CASE FAILED !! ======================

    Embedding screenshot [image/png 74838 bytes]

[INFO ] 2024-12-17 11:59:27.948 [TestNG-PoolService-1] Hooks - ======================  Screenshot is captured  ======================
[INFO ] 2024-12-17 11:59:27.950 [TestNG-PoolService-1] Hooks - ======================  Test Execution is completed!! ======================
]]></system-out>
  </testcase>
  <testcase name="runScenario[&quot;Validate user is able to run the code in tryEditor for Max Consecutive Ones&quot;, &quot;Array detail page&quot;](29)" classname="TestRunners.TestRunner" time="3.307">
    <system-out><![CDATA[
Scenario: Validate user is presented with error message for the code with the invalid syntax in tryEditor for Max Consecutive Ones &amp#27;[90m# src/test/resources/Features/ArrayDetailsPage.feature:171&amp#27;[0m
  &amp#27;[32mGiven &amp#27;[0m&amp#27;[32mThe user is on the Practice Questions page of Max Consecutive Ones&amp#27;[0m                                                &amp#27;[90m# StepDefinitions.ArrayStepDefintions.the_user_is_on_the_practice_questions_page_of_max_consecutive_ones()&amp#27;[0m
def findMaxConsecutiveOnes(nums) :
count = 0
result = 0
for i in range(0, len(nums)):
if (nums[i] == 0):
count = 0
else:
count+= 1
result = max(result, count)
print(result)
findMaxConsecutiveOnes([1,0,1,1,0,1])
  &amp#27;[32mGiven &amp#27;[0m&amp#27;[32mThe user is on the Practice Questions page of Max Consecutive Ones&amp#27;[0m                                                   &amp#27;[90m# StepDefinitions.ArrayStepDefintions.the_user_is_on_the_practice_questions_page_of_max_consecutive_ones()&amp#27;[0m
def findMaxConsecutiveOnes(nums) :
  &amp#27;[32mWhen &amp#27;[0m&amp#27;[32mThe user enter python code in tryEditor page sheet &amp#27;[0m&amp#27;[32m&amp#27;[1m"pythonCode"&amp#27;[0m&amp#27;[32m and row &amp#27;[0m&amp#27;[32m&amp#27;[1m2&amp#27;[0m&amp#27;[32m for the Question and click on run button&amp#27;[0m &amp#27;[90m# StepDefinitions.ArrayStepDefintions.the_user_enter_valid_python_code_in_try_editor_page_sheet_and_for_the_question_run_button(java.lang.String,int)&amp#27;[0m
count = 0
  &amp#27;[32mThen &amp#27;[0m&amp#27;[32mthe user should be presented with the Run result from sheet &amp#27;[0m&amp#27;[32m&amp#27;[1m"pythonCode"&amp#27;[0m&amp#27;[32m and row &amp#27;[0m&amp#27;[32m&amp#27;[1m2&amp#27;[0m                                 &amp#27;[90m# StepDefinitions.ArrayStepDefintions.the_user_should_be_presented_with_the_run_result(java.lang.String,int)&amp#27;[0m
[INFO ] 2024-12-17 12:17:08.038 [TestNG-PoolService-2] Hooks - ======================  Test Execution is completed!! ======================
result = 0
for i in range(0, len(nums)):
if (nums[i] == 0):
count = 0
else:
count+= 1
result = max(result, count)
print(result)
]]></system-out>
    <system-err><![CDATA[Dec 17, 2024 12:17:09 PM org.openqa.selenium.devtools.CdpVersionFinder findNearestMatch
WARNING: Unable to find an exact match for CDP version 131, returning the closest version; found: 130; Please update to a Selenium version that supports CDP version 131
]]></system-err>
  </testcase>
  <testcase name="runScenario[&quot;Validate user is presented with error message for the code with the invalid syntax in tryEditor for Max Consecutive Ones&quot;, &quot;Array detail page&quot;](30)" classname="TestRunners.TestRunner" time="1.617">
    <system-out><![CDATA[
Scenario Outline: Validate user is able to run the code in tryEditor for Even number of digits                            &amp#27;[90m# src/test/resources/Features/ArrayDetailsPage.feature:182&amp#27;[0m
  &amp#27;[32mGiven &amp#27;[0m&amp#27;[32mThe user is on the Practice Questions page of Max Consecutive Ones&amp#27;[0m                                                   &amp#27;[90m# StepDefinitions.ArrayStepDefintions.the_user_is_on_the_practice_questions_page_of_max_consecutive_ones()&amp#27;[0m
def findMaxConsecutiveOnes(nums) :
count = 0
result = 0
for i in range(0, len(nums)):
if (nums[i] == 0):
count = 0
else:
count+= 1
result = max(result, count)
  &amp#27;[32mGiven &amp#27;[0m&amp#27;[32mThe user is on the Practice Questions page of Max Consecutive Ones&amp#27;[0m                                                         &amp#27;[90m# StepDefinitions.ArrayStepDefintions.the_user_is_on_the_practice_questions_page_of_max_consecutive_ones()&amp#27;[0m
print(result)
  &amp#27;[32mWhen &amp#27;[0m&amp#27;[32mthe user click on run button&amp#27;[0m                                                                                                &amp#27;[90m# StepDefinitions.ArrayStepDefintions.the_user_click_on_run_button()&amp#27;[0m
  &amp#27;[32mThen &amp#27;[0m&amp#27;[32mThe user should see an alert error message as &amp#27;[0m&amp#27;[32m&amp#27;[1m"SyntaxError: bad input on line 2"&amp#27;[0m                                            &amp#27;[90m# StepDefinitions.DSIntroductionDetails.the_user_should_see_an_alert_error_message(java.lang.String)&amp#27;[0m
[INFO ] 2024-12-17 11:49:38.583 [TestNG-PoolService-1] Hooks - ======================  Test Execution is completed!! ======================
findMaxConsecutiveOnes([1,0,1,1,0,1])
]]></system-out>
    <system-err><![CDATA[Dec 17, 2024 11:49:38 AM org.openqa.selenium.devtools.CdpVersionFinder findNearestMatch
WARNING: Unable to find an exact match for CDP version 131, returning the closest version; found: 130; Please update to a Selenium version that supports CDP version 131
]]></system-err>
  </testcase>
  <testcase name="runScenario[&quot;Validate user is able to Submit the code in tryEditor for Max Consecutive Ones&quot;, &quot;Array detail page&quot;](31)" classname="TestRunners.TestRunner" time="2.05">
    <system-out><![CDATA[
Scenario Outline: Validate user is able to Submit the code in tryEditor for Even number of digits                            &amp#27;[90m# src/test/resources/Features/ArrayDetailsPage.feature:191&amp#27;[0m
  &amp#27;[32mWhen &amp#27;[0m&amp#27;[32mThe user enter python code in tryEditor page sheet &amp#27;[0m&amp#27;[32m&amp#27;[1m"pythonCode"&amp#27;[0m&amp#27;[32m and row &amp#27;[0m&amp#27;[32m&amp#27;[1m3&amp#27;[0m&amp#27;[32m for the Question and click on submit button&amp#27;[0m &amp#27;[90m# StepDefinitions.ArrayStepDefintions.the_user_enter_valid_python_code_in_try_editor_page_sheet_and_for_the_question_submit_button(java.lang.String,int)&amp#27;[0m
  &amp#27;[32mThen &amp#27;[0m&amp#27;[32mthe user should be presented with the Run result from sheet &amp#27;[0m&amp#27;[32m&amp#27;[1m"pythonCode"&amp#27;[0m&amp#27;[32m and row &amp#27;[0m&amp#27;[32m&amp#27;[1m3&amp#27;[0m                                    &amp#27;[90m# StepDefinitions.ArrayStepDefintions.the_user_should_be_presented_with_the_run_result(java.lang.String,int)&amp#27;[0m
[INFO ] 2024-12-17 11:49:40.330 [TestNG-PoolService-3] Hooks - ======================  Test Execution is completed!! ======================
]]></system-out>
    <system-err><![CDATA[Dec 17, 2024 11:49:40 AM org.openqa.selenium.devtools.CdpVersionFinder findNearestMatch
WARNING: Unable to find an exact match for CDP version 131, returning the closest version; found: 130; Please update to a Selenium version that supports CDP version 131
]]></system-err>
  </testcase>
  <testcase name="runScenario[&quot;Validate user is able to run the code in tryEditor for Even number of digits&quot;, &quot;Array detail page&quot;](32)" classname="TestRunners.TestRunner" time="4.4">
    <system-out><![CDATA[
Scenario: Validate user is presented with error message for the code with the invalid syntax in tryEditor for Even number of digits &amp#27;[90m# src/test/resources/Features/ArrayDetailsPage.feature:194&amp#27;[0m
  &amp#27;[32mGiven &amp#27;[0m&amp#27;[32mThe user is on the DS Introduction page as signedIn&amp#27;[0m                                                               &amp#27;[90m# StepDefinitions.DSIntroductionDetails.the_user_is_on_the_ds_introduction_page_as_signed_in()&amp#27;[0m
  &amp#27;[32mWhen &amp#27;[0m&amp#27;[32mThe user clicks on Get Started link for array&amp#27;[0m                                                                      &amp#27;[90m# StepDefinitions.ArrayStepDefintions.the_user_clicks_on_get_started_link_for_array()&amp#27;[0m
  &amp#27;[32mGiven &amp#27;[0m&amp#27;[32mThe user is on the DS Introduction page as signedIn&amp#27;[0m                                                                  &amp#27;[90m# StepDefinitions.DSIntroductionDetails.the_user_is_on_the_ds_introduction_page_as_signed_in()&amp#27;[0m
  &amp#27;[32mWhen &amp#27;[0m&amp#27;[32mThe user clicks on Get Started link for array&amp#27;[0m                                                                         &amp#27;[90m# StepDefinitions.ArrayStepDefintions.the_user_clicks_on_get_started_link_for_array()&amp#27;[0m
  &amp#27;[32mGiven &amp#27;[0m&amp#27;[32mThe user is on the Practice Questions page of Find Numbers with Even Number of Digits&amp#27;[0m                             &amp#27;[90m# StepDefinitions.ArrayStepDefintions.the_user_is_on_the_practice_questions_page_of_find_numbers_with_even_number_of_digits()&amp#27;[0m
def findNumbers(nums):
c=0
for i in nums:
j=str(i)
x=len(j)
if x%2==0:
c=c+1
print c
return c
findNumbers([12,345,2,6,7896])
  &amp#27;[32mGiven &amp#27;[0m&amp#27;[32mThe user is on the DS Introduction page as signedIn&amp#27;[0m                                                                         &amp#27;[90m# StepDefinitions.DSIntroductionDetails.the_user_is_on_the_ds_introduction_page_as_signed_in()&amp#27;[0m
  &amp#27;[32mWhen &amp#27;[0m&amp#27;[32mThe user enter python code in tryEditor page sheet &amp#27;[0m&amp#27;[32m&amp#27;[1m"pythonCode"&amp#27;[0m&amp#27;[32m and row &amp#27;[0m&amp#27;[32m&amp#27;[1m4&amp#27;[0m&amp#27;[32m for the Question and click on run button&amp#27;[0m &amp#27;[90m# StepDefinitions.ArrayStepDefintions.the_user_enter_valid_python_code_in_try_editor_page_sheet_and_for_the_question_run_button(java.lang.String,int)&amp#27;[0m
  &amp#27;[32mWhen &amp#27;[0m&amp#27;[32mThe user clicks on Get Started link for array&amp#27;[0m                                                                                &amp#27;[90m# StepDefinitions.ArrayStepDefintions.the_user_clicks_on_get_started_link_for_array()&amp#27;[0m
  &amp#27;[32mThen &amp#27;[0m&amp#27;[32mthe user should be presented with the Run result from sheet &amp#27;[0m&amp#27;[32m&amp#27;[1m"pythonCode"&amp#27;[0m&amp#27;[32m and row &amp#27;[0m&amp#27;[32m&amp#27;[1m4&amp#27;[0m                                 &amp#27;[90m# StepDefinitions.ArrayStepDefintions.the_user_should_be_presented_with_the_run_result(java.lang.String,int)&amp#27;[0m
[INFO ] 2024-12-17 11:49:45.043 [TestNG-PoolService-2] Hooks - ======================  Test Execution is completed!! ======================
]]></system-out>
    <system-err><![CDATA[Dec 17, 2024 11:49:42 AM org.openqa.selenium.devtools.CdpVersionFinder findNearestMatch
WARNING: Unable to find an exact match for CDP version 131, returning the closest version; found: 130; Please update to a Selenium version that supports CDP version 131
]]></system-err>
  </testcase>
  <testcase name="runScenario[&quot;Validate user is able to run the code in tryEditor for Even number of digits&quot;, &quot;Array detail page&quot;](32)" classname="TestRunners.TestRunner" time="6.426">
    <failure message="Unexpected alert dialog detected. Performed handler &quot;dismiss&quot;. Dialog text: SyntaxError: bad input on line 2: &#10;Build info: version: &apos;4.26.0&apos;, revision: &apos;8ccf0219d7&apos;&#10;System info: os.name: &apos;Windows 11&apos;, os.arch: &apos;amd64&apos;, os.version: &apos;10.0&apos;, java.version: &apos;21.0.5&apos;&#10;Driver info: org.openqa.selenium.firefox.FirefoxDriver&#10;Command: [cd69d270-4d58-4d76-a91f-f7d63a36f376, findElement {value=#output, using=css selector}]&#10;Capabilities {acceptInsecureCerts: true, browserName: firefox, browserVersion: 133.0.3, moz:accessibilityChecks: false, moz:buildID: 20241209150345, moz:debuggerAddress: 127.0.0.1:13977, moz:geckodriverVersion: 0.35.0, moz:headless: false, moz:platformVersion: 10.0, moz:processID: 38008, moz:profile: C:\Users\vamsh\AppData\Loca..., moz:shutdownTimeout: 60000, moz:webdriverClick: true, moz:windowless: false, pageLoadStrategy: normal, platformName: windows, proxy: Proxy(), se:cdp: ws://127.0.0.1:13977/devtoo..., se:cdpVersion: 85.0, setWindowRect: true, strictFileInteractability: false, timeouts: {implicit: 0, pageLoad: 300000, script: 30000}, unhandledPromptBehavior: dismiss and notify, userAgent: Mozilla/5.0 (Windows NT 10....}&#10;Session ID: cd69d270-4d58-4d76-a91f-f7d63a36f376" type="org.openqa.selenium.UnhandledAlertException"><![CDATA[org.openqa.selenium.UnhandledAlertException: 
Unexpected alert dialog detected. Performed handler "dismiss". Dialog text: SyntaxError: bad input on line 2: 
Build info: version: '4.26.0', revision: '8ccf0219d7'
System info: os.name: 'Windows 11', os.arch: 'amd64', os.version: '10.0', java.version: '21.0.5'
Driver info: org.openqa.selenium.firefox.FirefoxDriver
Command: [cd69d270-4d58-4d76-a91f-f7d63a36f376, findElement {value=#output, using=css selector}]
Capabilities {acceptInsecureCerts: true, browserName: firefox, browserVersion: 133.0.3, moz:accessibilityChecks: false, moz:buildID: 20241209150345, moz:debuggerAddress: 127.0.0.1:13977, moz:geckodriverVersion: 0.35.0, moz:headless: false, moz:platformVersion: 10.0, moz:processID: 38008, moz:profile: C:\Users\vamsh\AppData\Loca..., moz:shutdownTimeout: 60000, moz:webdriverClick: true, moz:windowless: false, pageLoadStrategy: normal, platformName: windows, proxy: Proxy(), se:cdp: ws://127.0.0.1:13977/devtoo..., se:cdpVersion: 85.0, setWindowRect: true, strictFileInteractability: false, timeouts: {implicit: 0, pageLoad: 300000, script: 30000}, unhandledPromptBehavior: dismiss and notify, userAgent: Mozilla/5.0 (Windows NT 10....}
Session ID: cd69d270-4d58-4d76-a91f-f7d63a36f376
]]></failure>
    <system-out><![CDATA[
Scenario: Validate user is presented with error message for the code with the invalid syntax in tryEditor for Even number of digits &amp#27;[90m# src/test/resources/Features/ArrayDetailsPage.feature:194&amp#27;[0m
  &amp#27;[32mWhen &amp#27;[0m&amp#27;[32mThe user clicks on Get Started link for array&amp#27;[0m                                                                         &amp#27;[90m# StepDefinitions.ArrayStepDefintions.the_user_clicks_on_get_started_link_for_array()&amp#27;[0m
  &amp#27;[32mGiven &amp#27;[0m&amp#27;[32mThe user is on the Practice Questions page of Find Numbers with Even Number of Digits&amp#27;[0m                             &amp#27;[90m# StepDefinitions.ArrayStepDefintions.the_user_is_on_the_practice_questions_page_of_find_numbers_with_even_number_of_digits()&amp#27;[0m
def findNumbers(nums):
  &amp#27;[32mGiven &amp#27;[0m&amp#27;[32mThe user is on the Practice Questions page of Find Numbers with Even Number of Digits&amp#27;[0m                                &amp#27;[90m# StepDefinitions.ArrayStepDefintions.the_user_is_on_the_practice_questions_page_of_find_numbers_with_even_number_of_digits()&amp#27;[0m
c=0
def findNumbers(nums):
for i in nums:
c=0
j=str(i)
for i in nums:
x=len(j)
if x%2==0:
j=str(i)
x=len(j)
c=c+1
print c
if x%2==0:
c=c+1
return c
print c
findNumbers([12,345,2,6,7896])
return c
findNumbers([12,345,2,6,7896])
  &amp#27;[32mWhen &amp#27;[0m&amp#27;[32mThe user enter python code in tryEditor page sheet &amp#27;[0m&amp#27;[32m&amp#27;[1m"pythonCode"&amp#27;[0m&amp#27;[32m and row &amp#27;[0m&amp#27;[32m&amp#27;[1m4&amp#27;[0m&amp#27;[32m for the Question and click on run button&amp#27;[0m &amp#27;[90m# StepDefinitions.ArrayStepDefintions.the_user_enter_valid_python_code_in_try_editor_page_sheet_and_for_the_question_run_button(java.lang.String,int)&amp#27;[0m
  &amp#27;[31mThen &amp#27;[0m&amp#27;[31mthe user should be presented with the Run result from sheet &amp#27;[0m&amp#27;[31m&amp#27;[1m"pythonCode"&amp#27;[0m&amp#27;[31m and row &amp#27;[0m&amp#27;[31m&amp#27;[1m4&amp#27;[0m                                 &amp#27;[90m# StepDefinitions.ArrayStepDefintions.the_user_should_be_presented_with_the_run_result(java.lang.String,int)&amp#27;[0m
      &amp#27;[31morg.openqa.selenium.UnhandledAlertException: Unexpected alert dialog detected. Performed handler "dismiss". Dialog text: SyntaxError: bad input on line 2: 
Build info: version: '4.26.0', revision: '8ccf0219d7'
System info: os.name: 'Windows 11', os.arch: 'amd64', os.version: '10.0', java.version: '21.0.5'
Driver info: org.openqa.selenium.firefox.FirefoxDriver
Command: [cd69d270-4d58-4d76-a91f-f7d63a36f376, findElement {value=#output, using=css selector}]
Capabilities {acceptInsecureCerts: true, browserName: firefox, browserVersion: 133.0.3, moz:accessibilityChecks: false, moz:buildID: 20241209150345, moz:debuggerAddress: 127.0.0.1:13977, moz:geckodriverVersion: 0.35.0, moz:headless: false, moz:platformVersion: 10.0, moz:processID: 38008, moz:profile: C:\Users\vamsh\AppData\Loca..., moz:shutdownTimeout: 60000, moz:webdriverClick: true, moz:windowless: false, pageLoadStrategy: normal, platformName: windows, proxy: Proxy(), se:cdp: ws://127.0.0.1:13977/devtoo..., se:cdpVersion: 85.0, setWindowRect: true, strictFileInteractability: false, timeouts: {implicit: 0, pageLoad: 300000, script: 30000}, unhandledPromptBehavior: dismiss and notify, userAgent: Mozilla/5.0 (Windows NT 10....}
Session ID: cd69d270-4d58-4d76-a91f-f7d63a36f376
	at org.openqa.selenium.remote.codec.w3c.W3CHttpResponseCodec.decode(W3CHttpResponseCodec.java:136)
	at org.openqa.selenium.remote.codec.w3c.W3CHttpResponseCodec.decode(W3CHttpResponseCodec.java:50)
	at org.openqa.selenium.remote.HttpCommandExecutor.execute(HttpCommandExecutor.java:190)
	at org.openqa.selenium.remote.service.DriverCommandExecutor.invokeExecute(DriverCommandExecutor.java:216)
	at org.openqa.selenium.remote.service.DriverCommandExecutor.execute(DriverCommandExecutor.java:174)
	at org.openqa.selenium.remote.RemoteWebDriver.execute(RemoteWebDriver.java:545)
	at org.openqa.selenium.remote.ElementLocation$ElementFinder$2.findElement(ElementLocation.java:165)
	at org.openqa.selenium.remote.ElementLocation.findElement(ElementLocation.java:59)
	at org.openqa.selenium.remote.RemoteWebDriver.findElement(RemoteWebDriver.java:368)
	at org.openqa.selenium.remote.RemoteWebDriver.findElement(RemoteWebDriver.java:362)
	at PageObjects.IntroductionPage.getTextForElement(IntroductionPage.java:106)
	at StepDefinitions.ArrayStepDefintions.the_user_should_be_presented_with_the_run_result(ArrayStepDefintions.java:159)
	at ✽.the user should be presented with the Run result from sheet "pythonCode" and row 4(file:///C:/Projects/newFolder-3/Repo1/src/test/resources/Features/ArrayDetailsPage.feature:179)
&amp#27;[0m
[ERROR] 2024-12-17 11:59:43.431 [TestNG-PoolService-3] Hooks - ======================  TEST CASE FAILED !! ======================

    Embedding screenshot [image/png 82464 bytes]

[INFO ] 2024-12-17 11:59:43.549 [TestNG-PoolService-3] Hooks - ======================  Screenshot is captured  ======================
[INFO ] 2024-12-17 11:59:43.551 [TestNG-PoolService-3] Hooks - ======================  Test Execution is completed!! ======================
  &amp#27;[32mWhen &amp#27;[0m&amp#27;[32mThe user enter python code in tryEditor page sheet &amp#27;[0m&amp#27;[32m&amp#27;[1m"pythonCode"&amp#27;[0m&amp#27;[32m and row &amp#27;[0m&amp#27;[32m&amp#27;[1m5&amp#27;[0m&amp#27;[32m for the Question and click on submit button&amp#27;[0m &amp#27;[90m# StepDefinitions.ArrayStepDefintions.the_user_enter_valid_python_code_in_try_editor_page_sheet_and_for_the_question_submit_button(java.lang.String,int)&amp#27;[0m
  &amp#27;[32mThen &amp#27;[0m&amp#27;[32mthe user should be presented with the Run result from sheet &amp#27;[0m&amp#27;[32m&amp#27;[1m"pythonCode"&amp#27;[0m&amp#27;[32m and row &amp#27;[0m&amp#27;[32m&amp#27;[1m5&amp#27;[0m                                    &amp#27;[90m# StepDefinitions.ArrayStepDefintions.the_user_should_be_presented_with_the_run_result(java.lang.String,int)&amp#27;[0m
[INFO ] 2024-12-17 11:59:44.517 [TestNG-PoolService-1] Hooks - ======================  Test Execution is completed!! ======================
]]></system-out>
  </testcase>
  <testcase name="runScenario[&quot;Validate user is able to run the code in tryEditor for Even number of digits&quot;, &quot;Array detail page&quot;](32)" classname="TestRunners.TestRunner" time="4.141">
    <system-out><![CDATA[
Scenario: Validate user is presented with error message for the code with the invalid syntax in tryEditor for Even number of digits &amp#27;[90m# src/test/resources/Features/ArrayDetailsPage.feature:194&amp#27;[0m
  &amp#27;[32mGiven &amp#27;[0m&amp#27;[32mThe user is on the Practice Questions page of Find Numbers with Even Number of Digits&amp#27;[0m                             &amp#27;[90m# StepDefinitions.ArrayStepDefintions.the_user_is_on_the_practice_questions_page_of_find_numbers_with_even_number_of_digits()&amp#27;[0m
def findNumbers(nums):
c=0
for i in nums:
j=str(i)
x=len(j)
if x%2==0:
c=c+1
print c
return c
findNumbers([12,345,2,6,7896])
  &amp#27;[32mGiven &amp#27;[0m&amp#27;[32mThe user is on the DS Introduction page as signedIn&amp#27;[0m                                                                  &amp#27;[90m# StepDefinitions.DSIntroductionDetails.the_user_is_on_the_ds_introduction_page_as_signed_in()&amp#27;[0m
  &amp#27;[32mWhen &amp#27;[0m&amp#27;[32mThe user enter python code in tryEditor page sheet &amp#27;[0m&amp#27;[32m&amp#27;[1m"pythonCode"&amp#27;[0m&amp#27;[32m and row &amp#27;[0m&amp#27;[32m&amp#27;[1m4&amp#27;[0m&amp#27;[32m for the Question and click on run button&amp#27;[0m &amp#27;[90m# StepDefinitions.ArrayStepDefintions.the_user_enter_valid_python_code_in_try_editor_page_sheet_and_for_the_question_run_button(java.lang.String,int)&amp#27;[0m
  &amp#27;[32mThen &amp#27;[0m&amp#27;[32mthe user should be presented with the Run result from sheet &amp#27;[0m&amp#27;[32m&amp#27;[1m"pythonCode"&amp#27;[0m&amp#27;[32m and row &amp#27;[0m&amp#27;[32m&amp#27;[1m4&amp#27;[0m                                 &amp#27;[90m# StepDefinitions.ArrayStepDefintions.the_user_should_be_presented_with_the_run_result(java.lang.String,int)&amp#27;[0m
[INFO ] 2024-12-17 12:17:18.390 [TestNG-PoolService-2] Hooks - ======================  Test Execution is completed!! ======================
  &amp#27;[32mWhen &amp#27;[0m&amp#27;[32mThe user clicks on Get Started link for array&amp#27;[0m                                                                         &amp#27;[90m# StepDefinitions.ArrayStepDefintions.the_user_clicks_on_get_started_link_for_array()&amp#27;[0m
]]></system-out>
    <system-err><![CDATA[Dec 17, 2024 12:17:16 PM org.openqa.selenium.devtools.CdpVersionFinder findNearestMatch
WARNING: Unable to find an exact match for CDP version 131, returning the closest version; found: 130; Please update to a Selenium version that supports CDP version 131
Dec 17, 2024 12:17:19 PM org.openqa.selenium.devtools.CdpVersionFinder findNearestMatch
WARNING: Unable to find an exact match for CDP version 131, returning the closest version; found: 130; Please update to a Selenium version that supports CDP version 131
]]></system-err>
  </testcase>
  <testcase name="runScenario[&quot;Validate user is presented with error message for the code with the invalid syntax in tryEditor for Even number of digits&quot;, &quot;Array detail page&quot;](33)" classname="TestRunners.TestRunner" time="2.135">
    <system-out><![CDATA[
Scenario Outline: Validate user is able to run the code in tryEditor for Squares of a Sorted Array                        &amp#27;[90m# src/test/resources/Features/ArrayDetailsPage.feature:205&amp#27;[0m
  &amp#27;[32mGiven &amp#27;[0m&amp#27;[32mThe user is on the Practice Questions page of Find Numbers with Even Number of Digits&amp#27;[0m                                &amp#27;[90m# StepDefinitions.ArrayStepDefintions.the_user_is_on_the_practice_questions_page_of_find_numbers_with_even_number_of_digits()&amp#27;[0m
def findNumbers(nums):
c=0
for i in nums:
j=str(i)
x=len(j)
if x%2==0:
c=c+1
print c
return c
findNumbers([12,345,2,6,7896])
  &amp#27;[32mGiven &amp#27;[0m&amp#27;[32mThe user is on the Practice Questions page of Find Numbers with Even Number of Digits&amp#27;[0m                                       &amp#27;[90m# StepDefinitions.ArrayStepDefintions.the_user_is_on_the_practice_questions_page_of_find_numbers_with_even_number_of_digits()&amp#27;[0m
  &amp#27;[32mWhen &amp#27;[0m&amp#27;[32mthe user click on run button&amp#27;[0m                                                                                                 &amp#27;[90m# StepDefinitions.ArrayStepDefintions.the_user_click_on_run_button()&amp#27;[0m
  &amp#27;[32mThen &amp#27;[0m&amp#27;[32mThe user should see an alert error message as &amp#27;[0m&amp#27;[32m&amp#27;[1m"SyntaxError: bad input on line 2"&amp#27;[0m                                             &amp#27;[90m# StepDefinitions.DSIntroductionDetails.the_user_should_see_an_alert_error_message(java.lang.String)&amp#27;[0m
[INFO ] 2024-12-17 11:49:47.216 [TestNG-PoolService-3] Hooks - ======================  Test Execution is completed!! ======================
]]></system-out>
    <system-err><![CDATA[Dec 17, 2024 11:49:46 AM org.openqa.selenium.devtools.CdpVersionFinder findNearestMatch
WARNING: Unable to find an exact match for CDP version 131, returning the closest version; found: 130; Please update to a Selenium version that supports CDP version 131
]]></system-err>
  </testcase>
  <testcase name="runScenario[&quot;Validate user is able to Submit the code in tryEditor for Even number of digits&quot;, &quot;Array detail page&quot;](34)" classname="TestRunners.TestRunner" time="0.64">
    <system-out><![CDATA[
Scenario Outline: Validate user is able to Submit the code in tryEditor for Squares of a Sorted Array                        &amp#27;[90m# src/test/resources/Features/ArrayDetailsPage.feature:214&amp#27;[0m
  &amp#27;[32mWhen &amp#27;[0m&amp#27;[32mThe user enter python code in tryEditor page sheet &amp#27;[0m&amp#27;[32m&amp#27;[1m"pythonCode"&amp#27;[0m&amp#27;[32m and row &amp#27;[0m&amp#27;[32m&amp#27;[1m5&amp#27;[0m&amp#27;[32m for the Question and click on submit button&amp#27;[0m &amp#27;[90m# StepDefinitions.ArrayStepDefintions.the_user_enter_valid_python_code_in_try_editor_page_sheet_and_for_the_question_submit_button(java.lang.String,int)&amp#27;[0m
  &amp#27;[32mThen &amp#27;[0m&amp#27;[32mthe user should be presented with the Run result from sheet &amp#27;[0m&amp#27;[32m&amp#27;[1m"pythonCode"&amp#27;[0m&amp#27;[32m and row &amp#27;[0m&amp#27;[32m&amp#27;[1m5&amp#27;[0m                                    &amp#27;[90m# StepDefinitions.ArrayStepDefintions.the_user_should_be_presented_with_the_run_result(java.lang.String,int)&amp#27;[0m
[INFO ] 2024-12-17 11:49:47.760 [TestNG-PoolService-1] Hooks - ======================  Test Execution is completed!! ======================
]]></system-out>
  </testcase>
  <testcase name="runScenario[&quot;Validate user is able to run the code in tryEditor for Squares of a Sorted Array&quot;, &quot;Array detail page&quot;](35)" classname="TestRunners.TestRunner" time="5.843">
    <system-out><![CDATA[
Scenario: Validate user is presented with error message for the code with the invalid syntax in tryEditor for Squares of a Sorted Array &amp#27;[90m# src/test/resources/Features/ArrayDetailsPage.feature:216&amp#27;[0m
  &amp#27;[32mGiven &amp#27;[0m&amp#27;[32mThe user is on the DS Introduction page as signedIn&amp#27;[0m                                                               &amp#27;[90m# StepDefinitions.DSIntroductionDetails.the_user_is_on_the_ds_introduction_page_as_signed_in()&amp#27;[0m
  &amp#27;[32mWhen &amp#27;[0m&amp#27;[32mThe user clicks on Get Started link for array&amp#27;[0m                                                                      &amp#27;[90m# StepDefinitions.ArrayStepDefintions.the_user_clicks_on_get_started_link_for_array()&amp#27;[0m
  &amp#27;[32mGiven &amp#27;[0m&amp#27;[32mThe user is on the DS Introduction page as signedIn&amp#27;[0m                                                                  &amp#27;[90m# StepDefinitions.DSIntroductionDetails.the_user_is_on_the_ds_introduction_page_as_signed_in()&amp#27;[0m
  &amp#27;[32mGiven &amp#27;[0m&amp#27;[32mThe user is on the Practice Questions page of Squares of a Sorted Array&amp#27;[0m                                           &amp#27;[90m# StepDefinitions.ArrayStepDefintions.the_user_is_on_the_practice_questions_page_of_squares_of_a_sorted_array()&amp#27;[0m
  &amp#27;[32mWhen &amp#27;[0m&amp#27;[32mThe user clicks on Get Started link for array&amp#27;[0m                                                                         &amp#27;[90m# StepDefinitions.ArrayStepDefintions.the_user_clicks_on_get_started_link_for_array()&amp#27;[0m
def sortedSquares(nums):
squares_list = []
for i in range(0, len(nums)):
  &amp#27;[32mGiven &amp#27;[0m&amp#27;[32mThe user is on the DS Introduction page as signedIn&amp#27;[0m                                                                             &amp#27;[90m# StepDefinitions.DSIntroductionDetails.the_user_is_on_the_ds_introduction_page_as_signed_in()&amp#27;[0m
square = nums[i] * nums[i];
squares_list.append(square)
sorted_squares_list = sorted(squares_list)
  &amp#27;[32mWhen &amp#27;[0m&amp#27;[32mThe user clicks on Get Started link for array&amp#27;[0m                                                                                    &amp#27;[90m# StepDefinitions.ArrayStepDefintions.the_user_clicks_on_get_started_link_for_array()&amp#27;[0m
print sorted_squares_list;
return sorted_squares_list;
sortedSquares([-7,-3,2,3,11])
  &amp#27;[32mGiven &amp#27;[0m&amp#27;[32mThe user is on the Practice Questions page of Squares of a Sorted Array&amp#27;[0m                                              &amp#27;[90m# StepDefinitions.ArrayStepDefintions.the_user_is_on_the_practice_questions_page_of_squares_of_a_sorted_array()&amp#27;[0m
  &amp#27;[32mWhen &amp#27;[0m&amp#27;[32mThe user enter python code in tryEditor page sheet &amp#27;[0m&amp#27;[32m&amp#27;[1m"pythonCode"&amp#27;[0m&amp#27;[32m and row &amp#27;[0m&amp#27;[32m&amp#27;[1m6&amp#27;[0m&amp#27;[32m for the Question and click on run button&amp#27;[0m &amp#27;[90m# StepDefinitions.ArrayStepDefintions.the_user_enter_valid_python_code_in_try_editor_page_sheet_and_for_the_question_run_button(java.lang.String,int)&amp#27;[0m
def sortedSquares(nums):
  &amp#27;[32mThen &amp#27;[0m&amp#27;[32mthe user should be presented with the Run result from sheet &amp#27;[0m&amp#27;[32m&amp#27;[1m"pythonCode"&amp#27;[0m&amp#27;[32m and row &amp#27;[0m&amp#27;[32m&amp#27;[1m6&amp#27;[0m                                 &amp#27;[90m# StepDefinitions.ArrayStepDefintions.the_user_should_be_presented_with_the_run_result(java.lang.String,int)&amp#27;[0m
[INFO ] 2024-12-17 11:49:53.670 [TestNG-PoolService-2] Hooks - ======================  Test Execution is completed!! ======================
squares_list = []
]]></system-out>
    <system-err><![CDATA[Dec 17, 2024 11:49:48 AM org.openqa.selenium.devtools.CdpVersionFinder findNearestMatch
WARNING: Unable to find an exact match for CDP version 131, returning the closest version; found: 130; Please update to a Selenium version that supports CDP version 131
Dec 17, 2024 11:49:49 AM org.openqa.selenium.devtools.CdpVersionFinder findNearestMatch
WARNING: Unable to find an exact match for CDP version 131, returning the closest version; found: 130; Please update to a Selenium version that supports CDP version 131
]]></system-err>
  </testcase>
  <testcase name="runScenario[&quot;Validate user is able to run the code in tryEditor for Squares of a Sorted Array&quot;, &quot;Array detail page&quot;](35)" classname="TestRunners.TestRunner" time="13.114">
    <failure message="Unexpected alert dialog detected. Performed handler &quot;dismiss&quot;. Dialog text: SyntaxError: bad input on line 2: &#10;Build info: version: &apos;4.26.0&apos;, revision: &apos;8ccf0219d7&apos;&#10;System info: os.name: &apos;Windows 11&apos;, os.arch: &apos;amd64&apos;, os.version: &apos;10.0&apos;, java.version: &apos;21.0.5&apos;&#10;Driver info: org.openqa.selenium.firefox.FirefoxDriver&#10;Command: [be1dce06-24ce-41dc-81e0-68376549a383, findElement {value=#output, using=css selector}]&#10;Capabilities {acceptInsecureCerts: true, browserName: firefox, browserVersion: 133.0.3, moz:accessibilityChecks: false, moz:buildID: 20241209150345, moz:debuggerAddress: 127.0.0.1:8153, moz:geckodriverVersion: 0.35.0, moz:headless: false, moz:platformVersion: 10.0, moz:processID: 19260, moz:profile: C:\Users\vamsh\AppData\Loca..., moz:shutdownTimeout: 60000, moz:webdriverClick: true, moz:windowless: false, pageLoadStrategy: normal, platformName: windows, proxy: Proxy(), se:cdp: ws://127.0.0.1:8153/devtool..., se:cdpVersion: 85.0, setWindowRect: true, strictFileInteractability: false, timeouts: {implicit: 0, pageLoad: 300000, script: 30000}, unhandledPromptBehavior: dismiss and notify, userAgent: Mozilla/5.0 (Windows NT 10....}&#10;Session ID: be1dce06-24ce-41dc-81e0-68376549a383" type="org.openqa.selenium.UnhandledAlertException"><![CDATA[org.openqa.selenium.UnhandledAlertException: 
Unexpected alert dialog detected. Performed handler "dismiss". Dialog text: SyntaxError: bad input on line 2: 
Build info: version: '4.26.0', revision: '8ccf0219d7'
System info: os.name: 'Windows 11', os.arch: 'amd64', os.version: '10.0', java.version: '21.0.5'
Driver info: org.openqa.selenium.firefox.FirefoxDriver
Command: [be1dce06-24ce-41dc-81e0-68376549a383, findElement {value=#output, using=css selector}]
Capabilities {acceptInsecureCerts: true, browserName: firefox, browserVersion: 133.0.3, moz:accessibilityChecks: false, moz:buildID: 20241209150345, moz:debuggerAddress: 127.0.0.1:8153, moz:geckodriverVersion: 0.35.0, moz:headless: false, moz:platformVersion: 10.0, moz:processID: 19260, moz:profile: C:\Users\vamsh\AppData\Loca..., moz:shutdownTimeout: 60000, moz:webdriverClick: true, moz:windowless: false, pageLoadStrategy: normal, platformName: windows, proxy: Proxy(), se:cdp: ws://127.0.0.1:8153/devtool..., se:cdpVersion: 85.0, setWindowRect: true, strictFileInteractability: false, timeouts: {implicit: 0, pageLoad: 300000, script: 30000}, unhandledPromptBehavior: dismiss and notify, userAgent: Mozilla/5.0 (Windows NT 10....}
Session ID: be1dce06-24ce-41dc-81e0-68376549a383
]]></failure>
    <system-out><![CDATA[
Scenario: Validate user is presented with error message for the code with the invalid syntax in tryEditor for Squares of a Sorted Array &amp#27;[90m# src/test/resources/Features/ArrayDetailsPage.feature:216&amp#27;[0m
  &amp#27;[32mGiven &amp#27;[0m&amp#27;[32mThe user is on the DS Introduction page as signedIn&amp#27;[0m                                                                  &amp#27;[90m# StepDefinitions.DSIntroductionDetails.the_user_is_on_the_ds_introduction_page_as_signed_in()&amp#27;[0m
  &amp#27;[32mWhen &amp#27;[0m&amp#27;[32mThe user clicks on Get Started link for array&amp#27;[0m                                                                         &amp#27;[90m# StepDefinitions.ArrayStepDefintions.the_user_clicks_on_get_started_link_for_array()&amp#27;[0m
  &amp#27;[32mGiven &amp#27;[0m&amp#27;[32mThe user is on the DS Introduction page as signedIn&amp#27;[0m                                                               &amp#27;[90m# StepDefinitions.DSIntroductionDetails.the_user_is_on_the_ds_introduction_page_as_signed_in()&amp#27;[0m
  &amp#27;[32mWhen &amp#27;[0m&amp#27;[32mThe user clicks on Get Started link for array&amp#27;[0m                                                                      &amp#27;[90m# StepDefinitions.ArrayStepDefintions.the_user_clicks_on_get_started_link_for_array()&amp#27;[0m
  &amp#27;[32mGiven &amp#27;[0m&amp#27;[32mThe user is on the Practice Questions page of Squares of a Sorted Array&amp#27;[0m                                              &amp#27;[90m# StepDefinitions.ArrayStepDefintions.the_user_is_on_the_practice_questions_page_of_squares_of_a_sorted_array()&amp#27;[0m
def sortedSquares(nums):
squares_list = []
for i in range(0, len(nums)):
square = nums[i] * nums[i];
squares_list.append(square)
  &amp#27;[32mGiven &amp#27;[0m&amp#27;[32mThe user is on the Practice Questions page of Squares of a Sorted Array&amp#27;[0m                                           &amp#27;[90m# StepDefinitions.ArrayStepDefintions.the_user_is_on_the_practice_questions_page_of_squares_of_a_sorted_array()&amp#27;[0m
sorted_squares_list = sorted(squares_list)
def sortedSquares(nums):
squares_list = []
print sorted_squares_list;
for i in range(0, len(nums)):
return sorted_squares_list;
square = nums[i] * nums[i];
sortedSquares([-7,-3,2,3,11])
squares_list.append(square)
sorted_squares_list = sorted(squares_list)
print sorted_squares_list;
return sorted_squares_list;
sortedSquares([-7,-3,2,3,11])
  &amp#27;[32mWhen &amp#27;[0m&amp#27;[32mThe user enter python code in tryEditor page sheet &amp#27;[0m&amp#27;[32m&amp#27;[1m"pythonCode"&amp#27;[0m&amp#27;[32m and row &amp#27;[0m&amp#27;[32m&amp#27;[1m6&amp#27;[0m&amp#27;[32m for the Question and click on run button&amp#27;[0m &amp#27;[90m# StepDefinitions.ArrayStepDefintions.the_user_enter_valid_python_code_in_try_editor_page_sheet_and_for_the_question_run_button(java.lang.String,int)&amp#27;[0m
  &amp#27;[31mThen &amp#27;[0m&amp#27;[31mthe user should be presented with the Run result from sheet &amp#27;[0m&amp#27;[31m&amp#27;[1m"pythonCode"&amp#27;[0m&amp#27;[31m and row &amp#27;[0m&amp#27;[31m&amp#27;[1m6&amp#27;[0m                                 &amp#27;[90m# StepDefinitions.ArrayStepDefintions.the_user_should_be_presented_with_the_run_result(java.lang.String,int)&amp#27;[0m
      &amp#27;[31morg.openqa.selenium.UnhandledAlertException: Unexpected alert dialog detected. Performed handler "dismiss". Dialog text: SyntaxError: bad input on line 2: 
Build info: version: '4.26.0', revision: '8ccf0219d7'
System info: os.name: 'Windows 11', os.arch: 'amd64', os.version: '10.0', java.version: '21.0.5'
Driver info: org.openqa.selenium.firefox.FirefoxDriver
Command: [be1dce06-24ce-41dc-81e0-68376549a383, findElement {value=#output, using=css selector}]
Capabilities {acceptInsecureCerts: true, browserName: firefox, browserVersion: 133.0.3, moz:accessibilityChecks: false, moz:buildID: 20241209150345, moz:debuggerAddress: 127.0.0.1:8153, moz:geckodriverVersion: 0.35.0, moz:headless: false, moz:platformVersion: 10.0, moz:processID: 19260, moz:profile: C:\Users\vamsh\AppData\Loca..., moz:shutdownTimeout: 60000, moz:webdriverClick: true, moz:windowless: false, pageLoadStrategy: normal, platformName: windows, proxy: Proxy(), se:cdp: ws://127.0.0.1:8153/devtool..., se:cdpVersion: 85.0, setWindowRect: true, strictFileInteractability: false, timeouts: {implicit: 0, pageLoad: 300000, script: 30000}, unhandledPromptBehavior: dismiss and notify, userAgent: Mozilla/5.0 (Windows NT 10....}
Session ID: be1dce06-24ce-41dc-81e0-68376549a383
	at org.openqa.selenium.remote.codec.w3c.W3CHttpResponseCodec.decode(W3CHttpResponseCodec.java:136)
	at org.openqa.selenium.remote.codec.w3c.W3CHttpResponseCodec.decode(W3CHttpResponseCodec.java:50)
	at org.openqa.selenium.remote.HttpCommandExecutor.execute(HttpCommandExecutor.java:190)
	at org.openqa.selenium.remote.service.DriverCommandExecutor.invokeExecute(DriverCommandExecutor.java:216)
	at org.openqa.selenium.remote.service.DriverCommandExecutor.execute(DriverCommandExecutor.java:174)
	at org.openqa.selenium.remote.RemoteWebDriver.execute(RemoteWebDriver.java:545)
	at org.openqa.selenium.remote.ElementLocation$ElementFinder$2.findElement(ElementLocation.java:165)
	at org.openqa.selenium.remote.ElementLocation.findElement(ElementLocation.java:59)
	at org.openqa.selenium.remote.RemoteWebDriver.findElement(RemoteWebDriver.java:368)
	at org.openqa.selenium.remote.RemoteWebDriver.findElement(RemoteWebDriver.java:362)
	at PageObjects.IntroductionPage.getTextForElement(IntroductionPage.java:106)
	at StepDefinitions.ArrayStepDefintions.the_user_should_be_presented_with_the_run_result(ArrayStepDefintions.java:159)
	at ✽.the user should be presented with the Run result from sheet "pythonCode" and row 6(file:///C:/Projects/newFolder-3/Repo1/src/test/resources/Features/ArrayDetailsPage.feature:202)
&amp#27;[0m
[ERROR] 2024-12-17 12:00:02.815 [TestNG-PoolService-3] Hooks - ======================  TEST CASE FAILED !! ======================
  &amp#27;[32mWhen &amp#27;[0m&amp#27;[32mThe user enter python code in tryEditor page sheet &amp#27;[0m&amp#27;[32m&amp#27;[1m"pythonCode"&amp#27;[0m&amp#27;[32m and row &amp#27;[0m&amp#27;[32m&amp#27;[1m7&amp#27;[0m&amp#27;[32m for the Question and click on submit button&amp#27;[0m &amp#27;[90m# StepDefinitions.ArrayStepDefintions.the_user_enter_valid_python_code_in_try_editor_page_sheet_and_for_the_question_submit_button(java.lang.String,int)&amp#27;[0m

    Embedding screenshot [image/png 80935 bytes]

  &amp#27;[32mThen &amp#27;[0m&amp#27;[32mthe user should be presented with the Run result from sheet &amp#27;[0m&amp#27;[32m&amp#27;[1m"pythonCode"&amp#27;[0m&amp#27;[32m and row &amp#27;[0m&amp#27;[32m&amp#27;[1m7&amp#27;[0m                                    &amp#27;[90m# StepDefinitions.ArrayStepDefintions.the_user_should_be_presented_with_the_run_result(java.lang.String,int)&amp#27;[0m
[INFO ] 2024-12-17 12:00:02.936 [TestNG-PoolService-1] Hooks - ======================  Test Execution is completed!! ======================
[INFO ] 2024-12-17 12:00:02.937 [TestNG-PoolService-3] Hooks - ======================  Screenshot is captured  ======================
[INFO ] 2024-12-17 12:00:02.941 [TestNG-PoolService-3] Hooks - ======================  Test Execution is completed!! ======================
  &amp#27;[32mGiven &amp#27;[0m&amp#27;[32mThe user is on the DS Introduction page as signedIn&amp#27;[0m                                                                             &amp#27;[90m# StepDefinitions.DSIntroductionDetails.the_user_is_on_the_ds_introduction_page_as_signed_in()&amp#27;[0m
  &amp#27;[32mWhen &amp#27;[0m&amp#27;[32mThe user clicks on Get Started link for array&amp#27;[0m                                                                                    &amp#27;[90m# StepDefinitions.ArrayStepDefintions.the_user_clicks_on_get_started_link_for_array()&amp#27;[0m
]]></system-out>
  </testcase>
  <testcase name="runScenario[&quot;Validate user is able to run the code in tryEditor for Squares of a Sorted Array&quot;, &quot;Array detail page&quot;](35)" classname="TestRunners.TestRunner" time="5.935">
    <system-out><![CDATA[
Scenario: Validate user is presented with error message for the code with the invalid syntax in tryEditor for Squares of a Sorted Array &amp#27;[90m# src/test/resources/Features/ArrayDetailsPage.feature:216&amp#27;[0m
  &amp#27;[32mGiven &amp#27;[0m&amp#27;[32mThe user is on the Practice Questions page of Squares of a Sorted Array&amp#27;[0m                                           &amp#27;[90m# StepDefinitions.ArrayStepDefintions.the_user_is_on_the_practice_questions_page_of_squares_of_a_sorted_array()&amp#27;[0m
def sortedSquares(nums):
squares_list = []
for i in range(0, len(nums)):
square = nums[i] * nums[i];
squares_list.append(square)
sorted_squares_list = sorted(squares_list)
print sorted_squares_list;
return sorted_squares_list;
sortedSquares([-7,-3,2,3,11])
  &amp#27;[32mGiven &amp#27;[0m&amp#27;[32mThe user is on the DS Introduction page as signedIn&amp#27;[0m                                                                  &amp#27;[90m# StepDefinitions.DSIntroductionDetails.the_user_is_on_the_ds_introduction_page_as_signed_in()&amp#27;[0m
  &amp#27;[32mWhen &amp#27;[0m&amp#27;[32mThe user enter python code in tryEditor page sheet &amp#27;[0m&amp#27;[32m&amp#27;[1m"pythonCode"&amp#27;[0m&amp#27;[32m and row &amp#27;[0m&amp#27;[32m&amp#27;[1m6&amp#27;[0m&amp#27;[32m for the Question and click on run button&amp#27;[0m &amp#27;[90m# StepDefinitions.ArrayStepDefintions.the_user_enter_valid_python_code_in_try_editor_page_sheet_and_for_the_question_run_button(java.lang.String,int)&amp#27;[0m
  &amp#27;[32mThen &amp#27;[0m&amp#27;[32mthe user should be presented with the Run result from sheet &amp#27;[0m&amp#27;[32m&amp#27;[1m"pythonCode"&amp#27;[0m&amp#27;[32m and row &amp#27;[0m&amp#27;[32m&amp#27;[1m6&amp#27;[0m                                 &amp#27;[90m# StepDefinitions.ArrayStepDefintions.the_user_should_be_presented_with_the_run_result(java.lang.String,int)&amp#27;[0m
[INFO ] 2024-12-17 12:17:30.144 [TestNG-PoolService-2] Hooks - ======================  Test Execution is completed!! ======================
  &amp#27;[32mWhen &amp#27;[0m&amp#27;[32mThe user clicks on Get Started link for array&amp#27;[0m                                                                         &amp#27;[90m# StepDefinitions.ArrayStepDefintions.the_user_clicks_on_get_started_link_for_array()&amp#27;[0m
  &amp#27;[32mGiven &amp#27;[0m&amp#27;[32mThe user is on the DS Introduction page as signedIn&amp#27;[0m                                                                             &amp#27;[90m# StepDefinitions.DSIntroductionDetails.the_user_is_on_the_ds_introduction_page_as_signed_in()&amp#27;[0m
]]></system-out>
    <system-err><![CDATA[Dec 17, 2024 12:17:27 PM org.openqa.selenium.devtools.CdpVersionFinder findNearestMatch
WARNING: Unable to find an exact match for CDP version 131, returning the closest version; found: 130; Please update to a Selenium version that supports CDP version 131
Dec 17, 2024 12:17:28 PM org.openqa.selenium.devtools.CdpVersionFinder findNearestMatch
WARNING: Unable to find an exact match for CDP version 131, returning the closest version; found: 130; Please update to a Selenium version that supports CDP version 131
]]></system-err>
  </testcase>
  <testcase name="runScenario[&quot;Validate user is presented with error message for the code with the invalid syntax in tryEditor for Squares of a Sorted Array&quot;, &quot;Array detail page&quot;](36)" classname="TestRunners.TestRunner" time="1.007">
    <system-out><![CDATA[
Scenario: Validate the DS dropdown without signIN                                                         &amp#27;[90m# src/test/resources/Features/DSIntroductionPage.feature:3&amp#27;[0m
for i in range(0, len(nums)):
square = nums[i] * nums[i];
squares_list.append(square)
sorted_squares_list = sorted(squares_list)
  &amp#27;[32mGiven &amp#27;[0m&amp#27;[32mThe user is on the Practice Questions page of Squares of a Sorted Array&amp#27;[0m                                                         &amp#27;[90m# StepDefinitions.ArrayStepDefintions.the_user_is_on_the_practice_questions_page_of_squares_of_a_sorted_array()&amp#27;[0m
print sorted_squares_list;
  &amp#27;[32mWhen &amp#27;[0m&amp#27;[32mthe user click on run button&amp#27;[0m                                                                                                     &amp#27;[90m# StepDefinitions.ArrayStepDefintions.the_user_click_on_run_button()&amp#27;[0m
  &amp#27;[32mThen &amp#27;[0m&amp#27;[32mThe user should see an alert error message as &amp#27;[0m&amp#27;[32m&amp#27;[1m"SyntaxError: bad input on line 2"&amp#27;[0m                                                 &amp#27;[90m# StepDefinitions.DSIntroductionDetails.the_user_should_see_an_alert_error_message(java.lang.String)&amp#27;[0m
[INFO ] 2024-12-17 11:49:54.646 [TestNG-PoolService-1] Hooks - ======================  Test Execution is completed!! ======================
return sorted_squares_list;
]]></system-out>
  </testcase>
  <testcase name="runScenario[&quot;Validate user is presented with error message for the code with the invalid syntax in tryEditor for Squares of a Sorted Array&quot;, &quot;Array detail page&quot;](36)" classname="TestRunners.TestRunner" time="3.006">
    <system-out><![CDATA[
Scenario: Validate the DS dropdown without signIN                                                         &amp#27;[90m# src/test/resources/Features/DSIntroductionPage.feature:3&amp#27;[0m
  &amp#27;[32mWhen &amp#27;[0m&amp#27;[32mThe user clicks on Get Started link for array&amp#27;[0m                                                                                    &amp#27;[90m# StepDefinitions.ArrayStepDefintions.the_user_clicks_on_get_started_link_for_array()&amp#27;[0m
  &amp#27;[32mGiven &amp#27;[0m&amp#27;[32mThe user is on the Practice Questions page of Squares of a Sorted Array&amp#27;[0m                                              &amp#27;[90m# StepDefinitions.ArrayStepDefintions.the_user_is_on_the_practice_questions_page_of_squares_of_a_sorted_array()&amp#27;[0m
def sortedSquares(nums):
squares_list = []
for i in range(0, len(nums)):
square = nums[i] * nums[i];
squares_list.append(square)
sorted_squares_list = sorted(squares_list)
print sorted_squares_list;
return sorted_squares_list;
sortedSquares([-7,-3,2,3,11])
  &amp#27;[32mGiven &amp#27;[0m&amp#27;[32mThe user is on the Practice Questions page of Squares of a Sorted Array&amp#27;[0m                                                         &amp#27;[90m# StepDefinitions.ArrayStepDefintions.the_user_is_on_the_practice_questions_page_of_squares_of_a_sorted_array()&amp#27;[0m
  &amp#27;[32mWhen &amp#27;[0m&amp#27;[32mthe user click on run button&amp#27;[0m                                                                                                     &amp#27;[90m# StepDefinitions.ArrayStepDefintions.the_user_click_on_run_button()&amp#27;[0m
  &amp#27;[32mThen &amp#27;[0m&amp#27;[32mThe user should see an alert error message as &amp#27;[0m&amp#27;[32m&amp#27;[1m"SyntaxError: bad input on line 2"&amp#27;[0m                                                 &amp#27;[90m# StepDefinitions.DSIntroductionDetails.the_user_should_see_an_alert_error_message(java.lang.String)&amp#27;[0m
[INFO ] 2024-12-17 12:17:33.190 [TestNG-PoolService-1] Hooks - ======================  Test Execution is completed!! ======================
  &amp#27;[32mWhen &amp#27;[0m&amp#27;[32mThe user enter python code in tryEditor page sheet &amp#27;[0m&amp#27;[32m&amp#27;[1m"pythonCode"&amp#27;[0m&amp#27;[32m and row &amp#27;[0m&amp#27;[32m&amp#27;[1m7&amp#27;[0m&amp#27;[32m for the Question and click on submit button&amp#27;[0m &amp#27;[90m# StepDefinitions.ArrayStepDefintions.the_user_enter_valid_python_code_in_try_editor_page_sheet_and_for_the_question_submit_button(java.lang.String,int)&amp#27;[0m
  &amp#27;[32mThen &amp#27;[0m&amp#27;[32mthe user should be presented with the Run result from sheet &amp#27;[0m&amp#27;[32m&amp#27;[1m"pythonCode"&amp#27;[0m&amp#27;[32m and row &amp#27;[0m&amp#27;[32m&amp#27;[1m7&amp#27;[0m                                    &amp#27;[90m# StepDefinitions.ArrayStepDefintions.the_user_should_be_presented_with_the_run_result(java.lang.String,int)&amp#27;[0m
[INFO ] 2024-12-17 12:17:34.262 [TestNG-PoolService-3] Hooks - ======================  Test Execution is completed!! ======================
]]></system-out>
    <system-err><![CDATA[Dec 17, 2024 12:17:34 PM org.openqa.selenium.devtools.CdpVersionFinder findNearestMatch
WARNING: Unable to find an exact match for CDP version 131, returning the closest version; found: 130; Please update to a Selenium version that supports CDP version 131
]]></system-err>
  </testcase>
  <testcase name="runScenario[&quot;Validate user is able to Submit the code in tryEditor for Squares of a Sorted Array&quot;, &quot;Array detail page&quot;](37)" classname="TestRunners.TestRunner" time="2.418">
    <system-out><![CDATA[
Scenario: Verify warning message when user navigate to DS details page without signIn         &amp#27;[90m# src/test/resources/Features/DSIntroductionPage.feature:8&amp#27;[0m
sortedSquares([-7,-3,2,3,11])
  &amp#27;[32mGiven &amp#27;[0m&amp#27;[32mThe user should open the DS Algo Portal URL in any supported browser&amp#27;[0m                              &amp#27;[90m# StepDefinitions.DSIntroductionDetails.the_user_should_open_the_ds_algo_portal_url_in_any_supported_browser()&amp#27;[0m
  &amp#27;[32mWhen &amp#27;[0m&amp#27;[32mThe user enter python code in tryEditor page sheet &amp#27;[0m&amp#27;[32m&amp#27;[1m"pythonCode"&amp#27;[0m&amp#27;[32m and row &amp#27;[0m&amp#27;[32m&amp#27;[1m7&amp#27;[0m&amp#27;[32m for the Question and click on submit button&amp#27;[0m &amp#27;[90m# StepDefinitions.ArrayStepDefintions.the_user_enter_valid_python_code_in_try_editor_page_sheet_and_for_the_question_submit_button(java.lang.String,int)&amp#27;[0m
  &amp#27;[32mWhen &amp#27;[0m&amp#27;[32mThe user clicks the data structure dropdown arrow&amp#27;[0m                                                  &amp#27;[90m# StepDefinitions.DSIntroductionDetails.the_user_clicks_the_data_structure_dropdown_arrow()&amp#27;[0m
  &amp#27;[32mThen &amp#27;[0m&amp#27;[32mthe user should be presented with the Run result from sheet &amp#27;[0m&amp#27;[32m&amp#27;[1m"pythonCode"&amp#27;[0m&amp#27;[32m and row &amp#27;[0m&amp#27;[32m&amp#27;[1m7&amp#27;[0m                                    &amp#27;[90m# StepDefinitions.ArrayStepDefintions.the_user_should_be_presented_with_the_run_result(java.lang.String,int)&amp#27;[0m
[INFO ] 2024-12-17 11:49:56.850 [TestNG-PoolService-3] Hooks - ======================  Test Execution is completed!! ======================
  &amp#27;[32mThen &amp#27;[0m&amp#27;[32mThe user should able to see siz options Arrays Linked,List,Stack,Queue,Tree,Graph in dropdown menu&amp#27;[0m &amp#27;[90m# StepDefinitions.DSIntroductionDetails.the_user_should_able_to_see_siz_options_arrays_linked_list_stack_queue_tree_graph_in_dropdown_menu()&amp#27;[0m
[INFO ] 2024-12-17 11:49:57.073 [TestNG-PoolService-2] Hooks - ======================  Test Execution is completed!! ======================
]]></system-out>
    <system-err><![CDATA[Dec 17, 2024 11:49:55 AM org.openqa.selenium.devtools.CdpVersionFinder findNearestMatch
WARNING: Unable to find an exact match for CDP version 131, returning the closest version; found: 130; Please update to a Selenium version that supports CDP version 131
Dec 17, 2024 11:49:56 AM org.openqa.selenium.devtools.CdpVersionFinder findNearestMatch
WARNING: Unable to find an exact match for CDP version 131, returning the closest version; found: 130; Please update to a Selenium version that supports CDP version 131
]]></system-err>
  </testcase>
  <testcase name="runScenario[&quot;Validate user is able to Submit the code in tryEditor for Squares of a Sorted Array&quot;, &quot;Array detail page&quot;](37)" classname="TestRunners.TestRunner" time="1.139">
    <system-out><![CDATA[
Scenario: Verify warning message when user navigate to DS details page without signIn         &amp#27;[90m# src/test/resources/Features/DSIntroductionPage.feature:8&amp#27;[0m
  &amp#27;[32mGiven &amp#27;[0m&amp#27;[32mThe user should open the DS Algo Portal URL in any supported browser&amp#27;[0m                              &amp#27;[90m# StepDefinitions.DSIntroductionDetails.the_user_should_open_the_ds_algo_portal_url_in_any_supported_browser()&amp#27;[0m
  &amp#27;[32mWhen &amp#27;[0m&amp#27;[32mThe user clicks the data structure dropdown arrow&amp#27;[0m                                                  &amp#27;[90m# StepDefinitions.DSIntroductionDetails.the_user_clicks_the_data_structure_dropdown_arrow()&amp#27;[0m
]]></system-out>
  </testcase>
  <testcase name="runScenario[&quot;Validate the DS dropdown without signIN&quot;, &quot;DS Introduction Page&quot;](38)" classname="TestRunners.TestRunner" time="0.916">
    <system-out><![CDATA[
Scenario: Validate user lands on register page when clicked on register &amp#27;[90m# src/test/resources/Features/DSIntroductionPage.feature:13&amp#27;[0m
  &amp#27;[32mGiven &amp#27;[0m&amp#27;[32mThe user is on the DS Introduction page&amp#27;[0m                                               &amp#27;[90m# StepDefinitions.DSIntroductionDetails.the_user_is_on_the_ds_introduction_page()&amp#27;[0m
  &amp#27;[32mWhen &amp#27;[0m&amp#27;[32mThe user clicks any Get Started buttons of data structures on the DS Introduction page&amp#27;[0m &amp#27;[90m# StepDefinitions.DSIntroductionDetails.the_user_clicks_any_get_started_buttons_of_data_structures_on_the_ds_introduction_page()&amp#27;[0m
  &amp#27;[32mThen &amp#27;[0m&amp#27;[32mThe user should able to see an warning message You are not logged in&amp#27;[0m                   &amp#27;[90m# StepDefinitions.DSIntroductionDetails.the_user_should_able_to_see_an_warning_message_you_are_not_logged_in()&amp#27;[0m
[INFO ] 2024-12-17 11:49:58.153 [TestNG-PoolService-1] Hooks - ======================  Test Execution is completed!! ======================
]]></system-out>
  </testcase>
  <testcase name="runScenario[&quot;Validate the DS dropdown without signIN&quot;, &quot;DS Introduction Page&quot;](38)" classname="TestRunners.TestRunner" time="1.318">
    <system-out><![CDATA[
Scenario: Validate user lands on register page when clicked on register &amp#27;[90m# src/test/resources/Features/DSIntroductionPage.feature:13&amp#27;[0m
  &amp#27;[32mThen &amp#27;[0m&amp#27;[32mThe user should able to see siz options Arrays Linked,List,Stack,Queue,Tree,Graph in dropdown menu&amp#27;[0m &amp#27;[90m# StepDefinitions.DSIntroductionDetails.the_user_should_able_to_see_siz_options_arrays_linked_list_stack_queue_tree_graph_in_dropdown_menu()&amp#27;[0m
[INFO ] 2024-12-17 12:17:35.743 [TestNG-PoolService-2] Hooks - ======================  Test Execution is completed!! ======================
]]></system-out>
  </testcase>
  <testcase name="runScenario[&quot;Verify warning message when user navigate to DS details page without signIn&quot;, &quot;DS Introduction Page&quot;](39)" classname="TestRunners.TestRunner" time="1.029">
    <system-out><![CDATA[
Scenario: Clicking on get started for data structers lands on Data Structers details page &amp#27;[90m# src/test/resources/Features/DSIntroductionPage.feature:18&amp#27;[0m
]]></system-out>
    <system-err><![CDATA[Dec 17, 2024 11:49:59 AM org.openqa.selenium.devtools.CdpVersionFinder findNearestMatch
WARNING: Unable to find an exact match for CDP version 131, returning the closest version; found: 130; Please update to a Selenium version that supports CDP version 131
]]></system-err>
  </testcase>
  <testcase name="runScenario[&quot;Verify warning message when user navigate to DS details page without signIn&quot;, &quot;DS Introduction Page&quot;](39)" classname="TestRunners.TestRunner" time="3.527">
    <system-out><![CDATA[
Scenario: Clicking on get started for data structers lands on Data Structers details page &amp#27;[90m# src/test/resources/Features/DSIntroductionPage.feature:18&amp#27;[0m
  &amp#27;[32mGiven &amp#27;[0m&amp#27;[32mThe user is on the DS Introduction page&amp#27;[0m                                               &amp#27;[90m# StepDefinitions.DSIntroductionDetails.the_user_is_on_the_ds_introduction_page()&amp#27;[0m
  &amp#27;[32mWhen &amp#27;[0m&amp#27;[32mThe user clicks any Get Started buttons of data structures on the DS Introduction page&amp#27;[0m &amp#27;[90m# StepDefinitions.DSIntroductionDetails.the_user_clicks_any_get_started_buttons_of_data_structures_on_the_ds_introduction_page()&amp#27;[0m
  &amp#27;[32mThen &amp#27;[0m&amp#27;[32mThe user should able to see an warning message You are not logged in&amp#27;[0m                   &amp#27;[90m# StepDefinitions.DSIntroductionDetails.the_user_should_able_to_see_an_warning_message_you_are_not_logged_in()&amp#27;[0m
[INFO ] 2024-12-17 12:17:39.175 [TestNG-PoolService-1] Hooks - ======================  Test Execution is completed!! ======================
  &amp#27;[32mGiven &amp#27;[0m&amp#27;[32mThe user is on the DS Introduction page&amp#27;[0m                         &amp#27;[90m# StepDefinitions.DSIntroductionDetails.the_user_is_on_the_ds_introduction_page()&amp#27;[0m
  &amp#27;[32mWhen &amp#27;[0m&amp#27;[32mThe user clicks Register link on the DS Introduction page&amp#27;[0m        &amp#27;[90m# StepDefinitions.DSIntroductionDetails.the_user_clicks_register_link_on_the_ds_introduction_page()&amp#27;[0m
]]></system-out>
    <system-err><![CDATA[Dec 17, 2024 12:17:37 PM org.openqa.selenium.devtools.CdpVersionFinder findNearestMatch
WARNING: Unable to find an exact match for CDP version 131, returning the closest version; found: 130; Please update to a Selenium version that supports CDP version 131
Dec 17, 2024 12:17:38 PM org.openqa.selenium.devtools.CdpVersionFinder findNearestMatch
WARNING: Unable to find an exact match for CDP version 131, returning the closest version; found: 130; Please update to a Selenium version that supports CDP version 131
Dec 17, 2024 12:17:40 PM org.openqa.selenium.devtools.CdpVersionFinder findNearestMatch
WARNING: Unable to find an exact match for CDP version 131, returning the closest version; found: 130; Please update to a Selenium version that supports CDP version 131
]]></system-err>
  </testcase>
  <testcase name="runScenario[&quot;Validate user lands on register page when clicked on register&quot;, &quot;DS Introduction Page&quot;](40)" classname="TestRunners.TestRunner" time="3.732">
    <system-out><![CDATA[
Scenario: Clicking on time complexity navigate to the page  &amp#27;[90m# src/test/resources/Features/DSIntroductionPage.feature:23&amp#27;[0m
  &amp#27;[32mGiven &amp#27;[0m&amp#27;[32mThe user is on the DS Introduction page&amp#27;[0m                         &amp#27;[90m# StepDefinitions.DSIntroductionDetails.the_user_is_on_the_ds_introduction_page()&amp#27;[0m
  &amp#27;[32mWhen &amp#27;[0m&amp#27;[32mThe user clicks Register link on the DS Introduction page&amp#27;[0m        &amp#27;[90m# StepDefinitions.DSIntroductionDetails.the_user_clicks_register_link_on_the_ds_introduction_page()&amp#27;[0m
  &amp#27;[32mThen &amp#27;[0m&amp#27;[32mThe user should navigate to register page&amp#27;[0m                        &amp#27;[90m# StepDefinitions.DSIntroductionDetails.the_user_should_navigate_to_register_page()&amp#27;[0m
[INFO ] 2024-12-17 11:50:01.515 [TestNG-PoolService-3] Hooks - ======================  Test Execution is completed!! ======================
]]></system-out>
    <system-err><![CDATA[Dec 17, 2024 11:50:00 AM org.openqa.selenium.devtools.CdpVersionFinder findNearestMatch
WARNING: Unable to find an exact match for CDP version 131, returning the closest version; found: 130; Please update to a Selenium version that supports CDP version 131
Dec 17, 2024 11:50:01 AM org.openqa.selenium.devtools.CdpVersionFinder findNearestMatch
WARNING: Unable to find an exact match for CDP version 131, returning the closest version; found: 130; Please update to a Selenium version that supports CDP version 131
]]></system-err>
  </testcase>
  <testcase name="runScenario[&quot;Validate user lands on register page when clicked on register&quot;, &quot;DS Introduction Page&quot;](40)" classname="TestRunners.TestRunner" time="1.39">
    <system-out><![CDATA[  &amp#27;[32mThen &amp#27;[0m&amp#27;[32mThe user should navigate to register page&amp#27;[0m                        &amp#27;[90m# StepDefinitions.DSIntroductionDetails.the_user_should_navigate_to_register_page()&amp#27;[0m
[INFO ] 2024-12-17 12:17:40.466 [TestNG-PoolService-3] Hooks - ======================  Test Execution is completed!! ======================

Scenario: Clicking on time complexity navigate to the page  &amp#27;[90m# src/test/resources/Features/DSIntroductionPage.feature:23&amp#27;[0m
]]></system-out>
  </testcase>
  <testcase name="runScenario[&quot;Clicking on get started for data structers lands on Data Structers details page&quot;, &quot;DS Introduction Page&quot;](41)" classname="TestRunners.TestRunner" time="1.706">
    <system-out><![CDATA[
Scenario: Clicking on Try Here on time complexity opens python editor &amp#27;[90m# src/test/resources/Features/DSIntroductionPage.feature:28&amp#27;[0m
  &amp#27;[32mGiven &amp#27;[0m&amp#27;[32mThe user is on the DS Introduction page as signedIn&amp#27;[0m                               &amp#27;[90m# StepDefinitions.DSIntroductionDetails.the_user_is_on_the_ds_introduction_page_as_signed_in()&amp#27;[0m
  &amp#27;[32mWhen &amp#27;[0m&amp#27;[32mThe user clicks the Get Started button of DS Introduction&amp#27;[0m                          &amp#27;[90m# StepDefinitions.DSIntroductionDetails.the_user_clicks_the_get_started_button_of_ds_introduction()&amp#27;[0m
  &amp#27;[32mThen &amp#27;[0m&amp#27;[32mThe user should navigate to DS Intoduction details page&amp#27;[0m                            &amp#27;[90m# StepDefinitions.DSIntroductionDetails.the_user_should_navigate_to_ds_intoduction_details_page()&amp#27;[0m
[INFO ] 2024-12-17 11:50:03.782 [TestNG-PoolService-2] Hooks - ======================  Test Execution is completed!! ======================
  &amp#27;[32mGiven &amp#27;[0m&amp#27;[32mThe user is on the DS Introduction page as signedIn&amp#27;[0m &amp#27;[90m# StepDefinitions.DSIntroductionDetails.the_user_is_on_the_ds_introduction_page_as_signed_in()&amp#27;[0m
]]></system-out>
    <system-err><![CDATA[Dec 17, 2024 11:50:04 AM org.openqa.selenium.devtools.CdpVersionFinder findNearestMatch
WARNING: Unable to find an exact match for CDP version 131, returning the closest version; found: 130; Please update to a Selenium version that supports CDP version 131
]]></system-err>
  </testcase>
  <testcase name="runScenario[&quot;Clicking on get started for data structers lands on Data Structers details page&quot;, &quot;DS Introduction Page&quot;](41)" classname="TestRunners.TestRunner" time="1.94">
    <system-out><![CDATA[
Scenario: Clicking on Try Here on time complexity opens python editor &amp#27;[90m# src/test/resources/Features/DSIntroductionPage.feature:28&amp#27;[0m
  &amp#27;[32mGiven &amp#27;[0m&amp#27;[32mThe user is on the DS Introduction page as signedIn&amp#27;[0m                               &amp#27;[90m# StepDefinitions.DSIntroductionDetails.the_user_is_on_the_ds_introduction_page_as_signed_in()&amp#27;[0m
  &amp#27;[32mWhen &amp#27;[0m&amp#27;[32mThe user clicks the Get Started button of DS Introduction&amp#27;[0m                          &amp#27;[90m# StepDefinitions.DSIntroductionDetails.the_user_clicks_the_get_started_button_of_ds_introduction()&amp#27;[0m
  &amp#27;[32mThen &amp#27;[0m&amp#27;[32mThe user should navigate to DS Intoduction details page&amp#27;[0m                            &amp#27;[90m# StepDefinitions.DSIntroductionDetails.the_user_should_navigate_to_ds_intoduction_details_page()&amp#27;[0m
[INFO ] 2024-12-17 12:17:42.521 [TestNG-PoolService-2] Hooks - ======================  Test Execution is completed!! ======================
]]></system-out>
    <system-err><![CDATA[Dec 17, 2024 12:17:43 PM org.openqa.selenium.devtools.CdpVersionFinder findNearestMatch
WARNING: Unable to find an exact match for CDP version 131, returning the closest version; found: 130; Please update to a Selenium version that supports CDP version 131
]]></system-err>
  </testcase>
  <testcase name="runScenario[&quot;Clicking on time complexity navigate to the page&quot;, &quot;DS Introduction Page&quot;](42)" classname="TestRunners.TestRunner" time="1.143">
    <system-out><![CDATA[
Scenario: Error message displayed for invalid code on try editor for Time Complexity &amp#27;[90m# src/test/resources/Features/DSIntroductionPage.feature:33&amp#27;[0m
  &amp#27;[32mWhen &amp#27;[0m&amp#27;[32mThe user clicks the Time Complexity button&amp#27;[0m           &amp#27;[90m# StepDefinitions.DSIntroductionDetails.the_user_clicks_the_time_complexity_button()&amp#27;[0m
  &amp#27;[32mThen &amp#27;[0m&amp#27;[32mUser should navigate to Time Complexity page&amp#27;[0m         &amp#27;[90m# StepDefinitions.DSIntroductionDetails.user_should_navigate_to_time_complexity_page()&amp#27;[0m
[INFO ] 2024-12-17 11:50:05.593 [TestNG-PoolService-1] Hooks - ======================  Test Execution is completed!! ======================
]]></system-out>
  </testcase>
  <testcase name="runScenario[&quot;Clicking on time complexity navigate to the page&quot;, &quot;DS Introduction Page&quot;](42)" classname="TestRunners.TestRunner" time="4.215">
    <system-out><![CDATA[
Scenario: Error message displayed for invalid code on try editor for Time Complexity &amp#27;[90m# src/test/resources/Features/DSIntroductionPage.feature:33&amp#27;[0m
  &amp#27;[32mGiven &amp#27;[0m&amp#27;[32mThe user is on the DS Introduction page as signedIn&amp#27;[0m &amp#27;[90m# StepDefinitions.DSIntroductionDetails.the_user_is_on_the_ds_introduction_page_as_signed_in()&amp#27;[0m
  &amp#27;[32mWhen &amp#27;[0m&amp#27;[32mThe user clicks the Time Complexity button&amp#27;[0m           &amp#27;[90m# StepDefinitions.DSIntroductionDetails.the_user_clicks_the_time_complexity_button()&amp#27;[0m
  &amp#27;[32mThen &amp#27;[0m&amp#27;[32mUser should navigate to Time Complexity page&amp#27;[0m         &amp#27;[90m# StepDefinitions.DSIntroductionDetails.user_should_navigate_to_time_complexity_page()&amp#27;[0m
[INFO ] 2024-12-17 12:17:46.729 [TestNG-PoolService-1] Hooks - ======================  Test Execution is completed!! ======================
  &amp#27;[32mGiven &amp#27;[0m&amp#27;[32mThe user is on the DS Introduction page as signedIn&amp#27;[0m           &amp#27;[90m# StepDefinitions.DSIntroductionDetails.the_user_is_on_the_ds_introduction_page_as_signed_in()&amp#27;[0m
]]></system-out>
    <system-err><![CDATA[Dec 17, 2024 12:17:44 PM org.openqa.selenium.devtools.CdpVersionFinder findNearestMatch
WARNING: Unable to find an exact match for CDP version 131, returning the closest version; found: 130; Please update to a Selenium version that supports CDP version 131
Dec 17, 2024 12:17:47 PM org.openqa.selenium.devtools.CdpVersionFinder findNearestMatch
WARNING: Unable to find an exact match for CDP version 131, returning the closest version; found: 130; Please update to a Selenium version that supports CDP version 131
]]></system-err>
  </testcase>
  <testcase name="runScenario[&quot;Clicking on Try Here on time complexity opens python editor&quot;, &quot;DS Introduction Page&quot;](43)" classname="TestRunners.TestRunner" time="4.368">
    <system-out><![CDATA[
Scenario: No error message displayed for empty code on try editor for Time Complexity &amp#27;[90m# src/test/resources/Features/DSIntroductionPage.feature:38&amp#27;[0m
  &amp#27;[32mGiven &amp#27;[0m&amp#27;[32mThe user is on the DS Introduction page as signedIn&amp#27;[0m           &amp#27;[90m# StepDefinitions.DSIntroductionDetails.the_user_is_on_the_ds_introduction_page_as_signed_in()&amp#27;[0m
  &amp#27;[32mWhen &amp#27;[0m&amp#27;[32mUser clicks Try here link of time complexity page&amp#27;[0m              &amp#27;[90m# StepDefinitions.DSIntroductionDetails.user_clicks_try_here_link_of_time_complexity_page()&amp#27;[0m
  &amp#27;[32mThen &amp#27;[0m&amp#27;[32mUser should navigate to tryEditor page&amp#27;[0m                         &amp#27;[90m# StepDefinitions.DSIntroductionDetails.user_should_navigate_to_try_editor_page()&amp#27;[0m
[INFO ] 2024-12-17 11:50:09.907 [TestNG-PoolService-3] Hooks - ======================  Test Execution is completed!! ======================
]]></system-out>
    <system-err><![CDATA[Dec 17, 2024 11:50:06 AM org.openqa.selenium.devtools.CdpVersionFinder findNearestMatch
WARNING: Unable to find an exact match for CDP version 131, returning the closest version; found: 130; Please update to a Selenium version that supports CDP version 131
Dec 17, 2024 11:50:07 AM org.openqa.selenium.devtools.CdpVersionFinder findNearestMatch
WARNING: Unable to find an exact match for CDP version 131, returning the closest version; found: 130; Please update to a Selenium version that supports CDP version 131
]]></system-err>
  </testcase>
  <testcase name="runScenario[&quot;Clicking on Try Here on time complexity opens python editor&quot;, &quot;DS Introduction Page&quot;](43)" classname="TestRunners.TestRunner" time="2.129">
    <system-out><![CDATA[
Scenario: No error message displayed for empty code on try editor for Time Complexity &amp#27;[90m# src/test/resources/Features/DSIntroductionPage.feature:38&amp#27;[0m
  &amp#27;[32mWhen &amp#27;[0m&amp#27;[32mUser clicks Try here link of time complexity page&amp#27;[0m              &amp#27;[90m# StepDefinitions.DSIntroductionDetails.user_clicks_try_here_link_of_time_complexity_page()&amp#27;[0m
  &amp#27;[32mThen &amp#27;[0m&amp#27;[32mUser should navigate to tryEditor page&amp#27;[0m                         &amp#27;[90m# StepDefinitions.DSIntroductionDetails.user_should_navigate_to_try_editor_page()&amp#27;[0m
[INFO ] 2024-12-17 12:17:48.823 [TestNG-PoolService-3] Hooks - ======================  Test Execution is completed!! ======================
]]></system-out>
  </testcase>
  <testcase name="runScenario[&quot;Error message displayed for invalid code on try editor for Time Complexity&quot;, &quot;DS Introduction Page&quot;](44)" classname="TestRunners.TestRunner" time="2.019">
    <failure message="element not interactable&#10;  (Session info: chrome=131.0.6778.140)&#10;Build info: version: &apos;4.26.0&apos;, revision: &apos;8ccf0219d7&apos;&#10;System info: os.name: &apos;Windows 11&apos;, os.arch: &apos;amd64&apos;, os.version: &apos;10.0&apos;, java.version: &apos;21.0.5&apos;&#10;Driver info: org.openqa.selenium.chrome.ChromeDriver&#10;Command: [5152c3c59167d2eda3d837ccdf762d7d, sendKeysToElement {value=[Ljava.lang.CharSequence;@32a42c3, id=f.983744D8DF51885EF9ECCE07F6F42DA9.d.47C756C465FBB49FFFA9E79F2FBC257D.e.56}]&#10;Capabilities {acceptInsecureCerts: false, browserName: chrome, browserVersion: 131.0.6778.140, chrome: {chromedriverVersion: 131.0.6778.108 (3b014839fbc..., userDataDir: C:\Users\vamsh\AppData\Loca...}, fedcm:accounts: true, goog:chromeOptions: {debuggerAddress: localhost:56712}, networkConnectionEnabled: false, pageLoadStrategy: normal, platformName: windows, proxy: Proxy(), se:cdp: ws://localhost:56712/devtoo..., se:cdpVersion: 131.0.6778.140, setWindowRect: true, strictFileInteractability: false, timeouts: {implicit: 0, pageLoad: 300000, script: 30000}, unhandledPromptBehavior: dismiss and notify, webauthn:extension:credBlob: true, webauthn:extension:largeBlob: true, webauthn:extension:minPinLength: true, webauthn:extension:prf: true, webauthn:virtualAuthenticators: true}&#10;Element: [[ChromeDriver: chrome on windows (5152c3c59167d2eda3d837ccdf762d7d)] -&gt; css selector: .CodeMirror textarea]&#10;Session ID: 5152c3c59167d2eda3d837ccdf762d7d" type="org.openqa.selenium.ElementNotInteractableException"><![CDATA[org.openqa.selenium.ElementNotInteractableException: 
element not interactable
  (Session info: chrome=131.0.6778.140)
Build info: version: '4.26.0', revision: '8ccf0219d7'
System info: os.name: 'Windows 11', os.arch: 'amd64', os.version: '10.0', java.version: '21.0.5'
Driver info: org.openqa.selenium.chrome.ChromeDriver
Command: [5152c3c59167d2eda3d837ccdf762d7d, sendKeysToElement {value=[Ljava.lang.CharSequence;@32a42c3, id=f.983744D8DF51885EF9ECCE07F6F42DA9.d.47C756C465FBB49FFFA9E79F2FBC257D.e.56}]
Capabilities {acceptInsecureCerts: false, browserName: chrome, browserVersion: 131.0.6778.140, chrome: {chromedriverVersion: 131.0.6778.108 (3b014839fbc..., userDataDir: C:\Users\vamsh\AppData\Loca...}, fedcm:accounts: true, goog:chromeOptions: {debuggerAddress: localhost:56712}, networkConnectionEnabled: false, pageLoadStrategy: normal, platformName: windows, proxy: Proxy(), se:cdp: ws://localhost:56712/devtoo..., se:cdpVersion: 131.0.6778.140, setWindowRect: true, strictFileInteractability: false, timeouts: {implicit: 0, pageLoad: 300000, script: 30000}, unhandledPromptBehavior: dismiss and notify, webauthn:extension:credBlob: true, webauthn:extension:largeBlob: true, webauthn:extension:minPinLength: true, webauthn:extension:prf: true, webauthn:virtualAuthenticators: true}
Element: [[ChromeDriver: chrome on windows (5152c3c59167d2eda3d837ccdf762d7d)] -> css selector: .CodeMirror textarea]
Session ID: 5152c3c59167d2eda3d837ccdf762d7d
]]></failure>
    <system-out><![CDATA[
Scenario: Valid code on try editor for Time Complexity runs successfully &amp#27;[90m# src/test/resources/Features/DSIntroductionPage.feature:43&amp#27;[0m
  &amp#27;[32mGiven &amp#27;[0m&amp#27;[32mUser is on try here page of time complexity as signedIn&amp#27;[0m                      &amp#27;[90m# StepDefinitions.DSIntroductionDetails.user_is_on_try_here_page_of_time_complexity_as_signedIn()&amp#27;[0m
  &amp#27;[31mWhen &amp#27;[0m&amp#27;[31mUser writes invalid code and clicks run button&amp#27;[0m                                &amp#27;[90m# StepDefinitions.DSIntroductionDetails.user_writes_invalid_code_and_clicks_run_button()&amp#27;[0m
      &amp#27;[31morg.openqa.selenium.ElementNotInteractableException: element not interactable
  (Session info: chrome=131.0.6778.140)
Build info: version: '4.26.0', revision: '8ccf0219d7'
System info: os.name: 'Windows 11', os.arch: 'amd64', os.version: '10.0', java.version: '21.0.5'
Driver info: org.openqa.selenium.chrome.ChromeDriver
Command: [5152c3c59167d2eda3d837ccdf762d7d, sendKeysToElement {value=[Ljava.lang.CharSequence;@32a42c3, id=f.983744D8DF51885EF9ECCE07F6F42DA9.d.47C756C465FBB49FFFA9E79F2FBC257D.e.56}]
Capabilities {acceptInsecureCerts: false, browserName: chrome, browserVersion: 131.0.6778.140, chrome: {chromedriverVersion: 131.0.6778.108 (3b014839fbc..., userDataDir: C:\Users\vamsh\AppData\Loca...}, fedcm:accounts: true, goog:chromeOptions: {debuggerAddress: localhost:56712}, networkConnectionEnabled: false, pageLoadStrategy: normal, platformName: windows, proxy: Proxy(), se:cdp: ws://localhost:56712/devtoo..., se:cdpVersion: 131.0.6778.140, setWindowRect: true, strictFileInteractability: false, timeouts: {implicit: 0, pageLoad: 300000, script: 30000}, unhandledPromptBehavior: dismiss and notify, webauthn:extension:credBlob: true, webauthn:extension:largeBlob: true, webauthn:extension:minPinLength: true, webauthn:extension:prf: true, webauthn:virtualAuthenticators: true}
Element: [[ChromeDriver: chrome on windows (5152c3c59167d2eda3d837ccdf762d7d)] -> css selector: .CodeMirror textarea]
Session ID: 5152c3c59167d2eda3d837ccdf762d7d
	at java.base/jdk.internal.reflect.DirectConstructorHandleAccessor.newInstance(DirectConstructorHandleAccessor.java:62)
	at java.base/java.lang.reflect.Constructor.newInstanceWithCaller(Constructor.java:502)
	at java.base/java.lang.reflect.Constructor.newInstance(Constructor.java:486)
	at org.openqa.selenium.remote.ErrorCodec.decode(ErrorCodec.java:167)
	at org.openqa.selenium.remote.codec.w3c.W3CHttpResponseCodec.decode(W3CHttpResponseCodec.java:138)
	at org.openqa.selenium.remote.codec.w3c.W3CHttpResponseCodec.decode(W3CHttpResponseCodec.java:50)
	at org.openqa.selenium.remote.HttpCommandExecutor.execute(HttpCommandExecutor.java:190)
	at org.openqa.selenium.remote.service.DriverCommandExecutor.invokeExecute(DriverCommandExecutor.java:216)
	at org.openqa.selenium.remote.service.DriverCommandExecutor.execute(DriverCommandExecutor.java:174)
	at org.openqa.selenium.remote.RemoteWebDriver.execute(RemoteWebDriver.java:545)
	at org.openqa.selenium.remote.RemoteWebElement.execute(RemoteWebElement.java:223)
	at org.openqa.selenium.remote.RemoteWebElement.sendKeys(RemoteWebElement.java:110)
	at PageObjects.IntroductionPage.enterCodeInEditor(IntroductionPage.java:82)
	at StepDefinitions.DSIntroductionDetails.user_writes_invalid_code_and_clicks_run_button(DSIntroductionDetails.java:184)
	at ✽.User writes invalid code and clicks run button(file:///C:/Projects/newFolder-3/Repo1/src/test/resources/Features/DSIntroductionPage.feature:35)
&amp#27;[0m
  &amp#27;[36mThen &amp#27;[0m&amp#27;[36mThe user should able to see an error message in alert window&amp#27;[0m                  &amp#27;[90m# StepDefinitions.DSIntroductionDetails.the_user_should_able_to_see_an_error_message_in_alert_window()&amp#27;[0m
[ERROR] 2024-12-17 11:50:11.212 [TestNG-PoolService-2] Hooks - ======================  TEST CASE FAILED !! ======================
  &amp#27;[32mGiven &amp#27;[0m&amp#27;[32mUser is on try here page of time complexity as signedIn&amp#27;[0m                       &amp#27;[90m# StepDefinitions.DSIntroductionDetails.user_is_on_try_here_page_of_time_complexity_as_signedIn()&amp#27;[0m

    Embedding screenshot [image/png 7853 bytes]

[INFO ] 2024-12-17 11:50:11.583 [TestNG-PoolService-2] Hooks - ======================  Screenshot is captured  ======================
[INFO ] 2024-12-17 11:50:11.585 [TestNG-PoolService-2] Hooks - ======================  Test Execution is completed!! ======================
]]></system-out>
    <system-err><![CDATA[Dec 17, 2024 11:50:11 AM org.openqa.selenium.devtools.CdpVersionFinder findNearestMatch
WARNING: Unable to find an exact match for CDP version 131, returning the closest version; found: 130; Please update to a Selenium version that supports CDP version 131
]]></system-err>
  </testcase>
  <testcase name="runScenario[&quot;Error message displayed for invalid code on try editor for Time Complexity&quot;, &quot;DS Introduction Page&quot;](44)" classname="TestRunners.TestRunner" time="2.893">
    <failure message="element not interactable&#10;  (Session info: MicrosoftEdge=131.0.2903.99)&#10;Build info: version: &apos;4.26.0&apos;, revision: &apos;8ccf0219d7&apos;&#10;System info: os.name: &apos;Windows 11&apos;, os.arch: &apos;amd64&apos;, os.version: &apos;10.0&apos;, java.version: &apos;21.0.5&apos;&#10;Driver info: org.openqa.selenium.edge.EdgeDriver&#10;Command: [de116fd74da29e922cce838ff76d6812, sendKeysToElement {value=[Ljava.lang.CharSequence;@6227197e, id=f.426F198CDF3D7B9C2342D6EA74D24422.d.4D0D8DAB2F744FDB696DFEE35F90B4A5.e.43}]&#10;Capabilities {acceptInsecureCerts: false, browserName: MicrosoftEdge, browserVersion: 131.0.2903.99, fedcm:accounts: true, ms:edgeOptions: {debuggerAddress: localhost:50680}, msedge: {msedgedriverVersion: 131.0.2903.99 (f96a870b1316..., userDataDir: C:\Users\vamsh\AppData\Loca...}, networkConnectionEnabled: false, pageLoadStrategy: normal, platformName: windows, proxy: Proxy(), se:cdp: ws://localhost:50680/devtoo..., se:cdpVersion: 131.0.2903.99, setWindowRect: true, strictFileInteractability: false, timeouts: {implicit: 0, pageLoad: 300000, script: 30000}, unhandledPromptBehavior: dismiss and notify, webauthn:extension:credBlob: true, webauthn:extension:largeBlob: true, webauthn:extension:minPinLength: true, webauthn:extension:prf: true, webauthn:virtualAuthenticators: true}&#10;Element: [[EdgeDriver: MicrosoftEdge on windows (de116fd74da29e922cce838ff76d6812)] -&gt; css selector: .CodeMirror textarea]&#10;Session ID: de116fd74da29e922cce838ff76d6812" type="org.openqa.selenium.ElementNotInteractableException"><![CDATA[org.openqa.selenium.ElementNotInteractableException: 
element not interactable
  (Session info: MicrosoftEdge=131.0.2903.99)
Build info: version: '4.26.0', revision: '8ccf0219d7'
System info: os.name: 'Windows 11', os.arch: 'amd64', os.version: '10.0', java.version: '21.0.5'
Driver info: org.openqa.selenium.edge.EdgeDriver
Command: [de116fd74da29e922cce838ff76d6812, sendKeysToElement {value=[Ljava.lang.CharSequence;@6227197e, id=f.426F198CDF3D7B9C2342D6EA74D24422.d.4D0D8DAB2F744FDB696DFEE35F90B4A5.e.43}]
Capabilities {acceptInsecureCerts: false, browserName: MicrosoftEdge, browserVersion: 131.0.2903.99, fedcm:accounts: true, ms:edgeOptions: {debuggerAddress: localhost:50680}, msedge: {msedgedriverVersion: 131.0.2903.99 (f96a870b1316..., userDataDir: C:\Users\vamsh\AppData\Loca...}, networkConnectionEnabled: false, pageLoadStrategy: normal, platformName: windows, proxy: Proxy(), se:cdp: ws://localhost:50680/devtoo..., se:cdpVersion: 131.0.2903.99, setWindowRect: true, strictFileInteractability: false, timeouts: {implicit: 0, pageLoad: 300000, script: 30000}, unhandledPromptBehavior: dismiss and notify, webauthn:extension:credBlob: true, webauthn:extension:largeBlob: true, webauthn:extension:minPinLength: true, webauthn:extension:prf: true, webauthn:virtualAuthenticators: true}
Element: [[EdgeDriver: MicrosoftEdge on windows (de116fd74da29e922cce838ff76d6812)] -> css selector: .CodeMirror textarea]
Session ID: de116fd74da29e922cce838ff76d6812
]]></failure>
    <system-out><![CDATA[
Scenario: Valid code on try editor for Time Complexity runs successfully &amp#27;[90m# src/test/resources/Features/DSIntroductionPage.feature:43&amp#27;[0m
  &amp#27;[32mGiven &amp#27;[0m&amp#27;[32mUser is on try here page of time complexity as signedIn&amp#27;[0m                      &amp#27;[90m# StepDefinitions.DSIntroductionDetails.user_is_on_try_here_page_of_time_complexity_as_signedIn()&amp#27;[0m
  &amp#27;[31mWhen &amp#27;[0m&amp#27;[31mUser writes invalid code and clicks run button&amp#27;[0m                                &amp#27;[90m# StepDefinitions.DSIntroductionDetails.user_writes_invalid_code_and_clicks_run_button()&amp#27;[0m
      &amp#27;[31morg.openqa.selenium.ElementNotInteractableException: element not interactable
  (Session info: MicrosoftEdge=131.0.2903.99)
Build info: version: '4.26.0', revision: '8ccf0219d7'
System info: os.name: 'Windows 11', os.arch: 'amd64', os.version: '10.0', java.version: '21.0.5'
Driver info: org.openqa.selenium.edge.EdgeDriver
Command: [de116fd74da29e922cce838ff76d6812, sendKeysToElement {value=[Ljava.lang.CharSequence;@6227197e, id=f.426F198CDF3D7B9C2342D6EA74D24422.d.4D0D8DAB2F744FDB696DFEE35F90B4A5.e.43}]
Capabilities {acceptInsecureCerts: false, browserName: MicrosoftEdge, browserVersion: 131.0.2903.99, fedcm:accounts: true, ms:edgeOptions: {debuggerAddress: localhost:50680}, msedge: {msedgedriverVersion: 131.0.2903.99 (f96a870b1316..., userDataDir: C:\Users\vamsh\AppData\Loca...}, networkConnectionEnabled: false, pageLoadStrategy: normal, platformName: windows, proxy: Proxy(), se:cdp: ws://localhost:50680/devtoo..., se:cdpVersion: 131.0.2903.99, setWindowRect: true, strictFileInteractability: false, timeouts: {implicit: 0, pageLoad: 300000, script: 30000}, unhandledPromptBehavior: dismiss and notify, webauthn:extension:credBlob: true, webauthn:extension:largeBlob: true, webauthn:extension:minPinLength: true, webauthn:extension:prf: true, webauthn:virtualAuthenticators: true}
Element: [[EdgeDriver: MicrosoftEdge on windows (de116fd74da29e922cce838ff76d6812)] -> css selector: .CodeMirror textarea]
Session ID: de116fd74da29e922cce838ff76d6812
	at java.base/jdk.internal.reflect.DirectConstructorHandleAccessor.newInstance(DirectConstructorHandleAccessor.java:62)
	at java.base/java.lang.reflect.Constructor.newInstanceWithCaller(Constructor.java:502)
	at java.base/java.lang.reflect.Constructor.newInstance(Constructor.java:486)
	at org.openqa.selenium.remote.ErrorCodec.decode(ErrorCodec.java:167)
	at org.openqa.selenium.remote.codec.w3c.W3CHttpResponseCodec.decode(W3CHttpResponseCodec.java:138)
	at org.openqa.selenium.remote.codec.w3c.W3CHttpResponseCodec.decode(W3CHttpResponseCodec.java:50)
	at org.openqa.selenium.remote.HttpCommandExecutor.execute(HttpCommandExecutor.java:190)
	at org.openqa.selenium.remote.service.DriverCommandExecutor.invokeExecute(DriverCommandExecutor.java:216)
	at org.openqa.selenium.remote.service.DriverCommandExecutor.execute(DriverCommandExecutor.java:174)
	at org.openqa.selenium.remote.RemoteWebDriver.execute(RemoteWebDriver.java:545)
	at org.openqa.selenium.remote.RemoteWebElement.execute(RemoteWebElement.java:223)
	at org.openqa.selenium.remote.RemoteWebElement.sendKeys(RemoteWebElement.java:110)
	at PageObjects.IntroductionPage.enterCodeInEditor(IntroductionPage.java:82)
	at StepDefinitions.DSIntroductionDetails.user_writes_invalid_code_and_clicks_run_button(DSIntroductionDetails.java:184)
	at ✽.User writes invalid code and clicks run button(file:///C:/Projects/newFolder-3/Repo1/src/test/resources/Features/DSIntroductionPage.feature:35)
&amp#27;[0m
  &amp#27;[36mThen &amp#27;[0m&amp#27;[36mThe user should able to see an error message in alert window&amp#27;[0m                  &amp#27;[90m# StepDefinitions.DSIntroductionDetails.the_user_should_able_to_see_an_error_message_in_alert_window()&amp#27;[0m
[ERROR] 2024-12-17 12:17:51.208 [TestNG-PoolService-2] Hooks - ======================  TEST CASE FAILED !! ======================

    Embedding screenshot [image/png 7890 bytes]

[INFO ] 2024-12-17 12:17:51.382 [TestNG-PoolService-2] Hooks - ======================  Screenshot is captured  ======================
[INFO ] 2024-12-17 12:17:51.383 [TestNG-PoolService-2] Hooks - ======================  Test Execution is completed!! ======================
]]></system-out>
    <system-err><![CDATA[Dec 17, 2024 12:17:51 PM org.openqa.selenium.devtools.CdpVersionFinder findNearestMatch
WARNING: Unable to find an exact match for CDP version 131, returning the closest version; found: 130; Please update to a Selenium version that supports CDP version 131
Dec 17, 2024 12:17:53 PM org.openqa.selenium.devtools.CdpVersionFinder findNearestMatch
WARNING: Unable to find an exact match for CDP version 131, returning the closest version; found: 130; Please update to a Selenium version that supports CDP version 131
]]></system-err>
  </testcase>
  <testcase name="runScenario[&quot;No error message displayed for empty code on try editor for Time Complexity&quot;, &quot;DS Introduction Page&quot;](45)" classname="TestRunners.TestRunner" time="1.019">
    <system-out><![CDATA[
Scenario: Validate user navigated to graph details page when clicked on get started &amp#27;[90m# src/test/resources/Features/GraphHomepage.feature:8&amp#27;[0m
  &amp#27;[32mWhen &amp#27;[0m&amp#27;[32mUser clicks on run button with empty code&amp#27;[0m                                      &amp#27;[90m# StepDefinitions.DSIntroductionDetails.user_clicks_on_run_button_with_empty_code()&amp#27;[0m
  &amp#27;[32mThen &amp#27;[0m&amp#27;[32mThe user should not see any error message or alert&amp#27;[0m                             &amp#27;[90m# StepDefinitions.DSIntroductionDetails.the_user_should_not_see_any_error_message_or_alert()&amp#27;[0m
[INFO ] 2024-12-17 11:50:12.918 [TestNG-PoolService-1] Hooks - ======================  Test Execution is completed!! ======================
]]></system-out>
  </testcase>
  <testcase name="runScenario[&quot;No error message displayed for empty code on try editor for Time Complexity&quot;, &quot;DS Introduction Page&quot;](45)" classname="TestRunners.TestRunner" time="3.348">
    <system-out><![CDATA[
Scenario: Validate user navigated to graph details page when clicked on get started &amp#27;[90m# src/test/resources/Features/GraphHomepage.feature:8&amp#27;[0m
  &amp#27;[32mGiven &amp#27;[0m&amp#27;[32mUser is on try here page of time complexity as signedIn&amp#27;[0m                       &amp#27;[90m# StepDefinitions.DSIntroductionDetails.user_is_on_try_here_page_of_time_complexity_as_signedIn()&amp#27;[0m
  &amp#27;[32mWhen &amp#27;[0m&amp#27;[32mUser clicks on run button with empty code&amp#27;[0m                                      &amp#27;[90m# StepDefinitions.DSIntroductionDetails.user_clicks_on_run_button_with_empty_code()&amp#27;[0m
  &amp#27;[32mThen &amp#27;[0m&amp#27;[32mThe user should not see any error message or alert&amp#27;[0m                             &amp#27;[90m# StepDefinitions.DSIntroductionDetails.the_user_should_not_see_any_error_message_or_alert()&amp#27;[0m
[INFO ] 2024-12-17 12:17:55.140 [TestNG-PoolService-1] Hooks - ======================  Test Execution is completed!! ======================
  &amp#27;[32mGiven &amp#27;[0m&amp#27;[32mUser is on try here page of time complexity as signedIn&amp#27;[0m          &amp#27;[90m# StepDefinitions.DSIntroductionDetails.user_is_on_try_here_page_of_time_complexity_as_signedIn()&amp#27;[0m
]]></system-out>
    <system-err><![CDATA[Dec 17, 2024 12:17:56 PM org.openqa.selenium.devtools.CdpVersionFinder findNearestMatch
WARNING: Unable to find an exact match for CDP version 131, returning the closest version; found: 130; Please update to a Selenium version that supports CDP version 131
]]></system-err>
  </testcase>
  <testcase name="runScenario[&quot;Valid code on try editor for Time Complexity runs successfully&quot;, &quot;DS Introduction Page&quot;](46)" classname="TestRunners.TestRunner" time="4.262">
    <failure message="element not interactable&#10;  (Session info: chrome=131.0.6778.140)&#10;Build info: version: &apos;4.26.0&apos;, revision: &apos;8ccf0219d7&apos;&#10;System info: os.name: &apos;Windows 11&apos;, os.arch: &apos;amd64&apos;, os.version: &apos;10.0&apos;, java.version: &apos;21.0.5&apos;&#10;Driver info: org.openqa.selenium.chrome.ChromeDriver&#10;Command: [fd4a5c90a3975a2d49e98457516779c2, sendKeysToElement {value=[Ljava.lang.CharSequence;@2bb433e9, id=f.63C51F5082EDF95F738125679D6375F3.d.CB07972F386F4DE0E476CB17A52FAE52.e.55}]&#10;Capabilities {acceptInsecureCerts: false, browserName: chrome, browserVersion: 131.0.6778.140, chrome: {chromedriverVersion: 131.0.6778.108 (3b014839fbc..., userDataDir: C:\Users\vamsh\AppData\Loca...}, fedcm:accounts: true, goog:chromeOptions: {debuggerAddress: localhost:56831}, networkConnectionEnabled: false, pageLoadStrategy: normal, platformName: windows, proxy: Proxy(), se:cdp: ws://localhost:56831/devtoo..., se:cdpVersion: 131.0.6778.140, setWindowRect: true, strictFileInteractability: false, timeouts: {implicit: 0, pageLoad: 300000, script: 30000}, unhandledPromptBehavior: dismiss and notify, webauthn:extension:credBlob: true, webauthn:extension:largeBlob: true, webauthn:extension:minPinLength: true, webauthn:extension:prf: true, webauthn:virtualAuthenticators: true}&#10;Element: [[ChromeDriver: chrome on windows (fd4a5c90a3975a2d49e98457516779c2)] -&gt; css selector: .CodeMirror textarea]&#10;Session ID: fd4a5c90a3975a2d49e98457516779c2" type="org.openqa.selenium.ElementNotInteractableException"><![CDATA[org.openqa.selenium.ElementNotInteractableException: 
element not interactable
  (Session info: chrome=131.0.6778.140)
Build info: version: '4.26.0', revision: '8ccf0219d7'
System info: os.name: 'Windows 11', os.arch: 'amd64', os.version: '10.0', java.version: '21.0.5'
Driver info: org.openqa.selenium.chrome.ChromeDriver
Command: [fd4a5c90a3975a2d49e98457516779c2, sendKeysToElement {value=[Ljava.lang.CharSequence;@2bb433e9, id=f.63C51F5082EDF95F738125679D6375F3.d.CB07972F386F4DE0E476CB17A52FAE52.e.55}]
Capabilities {acceptInsecureCerts: false, browserName: chrome, browserVersion: 131.0.6778.140, chrome: {chromedriverVersion: 131.0.6778.108 (3b014839fbc..., userDataDir: C:\Users\vamsh\AppData\Loca...}, fedcm:accounts: true, goog:chromeOptions: {debuggerAddress: localhost:56831}, networkConnectionEnabled: false, pageLoadStrategy: normal, platformName: windows, proxy: Proxy(), se:cdp: ws://localhost:56831/devtoo..., se:cdpVersion: 131.0.6778.140, setWindowRect: true, strictFileInteractability: false, timeouts: {implicit: 0, pageLoad: 300000, script: 30000}, unhandledPromptBehavior: dismiss and notify, webauthn:extension:credBlob: true, webauthn:extension:largeBlob: true, webauthn:extension:minPinLength: true, webauthn:extension:prf: true, webauthn:virtualAuthenticators: true}
Element: [[ChromeDriver: chrome on windows (fd4a5c90a3975a2d49e98457516779c2)] -> css selector: .CodeMirror textarea]
Session ID: fd4a5c90a3975a2d49e98457516779c2
]]></failure>
    <system-out><![CDATA[
Scenario: Validate user can navigate to Graph in Graph page    &amp#27;[90m# src/test/resources/Features/GraphHomepage.feature:11&amp#27;[0m
  &amp#27;[32mGiven &amp#27;[0m&amp#27;[32mUser is on try here page of time complexity as signedIn&amp#27;[0m          &amp#27;[90m# StepDefinitions.DSIntroductionDetails.user_is_on_try_here_page_of_time_complexity_as_signedIn()&amp#27;[0m
  &amp#27;[32mGiven &amp#27;[0m&amp#27;[32mThe user is on the DS Introduction page as signedIn&amp#27;[0m                         &amp#27;[90m# StepDefinitions.DSIntroductionDetails.the_user_is_on_the_ds_introduction_page_as_signed_in()&amp#27;[0m
  &amp#27;[31mWhen &amp#27;[0m&amp#27;[31mUser writes valid code and clicks run button&amp#27;[0m                      &amp#27;[90m# StepDefinitions.DSIntroductionDetails.user_writes_valid_code_and_clicks_run_button()&amp#27;[0m
      &amp#27;[31morg.openqa.selenium.ElementNotInteractableException: element not interactable
  (Session info: chrome=131.0.6778.140)
Build info: version: '4.26.0', revision: '8ccf0219d7'
System info: os.name: 'Windows 11', os.arch: 'amd64', os.version: '10.0', java.version: '21.0.5'
Driver info: org.openqa.selenium.chrome.ChromeDriver
Command: [fd4a5c90a3975a2d49e98457516779c2, sendKeysToElement {value=[Ljava.lang.CharSequence;@2bb433e9, id=f.63C51F5082EDF95F738125679D6375F3.d.CB07972F386F4DE0E476CB17A52FAE52.e.55}]
Capabilities {acceptInsecureCerts: false, browserName: chrome, browserVersion: 131.0.6778.140, chrome: {chromedriverVersion: 131.0.6778.108 (3b014839fbc..., userDataDir: C:\Users\vamsh\AppData\Loca...}, fedcm:accounts: true, goog:chromeOptions: {debuggerAddress: localhost:56831}, networkConnectionEnabled: false, pageLoadStrategy: normal, platformName: windows, proxy: Proxy(), se:cdp: ws://localhost:56831/devtoo..., se:cdpVersion: 131.0.6778.140, setWindowRect: true, strictFileInteractability: false, timeouts: {implicit: 0, pageLoad: 300000, script: 30000}, unhandledPromptBehavior: dismiss and notify, webauthn:extension:credBlob: true, webauthn:extension:largeBlob: true, webauthn:extension:minPinLength: true, webauthn:extension:prf: true, webauthn:virtualAuthenticators: true}
Element: [[ChromeDriver: chrome on windows (fd4a5c90a3975a2d49e98457516779c2)] -> css selector: .CodeMirror textarea]
Session ID: fd4a5c90a3975a2d49e98457516779c2
	at java.base/jdk.internal.reflect.DirectConstructorHandleAccessor.newInstance(DirectConstructorHandleAccessor.java:62)
	at java.base/java.lang.reflect.Constructor.newInstanceWithCaller(Constructor.java:502)
	at java.base/java.lang.reflect.Constructor.newInstance(Constructor.java:486)
	at org.openqa.selenium.remote.ErrorCodec.decode(ErrorCodec.java:167)
	at org.openqa.selenium.remote.codec.w3c.W3CHttpResponseCodec.decode(W3CHttpResponseCodec.java:138)
	at org.openqa.selenium.remote.codec.w3c.W3CHttpResponseCodec.decode(W3CHttpResponseCodec.java:50)
	at org.openqa.selenium.remote.HttpCommandExecutor.execute(HttpCommandExecutor.java:190)
	at org.openqa.selenium.remote.service.DriverCommandExecutor.invokeExecute(DriverCommandExecutor.java:216)
	at org.openqa.selenium.remote.service.DriverCommandExecutor.execute(DriverCommandExecutor.java:174)
	at org.openqa.selenium.remote.RemoteWebDriver.execute(RemoteWebDriver.java:545)
	at org.openqa.selenium.remote.RemoteWebElement.execute(RemoteWebElement.java:223)
	at org.openqa.selenium.remote.RemoteWebElement.sendKeys(RemoteWebElement.java:110)
	at PageObjects.IntroductionPage.enterCodeInEditor(IntroductionPage.java:82)
	at StepDefinitions.DSIntroductionDetails.user_writes_valid_code_and_clicks_run_button(DSIntroductionDetails.java:197)
	at ✽.User writes valid code and clicks run button(file:///C:/Projects/newFolder-3/Repo1/src/test/resources/Features/DSIntroductionPage.feature:45)
&amp#27;[0m
  &amp#27;[36mThen &amp#27;[0m&amp#27;[36mThe user should able to see output in the console&amp#27;[0m                 &amp#27;[90m# StepDefinitions.DSIntroductionDetails.the_user_should_able_to_see_output_in_the_console()&amp#27;[0m
[ERROR] 2024-12-17 11:50:17.063 [TestNG-PoolService-3] Hooks - ======================  TEST CASE FAILED !! ======================
  &amp#27;[32mWhen &amp#27;[0m&amp#27;[32mThe user clicks on Get Started link for graph&amp#27;[0m                                &amp#27;[90m# StepDefinitions.GraphStepDefintions.the_user_clicks_on_get_started_link_for_graph()&amp#27;[0m

    Embedding screenshot [image/png 7853 bytes]

[INFO ] 2024-12-17 11:50:17.260 [TestNG-PoolService-3] Hooks - ======================  Screenshot is captured  ======================
[INFO ] 2024-12-17 11:50:17.260 [TestNG-PoolService-3] Hooks - ======================  Test Execution is completed!! ======================
  &amp#27;[32mThen &amp#27;[0m&amp#27;[32mThe user is on the graph details page&amp#27;[0m                                        &amp#27;[90m# StepDefinitions.GraphStepDefintions.the_user_is_on_the_graph_details_page()&amp#27;[0m
[INFO ] 2024-12-17 11:50:17.392 [TestNG-PoolService-2] Hooks - ======================  Test Execution is completed!! ======================
]]></system-out>
    <system-err><![CDATA[Dec 17, 2024 11:50:13 AM org.openqa.selenium.devtools.CdpVersionFinder findNearestMatch
WARNING: Unable to find an exact match for CDP version 131, returning the closest version; found: 130; Please update to a Selenium version that supports CDP version 131
Dec 17, 2024 11:50:15 AM org.openqa.selenium.devtools.CdpVersionFinder findNearestMatch
WARNING: Unable to find an exact match for CDP version 131, returning the closest version; found: 130; Please update to a Selenium version that supports CDP version 131
]]></system-err>
  </testcase>
  <testcase name="runScenario[&quot;Valid code on try editor for Time Complexity runs successfully&quot;, &quot;DS Introduction Page&quot;](46)" classname="TestRunners.TestRunner" time="2.057">
    <failure message="element not interactable&#10;  (Session info: MicrosoftEdge=131.0.2903.99)&#10;Build info: version: &apos;4.26.0&apos;, revision: &apos;8ccf0219d7&apos;&#10;System info: os.name: &apos;Windows 11&apos;, os.arch: &apos;amd64&apos;, os.version: &apos;10.0&apos;, java.version: &apos;21.0.5&apos;&#10;Driver info: org.openqa.selenium.edge.EdgeDriver&#10;Command: [0f9fcf2e3b2f91607722975b0a1cebce, sendKeysToElement {value=[Ljava.lang.CharSequence;@515d28d9, id=f.5FDB69B794E13461EBD8C06C1254AFE6.d.CE7FF5C41C2BF36D642360575A403432.e.42}]&#10;Capabilities {acceptInsecureCerts: false, browserName: MicrosoftEdge, browserVersion: 131.0.2903.99, fedcm:accounts: true, ms:edgeOptions: {debuggerAddress: localhost:50818}, msedge: {msedgedriverVersion: 131.0.2903.99 (f96a870b1316..., userDataDir: C:\Users\vamsh\AppData\Loca...}, networkConnectionEnabled: false, pageLoadStrategy: normal, platformName: windows, proxy: Proxy(), se:cdp: ws://localhost:50818/devtoo..., se:cdpVersion: 131.0.2903.99, setWindowRect: true, strictFileInteractability: false, timeouts: {implicit: 0, pageLoad: 300000, script: 30000}, unhandledPromptBehavior: dismiss and notify, webauthn:extension:credBlob: true, webauthn:extension:largeBlob: true, webauthn:extension:minPinLength: true, webauthn:extension:prf: true, webauthn:virtualAuthenticators: true}&#10;Element: [[EdgeDriver: MicrosoftEdge on windows (0f9fcf2e3b2f91607722975b0a1cebce)] -&gt; css selector: .CodeMirror textarea]&#10;Session ID: 0f9fcf2e3b2f91607722975b0a1cebce" type="org.openqa.selenium.ElementNotInteractableException"><![CDATA[org.openqa.selenium.ElementNotInteractableException: 
element not interactable
  (Session info: MicrosoftEdge=131.0.2903.99)
Build info: version: '4.26.0', revision: '8ccf0219d7'
System info: os.name: 'Windows 11', os.arch: 'amd64', os.version: '10.0', java.version: '21.0.5'
Driver info: org.openqa.selenium.edge.EdgeDriver
Command: [0f9fcf2e3b2f91607722975b0a1cebce, sendKeysToElement {value=[Ljava.lang.CharSequence;@515d28d9, id=f.5FDB69B794E13461EBD8C06C1254AFE6.d.CE7FF5C41C2BF36D642360575A403432.e.42}]
Capabilities {acceptInsecureCerts: false, browserName: MicrosoftEdge, browserVersion: 131.0.2903.99, fedcm:accounts: true, ms:edgeOptions: {debuggerAddress: localhost:50818}, msedge: {msedgedriverVersion: 131.0.2903.99 (f96a870b1316..., userDataDir: C:\Users\vamsh\AppData\Loca...}, networkConnectionEnabled: false, pageLoadStrategy: normal, platformName: windows, proxy: Proxy(), se:cdp: ws://localhost:50818/devtoo..., se:cdpVersion: 131.0.2903.99, setWindowRect: true, strictFileInteractability: false, timeouts: {implicit: 0, pageLoad: 300000, script: 30000}, unhandledPromptBehavior: dismiss and notify, webauthn:extension:credBlob: true, webauthn:extension:largeBlob: true, webauthn:extension:minPinLength: true, webauthn:extension:prf: true, webauthn:virtualAuthenticators: true}
Element: [[EdgeDriver: MicrosoftEdge on windows (0f9fcf2e3b2f91607722975b0a1cebce)] -> css selector: .CodeMirror textarea]
Session ID: 0f9fcf2e3b2f91607722975b0a1cebce
]]></failure>
    <system-out><![CDATA[
Scenario: Validate user can navigate to Graph in Graph page    &amp#27;[90m# src/test/resources/Features/GraphHomepage.feature:11&amp#27;[0m
  &amp#27;[31mWhen &amp#27;[0m&amp#27;[31mUser writes valid code and clicks run button&amp#27;[0m                      &amp#27;[90m# StepDefinitions.DSIntroductionDetails.user_writes_valid_code_and_clicks_run_button()&amp#27;[0m
      &amp#27;[31morg.openqa.selenium.ElementNotInteractableException: element not interactable
  (Session info: MicrosoftEdge=131.0.2903.99)
Build info: version: '4.26.0', revision: '8ccf0219d7'
System info: os.name: 'Windows 11', os.arch: 'amd64', os.version: '10.0', java.version: '21.0.5'
Driver info: org.openqa.selenium.edge.EdgeDriver
Command: [0f9fcf2e3b2f91607722975b0a1cebce, sendKeysToElement {value=[Ljava.lang.CharSequence;@515d28d9, id=f.5FDB69B794E13461EBD8C06C1254AFE6.d.CE7FF5C41C2BF36D642360575A403432.e.42}]
Capabilities {acceptInsecureCerts: false, browserName: MicrosoftEdge, browserVersion: 131.0.2903.99, fedcm:accounts: true, ms:edgeOptions: {debuggerAddress: localhost:50818}, msedge: {msedgedriverVersion: 131.0.2903.99 (f96a870b1316..., userDataDir: C:\Users\vamsh\AppData\Loca...}, networkConnectionEnabled: false, pageLoadStrategy: normal, platformName: windows, proxy: Proxy(), se:cdp: ws://localhost:50818/devtoo..., se:cdpVersion: 131.0.2903.99, setWindowRect: true, strictFileInteractability: false, timeouts: {implicit: 0, pageLoad: 300000, script: 30000}, unhandledPromptBehavior: dismiss and notify, webauthn:extension:credBlob: true, webauthn:extension:largeBlob: true, webauthn:extension:minPinLength: true, webauthn:extension:prf: true, webauthn:virtualAuthenticators: true}
Element: [[EdgeDriver: MicrosoftEdge on windows (0f9fcf2e3b2f91607722975b0a1cebce)] -> css selector: .CodeMirror textarea]
Session ID: 0f9fcf2e3b2f91607722975b0a1cebce
	at java.base/jdk.internal.reflect.DirectConstructorHandleAccessor.newInstance(DirectConstructorHandleAccessor.java:62)
	at java.base/java.lang.reflect.Constructor.newInstanceWithCaller(Constructor.java:502)
	at java.base/java.lang.reflect.Constructor.newInstance(Constructor.java:486)
	at org.openqa.selenium.remote.ErrorCodec.decode(ErrorCodec.java:167)
	at org.openqa.selenium.remote.codec.w3c.W3CHttpResponseCodec.decode(W3CHttpResponseCodec.java:138)
	at org.openqa.selenium.remote.codec.w3c.W3CHttpResponseCodec.decode(W3CHttpResponseCodec.java:50)
	at org.openqa.selenium.remote.HttpCommandExecutor.execute(HttpCommandExecutor.java:190)
	at org.openqa.selenium.remote.service.DriverCommandExecutor.invokeExecute(DriverCommandExecutor.java:216)
	at org.openqa.selenium.remote.service.DriverCommandExecutor.execute(DriverCommandExecutor.java:174)
	at org.openqa.selenium.remote.RemoteWebDriver.execute(RemoteWebDriver.java:545)
	at org.openqa.selenium.remote.RemoteWebElement.execute(RemoteWebElement.java:223)
	at org.openqa.selenium.remote.RemoteWebElement.sendKeys(RemoteWebElement.java:110)
	at PageObjects.IntroductionPage.enterCodeInEditor(IntroductionPage.java:82)
	at StepDefinitions.DSIntroductionDetails.user_writes_valid_code_and_clicks_run_button(DSIntroductionDetails.java:197)
	at ✽.User writes valid code and clicks run button(file:///C:/Projects/newFolder-3/Repo1/src/test/resources/Features/DSIntroductionPage.feature:45)
&amp#27;[0m
  &amp#27;[36mThen &amp#27;[0m&amp#27;[36mThe user should able to see output in the console&amp#27;[0m                 &amp#27;[90m# StepDefinitions.DSIntroductionDetails.the_user_should_able_to_see_output_in_the_console()&amp#27;[0m
[ERROR] 2024-12-17 12:17:57.000 [TestNG-PoolService-3] Hooks - ======================  TEST CASE FAILED !! ======================

    Embedding screenshot [image/png 7890 bytes]

[INFO ] 2024-12-17 12:17:57.187 [TestNG-PoolService-3] Hooks - ======================  Screenshot is captured  ======================
[INFO ] 2024-12-17 12:17:57.187 [TestNG-PoolService-3] Hooks - ======================  Test Execution is completed!! ======================
  &amp#27;[32mGiven &amp#27;[0m&amp#27;[32mThe user is on the DS Introduction page as signedIn&amp#27;[0m                         &amp#27;[90m# StepDefinitions.DSIntroductionDetails.the_user_is_on_the_ds_introduction_page_as_signed_in()&amp#27;[0m
]]></system-out>
  </testcase>
  <testcase name="runScenario[&quot;Validate user navigated to graph details page when clicked on get started&quot;, &quot;Title of your feature&quot;](47)" classname="TestRunners.TestRunner" time="0.252">
    <system-out><![CDATA[
Scenario: Validate user can Try here link page from graphs  &amp#27;[90m# src/test/resources/Features/GraphHomepage.feature:16&amp#27;[0m
]]></system-out>
  </testcase>
  <testcase name="runScenario[&quot;Validate user navigated to graph details page when clicked on get started&quot;, &quot;Title of your feature&quot;](47)" classname="TestRunners.TestRunner" time="14.766">
    <system-out><![CDATA[
Scenario: Validate user can Try here link page from graphs  &amp#27;[90m# src/test/resources/Features/GraphHomepage.feature:16&amp#27;[0m
  &amp#27;[32mGiven &amp#27;[0m&amp#27;[32mThe user is on the DS Introduction page as signedIn&amp#27;[0m                         &amp#27;[90m# StepDefinitions.DSIntroductionDetails.the_user_is_on_the_ds_introduction_page_as_signed_in()&amp#27;[0m
  &amp#27;[32mGiven &amp#27;[0m&amp#27;[32mThe user is on the DS Introduction page as signedIn&amp#27;[0m    &amp#27;[90m# StepDefinitions.DSIntroductionDetails.the_user_is_on_the_ds_introduction_page_as_signed_in()&amp#27;[0m
  &amp#27;[32mWhen &amp#27;[0m&amp#27;[32mThe user clicks on Get Started link for graph&amp#27;[0m           &amp#27;[90m# StepDefinitions.GraphStepDefintions.the_user_clicks_on_get_started_link_for_graph()&amp#27;[0m
  &amp#27;[32mWhen &amp#27;[0m&amp#27;[32mThe user clicks on Get Started link for graph&amp#27;[0m                                &amp#27;[90m# StepDefinitions.GraphStepDefintions.the_user_clicks_on_get_started_link_for_graph()&amp#27;[0m
  &amp#27;[32mGiven &amp#27;[0m&amp#27;[32mThe user is on the graph details page&amp#27;[0m                  &amp#27;[90m# StepDefinitions.GraphStepDefintions.the_user_is_on_the_graph_details_page()&amp#27;[0m
  &amp#27;[32mThen &amp#27;[0m&amp#27;[32mThe user is on the graph details page&amp#27;[0m                                        &amp#27;[90m# StepDefinitions.GraphStepDefintions.the_user_is_on_the_graph_details_page()&amp#27;[0m
[INFO ] 2024-12-17 12:01:10.382 [TestNG-PoolService-3] Hooks - ======================  Test Execution is completed!! ======================
  &amp#27;[32mWhen &amp#27;[0m&amp#27;[32mThe user click on graph link in graph details page&amp#27;[0m      &amp#27;[90m# StepDefinitions.GraphStepDefintions.the_user_click_on_graph_link_in_graph_details_page()&amp#27;[0m
  &amp#27;[32mThen &amp#27;[0m&amp#27;[32mthe user is navigated to graph page under graph details&amp#27;[0m &amp#27;[90m# StepDefinitions.GraphStepDefintions.the_user_is_navigated_to_graph_page_under_graph_details()&amp#27;[0m
[INFO ] 2024-12-17 12:01:10.749 [TestNG-PoolService-1] Hooks - ======================  Test Execution is completed!! ======================
  &amp#27;[32mGiven &amp#27;[0m&amp#27;[32mThe user is on the DS Introduction page as signedIn&amp#27;[0m &amp#27;[90m# StepDefinitions.DSIntroductionDetails.the_user_is_on_the_ds_introduction_page_as_signed_in()&amp#27;[0m
  &amp#27;[32mWhen &amp#27;[0m&amp#27;[32mThe user clicks on Get Started link for graph&amp#27;[0m        &amp#27;[90m# StepDefinitions.GraphStepDefintions.the_user_clicks_on_get_started_link_for_graph()&amp#27;[0m
  &amp#27;[32mGiven &amp#27;[0m&amp#27;[32mThe user is on the graphs page under graph detials&amp#27;[0m  &amp#27;[90m# StepDefinitions.GraphStepDefintions.the_user_is_on_the_graphs_page_under_graph_detials()&amp#27;[0m
]]></system-out>
  </testcase>
  <testcase name="runScenario[&quot;Validate user navigated to graph details page when clicked on get started&quot;, &quot;Title of your feature&quot;](47)" classname="TestRunners.TestRunner" time="1.489">
    <system-out><![CDATA[
Scenario: Validate user can Try here link page from graphs  &amp#27;[90m# src/test/resources/Features/GraphHomepage.feature:16&amp#27;[0m
  &amp#27;[32mWhen &amp#27;[0m&amp#27;[32mThe user clicks on Get Started link for graph&amp#27;[0m                                &amp#27;[90m# StepDefinitions.GraphStepDefintions.the_user_clicks_on_get_started_link_for_graph()&amp#27;[0m
  &amp#27;[32mThen &amp#27;[0m&amp#27;[32mThe user is on the graph details page&amp#27;[0m                                        &amp#27;[90m# StepDefinitions.GraphStepDefintions.the_user_is_on_the_graph_details_page()&amp#27;[0m
[INFO ] 2024-12-17 12:17:58.626 [TestNG-PoolService-2] Hooks - ======================  Test Execution is completed!! ======================
]]></system-out>
    <system-err><![CDATA[Dec 17, 2024 12:17:59 PM org.openqa.selenium.devtools.CdpVersionFinder findNearestMatch
WARNING: Unable to find an exact match for CDP version 131, returning the closest version; found: 130; Please update to a Selenium version that supports CDP version 131
]]></system-err>
  </testcase>
  <testcase name="runScenario[&quot;Validate user can navigate to Graph in Graph page&quot;, &quot;Title of your feature&quot;](48)" classname="TestRunners.TestRunner" time="2.285">
    <system-out><![CDATA[
Scenario: Error message displayed for invalid code on try Editor for graphs page &amp#27;[90m# src/test/resources/Features/GraphHomepage.feature:21&amp#27;[0m
  &amp#27;[32mGiven &amp#27;[0m&amp#27;[32mThe user is on the DS Introduction page as signedIn&amp#27;[0m    &amp#27;[90m# StepDefinitions.DSIntroductionDetails.the_user_is_on_the_ds_introduction_page_as_signed_in()&amp#27;[0m
  &amp#27;[32mWhen &amp#27;[0m&amp#27;[32mThe user clicks on Get Started link for graph&amp#27;[0m           &amp#27;[90m# StepDefinitions.GraphStepDefintions.the_user_clicks_on_get_started_link_for_graph()&amp#27;[0m
  &amp#27;[32mGiven &amp#27;[0m&amp#27;[32mThe user is on the graph details page&amp#27;[0m                  &amp#27;[90m# StepDefinitions.GraphStepDefintions.the_user_is_on_the_graph_details_page()&amp#27;[0m
  &amp#27;[32mWhen &amp#27;[0m&amp#27;[32mThe user click on graph link in graph details page&amp#27;[0m      &amp#27;[90m# StepDefinitions.GraphStepDefintions.the_user_click_on_graph_link_in_graph_details_page()&amp#27;[0m
  &amp#27;[32mThen &amp#27;[0m&amp#27;[32mthe user is navigated to graph page under graph details&amp#27;[0m &amp#27;[90m# StepDefinitions.GraphStepDefintions.the_user_is_navigated_to_graph_page_under_graph_details()&amp#27;[0m
[INFO ] 2024-12-17 11:50:19.550 [TestNG-PoolService-1] Hooks - ======================  Test Execution is completed!! ======================
]]></system-out>
    <system-err><![CDATA[Dec 17, 2024 11:50:19 AM org.openqa.selenium.devtools.CdpVersionFinder findNearestMatch
WARNING: Unable to find an exact match for CDP version 131, returning the closest version; found: 130; Please update to a Selenium version that supports CDP version 131
Dec 17, 2024 11:50:19 AM org.openqa.selenium.devtools.CdpVersionFinder findNearestMatch
WARNING: Unable to find an exact match for CDP version 131, returning the closest version; found: 130; Please update to a Selenium version that supports CDP version 131
]]></system-err>
  </testcase>
  <testcase name="runScenario[&quot;Validate user can navigate to Graph in Graph page&quot;, &quot;Title of your feature&quot;](48)" classname="TestRunners.TestRunner" time="0.784">
    <system-out><![CDATA[
Scenario: Error message displayed for invalid code on try Editor for graphs page &amp#27;[90m# src/test/resources/Features/GraphHomepage.feature:21&amp#27;[0m
  &amp#27;[32mWhen &amp#27;[0m&amp#27;[32mUser clicks Try here link&amp#27;[0m                            &amp#27;[90m# StepDefinitions.DSIntroductionDetails.user_clicks_try_here_link()&amp#27;[0m
  &amp#27;[32mThen &amp#27;[0m&amp#27;[32mUser should navigate to tryEditor page&amp#27;[0m               &amp#27;[90m# StepDefinitions.DSIntroductionDetails.user_should_navigate_to_try_editor_page()&amp#27;[0m
[INFO ] 2024-12-17 12:01:14.185 [TestNG-PoolService-2] Hooks - ======================  Test Execution is completed!! ======================
]]></system-out>
  </testcase>
  <testcase name="runScenario[&quot;Validate user can navigate to Graph in Graph page&quot;, &quot;Title of your feature&quot;](48)" classname="TestRunners.TestRunner" time="4.703">
    <system-out><![CDATA[
Scenario: Error message displayed for invalid code on try Editor for graphs page &amp#27;[90m# src/test/resources/Features/GraphHomepage.feature:21&amp#27;[0m
  &amp#27;[32mGiven &amp#27;[0m&amp#27;[32mThe user is on the DS Introduction page as signedIn&amp#27;[0m    &amp#27;[90m# StepDefinitions.DSIntroductionDetails.the_user_is_on_the_ds_introduction_page_as_signed_in()&amp#27;[0m
  &amp#27;[32mWhen &amp#27;[0m&amp#27;[32mThe user clicks on Get Started link for graph&amp#27;[0m           &amp#27;[90m# StepDefinitions.GraphStepDefintions.the_user_clicks_on_get_started_link_for_graph()&amp#27;[0m
  &amp#27;[32mGiven &amp#27;[0m&amp#27;[32mThe user is on the graph details page&amp#27;[0m                  &amp#27;[90m# StepDefinitions.GraphStepDefintions.the_user_is_on_the_graph_details_page()&amp#27;[0m
  &amp#27;[32mWhen &amp#27;[0m&amp#27;[32mThe user click on graph link in graph details page&amp#27;[0m      &amp#27;[90m# StepDefinitions.GraphStepDefintions.the_user_click_on_graph_link_in_graph_details_page()&amp#27;[0m
  &amp#27;[32mThen &amp#27;[0m&amp#27;[32mthe user is navigated to graph page under graph details&amp#27;[0m &amp#27;[90m# StepDefinitions.GraphStepDefintions.the_user_is_navigated_to_graph_page_under_graph_details()&amp#27;[0m
[INFO ] 2024-12-17 12:18:03.031 [TestNG-PoolService-1] Hooks - ======================  Test Execution is completed!! ======================
  &amp#27;[32mGiven &amp#27;[0m&amp#27;[32mThe user is on the DS Introduction page as signedIn&amp#27;[0m &amp#27;[90m# StepDefinitions.DSIntroductionDetails.the_user_is_on_the_ds_introduction_page_as_signed_in()&amp#27;[0m
  &amp#27;[32mWhen &amp#27;[0m&amp#27;[32mThe user clicks on Get Started link for graph&amp#27;[0m        &amp#27;[90m# StepDefinitions.GraphStepDefintions.the_user_clicks_on_get_started_link_for_graph()&amp#27;[0m
]]></system-out>
    <system-err><![CDATA[Dec 17, 2024 12:18:01 PM org.openqa.selenium.devtools.CdpVersionFinder findNearestMatch
WARNING: Unable to find an exact match for CDP version 131, returning the closest version; found: 130; Please update to a Selenium version that supports CDP version 131
Dec 17, 2024 12:18:03 PM org.openqa.selenium.devtools.CdpVersionFinder findNearestMatch
WARNING: Unable to find an exact match for CDP version 131, returning the closest version; found: 130; Please update to a Selenium version that supports CDP version 131
]]></system-err>
  </testcase>
  <testcase name="runScenario[&quot;Validate user can Try here link page from graphs&quot;, &quot;Title of your feature&quot;](49)" classname="TestRunners.TestRunner" time="4.004">
    <system-out><![CDATA[
Scenario: No error message displayed for empty code on try editor for graphs page &amp#27;[90m# src/test/resources/Features/GraphHomepage.feature:26&amp#27;[0m
  &amp#27;[32mGiven &amp#27;[0m&amp#27;[32mThe user is on the DS Introduction page as signedIn&amp#27;[0m &amp#27;[90m# StepDefinitions.DSIntroductionDetails.the_user_is_on_the_ds_introduction_page_as_signed_in()&amp#27;[0m
  &amp#27;[32mGiven &amp#27;[0m&amp#27;[32mThe user is on the DS Introduction page as signedIn&amp#27;[0m                      &amp#27;[90m# StepDefinitions.DSIntroductionDetails.the_user_is_on_the_ds_introduction_page_as_signed_in()&amp#27;[0m
  &amp#27;[32mWhen &amp#27;[0m&amp#27;[32mThe user clicks on Get Started link for graph&amp#27;[0m        &amp#27;[90m# StepDefinitions.GraphStepDefintions.the_user_clicks_on_get_started_link_for_graph()&amp#27;[0m
  &amp#27;[32mWhen &amp#27;[0m&amp#27;[32mThe user clicks on Get Started link for graph&amp#27;[0m                             &amp#27;[90m# StepDefinitions.GraphStepDefintions.the_user_clicks_on_get_started_link_for_graph()&amp#27;[0m
  &amp#27;[32mGiven &amp#27;[0m&amp#27;[32mThe user is on the graphs page under graph detials&amp#27;[0m  &amp#27;[90m# StepDefinitions.GraphStepDefintions.the_user_is_on_the_graphs_page_under_graph_detials()&amp#27;[0m
  &amp#27;[32mGiven &amp#27;[0m&amp#27;[32mThe user is on the graphs page under graph detials&amp#27;[0m                       &amp#27;[90m# StepDefinitions.GraphStepDefintions.the_user_is_on_the_graphs_page_under_graph_detials()&amp#27;[0m
  &amp#27;[32mWhen &amp#27;[0m&amp#27;[32mUser clicks Try here link&amp#27;[0m                            &amp#27;[90m# StepDefinitions.DSIntroductionDetails.user_clicks_try_here_link()&amp#27;[0m
  &amp#27;[32mThen &amp#27;[0m&amp#27;[32mUser should navigate to tryEditor page&amp#27;[0m               &amp#27;[90m# StepDefinitions.DSIntroductionDetails.user_should_navigate_to_try_editor_page()&amp#27;[0m
[INFO ] 2024-12-17 11:50:23.839 [TestNG-PoolService-3] Hooks - ======================  Test Execution is completed!! ======================
  &amp#27;[32mGiven &amp#27;[0m&amp#27;[32mThe user is on the DS Introduction page as signedIn&amp#27;[0m                       &amp#27;[90m# StepDefinitions.DSIntroductionDetails.the_user_is_on_the_ds_introduction_page_as_signed_in()&amp#27;[0m
  &amp#27;[31mWhen &amp#27;[0m&amp#27;[31mUser writes invalid code and clicks run button&amp#27;[0m                            &amp#27;[90m# StepDefinitions.DSIntroductionDetails.user_writes_invalid_code_and_clicks_run_button()&amp#27;[0m
      &amp#27;[31morg.openqa.selenium.ElementNotInteractableException: element not interactable
  (Session info: chrome=131.0.6778.140)
Build info: version: '4.26.0', revision: '8ccf0219d7'
System info: os.name: 'Windows 11', os.arch: 'amd64', os.version: '10.0', java.version: '21.0.5'
Driver info: org.openqa.selenium.chrome.ChromeDriver
Command: [ac3c5f9a28fc133e6ee0d6d7564a749a, sendKeysToElement {value=[Ljava.lang.CharSequence;@1d90e527, id=f.5EDCEAD64A89F3F6673ABB4A18264212.d.CE0F18A0CD55FB47AE273F8335A93D3D.e.49}]
Capabilities {acceptInsecureCerts: false, browserName: chrome, browserVersion: 131.0.6778.140, chrome: {chromedriverVersion: 131.0.6778.108 (3b014839fbc..., userDataDir: C:\Users\vamsh\AppData\Loca...}, fedcm:accounts: true, goog:chromeOptions: {debuggerAddress: localhost:57019}, networkConnectionEnabled: false, pageLoadStrategy: normal, platformName: windows, proxy: Proxy(), se:cdp: ws://localhost:57019/devtoo..., se:cdpVersion: 131.0.6778.140, setWindowRect: true, strictFileInteractability: false, timeouts: {implicit: 0, pageLoad: 300000, script: 30000}, unhandledPromptBehavior: dismiss and notify, webauthn:extension:credBlob: true, webauthn:extension:largeBlob: true, webauthn:extension:minPinLength: true, webauthn:extension:prf: true, webauthn:virtualAuthenticators: true}
Element: [[ChromeDriver: chrome on windows (ac3c5f9a28fc133e6ee0d6d7564a749a)] -> css selector: .CodeMirror textarea]
Session ID: ac3c5f9a28fc133e6ee0d6d7564a749a
	at java.base/jdk.internal.reflect.DirectConstructorHandleAccessor.newInstance(DirectConstructorHandleAccessor.java:62)
	at java.base/java.lang.reflect.Constructor.newInstanceWithCaller(Constructor.java:502)
	at java.base/java.lang.reflect.Constructor.newInstance(Constructor.java:486)
	at org.openqa.selenium.remote.ErrorCodec.decode(ErrorCodec.java:167)
	at org.openqa.selenium.remote.codec.w3c.W3CHttpResponseCodec.decode(W3CHttpResponseCodec.java:138)
	at org.openqa.selenium.remote.codec.w3c.W3CHttpResponseCodec.decode(W3CHttpResponseCodec.java:50)
	at org.openqa.selenium.remote.HttpCommandExecutor.execute(HttpCommandExecutor.java:190)
	at org.openqa.selenium.remote.service.DriverCommandExecutor.invokeExecute(DriverCommandExecutor.java:216)
	at org.openqa.selenium.remote.service.DriverCommandExecutor.execute(DriverCommandExecutor.java:174)
	at org.openqa.selenium.remote.RemoteWebDriver.execute(RemoteWebDriver.java:545)
	at org.openqa.selenium.remote.RemoteWebElement.execute(RemoteWebElement.java:223)
	at org.openqa.selenium.remote.RemoteWebElement.sendKeys(RemoteWebElement.java:110)
	at PageObjects.IntroductionPage.enterCodeInEditor(IntroductionPage.java:82)
	at StepDefinitions.DSIntroductionDetails.user_writes_invalid_code_and_clicks_run_button(DSIntroductionDetails.java:184)
	at ✽.User writes invalid code and clicks run button(file:///C:/Projects/newFolder-3/Repo1/src/test/resources/Features/GraphHomepage.feature:23)
&amp#27;[0m
  &amp#27;[36mThen &amp#27;[0m&amp#27;[36mThe user should able to see an error message in alert window&amp#27;[0m              &amp#27;[90m# StepDefinitions.DSIntroductionDetails.the_user_should_able_to_see_an_error_message_in_alert_window()&amp#27;[0m
[ERROR] 2024-12-17 11:50:23.974 [TestNG-PoolService-2] Hooks - ======================  TEST CASE FAILED !! ======================
]]></system-out>
    <system-err><![CDATA[Dec 17, 2024 11:50:21 AM org.openqa.selenium.devtools.CdpVersionFinder findNearestMatch
WARNING: Unable to find an exact match for CDP version 131, returning the closest version; found: 130; Please update to a Selenium version that supports CDP version 131
]]></system-err>
  </testcase>
  <testcase name="runScenario[&quot;Validate user can Try here link page from graphs&quot;, &quot;Title of your feature&quot;](49)" classname="TestRunners.TestRunner" time="2.016">
    <system-out><![CDATA[
Scenario: No error message displayed for empty code on try editor for graphs page &amp#27;[90m# src/test/resources/Features/GraphHomepage.feature:26&amp#27;[0m
]]></system-out>
  </testcase>
  <testcase name="runScenario[&quot;Validate user can Try here link page from graphs&quot;, &quot;Title of your feature&quot;](49)" classname="TestRunners.TestRunner" time="2.646">
    <system-out><![CDATA[
Scenario: No error message displayed for empty code on try editor for graphs page &amp#27;[90m# src/test/resources/Features/GraphHomepage.feature:26&amp#27;[0m
  &amp#27;[32mGiven &amp#27;[0m&amp#27;[32mThe user is on the graphs page under graph detials&amp#27;[0m  &amp#27;[90m# StepDefinitions.GraphStepDefintions.the_user_is_on_the_graphs_page_under_graph_detials()&amp#27;[0m
  &amp#27;[32mGiven &amp#27;[0m&amp#27;[32mThe user is on the DS Introduction page as signedIn&amp#27;[0m                      &amp#27;[90m# StepDefinitions.DSIntroductionDetails.the_user_is_on_the_ds_introduction_page_as_signed_in()&amp#27;[0m
  &amp#27;[32mWhen &amp#27;[0m&amp#27;[32mThe user clicks on Get Started link for graph&amp#27;[0m                             &amp#27;[90m# StepDefinitions.GraphStepDefintions.the_user_clicks_on_get_started_link_for_graph()&amp#27;[0m
  &amp#27;[32mWhen &amp#27;[0m&amp#27;[32mUser clicks Try here link&amp#27;[0m                            &amp#27;[90m# StepDefinitions.DSIntroductionDetails.user_clicks_try_here_link()&amp#27;[0m
  &amp#27;[32mThen &amp#27;[0m&amp#27;[32mUser should navigate to tryEditor page&amp#27;[0m               &amp#27;[90m# StepDefinitions.DSIntroductionDetails.user_should_navigate_to_try_editor_page()&amp#27;[0m
[INFO ] 2024-12-17 12:18:05.934 [TestNG-PoolService-3] Hooks - ======================  Test Execution is completed!! ======================
  &amp#27;[32mGiven &amp#27;[0m&amp#27;[32mThe user is on the graphs page under graph detials&amp#27;[0m                       &amp#27;[90m# StepDefinitions.GraphStepDefintions.the_user_is_on_the_graphs_page_under_graph_detials()&amp#27;[0m
  &amp#27;[32mWhen &amp#27;[0m&amp#27;[32mUser writes invalid code and clicks run button&amp#27;[0m                            &amp#27;[90m# StepDefinitions.DSIntroductionDetails.user_writes_invalid_code_and_clicks_run_button()&amp#27;[0m
  &amp#27;[32mThen &amp#27;[0m&amp#27;[32mThe user should able to see an error message in alert window&amp#27;[0m              &amp#27;[90m# StepDefinitions.DSIntroductionDetails.the_user_should_able_to_see_an_error_message_in_alert_window()&amp#27;[0m
[INFO ] 2024-12-17 12:18:07.071 [TestNG-PoolService-2] Hooks - ======================  Test Execution is completed!! ======================
]]></system-out>
  </testcase>
  <testcase name="runScenario[&quot;Error message displayed for invalid code on try Editor for graphs page&quot;, &quot;Title of your feature&quot;](50)" classname="TestRunners.TestRunner" time="0.478">
    <failure message="element not interactable&#10;  (Session info: chrome=131.0.6778.140)&#10;Build info: version: &apos;4.26.0&apos;, revision: &apos;8ccf0219d7&apos;&#10;System info: os.name: &apos;Windows 11&apos;, os.arch: &apos;amd64&apos;, os.version: &apos;10.0&apos;, java.version: &apos;21.0.5&apos;&#10;Driver info: org.openqa.selenium.chrome.ChromeDriver&#10;Command: [ac3c5f9a28fc133e6ee0d6d7564a749a, sendKeysToElement {value=[Ljava.lang.CharSequence;@1d90e527, id=f.5EDCEAD64A89F3F6673ABB4A18264212.d.CE0F18A0CD55FB47AE273F8335A93D3D.e.49}]&#10;Capabilities {acceptInsecureCerts: false, browserName: chrome, browserVersion: 131.0.6778.140, chrome: {chromedriverVersion: 131.0.6778.108 (3b014839fbc..., userDataDir: C:\Users\vamsh\AppData\Loca...}, fedcm:accounts: true, goog:chromeOptions: {debuggerAddress: localhost:57019}, networkConnectionEnabled: false, pageLoadStrategy: normal, platformName: windows, proxy: Proxy(), se:cdp: ws://localhost:57019/devtoo..., se:cdpVersion: 131.0.6778.140, setWindowRect: true, strictFileInteractability: false, timeouts: {implicit: 0, pageLoad: 300000, script: 30000}, unhandledPromptBehavior: dismiss and notify, webauthn:extension:credBlob: true, webauthn:extension:largeBlob: true, webauthn:extension:minPinLength: true, webauthn:extension:prf: true, webauthn:virtualAuthenticators: true}&#10;Element: [[ChromeDriver: chrome on windows (ac3c5f9a28fc133e6ee0d6d7564a749a)] -&gt; css selector: .CodeMirror textarea]&#10;Session ID: ac3c5f9a28fc133e6ee0d6d7564a749a" type="org.openqa.selenium.ElementNotInteractableException"><![CDATA[org.openqa.selenium.ElementNotInteractableException: 
element not interactable
  (Session info: chrome=131.0.6778.140)
Build info: version: '4.26.0', revision: '8ccf0219d7'
System info: os.name: 'Windows 11', os.arch: 'amd64', os.version: '10.0', java.version: '21.0.5'
Driver info: org.openqa.selenium.chrome.ChromeDriver
Command: [ac3c5f9a28fc133e6ee0d6d7564a749a, sendKeysToElement {value=[Ljava.lang.CharSequence;@1d90e527, id=f.5EDCEAD64A89F3F6673ABB4A18264212.d.CE0F18A0CD55FB47AE273F8335A93D3D.e.49}]
Capabilities {acceptInsecureCerts: false, browserName: chrome, browserVersion: 131.0.6778.140, chrome: {chromedriverVersion: 131.0.6778.108 (3b014839fbc..., userDataDir: C:\Users\vamsh\AppData\Loca...}, fedcm:accounts: true, goog:chromeOptions: {debuggerAddress: localhost:57019}, networkConnectionEnabled: false, pageLoadStrategy: normal, platformName: windows, proxy: Proxy(), se:cdp: ws://localhost:57019/devtoo..., se:cdpVersion: 131.0.6778.140, setWindowRect: true, strictFileInteractability: false, timeouts: {implicit: 0, pageLoad: 300000, script: 30000}, unhandledPromptBehavior: dismiss and notify, webauthn:extension:credBlob: true, webauthn:extension:largeBlob: true, webauthn:extension:minPinLength: true, webauthn:extension:prf: true, webauthn:virtualAuthenticators: true}
Element: [[ChromeDriver: chrome on windows (ac3c5f9a28fc133e6ee0d6d7564a749a)] -> css selector: .CodeMirror textarea]
Session ID: ac3c5f9a28fc133e6ee0d6d7564a749a
]]></failure>
    <system-out><![CDATA[
Scenario: Valid code on try editor for graphs runs successfully &amp#27;[90m# src/test/resources/Features/GraphHomepage.feature:31&amp#27;[0m

    Embedding screenshot [image/png 7853 bytes]

[INFO ] 2024-12-17 11:50:24.152 [TestNG-PoolService-2] Hooks - ======================  Screenshot is captured  ======================
[INFO ] 2024-12-17 11:50:24.155 [TestNG-PoolService-2] Hooks - ======================  Test Execution is completed!! ======================
  &amp#27;[32mWhen &amp#27;[0m&amp#27;[32mThe user clicks on Get Started link for graph&amp#27;[0m                              &amp#27;[90m# StepDefinitions.GraphStepDefintions.the_user_clicks_on_get_started_link_for_graph()&amp#27;[0m
]]></system-out>
  </testcase>
  <testcase name="runScenario[&quot;Error message displayed for invalid code on try Editor for graphs page&quot;, &quot;Title of your feature&quot;](50)" classname="TestRunners.TestRunner" time="1.122">
    <system-out><![CDATA[
Scenario: Valid code on try editor for graphs runs successfully &amp#27;[90m# src/test/resources/Features/GraphHomepage.feature:31&amp#27;[0m
]]></system-out>
    <system-err><![CDATA[Dec 17, 2024 12:18:08 PM org.openqa.selenium.devtools.CdpVersionFinder findNearestMatch
WARNING: Unable to find an exact match for CDP version 131, returning the closest version; found: 130; Please update to a Selenium version that supports CDP version 131
]]></system-err>
  </testcase>
  <testcase name="runScenario[&quot;No error message displayed for empty code on try editor for graphs page&quot;, &quot;Title of your feature&quot;](51)" classname="TestRunners.TestRunner" time="2.045">
    <system-out><![CDATA[
Scenario: Validate user can navigate to Graph Representations page &amp#27;[90m# src/test/resources/Features/GraphHomepage.feature:36&amp#27;[0m
  &amp#27;[32mGiven &amp#27;[0m&amp#27;[32mThe user is on the graphs page under graph detials&amp#27;[0m                        &amp#27;[90m# StepDefinitions.GraphStepDefintions.the_user_is_on_the_graphs_page_under_graph_detials()&amp#27;[0m
  &amp#27;[32mWhen &amp#27;[0m&amp#27;[32mUser clicks on run button with empty code&amp#27;[0m                                  &amp#27;[90m# StepDefinitions.DSIntroductionDetails.user_clicks_on_run_button_with_empty_code()&amp#27;[0m
  &amp#27;[32mThen &amp#27;[0m&amp#27;[32mThe user should not see any error message or alert&amp#27;[0m                         &amp#27;[90m# StepDefinitions.DSIntroductionDetails.the_user_should_not_see_any_error_message_or_alert()&amp#27;[0m
[INFO ] 2024-12-17 11:50:25.934 [TestNG-PoolService-1] Hooks - ======================  Test Execution is completed!! ======================
]]></system-out>
    <system-err><![CDATA[Dec 17, 2024 11:50:25 AM org.openqa.selenium.devtools.CdpVersionFinder findNearestMatch
WARNING: Unable to find an exact match for CDP version 131, returning the closest version; found: 130; Please update to a Selenium version that supports CDP version 131
Dec 17, 2024 11:50:26 AM org.openqa.selenium.devtools.CdpVersionFinder findNearestMatch
WARNING: Unable to find an exact match for CDP version 131, returning the closest version; found: 130; Please update to a Selenium version that supports CDP version 131
]]></system-err>
  </testcase>
  <testcase name="runScenario[&quot;No error message displayed for empty code on try editor for graphs page&quot;, &quot;Title of your feature&quot;](51)" classname="TestRunners.TestRunner" time="7.223">
    <system-out><![CDATA[
Scenario: Validate user can navigate to Graph Representations page &amp#27;[90m# src/test/resources/Features/GraphHomepage.feature:36&amp#27;[0m
  &amp#27;[32mGiven &amp#27;[0m&amp#27;[32mThe user is on the DS Introduction page as signedIn&amp#27;[0m                       &amp#27;[90m# StepDefinitions.DSIntroductionDetails.the_user_is_on_the_ds_introduction_page_as_signed_in()&amp#27;[0m
  &amp#27;[32mWhen &amp#27;[0m&amp#27;[32mThe user clicks on Get Started link for graph&amp#27;[0m                              &amp#27;[90m# StepDefinitions.GraphStepDefintions.the_user_clicks_on_get_started_link_for_graph()&amp#27;[0m
  &amp#27;[32mGiven &amp#27;[0m&amp#27;[32mThe user is on the graphs page under graph detials&amp#27;[0m                        &amp#27;[90m# StepDefinitions.GraphStepDefintions.the_user_is_on_the_graphs_page_under_graph_detials()&amp#27;[0m
  &amp#27;[32mWhen &amp#27;[0m&amp#27;[32mUser clicks on run button with empty code&amp#27;[0m                                  &amp#27;[90m# StepDefinitions.DSIntroductionDetails.user_clicks_on_run_button_with_empty_code()&amp#27;[0m
  &amp#27;[32mThen &amp#27;[0m&amp#27;[32mThe user should not see any error message or alert&amp#27;[0m                         &amp#27;[90m# StepDefinitions.DSIntroductionDetails.the_user_should_not_see_any_error_message_or_alert()&amp#27;[0m
[INFO ] 2024-12-17 12:18:13.412 [TestNG-PoolService-1] Hooks - ======================  Test Execution is completed!! ======================
  &amp#27;[32mGiven &amp#27;[0m&amp#27;[32mThe user is on the DS Introduction page as signedIn&amp#27;[0m     &amp#27;[90m# StepDefinitions.DSIntroductionDetails.the_user_is_on_the_ds_introduction_page_as_signed_in()&amp#27;[0m
  &amp#27;[32mWhen &amp#27;[0m&amp#27;[32mThe user clicks on Get Started link for graph&amp#27;[0m            &amp#27;[90m# StepDefinitions.GraphStepDefintions.the_user_clicks_on_get_started_link_for_graph()&amp#27;[0m
  &amp#27;[32mGiven &amp#27;[0m&amp#27;[32mThe user is on the DS Introduction page as signedIn&amp#27;[0m        &amp#27;[90m# StepDefinitions.DSIntroductionDetails.the_user_is_on_the_ds_introduction_page_as_signed_in()&amp#27;[0m
  &amp#27;[32mGiven &amp#27;[0m&amp#27;[32mThe user is on the graphs page under graph detials&amp#27;[0m      &amp#27;[90m# StepDefinitions.GraphStepDefintions.the_user_is_on_the_graphs_page_under_graph_detials()&amp#27;[0m
  &amp#27;[32mWhen &amp#27;[0m&amp#27;[32mThe user clicks on Get Started link for graph&amp#27;[0m               &amp#27;[90m# StepDefinitions.GraphStepDefintions.the_user_clicks_on_get_started_link_for_graph()&amp#27;[0m
  &amp#27;[32mGiven &amp#27;[0m&amp#27;[32mThe user is on the graph details page&amp#27;[0m                      &amp#27;[90m# StepDefinitions.GraphStepDefintions.the_user_is_on_the_graph_details_page()&amp#27;[0m
]]></system-out>
    <system-err><![CDATA[Dec 17, 2024 12:18:11 PM org.openqa.selenium.devtools.CdpVersionFinder findNearestMatch
WARNING: Unable to find an exact match for CDP version 131, returning the closest version; found: 130; Please update to a Selenium version that supports CDP version 131
Dec 17, 2024 12:18:12 PM org.openqa.selenium.devtools.CdpVersionFinder findNearestMatch
WARNING: Unable to find an exact match for CDP version 131, returning the closest version; found: 130; Please update to a Selenium version that supports CDP version 131
]]></system-err>
  </testcase>
  <testcase name="runScenario[&quot;Valid code on try editor for graphs runs successfully&quot;, &quot;Title of your feature&quot;](52)" classname="TestRunners.TestRunner" time="3.804">
    <failure message="element not interactable&#10;  (Session info: chrome=131.0.6778.140)&#10;Build info: version: &apos;4.26.0&apos;, revision: &apos;8ccf0219d7&apos;&#10;System info: os.name: &apos;Windows 11&apos;, os.arch: &apos;amd64&apos;, os.version: &apos;10.0&apos;, java.version: &apos;21.0.5&apos;&#10;Driver info: org.openqa.selenium.chrome.ChromeDriver&#10;Command: [1a4fc3e8dc6cd5e7a7de871b800d26e3, sendKeysToElement {value=[Ljava.lang.CharSequence;@179446f0, id=f.E8E81DEA8D68F728B0A3108DFD3E5D25.d.4F3CF17F3275A0DA405A88E8A9E6FC91.e.50}]&#10;Capabilities {acceptInsecureCerts: false, browserName: chrome, browserVersion: 131.0.6778.140, chrome: {chromedriverVersion: 131.0.6778.108 (3b014839fbc..., userDataDir: C:\Users\vamsh\AppData\Loca...}, fedcm:accounts: true, goog:chromeOptions: {debuggerAddress: localhost:57163}, networkConnectionEnabled: false, pageLoadStrategy: normal, platformName: windows, proxy: Proxy(), se:cdp: ws://localhost:57163/devtoo..., se:cdpVersion: 131.0.6778.140, setWindowRect: true, strictFileInteractability: false, timeouts: {implicit: 0, pageLoad: 300000, script: 30000}, unhandledPromptBehavior: dismiss and notify, webauthn:extension:credBlob: true, webauthn:extension:largeBlob: true, webauthn:extension:minPinLength: true, webauthn:extension:prf: true, webauthn:virtualAuthenticators: true}&#10;Element: [[ChromeDriver: chrome on windows (1a4fc3e8dc6cd5e7a7de871b800d26e3)] -&gt; css selector: .CodeMirror textarea]&#10;Session ID: 1a4fc3e8dc6cd5e7a7de871b800d26e3" type="org.openqa.selenium.ElementNotInteractableException"><![CDATA[org.openqa.selenium.ElementNotInteractableException: 
element not interactable
  (Session info: chrome=131.0.6778.140)
Build info: version: '4.26.0', revision: '8ccf0219d7'
System info: os.name: 'Windows 11', os.arch: 'amd64', os.version: '10.0', java.version: '21.0.5'
Driver info: org.openqa.selenium.chrome.ChromeDriver
Command: [1a4fc3e8dc6cd5e7a7de871b800d26e3, sendKeysToElement {value=[Ljava.lang.CharSequence;@179446f0, id=f.E8E81DEA8D68F728B0A3108DFD3E5D25.d.4F3CF17F3275A0DA405A88E8A9E6FC91.e.50}]
Capabilities {acceptInsecureCerts: false, browserName: chrome, browserVersion: 131.0.6778.140, chrome: {chromedriverVersion: 131.0.6778.108 (3b014839fbc..., userDataDir: C:\Users\vamsh\AppData\Loca...}, fedcm:accounts: true, goog:chromeOptions: {debuggerAddress: localhost:57163}, networkConnectionEnabled: false, pageLoadStrategy: normal, platformName: windows, proxy: Proxy(), se:cdp: ws://localhost:57163/devtoo..., se:cdpVersion: 131.0.6778.140, setWindowRect: true, strictFileInteractability: false, timeouts: {implicit: 0, pageLoad: 300000, script: 30000}, unhandledPromptBehavior: dismiss and notify, webauthn:extension:credBlob: true, webauthn:extension:largeBlob: true, webauthn:extension:minPinLength: true, webauthn:extension:prf: true, webauthn:virtualAuthenticators: true}
Element: [[ChromeDriver: chrome on windows (1a4fc3e8dc6cd5e7a7de871b800d26e3)] -> css selector: .CodeMirror textarea]
Session ID: 1a4fc3e8dc6cd5e7a7de871b800d26e3
]]></failure>
    <system-out><![CDATA[
Scenario: Validate user can click on Try here link from graph representations page &amp#27;[90m# src/test/resources/Features/GraphHomepage.feature:41&amp#27;[0m
  &amp#27;[32mGiven &amp#27;[0m&amp#27;[32mThe user is on the DS Introduction page as signedIn&amp#27;[0m     &amp#27;[90m# StepDefinitions.DSIntroductionDetails.the_user_is_on_the_ds_introduction_page_as_signed_in()&amp#27;[0m
  &amp#27;[32mWhen &amp#27;[0m&amp#27;[32mThe user clicks on Get Started link for graph&amp#27;[0m            &amp#27;[90m# StepDefinitions.GraphStepDefintions.the_user_clicks_on_get_started_link_for_graph()&amp#27;[0m
  &amp#27;[32mGiven &amp#27;[0m&amp#27;[32mThe user is on the graphs page under graph detials&amp#27;[0m      &amp#27;[90m# StepDefinitions.GraphStepDefintions.the_user_is_on_the_graphs_page_under_graph_detials()&amp#27;[0m
  &amp#27;[32mGiven &amp#27;[0m&amp#27;[32mThe user is on the DS Introduction page as signedIn&amp#27;[0m        &amp#27;[90m# StepDefinitions.DSIntroductionDetails.the_user_is_on_the_ds_introduction_page_as_signed_in()&amp#27;[0m
  &amp#27;[32mWhen &amp#27;[0m&amp#27;[32mThe user clicks on Get Started link for graph&amp#27;[0m               &amp#27;[90m# StepDefinitions.GraphStepDefintions.the_user_clicks_on_get_started_link_for_graph()&amp#27;[0m
  &amp#27;[32mGiven &amp#27;[0m&amp#27;[32mThe user is on the graph details page&amp#27;[0m                      &amp#27;[90m# StepDefinitions.GraphStepDefintions.the_user_is_on_the_graph_details_page()&amp#27;[0m
  &amp#27;[31mWhen &amp#27;[0m&amp#27;[31mUser writes valid code and clicks run button&amp#27;[0m             &amp#27;[90m# StepDefinitions.DSIntroductionDetails.user_writes_valid_code_and_clicks_run_button()&amp#27;[0m
      &amp#27;[31morg.openqa.selenium.ElementNotInteractableException: element not interactable
  (Session info: chrome=131.0.6778.140)
Build info: version: '4.26.0', revision: '8ccf0219d7'
System info: os.name: 'Windows 11', os.arch: 'amd64', os.version: '10.0', java.version: '21.0.5'
Driver info: org.openqa.selenium.chrome.ChromeDriver
Command: [1a4fc3e8dc6cd5e7a7de871b800d26e3, sendKeysToElement {value=[Ljava.lang.CharSequence;@179446f0, id=f.E8E81DEA8D68F728B0A3108DFD3E5D25.d.4F3CF17F3275A0DA405A88E8A9E6FC91.e.50}]
Capabilities {acceptInsecureCerts: false, browserName: chrome, browserVersion: 131.0.6778.140, chrome: {chromedriverVersion: 131.0.6778.108 (3b014839fbc..., userDataDir: C:\Users\vamsh\AppData\Loca...}, fedcm:accounts: true, goog:chromeOptions: {debuggerAddress: localhost:57163}, networkConnectionEnabled: false, pageLoadStrategy: normal, platformName: windows, proxy: Proxy(), se:cdp: ws://localhost:57163/devtoo..., se:cdpVersion: 131.0.6778.140, setWindowRect: true, strictFileInteractability: false, timeouts: {implicit: 0, pageLoad: 300000, script: 30000}, unhandledPromptBehavior: dismiss and notify, webauthn:extension:credBlob: true, webauthn:extension:largeBlob: true, webauthn:extension:minPinLength: true, webauthn:extension:prf: true, webauthn:virtualAuthenticators: true}
Element: [[ChromeDriver: chrome on windows (1a4fc3e8dc6cd5e7a7de871b800d26e3)] -> css selector: .CodeMirror textarea]
Session ID: 1a4fc3e8dc6cd5e7a7de871b800d26e3
	at java.base/jdk.internal.reflect.DirectConstructorHandleAccessor.newInstance(DirectConstructorHandleAccessor.java:62)
	at java.base/java.lang.reflect.Constructor.newInstanceWithCaller(Constructor.java:502)
	at java.base/java.lang.reflect.Constructor.newInstance(Constructor.java:486)
	at org.openqa.selenium.remote.ErrorCodec.decode(ErrorCodec.java:167)
	at org.openqa.selenium.remote.codec.w3c.W3CHttpResponseCodec.decode(W3CHttpResponseCodec.java:138)
	at org.openqa.selenium.remote.codec.w3c.W3CHttpResponseCodec.decode(W3CHttpResponseCodec.java:50)
	at org.openqa.selenium.remote.HttpCommandExecutor.execute(HttpCommandExecutor.java:190)
	at org.openqa.selenium.remote.service.DriverCommandExecutor.invokeExecute(DriverCommandExecutor.java:216)
	at org.openqa.selenium.remote.service.DriverCommandExecutor.execute(DriverCommandExecutor.java:174)
	at org.openqa.selenium.remote.RemoteWebDriver.execute(RemoteWebDriver.java:545)
	at org.openqa.selenium.remote.RemoteWebElement.execute(RemoteWebElement.java:223)
	at org.openqa.selenium.remote.RemoteWebElement.sendKeys(RemoteWebElement.java:110)
	at PageObjects.IntroductionPage.enterCodeInEditor(IntroductionPage.java:82)
	at StepDefinitions.DSIntroductionDetails.user_writes_valid_code_and_clicks_run_button(DSIntroductionDetails.java:197)
	at ✽.User writes valid code and clicks run button(file:///C:/Projects/newFolder-3/Repo1/src/test/resources/Features/GraphHomepage.feature:33)
&amp#27;[0m
  &amp#27;[36mThen &amp#27;[0m&amp#27;[36mThe user should able to see output in the console&amp#27;[0m        &amp#27;[90m# StepDefinitions.DSIntroductionDetails.the_user_should_able_to_see_output_in_the_console()&amp#27;[0m
[ERROR] 2024-12-17 11:50:29.917 [TestNG-PoolService-3] Hooks - ======================  TEST CASE FAILED !! ======================

    Embedding screenshot [image/png 7853 bytes]

[INFO ] 2024-12-17 11:50:30.115 [TestNG-PoolService-3] Hooks - ======================  Screenshot is captured  ======================
[INFO ] 2024-12-17 11:50:30.117 [TestNG-PoolService-3] Hooks - ======================  Test Execution is completed!! ======================
  &amp#27;[32mWhen &amp#27;[0m&amp#27;[32mThe user click on graph representations link&amp#27;[0m                &amp#27;[90m# StepDefinitions.GraphStepDefintions.the_user_click_on_graph_representations_link()&amp#27;[0m
  &amp#27;[32mThen &amp#27;[0m&amp#27;[32mthe user is navigated to graph representations page&amp#27;[0m         &amp#27;[90m# StepDefinitions.GraphStepDefintions.the_user_is_navigated_to_graph_representations_page()&amp#27;[0m
[INFO ] 2024-12-17 11:50:30.281 [TestNG-PoolService-2] Hooks - ======================  Test Execution is completed!! ======================
]]></system-out>
    <system-err><![CDATA[Dec 17, 2024 11:50:28 AM org.openqa.selenium.devtools.CdpVersionFinder findNearestMatch
WARNING: Unable to find an exact match for CDP version 131, returning the closest version; found: 130; Please update to a Selenium version that supports CDP version 131
]]></system-err>
  </testcase>
  <testcase name="runScenario[&quot;Valid code on try editor for graphs runs successfully&quot;, &quot;Title of your feature&quot;](52)" classname="TestRunners.TestRunner" time="2.66">
    <system-out><![CDATA[
Scenario: Validate user can click on Try here link from graph representations page &amp#27;[90m# src/test/resources/Features/GraphHomepage.feature:41&amp#27;[0m
  &amp#27;[32mWhen &amp#27;[0m&amp#27;[32mUser writes valid code and clicks run button&amp#27;[0m             &amp#27;[90m# StepDefinitions.DSIntroductionDetails.user_writes_valid_code_and_clicks_run_button()&amp#27;[0m
  &amp#27;[32mThen &amp#27;[0m&amp#27;[32mThe user should able to see output in the console&amp#27;[0m        &amp#27;[90m# StepDefinitions.DSIntroductionDetails.the_user_should_able_to_see_output_in_the_console()&amp#27;[0m
[INFO ] 2024-12-17 12:01:32.345 [TestNG-PoolService-2] Hooks - ======================  Test Execution is completed!! ======================
]]></system-out>
  </testcase>
  <testcase name="runScenario[&quot;Validate user can navigate to Graph Representations page&quot;, &quot;Title of your feature&quot;](53)" classname="TestRunners.TestRunner" time="0.137">
    <system-out><![CDATA[
Scenario: Error message displayed for invalid code on try Editor for graph representations page &amp#27;[90m# src/test/resources/Features/GraphHomepage.feature:46&amp#27;[0m
]]></system-out>
  </testcase>
  <testcase name="runScenario[&quot;Validate user can navigate to Graph Representations page&quot;, &quot;Title of your feature&quot;](53)" classname="TestRunners.TestRunner" time="11.633">
    <system-out><![CDATA[
Scenario: Error message displayed for invalid code on try Editor for graph representations page &amp#27;[90m# src/test/resources/Features/GraphHomepage.feature:46&amp#27;[0m
  &amp#27;[32mGiven &amp#27;[0m&amp#27;[32mThe user is on the DS Introduction page as signedIn&amp#27;[0m                        &amp#27;[90m# StepDefinitions.DSIntroductionDetails.the_user_is_on_the_ds_introduction_page_as_signed_in()&amp#27;[0m
  &amp#27;[32mWhen &amp#27;[0m&amp#27;[32mThe user clicks on Get Started link for graph&amp#27;[0m                               &amp#27;[90m# StepDefinitions.GraphStepDefintions.the_user_clicks_on_get_started_link_for_graph()&amp#27;[0m
  &amp#27;[32mGiven &amp#27;[0m&amp#27;[32mThe user is on the DS Introduction page as signedIn&amp#27;[0m        &amp#27;[90m# StepDefinitions.DSIntroductionDetails.the_user_is_on_the_ds_introduction_page_as_signed_in()&amp#27;[0m
  &amp#27;[32mWhen &amp#27;[0m&amp#27;[32mThe user clicks on Get Started link for graph&amp#27;[0m               &amp#27;[90m# StepDefinitions.GraphStepDefintions.the_user_clicks_on_get_started_link_for_graph()&amp#27;[0m
  &amp#27;[32mGiven &amp#27;[0m&amp#27;[32mThe user is on the graphs representations page&amp#27;[0m                             &amp#27;[90m# StepDefinitions.GraphStepDefintions.the_user_is_on_the_graphs_representations_page()&amp#27;[0m
  &amp#27;[32mGiven &amp#27;[0m&amp#27;[32mThe user is on the graph details page&amp#27;[0m                      &amp#27;[90m# StepDefinitions.GraphStepDefintions.the_user_is_on_the_graph_details_page()&amp#27;[0m
  &amp#27;[32mWhen &amp#27;[0m&amp#27;[32mThe user click on graph representations link&amp#27;[0m                &amp#27;[90m# StepDefinitions.GraphStepDefintions.the_user_click_on_graph_representations_link()&amp#27;[0m
  &amp#27;[32mThen &amp#27;[0m&amp#27;[32mthe user is navigated to graph representations page&amp#27;[0m         &amp#27;[90m# StepDefinitions.GraphStepDefintions.the_user_is_navigated_to_graph_representations_page()&amp#27;[0m
[INFO ] 2024-12-17 12:01:43.740 [TestNG-PoolService-1] Hooks - ======================  Test Execution is completed!! ======================
  &amp#27;[32mWhen &amp#27;[0m&amp#27;[32mUser clicks Try here link&amp#27;[0m                                                   &amp#27;[90m# StepDefinitions.DSIntroductionDetails.user_clicks_try_here_link()&amp#27;[0m
  &amp#27;[32mThen &amp#27;[0m&amp#27;[32mUser should navigate to tryEditor page&amp#27;[0m                                      &amp#27;[90m# StepDefinitions.DSIntroductionDetails.user_should_navigate_to_try_editor_page()&amp#27;[0m
[INFO ] 2024-12-17 12:01:44.514 [TestNG-PoolService-3] Hooks - ======================  Test Execution is completed!! ======================
]]></system-out>
  </testcase>
  <testcase name="runScenario[&quot;Validate user can click on Try here link from graph representations page&quot;, &quot;Title of your feature&quot;](54)" classname="TestRunners.TestRunner" time="3.007">
    <system-out><![CDATA[
Scenario: No error message displayed for empty code on try editor for graph representations page &amp#27;[90m# src/test/resources/Features/GraphHomepage.feature:51&amp#27;[0m
  &amp#27;[32mGiven &amp#27;[0m&amp#27;[32mThe user is on the DS Introduction page as signedIn&amp#27;[0m                        &amp#27;[90m# StepDefinitions.DSIntroductionDetails.the_user_is_on_the_ds_introduction_page_as_signed_in()&amp#27;[0m
  &amp#27;[32mWhen &amp#27;[0m&amp#27;[32mThe user clicks on Get Started link for graph&amp#27;[0m                               &amp#27;[90m# StepDefinitions.GraphStepDefintions.the_user_clicks_on_get_started_link_for_graph()&amp#27;[0m
  &amp#27;[32mGiven &amp#27;[0m&amp#27;[32mThe user is on the graphs representations page&amp#27;[0m                             &amp#27;[90m# StepDefinitions.GraphStepDefintions.the_user_is_on_the_graphs_representations_page()&amp#27;[0m
  &amp#27;[32mWhen &amp#27;[0m&amp#27;[32mUser clicks Try here link&amp#27;[0m                                                   &amp#27;[90m# StepDefinitions.DSIntroductionDetails.user_clicks_try_here_link()&amp#27;[0m
  &amp#27;[32mThen &amp#27;[0m&amp#27;[32mUser should navigate to tryEditor page&amp#27;[0m                                      &amp#27;[90m# StepDefinitions.DSIntroductionDetails.user_should_navigate_to_try_editor_page()&amp#27;[0m
[INFO ] 2024-12-17 11:50:33.046 [TestNG-PoolService-1] Hooks - ======================  Test Execution is completed!! ======================
]]></system-out>
    <system-err><![CDATA[Dec 17, 2024 11:50:31 AM org.openqa.selenium.devtools.CdpVersionFinder findNearestMatch
WARNING: Unable to find an exact match for CDP version 131, returning the closest version; found: 130; Please update to a Selenium version that supports CDP version 131
Dec 17, 2024 11:50:32 AM org.openqa.selenium.devtools.CdpVersionFinder findNearestMatch
WARNING: Unable to find an exact match for CDP version 131, returning the closest version; found: 130; Please update to a Selenium version that supports CDP version 131
]]></system-err>
  </testcase>
  <testcase name="runScenario[&quot;Validate user can click on Try here link from graph representations page&quot;, &quot;Title of your feature&quot;](54)" classname="TestRunners.TestRunner" time="0.354">
    <system-out><![CDATA[
Scenario: No error message displayed for empty code on try editor for graph representations page &amp#27;[90m# src/test/resources/Features/GraphHomepage.feature:51&amp#27;[0m
]]></system-out>
  </testcase>
  <testcase name="runScenario[&quot;Validate user can click on Try here link from graph representations page&quot;, &quot;Title of your feature&quot;](54)" classname="TestRunners.TestRunner" time="7.563">
    <system-out><![CDATA[
Scenario: No error message displayed for empty code on try editor for graph representations page &amp#27;[90m# src/test/resources/Features/GraphHomepage.feature:51&amp#27;[0m
  &amp#27;[32mGiven &amp#27;[0m&amp#27;[32mThe user is on the DS Introduction page as signedIn&amp#27;[0m                        &amp#27;[90m# StepDefinitions.DSIntroductionDetails.the_user_is_on_the_ds_introduction_page_as_signed_in()&amp#27;[0m
  &amp#27;[32mWhen &amp#27;[0m&amp#27;[32mThe user clicks on Get Started link for graph&amp#27;[0m                               &amp#27;[90m# StepDefinitions.GraphStepDefintions.the_user_clicks_on_get_started_link_for_graph()&amp#27;[0m
  &amp#27;[32mGiven &amp#27;[0m&amp#27;[32mThe user is on the graphs representations page&amp#27;[0m                             &amp#27;[90m# StepDefinitions.GraphStepDefintions.the_user_is_on_the_graphs_representations_page()&amp#27;[0m
  &amp#27;[32mGiven &amp#27;[0m&amp#27;[32mThe user is on the DS Introduction page as signedIn&amp#27;[0m                                     &amp#27;[90m# StepDefinitions.DSIntroductionDetails.the_user_is_on_the_ds_introduction_page_as_signed_in()&amp#27;[0m
  &amp#27;[32mWhen &amp#27;[0m&amp#27;[32mThe user clicks on Get Started link for graph&amp#27;[0m                                            &amp#27;[90m# StepDefinitions.GraphStepDefintions.the_user_clicks_on_get_started_link_for_graph()&amp#27;[0m
  &amp#27;[32mWhen &amp#27;[0m&amp#27;[32mUser clicks Try here link&amp#27;[0m                                                   &amp#27;[90m# StepDefinitions.DSIntroductionDetails.user_clicks_try_here_link()&amp#27;[0m
  &amp#27;[32mGiven &amp#27;[0m&amp#27;[32mThe user is on the DS Introduction page as signedIn&amp#27;[0m                                      &amp#27;[90m# StepDefinitions.DSIntroductionDetails.the_user_is_on_the_ds_introduction_page_as_signed_in()&amp#27;[0m
  &amp#27;[32mThen &amp#27;[0m&amp#27;[32mUser should navigate to tryEditor page&amp#27;[0m                                      &amp#27;[90m# StepDefinitions.DSIntroductionDetails.user_should_navigate_to_try_editor_page()&amp#27;[0m
[INFO ] 2024-12-17 12:18:23.594 [TestNG-PoolService-1] Hooks - ======================  Test Execution is completed!! ======================
  &amp#27;[32mGiven &amp#27;[0m&amp#27;[32mThe user is on the graphs representations page&amp#27;[0m                                          &amp#27;[90m# StepDefinitions.GraphStepDefintions.the_user_is_on_the_graphs_representations_page()&amp#27;[0m
  &amp#27;[32mWhen &amp#27;[0m&amp#27;[32mThe user clicks on Get Started link for graph&amp#27;[0m                                             &amp#27;[90m# StepDefinitions.GraphStepDefintions.the_user_clicks_on_get_started_link_for_graph()&amp#27;[0m
  &amp#27;[32mGiven &amp#27;[0m&amp#27;[32mThe user is on the graphs representations page&amp#27;[0m                                           &amp#27;[90m# StepDefinitions.GraphStepDefintions.the_user_is_on_the_graphs_representations_page()&amp#27;[0m
  &amp#27;[31mWhen &amp#27;[0m&amp#27;[31mUser writes invalid code and clicks run button&amp#27;[0m                                           &amp#27;[90m# StepDefinitions.DSIntroductionDetails.user_writes_invalid_code_and_clicks_run_button()&amp#27;[0m
      &amp#27;[31morg.openqa.selenium.ElementNotInteractableException: element not interactable
  (Session info: MicrosoftEdge=131.0.2903.99)
Build info: version: '4.26.0', revision: '8ccf0219d7'
System info: os.name: 'Windows 11', os.arch: 'amd64', os.version: '10.0', java.version: '21.0.5'
Driver info: org.openqa.selenium.edge.EdgeDriver
Command: [debeea8ed15579bbb79f7e95727543a4, sendKeysToElement {value=[Ljava.lang.CharSequence;@43e36030, id=f.EDE2579C4AADF7B3DA8B6EA900D5EB49.d.634FE4F523400EAC6BFC2896324F5313.e.37}]
Capabilities {acceptInsecureCerts: false, browserName: MicrosoftEdge, browserVersion: 131.0.2903.99, fedcm:accounts: true, ms:edgeOptions: {debuggerAddress: localhost:51449}, msedge: {msedgedriverVersion: 131.0.2903.99 (f96a870b1316..., userDataDir: C:\Users\vamsh\AppData\Loca...}, networkConnectionEnabled: false, pageLoadStrategy: normal, platformName: windows, proxy: Proxy(), se:cdp: ws://localhost:51449/devtoo..., se:cdpVersion: 131.0.2903.99, setWindowRect: true, strictFileInteractability: false, timeouts: {implicit: 0, pageLoad: 300000, script: 30000}, unhandledPromptBehavior: dismiss and notify, webauthn:extension:credBlob: true, webauthn:extension:largeBlob: true, webauthn:extension:minPinLength: true, webauthn:extension:prf: true, webauthn:virtualAuthenticators: true}
Element: [[EdgeDriver: MicrosoftEdge on windows (debeea8ed15579bbb79f7e95727543a4)] -> css selector: .CodeMirror textarea]
Session ID: debeea8ed15579bbb79f7e95727543a4
	at java.base/jdk.internal.reflect.DirectConstructorHandleAccessor.newInstance(DirectConstructorHandleAccessor.java:62)
	at java.base/java.lang.reflect.Constructor.newInstanceWithCaller(Constructor.java:502)
	at java.base/java.lang.reflect.Constructor.newInstance(Constructor.java:486)
	at org.openqa.selenium.remote.ErrorCodec.decode(ErrorCodec.java:167)
	at org.openqa.selenium.remote.codec.w3c.W3CHttpResponseCodec.decode(W3CHttpResponseCodec.java:138)
	at org.openqa.selenium.remote.codec.w3c.W3CHttpResponseCodec.decode(W3CHttpResponseCodec.java:50)
	at org.openqa.selenium.remote.HttpCommandExecutor.execute(HttpCommandExecutor.java:190)
	at org.openqa.selenium.remote.service.DriverCommandExecutor.invokeExecute(DriverCommandExecutor.java:216)
	at org.openqa.selenium.remote.service.DriverCommandExecutor.execute(DriverCommandExecutor.java:174)
	at org.openqa.selenium.remote.RemoteWebDriver.execute(RemoteWebDriver.java:545)
	at org.openqa.selenium.remote.RemoteWebElement.execute(RemoteWebElement.java:223)
	at org.openqa.selenium.remote.RemoteWebElement.sendKeys(RemoteWebElement.java:110)
	at PageObjects.IntroductionPage.enterCodeInEditor(IntroductionPage.java:82)
	at StepDefinitions.DSIntroductionDetails.user_writes_invalid_code_and_clicks_run_button(DSIntroductionDetails.java:184)
	at ✽.User writes invalid code and clicks run button(file:///C:/Projects/newFolder-3/Repo1/src/test/resources/Features/GraphHomepage.feature:48)
&amp#27;[0m
  &amp#27;[36mThen &amp#27;[0m&amp#27;[36mThe user should able to see an error message in alert window&amp#27;[0m                             &amp#27;[90m# StepDefinitions.DSIntroductionDetails.the_user_should_able_to_see_an_error_message_in_alert_window()&amp#27;[0m
[ERROR] 2024-12-17 12:18:24.499 [TestNG-PoolService-2] Hooks - ======================  TEST CASE FAILED !! ======================

    Embedding screenshot [image/png 7890 bytes]

[INFO ] 2024-12-17 12:18:24.637 [TestNG-PoolService-2] Hooks - ======================  Screenshot is captured  ======================
[INFO ] 2024-12-17 12:18:24.639 [TestNG-PoolService-2] Hooks - ======================  Test Execution is completed!! ======================
]]></system-out>
    <system-err><![CDATA[Dec 17, 2024 12:18:18 PM org.openqa.selenium.devtools.CdpVersionFinder findNearestMatch
WARNING: Unable to find an exact match for CDP version 131, returning the closest version; found: 130; Please update to a Selenium version that supports CDP version 131
Dec 17, 2024 12:18:19 PM org.openqa.selenium.devtools.CdpVersionFinder findNearestMatch
WARNING: Unable to find an exact match for CDP version 131, returning the closest version; found: 130; Please update to a Selenium version that supports CDP version 131
Dec 17, 2024 12:18:20 PM org.openqa.selenium.devtools.CdpVersionFinder findNearestMatch
WARNING: Unable to find an exact match for CDP version 131, returning the closest version; found: 130; Please update to a Selenium version that supports CDP version 131
]]></system-err>
  </testcase>
  <testcase name="runScenario[&quot;No error message displayed for empty code on try editor for graph representations page&quot;, &quot;Title of your feature&quot;](55)" classname="TestRunners.TestRunner" time="4.19">
    <system-out><![CDATA[
Scenario: Valid code on try editor for graph representations runs successfully &amp#27;[90m# src/test/resources/Features/GraphHomepage.feature:56&amp#27;[0m
  &amp#27;[32mGiven &amp#27;[0m&amp#27;[32mThe user is on the DS Introduction page as signedIn&amp#27;[0m                                     &amp#27;[90m# StepDefinitions.DSIntroductionDetails.the_user_is_on_the_ds_introduction_page_as_signed_in()&amp#27;[0m
  &amp#27;[32mGiven &amp#27;[0m&amp#27;[32mThe user is on the DS Introduction page as signedIn&amp#27;[0m                                      &amp#27;[90m# StepDefinitions.DSIntroductionDetails.the_user_is_on_the_ds_introduction_page_as_signed_in()&amp#27;[0m
  &amp#27;[32mWhen &amp#27;[0m&amp#27;[32mThe user clicks on Get Started link for graph&amp#27;[0m                                            &amp#27;[90m# StepDefinitions.GraphStepDefintions.the_user_clicks_on_get_started_link_for_graph()&amp#27;[0m
  &amp#27;[32mWhen &amp#27;[0m&amp#27;[32mThe user clicks on Get Started link for graph&amp#27;[0m                                             &amp#27;[90m# StepDefinitions.GraphStepDefintions.the_user_clicks_on_get_started_link_for_graph()&amp#27;[0m
  &amp#27;[32mGiven &amp#27;[0m&amp#27;[32mThe user is on the graphs representations page&amp#27;[0m                                          &amp#27;[90m# StepDefinitions.GraphStepDefintions.the_user_is_on_the_graphs_representations_page()&amp#27;[0m
  &amp#27;[32mGiven &amp#27;[0m&amp#27;[32mThe user is on the graphs representations page&amp#27;[0m                                           &amp#27;[90m# StepDefinitions.GraphStepDefintions.the_user_is_on_the_graphs_representations_page()&amp#27;[0m
  &amp#27;[32mWhen &amp#27;[0m&amp#27;[32mUser clicks on run button with empty code&amp#27;[0m                                                 &amp#27;[90m# StepDefinitions.DSIntroductionDetails.user_clicks_on_run_button_with_empty_code()&amp#27;[0m
  &amp#27;[32mThen &amp#27;[0m&amp#27;[32mThe user should not see any error message or alert&amp#27;[0m                                        &amp#27;[90m# StepDefinitions.DSIntroductionDetails.the_user_should_not_see_any_error_message_or_alert()&amp#27;[0m
[INFO ] 2024-12-17 11:50:37.317 [TestNG-PoolService-2] Hooks - ======================  Test Execution is completed!! ======================
  &amp#27;[32mWhen &amp#27;[0m&amp#27;[32mUser writes invalid code and clicks run button&amp#27;[0m                                           &amp#27;[90m# StepDefinitions.DSIntroductionDetails.user_writes_invalid_code_and_clicks_run_button()&amp#27;[0m
  &amp#27;[32mThen &amp#27;[0m&amp#27;[32mThe user should able to see an error message in alert window&amp#27;[0m                             &amp#27;[90m# StepDefinitions.DSIntroductionDetails.the_user_should_able_to_see_an_error_message_in_alert_window()&amp#27;[0m
[INFO ] 2024-12-17 11:50:37.390 [TestNG-PoolService-3] Hooks - ======================  Test Execution is completed!! ======================
]]></system-out>
    <system-err><![CDATA[Dec 17, 2024 11:50:35 AM org.openqa.selenium.devtools.CdpVersionFinder findNearestMatch
WARNING: Unable to find an exact match for CDP version 131, returning the closest version; found: 130; Please update to a Selenium version that supports CDP version 131
]]></system-err>
  </testcase>
  <testcase name="runScenario[&quot;Error message displayed for invalid code on try Editor for graph representations page&quot;, &quot;Title of your feature&quot;](56)" classname="TestRunners.TestRunner" time="0.06">
    <system-out><![CDATA[
Scenario: Validate user lands on default home page                                                    &amp#27;[90m# src/test/resources/Features/HomePage.feature:3&amp#27;[0m
]]></system-out>
  </testcase>
  <testcase name="runScenario[&quot;Validate user lands on default home page&quot;, &quot;DS Homepage&quot;](57)" classname="TestRunners.TestRunner" time="2.46">
    <system-out><![CDATA[
Scenario: Validate user navigate to DS Intro Page                                               &amp#27;[90m# src/test/resources/Features/HomePage.feature:7&amp#27;[0m
  &amp#27;[32mGiven &amp#27;[0m&amp#27;[32mThe user is on the DS Introduction page as signedIn&amp#27;[0m                    &amp#27;[90m# StepDefinitions.DSIntroductionDetails.the_user_is_on_the_ds_introduction_page_as_signed_in()&amp#27;[0m
  &amp#27;[32mWhen &amp#27;[0m&amp#27;[32mThe user clicks on Get Started link for graph&amp#27;[0m                           &amp#27;[90m# StepDefinitions.GraphStepDefintions.the_user_clicks_on_get_started_link_for_graph()&amp#27;[0m
  &amp#27;[32mGiven &amp#27;[0m&amp#27;[32mThe user should open the DS Algo Portal URL in any supported browser&amp#27;[0m                    &amp#27;[90m# StepDefinitions.DSIntroductionDetails.the_user_should_open_the_ds_algo_portal_url_in_any_supported_browser()&amp#27;[0m
  &amp#27;[32mWhen &amp#27;[0m&amp#27;[32mThe user enter the DS_Algo Portal <URL>&amp#27;[0m                                                        &amp#27;[90m# StepDefinitions.HomeStepDefinitions.the_user_enter_the_ds_algo_portal_url()&amp#27;[0m
  &amp#27;[32mGiven &amp#27;[0m&amp#27;[32mThe user is on the graphs representations page&amp#27;[0m                         &amp#27;[90m# StepDefinitions.GraphStepDefintions.the_user_is_on_the_graphs_representations_page()&amp#27;[0m
  &amp#27;[32mThen &amp#27;[0m&amp#27;[32mThe user should landed on the DS_Algo Get Started page with message You are at the right place&amp#27;[0m &amp#27;[90m# StepDefinitions.HomeStepDefinitions.the_user_should_landed_on_the_ds_algo_get_started_page_with_message_you_are_at_the_right_place()&amp#27;[0m
[INFO ] 2024-12-17 11:50:40.038 [TestNG-PoolService-2] Hooks - ======================  Test Execution is completed!! ======================
]]></system-out>
    <system-err><![CDATA[Dec 17, 2024 11:50:39 AM org.openqa.selenium.devtools.CdpVersionFinder findNearestMatch
WARNING: Unable to find an exact match for CDP version 131, returning the closest version; found: 130; Please update to a Selenium version that supports CDP version 131
Dec 17, 2024 11:50:39 AM org.openqa.selenium.devtools.CdpVersionFinder findNearestMatch
WARNING: Unable to find an exact match for CDP version 131, returning the closest version; found: 130; Please update to a Selenium version that supports CDP version 131
]]></system-err>
  </testcase>
  <testcase name="runScenario[&quot;Validate user lands on default home page&quot;, &quot;DS Homepage&quot;](57)" classname="TestRunners.TestRunner" time="0.394">
    <failure message="expected [rgba(0, 0, 255, 1)] but found [rgb(0, 0, 255)]" type="java.lang.AssertionError"><![CDATA[java.lang.AssertionError: expected [rgba(0, 0, 255, 1)] but found [rgb(0, 0, 255)]
]]></failure>
    <system-out><![CDATA[
Scenario: Validate user navigate to DS Intro Page                                               &amp#27;[90m# src/test/resources/Features/HomePage.feature:7&amp#27;[0m
]]></system-out>
  </testcase>
  <testcase name="runScenario[&quot;Validate user lands on default home page&quot;, &quot;DS Homepage&quot;](57)" classname="TestRunners.TestRunner" time="4.634">
    <system-out><![CDATA[
Scenario: Validate user navigate to DS Intro Page                                               &amp#27;[90m# src/test/resources/Features/HomePage.feature:7&amp#27;[0m
  &amp#27;[32mWhen &amp#27;[0m&amp#27;[32mThe user enter the DS_Algo Portal <URL>&amp#27;[0m                                                        &amp#27;[90m# StepDefinitions.HomeStepDefinitions.the_user_enter_the_ds_algo_portal_url()&amp#27;[0m
  &amp#27;[32mThen &amp#27;[0m&amp#27;[32mThe user should landed on the DS_Algo Get Started page with message You are at the right place&amp#27;[0m &amp#27;[90m# StepDefinitions.HomeStepDefinitions.the_user_should_landed_on_the_ds_algo_get_started_page_with_message_you_are_at_the_right_place()&amp#27;[0m
[INFO ] 2024-12-17 12:18:30.411 [TestNG-PoolService-2] Hooks - ======================  Test Execution is completed!! ======================
  &amp#27;[32mGiven &amp#27;[0m&amp#27;[32mThe user should open the DS Algo Portal URL in any supported browser&amp#27;[0m                    &amp#27;[90m# StepDefinitions.DSIntroductionDetails.the_user_should_open_the_ds_algo_portal_url_in_any_supported_browser()&amp#27;[0m
  &amp#27;[32mGiven &amp#27;[0m&amp#27;[32mThe user is on the DS Introduction page as signedIn&amp#27;[0m                    &amp#27;[90m# StepDefinitions.DSIntroductionDetails.the_user_is_on_the_ds_introduction_page_as_signed_in()&amp#27;[0m
]]></system-out>
    <system-err><![CDATA[Dec 17, 2024 12:18:27 PM org.openqa.selenium.devtools.CdpVersionFinder findNearestMatch
WARNING: Unable to find an exact match for CDP version 131, returning the closest version; found: 130; Please update to a Selenium version that supports CDP version 131
Dec 17, 2024 12:18:29 PM org.openqa.selenium.devtools.CdpVersionFinder findNearestMatch
WARNING: Unable to find an exact match for CDP version 131, returning the closest version; found: 130; Please update to a Selenium version that supports CDP version 131
Dec 17, 2024 12:18:30 PM org.openqa.selenium.devtools.CdpVersionFinder findNearestMatch
WARNING: Unable to find an exact match for CDP version 131, returning the closest version; found: 130; Please update to a Selenium version that supports CDP version 131
]]></system-err>
  </testcase>
  <testcase name="runScenario[&quot;Validate user navigate to DS Intro Page&quot;, &quot;DS Homepage&quot;](58)" classname="TestRunners.TestRunner" time="0.668">
    <system-out><![CDATA[
Scenario: DS_algo Home page                                    &amp#27;[90m# src/test/resources/Features/LinkedList.feature:7&amp#27;[0m
  &amp#27;[32mWhen &amp#27;[0m&amp#27;[32mThe user clicks the Get Started button&amp#27;[0m                                                   &amp#27;[90m# StepDefinitions.DSIntroductionDetails.the_user_clicks_the_get_started_button()&amp#27;[0m
  &amp#27;[31mWhen &amp#27;[0m&amp#27;[31mUser writes valid code and clicks run button&amp#27;[0m                            &amp#27;[90m# StepDefinitions.DSIntroductionDetails.user_writes_valid_code_and_clicks_run_button()&amp#27;[0m
      &amp#27;[31morg.openqa.selenium.ElementNotInteractableException: element not interactable
  (Session info: chrome=131.0.6778.140)
Build info: version: '4.26.0', revision: '8ccf0219d7'
System info: os.name: 'Windows 11', os.arch: 'amd64', os.version: '10.0', java.version: '21.0.5'
Driver info: org.openqa.selenium.chrome.ChromeDriver
Command: [09874d69b1228f13175493ac6fdb0442, sendKeysToElement {value=[Ljava.lang.CharSequence;@5d3477a, id=f.502A3684EA4CD27B0DA66F62A91E6E46.d.F1809F375CDC3A31985DC755A6158770.e.48}]
Capabilities {acceptInsecureCerts: false, browserName: chrome, browserVersion: 131.0.6778.140, chrome: {chromedriverVersion: 131.0.6778.108 (3b014839fbc..., userDataDir: C:\Users\vamsh\AppData\Loca...}, fedcm:accounts: true, goog:chromeOptions: {debuggerAddress: localhost:57408}, networkConnectionEnabled: false, pageLoadStrategy: normal, platformName: windows, proxy: Proxy(), se:cdp: ws://localhost:57408/devtoo..., se:cdpVersion: 131.0.6778.140, setWindowRect: true, strictFileInteractability: false, timeouts: {implicit: 0, pageLoad: 300000, script: 30000}, unhandledPromptBehavior: dismiss and notify, webauthn:extension:credBlob: true, webauthn:extension:largeBlob: true, webauthn:extension:minPinLength: true, webauthn:extension:prf: true, webauthn:virtualAuthenticators: true}
Element: [[ChromeDriver: chrome on windows (09874d69b1228f13175493ac6fdb0442)] -> css selector: .CodeMirror textarea]
Session ID: 09874d69b1228f13175493ac6fdb0442
	at java.base/jdk.internal.reflect.DirectConstructorHandleAccessor.newInstance(DirectConstructorHandleAccessor.java:62)
	at java.base/java.lang.reflect.Constructor.newInstanceWithCaller(Constructor.java:502)
	at java.base/java.lang.reflect.Constructor.newInstance(Constructor.java:486)
	at org.openqa.selenium.remote.ErrorCodec.decode(ErrorCodec.java:167)
	at org.openqa.selenium.remote.codec.w3c.W3CHttpResponseCodec.decode(W3CHttpResponseCodec.java:138)
	at org.openqa.selenium.remote.codec.w3c.W3CHttpResponseCodec.decode(W3CHttpResponseCodec.java:50)
	at org.openqa.selenium.remote.HttpCommandExecutor.execute(HttpCommandExecutor.java:190)
	at org.openqa.selenium.remote.service.DriverCommandExecutor.invokeExecute(DriverCommandExecutor.java:216)
	at org.openqa.selenium.remote.service.DriverCommandExecutor.execute(DriverCommandExecutor.java:174)
	at org.openqa.selenium.remote.RemoteWebDriver.execute(RemoteWebDriver.java:545)
	at org.openqa.selenium.remote.RemoteWebElement.execute(RemoteWebElement.java:223)
	at org.openqa.selenium.remote.RemoteWebElement.sendKeys(RemoteWebElement.java:110)
	at PageObjects.IntroductionPage.enterCodeInEditor(IntroductionPage.java:82)
	at StepDefinitions.DSIntroductionDetails.user_writes_valid_code_and_clicks_run_button(DSIntroductionDetails.java:197)
	at ✽.User writes valid code and clicks run button(file:///C:/Projects/newFolder-3/Repo1/src/test/resources/Features/GraphHomepage.feature:58)
&amp#27;[0m
  &amp#27;[36mThen &amp#27;[0m&amp#27;[36mThe user should able to see output in the console&amp#27;[0m                       &amp#27;[90m# StepDefinitions.DSIntroductionDetails.the_user_should_able_to_see_output_in_the_console()&amp#27;[0m
[ERROR] 2024-12-17 11:50:40.604 [TestNG-PoolService-1] Hooks - ======================  TEST CASE FAILED !! ======================
  &amp#27;[32mThen &amp#27;[0m&amp#27;[32mThe user should land in Data Structure Introduction Page with register and Sign in links&amp#27;[0m &amp#27;[90m# StepDefinitions.DSIntroductionDetails.the_user_should_land_in_data_structure_introduction_page_with_register_and_sign_in_links()&amp#27;[0m
[INFO ] 2024-12-17 11:50:40.659 [TestNG-PoolService-3] Hooks - ======================  Test Execution is completed!! ======================

    Embedding screenshot [image/png 7853 bytes]

[INFO ] 2024-12-17 11:50:40.819 [TestNG-PoolService-1] Hooks - ======================  Screenshot is captured  ======================
[INFO ] 2024-12-17 11:50:40.820 [TestNG-PoolService-1] Hooks - ======================  Test Execution is completed!! ======================
]]></system-out>
  </testcase>
  <testcase name="runScenario[&quot;Validate user navigate to DS Intro Page&quot;, &quot;DS Homepage&quot;](58)" classname="TestRunners.TestRunner" time="1.813">
    <system-out><![CDATA[
Scenario: DS_algo Home page                                    &amp#27;[90m# src/test/resources/Features/LinkedList.feature:7&amp#27;[0m
  &amp#27;[32mWhen &amp#27;[0m&amp#27;[32mThe user clicks on Get Started link for graph&amp#27;[0m                           &amp#27;[90m# StepDefinitions.GraphStepDefintions.the_user_clicks_on_get_started_link_for_graph()&amp#27;[0m
  &amp#27;[32mWhen &amp#27;[0m&amp#27;[32mThe user clicks the Get Started button&amp#27;[0m                                                   &amp#27;[90m# StepDefinitions.DSIntroductionDetails.the_user_clicks_the_get_started_button()&amp#27;[0m
  &amp#27;[32mThen &amp#27;[0m&amp#27;[32mThe user should land in Data Structure Introduction Page with register and Sign in links&amp#27;[0m &amp#27;[90m# StepDefinitions.DSIntroductionDetails.the_user_should_land_in_data_structure_introduction_page_with_register_and_sign_in_links()&amp#27;[0m
[INFO ] 2024-12-17 12:18:31.507 [TestNG-PoolService-3] Hooks - ======================  Test Execution is completed!! ======================
  &amp#27;[32mGiven &amp#27;[0m&amp#27;[32mThe user is on the graphs representations page&amp#27;[0m                         &amp#27;[90m# StepDefinitions.GraphStepDefintions.the_user_is_on_the_graphs_representations_page()&amp#27;[0m
  &amp#27;[32mWhen &amp#27;[0m&amp#27;[32mUser writes valid code and clicks run button&amp#27;[0m                            &amp#27;[90m# StepDefinitions.DSIntroductionDetails.user_writes_valid_code_and_clicks_run_button()&amp#27;[0m
  &amp#27;[32mThen &amp#27;[0m&amp#27;[32mThe user should able to see output in the console&amp#27;[0m                       &amp#27;[90m# StepDefinitions.DSIntroductionDetails.the_user_should_able_to_see_output_in_the_console()&amp#27;[0m
[INFO ] 2024-12-17 12:18:32.827 [TestNG-PoolService-1] Hooks - ======================  Test Execution is completed!! ======================
]]></system-out>
  </testcase>
  <testcase name="runScenario[&quot;Valid code on try editor for graph representations runs successfully&quot;, &quot;Title of your feature&quot;](59)" classname="TestRunners.TestRunner" time="0.223">
    <failure message="element not interactable&#10;  (Session info: chrome=131.0.6778.140)&#10;Build info: version: &apos;4.26.0&apos;, revision: &apos;8ccf0219d7&apos;&#10;System info: os.name: &apos;Windows 11&apos;, os.arch: &apos;amd64&apos;, os.version: &apos;10.0&apos;, java.version: &apos;21.0.5&apos;&#10;Driver info: org.openqa.selenium.chrome.ChromeDriver&#10;Command: [09874d69b1228f13175493ac6fdb0442, sendKeysToElement {value=[Ljava.lang.CharSequence;@5d3477a, id=f.502A3684EA4CD27B0DA66F62A91E6E46.d.F1809F375CDC3A31985DC755A6158770.e.48}]&#10;Capabilities {acceptInsecureCerts: false, browserName: chrome, browserVersion: 131.0.6778.140, chrome: {chromedriverVersion: 131.0.6778.108 (3b014839fbc..., userDataDir: C:\Users\vamsh\AppData\Loca...}, fedcm:accounts: true, goog:chromeOptions: {debuggerAddress: localhost:57408}, networkConnectionEnabled: false, pageLoadStrategy: normal, platformName: windows, proxy: Proxy(), se:cdp: ws://localhost:57408/devtoo..., se:cdpVersion: 131.0.6778.140, setWindowRect: true, strictFileInteractability: false, timeouts: {implicit: 0, pageLoad: 300000, script: 30000}, unhandledPromptBehavior: dismiss and notify, webauthn:extension:credBlob: true, webauthn:extension:largeBlob: true, webauthn:extension:minPinLength: true, webauthn:extension:prf: true, webauthn:virtualAuthenticators: true}&#10;Element: [[ChromeDriver: chrome on windows (09874d69b1228f13175493ac6fdb0442)] -&gt; css selector: .CodeMirror textarea]&#10;Session ID: 09874d69b1228f13175493ac6fdb0442" type="org.openqa.selenium.ElementNotInteractableException"><![CDATA[org.openqa.selenium.ElementNotInteractableException: 
element not interactable
  (Session info: chrome=131.0.6778.140)
Build info: version: '4.26.0', revision: '8ccf0219d7'
System info: os.name: 'Windows 11', os.arch: 'amd64', os.version: '10.0', java.version: '21.0.5'
Driver info: org.openqa.selenium.chrome.ChromeDriver
Command: [09874d69b1228f13175493ac6fdb0442, sendKeysToElement {value=[Ljava.lang.CharSequence;@5d3477a, id=f.502A3684EA4CD27B0DA66F62A91E6E46.d.F1809F375CDC3A31985DC755A6158770.e.48}]
Capabilities {acceptInsecureCerts: false, browserName: chrome, browserVersion: 131.0.6778.140, chrome: {chromedriverVersion: 131.0.6778.108 (3b014839fbc..., userDataDir: C:\Users\vamsh\AppData\Loca...}, fedcm:accounts: true, goog:chromeOptions: {debuggerAddress: localhost:57408}, networkConnectionEnabled: false, pageLoadStrategy: normal, platformName: windows, proxy: Proxy(), se:cdp: ws://localhost:57408/devtoo..., se:cdpVersion: 131.0.6778.140, setWindowRect: true, strictFileInteractability: false, timeouts: {implicit: 0, pageLoad: 300000, script: 30000}, unhandledPromptBehavior: dismiss and notify, webauthn:extension:credBlob: true, webauthn:extension:largeBlob: true, webauthn:extension:minPinLength: true, webauthn:extension:prf: true, webauthn:virtualAuthenticators: true}
Element: [[ChromeDriver: chrome on windows (09874d69b1228f13175493ac6fdb0442)] -> css selector: .CodeMirror textarea]
Session ID: 09874d69b1228f13175493ac6fdb0442
]]></failure>
    <system-out><![CDATA[
Scenario: Linked List home page                                              &amp#27;[90m# src/test/resources/Features/LinkedList.feature:10&amp#27;[0m
]]></system-out>
  </testcase>
  <testcase name="runScenario[&quot;Valid code on try editor for graph representations runs successfully&quot;, &quot;Title of your feature&quot;](59)" classname="TestRunners.TestRunner" time="1.256">
    <system-out><![CDATA[
Scenario: Linked List home page                                              &amp#27;[90m# src/test/resources/Features/LinkedList.feature:10&amp#27;[0m
]]></system-out>
    <system-err><![CDATA[Dec 17, 2024 12:18:34 PM org.openqa.selenium.devtools.CdpVersionFinder findNearestMatch
WARNING: Unable to find an exact match for CDP version 131, returning the closest version; found: 130; Please update to a Selenium version that supports CDP version 131
]]></system-err>
  </testcase>
  <testcase name="runScenario[&quot;DS_algo Home page&quot;, &quot;Linked List&quot;](60)" classname="TestRunners.TestRunner" time="4.213">
    <system-out><![CDATA[
Scenario: Linked List home page                                &amp#27;[90m# src/test/resources/Features/LinkedList.feature:14&amp#27;[0m
  &amp#27;[32mGiven &amp#27;[0m&amp#27;[32mThe user is on the DS Introduction page as signedIn&amp#27;[0m    &amp#27;[90m# StepDefinitions.DSIntroductionDetails.the_user_is_on_the_ds_introduction_page_as_signed_in()&amp#27;[0m
  &amp#27;[32mAnd &amp#27;[0m&amp#27;[32mUser clicks on Get Started button from Linked List panel&amp#27;[0m &amp#27;[90m# StepDefinitions.LinkedList.user_clicks_on_get_started_button_from_linked_list_panel()&amp#27;[0m
  &amp#27;[32mThen &amp#27;[0m&amp#27;[32mThe user is redirected to Linked List page.&amp#27;[0m             &amp#27;[90m# StepDefinitions.LinkedList.the_user_is_redirected_to_linked_list_page()&amp#27;[0m
[INFO ] 2024-12-17 11:50:45.141 [TestNG-PoolService-2] Hooks - ======================  Test Execution is completed!! ======================
]]></system-out>
    <system-err><![CDATA[Dec 17, 2024 11:50:41 AM org.openqa.selenium.devtools.CdpVersionFinder findNearestMatch
WARNING: Unable to find an exact match for CDP version 131, returning the closest version; found: 130; Please update to a Selenium version that supports CDP version 131
Dec 17, 2024 11:50:42 AM org.openqa.selenium.devtools.CdpVersionFinder findNearestMatch
WARNING: Unable to find an exact match for CDP version 131, returning the closest version; found: 130; Please update to a Selenium version that supports CDP version 131
Dec 17, 2024 11:50:43 AM org.openqa.selenium.devtools.CdpVersionFinder findNearestMatch
WARNING: Unable to find an exact match for CDP version 131, returning the closest version; found: 130; Please update to a Selenium version that supports CDP version 131
]]></system-err>
  </testcase>
  <testcase name="runScenario[&quot;DS_algo Home page&quot;, &quot;Linked List&quot;](60)" classname="TestRunners.TestRunner" time="5.022">
    <system-out><![CDATA[
Scenario: Linked List home page                                &amp#27;[90m# src/test/resources/Features/LinkedList.feature:14&amp#27;[0m
  &amp#27;[32mGiven &amp#27;[0m&amp#27;[32mThe user is on the DS Introduction page as signedIn&amp#27;[0m    &amp#27;[90m# StepDefinitions.DSIntroductionDetails.the_user_is_on_the_ds_introduction_page_as_signed_in()&amp#27;[0m
  &amp#27;[32mAnd &amp#27;[0m&amp#27;[32mUser clicks on Get Started button from Linked List panel&amp#27;[0m &amp#27;[90m# StepDefinitions.LinkedList.user_clicks_on_get_started_button_from_linked_list_panel()&amp#27;[0m
  &amp#27;[32mThen &amp#27;[0m&amp#27;[32mThe user is redirected to Linked List page.&amp#27;[0m             &amp#27;[90m# StepDefinitions.LinkedList.the_user_is_redirected_to_linked_list_page()&amp#27;[0m
[INFO ] 2024-12-17 12:18:37.359 [TestNG-PoolService-2] Hooks - ======================  Test Execution is completed!! ======================
  &amp#27;[32mGiven &amp#27;[0m&amp#27;[32mThe user is on the DS Introduction page as signedIn&amp#27;[0m                  &amp#27;[90m# StepDefinitions.DSIntroductionDetails.the_user_is_on_the_ds_introduction_page_as_signed_in()&amp#27;[0m
  &amp#27;[32mAnd &amp#27;[0m&amp#27;[32mUser clicks on Get Started button from Linked List panel&amp#27;[0m               &amp#27;[90m# StepDefinitions.LinkedList.user_clicks_on_get_started_button_from_linked_list_panel()&amp#27;[0m
]]></system-out>
    <system-err><![CDATA[Dec 17, 2024 12:18:35 PM org.openqa.selenium.devtools.CdpVersionFinder findNearestMatch
WARNING: Unable to find an exact match for CDP version 131, returning the closest version; found: 130; Please update to a Selenium version that supports CDP version 131
Dec 17, 2024 12:18:37 PM org.openqa.selenium.devtools.CdpVersionFinder findNearestMatch
WARNING: Unable to find an exact match for CDP version 131, returning the closest version; found: 130; Please update to a Selenium version that supports CDP version 131
]]></system-err>
  </testcase>
  <testcase name="runScenario[&quot;Linked List home page&quot;, &quot;Linked List&quot;](61)" classname="TestRunners.TestRunner" time="1.847">
    <system-out><![CDATA[
Scenario: Linked List home page                                      &amp#27;[90m# src/test/resources/Features/LinkedList.feature:18&amp#27;[0m
  &amp#27;[32mGiven &amp#27;[0m&amp#27;[32mThe user is on the DS Introduction page as signedIn&amp#27;[0m                  &amp#27;[90m# StepDefinitions.DSIntroductionDetails.the_user_is_on_the_ds_introduction_page_as_signed_in()&amp#27;[0m
  &amp#27;[32mGiven &amp#27;[0m&amp#27;[32mThe user is on the DS Introduction page as signedIn&amp#27;[0m    &amp#27;[90m# StepDefinitions.DSIntroductionDetails.the_user_is_on_the_ds_introduction_page_as_signed_in()&amp#27;[0m
  &amp#27;[32mAnd &amp#27;[0m&amp#27;[32mUser clicks on Get Started button from Linked List panel&amp#27;[0m               &amp#27;[90m# StepDefinitions.LinkedList.user_clicks_on_get_started_button_from_linked_list_panel()&amp#27;[0m
  &amp#27;[32mAnd &amp#27;[0m&amp#27;[32mUser clicks on Get Started button from Linked List panel&amp#27;[0m &amp#27;[90m# StepDefinitions.LinkedList.user_clicks_on_get_started_button_from_linked_list_panel()&amp#27;[0m
  &amp#27;[32mWhen &amp#27;[0m&amp#27;[32mThe user clicks on Linked List from the Data Structure dropdown menu.&amp#27;[0m &amp#27;[90m# StepDefinitions.LinkedList.the_user_clicks_on_linked_list_from_the_data_structure_dropdown_menu()&amp#27;[0m
  &amp#27;[32mThen &amp#27;[0m&amp#27;[32mThe user is redirected to Linked List page.&amp#27;[0m                           &amp#27;[90m# StepDefinitions.LinkedList.the_user_is_redirected_to_linked_list_page()&amp#27;[0m
[INFO ] 2024-12-17 11:50:46.485 [TestNG-PoolService-3] Hooks - ======================  Test Execution is completed!! ======================
  &amp#27;[32mWhen &amp#27;[0m&amp#27;[32mThe user clicks Introduction link&amp#27;[0m                       &amp#27;[90m# StepDefinitions.LinkedList.the_user_clicks_introduction_link()&amp#27;[0m
  &amp#27;[32mThen &amp#27;[0m&amp#27;[32mThe user is redirected to Introduction page.&amp#27;[0m            &amp#27;[90m# StepDefinitions.LinkedList.the_user_is_redirected_to_introduction_page()&amp#27;[0m
[INFO ] 2024-12-17 11:50:46.771 [TestNG-PoolService-1] Hooks - ======================  Test Execution is completed!! ======================
]]></system-out>
    <system-err><![CDATA[Dec 17, 2024 11:50:46 AM org.openqa.selenium.devtools.CdpVersionFinder findNearestMatch
WARNING: Unable to find an exact match for CDP version 131, returning the closest version; found: 130; Please update to a Selenium version that supports CDP version 131
]]></system-err>
  </testcase>
  <testcase name="runScenario[&quot;Linked List home page&quot;, &quot;Linked List&quot;](61)" classname="TestRunners.TestRunner" time="1.509">
    <system-out><![CDATA[
Scenario: Linked List home page                                      &amp#27;[90m# src/test/resources/Features/LinkedList.feature:18&amp#27;[0m
  &amp#27;[32mWhen &amp#27;[0m&amp#27;[32mThe user clicks on Linked List from the Data Structure dropdown menu.&amp#27;[0m &amp#27;[90m# StepDefinitions.LinkedList.the_user_clicks_on_linked_list_from_the_data_structure_dropdown_menu()&amp#27;[0m
  &amp#27;[32mThen &amp#27;[0m&amp#27;[32mThe user is redirected to Linked List page.&amp#27;[0m                           &amp#27;[90m# StepDefinitions.LinkedList.the_user_is_redirected_to_linked_list_page()&amp#27;[0m
[INFO ] 2024-12-17 12:18:39.377 [TestNG-PoolService-3] Hooks - ======================  Test Execution is completed!! ======================
  &amp#27;[32mGiven &amp#27;[0m&amp#27;[32mThe user is on the DS Introduction page as signedIn&amp#27;[0m    &amp#27;[90m# StepDefinitions.DSIntroductionDetails.the_user_is_on_the_ds_introduction_page_as_signed_in()&amp#27;[0m
  &amp#27;[32mAnd &amp#27;[0m&amp#27;[32mUser clicks on Get Started button from Linked List panel&amp#27;[0m &amp#27;[90m# StepDefinitions.LinkedList.user_clicks_on_get_started_button_from_linked_list_panel()&amp#27;[0m
  &amp#27;[32mWhen &amp#27;[0m&amp#27;[32mThe user clicks Introduction link&amp#27;[0m                       &amp#27;[90m# StepDefinitions.LinkedList.the_user_clicks_introduction_link()&amp#27;[0m
  &amp#27;[32mThen &amp#27;[0m&amp#27;[32mThe user is redirected to Introduction page.&amp#27;[0m            &amp#27;[90m# StepDefinitions.LinkedList.the_user_is_redirected_to_introduction_page()&amp#27;[0m
[INFO ] 2024-12-17 12:18:40.183 [TestNG-PoolService-1] Hooks - ======================  Test Execution is completed!! ======================
]]></system-out>
  </testcase>
  <testcase name="runScenario[&quot;Linked List home page&quot;, &quot;Linked List&quot;](62)" classname="TestRunners.TestRunner" time="0.006"/>
  <testcase name="runScenario[&quot;Linked List home page&quot;, &quot;Linked List&quot;](62)" classname="TestRunners.TestRunner" time="11.584">
    <system-out><![CDATA[
Scenario: LL_Try Here Editor page with empty data                            &amp#27;[90m# src/test/resources/Features/LinkedList.feature:23&amp#27;[0m
  &amp#27;[32mGiven &amp#27;[0m&amp#27;[32mThe user is on the DS Introduction page as signedIn&amp#27;[0m    &amp#27;[90m# StepDefinitions.DSIntroductionDetails.the_user_is_on_the_ds_introduction_page_as_signed_in()&amp#27;[0m
  &amp#27;[32mAnd &amp#27;[0m&amp#27;[32mUser clicks on Get Started button from Linked List panel&amp#27;[0m &amp#27;[90m# StepDefinitions.LinkedList.user_clicks_on_get_started_button_from_linked_list_panel()&amp#27;[0m
  &amp#27;[32mWhen &amp#27;[0m&amp#27;[32mThe user clicks Introduction link&amp#27;[0m                       &amp#27;[90m# StepDefinitions.LinkedList.the_user_clicks_introduction_link()&amp#27;[0m
  &amp#27;[32mThen &amp#27;[0m&amp#27;[32mThe user is redirected to Introduction page.&amp#27;[0m            &amp#27;[90m# StepDefinitions.LinkedList.the_user_is_redirected_to_introduction_page()&amp#27;[0m
[INFO ] 2024-12-17 12:02:22.229 [TestNG-PoolService-3] Hooks - ======================  Test Execution is completed!! ======================
  &amp#27;[32mGiven &amp#27;[0m&amp#27;[32mThe user is on the DS Introduction page as signedIn&amp#27;[0m                  &amp#27;[90m# StepDefinitions.DSIntroductionDetails.the_user_is_on_the_ds_introduction_page_as_signed_in()&amp#27;[0m
  &amp#27;[32mAnd &amp#27;[0m&amp#27;[32mUser clicks on Get Started button from Linked List panel&amp#27;[0m               &amp#27;[90m# StepDefinitions.LinkedList.user_clicks_on_get_started_button_from_linked_list_panel()&amp#27;[0m
  &amp#27;[32mGiven &amp#27;[0m&amp#27;[32mThe user is on the DS Introduction page as signedIn&amp#27;[0m          &amp#27;[90m# StepDefinitions.DSIntroductionDetails.the_user_is_on_the_ds_introduction_page_as_signed_in()&amp#27;[0m
  &amp#27;[32mAnd &amp#27;[0m&amp#27;[32mUser clicks on Get Started button from Linked List panel&amp#27;[0m       &amp#27;[90m# StepDefinitions.LinkedList.user_clicks_on_get_started_button_from_linked_list_panel()&amp#27;[0m
  &amp#27;[32mGiven &amp#27;[0m&amp#27;[32mThe user is on the Introduction page&amp#27;[0m                         &amp#27;[90m# StepDefinitions.LinkedList.the_user_is_on_the_introduction_page()&amp#27;[0m
  &amp#27;[32mGiven &amp#27;[0m&amp#27;[32mThe user is on the editor page of Introduction page&amp#27;[0m                  &amp#27;[90m# StepDefinitions.LinkedList.the_user_is_on_the_editor_page_of_introduction_page()&amp#27;[0m
  &amp#27;[32mWhen &amp#27;[0m&amp#27;[32mThe user writes no code inside editor window and clicks on Run button&amp#27;[0m &amp#27;[90m# StepDefinitions.Tree.the_user_writes_no_code_inside_editor_window_and_clicks_on_run_button()&amp#27;[0m
  &amp#27;[32mThen &amp#27;[0m&amp#27;[32mNothing happens to the Editor page and no error message is displayed&amp#27;[0m  &amp#27;[90m# StepDefinitions.Tree.nothing_happens_to_the_editor_page_and_no_error_message_is_displayed()&amp#27;[0m
[INFO ] 2024-12-17 12:02:24.622 [TestNG-PoolService-2] Hooks - ======================  Test Execution is completed!! ======================
]]></system-out>
  </testcase>
  <testcase name="runScenario[&quot;Linked List home page&quot;, &quot;Linked List&quot;](62)" classname="TestRunners.TestRunner" time="0.697">
    <system-out><![CDATA[
Scenario: LL_Try Here Editor page with empty data                            &amp#27;[90m# src/test/resources/Features/LinkedList.feature:23&amp#27;[0m
]]></system-out>
  </testcase>
  <testcase name="runScenario[&quot;Linked List home page&quot;, &quot;Linked List&quot;](63)" classname="TestRunners.TestRunner" time="5.222">
    <system-out><![CDATA[
Scenario: LL_Try Here Editor page with empty data                            &amp#27;[90m# src/test/resources/Features/LinkedList.feature:23&amp#27;[0m

Scenario: LL_Try Here Editor page with valid data                     &amp#27;[90m# src/test/resources/Features/LinkedList.feature:28&amp#27;[0m
  &amp#27;[32mGiven &amp#27;[0m&amp#27;[32mThe user is on the DS Introduction page as signedIn&amp#27;[0m          &amp#27;[90m# StepDefinitions.DSIntroductionDetails.the_user_is_on_the_ds_introduction_page_as_signed_in()&amp#27;[0m
  &amp#27;[32mAnd &amp#27;[0m&amp#27;[32mUser clicks on Get Started button from Linked List panel&amp#27;[0m       &amp#27;[90m# StepDefinitions.LinkedList.user_clicks_on_get_started_button_from_linked_list_panel()&amp#27;[0m
  &amp#27;[32mGiven &amp#27;[0m&amp#27;[32mThe user is on the Introduction page&amp#27;[0m                         &amp#27;[90m# StepDefinitions.LinkedList.the_user_is_on_the_introduction_page()&amp#27;[0m
  &amp#27;[32mGiven &amp#27;[0m&amp#27;[32mThe user is on the DS Introduction page as signedIn&amp#27;[0m           &amp#27;[90m# StepDefinitions.DSIntroductionDetails.the_user_is_on_the_ds_introduction_page_as_signed_in()&amp#27;[0m
  &amp#27;[32mGiven &amp#27;[0m&amp#27;[32mThe user is on the DS Introduction page as signedIn&amp#27;[0m                  &amp#27;[90m# StepDefinitions.DSIntroductionDetails.the_user_is_on_the_ds_introduction_page_as_signed_in()&amp#27;[0m
  &amp#27;[32mAnd &amp#27;[0m&amp#27;[32mUser clicks on Get Started button from Linked List panel&amp#27;[0m        &amp#27;[90m# StepDefinitions.LinkedList.user_clicks_on_get_started_button_from_linked_list_panel()&amp#27;[0m
  &amp#27;[32mAnd &amp#27;[0m&amp#27;[32mUser clicks on Get Started button from Linked List panel&amp#27;[0m               &amp#27;[90m# StepDefinitions.LinkedList.user_clicks_on_get_started_button_from_linked_list_panel()&amp#27;[0m
  &amp#27;[32mWhen &amp#27;[0m&amp#27;[32mThe user clicks Try Here button&amp#27;[0m                               &amp#27;[90m# StepDefinitions.Tree.the_user_clicks_try_here_button()&amp#27;[0m
  &amp#27;[32mThen &amp#27;[0m&amp#27;[32mThe user is redirected to a page having Editor and run button&amp#27;[0m &amp#27;[90m# StepDefinitions.Tree.the_user_is_redirected_to_a_page_having_editor_and_run_button()&amp#27;[0m
[INFO ] 2024-12-17 11:50:52.150 [TestNG-PoolService-2] Hooks - ======================  Test Execution is completed!! ======================
]]></system-out>
    <system-err><![CDATA[Dec 17, 2024 11:50:48 AM org.openqa.selenium.devtools.CdpVersionFinder findNearestMatch
WARNING: Unable to find an exact match for CDP version 131, returning the closest version; found: 130; Please update to a Selenium version that supports CDP version 131
Dec 17, 2024 11:50:48 AM org.openqa.selenium.devtools.CdpVersionFinder findNearestMatch
WARNING: Unable to find an exact match for CDP version 131, returning the closest version; found: 130; Please update to a Selenium version that supports CDP version 131
]]></system-err>
  </testcase>
  <testcase name="runScenario[&quot;Linked List home page&quot;, &quot;Linked List&quot;](63)" classname="TestRunners.TestRunner" time="7.098">
    <system-out><![CDATA[
Scenario: LL_Try Here Editor page with valid data                     &amp#27;[90m# src/test/resources/Features/LinkedList.feature:28&amp#27;[0m
  &amp#27;[32mGiven &amp#27;[0m&amp#27;[32mThe user is on the DS Introduction page as signedIn&amp#27;[0m          &amp#27;[90m# StepDefinitions.DSIntroductionDetails.the_user_is_on_the_ds_introduction_page_as_signed_in()&amp#27;[0m
  &amp#27;[32mAnd &amp#27;[0m&amp#27;[32mUser clicks on Get Started button from Linked List panel&amp#27;[0m       &amp#27;[90m# StepDefinitions.LinkedList.user_clicks_on_get_started_button_from_linked_list_panel()&amp#27;[0m
  &amp#27;[32mGiven &amp#27;[0m&amp#27;[32mThe user is on the Introduction page&amp#27;[0m                         &amp#27;[90m# StepDefinitions.LinkedList.the_user_is_on_the_introduction_page()&amp#27;[0m
  &amp#27;[32mGiven &amp#27;[0m&amp#27;[32mThe user is on the DS Introduction page as signedIn&amp#27;[0m                  &amp#27;[90m# StepDefinitions.DSIntroductionDetails.the_user_is_on_the_ds_introduction_page_as_signed_in()&amp#27;[0m
  &amp#27;[32mAnd &amp#27;[0m&amp#27;[32mUser clicks on Get Started button from Linked List panel&amp#27;[0m               &amp#27;[90m# StepDefinitions.LinkedList.user_clicks_on_get_started_button_from_linked_list_panel()&amp#27;[0m
  &amp#27;[32mWhen &amp#27;[0m&amp#27;[32mThe user clicks Try Here button&amp#27;[0m                               &amp#27;[90m# StepDefinitions.Tree.the_user_clicks_try_here_button()&amp#27;[0m
  &amp#27;[32mThen &amp#27;[0m&amp#27;[32mThe user is redirected to a page having Editor and run button&amp#27;[0m &amp#27;[90m# StepDefinitions.Tree.the_user_is_redirected_to_a_page_having_editor_and_run_button()&amp#27;[0m
[INFO ] 2024-12-17 12:18:47.129 [TestNG-PoolService-2] Hooks - ======================  Test Execution is completed!! ======================
  &amp#27;[32mGiven &amp#27;[0m&amp#27;[32mThe user is on the DS Introduction page as signedIn&amp#27;[0m           &amp#27;[90m# StepDefinitions.DSIntroductionDetails.the_user_is_on_the_ds_introduction_page_as_signed_in()&amp#27;[0m
  &amp#27;[32mAnd &amp#27;[0m&amp#27;[32mUser clicks on Get Started button from Linked List panel&amp#27;[0m        &amp#27;[90m# StepDefinitions.LinkedList.user_clicks_on_get_started_button_from_linked_list_panel()&amp#27;[0m
  &amp#27;[32mGiven &amp#27;[0m&amp#27;[32mThe user is on the editor page of Introduction page&amp#27;[0m                  &amp#27;[90m# StepDefinitions.LinkedList.the_user_is_on_the_editor_page_of_introduction_page()&amp#27;[0m
  &amp#27;[31mWhen &amp#27;[0m&amp#27;[31mThe user writes no code inside editor window and clicks on Run button&amp#27;[0m &amp#27;[90m# StepDefinitions.Tree.the_user_writes_no_code_inside_editor_window_and_clicks_on_run_button()&amp#27;[0m
      &amp#27;[31morg.openqa.selenium.ElementNotInteractableException: element not interactable
  (Session info: MicrosoftEdge=131.0.2903.99)
Build info: version: '4.26.0', revision: '8ccf0219d7'
System info: os.name: 'Windows 11', os.arch: 'amd64', os.version: '10.0', java.version: '21.0.5'
Driver info: org.openqa.selenium.edge.EdgeDriver
Command: [18fd4dfbeb96b261bd958d51a51019f2, sendKeysToElement {value=[Ljava.lang.CharSequence;@1e13a7ab, id=f.A11397E6CE334B00E02FABBCE7A50E85.d.0DB7679D6C6D0EC5399B1AFB220D3965.e.38}]
Capabilities {acceptInsecureCerts: false, browserName: MicrosoftEdge, browserVersion: 131.0.2903.99, fedcm:accounts: true, ms:edgeOptions: {debuggerAddress: localhost:52036}, msedge: {msedgedriverVersion: 131.0.2903.99 (f96a870b1316..., userDataDir: C:\Users\vamsh\AppData\Loca...}, networkConnectionEnabled: false, pageLoadStrategy: normal, platformName: windows, proxy: Proxy(), se:cdp: ws://localhost:52036/devtoo..., se:cdpVersion: 131.0.2903.99, setWindowRect: true, strictFileInteractability: false, timeouts: {implicit: 0, pageLoad: 300000, script: 30000}, unhandledPromptBehavior: dismiss and notify, webauthn:extension:credBlob: true, webauthn:extension:largeBlob: true, webauthn:extension:minPinLength: true, webauthn:extension:prf: true, webauthn:virtualAuthenticators: true}
Element: [[EdgeDriver: MicrosoftEdge on windows (18fd4dfbeb96b261bd958d51a51019f2)] -> css selector: .CodeMirror textarea]
Session ID: 18fd4dfbeb96b261bd958d51a51019f2
	at java.base/jdk.internal.reflect.DirectConstructorHandleAccessor.newInstance(DirectConstructorHandleAccessor.java:62)
	at java.base/java.lang.reflect.Constructor.newInstanceWithCaller(Constructor.java:502)
	at java.base/java.lang.reflect.Constructor.newInstance(Constructor.java:486)
	at org.openqa.selenium.remote.ErrorCodec.decode(ErrorCodec.java:167)
	at org.openqa.selenium.remote.codec.w3c.W3CHttpResponseCodec.decode(W3CHttpResponseCodec.java:138)
	at org.openqa.selenium.remote.codec.w3c.W3CHttpResponseCodec.decode(W3CHttpResponseCodec.java:50)
	at org.openqa.selenium.remote.HttpCommandExecutor.execute(HttpCommandExecutor.java:190)
	at org.openqa.selenium.remote.service.DriverCommandExecutor.invokeExecute(DriverCommandExecutor.java:216)
	at org.openqa.selenium.remote.service.DriverCommandExecutor.execute(DriverCommandExecutor.java:174)
	at org.openqa.selenium.remote.RemoteWebDriver.execute(RemoteWebDriver.java:545)
	at org.openqa.selenium.remote.RemoteWebElement.execute(RemoteWebElement.java:223)
	at org.openqa.selenium.remote.RemoteWebElement.sendKeys(RemoteWebElement.java:110)
	at PageObjects.TreePage.writeInTryEditorWindow(TreePage.java:251)
	at StepDefinitions.Tree.the_user_writes_no_code_inside_editor_window_and_clicks_on_run_button(Tree.java:80)
	at ✽.The user writes no code inside editor window and clicks on Run button(file:///C:/Projects/newFolder-3/Repo1/src/test/resources/Features/LinkedList.feature:25)
&amp#27;[0m
  &amp#27;[36mThen &amp#27;[0m&amp#27;[36mNothing happens to the Editor page and no error message is displayed&amp#27;[0m  &amp#27;[90m# StepDefinitions.Tree.nothing_happens_to_the_editor_page_and_no_error_message_is_displayed()&amp#27;[0m
[ERROR] 2024-12-17 12:18:48.228 [TestNG-PoolService-3] Hooks - ======================  TEST CASE FAILED !! ======================

    Embedding screenshot [image/png 7890 bytes]

[INFO ] 2024-12-17 12:18:48.381 [TestNG-PoolService-3] Hooks - ======================  Screenshot is captured  ======================
[INFO ] 2024-12-17 12:18:48.383 [TestNG-PoolService-3] Hooks - ======================  Test Execution is completed!! ======================
]]></system-out>
    <system-err><![CDATA[Dec 17, 2024 12:18:42 PM org.openqa.selenium.devtools.CdpVersionFinder findNearestMatch
WARNING: Unable to find an exact match for CDP version 131, returning the closest version; found: 130; Please update to a Selenium version that supports CDP version 131
Dec 17, 2024 12:18:43 PM org.openqa.selenium.devtools.CdpVersionFinder findNearestMatch
WARNING: Unable to find an exact match for CDP version 131, returning the closest version; found: 130; Please update to a Selenium version that supports CDP version 131
Dec 17, 2024 12:18:45 PM org.openqa.selenium.devtools.CdpVersionFinder findNearestMatch
WARNING: Unable to find an exact match for CDP version 131, returning the closest version; found: 130; Please update to a Selenium version that supports CDP version 131
]]></system-err>
  </testcase>
  <testcase name="runScenario[&quot;LL_Try Here Editor page with empty data&quot;, &quot;Linked List&quot;](64)" classname="TestRunners.TestRunner" time="1.558">
    <system-out><![CDATA[
Scenario: LL_Try Here Editor page with invalid data                     &amp#27;[90m# src/test/resources/Features/LinkedList.feature:33&amp#27;[0m
  &amp#27;[32mGiven &amp#27;[0m&amp#27;[32mThe user is on the editor page of Introduction page&amp#27;[0m           &amp#27;[90m# StepDefinitions.LinkedList.the_user_is_on_the_editor_page_of_introduction_page()&amp#27;[0m
  &amp#27;[32mGiven &amp#27;[0m&amp#27;[32mThe user is on the editor page of Introduction page&amp#27;[0m                  &amp#27;[90m# StepDefinitions.LinkedList.the_user_is_on_the_editor_page_of_introduction_page()&amp#27;[0m
  &amp#27;[32mWhen &amp#27;[0m&amp#27;[32mThe user writes no code inside editor window and clicks on Run button&amp#27;[0m &amp#27;[90m# StepDefinitions.Tree.the_user_writes_no_code_inside_editor_window_and_clicks_on_run_button()&amp#27;[0m
  &amp#27;[32mThen &amp#27;[0m&amp#27;[32mNothing happens to the Editor page and no error message is displayed&amp#27;[0m  &amp#27;[90m# StepDefinitions.Tree.nothing_happens_to_the_editor_page_and_no_error_message_is_displayed()&amp#27;[0m
[INFO ] 2024-12-17 11:50:53.754 [TestNG-PoolService-3] Hooks - ======================  Test Execution is completed!! ======================
]]></system-out>
    <system-err><![CDATA[Dec 17, 2024 11:50:53 AM org.openqa.selenium.devtools.CdpVersionFinder findNearestMatch
WARNING: Unable to find an exact match for CDP version 131, returning the closest version; found: 130; Please update to a Selenium version that supports CDP version 131
]]></system-err>
  </testcase>
  <testcase name="runScenario[&quot;LL_Try Here Editor page with empty data&quot;, &quot;Linked List&quot;](64)" classname="TestRunners.TestRunner" time="1.193">
    <failure message="element not interactable&#10;  (Session info: MicrosoftEdge=131.0.2903.99)&#10;Build info: version: &apos;4.26.0&apos;, revision: &apos;8ccf0219d7&apos;&#10;System info: os.name: &apos;Windows 11&apos;, os.arch: &apos;amd64&apos;, os.version: &apos;10.0&apos;, java.version: &apos;21.0.5&apos;&#10;Driver info: org.openqa.selenium.edge.EdgeDriver&#10;Command: [18fd4dfbeb96b261bd958d51a51019f2, sendKeysToElement {value=[Ljava.lang.CharSequence;@1e13a7ab, id=f.A11397E6CE334B00E02FABBCE7A50E85.d.0DB7679D6C6D0EC5399B1AFB220D3965.e.38}]&#10;Capabilities {acceptInsecureCerts: false, browserName: MicrosoftEdge, browserVersion: 131.0.2903.99, fedcm:accounts: true, ms:edgeOptions: {debuggerAddress: localhost:52036}, msedge: {msedgedriverVersion: 131.0.2903.99 (f96a870b1316..., userDataDir: C:\Users\vamsh\AppData\Loca...}, networkConnectionEnabled: false, pageLoadStrategy: normal, platformName: windows, proxy: Proxy(), se:cdp: ws://localhost:52036/devtoo..., se:cdpVersion: 131.0.2903.99, setWindowRect: true, strictFileInteractability: false, timeouts: {implicit: 0, pageLoad: 300000, script: 30000}, unhandledPromptBehavior: dismiss and notify, webauthn:extension:credBlob: true, webauthn:extension:largeBlob: true, webauthn:extension:minPinLength: true, webauthn:extension:prf: true, webauthn:virtualAuthenticators: true}&#10;Element: [[EdgeDriver: MicrosoftEdge on windows (18fd4dfbeb96b261bd958d51a51019f2)] -&gt; css selector: .CodeMirror textarea]&#10;Session ID: 18fd4dfbeb96b261bd958d51a51019f2" type="org.openqa.selenium.ElementNotInteractableException"><![CDATA[org.openqa.selenium.ElementNotInteractableException: 
element not interactable
  (Session info: MicrosoftEdge=131.0.2903.99)
Build info: version: '4.26.0', revision: '8ccf0219d7'
System info: os.name: 'Windows 11', os.arch: 'amd64', os.version: '10.0', java.version: '21.0.5'
Driver info: org.openqa.selenium.edge.EdgeDriver
Command: [18fd4dfbeb96b261bd958d51a51019f2, sendKeysToElement {value=[Ljava.lang.CharSequence;@1e13a7ab, id=f.A11397E6CE334B00E02FABBCE7A50E85.d.0DB7679D6C6D0EC5399B1AFB220D3965.e.38}]
Capabilities {acceptInsecureCerts: false, browserName: MicrosoftEdge, browserVersion: 131.0.2903.99, fedcm:accounts: true, ms:edgeOptions: {debuggerAddress: localhost:52036}, msedge: {msedgedriverVersion: 131.0.2903.99 (f96a870b1316..., userDataDir: C:\Users\vamsh\AppData\Loca...}, networkConnectionEnabled: false, pageLoadStrategy: normal, platformName: windows, proxy: Proxy(), se:cdp: ws://localhost:52036/devtoo..., se:cdpVersion: 131.0.2903.99, setWindowRect: true, strictFileInteractability: false, timeouts: {implicit: 0, pageLoad: 300000, script: 30000}, unhandledPromptBehavior: dismiss and notify, webauthn:extension:credBlob: true, webauthn:extension:largeBlob: true, webauthn:extension:minPinLength: true, webauthn:extension:prf: true, webauthn:virtualAuthenticators: true}
Element: [[EdgeDriver: MicrosoftEdge on windows (18fd4dfbeb96b261bd958d51a51019f2)] -> css selector: .CodeMirror textarea]
Session ID: 18fd4dfbeb96b261bd958d51a51019f2
]]></failure>
    <system-out><![CDATA[
Scenario: LL_Try Here Editor page with invalid data                     &amp#27;[90m# src/test/resources/Features/LinkedList.feature:33&amp#27;[0m
  &amp#27;[32mGiven &amp#27;[0m&amp#27;[32mThe user is on the editor page of Introduction page&amp#27;[0m           &amp#27;[90m# StepDefinitions.LinkedList.the_user_is_on_the_editor_page_of_introduction_page()&amp#27;[0m
]]></system-out>
  </testcase>
  <testcase name="runScenario[&quot;LL_Try Here Editor page with invalid data&quot;, &quot;Linked List&quot;](65)" classname="TestRunners.TestRunner" time="4.078">
    <failure message="element not interactable&#10;  (Session info: chrome=131.0.6778.140)&#10;Build info: version: &apos;4.26.0&apos;, revision: &apos;8ccf0219d7&apos;&#10;System info: os.name: &apos;Windows 11&apos;, os.arch: &apos;amd64&apos;, os.version: &apos;10.0&apos;, java.version: &apos;21.0.5&apos;&#10;Driver info: org.openqa.selenium.chrome.ChromeDriver&#10;Command: [c9528bc38cc34374142ee78075e5f237, sendKeysToElement {value=[Ljava.lang.CharSequence;@26d45b53, id=f.BD1D8792FB76328218212A57A64E32DE.d.47AC050FA6DF7B41EE9E7994E6FD5463.e.50}]&#10;Capabilities {acceptInsecureCerts: false, browserName: chrome, browserVersion: 131.0.6778.140, chrome: {chromedriverVersion: 131.0.6778.108 (3b014839fbc..., userDataDir: C:\Users\vamsh\AppData\Loca...}, fedcm:accounts: true, goog:chromeOptions: {debuggerAddress: localhost:57860}, networkConnectionEnabled: false, pageLoadStrategy: normal, platformName: windows, proxy: Proxy(), se:cdp: ws://localhost:57860/devtoo..., se:cdpVersion: 131.0.6778.140, setWindowRect: true, strictFileInteractability: false, timeouts: {implicit: 0, pageLoad: 300000, script: 30000}, unhandledPromptBehavior: dismiss and notify, webauthn:extension:credBlob: true, webauthn:extension:largeBlob: true, webauthn:extension:minPinLength: true, webauthn:extension:prf: true, webauthn:virtualAuthenticators: true}&#10;Element: [[ChromeDriver: chrome on windows (c9528bc38cc34374142ee78075e5f237)] -&gt; css selector: .CodeMirror textarea]&#10;Session ID: c9528bc38cc34374142ee78075e5f237" type="org.openqa.selenium.ElementNotInteractableException"><![CDATA[org.openqa.selenium.ElementNotInteractableException: 
element not interactable
  (Session info: chrome=131.0.6778.140)
Build info: version: '4.26.0', revision: '8ccf0219d7'
System info: os.name: 'Windows 11', os.arch: 'amd64', os.version: '10.0', java.version: '21.0.5'
Driver info: org.openqa.selenium.chrome.ChromeDriver
Command: [c9528bc38cc34374142ee78075e5f237, sendKeysToElement {value=[Ljava.lang.CharSequence;@26d45b53, id=f.BD1D8792FB76328218212A57A64E32DE.d.47AC050FA6DF7B41EE9E7994E6FD5463.e.50}]
Capabilities {acceptInsecureCerts: false, browserName: chrome, browserVersion: 131.0.6778.140, chrome: {chromedriverVersion: 131.0.6778.108 (3b014839fbc..., userDataDir: C:\Users\vamsh\AppData\Loca...}, fedcm:accounts: true, goog:chromeOptions: {debuggerAddress: localhost:57860}, networkConnectionEnabled: false, pageLoadStrategy: normal, platformName: windows, proxy: Proxy(), se:cdp: ws://localhost:57860/devtoo..., se:cdpVersion: 131.0.6778.140, setWindowRect: true, strictFileInteractability: false, timeouts: {implicit: 0, pageLoad: 300000, script: 30000}, unhandledPromptBehavior: dismiss and notify, webauthn:extension:credBlob: true, webauthn:extension:largeBlob: true, webauthn:extension:minPinLength: true, webauthn:extension:prf: true, webauthn:virtualAuthenticators: true}
Element: [[ChromeDriver: chrome on windows (c9528bc38cc34374142ee78075e5f237)] -> css selector: .CodeMirror textarea]
Session ID: c9528bc38cc34374142ee78075e5f237
]]></failure>
    <system-out><![CDATA[
Scenario: Linked List home page                                &amp#27;[90m# src/test/resources/Features/LinkedList.feature:38&amp#27;[0m
  &amp#27;[32mGiven &amp#27;[0m&amp#27;[32mThe user is on the DS Introduction page as signedIn&amp#27;[0m             &amp#27;[90m# StepDefinitions.DSIntroductionDetails.the_user_is_on_the_ds_introduction_page_as_signed_in()&amp#27;[0m
  &amp#27;[32mAnd &amp#27;[0m&amp#27;[32mUser clicks on Get Started button from Linked List panel&amp#27;[0m          &amp#27;[90m# StepDefinitions.LinkedList.user_clicks_on_get_started_button_from_linked_list_panel()&amp#27;[0m
  &amp#27;[32mGiven &amp#27;[0m&amp#27;[32mThe user is on the DS Introduction page as signedIn&amp#27;[0m    &amp#27;[90m# StepDefinitions.DSIntroductionDetails.the_user_is_on_the_ds_introduction_page_as_signed_in()&amp#27;[0m
  &amp#27;[32mGiven &amp#27;[0m&amp#27;[32mThe user is on the editor page of Introduction page&amp#27;[0m             &amp#27;[90m# StepDefinitions.LinkedList.the_user_is_on_the_editor_page_of_introduction_page()&amp#27;[0m
  &amp#27;[31mWhen &amp#27;[0m&amp#27;[31mThe user writes the invalid python code and clicks on Run button&amp#27;[0m &amp#27;[90m# StepDefinitions.Tree.the_user_writes_the_invalid_python_code_and_clicks_on_run_button()&amp#27;[0m
      &amp#27;[31morg.openqa.selenium.ElementNotInteractableException: element not interactable
  (Session info: chrome=131.0.6778.140)
Build info: version: '4.26.0', revision: '8ccf0219d7'
System info: os.name: 'Windows 11', os.arch: 'amd64', os.version: '10.0', java.version: '21.0.5'
Driver info: org.openqa.selenium.chrome.ChromeDriver
Command: [c9528bc38cc34374142ee78075e5f237, sendKeysToElement {value=[Ljava.lang.CharSequence;@26d45b53, id=f.BD1D8792FB76328218212A57A64E32DE.d.47AC050FA6DF7B41EE9E7994E6FD5463.e.50}]
Capabilities {acceptInsecureCerts: false, browserName: chrome, browserVersion: 131.0.6778.140, chrome: {chromedriverVersion: 131.0.6778.108 (3b014839fbc..., userDataDir: C:\Users\vamsh\AppData\Loca...}, fedcm:accounts: true, goog:chromeOptions: {debuggerAddress: localhost:57860}, networkConnectionEnabled: false, pageLoadStrategy: normal, platformName: windows, proxy: Proxy(), se:cdp: ws://localhost:57860/devtoo..., se:cdpVersion: 131.0.6778.140, setWindowRect: true, strictFileInteractability: false, timeouts: {implicit: 0, pageLoad: 300000, script: 30000}, unhandledPromptBehavior: dismiss and notify, webauthn:extension:credBlob: true, webauthn:extension:largeBlob: true, webauthn:extension:minPinLength: true, webauthn:extension:prf: true, webauthn:virtualAuthenticators: true}
Element: [[ChromeDriver: chrome on windows (c9528bc38cc34374142ee78075e5f237)] -> css selector: .CodeMirror textarea]
Session ID: c9528bc38cc34374142ee78075e5f237
	at java.base/jdk.internal.reflect.DirectConstructorHandleAccessor.newInstance(DirectConstructorHandleAccessor.java:62)
	at java.base/java.lang.reflect.Constructor.newInstanceWithCaller(Constructor.java:502)
	at java.base/java.lang.reflect.Constructor.newInstance(Constructor.java:486)
	at org.openqa.selenium.remote.ErrorCodec.decode(ErrorCodec.java:167)
	at org.openqa.selenium.remote.codec.w3c.W3CHttpResponseCodec.decode(W3CHttpResponseCodec.java:138)
	at org.openqa.selenium.remote.codec.w3c.W3CHttpResponseCodec.decode(W3CHttpResponseCodec.java:50)
	at org.openqa.selenium.remote.HttpCommandExecutor.execute(HttpCommandExecutor.java:190)
	at org.openqa.selenium.remote.service.DriverCommandExecutor.invokeExecute(DriverCommandExecutor.java:216)
	at org.openqa.selenium.remote.service.DriverCommandExecutor.execute(DriverCommandExecutor.java:174)
	at org.openqa.selenium.remote.RemoteWebDriver.execute(RemoteWebDriver.java:545)
	at org.openqa.selenium.remote.RemoteWebElement.execute(RemoteWebElement.java:223)
	at org.openqa.selenium.remote.RemoteWebElement.sendKeys(RemoteWebElement.java:110)
	at PageObjects.TreePage.writeInTryEditorWindow(TreePage.java:251)
	at StepDefinitions.Tree.the_user_writes_the_invalid_python_code_and_clicks_on_run_button(Tree.java:106)
	at ✽.The user writes the invalid python code and clicks on Run button(file:///C:/Projects/newFolder-3/Repo1/src/test/resources/Features/LinkedList.feature:35)
&amp#27;[0m
  &amp#27;[36mThen &amp#27;[0m&amp#27;[36mThe user see error msg in alert window&amp#27;[0m                           &amp#27;[90m# StepDefinitions.Tree.the_user_see_error_msg_in_alert_window()&amp#27;[0m
[ERROR] 2024-12-17 11:50:57.713 [TestNG-PoolService-2] Hooks - ======================  TEST CASE FAILED !! ======================

    Embedding screenshot [image/png 7853 bytes]

[INFO ] 2024-12-17 11:50:57.865 [TestNG-PoolService-2] Hooks - ======================  Screenshot is captured  ======================
[INFO ] 2024-12-17 11:50:57.869 [TestNG-PoolService-2] Hooks - ======================  Test Execution is completed!! ======================
  &amp#27;[32mAnd &amp#27;[0m&amp#27;[32mUser clicks on Get Started button from Linked List panel&amp#27;[0m &amp#27;[90m# StepDefinitions.LinkedList.user_clicks_on_get_started_button_from_linked_list_panel()&amp#27;[0m
]]></system-out>
    <system-err><![CDATA[Dec 17, 2024 11:50:55 AM org.openqa.selenium.devtools.CdpVersionFinder findNearestMatch
WARNING: Unable to find an exact match for CDP version 131, returning the closest version; found: 130; Please update to a Selenium version that supports CDP version 131
]]></system-err>
  </testcase>
  <testcase name="runScenario[&quot;LL_Try Here Editor page with invalid data&quot;, &quot;Linked List&quot;](65)" classname="TestRunners.TestRunner" time="7.366">
    <failure message="element not interactable&#10;  (Session info: MicrosoftEdge=131.0.2903.99)&#10;Build info: version: &apos;4.26.0&apos;, revision: &apos;8ccf0219d7&apos;&#10;System info: os.name: &apos;Windows 11&apos;, os.arch: &apos;amd64&apos;, os.version: &apos;10.0&apos;, java.version: &apos;21.0.5&apos;&#10;Driver info: org.openqa.selenium.edge.EdgeDriver&#10;Command: [60172d55ee36074d324e9908dcdcf79d, sendKeysToElement {value=[Ljava.lang.CharSequence;@7c128350, id=f.ECA5087311DDA4793241826056232260.d.7A32D32410EAA4338EEF90B5BFF9EA64.e.38}]&#10;Capabilities {acceptInsecureCerts: false, browserName: MicrosoftEdge, browserVersion: 131.0.2903.99, fedcm:accounts: true, ms:edgeOptions: {debuggerAddress: localhost:52210}, msedge: {msedgedriverVersion: 131.0.2903.99 (f96a870b1316..., userDataDir: C:\Users\vamsh\AppData\Loca...}, networkConnectionEnabled: false, pageLoadStrategy: normal, platformName: windows, proxy: Proxy(), se:cdp: ws://localhost:52210/devtoo..., se:cdpVersion: 131.0.2903.99, setWindowRect: true, strictFileInteractability: false, timeouts: {implicit: 0, pageLoad: 300000, script: 30000}, unhandledPromptBehavior: dismiss and notify, webauthn:extension:credBlob: true, webauthn:extension:largeBlob: true, webauthn:extension:minPinLength: true, webauthn:extension:prf: true, webauthn:virtualAuthenticators: true}&#10;Element: [[EdgeDriver: MicrosoftEdge on windows (60172d55ee36074d324e9908dcdcf79d)] -&gt; css selector: .CodeMirror textarea]&#10;Session ID: 60172d55ee36074d324e9908dcdcf79d" type="org.openqa.selenium.ElementNotInteractableException"><![CDATA[org.openqa.selenium.ElementNotInteractableException: 
element not interactable
  (Session info: MicrosoftEdge=131.0.2903.99)
Build info: version: '4.26.0', revision: '8ccf0219d7'
System info: os.name: 'Windows 11', os.arch: 'amd64', os.version: '10.0', java.version: '21.0.5'
Driver info: org.openqa.selenium.edge.EdgeDriver
Command: [60172d55ee36074d324e9908dcdcf79d, sendKeysToElement {value=[Ljava.lang.CharSequence;@7c128350, id=f.ECA5087311DDA4793241826056232260.d.7A32D32410EAA4338EEF90B5BFF9EA64.e.38}]
Capabilities {acceptInsecureCerts: false, browserName: MicrosoftEdge, browserVersion: 131.0.2903.99, fedcm:accounts: true, ms:edgeOptions: {debuggerAddress: localhost:52210}, msedge: {msedgedriverVersion: 131.0.2903.99 (f96a870b1316..., userDataDir: C:\Users\vamsh\AppData\Loca...}, networkConnectionEnabled: false, pageLoadStrategy: normal, platformName: windows, proxy: Proxy(), se:cdp: ws://localhost:52210/devtoo..., se:cdpVersion: 131.0.2903.99, setWindowRect: true, strictFileInteractability: false, timeouts: {implicit: 0, pageLoad: 300000, script: 30000}, unhandledPromptBehavior: dismiss and notify, webauthn:extension:credBlob: true, webauthn:extension:largeBlob: true, webauthn:extension:minPinLength: true, webauthn:extension:prf: true, webauthn:virtualAuthenticators: true}
Element: [[EdgeDriver: MicrosoftEdge on windows (60172d55ee36074d324e9908dcdcf79d)] -> css selector: .CodeMirror textarea]
Session ID: 60172d55ee36074d324e9908dcdcf79d
]]></failure>
    <system-out><![CDATA[
Scenario: Linked List home page                                &amp#27;[90m# src/test/resources/Features/LinkedList.feature:38&amp#27;[0m
  &amp#27;[32mGiven &amp#27;[0m&amp#27;[32mThe user is on the DS Introduction page as signedIn&amp#27;[0m             &amp#27;[90m# StepDefinitions.DSIntroductionDetails.the_user_is_on_the_ds_introduction_page_as_signed_in()&amp#27;[0m
  &amp#27;[32mAnd &amp#27;[0m&amp#27;[32mUser clicks on Get Started button from Linked List panel&amp#27;[0m          &amp#27;[90m# StepDefinitions.LinkedList.user_clicks_on_get_started_button_from_linked_list_panel()&amp#27;[0m
  &amp#27;[32mGiven &amp#27;[0m&amp#27;[32mThe user is on the DS Introduction page as signedIn&amp#27;[0m    &amp#27;[90m# StepDefinitions.DSIntroductionDetails.the_user_is_on_the_ds_introduction_page_as_signed_in()&amp#27;[0m
  &amp#27;[32mGiven &amp#27;[0m&amp#27;[32mThe user is on the editor page of Introduction page&amp#27;[0m             &amp#27;[90m# StepDefinitions.LinkedList.the_user_is_on_the_editor_page_of_introduction_page()&amp#27;[0m
  &amp#27;[32mAnd &amp#27;[0m&amp#27;[32mUser clicks on Get Started button from Linked List panel&amp#27;[0m &amp#27;[90m# StepDefinitions.LinkedList.user_clicks_on_get_started_button_from_linked_list_panel()&amp#27;[0m
  &amp#27;[31mWhen &amp#27;[0m&amp#27;[31mThe user writes the invalid python code and clicks on Run button&amp#27;[0m &amp#27;[90m# StepDefinitions.Tree.the_user_writes_the_invalid_python_code_and_clicks_on_run_button()&amp#27;[0m
      &amp#27;[31morg.openqa.selenium.ElementNotInteractableException: element not interactable
  (Session info: MicrosoftEdge=131.0.2903.99)
Build info: version: '4.26.0', revision: '8ccf0219d7'
System info: os.name: 'Windows 11', os.arch: 'amd64', os.version: '10.0', java.version: '21.0.5'
Driver info: org.openqa.selenium.edge.EdgeDriver
Command: [60172d55ee36074d324e9908dcdcf79d, sendKeysToElement {value=[Ljava.lang.CharSequence;@7c128350, id=f.ECA5087311DDA4793241826056232260.d.7A32D32410EAA4338EEF90B5BFF9EA64.e.38}]
Capabilities {acceptInsecureCerts: false, browserName: MicrosoftEdge, browserVersion: 131.0.2903.99, fedcm:accounts: true, ms:edgeOptions: {debuggerAddress: localhost:52210}, msedge: {msedgedriverVersion: 131.0.2903.99 (f96a870b1316..., userDataDir: C:\Users\vamsh\AppData\Loca...}, networkConnectionEnabled: false, pageLoadStrategy: normal, platformName: windows, proxy: Proxy(), se:cdp: ws://localhost:52210/devtoo..., se:cdpVersion: 131.0.2903.99, setWindowRect: true, strictFileInteractability: false, timeouts: {implicit: 0, pageLoad: 300000, script: 30000}, unhandledPromptBehavior: dismiss and notify, webauthn:extension:credBlob: true, webauthn:extension:largeBlob: true, webauthn:extension:minPinLength: true, webauthn:extension:prf: true, webauthn:virtualAuthenticators: true}
Element: [[EdgeDriver: MicrosoftEdge on windows (60172d55ee36074d324e9908dcdcf79d)] -> css selector: .CodeMirror textarea]
Session ID: 60172d55ee36074d324e9908dcdcf79d
	at java.base/jdk.internal.reflect.DirectConstructorHandleAccessor.newInstance(DirectConstructorHandleAccessor.java:62)
	at java.base/java.lang.reflect.Constructor.newInstanceWithCaller(Constructor.java:502)
	at java.base/java.lang.reflect.Constructor.newInstance(Constructor.java:486)
	at org.openqa.selenium.remote.ErrorCodec.decode(ErrorCodec.java:167)
	at org.openqa.selenium.remote.codec.w3c.W3CHttpResponseCodec.decode(W3CHttpResponseCodec.java:138)
	at org.openqa.selenium.remote.codec.w3c.W3CHttpResponseCodec.decode(W3CHttpResponseCodec.java:50)
	at org.openqa.selenium.remote.HttpCommandExecutor.execute(HttpCommandExecutor.java:190)
	at org.openqa.selenium.remote.service.DriverCommandExecutor.invokeExecute(DriverCommandExecutor.java:216)
	at org.openqa.selenium.remote.service.DriverCommandExecutor.execute(DriverCommandExecutor.java:174)
	at org.openqa.selenium.remote.RemoteWebDriver.execute(RemoteWebDriver.java:545)
	at org.openqa.selenium.remote.RemoteWebElement.execute(RemoteWebElement.java:223)
	at org.openqa.selenium.remote.RemoteWebElement.sendKeys(RemoteWebElement.java:110)
	at PageObjects.TreePage.writeInTryEditorWindow(TreePage.java:251)
	at StepDefinitions.Tree.the_user_writes_the_invalid_python_code_and_clicks_on_run_button(Tree.java:106)
	at ✽.The user writes the invalid python code and clicks on Run button(file:///C:/Projects/newFolder-3/Repo1/src/test/resources/Features/LinkedList.feature:35)
&amp#27;[0m
  &amp#27;[36mThen &amp#27;[0m&amp#27;[36mThe user see error msg in alert window&amp#27;[0m                           &amp#27;[90m# StepDefinitions.Tree.the_user_see_error_msg_in_alert_window()&amp#27;[0m
[ERROR] 2024-12-17 12:18:55.553 [TestNG-PoolService-2] Hooks - ======================  TEST CASE FAILED !! ======================

    Embedding screenshot [image/png 7890 bytes]

[INFO ] 2024-12-17 12:18:55.713 [TestNG-PoolService-2] Hooks - ======================  Screenshot is captured  ======================
[INFO ] 2024-12-17 12:18:55.713 [TestNG-PoolService-2] Hooks - ======================  Test Execution is completed!! ======================
  &amp#27;[32mGiven &amp#27;[0m&amp#27;[32mThe user is on the Introduction page&amp#27;[0m                   &amp#27;[90m# StepDefinitions.LinkedList.the_user_is_on_the_introduction_page()&amp#27;[0m
  &amp#27;[32mWhen &amp#27;[0m&amp#27;[32mThe user clicks Creating Linked LIst link&amp#27;[0m               &amp#27;[90m# StepDefinitions.LinkedList.the_user_clicks_creating_linked_l_ist_link()&amp#27;[0m
  &amp#27;[32mThen &amp#27;[0m&amp#27;[32mThe user is redirected to Creating Linked List page.&amp#27;[0m    &amp#27;[90m# StepDefinitions.LinkedList.the_user_is_redirected_to_creating_linked_list_page()&amp#27;[0m
[INFO ] 2024-12-17 12:18:56.158 [TestNG-PoolService-3] Hooks - ======================  Test Execution is completed!! ======================
]]></system-out>
    <system-err><![CDATA[Dec 17, 2024 12:18:51 PM org.openqa.selenium.devtools.CdpVersionFinder findNearestMatch
WARNING: Unable to find an exact match for CDP version 131, returning the closest version; found: 130; Please update to a Selenium version that supports CDP version 131
Dec 17, 2024 12:18:52 PM org.openqa.selenium.devtools.CdpVersionFinder findNearestMatch
WARNING: Unable to find an exact match for CDP version 131, returning the closest version; found: 130; Please update to a Selenium version that supports CDP version 131
]]></system-err>
  </testcase>
  <testcase name="runScenario[&quot;Linked List home page&quot;, &quot;Linked List&quot;](66)" classname="TestRunners.TestRunner" time="0.767">
    <system-out><![CDATA[
Scenario: Creating Linked LIst                                       &amp#27;[90m# src/test/resources/Features/LinkedList.feature:43&amp#27;[0m
  &amp#27;[32mGiven &amp#27;[0m&amp#27;[32mThe user is on the Introduction page&amp#27;[0m                   &amp#27;[90m# StepDefinitions.LinkedList.the_user_is_on_the_introduction_page()&amp#27;[0m
  &amp#27;[32mWhen &amp#27;[0m&amp#27;[32mThe user clicks Creating Linked LIst link&amp#27;[0m               &amp#27;[90m# StepDefinitions.LinkedList.the_user_clicks_creating_linked_l_ist_link()&amp#27;[0m
  &amp#27;[32mThen &amp#27;[0m&amp#27;[32mThe user is redirected to Creating Linked List page.&amp#27;[0m    &amp#27;[90m# StepDefinitions.LinkedList.the_user_is_redirected_to_creating_linked_list_page()&amp#27;[0m
[INFO ] 2024-12-17 11:50:58.579 [TestNG-PoolService-3] Hooks - ======================  Test Execution is completed!! ======================
]]></system-out>
  </testcase>
  <testcase name="runScenario[&quot;Linked List home page&quot;, &quot;Linked List&quot;](66)" classname="TestRunners.TestRunner" time="0.35">
    <system-out><![CDATA[
Scenario: Creating Linked LIst                                       &amp#27;[90m# src/test/resources/Features/LinkedList.feature:43&amp#27;[0m
]]></system-out>
  </testcase>
  <testcase name="runScenario[&quot;Creating Linked LIst&quot;, &quot;Linked List&quot;](67)" classname="TestRunners.TestRunner" time="5.317">
    <system-out><![CDATA[
Scenario: LL_Try Here Editor page with empty data                            &amp#27;[90m# src/test/resources/Features/LinkedList.feature:48&amp#27;[0m
  &amp#27;[32mGiven &amp#27;[0m&amp#27;[32mThe user is on the DS Introduction page as signedIn&amp#27;[0m          &amp#27;[90m# StepDefinitions.DSIntroductionDetails.the_user_is_on_the_ds_introduction_page_as_signed_in()&amp#27;[0m
  &amp#27;[32mAnd &amp#27;[0m&amp#27;[32mUser clicks on Get Started button from Linked List panel&amp#27;[0m       &amp#27;[90m# StepDefinitions.LinkedList.user_clicks_on_get_started_button_from_linked_list_panel()&amp#27;[0m
  &amp#27;[32mGiven &amp#27;[0m&amp#27;[32mThe user is on the DS Introduction page as signedIn&amp#27;[0m                  &amp#27;[90m# StepDefinitions.DSIntroductionDetails.the_user_is_on_the_ds_introduction_page_as_signed_in()&amp#27;[0m
  &amp#27;[32mGiven &amp#27;[0m&amp#27;[32mThe user is on the Creating Linked LIst page&amp#27;[0m                 &amp#27;[90m# StepDefinitions.LinkedList.the_user_is_on_the_creating_linked_l_ist_page()&amp#27;[0m
  &amp#27;[32mAnd &amp#27;[0m&amp#27;[32mUser clicks on Get Started button from Linked List panel&amp#27;[0m               &amp#27;[90m# StepDefinitions.LinkedList.user_clicks_on_get_started_button_from_linked_list_panel()&amp#27;[0m
  &amp#27;[32mWhen &amp#27;[0m&amp#27;[32mThe user clicks Try Here button&amp#27;[0m                               &amp#27;[90m# StepDefinitions.Tree.the_user_clicks_try_here_button()&amp#27;[0m
  &amp#27;[32mThen &amp#27;[0m&amp#27;[32mThe user is redirected to a page having Editor and run button&amp#27;[0m &amp#27;[90m# StepDefinitions.Tree.the_user_is_redirected_to_a_page_having_editor_and_run_button()&amp#27;[0m
[INFO ] 2024-12-17 11:51:03.936 [TestNG-PoolService-2] Hooks - ======================  Test Execution is completed!! ======================
]]></system-out>
    <system-err><![CDATA[Dec 17, 2024 11:50:59 AM org.openqa.selenium.devtools.CdpVersionFinder findNearestMatch
WARNING: Unable to find an exact match for CDP version 131, returning the closest version; found: 130; Please update to a Selenium version that supports CDP version 131
Dec 17, 2024 11:51:00 AM org.openqa.selenium.devtools.CdpVersionFinder findNearestMatch
WARNING: Unable to find an exact match for CDP version 131, returning the closest version; found: 130; Please update to a Selenium version that supports CDP version 131
]]></system-err>
  </testcase>
  <testcase name="runScenario[&quot;Creating Linked LIst&quot;, &quot;Linked List&quot;](67)" classname="TestRunners.TestRunner" time="9.917">
    <system-out><![CDATA[
Scenario: LL_Try Here Editor page with empty data                            &amp#27;[90m# src/test/resources/Features/LinkedList.feature:48&amp#27;[0m
  &amp#27;[32mGiven &amp#27;[0m&amp#27;[32mThe user is on the DS Introduction page as signedIn&amp#27;[0m          &amp#27;[90m# StepDefinitions.DSIntroductionDetails.the_user_is_on_the_ds_introduction_page_as_signed_in()&amp#27;[0m
  &amp#27;[32mAnd &amp#27;[0m&amp#27;[32mUser clicks on Get Started button from Linked List panel&amp#27;[0m       &amp#27;[90m# StepDefinitions.LinkedList.user_clicks_on_get_started_button_from_linked_list_panel()&amp#27;[0m
  &amp#27;[32mGiven &amp#27;[0m&amp#27;[32mThe user is on the Creating Linked LIst page&amp#27;[0m                 &amp#27;[90m# StepDefinitions.LinkedList.the_user_is_on_the_creating_linked_l_ist_page()&amp#27;[0m
  &amp#27;[32mGiven &amp#27;[0m&amp#27;[32mThe user is on the DS Introduction page as signedIn&amp#27;[0m                  &amp#27;[90m# StepDefinitions.DSIntroductionDetails.the_user_is_on_the_ds_introduction_page_as_signed_in()&amp#27;[0m
  &amp#27;[32mAnd &amp#27;[0m&amp#27;[32mUser clicks on Get Started button from Linked List panel&amp#27;[0m               &amp#27;[90m# StepDefinitions.LinkedList.user_clicks_on_get_started_button_from_linked_list_panel()&amp#27;[0m
  &amp#27;[32mWhen &amp#27;[0m&amp#27;[32mThe user clicks Try Here button&amp#27;[0m                               &amp#27;[90m# StepDefinitions.Tree.the_user_clicks_try_here_button()&amp#27;[0m
  &amp#27;[32mThen &amp#27;[0m&amp#27;[32mThe user is redirected to a page having Editor and run button&amp#27;[0m &amp#27;[90m# StepDefinitions.Tree.the_user_is_redirected_to_a_page_having_editor_and_run_button()&amp#27;[0m
[INFO ] 2024-12-17 12:02:48.820 [TestNG-PoolService-1] Hooks - ======================  Test Execution is completed!! ======================
  &amp#27;[32mGiven &amp#27;[0m&amp#27;[32mThe user is on the editor page of Creating Linked LIst page&amp#27;[0m          &amp#27;[90m# StepDefinitions.LinkedList.the_user_is_on_the_editor_page_of_creating_linked_l_ist_page()&amp#27;[0m
  &amp#27;[32mWhen &amp#27;[0m&amp#27;[32mThe user writes no code inside editor window and clicks on Run button&amp#27;[0m &amp#27;[90m# StepDefinitions.Tree.the_user_writes_no_code_inside_editor_window_and_clicks_on_run_button()&amp#27;[0m
  &amp#27;[32mThen &amp#27;[0m&amp#27;[32mNothing happens to the Editor page and no error message is displayed&amp#27;[0m  &amp#27;[90m# StepDefinitions.Tree.nothing_happens_to_the_editor_page_and_no_error_message_is_displayed()&amp#27;[0m
[INFO ] 2024-12-17 12:02:50.230 [TestNG-PoolService-2] Hooks - ======================  Test Execution is completed!! ======================
]]></system-out>
  </testcase>
  <testcase name="runScenario[&quot;Creating Linked LIst&quot;, &quot;Linked List&quot;](67)" classname="TestRunners.TestRunner" time="6.968">
    <system-out><![CDATA[
Scenario: LL_Try Here Editor page with empty data                            &amp#27;[90m# src/test/resources/Features/LinkedList.feature:48&amp#27;[0m
  &amp#27;[32mGiven &amp#27;[0m&amp#27;[32mThe user is on the DS Introduction page as signedIn&amp#27;[0m          &amp#27;[90m# StepDefinitions.DSIntroductionDetails.the_user_is_on_the_ds_introduction_page_as_signed_in()&amp#27;[0m
  &amp#27;[32mAnd &amp#27;[0m&amp#27;[32mUser clicks on Get Started button from Linked List panel&amp#27;[0m       &amp#27;[90m# StepDefinitions.LinkedList.user_clicks_on_get_started_button_from_linked_list_panel()&amp#27;[0m
  &amp#27;[32mGiven &amp#27;[0m&amp#27;[32mThe user is on the DS Introduction page as signedIn&amp#27;[0m                  &amp#27;[90m# StepDefinitions.DSIntroductionDetails.the_user_is_on_the_ds_introduction_page_as_signed_in()&amp#27;[0m
  &amp#27;[32mGiven &amp#27;[0m&amp#27;[32mThe user is on the Creating Linked LIst page&amp#27;[0m                 &amp#27;[90m# StepDefinitions.LinkedList.the_user_is_on_the_creating_linked_l_ist_page()&amp#27;[0m
  &amp#27;[32mAnd &amp#27;[0m&amp#27;[32mUser clicks on Get Started button from Linked List panel&amp#27;[0m               &amp#27;[90m# StepDefinitions.LinkedList.user_clicks_on_get_started_button_from_linked_list_panel()&amp#27;[0m
  &amp#27;[32mWhen &amp#27;[0m&amp#27;[32mThe user clicks Try Here button&amp#27;[0m                               &amp#27;[90m# StepDefinitions.Tree.the_user_clicks_try_here_button()&amp#27;[0m
  &amp#27;[32mThen &amp#27;[0m&amp#27;[32mThe user is redirected to a page having Editor and run button&amp#27;[0m &amp#27;[90m# StepDefinitions.Tree.the_user_is_redirected_to_a_page_having_editor_and_run_button()&amp#27;[0m
[INFO ] 2024-12-17 12:19:03.082 [TestNG-PoolService-2] Hooks - ======================  Test Execution is completed!! ======================
  &amp#27;[32mGiven &amp#27;[0m&amp#27;[32mThe user is on the editor page of Creating Linked LIst page&amp#27;[0m          &amp#27;[90m# StepDefinitions.LinkedList.the_user_is_on_the_editor_page_of_creating_linked_l_ist_page()&amp#27;[0m
  &amp#27;[32mWhen &amp#27;[0m&amp#27;[32mThe user writes no code inside editor window and clicks on Run button&amp#27;[0m &amp#27;[90m# StepDefinitions.Tree.the_user_writes_no_code_inside_editor_window_and_clicks_on_run_button()&amp#27;[0m
  &amp#27;[32mThen &amp#27;[0m&amp#27;[32mNothing happens to the Editor page and no error message is displayed&amp#27;[0m  &amp#27;[90m# StepDefinitions.Tree.nothing_happens_to_the_editor_page_and_no_error_message_is_displayed()&amp#27;[0m
[INFO ] 2024-12-17 12:19:03.536 [TestNG-PoolService-3] Hooks - ======================  Test Execution is completed!! ======================
]]></system-out>
    <system-err><![CDATA[Dec 17, 2024 12:18:59 PM org.openqa.selenium.devtools.CdpVersionFinder findNearestMatch
WARNING: Unable to find an exact match for CDP version 131, returning the closest version; found: 130; Please update to a Selenium version that supports CDP version 131
Dec 17, 2024 12:19:00 PM org.openqa.selenium.devtools.CdpVersionFinder findNearestMatch
WARNING: Unable to find an exact match for CDP version 131, returning the closest version; found: 130; Please update to a Selenium version that supports CDP version 131
]]></system-err>
  </testcase>
  <testcase name="runScenario[&quot;LL_Try Here Editor page with empty data&quot;, &quot;Linked List&quot;](68)" classname="TestRunners.TestRunner" time="0.631">
    <system-out><![CDATA[
Scenario: LL_Try Here Editor page with valid data                     &amp#27;[90m# src/test/resources/Features/LinkedList.feature:53&amp#27;[0m
  &amp#27;[32mGiven &amp#27;[0m&amp#27;[32mThe user is on the editor page of Creating Linked LIst page&amp#27;[0m          &amp#27;[90m# StepDefinitions.LinkedList.the_user_is_on_the_editor_page_of_creating_linked_l_ist_page()&amp#27;[0m
  &amp#27;[32mWhen &amp#27;[0m&amp#27;[32mThe user writes no code inside editor window and clicks on Run button&amp#27;[0m &amp#27;[90m# StepDefinitions.Tree.the_user_writes_no_code_inside_editor_window_and_clicks_on_run_button()&amp#27;[0m
  &amp#27;[32mThen &amp#27;[0m&amp#27;[32mNothing happens to the Editor page and no error message is displayed&amp#27;[0m  &amp#27;[90m# StepDefinitions.Tree.nothing_happens_to_the_editor_page_and_no_error_message_is_displayed()&amp#27;[0m
[INFO ] 2024-12-17 11:51:04.605 [TestNG-PoolService-3] Hooks - ======================  Test Execution is completed!! ======================
]]></system-out>
  </testcase>
  <testcase name="runScenario[&quot;LL_Try Here Editor page with empty data&quot;, &quot;Linked List&quot;](68)" classname="TestRunners.TestRunner" time="0.902">
    <system-out><![CDATA[
Scenario: LL_Try Here Editor page with valid data                     &amp#27;[90m# src/test/resources/Features/LinkedList.feature:53&amp#27;[0m
]]></system-out>
  </testcase>
  <testcase name="runScenario[&quot;LL_Try Here Editor page with empty data&quot;, &quot;Linked List&quot;](68)" classname="TestRunners.TestRunner" time="0.38">
    <system-out><![CDATA[
Scenario: LL_Try Here Editor page with valid data                     &amp#27;[90m# src/test/resources/Features/LinkedList.feature:53&amp#27;[0m
]]></system-out>
  </testcase>
  <testcase name="runScenario[&quot;LL_Try Here Editor page with valid data&quot;, &quot;Linked List&quot;](69)" classname="TestRunners.TestRunner" time="5.124">
    <failure message="element not interactable&#10;  (Session info: chrome=131.0.6778.140)&#10;Build info: version: &apos;4.26.0&apos;, revision: &apos;8ccf0219d7&apos;&#10;System info: os.name: &apos;Windows 11&apos;, os.arch: &apos;amd64&apos;, os.version: &apos;10.0&apos;, java.version: &apos;21.0.5&apos;&#10;Driver info: org.openqa.selenium.chrome.ChromeDriver&#10;Command: [ad6eeb24ae59e40037bfafb5eb022212, sendKeysToElement {value=[Ljava.lang.CharSequence;@25c98be8, id=f.4235742212F2D7F4AED5C053142BE0CD.d.F422C6A2D7C1527722F7721BE0A54BBE.e.48}]&#10;Capabilities {acceptInsecureCerts: false, browserName: chrome, browserVersion: 131.0.6778.140, chrome: {chromedriverVersion: 131.0.6778.108 (3b014839fbc..., userDataDir: C:\Users\vamsh\AppData\Loca...}, fedcm:accounts: true, goog:chromeOptions: {debuggerAddress: localhost:58076}, networkConnectionEnabled: false, pageLoadStrategy: normal, platformName: windows, proxy: Proxy(), se:cdp: ws://localhost:58076/devtoo..., se:cdpVersion: 131.0.6778.140, setWindowRect: true, strictFileInteractability: false, timeouts: {implicit: 0, pageLoad: 300000, script: 30000}, unhandledPromptBehavior: dismiss and notify, webauthn:extension:credBlob: true, webauthn:extension:largeBlob: true, webauthn:extension:minPinLength: true, webauthn:extension:prf: true, webauthn:virtualAuthenticators: true}&#10;Element: [[ChromeDriver: chrome on windows (ad6eeb24ae59e40037bfafb5eb022212)] -&gt; css selector: .CodeMirror textarea]&#10;Session ID: ad6eeb24ae59e40037bfafb5eb022212" type="org.openqa.selenium.ElementNotInteractableException"><![CDATA[org.openqa.selenium.ElementNotInteractableException: 
element not interactable
  (Session info: chrome=131.0.6778.140)
Build info: version: '4.26.0', revision: '8ccf0219d7'
System info: os.name: 'Windows 11', os.arch: 'amd64', os.version: '10.0', java.version: '21.0.5'
Driver info: org.openqa.selenium.chrome.ChromeDriver
Command: [ad6eeb24ae59e40037bfafb5eb022212, sendKeysToElement {value=[Ljava.lang.CharSequence;@25c98be8, id=f.4235742212F2D7F4AED5C053142BE0CD.d.F422C6A2D7C1527722F7721BE0A54BBE.e.48}]
Capabilities {acceptInsecureCerts: false, browserName: chrome, browserVersion: 131.0.6778.140, chrome: {chromedriverVersion: 131.0.6778.108 (3b014839fbc..., userDataDir: C:\Users\vamsh\AppData\Loca...}, fedcm:accounts: true, goog:chromeOptions: {debuggerAddress: localhost:58076}, networkConnectionEnabled: false, pageLoadStrategy: normal, platformName: windows, proxy: Proxy(), se:cdp: ws://localhost:58076/devtoo..., se:cdpVersion: 131.0.6778.140, setWindowRect: true, strictFileInteractability: false, timeouts: {implicit: 0, pageLoad: 300000, script: 30000}, unhandledPromptBehavior: dismiss and notify, webauthn:extension:credBlob: true, webauthn:extension:largeBlob: true, webauthn:extension:minPinLength: true, webauthn:extension:prf: true, webauthn:virtualAuthenticators: true}
Element: [[ChromeDriver: chrome on windows (ad6eeb24ae59e40037bfafb5eb022212)] -> css selector: .CodeMirror textarea]
Session ID: ad6eeb24ae59e40037bfafb5eb022212
]]></failure>
    <system-out><![CDATA[
Scenario: LL_Try Here Editor page with invalid data                     &amp#27;[90m# src/test/resources/Features/LinkedList.feature:58&amp#27;[0m
  &amp#27;[32mGiven &amp#27;[0m&amp#27;[32mThe user is on the DS Introduction page as signedIn&amp#27;[0m           &amp#27;[90m# StepDefinitions.DSIntroductionDetails.the_user_is_on_the_ds_introduction_page_as_signed_in()&amp#27;[0m
  &amp#27;[32mAnd &amp#27;[0m&amp#27;[32mUser clicks on Get Started button from Linked List panel&amp#27;[0m        &amp#27;[90m# StepDefinitions.LinkedList.user_clicks_on_get_started_button_from_linked_list_panel()&amp#27;[0m
  &amp#27;[32mGiven &amp#27;[0m&amp#27;[32mThe user is on the DS Introduction page as signedIn&amp#27;[0m             &amp#27;[90m# StepDefinitions.DSIntroductionDetails.the_user_is_on_the_ds_introduction_page_as_signed_in()&amp#27;[0m
  &amp#27;[32mAnd &amp#27;[0m&amp#27;[32mUser clicks on Get Started button from Linked List panel&amp#27;[0m          &amp#27;[90m# StepDefinitions.LinkedList.user_clicks_on_get_started_button_from_linked_list_panel()&amp#27;[0m
  &amp#27;[32mGiven &amp#27;[0m&amp#27;[32mThe user is on the editor page of Creating Linked LIst page&amp#27;[0m   &amp#27;[90m# StepDefinitions.LinkedList.the_user_is_on_the_editor_page_of_creating_linked_l_ist_page()&amp#27;[0m
  &amp#27;[31mWhen &amp#27;[0m&amp#27;[31mThe user writes the valid python code and clicks on Run button&amp#27;[0m &amp#27;[90m# StepDefinitions.Tree.the_user_writes_the_valid_python_code_and_clicks_on_run_button()&amp#27;[0m
      &amp#27;[31morg.openqa.selenium.ElementNotInteractableException: element not interactable
  (Session info: chrome=131.0.6778.140)
Build info: version: '4.26.0', revision: '8ccf0219d7'
System info: os.name: 'Windows 11', os.arch: 'amd64', os.version: '10.0', java.version: '21.0.5'
Driver info: org.openqa.selenium.chrome.ChromeDriver
Command: [ad6eeb24ae59e40037bfafb5eb022212, sendKeysToElement {value=[Ljava.lang.CharSequence;@25c98be8, id=f.4235742212F2D7F4AED5C053142BE0CD.d.F422C6A2D7C1527722F7721BE0A54BBE.e.48}]
Capabilities {acceptInsecureCerts: false, browserName: chrome, browserVersion: 131.0.6778.140, chrome: {chromedriverVersion: 131.0.6778.108 (3b014839fbc..., userDataDir: C:\Users\vamsh\AppData\Loca...}, fedcm:accounts: true, goog:chromeOptions: {debuggerAddress: localhost:58076}, networkConnectionEnabled: false, pageLoadStrategy: normal, platformName: windows, proxy: Proxy(), se:cdp: ws://localhost:58076/devtoo..., se:cdpVersion: 131.0.6778.140, setWindowRect: true, strictFileInteractability: false, timeouts: {implicit: 0, pageLoad: 300000, script: 30000}, unhandledPromptBehavior: dismiss and notify, webauthn:extension:credBlob: true, webauthn:extension:largeBlob: true, webauthn:extension:minPinLength: true, webauthn:extension:prf: true, webauthn:virtualAuthenticators: true}
Element: [[ChromeDriver: chrome on windows (ad6eeb24ae59e40037bfafb5eb022212)] -> css selector: .CodeMirror textarea]
Session ID: ad6eeb24ae59e40037bfafb5eb022212
	at java.base/jdk.internal.reflect.DirectConstructorHandleAccessor.newInstance(DirectConstructorHandleAccessor.java:62)
	at java.base/java.lang.reflect.Constructor.newInstanceWithCaller(Constructor.java:502)
	at java.base/java.lang.reflect.Constructor.newInstance(Constructor.java:486)
	at org.openqa.selenium.remote.ErrorCodec.decode(ErrorCodec.java:167)
	at org.openqa.selenium.remote.codec.w3c.W3CHttpResponseCodec.decode(W3CHttpResponseCodec.java:138)
	at org.openqa.selenium.remote.codec.w3c.W3CHttpResponseCodec.decode(W3CHttpResponseCodec.java:50)
	at org.openqa.selenium.remote.HttpCommandExecutor.execute(HttpCommandExecutor.java:190)
	at org.openqa.selenium.remote.service.DriverCommandExecutor.invokeExecute(DriverCommandExecutor.java:216)
	at org.openqa.selenium.remote.service.DriverCommandExecutor.execute(DriverCommandExecutor.java:174)
	at org.openqa.selenium.remote.RemoteWebDriver.execute(RemoteWebDriver.java:545)
	at org.openqa.selenium.remote.RemoteWebElement.execute(RemoteWebElement.java:223)
	at org.openqa.selenium.remote.RemoteWebElement.sendKeys(RemoteWebElement.java:110)
	at PageObjects.TreePage.writeInTryEditorWindow(TreePage.java:251)
	at StepDefinitions.Tree.the_user_writes_the_valid_python_code_and_clicks_on_run_button(Tree.java:93)
	at ✽.The user writes the valid python code and clicks on Run button(file:///C:/Projects/newFolder-3/Repo1/src/test/resources/Features/LinkedList.feature:55)
&amp#27;[0m
  &amp#27;[36mThen &amp#27;[0m&amp#27;[36mThe user is able to see the output inside the console.&amp#27;[0m         &amp#27;[90m# StepDefinitions.Tree.the_user_is_able_to_see_the_output_inside_the_console()&amp#27;[0m
[ERROR] 2024-12-17 11:51:09.525 [TestNG-PoolService-2] Hooks - ======================  TEST CASE FAILED !! ======================

    Embedding screenshot [image/png 7853 bytes]

[INFO ] 2024-12-17 11:51:09.677 [TestNG-PoolService-2] Hooks - ======================  Screenshot is captured  ======================
[INFO ] 2024-12-17 11:51:09.679 [TestNG-PoolService-2] Hooks - ======================  Test Execution is completed!! ======================
]]></system-out>
    <system-err><![CDATA[Dec 17, 2024 11:51:05 AM org.openqa.selenium.devtools.CdpVersionFinder findNearestMatch
WARNING: Unable to find an exact match for CDP version 131, returning the closest version; found: 130; Please update to a Selenium version that supports CDP version 131
Dec 17, 2024 11:51:06 AM org.openqa.selenium.devtools.CdpVersionFinder findNearestMatch
WARNING: Unable to find an exact match for CDP version 131, returning the closest version; found: 130; Please update to a Selenium version that supports CDP version 131
]]></system-err>
  </testcase>
  <testcase name="runScenario[&quot;LL_Try Here Editor page with valid data&quot;, &quot;Linked List&quot;](69)" classname="TestRunners.TestRunner" time="8.263">
    <failure message="element not interactable&#10;  (Session info: MicrosoftEdge=131.0.2903.99)&#10;Build info: version: &apos;4.26.0&apos;, revision: &apos;8ccf0219d7&apos;&#10;System info: os.name: &apos;Windows 11&apos;, os.arch: &apos;amd64&apos;, os.version: &apos;10.0&apos;, java.version: &apos;21.0.5&apos;&#10;Driver info: org.openqa.selenium.edge.EdgeDriver&#10;Command: [1c563d15187f13f472dbaa2c8f3828d1, sendKeysToElement {value=[Ljava.lang.CharSequence;@69010928, id=f.EA021258074FF9787A6B51E8D0AB22BC.d.8F9C872329A563EDD60E3D3404E350BD.e.38}]&#10;Capabilities {acceptInsecureCerts: false, browserName: MicrosoftEdge, browserVersion: 131.0.2903.99, fedcm:accounts: true, ms:edgeOptions: {debuggerAddress: localhost:52506}, msedge: {msedgedriverVersion: 131.0.2903.99 (f96a870b1316..., userDataDir: C:\Users\vamsh\AppData\Loca...}, networkConnectionEnabled: false, pageLoadStrategy: normal, platformName: windows, proxy: Proxy(), se:cdp: ws://localhost:52506/devtoo..., se:cdpVersion: 131.0.2903.99, setWindowRect: true, strictFileInteractability: false, timeouts: {implicit: 0, pageLoad: 300000, script: 30000}, unhandledPromptBehavior: dismiss and notify, webauthn:extension:credBlob: true, webauthn:extension:largeBlob: true, webauthn:extension:minPinLength: true, webauthn:extension:prf: true, webauthn:virtualAuthenticators: true}&#10;Element: [[EdgeDriver: MicrosoftEdge on windows (1c563d15187f13f472dbaa2c8f3828d1)] -&gt; css selector: .CodeMirror textarea]&#10;Session ID: 1c563d15187f13f472dbaa2c8f3828d1" type="org.openqa.selenium.ElementNotInteractableException"><![CDATA[org.openqa.selenium.ElementNotInteractableException: 
element not interactable
  (Session info: MicrosoftEdge=131.0.2903.99)
Build info: version: '4.26.0', revision: '8ccf0219d7'
System info: os.name: 'Windows 11', os.arch: 'amd64', os.version: '10.0', java.version: '21.0.5'
Driver info: org.openqa.selenium.edge.EdgeDriver
Command: [1c563d15187f13f472dbaa2c8f3828d1, sendKeysToElement {value=[Ljava.lang.CharSequence;@69010928, id=f.EA021258074FF9787A6B51E8D0AB22BC.d.8F9C872329A563EDD60E3D3404E350BD.e.38}]
Capabilities {acceptInsecureCerts: false, browserName: MicrosoftEdge, browserVersion: 131.0.2903.99, fedcm:accounts: true, ms:edgeOptions: {debuggerAddress: localhost:52506}, msedge: {msedgedriverVersion: 131.0.2903.99 (f96a870b1316..., userDataDir: C:\Users\vamsh\AppData\Loca...}, networkConnectionEnabled: false, pageLoadStrategy: normal, platformName: windows, proxy: Proxy(), se:cdp: ws://localhost:52506/devtoo..., se:cdpVersion: 131.0.2903.99, setWindowRect: true, strictFileInteractability: false, timeouts: {implicit: 0, pageLoad: 300000, script: 30000}, unhandledPromptBehavior: dismiss and notify, webauthn:extension:credBlob: true, webauthn:extension:largeBlob: true, webauthn:extension:minPinLength: true, webauthn:extension:prf: true, webauthn:virtualAuthenticators: true}
Element: [[EdgeDriver: MicrosoftEdge on windows (1c563d15187f13f472dbaa2c8f3828d1)] -> css selector: .CodeMirror textarea]
Session ID: 1c563d15187f13f472dbaa2c8f3828d1
]]></failure>
    <system-out><![CDATA[
Scenario: LL_Try Here Editor page with invalid data                     &amp#27;[90m# src/test/resources/Features/LinkedList.feature:58&amp#27;[0m
  &amp#27;[32mGiven &amp#27;[0m&amp#27;[32mThe user is on the DS Introduction page as signedIn&amp#27;[0m           &amp#27;[90m# StepDefinitions.DSIntroductionDetails.the_user_is_on_the_ds_introduction_page_as_signed_in()&amp#27;[0m
  &amp#27;[32mAnd &amp#27;[0m&amp#27;[32mUser clicks on Get Started button from Linked List panel&amp#27;[0m        &amp#27;[90m# StepDefinitions.LinkedList.user_clicks_on_get_started_button_from_linked_list_panel()&amp#27;[0m
  &amp#27;[32mGiven &amp#27;[0m&amp#27;[32mThe user is on the DS Introduction page as signedIn&amp#27;[0m             &amp#27;[90m# StepDefinitions.DSIntroductionDetails.the_user_is_on_the_ds_introduction_page_as_signed_in()&amp#27;[0m
  &amp#27;[32mAnd &amp#27;[0m&amp#27;[32mUser clicks on Get Started button from Linked List panel&amp#27;[0m          &amp#27;[90m# StepDefinitions.LinkedList.user_clicks_on_get_started_button_from_linked_list_panel()&amp#27;[0m
  &amp#27;[32mGiven &amp#27;[0m&amp#27;[32mThe user is on the editor page of Creating Linked LIst page&amp#27;[0m   &amp#27;[90m# StepDefinitions.LinkedList.the_user_is_on_the_editor_page_of_creating_linked_l_ist_page()&amp#27;[0m
  &amp#27;[31mWhen &amp#27;[0m&amp#27;[31mThe user writes the valid python code and clicks on Run button&amp#27;[0m &amp#27;[90m# StepDefinitions.Tree.the_user_writes_the_valid_python_code_and_clicks_on_run_button()&amp#27;[0m
      &amp#27;[31morg.openqa.selenium.ElementNotInteractableException: element not interactable
  (Session info: MicrosoftEdge=131.0.2903.99)
Build info: version: '4.26.0', revision: '8ccf0219d7'
System info: os.name: 'Windows 11', os.arch: 'amd64', os.version: '10.0', java.version: '21.0.5'
Driver info: org.openqa.selenium.edge.EdgeDriver
Command: [1c563d15187f13f472dbaa2c8f3828d1, sendKeysToElement {value=[Ljava.lang.CharSequence;@69010928, id=f.EA021258074FF9787A6B51E8D0AB22BC.d.8F9C872329A563EDD60E3D3404E350BD.e.38}]
Capabilities {acceptInsecureCerts: false, browserName: MicrosoftEdge, browserVersion: 131.0.2903.99, fedcm:accounts: true, ms:edgeOptions: {debuggerAddress: localhost:52506}, msedge: {msedgedriverVersion: 131.0.2903.99 (f96a870b1316..., userDataDir: C:\Users\vamsh\AppData\Loca...}, networkConnectionEnabled: false, pageLoadStrategy: normal, platformName: windows, proxy: Proxy(), se:cdp: ws://localhost:52506/devtoo..., se:cdpVersion: 131.0.2903.99, setWindowRect: true, strictFileInteractability: false, timeouts: {implicit: 0, pageLoad: 300000, script: 30000}, unhandledPromptBehavior: dismiss and notify, webauthn:extension:credBlob: true, webauthn:extension:largeBlob: true, webauthn:extension:minPinLength: true, webauthn:extension:prf: true, webauthn:virtualAuthenticators: true}
Element: [[EdgeDriver: MicrosoftEdge on windows (1c563d15187f13f472dbaa2c8f3828d1)] -> css selector: .CodeMirror textarea]
Session ID: 1c563d15187f13f472dbaa2c8f3828d1
	at java.base/jdk.internal.reflect.DirectConstructorHandleAccessor.newInstance(DirectConstructorHandleAccessor.java:62)
	at java.base/java.lang.reflect.Constructor.newInstanceWithCaller(Constructor.java:502)
	at java.base/java.lang.reflect.Constructor.newInstance(Constructor.java:486)
	at org.openqa.selenium.remote.ErrorCodec.decode(ErrorCodec.java:167)
	at org.openqa.selenium.remote.codec.w3c.W3CHttpResponseCodec.decode(W3CHttpResponseCodec.java:138)
	at org.openqa.selenium.remote.codec.w3c.W3CHttpResponseCodec.decode(W3CHttpResponseCodec.java:50)
	at org.openqa.selenium.remote.HttpCommandExecutor.execute(HttpCommandExecutor.java:190)
	at org.openqa.selenium.remote.service.DriverCommandExecutor.invokeExecute(DriverCommandExecutor.java:216)
	at org.openqa.selenium.remote.service.DriverCommandExecutor.execute(DriverCommandExecutor.java:174)
	at org.openqa.selenium.remote.RemoteWebDriver.execute(RemoteWebDriver.java:545)
	at org.openqa.selenium.remote.RemoteWebElement.execute(RemoteWebElement.java:223)
	at org.openqa.selenium.remote.RemoteWebElement.sendKeys(RemoteWebElement.java:110)
	at PageObjects.TreePage.writeInTryEditorWindow(TreePage.java:251)
	at StepDefinitions.Tree.the_user_writes_the_valid_python_code_and_clicks_on_run_button(Tree.java:93)
	at ✽.The user writes the valid python code and clicks on Run button(file:///C:/Projects/newFolder-3/Repo1/src/test/resources/Features/LinkedList.feature:55)
&amp#27;[0m
  &amp#27;[36mThen &amp#27;[0m&amp#27;[36mThe user is able to see the output inside the console.&amp#27;[0m         &amp#27;[90m# StepDefinitions.Tree.the_user_is_able_to_see_the_output_inside_the_console()&amp#27;[0m
[ERROR] 2024-12-17 12:19:11.585 [TestNG-PoolService-2] Hooks - ======================  TEST CASE FAILED !! ======================

    Embedding screenshot [image/png 7890 bytes]

[INFO ] 2024-12-17 12:19:11.722 [TestNG-PoolService-2] Hooks - ======================  Screenshot is captured  ======================
[INFO ] 2024-12-17 12:19:11.722 [TestNG-PoolService-2] Hooks - ======================  Test Execution is completed!! ======================
  &amp#27;[32mGiven &amp#27;[0m&amp#27;[32mThe user is on the editor page of Creating Linked LIst page&amp#27;[0m     &amp#27;[90m# StepDefinitions.LinkedList.the_user_is_on_the_editor_page_of_creating_linked_l_ist_page()&amp#27;[0m
  &amp#27;[32mWhen &amp#27;[0m&amp#27;[32mThe user writes the invalid python code and clicks on Run button&amp#27;[0m &amp#27;[90m# StepDefinitions.Tree.the_user_writes_the_invalid_python_code_and_clicks_on_run_button()&amp#27;[0m
  &amp#27;[32mThen &amp#27;[0m&amp#27;[32mThe user see error msg in alert window&amp#27;[0m                           &amp#27;[90m# StepDefinitions.Tree.the_user_see_error_msg_in_alert_window()&amp#27;[0m
[INFO ] 2024-12-17 12:19:12.965 [TestNG-PoolService-3] Hooks - ======================  Test Execution is completed!! ======================
]]></system-out>
    <system-err><![CDATA[Dec 17, 2024 12:19:07 PM org.openqa.selenium.devtools.CdpVersionFinder findNearestMatch
WARNING: Unable to find an exact match for CDP version 131, returning the closest version; found: 130; Please update to a Selenium version that supports CDP version 131
Dec 17, 2024 12:19:07 PM org.openqa.selenium.devtools.CdpVersionFinder findNearestMatch
WARNING: Unable to find an exact match for CDP version 131, returning the closest version; found: 130; Please update to a Selenium version that supports CDP version 131
]]></system-err>
  </testcase>
  <testcase name="runScenario[&quot;LL_Try Here Editor page with invalid data&quot;, &quot;Linked List&quot;](70)" classname="TestRunners.TestRunner" time="1.249">
    <system-out><![CDATA[
Scenario: Linked List home page                                &amp#27;[90m# src/test/resources/Features/LinkedList.feature:63&amp#27;[0m
  &amp#27;[32mGiven &amp#27;[0m&amp#27;[32mThe user is on the editor page of Creating Linked LIst page&amp#27;[0m     &amp#27;[90m# StepDefinitions.LinkedList.the_user_is_on_the_editor_page_of_creating_linked_l_ist_page()&amp#27;[0m
  &amp#27;[32mWhen &amp#27;[0m&amp#27;[32mThe user writes the invalid python code and clicks on Run button&amp#27;[0m &amp#27;[90m# StepDefinitions.Tree.the_user_writes_the_invalid_python_code_and_clicks_on_run_button()&amp#27;[0m
  &amp#27;[32mThen &amp#27;[0m&amp#27;[32mThe user see error msg in alert window&amp#27;[0m                           &amp#27;[90m# StepDefinitions.Tree.the_user_see_error_msg_in_alert_window()&amp#27;[0m
[INFO ] 2024-12-17 11:51:10.949 [TestNG-PoolService-3] Hooks - ======================  Test Execution is completed!! ======================
]]></system-out>
  </testcase>
  <testcase name="runScenario[&quot;LL_Try Here Editor page with invalid data&quot;, &quot;Linked List&quot;](70)" classname="TestRunners.TestRunner" time="1.19">
    <system-out><![CDATA[
Scenario: Linked List home page                                &amp#27;[90m# src/test/resources/Features/LinkedList.feature:63&amp#27;[0m
]]></system-out>
  </testcase>
  <testcase name="runScenario[&quot;Linked List home page&quot;, &quot;Linked List&quot;](71)" classname="TestRunners.TestRunner" time="4.662">
    <system-out><![CDATA[
Scenario: Types of Linked List                                       &amp#27;[90m# src/test/resources/Features/LinkedList.feature:68&amp#27;[0m
  &amp#27;[32mGiven &amp#27;[0m&amp#27;[32mThe user is on the DS Introduction page as signedIn&amp#27;[0m    &amp#27;[90m# StepDefinitions.DSIntroductionDetails.the_user_is_on_the_ds_introduction_page_as_signed_in()&amp#27;[0m
  &amp#27;[32mAnd &amp#27;[0m&amp#27;[32mUser clicks on Get Started button from Linked List panel&amp#27;[0m &amp#27;[90m# StepDefinitions.LinkedList.user_clicks_on_get_started_button_from_linked_list_panel()&amp#27;[0m
  &amp#27;[32mGiven &amp#27;[0m&amp#27;[32mThe user is on the Creating Linked LIst page&amp#27;[0m           &amp#27;[90m# StepDefinitions.LinkedList.the_user_is_on_the_creating_linked_l_ist_page()&amp#27;[0m
  &amp#27;[32mWhen &amp#27;[0m&amp#27;[32mThe user clicks Types of Linked List link&amp#27;[0m               &amp#27;[90m# StepDefinitions.LinkedList.the_user_clicks_types_of_linked_list_link()&amp#27;[0m
  &amp#27;[32mGiven &amp#27;[0m&amp#27;[32mThe user is on the DS Introduction page as signedIn&amp#27;[0m          &amp#27;[90m# StepDefinitions.DSIntroductionDetails.the_user_is_on_the_ds_introduction_page_as_signed_in()&amp#27;[0m
  &amp#27;[32mThen &amp#27;[0m&amp#27;[32mThe user is directed to Types of Linked List page.&amp#27;[0m      &amp#27;[90m# StepDefinitions.LinkedList.the_user_is_directed_to_types_of_linked_list_page()&amp#27;[0m
[INFO ] 2024-12-17 11:51:15.604 [TestNG-PoolService-2] Hooks - ======================  Test Execution is completed!! ======================
]]></system-out>
    <system-err><![CDATA[Dec 17, 2024 11:51:11 AM org.openqa.selenium.devtools.CdpVersionFinder findNearestMatch
WARNING: Unable to find an exact match for CDP version 131, returning the closest version; found: 130; Please update to a Selenium version that supports CDP version 131
Dec 17, 2024 11:51:13 AM org.openqa.selenium.devtools.CdpVersionFinder findNearestMatch
WARNING: Unable to find an exact match for CDP version 131, returning the closest version; found: 130; Please update to a Selenium version that supports CDP version 131
]]></system-err>
  </testcase>
  <testcase name="runScenario[&quot;Linked List home page&quot;, &quot;Linked List&quot;](71)" classname="TestRunners.TestRunner" time="0.33">
    <system-out><![CDATA[
Scenario: Types of Linked List                                       &amp#27;[90m# src/test/resources/Features/LinkedList.feature:68&amp#27;[0m
]]></system-out>
  </testcase>
  <testcase name="runScenario[&quot;Linked List home page&quot;, &quot;Linked List&quot;](71)" classname="TestRunners.TestRunner" time="6.303">
    <system-out><![CDATA[
Scenario: Types of Linked List                                       &amp#27;[90m# src/test/resources/Features/LinkedList.feature:68&amp#27;[0m
  &amp#27;[32mGiven &amp#27;[0m&amp#27;[32mThe user is on the DS Introduction page as signedIn&amp#27;[0m    &amp#27;[90m# StepDefinitions.DSIntroductionDetails.the_user_is_on_the_ds_introduction_page_as_signed_in()&amp#27;[0m
  &amp#27;[32mAnd &amp#27;[0m&amp#27;[32mUser clicks on Get Started button from Linked List panel&amp#27;[0m &amp#27;[90m# StepDefinitions.LinkedList.user_clicks_on_get_started_button_from_linked_list_panel()&amp#27;[0m
  &amp#27;[32mGiven &amp#27;[0m&amp#27;[32mThe user is on the Creating Linked LIst page&amp#27;[0m           &amp#27;[90m# StepDefinitions.LinkedList.the_user_is_on_the_creating_linked_l_ist_page()&amp#27;[0m
  &amp#27;[32mWhen &amp#27;[0m&amp#27;[32mThe user clicks Types of Linked List link&amp#27;[0m               &amp#27;[90m# StepDefinitions.LinkedList.the_user_clicks_types_of_linked_list_link()&amp#27;[0m
  &amp#27;[32mThen &amp#27;[0m&amp#27;[32mThe user is directed to Types of Linked List page.&amp#27;[0m      &amp#27;[90m# StepDefinitions.LinkedList.the_user_is_directed_to_types_of_linked_list_page()&amp#27;[0m
[INFO ] 2024-12-17 12:19:19.167 [TestNG-PoolService-2] Hooks - ======================  Test Execution is completed!! ======================
  &amp#27;[32mGiven &amp#27;[0m&amp#27;[32mThe user is on the DS Introduction page as signedIn&amp#27;[0m          &amp#27;[90m# StepDefinitions.DSIntroductionDetails.the_user_is_on_the_ds_introduction_page_as_signed_in()&amp#27;[0m
  &amp#27;[32mWhen &amp#27;[0m&amp#27;[32mThe user writes the valid python code and clicks on Run button&amp#27;[0m &amp#27;[90m# StepDefinitions.Tree.the_user_writes_the_valid_python_code_and_clicks_on_run_button()&amp#27;[0m
  &amp#27;[32mThen &amp#27;[0m&amp#27;[32mThe user is able to see the output inside the console.&amp#27;[0m         &amp#27;[90m# StepDefinitions.Tree.the_user_is_able_to_see_the_output_inside_the_console()&amp#27;[0m
[INFO ] 2024-12-17 12:19:19.328 [TestNG-PoolService-1] Hooks - ======================  Test Execution is completed!! ======================
  &amp#27;[32mAnd &amp#27;[0m&amp#27;[32mUser clicks on Get Started button from Linked List panel&amp#27;[0m       &amp#27;[90m# StepDefinitions.LinkedList.user_clicks_on_get_started_button_from_linked_list_panel()&amp#27;[0m
  &amp#27;[32mGiven &amp#27;[0m&amp#27;[32mThe user is on the Types of Linked List page&amp#27;[0m                 &amp#27;[90m# StepDefinitions.LinkedList.the_user_is_on_the_types_of_linked_list_page()&amp#27;[0m
]]></system-out>
    <system-err><![CDATA[Dec 17, 2024 12:19:15 PM org.openqa.selenium.devtools.CdpVersionFinder findNearestMatch
WARNING: Unable to find an exact match for CDP version 131, returning the closest version; found: 130; Please update to a Selenium version that supports CDP version 131
Dec 17, 2024 12:19:16 PM org.openqa.selenium.devtools.CdpVersionFinder findNearestMatch
WARNING: Unable to find an exact match for CDP version 131, returning the closest version; found: 130; Please update to a Selenium version that supports CDP version 131
]]></system-err>
  </testcase>
  <testcase name="runScenario[&quot;Types of Linked List&quot;, &quot;Linked List&quot;](72)" classname="TestRunners.TestRunner" time="1.655">
    <system-out><![CDATA[
Scenario: LL_Try Here Editor page with empty data                            &amp#27;[90m# src/test/resources/Features/LinkedList.feature:73&amp#27;[0m
  &amp#27;[32mAnd &amp#27;[0m&amp#27;[32mUser clicks on Get Started button from Linked List panel&amp#27;[0m       &amp#27;[90m# StepDefinitions.LinkedList.user_clicks_on_get_started_button_from_linked_list_panel()&amp#27;[0m
  &amp#27;[32mGiven &amp#27;[0m&amp#27;[32mThe user is on the Types of Linked List page&amp#27;[0m                 &amp#27;[90m# StepDefinitions.LinkedList.the_user_is_on_the_types_of_linked_list_page()&amp#27;[0m
  &amp#27;[32mWhen &amp#27;[0m&amp#27;[32mThe user clicks Try Here button&amp#27;[0m                               &amp#27;[90m# StepDefinitions.Tree.the_user_clicks_try_here_button()&amp#27;[0m
  &amp#27;[32mThen &amp#27;[0m&amp#27;[32mThe user is redirected to a page having Editor and run button&amp#27;[0m &amp#27;[90m# StepDefinitions.Tree.the_user_is_redirected_to_a_page_having_editor_and_run_button()&amp#27;[0m
[INFO ] 2024-12-17 11:51:17.205 [TestNG-PoolService-3] Hooks - ======================  Test Execution is completed!! ======================
]]></system-out>
    <system-err><![CDATA[Dec 17, 2024 11:51:17 AM org.openqa.selenium.devtools.CdpVersionFinder findNearestMatch
WARNING: Unable to find an exact match for CDP version 131, returning the closest version; found: 130; Please update to a Selenium version that supports CDP version 131
]]></system-err>
  </testcase>
  <testcase name="runScenario[&quot;Types of Linked List&quot;, &quot;Linked List&quot;](72)" classname="TestRunners.TestRunner" time="10.269">
    <system-out><![CDATA[
Scenario: LL_Try Here Editor page with empty data                            &amp#27;[90m# src/test/resources/Features/LinkedList.feature:73&amp#27;[0m
  &amp#27;[32mGiven &amp#27;[0m&amp#27;[32mThe user is on the DS Introduction page as signedIn&amp#27;[0m          &amp#27;[90m# StepDefinitions.DSIntroductionDetails.the_user_is_on_the_ds_introduction_page_as_signed_in()&amp#27;[0m
  &amp#27;[32mAnd &amp#27;[0m&amp#27;[32mUser clicks on Get Started button from Linked List panel&amp#27;[0m       &amp#27;[90m# StepDefinitions.LinkedList.user_clicks_on_get_started_button_from_linked_list_panel()&amp#27;[0m
  &amp#27;[32mGiven &amp#27;[0m&amp#27;[32mThe user is on the DS Introduction page as signedIn&amp#27;[0m                  &amp#27;[90m# StepDefinitions.DSIntroductionDetails.the_user_is_on_the_ds_introduction_page_as_signed_in()&amp#27;[0m
  &amp#27;[32mGiven &amp#27;[0m&amp#27;[32mThe user is on the Types of Linked List page&amp#27;[0m                 &amp#27;[90m# StepDefinitions.LinkedList.the_user_is_on_the_types_of_linked_list_page()&amp#27;[0m
  &amp#27;[32mAnd &amp#27;[0m&amp#27;[32mUser clicks on Get Started button from Linked List panel&amp#27;[0m               &amp#27;[90m# StepDefinitions.LinkedList.user_clicks_on_get_started_button_from_linked_list_panel()&amp#27;[0m
  &amp#27;[32mWhen &amp#27;[0m&amp#27;[32mThe user clicks Try Here button&amp#27;[0m                               &amp#27;[90m# StepDefinitions.Tree.the_user_clicks_try_here_button()&amp#27;[0m
  &amp#27;[32mThen &amp#27;[0m&amp#27;[32mThe user is redirected to a page having Editor and run button&amp#27;[0m &amp#27;[90m# StepDefinitions.Tree.the_user_is_redirected_to_a_page_having_editor_and_run_button()&amp#27;[0m
[INFO ] 2024-12-17 12:03:18.181 [TestNG-PoolService-3] Hooks - ======================  Test Execution is completed!! ======================
  &amp#27;[32mGiven &amp#27;[0m&amp#27;[32mThe user is on the editor page of Types of Linked List page&amp#27;[0m          &amp#27;[90m# StepDefinitions.LinkedList.the_user_is_on_the_editor_page_of_types_of_linked_list_page()&amp#27;[0m
  &amp#27;[32mWhen &amp#27;[0m&amp#27;[32mThe user writes no code inside editor window and clicks on Run button&amp#27;[0m &amp#27;[90m# StepDefinitions.Tree.the_user_writes_no_code_inside_editor_window_and_clicks_on_run_button()&amp#27;[0m
  &amp#27;[32mThen &amp#27;[0m&amp#27;[32mNothing happens to the Editor page and no error message is displayed&amp#27;[0m  &amp#27;[90m# StepDefinitions.Tree.nothing_happens_to_the_editor_page_and_no_error_message_is_displayed()&amp#27;[0m
[INFO ] 2024-12-17 12:03:18.749 [TestNG-PoolService-2] Hooks - ======================  Test Execution is completed!! ======================
]]></system-out>
  </testcase>
  <testcase name="runScenario[&quot;LL_Try Here Editor page with empty data&quot;, &quot;Linked List&quot;](73)" classname="TestRunners.TestRunner" time="3.804">
    <failure message="element not interactable&#10;  (Session info: chrome=131.0.6778.140)&#10;Build info: version: &apos;4.26.0&apos;, revision: &apos;8ccf0219d7&apos;&#10;System info: os.name: &apos;Windows 11&apos;, os.arch: &apos;amd64&apos;, os.version: &apos;10.0&apos;, java.version: &apos;21.0.5&apos;&#10;Driver info: org.openqa.selenium.chrome.ChromeDriver&#10;Command: [db7964688e44503fe3e1f8bc7f3ccff1, sendKeysToElement {value=[Ljava.lang.CharSequence;@eb6b4ef, id=f.62C30907E44AC4B552773A96B3EF5EF1.d.CF8129B42094C50AB48F4793705B5866.e.50}]&#10;Capabilities {acceptInsecureCerts: false, browserName: chrome, browserVersion: 131.0.6778.140, chrome: {chromedriverVersion: 131.0.6778.108 (3b014839fbc..., userDataDir: C:\Users\vamsh\AppData\Loca...}, fedcm:accounts: true, goog:chromeOptions: {debuggerAddress: localhost:58270}, networkConnectionEnabled: false, pageLoadStrategy: normal, platformName: windows, proxy: Proxy(), se:cdp: ws://localhost:58270/devtoo..., se:cdpVersion: 131.0.6778.140, setWindowRect: true, strictFileInteractability: false, timeouts: {implicit: 0, pageLoad: 300000, script: 30000}, unhandledPromptBehavior: dismiss and notify, webauthn:extension:credBlob: true, webauthn:extension:largeBlob: true, webauthn:extension:minPinLength: true, webauthn:extension:prf: true, webauthn:virtualAuthenticators: true}&#10;Element: [[ChromeDriver: chrome on windows (db7964688e44503fe3e1f8bc7f3ccff1)] -&gt; css selector: .CodeMirror textarea]&#10;Session ID: db7964688e44503fe3e1f8bc7f3ccff1" type="org.openqa.selenium.ElementNotInteractableException"><![CDATA[org.openqa.selenium.ElementNotInteractableException: 
element not interactable
  (Session info: chrome=131.0.6778.140)
Build info: version: '4.26.0', revision: '8ccf0219d7'
System info: os.name: 'Windows 11', os.arch: 'amd64', os.version: '10.0', java.version: '21.0.5'
Driver info: org.openqa.selenium.chrome.ChromeDriver
Command: [db7964688e44503fe3e1f8bc7f3ccff1, sendKeysToElement {value=[Ljava.lang.CharSequence;@eb6b4ef, id=f.62C30907E44AC4B552773A96B3EF5EF1.d.CF8129B42094C50AB48F4793705B5866.e.50}]
Capabilities {acceptInsecureCerts: false, browserName: chrome, browserVersion: 131.0.6778.140, chrome: {chromedriverVersion: 131.0.6778.108 (3b014839fbc..., userDataDir: C:\Users\vamsh\AppData\Loca...}, fedcm:accounts: true, goog:chromeOptions: {debuggerAddress: localhost:58270}, networkConnectionEnabled: false, pageLoadStrategy: normal, platformName: windows, proxy: Proxy(), se:cdp: ws://localhost:58270/devtoo..., se:cdpVersion: 131.0.6778.140, setWindowRect: true, strictFileInteractability: false, timeouts: {implicit: 0, pageLoad: 300000, script: 30000}, unhandledPromptBehavior: dismiss and notify, webauthn:extension:credBlob: true, webauthn:extension:largeBlob: true, webauthn:extension:minPinLength: true, webauthn:extension:prf: true, webauthn:virtualAuthenticators: true}
Element: [[ChromeDriver: chrome on windows (db7964688e44503fe3e1f8bc7f3ccff1)] -> css selector: .CodeMirror textarea]
Session ID: db7964688e44503fe3e1f8bc7f3ccff1
]]></failure>
    <system-out><![CDATA[
Scenario: LL_Try Here Editor page with valid data                     &amp#27;[90m# src/test/resources/Features/LinkedList.feature:78&amp#27;[0m
  &amp#27;[32mGiven &amp#27;[0m&amp#27;[32mThe user is on the DS Introduction page as signedIn&amp#27;[0m                  &amp#27;[90m# StepDefinitions.DSIntroductionDetails.the_user_is_on_the_ds_introduction_page_as_signed_in()&amp#27;[0m
  &amp#27;[32mAnd &amp#27;[0m&amp#27;[32mUser clicks on Get Started button from Linked List panel&amp#27;[0m               &amp#27;[90m# StepDefinitions.LinkedList.user_clicks_on_get_started_button_from_linked_list_panel()&amp#27;[0m
  &amp#27;[32mGiven &amp#27;[0m&amp#27;[32mThe user is on the editor page of Types of Linked List page&amp#27;[0m          &amp#27;[90m# StepDefinitions.LinkedList.the_user_is_on_the_editor_page_of_types_of_linked_list_page()&amp#27;[0m
  &amp#27;[31mWhen &amp#27;[0m&amp#27;[31mThe user writes no code inside editor window and clicks on Run button&amp#27;[0m &amp#27;[90m# StepDefinitions.Tree.the_user_writes_no_code_inside_editor_window_and_clicks_on_run_button()&amp#27;[0m
      &amp#27;[31morg.openqa.selenium.ElementNotInteractableException: element not interactable
  (Session info: chrome=131.0.6778.140)
Build info: version: '4.26.0', revision: '8ccf0219d7'
System info: os.name: 'Windows 11', os.arch: 'amd64', os.version: '10.0', java.version: '21.0.5'
Driver info: org.openqa.selenium.chrome.ChromeDriver
Command: [db7964688e44503fe3e1f8bc7f3ccff1, sendKeysToElement {value=[Ljava.lang.CharSequence;@eb6b4ef, id=f.62C30907E44AC4B552773A96B3EF5EF1.d.CF8129B42094C50AB48F4793705B5866.e.50}]
Capabilities {acceptInsecureCerts: false, browserName: chrome, browserVersion: 131.0.6778.140, chrome: {chromedriverVersion: 131.0.6778.108 (3b014839fbc..., userDataDir: C:\Users\vamsh\AppData\Loca...}, fedcm:accounts: true, goog:chromeOptions: {debuggerAddress: localhost:58270}, networkConnectionEnabled: false, pageLoadStrategy: normal, platformName: windows, proxy: Proxy(), se:cdp: ws://localhost:58270/devtoo..., se:cdpVersion: 131.0.6778.140, setWindowRect: true, strictFileInteractability: false, timeouts: {implicit: 0, pageLoad: 300000, script: 30000}, unhandledPromptBehavior: dismiss and notify, webauthn:extension:credBlob: true, webauthn:extension:largeBlob: true, webauthn:extension:minPinLength: true, webauthn:extension:prf: true, webauthn:virtualAuthenticators: true}
Element: [[ChromeDriver: chrome on windows (db7964688e44503fe3e1f8bc7f3ccff1)] -> css selector: .CodeMirror textarea]
Session ID: db7964688e44503fe3e1f8bc7f3ccff1
	at java.base/jdk.internal.reflect.DirectConstructorHandleAccessor.newInstance(DirectConstructorHandleAccessor.java:62)
	at java.base/java.lang.reflect.Constructor.newInstanceWithCaller(Constructor.java:502)
	at java.base/java.lang.reflect.Constructor.newInstance(Constructor.java:486)
	at org.openqa.selenium.remote.ErrorCodec.decode(ErrorCodec.java:167)
	at org.openqa.selenium.remote.codec.w3c.W3CHttpResponseCodec.decode(W3CHttpResponseCodec.java:138)
	at org.openqa.selenium.remote.codec.w3c.W3CHttpResponseCodec.decode(W3CHttpResponseCodec.java:50)
	at org.openqa.selenium.remote.HttpCommandExecutor.execute(HttpCommandExecutor.java:190)
	at org.openqa.selenium.remote.service.DriverCommandExecutor.invokeExecute(DriverCommandExecutor.java:216)
	at org.openqa.selenium.remote.service.DriverCommandExecutor.execute(DriverCommandExecutor.java:174)
	at org.openqa.selenium.remote.RemoteWebDriver.execute(RemoteWebDriver.java:545)
	at org.openqa.selenium.remote.RemoteWebElement.execute(RemoteWebElement.java:223)
	at org.openqa.selenium.remote.RemoteWebElement.sendKeys(RemoteWebElement.java:110)
	at PageObjects.TreePage.writeInTryEditorWindow(TreePage.java:251)
	at StepDefinitions.Tree.the_user_writes_no_code_inside_editor_window_and_clicks_on_run_button(Tree.java:80)
	at ✽.The user writes no code inside editor window and clicks on Run button(file:///C:/Projects/newFolder-3/Repo1/src/test/resources/Features/LinkedList.feature:75)
&amp#27;[0m
  &amp#27;[36mThen &amp#27;[0m&amp#27;[36mNothing happens to the Editor page and no error message is displayed&amp#27;[0m  &amp#27;[90m# StepDefinitions.Tree.nothing_happens_to_the_editor_page_and_no_error_message_is_displayed()&amp#27;[0m
[ERROR] 2024-12-17 11:51:20.905 [TestNG-PoolService-2] Hooks - ======================  TEST CASE FAILED !! ======================
  &amp#27;[32mGiven &amp#27;[0m&amp#27;[32mThe user is on the DS Introduction page as signedIn&amp#27;[0m           &amp#27;[90m# StepDefinitions.DSIntroductionDetails.the_user_is_on_the_ds_introduction_page_as_signed_in()&amp#27;[0m

    Embedding screenshot [image/png 7853 bytes]

[INFO ] 2024-12-17 11:51:21.052 [TestNG-PoolService-2] Hooks - ======================  Screenshot is captured  ======================
[INFO ] 2024-12-17 11:51:21.054 [TestNG-PoolService-2] Hooks - ======================  Test Execution is completed!! ======================
]]></system-out>
    <system-err><![CDATA[Dec 17, 2024 11:51:18 AM org.openqa.selenium.devtools.CdpVersionFinder findNearestMatch
WARNING: Unable to find an exact match for CDP version 131, returning the closest version; found: 130; Please update to a Selenium version that supports CDP version 131
]]></system-err>
  </testcase>
  <testcase name="runScenario[&quot;LL_Try Here Editor page with empty data&quot;, &quot;Linked List&quot;](73)" classname="TestRunners.TestRunner" time="0.139">
    <system-out><![CDATA[
Scenario: LL_Try Here Editor page with valid data                     &amp#27;[90m# src/test/resources/Features/LinkedList.feature:78&amp#27;[0m
]]></system-out>
  </testcase>
  <testcase name="runScenario[&quot;LL_Try Here Editor page with valid data&quot;, &quot;Linked List&quot;](74)" classname="TestRunners.TestRunner" time="1.761">
    <failure message="element not interactable&#10;  (Session info: chrome=131.0.6778.140)&#10;Build info: version: &apos;4.26.0&apos;, revision: &apos;8ccf0219d7&apos;&#10;System info: os.name: &apos;Windows 11&apos;, os.arch: &apos;amd64&apos;, os.version: &apos;10.0&apos;, java.version: &apos;21.0.5&apos;&#10;Driver info: org.openqa.selenium.chrome.ChromeDriver&#10;Command: [ee95d5881e1ab417be37507954dceb34, sendKeysToElement {value=[Ljava.lang.CharSequence;@3a1f2fd7, id=f.9660C105D428DFDD6F4833C797C25B9F.d.E0B87123590E6C928FF5BF331FE087FB.e.50}]&#10;Capabilities {acceptInsecureCerts: false, browserName: chrome, browserVersion: 131.0.6778.140, chrome: {chromedriverVersion: 131.0.6778.108 (3b014839fbc..., userDataDir: C:\Users\vamsh\AppData\Loca...}, fedcm:accounts: true, goog:chromeOptions: {debuggerAddress: localhost:58309}, networkConnectionEnabled: false, pageLoadStrategy: normal, platformName: windows, proxy: Proxy(), se:cdp: ws://localhost:58309/devtoo..., se:cdpVersion: 131.0.6778.140, setWindowRect: true, strictFileInteractability: false, timeouts: {implicit: 0, pageLoad: 300000, script: 30000}, unhandledPromptBehavior: dismiss and notify, webauthn:extension:credBlob: true, webauthn:extension:largeBlob: true, webauthn:extension:minPinLength: true, webauthn:extension:prf: true, webauthn:virtualAuthenticators: true}&#10;Element: [[ChromeDriver: chrome on windows (ee95d5881e1ab417be37507954dceb34)] -&gt; css selector: .CodeMirror textarea]&#10;Session ID: ee95d5881e1ab417be37507954dceb34" type="org.openqa.selenium.ElementNotInteractableException"><![CDATA[org.openqa.selenium.ElementNotInteractableException: 
element not interactable
  (Session info: chrome=131.0.6778.140)
Build info: version: '4.26.0', revision: '8ccf0219d7'
System info: os.name: 'Windows 11', os.arch: 'amd64', os.version: '10.0', java.version: '21.0.5'
Driver info: org.openqa.selenium.chrome.ChromeDriver
Command: [ee95d5881e1ab417be37507954dceb34, sendKeysToElement {value=[Ljava.lang.CharSequence;@3a1f2fd7, id=f.9660C105D428DFDD6F4833C797C25B9F.d.E0B87123590E6C928FF5BF331FE087FB.e.50}]
Capabilities {acceptInsecureCerts: false, browserName: chrome, browserVersion: 131.0.6778.140, chrome: {chromedriverVersion: 131.0.6778.108 (3b014839fbc..., userDataDir: C:\Users\vamsh\AppData\Loca...}, fedcm:accounts: true, goog:chromeOptions: {debuggerAddress: localhost:58309}, networkConnectionEnabled: false, pageLoadStrategy: normal, platformName: windows, proxy: Proxy(), se:cdp: ws://localhost:58309/devtoo..., se:cdpVersion: 131.0.6778.140, setWindowRect: true, strictFileInteractability: false, timeouts: {implicit: 0, pageLoad: 300000, script: 30000}, unhandledPromptBehavior: dismiss and notify, webauthn:extension:credBlob: true, webauthn:extension:largeBlob: true, webauthn:extension:minPinLength: true, webauthn:extension:prf: true, webauthn:virtualAuthenticators: true}
Element: [[ChromeDriver: chrome on windows (ee95d5881e1ab417be37507954dceb34)] -> css selector: .CodeMirror textarea]
Session ID: ee95d5881e1ab417be37507954dceb34
]]></failure>
    <system-out><![CDATA[
Scenario: LL_Try Here Editor page with invalid data                     &amp#27;[90m# src/test/resources/Features/LinkedList.feature:83&amp#27;[0m
  &amp#27;[32mAnd &amp#27;[0m&amp#27;[32mUser clicks on Get Started button from Linked List panel&amp#27;[0m        &amp#27;[90m# StepDefinitions.LinkedList.user_clicks_on_get_started_button_from_linked_list_panel()&amp#27;[0m
  &amp#27;[32mGiven &amp#27;[0m&amp#27;[32mThe user is on the editor page of Types of Linked List page&amp#27;[0m   &amp#27;[90m# StepDefinitions.LinkedList.the_user_is_on_the_editor_page_of_types_of_linked_list_page()&amp#27;[0m
  &amp#27;[31mWhen &amp#27;[0m&amp#27;[31mThe user writes the valid python code and clicks on Run button&amp#27;[0m &amp#27;[90m# StepDefinitions.Tree.the_user_writes_the_valid_python_code_and_clicks_on_run_button()&amp#27;[0m
      &amp#27;[31morg.openqa.selenium.ElementNotInteractableException: element not interactable
  (Session info: chrome=131.0.6778.140)
Build info: version: '4.26.0', revision: '8ccf0219d7'
System info: os.name: 'Windows 11', os.arch: 'amd64', os.version: '10.0', java.version: '21.0.5'
Driver info: org.openqa.selenium.chrome.ChromeDriver
Command: [ee95d5881e1ab417be37507954dceb34, sendKeysToElement {value=[Ljava.lang.CharSequence;@3a1f2fd7, id=f.9660C105D428DFDD6F4833C797C25B9F.d.E0B87123590E6C928FF5BF331FE087FB.e.50}]
Capabilities {acceptInsecureCerts: false, browserName: chrome, browserVersion: 131.0.6778.140, chrome: {chromedriverVersion: 131.0.6778.108 (3b014839fbc..., userDataDir: C:\Users\vamsh\AppData\Loca...}, fedcm:accounts: true, goog:chromeOptions: {debuggerAddress: localhost:58309}, networkConnectionEnabled: false, pageLoadStrategy: normal, platformName: windows, proxy: Proxy(), se:cdp: ws://localhost:58309/devtoo..., se:cdpVersion: 131.0.6778.140, setWindowRect: true, strictFileInteractability: false, timeouts: {implicit: 0, pageLoad: 300000, script: 30000}, unhandledPromptBehavior: dismiss and notify, webauthn:extension:credBlob: true, webauthn:extension:largeBlob: true, webauthn:extension:minPinLength: true, webauthn:extension:prf: true, webauthn:virtualAuthenticators: true}
Element: [[ChromeDriver: chrome on windows (ee95d5881e1ab417be37507954dceb34)] -> css selector: .CodeMirror textarea]
Session ID: ee95d5881e1ab417be37507954dceb34
	at java.base/jdk.internal.reflect.DirectConstructorHandleAccessor.newInstance(DirectConstructorHandleAccessor.java:62)
	at java.base/java.lang.reflect.Constructor.newInstanceWithCaller(Constructor.java:502)
	at java.base/java.lang.reflect.Constructor.newInstance(Constructor.java:486)
	at org.openqa.selenium.remote.ErrorCodec.decode(ErrorCodec.java:167)
	at org.openqa.selenium.remote.codec.w3c.W3CHttpResponseCodec.decode(W3CHttpResponseCodec.java:138)
	at org.openqa.selenium.remote.codec.w3c.W3CHttpResponseCodec.decode(W3CHttpResponseCodec.java:50)
	at org.openqa.selenium.remote.HttpCommandExecutor.execute(HttpCommandExecutor.java:190)
	at org.openqa.selenium.remote.service.DriverCommandExecutor.invokeExecute(DriverCommandExecutor.java:216)
	at org.openqa.selenium.remote.service.DriverCommandExecutor.execute(DriverCommandExecutor.java:174)
	at org.openqa.selenium.remote.RemoteWebDriver.execute(RemoteWebDriver.java:545)
	at org.openqa.selenium.remote.RemoteWebElement.execute(RemoteWebElement.java:223)
	at org.openqa.selenium.remote.RemoteWebElement.sendKeys(RemoteWebElement.java:110)
	at PageObjects.TreePage.writeInTryEditorWindow(TreePage.java:251)
	at StepDefinitions.Tree.the_user_writes_the_valid_python_code_and_clicks_on_run_button(Tree.java:93)
	at ✽.The user writes the valid python code and clicks on Run button(file:///C:/Projects/newFolder-3/Repo1/src/test/resources/Features/LinkedList.feature:80)
&amp#27;[0m
  &amp#27;[36mThen &amp#27;[0m&amp#27;[36mThe user is able to see the output inside the console.&amp#27;[0m         &amp#27;[90m# StepDefinitions.Tree.the_user_is_able_to_see_the_output_inside_the_console()&amp#27;[0m
[ERROR] 2024-12-17 11:51:22.660 [TestNG-PoolService-3] Hooks - ======================  TEST CASE FAILED !! ======================

    Embedding screenshot [image/png 7853 bytes]

[INFO ] 2024-12-17 11:51:22.827 [TestNG-PoolService-3] Hooks - ======================  Screenshot is captured  ======================
[INFO ] 2024-12-17 11:51:22.829 [TestNG-PoolService-3] Hooks - ======================  Test Execution is completed!! ======================
]]></system-out>
    <system-err><![CDATA[Dec 17, 2024 11:51:22 AM org.openqa.selenium.devtools.CdpVersionFinder findNearestMatch
WARNING: Unable to find an exact match for CDP version 131, returning the closest version; found: 130; Please update to a Selenium version that supports CDP version 131
]]></system-err>
  </testcase>
  <testcase name="runScenario[&quot;LL_Try Here Editor page with valid data&quot;, &quot;Linked List&quot;](75)" classname="TestRunners.TestRunner" time="1.469">
    <system-out><![CDATA[
Scenario: Linked List home page                                        &amp#27;[90m# src/test/resources/Features/LinkedList.feature:88&amp#27;[0m
  &amp#27;[32mWhen &amp#27;[0m&amp#27;[32mThe user writes the valid python code and clicks on Run button&amp#27;[0m &amp#27;[90m# StepDefinitions.Tree.the_user_writes_the_valid_python_code_and_clicks_on_run_button()&amp#27;[0m
  &amp#27;[32mThen &amp#27;[0m&amp#27;[32mThe user is able to see the output inside the console.&amp#27;[0m         &amp#27;[90m# StepDefinitions.Tree.the_user_is_able_to_see_the_output_inside_the_console()&amp#27;[0m
[INFO ] 2024-12-17 11:51:23.853 [TestNG-PoolService-1] Hooks - ======================  Test Execution is completed!! ======================
]]></system-out>
    <system-err><![CDATA[Dec 17, 2024 11:51:24 AM org.openqa.selenium.devtools.CdpVersionFinder findNearestMatch
WARNING: Unable to find an exact match for CDP version 131, returning the closest version; found: 130; Please update to a Selenium version that supports CDP version 131
]]></system-err>
  </testcase>
  <testcase name="runScenario[&quot;LL_Try Here Editor page with valid data&quot;, &quot;Linked List&quot;](75)" classname="TestRunners.TestRunner" time="1.789">
    <failure message="expected [hello] but found []" type="java.lang.AssertionError"><![CDATA[java.lang.AssertionError: expected [hello] but found []
]]></failure>
    <system-out><![CDATA[
Scenario: Linked List home page                                        &amp#27;[90m# src/test/resources/Features/LinkedList.feature:88&amp#27;[0m
  &amp#27;[32mWhen &amp#27;[0m&amp#27;[32mThe user writes the valid python code and clicks on Run button&amp#27;[0m &amp#27;[90m# StepDefinitions.Tree.the_user_writes_the_valid_python_code_and_clicks_on_run_button()&amp#27;[0m
  &amp#27;[31mThen &amp#27;[0m&amp#27;[31mThe user is able to see the output inside the console.&amp#27;[0m         &amp#27;[90m# StepDefinitions.Tree.the_user_is_able_to_see_the_output_inside_the_console()&amp#27;[0m
      &amp#27;[31mjava.lang.AssertionError: expected [hello] but found []
	at org.testng.Assert.fail(Assert.java:111)
	at org.testng.Assert.failNotEquals(Assert.java:1578)
	at org.testng.Assert.assertEqualsImpl(Assert.java:150)
	at org.testng.Assert.assertEquals(Assert.java:132)
	at org.testng.Assert.assertEquals(Assert.java:656)
	at org.testng.Assert.assertEquals(Assert.java:666)
	at StepDefinitions.Tree.the_user_is_able_to_see_the_output_inside_the_console(Tree.java:101)
	at ✽.The user is able to see the output inside the console.(file:///C:/Projects/newFolder-3/Repo1/src/test/resources/Features/LinkedList.feature:56)
&amp#27;[0m
[ERROR] 2024-12-17 12:03:30.988 [TestNG-PoolService-1] Hooks - ======================  TEST CASE FAILED !! ======================

    Embedding screenshot [image/png 37860 bytes]

[INFO ] 2024-12-17 12:03:31.032 [TestNG-PoolService-1] Hooks - ======================  Screenshot is captured  ======================
[INFO ] 2024-12-17 12:03:31.035 [TestNG-PoolService-1] Hooks - ======================  Test Execution is completed!! ======================
]]></system-out>
  </testcase>
  <testcase name="runScenario[&quot;LL_Try Here Editor page with valid data&quot;, &quot;Linked List&quot;](75)" classname="TestRunners.TestRunner" time="0.302">
    <failure message="element not interactable&#10;  (Session info: MicrosoftEdge=131.0.2903.99)&#10;Build info: version: &apos;4.26.0&apos;, revision: &apos;8ccf0219d7&apos;&#10;System info: os.name: &apos;Windows 11&apos;, os.arch: &apos;amd64&apos;, os.version: &apos;10.0&apos;, java.version: &apos;21.0.5&apos;&#10;Driver info: org.openqa.selenium.edge.EdgeDriver&#10;Command: [9d27e1e51b8fc491d676e8c622331d24, sendKeysToElement {value=[Ljava.lang.CharSequence;@6091c9c0, id=f.EE5CCDF818C822E9218E23534E37E2D5.d.5021024D04A5214223C6D0D715965A5F.e.38}]&#10;Capabilities {acceptInsecureCerts: false, browserName: MicrosoftEdge, browserVersion: 131.0.2903.99, fedcm:accounts: true, ms:edgeOptions: {debuggerAddress: localhost:52833}, msedge: {msedgedriverVersion: 131.0.2903.99 (f96a870b1316..., userDataDir: C:\Users\vamsh\AppData\Loca...}, networkConnectionEnabled: false, pageLoadStrategy: normal, platformName: windows, proxy: Proxy(), se:cdp: ws://localhost:52833/devtoo..., se:cdpVersion: 131.0.2903.99, setWindowRect: true, strictFileInteractability: false, timeouts: {implicit: 0, pageLoad: 300000, script: 30000}, unhandledPromptBehavior: dismiss and notify, webauthn:extension:credBlob: true, webauthn:extension:largeBlob: true, webauthn:extension:minPinLength: true, webauthn:extension:prf: true, webauthn:virtualAuthenticators: true}&#10;Element: [[EdgeDriver: MicrosoftEdge on windows (9d27e1e51b8fc491d676e8c622331d24)] -&gt; css selector: .CodeMirror textarea]&#10;Session ID: 9d27e1e51b8fc491d676e8c622331d24" type="org.openqa.selenium.ElementNotInteractableException"><![CDATA[org.openqa.selenium.ElementNotInteractableException: 
element not interactable
  (Session info: MicrosoftEdge=131.0.2903.99)
Build info: version: '4.26.0', revision: '8ccf0219d7'
System info: os.name: 'Windows 11', os.arch: 'amd64', os.version: '10.0', java.version: '21.0.5'
Driver info: org.openqa.selenium.edge.EdgeDriver
Command: [9d27e1e51b8fc491d676e8c622331d24, sendKeysToElement {value=[Ljava.lang.CharSequence;@6091c9c0, id=f.EE5CCDF818C822E9218E23534E37E2D5.d.5021024D04A5214223C6D0D715965A5F.e.38}]
Capabilities {acceptInsecureCerts: false, browserName: MicrosoftEdge, browserVersion: 131.0.2903.99, fedcm:accounts: true, ms:edgeOptions: {debuggerAddress: localhost:52833}, msedge: {msedgedriverVersion: 131.0.2903.99 (f96a870b1316..., userDataDir: C:\Users\vamsh\AppData\Loca...}, networkConnectionEnabled: false, pageLoadStrategy: normal, platformName: windows, proxy: Proxy(), se:cdp: ws://localhost:52833/devtoo..., se:cdpVersion: 131.0.2903.99, setWindowRect: true, strictFileInteractability: false, timeouts: {implicit: 0, pageLoad: 300000, script: 30000}, unhandledPromptBehavior: dismiss and notify, webauthn:extension:credBlob: true, webauthn:extension:largeBlob: true, webauthn:extension:minPinLength: true, webauthn:extension:prf: true, webauthn:virtualAuthenticators: true}
Element: [[EdgeDriver: MicrosoftEdge on windows (9d27e1e51b8fc491d676e8c622331d24)] -> css selector: .CodeMirror textarea]
Session ID: 9d27e1e51b8fc491d676e8c622331d24
]]></failure>
    <system-out><![CDATA[
Scenario: Linked List home page                                        &amp#27;[90m# src/test/resources/Features/LinkedList.feature:88&amp#27;[0m
]]></system-out>
  </testcase>
  <testcase name="runScenario[&quot;LL_Try Here Editor page with invalid data&quot;, &quot;Linked List&quot;](76)" classname="TestRunners.TestRunner" time="3.074">
    <failure message="element not interactable&#10;  (Session info: chrome=131.0.6778.140)&#10;Build info: version: &apos;4.26.0&apos;, revision: &apos;8ccf0219d7&apos;&#10;System info: os.name: &apos;Windows 11&apos;, os.arch: &apos;amd64&apos;, os.version: &apos;10.0&apos;, java.version: &apos;21.0.5&apos;&#10;Driver info: org.openqa.selenium.chrome.ChromeDriver&#10;Command: [9172a0a108cf36e028f330620a6267a1, sendKeysToElement {value=[Ljava.lang.CharSequence;@32d51cc9, id=f.1445457A4A6A47E15E420A46B17CB050.d.1EBA41B221167C4CCDFFBFF7AE35FEC2.e.52}]&#10;Capabilities {acceptInsecureCerts: false, browserName: chrome, browserVersion: 131.0.6778.140, chrome: {chromedriverVersion: 131.0.6778.108 (3b014839fbc..., userDataDir: C:\Users\vamsh\AppData\Loca...}, fedcm:accounts: true, goog:chromeOptions: {debuggerAddress: localhost:58365}, networkConnectionEnabled: false, pageLoadStrategy: normal, platformName: windows, proxy: Proxy(), se:cdp: ws://localhost:58365/devtoo..., se:cdpVersion: 131.0.6778.140, setWindowRect: true, strictFileInteractability: false, timeouts: {implicit: 0, pageLoad: 300000, script: 30000}, unhandledPromptBehavior: dismiss and notify, webauthn:extension:credBlob: true, webauthn:extension:largeBlob: true, webauthn:extension:minPinLength: true, webauthn:extension:prf: true, webauthn:virtualAuthenticators: true}&#10;Element: [[ChromeDriver: chrome on windows (9172a0a108cf36e028f330620a6267a1)] -&gt; css selector: .CodeMirror textarea]&#10;Session ID: 9172a0a108cf36e028f330620a6267a1" type="org.openqa.selenium.ElementNotInteractableException"><![CDATA[org.openqa.selenium.ElementNotInteractableException: 
element not interactable
  (Session info: chrome=131.0.6778.140)
Build info: version: '4.26.0', revision: '8ccf0219d7'
System info: os.name: 'Windows 11', os.arch: 'amd64', os.version: '10.0', java.version: '21.0.5'
Driver info: org.openqa.selenium.chrome.ChromeDriver
Command: [9172a0a108cf36e028f330620a6267a1, sendKeysToElement {value=[Ljava.lang.CharSequence;@32d51cc9, id=f.1445457A4A6A47E15E420A46B17CB050.d.1EBA41B221167C4CCDFFBFF7AE35FEC2.e.52}]
Capabilities {acceptInsecureCerts: false, browserName: chrome, browserVersion: 131.0.6778.140, chrome: {chromedriverVersion: 131.0.6778.108 (3b014839fbc..., userDataDir: C:\Users\vamsh\AppData\Loca...}, fedcm:accounts: true, goog:chromeOptions: {debuggerAddress: localhost:58365}, networkConnectionEnabled: false, pageLoadStrategy: normal, platformName: windows, proxy: Proxy(), se:cdp: ws://localhost:58365/devtoo..., se:cdpVersion: 131.0.6778.140, setWindowRect: true, strictFileInteractability: false, timeouts: {implicit: 0, pageLoad: 300000, script: 30000}, unhandledPromptBehavior: dismiss and notify, webauthn:extension:credBlob: true, webauthn:extension:largeBlob: true, webauthn:extension:minPinLength: true, webauthn:extension:prf: true, webauthn:virtualAuthenticators: true}
Element: [[ChromeDriver: chrome on windows (9172a0a108cf36e028f330620a6267a1)] -> css selector: .CodeMirror textarea]
Session ID: 9172a0a108cf36e028f330620a6267a1
]]></failure>
    <system-out><![CDATA[
Scenario: Implement Linked List in Python                            &amp#27;[90m# src/test/resources/Features/LinkedList.feature:93&amp#27;[0m
  &amp#27;[32mGiven &amp#27;[0m&amp#27;[32mThe user is on the DS Introduction page as signedIn&amp#27;[0m             &amp#27;[90m# StepDefinitions.DSIntroductionDetails.the_user_is_on_the_ds_introduction_page_as_signed_in()&amp#27;[0m
  &amp#27;[32mAnd &amp#27;[0m&amp#27;[32mUser clicks on Get Started button from Linked List panel&amp#27;[0m          &amp#27;[90m# StepDefinitions.LinkedList.user_clicks_on_get_started_button_from_linked_list_panel()&amp#27;[0m
  &amp#27;[32mGiven &amp#27;[0m&amp#27;[32mThe user is on the editor page of Types of Linked List page&amp#27;[0m     &amp#27;[90m# StepDefinitions.LinkedList.the_user_is_on_the_editor_page_of_types_of_linked_list_page()&amp#27;[0m
  &amp#27;[32mGiven &amp#27;[0m&amp#27;[32mThe user is on the DS Introduction page as signedIn&amp#27;[0m            &amp#27;[90m# StepDefinitions.DSIntroductionDetails.the_user_is_on_the_ds_introduction_page_as_signed_in()&amp#27;[0m
  &amp#27;[31mWhen &amp#27;[0m&amp#27;[31mThe user writes the invalid python code and clicks on Run button&amp#27;[0m &amp#27;[90m# StepDefinitions.Tree.the_user_writes_the_invalid_python_code_and_clicks_on_run_button()&amp#27;[0m
      &amp#27;[31morg.openqa.selenium.ElementNotInteractableException: element not interactable
  (Session info: chrome=131.0.6778.140)
Build info: version: '4.26.0', revision: '8ccf0219d7'
System info: os.name: 'Windows 11', os.arch: 'amd64', os.version: '10.0', java.version: '21.0.5'
Driver info: org.openqa.selenium.chrome.ChromeDriver
Command: [9172a0a108cf36e028f330620a6267a1, sendKeysToElement {value=[Ljava.lang.CharSequence;@32d51cc9, id=f.1445457A4A6A47E15E420A46B17CB050.d.1EBA41B221167C4CCDFFBFF7AE35FEC2.e.52}]
Capabilities {acceptInsecureCerts: false, browserName: chrome, browserVersion: 131.0.6778.140, chrome: {chromedriverVersion: 131.0.6778.108 (3b014839fbc..., userDataDir: C:\Users\vamsh\AppData\Loca...}, fedcm:accounts: true, goog:chromeOptions: {debuggerAddress: localhost:58365}, networkConnectionEnabled: false, pageLoadStrategy: normal, platformName: windows, proxy: Proxy(), se:cdp: ws://localhost:58365/devtoo..., se:cdpVersion: 131.0.6778.140, setWindowRect: true, strictFileInteractability: false, timeouts: {implicit: 0, pageLoad: 300000, script: 30000}, unhandledPromptBehavior: dismiss and notify, webauthn:extension:credBlob: true, webauthn:extension:largeBlob: true, webauthn:extension:minPinLength: true, webauthn:extension:prf: true, webauthn:virtualAuthenticators: true}
Element: [[ChromeDriver: chrome on windows (9172a0a108cf36e028f330620a6267a1)] -> css selector: .CodeMirror textarea]
Session ID: 9172a0a108cf36e028f330620a6267a1
	at java.base/jdk.internal.reflect.DirectConstructorHandleAccessor.newInstance(DirectConstructorHandleAccessor.java:62)
	at java.base/java.lang.reflect.Constructor.newInstanceWithCaller(Constructor.java:502)
	at java.base/java.lang.reflect.Constructor.newInstance(Constructor.java:486)
	at org.openqa.selenium.remote.ErrorCodec.decode(ErrorCodec.java:167)
	at org.openqa.selenium.remote.codec.w3c.W3CHttpResponseCodec.decode(W3CHttpResponseCodec.java:138)
	at org.openqa.selenium.remote.codec.w3c.W3CHttpResponseCodec.decode(W3CHttpResponseCodec.java:50)
	at org.openqa.selenium.remote.HttpCommandExecutor.execute(HttpCommandExecutor.java:190)
	at org.openqa.selenium.remote.service.DriverCommandExecutor.invokeExecute(DriverCommandExecutor.java:216)
	at org.openqa.selenium.remote.service.DriverCommandExecutor.execute(DriverCommandExecutor.java:174)
	at org.openqa.selenium.remote.RemoteWebDriver.execute(RemoteWebDriver.java:545)
	at org.openqa.selenium.remote.RemoteWebElement.execute(RemoteWebElement.java:223)
	at org.openqa.selenium.remote.RemoteWebElement.sendKeys(RemoteWebElement.java:110)
	at PageObjects.TreePage.writeInTryEditorWindow(TreePage.java:251)
	at StepDefinitions.Tree.the_user_writes_the_invalid_python_code_and_clicks_on_run_button(Tree.java:106)
	at ✽.The user writes the invalid python code and clicks on Run button(file:///C:/Projects/newFolder-3/Repo1/src/test/resources/Features/LinkedList.feature:85)
&amp#27;[0m
  &amp#27;[36mThen &amp#27;[0m&amp#27;[36mThe user see error msg in alert window&amp#27;[0m                           &amp#27;[90m# StepDefinitions.Tree.the_user_see_error_msg_in_alert_window()&amp#27;[0m
[ERROR] 2024-12-17 11:51:27.093 [TestNG-PoolService-2] Hooks - ======================  TEST CASE FAILED !! ======================

    Embedding screenshot [image/png 7853 bytes]

[INFO ] 2024-12-17 11:51:27.307 [TestNG-PoolService-2] Hooks - ======================  Screenshot is captured  ======================
[INFO ] 2024-12-17 11:51:27.310 [TestNG-PoolService-2] Hooks - ======================  Test Execution is completed!! ======================
  &amp#27;[32mAnd &amp#27;[0m&amp#27;[32mUser clicks on Get Started button from Linked List panel&amp#27;[0m         &amp#27;[90m# StepDefinitions.LinkedList.user_clicks_on_get_started_button_from_linked_list_panel()&amp#27;[0m
]]></system-out>
    <system-err><![CDATA[Dec 17, 2024 11:51:25 AM org.openqa.selenium.devtools.CdpVersionFinder findNearestMatch
WARNING: Unable to find an exact match for CDP version 131, returning the closest version; found: 130; Please update to a Selenium version that supports CDP version 131
]]></system-err>
  </testcase>
  <testcase name="runScenario[&quot;LL_Try Here Editor page with invalid data&quot;, &quot;Linked List&quot;](76)" classname="TestRunners.TestRunner" time="0.523">
    <system-out><![CDATA[
Scenario: Implement Linked List in Python                            &amp#27;[90m# src/test/resources/Features/LinkedList.feature:93&amp#27;[0m
]]></system-out>
  </testcase>
  <testcase name="runScenario[&quot;Linked List home page&quot;, &quot;Linked List&quot;](77)" classname="TestRunners.TestRunner" time="1.004">
    <system-out><![CDATA[
Scenario: LL_Try Here Editor page with empty data                              &amp#27;[90m# src/test/resources/Features/LinkedList.feature:98&amp#27;[0m
  &amp#27;[32mGiven &amp#27;[0m&amp#27;[32mThe user is on the Types of Linked List page&amp#27;[0m                   &amp#27;[90m# StepDefinitions.LinkedList.the_user_is_on_the_types_of_linked_list_page()&amp#27;[0m
  &amp#27;[32mWhen &amp#27;[0m&amp#27;[32mThe user clicks Implement Linked List in Python link&amp#27;[0m            &amp#27;[90m# StepDefinitions.LinkedList.the_user_clicks_implement_linked_list_in_python_link()&amp#27;[0m
  &amp#27;[32mThen &amp#27;[0m&amp#27;[32mThe user is redirected to Implement Linked List in Python page.&amp#27;[0m &amp#27;[90m# StepDefinitions.LinkedList.the_user_is_redirected_to_implement_linked_list_in_python_page()&amp#27;[0m
[INFO ] 2024-12-17 11:51:28.329 [TestNG-PoolService-3] Hooks - ======================  Test Execution is completed!! ======================
]]></system-out>
  </testcase>
  <testcase name="runScenario[&quot;Linked List home page&quot;, &quot;Linked List&quot;](77)" classname="TestRunners.TestRunner" time="7.881">
    <system-out><![CDATA[
Scenario: LL_Try Here Editor page with empty data                              &amp#27;[90m# src/test/resources/Features/LinkedList.feature:98&amp#27;[0m
  &amp#27;[32mGiven &amp#27;[0m&amp#27;[32mThe user is on the DS Introduction page as signedIn&amp#27;[0m            &amp#27;[90m# StepDefinitions.DSIntroductionDetails.the_user_is_on_the_ds_introduction_page_as_signed_in()&amp#27;[0m
  &amp#27;[32mAnd &amp#27;[0m&amp#27;[32mUser clicks on Get Started button from Linked List panel&amp#27;[0m         &amp#27;[90m# StepDefinitions.LinkedList.user_clicks_on_get_started_button_from_linked_list_panel()&amp#27;[0m
  &amp#27;[32mGiven &amp#27;[0m&amp#27;[32mThe user is on the DS Introduction page as signedIn&amp#27;[0m          &amp#27;[90m# StepDefinitions.DSIntroductionDetails.the_user_is_on_the_ds_introduction_page_as_signed_in()&amp#27;[0m
  &amp#27;[32mGiven &amp#27;[0m&amp#27;[32mThe user is on the Types of Linked List page&amp#27;[0m                   &amp#27;[90m# StepDefinitions.LinkedList.the_user_is_on_the_types_of_linked_list_page()&amp#27;[0m
  &amp#27;[32mGiven &amp#27;[0m&amp#27;[32mThe user is on the DS Introduction page as signedIn&amp#27;[0m                    &amp#27;[90m# StepDefinitions.DSIntroductionDetails.the_user_is_on_the_ds_introduction_page_as_signed_in()&amp#27;[0m
  &amp#27;[32mAnd &amp#27;[0m&amp#27;[32mUser clicks on Get Started button from Linked List panel&amp#27;[0m       &amp#27;[90m# StepDefinitions.LinkedList.user_clicks_on_get_started_button_from_linked_list_panel()&amp#27;[0m
  &amp#27;[32mWhen &amp#27;[0m&amp#27;[32mThe user clicks Implement Linked List in Python link&amp#27;[0m            &amp#27;[90m# StepDefinitions.LinkedList.the_user_clicks_implement_linked_list_in_python_link()&amp#27;[0m
  &amp#27;[32mThen &amp#27;[0m&amp#27;[32mThe user is redirected to Implement Linked List in Python page.&amp#27;[0m &amp#27;[90m# StepDefinitions.LinkedList.the_user_is_redirected_to_implement_linked_list_in_python_page()&amp#27;[0m
[INFO ] 2024-12-17 12:19:37.185 [TestNG-PoolService-2] Hooks - ======================  Test Execution is completed!! ======================
  &amp#27;[32mAnd &amp#27;[0m&amp#27;[32mUser clicks on Get Started button from Linked List panel&amp#27;[0m                 &amp#27;[90m# StepDefinitions.LinkedList.user_clicks_on_get_started_button_from_linked_list_panel()&amp#27;[0m
  &amp#27;[32mGiven &amp#27;[0m&amp#27;[32mThe user is on the Implement Linked List in Python page&amp#27;[0m      &amp#27;[90m# StepDefinitions.LinkedList.the_user_is_on_the_implement_linked_list_in_python_page()&amp#27;[0m
  &amp#27;[32mWhen &amp#27;[0m&amp#27;[32mThe user clicks Try Here button&amp#27;[0m                               &amp#27;[90m# StepDefinitions.Tree.the_user_clicks_try_here_button()&amp#27;[0m
  &amp#27;[32mThen &amp#27;[0m&amp#27;[32mThe user is redirected to a page having Editor and run button&amp#27;[0m &amp#27;[90m# StepDefinitions.Tree.the_user_is_redirected_to_a_page_having_editor_and_run_button()&amp#27;[0m
[INFO ] 2024-12-17 12:19:38.099 [TestNG-PoolService-1] Hooks - ======================  Test Execution is completed!! ======================
  &amp#27;[32mGiven &amp#27;[0m&amp#27;[32mThe user is on the editor page of Implement Linked List in Python page&amp#27;[0m &amp#27;[90m# StepDefinitions.LinkedList.the_user_is_on_the_editor_page_of_implement_linked_list_in_python_page()&amp#27;[0m
  &amp#27;[32mWhen &amp#27;[0m&amp#27;[32mThe user writes no code inside editor window and clicks on Run button&amp#27;[0m   &amp#27;[90m# StepDefinitions.Tree.the_user_writes_no_code_inside_editor_window_and_clicks_on_run_button()&amp#27;[0m
  &amp#27;[32mThen &amp#27;[0m&amp#27;[32mNothing happens to the Editor page and no error message is displayed&amp#27;[0m    &amp#27;[90m# StepDefinitions.Tree.nothing_happens_to_the_editor_page_and_no_error_message_is_displayed()&amp#27;[0m
[INFO ] 2024-12-17 12:19:38.592 [TestNG-PoolService-3] Hooks - ======================  Test Execution is completed!! ======================
]]></system-out>
    <system-err><![CDATA[Dec 17, 2024 12:19:32 PM org.openqa.selenium.devtools.CdpVersionFinder findNearestMatch
WARNING: Unable to find an exact match for CDP version 131, returning the closest version; found: 130; Please update to a Selenium version that supports CDP version 131
Dec 17, 2024 12:19:33 PM org.openqa.selenium.devtools.CdpVersionFinder findNearestMatch
WARNING: Unable to find an exact match for CDP version 131, returning the closest version; found: 130; Please update to a Selenium version that supports CDP version 131
Dec 17, 2024 12:19:34 PM org.openqa.selenium.devtools.CdpVersionFinder findNearestMatch
WARNING: Unable to find an exact match for CDP version 131, returning the closest version; found: 130; Please update to a Selenium version that supports CDP version 131
]]></system-err>
  </testcase>
  <testcase name="runScenario[&quot;Implement Linked List in Python&quot;, &quot;Linked List&quot;](78)" classname="TestRunners.TestRunner" time="2.817">
    <system-out><![CDATA[
Scenario: LL_Try Here Editor page with valid data                              &amp#27;[90m# src/test/resources/Features/LinkedList.feature:103&amp#27;[0m
  &amp#27;[32mGiven &amp#27;[0m&amp#27;[32mThe user is on the DS Introduction page as signedIn&amp#27;[0m          &amp#27;[90m# StepDefinitions.DSIntroductionDetails.the_user_is_on_the_ds_introduction_page_as_signed_in()&amp#27;[0m
  &amp#27;[32mAnd &amp#27;[0m&amp#27;[32mUser clicks on Get Started button from Linked List panel&amp#27;[0m       &amp#27;[90m# StepDefinitions.LinkedList.user_clicks_on_get_started_button_from_linked_list_panel()&amp#27;[0m
  &amp#27;[32mGiven &amp#27;[0m&amp#27;[32mThe user is on the Implement Linked List in Python page&amp#27;[0m      &amp#27;[90m# StepDefinitions.LinkedList.the_user_is_on_the_implement_linked_list_in_python_page()&amp#27;[0m
  &amp#27;[32mWhen &amp#27;[0m&amp#27;[32mThe user clicks Try Here button&amp#27;[0m                               &amp#27;[90m# StepDefinitions.Tree.the_user_clicks_try_here_button()&amp#27;[0m
  &amp#27;[32mThen &amp#27;[0m&amp#27;[32mThe user is redirected to a page having Editor and run button&amp#27;[0m &amp#27;[90m# StepDefinitions.Tree.the_user_is_redirected_to_a_page_having_editor_and_run_button()&amp#27;[0m
[INFO ] 2024-12-17 11:51:31.076 [TestNG-PoolService-1] Hooks - ======================  Test Execution is completed!! ======================
]]></system-out>
    <system-err><![CDATA[Dec 17, 2024 11:51:29 AM org.openqa.selenium.devtools.CdpVersionFinder findNearestMatch
WARNING: Unable to find an exact match for CDP version 131, returning the closest version; found: 130; Please update to a Selenium version that supports CDP version 131
Dec 17, 2024 11:51:30 AM org.openqa.selenium.devtools.CdpVersionFinder findNearestMatch
WARNING: Unable to find an exact match for CDP version 131, returning the closest version; found: 130; Please update to a Selenium version that supports CDP version 131
]]></system-err>
  </testcase>
  <testcase name="runScenario[&quot;Implement Linked List in Python&quot;, &quot;Linked List&quot;](78)" classname="TestRunners.TestRunner" time="0.792">
    <system-out><![CDATA[
Scenario: LL_Try Here Editor page with valid data                              &amp#27;[90m# src/test/resources/Features/LinkedList.feature:103&amp#27;[0m
]]></system-out>
  </testcase>
  <testcase name="runScenario[&quot;LL_Try Here Editor page with empty data&quot;, &quot;Linked List&quot;](79)" classname="TestRunners.TestRunner" time="2.774">
    <failure message="element not interactable&#10;  (Session info: chrome=131.0.6778.140)&#10;Build info: version: &apos;4.26.0&apos;, revision: &apos;8ccf0219d7&apos;&#10;System info: os.name: &apos;Windows 11&apos;, os.arch: &apos;amd64&apos;, os.version: &apos;10.0&apos;, java.version: &apos;21.0.5&apos;&#10;Driver info: org.openqa.selenium.chrome.ChromeDriver&#10;Command: [41015016f5164ac968f3a4d79b90142d, sendKeysToElement {value=[Ljava.lang.CharSequence;@3028cbb7, id=f.8F62975A7A7E132BBD2F9CA9F2A9EDA7.d.B5D2DDC8AAD87C7E3DD35FBE58AD6C13.e.47}]&#10;Capabilities {acceptInsecureCerts: false, browserName: chrome, browserVersion: 131.0.6778.140, chrome: {chromedriverVersion: 131.0.6778.108 (3b014839fbc..., userDataDir: C:\Users\vamsh\AppData\Loca...}, fedcm:accounts: true, goog:chromeOptions: {debuggerAddress: localhost:58508}, networkConnectionEnabled: false, pageLoadStrategy: normal, platformName: windows, proxy: Proxy(), se:cdp: ws://localhost:58508/devtoo..., se:cdpVersion: 131.0.6778.140, setWindowRect: true, strictFileInteractability: false, timeouts: {implicit: 0, pageLoad: 300000, script: 30000}, unhandledPromptBehavior: dismiss and notify, webauthn:extension:credBlob: true, webauthn:extension:largeBlob: true, webauthn:extension:minPinLength: true, webauthn:extension:prf: true, webauthn:virtualAuthenticators: true}&#10;Element: [[ChromeDriver: chrome on windows (41015016f5164ac968f3a4d79b90142d)] -&gt; css selector: .CodeMirror textarea]&#10;Session ID: 41015016f5164ac968f3a4d79b90142d" type="org.openqa.selenium.ElementNotInteractableException"><![CDATA[org.openqa.selenium.ElementNotInteractableException: 
element not interactable
  (Session info: chrome=131.0.6778.140)
Build info: version: '4.26.0', revision: '8ccf0219d7'
System info: os.name: 'Windows 11', os.arch: 'amd64', os.version: '10.0', java.version: '21.0.5'
Driver info: org.openqa.selenium.chrome.ChromeDriver
Command: [41015016f5164ac968f3a4d79b90142d, sendKeysToElement {value=[Ljava.lang.CharSequence;@3028cbb7, id=f.8F62975A7A7E132BBD2F9CA9F2A9EDA7.d.B5D2DDC8AAD87C7E3DD35FBE58AD6C13.e.47}]
Capabilities {acceptInsecureCerts: false, browserName: chrome, browserVersion: 131.0.6778.140, chrome: {chromedriverVersion: 131.0.6778.108 (3b014839fbc..., userDataDir: C:\Users\vamsh\AppData\Loca...}, fedcm:accounts: true, goog:chromeOptions: {debuggerAddress: localhost:58508}, networkConnectionEnabled: false, pageLoadStrategy: normal, platformName: windows, proxy: Proxy(), se:cdp: ws://localhost:58508/devtoo..., se:cdpVersion: 131.0.6778.140, setWindowRect: true, strictFileInteractability: false, timeouts: {implicit: 0, pageLoad: 300000, script: 30000}, unhandledPromptBehavior: dismiss and notify, webauthn:extension:credBlob: true, webauthn:extension:largeBlob: true, webauthn:extension:minPinLength: true, webauthn:extension:prf: true, webauthn:virtualAuthenticators: true}
Element: [[ChromeDriver: chrome on windows (41015016f5164ac968f3a4d79b90142d)] -> css selector: .CodeMirror textarea]
Session ID: 41015016f5164ac968f3a4d79b90142d
]]></failure>
    <system-out><![CDATA[
Scenario: LL_Try Here Editor page with invalid data                            &amp#27;[90m# src/test/resources/Features/LinkedList.feature:108&amp#27;[0m
  &amp#27;[32mGiven &amp#27;[0m&amp#27;[32mThe user is on the DS Introduction page as signedIn&amp#27;[0m                    &amp#27;[90m# StepDefinitions.DSIntroductionDetails.the_user_is_on_the_ds_introduction_page_as_signed_in()&amp#27;[0m
  &amp#27;[32mAnd &amp#27;[0m&amp#27;[32mUser clicks on Get Started button from Linked List panel&amp#27;[0m                 &amp#27;[90m# StepDefinitions.LinkedList.user_clicks_on_get_started_button_from_linked_list_panel()&amp#27;[0m
  &amp#27;[32mGiven &amp#27;[0m&amp#27;[32mThe user is on the DS Introduction page as signedIn&amp#27;[0m                    &amp#27;[90m# StepDefinitions.DSIntroductionDetails.the_user_is_on_the_ds_introduction_page_as_signed_in()&amp#27;[0m
  &amp#27;[32mGiven &amp#27;[0m&amp#27;[32mThe user is on the editor page of Implement Linked List in Python page&amp#27;[0m &amp#27;[90m# StepDefinitions.LinkedList.the_user_is_on_the_editor_page_of_implement_linked_list_in_python_page()&amp#27;[0m
  &amp#27;[31mWhen &amp#27;[0m&amp#27;[31mThe user writes no code inside editor window and clicks on Run button&amp#27;[0m   &amp#27;[90m# StepDefinitions.Tree.the_user_writes_no_code_inside_editor_window_and_clicks_on_run_button()&amp#27;[0m
      &amp#27;[31morg.openqa.selenium.ElementNotInteractableException: element not interactable
  (Session info: chrome=131.0.6778.140)
Build info: version: '4.26.0', revision: '8ccf0219d7'
System info: os.name: 'Windows 11', os.arch: 'amd64', os.version: '10.0', java.version: '21.0.5'
Driver info: org.openqa.selenium.chrome.ChromeDriver
Command: [41015016f5164ac968f3a4d79b90142d, sendKeysToElement {value=[Ljava.lang.CharSequence;@3028cbb7, id=f.8F62975A7A7E132BBD2F9CA9F2A9EDA7.d.B5D2DDC8AAD87C7E3DD35FBE58AD6C13.e.47}]
Capabilities {acceptInsecureCerts: false, browserName: chrome, browserVersion: 131.0.6778.140, chrome: {chromedriverVersion: 131.0.6778.108 (3b014839fbc..., userDataDir: C:\Users\vamsh\AppData\Loca...}, fedcm:accounts: true, goog:chromeOptions: {debuggerAddress: localhost:58508}, networkConnectionEnabled: false, pageLoadStrategy: normal, platformName: windows, proxy: Proxy(), se:cdp: ws://localhost:58508/devtoo..., se:cdpVersion: 131.0.6778.140, setWindowRect: true, strictFileInteractability: false, timeouts: {implicit: 0, pageLoad: 300000, script: 30000}, unhandledPromptBehavior: dismiss and notify, webauthn:extension:credBlob: true, webauthn:extension:largeBlob: true, webauthn:extension:minPinLength: true, webauthn:extension:prf: true, webauthn:virtualAuthenticators: true}
Element: [[ChromeDriver: chrome on windows (41015016f5164ac968f3a4d79b90142d)] -> css selector: .CodeMirror textarea]
Session ID: 41015016f5164ac968f3a4d79b90142d
	at java.base/jdk.internal.reflect.DirectConstructorHandleAccessor.newInstance(DirectConstructorHandleAccessor.java:62)
	at java.base/java.lang.reflect.Constructor.newInstanceWithCaller(Constructor.java:502)
	at java.base/java.lang.reflect.Constructor.newInstance(Constructor.java:486)
	at org.openqa.selenium.remote.ErrorCodec.decode(ErrorCodec.java:167)
	at org.openqa.selenium.remote.codec.w3c.W3CHttpResponseCodec.decode(W3CHttpResponseCodec.java:138)
	at org.openqa.selenium.remote.codec.w3c.W3CHttpResponseCodec.decode(W3CHttpResponseCodec.java:50)
	at org.openqa.selenium.remote.HttpCommandExecutor.execute(HttpCommandExecutor.java:190)
	at org.openqa.selenium.remote.service.DriverCommandExecutor.invokeExecute(DriverCommandExecutor.java:216)
	at org.openqa.selenium.remote.service.DriverCommandExecutor.execute(DriverCommandExecutor.java:174)
	at org.openqa.selenium.remote.RemoteWebDriver.execute(RemoteWebDriver.java:545)
	at org.openqa.selenium.remote.RemoteWebElement.execute(RemoteWebElement.java:223)
	at org.openqa.selenium.remote.RemoteWebElement.sendKeys(RemoteWebElement.java:110)
	at PageObjects.TreePage.writeInTryEditorWindow(TreePage.java:251)
	at StepDefinitions.Tree.the_user_writes_no_code_inside_editor_window_and_clicks_on_run_button(Tree.java:80)
	at ✽.The user writes no code inside editor window and clicks on Run button(file:///C:/Projects/newFolder-3/Repo1/src/test/resources/Features/LinkedList.feature:100)
&amp#27;[0m
  &amp#27;[36mThen &amp#27;[0m&amp#27;[36mNothing happens to the Editor page and no error message is displayed&amp#27;[0m    &amp#27;[90m# StepDefinitions.Tree.nothing_happens_to_the_editor_page_and_no_error_message_is_displayed()&amp#27;[0m
[ERROR] 2024-12-17 11:51:33.671 [TestNG-PoolService-2] Hooks - ======================  TEST CASE FAILED !! ======================
  &amp#27;[32mAnd &amp#27;[0m&amp#27;[32mUser clicks on Get Started button from Linked List panel&amp#27;[0m                 &amp#27;[90m# StepDefinitions.LinkedList.user_clicks_on_get_started_button_from_linked_list_panel()&amp#27;[0m

    Embedding screenshot [image/png 7853 bytes]

[INFO ] 2024-12-17 11:51:33.854 [TestNG-PoolService-2] Hooks - ======================  Screenshot is captured  ======================
[INFO ] 2024-12-17 11:51:33.854 [TestNG-PoolService-2] Hooks - ======================  Test Execution is completed!! ======================
]]></system-out>
    <system-err><![CDATA[Dec 17, 2024 11:51:32 AM org.openqa.selenium.devtools.CdpVersionFinder findNearestMatch
WARNING: Unable to find an exact match for CDP version 131, returning the closest version; found: 130; Please update to a Selenium version that supports CDP version 131
]]></system-err>
  </testcase>
  <testcase name="runScenario[&quot;LL_Try Here Editor page with empty data&quot;, &quot;Linked List&quot;](79)" classname="TestRunners.TestRunner" time="0.462">
    <system-out><![CDATA[
Scenario: LL_Try Here Editor page with invalid data                            &amp#27;[90m# src/test/resources/Features/LinkedList.feature:108&amp#27;[0m
]]></system-out>
  </testcase>
  <testcase name="runScenario[&quot;LL_Try Here Editor page with valid data&quot;, &quot;Linked List&quot;](80)" classname="TestRunners.TestRunner" time="1.721">
    <failure message="element not interactable&#10;  (Session info: chrome=131.0.6778.140)&#10;Build info: version: &apos;4.26.0&apos;, revision: &apos;8ccf0219d7&apos;&#10;System info: os.name: &apos;Windows 11&apos;, os.arch: &apos;amd64&apos;, os.version: &apos;10.0&apos;, java.version: &apos;21.0.5&apos;&#10;Driver info: org.openqa.selenium.chrome.ChromeDriver&#10;Command: [5895c2e93af31afb5598c14fcf8dbbef, sendKeysToElement {value=[Ljava.lang.CharSequence;@50b1e22e, id=f.3D7A5C1A72F27DCB4A85F2890FEECB89.d.5A47C0DEDFAA9C06DB6BC8457E1A6F8E.e.51}]&#10;Capabilities {acceptInsecureCerts: false, browserName: chrome, browserVersion: 131.0.6778.140, chrome: {chromedriverVersion: 131.0.6778.108 (3b014839fbc..., userDataDir: C:\Users\vamsh\AppData\Loca...}, fedcm:accounts: true, goog:chromeOptions: {debuggerAddress: localhost:58527}, networkConnectionEnabled: false, pageLoadStrategy: normal, platformName: windows, proxy: Proxy(), se:cdp: ws://localhost:58527/devtoo..., se:cdpVersion: 131.0.6778.140, setWindowRect: true, strictFileInteractability: false, timeouts: {implicit: 0, pageLoad: 300000, script: 30000}, unhandledPromptBehavior: dismiss and notify, webauthn:extension:credBlob: true, webauthn:extension:largeBlob: true, webauthn:extension:minPinLength: true, webauthn:extension:prf: true, webauthn:virtualAuthenticators: true}&#10;Element: [[ChromeDriver: chrome on windows (5895c2e93af31afb5598c14fcf8dbbef)] -&gt; css selector: .CodeMirror textarea]&#10;Session ID: 5895c2e93af31afb5598c14fcf8dbbef" type="org.openqa.selenium.ElementNotInteractableException"><![CDATA[org.openqa.selenium.ElementNotInteractableException: 
element not interactable
  (Session info: chrome=131.0.6778.140)
Build info: version: '4.26.0', revision: '8ccf0219d7'
System info: os.name: 'Windows 11', os.arch: 'amd64', os.version: '10.0', java.version: '21.0.5'
Driver info: org.openqa.selenium.chrome.ChromeDriver
Command: [5895c2e93af31afb5598c14fcf8dbbef, sendKeysToElement {value=[Ljava.lang.CharSequence;@50b1e22e, id=f.3D7A5C1A72F27DCB4A85F2890FEECB89.d.5A47C0DEDFAA9C06DB6BC8457E1A6F8E.e.51}]
Capabilities {acceptInsecureCerts: false, browserName: chrome, browserVersion: 131.0.6778.140, chrome: {chromedriverVersion: 131.0.6778.108 (3b014839fbc..., userDataDir: C:\Users\vamsh\AppData\Loca...}, fedcm:accounts: true, goog:chromeOptions: {debuggerAddress: localhost:58527}, networkConnectionEnabled: false, pageLoadStrategy: normal, platformName: windows, proxy: Proxy(), se:cdp: ws://localhost:58527/devtoo..., se:cdpVersion: 131.0.6778.140, setWindowRect: true, strictFileInteractability: false, timeouts: {implicit: 0, pageLoad: 300000, script: 30000}, unhandledPromptBehavior: dismiss and notify, webauthn:extension:credBlob: true, webauthn:extension:largeBlob: true, webauthn:extension:minPinLength: true, webauthn:extension:prf: true, webauthn:virtualAuthenticators: true}
Element: [[ChromeDriver: chrome on windows (5895c2e93af31afb5598c14fcf8dbbef)] -> css selector: .CodeMirror textarea]
Session ID: 5895c2e93af31afb5598c14fcf8dbbef
]]></failure>
    <system-out><![CDATA[
Scenario: Linked List home page                                 &amp#27;[90m# src/test/resources/Features/LinkedList.feature:113&amp#27;[0m
  &amp#27;[32mGiven &amp#27;[0m&amp#27;[32mThe user is on the editor page of Implement Linked List in Python page&amp#27;[0m &amp#27;[90m# StepDefinitions.LinkedList.the_user_is_on_the_editor_page_of_implement_linked_list_in_python_page()&amp#27;[0m
  &amp#27;[31mWhen &amp#27;[0m&amp#27;[31mThe user writes the valid python code and clicks on Run button&amp#27;[0m          &amp#27;[90m# StepDefinitions.Tree.the_user_writes_the_valid_python_code_and_clicks_on_run_button()&amp#27;[0m
      &amp#27;[31morg.openqa.selenium.ElementNotInteractableException: element not interactable
  (Session info: chrome=131.0.6778.140)
Build info: version: '4.26.0', revision: '8ccf0219d7'
System info: os.name: 'Windows 11', os.arch: 'amd64', os.version: '10.0', java.version: '21.0.5'
Driver info: org.openqa.selenium.chrome.ChromeDriver
Command: [5895c2e93af31afb5598c14fcf8dbbef, sendKeysToElement {value=[Ljava.lang.CharSequence;@50b1e22e, id=f.3D7A5C1A72F27DCB4A85F2890FEECB89.d.5A47C0DEDFAA9C06DB6BC8457E1A6F8E.e.51}]
Capabilities {acceptInsecureCerts: false, browserName: chrome, browserVersion: 131.0.6778.140, chrome: {chromedriverVersion: 131.0.6778.108 (3b014839fbc..., userDataDir: C:\Users\vamsh\AppData\Loca...}, fedcm:accounts: true, goog:chromeOptions: {debuggerAddress: localhost:58527}, networkConnectionEnabled: false, pageLoadStrategy: normal, platformName: windows, proxy: Proxy(), se:cdp: ws://localhost:58527/devtoo..., se:cdpVersion: 131.0.6778.140, setWindowRect: true, strictFileInteractability: false, timeouts: {implicit: 0, pageLoad: 300000, script: 30000}, unhandledPromptBehavior: dismiss and notify, webauthn:extension:credBlob: true, webauthn:extension:largeBlob: true, webauthn:extension:minPinLength: true, webauthn:extension:prf: true, webauthn:virtualAuthenticators: true}
Element: [[ChromeDriver: chrome on windows (5895c2e93af31afb5598c14fcf8dbbef)] -> css selector: .CodeMirror textarea]
Session ID: 5895c2e93af31afb5598c14fcf8dbbef
	at java.base/jdk.internal.reflect.DirectConstructorHandleAccessor.newInstance(DirectConstructorHandleAccessor.java:62)
	at java.base/java.lang.reflect.Constructor.newInstanceWithCaller(Constructor.java:502)
	at java.base/java.lang.reflect.Constructor.newInstance(Constructor.java:486)
	at org.openqa.selenium.remote.ErrorCodec.decode(ErrorCodec.java:167)
	at org.openqa.selenium.remote.codec.w3c.W3CHttpResponseCodec.decode(W3CHttpResponseCodec.java:138)
	at org.openqa.selenium.remote.codec.w3c.W3CHttpResponseCodec.decode(W3CHttpResponseCodec.java:50)
	at org.openqa.selenium.remote.HttpCommandExecutor.execute(HttpCommandExecutor.java:190)
	at org.openqa.selenium.remote.service.DriverCommandExecutor.invokeExecute(DriverCommandExecutor.java:216)
	at org.openqa.selenium.remote.service.DriverCommandExecutor.execute(DriverCommandExecutor.java:174)
	at org.openqa.selenium.remote.RemoteWebDriver.execute(RemoteWebDriver.java:545)
	at org.openqa.selenium.remote.RemoteWebElement.execute(RemoteWebElement.java:223)
	at org.openqa.selenium.remote.RemoteWebElement.sendKeys(RemoteWebElement.java:110)
	at PageObjects.TreePage.writeInTryEditorWindow(TreePage.java:251)
	at StepDefinitions.Tree.the_user_writes_the_valid_python_code_and_clicks_on_run_button(Tree.java:93)
	at ✽.The user writes the valid python code and clicks on Run button(file:///C:/Projects/newFolder-3/Repo1/src/test/resources/Features/LinkedList.feature:105)
&amp#27;[0m
  &amp#27;[36mThen &amp#27;[0m&amp#27;[36mThe user is able to see the output inside the console.&amp#27;[0m                  &amp#27;[90m# StepDefinitions.Tree.the_user_is_able_to_see_the_output_inside_the_console()&amp#27;[0m
[ERROR] 2024-12-17 11:51:35.071 [TestNG-PoolService-3] Hooks - ======================  TEST CASE FAILED !! ======================

    Embedding screenshot [image/png 7853 bytes]

[INFO ] 2024-12-17 11:51:35.278 [TestNG-PoolService-3] Hooks - ======================  Screenshot is captured  ======================
[INFO ] 2024-12-17 11:51:35.281 [TestNG-PoolService-3] Hooks - ======================  Test Execution is completed!! ======================
  &amp#27;[32mGiven &amp#27;[0m&amp#27;[32mThe user is on the DS Introduction page as signedIn&amp#27;[0m                    &amp#27;[90m# StepDefinitions.DSIntroductionDetails.the_user_is_on_the_ds_introduction_page_as_signed_in()&amp#27;[0m
]]></system-out>
    <system-err><![CDATA[Dec 17, 2024 11:51:35 AM org.openqa.selenium.devtools.CdpVersionFinder findNearestMatch
WARNING: Unable to find an exact match for CDP version 131, returning the closest version; found: 130; Please update to a Selenium version that supports CDP version 131
]]></system-err>
  </testcase>
  <testcase name="runScenario[&quot;LL_Try Here Editor page with valid data&quot;, &quot;Linked List&quot;](80)" classname="TestRunners.TestRunner" time="1.15">
    <system-out><![CDATA[
Scenario: Linked List home page                                 &amp#27;[90m# src/test/resources/Features/LinkedList.feature:113&amp#27;[0m
]]></system-out>
  </testcase>
  <testcase name="runScenario[&quot;LL_Try Here Editor page with valid data&quot;, &quot;Linked List&quot;](80)" classname="TestRunners.TestRunner" time="8.327">
    <failure message="element not interactable&#10;  (Session info: MicrosoftEdge=131.0.2903.99)&#10;Build info: version: &apos;4.26.0&apos;, revision: &apos;8ccf0219d7&apos;&#10;System info: os.name: &apos;Windows 11&apos;, os.arch: &apos;amd64&apos;, os.version: &apos;10.0&apos;, java.version: &apos;21.0.5&apos;&#10;Driver info: org.openqa.selenium.edge.EdgeDriver&#10;Command: [03c297851f72399a769cbb9d70e90ce0, sendKeysToElement {value=[Ljava.lang.CharSequence;@5788dae5, id=f.7721E97B17A73FC533B3E148552CD6D4.d.3AA44403F97FBC7CD98D54674F7F2581.e.37}]&#10;Capabilities {acceptInsecureCerts: false, browserName: MicrosoftEdge, browserVersion: 131.0.2903.99, fedcm:accounts: true, ms:edgeOptions: {debuggerAddress: localhost:53256}, msedge: {msedgedriverVersion: 131.0.2903.99 (f96a870b1316..., userDataDir: C:\Users\vamsh\AppData\Loca...}, networkConnectionEnabled: false, pageLoadStrategy: normal, platformName: windows, proxy: Proxy(), se:cdp: ws://localhost:53256/devtoo..., se:cdpVersion: 131.0.2903.99, setWindowRect: true, strictFileInteractability: false, timeouts: {implicit: 0, pageLoad: 300000, script: 30000}, unhandledPromptBehavior: dismiss and notify, webauthn:extension:credBlob: true, webauthn:extension:largeBlob: true, webauthn:extension:minPinLength: true, webauthn:extension:prf: true, webauthn:virtualAuthenticators: true}&#10;Element: [[EdgeDriver: MicrosoftEdge on windows (03c297851f72399a769cbb9d70e90ce0)] -&gt; css selector: .CodeMirror textarea]&#10;Session ID: 03c297851f72399a769cbb9d70e90ce0" type="org.openqa.selenium.ElementNotInteractableException"><![CDATA[org.openqa.selenium.ElementNotInteractableException: 
element not interactable
  (Session info: MicrosoftEdge=131.0.2903.99)
Build info: version: '4.26.0', revision: '8ccf0219d7'
System info: os.name: 'Windows 11', os.arch: 'amd64', os.version: '10.0', java.version: '21.0.5'
Driver info: org.openqa.selenium.edge.EdgeDriver
Command: [03c297851f72399a769cbb9d70e90ce0, sendKeysToElement {value=[Ljava.lang.CharSequence;@5788dae5, id=f.7721E97B17A73FC533B3E148552CD6D4.d.3AA44403F97FBC7CD98D54674F7F2581.e.37}]
Capabilities {acceptInsecureCerts: false, browserName: MicrosoftEdge, browserVersion: 131.0.2903.99, fedcm:accounts: true, ms:edgeOptions: {debuggerAddress: localhost:53256}, msedge: {msedgedriverVersion: 131.0.2903.99 (f96a870b1316..., userDataDir: C:\Users\vamsh\AppData\Loca...}, networkConnectionEnabled: false, pageLoadStrategy: normal, platformName: windows, proxy: Proxy(), se:cdp: ws://localhost:53256/devtoo..., se:cdpVersion: 131.0.2903.99, setWindowRect: true, strictFileInteractability: false, timeouts: {implicit: 0, pageLoad: 300000, script: 30000}, unhandledPromptBehavior: dismiss and notify, webauthn:extension:credBlob: true, webauthn:extension:largeBlob: true, webauthn:extension:minPinLength: true, webauthn:extension:prf: true, webauthn:virtualAuthenticators: true}
Element: [[EdgeDriver: MicrosoftEdge on windows (03c297851f72399a769cbb9d70e90ce0)] -> css selector: .CodeMirror textarea]
Session ID: 03c297851f72399a769cbb9d70e90ce0
]]></failure>
    <system-out><![CDATA[
Scenario: Linked List home page                                 &amp#27;[90m# src/test/resources/Features/LinkedList.feature:113&amp#27;[0m
  &amp#27;[32mGiven &amp#27;[0m&amp#27;[32mThe user is on the DS Introduction page as signedIn&amp#27;[0m                    &amp#27;[90m# StepDefinitions.DSIntroductionDetails.the_user_is_on_the_ds_introduction_page_as_signed_in()&amp#27;[0m
  &amp#27;[32mAnd &amp#27;[0m&amp#27;[32mUser clicks on Get Started button from Linked List panel&amp#27;[0m                 &amp#27;[90m# StepDefinitions.LinkedList.user_clicks_on_get_started_button_from_linked_list_panel()&amp#27;[0m
  &amp#27;[32mGiven &amp#27;[0m&amp#27;[32mThe user is on the DS Introduction page as signedIn&amp#27;[0m                    &amp#27;[90m# StepDefinitions.DSIntroductionDetails.the_user_is_on_the_ds_introduction_page_as_signed_in()&amp#27;[0m
  &amp#27;[32mAnd &amp#27;[0m&amp#27;[32mUser clicks on Get Started button from Linked List panel&amp#27;[0m                 &amp#27;[90m# StepDefinitions.LinkedList.user_clicks_on_get_started_button_from_linked_list_panel()&amp#27;[0m
  &amp#27;[32mGiven &amp#27;[0m&amp#27;[32mThe user is on the DS Introduction page as signedIn&amp#27;[0m     &amp#27;[90m# StepDefinitions.DSIntroductionDetails.the_user_is_on_the_ds_introduction_page_as_signed_in()&amp#27;[0m
  &amp#27;[32mAnd &amp#27;[0m&amp#27;[32mUser clicks on Get Started button from Linked List panel&amp#27;[0m  &amp#27;[90m# StepDefinitions.LinkedList.user_clicks_on_get_started_button_from_linked_list_panel()&amp#27;[0m
  &amp#27;[32mGiven &amp#27;[0m&amp#27;[32mThe user is on the editor page of Implement Linked List in Python page&amp#27;[0m &amp#27;[90m# StepDefinitions.LinkedList.the_user_is_on_the_editor_page_of_implement_linked_list_in_python_page()&amp#27;[0m
  &amp#27;[31mWhen &amp#27;[0m&amp#27;[31mThe user writes the valid python code and clicks on Run button&amp#27;[0m          &amp#27;[90m# StepDefinitions.Tree.the_user_writes_the_valid_python_code_and_clicks_on_run_button()&amp#27;[0m
      &amp#27;[31morg.openqa.selenium.ElementNotInteractableException: element not interactable
  (Session info: MicrosoftEdge=131.0.2903.99)
Build info: version: '4.26.0', revision: '8ccf0219d7'
System info: os.name: 'Windows 11', os.arch: 'amd64', os.version: '10.0', java.version: '21.0.5'
Driver info: org.openqa.selenium.edge.EdgeDriver
Command: [03c297851f72399a769cbb9d70e90ce0, sendKeysToElement {value=[Ljava.lang.CharSequence;@5788dae5, id=f.7721E97B17A73FC533B3E148552CD6D4.d.3AA44403F97FBC7CD98D54674F7F2581.e.37}]
Capabilities {acceptInsecureCerts: false, browserName: MicrosoftEdge, browserVersion: 131.0.2903.99, fedcm:accounts: true, ms:edgeOptions: {debuggerAddress: localhost:53256}, msedge: {msedgedriverVersion: 131.0.2903.99 (f96a870b1316..., userDataDir: C:\Users\vamsh\AppData\Loca...}, networkConnectionEnabled: false, pageLoadStrategy: normal, platformName: windows, proxy: Proxy(), se:cdp: ws://localhost:53256/devtoo..., se:cdpVersion: 131.0.2903.99, setWindowRect: true, strictFileInteractability: false, timeouts: {implicit: 0, pageLoad: 300000, script: 30000}, unhandledPromptBehavior: dismiss and notify, webauthn:extension:credBlob: true, webauthn:extension:largeBlob: true, webauthn:extension:minPinLength: true, webauthn:extension:prf: true, webauthn:virtualAuthenticators: true}
Element: [[EdgeDriver: MicrosoftEdge on windows (03c297851f72399a769cbb9d70e90ce0)] -> css selector: .CodeMirror textarea]
Session ID: 03c297851f72399a769cbb9d70e90ce0
	at java.base/jdk.internal.reflect.DirectConstructorHandleAccessor.newInstance(DirectConstructorHandleAccessor.java:62)
	at java.base/java.lang.reflect.Constructor.newInstanceWithCaller(Constructor.java:502)
	at java.base/java.lang.reflect.Constructor.newInstance(Constructor.java:486)
	at org.openqa.selenium.remote.ErrorCodec.decode(ErrorCodec.java:167)
	at org.openqa.selenium.remote.codec.w3c.W3CHttpResponseCodec.decode(W3CHttpResponseCodec.java:138)
	at org.openqa.selenium.remote.codec.w3c.W3CHttpResponseCodec.decode(W3CHttpResponseCodec.java:50)
	at org.openqa.selenium.remote.HttpCommandExecutor.execute(HttpCommandExecutor.java:190)
	at org.openqa.selenium.remote.service.DriverCommandExecutor.invokeExecute(DriverCommandExecutor.java:216)
	at org.openqa.selenium.remote.service.DriverCommandExecutor.execute(DriverCommandExecutor.java:174)
	at org.openqa.selenium.remote.RemoteWebDriver.execute(RemoteWebDriver.java:545)
	at org.openqa.selenium.remote.RemoteWebElement.execute(RemoteWebElement.java:223)
	at org.openqa.selenium.remote.RemoteWebElement.sendKeys(RemoteWebElement.java:110)
	at PageObjects.TreePage.writeInTryEditorWindow(TreePage.java:251)
	at StepDefinitions.Tree.the_user_writes_the_valid_python_code_and_clicks_on_run_button(Tree.java:93)
	at ✽.The user writes the valid python code and clicks on Run button(file:///C:/Projects/newFolder-3/Repo1/src/test/resources/Features/LinkedList.feature:105)
&amp#27;[0m
  &amp#27;[36mThen &amp#27;[0m&amp#27;[36mThe user is able to see the output inside the console.&amp#27;[0m                  &amp#27;[90m# StepDefinitions.Tree.the_user_is_able_to_see_the_output_inside_the_console()&amp#27;[0m
[ERROR] 2024-12-17 12:19:46.574 [TestNG-PoolService-2] Hooks - ======================  TEST CASE FAILED !! ======================
  &amp#27;[32mGiven &amp#27;[0m&amp#27;[32mThe user is on the Implement Linked List in Python page&amp#27;[0m &amp#27;[90m# StepDefinitions.LinkedList.the_user_is_on_the_implement_linked_list_in_python_page()&amp#27;[0m

    Embedding screenshot [image/png 7890 bytes]

[INFO ] 2024-12-17 12:19:46.776 [TestNG-PoolService-2] Hooks - ======================  Screenshot is captured  ======================
[INFO ] 2024-12-17 12:19:46.777 [TestNG-PoolService-2] Hooks - ======================  Test Execution is completed!! ======================
  &amp#27;[32mWhen &amp#27;[0m&amp#27;[32mThe user clicks Traversal link&amp#27;[0m                           &amp#27;[90m# StepDefinitions.LinkedList.the_user_clicks_traversal_link()&amp#27;[0m
  &amp#27;[32mThen &amp#27;[0m&amp#27;[32mThe user is redirected to Traversal page.&amp#27;[0m                &amp#27;[90m# StepDefinitions.LinkedList.the_user_is_redirected_to_traversal_page()&amp#27;[0m
[INFO ] 2024-12-17 12:19:47.054 [TestNG-PoolService-3] Hooks - ======================  Test Execution is completed!! ======================
  &amp#27;[32mGiven &amp#27;[0m&amp#27;[32mThe user is on the editor page of Implement Linked List in Python page&amp#27;[0m &amp#27;[90m# StepDefinitions.LinkedList.the_user_is_on_the_editor_page_of_implement_linked_list_in_python_page()&amp#27;[0m
  &amp#27;[32mWhen &amp#27;[0m&amp#27;[32mThe user writes the invalid python code and clicks on Run button&amp#27;[0m        &amp#27;[90m# StepDefinitions.Tree.the_user_writes_the_invalid_python_code_and_clicks_on_run_button()&amp#27;[0m
  &amp#27;[32mThen &amp#27;[0m&amp#27;[32mThe user see error msg in alert window&amp#27;[0m                                  &amp#27;[90m# StepDefinitions.Tree.the_user_see_error_msg_in_alert_window()&amp#27;[0m
[INFO ] 2024-12-17 12:19:47.397 [TestNG-PoolService-1] Hooks - ======================  Test Execution is completed!! ======================
]]></system-out>
    <system-err><![CDATA[Dec 17, 2024 12:19:41 PM org.openqa.selenium.devtools.CdpVersionFinder findNearestMatch
WARNING: Unable to find an exact match for CDP version 131, returning the closest version; found: 130; Please update to a Selenium version that supports CDP version 131
Dec 17, 2024 12:19:42 PM org.openqa.selenium.devtools.CdpVersionFinder findNearestMatch
WARNING: Unable to find an exact match for CDP version 131, returning the closest version; found: 130; Please update to a Selenium version that supports CDP version 131
Dec 17, 2024 12:19:43 PM org.openqa.selenium.devtools.CdpVersionFinder findNearestMatch
WARNING: Unable to find an exact match for CDP version 131, returning the closest version; found: 130; Please update to a Selenium version that supports CDP version 131
]]></system-err>
  </testcase>
  <testcase name="runScenario[&quot;LL_Try Here Editor page with invalid data&quot;, &quot;Linked List&quot;](81)" classname="TestRunners.TestRunner" time="3.082">
    <failure message="element not interactable&#10;  (Session info: chrome=131.0.6778.140)&#10;Build info: version: &apos;4.26.0&apos;, revision: &apos;8ccf0219d7&apos;&#10;System info: os.name: &apos;Windows 11&apos;, os.arch: &apos;amd64&apos;, os.version: &apos;10.0&apos;, java.version: &apos;21.0.5&apos;&#10;Driver info: org.openqa.selenium.chrome.ChromeDriver&#10;Command: [079b5be2fceea3d94f7aee249eb8084e, sendKeysToElement {value=[Ljava.lang.CharSequence;@3c068c80, id=f.04B7EC926AEED19C24D5C8F706867332.d.0E91C44ED1237F92E9BE1214F7AD6B9A.e.56}]&#10;Capabilities {acceptInsecureCerts: false, browserName: chrome, browserVersion: 131.0.6778.140, chrome: {chromedriverVersion: 131.0.6778.108 (3b014839fbc..., userDataDir: C:\Users\vamsh\AppData\Loca...}, fedcm:accounts: true, goog:chromeOptions: {debuggerAddress: localhost:58608}, networkConnectionEnabled: false, pageLoadStrategy: normal, platformName: windows, proxy: Proxy(), se:cdp: ws://localhost:58608/devtoo..., se:cdpVersion: 131.0.6778.140, setWindowRect: true, strictFileInteractability: false, timeouts: {implicit: 0, pageLoad: 300000, script: 30000}, unhandledPromptBehavior: dismiss and notify, webauthn:extension:credBlob: true, webauthn:extension:largeBlob: true, webauthn:extension:minPinLength: true, webauthn:extension:prf: true, webauthn:virtualAuthenticators: true}&#10;Element: [[ChromeDriver: chrome on windows (079b5be2fceea3d94f7aee249eb8084e)] -&gt; css selector: .CodeMirror textarea]&#10;Session ID: 079b5be2fceea3d94f7aee249eb8084e" type="org.openqa.selenium.ElementNotInteractableException"><![CDATA[org.openqa.selenium.ElementNotInteractableException: 
element not interactable
  (Session info: chrome=131.0.6778.140)
Build info: version: '4.26.0', revision: '8ccf0219d7'
System info: os.name: 'Windows 11', os.arch: 'amd64', os.version: '10.0', java.version: '21.0.5'
Driver info: org.openqa.selenium.chrome.ChromeDriver
Command: [079b5be2fceea3d94f7aee249eb8084e, sendKeysToElement {value=[Ljava.lang.CharSequence;@3c068c80, id=f.04B7EC926AEED19C24D5C8F706867332.d.0E91C44ED1237F92E9BE1214F7AD6B9A.e.56}]
Capabilities {acceptInsecureCerts: false, browserName: chrome, browserVersion: 131.0.6778.140, chrome: {chromedriverVersion: 131.0.6778.108 (3b014839fbc..., userDataDir: C:\Users\vamsh\AppData\Loca...}, fedcm:accounts: true, goog:chromeOptions: {debuggerAddress: localhost:58608}, networkConnectionEnabled: false, pageLoadStrategy: normal, platformName: windows, proxy: Proxy(), se:cdp: ws://localhost:58608/devtoo..., se:cdpVersion: 131.0.6778.140, setWindowRect: true, strictFileInteractability: false, timeouts: {implicit: 0, pageLoad: 300000, script: 30000}, unhandledPromptBehavior: dismiss and notify, webauthn:extension:credBlob: true, webauthn:extension:largeBlob: true, webauthn:extension:minPinLength: true, webauthn:extension:prf: true, webauthn:virtualAuthenticators: true}
Element: [[ChromeDriver: chrome on windows (079b5be2fceea3d94f7aee249eb8084e)] -> css selector: .CodeMirror textarea]
Session ID: 079b5be2fceea3d94f7aee249eb8084e
]]></failure>
    <system-out><![CDATA[
Scenario: Traversal                                                  &amp#27;[90m# src/test/resources/Features/LinkedList.feature:118&amp#27;[0m
  &amp#27;[32mAnd &amp#27;[0m&amp#27;[32mUser clicks on Get Started button from Linked List panel&amp#27;[0m                 &amp#27;[90m# StepDefinitions.LinkedList.user_clicks_on_get_started_button_from_linked_list_panel()&amp#27;[0m
  &amp#27;[32mGiven &amp#27;[0m&amp#27;[32mThe user is on the editor page of Implement Linked List in Python page&amp#27;[0m &amp#27;[90m# StepDefinitions.LinkedList.the_user_is_on_the_editor_page_of_implement_linked_list_in_python_page()&amp#27;[0m
  &amp#27;[31mWhen &amp#27;[0m&amp#27;[31mThe user writes the invalid python code and clicks on Run button&amp#27;[0m        &amp#27;[90m# StepDefinitions.Tree.the_user_writes_the_invalid_python_code_and_clicks_on_run_button()&amp#27;[0m
      &amp#27;[31morg.openqa.selenium.ElementNotInteractableException: element not interactable
  (Session info: chrome=131.0.6778.140)
Build info: version: '4.26.0', revision: '8ccf0219d7'
System info: os.name: 'Windows 11', os.arch: 'amd64', os.version: '10.0', java.version: '21.0.5'
Driver info: org.openqa.selenium.chrome.ChromeDriver
Command: [079b5be2fceea3d94f7aee249eb8084e, sendKeysToElement {value=[Ljava.lang.CharSequence;@3c068c80, id=f.04B7EC926AEED19C24D5C8F706867332.d.0E91C44ED1237F92E9BE1214F7AD6B9A.e.56}]
Capabilities {acceptInsecureCerts: false, browserName: chrome, browserVersion: 131.0.6778.140, chrome: {chromedriverVersion: 131.0.6778.108 (3b014839fbc..., userDataDir: C:\Users\vamsh\AppData\Loca...}, fedcm:accounts: true, goog:chromeOptions: {debuggerAddress: localhost:58608}, networkConnectionEnabled: false, pageLoadStrategy: normal, platformName: windows, proxy: Proxy(), se:cdp: ws://localhost:58608/devtoo..., se:cdpVersion: 131.0.6778.140, setWindowRect: true, strictFileInteractability: false, timeouts: {implicit: 0, pageLoad: 300000, script: 30000}, unhandledPromptBehavior: dismiss and notify, webauthn:extension:credBlob: true, webauthn:extension:largeBlob: true, webauthn:extension:minPinLength: true, webauthn:extension:prf: true, webauthn:virtualAuthenticators: true}
Element: [[ChromeDriver: chrome on windows (079b5be2fceea3d94f7aee249eb8084e)] -> css selector: .CodeMirror textarea]
Session ID: 079b5be2fceea3d94f7aee249eb8084e
	at java.base/jdk.internal.reflect.DirectConstructorHandleAccessor.newInstance(DirectConstructorHandleAccessor.java:62)
	at java.base/java.lang.reflect.Constructor.newInstanceWithCaller(Constructor.java:502)
	at java.base/java.lang.reflect.Constructor.newInstance(Constructor.java:486)
	at org.openqa.selenium.remote.ErrorCodec.decode(ErrorCodec.java:167)
	at org.openqa.selenium.remote.codec.w3c.W3CHttpResponseCodec.decode(W3CHttpResponseCodec.java:138)
	at org.openqa.selenium.remote.codec.w3c.W3CHttpResponseCodec.decode(W3CHttpResponseCodec.java:50)
	at org.openqa.selenium.remote.HttpCommandExecutor.execute(HttpCommandExecutor.java:190)
	at org.openqa.selenium.remote.service.DriverCommandExecutor.invokeExecute(DriverCommandExecutor.java:216)
	at org.openqa.selenium.remote.service.DriverCommandExecutor.execute(DriverCommandExecutor.java:174)
	at org.openqa.selenium.remote.RemoteWebDriver.execute(RemoteWebDriver.java:545)
	at org.openqa.selenium.remote.RemoteWebElement.execute(RemoteWebElement.java:223)
	at org.openqa.selenium.remote.RemoteWebElement.sendKeys(RemoteWebElement.java:110)
	at PageObjects.TreePage.writeInTryEditorWindow(TreePage.java:251)
	at StepDefinitions.Tree.the_user_writes_the_invalid_python_code_and_clicks_on_run_button(Tree.java:106)
	at ✽.The user writes the invalid python code and clicks on Run button(file:///C:/Projects/newFolder-3/Repo1/src/test/resources/Features/LinkedList.feature:110)
&amp#27;[0m
  &amp#27;[36mThen &amp#27;[0m&amp#27;[36mThe user see error msg in alert window&amp#27;[0m                                  &amp#27;[90m# StepDefinitions.Tree.the_user_see_error_msg_in_alert_window()&amp#27;[0m
[ERROR] 2024-12-17 11:51:37.535 [TestNG-PoolService-1] Hooks - ======================  TEST CASE FAILED !! ======================

    Embedding screenshot [image/png 7853 bytes]

[INFO ] 2024-12-17 11:51:37.776 [TestNG-PoolService-1] Hooks - ======================  Screenshot is captured  ======================
[INFO ] 2024-12-17 11:51:37.778 [TestNG-PoolService-1] Hooks - ======================  Test Execution is completed!! ======================
  &amp#27;[32mGiven &amp#27;[0m&amp#27;[32mThe user is on the DS Introduction page as signedIn&amp#27;[0m     &amp#27;[90m# StepDefinitions.DSIntroductionDetails.the_user_is_on_the_ds_introduction_page_as_signed_in()&amp#27;[0m
]]></system-out>
    <system-err><![CDATA[Dec 17, 2024 11:51:37 AM org.openqa.selenium.devtools.CdpVersionFinder findNearestMatch
WARNING: Unable to find an exact match for CDP version 131, returning the closest version; found: 130; Please update to a Selenium version that supports CDP version 131
]]></system-err>
  </testcase>
  <testcase name="runScenario[&quot;Linked List home page&quot;, &quot;Linked List&quot;](82)" classname="TestRunners.TestRunner" time="1.024">
    <system-out><![CDATA[
Scenario: LL_Try Here Editor page with empty data                            &amp#27;[90m# src/test/resources/Features/LinkedList.feature:123&amp#27;[0m
  &amp#27;[32mAnd &amp#27;[0m&amp#27;[32mUser clicks on Get Started button from Linked List panel&amp#27;[0m  &amp#27;[90m# StepDefinitions.LinkedList.user_clicks_on_get_started_button_from_linked_list_panel()&amp#27;[0m
  &amp#27;[32mGiven &amp#27;[0m&amp#27;[32mThe user is on the Implement Linked List in Python page&amp#27;[0m &amp#27;[90m# StepDefinitions.LinkedList.the_user_is_on_the_implement_linked_list_in_python_page()&amp#27;[0m
  &amp#27;[32mWhen &amp#27;[0m&amp#27;[32mThe user clicks Traversal link&amp#27;[0m                           &amp#27;[90m# StepDefinitions.LinkedList.the_user_clicks_traversal_link()&amp#27;[0m
  &amp#27;[32mThen &amp#27;[0m&amp#27;[32mThe user is redirected to Traversal page.&amp#27;[0m                &amp#27;[90m# StepDefinitions.LinkedList.the_user_is_redirected_to_traversal_page()&amp#27;[0m
[INFO ] 2024-12-17 11:51:39.797 [TestNG-PoolService-2] Hooks - ======================  Test Execution is completed!! ======================
]]></system-out>
  </testcase>
  <testcase name="runScenario[&quot;Traversal&quot;, &quot;Linked List&quot;](83)" classname="TestRunners.TestRunner" time="2.627">
    <system-out><![CDATA[
Scenario: LL_Try Here Editor page with valid data                     &amp#27;[90m# src/test/resources/Features/LinkedList.feature:128&amp#27;[0m
  &amp#27;[32mGiven &amp#27;[0m&amp#27;[32mThe user is on the DS Introduction page as signedIn&amp#27;[0m          &amp#27;[90m# StepDefinitions.DSIntroductionDetails.the_user_is_on_the_ds_introduction_page_as_signed_in()&amp#27;[0m
  &amp#27;[32mAnd &amp#27;[0m&amp#27;[32mUser clicks on Get Started button from Linked List panel&amp#27;[0m       &amp#27;[90m# StepDefinitions.LinkedList.user_clicks_on_get_started_button_from_linked_list_panel()&amp#27;[0m
  &amp#27;[32mGiven &amp#27;[0m&amp#27;[32mThe user is on the Traversal page&amp#27;[0m                            &amp#27;[90m# StepDefinitions.LinkedList.the_user_is_on_the_traversal_page()&amp#27;[0m
  &amp#27;[32mWhen &amp#27;[0m&amp#27;[32mThe user clicks Try Here button&amp#27;[0m                               &amp#27;[90m# StepDefinitions.Tree.the_user_clicks_try_here_button()&amp#27;[0m
  &amp#27;[32mThen &amp#27;[0m&amp#27;[32mThe user is redirected to a page having Editor and run button&amp#27;[0m &amp#27;[90m# StepDefinitions.Tree.the_user_is_redirected_to_a_page_having_editor_and_run_button()&amp#27;[0m
[INFO ] 2024-12-17 11:51:42.360 [TestNG-PoolService-3] Hooks - ======================  Test Execution is completed!! ======================
]]></system-out>
    <system-err><![CDATA[Dec 17, 2024 11:51:40 AM org.openqa.selenium.devtools.CdpVersionFinder findNearestMatch
WARNING: Unable to find an exact match for CDP version 131, returning the closest version; found: 130; Please update to a Selenium version that supports CDP version 131
Dec 17, 2024 11:51:41 AM org.openqa.selenium.devtools.CdpVersionFinder findNearestMatch
WARNING: Unable to find an exact match for CDP version 131, returning the closest version; found: 130; Please update to a Selenium version that supports CDP version 131
]]></system-err>
  </testcase>
  <testcase name="runScenario[&quot;Traversal&quot;, &quot;Linked List&quot;](83)" classname="TestRunners.TestRunner" time="8.373">
    <system-out><![CDATA[
Scenario: LL_Try Here Editor page with valid data                     &amp#27;[90m# src/test/resources/Features/LinkedList.feature:128&amp#27;[0m
  &amp#27;[32mGiven &amp#27;[0m&amp#27;[32mThe user is on the DS Introduction page as signedIn&amp#27;[0m          &amp#27;[90m# StepDefinitions.DSIntroductionDetails.the_user_is_on_the_ds_introduction_page_as_signed_in()&amp#27;[0m
  &amp#27;[32mGiven &amp#27;[0m&amp#27;[32mThe user is on the DS Introduction page as signedIn&amp#27;[0m                  &amp#27;[90m# StepDefinitions.DSIntroductionDetails.the_user_is_on_the_ds_introduction_page_as_signed_in()&amp#27;[0m
  &amp#27;[32mAnd &amp#27;[0m&amp#27;[32mUser clicks on Get Started button from Linked List panel&amp#27;[0m       &amp#27;[90m# StepDefinitions.LinkedList.user_clicks_on_get_started_button_from_linked_list_panel()&amp#27;[0m
  &amp#27;[32mGiven &amp#27;[0m&amp#27;[32mThe user is on the DS Introduction page as signedIn&amp#27;[0m           &amp#27;[90m# StepDefinitions.DSIntroductionDetails.the_user_is_on_the_ds_introduction_page_as_signed_in()&amp#27;[0m
  &amp#27;[32mAnd &amp#27;[0m&amp#27;[32mUser clicks on Get Started button from Linked List panel&amp#27;[0m               &amp#27;[90m# StepDefinitions.LinkedList.user_clicks_on_get_started_button_from_linked_list_panel()&amp#27;[0m
  &amp#27;[32mGiven &amp#27;[0m&amp#27;[32mThe user is on the Traversal page&amp#27;[0m                            &amp#27;[90m# StepDefinitions.LinkedList.the_user_is_on_the_traversal_page()&amp#27;[0m
  &amp#27;[32mAnd &amp#27;[0m&amp#27;[32mUser clicks on Get Started button from Linked List panel&amp#27;[0m        &amp#27;[90m# StepDefinitions.LinkedList.user_clicks_on_get_started_button_from_linked_list_panel()&amp#27;[0m
  &amp#27;[32mWhen &amp#27;[0m&amp#27;[32mThe user clicks Try Here button&amp#27;[0m                               &amp#27;[90m# StepDefinitions.Tree.the_user_clicks_try_here_button()&amp#27;[0m
  &amp#27;[32mThen &amp#27;[0m&amp#27;[32mThe user is redirected to a page having Editor and run button&amp#27;[0m &amp#27;[90m# StepDefinitions.Tree.the_user_is_redirected_to_a_page_having_editor_and_run_button()&amp#27;[0m
[INFO ] 2024-12-17 12:19:55.757 [TestNG-PoolService-2] Hooks - ======================  Test Execution is completed!! ======================
  &amp#27;[32mGiven &amp#27;[0m&amp#27;[32mThe user is on the editor page of Traversal page&amp#27;[0m                     &amp#27;[90m# StepDefinitions.LinkedList.the_user_is_on_the_editor_page_of_traversal_page()&amp#27;[0m
  &amp#27;[32mGiven &amp#27;[0m&amp#27;[32mThe user is on the editor page of Traversal page&amp#27;[0m              &amp#27;[90m# StepDefinitions.LinkedList.the_user_is_on_the_editor_page_of_traversal_page()&amp#27;[0m
  &amp#27;[32mWhen &amp#27;[0m&amp#27;[32mThe user writes no code inside editor window and clicks on Run button&amp#27;[0m &amp#27;[90m# StepDefinitions.Tree.the_user_writes_no_code_inside_editor_window_and_clicks_on_run_button()&amp#27;[0m
  &amp#27;[32mThen &amp#27;[0m&amp#27;[32mNothing happens to the Editor page and no error message is displayed&amp#27;[0m  &amp#27;[90m# StepDefinitions.Tree.nothing_happens_to_the_editor_page_and_no_error_message_is_displayed()&amp#27;[0m
[INFO ] 2024-12-17 12:19:56.257 [TestNG-PoolService-3] Hooks - ======================  Test Execution is completed!! ======================
]]></system-out>
    <system-err><![CDATA[Dec 17, 2024 12:19:50 PM org.openqa.selenium.devtools.CdpVersionFinder findNearestMatch
WARNING: Unable to find an exact match for CDP version 131, returning the closest version; found: 130; Please update to a Selenium version that supports CDP version 131
Dec 17, 2024 12:19:51 PM org.openqa.selenium.devtools.CdpVersionFinder findNearestMatch
WARNING: Unable to find an exact match for CDP version 131, returning the closest version; found: 130; Please update to a Selenium version that supports CDP version 131
Dec 17, 2024 12:19:52 PM org.openqa.selenium.devtools.CdpVersionFinder findNearestMatch
WARNING: Unable to find an exact match for CDP version 131, returning the closest version; found: 130; Please update to a Selenium version that supports CDP version 131
]]></system-err>
  </testcase>
  <testcase name="runScenario[&quot;LL_Try Here Editor page with empty data&quot;, &quot;Linked List&quot;](84)" classname="TestRunners.TestRunner" time="3.467">
    <failure message="element not interactable&#10;  (Session info: chrome=131.0.6778.140)&#10;Build info: version: &apos;4.26.0&apos;, revision: &apos;8ccf0219d7&apos;&#10;System info: os.name: &apos;Windows 11&apos;, os.arch: &apos;amd64&apos;, os.version: &apos;10.0&apos;, java.version: &apos;21.0.5&apos;&#10;Driver info: org.openqa.selenium.chrome.ChromeDriver&#10;Command: [cbd266b330a7b237492121fca2c16ded, sendKeysToElement {value=[Ljava.lang.CharSequence;@4d3103ee, id=f.9C74D92F9522627FD5E3DF1E7EF0A7BC.d.8090D50889A1D793D34266BFCBEBF556.e.59}]&#10;Capabilities {acceptInsecureCerts: false, browserName: chrome, browserVersion: 131.0.6778.140, chrome: {chromedriverVersion: 131.0.6778.108 (3b014839fbc..., userDataDir: C:\Users\vamsh\AppData\Loca...}, fedcm:accounts: true, goog:chromeOptions: {debuggerAddress: localhost:58780}, networkConnectionEnabled: false, pageLoadStrategy: normal, platformName: windows, proxy: Proxy(), se:cdp: ws://localhost:58780/devtoo..., se:cdpVersion: 131.0.6778.140, setWindowRect: true, strictFileInteractability: false, timeouts: {implicit: 0, pageLoad: 300000, script: 30000}, unhandledPromptBehavior: dismiss and notify, webauthn:extension:credBlob: true, webauthn:extension:largeBlob: true, webauthn:extension:minPinLength: true, webauthn:extension:prf: true, webauthn:virtualAuthenticators: true}&#10;Element: [[ChromeDriver: chrome on windows (cbd266b330a7b237492121fca2c16ded)] -&gt; css selector: .CodeMirror textarea]&#10;Session ID: cbd266b330a7b237492121fca2c16ded" type="org.openqa.selenium.ElementNotInteractableException"><![CDATA[org.openqa.selenium.ElementNotInteractableException: 
element not interactable
  (Session info: chrome=131.0.6778.140)
Build info: version: '4.26.0', revision: '8ccf0219d7'
System info: os.name: 'Windows 11', os.arch: 'amd64', os.version: '10.0', java.version: '21.0.5'
Driver info: org.openqa.selenium.chrome.ChromeDriver
Command: [cbd266b330a7b237492121fca2c16ded, sendKeysToElement {value=[Ljava.lang.CharSequence;@4d3103ee, id=f.9C74D92F9522627FD5E3DF1E7EF0A7BC.d.8090D50889A1D793D34266BFCBEBF556.e.59}]
Capabilities {acceptInsecureCerts: false, browserName: chrome, browserVersion: 131.0.6778.140, chrome: {chromedriverVersion: 131.0.6778.108 (3b014839fbc..., userDataDir: C:\Users\vamsh\AppData\Loca...}, fedcm:accounts: true, goog:chromeOptions: {debuggerAddress: localhost:58780}, networkConnectionEnabled: false, pageLoadStrategy: normal, platformName: windows, proxy: Proxy(), se:cdp: ws://localhost:58780/devtoo..., se:cdpVersion: 131.0.6778.140, setWindowRect: true, strictFileInteractability: false, timeouts: {implicit: 0, pageLoad: 300000, script: 30000}, unhandledPromptBehavior: dismiss and notify, webauthn:extension:credBlob: true, webauthn:extension:largeBlob: true, webauthn:extension:minPinLength: true, webauthn:extension:prf: true, webauthn:virtualAuthenticators: true}
Element: [[ChromeDriver: chrome on windows (cbd266b330a7b237492121fca2c16ded)] -> css selector: .CodeMirror textarea]
Session ID: cbd266b330a7b237492121fca2c16ded
]]></failure>
    <system-out><![CDATA[
Scenario: LL_Try Here Editor page with invalid data                     &amp#27;[90m# src/test/resources/Features/LinkedList.feature:133&amp#27;[0m
  &amp#27;[32mGiven &amp#27;[0m&amp#27;[32mThe user is on the DS Introduction page as signedIn&amp#27;[0m                  &amp#27;[90m# StepDefinitions.DSIntroductionDetails.the_user_is_on_the_ds_introduction_page_as_signed_in()&amp#27;[0m
  &amp#27;[32mAnd &amp#27;[0m&amp#27;[32mUser clicks on Get Started button from Linked List panel&amp#27;[0m               &amp#27;[90m# StepDefinitions.LinkedList.user_clicks_on_get_started_button_from_linked_list_panel()&amp#27;[0m
  &amp#27;[32mGiven &amp#27;[0m&amp#27;[32mThe user is on the DS Introduction page as signedIn&amp#27;[0m           &amp#27;[90m# StepDefinitions.DSIntroductionDetails.the_user_is_on_the_ds_introduction_page_as_signed_in()&amp#27;[0m
  &amp#27;[32mAnd &amp#27;[0m&amp#27;[32mUser clicks on Get Started button from Linked List panel&amp#27;[0m        &amp#27;[90m# StepDefinitions.LinkedList.user_clicks_on_get_started_button_from_linked_list_panel()&amp#27;[0m
  &amp#27;[32mGiven &amp#27;[0m&amp#27;[32mThe user is on the editor page of Traversal page&amp#27;[0m                     &amp#27;[90m# StepDefinitions.LinkedList.the_user_is_on_the_editor_page_of_traversal_page()&amp#27;[0m
  &amp#27;[31mWhen &amp#27;[0m&amp#27;[31mThe user writes no code inside editor window and clicks on Run button&amp#27;[0m &amp#27;[90m# StepDefinitions.Tree.the_user_writes_no_code_inside_editor_window_and_clicks_on_run_button()&amp#27;[0m
      &amp#27;[31morg.openqa.selenium.ElementNotInteractableException: element not interactable
  (Session info: chrome=131.0.6778.140)
Build info: version: '4.26.0', revision: '8ccf0219d7'
System info: os.name: 'Windows 11', os.arch: 'amd64', os.version: '10.0', java.version: '21.0.5'
Driver info: org.openqa.selenium.chrome.ChromeDriver
Command: [cbd266b330a7b237492121fca2c16ded, sendKeysToElement {value=[Ljava.lang.CharSequence;@4d3103ee, id=f.9C74D92F9522627FD5E3DF1E7EF0A7BC.d.8090D50889A1D793D34266BFCBEBF556.e.59}]
Capabilities {acceptInsecureCerts: false, browserName: chrome, browserVersion: 131.0.6778.140, chrome: {chromedriverVersion: 131.0.6778.108 (3b014839fbc..., userDataDir: C:\Users\vamsh\AppData\Loca...}, fedcm:accounts: true, goog:chromeOptions: {debuggerAddress: localhost:58780}, networkConnectionEnabled: false, pageLoadStrategy: normal, platformName: windows, proxy: Proxy(), se:cdp: ws://localhost:58780/devtoo..., se:cdpVersion: 131.0.6778.140, setWindowRect: true, strictFileInteractability: false, timeouts: {implicit: 0, pageLoad: 300000, script: 30000}, unhandledPromptBehavior: dismiss and notify, webauthn:extension:credBlob: true, webauthn:extension:largeBlob: true, webauthn:extension:minPinLength: true, webauthn:extension:prf: true, webauthn:virtualAuthenticators: true}
Element: [[ChromeDriver: chrome on windows (cbd266b330a7b237492121fca2c16ded)] -> css selector: .CodeMirror textarea]
Session ID: cbd266b330a7b237492121fca2c16ded
	at java.base/jdk.internal.reflect.DirectConstructorHandleAccessor.newInstance(DirectConstructorHandleAccessor.java:62)
	at java.base/java.lang.reflect.Constructor.newInstanceWithCaller(Constructor.java:502)
	at java.base/java.lang.reflect.Constructor.newInstance(Constructor.java:486)
	at org.openqa.selenium.remote.ErrorCodec.decode(ErrorCodec.java:167)
	at org.openqa.selenium.remote.codec.w3c.W3CHttpResponseCodec.decode(W3CHttpResponseCodec.java:138)
	at org.openqa.selenium.remote.codec.w3c.W3CHttpResponseCodec.decode(W3CHttpResponseCodec.java:50)
	at org.openqa.selenium.remote.HttpCommandExecutor.execute(HttpCommandExecutor.java:190)
	at org.openqa.selenium.remote.service.DriverCommandExecutor.invokeExecute(DriverCommandExecutor.java:216)
	at org.openqa.selenium.remote.service.DriverCommandExecutor.execute(DriverCommandExecutor.java:174)
	at org.openqa.selenium.remote.RemoteWebDriver.execute(RemoteWebDriver.java:545)
	at org.openqa.selenium.remote.RemoteWebElement.execute(RemoteWebElement.java:223)
	at org.openqa.selenium.remote.RemoteWebElement.sendKeys(RemoteWebElement.java:110)
	at PageObjects.TreePage.writeInTryEditorWindow(TreePage.java:251)
	at StepDefinitions.Tree.the_user_writes_no_code_inside_editor_window_and_clicks_on_run_button(Tree.java:80)
	at ✽.The user writes no code inside editor window and clicks on Run button(file:///C:/Projects/newFolder-3/Repo1/src/test/resources/Features/LinkedList.feature:125)
&amp#27;[0m
  &amp#27;[36mThen &amp#27;[0m&amp#27;[36mNothing happens to the Editor page and no error message is displayed&amp#27;[0m  &amp#27;[90m# StepDefinitions.Tree.nothing_happens_to_the_editor_page_and_no_error_message_is_displayed()&amp#27;[0m
[ERROR] 2024-12-17 11:51:45.530 [TestNG-PoolService-1] Hooks - ======================  TEST CASE FAILED !! ======================

    Embedding screenshot [image/png 7853 bytes]

[INFO ] 2024-12-17 11:51:45.737 [TestNG-PoolService-1] Hooks - ======================  Screenshot is captured  ======================
[INFO ] 2024-12-17 11:51:45.741 [TestNG-PoolService-1] Hooks - ======================  Test Execution is completed!! ======================
]]></system-out>
    <system-err><![CDATA[Dec 17, 2024 11:51:44 AM org.openqa.selenium.devtools.CdpVersionFinder findNearestMatch
WARNING: Unable to find an exact match for CDP version 131, returning the closest version; found: 130; Please update to a Selenium version that supports CDP version 131
]]></system-err>
  </testcase>
  <testcase name="runScenario[&quot;LL_Try Here Editor page with empty data&quot;, &quot;Linked List&quot;](84)" classname="TestRunners.TestRunner" time="0.432">
    <system-out><![CDATA[
Scenario: LL_Try Here Editor page with invalid data                     &amp#27;[90m# src/test/resources/Features/LinkedList.feature:133&amp#27;[0m
]]></system-out>
  </testcase>
  <testcase name="runScenario[&quot;LL_Try Here Editor page with valid data&quot;, &quot;Linked List&quot;](85)" classname="TestRunners.TestRunner" time="1.079">
    <failure message="element not interactable&#10;  (Session info: chrome=131.0.6778.140)&#10;Build info: version: &apos;4.26.0&apos;, revision: &apos;8ccf0219d7&apos;&#10;System info: os.name: &apos;Windows 11&apos;, os.arch: &apos;amd64&apos;, os.version: &apos;10.0&apos;, java.version: &apos;21.0.5&apos;&#10;Driver info: org.openqa.selenium.chrome.ChromeDriver&#10;Command: [11502880677c833024901bcf9f4a7d4c, sendKeysToElement {value=[Ljava.lang.CharSequence;@26111868, id=f.1182F0E52A2081333354D06C0A58D45A.d.E321FC0FC171B95AF30703DFBAAAFBF6.e.59}]&#10;Capabilities {acceptInsecureCerts: false, browserName: chrome, browserVersion: 131.0.6778.140, chrome: {chromedriverVersion: 131.0.6778.108 (3b014839fbc..., userDataDir: C:\Users\vamsh\AppData\Loca...}, fedcm:accounts: true, goog:chromeOptions: {debuggerAddress: localhost:58806}, networkConnectionEnabled: false, pageLoadStrategy: normal, platformName: windows, proxy: Proxy(), se:cdp: ws://localhost:58806/devtoo..., se:cdpVersion: 131.0.6778.140, setWindowRect: true, strictFileInteractability: false, timeouts: {implicit: 0, pageLoad: 300000, script: 30000}, unhandledPromptBehavior: dismiss and notify, webauthn:extension:credBlob: true, webauthn:extension:largeBlob: true, webauthn:extension:minPinLength: true, webauthn:extension:prf: true, webauthn:virtualAuthenticators: true}&#10;Element: [[ChromeDriver: chrome on windows (11502880677c833024901bcf9f4a7d4c)] -&gt; css selector: .CodeMirror textarea]&#10;Session ID: 11502880677c833024901bcf9f4a7d4c" type="org.openqa.selenium.ElementNotInteractableException"><![CDATA[org.openqa.selenium.ElementNotInteractableException: 
element not interactable
  (Session info: chrome=131.0.6778.140)
Build info: version: '4.26.0', revision: '8ccf0219d7'
System info: os.name: 'Windows 11', os.arch: 'amd64', os.version: '10.0', java.version: '21.0.5'
Driver info: org.openqa.selenium.chrome.ChromeDriver
Command: [11502880677c833024901bcf9f4a7d4c, sendKeysToElement {value=[Ljava.lang.CharSequence;@26111868, id=f.1182F0E52A2081333354D06C0A58D45A.d.E321FC0FC171B95AF30703DFBAAAFBF6.e.59}]
Capabilities {acceptInsecureCerts: false, browserName: chrome, browserVersion: 131.0.6778.140, chrome: {chromedriverVersion: 131.0.6778.108 (3b014839fbc..., userDataDir: C:\Users\vamsh\AppData\Loca...}, fedcm:accounts: true, goog:chromeOptions: {debuggerAddress: localhost:58806}, networkConnectionEnabled: false, pageLoadStrategy: normal, platformName: windows, proxy: Proxy(), se:cdp: ws://localhost:58806/devtoo..., se:cdpVersion: 131.0.6778.140, setWindowRect: true, strictFileInteractability: false, timeouts: {implicit: 0, pageLoad: 300000, script: 30000}, unhandledPromptBehavior: dismiss and notify, webauthn:extension:credBlob: true, webauthn:extension:largeBlob: true, webauthn:extension:minPinLength: true, webauthn:extension:prf: true, webauthn:virtualAuthenticators: true}
Element: [[ChromeDriver: chrome on windows (11502880677c833024901bcf9f4a7d4c)] -> css selector: .CodeMirror textarea]
Session ID: 11502880677c833024901bcf9f4a7d4c
]]></failure>
    <system-out><![CDATA[
Scenario: Linked List home page                                &amp#27;[90m# src/test/resources/Features/LinkedList.feature:138&amp#27;[0m
  &amp#27;[32mGiven &amp#27;[0m&amp#27;[32mThe user is on the editor page of Traversal page&amp#27;[0m              &amp#27;[90m# StepDefinitions.LinkedList.the_user_is_on_the_editor_page_of_traversal_page()&amp#27;[0m
  &amp#27;[31mWhen &amp#27;[0m&amp#27;[31mThe user writes the valid python code and clicks on Run button&amp#27;[0m &amp#27;[90m# StepDefinitions.Tree.the_user_writes_the_valid_python_code_and_clicks_on_run_button()&amp#27;[0m
      &amp#27;[31morg.openqa.selenium.ElementNotInteractableException: element not interactable
  (Session info: chrome=131.0.6778.140)
Build info: version: '4.26.0', revision: '8ccf0219d7'
System info: os.name: 'Windows 11', os.arch: 'amd64', os.version: '10.0', java.version: '21.0.5'
Driver info: org.openqa.selenium.chrome.ChromeDriver
Command: [11502880677c833024901bcf9f4a7d4c, sendKeysToElement {value=[Ljava.lang.CharSequence;@26111868, id=f.1182F0E52A2081333354D06C0A58D45A.d.E321FC0FC171B95AF30703DFBAAAFBF6.e.59}]
Capabilities {acceptInsecureCerts: false, browserName: chrome, browserVersion: 131.0.6778.140, chrome: {chromedriverVersion: 131.0.6778.108 (3b014839fbc..., userDataDir: C:\Users\vamsh\AppData\Loca...}, fedcm:accounts: true, goog:chromeOptions: {debuggerAddress: localhost:58806}, networkConnectionEnabled: false, pageLoadStrategy: normal, platformName: windows, proxy: Proxy(), se:cdp: ws://localhost:58806/devtoo..., se:cdpVersion: 131.0.6778.140, setWindowRect: true, strictFileInteractability: false, timeouts: {implicit: 0, pageLoad: 300000, script: 30000}, unhandledPromptBehavior: dismiss and notify, webauthn:extension:credBlob: true, webauthn:extension:largeBlob: true, webauthn:extension:minPinLength: true, webauthn:extension:prf: true, webauthn:virtualAuthenticators: true}
Element: [[ChromeDriver: chrome on windows (11502880677c833024901bcf9f4a7d4c)] -> css selector: .CodeMirror textarea]
Session ID: 11502880677c833024901bcf9f4a7d4c
	at java.base/jdk.internal.reflect.DirectConstructorHandleAccessor.newInstance(DirectConstructorHandleAccessor.java:62)
	at java.base/java.lang.reflect.Constructor.newInstanceWithCaller(Constructor.java:502)
	at java.base/java.lang.reflect.Constructor.newInstance(Constructor.java:486)
	at org.openqa.selenium.remote.ErrorCodec.decode(ErrorCodec.java:167)
	at org.openqa.selenium.remote.codec.w3c.W3CHttpResponseCodec.decode(W3CHttpResponseCodec.java:138)
	at org.openqa.selenium.remote.codec.w3c.W3CHttpResponseCodec.decode(W3CHttpResponseCodec.java:50)
	at org.openqa.selenium.remote.HttpCommandExecutor.execute(HttpCommandExecutor.java:190)
	at org.openqa.selenium.remote.service.DriverCommandExecutor.invokeExecute(DriverCommandExecutor.java:216)
	at org.openqa.selenium.remote.service.DriverCommandExecutor.execute(DriverCommandExecutor.java:174)
	at org.openqa.selenium.remote.RemoteWebDriver.execute(RemoteWebDriver.java:545)
	at org.openqa.selenium.remote.RemoteWebElement.execute(RemoteWebElement.java:223)
	at org.openqa.selenium.remote.RemoteWebElement.sendKeys(RemoteWebElement.java:110)
	at PageObjects.TreePage.writeInTryEditorWindow(TreePage.java:251)
	at StepDefinitions.Tree.the_user_writes_the_valid_python_code_and_clicks_on_run_button(Tree.java:93)
	at ✽.The user writes the valid python code and clicks on Run button(file:///C:/Projects/newFolder-3/Repo1/src/test/resources/Features/LinkedList.feature:130)
&amp#27;[0m
  &amp#27;[36mThen &amp#27;[0m&amp#27;[36mThe user is able to see the output inside the console.&amp#27;[0m         &amp#27;[90m# StepDefinitions.Tree.the_user_is_able_to_see_the_output_inside_the_console()&amp#27;[0m
[ERROR] 2024-12-17 11:51:46.713 [TestNG-PoolService-2] Hooks - ======================  TEST CASE FAILED !! ======================
  &amp#27;[32mGiven &amp#27;[0m&amp#27;[32mThe user is on the DS Introduction page as signedIn&amp#27;[0m             &amp#27;[90m# StepDefinitions.DSIntroductionDetails.the_user_is_on_the_ds_introduction_page_as_signed_in()&amp#27;[0m

    Embedding screenshot [image/png 7853 bytes]

[INFO ] 2024-12-17 11:51:46.896 [TestNG-PoolService-2] Hooks - ======================  Screenshot is captured  ======================
[INFO ] 2024-12-17 11:51:46.898 [TestNG-PoolService-2] Hooks - ======================  Test Execution is completed!! ======================
]]></system-out>
  </testcase>
  <testcase name="runScenario[&quot;LL_Try Here Editor page with invalid data&quot;, &quot;Linked List&quot;](86)" classname="TestRunners.TestRunner" time="2.646">
    <failure message="element not interactable&#10;  (Session info: chrome=131.0.6778.140)&#10;Build info: version: &apos;4.26.0&apos;, revision: &apos;8ccf0219d7&apos;&#10;System info: os.name: &apos;Windows 11&apos;, os.arch: &apos;amd64&apos;, os.version: &apos;10.0&apos;, java.version: &apos;21.0.5&apos;&#10;Driver info: org.openqa.selenium.chrome.ChromeDriver&#10;Command: [caf8f1b8c1c18e927514e35940c654e4, sendKeysToElement {value=[Ljava.lang.CharSequence;@37c25336, id=f.6FC82FA402B368A4B6DC8E796FD97B08.d.7EE06E88D74C1FCE6F8AB15BF5FE322A.e.57}]&#10;Capabilities {acceptInsecureCerts: false, browserName: chrome, browserVersion: 131.0.6778.140, chrome: {chromedriverVersion: 131.0.6778.108 (3b014839fbc..., userDataDir: C:\Users\vamsh\AppData\Loca...}, fedcm:accounts: true, goog:chromeOptions: {debuggerAddress: localhost:58876}, networkConnectionEnabled: false, pageLoadStrategy: normal, platformName: windows, proxy: Proxy(), se:cdp: ws://localhost:58876/devtoo..., se:cdpVersion: 131.0.6778.140, setWindowRect: true, strictFileInteractability: false, timeouts: {implicit: 0, pageLoad: 300000, script: 30000}, unhandledPromptBehavior: dismiss and notify, webauthn:extension:credBlob: true, webauthn:extension:largeBlob: true, webauthn:extension:minPinLength: true, webauthn:extension:prf: true, webauthn:virtualAuthenticators: true}&#10;Element: [[ChromeDriver: chrome on windows (caf8f1b8c1c18e927514e35940c654e4)] -&gt; css selector: .CodeMirror textarea]&#10;Session ID: caf8f1b8c1c18e927514e35940c654e4" type="org.openqa.selenium.ElementNotInteractableException"><![CDATA[org.openqa.selenium.ElementNotInteractableException: 
element not interactable
  (Session info: chrome=131.0.6778.140)
Build info: version: '4.26.0', revision: '8ccf0219d7'
System info: os.name: 'Windows 11', os.arch: 'amd64', os.version: '10.0', java.version: '21.0.5'
Driver info: org.openqa.selenium.chrome.ChromeDriver
Command: [caf8f1b8c1c18e927514e35940c654e4, sendKeysToElement {value=[Ljava.lang.CharSequence;@37c25336, id=f.6FC82FA402B368A4B6DC8E796FD97B08.d.7EE06E88D74C1FCE6F8AB15BF5FE322A.e.57}]
Capabilities {acceptInsecureCerts: false, browserName: chrome, browserVersion: 131.0.6778.140, chrome: {chromedriverVersion: 131.0.6778.108 (3b014839fbc..., userDataDir: C:\Users\vamsh\AppData\Loca...}, fedcm:accounts: true, goog:chromeOptions: {debuggerAddress: localhost:58876}, networkConnectionEnabled: false, pageLoadStrategy: normal, platformName: windows, proxy: Proxy(), se:cdp: ws://localhost:58876/devtoo..., se:cdpVersion: 131.0.6778.140, setWindowRect: true, strictFileInteractability: false, timeouts: {implicit: 0, pageLoad: 300000, script: 30000}, unhandledPromptBehavior: dismiss and notify, webauthn:extension:credBlob: true, webauthn:extension:largeBlob: true, webauthn:extension:minPinLength: true, webauthn:extension:prf: true, webauthn:virtualAuthenticators: true}
Element: [[ChromeDriver: chrome on windows (caf8f1b8c1c18e927514e35940c654e4)] -> css selector: .CodeMirror textarea]
Session ID: caf8f1b8c1c18e927514e35940c654e4
]]></failure>
    <system-out><![CDATA[
Scenario: Insertion                                                  &amp#27;[90m# src/test/resources/Features/LinkedList.feature:143&amp#27;[0m
  &amp#27;[32mAnd &amp#27;[0m&amp#27;[32mUser clicks on Get Started button from Linked List panel&amp#27;[0m          &amp#27;[90m# StepDefinitions.LinkedList.user_clicks_on_get_started_button_from_linked_list_panel()&amp#27;[0m
  &amp#27;[32mGiven &amp#27;[0m&amp#27;[32mThe user is on the editor page of Traversal page&amp#27;[0m                &amp#27;[90m# StepDefinitions.LinkedList.the_user_is_on_the_editor_page_of_traversal_page()&amp#27;[0m
  &amp#27;[31mWhen &amp#27;[0m&amp#27;[31mThe user writes the invalid python code and clicks on Run button&amp#27;[0m &amp#27;[90m# StepDefinitions.Tree.the_user_writes_the_invalid_python_code_and_clicks_on_run_button()&amp#27;[0m
      &amp#27;[31morg.openqa.selenium.ElementNotInteractableException: element not interactable
  (Session info: chrome=131.0.6778.140)
Build info: version: '4.26.0', revision: '8ccf0219d7'
System info: os.name: 'Windows 11', os.arch: 'amd64', os.version: '10.0', java.version: '21.0.5'
Driver info: org.openqa.selenium.chrome.ChromeDriver
Command: [caf8f1b8c1c18e927514e35940c654e4, sendKeysToElement {value=[Ljava.lang.CharSequence;@37c25336, id=f.6FC82FA402B368A4B6DC8E796FD97B08.d.7EE06E88D74C1FCE6F8AB15BF5FE322A.e.57}]
Capabilities {acceptInsecureCerts: false, browserName: chrome, browserVersion: 131.0.6778.140, chrome: {chromedriverVersion: 131.0.6778.108 (3b014839fbc..., userDataDir: C:\Users\vamsh\AppData\Loca...}, fedcm:accounts: true, goog:chromeOptions: {debuggerAddress: localhost:58876}, networkConnectionEnabled: false, pageLoadStrategy: normal, platformName: windows, proxy: Proxy(), se:cdp: ws://localhost:58876/devtoo..., se:cdpVersion: 131.0.6778.140, setWindowRect: true, strictFileInteractability: false, timeouts: {implicit: 0, pageLoad: 300000, script: 30000}, unhandledPromptBehavior: dismiss and notify, webauthn:extension:credBlob: true, webauthn:extension:largeBlob: true, webauthn:extension:minPinLength: true, webauthn:extension:prf: true, webauthn:virtualAuthenticators: true}
Element: [[ChromeDriver: chrome on windows (caf8f1b8c1c18e927514e35940c654e4)] -> css selector: .CodeMirror textarea]
Session ID: caf8f1b8c1c18e927514e35940c654e4
	at java.base/jdk.internal.reflect.DirectConstructorHandleAccessor.newInstance(DirectConstructorHandleAccessor.java:62)
	at java.base/java.lang.reflect.Constructor.newInstanceWithCaller(Constructor.java:502)
	at java.base/java.lang.reflect.Constructor.newInstance(Constructor.java:486)
	at org.openqa.selenium.remote.ErrorCodec.decode(ErrorCodec.java:167)
	at org.openqa.selenium.remote.codec.w3c.W3CHttpResponseCodec.decode(W3CHttpResponseCodec.java:138)
	at org.openqa.selenium.remote.codec.w3c.W3CHttpResponseCodec.decode(W3CHttpResponseCodec.java:50)
	at org.openqa.selenium.remote.HttpCommandExecutor.execute(HttpCommandExecutor.java:190)
	at org.openqa.selenium.remote.service.DriverCommandExecutor.invokeExecute(DriverCommandExecutor.java:216)
	at org.openqa.selenium.remote.service.DriverCommandExecutor.execute(DriverCommandExecutor.java:174)
	at org.openqa.selenium.remote.RemoteWebDriver.execute(RemoteWebDriver.java:545)
	at org.openqa.selenium.remote.RemoteWebElement.execute(RemoteWebElement.java:223)
	at org.openqa.selenium.remote.RemoteWebElement.sendKeys(RemoteWebElement.java:110)
	at PageObjects.TreePage.writeInTryEditorWindow(TreePage.java:251)
	at StepDefinitions.Tree.the_user_writes_the_invalid_python_code_and_clicks_on_run_button(Tree.java:106)
	at ✽.The user writes the invalid python code and clicks on Run button(file:///C:/Projects/newFolder-3/Repo1/src/test/resources/Features/LinkedList.feature:135)
&amp#27;[0m
  &amp#27;[36mThen &amp#27;[0m&amp#27;[36mThe user see error msg in alert window&amp#27;[0m                           &amp#27;[90m# StepDefinitions.Tree.the_user_see_error_msg_in_alert_window()&amp#27;[0m
[ERROR] 2024-12-17 11:51:49.099 [TestNG-PoolService-3] Hooks - ======================  TEST CASE FAILED !! ======================

    Embedding screenshot [image/png 7853 bytes]

[INFO ] 2024-12-17 11:51:49.316 [TestNG-PoolService-3] Hooks - ======================  Screenshot is captured  ======================
[INFO ] 2024-12-17 11:51:49.319 [TestNG-PoolService-3] Hooks - ======================  Test Execution is completed!! ======================
]]></system-out>
    <system-err><![CDATA[Dec 17, 2024 11:51:47 AM org.openqa.selenium.devtools.CdpVersionFinder findNearestMatch
WARNING: Unable to find an exact match for CDP version 131, returning the closest version; found: 130; Please update to a Selenium version that supports CDP version 131
Dec 17, 2024 11:51:49 AM org.openqa.selenium.devtools.CdpVersionFinder findNearestMatch
WARNING: Unable to find an exact match for CDP version 131, returning the closest version; found: 130; Please update to a Selenium version that supports CDP version 131
]]></system-err>
  </testcase>
  <testcase name="runScenario[&quot;Linked List home page&quot;, &quot;Linked List&quot;](87)" classname="TestRunners.TestRunner" time="2.388">
    <system-out><![CDATA[
Scenario: LL_Try Here Editor page with empty data                            &amp#27;[90m# src/test/resources/Features/LinkedList.feature:148&amp#27;[0m
  &amp#27;[32mGiven &amp#27;[0m&amp#27;[32mThe user is on the DS Introduction page as signedIn&amp#27;[0m    &amp#27;[90m# StepDefinitions.DSIntroductionDetails.the_user_is_on_the_ds_introduction_page_as_signed_in()&amp#27;[0m
  &amp#27;[32mAnd &amp#27;[0m&amp#27;[32mUser clicks on Get Started button from Linked List panel&amp#27;[0m &amp#27;[90m# StepDefinitions.LinkedList.user_clicks_on_get_started_button_from_linked_list_panel()&amp#27;[0m
  &amp#27;[32mGiven &amp#27;[0m&amp#27;[32mThe user is on the Traversal page&amp#27;[0m                      &amp#27;[90m# StepDefinitions.LinkedList.the_user_is_on_the_traversal_page()&amp#27;[0m
  &amp#27;[32mGiven &amp#27;[0m&amp#27;[32mThe user is on the DS Introduction page as signedIn&amp#27;[0m          &amp#27;[90m# StepDefinitions.DSIntroductionDetails.the_user_is_on_the_ds_introduction_page_as_signed_in()&amp#27;[0m
  &amp#27;[32mWhen &amp#27;[0m&amp#27;[32mThe user clicks Insertion link&amp#27;[0m                          &amp#27;[90m# StepDefinitions.LinkedList.the_user_clicks_insertion_link()&amp#27;[0m
  &amp#27;[32mThen &amp#27;[0m&amp#27;[32mThe user is redirected to Insertion page.&amp#27;[0m               &amp#27;[90m# StepDefinitions.LinkedList.the_user_is_redirected_to_insertion_page()&amp#27;[0m
[INFO ] 2024-12-17 11:51:51.879 [TestNG-PoolService-1] Hooks - ======================  Test Execution is completed!! ======================
]]></system-out>
    <system-err><![CDATA[Dec 17, 2024 11:51:51 AM org.openqa.selenium.devtools.CdpVersionFinder findNearestMatch
WARNING: Unable to find an exact match for CDP version 131, returning the closest version; found: 130; Please update to a Selenium version that supports CDP version 131
]]></system-err>
  </testcase>
  <testcase name="runScenario[&quot;Insertion&quot;, &quot;Linked List&quot;](88)" classname="TestRunners.TestRunner" time="1.897">
    <system-out><![CDATA[
Scenario: LL_Try Here Editor page with valid data                     &amp#27;[90m# src/test/resources/Features/LinkedList.feature:153&amp#27;[0m
  &amp#27;[32mAnd &amp#27;[0m&amp#27;[32mUser clicks on Get Started button from Linked List panel&amp#27;[0m       &amp#27;[90m# StepDefinitions.LinkedList.user_clicks_on_get_started_button_from_linked_list_panel()&amp#27;[0m
  &amp#27;[32mGiven &amp#27;[0m&amp#27;[32mThe user is on the Insertion page&amp#27;[0m                            &amp#27;[90m# StepDefinitions.LinkedList.the_user_is_on_the_insertion_page()&amp#27;[0m
  &amp#27;[32mWhen &amp#27;[0m&amp#27;[32mThe user clicks Try Here button&amp#27;[0m                               &amp#27;[90m# StepDefinitions.Tree.the_user_clicks_try_here_button()&amp#27;[0m
  &amp#27;[32mThen &amp#27;[0m&amp#27;[32mThe user is redirected to a page having Editor and run button&amp#27;[0m &amp#27;[90m# StepDefinitions.Tree.the_user_is_redirected_to_a_page_having_editor_and_run_button()&amp#27;[0m
[INFO ] 2024-12-17 11:51:53.703 [TestNG-PoolService-2] Hooks - ======================  Test Execution is completed!! ======================
  &amp#27;[32mGiven &amp#27;[0m&amp#27;[32mThe user is on the DS Introduction page as signedIn&amp#27;[0m                  &amp#27;[90m# StepDefinitions.DSIntroductionDetails.the_user_is_on_the_ds_introduction_page_as_signed_in()&amp#27;[0m
]]></system-out>
    <system-err><![CDATA[Dec 17, 2024 11:51:53 AM org.openqa.selenium.devtools.CdpVersionFinder findNearestMatch
WARNING: Unable to find an exact match for CDP version 131, returning the closest version; found: 130; Please update to a Selenium version that supports CDP version 131
]]></system-err>
  </testcase>
  <testcase name="runScenario[&quot;LL_Try Here Editor page with empty data&quot;, &quot;Linked List&quot;](89)" classname="TestRunners.TestRunner" time="2.371">
    <failure message="element not interactable&#10;  (Session info: chrome=131.0.6778.140)&#10;Build info: version: &apos;4.26.0&apos;, revision: &apos;8ccf0219d7&apos;&#10;System info: os.name: &apos;Windows 11&apos;, os.arch: &apos;amd64&apos;, os.version: &apos;10.0&apos;, java.version: &apos;21.0.5&apos;&#10;Driver info: org.openqa.selenium.chrome.ChromeDriver&#10;Command: [8069d12e77f456052c9d0ca9be11ed2c, sendKeysToElement {value=[Ljava.lang.CharSequence;@32bea176, id=f.1544A59FC6A8E36DEA9AEB96042AAC0E.d.BC054E882DB7BAFFC83760D7A4287B00.e.61}]&#10;Capabilities {acceptInsecureCerts: false, browserName: chrome, browserVersion: 131.0.6778.140, chrome: {chromedriverVersion: 131.0.6778.108 (3b014839fbc..., userDataDir: C:\Users\vamsh\AppData\Loca...}, fedcm:accounts: true, goog:chromeOptions: {debuggerAddress: localhost:59056}, networkConnectionEnabled: false, pageLoadStrategy: normal, platformName: windows, proxy: Proxy(), se:cdp: ws://localhost:59056/devtoo..., se:cdpVersion: 131.0.6778.140, setWindowRect: true, strictFileInteractability: false, timeouts: {implicit: 0, pageLoad: 300000, script: 30000}, unhandledPromptBehavior: dismiss and notify, webauthn:extension:credBlob: true, webauthn:extension:largeBlob: true, webauthn:extension:minPinLength: true, webauthn:extension:prf: true, webauthn:virtualAuthenticators: true}&#10;Element: [[ChromeDriver: chrome on windows (8069d12e77f456052c9d0ca9be11ed2c)] -&gt; css selector: .CodeMirror textarea]&#10;Session ID: 8069d12e77f456052c9d0ca9be11ed2c" type="org.openqa.selenium.ElementNotInteractableException"><![CDATA[org.openqa.selenium.ElementNotInteractableException: 
element not interactable
  (Session info: chrome=131.0.6778.140)
Build info: version: '4.26.0', revision: '8ccf0219d7'
System info: os.name: 'Windows 11', os.arch: 'amd64', os.version: '10.0', java.version: '21.0.5'
Driver info: org.openqa.selenium.chrome.ChromeDriver
Command: [8069d12e77f456052c9d0ca9be11ed2c, sendKeysToElement {value=[Ljava.lang.CharSequence;@32bea176, id=f.1544A59FC6A8E36DEA9AEB96042AAC0E.d.BC054E882DB7BAFFC83760D7A4287B00.e.61}]
Capabilities {acceptInsecureCerts: false, browserName: chrome, browserVersion: 131.0.6778.140, chrome: {chromedriverVersion: 131.0.6778.108 (3b014839fbc..., userDataDir: C:\Users\vamsh\AppData\Loca...}, fedcm:accounts: true, goog:chromeOptions: {debuggerAddress: localhost:59056}, networkConnectionEnabled: false, pageLoadStrategy: normal, platformName: windows, proxy: Proxy(), se:cdp: ws://localhost:59056/devtoo..., se:cdpVersion: 131.0.6778.140, setWindowRect: true, strictFileInteractability: false, timeouts: {implicit: 0, pageLoad: 300000, script: 30000}, unhandledPromptBehavior: dismiss and notify, webauthn:extension:credBlob: true, webauthn:extension:largeBlob: true, webauthn:extension:minPinLength: true, webauthn:extension:prf: true, webauthn:virtualAuthenticators: true}
Element: [[ChromeDriver: chrome on windows (8069d12e77f456052c9d0ca9be11ed2c)] -> css selector: .CodeMirror textarea]
Session ID: 8069d12e77f456052c9d0ca9be11ed2c
]]></failure>
    <system-out><![CDATA[
Scenario: LL_Try Here Editor page with invalid data                     &amp#27;[90m# src/test/resources/Features/LinkedList.feature:158&amp#27;[0m
  &amp#27;[32mAnd &amp#27;[0m&amp#27;[32mUser clicks on Get Started button from Linked List panel&amp#27;[0m               &amp#27;[90m# StepDefinitions.LinkedList.user_clicks_on_get_started_button_from_linked_list_panel()&amp#27;[0m
  &amp#27;[32mGiven &amp#27;[0m&amp#27;[32mThe user is on the editor page of Insertion page&amp#27;[0m                     &amp#27;[90m# StepDefinitions.LinkedList.the_user_is_on_the_editor_page_of_insertion_page()&amp#27;[0m
  &amp#27;[31mWhen &amp#27;[0m&amp#27;[31mThe user writes no code inside editor window and clicks on Run button&amp#27;[0m &amp#27;[90m# StepDefinitions.Tree.the_user_writes_no_code_inside_editor_window_and_clicks_on_run_button()&amp#27;[0m
      &amp#27;[31morg.openqa.selenium.ElementNotInteractableException: element not interactable
  (Session info: chrome=131.0.6778.140)
Build info: version: '4.26.0', revision: '8ccf0219d7'
System info: os.name: 'Windows 11', os.arch: 'amd64', os.version: '10.0', java.version: '21.0.5'
Driver info: org.openqa.selenium.chrome.ChromeDriver
Command: [8069d12e77f456052c9d0ca9be11ed2c, sendKeysToElement {value=[Ljava.lang.CharSequence;@32bea176, id=f.1544A59FC6A8E36DEA9AEB96042AAC0E.d.BC054E882DB7BAFFC83760D7A4287B00.e.61}]
Capabilities {acceptInsecureCerts: false, browserName: chrome, browserVersion: 131.0.6778.140, chrome: {chromedriverVersion: 131.0.6778.108 (3b014839fbc..., userDataDir: C:\Users\vamsh\AppData\Loca...}, fedcm:accounts: true, goog:chromeOptions: {debuggerAddress: localhost:59056}, networkConnectionEnabled: false, pageLoadStrategy: normal, platformName: windows, proxy: Proxy(), se:cdp: ws://localhost:59056/devtoo..., se:cdpVersion: 131.0.6778.140, setWindowRect: true, strictFileInteractability: false, timeouts: {implicit: 0, pageLoad: 300000, script: 30000}, unhandledPromptBehavior: dismiss and notify, webauthn:extension:credBlob: true, webauthn:extension:largeBlob: true, webauthn:extension:minPinLength: true, webauthn:extension:prf: true, webauthn:virtualAuthenticators: true}
Element: [[ChromeDriver: chrome on windows (8069d12e77f456052c9d0ca9be11ed2c)] -> css selector: .CodeMirror textarea]
Session ID: 8069d12e77f456052c9d0ca9be11ed2c
	at java.base/jdk.internal.reflect.DirectConstructorHandleAccessor.newInstance(DirectConstructorHandleAccessor.java:62)
	at java.base/java.lang.reflect.Constructor.newInstanceWithCaller(Constructor.java:502)
	at java.base/java.lang.reflect.Constructor.newInstance(Constructor.java:486)
	at org.openqa.selenium.remote.ErrorCodec.decode(ErrorCodec.java:167)
	at org.openqa.selenium.remote.codec.w3c.W3CHttpResponseCodec.decode(W3CHttpResponseCodec.java:138)
	at org.openqa.selenium.remote.codec.w3c.W3CHttpResponseCodec.decode(W3CHttpResponseCodec.java:50)
	at org.openqa.selenium.remote.HttpCommandExecutor.execute(HttpCommandExecutor.java:190)
	at org.openqa.selenium.remote.service.DriverCommandExecutor.invokeExecute(DriverCommandExecutor.java:216)
	at org.openqa.selenium.remote.service.DriverCommandExecutor.execute(DriverCommandExecutor.java:174)
	at org.openqa.selenium.remote.RemoteWebDriver.execute(RemoteWebDriver.java:545)
	at org.openqa.selenium.remote.RemoteWebElement.execute(RemoteWebElement.java:223)
	at org.openqa.selenium.remote.RemoteWebElement.sendKeys(RemoteWebElement.java:110)
	at PageObjects.TreePage.writeInTryEditorWindow(TreePage.java:251)
	at StepDefinitions.Tree.the_user_writes_no_code_inside_editor_window_and_clicks_on_run_button(Tree.java:80)
	at ✽.The user writes no code inside editor window and clicks on Run button(file:///C:/Projects/newFolder-3/Repo1/src/test/resources/Features/LinkedList.feature:150)
&amp#27;[0m
  &amp#27;[36mThen &amp#27;[0m&amp#27;[36mNothing happens to the Editor page and no error message is displayed&amp#27;[0m  &amp#27;[90m# StepDefinitions.Tree.nothing_happens_to_the_editor_page_and_no_error_message_is_displayed()&amp#27;[0m
[ERROR] 2024-12-17 11:51:55.967 [TestNG-PoolService-3] Hooks - ======================  TEST CASE FAILED !! ======================

    Embedding screenshot [image/png 7853 bytes]

[INFO ] 2024-12-17 11:51:56.198 [TestNG-PoolService-3] Hooks - ======================  Screenshot is captured  ======================
[INFO ] 2024-12-17 11:51:56.200 [TestNG-PoolService-3] Hooks - ======================  Test Execution is completed!! ======================
]]></system-out>
    <system-err><![CDATA[Dec 17, 2024 11:51:55 AM org.openqa.selenium.devtools.CdpVersionFinder findNearestMatch
WARNING: Unable to find an exact match for CDP version 131, returning the closest version; found: 130; Please update to a Selenium version that supports CDP version 131
]]></system-err>
  </testcase>
  <testcase name="runScenario[&quot;LL_Try Here Editor page with valid data&quot;, &quot;Linked List&quot;](90)" classname="TestRunners.TestRunner" time="2.984">
    <failure message="element not interactable&#10;  (Session info: chrome=131.0.6778.140)&#10;Build info: version: &apos;4.26.0&apos;, revision: &apos;8ccf0219d7&apos;&#10;System info: os.name: &apos;Windows 11&apos;, os.arch: &apos;amd64&apos;, os.version: &apos;10.0&apos;, java.version: &apos;21.0.5&apos;&#10;Driver info: org.openqa.selenium.chrome.ChromeDriver&#10;Command: [06ca71b177733650d066375215a536d6, sendKeysToElement {value=[Ljava.lang.CharSequence;@5ea78ad9, id=f.DFD71CF1574EBCA1499E9481400346DD.d.111FB0345029C88300451AF507F5ED18.e.58}]&#10;Capabilities {acceptInsecureCerts: false, browserName: chrome, browserVersion: 131.0.6778.140, chrome: {chromedriverVersion: 131.0.6778.108 (3b014839fbc..., userDataDir: C:\Users\vamsh\AppData\Loca...}, fedcm:accounts: true, goog:chromeOptions: {debuggerAddress: localhost:59106}, networkConnectionEnabled: false, pageLoadStrategy: normal, platformName: windows, proxy: Proxy(), se:cdp: ws://localhost:59106/devtoo..., se:cdpVersion: 131.0.6778.140, setWindowRect: true, strictFileInteractability: false, timeouts: {implicit: 0, pageLoad: 300000, script: 30000}, unhandledPromptBehavior: dismiss and notify, webauthn:extension:credBlob: true, webauthn:extension:largeBlob: true, webauthn:extension:minPinLength: true, webauthn:extension:prf: true, webauthn:virtualAuthenticators: true}&#10;Element: [[ChromeDriver: chrome on windows (06ca71b177733650d066375215a536d6)] -&gt; css selector: .CodeMirror textarea]&#10;Session ID: 06ca71b177733650d066375215a536d6" type="org.openqa.selenium.ElementNotInteractableException"><![CDATA[org.openqa.selenium.ElementNotInteractableException: 
element not interactable
  (Session info: chrome=131.0.6778.140)
Build info: version: '4.26.0', revision: '8ccf0219d7'
System info: os.name: 'Windows 11', os.arch: 'amd64', os.version: '10.0', java.version: '21.0.5'
Driver info: org.openqa.selenium.chrome.ChromeDriver
Command: [06ca71b177733650d066375215a536d6, sendKeysToElement {value=[Ljava.lang.CharSequence;@5ea78ad9, id=f.DFD71CF1574EBCA1499E9481400346DD.d.111FB0345029C88300451AF507F5ED18.e.58}]
Capabilities {acceptInsecureCerts: false, browserName: chrome, browserVersion: 131.0.6778.140, chrome: {chromedriverVersion: 131.0.6778.108 (3b014839fbc..., userDataDir: C:\Users\vamsh\AppData\Loca...}, fedcm:accounts: true, goog:chromeOptions: {debuggerAddress: localhost:59106}, networkConnectionEnabled: false, pageLoadStrategy: normal, platformName: windows, proxy: Proxy(), se:cdp: ws://localhost:59106/devtoo..., se:cdpVersion: 131.0.6778.140, setWindowRect: true, strictFileInteractability: false, timeouts: {implicit: 0, pageLoad: 300000, script: 30000}, unhandledPromptBehavior: dismiss and notify, webauthn:extension:credBlob: true, webauthn:extension:largeBlob: true, webauthn:extension:minPinLength: true, webauthn:extension:prf: true, webauthn:virtualAuthenticators: true}
Element: [[ChromeDriver: chrome on windows (06ca71b177733650d066375215a536d6)] -> css selector: .CodeMirror textarea]
Session ID: 06ca71b177733650d066375215a536d6
]]></failure>
    <system-out><![CDATA[
Scenario: Linked List home page                                &amp#27;[90m# src/test/resources/Features/LinkedList.feature:163&amp#27;[0m
  &amp#27;[32mGiven &amp#27;[0m&amp#27;[32mThe user is on the DS Introduction page as signedIn&amp#27;[0m           &amp#27;[90m# StepDefinitions.DSIntroductionDetails.the_user_is_on_the_ds_introduction_page_as_signed_in()&amp#27;[0m
  &amp#27;[32mAnd &amp#27;[0m&amp#27;[32mUser clicks on Get Started button from Linked List panel&amp#27;[0m        &amp#27;[90m# StepDefinitions.LinkedList.user_clicks_on_get_started_button_from_linked_list_panel()&amp#27;[0m
  &amp#27;[32mGiven &amp#27;[0m&amp#27;[32mThe user is on the DS Introduction page as signedIn&amp#27;[0m             &amp#27;[90m# StepDefinitions.DSIntroductionDetails.the_user_is_on_the_ds_introduction_page_as_signed_in()&amp#27;[0m
  &amp#27;[32mGiven &amp#27;[0m&amp#27;[32mThe user is on the editor page of Insertion page&amp#27;[0m              &amp#27;[90m# StepDefinitions.LinkedList.the_user_is_on_the_editor_page_of_insertion_page()&amp#27;[0m
  &amp#27;[31mWhen &amp#27;[0m&amp#27;[31mThe user writes the valid python code and clicks on Run button&amp#27;[0m &amp#27;[90m# StepDefinitions.Tree.the_user_writes_the_valid_python_code_and_clicks_on_run_button()&amp#27;[0m
      &amp#27;[31morg.openqa.selenium.ElementNotInteractableException: element not interactable
  (Session info: chrome=131.0.6778.140)
Build info: version: '4.26.0', revision: '8ccf0219d7'
System info: os.name: 'Windows 11', os.arch: 'amd64', os.version: '10.0', java.version: '21.0.5'
Driver info: org.openqa.selenium.chrome.ChromeDriver
Command: [06ca71b177733650d066375215a536d6, sendKeysToElement {value=[Ljava.lang.CharSequence;@5ea78ad9, id=f.DFD71CF1574EBCA1499E9481400346DD.d.111FB0345029C88300451AF507F5ED18.e.58}]
Capabilities {acceptInsecureCerts: false, browserName: chrome, browserVersion: 131.0.6778.140, chrome: {chromedriverVersion: 131.0.6778.108 (3b014839fbc..., userDataDir: C:\Users\vamsh\AppData\Loca...}, fedcm:accounts: true, goog:chromeOptions: {debuggerAddress: localhost:59106}, networkConnectionEnabled: false, pageLoadStrategy: normal, platformName: windows, proxy: Proxy(), se:cdp: ws://localhost:59106/devtoo..., se:cdpVersion: 131.0.6778.140, setWindowRect: true, strictFileInteractability: false, timeouts: {implicit: 0, pageLoad: 300000, script: 30000}, unhandledPromptBehavior: dismiss and notify, webauthn:extension:credBlob: true, webauthn:extension:largeBlob: true, webauthn:extension:minPinLength: true, webauthn:extension:prf: true, webauthn:virtualAuthenticators: true}
Element: [[ChromeDriver: chrome on windows (06ca71b177733650d066375215a536d6)] -> css selector: .CodeMirror textarea]
Session ID: 06ca71b177733650d066375215a536d6
	at java.base/jdk.internal.reflect.DirectConstructorHandleAccessor.newInstance(DirectConstructorHandleAccessor.java:62)
	at java.base/java.lang.reflect.Constructor.newInstanceWithCaller(Constructor.java:502)
	at java.base/java.lang.reflect.Constructor.newInstance(Constructor.java:486)
	at org.openqa.selenium.remote.ErrorCodec.decode(ErrorCodec.java:167)
	at org.openqa.selenium.remote.codec.w3c.W3CHttpResponseCodec.decode(W3CHttpResponseCodec.java:138)
	at org.openqa.selenium.remote.codec.w3c.W3CHttpResponseCodec.decode(W3CHttpResponseCodec.java:50)
	at org.openqa.selenium.remote.HttpCommandExecutor.execute(HttpCommandExecutor.java:190)
	at org.openqa.selenium.remote.service.DriverCommandExecutor.invokeExecute(DriverCommandExecutor.java:216)
	at org.openqa.selenium.remote.service.DriverCommandExecutor.execute(DriverCommandExecutor.java:174)
	at org.openqa.selenium.remote.RemoteWebDriver.execute(RemoteWebDriver.java:545)
	at org.openqa.selenium.remote.RemoteWebElement.execute(RemoteWebElement.java:223)
	at org.openqa.selenium.remote.RemoteWebElement.sendKeys(RemoteWebElement.java:110)
	at PageObjects.TreePage.writeInTryEditorWindow(TreePage.java:251)
	at StepDefinitions.Tree.the_user_writes_the_valid_python_code_and_clicks_on_run_button(Tree.java:93)
	at ✽.The user writes the valid python code and clicks on Run button(file:///C:/Projects/newFolder-3/Repo1/src/test/resources/Features/LinkedList.feature:155)
&amp#27;[0m
  &amp#27;[36mThen &amp#27;[0m&amp#27;[36mThe user is able to see the output inside the console.&amp#27;[0m         &amp#27;[90m# StepDefinitions.Tree.the_user_is_able_to_see_the_output_inside_the_console()&amp#27;[0m
[ERROR] 2024-12-17 11:51:59.054 [TestNG-PoolService-1] Hooks - ======================  TEST CASE FAILED !! ======================

    Embedding screenshot [image/png 7853 bytes]

[INFO ] 2024-12-17 11:51:59.217 [TestNG-PoolService-1] Hooks - ======================  Screenshot is captured  ======================
[INFO ] 2024-12-17 11:51:59.220 [TestNG-PoolService-1] Hooks - ======================  Test Execution is completed!! ======================
  &amp#27;[32mAnd &amp#27;[0m&amp#27;[32mUser clicks on Get Started button from Linked List panel&amp#27;[0m          &amp#27;[90m# StepDefinitions.LinkedList.user_clicks_on_get_started_button_from_linked_list_panel()&amp#27;[0m
]]></system-out>
    <system-err><![CDATA[Dec 17, 2024 11:51:58 AM org.openqa.selenium.devtools.CdpVersionFinder findNearestMatch
WARNING: Unable to find an exact match for CDP version 131, returning the closest version; found: 130; Please update to a Selenium version that supports CDP version 131
]]></system-err>
  </testcase>
  <testcase name="runScenario[&quot;LL_Try Here Editor page with invalid data&quot;, &quot;Linked List&quot;](91)" classname="TestRunners.TestRunner" time="2.941">
    <failure message="element not interactable&#10;  (Session info: chrome=131.0.6778.140)&#10;Build info: version: &apos;4.26.0&apos;, revision: &apos;8ccf0219d7&apos;&#10;System info: os.name: &apos;Windows 11&apos;, os.arch: &apos;amd64&apos;, os.version: &apos;10.0&apos;, java.version: &apos;21.0.5&apos;&#10;Driver info: org.openqa.selenium.chrome.ChromeDriver&#10;Command: [795a378e26605642b4120dfefaaddf69, sendKeysToElement {value=[Ljava.lang.CharSequence;@638e045b, id=f.103F68174494A7C568DD035CAFBDDC92.d.9781F8CFD772570A6E32130FD4066F26.e.48}]&#10;Capabilities {acceptInsecureCerts: false, browserName: chrome, browserVersion: 131.0.6778.140, chrome: {chromedriverVersion: 131.0.6778.108 (3b014839fbc..., userDataDir: C:\Users\vamsh\AppData\Loca...}, fedcm:accounts: true, goog:chromeOptions: {debuggerAddress: localhost:59156}, networkConnectionEnabled: false, pageLoadStrategy: normal, platformName: windows, proxy: Proxy(), se:cdp: ws://localhost:59156/devtoo..., se:cdpVersion: 131.0.6778.140, setWindowRect: true, strictFileInteractability: false, timeouts: {implicit: 0, pageLoad: 300000, script: 30000}, unhandledPromptBehavior: dismiss and notify, webauthn:extension:credBlob: true, webauthn:extension:largeBlob: true, webauthn:extension:minPinLength: true, webauthn:extension:prf: true, webauthn:virtualAuthenticators: true}&#10;Element: [[ChromeDriver: chrome on windows (795a378e26605642b4120dfefaaddf69)] -&gt; css selector: .CodeMirror textarea]&#10;Session ID: 795a378e26605642b4120dfefaaddf69" type="org.openqa.selenium.ElementNotInteractableException"><![CDATA[org.openqa.selenium.ElementNotInteractableException: 
element not interactable
  (Session info: chrome=131.0.6778.140)
Build info: version: '4.26.0', revision: '8ccf0219d7'
System info: os.name: 'Windows 11', os.arch: 'amd64', os.version: '10.0', java.version: '21.0.5'
Driver info: org.openqa.selenium.chrome.ChromeDriver
Command: [795a378e26605642b4120dfefaaddf69, sendKeysToElement {value=[Ljava.lang.CharSequence;@638e045b, id=f.103F68174494A7C568DD035CAFBDDC92.d.9781F8CFD772570A6E32130FD4066F26.e.48}]
Capabilities {acceptInsecureCerts: false, browserName: chrome, browserVersion: 131.0.6778.140, chrome: {chromedriverVersion: 131.0.6778.108 (3b014839fbc..., userDataDir: C:\Users\vamsh\AppData\Loca...}, fedcm:accounts: true, goog:chromeOptions: {debuggerAddress: localhost:59156}, networkConnectionEnabled: false, pageLoadStrategy: normal, platformName: windows, proxy: Proxy(), se:cdp: ws://localhost:59156/devtoo..., se:cdpVersion: 131.0.6778.140, setWindowRect: true, strictFileInteractability: false, timeouts: {implicit: 0, pageLoad: 300000, script: 30000}, unhandledPromptBehavior: dismiss and notify, webauthn:extension:credBlob: true, webauthn:extension:largeBlob: true, webauthn:extension:minPinLength: true, webauthn:extension:prf: true, webauthn:virtualAuthenticators: true}
Element: [[ChromeDriver: chrome on windows (795a378e26605642b4120dfefaaddf69)] -> css selector: .CodeMirror textarea]
Session ID: 795a378e26605642b4120dfefaaddf69
]]></failure>
    <system-out><![CDATA[
Scenario: Deletion                                                   &amp#27;[90m# src/test/resources/Features/LinkedList.feature:168&amp#27;[0m
  &amp#27;[32mGiven &amp#27;[0m&amp#27;[32mThe user is on the editor page of Insertion page&amp#27;[0m                &amp#27;[90m# StepDefinitions.LinkedList.the_user_is_on_the_editor_page_of_insertion_page()&amp#27;[0m
  &amp#27;[31mWhen &amp#27;[0m&amp#27;[31mThe user writes the invalid python code and clicks on Run button&amp#27;[0m &amp#27;[90m# StepDefinitions.Tree.the_user_writes_the_invalid_python_code_and_clicks_on_run_button()&amp#27;[0m
      &amp#27;[31morg.openqa.selenium.ElementNotInteractableException: element not interactable
  (Session info: chrome=131.0.6778.140)
Build info: version: '4.26.0', revision: '8ccf0219d7'
System info: os.name: 'Windows 11', os.arch: 'amd64', os.version: '10.0', java.version: '21.0.5'
Driver info: org.openqa.selenium.chrome.ChromeDriver
Command: [795a378e26605642b4120dfefaaddf69, sendKeysToElement {value=[Ljava.lang.CharSequence;@638e045b, id=f.103F68174494A7C568DD035CAFBDDC92.d.9781F8CFD772570A6E32130FD4066F26.e.48}]
Capabilities {acceptInsecureCerts: false, browserName: chrome, browserVersion: 131.0.6778.140, chrome: {chromedriverVersion: 131.0.6778.108 (3b014839fbc..., userDataDir: C:\Users\vamsh\AppData\Loca...}, fedcm:accounts: true, goog:chromeOptions: {debuggerAddress: localhost:59156}, networkConnectionEnabled: false, pageLoadStrategy: normal, platformName: windows, proxy: Proxy(), se:cdp: ws://localhost:59156/devtoo..., se:cdpVersion: 131.0.6778.140, setWindowRect: true, strictFileInteractability: false, timeouts: {implicit: 0, pageLoad: 300000, script: 30000}, unhandledPromptBehavior: dismiss and notify, webauthn:extension:credBlob: true, webauthn:extension:largeBlob: true, webauthn:extension:minPinLength: true, webauthn:extension:prf: true, webauthn:virtualAuthenticators: true}
Element: [[ChromeDriver: chrome on windows (795a378e26605642b4120dfefaaddf69)] -> css selector: .CodeMirror textarea]
Session ID: 795a378e26605642b4120dfefaaddf69
	at java.base/jdk.internal.reflect.DirectConstructorHandleAccessor.newInstance(DirectConstructorHandleAccessor.java:62)
	at java.base/java.lang.reflect.Constructor.newInstanceWithCaller(Constructor.java:502)
	at java.base/java.lang.reflect.Constructor.newInstance(Constructor.java:486)
	at org.openqa.selenium.remote.ErrorCodec.decode(ErrorCodec.java:167)
	at org.openqa.selenium.remote.codec.w3c.W3CHttpResponseCodec.decode(W3CHttpResponseCodec.java:138)
	at org.openqa.selenium.remote.codec.w3c.W3CHttpResponseCodec.decode(W3CHttpResponseCodec.java:50)
	at org.openqa.selenium.remote.HttpCommandExecutor.execute(HttpCommandExecutor.java:190)
	at org.openqa.selenium.remote.service.DriverCommandExecutor.invokeExecute(DriverCommandExecutor.java:216)
	at org.openqa.selenium.remote.service.DriverCommandExecutor.execute(DriverCommandExecutor.java:174)
	at org.openqa.selenium.remote.RemoteWebDriver.execute(RemoteWebDriver.java:545)
	at org.openqa.selenium.remote.RemoteWebElement.execute(RemoteWebElement.java:223)
	at org.openqa.selenium.remote.RemoteWebElement.sendKeys(RemoteWebElement.java:110)
	at PageObjects.TreePage.writeInTryEditorWindow(TreePage.java:251)
	at StepDefinitions.Tree.the_user_writes_the_invalid_python_code_and_clicks_on_run_button(Tree.java:106)
	at ✽.The user writes the invalid python code and clicks on Run button(file:///C:/Projects/newFolder-3/Repo1/src/test/resources/Features/LinkedList.feature:160)
&amp#27;[0m
  &amp#27;[36mThen &amp#27;[0m&amp#27;[36mThe user see error msg in alert window&amp#27;[0m                           &amp#27;[90m# StepDefinitions.Tree.the_user_see_error_msg_in_alert_window()&amp#27;[0m
[ERROR] 2024-12-17 11:52:00.829 [TestNG-PoolService-2] Hooks - ======================  TEST CASE FAILED !! ======================
  &amp#27;[32mGiven &amp#27;[0m&amp#27;[32mThe user is on the DS Introduction page as signedIn&amp#27;[0m    &amp#27;[90m# StepDefinitions.DSIntroductionDetails.the_user_is_on_the_ds_introduction_page_as_signed_in()&amp#27;[0m

    Embedding screenshot [image/png 7853 bytes]

[INFO ] 2024-12-17 11:52:01.078 [TestNG-PoolService-2] Hooks - ======================  Screenshot is captured  ======================
[INFO ] 2024-12-17 11:52:01.083 [TestNG-PoolService-2] Hooks - ======================  Test Execution is completed!! ======================
  &amp#27;[32mAnd &amp#27;[0m&amp#27;[32mUser clicks on Get Started button from Linked List panel&amp#27;[0m &amp#27;[90m# StepDefinitions.LinkedList.user_clicks_on_get_started_button_from_linked_list_panel()&amp#27;[0m
]]></system-out>
    <system-err><![CDATA[Dec 17, 2024 11:52:01 AM org.openqa.selenium.devtools.CdpVersionFinder findNearestMatch
WARNING: Unable to find an exact match for CDP version 131, returning the closest version; found: 130; Please update to a Selenium version that supports CDP version 131
]]></system-err>
  </testcase>
  <testcase name="runScenario[&quot;Linked List home page&quot;, &quot;Linked List&quot;](92)" classname="TestRunners.TestRunner" time="1.685">
    <system-out><![CDATA[
Scenario: LL_Try Here Editor page with empty data                            &amp#27;[90m# src/test/resources/Features/LinkedList.feature:173&amp#27;[0m
  &amp#27;[32mGiven &amp#27;[0m&amp#27;[32mThe user is on the Insertion page&amp#27;[0m                      &amp#27;[90m# StepDefinitions.LinkedList.the_user_is_on_the_insertion_page()&amp#27;[0m
  &amp#27;[32mWhen &amp#27;[0m&amp#27;[32mThe user clicks Deletion link&amp#27;[0m                           &amp#27;[90m# StepDefinitions.LinkedList.the_user_clicks_deletion_link()&amp#27;[0m
  &amp#27;[32mThen &amp#27;[0m&amp#27;[32mThe user is redirected to Deletion page.&amp#27;[0m                &amp#27;[90m# StepDefinitions.LinkedList.the_user_is_redirected_to_deletion_page()&amp#27;[0m
[INFO ] 2024-12-17 11:52:03.621 [TestNG-PoolService-3] Hooks - ======================  Test Execution is completed!! ======================
]]></system-out>
    <system-err><![CDATA[Dec 17, 2024 11:52:03 AM org.openqa.selenium.devtools.CdpVersionFinder findNearestMatch
WARNING: Unable to find an exact match for CDP version 131, returning the closest version; found: 130; Please update to a Selenium version that supports CDP version 131
]]></system-err>
  </testcase>
  <testcase name="runScenario[&quot;Linked List home page&quot;, &quot;Linked List&quot;](92)" classname="TestRunners.TestRunner" time="1.319">
    <system-out><![CDATA[
Scenario: LL_Try Here Editor page with empty data                            &amp#27;[90m# src/test/resources/Features/LinkedList.feature:173&amp#27;[0m
  &amp#27;[32mGiven &amp#27;[0m&amp#27;[32mThe user is on the Deletion page&amp#27;[0m                             &amp#27;[90m# StepDefinitions.LinkedList.the_user_is_on_the_deletion_page()&amp#27;[0m
  &amp#27;[32mWhen &amp#27;[0m&amp#27;[32mThe user clicks Try Here button&amp#27;[0m                               &amp#27;[90m# StepDefinitions.Tree.the_user_clicks_try_here_button()&amp#27;[0m
  &amp#27;[32mThen &amp#27;[0m&amp#27;[32mThe user is redirected to a page having Editor and run button&amp#27;[0m &amp#27;[90m# StepDefinitions.Tree.the_user_is_redirected_to_a_page_having_editor_and_run_button()&amp#27;[0m
[INFO ] 2024-12-17 12:20:28.885 [TestNG-PoolService-3] Hooks - ======================  Test Execution is completed!! ======================
]]></system-out>
  </testcase>
  <testcase name="runScenario[&quot;Deletion&quot;, &quot;Linked List&quot;](93)" classname="TestRunners.TestRunner" time="3.161">
    <system-out><![CDATA[
Scenario: LL_Try Here Editor page with valid data                     &amp#27;[90m# src/test/resources/Features/LinkedList.feature:178&amp#27;[0m
  &amp#27;[32mGiven &amp#27;[0m&amp#27;[32mThe user is on the DS Introduction page as signedIn&amp#27;[0m          &amp#27;[90m# StepDefinitions.DSIntroductionDetails.the_user_is_on_the_ds_introduction_page_as_signed_in()&amp#27;[0m
  &amp#27;[32mAnd &amp#27;[0m&amp#27;[32mUser clicks on Get Started button from Linked List panel&amp#27;[0m       &amp#27;[90m# StepDefinitions.LinkedList.user_clicks_on_get_started_button_from_linked_list_panel()&amp#27;[0m
  &amp#27;[32mGiven &amp#27;[0m&amp#27;[32mThe user is on the Deletion page&amp#27;[0m                             &amp#27;[90m# StepDefinitions.LinkedList.the_user_is_on_the_deletion_page()&amp#27;[0m
  &amp#27;[32mGiven &amp#27;[0m&amp#27;[32mThe user is on the DS Introduction page as signedIn&amp#27;[0m                  &amp#27;[90m# StepDefinitions.DSIntroductionDetails.the_user_is_on_the_ds_introduction_page_as_signed_in()&amp#27;[0m
  &amp#27;[32mAnd &amp#27;[0m&amp#27;[32mUser clicks on Get Started button from Linked List panel&amp#27;[0m               &amp#27;[90m# StepDefinitions.LinkedList.user_clicks_on_get_started_button_from_linked_list_panel()&amp#27;[0m
  &amp#27;[32mWhen &amp#27;[0m&amp#27;[32mThe user clicks Try Here button&amp#27;[0m                               &amp#27;[90m# StepDefinitions.Tree.the_user_clicks_try_here_button()&amp#27;[0m
  &amp#27;[32mThen &amp#27;[0m&amp#27;[32mThe user is redirected to a page having Editor and run button&amp#27;[0m &amp#27;[90m# StepDefinitions.Tree.the_user_is_redirected_to_a_page_having_editor_and_run_button()&amp#27;[0m
[INFO ] 2024-12-17 11:52:07.003 [TestNG-PoolService-1] Hooks - ======================  Test Execution is completed!! ======================
]]></system-out>
    <system-err><![CDATA[Dec 17, 2024 11:52:05 AM org.openqa.selenium.devtools.CdpVersionFinder findNearestMatch
WARNING: Unable to find an exact match for CDP version 131, returning the closest version; found: 130; Please update to a Selenium version that supports CDP version 131
]]></system-err>
  </testcase>
  <testcase name="runScenario[&quot;Deletion&quot;, &quot;Linked List&quot;](93)" classname="TestRunners.TestRunner" time="0.829">
    <system-out><![CDATA[
Scenario: LL_Try Here Editor page with valid data                     &amp#27;[90m# src/test/resources/Features/LinkedList.feature:178&amp#27;[0m
]]></system-out>
  </testcase>
  <testcase name="runScenario[&quot;LL_Try Here Editor page with empty data&quot;, &quot;Linked List&quot;](94)" classname="TestRunners.TestRunner" time="1.932">
    <failure message="element not interactable&#10;  (Session info: chrome=131.0.6778.140)&#10;Build info: version: &apos;4.26.0&apos;, revision: &apos;8ccf0219d7&apos;&#10;System info: os.name: &apos;Windows 11&apos;, os.arch: &apos;amd64&apos;, os.version: &apos;10.0&apos;, java.version: &apos;21.0.5&apos;&#10;Driver info: org.openqa.selenium.chrome.ChromeDriver&#10;Command: [5e7bed25d5224629167b42845f9cd840, sendKeysToElement {value=[Ljava.lang.CharSequence;@6a200df4, id=f.415296966892CCC26983DF2DA3F010FF.d.A757D790305DBF54A65D77FDA76C563C.e.35}]&#10;Capabilities {acceptInsecureCerts: false, browserName: chrome, browserVersion: 131.0.6778.140, chrome: {chromedriverVersion: 131.0.6778.108 (3b014839fbc..., userDataDir: C:\Users\vamsh\AppData\Loca...}, fedcm:accounts: true, goog:chromeOptions: {debuggerAddress: localhost:59319}, networkConnectionEnabled: false, pageLoadStrategy: normal, platformName: windows, proxy: Proxy(), se:cdp: ws://localhost:59319/devtoo..., se:cdpVersion: 131.0.6778.140, setWindowRect: true, strictFileInteractability: false, timeouts: {implicit: 0, pageLoad: 300000, script: 30000}, unhandledPromptBehavior: dismiss and notify, webauthn:extension:credBlob: true, webauthn:extension:largeBlob: true, webauthn:extension:minPinLength: true, webauthn:extension:prf: true, webauthn:virtualAuthenticators: true}&#10;Element: [[ChromeDriver: chrome on windows (5e7bed25d5224629167b42845f9cd840)] -&gt; css selector: .CodeMirror textarea]&#10;Session ID: 5e7bed25d5224629167b42845f9cd840" type="org.openqa.selenium.ElementNotInteractableException"><![CDATA[org.openqa.selenium.ElementNotInteractableException: 
element not interactable
  (Session info: chrome=131.0.6778.140)
Build info: version: '4.26.0', revision: '8ccf0219d7'
System info: os.name: 'Windows 11', os.arch: 'amd64', os.version: '10.0', java.version: '21.0.5'
Driver info: org.openqa.selenium.chrome.ChromeDriver
Command: [5e7bed25d5224629167b42845f9cd840, sendKeysToElement {value=[Ljava.lang.CharSequence;@6a200df4, id=f.415296966892CCC26983DF2DA3F010FF.d.A757D790305DBF54A65D77FDA76C563C.e.35}]
Capabilities {acceptInsecureCerts: false, browserName: chrome, browserVersion: 131.0.6778.140, chrome: {chromedriverVersion: 131.0.6778.108 (3b014839fbc..., userDataDir: C:\Users\vamsh\AppData\Loca...}, fedcm:accounts: true, goog:chromeOptions: {debuggerAddress: localhost:59319}, networkConnectionEnabled: false, pageLoadStrategy: normal, platformName: windows, proxy: Proxy(), se:cdp: ws://localhost:59319/devtoo..., se:cdpVersion: 131.0.6778.140, setWindowRect: true, strictFileInteractability: false, timeouts: {implicit: 0, pageLoad: 300000, script: 30000}, unhandledPromptBehavior: dismiss and notify, webauthn:extension:credBlob: true, webauthn:extension:largeBlob: true, webauthn:extension:minPinLength: true, webauthn:extension:prf: true, webauthn:virtualAuthenticators: true}
Element: [[ChromeDriver: chrome on windows (5e7bed25d5224629167b42845f9cd840)] -> css selector: .CodeMirror textarea]
Session ID: 5e7bed25d5224629167b42845f9cd840
]]></failure>
    <system-out><![CDATA[
Scenario: LL_Try Here Editor page with invalid data                     &amp#27;[90m# src/test/resources/Features/LinkedList.feature:183&amp#27;[0m
  &amp#27;[32mGiven &amp#27;[0m&amp#27;[32mThe user is on the editor page of Deletion page&amp#27;[0m                      &amp#27;[90m# StepDefinitions.LinkedList.the_user_is_on_the_editor_page_of_deletion_page()&amp#27;[0m
  &amp#27;[32mGiven &amp#27;[0m&amp#27;[32mThe user is on the DS Introduction page as signedIn&amp#27;[0m           &amp#27;[90m# StepDefinitions.DSIntroductionDetails.the_user_is_on_the_ds_introduction_page_as_signed_in()&amp#27;[0m
  &amp#27;[31mWhen &amp#27;[0m&amp#27;[31mThe user writes no code inside editor window and clicks on Run button&amp#27;[0m &amp#27;[90m# StepDefinitions.Tree.the_user_writes_no_code_inside_editor_window_and_clicks_on_run_button()&amp#27;[0m
      &amp#27;[31morg.openqa.selenium.ElementNotInteractableException: element not interactable
  (Session info: chrome=131.0.6778.140)
Build info: version: '4.26.0', revision: '8ccf0219d7'
System info: os.name: 'Windows 11', os.arch: 'amd64', os.version: '10.0', java.version: '21.0.5'
Driver info: org.openqa.selenium.chrome.ChromeDriver
Command: [5e7bed25d5224629167b42845f9cd840, sendKeysToElement {value=[Ljava.lang.CharSequence;@6a200df4, id=f.415296966892CCC26983DF2DA3F010FF.d.A757D790305DBF54A65D77FDA76C563C.e.35}]
Capabilities {acceptInsecureCerts: false, browserName: chrome, browserVersion: 131.0.6778.140, chrome: {chromedriverVersion: 131.0.6778.108 (3b014839fbc..., userDataDir: C:\Users\vamsh\AppData\Loca...}, fedcm:accounts: true, goog:chromeOptions: {debuggerAddress: localhost:59319}, networkConnectionEnabled: false, pageLoadStrategy: normal, platformName: windows, proxy: Proxy(), se:cdp: ws://localhost:59319/devtoo..., se:cdpVersion: 131.0.6778.140, setWindowRect: true, strictFileInteractability: false, timeouts: {implicit: 0, pageLoad: 300000, script: 30000}, unhandledPromptBehavior: dismiss and notify, webauthn:extension:credBlob: true, webauthn:extension:largeBlob: true, webauthn:extension:minPinLength: true, webauthn:extension:prf: true, webauthn:virtualAuthenticators: true}
Element: [[ChromeDriver: chrome on windows (5e7bed25d5224629167b42845f9cd840)] -> css selector: .CodeMirror textarea]
Session ID: 5e7bed25d5224629167b42845f9cd840
	at java.base/jdk.internal.reflect.DirectConstructorHandleAccessor.newInstance(DirectConstructorHandleAccessor.java:62)
	at java.base/java.lang.reflect.Constructor.newInstanceWithCaller(Constructor.java:502)
	at java.base/java.lang.reflect.Constructor.newInstance(Constructor.java:486)
	at org.openqa.selenium.remote.ErrorCodec.decode(ErrorCodec.java:167)
	at org.openqa.selenium.remote.codec.w3c.W3CHttpResponseCodec.decode(W3CHttpResponseCodec.java:138)
	at org.openqa.selenium.remote.codec.w3c.W3CHttpResponseCodec.decode(W3CHttpResponseCodec.java:50)
	at org.openqa.selenium.remote.HttpCommandExecutor.execute(HttpCommandExecutor.java:190)
	at org.openqa.selenium.remote.service.DriverCommandExecutor.invokeExecute(DriverCommandExecutor.java:216)
	at org.openqa.selenium.remote.service.DriverCommandExecutor.execute(DriverCommandExecutor.java:174)
	at org.openqa.selenium.remote.RemoteWebDriver.execute(RemoteWebDriver.java:545)
	at org.openqa.selenium.remote.RemoteWebElement.execute(RemoteWebElement.java:223)
	at org.openqa.selenium.remote.RemoteWebElement.sendKeys(RemoteWebElement.java:110)
	at PageObjects.TreePage.writeInTryEditorWindow(TreePage.java:251)
	at StepDefinitions.Tree.the_user_writes_no_code_inside_editor_window_and_clicks_on_run_button(Tree.java:80)
	at ✽.The user writes no code inside editor window and clicks on Run button(file:///C:/Projects/newFolder-3/Repo1/src/test/resources/Features/LinkedList.feature:175)
&amp#27;[0m
  &amp#27;[36mThen &amp#27;[0m&amp#27;[36mNothing happens to the Editor page and no error message is displayed&amp#27;[0m  &amp#27;[90m# StepDefinitions.Tree.nothing_happens_to_the_editor_page_and_no_error_message_is_displayed()&amp#27;[0m
[ERROR] 2024-12-17 11:52:08.404 [TestNG-PoolService-2] Hooks - ======================  TEST CASE FAILED !! ======================

    Embedding screenshot [image/png 7853 bytes]

[INFO ] 2024-12-17 11:52:08.639 [TestNG-PoolService-2] Hooks - ======================  Screenshot is captured  ======================
[INFO ] 2024-12-17 11:52:08.643 [TestNG-PoolService-2] Hooks - ======================  Test Execution is completed!! ======================
  &amp#27;[32mAnd &amp#27;[0m&amp#27;[32mUser clicks on Get Started button from Linked List panel&amp#27;[0m        &amp#27;[90m# StepDefinitions.LinkedList.user_clicks_on_get_started_button_from_linked_list_panel()&amp#27;[0m
]]></system-out>
    <system-err><![CDATA[Dec 17, 2024 11:52:08 AM org.openqa.selenium.devtools.CdpVersionFinder findNearestMatch
WARNING: Unable to find an exact match for CDP version 131, returning the closest version; found: 130; Please update to a Selenium version that supports CDP version 131
]]></system-err>
  </testcase>
  <testcase name="runScenario[&quot;LL_Try Here Editor page with empty data&quot;, &quot;Linked List&quot;](94)" classname="TestRunners.TestRunner" time="7.511">
    <failure message="element not interactable&#10;  (Session info: MicrosoftEdge=131.0.2903.99)&#10;Build info: version: &apos;4.26.0&apos;, revision: &apos;8ccf0219d7&apos;&#10;System info: os.name: &apos;Windows 11&apos;, os.arch: &apos;amd64&apos;, os.version: &apos;10.0&apos;, java.version: &apos;21.0.5&apos;&#10;Driver info: org.openqa.selenium.edge.EdgeDriver&#10;Command: [44932afb8471f3afda4c02d2cd44de86, sendKeysToElement {value=[Ljava.lang.CharSequence;@596b73ea, id=f.60A354B9C9CF67A8C0E2719AC07D0E57.d.EFBB9F33A435344D3ECD67E568E8EE1C.e.36}]&#10;Capabilities {acceptInsecureCerts: false, browserName: MicrosoftEdge, browserVersion: 131.0.2903.99, fedcm:accounts: true, ms:edgeOptions: {debuggerAddress: localhost:54266}, msedge: {msedgedriverVersion: 131.0.2903.99 (f96a870b1316..., userDataDir: C:\Users\vamsh\AppData\Loca...}, networkConnectionEnabled: false, pageLoadStrategy: normal, platformName: windows, proxy: Proxy(), se:cdp: ws://localhost:54266/devtoo..., se:cdpVersion: 131.0.2903.99, setWindowRect: true, strictFileInteractability: false, timeouts: {implicit: 0, pageLoad: 300000, script: 30000}, unhandledPromptBehavior: dismiss and notify, webauthn:extension:credBlob: true, webauthn:extension:largeBlob: true, webauthn:extension:minPinLength: true, webauthn:extension:prf: true, webauthn:virtualAuthenticators: true}&#10;Element: [[EdgeDriver: MicrosoftEdge on windows (44932afb8471f3afda4c02d2cd44de86)] -&gt; css selector: .CodeMirror textarea]&#10;Session ID: 44932afb8471f3afda4c02d2cd44de86" type="org.openqa.selenium.ElementNotInteractableException"><![CDATA[org.openqa.selenium.ElementNotInteractableException: 
element not interactable
  (Session info: MicrosoftEdge=131.0.2903.99)
Build info: version: '4.26.0', revision: '8ccf0219d7'
System info: os.name: 'Windows 11', os.arch: 'amd64', os.version: '10.0', java.version: '21.0.5'
Driver info: org.openqa.selenium.edge.EdgeDriver
Command: [44932afb8471f3afda4c02d2cd44de86, sendKeysToElement {value=[Ljava.lang.CharSequence;@596b73ea, id=f.60A354B9C9CF67A8C0E2719AC07D0E57.d.EFBB9F33A435344D3ECD67E568E8EE1C.e.36}]
Capabilities {acceptInsecureCerts: false, browserName: MicrosoftEdge, browserVersion: 131.0.2903.99, fedcm:accounts: true, ms:edgeOptions: {debuggerAddress: localhost:54266}, msedge: {msedgedriverVersion: 131.0.2903.99 (f96a870b1316..., userDataDir: C:\Users\vamsh\AppData\Loca...}, networkConnectionEnabled: false, pageLoadStrategy: normal, platformName: windows, proxy: Proxy(), se:cdp: ws://localhost:54266/devtoo..., se:cdpVersion: 131.0.2903.99, setWindowRect: true, strictFileInteractability: false, timeouts: {implicit: 0, pageLoad: 300000, script: 30000}, unhandledPromptBehavior: dismiss and notify, webauthn:extension:credBlob: true, webauthn:extension:largeBlob: true, webauthn:extension:minPinLength: true, webauthn:extension:prf: true, webauthn:virtualAuthenticators: true}
Element: [[EdgeDriver: MicrosoftEdge on windows (44932afb8471f3afda4c02d2cd44de86)] -> css selector: .CodeMirror textarea]
Session ID: 44932afb8471f3afda4c02d2cd44de86
]]></failure>
    <system-out><![CDATA[
Scenario: LL_Try Here Editor page with invalid data                     &amp#27;[90m# src/test/resources/Features/LinkedList.feature:183&amp#27;[0m
  &amp#27;[32mGiven &amp#27;[0m&amp#27;[32mThe user is on the DS Introduction page as signedIn&amp#27;[0m                  &amp#27;[90m# StepDefinitions.DSIntroductionDetails.the_user_is_on_the_ds_introduction_page_as_signed_in()&amp#27;[0m
  &amp#27;[32mAnd &amp#27;[0m&amp#27;[32mUser clicks on Get Started button from Linked List panel&amp#27;[0m               &amp#27;[90m# StepDefinitions.LinkedList.user_clicks_on_get_started_button_from_linked_list_panel()&amp#27;[0m
  &amp#27;[32mGiven &amp#27;[0m&amp#27;[32mThe user is on the DS Introduction page as signedIn&amp#27;[0m           &amp#27;[90m# StepDefinitions.DSIntroductionDetails.the_user_is_on_the_ds_introduction_page_as_signed_in()&amp#27;[0m
  &amp#27;[32mAnd &amp#27;[0m&amp#27;[32mUser clicks on Get Started button from Linked List panel&amp#27;[0m        &amp#27;[90m# StepDefinitions.LinkedList.user_clicks_on_get_started_button_from_linked_list_panel()&amp#27;[0m
  &amp#27;[32mGiven &amp#27;[0m&amp#27;[32mThe user is on the editor page of Deletion page&amp#27;[0m                      &amp#27;[90m# StepDefinitions.LinkedList.the_user_is_on_the_editor_page_of_deletion_page()&amp#27;[0m
  &amp#27;[31mWhen &amp#27;[0m&amp#27;[31mThe user writes no code inside editor window and clicks on Run button&amp#27;[0m &amp#27;[90m# StepDefinitions.Tree.the_user_writes_no_code_inside_editor_window_and_clicks_on_run_button()&amp#27;[0m
      &amp#27;[31morg.openqa.selenium.ElementNotInteractableException: element not interactable
  (Session info: MicrosoftEdge=131.0.2903.99)
Build info: version: '4.26.0', revision: '8ccf0219d7'
System info: os.name: 'Windows 11', os.arch: 'amd64', os.version: '10.0', java.version: '21.0.5'
Driver info: org.openqa.selenium.edge.EdgeDriver
Command: [44932afb8471f3afda4c02d2cd44de86, sendKeysToElement {value=[Ljava.lang.CharSequence;@596b73ea, id=f.60A354B9C9CF67A8C0E2719AC07D0E57.d.EFBB9F33A435344D3ECD67E568E8EE1C.e.36}]
Capabilities {acceptInsecureCerts: false, browserName: MicrosoftEdge, browserVersion: 131.0.2903.99, fedcm:accounts: true, ms:edgeOptions: {debuggerAddress: localhost:54266}, msedge: {msedgedriverVersion: 131.0.2903.99 (f96a870b1316..., userDataDir: C:\Users\vamsh\AppData\Loca...}, networkConnectionEnabled: false, pageLoadStrategy: normal, platformName: windows, proxy: Proxy(), se:cdp: ws://localhost:54266/devtoo..., se:cdpVersion: 131.0.2903.99, setWindowRect: true, strictFileInteractability: false, timeouts: {implicit: 0, pageLoad: 300000, script: 30000}, unhandledPromptBehavior: dismiss and notify, webauthn:extension:credBlob: true, webauthn:extension:largeBlob: true, webauthn:extension:minPinLength: true, webauthn:extension:prf: true, webauthn:virtualAuthenticators: true}
Element: [[EdgeDriver: MicrosoftEdge on windows (44932afb8471f3afda4c02d2cd44de86)] -> css selector: .CodeMirror textarea]
Session ID: 44932afb8471f3afda4c02d2cd44de86
	at java.base/jdk.internal.reflect.DirectConstructorHandleAccessor.newInstance(DirectConstructorHandleAccessor.java:62)
	at java.base/java.lang.reflect.Constructor.newInstanceWithCaller(Constructor.java:502)
	at java.base/java.lang.reflect.Constructor.newInstance(Constructor.java:486)
	at org.openqa.selenium.remote.ErrorCodec.decode(ErrorCodec.java:167)
	at org.openqa.selenium.remote.codec.w3c.W3CHttpResponseCodec.decode(W3CHttpResponseCodec.java:138)
	at org.openqa.selenium.remote.codec.w3c.W3CHttpResponseCodec.decode(W3CHttpResponseCodec.java:50)
	at org.openqa.selenium.remote.HttpCommandExecutor.execute(HttpCommandExecutor.java:190)
	at org.openqa.selenium.remote.service.DriverCommandExecutor.invokeExecute(DriverCommandExecutor.java:216)
	at org.openqa.selenium.remote.service.DriverCommandExecutor.execute(DriverCommandExecutor.java:174)
	at org.openqa.selenium.remote.RemoteWebDriver.execute(RemoteWebDriver.java:545)
	at org.openqa.selenium.remote.RemoteWebElement.execute(RemoteWebElement.java:223)
	at org.openqa.selenium.remote.RemoteWebElement.sendKeys(RemoteWebElement.java:110)
	at PageObjects.TreePage.writeInTryEditorWindow(TreePage.java:251)
	at StepDefinitions.Tree.the_user_writes_no_code_inside_editor_window_and_clicks_on_run_button(Tree.java:80)
	at ✽.The user writes no code inside editor window and clicks on Run button(file:///C:/Projects/newFolder-3/Repo1/src/test/resources/Features/LinkedList.feature:175)
&amp#27;[0m
  &amp#27;[36mThen &amp#27;[0m&amp#27;[36mNothing happens to the Editor page and no error message is displayed&amp#27;[0m  &amp#27;[90m# StepDefinitions.Tree.nothing_happens_to_the_editor_page_and_no_error_message_is_displayed()&amp#27;[0m
[ERROR] 2024-12-17 12:20:35.976 [TestNG-PoolService-1] Hooks - ======================  TEST CASE FAILED !! ======================
  &amp#27;[32mGiven &amp#27;[0m&amp#27;[32mThe user is on the DS Introduction page as signedIn&amp#27;[0m             &amp#27;[90m# StepDefinitions.DSIntroductionDetails.the_user_is_on_the_ds_introduction_page_as_signed_in()&amp#27;[0m

    Embedding screenshot [image/png 7890 bytes]

[INFO ] 2024-12-17 12:20:36.176 [TestNG-PoolService-1] Hooks - ======================  Screenshot is captured  ======================
[INFO ] 2024-12-17 12:20:36.178 [TestNG-PoolService-1] Hooks - ======================  Test Execution is completed!! ======================
  &amp#27;[32mAnd &amp#27;[0m&amp#27;[32mUser clicks on Get Started button from Linked List panel&amp#27;[0m          &amp#27;[90m# StepDefinitions.LinkedList.user_clicks_on_get_started_button_from_linked_list_panel()&amp#27;[0m
  &amp#27;[32mGiven &amp#27;[0m&amp#27;[32mThe user is on the editor page of Deletion page&amp#27;[0m               &amp#27;[90m# StepDefinitions.LinkedList.the_user_is_on_the_editor_page_of_deletion_page()&amp#27;[0m
  &amp#27;[31mWhen &amp#27;[0m&amp#27;[31mThe user writes the valid python code and clicks on Run button&amp#27;[0m &amp#27;[90m# StepDefinitions.Tree.the_user_writes_the_valid_python_code_and_clicks_on_run_button()&amp#27;[0m
      &amp#27;[31morg.openqa.selenium.ElementNotInteractableException: element not interactable
  (Session info: MicrosoftEdge=131.0.2903.99)
Build info: version: '4.26.0', revision: '8ccf0219d7'
System info: os.name: 'Windows 11', os.arch: 'amd64', os.version: '10.0', java.version: '21.0.5'
Driver info: org.openqa.selenium.edge.EdgeDriver
Command: [b1430305048cac4c4073d579052e094e, sendKeysToElement {value=[Ljava.lang.CharSequence;@64bee32f, id=f.3CB2930137536A35B9BE17700AB43C5E.d.B4ABD52B101FE58A0D09F26A3E8E5ADC.e.36}]
Capabilities {acceptInsecureCerts: false, browserName: MicrosoftEdge, browserVersion: 131.0.2903.99, fedcm:accounts: true, ms:edgeOptions: {debuggerAddress: localhost:54305}, msedge: {msedgedriverVersion: 131.0.2903.99 (f96a870b1316..., userDataDir: C:\Users\vamsh\AppData\Loca...}, networkConnectionEnabled: false, pageLoadStrategy: normal, platformName: windows, proxy: Proxy(), se:cdp: ws://localhost:54305/devtoo..., se:cdpVersion: 131.0.2903.99, setWindowRect: true, strictFileInteractability: false, timeouts: {implicit: 0, pageLoad: 300000, script: 30000}, unhandledPromptBehavior: dismiss and notify, webauthn:extension:credBlob: true, webauthn:extension:largeBlob: true, webauthn:extension:minPinLength: true, webauthn:extension:prf: true, webauthn:virtualAuthenticators: true}
Element: [[EdgeDriver: MicrosoftEdge on windows (b1430305048cac4c4073d579052e094e)] -> css selector: .CodeMirror textarea]
Session ID: b1430305048cac4c4073d579052e094e
	at java.base/jdk.internal.reflect.DirectConstructorHandleAccessor.newInstance(DirectConstructorHandleAccessor.java:62)
	at java.base/java.lang.reflect.Constructor.newInstanceWithCaller(Constructor.java:502)
	at java.base/java.lang.reflect.Constructor.newInstance(Constructor.java:486)
	at org.openqa.selenium.remote.ErrorCodec.decode(ErrorCodec.java:167)
	at org.openqa.selenium.remote.codec.w3c.W3CHttpResponseCodec.decode(W3CHttpResponseCodec.java:138)
	at org.openqa.selenium.remote.codec.w3c.W3CHttpResponseCodec.decode(W3CHttpResponseCodec.java:50)
	at org.openqa.selenium.remote.HttpCommandExecutor.execute(HttpCommandExecutor.java:190)
	at org.openqa.selenium.remote.service.DriverCommandExecutor.invokeExecute(DriverCommandExecutor.java:216)
	at org.openqa.selenium.remote.service.DriverCommandExecutor.execute(DriverCommandExecutor.java:174)
	at org.openqa.selenium.remote.RemoteWebDriver.execute(RemoteWebDriver.java:545)
	at org.openqa.selenium.remote.RemoteWebElement.execute(RemoteWebElement.java:223)
	at org.openqa.selenium.remote.RemoteWebElement.sendKeys(RemoteWebElement.java:110)
	at PageObjects.TreePage.writeInTryEditorWindow(TreePage.java:251)
	at StepDefinitions.Tree.the_user_writes_the_valid_python_code_and_clicks_on_run_button(Tree.java:93)
	at ✽.The user writes the valid python code and clicks on Run button(file:///C:/Projects/newFolder-3/Repo1/src/test/resources/Features/LinkedList.feature:180)
&amp#27;[0m
  &amp#27;[36mThen &amp#27;[0m&amp#27;[36mThe user is able to see the output inside the console.&amp#27;[0m         &amp#27;[90m# StepDefinitions.Tree.the_user_is_able_to_see_the_output_inside_the_console()&amp#27;[0m
[ERROR] 2024-12-17 12:20:36.810 [TestNG-PoolService-2] Hooks - ======================  TEST CASE FAILED !! ======================

    Embedding screenshot [image/png 7890 bytes]

[INFO ] 2024-12-17 12:20:36.951 [TestNG-PoolService-2] Hooks - ======================  Screenshot is captured  ======================
[INFO ] 2024-12-17 12:20:36.952 [TestNG-PoolService-2] Hooks - ======================  Test Execution is completed!! ======================
]]></system-out>
    <system-err><![CDATA[Dec 17, 2024 12:20:30 PM org.openqa.selenium.devtools.CdpVersionFinder findNearestMatch
WARNING: Unable to find an exact match for CDP version 131, returning the closest version; found: 130; Please update to a Selenium version that supports CDP version 131
Dec 17, 2024 12:20:32 PM org.openqa.selenium.devtools.CdpVersionFinder findNearestMatch
WARNING: Unable to find an exact match for CDP version 131, returning the closest version; found: 130; Please update to a Selenium version that supports CDP version 131
Dec 17, 2024 12:20:33 PM org.openqa.selenium.devtools.CdpVersionFinder findNearestMatch
WARNING: Unable to find an exact match for CDP version 131, returning the closest version; found: 130; Please update to a Selenium version that supports CDP version 131
]]></system-err>
  </testcase>
  <testcase name="runScenario[&quot;LL_Try Here Editor page with valid data&quot;, &quot;Linked List&quot;](95)" classname="TestRunners.TestRunner" time="2.114">
    <failure message="element not interactable&#10;  (Session info: chrome=131.0.6778.140)&#10;Build info: version: &apos;4.26.0&apos;, revision: &apos;8ccf0219d7&apos;&#10;System info: os.name: &apos;Windows 11&apos;, os.arch: &apos;amd64&apos;, os.version: &apos;10.0&apos;, java.version: &apos;21.0.5&apos;&#10;Driver info: org.openqa.selenium.chrome.ChromeDriver&#10;Command: [2799018caed75afde3468df4214a8466, sendKeysToElement {value=[Ljava.lang.CharSequence;@67340bef, id=f.33A944D0A4E70B3879DCD004637AE229.d.27E94F7C59BC13417C2F949D604292A5.e.49}]&#10;Capabilities {acceptInsecureCerts: false, browserName: chrome, browserVersion: 131.0.6778.140, chrome: {chromedriverVersion: 131.0.6778.108 (3b014839fbc..., userDataDir: C:\Users\vamsh\AppData\Loca...}, fedcm:accounts: true, goog:chromeOptions: {debuggerAddress: localhost:59385}, networkConnectionEnabled: false, pageLoadStrategy: normal, platformName: windows, proxy: Proxy(), se:cdp: ws://localhost:59385/devtoo..., se:cdpVersion: 131.0.6778.140, setWindowRect: true, strictFileInteractability: false, timeouts: {implicit: 0, pageLoad: 300000, script: 30000}, unhandledPromptBehavior: dismiss and notify, webauthn:extension:credBlob: true, webauthn:extension:largeBlob: true, webauthn:extension:minPinLength: true, webauthn:extension:prf: true, webauthn:virtualAuthenticators: true}&#10;Element: [[ChromeDriver: chrome on windows (2799018caed75afde3468df4214a8466)] -&gt; css selector: .CodeMirror textarea]&#10;Session ID: 2799018caed75afde3468df4214a8466" type="org.openqa.selenium.ElementNotInteractableException"><![CDATA[org.openqa.selenium.ElementNotInteractableException: 
element not interactable
  (Session info: chrome=131.0.6778.140)
Build info: version: '4.26.0', revision: '8ccf0219d7'
System info: os.name: 'Windows 11', os.arch: 'amd64', os.version: '10.0', java.version: '21.0.5'
Driver info: org.openqa.selenium.chrome.ChromeDriver
Command: [2799018caed75afde3468df4214a8466, sendKeysToElement {value=[Ljava.lang.CharSequence;@67340bef, id=f.33A944D0A4E70B3879DCD004637AE229.d.27E94F7C59BC13417C2F949D604292A5.e.49}]
Capabilities {acceptInsecureCerts: false, browserName: chrome, browserVersion: 131.0.6778.140, chrome: {chromedriverVersion: 131.0.6778.108 (3b014839fbc..., userDataDir: C:\Users\vamsh\AppData\Loca...}, fedcm:accounts: true, goog:chromeOptions: {debuggerAddress: localhost:59385}, networkConnectionEnabled: false, pageLoadStrategy: normal, platformName: windows, proxy: Proxy(), se:cdp: ws://localhost:59385/devtoo..., se:cdpVersion: 131.0.6778.140, setWindowRect: true, strictFileInteractability: false, timeouts: {implicit: 0, pageLoad: 300000, script: 30000}, unhandledPromptBehavior: dismiss and notify, webauthn:extension:credBlob: true, webauthn:extension:largeBlob: true, webauthn:extension:minPinLength: true, webauthn:extension:prf: true, webauthn:virtualAuthenticators: true}
Element: [[ChromeDriver: chrome on windows (2799018caed75afde3468df4214a8466)] -> css selector: .CodeMirror textarea]
Session ID: 2799018caed75afde3468df4214a8466
]]></failure>
    <system-out><![CDATA[
Scenario: Introduction page                                    &amp#27;[90m# src/test/resources/Features/LinkedList.feature:188&amp#27;[0m
  &amp#27;[32mGiven &amp#27;[0m&amp#27;[32mThe user is on the editor page of Deletion page&amp#27;[0m               &amp#27;[90m# StepDefinitions.LinkedList.the_user_is_on_the_editor_page_of_deletion_page()&amp#27;[0m
  &amp#27;[31mWhen &amp#27;[0m&amp#27;[31mThe user writes the valid python code and clicks on Run button&amp#27;[0m &amp#27;[90m# StepDefinitions.Tree.the_user_writes_the_valid_python_code_and_clicks_on_run_button()&amp#27;[0m
      &amp#27;[31morg.openqa.selenium.ElementNotInteractableException: element not interactable
  (Session info: chrome=131.0.6778.140)
Build info: version: '4.26.0', revision: '8ccf0219d7'
System info: os.name: 'Windows 11', os.arch: 'amd64', os.version: '10.0', java.version: '21.0.5'
Driver info: org.openqa.selenium.chrome.ChromeDriver
Command: [2799018caed75afde3468df4214a8466, sendKeysToElement {value=[Ljava.lang.CharSequence;@67340bef, id=f.33A944D0A4E70B3879DCD004637AE229.d.27E94F7C59BC13417C2F949D604292A5.e.49}]
Capabilities {acceptInsecureCerts: false, browserName: chrome, browserVersion: 131.0.6778.140, chrome: {chromedriverVersion: 131.0.6778.108 (3b014839fbc..., userDataDir: C:\Users\vamsh\AppData\Loca...}, fedcm:accounts: true, goog:chromeOptions: {debuggerAddress: localhost:59385}, networkConnectionEnabled: false, pageLoadStrategy: normal, platformName: windows, proxy: Proxy(), se:cdp: ws://localhost:59385/devtoo..., se:cdpVersion: 131.0.6778.140, setWindowRect: true, strictFileInteractability: false, timeouts: {implicit: 0, pageLoad: 300000, script: 30000}, unhandledPromptBehavior: dismiss and notify, webauthn:extension:credBlob: true, webauthn:extension:largeBlob: true, webauthn:extension:minPinLength: true, webauthn:extension:prf: true, webauthn:virtualAuthenticators: true}
Element: [[ChromeDriver: chrome on windows (2799018caed75afde3468df4214a8466)] -> css selector: .CodeMirror textarea]
Session ID: 2799018caed75afde3468df4214a8466
	at java.base/jdk.internal.reflect.DirectConstructorHandleAccessor.newInstance(DirectConstructorHandleAccessor.java:62)
	at java.base/java.lang.reflect.Constructor.newInstanceWithCaller(Constructor.java:502)
	at java.base/java.lang.reflect.Constructor.newInstance(Constructor.java:486)
	at org.openqa.selenium.remote.ErrorCodec.decode(ErrorCodec.java:167)
	at org.openqa.selenium.remote.codec.w3c.W3CHttpResponseCodec.decode(W3CHttpResponseCodec.java:138)
	at org.openqa.selenium.remote.codec.w3c.W3CHttpResponseCodec.decode(W3CHttpResponseCodec.java:50)
	at org.openqa.selenium.remote.HttpCommandExecutor.execute(HttpCommandExecutor.java:190)
	at org.openqa.selenium.remote.service.DriverCommandExecutor.invokeExecute(DriverCommandExecutor.java:216)
	at org.openqa.selenium.remote.service.DriverCommandExecutor.execute(DriverCommandExecutor.java:174)
	at org.openqa.selenium.remote.RemoteWebDriver.execute(RemoteWebDriver.java:545)
	at org.openqa.selenium.remote.RemoteWebElement.execute(RemoteWebElement.java:223)
	at org.openqa.selenium.remote.RemoteWebElement.sendKeys(RemoteWebElement.java:110)
	at PageObjects.TreePage.writeInTryEditorWindow(TreePage.java:251)
	at StepDefinitions.Tree.the_user_writes_the_valid_python_code_and_clicks_on_run_button(Tree.java:93)
	at ✽.The user writes the valid python code and clicks on Run button(file:///C:/Projects/newFolder-3/Repo1/src/test/resources/Features/LinkedList.feature:180)
&amp#27;[0m
  &amp#27;[36mThen &amp#27;[0m&amp#27;[36mThe user is able to see the output inside the console.&amp#27;[0m         &amp#27;[90m# StepDefinitions.Tree.the_user_is_able_to_see_the_output_inside_the_console()&amp#27;[0m
[ERROR] 2024-12-17 11:52:10.737 [TestNG-PoolService-3] Hooks - ======================  TEST CASE FAILED !! ======================

    Embedding screenshot [image/png 7853 bytes]

[INFO ] 2024-12-17 11:52:10.938 [TestNG-PoolService-3] Hooks - ======================  Screenshot is captured  ======================
[INFO ] 2024-12-17 11:52:10.941 [TestNG-PoolService-3] Hooks - ======================  Test Execution is completed!! ======================
]]></system-out>
    <system-err><![CDATA[Dec 17, 2024 11:52:10 AM org.openqa.selenium.devtools.CdpVersionFinder findNearestMatch
WARNING: Unable to find an exact match for CDP version 131, returning the closest version; found: 130; Please update to a Selenium version that supports CDP version 131
]]></system-err>
  </testcase>
  <testcase name="runScenario[&quot;LL_Try Here Editor page with valid data&quot;, &quot;Linked List&quot;](95)" classname="TestRunners.TestRunner" time="0.686">
    <failure message="element not interactable&#10;  (Session info: MicrosoftEdge=131.0.2903.99)&#10;Build info: version: &apos;4.26.0&apos;, revision: &apos;8ccf0219d7&apos;&#10;System info: os.name: &apos;Windows 11&apos;, os.arch: &apos;amd64&apos;, os.version: &apos;10.0&apos;, java.version: &apos;21.0.5&apos;&#10;Driver info: org.openqa.selenium.edge.EdgeDriver&#10;Command: [b1430305048cac4c4073d579052e094e, sendKeysToElement {value=[Ljava.lang.CharSequence;@64bee32f, id=f.3CB2930137536A35B9BE17700AB43C5E.d.B4ABD52B101FE58A0D09F26A3E8E5ADC.e.36}]&#10;Capabilities {acceptInsecureCerts: false, browserName: MicrosoftEdge, browserVersion: 131.0.2903.99, fedcm:accounts: true, ms:edgeOptions: {debuggerAddress: localhost:54305}, msedge: {msedgedriverVersion: 131.0.2903.99 (f96a870b1316..., userDataDir: C:\Users\vamsh\AppData\Loca...}, networkConnectionEnabled: false, pageLoadStrategy: normal, platformName: windows, proxy: Proxy(), se:cdp: ws://localhost:54305/devtoo..., se:cdpVersion: 131.0.2903.99, setWindowRect: true, strictFileInteractability: false, timeouts: {implicit: 0, pageLoad: 300000, script: 30000}, unhandledPromptBehavior: dismiss and notify, webauthn:extension:credBlob: true, webauthn:extension:largeBlob: true, webauthn:extension:minPinLength: true, webauthn:extension:prf: true, webauthn:virtualAuthenticators: true}&#10;Element: [[EdgeDriver: MicrosoftEdge on windows (b1430305048cac4c4073d579052e094e)] -&gt; css selector: .CodeMirror textarea]&#10;Session ID: b1430305048cac4c4073d579052e094e" type="org.openqa.selenium.ElementNotInteractableException"><![CDATA[org.openqa.selenium.ElementNotInteractableException: 
element not interactable
  (Session info: MicrosoftEdge=131.0.2903.99)
Build info: version: '4.26.0', revision: '8ccf0219d7'
System info: os.name: 'Windows 11', os.arch: 'amd64', os.version: '10.0', java.version: '21.0.5'
Driver info: org.openqa.selenium.edge.EdgeDriver
Command: [b1430305048cac4c4073d579052e094e, sendKeysToElement {value=[Ljava.lang.CharSequence;@64bee32f, id=f.3CB2930137536A35B9BE17700AB43C5E.d.B4ABD52B101FE58A0D09F26A3E8E5ADC.e.36}]
Capabilities {acceptInsecureCerts: false, browserName: MicrosoftEdge, browserVersion: 131.0.2903.99, fedcm:accounts: true, ms:edgeOptions: {debuggerAddress: localhost:54305}, msedge: {msedgedriverVersion: 131.0.2903.99 (f96a870b1316..., userDataDir: C:\Users\vamsh\AppData\Loca...}, networkConnectionEnabled: false, pageLoadStrategy: normal, platformName: windows, proxy: Proxy(), se:cdp: ws://localhost:54305/devtoo..., se:cdpVersion: 131.0.2903.99, setWindowRect: true, strictFileInteractability: false, timeouts: {implicit: 0, pageLoad: 300000, script: 30000}, unhandledPromptBehavior: dismiss and notify, webauthn:extension:credBlob: true, webauthn:extension:largeBlob: true, webauthn:extension:minPinLength: true, webauthn:extension:prf: true, webauthn:virtualAuthenticators: true}
Element: [[EdgeDriver: MicrosoftEdge on windows (b1430305048cac4c4073d579052e094e)] -> css selector: .CodeMirror textarea]
Session ID: b1430305048cac4c4073d579052e094e
]]></failure>
    <system-out><![CDATA[
Scenario: Introduction page                                    &amp#27;[90m# src/test/resources/Features/LinkedList.feature:188&amp#27;[0m
  &amp#27;[32mGiven &amp#27;[0m&amp#27;[32mThe user is on the editor page of Deletion page&amp#27;[0m                 &amp#27;[90m# StepDefinitions.LinkedList.the_user_is_on_the_editor_page_of_deletion_page()&amp#27;[0m
  &amp#27;[32mWhen &amp#27;[0m&amp#27;[32mThe user writes the invalid python code and clicks on Run button&amp#27;[0m &amp#27;[90m# StepDefinitions.Tree.the_user_writes_the_invalid_python_code_and_clicks_on_run_button()&amp#27;[0m
  &amp#27;[32mThen &amp#27;[0m&amp#27;[32mThe user see error msg in alert window&amp#27;[0m                           &amp#27;[90m# StepDefinitions.Tree.the_user_see_error_msg_in_alert_window()&amp#27;[0m
[INFO ] 2024-12-17 12:20:37.898 [TestNG-PoolService-3] Hooks - ======================  Test Execution is completed!! ======================
]]></system-out>
  </testcase>
  <testcase name="runScenario[&quot;LL_Try Here Editor page with invalid data&quot;, &quot;Linked List&quot;](96)" classname="TestRunners.TestRunner" time="2.832">
    <failure message="element not interactable&#10;  (Session info: chrome=131.0.6778.140)&#10;Build info: version: &apos;4.26.0&apos;, revision: &apos;8ccf0219d7&apos;&#10;System info: os.name: &apos;Windows 11&apos;, os.arch: &apos;amd64&apos;, os.version: &apos;10.0&apos;, java.version: &apos;21.0.5&apos;&#10;Driver info: org.openqa.selenium.chrome.ChromeDriver&#10;Command: [2facfc3edacc3b3e1a9a2aed2994f758, sendKeysToElement {value=[Ljava.lang.CharSequence;@57be2174, id=f.8700080ADFF8F165D1BA755FC9A98016.d.33C9B535656FEAE7870873B58B4A889B.e.48}]&#10;Capabilities {acceptInsecureCerts: false, browserName: chrome, browserVersion: 131.0.6778.140, chrome: {chromedriverVersion: 131.0.6778.108 (3b014839fbc..., userDataDir: C:\Users\vamsh\AppData\Loca...}, fedcm:accounts: true, goog:chromeOptions: {debuggerAddress: localhost:59453}, networkConnectionEnabled: false, pageLoadStrategy: normal, platformName: windows, proxy: Proxy(), se:cdp: ws://localhost:59453/devtoo..., se:cdpVersion: 131.0.6778.140, setWindowRect: true, strictFileInteractability: false, timeouts: {implicit: 0, pageLoad: 300000, script: 30000}, unhandledPromptBehavior: dismiss and notify, webauthn:extension:credBlob: true, webauthn:extension:largeBlob: true, webauthn:extension:minPinLength: true, webauthn:extension:prf: true, webauthn:virtualAuthenticators: true}&#10;Element: [[ChromeDriver: chrome on windows (2facfc3edacc3b3e1a9a2aed2994f758)] -&gt; css selector: .CodeMirror textarea]&#10;Session ID: 2facfc3edacc3b3e1a9a2aed2994f758" type="org.openqa.selenium.ElementNotInteractableException"><![CDATA[org.openqa.selenium.ElementNotInteractableException: 
element not interactable
  (Session info: chrome=131.0.6778.140)
Build info: version: '4.26.0', revision: '8ccf0219d7'
System info: os.name: 'Windows 11', os.arch: 'amd64', os.version: '10.0', java.version: '21.0.5'
Driver info: org.openqa.selenium.chrome.ChromeDriver
Command: [2facfc3edacc3b3e1a9a2aed2994f758, sendKeysToElement {value=[Ljava.lang.CharSequence;@57be2174, id=f.8700080ADFF8F165D1BA755FC9A98016.d.33C9B535656FEAE7870873B58B4A889B.e.48}]
Capabilities {acceptInsecureCerts: false, browserName: chrome, browserVersion: 131.0.6778.140, chrome: {chromedriverVersion: 131.0.6778.108 (3b014839fbc..., userDataDir: C:\Users\vamsh\AppData\Loca...}, fedcm:accounts: true, goog:chromeOptions: {debuggerAddress: localhost:59453}, networkConnectionEnabled: false, pageLoadStrategy: normal, platformName: windows, proxy: Proxy(), se:cdp: ws://localhost:59453/devtoo..., se:cdpVersion: 131.0.6778.140, setWindowRect: true, strictFileInteractability: false, timeouts: {implicit: 0, pageLoad: 300000, script: 30000}, unhandledPromptBehavior: dismiss and notify, webauthn:extension:credBlob: true, webauthn:extension:largeBlob: true, webauthn:extension:minPinLength: true, webauthn:extension:prf: true, webauthn:virtualAuthenticators: true}
Element: [[ChromeDriver: chrome on windows (2facfc3edacc3b3e1a9a2aed2994f758)] -> css selector: .CodeMirror textarea]
Session ID: 2facfc3edacc3b3e1a9a2aed2994f758
]]></failure>
    <system-out><![CDATA[
Scenario Outline: DS Algo Sign in Page with blank info                                                                             &amp#27;[90m# src/test/resources/Features/LoginTestNav.feature:10&amp#27;[0m
  &amp#27;[32mGiven &amp#27;[0m&amp#27;[32mThe user is on the DS Introduction page as signedIn&amp#27;[0m             &amp#27;[90m# StepDefinitions.DSIntroductionDetails.the_user_is_on_the_ds_introduction_page_as_signed_in()&amp#27;[0m
  &amp#27;[32mAnd &amp#27;[0m&amp#27;[32mUser clicks on Get Started button from Linked List panel&amp#27;[0m          &amp#27;[90m# StepDefinitions.LinkedList.user_clicks_on_get_started_button_from_linked_list_panel()&amp#27;[0m
The user is on the DS Algo signin page
  &amp#27;[32mGiven &amp#27;[0m&amp#27;[32mThe user is on the editor page of Deletion page&amp#27;[0m                 &amp#27;[90m# StepDefinitions.LinkedList.the_user_is_on_the_editor_page_of_deletion_page()&amp#27;[0m
  &amp#27;[32mGiven &amp#27;[0m&amp#27;[32mThe user is on the DS Introduction page as signedIn&amp#27;[0m    &amp#27;[90m# StepDefinitions.DSIntroductionDetails.the_user_is_on_the_ds_introduction_page_as_signed_in()&amp#27;[0m
  &amp#27;[31mWhen &amp#27;[0m&amp#27;[31mThe user writes the invalid python code and clicks on Run button&amp#27;[0m &amp#27;[90m# StepDefinitions.Tree.the_user_writes_the_invalid_python_code_and_clicks_on_run_button()&amp#27;[0m
      &amp#27;[31morg.openqa.selenium.ElementNotInteractableException: element not interactable
  (Session info: chrome=131.0.6778.140)
Build info: version: '4.26.0', revision: '8ccf0219d7'
System info: os.name: 'Windows 11', os.arch: 'amd64', os.version: '10.0', java.version: '21.0.5'
Driver info: org.openqa.selenium.chrome.ChromeDriver
Command: [2facfc3edacc3b3e1a9a2aed2994f758, sendKeysToElement {value=[Ljava.lang.CharSequence;@57be2174, id=f.8700080ADFF8F165D1BA755FC9A98016.d.33C9B535656FEAE7870873B58B4A889B.e.48}]
Capabilities {acceptInsecureCerts: false, browserName: chrome, browserVersion: 131.0.6778.140, chrome: {chromedriverVersion: 131.0.6778.108 (3b014839fbc..., userDataDir: C:\Users\vamsh\AppData\Loca...}, fedcm:accounts: true, goog:chromeOptions: {debuggerAddress: localhost:59453}, networkConnectionEnabled: false, pageLoadStrategy: normal, platformName: windows, proxy: Proxy(), se:cdp: ws://localhost:59453/devtoo..., se:cdpVersion: 131.0.6778.140, setWindowRect: true, strictFileInteractability: false, timeouts: {implicit: 0, pageLoad: 300000, script: 30000}, unhandledPromptBehavior: dismiss and notify, webauthn:extension:credBlob: true, webauthn:extension:largeBlob: true, webauthn:extension:minPinLength: true, webauthn:extension:prf: true, webauthn:virtualAuthenticators: true}
Element: [[ChromeDriver: chrome on windows (2facfc3edacc3b3e1a9a2aed2994f758)] -> css selector: .CodeMirror textarea]
Session ID: 2facfc3edacc3b3e1a9a2aed2994f758
	at java.base/jdk.internal.reflect.DirectConstructorHandleAccessor.newInstance(DirectConstructorHandleAccessor.java:62)
	at java.base/java.lang.reflect.Constructor.newInstanceWithCaller(Constructor.java:502)
	at java.base/java.lang.reflect.Constructor.newInstance(Constructor.java:486)
	at org.openqa.selenium.remote.ErrorCodec.decode(ErrorCodec.java:167)
	at org.openqa.selenium.remote.codec.w3c.W3CHttpResponseCodec.decode(W3CHttpResponseCodec.java:138)
	at org.openqa.selenium.remote.codec.w3c.W3CHttpResponseCodec.decode(W3CHttpResponseCodec.java:50)
	at org.openqa.selenium.remote.HttpCommandExecutor.execute(HttpCommandExecutor.java:190)
	at org.openqa.selenium.remote.service.DriverCommandExecutor.invokeExecute(DriverCommandExecutor.java:216)
	at org.openqa.selenium.remote.service.DriverCommandExecutor.execute(DriverCommandExecutor.java:174)
	at org.openqa.selenium.remote.RemoteWebDriver.execute(RemoteWebDriver.java:545)
	at org.openqa.selenium.remote.RemoteWebElement.execute(RemoteWebElement.java:223)
	at org.openqa.selenium.remote.RemoteWebElement.sendKeys(RemoteWebElement.java:110)
	at PageObjects.TreePage.writeInTryEditorWindow(TreePage.java:251)
	at StepDefinitions.Tree.the_user_writes_the_invalid_python_code_and_clicks_on_run_button(Tree.java:106)
	at ✽.The user writes the invalid python code and clicks on Run button(file:///C:/Projects/newFolder-3/Repo1/src/test/resources/Features/LinkedList.feature:185)
&amp#27;[0m
  &amp#27;[36mThen &amp#27;[0m&amp#27;[36mThe user see error msg in alert window&amp#27;[0m                           &amp#27;[90m# StepDefinitions.Tree.the_user_see_error_msg_in_alert_window()&amp#27;[0m
[ERROR] 2024-12-17 11:52:13.653 [TestNG-PoolService-1] Hooks - ======================  TEST CASE FAILED !! ======================

    Embedding screenshot [image/png 7853 bytes]

[INFO ] 2024-12-17 11:52:13.835 [TestNG-PoolService-1] Hooks - ======================  Screenshot is captured  ======================
[INFO ] 2024-12-17 11:52:13.837 [TestNG-PoolService-1] Hooks - ======================  Test Execution is completed!! ======================
  &amp#27;[32mAnd &amp#27;[0m&amp#27;[32mUser clicks on Get Started button from Linked List panel&amp#27;[0m &amp#27;[90m# StepDefinitions.LinkedList.user_clicks_on_get_started_button_from_linked_list_panel()&amp#27;[0m
]]></system-out>
    <system-err><![CDATA[Dec 17, 2024 11:52:12 AM org.openqa.selenium.devtools.CdpVersionFinder findNearestMatch
WARNING: Unable to find an exact match for CDP version 131, returning the closest version; found: 130; Please update to a Selenium version that supports CDP version 131
]]></system-err>
  </testcase>
  <testcase name="runScenario[&quot;LL_Try Here Editor page with invalid data&quot;, &quot;Linked List&quot;](96)" classname="TestRunners.TestRunner" time="0.858">
    <system-out><![CDATA[
Scenario Outline: DS Algo Sign in Page with blank info                                                                             &amp#27;[90m# src/test/resources/Features/LoginTestNav.feature:10&amp#27;[0m
]]></system-out>
  </testcase>
  <testcase name="runScenario[&quot;Introduction page&quot;, &quot;Linked List&quot;](97)" classname="TestRunners.TestRunner" time="1.062">
    <system-out><![CDATA[
Scenario Outline: DS Algo Sign in Page with blank password                                        &amp#27;[90m# src/test/resources/Features/LoginTestNav.feature:18&amp#27;[0m
  &amp#27;[32mGiven &amp#27;[0m&amp#27;[32mThe user is on the DS Algo Sign in Page&amp#27;[0m                                                                                    &amp#27;[90m# StepDefinitions.LoginStepDefinitions.the_user_is_on_the_ds_algo_sign_in_page()&amp#27;[0m
  &amp#27;[32mGiven &amp#27;[0m&amp#27;[32mThe user is on the Introduction page&amp#27;[0m                   &amp#27;[90m# StepDefinitions.LinkedList.the_user_is_on_the_introduction_page()&amp#27;[0m
  &amp#27;[32mWhen &amp#27;[0m&amp#27;[32mThe user clicks Practice Questions link&amp#27;[0m                 &amp#27;[90m# StepDefinitions.Tree.the_user_clicks_practice_questions_link()&amp#27;[0m
  &amp#27;[32mThen &amp#27;[0m&amp#27;[32mThe user is redirected to Practice Questions page.&amp#27;[0m      &amp#27;[90m# StepDefinitions.Tree.the_user_is_redirected_to_practice_questions_page()&amp#27;[0m
[INFO ] 2024-12-17 11:52:14.936 [TestNG-PoolService-2] Hooks - ======================  Test Execution is completed!! ======================
]]></system-out>
  </testcase>
  <testcase name="runScenario[&quot;Introduction page&quot;, &quot;Linked List&quot;](97)" classname="TestRunners.TestRunner" time="0.719">
    <system-out><![CDATA[
Scenario Outline: DS Algo Sign in Page with blank password                                        &amp#27;[90m# src/test/resources/Features/LoginTestNav.feature:18&amp#27;[0m
]]></system-out>
  </testcase>
  <testcase name="runScenario[&quot;DS Algo Sign in Page with blank info&quot;, &quot;Login Feature&quot;](98)" classname="TestRunners.TestRunner" time="1.187">
    <system-out><![CDATA[
Scenario Outline: DS Algo Sign in Page  with blank username                                       &amp#27;[90m# src/test/resources/Features/LoginTestNav.feature:26&amp#27;[0m
  &amp#27;[32mWhen &amp#27;[0m&amp#27;[32mThe user clicks login button after leaving the username textbox and paswword textbox blank from sheetname &amp#27;[0m&amp#27;[32m&amp#27;[1m"Login"&amp#27;[0m&amp#27;[32m and row &amp#27;[0m&amp#27;[32m&amp#27;[1m3&amp#27;[0m &amp#27;[90m# StepDefinitions.LoginStepDefinitions.the_user_clicks_login_button_after_leaving_the_textbox_and_textbox_blank(java.lang.String,java.lang.Integer)&amp#27;[0m
  &amp#27;[32mThen &amp#27;[0m&amp#27;[32mThe error message &amp#27;[0m&amp#27;[32m&amp#27;[1m"Please fill out this field."&amp#27;[0m&amp#27;[32m appears below Username textbox&amp#27;[0m                                              &amp#27;[90m# StepDefinitions.LoginStepDefinitions.the_error_message_appears_below_username_textbox(java.lang.String)&amp#27;[0m
[INFO ] 2024-12-17 11:52:15.812 [TestNG-PoolService-3] Hooks - ======================  Test Execution is completed!! ======================
The user is on the DS Algo signin page
]]></system-out>
    <system-err><![CDATA[Dec 17, 2024 11:52:16 AM org.openqa.selenium.devtools.CdpVersionFinder findNearestMatch
WARNING: Unable to find an exact match for CDP version 131, returning the closest version; found: 130; Please update to a Selenium version that supports CDP version 131
]]></system-err>
  </testcase>
  <testcase name="runScenario[&quot;DS Algo Sign in Page with blank password&quot;, &quot;Login Feature&quot;](99)" classname="TestRunners.TestRunner" time="2.898">
    <system-out><![CDATA[
Scenario Outline: DS Algo Sign in Page with invalid username and password                                                 &amp#27;[90m# src/test/resources/Features/LoginTestNav.feature:34&amp#27;[0m
The user is on the DS Algo signin page
  &amp#27;[32mGiven &amp#27;[0m&amp#27;[32mThe user is on the DS Algo Sign in Page&amp#27;[0m                                                   &amp#27;[90m# StepDefinitions.LoginStepDefinitions.the_user_is_on_the_ds_algo_sign_in_page()&amp#27;[0m
The user is on the DS Algo signin page
  &amp#27;[32mWhen &amp#27;[0m&amp#27;[32mThe user clicks login button after entering only username from sheetname &amp#27;[0m&amp#27;[32m&amp#27;[1m"Login"&amp#27;[0m&amp#27;[32m and row &amp#27;[0m&amp#27;[32m&amp#27;[1m6&amp#27;[0m &amp#27;[90m# StepDefinitions.LoginStepDefinitions.the_user_clicks_login_button_after_enteringusername_only(java.lang.String,java.lang.Integer)&amp#27;[0m
  &amp#27;[32mThen &amp#27;[0m&amp#27;[32mThe error message &amp#27;[0m&amp#27;[32m&amp#27;[1m"Please fill out this field."&amp#27;[0m&amp#27;[32m appears below Pwd textbox&amp#27;[0m                  &amp#27;[90m# StepDefinitions.LoginStepDefinitions.the_error_message_appears_below_pwd_textbox(java.lang.String)&amp#27;[0m
[INFO ] 2024-12-17 11:52:18.942 [TestNG-PoolService-1] Hooks - ======================  Test Execution is completed!! ======================
  &amp#27;[32mGiven &amp#27;[0m&amp#27;[32mThe user is on the DS Algo Sign in Page&amp#27;[0m                                                   &amp#27;[90m# StepDefinitions.LoginStepDefinitions.the_user_is_on_the_ds_algo_sign_in_page()&amp#27;[0m
]]></system-out>
    <system-err><![CDATA[Dec 17, 2024 11:52:17 AM org.openqa.selenium.devtools.CdpVersionFinder findNearestMatch
WARNING: Unable to find an exact match for CDP version 131, returning the closest version; found: 130; Please update to a Selenium version that supports CDP version 131
Dec 17, 2024 11:52:18 AM org.openqa.selenium.devtools.CdpVersionFinder findNearestMatch
WARNING: Unable to find an exact match for CDP version 131, returning the closest version; found: 130; Please update to a Selenium version that supports CDP version 131
]]></system-err>
  </testcase>
  <testcase name="runScenario[&quot;DS Algo Sign in Page with blank password&quot;, &quot;Login Feature&quot;](99)" classname="TestRunners.TestRunner" time="0.06">
    <system-out><![CDATA[
Scenario Outline: DS Algo Sign in Page with invalid username and password                                                 &amp#27;[90m# src/test/resources/Features/LoginTestNav.feature:34&amp#27;[0m
]]></system-out>
  </testcase>
  <testcase name="runScenario[&quot;DS Algo Sign in Page  with blank username&quot;, &quot;Login Feature&quot;](100)" classname="TestRunners.TestRunner" time="0.454">
    <system-out><![CDATA[
Scenario Outline: DS Algo Sign in Page with valid username and invalid password                                         &amp#27;[90m# src/test/resources/Features/LoginTestNav.feature:42&amp#27;[0m
  &amp#27;[32mWhen &amp#27;[0m&amp#27;[32mThe user clicks login button after entering only password from sheetname &amp#27;[0m&amp#27;[32m&amp#27;[1m"Login"&amp#27;[0m&amp#27;[32m and row &amp#27;[0m&amp#27;[32m&amp#27;[1m6&amp#27;[0m &amp#27;[90m# StepDefinitions.LoginStepDefinitions.the_user_clicks_login_button_after_entering_password_only(java.lang.String,java.lang.Integer)&amp#27;[0m
  &amp#27;[32mThen &amp#27;[0m&amp#27;[32mThe error message &amp#27;[0m&amp#27;[32m&amp#27;[1m"Please fill out this field."&amp#27;[0m&amp#27;[32m appears below Username textbox&amp#27;[0m             &amp#27;[90m# StepDefinitions.LoginStepDefinitions.the_error_message_appears_below_username_textbox(java.lang.String)&amp#27;[0m
[INFO ] 2024-12-17 11:52:19.468 [TestNG-PoolService-2] Hooks - ======================  Test Execution is completed!! ======================
]]></system-out>
  </testcase>
  <testcase name="runScenario[&quot;DS Algo Sign in Page  with blank username&quot;, &quot;Login Feature&quot;](100)" classname="TestRunners.TestRunner" time="6.713">
    <system-out><![CDATA[
Scenario Outline: DS Algo Sign in Page with valid username and invalid password                                         &amp#27;[90m# src/test/resources/Features/LoginTestNav.feature:42&amp#27;[0m
The user is on the DS Algo signin page
The user is on the DS Algo signin page
The user is on the DS Algo signin page
  &amp#27;[32mGiven &amp#27;[0m&amp#27;[32mThe user is on the DS Algo Sign in Page&amp#27;[0m                                                   &amp#27;[90m# StepDefinitions.LoginStepDefinitions.the_user_is_on_the_ds_algo_sign_in_page()&amp#27;[0m
  &amp#27;[32mWhen &amp#27;[0m&amp#27;[32mThe user clicks login button after entering only password from sheetname &amp#27;[0m&amp#27;[32m&amp#27;[1m"Login"&amp#27;[0m&amp#27;[32m and row &amp#27;[0m&amp#27;[32m&amp#27;[1m6&amp#27;[0m &amp#27;[90m# StepDefinitions.LoginStepDefinitions.the_user_clicks_login_button_after_entering_password_only(java.lang.String,java.lang.Integer)&amp#27;[0m
  &amp#27;[32mThen &amp#27;[0m&amp#27;[32mThe error message &amp#27;[0m&amp#27;[32m&amp#27;[1m"Please fill out this field."&amp#27;[0m&amp#27;[32m appears below Username textbox&amp#27;[0m             &amp#27;[90m# StepDefinitions.LoginStepDefinitions.the_error_message_appears_below_username_textbox(java.lang.String)&amp#27;[0m
[INFO ] 2024-12-17 12:20:51.527 [TestNG-PoolService-2] Hooks - ======================  Test Execution is completed!! ======================
  &amp#27;[32mGiven &amp#27;[0m&amp#27;[32mThe user is on the DS Algo Sign in Page&amp#27;[0m                                                                         &amp#27;[90m# StepDefinitions.LoginStepDefinitions.the_user_is_on_the_ds_algo_sign_in_page()&amp#27;[0m
  &amp#27;[32mGiven &amp#27;[0m&amp#27;[32mThe user is on the DS Algo Sign in Page&amp#27;[0m                                                                           &amp#27;[90m# StepDefinitions.LoginStepDefinitions.the_user_is_on_the_ds_algo_sign_in_page()&amp#27;[0m
  &amp#27;[32mWhen &amp#27;[0m&amp#27;[32mThe user clicks login button after entering valid userName and invalid password from sheetname &amp#27;[0m&amp#27;[32m&amp#27;[1m"Login"&amp#27;[0m&amp#27;[32m and row &amp#27;[0m&amp#27;[32m&amp#27;[1m7&amp#27;[0m &amp#27;[90m# StepDefinitions.LoginStepDefinitions.the_user_clicks_login_button_after_entering_valid_and_invalid(java.lang.String,java.lang.Integer)&amp#27;[0m
  &amp#27;[32mWhen &amp#27;[0m&amp#27;[32mThe user clicks login button after entering invalid username and invalid password from sheetname &amp#27;[0m&amp#27;[32m&amp#27;[1m"Login"&amp#27;[0m&amp#27;[32m and row &amp#27;[0m&amp#27;[32m&amp#27;[1m4&amp#27;[0m &amp#27;[90m# StepDefinitions.LoginStepDefinitions.the_user_clicks_login_button_after_entering_invalid_and_invalid(java.lang.String,java.lang.Integer)&amp#27;[0m
  &amp#27;[32mThen &amp#27;[0m&amp#27;[32mThe user should able to see an error message &amp#27;[0m&amp#27;[32m&amp#27;[1m"Invalid Username and Password"&amp#27;[0m&amp#27;[32m.&amp#27;[0m                                    &amp#27;[90m# StepDefinitions.LoginStepDefinitions.the_user_should_able_to_see_an_error_message(java.lang.String)&amp#27;[0m
[INFO ] 2024-12-17 12:20:52.492 [TestNG-PoolService-1] Hooks - ======================  Test Execution is completed!! ======================
  &amp#27;[32mThen &amp#27;[0m&amp#27;[32mThe user should able to see an error message &amp#27;[0m&amp#27;[32m&amp#27;[1m"Invalid Username and Password"&amp#27;[0m&amp#27;[32m.&amp#27;[0m                                      &amp#27;[90m# StepDefinitions.LoginStepDefinitions.the_user_should_able_to_see_an_error_message(java.lang.String)&amp#27;[0m
[INFO ] 2024-12-17 12:20:52.609 [TestNG-PoolService-3] Hooks - ======================  Test Execution is completed!! ======================
]]></system-out>
    <system-err><![CDATA[Dec 17, 2024 12:20:48 PM org.openqa.selenium.devtools.CdpVersionFinder findNearestMatch
WARNING: Unable to find an exact match for CDP version 131, returning the closest version; found: 130; Please update to a Selenium version that supports CDP version 131
Dec 17, 2024 12:20:49 PM org.openqa.selenium.devtools.CdpVersionFinder findNearestMatch
WARNING: Unable to find an exact match for CDP version 131, returning the closest version; found: 130; Please update to a Selenium version that supports CDP version 131
Dec 17, 2024 12:20:49 PM org.openqa.selenium.devtools.CdpVersionFinder findNearestMatch
WARNING: Unable to find an exact match for CDP version 131, returning the closest version; found: 130; Please update to a Selenium version that supports CDP version 131
]]></system-err>
  </testcase>
  <testcase name="runScenario[&quot;DS Algo Sign in Page with invalid username and password&quot;, &quot;Login Feature&quot;](101)" classname="TestRunners.TestRunner" time="2.303">
    <system-out><![CDATA[
Scenario Outline: DS Algo Sign in Page  with valid username and Valid password                                  &amp#27;[90m# src/test/resources/Features/LoginTestNav.feature:50&amp#27;[0m
  &amp#27;[32mGiven &amp#27;[0m&amp#27;[32mThe user is on the DS Algo Sign in Page&amp#27;[0m                                                                           &amp#27;[90m# StepDefinitions.LoginStepDefinitions.the_user_is_on_the_ds_algo_sign_in_page()&amp#27;[0m
The user is on the DS Algo signin page
  &amp#27;[32mWhen &amp#27;[0m&amp#27;[32mThe user clicks login button after entering invalid username and invalid password from sheetname &amp#27;[0m&amp#27;[32m&amp#27;[1m"Login"&amp#27;[0m&amp#27;[32m and row &amp#27;[0m&amp#27;[32m&amp#27;[1m4&amp#27;[0m &amp#27;[90m# StepDefinitions.LoginStepDefinitions.the_user_clicks_login_button_after_entering_invalid_and_invalid(java.lang.String,java.lang.Integer)&amp#27;[0m
  &amp#27;[32mThen &amp#27;[0m&amp#27;[32mThe user should able to see an error message &amp#27;[0m&amp#27;[32m&amp#27;[1m"Invalid Username and Password"&amp#27;[0m&amp#27;[32m.&amp#27;[0m                                      &amp#27;[90m# StepDefinitions.LoginStepDefinitions.the_user_should_able_to_see_an_error_message(java.lang.String)&amp#27;[0m
[INFO ] 2024-12-17 11:52:21.600 [TestNG-PoolService-3] Hooks - ======================  Test Execution is completed!! ======================
The user is on the DS Algo signin page
]]></system-out>
    <system-err><![CDATA[Dec 17, 2024 11:52:20 AM org.openqa.selenium.devtools.CdpVersionFinder findNearestMatch
WARNING: Unable to find an exact match for CDP version 131, returning the closest version; found: 130; Please update to a Selenium version that supports CDP version 131
Dec 17, 2024 11:52:21 AM org.openqa.selenium.devtools.CdpVersionFinder findNearestMatch
WARNING: Unable to find an exact match for CDP version 131, returning the closest version; found: 130; Please update to a Selenium version that supports CDP version 131
]]></system-err>
  </testcase>
  <testcase name="runScenario[&quot;DS Algo Sign in Page with valid username and invalid password&quot;, &quot;Login Feature&quot;](102)" classname="TestRunners.TestRunner" time="1.897">
    <system-out><![CDATA[
Scenario: Validate user navigated to queue details page when clicked on get started &amp#27;[90m# src/test/resources/Features/QueueDetails.feature:7&amp#27;[0m
  &amp#27;[32mGiven &amp#27;[0m&amp#27;[32mThe user is on the DS Algo Sign in Page&amp#27;[0m                                                                         &amp#27;[90m# StepDefinitions.LoginStepDefinitions.the_user_is_on_the_ds_algo_sign_in_page()&amp#27;[0m
  &amp#27;[32mWhen &amp#27;[0m&amp#27;[32mThe user clicks login button after entering valid userName and invalid password from sheetname &amp#27;[0m&amp#27;[32m&amp#27;[1m"Login"&amp#27;[0m&amp#27;[32m and row &amp#27;[0m&amp#27;[32m&amp#27;[1m7&amp#27;[0m &amp#27;[90m# StepDefinitions.LoginStepDefinitions.the_user_clicks_login_button_after_entering_valid_and_invalid(java.lang.String,java.lang.Integer)&amp#27;[0m
  &amp#27;[32mGiven &amp#27;[0m&amp#27;[32mThe user is on the DS Algo Sign in Page&amp#27;[0m                                                                 &amp#27;[90m# StepDefinitions.LoginStepDefinitions.the_user_is_on_the_ds_algo_sign_in_page()&amp#27;[0m
  &amp#27;[32mThen &amp#27;[0m&amp#27;[32mThe user should able to see an error message &amp#27;[0m&amp#27;[32m&amp#27;[1m"Invalid Username and Password"&amp#27;[0m&amp#27;[32m.&amp#27;[0m                                    &amp#27;[90m# StepDefinitions.LoginStepDefinitions.the_user_should_able_to_see_an_error_message(java.lang.String)&amp#27;[0m
[INFO ] 2024-12-17 11:52:23.489 [TestNG-PoolService-1] Hooks - ======================  Test Execution is completed!! ======================
]]></system-out>
    <system-err><![CDATA[Dec 17, 2024 11:52:23 AM org.openqa.selenium.devtools.CdpVersionFinder findNearestMatch
WARNING: Unable to find an exact match for CDP version 131, returning the closest version; found: 130; Please update to a Selenium version that supports CDP version 131
]]></system-err>
  </testcase>
  <testcase name="runScenario[&quot;DS Algo Sign in Page  with valid username and Valid password&quot;, &quot;Login Feature&quot;](103)" classname="TestRunners.TestRunner" time="0.864">
    <system-out><![CDATA[
Scenario: Validate user can navigate to Implementations of Queue in Python &amp#27;[90m# src/test/resources/Features/QueueDetails.feature:10&amp#27;[0m
  &amp#27;[32mWhen &amp#27;[0m&amp#27;[32mThe user clicks login button after entering valid userName and password from sheetname &amp#27;[0m&amp#27;[32m&amp#27;[1m"Login"&amp#27;[0m&amp#27;[32m and row &amp#27;[0m&amp#27;[32m&amp#27;[1m6&amp#27;[0m &amp#27;[90m# StepDefinitions.LoginStepDefinitions.the_user_clicks_login_button_after_entering_valid_and_valid(java.lang.String,int)&amp#27;[0m
  &amp#27;[32mThen &amp#27;[0m&amp#27;[32muser lands on the home page as signedIn&amp#27;[0m                                                                  &amp#27;[90m# StepDefinitions.DSIntroductionDetails.user_lands_on_the_home_page_as_signed_in()&amp#27;[0m
[INFO ] 2024-12-17 11:52:24.518 [TestNG-PoolService-2] Hooks - ======================  Test Execution is completed!! ======================
]]></system-out>
  </testcase>
  <testcase name="runScenario[&quot;DS Algo Sign in Page  with valid username and Valid password&quot;, &quot;Login Feature&quot;](103)" classname="TestRunners.TestRunner" time="9.66">
    <system-out><![CDATA[
Scenario: Validate user can navigate to Implementations of Queue in Python &amp#27;[90m# src/test/resources/Features/QueueDetails.feature:10&amp#27;[0m
The user is on the DS Algo signin page
  &amp#27;[32mGiven &amp#27;[0m&amp#27;[32mThe user is on the DS Algo Sign in Page&amp#27;[0m                                                                 &amp#27;[90m# StepDefinitions.LoginStepDefinitions.the_user_is_on_the_ds_algo_sign_in_page()&amp#27;[0m
  &amp#27;[32mWhen &amp#27;[0m&amp#27;[32mThe user clicks login button after entering valid userName and password from sheetname &amp#27;[0m&amp#27;[32m&amp#27;[1m"Login"&amp#27;[0m&amp#27;[32m and row &amp#27;[0m&amp#27;[32m&amp#27;[1m6&amp#27;[0m &amp#27;[90m# StepDefinitions.LoginStepDefinitions.the_user_clicks_login_button_after_entering_valid_and_valid(java.lang.String,int)&amp#27;[0m
  &amp#27;[32mThen &amp#27;[0m&amp#27;[32muser lands on the home page as signedIn&amp#27;[0m                                                                  &amp#27;[90m# StepDefinitions.DSIntroductionDetails.user_lands_on_the_home_page_as_signed_in()&amp#27;[0m
[INFO ] 2024-12-17 12:05:52.421 [TestNG-PoolService-1] Hooks - ======================  Test Execution is completed!! ======================
  &amp#27;[32mGiven &amp#27;[0m&amp#27;[32mThe user is on the DS Introduction page as signedIn&amp#27;[0m                &amp#27;[90m# StepDefinitions.DSIntroductionDetails.the_user_is_on_the_ds_introduction_page_as_signed_in()&amp#27;[0m
  &amp#27;[32mGiven &amp#27;[0m&amp#27;[32mThe user is on the DS Introduction page as signedIn&amp#27;[0m                         &amp#27;[90m# StepDefinitions.DSIntroductionDetails.the_user_is_on_the_ds_introduction_page_as_signed_in()&amp#27;[0m
  &amp#27;[32mWhen &amp#27;[0m&amp#27;[32mThe user clicks on Get started link for Queue&amp#27;[0m                       &amp#27;[90m# StepDefinitions.QueueStepDefinitions.the_user_clicks_on_get_started_link_for_queue()&amp#27;[0m
  &amp#27;[32mWhen &amp#27;[0m&amp#27;[32mThe user clicks on Get started link for Queue&amp#27;[0m                                &amp#27;[90m# StepDefinitions.QueueStepDefinitions.the_user_clicks_on_get_started_link_for_queue()&amp#27;[0m
  &amp#27;[32mGiven &amp#27;[0m&amp#27;[32mThe user is on Queue Details page&amp#27;[0m                                  &amp#27;[90m# StepDefinitions.QueueStepDefinitions.the_user_is_on_queue_details_page()&amp#27;[0m
  &amp#27;[32mThen &amp#27;[0m&amp#27;[32mThe user is on Queue Details page&amp#27;[0m                                            &amp#27;[90m# StepDefinitions.QueueStepDefinitions.the_user_is_on_queue_details_page()&amp#27;[0m
[INFO ] 2024-12-17 12:05:53.990 [TestNG-PoolService-3] Hooks - ======================  Test Execution is completed!! ======================
  &amp#27;[32mWhen &amp#27;[0m&amp#27;[32mThe user clicks on Implementation of Queue python link&amp#27;[0m              &amp#27;[90m# StepDefinitions.QueueStepDefinitions.the_user_clicks_on_implementation_of_queue_python_link()&amp#27;[0m
  &amp#27;[32mThen &amp#27;[0m&amp#27;[32mThe user is on the Implimentation of Queue in Python page&amp#27;[0m           &amp#27;[90m# StepDefinitions.QueueStepDefinitions.the_user_is_on_the_implimentation_of_queue_in_python_page()&amp#27;[0m
[INFO ] 2024-12-17 12:05:54.278 [TestNG-PoolService-2] Hooks - ======================  Test Execution is completed!! ======================
]]></system-out>
  </testcase>
  <testcase name="runScenario[&quot;DS Algo Sign in Page  with valid username and Valid password&quot;, &quot;Login Feature&quot;](103)" classname="TestRunners.TestRunner" time="7.186">
    <system-out><![CDATA[
Scenario: Validate user can navigate to Implementations of Queue in Python &amp#27;[90m# src/test/resources/Features/QueueDetails.feature:10&amp#27;[0m
The user is on the DS Algo signin page
  &amp#27;[32mGiven &amp#27;[0m&amp#27;[32mThe user is on the DS Algo Sign in Page&amp#27;[0m                                                                 &amp#27;[90m# StepDefinitions.LoginStepDefinitions.the_user_is_on_the_ds_algo_sign_in_page()&amp#27;[0m
  &amp#27;[32mWhen &amp#27;[0m&amp#27;[32mThe user clicks login button after entering valid userName and password from sheetname &amp#27;[0m&amp#27;[32m&amp#27;[1m"Login"&amp#27;[0m&amp#27;[32m and row &amp#27;[0m&amp#27;[32m&amp#27;[1m6&amp#27;[0m &amp#27;[90m# StepDefinitions.LoginStepDefinitions.the_user_clicks_login_button_after_entering_valid_and_valid(java.lang.String,int)&amp#27;[0m
  &amp#27;[32mThen &amp#27;[0m&amp#27;[32muser lands on the home page as signedIn&amp#27;[0m                                                                  &amp#27;[90m# StepDefinitions.DSIntroductionDetails.user_lands_on_the_home_page_as_signed_in()&amp#27;[0m
[INFO ] 2024-12-17 12:20:59.564 [TestNG-PoolService-2] Hooks - ======================  Test Execution is completed!! ======================
  &amp#27;[32mGiven &amp#27;[0m&amp#27;[32mThe user is on the DS Introduction page as signedIn&amp#27;[0m                         &amp#27;[90m# StepDefinitions.DSIntroductionDetails.the_user_is_on_the_ds_introduction_page_as_signed_in()&amp#27;[0m
  &amp#27;[32mWhen &amp#27;[0m&amp#27;[32mThe user clicks on Get started link for Queue&amp#27;[0m                                &amp#27;[90m# StepDefinitions.QueueStepDefinitions.the_user_clicks_on_get_started_link_for_queue()&amp#27;[0m
  &amp#27;[32mThen &amp#27;[0m&amp#27;[32mThe user is on Queue Details page&amp#27;[0m                                            &amp#27;[90m# StepDefinitions.QueueStepDefinitions.the_user_is_on_queue_details_page()&amp#27;[0m
[INFO ] 2024-12-17 12:21:00.281 [TestNG-PoolService-1] Hooks - ======================  Test Execution is completed!! ======================
  &amp#27;[32mGiven &amp#27;[0m&amp#27;[32mThe user is on the DS Introduction page as signedIn&amp#27;[0m                &amp#27;[90m# StepDefinitions.DSIntroductionDetails.the_user_is_on_the_ds_introduction_page_as_signed_in()&amp#27;[0m
  &amp#27;[32mWhen &amp#27;[0m&amp#27;[32mThe user clicks on Get started link for Queue&amp#27;[0m                       &amp#27;[90m# StepDefinitions.QueueStepDefinitions.the_user_clicks_on_get_started_link_for_queue()&amp#27;[0m
]]></system-out>
    <system-err><![CDATA[Dec 17, 2024 12:20:55 PM org.openqa.selenium.devtools.CdpVersionFinder findNearestMatch
WARNING: Unable to find an exact match for CDP version 131, returning the closest version; found: 130; Please update to a Selenium version that supports CDP version 131
Dec 17, 2024 12:20:57 PM org.openqa.selenium.devtools.CdpVersionFinder findNearestMatch
WARNING: Unable to find an exact match for CDP version 131, returning the closest version; found: 130; Please update to a Selenium version that supports CDP version 131
Dec 17, 2024 12:20:57 PM org.openqa.selenium.devtools.CdpVersionFinder findNearestMatch
WARNING: Unable to find an exact match for CDP version 131, returning the closest version; found: 130; Please update to a Selenium version that supports CDP version 131
]]></system-err>
  </testcase>
  <testcase name="runScenario[&quot;Validate user navigated to queue details page when clicked on get started&quot;, &quot;Queue Details page&quot;](104)" classname="TestRunners.TestRunner" time="3.719">
    <system-out><![CDATA[
Scenario: Validate user can open try editor page from Implementation of Queue in python &amp#27;[90m# src/test/resources/Features/QueueDetails.feature:15&amp#27;[0m
  &amp#27;[32mGiven &amp#27;[0m&amp#27;[32mThe user is on the DS Introduction page as signedIn&amp#27;[0m                         &amp#27;[90m# StepDefinitions.DSIntroductionDetails.the_user_is_on_the_ds_introduction_page_as_signed_in()&amp#27;[0m
  &amp#27;[32mWhen &amp#27;[0m&amp#27;[32mThe user clicks on Get started link for Queue&amp#27;[0m                                &amp#27;[90m# StepDefinitions.QueueStepDefinitions.the_user_clicks_on_get_started_link_for_queue()&amp#27;[0m
  &amp#27;[32mThen &amp#27;[0m&amp#27;[32mThe user is on Queue Details page&amp#27;[0m                                            &amp#27;[90m# StepDefinitions.QueueStepDefinitions.the_user_is_on_queue_details_page()&amp#27;[0m
[INFO ] 2024-12-17 11:52:27.736 [TestNG-PoolService-3] Hooks - ======================  Test Execution is completed!! ======================
]]></system-out>
    <system-err><![CDATA[Dec 17, 2024 11:52:25 AM org.openqa.selenium.devtools.CdpVersionFinder findNearestMatch
WARNING: Unable to find an exact match for CDP version 131, returning the closest version; found: 130; Please update to a Selenium version that supports CDP version 131
Dec 17, 2024 11:52:26 AM org.openqa.selenium.devtools.CdpVersionFinder findNearestMatch
WARNING: Unable to find an exact match for CDP version 131, returning the closest version; found: 130; Please update to a Selenium version that supports CDP version 131
]]></system-err>
  </testcase>
  <testcase name="runScenario[&quot;Validate user navigated to queue details page when clicked on get started&quot;, &quot;Queue Details page&quot;](104)" classname="TestRunners.TestRunner" time="0.56">
    <system-out><![CDATA[
Scenario: Validate user can open try editor page from Implementation of Queue in python &amp#27;[90m# src/test/resources/Features/QueueDetails.feature:15&amp#27;[0m
  &amp#27;[32mGiven &amp#27;[0m&amp#27;[32mThe user is on Queue Details page&amp#27;[0m                                  &amp#27;[90m# StepDefinitions.QueueStepDefinitions.the_user_is_on_queue_details_page()&amp#27;[0m
  &amp#27;[32mWhen &amp#27;[0m&amp#27;[32mThe user clicks on Implementation of Queue python link&amp#27;[0m              &amp#27;[90m# StepDefinitions.QueueStepDefinitions.the_user_clicks_on_implementation_of_queue_python_link()&amp#27;[0m
  &amp#27;[32mThen &amp#27;[0m&amp#27;[32mThe user is on the Implimentation of Queue in Python page&amp#27;[0m           &amp#27;[90m# StepDefinitions.QueueStepDefinitions.the_user_is_on_the_implimentation_of_queue_in_python_page()&amp#27;[0m
[INFO ] 2024-12-17 12:21:01.542 [TestNG-PoolService-3] Hooks - ======================  Test Execution is completed!! ======================
]]></system-out>
  </testcase>
  <testcase name="runScenario[&quot;Validate user can navigate to Implementations of Queue in Python&quot;, &quot;Queue Details page&quot;](105)" classname="TestRunners.TestRunner" time="1.993">
    <system-out><![CDATA[  &amp#27;[32mGiven &amp#27;[0m&amp#27;[32mThe user is on the DS Introduction page as signedIn&amp#27;[0m                &amp#27;[90m# StepDefinitions.DSIntroductionDetails.the_user_is_on_the_ds_introduction_page_as_signed_in()&amp#27;[0m

Scenario: Error message displayed for invalid code on try editor for Implementation of Queue in python &amp#27;[90m# src/test/resources/Features/QueueDetails.feature:20&amp#27;[0m
  &amp#27;[32mWhen &amp#27;[0m&amp#27;[32mThe user clicks on Get started link for Queue&amp#27;[0m                       &amp#27;[90m# StepDefinitions.QueueStepDefinitions.the_user_clicks_on_get_started_link_for_queue()&amp#27;[0m
  &amp#27;[32mGiven &amp#27;[0m&amp#27;[32mThe user is on Queue Details page&amp#27;[0m                                  &amp#27;[90m# StepDefinitions.QueueStepDefinitions.the_user_is_on_queue_details_page()&amp#27;[0m
  &amp#27;[32mWhen &amp#27;[0m&amp#27;[32mThe user clicks on Implementation of Queue python link&amp#27;[0m              &amp#27;[90m# StepDefinitions.QueueStepDefinitions.the_user_clicks_on_implementation_of_queue_python_link()&amp#27;[0m
  &amp#27;[32mGiven &amp#27;[0m&amp#27;[32mThe user is on the DS Introduction page as signedIn&amp#27;[0m                             &amp#27;[90m# StepDefinitions.DSIntroductionDetails.the_user_is_on_the_ds_introduction_page_as_signed_in()&amp#27;[0m
  &amp#27;[32mThen &amp#27;[0m&amp#27;[32mThe user is on the Implimentation of Queue in Python page&amp#27;[0m           &amp#27;[90m# StepDefinitions.QueueStepDefinitions.the_user_is_on_the_implimentation_of_queue_in_python_page()&amp#27;[0m
[INFO ] 2024-12-17 11:52:29.722 [TestNG-PoolService-1] Hooks - ======================  Test Execution is completed!! ======================
]]></system-out>
    <system-err><![CDATA[Dec 17, 2024 11:52:30 AM org.openqa.selenium.devtools.CdpVersionFinder findNearestMatch
WARNING: Unable to find an exact match for CDP version 131, returning the closest version; found: 130; Please update to a Selenium version that supports CDP version 131
]]></system-err>
  </testcase>
  <testcase name="runScenario[&quot;Validate user can navigate to Implementations of Queue in Python&quot;, &quot;Queue Details page&quot;](105)" classname="TestRunners.TestRunner" time="1.14">
    <system-out><![CDATA[
Scenario: Error message displayed for invalid code on try editor for Implementation of Queue in python &amp#27;[90m# src/test/resources/Features/QueueDetails.feature:20&amp#27;[0m
]]></system-out>
  </testcase>
  <testcase name="runScenario[&quot;Validate user can open try editor page from Implementation of Queue in python&quot;, &quot;Queue Details page&quot;](106)" classname="TestRunners.TestRunner" time="2.422">
    <system-out><![CDATA[
Scenario: No error message displayed for empty code on try editor for Implementation of Queue in python &amp#27;[90m# src/test/resources/Features/QueueDetails.feature:25&amp#27;[0m
  &amp#27;[32mWhen &amp#27;[0m&amp#27;[32mThe user clicks on Get started link for Queue&amp#27;[0m                                    &amp#27;[90m# StepDefinitions.QueueStepDefinitions.the_user_clicks_on_get_started_link_for_queue()&amp#27;[0m
  &amp#27;[32mGiven &amp#27;[0m&amp#27;[32mThe user on implementation Queue in python page&amp#27;[0m                                 &amp#27;[90m# StepDefinitions.QueueStepDefinitions.the_user_on_implementation_queue_in_python_page()&amp#27;[0m
  &amp#27;[32mWhen &amp#27;[0m&amp#27;[32mUser clicks Try here link&amp#27;[0m                                                        &amp#27;[90m# StepDefinitions.DSIntroductionDetails.user_clicks_try_here_link()&amp#27;[0m
  &amp#27;[32mThen &amp#27;[0m&amp#27;[32mUser should navigate to tryEditor page&amp#27;[0m                                           &amp#27;[90m# StepDefinitions.DSIntroductionDetails.user_should_navigate_to_try_editor_page()&amp#27;[0m
[INFO ] 2024-12-17 11:52:32.372 [TestNG-PoolService-2] Hooks - ======================  Test Execution is completed!! ======================
]]></system-out>
    <system-err><![CDATA[Dec 17, 2024 11:52:32 AM org.openqa.selenium.devtools.CdpVersionFinder findNearestMatch
WARNING: Unable to find an exact match for CDP version 131, returning the closest version; found: 130; Please update to a Selenium version that supports CDP version 131
]]></system-err>
  </testcase>
  <testcase name="runScenario[&quot;Validate user can open try editor page from Implementation of Queue in python&quot;, &quot;Queue Details page&quot;](106)" classname="TestRunners.TestRunner" time="8.431">
    <system-out><![CDATA[
Scenario: No error message displayed for empty code on try editor for Implementation of Queue in python &amp#27;[90m# src/test/resources/Features/QueueDetails.feature:25&amp#27;[0m
  &amp#27;[32mGiven &amp#27;[0m&amp#27;[32mThe user is on the DS Introduction page as signedIn&amp#27;[0m                             &amp#27;[90m# StepDefinitions.DSIntroductionDetails.the_user_is_on_the_ds_introduction_page_as_signed_in()&amp#27;[0m
  &amp#27;[32mGiven &amp#27;[0m&amp#27;[32mThe user is on the DS Introduction page as signedIn&amp#27;[0m                                            &amp#27;[90m# StepDefinitions.DSIntroductionDetails.the_user_is_on_the_ds_introduction_page_as_signed_in()&amp#27;[0m
  &amp#27;[32mWhen &amp#27;[0m&amp#27;[32mThe user clicks on Get started link for Queue&amp#27;[0m                                    &amp#27;[90m# StepDefinitions.QueueStepDefinitions.the_user_clicks_on_get_started_link_for_queue()&amp#27;[0m
  &amp#27;[32mGiven &amp#27;[0m&amp#27;[32mThe user on implementation Queue in python page&amp#27;[0m                                 &amp#27;[90m# StepDefinitions.QueueStepDefinitions.the_user_on_implementation_queue_in_python_page()&amp#27;[0m
  &amp#27;[32mWhen &amp#27;[0m&amp#27;[32mThe user clicks on Get started link for Queue&amp#27;[0m                                                   &amp#27;[90m# StepDefinitions.QueueStepDefinitions.the_user_clicks_on_get_started_link_for_queue()&amp#27;[0m
  &amp#27;[32mGiven &amp#27;[0m&amp#27;[32mThe user is on the DS Introduction page as signedIn&amp#27;[0m                                             &amp#27;[90m# StepDefinitions.DSIntroductionDetails.the_user_is_on_the_ds_introduction_page_as_signed_in()&amp#27;[0m
  &amp#27;[32mGiven &amp#27;[0m&amp#27;[32mThe user on implementation Queue in python page&amp#27;[0m                                                &amp#27;[90m# StepDefinitions.QueueStepDefinitions.the_user_on_implementation_queue_in_python_page()&amp#27;[0m
  &amp#27;[32mWhen &amp#27;[0m&amp#27;[32mThe user clicks on Get started link for Queue&amp#27;[0m                                                    &amp#27;[90m# StepDefinitions.QueueStepDefinitions.the_user_clicks_on_get_started_link_for_queue()&amp#27;[0m
  &amp#27;[32mWhen &amp#27;[0m&amp#27;[32mUser clicks Try here link&amp#27;[0m                                                        &amp#27;[90m# StepDefinitions.DSIntroductionDetails.user_clicks_try_here_link()&amp#27;[0m
  &amp#27;[32mGiven &amp#27;[0m&amp#27;[32mThe user on implementation Queue in python page&amp#27;[0m                                                 &amp#27;[90m# StepDefinitions.QueueStepDefinitions.the_user_on_implementation_queue_in_python_page()&amp#27;[0m
  &amp#27;[32mThen &amp#27;[0m&amp#27;[32mUser should navigate to tryEditor page&amp#27;[0m                                           &amp#27;[90m# StepDefinitions.DSIntroductionDetails.user_should_navigate_to_try_editor_page()&amp#27;[0m
[INFO ] 2024-12-17 12:21:09.756 [TestNG-PoolService-2] Hooks - ======================  Test Execution is completed!! ======================
  &amp#27;[31mWhen &amp#27;[0m&amp#27;[31mUser writes invalid code and clicks run button&amp#27;[0m                                                  &amp#27;[90m# StepDefinitions.DSIntroductionDetails.user_writes_invalid_code_and_clicks_run_button()&amp#27;[0m
      &amp#27;[31morg.openqa.selenium.ElementNotInteractableException: element not interactable
  (Session info: MicrosoftEdge=131.0.2903.99)
Build info: version: '4.26.0', revision: '8ccf0219d7'
System info: os.name: 'Windows 11', os.arch: 'amd64', os.version: '10.0', java.version: '21.0.5'
Driver info: org.openqa.selenium.edge.EdgeDriver
Command: [c853bf0190572f75a9ecc9f8104acefc, sendKeysToElement {value=[Ljava.lang.CharSequence;@5ebfb7b5, id=f.0A963E484FEE8FA67475FB8C22D61931.d.86E1F5B4E06064FD9BDFC5FF805E6A1C.e.36}]
Capabilities {acceptInsecureCerts: false, browserName: MicrosoftEdge, browserVersion: 131.0.2903.99, fedcm:accounts: true, ms:edgeOptions: {debuggerAddress: localhost:55080}, msedge: {msedgedriverVersion: 131.0.2903.99 (f96a870b1316..., userDataDir: C:\Users\vamsh\AppData\Loca...}, networkConnectionEnabled: false, pageLoadStrategy: normal, platformName: windows, proxy: Proxy(), se:cdp: ws://localhost:55080/devtoo..., se:cdpVersion: 131.0.2903.99, setWindowRect: true, strictFileInteractability: false, timeouts: {implicit: 0, pageLoad: 300000, script: 30000}, unhandledPromptBehavior: dismiss and notify, webauthn:extension:credBlob: true, webauthn:extension:largeBlob: true, webauthn:extension:minPinLength: true, webauthn:extension:prf: true, webauthn:virtualAuthenticators: true}
Element: [[EdgeDriver: MicrosoftEdge on windows (c853bf0190572f75a9ecc9f8104acefc)] -> css selector: .CodeMirror textarea]
Session ID: c853bf0190572f75a9ecc9f8104acefc
	at java.base/jdk.internal.reflect.DirectConstructorHandleAccessor.newInstance(DirectConstructorHandleAccessor.java:62)
	at java.base/java.lang.reflect.Constructor.newInstanceWithCaller(Constructor.java:502)
	at java.base/java.lang.reflect.Constructor.newInstance(Constructor.java:486)
	at org.openqa.selenium.remote.ErrorCodec.decode(ErrorCodec.java:167)
	at org.openqa.selenium.remote.codec.w3c.W3CHttpResponseCodec.decode(W3CHttpResponseCodec.java:138)
	at org.openqa.selenium.remote.codec.w3c.W3CHttpResponseCodec.decode(W3CHttpResponseCodec.java:50)
	at org.openqa.selenium.remote.HttpCommandExecutor.execute(HttpCommandExecutor.java:190)
	at org.openqa.selenium.remote.service.DriverCommandExecutor.invokeExecute(DriverCommandExecutor.java:216)
	at org.openqa.selenium.remote.service.DriverCommandExecutor.execute(DriverCommandExecutor.java:174)
	at org.openqa.selenium.remote.RemoteWebDriver.execute(RemoteWebDriver.java:545)
	at org.openqa.selenium.remote.RemoteWebElement.execute(RemoteWebElement.java:223)
	at org.openqa.selenium.remote.RemoteWebElement.sendKeys(RemoteWebElement.java:110)
	at PageObjects.IntroductionPage.enterCodeInEditor(IntroductionPage.java:82)
	at StepDefinitions.DSIntroductionDetails.user_writes_invalid_code_and_clicks_run_button(DSIntroductionDetails.java:184)
	at ✽.User writes invalid code and clicks run button(file:///C:/Projects/newFolder-3/Repo1/src/test/resources/Features/QueueDetails.feature:22)
&amp#27;[0m
  &amp#27;[36mThen &amp#27;[0m&amp#27;[36mThe user should able to see an error message in alert window&amp#27;[0m                                    &amp#27;[90m# StepDefinitions.DSIntroductionDetails.the_user_should_able_to_see_an_error_message_in_alert_window()&amp#27;[0m
[ERROR] 2024-12-17 12:21:10.214 [TestNG-PoolService-1] Hooks - ======================  TEST CASE FAILED !! ======================

    Embedding screenshot [image/png 7890 bytes]

[INFO ] 2024-12-17 12:21:10.384 [TestNG-PoolService-1] Hooks - ======================  Screenshot is captured  ======================
[INFO ] 2024-12-17 12:21:10.385 [TestNG-PoolService-1] Hooks - ======================  Test Execution is completed!! ======================
  &amp#27;[32mWhen &amp#27;[0m&amp#27;[32mUser writes invalid code and clicks run button&amp#27;[0m                                                   &amp#27;[90m# StepDefinitions.DSIntroductionDetails.user_writes_invalid_code_and_clicks_run_button()&amp#27;[0m
  &amp#27;[32mThen &amp#27;[0m&amp#27;[32mThe user should able to see an error message in alert window&amp#27;[0m                                     &amp#27;[90m# StepDefinitions.DSIntroductionDetails.the_user_should_able_to_see_an_error_message_in_alert_window()&amp#27;[0m
[INFO ] 2024-12-17 12:21:10.891 [TestNG-PoolService-3] Hooks - ======================  Test Execution is completed!! ======================
]]></system-out>
    <system-err><![CDATA[Dec 17, 2024 12:21:03 PM org.openqa.selenium.devtools.CdpVersionFinder findNearestMatch
WARNING: Unable to find an exact match for CDP version 131, returning the closest version; found: 130; Please update to a Selenium version that supports CDP version 131
Dec 17, 2024 12:21:04 PM org.openqa.selenium.devtools.CdpVersionFinder findNearestMatch
WARNING: Unable to find an exact match for CDP version 131, returning the closest version; found: 130; Please update to a Selenium version that supports CDP version 131
Dec 17, 2024 12:21:06 PM org.openqa.selenium.devtools.CdpVersionFinder findNearestMatch
WARNING: Unable to find an exact match for CDP version 131, returning the closest version; found: 130; Please update to a Selenium version that supports CDP version 131
]]></system-err>
  </testcase>
  <testcase name="runScenario[&quot;Error message displayed for invalid code on try editor for Implementation of Queue in python&quot;, &quot;Queue Details page&quot;](107)" classname="TestRunners.TestRunner" time="3.91">
    <failure message="element not interactable&#10;  (Session info: chrome=131.0.6778.140)&#10;Build info: version: &apos;4.26.0&apos;, revision: &apos;8ccf0219d7&apos;&#10;System info: os.name: &apos;Windows 11&apos;, os.arch: &apos;amd64&apos;, os.version: &apos;10.0&apos;, java.version: &apos;21.0.5&apos;&#10;Driver info: org.openqa.selenium.chrome.ChromeDriver&#10;Command: [d9a347255ca2383721939f7cd6e364c3, sendKeysToElement {value=[Ljava.lang.CharSequence;@29bd189e, id=f.D93428E9045A74E83D66CB2B75FF5CA3.d.B014178D37D54BBD5DB7B525C0C9B963.e.49}]&#10;Capabilities {acceptInsecureCerts: false, browserName: chrome, browserVersion: 131.0.6778.140, chrome: {chromedriverVersion: 131.0.6778.108 (3b014839fbc..., userDataDir: C:\Users\vamsh\AppData\Loca...}, fedcm:accounts: true, goog:chromeOptions: {debuggerAddress: localhost:59985}, networkConnectionEnabled: false, pageLoadStrategy: normal, platformName: windows, proxy: Proxy(), se:cdp: ws://localhost:59985/devtoo..., se:cdpVersion: 131.0.6778.140, setWindowRect: true, strictFileInteractability: false, timeouts: {implicit: 0, pageLoad: 300000, script: 30000}, unhandledPromptBehavior: dismiss and notify, webauthn:extension:credBlob: true, webauthn:extension:largeBlob: true, webauthn:extension:minPinLength: true, webauthn:extension:prf: true, webauthn:virtualAuthenticators: true}&#10;Element: [[ChromeDriver: chrome on windows (d9a347255ca2383721939f7cd6e364c3)] -&gt; css selector: .CodeMirror textarea]&#10;Session ID: d9a347255ca2383721939f7cd6e364c3" type="org.openqa.selenium.ElementNotInteractableException"><![CDATA[org.openqa.selenium.ElementNotInteractableException: 
element not interactable
  (Session info: chrome=131.0.6778.140)
Build info: version: '4.26.0', revision: '8ccf0219d7'
System info: os.name: 'Windows 11', os.arch: 'amd64', os.version: '10.0', java.version: '21.0.5'
Driver info: org.openqa.selenium.chrome.ChromeDriver
Command: [d9a347255ca2383721939f7cd6e364c3, sendKeysToElement {value=[Ljava.lang.CharSequence;@29bd189e, id=f.D93428E9045A74E83D66CB2B75FF5CA3.d.B014178D37D54BBD5DB7B525C0C9B963.e.49}]
Capabilities {acceptInsecureCerts: false, browserName: chrome, browserVersion: 131.0.6778.140, chrome: {chromedriverVersion: 131.0.6778.108 (3b014839fbc..., userDataDir: C:\Users\vamsh\AppData\Loca...}, fedcm:accounts: true, goog:chromeOptions: {debuggerAddress: localhost:59985}, networkConnectionEnabled: false, pageLoadStrategy: normal, platformName: windows, proxy: Proxy(), se:cdp: ws://localhost:59985/devtoo..., se:cdpVersion: 131.0.6778.140, setWindowRect: true, strictFileInteractability: false, timeouts: {implicit: 0, pageLoad: 300000, script: 30000}, unhandledPromptBehavior: dismiss and notify, webauthn:extension:credBlob: true, webauthn:extension:largeBlob: true, webauthn:extension:minPinLength: true, webauthn:extension:prf: true, webauthn:virtualAuthenticators: true}
Element: [[ChromeDriver: chrome on windows (d9a347255ca2383721939f7cd6e364c3)] -> css selector: .CodeMirror textarea]
Session ID: d9a347255ca2383721939f7cd6e364c3
]]></failure>
    <system-out><![CDATA[
Scenario: Valid code on try editor for Implementation of Queue in python runs successfully &amp#27;[90m# src/test/resources/Features/QueueDetails.feature:30&amp#27;[0m
  &amp#27;[32mGiven &amp#27;[0m&amp#27;[32mThe user is on the DS Introduction page as signedIn&amp#27;[0m                                            &amp#27;[90m# StepDefinitions.DSIntroductionDetails.the_user_is_on_the_ds_introduction_page_as_signed_in()&amp#27;[0m
  &amp#27;[32mWhen &amp#27;[0m&amp#27;[32mThe user clicks on Get started link for Queue&amp#27;[0m                                                   &amp#27;[90m# StepDefinitions.QueueStepDefinitions.the_user_clicks_on_get_started_link_for_queue()&amp#27;[0m
  &amp#27;[32mGiven &amp#27;[0m&amp#27;[32mThe user on implementation Queue in python page&amp#27;[0m                                                &amp#27;[90m# StepDefinitions.QueueStepDefinitions.the_user_on_implementation_queue_in_python_page()&amp#27;[0m
  &amp#27;[32mGiven &amp#27;[0m&amp#27;[32mThe user is on the DS Introduction page as signedIn&amp#27;[0m                                             &amp#27;[90m# StepDefinitions.DSIntroductionDetails.the_user_is_on_the_ds_introduction_page_as_signed_in()&amp#27;[0m
  &amp#27;[32mWhen &amp#27;[0m&amp#27;[32mThe user clicks on Get started link for Queue&amp#27;[0m                                                    &amp#27;[90m# StepDefinitions.QueueStepDefinitions.the_user_clicks_on_get_started_link_for_queue()&amp#27;[0m
  &amp#27;[31mWhen &amp#27;[0m&amp#27;[31mUser writes invalid code and clicks run button&amp#27;[0m                                                  &amp#27;[90m# StepDefinitions.DSIntroductionDetails.user_writes_invalid_code_and_clicks_run_button()&amp#27;[0m
      &amp#27;[31morg.openqa.selenium.ElementNotInteractableException: element not interactable
  (Session info: chrome=131.0.6778.140)
Build info: version: '4.26.0', revision: '8ccf0219d7'
System info: os.name: 'Windows 11', os.arch: 'amd64', os.version: '10.0', java.version: '21.0.5'
Driver info: org.openqa.selenium.chrome.ChromeDriver
Command: [d9a347255ca2383721939f7cd6e364c3, sendKeysToElement {value=[Ljava.lang.CharSequence;@29bd189e, id=f.D93428E9045A74E83D66CB2B75FF5CA3.d.B014178D37D54BBD5DB7B525C0C9B963.e.49}]
Capabilities {acceptInsecureCerts: false, browserName: chrome, browserVersion: 131.0.6778.140, chrome: {chromedriverVersion: 131.0.6778.108 (3b014839fbc..., userDataDir: C:\Users\vamsh\AppData\Loca...}, fedcm:accounts: true, goog:chromeOptions: {debuggerAddress: localhost:59985}, networkConnectionEnabled: false, pageLoadStrategy: normal, platformName: windows, proxy: Proxy(), se:cdp: ws://localhost:59985/devtoo..., se:cdpVersion: 131.0.6778.140, setWindowRect: true, strictFileInteractability: false, timeouts: {implicit: 0, pageLoad: 300000, script: 30000}, unhandledPromptBehavior: dismiss and notify, webauthn:extension:credBlob: true, webauthn:extension:largeBlob: true, webauthn:extension:minPinLength: true, webauthn:extension:prf: true, webauthn:virtualAuthenticators: true}
Element: [[ChromeDriver: chrome on windows (d9a347255ca2383721939f7cd6e364c3)] -> css selector: .CodeMirror textarea]
Session ID: d9a347255ca2383721939f7cd6e364c3
	at java.base/jdk.internal.reflect.DirectConstructorHandleAccessor.newInstance(DirectConstructorHandleAccessor.java:62)
	at java.base/java.lang.reflect.Constructor.newInstanceWithCaller(Constructor.java:502)
	at java.base/java.lang.reflect.Constructor.newInstance(Constructor.java:486)
	at org.openqa.selenium.remote.ErrorCodec.decode(ErrorCodec.java:167)
	at org.openqa.selenium.remote.codec.w3c.W3CHttpResponseCodec.decode(W3CHttpResponseCodec.java:138)
	at org.openqa.selenium.remote.codec.w3c.W3CHttpResponseCodec.decode(W3CHttpResponseCodec.java:50)
	at org.openqa.selenium.remote.HttpCommandExecutor.execute(HttpCommandExecutor.java:190)
	at org.openqa.selenium.remote.service.DriverCommandExecutor.invokeExecute(DriverCommandExecutor.java:216)
	at org.openqa.selenium.remote.service.DriverCommandExecutor.execute(DriverCommandExecutor.java:174)
	at org.openqa.selenium.remote.RemoteWebDriver.execute(RemoteWebDriver.java:545)
	at org.openqa.selenium.remote.RemoteWebElement.execute(RemoteWebElement.java:223)
	at org.openqa.selenium.remote.RemoteWebElement.sendKeys(RemoteWebElement.java:110)
	at PageObjects.IntroductionPage.enterCodeInEditor(IntroductionPage.java:82)
	at StepDefinitions.DSIntroductionDetails.user_writes_invalid_code_and_clicks_run_button(DSIntroductionDetails.java:184)
	at ✽.User writes invalid code and clicks run button(file:///C:/Projects/newFolder-3/Repo1/src/test/resources/Features/QueueDetails.feature:22)
&amp#27;[0m
  &amp#27;[36mThen &amp#27;[0m&amp#27;[36mThe user should able to see an error message in alert window&amp#27;[0m                                    &amp#27;[90m# StepDefinitions.DSIntroductionDetails.the_user_should_able_to_see_an_error_message_in_alert_window()&amp#27;[0m
[ERROR] 2024-12-17 11:52:36.207 [TestNG-PoolService-3] Hooks - ======================  TEST CASE FAILED !! ======================

    Embedding screenshot [image/png 7853 bytes]

[INFO ] 2024-12-17 11:52:36.412 [TestNG-PoolService-3] Hooks - ======================  Screenshot is captured  ======================
[INFO ] 2024-12-17 11:52:36.414 [TestNG-PoolService-3] Hooks - ======================  Test Execution is completed!! ======================
  &amp#27;[32mGiven &amp#27;[0m&amp#27;[32mThe user on implementation Queue in python page&amp#27;[0m                                                 &amp#27;[90m# StepDefinitions.QueueStepDefinitions.the_user_on_implementation_queue_in_python_page()&amp#27;[0m
]]></system-out>
    <system-err><![CDATA[Dec 17, 2024 11:52:34 AM org.openqa.selenium.devtools.CdpVersionFinder findNearestMatch
WARNING: Unable to find an exact match for CDP version 131, returning the closest version; found: 130; Please update to a Selenium version that supports CDP version 131
]]></system-err>
  </testcase>
  <testcase name="runScenario[&quot;Error message displayed for invalid code on try editor for Implementation of Queue in python&quot;, &quot;Queue Details page&quot;](107)" classname="TestRunners.TestRunner" time="0.835">
    <failure message="element not interactable&#10;  (Session info: MicrosoftEdge=131.0.2903.99)&#10;Build info: version: &apos;4.26.0&apos;, revision: &apos;8ccf0219d7&apos;&#10;System info: os.name: &apos;Windows 11&apos;, os.arch: &apos;amd64&apos;, os.version: &apos;10.0&apos;, java.version: &apos;21.0.5&apos;&#10;Driver info: org.openqa.selenium.edge.EdgeDriver&#10;Command: [c853bf0190572f75a9ecc9f8104acefc, sendKeysToElement {value=[Ljava.lang.CharSequence;@5ebfb7b5, id=f.0A963E484FEE8FA67475FB8C22D61931.d.86E1F5B4E06064FD9BDFC5FF805E6A1C.e.36}]&#10;Capabilities {acceptInsecureCerts: false, browserName: MicrosoftEdge, browserVersion: 131.0.2903.99, fedcm:accounts: true, ms:edgeOptions: {debuggerAddress: localhost:55080}, msedge: {msedgedriverVersion: 131.0.2903.99 (f96a870b1316..., userDataDir: C:\Users\vamsh\AppData\Loca...}, networkConnectionEnabled: false, pageLoadStrategy: normal, platformName: windows, proxy: Proxy(), se:cdp: ws://localhost:55080/devtoo..., se:cdpVersion: 131.0.2903.99, setWindowRect: true, strictFileInteractability: false, timeouts: {implicit: 0, pageLoad: 300000, script: 30000}, unhandledPromptBehavior: dismiss and notify, webauthn:extension:credBlob: true, webauthn:extension:largeBlob: true, webauthn:extension:minPinLength: true, webauthn:extension:prf: true, webauthn:virtualAuthenticators: true}&#10;Element: [[EdgeDriver: MicrosoftEdge on windows (c853bf0190572f75a9ecc9f8104acefc)] -&gt; css selector: .CodeMirror textarea]&#10;Session ID: c853bf0190572f75a9ecc9f8104acefc" type="org.openqa.selenium.ElementNotInteractableException"><![CDATA[org.openqa.selenium.ElementNotInteractableException: 
element not interactable
  (Session info: MicrosoftEdge=131.0.2903.99)
Build info: version: '4.26.0', revision: '8ccf0219d7'
System info: os.name: 'Windows 11', os.arch: 'amd64', os.version: '10.0', java.version: '21.0.5'
Driver info: org.openqa.selenium.edge.EdgeDriver
Command: [c853bf0190572f75a9ecc9f8104acefc, sendKeysToElement {value=[Ljava.lang.CharSequence;@5ebfb7b5, id=f.0A963E484FEE8FA67475FB8C22D61931.d.86E1F5B4E06064FD9BDFC5FF805E6A1C.e.36}]
Capabilities {acceptInsecureCerts: false, browserName: MicrosoftEdge, browserVersion: 131.0.2903.99, fedcm:accounts: true, ms:edgeOptions: {debuggerAddress: localhost:55080}, msedge: {msedgedriverVersion: 131.0.2903.99 (f96a870b1316..., userDataDir: C:\Users\vamsh\AppData\Loca...}, networkConnectionEnabled: false, pageLoadStrategy: normal, platformName: windows, proxy: Proxy(), se:cdp: ws://localhost:55080/devtoo..., se:cdpVersion: 131.0.2903.99, setWindowRect: true, strictFileInteractability: false, timeouts: {implicit: 0, pageLoad: 300000, script: 30000}, unhandledPromptBehavior: dismiss and notify, webauthn:extension:credBlob: true, webauthn:extension:largeBlob: true, webauthn:extension:minPinLength: true, webauthn:extension:prf: true, webauthn:virtualAuthenticators: true}
Element: [[EdgeDriver: MicrosoftEdge on windows (c853bf0190572f75a9ecc9f8104acefc)] -> css selector: .CodeMirror textarea]
Session ID: c853bf0190572f75a9ecc9f8104acefc
]]></failure>
    <system-out><![CDATA[
Scenario: Valid code on try editor for Implementation of Queue in python runs successfully &amp#27;[90m# src/test/resources/Features/QueueDetails.feature:30&amp#27;[0m
]]></system-out>
  </testcase>
  <testcase name="runScenario[&quot;No error message displayed for empty code on try editor for Implementation of Queue in python&quot;, &quot;Queue Details page&quot;](108)" classname="TestRunners.TestRunner" time="1.343">
    <failure message="element not interactable&#10;  (Session info: chrome=131.0.6778.140)&#10;Build info: version: &apos;4.26.0&apos;, revision: &apos;8ccf0219d7&apos;&#10;System info: os.name: &apos;Windows 11&apos;, os.arch: &apos;amd64&apos;, os.version: &apos;10.0&apos;, java.version: &apos;21.0.5&apos;&#10;Driver info: org.openqa.selenium.chrome.ChromeDriver&#10;Command: [ac0866c026638e3ea8dd503b1311ccfa, sendKeysToElement {value=[Ljava.lang.CharSequence;@748a52a7, id=f.C659B3C1EE89AD284DA7968105E62912.d.411B94E6EF516127BC9A2780B2EDEBCE.e.49}]&#10;Capabilities {acceptInsecureCerts: false, browserName: chrome, browserVersion: 131.0.6778.140, chrome: {chromedriverVersion: 131.0.6778.108 (3b014839fbc..., userDataDir: C:\Users\vamsh\AppData\Loca...}, fedcm:accounts: true, goog:chromeOptions: {debuggerAddress: localhost:60047}, networkConnectionEnabled: false, pageLoadStrategy: normal, platformName: windows, proxy: Proxy(), se:cdp: ws://localhost:60047/devtoo..., se:cdpVersion: 131.0.6778.140, setWindowRect: true, strictFileInteractability: false, timeouts: {implicit: 0, pageLoad: 300000, script: 30000}, unhandledPromptBehavior: dismiss and notify, webauthn:extension:credBlob: true, webauthn:extension:largeBlob: true, webauthn:extension:minPinLength: true, webauthn:extension:prf: true, webauthn:virtualAuthenticators: true}&#10;Element: [[ChromeDriver: chrome on windows (ac0866c026638e3ea8dd503b1311ccfa)] -&gt; css selector: .CodeMirror textarea]&#10;Session ID: ac0866c026638e3ea8dd503b1311ccfa" type="org.openqa.selenium.ElementNotInteractableException"><![CDATA[org.openqa.selenium.ElementNotInteractableException: 
element not interactable
  (Session info: chrome=131.0.6778.140)
Build info: version: '4.26.0', revision: '8ccf0219d7'
System info: os.name: 'Windows 11', os.arch: 'amd64', os.version: '10.0', java.version: '21.0.5'
Driver info: org.openqa.selenium.chrome.ChromeDriver
Command: [ac0866c026638e3ea8dd503b1311ccfa, sendKeysToElement {value=[Ljava.lang.CharSequence;@748a52a7, id=f.C659B3C1EE89AD284DA7968105E62912.d.411B94E6EF516127BC9A2780B2EDEBCE.e.49}]
Capabilities {acceptInsecureCerts: false, browserName: chrome, browserVersion: 131.0.6778.140, chrome: {chromedriverVersion: 131.0.6778.108 (3b014839fbc..., userDataDir: C:\Users\vamsh\AppData\Loca...}, fedcm:accounts: true, goog:chromeOptions: {debuggerAddress: localhost:60047}, networkConnectionEnabled: false, pageLoadStrategy: normal, platformName: windows, proxy: Proxy(), se:cdp: ws://localhost:60047/devtoo..., se:cdpVersion: 131.0.6778.140, setWindowRect: true, strictFileInteractability: false, timeouts: {implicit: 0, pageLoad: 300000, script: 30000}, unhandledPromptBehavior: dismiss and notify, webauthn:extension:credBlob: true, webauthn:extension:largeBlob: true, webauthn:extension:minPinLength: true, webauthn:extension:prf: true, webauthn:virtualAuthenticators: true}
Element: [[ChromeDriver: chrome on windows (ac0866c026638e3ea8dd503b1311ccfa)] -> css selector: .CodeMirror textarea]
Session ID: ac0866c026638e3ea8dd503b1311ccfa
]]></failure>
    <system-out><![CDATA[
Scenario: Validate user can navigate to Implementation using collections.deque &amp#27;[90m# src/test/resources/Features/QueueDetails.feature:35&amp#27;[0m
  &amp#27;[31mWhen &amp#27;[0m&amp#27;[31mUser writes invalid code and clicks run button&amp#27;[0m                                                   &amp#27;[90m# StepDefinitions.DSIntroductionDetails.user_writes_invalid_code_and_clicks_run_button()&amp#27;[0m
      &amp#27;[31morg.openqa.selenium.ElementNotInteractableException: element not interactable
  (Session info: chrome=131.0.6778.140)
Build info: version: '4.26.0', revision: '8ccf0219d7'
System info: os.name: 'Windows 11', os.arch: 'amd64', os.version: '10.0', java.version: '21.0.5'
Driver info: org.openqa.selenium.chrome.ChromeDriver
Command: [ac0866c026638e3ea8dd503b1311ccfa, sendKeysToElement {value=[Ljava.lang.CharSequence;@748a52a7, id=f.C659B3C1EE89AD284DA7968105E62912.d.411B94E6EF516127BC9A2780B2EDEBCE.e.49}]
Capabilities {acceptInsecureCerts: false, browserName: chrome, browserVersion: 131.0.6778.140, chrome: {chromedriverVersion: 131.0.6778.108 (3b014839fbc..., userDataDir: C:\Users\vamsh\AppData\Loca...}, fedcm:accounts: true, goog:chromeOptions: {debuggerAddress: localhost:60047}, networkConnectionEnabled: false, pageLoadStrategy: normal, platformName: windows, proxy: Proxy(), se:cdp: ws://localhost:60047/devtoo..., se:cdpVersion: 131.0.6778.140, setWindowRect: true, strictFileInteractability: false, timeouts: {implicit: 0, pageLoad: 300000, script: 30000}, unhandledPromptBehavior: dismiss and notify, webauthn:extension:credBlob: true, webauthn:extension:largeBlob: true, webauthn:extension:minPinLength: true, webauthn:extension:prf: true, webauthn:virtualAuthenticators: true}
Element: [[ChromeDriver: chrome on windows (ac0866c026638e3ea8dd503b1311ccfa)] -> css selector: .CodeMirror textarea]
Session ID: ac0866c026638e3ea8dd503b1311ccfa
	at java.base/jdk.internal.reflect.DirectConstructorHandleAccessor.newInstance(DirectConstructorHandleAccessor.java:62)
	at java.base/java.lang.reflect.Constructor.newInstanceWithCaller(Constructor.java:502)
	at java.base/java.lang.reflect.Constructor.newInstance(Constructor.java:486)
	at org.openqa.selenium.remote.ErrorCodec.decode(ErrorCodec.java:167)
	at org.openqa.selenium.remote.codec.w3c.W3CHttpResponseCodec.decode(W3CHttpResponseCodec.java:138)
	at org.openqa.selenium.remote.codec.w3c.W3CHttpResponseCodec.decode(W3CHttpResponseCodec.java:50)
	at org.openqa.selenium.remote.HttpCommandExecutor.execute(HttpCommandExecutor.java:190)
	at org.openqa.selenium.remote.service.DriverCommandExecutor.invokeExecute(DriverCommandExecutor.java:216)
	at org.openqa.selenium.remote.service.DriverCommandExecutor.execute(DriverCommandExecutor.java:174)
	at org.openqa.selenium.remote.RemoteWebDriver.execute(RemoteWebDriver.java:545)
	at org.openqa.selenium.remote.RemoteWebElement.execute(RemoteWebElement.java:223)
	at org.openqa.selenium.remote.RemoteWebElement.sendKeys(RemoteWebElement.java:110)
	at PageObjects.IntroductionPage.enterCodeInEditor(IntroductionPage.java:82)
	at StepDefinitions.DSIntroductionDetails.user_writes_invalid_code_and_clicks_run_button(DSIntroductionDetails.java:184)
	at ✽.User writes invalid code and clicks run button(file:///C:/Projects/newFolder-3/Repo1/src/test/resources/Features/QueueDetails.feature:27)
&amp#27;[0m
  &amp#27;[36mThen &amp#27;[0m&amp#27;[36mThe user should able to see an error message in alert window&amp#27;[0m                                     &amp#27;[90m# StepDefinitions.DSIntroductionDetails.the_user_should_able_to_see_an_error_message_in_alert_window()&amp#27;[0m
[ERROR] 2024-12-17 11:52:37.526 [TestNG-PoolService-1] Hooks - ======================  TEST CASE FAILED !! ======================

    Embedding screenshot [image/png 7853 bytes]

[INFO ] 2024-12-17 11:52:37.709 [TestNG-PoolService-1] Hooks - ======================  Screenshot is captured  ======================
[INFO ] 2024-12-17 11:52:37.711 [TestNG-PoolService-1] Hooks - ======================  Test Execution is completed!! ======================
  &amp#27;[32mGiven &amp#27;[0m&amp#27;[32mThe user is on the DS Introduction page as signedIn&amp#27;[0m                                &amp#27;[90m# StepDefinitions.DSIntroductionDetails.the_user_is_on_the_ds_introduction_page_as_signed_in()&amp#27;[0m
]]></system-out>
  </testcase>
  <testcase name="runScenario[&quot;No error message displayed for empty code on try editor for Implementation of Queue in python&quot;, &quot;Queue Details page&quot;](108)" classname="TestRunners.TestRunner" time="0.254">
    <system-out><![CDATA[
Scenario: Validate user can navigate to Implementation using collections.deque &amp#27;[90m# src/test/resources/Features/QueueDetails.feature:35&amp#27;[0m
]]></system-out>
  </testcase>
  <testcase name="runScenario[&quot;Valid code on try editor for Implementation of Queue in python runs successfully&quot;, &quot;Queue Details page&quot;](109)" classname="TestRunners.TestRunner" time="3.171">
    <failure message="element not interactable&#10;  (Session info: chrome=131.0.6778.140)&#10;Build info: version: &apos;4.26.0&apos;, revision: &apos;8ccf0219d7&apos;&#10;System info: os.name: &apos;Windows 11&apos;, os.arch: &apos;amd64&apos;, os.version: &apos;10.0&apos;, java.version: &apos;21.0.5&apos;&#10;Driver info: org.openqa.selenium.chrome.ChromeDriver&#10;Command: [42418d8e5675106973d1e50ea8498318, sendKeysToElement {value=[Ljava.lang.CharSequence;@74024807, id=f.5530344E77420CC6659A89B068E2EAB8.d.310B449E852F302F499787FE45F79C0B.e.51}]&#10;Capabilities {acceptInsecureCerts: false, browserName: chrome, browserVersion: 131.0.6778.140, chrome: {chromedriverVersion: 131.0.6778.108 (3b014839fbc..., userDataDir: C:\Users\vamsh\AppData\Loca...}, fedcm:accounts: true, goog:chromeOptions: {debuggerAddress: localhost:60096}, networkConnectionEnabled: false, pageLoadStrategy: normal, platformName: windows, proxy: Proxy(), se:cdp: ws://localhost:60096/devtoo..., se:cdpVersion: 131.0.6778.140, setWindowRect: true, strictFileInteractability: false, timeouts: {implicit: 0, pageLoad: 300000, script: 30000}, unhandledPromptBehavior: dismiss and notify, webauthn:extension:credBlob: true, webauthn:extension:largeBlob: true, webauthn:extension:minPinLength: true, webauthn:extension:prf: true, webauthn:virtualAuthenticators: true}&#10;Element: [[ChromeDriver: chrome on windows (42418d8e5675106973d1e50ea8498318)] -&gt; css selector: .CodeMirror textarea]&#10;Session ID: 42418d8e5675106973d1e50ea8498318" type="org.openqa.selenium.ElementNotInteractableException"><![CDATA[org.openqa.selenium.ElementNotInteractableException: 
element not interactable
  (Session info: chrome=131.0.6778.140)
Build info: version: '4.26.0', revision: '8ccf0219d7'
System info: os.name: 'Windows 11', os.arch: 'amd64', os.version: '10.0', java.version: '21.0.5'
Driver info: org.openqa.selenium.chrome.ChromeDriver
Command: [42418d8e5675106973d1e50ea8498318, sendKeysToElement {value=[Ljava.lang.CharSequence;@74024807, id=f.5530344E77420CC6659A89B068E2EAB8.d.310B449E852F302F499787FE45F79C0B.e.51}]
Capabilities {acceptInsecureCerts: false, browserName: chrome, browserVersion: 131.0.6778.140, chrome: {chromedriverVersion: 131.0.6778.108 (3b014839fbc..., userDataDir: C:\Users\vamsh\AppData\Loca...}, fedcm:accounts: true, goog:chromeOptions: {debuggerAddress: localhost:60096}, networkConnectionEnabled: false, pageLoadStrategy: normal, platformName: windows, proxy: Proxy(), se:cdp: ws://localhost:60096/devtoo..., se:cdpVersion: 131.0.6778.140, setWindowRect: true, strictFileInteractability: false, timeouts: {implicit: 0, pageLoad: 300000, script: 30000}, unhandledPromptBehavior: dismiss and notify, webauthn:extension:credBlob: true, webauthn:extension:largeBlob: true, webauthn:extension:minPinLength: true, webauthn:extension:prf: true, webauthn:virtualAuthenticators: true}
Element: [[ChromeDriver: chrome on windows (42418d8e5675106973d1e50ea8498318)] -> css selector: .CodeMirror textarea]
Session ID: 42418d8e5675106973d1e50ea8498318
]]></failure>
    <system-out><![CDATA[
Scenario: Validate user can open try editor page from Implementation using collections.deque &amp#27;[90m# src/test/resources/Features/QueueDetails.feature:40&amp#27;[0m
  &amp#27;[32mWhen &amp#27;[0m&amp#27;[32mThe user clicks on Get started link for Queue&amp#27;[0m                                       &amp#27;[90m# StepDefinitions.QueueStepDefinitions.the_user_clicks_on_get_started_link_for_queue()&amp#27;[0m
  &amp#27;[32mGiven &amp#27;[0m&amp#27;[32mThe user on implementation Queue in python page&amp#27;[0m                                    &amp#27;[90m# StepDefinitions.QueueStepDefinitions.the_user_on_implementation_queue_in_python_page()&amp#27;[0m
  &amp#27;[31mWhen &amp#27;[0m&amp#27;[31mUser writes valid code and clicks run button&amp#27;[0m                                        &amp#27;[90m# StepDefinitions.DSIntroductionDetails.user_writes_valid_code_and_clicks_run_button()&amp#27;[0m
      &amp#27;[31morg.openqa.selenium.ElementNotInteractableException: element not interactable
  (Session info: chrome=131.0.6778.140)
Build info: version: '4.26.0', revision: '8ccf0219d7'
System info: os.name: 'Windows 11', os.arch: 'amd64', os.version: '10.0', java.version: '21.0.5'
Driver info: org.openqa.selenium.chrome.ChromeDriver
Command: [42418d8e5675106973d1e50ea8498318, sendKeysToElement {value=[Ljava.lang.CharSequence;@74024807, id=f.5530344E77420CC6659A89B068E2EAB8.d.310B449E852F302F499787FE45F79C0B.e.51}]
Capabilities {acceptInsecureCerts: false, browserName: chrome, browserVersion: 131.0.6778.140, chrome: {chromedriverVersion: 131.0.6778.108 (3b014839fbc..., userDataDir: C:\Users\vamsh\AppData\Loca...}, fedcm:accounts: true, goog:chromeOptions: {debuggerAddress: localhost:60096}, networkConnectionEnabled: false, pageLoadStrategy: normal, platformName: windows, proxy: Proxy(), se:cdp: ws://localhost:60096/devtoo..., se:cdpVersion: 131.0.6778.140, setWindowRect: true, strictFileInteractability: false, timeouts: {implicit: 0, pageLoad: 300000, script: 30000}, unhandledPromptBehavior: dismiss and notify, webauthn:extension:credBlob: true, webauthn:extension:largeBlob: true, webauthn:extension:minPinLength: true, webauthn:extension:prf: true, webauthn:virtualAuthenticators: true}
Element: [[ChromeDriver: chrome on windows (42418d8e5675106973d1e50ea8498318)] -> css selector: .CodeMirror textarea]
Session ID: 42418d8e5675106973d1e50ea8498318
	at java.base/jdk.internal.reflect.DirectConstructorHandleAccessor.newInstance(DirectConstructorHandleAccessor.java:62)
	at java.base/java.lang.reflect.Constructor.newInstanceWithCaller(Constructor.java:502)
	at java.base/java.lang.reflect.Constructor.newInstance(Constructor.java:486)
	at org.openqa.selenium.remote.ErrorCodec.decode(ErrorCodec.java:167)
	at org.openqa.selenium.remote.codec.w3c.W3CHttpResponseCodec.decode(W3CHttpResponseCodec.java:138)
	at org.openqa.selenium.remote.codec.w3c.W3CHttpResponseCodec.decode(W3CHttpResponseCodec.java:50)
	at org.openqa.selenium.remote.HttpCommandExecutor.execute(HttpCommandExecutor.java:190)
	at org.openqa.selenium.remote.service.DriverCommandExecutor.invokeExecute(DriverCommandExecutor.java:216)
	at org.openqa.selenium.remote.service.DriverCommandExecutor.execute(DriverCommandExecutor.java:174)
	at org.openqa.selenium.remote.RemoteWebDriver.execute(RemoteWebDriver.java:545)
	at org.openqa.selenium.remote.RemoteWebElement.execute(RemoteWebElement.java:223)
	at org.openqa.selenium.remote.RemoteWebElement.sendKeys(RemoteWebElement.java:110)
	at PageObjects.IntroductionPage.enterCodeInEditor(IntroductionPage.java:82)
	at StepDefinitions.DSIntroductionDetails.user_writes_valid_code_and_clicks_run_button(DSIntroductionDetails.java:197)
	at ✽.User writes valid code and clicks run button(file:///C:/Projects/newFolder-3/Repo1/src/test/resources/Features/QueueDetails.feature:32)
&amp#27;[0m
  &amp#27;[36mThen &amp#27;[0m&amp#27;[36mThe user should able to see output in the console&amp#27;[0m                                   &amp#27;[90m# StepDefinitions.DSIntroductionDetails.the_user_should_able_to_see_output_in_the_console()&amp#27;[0m
[ERROR] 2024-12-17 11:52:40.389 [TestNG-PoolService-2] Hooks - ======================  TEST CASE FAILED !! ======================

    Embedding screenshot [image/png 7853 bytes]

[INFO ] 2024-12-17 11:52:40.660 [TestNG-PoolService-2] Hooks - ======================  Screenshot is captured  ======================
[INFO ] 2024-12-17 11:52:40.663 [TestNG-PoolService-2] Hooks - ======================  Test Execution is completed!! ======================
]]></system-out>
    <system-err><![CDATA[Dec 17, 2024 11:52:38 AM org.openqa.selenium.devtools.CdpVersionFinder findNearestMatch
WARNING: Unable to find an exact match for CDP version 131, returning the closest version; found: 130; Please update to a Selenium version that supports CDP version 131
Dec 17, 2024 11:52:40 AM org.openqa.selenium.devtools.CdpVersionFinder findNearestMatch
WARNING: Unable to find an exact match for CDP version 131, returning the closest version; found: 130; Please update to a Selenium version that supports CDP version 131
]]></system-err>
  </testcase>
  <testcase name="runScenario[&quot;Valid code on try editor for Implementation of Queue in python runs successfully&quot;, &quot;Queue Details page&quot;](109)" classname="TestRunners.TestRunner" time="8.047">
    <failure message="element not interactable&#10;  (Session info: MicrosoftEdge=131.0.2903.99)&#10;Build info: version: &apos;4.26.0&apos;, revision: &apos;8ccf0219d7&apos;&#10;System info: os.name: &apos;Windows 11&apos;, os.arch: &apos;amd64&apos;, os.version: &apos;10.0&apos;, java.version: &apos;21.0.5&apos;&#10;Driver info: org.openqa.selenium.edge.EdgeDriver&#10;Command: [16a588a37ea4fa9fc5f9b0d556fc6047, sendKeysToElement {value=[Ljava.lang.CharSequence;@2a4b8fb6, id=f.48828DAB0835801B0BB6AE121DD14128.d.61CBB5E91FF1100A6EDB992237A1E8D0.e.37}]&#10;Capabilities {acceptInsecureCerts: false, browserName: MicrosoftEdge, browserVersion: 131.0.2903.99, fedcm:accounts: true, ms:edgeOptions: {debuggerAddress: localhost:55294}, msedge: {msedgedriverVersion: 131.0.2903.99 (f96a870b1316..., userDataDir: C:\Users\vamsh\AppData\Loca...}, networkConnectionEnabled: false, pageLoadStrategy: normal, platformName: windows, proxy: Proxy(), se:cdp: ws://localhost:55294/devtoo..., se:cdpVersion: 131.0.2903.99, setWindowRect: true, strictFileInteractability: false, timeouts: {implicit: 0, pageLoad: 300000, script: 30000}, unhandledPromptBehavior: dismiss and notify, webauthn:extension:credBlob: true, webauthn:extension:largeBlob: true, webauthn:extension:minPinLength: true, webauthn:extension:prf: true, webauthn:virtualAuthenticators: true}&#10;Element: [[EdgeDriver: MicrosoftEdge on windows (16a588a37ea4fa9fc5f9b0d556fc6047)] -&gt; css selector: .CodeMirror textarea]&#10;Session ID: 16a588a37ea4fa9fc5f9b0d556fc6047" type="org.openqa.selenium.ElementNotInteractableException"><![CDATA[org.openqa.selenium.ElementNotInteractableException: 
element not interactable
  (Session info: MicrosoftEdge=131.0.2903.99)
Build info: version: '4.26.0', revision: '8ccf0219d7'
System info: os.name: 'Windows 11', os.arch: 'amd64', os.version: '10.0', java.version: '21.0.5'
Driver info: org.openqa.selenium.edge.EdgeDriver
Command: [16a588a37ea4fa9fc5f9b0d556fc6047, sendKeysToElement {value=[Ljava.lang.CharSequence;@2a4b8fb6, id=f.48828DAB0835801B0BB6AE121DD14128.d.61CBB5E91FF1100A6EDB992237A1E8D0.e.37}]
Capabilities {acceptInsecureCerts: false, browserName: MicrosoftEdge, browserVersion: 131.0.2903.99, fedcm:accounts: true, ms:edgeOptions: {debuggerAddress: localhost:55294}, msedge: {msedgedriverVersion: 131.0.2903.99 (f96a870b1316..., userDataDir: C:\Users\vamsh\AppData\Loca...}, networkConnectionEnabled: false, pageLoadStrategy: normal, platformName: windows, proxy: Proxy(), se:cdp: ws://localhost:55294/devtoo..., se:cdpVersion: 131.0.2903.99, setWindowRect: true, strictFileInteractability: false, timeouts: {implicit: 0, pageLoad: 300000, script: 30000}, unhandledPromptBehavior: dismiss and notify, webauthn:extension:credBlob: true, webauthn:extension:largeBlob: true, webauthn:extension:minPinLength: true, webauthn:extension:prf: true, webauthn:virtualAuthenticators: true}
Element: [[EdgeDriver: MicrosoftEdge on windows (16a588a37ea4fa9fc5f9b0d556fc6047)] -> css selector: .CodeMirror textarea]
Session ID: 16a588a37ea4fa9fc5f9b0d556fc6047
]]></failure>
    <system-out><![CDATA[
Scenario: Validate user can open try editor page from Implementation using collections.deque &amp#27;[90m# src/test/resources/Features/QueueDetails.feature:40&amp#27;[0m
  &amp#27;[32mGiven &amp#27;[0m&amp#27;[32mThe user is on the DS Introduction page as signedIn&amp#27;[0m                                &amp#27;[90m# StepDefinitions.DSIntroductionDetails.the_user_is_on_the_ds_introduction_page_as_signed_in()&amp#27;[0m
  &amp#27;[32mWhen &amp#27;[0m&amp#27;[32mThe user clicks on Get started link for Queue&amp#27;[0m                                       &amp#27;[90m# StepDefinitions.QueueStepDefinitions.the_user_clicks_on_get_started_link_for_queue()&amp#27;[0m
  &amp#27;[32mGiven &amp#27;[0m&amp#27;[32mThe user on implementation Queue in python page&amp#27;[0m                                    &amp#27;[90m# StepDefinitions.QueueStepDefinitions.the_user_on_implementation_queue_in_python_page()&amp#27;[0m
  &amp#27;[32mGiven &amp#27;[0m&amp#27;[32mThe user is on the DS Introduction page as signedIn&amp#27;[0m                    &amp#27;[90m# StepDefinitions.DSIntroductionDetails.the_user_is_on_the_ds_introduction_page_as_signed_in()&amp#27;[0m
  &amp#27;[32mGiven &amp#27;[0m&amp#27;[32mThe user is on the DS Introduction page as signedIn&amp#27;[0m                                  &amp#27;[90m# StepDefinitions.DSIntroductionDetails.the_user_is_on_the_ds_introduction_page_as_signed_in()&amp#27;[0m
  &amp#27;[32mWhen &amp#27;[0m&amp#27;[32mThe user clicks on Get started link for Queue&amp#27;[0m                           &amp#27;[90m# StepDefinitions.QueueStepDefinitions.the_user_clicks_on_get_started_link_for_queue()&amp#27;[0m
  &amp#27;[32mGiven &amp#27;[0m&amp#27;[32mThe user is on Queue Details page&amp#27;[0m                                      &amp#27;[90m# StepDefinitions.QueueStepDefinitions.the_user_is_on_queue_details_page()&amp#27;[0m
  &amp#27;[32mWhen &amp#27;[0m&amp#27;[32mThe user clicks on Get started link for Queue&amp#27;[0m                                         &amp#27;[90m# StepDefinitions.QueueStepDefinitions.the_user_clicks_on_get_started_link_for_queue()&amp#27;[0m
  &amp#27;[31mWhen &amp#27;[0m&amp#27;[31mUser writes valid code and clicks run button&amp#27;[0m                                        &amp#27;[90m# StepDefinitions.DSIntroductionDetails.user_writes_valid_code_and_clicks_run_button()&amp#27;[0m
      &amp#27;[31morg.openqa.selenium.ElementNotInteractableException: element not interactable
  (Session info: MicrosoftEdge=131.0.2903.99)
Build info: version: '4.26.0', revision: '8ccf0219d7'
System info: os.name: 'Windows 11', os.arch: 'amd64', os.version: '10.0', java.version: '21.0.5'
Driver info: org.openqa.selenium.edge.EdgeDriver
Command: [16a588a37ea4fa9fc5f9b0d556fc6047, sendKeysToElement {value=[Ljava.lang.CharSequence;@2a4b8fb6, id=f.48828DAB0835801B0BB6AE121DD14128.d.61CBB5E91FF1100A6EDB992237A1E8D0.e.37}]
Capabilities {acceptInsecureCerts: false, browserName: MicrosoftEdge, browserVersion: 131.0.2903.99, fedcm:accounts: true, ms:edgeOptions: {debuggerAddress: localhost:55294}, msedge: {msedgedriverVersion: 131.0.2903.99 (f96a870b1316..., userDataDir: C:\Users\vamsh\AppData\Loca...}, networkConnectionEnabled: false, pageLoadStrategy: normal, platformName: windows, proxy: Proxy(), se:cdp: ws://localhost:55294/devtoo..., se:cdpVersion: 131.0.2903.99, setWindowRect: true, strictFileInteractability: false, timeouts: {implicit: 0, pageLoad: 300000, script: 30000}, unhandledPromptBehavior: dismiss and notify, webauthn:extension:credBlob: true, webauthn:extension:largeBlob: true, webauthn:extension:minPinLength: true, webauthn:extension:prf: true, webauthn:virtualAuthenticators: true}
Element: [[EdgeDriver: MicrosoftEdge on windows (16a588a37ea4fa9fc5f9b0d556fc6047)] -> css selector: .CodeMirror textarea]
Session ID: 16a588a37ea4fa9fc5f9b0d556fc6047
	at java.base/jdk.internal.reflect.DirectConstructorHandleAccessor.newInstance(DirectConstructorHandleAccessor.java:62)
	at java.base/java.lang.reflect.Constructor.newInstanceWithCaller(Constructor.java:502)
	at java.base/java.lang.reflect.Constructor.newInstance(Constructor.java:486)
	at org.openqa.selenium.remote.ErrorCodec.decode(ErrorCodec.java:167)
	at org.openqa.selenium.remote.codec.w3c.W3CHttpResponseCodec.decode(W3CHttpResponseCodec.java:138)
	at org.openqa.selenium.remote.codec.w3c.W3CHttpResponseCodec.decode(W3CHttpResponseCodec.java:50)
	at org.openqa.selenium.remote.HttpCommandExecutor.execute(HttpCommandExecutor.java:190)
	at org.openqa.selenium.remote.service.DriverCommandExecutor.invokeExecute(DriverCommandExecutor.java:216)
	at org.openqa.selenium.remote.service.DriverCommandExecutor.execute(DriverCommandExecutor.java:174)
	at org.openqa.selenium.remote.RemoteWebDriver.execute(RemoteWebDriver.java:545)
	at org.openqa.selenium.remote.RemoteWebElement.execute(RemoteWebElement.java:223)
	at org.openqa.selenium.remote.RemoteWebElement.sendKeys(RemoteWebElement.java:110)
	at PageObjects.IntroductionPage.enterCodeInEditor(IntroductionPage.java:82)
	at StepDefinitions.DSIntroductionDetails.user_writes_valid_code_and_clicks_run_button(DSIntroductionDetails.java:197)
	at ✽.User writes valid code and clicks run button(file:///C:/Projects/newFolder-3/Repo1/src/test/resources/Features/QueueDetails.feature:32)
&amp#27;[0m
  &amp#27;[36mThen &amp#27;[0m&amp#27;[36mThe user should able to see output in the console&amp#27;[0m                                   &amp#27;[90m# StepDefinitions.DSIntroductionDetails.the_user_should_able_to_see_output_in_the_console()&amp#27;[0m
[ERROR] 2024-12-17 12:21:18.866 [TestNG-PoolService-2] Hooks - ======================  TEST CASE FAILED !! ======================

    Embedding screenshot [image/png 7890 bytes]

[INFO ] 2024-12-17 12:21:19.036 [TestNG-PoolService-2] Hooks - ======================  Screenshot is captured  ======================
[INFO ] 2024-12-17 12:21:19.037 [TestNG-PoolService-2] Hooks - ======================  Test Execution is completed!! ======================
  &amp#27;[32mWhen &amp#27;[0m&amp#27;[32mThe user click on Implementation using collections.deque link&amp#27;[0m           &amp#27;[90m# StepDefinitions.QueueStepDefinitions.the_user_click_on_implementation_using_collections_deque_link()&amp#27;[0m
  &amp#27;[32mThen &amp#27;[0m&amp#27;[32mthe user is navigated to Queue in collections.deque&amp#27;[0m                     &amp#27;[90m# StepDefinitions.QueueStepDefinitions.the_user_is_navigated_to_queue_in_collections_deque()&amp#27;[0m
  &amp#27;[32mGiven &amp#27;[0m&amp#27;[32mThe user on Implementation using collection.deque in python page&amp#27;[0m                     &amp#27;[90m# StepDefinitions.QueueStepDefinitions.the_user_on_implementation_using_collection_deque_in_python_page()&amp#27;[0m
[INFO ] 2024-12-17 12:21:19.266 [TestNG-PoolService-1] Hooks - ======================  Test Execution is completed!! ======================
  &amp#27;[32mWhen &amp#27;[0m&amp#27;[32mUser clicks Try here link&amp#27;[0m                                                             &amp#27;[90m# StepDefinitions.DSIntroductionDetails.user_clicks_try_here_link()&amp#27;[0m
  &amp#27;[32mThen &amp#27;[0m&amp#27;[32mUser should navigate to tryEditor page&amp#27;[0m                                                &amp#27;[90m# StepDefinitions.DSIntroductionDetails.user_should_navigate_to_try_editor_page()&amp#27;[0m
[INFO ] 2024-12-17 12:21:20.031 [TestNG-PoolService-3] Hooks - ======================  Test Execution is completed!! ======================
]]></system-out>
    <system-err><![CDATA[Dec 17, 2024 12:21:13 PM org.openqa.selenium.devtools.CdpVersionFinder findNearestMatch
WARNING: Unable to find an exact match for CDP version 131, returning the closest version; found: 130; Please update to a Selenium version that supports CDP version 131
Dec 17, 2024 12:21:15 PM org.openqa.selenium.devtools.CdpVersionFinder findNearestMatch
WARNING: Unable to find an exact match for CDP version 131, returning the closest version; found: 130; Please update to a Selenium version that supports CDP version 131
Dec 17, 2024 12:21:15 PM org.openqa.selenium.devtools.CdpVersionFinder findNearestMatch
WARNING: Unable to find an exact match for CDP version 131, returning the closest version; found: 130; Please update to a Selenium version that supports CDP version 131
]]></system-err>
  </testcase>
  <testcase name="runScenario[&quot;Validate user can navigate to Implementation using collections.deque&quot;, &quot;Queue Details page&quot;](110)" classname="TestRunners.TestRunner" time="2.307">
    <system-out><![CDATA[
Scenario: Error message displayed for invalid code on try editor for Implementation using collections.deque &amp#27;[90m# src/test/resources/Features/QueueDetails.feature:45&amp#27;[0m
  &amp#27;[32mGiven &amp#27;[0m&amp#27;[32mThe user is on the DS Introduction page as signedIn&amp#27;[0m                    &amp#27;[90m# StepDefinitions.DSIntroductionDetails.the_user_is_on_the_ds_introduction_page_as_signed_in()&amp#27;[0m
  &amp#27;[32mWhen &amp#27;[0m&amp#27;[32mThe user clicks on Get started link for Queue&amp#27;[0m                           &amp#27;[90m# StepDefinitions.QueueStepDefinitions.the_user_clicks_on_get_started_link_for_queue()&amp#27;[0m
  &amp#27;[32mGiven &amp#27;[0m&amp#27;[32mThe user is on Queue Details page&amp#27;[0m                                      &amp#27;[90m# StepDefinitions.QueueStepDefinitions.the_user_is_on_queue_details_page()&amp#27;[0m
  &amp#27;[32mWhen &amp#27;[0m&amp#27;[32mThe user click on Implementation using collections.deque link&amp#27;[0m           &amp#27;[90m# StepDefinitions.QueueStepDefinitions.the_user_click_on_implementation_using_collections_deque_link()&amp#27;[0m
  &amp#27;[32mGiven &amp#27;[0m&amp#27;[32mThe user is on the DS Introduction page as signedIn&amp#27;[0m                                  &amp#27;[90m# StepDefinitions.DSIntroductionDetails.the_user_is_on_the_ds_introduction_page_as_signed_in()&amp#27;[0m
  &amp#27;[32mThen &amp#27;[0m&amp#27;[32mthe user is navigated to Queue in collections.deque&amp#27;[0m                     &amp#27;[90m# StepDefinitions.QueueStepDefinitions.the_user_is_navigated_to_queue_in_collections_deque()&amp#27;[0m
[INFO ] 2024-12-17 11:52:43.096 [TestNG-PoolService-3] Hooks - ======================  Test Execution is completed!! ======================
  &amp#27;[32mWhen &amp#27;[0m&amp#27;[32mThe user clicks on Get started link for Queue&amp#27;[0m                                         &amp#27;[90m# StepDefinitions.QueueStepDefinitions.the_user_clicks_on_get_started_link_for_queue()&amp#27;[0m
]]></system-out>
    <system-err><![CDATA[Dec 17, 2024 11:52:43 AM org.openqa.selenium.devtools.CdpVersionFinder findNearestMatch
WARNING: Unable to find an exact match for CDP version 131, returning the closest version; found: 130; Please update to a Selenium version that supports CDP version 131
]]></system-err>
  </testcase>
  <testcase name="runScenario[&quot;Validate user can navigate to Implementation using collections.deque&quot;, &quot;Queue Details page&quot;](110)" classname="TestRunners.TestRunner" time="0.258">
    <system-out><![CDATA[
Scenario: Error message displayed for invalid code on try editor for Implementation using collections.deque &amp#27;[90m# src/test/resources/Features/QueueDetails.feature:45&amp#27;[0m
]]></system-out>
  </testcase>
  <testcase name="runScenario[&quot;Validate user can open try editor page from Implementation using collections.deque&quot;, &quot;Queue Details page&quot;](111)" classname="TestRunners.TestRunner" time="1.966">
    <system-out><![CDATA[
Scenario: No error message displayed for empty code on try editor for Implementation using collections.deque &amp#27;[90m# src/test/resources/Features/QueueDetails.feature:50&amp#27;[0m
  &amp#27;[32mGiven &amp#27;[0m&amp#27;[32mThe user on Implementation using collection.deque in python page&amp#27;[0m                     &amp#27;[90m# StepDefinitions.QueueStepDefinitions.the_user_on_implementation_using_collection_deque_in_python_page()&amp#27;[0m
  &amp#27;[32mWhen &amp#27;[0m&amp#27;[32mUser clicks Try here link&amp#27;[0m                                                             &amp#27;[90m# StepDefinitions.DSIntroductionDetails.user_clicks_try_here_link()&amp#27;[0m
  &amp#27;[32mThen &amp#27;[0m&amp#27;[32mUser should navigate to tryEditor page&amp#27;[0m                                                &amp#27;[90m# StepDefinitions.DSIntroductionDetails.user_should_navigate_to_try_editor_page()&amp#27;[0m
[INFO ] 2024-12-17 11:52:45.046 [TestNG-PoolService-1] Hooks - ======================  Test Execution is completed!! ======================
]]></system-out>
    <system-err><![CDATA[Dec 17, 2024 11:52:45 AM org.openqa.selenium.devtools.CdpVersionFinder findNearestMatch
WARNING: Unable to find an exact match for CDP version 131, returning the closest version; found: 130; Please update to a Selenium version that supports CDP version 131
]]></system-err>
  </testcase>
  <testcase name="runScenario[&quot;Validate user can open try editor page from Implementation using collections.deque&quot;, &quot;Queue Details page&quot;](111)" classname="TestRunners.TestRunner" time="1.993">
    <system-out><![CDATA[
Scenario: No error message displayed for empty code on try editor for Implementation using collections.deque &amp#27;[90m# src/test/resources/Features/QueueDetails.feature:50&amp#27;[0m
  &amp#27;[32mWhen &amp#27;[0m&amp#27;[32mUser clicks Try here link&amp#27;[0m                                                             &amp#27;[90m# StepDefinitions.DSIntroductionDetails.user_clicks_try_here_link()&amp#27;[0m
  &amp#27;[32mThen &amp#27;[0m&amp#27;[32mUser should navigate to tryEditor page&amp#27;[0m                                                &amp#27;[90m# StepDefinitions.DSIntroductionDetails.user_should_navigate_to_try_editor_page()&amp#27;[0m
[INFO ] 2024-12-17 12:06:21.661 [TestNG-PoolService-2] Hooks - ======================  Test Execution is completed!! ======================
]]></system-out>
  </testcase>
  <testcase name="runScenario[&quot;Validate user can open try editor page from Implementation using collections.deque&quot;, &quot;Queue Details page&quot;](111)" classname="TestRunners.TestRunner" time="0.615">
    <system-out><![CDATA[
Scenario: No error message displayed for empty code on try editor for Implementation using collections.deque &amp#27;[90m# src/test/resources/Features/QueueDetails.feature:50&amp#27;[0m
]]></system-out>
  </testcase>
  <testcase name="runScenario[&quot;Error message displayed for invalid code on try editor for Implementation using collections.deque&quot;, &quot;Queue Details page&quot;](112)" classname="TestRunners.TestRunner" time="3.371">
    <failure message="element not interactable&#10;  (Session info: chrome=131.0.6778.140)&#10;Build info: version: &apos;4.26.0&apos;, revision: &apos;8ccf0219d7&apos;&#10;System info: os.name: &apos;Windows 11&apos;, os.arch: &apos;amd64&apos;, os.version: &apos;10.0&apos;, java.version: &apos;21.0.5&apos;&#10;Driver info: org.openqa.selenium.chrome.ChromeDriver&#10;Command: [207eef4a9edb7b357947ea2dbfb860d5, sendKeysToElement {value=[Ljava.lang.CharSequence;@303afa11, id=f.1E13569C9E00B25B285E05773A1F593C.d.41D6B3D1D587D650B0E0B6C0EC80A40B.e.50}]&#10;Capabilities {acceptInsecureCerts: false, browserName: chrome, browserVersion: 131.0.6778.140, chrome: {chromedriverVersion: 131.0.6778.108 (3b014839fbc..., userDataDir: C:\Users\vamsh\AppData\Loca...}, fedcm:accounts: true, goog:chromeOptions: {debuggerAddress: localhost:60283}, networkConnectionEnabled: false, pageLoadStrategy: normal, platformName: windows, proxy: Proxy(), se:cdp: ws://localhost:60283/devtoo..., se:cdpVersion: 131.0.6778.140, setWindowRect: true, strictFileInteractability: false, timeouts: {implicit: 0, pageLoad: 300000, script: 30000}, unhandledPromptBehavior: dismiss and notify, webauthn:extension:credBlob: true, webauthn:extension:largeBlob: true, webauthn:extension:minPinLength: true, webauthn:extension:prf: true, webauthn:virtualAuthenticators: true}&#10;Element: [[ChromeDriver: chrome on windows (207eef4a9edb7b357947ea2dbfb860d5)] -&gt; css selector: .CodeMirror textarea]&#10;Session ID: 207eef4a9edb7b357947ea2dbfb860d5" type="org.openqa.selenium.ElementNotInteractableException"><![CDATA[org.openqa.selenium.ElementNotInteractableException: 
element not interactable
  (Session info: chrome=131.0.6778.140)
Build info: version: '4.26.0', revision: '8ccf0219d7'
System info: os.name: 'Windows 11', os.arch: 'amd64', os.version: '10.0', java.version: '21.0.5'
Driver info: org.openqa.selenium.chrome.ChromeDriver
Command: [207eef4a9edb7b357947ea2dbfb860d5, sendKeysToElement {value=[Ljava.lang.CharSequence;@303afa11, id=f.1E13569C9E00B25B285E05773A1F593C.d.41D6B3D1D587D650B0E0B6C0EC80A40B.e.50}]
Capabilities {acceptInsecureCerts: false, browserName: chrome, browserVersion: 131.0.6778.140, chrome: {chromedriverVersion: 131.0.6778.108 (3b014839fbc..., userDataDir: C:\Users\vamsh\AppData\Loca...}, fedcm:accounts: true, goog:chromeOptions: {debuggerAddress: localhost:60283}, networkConnectionEnabled: false, pageLoadStrategy: normal, platformName: windows, proxy: Proxy(), se:cdp: ws://localhost:60283/devtoo..., se:cdpVersion: 131.0.6778.140, setWindowRect: true, strictFileInteractability: false, timeouts: {implicit: 0, pageLoad: 300000, script: 30000}, unhandledPromptBehavior: dismiss and notify, webauthn:extension:credBlob: true, webauthn:extension:largeBlob: true, webauthn:extension:minPinLength: true, webauthn:extension:prf: true, webauthn:virtualAuthenticators: true}
Element: [[ChromeDriver: chrome on windows (207eef4a9edb7b357947ea2dbfb860d5)] -> css selector: .CodeMirror textarea]
Session ID: 207eef4a9edb7b357947ea2dbfb860d5
]]></failure>
    <system-out><![CDATA[
Scenario: Valid code on try editor for Implementation using collections.deque runs successfully &amp#27;[90m# src/test/resources/Features/QueueDetails.feature:55&amp#27;[0m
  &amp#27;[32mGiven &amp#27;[0m&amp#27;[32mThe user is on the DS Introduction page as signedIn&amp#27;[0m                                                 &amp#27;[90m# StepDefinitions.DSIntroductionDetails.the_user_is_on_the_ds_introduction_page_as_signed_in()&amp#27;[0m
  &amp#27;[32mWhen &amp#27;[0m&amp#27;[32mThe user clicks on Get started link for Queue&amp#27;[0m                                                        &amp#27;[90m# StepDefinitions.QueueStepDefinitions.the_user_clicks_on_get_started_link_for_queue()&amp#27;[0m
  &amp#27;[32mGiven &amp#27;[0m&amp#27;[32mThe user on Implementation using collection.deque in python page&amp#27;[0m                                    &amp#27;[90m# StepDefinitions.QueueStepDefinitions.the_user_on_implementation_using_collection_deque_in_python_page()&amp#27;[0m
  &amp#27;[32mGiven &amp#27;[0m&amp#27;[32mThe user is on the DS Introduction page as signedIn&amp#27;[0m                                                  &amp#27;[90m# StepDefinitions.DSIntroductionDetails.the_user_is_on_the_ds_introduction_page_as_signed_in()&amp#27;[0m
  &amp#27;[31mWhen &amp#27;[0m&amp#27;[31mUser writes invalid code and clicks run button&amp#27;[0m                                                       &amp#27;[90m# StepDefinitions.DSIntroductionDetails.user_writes_invalid_code_and_clicks_run_button()&amp#27;[0m
      &amp#27;[31morg.openqa.selenium.ElementNotInteractableException: element not interactable
  (Session info: chrome=131.0.6778.140)
Build info: version: '4.26.0', revision: '8ccf0219d7'
System info: os.name: 'Windows 11', os.arch: 'amd64', os.version: '10.0', java.version: '21.0.5'
Driver info: org.openqa.selenium.chrome.ChromeDriver
Command: [207eef4a9edb7b357947ea2dbfb860d5, sendKeysToElement {value=[Ljava.lang.CharSequence;@303afa11, id=f.1E13569C9E00B25B285E05773A1F593C.d.41D6B3D1D587D650B0E0B6C0EC80A40B.e.50}]
Capabilities {acceptInsecureCerts: false, browserName: chrome, browserVersion: 131.0.6778.140, chrome: {chromedriverVersion: 131.0.6778.108 (3b014839fbc..., userDataDir: C:\Users\vamsh\AppData\Loca...}, fedcm:accounts: true, goog:chromeOptions: {debuggerAddress: localhost:60283}, networkConnectionEnabled: false, pageLoadStrategy: normal, platformName: windows, proxy: Proxy(), se:cdp: ws://localhost:60283/devtoo..., se:cdpVersion: 131.0.6778.140, setWindowRect: true, strictFileInteractability: false, timeouts: {implicit: 0, pageLoad: 300000, script: 30000}, unhandledPromptBehavior: dismiss and notify, webauthn:extension:credBlob: true, webauthn:extension:largeBlob: true, webauthn:extension:minPinLength: true, webauthn:extension:prf: true, webauthn:virtualAuthenticators: true}
Element: [[ChromeDriver: chrome on windows (207eef4a9edb7b357947ea2dbfb860d5)] -> css selector: .CodeMirror textarea]
Session ID: 207eef4a9edb7b357947ea2dbfb860d5
	at java.base/jdk.internal.reflect.DirectConstructorHandleAccessor.newInstance(DirectConstructorHandleAccessor.java:62)
	at java.base/java.lang.reflect.Constructor.newInstanceWithCaller(Constructor.java:502)
	at java.base/java.lang.reflect.Constructor.newInstance(Constructor.java:486)
	at org.openqa.selenium.remote.ErrorCodec.decode(ErrorCodec.java:167)
	at org.openqa.selenium.remote.codec.w3c.W3CHttpResponseCodec.decode(W3CHttpResponseCodec.java:138)
	at org.openqa.selenium.remote.codec.w3c.W3CHttpResponseCodec.decode(W3CHttpResponseCodec.java:50)
	at org.openqa.selenium.remote.HttpCommandExecutor.execute(HttpCommandExecutor.java:190)
	at org.openqa.selenium.remote.service.DriverCommandExecutor.invokeExecute(DriverCommandExecutor.java:216)
	at org.openqa.selenium.remote.service.DriverCommandExecutor.execute(DriverCommandExecutor.java:174)
	at org.openqa.selenium.remote.RemoteWebDriver.execute(RemoteWebDriver.java:545)
	at org.openqa.selenium.remote.RemoteWebElement.execute(RemoteWebElement.java:223)
	at org.openqa.selenium.remote.RemoteWebElement.sendKeys(RemoteWebElement.java:110)
	at PageObjects.IntroductionPage.enterCodeInEditor(IntroductionPage.java:82)
	at StepDefinitions.DSIntroductionDetails.user_writes_invalid_code_and_clicks_run_button(DSIntroductionDetails.java:184)
	at ✽.User writes invalid code and clicks run button(file:///C:/Projects/newFolder-3/Repo1/src/test/resources/Features/QueueDetails.feature:47)
&amp#27;[0m
  &amp#27;[36mThen &amp#27;[0m&amp#27;[36mThe user should able to see an error message in alert window&amp#27;[0m                                         &amp#27;[90m# StepDefinitions.DSIntroductionDetails.the_user_should_able_to_see_an_error_message_in_alert_window()&amp#27;[0m
[ERROR] 2024-12-17 11:52:48.435 [TestNG-PoolService-2] Hooks - ======================  TEST CASE FAILED !! ======================
  &amp#27;[32mWhen &amp#27;[0m&amp#27;[32mThe user clicks on Get started link for Queue&amp#27;[0m                                                         &amp#27;[90m# StepDefinitions.QueueStepDefinitions.the_user_clicks_on_get_started_link_for_queue()&amp#27;[0m

    Embedding screenshot [image/png 7853 bytes]

[INFO ] 2024-12-17 11:52:48.622 [TestNG-PoolService-2] Hooks - ======================  Screenshot is captured  ======================
[INFO ] 2024-12-17 11:52:48.624 [TestNG-PoolService-2] Hooks - ======================  Test Execution is completed!! ======================
  &amp#27;[32mGiven &amp#27;[0m&amp#27;[32mThe user on Implementation using collection.deque in python page&amp#27;[0m                                     &amp#27;[90m# StepDefinitions.QueueStepDefinitions.the_user_on_implementation_using_collection_deque_in_python_page()&amp#27;[0m
]]></system-out>
    <system-err><![CDATA[Dec 17, 2024 11:52:47 AM org.openqa.selenium.devtools.CdpVersionFinder findNearestMatch
WARNING: Unable to find an exact match for CDP version 131, returning the closest version; found: 130; Please update to a Selenium version that supports CDP version 131
]]></system-err>
  </testcase>
  <testcase name="runScenario[&quot;Error message displayed for invalid code on try editor for Implementation using collections.deque&quot;, &quot;Queue Details page&quot;](112)" classname="TestRunners.TestRunner" time="11.234">
    <system-out><![CDATA[
Scenario: Valid code on try editor for Implementation using collections.deque runs successfully &amp#27;[90m# src/test/resources/Features/QueueDetails.feature:55&amp#27;[0m
  &amp#27;[32mGiven &amp#27;[0m&amp#27;[32mThe user is on the DS Introduction page as signedIn&amp#27;[0m                                                 &amp#27;[90m# StepDefinitions.DSIntroductionDetails.the_user_is_on_the_ds_introduction_page_as_signed_in()&amp#27;[0m
  &amp#27;[32mGiven &amp#27;[0m&amp#27;[32mThe user is on the DS Introduction page as signedIn&amp#27;[0m                                                  &amp#27;[90m# StepDefinitions.DSIntroductionDetails.the_user_is_on_the_ds_introduction_page_as_signed_in()&amp#27;[0m
  &amp#27;[32mWhen &amp#27;[0m&amp#27;[32mThe user clicks on Get started link for Queue&amp#27;[0m                                                        &amp#27;[90m# StepDefinitions.QueueStepDefinitions.the_user_clicks_on_get_started_link_for_queue()&amp#27;[0m
  &amp#27;[32mWhen &amp#27;[0m&amp#27;[32mThe user clicks on Get started link for Queue&amp#27;[0m                                                         &amp#27;[90m# StepDefinitions.QueueStepDefinitions.the_user_clicks_on_get_started_link_for_queue()&amp#27;[0m
  &amp#27;[32mGiven &amp#27;[0m&amp#27;[32mThe user on Implementation using collection.deque in python page&amp#27;[0m                                    &amp#27;[90m# StepDefinitions.QueueStepDefinitions.the_user_on_implementation_using_collection_deque_in_python_page()&amp#27;[0m
  &amp#27;[32mGiven &amp#27;[0m&amp#27;[32mThe user on Implementation using collection.deque in python page&amp#27;[0m                                     &amp#27;[90m# StepDefinitions.QueueStepDefinitions.the_user_on_implementation_using_collection_deque_in_python_page()&amp#27;[0m
  &amp#27;[32mGiven &amp#27;[0m&amp#27;[32mThe user is on the DS Introduction page as signedIn&amp#27;[0m                                     &amp#27;[90m# StepDefinitions.DSIntroductionDetails.the_user_is_on_the_ds_introduction_page_as_signed_in()&amp#27;[0m
  &amp#27;[32mWhen &amp#27;[0m&amp#27;[32mThe user clicks on Get started link for Queue&amp#27;[0m                                            &amp#27;[90m# StepDefinitions.QueueStepDefinitions.the_user_clicks_on_get_started_link_for_queue()&amp#27;[0m
  &amp#27;[32mWhen &amp#27;[0m&amp#27;[32mUser writes invalid code and clicks run button&amp#27;[0m                                                       &amp#27;[90m# StepDefinitions.DSIntroductionDetails.user_writes_invalid_code_and_clicks_run_button()&amp#27;[0m
  &amp#27;[32mThen &amp#27;[0m&amp#27;[32mThe user should able to see an error message in alert window&amp#27;[0m                                         &amp#27;[90m# StepDefinitions.DSIntroductionDetails.the_user_should_able_to_see_an_error_message_in_alert_window()&amp#27;[0m
[INFO ] 2024-12-17 12:06:32.291 [TestNG-PoolService-1] Hooks - ======================  Test Execution is completed!! ======================
  &amp#27;[32mGiven &amp#27;[0m&amp#27;[32mThe user on Implementation using collection.deque in python page&amp#27;[0m                        &amp#27;[90m# StepDefinitions.QueueStepDefinitions.the_user_on_implementation_using_collection_deque_in_python_page()&amp#27;[0m
  &amp#27;[32mWhen &amp#27;[0m&amp#27;[32mUser clicks on run button with empty code&amp#27;[0m                                                             &amp#27;[90m# StepDefinitions.DSIntroductionDetails.user_clicks_on_run_button_with_empty_code()&amp#27;[0m
  &amp#27;[32mThen &amp#27;[0m&amp#27;[32mThe user should not see any error message or alert&amp#27;[0m                                                    &amp#27;[90m# StepDefinitions.DSIntroductionDetails.the_user_should_not_see_any_error_message_or_alert()&amp#27;[0m
[INFO ] 2024-12-17 12:06:32.547 [TestNG-PoolService-3] Hooks - ======================  Test Execution is completed!! ======================
  &amp#27;[32mWhen &amp#27;[0m&amp#27;[32mUser writes valid code and clicks run button&amp#27;[0m                                             &amp#27;[90m# StepDefinitions.DSIntroductionDetails.user_writes_valid_code_and_clicks_run_button()&amp#27;[0m
  &amp#27;[32mThen &amp#27;[0m&amp#27;[32mThe user should able to see output in the console&amp#27;[0m                                        &amp#27;[90m# StepDefinitions.DSIntroductionDetails.the_user_should_able_to_see_output_in_the_console()&amp#27;[0m
[INFO ] 2024-12-17 12:06:34.080 [TestNG-PoolService-2] Hooks - ======================  Test Execution is completed!! ======================
]]></system-out>
  </testcase>
  <testcase name="runScenario[&quot;Error message displayed for invalid code on try editor for Implementation using collections.deque&quot;, &quot;Queue Details page&quot;](112)" classname="TestRunners.TestRunner" time="8.847">
    <failure message="element not interactable&#10;  (Session info: MicrosoftEdge=131.0.2903.99)&#10;Build info: version: &apos;4.26.0&apos;, revision: &apos;8ccf0219d7&apos;&#10;System info: os.name: &apos;Windows 11&apos;, os.arch: &apos;amd64&apos;, os.version: &apos;10.0&apos;, java.version: &apos;21.0.5&apos;&#10;Driver info: org.openqa.selenium.edge.EdgeDriver&#10;Command: [990caec42f08c181acdf81fa8eeb1e18, sendKeysToElement {value=[Ljava.lang.CharSequence;@6601e352, id=f.2D34F8E32CB28C292F414FF674BA0301.d.C9B71BBB2754067BD9E3C3C622CED8B2.e.37}]&#10;Capabilities {acceptInsecureCerts: false, browserName: MicrosoftEdge, browserVersion: 131.0.2903.99, fedcm:accounts: true, ms:edgeOptions: {debuggerAddress: localhost:55499}, msedge: {msedgedriverVersion: 131.0.2903.99 (f96a870b1316..., userDataDir: C:\Users\vamsh\AppData\Loca...}, networkConnectionEnabled: false, pageLoadStrategy: normal, platformName: windows, proxy: Proxy(), se:cdp: ws://localhost:55499/devtoo..., se:cdpVersion: 131.0.2903.99, setWindowRect: true, strictFileInteractability: false, timeouts: {implicit: 0, pageLoad: 300000, script: 30000}, unhandledPromptBehavior: dismiss and notify, webauthn:extension:credBlob: true, webauthn:extension:largeBlob: true, webauthn:extension:minPinLength: true, webauthn:extension:prf: true, webauthn:virtualAuthenticators: true}&#10;Element: [[EdgeDriver: MicrosoftEdge on windows (990caec42f08c181acdf81fa8eeb1e18)] -&gt; css selector: .CodeMirror textarea]&#10;Session ID: 990caec42f08c181acdf81fa8eeb1e18" type="org.openqa.selenium.ElementNotInteractableException"><![CDATA[org.openqa.selenium.ElementNotInteractableException: 
element not interactable
  (Session info: MicrosoftEdge=131.0.2903.99)
Build info: version: '4.26.0', revision: '8ccf0219d7'
System info: os.name: 'Windows 11', os.arch: 'amd64', os.version: '10.0', java.version: '21.0.5'
Driver info: org.openqa.selenium.edge.EdgeDriver
Command: [990caec42f08c181acdf81fa8eeb1e18, sendKeysToElement {value=[Ljava.lang.CharSequence;@6601e352, id=f.2D34F8E32CB28C292F414FF674BA0301.d.C9B71BBB2754067BD9E3C3C622CED8B2.e.37}]
Capabilities {acceptInsecureCerts: false, browserName: MicrosoftEdge, browserVersion: 131.0.2903.99, fedcm:accounts: true, ms:edgeOptions: {debuggerAddress: localhost:55499}, msedge: {msedgedriverVersion: 131.0.2903.99 (f96a870b1316..., userDataDir: C:\Users\vamsh\AppData\Loca...}, networkConnectionEnabled: false, pageLoadStrategy: normal, platformName: windows, proxy: Proxy(), se:cdp: ws://localhost:55499/devtoo..., se:cdpVersion: 131.0.2903.99, setWindowRect: true, strictFileInteractability: false, timeouts: {implicit: 0, pageLoad: 300000, script: 30000}, unhandledPromptBehavior: dismiss and notify, webauthn:extension:credBlob: true, webauthn:extension:largeBlob: true, webauthn:extension:minPinLength: true, webauthn:extension:prf: true, webauthn:virtualAuthenticators: true}
Element: [[EdgeDriver: MicrosoftEdge on windows (990caec42f08c181acdf81fa8eeb1e18)] -> css selector: .CodeMirror textarea]
Session ID: 990caec42f08c181acdf81fa8eeb1e18
]]></failure>
    <system-out><![CDATA[
Scenario: Valid code on try editor for Implementation using collections.deque runs successfully &amp#27;[90m# src/test/resources/Features/QueueDetails.feature:55&amp#27;[0m
  &amp#27;[32mGiven &amp#27;[0m&amp#27;[32mThe user is on the DS Introduction page as signedIn&amp#27;[0m                                                 &amp#27;[90m# StepDefinitions.DSIntroductionDetails.the_user_is_on_the_ds_introduction_page_as_signed_in()&amp#27;[0m
  &amp#27;[32mGiven &amp#27;[0m&amp#27;[32mThe user is on the DS Introduction page as signedIn&amp#27;[0m                                                  &amp#27;[90m# StepDefinitions.DSIntroductionDetails.the_user_is_on_the_ds_introduction_page_as_signed_in()&amp#27;[0m
  &amp#27;[32mWhen &amp#27;[0m&amp#27;[32mThe user clicks on Get started link for Queue&amp#27;[0m                                                        &amp#27;[90m# StepDefinitions.QueueStepDefinitions.the_user_clicks_on_get_started_link_for_queue()&amp#27;[0m
  &amp#27;[32mGiven &amp#27;[0m&amp#27;[32mThe user is on the DS Introduction page as signedIn&amp#27;[0m                                     &amp#27;[90m# StepDefinitions.DSIntroductionDetails.the_user_is_on_the_ds_introduction_page_as_signed_in()&amp#27;[0m
  &amp#27;[32mWhen &amp#27;[0m&amp#27;[32mThe user clicks on Get started link for Queue&amp#27;[0m                                                         &amp#27;[90m# StepDefinitions.QueueStepDefinitions.the_user_clicks_on_get_started_link_for_queue()&amp#27;[0m
  &amp#27;[32mGiven &amp#27;[0m&amp#27;[32mThe user on Implementation using collection.deque in python page&amp#27;[0m                                    &amp#27;[90m# StepDefinitions.QueueStepDefinitions.the_user_on_implementation_using_collection_deque_in_python_page()&amp#27;[0m
  &amp#27;[32mGiven &amp#27;[0m&amp#27;[32mThe user on Implementation using collection.deque in python page&amp#27;[0m                                     &amp#27;[90m# StepDefinitions.QueueStepDefinitions.the_user_on_implementation_using_collection_deque_in_python_page()&amp#27;[0m
  &amp#27;[32mWhen &amp#27;[0m&amp#27;[32mThe user clicks on Get started link for Queue&amp#27;[0m                                            &amp#27;[90m# StepDefinitions.QueueStepDefinitions.the_user_clicks_on_get_started_link_for_queue()&amp#27;[0m
  &amp#27;[32mGiven &amp#27;[0m&amp#27;[32mThe user on Implementation using collection.deque in python page&amp#27;[0m                        &amp#27;[90m# StepDefinitions.QueueStepDefinitions.the_user_on_implementation_using_collection_deque_in_python_page()&amp#27;[0m
  &amp#27;[31mWhen &amp#27;[0m&amp#27;[31mUser writes invalid code and clicks run button&amp#27;[0m                                                       &amp#27;[90m# StepDefinitions.DSIntroductionDetails.user_writes_invalid_code_and_clicks_run_button()&amp#27;[0m
      &amp#27;[31morg.openqa.selenium.ElementNotInteractableException: element not interactable
  (Session info: MicrosoftEdge=131.0.2903.99)
Build info: version: '4.26.0', revision: '8ccf0219d7'
System info: os.name: 'Windows 11', os.arch: 'amd64', os.version: '10.0', java.version: '21.0.5'
Driver info: org.openqa.selenium.edge.EdgeDriver
Command: [990caec42f08c181acdf81fa8eeb1e18, sendKeysToElement {value=[Ljava.lang.CharSequence;@6601e352, id=f.2D34F8E32CB28C292F414FF674BA0301.d.C9B71BBB2754067BD9E3C3C622CED8B2.e.37}]
Capabilities {acceptInsecureCerts: false, browserName: MicrosoftEdge, browserVersion: 131.0.2903.99, fedcm:accounts: true, ms:edgeOptions: {debuggerAddress: localhost:55499}, msedge: {msedgedriverVersion: 131.0.2903.99 (f96a870b1316..., userDataDir: C:\Users\vamsh\AppData\Loca...}, networkConnectionEnabled: false, pageLoadStrategy: normal, platformName: windows, proxy: Proxy(), se:cdp: ws://localhost:55499/devtoo..., se:cdpVersion: 131.0.2903.99, setWindowRect: true, strictFileInteractability: false, timeouts: {implicit: 0, pageLoad: 300000, script: 30000}, unhandledPromptBehavior: dismiss and notify, webauthn:extension:credBlob: true, webauthn:extension:largeBlob: true, webauthn:extension:minPinLength: true, webauthn:extension:prf: true, webauthn:virtualAuthenticators: true}
Element: [[EdgeDriver: MicrosoftEdge on windows (990caec42f08c181acdf81fa8eeb1e18)] -> css selector: .CodeMirror textarea]
Session ID: 990caec42f08c181acdf81fa8eeb1e18
	at java.base/jdk.internal.reflect.DirectConstructorHandleAccessor.newInstance(DirectConstructorHandleAccessor.java:62)
	at java.base/java.lang.reflect.Constructor.newInstanceWithCaller(Constructor.java:502)
	at java.base/java.lang.reflect.Constructor.newInstance(Constructor.java:486)
	at org.openqa.selenium.remote.ErrorCodec.decode(ErrorCodec.java:167)
	at org.openqa.selenium.remote.codec.w3c.W3CHttpResponseCodec.decode(W3CHttpResponseCodec.java:138)
	at org.openqa.selenium.remote.codec.w3c.W3CHttpResponseCodec.decode(W3CHttpResponseCodec.java:50)
	at org.openqa.selenium.remote.HttpCommandExecutor.execute(HttpCommandExecutor.java:190)
	at org.openqa.selenium.remote.service.DriverCommandExecutor.invokeExecute(DriverCommandExecutor.java:216)
	at org.openqa.selenium.remote.service.DriverCommandExecutor.execute(DriverCommandExecutor.java:174)
	at org.openqa.selenium.remote.RemoteWebDriver.execute(RemoteWebDriver.java:545)
	at org.openqa.selenium.remote.RemoteWebElement.execute(RemoteWebElement.java:223)
	at org.openqa.selenium.remote.RemoteWebElement.sendKeys(RemoteWebElement.java:110)
	at PageObjects.IntroductionPage.enterCodeInEditor(IntroductionPage.java:82)
	at StepDefinitions.DSIntroductionDetails.user_writes_invalid_code_and_clicks_run_button(DSIntroductionDetails.java:184)
	at ✽.User writes invalid code and clicks run button(file:///C:/Projects/newFolder-3/Repo1/src/test/resources/Features/QueueDetails.feature:47)
&amp#27;[0m
  &amp#27;[36mThen &amp#27;[0m&amp#27;[36mThe user should able to see an error message in alert window&amp#27;[0m                                         &amp#27;[90m# StepDefinitions.DSIntroductionDetails.the_user_should_able_to_see_an_error_message_in_alert_window()&amp#27;[0m
[ERROR] 2024-12-17 12:21:28.503 [TestNG-PoolService-2] Hooks - ======================  TEST CASE FAILED !! ======================
  &amp#27;[32mWhen &amp#27;[0m&amp#27;[32mUser clicks on run button with empty code&amp#27;[0m                                                             &amp#27;[90m# StepDefinitions.DSIntroductionDetails.user_clicks_on_run_button_with_empty_code()&amp#27;[0m

    Embedding screenshot [image/png 7890 bytes]

[INFO ] 2024-12-17 12:21:28.693 [TestNG-PoolService-2] Hooks - ======================  Screenshot is captured  ======================
[INFO ] 2024-12-17 12:21:28.695 [TestNG-PoolService-2] Hooks - ======================  Test Execution is completed!! ======================
  &amp#27;[32mThen &amp#27;[0m&amp#27;[32mThe user should not see any error message or alert&amp#27;[0m                                                    &amp#27;[90m# StepDefinitions.DSIntroductionDetails.the_user_should_not_see_any_error_message_or_alert()&amp#27;[0m
[INFO ] 2024-12-17 12:21:28.728 [TestNG-PoolService-1] Hooks - ======================  Test Execution is completed!! ======================
  &amp#27;[32mWhen &amp#27;[0m&amp#27;[32mUser writes valid code and clicks run button&amp#27;[0m                                             &amp#27;[90m# StepDefinitions.DSIntroductionDetails.user_writes_valid_code_and_clicks_run_button()&amp#27;[0m
  &amp#27;[32mThen &amp#27;[0m&amp#27;[32mThe user should able to see output in the console&amp#27;[0m                                        &amp#27;[90m# StepDefinitions.DSIntroductionDetails.the_user_should_able_to_see_output_in_the_console()&amp#27;[0m
[INFO ] 2024-12-17 12:21:29.181 [TestNG-PoolService-3] Hooks - ======================  Test Execution is completed!! ======================
]]></system-out>
    <system-err><![CDATA[Dec 17, 2024 12:21:23 PM org.openqa.selenium.devtools.CdpVersionFinder findNearestMatch
WARNING: Unable to find an exact match for CDP version 131, returning the closest version; found: 130; Please update to a Selenium version that supports CDP version 131
Dec 17, 2024 12:21:23 PM org.openqa.selenium.devtools.CdpVersionFinder findNearestMatch
WARNING: Unable to find an exact match for CDP version 131, returning the closest version; found: 130; Please update to a Selenium version that supports CDP version 131
Dec 17, 2024 12:21:24 PM org.openqa.selenium.devtools.CdpVersionFinder findNearestMatch
WARNING: Unable to find an exact match for CDP version 131, returning the closest version; found: 130; Please update to a Selenium version that supports CDP version 131
]]></system-err>
  </testcase>
  <testcase name="runScenario[&quot;No error message displayed for empty code on try editor for Implementation using collections.deque&quot;, &quot;Queue Details page&quot;](113)" classname="TestRunners.TestRunner" time="2.646">
    <system-out><![CDATA[
Scenario: Validate user can navigate to Implementation using collections.deque &amp#27;[90m# src/test/resources/Features/QueueDetails.feature:60&amp#27;[0m
  &amp#27;[32mGiven &amp#27;[0m&amp#27;[32mThe user is on the DS Introduction page as signedIn&amp#27;[0m                                     &amp#27;[90m# StepDefinitions.DSIntroductionDetails.the_user_is_on_the_ds_introduction_page_as_signed_in()&amp#27;[0m
  &amp#27;[32mWhen &amp#27;[0m&amp#27;[32mUser clicks on run button with empty code&amp#27;[0m                                                             &amp#27;[90m# StepDefinitions.DSIntroductionDetails.user_clicks_on_run_button_with_empty_code()&amp#27;[0m
  &amp#27;[32mWhen &amp#27;[0m&amp#27;[32mThe user clicks on Get started link for Queue&amp#27;[0m                                            &amp#27;[90m# StepDefinitions.QueueStepDefinitions.the_user_clicks_on_get_started_link_for_queue()&amp#27;[0m
  &amp#27;[32mThen &amp#27;[0m&amp#27;[32mThe user should not see any error message or alert&amp#27;[0m                                                    &amp#27;[90m# StepDefinitions.DSIntroductionDetails.the_user_should_not_see_any_error_message_or_alert()&amp#27;[0m
[INFO ] 2024-12-17 11:52:50.180 [TestNG-PoolService-3] Hooks - ======================  Test Execution is completed!! ======================
  &amp#27;[32mGiven &amp#27;[0m&amp#27;[32mThe user on Implementation using collection.deque in python page&amp#27;[0m                        &amp#27;[90m# StepDefinitions.QueueStepDefinitions.the_user_on_implementation_using_collection_deque_in_python_page()&amp#27;[0m
]]></system-out>
    <system-err><![CDATA[Dec 17, 2024 11:52:51 AM org.openqa.selenium.devtools.CdpVersionFinder findNearestMatch
WARNING: Unable to find an exact match for CDP version 131, returning the closest version; found: 130; Please update to a Selenium version that supports CDP version 131
]]></system-err>
  </testcase>
  <testcase name="runScenario[&quot;No error message displayed for empty code on try editor for Implementation using collections.deque&quot;, &quot;Queue Details page&quot;](113)" classname="TestRunners.TestRunner" time="0.104">
    <system-out><![CDATA[
Scenario: Validate user can navigate to Implementation using collections.deque &amp#27;[90m# src/test/resources/Features/QueueDetails.feature:60&amp#27;[0m
]]></system-out>
  </testcase>
  <testcase name="runScenario[&quot;No error message displayed for empty code on try editor for Implementation using collections.deque&quot;, &quot;Queue Details page&quot;](113)" classname="TestRunners.TestRunner" time="0.043">
    <system-out><![CDATA[
Scenario: Validate user can navigate to Implementation using collections.deque &amp#27;[90m# src/test/resources/Features/QueueDetails.feature:60&amp#27;[0m
]]></system-out>
  </testcase>
  <testcase name="runScenario[&quot;Valid code on try editor for Implementation using collections.deque runs successfully&quot;, &quot;Queue Details page&quot;](114)" classname="TestRunners.TestRunner" time="1.249">
    <failure message="element not interactable&#10;  (Session info: chrome=131.0.6778.140)&#10;Build info: version: &apos;4.26.0&apos;, revision: &apos;8ccf0219d7&apos;&#10;System info: os.name: &apos;Windows 11&apos;, os.arch: &apos;amd64&apos;, os.version: &apos;10.0&apos;, java.version: &apos;21.0.5&apos;&#10;Driver info: org.openqa.selenium.chrome.ChromeDriver&#10;Command: [8286e260dc0d283c5ae176e5cc4c7f0b, sendKeysToElement {value=[Ljava.lang.CharSequence;@2c3ffb1d, id=f.4372DED8C297AB018646DE203381D407.d.D0B44B1E768245C9720D68A4E9724084.e.50}]&#10;Capabilities {acceptInsecureCerts: false, browserName: chrome, browserVersion: 131.0.6778.140, chrome: {chromedriverVersion: 131.0.6778.108 (3b014839fbc..., userDataDir: C:\Users\vamsh\AppData\Loca...}, fedcm:accounts: true, goog:chromeOptions: {debuggerAddress: localhost:60375}, networkConnectionEnabled: false, pageLoadStrategy: normal, platformName: windows, proxy: Proxy(), se:cdp: ws://localhost:60375/devtoo..., se:cdpVersion: 131.0.6778.140, setWindowRect: true, strictFileInteractability: false, timeouts: {implicit: 0, pageLoad: 300000, script: 30000}, unhandledPromptBehavior: dismiss and notify, webauthn:extension:credBlob: true, webauthn:extension:largeBlob: true, webauthn:extension:minPinLength: true, webauthn:extension:prf: true, webauthn:virtualAuthenticators: true}&#10;Element: [[ChromeDriver: chrome on windows (8286e260dc0d283c5ae176e5cc4c7f0b)] -&gt; css selector: .CodeMirror textarea]&#10;Session ID: 8286e260dc0d283c5ae176e5cc4c7f0b" type="org.openqa.selenium.ElementNotInteractableException"><![CDATA[org.openqa.selenium.ElementNotInteractableException: 
element not interactable
  (Session info: chrome=131.0.6778.140)
Build info: version: '4.26.0', revision: '8ccf0219d7'
System info: os.name: 'Windows 11', os.arch: 'amd64', os.version: '10.0', java.version: '21.0.5'
Driver info: org.openqa.selenium.chrome.ChromeDriver
Command: [8286e260dc0d283c5ae176e5cc4c7f0b, sendKeysToElement {value=[Ljava.lang.CharSequence;@2c3ffb1d, id=f.4372DED8C297AB018646DE203381D407.d.D0B44B1E768245C9720D68A4E9724084.e.50}]
Capabilities {acceptInsecureCerts: false, browserName: chrome, browserVersion: 131.0.6778.140, chrome: {chromedriverVersion: 131.0.6778.108 (3b014839fbc..., userDataDir: C:\Users\vamsh\AppData\Loca...}, fedcm:accounts: true, goog:chromeOptions: {debuggerAddress: localhost:60375}, networkConnectionEnabled: false, pageLoadStrategy: normal, platformName: windows, proxy: Proxy(), se:cdp: ws://localhost:60375/devtoo..., se:cdpVersion: 131.0.6778.140, setWindowRect: true, strictFileInteractability: false, timeouts: {implicit: 0, pageLoad: 300000, script: 30000}, unhandledPromptBehavior: dismiss and notify, webauthn:extension:credBlob: true, webauthn:extension:largeBlob: true, webauthn:extension:minPinLength: true, webauthn:extension:prf: true, webauthn:virtualAuthenticators: true}
Element: [[ChromeDriver: chrome on windows (8286e260dc0d283c5ae176e5cc4c7f0b)] -> css selector: .CodeMirror textarea]
Session ID: 8286e260dc0d283c5ae176e5cc4c7f0b
]]></failure>
    <system-out><![CDATA[
Scenario: Validate user can open try editor page from Implementation using collections.deque &amp#27;[90m# src/test/resources/Features/QueueDetails.feature:65&amp#27;[0m
  &amp#27;[31mWhen &amp#27;[0m&amp#27;[31mUser writes valid code and clicks run button&amp#27;[0m                                             &amp#27;[90m# StepDefinitions.DSIntroductionDetails.user_writes_valid_code_and_clicks_run_button()&amp#27;[0m
      &amp#27;[31morg.openqa.selenium.ElementNotInteractableException: element not interactable
  (Session info: chrome=131.0.6778.140)
Build info: version: '4.26.0', revision: '8ccf0219d7'
System info: os.name: 'Windows 11', os.arch: 'amd64', os.version: '10.0', java.version: '21.0.5'
Driver info: org.openqa.selenium.chrome.ChromeDriver
Command: [8286e260dc0d283c5ae176e5cc4c7f0b, sendKeysToElement {value=[Ljava.lang.CharSequence;@2c3ffb1d, id=f.4372DED8C297AB018646DE203381D407.d.D0B44B1E768245C9720D68A4E9724084.e.50}]
Capabilities {acceptInsecureCerts: false, browserName: chrome, browserVersion: 131.0.6778.140, chrome: {chromedriverVersion: 131.0.6778.108 (3b014839fbc..., userDataDir: C:\Users\vamsh\AppData\Loca...}, fedcm:accounts: true, goog:chromeOptions: {debuggerAddress: localhost:60375}, networkConnectionEnabled: false, pageLoadStrategy: normal, platformName: windows, proxy: Proxy(), se:cdp: ws://localhost:60375/devtoo..., se:cdpVersion: 131.0.6778.140, setWindowRect: true, strictFileInteractability: false, timeouts: {implicit: 0, pageLoad: 300000, script: 30000}, unhandledPromptBehavior: dismiss and notify, webauthn:extension:credBlob: true, webauthn:extension:largeBlob: true, webauthn:extension:minPinLength: true, webauthn:extension:prf: true, webauthn:virtualAuthenticators: true}
Element: [[ChromeDriver: chrome on windows (8286e260dc0d283c5ae176e5cc4c7f0b)] -> css selector: .CodeMirror textarea]
Session ID: 8286e260dc0d283c5ae176e5cc4c7f0b
	at java.base/jdk.internal.reflect.DirectConstructorHandleAccessor.newInstance(DirectConstructorHandleAccessor.java:62)
	at java.base/java.lang.reflect.Constructor.newInstanceWithCaller(Constructor.java:502)
	at java.base/java.lang.reflect.Constructor.newInstance(Constructor.java:486)
	at org.openqa.selenium.remote.ErrorCodec.decode(ErrorCodec.java:167)
	at org.openqa.selenium.remote.codec.w3c.W3CHttpResponseCodec.decode(W3CHttpResponseCodec.java:138)
	at org.openqa.selenium.remote.codec.w3c.W3CHttpResponseCodec.decode(W3CHttpResponseCodec.java:50)
	at org.openqa.selenium.remote.HttpCommandExecutor.execute(HttpCommandExecutor.java:190)
	at org.openqa.selenium.remote.service.DriverCommandExecutor.invokeExecute(DriverCommandExecutor.java:216)
	at org.openqa.selenium.remote.service.DriverCommandExecutor.execute(DriverCommandExecutor.java:174)
	at org.openqa.selenium.remote.RemoteWebDriver.execute(RemoteWebDriver.java:545)
	at org.openqa.selenium.remote.RemoteWebElement.execute(RemoteWebElement.java:223)
	at org.openqa.selenium.remote.RemoteWebElement.sendKeys(RemoteWebElement.java:110)
	at PageObjects.IntroductionPage.enterCodeInEditor(IntroductionPage.java:82)
	at StepDefinitions.DSIntroductionDetails.user_writes_valid_code_and_clicks_run_button(DSIntroductionDetails.java:197)
	at ✽.User writes valid code and clicks run button(file:///C:/Projects/newFolder-3/Repo1/src/test/resources/Features/QueueDetails.feature:57)
&amp#27;[0m
  &amp#27;[36mThen &amp#27;[0m&amp#27;[36mThe user should able to see output in the console&amp#27;[0m                                        &amp#27;[90m# StepDefinitions.DSIntroductionDetails.the_user_should_able_to_see_output_in_the_console()&amp#27;[0m
[ERROR] 2024-12-17 11:52:52.324 [TestNG-PoolService-1] Hooks - ======================  TEST CASE FAILED !! ======================

    Embedding screenshot [image/png 7853 bytes]

[INFO ] 2024-12-17 11:52:52.535 [TestNG-PoolService-1] Hooks - ======================  Screenshot is captured  ======================
[INFO ] 2024-12-17 11:52:52.539 [TestNG-PoolService-1] Hooks - ======================  Test Execution is completed!! ======================
]]></system-out>
  </testcase>
  <testcase name="runScenario[&quot;Valid code on try editor for Implementation using collections.deque runs successfully&quot;, &quot;Queue Details page&quot;](114)" classname="TestRunners.TestRunner" time="0.842">
    <system-out><![CDATA[
Scenario: Validate user can open try editor page from Implementation using collections.deque &amp#27;[90m# src/test/resources/Features/QueueDetails.feature:65&amp#27;[0m
]]></system-out>
  </testcase>
  <testcase name="runScenario[&quot;Valid code on try editor for Implementation using collections.deque runs successfully&quot;, &quot;Queue Details page&quot;](114)" classname="TestRunners.TestRunner" time="0.321">
    <system-out><![CDATA[
Scenario: Validate user can open try editor page from Implementation using collections.deque &amp#27;[90m# src/test/resources/Features/QueueDetails.feature:65&amp#27;[0m
]]></system-out>
  </testcase>
  <testcase name="runScenario[&quot;Validate user can navigate to Implementation using collections.deque&quot;, &quot;Queue Details page&quot;](115)" classname="TestRunners.TestRunner" time="4.11">
    <system-out><![CDATA[
Scenario: Error message displayed for invalid code on try editor for Implementation using collections.deque &amp#27;[90m# src/test/resources/Features/QueueDetails.feature:70&amp#27;[0m
  &amp#27;[32mGiven &amp#27;[0m&amp#27;[32mThe user is on the DS Introduction page as signedIn&amp#27;[0m                    &amp#27;[90m# StepDefinitions.DSIntroductionDetails.the_user_is_on_the_ds_introduction_page_as_signed_in()&amp#27;[0m
  &amp#27;[32mWhen &amp#27;[0m&amp#27;[32mThe user clicks on Get started link for Queue&amp#27;[0m                           &amp#27;[90m# StepDefinitions.QueueStepDefinitions.the_user_clicks_on_get_started_link_for_queue()&amp#27;[0m
  &amp#27;[32mGiven &amp#27;[0m&amp#27;[32mThe user is on Queue Details page&amp#27;[0m                                      &amp#27;[90m# StepDefinitions.QueueStepDefinitions.the_user_is_on_queue_details_page()&amp#27;[0m
  &amp#27;[32mWhen &amp#27;[0m&amp#27;[32mThe user click on Queue Operations&amp#27;[0m                                      &amp#27;[90m# StepDefinitions.QueueStepDefinitions.the_user_click_on_queue_operations()&amp#27;[0m
  &amp#27;[32mThen &amp#27;[0m&amp#27;[32mthe user is navigated to Queue Operations Page&amp#27;[0m                          &amp#27;[90m# StepDefinitions.QueueStepDefinitions.the_user_is_navigated_to_queue_operations_page()&amp#27;[0m
[INFO ] 2024-12-17 11:52:56.358 [TestNG-PoolService-2] Hooks - ======================  Test Execution is completed!! ======================
  &amp#27;[32mGiven &amp#27;[0m&amp#27;[32mThe user is on the DS Introduction page as signedIn&amp#27;[0m                                  &amp#27;[90m# StepDefinitions.DSIntroductionDetails.the_user_is_on_the_ds_introduction_page_as_signed_in()&amp#27;[0m
]]></system-out>
    <system-err><![CDATA[Dec 17, 2024 11:52:53 AM org.openqa.selenium.devtools.CdpVersionFinder findNearestMatch
WARNING: Unable to find an exact match for CDP version 131, returning the closest version; found: 130; Please update to a Selenium version that supports CDP version 131
Dec 17, 2024 11:52:55 AM org.openqa.selenium.devtools.CdpVersionFinder findNearestMatch
WARNING: Unable to find an exact match for CDP version 131, returning the closest version; found: 130; Please update to a Selenium version that supports CDP version 131
]]></system-err>
  </testcase>
  <testcase name="runScenario[&quot;Validate user can navigate to Implementation using collections.deque&quot;, &quot;Queue Details page&quot;](115)" classname="TestRunners.TestRunner" time="11.638">
    <system-out><![CDATA[
Scenario: Error message displayed for invalid code on try editor for Implementation using collections.deque &amp#27;[90m# src/test/resources/Features/QueueDetails.feature:70&amp#27;[0m
  &amp#27;[32mGiven &amp#27;[0m&amp#27;[32mThe user is on the DS Introduction page as signedIn&amp#27;[0m                    &amp#27;[90m# StepDefinitions.DSIntroductionDetails.the_user_is_on_the_ds_introduction_page_as_signed_in()&amp#27;[0m
  &amp#27;[32mWhen &amp#27;[0m&amp#27;[32mThe user clicks on Get started link for Queue&amp#27;[0m                           &amp#27;[90m# StepDefinitions.QueueStepDefinitions.the_user_clicks_on_get_started_link_for_queue()&amp#27;[0m
  &amp#27;[32mGiven &amp#27;[0m&amp#27;[32mThe user is on Queue Details page&amp#27;[0m                                      &amp#27;[90m# StepDefinitions.QueueStepDefinitions.the_user_is_on_queue_details_page()&amp#27;[0m
  &amp#27;[32mWhen &amp#27;[0m&amp#27;[32mThe user click on Queue Operations&amp#27;[0m                                      &amp#27;[90m# StepDefinitions.QueueStepDefinitions.the_user_click_on_queue_operations()&amp#27;[0m
  &amp#27;[32mThen &amp#27;[0m&amp#27;[32mthe user is navigated to Queue Operations Page&amp#27;[0m                          &amp#27;[90m# StepDefinitions.QueueStepDefinitions.the_user_is_navigated_to_queue_operations_page()&amp#27;[0m
[INFO ] 2024-12-17 12:06:43.393 [TestNG-PoolService-1] Hooks - ======================  Test Execution is completed!! ======================
  &amp#27;[32mGiven &amp#27;[0m&amp#27;[32mThe user is on the DS Introduction page as signedIn&amp#27;[0m                                                 &amp#27;[90m# StepDefinitions.DSIntroductionDetails.the_user_is_on_the_ds_introduction_page_as_signed_in()&amp#27;[0m
  &amp#27;[32mGiven &amp#27;[0m&amp#27;[32mThe user is on the DS Introduction page as signedIn&amp#27;[0m                                  &amp#27;[90m# StepDefinitions.DSIntroductionDetails.the_user_is_on_the_ds_introduction_page_as_signed_in()&amp#27;[0m
  &amp#27;[32mWhen &amp#27;[0m&amp#27;[32mThe user clicks on Get started link for Queue&amp#27;[0m                                                        &amp#27;[90m# StepDefinitions.QueueStepDefinitions.the_user_clicks_on_get_started_link_for_queue()&amp#27;[0m
  &amp#27;[32mWhen &amp#27;[0m&amp#27;[32mThe user clicks on Get started link for Queue&amp#27;[0m                                         &amp#27;[90m# StepDefinitions.QueueStepDefinitions.the_user_clicks_on_get_started_link_for_queue()&amp#27;[0m
  &amp#27;[32mGiven &amp#27;[0m&amp#27;[32mThe user is on Queue Operations page&amp#27;[0m                                                                &amp#27;[90m# StepDefinitions.QueueStepDefinitions.the_user_is_on_queue_operations_page()&amp#27;[0m
  &amp#27;[32mGiven &amp#27;[0m&amp#27;[32mThe user is on Queue Operations page&amp#27;[0m                                                 &amp#27;[90m# StepDefinitions.QueueStepDefinitions.the_user_is_on_queue_operations_page()&amp#27;[0m
  &amp#27;[32mWhen &amp#27;[0m&amp#27;[32mUser writes invalid code and clicks run button&amp#27;[0m                                                       &amp#27;[90m# StepDefinitions.DSIntroductionDetails.user_writes_invalid_code_and_clicks_run_button()&amp#27;[0m
  &amp#27;[31mThen &amp#27;[0m&amp#27;[31mThe user should able to see an error message in alert window&amp#27;[0m                                         &amp#27;[90m# StepDefinitions.DSIntroductionDetails.the_user_should_able_to_see_an_error_message_in_alert_window()&amp#27;[0m
      &amp#27;[31morg.openqa.selenium.NoAlertPresentException: Build info: version: '4.26.0', revision: '8ccf0219d7'
System info: os.name: 'Windows 11', os.arch: 'amd64', os.version: '10.0', java.version: '21.0.5'
Driver info: org.openqa.selenium.firefox.FirefoxDriver
Command: [03e1abcc-f1a3-4d77-8167-a6c26be6d862, getAlertText {}]
Capabilities {acceptInsecureCerts: true, browserName: firefox, browserVersion: 133.0.3, moz:accessibilityChecks: false, moz:buildID: 20241209150345, moz:debuggerAddress: 127.0.0.1:35119, moz:geckodriverVersion: 0.35.0, moz:headless: false, moz:platformVersion: 10.0, moz:processID: 42112, moz:profile: C:\Users\vamsh\AppData\Loca..., moz:shutdownTimeout: 60000, moz:webdriverClick: true, moz:windowless: false, pageLoadStrategy: normal, platformName: windows, proxy: Proxy(), se:cdp: ws://127.0.0.1:35119/devtoo..., se:cdpVersion: 85.0, setWindowRect: true, strictFileInteractability: false, timeouts: {implicit: 0, pageLoad: 300000, script: 30000}, unhandledPromptBehavior: dismiss and notify, userAgent: Mozilla/5.0 (Windows NT 10....}
Session ID: 03e1abcc-f1a3-4d77-8167-a6c26be6d862
	at java.base/jdk.internal.reflect.DirectConstructorHandleAccessor.newInstance(DirectConstructorHandleAccessor.java:62)
	at java.base/java.lang.reflect.Constructor.newInstanceWithCaller(Constructor.java:502)
	at java.base/java.lang.reflect.Constructor.newInstance(Constructor.java:486)
	at org.openqa.selenium.remote.ErrorCodec.decode(ErrorCodec.java:167)
	at org.openqa.selenium.remote.codec.w3c.W3CHttpResponseCodec.decode(W3CHttpResponseCodec.java:138)
	at org.openqa.selenium.remote.codec.w3c.W3CHttpResponseCodec.decode(W3CHttpResponseCodec.java:50)
	at org.openqa.selenium.remote.HttpCommandExecutor.execute(HttpCommandExecutor.java:190)
	at org.openqa.selenium.remote.service.DriverCommandExecutor.invokeExecute(DriverCommandExecutor.java:216)
	at org.openqa.selenium.remote.service.DriverCommandExecutor.execute(DriverCommandExecutor.java:174)
	at org.openqa.selenium.remote.RemoteWebDriver.execute(RemoteWebDriver.java:545)
	at org.openqa.selenium.remote.RemoteWebDriver.execute(RemoteWebDriver.java:618)
	at org.openqa.selenium.remote.RemoteWebDriver.execute(RemoteWebDriver.java:622)
	at org.openqa.selenium.remote.RemoteWebDriver$RemoteTargetLocator.alert(RemoteWebDriver.java:1190)
	at PageObjects.IntroductionPage.getAlertText(IntroductionPage.java:134)
	at StepDefinitions.DSIntroductionDetails.the_user_should_able_to_see_an_error_message_in_alert_window(DSIntroductionDetails.java:203)
	at ✽.The user should able to see an error message in alert window(file:///C:/Projects/newFolder-3/Repo1/src/test/resources/Features/QueueDetails.feature:73)
&amp#27;[0m
[ERROR] 2024-12-17 12:06:45.492 [TestNG-PoolService-2] Hooks - ======================  TEST CASE FAILED !! ======================

    Embedding screenshot [image/png 37860 bytes]

[INFO ] 2024-12-17 12:06:45.549 [TestNG-PoolService-2] Hooks - ======================  Screenshot is captured  ======================
[INFO ] 2024-12-17 12:06:45.550 [TestNG-PoolService-2] Hooks - ======================  Test Execution is completed!! ======================
  &amp#27;[32mWhen &amp#27;[0m&amp#27;[32mUser clicks Try here link&amp#27;[0m                                                             &amp#27;[90m# StepDefinitions.DSIntroductionDetails.user_clicks_try_here_link()&amp#27;[0m
  &amp#27;[32mThen &amp#27;[0m&amp#27;[32mUser should navigate to tryEditor page&amp#27;[0m                                                &amp#27;[90m# StepDefinitions.DSIntroductionDetails.user_should_navigate_to_try_editor_page()&amp#27;[0m
[INFO ] 2024-12-17 12:06:46.041 [TestNG-PoolService-3] Hooks - ======================  Test Execution is completed!! ======================
]]></system-out>
  </testcase>
  <testcase name="runScenario[&quot;Validate user can navigate to Implementation using collections.deque&quot;, &quot;Queue Details page&quot;](115)" classname="TestRunners.TestRunner" time="8.286">
    <system-out><![CDATA[
Scenario: Error message displayed for invalid code on try editor for Implementation using collections.deque &amp#27;[90m# src/test/resources/Features/QueueDetails.feature:70&amp#27;[0m
  &amp#27;[32mGiven &amp#27;[0m&amp#27;[32mThe user is on the DS Introduction page as signedIn&amp#27;[0m                                  &amp#27;[90m# StepDefinitions.DSIntroductionDetails.the_user_is_on_the_ds_introduction_page_as_signed_in()&amp#27;[0m
  &amp#27;[32mGiven &amp#27;[0m&amp#27;[32mThe user is on the DS Introduction page as signedIn&amp#27;[0m                    &amp#27;[90m# StepDefinitions.DSIntroductionDetails.the_user_is_on_the_ds_introduction_page_as_signed_in()&amp#27;[0m
  &amp#27;[32mWhen &amp#27;[0m&amp#27;[32mThe user clicks on Get started link for Queue&amp#27;[0m                                         &amp#27;[90m# StepDefinitions.QueueStepDefinitions.the_user_clicks_on_get_started_link_for_queue()&amp#27;[0m
  &amp#27;[32mWhen &amp#27;[0m&amp#27;[32mThe user clicks on Get started link for Queue&amp#27;[0m                           &amp#27;[90m# StepDefinitions.QueueStepDefinitions.the_user_clicks_on_get_started_link_for_queue()&amp#27;[0m
  &amp#27;[32mGiven &amp#27;[0m&amp#27;[32mThe user is on the DS Introduction page as signedIn&amp#27;[0m                                                 &amp#27;[90m# StepDefinitions.DSIntroductionDetails.the_user_is_on_the_ds_introduction_page_as_signed_in()&amp#27;[0m
  &amp#27;[32mGiven &amp#27;[0m&amp#27;[32mThe user is on Queue Operations page&amp#27;[0m                                                 &amp#27;[90m# StepDefinitions.QueueStepDefinitions.the_user_is_on_queue_operations_page()&amp#27;[0m
  &amp#27;[32mGiven &amp#27;[0m&amp#27;[32mThe user is on Queue Details page&amp#27;[0m                                      &amp#27;[90m# StepDefinitions.QueueStepDefinitions.the_user_is_on_queue_details_page()&amp#27;[0m
  &amp#27;[32mWhen &amp#27;[0m&amp#27;[32mThe user clicks on Get started link for Queue&amp#27;[0m                                                        &amp#27;[90m# StepDefinitions.QueueStepDefinitions.the_user_clicks_on_get_started_link_for_queue()&amp#27;[0m
  &amp#27;[32mWhen &amp#27;[0m&amp#27;[32mThe user click on Queue Operations&amp#27;[0m                                      &amp#27;[90m# StepDefinitions.QueueStepDefinitions.the_user_click_on_queue_operations()&amp#27;[0m
  &amp#27;[32mGiven &amp#27;[0m&amp#27;[32mThe user is on Queue Operations page&amp#27;[0m                                                                &amp#27;[90m# StepDefinitions.QueueStepDefinitions.the_user_is_on_queue_operations_page()&amp#27;[0m
  &amp#27;[32mThen &amp#27;[0m&amp#27;[32mthe user is navigated to Queue Operations Page&amp#27;[0m                          &amp#27;[90m# StepDefinitions.QueueStepDefinitions.the_user_is_navigated_to_queue_operations_page()&amp#27;[0m
[INFO ] 2024-12-17 12:21:37.315 [TestNG-PoolService-2] Hooks - ======================  Test Execution is completed!! ======================
  &amp#27;[32mWhen &amp#27;[0m&amp#27;[32mUser clicks Try here link&amp#27;[0m                                                             &amp#27;[90m# StepDefinitions.DSIntroductionDetails.user_clicks_try_here_link()&amp#27;[0m
  &amp#27;[32mThen &amp#27;[0m&amp#27;[32mUser should navigate to tryEditor page&amp#27;[0m                                                &amp#27;[90m# StepDefinitions.DSIntroductionDetails.user_should_navigate_to_try_editor_page()&amp#27;[0m
[INFO ] 2024-12-17 12:21:37.618 [TestNG-PoolService-1] Hooks - ======================  Test Execution is completed!! ======================
  &amp#27;[32mWhen &amp#27;[0m&amp#27;[32mUser writes invalid code and clicks run button&amp#27;[0m                                                       &amp#27;[90m# StepDefinitions.DSIntroductionDetails.user_writes_invalid_code_and_clicks_run_button()&amp#27;[0m
  &amp#27;[32mThen &amp#27;[0m&amp#27;[32mThe user should able to see an error message in alert window&amp#27;[0m                                         &amp#27;[90m# StepDefinitions.DSIntroductionDetails.the_user_should_able_to_see_an_error_message_in_alert_window()&amp#27;[0m
[INFO ] 2024-12-17 12:21:38.273 [TestNG-PoolService-3] Hooks - ======================  Test Execution is completed!! ======================
]]></system-out>
    <system-err><![CDATA[Dec 17, 2024 12:21:33 PM org.openqa.selenium.devtools.CdpVersionFinder findNearestMatch
WARNING: Unable to find an exact match for CDP version 131, returning the closest version; found: 130; Please update to a Selenium version that supports CDP version 131
Dec 17, 2024 12:21:33 PM org.openqa.selenium.devtools.CdpVersionFinder findNearestMatch
WARNING: Unable to find an exact match for CDP version 131, returning the closest version; found: 130; Please update to a Selenium version that supports CDP version 131
Dec 17, 2024 12:21:33 PM org.openqa.selenium.devtools.CdpVersionFinder findNearestMatch
WARNING: Unable to find an exact match for CDP version 131, returning the closest version; found: 130; Please update to a Selenium version that supports CDP version 131
]]></system-err>
  </testcase>
  <testcase name="runScenario[&quot;Validate user can open try editor page from Implementation using collections.deque&quot;, &quot;Queue Details page&quot;](116)" classname="TestRunners.TestRunner" time="2.254">
    <system-out><![CDATA[
Scenario: No error message displayed for empty code on try editor for Implementation using collections.deque &amp#27;[90m# src/test/resources/Features/QueueDetails.feature:75&amp#27;[0m
  &amp#27;[32mWhen &amp#27;[0m&amp#27;[32mThe user clicks on Get started link for Queue&amp#27;[0m                                         &amp#27;[90m# StepDefinitions.QueueStepDefinitions.the_user_clicks_on_get_started_link_for_queue()&amp#27;[0m
  &amp#27;[32mGiven &amp#27;[0m&amp#27;[32mThe user is on Queue Operations page&amp#27;[0m                                                 &amp#27;[90m# StepDefinitions.QueueStepDefinitions.the_user_is_on_queue_operations_page()&amp#27;[0m
  &amp#27;[32mGiven &amp#27;[0m&amp#27;[32mThe user is on the DS Introduction page as signedIn&amp#27;[0m                                                 &amp#27;[90m# StepDefinitions.DSIntroductionDetails.the_user_is_on_the_ds_introduction_page_as_signed_in()&amp#27;[0m
  &amp#27;[32mWhen &amp#27;[0m&amp#27;[32mThe user clicks on Get started link for Queue&amp#27;[0m                                                        &amp#27;[90m# StepDefinitions.QueueStepDefinitions.the_user_clicks_on_get_started_link_for_queue()&amp#27;[0m
  &amp#27;[32mWhen &amp#27;[0m&amp#27;[32mUser clicks Try here link&amp#27;[0m                                                             &amp#27;[90m# StepDefinitions.DSIntroductionDetails.user_clicks_try_here_link()&amp#27;[0m
  &amp#27;[32mThen &amp#27;[0m&amp#27;[32mUser should navigate to tryEditor page&amp#27;[0m                                                &amp#27;[90m# StepDefinitions.DSIntroductionDetails.user_should_navigate_to_try_editor_page()&amp#27;[0m
[INFO ] 2024-12-17 11:52:58.830 [TestNG-PoolService-3] Hooks - ======================  Test Execution is completed!! ======================
]]></system-out>
    <system-err><![CDATA[Dec 17, 2024 11:52:58 AM org.openqa.selenium.devtools.CdpVersionFinder findNearestMatch
WARNING: Unable to find an exact match for CDP version 131, returning the closest version; found: 130; Please update to a Selenium version that supports CDP version 131
]]></system-err>
  </testcase>
  <testcase name="runScenario[&quot;Validate user can open try editor page from Implementation using collections.deque&quot;, &quot;Queue Details page&quot;](116)" classname="TestRunners.TestRunner" time="0.241">
    <system-out><![CDATA[
Scenario: No error message displayed for empty code on try editor for Implementation using collections.deque &amp#27;[90m# src/test/resources/Features/QueueDetails.feature:75&amp#27;[0m
]]></system-out>
  </testcase>
  <testcase name="runScenario[&quot;Error message displayed for invalid code on try editor for Implementation using collections.deque&quot;, &quot;Queue Details page&quot;](117)" classname="TestRunners.TestRunner" time="2.054">
    <failure message="element not interactable&#10;  (Session info: chrome=131.0.6778.140)&#10;Build info: version: &apos;4.26.0&apos;, revision: &apos;8ccf0219d7&apos;&#10;System info: os.name: &apos;Windows 11&apos;, os.arch: &apos;amd64&apos;, os.version: &apos;10.0&apos;, java.version: &apos;21.0.5&apos;&#10;Driver info: org.openqa.selenium.chrome.ChromeDriver&#10;Command: [211b24ff5fc01a0ceb11851029dcb4c7, sendKeysToElement {value=[Ljava.lang.CharSequence;@2ee2098f, id=f.F2795921F5429EDE1817339396B14CBD.d.6064D221B4AFA4D454B1449E01D86AE9.e.50}]&#10;Capabilities {acceptInsecureCerts: false, browserName: chrome, browserVersion: 131.0.6778.140, chrome: {chromedriverVersion: 131.0.6778.108 (3b014839fbc..., userDataDir: C:\Users\vamsh\AppData\Loca...}, fedcm:accounts: true, goog:chromeOptions: {debuggerAddress: localhost:60543}, networkConnectionEnabled: false, pageLoadStrategy: normal, platformName: windows, proxy: Proxy(), se:cdp: ws://localhost:60543/devtoo..., se:cdpVersion: 131.0.6778.140, setWindowRect: true, strictFileInteractability: false, timeouts: {implicit: 0, pageLoad: 300000, script: 30000}, unhandledPromptBehavior: dismiss and notify, webauthn:extension:credBlob: true, webauthn:extension:largeBlob: true, webauthn:extension:minPinLength: true, webauthn:extension:prf: true, webauthn:virtualAuthenticators: true}&#10;Element: [[ChromeDriver: chrome on windows (211b24ff5fc01a0ceb11851029dcb4c7)] -&gt; css selector: .CodeMirror textarea]&#10;Session ID: 211b24ff5fc01a0ceb11851029dcb4c7" type="org.openqa.selenium.ElementNotInteractableException"><![CDATA[org.openqa.selenium.ElementNotInteractableException: 
element not interactable
  (Session info: chrome=131.0.6778.140)
Build info: version: '4.26.0', revision: '8ccf0219d7'
System info: os.name: 'Windows 11', os.arch: 'amd64', os.version: '10.0', java.version: '21.0.5'
Driver info: org.openqa.selenium.chrome.ChromeDriver
Command: [211b24ff5fc01a0ceb11851029dcb4c7, sendKeysToElement {value=[Ljava.lang.CharSequence;@2ee2098f, id=f.F2795921F5429EDE1817339396B14CBD.d.6064D221B4AFA4D454B1449E01D86AE9.e.50}]
Capabilities {acceptInsecureCerts: false, browserName: chrome, browserVersion: 131.0.6778.140, chrome: {chromedriverVersion: 131.0.6778.108 (3b014839fbc..., userDataDir: C:\Users\vamsh\AppData\Loca...}, fedcm:accounts: true, goog:chromeOptions: {debuggerAddress: localhost:60543}, networkConnectionEnabled: false, pageLoadStrategy: normal, platformName: windows, proxy: Proxy(), se:cdp: ws://localhost:60543/devtoo..., se:cdpVersion: 131.0.6778.140, setWindowRect: true, strictFileInteractability: false, timeouts: {implicit: 0, pageLoad: 300000, script: 30000}, unhandledPromptBehavior: dismiss and notify, webauthn:extension:credBlob: true, webauthn:extension:largeBlob: true, webauthn:extension:minPinLength: true, webauthn:extension:prf: true, webauthn:virtualAuthenticators: true}
Element: [[ChromeDriver: chrome on windows (211b24ff5fc01a0ceb11851029dcb4c7)] -> css selector: .CodeMirror textarea]
Session ID: 211b24ff5fc01a0ceb11851029dcb4c7
]]></failure>
    <system-out><![CDATA[
Scenario: Valid code on try editor for Implementation using collections.deque runs successfully &amp#27;[90m# src/test/resources/Features/QueueDetails.feature:80&amp#27;[0m
  &amp#27;[32mGiven &amp#27;[0m&amp#27;[32mThe user is on Queue Operations page&amp#27;[0m                                                                &amp#27;[90m# StepDefinitions.QueueStepDefinitions.the_user_is_on_queue_operations_page()&amp#27;[0m
  &amp#27;[31mWhen &amp#27;[0m&amp#27;[31mUser writes invalid code and clicks run button&amp#27;[0m                                                       &amp#27;[90m# StepDefinitions.DSIntroductionDetails.user_writes_invalid_code_and_clicks_run_button()&amp#27;[0m
      &amp#27;[31morg.openqa.selenium.ElementNotInteractableException: element not interactable
  (Session info: chrome=131.0.6778.140)
Build info: version: '4.26.0', revision: '8ccf0219d7'
System info: os.name: 'Windows 11', os.arch: 'amd64', os.version: '10.0', java.version: '21.0.5'
Driver info: org.openqa.selenium.chrome.ChromeDriver
Command: [211b24ff5fc01a0ceb11851029dcb4c7, sendKeysToElement {value=[Ljava.lang.CharSequence;@2ee2098f, id=f.F2795921F5429EDE1817339396B14CBD.d.6064D221B4AFA4D454B1449E01D86AE9.e.50}]
Capabilities {acceptInsecureCerts: false, browserName: chrome, browserVersion: 131.0.6778.140, chrome: {chromedriverVersion: 131.0.6778.108 (3b014839fbc..., userDataDir: C:\Users\vamsh\AppData\Loca...}, fedcm:accounts: true, goog:chromeOptions: {debuggerAddress: localhost:60543}, networkConnectionEnabled: false, pageLoadStrategy: normal, platformName: windows, proxy: Proxy(), se:cdp: ws://localhost:60543/devtoo..., se:cdpVersion: 131.0.6778.140, setWindowRect: true, strictFileInteractability: false, timeouts: {implicit: 0, pageLoad: 300000, script: 30000}, unhandledPromptBehavior: dismiss and notify, webauthn:extension:credBlob: true, webauthn:extension:largeBlob: true, webauthn:extension:minPinLength: true, webauthn:extension:prf: true, webauthn:virtualAuthenticators: true}
Element: [[ChromeDriver: chrome on windows (211b24ff5fc01a0ceb11851029dcb4c7)] -> css selector: .CodeMirror textarea]
Session ID: 211b24ff5fc01a0ceb11851029dcb4c7
	at java.base/jdk.internal.reflect.DirectConstructorHandleAccessor.newInstance(DirectConstructorHandleAccessor.java:62)
	at java.base/java.lang.reflect.Constructor.newInstanceWithCaller(Constructor.java:502)
	at java.base/java.lang.reflect.Constructor.newInstance(Constructor.java:486)
	at org.openqa.selenium.remote.ErrorCodec.decode(ErrorCodec.java:167)
	at org.openqa.selenium.remote.codec.w3c.W3CHttpResponseCodec.decode(W3CHttpResponseCodec.java:138)
	at org.openqa.selenium.remote.codec.w3c.W3CHttpResponseCodec.decode(W3CHttpResponseCodec.java:50)
	at org.openqa.selenium.remote.HttpCommandExecutor.execute(HttpCommandExecutor.java:190)
	at org.openqa.selenium.remote.service.DriverCommandExecutor.invokeExecute(DriverCommandExecutor.java:216)
	at org.openqa.selenium.remote.service.DriverCommandExecutor.execute(DriverCommandExecutor.java:174)
	at org.openqa.selenium.remote.RemoteWebDriver.execute(RemoteWebDriver.java:545)
	at org.openqa.selenium.remote.RemoteWebElement.execute(RemoteWebElement.java:223)
	at org.openqa.selenium.remote.RemoteWebElement.sendKeys(RemoteWebElement.java:110)
	at PageObjects.IntroductionPage.enterCodeInEditor(IntroductionPage.java:82)
	at StepDefinitions.DSIntroductionDetails.user_writes_invalid_code_and_clicks_run_button(DSIntroductionDetails.java:184)
	at ✽.User writes invalid code and clicks run button(file:///C:/Projects/newFolder-3/Repo1/src/test/resources/Features/QueueDetails.feature:72)
&amp#27;[0m
  &amp#27;[36mThen &amp#27;[0m&amp#27;[36mThe user should able to see an error message in alert window&amp#27;[0m                                         &amp#27;[90m# StepDefinitions.DSIntroductionDetails.the_user_should_able_to_see_an_error_message_in_alert_window()&amp#27;[0m
[ERROR] 2024-12-17 11:53:00.335 [TestNG-PoolService-1] Hooks - ======================  TEST CASE FAILED !! ======================

    Embedding screenshot [image/png 7853 bytes]

[INFO ] 2024-12-17 11:53:00.612 [TestNG-PoolService-1] Hooks - ======================  Screenshot is captured  ======================
[INFO ] 2024-12-17 11:53:00.619 [TestNG-PoolService-1] Hooks - ======================  Test Execution is completed!! ======================
]]></system-out>
    <system-err><![CDATA[Dec 17, 2024 11:53:01 AM org.openqa.selenium.devtools.CdpVersionFinder findNearestMatch
WARNING: Unable to find an exact match for CDP version 131, returning the closest version; found: 130; Please update to a Selenium version that supports CDP version 131
]]></system-err>
  </testcase>
  <testcase name="runScenario[&quot;Error message displayed for invalid code on try editor for Implementation using collections.deque&quot;, &quot;Queue Details page&quot;](117)" classname="TestRunners.TestRunner" time="0.539">
    <system-out><![CDATA[
Scenario: Valid code on try editor for Implementation using collections.deque runs successfully &amp#27;[90m# src/test/resources/Features/QueueDetails.feature:80&amp#27;[0m
]]></system-out>
  </testcase>
  <testcase name="runScenario[&quot;No error message displayed for empty code on try editor for Implementation using collections.deque&quot;, &quot;Queue Details page&quot;](118)" classname="TestRunners.TestRunner" time="3.132">
    <system-out><![CDATA[
Scenario: Validate user can navigate to Implementation using collections.deque &amp#27;[90m# src/test/resources/Features/QueueDetails.feature:85&amp#27;[0m
  &amp#27;[32mGiven &amp#27;[0m&amp#27;[32mThe user is on the DS Introduction page as signedIn&amp#27;[0m                                                  &amp#27;[90m# StepDefinitions.DSIntroductionDetails.the_user_is_on_the_ds_introduction_page_as_signed_in()&amp#27;[0m
  &amp#27;[32mWhen &amp#27;[0m&amp#27;[32mThe user clicks on Get started link for Queue&amp#27;[0m                                                         &amp#27;[90m# StepDefinitions.QueueStepDefinitions.the_user_clicks_on_get_started_link_for_queue()&amp#27;[0m
  &amp#27;[32mGiven &amp#27;[0m&amp#27;[32mThe user is on Queue Operations page&amp#27;[0m                                                                 &amp#27;[90m# StepDefinitions.QueueStepDefinitions.the_user_is_on_queue_operations_page()&amp#27;[0m
  &amp#27;[32mWhen &amp#27;[0m&amp#27;[32mUser clicks on run button with empty code&amp#27;[0m                                                             &amp#27;[90m# StepDefinitions.DSIntroductionDetails.user_clicks_on_run_button_with_empty_code()&amp#27;[0m
  &amp#27;[32mThen &amp#27;[0m&amp#27;[32mThe user should not see any error message or alert&amp#27;[0m                                                    &amp#27;[90m# StepDefinitions.DSIntroductionDetails.the_user_should_not_see_any_error_message_or_alert()&amp#27;[0m
[INFO ] 2024-12-17 11:53:03.796 [TestNG-PoolService-2] Hooks - ======================  Test Execution is completed!! ======================
  &amp#27;[32mGiven &amp#27;[0m&amp#27;[32mThe user is on the DS Introduction page as signedIn&amp#27;[0m                                     &amp#27;[90m# StepDefinitions.DSIntroductionDetails.the_user_is_on_the_ds_introduction_page_as_signed_in()&amp#27;[0m
  &amp#27;[32mWhen &amp#27;[0m&amp#27;[32mThe user clicks on Get started link for Queue&amp#27;[0m                                            &amp#27;[90m# StepDefinitions.QueueStepDefinitions.the_user_clicks_on_get_started_link_for_queue()&amp#27;[0m
]]></system-out>
    <system-err><![CDATA[Dec 17, 2024 11:53:03 AM org.openqa.selenium.devtools.CdpVersionFinder findNearestMatch
WARNING: Unable to find an exact match for CDP version 131, returning the closest version; found: 130; Please update to a Selenium version that supports CDP version 131
]]></system-err>
  </testcase>
  <testcase name="runScenario[&quot;No error message displayed for empty code on try editor for Implementation using collections.deque&quot;, &quot;Queue Details page&quot;](118)" classname="TestRunners.TestRunner" time="8.876">
    <system-out><![CDATA[
Scenario: Validate user can navigate to Implementation using collections.deque &amp#27;[90m# src/test/resources/Features/QueueDetails.feature:85&amp#27;[0m
  &amp#27;[32mGiven &amp#27;[0m&amp#27;[32mThe user is on the DS Introduction page as signedIn&amp#27;[0m                                                  &amp#27;[90m# StepDefinitions.DSIntroductionDetails.the_user_is_on_the_ds_introduction_page_as_signed_in()&amp#27;[0m
  &amp#27;[32mGiven &amp#27;[0m&amp#27;[32mThe user is on the DS Introduction page as signedIn&amp#27;[0m                                     &amp#27;[90m# StepDefinitions.DSIntroductionDetails.the_user_is_on_the_ds_introduction_page_as_signed_in()&amp#27;[0m
  &amp#27;[32mWhen &amp#27;[0m&amp#27;[32mThe user clicks on Get started link for Queue&amp#27;[0m                                                         &amp#27;[90m# StepDefinitions.QueueStepDefinitions.the_user_clicks_on_get_started_link_for_queue()&amp#27;[0m
  &amp#27;[32mWhen &amp#27;[0m&amp#27;[32mThe user clicks on Get started link for Queue&amp#27;[0m                                            &amp#27;[90m# StepDefinitions.QueueStepDefinitions.the_user_clicks_on_get_started_link_for_queue()&amp#27;[0m
  &amp#27;[32mGiven &amp#27;[0m&amp#27;[32mThe user is on Queue Operations page&amp#27;[0m                                                                 &amp#27;[90m# StepDefinitions.QueueStepDefinitions.the_user_is_on_queue_operations_page()&amp#27;[0m
  &amp#27;[32mGiven &amp#27;[0m&amp#27;[32mThe user is on the DS Introduction page as signedIn&amp#27;[0m                    &amp#27;[90m# StepDefinitions.DSIntroductionDetails.the_user_is_on_the_ds_introduction_page_as_signed_in()&amp#27;[0m
  &amp#27;[32mGiven &amp#27;[0m&amp#27;[32mThe user is on Queue Operations page&amp#27;[0m                                                    &amp#27;[90m# StepDefinitions.QueueStepDefinitions.the_user_is_on_queue_operations_page()&amp#27;[0m
  &amp#27;[32mWhen &amp#27;[0m&amp#27;[32mThe user clicks on Get started link for Queue&amp#27;[0m                           &amp#27;[90m# StepDefinitions.QueueStepDefinitions.the_user_clicks_on_get_started_link_for_queue()&amp#27;[0m
  &amp#27;[32mGiven &amp#27;[0m&amp#27;[32mThe user is on Queue Details page&amp#27;[0m                                      &amp#27;[90m# StepDefinitions.QueueStepDefinitions.the_user_is_on_queue_details_page()&amp#27;[0m
  &amp#27;[32mWhen &amp#27;[0m&amp#27;[32mUser clicks on run button with empty code&amp#27;[0m                                                             &amp#27;[90m# StepDefinitions.DSIntroductionDetails.user_clicks_on_run_button_with_empty_code()&amp#27;[0m
  &amp#27;[32mThen &amp#27;[0m&amp#27;[32mThe user should not see any error message or alert&amp#27;[0m                                                    &amp#27;[90m# StepDefinitions.DSIntroductionDetails.the_user_should_not_see_any_error_message_or_alert()&amp#27;[0m
[INFO ] 2024-12-17 12:21:46.877 [TestNG-PoolService-2] Hooks - ======================  Test Execution is completed!! ======================
  &amp#27;[32mWhen &amp#27;[0m&amp#27;[32mThe user click on Implementation using array link&amp#27;[0m                       &amp#27;[90m# StepDefinitions.QueueStepDefinitions.the_user_click_on_implementation_using_array_link()&amp#27;[0m
  &amp#27;[32mThen &amp#27;[0m&amp#27;[32mthe user is navigated to Implementation using array page&amp#27;[0m                &amp#27;[90m# StepDefinitions.QueueStepDefinitions.the_user_is_navigated_to_implementation_using_array_page()&amp#27;[0m
[INFO ] 2024-12-17 12:21:47.047 [TestNG-PoolService-3] Hooks - ======================  Test Execution is completed!! ======================
  &amp#27;[32mWhen &amp#27;[0m&amp#27;[32mUser writes invalid code and clicks run button&amp#27;[0m                                           &amp#27;[90m# StepDefinitions.DSIntroductionDetails.user_writes_invalid_code_and_clicks_run_button()&amp#27;[0m
  &amp#27;[32mThen &amp#27;[0m&amp#27;[32mThe user should able to see an error message in alert window&amp#27;[0m                             &amp#27;[90m# StepDefinitions.DSIntroductionDetails.the_user_should_able_to_see_an_error_message_in_alert_window()&amp#27;[0m
[INFO ] 2024-12-17 12:21:47.350 [TestNG-PoolService-1] Hooks - ======================  Test Execution is completed!! ======================
]]></system-out>
    <system-err><![CDATA[Dec 17, 2024 12:21:41 PM org.openqa.selenium.devtools.CdpVersionFinder findNearestMatch
WARNING: Unable to find an exact match for CDP version 131, returning the closest version; found: 130; Please update to a Selenium version that supports CDP version 131
Dec 17, 2024 12:21:42 PM org.openqa.selenium.devtools.CdpVersionFinder findNearestMatch
WARNING: Unable to find an exact match for CDP version 131, returning the closest version; found: 130; Please update to a Selenium version that supports CDP version 131
Dec 17, 2024 12:21:43 PM org.openqa.selenium.devtools.CdpVersionFinder findNearestMatch
WARNING: Unable to find an exact match for CDP version 131, returning the closest version; found: 130; Please update to a Selenium version that supports CDP version 131
]]></system-err>
  </testcase>
  <testcase name="runScenario[&quot;Valid code on try editor for Implementation using collections.deque runs successfully&quot;, &quot;Queue Details page&quot;](119)" classname="TestRunners.TestRunner" time="2.51">
    <failure message="element not interactable&#10;  (Session info: chrome=131.0.6778.140)&#10;Build info: version: &apos;4.26.0&apos;, revision: &apos;8ccf0219d7&apos;&#10;System info: os.name: &apos;Windows 11&apos;, os.arch: &apos;amd64&apos;, os.version: &apos;10.0&apos;, java.version: &apos;21.0.5&apos;&#10;Driver info: org.openqa.selenium.chrome.ChromeDriver&#10;Command: [7830ce6d5f3cdc764d7e07c24207cc76, sendKeysToElement {value=[Ljava.lang.CharSequence;@7d251911, id=f.1FDC7AEAD9AA2129757A059CCAFB54D0.d.5B6781C0AD6EC99F432F1E7A6FD2FE31.e.50}]&#10;Capabilities {acceptInsecureCerts: false, browserName: chrome, browserVersion: 131.0.6778.140, chrome: {chromedriverVersion: 131.0.6778.108 (3b014839fbc..., userDataDir: C:\Users\vamsh\AppData\Loca...}, fedcm:accounts: true, goog:chromeOptions: {debuggerAddress: localhost:60687}, networkConnectionEnabled: false, pageLoadStrategy: normal, platformName: windows, proxy: Proxy(), se:cdp: ws://localhost:60687/devtoo..., se:cdpVersion: 131.0.6778.140, setWindowRect: true, strictFileInteractability: false, timeouts: {implicit: 0, pageLoad: 300000, script: 30000}, unhandledPromptBehavior: dismiss and notify, webauthn:extension:credBlob: true, webauthn:extension:largeBlob: true, webauthn:extension:minPinLength: true, webauthn:extension:prf: true, webauthn:virtualAuthenticators: true}&#10;Element: [[ChromeDriver: chrome on windows (7830ce6d5f3cdc764d7e07c24207cc76)] -&gt; css selector: .CodeMirror textarea]&#10;Session ID: 7830ce6d5f3cdc764d7e07c24207cc76" type="org.openqa.selenium.ElementNotInteractableException"><![CDATA[org.openqa.selenium.ElementNotInteractableException: 
element not interactable
  (Session info: chrome=131.0.6778.140)
Build info: version: '4.26.0', revision: '8ccf0219d7'
System info: os.name: 'Windows 11', os.arch: 'amd64', os.version: '10.0', java.version: '21.0.5'
Driver info: org.openqa.selenium.chrome.ChromeDriver
Command: [7830ce6d5f3cdc764d7e07c24207cc76, sendKeysToElement {value=[Ljava.lang.CharSequence;@7d251911, id=f.1FDC7AEAD9AA2129757A059CCAFB54D0.d.5B6781C0AD6EC99F432F1E7A6FD2FE31.e.50}]
Capabilities {acceptInsecureCerts: false, browserName: chrome, browserVersion: 131.0.6778.140, chrome: {chromedriverVersion: 131.0.6778.108 (3b014839fbc..., userDataDir: C:\Users\vamsh\AppData\Loca...}, fedcm:accounts: true, goog:chromeOptions: {debuggerAddress: localhost:60687}, networkConnectionEnabled: false, pageLoadStrategy: normal, platformName: windows, proxy: Proxy(), se:cdp: ws://localhost:60687/devtoo..., se:cdpVersion: 131.0.6778.140, setWindowRect: true, strictFileInteractability: false, timeouts: {implicit: 0, pageLoad: 300000, script: 30000}, unhandledPromptBehavior: dismiss and notify, webauthn:extension:credBlob: true, webauthn:extension:largeBlob: true, webauthn:extension:minPinLength: true, webauthn:extension:prf: true, webauthn:virtualAuthenticators: true}
Element: [[ChromeDriver: chrome on windows (7830ce6d5f3cdc764d7e07c24207cc76)] -> css selector: .CodeMirror textarea]
Session ID: 7830ce6d5f3cdc764d7e07c24207cc76
]]></failure>
    <system-out><![CDATA[
Scenario: Validate user can open try editor page from Implementation using collections.deque &amp#27;[90m# src/test/resources/Features/QueueDetails.feature:90&amp#27;[0m
  &amp#27;[32mGiven &amp#27;[0m&amp#27;[32mThe user is on Queue Operations page&amp#27;[0m                                                    &amp#27;[90m# StepDefinitions.QueueStepDefinitions.the_user_is_on_queue_operations_page()&amp#27;[0m
  &amp#27;[32mGiven &amp#27;[0m&amp#27;[32mThe user is on the DS Introduction page as signedIn&amp#27;[0m                    &amp#27;[90m# StepDefinitions.DSIntroductionDetails.the_user_is_on_the_ds_introduction_page_as_signed_in()&amp#27;[0m
  &amp#27;[31mWhen &amp#27;[0m&amp#27;[31mUser writes invalid code and clicks run button&amp#27;[0m                                           &amp#27;[90m# StepDefinitions.DSIntroductionDetails.user_writes_invalid_code_and_clicks_run_button()&amp#27;[0m
      &amp#27;[31morg.openqa.selenium.ElementNotInteractableException: element not interactable
  (Session info: chrome=131.0.6778.140)
Build info: version: '4.26.0', revision: '8ccf0219d7'
System info: os.name: 'Windows 11', os.arch: 'amd64', os.version: '10.0', java.version: '21.0.5'
Driver info: org.openqa.selenium.chrome.ChromeDriver
Command: [7830ce6d5f3cdc764d7e07c24207cc76, sendKeysToElement {value=[Ljava.lang.CharSequence;@7d251911, id=f.1FDC7AEAD9AA2129757A059CCAFB54D0.d.5B6781C0AD6EC99F432F1E7A6FD2FE31.e.50}]
Capabilities {acceptInsecureCerts: false, browserName: chrome, browserVersion: 131.0.6778.140, chrome: {chromedriverVersion: 131.0.6778.108 (3b014839fbc..., userDataDir: C:\Users\vamsh\AppData\Loca...}, fedcm:accounts: true, goog:chromeOptions: {debuggerAddress: localhost:60687}, networkConnectionEnabled: false, pageLoadStrategy: normal, platformName: windows, proxy: Proxy(), se:cdp: ws://localhost:60687/devtoo..., se:cdpVersion: 131.0.6778.140, setWindowRect: true, strictFileInteractability: false, timeouts: {implicit: 0, pageLoad: 300000, script: 30000}, unhandledPromptBehavior: dismiss and notify, webauthn:extension:credBlob: true, webauthn:extension:largeBlob: true, webauthn:extension:minPinLength: true, webauthn:extension:prf: true, webauthn:virtualAuthenticators: true}
Element: [[ChromeDriver: chrome on windows (7830ce6d5f3cdc764d7e07c24207cc76)] -> css selector: .CodeMirror textarea]
Session ID: 7830ce6d5f3cdc764d7e07c24207cc76
	at java.base/jdk.internal.reflect.DirectConstructorHandleAccessor.newInstance(DirectConstructorHandleAccessor.java:62)
	at java.base/java.lang.reflect.Constructor.newInstanceWithCaller(Constructor.java:502)
	at java.base/java.lang.reflect.Constructor.newInstance(Constructor.java:486)
	at org.openqa.selenium.remote.ErrorCodec.decode(ErrorCodec.java:167)
	at org.openqa.selenium.remote.codec.w3c.W3CHttpResponseCodec.decode(W3CHttpResponseCodec.java:138)
	at org.openqa.selenium.remote.codec.w3c.W3CHttpResponseCodec.decode(W3CHttpResponseCodec.java:50)
	at org.openqa.selenium.remote.HttpCommandExecutor.execute(HttpCommandExecutor.java:190)
	at org.openqa.selenium.remote.service.DriverCommandExecutor.invokeExecute(DriverCommandExecutor.java:216)
	at org.openqa.selenium.remote.service.DriverCommandExecutor.execute(DriverCommandExecutor.java:174)
	at org.openqa.selenium.remote.RemoteWebDriver.execute(RemoteWebDriver.java:545)
	at org.openqa.selenium.remote.RemoteWebElement.execute(RemoteWebElement.java:223)
	at org.openqa.selenium.remote.RemoteWebElement.sendKeys(RemoteWebElement.java:110)
	at PageObjects.IntroductionPage.enterCodeInEditor(IntroductionPage.java:82)
	at StepDefinitions.DSIntroductionDetails.user_writes_invalid_code_and_clicks_run_button(DSIntroductionDetails.java:184)
	at ✽.User writes invalid code and clicks run button(file:///C:/Projects/newFolder-3/Repo1/src/test/resources/Features/QueueDetails.feature:82)
&amp#27;[0m
  &amp#27;[36mThen &amp#27;[0m&amp#27;[36mThe user should able to see an error message in alert window&amp#27;[0m                             &amp#27;[90m# StepDefinitions.DSIntroductionDetails.the_user_should_able_to_see_an_error_message_in_alert_window()&amp#27;[0m
[ERROR] 2024-12-17 11:53:06.187 [TestNG-PoolService-3] Hooks - ======================  TEST CASE FAILED !! ======================

    Embedding screenshot [image/png 7853 bytes]

[INFO ] 2024-12-17 11:53:06.434 [TestNG-PoolService-3] Hooks - ======================  Screenshot is captured  ======================
[INFO ] 2024-12-17 11:53:06.455 [TestNG-PoolService-3] Hooks - ======================  Test Execution is completed!! ======================
  &amp#27;[32mWhen &amp#27;[0m&amp#27;[32mThe user clicks on Get started link for Queue&amp#27;[0m                           &amp#27;[90m# StepDefinitions.QueueStepDefinitions.the_user_clicks_on_get_started_link_for_queue()&amp#27;[0m
  &amp#27;[32mGiven &amp#27;[0m&amp#27;[32mThe user is on Queue Details page&amp#27;[0m                                      &amp#27;[90m# StepDefinitions.QueueStepDefinitions.the_user_is_on_queue_details_page()&amp#27;[0m
]]></system-out>
    <system-err><![CDATA[Dec 17, 2024 11:53:06 AM org.openqa.selenium.devtools.CdpVersionFinder findNearestMatch
WARNING: Unable to find an exact match for CDP version 131, returning the closest version; found: 130; Please update to a Selenium version that supports CDP version 131
]]></system-err>
  </testcase>
  <testcase name="runScenario[&quot;Validate user can navigate to Implementation using collections.deque&quot;, &quot;Queue Details page&quot;](120)" classname="TestRunners.TestRunner" time="0.585">
    <system-out><![CDATA[
Scenario: Error message displayed for invalid code on try editor for Implementation using collections.deque &amp#27;[90m# src/test/resources/Features/QueueDetails.feature:95&amp#27;[0m
  &amp#27;[32mWhen &amp#27;[0m&amp#27;[32mThe user click on Implementation using array link&amp#27;[0m                       &amp#27;[90m# StepDefinitions.QueueStepDefinitions.the_user_click_on_implementation_using_array_link()&amp#27;[0m
  &amp#27;[32mThen &amp#27;[0m&amp#27;[32mthe user is navigated to Implementation using array page&amp#27;[0m                &amp#27;[90m# StepDefinitions.QueueStepDefinitions.the_user_is_navigated_to_implementation_using_array_page()&amp#27;[0m
[INFO ] 2024-12-17 11:53:07.284 [TestNG-PoolService-1] Hooks - ======================  Test Execution is completed!! ======================
]]></system-out>
  </testcase>
  <testcase name="runScenario[&quot;Validate user can open try editor page from Implementation using collections.deque&quot;, &quot;Queue Details page&quot;](121)" classname="TestRunners.TestRunner" time="4.557">
    <system-out><![CDATA[
Scenario: No error message displayed for empty code on try editor for Implementation using collections.deque &amp#27;[90m# src/test/resources/Features/QueueDetails.feature:100&amp#27;[0m
  &amp#27;[32mGiven &amp#27;[0m&amp#27;[32mThe user is on the DS Introduction page as signedIn&amp#27;[0m                                  &amp#27;[90m# StepDefinitions.DSIntroductionDetails.the_user_is_on_the_ds_introduction_page_as_signed_in()&amp#27;[0m
  &amp#27;[32mWhen &amp#27;[0m&amp#27;[32mThe user clicks on Get started link for Queue&amp#27;[0m                                         &amp#27;[90m# StepDefinitions.QueueStepDefinitions.the_user_clicks_on_get_started_link_for_queue()&amp#27;[0m
  &amp#27;[32mGiven &amp#27;[0m&amp#27;[32mThe user is on Implementation using array page&amp#27;[0m                                       &amp#27;[90m# StepDefinitions.QueueStepDefinitions.the_user_is_on_implementation_using_array_page()&amp#27;[0m
  &amp#27;[32mWhen &amp#27;[0m&amp#27;[32mUser clicks Try here link&amp#27;[0m                                                             &amp#27;[90m# StepDefinitions.DSIntroductionDetails.user_clicks_try_here_link()&amp#27;[0m
  &amp#27;[32mThen &amp#27;[0m&amp#27;[32mUser should navigate to tryEditor page&amp#27;[0m                                                &amp#27;[90m# StepDefinitions.DSIntroductionDetails.user_should_navigate_to_try_editor_page()&amp#27;[0m
  &amp#27;[32mGiven &amp#27;[0m&amp#27;[32mThe user is on the DS Introduction page as signedIn&amp#27;[0m                                                 &amp#27;[90m# StepDefinitions.DSIntroductionDetails.the_user_is_on_the_ds_introduction_page_as_signed_in()&amp#27;[0m
[INFO ] 2024-12-17 11:53:11.830 [TestNG-PoolService-2] Hooks - ======================  Test Execution is completed!! ======================
]]></system-out>
    <system-err><![CDATA[Dec 17, 2024 11:53:08 AM org.openqa.selenium.devtools.CdpVersionFinder findNearestMatch
WARNING: Unable to find an exact match for CDP version 131, returning the closest version; found: 130; Please update to a Selenium version that supports CDP version 131
Dec 17, 2024 11:53:10 AM org.openqa.selenium.devtools.CdpVersionFinder findNearestMatch
WARNING: Unable to find an exact match for CDP version 131, returning the closest version; found: 130; Please update to a Selenium version that supports CDP version 131
]]></system-err>
  </testcase>
  <testcase name="runScenario[&quot;Validate user can open try editor page from Implementation using collections.deque&quot;, &quot;Queue Details page&quot;](121)" classname="TestRunners.TestRunner" time="11.626">
    <system-out><![CDATA[
Scenario: No error message displayed for empty code on try editor for Implementation using collections.deque &amp#27;[90m# src/test/resources/Features/QueueDetails.feature:100&amp#27;[0m
  &amp#27;[32mGiven &amp#27;[0m&amp#27;[32mThe user is on the DS Introduction page as signedIn&amp#27;[0m                                  &amp#27;[90m# StepDefinitions.DSIntroductionDetails.the_user_is_on_the_ds_introduction_page_as_signed_in()&amp#27;[0m
  &amp#27;[32mWhen &amp#27;[0m&amp#27;[32mThe user clicks on Get started link for Queue&amp#27;[0m                                         &amp#27;[90m# StepDefinitions.QueueStepDefinitions.the_user_clicks_on_get_started_link_for_queue()&amp#27;[0m
  &amp#27;[32mGiven &amp#27;[0m&amp#27;[32mThe user is on Implementation using array page&amp#27;[0m                                       &amp#27;[90m# StepDefinitions.QueueStepDefinitions.the_user_is_on_implementation_using_array_page()&amp#27;[0m
  &amp#27;[32mGiven &amp#27;[0m&amp#27;[32mThe user is on the DS Introduction page as signedIn&amp#27;[0m                                                  &amp#27;[90m# StepDefinitions.DSIntroductionDetails.the_user_is_on_the_ds_introduction_page_as_signed_in()&amp#27;[0m
  &amp#27;[32mWhen &amp#27;[0m&amp#27;[32mThe user clicks on Get started link for Queue&amp#27;[0m                                                         &amp#27;[90m# StepDefinitions.QueueStepDefinitions.the_user_clicks_on_get_started_link_for_queue()&amp#27;[0m
  &amp#27;[32mGiven &amp#27;[0m&amp#27;[32mThe user is on the DS Introduction page as signedIn&amp#27;[0m                                                 &amp#27;[90m# StepDefinitions.DSIntroductionDetails.the_user_is_on_the_ds_introduction_page_as_signed_in()&amp#27;[0m
  &amp#27;[32mGiven &amp#27;[0m&amp#27;[32mThe user is on Implementation using array page&amp#27;[0m                                                       &amp#27;[90m# StepDefinitions.QueueStepDefinitions.the_user_is_on_implementation_using_array_page()&amp#27;[0m
  &amp#27;[32mWhen &amp#27;[0m&amp#27;[32mThe user clicks on Get started link for Queue&amp#27;[0m                                                        &amp#27;[90m# StepDefinitions.QueueStepDefinitions.the_user_clicks_on_get_started_link_for_queue()&amp#27;[0m
  &amp#27;[32mWhen &amp#27;[0m&amp#27;[32mUser clicks Try here link&amp#27;[0m                                                             &amp#27;[90m# StepDefinitions.DSIntroductionDetails.user_clicks_try_here_link()&amp#27;[0m
  &amp#27;[32mThen &amp#27;[0m&amp#27;[32mUser should navigate to tryEditor page&amp#27;[0m                                                &amp#27;[90m# StepDefinitions.DSIntroductionDetails.user_should_navigate_to_try_editor_page()&amp#27;[0m
[INFO ] 2024-12-17 12:07:09.585 [TestNG-PoolService-3] Hooks - ======================  Test Execution is completed!! ======================
  &amp#27;[32mGiven &amp#27;[0m&amp#27;[32mThe user is on Implementation using array page&amp#27;[0m                                                      &amp#27;[90m# StepDefinitions.QueueStepDefinitions.the_user_is_on_implementation_using_array_page()&amp#27;[0m
  &amp#27;[32mWhen &amp#27;[0m&amp#27;[32mUser clicks on run button with empty code&amp#27;[0m                                                             &amp#27;[90m# StepDefinitions.DSIntroductionDetails.user_clicks_on_run_button_with_empty_code()&amp#27;[0m
  &amp#27;[32mThen &amp#27;[0m&amp#27;[32mThe user should not see any error message or alert&amp#27;[0m                                                    &amp#27;[90m# StepDefinitions.DSIntroductionDetails.the_user_should_not_see_any_error_message_or_alert()&amp#27;[0m
[INFO ] 2024-12-17 12:07:10.710 [TestNG-PoolService-2] Hooks - ======================  Test Execution is completed!! ======================
  &amp#27;[32mWhen &amp#27;[0m&amp#27;[32mUser writes invalid code and clicks run button&amp#27;[0m                                                       &amp#27;[90m# StepDefinitions.DSIntroductionDetails.user_writes_invalid_code_and_clicks_run_button()&amp#27;[0m
  &amp#27;[32mThen &amp#27;[0m&amp#27;[32mThe user should able to see an error message in alert window&amp#27;[0m                                         &amp#27;[90m# StepDefinitions.DSIntroductionDetails.the_user_should_able_to_see_an_error_message_in_alert_window()&amp#27;[0m
[INFO ] 2024-12-17 12:07:11.169 [TestNG-PoolService-1] Hooks - ======================  Test Execution is completed!! ======================
]]></system-out>
  </testcase>
  <testcase name="runScenario[&quot;Validate user can open try editor page from Implementation using collections.deque&quot;, &quot;Queue Details page&quot;](121)" classname="TestRunners.TestRunner" time="8.559">
    <system-out><![CDATA[
Scenario: No error message displayed for empty code on try editor for Implementation using collections.deque &amp#27;[90m# src/test/resources/Features/QueueDetails.feature:100&amp#27;[0m
  &amp#27;[32mGiven &amp#27;[0m&amp#27;[32mThe user is on the DS Introduction page as signedIn&amp#27;[0m                                  &amp#27;[90m# StepDefinitions.DSIntroductionDetails.the_user_is_on_the_ds_introduction_page_as_signed_in()&amp#27;[0m
  &amp#27;[32mGiven &amp#27;[0m&amp#27;[32mThe user is on the DS Introduction page as signedIn&amp#27;[0m                                                 &amp#27;[90m# StepDefinitions.DSIntroductionDetails.the_user_is_on_the_ds_introduction_page_as_signed_in()&amp#27;[0m
  &amp#27;[32mWhen &amp#27;[0m&amp#27;[32mThe user clicks on Get started link for Queue&amp#27;[0m                                         &amp#27;[90m# StepDefinitions.QueueStepDefinitions.the_user_clicks_on_get_started_link_for_queue()&amp#27;[0m
  &amp#27;[32mWhen &amp#27;[0m&amp#27;[32mThe user clicks on Get started link for Queue&amp#27;[0m                                                        &amp#27;[90m# StepDefinitions.QueueStepDefinitions.the_user_clicks_on_get_started_link_for_queue()&amp#27;[0m
  &amp#27;[32mGiven &amp#27;[0m&amp#27;[32mThe user is on the DS Introduction page as signedIn&amp#27;[0m                                                  &amp#27;[90m# StepDefinitions.DSIntroductionDetails.the_user_is_on_the_ds_introduction_page_as_signed_in()&amp#27;[0m
  &amp#27;[32mGiven &amp#27;[0m&amp#27;[32mThe user is on Implementation using array page&amp#27;[0m                                       &amp#27;[90m# StepDefinitions.QueueStepDefinitions.the_user_is_on_implementation_using_array_page()&amp#27;[0m
  &amp#27;[32mWhen &amp#27;[0m&amp#27;[32mThe user clicks on Get started link for Queue&amp#27;[0m                                                         &amp#27;[90m# StepDefinitions.QueueStepDefinitions.the_user_clicks_on_get_started_link_for_queue()&amp#27;[0m
  &amp#27;[32mGiven &amp#27;[0m&amp#27;[32mThe user is on Implementation using array page&amp#27;[0m                                                      &amp#27;[90m# StepDefinitions.QueueStepDefinitions.the_user_is_on_implementation_using_array_page()&amp#27;[0m
  &amp#27;[32mGiven &amp#27;[0m&amp#27;[32mThe user is on Implementation using array page&amp#27;[0m                                                       &amp#27;[90m# StepDefinitions.QueueStepDefinitions.the_user_is_on_implementation_using_array_page()&amp#27;[0m
  &amp#27;[32mWhen &amp#27;[0m&amp#27;[32mUser clicks Try here link&amp#27;[0m                                                             &amp#27;[90m# StepDefinitions.DSIntroductionDetails.user_clicks_try_here_link()&amp#27;[0m
  &amp#27;[32mThen &amp#27;[0m&amp#27;[32mUser should navigate to tryEditor page&amp#27;[0m                                                &amp#27;[90m# StepDefinitions.DSIntroductionDetails.user_should_navigate_to_try_editor_page()&amp#27;[0m
[INFO ] 2024-12-17 12:21:55.940 [TestNG-PoolService-2] Hooks - ======================  Test Execution is completed!! ======================
  &amp#27;[32mWhen &amp#27;[0m&amp#27;[32mUser writes invalid code and clicks run button&amp#27;[0m                                                       &amp#27;[90m# StepDefinitions.DSIntroductionDetails.user_writes_invalid_code_and_clicks_run_button()&amp#27;[0m
  &amp#27;[32mThen &amp#27;[0m&amp#27;[32mThe user should able to see an error message in alert window&amp#27;[0m                                         &amp#27;[90m# StepDefinitions.DSIntroductionDetails.the_user_should_able_to_see_an_error_message_in_alert_window()&amp#27;[0m
[INFO ] 2024-12-17 12:21:56.303 [TestNG-PoolService-3] Hooks - ======================  Test Execution is completed!! ======================
  &amp#27;[32mWhen &amp#27;[0m&amp#27;[32mUser clicks on run button with empty code&amp#27;[0m                                                             &amp#27;[90m# StepDefinitions.DSIntroductionDetails.user_clicks_on_run_button_with_empty_code()&amp#27;[0m
  &amp#27;[32mThen &amp#27;[0m&amp#27;[32mThe user should not see any error message or alert&amp#27;[0m                                                    &amp#27;[90m# StepDefinitions.DSIntroductionDetails.the_user_should_not_see_any_error_message_or_alert()&amp#27;[0m
[INFO ] 2024-12-17 12:21:56.561 [TestNG-PoolService-1] Hooks - ======================  Test Execution is completed!! ======================
]]></system-out>
    <system-err><![CDATA[Dec 17, 2024 12:21:51 PM org.openqa.selenium.devtools.CdpVersionFinder findNearestMatch
WARNING: Unable to find an exact match for CDP version 131, returning the closest version; found: 130; Please update to a Selenium version that supports CDP version 131
Dec 17, 2024 12:21:51 PM org.openqa.selenium.devtools.CdpVersionFinder findNearestMatch
WARNING: Unable to find an exact match for CDP version 131, returning the closest version; found: 130; Please update to a Selenium version that supports CDP version 131
Dec 17, 2024 12:21:52 PM org.openqa.selenium.devtools.CdpVersionFinder findNearestMatch
WARNING: Unable to find an exact match for CDP version 131, returning the closest version; found: 130; Please update to a Selenium version that supports CDP version 131
]]></system-err>
  </testcase>
  <testcase name="runScenario[&quot;Error message displayed for invalid code on try editor for Implementation using collections.deque&quot;, &quot;Queue Details page&quot;](122)" classname="TestRunners.TestRunner" time="2.381">
    <failure message="element not interactable&#10;  (Session info: chrome=131.0.6778.140)&#10;Build info: version: &apos;4.26.0&apos;, revision: &apos;8ccf0219d7&apos;&#10;System info: os.name: &apos;Windows 11&apos;, os.arch: &apos;amd64&apos;, os.version: &apos;10.0&apos;, java.version: &apos;21.0.5&apos;&#10;Driver info: org.openqa.selenium.chrome.ChromeDriver&#10;Command: [f63aba3ce2f66bf6336691a9451c6bb3, sendKeysToElement {value=[Ljava.lang.CharSequence;@53a57d46, id=f.C19D72791402CF7184E353B324E53234.d.C16ABCE33EAFB017A5BA96BACCFA4859.e.50}]&#10;Capabilities {acceptInsecureCerts: false, browserName: chrome, browserVersion: 131.0.6778.140, chrome: {chromedriverVersion: 131.0.6778.108 (3b014839fbc..., userDataDir: C:\Users\vamsh\AppData\Loca...}, fedcm:accounts: true, goog:chromeOptions: {debuggerAddress: localhost:60852}, networkConnectionEnabled: false, pageLoadStrategy: normal, platformName: windows, proxy: Proxy(), se:cdp: ws://localhost:60852/devtoo..., se:cdpVersion: 131.0.6778.140, setWindowRect: true, strictFileInteractability: false, timeouts: {implicit: 0, pageLoad: 300000, script: 30000}, unhandledPromptBehavior: dismiss and notify, webauthn:extension:credBlob: true, webauthn:extension:largeBlob: true, webauthn:extension:minPinLength: true, webauthn:extension:prf: true, webauthn:virtualAuthenticators: true}&#10;Element: [[ChromeDriver: chrome on windows (f63aba3ce2f66bf6336691a9451c6bb3)] -&gt; css selector: .CodeMirror textarea]&#10;Session ID: f63aba3ce2f66bf6336691a9451c6bb3" type="org.openqa.selenium.ElementNotInteractableException"><![CDATA[org.openqa.selenium.ElementNotInteractableException: 
element not interactable
  (Session info: chrome=131.0.6778.140)
Build info: version: '4.26.0', revision: '8ccf0219d7'
System info: os.name: 'Windows 11', os.arch: 'amd64', os.version: '10.0', java.version: '21.0.5'
Driver info: org.openqa.selenium.chrome.ChromeDriver
Command: [f63aba3ce2f66bf6336691a9451c6bb3, sendKeysToElement {value=[Ljava.lang.CharSequence;@53a57d46, id=f.C19D72791402CF7184E353B324E53234.d.C16ABCE33EAFB017A5BA96BACCFA4859.e.50}]
Capabilities {acceptInsecureCerts: false, browserName: chrome, browserVersion: 131.0.6778.140, chrome: {chromedriverVersion: 131.0.6778.108 (3b014839fbc..., userDataDir: C:\Users\vamsh\AppData\Loca...}, fedcm:accounts: true, goog:chromeOptions: {debuggerAddress: localhost:60852}, networkConnectionEnabled: false, pageLoadStrategy: normal, platformName: windows, proxy: Proxy(), se:cdp: ws://localhost:60852/devtoo..., se:cdpVersion: 131.0.6778.140, setWindowRect: true, strictFileInteractability: false, timeouts: {implicit: 0, pageLoad: 300000, script: 30000}, unhandledPromptBehavior: dismiss and notify, webauthn:extension:credBlob: true, webauthn:extension:largeBlob: true, webauthn:extension:minPinLength: true, webauthn:extension:prf: true, webauthn:virtualAuthenticators: true}
Element: [[ChromeDriver: chrome on windows (f63aba3ce2f66bf6336691a9451c6bb3)] -> css selector: .CodeMirror textarea]
Session ID: f63aba3ce2f66bf6336691a9451c6bb3
]]></failure>
    <system-out><![CDATA[
Scenario: Valid code on try editor for Implementation using collections.deque runs successfully &amp#27;[90m# src/test/resources/Features/QueueDetails.feature:105&amp#27;[0m
  &amp#27;[32mWhen &amp#27;[0m&amp#27;[32mThe user clicks on Get started link for Queue&amp#27;[0m                                                        &amp#27;[90m# StepDefinitions.QueueStepDefinitions.the_user_clicks_on_get_started_link_for_queue()&amp#27;[0m
  &amp#27;[32mGiven &amp#27;[0m&amp#27;[32mThe user is on Implementation using array page&amp#27;[0m                                                      &amp#27;[90m# StepDefinitions.QueueStepDefinitions.the_user_is_on_implementation_using_array_page()&amp#27;[0m
  &amp#27;[32mGiven &amp#27;[0m&amp#27;[32mThe user is on the DS Introduction page as signedIn&amp#27;[0m                                                  &amp#27;[90m# StepDefinitions.DSIntroductionDetails.the_user_is_on_the_ds_introduction_page_as_signed_in()&amp#27;[0m
  &amp#27;[32mWhen &amp#27;[0m&amp#27;[32mThe user clicks on Get started link for Queue&amp#27;[0m                                                         &amp#27;[90m# StepDefinitions.QueueStepDefinitions.the_user_clicks_on_get_started_link_for_queue()&amp#27;[0m
  &amp#27;[31mWhen &amp#27;[0m&amp#27;[31mUser writes invalid code and clicks run button&amp#27;[0m                                                       &amp#27;[90m# StepDefinitions.DSIntroductionDetails.user_writes_invalid_code_and_clicks_run_button()&amp#27;[0m
      &amp#27;[31morg.openqa.selenium.ElementNotInteractableException: element not interactable
  (Session info: chrome=131.0.6778.140)
Build info: version: '4.26.0', revision: '8ccf0219d7'
System info: os.name: 'Windows 11', os.arch: 'amd64', os.version: '10.0', java.version: '21.0.5'
Driver info: org.openqa.selenium.chrome.ChromeDriver
Command: [f63aba3ce2f66bf6336691a9451c6bb3, sendKeysToElement {value=[Ljava.lang.CharSequence;@53a57d46, id=f.C19D72791402CF7184E353B324E53234.d.C16ABCE33EAFB017A5BA96BACCFA4859.e.50}]
Capabilities {acceptInsecureCerts: false, browserName: chrome, browserVersion: 131.0.6778.140, chrome: {chromedriverVersion: 131.0.6778.108 (3b014839fbc..., userDataDir: C:\Users\vamsh\AppData\Loca...}, fedcm:accounts: true, goog:chromeOptions: {debuggerAddress: localhost:60852}, networkConnectionEnabled: false, pageLoadStrategy: normal, platformName: windows, proxy: Proxy(), se:cdp: ws://localhost:60852/devtoo..., se:cdpVersion: 131.0.6778.140, setWindowRect: true, strictFileInteractability: false, timeouts: {implicit: 0, pageLoad: 300000, script: 30000}, unhandledPromptBehavior: dismiss and notify, webauthn:extension:credBlob: true, webauthn:extension:largeBlob: true, webauthn:extension:minPinLength: true, webauthn:extension:prf: true, webauthn:virtualAuthenticators: true}
Element: [[ChromeDriver: chrome on windows (f63aba3ce2f66bf6336691a9451c6bb3)] -> css selector: .CodeMirror textarea]
Session ID: f63aba3ce2f66bf6336691a9451c6bb3
	at java.base/jdk.internal.reflect.DirectConstructorHandleAccessor.newInstance(DirectConstructorHandleAccessor.java:62)
	at java.base/java.lang.reflect.Constructor.newInstanceWithCaller(Constructor.java:502)
	at java.base/java.lang.reflect.Constructor.newInstance(Constructor.java:486)
	at org.openqa.selenium.remote.ErrorCodec.decode(ErrorCodec.java:167)
	at org.openqa.selenium.remote.codec.w3c.W3CHttpResponseCodec.decode(W3CHttpResponseCodec.java:138)
	at org.openqa.selenium.remote.codec.w3c.W3CHttpResponseCodec.decode(W3CHttpResponseCodec.java:50)
	at org.openqa.selenium.remote.HttpCommandExecutor.execute(HttpCommandExecutor.java:190)
	at org.openqa.selenium.remote.service.DriverCommandExecutor.invokeExecute(DriverCommandExecutor.java:216)
	at org.openqa.selenium.remote.service.DriverCommandExecutor.execute(DriverCommandExecutor.java:174)
	at org.openqa.selenium.remote.RemoteWebDriver.execute(RemoteWebDriver.java:545)
	at org.openqa.selenium.remote.RemoteWebElement.execute(RemoteWebElement.java:223)
	at org.openqa.selenium.remote.RemoteWebElement.sendKeys(RemoteWebElement.java:110)
	at PageObjects.IntroductionPage.enterCodeInEditor(IntroductionPage.java:82)
	at StepDefinitions.DSIntroductionDetails.user_writes_invalid_code_and_clicks_run_button(DSIntroductionDetails.java:184)
	at ✽.User writes invalid code and clicks run button(file:///C:/Projects/newFolder-3/Repo1/src/test/resources/Features/QueueDetails.feature:97)
&amp#27;[0m
  &amp#27;[36mThen &amp#27;[0m&amp#27;[36mThe user should able to see an error message in alert window&amp#27;[0m                                         &amp#27;[90m# StepDefinitions.DSIntroductionDetails.the_user_should_able_to_see_an_error_message_in_alert_window()&amp#27;[0m
[ERROR] 2024-12-17 11:53:13.752 [TestNG-PoolService-3] Hooks - ======================  TEST CASE FAILED !! ======================

    Embedding screenshot [image/png 7853 bytes]

[INFO ] 2024-12-17 11:53:13.950 [TestNG-PoolService-3] Hooks - ======================  Screenshot is captured  ======================
[INFO ] 2024-12-17 11:53:13.952 [TestNG-PoolService-3] Hooks - ======================  Test Execution is completed!! ======================
  &amp#27;[32mGiven &amp#27;[0m&amp#27;[32mThe user is on Implementation using array page&amp#27;[0m                                                       &amp#27;[90m# StepDefinitions.QueueStepDefinitions.the_user_is_on_implementation_using_array_page()&amp#27;[0m
]]></system-out>
    <system-err><![CDATA[Dec 17, 2024 11:53:13 AM org.openqa.selenium.devtools.CdpVersionFinder findNearestMatch
WARNING: Unable to find an exact match for CDP version 131, returning the closest version; found: 130; Please update to a Selenium version that supports CDP version 131
]]></system-err>
  </testcase>
  <testcase name="runScenario[&quot;Error message displayed for invalid code on try editor for Implementation using collections.deque&quot;, &quot;Queue Details page&quot;](122)" classname="TestRunners.TestRunner" time="0.478">
    <system-out><![CDATA[
Scenario: Valid code on try editor for Implementation using collections.deque runs successfully &amp#27;[90m# src/test/resources/Features/QueueDetails.feature:105&amp#27;[0m
]]></system-out>
  </testcase>
  <testcase name="runScenario[&quot;No error message displayed for empty code on try editor for Implementation using collections.deque&quot;, &quot;Queue Details page&quot;](123)" classname="TestRunners.TestRunner" time="0.976">
    <system-out><![CDATA[
Scenario Outline: New user registration page with all fields empty and Register button is clicked                     &amp#27;[90m# src/test/resources/Features/Registration.feature:13&amp#27;[0m
  &amp#27;[32mWhen &amp#27;[0m&amp#27;[32mUser clicks on run button with empty code&amp#27;[0m                                                             &amp#27;[90m# StepDefinitions.DSIntroductionDetails.user_clicks_on_run_button_with_empty_code()&amp#27;[0m
  &amp#27;[32mThen &amp#27;[0m&amp#27;[32mThe user should not see any error message or alert&amp#27;[0m                                                    &amp#27;[90m# StepDefinitions.DSIntroductionDetails.the_user_should_not_see_any_error_message_or_alert()&amp#27;[0m
[INFO ] 2024-12-17 11:53:15.225 [TestNG-PoolService-1] Hooks - ======================  Test Execution is completed!! ======================
]]></system-out>
  </testcase>
  <testcase name="runScenario[&quot;No error message displayed for empty code on try editor for Implementation using collections.deque&quot;, &quot;Queue Details page&quot;](123)" classname="TestRunners.TestRunner" time="0.135">
    <system-out><![CDATA[
Scenario Outline: New user registration page with all fields empty and Register button is clicked                     &amp#27;[90m# src/test/resources/Features/Registration.feature:13&amp#27;[0m
]]></system-out>
  </testcase>
  <testcase name="runScenario[&quot;New user registration page with all fields empty and Register button is clicked&quot;, &quot;Registration&quot;](124)" classname="TestRunners.TestRunner" time="3.047">
    <system-out><![CDATA[
Scenario Outline: New user registration page with only username entered                                                                         &amp#27;[90m# src/test/resources/Features/Registration.feature:20&amp#27;[0m
  &amp#27;[32mGiven &amp#27;[0m&amp#27;[32mThe user is on the DS Introduction page as signedIn&amp#27;[0m                                     &amp#27;[90m# StepDefinitions.DSIntroductionDetails.the_user_is_on_the_ds_introduction_page_as_signed_in()&amp#27;[0m
  &amp#27;[32mWhen &amp#27;[0m&amp#27;[32mThe user clicks on Get started link for Queue&amp#27;[0m                                            &amp#27;[90m# StepDefinitions.QueueStepDefinitions.the_user_clicks_on_get_started_link_for_queue()&amp#27;[0m
  &amp#27;[32mGiven &amp#27;[0m&amp#27;[32mThe user is on Implementation using array page&amp#27;[0m                                          &amp#27;[90m# StepDefinitions.QueueStepDefinitions.the_user_is_on_implementation_using_array_page()&amp#27;[0m
  &amp#27;[32mGiven &amp#27;[0m&amp#27;[32mThe user is on the new user registration page&amp#27;[0m                                                                 &amp#27;[90m# StepDefinitions.Registration.the_user_is_on_the_new_user_registration_page()&amp#27;[0m
  &amp#27;[32mWhen &amp#27;[0m&amp#27;[32mThe user clicks Register button with all fields empty on registration form from sheetname &amp#27;[0m&amp#27;[32m&amp#27;[1m"register"&amp#27;[0m&amp#27;[32m and row &amp#27;[0m&amp#27;[32m&amp#27;[1m0&amp#27;[0m &amp#27;[90m# StepDefinitions.Registration.the_user_clicks_register_button_with_all_fields_empty_on_registration_form_from_sheetname(java.lang.String,java.lang.Integer)&amp#27;[0m
  &amp#27;[32mThen &amp#27;[0m&amp#27;[32mThe error Please fill out this field appears below Username textbox&amp#27;[0m                                            &amp#27;[90m# StepDefinitions.Registration.the_error_please_fill_out_this_field_appears_below_username_textbox()&amp#27;[0m
[INFO ] 2024-12-17 11:53:18.270 [TestNG-PoolService-3] Hooks - ======================  Test Execution is completed!! ======================
]]></system-out>
    <system-err><![CDATA[Dec 17, 2024 11:53:16 AM org.openqa.selenium.devtools.CdpVersionFinder findNearestMatch
WARNING: Unable to find an exact match for CDP version 131, returning the closest version; found: 130; Please update to a Selenium version that supports CDP version 131
Dec 17, 2024 11:53:17 AM org.openqa.selenium.devtools.CdpVersionFinder findNearestMatch
WARNING: Unable to find an exact match for CDP version 131, returning the closest version; found: 130; Please update to a Selenium version that supports CDP version 131
]]></system-err>
  </testcase>
  <testcase name="runScenario[&quot;New user registration page with all fields empty and Register button is clicked&quot;, &quot;Registration&quot;](124)" classname="TestRunners.TestRunner" time="7.283">
    <system-out><![CDATA[
Scenario Outline: New user registration page with only username entered                                                                         &amp#27;[90m# src/test/resources/Features/Registration.feature:20&amp#27;[0m
  &amp#27;[32mGiven &amp#27;[0m&amp#27;[32mThe user is on the new user registration page&amp#27;[0m                                                                 &amp#27;[90m# StepDefinitions.Registration.the_user_is_on_the_new_user_registration_page()&amp#27;[0m
  &amp#27;[32mGiven &amp#27;[0m&amp#27;[32mThe user is on the new user registration page&amp#27;[0m                                                                                           &amp#27;[90m# StepDefinitions.Registration.the_user_is_on_the_new_user_registration_page()&amp#27;[0m
  &amp#27;[32mGiven &amp#27;[0m&amp#27;[32mThe user is on the DS Introduction page as signedIn&amp#27;[0m                                     &amp#27;[90m# StepDefinitions.DSIntroductionDetails.the_user_is_on_the_ds_introduction_page_as_signed_in()&amp#27;[0m
  &amp#27;[32mWhen &amp#27;[0m&amp#27;[32mThe user clicks Register button with all fields empty on registration form from sheetname &amp#27;[0m&amp#27;[32m&amp#27;[1m"register"&amp#27;[0m&amp#27;[32m and row &amp#27;[0m&amp#27;[32m&amp#27;[1m0&amp#27;[0m &amp#27;[90m# StepDefinitions.Registration.the_user_clicks_register_button_with_all_fields_empty_on_registration_form_from_sheetname(java.lang.String,java.lang.Integer)&amp#27;[0m
  &amp#27;[32mThen &amp#27;[0m&amp#27;[32mThe error Please fill out this field appears below Username textbox&amp#27;[0m                                            &amp#27;[90m# StepDefinitions.Registration.the_error_please_fill_out_this_field_appears_below_username_textbox()&amp#27;[0m
[INFO ] 2024-12-17 12:22:03.630 [TestNG-PoolService-3] Hooks - ======================  Test Execution is completed!! ======================
  &amp#27;[32mWhen &amp#27;[0m&amp#27;[32mThe user clicks Register button after entering Username with other fields empty on registration form from sheetname &amp#27;[0m&amp#27;[32m&amp#27;[1m"register"&amp#27;[0m&amp#27;[32m and row &amp#27;[0m&amp#27;[32m&amp#27;[1m1&amp#27;[0m &amp#27;[90m# StepDefinitions.Registration.the_user_clicks_register_button_after_entering_username_with_other_fields_empty_on_registration_form_from_sheetname(java.lang.String,java.lang.Integer)&amp#27;[0m
  &amp#27;[32mWhen &amp#27;[0m&amp#27;[32mThe user clicks on Get started link for Queue&amp#27;[0m                                            &amp#27;[90m# StepDefinitions.QueueStepDefinitions.the_user_clicks_on_get_started_link_for_queue()&amp#27;[0m
  &amp#27;[32mThen &amp#27;[0m&amp#27;[32mThe error message Please fill out this field. appears below Password textbox&amp#27;[0m                                                             &amp#27;[90m# StepDefinitions.Registration.the_error_message_please_fill_out_this_field_appears_below_password_textbox()&amp#27;[0m
[INFO ] 2024-12-17 12:22:03.825 [TestNG-PoolService-1] Hooks - ======================  Test Execution is completed!! ======================
  &amp#27;[32mGiven &amp#27;[0m&amp#27;[32mThe user is on Implementation using array page&amp#27;[0m                                          &amp#27;[90m# StepDefinitions.QueueStepDefinitions.the_user_is_on_implementation_using_array_page()&amp#27;[0m
]]></system-out>
    <system-err><![CDATA[Dec 17, 2024 12:21:59 PM org.openqa.selenium.devtools.CdpVersionFinder findNearestMatch
WARNING: Unable to find an exact match for CDP version 131, returning the closest version; found: 130; Please update to a Selenium version that supports CDP version 131
Dec 17, 2024 12:22:01 PM org.openqa.selenium.devtools.CdpVersionFinder findNearestMatch
WARNING: Unable to find an exact match for CDP version 131, returning the closest version; found: 130; Please update to a Selenium version that supports CDP version 131
Dec 17, 2024 12:22:01 PM org.openqa.selenium.devtools.CdpVersionFinder findNearestMatch
WARNING: Unable to find an exact match for CDP version 131, returning the closest version; found: 130; Please update to a Selenium version that supports CDP version 131
]]></system-err>
  </testcase>
  <testcase name="runScenario[&quot;Valid code on try editor for Implementation using collections.deque runs successfully&quot;, &quot;Queue Details page&quot;](125)" classname="TestRunners.TestRunner" time="0.789">
    <failure message="element not interactable&#10;  (Session info: chrome=131.0.6778.140)&#10;Build info: version: &apos;4.26.0&apos;, revision: &apos;8ccf0219d7&apos;&#10;System info: os.name: &apos;Windows 11&apos;, os.arch: &apos;amd64&apos;, os.version: &apos;10.0&apos;, java.version: &apos;21.0.5&apos;&#10;Driver info: org.openqa.selenium.chrome.ChromeDriver&#10;Command: [142b2323f1bad4091d29282e38591788, sendKeysToElement {value=[Ljava.lang.CharSequence;@8145a6, id=f.D1FA646507587BE445A31E8694ED7784.d.75279592864B4687023D5A2728A838CB.e.49}]&#10;Capabilities {acceptInsecureCerts: false, browserName: chrome, browserVersion: 131.0.6778.140, chrome: {chromedriverVersion: 131.0.6778.108 (3b014839fbc..., userDataDir: C:\Users\vamsh\AppData\Loca...}, fedcm:accounts: true, goog:chromeOptions: {debuggerAddress: localhost:60967}, networkConnectionEnabled: false, pageLoadStrategy: normal, platformName: windows, proxy: Proxy(), se:cdp: ws://localhost:60967/devtoo..., se:cdpVersion: 131.0.6778.140, setWindowRect: true, strictFileInteractability: false, timeouts: {implicit: 0, pageLoad: 300000, script: 30000}, unhandledPromptBehavior: dismiss and notify, webauthn:extension:credBlob: true, webauthn:extension:largeBlob: true, webauthn:extension:minPinLength: true, webauthn:extension:prf: true, webauthn:virtualAuthenticators: true}&#10;Element: [[ChromeDriver: chrome on windows (142b2323f1bad4091d29282e38591788)] -&gt; css selector: .CodeMirror textarea]&#10;Session ID: 142b2323f1bad4091d29282e38591788" type="org.openqa.selenium.ElementNotInteractableException"><![CDATA[org.openqa.selenium.ElementNotInteractableException: 
element not interactable
  (Session info: chrome=131.0.6778.140)
Build info: version: '4.26.0', revision: '8ccf0219d7'
System info: os.name: 'Windows 11', os.arch: 'amd64', os.version: '10.0', java.version: '21.0.5'
Driver info: org.openqa.selenium.chrome.ChromeDriver
Command: [142b2323f1bad4091d29282e38591788, sendKeysToElement {value=[Ljava.lang.CharSequence;@8145a6, id=f.D1FA646507587BE445A31E8694ED7784.d.75279592864B4687023D5A2728A838CB.e.49}]
Capabilities {acceptInsecureCerts: false, browserName: chrome, browserVersion: 131.0.6778.140, chrome: {chromedriverVersion: 131.0.6778.108 (3b014839fbc..., userDataDir: C:\Users\vamsh\AppData\Loca...}, fedcm:accounts: true, goog:chromeOptions: {debuggerAddress: localhost:60967}, networkConnectionEnabled: false, pageLoadStrategy: normal, platformName: windows, proxy: Proxy(), se:cdp: ws://localhost:60967/devtoo..., se:cdpVersion: 131.0.6778.140, setWindowRect: true, strictFileInteractability: false, timeouts: {implicit: 0, pageLoad: 300000, script: 30000}, unhandledPromptBehavior: dismiss and notify, webauthn:extension:credBlob: true, webauthn:extension:largeBlob: true, webauthn:extension:minPinLength: true, webauthn:extension:prf: true, webauthn:virtualAuthenticators: true}
Element: [[ChromeDriver: chrome on windows (142b2323f1bad4091d29282e38591788)] -> css selector: .CodeMirror textarea]
Session ID: 142b2323f1bad4091d29282e38591788
]]></failure>
    <system-out><![CDATA[
Scenario Outline: New user registration page with only username and password fields entered                                                                                 &amp#27;[90m# src/test/resources/Features/Registration.feature:28&amp#27;[0m
  &amp#27;[31mWhen &amp#27;[0m&amp#27;[31mUser writes valid code and clicks run button&amp#27;[0m                                             &amp#27;[90m# StepDefinitions.DSIntroductionDetails.user_writes_valid_code_and_clicks_run_button()&amp#27;[0m
      &amp#27;[31morg.openqa.selenium.ElementNotInteractableException: element not interactable
  (Session info: chrome=131.0.6778.140)
Build info: version: '4.26.0', revision: '8ccf0219d7'
System info: os.name: 'Windows 11', os.arch: 'amd64', os.version: '10.0', java.version: '21.0.5'
Driver info: org.openqa.selenium.chrome.ChromeDriver
Command: [142b2323f1bad4091d29282e38591788, sendKeysToElement {value=[Ljava.lang.CharSequence;@8145a6, id=f.D1FA646507587BE445A31E8694ED7784.d.75279592864B4687023D5A2728A838CB.e.49}]
Capabilities {acceptInsecureCerts: false, browserName: chrome, browserVersion: 131.0.6778.140, chrome: {chromedriverVersion: 131.0.6778.108 (3b014839fbc..., userDataDir: C:\Users\vamsh\AppData\Loca...}, fedcm:accounts: true, goog:chromeOptions: {debuggerAddress: localhost:60967}, networkConnectionEnabled: false, pageLoadStrategy: normal, platformName: windows, proxy: Proxy(), se:cdp: ws://localhost:60967/devtoo..., se:cdpVersion: 131.0.6778.140, setWindowRect: true, strictFileInteractability: false, timeouts: {implicit: 0, pageLoad: 300000, script: 30000}, unhandledPromptBehavior: dismiss and notify, webauthn:extension:credBlob: true, webauthn:extension:largeBlob: true, webauthn:extension:minPinLength: true, webauthn:extension:prf: true, webauthn:virtualAuthenticators: true}
Element: [[ChromeDriver: chrome on windows (142b2323f1bad4091d29282e38591788)] -> css selector: .CodeMirror textarea]
Session ID: 142b2323f1bad4091d29282e38591788
	at java.base/jdk.internal.reflect.DirectConstructorHandleAccessor.newInstance(DirectConstructorHandleAccessor.java:62)
	at java.base/java.lang.reflect.Constructor.newInstanceWithCaller(Constructor.java:502)
	at java.base/java.lang.reflect.Constructor.newInstance(Constructor.java:486)
	at org.openqa.selenium.remote.ErrorCodec.decode(ErrorCodec.java:167)
	at org.openqa.selenium.remote.codec.w3c.W3CHttpResponseCodec.decode(W3CHttpResponseCodec.java:138)
	at org.openqa.selenium.remote.codec.w3c.W3CHttpResponseCodec.decode(W3CHttpResponseCodec.java:50)
	at org.openqa.selenium.remote.HttpCommandExecutor.execute(HttpCommandExecutor.java:190)
	at org.openqa.selenium.remote.service.DriverCommandExecutor.invokeExecute(DriverCommandExecutor.java:216)
	at org.openqa.selenium.remote.service.DriverCommandExecutor.execute(DriverCommandExecutor.java:174)
	at org.openqa.selenium.remote.RemoteWebDriver.execute(RemoteWebDriver.java:545)
	at org.openqa.selenium.remote.RemoteWebElement.execute(RemoteWebElement.java:223)
	at org.openqa.selenium.remote.RemoteWebElement.sendKeys(RemoteWebElement.java:110)
	at PageObjects.IntroductionPage.enterCodeInEditor(IntroductionPage.java:82)
	at StepDefinitions.DSIntroductionDetails.user_writes_valid_code_and_clicks_run_button(DSIntroductionDetails.java:197)
	at ✽.User writes valid code and clicks run button(file:///C:/Projects/newFolder-3/Repo1/src/test/resources/Features/QueueDetails.feature:107)
&amp#27;[0m
  &amp#27;[36mThen &amp#27;[0m&amp#27;[36mThe user should able to see output in the console&amp#27;[0m                                        &amp#27;[90m# StepDefinitions.DSIntroductionDetails.the_user_should_able_to_see_output_in_the_console()&amp#27;[0m
[ERROR] 2024-12-17 11:53:18.750 [TestNG-PoolService-2] Hooks - ======================  TEST CASE FAILED !! ======================
  &amp#27;[32mGiven &amp#27;[0m&amp#27;[32mThe user is on the new user registration page&amp#27;[0m                                                                                           &amp#27;[90m# StepDefinitions.Registration.the_user_is_on_the_new_user_registration_page()&amp#27;[0m

    Embedding screenshot [image/png 7853 bytes]

[INFO ] 2024-12-17 11:53:18.948 [TestNG-PoolService-2] Hooks - ======================  Screenshot is captured  ======================
[INFO ] 2024-12-17 11:53:18.950 [TestNG-PoolService-2] Hooks - ======================  Test Execution is completed!! ======================
]]></system-out>
  </testcase>
  <testcase name="runScenario[&quot;New user registration page with only username entered&quot;, &quot;Registration&quot;](126)" classname="TestRunners.TestRunner" time="1.14">
    <system-out><![CDATA[
Scenario Outline: New user registration page with username entered with a space inbetween                                                                                        &amp#27;[90m# src/test/resources/Features/Registration.feature:35&amp#27;[0m
  &amp#27;[32mWhen &amp#27;[0m&amp#27;[32mThe user clicks Register button after entering Username with other fields empty on registration form from sheetname &amp#27;[0m&amp#27;[32m&amp#27;[1m"register"&amp#27;[0m&amp#27;[32m and row &amp#27;[0m&amp#27;[32m&amp#27;[1m1&amp#27;[0m &amp#27;[90m# StepDefinitions.Registration.the_user_clicks_register_button_after_entering_username_with_other_fields_empty_on_registration_form_from_sheetname(java.lang.String,java.lang.Integer)&amp#27;[0m
  &amp#27;[32mThen &amp#27;[0m&amp#27;[32mThe error message Please fill out this field. appears below Password textbox&amp#27;[0m                                                             &amp#27;[90m# StepDefinitions.Registration.the_error_message_please_fill_out_this_field_appears_below_password_textbox()&amp#27;[0m
[INFO ] 2024-12-17 11:53:19.734 [TestNG-PoolService-1] Hooks - ======================  Test Execution is completed!! ======================
]]></system-out>
    <system-err><![CDATA[Dec 17, 2024 11:53:20 AM org.openqa.selenium.devtools.CdpVersionFinder findNearestMatch
WARNING: Unable to find an exact match for CDP version 131, returning the closest version; found: 130; Please update to a Selenium version that supports CDP version 131
]]></system-err>
  </testcase>
  <testcase name="runScenario[&quot;New user registration page with only username and password fields entered&quot;, &quot;Registration&quot;](127)" classname="TestRunners.TestRunner" time="2.976">
    <system-out><![CDATA[
Scenario Outline: New user registration page with valid username but only numeric password and confirm password                                  &amp#27;[90m# src/test/resources/Features/Registration.feature:42&amp#27;[0m
  &amp#27;[32mGiven &amp#27;[0m&amp#27;[32mThe user is on the new user registration page&amp#27;[0m                                                                                                                       &amp#27;[90m# StepDefinitions.Registration.the_user_is_on_the_new_user_registration_page()&amp#27;[0m
  &amp#27;[32mGiven &amp#27;[0m&amp#27;[32mThe user is on the new user registration page&amp#27;[0m                                                                                                                            &amp#27;[90m# StepDefinitions.Registration.the_user_is_on_the_new_user_registration_page()&amp#27;[0m
  &amp#27;[32mWhen &amp#27;[0m&amp#27;[32mThe user clicks Register button after entering Username and password with Password Confirmation field empty on registration form from sheetname &amp#27;[0m&amp#27;[32m&amp#27;[1m"register"&amp#27;[0m&amp#27;[32m and row &amp#27;[0m&amp#27;[32m&amp#27;[1m2&amp#27;[0m &amp#27;[90m# StepDefinitions.Registration.the_user_clicks_register_button_after_entering_username_and_password_with_password_confirmation_field_empty_on_registration_form_from_sheetname(java.lang.String,java.lang.Integer)&amp#27;[0m
  &amp#27;[32mThen &amp#27;[0m&amp#27;[32mThe error message Please fill out this field. appears below Password Confirmation textbox&amp#27;[0m                                                                            &amp#27;[90m# StepDefinitions.Registration.then_the_error_message_please_fill_out_this_field_appears_below_password_confirmation_textbox()&amp#27;[0m
[INFO ] 2024-12-17 11:53:23.138 [TestNG-PoolService-3] Hooks - ======================  Test Execution is completed!! ======================
]]></system-out>
    <system-err><![CDATA[Dec 17, 2024 11:53:21 AM org.openqa.selenium.devtools.CdpVersionFinder findNearestMatch
WARNING: Unable to find an exact match for CDP version 131, returning the closest version; found: 130; Please update to a Selenium version that supports CDP version 131
Dec 17, 2024 11:53:22 AM org.openqa.selenium.devtools.CdpVersionFinder findNearestMatch
WARNING: Unable to find an exact match for CDP version 131, returning the closest version; found: 130; Please update to a Selenium version that supports CDP version 131
]]></system-err>
  </testcase>
  <testcase name="runScenario[&quot;New user registration page with only username and password fields entered&quot;, &quot;Registration&quot;](127)" classname="TestRunners.TestRunner" time="8.665">
    <system-out><![CDATA[
Scenario Outline: New user registration page with valid username but only numeric password and confirm password                                  &amp#27;[90m# src/test/resources/Features/Registration.feature:42&amp#27;[0m
  &amp#27;[32mGiven &amp#27;[0m&amp#27;[32mThe user is on the new user registration page&amp#27;[0m                                                                                                                       &amp#27;[90m# StepDefinitions.Registration.the_user_is_on_the_new_user_registration_page()&amp#27;[0m
  &amp#27;[32mWhen &amp#27;[0m&amp#27;[32mThe user clicks Register button after entering Username and password with Password Confirmation field empty on registration form from sheetname &amp#27;[0m&amp#27;[32m&amp#27;[1m"register"&amp#27;[0m&amp#27;[32m and row &amp#27;[0m&amp#27;[32m&amp#27;[1m2&amp#27;[0m &amp#27;[90m# StepDefinitions.Registration.the_user_clicks_register_button_after_entering_username_and_password_with_password_confirmation_field_empty_on_registration_form_from_sheetname(java.lang.String,java.lang.Integer)&amp#27;[0m
  &amp#27;[32mThen &amp#27;[0m&amp#27;[32mThe error message Please fill out this field. appears below Password Confirmation textbox&amp#27;[0m                                                                            &amp#27;[90m# StepDefinitions.Registration.then_the_error_message_please_fill_out_this_field_appears_below_password_confirmation_textbox()&amp#27;[0m
[INFO ] 2024-12-17 12:07:31.513 [TestNG-PoolService-1] Hooks - ======================  Test Execution is completed!! ======================
  &amp#27;[32mGiven &amp#27;[0m&amp#27;[32mThe user is on the new user registration page&amp#27;[0m                                                                                            &amp#27;[90m# StepDefinitions.Registration.the_user_is_on_the_new_user_registration_page()&amp#27;[0m
  &amp#27;[32mGiven &amp#27;[0m&amp#27;[32mThe user is on the new user registration page&amp#27;[0m                                                                                                                            &amp#27;[90m# StepDefinitions.Registration.the_user_is_on_the_new_user_registration_page()&amp#27;[0m
  &amp#27;[32mWhen &amp#27;[0m&amp#27;[32mThe user clicks Register button after entering a password with only numeric data on registration form from sheetname &amp#27;[0m&amp#27;[32m&amp#27;[1m"register"&amp#27;[0m&amp#27;[32m and row &amp#27;[0m&amp#27;[32m&amp#27;[1m4&amp#27;[0m &amp#27;[90m# StepDefinitions.Registration.the_user_clicks_register_button_after_entering_a_password_with_only_numeric_data_on_registration_form_from_sheetname(java.lang.String,java.lang.Integer)&amp#27;[0m
  &amp#27;[31mThen &amp#27;[0m&amp#27;[31mThe user is displayed the appropriate error msg after entering invalid data and redirects to empty confirm password textbox&amp#27;[0m               &amp#27;[90m# StepDefinitions.Registration.the_user_is_displayed_the_appropriate_error_msg_after_entering_invalid_data_and_redirects_to_empty_confirm_password_textbox()&amp#27;[0m
      &amp#27;[31mjava.lang.AssertionError: expected [Invalid password] but found [password_mismatch:The two password fields didn’t match.]
	at org.testng.Assert.fail(Assert.java:111)
	at org.testng.Assert.failNotEquals(Assert.java:1578)
	at org.testng.Assert.assertEqualsImpl(Assert.java:150)
	at org.testng.Assert.assertEquals(Assert.java:132)
	at org.testng.Assert.assertEquals(Assert.java:656)
	at org.testng.Assert.assertEquals(Assert.java:666)
	at StepDefinitions.Registration.the_user_is_displayed_the_appropriate_error_msg_after_entering_invalid_data_and_redirects_to_empty_confirm_password_textbox(Registration.java:112)
	at ✽.The user is displayed the appropriate error msg after entering invalid data and redirects to empty confirm password textbox(file:///C:/Projects/newFolder-3/Repo1/src/test/resources/Features/Registration.feature:39)
&amp#27;[0m
[ERROR] 2024-12-17 12:07:32.724 [TestNG-PoolService-3] Hooks - ======================  TEST CASE FAILED !! ======================

    Embedding screenshot [image/png 62935 bytes]

[INFO ] 2024-12-17 12:07:32.826 [TestNG-PoolService-3] Hooks - ======================  Screenshot is captured  ======================
  &amp#27;[32mWhen &amp#27;[0m&amp#27;[32mThe user clicks Register button after entering a username with spacebar characters other than digits and symbols on registration form from sheetname &amp#27;[0m&amp#27;[32m&amp#27;[1m"register"&amp#27;[0m&amp#27;[32m and row &amp#27;[0m&amp#27;[32m&amp#27;[1m3&amp#27;[0m &amp#27;[90m# StepDefinitions.Registration.the_user_clicks_register_button_after_entering_a_username_with_spacebar_characters_other_than_digits_and_symbols_on_registration_form_from_sheetname(java.lang.String,java.lang.Integer)&amp#27;[0m
[INFO ] 2024-12-17 12:07:32.827 [TestNG-PoolService-3] Hooks - ======================  Test Execution is completed!! ======================
  &amp#27;[31mThen &amp#27;[0m&amp#27;[31mThe user is displayed with error msg after entering invalid data and redirects to empty username textbox&amp#27;[0m                                                                  &amp#27;[90m# StepDefinitions.Registration.the_user_is_displayed_with_error_msg_after_entering_invalid_data_and_redirects_to_empty_username_textbox()&amp#27;[0m
      &amp#27;[31mjava.lang.AssertionError: expected [NumpyNinja] but found [Registration]
	at org.testng.Assert.fail(Assert.java:111)
	at org.testng.Assert.failNotEquals(Assert.java:1578)
	at org.testng.Assert.assertEqualsImpl(Assert.java:150)
	at org.testng.Assert.assertEquals(Assert.java:132)
	at org.testng.Assert.assertEquals(Assert.java:656)
	at org.testng.Assert.assertEquals(Assert.java:666)
	at StepDefinitions.Registration.the_user_is_displayed_with_error_msg_after_entering_invalid_data_and_redirects_to_empty_username_textbox(Registration.java:94)
	at ✽.The user is displayed with error msg after entering invalid data and redirects to empty username textbox(file:///C:/Projects/newFolder-3/Repo1/src/test/resources/Features/Registration.feature:32)
&amp#27;[0m
[ERROR] 2024-12-17 12:07:32.836 [TestNG-PoolService-2] Hooks - ======================  TEST CASE FAILED !! ======================

    Embedding screenshot [image/png 62935 bytes]

[INFO ] 2024-12-17 12:07:32.933 [TestNG-PoolService-2] Hooks - ======================  Screenshot is captured  ======================
[INFO ] 2024-12-17 12:07:32.937 [TestNG-PoolService-2] Hooks - ======================  Test Execution is completed!! ======================
]]></system-out>
  </testcase>
  <testcase name="runScenario[&quot;New user registration page with only username and password fields entered&quot;, &quot;Registration&quot;](127)" classname="TestRunners.TestRunner" time="7.159">
    <system-out><![CDATA[
Scenario Outline: New user registration page with valid username but only numeric password and confirm password                                  &amp#27;[90m# src/test/resources/Features/Registration.feature:42&amp#27;[0m
  &amp#27;[32mGiven &amp#27;[0m&amp#27;[32mThe user is on the new user registration page&amp#27;[0m                                                                                                                            &amp#27;[90m# StepDefinitions.Registration.the_user_is_on_the_new_user_registration_page()&amp#27;[0m
  &amp#27;[32mGiven &amp#27;[0m&amp#27;[32mThe user is on the new user registration page&amp#27;[0m                                                                                                                       &amp#27;[90m# StepDefinitions.Registration.the_user_is_on_the_new_user_registration_page()&amp#27;[0m
  &amp#27;[32mWhen &amp#27;[0m&amp#27;[32mThe user clicks Register button after entering Username and password with Password Confirmation field empty on registration form from sheetname &amp#27;[0m&amp#27;[32m&amp#27;[1m"register"&amp#27;[0m&amp#27;[32m and row &amp#27;[0m&amp#27;[32m&amp#27;[1m2&amp#27;[0m &amp#27;[90m# StepDefinitions.Registration.the_user_clicks_register_button_after_entering_username_and_password_with_password_confirmation_field_empty_on_registration_form_from_sheetname(java.lang.String,java.lang.Integer)&amp#27;[0m
  &amp#27;[32mThen &amp#27;[0m&amp#27;[32mThe error message Please fill out this field. appears below Password Confirmation textbox&amp#27;[0m                                                                            &amp#27;[90m# StepDefinitions.Registration.then_the_error_message_please_fill_out_this_field_appears_below_password_confirmation_textbox()&amp#27;[0m
[INFO ] 2024-12-17 12:22:12.413 [TestNG-PoolService-3] Hooks - ======================  Test Execution is completed!! ======================
  &amp#27;[32mWhen &amp#27;[0m&amp#27;[32mThe user clicks Register button after entering a username with spacebar characters other than digits and symbols on registration form from sheetname &amp#27;[0m&amp#27;[32m&amp#27;[1m"register"&amp#27;[0m&amp#27;[32m and row &amp#27;[0m&amp#27;[32m&amp#27;[1m3&amp#27;[0m &amp#27;[90m# StepDefinitions.Registration.the_user_clicks_register_button_after_entering_a_username_with_spacebar_characters_other_than_digits_and_symbols_on_registration_form_from_sheetname(java.lang.String,java.lang.Integer)&amp#27;[0m
  &amp#27;[31mThen &amp#27;[0m&amp#27;[31mThe user is displayed with error msg after entering invalid data and redirects to empty username textbox&amp#27;[0m                                                                  &amp#27;[90m# StepDefinitions.Registration.the_user_is_displayed_with_error_msg_after_entering_invalid_data_and_redirects_to_empty_username_textbox()&amp#27;[0m
      &amp#27;[31mjava.lang.AssertionError: expected [NumpyNinja] but found [Registration]
	at org.testng.Assert.fail(Assert.java:111)
	at org.testng.Assert.failNotEquals(Assert.java:1578)
	at org.testng.Assert.assertEqualsImpl(Assert.java:150)
	at org.testng.Assert.assertEquals(Assert.java:132)
	at org.testng.Assert.assertEquals(Assert.java:656)
	at org.testng.Assert.assertEquals(Assert.java:666)
	at StepDefinitions.Registration.the_user_is_displayed_with_error_msg_after_entering_invalid_data_and_redirects_to_empty_username_textbox(Registration.java:94)
	at ✽.The user is displayed with error msg after entering invalid data and redirects to empty username textbox(file:///C:/Projects/newFolder-3/Repo1/src/test/resources/Features/Registration.feature:32)
&amp#27;[0m
[ERROR] 2024-12-17 12:22:12.465 [TestNG-PoolService-1] Hooks - ======================  TEST CASE FAILED !! ======================

    Embedding screenshot [image/png 37391 bytes]

[INFO ] 2024-12-17 12:22:12.686 [TestNG-PoolService-1] Hooks - ======================  Screenshot is captured  ======================
[INFO ] 2024-12-17 12:22:12.688 [TestNG-PoolService-1] Hooks - ======================  Test Execution is completed!! ======================
  &amp#27;[32mGiven &amp#27;[0m&amp#27;[32mThe user is on the new user registration page&amp#27;[0m                                                                                            &amp#27;[90m# StepDefinitions.Registration.the_user_is_on_the_new_user_registration_page()&amp#27;[0m
  &amp#27;[32mWhen &amp#27;[0m&amp#27;[32mThe user clicks Register button after entering a password with only numeric data on registration form from sheetname &amp#27;[0m&amp#27;[32m&amp#27;[1m"register"&amp#27;[0m&amp#27;[32m and row &amp#27;[0m&amp#27;[32m&amp#27;[1m4&amp#27;[0m &amp#27;[90m# StepDefinitions.Registration.the_user_clicks_register_button_after_entering_a_password_with_only_numeric_data_on_registration_form_from_sheetname(java.lang.String,java.lang.Integer)&amp#27;[0m
  &amp#27;[31mThen &amp#27;[0m&amp#27;[31mThe user is displayed the appropriate error msg after entering invalid data and redirects to empty confirm password textbox&amp#27;[0m               &amp#27;[90m# StepDefinitions.Registration.the_user_is_displayed_the_appropriate_error_msg_after_entering_invalid_data_and_redirects_to_empty_confirm_password_textbox()&amp#27;[0m
      &amp#27;[31mjava.lang.AssertionError: expected [Invalid password] but found [password_mismatch:The two password fields didn’t match.]
	at org.testng.Assert.fail(Assert.java:111)
	at org.testng.Assert.failNotEquals(Assert.java:1578)
	at org.testng.Assert.assertEqualsImpl(Assert.java:150)
	at org.testng.Assert.assertEquals(Assert.java:132)
	at org.testng.Assert.assertEquals(Assert.java:656)
	at org.testng.Assert.assertEquals(Assert.java:666)
	at StepDefinitions.Registration.the_user_is_displayed_the_appropriate_error_msg_after_entering_invalid_data_and_redirects_to_empty_confirm_password_textbox(Registration.java:112)
	at ✽.The user is displayed the appropriate error msg after entering invalid data and redirects to empty confirm password textbox(file:///C:/Projects/newFolder-3/Repo1/src/test/resources/Features/Registration.feature:39)
&amp#27;[0m
[ERROR] 2024-12-17 12:22:13.639 [TestNG-PoolService-2] Hooks - ======================  TEST CASE FAILED !! ======================

    Embedding screenshot [image/png 37391 bytes]

[INFO ] 2024-12-17 12:22:13.790 [TestNG-PoolService-2] Hooks - ======================  Screenshot is captured  ======================
[INFO ] 2024-12-17 12:22:13.790 [TestNG-PoolService-2] Hooks - ======================  Test Execution is completed!! ======================
]]></system-out>
    <system-err><![CDATA[Dec 17, 2024 12:22:08 PM org.openqa.selenium.devtools.CdpVersionFinder findNearestMatch
WARNING: Unable to find an exact match for CDP version 131, returning the closest version; found: 130; Please update to a Selenium version that supports CDP version 131
Dec 17, 2024 12:22:08 PM org.openqa.selenium.devtools.CdpVersionFinder findNearestMatch
WARNING: Unable to find an exact match for CDP version 131, returning the closest version; found: 130; Please update to a Selenium version that supports CDP version 131
Dec 17, 2024 12:22:10 PM org.openqa.selenium.devtools.CdpVersionFinder findNearestMatch
WARNING: Unable to find an exact match for CDP version 131, returning the closest version; found: 130; Please update to a Selenium version that supports CDP version 131
]]></system-err>
  </testcase>
  <testcase name="runScenario[&quot;New user registration page with username entered with a space inbetween&quot;, &quot;Registration&quot;](128)" classname="TestRunners.TestRunner" time="0.803">
    <failure message="expected [NumpyNinja] but found [Registration]" type="java.lang.AssertionError"><![CDATA[java.lang.AssertionError: expected [NumpyNinja] but found [Registration]
]]></failure>
    <system-out><![CDATA[
Scenario Outline: New user registration page with valid username but password and confirm password fields has less than eight characters                  &amp#27;[90m# src/test/resources/Features/Registration.feature:50&amp#27;[0m
  &amp#27;[32mWhen &amp#27;[0m&amp#27;[32mThe user clicks Register button after entering a username with spacebar characters other than digits and symbols on registration form from sheetname &amp#27;[0m&amp#27;[32m&amp#27;[1m"register"&amp#27;[0m&amp#27;[32m and row &amp#27;[0m&amp#27;[32m&amp#27;[1m3&amp#27;[0m &amp#27;[90m# StepDefinitions.Registration.the_user_clicks_register_button_after_entering_a_username_with_spacebar_characters_other_than_digits_and_symbols_on_registration_form_from_sheetname(java.lang.String,java.lang.Integer)&amp#27;[0m
  &amp#27;[31mThen &amp#27;[0m&amp#27;[31mThe user is displayed with error msg after entering invalid data and redirects to empty username textbox&amp#27;[0m                                                                  &amp#27;[90m# StepDefinitions.Registration.the_user_is_displayed_with_error_msg_after_entering_invalid_data_and_redirects_to_empty_username_textbox()&amp#27;[0m
      &amp#27;[31mjava.lang.AssertionError: expected [NumpyNinja] but found [Registration]
	at org.testng.Assert.fail(Assert.java:111)
	at org.testng.Assert.failNotEquals(Assert.java:1578)
	at org.testng.Assert.assertEqualsImpl(Assert.java:150)
	at org.testng.Assert.assertEquals(Assert.java:132)
	at org.testng.Assert.assertEquals(Assert.java:656)
	at org.testng.Assert.assertEquals(Assert.java:666)
	at StepDefinitions.Registration.the_user_is_displayed_with_error_msg_after_entering_invalid_data_and_redirects_to_empty_username_textbox(Registration.java:94)
	at ✽.The user is displayed with error msg after entering invalid data and redirects to empty username textbox(file:///C:/Projects/newFolder-3/Repo1/src/test/resources/Features/Registration.feature:32)
&amp#27;[0m
[ERROR] 2024-12-17 11:53:23.679 [TestNG-PoolService-2] Hooks - ======================  TEST CASE FAILED !! ======================

    Embedding screenshot [image/png 37341 bytes]

[INFO ] 2024-12-17 11:53:23.853 [TestNG-PoolService-2] Hooks - ======================  Screenshot is captured  ======================
[INFO ] 2024-12-17 11:53:23.859 [TestNG-PoolService-2] Hooks - ======================  Test Execution is completed!! ======================
  &amp#27;[32mGiven &amp#27;[0m&amp#27;[32mThe user is on the new user registration page&amp#27;[0m                                                                                            &amp#27;[90m# StepDefinitions.Registration.the_user_is_on_the_new_user_registration_page()&amp#27;[0m
]]></system-out>
  </testcase>
  <testcase name="runScenario[&quot;New user registration page with username entered with a space inbetween&quot;, &quot;Registration&quot;](128)" classname="TestRunners.TestRunner" time="0.19">
    <failure message="expected [NumpyNinja] but found [Registration]" type="java.lang.AssertionError"><![CDATA[java.lang.AssertionError: expected [NumpyNinja] but found [Registration]
]]></failure>
    <system-out><![CDATA[
Scenario Outline: New user registration page with valid username but password and confirm password fields has less than eight characters                  &amp#27;[90m# src/test/resources/Features/Registration.feature:50&amp#27;[0m
]]></system-out>
  </testcase>
  <testcase name="runScenario[&quot;New user registration page with valid username but only numeric password and confirm password&quot;, &quot;Registration&quot;](129)" classname="TestRunners.TestRunner" time="1.883">
    <failure message="expected [Invalid password] but found [password_mismatch:The two password fields didn’t match.]" type="java.lang.AssertionError"><![CDATA[java.lang.AssertionError: expected [Invalid password] but found [password_mismatch:The two password fields didn’t match.]
]]></failure>
    <system-out><![CDATA[
Scenario Outline: New user registration page on registration with different passwords entered in password and confirm password fields                           &amp#27;[90m# src/test/resources/Features/Registration.feature:58&amp#27;[0m
  &amp#27;[32mWhen &amp#27;[0m&amp#27;[32mThe user clicks Register button after entering a password with only numeric data on registration form from sheetname &amp#27;[0m&amp#27;[32m&amp#27;[1m"register"&amp#27;[0m&amp#27;[32m and row &amp#27;[0m&amp#27;[32m&amp#27;[1m4&amp#27;[0m &amp#27;[90m# StepDefinitions.Registration.the_user_clicks_register_button_after_entering_a_password_with_only_numeric_data_on_registration_form_from_sheetname(java.lang.String,java.lang.Integer)&amp#27;[0m
  &amp#27;[31mThen &amp#27;[0m&amp#27;[31mThe user is displayed the appropriate error msg after entering invalid data and redirects to empty confirm password textbox&amp#27;[0m               &amp#27;[90m# StepDefinitions.Registration.the_user_is_displayed_the_appropriate_error_msg_after_entering_invalid_data_and_redirects_to_empty_confirm_password_textbox()&amp#27;[0m
      &amp#27;[31mjava.lang.AssertionError: expected [Invalid password] but found [password_mismatch:The two password fields didn’t match.]
	at org.testng.Assert.fail(Assert.java:111)
	at org.testng.Assert.failNotEquals(Assert.java:1578)
	at org.testng.Assert.assertEqualsImpl(Assert.java:150)
	at org.testng.Assert.assertEquals(Assert.java:132)
	at org.testng.Assert.assertEquals(Assert.java:656)
	at org.testng.Assert.assertEquals(Assert.java:666)
	at StepDefinitions.Registration.the_user_is_displayed_the_appropriate_error_msg_after_entering_invalid_data_and_redirects_to_empty_confirm_password_textbox(Registration.java:112)
	at ✽.The user is displayed the appropriate error msg after entering invalid data and redirects to empty confirm password textbox(file:///C:/Projects/newFolder-3/Repo1/src/test/resources/Features/Registration.feature:39)
&amp#27;[0m
[ERROR] 2024-12-17 11:53:25.370 [TestNG-PoolService-1] Hooks - ======================  TEST CASE FAILED !! ======================

    Embedding screenshot [image/png 37341 bytes]

[INFO ] 2024-12-17 11:53:25.595 [TestNG-PoolService-1] Hooks - ======================  Screenshot is captured  ======================
[INFO ] 2024-12-17 11:53:25.609 [TestNG-PoolService-1] Hooks - ======================  Test Execution is completed!! ======================
]]></system-out>
    <system-err><![CDATA[Dec 17, 2024 11:53:25 AM org.openqa.selenium.devtools.CdpVersionFinder findNearestMatch
WARNING: Unable to find an exact match for CDP version 131, returning the closest version; found: 130; Please update to a Selenium version that supports CDP version 131
]]></system-err>
  </testcase>
  <testcase name="runScenario[&quot;New user registration page with valid username but only numeric password and confirm password&quot;, &quot;Registration&quot;](129)" classname="TestRunners.TestRunner" time="0.758">
    <failure message="expected [Invalid password] but found [password_mismatch:The two password fields didn’t match.]" type="java.lang.AssertionError"><![CDATA[java.lang.AssertionError: expected [Invalid password] but found [password_mismatch:The two password fields didn’t match.]
]]></failure>
    <system-out><![CDATA[
Scenario Outline: New user registration page on registration with different passwords entered in password and confirm password fields                           &amp#27;[90m# src/test/resources/Features/Registration.feature:58&amp#27;[0m
]]></system-out>
  </testcase>
  <testcase name="runScenario[&quot;New user registration page with valid username but password and confirm password fields has less than eight characters&quot;, &quot;Registration&quot;](130)" classname="TestRunners.TestRunner" time="2.472">
    <failure message="expected [Invalid password] but found [password_mismatch:The two password fields didn’t match.]" type="java.lang.AssertionError"><![CDATA[java.lang.AssertionError: expected [Invalid password] but found [password_mismatch:The two password fields didn’t match.]
]]></failure>
    <system-out><![CDATA[
Scenario Outline: New user registration page with all valid credentials entered                                                                          &amp#27;[90m# src/test/resources/Features/Registration.feature:65&amp#27;[0m
  &amp#27;[32mGiven &amp#27;[0m&amp#27;[32mThe user is on the new user registration page&amp#27;[0m                                                                                                     &amp#27;[90m# StepDefinitions.Registration.the_user_is_on_the_new_user_registration_page()&amp#27;[0m
  &amp#27;[32mGiven &amp#27;[0m&amp#27;[32mThe user is on the new user registration page&amp#27;[0m                                                                                                           &amp#27;[90m# StepDefinitions.Registration.the_user_is_on_the_new_user_registration_page()&amp#27;[0m
  &amp#27;[32mWhen &amp#27;[0m&amp#27;[32mThe user clicks Register button after entering a Password with characters less than eight on registration form from sheetname &amp#27;[0m&amp#27;[32m&amp#27;[1m"register"&amp#27;[0m&amp#27;[32m and row &amp#27;[0m&amp#27;[32m&amp#27;[1m5&amp#27;[0m &amp#27;[90m# StepDefinitions.Registration.the_user_clicks_register_button_after_entering_a_password_with_characters_less_than_eight_on_registration_form_from_sheetname(java.lang.String,java.lang.Integer)&amp#27;[0m
  &amp#27;[31mThen &amp#27;[0m&amp#27;[31mThe user is displayed the appropriate error msg after entering invalid data and  redirects to empty password confirm textbox&amp#27;[0m                       &amp#27;[90m# StepDefinitions.Registration.the_user_is_displayed_the_appropriate_error_msg_after_entering_invalid_data_and_redirects_to_empty_password_confirm_textbox()&amp#27;[0m
      &amp#27;[31mjava.lang.AssertionError: expected [Invalid password] but found [password_mismatch:The two password fields didn’t match.]
	at org.testng.Assert.fail(Assert.java:111)
	at org.testng.Assert.failNotEquals(Assert.java:1578)
	at org.testng.Assert.assertEqualsImpl(Assert.java:150)
	at org.testng.Assert.assertEquals(Assert.java:132)
	at org.testng.Assert.assertEquals(Assert.java:656)
	at org.testng.Assert.assertEquals(Assert.java:666)
	at StepDefinitions.Registration.the_user_is_displayed_the_appropriate_error_msg_after_entering_invalid_data_and_redirects_to_empty_password_confirm_textbox(Registration.java:131)
	at ✽.The user is displayed the appropriate error msg after entering invalid data and  redirects to empty password confirm textbox(file:///C:/Projects/newFolder-3/Repo1/src/test/resources/Features/Registration.feature:47)
&amp#27;[0m
[ERROR] 2024-12-17 11:53:28.042 [TestNG-PoolService-3] Hooks - ======================  TEST CASE FAILED !! ======================

    Embedding screenshot [image/png 37341 bytes]

[INFO ] 2024-12-17 11:53:28.238 [TestNG-PoolService-3] Hooks - ======================  Screenshot is captured  ======================
[INFO ] 2024-12-17 11:53:28.244 [TestNG-PoolService-3] Hooks - ======================  Test Execution is completed!! ======================
]]></system-out>
    <system-err><![CDATA[Dec 17, 2024 11:53:26 AM org.openqa.selenium.devtools.CdpVersionFinder findNearestMatch
WARNING: Unable to find an exact match for CDP version 131, returning the closest version; found: 130; Please update to a Selenium version that supports CDP version 131
Dec 17, 2024 11:53:27 AM org.openqa.selenium.devtools.CdpVersionFinder findNearestMatch
WARNING: Unable to find an exact match for CDP version 131, returning the closest version; found: 130; Please update to a Selenium version that supports CDP version 131
]]></system-err>
  </testcase>
  <testcase name="runScenario[&quot;New user registration page with valid username but password and confirm password fields has less than eight characters&quot;, &quot;Registration&quot;](130)" classname="TestRunners.TestRunner" time="8.959">
    <failure message="expected [Invalid password] but found [password_mismatch:The two password fields didn’t match.]" type="java.lang.AssertionError"><![CDATA[java.lang.AssertionError: expected [Invalid password] but found [password_mismatch:The two password fields didn’t match.]
]]></failure>
    <system-out><![CDATA[
Scenario Outline: New user registration page with all valid credentials entered                                                                          &amp#27;[90m# src/test/resources/Features/Registration.feature:65&amp#27;[0m
  &amp#27;[32mGiven &amp#27;[0m&amp#27;[32mThe user is on the new user registration page&amp#27;[0m                                                                                                     &amp#27;[90m# StepDefinitions.Registration.the_user_is_on_the_new_user_registration_page()&amp#27;[0m
  &amp#27;[32mWhen &amp#27;[0m&amp#27;[32mThe user clicks Register button after entering a Password with characters less than eight on registration form from sheetname &amp#27;[0m&amp#27;[32m&amp#27;[1m"register"&amp#27;[0m&amp#27;[32m and row &amp#27;[0m&amp#27;[32m&amp#27;[1m5&amp#27;[0m &amp#27;[90m# StepDefinitions.Registration.the_user_clicks_register_button_after_entering_a_password_with_characters_less_than_eight_on_registration_form_from_sheetname(java.lang.String,java.lang.Integer)&amp#27;[0m
  &amp#27;[31mThen &amp#27;[0m&amp#27;[31mThe user is displayed the appropriate error msg after entering invalid data and  redirects to empty password confirm textbox&amp#27;[0m                       &amp#27;[90m# StepDefinitions.Registration.the_user_is_displayed_the_appropriate_error_msg_after_entering_invalid_data_and_redirects_to_empty_password_confirm_textbox()&amp#27;[0m
      &amp#27;[31mjava.lang.AssertionError: expected [Invalid password] but found [password_mismatch:The two password fields didn’t match.]
	at org.testng.Assert.fail(Assert.java:111)
	at org.testng.Assert.failNotEquals(Assert.java:1578)
	at org.testng.Assert.assertEqualsImpl(Assert.java:150)
	at org.testng.Assert.assertEquals(Assert.java:132)
	at org.testng.Assert.assertEquals(Assert.java:656)
	at org.testng.Assert.assertEquals(Assert.java:666)
	at StepDefinitions.Registration.the_user_is_displayed_the_appropriate_error_msg_after_entering_invalid_data_and_redirects_to_empty_password_confirm_textbox(Registration.java:131)
	at ✽.The user is displayed the appropriate error msg after entering invalid data and  redirects to empty password confirm textbox(file:///C:/Projects/newFolder-3/Repo1/src/test/resources/Features/Registration.feature:47)
&amp#27;[0m
[ERROR] 2024-12-17 12:07:41.485 [TestNG-PoolService-1] Hooks - ======================  TEST CASE FAILED !! ======================

    Embedding screenshot [image/png 62935 bytes]

[INFO ] 2024-12-17 12:07:41.605 [TestNG-PoolService-1] Hooks - ======================  Screenshot is captured  ======================
[INFO ] 2024-12-17 12:07:41.608 [TestNG-PoolService-1] Hooks - ======================  Test Execution is completed!! ======================
  &amp#27;[32mGiven &amp#27;[0m&amp#27;[32mThe user is on the new user registration page&amp#27;[0m                                                                                                    &amp#27;[90m# StepDefinitions.Registration.the_user_is_on_the_new_user_registration_page()&amp#27;[0m
  &amp#27;[32mGiven &amp#27;[0m&amp#27;[32mThe user is on the new user registration page&amp#27;[0m                                                                                                           &amp#27;[90m# StepDefinitions.Registration.the_user_is_on_the_new_user_registration_page()&amp#27;[0m
  &amp#27;[32mWhen &amp#27;[0m&amp#27;[32mThe user clicks Register button after user fills registration form from sheetname &amp#27;[0m&amp#27;[32m&amp#27;[1m"register"&amp#27;[0m&amp#27;[32m and row &amp#27;[0m&amp#27;[32m&amp#27;[1m7&amp#27;[0m                                            &amp#27;[90m# StepDefinitions.Registration.the_user_clicks_register_button_after_user_fills_registration_form_from_sheetname_and_row(java.lang.String,java.lang.Integer)&amp#27;[0m
  &amp#27;[31mThen &amp#27;[0m&amp#27;[31mThe user is redirected to Home Page of DS Algo with success message - New Account Created. You are logged in as username on the DS Algo Home Page&amp#27;[0m &amp#27;[90m# StepDefinitions.Registration.the_user_is_redirected_to_home_page_of_ds_algo_with_success_message_new_account_created_you_are_logged_in_as_username_on_the_ds_algo_home_page()&amp#27;[0m
      &amp#27;[31mjava.lang.AssertionError: expected [New Account Created. You are logged in as 11111dddfrtfg] but found [password_mismatch:The two password fields didn’t match.]
	at org.testng.Assert.fail(Assert.java:111)
	at org.testng.Assert.failNotEquals(Assert.java:1578)
	at org.testng.Assert.assertEqualsImpl(Assert.java:150)
	at org.testng.Assert.assertEquals(Assert.java:132)
	at org.testng.Assert.assertEquals(Assert.java:656)
	at org.testng.Assert.assertEquals(Assert.java:666)
	at StepDefinitions.Registration.the_user_is_redirected_to_home_page_of_ds_algo_with_success_message_new_account_created_you_are_logged_in_as_username_on_the_ds_algo_home_page(Registration.java:167)
	at ✽.The user is redirected to Home Page of DS Algo with success message - New Account Created. You are logged in as username on the DS Algo Home Page(file:///C:/Projects/newFolder-3/Repo1/src/test/resources/Features/Registration.feature:62)
&amp#27;[0m
[ERROR] 2024-12-17 12:07:42.620 [TestNG-PoolService-2] Hooks - ======================  TEST CASE FAILED !! ======================
  &amp#27;[32mWhen &amp#27;[0m&amp#27;[32mThe user clicks Register button after entering different passwords in Password and Password Confirmation fields form from sheetname &amp#27;[0m&amp#27;[32m&amp#27;[1m"register"&amp#27;[0m&amp#27;[32m and row &amp#27;[0m&amp#27;[32m&amp#27;[1m6&amp#27;[0m &amp#27;[90m# StepDefinitions.Registration.the_user_clicks_register_button_after_entering_different_passwords_in_password_and_password_confirmation_fields_on_registration_form_from_sheetname(java.lang.String,java.lang.Integer)&amp#27;[0m

    Embedding screenshot [image/png 62935 bytes]

  &amp#27;[32mThen &amp#27;[0m&amp#27;[32mThe user is displayed with a warning message password_mismatch:The two password fields didn’t match.&amp#27;[0m                                                     &amp#27;[90m# StepDefinitions.Registration.the_user_is_displayed_with_a_warning_message_password_mismatch_the_two_password_fields_didn_t_match()&amp#27;[0m
[INFO ] 2024-12-17 12:07:42.691 [TestNG-PoolService-2] Hooks - ======================  Screenshot is captured  ======================
[INFO ] 2024-12-17 12:07:42.693 [TestNG-PoolService-2] Hooks - ======================  Test Execution is completed!! ======================
[INFO ] 2024-12-17 12:07:42.697 [TestNG-PoolService-3] Hooks - ======================  Test Execution is completed!! ======================
]]></system-out>
  </testcase>
  <testcase name="runScenario[&quot;New user registration page on registration with different passwords entered in password and confirm password fields&quot;, &quot;Registration&quot;](131)" classname="TestRunners.TestRunner" time="0.448">
    <system-out><![CDATA[
Scenario Outline: New user registration page where login button is clicked &amp#27;[90m# src/test/resources/Features/Registration.feature:67&amp#27;[0m
  &amp#27;[32mWhen &amp#27;[0m&amp#27;[32mThe user clicks Register button after entering different passwords in Password and Password Confirmation fields form from sheetname &amp#27;[0m&amp#27;[32m&amp#27;[1m"register"&amp#27;[0m&amp#27;[32m and row &amp#27;[0m&amp#27;[32m&amp#27;[1m6&amp#27;[0m &amp#27;[90m# StepDefinitions.Registration.the_user_clicks_register_button_after_entering_different_passwords_in_password_and_password_confirmation_fields_on_registration_form_from_sheetname(java.lang.String,java.lang.Integer)&amp#27;[0m
  &amp#27;[32mThen &amp#27;[0m&amp#27;[32mThe user is displayed with a warning message password_mismatch:The two password fields didn’t match.&amp#27;[0m                                                     &amp#27;[90m# StepDefinitions.Registration.the_user_is_displayed_with_a_warning_message_password_mismatch_the_two_password_fields_didn_t_match()&amp#27;[0m
[INFO ] 2024-12-17 11:53:28.791 [TestNG-PoolService-2] Hooks - ======================  Test Execution is completed!! ======================
]]></system-out>
  </testcase>
  <testcase name="runScenario[&quot;New user registration page with all valid credentials entered&quot;, &quot;Registration&quot;](132)" classname="TestRunners.TestRunner" time="2.512">
    <failure message="expected [New Account Created. You are logged in as 11111dddfrtfg] but found [password_mismatch:The two password fields didn’t match.]" type="java.lang.AssertionError"><![CDATA[java.lang.AssertionError: expected [New Account Created. You are logged in as 11111dddfrtfg] but found [password_mismatch:The two password fields didn’t match.]
]]></failure>
    <system-out><![CDATA[
Scenario Outline: New user registration page where SignIn button is clicked &amp#27;[90m# src/test/resources/Features/Registration.feature:71&amp#27;[0m
  &amp#27;[32mGiven &amp#27;[0m&amp#27;[32mThe user is on the new user registration page&amp#27;[0m                                                                                                    &amp#27;[90m# StepDefinitions.Registration.the_user_is_on_the_new_user_registration_page()&amp#27;[0m
  &amp#27;[32mWhen &amp#27;[0m&amp#27;[32mThe user clicks Register button after user fills registration form from sheetname &amp#27;[0m&amp#27;[32m&amp#27;[1m"register"&amp#27;[0m&amp#27;[32m and row &amp#27;[0m&amp#27;[32m&amp#27;[1m7&amp#27;[0m                                            &amp#27;[90m# StepDefinitions.Registration.the_user_clicks_register_button_after_user_fills_registration_form_from_sheetname_and_row(java.lang.String,java.lang.Integer)&amp#27;[0m
  &amp#27;[31mThen &amp#27;[0m&amp#27;[31mThe user is redirected to Home Page of DS Algo with success message - New Account Created. You are logged in as username on the DS Algo Home Page&amp#27;[0m &amp#27;[90m# StepDefinitions.Registration.the_user_is_redirected_to_home_page_of_ds_algo_with_success_message_new_account_created_you_are_logged_in_as_username_on_the_ds_algo_home_page()&amp#27;[0m
      &amp#27;[31mjava.lang.AssertionError: expected [New Account Created. You are logged in as 11111dddfrtfg] but found [password_mismatch:The two password fields didn’t match.]
	at org.testng.Assert.fail(Assert.java:111)
	at org.testng.Assert.failNotEquals(Assert.java:1578)
	at org.testng.Assert.assertEqualsImpl(Assert.java:150)
	at org.testng.Assert.assertEquals(Assert.java:132)
	at org.testng.Assert.assertEquals(Assert.java:656)
	at org.testng.Assert.assertEquals(Assert.java:666)
	at StepDefinitions.Registration.the_user_is_redirected_to_home_page_of_ds_algo_with_success_message_new_account_created_you_are_logged_in_as_username_on_the_ds_algo_home_page(Registration.java:167)
	at ✽.The user is redirected to Home Page of DS Algo with success message - New Account Created. You are logged in as username on the DS Algo Home Page(file:///C:/Projects/newFolder-3/Repo1/src/test/resources/Features/Registration.feature:62)
&amp#27;[0m
[ERROR] 2024-12-17 11:53:30.844 [TestNG-PoolService-1] Hooks - ======================  TEST CASE FAILED !! ======================

    Embedding screenshot [image/png 37341 bytes]

[INFO ] 2024-12-17 11:53:31.056 [TestNG-PoolService-1] Hooks - ======================  Screenshot is captured  ======================
[INFO ] 2024-12-17 11:53:31.058 [TestNG-PoolService-1] Hooks - ======================  Test Execution is completed!! ======================
]]></system-out>
    <system-err><![CDATA[Dec 17, 2024 11:53:30 AM org.openqa.selenium.devtools.CdpVersionFinder findNearestMatch
WARNING: Unable to find an exact match for CDP version 131, returning the closest version; found: 130; Please update to a Selenium version that supports CDP version 131
Dec 17, 2024 11:53:30 AM org.openqa.selenium.devtools.CdpVersionFinder findNearestMatch
WARNING: Unable to find an exact match for CDP version 131, returning the closest version; found: 130; Please update to a Selenium version that supports CDP version 131
]]></system-err>
  </testcase>
  <testcase name="runScenario[&quot;New user registration page where login button is clicked&quot;, &quot;Registration&quot;](133)" classname="TestRunners.TestRunner" time="0.886">
    <system-out><![CDATA[
Scenario: Validate user navigated to stack details page when clicked on get started &amp#27;[90m# src/test/resources/Features/StackPage.feature:8&amp#27;[0m
  &amp#27;[32mGiven &amp#27;[0m&amp#27;[32mThe user is on the new user registration page&amp#27;[0m                      &amp#27;[90m# StepDefinitions.Registration.the_user_is_on_the_new_user_registration_page()&amp#27;[0m
  &amp#27;[32mWhen &amp#27;[0m&amp#27;[32mUser clicks on login button from registration page&amp#27;[0m                  &amp#27;[90m# StepDefinitions.Registration.user_clicks_on_login_button_from_registration_page()&amp#27;[0m
  &amp#27;[32mThen &amp#27;[0m&amp#27;[32muser lands on login page&amp#27;[0m                                            &amp#27;[90m# StepDefinitions.Registration.user_lands_on_login_page()&amp#27;[0m
[INFO ] 2024-12-17 11:53:32.139 [TestNG-PoolService-3] Hooks - ======================  Test Execution is completed!! ======================
]]></system-out>
  </testcase>
  <testcase name="runScenario[&quot;New user registration page where login button is clicked&quot;, &quot;Registration&quot;](133)" classname="TestRunners.TestRunner" time="9.428">
    <system-out><![CDATA[
Scenario: Validate user navigated to stack details page when clicked on get started &amp#27;[90m# src/test/resources/Features/StackPage.feature:8&amp#27;[0m
  &amp#27;[32mGiven &amp#27;[0m&amp#27;[32mThe user is on the new user registration page&amp#27;[0m                      &amp#27;[90m# StepDefinitions.Registration.the_user_is_on_the_new_user_registration_page()&amp#27;[0m
  &amp#27;[32mWhen &amp#27;[0m&amp#27;[32mUser clicks on login button from registration page&amp#27;[0m                  &amp#27;[90m# StepDefinitions.Registration.user_clicks_on_login_button_from_registration_page()&amp#27;[0m
  &amp#27;[32mThen &amp#27;[0m&amp#27;[32muser lands on login page&amp#27;[0m                                            &amp#27;[90m# StepDefinitions.Registration.user_lands_on_login_page()&amp#27;[0m
[INFO ] 2024-12-17 12:07:51.249 [TestNG-PoolService-1] Hooks - ======================  Test Execution is completed!! ======================
  &amp#27;[32mGiven &amp#27;[0m&amp#27;[32mThe user is on the new user registration page&amp#27;[0m                       &amp#27;[90m# StepDefinitions.Registration.the_user_is_on_the_new_user_registration_page()&amp#27;[0m
  &amp#27;[32mWhen &amp#27;[0m&amp#27;[32mUser clicks on SignIn button from registration page&amp#27;[0m                  &amp#27;[90m# StepDefinitions.Registration.user_clicks_on_sign_in_button_from_registration_page()&amp#27;[0m
  &amp#27;[32mThen &amp#27;[0m&amp#27;[32muser lands on login page&amp#27;[0m                                             &amp#27;[90m# StepDefinitions.Registration.user_lands_on_login_page()&amp#27;[0m
[INFO ] 2024-12-17 12:07:52.312 [TestNG-PoolService-2] Hooks - ======================  Test Execution is completed!! ======================
  &amp#27;[32mGiven &amp#27;[0m&amp#27;[32mThe user is on the DS Introduction page as signedIn&amp#27;[0m                         &amp#27;[90m# StepDefinitions.DSIntroductionDetails.the_user_is_on_the_ds_introduction_page_as_signed_in()&amp#27;[0m
  &amp#27;[32mWhen &amp#27;[0m&amp#27;[32mThe user clicks on Get Started link for stack&amp#27;[0m                                &amp#27;[90m# StepDefinitions.StackStepDefinitions.the_user_clicks_on_get_started_link_for_stack()&amp#27;[0m
  &amp#27;[32mThen &amp#27;[0m&amp#27;[32mThe user is on the stack details page&amp#27;[0m                                        &amp#27;[90m# StepDefinitions.StackStepDefinitions.the_user_is_on_the_stack_details_page()&amp#27;[0m
[INFO ] 2024-12-17 12:07:53.198 [TestNG-PoolService-3] Hooks - ======================  Test Execution is completed!! ======================
]]></system-out>
  </testcase>
  <testcase name="runScenario[&quot;New user registration page where login button is clicked&quot;, &quot;Registration&quot;](133)" classname="TestRunners.TestRunner" time="7.207">
    <system-out><![CDATA[
Scenario: Validate user navigated to stack details page when clicked on get started &amp#27;[90m# src/test/resources/Features/StackPage.feature:8&amp#27;[0m
  &amp#27;[32mGiven &amp#27;[0m&amp#27;[32mThe user is on the new user registration page&amp#27;[0m                      &amp#27;[90m# StepDefinitions.Registration.the_user_is_on_the_new_user_registration_page()&amp#27;[0m
  &amp#27;[32mWhen &amp#27;[0m&amp#27;[32mUser clicks on login button from registration page&amp#27;[0m                  &amp#27;[90m# StepDefinitions.Registration.user_clicks_on_login_button_from_registration_page()&amp#27;[0m
  &amp#27;[32mThen &amp#27;[0m&amp#27;[32muser lands on login page&amp#27;[0m                                            &amp#27;[90m# StepDefinitions.Registration.user_lands_on_login_page()&amp#27;[0m
[INFO ] 2024-12-17 12:22:29.762 [TestNG-PoolService-1] Hooks - ======================  Test Execution is completed!! ======================
  &amp#27;[32mGiven &amp#27;[0m&amp#27;[32mThe user is on the new user registration page&amp#27;[0m                       &amp#27;[90m# StepDefinitions.Registration.the_user_is_on_the_new_user_registration_page()&amp#27;[0m
  &amp#27;[32mWhen &amp#27;[0m&amp#27;[32mUser clicks on SignIn button from registration page&amp#27;[0m                  &amp#27;[90m# StepDefinitions.Registration.user_clicks_on_sign_in_button_from_registration_page()&amp#27;[0m
  &amp#27;[32mThen &amp#27;[0m&amp#27;[32muser lands on login page&amp#27;[0m                                             &amp#27;[90m# StepDefinitions.Registration.user_lands_on_login_page()&amp#27;[0m
[INFO ] 2024-12-17 12:22:30.434 [TestNG-PoolService-2] Hooks - ======================  Test Execution is completed!! ======================
  &amp#27;[32mGiven &amp#27;[0m&amp#27;[32mThe user is on the DS Introduction page as signedIn&amp#27;[0m                         &amp#27;[90m# StepDefinitions.DSIntroductionDetails.the_user_is_on_the_ds_introduction_page_as_signed_in()&amp#27;[0m
  &amp#27;[32mWhen &amp#27;[0m&amp#27;[32mThe user clicks on Get Started link for stack&amp#27;[0m                                &amp#27;[90m# StepDefinitions.StackStepDefinitions.the_user_clicks_on_get_started_link_for_stack()&amp#27;[0m
  &amp#27;[32mThen &amp#27;[0m&amp#27;[32mThe user is on the stack details page&amp#27;[0m                                        &amp#27;[90m# StepDefinitions.StackStepDefinitions.the_user_is_on_the_stack_details_page()&amp#27;[0m
[INFO ] 2024-12-17 12:22:31.244 [TestNG-PoolService-3] Hooks - ======================  Test Execution is completed!! ======================
]]></system-out>
    <system-err><![CDATA[Dec 17, 2024 12:22:27 PM org.openqa.selenium.devtools.CdpVersionFinder findNearestMatch
WARNING: Unable to find an exact match for CDP version 131, returning the closest version; found: 130; Please update to a Selenium version that supports CDP version 131
Dec 17, 2024 12:22:27 PM org.openqa.selenium.devtools.CdpVersionFinder findNearestMatch
WARNING: Unable to find an exact match for CDP version 131, returning the closest version; found: 130; Please update to a Selenium version that supports CDP version 131
Dec 17, 2024 12:22:27 PM org.openqa.selenium.devtools.CdpVersionFinder findNearestMatch
WARNING: Unable to find an exact match for CDP version 131, returning the closest version; found: 130; Please update to a Selenium version that supports CDP version 131
]]></system-err>
  </testcase>
  <testcase name="runScenario[&quot;New user registration page where SignIn button is clicked&quot;, &quot;Registration&quot;](134)" classname="TestRunners.TestRunner" time="1.064">
    <system-out><![CDATA[
Scenario: Validate user can navigate to Operations in Stack page &amp#27;[90m# src/test/resources/Features/StackPage.feature:11&amp#27;[0m
  &amp#27;[32mGiven &amp#27;[0m&amp#27;[32mThe user is on the new user registration page&amp#27;[0m                       &amp#27;[90m# StepDefinitions.Registration.the_user_is_on_the_new_user_registration_page()&amp#27;[0m
  &amp#27;[32mWhen &amp#27;[0m&amp#27;[32mUser clicks on SignIn button from registration page&amp#27;[0m                  &amp#27;[90m# StepDefinitions.Registration.user_clicks_on_sign_in_button_from_registration_page()&amp#27;[0m
  &amp#27;[32mThen &amp#27;[0m&amp#27;[32muser lands on login page&amp#27;[0m                                             &amp#27;[90m# StepDefinitions.Registration.user_lands_on_login_page()&amp#27;[0m
[INFO ] 2024-12-17 11:53:33.169 [TestNG-PoolService-2] Hooks - ======================  Test Execution is completed!! ======================
]]></system-out>
    <system-err><![CDATA[Dec 17, 2024 11:53:33 AM org.openqa.selenium.devtools.CdpVersionFinder findNearestMatch
WARNING: Unable to find an exact match for CDP version 131, returning the closest version; found: 130; Please update to a Selenium version that supports CDP version 131
]]></system-err>
  </testcase>
  <testcase name="runScenario[&quot;New user registration page where SignIn button is clicked&quot;, &quot;Registration&quot;](134)" classname="TestRunners.TestRunner" time="0.191">
    <system-out><![CDATA[
Scenario: Validate user can navigate to Operations in Stack page &amp#27;[90m# src/test/resources/Features/StackPage.feature:11&amp#27;[0m
]]></system-out>
  </testcase>
  <testcase name="runScenario[&quot;New user registration page where SignIn button is clicked&quot;, &quot;Registration&quot;](134)" classname="TestRunners.TestRunner" time="0.302">
    <system-out><![CDATA[
Scenario: Validate user can navigate to Operations in Stack page &amp#27;[90m# src/test/resources/Features/StackPage.feature:11&amp#27;[0m
]]></system-out>
  </testcase>
  <testcase name="runScenario[&quot;Validate user navigated to stack details page when clicked on get started&quot;, &quot;Stack page&quot;](135)" classname="TestRunners.TestRunner" time="3.287">
    <system-out><![CDATA[
Scenario: Validate user can Try here link page from Operations in Stack &amp#27;[90m# src/test/resources/Features/StackPage.feature:16&amp#27;[0m
  &amp#27;[32mGiven &amp#27;[0m&amp#27;[32mThe user is on the DS Introduction page as signedIn&amp#27;[0m                         &amp#27;[90m# StepDefinitions.DSIntroductionDetails.the_user_is_on_the_ds_introduction_page_as_signed_in()&amp#27;[0m
  &amp#27;[32mWhen &amp#27;[0m&amp#27;[32mThe user clicks on Get Started link for stack&amp#27;[0m                                &amp#27;[90m# StepDefinitions.StackStepDefinitions.the_user_clicks_on_get_started_link_for_stack()&amp#27;[0m
  &amp#27;[32mThen &amp#27;[0m&amp#27;[32mThe user is on the stack details page&amp#27;[0m                                        &amp#27;[90m# StepDefinitions.StackStepDefinitions.the_user_is_on_the_stack_details_page()&amp#27;[0m
[INFO ] 2024-12-17 11:53:36.546 [TestNG-PoolService-1] Hooks - ======================  Test Execution is completed!! ======================
]]></system-out>
    <system-err><![CDATA[Dec 17, 2024 11:53:34 AM org.openqa.selenium.devtools.CdpVersionFinder findNearestMatch
WARNING: Unable to find an exact match for CDP version 131, returning the closest version; found: 130; Please update to a Selenium version that supports CDP version 131
Dec 17, 2024 11:53:35 AM org.openqa.selenium.devtools.CdpVersionFinder findNearestMatch
WARNING: Unable to find an exact match for CDP version 131, returning the closest version; found: 130; Please update to a Selenium version that supports CDP version 131
]]></system-err>
  </testcase>
  <testcase name="runScenario[&quot;Validate user navigated to stack details page when clicked on get started&quot;, &quot;Stack page&quot;](135)" classname="TestRunners.TestRunner" time="0.888">
    <system-out><![CDATA[
Scenario: Validate user can Try here link page from Operations in Stack &amp#27;[90m# src/test/resources/Features/StackPage.feature:16&amp#27;[0m
]]></system-out>
  </testcase>
  <testcase name="runScenario[&quot;Validate user navigated to stack details page when clicked on get started&quot;, &quot;Stack page&quot;](135)" classname="TestRunners.TestRunner" time="0.669">
    <system-out><![CDATA[
Scenario: Validate user can Try here link page from Operations in Stack &amp#27;[90m# src/test/resources/Features/StackPage.feature:16&amp#27;[0m
]]></system-out>
  </testcase>
  <testcase name="runScenario[&quot;Validate user can navigate to Operations in Stack page&quot;, &quot;Stack page&quot;](136)" classname="TestRunners.TestRunner" time="1.755">
    <system-out><![CDATA[
Scenario: Error message displayed for invalid code on try Editor for Operations in Stack page &amp#27;[90m# src/test/resources/Features/StackPage.feature:21&amp#27;[0m
  &amp#27;[32mGiven &amp#27;[0m&amp#27;[32mThe user is on the DS Introduction page as signedIn&amp#27;[0m      &amp#27;[90m# StepDefinitions.DSIntroductionDetails.the_user_is_on_the_ds_introduction_page_as_signed_in()&amp#27;[0m
  &amp#27;[32mWhen &amp#27;[0m&amp#27;[32mThe user clicks on Get Started link for stack&amp#27;[0m             &amp#27;[90m# StepDefinitions.StackStepDefinitions.the_user_clicks_on_get_started_link_for_stack()&amp#27;[0m
  &amp#27;[32mGiven &amp#27;[0m&amp#27;[32mThe user is on the stack details page&amp#27;[0m                    &amp#27;[90m# StepDefinitions.StackStepDefinitions.the_user_is_on_the_stack_details_page()&amp#27;[0m
  &amp#27;[32mWhen &amp#27;[0m&amp#27;[32mThe user click on Operations in Stack link&amp#27;[0m                &amp#27;[90m# StepDefinitions.StackStepDefinitions.the_user_click_on_operations_in_stack_link()&amp#27;[0m
  &amp#27;[32mGiven &amp#27;[0m&amp#27;[32mThe user is on the DS Introduction page as signedIn&amp#27;[0m             &amp#27;[90m# StepDefinitions.DSIntroductionDetails.the_user_is_on_the_ds_introduction_page_as_signed_in()&amp#27;[0m
  &amp#27;[32mThen &amp#27;[0m&amp#27;[32mthe user is navigated to Operations in Stack page&amp#27;[0m         &amp#27;[90m# StepDefinitions.StackStepDefinitions.the_user_is_navigated_to_operations_in_stack_page()&amp#27;[0m
[INFO ] 2024-12-17 11:53:38.218 [TestNG-PoolService-3] Hooks - ======================  Test Execution is completed!! ======================
]]></system-out>
    <system-err><![CDATA[Dec 17, 2024 11:53:38 AM org.openqa.selenium.devtools.CdpVersionFinder findNearestMatch
WARNING: Unable to find an exact match for CDP version 131, returning the closest version; found: 130; Please update to a Selenium version that supports CDP version 131
]]></system-err>
  </testcase>
  <testcase name="runScenario[&quot;Validate user can navigate to Operations in Stack page&quot;, &quot;Stack page&quot;](136)" classname="TestRunners.TestRunner" time="11.439">
    <system-out><![CDATA[
Scenario: Error message displayed for invalid code on try Editor for Operations in Stack page &amp#27;[90m# src/test/resources/Features/StackPage.feature:21&amp#27;[0m
  &amp#27;[32mGiven &amp#27;[0m&amp#27;[32mThe user is on the DS Introduction page as signedIn&amp#27;[0m      &amp#27;[90m# StepDefinitions.DSIntroductionDetails.the_user_is_on_the_ds_introduction_page_as_signed_in()&amp#27;[0m
  &amp#27;[32mWhen &amp#27;[0m&amp#27;[32mThe user clicks on Get Started link for stack&amp#27;[0m             &amp#27;[90m# StepDefinitions.StackStepDefinitions.the_user_clicks_on_get_started_link_for_stack()&amp#27;[0m
  &amp#27;[32mGiven &amp#27;[0m&amp#27;[32mThe user is on the stack details page&amp#27;[0m                    &amp#27;[90m# StepDefinitions.StackStepDefinitions.the_user_is_on_the_stack_details_page()&amp#27;[0m
  &amp#27;[32mWhen &amp#27;[0m&amp#27;[32mThe user click on Operations in Stack link&amp#27;[0m                &amp#27;[90m# StepDefinitions.StackStepDefinitions.the_user_click_on_operations_in_stack_link()&amp#27;[0m
  &amp#27;[32mThen &amp#27;[0m&amp#27;[32mthe user is navigated to Operations in Stack page&amp#27;[0m         &amp#27;[90m# StepDefinitions.StackStepDefinitions.the_user_is_navigated_to_operations_in_stack_page()&amp#27;[0m
[INFO ] 2024-12-17 12:08:03.711 [TestNG-PoolService-1] Hooks - ======================  Test Execution is completed!! ======================
  &amp#27;[32mGiven &amp#27;[0m&amp#27;[32mThe user is on the DS Introduction page as signedIn&amp#27;[0m                                   &amp#27;[90m# StepDefinitions.DSIntroductionDetails.the_user_is_on_the_ds_introduction_page_as_signed_in()&amp#27;[0m
  &amp#27;[32mWhen &amp#27;[0m&amp#27;[32mThe user clicks on Get Started link for stack&amp#27;[0m                                          &amp#27;[90m# StepDefinitions.StackStepDefinitions.the_user_clicks_on_get_started_link_for_stack()&amp#27;[0m
  &amp#27;[32mGiven &amp#27;[0m&amp#27;[32mThe user is on the Operations in Stack page&amp#27;[0m                                           &amp#27;[90m# StepDefinitions.StackStepDefinitions.the_user_is_on_the_operations_in_stack_page()&amp#27;[0m
  &amp#27;[32mGiven &amp#27;[0m&amp#27;[32mThe user is on the DS Introduction page as signedIn&amp#27;[0m             &amp#27;[90m# StepDefinitions.DSIntroductionDetails.the_user_is_on_the_ds_introduction_page_as_signed_in()&amp#27;[0m
  &amp#27;[32mWhen &amp#27;[0m&amp#27;[32mThe user clicks on Get Started link for stack&amp#27;[0m                    &amp#27;[90m# StepDefinitions.StackStepDefinitions.the_user_clicks_on_get_started_link_for_stack()&amp#27;[0m
  &amp#27;[32mGiven &amp#27;[0m&amp#27;[32mThe user is on the Operations in Stack page&amp#27;[0m                     &amp#27;[90m# StepDefinitions.StackStepDefinitions.the_user_is_on_the_operations_in_stack_page()&amp#27;[0m
  &amp#27;[32mWhen &amp#27;[0m&amp#27;[32mUser writes invalid code and clicks run button&amp#27;[0m                                         &amp#27;[90m# StepDefinitions.DSIntroductionDetails.user_writes_invalid_code_and_clicks_run_button()&amp#27;[0m
  &amp#27;[31mThen &amp#27;[0m&amp#27;[31mThe user should able to see an error message in alert window&amp#27;[0m                           &amp#27;[90m# StepDefinitions.DSIntroductionDetails.the_user_should_able_to_see_an_error_message_in_alert_window()&amp#27;[0m
      &amp#27;[31morg.openqa.selenium.NoAlertPresentException: Build info: version: '4.26.0', revision: '8ccf0219d7'
System info: os.name: 'Windows 11', os.arch: 'amd64', os.version: '10.0', java.version: '21.0.5'
Driver info: org.openqa.selenium.firefox.FirefoxDriver
Command: [5be2ede1-49ff-4ceb-a3a4-4c34728e0990, getAlertText {}]
Capabilities {acceptInsecureCerts: true, browserName: firefox, browserVersion: 133.0.3, moz:accessibilityChecks: false, moz:buildID: 20241209150345, moz:debuggerAddress: 127.0.0.1:10336, moz:geckodriverVersion: 0.35.0, moz:headless: false, moz:platformVersion: 10.0, moz:processID: 12788, moz:profile: C:\Users\vamsh\AppData\Loca..., moz:shutdownTimeout: 60000, moz:webdriverClick: true, moz:windowless: false, pageLoadStrategy: normal, platformName: windows, proxy: Proxy(), se:cdp: ws://127.0.0.1:10336/devtoo..., se:cdpVersion: 85.0, setWindowRect: true, strictFileInteractability: false, timeouts: {implicit: 0, pageLoad: 300000, script: 30000}, unhandledPromptBehavior: dismiss and notify, userAgent: Mozilla/5.0 (Windows NT 10....}
Session ID: 5be2ede1-49ff-4ceb-a3a4-4c34728e0990
	at java.base/jdk.internal.reflect.DirectConstructorHandleAccessor.newInstance(DirectConstructorHandleAccessor.java:62)
	at java.base/java.lang.reflect.Constructor.newInstanceWithCaller(Constructor.java:502)
	at java.base/java.lang.reflect.Constructor.newInstance(Constructor.java:486)
	at org.openqa.selenium.remote.ErrorCodec.decode(ErrorCodec.java:167)
	at org.openqa.selenium.remote.codec.w3c.W3CHttpResponseCodec.decode(W3CHttpResponseCodec.java:138)
	at org.openqa.selenium.remote.codec.w3c.W3CHttpResponseCodec.decode(W3CHttpResponseCodec.java:50)
	at org.openqa.selenium.remote.HttpCommandExecutor.execute(HttpCommandExecutor.java:190)
	at org.openqa.selenium.remote.service.DriverCommandExecutor.invokeExecute(DriverCommandExecutor.java:216)
	at org.openqa.selenium.remote.service.DriverCommandExecutor.execute(DriverCommandExecutor.java:174)
	at org.openqa.selenium.remote.RemoteWebDriver.execute(RemoteWebDriver.java:545)
	at org.openqa.selenium.remote.RemoteWebDriver.execute(RemoteWebDriver.java:618)
	at org.openqa.selenium.remote.RemoteWebDriver.execute(RemoteWebDriver.java:622)
	at org.openqa.selenium.remote.RemoteWebDriver$RemoteTargetLocator.alert(RemoteWebDriver.java:1190)
	at PageObjects.IntroductionPage.getAlertText(IntroductionPage.java:134)
	at StepDefinitions.DSIntroductionDetails.the_user_should_able_to_see_an_error_message_in_alert_window(DSIntroductionDetails.java:203)
	at ✽.The user should able to see an error message in alert window(file:///C:/Projects/newFolder-3/Repo1/src/test/resources/Features/StackPage.feature:24)
&amp#27;[0m
[ERROR] 2024-12-17 12:08:05.964 [TestNG-PoolService-3] Hooks - ======================  TEST CASE FAILED !! ======================

    Embedding screenshot [image/png 37860 bytes]

[INFO ] 2024-12-17 12:08:06.028 [TestNG-PoolService-3] Hooks - ======================  Screenshot is captured  ======================
[INFO ] 2024-12-17 12:08:06.030 [TestNG-PoolService-3] Hooks - ======================  Test Execution is completed!! ======================
]]></system-out>
  </testcase>
  <testcase name="runScenario[&quot;Validate user can navigate to Operations in Stack page&quot;, &quot;Stack page&quot;](136)" classname="TestRunners.TestRunner" time="7.798">
    <system-out><![CDATA[
Scenario: Error message displayed for invalid code on try Editor for Operations in Stack page &amp#27;[90m# src/test/resources/Features/StackPage.feature:21&amp#27;[0m
  &amp#27;[32mGiven &amp#27;[0m&amp#27;[32mThe user is on the DS Introduction page as signedIn&amp#27;[0m      &amp#27;[90m# StepDefinitions.DSIntroductionDetails.the_user_is_on_the_ds_introduction_page_as_signed_in()&amp#27;[0m
  &amp#27;[32mWhen &amp#27;[0m&amp#27;[32mThe user clicks on Get Started link for stack&amp#27;[0m             &amp#27;[90m# StepDefinitions.StackStepDefinitions.the_user_clicks_on_get_started_link_for_stack()&amp#27;[0m
  &amp#27;[32mGiven &amp#27;[0m&amp#27;[32mThe user is on the DS Introduction page as signedIn&amp#27;[0m             &amp#27;[90m# StepDefinitions.DSIntroductionDetails.the_user_is_on_the_ds_introduction_page_as_signed_in()&amp#27;[0m
  &amp#27;[32mGiven &amp#27;[0m&amp#27;[32mThe user is on the stack details page&amp#27;[0m                    &amp#27;[90m# StepDefinitions.StackStepDefinitions.the_user_is_on_the_stack_details_page()&amp#27;[0m
  &amp#27;[32mGiven &amp#27;[0m&amp#27;[32mThe user is on the DS Introduction page as signedIn&amp#27;[0m                                   &amp#27;[90m# StepDefinitions.DSIntroductionDetails.the_user_is_on_the_ds_introduction_page_as_signed_in()&amp#27;[0m
  &amp#27;[32mWhen &amp#27;[0m&amp#27;[32mThe user clicks on Get Started link for stack&amp#27;[0m                    &amp#27;[90m# StepDefinitions.StackStepDefinitions.the_user_clicks_on_get_started_link_for_stack()&amp#27;[0m
  &amp#27;[32mWhen &amp#27;[0m&amp#27;[32mThe user click on Operations in Stack link&amp#27;[0m                &amp#27;[90m# StepDefinitions.StackStepDefinitions.the_user_click_on_operations_in_stack_link()&amp#27;[0m
  &amp#27;[32mThen &amp#27;[0m&amp#27;[32mthe user is navigated to Operations in Stack page&amp#27;[0m         &amp#27;[90m# StepDefinitions.StackStepDefinitions.the_user_is_navigated_to_operations_in_stack_page()&amp#27;[0m
[INFO ] 2024-12-17 12:22:39.056 [TestNG-PoolService-1] Hooks - ======================  Test Execution is completed!! ======================
  &amp#27;[32mWhen &amp#27;[0m&amp#27;[32mThe user clicks on Get Started link for stack&amp#27;[0m                                          &amp#27;[90m# StepDefinitions.StackStepDefinitions.the_user_clicks_on_get_started_link_for_stack()&amp#27;[0m
  &amp#27;[32mGiven &amp#27;[0m&amp#27;[32mThe user is on the Operations in Stack page&amp#27;[0m                     &amp#27;[90m# StepDefinitions.StackStepDefinitions.the_user_is_on_the_operations_in_stack_page()&amp#27;[0m
  &amp#27;[32mGiven &amp#27;[0m&amp#27;[32mThe user is on the Operations in Stack page&amp#27;[0m                                           &amp#27;[90m# StepDefinitions.StackStepDefinitions.the_user_is_on_the_operations_in_stack_page()&amp#27;[0m
  &amp#27;[32mWhen &amp#27;[0m&amp#27;[32mUser clicks Try here link&amp#27;[0m                                        &amp#27;[90m# StepDefinitions.DSIntroductionDetails.user_clicks_try_here_link()&amp#27;[0m
  &amp#27;[32mThen &amp#27;[0m&amp#27;[32mUser should navigate to tryEditor page&amp#27;[0m                           &amp#27;[90m# StepDefinitions.DSIntroductionDetails.user_should_navigate_to_try_editor_page()&amp#27;[0m
[INFO ] 2024-12-17 12:22:40.050 [TestNG-PoolService-2] Hooks - ======================  Test Execution is completed!! ======================
]]></system-out>
    <system-err><![CDATA[Dec 17, 2024 12:22:34 PM org.openqa.selenium.devtools.CdpVersionFinder findNearestMatch
WARNING: Unable to find an exact match for CDP version 131, returning the closest version; found: 130; Please update to a Selenium version that supports CDP version 131
Dec 17, 2024 12:22:34 PM org.openqa.selenium.devtools.CdpVersionFinder findNearestMatch
WARNING: Unable to find an exact match for CDP version 131, returning the closest version; found: 130; Please update to a Selenium version that supports CDP version 131
Dec 17, 2024 12:22:36 PM org.openqa.selenium.devtools.CdpVersionFinder findNearestMatch
WARNING: Unable to find an exact match for CDP version 131, returning the closest version; found: 130; Please update to a Selenium version that supports CDP version 131
]]></system-err>
  </testcase>
  <testcase name="runScenario[&quot;Validate user can Try here link page from Operations in Stack&quot;, &quot;Stack page&quot;](137)" classname="TestRunners.TestRunner" time="2.17">
    <system-out><![CDATA[
Scenario: No error message displayed for empty code on try editor for Operations in Stack page &amp#27;[90m# src/test/resources/Features/StackPage.feature:26&amp#27;[0m
  &amp#27;[32mWhen &amp#27;[0m&amp#27;[32mThe user clicks on Get Started link for stack&amp#27;[0m                    &amp#27;[90m# StepDefinitions.StackStepDefinitions.the_user_clicks_on_get_started_link_for_stack()&amp#27;[0m
  &amp#27;[32mGiven &amp#27;[0m&amp#27;[32mThe user is on the Operations in Stack page&amp#27;[0m                     &amp#27;[90m# StepDefinitions.StackStepDefinitions.the_user_is_on_the_operations_in_stack_page()&amp#27;[0m
  &amp#27;[32mWhen &amp#27;[0m&amp#27;[32mUser clicks Try here link&amp#27;[0m                                        &amp#27;[90m# StepDefinitions.DSIntroductionDetails.user_clicks_try_here_link()&amp#27;[0m
  &amp#27;[32mThen &amp#27;[0m&amp#27;[32mUser should navigate to tryEditor page&amp#27;[0m                           &amp#27;[90m# StepDefinitions.DSIntroductionDetails.user_should_navigate_to_try_editor_page()&amp#27;[0m
[INFO ] 2024-12-17 11:53:40.191 [TestNG-PoolService-2] Hooks - ======================  Test Execution is completed!! ======================
]]></system-out>
    <system-err><![CDATA[Dec 17, 2024 11:53:40 AM org.openqa.selenium.devtools.CdpVersionFinder findNearestMatch
WARNING: Unable to find an exact match for CDP version 131, returning the closest version; found: 130; Please update to a Selenium version that supports CDP version 131
]]></system-err>
  </testcase>
  <testcase name="runScenario[&quot;Validate user can Try here link page from Operations in Stack&quot;, &quot;Stack page&quot;](137)" classname="TestRunners.TestRunner" time="1.033">
    <system-out><![CDATA[
Scenario: No error message displayed for empty code on try editor for Operations in Stack page &amp#27;[90m# src/test/resources/Features/StackPage.feature:26&amp#27;[0m
  &amp#27;[32mWhen &amp#27;[0m&amp#27;[32mUser writes invalid code and clicks run button&amp#27;[0m                                         &amp#27;[90m# StepDefinitions.DSIntroductionDetails.user_writes_invalid_code_and_clicks_run_button()&amp#27;[0m
  &amp#27;[32mThen &amp#27;[0m&amp#27;[32mThe user should able to see an error message in alert window&amp#27;[0m                           &amp#27;[90m# StepDefinitions.DSIntroductionDetails.the_user_should_able_to_see_an_error_message_in_alert_window()&amp#27;[0m
[INFO ] 2024-12-17 12:22:40.512 [TestNG-PoolService-3] Hooks - ======================  Test Execution is completed!! ======================
]]></system-out>
  </testcase>
  <testcase name="runScenario[&quot;Error message displayed for invalid code on try Editor for Operations in Stack page&quot;, &quot;Stack page&quot;](138)" classname="TestRunners.TestRunner" time="3.238">
    <failure message="element not interactable&#10;  (Session info: chrome=131.0.6778.140)&#10;Build info: version: &apos;4.26.0&apos;, revision: &apos;8ccf0219d7&apos;&#10;System info: os.name: &apos;Windows 11&apos;, os.arch: &apos;amd64&apos;, os.version: &apos;10.0&apos;, java.version: &apos;21.0.5&apos;&#10;Driver info: org.openqa.selenium.chrome.ChromeDriver&#10;Command: [fdf9ca6f5b98c087e33cbef3a33ece6b, sendKeysToElement {value=[Ljava.lang.CharSequence;@33a32bbc, id=f.EF755FC7C47E88E8F4D56EB66073DBDA.d.3C4E8462A8543722C0780175C7C2A524.e.51}]&#10;Capabilities {acceptInsecureCerts: false, browserName: chrome, browserVersion: 131.0.6778.140, chrome: {chromedriverVersion: 131.0.6778.108 (3b014839fbc..., userDataDir: C:\Users\vamsh\AppData\Loca...}, fedcm:accounts: true, goog:chromeOptions: {debuggerAddress: localhost:61641}, networkConnectionEnabled: false, pageLoadStrategy: normal, platformName: windows, proxy: Proxy(), se:cdp: ws://localhost:61641/devtoo..., se:cdpVersion: 131.0.6778.140, setWindowRect: true, strictFileInteractability: false, timeouts: {implicit: 0, pageLoad: 300000, script: 30000}, unhandledPromptBehavior: dismiss and notify, webauthn:extension:credBlob: true, webauthn:extension:largeBlob: true, webauthn:extension:minPinLength: true, webauthn:extension:prf: true, webauthn:virtualAuthenticators: true}&#10;Element: [[ChromeDriver: chrome on windows (fdf9ca6f5b98c087e33cbef3a33ece6b)] -&gt; css selector: .CodeMirror textarea]&#10;Session ID: fdf9ca6f5b98c087e33cbef3a33ece6b" type="org.openqa.selenium.ElementNotInteractableException"><![CDATA[org.openqa.selenium.ElementNotInteractableException: 
element not interactable
  (Session info: chrome=131.0.6778.140)
Build info: version: '4.26.0', revision: '8ccf0219d7'
System info: os.name: 'Windows 11', os.arch: 'amd64', os.version: '10.0', java.version: '21.0.5'
Driver info: org.openqa.selenium.chrome.ChromeDriver
Command: [fdf9ca6f5b98c087e33cbef3a33ece6b, sendKeysToElement {value=[Ljava.lang.CharSequence;@33a32bbc, id=f.EF755FC7C47E88E8F4D56EB66073DBDA.d.3C4E8462A8543722C0780175C7C2A524.e.51}]
Capabilities {acceptInsecureCerts: false, browserName: chrome, browserVersion: 131.0.6778.140, chrome: {chromedriverVersion: 131.0.6778.108 (3b014839fbc..., userDataDir: C:\Users\vamsh\AppData\Loca...}, fedcm:accounts: true, goog:chromeOptions: {debuggerAddress: localhost:61641}, networkConnectionEnabled: false, pageLoadStrategy: normal, platformName: windows, proxy: Proxy(), se:cdp: ws://localhost:61641/devtoo..., se:cdpVersion: 131.0.6778.140, setWindowRect: true, strictFileInteractability: false, timeouts: {implicit: 0, pageLoad: 300000, script: 30000}, unhandledPromptBehavior: dismiss and notify, webauthn:extension:credBlob: true, webauthn:extension:largeBlob: true, webauthn:extension:minPinLength: true, webauthn:extension:prf: true, webauthn:virtualAuthenticators: true}
Element: [[ChromeDriver: chrome on windows (fdf9ca6f5b98c087e33cbef3a33ece6b)] -> css selector: .CodeMirror textarea]
Session ID: fdf9ca6f5b98c087e33cbef3a33ece6b
]]></failure>
    <system-out><![CDATA[
Scenario: Valid code on try editor for Operations in Stack runs successfully &amp#27;[90m# src/test/resources/Features/StackPage.feature:31&amp#27;[0m
  &amp#27;[32mGiven &amp#27;[0m&amp#27;[32mThe user is on the DS Introduction page as signedIn&amp#27;[0m                                   &amp#27;[90m# StepDefinitions.DSIntroductionDetails.the_user_is_on_the_ds_introduction_page_as_signed_in()&amp#27;[0m
  &amp#27;[32mWhen &amp#27;[0m&amp#27;[32mThe user clicks on Get Started link for stack&amp#27;[0m                                          &amp#27;[90m# StepDefinitions.StackStepDefinitions.the_user_clicks_on_get_started_link_for_stack()&amp#27;[0m
  &amp#27;[32mGiven &amp#27;[0m&amp#27;[32mThe user is on the Operations in Stack page&amp#27;[0m                                           &amp#27;[90m# StepDefinitions.StackStepDefinitions.the_user_is_on_the_operations_in_stack_page()&amp#27;[0m
  &amp#27;[32mGiven &amp#27;[0m&amp#27;[32mThe user is on the DS Introduction page as signedIn&amp#27;[0m                                    &amp#27;[90m# StepDefinitions.DSIntroductionDetails.the_user_is_on_the_ds_introduction_page_as_signed_in()&amp#27;[0m
  &amp#27;[32mWhen &amp#27;[0m&amp#27;[32mThe user clicks on Get Started link for stack&amp#27;[0m                                           &amp#27;[90m# StepDefinitions.StackStepDefinitions.the_user_clicks_on_get_started_link_for_stack()&amp#27;[0m
  &amp#27;[31mWhen &amp#27;[0m&amp#27;[31mUser writes invalid code and clicks run button&amp#27;[0m                                         &amp#27;[90m# StepDefinitions.DSIntroductionDetails.user_writes_invalid_code_and_clicks_run_button()&amp#27;[0m
      &amp#27;[31morg.openqa.selenium.ElementNotInteractableException: element not interactable
  (Session info: chrome=131.0.6778.140)
Build info: version: '4.26.0', revision: '8ccf0219d7'
System info: os.name: 'Windows 11', os.arch: 'amd64', os.version: '10.0', java.version: '21.0.5'
Driver info: org.openqa.selenium.chrome.ChromeDriver
Command: [fdf9ca6f5b98c087e33cbef3a33ece6b, sendKeysToElement {value=[Ljava.lang.CharSequence;@33a32bbc, id=f.EF755FC7C47E88E8F4D56EB66073DBDA.d.3C4E8462A8543722C0780175C7C2A524.e.51}]
Capabilities {acceptInsecureCerts: false, browserName: chrome, browserVersion: 131.0.6778.140, chrome: {chromedriverVersion: 131.0.6778.108 (3b014839fbc..., userDataDir: C:\Users\vamsh\AppData\Loca...}, fedcm:accounts: true, goog:chromeOptions: {debuggerAddress: localhost:61641}, networkConnectionEnabled: false, pageLoadStrategy: normal, platformName: windows, proxy: Proxy(), se:cdp: ws://localhost:61641/devtoo..., se:cdpVersion: 131.0.6778.140, setWindowRect: true, strictFileInteractability: false, timeouts: {implicit: 0, pageLoad: 300000, script: 30000}, unhandledPromptBehavior: dismiss and notify, webauthn:extension:credBlob: true, webauthn:extension:largeBlob: true, webauthn:extension:minPinLength: true, webauthn:extension:prf: true, webauthn:virtualAuthenticators: true}
Element: [[ChromeDriver: chrome on windows (fdf9ca6f5b98c087e33cbef3a33ece6b)] -> css selector: .CodeMirror textarea]
Session ID: fdf9ca6f5b98c087e33cbef3a33ece6b
	at java.base/jdk.internal.reflect.DirectConstructorHandleAccessor.newInstance(DirectConstructorHandleAccessor.java:62)
	at java.base/java.lang.reflect.Constructor.newInstanceWithCaller(Constructor.java:502)
	at java.base/java.lang.reflect.Constructor.newInstance(Constructor.java:486)
	at org.openqa.selenium.remote.ErrorCodec.decode(ErrorCodec.java:167)
	at org.openqa.selenium.remote.codec.w3c.W3CHttpResponseCodec.decode(W3CHttpResponseCodec.java:138)
	at org.openqa.selenium.remote.codec.w3c.W3CHttpResponseCodec.decode(W3CHttpResponseCodec.java:50)
	at org.openqa.selenium.remote.HttpCommandExecutor.execute(HttpCommandExecutor.java:190)
	at org.openqa.selenium.remote.service.DriverCommandExecutor.invokeExecute(DriverCommandExecutor.java:216)
	at org.openqa.selenium.remote.service.DriverCommandExecutor.execute(DriverCommandExecutor.java:174)
	at org.openqa.selenium.remote.RemoteWebDriver.execute(RemoteWebDriver.java:545)
	at org.openqa.selenium.remote.RemoteWebElement.execute(RemoteWebElement.java:223)
	at org.openqa.selenium.remote.RemoteWebElement.sendKeys(RemoteWebElement.java:110)
	at PageObjects.IntroductionPage.enterCodeInEditor(IntroductionPage.java:82)
	at StepDefinitions.DSIntroductionDetails.user_writes_invalid_code_and_clicks_run_button(DSIntroductionDetails.java:184)
	at ✽.User writes invalid code and clicks run button(file:///C:/Projects/newFolder-3/Repo1/src/test/resources/Features/StackPage.feature:23)
&amp#27;[0m
  &amp#27;[36mThen &amp#27;[0m&amp#27;[36mThe user should able to see an error message in alert window&amp#27;[0m                           &amp#27;[90m# StepDefinitions.DSIntroductionDetails.the_user_should_able_to_see_an_error_message_in_alert_window()&amp#27;[0m
[ERROR] 2024-12-17 11:53:43.462 [TestNG-PoolService-1] Hooks - ======================  TEST CASE FAILED !! ======================

    Embedding screenshot [image/png 7853 bytes]

[INFO ] 2024-12-17 11:53:43.655 [TestNG-PoolService-1] Hooks - ======================  Screenshot is captured  ======================
[INFO ] 2024-12-17 11:53:43.656 [TestNG-PoolService-1] Hooks - ======================  Test Execution is completed!! ======================
]]></system-out>
    <system-err><![CDATA[Dec 17, 2024 11:53:42 AM org.openqa.selenium.devtools.CdpVersionFinder findNearestMatch
WARNING: Unable to find an exact match for CDP version 131, returning the closest version; found: 130; Please update to a Selenium version that supports CDP version 131
]]></system-err>
  </testcase>
  <testcase name="runScenario[&quot;Error message displayed for invalid code on try Editor for Operations in Stack page&quot;, &quot;Stack page&quot;](138)" classname="TestRunners.TestRunner" time="0.411">
    <system-out><![CDATA[
Scenario: Valid code on try editor for Operations in Stack runs successfully &amp#27;[90m# src/test/resources/Features/StackPage.feature:31&amp#27;[0m
]]></system-out>
  </testcase>
  <testcase name="runScenario[&quot;No error message displayed for empty code on try editor for Operations in Stack page&quot;, &quot;Stack page&quot;](139)" classname="TestRunners.TestRunner" time="2.09">
    <system-out><![CDATA[
Scenario: Validate user can navigate to Implementation page &amp#27;[90m# src/test/resources/Features/StackPage.feature:36&amp#27;[0m
  &amp#27;[32mGiven &amp#27;[0m&amp#27;[32mThe user is on the Operations in Stack page&amp#27;[0m                                            &amp#27;[90m# StepDefinitions.StackStepDefinitions.the_user_is_on_the_operations_in_stack_page()&amp#27;[0m
  &amp#27;[32mGiven &amp#27;[0m&amp#27;[32mThe user is on the DS Introduction page as signedIn&amp#27;[0m                  &amp#27;[90m# StepDefinitions.DSIntroductionDetails.the_user_is_on_the_ds_introduction_page_as_signed_in()&amp#27;[0m
  &amp#27;[32mWhen &amp#27;[0m&amp#27;[32mUser clicks on run button with empty code&amp#27;[0m                                               &amp#27;[90m# StepDefinitions.DSIntroductionDetails.user_clicks_on_run_button_with_empty_code()&amp#27;[0m
  &amp#27;[32mThen &amp#27;[0m&amp#27;[32mThe user should not see any error message or alert&amp#27;[0m                                      &amp#27;[90m# StepDefinitions.DSIntroductionDetails.the_user_should_not_see_any_error_message_or_alert()&amp#27;[0m
[INFO ] 2024-12-17 11:53:45.292 [TestNG-PoolService-3] Hooks - ======================  Test Execution is completed!! ======================
  &amp#27;[32mWhen &amp#27;[0m&amp#27;[32mThe user clicks on Get Started link for stack&amp#27;[0m                         &amp#27;[90m# StepDefinitions.StackStepDefinitions.the_user_clicks_on_get_started_link_for_stack()&amp#27;[0m
]]></system-out>
    <system-err><![CDATA[Dec 17, 2024 11:53:45 AM org.openqa.selenium.devtools.CdpVersionFinder findNearestMatch
WARNING: Unable to find an exact match for CDP version 131, returning the closest version; found: 130; Please update to a Selenium version that supports CDP version 131
]]></system-err>
  </testcase>
  <testcase name="runScenario[&quot;No error message displayed for empty code on try editor for Operations in Stack page&quot;, &quot;Stack page&quot;](139)" classname="TestRunners.TestRunner" time="8.057">
    <system-out><![CDATA[
Scenario: Validate user can navigate to Implementation page &amp#27;[90m# src/test/resources/Features/StackPage.feature:36&amp#27;[0m
  &amp#27;[32mGiven &amp#27;[0m&amp#27;[32mThe user is on the DS Introduction page as signedIn&amp#27;[0m                                    &amp#27;[90m# StepDefinitions.DSIntroductionDetails.the_user_is_on_the_ds_introduction_page_as_signed_in()&amp#27;[0m
  &amp#27;[32mWhen &amp#27;[0m&amp#27;[32mThe user clicks on Get Started link for stack&amp#27;[0m                                           &amp#27;[90m# StepDefinitions.StackStepDefinitions.the_user_clicks_on_get_started_link_for_stack()&amp#27;[0m
  &amp#27;[32mGiven &amp#27;[0m&amp#27;[32mThe user is on the Operations in Stack page&amp#27;[0m                                            &amp#27;[90m# StepDefinitions.StackStepDefinitions.the_user_is_on_the_operations_in_stack_page()&amp#27;[0m
  &amp#27;[32mGiven &amp#27;[0m&amp#27;[32mThe user is on the DS Introduction page as signedIn&amp#27;[0m                  &amp#27;[90m# StepDefinitions.DSIntroductionDetails.the_user_is_on_the_ds_introduction_page_as_signed_in()&amp#27;[0m
  &amp#27;[32mGiven &amp#27;[0m&amp#27;[32mThe user is on the DS Introduction page as signedIn&amp#27;[0m &amp#27;[90m# StepDefinitions.DSIntroductionDetails.the_user_is_on_the_ds_introduction_page_as_signed_in()&amp#27;[0m
  &amp#27;[32mWhen &amp#27;[0m&amp#27;[32mThe user clicks on Get Started link for stack&amp#27;[0m                         &amp#27;[90m# StepDefinitions.StackStepDefinitions.the_user_clicks_on_get_started_link_for_stack()&amp#27;[0m
  &amp#27;[32mWhen &amp#27;[0m&amp#27;[32mThe user clicks on Get Started link for stack&amp#27;[0m        &amp#27;[90m# StepDefinitions.StackStepDefinitions.the_user_clicks_on_get_started_link_for_stack()&amp#27;[0m
  &amp#27;[32mGiven &amp#27;[0m&amp#27;[32mThe user is on the Operations in Stack page&amp#27;[0m                          &amp#27;[90m# StepDefinitions.StackStepDefinitions.the_user_is_on_the_operations_in_stack_page()&amp#27;[0m
  &amp#27;[32mGiven &amp#27;[0m&amp#27;[32mThe user is on the stack details page&amp#27;[0m               &amp#27;[90m# StepDefinitions.StackStepDefinitions.the_user_is_on_the_stack_details_page()&amp#27;[0m
  &amp#27;[32mWhen &amp#27;[0m&amp#27;[32mUser clicks on run button with empty code&amp#27;[0m                                               &amp#27;[90m# StepDefinitions.DSIntroductionDetails.user_clicks_on_run_button_with_empty_code()&amp#27;[0m
  &amp#27;[32mThen &amp#27;[0m&amp#27;[32mThe user should not see any error message or alert&amp#27;[0m                                      &amp#27;[90m# StepDefinitions.DSIntroductionDetails.the_user_should_not_see_any_error_message_or_alert()&amp#27;[0m
[INFO ] 2024-12-17 12:22:48.405 [TestNG-PoolService-1] Hooks - ======================  Test Execution is completed!! ======================
  &amp#27;[32mWhen &amp#27;[0m&amp#27;[32mThe user click on Implementation link&amp#27;[0m                &amp#27;[90m# StepDefinitions.StackStepDefinitions.the_user_click_on_implementation_link()&amp#27;[0m
  &amp#27;[32mThen &amp#27;[0m&amp#27;[32mthe user is navigated to Implementation page&amp#27;[0m         &amp#27;[90m# StepDefinitions.StackStepDefinitions.the_user_is_navigated_to_implementation_page()&amp#27;[0m
[INFO ] 2024-12-17 12:22:48.757 [TestNG-PoolService-3] Hooks - ======================  Test Execution is completed!! ======================
  &amp#27;[32mWhen &amp#27;[0m&amp#27;[32mUser writes valid code and clicks run button&amp#27;[0m                          &amp#27;[90m# StepDefinitions.DSIntroductionDetails.user_writes_valid_code_and_clicks_run_button()&amp#27;[0m
  &amp#27;[32mThen &amp#27;[0m&amp#27;[32mThe user should able to see output in the console&amp#27;[0m                     &amp#27;[90m# StepDefinitions.DSIntroductionDetails.the_user_should_able_to_see_output_in_the_console()&amp#27;[0m
[INFO ] 2024-12-17 12:22:49.255 [TestNG-PoolService-2] Hooks - ======================  Test Execution is completed!! ======================
]]></system-out>
    <system-err><![CDATA[Dec 17, 2024 12:22:43 PM org.openqa.selenium.devtools.CdpVersionFinder findNearestMatch
WARNING: Unable to find an exact match for CDP version 131, returning the closest version; found: 130; Please update to a Selenium version that supports CDP version 131
Dec 17, 2024 12:22:44 PM org.openqa.selenium.devtools.CdpVersionFinder findNearestMatch
WARNING: Unable to find an exact match for CDP version 131, returning the closest version; found: 130; Please update to a Selenium version that supports CDP version 131
Dec 17, 2024 12:22:45 PM org.openqa.selenium.devtools.CdpVersionFinder findNearestMatch
WARNING: Unable to find an exact match for CDP version 131, returning the closest version; found: 130; Please update to a Selenium version that supports CDP version 131
]]></system-err>
  </testcase>
  <testcase name="runScenario[&quot;Valid code on try editor for Operations in Stack runs successfully&quot;, &quot;Stack page&quot;](140)" classname="TestRunners.TestRunner" time="2.121">
    <failure message="element not interactable&#10;  (Session info: chrome=131.0.6778.140)&#10;Build info: version: &apos;4.26.0&apos;, revision: &apos;8ccf0219d7&apos;&#10;System info: os.name: &apos;Windows 11&apos;, os.arch: &apos;amd64&apos;, os.version: &apos;10.0&apos;, java.version: &apos;21.0.5&apos;&#10;Driver info: org.openqa.selenium.chrome.ChromeDriver&#10;Command: [148dc883452a9294c7c7af978bdf845a, sendKeysToElement {value=[Ljava.lang.CharSequence;@7177beba, id=f.7A2A9BE5BEA1094F235D9B7273B47066.d.147DE2E1D36F26CAD99DF553EDF8841B.e.51}]&#10;Capabilities {acceptInsecureCerts: false, browserName: chrome, browserVersion: 131.0.6778.140, chrome: {chromedriverVersion: 131.0.6778.108 (3b014839fbc..., userDataDir: C:\Users\vamsh\AppData\Loca...}, fedcm:accounts: true, goog:chromeOptions: {debuggerAddress: localhost:61738}, networkConnectionEnabled: false, pageLoadStrategy: normal, platformName: windows, proxy: Proxy(), se:cdp: ws://localhost:61738/devtoo..., se:cdpVersion: 131.0.6778.140, setWindowRect: true, strictFileInteractability: false, timeouts: {implicit: 0, pageLoad: 300000, script: 30000}, unhandledPromptBehavior: dismiss and notify, webauthn:extension:credBlob: true, webauthn:extension:largeBlob: true, webauthn:extension:minPinLength: true, webauthn:extension:prf: true, webauthn:virtualAuthenticators: true}&#10;Element: [[ChromeDriver: chrome on windows (148dc883452a9294c7c7af978bdf845a)] -&gt; css selector: .CodeMirror textarea]&#10;Session ID: 148dc883452a9294c7c7af978bdf845a" type="org.openqa.selenium.ElementNotInteractableException"><![CDATA[org.openqa.selenium.ElementNotInteractableException: 
element not interactable
  (Session info: chrome=131.0.6778.140)
Build info: version: '4.26.0', revision: '8ccf0219d7'
System info: os.name: 'Windows 11', os.arch: 'amd64', os.version: '10.0', java.version: '21.0.5'
Driver info: org.openqa.selenium.chrome.ChromeDriver
Command: [148dc883452a9294c7c7af978bdf845a, sendKeysToElement {value=[Ljava.lang.CharSequence;@7177beba, id=f.7A2A9BE5BEA1094F235D9B7273B47066.d.147DE2E1D36F26CAD99DF553EDF8841B.e.51}]
Capabilities {acceptInsecureCerts: false, browserName: chrome, browserVersion: 131.0.6778.140, chrome: {chromedriverVersion: 131.0.6778.108 (3b014839fbc..., userDataDir: C:\Users\vamsh\AppData\Loca...}, fedcm:accounts: true, goog:chromeOptions: {debuggerAddress: localhost:61738}, networkConnectionEnabled: false, pageLoadStrategy: normal, platformName: windows, proxy: Proxy(), se:cdp: ws://localhost:61738/devtoo..., se:cdpVersion: 131.0.6778.140, setWindowRect: true, strictFileInteractability: false, timeouts: {implicit: 0, pageLoad: 300000, script: 30000}, unhandledPromptBehavior: dismiss and notify, webauthn:extension:credBlob: true, webauthn:extension:largeBlob: true, webauthn:extension:minPinLength: true, webauthn:extension:prf: true, webauthn:virtualAuthenticators: true}
Element: [[ChromeDriver: chrome on windows (148dc883452a9294c7c7af978bdf845a)] -> css selector: .CodeMirror textarea]
Session ID: 148dc883452a9294c7c7af978bdf845a
]]></failure>
    <system-out><![CDATA[
Scenario: Validate user can click on Try here link from Implementation page &amp#27;[90m# src/test/resources/Features/StackPage.feature:41&amp#27;[0m
  &amp#27;[32mGiven &amp#27;[0m&amp#27;[32mThe user is on the Operations in Stack page&amp#27;[0m                          &amp#27;[90m# StepDefinitions.StackStepDefinitions.the_user_is_on_the_operations_in_stack_page()&amp#27;[0m
  &amp#27;[31mWhen &amp#27;[0m&amp#27;[31mUser writes valid code and clicks run button&amp#27;[0m                          &amp#27;[90m# StepDefinitions.DSIntroductionDetails.user_writes_valid_code_and_clicks_run_button()&amp#27;[0m
      &amp#27;[31morg.openqa.selenium.ElementNotInteractableException: element not interactable
  (Session info: chrome=131.0.6778.140)
Build info: version: '4.26.0', revision: '8ccf0219d7'
System info: os.name: 'Windows 11', os.arch: 'amd64', os.version: '10.0', java.version: '21.0.5'
Driver info: org.openqa.selenium.chrome.ChromeDriver
Command: [148dc883452a9294c7c7af978bdf845a, sendKeysToElement {value=[Ljava.lang.CharSequence;@7177beba, id=f.7A2A9BE5BEA1094F235D9B7273B47066.d.147DE2E1D36F26CAD99DF553EDF8841B.e.51}]
Capabilities {acceptInsecureCerts: false, browserName: chrome, browserVersion: 131.0.6778.140, chrome: {chromedriverVersion: 131.0.6778.108 (3b014839fbc..., userDataDir: C:\Users\vamsh\AppData\Loca...}, fedcm:accounts: true, goog:chromeOptions: {debuggerAddress: localhost:61738}, networkConnectionEnabled: false, pageLoadStrategy: normal, platformName: windows, proxy: Proxy(), se:cdp: ws://localhost:61738/devtoo..., se:cdpVersion: 131.0.6778.140, setWindowRect: true, strictFileInteractability: false, timeouts: {implicit: 0, pageLoad: 300000, script: 30000}, unhandledPromptBehavior: dismiss and notify, webauthn:extension:credBlob: true, webauthn:extension:largeBlob: true, webauthn:extension:minPinLength: true, webauthn:extension:prf: true, webauthn:virtualAuthenticators: true}
Element: [[ChromeDriver: chrome on windows (148dc883452a9294c7c7af978bdf845a)] -> css selector: .CodeMirror textarea]
Session ID: 148dc883452a9294c7c7af978bdf845a
	at java.base/jdk.internal.reflect.DirectConstructorHandleAccessor.newInstance(DirectConstructorHandleAccessor.java:62)
	at java.base/java.lang.reflect.Constructor.newInstanceWithCaller(Constructor.java:502)
	at java.base/java.lang.reflect.Constructor.newInstance(Constructor.java:486)
	at org.openqa.selenium.remote.ErrorCodec.decode(ErrorCodec.java:167)
	at org.openqa.selenium.remote.codec.w3c.W3CHttpResponseCodec.decode(W3CHttpResponseCodec.java:138)
	at org.openqa.selenium.remote.codec.w3c.W3CHttpResponseCodec.decode(W3CHttpResponseCodec.java:50)
	at org.openqa.selenium.remote.HttpCommandExecutor.execute(HttpCommandExecutor.java:190)
	at org.openqa.selenium.remote.service.DriverCommandExecutor.invokeExecute(DriverCommandExecutor.java:216)
	at org.openqa.selenium.remote.service.DriverCommandExecutor.execute(DriverCommandExecutor.java:174)
	at org.openqa.selenium.remote.RemoteWebDriver.execute(RemoteWebDriver.java:545)
	at org.openqa.selenium.remote.RemoteWebElement.execute(RemoteWebElement.java:223)
	at org.openqa.selenium.remote.RemoteWebElement.sendKeys(RemoteWebElement.java:110)
	at PageObjects.IntroductionPage.enterCodeInEditor(IntroductionPage.java:82)
	at StepDefinitions.DSIntroductionDetails.user_writes_valid_code_and_clicks_run_button(DSIntroductionDetails.java:197)
	at ✽.User writes valid code and clicks run button(file:///C:/Projects/newFolder-3/Repo1/src/test/resources/Features/StackPage.feature:33)
&amp#27;[0m
  &amp#27;[36mThen &amp#27;[0m&amp#27;[36mThe user should able to see output in the console&amp#27;[0m                     &amp#27;[90m# StepDefinitions.DSIntroductionDetails.the_user_should_able_to_see_output_in_the_console()&amp#27;[0m
[ERROR] 2024-12-17 11:53:46.979 [TestNG-PoolService-2] Hooks - ======================  TEST CASE FAILED !! ======================

    Embedding screenshot [image/png 7853 bytes]

[INFO ] 2024-12-17 11:53:47.347 [TestNG-PoolService-2] Hooks - ======================  Screenshot is captured  ======================
[INFO ] 2024-12-17 11:53:47.353 [TestNG-PoolService-2] Hooks - ======================  Test Execution is completed!! ======================
]]></system-out>
    <system-err><![CDATA[Dec 17, 2024 11:53:47 AM org.openqa.selenium.devtools.CdpVersionFinder findNearestMatch
WARNING: Unable to find an exact match for CDP version 131, returning the closest version; found: 130; Please update to a Selenium version that supports CDP version 131
]]></system-err>
  </testcase>
  <testcase name="runScenario[&quot;Validate user can navigate to Implementation page&quot;, &quot;Stack page&quot;](141)" classname="TestRunners.TestRunner" time="1.893">
    <system-out><![CDATA[
Scenario: Error message displayed for invalid code on try Editor for Implementation page &amp#27;[90m# src/test/resources/Features/StackPage.feature:46&amp#27;[0m
  &amp#27;[32mGiven &amp#27;[0m&amp#27;[32mThe user is on the DS Introduction page as signedIn&amp#27;[0m &amp#27;[90m# StepDefinitions.DSIntroductionDetails.the_user_is_on_the_ds_introduction_page_as_signed_in()&amp#27;[0m
  &amp#27;[32mWhen &amp#27;[0m&amp#27;[32mThe user clicks on Get Started link for stack&amp#27;[0m        &amp#27;[90m# StepDefinitions.StackStepDefinitions.the_user_clicks_on_get_started_link_for_stack()&amp#27;[0m
  &amp#27;[32mGiven &amp#27;[0m&amp#27;[32mThe user is on the stack details page&amp#27;[0m               &amp#27;[90m# StepDefinitions.StackStepDefinitions.the_user_is_on_the_stack_details_page()&amp#27;[0m
  &amp#27;[32mWhen &amp#27;[0m&amp#27;[32mThe user click on Implementation link&amp#27;[0m                &amp#27;[90m# StepDefinitions.StackStepDefinitions.the_user_click_on_implementation_link()&amp#27;[0m
  &amp#27;[32mThen &amp#27;[0m&amp#27;[32mthe user is navigated to Implementation page&amp#27;[0m         &amp#27;[90m# StepDefinitions.StackStepDefinitions.the_user_is_navigated_to_implementation_page()&amp#27;[0m
[INFO ] 2024-12-17 11:53:49.374 [TestNG-PoolService-1] Hooks - ======================  Test Execution is completed!! ======================
]]></system-out>
    <system-err><![CDATA[Dec 17, 2024 11:53:49 AM org.openqa.selenium.devtools.CdpVersionFinder findNearestMatch
WARNING: Unable to find an exact match for CDP version 131, returning the closest version; found: 130; Please update to a Selenium version that supports CDP version 131
]]></system-err>
  </testcase>
  <testcase name="runScenario[&quot;Validate user can click on Try here link from Implementation page&quot;, &quot;Stack page&quot;](142)" classname="TestRunners.TestRunner" time="3.251">
    <system-out><![CDATA[
Scenario: No error message displayed for empty code on try editor for Implementation page &amp#27;[90m# src/test/resources/Features/StackPage.feature:51&amp#27;[0m
  &amp#27;[32mGiven &amp#27;[0m&amp#27;[32mThe user is on the DS Introduction page as signedIn&amp#27;[0m                 &amp#27;[90m# StepDefinitions.DSIntroductionDetails.the_user_is_on_the_ds_introduction_page_as_signed_in()&amp#27;[0m
  &amp#27;[32mWhen &amp#27;[0m&amp#27;[32mThe user clicks on Get Started link for stack&amp#27;[0m                        &amp#27;[90m# StepDefinitions.StackStepDefinitions.the_user_clicks_on_get_started_link_for_stack()&amp#27;[0m
  &amp#27;[32mGiven &amp#27;[0m&amp#27;[32mThe user is on the Implementation page&amp#27;[0m                              &amp#27;[90m# StepDefinitions.StackStepDefinitions.the_user_is_on_the_implementation_page()&amp#27;[0m
  &amp#27;[32mGiven &amp#27;[0m&amp#27;[32mThe user is on the DS Introduction page as signedIn&amp#27;[0m                              &amp#27;[90m# StepDefinitions.DSIntroductionDetails.the_user_is_on_the_ds_introduction_page_as_signed_in()&amp#27;[0m
  &amp#27;[32mWhen &amp#27;[0m&amp#27;[32mUser clicks Try here link&amp#27;[0m                                            &amp#27;[90m# StepDefinitions.DSIntroductionDetails.user_clicks_try_here_link()&amp#27;[0m
  &amp#27;[32mThen &amp#27;[0m&amp#27;[32mUser should navigate to tryEditor page&amp#27;[0m                               &amp#27;[90m# StepDefinitions.DSIntroductionDetails.user_should_navigate_to_try_editor_page()&amp#27;[0m
[INFO ] 2024-12-17 11:53:52.935 [TestNG-PoolService-3] Hooks - ======================  Test Execution is completed!! ======================
  &amp#27;[32mWhen &amp#27;[0m&amp#27;[32mThe user clicks on Get Started link for stack&amp#27;[0m                                     &amp#27;[90m# StepDefinitions.StackStepDefinitions.the_user_clicks_on_get_started_link_for_stack()&amp#27;[0m
]]></system-out>
    <system-err><![CDATA[Dec 17, 2024 11:53:51 AM org.openqa.selenium.devtools.CdpVersionFinder findNearestMatch
WARNING: Unable to find an exact match for CDP version 131, returning the closest version; found: 130; Please update to a Selenium version that supports CDP version 131
]]></system-err>
  </testcase>
  <testcase name="runScenario[&quot;Validate user can click on Try here link from Implementation page&quot;, &quot;Stack page&quot;](142)" classname="TestRunners.TestRunner" time="11.639">
    <system-out><![CDATA[
Scenario: No error message displayed for empty code on try editor for Implementation page &amp#27;[90m# src/test/resources/Features/StackPage.feature:51&amp#27;[0m
  &amp#27;[32mGiven &amp#27;[0m&amp#27;[32mThe user is on the DS Introduction page as signedIn&amp#27;[0m                 &amp#27;[90m# StepDefinitions.DSIntroductionDetails.the_user_is_on_the_ds_introduction_page_as_signed_in()&amp#27;[0m
  &amp#27;[32mWhen &amp#27;[0m&amp#27;[32mThe user clicks on Get Started link for stack&amp#27;[0m                        &amp#27;[90m# StepDefinitions.StackStepDefinitions.the_user_clicks_on_get_started_link_for_stack()&amp#27;[0m
  &amp#27;[32mGiven &amp#27;[0m&amp#27;[32mThe user is on the Implementation page&amp#27;[0m                              &amp#27;[90m# StepDefinitions.StackStepDefinitions.the_user_is_on_the_implementation_page()&amp#27;[0m
  &amp#27;[32mGiven &amp#27;[0m&amp#27;[32mThe user is on the DS Introduction page as signedIn&amp#27;[0m                               &amp#27;[90m# StepDefinitions.DSIntroductionDetails.the_user_is_on_the_ds_introduction_page_as_signed_in()&amp#27;[0m
  &amp#27;[32mWhen &amp#27;[0m&amp#27;[32mThe user clicks on Get Started link for stack&amp#27;[0m                                      &amp#27;[90m# StepDefinitions.StackStepDefinitions.the_user_clicks_on_get_started_link_for_stack()&amp#27;[0m
  &amp#27;[32mGiven &amp#27;[0m&amp#27;[32mThe user is on the DS Introduction page as signedIn&amp#27;[0m                              &amp#27;[90m# StepDefinitions.DSIntroductionDetails.the_user_is_on_the_ds_introduction_page_as_signed_in()&amp#27;[0m
  &amp#27;[32mGiven &amp#27;[0m&amp#27;[32mThe user is on the Implementation page&amp#27;[0m                                            &amp#27;[90m# StepDefinitions.StackStepDefinitions.the_user_is_on_the_implementation_page()&amp#27;[0m
  &amp#27;[32mWhen &amp#27;[0m&amp#27;[32mThe user clicks on Get Started link for stack&amp#27;[0m                                     &amp#27;[90m# StepDefinitions.StackStepDefinitions.the_user_clicks_on_get_started_link_for_stack()&amp#27;[0m
  &amp#27;[32mWhen &amp#27;[0m&amp#27;[32mUser clicks Try here link&amp#27;[0m                                            &amp#27;[90m# StepDefinitions.DSIntroductionDetails.user_clicks_try_here_link()&amp#27;[0m
  &amp#27;[32mThen &amp#27;[0m&amp#27;[32mUser should navigate to tryEditor page&amp#27;[0m                               &amp#27;[90m# StepDefinitions.DSIntroductionDetails.user_should_navigate_to_try_editor_page()&amp#27;[0m
[INFO ] 2024-12-17 12:08:30.636 [TestNG-PoolService-2] Hooks - ======================  Test Execution is completed!! ======================
  &amp#27;[32mGiven &amp#27;[0m&amp#27;[32mThe user is on the Implementation page&amp#27;[0m                                           &amp#27;[90m# StepDefinitions.StackStepDefinitions.the_user_is_on_the_implementation_page()&amp#27;[0m
  &amp#27;[32mWhen &amp#27;[0m&amp#27;[32mUser clicks on run button with empty code&amp#27;[0m                                          &amp#27;[90m# StepDefinitions.DSIntroductionDetails.user_clicks_on_run_button_with_empty_code()&amp#27;[0m
  &amp#27;[32mThen &amp#27;[0m&amp#27;[32mThe user should not see any error message or alert&amp#27;[0m                                 &amp#27;[90m# StepDefinitions.DSIntroductionDetails.the_user_should_not_see_any_error_message_or_alert()&amp#27;[0m
[INFO ] 2024-12-17 12:08:31.634 [TestNG-PoolService-3] Hooks - ======================  Test Execution is completed!! ======================
  &amp#27;[32mWhen &amp#27;[0m&amp#27;[32mUser writes invalid code and clicks run button&amp#27;[0m                                    &amp#27;[90m# StepDefinitions.DSIntroductionDetails.user_writes_invalid_code_and_clicks_run_button()&amp#27;[0m
]]></system-out>
  </testcase>
  <testcase name="runScenario[&quot;Validate user can click on Try here link from Implementation page&quot;, &quot;Stack page&quot;](142)" classname="TestRunners.TestRunner" time="9.253">
    <system-out><![CDATA[
Scenario: No error message displayed for empty code on try editor for Implementation page &amp#27;[90m# src/test/resources/Features/StackPage.feature:51&amp#27;[0m
  &amp#27;[32mGiven &amp#27;[0m&amp#27;[32mThe user is on the DS Introduction page as signedIn&amp#27;[0m                 &amp#27;[90m# StepDefinitions.DSIntroductionDetails.the_user_is_on_the_ds_introduction_page_as_signed_in()&amp#27;[0m
  &amp#27;[32mGiven &amp#27;[0m&amp#27;[32mThe user is on the DS Introduction page as signedIn&amp#27;[0m                              &amp#27;[90m# StepDefinitions.DSIntroductionDetails.the_user_is_on_the_ds_introduction_page_as_signed_in()&amp#27;[0m
  &amp#27;[32mWhen &amp#27;[0m&amp#27;[32mThe user clicks on Get Started link for stack&amp#27;[0m                        &amp#27;[90m# StepDefinitions.StackStepDefinitions.the_user_clicks_on_get_started_link_for_stack()&amp#27;[0m
  &amp#27;[32mWhen &amp#27;[0m&amp#27;[32mThe user clicks on Get Started link for stack&amp#27;[0m                                     &amp#27;[90m# StepDefinitions.StackStepDefinitions.the_user_clicks_on_get_started_link_for_stack()&amp#27;[0m
  &amp#27;[32mGiven &amp#27;[0m&amp#27;[32mThe user is on the Implementation page&amp#27;[0m                              &amp#27;[90m# StepDefinitions.StackStepDefinitions.the_user_is_on_the_implementation_page()&amp#27;[0m
  &amp#27;[32mGiven &amp#27;[0m&amp#27;[32mThe user is on the DS Introduction page as signedIn&amp#27;[0m                               &amp#27;[90m# StepDefinitions.DSIntroductionDetails.the_user_is_on_the_ds_introduction_page_as_signed_in()&amp#27;[0m
  &amp#27;[32mGiven &amp#27;[0m&amp#27;[32mThe user is on the Implementation page&amp#27;[0m                                           &amp#27;[90m# StepDefinitions.StackStepDefinitions.the_user_is_on_the_implementation_page()&amp#27;[0m
  &amp#27;[32mWhen &amp#27;[0m&amp#27;[32mThe user clicks on Get Started link for stack&amp#27;[0m                                      &amp#27;[90m# StepDefinitions.StackStepDefinitions.the_user_clicks_on_get_started_link_for_stack()&amp#27;[0m
  &amp#27;[32mGiven &amp#27;[0m&amp#27;[32mThe user is on the Implementation page&amp#27;[0m                                            &amp#27;[90m# StepDefinitions.StackStepDefinitions.the_user_is_on_the_implementation_page()&amp#27;[0m
  &amp#27;[32mWhen &amp#27;[0m&amp#27;[32mUser clicks Try here link&amp#27;[0m                                            &amp#27;[90m# StepDefinitions.DSIntroductionDetails.user_clicks_try_here_link()&amp#27;[0m
  &amp#27;[32mThen &amp#27;[0m&amp#27;[32mUser should navigate to tryEditor page&amp#27;[0m                               &amp#27;[90m# StepDefinitions.DSIntroductionDetails.user_should_navigate_to_try_editor_page()&amp#27;[0m
[INFO ] 2024-12-17 12:22:58.548 [TestNG-PoolService-1] Hooks - ======================  Test Execution is completed!! ======================
  &amp#27;[32mWhen &amp#27;[0m&amp#27;[32mUser clicks on run button with empty code&amp#27;[0m                                          &amp#27;[90m# StepDefinitions.DSIntroductionDetails.user_clicks_on_run_button_with_empty_code()&amp#27;[0m
  &amp#27;[32mThen &amp#27;[0m&amp#27;[32mThe user should not see any error message or alert&amp#27;[0m                                 &amp#27;[90m# StepDefinitions.DSIntroductionDetails.the_user_should_not_see_any_error_message_or_alert()&amp#27;[0m
[INFO ] 2024-12-17 12:22:59.346 [TestNG-PoolService-2] Hooks - ======================  Test Execution is completed!! ======================
]]></system-out>
    <system-err><![CDATA[Dec 17, 2024 12:22:52 PM org.openqa.selenium.devtools.CdpVersionFinder findNearestMatch
WARNING: Unable to find an exact match for CDP version 131, returning the closest version; found: 130; Please update to a Selenium version that supports CDP version 131
Dec 17, 2024 12:22:53 PM org.openqa.selenium.devtools.CdpVersionFinder findNearestMatch
WARNING: Unable to find an exact match for CDP version 131, returning the closest version; found: 130; Please update to a Selenium version that supports CDP version 131
Dec 17, 2024 12:22:54 PM org.openqa.selenium.devtools.CdpVersionFinder findNearestMatch
WARNING: Unable to find an exact match for CDP version 131, returning the closest version; found: 130; Please update to a Selenium version that supports CDP version 131
]]></system-err>
  </testcase>
  <testcase name="runScenario[&quot;Error message displayed for invalid code on try Editor for Implementation page&quot;, &quot;Stack page&quot;](143)" classname="TestRunners.TestRunner" time="1.871">
    <failure message="element not interactable&#10;  (Session info: chrome=131.0.6778.140)&#10;Build info: version: &apos;4.26.0&apos;, revision: &apos;8ccf0219d7&apos;&#10;System info: os.name: &apos;Windows 11&apos;, os.arch: &apos;amd64&apos;, os.version: &apos;10.0&apos;, java.version: &apos;21.0.5&apos;&#10;Driver info: org.openqa.selenium.chrome.ChromeDriver&#10;Command: [1859950b4f3b8910e702876b42773490, sendKeysToElement {value=[Ljava.lang.CharSequence;@57407b7, id=f.4F6F95118FA84D6FDB7622EC484D8EC4.d.118C52939D31F9CDA1A9D587B23ECDED.e.50}]&#10;Capabilities {acceptInsecureCerts: false, browserName: chrome, browserVersion: 131.0.6778.140, chrome: {chromedriverVersion: 131.0.6778.108 (3b014839fbc..., userDataDir: C:\Users\vamsh\AppData\Loca...}, fedcm:accounts: true, goog:chromeOptions: {debuggerAddress: localhost:61920}, networkConnectionEnabled: false, pageLoadStrategy: normal, platformName: windows, proxy: Proxy(), se:cdp: ws://localhost:61920/devtoo..., se:cdpVersion: 131.0.6778.140, setWindowRect: true, strictFileInteractability: false, timeouts: {implicit: 0, pageLoad: 300000, script: 30000}, unhandledPromptBehavior: dismiss and notify, webauthn:extension:credBlob: true, webauthn:extension:largeBlob: true, webauthn:extension:minPinLength: true, webauthn:extension:prf: true, webauthn:virtualAuthenticators: true}&#10;Element: [[ChromeDriver: chrome on windows (1859950b4f3b8910e702876b42773490)] -&gt; css selector: .CodeMirror textarea]&#10;Session ID: 1859950b4f3b8910e702876b42773490" type="org.openqa.selenium.ElementNotInteractableException"><![CDATA[org.openqa.selenium.ElementNotInteractableException: 
element not interactable
  (Session info: chrome=131.0.6778.140)
Build info: version: '4.26.0', revision: '8ccf0219d7'
System info: os.name: 'Windows 11', os.arch: 'amd64', os.version: '10.0', java.version: '21.0.5'
Driver info: org.openqa.selenium.chrome.ChromeDriver
Command: [1859950b4f3b8910e702876b42773490, sendKeysToElement {value=[Ljava.lang.CharSequence;@57407b7, id=f.4F6F95118FA84D6FDB7622EC484D8EC4.d.118C52939D31F9CDA1A9D587B23ECDED.e.50}]
Capabilities {acceptInsecureCerts: false, browserName: chrome, browserVersion: 131.0.6778.140, chrome: {chromedriverVersion: 131.0.6778.108 (3b014839fbc..., userDataDir: C:\Users\vamsh\AppData\Loca...}, fedcm:accounts: true, goog:chromeOptions: {debuggerAddress: localhost:61920}, networkConnectionEnabled: false, pageLoadStrategy: normal, platformName: windows, proxy: Proxy(), se:cdp: ws://localhost:61920/devtoo..., se:cdpVersion: 131.0.6778.140, setWindowRect: true, strictFileInteractability: false, timeouts: {implicit: 0, pageLoad: 300000, script: 30000}, unhandledPromptBehavior: dismiss and notify, webauthn:extension:credBlob: true, webauthn:extension:largeBlob: true, webauthn:extension:minPinLength: true, webauthn:extension:prf: true, webauthn:virtualAuthenticators: true}
Element: [[ChromeDriver: chrome on windows (1859950b4f3b8910e702876b42773490)] -> css selector: .CodeMirror textarea]
Session ID: 1859950b4f3b8910e702876b42773490
]]></failure>
    <system-out><![CDATA[
Scenario: Valid code on try editor for Implementation runs successfully &amp#27;[90m# src/test/resources/Features/StackPage.feature:56&amp#27;[0m
  &amp#27;[32mGiven &amp#27;[0m&amp#27;[32mThe user is on the Implementation page&amp#27;[0m                                           &amp#27;[90m# StepDefinitions.StackStepDefinitions.the_user_is_on_the_implementation_page()&amp#27;[0m
  &amp#27;[32mGiven &amp#27;[0m&amp#27;[32mThe user is on the DS Introduction page as signedIn&amp#27;[0m                               &amp#27;[90m# StepDefinitions.DSIntroductionDetails.the_user_is_on_the_ds_introduction_page_as_signed_in()&amp#27;[0m
  &amp#27;[31mWhen &amp#27;[0m&amp#27;[31mUser writes invalid code and clicks run button&amp#27;[0m                                    &amp#27;[90m# StepDefinitions.DSIntroductionDetails.user_writes_invalid_code_and_clicks_run_button()&amp#27;[0m
      &amp#27;[31morg.openqa.selenium.ElementNotInteractableException: element not interactable
  (Session info: chrome=131.0.6778.140)
Build info: version: '4.26.0', revision: '8ccf0219d7'
System info: os.name: 'Windows 11', os.arch: 'amd64', os.version: '10.0', java.version: '21.0.5'
Driver info: org.openqa.selenium.chrome.ChromeDriver
Command: [1859950b4f3b8910e702876b42773490, sendKeysToElement {value=[Ljava.lang.CharSequence;@57407b7, id=f.4F6F95118FA84D6FDB7622EC484D8EC4.d.118C52939D31F9CDA1A9D587B23ECDED.e.50}]
Capabilities {acceptInsecureCerts: false, browserName: chrome, browserVersion: 131.0.6778.140, chrome: {chromedriverVersion: 131.0.6778.108 (3b014839fbc..., userDataDir: C:\Users\vamsh\AppData\Loca...}, fedcm:accounts: true, goog:chromeOptions: {debuggerAddress: localhost:61920}, networkConnectionEnabled: false, pageLoadStrategy: normal, platformName: windows, proxy: Proxy(), se:cdp: ws://localhost:61920/devtoo..., se:cdpVersion: 131.0.6778.140, setWindowRect: true, strictFileInteractability: false, timeouts: {implicit: 0, pageLoad: 300000, script: 30000}, unhandledPromptBehavior: dismiss and notify, webauthn:extension:credBlob: true, webauthn:extension:largeBlob: true, webauthn:extension:minPinLength: true, webauthn:extension:prf: true, webauthn:virtualAuthenticators: true}
Element: [[ChromeDriver: chrome on windows (1859950b4f3b8910e702876b42773490)] -> css selector: .CodeMirror textarea]
Session ID: 1859950b4f3b8910e702876b42773490
	at java.base/jdk.internal.reflect.DirectConstructorHandleAccessor.newInstance(DirectConstructorHandleAccessor.java:62)
	at java.base/java.lang.reflect.Constructor.newInstanceWithCaller(Constructor.java:502)
	at java.base/java.lang.reflect.Constructor.newInstance(Constructor.java:486)
	at org.openqa.selenium.remote.ErrorCodec.decode(ErrorCodec.java:167)
	at org.openqa.selenium.remote.codec.w3c.W3CHttpResponseCodec.decode(W3CHttpResponseCodec.java:138)
	at org.openqa.selenium.remote.codec.w3c.W3CHttpResponseCodec.decode(W3CHttpResponseCodec.java:50)
	at org.openqa.selenium.remote.HttpCommandExecutor.execute(HttpCommandExecutor.java:190)
	at org.openqa.selenium.remote.service.DriverCommandExecutor.invokeExecute(DriverCommandExecutor.java:216)
	at org.openqa.selenium.remote.service.DriverCommandExecutor.execute(DriverCommandExecutor.java:174)
	at org.openqa.selenium.remote.RemoteWebDriver.execute(RemoteWebDriver.java:545)
	at org.openqa.selenium.remote.RemoteWebElement.execute(RemoteWebElement.java:223)
	at org.openqa.selenium.remote.RemoteWebElement.sendKeys(RemoteWebElement.java:110)
	at PageObjects.IntroductionPage.enterCodeInEditor(IntroductionPage.java:82)
	at StepDefinitions.DSIntroductionDetails.user_writes_invalid_code_and_clicks_run_button(DSIntroductionDetails.java:184)
	at ✽.User writes invalid code and clicks run button(file:///C:/Projects/newFolder-3/Repo1/src/test/resources/Features/StackPage.feature:48)
&amp#27;[0m
  &amp#27;[36mThen &amp#27;[0m&amp#27;[36mThe user should able to see an error message in alert window&amp#27;[0m                      &amp#27;[90m# StepDefinitions.DSIntroductionDetails.the_user_should_able_to_see_an_error_message_in_alert_window()&amp#27;[0m
[ERROR] 2024-12-17 11:53:54.555 [TestNG-PoolService-2] Hooks - ======================  TEST CASE FAILED !! ======================

    Embedding screenshot [image/png 7853 bytes]

[INFO ] 2024-12-17 11:53:54.760 [TestNG-PoolService-2] Hooks - ======================  Screenshot is captured  ======================
[INFO ] 2024-12-17 11:53:54.762 [TestNG-PoolService-2] Hooks - ======================  Test Execution is completed!! ======================
  &amp#27;[32mWhen &amp#27;[0m&amp#27;[32mThe user clicks on Get Started link for stack&amp#27;[0m                                      &amp#27;[90m# StepDefinitions.StackStepDefinitions.the_user_clicks_on_get_started_link_for_stack()&amp#27;[0m
]]></system-out>
    <system-err><![CDATA[Dec 17, 2024 11:53:54 AM org.openqa.selenium.devtools.CdpVersionFinder findNearestMatch
WARNING: Unable to find an exact match for CDP version 131, returning the closest version; found: 130; Please update to a Selenium version that supports CDP version 131
]]></system-err>
  </testcase>
  <testcase name="runScenario[&quot;No error message displayed for empty code on try editor for Implementation page&quot;, &quot;Stack page&quot;](144)" classname="TestRunners.TestRunner" time="1.818">
    <system-out><![CDATA[
Scenario: Validate user can navigate to Applications page   &amp#27;[90m# src/test/resources/Features/StackPage.feature:61&amp#27;[0m
  &amp#27;[32mGiven &amp#27;[0m&amp#27;[32mThe user is on the Implementation page&amp#27;[0m                                            &amp#27;[90m# StepDefinitions.StackStepDefinitions.the_user_is_on_the_implementation_page()&amp#27;[0m
  &amp#27;[32mWhen &amp#27;[0m&amp#27;[32mUser clicks on run button with empty code&amp#27;[0m                                          &amp#27;[90m# StepDefinitions.DSIntroductionDetails.user_clicks_on_run_button_with_empty_code()&amp#27;[0m
  &amp#27;[32mThen &amp#27;[0m&amp#27;[32mThe user should not see any error message or alert&amp#27;[0m                                 &amp#27;[90m# StepDefinitions.DSIntroductionDetails.the_user_should_not_see_any_error_message_or_alert()&amp#27;[0m
[INFO ] 2024-12-17 11:53:56.626 [TestNG-PoolService-1] Hooks - ======================  Test Execution is completed!! ======================
]]></system-out>
    <system-err><![CDATA[Dec 17, 2024 11:53:56 AM org.openqa.selenium.devtools.CdpVersionFinder findNearestMatch
WARNING: Unable to find an exact match for CDP version 131, returning the closest version; found: 130; Please update to a Selenium version that supports CDP version 131
]]></system-err>
  </testcase>
  <testcase name="runScenario[&quot;Valid code on try editor for Implementation runs successfully&quot;, &quot;Stack page&quot;](145)" classname="TestRunners.TestRunner" time="2.928">
    <failure message="element not interactable&#10;  (Session info: chrome=131.0.6778.140)&#10;Build info: version: &apos;4.26.0&apos;, revision: &apos;8ccf0219d7&apos;&#10;System info: os.name: &apos;Windows 11&apos;, os.arch: &apos;amd64&apos;, os.version: &apos;10.0&apos;, java.version: &apos;21.0.5&apos;&#10;Driver info: org.openqa.selenium.chrome.ChromeDriver&#10;Command: [26e465bdd06b69f046beab568dbc61fc, sendKeysToElement {value=[Ljava.lang.CharSequence;@11a67d0c, id=f.C025CB3162C71F21AFC5B17B2227D6F6.d.8DD2B9E432DE2145E8351484C1C92954.e.36}]&#10;Capabilities {acceptInsecureCerts: false, browserName: chrome, browserVersion: 131.0.6778.140, chrome: {chromedriverVersion: 131.0.6778.108 (3b014839fbc..., userDataDir: C:\Users\vamsh\AppData\Loca...}, fedcm:accounts: true, goog:chromeOptions: {debuggerAddress: localhost:62037}, networkConnectionEnabled: false, pageLoadStrategy: normal, platformName: windows, proxy: Proxy(), se:cdp: ws://localhost:62037/devtoo..., se:cdpVersion: 131.0.6778.140, setWindowRect: true, strictFileInteractability: false, timeouts: {implicit: 0, pageLoad: 300000, script: 30000}, unhandledPromptBehavior: dismiss and notify, webauthn:extension:credBlob: true, webauthn:extension:largeBlob: true, webauthn:extension:minPinLength: true, webauthn:extension:prf: true, webauthn:virtualAuthenticators: true}&#10;Element: [[ChromeDriver: chrome on windows (26e465bdd06b69f046beab568dbc61fc)] -&gt; css selector: .CodeMirror textarea]&#10;Session ID: 26e465bdd06b69f046beab568dbc61fc" type="org.openqa.selenium.ElementNotInteractableException"><![CDATA[org.openqa.selenium.ElementNotInteractableException: 
element not interactable
  (Session info: chrome=131.0.6778.140)
Build info: version: '4.26.0', revision: '8ccf0219d7'
System info: os.name: 'Windows 11', os.arch: 'amd64', os.version: '10.0', java.version: '21.0.5'
Driver info: org.openqa.selenium.chrome.ChromeDriver
Command: [26e465bdd06b69f046beab568dbc61fc, sendKeysToElement {value=[Ljava.lang.CharSequence;@11a67d0c, id=f.C025CB3162C71F21AFC5B17B2227D6F6.d.8DD2B9E432DE2145E8351484C1C92954.e.36}]
Capabilities {acceptInsecureCerts: false, browserName: chrome, browserVersion: 131.0.6778.140, chrome: {chromedriverVersion: 131.0.6778.108 (3b014839fbc..., userDataDir: C:\Users\vamsh\AppData\Loca...}, fedcm:accounts: true, goog:chromeOptions: {debuggerAddress: localhost:62037}, networkConnectionEnabled: false, pageLoadStrategy: normal, platformName: windows, proxy: Proxy(), se:cdp: ws://localhost:62037/devtoo..., se:cdpVersion: 131.0.6778.140, setWindowRect: true, strictFileInteractability: false, timeouts: {implicit: 0, pageLoad: 300000, script: 30000}, unhandledPromptBehavior: dismiss and notify, webauthn:extension:credBlob: true, webauthn:extension:largeBlob: true, webauthn:extension:minPinLength: true, webauthn:extension:prf: true, webauthn:virtualAuthenticators: true}
Element: [[ChromeDriver: chrome on windows (26e465bdd06b69f046beab568dbc61fc)] -> css selector: .CodeMirror textarea]
Session ID: 26e465bdd06b69f046beab568dbc61fc
]]></failure>
    <system-out><![CDATA[
Scenario: Validate user can click on Try here link from Applications page &amp#27;[90m# src/test/resources/Features/StackPage.feature:66&amp#27;[0m
  &amp#27;[32mGiven &amp#27;[0m&amp#27;[32mThe user is on the DS Introduction page as signedIn&amp#27;[0m             &amp#27;[90m# StepDefinitions.DSIntroductionDetails.the_user_is_on_the_ds_introduction_page_as_signed_in()&amp#27;[0m
  &amp#27;[32mWhen &amp#27;[0m&amp#27;[32mThe user clicks on Get Started link for stack&amp#27;[0m                    &amp#27;[90m# StepDefinitions.StackStepDefinitions.the_user_clicks_on_get_started_link_for_stack()&amp#27;[0m
  &amp#27;[32mGiven &amp#27;[0m&amp#27;[32mThe user is on the Implementation page&amp#27;[0m                          &amp#27;[90m# StepDefinitions.StackStepDefinitions.the_user_is_on_the_implementation_page()&amp#27;[0m
  &amp#27;[31mWhen &amp#27;[0m&amp#27;[31mUser writes valid code and clicks run button&amp#27;[0m                     &amp#27;[90m# StepDefinitions.DSIntroductionDetails.user_writes_valid_code_and_clicks_run_button()&amp#27;[0m
      &amp#27;[31morg.openqa.selenium.ElementNotInteractableException: element not interactable
  (Session info: chrome=131.0.6778.140)
Build info: version: '4.26.0', revision: '8ccf0219d7'
System info: os.name: 'Windows 11', os.arch: 'amd64', os.version: '10.0', java.version: '21.0.5'
Driver info: org.openqa.selenium.chrome.ChromeDriver
Command: [26e465bdd06b69f046beab568dbc61fc, sendKeysToElement {value=[Ljava.lang.CharSequence;@11a67d0c, id=f.C025CB3162C71F21AFC5B17B2227D6F6.d.8DD2B9E432DE2145E8351484C1C92954.e.36}]
Capabilities {acceptInsecureCerts: false, browserName: chrome, browserVersion: 131.0.6778.140, chrome: {chromedriverVersion: 131.0.6778.108 (3b014839fbc..., userDataDir: C:\Users\vamsh\AppData\Loca...}, fedcm:accounts: true, goog:chromeOptions: {debuggerAddress: localhost:62037}, networkConnectionEnabled: false, pageLoadStrategy: normal, platformName: windows, proxy: Proxy(), se:cdp: ws://localhost:62037/devtoo..., se:cdpVersion: 131.0.6778.140, setWindowRect: true, strictFileInteractability: false, timeouts: {implicit: 0, pageLoad: 300000, script: 30000}, unhandledPromptBehavior: dismiss and notify, webauthn:extension:credBlob: true, webauthn:extension:largeBlob: true, webauthn:extension:minPinLength: true, webauthn:extension:prf: true, webauthn:virtualAuthenticators: true}
Element: [[ChromeDriver: chrome on windows (26e465bdd06b69f046beab568dbc61fc)] -> css selector: .CodeMirror textarea]
Session ID: 26e465bdd06b69f046beab568dbc61fc
	at java.base/jdk.internal.reflect.DirectConstructorHandleAccessor.newInstance(DirectConstructorHandleAccessor.java:62)
	at java.base/java.lang.reflect.Constructor.newInstanceWithCaller(Constructor.java:502)
	at java.base/java.lang.reflect.Constructor.newInstance(Constructor.java:486)
	at org.openqa.selenium.remote.ErrorCodec.decode(ErrorCodec.java:167)
	at org.openqa.selenium.remote.codec.w3c.W3CHttpResponseCodec.decode(W3CHttpResponseCodec.java:138)
	at org.openqa.selenium.remote.codec.w3c.W3CHttpResponseCodec.decode(W3CHttpResponseCodec.java:50)
	at org.openqa.selenium.remote.HttpCommandExecutor.execute(HttpCommandExecutor.java:190)
	at org.openqa.selenium.remote.service.DriverCommandExecutor.invokeExecute(DriverCommandExecutor.java:216)
	at org.openqa.selenium.remote.service.DriverCommandExecutor.execute(DriverCommandExecutor.java:174)
	at org.openqa.selenium.remote.RemoteWebDriver.execute(RemoteWebDriver.java:545)
	at org.openqa.selenium.remote.RemoteWebElement.execute(RemoteWebElement.java:223)
	at org.openqa.selenium.remote.RemoteWebElement.sendKeys(RemoteWebElement.java:110)
	at PageObjects.IntroductionPage.enterCodeInEditor(IntroductionPage.java:82)
	at StepDefinitions.DSIntroductionDetails.user_writes_valid_code_and_clicks_run_button(DSIntroductionDetails.java:197)
	at ✽.User writes valid code and clicks run button(file:///C:/Projects/newFolder-3/Repo1/src/test/resources/Features/StackPage.feature:58)
&amp#27;[0m
  &amp#27;[36mThen &amp#27;[0m&amp#27;[36mThe user should able to see output in the console&amp#27;[0m                &amp#27;[90m# StepDefinitions.DSIntroductionDetails.the_user_should_able_to_see_output_in_the_console()&amp#27;[0m
[ERROR] 2024-12-17 11:53:59.517 [TestNG-PoolService-3] Hooks - ======================  TEST CASE FAILED !! ======================
  &amp#27;[32mGiven &amp#27;[0m&amp#27;[32mThe user is on the DS Introduction page as signedIn&amp#27;[0m &amp#27;[90m# StepDefinitions.DSIntroductionDetails.the_user_is_on_the_ds_introduction_page_as_signed_in()&amp#27;[0m

    Embedding screenshot [image/png 7853 bytes]

[INFO ] 2024-12-17 11:53:59.693 [TestNG-PoolService-3] Hooks - ======================  Screenshot is captured  ======================
[INFO ] 2024-12-17 11:53:59.701 [TestNG-PoolService-3] Hooks - ======================  Test Execution is completed!! ======================
]]></system-out>
    <system-err><![CDATA[Dec 17, 2024 11:53:58 AM org.openqa.selenium.devtools.CdpVersionFinder findNearestMatch
WARNING: Unable to find an exact match for CDP version 131, returning the closest version; found: 130; Please update to a Selenium version that supports CDP version 131
]]></system-err>
  </testcase>
  <testcase name="runScenario[&quot;Validate user can navigate to Applications page&quot;, &quot;Stack page&quot;](146)" classname="TestRunners.TestRunner" time="1.119">
    <system-out><![CDATA[
Scenario: Error message displayed for invalid code on try Editor for Applications page &amp#27;[90m# src/test/resources/Features/StackPage.feature:71&amp#27;[0m
  &amp#27;[32mWhen &amp#27;[0m&amp#27;[32mThe user clicks on Get Started link for stack&amp#27;[0m        &amp#27;[90m# StepDefinitions.StackStepDefinitions.the_user_clicks_on_get_started_link_for_stack()&amp#27;[0m
  &amp#27;[32mGiven &amp#27;[0m&amp#27;[32mThe user is on the stack details page&amp#27;[0m               &amp#27;[90m# StepDefinitions.StackStepDefinitions.the_user_is_on_the_stack_details_page()&amp#27;[0m
  &amp#27;[32mWhen &amp#27;[0m&amp#27;[32mThe user click on Applications link&amp#27;[0m                  &amp#27;[90m# StepDefinitions.StackStepDefinitions.the_user_click_on_applications_link()&amp#27;[0m
  &amp#27;[32mThen &amp#27;[0m&amp#27;[32mthe user is navigated to Applications page&amp#27;[0m           &amp#27;[90m# StepDefinitions.StackStepDefinitions.the_user_is_navigated_to_applications_page()&amp#27;[0m
[INFO ] 2024-12-17 11:54:00.673 [TestNG-PoolService-2] Hooks - ======================  Test Execution is completed!! ======================
]]></system-out>
  </testcase>
  <testcase name="runScenario[&quot;Validate user can click on Try here link from Applications page&quot;, &quot;Stack page&quot;](147)" classname="TestRunners.TestRunner" time="2.614">
    <system-out><![CDATA[
Scenario: No error message displayed for empty code on try editor for Applications page &amp#27;[90m# src/test/resources/Features/StackPage.feature:76&amp#27;[0m
  &amp#27;[32mGiven &amp#27;[0m&amp#27;[32mThe user is on the DS Introduction page as signedIn&amp#27;[0m               &amp#27;[90m# StepDefinitions.DSIntroductionDetails.the_user_is_on_the_ds_introduction_page_as_signed_in()&amp#27;[0m
  &amp#27;[32mWhen &amp#27;[0m&amp#27;[32mThe user clicks on Get Started link for stack&amp#27;[0m                      &amp#27;[90m# StepDefinitions.StackStepDefinitions.the_user_clicks_on_get_started_link_for_stack()&amp#27;[0m
  &amp#27;[32mGiven &amp#27;[0m&amp#27;[32mThe user is on the Applications page&amp#27;[0m                              &amp#27;[90m# StepDefinitions.StackStepDefinitions.the_user_is_on_the_applications_page()&amp#27;[0m
  &amp#27;[32mWhen &amp#27;[0m&amp#27;[32mUser clicks Try here link&amp#27;[0m                                          &amp#27;[90m# StepDefinitions.DSIntroductionDetails.user_clicks_try_here_link()&amp#27;[0m
  &amp#27;[32mThen &amp#27;[0m&amp#27;[32mUser should navigate to tryEditor page&amp#27;[0m                             &amp#27;[90m# StepDefinitions.DSIntroductionDetails.user_should_navigate_to_try_editor_page()&amp#27;[0m
[INFO ] 2024-12-17 11:54:03.214 [TestNG-PoolService-1] Hooks - ======================  Test Execution is completed!! ======================
]]></system-out>
    <system-err><![CDATA[Dec 17, 2024 11:54:01 AM org.openqa.selenium.devtools.CdpVersionFinder findNearestMatch
WARNING: Unable to find an exact match for CDP version 131, returning the closest version; found: 130; Please update to a Selenium version that supports CDP version 131
Dec 17, 2024 11:54:02 AM org.openqa.selenium.devtools.CdpVersionFinder findNearestMatch
WARNING: Unable to find an exact match for CDP version 131, returning the closest version; found: 130; Please update to a Selenium version that supports CDP version 131
]]></system-err>
  </testcase>
  <testcase name="runScenario[&quot;Validate user can click on Try here link from Applications page&quot;, &quot;Stack page&quot;](147)" classname="TestRunners.TestRunner" time="0.535">
    <system-out><![CDATA[
Scenario: No error message displayed for empty code on try editor for Applications page &amp#27;[90m# src/test/resources/Features/StackPage.feature:76&amp#27;[0m
]]></system-out>
  </testcase>
  <testcase name="runScenario[&quot;Error message displayed for invalid code on try Editor for Applications page&quot;, &quot;Stack page&quot;](148)" classname="TestRunners.TestRunner" time="3.282">
    <failure message="element not interactable&#10;  (Session info: chrome=131.0.6778.140)&#10;Build info: version: &apos;4.26.0&apos;, revision: &apos;8ccf0219d7&apos;&#10;System info: os.name: &apos;Windows 11&apos;, os.arch: &apos;amd64&apos;, os.version: &apos;10.0&apos;, java.version: &apos;21.0.5&apos;&#10;Driver info: org.openqa.selenium.chrome.ChromeDriver&#10;Command: [0d0d73302c94aa79cc107ecf6ef1b91a, sendKeysToElement {value=[Ljava.lang.CharSequence;@28bace51, id=f.6AAED68C2A76546194803C12AF1AE058.d.2B2DA0FA44839E052F596E2BA2094871.e.51}]&#10;Capabilities {acceptInsecureCerts: false, browserName: chrome, browserVersion: 131.0.6778.140, chrome: {chromedriverVersion: 131.0.6778.108 (3b014839fbc..., userDataDir: C:\Users\vamsh\AppData\Loca...}, fedcm:accounts: true, goog:chromeOptions: {debuggerAddress: localhost:62208}, networkConnectionEnabled: false, pageLoadStrategy: normal, platformName: windows, proxy: Proxy(), se:cdp: ws://localhost:62208/devtoo..., se:cdpVersion: 131.0.6778.140, setWindowRect: true, strictFileInteractability: false, timeouts: {implicit: 0, pageLoad: 300000, script: 30000}, unhandledPromptBehavior: dismiss and notify, webauthn:extension:credBlob: true, webauthn:extension:largeBlob: true, webauthn:extension:minPinLength: true, webauthn:extension:prf: true, webauthn:virtualAuthenticators: true}&#10;Element: [[ChromeDriver: chrome on windows (0d0d73302c94aa79cc107ecf6ef1b91a)] -&gt; css selector: .CodeMirror textarea]&#10;Session ID: 0d0d73302c94aa79cc107ecf6ef1b91a" type="org.openqa.selenium.ElementNotInteractableException"><![CDATA[org.openqa.selenium.ElementNotInteractableException: 
element not interactable
  (Session info: chrome=131.0.6778.140)
Build info: version: '4.26.0', revision: '8ccf0219d7'
System info: os.name: 'Windows 11', os.arch: 'amd64', os.version: '10.0', java.version: '21.0.5'
Driver info: org.openqa.selenium.chrome.ChromeDriver
Command: [0d0d73302c94aa79cc107ecf6ef1b91a, sendKeysToElement {value=[Ljava.lang.CharSequence;@28bace51, id=f.6AAED68C2A76546194803C12AF1AE058.d.2B2DA0FA44839E052F596E2BA2094871.e.51}]
Capabilities {acceptInsecureCerts: false, browserName: chrome, browserVersion: 131.0.6778.140, chrome: {chromedriverVersion: 131.0.6778.108 (3b014839fbc..., userDataDir: C:\Users\vamsh\AppData\Loca...}, fedcm:accounts: true, goog:chromeOptions: {debuggerAddress: localhost:62208}, networkConnectionEnabled: false, pageLoadStrategy: normal, platformName: windows, proxy: Proxy(), se:cdp: ws://localhost:62208/devtoo..., se:cdpVersion: 131.0.6778.140, setWindowRect: true, strictFileInteractability: false, timeouts: {implicit: 0, pageLoad: 300000, script: 30000}, unhandledPromptBehavior: dismiss and notify, webauthn:extension:credBlob: true, webauthn:extension:largeBlob: true, webauthn:extension:minPinLength: true, webauthn:extension:prf: true, webauthn:virtualAuthenticators: true}
Element: [[ChromeDriver: chrome on windows (0d0d73302c94aa79cc107ecf6ef1b91a)] -> css selector: .CodeMirror textarea]
Session ID: 0d0d73302c94aa79cc107ecf6ef1b91a
]]></failure>
    <system-out><![CDATA[
Scenario: Valid code on try editor for Applications runs successfully &amp#27;[90m# src/test/resources/Features/StackPage.feature:81&amp#27;[0m
  &amp#27;[32mGiven &amp#27;[0m&amp#27;[32mThe user is on the DS Introduction page as signedIn&amp#27;[0m                            &amp#27;[90m# StepDefinitions.DSIntroductionDetails.the_user_is_on_the_ds_introduction_page_as_signed_in()&amp#27;[0m
  &amp#27;[32mWhen &amp#27;[0m&amp#27;[32mThe user clicks on Get Started link for stack&amp#27;[0m                                   &amp#27;[90m# StepDefinitions.StackStepDefinitions.the_user_clicks_on_get_started_link_for_stack()&amp#27;[0m
  &amp#27;[32mGiven &amp#27;[0m&amp#27;[32mThe user is on the Applications page&amp#27;[0m                                           &amp#27;[90m# StepDefinitions.StackStepDefinitions.the_user_is_on_the_applications_page()&amp#27;[0m
  &amp#27;[32mGiven &amp#27;[0m&amp#27;[32mThe user is on the DS Introduction page as signedIn&amp#27;[0m                             &amp#27;[90m# StepDefinitions.DSIntroductionDetails.the_user_is_on_the_ds_introduction_page_as_signed_in()&amp#27;[0m
  &amp#27;[32mWhen &amp#27;[0m&amp#27;[32mThe user clicks on Get Started link for stack&amp#27;[0m                                    &amp#27;[90m# StepDefinitions.StackStepDefinitions.the_user_clicks_on_get_started_link_for_stack()&amp#27;[0m
  &amp#27;[31mWhen &amp#27;[0m&amp#27;[31mUser writes invalid code and clicks run button&amp#27;[0m                                  &amp#27;[90m# StepDefinitions.DSIntroductionDetails.user_writes_invalid_code_and_clicks_run_button()&amp#27;[0m
      &amp#27;[31morg.openqa.selenium.ElementNotInteractableException: element not interactable
  (Session info: chrome=131.0.6778.140)
Build info: version: '4.26.0', revision: '8ccf0219d7'
System info: os.name: 'Windows 11', os.arch: 'amd64', os.version: '10.0', java.version: '21.0.5'
Driver info: org.openqa.selenium.chrome.ChromeDriver
Command: [0d0d73302c94aa79cc107ecf6ef1b91a, sendKeysToElement {value=[Ljava.lang.CharSequence;@28bace51, id=f.6AAED68C2A76546194803C12AF1AE058.d.2B2DA0FA44839E052F596E2BA2094871.e.51}]
Capabilities {acceptInsecureCerts: false, browserName: chrome, browserVersion: 131.0.6778.140, chrome: {chromedriverVersion: 131.0.6778.108 (3b014839fbc..., userDataDir: C:\Users\vamsh\AppData\Loca...}, fedcm:accounts: true, goog:chromeOptions: {debuggerAddress: localhost:62208}, networkConnectionEnabled: false, pageLoadStrategy: normal, platformName: windows, proxy: Proxy(), se:cdp: ws://localhost:62208/devtoo..., se:cdpVersion: 131.0.6778.140, setWindowRect: true, strictFileInteractability: false, timeouts: {implicit: 0, pageLoad: 300000, script: 30000}, unhandledPromptBehavior: dismiss and notify, webauthn:extension:credBlob: true, webauthn:extension:largeBlob: true, webauthn:extension:minPinLength: true, webauthn:extension:prf: true, webauthn:virtualAuthenticators: true}
Element: [[ChromeDriver: chrome on windows (0d0d73302c94aa79cc107ecf6ef1b91a)] -> css selector: .CodeMirror textarea]
Session ID: 0d0d73302c94aa79cc107ecf6ef1b91a
	at java.base/jdk.internal.reflect.DirectConstructorHandleAccessor.newInstance(DirectConstructorHandleAccessor.java:62)
	at java.base/java.lang.reflect.Constructor.newInstanceWithCaller(Constructor.java:502)
	at java.base/java.lang.reflect.Constructor.newInstance(Constructor.java:486)
	at org.openqa.selenium.remote.ErrorCodec.decode(ErrorCodec.java:167)
	at org.openqa.selenium.remote.codec.w3c.W3CHttpResponseCodec.decode(W3CHttpResponseCodec.java:138)
	at org.openqa.selenium.remote.codec.w3c.W3CHttpResponseCodec.decode(W3CHttpResponseCodec.java:50)
	at org.openqa.selenium.remote.HttpCommandExecutor.execute(HttpCommandExecutor.java:190)
	at org.openqa.selenium.remote.service.DriverCommandExecutor.invokeExecute(DriverCommandExecutor.java:216)
	at org.openqa.selenium.remote.service.DriverCommandExecutor.execute(DriverCommandExecutor.java:174)
	at org.openqa.selenium.remote.RemoteWebDriver.execute(RemoteWebDriver.java:545)
	at org.openqa.selenium.remote.RemoteWebElement.execute(RemoteWebElement.java:223)
	at org.openqa.selenium.remote.RemoteWebElement.sendKeys(RemoteWebElement.java:110)
	at PageObjects.IntroductionPage.enterCodeInEditor(IntroductionPage.java:82)
	at StepDefinitions.DSIntroductionDetails.user_writes_invalid_code_and_clicks_run_button(DSIntroductionDetails.java:184)
	at ✽.User writes invalid code and clicks run button(file:///C:/Projects/newFolder-3/Repo1/src/test/resources/Features/StackPage.feature:73)
&amp#27;[0m
  &amp#27;[36mThen &amp#27;[0m&amp#27;[36mThe user should able to see an error message in alert window&amp#27;[0m                    &amp#27;[90m# StepDefinitions.DSIntroductionDetails.the_user_should_able_to_see_an_error_message_in_alert_window()&amp#27;[0m
[ERROR] 2024-12-17 11:54:06.396 [TestNG-PoolService-3] Hooks - ======================  TEST CASE FAILED !! ======================

    Embedding screenshot [image/png 7853 bytes]

[INFO ] 2024-12-17 11:54:06.610 [TestNG-PoolService-3] Hooks - ======================  Screenshot is captured  ======================
[INFO ] 2024-12-17 11:54:06.610 [TestNG-PoolService-3] Hooks - ======================  Test Execution is completed!! ======================
  &amp#27;[32mGiven &amp#27;[0m&amp#27;[32mThe user is on the Applications page&amp#27;[0m                                            &amp#27;[90m# StepDefinitions.StackStepDefinitions.the_user_is_on_the_applications_page()&amp#27;[0m
]]></system-out>
    <system-err><![CDATA[Dec 17, 2024 11:54:05 AM org.openqa.selenium.devtools.CdpVersionFinder findNearestMatch
WARNING: Unable to find an exact match for CDP version 131, returning the closest version; found: 130; Please update to a Selenium version that supports CDP version 131
]]></system-err>
  </testcase>
  <testcase name="runScenario[&quot;Error message displayed for invalid code on try Editor for Applications page&quot;, &quot;Stack page&quot;](148)" classname="TestRunners.TestRunner" time="13.166">
    <system-out><![CDATA[
Scenario: Valid code on try editor for Applications runs successfully &amp#27;[90m# src/test/resources/Features/StackPage.feature:81&amp#27;[0m
  &amp#27;[32mGiven &amp#27;[0m&amp#27;[32mThe user is on the DS Introduction page as signedIn&amp#27;[0m                            &amp#27;[90m# StepDefinitions.DSIntroductionDetails.the_user_is_on_the_ds_introduction_page_as_signed_in()&amp#27;[0m
  &amp#27;[32mWhen &amp#27;[0m&amp#27;[32mThe user clicks on Get Started link for stack&amp#27;[0m                                   &amp#27;[90m# StepDefinitions.StackStepDefinitions.the_user_clicks_on_get_started_link_for_stack()&amp#27;[0m
  &amp#27;[32mGiven &amp#27;[0m&amp#27;[32mThe user is on the Applications page&amp#27;[0m                                           &amp#27;[90m# StepDefinitions.StackStepDefinitions.the_user_is_on_the_applications_page()&amp#27;[0m
  &amp#27;[32mGiven &amp#27;[0m&amp#27;[32mThe user is on the DS Introduction page as signedIn&amp#27;[0m                             &amp#27;[90m# StepDefinitions.DSIntroductionDetails.the_user_is_on_the_ds_introduction_page_as_signed_in()&amp#27;[0m
  &amp#27;[32mWhen &amp#27;[0m&amp#27;[32mThe user clicks on Get Started link for stack&amp#27;[0m                                    &amp#27;[90m# StepDefinitions.StackStepDefinitions.the_user_clicks_on_get_started_link_for_stack()&amp#27;[0m
  &amp#27;[32mGiven &amp#27;[0m&amp#27;[32mThe user is on the DS Introduction page as signedIn&amp#27;[0m           &amp#27;[90m# StepDefinitions.DSIntroductionDetails.the_user_is_on_the_ds_introduction_page_as_signed_in()&amp#27;[0m
  &amp#27;[32mGiven &amp#27;[0m&amp#27;[32mThe user is on the Applications page&amp#27;[0m                                            &amp#27;[90m# StepDefinitions.StackStepDefinitions.the_user_is_on_the_applications_page()&amp#27;[0m
  &amp#27;[32mWhen &amp#27;[0m&amp#27;[32mThe user clicks on Get Started link for stack&amp#27;[0m                  &amp#27;[90m# StepDefinitions.StackStepDefinitions.the_user_clicks_on_get_started_link_for_stack()&amp#27;[0m
  &amp#27;[32mWhen &amp#27;[0m&amp#27;[32mUser writes invalid code and clicks run button&amp#27;[0m                                  &amp#27;[90m# StepDefinitions.DSIntroductionDetails.user_writes_invalid_code_and_clicks_run_button()&amp#27;[0m
  &amp#27;[32mThen &amp#27;[0m&amp#27;[32mThe user should able to see an error message in alert window&amp#27;[0m                    &amp#27;[90m# StepDefinitions.DSIntroductionDetails.the_user_should_able_to_see_an_error_message_in_alert_window()&amp#27;[0m
[INFO ] 2024-12-17 12:08:56.293 [TestNG-PoolService-3] Hooks - ======================  Test Execution is completed!! ======================
  &amp#27;[32mGiven &amp#27;[0m&amp#27;[32mThe user is on the Applications page&amp#27;[0m                          &amp#27;[90m# StepDefinitions.StackStepDefinitions.the_user_is_on_the_applications_page()&amp#27;[0m
  &amp#27;[32mWhen &amp#27;[0m&amp#27;[32mUser clicks on run button with empty code&amp#27;[0m                                        &amp#27;[90m# StepDefinitions.DSIntroductionDetails.user_clicks_on_run_button_with_empty_code()&amp#27;[0m
  &amp#27;[32mThen &amp#27;[0m&amp#27;[32mThe user should not see any error message or alert&amp#27;[0m                               &amp#27;[90m# StepDefinitions.DSIntroductionDetails.the_user_should_not_see_any_error_message_or_alert()&amp#27;[0m
[INFO ] 2024-12-17 12:08:57.149 [TestNG-PoolService-1] Hooks - ======================  Test Execution is completed!! ======================
  &amp#27;[32mWhen &amp#27;[0m&amp#27;[32mUser writes valid code and clicks run button&amp#27;[0m                   &amp#27;[90m# StepDefinitions.DSIntroductionDetails.user_writes_valid_code_and_clicks_run_button()&amp#27;[0m
  &amp#27;[32mThen &amp#27;[0m&amp#27;[32mThe user should able to see output in the console&amp#27;[0m              &amp#27;[90m# StepDefinitions.DSIntroductionDetails.the_user_should_able_to_see_output_in_the_console()&amp#27;[0m
[INFO ] 2024-12-17 12:08:58.225 [TestNG-PoolService-2] Hooks - ======================  Test Execution is completed!! ======================
]]></system-out>
  </testcase>
  <testcase name="runScenario[&quot;Error message displayed for invalid code on try Editor for Applications page&quot;, &quot;Stack page&quot;](148)" classname="TestRunners.TestRunner" time="8.968">
    <failure message="element not interactable&#10;  (Session info: MicrosoftEdge=131.0.2903.99)&#10;Build info: version: &apos;4.26.0&apos;, revision: &apos;8ccf0219d7&apos;&#10;System info: os.name: &apos;Windows 11&apos;, os.arch: &apos;amd64&apos;, os.version: &apos;10.0&apos;, java.version: &apos;21.0.5&apos;&#10;Driver info: org.openqa.selenium.edge.EdgeDriver&#10;Command: [485965fe8f72f6a0d5a0bb783d3f7167, sendKeysToElement {value=[Ljava.lang.CharSequence;@5f2b77b7, id=f.F9A97464E5D95E2D69A8197BE43E0CEF.d.87C6145351EB013F511B882341BAEC2C.e.39}]&#10;Capabilities {acceptInsecureCerts: false, browserName: MicrosoftEdge, browserVersion: 131.0.2903.99, fedcm:accounts: true, ms:edgeOptions: {debuggerAddress: localhost:58099}, msedge: {msedgedriverVersion: 131.0.2903.99 (f96a870b1316..., userDataDir: C:\Users\vamsh\AppData\Loca...}, networkConnectionEnabled: false, pageLoadStrategy: normal, platformName: windows, proxy: Proxy(), se:cdp: ws://localhost:58099/devtoo..., se:cdpVersion: 131.0.2903.99, setWindowRect: true, strictFileInteractability: false, timeouts: {implicit: 0, pageLoad: 300000, script: 30000}, unhandledPromptBehavior: dismiss and notify, webauthn:extension:credBlob: true, webauthn:extension:largeBlob: true, webauthn:extension:minPinLength: true, webauthn:extension:prf: true, webauthn:virtualAuthenticators: true}&#10;Element: [[EdgeDriver: MicrosoftEdge on windows (485965fe8f72f6a0d5a0bb783d3f7167)] -&gt; css selector: .CodeMirror textarea]&#10;Session ID: 485965fe8f72f6a0d5a0bb783d3f7167" type="org.openqa.selenium.ElementNotInteractableException"><![CDATA[org.openqa.selenium.ElementNotInteractableException: 
element not interactable
  (Session info: MicrosoftEdge=131.0.2903.99)
Build info: version: '4.26.0', revision: '8ccf0219d7'
System info: os.name: 'Windows 11', os.arch: 'amd64', os.version: '10.0', java.version: '21.0.5'
Driver info: org.openqa.selenium.edge.EdgeDriver
Command: [485965fe8f72f6a0d5a0bb783d3f7167, sendKeysToElement {value=[Ljava.lang.CharSequence;@5f2b77b7, id=f.F9A97464E5D95E2D69A8197BE43E0CEF.d.87C6145351EB013F511B882341BAEC2C.e.39}]
Capabilities {acceptInsecureCerts: false, browserName: MicrosoftEdge, browserVersion: 131.0.2903.99, fedcm:accounts: true, ms:edgeOptions: {debuggerAddress: localhost:58099}, msedge: {msedgedriverVersion: 131.0.2903.99 (f96a870b1316..., userDataDir: C:\Users\vamsh\AppData\Loca...}, networkConnectionEnabled: false, pageLoadStrategy: normal, platformName: windows, proxy: Proxy(), se:cdp: ws://localhost:58099/devtoo..., se:cdpVersion: 131.0.2903.99, setWindowRect: true, strictFileInteractability: false, timeouts: {implicit: 0, pageLoad: 300000, script: 30000}, unhandledPromptBehavior: dismiss and notify, webauthn:extension:credBlob: true, webauthn:extension:largeBlob: true, webauthn:extension:minPinLength: true, webauthn:extension:prf: true, webauthn:virtualAuthenticators: true}
Element: [[EdgeDriver: MicrosoftEdge on windows (485965fe8f72f6a0d5a0bb783d3f7167)] -> css selector: .CodeMirror textarea]
Session ID: 485965fe8f72f6a0d5a0bb783d3f7167
]]></failure>
    <system-out><![CDATA[
Scenario: Valid code on try editor for Applications runs successfully &amp#27;[90m# src/test/resources/Features/StackPage.feature:81&amp#27;[0m
  &amp#27;[32mGiven &amp#27;[0m&amp#27;[32mThe user is on the DS Introduction page as signedIn&amp#27;[0m                            &amp#27;[90m# StepDefinitions.DSIntroductionDetails.the_user_is_on_the_ds_introduction_page_as_signed_in()&amp#27;[0m
  &amp#27;[32mGiven &amp#27;[0m&amp#27;[32mThe user is on the DS Introduction page as signedIn&amp#27;[0m                             &amp#27;[90m# StepDefinitions.DSIntroductionDetails.the_user_is_on_the_ds_introduction_page_as_signed_in()&amp#27;[0m
  &amp#27;[32mWhen &amp#27;[0m&amp#27;[32mThe user clicks on Get Started link for stack&amp#27;[0m                                   &amp#27;[90m# StepDefinitions.StackStepDefinitions.the_user_clicks_on_get_started_link_for_stack()&amp#27;[0m
  &amp#27;[32mGiven &amp#27;[0m&amp#27;[32mThe user is on the DS Introduction page as signedIn&amp#27;[0m           &amp#27;[90m# StepDefinitions.DSIntroductionDetails.the_user_is_on_the_ds_introduction_page_as_signed_in()&amp#27;[0m
  &amp#27;[32mWhen &amp#27;[0m&amp#27;[32mThe user clicks on Get Started link for stack&amp#27;[0m                                    &amp#27;[90m# StepDefinitions.StackStepDefinitions.the_user_clicks_on_get_started_link_for_stack()&amp#27;[0m
  &amp#27;[32mGiven &amp#27;[0m&amp#27;[32mThe user is on the Applications page&amp#27;[0m                                           &amp#27;[90m# StepDefinitions.StackStepDefinitions.the_user_is_on_the_applications_page()&amp#27;[0m
  &amp#27;[32mWhen &amp#27;[0m&amp#27;[32mThe user clicks on Get Started link for stack&amp#27;[0m                  &amp#27;[90m# StepDefinitions.StackStepDefinitions.the_user_clicks_on_get_started_link_for_stack()&amp#27;[0m
  &amp#27;[32mGiven &amp#27;[0m&amp#27;[32mThe user is on the Applications page&amp#27;[0m                                            &amp#27;[90m# StepDefinitions.StackStepDefinitions.the_user_is_on_the_applications_page()&amp#27;[0m
  &amp#27;[32mGiven &amp#27;[0m&amp#27;[32mThe user is on the Applications page&amp#27;[0m                          &amp#27;[90m# StepDefinitions.StackStepDefinitions.the_user_is_on_the_applications_page()&amp#27;[0m
  &amp#27;[31mWhen &amp#27;[0m&amp#27;[31mUser writes invalid code and clicks run button&amp#27;[0m                                  &amp#27;[90m# StepDefinitions.DSIntroductionDetails.user_writes_invalid_code_and_clicks_run_button()&amp#27;[0m
      &amp#27;[31morg.openqa.selenium.ElementNotInteractableException: element not interactable
  (Session info: MicrosoftEdge=131.0.2903.99)
Build info: version: '4.26.0', revision: '8ccf0219d7'
System info: os.name: 'Windows 11', os.arch: 'amd64', os.version: '10.0', java.version: '21.0.5'
Driver info: org.openqa.selenium.edge.EdgeDriver
Command: [485965fe8f72f6a0d5a0bb783d3f7167, sendKeysToElement {value=[Ljava.lang.CharSequence;@5f2b77b7, id=f.F9A97464E5D95E2D69A8197BE43E0CEF.d.87C6145351EB013F511B882341BAEC2C.e.39}]
Capabilities {acceptInsecureCerts: false, browserName: MicrosoftEdge, browserVersion: 131.0.2903.99, fedcm:accounts: true, ms:edgeOptions: {debuggerAddress: localhost:58099}, msedge: {msedgedriverVersion: 131.0.2903.99 (f96a870b1316..., userDataDir: C:\Users\vamsh\AppData\Loca...}, networkConnectionEnabled: false, pageLoadStrategy: normal, platformName: windows, proxy: Proxy(), se:cdp: ws://localhost:58099/devtoo..., se:cdpVersion: 131.0.2903.99, setWindowRect: true, strictFileInteractability: false, timeouts: {implicit: 0, pageLoad: 300000, script: 30000}, unhandledPromptBehavior: dismiss and notify, webauthn:extension:credBlob: true, webauthn:extension:largeBlob: true, webauthn:extension:minPinLength: true, webauthn:extension:prf: true, webauthn:virtualAuthenticators: true}
Element: [[EdgeDriver: MicrosoftEdge on windows (485965fe8f72f6a0d5a0bb783d3f7167)] -> css selector: .CodeMirror textarea]
Session ID: 485965fe8f72f6a0d5a0bb783d3f7167
	at java.base/jdk.internal.reflect.DirectConstructorHandleAccessor.newInstance(DirectConstructorHandleAccessor.java:62)
	at java.base/java.lang.reflect.Constructor.newInstanceWithCaller(Constructor.java:502)
	at java.base/java.lang.reflect.Constructor.newInstance(Constructor.java:486)
	at org.openqa.selenium.remote.ErrorCodec.decode(ErrorCodec.java:167)
	at org.openqa.selenium.remote.codec.w3c.W3CHttpResponseCodec.decode(W3CHttpResponseCodec.java:138)
	at org.openqa.selenium.remote.codec.w3c.W3CHttpResponseCodec.decode(W3CHttpResponseCodec.java:50)
	at org.openqa.selenium.remote.HttpCommandExecutor.execute(HttpCommandExecutor.java:190)
	at org.openqa.selenium.remote.service.DriverCommandExecutor.invokeExecute(DriverCommandExecutor.java:216)
	at org.openqa.selenium.remote.service.DriverCommandExecutor.execute(DriverCommandExecutor.java:174)
	at org.openqa.selenium.remote.RemoteWebDriver.execute(RemoteWebDriver.java:545)
	at org.openqa.selenium.remote.RemoteWebElement.execute(RemoteWebElement.java:223)
	at org.openqa.selenium.remote.RemoteWebElement.sendKeys(RemoteWebElement.java:110)
	at PageObjects.IntroductionPage.enterCodeInEditor(IntroductionPage.java:82)
	at StepDefinitions.DSIntroductionDetails.user_writes_invalid_code_and_clicks_run_button(DSIntroductionDetails.java:184)
	at ✽.User writes invalid code and clicks run button(file:///C:/Projects/newFolder-3/Repo1/src/test/resources/Features/StackPage.feature:73)
&amp#27;[0m
  &amp#27;[36mThen &amp#27;[0m&amp#27;[36mThe user should able to see an error message in alert window&amp#27;[0m                    &amp#27;[90m# StepDefinitions.DSIntroductionDetails.the_user_should_able_to_see_an_error_message_in_alert_window()&amp#27;[0m
[ERROR] 2024-12-17 12:23:18.744 [TestNG-PoolService-2] Hooks - ======================  TEST CASE FAILED !! ======================

    Embedding screenshot [image/png 7890 bytes]

[INFO ] 2024-12-17 12:23:18.907 [TestNG-PoolService-2] Hooks - ======================  Screenshot is captured  ======================
[INFO ] 2024-12-17 12:23:18.909 [TestNG-PoolService-2] Hooks - ======================  Test Execution is completed!! ======================
  &amp#27;[32mWhen &amp#27;[0m&amp#27;[32mUser clicks on run button with empty code&amp#27;[0m                                        &amp#27;[90m# StepDefinitions.DSIntroductionDetails.user_clicks_on_run_button_with_empty_code()&amp#27;[0m
  &amp#27;[32mThen &amp#27;[0m&amp#27;[32mThe user should not see any error message or alert&amp#27;[0m                               &amp#27;[90m# StepDefinitions.DSIntroductionDetails.the_user_should_not_see_any_error_message_or_alert()&amp#27;[0m
[INFO ] 2024-12-17 12:23:19.106 [TestNG-PoolService-1] Hooks - ======================  Test Execution is completed!! ======================
  &amp#27;[32mWhen &amp#27;[0m&amp#27;[32mUser writes valid code and clicks run button&amp#27;[0m                   &amp#27;[90m# StepDefinitions.DSIntroductionDetails.user_writes_valid_code_and_clicks_run_button()&amp#27;[0m
  &amp#27;[32mThen &amp#27;[0m&amp#27;[32mThe user should able to see output in the console&amp#27;[0m              &amp#27;[90m# StepDefinitions.DSIntroductionDetails.the_user_should_able_to_see_output_in_the_console()&amp#27;[0m
[INFO ] 2024-12-17 12:23:19.481 [TestNG-PoolService-3] Hooks - ======================  Test Execution is completed!! ======================
]]></system-out>
    <system-err><![CDATA[Dec 17, 2024 12:23:13 PM org.openqa.selenium.devtools.CdpVersionFinder findNearestMatch
WARNING: Unable to find an exact match for CDP version 131, returning the closest version; found: 130; Please update to a Selenium version that supports CDP version 131
Dec 17, 2024 12:23:14 PM org.openqa.selenium.devtools.CdpVersionFinder findNearestMatch
WARNING: Unable to find an exact match for CDP version 131, returning the closest version; found: 130; Please update to a Selenium version that supports CDP version 131
Dec 17, 2024 12:23:15 PM org.openqa.selenium.devtools.CdpVersionFinder findNearestMatch
WARNING: Unable to find an exact match for CDP version 131, returning the closest version; found: 130; Please update to a Selenium version that supports CDP version 131
]]></system-err>
  </testcase>
  <testcase name="runScenario[&quot;No error message displayed for empty code on try editor for Applications page&quot;, &quot;Stack page&quot;](149)" classname="TestRunners.TestRunner" time="1.297">
    <system-out><![CDATA[
Scenario: DS_algo Home page                                       &amp#27;[90m# src/test/resources/Features/Tree.feature:7&amp#27;[0m
  &amp#27;[32mWhen &amp#27;[0m&amp#27;[32mUser clicks on run button with empty code&amp#27;[0m                                        &amp#27;[90m# StepDefinitions.DSIntroductionDetails.user_clicks_on_run_button_with_empty_code()&amp#27;[0m
  &amp#27;[32mThen &amp#27;[0m&amp#27;[32mThe user should not see any error message or alert&amp#27;[0m                               &amp#27;[90m# StepDefinitions.DSIntroductionDetails.the_user_should_not_see_any_error_message_or_alert()&amp#27;[0m
[INFO ] 2024-12-17 11:54:07.816 [TestNG-PoolService-2] Hooks - ======================  Test Execution is completed!! ======================
  &amp#27;[32mGiven &amp#27;[0m&amp#27;[32mThe user is on the DS Introduction page as signedIn&amp#27;[0m           &amp#27;[90m# StepDefinitions.DSIntroductionDetails.the_user_is_on_the_ds_introduction_page_as_signed_in()&amp#27;[0m
]]></system-out>
  </testcase>
  <testcase name="runScenario[&quot;No error message displayed for empty code on try editor for Applications page&quot;, &quot;Stack page&quot;](149)" classname="TestRunners.TestRunner" time="0.171">
    <system-out><![CDATA[
Scenario: DS_algo Home page                                       &amp#27;[90m# src/test/resources/Features/Tree.feature:7&amp#27;[0m
]]></system-out>
  </testcase>
  <testcase name="runScenario[&quot;No error message displayed for empty code on try editor for Applications page&quot;, &quot;Stack page&quot;](149)" classname="TestRunners.TestRunner" time="0.106">
    <system-out><![CDATA[
Scenario: DS_algo Home page                                       &amp#27;[90m# src/test/resources/Features/Tree.feature:7&amp#27;[0m
]]></system-out>
  </testcase>
  <testcase name="runScenario[&quot;Valid code on try editor for Applications runs successfully&quot;, &quot;Stack page&quot;](150)" classname="TestRunners.TestRunner" time="3.271">
    <failure message="element not interactable&#10;  (Session info: chrome=131.0.6778.140)&#10;Build info: version: &apos;4.26.0&apos;, revision: &apos;8ccf0219d7&apos;&#10;System info: os.name: &apos;Windows 11&apos;, os.arch: &apos;amd64&apos;, os.version: &apos;10.0&apos;, java.version: &apos;21.0.5&apos;&#10;Driver info: org.openqa.selenium.chrome.ChromeDriver&#10;Command: [a7ae9006658204e6c7932fcb6f692db4, sendKeysToElement {value=[Ljava.lang.CharSequence;@1b937fc9, id=f.5049E64788C57FC510BB44A3E50B2A3F.d.12E0CC2B518F0D7FA34CB8FB4DA1C5F4.e.50}]&#10;Capabilities {acceptInsecureCerts: false, browserName: chrome, browserVersion: 131.0.6778.140, chrome: {chromedriverVersion: 131.0.6778.108 (3b014839fbc..., userDataDir: C:\Users\vamsh\AppData\Loca...}, fedcm:accounts: true, goog:chromeOptions: {debuggerAddress: localhost:62301}, networkConnectionEnabled: false, pageLoadStrategy: normal, platformName: windows, proxy: Proxy(), se:cdp: ws://localhost:62301/devtoo..., se:cdpVersion: 131.0.6778.140, setWindowRect: true, strictFileInteractability: false, timeouts: {implicit: 0, pageLoad: 300000, script: 30000}, unhandledPromptBehavior: dismiss and notify, webauthn:extension:credBlob: true, webauthn:extension:largeBlob: true, webauthn:extension:minPinLength: true, webauthn:extension:prf: true, webauthn:virtualAuthenticators: true}&#10;Element: [[ChromeDriver: chrome on windows (a7ae9006658204e6c7932fcb6f692db4)] -&gt; css selector: .CodeMirror textarea]&#10;Session ID: a7ae9006658204e6c7932fcb6f692db4" type="org.openqa.selenium.ElementNotInteractableException"><![CDATA[org.openqa.selenium.ElementNotInteractableException: 
element not interactable
  (Session info: chrome=131.0.6778.140)
Build info: version: '4.26.0', revision: '8ccf0219d7'
System info: os.name: 'Windows 11', os.arch: 'amd64', os.version: '10.0', java.version: '21.0.5'
Driver info: org.openqa.selenium.chrome.ChromeDriver
Command: [a7ae9006658204e6c7932fcb6f692db4, sendKeysToElement {value=[Ljava.lang.CharSequence;@1b937fc9, id=f.5049E64788C57FC510BB44A3E50B2A3F.d.12E0CC2B518F0D7FA34CB8FB4DA1C5F4.e.50}]
Capabilities {acceptInsecureCerts: false, browserName: chrome, browserVersion: 131.0.6778.140, chrome: {chromedriverVersion: 131.0.6778.108 (3b014839fbc..., userDataDir: C:\Users\vamsh\AppData\Loca...}, fedcm:accounts: true, goog:chromeOptions: {debuggerAddress: localhost:62301}, networkConnectionEnabled: false, pageLoadStrategy: normal, platformName: windows, proxy: Proxy(), se:cdp: ws://localhost:62301/devtoo..., se:cdpVersion: 131.0.6778.140, setWindowRect: true, strictFileInteractability: false, timeouts: {implicit: 0, pageLoad: 300000, script: 30000}, unhandledPromptBehavior: dismiss and notify, webauthn:extension:credBlob: true, webauthn:extension:largeBlob: true, webauthn:extension:minPinLength: true, webauthn:extension:prf: true, webauthn:virtualAuthenticators: true}
Element: [[ChromeDriver: chrome on windows (a7ae9006658204e6c7932fcb6f692db4)] -> css selector: .CodeMirror textarea]
Session ID: a7ae9006658204e6c7932fcb6f692db4
]]></failure>
    <system-out><![CDATA[
Scenario: Tree home page                                    &amp#27;[90m# src/test/resources/Features/Tree.feature:11&amp#27;[0m
  &amp#27;[32mWhen &amp#27;[0m&amp#27;[32mThe user clicks on Get Started link for stack&amp#27;[0m                  &amp#27;[90m# StepDefinitions.StackStepDefinitions.the_user_clicks_on_get_started_link_for_stack()&amp#27;[0m
  &amp#27;[32mGiven &amp#27;[0m&amp#27;[32mThe user is on the Applications page&amp#27;[0m                          &amp#27;[90m# StepDefinitions.StackStepDefinitions.the_user_is_on_the_applications_page()&amp#27;[0m
  &amp#27;[31mWhen &amp#27;[0m&amp#27;[31mUser writes valid code and clicks run button&amp#27;[0m                   &amp#27;[90m# StepDefinitions.DSIntroductionDetails.user_writes_valid_code_and_clicks_run_button()&amp#27;[0m
      &amp#27;[31morg.openqa.selenium.ElementNotInteractableException: element not interactable
  (Session info: chrome=131.0.6778.140)
Build info: version: '4.26.0', revision: '8ccf0219d7'
System info: os.name: 'Windows 11', os.arch: 'amd64', os.version: '10.0', java.version: '21.0.5'
Driver info: org.openqa.selenium.chrome.ChromeDriver
Command: [a7ae9006658204e6c7932fcb6f692db4, sendKeysToElement {value=[Ljava.lang.CharSequence;@1b937fc9, id=f.5049E64788C57FC510BB44A3E50B2A3F.d.12E0CC2B518F0D7FA34CB8FB4DA1C5F4.e.50}]
Capabilities {acceptInsecureCerts: false, browserName: chrome, browserVersion: 131.0.6778.140, chrome: {chromedriverVersion: 131.0.6778.108 (3b014839fbc..., userDataDir: C:\Users\vamsh\AppData\Loca...}, fedcm:accounts: true, goog:chromeOptions: {debuggerAddress: localhost:62301}, networkConnectionEnabled: false, pageLoadStrategy: normal, platformName: windows, proxy: Proxy(), se:cdp: ws://localhost:62301/devtoo..., se:cdpVersion: 131.0.6778.140, setWindowRect: true, strictFileInteractability: false, timeouts: {implicit: 0, pageLoad: 300000, script: 30000}, unhandledPromptBehavior: dismiss and notify, webauthn:extension:credBlob: true, webauthn:extension:largeBlob: true, webauthn:extension:minPinLength: true, webauthn:extension:prf: true, webauthn:virtualAuthenticators: true}
Element: [[ChromeDriver: chrome on windows (a7ae9006658204e6c7932fcb6f692db4)] -> css selector: .CodeMirror textarea]
Session ID: a7ae9006658204e6c7932fcb6f692db4
	at java.base/jdk.internal.reflect.DirectConstructorHandleAccessor.newInstance(DirectConstructorHandleAccessor.java:62)
	at java.base/java.lang.reflect.Constructor.newInstanceWithCaller(Constructor.java:502)
	at java.base/java.lang.reflect.Constructor.newInstance(Constructor.java:486)
	at org.openqa.selenium.remote.ErrorCodec.decode(ErrorCodec.java:167)
	at org.openqa.selenium.remote.codec.w3c.W3CHttpResponseCodec.decode(W3CHttpResponseCodec.java:138)
	at org.openqa.selenium.remote.codec.w3c.W3CHttpResponseCodec.decode(W3CHttpResponseCodec.java:50)
	at org.openqa.selenium.remote.HttpCommandExecutor.execute(HttpCommandExecutor.java:190)
	at org.openqa.selenium.remote.service.DriverCommandExecutor.invokeExecute(DriverCommandExecutor.java:216)
	at org.openqa.selenium.remote.service.DriverCommandExecutor.execute(DriverCommandExecutor.java:174)
	at org.openqa.selenium.remote.RemoteWebDriver.execute(RemoteWebDriver.java:545)
	at org.openqa.selenium.remote.RemoteWebElement.execute(RemoteWebElement.java:223)
	at org.openqa.selenium.remote.RemoteWebElement.sendKeys(RemoteWebElement.java:110)
	at PageObjects.IntroductionPage.enterCodeInEditor(IntroductionPage.java:82)
	at StepDefinitions.DSIntroductionDetails.user_writes_valid_code_and_clicks_run_button(DSIntroductionDetails.java:197)
	at ✽.User writes valid code and clicks run button(file:///C:/Projects/newFolder-3/Repo1/src/test/resources/Features/StackPage.feature:83)
&amp#27;[0m
  &amp#27;[36mThen &amp#27;[0m&amp#27;[36mThe user should able to see output in the console&amp#27;[0m              &amp#27;[90m# StepDefinitions.DSIntroductionDetails.the_user_should_able_to_see_output_in_the_console()&amp#27;[0m
[ERROR] 2024-12-17 11:54:10.365 [TestNG-PoolService-1] Hooks - ======================  TEST CASE FAILED !! ======================

    Embedding screenshot [image/png 7853 bytes]

[INFO ] 2024-12-17 11:54:10.626 [TestNG-PoolService-1] Hooks - ======================  Screenshot is captured  ======================
[INFO ] 2024-12-17 11:54:10.631 [TestNG-PoolService-1] Hooks - ======================  Test Execution is completed!! ======================
]]></system-out>
    <system-err><![CDATA[Dec 17, 2024 11:54:08 AM org.openqa.selenium.devtools.CdpVersionFinder findNearestMatch
WARNING: Unable to find an exact match for CDP version 131, returning the closest version; found: 130; Please update to a Selenium version that supports CDP version 131
Dec 17, 2024 11:54:10 AM org.openqa.selenium.devtools.CdpVersionFinder findNearestMatch
WARNING: Unable to find an exact match for CDP version 131, returning the closest version; found: 130; Please update to a Selenium version that supports CDP version 131
]]></system-err>
  </testcase>
  <testcase name="runScenario[&quot;Valid code on try editor for Applications runs successfully&quot;, &quot;Stack page&quot;](150)" classname="TestRunners.TestRunner" time="0.778">
    <system-out><![CDATA[
Scenario: Tree home page                                    &amp#27;[90m# src/test/resources/Features/Tree.feature:11&amp#27;[0m
]]></system-out>
  </testcase>
  <testcase name="runScenario[&quot;Valid code on try editor for Applications runs successfully&quot;, &quot;Stack page&quot;](150)" classname="TestRunners.TestRunner" time="0.409">
    <system-out><![CDATA[
Scenario: Tree home page                                    &amp#27;[90m# src/test/resources/Features/Tree.feature:11&amp#27;[0m
]]></system-out>
  </testcase>
  <testcase name="runScenario[&quot;DS_algo Home page&quot;, &quot;Tree&quot;](151)" classname="TestRunners.TestRunner" time="2.001">
    <system-out><![CDATA[
Scenario: Overview of Trees                                          &amp#27;[90m# src/test/resources/Features/Tree.feature:15&amp#27;[0m
  &amp#27;[32mGiven &amp#27;[0m&amp#27;[32mThe user is on the DS Introduction page as signedIn&amp#27;[0m       &amp#27;[90m# StepDefinitions.DSIntroductionDetails.the_user_is_on_the_ds_introduction_page_as_signed_in()&amp#27;[0m
  &amp#27;[32mAnd &amp#27;[0m&amp#27;[32mUser clicks on Get Started button from Tree panel&amp#27;[0m           &amp#27;[90m# StepDefinitions.Tree.user_clicks_on_get_started_button_from_tree_panel()&amp#27;[0m
  &amp#27;[32mWhen &amp#27;[0m&amp#27;[32mThe user select Tree from the Data Structure dropdown menu&amp#27;[0m &amp#27;[90m# StepDefinitions.Tree.the_user_select_tree_from_the_data_structure_dropdown_menu()&amp#27;[0m
  &amp#27;[32mThen &amp#27;[0m&amp#27;[32mThe user is redirected to Tree page.&amp#27;[0m                       &amp#27;[90m# StepDefinitions.Tree.the_user_is_redirected_to_tree_page()&amp#27;[0m
[INFO ] 2024-12-17 11:54:12.715 [TestNG-PoolService-3] Hooks - ======================  Test Execution is completed!! ======================
]]></system-out>
    <system-err><![CDATA[Dec 17, 2024 11:54:13 AM org.openqa.selenium.devtools.CdpVersionFinder findNearestMatch
WARNING: Unable to find an exact match for CDP version 131, returning the closest version; found: 130; Please update to a Selenium version that supports CDP version 131
]]></system-err>
  </testcase>
  <testcase name="runScenario[&quot;DS_algo Home page&quot;, &quot;Tree&quot;](151)" classname="TestRunners.TestRunner" time="11.238">
    <system-out><![CDATA[
Scenario: Overview of Trees                                          &amp#27;[90m# src/test/resources/Features/Tree.feature:15&amp#27;[0m
  &amp#27;[32mGiven &amp#27;[0m&amp#27;[32mThe user is on the DS Introduction page as signedIn&amp#27;[0m       &amp#27;[90m# StepDefinitions.DSIntroductionDetails.the_user_is_on_the_ds_introduction_page_as_signed_in()&amp#27;[0m
  &amp#27;[32mAnd &amp#27;[0m&amp#27;[32mUser clicks on Get Started button from Tree panel&amp#27;[0m           &amp#27;[90m# StepDefinitions.Tree.user_clicks_on_get_started_button_from_tree_panel()&amp#27;[0m
  &amp#27;[32mGiven &amp#27;[0m&amp#27;[32mThe user is on the DS Introduction page as signedIn&amp#27;[0m          &amp#27;[90m# StepDefinitions.DSIntroductionDetails.the_user_is_on_the_ds_introduction_page_as_signed_in()&amp#27;[0m
  &amp#27;[32mGiven &amp#27;[0m&amp#27;[32mThe user is on the DS Introduction page as signedIn&amp#27;[0m &amp#27;[90m# StepDefinitions.DSIntroductionDetails.the_user_is_on_the_ds_introduction_page_as_signed_in()&amp#27;[0m
  &amp#27;[32mWhen &amp#27;[0m&amp#27;[32mThe user select Tree from the Data Structure dropdown menu&amp#27;[0m &amp#27;[90m# StepDefinitions.Tree.the_user_select_tree_from_the_data_structure_dropdown_menu()&amp#27;[0m
  &amp#27;[32mThen &amp#27;[0m&amp#27;[32mThe user is redirected to Tree page.&amp#27;[0m                       &amp#27;[90m# StepDefinitions.Tree.the_user_is_redirected_to_tree_page()&amp#27;[0m
[INFO ] 2024-12-17 12:09:08.247 [TestNG-PoolService-3] Hooks - ======================  Test Execution is completed!! ======================
  &amp#27;[32mAnd &amp#27;[0m&amp#27;[32mUser clicks on Get Started button from Tree panel&amp#27;[0m              &amp#27;[90m# StepDefinitions.Tree.user_clicks_on_get_started_button_from_tree_panel()&amp#27;[0m
  &amp#27;[32mAnd &amp#27;[0m&amp#27;[32mUser clicks on Get Started button from Tree panel&amp#27;[0m     &amp#27;[90m# StepDefinitions.Tree.user_clicks_on_get_started_button_from_tree_panel()&amp#27;[0m
  &amp#27;[32mGiven &amp#27;[0m&amp#27;[32mThe user is on the Overview of Trees page&amp#27;[0m                    &amp#27;[90m# StepDefinitions.Tree.the_user_is_on_the_overview_of_trees_page()&amp#27;[0m
  &amp#27;[32mWhen &amp#27;[0m&amp#27;[32mThe user clicks Overview of Trees link&amp#27;[0m               &amp#27;[90m# StepDefinitions.Tree.the_user_clicks_overview_of_trees_link()&amp#27;[0m
  &amp#27;[32mThen &amp#27;[0m&amp#27;[32mThe user is redirected to Overview of Trees page.&amp#27;[0m    &amp#27;[90m# StepDefinitions.Tree.the_user_is_redirected_to_overview_of_trees_page()&amp#27;[0m
[INFO ] 2024-12-17 12:09:09.206 [TestNG-PoolService-1] Hooks - ======================  Test Execution is completed!! ======================
  &amp#27;[32mWhen &amp#27;[0m&amp#27;[32mThe user clicks Try Here button&amp#27;[0m                               &amp#27;[90m# StepDefinitions.Tree.the_user_clicks_try_here_button()&amp#27;[0m
  &amp#27;[32mThen &amp#27;[0m&amp#27;[32mThe user is redirected to a page having Editor and run button&amp#27;[0m &amp#27;[90m# StepDefinitions.Tree.the_user_is_redirected_to_a_page_having_editor_and_run_button()&amp#27;[0m
[INFO ] 2024-12-17 12:09:10.160 [TestNG-PoolService-2] Hooks - ======================  Test Execution is completed!! ======================
]]></system-out>
  </testcase>
  <testcase name="runScenario[&quot;DS_algo Home page&quot;, &quot;Tree&quot;](151)" classname="TestRunners.TestRunner" time="8.338">
    <system-out><![CDATA[
Scenario: Overview of Trees                                          &amp#27;[90m# src/test/resources/Features/Tree.feature:15&amp#27;[0m
  &amp#27;[32mGiven &amp#27;[0m&amp#27;[32mThe user is on the DS Introduction page as signedIn&amp#27;[0m       &amp#27;[90m# StepDefinitions.DSIntroductionDetails.the_user_is_on_the_ds_introduction_page_as_signed_in()&amp#27;[0m
  &amp#27;[32mGiven &amp#27;[0m&amp#27;[32mThe user is on the DS Introduction page as signedIn&amp#27;[0m &amp#27;[90m# StepDefinitions.DSIntroductionDetails.the_user_is_on_the_ds_introduction_page_as_signed_in()&amp#27;[0m
  &amp#27;[32mGiven &amp#27;[0m&amp#27;[32mThe user is on the DS Introduction page as signedIn&amp#27;[0m          &amp#27;[90m# StepDefinitions.DSIntroductionDetails.the_user_is_on_the_ds_introduction_page_as_signed_in()&amp#27;[0m
  &amp#27;[32mAnd &amp#27;[0m&amp#27;[32mUser clicks on Get Started button from Tree panel&amp#27;[0m           &amp#27;[90m# StepDefinitions.Tree.user_clicks_on_get_started_button_from_tree_panel()&amp#27;[0m
  &amp#27;[32mAnd &amp#27;[0m&amp#27;[32mUser clicks on Get Started button from Tree panel&amp#27;[0m     &amp#27;[90m# StepDefinitions.Tree.user_clicks_on_get_started_button_from_tree_panel()&amp#27;[0m
  &amp#27;[32mAnd &amp#27;[0m&amp#27;[32mUser clicks on Get Started button from Tree panel&amp#27;[0m              &amp#27;[90m# StepDefinitions.Tree.user_clicks_on_get_started_button_from_tree_panel()&amp#27;[0m
  &amp#27;[32mWhen &amp#27;[0m&amp#27;[32mThe user select Tree from the Data Structure dropdown menu&amp#27;[0m &amp#27;[90m# StepDefinitions.Tree.the_user_select_tree_from_the_data_structure_dropdown_menu()&amp#27;[0m
  &amp#27;[32mThen &amp#27;[0m&amp#27;[32mThe user is redirected to Tree page.&amp#27;[0m                       &amp#27;[90m# StepDefinitions.Tree.the_user_is_redirected_to_tree_page()&amp#27;[0m
[INFO ] 2024-12-17 12:23:27.571 [TestNG-PoolService-2] Hooks - ======================  Test Execution is completed!! ======================
  &amp#27;[32mWhen &amp#27;[0m&amp#27;[32mThe user clicks Overview of Trees link&amp#27;[0m               &amp#27;[90m# StepDefinitions.Tree.the_user_clicks_overview_of_trees_link()&amp#27;[0m
  &amp#27;[32mThen &amp#27;[0m&amp#27;[32mThe user is redirected to Overview of Trees page.&amp#27;[0m    &amp#27;[90m# StepDefinitions.Tree.the_user_is_redirected_to_overview_of_trees_page()&amp#27;[0m
[INFO ] 2024-12-17 12:23:27.652 [TestNG-PoolService-1] Hooks - ======================  Test Execution is completed!! ======================
  &amp#27;[32mGiven &amp#27;[0m&amp#27;[32mThe user is on the Overview of Trees page&amp#27;[0m                    &amp#27;[90m# StepDefinitions.Tree.the_user_is_on_the_overview_of_trees_page()&amp#27;[0m
  &amp#27;[32mWhen &amp#27;[0m&amp#27;[32mThe user clicks Try Here button&amp#27;[0m                               &amp#27;[90m# StepDefinitions.Tree.the_user_clicks_try_here_button()&amp#27;[0m
  &amp#27;[32mThen &amp#27;[0m&amp#27;[32mThe user is redirected to a page having Editor and run button&amp#27;[0m &amp#27;[90m# StepDefinitions.Tree.the_user_is_redirected_to_a_page_having_editor_and_run_button()&amp#27;[0m
[INFO ] 2024-12-17 12:23:28.569 [TestNG-PoolService-3] Hooks - ======================  Test Execution is completed!! ======================
]]></system-out>
    <system-err><![CDATA[Dec 17, 2024 12:23:23 PM org.openqa.selenium.devtools.CdpVersionFinder findNearestMatch
WARNING: Unable to find an exact match for CDP version 131, returning the closest version; found: 130; Please update to a Selenium version that supports CDP version 131
Dec 17, 2024 12:23:23 PM org.openqa.selenium.devtools.CdpVersionFinder findNearestMatch
WARNING: Unable to find an exact match for CDP version 131, returning the closest version; found: 130; Please update to a Selenium version that supports CDP version 131
Dec 17, 2024 12:23:23 PM org.openqa.selenium.devtools.CdpVersionFinder findNearestMatch
WARNING: Unable to find an exact match for CDP version 131, returning the closest version; found: 130; Please update to a Selenium version that supports CDP version 131
]]></system-err>
  </testcase>
  <testcase name="runScenario[&quot;Tree home page&quot;, &quot;Tree&quot;](152)" classname="TestRunners.TestRunner" time="2.038">
    <system-out><![CDATA[
Scenario: Try Here Editor page with empty code                               &amp#27;[90m# src/test/resources/Features/Tree.feature:20&amp#27;[0m
  &amp#27;[32mGiven &amp#27;[0m&amp#27;[32mThe user is on the DS Introduction page as signedIn&amp#27;[0m &amp#27;[90m# StepDefinitions.DSIntroductionDetails.the_user_is_on_the_ds_introduction_page_as_signed_in()&amp#27;[0m
  &amp#27;[32mAnd &amp#27;[0m&amp#27;[32mUser clicks on Get Started button from Tree panel&amp#27;[0m     &amp#27;[90m# StepDefinitions.Tree.user_clicks_on_get_started_button_from_tree_panel()&amp#27;[0m
  &amp#27;[32mWhen &amp#27;[0m&amp#27;[32mThe user clicks Overview of Trees link&amp#27;[0m               &amp#27;[90m# StepDefinitions.Tree.the_user_clicks_overview_of_trees_link()&amp#27;[0m
  &amp#27;[32mThen &amp#27;[0m&amp#27;[32mThe user is redirected to Overview of Trees page.&amp#27;[0m    &amp#27;[90m# StepDefinitions.Tree.the_user_is_redirected_to_overview_of_trees_page()&amp#27;[0m
[INFO ] 2024-12-17 11:54:14.548 [TestNG-PoolService-2] Hooks - ======================  Test Execution is completed!! ======================
]]></system-out>
    <system-err><![CDATA[Dec 17, 2024 11:54:15 AM org.openqa.selenium.devtools.CdpVersionFinder findNearestMatch
WARNING: Unable to find an exact match for CDP version 131, returning the closest version; found: 130; Please update to a Selenium version that supports CDP version 131
]]></system-err>
  </testcase>
  <testcase name="runScenario[&quot;Tree home page&quot;, &quot;Tree&quot;](152)" classname="TestRunners.TestRunner" time="0.267">
    <system-out><![CDATA[
Scenario: Try Here Editor page with empty code                               &amp#27;[90m# src/test/resources/Features/Tree.feature:20&amp#27;[0m
]]></system-out>
  </testcase>
  <testcase name="runScenario[&quot;Tree home page&quot;, &quot;Tree&quot;](152)" classname="TestRunners.TestRunner" time="0.045">
    <system-out><![CDATA[
Scenario: Try Here Editor page with empty code                               &amp#27;[90m# src/test/resources/Features/Tree.feature:20&amp#27;[0m
]]></system-out>
  </testcase>
  <testcase name="runScenario[&quot;Overview of Trees&quot;, &quot;Tree&quot;](153)" classname="TestRunners.TestRunner" time="3.297">
    <system-out><![CDATA[
Scenario: Try Here Editor page with valid data                        &amp#27;[90m# src/test/resources/Features/Tree.feature:26&amp#27;[0m
  &amp#27;[32mGiven &amp#27;[0m&amp#27;[32mThe user is on the DS Introduction page as signedIn&amp#27;[0m          &amp#27;[90m# StepDefinitions.DSIntroductionDetails.the_user_is_on_the_ds_introduction_page_as_signed_in()&amp#27;[0m
  &amp#27;[32mAnd &amp#27;[0m&amp#27;[32mUser clicks on Get Started button from Tree panel&amp#27;[0m              &amp#27;[90m# StepDefinitions.Tree.user_clicks_on_get_started_button_from_tree_panel()&amp#27;[0m
  &amp#27;[32mGiven &amp#27;[0m&amp#27;[32mThe user is on the Overview of Trees page&amp#27;[0m                    &amp#27;[90m# StepDefinitions.Tree.the_user_is_on_the_overview_of_trees_page()&amp#27;[0m
  &amp#27;[32mGiven &amp#27;[0m&amp#27;[32mThe user is on the DS Introduction page as signedIn&amp#27;[0m                  &amp#27;[90m# StepDefinitions.DSIntroductionDetails.the_user_is_on_the_ds_introduction_page_as_signed_in()&amp#27;[0m
  &amp#27;[32mWhen &amp#27;[0m&amp#27;[32mThe user clicks Try Here button&amp#27;[0m                               &amp#27;[90m# StepDefinitions.Tree.the_user_clicks_try_here_button()&amp#27;[0m
  &amp#27;[32mThen &amp#27;[0m&amp#27;[32mThe user is redirected to a page having Editor and run button&amp#27;[0m &amp#27;[90m# StepDefinitions.Tree.the_user_is_redirected_to_a_page_having_editor_and_run_button()&amp#27;[0m
[INFO ] 2024-12-17 11:54:18.376 [TestNG-PoolService-1] Hooks - ======================  Test Execution is completed!! ======================
  &amp#27;[32mAnd &amp#27;[0m&amp#27;[32mUser clicks on Get Started button from Tree panel&amp#27;[0m                      &amp#27;[90m# StepDefinitions.Tree.user_clicks_on_get_started_button_from_tree_panel()&amp#27;[0m
]]></system-out>
    <system-err><![CDATA[Dec 17, 2024 11:54:17 AM org.openqa.selenium.devtools.CdpVersionFinder findNearestMatch
WARNING: Unable to find an exact match for CDP version 131, returning the closest version; found: 130; Please update to a Selenium version that supports CDP version 131
]]></system-err>
  </testcase>
  <testcase name="runScenario[&quot;Overview of Trees&quot;, &quot;Tree&quot;](153)" classname="TestRunners.TestRunner" time="0.617">
    <system-out><![CDATA[
Scenario: Try Here Editor page with valid data                        &amp#27;[90m# src/test/resources/Features/Tree.feature:26&amp#27;[0m
]]></system-out>
  </testcase>
  <testcase name="runScenario[&quot;Overview of Trees&quot;, &quot;Tree&quot;](153)" classname="TestRunners.TestRunner" time="0.709">
    <system-out><![CDATA[
Scenario: Try Here Editor page with valid data                        &amp#27;[90m# src/test/resources/Features/Tree.feature:26&amp#27;[0m
]]></system-out>
  </testcase>
  <testcase name="runScenario[&quot;Try Here Editor page with empty code&quot;, &quot;Tree&quot;](154)" classname="TestRunners.TestRunner" time="2.088">
    <failure message="element not interactable&#10;  (Session info: chrome=131.0.6778.140)&#10;Build info: version: &apos;4.26.0&apos;, revision: &apos;8ccf0219d7&apos;&#10;System info: os.name: &apos;Windows 11&apos;, os.arch: &apos;amd64&apos;, os.version: &apos;10.0&apos;, java.version: &apos;21.0.5&apos;&#10;Driver info: org.openqa.selenium.chrome.ChromeDriver&#10;Command: [299139734769ff19a14ecfd47e753aea, sendKeysToElement {value=[Ljava.lang.CharSequence;@6232e541, id=f.60411FD2704D0D1016EC0A30EADECA6B.d.9748E455F0ED51FF51EE4A1249B9DF02.e.49}]&#10;Capabilities {acceptInsecureCerts: false, browserName: chrome, browserVersion: 131.0.6778.140, chrome: {chromedriverVersion: 131.0.6778.108 (3b014839fbc..., userDataDir: C:\Users\vamsh\AppData\Loca...}, fedcm:accounts: true, goog:chromeOptions: {debuggerAddress: localhost:62527}, networkConnectionEnabled: false, pageLoadStrategy: normal, platformName: windows, proxy: Proxy(), se:cdp: ws://localhost:62527/devtoo..., se:cdpVersion: 131.0.6778.140, setWindowRect: true, strictFileInteractability: false, timeouts: {implicit: 0, pageLoad: 300000, script: 30000}, unhandledPromptBehavior: dismiss and notify, webauthn:extension:credBlob: true, webauthn:extension:largeBlob: true, webauthn:extension:minPinLength: true, webauthn:extension:prf: true, webauthn:virtualAuthenticators: true}&#10;Element: [[ChromeDriver: chrome on windows (299139734769ff19a14ecfd47e753aea)] -&gt; css selector: .CodeMirror textarea]&#10;Session ID: 299139734769ff19a14ecfd47e753aea" type="org.openqa.selenium.ElementNotInteractableException"><![CDATA[org.openqa.selenium.ElementNotInteractableException: 
element not interactable
  (Session info: chrome=131.0.6778.140)
Build info: version: '4.26.0', revision: '8ccf0219d7'
System info: os.name: 'Windows 11', os.arch: 'amd64', os.version: '10.0', java.version: '21.0.5'
Driver info: org.openqa.selenium.chrome.ChromeDriver
Command: [299139734769ff19a14ecfd47e753aea, sendKeysToElement {value=[Ljava.lang.CharSequence;@6232e541, id=f.60411FD2704D0D1016EC0A30EADECA6B.d.9748E455F0ED51FF51EE4A1249B9DF02.e.49}]
Capabilities {acceptInsecureCerts: false, browserName: chrome, browserVersion: 131.0.6778.140, chrome: {chromedriverVersion: 131.0.6778.108 (3b014839fbc..., userDataDir: C:\Users\vamsh\AppData\Loca...}, fedcm:accounts: true, goog:chromeOptions: {debuggerAddress: localhost:62527}, networkConnectionEnabled: false, pageLoadStrategy: normal, platformName: windows, proxy: Proxy(), se:cdp: ws://localhost:62527/devtoo..., se:cdpVersion: 131.0.6778.140, setWindowRect: true, strictFileInteractability: false, timeouts: {implicit: 0, pageLoad: 300000, script: 30000}, unhandledPromptBehavior: dismiss and notify, webauthn:extension:credBlob: true, webauthn:extension:largeBlob: true, webauthn:extension:minPinLength: true, webauthn:extension:prf: true, webauthn:virtualAuthenticators: true}
Element: [[ChromeDriver: chrome on windows (299139734769ff19a14ecfd47e753aea)] -> css selector: .CodeMirror textarea]
Session ID: 299139734769ff19a14ecfd47e753aea
]]></failure>
    <system-out><![CDATA[
Scenario: Try Here Editor page with invalid data                        &amp#27;[90m# src/test/resources/Features/Tree.feature:31&amp#27;[0m
  &amp#27;[32mGiven &amp#27;[0m&amp#27;[32mThe user is on the Editor page of Overview of Trees page&amp#27;[0m             &amp#27;[90m# StepDefinitions.Tree.the_user_is_on_the_editor_page_of_overview_of_trees_page()&amp#27;[0m
  &amp#27;[32mGiven &amp#27;[0m&amp#27;[32mThe user is on the DS Introduction page as signedIn&amp#27;[0m           &amp#27;[90m# StepDefinitions.DSIntroductionDetails.the_user_is_on_the_ds_introduction_page_as_signed_in()&amp#27;[0m
  &amp#27;[31mWhen &amp#27;[0m&amp#27;[31mThe user writes no code inside editor window and clicks on Run button&amp#27;[0m &amp#27;[90m# StepDefinitions.Tree.the_user_writes_no_code_inside_editor_window_and_clicks_on_run_button()&amp#27;[0m
      &amp#27;[31morg.openqa.selenium.ElementNotInteractableException: element not interactable
  (Session info: chrome=131.0.6778.140)
Build info: version: '4.26.0', revision: '8ccf0219d7'
System info: os.name: 'Windows 11', os.arch: 'amd64', os.version: '10.0', java.version: '21.0.5'
Driver info: org.openqa.selenium.chrome.ChromeDriver
Command: [299139734769ff19a14ecfd47e753aea, sendKeysToElement {value=[Ljava.lang.CharSequence;@6232e541, id=f.60411FD2704D0D1016EC0A30EADECA6B.d.9748E455F0ED51FF51EE4A1249B9DF02.e.49}]
Capabilities {acceptInsecureCerts: false, browserName: chrome, browserVersion: 131.0.6778.140, chrome: {chromedriverVersion: 131.0.6778.108 (3b014839fbc..., userDataDir: C:\Users\vamsh\AppData\Loca...}, fedcm:accounts: true, goog:chromeOptions: {debuggerAddress: localhost:62527}, networkConnectionEnabled: false, pageLoadStrategy: normal, platformName: windows, proxy: Proxy(), se:cdp: ws://localhost:62527/devtoo..., se:cdpVersion: 131.0.6778.140, setWindowRect: true, strictFileInteractability: false, timeouts: {implicit: 0, pageLoad: 300000, script: 30000}, unhandledPromptBehavior: dismiss and notify, webauthn:extension:credBlob: true, webauthn:extension:largeBlob: true, webauthn:extension:minPinLength: true, webauthn:extension:prf: true, webauthn:virtualAuthenticators: true}
Element: [[ChromeDriver: chrome on windows (299139734769ff19a14ecfd47e753aea)] -> css selector: .CodeMirror textarea]
Session ID: 299139734769ff19a14ecfd47e753aea
	at java.base/jdk.internal.reflect.DirectConstructorHandleAccessor.newInstance(DirectConstructorHandleAccessor.java:62)
	at java.base/java.lang.reflect.Constructor.newInstanceWithCaller(Constructor.java:502)
	at java.base/java.lang.reflect.Constructor.newInstance(Constructor.java:486)
	at org.openqa.selenium.remote.ErrorCodec.decode(ErrorCodec.java:167)
	at org.openqa.selenium.remote.codec.w3c.W3CHttpResponseCodec.decode(W3CHttpResponseCodec.java:138)
	at org.openqa.selenium.remote.codec.w3c.W3CHttpResponseCodec.decode(W3CHttpResponseCodec.java:50)
	at org.openqa.selenium.remote.HttpCommandExecutor.execute(HttpCommandExecutor.java:190)
	at org.openqa.selenium.remote.service.DriverCommandExecutor.invokeExecute(DriverCommandExecutor.java:216)
	at org.openqa.selenium.remote.service.DriverCommandExecutor.execute(DriverCommandExecutor.java:174)
	at org.openqa.selenium.remote.RemoteWebDriver.execute(RemoteWebDriver.java:545)
	at org.openqa.selenium.remote.RemoteWebElement.execute(RemoteWebElement.java:223)
	at org.openqa.selenium.remote.RemoteWebElement.sendKeys(RemoteWebElement.java:110)
	at PageObjects.TreePage.writeInTryEditorWindow(TreePage.java:251)
	at StepDefinitions.Tree.the_user_writes_no_code_inside_editor_window_and_clicks_on_run_button(Tree.java:80)
	at ✽.The user writes no code inside editor window and clicks on Run button(file:///C:/Projects/newFolder-3/Repo1/src/test/resources/Features/Tree.feature:22)
&amp#27;[0m
  &amp#27;[36mThen &amp#27;[0m&amp#27;[36mNothing happens to the Editor page and no error message is displayed&amp#27;[0m  &amp#27;[90m# StepDefinitions.Tree.nothing_happens_to_the_editor_page_and_no_error_message_is_displayed()&amp#27;[0m
[ERROR] 2024-12-17 11:54:20.392 [TestNG-PoolService-3] Hooks - ======================  TEST CASE FAILED !! ======================

    Embedding screenshot [image/png 7853 bytes]

[INFO ] 2024-12-17 11:54:20.615 [TestNG-PoolService-3] Hooks - ======================  Screenshot is captured  ======================
[INFO ] 2024-12-17 11:54:20.620 [TestNG-PoolService-3] Hooks - ======================  Test Execution is completed!! ======================
  &amp#27;[32mAnd &amp#27;[0m&amp#27;[32mUser clicks on Get Started button from Tree panel&amp#27;[0m               &amp#27;[90m# StepDefinitions.Tree.user_clicks_on_get_started_button_from_tree_panel()&amp#27;[0m
]]></system-out>
    <system-err><![CDATA[Dec 17, 2024 11:54:20 AM org.openqa.selenium.devtools.CdpVersionFinder findNearestMatch
WARNING: Unable to find an exact match for CDP version 131, returning the closest version; found: 130; Please update to a Selenium version that supports CDP version 131
]]></system-err>
  </testcase>
  <testcase name="runScenario[&quot;Try Here Editor page with empty code&quot;, &quot;Tree&quot;](154)" classname="TestRunners.TestRunner" time="13.193">
    <system-out><![CDATA[
Scenario: Try Here Editor page with invalid data                        &amp#27;[90m# src/test/resources/Features/Tree.feature:31&amp#27;[0m
  &amp#27;[32mGiven &amp#27;[0m&amp#27;[32mThe user is on the DS Introduction page as signedIn&amp#27;[0m                  &amp#27;[90m# StepDefinitions.DSIntroductionDetails.the_user_is_on_the_ds_introduction_page_as_signed_in()&amp#27;[0m
  &amp#27;[32mAnd &amp#27;[0m&amp#27;[32mUser clicks on Get Started button from Tree panel&amp#27;[0m                      &amp#27;[90m# StepDefinitions.Tree.user_clicks_on_get_started_button_from_tree_panel()&amp#27;[0m
  &amp#27;[32mGiven &amp#27;[0m&amp#27;[32mThe user is on the DS Introduction page as signedIn&amp#27;[0m           &amp#27;[90m# StepDefinitions.DSIntroductionDetails.the_user_is_on_the_ds_introduction_page_as_signed_in()&amp#27;[0m
  &amp#27;[32mAnd &amp#27;[0m&amp#27;[32mUser clicks on Get Started button from Tree panel&amp#27;[0m               &amp#27;[90m# StepDefinitions.Tree.user_clicks_on_get_started_button_from_tree_panel()&amp#27;[0m
  &amp#27;[32mGiven &amp#27;[0m&amp#27;[32mThe user is on the DS Introduction page as signedIn&amp#27;[0m             &amp#27;[90m# StepDefinitions.DSIntroductionDetails.the_user_is_on_the_ds_introduction_page_as_signed_in()&amp#27;[0m
  &amp#27;[32mAnd &amp#27;[0m&amp#27;[32mUser clicks on Get Started button from Tree panel&amp#27;[0m                 &amp#27;[90m# StepDefinitions.Tree.user_clicks_on_get_started_button_from_tree_panel()&amp#27;[0m
  &amp#27;[32mGiven &amp#27;[0m&amp#27;[32mThe user is on the Editor page of Overview of Trees page&amp#27;[0m             &amp#27;[90m# StepDefinitions.Tree.the_user_is_on_the_editor_page_of_overview_of_trees_page()&amp#27;[0m
  &amp#27;[32mWhen &amp#27;[0m&amp#27;[32mThe user writes no code inside editor window and clicks on Run button&amp#27;[0m &amp#27;[90m# StepDefinitions.Tree.the_user_writes_no_code_inside_editor_window_and_clicks_on_run_button()&amp#27;[0m
  &amp#27;[32mThen &amp#27;[0m&amp#27;[32mNothing happens to the Editor page and no error message is displayed&amp#27;[0m  &amp#27;[90m# StepDefinitions.Tree.nothing_happens_to_the_editor_page_and_no_error_message_is_displayed()&amp#27;[0m
[INFO ] 2024-12-17 12:09:23.079 [TestNG-PoolService-3] Hooks - ======================  Test Execution is completed!! ======================
  &amp#27;[32mGiven &amp#27;[0m&amp#27;[32mThe user is on the Editor page of Overview of Trees page&amp#27;[0m      &amp#27;[90m# StepDefinitions.Tree.the_user_is_on_the_editor_page_of_overview_of_trees_page()&amp#27;[0m
  &amp#27;[32mGiven &amp#27;[0m&amp#27;[32mThe user is on the Editor page of Overview of Trees page&amp#27;[0m        &amp#27;[90m# StepDefinitions.Tree.the_user_is_on_the_editor_page_of_overview_of_trees_page()&amp#27;[0m
  &amp#27;[32mWhen &amp#27;[0m&amp#27;[32mThe user writes the invalid python code and clicks on Run button&amp#27;[0m &amp#27;[90m# StepDefinitions.Tree.the_user_writes_the_invalid_python_code_and_clicks_on_run_button()&amp#27;[0m
  &amp#27;[31mThen &amp#27;[0m&amp#27;[31mThe user see error msg in alert window&amp#27;[0m                           &amp#27;[90m# StepDefinitions.Tree.the_user_see_error_msg_in_alert_window()&amp#27;[0m
      &amp#27;[31morg.openqa.selenium.NoAlertPresentException: Build info: version: '4.26.0', revision: '8ccf0219d7'
System info: os.name: 'Windows 11', os.arch: 'amd64', os.version: '10.0', java.version: '21.0.5'
Driver info: org.openqa.selenium.firefox.FirefoxDriver
Command: [bc6940bc-4301-4f42-8281-118867a984a4, getAlertText {}]
Capabilities {acceptInsecureCerts: true, browserName: firefox, browserVersion: 133.0.3, moz:accessibilityChecks: false, moz:buildID: 20241209150345, moz:debuggerAddress: 127.0.0.1:35229, moz:geckodriverVersion: 0.35.0, moz:headless: false, moz:platformVersion: 10.0, moz:processID: 41768, moz:profile: C:\Users\vamsh\AppData\Loca..., moz:shutdownTimeout: 60000, moz:webdriverClick: true, moz:windowless: false, pageLoadStrategy: normal, platformName: windows, proxy: Proxy(), se:cdp: ws://127.0.0.1:35229/devtoo..., se:cdpVersion: 85.0, setWindowRect: true, strictFileInteractability: false, timeouts: {implicit: 0, pageLoad: 300000, script: 30000}, unhandledPromptBehavior: dismiss and notify, userAgent: Mozilla/5.0 (Windows NT 10....}
Session ID: bc6940bc-4301-4f42-8281-118867a984a4
	at java.base/jdk.internal.reflect.DirectConstructorHandleAccessor.newInstance(DirectConstructorHandleAccessor.java:62)
	at java.base/java.lang.reflect.Constructor.newInstanceWithCaller(Constructor.java:502)
	at java.base/java.lang.reflect.Constructor.newInstance(Constructor.java:486)
	at org.openqa.selenium.remote.ErrorCodec.decode(ErrorCodec.java:167)
	at org.openqa.selenium.remote.codec.w3c.W3CHttpResponseCodec.decode(W3CHttpResponseCodec.java:138)
	at org.openqa.selenium.remote.codec.w3c.W3CHttpResponseCodec.decode(W3CHttpResponseCodec.java:50)
	at org.openqa.selenium.remote.HttpCommandExecutor.execute(HttpCommandExecutor.java:190)
	at org.openqa.selenium.remote.service.DriverCommandExecutor.invokeExecute(DriverCommandExecutor.java:216)
	at org.openqa.selenium.remote.service.DriverCommandExecutor.execute(DriverCommandExecutor.java:174)
	at org.openqa.selenium.remote.RemoteWebDriver.execute(RemoteWebDriver.java:545)
	at org.openqa.selenium.remote.RemoteWebDriver.execute(RemoteWebDriver.java:618)
	at org.openqa.selenium.remote.RemoteWebDriver.execute(RemoteWebDriver.java:622)
	at org.openqa.selenium.remote.RemoteWebDriver$RemoteTargetLocator.alert(RemoteWebDriver.java:1190)
	at PageObjects.IntroductionPage.getAlertText(IntroductionPage.java:134)
	at StepDefinitions.Tree.the_user_see_error_msg_in_alert_window(Tree.java:113)
	at ✽.The user see error msg in alert window(file:///C:/Projects/newFolder-3/Repo1/src/test/resources/Features/Tree.feature:34)
&amp#27;[0m
[ERROR] 2024-12-17 12:09:24.078 [TestNG-PoolService-2] Hooks - ======================  TEST CASE FAILED !! ======================

    Embedding screenshot [image/png 37860 bytes]

[INFO ] 2024-12-17 12:09:24.148 [TestNG-PoolService-2] Hooks - ======================  Screenshot is captured  ======================
[INFO ] 2024-12-17 12:09:24.149 [TestNG-PoolService-2] Hooks - ======================  Test Execution is completed!! ======================
]]></system-out>
  </testcase>
  <testcase name="runScenario[&quot;Try Here Editor page with empty code&quot;, &quot;Tree&quot;](154)" classname="TestRunners.TestRunner" time="8.878">
    <failure message="element not interactable&#10;  (Session info: MicrosoftEdge=131.0.2903.99)&#10;Build info: version: &apos;4.26.0&apos;, revision: &apos;8ccf0219d7&apos;&#10;System info: os.name: &apos;Windows 11&apos;, os.arch: &apos;amd64&apos;, os.version: &apos;10.0&apos;, java.version: &apos;21.0.5&apos;&#10;Driver info: org.openqa.selenium.edge.EdgeDriver&#10;Command: [fe6aff2cfdbb1d5528ff83cbdd3ddc24, sendKeysToElement {value=[Ljava.lang.CharSequence;@d17de78, id=f.AB9322748AD63F8970D99F2CEE294C71.d.D51858E9E21EB64476F2614FFA34F5AA.e.37}]&#10;Capabilities {acceptInsecureCerts: false, browserName: MicrosoftEdge, browserVersion: 131.0.2903.99, fedcm:accounts: true, ms:edgeOptions: {debuggerAddress: localhost:58526}, msedge: {msedgedriverVersion: 131.0.2903.99 (f96a870b1316..., userDataDir: C:\Users\vamsh\AppData\Loca...}, networkConnectionEnabled: false, pageLoadStrategy: normal, platformName: windows, proxy: Proxy(), se:cdp: ws://localhost:58526/devtoo..., se:cdpVersion: 131.0.2903.99, setWindowRect: true, strictFileInteractability: false, timeouts: {implicit: 0, pageLoad: 300000, script: 30000}, unhandledPromptBehavior: dismiss and notify, webauthn:extension:credBlob: true, webauthn:extension:largeBlob: true, webauthn:extension:minPinLength: true, webauthn:extension:prf: true, webauthn:virtualAuthenticators: true}&#10;Element: [[EdgeDriver: MicrosoftEdge on windows (fe6aff2cfdbb1d5528ff83cbdd3ddc24)] -&gt; css selector: .CodeMirror textarea]&#10;Session ID: fe6aff2cfdbb1d5528ff83cbdd3ddc24" type="org.openqa.selenium.ElementNotInteractableException"><![CDATA[org.openqa.selenium.ElementNotInteractableException: 
element not interactable
  (Session info: MicrosoftEdge=131.0.2903.99)
Build info: version: '4.26.0', revision: '8ccf0219d7'
System info: os.name: 'Windows 11', os.arch: 'amd64', os.version: '10.0', java.version: '21.0.5'
Driver info: org.openqa.selenium.edge.EdgeDriver
Command: [fe6aff2cfdbb1d5528ff83cbdd3ddc24, sendKeysToElement {value=[Ljava.lang.CharSequence;@d17de78, id=f.AB9322748AD63F8970D99F2CEE294C71.d.D51858E9E21EB64476F2614FFA34F5AA.e.37}]
Capabilities {acceptInsecureCerts: false, browserName: MicrosoftEdge, browserVersion: 131.0.2903.99, fedcm:accounts: true, ms:edgeOptions: {debuggerAddress: localhost:58526}, msedge: {msedgedriverVersion: 131.0.2903.99 (f96a870b1316..., userDataDir: C:\Users\vamsh\AppData\Loca...}, networkConnectionEnabled: false, pageLoadStrategy: normal, platformName: windows, proxy: Proxy(), se:cdp: ws://localhost:58526/devtoo..., se:cdpVersion: 131.0.2903.99, setWindowRect: true, strictFileInteractability: false, timeouts: {implicit: 0, pageLoad: 300000, script: 30000}, unhandledPromptBehavior: dismiss and notify, webauthn:extension:credBlob: true, webauthn:extension:largeBlob: true, webauthn:extension:minPinLength: true, webauthn:extension:prf: true, webauthn:virtualAuthenticators: true}
Element: [[EdgeDriver: MicrosoftEdge on windows (fe6aff2cfdbb1d5528ff83cbdd3ddc24)] -> css selector: .CodeMirror textarea]
Session ID: fe6aff2cfdbb1d5528ff83cbdd3ddc24
]]></failure>
    <system-out><![CDATA[
Scenario: Try Here Editor page with invalid data                        &amp#27;[90m# src/test/resources/Features/Tree.feature:31&amp#27;[0m
  &amp#27;[32mGiven &amp#27;[0m&amp#27;[32mThe user is on the DS Introduction page as signedIn&amp#27;[0m                  &amp#27;[90m# StepDefinitions.DSIntroductionDetails.the_user_is_on_the_ds_introduction_page_as_signed_in()&amp#27;[0m
  &amp#27;[32mGiven &amp#27;[0m&amp#27;[32mThe user is on the DS Introduction page as signedIn&amp#27;[0m           &amp#27;[90m# StepDefinitions.DSIntroductionDetails.the_user_is_on_the_ds_introduction_page_as_signed_in()&amp#27;[0m
  &amp#27;[32mAnd &amp#27;[0m&amp#27;[32mUser clicks on Get Started button from Tree panel&amp#27;[0m                      &amp#27;[90m# StepDefinitions.Tree.user_clicks_on_get_started_button_from_tree_panel()&amp#27;[0m
  &amp#27;[32mAnd &amp#27;[0m&amp#27;[32mUser clicks on Get Started button from Tree panel&amp#27;[0m               &amp#27;[90m# StepDefinitions.Tree.user_clicks_on_get_started_button_from_tree_panel()&amp#27;[0m
  &amp#27;[32mGiven &amp#27;[0m&amp#27;[32mThe user is on the DS Introduction page as signedIn&amp#27;[0m             &amp#27;[90m# StepDefinitions.DSIntroductionDetails.the_user_is_on_the_ds_introduction_page_as_signed_in()&amp#27;[0m
  &amp#27;[32mAnd &amp#27;[0m&amp#27;[32mUser clicks on Get Started button from Tree panel&amp#27;[0m                 &amp#27;[90m# StepDefinitions.Tree.user_clicks_on_get_started_button_from_tree_panel()&amp#27;[0m
  &amp#27;[32mGiven &amp#27;[0m&amp#27;[32mThe user is on the Editor page of Overview of Trees page&amp#27;[0m             &amp#27;[90m# StepDefinitions.Tree.the_user_is_on_the_editor_page_of_overview_of_trees_page()&amp#27;[0m
  &amp#27;[31mWhen &amp#27;[0m&amp#27;[31mThe user writes no code inside editor window and clicks on Run button&amp#27;[0m &amp#27;[90m# StepDefinitions.Tree.the_user_writes_no_code_inside_editor_window_and_clicks_on_run_button()&amp#27;[0m
      &amp#27;[31morg.openqa.selenium.ElementNotInteractableException: element not interactable
  (Session info: MicrosoftEdge=131.0.2903.99)
Build info: version: '4.26.0', revision: '8ccf0219d7'
System info: os.name: 'Windows 11', os.arch: 'amd64', os.version: '10.0', java.version: '21.0.5'
Driver info: org.openqa.selenium.edge.EdgeDriver
Command: [fe6aff2cfdbb1d5528ff83cbdd3ddc24, sendKeysToElement {value=[Ljava.lang.CharSequence;@d17de78, id=f.AB9322748AD63F8970D99F2CEE294C71.d.D51858E9E21EB64476F2614FFA34F5AA.e.37}]
Capabilities {acceptInsecureCerts: false, browserName: MicrosoftEdge, browserVersion: 131.0.2903.99, fedcm:accounts: true, ms:edgeOptions: {debuggerAddress: localhost:58526}, msedge: {msedgedriverVersion: 131.0.2903.99 (f96a870b1316..., userDataDir: C:\Users\vamsh\AppData\Loca...}, networkConnectionEnabled: false, pageLoadStrategy: normal, platformName: windows, proxy: Proxy(), se:cdp: ws://localhost:58526/devtoo..., se:cdpVersion: 131.0.2903.99, setWindowRect: true, strictFileInteractability: false, timeouts: {implicit: 0, pageLoad: 300000, script: 30000}, unhandledPromptBehavior: dismiss and notify, webauthn:extension:credBlob: true, webauthn:extension:largeBlob: true, webauthn:extension:minPinLength: true, webauthn:extension:prf: true, webauthn:virtualAuthenticators: true}
Element: [[EdgeDriver: MicrosoftEdge on windows (fe6aff2cfdbb1d5528ff83cbdd3ddc24)] -> css selector: .CodeMirror textarea]
Session ID: fe6aff2cfdbb1d5528ff83cbdd3ddc24
	at java.base/jdk.internal.reflect.DirectConstructorHandleAccessor.newInstance(DirectConstructorHandleAccessor.java:62)
	at java.base/java.lang.reflect.Constructor.newInstanceWithCaller(Constructor.java:502)
	at java.base/java.lang.reflect.Constructor.newInstance(Constructor.java:486)
	at org.openqa.selenium.remote.ErrorCodec.decode(ErrorCodec.java:167)
	at org.openqa.selenium.remote.codec.w3c.W3CHttpResponseCodec.decode(W3CHttpResponseCodec.java:138)
	at org.openqa.selenium.remote.codec.w3c.W3CHttpResponseCodec.decode(W3CHttpResponseCodec.java:50)
	at org.openqa.selenium.remote.HttpCommandExecutor.execute(HttpCommandExecutor.java:190)
	at org.openqa.selenium.remote.service.DriverCommandExecutor.invokeExecute(DriverCommandExecutor.java:216)
	at org.openqa.selenium.remote.service.DriverCommandExecutor.execute(DriverCommandExecutor.java:174)
	at org.openqa.selenium.remote.RemoteWebDriver.execute(RemoteWebDriver.java:545)
	at org.openqa.selenium.remote.RemoteWebElement.execute(RemoteWebElement.java:223)
	at org.openqa.selenium.remote.RemoteWebElement.sendKeys(RemoteWebElement.java:110)
	at PageObjects.TreePage.writeInTryEditorWindow(TreePage.java:251)
	at StepDefinitions.Tree.the_user_writes_no_code_inside_editor_window_and_clicks_on_run_button(Tree.java:80)
	at ✽.The user writes no code inside editor window and clicks on Run button(file:///C:/Projects/newFolder-3/Repo1/src/test/resources/Features/Tree.feature:22)
&amp#27;[0m
  &amp#27;[36mThen &amp#27;[0m&amp#27;[36mNothing happens to the Editor page and no error message is displayed&amp#27;[0m  &amp#27;[90m# StepDefinitions.Tree.nothing_happens_to_the_editor_page_and_no_error_message_is_displayed()&amp#27;[0m
[ERROR] 2024-12-17 12:23:37.339 [TestNG-PoolService-2] Hooks - ======================  TEST CASE FAILED !! ======================
  &amp#27;[32mGiven &amp#27;[0m&amp#27;[32mThe user is on the Editor page of Overview of Trees page&amp#27;[0m      &amp#27;[90m# StepDefinitions.Tree.the_user_is_on_the_editor_page_of_overview_of_trees_page()&amp#27;[0m

    Embedding screenshot [image/png 7890 bytes]

[INFO ] 2024-12-17 12:23:37.497 [TestNG-PoolService-2] Hooks - ======================  Screenshot is captured  ======================
[INFO ] 2024-12-17 12:23:37.499 [TestNG-PoolService-2] Hooks - ======================  Test Execution is completed!! ======================
  &amp#27;[31mWhen &amp#27;[0m&amp#27;[31mThe user writes the valid python code and clicks on Run button&amp#27;[0m &amp#27;[90m# StepDefinitions.Tree.the_user_writes_the_valid_python_code_and_clicks_on_run_button()&amp#27;[0m
      &amp#27;[31morg.openqa.selenium.ElementNotInteractableException: element not interactable
  (Session info: MicrosoftEdge=131.0.2903.99)
Build info: version: '4.26.0', revision: '8ccf0219d7'
System info: os.name: 'Windows 11', os.arch: 'amd64', os.version: '10.0', java.version: '21.0.5'
Driver info: org.openqa.selenium.edge.EdgeDriver
Command: [32784707c1da430505b749c5ea0cbbd0, sendKeysToElement {value=[Ljava.lang.CharSequence;@46ad09f7, id=f.2033DB938E5327B857234584A91A7211.d.90AC21E0FEA1335A83381597C30985F4.e.37}]
Capabilities {acceptInsecureCerts: false, browserName: MicrosoftEdge, browserVersion: 131.0.2903.99, fedcm:accounts: true, ms:edgeOptions: {debuggerAddress: localhost:58539}, msedge: {msedgedriverVersion: 131.0.2903.99 (f96a870b1316..., userDataDir: C:\Users\vamsh\AppData\Loca...}, networkConnectionEnabled: false, pageLoadStrategy: normal, platformName: windows, proxy: Proxy(), se:cdp: ws://localhost:58539/devtoo..., se:cdpVersion: 131.0.2903.99, setWindowRect: true, strictFileInteractability: false, timeouts: {implicit: 0, pageLoad: 300000, script: 30000}, unhandledPromptBehavior: dismiss and notify, webauthn:extension:credBlob: true, webauthn:extension:largeBlob: true, webauthn:extension:minPinLength: true, webauthn:extension:prf: true, webauthn:virtualAuthenticators: true}
Element: [[EdgeDriver: MicrosoftEdge on windows (32784707c1da430505b749c5ea0cbbd0)] -> css selector: .CodeMirror textarea]
Session ID: 32784707c1da430505b749c5ea0cbbd0
	at java.base/jdk.internal.reflect.DirectConstructorHandleAccessor.newInstance(DirectConstructorHandleAccessor.java:62)
	at java.base/java.lang.reflect.Constructor.newInstanceWithCaller(Constructor.java:502)
	at java.base/java.lang.reflect.Constructor.newInstance(Constructor.java:486)
	at org.openqa.selenium.remote.ErrorCodec.decode(ErrorCodec.java:167)
	at org.openqa.selenium.remote.codec.w3c.W3CHttpResponseCodec.decode(W3CHttpResponseCodec.java:138)
	at org.openqa.selenium.remote.codec.w3c.W3CHttpResponseCodec.decode(W3CHttpResponseCodec.java:50)
	at org.openqa.selenium.remote.HttpCommandExecutor.execute(HttpCommandExecutor.java:190)
	at org.openqa.selenium.remote.service.DriverCommandExecutor.invokeExecute(DriverCommandExecutor.java:216)
	at org.openqa.selenium.remote.service.DriverCommandExecutor.execute(DriverCommandExecutor.java:174)
	at org.openqa.selenium.remote.RemoteWebDriver.execute(RemoteWebDriver.java:545)
	at org.openqa.selenium.remote.RemoteWebElement.execute(RemoteWebElement.java:223)
	at org.openqa.selenium.remote.RemoteWebElement.sendKeys(RemoteWebElement.java:110)
	at PageObjects.TreePage.writeInTryEditorWindow(TreePage.java:251)
	at StepDefinitions.Tree.the_user_writes_the_valid_python_code_and_clicks_on_run_button(Tree.java:93)
	at ✽.The user writes the valid python code and clicks on Run button(file:///C:/Projects/newFolder-3/Repo1/src/test/resources/Features/Tree.feature:28)
&amp#27;[0m
  &amp#27;[36mThen &amp#27;[0m&amp#27;[36mThe user is able to see the output inside the console.&amp#27;[0m         &amp#27;[90m# StepDefinitions.Tree.the_user_is_able_to_see_the_output_inside_the_console()&amp#27;[0m
[ERROR] 2024-12-17 12:23:37.586 [TestNG-PoolService-1] Hooks - ======================  TEST CASE FAILED !! ======================

    Embedding screenshot [image/png 7890 bytes]

[INFO ] 2024-12-17 12:23:37.758 [TestNG-PoolService-1] Hooks - ======================  Screenshot is captured  ======================
[INFO ] 2024-12-17 12:23:37.760 [TestNG-PoolService-1] Hooks - ======================  Test Execution is completed!! ======================
  &amp#27;[32mGiven &amp#27;[0m&amp#27;[32mThe user is on the Editor page of Overview of Trees page&amp#27;[0m        &amp#27;[90m# StepDefinitions.Tree.the_user_is_on_the_editor_page_of_overview_of_trees_page()&amp#27;[0m
  &amp#27;[32mWhen &amp#27;[0m&amp#27;[32mThe user writes the invalid python code and clicks on Run button&amp#27;[0m &amp#27;[90m# StepDefinitions.Tree.the_user_writes_the_invalid_python_code_and_clicks_on_run_button()&amp#27;[0m
  &amp#27;[32mThen &amp#27;[0m&amp#27;[32mThe user see error msg in alert window&amp#27;[0m                           &amp#27;[90m# StepDefinitions.Tree.the_user_see_error_msg_in_alert_window()&amp#27;[0m
[INFO ] 2024-12-17 12:23:38.169 [TestNG-PoolService-3] Hooks - ======================  Test Execution is completed!! ======================
]]></system-out>
    <system-err><![CDATA[Dec 17, 2024 12:23:31 PM org.openqa.selenium.devtools.CdpVersionFinder findNearestMatch
WARNING: Unable to find an exact match for CDP version 131, returning the closest version; found: 130; Please update to a Selenium version that supports CDP version 131
Dec 17, 2024 12:23:32 PM org.openqa.selenium.devtools.CdpVersionFinder findNearestMatch
WARNING: Unable to find an exact match for CDP version 131, returning the closest version; found: 130; Please update to a Selenium version that supports CDP version 131
Dec 17, 2024 12:23:33 PM org.openqa.selenium.devtools.CdpVersionFinder findNearestMatch
WARNING: Unable to find an exact match for CDP version 131, returning the closest version; found: 130; Please update to a Selenium version that supports CDP version 131
]]></system-err>
  </testcase>
  <testcase name="runScenario[&quot;Try Here Editor page with valid data&quot;, &quot;Tree&quot;](155)" classname="TestRunners.TestRunner" time="2.173">
    <failure message="element not interactable&#10;  (Session info: chrome=131.0.6778.140)&#10;Build info: version: &apos;4.26.0&apos;, revision: &apos;8ccf0219d7&apos;&#10;System info: os.name: &apos;Windows 11&apos;, os.arch: &apos;amd64&apos;, os.version: &apos;10.0&apos;, java.version: &apos;21.0.5&apos;&#10;Driver info: org.openqa.selenium.chrome.ChromeDriver&#10;Command: [56c252c9390c4d2eb3841673ca7ac842, sendKeysToElement {value=[Ljava.lang.CharSequence;@7bf3a3dd, id=f.B6B75E831F109E584D7726C88D8FB294.d.B8A7A31EC4A82C9AFE2E4F8A3B9A88BD.e.51}]&#10;Capabilities {acceptInsecureCerts: false, browserName: chrome, browserVersion: 131.0.6778.140, chrome: {chromedriverVersion: 131.0.6778.108 (3b014839fbc..., userDataDir: C:\Users\vamsh\AppData\Loca...}, fedcm:accounts: true, goog:chromeOptions: {debuggerAddress: localhost:62576}, networkConnectionEnabled: false, pageLoadStrategy: normal, platformName: windows, proxy: Proxy(), se:cdp: ws://localhost:62576/devtoo..., se:cdpVersion: 131.0.6778.140, setWindowRect: true, strictFileInteractability: false, timeouts: {implicit: 0, pageLoad: 300000, script: 30000}, unhandledPromptBehavior: dismiss and notify, webauthn:extension:credBlob: true, webauthn:extension:largeBlob: true, webauthn:extension:minPinLength: true, webauthn:extension:prf: true, webauthn:virtualAuthenticators: true}&#10;Element: [[ChromeDriver: chrome on windows (56c252c9390c4d2eb3841673ca7ac842)] -&gt; css selector: .CodeMirror textarea]&#10;Session ID: 56c252c9390c4d2eb3841673ca7ac842" type="org.openqa.selenium.ElementNotInteractableException"><![CDATA[org.openqa.selenium.ElementNotInteractableException: 
element not interactable
  (Session info: chrome=131.0.6778.140)
Build info: version: '4.26.0', revision: '8ccf0219d7'
System info: os.name: 'Windows 11', os.arch: 'amd64', os.version: '10.0', java.version: '21.0.5'
Driver info: org.openqa.selenium.chrome.ChromeDriver
Command: [56c252c9390c4d2eb3841673ca7ac842, sendKeysToElement {value=[Ljava.lang.CharSequence;@7bf3a3dd, id=f.B6B75E831F109E584D7726C88D8FB294.d.B8A7A31EC4A82C9AFE2E4F8A3B9A88BD.e.51}]
Capabilities {acceptInsecureCerts: false, browserName: chrome, browserVersion: 131.0.6778.140, chrome: {chromedriverVersion: 131.0.6778.108 (3b014839fbc..., userDataDir: C:\Users\vamsh\AppData\Loca...}, fedcm:accounts: true, goog:chromeOptions: {debuggerAddress: localhost:62576}, networkConnectionEnabled: false, pageLoadStrategy: normal, platformName: windows, proxy: Proxy(), se:cdp: ws://localhost:62576/devtoo..., se:cdpVersion: 131.0.6778.140, setWindowRect: true, strictFileInteractability: false, timeouts: {implicit: 0, pageLoad: 300000, script: 30000}, unhandledPromptBehavior: dismiss and notify, webauthn:extension:credBlob: true, webauthn:extension:largeBlob: true, webauthn:extension:minPinLength: true, webauthn:extension:prf: true, webauthn:virtualAuthenticators: true}
Element: [[ChromeDriver: chrome on windows (56c252c9390c4d2eb3841673ca7ac842)] -> css selector: .CodeMirror textarea]
Session ID: 56c252c9390c4d2eb3841673ca7ac842
]]></failure>
    <system-out><![CDATA[
Scenario: Overview of Trees                                 &amp#27;[90m# src/test/resources/Features/Tree.feature:36&amp#27;[0m
  &amp#27;[32mGiven &amp#27;[0m&amp#27;[32mThe user is on the Editor page of Overview of Trees page&amp#27;[0m      &amp#27;[90m# StepDefinitions.Tree.the_user_is_on_the_editor_page_of_overview_of_trees_page()&amp#27;[0m
  &amp#27;[31mWhen &amp#27;[0m&amp#27;[31mThe user writes the valid python code and clicks on Run button&amp#27;[0m &amp#27;[90m# StepDefinitions.Tree.the_user_writes_the_valid_python_code_and_clicks_on_run_button()&amp#27;[0m
      &amp#27;[31morg.openqa.selenium.ElementNotInteractableException: element not interactable
  (Session info: chrome=131.0.6778.140)
Build info: version: '4.26.0', revision: '8ccf0219d7'
System info: os.name: 'Windows 11', os.arch: 'amd64', os.version: '10.0', java.version: '21.0.5'
Driver info: org.openqa.selenium.chrome.ChromeDriver
Command: [56c252c9390c4d2eb3841673ca7ac842, sendKeysToElement {value=[Ljava.lang.CharSequence;@7bf3a3dd, id=f.B6B75E831F109E584D7726C88D8FB294.d.B8A7A31EC4A82C9AFE2E4F8A3B9A88BD.e.51}]
Capabilities {acceptInsecureCerts: false, browserName: chrome, browserVersion: 131.0.6778.140, chrome: {chromedriverVersion: 131.0.6778.108 (3b014839fbc..., userDataDir: C:\Users\vamsh\AppData\Loca...}, fedcm:accounts: true, goog:chromeOptions: {debuggerAddress: localhost:62576}, networkConnectionEnabled: false, pageLoadStrategy: normal, platformName: windows, proxy: Proxy(), se:cdp: ws://localhost:62576/devtoo..., se:cdpVersion: 131.0.6778.140, setWindowRect: true, strictFileInteractability: false, timeouts: {implicit: 0, pageLoad: 300000, script: 30000}, unhandledPromptBehavior: dismiss and notify, webauthn:extension:credBlob: true, webauthn:extension:largeBlob: true, webauthn:extension:minPinLength: true, webauthn:extension:prf: true, webauthn:virtualAuthenticators: true}
Element: [[ChromeDriver: chrome on windows (56c252c9390c4d2eb3841673ca7ac842)] -> css selector: .CodeMirror textarea]
Session ID: 56c252c9390c4d2eb3841673ca7ac842
	at java.base/jdk.internal.reflect.DirectConstructorHandleAccessor.newInstance(DirectConstructorHandleAccessor.java:62)
	at java.base/java.lang.reflect.Constructor.newInstanceWithCaller(Constructor.java:502)
	at java.base/java.lang.reflect.Constructor.newInstance(Constructor.java:486)
	at org.openqa.selenium.remote.ErrorCodec.decode(ErrorCodec.java:167)
	at org.openqa.selenium.remote.codec.w3c.W3CHttpResponseCodec.decode(W3CHttpResponseCodec.java:138)
	at org.openqa.selenium.remote.codec.w3c.W3CHttpResponseCodec.decode(W3CHttpResponseCodec.java:50)
	at org.openqa.selenium.remote.HttpCommandExecutor.execute(HttpCommandExecutor.java:190)
	at org.openqa.selenium.remote.service.DriverCommandExecutor.invokeExecute(DriverCommandExecutor.java:216)
	at org.openqa.selenium.remote.service.DriverCommandExecutor.execute(DriverCommandExecutor.java:174)
	at org.openqa.selenium.remote.RemoteWebDriver.execute(RemoteWebDriver.java:545)
	at org.openqa.selenium.remote.RemoteWebElement.execute(RemoteWebElement.java:223)
	at org.openqa.selenium.remote.RemoteWebElement.sendKeys(RemoteWebElement.java:110)
	at PageObjects.TreePage.writeInTryEditorWindow(TreePage.java:251)
	at StepDefinitions.Tree.the_user_writes_the_valid_python_code_and_clicks_on_run_button(Tree.java:93)
	at ✽.The user writes the valid python code and clicks on Run button(file:///C:/Projects/newFolder-3/Repo1/src/test/resources/Features/Tree.feature:28)
&amp#27;[0m
  &amp#27;[36mThen &amp#27;[0m&amp#27;[36mThe user is able to see the output inside the console.&amp#27;[0m         &amp#27;[90m# StepDefinitions.Tree.the_user_is_able_to_see_the_output_inside_the_console()&amp#27;[0m
[ERROR] 2024-12-17 11:54:22.464 [TestNG-PoolService-2] Hooks - ======================  TEST CASE FAILED !! ======================

    Embedding screenshot [image/png 7853 bytes]

[INFO ] 2024-12-17 11:54:22.683 [TestNG-PoolService-2] Hooks - ======================  Screenshot is captured  ======================
[INFO ] 2024-12-17 11:54:22.685 [TestNG-PoolService-2] Hooks - ======================  Test Execution is completed!! ======================
]]></system-out>
    <system-err><![CDATA[Dec 17, 2024 11:54:22 AM org.openqa.selenium.devtools.CdpVersionFinder findNearestMatch
WARNING: Unable to find an exact match for CDP version 131, returning the closest version; found: 130; Please update to a Selenium version that supports CDP version 131
]]></system-err>
  </testcase>
  <testcase name="runScenario[&quot;Try Here Editor page with valid data&quot;, &quot;Tree&quot;](155)" classname="TestRunners.TestRunner" time="0.374">
    <failure message="element not interactable&#10;  (Session info: MicrosoftEdge=131.0.2903.99)&#10;Build info: version: &apos;4.26.0&apos;, revision: &apos;8ccf0219d7&apos;&#10;System info: os.name: &apos;Windows 11&apos;, os.arch: &apos;amd64&apos;, os.version: &apos;10.0&apos;, java.version: &apos;21.0.5&apos;&#10;Driver info: org.openqa.selenium.edge.EdgeDriver&#10;Command: [32784707c1da430505b749c5ea0cbbd0, sendKeysToElement {value=[Ljava.lang.CharSequence;@46ad09f7, id=f.2033DB938E5327B857234584A91A7211.d.90AC21E0FEA1335A83381597C30985F4.e.37}]&#10;Capabilities {acceptInsecureCerts: false, browserName: MicrosoftEdge, browserVersion: 131.0.2903.99, fedcm:accounts: true, ms:edgeOptions: {debuggerAddress: localhost:58539}, msedge: {msedgedriverVersion: 131.0.2903.99 (f96a870b1316..., userDataDir: C:\Users\vamsh\AppData\Loca...}, networkConnectionEnabled: false, pageLoadStrategy: normal, platformName: windows, proxy: Proxy(), se:cdp: ws://localhost:58539/devtoo..., se:cdpVersion: 131.0.2903.99, setWindowRect: true, strictFileInteractability: false, timeouts: {implicit: 0, pageLoad: 300000, script: 30000}, unhandledPromptBehavior: dismiss and notify, webauthn:extension:credBlob: true, webauthn:extension:largeBlob: true, webauthn:extension:minPinLength: true, webauthn:extension:prf: true, webauthn:virtualAuthenticators: true}&#10;Element: [[EdgeDriver: MicrosoftEdge on windows (32784707c1da430505b749c5ea0cbbd0)] -&gt; css selector: .CodeMirror textarea]&#10;Session ID: 32784707c1da430505b749c5ea0cbbd0" type="org.openqa.selenium.ElementNotInteractableException"><![CDATA[org.openqa.selenium.ElementNotInteractableException: 
element not interactable
  (Session info: MicrosoftEdge=131.0.2903.99)
Build info: version: '4.26.0', revision: '8ccf0219d7'
System info: os.name: 'Windows 11', os.arch: 'amd64', os.version: '10.0', java.version: '21.0.5'
Driver info: org.openqa.selenium.edge.EdgeDriver
Command: [32784707c1da430505b749c5ea0cbbd0, sendKeysToElement {value=[Ljava.lang.CharSequence;@46ad09f7, id=f.2033DB938E5327B857234584A91A7211.d.90AC21E0FEA1335A83381597C30985F4.e.37}]
Capabilities {acceptInsecureCerts: false, browserName: MicrosoftEdge, browserVersion: 131.0.2903.99, fedcm:accounts: true, ms:edgeOptions: {debuggerAddress: localhost:58539}, msedge: {msedgedriverVersion: 131.0.2903.99 (f96a870b1316..., userDataDir: C:\Users\vamsh\AppData\Loca...}, networkConnectionEnabled: false, pageLoadStrategy: normal, platformName: windows, proxy: Proxy(), se:cdp: ws://localhost:58539/devtoo..., se:cdpVersion: 131.0.2903.99, setWindowRect: true, strictFileInteractability: false, timeouts: {implicit: 0, pageLoad: 300000, script: 30000}, unhandledPromptBehavior: dismiss and notify, webauthn:extension:credBlob: true, webauthn:extension:largeBlob: true, webauthn:extension:minPinLength: true, webauthn:extension:prf: true, webauthn:virtualAuthenticators: true}
Element: [[EdgeDriver: MicrosoftEdge on windows (32784707c1da430505b749c5ea0cbbd0)] -> css selector: .CodeMirror textarea]
Session ID: 32784707c1da430505b749c5ea0cbbd0
]]></failure>
    <system-out><![CDATA[
Scenario: Overview of Trees                                 &amp#27;[90m# src/test/resources/Features/Tree.feature:36&amp#27;[0m
]]></system-out>
  </testcase>
  <testcase name="runScenario[&quot;Try Here Editor page with invalid data&quot;, &quot;Tree&quot;](156)" classname="TestRunners.TestRunner" time="2.709">
    <failure message="element not interactable&#10;  (Session info: chrome=131.0.6778.140)&#10;Build info: version: &apos;4.26.0&apos;, revision: &apos;8ccf0219d7&apos;&#10;System info: os.name: &apos;Windows 11&apos;, os.arch: &apos;amd64&apos;, os.version: &apos;10.0&apos;, java.version: &apos;21.0.5&apos;&#10;Driver info: org.openqa.selenium.chrome.ChromeDriver&#10;Command: [104546162bd519e907a417c8c398d9ef, sendKeysToElement {value=[Ljava.lang.CharSequence;@594e9805, id=f.EBB10053B22F640F4648E447DD756277.d.9E6DD52FAD465F89ED2BDB8EA03E0232.e.49}]&#10;Capabilities {acceptInsecureCerts: false, browserName: chrome, browserVersion: 131.0.6778.140, chrome: {chromedriverVersion: 131.0.6778.108 (3b014839fbc..., userDataDir: C:\Users\vamsh\AppData\Loca...}, fedcm:accounts: true, goog:chromeOptions: {debuggerAddress: localhost:62638}, networkConnectionEnabled: false, pageLoadStrategy: normal, platformName: windows, proxy: Proxy(), se:cdp: ws://localhost:62638/devtoo..., se:cdpVersion: 131.0.6778.140, setWindowRect: true, strictFileInteractability: false, timeouts: {implicit: 0, pageLoad: 300000, script: 30000}, unhandledPromptBehavior: dismiss and notify, webauthn:extension:credBlob: true, webauthn:extension:largeBlob: true, webauthn:extension:minPinLength: true, webauthn:extension:prf: true, webauthn:virtualAuthenticators: true}&#10;Element: [[ChromeDriver: chrome on windows (104546162bd519e907a417c8c398d9ef)] -&gt; css selector: .CodeMirror textarea]&#10;Session ID: 104546162bd519e907a417c8c398d9ef" type="org.openqa.selenium.ElementNotInteractableException"><![CDATA[org.openqa.selenium.ElementNotInteractableException: 
element not interactable
  (Session info: chrome=131.0.6778.140)
Build info: version: '4.26.0', revision: '8ccf0219d7'
System info: os.name: 'Windows 11', os.arch: 'amd64', os.version: '10.0', java.version: '21.0.5'
Driver info: org.openqa.selenium.chrome.ChromeDriver
Command: [104546162bd519e907a417c8c398d9ef, sendKeysToElement {value=[Ljava.lang.CharSequence;@594e9805, id=f.EBB10053B22F640F4648E447DD756277.d.9E6DD52FAD465F89ED2BDB8EA03E0232.e.49}]
Capabilities {acceptInsecureCerts: false, browserName: chrome, browserVersion: 131.0.6778.140, chrome: {chromedriverVersion: 131.0.6778.108 (3b014839fbc..., userDataDir: C:\Users\vamsh\AppData\Loca...}, fedcm:accounts: true, goog:chromeOptions: {debuggerAddress: localhost:62638}, networkConnectionEnabled: false, pageLoadStrategy: normal, platformName: windows, proxy: Proxy(), se:cdp: ws://localhost:62638/devtoo..., se:cdpVersion: 131.0.6778.140, setWindowRect: true, strictFileInteractability: false, timeouts: {implicit: 0, pageLoad: 300000, script: 30000}, unhandledPromptBehavior: dismiss and notify, webauthn:extension:credBlob: true, webauthn:extension:largeBlob: true, webauthn:extension:minPinLength: true, webauthn:extension:prf: true, webauthn:virtualAuthenticators: true}
Element: [[ChromeDriver: chrome on windows (104546162bd519e907a417c8c398d9ef)] -> css selector: .CodeMirror textarea]
Session ID: 104546162bd519e907a417c8c398d9ef
]]></failure>
    <system-out><![CDATA[
Scenario: Terminologies                                              &amp#27;[90m# src/test/resources/Features/Tree.feature:43&amp#27;[0m
  &amp#27;[32mGiven &amp#27;[0m&amp#27;[32mThe user is on the DS Introduction page as signedIn&amp#27;[0m             &amp#27;[90m# StepDefinitions.DSIntroductionDetails.the_user_is_on_the_ds_introduction_page_as_signed_in()&amp#27;[0m
  &amp#27;[32mAnd &amp#27;[0m&amp#27;[32mUser clicks on Get Started button from Tree panel&amp#27;[0m                 &amp#27;[90m# StepDefinitions.Tree.user_clicks_on_get_started_button_from_tree_panel()&amp#27;[0m
  &amp#27;[32mGiven &amp#27;[0m&amp#27;[32mThe user is on the Editor page of Overview of Trees page&amp#27;[0m        &amp#27;[90m# StepDefinitions.Tree.the_user_is_on_the_editor_page_of_overview_of_trees_page()&amp#27;[0m
  &amp#27;[32mGiven &amp#27;[0m&amp#27;[32mThe user is on the DS Introduction page as signedIn&amp#27;[0m &amp#27;[90m# StepDefinitions.DSIntroductionDetails.the_user_is_on_the_ds_introduction_page_as_signed_in()&amp#27;[0m
  &amp#27;[31mWhen &amp#27;[0m&amp#27;[31mThe user writes the invalid python code and clicks on Run button&amp#27;[0m &amp#27;[90m# StepDefinitions.Tree.the_user_writes_the_invalid_python_code_and_clicks_on_run_button()&amp#27;[0m
      &amp#27;[31morg.openqa.selenium.ElementNotInteractableException: element not interactable
  (Session info: chrome=131.0.6778.140)
Build info: version: '4.26.0', revision: '8ccf0219d7'
System info: os.name: 'Windows 11', os.arch: 'amd64', os.version: '10.0', java.version: '21.0.5'
Driver info: org.openqa.selenium.chrome.ChromeDriver
Command: [104546162bd519e907a417c8c398d9ef, sendKeysToElement {value=[Ljava.lang.CharSequence;@594e9805, id=f.EBB10053B22F640F4648E447DD756277.d.9E6DD52FAD465F89ED2BDB8EA03E0232.e.49}]
Capabilities {acceptInsecureCerts: false, browserName: chrome, browserVersion: 131.0.6778.140, chrome: {chromedriverVersion: 131.0.6778.108 (3b014839fbc..., userDataDir: C:\Users\vamsh\AppData\Loca...}, fedcm:accounts: true, goog:chromeOptions: {debuggerAddress: localhost:62638}, networkConnectionEnabled: false, pageLoadStrategy: normal, platformName: windows, proxy: Proxy(), se:cdp: ws://localhost:62638/devtoo..., se:cdpVersion: 131.0.6778.140, setWindowRect: true, strictFileInteractability: false, timeouts: {implicit: 0, pageLoad: 300000, script: 30000}, unhandledPromptBehavior: dismiss and notify, webauthn:extension:credBlob: true, webauthn:extension:largeBlob: true, webauthn:extension:minPinLength: true, webauthn:extension:prf: true, webauthn:virtualAuthenticators: true}
Element: [[ChromeDriver: chrome on windows (104546162bd519e907a417c8c398d9ef)] -> css selector: .CodeMirror textarea]
Session ID: 104546162bd519e907a417c8c398d9ef
	at java.base/jdk.internal.reflect.DirectConstructorHandleAccessor.newInstance(DirectConstructorHandleAccessor.java:62)
	at java.base/java.lang.reflect.Constructor.newInstanceWithCaller(Constructor.java:502)
	at java.base/java.lang.reflect.Constructor.newInstance(Constructor.java:486)
	at org.openqa.selenium.remote.ErrorCodec.decode(ErrorCodec.java:167)
	at org.openqa.selenium.remote.codec.w3c.W3CHttpResponseCodec.decode(W3CHttpResponseCodec.java:138)
	at org.openqa.selenium.remote.codec.w3c.W3CHttpResponseCodec.decode(W3CHttpResponseCodec.java:50)
	at org.openqa.selenium.remote.HttpCommandExecutor.execute(HttpCommandExecutor.java:190)
	at org.openqa.selenium.remote.service.DriverCommandExecutor.invokeExecute(DriverCommandExecutor.java:216)
	at org.openqa.selenium.remote.service.DriverCommandExecutor.execute(DriverCommandExecutor.java:174)
	at org.openqa.selenium.remote.RemoteWebDriver.execute(RemoteWebDriver.java:545)
	at org.openqa.selenium.remote.RemoteWebElement.execute(RemoteWebElement.java:223)
	at org.openqa.selenium.remote.RemoteWebElement.sendKeys(RemoteWebElement.java:110)
	at PageObjects.TreePage.writeInTryEditorWindow(TreePage.java:251)
	at StepDefinitions.Tree.the_user_writes_the_invalid_python_code_and_clicks_on_run_button(Tree.java:106)
	at ✽.The user writes the invalid python code and clicks on Run button(file:///C:/Projects/newFolder-3/Repo1/src/test/resources/Features/Tree.feature:33)
&amp#27;[0m
  &amp#27;[36mThen &amp#27;[0m&amp#27;[36mThe user see error msg in alert window&amp#27;[0m                           &amp#27;[90m# StepDefinitions.Tree.the_user_see_error_msg_in_alert_window()&amp#27;[0m
[ERROR] 2024-12-17 11:54:25.321 [TestNG-PoolService-1] Hooks - ======================  TEST CASE FAILED !! ======================

    Embedding screenshot [image/png 7853 bytes]

[INFO ] 2024-12-17 11:54:25.480 [TestNG-PoolService-1] Hooks - ======================  Screenshot is captured  ======================
[INFO ] 2024-12-17 11:54:25.483 [TestNG-PoolService-1] Hooks - ======================  Test Execution is completed!! ======================
  &amp#27;[32mAnd &amp#27;[0m&amp#27;[32mUser clicks on Get Started button from Tree panel&amp#27;[0m     &amp#27;[90m# StepDefinitions.Tree.user_clicks_on_get_started_button_from_tree_panel()&amp#27;[0m
]]></system-out>
    <system-err><![CDATA[Dec 17, 2024 11:54:24 AM org.openqa.selenium.devtools.CdpVersionFinder findNearestMatch
WARNING: Unable to find an exact match for CDP version 131, returning the closest version; found: 130; Please update to a Selenium version that supports CDP version 131
]]></system-err>
  </testcase>
  <testcase name="runScenario[&quot;Try Here Editor page with invalid data&quot;, &quot;Tree&quot;](156)" classname="TestRunners.TestRunner" time="0.244">
    <system-out><![CDATA[
Scenario: Terminologies                                              &amp#27;[90m# src/test/resources/Features/Tree.feature:43&amp#27;[0m
]]></system-out>
  </testcase>
  <testcase name="runScenario[&quot;Overview of Trees&quot;, &quot;Tree&quot;](157)" classname="TestRunners.TestRunner" time="0.996">
    <system-out><![CDATA[
Scenario: Try Here Editor page with empty code                               &amp#27;[90m# src/test/resources/Features/Tree.feature:48&amp#27;[0m
  &amp#27;[32mGiven &amp#27;[0m&amp#27;[32mThe user is on the Overview of Trees page&amp#27;[0m           &amp#27;[90m# StepDefinitions.Tree.the_user_is_on_the_overview_of_trees_page()&amp#27;[0m
  &amp#27;[32mWhen &amp#27;[0m&amp#27;[32mThe user clicks Terminologies link&amp#27;[0m                   &amp#27;[90m# StepDefinitions.Tree.the_user_clicks_terminologies_link()&amp#27;[0m
  &amp#27;[32mThen &amp#27;[0m&amp#27;[32mThe user is redirected to Terminologies page&amp#27;[0m         &amp#27;[90m# StepDefinitions.Tree.the_user_is_redirected_to_terminologies_page()&amp#27;[0m
[INFO ] 2024-12-17 11:54:26.542 [TestNG-PoolService-3] Hooks - ======================  Test Execution is completed!! ======================
]]></system-out>
  </testcase>
  <testcase name="runScenario[&quot;Overview of Trees&quot;, &quot;Tree&quot;](157)" classname="TestRunners.TestRunner" time="8.48">
    <system-out><![CDATA[
Scenario: Try Here Editor page with empty code                               &amp#27;[90m# src/test/resources/Features/Tree.feature:48&amp#27;[0m
  &amp#27;[32mGiven &amp#27;[0m&amp#27;[32mThe user is on the DS Introduction page as signedIn&amp#27;[0m &amp#27;[90m# StepDefinitions.DSIntroductionDetails.the_user_is_on_the_ds_introduction_page_as_signed_in()&amp#27;[0m
  &amp#27;[32mGiven &amp#27;[0m&amp#27;[32mThe user is on the DS Introduction page as signedIn&amp#27;[0m          &amp#27;[90m# StepDefinitions.DSIntroductionDetails.the_user_is_on_the_ds_introduction_page_as_signed_in()&amp#27;[0m
  &amp#27;[32mGiven &amp#27;[0m&amp#27;[32mThe user is on the DS Introduction page as signedIn&amp#27;[0m                  &amp#27;[90m# StepDefinitions.DSIntroductionDetails.the_user_is_on_the_ds_introduction_page_as_signed_in()&amp#27;[0m
  &amp#27;[32mAnd &amp#27;[0m&amp#27;[32mUser clicks on Get Started button from Tree panel&amp#27;[0m     &amp#27;[90m# StepDefinitions.Tree.user_clicks_on_get_started_button_from_tree_panel()&amp#27;[0m
  &amp#27;[32mAnd &amp#27;[0m&amp#27;[32mUser clicks on Get Started button from Tree panel&amp#27;[0m              &amp#27;[90m# StepDefinitions.Tree.user_clicks_on_get_started_button_from_tree_panel()&amp#27;[0m
  &amp#27;[32mAnd &amp#27;[0m&amp#27;[32mUser clicks on Get Started button from Tree panel&amp#27;[0m                      &amp#27;[90m# StepDefinitions.Tree.user_clicks_on_get_started_button_from_tree_panel()&amp#27;[0m
  &amp#27;[32mGiven &amp#27;[0m&amp#27;[32mThe user is on the Overview of Trees page&amp#27;[0m           &amp#27;[90m# StepDefinitions.Tree.the_user_is_on_the_overview_of_trees_page()&amp#27;[0m
  &amp#27;[32mGiven &amp#27;[0m&amp#27;[32mThe user is on the Terminologies page&amp#27;[0m                        &amp#27;[90m# StepDefinitions.Tree.the_user_is_on_the_terminologies_page()&amp#27;[0m
  &amp#27;[32mWhen &amp#27;[0m&amp#27;[32mThe user clicks Terminologies link&amp#27;[0m                   &amp#27;[90m# StepDefinitions.Tree.the_user_clicks_terminologies_link()&amp#27;[0m
  &amp#27;[32mThen &amp#27;[0m&amp#27;[32mThe user is redirected to Terminologies page&amp#27;[0m         &amp#27;[90m# StepDefinitions.Tree.the_user_is_redirected_to_terminologies_page()&amp#27;[0m
[INFO ] 2024-12-17 12:23:46.520 [TestNG-PoolService-2] Hooks - ======================  Test Execution is completed!! ======================
  &amp#27;[32mWhen &amp#27;[0m&amp#27;[32mThe user clicks Try Here button&amp#27;[0m                               &amp#27;[90m# StepDefinitions.Tree.the_user_clicks_try_here_button()&amp#27;[0m
  &amp#27;[32mThen &amp#27;[0m&amp#27;[32mThe user is redirected to a page having Editor and run button&amp#27;[0m &amp#27;[90m# StepDefinitions.Tree.the_user_is_redirected_to_a_page_having_editor_and_run_button()&amp#27;[0m
[INFO ] 2024-12-17 12:23:47.303 [TestNG-PoolService-1] Hooks - ======================  Test Execution is completed!! ======================
  &amp#27;[32mGiven &amp#27;[0m&amp#27;[32mThe user is on the Editor page of Terminologies page&amp#27;[0m                 &amp#27;[90m# StepDefinitions.Tree.the_user_is_on_the_Editor_page_of_terminologies_page()&amp#27;[0m
  &amp#27;[32mWhen &amp#27;[0m&amp#27;[32mThe user writes no code inside editor window and clicks on Run button&amp#27;[0m &amp#27;[90m# StepDefinitions.Tree.the_user_writes_no_code_inside_editor_window_and_clicks_on_run_button()&amp#27;[0m
  &amp#27;[32mThen &amp#27;[0m&amp#27;[32mNothing happens to the Editor page and no error message is displayed&amp#27;[0m  &amp#27;[90m# StepDefinitions.Tree.nothing_happens_to_the_editor_page_and_no_error_message_is_displayed()&amp#27;[0m
[INFO ] 2024-12-17 12:23:47.561 [TestNG-PoolService-3] Hooks - ======================  Test Execution is completed!! ======================
]]></system-out>
    <system-err><![CDATA[Dec 17, 2024 12:23:41 PM org.openqa.selenium.devtools.CdpVersionFinder findNearestMatch
WARNING: Unable to find an exact match for CDP version 131, returning the closest version; found: 130; Please update to a Selenium version that supports CDP version 131
Dec 17, 2024 12:23:42 PM org.openqa.selenium.devtools.CdpVersionFinder findNearestMatch
WARNING: Unable to find an exact match for CDP version 131, returning the closest version; found: 130; Please update to a Selenium version that supports CDP version 131
Dec 17, 2024 12:23:42 PM org.openqa.selenium.devtools.CdpVersionFinder findNearestMatch
WARNING: Unable to find an exact match for CDP version 131, returning the closest version; found: 130; Please update to a Selenium version that supports CDP version 131
]]></system-err>
  </testcase>
  <testcase name="runScenario[&quot;Terminologies&quot;, &quot;Tree&quot;](158)" classname="TestRunners.TestRunner" time="2.815">
    <system-out><![CDATA[
Scenario: Try Here Editor page with valid data                        &amp#27;[90m# src/test/resources/Features/Tree.feature:53&amp#27;[0m
  &amp#27;[32mGiven &amp#27;[0m&amp#27;[32mThe user is on the DS Introduction page as signedIn&amp#27;[0m          &amp#27;[90m# StepDefinitions.DSIntroductionDetails.the_user_is_on_the_ds_introduction_page_as_signed_in()&amp#27;[0m
  &amp#27;[32mAnd &amp#27;[0m&amp#27;[32mUser clicks on Get Started button from Tree panel&amp#27;[0m              &amp#27;[90m# StepDefinitions.Tree.user_clicks_on_get_started_button_from_tree_panel()&amp#27;[0m
  &amp#27;[32mGiven &amp#27;[0m&amp#27;[32mThe user is on the Terminologies page&amp#27;[0m                        &amp#27;[90m# StepDefinitions.Tree.the_user_is_on_the_terminologies_page()&amp#27;[0m
  &amp#27;[32mWhen &amp#27;[0m&amp#27;[32mThe user clicks Try Here button&amp#27;[0m                               &amp#27;[90m# StepDefinitions.Tree.the_user_clicks_try_here_button()&amp#27;[0m
  &amp#27;[32mThen &amp#27;[0m&amp#27;[32mThe user is redirected to a page having Editor and run button&amp#27;[0m &amp#27;[90m# StepDefinitions.Tree.the_user_is_redirected_to_a_page_having_editor_and_run_button()&amp#27;[0m
[INFO ] 2024-12-17 11:54:29.229 [TestNG-PoolService-2] Hooks - ======================  Test Execution is completed!! ======================
]]></system-out>
    <system-err><![CDATA[Dec 17, 2024 11:54:27 AM org.openqa.selenium.devtools.CdpVersionFinder findNearestMatch
WARNING: Unable to find an exact match for CDP version 131, returning the closest version; found: 130; Please update to a Selenium version that supports CDP version 131
Dec 17, 2024 11:54:28 AM org.openqa.selenium.devtools.CdpVersionFinder findNearestMatch
WARNING: Unable to find an exact match for CDP version 131, returning the closest version; found: 130; Please update to a Selenium version that supports CDP version 131
]]></system-err>
  </testcase>
  <testcase name="runScenario[&quot;Terminologies&quot;, &quot;Tree&quot;](158)" classname="TestRunners.TestRunner" time="0.671">
    <system-out><![CDATA[
Scenario: Try Here Editor page with valid data                        &amp#27;[90m# src/test/resources/Features/Tree.feature:53&amp#27;[0m
]]></system-out>
  </testcase>
  <testcase name="runScenario[&quot;Try Here Editor page with empty code&quot;, &quot;Tree&quot;](159)" classname="TestRunners.TestRunner" time="2.693">
    <failure message="element not interactable&#10;  (Session info: chrome=131.0.6778.140)&#10;Build info: version: &apos;4.26.0&apos;, revision: &apos;8ccf0219d7&apos;&#10;System info: os.name: &apos;Windows 11&apos;, os.arch: &apos;amd64&apos;, os.version: &apos;10.0&apos;, java.version: &apos;21.0.5&apos;&#10;Driver info: org.openqa.selenium.chrome.ChromeDriver&#10;Command: [182809368f1a9e1d04e0cebe758b64f5, sendKeysToElement {value=[Ljava.lang.CharSequence;@2fbc443f, id=f.410B60CC428ED4373E4CD67D045761D4.d.BAD70729DDE006E4034EA40C7A91AC83.e.50}]&#10;Capabilities {acceptInsecureCerts: false, browserName: chrome, browserVersion: 131.0.6778.140, chrome: {chromedriverVersion: 131.0.6778.108 (3b014839fbc..., userDataDir: C:\Users\vamsh\AppData\Loca...}, fedcm:accounts: true, goog:chromeOptions: {debuggerAddress: localhost:62813}, networkConnectionEnabled: false, pageLoadStrategy: normal, platformName: windows, proxy: Proxy(), se:cdp: ws://localhost:62813/devtoo..., se:cdpVersion: 131.0.6778.140, setWindowRect: true, strictFileInteractability: false, timeouts: {implicit: 0, pageLoad: 300000, script: 30000}, unhandledPromptBehavior: dismiss and notify, webauthn:extension:credBlob: true, webauthn:extension:largeBlob: true, webauthn:extension:minPinLength: true, webauthn:extension:prf: true, webauthn:virtualAuthenticators: true}&#10;Element: [[ChromeDriver: chrome on windows (182809368f1a9e1d04e0cebe758b64f5)] -&gt; css selector: .CodeMirror textarea]&#10;Session ID: 182809368f1a9e1d04e0cebe758b64f5" type="org.openqa.selenium.ElementNotInteractableException"><![CDATA[org.openqa.selenium.ElementNotInteractableException: 
element not interactable
  (Session info: chrome=131.0.6778.140)
Build info: version: '4.26.0', revision: '8ccf0219d7'
System info: os.name: 'Windows 11', os.arch: 'amd64', os.version: '10.0', java.version: '21.0.5'
Driver info: org.openqa.selenium.chrome.ChromeDriver
Command: [182809368f1a9e1d04e0cebe758b64f5, sendKeysToElement {value=[Ljava.lang.CharSequence;@2fbc443f, id=f.410B60CC428ED4373E4CD67D045761D4.d.BAD70729DDE006E4034EA40C7A91AC83.e.50}]
Capabilities {acceptInsecureCerts: false, browserName: chrome, browserVersion: 131.0.6778.140, chrome: {chromedriverVersion: 131.0.6778.108 (3b014839fbc..., userDataDir: C:\Users\vamsh\AppData\Loca...}, fedcm:accounts: true, goog:chromeOptions: {debuggerAddress: localhost:62813}, networkConnectionEnabled: false, pageLoadStrategy: normal, platformName: windows, proxy: Proxy(), se:cdp: ws://localhost:62813/devtoo..., se:cdpVersion: 131.0.6778.140, setWindowRect: true, strictFileInteractability: false, timeouts: {implicit: 0, pageLoad: 300000, script: 30000}, unhandledPromptBehavior: dismiss and notify, webauthn:extension:credBlob: true, webauthn:extension:largeBlob: true, webauthn:extension:minPinLength: true, webauthn:extension:prf: true, webauthn:virtualAuthenticators: true}
Element: [[ChromeDriver: chrome on windows (182809368f1a9e1d04e0cebe758b64f5)] -> css selector: .CodeMirror textarea]
Session ID: 182809368f1a9e1d04e0cebe758b64f5
]]></failure>
    <system-out><![CDATA[
Scenario: Try Here Editor page with invalid data                        &amp#27;[90m# src/test/resources/Features/Tree.feature:59&amp#27;[0m
  &amp#27;[32mGiven &amp#27;[0m&amp#27;[32mThe user is on the DS Introduction page as signedIn&amp#27;[0m                  &amp#27;[90m# StepDefinitions.DSIntroductionDetails.the_user_is_on_the_ds_introduction_page_as_signed_in()&amp#27;[0m
  &amp#27;[32mAnd &amp#27;[0m&amp#27;[32mUser clicks on Get Started button from Tree panel&amp#27;[0m                      &amp#27;[90m# StepDefinitions.Tree.user_clicks_on_get_started_button_from_tree_panel()&amp#27;[0m
  &amp#27;[32mGiven &amp#27;[0m&amp#27;[32mThe user is on the DS Introduction page as signedIn&amp#27;[0m           &amp#27;[90m# StepDefinitions.DSIntroductionDetails.the_user_is_on_the_ds_introduction_page_as_signed_in()&amp#27;[0m
  &amp#27;[32mGiven &amp#27;[0m&amp#27;[32mThe user is on the Editor page of Terminologies page&amp#27;[0m                 &amp#27;[90m# StepDefinitions.Tree.the_user_is_on_the_Editor_page_of_terminologies_page()&amp#27;[0m
  &amp#27;[31mWhen &amp#27;[0m&amp#27;[31mThe user writes no code inside editor window and clicks on Run button&amp#27;[0m &amp#27;[90m# StepDefinitions.Tree.the_user_writes_no_code_inside_editor_window_and_clicks_on_run_button()&amp#27;[0m
      &amp#27;[31morg.openqa.selenium.ElementNotInteractableException: element not interactable
  (Session info: chrome=131.0.6778.140)
Build info: version: '4.26.0', revision: '8ccf0219d7'
System info: os.name: 'Windows 11', os.arch: 'amd64', os.version: '10.0', java.version: '21.0.5'
Driver info: org.openqa.selenium.chrome.ChromeDriver
Command: [182809368f1a9e1d04e0cebe758b64f5, sendKeysToElement {value=[Ljava.lang.CharSequence;@2fbc443f, id=f.410B60CC428ED4373E4CD67D045761D4.d.BAD70729DDE006E4034EA40C7A91AC83.e.50}]
Capabilities {acceptInsecureCerts: false, browserName: chrome, browserVersion: 131.0.6778.140, chrome: {chromedriverVersion: 131.0.6778.108 (3b014839fbc..., userDataDir: C:\Users\vamsh\AppData\Loca...}, fedcm:accounts: true, goog:chromeOptions: {debuggerAddress: localhost:62813}, networkConnectionEnabled: false, pageLoadStrategy: normal, platformName: windows, proxy: Proxy(), se:cdp: ws://localhost:62813/devtoo..., se:cdpVersion: 131.0.6778.140, setWindowRect: true, strictFileInteractability: false, timeouts: {implicit: 0, pageLoad: 300000, script: 30000}, unhandledPromptBehavior: dismiss and notify, webauthn:extension:credBlob: true, webauthn:extension:largeBlob: true, webauthn:extension:minPinLength: true, webauthn:extension:prf: true, webauthn:virtualAuthenticators: true}
Element: [[ChromeDriver: chrome on windows (182809368f1a9e1d04e0cebe758b64f5)] -> css selector: .CodeMirror textarea]
Session ID: 182809368f1a9e1d04e0cebe758b64f5
	at java.base/jdk.internal.reflect.DirectConstructorHandleAccessor.newInstance(DirectConstructorHandleAccessor.java:62)
	at java.base/java.lang.reflect.Constructor.newInstanceWithCaller(Constructor.java:502)
	at java.base/java.lang.reflect.Constructor.newInstance(Constructor.java:486)
	at org.openqa.selenium.remote.ErrorCodec.decode(ErrorCodec.java:167)
	at org.openqa.selenium.remote.codec.w3c.W3CHttpResponseCodec.decode(W3CHttpResponseCodec.java:138)
	at org.openqa.selenium.remote.codec.w3c.W3CHttpResponseCodec.decode(W3CHttpResponseCodec.java:50)
	at org.openqa.selenium.remote.HttpCommandExecutor.execute(HttpCommandExecutor.java:190)
	at org.openqa.selenium.remote.service.DriverCommandExecutor.invokeExecute(DriverCommandExecutor.java:216)
	at org.openqa.selenium.remote.service.DriverCommandExecutor.execute(DriverCommandExecutor.java:174)
	at org.openqa.selenium.remote.RemoteWebDriver.execute(RemoteWebDriver.java:545)
	at org.openqa.selenium.remote.RemoteWebElement.execute(RemoteWebElement.java:223)
	at org.openqa.selenium.remote.RemoteWebElement.sendKeys(RemoteWebElement.java:110)
	at PageObjects.TreePage.writeInTryEditorWindow(TreePage.java:251)
	at StepDefinitions.Tree.the_user_writes_no_code_inside_editor_window_and_clicks_on_run_button(Tree.java:80)
	at ✽.The user writes no code inside editor window and clicks on Run button(file:///C:/Projects/newFolder-3/Repo1/src/test/resources/Features/Tree.feature:50)
&amp#27;[0m
  &amp#27;[36mThen &amp#27;[0m&amp#27;[36mNothing happens to the Editor page and no error message is displayed&amp#27;[0m  &amp#27;[90m# StepDefinitions.Tree.nothing_happens_to_the_editor_page_and_no_error_message_is_displayed()&amp#27;[0m
[ERROR] 2024-12-17 11:54:31.875 [TestNG-PoolService-1] Hooks - ======================  TEST CASE FAILED !! ======================
  &amp#27;[32mAnd &amp#27;[0m&amp#27;[32mUser clicks on Get Started button from Tree panel&amp#27;[0m               &amp#27;[90m# StepDefinitions.Tree.user_clicks_on_get_started_button_from_tree_panel()&amp#27;[0m

    Embedding screenshot [image/png 7853 bytes]

[INFO ] 2024-12-17 11:54:32.036 [TestNG-PoolService-1] Hooks - ======================  Screenshot is captured  ======================
[INFO ] 2024-12-17 11:54:32.039 [TestNG-PoolService-1] Hooks - ======================  Test Execution is completed!! ======================
]]></system-out>
    <system-err><![CDATA[Dec 17, 2024 11:54:31 AM org.openqa.selenium.devtools.CdpVersionFinder findNearestMatch
WARNING: Unable to find an exact match for CDP version 131, returning the closest version; found: 130; Please update to a Selenium version that supports CDP version 131
]]></system-err>
  </testcase>
  <testcase name="runScenario[&quot;Try Here Editor page with empty code&quot;, &quot;Tree&quot;](159)" classname="TestRunners.TestRunner" time="0.356">
    <system-out><![CDATA[
Scenario: Try Here Editor page with invalid data                        &amp#27;[90m# src/test/resources/Features/Tree.feature:59&amp#27;[0m
]]></system-out>
  </testcase>
  <testcase name="runScenario[&quot;Try Here Editor page with valid data&quot;, &quot;Tree&quot;](160)" classname="TestRunners.TestRunner" time="1.775">
    <failure message="element not interactable&#10;  (Session info: chrome=131.0.6778.140)&#10;Build info: version: &apos;4.26.0&apos;, revision: &apos;8ccf0219d7&apos;&#10;System info: os.name: &apos;Windows 11&apos;, os.arch: &apos;amd64&apos;, os.version: &apos;10.0&apos;, java.version: &apos;21.0.5&apos;&#10;Driver info: org.openqa.selenium.chrome.ChromeDriver&#10;Command: [586aab1d2a4ffbf8b133668921d7d3ad, sendKeysToElement {value=[Ljava.lang.CharSequence;@6bee5a0b, id=f.B88513B726B3DE0DFD647A8F1B984577.d.DF10395D3B64F7311C5477E748F650C2.e.56}]&#10;Capabilities {acceptInsecureCerts: false, browserName: chrome, browserVersion: 131.0.6778.140, chrome: {chromedriverVersion: 131.0.6778.108 (3b014839fbc..., userDataDir: C:\Users\vamsh\AppData\Loca...}, fedcm:accounts: true, goog:chromeOptions: {debuggerAddress: localhost:62840}, networkConnectionEnabled: false, pageLoadStrategy: normal, platformName: windows, proxy: Proxy(), se:cdp: ws://localhost:62840/devtoo..., se:cdpVersion: 131.0.6778.140, setWindowRect: true, strictFileInteractability: false, timeouts: {implicit: 0, pageLoad: 300000, script: 30000}, unhandledPromptBehavior: dismiss and notify, webauthn:extension:credBlob: true, webauthn:extension:largeBlob: true, webauthn:extension:minPinLength: true, webauthn:extension:prf: true, webauthn:virtualAuthenticators: true}&#10;Element: [[ChromeDriver: chrome on windows (586aab1d2a4ffbf8b133668921d7d3ad)] -&gt; css selector: .CodeMirror textarea]&#10;Session ID: 586aab1d2a4ffbf8b133668921d7d3ad" type="org.openqa.selenium.ElementNotInteractableException"><![CDATA[org.openqa.selenium.ElementNotInteractableException: 
element not interactable
  (Session info: chrome=131.0.6778.140)
Build info: version: '4.26.0', revision: '8ccf0219d7'
System info: os.name: 'Windows 11', os.arch: 'amd64', os.version: '10.0', java.version: '21.0.5'
Driver info: org.openqa.selenium.chrome.ChromeDriver
Command: [586aab1d2a4ffbf8b133668921d7d3ad, sendKeysToElement {value=[Ljava.lang.CharSequence;@6bee5a0b, id=f.B88513B726B3DE0DFD647A8F1B984577.d.DF10395D3B64F7311C5477E748F650C2.e.56}]
Capabilities {acceptInsecureCerts: false, browserName: chrome, browserVersion: 131.0.6778.140, chrome: {chromedriverVersion: 131.0.6778.108 (3b014839fbc..., userDataDir: C:\Users\vamsh\AppData\Loca...}, fedcm:accounts: true, goog:chromeOptions: {debuggerAddress: localhost:62840}, networkConnectionEnabled: false, pageLoadStrategy: normal, platformName: windows, proxy: Proxy(), se:cdp: ws://localhost:62840/devtoo..., se:cdpVersion: 131.0.6778.140, setWindowRect: true, strictFileInteractability: false, timeouts: {implicit: 0, pageLoad: 300000, script: 30000}, unhandledPromptBehavior: dismiss and notify, webauthn:extension:credBlob: true, webauthn:extension:largeBlob: true, webauthn:extension:minPinLength: true, webauthn:extension:prf: true, webauthn:virtualAuthenticators: true}
Element: [[ChromeDriver: chrome on windows (586aab1d2a4ffbf8b133668921d7d3ad)] -> css selector: .CodeMirror textarea]
Session ID: 586aab1d2a4ffbf8b133668921d7d3ad
]]></failure>
    <system-out><![CDATA[
Scenario: Terminologies                                           &amp#27;[90m# src/test/resources/Features/Tree.feature:65&amp#27;[0m
  &amp#27;[32mGiven &amp#27;[0m&amp#27;[32mThe user is on the Editor page of Terminologies page&amp#27;[0m          &amp#27;[90m# StepDefinitions.Tree.the_user_is_on_the_Editor_page_of_terminologies_page()&amp#27;[0m
  &amp#27;[31mWhen &amp#27;[0m&amp#27;[31mThe user writes the valid python code and clicks on Run button&amp#27;[0m &amp#27;[90m# StepDefinitions.Tree.the_user_writes_the_valid_python_code_and_clicks_on_run_button()&amp#27;[0m
      &amp#27;[31morg.openqa.selenium.ElementNotInteractableException: element not interactable
  (Session info: chrome=131.0.6778.140)
Build info: version: '4.26.0', revision: '8ccf0219d7'
System info: os.name: 'Windows 11', os.arch: 'amd64', os.version: '10.0', java.version: '21.0.5'
Driver info: org.openqa.selenium.chrome.ChromeDriver
Command: [586aab1d2a4ffbf8b133668921d7d3ad, sendKeysToElement {value=[Ljava.lang.CharSequence;@6bee5a0b, id=f.B88513B726B3DE0DFD647A8F1B984577.d.DF10395D3B64F7311C5477E748F650C2.e.56}]
Capabilities {acceptInsecureCerts: false, browserName: chrome, browserVersion: 131.0.6778.140, chrome: {chromedriverVersion: 131.0.6778.108 (3b014839fbc..., userDataDir: C:\Users\vamsh\AppData\Loca...}, fedcm:accounts: true, goog:chromeOptions: {debuggerAddress: localhost:62840}, networkConnectionEnabled: false, pageLoadStrategy: normal, platformName: windows, proxy: Proxy(), se:cdp: ws://localhost:62840/devtoo..., se:cdpVersion: 131.0.6778.140, setWindowRect: true, strictFileInteractability: false, timeouts: {implicit: 0, pageLoad: 300000, script: 30000}, unhandledPromptBehavior: dismiss and notify, webauthn:extension:credBlob: true, webauthn:extension:largeBlob: true, webauthn:extension:minPinLength: true, webauthn:extension:prf: true, webauthn:virtualAuthenticators: true}
Element: [[ChromeDriver: chrome on windows (586aab1d2a4ffbf8b133668921d7d3ad)] -> css selector: .CodeMirror textarea]
Session ID: 586aab1d2a4ffbf8b133668921d7d3ad
	at java.base/jdk.internal.reflect.DirectConstructorHandleAccessor.newInstance(DirectConstructorHandleAccessor.java:62)
	at java.base/java.lang.reflect.Constructor.newInstanceWithCaller(Constructor.java:502)
	at java.base/java.lang.reflect.Constructor.newInstance(Constructor.java:486)
	at org.openqa.selenium.remote.ErrorCodec.decode(ErrorCodec.java:167)
	at org.openqa.selenium.remote.codec.w3c.W3CHttpResponseCodec.decode(W3CHttpResponseCodec.java:138)
	at org.openqa.selenium.remote.codec.w3c.W3CHttpResponseCodec.decode(W3CHttpResponseCodec.java:50)
	at org.openqa.selenium.remote.HttpCommandExecutor.execute(HttpCommandExecutor.java:190)
	at org.openqa.selenium.remote.service.DriverCommandExecutor.invokeExecute(DriverCommandExecutor.java:216)
	at org.openqa.selenium.remote.service.DriverCommandExecutor.execute(DriverCommandExecutor.java:174)
	at org.openqa.selenium.remote.RemoteWebDriver.execute(RemoteWebDriver.java:545)
	at org.openqa.selenium.remote.RemoteWebElement.execute(RemoteWebElement.java:223)
	at org.openqa.selenium.remote.RemoteWebElement.sendKeys(RemoteWebElement.java:110)
	at PageObjects.TreePage.writeInTryEditorWindow(TreePage.java:251)
	at StepDefinitions.Tree.the_user_writes_the_valid_python_code_and_clicks_on_run_button(Tree.java:93)
	at ✽.The user writes the valid python code and clicks on Run button(file:///C:/Projects/newFolder-3/Repo1/src/test/resources/Features/Tree.feature:56)
&amp#27;[0m
  &amp#27;[36mThen &amp#27;[0m&amp#27;[36mThe user is able to see the output inside the console.&amp#27;[0m         &amp#27;[90m# StepDefinitions.Tree.the_user_is_able_to_see_the_output_inside_the_console()&amp#27;[0m
[ERROR] 2024-12-17 11:54:33.191 [TestNG-PoolService-3] Hooks - ======================  TEST CASE FAILED !! ======================

    Embedding screenshot [image/png 7853 bytes]

[INFO ] 2024-12-17 11:54:33.465 [TestNG-PoolService-3] Hooks - ======================  Screenshot is captured  ======================
[INFO ] 2024-12-17 11:54:33.480 [TestNG-PoolService-3] Hooks - ======================  Test Execution is completed!! ======================
  &amp#27;[32mGiven &amp#27;[0m&amp#27;[32mThe user is on the DS Introduction page as signedIn&amp#27;[0m             &amp#27;[90m# StepDefinitions.DSIntroductionDetails.the_user_is_on_the_ds_introduction_page_as_signed_in()&amp#27;[0m
]]></system-out>
    <system-err><![CDATA[Dec 17, 2024 11:54:33 AM org.openqa.selenium.devtools.CdpVersionFinder findNearestMatch
WARNING: Unable to find an exact match for CDP version 131, returning the closest version; found: 130; Please update to a Selenium version that supports CDP version 131
]]></system-err>
  </testcase>
  <testcase name="runScenario[&quot;Try Here Editor page with valid data&quot;, &quot;Tree&quot;](160)" classname="TestRunners.TestRunner" time="2.15">
    <failure message="expected [hello] but found []" type="java.lang.AssertionError"><![CDATA[java.lang.AssertionError: expected [hello] but found []
]]></failure>
    <system-out><![CDATA[
Scenario: Terminologies                                           &amp#27;[90m# src/test/resources/Features/Tree.feature:65&amp#27;[0m
  &amp#27;[32mWhen &amp#27;[0m&amp#27;[32mThe user writes the valid python code and clicks on Run button&amp#27;[0m &amp#27;[90m# StepDefinitions.Tree.the_user_writes_the_valid_python_code_and_clicks_on_run_button()&amp#27;[0m
  &amp#27;[31mThen &amp#27;[0m&amp#27;[31mThe user is able to see the output inside the console.&amp#27;[0m         &amp#27;[90m# StepDefinitions.Tree.the_user_is_able_to_see_the_output_inside_the_console()&amp#27;[0m
      &amp#27;[31mjava.lang.AssertionError: expected [hello] but found []
	at org.testng.Assert.fail(Assert.java:111)
	at org.testng.Assert.failNotEquals(Assert.java:1578)
	at org.testng.Assert.assertEqualsImpl(Assert.java:150)
	at org.testng.Assert.assertEquals(Assert.java:132)
	at org.testng.Assert.assertEquals(Assert.java:656)
	at org.testng.Assert.assertEquals(Assert.java:666)
	at StepDefinitions.Tree.the_user_is_able_to_see_the_output_inside_the_console(Tree.java:101)
	at ✽.The user is able to see the output inside the console.(file:///C:/Projects/newFolder-3/Repo1/src/test/resources/Features/Tree.feature:29)
&amp#27;[0m
[ERROR] 2024-12-17 12:09:53.491 [TestNG-PoolService-1] Hooks - ======================  TEST CASE FAILED !! ======================

    Embedding screenshot [image/png 37860 bytes]

[INFO ] 2024-12-17 12:09:53.553 [TestNG-PoolService-1] Hooks - ======================  Screenshot is captured  ======================
[INFO ] 2024-12-17 12:09:53.553 [TestNG-PoolService-1] Hooks - ======================  Test Execution is completed!! ======================
]]></system-out>
  </testcase>
  <testcase name="runScenario[&quot;Try Here Editor page with valid data&quot;, &quot;Tree&quot;](160)" classname="TestRunners.TestRunner" time="8.301">
    <failure message="element not interactable&#10;  (Session info: MicrosoftEdge=131.0.2903.99)&#10;Build info: version: &apos;4.26.0&apos;, revision: &apos;8ccf0219d7&apos;&#10;System info: os.name: &apos;Windows 11&apos;, os.arch: &apos;amd64&apos;, os.version: &apos;10.0&apos;, java.version: &apos;21.0.5&apos;&#10;Driver info: org.openqa.selenium.edge.EdgeDriver&#10;Command: [431961972c8824de43f93b20a156f411, sendKeysToElement {value=[Ljava.lang.CharSequence;@3a54da32, id=f.A0FD448AA158282C6DE55AD7F6540AF5.d.C3E929FAAFE6AF63007D959F9412F81A.e.36}]&#10;Capabilities {acceptInsecureCerts: false, browserName: MicrosoftEdge, browserVersion: 131.0.2903.99, fedcm:accounts: true, ms:edgeOptions: {debuggerAddress: localhost:58965}, msedge: {msedgedriverVersion: 131.0.2903.99 (f96a870b1316..., userDataDir: C:\Users\vamsh\AppData\Loca...}, networkConnectionEnabled: false, pageLoadStrategy: normal, platformName: windows, proxy: Proxy(), se:cdp: ws://localhost:58965/devtoo..., se:cdpVersion: 131.0.2903.99, setWindowRect: true, strictFileInteractability: false, timeouts: {implicit: 0, pageLoad: 300000, script: 30000}, unhandledPromptBehavior: dismiss and notify, webauthn:extension:credBlob: true, webauthn:extension:largeBlob: true, webauthn:extension:minPinLength: true, webauthn:extension:prf: true, webauthn:virtualAuthenticators: true}&#10;Element: [[EdgeDriver: MicrosoftEdge on windows (431961972c8824de43f93b20a156f411)] -&gt; css selector: .CodeMirror textarea]&#10;Session ID: 431961972c8824de43f93b20a156f411" type="org.openqa.selenium.ElementNotInteractableException"><![CDATA[org.openqa.selenium.ElementNotInteractableException: 
element not interactable
  (Session info: MicrosoftEdge=131.0.2903.99)
Build info: version: '4.26.0', revision: '8ccf0219d7'
System info: os.name: 'Windows 11', os.arch: 'amd64', os.version: '10.0', java.version: '21.0.5'
Driver info: org.openqa.selenium.edge.EdgeDriver
Command: [431961972c8824de43f93b20a156f411, sendKeysToElement {value=[Ljava.lang.CharSequence;@3a54da32, id=f.A0FD448AA158282C6DE55AD7F6540AF5.d.C3E929FAAFE6AF63007D959F9412F81A.e.36}]
Capabilities {acceptInsecureCerts: false, browserName: MicrosoftEdge, browserVersion: 131.0.2903.99, fedcm:accounts: true, ms:edgeOptions: {debuggerAddress: localhost:58965}, msedge: {msedgedriverVersion: 131.0.2903.99 (f96a870b1316..., userDataDir: C:\Users\vamsh\AppData\Loca...}, networkConnectionEnabled: false, pageLoadStrategy: normal, platformName: windows, proxy: Proxy(), se:cdp: ws://localhost:58965/devtoo..., se:cdpVersion: 131.0.2903.99, setWindowRect: true, strictFileInteractability: false, timeouts: {implicit: 0, pageLoad: 300000, script: 30000}, unhandledPromptBehavior: dismiss and notify, webauthn:extension:credBlob: true, webauthn:extension:largeBlob: true, webauthn:extension:minPinLength: true, webauthn:extension:prf: true, webauthn:virtualAuthenticators: true}
Element: [[EdgeDriver: MicrosoftEdge on windows (431961972c8824de43f93b20a156f411)] -> css selector: .CodeMirror textarea]
Session ID: 431961972c8824de43f93b20a156f411
]]></failure>
    <system-out><![CDATA[
Scenario: Terminologies                                           &amp#27;[90m# src/test/resources/Features/Tree.feature:65&amp#27;[0m
  &amp#27;[32mGiven &amp#27;[0m&amp#27;[32mThe user is on the DS Introduction page as signedIn&amp#27;[0m           &amp#27;[90m# StepDefinitions.DSIntroductionDetails.the_user_is_on_the_ds_introduction_page_as_signed_in()&amp#27;[0m
  &amp#27;[32mAnd &amp#27;[0m&amp#27;[32mUser clicks on Get Started button from Tree panel&amp#27;[0m               &amp#27;[90m# StepDefinitions.Tree.user_clicks_on_get_started_button_from_tree_panel()&amp#27;[0m
  &amp#27;[32mGiven &amp#27;[0m&amp#27;[32mThe user is on the DS Introduction page as signedIn&amp#27;[0m             &amp#27;[90m# StepDefinitions.DSIntroductionDetails.the_user_is_on_the_ds_introduction_page_as_signed_in()&amp#27;[0m
  &amp#27;[32mAnd &amp#27;[0m&amp#27;[32mUser clicks on Get Started button from Tree panel&amp#27;[0m                 &amp#27;[90m# StepDefinitions.Tree.user_clicks_on_get_started_button_from_tree_panel()&amp#27;[0m
  &amp#27;[32mGiven &amp#27;[0m&amp#27;[32mThe user is on the DS Introduction page as signedIn&amp#27;[0m       &amp#27;[90m# StepDefinitions.DSIntroductionDetails.the_user_is_on_the_ds_introduction_page_as_signed_in()&amp#27;[0m
  &amp#27;[32mAnd &amp#27;[0m&amp#27;[32mUser clicks on Get Started button from Tree panel&amp#27;[0m           &amp#27;[90m# StepDefinitions.Tree.user_clicks_on_get_started_button_from_tree_panel()&amp#27;[0m
  &amp#27;[32mGiven &amp#27;[0m&amp#27;[32mThe user is on the Editor page of Terminologies page&amp#27;[0m          &amp#27;[90m# StepDefinitions.Tree.the_user_is_on_the_Editor_page_of_terminologies_page()&amp#27;[0m
  &amp#27;[31mWhen &amp#27;[0m&amp#27;[31mThe user writes the valid python code and clicks on Run button&amp#27;[0m &amp#27;[90m# StepDefinitions.Tree.the_user_writes_the_valid_python_code_and_clicks_on_run_button()&amp#27;[0m
      &amp#27;[31morg.openqa.selenium.ElementNotInteractableException: element not interactable
  (Session info: MicrosoftEdge=131.0.2903.99)
Build info: version: '4.26.0', revision: '8ccf0219d7'
System info: os.name: 'Windows 11', os.arch: 'amd64', os.version: '10.0', java.version: '21.0.5'
Driver info: org.openqa.selenium.edge.EdgeDriver
Command: [431961972c8824de43f93b20a156f411, sendKeysToElement {value=[Ljava.lang.CharSequence;@3a54da32, id=f.A0FD448AA158282C6DE55AD7F6540AF5.d.C3E929FAAFE6AF63007D959F9412F81A.e.36}]
Capabilities {acceptInsecureCerts: false, browserName: MicrosoftEdge, browserVersion: 131.0.2903.99, fedcm:accounts: true, ms:edgeOptions: {debuggerAddress: localhost:58965}, msedge: {msedgedriverVersion: 131.0.2903.99 (f96a870b1316..., userDataDir: C:\Users\vamsh\AppData\Loca...}, networkConnectionEnabled: false, pageLoadStrategy: normal, platformName: windows, proxy: Proxy(), se:cdp: ws://localhost:58965/devtoo..., se:cdpVersion: 131.0.2903.99, setWindowRect: true, strictFileInteractability: false, timeouts: {implicit: 0, pageLoad: 300000, script: 30000}, unhandledPromptBehavior: dismiss and notify, webauthn:extension:credBlob: true, webauthn:extension:largeBlob: true, webauthn:extension:minPinLength: true, webauthn:extension:prf: true, webauthn:virtualAuthenticators: true}
Element: [[EdgeDriver: MicrosoftEdge on windows (431961972c8824de43f93b20a156f411)] -> css selector: .CodeMirror textarea]
Session ID: 431961972c8824de43f93b20a156f411
	at java.base/jdk.internal.reflect.DirectConstructorHandleAccessor.newInstance(DirectConstructorHandleAccessor.java:62)
	at java.base/java.lang.reflect.Constructor.newInstanceWithCaller(Constructor.java:502)
	at java.base/java.lang.reflect.Constructor.newInstance(Constructor.java:486)
	at org.openqa.selenium.remote.ErrorCodec.decode(ErrorCodec.java:167)
	at org.openqa.selenium.remote.codec.w3c.W3CHttpResponseCodec.decode(W3CHttpResponseCodec.java:138)
	at org.openqa.selenium.remote.codec.w3c.W3CHttpResponseCodec.decode(W3CHttpResponseCodec.java:50)
	at org.openqa.selenium.remote.HttpCommandExecutor.execute(HttpCommandExecutor.java:190)
	at org.openqa.selenium.remote.service.DriverCommandExecutor.invokeExecute(DriverCommandExecutor.java:216)
	at org.openqa.selenium.remote.service.DriverCommandExecutor.execute(DriverCommandExecutor.java:174)
	at org.openqa.selenium.remote.RemoteWebDriver.execute(RemoteWebDriver.java:545)
	at org.openqa.selenium.remote.RemoteWebElement.execute(RemoteWebElement.java:223)
	at org.openqa.selenium.remote.RemoteWebElement.sendKeys(RemoteWebElement.java:110)
	at PageObjects.TreePage.writeInTryEditorWindow(TreePage.java:251)
	at StepDefinitions.Tree.the_user_writes_the_valid_python_code_and_clicks_on_run_button(Tree.java:93)
	at ✽.The user writes the valid python code and clicks on Run button(file:///C:/Projects/newFolder-3/Repo1/src/test/resources/Features/Tree.feature:56)
&amp#27;[0m
  &amp#27;[36mThen &amp#27;[0m&amp#27;[36mThe user is able to see the output inside the console.&amp#27;[0m         &amp#27;[90m# StepDefinitions.Tree.the_user_is_able_to_see_the_output_inside_the_console()&amp#27;[0m
[ERROR] 2024-12-17 12:23:55.684 [TestNG-PoolService-2] Hooks - ======================  TEST CASE FAILED !! ======================

    Embedding screenshot [image/png 7890 bytes]

  &amp#27;[32mGiven &amp#27;[0m&amp#27;[32mThe user is on the Terminologies page&amp#27;[0m                     &amp#27;[90m# StepDefinitions.Tree.the_user_is_on_the_terminologies_page()&amp#27;[0m
[INFO ] 2024-12-17 12:23:55.839 [TestNG-PoolService-2] Hooks - ======================  Screenshot is captured  ======================
[INFO ] 2024-12-17 12:23:55.839 [TestNG-PoolService-2] Hooks - ======================  Test Execution is completed!! ======================
  &amp#27;[32mGiven &amp#27;[0m&amp#27;[32mThe user is on the Editor page of Terminologies page&amp#27;[0m            &amp#27;[90m# StepDefinitions.Tree.the_user_is_on_the_Editor_page_of_terminologies_page()&amp#27;[0m
  &amp#27;[31mWhen &amp#27;[0m&amp#27;[31mThe user writes the invalid python code and clicks on Run button&amp#27;[0m &amp#27;[90m# StepDefinitions.Tree.the_user_writes_the_invalid_python_code_and_clicks_on_run_button()&amp#27;[0m
      &amp#27;[31morg.openqa.selenium.ElementNotInteractableException: element not interactable
  (Session info: MicrosoftEdge=131.0.2903.99)
Build info: version: '4.26.0', revision: '8ccf0219d7'
System info: os.name: 'Windows 11', os.arch: 'amd64', os.version: '10.0', java.version: '21.0.5'
Driver info: org.openqa.selenium.edge.EdgeDriver
Command: [d0b1e9bc282f9e5a00546764e3c59803, sendKeysToElement {value=[Ljava.lang.CharSequence;@248a4704, id=f.A64D3BE8BA8E14F329C5344A4BDA2707.d.E0220C30CFA02F79D0A8B848727730CE.e.36}]
Capabilities {acceptInsecureCerts: false, browserName: MicrosoftEdge, browserVersion: 131.0.2903.99, fedcm:accounts: true, ms:edgeOptions: {debuggerAddress: localhost:58988}, msedge: {msedgedriverVersion: 131.0.2903.99 (f96a870b1316..., userDataDir: C:\Users\vamsh\AppData\Loca...}, networkConnectionEnabled: false, pageLoadStrategy: normal, platformName: windows, proxy: Proxy(), se:cdp: ws://localhost:58988/devtoo..., se:cdpVersion: 131.0.2903.99, setWindowRect: true, strictFileInteractability: false, timeouts: {implicit: 0, pageLoad: 300000, script: 30000}, unhandledPromptBehavior: dismiss and notify, webauthn:extension:credBlob: true, webauthn:extension:largeBlob: true, webauthn:extension:minPinLength: true, webauthn:extension:prf: true, webauthn:virtualAuthenticators: true}
Element: [[EdgeDriver: MicrosoftEdge on windows (d0b1e9bc282f9e5a00546764e3c59803)] -> css selector: .CodeMirror textarea]
Session ID: d0b1e9bc282f9e5a00546764e3c59803
	at java.base/jdk.internal.reflect.DirectConstructorHandleAccessor.newInstance(DirectConstructorHandleAccessor.java:62)
	at java.base/java.lang.reflect.Constructor.newInstanceWithCaller(Constructor.java:502)
	at java.base/java.lang.reflect.Constructor.newInstance(Constructor.java:486)
	at org.openqa.selenium.remote.ErrorCodec.decode(ErrorCodec.java:167)
	at org.openqa.selenium.remote.codec.w3c.W3CHttpResponseCodec.decode(W3CHttpResponseCodec.java:138)
	at org.openqa.selenium.remote.codec.w3c.W3CHttpResponseCodec.decode(W3CHttpResponseCodec.java:50)
	at org.openqa.selenium.remote.HttpCommandExecutor.execute(HttpCommandExecutor.java:190)
	at org.openqa.selenium.remote.service.DriverCommandExecutor.invokeExecute(DriverCommandExecutor.java:216)
	at org.openqa.selenium.remote.service.DriverCommandExecutor.execute(DriverCommandExecutor.java:174)
	at org.openqa.selenium.remote.RemoteWebDriver.execute(RemoteWebDriver.java:545)
	at org.openqa.selenium.remote.RemoteWebElement.execute(RemoteWebElement.java:223)
	at org.openqa.selenium.remote.RemoteWebElement.sendKeys(RemoteWebElement.java:110)
	at PageObjects.TreePage.writeInTryEditorWindow(TreePage.java:251)
	at StepDefinitions.Tree.the_user_writes_the_invalid_python_code_and_clicks_on_run_button(Tree.java:106)
	at ✽.The user writes the invalid python code and clicks on Run button(file:///C:/Projects/newFolder-3/Repo1/src/test/resources/Features/Tree.feature:62)
&amp#27;[0m
  &amp#27;[36mThen &amp#27;[0m&amp#27;[36mThe user see error msg in alert window&amp#27;[0m                           &amp#27;[90m# StepDefinitions.Tree.the_user_see_error_msg_in_alert_window()&amp#27;[0m
[ERROR] 2024-12-17 12:23:56.121 [TestNG-PoolService-1] Hooks - ======================  TEST CASE FAILED !! ======================
  &amp#27;[32mWhen &amp#27;[0m&amp#27;[32mThe user clicks Types of Trees link from TerminologiesPage&amp#27;[0m &amp#27;[90m# StepDefinitions.Tree.the_user_clicks_types_of_trees_link_from_TerminologiesPage()&amp#27;[0m
  &amp#27;[32mThen &amp#27;[0m&amp#27;[32mThe user is redirected to Types of Trees page.&amp#27;[0m             &amp#27;[90m# StepDefinitions.Tree.the_user_is_redirected_to_types_of_trees_page()&amp#27;[0m
[INFO ] 2024-12-17 12:23:56.187 [TestNG-PoolService-3] Hooks - ======================  Test Execution is completed!! ======================

    Embedding screenshot [image/png 7890 bytes]

[INFO ] 2024-12-17 12:23:56.330 [TestNG-PoolService-1] Hooks - ======================  Screenshot is captured  ======================
[INFO ] 2024-12-17 12:23:56.332 [TestNG-PoolService-1] Hooks - ======================  Test Execution is completed!! ======================
]]></system-out>
    <system-err><![CDATA[Dec 17, 2024 12:23:50 PM org.openqa.selenium.devtools.CdpVersionFinder findNearestMatch
WARNING: Unable to find an exact match for CDP version 131, returning the closest version; found: 130; Please update to a Selenium version that supports CDP version 131
Dec 17, 2024 12:23:51 PM org.openqa.selenium.devtools.CdpVersionFinder findNearestMatch
WARNING: Unable to find an exact match for CDP version 131, returning the closest version; found: 130; Please update to a Selenium version that supports CDP version 131
Dec 17, 2024 12:23:52 PM org.openqa.selenium.devtools.CdpVersionFinder findNearestMatch
WARNING: Unable to find an exact match for CDP version 131, returning the closest version; found: 130; Please update to a Selenium version that supports CDP version 131
]]></system-err>
  </testcase>
  <testcase name="runScenario[&quot;Try Here Editor page with invalid data&quot;, &quot;Tree&quot;](161)" classname="TestRunners.TestRunner" time="2.345">
    <failure message="element not interactable&#10;  (Session info: chrome=131.0.6778.140)&#10;Build info: version: &apos;4.26.0&apos;, revision: &apos;8ccf0219d7&apos;&#10;System info: os.name: &apos;Windows 11&apos;, os.arch: &apos;amd64&apos;, os.version: &apos;10.0&apos;, java.version: &apos;21.0.5&apos;&#10;Driver info: org.openqa.selenium.chrome.ChromeDriver&#10;Command: [938ea06f46dd751dbefbc58e094f0fc8, sendKeysToElement {value=[Ljava.lang.CharSequence;@18507ba5, id=f.1664E4C5D3D9128D9552B26E923D11A9.d.D7D94AC9E09FB4B141E9E947393F1847.e.57}]&#10;Capabilities {acceptInsecureCerts: false, browserName: chrome, browserVersion: 131.0.6778.140, chrome: {chromedriverVersion: 131.0.6778.108 (3b014839fbc..., userDataDir: C:\Users\vamsh\AppData\Loca...}, fedcm:accounts: true, goog:chromeOptions: {debuggerAddress: localhost:62907}, networkConnectionEnabled: false, pageLoadStrategy: normal, platformName: windows, proxy: Proxy(), se:cdp: ws://localhost:62907/devtoo..., se:cdpVersion: 131.0.6778.140, setWindowRect: true, strictFileInteractability: false, timeouts: {implicit: 0, pageLoad: 300000, script: 30000}, unhandledPromptBehavior: dismiss and notify, webauthn:extension:credBlob: true, webauthn:extension:largeBlob: true, webauthn:extension:minPinLength: true, webauthn:extension:prf: true, webauthn:virtualAuthenticators: true}&#10;Element: [[ChromeDriver: chrome on windows (938ea06f46dd751dbefbc58e094f0fc8)] -&gt; css selector: .CodeMirror textarea]&#10;Session ID: 938ea06f46dd751dbefbc58e094f0fc8" type="org.openqa.selenium.ElementNotInteractableException"><![CDATA[org.openqa.selenium.ElementNotInteractableException: 
element not interactable
  (Session info: chrome=131.0.6778.140)
Build info: version: '4.26.0', revision: '8ccf0219d7'
System info: os.name: 'Windows 11', os.arch: 'amd64', os.version: '10.0', java.version: '21.0.5'
Driver info: org.openqa.selenium.chrome.ChromeDriver
Command: [938ea06f46dd751dbefbc58e094f0fc8, sendKeysToElement {value=[Ljava.lang.CharSequence;@18507ba5, id=f.1664E4C5D3D9128D9552B26E923D11A9.d.D7D94AC9E09FB4B141E9E947393F1847.e.57}]
Capabilities {acceptInsecureCerts: false, browserName: chrome, browserVersion: 131.0.6778.140, chrome: {chromedriverVersion: 131.0.6778.108 (3b014839fbc..., userDataDir: C:\Users\vamsh\AppData\Loca...}, fedcm:accounts: true, goog:chromeOptions: {debuggerAddress: localhost:62907}, networkConnectionEnabled: false, pageLoadStrategy: normal, platformName: windows, proxy: Proxy(), se:cdp: ws://localhost:62907/devtoo..., se:cdpVersion: 131.0.6778.140, setWindowRect: true, strictFileInteractability: false, timeouts: {implicit: 0, pageLoad: 300000, script: 30000}, unhandledPromptBehavior: dismiss and notify, webauthn:extension:credBlob: true, webauthn:extension:largeBlob: true, webauthn:extension:minPinLength: true, webauthn:extension:prf: true, webauthn:virtualAuthenticators: true}
Element: [[ChromeDriver: chrome on windows (938ea06f46dd751dbefbc58e094f0fc8)] -> css selector: .CodeMirror textarea]
Session ID: 938ea06f46dd751dbefbc58e094f0fc8
]]></failure>
    <system-out><![CDATA[
Scenario: Types of Trees                                             &amp#27;[90m# src/test/resources/Features/Tree.feature:72&amp#27;[0m
  &amp#27;[32mAnd &amp#27;[0m&amp#27;[32mUser clicks on Get Started button from Tree panel&amp#27;[0m                 &amp#27;[90m# StepDefinitions.Tree.user_clicks_on_get_started_button_from_tree_panel()&amp#27;[0m
  &amp#27;[32mGiven &amp#27;[0m&amp#27;[32mThe user is on the Editor page of Terminologies page&amp#27;[0m            &amp#27;[90m# StepDefinitions.Tree.the_user_is_on_the_Editor_page_of_terminologies_page()&amp#27;[0m
  &amp#27;[31mWhen &amp#27;[0m&amp#27;[31mThe user writes the invalid python code and clicks on Run button&amp#27;[0m &amp#27;[90m# StepDefinitions.Tree.the_user_writes_the_invalid_python_code_and_clicks_on_run_button()&amp#27;[0m
      &amp#27;[31morg.openqa.selenium.ElementNotInteractableException: element not interactable
  (Session info: chrome=131.0.6778.140)
Build info: version: '4.26.0', revision: '8ccf0219d7'
System info: os.name: 'Windows 11', os.arch: 'amd64', os.version: '10.0', java.version: '21.0.5'
Driver info: org.openqa.selenium.chrome.ChromeDriver
Command: [938ea06f46dd751dbefbc58e094f0fc8, sendKeysToElement {value=[Ljava.lang.CharSequence;@18507ba5, id=f.1664E4C5D3D9128D9552B26E923D11A9.d.D7D94AC9E09FB4B141E9E947393F1847.e.57}]
Capabilities {acceptInsecureCerts: false, browserName: chrome, browserVersion: 131.0.6778.140, chrome: {chromedriverVersion: 131.0.6778.108 (3b014839fbc..., userDataDir: C:\Users\vamsh\AppData\Loca...}, fedcm:accounts: true, goog:chromeOptions: {debuggerAddress: localhost:62907}, networkConnectionEnabled: false, pageLoadStrategy: normal, platformName: windows, proxy: Proxy(), se:cdp: ws://localhost:62907/devtoo..., se:cdpVersion: 131.0.6778.140, setWindowRect: true, strictFileInteractability: false, timeouts: {implicit: 0, pageLoad: 300000, script: 30000}, unhandledPromptBehavior: dismiss and notify, webauthn:extension:credBlob: true, webauthn:extension:largeBlob: true, webauthn:extension:minPinLength: true, webauthn:extension:prf: true, webauthn:virtualAuthenticators: true}
Element: [[ChromeDriver: chrome on windows (938ea06f46dd751dbefbc58e094f0fc8)] -> css selector: .CodeMirror textarea]
Session ID: 938ea06f46dd751dbefbc58e094f0fc8
	at java.base/jdk.internal.reflect.DirectConstructorHandleAccessor.newInstance(DirectConstructorHandleAccessor.java:62)
	at java.base/java.lang.reflect.Constructor.newInstanceWithCaller(Constructor.java:502)
	at java.base/java.lang.reflect.Constructor.newInstance(Constructor.java:486)
	at org.openqa.selenium.remote.ErrorCodec.decode(ErrorCodec.java:167)
	at org.openqa.selenium.remote.codec.w3c.W3CHttpResponseCodec.decode(W3CHttpResponseCodec.java:138)
	at org.openqa.selenium.remote.codec.w3c.W3CHttpResponseCodec.decode(W3CHttpResponseCodec.java:50)
	at org.openqa.selenium.remote.HttpCommandExecutor.execute(HttpCommandExecutor.java:190)
	at org.openqa.selenium.remote.service.DriverCommandExecutor.invokeExecute(DriverCommandExecutor.java:216)
	at org.openqa.selenium.remote.service.DriverCommandExecutor.execute(DriverCommandExecutor.java:174)
	at org.openqa.selenium.remote.RemoteWebDriver.execute(RemoteWebDriver.java:545)
	at org.openqa.selenium.remote.RemoteWebElement.execute(RemoteWebElement.java:223)
	at org.openqa.selenium.remote.RemoteWebElement.sendKeys(RemoteWebElement.java:110)
	at PageObjects.TreePage.writeInTryEditorWindow(TreePage.java:251)
	at StepDefinitions.Tree.the_user_writes_the_invalid_python_code_and_clicks_on_run_button(Tree.java:106)
	at ✽.The user writes the invalid python code and clicks on Run button(file:///C:/Projects/newFolder-3/Repo1/src/test/resources/Features/Tree.feature:62)
&amp#27;[0m
  &amp#27;[36mThen &amp#27;[0m&amp#27;[36mThe user see error msg in alert window&amp#27;[0m                           &amp#27;[90m# StepDefinitions.Tree.the_user_see_error_msg_in_alert_window()&amp#27;[0m
[ERROR] 2024-12-17 11:54:35.654 [TestNG-PoolService-2] Hooks - ======================  TEST CASE FAILED !! ======================

    Embedding screenshot [image/png 7853 bytes]

[INFO ] 2024-12-17 11:54:35.885 [TestNG-PoolService-2] Hooks - ======================  Screenshot is captured  ======================
[INFO ] 2024-12-17 11:54:35.888 [TestNG-PoolService-2] Hooks - ======================  Test Execution is completed!! ======================
]]></system-out>
    <system-err><![CDATA[Dec 17, 2024 11:54:35 AM org.openqa.selenium.devtools.CdpVersionFinder findNearestMatch
WARNING: Unable to find an exact match for CDP version 131, returning the closest version; found: 130; Please update to a Selenium version that supports CDP version 131
]]></system-err>
  </testcase>
  <testcase name="runScenario[&quot;Terminologies&quot;, &quot;Tree&quot;](162)" classname="TestRunners.TestRunner" time="1.822">
    <system-out><![CDATA[
Scenario: Try Here Editor page with empty code                               &amp#27;[90m# src/test/resources/Features/Tree.feature:79&amp#27;[0m
  &amp#27;[32mGiven &amp#27;[0m&amp#27;[32mThe user is on the DS Introduction page as signedIn&amp#27;[0m       &amp#27;[90m# StepDefinitions.DSIntroductionDetails.the_user_is_on_the_ds_introduction_page_as_signed_in()&amp#27;[0m
  &amp#27;[32mAnd &amp#27;[0m&amp#27;[32mUser clicks on Get Started button from Tree panel&amp#27;[0m           &amp#27;[90m# StepDefinitions.Tree.user_clicks_on_get_started_button_from_tree_panel()&amp#27;[0m
  &amp#27;[32mGiven &amp#27;[0m&amp#27;[32mThe user is on the Terminologies page&amp#27;[0m                     &amp#27;[90m# StepDefinitions.Tree.the_user_is_on_the_terminologies_page()&amp#27;[0m
  &amp#27;[32mWhen &amp#27;[0m&amp#27;[32mThe user clicks Types of Trees link from TerminologiesPage&amp#27;[0m &amp#27;[90m# StepDefinitions.Tree.the_user_clicks_types_of_trees_link_from_TerminologiesPage()&amp#27;[0m
  &amp#27;[32mThen &amp#27;[0m&amp#27;[32mThe user is redirected to Types of Trees page.&amp#27;[0m             &amp#27;[90m# StepDefinitions.Tree.the_user_is_redirected_to_types_of_trees_page()&amp#27;[0m
[INFO ] 2024-12-17 11:54:37.830 [TestNG-PoolService-1] Hooks - ======================  Test Execution is completed!! ======================
]]></system-out>
    <system-err><![CDATA[Dec 17, 2024 11:54:37 AM org.openqa.selenium.devtools.CdpVersionFinder findNearestMatch
WARNING: Unable to find an exact match for CDP version 131, returning the closest version; found: 130; Please update to a Selenium version that supports CDP version 131
]]></system-err>
  </testcase>
  <testcase name="runScenario[&quot;Types of Trees&quot;, &quot;Tree&quot;](163)" classname="TestRunners.TestRunner" time="2.729">
    <system-out><![CDATA[
Scenario: Try Here Editor page with valid data                        &amp#27;[90m# src/test/resources/Features/Tree.feature:85&amp#27;[0m
  &amp#27;[32mGiven &amp#27;[0m&amp#27;[32mThe user is on the DS Introduction page as signedIn&amp#27;[0m          &amp#27;[90m# StepDefinitions.DSIntroductionDetails.the_user_is_on_the_ds_introduction_page_as_signed_in()&amp#27;[0m
  &amp#27;[32mAnd &amp#27;[0m&amp#27;[32mUser clicks on Get Started button from Tree panel&amp#27;[0m              &amp#27;[90m# StepDefinitions.Tree.user_clicks_on_get_started_button_from_tree_panel()&amp#27;[0m
  &amp#27;[32mGiven &amp#27;[0m&amp#27;[32mThe user is on the Types of Trees page&amp#27;[0m                       &amp#27;[90m# StepDefinitions.Tree.the_user_is_on_the_types_of_trees_page()&amp#27;[0m
  &amp#27;[32mWhen &amp#27;[0m&amp#27;[32mThe user clicks Try Here button&amp#27;[0m                               &amp#27;[90m# StepDefinitions.Tree.the_user_clicks_try_here_button()&amp#27;[0m
  &amp#27;[32mThen &amp#27;[0m&amp#27;[32mThe user is redirected to a page having Editor and run button&amp#27;[0m &amp#27;[90m# StepDefinitions.Tree.the_user_is_redirected_to_a_page_having_editor_and_run_button()&amp#27;[0m
[INFO ] 2024-12-17 11:54:40.551 [TestNG-PoolService-3] Hooks - ======================  Test Execution is completed!! ======================
]]></system-out>
    <system-err><![CDATA[Dec 17, 2024 11:54:39 AM org.openqa.selenium.devtools.CdpVersionFinder findNearestMatch
WARNING: Unable to find an exact match for CDP version 131, returning the closest version; found: 130; Please update to a Selenium version that supports CDP version 131
]]></system-err>
  </testcase>
  <testcase name="runScenario[&quot;Types of Trees&quot;, &quot;Tree&quot;](163)" classname="TestRunners.TestRunner" time="9.458">
    <system-out><![CDATA[
Scenario: Try Here Editor page with valid data                        &amp#27;[90m# src/test/resources/Features/Tree.feature:85&amp#27;[0m
  &amp#27;[32mGiven &amp#27;[0m&amp#27;[32mThe user is on the DS Introduction page as signedIn&amp#27;[0m          &amp#27;[90m# StepDefinitions.DSIntroductionDetails.the_user_is_on_the_ds_introduction_page_as_signed_in()&amp#27;[0m
  &amp#27;[32mGiven &amp#27;[0m&amp#27;[32mThe user is on the DS Introduction page as signedIn&amp#27;[0m           &amp#27;[90m# StepDefinitions.DSIntroductionDetails.the_user_is_on_the_ds_introduction_page_as_signed_in()&amp#27;[0m
  &amp#27;[32mGiven &amp#27;[0m&amp#27;[32mThe user is on the DS Introduction page as signedIn&amp#27;[0m                  &amp#27;[90m# StepDefinitions.DSIntroductionDetails.the_user_is_on_the_ds_introduction_page_as_signed_in()&amp#27;[0m
  &amp#27;[32mAnd &amp#27;[0m&amp#27;[32mUser clicks on Get Started button from Tree panel&amp#27;[0m              &amp#27;[90m# StepDefinitions.Tree.user_clicks_on_get_started_button_from_tree_panel()&amp#27;[0m
  &amp#27;[32mAnd &amp#27;[0m&amp#27;[32mUser clicks on Get Started button from Tree panel&amp#27;[0m               &amp#27;[90m# StepDefinitions.Tree.user_clicks_on_get_started_button_from_tree_panel()&amp#27;[0m
  &amp#27;[32mAnd &amp#27;[0m&amp#27;[32mUser clicks on Get Started button from Tree panel&amp#27;[0m                      &amp#27;[90m# StepDefinitions.Tree.user_clicks_on_get_started_button_from_tree_panel()&amp#27;[0m
  &amp#27;[32mGiven &amp#27;[0m&amp#27;[32mThe user is on the Types of Trees page&amp#27;[0m                       &amp#27;[90m# StepDefinitions.Tree.the_user_is_on_the_types_of_trees_page()&amp#27;[0m
  &amp#27;[32mWhen &amp#27;[0m&amp#27;[32mThe user clicks Try Here button&amp#27;[0m                               &amp#27;[90m# StepDefinitions.Tree.the_user_clicks_try_here_button()&amp#27;[0m
  &amp#27;[32mGiven &amp#27;[0m&amp#27;[32mThe user is on the Editor Page of Types of Trees page&amp#27;[0m         &amp#27;[90m# StepDefinitions.Tree.the_user_is_on_the_Editor_page_of_types_of_trees_page()&amp#27;[0m
  &amp#27;[32mThen &amp#27;[0m&amp#27;[32mThe user is redirected to a page having Editor and run button&amp#27;[0m &amp#27;[90m# StepDefinitions.Tree.the_user_is_redirected_to_a_page_having_editor_and_run_button()&amp#27;[0m
[INFO ] 2024-12-17 12:24:05.467 [TestNG-PoolService-2] Hooks - ======================  Test Execution is completed!! ======================
  &amp#27;[32mGiven &amp#27;[0m&amp#27;[32mThe user is on the Editor Page of Types of Trees page&amp#27;[0m                &amp#27;[90m# StepDefinitions.Tree.the_user_is_on_the_Editor_page_of_types_of_trees_page()&amp#27;[0m
  &amp#27;[32mWhen &amp#27;[0m&amp#27;[32mThe user writes no code inside editor window and clicks on Run button&amp#27;[0m &amp#27;[90m# StepDefinitions.Tree.the_user_writes_no_code_inside_editor_window_and_clicks_on_run_button()&amp#27;[0m
  &amp#27;[32mThen &amp#27;[0m&amp#27;[32mNothing happens to the Editor page and no error message is displayed&amp#27;[0m  &amp#27;[90m# StepDefinitions.Tree.nothing_happens_to_the_editor_page_and_no_error_message_is_displayed()&amp#27;[0m
[INFO ] 2024-12-17 12:24:06.003 [TestNG-PoolService-3] Hooks - ======================  Test Execution is completed!! ======================
]]></system-out>
    <system-err><![CDATA[Dec 17, 2024 12:23:59 PM org.openqa.selenium.devtools.CdpVersionFinder findNearestMatch
WARNING: Unable to find an exact match for CDP version 131, returning the closest version; found: 130; Please update to a Selenium version that supports CDP version 131
Dec 17, 2024 12:24:01 PM org.openqa.selenium.devtools.CdpVersionFinder findNearestMatch
WARNING: Unable to find an exact match for CDP version 131, returning the closest version; found: 130; Please update to a Selenium version that supports CDP version 131
Dec 17, 2024 12:24:01 PM org.openqa.selenium.devtools.CdpVersionFinder findNearestMatch
WARNING: Unable to find an exact match for CDP version 131, returning the closest version; found: 130; Please update to a Selenium version that supports CDP version 131
]]></system-err>
  </testcase>
  <testcase name="runScenario[&quot;Try Here Editor page with empty code&quot;, &quot;Tree&quot;](164)" classname="TestRunners.TestRunner" time="2.688">
    <failure message="element not interactable&#10;  (Session info: chrome=131.0.6778.140)&#10;Build info: version: &apos;4.26.0&apos;, revision: &apos;8ccf0219d7&apos;&#10;System info: os.name: &apos;Windows 11&apos;, os.arch: &apos;amd64&apos;, os.version: &apos;10.0&apos;, java.version: &apos;21.0.5&apos;&#10;Driver info: org.openqa.selenium.chrome.ChromeDriver&#10;Command: [ef22be306117b5e149fc5bec99a7dc8c, sendKeysToElement {value=[Ljava.lang.CharSequence;@4eadd41e, id=f.3D7FE9295D036FCF0BEEC96304724910.d.370A56FF0A4476FC693C2B40709EECA3.e.50}]&#10;Capabilities {acceptInsecureCerts: false, browserName: chrome, browserVersion: 131.0.6778.140, chrome: {chromedriverVersion: 131.0.6778.108 (3b014839fbc..., userDataDir: C:\Users\vamsh\AppData\Loca...}, fedcm:accounts: true, goog:chromeOptions: {debuggerAddress: localhost:63068}, networkConnectionEnabled: false, pageLoadStrategy: normal, platformName: windows, proxy: Proxy(), se:cdp: ws://localhost:63068/devtoo..., se:cdpVersion: 131.0.6778.140, setWindowRect: true, strictFileInteractability: false, timeouts: {implicit: 0, pageLoad: 300000, script: 30000}, unhandledPromptBehavior: dismiss and notify, webauthn:extension:credBlob: true, webauthn:extension:largeBlob: true, webauthn:extension:minPinLength: true, webauthn:extension:prf: true, webauthn:virtualAuthenticators: true}&#10;Element: [[ChromeDriver: chrome on windows (ef22be306117b5e149fc5bec99a7dc8c)] -&gt; css selector: .CodeMirror textarea]&#10;Session ID: ef22be306117b5e149fc5bec99a7dc8c" type="org.openqa.selenium.ElementNotInteractableException"><![CDATA[org.openqa.selenium.ElementNotInteractableException: 
element not interactable
  (Session info: chrome=131.0.6778.140)
Build info: version: '4.26.0', revision: '8ccf0219d7'
System info: os.name: 'Windows 11', os.arch: 'amd64', os.version: '10.0', java.version: '21.0.5'
Driver info: org.openqa.selenium.chrome.ChromeDriver
Command: [ef22be306117b5e149fc5bec99a7dc8c, sendKeysToElement {value=[Ljava.lang.CharSequence;@4eadd41e, id=f.3D7FE9295D036FCF0BEEC96304724910.d.370A56FF0A4476FC693C2B40709EECA3.e.50}]
Capabilities {acceptInsecureCerts: false, browserName: chrome, browserVersion: 131.0.6778.140, chrome: {chromedriverVersion: 131.0.6778.108 (3b014839fbc..., userDataDir: C:\Users\vamsh\AppData\Loca...}, fedcm:accounts: true, goog:chromeOptions: {debuggerAddress: localhost:63068}, networkConnectionEnabled: false, pageLoadStrategy: normal, platformName: windows, proxy: Proxy(), se:cdp: ws://localhost:63068/devtoo..., se:cdpVersion: 131.0.6778.140, setWindowRect: true, strictFileInteractability: false, timeouts: {implicit: 0, pageLoad: 300000, script: 30000}, unhandledPromptBehavior: dismiss and notify, webauthn:extension:credBlob: true, webauthn:extension:largeBlob: true, webauthn:extension:minPinLength: true, webauthn:extension:prf: true, webauthn:virtualAuthenticators: true}
Element: [[ChromeDriver: chrome on windows (ef22be306117b5e149fc5bec99a7dc8c)] -> css selector: .CodeMirror textarea]
Session ID: ef22be306117b5e149fc5bec99a7dc8c
]]></failure>
    <system-out><![CDATA[
Scenario: Try Here Editor page with invalid data                        &amp#27;[90m# src/test/resources/Features/Tree.feature:90&amp#27;[0m
  &amp#27;[32mGiven &amp#27;[0m&amp#27;[32mThe user is on the DS Introduction page as signedIn&amp#27;[0m                  &amp#27;[90m# StepDefinitions.DSIntroductionDetails.the_user_is_on_the_ds_introduction_page_as_signed_in()&amp#27;[0m
  &amp#27;[32mAnd &amp#27;[0m&amp#27;[32mUser clicks on Get Started button from Tree panel&amp#27;[0m                      &amp#27;[90m# StepDefinitions.Tree.user_clicks_on_get_started_button_from_tree_panel()&amp#27;[0m
  &amp#27;[32mGiven &amp#27;[0m&amp#27;[32mThe user is on the DS Introduction page as signedIn&amp#27;[0m           &amp#27;[90m# StepDefinitions.DSIntroductionDetails.the_user_is_on_the_ds_introduction_page_as_signed_in()&amp#27;[0m
  &amp#27;[32mGiven &amp#27;[0m&amp#27;[32mThe user is on the Editor Page of Types of Trees page&amp#27;[0m                &amp#27;[90m# StepDefinitions.Tree.the_user_is_on_the_Editor_page_of_types_of_trees_page()&amp#27;[0m
  &amp#27;[32mAnd &amp#27;[0m&amp#27;[32mUser clicks on Get Started button from Tree panel&amp#27;[0m               &amp#27;[90m# StepDefinitions.Tree.user_clicks_on_get_started_button_from_tree_panel()&amp#27;[0m
  &amp#27;[31mWhen &amp#27;[0m&amp#27;[31mThe user writes no code inside editor window and clicks on Run button&amp#27;[0m &amp#27;[90m# StepDefinitions.Tree.the_user_writes_no_code_inside_editor_window_and_clicks_on_run_button()&amp#27;[0m
      &amp#27;[31morg.openqa.selenium.ElementNotInteractableException: element not interactable
  (Session info: chrome=131.0.6778.140)
Build info: version: '4.26.0', revision: '8ccf0219d7'
System info: os.name: 'Windows 11', os.arch: 'amd64', os.version: '10.0', java.version: '21.0.5'
Driver info: org.openqa.selenium.chrome.ChromeDriver
Command: [ef22be306117b5e149fc5bec99a7dc8c, sendKeysToElement {value=[Ljava.lang.CharSequence;@4eadd41e, id=f.3D7FE9295D036FCF0BEEC96304724910.d.370A56FF0A4476FC693C2B40709EECA3.e.50}]
Capabilities {acceptInsecureCerts: false, browserName: chrome, browserVersion: 131.0.6778.140, chrome: {chromedriverVersion: 131.0.6778.108 (3b014839fbc..., userDataDir: C:\Users\vamsh\AppData\Loca...}, fedcm:accounts: true, goog:chromeOptions: {debuggerAddress: localhost:63068}, networkConnectionEnabled: false, pageLoadStrategy: normal, platformName: windows, proxy: Proxy(), se:cdp: ws://localhost:63068/devtoo..., se:cdpVersion: 131.0.6778.140, setWindowRect: true, strictFileInteractability: false, timeouts: {implicit: 0, pageLoad: 300000, script: 30000}, unhandledPromptBehavior: dismiss and notify, webauthn:extension:credBlob: true, webauthn:extension:largeBlob: true, webauthn:extension:minPinLength: true, webauthn:extension:prf: true, webauthn:virtualAuthenticators: true}
Element: [[ChromeDriver: chrome on windows (ef22be306117b5e149fc5bec99a7dc8c)] -> css selector: .CodeMirror textarea]
Session ID: ef22be306117b5e149fc5bec99a7dc8c
	at java.base/jdk.internal.reflect.DirectConstructorHandleAccessor.newInstance(DirectConstructorHandleAccessor.java:62)
	at java.base/java.lang.reflect.Constructor.newInstanceWithCaller(Constructor.java:502)
	at java.base/java.lang.reflect.Constructor.newInstance(Constructor.java:486)
	at org.openqa.selenium.remote.ErrorCodec.decode(ErrorCodec.java:167)
	at org.openqa.selenium.remote.codec.w3c.W3CHttpResponseCodec.decode(W3CHttpResponseCodec.java:138)
	at org.openqa.selenium.remote.codec.w3c.W3CHttpResponseCodec.decode(W3CHttpResponseCodec.java:50)
	at org.openqa.selenium.remote.HttpCommandExecutor.execute(HttpCommandExecutor.java:190)
	at org.openqa.selenium.remote.service.DriverCommandExecutor.invokeExecute(DriverCommandExecutor.java:216)
	at org.openqa.selenium.remote.service.DriverCommandExecutor.execute(DriverCommandExecutor.java:174)
	at org.openqa.selenium.remote.RemoteWebDriver.execute(RemoteWebDriver.java:545)
	at org.openqa.selenium.remote.RemoteWebElement.execute(RemoteWebElement.java:223)
	at org.openqa.selenium.remote.RemoteWebElement.sendKeys(RemoteWebElement.java:110)
	at PageObjects.TreePage.writeInTryEditorWindow(TreePage.java:251)
	at StepDefinitions.Tree.the_user_writes_no_code_inside_editor_window_and_clicks_on_run_button(Tree.java:80)
	at ✽.The user writes no code inside editor window and clicks on Run button(file:///C:/Projects/newFolder-3/Repo1/src/test/resources/Features/Tree.feature:81)
&amp#27;[0m
  &amp#27;[36mThen &amp#27;[0m&amp#27;[36mNothing happens to the Editor page and no error message is displayed&amp#27;[0m  &amp#27;[90m# StepDefinitions.Tree.nothing_happens_to_the_editor_page_and_no_error_message_is_displayed()&amp#27;[0m
[ERROR] 2024-12-17 11:54:43.283 [TestNG-PoolService-2] Hooks - ======================  TEST CASE FAILED !! ======================

    Embedding screenshot [image/png 7853 bytes]

[INFO ] 2024-12-17 11:54:43.435 [TestNG-PoolService-2] Hooks - ======================  Screenshot is captured  ======================
[INFO ] 2024-12-17 11:54:43.439 [TestNG-PoolService-2] Hooks - ======================  Test Execution is completed!! ======================
]]></system-out>
    <system-err><![CDATA[Dec 17, 2024 11:54:42 AM org.openqa.selenium.devtools.CdpVersionFinder findNearestMatch
WARNING: Unable to find an exact match for CDP version 131, returning the closest version; found: 130; Please update to a Selenium version that supports CDP version 131
]]></system-err>
  </testcase>
  <testcase name="runScenario[&quot;Try Here Editor page with empty code&quot;, &quot;Tree&quot;](164)" classname="TestRunners.TestRunner" time="0.323">
    <system-out><![CDATA[
Scenario: Try Here Editor page with invalid data                        &amp#27;[90m# src/test/resources/Features/Tree.feature:90&amp#27;[0m
]]></system-out>
  </testcase>
  <testcase name="runScenario[&quot;Try Here Editor page with valid data&quot;, &quot;Tree&quot;](165)" classname="TestRunners.TestRunner" time="1.77">
    <failure message="element not interactable&#10;  (Session info: chrome=131.0.6778.140)&#10;Build info: version: &apos;4.26.0&apos;, revision: &apos;8ccf0219d7&apos;&#10;System info: os.name: &apos;Windows 11&apos;, os.arch: &apos;amd64&apos;, os.version: &apos;10.0&apos;, java.version: &apos;21.0.5&apos;&#10;Driver info: org.openqa.selenium.chrome.ChromeDriver&#10;Command: [5f6e03899d6f7c538832a85a781be988, sendKeysToElement {value=[Ljava.lang.CharSequence;@20cc2aff, id=f.0C7FAC92725AD485CC966EB046FD313F.d.CA3942041F2AC9D28BEAAB16A94863AC.e.50}]&#10;Capabilities {acceptInsecureCerts: false, browserName: chrome, browserVersion: 131.0.6778.140, chrome: {chromedriverVersion: 131.0.6778.108 (3b014839fbc..., userDataDir: C:\Users\vamsh\AppData\Loca...}, fedcm:accounts: true, goog:chromeOptions: {debuggerAddress: localhost:63109}, networkConnectionEnabled: false, pageLoadStrategy: normal, platformName: windows, proxy: Proxy(), se:cdp: ws://localhost:63109/devtoo..., se:cdpVersion: 131.0.6778.140, setWindowRect: true, strictFileInteractability: false, timeouts: {implicit: 0, pageLoad: 300000, script: 30000}, unhandledPromptBehavior: dismiss and notify, webauthn:extension:credBlob: true, webauthn:extension:largeBlob: true, webauthn:extension:minPinLength: true, webauthn:extension:prf: true, webauthn:virtualAuthenticators: true}&#10;Element: [[ChromeDriver: chrome on windows (5f6e03899d6f7c538832a85a781be988)] -&gt; css selector: .CodeMirror textarea]&#10;Session ID: 5f6e03899d6f7c538832a85a781be988" type="org.openqa.selenium.ElementNotInteractableException"><![CDATA[org.openqa.selenium.ElementNotInteractableException: 
element not interactable
  (Session info: chrome=131.0.6778.140)
Build info: version: '4.26.0', revision: '8ccf0219d7'
System info: os.name: 'Windows 11', os.arch: 'amd64', os.version: '10.0', java.version: '21.0.5'
Driver info: org.openqa.selenium.chrome.ChromeDriver
Command: [5f6e03899d6f7c538832a85a781be988, sendKeysToElement {value=[Ljava.lang.CharSequence;@20cc2aff, id=f.0C7FAC92725AD485CC966EB046FD313F.d.CA3942041F2AC9D28BEAAB16A94863AC.e.50}]
Capabilities {acceptInsecureCerts: false, browserName: chrome, browserVersion: 131.0.6778.140, chrome: {chromedriverVersion: 131.0.6778.108 (3b014839fbc..., userDataDir: C:\Users\vamsh\AppData\Loca...}, fedcm:accounts: true, goog:chromeOptions: {debuggerAddress: localhost:63109}, networkConnectionEnabled: false, pageLoadStrategy: normal, platformName: windows, proxy: Proxy(), se:cdp: ws://localhost:63109/devtoo..., se:cdpVersion: 131.0.6778.140, setWindowRect: true, strictFileInteractability: false, timeouts: {implicit: 0, pageLoad: 300000, script: 30000}, unhandledPromptBehavior: dismiss and notify, webauthn:extension:credBlob: true, webauthn:extension:largeBlob: true, webauthn:extension:minPinLength: true, webauthn:extension:prf: true, webauthn:virtualAuthenticators: true}
Element: [[ChromeDriver: chrome on windows (5f6e03899d6f7c538832a85a781be988)] -> css selector: .CodeMirror textarea]
Session ID: 5f6e03899d6f7c538832a85a781be988
]]></failure>
    <system-out><![CDATA[
Scenario: Types of Trees                                    &amp#27;[90m# src/test/resources/Features/Tree.feature:95&amp#27;[0m
  &amp#27;[32mGiven &amp#27;[0m&amp#27;[32mThe user is on the Editor Page of Types of Trees page&amp#27;[0m         &amp#27;[90m# StepDefinitions.Tree.the_user_is_on_the_Editor_page_of_types_of_trees_page()&amp#27;[0m
  &amp#27;[31mWhen &amp#27;[0m&amp#27;[31mThe user writes the valid python code and clicks on Run button&amp#27;[0m &amp#27;[90m# StepDefinitions.Tree.the_user_writes_the_valid_python_code_and_clicks_on_run_button()&amp#27;[0m
      &amp#27;[31morg.openqa.selenium.ElementNotInteractableException: element not interactable
  (Session info: chrome=131.0.6778.140)
Build info: version: '4.26.0', revision: '8ccf0219d7'
System info: os.name: 'Windows 11', os.arch: 'amd64', os.version: '10.0', java.version: '21.0.5'
Driver info: org.openqa.selenium.chrome.ChromeDriver
Command: [5f6e03899d6f7c538832a85a781be988, sendKeysToElement {value=[Ljava.lang.CharSequence;@20cc2aff, id=f.0C7FAC92725AD485CC966EB046FD313F.d.CA3942041F2AC9D28BEAAB16A94863AC.e.50}]
Capabilities {acceptInsecureCerts: false, browserName: chrome, browserVersion: 131.0.6778.140, chrome: {chromedriverVersion: 131.0.6778.108 (3b014839fbc..., userDataDir: C:\Users\vamsh\AppData\Loca...}, fedcm:accounts: true, goog:chromeOptions: {debuggerAddress: localhost:63109}, networkConnectionEnabled: false, pageLoadStrategy: normal, platformName: windows, proxy: Proxy(), se:cdp: ws://localhost:63109/devtoo..., se:cdpVersion: 131.0.6778.140, setWindowRect: true, strictFileInteractability: false, timeouts: {implicit: 0, pageLoad: 300000, script: 30000}, unhandledPromptBehavior: dismiss and notify, webauthn:extension:credBlob: true, webauthn:extension:largeBlob: true, webauthn:extension:minPinLength: true, webauthn:extension:prf: true, webauthn:virtualAuthenticators: true}
Element: [[ChromeDriver: chrome on windows (5f6e03899d6f7c538832a85a781be988)] -> css selector: .CodeMirror textarea]
Session ID: 5f6e03899d6f7c538832a85a781be988
	at java.base/jdk.internal.reflect.DirectConstructorHandleAccessor.newInstance(DirectConstructorHandleAccessor.java:62)
	at java.base/java.lang.reflect.Constructor.newInstanceWithCaller(Constructor.java:502)
	at java.base/java.lang.reflect.Constructor.newInstance(Constructor.java:486)
	at org.openqa.selenium.remote.ErrorCodec.decode(ErrorCodec.java:167)
	at org.openqa.selenium.remote.codec.w3c.W3CHttpResponseCodec.decode(W3CHttpResponseCodec.java:138)
	at org.openqa.selenium.remote.codec.w3c.W3CHttpResponseCodec.decode(W3CHttpResponseCodec.java:50)
	at org.openqa.selenium.remote.HttpCommandExecutor.execute(HttpCommandExecutor.java:190)
	at org.openqa.selenium.remote.service.DriverCommandExecutor.invokeExecute(DriverCommandExecutor.java:216)
	at org.openqa.selenium.remote.service.DriverCommandExecutor.execute(DriverCommandExecutor.java:174)
	at org.openqa.selenium.remote.RemoteWebDriver.execute(RemoteWebDriver.java:545)
	at org.openqa.selenium.remote.RemoteWebElement.execute(RemoteWebElement.java:223)
	at org.openqa.selenium.remote.RemoteWebElement.sendKeys(RemoteWebElement.java:110)
	at PageObjects.TreePage.writeInTryEditorWindow(TreePage.java:251)
	at StepDefinitions.Tree.the_user_writes_the_valid_python_code_and_clicks_on_run_button(Tree.java:93)
	at ✽.The user writes the valid python code and clicks on Run button(file:///C:/Projects/newFolder-3/Repo1/src/test/resources/Features/Tree.feature:87)
&amp#27;[0m
  &amp#27;[36mThen &amp#27;[0m&amp#27;[36mThe user is able to see the output inside the console.&amp#27;[0m         &amp#27;[90m# StepDefinitions.Tree.the_user_is_able_to_see_the_output_inside_the_console()&amp#27;[0m
[ERROR] 2024-12-17 11:54:44.441 [TestNG-PoolService-1] Hooks - ======================  TEST CASE FAILED !! ======================

    Embedding screenshot [image/png 7853 bytes]

[INFO ] 2024-12-17 11:54:44.602 [TestNG-PoolService-1] Hooks - ======================  Screenshot is captured  ======================
[INFO ] 2024-12-17 11:54:44.605 [TestNG-PoolService-1] Hooks - ======================  Test Execution is completed!! ======================
  &amp#27;[32mGiven &amp#27;[0m&amp#27;[32mThe user is on the DS Introduction page as signedIn&amp#27;[0m             &amp#27;[90m# StepDefinitions.DSIntroductionDetails.the_user_is_on_the_ds_introduction_page_as_signed_in()&amp#27;[0m
]]></system-out>
    <system-err><![CDATA[Dec 17, 2024 11:54:45 AM org.openqa.selenium.devtools.CdpVersionFinder findNearestMatch
WARNING: Unable to find an exact match for CDP version 131, returning the closest version; found: 130; Please update to a Selenium version that supports CDP version 131
]]></system-err>
  </testcase>
  <testcase name="runScenario[&quot;Try Here Editor page with invalid data&quot;, &quot;Tree&quot;](166)" classname="TestRunners.TestRunner" time="2.1">
    <failure message="element not interactable&#10;  (Session info: chrome=131.0.6778.140)&#10;Build info: version: &apos;4.26.0&apos;, revision: &apos;8ccf0219d7&apos;&#10;System info: os.name: &apos;Windows 11&apos;, os.arch: &apos;amd64&apos;, os.version: &apos;10.0&apos;, java.version: &apos;21.0.5&apos;&#10;Driver info: org.openqa.selenium.chrome.ChromeDriver&#10;Command: [4fdbdc21af6b2efccffd769a88b56e0b, sendKeysToElement {value=[Ljava.lang.CharSequence;@5a939ba0, id=f.4D17833BB4384DD955E511B1F5CF49BA.d.78A073C5788FD56F36A6F6B8F105B205.e.48}]&#10;Capabilities {acceptInsecureCerts: false, browserName: chrome, browserVersion: 131.0.6778.140, chrome: {chromedriverVersion: 131.0.6778.108 (3b014839fbc..., userDataDir: C:\Users\vamsh\AppData\Loca...}, fedcm:accounts: true, goog:chromeOptions: {debuggerAddress: localhost:63170}, networkConnectionEnabled: false, pageLoadStrategy: normal, platformName: windows, proxy: Proxy(), se:cdp: ws://localhost:63170/devtoo..., se:cdpVersion: 131.0.6778.140, setWindowRect: true, strictFileInteractability: false, timeouts: {implicit: 0, pageLoad: 300000, script: 30000}, unhandledPromptBehavior: dismiss and notify, webauthn:extension:credBlob: true, webauthn:extension:largeBlob: true, webauthn:extension:minPinLength: true, webauthn:extension:prf: true, webauthn:virtualAuthenticators: true}&#10;Element: [[ChromeDriver: chrome on windows (4fdbdc21af6b2efccffd769a88b56e0b)] -&gt; css selector: .CodeMirror textarea]&#10;Session ID: 4fdbdc21af6b2efccffd769a88b56e0b" type="org.openqa.selenium.ElementNotInteractableException"><![CDATA[org.openqa.selenium.ElementNotInteractableException: 
element not interactable
  (Session info: chrome=131.0.6778.140)
Build info: version: '4.26.0', revision: '8ccf0219d7'
System info: os.name: 'Windows 11', os.arch: 'amd64', os.version: '10.0', java.version: '21.0.5'
Driver info: org.openqa.selenium.chrome.ChromeDriver
Command: [4fdbdc21af6b2efccffd769a88b56e0b, sendKeysToElement {value=[Ljava.lang.CharSequence;@5a939ba0, id=f.4D17833BB4384DD955E511B1F5CF49BA.d.78A073C5788FD56F36A6F6B8F105B205.e.48}]
Capabilities {acceptInsecureCerts: false, browserName: chrome, browserVersion: 131.0.6778.140, chrome: {chromedriverVersion: 131.0.6778.108 (3b014839fbc..., userDataDir: C:\Users\vamsh\AppData\Loca...}, fedcm:accounts: true, goog:chromeOptions: {debuggerAddress: localhost:63170}, networkConnectionEnabled: false, pageLoadStrategy: normal, platformName: windows, proxy: Proxy(), se:cdp: ws://localhost:63170/devtoo..., se:cdpVersion: 131.0.6778.140, setWindowRect: true, strictFileInteractability: false, timeouts: {implicit: 0, pageLoad: 300000, script: 30000}, unhandledPromptBehavior: dismiss and notify, webauthn:extension:credBlob: true, webauthn:extension:largeBlob: true, webauthn:extension:minPinLength: true, webauthn:extension:prf: true, webauthn:virtualAuthenticators: true}
Element: [[ChromeDriver: chrome on windows (4fdbdc21af6b2efccffd769a88b56e0b)] -> css selector: .CodeMirror textarea]
Session ID: 4fdbdc21af6b2efccffd769a88b56e0b
]]></failure>
    <system-out><![CDATA[
Scenario: Tree Traversals                                            &amp#27;[90m# src/test/resources/Features/Tree.feature:102&amp#27;[0m
  &amp#27;[32mAnd &amp#27;[0m&amp#27;[32mUser clicks on Get Started button from Tree panel&amp#27;[0m                 &amp#27;[90m# StepDefinitions.Tree.user_clicks_on_get_started_button_from_tree_panel()&amp#27;[0m
  &amp#27;[32mGiven &amp#27;[0m&amp#27;[32mThe user is on the Editor Page of Types of Trees page&amp#27;[0m           &amp#27;[90m# StepDefinitions.Tree.the_user_is_on_the_Editor_page_of_types_of_trees_page()&amp#27;[0m
  &amp#27;[31mWhen &amp#27;[0m&amp#27;[31mThe user writes the invalid python code and clicks on Run button&amp#27;[0m &amp#27;[90m# StepDefinitions.Tree.the_user_writes_the_invalid_python_code_and_clicks_on_run_button()&amp#27;[0m
      &amp#27;[31morg.openqa.selenium.ElementNotInteractableException: element not interactable
  (Session info: chrome=131.0.6778.140)
Build info: version: '4.26.0', revision: '8ccf0219d7'
System info: os.name: 'Windows 11', os.arch: 'amd64', os.version: '10.0', java.version: '21.0.5'
Driver info: org.openqa.selenium.chrome.ChromeDriver
Command: [4fdbdc21af6b2efccffd769a88b56e0b, sendKeysToElement {value=[Ljava.lang.CharSequence;@5a939ba0, id=f.4D17833BB4384DD955E511B1F5CF49BA.d.78A073C5788FD56F36A6F6B8F105B205.e.48}]
Capabilities {acceptInsecureCerts: false, browserName: chrome, browserVersion: 131.0.6778.140, chrome: {chromedriverVersion: 131.0.6778.108 (3b014839fbc..., userDataDir: C:\Users\vamsh\AppData\Loca...}, fedcm:accounts: true, goog:chromeOptions: {debuggerAddress: localhost:63170}, networkConnectionEnabled: false, pageLoadStrategy: normal, platformName: windows, proxy: Proxy(), se:cdp: ws://localhost:63170/devtoo..., se:cdpVersion: 131.0.6778.140, setWindowRect: true, strictFileInteractability: false, timeouts: {implicit: 0, pageLoad: 300000, script: 30000}, unhandledPromptBehavior: dismiss and notify, webauthn:extension:credBlob: true, webauthn:extension:largeBlob: true, webauthn:extension:minPinLength: true, webauthn:extension:prf: true, webauthn:virtualAuthenticators: true}
Element: [[ChromeDriver: chrome on windows (4fdbdc21af6b2efccffd769a88b56e0b)] -> css selector: .CodeMirror textarea]
Session ID: 4fdbdc21af6b2efccffd769a88b56e0b
	at java.base/jdk.internal.reflect.DirectConstructorHandleAccessor.newInstance(DirectConstructorHandleAccessor.java:62)
	at java.base/java.lang.reflect.Constructor.newInstanceWithCaller(Constructor.java:502)
	at java.base/java.lang.reflect.Constructor.newInstance(Constructor.java:486)
	at org.openqa.selenium.remote.ErrorCodec.decode(ErrorCodec.java:167)
	at org.openqa.selenium.remote.codec.w3c.W3CHttpResponseCodec.decode(W3CHttpResponseCodec.java:138)
	at org.openqa.selenium.remote.codec.w3c.W3CHttpResponseCodec.decode(W3CHttpResponseCodec.java:50)
	at org.openqa.selenium.remote.HttpCommandExecutor.execute(HttpCommandExecutor.java:190)
	at org.openqa.selenium.remote.service.DriverCommandExecutor.invokeExecute(DriverCommandExecutor.java:216)
	at org.openqa.selenium.remote.service.DriverCommandExecutor.execute(DriverCommandExecutor.java:174)
	at org.openqa.selenium.remote.RemoteWebDriver.execute(RemoteWebDriver.java:545)
	at org.openqa.selenium.remote.RemoteWebElement.execute(RemoteWebElement.java:223)
	at org.openqa.selenium.remote.RemoteWebElement.sendKeys(RemoteWebElement.java:110)
	at PageObjects.TreePage.writeInTryEditorWindow(TreePage.java:251)
	at StepDefinitions.Tree.the_user_writes_the_invalid_python_code_and_clicks_on_run_button(Tree.java:106)
	at ✽.The user writes the invalid python code and clicks on Run button(file:///C:/Projects/newFolder-3/Repo1/src/test/resources/Features/Tree.feature:92)
&amp#27;[0m
  &amp#27;[36mThen &amp#27;[0m&amp#27;[36mThe user see error msg in alert window&amp#27;[0m                           &amp#27;[90m# StepDefinitions.Tree.the_user_see_error_msg_in_alert_window()&amp#27;[0m
[ERROR] 2024-12-17 11:54:47.058 [TestNG-PoolService-3] Hooks - ======================  TEST CASE FAILED !! ======================

    Embedding screenshot [image/png 7853 bytes]

[INFO ] 2024-12-17 11:54:47.270 [TestNG-PoolService-3] Hooks - ======================  Screenshot is captured  ======================
[INFO ] 2024-12-17 11:54:47.271 [TestNG-PoolService-3] Hooks - ======================  Test Execution is completed!! ======================
]]></system-out>
    <system-err><![CDATA[Dec 17, 2024 11:54:46 AM org.openqa.selenium.devtools.CdpVersionFinder findNearestMatch
WARNING: Unable to find an exact match for CDP version 131, returning the closest version; found: 130; Please update to a Selenium version that supports CDP version 131
]]></system-err>
  </testcase>
  <testcase name="runScenario[&quot;Try Here Editor page with invalid data&quot;, &quot;Tree&quot;](166)" classname="TestRunners.TestRunner" time="0.31">
    <system-out><![CDATA[
Scenario: Tree Traversals                                            &amp#27;[90m# src/test/resources/Features/Tree.feature:102&amp#27;[0m
]]></system-out>
  </testcase>
  <testcase name="runScenario[&quot;Types of Trees&quot;, &quot;Tree&quot;](167)" classname="TestRunners.TestRunner" time="2.845">
    <system-out><![CDATA[
Scenario: Try Here Editor page with empty code                               &amp#27;[90m# src/test/resources/Features/Tree.feature:108&amp#27;[0m
  &amp#27;[32mGiven &amp#27;[0m&amp#27;[32mThe user is on the DS Introduction page as signedIn&amp#27;[0m &amp#27;[90m# StepDefinitions.DSIntroductionDetails.the_user_is_on_the_ds_introduction_page_as_signed_in()&amp#27;[0m
  &amp#27;[32mAnd &amp#27;[0m&amp#27;[32mUser clicks on Get Started button from Tree panel&amp#27;[0m     &amp#27;[90m# StepDefinitions.Tree.user_clicks_on_get_started_button_from_tree_panel()&amp#27;[0m
  &amp#27;[32mGiven &amp#27;[0m&amp#27;[32mThe user is on the DS Introduction page as signedIn&amp#27;[0m          &amp#27;[90m# StepDefinitions.DSIntroductionDetails.the_user_is_on_the_ds_introduction_page_as_signed_in()&amp#27;[0m
  &amp#27;[32mGiven &amp#27;[0m&amp#27;[32mThe user is on the Types of Trees page&amp#27;[0m              &amp#27;[90m# StepDefinitions.Tree.the_user_is_on_the_types_of_trees_page()&amp#27;[0m
  &amp#27;[32mAnd &amp#27;[0m&amp#27;[32mUser clicks on Get Started button from Tree panel&amp#27;[0m              &amp#27;[90m# StepDefinitions.Tree.user_clicks_on_get_started_button_from_tree_panel()&amp#27;[0m
  &amp#27;[32mWhen &amp#27;[0m&amp#27;[32mThe user clicks Tree Traversals link&amp#27;[0m                 &amp#27;[90m# StepDefinitions.Tree.the_user_clicks_tree_traversals_link()&amp#27;[0m
  &amp#27;[32mThen &amp#27;[0m&amp#27;[32mThe user is redirected to Tree Traversals page&amp#27;[0m       &amp#27;[90m# StepDefinitions.Tree.the_user_is_redirected_to_tree_traversals_page()&amp#27;[0m
[INFO ] 2024-12-17 11:54:50.139 [TestNG-PoolService-2] Hooks - ======================  Test Execution is completed!! ======================
]]></system-out>
    <system-err><![CDATA[Dec 17, 2024 11:54:49 AM org.openqa.selenium.devtools.CdpVersionFinder findNearestMatch
WARNING: Unable to find an exact match for CDP version 131, returning the closest version; found: 130; Please update to a Selenium version that supports CDP version 131
]]></system-err>
  </testcase>
  <testcase name="runScenario[&quot;Tree Traversals&quot;, &quot;Tree&quot;](168)" classname="TestRunners.TestRunner" time="1.268">
    <system-out><![CDATA[
Scenario: Try Here Editor page with valid data                        &amp#27;[90m# src/test/resources/Features/Tree.feature:114&amp#27;[0m
  &amp#27;[32mGiven &amp#27;[0m&amp#27;[32mThe user is on the Tree Traversals page&amp#27;[0m                      &amp#27;[90m# StepDefinitions.Tree.the_user_is_on_the_tree_traversals_page()&amp#27;[0m
  &amp#27;[32mWhen &amp#27;[0m&amp#27;[32mThe user clicks Try Here button&amp#27;[0m                               &amp#27;[90m# StepDefinitions.Tree.the_user_clicks_try_here_button()&amp#27;[0m
  &amp#27;[32mThen &amp#27;[0m&amp#27;[32mThe user is redirected to a page having Editor and run button&amp#27;[0m &amp#27;[90m# StepDefinitions.Tree.the_user_is_redirected_to_a_page_having_editor_and_run_button()&amp#27;[0m
[INFO ] 2024-12-17 11:54:51.407 [TestNG-PoolService-1] Hooks - ======================  Test Execution is completed!! ======================
]]></system-out>
  </testcase>
  <testcase name="runScenario[&quot;Try Here Editor page with empty code&quot;, &quot;Tree&quot;](169)" classname="TestRunners.TestRunner" time="2.662">
    <failure message="element not interactable&#10;  (Session info: chrome=131.0.6778.140)&#10;Build info: version: &apos;4.26.0&apos;, revision: &apos;8ccf0219d7&apos;&#10;System info: os.name: &apos;Windows 11&apos;, os.arch: &apos;amd64&apos;, os.version: &apos;10.0&apos;, java.version: &apos;21.0.5&apos;&#10;Driver info: org.openqa.selenium.chrome.ChromeDriver&#10;Command: [21bafab21efb778fb2ac7fefc5df69c8, sendKeysToElement {value=[Ljava.lang.CharSequence;@2587ba97, id=f.0213704539F35434849DED249CF0D160.d.B8481D2BFA2F999BF7565BC59BA88FA8.e.49}]&#10;Capabilities {acceptInsecureCerts: false, browserName: chrome, browserVersion: 131.0.6778.140, chrome: {chromedriverVersion: 131.0.6778.108 (3b014839fbc..., userDataDir: C:\Users\vamsh\AppData\Loca...}, fedcm:accounts: true, goog:chromeOptions: {debuggerAddress: localhost:63334}, networkConnectionEnabled: false, pageLoadStrategy: normal, platformName: windows, proxy: Proxy(), se:cdp: ws://localhost:63334/devtoo..., se:cdpVersion: 131.0.6778.140, setWindowRect: true, strictFileInteractability: false, timeouts: {implicit: 0, pageLoad: 300000, script: 30000}, unhandledPromptBehavior: dismiss and notify, webauthn:extension:credBlob: true, webauthn:extension:largeBlob: true, webauthn:extension:minPinLength: true, webauthn:extension:prf: true, webauthn:virtualAuthenticators: true}&#10;Element: [[ChromeDriver: chrome on windows (21bafab21efb778fb2ac7fefc5df69c8)] -&gt; css selector: .CodeMirror textarea]&#10;Session ID: 21bafab21efb778fb2ac7fefc5df69c8" type="org.openqa.selenium.ElementNotInteractableException"><![CDATA[org.openqa.selenium.ElementNotInteractableException: 
element not interactable
  (Session info: chrome=131.0.6778.140)
Build info: version: '4.26.0', revision: '8ccf0219d7'
System info: os.name: 'Windows 11', os.arch: 'amd64', os.version: '10.0', java.version: '21.0.5'
Driver info: org.openqa.selenium.chrome.ChromeDriver
Command: [21bafab21efb778fb2ac7fefc5df69c8, sendKeysToElement {value=[Ljava.lang.CharSequence;@2587ba97, id=f.0213704539F35434849DED249CF0D160.d.B8481D2BFA2F999BF7565BC59BA88FA8.e.49}]
Capabilities {acceptInsecureCerts: false, browserName: chrome, browserVersion: 131.0.6778.140, chrome: {chromedriverVersion: 131.0.6778.108 (3b014839fbc..., userDataDir: C:\Users\vamsh\AppData\Loca...}, fedcm:accounts: true, goog:chromeOptions: {debuggerAddress: localhost:63334}, networkConnectionEnabled: false, pageLoadStrategy: normal, platformName: windows, proxy: Proxy(), se:cdp: ws://localhost:63334/devtoo..., se:cdpVersion: 131.0.6778.140, setWindowRect: true, strictFileInteractability: false, timeouts: {implicit: 0, pageLoad: 300000, script: 30000}, unhandledPromptBehavior: dismiss and notify, webauthn:extension:credBlob: true, webauthn:extension:largeBlob: true, webauthn:extension:minPinLength: true, webauthn:extension:prf: true, webauthn:virtualAuthenticators: true}
Element: [[ChromeDriver: chrome on windows (21bafab21efb778fb2ac7fefc5df69c8)] -> css selector: .CodeMirror textarea]
Session ID: 21bafab21efb778fb2ac7fefc5df69c8
]]></failure>
    <system-out><![CDATA[
Scenario: Try Here Editor page with invalid data                        &amp#27;[90m# src/test/resources/Features/Tree.feature:120&amp#27;[0m
  &amp#27;[32mGiven &amp#27;[0m&amp#27;[32mThe user is on the DS Introduction page as signedIn&amp#27;[0m                  &amp#27;[90m# StepDefinitions.DSIntroductionDetails.the_user_is_on_the_ds_introduction_page_as_signed_in()&amp#27;[0m
  &amp#27;[32mAnd &amp#27;[0m&amp#27;[32mUser clicks on Get Started button from Tree panel&amp#27;[0m                      &amp#27;[90m# StepDefinitions.Tree.user_clicks_on_get_started_button_from_tree_panel()&amp#27;[0m
  &amp#27;[32mGiven &amp#27;[0m&amp#27;[32mThe user is on the Editor page of Tree Traversals page&amp#27;[0m               &amp#27;[90m# StepDefinitions.Tree.the_user_is_on_the_Editor_page_of_tree_traversals_page()&amp#27;[0m
  &amp#27;[31mWhen &amp#27;[0m&amp#27;[31mThe user writes no code inside editor window and clicks on Run button&amp#27;[0m &amp#27;[90m# StepDefinitions.Tree.the_user_writes_no_code_inside_editor_window_and_clicks_on_run_button()&amp#27;[0m
      &amp#27;[31morg.openqa.selenium.ElementNotInteractableException: element not interactable
  (Session info: chrome=131.0.6778.140)
Build info: version: '4.26.0', revision: '8ccf0219d7'
System info: os.name: 'Windows 11', os.arch: 'amd64', os.version: '10.0', java.version: '21.0.5'
Driver info: org.openqa.selenium.chrome.ChromeDriver
Command: [21bafab21efb778fb2ac7fefc5df69c8, sendKeysToElement {value=[Ljava.lang.CharSequence;@2587ba97, id=f.0213704539F35434849DED249CF0D160.d.B8481D2BFA2F999BF7565BC59BA88FA8.e.49}]
Capabilities {acceptInsecureCerts: false, browserName: chrome, browserVersion: 131.0.6778.140, chrome: {chromedriverVersion: 131.0.6778.108 (3b014839fbc..., userDataDir: C:\Users\vamsh\AppData\Loca...}, fedcm:accounts: true, goog:chromeOptions: {debuggerAddress: localhost:63334}, networkConnectionEnabled: false, pageLoadStrategy: normal, platformName: windows, proxy: Proxy(), se:cdp: ws://localhost:63334/devtoo..., se:cdpVersion: 131.0.6778.140, setWindowRect: true, strictFileInteractability: false, timeouts: {implicit: 0, pageLoad: 300000, script: 30000}, unhandledPromptBehavior: dismiss and notify, webauthn:extension:credBlob: true, webauthn:extension:largeBlob: true, webauthn:extension:minPinLength: true, webauthn:extension:prf: true, webauthn:virtualAuthenticators: true}
Element: [[ChromeDriver: chrome on windows (21bafab21efb778fb2ac7fefc5df69c8)] -> css selector: .CodeMirror textarea]
Session ID: 21bafab21efb778fb2ac7fefc5df69c8
	at java.base/jdk.internal.reflect.DirectConstructorHandleAccessor.newInstance(DirectConstructorHandleAccessor.java:62)
	at java.base/java.lang.reflect.Constructor.newInstanceWithCaller(Constructor.java:502)
	at java.base/java.lang.reflect.Constructor.newInstance(Constructor.java:486)
	at org.openqa.selenium.remote.ErrorCodec.decode(ErrorCodec.java:167)
	at org.openqa.selenium.remote.codec.w3c.W3CHttpResponseCodec.decode(W3CHttpResponseCodec.java:138)
	at org.openqa.selenium.remote.codec.w3c.W3CHttpResponseCodec.decode(W3CHttpResponseCodec.java:50)
	at org.openqa.selenium.remote.HttpCommandExecutor.execute(HttpCommandExecutor.java:190)
	at org.openqa.selenium.remote.service.DriverCommandExecutor.invokeExecute(DriverCommandExecutor.java:216)
	at org.openqa.selenium.remote.service.DriverCommandExecutor.execute(DriverCommandExecutor.java:174)
	at org.openqa.selenium.remote.RemoteWebDriver.execute(RemoteWebDriver.java:545)
	at org.openqa.selenium.remote.RemoteWebElement.execute(RemoteWebElement.java:223)
	at org.openqa.selenium.remote.RemoteWebElement.sendKeys(RemoteWebElement.java:110)
	at PageObjects.TreePage.writeInTryEditorWindow(TreePage.java:251)
	at StepDefinitions.Tree.the_user_writes_no_code_inside_editor_window_and_clicks_on_run_button(Tree.java:80)
	at ✽.The user writes no code inside editor window and clicks on Run button(file:///C:/Projects/newFolder-3/Repo1/src/test/resources/Features/Tree.feature:111)
&amp#27;[0m
  &amp#27;[36mThen &amp#27;[0m&amp#27;[36mNothing happens to the Editor page and no error message is displayed&amp#27;[0m  &amp#27;[90m# StepDefinitions.Tree.nothing_happens_to_the_editor_page_and_no_error_message_is_displayed()&amp#27;[0m
[ERROR] 2024-12-17 11:54:53.750 [TestNG-PoolService-3] Hooks - ======================  TEST CASE FAILED !! ======================

    Embedding screenshot [image/png 7853 bytes]

[INFO ] 2024-12-17 11:54:53.954 [TestNG-PoolService-3] Hooks - ======================  Screenshot is captured  ======================
[INFO ] 2024-12-17 11:54:53.962 [TestNG-PoolService-3] Hooks - ======================  Test Execution is completed!! ======================
]]></system-out>
    <system-err><![CDATA[Dec 17, 2024 11:54:52 AM org.openqa.selenium.devtools.CdpVersionFinder findNearestMatch
WARNING: Unable to find an exact match for CDP version 131, returning the closest version; found: 130; Please update to a Selenium version that supports CDP version 131
Dec 17, 2024 11:54:53 AM org.openqa.selenium.devtools.CdpVersionFinder findNearestMatch
WARNING: Unable to find an exact match for CDP version 131, returning the closest version; found: 130; Please update to a Selenium version that supports CDP version 131
]]></system-err>
  </testcase>
  <testcase name="runScenario[&quot;Try Here Editor page with valid data&quot;, &quot;Tree&quot;](170)" classname="TestRunners.TestRunner" time="3.103">
    <failure message="element not interactable&#10;  (Session info: chrome=131.0.6778.140)&#10;Build info: version: &apos;4.26.0&apos;, revision: &apos;8ccf0219d7&apos;&#10;System info: os.name: &apos;Windows 11&apos;, os.arch: &apos;amd64&apos;, os.version: &apos;10.0&apos;, java.version: &apos;21.0.5&apos;&#10;Driver info: org.openqa.selenium.chrome.ChromeDriver&#10;Command: [d9a67ef1044e3ea7c7718810ff027742, sendKeysToElement {value=[Ljava.lang.CharSequence;@48be8427, id=f.4F846D5AE62B996F0ADF15C78B643F6C.d.842974A2F83B5DCC06C6BE18D6259E2A.e.50}]&#10;Capabilities {acceptInsecureCerts: false, browserName: chrome, browserVersion: 131.0.6778.140, chrome: {chromedriverVersion: 131.0.6778.108 (3b014839fbc..., userDataDir: C:\Users\vamsh\AppData\Loca...}, fedcm:accounts: true, goog:chromeOptions: {debuggerAddress: localhost:63392}, networkConnectionEnabled: false, pageLoadStrategy: normal, platformName: windows, proxy: Proxy(), se:cdp: ws://localhost:63392/devtoo..., se:cdpVersion: 131.0.6778.140, setWindowRect: true, strictFileInteractability: false, timeouts: {implicit: 0, pageLoad: 300000, script: 30000}, unhandledPromptBehavior: dismiss and notify, webauthn:extension:credBlob: true, webauthn:extension:largeBlob: true, webauthn:extension:minPinLength: true, webauthn:extension:prf: true, webauthn:virtualAuthenticators: true}&#10;Element: [[ChromeDriver: chrome on windows (d9a67ef1044e3ea7c7718810ff027742)] -&gt; css selector: .CodeMirror textarea]&#10;Session ID: d9a67ef1044e3ea7c7718810ff027742" type="org.openqa.selenium.ElementNotInteractableException"><![CDATA[org.openqa.selenium.ElementNotInteractableException: 
element not interactable
  (Session info: chrome=131.0.6778.140)
Build info: version: '4.26.0', revision: '8ccf0219d7'
System info: os.name: 'Windows 11', os.arch: 'amd64', os.version: '10.0', java.version: '21.0.5'
Driver info: org.openqa.selenium.chrome.ChromeDriver
Command: [d9a67ef1044e3ea7c7718810ff027742, sendKeysToElement {value=[Ljava.lang.CharSequence;@48be8427, id=f.4F846D5AE62B996F0ADF15C78B643F6C.d.842974A2F83B5DCC06C6BE18D6259E2A.e.50}]
Capabilities {acceptInsecureCerts: false, browserName: chrome, browserVersion: 131.0.6778.140, chrome: {chromedriverVersion: 131.0.6778.108 (3b014839fbc..., userDataDir: C:\Users\vamsh\AppData\Loca...}, fedcm:accounts: true, goog:chromeOptions: {debuggerAddress: localhost:63392}, networkConnectionEnabled: false, pageLoadStrategy: normal, platformName: windows, proxy: Proxy(), se:cdp: ws://localhost:63392/devtoo..., se:cdpVersion: 131.0.6778.140, setWindowRect: true, strictFileInteractability: false, timeouts: {implicit: 0, pageLoad: 300000, script: 30000}, unhandledPromptBehavior: dismiss and notify, webauthn:extension:credBlob: true, webauthn:extension:largeBlob: true, webauthn:extension:minPinLength: true, webauthn:extension:prf: true, webauthn:virtualAuthenticators: true}
Element: [[ChromeDriver: chrome on windows (d9a67ef1044e3ea7c7718810ff027742)] -> css selector: .CodeMirror textarea]
Session ID: d9a67ef1044e3ea7c7718810ff027742
]]></failure>
    <system-out><![CDATA[
Scenario: Tree Traversals                                     &amp#27;[90m# src/test/resources/Features/Tree.feature:126&amp#27;[0m
  &amp#27;[32mGiven &amp#27;[0m&amp#27;[32mThe user is on the DS Introduction page as signedIn&amp#27;[0m           &amp#27;[90m# StepDefinitions.DSIntroductionDetails.the_user_is_on_the_ds_introduction_page_as_signed_in()&amp#27;[0m
  &amp#27;[32mAnd &amp#27;[0m&amp#27;[32mUser clicks on Get Started button from Tree panel&amp#27;[0m               &amp#27;[90m# StepDefinitions.Tree.user_clicks_on_get_started_button_from_tree_panel()&amp#27;[0m
  &amp#27;[32mGiven &amp#27;[0m&amp#27;[32mThe user is on the DS Introduction page as signedIn&amp#27;[0m             &amp#27;[90m# StepDefinitions.DSIntroductionDetails.the_user_is_on_the_ds_introduction_page_as_signed_in()&amp#27;[0m
  &amp#27;[32mGiven &amp#27;[0m&amp#27;[32mThe user is on the Editor page of Tree Traversals page&amp#27;[0m        &amp#27;[90m# StepDefinitions.Tree.the_user_is_on_the_Editor_page_of_tree_traversals_page()&amp#27;[0m
  &amp#27;[32mAnd &amp#27;[0m&amp#27;[32mUser clicks on Get Started button from Tree panel&amp#27;[0m                 &amp#27;[90m# StepDefinitions.Tree.user_clicks_on_get_started_button_from_tree_panel()&amp#27;[0m
  &amp#27;[31mWhen &amp#27;[0m&amp#27;[31mThe user writes the valid python code and clicks on Run button&amp#27;[0m &amp#27;[90m# StepDefinitions.Tree.the_user_writes_the_valid_python_code_and_clicks_on_run_button()&amp#27;[0m
      &amp#27;[31morg.openqa.selenium.ElementNotInteractableException: element not interactable
  (Session info: chrome=131.0.6778.140)
Build info: version: '4.26.0', revision: '8ccf0219d7'
System info: os.name: 'Windows 11', os.arch: 'amd64', os.version: '10.0', java.version: '21.0.5'
Driver info: org.openqa.selenium.chrome.ChromeDriver
Command: [d9a67ef1044e3ea7c7718810ff027742, sendKeysToElement {value=[Ljava.lang.CharSequence;@48be8427, id=f.4F846D5AE62B996F0ADF15C78B643F6C.d.842974A2F83B5DCC06C6BE18D6259E2A.e.50}]
Capabilities {acceptInsecureCerts: false, browserName: chrome, browserVersion: 131.0.6778.140, chrome: {chromedriverVersion: 131.0.6778.108 (3b014839fbc..., userDataDir: C:\Users\vamsh\AppData\Loca...}, fedcm:accounts: true, goog:chromeOptions: {debuggerAddress: localhost:63392}, networkConnectionEnabled: false, pageLoadStrategy: normal, platformName: windows, proxy: Proxy(), se:cdp: ws://localhost:63392/devtoo..., se:cdpVersion: 131.0.6778.140, setWindowRect: true, strictFileInteractability: false, timeouts: {implicit: 0, pageLoad: 300000, script: 30000}, unhandledPromptBehavior: dismiss and notify, webauthn:extension:credBlob: true, webauthn:extension:largeBlob: true, webauthn:extension:minPinLength: true, webauthn:extension:prf: true, webauthn:virtualAuthenticators: true}
Element: [[ChromeDriver: chrome on windows (d9a67ef1044e3ea7c7718810ff027742)] -> css selector: .CodeMirror textarea]
Session ID: d9a67ef1044e3ea7c7718810ff027742
	at java.base/jdk.internal.reflect.DirectConstructorHandleAccessor.newInstance(DirectConstructorHandleAccessor.java:62)
	at java.base/java.lang.reflect.Constructor.newInstanceWithCaller(Constructor.java:502)
	at java.base/java.lang.reflect.Constructor.newInstance(Constructor.java:486)
	at org.openqa.selenium.remote.ErrorCodec.decode(ErrorCodec.java:167)
	at org.openqa.selenium.remote.codec.w3c.W3CHttpResponseCodec.decode(W3CHttpResponseCodec.java:138)
	at org.openqa.selenium.remote.codec.w3c.W3CHttpResponseCodec.decode(W3CHttpResponseCodec.java:50)
	at org.openqa.selenium.remote.HttpCommandExecutor.execute(HttpCommandExecutor.java:190)
	at org.openqa.selenium.remote.service.DriverCommandExecutor.invokeExecute(DriverCommandExecutor.java:216)
	at org.openqa.selenium.remote.service.DriverCommandExecutor.execute(DriverCommandExecutor.java:174)
	at org.openqa.selenium.remote.RemoteWebDriver.execute(RemoteWebDriver.java:545)
	at org.openqa.selenium.remote.RemoteWebElement.execute(RemoteWebElement.java:223)
	at org.openqa.selenium.remote.RemoteWebElement.sendKeys(RemoteWebElement.java:110)
	at PageObjects.TreePage.writeInTryEditorWindow(TreePage.java:251)
	at StepDefinitions.Tree.the_user_writes_the_valid_python_code_and_clicks_on_run_button(Tree.java:93)
	at ✽.The user writes the valid python code and clicks on Run button(file:///C:/Projects/newFolder-3/Repo1/src/test/resources/Features/Tree.feature:117)
&amp#27;[0m
  &amp#27;[36mThen &amp#27;[0m&amp#27;[36mThe user is able to see the output inside the console.&amp#27;[0m         &amp#27;[90m# StepDefinitions.Tree.the_user_is_able_to_see_the_output_inside_the_console()&amp#27;[0m
[ERROR] 2024-12-17 11:54:56.906 [TestNG-PoolService-2] Hooks - ======================  TEST CASE FAILED !! ======================

    Embedding screenshot [image/png 7853 bytes]

[INFO ] 2024-12-17 11:54:57.074 [TestNG-PoolService-2] Hooks - ======================  Screenshot is captured  ======================
[INFO ] 2024-12-17 11:54:57.076 [TestNG-PoolService-2] Hooks - ======================  Test Execution is completed!! ======================
]]></system-out>
    <system-err><![CDATA[Dec 17, 2024 11:54:55 AM org.openqa.selenium.devtools.CdpVersionFinder findNearestMatch
WARNING: Unable to find an exact match for CDP version 131, returning the closest version; found: 130; Please update to a Selenium version that supports CDP version 131
]]></system-err>
  </testcase>
  <testcase name="runScenario[&quot;Try Here Editor page with valid data&quot;, &quot;Tree&quot;](170)" classname="TestRunners.TestRunner" time="2.234">
    <system-out><![CDATA[
Scenario: Tree Traversals                                     &amp#27;[90m# src/test/resources/Features/Tree.feature:126&amp#27;[0m
  &amp#27;[32mWhen &amp#27;[0m&amp#27;[32mThe user writes the valid python code and clicks on Run button&amp#27;[0m &amp#27;[90m# StepDefinitions.Tree.the_user_writes_the_valid_python_code_and_clicks_on_run_button()&amp#27;[0m
  &amp#27;[32mThen &amp#27;[0m&amp#27;[32mThe user is able to see the output inside the console.&amp#27;[0m         &amp#27;[90m# StepDefinitions.Tree.the_user_is_able_to_see_the_output_inside_the_console()&amp#27;[0m
[INFO ] 2024-12-17 12:10:44.841 [TestNG-PoolService-1] Hooks - ======================  Test Execution is completed!! ======================
]]></system-out>
  </testcase>
  <testcase name="runScenario[&quot;Try Here Editor page with invalid data&quot;, &quot;Tree&quot;](171)" classname="TestRunners.TestRunner" time="1.783">
    <failure message="element not interactable&#10;  (Session info: chrome=131.0.6778.140)&#10;Build info: version: &apos;4.26.0&apos;, revision: &apos;8ccf0219d7&apos;&#10;System info: os.name: &apos;Windows 11&apos;, os.arch: &apos;amd64&apos;, os.version: &apos;10.0&apos;, java.version: &apos;21.0.5&apos;&#10;Driver info: org.openqa.selenium.chrome.ChromeDriver&#10;Command: [27140fcc6bf18ce22fcb9316346abc9b, sendKeysToElement {value=[Ljava.lang.CharSequence;@637a195c, id=f.5382C4FEB8558AF39E5AADD3A73B44E8.d.F7EA2F01D8E59AB4EAE6042D560314E0.e.50}]&#10;Capabilities {acceptInsecureCerts: false, browserName: chrome, browserVersion: 131.0.6778.140, chrome: {chromedriverVersion: 131.0.6778.108 (3b014839fbc..., userDataDir: C:\Users\vamsh\AppData\Loca...}, fedcm:accounts: true, goog:chromeOptions: {debuggerAddress: localhost:63425}, networkConnectionEnabled: false, pageLoadStrategy: normal, platformName: windows, proxy: Proxy(), se:cdp: ws://localhost:63425/devtoo..., se:cdpVersion: 131.0.6778.140, setWindowRect: true, strictFileInteractability: false, timeouts: {implicit: 0, pageLoad: 300000, script: 30000}, unhandledPromptBehavior: dismiss and notify, webauthn:extension:credBlob: true, webauthn:extension:largeBlob: true, webauthn:extension:minPinLength: true, webauthn:extension:prf: true, webauthn:virtualAuthenticators: true}&#10;Element: [[ChromeDriver: chrome on windows (27140fcc6bf18ce22fcb9316346abc9b)] -&gt; css selector: .CodeMirror textarea]&#10;Session ID: 27140fcc6bf18ce22fcb9316346abc9b" type="org.openqa.selenium.ElementNotInteractableException"><![CDATA[org.openqa.selenium.ElementNotInteractableException: 
element not interactable
  (Session info: chrome=131.0.6778.140)
Build info: version: '4.26.0', revision: '8ccf0219d7'
System info: os.name: 'Windows 11', os.arch: 'amd64', os.version: '10.0', java.version: '21.0.5'
Driver info: org.openqa.selenium.chrome.ChromeDriver
Command: [27140fcc6bf18ce22fcb9316346abc9b, sendKeysToElement {value=[Ljava.lang.CharSequence;@637a195c, id=f.5382C4FEB8558AF39E5AADD3A73B44E8.d.F7EA2F01D8E59AB4EAE6042D560314E0.e.50}]
Capabilities {acceptInsecureCerts: false, browserName: chrome, browserVersion: 131.0.6778.140, chrome: {chromedriverVersion: 131.0.6778.108 (3b014839fbc..., userDataDir: C:\Users\vamsh\AppData\Loca...}, fedcm:accounts: true, goog:chromeOptions: {debuggerAddress: localhost:63425}, networkConnectionEnabled: false, pageLoadStrategy: normal, platformName: windows, proxy: Proxy(), se:cdp: ws://localhost:63425/devtoo..., se:cdpVersion: 131.0.6778.140, setWindowRect: true, strictFileInteractability: false, timeouts: {implicit: 0, pageLoad: 300000, script: 30000}, unhandledPromptBehavior: dismiss and notify, webauthn:extension:credBlob: true, webauthn:extension:largeBlob: true, webauthn:extension:minPinLength: true, webauthn:extension:prf: true, webauthn:virtualAuthenticators: true}
Element: [[ChromeDriver: chrome on windows (27140fcc6bf18ce22fcb9316346abc9b)] -> css selector: .CodeMirror textarea]
Session ID: 27140fcc6bf18ce22fcb9316346abc9b
]]></failure>
    <system-out><![CDATA[
Scenario: Traversals-Illustration                                    &amp#27;[90m# src/test/resources/Features/Tree.feature:133&amp#27;[0m
  &amp#27;[32mGiven &amp#27;[0m&amp#27;[32mThe user is on the Editor page of Tree Traversals page&amp#27;[0m          &amp#27;[90m# StepDefinitions.Tree.the_user_is_on_the_Editor_page_of_tree_traversals_page()&amp#27;[0m
  &amp#27;[31mWhen &amp#27;[0m&amp#27;[31mThe user writes the invalid python code and clicks on Run button&amp#27;[0m &amp#27;[90m# StepDefinitions.Tree.the_user_writes_the_invalid_python_code_and_clicks_on_run_button()&amp#27;[0m
      &amp#27;[31morg.openqa.selenium.ElementNotInteractableException: element not interactable
  (Session info: chrome=131.0.6778.140)
Build info: version: '4.26.0', revision: '8ccf0219d7'
System info: os.name: 'Windows 11', os.arch: 'amd64', os.version: '10.0', java.version: '21.0.5'
Driver info: org.openqa.selenium.chrome.ChromeDriver
Command: [27140fcc6bf18ce22fcb9316346abc9b, sendKeysToElement {value=[Ljava.lang.CharSequence;@637a195c, id=f.5382C4FEB8558AF39E5AADD3A73B44E8.d.F7EA2F01D8E59AB4EAE6042D560314E0.e.50}]
Capabilities {acceptInsecureCerts: false, browserName: chrome, browserVersion: 131.0.6778.140, chrome: {chromedriverVersion: 131.0.6778.108 (3b014839fbc..., userDataDir: C:\Users\vamsh\AppData\Loca...}, fedcm:accounts: true, goog:chromeOptions: {debuggerAddress: localhost:63425}, networkConnectionEnabled: false, pageLoadStrategy: normal, platformName: windows, proxy: Proxy(), se:cdp: ws://localhost:63425/devtoo..., se:cdpVersion: 131.0.6778.140, setWindowRect: true, strictFileInteractability: false, timeouts: {implicit: 0, pageLoad: 300000, script: 30000}, unhandledPromptBehavior: dismiss and notify, webauthn:extension:credBlob: true, webauthn:extension:largeBlob: true, webauthn:extension:minPinLength: true, webauthn:extension:prf: true, webauthn:virtualAuthenticators: true}
Element: [[ChromeDriver: chrome on windows (27140fcc6bf18ce22fcb9316346abc9b)] -> css selector: .CodeMirror textarea]
Session ID: 27140fcc6bf18ce22fcb9316346abc9b
	at java.base/jdk.internal.reflect.DirectConstructorHandleAccessor.newInstance(DirectConstructorHandleAccessor.java:62)
	at java.base/java.lang.reflect.Constructor.newInstanceWithCaller(Constructor.java:502)
	at java.base/java.lang.reflect.Constructor.newInstance(Constructor.java:486)
	at org.openqa.selenium.remote.ErrorCodec.decode(ErrorCodec.java:167)
	at org.openqa.selenium.remote.codec.w3c.W3CHttpResponseCodec.decode(W3CHttpResponseCodec.java:138)
	at org.openqa.selenium.remote.codec.w3c.W3CHttpResponseCodec.decode(W3CHttpResponseCodec.java:50)
	at org.openqa.selenium.remote.HttpCommandExecutor.execute(HttpCommandExecutor.java:190)
	at org.openqa.selenium.remote.service.DriverCommandExecutor.invokeExecute(DriverCommandExecutor.java:216)
	at org.openqa.selenium.remote.service.DriverCommandExecutor.execute(DriverCommandExecutor.java:174)
	at org.openqa.selenium.remote.RemoteWebDriver.execute(RemoteWebDriver.java:545)
	at org.openqa.selenium.remote.RemoteWebElement.execute(RemoteWebElement.java:223)
	at org.openqa.selenium.remote.RemoteWebElement.sendKeys(RemoteWebElement.java:110)
	at PageObjects.TreePage.writeInTryEditorWindow(TreePage.java:251)
	at StepDefinitions.Tree.the_user_writes_the_invalid_python_code_and_clicks_on_run_button(Tree.java:106)
	at ✽.The user writes the invalid python code and clicks on Run button(file:///C:/Projects/newFolder-3/Repo1/src/test/resources/Features/Tree.feature:123)
&amp#27;[0m
  &amp#27;[36mThen &amp#27;[0m&amp#27;[36mThe user see error msg in alert window&amp#27;[0m                           &amp#27;[90m# StepDefinitions.Tree.the_user_see_error_msg_in_alert_window()&amp#27;[0m
[ERROR] 2024-12-17 11:54:58.224 [TestNG-PoolService-1] Hooks - ======================  TEST CASE FAILED !! ======================
  &amp#27;[32mGiven &amp#27;[0m&amp#27;[32mThe user is on the DS Introduction page as signedIn&amp#27;[0m   &amp#27;[90m# StepDefinitions.DSIntroductionDetails.the_user_is_on_the_ds_introduction_page_as_signed_in()&amp#27;[0m

    Embedding screenshot [image/png 7853 bytes]

[INFO ] 2024-12-17 11:54:58.425 [TestNG-PoolService-1] Hooks - ======================  Screenshot is captured  ======================
[INFO ] 2024-12-17 11:54:58.427 [TestNG-PoolService-1] Hooks - ======================  Test Execution is completed!! ======================
  &amp#27;[32mAnd &amp#27;[0m&amp#27;[32mUser clicks on Get Started button from Tree panel&amp#27;[0m       &amp#27;[90m# StepDefinitions.Tree.user_clicks_on_get_started_button_from_tree_panel()&amp#27;[0m
]]></system-out>
    <system-err><![CDATA[Dec 17, 2024 11:54:59 AM org.openqa.selenium.devtools.CdpVersionFinder findNearestMatch
WARNING: Unable to find an exact match for CDP version 131, returning the closest version; found: 130; Please update to a Selenium version that supports CDP version 131
]]></system-err>
  </testcase>
  <testcase name="runScenario[&quot;Tree Traversals&quot;, &quot;Tree&quot;](172)" classname="TestRunners.TestRunner" time="1.048">
    <system-out><![CDATA[
Scenario: Try Here Editor page with empty code                               &amp#27;[90m# src/test/resources/Features/Tree.feature:139&amp#27;[0m
  &amp#27;[32mGiven &amp#27;[0m&amp#27;[32mThe user is on the Tree Traversals page&amp#27;[0m               &amp#27;[90m# StepDefinitions.Tree.the_user_is_on_the_tree_traversals_page()&amp#27;[0m
  &amp#27;[32mWhen &amp#27;[0m&amp#27;[32mThe user clicks Traversals-Illustration link&amp#27;[0m           &amp#27;[90m# StepDefinitions.Tree.the_user_clicks_traversals_illustration_link()&amp#27;[0m
  &amp#27;[32mThen &amp#27;[0m&amp#27;[32mThe user is redirected to Traversals-Illustration page&amp#27;[0m &amp#27;[90m# StepDefinitions.Tree.the_user_is_redirected_to_traversals_illustration_page()&amp#27;[0m
[INFO ] 2024-12-17 11:54:59.926 [TestNG-PoolService-3] Hooks - ======================  Test Execution is completed!! ======================
]]></system-out>
  </testcase>
  <testcase name="runScenario[&quot;Tree Traversals&quot;, &quot;Tree&quot;](172)" classname="TestRunners.TestRunner" time="1.318">
    <system-out><![CDATA[
Scenario: Try Here Editor page with empty code                               &amp#27;[90m# src/test/resources/Features/Tree.feature:139&amp#27;[0m
  &amp#27;[32mAnd &amp#27;[0m&amp#27;[32mUser clicks on Get Started button from Tree panel&amp#27;[0m              &amp#27;[90m# StepDefinitions.Tree.user_clicks_on_get_started_button_from_tree_panel()&amp#27;[0m
  &amp#27;[32mGiven &amp#27;[0m&amp#27;[32mThe user is on the Traversals-Illustration page&amp#27;[0m              &amp#27;[90m# StepDefinitions.Tree.the_user_is_on_the_traversals_illustration_page()&amp#27;[0m
  &amp#27;[32mWhen &amp#27;[0m&amp#27;[32mThe user clicks Try Here button&amp#27;[0m                               &amp#27;[90m# StepDefinitions.Tree.the_user_clicks_try_here_button()&amp#27;[0m
  &amp#27;[32mThen &amp#27;[0m&amp#27;[32mThe user is redirected to a page having Editor and run button&amp#27;[0m &amp#27;[90m# StepDefinitions.Tree.the_user_is_redirected_to_a_page_having_editor_and_run_button()&amp#27;[0m
[INFO ] 2024-12-17 12:24:38.685 [TestNG-PoolService-2] Hooks - ======================  Test Execution is completed!! ======================
]]></system-out>
  </testcase>
  <testcase name="runScenario[&quot;Traversals-Illustration&quot;, &quot;Tree&quot;](173)" classname="TestRunners.TestRunner" time="4.336">
    <system-out><![CDATA[
Scenario: Try Here Editor page with valid data                         &amp#27;[90m# src/test/resources/Features/Tree.feature:145&amp#27;[0m
  &amp#27;[32mGiven &amp#27;[0m&amp#27;[32mThe user is on the DS Introduction page as signedIn&amp#27;[0m          &amp#27;[90m# StepDefinitions.DSIntroductionDetails.the_user_is_on_the_ds_introduction_page_as_signed_in()&amp#27;[0m
  &amp#27;[32mAnd &amp#27;[0m&amp#27;[32mUser clicks on Get Started button from Tree panel&amp#27;[0m              &amp#27;[90m# StepDefinitions.Tree.user_clicks_on_get_started_button_from_tree_panel()&amp#27;[0m
  &amp#27;[32mGiven &amp#27;[0m&amp#27;[32mThe user is on the Traversals-Illustration page&amp#27;[0m              &amp#27;[90m# StepDefinitions.Tree.the_user_is_on_the_traversals_illustration_page()&amp#27;[0m
  &amp#27;[32mGiven &amp#27;[0m&amp#27;[32mThe user is on the DS Introduction page as signedIn&amp#27;[0m                  &amp#27;[90m# StepDefinitions.DSIntroductionDetails.the_user_is_on_the_ds_introduction_page_as_signed_in()&amp#27;[0m
  &amp#27;[32mWhen &amp#27;[0m&amp#27;[32mThe user clicks Try Here button&amp#27;[0m                               &amp#27;[90m# StepDefinitions.Tree.the_user_clicks_try_here_button()&amp#27;[0m
  &amp#27;[32mAnd &amp#27;[0m&amp#27;[32mUser clicks on Get Started button from Tree panel&amp#27;[0m                      &amp#27;[90m# StepDefinitions.Tree.user_clicks_on_get_started_button_from_tree_panel()&amp#27;[0m
  &amp#27;[32mThen &amp#27;[0m&amp#27;[32mThe user is redirected to a page having Editor and run button&amp#27;[0m &amp#27;[90m# StepDefinitions.Tree.the_user_is_redirected_to_a_page_having_editor_and_run_button()&amp#27;[0m
[INFO ] 2024-12-17 11:55:04.225 [TestNG-PoolService-2] Hooks - ======================  Test Execution is completed!! ======================
]]></system-out>
    <system-err><![CDATA[Dec 17, 2024 11:55:01 AM org.openqa.selenium.devtools.CdpVersionFinder findNearestMatch
WARNING: Unable to find an exact match for CDP version 131, returning the closest version; found: 130; Please update to a Selenium version that supports CDP version 131
Dec 17, 2024 11:55:02 AM org.openqa.selenium.devtools.CdpVersionFinder findNearestMatch
WARNING: Unable to find an exact match for CDP version 131, returning the closest version; found: 130; Please update to a Selenium version that supports CDP version 131
]]></system-err>
  </testcase>
  <testcase name="runScenario[&quot;Traversals-Illustration&quot;, &quot;Tree&quot;](173)" classname="TestRunners.TestRunner" time="1.13">
    <system-out><![CDATA[
Scenario: Try Here Editor page with valid data                         &amp#27;[90m# src/test/resources/Features/Tree.feature:145&amp#27;[0m
]]></system-out>
  </testcase>
  <testcase name="runScenario[&quot;Try Here Editor page with empty code&quot;, &quot;Tree&quot;](174)" classname="TestRunners.TestRunner" time="2.017">
    <failure message="element not interactable&#10;  (Session info: chrome=131.0.6778.140)&#10;Build info: version: &apos;4.26.0&apos;, revision: &apos;8ccf0219d7&apos;&#10;System info: os.name: &apos;Windows 11&apos;, os.arch: &apos;amd64&apos;, os.version: &apos;10.0&apos;, java.version: &apos;21.0.5&apos;&#10;Driver info: org.openqa.selenium.chrome.ChromeDriver&#10;Command: [732ba04df54d8153280bb0be124ec8f3, sendKeysToElement {value=[Ljava.lang.CharSequence;@2b83c817, id=f.21B4839A7DD0F708C1C3A57838554259.d.F830AFBD7251D260B636F5F5428576E2.e.49}]&#10;Capabilities {acceptInsecureCerts: false, browserName: chrome, browserVersion: 131.0.6778.140, chrome: {chromedriverVersion: 131.0.6778.108 (3b014839fbc..., userDataDir: C:\Users\vamsh\AppData\Loca...}, fedcm:accounts: true, goog:chromeOptions: {debuggerAddress: localhost:63608}, networkConnectionEnabled: false, pageLoadStrategy: normal, platformName: windows, proxy: Proxy(), se:cdp: ws://localhost:63608/devtoo..., se:cdpVersion: 131.0.6778.140, setWindowRect: true, strictFileInteractability: false, timeouts: {implicit: 0, pageLoad: 300000, script: 30000}, unhandledPromptBehavior: dismiss and notify, webauthn:extension:credBlob: true, webauthn:extension:largeBlob: true, webauthn:extension:minPinLength: true, webauthn:extension:prf: true, webauthn:virtualAuthenticators: true}&#10;Element: [[ChromeDriver: chrome on windows (732ba04df54d8153280bb0be124ec8f3)] -&gt; css selector: .CodeMirror textarea]&#10;Session ID: 732ba04df54d8153280bb0be124ec8f3" type="org.openqa.selenium.ElementNotInteractableException"><![CDATA[org.openqa.selenium.ElementNotInteractableException: 
element not interactable
  (Session info: chrome=131.0.6778.140)
Build info: version: '4.26.0', revision: '8ccf0219d7'
System info: os.name: 'Windows 11', os.arch: 'amd64', os.version: '10.0', java.version: '21.0.5'
Driver info: org.openqa.selenium.chrome.ChromeDriver
Command: [732ba04df54d8153280bb0be124ec8f3, sendKeysToElement {value=[Ljava.lang.CharSequence;@2b83c817, id=f.21B4839A7DD0F708C1C3A57838554259.d.F830AFBD7251D260B636F5F5428576E2.e.49}]
Capabilities {acceptInsecureCerts: false, browserName: chrome, browserVersion: 131.0.6778.140, chrome: {chromedriverVersion: 131.0.6778.108 (3b014839fbc..., userDataDir: C:\Users\vamsh\AppData\Loca...}, fedcm:accounts: true, goog:chromeOptions: {debuggerAddress: localhost:63608}, networkConnectionEnabled: false, pageLoadStrategy: normal, platformName: windows, proxy: Proxy(), se:cdp: ws://localhost:63608/devtoo..., se:cdpVersion: 131.0.6778.140, setWindowRect: true, strictFileInteractability: false, timeouts: {implicit: 0, pageLoad: 300000, script: 30000}, unhandledPromptBehavior: dismiss and notify, webauthn:extension:credBlob: true, webauthn:extension:largeBlob: true, webauthn:extension:minPinLength: true, webauthn:extension:prf: true, webauthn:virtualAuthenticators: true}
Element: [[ChromeDriver: chrome on windows (732ba04df54d8153280bb0be124ec8f3)] -> css selector: .CodeMirror textarea]
Session ID: 732ba04df54d8153280bb0be124ec8f3
]]></failure>
    <system-out><![CDATA[
Scenario: Try Here Editor page with invalid data                        &amp#27;[90m# src/test/resources/Features/Tree.feature:151&amp#27;[0m
  &amp#27;[32mGiven &amp#27;[0m&amp#27;[32mThe user is on the DS Introduction page as signedIn&amp#27;[0m            &amp#27;[90m# StepDefinitions.DSIntroductionDetails.the_user_is_on_the_ds_introduction_page_as_signed_in()&amp#27;[0m
  &amp#27;[32mGiven &amp#27;[0m&amp#27;[32mThe user is on the Editor page of Traversals-Illustration page&amp#27;[0m       &amp#27;[90m# StepDefinitions.Tree.the_user_is_on_the_Editor_page_of_traversals_illustration_page()&amp#27;[0m
  &amp#27;[32mAnd &amp#27;[0m&amp#27;[32mUser clicks on Get Started button from Tree panel&amp#27;[0m                &amp#27;[90m# StepDefinitions.Tree.user_clicks_on_get_started_button_from_tree_panel()&amp#27;[0m
  &amp#27;[31mWhen &amp#27;[0m&amp#27;[31mThe user writes no code inside editor window and clicks on Run button&amp#27;[0m &amp#27;[90m# StepDefinitions.Tree.the_user_writes_no_code_inside_editor_window_and_clicks_on_run_button()&amp#27;[0m
      &amp#27;[31morg.openqa.selenium.ElementNotInteractableException: element not interactable
  (Session info: chrome=131.0.6778.140)
Build info: version: '4.26.0', revision: '8ccf0219d7'
System info: os.name: 'Windows 11', os.arch: 'amd64', os.version: '10.0', java.version: '21.0.5'
Driver info: org.openqa.selenium.chrome.ChromeDriver
Command: [732ba04df54d8153280bb0be124ec8f3, sendKeysToElement {value=[Ljava.lang.CharSequence;@2b83c817, id=f.21B4839A7DD0F708C1C3A57838554259.d.F830AFBD7251D260B636F5F5428576E2.e.49}]
Capabilities {acceptInsecureCerts: false, browserName: chrome, browserVersion: 131.0.6778.140, chrome: {chromedriverVersion: 131.0.6778.108 (3b014839fbc..., userDataDir: C:\Users\vamsh\AppData\Loca...}, fedcm:accounts: true, goog:chromeOptions: {debuggerAddress: localhost:63608}, networkConnectionEnabled: false, pageLoadStrategy: normal, platformName: windows, proxy: Proxy(), se:cdp: ws://localhost:63608/devtoo..., se:cdpVersion: 131.0.6778.140, setWindowRect: true, strictFileInteractability: false, timeouts: {implicit: 0, pageLoad: 300000, script: 30000}, unhandledPromptBehavior: dismiss and notify, webauthn:extension:credBlob: true, webauthn:extension:largeBlob: true, webauthn:extension:minPinLength: true, webauthn:extension:prf: true, webauthn:virtualAuthenticators: true}
Element: [[ChromeDriver: chrome on windows (732ba04df54d8153280bb0be124ec8f3)] -> css selector: .CodeMirror textarea]
Session ID: 732ba04df54d8153280bb0be124ec8f3
	at java.base/jdk.internal.reflect.DirectConstructorHandleAccessor.newInstance(DirectConstructorHandleAccessor.java:62)
	at java.base/java.lang.reflect.Constructor.newInstanceWithCaller(Constructor.java:502)
	at java.base/java.lang.reflect.Constructor.newInstance(Constructor.java:486)
	at org.openqa.selenium.remote.ErrorCodec.decode(ErrorCodec.java:167)
	at org.openqa.selenium.remote.codec.w3c.W3CHttpResponseCodec.decode(W3CHttpResponseCodec.java:138)
	at org.openqa.selenium.remote.codec.w3c.W3CHttpResponseCodec.decode(W3CHttpResponseCodec.java:50)
	at org.openqa.selenium.remote.HttpCommandExecutor.execute(HttpCommandExecutor.java:190)
	at org.openqa.selenium.remote.service.DriverCommandExecutor.invokeExecute(DriverCommandExecutor.java:216)
	at org.openqa.selenium.remote.service.DriverCommandExecutor.execute(DriverCommandExecutor.java:174)
	at org.openqa.selenium.remote.RemoteWebDriver.execute(RemoteWebDriver.java:545)
	at org.openqa.selenium.remote.RemoteWebElement.execute(RemoteWebElement.java:223)
	at org.openqa.selenium.remote.RemoteWebElement.sendKeys(RemoteWebElement.java:110)
	at PageObjects.TreePage.writeInTryEditorWindow(TreePage.java:251)
	at StepDefinitions.Tree.the_user_writes_no_code_inside_editor_window_and_clicks_on_run_button(Tree.java:80)
	at ✽.The user writes no code inside editor window and clicks on Run button(file:///C:/Projects/newFolder-3/Repo1/src/test/resources/Features/Tree.feature:142)
&amp#27;[0m
  &amp#27;[36mThen &amp#27;[0m&amp#27;[36mNothing happens to the Editor page and no error message is displayed&amp#27;[0m  &amp#27;[90m# StepDefinitions.Tree.nothing_happens_to_the_editor_page_and_no_error_message_is_displayed()&amp#27;[0m
[ERROR] 2024-12-17 11:55:05.522 [TestNG-PoolService-1] Hooks - ======================  TEST CASE FAILED !! ======================

    Embedding screenshot [image/png 7853 bytes]

[INFO ] 2024-12-17 11:55:05.779 [TestNG-PoolService-1] Hooks - ======================  Screenshot is captured  ======================
[INFO ] 2024-12-17 11:55:05.787 [TestNG-PoolService-1] Hooks - ======================  Test Execution is completed!! ======================
]]></system-out>
    <system-err><![CDATA[Dec 17, 2024 11:55:06 AM org.openqa.selenium.devtools.CdpVersionFinder findNearestMatch
WARNING: Unable to find an exact match for CDP version 131, returning the closest version; found: 130; Please update to a Selenium version that supports CDP version 131
]]></system-err>
  </testcase>
  <testcase name="runScenario[&quot;Try Here Editor page with empty code&quot;, &quot;Tree&quot;](174)" classname="TestRunners.TestRunner" time="6.931">
    <failure message="element not interactable&#10;  (Session info: MicrosoftEdge=131.0.2903.99)&#10;Build info: version: &apos;4.26.0&apos;, revision: &apos;8ccf0219d7&apos;&#10;System info: os.name: &apos;Windows 11&apos;, os.arch: &apos;amd64&apos;, os.version: &apos;10.0&apos;, java.version: &apos;21.0.5&apos;&#10;Driver info: org.openqa.selenium.edge.EdgeDriver&#10;Command: [259e31e7332f7b3c503de57052713f70, sendKeysToElement {value=[Ljava.lang.CharSequence;@71cb84db, id=f.51D5AD1F72614D73D85343BAB58B2B77.d.4487FFB4468559105ED09F598C1D5C2F.e.40}]&#10;Capabilities {acceptInsecureCerts: false, browserName: MicrosoftEdge, browserVersion: 131.0.2903.99, fedcm:accounts: true, ms:edgeOptions: {debuggerAddress: localhost:59980}, msedge: {msedgedriverVersion: 131.0.2903.99 (f96a870b1316..., userDataDir: C:\Users\vamsh\AppData\Loca...}, networkConnectionEnabled: false, pageLoadStrategy: normal, platformName: windows, proxy: Proxy(), se:cdp: ws://localhost:59980/devtoo..., se:cdpVersion: 131.0.2903.99, setWindowRect: true, strictFileInteractability: false, timeouts: {implicit: 0, pageLoad: 300000, script: 30000}, unhandledPromptBehavior: dismiss and notify, webauthn:extension:credBlob: true, webauthn:extension:largeBlob: true, webauthn:extension:minPinLength: true, webauthn:extension:prf: true, webauthn:virtualAuthenticators: true}&#10;Element: [[EdgeDriver: MicrosoftEdge on windows (259e31e7332f7b3c503de57052713f70)] -&gt; css selector: .CodeMirror textarea]&#10;Session ID: 259e31e7332f7b3c503de57052713f70" type="org.openqa.selenium.ElementNotInteractableException"><![CDATA[org.openqa.selenium.ElementNotInteractableException: 
element not interactable
  (Session info: MicrosoftEdge=131.0.2903.99)
Build info: version: '4.26.0', revision: '8ccf0219d7'
System info: os.name: 'Windows 11', os.arch: 'amd64', os.version: '10.0', java.version: '21.0.5'
Driver info: org.openqa.selenium.edge.EdgeDriver
Command: [259e31e7332f7b3c503de57052713f70, sendKeysToElement {value=[Ljava.lang.CharSequence;@71cb84db, id=f.51D5AD1F72614D73D85343BAB58B2B77.d.4487FFB4468559105ED09F598C1D5C2F.e.40}]
Capabilities {acceptInsecureCerts: false, browserName: MicrosoftEdge, browserVersion: 131.0.2903.99, fedcm:accounts: true, ms:edgeOptions: {debuggerAddress: localhost:59980}, msedge: {msedgedriverVersion: 131.0.2903.99 (f96a870b1316..., userDataDir: C:\Users\vamsh\AppData\Loca...}, networkConnectionEnabled: false, pageLoadStrategy: normal, platformName: windows, proxy: Proxy(), se:cdp: ws://localhost:59980/devtoo..., se:cdpVersion: 131.0.2903.99, setWindowRect: true, strictFileInteractability: false, timeouts: {implicit: 0, pageLoad: 300000, script: 30000}, unhandledPromptBehavior: dismiss and notify, webauthn:extension:credBlob: true, webauthn:extension:largeBlob: true, webauthn:extension:minPinLength: true, webauthn:extension:prf: true, webauthn:virtualAuthenticators: true}
Element: [[EdgeDriver: MicrosoftEdge on windows (259e31e7332f7b3c503de57052713f70)] -> css selector: .CodeMirror textarea]
Session ID: 259e31e7332f7b3c503de57052713f70
]]></failure>
    <system-out><![CDATA[
Scenario: Try Here Editor page with invalid data                        &amp#27;[90m# src/test/resources/Features/Tree.feature:151&amp#27;[0m
  &amp#27;[32mGiven &amp#27;[0m&amp#27;[32mThe user is on the DS Introduction page as signedIn&amp#27;[0m                  &amp#27;[90m# StepDefinitions.DSIntroductionDetails.the_user_is_on_the_ds_introduction_page_as_signed_in()&amp#27;[0m
  &amp#27;[32mAnd &amp#27;[0m&amp#27;[32mUser clicks on Get Started button from Tree panel&amp#27;[0m                      &amp#27;[90m# StepDefinitions.Tree.user_clicks_on_get_started_button_from_tree_panel()&amp#27;[0m
  &amp#27;[32mGiven &amp#27;[0m&amp#27;[32mThe user is on the DS Introduction page as signedIn&amp#27;[0m            &amp#27;[90m# StepDefinitions.DSIntroductionDetails.the_user_is_on_the_ds_introduction_page_as_signed_in()&amp#27;[0m
  &amp#27;[32mGiven &amp#27;[0m&amp#27;[32mThe user is on the Editor page of Traversals-Illustration page&amp#27;[0m       &amp#27;[90m# StepDefinitions.Tree.the_user_is_on_the_Editor_page_of_traversals_illustration_page()&amp#27;[0m
  &amp#27;[32mAnd &amp#27;[0m&amp#27;[32mUser clicks on Get Started button from Tree panel&amp#27;[0m                &amp#27;[90m# StepDefinitions.Tree.user_clicks_on_get_started_button_from_tree_panel()&amp#27;[0m
  &amp#27;[31mWhen &amp#27;[0m&amp#27;[31mThe user writes no code inside editor window and clicks on Run button&amp#27;[0m &amp#27;[90m# StepDefinitions.Tree.the_user_writes_no_code_inside_editor_window_and_clicks_on_run_button()&amp#27;[0m
      &amp#27;[31morg.openqa.selenium.ElementNotInteractableException: element not interactable
  (Session info: MicrosoftEdge=131.0.2903.99)
Build info: version: '4.26.0', revision: '8ccf0219d7'
System info: os.name: 'Windows 11', os.arch: 'amd64', os.version: '10.0', java.version: '21.0.5'
Driver info: org.openqa.selenium.edge.EdgeDriver
Command: [259e31e7332f7b3c503de57052713f70, sendKeysToElement {value=[Ljava.lang.CharSequence;@71cb84db, id=f.51D5AD1F72614D73D85343BAB58B2B77.d.4487FFB4468559105ED09F598C1D5C2F.e.40}]
Capabilities {acceptInsecureCerts: false, browserName: MicrosoftEdge, browserVersion: 131.0.2903.99, fedcm:accounts: true, ms:edgeOptions: {debuggerAddress: localhost:59980}, msedge: {msedgedriverVersion: 131.0.2903.99 (f96a870b1316..., userDataDir: C:\Users\vamsh\AppData\Loca...}, networkConnectionEnabled: false, pageLoadStrategy: normal, platformName: windows, proxy: Proxy(), se:cdp: ws://localhost:59980/devtoo..., se:cdpVersion: 131.0.2903.99, setWindowRect: true, strictFileInteractability: false, timeouts: {implicit: 0, pageLoad: 300000, script: 30000}, unhandledPromptBehavior: dismiss and notify, webauthn:extension:credBlob: true, webauthn:extension:largeBlob: true, webauthn:extension:minPinLength: true, webauthn:extension:prf: true, webauthn:virtualAuthenticators: true}
Element: [[EdgeDriver: MicrosoftEdge on windows (259e31e7332f7b3c503de57052713f70)] -> css selector: .CodeMirror textarea]
Session ID: 259e31e7332f7b3c503de57052713f70
	at java.base/jdk.internal.reflect.DirectConstructorHandleAccessor.newInstance(DirectConstructorHandleAccessor.java:62)
	at java.base/java.lang.reflect.Constructor.newInstanceWithCaller(Constructor.java:502)
	at java.base/java.lang.reflect.Constructor.newInstance(Constructor.java:486)
	at org.openqa.selenium.remote.ErrorCodec.decode(ErrorCodec.java:167)
	at org.openqa.selenium.remote.codec.w3c.W3CHttpResponseCodec.decode(W3CHttpResponseCodec.java:138)
	at org.openqa.selenium.remote.codec.w3c.W3CHttpResponseCodec.decode(W3CHttpResponseCodec.java:50)
	at org.openqa.selenium.remote.HttpCommandExecutor.execute(HttpCommandExecutor.java:190)
	at org.openqa.selenium.remote.service.DriverCommandExecutor.invokeExecute(DriverCommandExecutor.java:216)
	at org.openqa.selenium.remote.service.DriverCommandExecutor.execute(DriverCommandExecutor.java:174)
	at org.openqa.selenium.remote.RemoteWebDriver.execute(RemoteWebDriver.java:545)
	at org.openqa.selenium.remote.RemoteWebElement.execute(RemoteWebElement.java:223)
	at org.openqa.selenium.remote.RemoteWebElement.sendKeys(RemoteWebElement.java:110)
	at PageObjects.TreePage.writeInTryEditorWindow(TreePage.java:251)
	at StepDefinitions.Tree.the_user_writes_no_code_inside_editor_window_and_clicks_on_run_button(Tree.java:80)
	at ✽.The user writes no code inside editor window and clicks on Run button(file:///C:/Projects/newFolder-3/Repo1/src/test/resources/Features/Tree.feature:142)
&amp#27;[0m
  &amp#27;[36mThen &amp#27;[0m&amp#27;[36mNothing happens to the Editor page and no error message is displayed&amp#27;[0m  &amp#27;[90m# StepDefinitions.Tree.nothing_happens_to_the_editor_page_and_no_error_message_is_displayed()&amp#27;[0m
[ERROR] 2024-12-17 12:24:45.317 [TestNG-PoolService-1] Hooks - ======================  TEST CASE FAILED !! ======================

    Embedding screenshot [image/png 7890 bytes]

[INFO ] 2024-12-17 12:24:45.510 [TestNG-PoolService-1] Hooks - ======================  Screenshot is captured  ======================
[INFO ] 2024-12-17 12:24:45.511 [TestNG-PoolService-1] Hooks - ======================  Test Execution is completed!! ======================
  &amp#27;[32mGiven &amp#27;[0m&amp#27;[32mThe user is on the DS Introduction page as signedIn&amp#27;[0m             &amp#27;[90m# StepDefinitions.DSIntroductionDetails.the_user_is_on_the_ds_introduction_page_as_signed_in()&amp#27;[0m
  &amp#27;[32mAnd &amp#27;[0m&amp#27;[32mUser clicks on Get Started button from Tree panel&amp#27;[0m                 &amp#27;[90m# StepDefinitions.Tree.user_clicks_on_get_started_button_from_tree_panel()&amp#27;[0m
  &amp#27;[32mGiven &amp#27;[0m&amp#27;[32mThe user is on the Editor page of Traversals-Illustration page&amp#27;[0m &amp#27;[90m# StepDefinitions.Tree.the_user_is_on_the_Editor_page_of_traversals_illustration_page()&amp#27;[0m
  &amp#27;[31mWhen &amp#27;[0m&amp#27;[31mThe user writes the valid python code and clicks on Run button&amp#27;[0m  &amp#27;[90m# StepDefinitions.Tree.the_user_writes_the_valid_python_code_and_clicks_on_run_button()&amp#27;[0m
      &amp#27;[31morg.openqa.selenium.ElementNotInteractableException: element not interactable
  (Session info: MicrosoftEdge=131.0.2903.99)
Build info: version: '4.26.0', revision: '8ccf0219d7'
System info: os.name: 'Windows 11', os.arch: 'amd64', os.version: '10.0', java.version: '21.0.5'
Driver info: org.openqa.selenium.edge.EdgeDriver
Command: [fee7ecd2b9f133645dc211a83ba84ceb, sendKeysToElement {value=[Ljava.lang.CharSequence;@7ae36aba, id=f.8C46DF1D30044DB88DA94BA876544180.d.65E29920CC1115208C298750CC4B34EC.e.36}]
Capabilities {acceptInsecureCerts: false, browserName: MicrosoftEdge, browserVersion: 131.0.2903.99, fedcm:accounts: true, ms:edgeOptions: {debuggerAddress: localhost:60020}, msedge: {msedgedriverVersion: 131.0.2903.99 (f96a870b1316..., userDataDir: C:\Users\vamsh\AppData\Loca...}, networkConnectionEnabled: false, pageLoadStrategy: normal, platformName: windows, proxy: Proxy(), se:cdp: ws://localhost:60020/devtoo..., se:cdpVersion: 131.0.2903.99, setWindowRect: true, strictFileInteractability: false, timeouts: {implicit: 0, pageLoad: 300000, script: 30000}, unhandledPromptBehavior: dismiss and notify, webauthn:extension:credBlob: true, webauthn:extension:largeBlob: true, webauthn:extension:minPinLength: true, webauthn:extension:prf: true, webauthn:virtualAuthenticators: true}
Element: [[EdgeDriver: MicrosoftEdge on windows (fee7ecd2b9f133645dc211a83ba84ceb)] -> css selector: .CodeMirror textarea]
Session ID: fee7ecd2b9f133645dc211a83ba84ceb
	at java.base/jdk.internal.reflect.DirectConstructorHandleAccessor.newInstance(DirectConstructorHandleAccessor.java:62)
	at java.base/java.lang.reflect.Constructor.newInstanceWithCaller(Constructor.java:502)
	at java.base/java.lang.reflect.Constructor.newInstance(Constructor.java:486)
	at org.openqa.selenium.remote.ErrorCodec.decode(ErrorCodec.java:167)
	at org.openqa.selenium.remote.codec.w3c.W3CHttpResponseCodec.decode(W3CHttpResponseCodec.java:138)
	at org.openqa.selenium.remote.codec.w3c.W3CHttpResponseCodec.decode(W3CHttpResponseCodec.java:50)
	at org.openqa.selenium.remote.HttpCommandExecutor.execute(HttpCommandExecutor.java:190)
	at org.openqa.selenium.remote.service.DriverCommandExecutor.invokeExecute(DriverCommandExecutor.java:216)
	at org.openqa.selenium.remote.service.DriverCommandExecutor.execute(DriverCommandExecutor.java:174)
	at org.openqa.selenium.remote.RemoteWebDriver.execute(RemoteWebDriver.java:545)
	at org.openqa.selenium.remote.RemoteWebElement.execute(RemoteWebElement.java:223)
	at org.openqa.selenium.remote.RemoteWebElement.sendKeys(RemoteWebElement.java:110)
	at PageObjects.TreePage.writeInTryEditorWindow(TreePage.java:251)
	at StepDefinitions.Tree.the_user_writes_the_valid_python_code_and_clicks_on_run_button(Tree.java:93)
	at ✽.The user writes the valid python code and clicks on Run button(file:///C:/Projects/newFolder-3/Repo1/src/test/resources/Features/Tree.feature:148)
&amp#27;[0m
  &amp#27;[36mThen &amp#27;[0m&amp#27;[36mThe user is able to see the output inside the console.&amp#27;[0m          &amp#27;[90m# StepDefinitions.Tree.the_user_is_able_to_see_the_output_inside_the_console()&amp#27;[0m
[ERROR] 2024-12-17 12:24:46.478 [TestNG-PoolService-3] Hooks - ======================  TEST CASE FAILED !! ======================

    Embedding screenshot [image/png 7890 bytes]

[INFO ] 2024-12-17 12:24:46.610 [TestNG-PoolService-3] Hooks - ======================  Screenshot is captured  ======================
[INFO ] 2024-12-17 12:24:46.610 [TestNG-PoolService-3] Hooks - ======================  Test Execution is completed!! ======================
]]></system-out>
    <system-err><![CDATA[Dec 17, 2024 12:24:40 PM org.openqa.selenium.devtools.CdpVersionFinder findNearestMatch
WARNING: Unable to find an exact match for CDP version 131, returning the closest version; found: 130; Please update to a Selenium version that supports CDP version 131
Dec 17, 2024 12:24:41 PM org.openqa.selenium.devtools.CdpVersionFinder findNearestMatch
WARNING: Unable to find an exact match for CDP version 131, returning the closest version; found: 130; Please update to a Selenium version that supports CDP version 131
Dec 17, 2024 12:24:43 PM org.openqa.selenium.devtools.CdpVersionFinder findNearestMatch
WARNING: Unable to find an exact match for CDP version 131, returning the closest version; found: 130; Please update to a Selenium version that supports CDP version 131
]]></system-err>
  </testcase>
  <testcase name="runScenario[&quot;Try Here Editor page with valid data&quot;, &quot;Tree&quot;](175)" classname="TestRunners.TestRunner" time="0.9">
    <failure message="element not interactable&#10;  (Session info: chrome=131.0.6778.140)&#10;Build info: version: &apos;4.26.0&apos;, revision: &apos;8ccf0219d7&apos;&#10;System info: os.name: &apos;Windows 11&apos;, os.arch: &apos;amd64&apos;, os.version: &apos;10.0&apos;, java.version: &apos;21.0.5&apos;&#10;Driver info: org.openqa.selenium.chrome.ChromeDriver&#10;Command: [b217e51f9f62600e8d5464fa1713903a, sendKeysToElement {value=[Ljava.lang.CharSequence;@4171199c, id=f.3E3A0C78F34BB9DCC30352373AD5C41A.d.663E70DE553C5F93BEAF3F35D3C21388.e.51}]&#10;Capabilities {acceptInsecureCerts: false, browserName: chrome, browserVersion: 131.0.6778.140, chrome: {chromedriverVersion: 131.0.6778.108 (3b014839fbc..., userDataDir: C:\Users\vamsh\AppData\Loca...}, fedcm:accounts: true, goog:chromeOptions: {debuggerAddress: localhost:63639}, networkConnectionEnabled: false, pageLoadStrategy: normal, platformName: windows, proxy: Proxy(), se:cdp: ws://localhost:63639/devtoo..., se:cdpVersion: 131.0.6778.140, setWindowRect: true, strictFileInteractability: false, timeouts: {implicit: 0, pageLoad: 300000, script: 30000}, unhandledPromptBehavior: dismiss and notify, webauthn:extension:credBlob: true, webauthn:extension:largeBlob: true, webauthn:extension:minPinLength: true, webauthn:extension:prf: true, webauthn:virtualAuthenticators: true}&#10;Element: [[ChromeDriver: chrome on windows (b217e51f9f62600e8d5464fa1713903a)] -&gt; css selector: .CodeMirror textarea]&#10;Session ID: b217e51f9f62600e8d5464fa1713903a" type="org.openqa.selenium.ElementNotInteractableException"><![CDATA[org.openqa.selenium.ElementNotInteractableException: 
element not interactable
  (Session info: chrome=131.0.6778.140)
Build info: version: '4.26.0', revision: '8ccf0219d7'
System info: os.name: 'Windows 11', os.arch: 'amd64', os.version: '10.0', java.version: '21.0.5'
Driver info: org.openqa.selenium.chrome.ChromeDriver
Command: [b217e51f9f62600e8d5464fa1713903a, sendKeysToElement {value=[Ljava.lang.CharSequence;@4171199c, id=f.3E3A0C78F34BB9DCC30352373AD5C41A.d.663E70DE553C5F93BEAF3F35D3C21388.e.51}]
Capabilities {acceptInsecureCerts: false, browserName: chrome, browserVersion: 131.0.6778.140, chrome: {chromedriverVersion: 131.0.6778.108 (3b014839fbc..., userDataDir: C:\Users\vamsh\AppData\Loca...}, fedcm:accounts: true, goog:chromeOptions: {debuggerAddress: localhost:63639}, networkConnectionEnabled: false, pageLoadStrategy: normal, platformName: windows, proxy: Proxy(), se:cdp: ws://localhost:63639/devtoo..., se:cdpVersion: 131.0.6778.140, setWindowRect: true, strictFileInteractability: false, timeouts: {implicit: 0, pageLoad: 300000, script: 30000}, unhandledPromptBehavior: dismiss and notify, webauthn:extension:credBlob: true, webauthn:extension:largeBlob: true, webauthn:extension:minPinLength: true, webauthn:extension:prf: true, webauthn:virtualAuthenticators: true}
Element: [[ChromeDriver: chrome on windows (b217e51f9f62600e8d5464fa1713903a)] -> css selector: .CodeMirror textarea]
Session ID: b217e51f9f62600e8d5464fa1713903a
]]></failure>
    <system-out><![CDATA[
Scenario: Traversals-Illustration                           &amp#27;[90m# src/test/resources/Features/Tree.feature:157&amp#27;[0m
  &amp#27;[32mGiven &amp#27;[0m&amp#27;[32mThe user is on the Editor page of Traversals-Illustration page&amp#27;[0m &amp#27;[90m# StepDefinitions.Tree.the_user_is_on_the_Editor_page_of_traversals_illustration_page()&amp#27;[0m
  &amp#27;[31mWhen &amp#27;[0m&amp#27;[31mThe user writes the valid python code and clicks on Run button&amp#27;[0m  &amp#27;[90m# StepDefinitions.Tree.the_user_writes_the_valid_python_code_and_clicks_on_run_button()&amp#27;[0m
      &amp#27;[31morg.openqa.selenium.ElementNotInteractableException: element not interactable
  (Session info: chrome=131.0.6778.140)
Build info: version: '4.26.0', revision: '8ccf0219d7'
System info: os.name: 'Windows 11', os.arch: 'amd64', os.version: '10.0', java.version: '21.0.5'
Driver info: org.openqa.selenium.chrome.ChromeDriver
Command: [b217e51f9f62600e8d5464fa1713903a, sendKeysToElement {value=[Ljava.lang.CharSequence;@4171199c, id=f.3E3A0C78F34BB9DCC30352373AD5C41A.d.663E70DE553C5F93BEAF3F35D3C21388.e.51}]
Capabilities {acceptInsecureCerts: false, browserName: chrome, browserVersion: 131.0.6778.140, chrome: {chromedriverVersion: 131.0.6778.108 (3b014839fbc..., userDataDir: C:\Users\vamsh\AppData\Loca...}, fedcm:accounts: true, goog:chromeOptions: {debuggerAddress: localhost:63639}, networkConnectionEnabled: false, pageLoadStrategy: normal, platformName: windows, proxy: Proxy(), se:cdp: ws://localhost:63639/devtoo..., se:cdpVersion: 131.0.6778.140, setWindowRect: true, strictFileInteractability: false, timeouts: {implicit: 0, pageLoad: 300000, script: 30000}, unhandledPromptBehavior: dismiss and notify, webauthn:extension:credBlob: true, webauthn:extension:largeBlob: true, webauthn:extension:minPinLength: true, webauthn:extension:prf: true, webauthn:virtualAuthenticators: true}
Element: [[ChromeDriver: chrome on windows (b217e51f9f62600e8d5464fa1713903a)] -> css selector: .CodeMirror textarea]
Session ID: b217e51f9f62600e8d5464fa1713903a
	at java.base/jdk.internal.reflect.DirectConstructorHandleAccessor.newInstance(DirectConstructorHandleAccessor.java:62)
	at java.base/java.lang.reflect.Constructor.newInstanceWithCaller(Constructor.java:502)
	at java.base/java.lang.reflect.Constructor.newInstance(Constructor.java:486)
	at org.openqa.selenium.remote.ErrorCodec.decode(ErrorCodec.java:167)
	at org.openqa.selenium.remote.codec.w3c.W3CHttpResponseCodec.decode(W3CHttpResponseCodec.java:138)
	at org.openqa.selenium.remote.codec.w3c.W3CHttpResponseCodec.decode(W3CHttpResponseCodec.java:50)
	at org.openqa.selenium.remote.HttpCommandExecutor.execute(HttpCommandExecutor.java:190)
	at org.openqa.selenium.remote.service.DriverCommandExecutor.invokeExecute(DriverCommandExecutor.java:216)
	at org.openqa.selenium.remote.service.DriverCommandExecutor.execute(DriverCommandExecutor.java:174)
	at org.openqa.selenium.remote.RemoteWebDriver.execute(RemoteWebDriver.java:545)
	at org.openqa.selenium.remote.RemoteWebElement.execute(RemoteWebElement.java:223)
	at org.openqa.selenium.remote.RemoteWebElement.sendKeys(RemoteWebElement.java:110)
	at PageObjects.TreePage.writeInTryEditorWindow(TreePage.java:251)
	at StepDefinitions.Tree.the_user_writes_the_valid_python_code_and_clicks_on_run_button(Tree.java:93)
	at ✽.The user writes the valid python code and clicks on Run button(file:///C:/Projects/newFolder-3/Repo1/src/test/resources/Features/Tree.feature:148)
&amp#27;[0m
  &amp#27;[36mThen &amp#27;[0m&amp#27;[36mThe user is able to see the output inside the console.&amp#27;[0m          &amp#27;[90m# StepDefinitions.Tree.the_user_is_able_to_see_the_output_inside_the_console()&amp#27;[0m
[ERROR] 2024-12-17 11:55:06.998 [TestNG-PoolService-3] Hooks - ======================  TEST CASE FAILED !! ======================

    Embedding screenshot [image/png 7853 bytes]

[INFO ] 2024-12-17 11:55:07.184 [TestNG-PoolService-3] Hooks - ======================  Screenshot is captured  ======================
[INFO ] 2024-12-17 11:55:07.187 [TestNG-PoolService-3] Hooks - ======================  Test Execution is completed!! ======================
]]></system-out>
  </testcase>
  <testcase name="runScenario[&quot;Try Here Editor page with valid data&quot;, &quot;Tree&quot;](175)" classname="TestRunners.TestRunner" time="2.134">
    <failure message="expected [hello] but found []" type="java.lang.AssertionError"><![CDATA[java.lang.AssertionError: expected [hello] but found []
]]></failure>
    <system-out><![CDATA[
Scenario: Traversals-Illustration                           &amp#27;[90m# src/test/resources/Features/Tree.feature:157&amp#27;[0m
  &amp#27;[32mWhen &amp#27;[0m&amp#27;[32mThe user writes the valid python code and clicks on Run button&amp#27;[0m &amp#27;[90m# StepDefinitions.Tree.the_user_writes_the_valid_python_code_and_clicks_on_run_button()&amp#27;[0m
  &amp#27;[31mThen &amp#27;[0m&amp#27;[31mThe user is able to see the output inside the console.&amp#27;[0m         &amp#27;[90m# StepDefinitions.Tree.the_user_is_able_to_see_the_output_inside_the_console()&amp#27;[0m
      &amp#27;[31mjava.lang.AssertionError: expected [hello] but found []
	at org.testng.Assert.fail(Assert.java:111)
	at org.testng.Assert.failNotEquals(Assert.java:1578)
	at org.testng.Assert.assertEqualsImpl(Assert.java:150)
	at org.testng.Assert.assertEquals(Assert.java:132)
	at org.testng.Assert.assertEquals(Assert.java:656)
	at org.testng.Assert.assertEquals(Assert.java:666)
	at StepDefinitions.Tree.the_user_is_able_to_see_the_output_inside_the_console(Tree.java:101)
	at ✽.The user is able to see the output inside the console.(file:///C:/Projects/newFolder-3/Repo1/src/test/resources/Features/Tree.feature:118)
&amp#27;[0m
[ERROR] 2024-12-17 12:11:12.012 [TestNG-PoolService-3] Hooks - ======================  TEST CASE FAILED !! ======================

    Embedding screenshot [image/png 37860 bytes]

[INFO ] 2024-12-17 12:11:12.091 [TestNG-PoolService-3] Hooks - ======================  Screenshot is captured  ======================
[INFO ] 2024-12-17 12:11:12.093 [TestNG-PoolService-3] Hooks - ======================  Test Execution is completed!! ======================
]]></system-out>
  </testcase>
  <testcase name="runScenario[&quot;Try Here Editor page with valid data&quot;, &quot;Tree&quot;](175)" classname="TestRunners.TestRunner" time="1.12">
    <failure message="element not interactable&#10;  (Session info: MicrosoftEdge=131.0.2903.99)&#10;Build info: version: &apos;4.26.0&apos;, revision: &apos;8ccf0219d7&apos;&#10;System info: os.name: &apos;Windows 11&apos;, os.arch: &apos;amd64&apos;, os.version: &apos;10.0&apos;, java.version: &apos;21.0.5&apos;&#10;Driver info: org.openqa.selenium.edge.EdgeDriver&#10;Command: [fee7ecd2b9f133645dc211a83ba84ceb, sendKeysToElement {value=[Ljava.lang.CharSequence;@7ae36aba, id=f.8C46DF1D30044DB88DA94BA876544180.d.65E29920CC1115208C298750CC4B34EC.e.36}]&#10;Capabilities {acceptInsecureCerts: false, browserName: MicrosoftEdge, browserVersion: 131.0.2903.99, fedcm:accounts: true, ms:edgeOptions: {debuggerAddress: localhost:60020}, msedge: {msedgedriverVersion: 131.0.2903.99 (f96a870b1316..., userDataDir: C:\Users\vamsh\AppData\Loca...}, networkConnectionEnabled: false, pageLoadStrategy: normal, platformName: windows, proxy: Proxy(), se:cdp: ws://localhost:60020/devtoo..., se:cdpVersion: 131.0.2903.99, setWindowRect: true, strictFileInteractability: false, timeouts: {implicit: 0, pageLoad: 300000, script: 30000}, unhandledPromptBehavior: dismiss and notify, webauthn:extension:credBlob: true, webauthn:extension:largeBlob: true, webauthn:extension:minPinLength: true, webauthn:extension:prf: true, webauthn:virtualAuthenticators: true}&#10;Element: [[EdgeDriver: MicrosoftEdge on windows (fee7ecd2b9f133645dc211a83ba84ceb)] -&gt; css selector: .CodeMirror textarea]&#10;Session ID: fee7ecd2b9f133645dc211a83ba84ceb" type="org.openqa.selenium.ElementNotInteractableException"><![CDATA[org.openqa.selenium.ElementNotInteractableException: 
element not interactable
  (Session info: MicrosoftEdge=131.0.2903.99)
Build info: version: '4.26.0', revision: '8ccf0219d7'
System info: os.name: 'Windows 11', os.arch: 'amd64', os.version: '10.0', java.version: '21.0.5'
Driver info: org.openqa.selenium.edge.EdgeDriver
Command: [fee7ecd2b9f133645dc211a83ba84ceb, sendKeysToElement {value=[Ljava.lang.CharSequence;@7ae36aba, id=f.8C46DF1D30044DB88DA94BA876544180.d.65E29920CC1115208C298750CC4B34EC.e.36}]
Capabilities {acceptInsecureCerts: false, browserName: MicrosoftEdge, browserVersion: 131.0.2903.99, fedcm:accounts: true, ms:edgeOptions: {debuggerAddress: localhost:60020}, msedge: {msedgedriverVersion: 131.0.2903.99 (f96a870b1316..., userDataDir: C:\Users\vamsh\AppData\Loca...}, networkConnectionEnabled: false, pageLoadStrategy: normal, platformName: windows, proxy: Proxy(), se:cdp: ws://localhost:60020/devtoo..., se:cdpVersion: 131.0.2903.99, setWindowRect: true, strictFileInteractability: false, timeouts: {implicit: 0, pageLoad: 300000, script: 30000}, unhandledPromptBehavior: dismiss and notify, webauthn:extension:credBlob: true, webauthn:extension:largeBlob: true, webauthn:extension:minPinLength: true, webauthn:extension:prf: true, webauthn:virtualAuthenticators: true}
Element: [[EdgeDriver: MicrosoftEdge on windows (fee7ecd2b9f133645dc211a83ba84ceb)] -> css selector: .CodeMirror textarea]
Session ID: fee7ecd2b9f133645dc211a83ba84ceb
]]></failure>
    <system-out><![CDATA[
Scenario: Traversals-Illustration                           &amp#27;[90m# src/test/resources/Features/Tree.feature:157&amp#27;[0m
  &amp#27;[32mGiven &amp#27;[0m&amp#27;[32mThe user is on the Editor page of Traversals-Illustration page&amp#27;[0m  &amp#27;[90m# StepDefinitions.Tree.the_user_is_on_the_Editor_page_of_traversals_illustration_page()&amp#27;[0m
  &amp#27;[32mWhen &amp#27;[0m&amp#27;[32mThe user writes the invalid python code and clicks on Run button&amp#27;[0m &amp#27;[90m# StepDefinitions.Tree.the_user_writes_the_invalid_python_code_and_clicks_on_run_button()&amp#27;[0m
  &amp#27;[32mThen &amp#27;[0m&amp#27;[32mThe user see error msg in alert window&amp#27;[0m                           &amp#27;[90m# StepDefinitions.Tree.the_user_see_error_msg_in_alert_window()&amp#27;[0m
[INFO ] 2024-12-17 12:24:47.434 [TestNG-PoolService-2] Hooks - ======================  Test Execution is completed!! ======================
]]></system-out>
  </testcase>
  <testcase name="runScenario[&quot;Try Here Editor page with invalid data&quot;, &quot;Tree&quot;](176)" classname="TestRunners.TestRunner" time="4.449">
    <failure message="element not interactable&#10;  (Session info: chrome=131.0.6778.140)&#10;Build info: version: &apos;4.26.0&apos;, revision: &apos;8ccf0219d7&apos;&#10;System info: os.name: &apos;Windows 11&apos;, os.arch: &apos;amd64&apos;, os.version: &apos;10.0&apos;, java.version: &apos;21.0.5&apos;&#10;Driver info: org.openqa.selenium.chrome.ChromeDriver&#10;Command: [3c164667fc697f5e83971bf89df9e1bf, sendKeysToElement {value=[Ljava.lang.CharSequence;@7380ab7d, id=f.723D4E58FA1423BF9312AAD5C98D909D.d.9230E4D4F1D1580EA62BC72079C8B2E2.e.49}]&#10;Capabilities {acceptInsecureCerts: false, browserName: chrome, browserVersion: 131.0.6778.140, chrome: {chromedriverVersion: 131.0.6778.108 (3b014839fbc..., userDataDir: C:\Users\vamsh\AppData\Loca...}, fedcm:accounts: true, goog:chromeOptions: {debuggerAddress: localhost:63716}, networkConnectionEnabled: false, pageLoadStrategy: normal, platformName: windows, proxy: Proxy(), se:cdp: ws://localhost:63716/devtoo..., se:cdpVersion: 131.0.6778.140, setWindowRect: true, strictFileInteractability: false, timeouts: {implicit: 0, pageLoad: 300000, script: 30000}, unhandledPromptBehavior: dismiss and notify, webauthn:extension:credBlob: true, webauthn:extension:largeBlob: true, webauthn:extension:minPinLength: true, webauthn:extension:prf: true, webauthn:virtualAuthenticators: true}&#10;Element: [[ChromeDriver: chrome on windows (3c164667fc697f5e83971bf89df9e1bf)] -&gt; css selector: .CodeMirror textarea]&#10;Session ID: 3c164667fc697f5e83971bf89df9e1bf" type="org.openqa.selenium.ElementNotInteractableException"><![CDATA[org.openqa.selenium.ElementNotInteractableException: 
element not interactable
  (Session info: chrome=131.0.6778.140)
Build info: version: '4.26.0', revision: '8ccf0219d7'
System info: os.name: 'Windows 11', os.arch: 'amd64', os.version: '10.0', java.version: '21.0.5'
Driver info: org.openqa.selenium.chrome.ChromeDriver
Command: [3c164667fc697f5e83971bf89df9e1bf, sendKeysToElement {value=[Ljava.lang.CharSequence;@7380ab7d, id=f.723D4E58FA1423BF9312AAD5C98D909D.d.9230E4D4F1D1580EA62BC72079C8B2E2.e.49}]
Capabilities {acceptInsecureCerts: false, browserName: chrome, browserVersion: 131.0.6778.140, chrome: {chromedriverVersion: 131.0.6778.108 (3b014839fbc..., userDataDir: C:\Users\vamsh\AppData\Loca...}, fedcm:accounts: true, goog:chromeOptions: {debuggerAddress: localhost:63716}, networkConnectionEnabled: false, pageLoadStrategy: normal, platformName: windows, proxy: Proxy(), se:cdp: ws://localhost:63716/devtoo..., se:cdpVersion: 131.0.6778.140, setWindowRect: true, strictFileInteractability: false, timeouts: {implicit: 0, pageLoad: 300000, script: 30000}, unhandledPromptBehavior: dismiss and notify, webauthn:extension:credBlob: true, webauthn:extension:largeBlob: true, webauthn:extension:minPinLength: true, webauthn:extension:prf: true, webauthn:virtualAuthenticators: true}
Element: [[ChromeDriver: chrome on windows (3c164667fc697f5e83971bf89df9e1bf)] -> css selector: .CodeMirror textarea]
Session ID: 3c164667fc697f5e83971bf89df9e1bf
]]></failure>
    <system-out><![CDATA[
Scenario: Binary Trees                                               &amp#27;[90m# src/test/resources/Features/Tree.feature:164&amp#27;[0m
  &amp#27;[32mGiven &amp#27;[0m&amp#27;[32mThe user is on the DS Introduction page as signedIn&amp#27;[0m             &amp#27;[90m# StepDefinitions.DSIntroductionDetails.the_user_is_on_the_ds_introduction_page_as_signed_in()&amp#27;[0m
  &amp#27;[32mAnd &amp#27;[0m&amp#27;[32mUser clicks on Get Started button from Tree panel&amp#27;[0m                 &amp#27;[90m# StepDefinitions.Tree.user_clicks_on_get_started_button_from_tree_panel()&amp#27;[0m
  &amp#27;[32mGiven &amp#27;[0m&amp#27;[32mThe user is on the Editor page of Traversals-Illustration page&amp#27;[0m  &amp#27;[90m# StepDefinitions.Tree.the_user_is_on_the_Editor_page_of_traversals_illustration_page()&amp#27;[0m
  &amp#27;[32mGiven &amp#27;[0m&amp#27;[32mThe user is on the DS Introduction page as signedIn&amp#27;[0m &amp#27;[90m# StepDefinitions.DSIntroductionDetails.the_user_is_on_the_ds_introduction_page_as_signed_in()&amp#27;[0m
  &amp#27;[31mWhen &amp#27;[0m&amp#27;[31mThe user writes the invalid python code and clicks on Run button&amp#27;[0m &amp#27;[90m# StepDefinitions.Tree.the_user_writes_the_invalid_python_code_and_clicks_on_run_button()&amp#27;[0m
      &amp#27;[31morg.openqa.selenium.ElementNotInteractableException: element not interactable
  (Session info: chrome=131.0.6778.140)
Build info: version: '4.26.0', revision: '8ccf0219d7'
System info: os.name: 'Windows 11', os.arch: 'amd64', os.version: '10.0', java.version: '21.0.5'
Driver info: org.openqa.selenium.chrome.ChromeDriver
Command: [3c164667fc697f5e83971bf89df9e1bf, sendKeysToElement {value=[Ljava.lang.CharSequence;@7380ab7d, id=f.723D4E58FA1423BF9312AAD5C98D909D.d.9230E4D4F1D1580EA62BC72079C8B2E2.e.49}]
Capabilities {acceptInsecureCerts: false, browserName: chrome, browserVersion: 131.0.6778.140, chrome: {chromedriverVersion: 131.0.6778.108 (3b014839fbc..., userDataDir: C:\Users\vamsh\AppData\Loca...}, fedcm:accounts: true, goog:chromeOptions: {debuggerAddress: localhost:63716}, networkConnectionEnabled: false, pageLoadStrategy: normal, platformName: windows, proxy: Proxy(), se:cdp: ws://localhost:63716/devtoo..., se:cdpVersion: 131.0.6778.140, setWindowRect: true, strictFileInteractability: false, timeouts: {implicit: 0, pageLoad: 300000, script: 30000}, unhandledPromptBehavior: dismiss and notify, webauthn:extension:credBlob: true, webauthn:extension:largeBlob: true, webauthn:extension:minPinLength: true, webauthn:extension:prf: true, webauthn:virtualAuthenticators: true}
Element: [[ChromeDriver: chrome on windows (3c164667fc697f5e83971bf89df9e1bf)] -> css selector: .CodeMirror textarea]
Session ID: 3c164667fc697f5e83971bf89df9e1bf
	at java.base/jdk.internal.reflect.DirectConstructorHandleAccessor.newInstance(DirectConstructorHandleAccessor.java:62)
	at java.base/java.lang.reflect.Constructor.newInstanceWithCaller(Constructor.java:502)
	at java.base/java.lang.reflect.Constructor.newInstance(Constructor.java:486)
	at org.openqa.selenium.remote.ErrorCodec.decode(ErrorCodec.java:167)
	at org.openqa.selenium.remote.codec.w3c.W3CHttpResponseCodec.decode(W3CHttpResponseCodec.java:138)
	at org.openqa.selenium.remote.codec.w3c.W3CHttpResponseCodec.decode(W3CHttpResponseCodec.java:50)
	at org.openqa.selenium.remote.HttpCommandExecutor.execute(HttpCommandExecutor.java:190)
	at org.openqa.selenium.remote.service.DriverCommandExecutor.invokeExecute(DriverCommandExecutor.java:216)
	at org.openqa.selenium.remote.service.DriverCommandExecutor.execute(DriverCommandExecutor.java:174)
	at org.openqa.selenium.remote.RemoteWebDriver.execute(RemoteWebDriver.java:545)
	at org.openqa.selenium.remote.RemoteWebElement.execute(RemoteWebElement.java:223)
	at org.openqa.selenium.remote.RemoteWebElement.sendKeys(RemoteWebElement.java:110)
	at PageObjects.TreePage.writeInTryEditorWindow(TreePage.java:251)
	at StepDefinitions.Tree.the_user_writes_the_invalid_python_code_and_clicks_on_run_button(Tree.java:106)
	at ✽.The user writes the invalid python code and clicks on Run button(file:///C:/Projects/newFolder-3/Repo1/src/test/resources/Features/Tree.feature:154)
&amp#27;[0m
  &amp#27;[36mThen &amp#27;[0m&amp#27;[36mThe user see error msg in alert window&amp#27;[0m                           &amp#27;[90m# StepDefinitions.Tree.the_user_see_error_msg_in_alert_window()&amp#27;[0m
[ERROR] 2024-12-17 11:55:11.268 [TestNG-PoolService-2] Hooks - ======================  TEST CASE FAILED !! ======================

    Embedding screenshot [image/png 7853 bytes]

[INFO ] 2024-12-17 11:55:11.465 [TestNG-PoolService-2] Hooks - ======================  Screenshot is captured  ======================
[INFO ] 2024-12-17 11:55:11.469 [TestNG-PoolService-2] Hooks - ======================  Test Execution is completed!! ======================
  &amp#27;[32mAnd &amp#27;[0m&amp#27;[32mUser clicks on Get Started button from Tree panel&amp#27;[0m     &amp#27;[90m# StepDefinitions.Tree.user_clicks_on_get_started_button_from_tree_panel()&amp#27;[0m
]]></system-out>
    <system-err><![CDATA[Dec 17, 2024 11:55:08 AM org.openqa.selenium.devtools.CdpVersionFinder findNearestMatch
WARNING: Unable to find an exact match for CDP version 131, returning the closest version; found: 130; Please update to a Selenium version that supports CDP version 131
Dec 17, 2024 11:55:09 AM org.openqa.selenium.devtools.CdpVersionFinder findNearestMatch
WARNING: Unable to find an exact match for CDP version 131, returning the closest version; found: 130; Please update to a Selenium version that supports CDP version 131
]]></system-err>
  </testcase>
  <testcase name="runScenario[&quot;Try Here Editor page with invalid data&quot;, &quot;Tree&quot;](176)" classname="TestRunners.TestRunner" time="0.669">
    <system-out><![CDATA[
Scenario: Binary Trees                                               &amp#27;[90m# src/test/resources/Features/Tree.feature:164&amp#27;[0m
]]></system-out>
  </testcase>
  <testcase name="runScenario[&quot;Traversals-Illustration&quot;, &quot;Tree&quot;](177)" classname="TestRunners.TestRunner" time="0.817">
    <system-out><![CDATA[
Scenario: Try Here Editor page with empty code                               &amp#27;[90m# src/test/resources/Features/Tree.feature:170&amp#27;[0m
  &amp#27;[32mGiven &amp#27;[0m&amp#27;[32mThe user is on the Traversals-Illustration page&amp#27;[0m     &amp#27;[90m# StepDefinitions.Tree.the_user_is_on_the_traversals_illustration_page()&amp#27;[0m
  &amp#27;[32mGiven &amp#27;[0m&amp#27;[32mThe user is on the DS Introduction page as signedIn&amp#27;[0m          &amp#27;[90m# StepDefinitions.DSIntroductionDetails.the_user_is_on_the_ds_introduction_page_as_signed_in()&amp#27;[0m
  &amp#27;[32mWhen &amp#27;[0m&amp#27;[32mThe user clicks Binary Trees link&amp#27;[0m                    &amp#27;[90m# StepDefinitions.Tree.the_user_clicks_binary_trees_link()&amp#27;[0m
  &amp#27;[32mThen &amp#27;[0m&amp#27;[32mThe user is redirected to Binary Trees page.&amp#27;[0m         &amp#27;[90m# StepDefinitions.Tree.the_user_is_redirected_to_binary_trees_page()&amp#27;[0m
[INFO ] 2024-12-17 11:55:12.572 [TestNG-PoolService-1] Hooks - ======================  Test Execution is completed!! ======================
  &amp#27;[32mAnd &amp#27;[0m&amp#27;[32mUser clicks on Get Started button from Tree panel&amp#27;[0m              &amp#27;[90m# StepDefinitions.Tree.user_clicks_on_get_started_button_from_tree_panel()&amp#27;[0m
]]></system-out>
  </testcase>
  <testcase name="runScenario[&quot;Traversals-Illustration&quot;, &quot;Tree&quot;](177)" classname="TestRunners.TestRunner" time="6.934">
    <system-out><![CDATA[
Scenario: Try Here Editor page with empty code                               &amp#27;[90m# src/test/resources/Features/Tree.feature:170&amp#27;[0m
  &amp#27;[32mGiven &amp#27;[0m&amp#27;[32mThe user is on the DS Introduction page as signedIn&amp#27;[0m &amp#27;[90m# StepDefinitions.DSIntroductionDetails.the_user_is_on_the_ds_introduction_page_as_signed_in()&amp#27;[0m
  &amp#27;[32mAnd &amp#27;[0m&amp#27;[32mUser clicks on Get Started button from Tree panel&amp#27;[0m     &amp#27;[90m# StepDefinitions.Tree.user_clicks_on_get_started_button_from_tree_panel()&amp#27;[0m
  &amp#27;[32mGiven &amp#27;[0m&amp#27;[32mThe user is on the Traversals-Illustration page&amp#27;[0m     &amp#27;[90m# StepDefinitions.Tree.the_user_is_on_the_traversals_illustration_page()&amp#27;[0m
  &amp#27;[32mGiven &amp#27;[0m&amp#27;[32mThe user is on the DS Introduction page as signedIn&amp#27;[0m          &amp#27;[90m# StepDefinitions.DSIntroductionDetails.the_user_is_on_the_ds_introduction_page_as_signed_in()&amp#27;[0m
  &amp#27;[32mWhen &amp#27;[0m&amp#27;[32mThe user clicks Binary Trees link&amp#27;[0m                    &amp#27;[90m# StepDefinitions.Tree.the_user_clicks_binary_trees_link()&amp#27;[0m
  &amp#27;[32mThen &amp#27;[0m&amp#27;[32mThe user is redirected to Binary Trees page.&amp#27;[0m         &amp#27;[90m# StepDefinitions.Tree.the_user_is_redirected_to_binary_trees_page()&amp#27;[0m
[INFO ] 2024-12-17 12:24:54.158 [TestNG-PoolService-1] Hooks - ======================  Test Execution is completed!! ======================
  &amp#27;[32mAnd &amp#27;[0m&amp#27;[32mUser clicks on Get Started button from Tree panel&amp#27;[0m              &amp#27;[90m# StepDefinitions.Tree.user_clicks_on_get_started_button_from_tree_panel()&amp#27;[0m
  &amp#27;[32mGiven &amp#27;[0m&amp#27;[32mThe user is on the Binary Trees page&amp#27;[0m                         &amp#27;[90m# StepDefinitions.Tree.the_user_is_on_the_binary_trees_page()&amp#27;[0m
  &amp#27;[32mGiven &amp#27;[0m&amp#27;[32mThe user is on the DS Introduction page as signedIn&amp#27;[0m                  &amp#27;[90m# StepDefinitions.DSIntroductionDetails.the_user_is_on_the_ds_introduction_page_as_signed_in()&amp#27;[0m
  &amp#27;[32mAnd &amp#27;[0m&amp#27;[32mUser clicks on Get Started button from Tree panel&amp#27;[0m                      &amp#27;[90m# StepDefinitions.Tree.user_clicks_on_get_started_button_from_tree_panel()&amp#27;[0m
  &amp#27;[32mWhen &amp#27;[0m&amp#27;[32mThe user clicks Try Here button&amp#27;[0m                               &amp#27;[90m# StepDefinitions.Tree.the_user_clicks_try_here_button()&amp#27;[0m
  &amp#27;[32mThen &amp#27;[0m&amp#27;[32mThe user is redirected to a page having Editor and run button&amp#27;[0m &amp#27;[90m# StepDefinitions.Tree.the_user_is_redirected_to_a_page_having_editor_and_run_button()&amp#27;[0m
[INFO ] 2024-12-17 12:24:55.395 [TestNG-PoolService-3] Hooks - ======================  Test Execution is completed!! ======================
]]></system-out>
    <system-err><![CDATA[Dec 17, 2024 12:24:49 PM org.openqa.selenium.devtools.CdpVersionFinder findNearestMatch
WARNING: Unable to find an exact match for CDP version 131, returning the closest version; found: 130; Please update to a Selenium version that supports CDP version 131
Dec 17, 2024 12:24:50 PM org.openqa.selenium.devtools.CdpVersionFinder findNearestMatch
WARNING: Unable to find an exact match for CDP version 131, returning the closest version; found: 130; Please update to a Selenium version that supports CDP version 131
Dec 17, 2024 12:24:51 PM org.openqa.selenium.devtools.CdpVersionFinder findNearestMatch
WARNING: Unable to find an exact match for CDP version 131, returning the closest version; found: 130; Please update to a Selenium version that supports CDP version 131
]]></system-err>
  </testcase>
  <testcase name="runScenario[&quot;Binary Trees&quot;, &quot;Tree&quot;](178)" classname="TestRunners.TestRunner" time="2.307">
    <system-out><![CDATA[
Scenario: Try Here Editor page with valid data                        &amp#27;[90m# src/test/resources/Features/Tree.feature:176&amp#27;[0m
  &amp#27;[32mGiven &amp#27;[0m&amp#27;[32mThe user is on the Binary Trees page&amp#27;[0m                         &amp#27;[90m# StepDefinitions.Tree.the_user_is_on_the_binary_trees_page()&amp#27;[0m
  &amp#27;[32mWhen &amp#27;[0m&amp#27;[32mThe user clicks Try Here button&amp#27;[0m                               &amp#27;[90m# StepDefinitions.Tree.the_user_clicks_try_here_button()&amp#27;[0m
  &amp#27;[32mThen &amp#27;[0m&amp#27;[32mThe user is redirected to a page having Editor and run button&amp#27;[0m &amp#27;[90m# StepDefinitions.Tree.the_user_is_redirected_to_a_page_having_editor_and_run_button()&amp#27;[0m
[INFO ] 2024-12-17 11:55:14.523 [TestNG-PoolService-3] Hooks - ======================  Test Execution is completed!! ======================
]]></system-out>
    <system-err><![CDATA[Dec 17, 2024 11:55:13 AM org.openqa.selenium.devtools.CdpVersionFinder findNearestMatch
WARNING: Unable to find an exact match for CDP version 131, returning the closest version; found: 130; Please update to a Selenium version that supports CDP version 131
Dec 17, 2024 11:55:14 AM org.openqa.selenium.devtools.CdpVersionFinder findNearestMatch
WARNING: Unable to find an exact match for CDP version 131, returning the closest version; found: 130; Please update to a Selenium version that supports CDP version 131
]]></system-err>
  </testcase>
  <testcase name="runScenario[&quot;Binary Trees&quot;, &quot;Tree&quot;](178)" classname="TestRunners.TestRunner" time="1.186">
    <system-out><![CDATA[
Scenario: Try Here Editor page with valid data                        &amp#27;[90m# src/test/resources/Features/Tree.feature:176&amp#27;[0m
  &amp#27;[32mGiven &amp#27;[0m&amp#27;[32mThe user is on the Editor page of Binary Trees page&amp#27;[0m                  &amp#27;[90m# StepDefinitions.Tree.the_user_is_on_the_Editor_page_of_binary_trees_page()&amp#27;[0m
  &amp#27;[32mWhen &amp#27;[0m&amp#27;[32mThe user writes no code inside editor window and clicks on Run button&amp#27;[0m &amp#27;[90m# StepDefinitions.Tree.the_user_writes_no_code_inside_editor_window_and_clicks_on_run_button()&amp#27;[0m
  &amp#27;[32mThen &amp#27;[0m&amp#27;[32mNothing happens to the Editor page and no error message is displayed&amp#27;[0m  &amp#27;[90m# StepDefinitions.Tree.nothing_happens_to_the_editor_page_and_no_error_message_is_displayed()&amp#27;[0m
[INFO ] 2024-12-17 12:24:56.329 [TestNG-PoolService-2] Hooks - ======================  Test Execution is completed!! ======================
]]></system-out>
  </testcase>
  <testcase name="runScenario[&quot;Try Here Editor page with empty code&quot;, &quot;Tree&quot;](179)" classname="TestRunners.TestRunner" time="4.271">
    <failure message="element not interactable&#10;  (Session info: chrome=131.0.6778.140)&#10;Build info: version: &apos;4.26.0&apos;, revision: &apos;8ccf0219d7&apos;&#10;System info: os.name: &apos;Windows 11&apos;, os.arch: &apos;amd64&apos;, os.version: &apos;10.0&apos;, java.version: &apos;21.0.5&apos;&#10;Driver info: org.openqa.selenium.chrome.ChromeDriver&#10;Command: [372c64891885f734aaee23f2acfec5c0, sendKeysToElement {value=[Ljava.lang.CharSequence;@14bae2bd, id=f.AD8346318CFF58F467E4C7700692DA51.d.AB7456EEF89AAA13BFC36CCC463E2151.e.49}]&#10;Capabilities {acceptInsecureCerts: false, browserName: chrome, browserVersion: 131.0.6778.140, chrome: {chromedriverVersion: 131.0.6778.108 (3b014839fbc..., userDataDir: C:\Users\vamsh\AppData\Loca...}, fedcm:accounts: true, goog:chromeOptions: {debuggerAddress: localhost:63893}, networkConnectionEnabled: false, pageLoadStrategy: normal, platformName: windows, proxy: Proxy(), se:cdp: ws://localhost:63893/devtoo..., se:cdpVersion: 131.0.6778.140, setWindowRect: true, strictFileInteractability: false, timeouts: {implicit: 0, pageLoad: 300000, script: 30000}, unhandledPromptBehavior: dismiss and notify, webauthn:extension:credBlob: true, webauthn:extension:largeBlob: true, webauthn:extension:minPinLength: true, webauthn:extension:prf: true, webauthn:virtualAuthenticators: true}&#10;Element: [[ChromeDriver: chrome on windows (372c64891885f734aaee23f2acfec5c0)] -&gt; css selector: .CodeMirror textarea]&#10;Session ID: 372c64891885f734aaee23f2acfec5c0" type="org.openqa.selenium.ElementNotInteractableException"><![CDATA[org.openqa.selenium.ElementNotInteractableException: 
element not interactable
  (Session info: chrome=131.0.6778.140)
Build info: version: '4.26.0', revision: '8ccf0219d7'
System info: os.name: 'Windows 11', os.arch: 'amd64', os.version: '10.0', java.version: '21.0.5'
Driver info: org.openqa.selenium.chrome.ChromeDriver
Command: [372c64891885f734aaee23f2acfec5c0, sendKeysToElement {value=[Ljava.lang.CharSequence;@14bae2bd, id=f.AD8346318CFF58F467E4C7700692DA51.d.AB7456EEF89AAA13BFC36CCC463E2151.e.49}]
Capabilities {acceptInsecureCerts: false, browserName: chrome, browserVersion: 131.0.6778.140, chrome: {chromedriverVersion: 131.0.6778.108 (3b014839fbc..., userDataDir: C:\Users\vamsh\AppData\Loca...}, fedcm:accounts: true, goog:chromeOptions: {debuggerAddress: localhost:63893}, networkConnectionEnabled: false, pageLoadStrategy: normal, platformName: windows, proxy: Proxy(), se:cdp: ws://localhost:63893/devtoo..., se:cdpVersion: 131.0.6778.140, setWindowRect: true, strictFileInteractability: false, timeouts: {implicit: 0, pageLoad: 300000, script: 30000}, unhandledPromptBehavior: dismiss and notify, webauthn:extension:credBlob: true, webauthn:extension:largeBlob: true, webauthn:extension:minPinLength: true, webauthn:extension:prf: true, webauthn:virtualAuthenticators: true}
Element: [[ChromeDriver: chrome on windows (372c64891885f734aaee23f2acfec5c0)] -> css selector: .CodeMirror textarea]
Session ID: 372c64891885f734aaee23f2acfec5c0
]]></failure>
    <system-out><![CDATA[
Scenario: Try Here Editor page with invalid data                        &amp#27;[90m# src/test/resources/Features/Tree.feature:182&amp#27;[0m
  &amp#27;[32mGiven &amp#27;[0m&amp#27;[32mThe user is on the DS Introduction page as signedIn&amp#27;[0m                  &amp#27;[90m# StepDefinitions.DSIntroductionDetails.the_user_is_on_the_ds_introduction_page_as_signed_in()&amp#27;[0m
  &amp#27;[32mAnd &amp#27;[0m&amp#27;[32mUser clicks on Get Started button from Tree panel&amp#27;[0m                      &amp#27;[90m# StepDefinitions.Tree.user_clicks_on_get_started_button_from_tree_panel()&amp#27;[0m
  &amp#27;[32mGiven &amp#27;[0m&amp#27;[32mThe user is on the DS Introduction page as signedIn&amp#27;[0m           &amp#27;[90m# StepDefinitions.DSIntroductionDetails.the_user_is_on_the_ds_introduction_page_as_signed_in()&amp#27;[0m
  &amp#27;[32mAnd &amp#27;[0m&amp#27;[32mUser clicks on Get Started button from Tree panel&amp#27;[0m               &amp#27;[90m# StepDefinitions.Tree.user_clicks_on_get_started_button_from_tree_panel()&amp#27;[0m
  &amp#27;[32mGiven &amp#27;[0m&amp#27;[32mThe user is on the Editor page of Binary Trees page&amp#27;[0m                  &amp#27;[90m# StepDefinitions.Tree.the_user_is_on_the_Editor_page_of_binary_trees_page()&amp#27;[0m
  &amp#27;[31mWhen &amp#27;[0m&amp#27;[31mThe user writes no code inside editor window and clicks on Run button&amp#27;[0m &amp#27;[90m# StepDefinitions.Tree.the_user_writes_no_code_inside_editor_window_and_clicks_on_run_button()&amp#27;[0m
      &amp#27;[31morg.openqa.selenium.ElementNotInteractableException: element not interactable
  (Session info: chrome=131.0.6778.140)
Build info: version: '4.26.0', revision: '8ccf0219d7'
System info: os.name: 'Windows 11', os.arch: 'amd64', os.version: '10.0', java.version: '21.0.5'
Driver info: org.openqa.selenium.chrome.ChromeDriver
Command: [372c64891885f734aaee23f2acfec5c0, sendKeysToElement {value=[Ljava.lang.CharSequence;@14bae2bd, id=f.AD8346318CFF58F467E4C7700692DA51.d.AB7456EEF89AAA13BFC36CCC463E2151.e.49}]
Capabilities {acceptInsecureCerts: false, browserName: chrome, browserVersion: 131.0.6778.140, chrome: {chromedriverVersion: 131.0.6778.108 (3b014839fbc..., userDataDir: C:\Users\vamsh\AppData\Loca...}, fedcm:accounts: true, goog:chromeOptions: {debuggerAddress: localhost:63893}, networkConnectionEnabled: false, pageLoadStrategy: normal, platformName: windows, proxy: Proxy(), se:cdp: ws://localhost:63893/devtoo..., se:cdpVersion: 131.0.6778.140, setWindowRect: true, strictFileInteractability: false, timeouts: {implicit: 0, pageLoad: 300000, script: 30000}, unhandledPromptBehavior: dismiss and notify, webauthn:extension:credBlob: true, webauthn:extension:largeBlob: true, webauthn:extension:minPinLength: true, webauthn:extension:prf: true, webauthn:virtualAuthenticators: true}
Element: [[ChromeDriver: chrome on windows (372c64891885f734aaee23f2acfec5c0)] -> css selector: .CodeMirror textarea]
Session ID: 372c64891885f734aaee23f2acfec5c0
	at java.base/jdk.internal.reflect.DirectConstructorHandleAccessor.newInstance(DirectConstructorHandleAccessor.java:62)
	at java.base/java.lang.reflect.Constructor.newInstanceWithCaller(Constructor.java:502)
	at java.base/java.lang.reflect.Constructor.newInstance(Constructor.java:486)
	at org.openqa.selenium.remote.ErrorCodec.decode(ErrorCodec.java:167)
	at org.openqa.selenium.remote.codec.w3c.W3CHttpResponseCodec.decode(W3CHttpResponseCodec.java:138)
	at org.openqa.selenium.remote.codec.w3c.W3CHttpResponseCodec.decode(W3CHttpResponseCodec.java:50)
	at org.openqa.selenium.remote.HttpCommandExecutor.execute(HttpCommandExecutor.java:190)
	at org.openqa.selenium.remote.service.DriverCommandExecutor.invokeExecute(DriverCommandExecutor.java:216)
	at org.openqa.selenium.remote.service.DriverCommandExecutor.execute(DriverCommandExecutor.java:174)
	at org.openqa.selenium.remote.RemoteWebDriver.execute(RemoteWebDriver.java:545)
	at org.openqa.selenium.remote.RemoteWebElement.execute(RemoteWebElement.java:223)
	at org.openqa.selenium.remote.RemoteWebElement.sendKeys(RemoteWebElement.java:110)
	at PageObjects.TreePage.writeInTryEditorWindow(TreePage.java:251)
	at StepDefinitions.Tree.the_user_writes_no_code_inside_editor_window_and_clicks_on_run_button(Tree.java:80)
	at ✽.The user writes no code inside editor window and clicks on Run button(file:///C:/Projects/newFolder-3/Repo1/src/test/resources/Features/Tree.feature:173)
&amp#27;[0m
  &amp#27;[36mThen &amp#27;[0m&amp#27;[36mNothing happens to the Editor page and no error message is displayed&amp#27;[0m  &amp#27;[90m# StepDefinitions.Tree.nothing_happens_to_the_editor_page_and_no_error_message_is_displayed()&amp#27;[0m
[ERROR] 2024-12-17 11:55:18.759 [TestNG-PoolService-2] Hooks - ======================  TEST CASE FAILED !! ======================

    Embedding screenshot [image/png 7853 bytes]

[INFO ] 2024-12-17 11:55:18.959 [TestNG-PoolService-2] Hooks - ======================  Screenshot is captured  ======================
[INFO ] 2024-12-17 11:55:18.962 [TestNG-PoolService-2] Hooks - ======================  Test Execution is completed!! ======================
]]></system-out>
    <system-err><![CDATA[Dec 17, 2024 11:55:16 AM org.openqa.selenium.devtools.CdpVersionFinder findNearestMatch
WARNING: Unable to find an exact match for CDP version 131, returning the closest version; found: 130; Please update to a Selenium version that supports CDP version 131
]]></system-err>
  </testcase>
  <testcase name="runScenario[&quot;Try Here Editor page with empty code&quot;, &quot;Tree&quot;](179)" classname="TestRunners.TestRunner" time="0.822">
    <system-out><![CDATA[
Scenario: Try Here Editor page with invalid data                        &amp#27;[90m# src/test/resources/Features/Tree.feature:182&amp#27;[0m
]]></system-out>
  </testcase>
  <testcase name="runScenario[&quot;Try Here Editor page with valid data&quot;, &quot;Tree&quot;](180)" classname="TestRunners.TestRunner" time="0.789">
    <failure message="element not interactable&#10;  (Session info: chrome=131.0.6778.140)&#10;Build info: version: &apos;4.26.0&apos;, revision: &apos;8ccf0219d7&apos;&#10;System info: os.name: &apos;Windows 11&apos;, os.arch: &apos;amd64&apos;, os.version: &apos;10.0&apos;, java.version: &apos;21.0.5&apos;&#10;Driver info: org.openqa.selenium.chrome.ChromeDriver&#10;Command: [51106d778bc01e4be45f499dcb0b36b1, sendKeysToElement {value=[Ljava.lang.CharSequence;@55208611, id=f.212EF63F6FB85B71B6B6EA1BEB4EC9F0.d.BB846BC545A36C0D3FADC4C39224EB09.e.49}]&#10;Capabilities {acceptInsecureCerts: false, browserName: chrome, browserVersion: 131.0.6778.140, chrome: {chromedriverVersion: 131.0.6778.108 (3b014839fbc..., userDataDir: C:\Users\vamsh\AppData\Loca...}, fedcm:accounts: true, goog:chromeOptions: {debuggerAddress: localhost:63919}, networkConnectionEnabled: false, pageLoadStrategy: normal, platformName: windows, proxy: Proxy(), se:cdp: ws://localhost:63919/devtoo..., se:cdpVersion: 131.0.6778.140, setWindowRect: true, strictFileInteractability: false, timeouts: {implicit: 0, pageLoad: 300000, script: 30000}, unhandledPromptBehavior: dismiss and notify, webauthn:extension:credBlob: true, webauthn:extension:largeBlob: true, webauthn:extension:minPinLength: true, webauthn:extension:prf: true, webauthn:virtualAuthenticators: true}&#10;Element: [[ChromeDriver: chrome on windows (51106d778bc01e4be45f499dcb0b36b1)] -&gt; css selector: .CodeMirror textarea]&#10;Session ID: 51106d778bc01e4be45f499dcb0b36b1" type="org.openqa.selenium.ElementNotInteractableException"><![CDATA[org.openqa.selenium.ElementNotInteractableException: 
element not interactable
  (Session info: chrome=131.0.6778.140)
Build info: version: '4.26.0', revision: '8ccf0219d7'
System info: os.name: 'Windows 11', os.arch: 'amd64', os.version: '10.0', java.version: '21.0.5'
Driver info: org.openqa.selenium.chrome.ChromeDriver
Command: [51106d778bc01e4be45f499dcb0b36b1, sendKeysToElement {value=[Ljava.lang.CharSequence;@55208611, id=f.212EF63F6FB85B71B6B6EA1BEB4EC9F0.d.BB846BC545A36C0D3FADC4C39224EB09.e.49}]
Capabilities {acceptInsecureCerts: false, browserName: chrome, browserVersion: 131.0.6778.140, chrome: {chromedriverVersion: 131.0.6778.108 (3b014839fbc..., userDataDir: C:\Users\vamsh\AppData\Loca...}, fedcm:accounts: true, goog:chromeOptions: {debuggerAddress: localhost:63919}, networkConnectionEnabled: false, pageLoadStrategy: normal, platformName: windows, proxy: Proxy(), se:cdp: ws://localhost:63919/devtoo..., se:cdpVersion: 131.0.6778.140, setWindowRect: true, strictFileInteractability: false, timeouts: {implicit: 0, pageLoad: 300000, script: 30000}, unhandledPromptBehavior: dismiss and notify, webauthn:extension:credBlob: true, webauthn:extension:largeBlob: true, webauthn:extension:minPinLength: true, webauthn:extension:prf: true, webauthn:virtualAuthenticators: true}
Element: [[ChromeDriver: chrome on windows (51106d778bc01e4be45f499dcb0b36b1)] -> css selector: .CodeMirror textarea]
Session ID: 51106d778bc01e4be45f499dcb0b36b1
]]></failure>
    <system-out><![CDATA[
Scenario: Binary Trees                                       &amp#27;[90m# src/test/resources/Features/Tree.feature:188&amp#27;[0m
  &amp#27;[32mGiven &amp#27;[0m&amp#27;[32mThe user is on the Editor page of Binary Trees page&amp#27;[0m           &amp#27;[90m# StepDefinitions.Tree.the_user_is_on_the_Editor_page_of_binary_trees_page()&amp#27;[0m
  &amp#27;[31mWhen &amp#27;[0m&amp#27;[31mThe user writes the valid python code and clicks on Run button&amp#27;[0m &amp#27;[90m# StepDefinitions.Tree.the_user_writes_the_valid_python_code_and_clicks_on_run_button()&amp#27;[0m
      &amp#27;[31morg.openqa.selenium.ElementNotInteractableException: element not interactable
  (Session info: chrome=131.0.6778.140)
Build info: version: '4.26.0', revision: '8ccf0219d7'
System info: os.name: 'Windows 11', os.arch: 'amd64', os.version: '10.0', java.version: '21.0.5'
Driver info: org.openqa.selenium.chrome.ChromeDriver
Command: [51106d778bc01e4be45f499dcb0b36b1, sendKeysToElement {value=[Ljava.lang.CharSequence;@55208611, id=f.212EF63F6FB85B71B6B6EA1BEB4EC9F0.d.BB846BC545A36C0D3FADC4C39224EB09.e.49}]
Capabilities {acceptInsecureCerts: false, browserName: chrome, browserVersion: 131.0.6778.140, chrome: {chromedriverVersion: 131.0.6778.108 (3b014839fbc..., userDataDir: C:\Users\vamsh\AppData\Loca...}, fedcm:accounts: true, goog:chromeOptions: {debuggerAddress: localhost:63919}, networkConnectionEnabled: false, pageLoadStrategy: normal, platformName: windows, proxy: Proxy(), se:cdp: ws://localhost:63919/devtoo..., se:cdpVersion: 131.0.6778.140, setWindowRect: true, strictFileInteractability: false, timeouts: {implicit: 0, pageLoad: 300000, script: 30000}, unhandledPromptBehavior: dismiss and notify, webauthn:extension:credBlob: true, webauthn:extension:largeBlob: true, webauthn:extension:minPinLength: true, webauthn:extension:prf: true, webauthn:virtualAuthenticators: true}
Element: [[ChromeDriver: chrome on windows (51106d778bc01e4be45f499dcb0b36b1)] -> css selector: .CodeMirror textarea]
Session ID: 51106d778bc01e4be45f499dcb0b36b1
	at java.base/jdk.internal.reflect.DirectConstructorHandleAccessor.newInstance(DirectConstructorHandleAccessor.java:62)
	at java.base/java.lang.reflect.Constructor.newInstanceWithCaller(Constructor.java:502)
	at java.base/java.lang.reflect.Constructor.newInstance(Constructor.java:486)
	at org.openqa.selenium.remote.ErrorCodec.decode(ErrorCodec.java:167)
	at org.openqa.selenium.remote.codec.w3c.W3CHttpResponseCodec.decode(W3CHttpResponseCodec.java:138)
	at org.openqa.selenium.remote.codec.w3c.W3CHttpResponseCodec.decode(W3CHttpResponseCodec.java:50)
	at org.openqa.selenium.remote.HttpCommandExecutor.execute(HttpCommandExecutor.java:190)
	at org.openqa.selenium.remote.service.DriverCommandExecutor.invokeExecute(DriverCommandExecutor.java:216)
	at org.openqa.selenium.remote.service.DriverCommandExecutor.execute(DriverCommandExecutor.java:174)
	at org.openqa.selenium.remote.RemoteWebDriver.execute(RemoteWebDriver.java:545)
	at org.openqa.selenium.remote.RemoteWebElement.execute(RemoteWebElement.java:223)
	at org.openqa.selenium.remote.RemoteWebElement.sendKeys(RemoteWebElement.java:110)
	at PageObjects.TreePage.writeInTryEditorWindow(TreePage.java:251)
	at StepDefinitions.Tree.the_user_writes_the_valid_python_code_and_clicks_on_run_button(Tree.java:93)
	at ✽.The user writes the valid python code and clicks on Run button(file:///C:/Projects/newFolder-3/Repo1/src/test/resources/Features/Tree.feature:179)
&amp#27;[0m
  &amp#27;[36mThen &amp#27;[0m&amp#27;[36mThe user is able to see the output inside the console.&amp#27;[0m         &amp#27;[90m# StepDefinitions.Tree.the_user_is_able_to_see_the_output_inside_the_console()&amp#27;[0m
[ERROR] 2024-12-17 11:55:19.712 [TestNG-PoolService-1] Hooks - ======================  TEST CASE FAILED !! ======================
  &amp#27;[32mGiven &amp#27;[0m&amp#27;[32mThe user is on the DS Introduction page as signedIn&amp#27;[0m             &amp#27;[90m# StepDefinitions.DSIntroductionDetails.the_user_is_on_the_ds_introduction_page_as_signed_in()&amp#27;[0m

    Embedding screenshot [image/png 7853 bytes]

[INFO ] 2024-12-17 11:55:19.922 [TestNG-PoolService-1] Hooks - ======================  Screenshot is captured  ======================
[INFO ] 2024-12-17 11:55:19.924 [TestNG-PoolService-1] Hooks - ======================  Test Execution is completed!! ======================
  &amp#27;[32mAnd &amp#27;[0m&amp#27;[32mUser clicks on Get Started button from Tree panel&amp#27;[0m                 &amp#27;[90m# StepDefinitions.Tree.user_clicks_on_get_started_button_from_tree_panel()&amp#27;[0m
]]></system-out>
  </testcase>
  <testcase name="runScenario[&quot;Try Here Editor page with valid data&quot;, &quot;Tree&quot;](180)" classname="TestRunners.TestRunner" time="7.291">
    <failure message="element not interactable&#10;  (Session info: MicrosoftEdge=131.0.2903.99)&#10;Build info: version: &apos;4.26.0&apos;, revision: &apos;8ccf0219d7&apos;&#10;System info: os.name: &apos;Windows 11&apos;, os.arch: &apos;amd64&apos;, os.version: &apos;10.0&apos;, java.version: &apos;21.0.5&apos;&#10;Driver info: org.openqa.selenium.edge.EdgeDriver&#10;Command: [237935042c00225bccfb9b2354e5eb8a, sendKeysToElement {value=[Ljava.lang.CharSequence;@301f038a, id=f.2264A79E187290E1F672079B4D7DF022.d.53ED422B590C4E9D776DA1F40DEFFE10.e.35}]&#10;Capabilities {acceptInsecureCerts: false, browserName: MicrosoftEdge, browserVersion: 131.0.2903.99, fedcm:accounts: true, ms:edgeOptions: {debuggerAddress: localhost:60406}, msedge: {msedgedriverVersion: 131.0.2903.99 (f96a870b1316..., userDataDir: C:\Users\vamsh\AppData\Loca...}, networkConnectionEnabled: false, pageLoadStrategy: normal, platformName: windows, proxy: Proxy(), se:cdp: ws://localhost:60406/devtoo..., se:cdpVersion: 131.0.2903.99, setWindowRect: true, strictFileInteractability: false, timeouts: {implicit: 0, pageLoad: 300000, script: 30000}, unhandledPromptBehavior: dismiss and notify, webauthn:extension:credBlob: true, webauthn:extension:largeBlob: true, webauthn:extension:minPinLength: true, webauthn:extension:prf: true, webauthn:virtualAuthenticators: true}&#10;Element: [[EdgeDriver: MicrosoftEdge on windows (237935042c00225bccfb9b2354e5eb8a)] -&gt; css selector: .CodeMirror textarea]&#10;Session ID: 237935042c00225bccfb9b2354e5eb8a" type="org.openqa.selenium.ElementNotInteractableException"><![CDATA[org.openqa.selenium.ElementNotInteractableException: 
element not interactable
  (Session info: MicrosoftEdge=131.0.2903.99)
Build info: version: '4.26.0', revision: '8ccf0219d7'
System info: os.name: 'Windows 11', os.arch: 'amd64', os.version: '10.0', java.version: '21.0.5'
Driver info: org.openqa.selenium.edge.EdgeDriver
Command: [237935042c00225bccfb9b2354e5eb8a, sendKeysToElement {value=[Ljava.lang.CharSequence;@301f038a, id=f.2264A79E187290E1F672079B4D7DF022.d.53ED422B590C4E9D776DA1F40DEFFE10.e.35}]
Capabilities {acceptInsecureCerts: false, browserName: MicrosoftEdge, browserVersion: 131.0.2903.99, fedcm:accounts: true, ms:edgeOptions: {debuggerAddress: localhost:60406}, msedge: {msedgedriverVersion: 131.0.2903.99 (f96a870b1316..., userDataDir: C:\Users\vamsh\AppData\Loca...}, networkConnectionEnabled: false, pageLoadStrategy: normal, platformName: windows, proxy: Proxy(), se:cdp: ws://localhost:60406/devtoo..., se:cdpVersion: 131.0.2903.99, setWindowRect: true, strictFileInteractability: false, timeouts: {implicit: 0, pageLoad: 300000, script: 30000}, unhandledPromptBehavior: dismiss and notify, webauthn:extension:credBlob: true, webauthn:extension:largeBlob: true, webauthn:extension:minPinLength: true, webauthn:extension:prf: true, webauthn:virtualAuthenticators: true}
Element: [[EdgeDriver: MicrosoftEdge on windows (237935042c00225bccfb9b2354e5eb8a)] -> css selector: .CodeMirror textarea]
Session ID: 237935042c00225bccfb9b2354e5eb8a
]]></failure>
    <system-out><![CDATA[
Scenario: Binary Trees                                       &amp#27;[90m# src/test/resources/Features/Tree.feature:188&amp#27;[0m
  &amp#27;[32mGiven &amp#27;[0m&amp#27;[32mThe user is on the DS Introduction page as signedIn&amp#27;[0m           &amp#27;[90m# StepDefinitions.DSIntroductionDetails.the_user_is_on_the_ds_introduction_page_as_signed_in()&amp#27;[0m
  &amp#27;[32mAnd &amp#27;[0m&amp#27;[32mUser clicks on Get Started button from Tree panel&amp#27;[0m               &amp#27;[90m# StepDefinitions.Tree.user_clicks_on_get_started_button_from_tree_panel()&amp#27;[0m
  &amp#27;[32mGiven &amp#27;[0m&amp#27;[32mThe user is on the DS Introduction page as signedIn&amp#27;[0m             &amp#27;[90m# StepDefinitions.DSIntroductionDetails.the_user_is_on_the_ds_introduction_page_as_signed_in()&amp#27;[0m
  &amp#27;[32mAnd &amp#27;[0m&amp#27;[32mUser clicks on Get Started button from Tree panel&amp#27;[0m                 &amp#27;[90m# StepDefinitions.Tree.user_clicks_on_get_started_button_from_tree_panel()&amp#27;[0m
  &amp#27;[32mGiven &amp#27;[0m&amp#27;[32mThe user is on the Editor page of Binary Trees page&amp#27;[0m           &amp#27;[90m# StepDefinitions.Tree.the_user_is_on_the_Editor_page_of_binary_trees_page()&amp#27;[0m
  &amp#27;[31mWhen &amp#27;[0m&amp#27;[31mThe user writes the valid python code and clicks on Run button&amp#27;[0m &amp#27;[90m# StepDefinitions.Tree.the_user_writes_the_valid_python_code_and_clicks_on_run_button()&amp#27;[0m
      &amp#27;[31morg.openqa.selenium.ElementNotInteractableException: element not interactable
  (Session info: MicrosoftEdge=131.0.2903.99)
Build info: version: '4.26.0', revision: '8ccf0219d7'
System info: os.name: 'Windows 11', os.arch: 'amd64', os.version: '10.0', java.version: '21.0.5'
Driver info: org.openqa.selenium.edge.EdgeDriver
Command: [237935042c00225bccfb9b2354e5eb8a, sendKeysToElement {value=[Ljava.lang.CharSequence;@301f038a, id=f.2264A79E187290E1F672079B4D7DF022.d.53ED422B590C4E9D776DA1F40DEFFE10.e.35}]
Capabilities {acceptInsecureCerts: false, browserName: MicrosoftEdge, browserVersion: 131.0.2903.99, fedcm:accounts: true, ms:edgeOptions: {debuggerAddress: localhost:60406}, msedge: {msedgedriverVersion: 131.0.2903.99 (f96a870b1316..., userDataDir: C:\Users\vamsh\AppData\Loca...}, networkConnectionEnabled: false, pageLoadStrategy: normal, platformName: windows, proxy: Proxy(), se:cdp: ws://localhost:60406/devtoo..., se:cdpVersion: 131.0.2903.99, setWindowRect: true, strictFileInteractability: false, timeouts: {implicit: 0, pageLoad: 300000, script: 30000}, unhandledPromptBehavior: dismiss and notify, webauthn:extension:credBlob: true, webauthn:extension:largeBlob: true, webauthn:extension:minPinLength: true, webauthn:extension:prf: true, webauthn:virtualAuthenticators: true}
Element: [[EdgeDriver: MicrosoftEdge on windows (237935042c00225bccfb9b2354e5eb8a)] -> css selector: .CodeMirror textarea]
Session ID: 237935042c00225bccfb9b2354e5eb8a
	at java.base/jdk.internal.reflect.DirectConstructorHandleAccessor.newInstance(DirectConstructorHandleAccessor.java:62)
	at java.base/java.lang.reflect.Constructor.newInstanceWithCaller(Constructor.java:502)
	at java.base/java.lang.reflect.Constructor.newInstance(Constructor.java:486)
	at org.openqa.selenium.remote.ErrorCodec.decode(ErrorCodec.java:167)
	at org.openqa.selenium.remote.codec.w3c.W3CHttpResponseCodec.decode(W3CHttpResponseCodec.java:138)
	at org.openqa.selenium.remote.codec.w3c.W3CHttpResponseCodec.decode(W3CHttpResponseCodec.java:50)
	at org.openqa.selenium.remote.HttpCommandExecutor.execute(HttpCommandExecutor.java:190)
	at org.openqa.selenium.remote.service.DriverCommandExecutor.invokeExecute(DriverCommandExecutor.java:216)
	at org.openqa.selenium.remote.service.DriverCommandExecutor.execute(DriverCommandExecutor.java:174)
	at org.openqa.selenium.remote.RemoteWebDriver.execute(RemoteWebDriver.java:545)
	at org.openqa.selenium.remote.RemoteWebElement.execute(RemoteWebElement.java:223)
	at org.openqa.selenium.remote.RemoteWebElement.sendKeys(RemoteWebElement.java:110)
	at PageObjects.TreePage.writeInTryEditorWindow(TreePage.java:251)
	at StepDefinitions.Tree.the_user_writes_the_valid_python_code_and_clicks_on_run_button(Tree.java:93)
	at ✽.The user writes the valid python code and clicks on Run button(file:///C:/Projects/newFolder-3/Repo1/src/test/resources/Features/Tree.feature:179)
&amp#27;[0m
  &amp#27;[36mThen &amp#27;[0m&amp#27;[36mThe user is able to see the output inside the console.&amp#27;[0m         &amp#27;[90m# StepDefinitions.Tree.the_user_is_able_to_see_the_output_inside_the_console()&amp#27;[0m
[ERROR] 2024-12-17 12:25:03.372 [TestNG-PoolService-1] Hooks - ======================  TEST CASE FAILED !! ======================
  &amp#27;[32mGiven &amp#27;[0m&amp#27;[32mThe user is on the DS Introduction page as signedIn&amp#27;[0m  &amp#27;[90m# StepDefinitions.DSIntroductionDetails.the_user_is_on_the_ds_introduction_page_as_signed_in()&amp#27;[0m

    Embedding screenshot [image/png 7890 bytes]

[INFO ] 2024-12-17 12:25:03.556 [TestNG-PoolService-1] Hooks - ======================  Screenshot is captured  ======================
[INFO ] 2024-12-17 12:25:03.557 [TestNG-PoolService-1] Hooks - ======================  Test Execution is completed!! ======================
  &amp#27;[32mAnd &amp#27;[0m&amp#27;[32mUser clicks on Get Started button from Tree panel&amp#27;[0m      &amp#27;[90m# StepDefinitions.Tree.user_clicks_on_get_started_button_from_tree_panel()&amp#27;[0m
  &amp#27;[32mGiven &amp#27;[0m&amp#27;[32mThe user is on the Binary Trees page&amp#27;[0m                 &amp#27;[90m# StepDefinitions.Tree.the_user_is_on_the_binary_trees_page()&amp#27;[0m
  &amp#27;[32mGiven &amp#27;[0m&amp#27;[32mThe user is on the Editor page of Binary Trees page&amp#27;[0m             &amp#27;[90m# StepDefinitions.Tree.the_user_is_on_the_Editor_page_of_binary_trees_page()&amp#27;[0m
  &amp#27;[31mWhen &amp#27;[0m&amp#27;[31mThe user writes the invalid python code and clicks on Run button&amp#27;[0m &amp#27;[90m# StepDefinitions.Tree.the_user_writes_the_invalid_python_code_and_clicks_on_run_button()&amp#27;[0m
      &amp#27;[31morg.openqa.selenium.ElementNotInteractableException: element not interactable
  (Session info: MicrosoftEdge=131.0.2903.99)
Build info: version: '4.26.0', revision: '8ccf0219d7'
System info: os.name: 'Windows 11', os.arch: 'amd64', os.version: '10.0', java.version: '21.0.5'
Driver info: org.openqa.selenium.edge.EdgeDriver
Command: [cf3d91cf79d8ac93afdee78db191d3be, sendKeysToElement {value=[Ljava.lang.CharSequence;@4c3e9c5e, id=f.916057E88F2BEE29BB820E7C4533E691.d.F9CD1CDE726A7CA388FA059415578950.e.36}]
Capabilities {acceptInsecureCerts: false, browserName: MicrosoftEdge, browserVersion: 131.0.2903.99, fedcm:accounts: true, ms:edgeOptions: {debuggerAddress: localhost:60446}, msedge: {msedgedriverVersion: 131.0.2903.99 (f96a870b1316..., userDataDir: C:\Users\vamsh\AppData\Loca...}, networkConnectionEnabled: false, pageLoadStrategy: normal, platformName: windows, proxy: Proxy(), se:cdp: ws://localhost:60446/devtoo..., se:cdpVersion: 131.0.2903.99, setWindowRect: true, strictFileInteractability: false, timeouts: {implicit: 0, pageLoad: 300000, script: 30000}, unhandledPromptBehavior: dismiss and notify, webauthn:extension:credBlob: true, webauthn:extension:largeBlob: true, webauthn:extension:minPinLength: true, webauthn:extension:prf: true, webauthn:virtualAuthenticators: true}
Element: [[EdgeDriver: MicrosoftEdge on windows (cf3d91cf79d8ac93afdee78db191d3be)] -> css selector: .CodeMirror textarea]
Session ID: cf3d91cf79d8ac93afdee78db191d3be
	at java.base/jdk.internal.reflect.DirectConstructorHandleAccessor.newInstance(DirectConstructorHandleAccessor.java:62)
	at java.base/java.lang.reflect.Constructor.newInstanceWithCaller(Constructor.java:502)
	at java.base/java.lang.reflect.Constructor.newInstance(Constructor.java:486)
	at org.openqa.selenium.remote.ErrorCodec.decode(ErrorCodec.java:167)
	at org.openqa.selenium.remote.codec.w3c.W3CHttpResponseCodec.decode(W3CHttpResponseCodec.java:138)
	at org.openqa.selenium.remote.codec.w3c.W3CHttpResponseCodec.decode(W3CHttpResponseCodec.java:50)
	at org.openqa.selenium.remote.HttpCommandExecutor.execute(HttpCommandExecutor.java:190)
	at org.openqa.selenium.remote.service.DriverCommandExecutor.invokeExecute(DriverCommandExecutor.java:216)
	at org.openqa.selenium.remote.service.DriverCommandExecutor.execute(DriverCommandExecutor.java:174)
	at org.openqa.selenium.remote.RemoteWebDriver.execute(RemoteWebDriver.java:545)
	at org.openqa.selenium.remote.RemoteWebElement.execute(RemoteWebElement.java:223)
	at org.openqa.selenium.remote.RemoteWebElement.sendKeys(RemoteWebElement.java:110)
	at PageObjects.TreePage.writeInTryEditorWindow(TreePage.java:251)
	at StepDefinitions.Tree.the_user_writes_the_invalid_python_code_and_clicks_on_run_button(Tree.java:106)
	at ✽.The user writes the invalid python code and clicks on Run button(file:///C:/Projects/newFolder-3/Repo1/src/test/resources/Features/Tree.feature:185)
&amp#27;[0m
  &amp#27;[36mThen &amp#27;[0m&amp#27;[36mThe user see error msg in alert window&amp#27;[0m                           &amp#27;[90m# StepDefinitions.Tree.the_user_see_error_msg_in_alert_window()&amp#27;[0m
[ERROR] 2024-12-17 12:25:04.391 [TestNG-PoolService-3] Hooks - ======================  TEST CASE FAILED !! ======================

    Embedding screenshot [image/png 7890 bytes]

[INFO ] 2024-12-17 12:25:04.542 [TestNG-PoolService-3] Hooks - ======================  Screenshot is captured  ======================
[INFO ] 2024-12-17 12:25:04.543 [TestNG-PoolService-3] Hooks - ======================  Test Execution is completed!! ======================
  &amp#27;[32mWhen &amp#27;[0m&amp#27;[32mThe user clicks Types of Binary Trees link&amp#27;[0m            &amp#27;[90m# StepDefinitions.Tree.the_user_clicks_types_of_binary_trees_link()&amp#27;[0m
  &amp#27;[32mThen &amp#27;[0m&amp#27;[32mThe user is redirected to Types of Binary Trees page.&amp#27;[0m &amp#27;[90m# StepDefinitions.Tree.the_user_is_redirected_to_types_of_binary_trees_page()&amp#27;[0m
[INFO ] 2024-12-17 12:25:04.624 [TestNG-PoolService-2] Hooks - ======================  Test Execution is completed!! ======================
]]></system-out>
    <system-err><![CDATA[Dec 17, 2024 12:24:58 PM org.openqa.selenium.devtools.CdpVersionFinder findNearestMatch
WARNING: Unable to find an exact match for CDP version 131, returning the closest version; found: 130; Please update to a Selenium version that supports CDP version 131
Dec 17, 2024 12:24:59 PM org.openqa.selenium.devtools.CdpVersionFinder findNearestMatch
WARNING: Unable to find an exact match for CDP version 131, returning the closest version; found: 130; Please update to a Selenium version that supports CDP version 131
Dec 17, 2024 12:25:00 PM org.openqa.selenium.devtools.CdpVersionFinder findNearestMatch
WARNING: Unable to find an exact match for CDP version 131, returning the closest version; found: 130; Please update to a Selenium version that supports CDP version 131
]]></system-err>
  </testcase>
  <testcase name="runScenario[&quot;Try Here Editor page with invalid data&quot;, &quot;Tree&quot;](181)" classname="TestRunners.TestRunner" time="3.08">
    <failure message="element not interactable&#10;  (Session info: chrome=131.0.6778.140)&#10;Build info: version: &apos;4.26.0&apos;, revision: &apos;8ccf0219d7&apos;&#10;System info: os.name: &apos;Windows 11&apos;, os.arch: &apos;amd64&apos;, os.version: &apos;10.0&apos;, java.version: &apos;21.0.5&apos;&#10;Driver info: org.openqa.selenium.chrome.ChromeDriver&#10;Command: [9a7b41d1f292edd0b612b483a5e73af6, sendKeysToElement {value=[Ljava.lang.CharSequence;@5055b8ff, id=f.D17A995DA761A4728F8B280EC0B7B26C.d.F49A29BB67AEDF3EF860EA429ED86615.e.50}]&#10;Capabilities {acceptInsecureCerts: false, browserName: chrome, browserVersion: 131.0.6778.140, chrome: {chromedriverVersion: 131.0.6778.108 (3b014839fbc..., userDataDir: C:\Users\vamsh\AppData\Loca...}, fedcm:accounts: true, goog:chromeOptions: {debuggerAddress: localhost:63991}, networkConnectionEnabled: false, pageLoadStrategy: normal, platformName: windows, proxy: Proxy(), se:cdp: ws://localhost:63991/devtoo..., se:cdpVersion: 131.0.6778.140, setWindowRect: true, strictFileInteractability: false, timeouts: {implicit: 0, pageLoad: 300000, script: 30000}, unhandledPromptBehavior: dismiss and notify, webauthn:extension:credBlob: true, webauthn:extension:largeBlob: true, webauthn:extension:minPinLength: true, webauthn:extension:prf: true, webauthn:virtualAuthenticators: true}&#10;Element: [[ChromeDriver: chrome on windows (9a7b41d1f292edd0b612b483a5e73af6)] -&gt; css selector: .CodeMirror textarea]&#10;Session ID: 9a7b41d1f292edd0b612b483a5e73af6" type="org.openqa.selenium.ElementNotInteractableException"><![CDATA[org.openqa.selenium.ElementNotInteractableException: 
element not interactable
  (Session info: chrome=131.0.6778.140)
Build info: version: '4.26.0', revision: '8ccf0219d7'
System info: os.name: 'Windows 11', os.arch: 'amd64', os.version: '10.0', java.version: '21.0.5'
Driver info: org.openqa.selenium.chrome.ChromeDriver
Command: [9a7b41d1f292edd0b612b483a5e73af6, sendKeysToElement {value=[Ljava.lang.CharSequence;@5055b8ff, id=f.D17A995DA761A4728F8B280EC0B7B26C.d.F49A29BB67AEDF3EF860EA429ED86615.e.50}]
Capabilities {acceptInsecureCerts: false, browserName: chrome, browserVersion: 131.0.6778.140, chrome: {chromedriverVersion: 131.0.6778.108 (3b014839fbc..., userDataDir: C:\Users\vamsh\AppData\Loca...}, fedcm:accounts: true, goog:chromeOptions: {debuggerAddress: localhost:63991}, networkConnectionEnabled: false, pageLoadStrategy: normal, platformName: windows, proxy: Proxy(), se:cdp: ws://localhost:63991/devtoo..., se:cdpVersion: 131.0.6778.140, setWindowRect: true, strictFileInteractability: false, timeouts: {implicit: 0, pageLoad: 300000, script: 30000}, unhandledPromptBehavior: dismiss and notify, webauthn:extension:credBlob: true, webauthn:extension:largeBlob: true, webauthn:extension:minPinLength: true, webauthn:extension:prf: true, webauthn:virtualAuthenticators: true}
Element: [[ChromeDriver: chrome on windows (9a7b41d1f292edd0b612b483a5e73af6)] -> css selector: .CodeMirror textarea]
Session ID: 9a7b41d1f292edd0b612b483a5e73af6
]]></failure>
    <system-out><![CDATA[
Scenario: Types of Binary Trees                                      &amp#27;[90m# src/test/resources/Features/Tree.feature:195&amp#27;[0m
  &amp#27;[32mGiven &amp#27;[0m&amp#27;[32mThe user is on the Editor page of Binary Trees page&amp#27;[0m             &amp#27;[90m# StepDefinitions.Tree.the_user_is_on_the_Editor_page_of_binary_trees_page()&amp#27;[0m
  &amp#27;[31mWhen &amp#27;[0m&amp#27;[31mThe user writes the invalid python code and clicks on Run button&amp#27;[0m &amp#27;[90m# StepDefinitions.Tree.the_user_writes_the_invalid_python_code_and_clicks_on_run_button()&amp#27;[0m
      &amp#27;[31morg.openqa.selenium.ElementNotInteractableException: element not interactable
  (Session info: chrome=131.0.6778.140)
Build info: version: '4.26.0', revision: '8ccf0219d7'
System info: os.name: 'Windows 11', os.arch: 'amd64', os.version: '10.0', java.version: '21.0.5'
Driver info: org.openqa.selenium.chrome.ChromeDriver
Command: [9a7b41d1f292edd0b612b483a5e73af6, sendKeysToElement {value=[Ljava.lang.CharSequence;@5055b8ff, id=f.D17A995DA761A4728F8B280EC0B7B26C.d.F49A29BB67AEDF3EF860EA429ED86615.e.50}]
Capabilities {acceptInsecureCerts: false, browserName: chrome, browserVersion: 131.0.6778.140, chrome: {chromedriverVersion: 131.0.6778.108 (3b014839fbc..., userDataDir: C:\Users\vamsh\AppData\Loca...}, fedcm:accounts: true, goog:chromeOptions: {debuggerAddress: localhost:63991}, networkConnectionEnabled: false, pageLoadStrategy: normal, platformName: windows, proxy: Proxy(), se:cdp: ws://localhost:63991/devtoo..., se:cdpVersion: 131.0.6778.140, setWindowRect: true, strictFileInteractability: false, timeouts: {implicit: 0, pageLoad: 300000, script: 30000}, unhandledPromptBehavior: dismiss and notify, webauthn:extension:credBlob: true, webauthn:extension:largeBlob: true, webauthn:extension:minPinLength: true, webauthn:extension:prf: true, webauthn:virtualAuthenticators: true}
Element: [[ChromeDriver: chrome on windows (9a7b41d1f292edd0b612b483a5e73af6)] -> css selector: .CodeMirror textarea]
Session ID: 9a7b41d1f292edd0b612b483a5e73af6
	at java.base/jdk.internal.reflect.DirectConstructorHandleAccessor.newInstance(DirectConstructorHandleAccessor.java:62)
	at java.base/java.lang.reflect.Constructor.newInstanceWithCaller(Constructor.java:502)
	at java.base/java.lang.reflect.Constructor.newInstance(Constructor.java:486)
	at org.openqa.selenium.remote.ErrorCodec.decode(ErrorCodec.java:167)
	at org.openqa.selenium.remote.codec.w3c.W3CHttpResponseCodec.decode(W3CHttpResponseCodec.java:138)
	at org.openqa.selenium.remote.codec.w3c.W3CHttpResponseCodec.decode(W3CHttpResponseCodec.java:50)
	at org.openqa.selenium.remote.HttpCommandExecutor.execute(HttpCommandExecutor.java:190)
	at org.openqa.selenium.remote.service.DriverCommandExecutor.invokeExecute(DriverCommandExecutor.java:216)
	at org.openqa.selenium.remote.service.DriverCommandExecutor.execute(DriverCommandExecutor.java:174)
	at org.openqa.selenium.remote.RemoteWebDriver.execute(RemoteWebDriver.java:545)
	at org.openqa.selenium.remote.RemoteWebElement.execute(RemoteWebElement.java:223)
	at org.openqa.selenium.remote.RemoteWebElement.sendKeys(RemoteWebElement.java:110)
	at PageObjects.TreePage.writeInTryEditorWindow(TreePage.java:251)
	at StepDefinitions.Tree.the_user_writes_the_invalid_python_code_and_clicks_on_run_button(Tree.java:106)
	at ✽.The user writes the invalid python code and clicks on Run button(file:///C:/Projects/newFolder-3/Repo1/src/test/resources/Features/Tree.feature:185)
&amp#27;[0m
  &amp#27;[36mThen &amp#27;[0m&amp#27;[36mThe user see error msg in alert window&amp#27;[0m                           &amp#27;[90m# StepDefinitions.Tree.the_user_see_error_msg_in_alert_window()&amp#27;[0m
[ERROR] 2024-12-17 11:55:22.023 [TestNG-PoolService-3] Hooks - ======================  TEST CASE FAILED !! ======================

    Embedding screenshot [image/png 7853 bytes]

[INFO ] 2024-12-17 11:55:22.276 [TestNG-PoolService-3] Hooks - ======================  Screenshot is captured  ======================
[INFO ] 2024-12-17 11:55:22.284 [TestNG-PoolService-3] Hooks - ======================  Test Execution is completed!! ======================
]]></system-out>
    <system-err><![CDATA[Dec 17, 2024 11:55:21 AM org.openqa.selenium.devtools.CdpVersionFinder findNearestMatch
WARNING: Unable to find an exact match for CDP version 131, returning the closest version; found: 130; Please update to a Selenium version that supports CDP version 131
Dec 17, 2024 11:55:22 AM org.openqa.selenium.devtools.CdpVersionFinder findNearestMatch
WARNING: Unable to find an exact match for CDP version 131, returning the closest version; found: 130; Please update to a Selenium version that supports CDP version 131
]]></system-err>
  </testcase>
  <testcase name="runScenario[&quot;Try Here Editor page with invalid data&quot;, &quot;Tree&quot;](181)" classname="TestRunners.TestRunner" time="1.004">
    <failure message="element not interactable&#10;  (Session info: MicrosoftEdge=131.0.2903.99)&#10;Build info: version: &apos;4.26.0&apos;, revision: &apos;8ccf0219d7&apos;&#10;System info: os.name: &apos;Windows 11&apos;, os.arch: &apos;amd64&apos;, os.version: &apos;10.0&apos;, java.version: &apos;21.0.5&apos;&#10;Driver info: org.openqa.selenium.edge.EdgeDriver&#10;Command: [cf3d91cf79d8ac93afdee78db191d3be, sendKeysToElement {value=[Ljava.lang.CharSequence;@4c3e9c5e, id=f.916057E88F2BEE29BB820E7C4533E691.d.F9CD1CDE726A7CA388FA059415578950.e.36}]&#10;Capabilities {acceptInsecureCerts: false, browserName: MicrosoftEdge, browserVersion: 131.0.2903.99, fedcm:accounts: true, ms:edgeOptions: {debuggerAddress: localhost:60446}, msedge: {msedgedriverVersion: 131.0.2903.99 (f96a870b1316..., userDataDir: C:\Users\vamsh\AppData\Loca...}, networkConnectionEnabled: false, pageLoadStrategy: normal, platformName: windows, proxy: Proxy(), se:cdp: ws://localhost:60446/devtoo..., se:cdpVersion: 131.0.2903.99, setWindowRect: true, strictFileInteractability: false, timeouts: {implicit: 0, pageLoad: 300000, script: 30000}, unhandledPromptBehavior: dismiss and notify, webauthn:extension:credBlob: true, webauthn:extension:largeBlob: true, webauthn:extension:minPinLength: true, webauthn:extension:prf: true, webauthn:virtualAuthenticators: true}&#10;Element: [[EdgeDriver: MicrosoftEdge on windows (cf3d91cf79d8ac93afdee78db191d3be)] -&gt; css selector: .CodeMirror textarea]&#10;Session ID: cf3d91cf79d8ac93afdee78db191d3be" type="org.openqa.selenium.ElementNotInteractableException"><![CDATA[org.openqa.selenium.ElementNotInteractableException: 
element not interactable
  (Session info: MicrosoftEdge=131.0.2903.99)
Build info: version: '4.26.0', revision: '8ccf0219d7'
System info: os.name: 'Windows 11', os.arch: 'amd64', os.version: '10.0', java.version: '21.0.5'
Driver info: org.openqa.selenium.edge.EdgeDriver
Command: [cf3d91cf79d8ac93afdee78db191d3be, sendKeysToElement {value=[Ljava.lang.CharSequence;@4c3e9c5e, id=f.916057E88F2BEE29BB820E7C4533E691.d.F9CD1CDE726A7CA388FA059415578950.e.36}]
Capabilities {acceptInsecureCerts: false, browserName: MicrosoftEdge, browserVersion: 131.0.2903.99, fedcm:accounts: true, ms:edgeOptions: {debuggerAddress: localhost:60446}, msedge: {msedgedriverVersion: 131.0.2903.99 (f96a870b1316..., userDataDir: C:\Users\vamsh\AppData\Loca...}, networkConnectionEnabled: false, pageLoadStrategy: normal, platformName: windows, proxy: Proxy(), se:cdp: ws://localhost:60446/devtoo..., se:cdpVersion: 131.0.2903.99, setWindowRect: true, strictFileInteractability: false, timeouts: {implicit: 0, pageLoad: 300000, script: 30000}, unhandledPromptBehavior: dismiss and notify, webauthn:extension:credBlob: true, webauthn:extension:largeBlob: true, webauthn:extension:minPinLength: true, webauthn:extension:prf: true, webauthn:virtualAuthenticators: true}
Element: [[EdgeDriver: MicrosoftEdge on windows (cf3d91cf79d8ac93afdee78db191d3be)] -> css selector: .CodeMirror textarea]
Session ID: cf3d91cf79d8ac93afdee78db191d3be
]]></failure>
    <system-out><![CDATA[
Scenario: Types of Binary Trees                                      &amp#27;[90m# src/test/resources/Features/Tree.feature:195&amp#27;[0m
]]></system-out>
  </testcase>
  <testcase name="runScenario[&quot;Binary Trees&quot;, &quot;Tree&quot;](182)" classname="TestRunners.TestRunner" time="2.447">
    <system-out><![CDATA[
Scenario: Try Here Editor page with empty code                               &amp#27;[90m# src/test/resources/Features/Tree.feature:201&amp#27;[0m
  &amp#27;[32mGiven &amp#27;[0m&amp#27;[32mThe user is on the DS Introduction page as signedIn&amp#27;[0m  &amp#27;[90m# StepDefinitions.DSIntroductionDetails.the_user_is_on_the_ds_introduction_page_as_signed_in()&amp#27;[0m
  &amp#27;[32mAnd &amp#27;[0m&amp#27;[32mUser clicks on Get Started button from Tree panel&amp#27;[0m      &amp#27;[90m# StepDefinitions.Tree.user_clicks_on_get_started_button_from_tree_panel()&amp#27;[0m
  &amp#27;[32mGiven &amp#27;[0m&amp#27;[32mThe user is on the Binary Trees page&amp#27;[0m                 &amp#27;[90m# StepDefinitions.Tree.the_user_is_on_the_binary_trees_page()&amp#27;[0m
  &amp#27;[32mGiven &amp#27;[0m&amp#27;[32mThe user is on the DS Introduction page as signedIn&amp#27;[0m          &amp#27;[90m# StepDefinitions.DSIntroductionDetails.the_user_is_on_the_ds_introduction_page_as_signed_in()&amp#27;[0m
  &amp#27;[32mWhen &amp#27;[0m&amp#27;[32mThe user clicks Types of Binary Trees link&amp#27;[0m            &amp#27;[90m# StepDefinitions.Tree.the_user_clicks_types_of_binary_trees_link()&amp#27;[0m
  &amp#27;[32mThen &amp#27;[0m&amp#27;[32mThe user is redirected to Types of Binary Trees page.&amp#27;[0m &amp#27;[90m# StepDefinitions.Tree.the_user_is_redirected_to_types_of_binary_trees_page()&amp#27;[0m
[INFO ] 2024-12-17 11:55:25.369 [TestNG-PoolService-2] Hooks - ======================  Test Execution is completed!! ======================
]]></system-out>
    <system-err><![CDATA[Dec 17, 2024 11:55:24 AM org.openqa.selenium.devtools.CdpVersionFinder findNearestMatch
WARNING: Unable to find an exact match for CDP version 131, returning the closest version; found: 130; Please update to a Selenium version that supports CDP version 131
]]></system-err>
  </testcase>
  <testcase name="runScenario[&quot;Binary Trees&quot;, &quot;Tree&quot;](182)" classname="TestRunners.TestRunner" time="0.19">
    <system-out><![CDATA[
Scenario: Try Here Editor page with empty code                               &amp#27;[90m# src/test/resources/Features/Tree.feature:201&amp#27;[0m
]]></system-out>
  </testcase>
  <testcase name="runScenario[&quot;Types of Binary Trees&quot;, &quot;Tree&quot;](183)" classname="TestRunners.TestRunner" time="1.884">
    <system-out><![CDATA[
Scenario: Try Here Editor page with valid data                        &amp#27;[90m# src/test/resources/Features/Tree.feature:207&amp#27;[0m
  &amp#27;[32mAnd &amp#27;[0m&amp#27;[32mUser clicks on Get Started button from Tree panel&amp#27;[0m              &amp#27;[90m# StepDefinitions.Tree.user_clicks_on_get_started_button_from_tree_panel()&amp#27;[0m
  &amp#27;[32mGiven &amp#27;[0m&amp#27;[32mThe user is on the Types of Binary Trees page&amp#27;[0m                &amp#27;[90m# StepDefinitions.Tree.the_user_is_on_the_types_of_binary_trees_page()&amp#27;[0m
  &amp#27;[32mWhen &amp#27;[0m&amp#27;[32mThe user clicks Try Here button&amp#27;[0m                               &amp#27;[90m# StepDefinitions.Tree.the_user_clicks_try_here_button()&amp#27;[0m
  &amp#27;[32mThen &amp#27;[0m&amp#27;[32mThe user is redirected to a page having Editor and run button&amp#27;[0m &amp#27;[90m# StepDefinitions.Tree.the_user_is_redirected_to_a_page_having_editor_and_run_button()&amp#27;[0m
[INFO ] 2024-12-17 11:55:27.146 [TestNG-PoolService-1] Hooks - ======================  Test Execution is completed!! ======================
]]></system-out>
    <system-err><![CDATA[Dec 17, 2024 11:55:27 AM org.openqa.selenium.devtools.CdpVersionFinder findNearestMatch
WARNING: Unable to find an exact match for CDP version 131, returning the closest version; found: 130; Please update to a Selenium version that supports CDP version 131
]]></system-err>
  </testcase>
  <testcase name="runScenario[&quot;Types of Binary Trees&quot;, &quot;Tree&quot;](183)" classname="TestRunners.TestRunner" time="8.581">
    <system-out><![CDATA[
Scenario: Try Here Editor page with valid data                        &amp#27;[90m# src/test/resources/Features/Tree.feature:207&amp#27;[0m
  &amp#27;[32mGiven &amp#27;[0m&amp#27;[32mThe user is on the DS Introduction page as signedIn&amp#27;[0m          &amp#27;[90m# StepDefinitions.DSIntroductionDetails.the_user_is_on_the_ds_introduction_page_as_signed_in()&amp#27;[0m
  &amp#27;[32mAnd &amp#27;[0m&amp#27;[32mUser clicks on Get Started button from Tree panel&amp#27;[0m              &amp#27;[90m# StepDefinitions.Tree.user_clicks_on_get_started_button_from_tree_panel()&amp#27;[0m
  &amp#27;[32mGiven &amp#27;[0m&amp#27;[32mThe user is on the Types of Binary Trees page&amp#27;[0m                &amp#27;[90m# StepDefinitions.Tree.the_user_is_on_the_types_of_binary_trees_page()&amp#27;[0m
  &amp#27;[32mGiven &amp#27;[0m&amp#27;[32mThe user is on the DS Introduction page as signedIn&amp#27;[0m                  &amp#27;[90m# StepDefinitions.DSIntroductionDetails.the_user_is_on_the_ds_introduction_page_as_signed_in()&amp#27;[0m
  &amp#27;[32mGiven &amp#27;[0m&amp#27;[32mThe user is on the DS Introduction page as signedIn&amp#27;[0m           &amp#27;[90m# StepDefinitions.DSIntroductionDetails.the_user_is_on_the_ds_introduction_page_as_signed_in()&amp#27;[0m
  &amp#27;[32mAnd &amp#27;[0m&amp#27;[32mUser clicks on Get Started button from Tree panel&amp#27;[0m                      &amp#27;[90m# StepDefinitions.Tree.user_clicks_on_get_started_button_from_tree_panel()&amp#27;[0m
  &amp#27;[32mWhen &amp#27;[0m&amp#27;[32mThe user clicks Try Here button&amp#27;[0m                               &amp#27;[90m# StepDefinitions.Tree.the_user_clicks_try_here_button()&amp#27;[0m
  &amp#27;[32mThen &amp#27;[0m&amp#27;[32mThe user is redirected to a page having Editor and run button&amp#27;[0m &amp#27;[90m# StepDefinitions.Tree.the_user_is_redirected_to_a_page_having_editor_and_run_button()&amp#27;[0m
[INFO ] 2024-12-17 12:25:13.222 [TestNG-PoolService-1] Hooks - ======================  Test Execution is completed!! ======================
  &amp#27;[32mAnd &amp#27;[0m&amp#27;[32mUser clicks on Get Started button from Tree panel&amp#27;[0m               &amp#27;[90m# StepDefinitions.Tree.user_clicks_on_get_started_button_from_tree_panel()&amp#27;[0m
  &amp#27;[32mGiven &amp#27;[0m&amp#27;[32mThe user is on the Editor page of Types of Binary Trees page&amp#27;[0m         &amp#27;[90m# StepDefinitions.Tree.the_user_is_on_the_Editor_page_of_types_of_binary_trees_page()&amp#27;[0m
  &amp#27;[32mGiven &amp#27;[0m&amp#27;[32mThe user is on the Editor page of Types of Binary Trees page&amp#27;[0m  &amp#27;[90m# StepDefinitions.Tree.the_user_is_on_the_Editor_page_of_types_of_binary_trees_page()&amp#27;[0m
  &amp#27;[32mWhen &amp#27;[0m&amp#27;[32mThe user writes no code inside editor window and clicks on Run button&amp#27;[0m &amp#27;[90m# StepDefinitions.Tree.the_user_writes_no_code_inside_editor_window_and_clicks_on_run_button()&amp#27;[0m
]]></system-out>
    <system-err><![CDATA[Dec 17, 2024 12:25:07 PM org.openqa.selenium.devtools.CdpVersionFinder findNearestMatch
WARNING: Unable to find an exact match for CDP version 131, returning the closest version; found: 130; Please update to a Selenium version that supports CDP version 131
Dec 17, 2024 12:25:09 PM org.openqa.selenium.devtools.CdpVersionFinder findNearestMatch
WARNING: Unable to find an exact match for CDP version 131, returning the closest version; found: 130; Please update to a Selenium version that supports CDP version 131
Dec 17, 2024 12:25:09 PM org.openqa.selenium.devtools.CdpVersionFinder findNearestMatch
WARNING: Unable to find an exact match for CDP version 131, returning the closest version; found: 130; Please update to a Selenium version that supports CDP version 131
]]></system-err>
  </testcase>
  <testcase name="runScenario[&quot;Try Here Editor page with empty code&quot;, &quot;Tree&quot;](184)" classname="TestRunners.TestRunner" time="3.088">
    <failure message="element not interactable&#10;  (Session info: chrome=131.0.6778.140)&#10;Build info: version: &apos;4.26.0&apos;, revision: &apos;8ccf0219d7&apos;&#10;System info: os.name: &apos;Windows 11&apos;, os.arch: &apos;amd64&apos;, os.version: &apos;10.0&apos;, java.version: &apos;21.0.5&apos;&#10;Driver info: org.openqa.selenium.chrome.ChromeDriver&#10;Command: [263cb37d5a1a6aaad98009551188accf, sendKeysToElement {value=[Ljava.lang.CharSequence;@2e19031a, id=f.F2B45BE52CD5028945333D61A641E273.d.981EEECDB99F5E1EAD62B57339B4EBC9.e.50}]&#10;Capabilities {acceptInsecureCerts: false, browserName: chrome, browserVersion: 131.0.6778.140, chrome: {chromedriverVersion: 131.0.6778.108 (3b014839fbc..., userDataDir: C:\Users\vamsh\AppData\Loca...}, fedcm:accounts: true, goog:chromeOptions: {debuggerAddress: localhost:64183}, networkConnectionEnabled: false, pageLoadStrategy: normal, platformName: windows, proxy: Proxy(), se:cdp: ws://localhost:64183/devtoo..., se:cdpVersion: 131.0.6778.140, setWindowRect: true, strictFileInteractability: false, timeouts: {implicit: 0, pageLoad: 300000, script: 30000}, unhandledPromptBehavior: dismiss and notify, webauthn:extension:credBlob: true, webauthn:extension:largeBlob: true, webauthn:extension:minPinLength: true, webauthn:extension:prf: true, webauthn:virtualAuthenticators: true}&#10;Element: [[ChromeDriver: chrome on windows (263cb37d5a1a6aaad98009551188accf)] -&gt; css selector: .CodeMirror textarea]&#10;Session ID: 263cb37d5a1a6aaad98009551188accf" type="org.openqa.selenium.ElementNotInteractableException"><![CDATA[org.openqa.selenium.ElementNotInteractableException: 
element not interactable
  (Session info: chrome=131.0.6778.140)
Build info: version: '4.26.0', revision: '8ccf0219d7'
System info: os.name: 'Windows 11', os.arch: 'amd64', os.version: '10.0', java.version: '21.0.5'
Driver info: org.openqa.selenium.chrome.ChromeDriver
Command: [263cb37d5a1a6aaad98009551188accf, sendKeysToElement {value=[Ljava.lang.CharSequence;@2e19031a, id=f.F2B45BE52CD5028945333D61A641E273.d.981EEECDB99F5E1EAD62B57339B4EBC9.e.50}]
Capabilities {acceptInsecureCerts: false, browserName: chrome, browserVersion: 131.0.6778.140, chrome: {chromedriverVersion: 131.0.6778.108 (3b014839fbc..., userDataDir: C:\Users\vamsh\AppData\Loca...}, fedcm:accounts: true, goog:chromeOptions: {debuggerAddress: localhost:64183}, networkConnectionEnabled: false, pageLoadStrategy: normal, platformName: windows, proxy: Proxy(), se:cdp: ws://localhost:64183/devtoo..., se:cdpVersion: 131.0.6778.140, setWindowRect: true, strictFileInteractability: false, timeouts: {implicit: 0, pageLoad: 300000, script: 30000}, unhandledPromptBehavior: dismiss and notify, webauthn:extension:credBlob: true, webauthn:extension:largeBlob: true, webauthn:extension:minPinLength: true, webauthn:extension:prf: true, webauthn:virtualAuthenticators: true}
Element: [[ChromeDriver: chrome on windows (263cb37d5a1a6aaad98009551188accf)] -> css selector: .CodeMirror textarea]
Session ID: 263cb37d5a1a6aaad98009551188accf
]]></failure>
    <system-out><![CDATA[
Scenario: Try Here Editor page with invalid data                        &amp#27;[90m# src/test/resources/Features/Tree.feature:213&amp#27;[0m
  &amp#27;[32mGiven &amp#27;[0m&amp#27;[32mThe user is on the DS Introduction page as signedIn&amp#27;[0m                  &amp#27;[90m# StepDefinitions.DSIntroductionDetails.the_user_is_on_the_ds_introduction_page_as_signed_in()&amp#27;[0m
  &amp#27;[32mAnd &amp#27;[0m&amp#27;[32mUser clicks on Get Started button from Tree panel&amp#27;[0m                      &amp#27;[90m# StepDefinitions.Tree.user_clicks_on_get_started_button_from_tree_panel()&amp#27;[0m
  &amp#27;[32mGiven &amp#27;[0m&amp#27;[32mThe user is on the Editor page of Types of Binary Trees page&amp#27;[0m         &amp#27;[90m# StepDefinitions.Tree.the_user_is_on_the_Editor_page_of_types_of_binary_trees_page()&amp#27;[0m
  &amp#27;[31mWhen &amp#27;[0m&amp#27;[31mThe user writes no code inside editor window and clicks on Run button&amp#27;[0m &amp#27;[90m# StepDefinitions.Tree.the_user_writes_no_code_inside_editor_window_and_clicks_on_run_button()&amp#27;[0m
      &amp#27;[31morg.openqa.selenium.ElementNotInteractableException: element not interactable
  (Session info: chrome=131.0.6778.140)
Build info: version: '4.26.0', revision: '8ccf0219d7'
System info: os.name: 'Windows 11', os.arch: 'amd64', os.version: '10.0', java.version: '21.0.5'
Driver info: org.openqa.selenium.chrome.ChromeDriver
Command: [263cb37d5a1a6aaad98009551188accf, sendKeysToElement {value=[Ljava.lang.CharSequence;@2e19031a, id=f.F2B45BE52CD5028945333D61A641E273.d.981EEECDB99F5E1EAD62B57339B4EBC9.e.50}]
Capabilities {acceptInsecureCerts: false, browserName: chrome, browserVersion: 131.0.6778.140, chrome: {chromedriverVersion: 131.0.6778.108 (3b014839fbc..., userDataDir: C:\Users\vamsh\AppData\Loca...}, fedcm:accounts: true, goog:chromeOptions: {debuggerAddress: localhost:64183}, networkConnectionEnabled: false, pageLoadStrategy: normal, platformName: windows, proxy: Proxy(), se:cdp: ws://localhost:64183/devtoo..., se:cdpVersion: 131.0.6778.140, setWindowRect: true, strictFileInteractability: false, timeouts: {implicit: 0, pageLoad: 300000, script: 30000}, unhandledPromptBehavior: dismiss and notify, webauthn:extension:credBlob: true, webauthn:extension:largeBlob: true, webauthn:extension:minPinLength: true, webauthn:extension:prf: true, webauthn:virtualAuthenticators: true}
Element: [[ChromeDriver: chrome on windows (263cb37d5a1a6aaad98009551188accf)] -> css selector: .CodeMirror textarea]
Session ID: 263cb37d5a1a6aaad98009551188accf
	at java.base/jdk.internal.reflect.DirectConstructorHandleAccessor.newInstance(DirectConstructorHandleAccessor.java:62)
	at java.base/java.lang.reflect.Constructor.newInstanceWithCaller(Constructor.java:502)
	at java.base/java.lang.reflect.Constructor.newInstance(Constructor.java:486)
	at org.openqa.selenium.remote.ErrorCodec.decode(ErrorCodec.java:167)
	at org.openqa.selenium.remote.codec.w3c.W3CHttpResponseCodec.decode(W3CHttpResponseCodec.java:138)
	at org.openqa.selenium.remote.codec.w3c.W3CHttpResponseCodec.decode(W3CHttpResponseCodec.java:50)
	at org.openqa.selenium.remote.HttpCommandExecutor.execute(HttpCommandExecutor.java:190)
	at org.openqa.selenium.remote.service.DriverCommandExecutor.invokeExecute(DriverCommandExecutor.java:216)
	at org.openqa.selenium.remote.service.DriverCommandExecutor.execute(DriverCommandExecutor.java:174)
	at org.openqa.selenium.remote.RemoteWebDriver.execute(RemoteWebDriver.java:545)
	at org.openqa.selenium.remote.RemoteWebElement.execute(RemoteWebElement.java:223)
	at org.openqa.selenium.remote.RemoteWebElement.sendKeys(RemoteWebElement.java:110)
	at PageObjects.TreePage.writeInTryEditorWindow(TreePage.java:251)
	at StepDefinitions.Tree.the_user_writes_no_code_inside_editor_window_and_clicks_on_run_button(Tree.java:80)
	at ✽.The user writes no code inside editor window and clicks on Run button(file:///C:/Projects/newFolder-3/Repo1/src/test/resources/Features/Tree.feature:204)
&amp#27;[0m
  &amp#27;[36mThen &amp#27;[0m&amp#27;[36mNothing happens to the Editor page and no error message is displayed&amp#27;[0m  &amp#27;[90m# StepDefinitions.Tree.nothing_happens_to_the_editor_page_and_no_error_message_is_displayed()&amp#27;[0m
[ERROR] 2024-12-17 11:55:29.713 [TestNG-PoolService-3] Hooks - ======================  TEST CASE FAILED !! ======================

    Embedding screenshot [image/png 7853 bytes]

[INFO ] 2024-12-17 11:55:29.928 [TestNG-PoolService-3] Hooks - ======================  Screenshot is captured  ======================
[INFO ] 2024-12-17 11:55:29.938 [TestNG-PoolService-3] Hooks - ======================  Test Execution is completed!! ======================
  &amp#27;[32mGiven &amp#27;[0m&amp#27;[32mThe user is on the DS Introduction page as signedIn&amp#27;[0m           &amp#27;[90m# StepDefinitions.DSIntroductionDetails.the_user_is_on_the_ds_introduction_page_as_signed_in()&amp#27;[0m
  &amp#27;[32mAnd &amp#27;[0m&amp#27;[32mUser clicks on Get Started button from Tree panel&amp#27;[0m               &amp#27;[90m# StepDefinitions.Tree.user_clicks_on_get_started_button_from_tree_panel()&amp#27;[0m
]]></system-out>
    <system-err><![CDATA[Dec 17, 2024 11:55:29 AM org.openqa.selenium.devtools.CdpVersionFinder findNearestMatch
WARNING: Unable to find an exact match for CDP version 131, returning the closest version; found: 130; Please update to a Selenium version that supports CDP version 131
]]></system-err>
  </testcase>
  <testcase name="runScenario[&quot;Try Here Editor page with empty code&quot;, &quot;Tree&quot;](184)" classname="TestRunners.TestRunner" time="1.37">
    <system-out><![CDATA[
Scenario: Try Here Editor page with invalid data                        &amp#27;[90m# src/test/resources/Features/Tree.feature:213&amp#27;[0m
  &amp#27;[32mThen &amp#27;[0m&amp#27;[32mNothing happens to the Editor page and no error message is displayed&amp#27;[0m  &amp#27;[90m# StepDefinitions.Tree.nothing_happens_to_the_editor_page_and_no_error_message_is_displayed()&amp#27;[0m
[INFO ] 2024-12-17 12:25:14.630 [TestNG-PoolService-3] Hooks - ======================  Test Execution is completed!! ======================
]]></system-out>
  </testcase>
  <testcase name="runScenario[&quot;Try Here Editor page with valid data&quot;, &quot;Tree&quot;](185)" classname="TestRunners.TestRunner" time="2.482">
    <failure message="element not interactable&#10;  (Session info: chrome=131.0.6778.140)&#10;Build info: version: &apos;4.26.0&apos;, revision: &apos;8ccf0219d7&apos;&#10;System info: os.name: &apos;Windows 11&apos;, os.arch: &apos;amd64&apos;, os.version: &apos;10.0&apos;, java.version: &apos;21.0.5&apos;&#10;Driver info: org.openqa.selenium.chrome.ChromeDriver&#10;Command: [6f59f27defd9342d656b6de18728cbf7, sendKeysToElement {value=[Ljava.lang.CharSequence;@1a5ffc91, id=f.FB16DCF4D5010D47EE04207455868E97.d.3EFC41EE9CE2E8933778286CF1240838.e.38}]&#10;Capabilities {acceptInsecureCerts: false, browserName: chrome, browserVersion: 131.0.6778.140, chrome: {chromedriverVersion: 131.0.6778.108 (3b014839fbc..., userDataDir: C:\Users\vamsh\AppData\Loca...}, fedcm:accounts: true, goog:chromeOptions: {debuggerAddress: localhost:64232}, networkConnectionEnabled: false, pageLoadStrategy: normal, platformName: windows, proxy: Proxy(), se:cdp: ws://localhost:64232/devtoo..., se:cdpVersion: 131.0.6778.140, setWindowRect: true, strictFileInteractability: false, timeouts: {implicit: 0, pageLoad: 300000, script: 30000}, unhandledPromptBehavior: dismiss and notify, webauthn:extension:credBlob: true, webauthn:extension:largeBlob: true, webauthn:extension:minPinLength: true, webauthn:extension:prf: true, webauthn:virtualAuthenticators: true}&#10;Element: [[ChromeDriver: chrome on windows (6f59f27defd9342d656b6de18728cbf7)] -&gt; css selector: .CodeMirror textarea]&#10;Session ID: 6f59f27defd9342d656b6de18728cbf7" type="org.openqa.selenium.ElementNotInteractableException"><![CDATA[org.openqa.selenium.ElementNotInteractableException: 
element not interactable
  (Session info: chrome=131.0.6778.140)
Build info: version: '4.26.0', revision: '8ccf0219d7'
System info: os.name: 'Windows 11', os.arch: 'amd64', os.version: '10.0', java.version: '21.0.5'
Driver info: org.openqa.selenium.chrome.ChromeDriver
Command: [6f59f27defd9342d656b6de18728cbf7, sendKeysToElement {value=[Ljava.lang.CharSequence;@1a5ffc91, id=f.FB16DCF4D5010D47EE04207455868E97.d.3EFC41EE9CE2E8933778286CF1240838.e.38}]
Capabilities {acceptInsecureCerts: false, browserName: chrome, browserVersion: 131.0.6778.140, chrome: {chromedriverVersion: 131.0.6778.108 (3b014839fbc..., userDataDir: C:\Users\vamsh\AppData\Loca...}, fedcm:accounts: true, goog:chromeOptions: {debuggerAddress: localhost:64232}, networkConnectionEnabled: false, pageLoadStrategy: normal, platformName: windows, proxy: Proxy(), se:cdp: ws://localhost:64232/devtoo..., se:cdpVersion: 131.0.6778.140, setWindowRect: true, strictFileInteractability: false, timeouts: {implicit: 0, pageLoad: 300000, script: 30000}, unhandledPromptBehavior: dismiss and notify, webauthn:extension:credBlob: true, webauthn:extension:largeBlob: true, webauthn:extension:minPinLength: true, webauthn:extension:prf: true, webauthn:virtualAuthenticators: true}
Element: [[ChromeDriver: chrome on windows (6f59f27defd9342d656b6de18728cbf7)] -> css selector: .CodeMirror textarea]
Session ID: 6f59f27defd9342d656b6de18728cbf7
]]></failure>
    <system-out><![CDATA[
Scenario: Types of Binary Trees                                 &amp#27;[90m# src/test/resources/Features/Tree.feature:219&amp#27;[0m
  &amp#27;[32mGiven &amp#27;[0m&amp#27;[32mThe user is on the Editor page of Types of Binary Trees page&amp#27;[0m  &amp#27;[90m# StepDefinitions.Tree.the_user_is_on_the_Editor_page_of_types_of_binary_trees_page()&amp#27;[0m
  &amp#27;[32mGiven &amp#27;[0m&amp#27;[32mThe user is on the DS Introduction page as signedIn&amp#27;[0m             &amp#27;[90m# StepDefinitions.DSIntroductionDetails.the_user_is_on_the_ds_introduction_page_as_signed_in()&amp#27;[0m
  &amp#27;[31mWhen &amp#27;[0m&amp#27;[31mThe user writes the valid python code and clicks on Run button&amp#27;[0m &amp#27;[90m# StepDefinitions.Tree.the_user_writes_the_valid_python_code_and_clicks_on_run_button()&amp#27;[0m
      &amp#27;[31morg.openqa.selenium.ElementNotInteractableException: element not interactable
  (Session info: chrome=131.0.6778.140)
Build info: version: '4.26.0', revision: '8ccf0219d7'
System info: os.name: 'Windows 11', os.arch: 'amd64', os.version: '10.0', java.version: '21.0.5'
Driver info: org.openqa.selenium.chrome.ChromeDriver
Command: [6f59f27defd9342d656b6de18728cbf7, sendKeysToElement {value=[Ljava.lang.CharSequence;@1a5ffc91, id=f.FB16DCF4D5010D47EE04207455868E97.d.3EFC41EE9CE2E8933778286CF1240838.e.38}]
Capabilities {acceptInsecureCerts: false, browserName: chrome, browserVersion: 131.0.6778.140, chrome: {chromedriverVersion: 131.0.6778.108 (3b014839fbc..., userDataDir: C:\Users\vamsh\AppData\Loca...}, fedcm:accounts: true, goog:chromeOptions: {debuggerAddress: localhost:64232}, networkConnectionEnabled: false, pageLoadStrategy: normal, platformName: windows, proxy: Proxy(), se:cdp: ws://localhost:64232/devtoo..., se:cdpVersion: 131.0.6778.140, setWindowRect: true, strictFileInteractability: false, timeouts: {implicit: 0, pageLoad: 300000, script: 30000}, unhandledPromptBehavior: dismiss and notify, webauthn:extension:credBlob: true, webauthn:extension:largeBlob: true, webauthn:extension:minPinLength: true, webauthn:extension:prf: true, webauthn:virtualAuthenticators: true}
Element: [[ChromeDriver: chrome on windows (6f59f27defd9342d656b6de18728cbf7)] -> css selector: .CodeMirror textarea]
Session ID: 6f59f27defd9342d656b6de18728cbf7
	at java.base/jdk.internal.reflect.DirectConstructorHandleAccessor.newInstance(DirectConstructorHandleAccessor.java:62)
	at java.base/java.lang.reflect.Constructor.newInstanceWithCaller(Constructor.java:502)
	at java.base/java.lang.reflect.Constructor.newInstance(Constructor.java:486)
	at org.openqa.selenium.remote.ErrorCodec.decode(ErrorCodec.java:167)
	at org.openqa.selenium.remote.codec.w3c.W3CHttpResponseCodec.decode(W3CHttpResponseCodec.java:138)
	at org.openqa.selenium.remote.codec.w3c.W3CHttpResponseCodec.decode(W3CHttpResponseCodec.java:50)
	at org.openqa.selenium.remote.HttpCommandExecutor.execute(HttpCommandExecutor.java:190)
	at org.openqa.selenium.remote.service.DriverCommandExecutor.invokeExecute(DriverCommandExecutor.java:216)
	at org.openqa.selenium.remote.service.DriverCommandExecutor.execute(DriverCommandExecutor.java:174)
	at org.openqa.selenium.remote.RemoteWebDriver.execute(RemoteWebDriver.java:545)
	at org.openqa.selenium.remote.RemoteWebElement.execute(RemoteWebElement.java:223)
	at org.openqa.selenium.remote.RemoteWebElement.sendKeys(RemoteWebElement.java:110)
	at PageObjects.TreePage.writeInTryEditorWindow(TreePage.java:251)
	at StepDefinitions.Tree.the_user_writes_the_valid_python_code_and_clicks_on_run_button(Tree.java:93)
	at ✽.The user writes the valid python code and clicks on Run button(file:///C:/Projects/newFolder-3/Repo1/src/test/resources/Features/Tree.feature:210)
&amp#27;[0m
  &amp#27;[36mThen &amp#27;[0m&amp#27;[36mThe user is able to see the output inside the console.&amp#27;[0m         &amp#27;[90m# StepDefinitions.Tree.the_user_is_able_to_see_the_output_inside_the_console()&amp#27;[0m
[ERROR] 2024-12-17 11:55:32.230 [TestNG-PoolService-2] Hooks - ======================  TEST CASE FAILED !! ======================

    Embedding screenshot [image/png 7853 bytes]

[INFO ] 2024-12-17 11:55:32.512 [TestNG-PoolService-2] Hooks - ======================  Screenshot is captured  ======================
[INFO ] 2024-12-17 11:55:32.514 [TestNG-PoolService-2] Hooks - ======================  Test Execution is completed!! ======================
  &amp#27;[32mAnd &amp#27;[0m&amp#27;[32mUser clicks on Get Started button from Tree panel&amp#27;[0m                 &amp#27;[90m# StepDefinitions.Tree.user_clicks_on_get_started_button_from_tree_panel()&amp#27;[0m
]]></system-out>
    <system-err><![CDATA[Dec 17, 2024 11:55:32 AM org.openqa.selenium.devtools.CdpVersionFinder findNearestMatch
WARNING: Unable to find an exact match for CDP version 131, returning the closest version; found: 130; Please update to a Selenium version that supports CDP version 131
]]></system-err>
  </testcase>
  <testcase name="runScenario[&quot;Try Here Editor page with invalid data&quot;, &quot;Tree&quot;](186)" classname="TestRunners.TestRunner" time="2.104">
    <failure message="element not interactable&#10;  (Session info: chrome=131.0.6778.140)&#10;Build info: version: &apos;4.26.0&apos;, revision: &apos;8ccf0219d7&apos;&#10;System info: os.name: &apos;Windows 11&apos;, os.arch: &apos;amd64&apos;, os.version: &apos;10.0&apos;, java.version: &apos;21.0.5&apos;&#10;Driver info: org.openqa.selenium.chrome.ChromeDriver&#10;Command: [6ce643d1ab5238ef7e7da202c4f058db, sendKeysToElement {value=[Ljava.lang.CharSequence;@3aab3b83, id=f.00A5D0793DB8C1B9C0F4220928B66F08.d.30E86F76367AB6B6BB573C3D4A5A1BBB.e.50}]&#10;Capabilities {acceptInsecureCerts: false, browserName: chrome, browserVersion: 131.0.6778.140, chrome: {chromedriverVersion: 131.0.6778.108 (3b014839fbc..., userDataDir: C:\Users\vamsh\AppData\Loca...}, fedcm:accounts: true, goog:chromeOptions: {debuggerAddress: localhost:64285}, networkConnectionEnabled: false, pageLoadStrategy: normal, platformName: windows, proxy: Proxy(), se:cdp: ws://localhost:64285/devtoo..., se:cdpVersion: 131.0.6778.140, setWindowRect: true, strictFileInteractability: false, timeouts: {implicit: 0, pageLoad: 300000, script: 30000}, unhandledPromptBehavior: dismiss and notify, webauthn:extension:credBlob: true, webauthn:extension:largeBlob: true, webauthn:extension:minPinLength: true, webauthn:extension:prf: true, webauthn:virtualAuthenticators: true}&#10;Element: [[ChromeDriver: chrome on windows (6ce643d1ab5238ef7e7da202c4f058db)] -&gt; css selector: .CodeMirror textarea]&#10;Session ID: 6ce643d1ab5238ef7e7da202c4f058db" type="org.openqa.selenium.ElementNotInteractableException"><![CDATA[org.openqa.selenium.ElementNotInteractableException: 
element not interactable
  (Session info: chrome=131.0.6778.140)
Build info: version: '4.26.0', revision: '8ccf0219d7'
System info: os.name: 'Windows 11', os.arch: 'amd64', os.version: '10.0', java.version: '21.0.5'
Driver info: org.openqa.selenium.chrome.ChromeDriver
Command: [6ce643d1ab5238ef7e7da202c4f058db, sendKeysToElement {value=[Ljava.lang.CharSequence;@3aab3b83, id=f.00A5D0793DB8C1B9C0F4220928B66F08.d.30E86F76367AB6B6BB573C3D4A5A1BBB.e.50}]
Capabilities {acceptInsecureCerts: false, browserName: chrome, browserVersion: 131.0.6778.140, chrome: {chromedriverVersion: 131.0.6778.108 (3b014839fbc..., userDataDir: C:\Users\vamsh\AppData\Loca...}, fedcm:accounts: true, goog:chromeOptions: {debuggerAddress: localhost:64285}, networkConnectionEnabled: false, pageLoadStrategy: normal, platformName: windows, proxy: Proxy(), se:cdp: ws://localhost:64285/devtoo..., se:cdpVersion: 131.0.6778.140, setWindowRect: true, strictFileInteractability: false, timeouts: {implicit: 0, pageLoad: 300000, script: 30000}, unhandledPromptBehavior: dismiss and notify, webauthn:extension:credBlob: true, webauthn:extension:largeBlob: true, webauthn:extension:minPinLength: true, webauthn:extension:prf: true, webauthn:virtualAuthenticators: true}
Element: [[ChromeDriver: chrome on windows (6ce643d1ab5238ef7e7da202c4f058db)] -> css selector: .CodeMirror textarea]
Session ID: 6ce643d1ab5238ef7e7da202c4f058db
]]></failure>
    <system-out><![CDATA[
Scenario: Implementation in Python                                   &amp#27;[90m# src/test/resources/Features/Tree.feature:226&amp#27;[0m
  &amp#27;[32mGiven &amp#27;[0m&amp#27;[32mThe user is on the Editor page of Types of Binary Trees page&amp#27;[0m    &amp#27;[90m# StepDefinitions.Tree.the_user_is_on_the_Editor_page_of_types_of_binary_trees_page()&amp#27;[0m
  &amp#27;[31mWhen &amp#27;[0m&amp#27;[31mThe user writes the invalid python code and clicks on Run button&amp#27;[0m &amp#27;[90m# StepDefinitions.Tree.the_user_writes_the_invalid_python_code_and_clicks_on_run_button()&amp#27;[0m
      &amp#27;[31morg.openqa.selenium.ElementNotInteractableException: element not interactable
  (Session info: chrome=131.0.6778.140)
Build info: version: '4.26.0', revision: '8ccf0219d7'
System info: os.name: 'Windows 11', os.arch: 'amd64', os.version: '10.0', java.version: '21.0.5'
Driver info: org.openqa.selenium.chrome.ChromeDriver
Command: [6ce643d1ab5238ef7e7da202c4f058db, sendKeysToElement {value=[Ljava.lang.CharSequence;@3aab3b83, id=f.00A5D0793DB8C1B9C0F4220928B66F08.d.30E86F76367AB6B6BB573C3D4A5A1BBB.e.50}]
Capabilities {acceptInsecureCerts: false, browserName: chrome, browserVersion: 131.0.6778.140, chrome: {chromedriverVersion: 131.0.6778.108 (3b014839fbc..., userDataDir: C:\Users\vamsh\AppData\Loca...}, fedcm:accounts: true, goog:chromeOptions: {debuggerAddress: localhost:64285}, networkConnectionEnabled: false, pageLoadStrategy: normal, platformName: windows, proxy: Proxy(), se:cdp: ws://localhost:64285/devtoo..., se:cdpVersion: 131.0.6778.140, setWindowRect: true, strictFileInteractability: false, timeouts: {implicit: 0, pageLoad: 300000, script: 30000}, unhandledPromptBehavior: dismiss and notify, webauthn:extension:credBlob: true, webauthn:extension:largeBlob: true, webauthn:extension:minPinLength: true, webauthn:extension:prf: true, webauthn:virtualAuthenticators: true}
Element: [[ChromeDriver: chrome on windows (6ce643d1ab5238ef7e7da202c4f058db)] -> css selector: .CodeMirror textarea]
Session ID: 6ce643d1ab5238ef7e7da202c4f058db
	at java.base/jdk.internal.reflect.DirectConstructorHandleAccessor.newInstance(DirectConstructorHandleAccessor.java:62)
	at java.base/java.lang.reflect.Constructor.newInstanceWithCaller(Constructor.java:502)
	at java.base/java.lang.reflect.Constructor.newInstance(Constructor.java:486)
	at org.openqa.selenium.remote.ErrorCodec.decode(ErrorCodec.java:167)
	at org.openqa.selenium.remote.codec.w3c.W3CHttpResponseCodec.decode(W3CHttpResponseCodec.java:138)
	at org.openqa.selenium.remote.codec.w3c.W3CHttpResponseCodec.decode(W3CHttpResponseCodec.java:50)
	at org.openqa.selenium.remote.HttpCommandExecutor.execute(HttpCommandExecutor.java:190)
	at org.openqa.selenium.remote.service.DriverCommandExecutor.invokeExecute(DriverCommandExecutor.java:216)
	at org.openqa.selenium.remote.service.DriverCommandExecutor.execute(DriverCommandExecutor.java:174)
	at org.openqa.selenium.remote.RemoteWebDriver.execute(RemoteWebDriver.java:545)
	at org.openqa.selenium.remote.RemoteWebElement.execute(RemoteWebElement.java:223)
	at org.openqa.selenium.remote.RemoteWebElement.sendKeys(RemoteWebElement.java:110)
	at PageObjects.TreePage.writeInTryEditorWindow(TreePage.java:251)
	at StepDefinitions.Tree.the_user_writes_the_invalid_python_code_and_clicks_on_run_button(Tree.java:106)
	at ✽.The user writes the invalid python code and clicks on Run button(file:///C:/Projects/newFolder-3/Repo1/src/test/resources/Features/Tree.feature:216)
&amp#27;[0m
  &amp#27;[36mThen &amp#27;[0m&amp#27;[36mThe user see error msg in alert window&amp#27;[0m                           &amp#27;[90m# StepDefinitions.Tree.the_user_see_error_msg_in_alert_window()&amp#27;[0m
[ERROR] 2024-12-17 11:55:34.331 [TestNG-PoolService-1] Hooks - ======================  TEST CASE FAILED !! ======================

    Embedding screenshot [image/png 7853 bytes]

[INFO ] 2024-12-17 11:55:34.557 [TestNG-PoolService-1] Hooks - ======================  Screenshot is captured  ======================
[INFO ] 2024-12-17 11:55:34.561 [TestNG-PoolService-1] Hooks - ======================  Test Execution is completed!! ======================
]]></system-out>
    <system-err><![CDATA[Dec 17, 2024 11:55:34 AM org.openqa.selenium.devtools.CdpVersionFinder findNearestMatch
WARNING: Unable to find an exact match for CDP version 131, returning the closest version; found: 130; Please update to a Selenium version that supports CDP version 131
]]></system-err>
  </testcase>
  <testcase name="runScenario[&quot;Types of Binary Trees&quot;, &quot;Tree&quot;](187)" classname="TestRunners.TestRunner" time="2.15">
    <system-out><![CDATA[
Scenario: Try Here Editor page with empty code                               &amp#27;[90m# src/test/resources/Features/Tree.feature:232&amp#27;[0m
  &amp#27;[32mGiven &amp#27;[0m&amp#27;[32mThe user is on the DS Introduction page as signedIn&amp#27;[0m     &amp#27;[90m# StepDefinitions.DSIntroductionDetails.the_user_is_on_the_ds_introduction_page_as_signed_in()&amp#27;[0m
  &amp#27;[32mAnd &amp#27;[0m&amp#27;[32mUser clicks on Get Started button from Tree panel&amp#27;[0m         &amp#27;[90m# StepDefinitions.Tree.user_clicks_on_get_started_button_from_tree_panel()&amp#27;[0m
  &amp#27;[32mGiven &amp#27;[0m&amp#27;[32mThe user is on the Types of Binary Trees page&amp#27;[0m           &amp#27;[90m# StepDefinitions.Tree.the_user_is_on_the_types_of_binary_trees_page()&amp#27;[0m
  &amp#27;[32mWhen &amp#27;[0m&amp#27;[32mThe user clicks Implementation in Python Trees link&amp#27;[0m      &amp#27;[90m# StepDefinitions.Tree.the_user_clicks_implementation_in_python_trees_link()&amp#27;[0m
  &amp#27;[32mThen &amp#27;[0m&amp#27;[32mThe user is redirected to Implementation in Python page.&amp#27;[0m &amp#27;[90m# StepDefinitions.Tree.the_user_is_redirected_to_implementation_in_python_page()&amp#27;[0m
[INFO ] 2024-12-17 11:55:37.007 [TestNG-PoolService-3] Hooks - ======================  Test Execution is completed!! ======================
]]></system-out>
    <system-err><![CDATA[Dec 17, 2024 11:55:37 AM org.openqa.selenium.devtools.CdpVersionFinder findNearestMatch
WARNING: Unable to find an exact match for CDP version 131, returning the closest version; found: 130; Please update to a Selenium version that supports CDP version 131
]]></system-err>
  </testcase>
  <testcase name="runScenario[&quot;Implementation in Python&quot;, &quot;Tree&quot;](188)" classname="TestRunners.TestRunner" time="2.837">
    <system-out><![CDATA[
Scenario: Try Here Editor page with valid data                          &amp#27;[90m# src/test/resources/Features/Tree.feature:238&amp#27;[0m
  &amp#27;[32mGiven &amp#27;[0m&amp#27;[32mThe user is on the DS Introduction page as signedIn&amp#27;[0m          &amp#27;[90m# StepDefinitions.DSIntroductionDetails.the_user_is_on_the_ds_introduction_page_as_signed_in()&amp#27;[0m
  &amp#27;[32mAnd &amp#27;[0m&amp#27;[32mUser clicks on Get Started button from Tree panel&amp#27;[0m              &amp#27;[90m# StepDefinitions.Tree.user_clicks_on_get_started_button_from_tree_panel()&amp#27;[0m
  &amp#27;[32mGiven &amp#27;[0m&amp#27;[32mThe user is on the Implementation in Python page&amp#27;[0m             &amp#27;[90m# StepDefinitions.Tree.the_user_is_on_the_implementation_in_python_page()&amp#27;[0m
  &amp#27;[32mWhen &amp#27;[0m&amp#27;[32mThe user clicks Try Here button&amp#27;[0m                               &amp#27;[90m# StepDefinitions.Tree.the_user_clicks_try_here_button()&amp#27;[0m
  &amp#27;[32mThen &amp#27;[0m&amp#27;[32mThe user is redirected to a page having Editor and run button&amp#27;[0m &amp#27;[90m# StepDefinitions.Tree.the_user_is_redirected_to_a_page_having_editor_and_run_button()&amp#27;[0m
[INFO ] 2024-12-17 11:55:39.962 [TestNG-PoolService-2] Hooks - ======================  Test Execution is completed!! ======================
  &amp#27;[32mGiven &amp#27;[0m&amp#27;[32mThe user is on the DS Introduction page as signedIn&amp#27;[0m                  &amp#27;[90m# StepDefinitions.DSIntroductionDetails.the_user_is_on_the_ds_introduction_page_as_signed_in()&amp#27;[0m
]]></system-out>
    <system-err><![CDATA[Dec 17, 2024 11:55:39 AM org.openqa.selenium.devtools.CdpVersionFinder findNearestMatch
WARNING: Unable to find an exact match for CDP version 131, returning the closest version; found: 130; Please update to a Selenium version that supports CDP version 131
]]></system-err>
  </testcase>
  <testcase name="runScenario[&quot;Try Here Editor page with empty code&quot;, &quot;Tree&quot;](189)" classname="TestRunners.TestRunner" time="2.791">
    <failure message="element not interactable&#10;  (Session info: chrome=131.0.6778.140)&#10;Build info: version: &apos;4.26.0&apos;, revision: &apos;8ccf0219d7&apos;&#10;System info: os.name: &apos;Windows 11&apos;, os.arch: &apos;amd64&apos;, os.version: &apos;10.0&apos;, java.version: &apos;21.0.5&apos;&#10;Driver info: org.openqa.selenium.chrome.ChromeDriver&#10;Command: [5bfa5892189d9685716c6de97b27714c, sendKeysToElement {value=[Ljava.lang.CharSequence;@492dc3a2, id=f.B9AD9B8C593CEFD93800DA041E13CB05.d.EDC028790437C505183B2439FEE8C23A.e.50}]&#10;Capabilities {acceptInsecureCerts: false, browserName: chrome, browserVersion: 131.0.6778.140, chrome: {chromedriverVersion: 131.0.6778.108 (3b014839fbc..., userDataDir: C:\Users\vamsh\AppData\Loca...}, fedcm:accounts: true, goog:chromeOptions: {debuggerAddress: localhost:64466}, networkConnectionEnabled: false, pageLoadStrategy: normal, platformName: windows, proxy: Proxy(), se:cdp: ws://localhost:64466/devtoo..., se:cdpVersion: 131.0.6778.140, setWindowRect: true, strictFileInteractability: false, timeouts: {implicit: 0, pageLoad: 300000, script: 30000}, unhandledPromptBehavior: dismiss and notify, webauthn:extension:credBlob: true, webauthn:extension:largeBlob: true, webauthn:extension:minPinLength: true, webauthn:extension:prf: true, webauthn:virtualAuthenticators: true}&#10;Element: [[ChromeDriver: chrome on windows (5bfa5892189d9685716c6de97b27714c)] -&gt; css selector: .CodeMirror textarea]&#10;Session ID: 5bfa5892189d9685716c6de97b27714c" type="org.openqa.selenium.ElementNotInteractableException"><![CDATA[org.openqa.selenium.ElementNotInteractableException: 
element not interactable
  (Session info: chrome=131.0.6778.140)
Build info: version: '4.26.0', revision: '8ccf0219d7'
System info: os.name: 'Windows 11', os.arch: 'amd64', os.version: '10.0', java.version: '21.0.5'
Driver info: org.openqa.selenium.chrome.ChromeDriver
Command: [5bfa5892189d9685716c6de97b27714c, sendKeysToElement {value=[Ljava.lang.CharSequence;@492dc3a2, id=f.B9AD9B8C593CEFD93800DA041E13CB05.d.EDC028790437C505183B2439FEE8C23A.e.50}]
Capabilities {acceptInsecureCerts: false, browserName: chrome, browserVersion: 131.0.6778.140, chrome: {chromedriverVersion: 131.0.6778.108 (3b014839fbc..., userDataDir: C:\Users\vamsh\AppData\Loca...}, fedcm:accounts: true, goog:chromeOptions: {debuggerAddress: localhost:64466}, networkConnectionEnabled: false, pageLoadStrategy: normal, platformName: windows, proxy: Proxy(), se:cdp: ws://localhost:64466/devtoo..., se:cdpVersion: 131.0.6778.140, setWindowRect: true, strictFileInteractability: false, timeouts: {implicit: 0, pageLoad: 300000, script: 30000}, unhandledPromptBehavior: dismiss and notify, webauthn:extension:credBlob: true, webauthn:extension:largeBlob: true, webauthn:extension:minPinLength: true, webauthn:extension:prf: true, webauthn:virtualAuthenticators: true}
Element: [[ChromeDriver: chrome on windows (5bfa5892189d9685716c6de97b27714c)] -> css selector: .CodeMirror textarea]
Session ID: 5bfa5892189d9685716c6de97b27714c
]]></failure>
    <system-out><![CDATA[
Scenario: Try Here Editor page with invalid data                        &amp#27;[90m# src/test/resources/Features/Tree.feature:244&amp#27;[0m
  &amp#27;[32mAnd &amp#27;[0m&amp#27;[32mUser clicks on Get Started button from Tree panel&amp#27;[0m                      &amp#27;[90m# StepDefinitions.Tree.user_clicks_on_get_started_button_from_tree_panel()&amp#27;[0m
  &amp#27;[32mGiven &amp#27;[0m&amp#27;[32mThe user is on the editor page of Implementation in Python page&amp#27;[0m      &amp#27;[90m# StepDefinitions.Tree.the_user_is_on_the_editor_page_of_implementation_in_python_page()&amp#27;[0m
  &amp#27;[31mWhen &amp#27;[0m&amp#27;[31mThe user writes no code inside editor window and clicks on Run button&amp#27;[0m &amp#27;[90m# StepDefinitions.Tree.the_user_writes_no_code_inside_editor_window_and_clicks_on_run_button()&amp#27;[0m
      &amp#27;[31morg.openqa.selenium.ElementNotInteractableException: element not interactable
  (Session info: chrome=131.0.6778.140)
Build info: version: '4.26.0', revision: '8ccf0219d7'
System info: os.name: 'Windows 11', os.arch: 'amd64', os.version: '10.0', java.version: '21.0.5'
Driver info: org.openqa.selenium.chrome.ChromeDriver
Command: [5bfa5892189d9685716c6de97b27714c, sendKeysToElement {value=[Ljava.lang.CharSequence;@492dc3a2, id=f.B9AD9B8C593CEFD93800DA041E13CB05.d.EDC028790437C505183B2439FEE8C23A.e.50}]
Capabilities {acceptInsecureCerts: false, browserName: chrome, browserVersion: 131.0.6778.140, chrome: {chromedriverVersion: 131.0.6778.108 (3b014839fbc..., userDataDir: C:\Users\vamsh\AppData\Loca...}, fedcm:accounts: true, goog:chromeOptions: {debuggerAddress: localhost:64466}, networkConnectionEnabled: false, pageLoadStrategy: normal, platformName: windows, proxy: Proxy(), se:cdp: ws://localhost:64466/devtoo..., se:cdpVersion: 131.0.6778.140, setWindowRect: true, strictFileInteractability: false, timeouts: {implicit: 0, pageLoad: 300000, script: 30000}, unhandledPromptBehavior: dismiss and notify, webauthn:extension:credBlob: true, webauthn:extension:largeBlob: true, webauthn:extension:minPinLength: true, webauthn:extension:prf: true, webauthn:virtualAuthenticators: true}
Element: [[ChromeDriver: chrome on windows (5bfa5892189d9685716c6de97b27714c)] -> css selector: .CodeMirror textarea]
Session ID: 5bfa5892189d9685716c6de97b27714c
	at java.base/jdk.internal.reflect.DirectConstructorHandleAccessor.newInstance(DirectConstructorHandleAccessor.java:62)
	at java.base/java.lang.reflect.Constructor.newInstanceWithCaller(Constructor.java:502)
	at java.base/java.lang.reflect.Constructor.newInstance(Constructor.java:486)
	at org.openqa.selenium.remote.ErrorCodec.decode(ErrorCodec.java:167)
	at org.openqa.selenium.remote.codec.w3c.W3CHttpResponseCodec.decode(W3CHttpResponseCodec.java:138)
	at org.openqa.selenium.remote.codec.w3c.W3CHttpResponseCodec.decode(W3CHttpResponseCodec.java:50)
	at org.openqa.selenium.remote.HttpCommandExecutor.execute(HttpCommandExecutor.java:190)
	at org.openqa.selenium.remote.service.DriverCommandExecutor.invokeExecute(DriverCommandExecutor.java:216)
	at org.openqa.selenium.remote.service.DriverCommandExecutor.execute(DriverCommandExecutor.java:174)
	at org.openqa.selenium.remote.RemoteWebDriver.execute(RemoteWebDriver.java:545)
	at org.openqa.selenium.remote.RemoteWebElement.execute(RemoteWebElement.java:223)
	at org.openqa.selenium.remote.RemoteWebElement.sendKeys(RemoteWebElement.java:110)
	at PageObjects.TreePage.writeInTryEditorWindow(TreePage.java:251)
	at StepDefinitions.Tree.the_user_writes_no_code_inside_editor_window_and_clicks_on_run_button(Tree.java:80)
	at ✽.The user writes no code inside editor window and clicks on Run button(file:///C:/Projects/newFolder-3/Repo1/src/test/resources/Features/Tree.feature:235)
&amp#27;[0m
  &amp#27;[36mThen &amp#27;[0m&amp#27;[36mNothing happens to the Editor page and no error message is displayed&amp#27;[0m  &amp#27;[90m# StepDefinitions.Tree.nothing_happens_to_the_editor_page_and_no_error_message_is_displayed()&amp#27;[0m
[ERROR] 2024-12-17 11:55:42.031 [TestNG-PoolService-1] Hooks - ======================  TEST CASE FAILED !! ======================

    Embedding screenshot [image/png 7853 bytes]

[INFO ] 2024-12-17 11:55:42.333 [TestNG-PoolService-1] Hooks - ======================  Screenshot is captured  ======================
[INFO ] 2024-12-17 11:55:42.335 [TestNG-PoolService-1] Hooks - ======================  Test Execution is completed!! ======================
  &amp#27;[32mGiven &amp#27;[0m&amp#27;[32mThe user is on the DS Introduction page as signedIn&amp#27;[0m             &amp#27;[90m# StepDefinitions.DSIntroductionDetails.the_user_is_on_the_ds_introduction_page_as_signed_in()&amp#27;[0m
  &amp#27;[32mAnd &amp#27;[0m&amp#27;[32mUser clicks on Get Started button from Tree panel&amp#27;[0m                 &amp#27;[90m# StepDefinitions.Tree.user_clicks_on_get_started_button_from_tree_panel()&amp#27;[0m
]]></system-out>
    <system-err><![CDATA[Dec 17, 2024 11:55:42 AM org.openqa.selenium.devtools.CdpVersionFinder findNearestMatch
WARNING: Unable to find an exact match for CDP version 131, returning the closest version; found: 130; Please update to a Selenium version that supports CDP version 131
]]></system-err>
  </testcase>
  <testcase name="runScenario[&quot;Try Here Editor page with valid data&quot;, &quot;Tree&quot;](190)" classname="TestRunners.TestRunner" time="2.149">
    <failure message="element not interactable&#10;  (Session info: chrome=131.0.6778.140)&#10;Build info: version: &apos;4.26.0&apos;, revision: &apos;8ccf0219d7&apos;&#10;System info: os.name: &apos;Windows 11&apos;, os.arch: &apos;amd64&apos;, os.version: &apos;10.0&apos;, java.version: &apos;21.0.5&apos;&#10;Driver info: org.openqa.selenium.chrome.ChromeDriver&#10;Command: [f3b7018a9046bea8347b040de688ae94, sendKeysToElement {value=[Ljava.lang.CharSequence;@6fde84a8, id=f.74AE10230A4BF914726F68D34BC07773.d.0091D9B6223C2898128ACDAD41774D00.e.48}]&#10;Capabilities {acceptInsecureCerts: false, browserName: chrome, browserVersion: 131.0.6778.140, chrome: {chromedriverVersion: 131.0.6778.108 (3b014839fbc..., userDataDir: C:\Users\vamsh\AppData\Loca...}, fedcm:accounts: true, goog:chromeOptions: {debuggerAddress: localhost:64513}, networkConnectionEnabled: false, pageLoadStrategy: normal, platformName: windows, proxy: Proxy(), se:cdp: ws://localhost:64513/devtoo..., se:cdpVersion: 131.0.6778.140, setWindowRect: true, strictFileInteractability: false, timeouts: {implicit: 0, pageLoad: 300000, script: 30000}, unhandledPromptBehavior: dismiss and notify, webauthn:extension:credBlob: true, webauthn:extension:largeBlob: true, webauthn:extension:minPinLength: true, webauthn:extension:prf: true, webauthn:virtualAuthenticators: true}&#10;Element: [[ChromeDriver: chrome on windows (f3b7018a9046bea8347b040de688ae94)] -&gt; css selector: .CodeMirror textarea]&#10;Session ID: f3b7018a9046bea8347b040de688ae94" type="org.openqa.selenium.ElementNotInteractableException"><![CDATA[org.openqa.selenium.ElementNotInteractableException: 
element not interactable
  (Session info: chrome=131.0.6778.140)
Build info: version: '4.26.0', revision: '8ccf0219d7'
System info: os.name: 'Windows 11', os.arch: 'amd64', os.version: '10.0', java.version: '21.0.5'
Driver info: org.openqa.selenium.chrome.ChromeDriver
Command: [f3b7018a9046bea8347b040de688ae94, sendKeysToElement {value=[Ljava.lang.CharSequence;@6fde84a8, id=f.74AE10230A4BF914726F68D34BC07773.d.0091D9B6223C2898128ACDAD41774D00.e.48}]
Capabilities {acceptInsecureCerts: false, browserName: chrome, browserVersion: 131.0.6778.140, chrome: {chromedriverVersion: 131.0.6778.108 (3b014839fbc..., userDataDir: C:\Users\vamsh\AppData\Loca...}, fedcm:accounts: true, goog:chromeOptions: {debuggerAddress: localhost:64513}, networkConnectionEnabled: false, pageLoadStrategy: normal, platformName: windows, proxy: Proxy(), se:cdp: ws://localhost:64513/devtoo..., se:cdpVersion: 131.0.6778.140, setWindowRect: true, strictFileInteractability: false, timeouts: {implicit: 0, pageLoad: 300000, script: 30000}, unhandledPromptBehavior: dismiss and notify, webauthn:extension:credBlob: true, webauthn:extension:largeBlob: true, webauthn:extension:minPinLength: true, webauthn:extension:prf: true, webauthn:virtualAuthenticators: true}
Element: [[ChromeDriver: chrome on windows (f3b7018a9046bea8347b040de688ae94)] -> css selector: .CodeMirror textarea]
Session ID: f3b7018a9046bea8347b040de688ae94
]]></failure>
    <system-out><![CDATA[
Scenario: Implementation in Python                            &amp#27;[90m# src/test/resources/Features/Tree.feature:250&amp#27;[0m
  &amp#27;[32mGiven &amp#27;[0m&amp#27;[32mThe user is on the editor page of Implementation in Python page&amp#27;[0m &amp#27;[90m# StepDefinitions.Tree.the_user_is_on_the_editor_page_of_implementation_in_python_page()&amp#27;[0m
  &amp#27;[31mWhen &amp#27;[0m&amp#27;[31mThe user writes the valid python code and clicks on Run button&amp#27;[0m   &amp#27;[90m# StepDefinitions.Tree.the_user_writes_the_valid_python_code_and_clicks_on_run_button()&amp#27;[0m
      &amp#27;[31morg.openqa.selenium.ElementNotInteractableException: element not interactable
  (Session info: chrome=131.0.6778.140)
Build info: version: '4.26.0', revision: '8ccf0219d7'
System info: os.name: 'Windows 11', os.arch: 'amd64', os.version: '10.0', java.version: '21.0.5'
Driver info: org.openqa.selenium.chrome.ChromeDriver
Command: [f3b7018a9046bea8347b040de688ae94, sendKeysToElement {value=[Ljava.lang.CharSequence;@6fde84a8, id=f.74AE10230A4BF914726F68D34BC07773.d.0091D9B6223C2898128ACDAD41774D00.e.48}]
Capabilities {acceptInsecureCerts: false, browserName: chrome, browserVersion: 131.0.6778.140, chrome: {chromedriverVersion: 131.0.6778.108 (3b014839fbc..., userDataDir: C:\Users\vamsh\AppData\Loca...}, fedcm:accounts: true, goog:chromeOptions: {debuggerAddress: localhost:64513}, networkConnectionEnabled: false, pageLoadStrategy: normal, platformName: windows, proxy: Proxy(), se:cdp: ws://localhost:64513/devtoo..., se:cdpVersion: 131.0.6778.140, setWindowRect: true, strictFileInteractability: false, timeouts: {implicit: 0, pageLoad: 300000, script: 30000}, unhandledPromptBehavior: dismiss and notify, webauthn:extension:credBlob: true, webauthn:extension:largeBlob: true, webauthn:extension:minPinLength: true, webauthn:extension:prf: true, webauthn:virtualAuthenticators: true}
Element: [[ChromeDriver: chrome on windows (f3b7018a9046bea8347b040de688ae94)] -> css selector: .CodeMirror textarea]
Session ID: f3b7018a9046bea8347b040de688ae94
	at java.base/jdk.internal.reflect.DirectConstructorHandleAccessor.newInstance(DirectConstructorHandleAccessor.java:62)
	at java.base/java.lang.reflect.Constructor.newInstanceWithCaller(Constructor.java:502)
	at java.base/java.lang.reflect.Constructor.newInstance(Constructor.java:486)
	at org.openqa.selenium.remote.ErrorCodec.decode(ErrorCodec.java:167)
	at org.openqa.selenium.remote.codec.w3c.W3CHttpResponseCodec.decode(W3CHttpResponseCodec.java:138)
	at org.openqa.selenium.remote.codec.w3c.W3CHttpResponseCodec.decode(W3CHttpResponseCodec.java:50)
	at org.openqa.selenium.remote.HttpCommandExecutor.execute(HttpCommandExecutor.java:190)
	at org.openqa.selenium.remote.service.DriverCommandExecutor.invokeExecute(DriverCommandExecutor.java:216)
	at org.openqa.selenium.remote.service.DriverCommandExecutor.execute(DriverCommandExecutor.java:174)
	at org.openqa.selenium.remote.RemoteWebDriver.execute(RemoteWebDriver.java:545)
	at org.openqa.selenium.remote.RemoteWebElement.execute(RemoteWebElement.java:223)
	at org.openqa.selenium.remote.RemoteWebElement.sendKeys(RemoteWebElement.java:110)
	at PageObjects.TreePage.writeInTryEditorWindow(TreePage.java:251)
	at StepDefinitions.Tree.the_user_writes_the_valid_python_code_and_clicks_on_run_button(Tree.java:93)
	at ✽.The user writes the valid python code and clicks on Run button(file:///C:/Projects/newFolder-3/Repo1/src/test/resources/Features/Tree.feature:241)
&amp#27;[0m
  &amp#27;[36mThen &amp#27;[0m&amp#27;[36mThe user is able to see the output inside the console.&amp#27;[0m           &amp#27;[90m# StepDefinitions.Tree.the_user_is_able_to_see_the_output_inside_the_console()&amp#27;[0m
[ERROR] 2024-12-17 11:55:44.257 [TestNG-PoolService-3] Hooks - ======================  TEST CASE FAILED !! ======================

    Embedding screenshot [image/png 7853 bytes]

[INFO ] 2024-12-17 11:55:44.487 [TestNG-PoolService-3] Hooks - ======================  Screenshot is captured  ======================
[INFO ] 2024-12-17 11:55:44.490 [TestNG-PoolService-3] Hooks - ======================  Test Execution is completed!! ======================
  &amp#27;[32mGiven &amp#27;[0m&amp#27;[32mThe user is on the DS Introduction page as signedIn&amp#27;[0m             &amp#27;[90m# StepDefinitions.DSIntroductionDetails.the_user_is_on_the_ds_introduction_page_as_signed_in()&amp#27;[0m
  &amp#27;[32mAnd &amp#27;[0m&amp#27;[32mUser clicks on Get Started button from Tree panel&amp#27;[0m                 &amp#27;[90m# StepDefinitions.Tree.user_clicks_on_get_started_button_from_tree_panel()&amp#27;[0m
]]></system-out>
    <system-err><![CDATA[Dec 17, 2024 11:55:44 AM org.openqa.selenium.devtools.CdpVersionFinder findNearestMatch
WARNING: Unable to find an exact match for CDP version 131, returning the closest version; found: 130; Please update to a Selenium version that supports CDP version 131
]]></system-err>
  </testcase>
  <testcase name="runScenario[&quot;Try Here Editor page with valid data&quot;, &quot;Tree&quot;](190)" classname="TestRunners.TestRunner" time="0.413">
    <system-out><![CDATA[
Scenario: Implementation in Python                            &amp#27;[90m# src/test/resources/Features/Tree.feature:250&amp#27;[0m
]]></system-out>
  </testcase>
  <testcase name="runScenario[&quot;Try Here Editor page with invalid data&quot;, &quot;Tree&quot;](191)" classname="TestRunners.TestRunner" time="2.125">
    <failure message="element not interactable&#10;  (Session info: chrome=131.0.6778.140)&#10;Build info: version: &apos;4.26.0&apos;, revision: &apos;8ccf0219d7&apos;&#10;System info: os.name: &apos;Windows 11&apos;, os.arch: &apos;amd64&apos;, os.version: &apos;10.0&apos;, java.version: &apos;21.0.5&apos;&#10;Driver info: org.openqa.selenium.chrome.ChromeDriver&#10;Command: [2ddc9820b9144ad29c314e7072b9c24e, sendKeysToElement {value=[Ljava.lang.CharSequence;@2bfb340d, id=f.FCFD6A2D6E1B4E2DE59271AF85F68588.d.42D78B6AD88D32FC3ECFCAE962AA0549.e.35}]&#10;Capabilities {acceptInsecureCerts: false, browserName: chrome, browserVersion: 131.0.6778.140, chrome: {chromedriverVersion: 131.0.6778.108 (3b014839fbc..., userDataDir: C:\Users\vamsh\AppData\Loca...}, fedcm:accounts: true, goog:chromeOptions: {debuggerAddress: localhost:64571}, networkConnectionEnabled: false, pageLoadStrategy: normal, platformName: windows, proxy: Proxy(), se:cdp: ws://localhost:64571/devtoo..., se:cdpVersion: 131.0.6778.140, setWindowRect: true, strictFileInteractability: false, timeouts: {implicit: 0, pageLoad: 300000, script: 30000}, unhandledPromptBehavior: dismiss and notify, webauthn:extension:credBlob: true, webauthn:extension:largeBlob: true, webauthn:extension:minPinLength: true, webauthn:extension:prf: true, webauthn:virtualAuthenticators: true}&#10;Element: [[ChromeDriver: chrome on windows (2ddc9820b9144ad29c314e7072b9c24e)] -&gt; css selector: .CodeMirror textarea]&#10;Session ID: 2ddc9820b9144ad29c314e7072b9c24e" type="org.openqa.selenium.ElementNotInteractableException"><![CDATA[org.openqa.selenium.ElementNotInteractableException: 
element not interactable
  (Session info: chrome=131.0.6778.140)
Build info: version: '4.26.0', revision: '8ccf0219d7'
System info: os.name: 'Windows 11', os.arch: 'amd64', os.version: '10.0', java.version: '21.0.5'
Driver info: org.openqa.selenium.chrome.ChromeDriver
Command: [2ddc9820b9144ad29c314e7072b9c24e, sendKeysToElement {value=[Ljava.lang.CharSequence;@2bfb340d, id=f.FCFD6A2D6E1B4E2DE59271AF85F68588.d.42D78B6AD88D32FC3ECFCAE962AA0549.e.35}]
Capabilities {acceptInsecureCerts: false, browserName: chrome, browserVersion: 131.0.6778.140, chrome: {chromedriverVersion: 131.0.6778.108 (3b014839fbc..., userDataDir: C:\Users\vamsh\AppData\Loca...}, fedcm:accounts: true, goog:chromeOptions: {debuggerAddress: localhost:64571}, networkConnectionEnabled: false, pageLoadStrategy: normal, platformName: windows, proxy: Proxy(), se:cdp: ws://localhost:64571/devtoo..., se:cdpVersion: 131.0.6778.140, setWindowRect: true, strictFileInteractability: false, timeouts: {implicit: 0, pageLoad: 300000, script: 30000}, unhandledPromptBehavior: dismiss and notify, webauthn:extension:credBlob: true, webauthn:extension:largeBlob: true, webauthn:extension:minPinLength: true, webauthn:extension:prf: true, webauthn:virtualAuthenticators: true}
Element: [[ChromeDriver: chrome on windows (2ddc9820b9144ad29c314e7072b9c24e)] -> css selector: .CodeMirror textarea]
Session ID: 2ddc9820b9144ad29c314e7072b9c24e
]]></failure>
    <system-out><![CDATA[
Scenario: Binary Tree Traversals                                     &amp#27;[90m# src/test/resources/Features/Tree.feature:257&amp#27;[0m
  &amp#27;[32mGiven &amp#27;[0m&amp#27;[32mThe user is on the editor page of Implementation in Python page&amp#27;[0m &amp#27;[90m# StepDefinitions.Tree.the_user_is_on_the_editor_page_of_implementation_in_python_page()&amp#27;[0m
  &amp#27;[31mWhen &amp#27;[0m&amp#27;[31mThe user writes the invalid python code and clicks on Run button&amp#27;[0m &amp#27;[90m# StepDefinitions.Tree.the_user_writes_the_invalid_python_code_and_clicks_on_run_button()&amp#27;[0m
      &amp#27;[31morg.openqa.selenium.ElementNotInteractableException: element not interactable
  (Session info: chrome=131.0.6778.140)
Build info: version: '4.26.0', revision: '8ccf0219d7'
System info: os.name: 'Windows 11', os.arch: 'amd64', os.version: '10.0', java.version: '21.0.5'
Driver info: org.openqa.selenium.chrome.ChromeDriver
Command: [2ddc9820b9144ad29c314e7072b9c24e, sendKeysToElement {value=[Ljava.lang.CharSequence;@2bfb340d, id=f.FCFD6A2D6E1B4E2DE59271AF85F68588.d.42D78B6AD88D32FC3ECFCAE962AA0549.e.35}]
Capabilities {acceptInsecureCerts: false, browserName: chrome, browserVersion: 131.0.6778.140, chrome: {chromedriverVersion: 131.0.6778.108 (3b014839fbc..., userDataDir: C:\Users\vamsh\AppData\Loca...}, fedcm:accounts: true, goog:chromeOptions: {debuggerAddress: localhost:64571}, networkConnectionEnabled: false, pageLoadStrategy: normal, platformName: windows, proxy: Proxy(), se:cdp: ws://localhost:64571/devtoo..., se:cdpVersion: 131.0.6778.140, setWindowRect: true, strictFileInteractability: false, timeouts: {implicit: 0, pageLoad: 300000, script: 30000}, unhandledPromptBehavior: dismiss and notify, webauthn:extension:credBlob: true, webauthn:extension:largeBlob: true, webauthn:extension:minPinLength: true, webauthn:extension:prf: true, webauthn:virtualAuthenticators: true}
Element: [[ChromeDriver: chrome on windows (2ddc9820b9144ad29c314e7072b9c24e)] -> css selector: .CodeMirror textarea]
Session ID: 2ddc9820b9144ad29c314e7072b9c24e
	at java.base/jdk.internal.reflect.DirectConstructorHandleAccessor.newInstance(DirectConstructorHandleAccessor.java:62)
	at java.base/java.lang.reflect.Constructor.newInstanceWithCaller(Constructor.java:502)
	at java.base/java.lang.reflect.Constructor.newInstance(Constructor.java:486)
	at org.openqa.selenium.remote.ErrorCodec.decode(ErrorCodec.java:167)
	at org.openqa.selenium.remote.codec.w3c.W3CHttpResponseCodec.decode(W3CHttpResponseCodec.java:138)
	at org.openqa.selenium.remote.codec.w3c.W3CHttpResponseCodec.decode(W3CHttpResponseCodec.java:50)
	at org.openqa.selenium.remote.HttpCommandExecutor.execute(HttpCommandExecutor.java:190)
	at org.openqa.selenium.remote.service.DriverCommandExecutor.invokeExecute(DriverCommandExecutor.java:216)
	at org.openqa.selenium.remote.service.DriverCommandExecutor.execute(DriverCommandExecutor.java:174)
	at org.openqa.selenium.remote.RemoteWebDriver.execute(RemoteWebDriver.java:545)
	at org.openqa.selenium.remote.RemoteWebElement.execute(RemoteWebElement.java:223)
	at org.openqa.selenium.remote.RemoteWebElement.sendKeys(RemoteWebElement.java:110)
	at PageObjects.TreePage.writeInTryEditorWindow(TreePage.java:251)
	at StepDefinitions.Tree.the_user_writes_the_invalid_python_code_and_clicks_on_run_button(Tree.java:106)
	at ✽.The user writes the invalid python code and clicks on Run button(file:///C:/Projects/newFolder-3/Repo1/src/test/resources/Features/Tree.feature:247)
&amp#27;[0m
  &amp#27;[36mThen &amp#27;[0m&amp#27;[36mThe user see error msg in alert window&amp#27;[0m                           &amp#27;[90m# StepDefinitions.Tree.the_user_see_error_msg_in_alert_window()&amp#27;[0m
[ERROR] 2024-12-17 11:55:46.806 [TestNG-PoolService-2] Hooks - ======================  TEST CASE FAILED !! ======================

    Embedding screenshot [image/png 7853 bytes]

[INFO ] 2024-12-17 11:55:47.005 [TestNG-PoolService-2] Hooks - ======================  Screenshot is captured  ======================
[INFO ] 2024-12-17 11:55:47.008 [TestNG-PoolService-2] Hooks - ======================  Test Execution is completed!! ======================
]]></system-out>
    <system-err><![CDATA[Dec 17, 2024 11:55:46 AM org.openqa.selenium.devtools.CdpVersionFinder findNearestMatch
WARNING: Unable to find an exact match for CDP version 131, returning the closest version; found: 130; Please update to a Selenium version that supports CDP version 131
]]></system-err>
  </testcase>
  <testcase name="runScenario[&quot;Implementation in Python&quot;, &quot;Tree&quot;](192)" classname="TestRunners.TestRunner" time="3.987">
    <system-out><![CDATA[
Scenario: Try Here Editor page with empty code                               &amp#27;[90m# src/test/resources/Features/Tree.feature:263&amp#27;[0m
  &amp#27;[32mGiven &amp#27;[0m&amp#27;[32mThe user is on the DS Introduction page as signedIn&amp#27;[0m   &amp#27;[90m# StepDefinitions.DSIntroductionDetails.the_user_is_on_the_ds_introduction_page_as_signed_in()&amp#27;[0m
  &amp#27;[32mGiven &amp#27;[0m&amp#27;[32mThe user is on the DS Introduction page as signedIn&amp#27;[0m          &amp#27;[90m# StepDefinitions.DSIntroductionDetails.the_user_is_on_the_ds_introduction_page_as_signed_in()&amp#27;[0m
  &amp#27;[32mAnd &amp#27;[0m&amp#27;[32mUser clicks on Get Started button from Tree panel&amp#27;[0m       &amp#27;[90m# StepDefinitions.Tree.user_clicks_on_get_started_button_from_tree_panel()&amp#27;[0m
  &amp#27;[32mAnd &amp#27;[0m&amp#27;[32mUser clicks on Get Started button from Tree panel&amp#27;[0m              &amp#27;[90m# StepDefinitions.Tree.user_clicks_on_get_started_button_from_tree_panel()&amp#27;[0m
  &amp#27;[32mGiven &amp#27;[0m&amp#27;[32mThe user is on the Implementation in Python page&amp#27;[0m      &amp#27;[90m# StepDefinitions.Tree.the_user_is_on_the_implementation_in_python_page()&amp#27;[0m
  &amp#27;[32mGiven &amp#27;[0m&amp#27;[32mThe user is on the Binary Tree Traversals page&amp#27;[0m               &amp#27;[90m# StepDefinitions.Tree.the_user_is_on_the_binary_tree_traversals_page()&amp#27;[0m
  &amp#27;[32mWhen &amp#27;[0m&amp#27;[32mThe user clicks Binary Tree Traversals link&amp#27;[0m            &amp#27;[90m# StepDefinitions.Tree.the_user_clicks_binary_tree_traversals_link()&amp#27;[0m
  &amp#27;[32mThen &amp#27;[0m&amp#27;[32mThe user is redirected to Binary Tree Traversals page.&amp#27;[0m &amp#27;[90m# StepDefinitions.Tree.the_user_is_redirected_to_binary_tree_traversals_page()&amp#27;[0m
[INFO ] 2024-12-17 11:55:50.930 [TestNG-PoolService-1] Hooks - ======================  Test Execution is completed!! ======================
]]></system-out>
    <system-err><![CDATA[Dec 17, 2024 11:55:48 AM org.openqa.selenium.devtools.CdpVersionFinder findNearestMatch
WARNING: Unable to find an exact match for CDP version 131, returning the closest version; found: 130; Please update to a Selenium version that supports CDP version 131
]]></system-err>
  </testcase>
  <testcase name="runScenario[&quot;Implementation in Python&quot;, &quot;Tree&quot;](192)" classname="TestRunners.TestRunner" time="0.356">
    <system-out><![CDATA[
Scenario: Try Here Editor page with empty code                               &amp#27;[90m# src/test/resources/Features/Tree.feature:263&amp#27;[0m
]]></system-out>
  </testcase>
  <testcase name="runScenario[&quot;Binary Tree Traversals&quot;, &quot;Tree&quot;](193)" classname="TestRunners.TestRunner" time="0.82">
    <system-out><![CDATA[
Scenario: Try Here Editor page with valid data                        &amp#27;[90m# src/test/resources/Features/Tree.feature:269&amp#27;[0m
  &amp#27;[32mGiven &amp#27;[0m&amp#27;[32mThe user is on the DS Introduction page as signedIn&amp#27;[0m                  &amp#27;[90m# StepDefinitions.DSIntroductionDetails.the_user_is_on_the_ds_introduction_page_as_signed_in()&amp#27;[0m
  &amp#27;[32mWhen &amp#27;[0m&amp#27;[32mThe user clicks Try Here button&amp#27;[0m                               &amp#27;[90m# StepDefinitions.Tree.the_user_clicks_try_here_button()&amp#27;[0m
  &amp#27;[32mThen &amp#27;[0m&amp#27;[32mThe user is redirected to a page having Editor and run button&amp#27;[0m &amp#27;[90m# StepDefinitions.Tree.the_user_is_redirected_to_a_page_having_editor_and_run_button()&amp#27;[0m
[INFO ] 2024-12-17 11:55:51.776 [TestNG-PoolService-3] Hooks - ======================  Test Execution is completed!! ======================
  &amp#27;[32mAnd &amp#27;[0m&amp#27;[32mUser clicks on Get Started button from Tree panel&amp#27;[0m                      &amp#27;[90m# StepDefinitions.Tree.user_clicks_on_get_started_button_from_tree_panel()&amp#27;[0m
]]></system-out>
  </testcase>
  <testcase name="runScenario[&quot;Binary Tree Traversals&quot;, &quot;Tree&quot;](193)" classname="TestRunners.TestRunner" time="0.783">
    <system-out><![CDATA[
Scenario: Try Here Editor page with valid data                        &amp#27;[90m# src/test/resources/Features/Tree.feature:269&amp#27;[0m
]]></system-out>
  </testcase>
  <testcase name="runScenario[&quot;Try Here Editor page with empty code&quot;, &quot;Tree&quot;](194)" classname="TestRunners.TestRunner" time="2.683">
    <failure message="element not interactable&#10;  (Session info: chrome=131.0.6778.140)&#10;Build info: version: &apos;4.26.0&apos;, revision: &apos;8ccf0219d7&apos;&#10;System info: os.name: &apos;Windows 11&apos;, os.arch: &apos;amd64&apos;, os.version: &apos;10.0&apos;, java.version: &apos;21.0.5&apos;&#10;Driver info: org.openqa.selenium.chrome.ChromeDriver&#10;Command: [115903c826e118ebf8087cc9a0418c8e, sendKeysToElement {value=[Ljava.lang.CharSequence;@e533ae4, id=f.F9CFDA27C65C04D263915A4CBABC4B28.d.409EA669195A6E6D92FF8A4D9D3FA1BB.e.62}]&#10;Capabilities {acceptInsecureCerts: false, browserName: chrome, browserVersion: 131.0.6778.140, chrome: {chromedriverVersion: 131.0.6778.108 (3b014839fbc..., userDataDir: C:\Users\vamsh\AppData\Loca...}, fedcm:accounts: true, goog:chromeOptions: {debuggerAddress: localhost:64740}, networkConnectionEnabled: false, pageLoadStrategy: normal, platformName: windows, proxy: Proxy(), se:cdp: ws://localhost:64740/devtoo..., se:cdpVersion: 131.0.6778.140, setWindowRect: true, strictFileInteractability: false, timeouts: {implicit: 0, pageLoad: 300000, script: 30000}, unhandledPromptBehavior: dismiss and notify, webauthn:extension:credBlob: true, webauthn:extension:largeBlob: true, webauthn:extension:minPinLength: true, webauthn:extension:prf: true, webauthn:virtualAuthenticators: true}&#10;Element: [[ChromeDriver: chrome on windows (115903c826e118ebf8087cc9a0418c8e)] -&gt; css selector: .CodeMirror textarea]&#10;Session ID: 115903c826e118ebf8087cc9a0418c8e" type="org.openqa.selenium.ElementNotInteractableException"><![CDATA[org.openqa.selenium.ElementNotInteractableException: 
element not interactable
  (Session info: chrome=131.0.6778.140)
Build info: version: '4.26.0', revision: '8ccf0219d7'
System info: os.name: 'Windows 11', os.arch: 'amd64', os.version: '10.0', java.version: '21.0.5'
Driver info: org.openqa.selenium.chrome.ChromeDriver
Command: [115903c826e118ebf8087cc9a0418c8e, sendKeysToElement {value=[Ljava.lang.CharSequence;@e533ae4, id=f.F9CFDA27C65C04D263915A4CBABC4B28.d.409EA669195A6E6D92FF8A4D9D3FA1BB.e.62}]
Capabilities {acceptInsecureCerts: false, browserName: chrome, browserVersion: 131.0.6778.140, chrome: {chromedriverVersion: 131.0.6778.108 (3b014839fbc..., userDataDir: C:\Users\vamsh\AppData\Loca...}, fedcm:accounts: true, goog:chromeOptions: {debuggerAddress: localhost:64740}, networkConnectionEnabled: false, pageLoadStrategy: normal, platformName: windows, proxy: Proxy(), se:cdp: ws://localhost:64740/devtoo..., se:cdpVersion: 131.0.6778.140, setWindowRect: true, strictFileInteractability: false, timeouts: {implicit: 0, pageLoad: 300000, script: 30000}, unhandledPromptBehavior: dismiss and notify, webauthn:extension:credBlob: true, webauthn:extension:largeBlob: true, webauthn:extension:minPinLength: true, webauthn:extension:prf: true, webauthn:virtualAuthenticators: true}
Element: [[ChromeDriver: chrome on windows (115903c826e118ebf8087cc9a0418c8e)] -> css selector: .CodeMirror textarea]
Session ID: 115903c826e118ebf8087cc9a0418c8e
]]></failure>
    <system-out><![CDATA[
Scenario: Try Here Editor page with invalid data                        &amp#27;[90m# src/test/resources/Features/Tree.feature:275&amp#27;[0m
  &amp#27;[32mGiven &amp#27;[0m&amp#27;[32mThe user is on the editor page of Binary Tree Traversals page&amp#27;[0m        &amp#27;[90m# StepDefinitions.Tree.the_user_is_on_the_editor_page_of_binary_tree_traversals_page()&amp#27;[0m
  &amp#27;[31mWhen &amp#27;[0m&amp#27;[31mThe user writes no code inside editor window and clicks on Run button&amp#27;[0m &amp#27;[90m# StepDefinitions.Tree.the_user_writes_no_code_inside_editor_window_and_clicks_on_run_button()&amp#27;[0m
      &amp#27;[31morg.openqa.selenium.ElementNotInteractableException: element not interactable
  (Session info: chrome=131.0.6778.140)
Build info: version: '4.26.0', revision: '8ccf0219d7'
System info: os.name: 'Windows 11', os.arch: 'amd64', os.version: '10.0', java.version: '21.0.5'
Driver info: org.openqa.selenium.chrome.ChromeDriver
Command: [115903c826e118ebf8087cc9a0418c8e, sendKeysToElement {value=[Ljava.lang.CharSequence;@e533ae4, id=f.F9CFDA27C65C04D263915A4CBABC4B28.d.409EA669195A6E6D92FF8A4D9D3FA1BB.e.62}]
Capabilities {acceptInsecureCerts: false, browserName: chrome, browserVersion: 131.0.6778.140, chrome: {chromedriverVersion: 131.0.6778.108 (3b014839fbc..., userDataDir: C:\Users\vamsh\AppData\Loca...}, fedcm:accounts: true, goog:chromeOptions: {debuggerAddress: localhost:64740}, networkConnectionEnabled: false, pageLoadStrategy: normal, platformName: windows, proxy: Proxy(), se:cdp: ws://localhost:64740/devtoo..., se:cdpVersion: 131.0.6778.140, setWindowRect: true, strictFileInteractability: false, timeouts: {implicit: 0, pageLoad: 300000, script: 30000}, unhandledPromptBehavior: dismiss and notify, webauthn:extension:credBlob: true, webauthn:extension:largeBlob: true, webauthn:extension:minPinLength: true, webauthn:extension:prf: true, webauthn:virtualAuthenticators: true}
Element: [[ChromeDriver: chrome on windows (115903c826e118ebf8087cc9a0418c8e)] -> css selector: .CodeMirror textarea]
Session ID: 115903c826e118ebf8087cc9a0418c8e
	at java.base/jdk.internal.reflect.DirectConstructorHandleAccessor.newInstance(DirectConstructorHandleAccessor.java:62)
	at java.base/java.lang.reflect.Constructor.newInstanceWithCaller(Constructor.java:502)
	at java.base/java.lang.reflect.Constructor.newInstance(Constructor.java:486)
	at org.openqa.selenium.remote.ErrorCodec.decode(ErrorCodec.java:167)
	at org.openqa.selenium.remote.codec.w3c.W3CHttpResponseCodec.decode(W3CHttpResponseCodec.java:138)
	at org.openqa.selenium.remote.codec.w3c.W3CHttpResponseCodec.decode(W3CHttpResponseCodec.java:50)
	at org.openqa.selenium.remote.HttpCommandExecutor.execute(HttpCommandExecutor.java:190)
	at org.openqa.selenium.remote.service.DriverCommandExecutor.invokeExecute(DriverCommandExecutor.java:216)
	at org.openqa.selenium.remote.service.DriverCommandExecutor.execute(DriverCommandExecutor.java:174)
	at org.openqa.selenium.remote.RemoteWebDriver.execute(RemoteWebDriver.java:545)
	at org.openqa.selenium.remote.RemoteWebElement.execute(RemoteWebElement.java:223)
	at org.openqa.selenium.remote.RemoteWebElement.sendKeys(RemoteWebElement.java:110)
	at PageObjects.TreePage.writeInTryEditorWindow(TreePage.java:251)
	at StepDefinitions.Tree.the_user_writes_no_code_inside_editor_window_and_clicks_on_run_button(Tree.java:80)
	at ✽.The user writes no code inside editor window and clicks on Run button(file:///C:/Projects/newFolder-3/Repo1/src/test/resources/Features/Tree.feature:266)
&amp#27;[0m
  &amp#27;[36mThen &amp#27;[0m&amp#27;[36mNothing happens to the Editor page and no error message is displayed&amp#27;[0m  &amp#27;[90m# StepDefinitions.Tree.nothing_happens_to_the_editor_page_and_no_error_message_is_displayed()&amp#27;[0m
[ERROR] 2024-12-17 11:55:53.911 [TestNG-PoolService-2] Hooks - ======================  TEST CASE FAILED !! ======================

    Embedding screenshot [image/png 7853 bytes]

[INFO ] 2024-12-17 11:55:54.193 [TestNG-PoolService-2] Hooks - ======================  Screenshot is captured  ======================
[INFO ] 2024-12-17 11:55:54.198 [TestNG-PoolService-2] Hooks - ======================  Test Execution is completed!! ======================
]]></system-out>
    <system-err><![CDATA[Dec 17, 2024 11:55:52 AM org.openqa.selenium.devtools.CdpVersionFinder findNearestMatch
WARNING: Unable to find an exact match for CDP version 131, returning the closest version; found: 130; Please update to a Selenium version that supports CDP version 131
Dec 17, 2024 11:55:53 AM org.openqa.selenium.devtools.CdpVersionFinder findNearestMatch
WARNING: Unable to find an exact match for CDP version 131, returning the closest version; found: 130; Please update to a Selenium version that supports CDP version 131
]]></system-err>
  </testcase>
  <testcase name="runScenario[&quot;Try Here Editor page with empty code&quot;, &quot;Tree&quot;](194)" classname="TestRunners.TestRunner" time="8.367">
    <failure message="element not interactable&#10;  (Session info: MicrosoftEdge=131.0.2903.99)&#10;Build info: version: &apos;4.26.0&apos;, revision: &apos;8ccf0219d7&apos;&#10;System info: os.name: &apos;Windows 11&apos;, os.arch: &apos;amd64&apos;, os.version: &apos;10.0&apos;, java.version: &apos;21.0.5&apos;&#10;Driver info: org.openqa.selenium.edge.EdgeDriver&#10;Command: [4e5c393c7282138c14ebc774eff8b753, sendKeysToElement {value=[Ljava.lang.CharSequence;@317284df, id=f.E20E407977841AF186C842AC639D274A.d.1163B4AF942A7F3852D8454929B15E3B.e.36}]&#10;Capabilities {acceptInsecureCerts: false, browserName: MicrosoftEdge, browserVersion: 131.0.2903.99, fedcm:accounts: true, ms:edgeOptions: {debuggerAddress: localhost:61429}, msedge: {msedgedriverVersion: 131.0.2903.99 (f96a870b1316..., userDataDir: C:\Users\vamsh\AppData\Loca...}, networkConnectionEnabled: false, pageLoadStrategy: normal, platformName: windows, proxy: Proxy(), se:cdp: ws://localhost:61429/devtoo..., se:cdpVersion: 131.0.2903.99, setWindowRect: true, strictFileInteractability: false, timeouts: {implicit: 0, pageLoad: 300000, script: 30000}, unhandledPromptBehavior: dismiss and notify, webauthn:extension:credBlob: true, webauthn:extension:largeBlob: true, webauthn:extension:minPinLength: true, webauthn:extension:prf: true, webauthn:virtualAuthenticators: true}&#10;Element: [[EdgeDriver: MicrosoftEdge on windows (4e5c393c7282138c14ebc774eff8b753)] -&gt; css selector: .CodeMirror textarea]&#10;Session ID: 4e5c393c7282138c14ebc774eff8b753" type="org.openqa.selenium.ElementNotInteractableException"><![CDATA[org.openqa.selenium.ElementNotInteractableException: 
element not interactable
  (Session info: MicrosoftEdge=131.0.2903.99)
Build info: version: '4.26.0', revision: '8ccf0219d7'
System info: os.name: 'Windows 11', os.arch: 'amd64', os.version: '10.0', java.version: '21.0.5'
Driver info: org.openqa.selenium.edge.EdgeDriver
Command: [4e5c393c7282138c14ebc774eff8b753, sendKeysToElement {value=[Ljava.lang.CharSequence;@317284df, id=f.E20E407977841AF186C842AC639D274A.d.1163B4AF942A7F3852D8454929B15E3B.e.36}]
Capabilities {acceptInsecureCerts: false, browserName: MicrosoftEdge, browserVersion: 131.0.2903.99, fedcm:accounts: true, ms:edgeOptions: {debuggerAddress: localhost:61429}, msedge: {msedgedriverVersion: 131.0.2903.99 (f96a870b1316..., userDataDir: C:\Users\vamsh\AppData\Loca...}, networkConnectionEnabled: false, pageLoadStrategy: normal, platformName: windows, proxy: Proxy(), se:cdp: ws://localhost:61429/devtoo..., se:cdpVersion: 131.0.2903.99, setWindowRect: true, strictFileInteractability: false, timeouts: {implicit: 0, pageLoad: 300000, script: 30000}, unhandledPromptBehavior: dismiss and notify, webauthn:extension:credBlob: true, webauthn:extension:largeBlob: true, webauthn:extension:minPinLength: true, webauthn:extension:prf: true, webauthn:virtualAuthenticators: true}
Element: [[EdgeDriver: MicrosoftEdge on windows (4e5c393c7282138c14ebc774eff8b753)] -> css selector: .CodeMirror textarea]
Session ID: 4e5c393c7282138c14ebc774eff8b753
]]></failure>
    <system-out><![CDATA[
Scenario: Try Here Editor page with invalid data                        &amp#27;[90m# src/test/resources/Features/Tree.feature:275&amp#27;[0m
  &amp#27;[32mGiven &amp#27;[0m&amp#27;[32mThe user is on the DS Introduction page as signedIn&amp#27;[0m                  &amp#27;[90m# StepDefinitions.DSIntroductionDetails.the_user_is_on_the_ds_introduction_page_as_signed_in()&amp#27;[0m
  &amp#27;[32mAnd &amp#27;[0m&amp#27;[32mUser clicks on Get Started button from Tree panel&amp#27;[0m                      &amp#27;[90m# StepDefinitions.Tree.user_clicks_on_get_started_button_from_tree_panel()&amp#27;[0m
  &amp#27;[32mGiven &amp#27;[0m&amp#27;[32mThe user is on the DS Introduction page as signedIn&amp#27;[0m           &amp#27;[90m# StepDefinitions.DSIntroductionDetails.the_user_is_on_the_ds_introduction_page_as_signed_in()&amp#27;[0m
  &amp#27;[32mGiven &amp#27;[0m&amp#27;[32mThe user is on the DS Introduction page as signedIn&amp#27;[0m             &amp#27;[90m# StepDefinitions.DSIntroductionDetails.the_user_is_on_the_ds_introduction_page_as_signed_in()&amp#27;[0m
  &amp#27;[32mAnd &amp#27;[0m&amp#27;[32mUser clicks on Get Started button from Tree panel&amp#27;[0m               &amp#27;[90m# StepDefinitions.Tree.user_clicks_on_get_started_button_from_tree_panel()&amp#27;[0m
  &amp#27;[32mAnd &amp#27;[0m&amp#27;[32mUser clicks on Get Started button from Tree panel&amp#27;[0m                 &amp#27;[90m# StepDefinitions.Tree.user_clicks_on_get_started_button_from_tree_panel()&amp#27;[0m
  &amp#27;[32mGiven &amp#27;[0m&amp#27;[32mThe user is on the editor page of Binary Tree Traversals page&amp#27;[0m        &amp#27;[90m# StepDefinitions.Tree.the_user_is_on_the_editor_page_of_binary_tree_traversals_page()&amp#27;[0m
  &amp#27;[31mWhen &amp#27;[0m&amp#27;[31mThe user writes no code inside editor window and clicks on Run button&amp#27;[0m &amp#27;[90m# StepDefinitions.Tree.the_user_writes_no_code_inside_editor_window_and_clicks_on_run_button()&amp#27;[0m
      &amp#27;[31morg.openqa.selenium.ElementNotInteractableException: element not interactable
  (Session info: MicrosoftEdge=131.0.2903.99)
Build info: version: '4.26.0', revision: '8ccf0219d7'
System info: os.name: 'Windows 11', os.arch: 'amd64', os.version: '10.0', java.version: '21.0.5'
Driver info: org.openqa.selenium.edge.EdgeDriver
Command: [4e5c393c7282138c14ebc774eff8b753, sendKeysToElement {value=[Ljava.lang.CharSequence;@317284df, id=f.E20E407977841AF186C842AC639D274A.d.1163B4AF942A7F3852D8454929B15E3B.e.36}]
Capabilities {acceptInsecureCerts: false, browserName: MicrosoftEdge, browserVersion: 131.0.2903.99, fedcm:accounts: true, ms:edgeOptions: {debuggerAddress: localhost:61429}, msedge: {msedgedriverVersion: 131.0.2903.99 (f96a870b1316..., userDataDir: C:\Users\vamsh\AppData\Loca...}, networkConnectionEnabled: false, pageLoadStrategy: normal, platformName: windows, proxy: Proxy(), se:cdp: ws://localhost:61429/devtoo..., se:cdpVersion: 131.0.2903.99, setWindowRect: true, strictFileInteractability: false, timeouts: {implicit: 0, pageLoad: 300000, script: 30000}, unhandledPromptBehavior: dismiss and notify, webauthn:extension:credBlob: true, webauthn:extension:largeBlob: true, webauthn:extension:minPinLength: true, webauthn:extension:prf: true, webauthn:virtualAuthenticators: true}
Element: [[EdgeDriver: MicrosoftEdge on windows (4e5c393c7282138c14ebc774eff8b753)] -> css selector: .CodeMirror textarea]
Session ID: 4e5c393c7282138c14ebc774eff8b753
	at java.base/jdk.internal.reflect.DirectConstructorHandleAccessor.newInstance(DirectConstructorHandleAccessor.java:62)
	at java.base/java.lang.reflect.Constructor.newInstanceWithCaller(Constructor.java:502)
	at java.base/java.lang.reflect.Constructor.newInstance(Constructor.java:486)
	at org.openqa.selenium.remote.ErrorCodec.decode(ErrorCodec.java:167)
	at org.openqa.selenium.remote.codec.w3c.W3CHttpResponseCodec.decode(W3CHttpResponseCodec.java:138)
	at org.openqa.selenium.remote.codec.w3c.W3CHttpResponseCodec.decode(W3CHttpResponseCodec.java:50)
	at org.openqa.selenium.remote.HttpCommandExecutor.execute(HttpCommandExecutor.java:190)
	at org.openqa.selenium.remote.service.DriverCommandExecutor.invokeExecute(DriverCommandExecutor.java:216)
	at org.openqa.selenium.remote.service.DriverCommandExecutor.execute(DriverCommandExecutor.java:174)
	at org.openqa.selenium.remote.RemoteWebDriver.execute(RemoteWebDriver.java:545)
	at org.openqa.selenium.remote.RemoteWebElement.execute(RemoteWebElement.java:223)
	at org.openqa.selenium.remote.RemoteWebElement.sendKeys(RemoteWebElement.java:110)
	at PageObjects.TreePage.writeInTryEditorWindow(TreePage.java:251)
	at StepDefinitions.Tree.the_user_writes_no_code_inside_editor_window_and_clicks_on_run_button(Tree.java:80)
	at ✽.The user writes no code inside editor window and clicks on Run button(file:///C:/Projects/newFolder-3/Repo1/src/test/resources/Features/Tree.feature:266)
&amp#27;[0m
  &amp#27;[36mThen &amp#27;[0m&amp#27;[36mNothing happens to the Editor page and no error message is displayed&amp#27;[0m  &amp#27;[90m# StepDefinitions.Tree.nothing_happens_to_the_editor_page_and_no_error_message_is_displayed()&amp#27;[0m
[ERROR] 2024-12-17 12:25:54.554 [TestNG-PoolService-2] Hooks - ======================  TEST CASE FAILED !! ======================

    Embedding screenshot [image/png 7890 bytes]

[INFO ] 2024-12-17 12:25:54.704 [TestNG-PoolService-2] Hooks - ======================  Screenshot is captured  ======================
[INFO ] 2024-12-17 12:25:54.705 [TestNG-PoolService-2] Hooks - ======================  Test Execution is completed!! ======================
  &amp#27;[32mGiven &amp#27;[0m&amp#27;[32mThe user is on the editor page of Binary Tree Traversals page&amp#27;[0m   &amp#27;[90m# StepDefinitions.Tree.the_user_is_on_the_editor_page_of_binary_tree_traversals_page()&amp#27;[0m
  &amp#27;[32mWhen &amp#27;[0m&amp#27;[32mThe user writes the invalid python code and clicks on Run button&amp#27;[0m &amp#27;[90m# StepDefinitions.Tree.the_user_writes_the_invalid_python_code_and_clicks_on_run_button()&amp#27;[0m
  &amp#27;[32mThen &amp#27;[0m&amp#27;[32mThe user see error msg in alert window&amp#27;[0m                           &amp#27;[90m# StepDefinitions.Tree.the_user_see_error_msg_in_alert_window()&amp#27;[0m
[INFO ] 2024-12-17 12:25:55.389 [TestNG-PoolService-3] Hooks - ======================  Test Execution is completed!! ======================
  &amp#27;[32mGiven &amp#27;[0m&amp#27;[32mThe user is on the editor page of Binary Tree Traversals page&amp#27;[0m &amp#27;[90m# StepDefinitions.Tree.the_user_is_on_the_editor_page_of_binary_tree_traversals_page()&amp#27;[0m
]]></system-out>
    <system-err><![CDATA[Dec 17, 2024 12:25:49 PM org.openqa.selenium.devtools.CdpVersionFinder findNearestMatch
WARNING: Unable to find an exact match for CDP version 131, returning the closest version; found: 130; Please update to a Selenium version that supports CDP version 131
Dec 17, 2024 12:25:49 PM org.openqa.selenium.devtools.CdpVersionFinder findNearestMatch
WARNING: Unable to find an exact match for CDP version 131, returning the closest version; found: 130; Please update to a Selenium version that supports CDP version 131
Dec 17, 2024 12:25:51 PM org.openqa.selenium.devtools.CdpVersionFinder findNearestMatch
WARNING: Unable to find an exact match for CDP version 131, returning the closest version; found: 130; Please update to a Selenium version that supports CDP version 131
]]></system-err>
  </testcase>
  <testcase name="runScenario[&quot;Try Here Editor page with valid data&quot;, &quot;Tree&quot;](195)" classname="TestRunners.TestRunner" time="3.649">
    <failure message="element not interactable&#10;  (Session info: chrome=131.0.6778.140)&#10;Build info: version: &apos;4.26.0&apos;, revision: &apos;8ccf0219d7&apos;&#10;System info: os.name: &apos;Windows 11&apos;, os.arch: &apos;amd64&apos;, os.version: &apos;10.0&apos;, java.version: &apos;21.0.5&apos;&#10;Driver info: org.openqa.selenium.chrome.ChromeDriver&#10;Command: [4ebeb12f9f3b2150f02b9fe47a59e975, sendKeysToElement {value=[Ljava.lang.CharSequence;@693a8c0a, id=f.02AE79E19F1BBE2416404324E1E49D53.d.718CFD555B70D8B0ABDF8C77830ACD48.e.51}]&#10;Capabilities {acceptInsecureCerts: false, browserName: chrome, browserVersion: 131.0.6778.140, chrome: {chromedriverVersion: 131.0.6778.108 (3b014839fbc..., userDataDir: C:\Users\vamsh\AppData\Loca...}, fedcm:accounts: true, goog:chromeOptions: {debuggerAddress: localhost:64824}, networkConnectionEnabled: false, pageLoadStrategy: normal, platformName: windows, proxy: Proxy(), se:cdp: ws://localhost:64824/devtoo..., se:cdpVersion: 131.0.6778.140, setWindowRect: true, strictFileInteractability: false, timeouts: {implicit: 0, pageLoad: 300000, script: 30000}, unhandledPromptBehavior: dismiss and notify, webauthn:extension:credBlob: true, webauthn:extension:largeBlob: true, webauthn:extension:minPinLength: true, webauthn:extension:prf: true, webauthn:virtualAuthenticators: true}&#10;Element: [[ChromeDriver: chrome on windows (4ebeb12f9f3b2150f02b9fe47a59e975)] -&gt; css selector: .CodeMirror textarea]&#10;Session ID: 4ebeb12f9f3b2150f02b9fe47a59e975" type="org.openqa.selenium.ElementNotInteractableException"><![CDATA[org.openqa.selenium.ElementNotInteractableException: 
element not interactable
  (Session info: chrome=131.0.6778.140)
Build info: version: '4.26.0', revision: '8ccf0219d7'
System info: os.name: 'Windows 11', os.arch: 'amd64', os.version: '10.0', java.version: '21.0.5'
Driver info: org.openqa.selenium.chrome.ChromeDriver
Command: [4ebeb12f9f3b2150f02b9fe47a59e975, sendKeysToElement {value=[Ljava.lang.CharSequence;@693a8c0a, id=f.02AE79E19F1BBE2416404324E1E49D53.d.718CFD555B70D8B0ABDF8C77830ACD48.e.51}]
Capabilities {acceptInsecureCerts: false, browserName: chrome, browserVersion: 131.0.6778.140, chrome: {chromedriverVersion: 131.0.6778.108 (3b014839fbc..., userDataDir: C:\Users\vamsh\AppData\Loca...}, fedcm:accounts: true, goog:chromeOptions: {debuggerAddress: localhost:64824}, networkConnectionEnabled: false, pageLoadStrategy: normal, platformName: windows, proxy: Proxy(), se:cdp: ws://localhost:64824/devtoo..., se:cdpVersion: 131.0.6778.140, setWindowRect: true, strictFileInteractability: false, timeouts: {implicit: 0, pageLoad: 300000, script: 30000}, unhandledPromptBehavior: dismiss and notify, webauthn:extension:credBlob: true, webauthn:extension:largeBlob: true, webauthn:extension:minPinLength: true, webauthn:extension:prf: true, webauthn:virtualAuthenticators: true}
Element: [[ChromeDriver: chrome on windows (4ebeb12f9f3b2150f02b9fe47a59e975)] -> css selector: .CodeMirror textarea]
Session ID: 4ebeb12f9f3b2150f02b9fe47a59e975
]]></failure>
    <system-out><![CDATA[
Scenario: Binary Tree Traversals                                      &amp#27;[90m# src/test/resources/Features/Tree.feature:281&amp#27;[0m
  &amp#27;[32mGiven &amp#27;[0m&amp#27;[32mThe user is on the DS Introduction page as signedIn&amp#27;[0m           &amp#27;[90m# StepDefinitions.DSIntroductionDetails.the_user_is_on_the_ds_introduction_page_as_signed_in()&amp#27;[0m
  &amp#27;[32mAnd &amp#27;[0m&amp#27;[32mUser clicks on Get Started button from Tree panel&amp#27;[0m               &amp#27;[90m# StepDefinitions.Tree.user_clicks_on_get_started_button_from_tree_panel()&amp#27;[0m
  &amp#27;[32mGiven &amp#27;[0m&amp#27;[32mThe user is on the DS Introduction page as signedIn&amp#27;[0m             &amp#27;[90m# StepDefinitions.DSIntroductionDetails.the_user_is_on_the_ds_introduction_page_as_signed_in()&amp#27;[0m
  &amp#27;[32mAnd &amp#27;[0m&amp#27;[32mUser clicks on Get Started button from Tree panel&amp#27;[0m                 &amp#27;[90m# StepDefinitions.Tree.user_clicks_on_get_started_button_from_tree_panel()&amp#27;[0m
  &amp#27;[32mGiven &amp#27;[0m&amp#27;[32mThe user is on the editor page of Binary Tree Traversals page&amp#27;[0m &amp#27;[90m# StepDefinitions.Tree.the_user_is_on_the_editor_page_of_binary_tree_traversals_page()&amp#27;[0m
  &amp#27;[31mWhen &amp#27;[0m&amp#27;[31mThe user writes the valid python code and clicks on Run button&amp#27;[0m &amp#27;[90m# StepDefinitions.Tree.the_user_writes_the_valid_python_code_and_clicks_on_run_button()&amp#27;[0m
      &amp#27;[31morg.openqa.selenium.ElementNotInteractableException: element not interactable
  (Session info: chrome=131.0.6778.140)
Build info: version: '4.26.0', revision: '8ccf0219d7'
System info: os.name: 'Windows 11', os.arch: 'amd64', os.version: '10.0', java.version: '21.0.5'
Driver info: org.openqa.selenium.chrome.ChromeDriver
Command: [4ebeb12f9f3b2150f02b9fe47a59e975, sendKeysToElement {value=[Ljava.lang.CharSequence;@693a8c0a, id=f.02AE79E19F1BBE2416404324E1E49D53.d.718CFD555B70D8B0ABDF8C77830ACD48.e.51}]
Capabilities {acceptInsecureCerts: false, browserName: chrome, browserVersion: 131.0.6778.140, chrome: {chromedriverVersion: 131.0.6778.108 (3b014839fbc..., userDataDir: C:\Users\vamsh\AppData\Loca...}, fedcm:accounts: true, goog:chromeOptions: {debuggerAddress: localhost:64824}, networkConnectionEnabled: false, pageLoadStrategy: normal, platformName: windows, proxy: Proxy(), se:cdp: ws://localhost:64824/devtoo..., se:cdpVersion: 131.0.6778.140, setWindowRect: true, strictFileInteractability: false, timeouts: {implicit: 0, pageLoad: 300000, script: 30000}, unhandledPromptBehavior: dismiss and notify, webauthn:extension:credBlob: true, webauthn:extension:largeBlob: true, webauthn:extension:minPinLength: true, webauthn:extension:prf: true, webauthn:virtualAuthenticators: true}
Element: [[ChromeDriver: chrome on windows (4ebeb12f9f3b2150f02b9fe47a59e975)] -> css selector: .CodeMirror textarea]
Session ID: 4ebeb12f9f3b2150f02b9fe47a59e975
	at java.base/jdk.internal.reflect.DirectConstructorHandleAccessor.newInstance(DirectConstructorHandleAccessor.java:62)
	at java.base/java.lang.reflect.Constructor.newInstanceWithCaller(Constructor.java:502)
	at java.base/java.lang.reflect.Constructor.newInstance(Constructor.java:486)
	at org.openqa.selenium.remote.ErrorCodec.decode(ErrorCodec.java:167)
	at org.openqa.selenium.remote.codec.w3c.W3CHttpResponseCodec.decode(W3CHttpResponseCodec.java:138)
	at org.openqa.selenium.remote.codec.w3c.W3CHttpResponseCodec.decode(W3CHttpResponseCodec.java:50)
	at org.openqa.selenium.remote.HttpCommandExecutor.execute(HttpCommandExecutor.java:190)
	at org.openqa.selenium.remote.service.DriverCommandExecutor.invokeExecute(DriverCommandExecutor.java:216)
	at org.openqa.selenium.remote.service.DriverCommandExecutor.execute(DriverCommandExecutor.java:174)
	at org.openqa.selenium.remote.RemoteWebDriver.execute(RemoteWebDriver.java:545)
	at org.openqa.selenium.remote.RemoteWebElement.execute(RemoteWebElement.java:223)
	at org.openqa.selenium.remote.RemoteWebElement.sendKeys(RemoteWebElement.java:110)
	at PageObjects.TreePage.writeInTryEditorWindow(TreePage.java:251)
	at StepDefinitions.Tree.the_user_writes_the_valid_python_code_and_clicks_on_run_button(Tree.java:93)
	at ✽.The user writes the valid python code and clicks on Run button(file:///C:/Projects/newFolder-3/Repo1/src/test/resources/Features/Tree.feature:272)
&amp#27;[0m
  &amp#27;[36mThen &amp#27;[0m&amp#27;[36mThe user is able to see the output inside the console.&amp#27;[0m         &amp#27;[90m# StepDefinitions.Tree.the_user_is_able_to_see_the_output_inside_the_console()&amp#27;[0m
[ERROR] 2024-12-17 11:55:57.802 [TestNG-PoolService-1] Hooks - ======================  TEST CASE FAILED !! ======================

    Embedding screenshot [image/png 7853 bytes]

[INFO ] 2024-12-17 11:55:57.998 [TestNG-PoolService-1] Hooks - ======================  Screenshot is captured  ======================
[INFO ] 2024-12-17 11:55:58.000 [TestNG-PoolService-1] Hooks - ======================  Test Execution is completed!! ======================
]]></system-out>
    <system-err><![CDATA[Dec 17, 2024 11:55:56 AM org.openqa.selenium.devtools.CdpVersionFinder findNearestMatch
WARNING: Unable to find an exact match for CDP version 131, returning the closest version; found: 130; Please update to a Selenium version that supports CDP version 131
]]></system-err>
  </testcase>
  <testcase name="runScenario[&quot;Try Here Editor page with invalid data&quot;, &quot;Tree&quot;](196)" classname="TestRunners.TestRunner" time="0.76">
    <failure message="element not interactable&#10;  (Session info: chrome=131.0.6778.140)&#10;Build info: version: &apos;4.26.0&apos;, revision: &apos;8ccf0219d7&apos;&#10;System info: os.name: &apos;Windows 11&apos;, os.arch: &apos;amd64&apos;, os.version: &apos;10.0&apos;, java.version: &apos;21.0.5&apos;&#10;Driver info: org.openqa.selenium.chrome.ChromeDriver&#10;Command: [18d5b02e0a31b979f210b9af8f698759, sendKeysToElement {value=[Ljava.lang.CharSequence;@5e68e7eb, id=f.156520AEFEB611B315B5CF9C917B7387.d.60D22166DAD117CCA4D0AB606CE8786B.e.36}]&#10;Capabilities {acceptInsecureCerts: false, browserName: chrome, browserVersion: 131.0.6778.140, chrome: {chromedriverVersion: 131.0.6778.108 (3b014839fbc..., userDataDir: C:\Users\vamsh\AppData\Loca...}, fedcm:accounts: true, goog:chromeOptions: {debuggerAddress: localhost:64846}, networkConnectionEnabled: false, pageLoadStrategy: normal, platformName: windows, proxy: Proxy(), se:cdp: ws://localhost:64846/devtoo..., se:cdpVersion: 131.0.6778.140, setWindowRect: true, strictFileInteractability: false, timeouts: {implicit: 0, pageLoad: 300000, script: 30000}, unhandledPromptBehavior: dismiss and notify, webauthn:extension:credBlob: true, webauthn:extension:largeBlob: true, webauthn:extension:minPinLength: true, webauthn:extension:prf: true, webauthn:virtualAuthenticators: true}&#10;Element: [[ChromeDriver: chrome on windows (18d5b02e0a31b979f210b9af8f698759)] -&gt; css selector: .CodeMirror textarea]&#10;Session ID: 18d5b02e0a31b979f210b9af8f698759" type="org.openqa.selenium.ElementNotInteractableException"><![CDATA[org.openqa.selenium.ElementNotInteractableException: 
element not interactable
  (Session info: chrome=131.0.6778.140)
Build info: version: '4.26.0', revision: '8ccf0219d7'
System info: os.name: 'Windows 11', os.arch: 'amd64', os.version: '10.0', java.version: '21.0.5'
Driver info: org.openqa.selenium.chrome.ChromeDriver
Command: [18d5b02e0a31b979f210b9af8f698759, sendKeysToElement {value=[Ljava.lang.CharSequence;@5e68e7eb, id=f.156520AEFEB611B315B5CF9C917B7387.d.60D22166DAD117CCA4D0AB606CE8786B.e.36}]
Capabilities {acceptInsecureCerts: false, browserName: chrome, browserVersion: 131.0.6778.140, chrome: {chromedriverVersion: 131.0.6778.108 (3b014839fbc..., userDataDir: C:\Users\vamsh\AppData\Loca...}, fedcm:accounts: true, goog:chromeOptions: {debuggerAddress: localhost:64846}, networkConnectionEnabled: false, pageLoadStrategy: normal, platformName: windows, proxy: Proxy(), se:cdp: ws://localhost:64846/devtoo..., se:cdpVersion: 131.0.6778.140, setWindowRect: true, strictFileInteractability: false, timeouts: {implicit: 0, pageLoad: 300000, script: 30000}, unhandledPromptBehavior: dismiss and notify, webauthn:extension:credBlob: true, webauthn:extension:largeBlob: true, webauthn:extension:minPinLength: true, webauthn:extension:prf: true, webauthn:virtualAuthenticators: true}
Element: [[ChromeDriver: chrome on windows (18d5b02e0a31b979f210b9af8f698759)] -> css selector: .CodeMirror textarea]
Session ID: 18d5b02e0a31b979f210b9af8f698759
]]></failure>
    <system-out><![CDATA[
Scenario: Implementation of Binary Trees                             &amp#27;[90m# src/test/resources/Features/Tree.feature:288&amp#27;[0m
  &amp#27;[32mGiven &amp#27;[0m&amp#27;[32mThe user is on the editor page of Binary Tree Traversals page&amp#27;[0m   &amp#27;[90m# StepDefinitions.Tree.the_user_is_on_the_editor_page_of_binary_tree_traversals_page()&amp#27;[0m
  &amp#27;[31mWhen &amp#27;[0m&amp#27;[31mThe user writes the invalid python code and clicks on Run button&amp#27;[0m &amp#27;[90m# StepDefinitions.Tree.the_user_writes_the_invalid_python_code_and_clicks_on_run_button()&amp#27;[0m
      &amp#27;[31morg.openqa.selenium.ElementNotInteractableException: element not interactable
  (Session info: chrome=131.0.6778.140)
Build info: version: '4.26.0', revision: '8ccf0219d7'
System info: os.name: 'Windows 11', os.arch: 'amd64', os.version: '10.0', java.version: '21.0.5'
Driver info: org.openqa.selenium.chrome.ChromeDriver
Command: [18d5b02e0a31b979f210b9af8f698759, sendKeysToElement {value=[Ljava.lang.CharSequence;@5e68e7eb, id=f.156520AEFEB611B315B5CF9C917B7387.d.60D22166DAD117CCA4D0AB606CE8786B.e.36}]
Capabilities {acceptInsecureCerts: false, browserName: chrome, browserVersion: 131.0.6778.140, chrome: {chromedriverVersion: 131.0.6778.108 (3b014839fbc..., userDataDir: C:\Users\vamsh\AppData\Loca...}, fedcm:accounts: true, goog:chromeOptions: {debuggerAddress: localhost:64846}, networkConnectionEnabled: false, pageLoadStrategy: normal, platformName: windows, proxy: Proxy(), se:cdp: ws://localhost:64846/devtoo..., se:cdpVersion: 131.0.6778.140, setWindowRect: true, strictFileInteractability: false, timeouts: {implicit: 0, pageLoad: 300000, script: 30000}, unhandledPromptBehavior: dismiss and notify, webauthn:extension:credBlob: true, webauthn:extension:largeBlob: true, webauthn:extension:minPinLength: true, webauthn:extension:prf: true, webauthn:virtualAuthenticators: true}
Element: [[ChromeDriver: chrome on windows (18d5b02e0a31b979f210b9af8f698759)] -> css selector: .CodeMirror textarea]
Session ID: 18d5b02e0a31b979f210b9af8f698759
	at java.base/jdk.internal.reflect.DirectConstructorHandleAccessor.newInstance(DirectConstructorHandleAccessor.java:62)
	at java.base/java.lang.reflect.Constructor.newInstanceWithCaller(Constructor.java:502)
	at java.base/java.lang.reflect.Constructor.newInstance(Constructor.java:486)
	at org.openqa.selenium.remote.ErrorCodec.decode(ErrorCodec.java:167)
	at org.openqa.selenium.remote.codec.w3c.W3CHttpResponseCodec.decode(W3CHttpResponseCodec.java:138)
	at org.openqa.selenium.remote.codec.w3c.W3CHttpResponseCodec.decode(W3CHttpResponseCodec.java:50)
	at org.openqa.selenium.remote.HttpCommandExecutor.execute(HttpCommandExecutor.java:190)
	at org.openqa.selenium.remote.service.DriverCommandExecutor.invokeExecute(DriverCommandExecutor.java:216)
	at org.openqa.selenium.remote.service.DriverCommandExecutor.execute(DriverCommandExecutor.java:174)
	at org.openqa.selenium.remote.RemoteWebDriver.execute(RemoteWebDriver.java:545)
	at org.openqa.selenium.remote.RemoteWebElement.execute(RemoteWebElement.java:223)
	at org.openqa.selenium.remote.RemoteWebElement.sendKeys(RemoteWebElement.java:110)
	at PageObjects.TreePage.writeInTryEditorWindow(TreePage.java:251)
	at StepDefinitions.Tree.the_user_writes_the_invalid_python_code_and_clicks_on_run_button(Tree.java:106)
	at ✽.The user writes the invalid python code and clicks on Run button(file:///C:/Projects/newFolder-3/Repo1/src/test/resources/Features/Tree.feature:278)
&amp#27;[0m
  &amp#27;[36mThen &amp#27;[0m&amp#27;[36mThe user see error msg in alert window&amp#27;[0m                           &amp#27;[90m# StepDefinitions.Tree.the_user_see_error_msg_in_alert_window()&amp#27;[0m
[ERROR] 2024-12-17 11:55:58.687 [TestNG-PoolService-3] Hooks - ======================  TEST CASE FAILED !! ======================

    Embedding screenshot [image/png 7853 bytes]

[INFO ] 2024-12-17 11:55:58.849 [TestNG-PoolService-3] Hooks - ======================  Screenshot is captured  ======================
[INFO ] 2024-12-17 11:55:58.852 [TestNG-PoolService-3] Hooks - ======================  Test Execution is completed!! ======================
  &amp#27;[32mGiven &amp#27;[0m&amp#27;[32mThe user is on the DS Introduction page as signedIn&amp#27;[0m           &amp#27;[90m# StepDefinitions.DSIntroductionDetails.the_user_is_on_the_ds_introduction_page_as_signed_in()&amp#27;[0m
]]></system-out>
  </testcase>
  <testcase name="runScenario[&quot;Binary Tree Traversals&quot;, &quot;Tree&quot;](197)" classname="TestRunners.TestRunner" time="1.651">
    <system-out><![CDATA[
Scenario: Try Here Editor page with empty code                                &amp#27;[90m# src/test/resources/Features/Tree.feature:294&amp#27;[0m
  &amp#27;[32mAnd &amp#27;[0m&amp#27;[32mUser clicks on Get Started button from Tree panel&amp#27;[0m               &amp#27;[90m# StepDefinitions.Tree.user_clicks_on_get_started_button_from_tree_panel()&amp#27;[0m
  &amp#27;[32mGiven &amp#27;[0m&amp#27;[32mThe user is on the Binary Tree Traversals page&amp#27;[0m                &amp#27;[90m# StepDefinitions.Tree.the_user_is_on_the_binary_tree_traversals_page()&amp#27;[0m
  &amp#27;[32mWhen &amp#27;[0m&amp#27;[32mThe user clicks Implementation of Binary Trees button&amp#27;[0m          &amp#27;[90m# StepDefinitions.Tree.the_user_clicks_implementation_of_binary_trees_button()&amp#27;[0m
  &amp#27;[32mThen &amp#27;[0m&amp#27;[32mThe user is redirected to Implementation of Binary Trees page.&amp#27;[0m &amp#27;[90m# StepDefinitions.Tree.the_user_is_redirected_to_implementation_of_binary_trees_page()&amp#27;[0m
[INFO ] 2024-12-17 11:56:00.388 [TestNG-PoolService-2] Hooks - ======================  Test Execution is completed!! ======================
]]></system-out>
    <system-err><![CDATA[Dec 17, 2024 11:55:59 AM org.openqa.selenium.devtools.CdpVersionFinder findNearestMatch
WARNING: Unable to find an exact match for CDP version 131, returning the closest version; found: 130; Please update to a Selenium version that supports CDP version 131
]]></system-err>
  </testcase>
  <testcase name="runScenario[&quot;Implementation of Binary Trees&quot;, &quot;Tree&quot;](198)" classname="TestRunners.TestRunner" time="4.467">
    <system-out><![CDATA[
Scenario: Try Here Editor page with valid data                                &amp#27;[90m# src/test/resources/Features/Tree.feature:300&amp#27;[0m
  &amp#27;[32mGiven &amp#27;[0m&amp#27;[32mThe user is on the DS Introduction page as signedIn&amp#27;[0m          &amp#27;[90m# StepDefinitions.DSIntroductionDetails.the_user_is_on_the_ds_introduction_page_as_signed_in()&amp#27;[0m
  &amp#27;[32mAnd &amp#27;[0m&amp#27;[32mUser clicks on Get Started button from Tree panel&amp#27;[0m              &amp#27;[90m# StepDefinitions.Tree.user_clicks_on_get_started_button_from_tree_panel()&amp#27;[0m
  &amp#27;[32mGiven &amp#27;[0m&amp#27;[32mThe user is on the Implementation of Binary Trees page&amp#27;[0m       &amp#27;[90m# StepDefinitions.Tree.the_user_is_on_the_implementation_of_binary_trees_page()&amp#27;[0m
  &amp#27;[32mGiven &amp#27;[0m&amp#27;[32mThe user is on the DS Introduction page as signedIn&amp#27;[0m                   &amp#27;[90m# StepDefinitions.DSIntroductionDetails.the_user_is_on_the_ds_introduction_page_as_signed_in()&amp#27;[0m
  &amp#27;[32mAnd &amp#27;[0m&amp#27;[32mUser clicks on Get Started button from Tree panel&amp#27;[0m                       &amp#27;[90m# StepDefinitions.Tree.user_clicks_on_get_started_button_from_tree_panel()&amp#27;[0m
  &amp#27;[32mWhen &amp#27;[0m&amp#27;[32mThe user clicks Try Here button&amp#27;[0m                               &amp#27;[90m# StepDefinitions.Tree.the_user_clicks_try_here_button()&amp#27;[0m
  &amp#27;[32mThen &amp#27;[0m&amp#27;[32mThe user is redirected to a page having Editor and run button&amp#27;[0m &amp#27;[90m# StepDefinitions.Tree.the_user_is_redirected_to_a_page_having_editor_and_run_button()&amp#27;[0m
[INFO ] 2024-12-17 11:56:04.884 [TestNG-PoolService-1] Hooks - ======================  Test Execution is completed!! ======================
]]></system-out>
    <system-err><![CDATA[Dec 17, 2024 11:56:01 AM org.openqa.selenium.devtools.CdpVersionFinder findNearestMatch
WARNING: Unable to find an exact match for CDP version 131, returning the closest version; found: 130; Please update to a Selenium version that supports CDP version 131
Dec 17, 2024 11:56:03 AM org.openqa.selenium.devtools.CdpVersionFinder findNearestMatch
WARNING: Unable to find an exact match for CDP version 131, returning the closest version; found: 130; Please update to a Selenium version that supports CDP version 131
]]></system-err>
  </testcase>
  <testcase name="runScenario[&quot;Try Here Editor page with empty code&quot;, &quot;Tree&quot;](199)" classname="TestRunners.TestRunner" time="1.538">
    <failure message="element not interactable&#10;  (Session info: chrome=131.0.6778.140)&#10;Build info: version: &apos;4.26.0&apos;, revision: &apos;8ccf0219d7&apos;&#10;System info: os.name: &apos;Windows 11&apos;, os.arch: &apos;amd64&apos;, os.version: &apos;10.0&apos;, java.version: &apos;21.0.5&apos;&#10;Driver info: org.openqa.selenium.chrome.ChromeDriver&#10;Command: [8599df1087a0148bcd7667c68bef0ae0, sendKeysToElement {value=[Ljava.lang.CharSequence;@2a19792b, id=f.72ACF235194775306BD6CD6AB90D59F4.d.58B5DA3A7D712E5BC8DBF7FBB5CD7655.e.50}]&#10;Capabilities {acceptInsecureCerts: false, browserName: chrome, browserVersion: 131.0.6778.140, chrome: {chromedriverVersion: 131.0.6778.108 (3b014839fbc..., userDataDir: C:\Users\vamsh\AppData\Loca...}, fedcm:accounts: true, goog:chromeOptions: {debuggerAddress: localhost:65021}, networkConnectionEnabled: false, pageLoadStrategy: normal, platformName: windows, proxy: Proxy(), se:cdp: ws://localhost:65021/devtoo..., se:cdpVersion: 131.0.6778.140, setWindowRect: true, strictFileInteractability: false, timeouts: {implicit: 0, pageLoad: 300000, script: 30000}, unhandledPromptBehavior: dismiss and notify, webauthn:extension:credBlob: true, webauthn:extension:largeBlob: true, webauthn:extension:minPinLength: true, webauthn:extension:prf: true, webauthn:virtualAuthenticators: true}&#10;Element: [[ChromeDriver: chrome on windows (8599df1087a0148bcd7667c68bef0ae0)] -&gt; css selector: .CodeMirror textarea]&#10;Session ID: 8599df1087a0148bcd7667c68bef0ae0" type="org.openqa.selenium.ElementNotInteractableException"><![CDATA[org.openqa.selenium.ElementNotInteractableException: 
element not interactable
  (Session info: chrome=131.0.6778.140)
Build info: version: '4.26.0', revision: '8ccf0219d7'
System info: os.name: 'Windows 11', os.arch: 'amd64', os.version: '10.0', java.version: '21.0.5'
Driver info: org.openqa.selenium.chrome.ChromeDriver
Command: [8599df1087a0148bcd7667c68bef0ae0, sendKeysToElement {value=[Ljava.lang.CharSequence;@2a19792b, id=f.72ACF235194775306BD6CD6AB90D59F4.d.58B5DA3A7D712E5BC8DBF7FBB5CD7655.e.50}]
Capabilities {acceptInsecureCerts: false, browserName: chrome, browserVersion: 131.0.6778.140, chrome: {chromedriverVersion: 131.0.6778.108 (3b014839fbc..., userDataDir: C:\Users\vamsh\AppData\Loca...}, fedcm:accounts: true, goog:chromeOptions: {debuggerAddress: localhost:65021}, networkConnectionEnabled: false, pageLoadStrategy: normal, platformName: windows, proxy: Proxy(), se:cdp: ws://localhost:65021/devtoo..., se:cdpVersion: 131.0.6778.140, setWindowRect: true, strictFileInteractability: false, timeouts: {implicit: 0, pageLoad: 300000, script: 30000}, unhandledPromptBehavior: dismiss and notify, webauthn:extension:credBlob: true, webauthn:extension:largeBlob: true, webauthn:extension:minPinLength: true, webauthn:extension:prf: true, webauthn:virtualAuthenticators: true}
Element: [[ChromeDriver: chrome on windows (8599df1087a0148bcd7667c68bef0ae0)] -> css selector: .CodeMirror textarea]
Session ID: 8599df1087a0148bcd7667c68bef0ae0
]]></failure>
    <system-out><![CDATA[
Scenario: Try Here Editor page with invalid data                              &amp#27;[90m# src/test/resources/Features/Tree.feature:306&amp#27;[0m
  &amp#27;[32mGiven &amp#27;[0m&amp#27;[32mThe user is on the DS Introduction page as signedIn&amp#27;[0m                   &amp#27;[90m# StepDefinitions.DSIntroductionDetails.the_user_is_on_the_ds_introduction_page_as_signed_in()&amp#27;[0m
  &amp#27;[32mGiven &amp#27;[0m&amp#27;[32mThe user is on the editor page of Implementation of Binary Trees page&amp#27;[0m &amp#27;[90m# StepDefinitions.Tree.the_user_is_on_the_editor_page_of_implementation_of_binary_trees_page()&amp#27;[0m
  &amp#27;[31mWhen &amp#27;[0m&amp#27;[31mThe user writes no code inside editor window and clicks on Run button&amp#27;[0m  &amp#27;[90m# StepDefinitions.Tree.the_user_writes_no_code_inside_editor_window_and_clicks_on_run_button()&amp#27;[0m
      &amp#27;[31morg.openqa.selenium.ElementNotInteractableException: element not interactable
  (Session info: chrome=131.0.6778.140)
Build info: version: '4.26.0', revision: '8ccf0219d7'
System info: os.name: 'Windows 11', os.arch: 'amd64', os.version: '10.0', java.version: '21.0.5'
Driver info: org.openqa.selenium.chrome.ChromeDriver
Command: [8599df1087a0148bcd7667c68bef0ae0, sendKeysToElement {value=[Ljava.lang.CharSequence;@2a19792b, id=f.72ACF235194775306BD6CD6AB90D59F4.d.58B5DA3A7D712E5BC8DBF7FBB5CD7655.e.50}]
Capabilities {acceptInsecureCerts: false, browserName: chrome, browserVersion: 131.0.6778.140, chrome: {chromedriverVersion: 131.0.6778.108 (3b014839fbc..., userDataDir: C:\Users\vamsh\AppData\Loca...}, fedcm:accounts: true, goog:chromeOptions: {debuggerAddress: localhost:65021}, networkConnectionEnabled: false, pageLoadStrategy: normal, platformName: windows, proxy: Proxy(), se:cdp: ws://localhost:65021/devtoo..., se:cdpVersion: 131.0.6778.140, setWindowRect: true, strictFileInteractability: false, timeouts: {implicit: 0, pageLoad: 300000, script: 30000}, unhandledPromptBehavior: dismiss and notify, webauthn:extension:credBlob: true, webauthn:extension:largeBlob: true, webauthn:extension:minPinLength: true, webauthn:extension:prf: true, webauthn:virtualAuthenticators: true}
Element: [[ChromeDriver: chrome on windows (8599df1087a0148bcd7667c68bef0ae0)] -> css selector: .CodeMirror textarea]
Session ID: 8599df1087a0148bcd7667c68bef0ae0
	at java.base/jdk.internal.reflect.DirectConstructorHandleAccessor.newInstance(DirectConstructorHandleAccessor.java:62)
	at java.base/java.lang.reflect.Constructor.newInstanceWithCaller(Constructor.java:502)
	at java.base/java.lang.reflect.Constructor.newInstance(Constructor.java:486)
	at org.openqa.selenium.remote.ErrorCodec.decode(ErrorCodec.java:167)
	at org.openqa.selenium.remote.codec.w3c.W3CHttpResponseCodec.decode(W3CHttpResponseCodec.java:138)
	at org.openqa.selenium.remote.codec.w3c.W3CHttpResponseCodec.decode(W3CHttpResponseCodec.java:50)
	at org.openqa.selenium.remote.HttpCommandExecutor.execute(HttpCommandExecutor.java:190)
	at org.openqa.selenium.remote.service.DriverCommandExecutor.invokeExecute(DriverCommandExecutor.java:216)
	at org.openqa.selenium.remote.service.DriverCommandExecutor.execute(DriverCommandExecutor.java:174)
	at org.openqa.selenium.remote.RemoteWebDriver.execute(RemoteWebDriver.java:545)
	at org.openqa.selenium.remote.RemoteWebElement.execute(RemoteWebElement.java:223)
	at org.openqa.selenium.remote.RemoteWebElement.sendKeys(RemoteWebElement.java:110)
	at PageObjects.TreePage.writeInTryEditorWindow(TreePage.java:251)
	at StepDefinitions.Tree.the_user_writes_no_code_inside_editor_window_and_clicks_on_run_button(Tree.java:80)
	at ✽.The user writes no code inside editor window and clicks on Run button(file:///C:/Projects/newFolder-3/Repo1/src/test/resources/Features/Tree.feature:297)
&amp#27;[0m
  &amp#27;[36mThen &amp#27;[0m&amp#27;[36mNothing happens to the Editor page and no error message is displayed&amp#27;[0m   &amp#27;[90m# StepDefinitions.Tree.nothing_happens_to_the_editor_page_and_no_error_message_is_displayed()&amp#27;[0m
[ERROR] 2024-12-17 11:56:06.115 [TestNG-PoolService-3] Hooks - ======================  TEST CASE FAILED !! ======================
  &amp#27;[32mAnd &amp#27;[0m&amp#27;[32mUser clicks on Get Started button from Tree panel&amp#27;[0m                       &amp#27;[90m# StepDefinitions.Tree.user_clicks_on_get_started_button_from_tree_panel()&amp#27;[0m

    Embedding screenshot [image/png 7853 bytes]

[INFO ] 2024-12-17 11:56:06.286 [TestNG-PoolService-3] Hooks - ======================  Screenshot is captured  ======================
[INFO ] 2024-12-17 11:56:06.287 [TestNG-PoolService-3] Hooks - ======================  Test Execution is completed!! ======================
]]></system-out>
    <system-err><![CDATA[Dec 17, 2024 11:56:06 AM org.openqa.selenium.devtools.CdpVersionFinder findNearestMatch
WARNING: Unable to find an exact match for CDP version 131, returning the closest version; found: 130; Please update to a Selenium version that supports CDP version 131
]]></system-err>
  </testcase>
  <testcase name="runScenario[&quot;Try Here Editor page with valid data&quot;, &quot;Tree&quot;](200)" classname="TestRunners.TestRunner" time="1.892">
    <failure message="element not interactable&#10;  (Session info: chrome=131.0.6778.140)&#10;Build info: version: &apos;4.26.0&apos;, revision: &apos;8ccf0219d7&apos;&#10;System info: os.name: &apos;Windows 11&apos;, os.arch: &apos;amd64&apos;, os.version: &apos;10.0&apos;, java.version: &apos;21.0.5&apos;&#10;Driver info: org.openqa.selenium.chrome.ChromeDriver&#10;Command: [66d65f1b38a634ae2a492a01bb2139f5, sendKeysToElement {value=[Ljava.lang.CharSequence;@6151a566, id=f.E74A57811BFA0E376946B7C8BAE52D34.d.B3DD7465EC774CC2EF8EF5FF87DAE0B3.e.61}]&#10;Capabilities {acceptInsecureCerts: false, browserName: chrome, browserVersion: 131.0.6778.140, chrome: {chromedriverVersion: 131.0.6778.108 (3b014839fbc..., userDataDir: C:\Users\vamsh\AppData\Loca...}, fedcm:accounts: true, goog:chromeOptions: {debuggerAddress: localhost:65082}, networkConnectionEnabled: false, pageLoadStrategy: normal, platformName: windows, proxy: Proxy(), se:cdp: ws://localhost:65082/devtoo..., se:cdpVersion: 131.0.6778.140, setWindowRect: true, strictFileInteractability: false, timeouts: {implicit: 0, pageLoad: 300000, script: 30000}, unhandledPromptBehavior: dismiss and notify, webauthn:extension:credBlob: true, webauthn:extension:largeBlob: true, webauthn:extension:minPinLength: true, webauthn:extension:prf: true, webauthn:virtualAuthenticators: true}&#10;Element: [[ChromeDriver: chrome on windows (66d65f1b38a634ae2a492a01bb2139f5)] -&gt; css selector: .CodeMirror textarea]&#10;Session ID: 66d65f1b38a634ae2a492a01bb2139f5" type="org.openqa.selenium.ElementNotInteractableException"><![CDATA[org.openqa.selenium.ElementNotInteractableException: 
element not interactable
  (Session info: chrome=131.0.6778.140)
Build info: version: '4.26.0', revision: '8ccf0219d7'
System info: os.name: 'Windows 11', os.arch: 'amd64', os.version: '10.0', java.version: '21.0.5'
Driver info: org.openqa.selenium.chrome.ChromeDriver
Command: [66d65f1b38a634ae2a492a01bb2139f5, sendKeysToElement {value=[Ljava.lang.CharSequence;@6151a566, id=f.E74A57811BFA0E376946B7C8BAE52D34.d.B3DD7465EC774CC2EF8EF5FF87DAE0B3.e.61}]
Capabilities {acceptInsecureCerts: false, browserName: chrome, browserVersion: 131.0.6778.140, chrome: {chromedriverVersion: 131.0.6778.108 (3b014839fbc..., userDataDir: C:\Users\vamsh\AppData\Loca...}, fedcm:accounts: true, goog:chromeOptions: {debuggerAddress: localhost:65082}, networkConnectionEnabled: false, pageLoadStrategy: normal, platformName: windows, proxy: Proxy(), se:cdp: ws://localhost:65082/devtoo..., se:cdpVersion: 131.0.6778.140, setWindowRect: true, strictFileInteractability: false, timeouts: {implicit: 0, pageLoad: 300000, script: 30000}, unhandledPromptBehavior: dismiss and notify, webauthn:extension:credBlob: true, webauthn:extension:largeBlob: true, webauthn:extension:minPinLength: true, webauthn:extension:prf: true, webauthn:virtualAuthenticators: true}
Element: [[ChromeDriver: chrome on windows (66d65f1b38a634ae2a492a01bb2139f5)] -> css selector: .CodeMirror textarea]
Session ID: 66d65f1b38a634ae2a492a01bb2139f5
]]></failure>
    <system-out><![CDATA[
Scenario: Implementation of Binary Trees                            &amp#27;[90m# src/test/resources/Features/Tree.feature:312&amp#27;[0m
  &amp#27;[32mGiven &amp#27;[0m&amp#27;[32mThe user is on the editor page of Implementation of Binary Trees page&amp#27;[0m &amp#27;[90m# StepDefinitions.Tree.the_user_is_on_the_editor_page_of_implementation_of_binary_trees_page()&amp#27;[0m
  &amp#27;[31mWhen &amp#27;[0m&amp#27;[31mThe user writes the valid python code and clicks on Run button&amp#27;[0m         &amp#27;[90m# StepDefinitions.Tree.the_user_writes_the_valid_python_code_and_clicks_on_run_button()&amp#27;[0m
      &amp#27;[31morg.openqa.selenium.ElementNotInteractableException: element not interactable
  (Session info: chrome=131.0.6778.140)
Build info: version: '4.26.0', revision: '8ccf0219d7'
System info: os.name: 'Windows 11', os.arch: 'amd64', os.version: '10.0', java.version: '21.0.5'
Driver info: org.openqa.selenium.chrome.ChromeDriver
Command: [66d65f1b38a634ae2a492a01bb2139f5, sendKeysToElement {value=[Ljava.lang.CharSequence;@6151a566, id=f.E74A57811BFA0E376946B7C8BAE52D34.d.B3DD7465EC774CC2EF8EF5FF87DAE0B3.e.61}]
Capabilities {acceptInsecureCerts: false, browserName: chrome, browserVersion: 131.0.6778.140, chrome: {chromedriverVersion: 131.0.6778.108 (3b014839fbc..., userDataDir: C:\Users\vamsh\AppData\Loca...}, fedcm:accounts: true, goog:chromeOptions: {debuggerAddress: localhost:65082}, networkConnectionEnabled: false, pageLoadStrategy: normal, platformName: windows, proxy: Proxy(), se:cdp: ws://localhost:65082/devtoo..., se:cdpVersion: 131.0.6778.140, setWindowRect: true, strictFileInteractability: false, timeouts: {implicit: 0, pageLoad: 300000, script: 30000}, unhandledPromptBehavior: dismiss and notify, webauthn:extension:credBlob: true, webauthn:extension:largeBlob: true, webauthn:extension:minPinLength: true, webauthn:extension:prf: true, webauthn:virtualAuthenticators: true}
Element: [[ChromeDriver: chrome on windows (66d65f1b38a634ae2a492a01bb2139f5)] -> css selector: .CodeMirror textarea]
Session ID: 66d65f1b38a634ae2a492a01bb2139f5
	at java.base/jdk.internal.reflect.DirectConstructorHandleAccessor.newInstance(DirectConstructorHandleAccessor.java:62)
	at java.base/java.lang.reflect.Constructor.newInstanceWithCaller(Constructor.java:502)
	at java.base/java.lang.reflect.Constructor.newInstance(Constructor.java:486)
	at org.openqa.selenium.remote.ErrorCodec.decode(ErrorCodec.java:167)
	at org.openqa.selenium.remote.codec.w3c.W3CHttpResponseCodec.decode(W3CHttpResponseCodec.java:138)
	at org.openqa.selenium.remote.codec.w3c.W3CHttpResponseCodec.decode(W3CHttpResponseCodec.java:50)
	at org.openqa.selenium.remote.HttpCommandExecutor.execute(HttpCommandExecutor.java:190)
	at org.openqa.selenium.remote.service.DriverCommandExecutor.invokeExecute(DriverCommandExecutor.java:216)
	at org.openqa.selenium.remote.service.DriverCommandExecutor.execute(DriverCommandExecutor.java:174)
	at org.openqa.selenium.remote.RemoteWebDriver.execute(RemoteWebDriver.java:545)
	at org.openqa.selenium.remote.RemoteWebElement.execute(RemoteWebElement.java:223)
	at org.openqa.selenium.remote.RemoteWebElement.sendKeys(RemoteWebElement.java:110)
	at PageObjects.TreePage.writeInTryEditorWindow(TreePage.java:251)
	at StepDefinitions.Tree.the_user_writes_the_valid_python_code_and_clicks_on_run_button(Tree.java:93)
	at ✽.The user writes the valid python code and clicks on Run button(file:///C:/Projects/newFolder-3/Repo1/src/test/resources/Features/Tree.feature:303)
&amp#27;[0m
  &amp#27;[36mThen &amp#27;[0m&amp#27;[36mThe user is able to see the output inside the console.&amp#27;[0m                 &amp#27;[90m# StepDefinitions.Tree.the_user_is_able_to_see_the_output_inside_the_console()&amp#27;[0m
[ERROR] 2024-12-17 11:56:07.826 [TestNG-PoolService-2] Hooks - ======================  TEST CASE FAILED !! ======================

    Embedding screenshot [image/png 7853 bytes]

[INFO ] 2024-12-17 11:56:08.094 [TestNG-PoolService-2] Hooks - ======================  Screenshot is captured  ======================
[INFO ] 2024-12-17 11:56:08.096 [TestNG-PoolService-2] Hooks - ======================  Test Execution is completed!! ======================
]]></system-out>
    <system-err><![CDATA[Dec 17, 2024 11:56:08 AM org.openqa.selenium.devtools.CdpVersionFinder findNearestMatch
WARNING: Unable to find an exact match for CDP version 131, returning the closest version; found: 130; Please update to a Selenium version that supports CDP version 131
]]></system-err>
  </testcase>
  <testcase name="runScenario[&quot;Try Here Editor page with invalid data&quot;, &quot;Tree&quot;](201)" classname="TestRunners.TestRunner" time="3.755">
    <failure message="element not interactable&#10;  (Session info: chrome=131.0.6778.140)&#10;Build info: version: &apos;4.26.0&apos;, revision: &apos;8ccf0219d7&apos;&#10;System info: os.name: &apos;Windows 11&apos;, os.arch: &apos;amd64&apos;, os.version: &apos;10.0&apos;, java.version: &apos;21.0.5&apos;&#10;Driver info: org.openqa.selenium.chrome.ChromeDriver&#10;Command: [a12cf07df1719347fb2e154601b550e9, sendKeysToElement {value=[Ljava.lang.CharSequence;@450d983d, id=f.A15D8F57BD182EB693656D0519220BBD.d.2E3E49A6F9A372817536107B003ADF9B.e.50}]&#10;Capabilities {acceptInsecureCerts: false, browserName: chrome, browserVersion: 131.0.6778.140, chrome: {chromedriverVersion: 131.0.6778.108 (3b014839fbc..., userDataDir: C:\Users\vamsh\AppData\Loca...}, fedcm:accounts: true, goog:chromeOptions: {debuggerAddress: localhost:65158}, networkConnectionEnabled: false, pageLoadStrategy: normal, platformName: windows, proxy: Proxy(), se:cdp: ws://localhost:65158/devtoo..., se:cdpVersion: 131.0.6778.140, setWindowRect: true, strictFileInteractability: false, timeouts: {implicit: 0, pageLoad: 300000, script: 30000}, unhandledPromptBehavior: dismiss and notify, webauthn:extension:credBlob: true, webauthn:extension:largeBlob: true, webauthn:extension:minPinLength: true, webauthn:extension:prf: true, webauthn:virtualAuthenticators: true}&#10;Element: [[ChromeDriver: chrome on windows (a12cf07df1719347fb2e154601b550e9)] -&gt; css selector: .CodeMirror textarea]&#10;Session ID: a12cf07df1719347fb2e154601b550e9" type="org.openqa.selenium.ElementNotInteractableException"><![CDATA[org.openqa.selenium.ElementNotInteractableException: 
element not interactable
  (Session info: chrome=131.0.6778.140)
Build info: version: '4.26.0', revision: '8ccf0219d7'
System info: os.name: 'Windows 11', os.arch: 'amd64', os.version: '10.0', java.version: '21.0.5'
Driver info: org.openqa.selenium.chrome.ChromeDriver
Command: [a12cf07df1719347fb2e154601b550e9, sendKeysToElement {value=[Ljava.lang.CharSequence;@450d983d, id=f.A15D8F57BD182EB693656D0519220BBD.d.2E3E49A6F9A372817536107B003ADF9B.e.50}]
Capabilities {acceptInsecureCerts: false, browserName: chrome, browserVersion: 131.0.6778.140, chrome: {chromedriverVersion: 131.0.6778.108 (3b014839fbc..., userDataDir: C:\Users\vamsh\AppData\Loca...}, fedcm:accounts: true, goog:chromeOptions: {debuggerAddress: localhost:65158}, networkConnectionEnabled: false, pageLoadStrategy: normal, platformName: windows, proxy: Proxy(), se:cdp: ws://localhost:65158/devtoo..., se:cdpVersion: 131.0.6778.140, setWindowRect: true, strictFileInteractability: false, timeouts: {implicit: 0, pageLoad: 300000, script: 30000}, unhandledPromptBehavior: dismiss and notify, webauthn:extension:credBlob: true, webauthn:extension:largeBlob: true, webauthn:extension:minPinLength: true, webauthn:extension:prf: true, webauthn:virtualAuthenticators: true}
Element: [[ChromeDriver: chrome on windows (a12cf07df1719347fb2e154601b550e9)] -> css selector: .CodeMirror textarea]
Session ID: a12cf07df1719347fb2e154601b550e9
]]></failure>
    <system-out><![CDATA[
Scenario: Applications of Binary trees                               &amp#27;[90m# src/test/resources/Features/Tree.feature:319&amp#27;[0m
  &amp#27;[32mGiven &amp#27;[0m&amp#27;[32mThe user is on the DS Introduction page as signedIn&amp#27;[0m                   &amp#27;[90m# StepDefinitions.DSIntroductionDetails.the_user_is_on_the_ds_introduction_page_as_signed_in()&amp#27;[0m
  &amp#27;[32mAnd &amp#27;[0m&amp#27;[32mUser clicks on Get Started button from Tree panel&amp#27;[0m                       &amp#27;[90m# StepDefinitions.Tree.user_clicks_on_get_started_button_from_tree_panel()&amp#27;[0m
  &amp#27;[32mGiven &amp#27;[0m&amp#27;[32mThe user is on the DS Introduction page as signedIn&amp#27;[0m         &amp#27;[90m# StepDefinitions.DSIntroductionDetails.the_user_is_on_the_ds_introduction_page_as_signed_in()&amp#27;[0m
  &amp#27;[32mGiven &amp#27;[0m&amp#27;[32mThe user is on the editor page of Implementation of Binary Trees page&amp#27;[0m &amp#27;[90m# StepDefinitions.Tree.the_user_is_on_the_editor_page_of_implementation_of_binary_trees_page()&amp#27;[0m
  &amp#27;[32mAnd &amp#27;[0m&amp#27;[32mUser clicks on Get Started button from Tree panel&amp#27;[0m             &amp#27;[90m# StepDefinitions.Tree.user_clicks_on_get_started_button_from_tree_panel()&amp#27;[0m
  &amp#27;[31mWhen &amp#27;[0m&amp#27;[31mThe user writes the invalid python code and clicks on Run button&amp#27;[0m       &amp#27;[90m# StepDefinitions.Tree.the_user_writes_the_invalid_python_code_and_clicks_on_run_button()&amp#27;[0m
      &amp#27;[31morg.openqa.selenium.ElementNotInteractableException: element not interactable
  (Session info: chrome=131.0.6778.140)
Build info: version: '4.26.0', revision: '8ccf0219d7'
System info: os.name: 'Windows 11', os.arch: 'amd64', os.version: '10.0', java.version: '21.0.5'
Driver info: org.openqa.selenium.chrome.ChromeDriver
Command: [a12cf07df1719347fb2e154601b550e9, sendKeysToElement {value=[Ljava.lang.CharSequence;@450d983d, id=f.A15D8F57BD182EB693656D0519220BBD.d.2E3E49A6F9A372817536107B003ADF9B.e.50}]
Capabilities {acceptInsecureCerts: false, browserName: chrome, browserVersion: 131.0.6778.140, chrome: {chromedriverVersion: 131.0.6778.108 (3b014839fbc..., userDataDir: C:\Users\vamsh\AppData\Loca...}, fedcm:accounts: true, goog:chromeOptions: {debuggerAddress: localhost:65158}, networkConnectionEnabled: false, pageLoadStrategy: normal, platformName: windows, proxy: Proxy(), se:cdp: ws://localhost:65158/devtoo..., se:cdpVersion: 131.0.6778.140, setWindowRect: true, strictFileInteractability: false, timeouts: {implicit: 0, pageLoad: 300000, script: 30000}, unhandledPromptBehavior: dismiss and notify, webauthn:extension:credBlob: true, webauthn:extension:largeBlob: true, webauthn:extension:minPinLength: true, webauthn:extension:prf: true, webauthn:virtualAuthenticators: true}
Element: [[ChromeDriver: chrome on windows (a12cf07df1719347fb2e154601b550e9)] -> css selector: .CodeMirror textarea]
Session ID: a12cf07df1719347fb2e154601b550e9
	at java.base/jdk.internal.reflect.DirectConstructorHandleAccessor.newInstance(DirectConstructorHandleAccessor.java:62)
	at java.base/java.lang.reflect.Constructor.newInstanceWithCaller(Constructor.java:502)
	at java.base/java.lang.reflect.Constructor.newInstance(Constructor.java:486)
	at org.openqa.selenium.remote.ErrorCodec.decode(ErrorCodec.java:167)
	at org.openqa.selenium.remote.codec.w3c.W3CHttpResponseCodec.decode(W3CHttpResponseCodec.java:138)
	at org.openqa.selenium.remote.codec.w3c.W3CHttpResponseCodec.decode(W3CHttpResponseCodec.java:50)
	at org.openqa.selenium.remote.HttpCommandExecutor.execute(HttpCommandExecutor.java:190)
	at org.openqa.selenium.remote.service.DriverCommandExecutor.invokeExecute(DriverCommandExecutor.java:216)
	at org.openqa.selenium.remote.service.DriverCommandExecutor.execute(DriverCommandExecutor.java:174)
	at org.openqa.selenium.remote.RemoteWebDriver.execute(RemoteWebDriver.java:545)
	at org.openqa.selenium.remote.RemoteWebElement.execute(RemoteWebElement.java:223)
	at org.openqa.selenium.remote.RemoteWebElement.sendKeys(RemoteWebElement.java:110)
	at PageObjects.TreePage.writeInTryEditorWindow(TreePage.java:251)
	at StepDefinitions.Tree.the_user_writes_the_invalid_python_code_and_clicks_on_run_button(Tree.java:106)
	at ✽.The user writes the invalid python code and clicks on Run button(file:///C:/Projects/newFolder-3/Repo1/src/test/resources/Features/Tree.feature:309)
&amp#27;[0m
  &amp#27;[36mThen &amp#27;[0m&amp#27;[36mThe user see error msg in alert window&amp#27;[0m                                 &amp#27;[90m# StepDefinitions.Tree.the_user_see_error_msg_in_alert_window()&amp#27;[0m
[ERROR] 2024-12-17 11:56:12.071 [TestNG-PoolService-1] Hooks - ======================  TEST CASE FAILED !! ======================

    Embedding screenshot [image/png 7853 bytes]

[INFO ] 2024-12-17 11:56:12.248 [TestNG-PoolService-1] Hooks - ======================  Screenshot is captured  ======================
[INFO ] 2024-12-17 11:56:12.248 [TestNG-PoolService-1] Hooks - ======================  Test Execution is completed!! ======================
  &amp#27;[32mGiven &amp#27;[0m&amp#27;[32mThe user is on the Implementation of Binary Trees page&amp#27;[0m      &amp#27;[90m# StepDefinitions.Tree.the_user_is_on_the_implementation_of_binary_trees_page()&amp#27;[0m
]]></system-out>
    <system-err><![CDATA[Dec 17, 2024 11:56:10 AM org.openqa.selenium.devtools.CdpVersionFinder findNearestMatch
WARNING: Unable to find an exact match for CDP version 131, returning the closest version; found: 130; Please update to a Selenium version that supports CDP version 131
]]></system-err>
  </testcase>
  <testcase name="runScenario[&quot;Implementation of Binary Trees&quot;, &quot;Tree&quot;](202)" classname="TestRunners.TestRunner" time="0.449">
    <system-out><![CDATA[
Scenario: Try Here Editor page with empty code                               &amp#27;[90m# src/test/resources/Features/Tree.feature:325&amp#27;[0m
  &amp#27;[32mWhen &amp#27;[0m&amp#27;[32mThe user clicks Applications of Binary trees link&amp#27;[0m            &amp#27;[90m# StepDefinitions.Tree.the_user_clicks_applications_of_binary_trees_link()&amp#27;[0m
  &amp#27;[32mThen &amp#27;[0m&amp#27;[32mThe user is redirected to Applications of Binary trees page.&amp#27;[0m &amp#27;[90m# StepDefinitions.Tree.the_user_is_redirected_to_applications_of_binary_trees_page()&amp#27;[0m
[INFO ] 2024-12-17 11:56:12.735 [TestNG-PoolService-3] Hooks - ======================  Test Execution is completed!! ======================
  &amp#27;[32mGiven &amp#27;[0m&amp#27;[32mThe user is on the DS Introduction page as signedIn&amp#27;[0m          &amp#27;[90m# StepDefinitions.DSIntroductionDetails.the_user_is_on_the_ds_introduction_page_as_signed_in()&amp#27;[0m
]]></system-out>
  </testcase>
  <testcase name="runScenario[&quot;Applications of Binary trees&quot;, &quot;Tree&quot;](203)" classname="TestRunners.TestRunner" time="2.197">
    <system-out><![CDATA[
Scenario: Try Here Editor page with valid data                              &amp#27;[90m# src/test/resources/Features/Tree.feature:331&amp#27;[0m
  &amp#27;[32mAnd &amp#27;[0m&amp#27;[32mUser clicks on Get Started button from Tree panel&amp#27;[0m              &amp#27;[90m# StepDefinitions.Tree.user_clicks_on_get_started_button_from_tree_panel()&amp#27;[0m
  &amp#27;[32mGiven &amp#27;[0m&amp#27;[32mThe user is on the Applications of Binary trees page&amp#27;[0m         &amp#27;[90m# StepDefinitions.Tree.the_user_is_on_the_applications_of_binary_trees_page()&amp#27;[0m
  &amp#27;[32mWhen &amp#27;[0m&amp#27;[32mThe user clicks Try Here button&amp#27;[0m                               &amp#27;[90m# StepDefinitions.Tree.the_user_clicks_try_here_button()&amp#27;[0m
  &amp#27;[32mThen &amp#27;[0m&amp#27;[32mThe user is redirected to a page having Editor and run button&amp#27;[0m &amp#27;[90m# StepDefinitions.Tree.the_user_is_redirected_to_a_page_having_editor_and_run_button()&amp#27;[0m
[INFO ] 2024-12-17 11:56:14.919 [TestNG-PoolService-2] Hooks - ======================  Test Execution is completed!! ======================
]]></system-out>
    <system-err><![CDATA[Dec 17, 2024 11:56:14 AM org.openqa.selenium.devtools.CdpVersionFinder findNearestMatch
WARNING: Unable to find an exact match for CDP version 131, returning the closest version; found: 130; Please update to a Selenium version that supports CDP version 131
Dec 17, 2024 11:56:14 AM org.openqa.selenium.devtools.CdpVersionFinder findNearestMatch
WARNING: Unable to find an exact match for CDP version 131, returning the closest version; found: 130; Please update to a Selenium version that supports CDP version 131
]]></system-err>
  </testcase>
  <testcase name="runScenario[&quot;Try Here Editor page with empty code&quot;, &quot;Tree&quot;](204)" classname="TestRunners.TestRunner" time="4.315">
    <failure message="element not interactable&#10;  (Session info: chrome=131.0.6778.140)&#10;Build info: version: &apos;4.26.0&apos;, revision: &apos;8ccf0219d7&apos;&#10;System info: os.name: &apos;Windows 11&apos;, os.arch: &apos;amd64&apos;, os.version: &apos;10.0&apos;, java.version: &apos;21.0.5&apos;&#10;Driver info: org.openqa.selenium.chrome.ChromeDriver&#10;Command: [29fb9296fde48f77c28948cb708d9da1, sendKeysToElement {value=[Ljava.lang.CharSequence;@746d004e, id=f.7A0EDA838282AD5F07B8014892F56FF7.d.D6FF7C906DF35CD289D508B13FE036A9.e.48}]&#10;Capabilities {acceptInsecureCerts: false, browserName: chrome, browserVersion: 131.0.6778.140, chrome: {chromedriverVersion: 131.0.6778.108 (3b014839fbc..., userDataDir: C:\Users\vamsh\AppData\Loca...}, fedcm:accounts: true, goog:chromeOptions: {debuggerAddress: localhost:65335}, networkConnectionEnabled: false, pageLoadStrategy: normal, platformName: windows, proxy: Proxy(), se:cdp: ws://localhost:65335/devtoo..., se:cdpVersion: 131.0.6778.140, setWindowRect: true, strictFileInteractability: false, timeouts: {implicit: 0, pageLoad: 300000, script: 30000}, unhandledPromptBehavior: dismiss and notify, webauthn:extension:credBlob: true, webauthn:extension:largeBlob: true, webauthn:extension:minPinLength: true, webauthn:extension:prf: true, webauthn:virtualAuthenticators: true}&#10;Element: [[ChromeDriver: chrome on windows (29fb9296fde48f77c28948cb708d9da1)] -&gt; css selector: .CodeMirror textarea]&#10;Session ID: 29fb9296fde48f77c28948cb708d9da1" type="org.openqa.selenium.ElementNotInteractableException"><![CDATA[org.openqa.selenium.ElementNotInteractableException: 
element not interactable
  (Session info: chrome=131.0.6778.140)
Build info: version: '4.26.0', revision: '8ccf0219d7'
System info: os.name: 'Windows 11', os.arch: 'amd64', os.version: '10.0', java.version: '21.0.5'
Driver info: org.openqa.selenium.chrome.ChromeDriver
Command: [29fb9296fde48f77c28948cb708d9da1, sendKeysToElement {value=[Ljava.lang.CharSequence;@746d004e, id=f.7A0EDA838282AD5F07B8014892F56FF7.d.D6FF7C906DF35CD289D508B13FE036A9.e.48}]
Capabilities {acceptInsecureCerts: false, browserName: chrome, browserVersion: 131.0.6778.140, chrome: {chromedriverVersion: 131.0.6778.108 (3b014839fbc..., userDataDir: C:\Users\vamsh\AppData\Loca...}, fedcm:accounts: true, goog:chromeOptions: {debuggerAddress: localhost:65335}, networkConnectionEnabled: false, pageLoadStrategy: normal, platformName: windows, proxy: Proxy(), se:cdp: ws://localhost:65335/devtoo..., se:cdpVersion: 131.0.6778.140, setWindowRect: true, strictFileInteractability: false, timeouts: {implicit: 0, pageLoad: 300000, script: 30000}, unhandledPromptBehavior: dismiss and notify, webauthn:extension:credBlob: true, webauthn:extension:largeBlob: true, webauthn:extension:minPinLength: true, webauthn:extension:prf: true, webauthn:virtualAuthenticators: true}
Element: [[ChromeDriver: chrome on windows (29fb9296fde48f77c28948cb708d9da1)] -> css selector: .CodeMirror textarea]
Session ID: 29fb9296fde48f77c28948cb708d9da1
]]></failure>
    <system-out><![CDATA[
Scenario: Try Here Editor page with invalid data                            &amp#27;[90m# src/test/resources/Features/Tree.feature:337&amp#27;[0m
  &amp#27;[32mGiven &amp#27;[0m&amp#27;[32mThe user is on the DS Introduction page as signedIn&amp#27;[0m                  &amp#27;[90m# StepDefinitions.DSIntroductionDetails.the_user_is_on_the_ds_introduction_page_as_signed_in()&amp#27;[0m
  &amp#27;[32mAnd &amp#27;[0m&amp#27;[32mUser clicks on Get Started button from Tree panel&amp#27;[0m                      &amp#27;[90m# StepDefinitions.Tree.user_clicks_on_get_started_button_from_tree_panel()&amp#27;[0m
  &amp#27;[32mGiven &amp#27;[0m&amp#27;[32mThe user is on the DS Introduction page as signedIn&amp#27;[0m                 &amp#27;[90m# StepDefinitions.DSIntroductionDetails.the_user_is_on_the_ds_introduction_page_as_signed_in()&amp#27;[0m
  &amp#27;[32mAnd &amp#27;[0m&amp#27;[32mUser clicks on Get Started button from Tree panel&amp#27;[0m                     &amp#27;[90m# StepDefinitions.Tree.user_clicks_on_get_started_button_from_tree_panel()&amp#27;[0m
  &amp#27;[32mGiven &amp#27;[0m&amp#27;[32mThe user is on the editor page of Applications of Binary trees page&amp#27;[0m  &amp#27;[90m# StepDefinitions.Tree.the_user_is_on_the_editor_page_of_applications_of_binary_trees_page()&amp#27;[0m
  &amp#27;[31mWhen &amp#27;[0m&amp#27;[31mThe user writes no code inside editor window and clicks on Run button&amp#27;[0m &amp#27;[90m# StepDefinitions.Tree.the_user_writes_no_code_inside_editor_window_and_clicks_on_run_button()&amp#27;[0m
      &amp#27;[31morg.openqa.selenium.ElementNotInteractableException: element not interactable
  (Session info: chrome=131.0.6778.140)
Build info: version: '4.26.0', revision: '8ccf0219d7'
System info: os.name: 'Windows 11', os.arch: 'amd64', os.version: '10.0', java.version: '21.0.5'
Driver info: org.openqa.selenium.chrome.ChromeDriver
Command: [29fb9296fde48f77c28948cb708d9da1, sendKeysToElement {value=[Ljava.lang.CharSequence;@746d004e, id=f.7A0EDA838282AD5F07B8014892F56FF7.d.D6FF7C906DF35CD289D508B13FE036A9.e.48}]
Capabilities {acceptInsecureCerts: false, browserName: chrome, browserVersion: 131.0.6778.140, chrome: {chromedriverVersion: 131.0.6778.108 (3b014839fbc..., userDataDir: C:\Users\vamsh\AppData\Loca...}, fedcm:accounts: true, goog:chromeOptions: {debuggerAddress: localhost:65335}, networkConnectionEnabled: false, pageLoadStrategy: normal, platformName: windows, proxy: Proxy(), se:cdp: ws://localhost:65335/devtoo..., se:cdpVersion: 131.0.6778.140, setWindowRect: true, strictFileInteractability: false, timeouts: {implicit: 0, pageLoad: 300000, script: 30000}, unhandledPromptBehavior: dismiss and notify, webauthn:extension:credBlob: true, webauthn:extension:largeBlob: true, webauthn:extension:minPinLength: true, webauthn:extension:prf: true, webauthn:virtualAuthenticators: true}
Element: [[ChromeDriver: chrome on windows (29fb9296fde48f77c28948cb708d9da1)] -> css selector: .CodeMirror textarea]
Session ID: 29fb9296fde48f77c28948cb708d9da1
	at java.base/jdk.internal.reflect.DirectConstructorHandleAccessor.newInstance(DirectConstructorHandleAccessor.java:62)
	at java.base/java.lang.reflect.Constructor.newInstanceWithCaller(Constructor.java:502)
	at java.base/java.lang.reflect.Constructor.newInstance(Constructor.java:486)
	at org.openqa.selenium.remote.ErrorCodec.decode(ErrorCodec.java:167)
	at org.openqa.selenium.remote.codec.w3c.W3CHttpResponseCodec.decode(W3CHttpResponseCodec.java:138)
	at org.openqa.selenium.remote.codec.w3c.W3CHttpResponseCodec.decode(W3CHttpResponseCodec.java:50)
	at org.openqa.selenium.remote.HttpCommandExecutor.execute(HttpCommandExecutor.java:190)
	at org.openqa.selenium.remote.service.DriverCommandExecutor.invokeExecute(DriverCommandExecutor.java:216)
	at org.openqa.selenium.remote.service.DriverCommandExecutor.execute(DriverCommandExecutor.java:174)
	at org.openqa.selenium.remote.RemoteWebDriver.execute(RemoteWebDriver.java:545)
	at org.openqa.selenium.remote.RemoteWebElement.execute(RemoteWebElement.java:223)
	at org.openqa.selenium.remote.RemoteWebElement.sendKeys(RemoteWebElement.java:110)
	at PageObjects.TreePage.writeInTryEditorWindow(TreePage.java:251)
	at StepDefinitions.Tree.the_user_writes_no_code_inside_editor_window_and_clicks_on_run_button(Tree.java:80)
	at ✽.The user writes no code inside editor window and clicks on Run button(file:///C:/Projects/newFolder-3/Repo1/src/test/resources/Features/Tree.feature:328)
&amp#27;[0m
  &amp#27;[36mThen &amp#27;[0m&amp#27;[36mNothing happens to the Editor page and no error message is displayed&amp#27;[0m  &amp#27;[90m# StepDefinitions.Tree.nothing_happens_to_the_editor_page_and_no_error_message_is_displayed()&amp#27;[0m
[ERROR] 2024-12-17 11:56:19.021 [TestNG-PoolService-1] Hooks - ======================  TEST CASE FAILED !! ======================

    Embedding screenshot [image/png 7853 bytes]

[INFO ] 2024-12-17 11:56:19.182 [TestNG-PoolService-1] Hooks - ======================  Screenshot is captured  ======================
[INFO ] 2024-12-17 11:56:19.182 [TestNG-PoolService-1] Hooks - ======================  Test Execution is completed!! ======================
  &amp#27;[32mGiven &amp#27;[0m&amp#27;[32mThe user is on the DS Introduction page as signedIn&amp#27;[0m                 &amp#27;[90m# StepDefinitions.DSIntroductionDetails.the_user_is_on_the_ds_introduction_page_as_signed_in()&amp#27;[0m
]]></system-out>
    <system-err><![CDATA[Dec 17, 2024 11:56:16 AM org.openqa.selenium.devtools.CdpVersionFinder findNearestMatch
WARNING: Unable to find an exact match for CDP version 131, returning the closest version; found: 130; Please update to a Selenium version that supports CDP version 131
]]></system-err>
  </testcase>
  <testcase name="runScenario[&quot;Try Here Editor page with valid data&quot;, &quot;Tree&quot;](205)" classname="TestRunners.TestRunner" time="0.645">
    <failure message="element not interactable&#10;  (Session info: chrome=131.0.6778.140)&#10;Build info: version: &apos;4.26.0&apos;, revision: &apos;8ccf0219d7&apos;&#10;System info: os.name: &apos;Windows 11&apos;, os.arch: &apos;amd64&apos;, os.version: &apos;10.0&apos;, java.version: &apos;21.0.5&apos;&#10;Driver info: org.openqa.selenium.chrome.ChromeDriver&#10;Command: [22250c0f04715a53ac96901659a36a0c, sendKeysToElement {value=[Ljava.lang.CharSequence;@67fa5f32, id=f.6BDC7731349AB354CE9B2A8EE48075D3.d.5A744195A55633ACADBEA43EAE2FD0B3.e.61}]&#10;Capabilities {acceptInsecureCerts: false, browserName: chrome, browserVersion: 131.0.6778.140, chrome: {chromedriverVersion: 131.0.6778.108 (3b014839fbc..., userDataDir: C:\Users\vamsh\AppData\Loca...}, fedcm:accounts: true, goog:chromeOptions: {debuggerAddress: localhost:65357}, networkConnectionEnabled: false, pageLoadStrategy: normal, platformName: windows, proxy: Proxy(), se:cdp: ws://localhost:65357/devtoo..., se:cdpVersion: 131.0.6778.140, setWindowRect: true, strictFileInteractability: false, timeouts: {implicit: 0, pageLoad: 300000, script: 30000}, unhandledPromptBehavior: dismiss and notify, webauthn:extension:credBlob: true, webauthn:extension:largeBlob: true, webauthn:extension:minPinLength: true, webauthn:extension:prf: true, webauthn:virtualAuthenticators: true}&#10;Element: [[ChromeDriver: chrome on windows (22250c0f04715a53ac96901659a36a0c)] -&gt; css selector: .CodeMirror textarea]&#10;Session ID: 22250c0f04715a53ac96901659a36a0c" type="org.openqa.selenium.ElementNotInteractableException"><![CDATA[org.openqa.selenium.ElementNotInteractableException: 
element not interactable
  (Session info: chrome=131.0.6778.140)
Build info: version: '4.26.0', revision: '8ccf0219d7'
System info: os.name: 'Windows 11', os.arch: 'amd64', os.version: '10.0', java.version: '21.0.5'
Driver info: org.openqa.selenium.chrome.ChromeDriver
Command: [22250c0f04715a53ac96901659a36a0c, sendKeysToElement {value=[Ljava.lang.CharSequence;@67fa5f32, id=f.6BDC7731349AB354CE9B2A8EE48075D3.d.5A744195A55633ACADBEA43EAE2FD0B3.e.61}]
Capabilities {acceptInsecureCerts: false, browserName: chrome, browserVersion: 131.0.6778.140, chrome: {chromedriverVersion: 131.0.6778.108 (3b014839fbc..., userDataDir: C:\Users\vamsh\AppData\Loca...}, fedcm:accounts: true, goog:chromeOptions: {debuggerAddress: localhost:65357}, networkConnectionEnabled: false, pageLoadStrategy: normal, platformName: windows, proxy: Proxy(), se:cdp: ws://localhost:65357/devtoo..., se:cdpVersion: 131.0.6778.140, setWindowRect: true, strictFileInteractability: false, timeouts: {implicit: 0, pageLoad: 300000, script: 30000}, unhandledPromptBehavior: dismiss and notify, webauthn:extension:credBlob: true, webauthn:extension:largeBlob: true, webauthn:extension:minPinLength: true, webauthn:extension:prf: true, webauthn:virtualAuthenticators: true}
Element: [[ChromeDriver: chrome on windows (22250c0f04715a53ac96901659a36a0c)] -> css selector: .CodeMirror textarea]
Session ID: 22250c0f04715a53ac96901659a36a0c
]]></failure>
    <system-out><![CDATA[
Scenario: Applications of Binary trees                       &amp#27;[90m# src/test/resources/Features/Tree.feature:343&amp#27;[0m
  &amp#27;[32mGiven &amp#27;[0m&amp#27;[32mThe user is on the editor page of Applications of Binary trees page&amp#27;[0m &amp#27;[90m# StepDefinitions.Tree.the_user_is_on_the_editor_page_of_applications_of_binary_trees_page()&amp#27;[0m
  &amp#27;[31mWhen &amp#27;[0m&amp#27;[31mThe user writes the valid python code and clicks on Run button&amp#27;[0m       &amp#27;[90m# StepDefinitions.Tree.the_user_writes_the_valid_python_code_and_clicks_on_run_button()&amp#27;[0m
      &amp#27;[31morg.openqa.selenium.ElementNotInteractableException: element not interactable
  (Session info: chrome=131.0.6778.140)
Build info: version: '4.26.0', revision: '8ccf0219d7'
System info: os.name: 'Windows 11', os.arch: 'amd64', os.version: '10.0', java.version: '21.0.5'
Driver info: org.openqa.selenium.chrome.ChromeDriver
Command: [22250c0f04715a53ac96901659a36a0c, sendKeysToElement {value=[Ljava.lang.CharSequence;@67fa5f32, id=f.6BDC7731349AB354CE9B2A8EE48075D3.d.5A744195A55633ACADBEA43EAE2FD0B3.e.61}]
Capabilities {acceptInsecureCerts: false, browserName: chrome, browserVersion: 131.0.6778.140, chrome: {chromedriverVersion: 131.0.6778.108 (3b014839fbc..., userDataDir: C:\Users\vamsh\AppData\Loca...}, fedcm:accounts: true, goog:chromeOptions: {debuggerAddress: localhost:65357}, networkConnectionEnabled: false, pageLoadStrategy: normal, platformName: windows, proxy: Proxy(), se:cdp: ws://localhost:65357/devtoo..., se:cdpVersion: 131.0.6778.140, setWindowRect: true, strictFileInteractability: false, timeouts: {implicit: 0, pageLoad: 300000, script: 30000}, unhandledPromptBehavior: dismiss and notify, webauthn:extension:credBlob: true, webauthn:extension:largeBlob: true, webauthn:extension:minPinLength: true, webauthn:extension:prf: true, webauthn:virtualAuthenticators: true}
Element: [[ChromeDriver: chrome on windows (22250c0f04715a53ac96901659a36a0c)] -> css selector: .CodeMirror textarea]
Session ID: 22250c0f04715a53ac96901659a36a0c
	at java.base/jdk.internal.reflect.DirectConstructorHandleAccessor.newInstance(DirectConstructorHandleAccessor.java:62)
	at java.base/java.lang.reflect.Constructor.newInstanceWithCaller(Constructor.java:502)
	at java.base/java.lang.reflect.Constructor.newInstance(Constructor.java:486)
	at org.openqa.selenium.remote.ErrorCodec.decode(ErrorCodec.java:167)
	at org.openqa.selenium.remote.codec.w3c.W3CHttpResponseCodec.decode(W3CHttpResponseCodec.java:138)
	at org.openqa.selenium.remote.codec.w3c.W3CHttpResponseCodec.decode(W3CHttpResponseCodec.java:50)
	at org.openqa.selenium.remote.HttpCommandExecutor.execute(HttpCommandExecutor.java:190)
	at org.openqa.selenium.remote.service.DriverCommandExecutor.invokeExecute(DriverCommandExecutor.java:216)
	at org.openqa.selenium.remote.service.DriverCommandExecutor.execute(DriverCommandExecutor.java:174)
	at org.openqa.selenium.remote.RemoteWebDriver.execute(RemoteWebDriver.java:545)
	at org.openqa.selenium.remote.RemoteWebElement.execute(RemoteWebElement.java:223)
	at org.openqa.selenium.remote.RemoteWebElement.sendKeys(RemoteWebElement.java:110)
	at PageObjects.TreePage.writeInTryEditorWindow(TreePage.java:251)
	at StepDefinitions.Tree.the_user_writes_the_valid_python_code_and_clicks_on_run_button(Tree.java:93)
	at ✽.The user writes the valid python code and clicks on Run button(file:///C:/Projects/newFolder-3/Repo1/src/test/resources/Features/Tree.feature:334)
&amp#27;[0m
  &amp#27;[36mThen &amp#27;[0m&amp#27;[36mThe user is able to see the output inside the console.&amp#27;[0m               &amp#27;[90m# StepDefinitions.Tree.the_user_is_able_to_see_the_output_inside_the_console()&amp#27;[0m
[ERROR] 2024-12-17 11:56:19.671 [TestNG-PoolService-3] Hooks - ======================  TEST CASE FAILED !! ======================
  &amp#27;[32mAnd &amp#27;[0m&amp#27;[32mUser clicks on Get Started button from Tree panel&amp#27;[0m                     &amp#27;[90m# StepDefinitions.Tree.user_clicks_on_get_started_button_from_tree_panel()&amp#27;[0m

    Embedding screenshot [image/png 7853 bytes]

[INFO ] 2024-12-17 11:56:19.870 [TestNG-PoolService-3] Hooks - ======================  Screenshot is captured  ======================
[INFO ] 2024-12-17 11:56:19.874 [TestNG-PoolService-3] Hooks - ======================  Test Execution is completed!! ======================
]]></system-out>
  </testcase>
  <testcase name="runScenario[&quot;Try Here Editor page with valid data&quot;, &quot;Tree&quot;](205)" classname="TestRunners.TestRunner" time="2.718">
    <system-out><![CDATA[
Scenario: Applications of Binary trees                       &amp#27;[90m# src/test/resources/Features/Tree.feature:343&amp#27;[0m
  &amp#27;[32mWhen &amp#27;[0m&amp#27;[32mThe user writes the valid python code and clicks on Run button&amp#27;[0m         &amp#27;[90m# StepDefinitions.Tree.the_user_writes_the_valid_python_code_and_clicks_on_run_button()&amp#27;[0m
  &amp#27;[32mThen &amp#27;[0m&amp#27;[32mThe user is able to see the output inside the console.&amp#27;[0m                 &amp#27;[90m# StepDefinitions.Tree.the_user_is_able_to_see_the_output_inside_the_console()&amp#27;[0m
[INFO ] 2024-12-17 12:13:52.817 [TestNG-PoolService-3] Hooks - ======================  Test Execution is completed!! ======================
]]></system-out>
  </testcase>
  <testcase name="runScenario[&quot;Try Here Editor page with valid data&quot;, &quot;Tree&quot;](205)" classname="TestRunners.TestRunner" time="0.602">
    <system-out><![CDATA[
Scenario: Applications of Binary trees                       &amp#27;[90m# src/test/resources/Features/Tree.feature:343&amp#27;[0m
]]></system-out>
  </testcase>
  <testcase name="runScenario[&quot;Try Here Editor page with invalid data&quot;, &quot;Tree&quot;](206)" classname="TestRunners.TestRunner" time="1.998">
    <failure message="element not interactable&#10;  (Session info: chrome=131.0.6778.140)&#10;Build info: version: &apos;4.26.0&apos;, revision: &apos;8ccf0219d7&apos;&#10;System info: os.name: &apos;Windows 11&apos;, os.arch: &apos;amd64&apos;, os.version: &apos;10.0&apos;, java.version: &apos;21.0.5&apos;&#10;Driver info: org.openqa.selenium.chrome.ChromeDriver&#10;Command: [9e5fa4aa40e6ed7b65a4b9c3191c9856, sendKeysToElement {value=[Ljava.lang.CharSequence;@36a599a0, id=f.B6B472922A54AF886EFDE66F7193F3FB.d.0EDFDF49C0CF3CE2AEEC38C80F88D7C3.e.56}]&#10;Capabilities {acceptInsecureCerts: false, browserName: chrome, browserVersion: 131.0.6778.140, chrome: {chromedriverVersion: 131.0.6778.108 (3b014839fbc..., userDataDir: C:\Users\vamsh\AppData\Loca...}, fedcm:accounts: true, goog:chromeOptions: {debuggerAddress: localhost:65423}, networkConnectionEnabled: false, pageLoadStrategy: normal, platformName: windows, proxy: Proxy(), se:cdp: ws://localhost:65423/devtoo..., se:cdpVersion: 131.0.6778.140, setWindowRect: true, strictFileInteractability: false, timeouts: {implicit: 0, pageLoad: 300000, script: 30000}, unhandledPromptBehavior: dismiss and notify, webauthn:extension:credBlob: true, webauthn:extension:largeBlob: true, webauthn:extension:minPinLength: true, webauthn:extension:prf: true, webauthn:virtualAuthenticators: true}&#10;Element: [[ChromeDriver: chrome on windows (9e5fa4aa40e6ed7b65a4b9c3191c9856)] -&gt; css selector: .CodeMirror textarea]&#10;Session ID: 9e5fa4aa40e6ed7b65a4b9c3191c9856" type="org.openqa.selenium.ElementNotInteractableException"><![CDATA[org.openqa.selenium.ElementNotInteractableException: 
element not interactable
  (Session info: chrome=131.0.6778.140)
Build info: version: '4.26.0', revision: '8ccf0219d7'
System info: os.name: 'Windows 11', os.arch: 'amd64', os.version: '10.0', java.version: '21.0.5'
Driver info: org.openqa.selenium.chrome.ChromeDriver
Command: [9e5fa4aa40e6ed7b65a4b9c3191c9856, sendKeysToElement {value=[Ljava.lang.CharSequence;@36a599a0, id=f.B6B472922A54AF886EFDE66F7193F3FB.d.0EDFDF49C0CF3CE2AEEC38C80F88D7C3.e.56}]
Capabilities {acceptInsecureCerts: false, browserName: chrome, browserVersion: 131.0.6778.140, chrome: {chromedriverVersion: 131.0.6778.108 (3b014839fbc..., userDataDir: C:\Users\vamsh\AppData\Loca...}, fedcm:accounts: true, goog:chromeOptions: {debuggerAddress: localhost:65423}, networkConnectionEnabled: false, pageLoadStrategy: normal, platformName: windows, proxy: Proxy(), se:cdp: ws://localhost:65423/devtoo..., se:cdpVersion: 131.0.6778.140, setWindowRect: true, strictFileInteractability: false, timeouts: {implicit: 0, pageLoad: 300000, script: 30000}, unhandledPromptBehavior: dismiss and notify, webauthn:extension:credBlob: true, webauthn:extension:largeBlob: true, webauthn:extension:minPinLength: true, webauthn:extension:prf: true, webauthn:virtualAuthenticators: true}
Element: [[ChromeDriver: chrome on windows (9e5fa4aa40e6ed7b65a4b9c3191c9856)] -> css selector: .CodeMirror textarea]
Session ID: 9e5fa4aa40e6ed7b65a4b9c3191c9856
]]></failure>
    <system-out><![CDATA[
Scenario: Binary Search Trees                                        &amp#27;[90m# src/test/resources/Features/Tree.feature:350&amp#27;[0m
  &amp#27;[32mGiven &amp#27;[0m&amp#27;[32mThe user is on the editor page of Applications of Binary trees page&amp#27;[0m &amp#27;[90m# StepDefinitions.Tree.the_user_is_on_the_editor_page_of_applications_of_binary_trees_page()&amp#27;[0m
  &amp#27;[31mWhen &amp#27;[0m&amp#27;[31mThe user writes the invalid python code and clicks on Run button&amp#27;[0m     &amp#27;[90m# StepDefinitions.Tree.the_user_writes_the_invalid_python_code_and_clicks_on_run_button()&amp#27;[0m
      &amp#27;[31morg.openqa.selenium.ElementNotInteractableException: element not interactable
  (Session info: chrome=131.0.6778.140)
Build info: version: '4.26.0', revision: '8ccf0219d7'
System info: os.name: 'Windows 11', os.arch: 'amd64', os.version: '10.0', java.version: '21.0.5'
Driver info: org.openqa.selenium.chrome.ChromeDriver
Command: [9e5fa4aa40e6ed7b65a4b9c3191c9856, sendKeysToElement {value=[Ljava.lang.CharSequence;@36a599a0, id=f.B6B472922A54AF886EFDE66F7193F3FB.d.0EDFDF49C0CF3CE2AEEC38C80F88D7C3.e.56}]
Capabilities {acceptInsecureCerts: false, browserName: chrome, browserVersion: 131.0.6778.140, chrome: {chromedriverVersion: 131.0.6778.108 (3b014839fbc..., userDataDir: C:\Users\vamsh\AppData\Loca...}, fedcm:accounts: true, goog:chromeOptions: {debuggerAddress: localhost:65423}, networkConnectionEnabled: false, pageLoadStrategy: normal, platformName: windows, proxy: Proxy(), se:cdp: ws://localhost:65423/devtoo..., se:cdpVersion: 131.0.6778.140, setWindowRect: true, strictFileInteractability: false, timeouts: {implicit: 0, pageLoad: 300000, script: 30000}, unhandledPromptBehavior: dismiss and notify, webauthn:extension:credBlob: true, webauthn:extension:largeBlob: true, webauthn:extension:minPinLength: true, webauthn:extension:prf: true, webauthn:virtualAuthenticators: true}
Element: [[ChromeDriver: chrome on windows (9e5fa4aa40e6ed7b65a4b9c3191c9856)] -> css selector: .CodeMirror textarea]
Session ID: 9e5fa4aa40e6ed7b65a4b9c3191c9856
	at java.base/jdk.internal.reflect.DirectConstructorHandleAccessor.newInstance(DirectConstructorHandleAccessor.java:62)
	at java.base/java.lang.reflect.Constructor.newInstanceWithCaller(Constructor.java:502)
	at java.base/java.lang.reflect.Constructor.newInstance(Constructor.java:486)
	at org.openqa.selenium.remote.ErrorCodec.decode(ErrorCodec.java:167)
	at org.openqa.selenium.remote.codec.w3c.W3CHttpResponseCodec.decode(W3CHttpResponseCodec.java:138)
	at org.openqa.selenium.remote.codec.w3c.W3CHttpResponseCodec.decode(W3CHttpResponseCodec.java:50)
	at org.openqa.selenium.remote.HttpCommandExecutor.execute(HttpCommandExecutor.java:190)
	at org.openqa.selenium.remote.service.DriverCommandExecutor.invokeExecute(DriverCommandExecutor.java:216)
	at org.openqa.selenium.remote.service.DriverCommandExecutor.execute(DriverCommandExecutor.java:174)
	at org.openqa.selenium.remote.RemoteWebDriver.execute(RemoteWebDriver.java:545)
	at org.openqa.selenium.remote.RemoteWebElement.execute(RemoteWebElement.java:223)
	at org.openqa.selenium.remote.RemoteWebElement.sendKeys(RemoteWebElement.java:110)
	at PageObjects.TreePage.writeInTryEditorWindow(TreePage.java:251)
	at StepDefinitions.Tree.the_user_writes_the_invalid_python_code_and_clicks_on_run_button(Tree.java:106)
	at ✽.The user writes the invalid python code and clicks on Run button(file:///C:/Projects/newFolder-3/Repo1/src/test/resources/Features/Tree.feature:340)
&amp#27;[0m
  &amp#27;[36mThen &amp#27;[0m&amp#27;[36mThe user see error msg in alert window&amp#27;[0m                               &amp#27;[90m# StepDefinitions.Tree.the_user_see_error_msg_in_alert_window()&amp#27;[0m
[ERROR] 2024-12-17 11:56:21.112 [TestNG-PoolService-2] Hooks - ======================  TEST CASE FAILED !! ======================

    Embedding screenshot [image/png 7853 bytes]

[INFO ] 2024-12-17 11:56:21.422 [TestNG-PoolService-2] Hooks - ======================  Screenshot is captured  ======================
[INFO ] 2024-12-17 11:56:21.423 [TestNG-PoolService-2] Hooks - ======================  Test Execution is completed!! ======================
]]></system-out>
    <system-err><![CDATA[Dec 17, 2024 11:56:21 AM org.openqa.selenium.devtools.CdpVersionFinder findNearestMatch
WARNING: Unable to find an exact match for CDP version 131, returning the closest version; found: 130; Please update to a Selenium version that supports CDP version 131
Dec 17, 2024 11:56:21 AM org.openqa.selenium.devtools.CdpVersionFinder findNearestMatch
WARNING: Unable to find an exact match for CDP version 131, returning the closest version; found: 130; Please update to a Selenium version that supports CDP version 131
]]></system-err>
  </testcase>
  <testcase name="runScenario[&quot;Try Here Editor page with invalid data&quot;, &quot;Tree&quot;](206)" classname="TestRunners.TestRunner" time="0.253">
    <system-out><![CDATA[
Scenario: Binary Search Trees                                        &amp#27;[90m# src/test/resources/Features/Tree.feature:350&amp#27;[0m
]]></system-out>
  </testcase>
  <testcase name="runScenario[&quot;Applications of Binary trees&quot;, &quot;Tree&quot;](207)" classname="TestRunners.TestRunner" time="3.608">
    <system-out><![CDATA[
Scenario: Try Here Editor page with empty code                               &amp#27;[90m# src/test/resources/Features/Tree.feature:356&amp#27;[0m
  &amp#27;[32mGiven &amp#27;[0m&amp#27;[32mThe user is on the DS Introduction page as signedIn&amp#27;[0m  &amp#27;[90m# StepDefinitions.DSIntroductionDetails.the_user_is_on_the_ds_introduction_page_as_signed_in()&amp#27;[0m
  &amp#27;[32mAnd &amp#27;[0m&amp#27;[32mUser clicks on Get Started button from Tree panel&amp#27;[0m      &amp#27;[90m# StepDefinitions.Tree.user_clicks_on_get_started_button_from_tree_panel()&amp#27;[0m
  &amp#27;[32mGiven &amp#27;[0m&amp#27;[32mThe user is on the Applications of Binary trees page&amp#27;[0m &amp#27;[90m# StepDefinitions.Tree.the_user_is_on_the_applications_of_binary_trees_page()&amp#27;[0m
  &amp#27;[32mGiven &amp#27;[0m&amp#27;[32mThe user is on the DS Introduction page as signedIn&amp#27;[0m          &amp#27;[90m# StepDefinitions.DSIntroductionDetails.the_user_is_on_the_ds_introduction_page_as_signed_in()&amp#27;[0m
  &amp#27;[32mAnd &amp#27;[0m&amp#27;[32mUser clicks on Get Started button from Tree panel&amp#27;[0m              &amp#27;[90m# StepDefinitions.Tree.user_clicks_on_get_started_button_from_tree_panel()&amp#27;[0m
  &amp#27;[32mWhen &amp#27;[0m&amp#27;[32mThe user clicks Binary Search Trees link&amp#27;[0m              &amp#27;[90m# StepDefinitions.Tree.the_user_clicks_binary_search_trees_link()&amp#27;[0m
  &amp#27;[32mThen &amp#27;[0m&amp#27;[32mThe user is redirected to Binary Search Trees page.&amp#27;[0m   &amp#27;[90m# StepDefinitions.Tree.the_user_is_redirected_to_binary_search_trees_page()&amp#27;[0m
[INFO ] 2024-12-17 11:56:25.452 [TestNG-PoolService-1] Hooks - ======================  Test Execution is completed!! ======================
]]></system-out>
    <system-err><![CDATA[Dec 17, 2024 11:56:23 AM org.openqa.selenium.devtools.CdpVersionFinder findNearestMatch
WARNING: Unable to find an exact match for CDP version 131, returning the closest version; found: 130; Please update to a Selenium version that supports CDP version 131
]]></system-err>
  </testcase>
  <testcase name="runScenario[&quot;Applications of Binary trees&quot;, &quot;Tree&quot;](207)" classname="TestRunners.TestRunner" time="8.997">
    <system-out><![CDATA[
Scenario: Try Here Editor page with empty code                               &amp#27;[90m# src/test/resources/Features/Tree.feature:356&amp#27;[0m
  &amp#27;[32mGiven &amp#27;[0m&amp#27;[32mThe user is on the DS Introduction page as signedIn&amp#27;[0m  &amp#27;[90m# StepDefinitions.DSIntroductionDetails.the_user_is_on_the_ds_introduction_page_as_signed_in()&amp#27;[0m
  &amp#27;[32mAnd &amp#27;[0m&amp#27;[32mUser clicks on Get Started button from Tree panel&amp#27;[0m      &amp#27;[90m# StepDefinitions.Tree.user_clicks_on_get_started_button_from_tree_panel()&amp#27;[0m
  &amp#27;[32mGiven &amp#27;[0m&amp#27;[32mThe user is on the DS Introduction page as signedIn&amp#27;[0m          &amp#27;[90m# StepDefinitions.DSIntroductionDetails.the_user_is_on_the_ds_introduction_page_as_signed_in()&amp#27;[0m
  &amp#27;[32mGiven &amp#27;[0m&amp#27;[32mThe user is on the Applications of Binary trees page&amp#27;[0m &amp#27;[90m# StepDefinitions.Tree.the_user_is_on_the_applications_of_binary_trees_page()&amp#27;[0m
  &amp#27;[32mGiven &amp#27;[0m&amp#27;[32mThe user is on the DS Introduction page as signedIn&amp#27;[0m                  &amp#27;[90m# StepDefinitions.DSIntroductionDetails.the_user_is_on_the_ds_introduction_page_as_signed_in()&amp#27;[0m
  &amp#27;[32mAnd &amp#27;[0m&amp#27;[32mUser clicks on Get Started button from Tree panel&amp#27;[0m              &amp#27;[90m# StepDefinitions.Tree.user_clicks_on_get_started_button_from_tree_panel()&amp#27;[0m
  &amp#27;[32mAnd &amp#27;[0m&amp#27;[32mUser clicks on Get Started button from Tree panel&amp#27;[0m                      &amp#27;[90m# StepDefinitions.Tree.user_clicks_on_get_started_button_from_tree_panel()&amp#27;[0m
  &amp#27;[32mWhen &amp#27;[0m&amp#27;[32mThe user clicks Binary Search Trees link&amp#27;[0m              &amp#27;[90m# StepDefinitions.Tree.the_user_clicks_binary_search_trees_link()&amp#27;[0m
  &amp#27;[32mThen &amp#27;[0m&amp#27;[32mThe user is redirected to Binary Search Trees page.&amp#27;[0m   &amp#27;[90m# StepDefinitions.Tree.the_user_is_redirected_to_binary_search_trees_page()&amp#27;[0m
[INFO ] 2024-12-17 12:26:50.573 [TestNG-PoolService-2] Hooks - ======================  Test Execution is completed!! ======================
  &amp#27;[32mGiven &amp#27;[0m&amp#27;[32mThe user is on the Binary Search Trees page&amp#27;[0m                  &amp#27;[90m# StepDefinitions.Tree.the_user_is_on_the_binary_search_trees_page()&amp#27;[0m
  &amp#27;[32mWhen &amp#27;[0m&amp#27;[32mThe user clicks Try Here button&amp#27;[0m                               &amp#27;[90m# StepDefinitions.Tree.the_user_clicks_try_here_button()&amp#27;[0m
  &amp#27;[32mThen &amp#27;[0m&amp#27;[32mThe user is redirected to a page having Editor and run button&amp#27;[0m &amp#27;[90m# StepDefinitions.Tree.the_user_is_redirected_to_a_page_having_editor_and_run_button()&amp#27;[0m
[INFO ] 2024-12-17 12:26:51.642 [TestNG-PoolService-3] Hooks - ======================  Test Execution is completed!! ======================
  &amp#27;[32mGiven &amp#27;[0m&amp#27;[32mThe user is on the editor page of Binary Search Trees page&amp#27;[0m           &amp#27;[90m# StepDefinitions.Tree.the_user_is_on_the_editor_page_of_binary_search_trees_page()&amp#27;[0m
]]></system-out>
    <system-err><![CDATA[Dec 17, 2024 12:26:44 PM org.openqa.selenium.devtools.CdpVersionFinder findNearestMatch
WARNING: Unable to find an exact match for CDP version 131, returning the closest version; found: 130; Please update to a Selenium version that supports CDP version 131
Dec 17, 2024 12:26:45 PM org.openqa.selenium.devtools.CdpVersionFinder findNearestMatch
WARNING: Unable to find an exact match for CDP version 131, returning the closest version; found: 130; Please update to a Selenium version that supports CDP version 131
Dec 17, 2024 12:26:46 PM org.openqa.selenium.devtools.CdpVersionFinder findNearestMatch
WARNING: Unable to find an exact match for CDP version 131, returning the closest version; found: 130; Please update to a Selenium version that supports CDP version 131
]]></system-err>
  </testcase>
  <testcase name="runScenario[&quot;Binary Search Trees&quot;, &quot;Tree&quot;](208)" classname="TestRunners.TestRunner" time="1.986">
    <system-out><![CDATA[
Scenario: Try Here Editor page with valid data                        &amp#27;[90m# src/test/resources/Features/Tree.feature:362&amp#27;[0m
  &amp#27;[32mGiven &amp#27;[0m&amp#27;[32mThe user is on the Binary Search Trees page&amp#27;[0m                  &amp#27;[90m# StepDefinitions.Tree.the_user_is_on_the_binary_search_trees_page()&amp#27;[0m
  &amp#27;[32mGiven &amp#27;[0m&amp#27;[32mThe user is on the DS Introduction page as signedIn&amp#27;[0m                  &amp#27;[90m# StepDefinitions.DSIntroductionDetails.the_user_is_on_the_ds_introduction_page_as_signed_in()&amp#27;[0m
  &amp#27;[32mAnd &amp#27;[0m&amp#27;[32mUser clicks on Get Started button from Tree panel&amp#27;[0m                      &amp#27;[90m# StepDefinitions.Tree.user_clicks_on_get_started_button_from_tree_panel()&amp#27;[0m
  &amp#27;[32mWhen &amp#27;[0m&amp#27;[32mThe user clicks Try Here button&amp#27;[0m                               &amp#27;[90m# StepDefinitions.Tree.the_user_clicks_try_here_button()&amp#27;[0m
  &amp#27;[32mThen &amp#27;[0m&amp#27;[32mThe user is redirected to a page having Editor and run button&amp#27;[0m &amp#27;[90m# StepDefinitions.Tree.the_user_is_redirected_to_a_page_having_editor_and_run_button()&amp#27;[0m
[INFO ] 2024-12-17 11:56:27.290 [TestNG-PoolService-3] Hooks - ======================  Test Execution is completed!! ======================
]]></system-out>
    <system-err><![CDATA[Dec 17, 2024 11:56:27 AM org.openqa.selenium.devtools.CdpVersionFinder findNearestMatch
WARNING: Unable to find an exact match for CDP version 131, returning the closest version; found: 130; Please update to a Selenium version that supports CDP version 131
]]></system-err>
  </testcase>
  <testcase name="runScenario[&quot;Binary Search Trees&quot;, &quot;Tree&quot;](208)" classname="TestRunners.TestRunner" time="1.056">
    <system-out><![CDATA[
Scenario: Try Here Editor page with valid data                        &amp#27;[90m# src/test/resources/Features/Tree.feature:362&amp#27;[0m
  &amp#27;[32mWhen &amp#27;[0m&amp#27;[32mThe user writes no code inside editor window and clicks on Run button&amp#27;[0m &amp#27;[90m# StepDefinitions.Tree.the_user_writes_no_code_inside_editor_window_and_clicks_on_run_button()&amp#27;[0m
  &amp#27;[32mThen &amp#27;[0m&amp#27;[32mNothing happens to the Editor page and no error message is displayed&amp#27;[0m  &amp#27;[90m# StepDefinitions.Tree.nothing_happens_to_the_editor_page_and_no_error_message_is_displayed()&amp#27;[0m
[INFO ] 2024-12-17 12:26:52.092 [TestNG-PoolService-1] Hooks - ======================  Test Execution is completed!! ======================
]]></system-out>
  </testcase>
  <testcase name="runScenario[&quot;Try Here Editor page with empty code&quot;, &quot;Tree&quot;](209)" classname="TestRunners.TestRunner" time="2.07">
    <failure message="element not interactable&#10;  (Session info: chrome=131.0.6778.140)&#10;Build info: version: &apos;4.26.0&apos;, revision: &apos;8ccf0219d7&apos;&#10;System info: os.name: &apos;Windows 11&apos;, os.arch: &apos;amd64&apos;, os.version: &apos;10.0&apos;, java.version: &apos;21.0.5&apos;&#10;Driver info: org.openqa.selenium.chrome.ChromeDriver&#10;Command: [1bfa32b33a4939555717be38ee318894, sendKeysToElement {value=[Ljava.lang.CharSequence;@f9c2a8d, id=f.E54E8373FF167478273217182CAD18F0.d.2A804745E3AF8F3BF6934A894A52701F.e.57}]&#10;Capabilities {acceptInsecureCerts: false, browserName: chrome, browserVersion: 131.0.6778.140, chrome: {chromedriverVersion: 131.0.6778.108 (3b014839fbc..., userDataDir: C:\Users\vamsh\AppData\Loca...}, fedcm:accounts: true, goog:chromeOptions: {debuggerAddress: localhost:49210}, networkConnectionEnabled: false, pageLoadStrategy: normal, platformName: windows, proxy: Proxy(), se:cdp: ws://localhost:49210/devtoo..., se:cdpVersion: 131.0.6778.140, setWindowRect: true, strictFileInteractability: false, timeouts: {implicit: 0, pageLoad: 300000, script: 30000}, unhandledPromptBehavior: dismiss and notify, webauthn:extension:credBlob: true, webauthn:extension:largeBlob: true, webauthn:extension:minPinLength: true, webauthn:extension:prf: true, webauthn:virtualAuthenticators: true}&#10;Element: [[ChromeDriver: chrome on windows (1bfa32b33a4939555717be38ee318894)] -&gt; css selector: .CodeMirror textarea]&#10;Session ID: 1bfa32b33a4939555717be38ee318894" type="org.openqa.selenium.ElementNotInteractableException"><![CDATA[org.openqa.selenium.ElementNotInteractableException: 
element not interactable
  (Session info: chrome=131.0.6778.140)
Build info: version: '4.26.0', revision: '8ccf0219d7'
System info: os.name: 'Windows 11', os.arch: 'amd64', os.version: '10.0', java.version: '21.0.5'
Driver info: org.openqa.selenium.chrome.ChromeDriver
Command: [1bfa32b33a4939555717be38ee318894, sendKeysToElement {value=[Ljava.lang.CharSequence;@f9c2a8d, id=f.E54E8373FF167478273217182CAD18F0.d.2A804745E3AF8F3BF6934A894A52701F.e.57}]
Capabilities {acceptInsecureCerts: false, browserName: chrome, browserVersion: 131.0.6778.140, chrome: {chromedriverVersion: 131.0.6778.108 (3b014839fbc..., userDataDir: C:\Users\vamsh\AppData\Loca...}, fedcm:accounts: true, goog:chromeOptions: {debuggerAddress: localhost:49210}, networkConnectionEnabled: false, pageLoadStrategy: normal, platformName: windows, proxy: Proxy(), se:cdp: ws://localhost:49210/devtoo..., se:cdpVersion: 131.0.6778.140, setWindowRect: true, strictFileInteractability: false, timeouts: {implicit: 0, pageLoad: 300000, script: 30000}, unhandledPromptBehavior: dismiss and notify, webauthn:extension:credBlob: true, webauthn:extension:largeBlob: true, webauthn:extension:minPinLength: true, webauthn:extension:prf: true, webauthn:virtualAuthenticators: true}
Element: [[ChromeDriver: chrome on windows (1bfa32b33a4939555717be38ee318894)] -> css selector: .CodeMirror textarea]
Session ID: 1bfa32b33a4939555717be38ee318894
]]></failure>
    <system-out><![CDATA[
Scenario: Try Here Editor page with invalid data                        &amp#27;[90m# src/test/resources/Features/Tree.feature:368&amp#27;[0m
  &amp#27;[32mGiven &amp#27;[0m&amp#27;[32mThe user is on the editor page of Binary Search Trees page&amp#27;[0m           &amp#27;[90m# StepDefinitions.Tree.the_user_is_on_the_editor_page_of_binary_search_trees_page()&amp#27;[0m
  &amp#27;[31mWhen &amp#27;[0m&amp#27;[31mThe user writes no code inside editor window and clicks on Run button&amp#27;[0m &amp#27;[90m# StepDefinitions.Tree.the_user_writes_no_code_inside_editor_window_and_clicks_on_run_button()&amp#27;[0m
      &amp#27;[31morg.openqa.selenium.ElementNotInteractableException: element not interactable
  (Session info: chrome=131.0.6778.140)
Build info: version: '4.26.0', revision: '8ccf0219d7'
System info: os.name: 'Windows 11', os.arch: 'amd64', os.version: '10.0', java.version: '21.0.5'
Driver info: org.openqa.selenium.chrome.ChromeDriver
Command: [1bfa32b33a4939555717be38ee318894, sendKeysToElement {value=[Ljava.lang.CharSequence;@f9c2a8d, id=f.E54E8373FF167478273217182CAD18F0.d.2A804745E3AF8F3BF6934A894A52701F.e.57}]
Capabilities {acceptInsecureCerts: false, browserName: chrome, browserVersion: 131.0.6778.140, chrome: {chromedriverVersion: 131.0.6778.108 (3b014839fbc..., userDataDir: C:\Users\vamsh\AppData\Loca...}, fedcm:accounts: true, goog:chromeOptions: {debuggerAddress: localhost:49210}, networkConnectionEnabled: false, pageLoadStrategy: normal, platformName: windows, proxy: Proxy(), se:cdp: ws://localhost:49210/devtoo..., se:cdpVersion: 131.0.6778.140, setWindowRect: true, strictFileInteractability: false, timeouts: {implicit: 0, pageLoad: 300000, script: 30000}, unhandledPromptBehavior: dismiss and notify, webauthn:extension:credBlob: true, webauthn:extension:largeBlob: true, webauthn:extension:minPinLength: true, webauthn:extension:prf: true, webauthn:virtualAuthenticators: true}
Element: [[ChromeDriver: chrome on windows (1bfa32b33a4939555717be38ee318894)] -> css selector: .CodeMirror textarea]
Session ID: 1bfa32b33a4939555717be38ee318894
	at java.base/jdk.internal.reflect.DirectConstructorHandleAccessor.newInstance(DirectConstructorHandleAccessor.java:62)
	at java.base/java.lang.reflect.Constructor.newInstanceWithCaller(Constructor.java:502)
	at java.base/java.lang.reflect.Constructor.newInstance(Constructor.java:486)
	at org.openqa.selenium.remote.ErrorCodec.decode(ErrorCodec.java:167)
	at org.openqa.selenium.remote.codec.w3c.W3CHttpResponseCodec.decode(W3CHttpResponseCodec.java:138)
	at org.openqa.selenium.remote.codec.w3c.W3CHttpResponseCodec.decode(W3CHttpResponseCodec.java:50)
	at org.openqa.selenium.remote.HttpCommandExecutor.execute(HttpCommandExecutor.java:190)
	at org.openqa.selenium.remote.service.DriverCommandExecutor.invokeExecute(DriverCommandExecutor.java:216)
	at org.openqa.selenium.remote.service.DriverCommandExecutor.execute(DriverCommandExecutor.java:174)
	at org.openqa.selenium.remote.RemoteWebDriver.execute(RemoteWebDriver.java:545)
	at org.openqa.selenium.remote.RemoteWebElement.execute(RemoteWebElement.java:223)
	at org.openqa.selenium.remote.RemoteWebElement.sendKeys(RemoteWebElement.java:110)
	at PageObjects.TreePage.writeInTryEditorWindow(TreePage.java:251)
	at StepDefinitions.Tree.the_user_writes_no_code_inside_editor_window_and_clicks_on_run_button(Tree.java:80)
	at ✽.The user writes no code inside editor window and clicks on Run button(file:///C:/Projects/newFolder-3/Repo1/src/test/resources/Features/Tree.feature:359)
&amp#27;[0m
  &amp#27;[36mThen &amp#27;[0m&amp#27;[36mNothing happens to the Editor page and no error message is displayed&amp#27;[0m  &amp#27;[90m# StepDefinitions.Tree.nothing_happens_to_the_editor_page_and_no_error_message_is_displayed()&amp#27;[0m
[ERROR] 2024-12-17 11:56:29.007 [TestNG-PoolService-2] Hooks - ======================  TEST CASE FAILED !! ======================

    Embedding screenshot [image/png 7853 bytes]

[INFO ] 2024-12-17 11:56:29.220 [TestNG-PoolService-2] Hooks - ======================  Screenshot is captured  ======================
[INFO ] 2024-12-17 11:56:29.222 [TestNG-PoolService-2] Hooks - ======================  Test Execution is completed!! ======================
]]></system-out>
    <system-err><![CDATA[Dec 17, 2024 11:56:29 AM org.openqa.selenium.devtools.CdpVersionFinder findNearestMatch
WARNING: Unable to find an exact match for CDP version 131, returning the closest version; found: 130; Please update to a Selenium version that supports CDP version 131
]]></system-err>
  </testcase>
  <testcase name="runScenario[&quot;Try Here Editor page with empty code&quot;, &quot;Tree&quot;](209)" classname="TestRunners.TestRunner" time="0.477">
    <system-out><![CDATA[
Scenario: Try Here Editor page with invalid data                        &amp#27;[90m# src/test/resources/Features/Tree.feature:368&amp#27;[0m
]]></system-out>
  </testcase>
  <testcase name="runScenario[&quot;Try Here Editor page with valid data&quot;, &quot;Tree&quot;](210)" classname="TestRunners.TestRunner" time="2.844">
    <failure message="element not interactable&#10;  (Session info: chrome=131.0.6778.140)&#10;Build info: version: &apos;4.26.0&apos;, revision: &apos;8ccf0219d7&apos;&#10;System info: os.name: &apos;Windows 11&apos;, os.arch: &apos;amd64&apos;, os.version: &apos;10.0&apos;, java.version: &apos;21.0.5&apos;&#10;Driver info: org.openqa.selenium.chrome.ChromeDriver&#10;Command: [c767f6c713dd419be00874d25f8df01d, sendKeysToElement {value=[Ljava.lang.CharSequence;@2021a507, id=f.AFFA5FD515C7844D2BB02812D02E3D37.d.92A13FBEDD1D11F528B842265C12914F.e.50}]&#10;Capabilities {acceptInsecureCerts: false, browserName: chrome, browserVersion: 131.0.6778.140, chrome: {chromedriverVersion: 131.0.6778.108 (3b014839fbc..., userDataDir: C:\Users\vamsh\AppData\Loca...}, fedcm:accounts: true, goog:chromeOptions: {debuggerAddress: localhost:49277}, networkConnectionEnabled: false, pageLoadStrategy: normal, platformName: windows, proxy: Proxy(), se:cdp: ws://localhost:49277/devtoo..., se:cdpVersion: 131.0.6778.140, setWindowRect: true, strictFileInteractability: false, timeouts: {implicit: 0, pageLoad: 300000, script: 30000}, unhandledPromptBehavior: dismiss and notify, webauthn:extension:credBlob: true, webauthn:extension:largeBlob: true, webauthn:extension:minPinLength: true, webauthn:extension:prf: true, webauthn:virtualAuthenticators: true}&#10;Element: [[ChromeDriver: chrome on windows (c767f6c713dd419be00874d25f8df01d)] -&gt; css selector: .CodeMirror textarea]&#10;Session ID: c767f6c713dd419be00874d25f8df01d" type="org.openqa.selenium.ElementNotInteractableException"><![CDATA[org.openqa.selenium.ElementNotInteractableException: 
element not interactable
  (Session info: chrome=131.0.6778.140)
Build info: version: '4.26.0', revision: '8ccf0219d7'
System info: os.name: 'Windows 11', os.arch: 'amd64', os.version: '10.0', java.version: '21.0.5'
Driver info: org.openqa.selenium.chrome.ChromeDriver
Command: [c767f6c713dd419be00874d25f8df01d, sendKeysToElement {value=[Ljava.lang.CharSequence;@2021a507, id=f.AFFA5FD515C7844D2BB02812D02E3D37.d.92A13FBEDD1D11F528B842265C12914F.e.50}]
Capabilities {acceptInsecureCerts: false, browserName: chrome, browserVersion: 131.0.6778.140, chrome: {chromedriverVersion: 131.0.6778.108 (3b014839fbc..., userDataDir: C:\Users\vamsh\AppData\Loca...}, fedcm:accounts: true, goog:chromeOptions: {debuggerAddress: localhost:49277}, networkConnectionEnabled: false, pageLoadStrategy: normal, platformName: windows, proxy: Proxy(), se:cdp: ws://localhost:49277/devtoo..., se:cdpVersion: 131.0.6778.140, setWindowRect: true, strictFileInteractability: false, timeouts: {implicit: 0, pageLoad: 300000, script: 30000}, unhandledPromptBehavior: dismiss and notify, webauthn:extension:credBlob: true, webauthn:extension:largeBlob: true, webauthn:extension:minPinLength: true, webauthn:extension:prf: true, webauthn:virtualAuthenticators: true}
Element: [[ChromeDriver: chrome on windows (c767f6c713dd419be00874d25f8df01d)] -> css selector: .CodeMirror textarea]
Session ID: c767f6c713dd419be00874d25f8df01d
]]></failure>
    <system-out><![CDATA[
Scenario: Binary Search Trees                                &amp#27;[90m# src/test/resources/Features/Tree.feature:374&amp#27;[0m
  &amp#27;[32mGiven &amp#27;[0m&amp#27;[32mThe user is on the DS Introduction page as signedIn&amp#27;[0m           &amp#27;[90m# StepDefinitions.DSIntroductionDetails.the_user_is_on_the_ds_introduction_page_as_signed_in()&amp#27;[0m
  &amp#27;[32mAnd &amp#27;[0m&amp#27;[32mUser clicks on Get Started button from Tree panel&amp#27;[0m               &amp#27;[90m# StepDefinitions.Tree.user_clicks_on_get_started_button_from_tree_panel()&amp#27;[0m
  &amp#27;[32mGiven &amp#27;[0m&amp#27;[32mThe user is on the editor page of Binary Search Trees page&amp#27;[0m    &amp#27;[90m# StepDefinitions.Tree.the_user_is_on_the_editor_page_of_binary_search_trees_page()&amp#27;[0m
  &amp#27;[32mGiven &amp#27;[0m&amp#27;[32mThe user is on the DS Introduction page as signedIn&amp#27;[0m             &amp#27;[90m# StepDefinitions.DSIntroductionDetails.the_user_is_on_the_ds_introduction_page_as_signed_in()&amp#27;[0m
  &amp#27;[31mWhen &amp#27;[0m&amp#27;[31mThe user writes the valid python code and clicks on Run button&amp#27;[0m &amp#27;[90m# StepDefinitions.Tree.the_user_writes_the_valid_python_code_and_clicks_on_run_button()&amp#27;[0m
      &amp#27;[31morg.openqa.selenium.ElementNotInteractableException: element not interactable
  (Session info: chrome=131.0.6778.140)
Build info: version: '4.26.0', revision: '8ccf0219d7'
System info: os.name: 'Windows 11', os.arch: 'amd64', os.version: '10.0', java.version: '21.0.5'
Driver info: org.openqa.selenium.chrome.ChromeDriver
Command: [c767f6c713dd419be00874d25f8df01d, sendKeysToElement {value=[Ljava.lang.CharSequence;@2021a507, id=f.AFFA5FD515C7844D2BB02812D02E3D37.d.92A13FBEDD1D11F528B842265C12914F.e.50}]
Capabilities {acceptInsecureCerts: false, browserName: chrome, browserVersion: 131.0.6778.140, chrome: {chromedriverVersion: 131.0.6778.108 (3b014839fbc..., userDataDir: C:\Users\vamsh\AppData\Loca...}, fedcm:accounts: true, goog:chromeOptions: {debuggerAddress: localhost:49277}, networkConnectionEnabled: false, pageLoadStrategy: normal, platformName: windows, proxy: Proxy(), se:cdp: ws://localhost:49277/devtoo..., se:cdpVersion: 131.0.6778.140, setWindowRect: true, strictFileInteractability: false, timeouts: {implicit: 0, pageLoad: 300000, script: 30000}, unhandledPromptBehavior: dismiss and notify, webauthn:extension:credBlob: true, webauthn:extension:largeBlob: true, webauthn:extension:minPinLength: true, webauthn:extension:prf: true, webauthn:virtualAuthenticators: true}
Element: [[ChromeDriver: chrome on windows (c767f6c713dd419be00874d25f8df01d)] -> css selector: .CodeMirror textarea]
Session ID: c767f6c713dd419be00874d25f8df01d
	at java.base/jdk.internal.reflect.DirectConstructorHandleAccessor.newInstance(DirectConstructorHandleAccessor.java:62)
	at java.base/java.lang.reflect.Constructor.newInstanceWithCaller(Constructor.java:502)
	at java.base/java.lang.reflect.Constructor.newInstance(Constructor.java:486)
	at org.openqa.selenium.remote.ErrorCodec.decode(ErrorCodec.java:167)
	at org.openqa.selenium.remote.codec.w3c.W3CHttpResponseCodec.decode(W3CHttpResponseCodec.java:138)
	at org.openqa.selenium.remote.codec.w3c.W3CHttpResponseCodec.decode(W3CHttpResponseCodec.java:50)
	at org.openqa.selenium.remote.HttpCommandExecutor.execute(HttpCommandExecutor.java:190)
	at org.openqa.selenium.remote.service.DriverCommandExecutor.invokeExecute(DriverCommandExecutor.java:216)
	at org.openqa.selenium.remote.service.DriverCommandExecutor.execute(DriverCommandExecutor.java:174)
	at org.openqa.selenium.remote.RemoteWebDriver.execute(RemoteWebDriver.java:545)
	at org.openqa.selenium.remote.RemoteWebElement.execute(RemoteWebElement.java:223)
	at org.openqa.selenium.remote.RemoteWebElement.sendKeys(RemoteWebElement.java:110)
	at PageObjects.TreePage.writeInTryEditorWindow(TreePage.java:251)
	at StepDefinitions.Tree.the_user_writes_the_valid_python_code_and_clicks_on_run_button(Tree.java:93)
	at ✽.The user writes the valid python code and clicks on Run button(file:///C:/Projects/newFolder-3/Repo1/src/test/resources/Features/Tree.feature:365)
&amp#27;[0m
  &amp#27;[36mThen &amp#27;[0m&amp#27;[36mThe user is able to see the output inside the console.&amp#27;[0m         &amp#27;[90m# StepDefinitions.Tree.the_user_is_able_to_see_the_output_inside_the_console()&amp#27;[0m
[ERROR] 2024-12-17 11:56:32.148 [TestNG-PoolService-1] Hooks - ======================  TEST CASE FAILED !! ======================

    Embedding screenshot [image/png 7853 bytes]

[INFO ] 2024-12-17 11:56:32.308 [TestNG-PoolService-1] Hooks - ======================  Screenshot is captured  ======================
[INFO ] 2024-12-17 11:56:32.312 [TestNG-PoolService-1] Hooks - ======================  Test Execution is completed!! ======================
  &amp#27;[32mAnd &amp#27;[0m&amp#27;[32mUser clicks on Get Started button from Tree panel&amp#27;[0m                 &amp#27;[90m# StepDefinitions.Tree.user_clicks_on_get_started_button_from_tree_panel()&amp#27;[0m
]]></system-out>
    <system-err><![CDATA[Dec 17, 2024 11:56:31 AM org.openqa.selenium.devtools.CdpVersionFinder findNearestMatch
WARNING: Unable to find an exact match for CDP version 131, returning the closest version; found: 130; Please update to a Selenium version that supports CDP version 131
]]></system-err>
  </testcase>
  <testcase name="runScenario[&quot;Try Here Editor page with valid data&quot;, &quot;Tree&quot;](210)" classname="TestRunners.TestRunner" time="8.863">
    <failure message="element not interactable&#10;  (Session info: MicrosoftEdge=131.0.2903.99)&#10;Build info: version: &apos;4.26.0&apos;, revision: &apos;8ccf0219d7&apos;&#10;System info: os.name: &apos;Windows 11&apos;, os.arch: &apos;amd64&apos;, os.version: &apos;10.0&apos;, java.version: &apos;21.0.5&apos;&#10;Driver info: org.openqa.selenium.edge.EdgeDriver&#10;Command: [e8666f5126f2c1aad620b0084e4070e0, sendKeysToElement {value=[Ljava.lang.CharSequence;@40949547, id=f.DC171B025CE9C451A656420C5E628909.d.A3227037596605DE74291058BAEA8E80.e.40}]&#10;Capabilities {acceptInsecureCerts: false, browserName: MicrosoftEdge, browserVersion: 131.0.2903.99, fedcm:accounts: true, ms:edgeOptions: {debuggerAddress: localhost:62697}, msedge: {msedgedriverVersion: 131.0.2903.99 (f96a870b1316..., userDataDir: C:\Users\vamsh\AppData\Loca...}, networkConnectionEnabled: false, pageLoadStrategy: normal, platformName: windows, proxy: Proxy(), se:cdp: ws://localhost:62697/devtoo..., se:cdpVersion: 131.0.2903.99, setWindowRect: true, strictFileInteractability: false, timeouts: {implicit: 0, pageLoad: 300000, script: 30000}, unhandledPromptBehavior: dismiss and notify, webauthn:extension:credBlob: true, webauthn:extension:largeBlob: true, webauthn:extension:minPinLength: true, webauthn:extension:prf: true, webauthn:virtualAuthenticators: true}&#10;Element: [[EdgeDriver: MicrosoftEdge on windows (e8666f5126f2c1aad620b0084e4070e0)] -&gt; css selector: .CodeMirror textarea]&#10;Session ID: e8666f5126f2c1aad620b0084e4070e0" type="org.openqa.selenium.ElementNotInteractableException"><![CDATA[org.openqa.selenium.ElementNotInteractableException: 
element not interactable
  (Session info: MicrosoftEdge=131.0.2903.99)
Build info: version: '4.26.0', revision: '8ccf0219d7'
System info: os.name: 'Windows 11', os.arch: 'amd64', os.version: '10.0', java.version: '21.0.5'
Driver info: org.openqa.selenium.edge.EdgeDriver
Command: [e8666f5126f2c1aad620b0084e4070e0, sendKeysToElement {value=[Ljava.lang.CharSequence;@40949547, id=f.DC171B025CE9C451A656420C5E628909.d.A3227037596605DE74291058BAEA8E80.e.40}]
Capabilities {acceptInsecureCerts: false, browserName: MicrosoftEdge, browserVersion: 131.0.2903.99, fedcm:accounts: true, ms:edgeOptions: {debuggerAddress: localhost:62697}, msedge: {msedgedriverVersion: 131.0.2903.99 (f96a870b1316..., userDataDir: C:\Users\vamsh\AppData\Loca...}, networkConnectionEnabled: false, pageLoadStrategy: normal, platformName: windows, proxy: Proxy(), se:cdp: ws://localhost:62697/devtoo..., se:cdpVersion: 131.0.2903.99, setWindowRect: true, strictFileInteractability: false, timeouts: {implicit: 0, pageLoad: 300000, script: 30000}, unhandledPromptBehavior: dismiss and notify, webauthn:extension:credBlob: true, webauthn:extension:largeBlob: true, webauthn:extension:minPinLength: true, webauthn:extension:prf: true, webauthn:virtualAuthenticators: true}
Element: [[EdgeDriver: MicrosoftEdge on windows (e8666f5126f2c1aad620b0084e4070e0)] -> css selector: .CodeMirror textarea]
Session ID: e8666f5126f2c1aad620b0084e4070e0
]]></failure>
    <system-out><![CDATA[
Scenario: Binary Search Trees                                &amp#27;[90m# src/test/resources/Features/Tree.feature:374&amp#27;[0m
  &amp#27;[32mGiven &amp#27;[0m&amp#27;[32mThe user is on the DS Introduction page as signedIn&amp#27;[0m           &amp#27;[90m# StepDefinitions.DSIntroductionDetails.the_user_is_on_the_ds_introduction_page_as_signed_in()&amp#27;[0m
  &amp#27;[32mAnd &amp#27;[0m&amp#27;[32mUser clicks on Get Started button from Tree panel&amp#27;[0m               &amp#27;[90m# StepDefinitions.Tree.user_clicks_on_get_started_button_from_tree_panel()&amp#27;[0m
  &amp#27;[32mGiven &amp#27;[0m&amp#27;[32mThe user is on the DS Introduction page as signedIn&amp#27;[0m             &amp#27;[90m# StepDefinitions.DSIntroductionDetails.the_user_is_on_the_ds_introduction_page_as_signed_in()&amp#27;[0m
  &amp#27;[32mGiven &amp#27;[0m&amp#27;[32mThe user is on the DS Introduction page as signedIn&amp#27;[0m  &amp#27;[90m# StepDefinitions.DSIntroductionDetails.the_user_is_on_the_ds_introduction_page_as_signed_in()&amp#27;[0m
  &amp#27;[32mAnd &amp#27;[0m&amp#27;[32mUser clicks on Get Started button from Tree panel&amp#27;[0m                 &amp#27;[90m# StepDefinitions.Tree.user_clicks_on_get_started_button_from_tree_panel()&amp#27;[0m
  &amp#27;[32mAnd &amp#27;[0m&amp#27;[32mUser clicks on Get Started button from Tree panel&amp#27;[0m      &amp#27;[90m# StepDefinitions.Tree.user_clicks_on_get_started_button_from_tree_panel()&amp#27;[0m
  &amp#27;[32mGiven &amp#27;[0m&amp#27;[32mThe user is on the editor page of Binary Search Trees page&amp#27;[0m    &amp#27;[90m# StepDefinitions.Tree.the_user_is_on_the_editor_page_of_binary_search_trees_page()&amp#27;[0m
  &amp#27;[31mWhen &amp#27;[0m&amp#27;[31mThe user writes the valid python code and clicks on Run button&amp#27;[0m &amp#27;[90m# StepDefinitions.Tree.the_user_writes_the_valid_python_code_and_clicks_on_run_button()&amp#27;[0m
      &amp#27;[31morg.openqa.selenium.ElementNotInteractableException: element not interactable
  (Session info: MicrosoftEdge=131.0.2903.99)
Build info: version: '4.26.0', revision: '8ccf0219d7'
System info: os.name: 'Windows 11', os.arch: 'amd64', os.version: '10.0', java.version: '21.0.5'
Driver info: org.openqa.selenium.edge.EdgeDriver
Command: [e8666f5126f2c1aad620b0084e4070e0, sendKeysToElement {value=[Ljava.lang.CharSequence;@40949547, id=f.DC171B025CE9C451A656420C5E628909.d.A3227037596605DE74291058BAEA8E80.e.40}]
Capabilities {acceptInsecureCerts: false, browserName: MicrosoftEdge, browserVersion: 131.0.2903.99, fedcm:accounts: true, ms:edgeOptions: {debuggerAddress: localhost:62697}, msedge: {msedgedriverVersion: 131.0.2903.99 (f96a870b1316..., userDataDir: C:\Users\vamsh\AppData\Loca...}, networkConnectionEnabled: false, pageLoadStrategy: normal, platformName: windows, proxy: Proxy(), se:cdp: ws://localhost:62697/devtoo..., se:cdpVersion: 131.0.2903.99, setWindowRect: true, strictFileInteractability: false, timeouts: {implicit: 0, pageLoad: 300000, script: 30000}, unhandledPromptBehavior: dismiss and notify, webauthn:extension:credBlob: true, webauthn:extension:largeBlob: true, webauthn:extension:minPinLength: true, webauthn:extension:prf: true, webauthn:virtualAuthenticators: true}
Element: [[EdgeDriver: MicrosoftEdge on windows (e8666f5126f2c1aad620b0084e4070e0)] -> css selector: .CodeMirror textarea]
Session ID: e8666f5126f2c1aad620b0084e4070e0
	at java.base/jdk.internal.reflect.DirectConstructorHandleAccessor.newInstance(DirectConstructorHandleAccessor.java:62)
	at java.base/java.lang.reflect.Constructor.newInstanceWithCaller(Constructor.java:502)
	at java.base/java.lang.reflect.Constructor.newInstance(Constructor.java:486)
	at org.openqa.selenium.remote.ErrorCodec.decode(ErrorCodec.java:167)
	at org.openqa.selenium.remote.codec.w3c.W3CHttpResponseCodec.decode(W3CHttpResponseCodec.java:138)
	at org.openqa.selenium.remote.codec.w3c.W3CHttpResponseCodec.decode(W3CHttpResponseCodec.java:50)
	at org.openqa.selenium.remote.HttpCommandExecutor.execute(HttpCommandExecutor.java:190)
	at org.openqa.selenium.remote.service.DriverCommandExecutor.invokeExecute(DriverCommandExecutor.java:216)
	at org.openqa.selenium.remote.service.DriverCommandExecutor.execute(DriverCommandExecutor.java:174)
	at org.openqa.selenium.remote.RemoteWebDriver.execute(RemoteWebDriver.java:545)
	at org.openqa.selenium.remote.RemoteWebElement.execute(RemoteWebElement.java:223)
	at org.openqa.selenium.remote.RemoteWebElement.sendKeys(RemoteWebElement.java:110)
	at PageObjects.TreePage.writeInTryEditorWindow(TreePage.java:251)
	at StepDefinitions.Tree.the_user_writes_the_valid_python_code_and_clicks_on_run_button(Tree.java:93)
	at ✽.The user writes the valid python code and clicks on Run button(file:///C:/Projects/newFolder-3/Repo1/src/test/resources/Features/Tree.feature:365)
&amp#27;[0m
  &amp#27;[36mThen &amp#27;[0m&amp#27;[36mThe user is able to see the output inside the console.&amp#27;[0m         &amp#27;[90m# StepDefinitions.Tree.the_user_is_able_to_see_the_output_inside_the_console()&amp#27;[0m
[ERROR] 2024-12-17 12:27:00.809 [TestNG-PoolService-2] Hooks - ======================  TEST CASE FAILED !! ======================

    Embedding screenshot [image/png 7890 bytes]

[INFO ] 2024-12-17 12:27:00.955 [TestNG-PoolService-2] Hooks - ======================  Screenshot is captured  ======================
[INFO ] 2024-12-17 12:27:00.955 [TestNG-PoolService-2] Hooks - ======================  Test Execution is completed!! ======================
  &amp#27;[32mGiven &amp#27;[0m&amp#27;[32mThe user is on the Binary Search Trees page&amp#27;[0m          &amp#27;[90m# StepDefinitions.Tree.the_user_is_on_the_binary_search_trees_page()&amp#27;[0m
  &amp#27;[32mWhen &amp#27;[0m&amp#27;[32mThe user clicks Implementation Of BST link&amp#27;[0m            &amp#27;[90m# StepDefinitions.Tree.the_user_clicks_implementation_of_bst_link()&amp#27;[0m
  &amp#27;[32mThen &amp#27;[0m&amp#27;[32mThe user is redirected to Implementation Of BST page.&amp#27;[0m &amp#27;[90m# StepDefinitions.Tree.the_user_is_redirected_to_implementation_of_bst_page()&amp#27;[0m
[INFO ] 2024-12-17 12:27:01.377 [TestNG-PoolService-1] Hooks - ======================  Test Execution is completed!! ======================
  &amp#27;[32mGiven &amp#27;[0m&amp#27;[32mThe user is on the editor page of Binary Search Trees page&amp#27;[0m      &amp#27;[90m# StepDefinitions.Tree.the_user_is_on_the_editor_page_of_binary_search_trees_page()&amp#27;[0m
  &amp#27;[32mWhen &amp#27;[0m&amp#27;[32mThe user writes the invalid python code and clicks on Run button&amp#27;[0m &amp#27;[90m# StepDefinitions.Tree.the_user_writes_the_invalid_python_code_and_clicks_on_run_button()&amp#27;[0m
  &amp#27;[32mThen &amp#27;[0m&amp#27;[32mThe user see error msg in alert window&amp#27;[0m                           &amp#27;[90m# StepDefinitions.Tree.the_user_see_error_msg_in_alert_window()&amp#27;[0m
[INFO ] 2024-12-17 12:27:01.929 [TestNG-PoolService-3] Hooks - ======================  Test Execution is completed!! ======================
]]></system-out>
    <system-err><![CDATA[Dec 17, 2024 12:26:54 PM org.openqa.selenium.devtools.CdpVersionFinder findNearestMatch
WARNING: Unable to find an exact match for CDP version 131, returning the closest version; found: 130; Please update to a Selenium version that supports CDP version 131
Dec 17, 2024 12:26:56 PM org.openqa.selenium.devtools.CdpVersionFinder findNearestMatch
WARNING: Unable to find an exact match for CDP version 131, returning the closest version; found: 130; Please update to a Selenium version that supports CDP version 131
Dec 17, 2024 12:26:56 PM org.openqa.selenium.devtools.CdpVersionFinder findNearestMatch
WARNING: Unable to find an exact match for CDP version 131, returning the closest version; found: 130; Please update to a Selenium version that supports CDP version 131
]]></system-err>
  </testcase>
  <testcase name="runScenario[&quot;Try Here Editor page with invalid data&quot;, &quot;Tree&quot;](211)" classname="TestRunners.TestRunner" time="2.205">
    <failure message="element not interactable&#10;  (Session info: chrome=131.0.6778.140)&#10;Build info: version: &apos;4.26.0&apos;, revision: &apos;8ccf0219d7&apos;&#10;System info: os.name: &apos;Windows 11&apos;, os.arch: &apos;amd64&apos;, os.version: &apos;10.0&apos;, java.version: &apos;21.0.5&apos;&#10;Driver info: org.openqa.selenium.chrome.ChromeDriver&#10;Command: [321a9cb0e808180e5d6d50d45dfb77e9, sendKeysToElement {value=[Ljava.lang.CharSequence;@72d1a38b, id=f.B5F5C0B257AD37203062603A886AF805.d.53393C8FF16CEB5FC3F7D5761F161005.e.51}]&#10;Capabilities {acceptInsecureCerts: false, browserName: chrome, browserVersion: 131.0.6778.140, chrome: {chromedriverVersion: 131.0.6778.108 (3b014839fbc..., userDataDir: C:\Users\vamsh\AppData\Loca...}, fedcm:accounts: true, goog:chromeOptions: {debuggerAddress: localhost:49339}, networkConnectionEnabled: false, pageLoadStrategy: normal, platformName: windows, proxy: Proxy(), se:cdp: ws://localhost:49339/devtoo..., se:cdpVersion: 131.0.6778.140, setWindowRect: true, strictFileInteractability: false, timeouts: {implicit: 0, pageLoad: 300000, script: 30000}, unhandledPromptBehavior: dismiss and notify, webauthn:extension:credBlob: true, webauthn:extension:largeBlob: true, webauthn:extension:minPinLength: true, webauthn:extension:prf: true, webauthn:virtualAuthenticators: true}&#10;Element: [[ChromeDriver: chrome on windows (321a9cb0e808180e5d6d50d45dfb77e9)] -&gt; css selector: .CodeMirror textarea]&#10;Session ID: 321a9cb0e808180e5d6d50d45dfb77e9" type="org.openqa.selenium.ElementNotInteractableException"><![CDATA[org.openqa.selenium.ElementNotInteractableException: 
element not interactable
  (Session info: chrome=131.0.6778.140)
Build info: version: '4.26.0', revision: '8ccf0219d7'
System info: os.name: 'Windows 11', os.arch: 'amd64', os.version: '10.0', java.version: '21.0.5'
Driver info: org.openqa.selenium.chrome.ChromeDriver
Command: [321a9cb0e808180e5d6d50d45dfb77e9, sendKeysToElement {value=[Ljava.lang.CharSequence;@72d1a38b, id=f.B5F5C0B257AD37203062603A886AF805.d.53393C8FF16CEB5FC3F7D5761F161005.e.51}]
Capabilities {acceptInsecureCerts: false, browserName: chrome, browserVersion: 131.0.6778.140, chrome: {chromedriverVersion: 131.0.6778.108 (3b014839fbc..., userDataDir: C:\Users\vamsh\AppData\Loca...}, fedcm:accounts: true, goog:chromeOptions: {debuggerAddress: localhost:49339}, networkConnectionEnabled: false, pageLoadStrategy: normal, platformName: windows, proxy: Proxy(), se:cdp: ws://localhost:49339/devtoo..., se:cdpVersion: 131.0.6778.140, setWindowRect: true, strictFileInteractability: false, timeouts: {implicit: 0, pageLoad: 300000, script: 30000}, unhandledPromptBehavior: dismiss and notify, webauthn:extension:credBlob: true, webauthn:extension:largeBlob: true, webauthn:extension:minPinLength: true, webauthn:extension:prf: true, webauthn:virtualAuthenticators: true}
Element: [[ChromeDriver: chrome on windows (321a9cb0e808180e5d6d50d45dfb77e9)] -> css selector: .CodeMirror textarea]
Session ID: 321a9cb0e808180e5d6d50d45dfb77e9
]]></failure>
    <system-out><![CDATA[
Scenario: Implementation Of BST                                      &amp#27;[90m# src/test/resources/Features/Tree.feature:381&amp#27;[0m
  &amp#27;[32mGiven &amp#27;[0m&amp#27;[32mThe user is on the DS Introduction page as signedIn&amp#27;[0m  &amp#27;[90m# StepDefinitions.DSIntroductionDetails.the_user_is_on_the_ds_introduction_page_as_signed_in()&amp#27;[0m
  &amp#27;[32mGiven &amp#27;[0m&amp#27;[32mThe user is on the editor page of Binary Search Trees page&amp#27;[0m      &amp#27;[90m# StepDefinitions.Tree.the_user_is_on_the_editor_page_of_binary_search_trees_page()&amp#27;[0m
  &amp#27;[31mWhen &amp#27;[0m&amp#27;[31mThe user writes the invalid python code and clicks on Run button&amp#27;[0m &amp#27;[90m# StepDefinitions.Tree.the_user_writes_the_invalid_python_code_and_clicks_on_run_button()&amp#27;[0m
      &amp#27;[31morg.openqa.selenium.ElementNotInteractableException: element not interactable
  (Session info: chrome=131.0.6778.140)
Build info: version: '4.26.0', revision: '8ccf0219d7'
System info: os.name: 'Windows 11', os.arch: 'amd64', os.version: '10.0', java.version: '21.0.5'
Driver info: org.openqa.selenium.chrome.ChromeDriver
Command: [321a9cb0e808180e5d6d50d45dfb77e9, sendKeysToElement {value=[Ljava.lang.CharSequence;@72d1a38b, id=f.B5F5C0B257AD37203062603A886AF805.d.53393C8FF16CEB5FC3F7D5761F161005.e.51}]
Capabilities {acceptInsecureCerts: false, browserName: chrome, browserVersion: 131.0.6778.140, chrome: {chromedriverVersion: 131.0.6778.108 (3b014839fbc..., userDataDir: C:\Users\vamsh\AppData\Loca...}, fedcm:accounts: true, goog:chromeOptions: {debuggerAddress: localhost:49339}, networkConnectionEnabled: false, pageLoadStrategy: normal, platformName: windows, proxy: Proxy(), se:cdp: ws://localhost:49339/devtoo..., se:cdpVersion: 131.0.6778.140, setWindowRect: true, strictFileInteractability: false, timeouts: {implicit: 0, pageLoad: 300000, script: 30000}, unhandledPromptBehavior: dismiss and notify, webauthn:extension:credBlob: true, webauthn:extension:largeBlob: true, webauthn:extension:minPinLength: true, webauthn:extension:prf: true, webauthn:virtualAuthenticators: true}
Element: [[ChromeDriver: chrome on windows (321a9cb0e808180e5d6d50d45dfb77e9)] -> css selector: .CodeMirror textarea]
Session ID: 321a9cb0e808180e5d6d50d45dfb77e9
	at java.base/jdk.internal.reflect.DirectConstructorHandleAccessor.newInstance(DirectConstructorHandleAccessor.java:62)
	at java.base/java.lang.reflect.Constructor.newInstanceWithCaller(Constructor.java:502)
	at java.base/java.lang.reflect.Constructor.newInstance(Constructor.java:486)
	at org.openqa.selenium.remote.ErrorCodec.decode(ErrorCodec.java:167)
	at org.openqa.selenium.remote.codec.w3c.W3CHttpResponseCodec.decode(W3CHttpResponseCodec.java:138)
	at org.openqa.selenium.remote.codec.w3c.W3CHttpResponseCodec.decode(W3CHttpResponseCodec.java:50)
	at org.openqa.selenium.remote.HttpCommandExecutor.execute(HttpCommandExecutor.java:190)
	at org.openqa.selenium.remote.service.DriverCommandExecutor.invokeExecute(DriverCommandExecutor.java:216)
	at org.openqa.selenium.remote.service.DriverCommandExecutor.execute(DriverCommandExecutor.java:174)
	at org.openqa.selenium.remote.RemoteWebDriver.execute(RemoteWebDriver.java:545)
	at org.openqa.selenium.remote.RemoteWebElement.execute(RemoteWebElement.java:223)
	at org.openqa.selenium.remote.RemoteWebElement.sendKeys(RemoteWebElement.java:110)
	at PageObjects.TreePage.writeInTryEditorWindow(TreePage.java:251)
	at StepDefinitions.Tree.the_user_writes_the_invalid_python_code_and_clicks_on_run_button(Tree.java:106)
	at ✽.The user writes the invalid python code and clicks on Run button(file:///C:/Projects/newFolder-3/Repo1/src/test/resources/Features/Tree.feature:371)
&amp#27;[0m
  &amp#27;[36mThen &amp#27;[0m&amp#27;[36mThe user see error msg in alert window&amp#27;[0m                           &amp#27;[90m# StepDefinitions.Tree.the_user_see_error_msg_in_alert_window()&amp#27;[0m
[ERROR] 2024-12-17 11:56:34.356 [TestNG-PoolService-3] Hooks - ======================  TEST CASE FAILED !! ======================
  &amp#27;[32mAnd &amp#27;[0m&amp#27;[32mUser clicks on Get Started button from Tree panel&amp#27;[0m      &amp#27;[90m# StepDefinitions.Tree.user_clicks_on_get_started_button_from_tree_panel()&amp#27;[0m

    Embedding screenshot [image/png 7853 bytes]

[INFO ] 2024-12-17 11:56:34.564 [TestNG-PoolService-3] Hooks - ======================  Screenshot is captured  ======================
[INFO ] 2024-12-17 11:56:34.569 [TestNG-PoolService-3] Hooks - ======================  Test Execution is completed!! ======================
]]></system-out>
    <system-err><![CDATA[Dec 17, 2024 11:56:34 AM org.openqa.selenium.devtools.CdpVersionFinder findNearestMatch
WARNING: Unable to find an exact match for CDP version 131, returning the closest version; found: 130; Please update to a Selenium version that supports CDP version 131
]]></system-err>
  </testcase>
  <testcase name="runScenario[&quot;Binary Search Trees&quot;, &quot;Tree&quot;](212)" classname="TestRunners.TestRunner" time="1.263">
    <system-out><![CDATA[
Scenario: Try Here Editor page with empty code                               &amp#27;[90m# src/test/resources/Features/Tree.feature:387&amp#27;[0m
  &amp#27;[32mGiven &amp#27;[0m&amp#27;[32mThe user is on the Binary Search Trees page&amp#27;[0m          &amp#27;[90m# StepDefinitions.Tree.the_user_is_on_the_binary_search_trees_page()&amp#27;[0m
  &amp#27;[32mWhen &amp#27;[0m&amp#27;[32mThe user clicks Implementation Of BST link&amp#27;[0m            &amp#27;[90m# StepDefinitions.Tree.the_user_clicks_implementation_of_bst_link()&amp#27;[0m
  &amp#27;[32mThen &amp#27;[0m&amp#27;[32mThe user is redirected to Implementation Of BST page.&amp#27;[0m &amp#27;[90m# StepDefinitions.Tree.the_user_is_redirected_to_implementation_of_bst_page()&amp#27;[0m
[INFO ] 2024-12-17 11:56:35.598 [TestNG-PoolService-2] Hooks - ======================  Test Execution is completed!! ======================
]]></system-out>
  </testcase>
  <testcase name="runScenario[&quot;Implementation Of BST&quot;, &quot;Tree&quot;](213)" classname="TestRunners.TestRunner" time="2.956">
    <system-out><![CDATA[
Scenario: Try Here Editor page with valid data                        &amp#27;[90m# src/test/resources/Features/Tree.feature:393&amp#27;[0m
  &amp#27;[32mGiven &amp#27;[0m&amp#27;[32mThe user is on the DS Introduction page as signedIn&amp#27;[0m          &amp#27;[90m# StepDefinitions.DSIntroductionDetails.the_user_is_on_the_ds_introduction_page_as_signed_in()&amp#27;[0m
  &amp#27;[32mAnd &amp#27;[0m&amp#27;[32mUser clicks on Get Started button from Tree panel&amp#27;[0m              &amp#27;[90m# StepDefinitions.Tree.user_clicks_on_get_started_button_from_tree_panel()&amp#27;[0m
  &amp#27;[32mGiven &amp#27;[0m&amp#27;[32mThe user is on the Implementation Of BST page&amp#27;[0m                &amp#27;[90m# StepDefinitions.Tree.the_user_is_on_the_implementation_of_bst_page()&amp#27;[0m
  &amp#27;[32mWhen &amp#27;[0m&amp#27;[32mThe user clicks Try Here button&amp#27;[0m                               &amp#27;[90m# StepDefinitions.Tree.the_user_clicks_try_here_button()&amp#27;[0m
  &amp#27;[32mThen &amp#27;[0m&amp#27;[32mThe user is redirected to a page having Editor and run button&amp#27;[0m &amp#27;[90m# StepDefinitions.Tree.the_user_is_redirected_to_a_page_having_editor_and_run_button()&amp#27;[0m
[INFO ] 2024-12-17 11:56:38.797 [TestNG-PoolService-1] Hooks - ======================  Test Execution is completed!! ======================
]]></system-out>
    <system-err><![CDATA[Dec 17, 2024 11:56:36 AM org.openqa.selenium.devtools.CdpVersionFinder findNearestMatch
WARNING: Unable to find an exact match for CDP version 131, returning the closest version; found: 130; Please update to a Selenium version that supports CDP version 131
Dec 17, 2024 11:56:37 AM org.openqa.selenium.devtools.CdpVersionFinder findNearestMatch
WARNING: Unable to find an exact match for CDP version 131, returning the closest version; found: 130; Please update to a Selenium version that supports CDP version 131
]]></system-err>
  </testcase>
  <testcase name="runScenario[&quot;Implementation Of BST&quot;, &quot;Tree&quot;](213)" classname="TestRunners.TestRunner" time="9.183">
    <system-out><![CDATA[
Scenario: Try Here Editor page with valid data                        &amp#27;[90m# src/test/resources/Features/Tree.feature:393&amp#27;[0m
  &amp#27;[32mGiven &amp#27;[0m&amp#27;[32mThe user is on the DS Introduction page as signedIn&amp#27;[0m          &amp#27;[90m# StepDefinitions.DSIntroductionDetails.the_user_is_on_the_ds_introduction_page_as_signed_in()&amp#27;[0m
  &amp#27;[32mAnd &amp#27;[0m&amp#27;[32mUser clicks on Get Started button from Tree panel&amp#27;[0m              &amp#27;[90m# StepDefinitions.Tree.user_clicks_on_get_started_button_from_tree_panel()&amp#27;[0m
  &amp#27;[32mGiven &amp#27;[0m&amp#27;[32mThe user is on the DS Introduction page as signedIn&amp#27;[0m           &amp#27;[90m# StepDefinitions.DSIntroductionDetails.the_user_is_on_the_ds_introduction_page_as_signed_in()&amp#27;[0m
  &amp#27;[32mGiven &amp#27;[0m&amp#27;[32mThe user is on the Implementation Of BST page&amp#27;[0m                &amp#27;[90m# StepDefinitions.Tree.the_user_is_on_the_implementation_of_bst_page()&amp#27;[0m
  &amp#27;[32mGiven &amp#27;[0m&amp#27;[32mThe user is on the DS Introduction page as signedIn&amp#27;[0m                  &amp#27;[90m# StepDefinitions.DSIntroductionDetails.the_user_is_on_the_ds_introduction_page_as_signed_in()&amp#27;[0m
  &amp#27;[32mAnd &amp#27;[0m&amp#27;[32mUser clicks on Get Started button from Tree panel&amp#27;[0m               &amp#27;[90m# StepDefinitions.Tree.user_clicks_on_get_started_button_from_tree_panel()&amp#27;[0m
  &amp#27;[32mAnd &amp#27;[0m&amp#27;[32mUser clicks on Get Started button from Tree panel&amp#27;[0m                      &amp#27;[90m# StepDefinitions.Tree.user_clicks_on_get_started_button_from_tree_panel()&amp#27;[0m
  &amp#27;[32mWhen &amp#27;[0m&amp#27;[32mThe user clicks Try Here button&amp#27;[0m                               &amp#27;[90m# StepDefinitions.Tree.the_user_clicks_try_here_button()&amp#27;[0m
  &amp#27;[32mThen &amp#27;[0m&amp#27;[32mThe user is redirected to a page having Editor and run button&amp#27;[0m &amp#27;[90m# StepDefinitions.Tree.the_user_is_redirected_to_a_page_having_editor_and_run_button()&amp#27;[0m
[INFO ] 2024-12-17 12:27:10.979 [TestNG-PoolService-2] Hooks - ======================  Test Execution is completed!! ======================
  &amp#27;[32mGiven &amp#27;[0m&amp#27;[32mThe user is on the editor page of Implementation Of BST page&amp#27;[0m  &amp#27;[90m# StepDefinitions.Tree.the_user_is_on_the_editor_page_of_implementation_of_bst_page()&amp#27;[0m
  &amp#27;[32mGiven &amp#27;[0m&amp#27;[32mThe user is on the editor page of Implementation Of BST page&amp#27;[0m         &amp#27;[90m# StepDefinitions.Tree.the_user_is_on_the_editor_page_of_implementation_of_bst_page()&amp#27;[0m
  &amp#27;[32mWhen &amp#27;[0m&amp#27;[32mThe user writes no code inside editor window and clicks on Run button&amp#27;[0m &amp#27;[90m# StepDefinitions.Tree.the_user_writes_no_code_inside_editor_window_and_clicks_on_run_button()&amp#27;[0m
  &amp#27;[32mThen &amp#27;[0m&amp#27;[32mNothing happens to the Editor page and no error message is displayed&amp#27;[0m  &amp#27;[90m# StepDefinitions.Tree.nothing_happens_to_the_editor_page_and_no_error_message_is_displayed()&amp#27;[0m
[INFO ] 2024-12-17 12:27:12.054 [TestNG-PoolService-1] Hooks - ======================  Test Execution is completed!! ======================
]]></system-out>
    <system-err><![CDATA[Dec 17, 2024 12:27:05 PM org.openqa.selenium.devtools.CdpVersionFinder findNearestMatch
WARNING: Unable to find an exact match for CDP version 131, returning the closest version; found: 130; Please update to a Selenium version that supports CDP version 131
Dec 17, 2024 12:27:06 PM org.openqa.selenium.devtools.CdpVersionFinder findNearestMatch
WARNING: Unable to find an exact match for CDP version 131, returning the closest version; found: 130; Please update to a Selenium version that supports CDP version 131
Dec 17, 2024 12:27:06 PM org.openqa.selenium.devtools.CdpVersionFinder findNearestMatch
WARNING: Unable to find an exact match for CDP version 131, returning the closest version; found: 130; Please update to a Selenium version that supports CDP version 131
]]></system-err>
  </testcase>
  <testcase name="runScenario[&quot;Try Here Editor page with empty code&quot;, &quot;Tree&quot;](214)" classname="TestRunners.TestRunner" time="2.272">
    <failure message="element not interactable&#10;  (Session info: chrome=131.0.6778.140)&#10;Build info: version: &apos;4.26.0&apos;, revision: &apos;8ccf0219d7&apos;&#10;System info: os.name: &apos;Windows 11&apos;, os.arch: &apos;amd64&apos;, os.version: &apos;10.0&apos;, java.version: &apos;21.0.5&apos;&#10;Driver info: org.openqa.selenium.chrome.ChromeDriver&#10;Command: [23a0a1da5ea7e7daa16668b8a0ebb547, sendKeysToElement {value=[Ljava.lang.CharSequence;@3d9864c7, id=f.569E66AA78291F30FCDCA520FC73E795.d.414802203A9B2A239E13F6010F2C0B24.e.49}]&#10;Capabilities {acceptInsecureCerts: false, browserName: chrome, browserVersion: 131.0.6778.140, chrome: {chromedriverVersion: 131.0.6778.108 (3b014839fbc..., userDataDir: C:\Users\vamsh\AppData\Loca...}, fedcm:accounts: true, goog:chromeOptions: {debuggerAddress: localhost:49789}, networkConnectionEnabled: false, pageLoadStrategy: normal, platformName: windows, proxy: Proxy(), se:cdp: ws://localhost:49789/devtoo..., se:cdpVersion: 131.0.6778.140, setWindowRect: true, strictFileInteractability: false, timeouts: {implicit: 0, pageLoad: 300000, script: 30000}, unhandledPromptBehavior: dismiss and notify, webauthn:extension:credBlob: true, webauthn:extension:largeBlob: true, webauthn:extension:minPinLength: true, webauthn:extension:prf: true, webauthn:virtualAuthenticators: true}&#10;Element: [[ChromeDriver: chrome on windows (23a0a1da5ea7e7daa16668b8a0ebb547)] -&gt; css selector: .CodeMirror textarea]&#10;Session ID: 23a0a1da5ea7e7daa16668b8a0ebb547" type="org.openqa.selenium.ElementNotInteractableException"><![CDATA[org.openqa.selenium.ElementNotInteractableException: 
element not interactable
  (Session info: chrome=131.0.6778.140)
Build info: version: '4.26.0', revision: '8ccf0219d7'
System info: os.name: 'Windows 11', os.arch: 'amd64', os.version: '10.0', java.version: '21.0.5'
Driver info: org.openqa.selenium.chrome.ChromeDriver
Command: [23a0a1da5ea7e7daa16668b8a0ebb547, sendKeysToElement {value=[Ljava.lang.CharSequence;@3d9864c7, id=f.569E66AA78291F30FCDCA520FC73E795.d.414802203A9B2A239E13F6010F2C0B24.e.49}]
Capabilities {acceptInsecureCerts: false, browserName: chrome, browserVersion: 131.0.6778.140, chrome: {chromedriverVersion: 131.0.6778.108 (3b014839fbc..., userDataDir: C:\Users\vamsh\AppData\Loca...}, fedcm:accounts: true, goog:chromeOptions: {debuggerAddress: localhost:49789}, networkConnectionEnabled: false, pageLoadStrategy: normal, platformName: windows, proxy: Proxy(), se:cdp: ws://localhost:49789/devtoo..., se:cdpVersion: 131.0.6778.140, setWindowRect: true, strictFileInteractability: false, timeouts: {implicit: 0, pageLoad: 300000, script: 30000}, unhandledPromptBehavior: dismiss and notify, webauthn:extension:credBlob: true, webauthn:extension:largeBlob: true, webauthn:extension:minPinLength: true, webauthn:extension:prf: true, webauthn:virtualAuthenticators: true}
Element: [[ChromeDriver: chrome on windows (23a0a1da5ea7e7daa16668b8a0ebb547)] -> css selector: .CodeMirror textarea]
Session ID: 23a0a1da5ea7e7daa16668b8a0ebb547
]]></failure>
    <system-out><![CDATA[
Scenario: Try Here Editor page with invalid data                        &amp#27;[90m# src/test/resources/Features/Tree.feature:399&amp#27;[0m
  &amp#27;[32mGiven &amp#27;[0m&amp#27;[32mThe user is on the DS Introduction page as signedIn&amp#27;[0m                  &amp#27;[90m# StepDefinitions.DSIntroductionDetails.the_user_is_on_the_ds_introduction_page_as_signed_in()&amp#27;[0m
  &amp#27;[32mAnd &amp#27;[0m&amp#27;[32mUser clicks on Get Started button from Tree panel&amp#27;[0m                      &amp#27;[90m# StepDefinitions.Tree.user_clicks_on_get_started_button_from_tree_panel()&amp#27;[0m
  &amp#27;[32mGiven &amp#27;[0m&amp#27;[32mThe user is on the DS Introduction page as signedIn&amp#27;[0m           &amp#27;[90m# StepDefinitions.DSIntroductionDetails.the_user_is_on_the_ds_introduction_page_as_signed_in()&amp#27;[0m
  &amp#27;[32mGiven &amp#27;[0m&amp#27;[32mThe user is on the editor page of Implementation Of BST page&amp#27;[0m         &amp#27;[90m# StepDefinitions.Tree.the_user_is_on_the_editor_page_of_implementation_of_bst_page()&amp#27;[0m
  &amp#27;[31mWhen &amp#27;[0m&amp#27;[31mThe user writes no code inside editor window and clicks on Run button&amp#27;[0m &amp#27;[90m# StepDefinitions.Tree.the_user_writes_no_code_inside_editor_window_and_clicks_on_run_button()&amp#27;[0m
      &amp#27;[31morg.openqa.selenium.ElementNotInteractableException: element not interactable
  (Session info: chrome=131.0.6778.140)
Build info: version: '4.26.0', revision: '8ccf0219d7'
System info: os.name: 'Windows 11', os.arch: 'amd64', os.version: '10.0', java.version: '21.0.5'
Driver info: org.openqa.selenium.chrome.ChromeDriver
Command: [23a0a1da5ea7e7daa16668b8a0ebb547, sendKeysToElement {value=[Ljava.lang.CharSequence;@3d9864c7, id=f.569E66AA78291F30FCDCA520FC73E795.d.414802203A9B2A239E13F6010F2C0B24.e.49}]
Capabilities {acceptInsecureCerts: false, browserName: chrome, browserVersion: 131.0.6778.140, chrome: {chromedriverVersion: 131.0.6778.108 (3b014839fbc..., userDataDir: C:\Users\vamsh\AppData\Loca...}, fedcm:accounts: true, goog:chromeOptions: {debuggerAddress: localhost:49789}, networkConnectionEnabled: false, pageLoadStrategy: normal, platformName: windows, proxy: Proxy(), se:cdp: ws://localhost:49789/devtoo..., se:cdpVersion: 131.0.6778.140, setWindowRect: true, strictFileInteractability: false, timeouts: {implicit: 0, pageLoad: 300000, script: 30000}, unhandledPromptBehavior: dismiss and notify, webauthn:extension:credBlob: true, webauthn:extension:largeBlob: true, webauthn:extension:minPinLength: true, webauthn:extension:prf: true, webauthn:virtualAuthenticators: true}
Element: [[ChromeDriver: chrome on windows (23a0a1da5ea7e7daa16668b8a0ebb547)] -> css selector: .CodeMirror textarea]
Session ID: 23a0a1da5ea7e7daa16668b8a0ebb547
	at java.base/jdk.internal.reflect.DirectConstructorHandleAccessor.newInstance(DirectConstructorHandleAccessor.java:62)
	at java.base/java.lang.reflect.Constructor.newInstanceWithCaller(Constructor.java:502)
	at java.base/java.lang.reflect.Constructor.newInstance(Constructor.java:486)
	at org.openqa.selenium.remote.ErrorCodec.decode(ErrorCodec.java:167)
	at org.openqa.selenium.remote.codec.w3c.W3CHttpResponseCodec.decode(W3CHttpResponseCodec.java:138)
	at org.openqa.selenium.remote.codec.w3c.W3CHttpResponseCodec.decode(W3CHttpResponseCodec.java:50)
	at org.openqa.selenium.remote.HttpCommandExecutor.execute(HttpCommandExecutor.java:190)
	at org.openqa.selenium.remote.service.DriverCommandExecutor.invokeExecute(DriverCommandExecutor.java:216)
	at org.openqa.selenium.remote.service.DriverCommandExecutor.execute(DriverCommandExecutor.java:174)
	at org.openqa.selenium.remote.RemoteWebDriver.execute(RemoteWebDriver.java:545)
	at org.openqa.selenium.remote.RemoteWebElement.execute(RemoteWebElement.java:223)
	at org.openqa.selenium.remote.RemoteWebElement.sendKeys(RemoteWebElement.java:110)
	at PageObjects.TreePage.writeInTryEditorWindow(TreePage.java:251)
	at StepDefinitions.Tree.the_user_writes_no_code_inside_editor_window_and_clicks_on_run_button(Tree.java:80)
	at ✽.The user writes no code inside editor window and clicks on Run button(file:///C:/Projects/newFolder-3/Repo1/src/test/resources/Features/Tree.feature:390)
&amp#27;[0m
  &amp#27;[36mThen &amp#27;[0m&amp#27;[36mNothing happens to the Editor page and no error message is displayed&amp#27;[0m  &amp#27;[90m# StepDefinitions.Tree.nothing_happens_to_the_editor_page_and_no_error_message_is_displayed()&amp#27;[0m
[ERROR] 2024-12-17 11:56:40.808 [TestNG-PoolService-3] Hooks - ======================  TEST CASE FAILED !! ======================
  &amp#27;[32mAnd &amp#27;[0m&amp#27;[32mUser clicks on Get Started button from Tree panel&amp#27;[0m               &amp#27;[90m# StepDefinitions.Tree.user_clicks_on_get_started_button_from_tree_panel()&amp#27;[0m

    Embedding screenshot [image/png 7853 bytes]

[INFO ] 2024-12-17 11:56:41.028 [TestNG-PoolService-3] Hooks - ======================  Screenshot is captured  ======================
[INFO ] 2024-12-17 11:56:41.036 [TestNG-PoolService-3] Hooks - ======================  Test Execution is completed!! ======================
]]></system-out>
    <system-err><![CDATA[Dec 17, 2024 11:56:40 AM org.openqa.selenium.devtools.CdpVersionFinder findNearestMatch
WARNING: Unable to find an exact match for CDP version 131, returning the closest version; found: 130; Please update to a Selenium version that supports CDP version 131
]]></system-err>
  </testcase>
  <testcase name="runScenario[&quot;Try Here Editor page with empty code&quot;, &quot;Tree&quot;](214)" classname="TestRunners.TestRunner" time="1.011">
    <system-out><![CDATA[
Scenario: Try Here Editor page with invalid data                        &amp#27;[90m# src/test/resources/Features/Tree.feature:399&amp#27;[0m
]]></system-out>
  </testcase>
  <testcase name="runScenario[&quot;Try Here Editor page with valid data&quot;, &quot;Tree&quot;](215)" classname="TestRunners.TestRunner" time="2.175">
    <failure message="element not interactable&#10;  (Session info: chrome=131.0.6778.140)&#10;Build info: version: &apos;4.26.0&apos;, revision: &apos;8ccf0219d7&apos;&#10;System info: os.name: &apos;Windows 11&apos;, os.arch: &apos;amd64&apos;, os.version: &apos;10.0&apos;, java.version: &apos;21.0.5&apos;&#10;Driver info: org.openqa.selenium.chrome.ChromeDriver&#10;Command: [ded7375393569f81dc7d22c5ec3e3de6, sendKeysToElement {value=[Ljava.lang.CharSequence;@61620bd9, id=f.7A1FA9F0654F430414908FB705306464.d.09FB4D163FC8C457E92B4A5CFB98D2CE.e.53}]&#10;Capabilities {acceptInsecureCerts: false, browserName: chrome, browserVersion: 131.0.6778.140, chrome: {chromedriverVersion: 131.0.6778.108 (3b014839fbc..., userDataDir: C:\Users\vamsh\AppData\Loca...}, fedcm:accounts: true, goog:chromeOptions: {debuggerAddress: localhost:49820}, networkConnectionEnabled: false, pageLoadStrategy: normal, platformName: windows, proxy: Proxy(), se:cdp: ws://localhost:49820/devtoo..., se:cdpVersion: 131.0.6778.140, setWindowRect: true, strictFileInteractability: false, timeouts: {implicit: 0, pageLoad: 300000, script: 30000}, unhandledPromptBehavior: dismiss and notify, webauthn:extension:credBlob: true, webauthn:extension:largeBlob: true, webauthn:extension:minPinLength: true, webauthn:extension:prf: true, webauthn:virtualAuthenticators: true}&#10;Element: [[ChromeDriver: chrome on windows (ded7375393569f81dc7d22c5ec3e3de6)] -&gt; css selector: .CodeMirror textarea]&#10;Session ID: ded7375393569f81dc7d22c5ec3e3de6" type="org.openqa.selenium.ElementNotInteractableException"><![CDATA[org.openqa.selenium.ElementNotInteractableException: 
element not interactable
  (Session info: chrome=131.0.6778.140)
Build info: version: '4.26.0', revision: '8ccf0219d7'
System info: os.name: 'Windows 11', os.arch: 'amd64', os.version: '10.0', java.version: '21.0.5'
Driver info: org.openqa.selenium.chrome.ChromeDriver
Command: [ded7375393569f81dc7d22c5ec3e3de6, sendKeysToElement {value=[Ljava.lang.CharSequence;@61620bd9, id=f.7A1FA9F0654F430414908FB705306464.d.09FB4D163FC8C457E92B4A5CFB98D2CE.e.53}]
Capabilities {acceptInsecureCerts: false, browserName: chrome, browserVersion: 131.0.6778.140, chrome: {chromedriverVersion: 131.0.6778.108 (3b014839fbc..., userDataDir: C:\Users\vamsh\AppData\Loca...}, fedcm:accounts: true, goog:chromeOptions: {debuggerAddress: localhost:49820}, networkConnectionEnabled: false, pageLoadStrategy: normal, platformName: windows, proxy: Proxy(), se:cdp: ws://localhost:49820/devtoo..., se:cdpVersion: 131.0.6778.140, setWindowRect: true, strictFileInteractability: false, timeouts: {implicit: 0, pageLoad: 300000, script: 30000}, unhandledPromptBehavior: dismiss and notify, webauthn:extension:credBlob: true, webauthn:extension:largeBlob: true, webauthn:extension:minPinLength: true, webauthn:extension:prf: true, webauthn:virtualAuthenticators: true}
Element: [[ChromeDriver: chrome on windows (ded7375393569f81dc7d22c5ec3e3de6)] -> css selector: .CodeMirror textarea]
Session ID: ded7375393569f81dc7d22c5ec3e3de6
]]></failure>
    <system-out><![CDATA[
Scenario: Implementation Of BST                             &amp#27;[90m# src/test/resources/Features/Tree.feature:406&amp#27;[0m
  &amp#27;[32mGiven &amp#27;[0m&amp#27;[32mThe user is on the editor page of Implementation Of BST page&amp#27;[0m  &amp#27;[90m# StepDefinitions.Tree.the_user_is_on_the_editor_page_of_implementation_of_bst_page()&amp#27;[0m
  &amp#27;[31mWhen &amp#27;[0m&amp#27;[31mThe user writes the valid python code and clicks on Run button&amp#27;[0m &amp#27;[90m# StepDefinitions.Tree.the_user_writes_the_valid_python_code_and_clicks_on_run_button()&amp#27;[0m
      &amp#27;[31morg.openqa.selenium.ElementNotInteractableException: element not interactable
  (Session info: chrome=131.0.6778.140)
Build info: version: '4.26.0', revision: '8ccf0219d7'
System info: os.name: 'Windows 11', os.arch: 'amd64', os.version: '10.0', java.version: '21.0.5'
Driver info: org.openqa.selenium.chrome.ChromeDriver
Command: [ded7375393569f81dc7d22c5ec3e3de6, sendKeysToElement {value=[Ljava.lang.CharSequence;@61620bd9, id=f.7A1FA9F0654F430414908FB705306464.d.09FB4D163FC8C457E92B4A5CFB98D2CE.e.53}]
Capabilities {acceptInsecureCerts: false, browserName: chrome, browserVersion: 131.0.6778.140, chrome: {chromedriverVersion: 131.0.6778.108 (3b014839fbc..., userDataDir: C:\Users\vamsh\AppData\Loca...}, fedcm:accounts: true, goog:chromeOptions: {debuggerAddress: localhost:49820}, networkConnectionEnabled: false, pageLoadStrategy: normal, platformName: windows, proxy: Proxy(), se:cdp: ws://localhost:49820/devtoo..., se:cdpVersion: 131.0.6778.140, setWindowRect: true, strictFileInteractability: false, timeouts: {implicit: 0, pageLoad: 300000, script: 30000}, unhandledPromptBehavior: dismiss and notify, webauthn:extension:credBlob: true, webauthn:extension:largeBlob: true, webauthn:extension:minPinLength: true, webauthn:extension:prf: true, webauthn:virtualAuthenticators: true}
Element: [[ChromeDriver: chrome on windows (ded7375393569f81dc7d22c5ec3e3de6)] -> css selector: .CodeMirror textarea]
Session ID: ded7375393569f81dc7d22c5ec3e3de6
	at java.base/jdk.internal.reflect.DirectConstructorHandleAccessor.newInstance(DirectConstructorHandleAccessor.java:62)
	at java.base/java.lang.reflect.Constructor.newInstanceWithCaller(Constructor.java:502)
	at java.base/java.lang.reflect.Constructor.newInstance(Constructor.java:486)
	at org.openqa.selenium.remote.ErrorCodec.decode(ErrorCodec.java:167)
	at org.openqa.selenium.remote.codec.w3c.W3CHttpResponseCodec.decode(W3CHttpResponseCodec.java:138)
	at org.openqa.selenium.remote.codec.w3c.W3CHttpResponseCodec.decode(W3CHttpResponseCodec.java:50)
	at org.openqa.selenium.remote.HttpCommandExecutor.execute(HttpCommandExecutor.java:190)
	at org.openqa.selenium.remote.service.DriverCommandExecutor.invokeExecute(DriverCommandExecutor.java:216)
	at org.openqa.selenium.remote.service.DriverCommandExecutor.execute(DriverCommandExecutor.java:174)
	at org.openqa.selenium.remote.RemoteWebDriver.execute(RemoteWebDriver.java:545)
	at org.openqa.selenium.remote.RemoteWebElement.execute(RemoteWebElement.java:223)
	at org.openqa.selenium.remote.RemoteWebElement.sendKeys(RemoteWebElement.java:110)
	at PageObjects.TreePage.writeInTryEditorWindow(TreePage.java:251)
	at StepDefinitions.Tree.the_user_writes_the_valid_python_code_and_clicks_on_run_button(Tree.java:93)
	at ✽.The user writes the valid python code and clicks on Run button(file:///C:/Projects/newFolder-3/Repo1/src/test/resources/Features/Tree.feature:396)
&amp#27;[0m
  &amp#27;[36mThen &amp#27;[0m&amp#27;[36mThe user is able to see the output inside the console.&amp#27;[0m         &amp#27;[90m# StepDefinitions.Tree.the_user_is_able_to_see_the_output_inside_the_console()&amp#27;[0m
[ERROR] 2024-12-17 11:56:42.731 [TestNG-PoolService-2] Hooks - ======================  TEST CASE FAILED !! ======================

    Embedding screenshot [image/png 7853 bytes]

[INFO ] 2024-12-17 11:56:42.932 [TestNG-PoolService-2] Hooks - ======================  Screenshot is captured  ======================
[INFO ] 2024-12-17 11:56:42.933 [TestNG-PoolService-2] Hooks - ======================  Test Execution is completed!! ======================
  &amp#27;[32mGiven &amp#27;[0m&amp#27;[32mThe user is on the DS Introduction page as signedIn&amp#27;[0m             &amp#27;[90m# StepDefinitions.DSIntroductionDetails.the_user_is_on_the_ds_introduction_page_as_signed_in()&amp#27;[0m
]]></system-out>
    <system-err><![CDATA[Dec 17, 2024 11:56:42 AM org.openqa.selenium.devtools.CdpVersionFinder findNearestMatch
WARNING: Unable to find an exact match for CDP version 131, returning the closest version; found: 130; Please update to a Selenium version that supports CDP version 131
]]></system-err>
  </testcase>
  <testcase name="runScenario[&quot;Try Here Editor page with valid data&quot;, &quot;Tree&quot;](215)" classname="TestRunners.TestRunner" time="1.337">
    <system-out><![CDATA[
Scenario: Implementation Of BST                             &amp#27;[90m# src/test/resources/Features/Tree.feature:406&amp#27;[0m
]]></system-out>
  </testcase>
  <testcase name="runScenario[&quot;Try Here Editor page with invalid data&quot;, &quot;Tree&quot;](216)" classname="TestRunners.TestRunner" time="3.925">
    <failure message="element not interactable&#10;  (Session info: chrome=131.0.6778.140)&#10;Build info: version: &apos;4.26.0&apos;, revision: &apos;8ccf0219d7&apos;&#10;System info: os.name: &apos;Windows 11&apos;, os.arch: &apos;amd64&apos;, os.version: &apos;10.0&apos;, java.version: &apos;21.0.5&apos;&#10;Driver info: org.openqa.selenium.chrome.ChromeDriver&#10;Command: [14632afe03b19f8b295d700a387d91cf, sendKeysToElement {value=[Ljava.lang.CharSequence;@3089b313, id=f.5CF0797AB7962AE61705CEDD24F87C5E.d.D3500A2E2AE076D2BA142673A50B7059.e.50}]&#10;Capabilities {acceptInsecureCerts: false, browserName: chrome, browserVersion: 131.0.6778.140, chrome: {chromedriverVersion: 131.0.6778.108 (3b014839fbc..., userDataDir: C:\Users\vamsh\AppData\Loca...}, fedcm:accounts: true, goog:chromeOptions: {debuggerAddress: localhost:49892}, networkConnectionEnabled: false, pageLoadStrategy: normal, platformName: windows, proxy: Proxy(), se:cdp: ws://localhost:49892/devtoo..., se:cdpVersion: 131.0.6778.140, setWindowRect: true, strictFileInteractability: false, timeouts: {implicit: 0, pageLoad: 300000, script: 30000}, unhandledPromptBehavior: dismiss and notify, webauthn:extension:credBlob: true, webauthn:extension:largeBlob: true, webauthn:extension:minPinLength: true, webauthn:extension:prf: true, webauthn:virtualAuthenticators: true}&#10;Element: [[ChromeDriver: chrome on windows (14632afe03b19f8b295d700a387d91cf)] -&gt; css selector: .CodeMirror textarea]&#10;Session ID: 14632afe03b19f8b295d700a387d91cf" type="org.openqa.selenium.ElementNotInteractableException"><![CDATA[org.openqa.selenium.ElementNotInteractableException: 
element not interactable
  (Session info: chrome=131.0.6778.140)
Build info: version: '4.26.0', revision: '8ccf0219d7'
System info: os.name: 'Windows 11', os.arch: 'amd64', os.version: '10.0', java.version: '21.0.5'
Driver info: org.openqa.selenium.chrome.ChromeDriver
Command: [14632afe03b19f8b295d700a387d91cf, sendKeysToElement {value=[Ljava.lang.CharSequence;@3089b313, id=f.5CF0797AB7962AE61705CEDD24F87C5E.d.D3500A2E2AE076D2BA142673A50B7059.e.50}]
Capabilities {acceptInsecureCerts: false, browserName: chrome, browserVersion: 131.0.6778.140, chrome: {chromedriverVersion: 131.0.6778.108 (3b014839fbc..., userDataDir: C:\Users\vamsh\AppData\Loca...}, fedcm:accounts: true, goog:chromeOptions: {debuggerAddress: localhost:49892}, networkConnectionEnabled: false, pageLoadStrategy: normal, platformName: windows, proxy: Proxy(), se:cdp: ws://localhost:49892/devtoo..., se:cdpVersion: 131.0.6778.140, setWindowRect: true, strictFileInteractability: false, timeouts: {implicit: 0, pageLoad: 300000, script: 30000}, unhandledPromptBehavior: dismiss and notify, webauthn:extension:credBlob: true, webauthn:extension:largeBlob: true, webauthn:extension:minPinLength: true, webauthn:extension:prf: true, webauthn:virtualAuthenticators: true}
Element: [[ChromeDriver: chrome on windows (14632afe03b19f8b295d700a387d91cf)] -> css selector: .CodeMirror textarea]
Session ID: 14632afe03b19f8b295d700a387d91cf
]]></failure>
    <system-out><![CDATA[  &amp#27;[32mAnd &amp#27;[0m&amp#27;[32mUser clicks on Get Started button from Tree panel&amp#27;[0m                 &amp#27;[90m# StepDefinitions.Tree.user_clicks_on_get_started_button_from_tree_panel()&amp#27;[0m
  &amp#27;[32mGiven &amp#27;[0m&amp#27;[32mThe user is on the editor page of Implementation Of BST page&amp#27;[0m    &amp#27;[90m# StepDefinitions.Tree.the_user_is_on_the_editor_page_of_implementation_of_bst_page()&amp#27;[0m
  &amp#27;[31mWhen &amp#27;[0m&amp#27;[31mThe user writes the invalid python code and clicks on Run button&amp#27;[0m &amp#27;[90m# StepDefinitions.Tree.the_user_writes_the_invalid_python_code_and_clicks_on_run_button()&amp#27;[0m
      &amp#27;[31morg.openqa.selenium.ElementNotInteractableException: element not interactable
  (Session info: chrome=131.0.6778.140)
Build info: version: '4.26.0', revision: '8ccf0219d7'
System info: os.name: 'Windows 11', os.arch: 'amd64', os.version: '10.0', java.version: '21.0.5'
Driver info: org.openqa.selenium.chrome.ChromeDriver
Command: [14632afe03b19f8b295d700a387d91cf, sendKeysToElement {value=[Ljava.lang.CharSequence;@3089b313, id=f.5CF0797AB7962AE61705CEDD24F87C5E.d.D3500A2E2AE076D2BA142673A50B7059.e.50}]
Capabilities {acceptInsecureCerts: false, browserName: chrome, browserVersion: 131.0.6778.140, chrome: {chromedriverVersion: 131.0.6778.108 (3b014839fbc..., userDataDir: C:\Users\vamsh\AppData\Loca...}, fedcm:accounts: true, goog:chromeOptions: {debuggerAddress: localhost:49892}, networkConnectionEnabled: false, pageLoadStrategy: normal, platformName: windows, proxy: Proxy(), se:cdp: ws://localhost:49892/devtoo..., se:cdpVersion: 131.0.6778.140, setWindowRect: true, strictFileInteractability: false, timeouts: {implicit: 0, pageLoad: 300000, script: 30000}, unhandledPromptBehavior: dismiss and notify, webauthn:extension:credBlob: true, webauthn:extension:largeBlob: true, webauthn:extension:minPinLength: true, webauthn:extension:prf: true, webauthn:virtualAuthenticators: true}
Element: [[ChromeDriver: chrome on windows (14632afe03b19f8b295d700a387d91cf)] -> css selector: .CodeMirror textarea]
Session ID: 14632afe03b19f8b295d700a387d91cf
	at java.base/jdk.internal.reflect.DirectConstructorHandleAccessor.newInstance(DirectConstructorHandleAccessor.java:62)
	at java.base/java.lang.reflect.Constructor.newInstanceWithCaller(Constructor.java:502)
	at java.base/java.lang.reflect.Constructor.newInstance(Constructor.java:486)
	at org.openqa.selenium.remote.ErrorCodec.decode(ErrorCodec.java:167)
	at org.openqa.selenium.remote.codec.w3c.W3CHttpResponseCodec.decode(W3CHttpResponseCodec.java:138)
	at org.openqa.selenium.remote.codec.w3c.W3CHttpResponseCodec.decode(W3CHttpResponseCodec.java:50)
	at org.openqa.selenium.remote.HttpCommandExecutor.execute(HttpCommandExecutor.java:190)
	at org.openqa.selenium.remote.service.DriverCommandExecutor.invokeExecute(DriverCommandExecutor.java:216)
	at org.openqa.selenium.remote.service.DriverCommandExecutor.execute(DriverCommandExecutor.java:174)
	at org.openqa.selenium.remote.RemoteWebDriver.execute(RemoteWebDriver.java:545)
	at org.openqa.selenium.remote.RemoteWebElement.execute(RemoteWebElement.java:223)
	at org.openqa.selenium.remote.RemoteWebElement.sendKeys(RemoteWebElement.java:110)
	at PageObjects.TreePage.writeInTryEditorWindow(TreePage.java:251)
	at StepDefinitions.Tree.the_user_writes_the_invalid_python_code_and_clicks_on_run_button(Tree.java:106)
	at ✽.The user writes the invalid python code and clicks on Run button(file:///C:/Projects/newFolder-3/Repo1/src/test/resources/Features/Tree.feature:402)
&amp#27;[0m
  &amp#27;[36mThen &amp#27;[0m&amp#27;[36mThe user see error msg in alert window&amp#27;[0m                           &amp#27;[90m# StepDefinitions.Tree.the_user_see_error_msg_in_alert_window()&amp#27;[0m
[ERROR] 2024-12-17 11:56:44.830 [TestNG-PoolService-1] Hooks - ======================  TEST CASE FAILED !! ======================

    Embedding screenshot [image/png 7853 bytes]

[INFO ] 2024-12-17 11:56:44.970 [TestNG-PoolService-1] Hooks - ======================  Screenshot is captured  ======================
[INFO ] 2024-12-17 11:56:44.972 [TestNG-PoolService-1] Hooks - ======================  Test Execution is completed!! ======================
  &amp#27;[32mGiven &amp#27;[0m&amp#27;[32mThe user is on the DS Introduction page as signedIn&amp#27;[0m &amp#27;[90m# StepDefinitions.DSIntroductionDetails.the_user_is_on_the_ds_introduction_page_as_signed_in()&amp#27;[0m
]]></system-out>
  </testcase>
  <testcase name="runScenario[&quot;Try Here Editor page with invalid data&quot;, &quot;Tree&quot;](216)" classname="TestRunners.TestRunner" time="8.004">
    <failure message="element not interactable&#10;  (Session info: MicrosoftEdge=131.0.2903.99)&#10;Build info: version: &apos;4.26.0&apos;, revision: &apos;8ccf0219d7&apos;&#10;System info: os.name: &apos;Windows 11&apos;, os.arch: &apos;amd64&apos;, os.version: &apos;10.0&apos;, java.version: &apos;21.0.5&apos;&#10;Driver info: org.openqa.selenium.edge.EdgeDriver&#10;Command: [cdec6b1c21c5566ec8751bbc31177cb7, sendKeysToElement {value=[Ljava.lang.CharSequence;@7c9499e9, id=f.481CD9DC8D1CA6D21969DF77074E54BD.d.AD9C792AA96CCA626DCA40FCF2736438.e.36}]&#10;Capabilities {acceptInsecureCerts: false, browserName: MicrosoftEdge, browserVersion: 131.0.2903.99, fedcm:accounts: true, ms:edgeOptions: {debuggerAddress: localhost:63166}, msedge: {msedgedriverVersion: 131.0.2903.99 (f96a870b1316..., userDataDir: C:\Users\vamsh\AppData\Loca...}, networkConnectionEnabled: false, pageLoadStrategy: normal, platformName: windows, proxy: Proxy(), se:cdp: ws://localhost:63166/devtoo..., se:cdpVersion: 131.0.2903.99, setWindowRect: true, strictFileInteractability: false, timeouts: {implicit: 0, pageLoad: 300000, script: 30000}, unhandledPromptBehavior: dismiss and notify, webauthn:extension:credBlob: true, webauthn:extension:largeBlob: true, webauthn:extension:minPinLength: true, webauthn:extension:prf: true, webauthn:virtualAuthenticators: true}&#10;Element: [[EdgeDriver: MicrosoftEdge on windows (cdec6b1c21c5566ec8751bbc31177cb7)] -&gt; css selector: .CodeMirror textarea]&#10;Session ID: cdec6b1c21c5566ec8751bbc31177cb7" type="org.openqa.selenium.ElementNotInteractableException"><![CDATA[org.openqa.selenium.ElementNotInteractableException: 
element not interactable
  (Session info: MicrosoftEdge=131.0.2903.99)
Build info: version: '4.26.0', revision: '8ccf0219d7'
System info: os.name: 'Windows 11', os.arch: 'amd64', os.version: '10.0', java.version: '21.0.5'
Driver info: org.openqa.selenium.edge.EdgeDriver
Command: [cdec6b1c21c5566ec8751bbc31177cb7, sendKeysToElement {value=[Ljava.lang.CharSequence;@7c9499e9, id=f.481CD9DC8D1CA6D21969DF77074E54BD.d.AD9C792AA96CCA626DCA40FCF2736438.e.36}]
Capabilities {acceptInsecureCerts: false, browserName: MicrosoftEdge, browserVersion: 131.0.2903.99, fedcm:accounts: true, ms:edgeOptions: {debuggerAddress: localhost:63166}, msedge: {msedgedriverVersion: 131.0.2903.99 (f96a870b1316..., userDataDir: C:\Users\vamsh\AppData\Loca...}, networkConnectionEnabled: false, pageLoadStrategy: normal, platformName: windows, proxy: Proxy(), se:cdp: ws://localhost:63166/devtoo..., se:cdpVersion: 131.0.2903.99, setWindowRect: true, strictFileInteractability: false, timeouts: {implicit: 0, pageLoad: 300000, script: 30000}, unhandledPromptBehavior: dismiss and notify, webauthn:extension:credBlob: true, webauthn:extension:largeBlob: true, webauthn:extension:minPinLength: true, webauthn:extension:prf: true, webauthn:virtualAuthenticators: true}
Element: [[EdgeDriver: MicrosoftEdge on windows (cdec6b1c21c5566ec8751bbc31177cb7)] -> css selector: .CodeMirror textarea]
Session ID: cdec6b1c21c5566ec8751bbc31177cb7
]]></failure>
  </testcase>
  <testcase name="runScenario[&quot;Implementation Of BST&quot;, &quot;Tree&quot;](217)" classname="TestRunners.TestRunner" time="4.733">
    <system-out><![CDATA[  &amp#27;[32mAnd &amp#27;[0m&amp#27;[32mUser clicks on Get Started button from Tree panel&amp#27;[0m     &amp#27;[90m# StepDefinitions.Tree.user_clicks_on_get_started_button_from_tree_panel()&amp#27;[0m
  &amp#27;[32mGiven &amp#27;[0m&amp#27;[32mThe user is on the Implementation Of BST page&amp#27;[0m       &amp#27;[90m# StepDefinitions.Tree.the_user_is_on_the_implementation_of_bst_page()&amp#27;[0m
  &amp#27;[32mWhen &amp#27;[0m&amp#27;[32mThe user clicks Practice Questions link&amp#27;[0m              &amp#27;[90m# StepDefinitions.Tree.the_user_clicks_practice_questions_link()&amp#27;[0m
  &amp#27;[32mThen &amp#27;[0m&amp#27;[32mThe user is redirected to Practice Questions page.&amp#27;[0m   &amp#27;[90m# StepDefinitions.Tree.the_user_is_redirected_to_practice_questions_page()&amp#27;[0m
[INFO ] 2024-12-17 11:56:45.836 [TestNG-PoolService-3] Hooks - ======================  Test Execution is completed!! ======================
]]></system-out>
  </testcase>
  <testcase name="runScenario[&quot;Validate user can navigate to basic opertaions in lists&quot;, &quot;Array detail page&quot;](11)" classname="TestRunners.TestRunner" time="1.694">
    <system-out><![CDATA[
Scenario: Validate user can Try here link page from Basic operations in lists &amp#27;[90m# src/test/resources/Features/ArrayDetailsPage.feature:65&amp#27;[0m
  &amp#27;[32mWhen &amp#27;[0m&amp#27;[32mThe user click on basic operations in lists&amp#27;[0m                &amp#27;[90m# StepDefinitions.ArrayStepDefintions.the_user_click_on_basic_operations_in_lists()&amp#27;[0m
  &amp#27;[32mThen &amp#27;[0m&amp#27;[32mthe user is navigated to basic opertaions in lists&amp#27;[0m         &amp#27;[90m# StepDefinitions.ArrayStepDefintions.the_user_is_navigated_to_basic_opertaions_in_lists()&amp#27;[0m
[INFO ] 2024-12-17 11:57:52.740 [TestNG-PoolService-3] Hooks - ======================  Test Execution is completed!! ======================
  &amp#27;[32mWhen &amp#27;[0m&amp#27;[32mThe user clicks on Get Started link for array&amp#27;[0m                      &amp#27;[90m# StepDefinitions.ArrayStepDefintions.the_user_clicks_on_get_started_link_for_array()&amp#27;[0m
  &amp#27;[32mGiven &amp#27;[0m&amp#27;[32mThe user is on the Array using list&amp#27;[0m                               &amp#27;[90m# StepDefinitions.ArrayStepDefintions.the_user_is_on_the_array_using_list()&amp#27;[0m
]]></system-out>
  </testcase>
  <testcase name="runScenario[&quot;Valid code on try editor for Array using list runs successfully&quot;, &quot;Array detail page&quot;](12)" classname="TestRunners.TestRunner" time="1.837">
    <system-out><![CDATA[
Scenario: Error message displayed for invalid code on try Editor for Basic operations in lists &amp#27;[90m# src/test/resources/Features/ArrayDetailsPage.feature:70&amp#27;[0m
  &amp#27;[32mWhen &amp#27;[0m&amp#27;[32mUser writes valid code and clicks run button&amp#27;[0m                       &amp#27;[90m# StepDefinitions.DSIntroductionDetails.user_writes_valid_code_and_clicks_run_button()&amp#27;[0m
  &amp#27;[32mThen &amp#27;[0m&amp#27;[32mThe user should able to see output in the console&amp#27;[0m                  &amp#27;[90m# StepDefinitions.DSIntroductionDetails.the_user_should_able_to_see_output_in_the_console()&amp#27;[0m
[INFO ] 2024-12-17 11:57:54.526 [TestNG-PoolService-2] Hooks - ======================  Test Execution is completed!! ======================
]]></system-out>
  </testcase>
  <testcase name="runScenario[&quot;Valid code on try editor for Array using list runs successfully&quot;, &quot;Array detail page&quot;](12)" classname="TestRunners.TestRunner" time="0.057">
    <system-out><![CDATA[
Scenario: Error message displayed for invalid code on try Editor for Basic operations in lists &amp#27;[90m# src/test/resources/Features/ArrayDetailsPage.feature:70&amp#27;[0m
]]></system-out>
  </testcase>
  <testcase name="runScenario[&quot;No error message displayed for empty code on try editor for applications of array&quot;, &quot;Array detail page&quot;](19)" classname="TestRunners.TestRunner" time="22.085">
    <system-out><![CDATA[
Scenario: Valid code on try editor for applications of array runs successfully &amp#27;[90m# src/test/resources/Features/ArrayDetailsPage.feature:105&amp#27;[0m
  &amp#27;[32mGiven &amp#27;[0m&amp#27;[32mThe user is on the DS Introduction page as signedIn&amp#27;[0m                    &amp#27;[90m# StepDefinitions.DSIntroductionDetails.the_user_is_on_the_ds_introduction_page_as_signed_in()&amp#27;[0m
  &amp#27;[32mWhen &amp#27;[0m&amp#27;[32mThe user clicks on Get Started link for array&amp#27;[0m                           &amp#27;[90m# StepDefinitions.ArrayStepDefintions.the_user_clicks_on_get_started_link_for_array()&amp#27;[0m
  &amp#27;[32mGiven &amp#27;[0m&amp#27;[32mThe user is on the DS Introduction page as signedIn&amp#27;[0m                                &amp#27;[90m# StepDefinitions.DSIntroductionDetails.the_user_is_on_the_ds_introduction_page_as_signed_in()&amp#27;[0m
  &amp#27;[32mGiven &amp#27;[0m&amp#27;[32mThe user is on the DS Introduction page as signedIn&amp#27;[0m                                 &amp#27;[90m# StepDefinitions.DSIntroductionDetails.the_user_is_on_the_ds_introduction_page_as_signed_in()&amp#27;[0m
  &amp#27;[32mGiven &amp#27;[0m&amp#27;[32mThe user is on the applications of array&amp#27;[0m                               &amp#27;[90m# StepDefinitions.ArrayStepDefintions.the_user_is_on_the_applications_of_array()&amp#27;[0m
  &amp#27;[32mWhen &amp#27;[0m&amp#27;[32mThe user clicks on Get Started link for array&amp#27;[0m                                       &amp#27;[90m# StepDefinitions.ArrayStepDefintions.the_user_clicks_on_get_started_link_for_array()&amp#27;[0m
  &amp#27;[32mWhen &amp#27;[0m&amp#27;[32mThe user clicks on Get Started link for array&amp#27;[0m                                        &amp#27;[90m# StepDefinitions.ArrayStepDefintions.the_user_clicks_on_get_started_link_for_array()&amp#27;[0m
  &amp#27;[32mGiven &amp#27;[0m&amp#27;[32mThe user is on the applications of array&amp#27;[0m                                           &amp#27;[90m# StepDefinitions.ArrayStepDefintions.the_user_is_on_the_applications_of_array()&amp#27;[0m
  &amp#27;[32mGiven &amp#27;[0m&amp#27;[32mThe user is on the applications of array&amp#27;[0m                                            &amp#27;[90m# StepDefinitions.ArrayStepDefintions.the_user_is_on_the_applications_of_array()&amp#27;[0m
  &amp#27;[32mWhen &amp#27;[0m&amp#27;[32mUser writes valid code and clicks run button&amp#27;[0m                            &amp#27;[90m# StepDefinitions.DSIntroductionDetails.user_writes_valid_code_and_clicks_run_button()&amp#27;[0m
  &amp#27;[32mThen &amp#27;[0m&amp#27;[32mThe user should able to see output in the console&amp#27;[0m                       &amp#27;[90m# StepDefinitions.DSIntroductionDetails.the_user_should_able_to_see_output_in_the_console()&amp#27;[0m
[INFO ] 2024-12-17 11:58:38.600 [TestNG-PoolService-2] Hooks - ======================  Test Execution is completed!! ======================
  &amp#27;[32mWhen &amp#27;[0m&amp#27;[32mUser clicks on run button with empty code&amp#27;[0m                                            &amp#27;[90m# StepDefinitions.DSIntroductionDetails.user_clicks_on_run_button_with_empty_code()&amp#27;[0m
  &amp#27;[32mThen &amp#27;[0m&amp#27;[32mThe user should not see any error message or alert&amp#27;[0m                                   &amp#27;[90m# StepDefinitions.DSIntroductionDetails.the_user_should_not_see_any_error_message_or_alert()&amp#27;[0m
[INFO ] 2024-12-17 11:58:39.439 [TestNG-PoolService-3] Hooks - ======================  Test Execution is completed!! ======================
  &amp#27;[32mWhen &amp#27;[0m&amp#27;[32mUser writes invalid code and clicks run button&amp#27;[0m                                      &amp#27;[90m# StepDefinitions.DSIntroductionDetails.user_writes_invalid_code_and_clicks_run_button()&amp#27;[0m
  &amp#27;[32mThen &amp#27;[0m&amp#27;[32mThe user should able to see an error message in alert window&amp#27;[0m                        &amp#27;[90m# StepDefinitions.DSIntroductionDetails.the_user_should_able_to_see_an_error_message_in_alert_window()&amp#27;[0m
[INFO ] 2024-12-17 11:58:39.854 [TestNG-PoolService-1] Hooks - ======================  Test Execution is completed!! ======================
]]></system-out>
  </testcase>
  <testcase name="runScenario[&quot;Valid code on try editor for applications of array runs successfully&quot;, &quot;Array detail page&quot;](20)" classname="TestRunners.TestRunner" time="0.083">
    <system-out><![CDATA[
Scenario: validate user able to navigate to practice question page for search the array question &amp#27;[90m# src/test/resources/Features/ArrayDetailsPage.feature:110&amp#27;[0m
]]></system-out>
  </testcase>
  <testcase name="runScenario[&quot;Error message displayed for invalid code on try Editor for applications of array&quot;, &quot;Array detail page&quot;](21)" classname="TestRunners.TestRunner" time="0.001"/>
  <testcase name="runScenario[&quot;validate user able to navigate to practice question page for max consecutive ones question&quot;, &quot;Array detail page&quot;](22)" classname="TestRunners.TestRunner" time="14.328">
    <system-out><![CDATA[
Scenario: validate user able to navigate to practice question page for max consecutive ones question &amp#27;[90m# src/test/resources/Features/ArrayDetailsPage.feature:115&amp#27;[0m

Scenario: validate user able to navigate to practice question page for even number question &amp#27;[90m# src/test/resources/Features/ArrayDetailsPage.feature:120&amp#27;[0m
  &amp#27;[32mGiven &amp#27;[0m&amp#27;[32mThe user is on the DS Introduction page as signedIn&amp#27;[0m                                      &amp#27;[90m# StepDefinitions.DSIntroductionDetails.the_user_is_on_the_ds_introduction_page_as_signed_in()&amp#27;[0m
  &amp#27;[32mWhen &amp#27;[0m&amp#27;[32mThe user clicks on Get Started link for array&amp#27;[0m                                             &amp#27;[90m# StepDefinitions.ArrayStepDefintions.the_user_clicks_on_get_started_link_for_array()&amp#27;[0m
  &amp#27;[32mGiven &amp#27;[0m&amp#27;[32mThe user is on the DS Introduction page as signedIn&amp#27;[0m                                          &amp#27;[90m# StepDefinitions.DSIntroductionDetails.the_user_is_on_the_ds_introduction_page_as_signed_in()&amp#27;[0m
  &amp#27;[32mWhen &amp#27;[0m&amp#27;[32mThe user clicks on Get Started link for array&amp#27;[0m                                                 &amp#27;[90m# StepDefinitions.ArrayStepDefintions.the_user_clicks_on_get_started_link_for_array()&amp#27;[0m
  &amp#27;[32mGiven &amp#27;[0m&amp#27;[32mThe user is on the practice questions page&amp#27;[0m                                               &amp#27;[90m# StepDefinitions.ArrayStepDefintions.the_user_click_on_the_practice_questions_link()&amp#27;[0m
  &amp#27;[32mGiven &amp#27;[0m&amp#27;[32mThe user is on the DS Introduction page as signedIn&amp#27;[0m                                 &amp#27;[90m# StepDefinitions.DSIntroductionDetails.the_user_is_on_the_ds_introduction_page_as_signed_in()&amp#27;[0m
  &amp#27;[32mGiven &amp#27;[0m&amp#27;[32mThe user is on the practice questions page&amp#27;[0m                                                   &amp#27;[90m# StepDefinitions.ArrayStepDefintions.the_user_click_on_the_practice_questions_link()&amp#27;[0m
  &amp#27;[32mWhen &amp#27;[0m&amp#27;[32mThe user clicks on Get Started link for array&amp#27;[0m                                        &amp#27;[90m# StepDefinitions.ArrayStepDefintions.the_user_clicks_on_get_started_link_for_array()&amp#27;[0m
  &amp#27;[32mGiven &amp#27;[0m&amp#27;[32mThe user is on the practice questions page&amp#27;[0m                                          &amp#27;[90m# StepDefinitions.ArrayStepDefintions.the_user_click_on_the_practice_questions_link()&amp#27;[0m
  &amp#27;[32mWhen &amp#27;[0m&amp#27;[32mthe user click on The Search the array link&amp#27;[0m                                               &amp#27;[90m# StepDefinitions.ArrayStepDefintions.the_user_click_on_the_search_the_array_link()&amp#27;[0m
  &amp#27;[32mWhen &amp#27;[0m&amp#27;[32mthe user click on The Max Consecutive Ones link&amp#27;[0m                                               &amp#27;[90m# StepDefinitions.ArrayStepDefintions.the_user_click_on_the_max_consecutive_ones_link()&amp#27;[0m
  &amp#27;[32mThen &amp#27;[0m&amp#27;[32mthe user should be redirected to practice question page for search the array&amp#27;[0m              &amp#27;[90m# StepDefinitions.ArrayStepDefintions.the_user_should_be_redirected_to_practice_question_page_for_search_the_array()&amp#27;[0m
[INFO ] 2024-12-17 11:58:54.641 [TestNG-PoolService-3] Hooks - ======================  Test Execution is completed!! ======================
  &amp#27;[32mThen &amp#27;[0m&amp#27;[32mthe user should be redirected to practice question page for max consecutive ones&amp#27;[0m              &amp#27;[90m# StepDefinitions.ArrayStepDefintions.the_user_should_be_redirected_to_practice_question_page_for_max_consecutive_ones()&amp#27;[0m
[INFO ] 2024-12-17 11:58:54.645 [TestNG-PoolService-2] Hooks - ======================  Test Execution is completed!! ======================
  &amp#27;[32mWhen &amp#27;[0m&amp#27;[32mthe user click on the even number question link&amp#27;[0m                                      &amp#27;[90m# StepDefinitions.ArrayStepDefintions.the_user_click_on_the_even_numbers_link()&amp#27;[0m
  &amp#27;[32mThen &amp#27;[0m&amp#27;[32mthe user should be redirected to practice question page for even number of digits&amp#27;[0m    &amp#27;[90m# StepDefinitions.ArrayStepDefintions.the_user_should_be_redirected_to_practice_question_page_for_even_number_of_digits()&amp#27;[0m
[INFO ] 2024-12-17 11:58:55.528 [TestNG-PoolService-1] Hooks - ======================  Test Execution is completed!! ======================
]]></system-out>
  </testcase>
  <testcase name="runScenario[&quot;validate user able to navigate to practice question page for even number question&quot;, &quot;Array detail page&quot;](23)" classname="TestRunners.TestRunner" time="1.033">
    <system-out><![CDATA[
Scenario: validate user able to navigate to practice question page for sorted array question &amp#27;[90m# src/test/resources/Features/ArrayDetailsPage.feature:125&amp#27;[0m
]]></system-out>
  </testcase>
  <testcase name="runScenario[&quot;validate user able to navigate to practice question page for even number question&quot;, &quot;Array detail page&quot;](23)" classname="TestRunners.TestRunner" time="0.374">
    <system-out><![CDATA[
Scenario: validate user able to navigate to practice question page for sorted array question &amp#27;[90m# src/test/resources/Features/ArrayDetailsPage.feature:125&amp#27;[0m
]]></system-out>
  </testcase>
  <testcase name="runScenario[&quot;validate user able to navigate to practice question page for search the array question&quot;, &quot;Array detail page&quot;](24)" classname="TestRunners.TestRunner" time="0.667">
    <system-out><![CDATA[
Scenario Outline: Validate user is able to run the code in tryEditor for Search the array link                            &amp#27;[90m# src/test/resources/Features/ArrayDetailsPage.feature:136&amp#27;[0m
]]></system-out>
  </testcase>
  <testcase name="runScenario[&quot;Validate user is able to Submit the code in tryEditor for Search the array link&quot;, &quot;Array detail page&quot;](26)" classname="TestRunners.TestRunner" time="1.977">
    <failure message="expected [ Some Tests failed. Please review code] but found [Error occurred during submission]" type="java.lang.AssertionError"><![CDATA[java.lang.AssertionError: expected [ Some Tests failed. Please review code] but found [Error occurred during submission]
]]></failure>
    <system-out><![CDATA[
Scenario: Validate user is presented with error message for the code with the invalid syntax in tryEditor for search the array link &amp#27;[90m# src/test/resources/Features/ArrayDetailsPage.feature:148&amp#27;[0m
  &amp#27;[32mWhen &amp#27;[0m&amp#27;[32mThe user enter python code in tryEditor page sheet &amp#27;[0m&amp#27;[32m&amp#27;[1m"pythonCode"&amp#27;[0m&amp#27;[32m and row &amp#27;[0m&amp#27;[32m&amp#27;[1m0&amp#27;[0m&amp#27;[32m for the Question and click on run button&amp#27;[0m &amp#27;[90m# StepDefinitions.ArrayStepDefintions.the_user_enter_valid_python_code_in_try_editor_page_sheet_and_for_the_question_run_button(java.lang.String,int)&amp#27;[0m
  &amp#27;[32mWhen &amp#27;[0m&amp#27;[32mThe user enter python code in tryEditor page sheet &amp#27;[0m&amp#27;[32m&amp#27;[1m"pythonCode"&amp#27;[0m&amp#27;[32m and row &amp#27;[0m&amp#27;[32m&amp#27;[1m1&amp#27;[0m&amp#27;[32m for the Question and click on submit button&amp#27;[0m &amp#27;[90m# StepDefinitions.ArrayStepDefintions.the_user_enter_valid_python_code_in_try_editor_page_sheet_and_for_the_question_submit_button(java.lang.String,int)&amp#27;[0m
  &amp#27;[31mThen &amp#27;[0m&amp#27;[31mthe user should be presented with the Run result from sheet &amp#27;[0m&amp#27;[31m&amp#27;[1m"pythonCode"&amp#27;[0m&amp#27;[31m and row &amp#27;[0m&amp#27;[31m&amp#27;[1m0&amp#27;[0m                                 &amp#27;[90m# StepDefinitions.ArrayStepDefintions.the_user_should_be_presented_with_the_run_result(java.lang.String,int)&amp#27;[0m
      &amp#27;[31morg.openqa.selenium.UnhandledAlertException: Unexpected alert dialog detected. Performed handler "dismiss". Dialog text: SyntaxError: bad input on line 2: 
Build info: version: '4.26.0', revision: '8ccf0219d7'
System info: os.name: 'Windows 11', os.arch: 'amd64', os.version: '10.0', java.version: '21.0.5'
Driver info: org.openqa.selenium.firefox.FirefoxDriver
Command: [4987ec6d-ae72-49b4-a049-42a30cfa8eab, findElement {value=#output, using=css selector}]
Capabilities {acceptInsecureCerts: true, browserName: firefox, browserVersion: 133.0.3, moz:accessibilityChecks: false, moz:buildID: 20241209150345, moz:debuggerAddress: 127.0.0.1:29934, moz:geckodriverVersion: 0.35.0, moz:headless: false, moz:platformVersion: 10.0, moz:processID: 23148, moz:profile: C:\Users\vamsh\AppData\Loca..., moz:shutdownTimeout: 60000, moz:webdriverClick: true, moz:windowless: false, pageLoadStrategy: normal, platformName: windows, proxy: Proxy(), se:cdp: ws://127.0.0.1:29934/devtoo..., se:cdpVersion: 85.0, setWindowRect: true, strictFileInteractability: false, timeouts: {implicit: 0, pageLoad: 300000, script: 30000}, unhandledPromptBehavior: dismiss and notify, userAgent: Mozilla/5.0 (Windows NT 10....}
Session ID: 4987ec6d-ae72-49b4-a049-42a30cfa8eab
	at org.openqa.selenium.remote.codec.w3c.W3CHttpResponseCodec.decode(W3CHttpResponseCodec.java:136)
	at org.openqa.selenium.remote.codec.w3c.W3CHttpResponseCodec.decode(W3CHttpResponseCodec.java:50)
	at org.openqa.selenium.remote.HttpCommandExecutor.execute(HttpCommandExecutor.java:190)
	at org.openqa.selenium.remote.service.DriverCommandExecutor.invokeExecute(DriverCommandExecutor.java:216)
	at org.openqa.selenium.remote.service.DriverCommandExecutor.execute(DriverCommandExecutor.java:174)
	at org.openqa.selenium.remote.RemoteWebDriver.execute(RemoteWebDriver.java:545)
	at org.openqa.selenium.remote.ElementLocation$ElementFinder$2.findElement(ElementLocation.java:165)
	at org.openqa.selenium.remote.ElementLocation.findElement(ElementLocation.java:59)
	at org.openqa.selenium.remote.RemoteWebDriver.findElement(RemoteWebDriver.java:368)
	at org.openqa.selenium.remote.RemoteWebDriver.findElement(RemoteWebDriver.java:362)
	at PageObjects.IntroductionPage.getTextForElement(IntroductionPage.java:106)
	at StepDefinitions.ArrayStepDefintions.the_user_should_be_presented_with_the_run_result(ArrayStepDefintions.java:159)
	at ✽.the user should be presented with the Run result from sheet "pythonCode" and row 0(file:///C:/Projects/newFolder-3/Repo1/src/test/resources/Features/ArrayDetailsPage.feature:133)
&amp#27;[0m
[ERROR] 2024-12-17 11:59:11.358 [TestNG-PoolService-1] Hooks - ======================  TEST CASE FAILED !! ======================

    Embedding screenshot [image/png 66121 bytes]

[INFO ] 2024-12-17 11:59:11.435 [TestNG-PoolService-1] Hooks - ======================  Screenshot is captured  ======================
[INFO ] 2024-12-17 11:59:11.438 [TestNG-PoolService-1] Hooks - ======================  Test Execution is completed!! ======================
  &amp#27;[31mThen &amp#27;[0m&amp#27;[31mthe user should be presented with the Run result from sheet &amp#27;[0m&amp#27;[31m&amp#27;[1m"pythonCode"&amp#27;[0m&amp#27;[31m and row &amp#27;[0m&amp#27;[31m&amp#27;[1m1&amp#27;[0m                                    &amp#27;[90m# StepDefinitions.ArrayStepDefintions.the_user_should_be_presented_with_the_run_result(java.lang.String,int)&amp#27;[0m
      &amp#27;[31mjava.lang.AssertionError: expected [ Some Tests failed. Please review code] but found [Error occurred during submission]
	at org.testng.Assert.fail(Assert.java:111)
	at org.testng.Assert.failNotEquals(Assert.java:1578)
	at org.testng.Assert.assertEqualsImpl(Assert.java:150)
	at org.testng.Assert.assertEquals(Assert.java:132)
	at org.testng.Assert.assertEquals(Assert.java:656)
	at org.testng.Assert.assertEquals(Assert.java:666)
	at StepDefinitions.ArrayStepDefintions.the_user_should_be_presented_with_the_run_result(ArrayStepDefintions.java:159)
	at ✽.the user should be presented with the Run result from sheet "pythonCode" and row 1(file:///C:/Projects/newFolder-3/Repo1/src/test/resources/Features/ArrayDetailsPage.feature:142)
&amp#27;[0m
[ERROR] 2024-12-17 11:59:11.461 [TestNG-PoolService-3] Hooks - ======================  TEST CASE FAILED !! ======================

    Embedding screenshot [image/png 67513 bytes]

[INFO ] 2024-12-17 11:59:11.530 [TestNG-PoolService-3] Hooks - ======================  Screenshot is captured  ======================
[INFO ] 2024-12-17 11:59:11.533 [TestNG-PoolService-3] Hooks - ======================  Test Execution is completed!! ======================
]]></system-out>
  </testcase>
  <testcase name="runScenario[&quot;Validate user is able to run the code in tryEditor for Search the array link&quot;, &quot;Array detail page&quot;](27)" classname="TestRunners.TestRunner" time="0.29">
    <failure message="Unexpected alert dialog detected. Performed handler &quot;dismiss&quot;. Dialog text: SyntaxError: bad input on line 2: &#10;Build info: version: &apos;4.26.0&apos;, revision: &apos;8ccf0219d7&apos;&#10;System info: os.name: &apos;Windows 11&apos;, os.arch: &apos;amd64&apos;, os.version: &apos;10.0&apos;, java.version: &apos;21.0.5&apos;&#10;Driver info: org.openqa.selenium.firefox.FirefoxDriver&#10;Command: [4987ec6d-ae72-49b4-a049-42a30cfa8eab, findElement {value=#output, using=css selector}]&#10;Capabilities {acceptInsecureCerts: true, browserName: firefox, browserVersion: 133.0.3, moz:accessibilityChecks: false, moz:buildID: 20241209150345, moz:debuggerAddress: 127.0.0.1:29934, moz:geckodriverVersion: 0.35.0, moz:headless: false, moz:platformVersion: 10.0, moz:processID: 23148, moz:profile: C:\Users\vamsh\AppData\Loca..., moz:shutdownTimeout: 60000, moz:webdriverClick: true, moz:windowless: false, pageLoadStrategy: normal, platformName: windows, proxy: Proxy(), se:cdp: ws://127.0.0.1:29934/devtoo..., se:cdpVersion: 85.0, setWindowRect: true, strictFileInteractability: false, timeouts: {implicit: 0, pageLoad: 300000, script: 30000}, unhandledPromptBehavior: dismiss and notify, userAgent: Mozilla/5.0 (Windows NT 10....}&#10;Session ID: 4987ec6d-ae72-49b4-a049-42a30cfa8eab" type="org.openqa.selenium.UnhandledAlertException"><![CDATA[org.openqa.selenium.UnhandledAlertException: 
Unexpected alert dialog detected. Performed handler "dismiss". Dialog text: SyntaxError: bad input on line 2: 
Build info: version: '4.26.0', revision: '8ccf0219d7'
System info: os.name: 'Windows 11', os.arch: 'amd64', os.version: '10.0', java.version: '21.0.5'
Driver info: org.openqa.selenium.firefox.FirefoxDriver
Command: [4987ec6d-ae72-49b4-a049-42a30cfa8eab, findElement {value=#output, using=css selector}]
Capabilities {acceptInsecureCerts: true, browserName: firefox, browserVersion: 133.0.3, moz:accessibilityChecks: false, moz:buildID: 20241209150345, moz:debuggerAddress: 127.0.0.1:29934, moz:geckodriverVersion: 0.35.0, moz:headless: false, moz:platformVersion: 10.0, moz:processID: 23148, moz:profile: C:\Users\vamsh\AppData\Loca..., moz:shutdownTimeout: 60000, moz:webdriverClick: true, moz:windowless: false, pageLoadStrategy: normal, platformName: windows, proxy: Proxy(), se:cdp: ws://127.0.0.1:29934/devtoo..., se:cdpVersion: 85.0, setWindowRect: true, strictFileInteractability: false, timeouts: {implicit: 0, pageLoad: 300000, script: 30000}, unhandledPromptBehavior: dismiss and notify, userAgent: Mozilla/5.0 (Windows NT 10....}
Session ID: 4987ec6d-ae72-49b4-a049-42a30cfa8eab
]]></failure>
    <system-out><![CDATA[
Scenario Outline: Validate user is able to run the code in tryEditor for Max Consecutive Ones                             &amp#27;[90m# src/test/resources/Features/ArrayDetailsPage.feature:159&amp#27;[0m
]]></system-out>
  </testcase>
  <testcase name="runScenario[&quot;Validate user is able to Submit the code in tryEditor for Max Consecutive Ones&quot;, &quot;Array detail page&quot;](30)" classname="TestRunners.TestRunner" time="0.607">
    <failure message="expected [ Some Tests failed. Please review code] but found [Error occurred during submission]" type="java.lang.AssertionError"><![CDATA[java.lang.AssertionError: expected [ Some Tests failed. Please review code] but found [Error occurred during submission]
]]></failure>
    <system-out><![CDATA[
Scenario Outline: Validate user is able to run the code in tryEditor for Even number of digits                            &amp#27;[90m# src/test/resources/Features/ArrayDetailsPage.feature:182&amp#27;[0m
]]></system-out>
  </testcase>
  <testcase name="runScenario[&quot;Validate user is able to Submit the code in tryEditor for Max Consecutive Ones&quot;, &quot;Array detail page&quot;](30)" classname="TestRunners.TestRunner" time="3.32">
    <system-out><![CDATA[
Scenario Outline: Validate user is able to run the code in tryEditor for Even number of digits                            &amp#27;[90m# src/test/resources/Features/ArrayDetailsPage.feature:182&amp#27;[0m
findMaxConsecutiveOnes([1,0,1,1,0,1])
  &amp#27;[32mWhen &amp#27;[0m&amp#27;[32mThe user enter python code in tryEditor page sheet &amp#27;[0m&amp#27;[32m&amp#27;[1m"pythonCode"&amp#27;[0m&amp#27;[32m and row &amp#27;[0m&amp#27;[32m&amp#27;[1m3&amp#27;[0m&amp#27;[32m for the Question and click on submit button&amp#27;[0m &amp#27;[90m# StepDefinitions.ArrayStepDefintions.the_user_enter_valid_python_code_in_try_editor_page_sheet_and_for_the_question_submit_button(java.lang.String,int)&amp#27;[0m
  &amp#27;[32mThen &amp#27;[0m&amp#27;[32mthe user should be presented with the Run result from sheet &amp#27;[0m&amp#27;[32m&amp#27;[1m"pythonCode"&amp#27;[0m&amp#27;[32m and row &amp#27;[0m&amp#27;[32m&amp#27;[1m3&amp#27;[0m                                    &amp#27;[90m# StepDefinitions.ArrayStepDefintions.the_user_should_be_presented_with_the_run_result(java.lang.String,int)&amp#27;[0m
[INFO ] 2024-12-17 12:17:11.532 [TestNG-PoolService-3] Hooks - ======================  Test Execution is completed!! ======================
  &amp#27;[32mGiven &amp#27;[0m&amp#27;[32mThe user is on the DS Introduction page as signedIn&amp#27;[0m                                                                        &amp#27;[90m# StepDefinitions.DSIntroductionDetails.the_user_is_on_the_ds_introduction_page_as_signed_in()&amp#27;[0m
  &amp#27;[32mWhen &amp#27;[0m&amp#27;[32mThe user clicks on Get Started link for array&amp#27;[0m                                                                               &amp#27;[90m# StepDefinitions.ArrayStepDefintions.the_user_clicks_on_get_started_link_for_array()&amp#27;[0m
]]></system-out>
  </testcase>
  <testcase name="runScenario[&quot;Validate user is presented with error message for the code with the invalid syntax in tryEditor for Max Consecutive Ones&quot;, &quot;Array detail page&quot;](31)" classname="TestRunners.TestRunner" time="10.563">
    <system-out><![CDATA[
Scenario Outline: Validate user is able to Submit the code in tryEditor for Even number of digits                            &amp#27;[90m# src/test/resources/Features/ArrayDetailsPage.feature:191&amp#27;[0m
  &amp#27;[32mGiven &amp#27;[0m&amp#27;[32mThe user is on the DS Introduction page as signedIn&amp#27;[0m                                                                        &amp#27;[90m# StepDefinitions.DSIntroductionDetails.the_user_is_on_the_ds_introduction_page_as_signed_in()&amp#27;[0m
  &amp#27;[32mWhen &amp#27;[0m&amp#27;[32mThe user clicks on Get Started link for array&amp#27;[0m                                                                               &amp#27;[90m# StepDefinitions.ArrayStepDefintions.the_user_clicks_on_get_started_link_for_array()&amp#27;[0m
  &amp#27;[32mGiven &amp#27;[0m&amp#27;[32mThe user is on the Practice Questions page of Max Consecutive Ones&amp#27;[0m                                                         &amp#27;[90m# StepDefinitions.ArrayStepDefintions.the_user_is_on_the_practice_questions_page_of_max_consecutive_ones()&amp#27;[0m
  &amp#27;[32mWhen &amp#27;[0m&amp#27;[32mthe user click on run button&amp#27;[0m                                                                                                &amp#27;[90m# StepDefinitions.ArrayStepDefintions.the_user_click_on_run_button()&amp#27;[0m
  &amp#27;[32mThen &amp#27;[0m&amp#27;[32mThe user should see an alert error message as &amp#27;[0m&amp#27;[32m&amp#27;[1m"SyntaxError: bad input on line 2"&amp#27;[0m                                            &amp#27;[90m# StepDefinitions.DSIntroductionDetails.the_user_should_see_an_alert_error_message(java.lang.String)&amp#27;[0m
[INFO ] 2024-12-17 11:59:36.971 [TestNG-PoolService-2] Hooks - ======================  Test Execution is completed!! ======================
  &amp#27;[32mGiven &amp#27;[0m&amp#27;[32mThe user is on the DS Introduction page as signedIn&amp#27;[0m                                                               &amp#27;[90m# StepDefinitions.DSIntroductionDetails.the_user_is_on_the_ds_introduction_page_as_signed_in()&amp#27;[0m
  &amp#27;[32mWhen &amp#27;[0m&amp#27;[32mThe user clicks on Get Started link for array&amp#27;[0m                                                                      &amp#27;[90m# StepDefinitions.ArrayStepDefintions.the_user_clicks_on_get_started_link_for_array()&amp#27;[0m
  &amp#27;[32mGiven &amp#27;[0m&amp#27;[32mThe user is on the DS Introduction page as signedIn&amp#27;[0m                                                                  &amp#27;[90m# StepDefinitions.DSIntroductionDetails.the_user_is_on_the_ds_introduction_page_as_signed_in()&amp#27;[0m
]]></system-out>
  </testcase>
  <testcase name="runScenario[&quot;Validate user is presented with error message for the code with the invalid syntax in tryEditor for Max Consecutive Ones&quot;, &quot;Array detail page&quot;](31)" classname="TestRunners.TestRunner" time="2.719">
    <system-out><![CDATA[
Scenario Outline: Validate user is able to Submit the code in tryEditor for Even number of digits                            &amp#27;[90m# src/test/resources/Features/ArrayDetailsPage.feature:191&amp#27;[0m
  &amp#27;[32mGiven &amp#27;[0m&amp#27;[32mThe user is on the Practice Questions page of Max Consecutive Ones&amp#27;[0m                                                         &amp#27;[90m# StepDefinitions.ArrayStepDefintions.the_user_is_on_the_practice_questions_page_of_max_consecutive_ones()&amp#27;[0m
  &amp#27;[32mWhen &amp#27;[0m&amp#27;[32mthe user click on run button&amp#27;[0m                                                                                                &amp#27;[90m# StepDefinitions.ArrayStepDefintions.the_user_click_on_run_button()&amp#27;[0m
  &amp#27;[32mThen &amp#27;[0m&amp#27;[32mThe user should see an alert error message as &amp#27;[0m&amp#27;[32m&amp#27;[1m"SyntaxError: bad input on line 2"&amp#27;[0m                                            &amp#27;[90m# StepDefinitions.DSIntroductionDetails.the_user_should_see_an_alert_error_message(java.lang.String)&amp#27;[0m
[INFO ] 2024-12-17 12:17:14.310 [TestNG-PoolService-1] Hooks - ======================  Test Execution is completed!! ======================
  &amp#27;[32mGiven &amp#27;[0m&amp#27;[32mThe user is on the DS Introduction page as signedIn&amp#27;[0m                                                               &amp#27;[90m# StepDefinitions.DSIntroductionDetails.the_user_is_on_the_ds_introduction_page_as_signed_in()&amp#27;[0m
  &amp#27;[32mWhen &amp#27;[0m&amp#27;[32mThe user clicks on Get Started link for array&amp#27;[0m                                                                      &amp#27;[90m# StepDefinitions.ArrayStepDefintions.the_user_clicks_on_get_started_link_for_array()&amp#27;[0m
]]></system-out>
    <system-err><![CDATA[Dec 17, 2024 12:17:12 PM org.openqa.selenium.devtools.CdpVersionFinder findNearestMatch
WARNING: Unable to find an exact match for CDP version 131, returning the closest version; found: 130; Please update to a Selenium version that supports CDP version 131
]]></system-err>
  </testcase>
  <testcase name="runScenario[&quot;Validate user is able to Submit the code in tryEditor for Even number of digits&quot;, &quot;Array detail page&quot;](33)" classname="TestRunners.TestRunner" time="0.159">
    <system-out><![CDATA[
Scenario Outline: Validate user is able to run the code in tryEditor for Squares of a Sorted Array                        &amp#27;[90m# src/test/resources/Features/ArrayDetailsPage.feature:205&amp#27;[0m
]]></system-out>
  </testcase>
  <testcase name="runScenario[&quot;Validate user is able to Submit the code in tryEditor for Even number of digits&quot;, &quot;Array detail page&quot;](33)" classname="TestRunners.TestRunner" time="4.392">
    <system-out><![CDATA[
Scenario Outline: Validate user is able to run the code in tryEditor for Squares of a Sorted Array                        &amp#27;[90m# src/test/resources/Features/ArrayDetailsPage.feature:205&amp#27;[0m
  &amp#27;[32mGiven &amp#27;[0m&amp#27;[32mThe user is on the Practice Questions page of Find Numbers with Even Number of Digits&amp#27;[0m                                &amp#27;[90m# StepDefinitions.ArrayStepDefintions.the_user_is_on_the_practice_questions_page_of_find_numbers_with_even_number_of_digits()&amp#27;[0m
def findNumbers(nums):
c=0
for i in nums:
j=str(i)
x=len(j)
if x%2==0:
c=c+1
print c
return c
findNumbers([12,345,2,6,7896])
  &amp#27;[32mGiven &amp#27;[0m&amp#27;[32mThe user is on the DS Introduction page as signedIn&amp#27;[0m                                                                         &amp#27;[90m# StepDefinitions.DSIntroductionDetails.the_user_is_on_the_ds_introduction_page_as_signed_in()&amp#27;[0m
  &amp#27;[32mWhen &amp#27;[0m&amp#27;[32mThe user clicks on Get Started link for array&amp#27;[0m                                                                                &amp#27;[90m# StepDefinitions.ArrayStepDefintions.the_user_clicks_on_get_started_link_for_array()&amp#27;[0m
  &amp#27;[32mWhen &amp#27;[0m&amp#27;[32mThe user enter python code in tryEditor page sheet &amp#27;[0m&amp#27;[32m&amp#27;[1m"pythonCode"&amp#27;[0m&amp#27;[32m and row &amp#27;[0m&amp#27;[32m&amp#27;[1m5&amp#27;[0m&amp#27;[32m for the Question and click on submit button&amp#27;[0m &amp#27;[90m# StepDefinitions.ArrayStepDefintions.the_user_enter_valid_python_code_in_try_editor_page_sheet_and_for_the_question_submit_button(java.lang.String,int)&amp#27;[0m
  &amp#27;[32mThen &amp#27;[0m&amp#27;[32mthe user should be presented with the Run result from sheet &amp#27;[0m&amp#27;[32m&amp#27;[1m"pythonCode"&amp#27;[0m&amp#27;[32m and row &amp#27;[0m&amp#27;[32m&amp#27;[1m5&amp#27;[0m                                    &amp#27;[90m# StepDefinitions.ArrayStepDefintions.the_user_should_be_presented_with_the_run_result(java.lang.String,int)&amp#27;[0m
[INFO ] 2024-12-17 12:17:22.773 [TestNG-PoolService-3] Hooks - ======================  Test Execution is completed!! ======================
  &amp#27;[32mGiven &amp#27;[0m&amp#27;[32mThe user is on the Practice Questions page of Find Numbers with Even Number of Digits&amp#27;[0m                                       &amp#27;[90m# StepDefinitions.ArrayStepDefintions.the_user_is_on_the_practice_questions_page_of_find_numbers_with_even_number_of_digits()&amp#27;[0m
]]></system-out>
    <system-err><![CDATA[Dec 17, 2024 12:17:22 PM org.openqa.selenium.devtools.CdpVersionFinder findNearestMatch
WARNING: Unable to find an exact match for CDP version 131, returning the closest version; found: 130; Please update to a Selenium version that supports CDP version 131
]]></system-err>
  </testcase>
  <testcase name="runScenario[&quot;Validate user is presented with error message for the code with the invalid syntax in tryEditor for Even number of digits&quot;, &quot;Array detail page&quot;](34)" classname="TestRunners.TestRunner" time="8.448">
    <system-out><![CDATA[
Scenario Outline: Validate user is able to Submit the code in tryEditor for Squares of a Sorted Array                        &amp#27;[90m# src/test/resources/Features/ArrayDetailsPage.feature:214&amp#27;[0m
  &amp#27;[32mGiven &amp#27;[0m&amp#27;[32mThe user is on the DS Introduction page as signedIn&amp#27;[0m                                                                         &amp#27;[90m# StepDefinitions.DSIntroductionDetails.the_user_is_on_the_ds_introduction_page_as_signed_in()&amp#27;[0m
  &amp#27;[32mWhen &amp#27;[0m&amp#27;[32mThe user clicks on Get Started link for array&amp#27;[0m                                                                                &amp#27;[90m# StepDefinitions.ArrayStepDefintions.the_user_clicks_on_get_started_link_for_array()&amp#27;[0m
  &amp#27;[32mGiven &amp#27;[0m&amp#27;[32mThe user is on the Practice Questions page of Find Numbers with Even Number of Digits&amp#27;[0m                                       &amp#27;[90m# StepDefinitions.ArrayStepDefintions.the_user_is_on_the_practice_questions_page_of_find_numbers_with_even_number_of_digits()&amp#27;[0m
  &amp#27;[32mWhen &amp#27;[0m&amp#27;[32mthe user click on run button&amp#27;[0m                                                                                                 &amp#27;[90m# StepDefinitions.ArrayStepDefintions.the_user_click_on_run_button()&amp#27;[0m
  &amp#27;[32mThen &amp#27;[0m&amp#27;[32mThe user should see an alert error message as &amp#27;[0m&amp#27;[32m&amp#27;[1m"SyntaxError: bad input on line 2"&amp#27;[0m                                             &amp#27;[90m# StepDefinitions.DSIntroductionDetails.the_user_should_see_an_alert_error_message(java.lang.String)&amp#27;[0m
[INFO ] 2024-12-17 11:59:51.695 [TestNG-PoolService-2] Hooks - ======================  Test Execution is completed!! ======================
]]></system-out>
  </testcase>
  <testcase name="runScenario[&quot;Validate user is presented with error message for the code with the invalid syntax in tryEditor for Even number of digits&quot;, &quot;Array detail page&quot;](34)" classname="TestRunners.TestRunner" time="1.412">
    <system-out><![CDATA[
Scenario Outline: Validate user is able to Submit the code in tryEditor for Squares of a Sorted Array                        &amp#27;[90m# src/test/resources/Features/ArrayDetailsPage.feature:214&amp#27;[0m
  &amp#27;[32mWhen &amp#27;[0m&amp#27;[32mthe user click on run button&amp#27;[0m                                                                                                 &amp#27;[90m# StepDefinitions.ArrayStepDefintions.the_user_click_on_run_button()&amp#27;[0m
  &amp#27;[32mThen &amp#27;[0m&amp#27;[32mThe user should see an alert error message as &amp#27;[0m&amp#27;[32m&amp#27;[1m"SyntaxError: bad input on line 2"&amp#27;[0m                                             &amp#27;[90m# StepDefinitions.DSIntroductionDetails.the_user_should_see_an_alert_error_message(java.lang.String)&amp#27;[0m
[INFO ] 2024-12-17 12:17:24.219 [TestNG-PoolService-1] Hooks - ======================  Test Execution is completed!! ======================
  &amp#27;[32mGiven &amp#27;[0m&amp#27;[32mThe user is on the DS Introduction page as signedIn&amp#27;[0m                                                               &amp#27;[90m# StepDefinitions.DSIntroductionDetails.the_user_is_on_the_ds_introduction_page_as_signed_in()&amp#27;[0m
  &amp#27;[32mWhen &amp#27;[0m&amp#27;[32mThe user clicks on Get Started link for array&amp#27;[0m                                                                      &amp#27;[90m# StepDefinitions.ArrayStepDefintions.the_user_clicks_on_get_started_link_for_array()&amp#27;[0m
]]></system-out>
  </testcase>
  <testcase name="runScenario[&quot;Validate user is able to Submit the code in tryEditor for Squares of a Sorted Array&quot;, &quot;Array detail page&quot;](36)" classname="TestRunners.TestRunner" time="0.723">
    <system-out><![CDATA[
Scenario: Validate the DS dropdown without signIN                                                         &amp#27;[90m# src/test/resources/Features/DSIntroductionPage.feature:3&amp#27;[0m
  &amp#27;[32mGiven &amp#27;[0m&amp#27;[32mThe user is on the Practice Questions page of Squares of a Sorted Array&amp#27;[0m                                                         &amp#27;[90m# StepDefinitions.ArrayStepDefintions.the_user_is_on_the_practice_questions_page_of_squares_of_a_sorted_array()&amp#27;[0m
]]></system-out>
  </testcase>
  <testcase name="runScenario[&quot;Validate user is presented with error message for the code with the invalid syntax in tryEditor for Squares of a Sorted Array&quot;, &quot;Array detail page&quot;](37)" classname="TestRunners.TestRunner" time="2.098">
    <system-out><![CDATA[
Scenario: Verify warning message when user navigate to DS details page without signIn         &amp#27;[90m# src/test/resources/Features/DSIntroductionPage.feature:8&amp#27;[0m
  &amp#27;[32mWhen &amp#27;[0m&amp#27;[32mthe user click on run button&amp#27;[0m                                                                                                     &amp#27;[90m# StepDefinitions.ArrayStepDefintions.the_user_click_on_run_button()&amp#27;[0m
  &amp#27;[32mThen &amp#27;[0m&amp#27;[32mThe user should see an alert error message as &amp#27;[0m&amp#27;[32m&amp#27;[1m"SyntaxError: bad input on line 2"&amp#27;[0m                                                 &amp#27;[90m# StepDefinitions.DSIntroductionDetails.the_user_should_see_an_alert_error_message(java.lang.String)&amp#27;[0m
[INFO ] 2024-12-17 12:00:08.878 [TestNG-PoolService-2] Hooks - ======================  Test Execution is completed!! ======================
]]></system-out>
  </testcase>
  <testcase name="runScenario[&quot;Verify warning message when user navigate to DS details page without signIn&quot;, &quot;DS Introduction Page&quot;](38)" classname="TestRunners.TestRunner" time="12.568">
    <system-out><![CDATA[
Scenario: Validate user lands on register page when clicked on register &amp#27;[90m# src/test/resources/Features/DSIntroductionPage.feature:13&amp#27;[0m
  &amp#27;[32mGiven &amp#27;[0m&amp#27;[32mThe user should open the DS Algo Portal URL in any supported browser&amp#27;[0m                              &amp#27;[90m# StepDefinitions.DSIntroductionDetails.the_user_should_open_the_ds_algo_portal_url_in_any_supported_browser()&amp#27;[0m
  &amp#27;[32mWhen &amp#27;[0m&amp#27;[32mThe user clicks the data structure dropdown arrow&amp#27;[0m                                                  &amp#27;[90m# StepDefinitions.DSIntroductionDetails.the_user_clicks_the_data_structure_dropdown_arrow()&amp#27;[0m
  &amp#27;[32mThen &amp#27;[0m&amp#27;[32mThe user should able to see siz options Arrays Linked,List,Stack,Queue,Tree,Graph in dropdown menu&amp#27;[0m &amp#27;[90m# StepDefinitions.DSIntroductionDetails.the_user_should_able_to_see_siz_options_arrays_linked_list_stack_queue_tree_graph_in_dropdown_menu()&amp#27;[0m
[INFO ] 2024-12-17 12:00:19.415 [TestNG-PoolService-3] Hooks - ======================  Test Execution is completed!! ======================
  &amp#27;[32mGiven &amp#27;[0m&amp#27;[32mThe user is on the DS Introduction page&amp#27;[0m                         &amp#27;[90m# StepDefinitions.DSIntroductionDetails.the_user_is_on_the_ds_introduction_page()&amp#27;[0m
  &amp#27;[32mGiven &amp#27;[0m&amp#27;[32mThe user is on the DS Introduction page&amp#27;[0m                                               &amp#27;[90m# StepDefinitions.DSIntroductionDetails.the_user_is_on_the_ds_introduction_page()&amp#27;[0m
  &amp#27;[32mWhen &amp#27;[0m&amp#27;[32mThe user clicks Register link on the DS Introduction page&amp#27;[0m        &amp#27;[90m# StepDefinitions.DSIntroductionDetails.the_user_clicks_register_link_on_the_ds_introduction_page()&amp#27;[0m
  &amp#27;[32mThen &amp#27;[0m&amp#27;[32mThe user should navigate to register page&amp#27;[0m                        &amp#27;[90m# StepDefinitions.DSIntroductionDetails.the_user_should_navigate_to_register_page()&amp#27;[0m
[INFO ] 2024-12-17 12:00:21.135 [TestNG-PoolService-2] Hooks - ======================  Test Execution is completed!! ======================
  &amp#27;[32mWhen &amp#27;[0m&amp#27;[32mThe user clicks any Get Started buttons of data structures on the DS Introduction page&amp#27;[0m &amp#27;[90m# StepDefinitions.DSIntroductionDetails.the_user_clicks_any_get_started_buttons_of_data_structures_on_the_ds_introduction_page()&amp#27;[0m
  &amp#27;[32mThen &amp#27;[0m&amp#27;[32mThe user should able to see an warning message You are not logged in&amp#27;[0m                   &amp#27;[90m# StepDefinitions.DSIntroductionDetails.the_user_should_able_to_see_an_warning_message_you_are_not_logged_in()&amp#27;[0m
[INFO ] 2024-12-17 12:00:21.828 [TestNG-PoolService-1] Hooks - ======================  Test Execution is completed!! ======================
]]></system-out>
  </testcase>
  <testcase name="runScenario[&quot;Validate user lands on register page when clicked on register&quot;, &quot;DS Introduction Page&quot;](39)" classname="TestRunners.TestRunner" time="0.021">
    <system-out><![CDATA[
Scenario: Clicking on get started for data structers lands on Data Structers details page &amp#27;[90m# src/test/resources/Features/DSIntroductionPage.feature:18&amp#27;[0m
]]></system-out>
  </testcase>
  <testcase name="runScenario[&quot;Validate the DS dropdown without signIN&quot;, &quot;DS Introduction Page&quot;](40)" classname="TestRunners.TestRunner" time="0.242">
    <system-out><![CDATA[
Scenario: Clicking on time complexity navigate to the page  &amp#27;[90m# src/test/resources/Features/DSIntroductionPage.feature:23&amp#27;[0m
]]></system-out>
  </testcase>
  <testcase name="runScenario[&quot;Clicking on time complexity navigate to the page&quot;, &quot;DS Introduction Page&quot;](41)" classname="TestRunners.TestRunner" time="16.267">
    <system-out><![CDATA[
Scenario: Clicking on Try Here on time complexity opens python editor &amp#27;[90m# src/test/resources/Features/DSIntroductionPage.feature:28&amp#27;[0m
  &amp#27;[32mGiven &amp#27;[0m&amp#27;[32mThe user is on the DS Introduction page as signedIn&amp#27;[0m &amp#27;[90m# StepDefinitions.DSIntroductionDetails.the_user_is_on_the_ds_introduction_page_as_signed_in()&amp#27;[0m
  &amp#27;[32mGiven &amp#27;[0m&amp#27;[32mThe user is on the DS Introduction page as signedIn&amp#27;[0m                               &amp#27;[90m# StepDefinitions.DSIntroductionDetails.the_user_is_on_the_ds_introduction_page_as_signed_in()&amp#27;[0m
  &amp#27;[32mWhen &amp#27;[0m&amp#27;[32mThe user clicks the Time Complexity button&amp#27;[0m           &amp#27;[90m# StepDefinitions.DSIntroductionDetails.the_user_clicks_the_time_complexity_button()&amp#27;[0m
  &amp#27;[32mWhen &amp#27;[0m&amp#27;[32mThe user clicks the Get Started button of DS Introduction&amp#27;[0m                          &amp#27;[90m# StepDefinitions.DSIntroductionDetails.the_user_clicks_the_get_started_button_of_ds_introduction()&amp#27;[0m
  &amp#27;[32mGiven &amp#27;[0m&amp#27;[32mThe user is on the DS Introduction page as signedIn&amp#27;[0m           &amp#27;[90m# StepDefinitions.DSIntroductionDetails.the_user_is_on_the_ds_introduction_page_as_signed_in()&amp#27;[0m
  &amp#27;[32mThen &amp#27;[0m&amp#27;[32mUser should navigate to Time Complexity page&amp#27;[0m         &amp#27;[90m# StepDefinitions.DSIntroductionDetails.user_should_navigate_to_time_complexity_page()&amp#27;[0m
[INFO ] 2024-12-17 12:00:35.769 [TestNG-PoolService-2] Hooks - ======================  Test Execution is completed!! ======================
  &amp#27;[32mThen &amp#27;[0m&amp#27;[32mThe user should navigate to DS Intoduction details page&amp#27;[0m                            &amp#27;[90m# StepDefinitions.DSIntroductionDetails.the_user_should_navigate_to_ds_intoduction_details_page()&amp#27;[0m
[INFO ] 2024-12-17 12:00:35.823 [TestNG-PoolService-1] Hooks - ======================  Test Execution is completed!! ======================
  &amp#27;[32mWhen &amp#27;[0m&amp#27;[32mUser clicks Try here link of time complexity page&amp#27;[0m              &amp#27;[90m# StepDefinitions.DSIntroductionDetails.user_clicks_try_here_link_of_time_complexity_page()&amp#27;[0m
  &amp#27;[32mThen &amp#27;[0m&amp#27;[32mUser should navigate to tryEditor page&amp#27;[0m                         &amp#27;[90m# StepDefinitions.DSIntroductionDetails.user_should_navigate_to_try_editor_page()&amp#27;[0m
[INFO ] 2024-12-17 12:00:37.651 [TestNG-PoolService-3] Hooks - ======================  Test Execution is completed!! ======================
]]></system-out>
  </testcase>
  <testcase name="runScenario[&quot;Clicking on Try Here on time complexity opens python editor&quot;, &quot;DS Introduction Page&quot;](42)" classname="TestRunners.TestRunner" time="0.412">
    <system-out><![CDATA[
Scenario: Error message displayed for invalid code on try editor for Time Complexity &amp#27;[90m# src/test/resources/Features/DSIntroductionPage.feature:33&amp#27;[0m
]]></system-out>
  </testcase>
  <testcase name="runScenario[&quot;Clicking on get started for data structers lands on Data Structers details page&quot;, &quot;DS Introduction Page&quot;](43)" classname="TestRunners.TestRunner" time="0.205">
    <system-out><![CDATA[
Scenario: No error message displayed for empty code on try editor for Time Complexity &amp#27;[90m# src/test/resources/Features/DSIntroductionPage.feature:38&amp#27;[0m
]]></system-out>
  </testcase>
  <testcase name="runScenario[&quot;No error message displayed for empty code on try editor for Time Complexity&quot;, &quot;DS Introduction Page&quot;](44)" classname="TestRunners.TestRunner" time="17.162">
    <system-out><![CDATA[
Scenario: Valid code on try editor for Time Complexity runs successfully &amp#27;[90m# src/test/resources/Features/DSIntroductionPage.feature:43&amp#27;[0m
  &amp#27;[32mGiven &amp#27;[0m&amp#27;[32mUser is on try here page of time complexity as signedIn&amp#27;[0m                       &amp#27;[90m# StepDefinitions.DSIntroductionDetails.user_is_on_try_here_page_of_time_complexity_as_signedIn()&amp#27;[0m
  &amp#27;[32mGiven &amp#27;[0m&amp#27;[32mUser is on try here page of time complexity as signedIn&amp#27;[0m                      &amp#27;[90m# StepDefinitions.DSIntroductionDetails.user_is_on_try_here_page_of_time_complexity_as_signedIn()&amp#27;[0m
  &amp#27;[32mGiven &amp#27;[0m&amp#27;[32mUser is on try here page of time complexity as signedIn&amp#27;[0m          &amp#27;[90m# StepDefinitions.DSIntroductionDetails.user_is_on_try_here_page_of_time_complexity_as_signedIn()&amp#27;[0m
  &amp#27;[32mWhen &amp#27;[0m&amp#27;[32mUser clicks on run button with empty code&amp#27;[0m                                      &amp#27;[90m# StepDefinitions.DSIntroductionDetails.user_clicks_on_run_button_with_empty_code()&amp#27;[0m
  &amp#27;[32mThen &amp#27;[0m&amp#27;[32mThe user should not see any error message or alert&amp#27;[0m                             &amp#27;[90m# StepDefinitions.DSIntroductionDetails.the_user_should_not_see_any_error_message_or_alert()&amp#27;[0m
[INFO ] 2024-12-17 12:00:54.221 [TestNG-PoolService-3] Hooks - ======================  Test Execution is completed!! ======================
  &amp#27;[32mWhen &amp#27;[0m&amp#27;[32mUser writes invalid code and clicks run button&amp#27;[0m                                &amp#27;[90m# StepDefinitions.DSIntroductionDetails.user_writes_invalid_code_and_clicks_run_button()&amp#27;[0m
  &amp#27;[31mThen &amp#27;[0m&amp#27;[31mThe user should able to see an error message in alert window&amp#27;[0m                  &amp#27;[90m# StepDefinitions.DSIntroductionDetails.the_user_should_able_to_see_an_error_message_in_alert_window()&amp#27;[0m
      &amp#27;[31morg.openqa.selenium.NoAlertPresentException: Build info: version: '4.26.0', revision: '8ccf0219d7'
System info: os.name: 'Windows 11', os.arch: 'amd64', os.version: '10.0', java.version: '21.0.5'
Driver info: org.openqa.selenium.firefox.FirefoxDriver
Command: [d33167be-4064-41c0-b1e0-6df5db8006bb, getAlertText {}]
Capabilities {acceptInsecureCerts: true, browserName: firefox, browserVersion: 133.0.3, moz:accessibilityChecks: false, moz:buildID: 20241209150345, moz:debuggerAddress: 127.0.0.1:44424, moz:geckodriverVersion: 0.35.0, moz:headless: false, moz:platformVersion: 10.0, moz:processID: 42832, moz:profile: C:\Users\vamsh\AppData\Loca..., moz:shutdownTimeout: 60000, moz:webdriverClick: true, moz:windowless: false, pageLoadStrategy: normal, platformName: windows, proxy: Proxy(), se:cdp: ws://127.0.0.1:44424/devtoo..., se:cdpVersion: 85.0, setWindowRect: true, strictFileInteractability: false, timeouts: {implicit: 0, pageLoad: 300000, script: 30000}, unhandledPromptBehavior: dismiss and notify, userAgent: Mozilla/5.0 (Windows NT 10....}
Session ID: d33167be-4064-41c0-b1e0-6df5db8006bb
	at java.base/jdk.internal.reflect.DirectConstructorHandleAccessor.newInstance(DirectConstructorHandleAccessor.java:62)
	at java.base/java.lang.reflect.Constructor.newInstanceWithCaller(Constructor.java:502)
	at java.base/java.lang.reflect.Constructor.newInstance(Constructor.java:486)
	at org.openqa.selenium.remote.ErrorCodec.decode(ErrorCodec.java:167)
	at org.openqa.selenium.remote.codec.w3c.W3CHttpResponseCodec.decode(W3CHttpResponseCodec.java:138)
	at org.openqa.selenium.remote.codec.w3c.W3CHttpResponseCodec.decode(W3CHttpResponseCodec.java:50)
	at org.openqa.selenium.remote.HttpCommandExecutor.execute(HttpCommandExecutor.java:190)
	at org.openqa.selenium.remote.service.DriverCommandExecutor.invokeExecute(DriverCommandExecutor.java:216)
	at org.openqa.selenium.remote.service.DriverCommandExecutor.execute(DriverCommandExecutor.java:174)
	at org.openqa.selenium.remote.RemoteWebDriver.execute(RemoteWebDriver.java:545)
	at org.openqa.selenium.remote.RemoteWebDriver.execute(RemoteWebDriver.java:618)
	at org.openqa.selenium.remote.RemoteWebDriver.execute(RemoteWebDriver.java:622)
	at org.openqa.selenium.remote.RemoteWebDriver$RemoteTargetLocator.alert(RemoteWebDriver.java:1190)
	at PageObjects.IntroductionPage.getAlertText(IntroductionPage.java:134)
	at StepDefinitions.DSIntroductionDetails.the_user_should_able_to_see_an_error_message_in_alert_window(DSIntroductionDetails.java:203)
	at ✽.The user should able to see an error message in alert window(file:///C:/Projects/newFolder-3/Repo1/src/test/resources/Features/DSIntroductionPage.feature:36)
&amp#27;[0m
[ERROR] 2024-12-17 12:00:55.292 [TestNG-PoolService-2] Hooks - ======================  TEST CASE FAILED !! ======================

    Embedding screenshot [image/png 37860 bytes]

[INFO ] 2024-12-17 12:00:55.422 [TestNG-PoolService-2] Hooks - ======================  Screenshot is captured  ======================
[INFO ] 2024-12-17 12:00:55.424 [TestNG-PoolService-2] Hooks - ======================  Test Execution is completed!! ======================
  &amp#27;[32mWhen &amp#27;[0m&amp#27;[32mUser writes valid code and clicks run button&amp#27;[0m                      &amp#27;[90m# StepDefinitions.DSIntroductionDetails.user_writes_valid_code_and_clicks_run_button()&amp#27;[0m
  &amp#27;[32mThen &amp#27;[0m&amp#27;[32mThe user should able to see output in the console&amp#27;[0m                 &amp#27;[90m# StepDefinitions.DSIntroductionDetails.the_user_should_able_to_see_output_in_the_console()&amp#27;[0m
[INFO ] 2024-12-17 12:00:56.117 [TestNG-PoolService-1] Hooks - ======================  Test Execution is completed!! ======================
]]></system-out>
  </testcase>
  <testcase name="runScenario[&quot;Valid code on try editor for Time Complexity runs successfully&quot;, &quot;DS Introduction Page&quot;](45)" classname="TestRunners.TestRunner" time="1.114">
    <system-out><![CDATA[
Scenario: Validate user navigated to graph details page when clicked on get started &amp#27;[90m# src/test/resources/Features/GraphHomepage.feature:8&amp#27;[0m
]]></system-out>
  </testcase>
  <testcase name="runScenario[&quot;Error message displayed for invalid code on try editor for Time Complexity&quot;, &quot;DS Introduction Page&quot;](46)" classname="TestRunners.TestRunner" time="0.058">
    <failure message="Build info: version: &apos;4.26.0&apos;, revision: &apos;8ccf0219d7&apos;&#10;System info: os.name: &apos;Windows 11&apos;, os.arch: &apos;amd64&apos;, os.version: &apos;10.0&apos;, java.version: &apos;21.0.5&apos;&#10;Driver info: org.openqa.selenium.firefox.FirefoxDriver&#10;Command: [d33167be-4064-41c0-b1e0-6df5db8006bb, getAlertText {}]&#10;Capabilities {acceptInsecureCerts: true, browserName: firefox, browserVersion: 133.0.3, moz:accessibilityChecks: false, moz:buildID: 20241209150345, moz:debuggerAddress: 127.0.0.1:44424, moz:geckodriverVersion: 0.35.0, moz:headless: false, moz:platformVersion: 10.0, moz:processID: 42832, moz:profile: C:\Users\vamsh\AppData\Loca..., moz:shutdownTimeout: 60000, moz:webdriverClick: true, moz:windowless: false, pageLoadStrategy: normal, platformName: windows, proxy: Proxy(), se:cdp: ws://127.0.0.1:44424/devtoo..., se:cdpVersion: 85.0, setWindowRect: true, strictFileInteractability: false, timeouts: {implicit: 0, pageLoad: 300000, script: 30000}, unhandledPromptBehavior: dismiss and notify, userAgent: Mozilla/5.0 (Windows NT 10....}&#10;Session ID: d33167be-4064-41c0-b1e0-6df5db8006bb" type="org.openqa.selenium.NoAlertPresentException"><![CDATA[org.openqa.selenium.NoAlertPresentException: 
Build info: version: '4.26.0', revision: '8ccf0219d7'
System info: os.name: 'Windows 11', os.arch: 'amd64', os.version: '10.0', java.version: '21.0.5'
Driver info: org.openqa.selenium.firefox.FirefoxDriver
Command: [d33167be-4064-41c0-b1e0-6df5db8006bb, getAlertText {}]
Capabilities {acceptInsecureCerts: true, browserName: firefox, browserVersion: 133.0.3, moz:accessibilityChecks: false, moz:buildID: 20241209150345, moz:debuggerAddress: 127.0.0.1:44424, moz:geckodriverVersion: 0.35.0, moz:headless: false, moz:platformVersion: 10.0, moz:processID: 42832, moz:profile: C:\Users\vamsh\AppData\Loca..., moz:shutdownTimeout: 60000, moz:webdriverClick: true, moz:windowless: false, pageLoadStrategy: normal, platformName: windows, proxy: Proxy(), se:cdp: ws://127.0.0.1:44424/devtoo..., se:cdpVersion: 85.0, setWindowRect: true, strictFileInteractability: false, timeouts: {implicit: 0, pageLoad: 300000, script: 30000}, unhandledPromptBehavior: dismiss and notify, userAgent: Mozilla/5.0 (Windows NT 10....}
Session ID: d33167be-4064-41c0-b1e0-6df5db8006bb
]]></failure>
    <system-out><![CDATA[
Scenario: Validate user can navigate to Graph in Graph page    &amp#27;[90m# src/test/resources/Features/GraphHomepage.feature:11&amp#27;[0m
]]></system-out>
  </testcase>
  <testcase name="runScenario[&quot;No error message displayed for empty code on try editor for graphs page&quot;, &quot;Title of your feature&quot;](50)" classname="TestRunners.TestRunner" time="14.554">
    <system-out><![CDATA[
Scenario: Valid code on try editor for graphs runs successfully &amp#27;[90m# src/test/resources/Features/GraphHomepage.feature:31&amp#27;[0m
  &amp#27;[32mGiven &amp#27;[0m&amp#27;[32mThe user is on the DS Introduction page as signedIn&amp#27;[0m                      &amp#27;[90m# StepDefinitions.DSIntroductionDetails.the_user_is_on_the_ds_introduction_page_as_signed_in()&amp#27;[0m
  &amp#27;[32mWhen &amp#27;[0m&amp#27;[32mThe user clicks on Get Started link for graph&amp#27;[0m                             &amp#27;[90m# StepDefinitions.GraphStepDefintions.the_user_clicks_on_get_started_link_for_graph()&amp#27;[0m
  &amp#27;[32mGiven &amp#27;[0m&amp#27;[32mThe user is on the DS Introduction page as signedIn&amp#27;[0m                       &amp#27;[90m# StepDefinitions.DSIntroductionDetails.the_user_is_on_the_ds_introduction_page_as_signed_in()&amp#27;[0m
  &amp#27;[32mWhen &amp#27;[0m&amp#27;[32mThe user clicks on Get Started link for graph&amp#27;[0m                              &amp#27;[90m# StepDefinitions.GraphStepDefintions.the_user_clicks_on_get_started_link_for_graph()&amp#27;[0m
  &amp#27;[32mGiven &amp#27;[0m&amp#27;[32mThe user is on the graphs page under graph detials&amp#27;[0m                       &amp#27;[90m# StepDefinitions.GraphStepDefintions.the_user_is_on_the_graphs_page_under_graph_detials()&amp#27;[0m
  &amp#27;[32mGiven &amp#27;[0m&amp#27;[32mThe user is on the graphs page under graph detials&amp#27;[0m                        &amp#27;[90m# StepDefinitions.GraphStepDefintions.the_user_is_on_the_graphs_page_under_graph_detials()&amp#27;[0m
  &amp#27;[32mGiven &amp#27;[0m&amp#27;[32mThe user is on the DS Introduction page as signedIn&amp#27;[0m     &amp#27;[90m# StepDefinitions.DSIntroductionDetails.the_user_is_on_the_ds_introduction_page_as_signed_in()&amp#27;[0m
  &amp#27;[32mWhen &amp#27;[0m&amp#27;[32mThe user clicks on Get Started link for graph&amp#27;[0m            &amp#27;[90m# StepDefinitions.GraphStepDefintions.the_user_clicks_on_get_started_link_for_graph()&amp#27;[0m
  &amp#27;[32mWhen &amp#27;[0m&amp#27;[32mUser clicks on run button with empty code&amp#27;[0m                                  &amp#27;[90m# StepDefinitions.DSIntroductionDetails.user_clicks_on_run_button_with_empty_code()&amp#27;[0m
  &amp#27;[32mThen &amp#27;[0m&amp#27;[32mThe user should not see any error message or alert&amp#27;[0m                         &amp#27;[90m# StepDefinitions.DSIntroductionDetails.the_user_should_not_see_any_error_message_or_alert()&amp#27;[0m
[INFO ] 2024-12-17 12:01:28.836 [TestNG-PoolService-1] Hooks - ======================  Test Execution is completed!! ======================
  &amp#27;[32mGiven &amp#27;[0m&amp#27;[32mThe user is on the graphs page under graph detials&amp#27;[0m      &amp#27;[90m# StepDefinitions.GraphStepDefintions.the_user_is_on_the_graphs_page_under_graph_detials()&amp#27;[0m
  &amp#27;[32mWhen &amp#27;[0m&amp#27;[32mUser writes invalid code and clicks run button&amp#27;[0m                            &amp#27;[90m# StepDefinitions.DSIntroductionDetails.user_writes_invalid_code_and_clicks_run_button()&amp#27;[0m
  &amp#27;[32mThen &amp#27;[0m&amp#27;[32mThe user should able to see an error message in alert window&amp#27;[0m              &amp#27;[90m# StepDefinitions.DSIntroductionDetails.the_user_should_able_to_see_an_error_message_in_alert_window()&amp#27;[0m
[INFO ] 2024-12-17 12:01:29.227 [TestNG-PoolService-3] Hooks - ======================  Test Execution is completed!! ======================
]]></system-out>
  </testcase>
  <testcase name="runScenario[&quot;Error message displayed for invalid code on try Editor for graphs page&quot;, &quot;Title of your feature&quot;](51)" classname="TestRunners.TestRunner" time="1.12">
    <system-out><![CDATA[
Scenario: Validate user can navigate to Graph Representations page &amp#27;[90m# src/test/resources/Features/GraphHomepage.feature:36&amp#27;[0m
]]></system-out>
  </testcase>
  <testcase name="runScenario[&quot;Error message displayed for invalid code on try Editor for graph representations page&quot;, &quot;Title of your feature&quot;](55)" classname="TestRunners.TestRunner" time="3.925">
    <system-out><![CDATA[
Scenario: Valid code on try editor for graph representations runs successfully &amp#27;[90m# src/test/resources/Features/GraphHomepage.feature:56&amp#27;[0m
  &amp#27;[32mGiven &amp#27;[0m&amp#27;[32mThe user is on the DS Introduction page as signedIn&amp#27;[0m                                     &amp#27;[90m# StepDefinitions.DSIntroductionDetails.the_user_is_on_the_ds_introduction_page_as_signed_in()&amp#27;[0m
  &amp#27;[32mWhen &amp#27;[0m&amp#27;[32mThe user clicks on Get Started link for graph&amp#27;[0m                                            &amp#27;[90m# StepDefinitions.GraphStepDefintions.the_user_clicks_on_get_started_link_for_graph()&amp#27;[0m
  &amp#27;[32mGiven &amp#27;[0m&amp#27;[32mThe user is on the graphs representations page&amp#27;[0m                                          &amp#27;[90m# StepDefinitions.GraphStepDefintions.the_user_is_on_the_graphs_representations_page()&amp#27;[0m
  &amp#27;[32mWhen &amp#27;[0m&amp#27;[32mUser writes invalid code and clicks run button&amp#27;[0m                                           &amp#27;[90m# StepDefinitions.DSIntroductionDetails.user_writes_invalid_code_and_clicks_run_button()&amp#27;[0m
  &amp#27;[32mThen &amp#27;[0m&amp#27;[32mThe user should able to see an error message in alert window&amp#27;[0m                             &amp#27;[90m# StepDefinitions.DSIntroductionDetails.the_user_should_able_to_see_an_error_message_in_alert_window()&amp#27;[0m
[INFO ] 2024-12-17 12:01:49.222 [TestNG-PoolService-2] Hooks - ======================  Test Execution is completed!! ======================
]]></system-out>
  </testcase>
  <testcase name="runScenario[&quot;Error message displayed for invalid code on try Editor for graph representations page&quot;, &quot;Title of your feature&quot;](55)" classname="TestRunners.TestRunner" time="0.972">
    <failure message="element not interactable&#10;  (Session info: MicrosoftEdge=131.0.2903.99)&#10;Build info: version: &apos;4.26.0&apos;, revision: &apos;8ccf0219d7&apos;&#10;System info: os.name: &apos;Windows 11&apos;, os.arch: &apos;amd64&apos;, os.version: &apos;10.0&apos;, java.version: &apos;21.0.5&apos;&#10;Driver info: org.openqa.selenium.edge.EdgeDriver&#10;Command: [debeea8ed15579bbb79f7e95727543a4, sendKeysToElement {value=[Ljava.lang.CharSequence;@43e36030, id=f.EDE2579C4AADF7B3DA8B6EA900D5EB49.d.634FE4F523400EAC6BFC2896324F5313.e.37}]&#10;Capabilities {acceptInsecureCerts: false, browserName: MicrosoftEdge, browserVersion: 131.0.2903.99, fedcm:accounts: true, ms:edgeOptions: {debuggerAddress: localhost:51449}, msedge: {msedgedriverVersion: 131.0.2903.99 (f96a870b1316..., userDataDir: C:\Users\vamsh\AppData\Loca...}, networkConnectionEnabled: false, pageLoadStrategy: normal, platformName: windows, proxy: Proxy(), se:cdp: ws://localhost:51449/devtoo..., se:cdpVersion: 131.0.2903.99, setWindowRect: true, strictFileInteractability: false, timeouts: {implicit: 0, pageLoad: 300000, script: 30000}, unhandledPromptBehavior: dismiss and notify, webauthn:extension:credBlob: true, webauthn:extension:largeBlob: true, webauthn:extension:minPinLength: true, webauthn:extension:prf: true, webauthn:virtualAuthenticators: true}&#10;Element: [[EdgeDriver: MicrosoftEdge on windows (debeea8ed15579bbb79f7e95727543a4)] -&gt; css selector: .CodeMirror textarea]&#10;Session ID: debeea8ed15579bbb79f7e95727543a4" type="org.openqa.selenium.ElementNotInteractableException"><![CDATA[org.openqa.selenium.ElementNotInteractableException: 
element not interactable
  (Session info: MicrosoftEdge=131.0.2903.99)
Build info: version: '4.26.0', revision: '8ccf0219d7'
System info: os.name: 'Windows 11', os.arch: 'amd64', os.version: '10.0', java.version: '21.0.5'
Driver info: org.openqa.selenium.edge.EdgeDriver
Command: [debeea8ed15579bbb79f7e95727543a4, sendKeysToElement {value=[Ljava.lang.CharSequence;@43e36030, id=f.EDE2579C4AADF7B3DA8B6EA900D5EB49.d.634FE4F523400EAC6BFC2896324F5313.e.37}]
Capabilities {acceptInsecureCerts: false, browserName: MicrosoftEdge, browserVersion: 131.0.2903.99, fedcm:accounts: true, ms:edgeOptions: {debuggerAddress: localhost:51449}, msedge: {msedgedriverVersion: 131.0.2903.99 (f96a870b1316..., userDataDir: C:\Users\vamsh\AppData\Loca...}, networkConnectionEnabled: false, pageLoadStrategy: normal, platformName: windows, proxy: Proxy(), se:cdp: ws://localhost:51449/devtoo..., se:cdpVersion: 131.0.2903.99, setWindowRect: true, strictFileInteractability: false, timeouts: {implicit: 0, pageLoad: 300000, script: 30000}, unhandledPromptBehavior: dismiss and notify, webauthn:extension:credBlob: true, webauthn:extension:largeBlob: true, webauthn:extension:minPinLength: true, webauthn:extension:prf: true, webauthn:virtualAuthenticators: true}
Element: [[EdgeDriver: MicrosoftEdge on windows (debeea8ed15579bbb79f7e95727543a4)] -> css selector: .CodeMirror textarea]
Session ID: debeea8ed15579bbb79f7e95727543a4
]]></failure>
    <system-out><![CDATA[
Scenario: Valid code on try editor for graph representations runs successfully &amp#27;[90m# src/test/resources/Features/GraphHomepage.feature:56&amp#27;[0m
  &amp#27;[32mWhen &amp#27;[0m&amp#27;[32mUser clicks on run button with empty code&amp#27;[0m                                                 &amp#27;[90m# StepDefinitions.DSIntroductionDetails.user_clicks_on_run_button_with_empty_code()&amp#27;[0m
  &amp#27;[32mThen &amp#27;[0m&amp#27;[32mThe user should not see any error message or alert&amp#27;[0m                                        &amp#27;[90m# StepDefinitions.DSIntroductionDetails.the_user_should_not_see_any_error_message_or_alert()&amp#27;[0m
[INFO ] 2024-12-17 12:18:25.213 [TestNG-PoolService-3] Hooks - ======================  Test Execution is completed!! ======================
]]></system-out>
  </testcase>
  <testcase name="runScenario[&quot;Valid code on try editor for graph representations runs successfully&quot;, &quot;Title of your feature&quot;](56)" classname="TestRunners.TestRunner" time="9.876">
    <system-out><![CDATA[
Scenario: Validate user lands on default home page                                                    &amp#27;[90m# src/test/resources/Features/HomePage.feature:3&amp#27;[0m
  &amp#27;[32mGiven &amp#27;[0m&amp#27;[32mThe user is on the DS Introduction page as signedIn&amp#27;[0m                                      &amp#27;[90m# StepDefinitions.DSIntroductionDetails.the_user_is_on_the_ds_introduction_page_as_signed_in()&amp#27;[0m
  &amp#27;[32mGiven &amp#27;[0m&amp#27;[32mThe user is on the DS Introduction page as signedIn&amp#27;[0m                    &amp#27;[90m# StepDefinitions.DSIntroductionDetails.the_user_is_on_the_ds_introduction_page_as_signed_in()&amp#27;[0m
  &amp#27;[32mWhen &amp#27;[0m&amp#27;[32mThe user clicks on Get Started link for graph&amp#27;[0m                                             &amp#27;[90m# StepDefinitions.GraphStepDefintions.the_user_clicks_on_get_started_link_for_graph()&amp#27;[0m
  &amp#27;[32mWhen &amp#27;[0m&amp#27;[32mThe user clicks on Get Started link for graph&amp#27;[0m                           &amp#27;[90m# StepDefinitions.GraphStepDefintions.the_user_clicks_on_get_started_link_for_graph()&amp#27;[0m
  &amp#27;[32mGiven &amp#27;[0m&amp#27;[32mThe user is on the graphs representations page&amp#27;[0m                                           &amp#27;[90m# StepDefinitions.GraphStepDefintions.the_user_is_on_the_graphs_representations_page()&amp#27;[0m
  &amp#27;[32mGiven &amp#27;[0m&amp#27;[32mThe user is on the graphs representations page&amp#27;[0m                         &amp#27;[90m# StepDefinitions.GraphStepDefintions.the_user_is_on_the_graphs_representations_page()&amp#27;[0m
  &amp#27;[32mWhen &amp#27;[0m&amp#27;[32mUser clicks on run button with empty code&amp#27;[0m                                                 &amp#27;[90m# StepDefinitions.DSIntroductionDetails.user_clicks_on_run_button_with_empty_code()&amp#27;[0m
  &amp#27;[32mWhen &amp#27;[0m&amp#27;[32mThe user enter the DS_Algo Portal <URL>&amp#27;[0m                                                        &amp#27;[90m# StepDefinitions.HomeStepDefinitions.the_user_enter_the_ds_algo_portal_url()&amp#27;[0m
  &amp#27;[32mWhen &amp#27;[0m&amp#27;[32mUser writes valid code and clicks run button&amp#27;[0m                            &amp#27;[90m# StepDefinitions.DSIntroductionDetails.user_writes_valid_code_and_clicks_run_button()&amp#27;[0m
  &amp#27;[32mThen &amp#27;[0m&amp#27;[32mThe user should able to see output in the console&amp#27;[0m                       &amp#27;[90m# StepDefinitions.DSIntroductionDetails.the_user_should_able_to_see_output_in_the_console()&amp#27;[0m
[INFO ] 2024-12-17 12:01:58.755 [TestNG-PoolService-3] Hooks - ======================  Test Execution is completed!! ======================
  &amp#27;[32mThen &amp#27;[0m&amp#27;[32mThe user should not see any error message or alert&amp#27;[0m                                        &amp#27;[90m# StepDefinitions.DSIntroductionDetails.the_user_should_not_see_any_error_message_or_alert()&amp#27;[0m
[INFO ] 2024-12-17 12:01:58.760 [TestNG-PoolService-1] Hooks - ======================  Test Execution is completed!! ======================
  &amp#27;[31mThen &amp#27;[0m&amp#27;[31mThe user should landed on the DS_Algo Get Started page with message You are at the right place&amp#27;[0m &amp#27;[90m# StepDefinitions.HomeStepDefinitions.the_user_should_landed_on_the_ds_algo_get_started_page_with_message_you_are_at_the_right_place()&amp#27;[0m
      &amp#27;[31mjava.lang.AssertionError: expected [rgba(0, 0, 255, 1)] but found [rgb(0, 0, 255)]
	at org.testng.Assert.fail(Assert.java:111)
	at org.testng.Assert.failNotEquals(Assert.java:1578)
	at org.testng.Assert.assertEqualsImpl(Assert.java:150)
	at org.testng.Assert.assertEquals(Assert.java:132)
	at org.testng.Assert.assertEquals(Assert.java:656)
	at org.testng.Assert.assertEquals(Assert.java:666)
	at StepDefinitions.HomeStepDefinitions.the_user_should_landed_on_the_ds_algo_get_started_page_with_message_you_are_at_the_right_place(HomeStepDefinitions.java:25)
	at ✽.The user should landed on the DS_Algo Get Started page with message You are at the right place(file:///C:/Projects/newFolder-3/Repo1/src/test/resources/Features/HomePage.feature:5)
&amp#27;[0m
[ERROR] 2024-12-17 12:01:58.859 [TestNG-PoolService-2] Hooks - ======================  TEST CASE FAILED !! ======================

    Embedding screenshot [image/png 503197 bytes]

[INFO ] 2024-12-17 12:01:59.071 [TestNG-PoolService-2] Hooks - ======================  Screenshot is captured  ======================
[INFO ] 2024-12-17 12:01:59.072 [TestNG-PoolService-2] Hooks - ======================  Test Execution is completed!! ======================
]]></system-out>
  </testcase>
  <testcase name="runScenario[&quot;No error message displayed for empty code on try editor for graph representations page&quot;, &quot;Title of your feature&quot;](58)" classname="TestRunners.TestRunner" time="0.142">
    <system-out><![CDATA[
Scenario: DS_algo Home page                                    &amp#27;[90m# src/test/resources/Features/LinkedList.feature:7&amp#27;[0m
]]></system-out>
  </testcase>
  <testcase name="runScenario[&quot;Validate user navigate to DS Intro Page&quot;, &quot;DS Homepage&quot;](59)" classname="TestRunners.TestRunner" time="10.64">
    <system-out><![CDATA[
Scenario: Linked List home page                                              &amp#27;[90m# src/test/resources/Features/LinkedList.feature:10&amp#27;[0m
  &amp#27;[32mGiven &amp#27;[0m&amp#27;[32mThe user should open the DS Algo Portal URL in any supported browser&amp#27;[0m                    &amp#27;[90m# StepDefinitions.DSIntroductionDetails.the_user_should_open_the_ds_algo_portal_url_in_any_supported_browser()&amp#27;[0m
  &amp#27;[32mWhen &amp#27;[0m&amp#27;[32mThe user clicks the Get Started button&amp#27;[0m                                                   &amp#27;[90m# StepDefinitions.DSIntroductionDetails.the_user_clicks_the_get_started_button()&amp#27;[0m
  &amp#27;[32mThen &amp#27;[0m&amp#27;[32mThe user should land in Data Structure Introduction Page with register and Sign in links&amp#27;[0m &amp#27;[90m# StepDefinitions.DSIntroductionDetails.the_user_should_land_in_data_structure_introduction_page_with_register_and_sign_in_links()&amp#27;[0m
[INFO ] 2024-12-17 12:02:08.328 [TestNG-PoolService-3] Hooks - ======================  Test Execution is completed!! ======================
  &amp#27;[32mGiven &amp#27;[0m&amp#27;[32mThe user is on the DS Introduction page as signedIn&amp#27;[0m                  &amp#27;[90m# StepDefinitions.DSIntroductionDetails.the_user_is_on_the_ds_introduction_page_as_signed_in()&amp#27;[0m
  &amp#27;[32mAnd &amp#27;[0m&amp#27;[32mUser clicks on Get Started button from Linked List panel&amp#27;[0m               &amp#27;[90m# StepDefinitions.LinkedList.user_clicks_on_get_started_button_from_linked_list_panel()&amp#27;[0m
  &amp#27;[32mGiven &amp#27;[0m&amp#27;[32mThe user is on the DS Introduction page as signedIn&amp#27;[0m    &amp#27;[90m# StepDefinitions.DSIntroductionDetails.the_user_is_on_the_ds_introduction_page_as_signed_in()&amp#27;[0m
  &amp#27;[32mWhen &amp#27;[0m&amp#27;[32mThe user clicks on Linked List from the Data Structure dropdown menu.&amp#27;[0m &amp#27;[90m# StepDefinitions.LinkedList.the_user_clicks_on_linked_list_from_the_data_structure_dropdown_menu()&amp#27;[0m
  &amp#27;[32mThen &amp#27;[0m&amp#27;[32mThe user is redirected to Linked List page.&amp#27;[0m                           &amp#27;[90m# StepDefinitions.LinkedList.the_user_is_redirected_to_linked_list_page()&amp#27;[0m
[INFO ] 2024-12-17 12:02:11.175 [TestNG-PoolService-1] Hooks - ======================  Test Execution is completed!! ======================
  &amp#27;[32mAnd &amp#27;[0m&amp#27;[32mUser clicks on Get Started button from Linked List panel&amp#27;[0m &amp#27;[90m# StepDefinitions.LinkedList.user_clicks_on_get_started_button_from_linked_list_panel()&amp#27;[0m
  &amp#27;[32mThen &amp#27;[0m&amp#27;[32mThe user is redirected to Linked List page.&amp#27;[0m             &amp#27;[90m# StepDefinitions.LinkedList.the_user_is_redirected_to_linked_list_page()&amp#27;[0m
[INFO ] 2024-12-17 12:02:11.323 [TestNG-PoolService-2] Hooks - ======================  Test Execution is completed!! ======================
]]></system-out>
  </testcase>
  <testcase name="runScenario[&quot;Linked List home page&quot;, &quot;Linked List&quot;](60)" classname="TestRunners.TestRunner" time="0.997">
    <system-out><![CDATA[
Scenario: Linked List home page                                &amp#27;[90m# src/test/resources/Features/LinkedList.feature:14&amp#27;[0m
]]></system-out>
  </testcase>
  <testcase name="runScenario[&quot;DS_algo Home page&quot;, &quot;Linked List&quot;](61)" classname="TestRunners.TestRunner" time="0.336">
    <system-out><![CDATA[
Scenario: Linked List home page                                      &amp#27;[90m# src/test/resources/Features/LinkedList.feature:18&amp#27;[0m
]]></system-out>
  </testcase>
  <testcase name="runScenario[&quot;LL_Try Here Editor page with empty data&quot;, &quot;Linked List&quot;](63)" classname="TestRunners.TestRunner" time="1.722">
    <system-out><![CDATA[
Scenario: LL_Try Here Editor page with valid data                     &amp#27;[90m# src/test/resources/Features/LinkedList.feature:28&amp#27;[0m
  &amp#27;[32mWhen &amp#27;[0m&amp#27;[32mThe user clicks Try Here button&amp#27;[0m                               &amp#27;[90m# StepDefinitions.Tree.the_user_clicks_try_here_button()&amp#27;[0m
  &amp#27;[32mThen &amp#27;[0m&amp#27;[32mThe user is redirected to a page having Editor and run button&amp#27;[0m &amp#27;[90m# StepDefinitions.Tree.the_user_is_redirected_to_a_page_having_editor_and_run_button()&amp#27;[0m
[INFO ] 2024-12-17 12:02:25.407 [TestNG-PoolService-1] Hooks - ======================  Test Execution is completed!! ======================
]]></system-out>
  </testcase>
  <testcase name="runScenario[&quot;Linked List home page&quot;, &quot;Linked List&quot;](64)" classname="TestRunners.TestRunner" time="0.653">
    <system-out><![CDATA[
Scenario: LL_Try Here Editor page with invalid data                     &amp#27;[90m# src/test/resources/Features/LinkedList.feature:33&amp#27;[0m
]]></system-out>
  </testcase>
  <testcase name="runScenario[&quot;Linked List home page&quot;, &quot;Linked List&quot;](65)" classname="TestRunners.TestRunner" time="11.523">
    <system-out><![CDATA[
Scenario: Linked List home page                                &amp#27;[90m# src/test/resources/Features/LinkedList.feature:38&amp#27;[0m
  &amp#27;[32mGiven &amp#27;[0m&amp#27;[32mThe user is on the DS Introduction page as signedIn&amp#27;[0m           &amp#27;[90m# StepDefinitions.DSIntroductionDetails.the_user_is_on_the_ds_introduction_page_as_signed_in()&amp#27;[0m
  &amp#27;[32mAnd &amp#27;[0m&amp#27;[32mUser clicks on Get Started button from Linked List panel&amp#27;[0m        &amp#27;[90m# StepDefinitions.LinkedList.user_clicks_on_get_started_button_from_linked_list_panel()&amp#27;[0m
  &amp#27;[32mGiven &amp#27;[0m&amp#27;[32mThe user is on the DS Introduction page as signedIn&amp#27;[0m    &amp#27;[90m# StepDefinitions.DSIntroductionDetails.the_user_is_on_the_ds_introduction_page_as_signed_in()&amp#27;[0m
  &amp#27;[32mAnd &amp#27;[0m&amp#27;[32mUser clicks on Get Started button from Linked List panel&amp#27;[0m &amp#27;[90m# StepDefinitions.LinkedList.user_clicks_on_get_started_button_from_linked_list_panel()&amp#27;[0m
  &amp#27;[32mGiven &amp#27;[0m&amp#27;[32mThe user is on the Introduction page&amp#27;[0m                   &amp#27;[90m# StepDefinitions.LinkedList.the_user_is_on_the_introduction_page()&amp#27;[0m
  &amp#27;[32mWhen &amp#27;[0m&amp#27;[32mThe user clicks Creating Linked LIst link&amp#27;[0m               &amp#27;[90m# StepDefinitions.LinkedList.the_user_clicks_creating_linked_l_ist_link()&amp#27;[0m
  &amp#27;[32mThen &amp#27;[0m&amp#27;[32mThe user is redirected to Creating Linked List page.&amp#27;[0m    &amp#27;[90m# StepDefinitions.LinkedList.the_user_is_redirected_to_creating_linked_list_page()&amp#27;[0m
[INFO ] 2024-12-17 12:02:36.761 [TestNG-PoolService-1] Hooks - ======================  Test Execution is completed!! ======================
  &amp#27;[32mGiven &amp#27;[0m&amp#27;[32mThe user is on the DS Introduction page as signedIn&amp#27;[0m             &amp#27;[90m# StepDefinitions.DSIntroductionDetails.the_user_is_on_the_ds_introduction_page_as_signed_in()&amp#27;[0m
  &amp#27;[32mGiven &amp#27;[0m&amp#27;[32mThe user is on the editor page of Introduction page&amp#27;[0m           &amp#27;[90m# StepDefinitions.LinkedList.the_user_is_on_the_editor_page_of_introduction_page()&amp#27;[0m
  &amp#27;[32mAnd &amp#27;[0m&amp#27;[32mUser clicks on Get Started button from Linked List panel&amp#27;[0m          &amp#27;[90m# StepDefinitions.LinkedList.user_clicks_on_get_started_button_from_linked_list_panel()&amp#27;[0m
]]></system-out>
  </testcase>
  <testcase name="runScenario[&quot;LL_Try Here Editor page with invalid data&quot;, &quot;Linked List&quot;](66)" classname="TestRunners.TestRunner" time="2.131">
    <system-out><![CDATA[
Scenario: Creating Linked LIst                                       &amp#27;[90m# src/test/resources/Features/LinkedList.feature:43&amp#27;[0m
  &amp#27;[32mGiven &amp#27;[0m&amp#27;[32mThe user is on the editor page of Introduction page&amp#27;[0m             &amp#27;[90m# StepDefinitions.LinkedList.the_user_is_on_the_editor_page_of_introduction_page()&amp#27;[0m
  &amp#27;[32mWhen &amp#27;[0m&amp#27;[32mThe user writes the invalid python code and clicks on Run button&amp#27;[0m &amp#27;[90m# StepDefinitions.Tree.the_user_writes_the_invalid_python_code_and_clicks_on_run_button()&amp#27;[0m
  &amp#27;[32mThen &amp#27;[0m&amp#27;[32mThe user see error msg in alert window&amp#27;[0m                           &amp#27;[90m# StepDefinitions.Tree.the_user_see_error_msg_in_alert_window()&amp#27;[0m
[INFO ] 2024-12-17 12:02:39.222 [TestNG-PoolService-2] Hooks - ======================  Test Execution is completed!! ======================
]]></system-out>
  </testcase>
  <testcase name="runScenario[&quot;LL_Try Here Editor page with invalid data&quot;, &quot;Linked List&quot;](69)" classname="TestRunners.TestRunner" time="10.662">
    <system-out><![CDATA[
Scenario: LL_Try Here Editor page with invalid data                     &amp#27;[90m# src/test/resources/Features/LinkedList.feature:58&amp#27;[0m
  &amp#27;[32mGiven &amp#27;[0m&amp#27;[32mThe user is on the DS Introduction page as signedIn&amp#27;[0m           &amp#27;[90m# StepDefinitions.DSIntroductionDetails.the_user_is_on_the_ds_introduction_page_as_signed_in()&amp#27;[0m
  &amp#27;[32mGiven &amp#27;[0m&amp#27;[32mThe user is on the DS Introduction page as signedIn&amp#27;[0m             &amp#27;[90m# StepDefinitions.DSIntroductionDetails.the_user_is_on_the_ds_introduction_page_as_signed_in()&amp#27;[0m
  &amp#27;[32mAnd &amp#27;[0m&amp#27;[32mUser clicks on Get Started button from Linked List panel&amp#27;[0m        &amp#27;[90m# StepDefinitions.LinkedList.user_clicks_on_get_started_button_from_linked_list_panel()&amp#27;[0m
  &amp#27;[32mAnd &amp#27;[0m&amp#27;[32mUser clicks on Get Started button from Linked List panel&amp#27;[0m          &amp#27;[90m# StepDefinitions.LinkedList.user_clicks_on_get_started_button_from_linked_list_panel()&amp#27;[0m
  &amp#27;[32mGiven &amp#27;[0m&amp#27;[32mThe user is on the editor page of Creating Linked LIst page&amp#27;[0m   &amp#27;[90m# StepDefinitions.LinkedList.the_user_is_on_the_editor_page_of_creating_linked_l_ist_page()&amp#27;[0m
  &amp#27;[32mGiven &amp#27;[0m&amp#27;[32mThe user is on the editor page of Creating Linked LIst page&amp#27;[0m     &amp#27;[90m# StepDefinitions.LinkedList.the_user_is_on_the_editor_page_of_creating_linked_l_ist_page()&amp#27;[0m
  &amp#27;[32mWhen &amp#27;[0m&amp#27;[32mThe user writes the invalid python code and clicks on Run button&amp#27;[0m &amp#27;[90m# StepDefinitions.Tree.the_user_writes_the_invalid_python_code_and_clicks_on_run_button()&amp#27;[0m
  &amp#27;[32mThen &amp#27;[0m&amp#27;[32mThe user see error msg in alert window&amp#27;[0m                           &amp#27;[90m# StepDefinitions.Tree.the_user_see_error_msg_in_alert_window()&amp#27;[0m
[INFO ] 2024-12-17 12:03:01.026 [TestNG-PoolService-2] Hooks - ======================  Test Execution is completed!! ======================
]]></system-out>
  </testcase>
  <testcase name="runScenario[&quot;LL_Try Here Editor page with valid data&quot;, &quot;Linked List&quot;](70)" classname="TestRunners.TestRunner" time="6.955">
    <failure message="expected [hello] but found []" type="java.lang.AssertionError"><![CDATA[java.lang.AssertionError: expected [hello] but found []
]]></failure>
    <system-out><![CDATA[
Scenario: Linked List home page                                &amp#27;[90m# src/test/resources/Features/LinkedList.feature:63&amp#27;[0m
  &amp#27;[32mWhen &amp#27;[0m&amp#27;[32mThe user writes the valid python code and clicks on Run button&amp#27;[0m &amp#27;[90m# StepDefinitions.Tree.the_user_writes_the_valid_python_code_and_clicks_on_run_button()&amp#27;[0m
  &amp#27;[31mThen &amp#27;[0m&amp#27;[31mThe user is able to see the output inside the console.&amp#27;[0m         &amp#27;[90m# StepDefinitions.Tree.the_user_is_able_to_see_the_output_inside_the_console()&amp#27;[0m
      &amp#27;[31mjava.lang.AssertionError: expected [hello] but found []
	at org.testng.Assert.fail(Assert.java:111)
	at org.testng.Assert.failNotEquals(Assert.java:1578)
	at org.testng.Assert.assertEqualsImpl(Assert.java:150)
	at org.testng.Assert.assertEquals(Assert.java:132)
	at org.testng.Assert.assertEquals(Assert.java:656)
	at org.testng.Assert.assertEquals(Assert.java:666)
	at StepDefinitions.Tree.the_user_is_able_to_see_the_output_inside_the_console(Tree.java:101)
	at ✽.The user is able to see the output inside the console.(file:///C:/Projects/newFolder-3/Repo1/src/test/resources/Features/LinkedList.feature:31)
&amp#27;[0m
[ERROR] 2024-12-17 12:03:07.485 [TestNG-PoolService-3] Hooks - ======================  TEST CASE FAILED !! ======================

    Embedding screenshot [image/png 37860 bytes]

[INFO ] 2024-12-17 12:03:07.566 [TestNG-PoolService-3] Hooks - ======================  Screenshot is captured  ======================
[INFO ] 2024-12-17 12:03:07.566 [TestNG-PoolService-3] Hooks - ======================  Test Execution is completed!! ======================
  &amp#27;[32mGiven &amp#27;[0m&amp#27;[32mThe user is on the DS Introduction page as signedIn&amp#27;[0m    &amp#27;[90m# StepDefinitions.DSIntroductionDetails.the_user_is_on_the_ds_introduction_page_as_signed_in()&amp#27;[0m
  &amp#27;[32mAnd &amp#27;[0m&amp#27;[32mUser clicks on Get Started button from Linked List panel&amp#27;[0m &amp#27;[90m# StepDefinitions.LinkedList.user_clicks_on_get_started_button_from_linked_list_panel()&amp#27;[0m
  &amp#27;[32mGiven &amp#27;[0m&amp#27;[32mThe user is on the Creating Linked LIst page&amp#27;[0m           &amp#27;[90m# StepDefinitions.LinkedList.the_user_is_on_the_creating_linked_l_ist_page()&amp#27;[0m
  &amp#27;[32mWhen &amp#27;[0m&amp#27;[32mThe user clicks Types of Linked List link&amp#27;[0m               &amp#27;[90m# StepDefinitions.LinkedList.the_user_clicks_types_of_linked_list_link()&amp#27;[0m
  &amp#27;[32mThen &amp#27;[0m&amp#27;[32mThe user is directed to Types of Linked List page.&amp#27;[0m      &amp#27;[90m# StepDefinitions.LinkedList.the_user_is_directed_to_types_of_linked_list_page()&amp#27;[0m
[INFO ] 2024-12-17 12:03:08.458 [TestNG-PoolService-2] Hooks - ======================  Test Execution is completed!! ======================
]]></system-out>
  </testcase>
  <testcase name="runScenario[&quot;LL_Try Here Editor page with invalid data&quot;, &quot;Linked List&quot;](74)" classname="TestRunners.TestRunner" time="10.648">
    <system-out><![CDATA[
Scenario: LL_Try Here Editor page with invalid data                     &amp#27;[90m# src/test/resources/Features/LinkedList.feature:83&amp#27;[0m
  &amp#27;[32mGiven &amp#27;[0m&amp#27;[32mThe user is on the DS Introduction page as signedIn&amp#27;[0m           &amp#27;[90m# StepDefinitions.DSIntroductionDetails.the_user_is_on_the_ds_introduction_page_as_signed_in()&amp#27;[0m
  &amp#27;[32mGiven &amp#27;[0m&amp#27;[32mThe user is on the DS Introduction page as signedIn&amp#27;[0m             &amp#27;[90m# StepDefinitions.DSIntroductionDetails.the_user_is_on_the_ds_introduction_page_as_signed_in()&amp#27;[0m
  &amp#27;[32mAnd &amp#27;[0m&amp#27;[32mUser clicks on Get Started button from Linked List panel&amp#27;[0m        &amp#27;[90m# StepDefinitions.LinkedList.user_clicks_on_get_started_button_from_linked_list_panel()&amp#27;[0m
  &amp#27;[32mAnd &amp#27;[0m&amp#27;[32mUser clicks on Get Started button from Linked List panel&amp#27;[0m          &amp#27;[90m# StepDefinitions.LinkedList.user_clicks_on_get_started_button_from_linked_list_panel()&amp#27;[0m
  &amp#27;[32mGiven &amp#27;[0m&amp#27;[32mThe user is on the editor page of Types of Linked List page&amp#27;[0m   &amp#27;[90m# StepDefinitions.LinkedList.the_user_is_on_the_editor_page_of_types_of_linked_list_page()&amp#27;[0m
  &amp#27;[32mGiven &amp#27;[0m&amp#27;[32mThe user is on the editor page of Types of Linked List page&amp#27;[0m     &amp#27;[90m# StepDefinitions.LinkedList.the_user_is_on_the_editor_page_of_types_of_linked_list_page()&amp#27;[0m
  &amp#27;[32mWhen &amp#27;[0m&amp#27;[32mThe user writes the invalid python code and clicks on Run button&amp#27;[0m &amp#27;[90m# StepDefinitions.Tree.the_user_writes_the_invalid_python_code_and_clicks_on_run_button()&amp#27;[0m
  &amp#27;[32mThen &amp#27;[0m&amp#27;[32mThe user see error msg in alert window&amp#27;[0m                           &amp#27;[90m# StepDefinitions.Tree.the_user_see_error_msg_in_alert_window()&amp#27;[0m
[INFO ] 2024-12-17 12:03:29.521 [TestNG-PoolService-2] Hooks - ======================  Test Execution is completed!! ======================
]]></system-out>
  </testcase>
  <testcase name="runScenario[&quot;Linked List home page&quot;, &quot;Linked List&quot;](76)" classname="TestRunners.TestRunner" time="7.12">
    <system-out><![CDATA[
Scenario: Implement Linked List in Python                            &amp#27;[90m# src/test/resources/Features/LinkedList.feature:93&amp#27;[0m
  &amp#27;[32mGiven &amp#27;[0m&amp#27;[32mThe user is on the DS Introduction page as signedIn&amp#27;[0m            &amp#27;[90m# StepDefinitions.DSIntroductionDetails.the_user_is_on_the_ds_introduction_page_as_signed_in()&amp#27;[0m
  &amp#27;[32mAnd &amp#27;[0m&amp#27;[32mUser clicks on Get Started button from Linked List panel&amp#27;[0m         &amp#27;[90m# StepDefinitions.LinkedList.user_clicks_on_get_started_button_from_linked_list_panel()&amp#27;[0m
  &amp#27;[32mGiven &amp#27;[0m&amp#27;[32mThe user is on the Types of Linked List page&amp#27;[0m                   &amp#27;[90m# StepDefinitions.LinkedList.the_user_is_on_the_types_of_linked_list_page()&amp#27;[0m
  &amp#27;[32mWhen &amp#27;[0m&amp#27;[32mThe user clicks Implement Linked List in Python link&amp#27;[0m            &amp#27;[90m# StepDefinitions.LinkedList.the_user_clicks_implement_linked_list_in_python_link()&amp#27;[0m
  &amp#27;[32mThen &amp#27;[0m&amp#27;[32mThe user is redirected to Implement Linked List in Python page.&amp#27;[0m &amp#27;[90m# StepDefinitions.LinkedList.the_user_is_redirected_to_implement_linked_list_in_python_page()&amp#27;[0m
[INFO ] 2024-12-17 12:03:37.745 [TestNG-PoolService-2] Hooks - ======================  Test Execution is completed!! ======================
  &amp#27;[32mGiven &amp#27;[0m&amp#27;[32mThe user is on the DS Introduction page as signedIn&amp#27;[0m          &amp#27;[90m# StepDefinitions.DSIntroductionDetails.the_user_is_on_the_ds_introduction_page_as_signed_in()&amp#27;[0m
]]></system-out>
  </testcase>
  <testcase name="runScenario[&quot;Implement Linked List in Python&quot;, &quot;Linked List&quot;](77)" classname="TestRunners.TestRunner" time="2.829">
    <system-out><![CDATA[
Scenario: LL_Try Here Editor page with empty data                              &amp#27;[90m# src/test/resources/Features/LinkedList.feature:98&amp#27;[0m
  &amp#27;[32mAnd &amp#27;[0m&amp#27;[32mUser clicks on Get Started button from Linked List panel&amp#27;[0m       &amp#27;[90m# StepDefinitions.LinkedList.user_clicks_on_get_started_button_from_linked_list_panel()&amp#27;[0m
  &amp#27;[32mGiven &amp#27;[0m&amp#27;[32mThe user is on the Implement Linked List in Python page&amp#27;[0m      &amp#27;[90m# StepDefinitions.LinkedList.the_user_is_on_the_implement_linked_list_in_python_page()&amp#27;[0m
  &amp#27;[32mWhen &amp#27;[0m&amp#27;[32mThe user clicks Try Here button&amp#27;[0m                               &amp#27;[90m# StepDefinitions.Tree.the_user_clicks_try_here_button()&amp#27;[0m
  &amp#27;[32mThen &amp#27;[0m&amp#27;[32mThe user is redirected to a page having Editor and run button&amp#27;[0m &amp#27;[90m# StepDefinitions.Tree.the_user_is_redirected_to_a_page_having_editor_and_run_button()&amp#27;[0m
[INFO ] 2024-12-17 12:03:41.019 [TestNG-PoolService-1] Hooks - ======================  Test Execution is completed!! ======================
]]></system-out>
  </testcase>
  <testcase name="runScenario[&quot;LL_Try Here Editor page with empty data&quot;, &quot;Linked List&quot;](78)" classname="TestRunners.TestRunner" time="8.129">
    <system-out><![CDATA[
Scenario: LL_Try Here Editor page with valid data                              &amp#27;[90m# src/test/resources/Features/LinkedList.feature:103&amp#27;[0m
  &amp#27;[32mGiven &amp#27;[0m&amp#27;[32mThe user is on the DS Introduction page as signedIn&amp#27;[0m                    &amp#27;[90m# StepDefinitions.DSIntroductionDetails.the_user_is_on_the_ds_introduction_page_as_signed_in()&amp#27;[0m
  &amp#27;[32mAnd &amp#27;[0m&amp#27;[32mUser clicks on Get Started button from Linked List panel&amp#27;[0m                 &amp#27;[90m# StepDefinitions.LinkedList.user_clicks_on_get_started_button_from_linked_list_panel()&amp#27;[0m
  &amp#27;[32mGiven &amp#27;[0m&amp#27;[32mThe user is on the editor page of Implement Linked List in Python page&amp#27;[0m &amp#27;[90m# StepDefinitions.LinkedList.the_user_is_on_the_editor_page_of_implement_linked_list_in_python_page()&amp#27;[0m
  &amp#27;[32mWhen &amp#27;[0m&amp#27;[32mThe user writes no code inside editor window and clicks on Run button&amp#27;[0m   &amp#27;[90m# StepDefinitions.Tree.the_user_writes_no_code_inside_editor_window_and_clicks_on_run_button()&amp#27;[0m
  &amp#27;[32mThen &amp#27;[0m&amp#27;[32mNothing happens to the Editor page and no error message is displayed&amp#27;[0m    &amp#27;[90m# StepDefinitions.Tree.nothing_happens_to_the_editor_page_and_no_error_message_is_displayed()&amp#27;[0m
[INFO ] 2024-12-17 12:03:48.724 [TestNG-PoolService-2] Hooks - ======================  Test Execution is completed!! ======================
  &amp#27;[32mGiven &amp#27;[0m&amp#27;[32mThe user is on the DS Introduction page as signedIn&amp#27;[0m                    &amp#27;[90m# StepDefinitions.DSIntroductionDetails.the_user_is_on_the_ds_introduction_page_as_signed_in()&amp#27;[0m
  &amp#27;[32mAnd &amp#27;[0m&amp#27;[32mUser clicks on Get Started button from Linked List panel&amp#27;[0m                 &amp#27;[90m# StepDefinitions.LinkedList.user_clicks_on_get_started_button_from_linked_list_panel()&amp#27;[0m
]]></system-out>
  </testcase>
  <testcase name="runScenario[&quot;LL_Try Here Editor page with invalid data&quot;, &quot;Linked List&quot;](79)" classname="TestRunners.TestRunner" time="9.372">
    <system-out><![CDATA[
Scenario: LL_Try Here Editor page with invalid data                            &amp#27;[90m# src/test/resources/Features/LinkedList.feature:108&amp#27;[0m
  &amp#27;[32mGiven &amp#27;[0m&amp#27;[32mThe user is on the editor page of Implement Linked List in Python page&amp#27;[0m &amp#27;[90m# StepDefinitions.LinkedList.the_user_is_on_the_editor_page_of_implement_linked_list_in_python_page()&amp#27;[0m
  &amp#27;[32mGiven &amp#27;[0m&amp#27;[32mThe user is on the DS Introduction page as signedIn&amp#27;[0m                    &amp#27;[90m# StepDefinitions.DSIntroductionDetails.the_user_is_on_the_ds_introduction_page_as_signed_in()&amp#27;[0m
  &amp#27;[32mAnd &amp#27;[0m&amp#27;[32mUser clicks on Get Started button from Linked List panel&amp#27;[0m                 &amp#27;[90m# StepDefinitions.LinkedList.user_clicks_on_get_started_button_from_linked_list_panel()&amp#27;[0m
  &amp#27;[32mGiven &amp#27;[0m&amp#27;[32mThe user is on the editor page of Implement Linked List in Python page&amp#27;[0m &amp#27;[90m# StepDefinitions.LinkedList.the_user_is_on_the_editor_page_of_implement_linked_list_in_python_page()&amp#27;[0m
  &amp#27;[32mWhen &amp#27;[0m&amp#27;[32mThe user writes the invalid python code and clicks on Run button&amp#27;[0m        &amp#27;[90m# StepDefinitions.Tree.the_user_writes_the_invalid_python_code_and_clicks_on_run_button()&amp#27;[0m
  &amp#27;[32mThen &amp#27;[0m&amp#27;[32mThe user see error msg in alert window&amp#27;[0m                                  &amp#27;[90m# StepDefinitions.Tree.the_user_see_error_msg_in_alert_window()&amp#27;[0m
[INFO ] 2024-12-17 12:03:58.562 [TestNG-PoolService-2] Hooks - ======================  Test Execution is completed!! ======================
  &amp#27;[32mWhen &amp#27;[0m&amp#27;[32mThe user writes the valid python code and clicks on Run button&amp#27;[0m &amp#27;[90m# StepDefinitions.Tree.the_user_writes_the_valid_python_code_and_clicks_on_run_button()&amp#27;[0m
  &amp#27;[32mThen &amp#27;[0m&amp#27;[32mThe user is able to see the output inside the console.&amp#27;[0m         &amp#27;[90m# StepDefinitions.Tree.the_user_is_able_to_see_the_output_inside_the_console()&amp#27;[0m
[INFO ] 2024-12-17 12:03:59.329 [TestNG-PoolService-3] Hooks - ======================  Test Execution is completed!! ======================
]]></system-out>
  </testcase>
  <testcase name="runScenario[&quot;Linked List home page&quot;, &quot;Linked List&quot;](81)" classname="TestRunners.TestRunner" time="8.616">
    <system-out><![CDATA[
Scenario: Traversal                                                  &amp#27;[90m# src/test/resources/Features/LinkedList.feature:118&amp#27;[0m
  &amp#27;[32mGiven &amp#27;[0m&amp#27;[32mThe user is on the DS Introduction page as signedIn&amp#27;[0m     &amp#27;[90m# StepDefinitions.DSIntroductionDetails.the_user_is_on_the_ds_introduction_page_as_signed_in()&amp#27;[0m
  &amp#27;[32mAnd &amp#27;[0m&amp#27;[32mUser clicks on Get Started button from Linked List panel&amp#27;[0m  &amp#27;[90m# StepDefinitions.LinkedList.user_clicks_on_get_started_button_from_linked_list_panel()&amp#27;[0m
  &amp#27;[32mGiven &amp#27;[0m&amp#27;[32mThe user is on the Implement Linked List in Python page&amp#27;[0m &amp#27;[90m# StepDefinitions.LinkedList.the_user_is_on_the_implement_linked_list_in_python_page()&amp#27;[0m
  &amp#27;[32mWhen &amp#27;[0m&amp#27;[32mThe user clicks Traversal link&amp#27;[0m                           &amp#27;[90m# StepDefinitions.LinkedList.the_user_clicks_traversal_link()&amp#27;[0m
  &amp#27;[32mThen &amp#27;[0m&amp#27;[32mThe user is redirected to Traversal page.&amp#27;[0m                &amp#27;[90m# StepDefinitions.LinkedList.the_user_is_redirected_to_traversal_page()&amp#27;[0m
[INFO ] 2024-12-17 12:04:07.895 [TestNG-PoolService-2] Hooks - ======================  Test Execution is completed!! ======================
  &amp#27;[32mGiven &amp#27;[0m&amp#27;[32mThe user is on the DS Introduction page as signedIn&amp#27;[0m          &amp#27;[90m# StepDefinitions.DSIntroductionDetails.the_user_is_on_the_ds_introduction_page_as_signed_in()&amp#27;[0m
  &amp#27;[32mAnd &amp#27;[0m&amp#27;[32mUser clicks on Get Started button from Linked List panel&amp#27;[0m       &amp#27;[90m# StepDefinitions.LinkedList.user_clicks_on_get_started_button_from_linked_list_panel()&amp#27;[0m
  &amp#27;[32mGiven &amp#27;[0m&amp#27;[32mThe user is on the Traversal page&amp#27;[0m                            &amp#27;[90m# StepDefinitions.LinkedList.the_user_is_on_the_traversal_page()&amp#27;[0m
]]></system-out>
  </testcase>
  <testcase name="runScenario[&quot;Linked List home page&quot;, &quot;Linked List&quot;](81)" classname="TestRunners.TestRunner" time="0.227">
    <system-out><![CDATA[
Scenario: Traversal                                                  &amp#27;[90m# src/test/resources/Features/LinkedList.feature:118&amp#27;[0m
]]></system-out>
  </testcase>
  <testcase name="runScenario[&quot;Traversal&quot;, &quot;Linked List&quot;](82)" classname="TestRunners.TestRunner" time="1.131">
    <system-out><![CDATA[  &amp#27;[32mWhen &amp#27;[0m&amp#27;[32mThe user clicks Try Here button&amp#27;[0m                               &amp#27;[90m# StepDefinitions.Tree.the_user_clicks_try_here_button()&amp#27;[0m

Scenario: LL_Try Here Editor page with empty data                            &amp#27;[90m# src/test/resources/Features/LinkedList.feature:123&amp#27;[0m
  &amp#27;[32mThen &amp#27;[0m&amp#27;[32mThe user is redirected to a page having Editor and run button&amp#27;[0m &amp#27;[90m# StepDefinitions.Tree.the_user_is_redirected_to_a_page_having_editor_and_run_button()&amp#27;[0m
[INFO ] 2024-12-17 12:04:09.637 [TestNG-PoolService-3] Hooks - ======================  Test Execution is completed!! ======================
]]></system-out>
  </testcase>
  <testcase name="runScenario[&quot;LL_Try Here Editor page with empty data&quot;, &quot;Linked List&quot;](83)" classname="TestRunners.TestRunner" time="9.355">
    <system-out><![CDATA[
Scenario: LL_Try Here Editor page with valid data                     &amp#27;[90m# src/test/resources/Features/LinkedList.feature:128&amp#27;[0m
  &amp#27;[32mGiven &amp#27;[0m&amp#27;[32mThe user is on the DS Introduction page as signedIn&amp#27;[0m                  &amp#27;[90m# StepDefinitions.DSIntroductionDetails.the_user_is_on_the_ds_introduction_page_as_signed_in()&amp#27;[0m
  &amp#27;[32mAnd &amp#27;[0m&amp#27;[32mUser clicks on Get Started button from Linked List panel&amp#27;[0m               &amp#27;[90m# StepDefinitions.LinkedList.user_clicks_on_get_started_button_from_linked_list_panel()&amp#27;[0m
  &amp#27;[32mGiven &amp#27;[0m&amp#27;[32mThe user is on the DS Introduction page as signedIn&amp#27;[0m           &amp#27;[90m# StepDefinitions.DSIntroductionDetails.the_user_is_on_the_ds_introduction_page_as_signed_in()&amp#27;[0m
  &amp#27;[32mAnd &amp#27;[0m&amp#27;[32mUser clicks on Get Started button from Linked List panel&amp#27;[0m        &amp#27;[90m# StepDefinitions.LinkedList.user_clicks_on_get_started_button_from_linked_list_panel()&amp#27;[0m
  &amp#27;[32mGiven &amp#27;[0m&amp#27;[32mThe user is on the editor page of Traversal page&amp#27;[0m                     &amp#27;[90m# StepDefinitions.LinkedList.the_user_is_on_the_editor_page_of_traversal_page()&amp#27;[0m
  &amp#27;[32mWhen &amp#27;[0m&amp#27;[32mThe user writes no code inside editor window and clicks on Run button&amp#27;[0m &amp#27;[90m# StepDefinitions.Tree.the_user_writes_no_code_inside_editor_window_and_clicks_on_run_button()&amp#27;[0m
  &amp#27;[32mThen &amp#27;[0m&amp#27;[32mNothing happens to the Editor page and no error message is displayed&amp#27;[0m  &amp#27;[90m# StepDefinitions.Tree.nothing_happens_to_the_editor_page_and_no_error_message_is_displayed()&amp#27;[0m
[INFO ] 2024-12-17 12:04:18.778 [TestNG-PoolService-2] Hooks - ======================  Test Execution is completed!! ======================
  &amp#27;[32mGiven &amp#27;[0m&amp#27;[32mThe user is on the editor page of Traversal page&amp#27;[0m              &amp#27;[90m# StepDefinitions.LinkedList.the_user_is_on_the_editor_page_of_traversal_page()&amp#27;[0m
]]></system-out>
  </testcase>
  <testcase name="runScenario[&quot;LL_Try Here Editor page with valid data&quot;, &quot;Linked List&quot;](84)" classname="TestRunners.TestRunner" time="3.245">
    <system-out><![CDATA[
Scenario: LL_Try Here Editor page with invalid data                     &amp#27;[90m# src/test/resources/Features/LinkedList.feature:133&amp#27;[0m
  &amp#27;[32mWhen &amp#27;[0m&amp#27;[32mThe user writes the valid python code and clicks on Run button&amp#27;[0m          &amp#27;[90m# StepDefinitions.Tree.the_user_writes_the_valid_python_code_and_clicks_on_run_button()&amp#27;[0m
  &amp#27;[32mThen &amp#27;[0m&amp#27;[32mThe user is able to see the output inside the console.&amp#27;[0m                  &amp#27;[90m# StepDefinitions.Tree.the_user_is_able_to_see_the_output_inside_the_console()&amp#27;[0m
[INFO ] 2024-12-17 12:04:21.632 [TestNG-PoolService-1] Hooks - ======================  Test Execution is completed!! ======================
]]></system-out>
  </testcase>
  <testcase name="runScenario[&quot;LL_Try Here Editor page with invalid data&quot;, &quot;Linked List&quot;](85)" classname="TestRunners.TestRunner" time="5.691">
    <system-out><![CDATA[
Scenario: Linked List home page                                &amp#27;[90m# src/test/resources/Features/LinkedList.feature:138&amp#27;[0m
  &amp#27;[32mGiven &amp#27;[0m&amp#27;[32mThe user is on the DS Introduction page as signedIn&amp#27;[0m             &amp#27;[90m# StepDefinitions.DSIntroductionDetails.the_user_is_on_the_ds_introduction_page_as_signed_in()&amp#27;[0m
  &amp#27;[32mAnd &amp#27;[0m&amp#27;[32mUser clicks on Get Started button from Linked List panel&amp#27;[0m          &amp#27;[90m# StepDefinitions.LinkedList.user_clicks_on_get_started_button_from_linked_list_panel()&amp#27;[0m
  &amp#27;[32mGiven &amp#27;[0m&amp#27;[32mThe user is on the editor page of Traversal page&amp#27;[0m                &amp#27;[90m# StepDefinitions.LinkedList.the_user_is_on_the_editor_page_of_traversal_page()&amp#27;[0m
  &amp#27;[32mWhen &amp#27;[0m&amp#27;[32mThe user writes the invalid python code and clicks on Run button&amp#27;[0m &amp#27;[90m# StepDefinitions.Tree.the_user_writes_the_invalid_python_code_and_clicks_on_run_button()&amp#27;[0m
  &amp#27;[32mThen &amp#27;[0m&amp#27;[32mThe user see error msg in alert window&amp#27;[0m                           &amp#27;[90m# StepDefinitions.Tree.the_user_see_error_msg_in_alert_window()&amp#27;[0m
[INFO ] 2024-12-17 12:04:27.403 [TestNG-PoolService-2] Hooks - ======================  Test Execution is completed!! ======================
]]></system-out>
  </testcase>
  <testcase name="runScenario[&quot;LL_Try Here Editor page with invalid data&quot;, &quot;Linked List&quot;](85)" classname="TestRunners.TestRunner" time="8.339">
    <failure message="element not interactable&#10;  (Session info: MicrosoftEdge=131.0.2903.99)&#10;Build info: version: &apos;4.26.0&apos;, revision: &apos;8ccf0219d7&apos;&#10;System info: os.name: &apos;Windows 11&apos;, os.arch: &apos;amd64&apos;, os.version: &apos;10.0&apos;, java.version: &apos;21.0.5&apos;&#10;Driver info: org.openqa.selenium.edge.EdgeDriver&#10;Command: [2522fb3373a601adb718c68342d34ced, sendKeysToElement {value=[Ljava.lang.CharSequence;@258e05d2, id=f.E037A22D7CE91EA02EC06E50C98A9023.d.013BDED4ED88B0018D4E5B641887FE1A.e.47}]&#10;Capabilities {acceptInsecureCerts: false, browserName: MicrosoftEdge, browserVersion: 131.0.2903.99, fedcm:accounts: true, ms:edgeOptions: {debuggerAddress: localhost:53703}, msedge: {msedgedriverVersion: 131.0.2903.99 (f96a870b1316..., userDataDir: C:\Users\vamsh\AppData\Loca...}, networkConnectionEnabled: false, pageLoadStrategy: normal, platformName: windows, proxy: Proxy(), se:cdp: ws://localhost:53703/devtoo..., se:cdpVersion: 131.0.2903.99, setWindowRect: true, strictFileInteractability: false, timeouts: {implicit: 0, pageLoad: 300000, script: 30000}, unhandledPromptBehavior: dismiss and notify, webauthn:extension:credBlob: true, webauthn:extension:largeBlob: true, webauthn:extension:minPinLength: true, webauthn:extension:prf: true, webauthn:virtualAuthenticators: true}&#10;Element: [[EdgeDriver: MicrosoftEdge on windows (2522fb3373a601adb718c68342d34ced)] -&gt; css selector: .CodeMirror textarea]&#10;Session ID: 2522fb3373a601adb718c68342d34ced" type="org.openqa.selenium.ElementNotInteractableException"><![CDATA[org.openqa.selenium.ElementNotInteractableException: 
element not interactable
  (Session info: MicrosoftEdge=131.0.2903.99)
Build info: version: '4.26.0', revision: '8ccf0219d7'
System info: os.name: 'Windows 11', os.arch: 'amd64', os.version: '10.0', java.version: '21.0.5'
Driver info: org.openqa.selenium.edge.EdgeDriver
Command: [2522fb3373a601adb718c68342d34ced, sendKeysToElement {value=[Ljava.lang.CharSequence;@258e05d2, id=f.E037A22D7CE91EA02EC06E50C98A9023.d.013BDED4ED88B0018D4E5B641887FE1A.e.47}]
Capabilities {acceptInsecureCerts: false, browserName: MicrosoftEdge, browserVersion: 131.0.2903.99, fedcm:accounts: true, ms:edgeOptions: {debuggerAddress: localhost:53703}, msedge: {msedgedriverVersion: 131.0.2903.99 (f96a870b1316..., userDataDir: C:\Users\vamsh\AppData\Loca...}, networkConnectionEnabled: false, pageLoadStrategy: normal, platformName: windows, proxy: Proxy(), se:cdp: ws://localhost:53703/devtoo..., se:cdpVersion: 131.0.2903.99, setWindowRect: true, strictFileInteractability: false, timeouts: {implicit: 0, pageLoad: 300000, script: 30000}, unhandledPromptBehavior: dismiss and notify, webauthn:extension:credBlob: true, webauthn:extension:largeBlob: true, webauthn:extension:minPinLength: true, webauthn:extension:prf: true, webauthn:virtualAuthenticators: true}
Element: [[EdgeDriver: MicrosoftEdge on windows (2522fb3373a601adb718c68342d34ced)] -> css selector: .CodeMirror textarea]
Session ID: 2522fb3373a601adb718c68342d34ced
]]></failure>
    <system-out><![CDATA[
Scenario: Linked List home page                                &amp#27;[90m# src/test/resources/Features/LinkedList.feature:138&amp#27;[0m
  &amp#27;[32mGiven &amp#27;[0m&amp#27;[32mThe user is on the DS Introduction page as signedIn&amp#27;[0m             &amp#27;[90m# StepDefinitions.DSIntroductionDetails.the_user_is_on_the_ds_introduction_page_as_signed_in()&amp#27;[0m
  &amp#27;[32mAnd &amp#27;[0m&amp#27;[32mUser clicks on Get Started button from Linked List panel&amp#27;[0m          &amp#27;[90m# StepDefinitions.LinkedList.user_clicks_on_get_started_button_from_linked_list_panel()&amp#27;[0m
  &amp#27;[32mGiven &amp#27;[0m&amp#27;[32mThe user is on the DS Introduction page as signedIn&amp#27;[0m    &amp#27;[90m# StepDefinitions.DSIntroductionDetails.the_user_is_on_the_ds_introduction_page_as_signed_in()&amp#27;[0m
  &amp#27;[32mAnd &amp#27;[0m&amp#27;[32mUser clicks on Get Started button from Linked List panel&amp#27;[0m &amp#27;[90m# StepDefinitions.LinkedList.user_clicks_on_get_started_button_from_linked_list_panel()&amp#27;[0m
  &amp#27;[32mGiven &amp#27;[0m&amp#27;[32mThe user is on the Traversal page&amp#27;[0m                      &amp#27;[90m# StepDefinitions.LinkedList.the_user_is_on_the_traversal_page()&amp#27;[0m
  &amp#27;[32mGiven &amp#27;[0m&amp#27;[32mThe user is on the editor page of Traversal page&amp#27;[0m                &amp#27;[90m# StepDefinitions.LinkedList.the_user_is_on_the_editor_page_of_traversal_page()&amp#27;[0m
  &amp#27;[31mWhen &amp#27;[0m&amp#27;[31mThe user writes the invalid python code and clicks on Run button&amp#27;[0m &amp#27;[90m# StepDefinitions.Tree.the_user_writes_the_invalid_python_code_and_clicks_on_run_button()&amp#27;[0m
      &amp#27;[31morg.openqa.selenium.ElementNotInteractableException: element not interactable
  (Session info: MicrosoftEdge=131.0.2903.99)
Build info: version: '4.26.0', revision: '8ccf0219d7'
System info: os.name: 'Windows 11', os.arch: 'amd64', os.version: '10.0', java.version: '21.0.5'
Driver info: org.openqa.selenium.edge.EdgeDriver
Command: [2522fb3373a601adb718c68342d34ced, sendKeysToElement {value=[Ljava.lang.CharSequence;@258e05d2, id=f.E037A22D7CE91EA02EC06E50C98A9023.d.013BDED4ED88B0018D4E5B641887FE1A.e.47}]
Capabilities {acceptInsecureCerts: false, browserName: MicrosoftEdge, browserVersion: 131.0.2903.99, fedcm:accounts: true, ms:edgeOptions: {debuggerAddress: localhost:53703}, msedge: {msedgedriverVersion: 131.0.2903.99 (f96a870b1316..., userDataDir: C:\Users\vamsh\AppData\Loca...}, networkConnectionEnabled: false, pageLoadStrategy: normal, platformName: windows, proxy: Proxy(), se:cdp: ws://localhost:53703/devtoo..., se:cdpVersion: 131.0.2903.99, setWindowRect: true, strictFileInteractability: false, timeouts: {implicit: 0, pageLoad: 300000, script: 30000}, unhandledPromptBehavior: dismiss and notify, webauthn:extension:credBlob: true, webauthn:extension:largeBlob: true, webauthn:extension:minPinLength: true, webauthn:extension:prf: true, webauthn:virtualAuthenticators: true}
Element: [[EdgeDriver: MicrosoftEdge on windows (2522fb3373a601adb718c68342d34ced)] -> css selector: .CodeMirror textarea]
Session ID: 2522fb3373a601adb718c68342d34ced
	at java.base/jdk.internal.reflect.DirectConstructorHandleAccessor.newInstance(DirectConstructorHandleAccessor.java:62)
	at java.base/java.lang.reflect.Constructor.newInstanceWithCaller(Constructor.java:502)
	at java.base/java.lang.reflect.Constructor.newInstance(Constructor.java:486)
	at org.openqa.selenium.remote.ErrorCodec.decode(ErrorCodec.java:167)
	at org.openqa.selenium.remote.codec.w3c.W3CHttpResponseCodec.decode(W3CHttpResponseCodec.java:138)
	at org.openqa.selenium.remote.codec.w3c.W3CHttpResponseCodec.decode(W3CHttpResponseCodec.java:50)
	at org.openqa.selenium.remote.HttpCommandExecutor.execute(HttpCommandExecutor.java:190)
	at org.openqa.selenium.remote.service.DriverCommandExecutor.invokeExecute(DriverCommandExecutor.java:216)
	at org.openqa.selenium.remote.service.DriverCommandExecutor.execute(DriverCommandExecutor.java:174)
	at org.openqa.selenium.remote.RemoteWebDriver.execute(RemoteWebDriver.java:545)
	at org.openqa.selenium.remote.RemoteWebElement.execute(RemoteWebElement.java:223)
	at org.openqa.selenium.remote.RemoteWebElement.sendKeys(RemoteWebElement.java:110)
	at PageObjects.TreePage.writeInTryEditorWindow(TreePage.java:251)
	at StepDefinitions.Tree.the_user_writes_the_invalid_python_code_and_clicks_on_run_button(Tree.java:106)
	at ✽.The user writes the invalid python code and clicks on Run button(file:///C:/Projects/newFolder-3/Repo1/src/test/resources/Features/LinkedList.feature:135)
&amp#27;[0m
  &amp#27;[36mThen &amp#27;[0m&amp#27;[36mThe user see error msg in alert window&amp#27;[0m                           &amp#27;[90m# StepDefinitions.Tree.the_user_see_error_msg_in_alert_window()&amp#27;[0m
[ERROR] 2024-12-17 12:20:04.279 [TestNG-PoolService-2] Hooks - ======================  TEST CASE FAILED !! ======================

    Embedding screenshot [image/png 7890 bytes]

[INFO ] 2024-12-17 12:20:04.429 [TestNG-PoolService-2] Hooks - ======================  Screenshot is captured  ======================
[INFO ] 2024-12-17 12:20:04.430 [TestNG-PoolService-2] Hooks - ======================  Test Execution is completed!! ======================
  &amp#27;[32mWhen &amp#27;[0m&amp#27;[32mThe user clicks Insertion link&amp#27;[0m                          &amp#27;[90m# StepDefinitions.LinkedList.the_user_clicks_insertion_link()&amp#27;[0m
  &amp#27;[32mThen &amp#27;[0m&amp#27;[32mThe user is redirected to Insertion page.&amp#27;[0m               &amp#27;[90m# StepDefinitions.LinkedList.the_user_is_redirected_to_insertion_page()&amp#27;[0m
[INFO ] 2024-12-17 12:20:04.549 [TestNG-PoolService-3] Hooks - ======================  Test Execution is completed!! ======================
]]></system-out>
    <system-err><![CDATA[Dec 17, 2024 12:19:59 PM org.openqa.selenium.devtools.CdpVersionFinder findNearestMatch
WARNING: Unable to find an exact match for CDP version 131, returning the closest version; found: 130; Please update to a Selenium version that supports CDP version 131
Dec 17, 2024 12:20:00 PM org.openqa.selenium.devtools.CdpVersionFinder findNearestMatch
WARNING: Unable to find an exact match for CDP version 131, returning the closest version; found: 130; Please update to a Selenium version that supports CDP version 131
]]></system-err>
  </testcase>
  <testcase name="runScenario[&quot;Linked List home page&quot;, &quot;Linked List&quot;](86)" classname="TestRunners.TestRunner" time="2.607">
    <system-out><![CDATA[
Scenario: Insertion                                                  &amp#27;[90m# src/test/resources/Features/LinkedList.feature:143&amp#27;[0m
  &amp#27;[32mGiven &amp#27;[0m&amp#27;[32mThe user is on the DS Introduction page as signedIn&amp#27;[0m    &amp#27;[90m# StepDefinitions.DSIntroductionDetails.the_user_is_on_the_ds_introduction_page_as_signed_in()&amp#27;[0m
  &amp#27;[32mAnd &amp#27;[0m&amp#27;[32mUser clicks on Get Started button from Linked List panel&amp#27;[0m &amp#27;[90m# StepDefinitions.LinkedList.user_clicks_on_get_started_button_from_linked_list_panel()&amp#27;[0m
  &amp#27;[32mGiven &amp#27;[0m&amp#27;[32mThe user is on the Traversal page&amp#27;[0m                      &amp#27;[90m# StepDefinitions.LinkedList.the_user_is_on_the_traversal_page()&amp#27;[0m
  &amp#27;[32mWhen &amp#27;[0m&amp#27;[32mThe user clicks Insertion link&amp#27;[0m                          &amp#27;[90m# StepDefinitions.LinkedList.the_user_clicks_insertion_link()&amp#27;[0m
  &amp#27;[32mThen &amp#27;[0m&amp#27;[32mThe user is redirected to Insertion page.&amp#27;[0m               &amp#27;[90m# StepDefinitions.LinkedList.the_user_is_redirected_to_insertion_page()&amp#27;[0m
[INFO ] 2024-12-17 12:04:30.510 [TestNG-PoolService-1] Hooks - ======================  Test Execution is completed!! ======================
]]></system-out>
  </testcase>
  <testcase name="runScenario[&quot;Linked List home page&quot;, &quot;Linked List&quot;](86)" classname="TestRunners.TestRunner" time="0.067">
    <system-out><![CDATA[
Scenario: Insertion                                                  &amp#27;[90m# src/test/resources/Features/LinkedList.feature:143&amp#27;[0m
]]></system-out>
  </testcase>
  <testcase name="runScenario[&quot;Insertion&quot;, &quot;Linked List&quot;](87)" classname="TestRunners.TestRunner" time="7.227">
    <system-out><![CDATA[
Scenario: LL_Try Here Editor page with empty data                            &amp#27;[90m# src/test/resources/Features/LinkedList.feature:148&amp#27;[0m
  &amp#27;[32mGiven &amp#27;[0m&amp#27;[32mThe user is on the DS Introduction page as signedIn&amp#27;[0m          &amp#27;[90m# StepDefinitions.DSIntroductionDetails.the_user_is_on_the_ds_introduction_page_as_signed_in()&amp#27;[0m
  &amp#27;[32mAnd &amp#27;[0m&amp#27;[32mUser clicks on Get Started button from Linked List panel&amp#27;[0m       &amp#27;[90m# StepDefinitions.LinkedList.user_clicks_on_get_started_button_from_linked_list_panel()&amp#27;[0m
  &amp#27;[32mGiven &amp#27;[0m&amp#27;[32mThe user is on the Insertion page&amp#27;[0m                            &amp#27;[90m# StepDefinitions.LinkedList.the_user_is_on_the_insertion_page()&amp#27;[0m
  &amp#27;[32mWhen &amp#27;[0m&amp#27;[32mThe user clicks Try Here button&amp#27;[0m                               &amp#27;[90m# StepDefinitions.Tree.the_user_clicks_try_here_button()&amp#27;[0m
  &amp#27;[32mThen &amp#27;[0m&amp#27;[32mThe user is redirected to a page having Editor and run button&amp#27;[0m &amp#27;[90m# StepDefinitions.Tree.the_user_is_redirected_to_a_page_having_editor_and_run_button()&amp#27;[0m
[INFO ] 2024-12-17 12:04:37.122 [TestNG-PoolService-2] Hooks - ======================  Test Execution is completed!! ======================
  &amp#27;[32mGiven &amp#27;[0m&amp#27;[32mThe user is on the DS Introduction page as signedIn&amp#27;[0m                  &amp#27;[90m# StepDefinitions.DSIntroductionDetails.the_user_is_on_the_ds_introduction_page_as_signed_in()&amp#27;[0m
  &amp#27;[32mAnd &amp#27;[0m&amp#27;[32mUser clicks on Get Started button from Linked List panel&amp#27;[0m               &amp#27;[90m# StepDefinitions.LinkedList.user_clicks_on_get_started_button_from_linked_list_panel()&amp#27;[0m
]]></system-out>
  </testcase>
  <testcase name="runScenario[&quot;Insertion&quot;, &quot;Linked List&quot;](87)" classname="TestRunners.TestRunner" time="8.17">
    <system-out><![CDATA[
Scenario: LL_Try Here Editor page with empty data                            &amp#27;[90m# src/test/resources/Features/LinkedList.feature:148&amp#27;[0m
  &amp#27;[32mGiven &amp#27;[0m&amp#27;[32mThe user is on the DS Introduction page as signedIn&amp#27;[0m          &amp#27;[90m# StepDefinitions.DSIntroductionDetails.the_user_is_on_the_ds_introduction_page_as_signed_in()&amp#27;[0m
  &amp#27;[32mGiven &amp#27;[0m&amp#27;[32mThe user is on the DS Introduction page as signedIn&amp#27;[0m                  &amp#27;[90m# StepDefinitions.DSIntroductionDetails.the_user_is_on_the_ds_introduction_page_as_signed_in()&amp#27;[0m
  &amp#27;[32mAnd &amp#27;[0m&amp#27;[32mUser clicks on Get Started button from Linked List panel&amp#27;[0m       &amp#27;[90m# StepDefinitions.LinkedList.user_clicks_on_get_started_button_from_linked_list_panel()&amp#27;[0m
  &amp#27;[32mAnd &amp#27;[0m&amp#27;[32mUser clicks on Get Started button from Linked List panel&amp#27;[0m               &amp#27;[90m# StepDefinitions.LinkedList.user_clicks_on_get_started_button_from_linked_list_panel()&amp#27;[0m
  &amp#27;[32mGiven &amp#27;[0m&amp#27;[32mThe user is on the Insertion page&amp#27;[0m                            &amp#27;[90m# StepDefinitions.LinkedList.the_user_is_on_the_insertion_page()&amp#27;[0m
  &amp#27;[32mWhen &amp#27;[0m&amp#27;[32mThe user clicks Try Here button&amp#27;[0m                               &amp#27;[90m# StepDefinitions.Tree.the_user_clicks_try_here_button()&amp#27;[0m
  &amp#27;[32mThen &amp#27;[0m&amp#27;[32mThe user is redirected to a page having Editor and run button&amp#27;[0m &amp#27;[90m# StepDefinitions.Tree.the_user_is_redirected_to_a_page_having_editor_and_run_button()&amp#27;[0m
[INFO ] 2024-12-17 12:20:12.811 [TestNG-PoolService-2] Hooks - ======================  Test Execution is completed!! ======================
  &amp#27;[32mGiven &amp#27;[0m&amp#27;[32mThe user is on the editor page of Insertion page&amp#27;[0m                     &amp#27;[90m# StepDefinitions.LinkedList.the_user_is_on_the_editor_page_of_insertion_page()&amp#27;[0m
  &amp#27;[32mWhen &amp#27;[0m&amp#27;[32mThe user writes no code inside editor window and clicks on Run button&amp#27;[0m &amp#27;[90m# StepDefinitions.Tree.the_user_writes_no_code_inside_editor_window_and_clicks_on_run_button()&amp#27;[0m
  &amp#27;[32mThen &amp#27;[0m&amp#27;[32mNothing happens to the Editor page and no error message is displayed&amp#27;[0m  &amp#27;[90m# StepDefinitions.Tree.nothing_happens_to_the_editor_page_and_no_error_message_is_displayed()&amp#27;[0m
[INFO ] 2024-12-17 12:20:13.114 [TestNG-PoolService-3] Hooks - ======================  Test Execution is completed!! ======================
]]></system-out>
    <system-err><![CDATA[Dec 17, 2024 12:20:08 PM org.openqa.selenium.devtools.CdpVersionFinder findNearestMatch
WARNING: Unable to find an exact match for CDP version 131, returning the closest version; found: 130; Please update to a Selenium version that supports CDP version 131
Dec 17, 2024 12:20:09 PM org.openqa.selenium.devtools.CdpVersionFinder findNearestMatch
WARNING: Unable to find an exact match for CDP version 131, returning the closest version; found: 130; Please update to a Selenium version that supports CDP version 131
]]></system-err>
  </testcase>
  <testcase name="runScenario[&quot;LL_Try Here Editor page with empty data&quot;, &quot;Linked List&quot;](88)" classname="TestRunners.TestRunner" time="2.525">
    <system-out><![CDATA[
Scenario: LL_Try Here Editor page with valid data                     &amp#27;[90m# src/test/resources/Features/LinkedList.feature:153&amp#27;[0m
  &amp#27;[32mGiven &amp#27;[0m&amp#27;[32mThe user is on the editor page of Insertion page&amp#27;[0m                     &amp#27;[90m# StepDefinitions.LinkedList.the_user_is_on_the_editor_page_of_insertion_page()&amp#27;[0m
  &amp#27;[32mWhen &amp#27;[0m&amp#27;[32mThe user writes no code inside editor window and clicks on Run button&amp#27;[0m &amp#27;[90m# StepDefinitions.Tree.the_user_writes_no_code_inside_editor_window_and_clicks_on_run_button()&amp#27;[0m
  &amp#27;[32mThen &amp#27;[0m&amp#27;[32mNothing happens to the Editor page and no error message is displayed&amp#27;[0m  &amp#27;[90m# StepDefinitions.Tree.nothing_happens_to_the_editor_page_and_no_error_message_is_displayed()&amp#27;[0m
[INFO ] 2024-12-17 12:04:40.285 [TestNG-PoolService-1] Hooks - ======================  Test Execution is completed!! ======================
]]></system-out>
  </testcase>
  <testcase name="runScenario[&quot;LL_Try Here Editor page with empty data&quot;, &quot;Linked List&quot;](88)" classname="TestRunners.TestRunner" time="0.201">
    <system-out><![CDATA[
Scenario: LL_Try Here Editor page with valid data                     &amp#27;[90m# src/test/resources/Features/LinkedList.feature:153&amp#27;[0m
]]></system-out>
  </testcase>
  <testcase name="runScenario[&quot;LL_Try Here Editor page with valid data&quot;, &quot;Linked List&quot;](89)" classname="TestRunners.TestRunner" time="10.028">
    <system-out><![CDATA[
Scenario: LL_Try Here Editor page with invalid data                     &amp#27;[90m# src/test/resources/Features/LinkedList.feature:158&amp#27;[0m
  &amp#27;[32mGiven &amp#27;[0m&amp#27;[32mThe user is on the DS Introduction page as signedIn&amp#27;[0m           &amp#27;[90m# StepDefinitions.DSIntroductionDetails.the_user_is_on_the_ds_introduction_page_as_signed_in()&amp#27;[0m
  &amp#27;[32mAnd &amp#27;[0m&amp#27;[32mUser clicks on Get Started button from Linked List panel&amp#27;[0m        &amp#27;[90m# StepDefinitions.LinkedList.user_clicks_on_get_started_button_from_linked_list_panel()&amp#27;[0m
  &amp#27;[32mGiven &amp#27;[0m&amp#27;[32mThe user is on the editor page of Insertion page&amp#27;[0m              &amp#27;[90m# StepDefinitions.LinkedList.the_user_is_on_the_editor_page_of_insertion_page()&amp#27;[0m
  &amp#27;[32mGiven &amp#27;[0m&amp#27;[32mThe user is on the DS Introduction page as signedIn&amp#27;[0m             &amp#27;[90m# StepDefinitions.DSIntroductionDetails.the_user_is_on_the_ds_introduction_page_as_signed_in()&amp#27;[0m
  &amp#27;[32mAnd &amp#27;[0m&amp#27;[32mUser clicks on Get Started button from Linked List panel&amp#27;[0m          &amp#27;[90m# StepDefinitions.LinkedList.user_clicks_on_get_started_button_from_linked_list_panel()&amp#27;[0m
  &amp#27;[32mWhen &amp#27;[0m&amp#27;[32mThe user writes the valid python code and clicks on Run button&amp#27;[0m &amp#27;[90m# StepDefinitions.Tree.the_user_writes_the_valid_python_code_and_clicks_on_run_button()&amp#27;[0m
  &amp#27;[32mThen &amp#27;[0m&amp#27;[32mThe user is able to see the output inside the console.&amp#27;[0m         &amp#27;[90m# StepDefinitions.Tree.the_user_is_able_to_see_the_output_inside_the_console()&amp#27;[0m
[INFO ] 2024-12-17 12:04:49.525 [TestNG-PoolService-3] Hooks - ======================  Test Execution is completed!! ======================
  &amp#27;[32mGiven &amp#27;[0m&amp#27;[32mThe user is on the editor page of Insertion page&amp#27;[0m                &amp#27;[90m# StepDefinitions.LinkedList.the_user_is_on_the_editor_page_of_insertion_page()&amp#27;[0m
  &amp#27;[32mWhen &amp#27;[0m&amp#27;[32mThe user writes the invalid python code and clicks on Run button&amp#27;[0m &amp#27;[90m# StepDefinitions.Tree.the_user_writes_the_invalid_python_code_and_clicks_on_run_button()&amp#27;[0m
  &amp#27;[32mThen &amp#27;[0m&amp#27;[32mThe user see error msg in alert window&amp#27;[0m                           &amp#27;[90m# StepDefinitions.Tree.the_user_see_error_msg_in_alert_window()&amp#27;[0m
[INFO ] 2024-12-17 12:04:50.860 [TestNG-PoolService-1] Hooks - ======================  Test Execution is completed!! ======================
]]></system-out>
  </testcase>
  <testcase name="runScenario[&quot;LL_Try Here Editor page with valid data&quot;, &quot;Linked List&quot;](89)" classname="TestRunners.TestRunner" time="7.555">
    <failure message="element not interactable&#10;  (Session info: MicrosoftEdge=131.0.2903.99)&#10;Build info: version: &apos;4.26.0&apos;, revision: &apos;8ccf0219d7&apos;&#10;System info: os.name: &apos;Windows 11&apos;, os.arch: &apos;amd64&apos;, os.version: &apos;10.0&apos;, java.version: &apos;21.0.5&apos;&#10;Driver info: org.openqa.selenium.edge.EdgeDriver&#10;Command: [c9e55300f9abb0c5caff71076243aa18, sendKeysToElement {value=[Ljava.lang.CharSequence;@2d212ac5, id=f.14EE91E2CE7678E411311713F8C3138B.d.C98088BBCF95970881E87F2B2127ED99.e.46}]&#10;Capabilities {acceptInsecureCerts: false, browserName: MicrosoftEdge, browserVersion: 131.0.2903.99, fedcm:accounts: true, ms:edgeOptions: {debuggerAddress: localhost:53981}, msedge: {msedgedriverVersion: 131.0.2903.99 (f96a870b1316..., userDataDir: C:\Users\vamsh\AppData\Loca...}, networkConnectionEnabled: false, pageLoadStrategy: normal, platformName: windows, proxy: Proxy(), se:cdp: ws://localhost:53981/devtoo..., se:cdpVersion: 131.0.2903.99, setWindowRect: true, strictFileInteractability: false, timeouts: {implicit: 0, pageLoad: 300000, script: 30000}, unhandledPromptBehavior: dismiss and notify, webauthn:extension:credBlob: true, webauthn:extension:largeBlob: true, webauthn:extension:minPinLength: true, webauthn:extension:prf: true, webauthn:virtualAuthenticators: true}&#10;Element: [[EdgeDriver: MicrosoftEdge on windows (c9e55300f9abb0c5caff71076243aa18)] -&gt; css selector: .CodeMirror textarea]&#10;Session ID: c9e55300f9abb0c5caff71076243aa18" type="org.openqa.selenium.ElementNotInteractableException"><![CDATA[org.openqa.selenium.ElementNotInteractableException: 
element not interactable
  (Session info: MicrosoftEdge=131.0.2903.99)
Build info: version: '4.26.0', revision: '8ccf0219d7'
System info: os.name: 'Windows 11', os.arch: 'amd64', os.version: '10.0', java.version: '21.0.5'
Driver info: org.openqa.selenium.edge.EdgeDriver
Command: [c9e55300f9abb0c5caff71076243aa18, sendKeysToElement {value=[Ljava.lang.CharSequence;@2d212ac5, id=f.14EE91E2CE7678E411311713F8C3138B.d.C98088BBCF95970881E87F2B2127ED99.e.46}]
Capabilities {acceptInsecureCerts: false, browserName: MicrosoftEdge, browserVersion: 131.0.2903.99, fedcm:accounts: true, ms:edgeOptions: {debuggerAddress: localhost:53981}, msedge: {msedgedriverVersion: 131.0.2903.99 (f96a870b1316..., userDataDir: C:\Users\vamsh\AppData\Loca...}, networkConnectionEnabled: false, pageLoadStrategy: normal, platformName: windows, proxy: Proxy(), se:cdp: ws://localhost:53981/devtoo..., se:cdpVersion: 131.0.2903.99, setWindowRect: true, strictFileInteractability: false, timeouts: {implicit: 0, pageLoad: 300000, script: 30000}, unhandledPromptBehavior: dismiss and notify, webauthn:extension:credBlob: true, webauthn:extension:largeBlob: true, webauthn:extension:minPinLength: true, webauthn:extension:prf: true, webauthn:virtualAuthenticators: true}
Element: [[EdgeDriver: MicrosoftEdge on windows (c9e55300f9abb0c5caff71076243aa18)] -> css selector: .CodeMirror textarea]
Session ID: c9e55300f9abb0c5caff71076243aa18
]]></failure>
    <system-out><![CDATA[
Scenario: LL_Try Here Editor page with invalid data                     &amp#27;[90m# src/test/resources/Features/LinkedList.feature:158&amp#27;[0m
  &amp#27;[32mGiven &amp#27;[0m&amp#27;[32mThe user is on the DS Introduction page as signedIn&amp#27;[0m           &amp#27;[90m# StepDefinitions.DSIntroductionDetails.the_user_is_on_the_ds_introduction_page_as_signed_in()&amp#27;[0m
  &amp#27;[32mAnd &amp#27;[0m&amp#27;[32mUser clicks on Get Started button from Linked List panel&amp#27;[0m        &amp#27;[90m# StepDefinitions.LinkedList.user_clicks_on_get_started_button_from_linked_list_panel()&amp#27;[0m
  &amp#27;[32mGiven &amp#27;[0m&amp#27;[32mThe user is on the DS Introduction page as signedIn&amp#27;[0m             &amp#27;[90m# StepDefinitions.DSIntroductionDetails.the_user_is_on_the_ds_introduction_page_as_signed_in()&amp#27;[0m
  &amp#27;[32mAnd &amp#27;[0m&amp#27;[32mUser clicks on Get Started button from Linked List panel&amp#27;[0m          &amp#27;[90m# StepDefinitions.LinkedList.user_clicks_on_get_started_button_from_linked_list_panel()&amp#27;[0m
  &amp#27;[32mGiven &amp#27;[0m&amp#27;[32mThe user is on the editor page of Insertion page&amp#27;[0m              &amp#27;[90m# StepDefinitions.LinkedList.the_user_is_on_the_editor_page_of_insertion_page()&amp#27;[0m
  &amp#27;[31mWhen &amp#27;[0m&amp#27;[31mThe user writes the valid python code and clicks on Run button&amp#27;[0m &amp#27;[90m# StepDefinitions.Tree.the_user_writes_the_valid_python_code_and_clicks_on_run_button()&amp#27;[0m
      &amp#27;[31morg.openqa.selenium.ElementNotInteractableException: element not interactable
  (Session info: MicrosoftEdge=131.0.2903.99)
Build info: version: '4.26.0', revision: '8ccf0219d7'
System info: os.name: 'Windows 11', os.arch: 'amd64', os.version: '10.0', java.version: '21.0.5'
Driver info: org.openqa.selenium.edge.EdgeDriver
Command: [c9e55300f9abb0c5caff71076243aa18, sendKeysToElement {value=[Ljava.lang.CharSequence;@2d212ac5, id=f.14EE91E2CE7678E411311713F8C3138B.d.C98088BBCF95970881E87F2B2127ED99.e.46}]
Capabilities {acceptInsecureCerts: false, browserName: MicrosoftEdge, browserVersion: 131.0.2903.99, fedcm:accounts: true, ms:edgeOptions: {debuggerAddress: localhost:53981}, msedge: {msedgedriverVersion: 131.0.2903.99 (f96a870b1316..., userDataDir: C:\Users\vamsh\AppData\Loca...}, networkConnectionEnabled: false, pageLoadStrategy: normal, platformName: windows, proxy: Proxy(), se:cdp: ws://localhost:53981/devtoo..., se:cdpVersion: 131.0.2903.99, setWindowRect: true, strictFileInteractability: false, timeouts: {implicit: 0, pageLoad: 300000, script: 30000}, unhandledPromptBehavior: dismiss and notify, webauthn:extension:credBlob: true, webauthn:extension:largeBlob: true, webauthn:extension:minPinLength: true, webauthn:extension:prf: true, webauthn:virtualAuthenticators: true}
Element: [[EdgeDriver: MicrosoftEdge on windows (c9e55300f9abb0c5caff71076243aa18)] -> css selector: .CodeMirror textarea]
Session ID: c9e55300f9abb0c5caff71076243aa18
	at java.base/jdk.internal.reflect.DirectConstructorHandleAccessor.newInstance(DirectConstructorHandleAccessor.java:62)
	at java.base/java.lang.reflect.Constructor.newInstanceWithCaller(Constructor.java:502)
	at java.base/java.lang.reflect.Constructor.newInstance(Constructor.java:486)
	at org.openqa.selenium.remote.ErrorCodec.decode(ErrorCodec.java:167)
	at org.openqa.selenium.remote.codec.w3c.W3CHttpResponseCodec.decode(W3CHttpResponseCodec.java:138)
	at org.openqa.selenium.remote.codec.w3c.W3CHttpResponseCodec.decode(W3CHttpResponseCodec.java:50)
	at org.openqa.selenium.remote.HttpCommandExecutor.execute(HttpCommandExecutor.java:190)
	at org.openqa.selenium.remote.service.DriverCommandExecutor.invokeExecute(DriverCommandExecutor.java:216)
	at org.openqa.selenium.remote.service.DriverCommandExecutor.execute(DriverCommandExecutor.java:174)
	at org.openqa.selenium.remote.RemoteWebDriver.execute(RemoteWebDriver.java:545)
	at org.openqa.selenium.remote.RemoteWebElement.execute(RemoteWebElement.java:223)
	at org.openqa.selenium.remote.RemoteWebElement.sendKeys(RemoteWebElement.java:110)
	at PageObjects.TreePage.writeInTryEditorWindow(TreePage.java:251)
	at StepDefinitions.Tree.the_user_writes_the_valid_python_code_and_clicks_on_run_button(Tree.java:93)
	at ✽.The user writes the valid python code and clicks on Run button(file:///C:/Projects/newFolder-3/Repo1/src/test/resources/Features/LinkedList.feature:155)
&amp#27;[0m
  &amp#27;[36mThen &amp#27;[0m&amp#27;[36mThe user is able to see the output inside the console.&amp#27;[0m         &amp#27;[90m# StepDefinitions.Tree.the_user_is_able_to_see_the_output_inside_the_console()&amp#27;[0m
[ERROR] 2024-12-17 12:20:20.376 [TestNG-PoolService-2] Hooks - ======================  TEST CASE FAILED !! ======================

    Embedding screenshot [image/png 7890 bytes]

[INFO ] 2024-12-17 12:20:20.524 [TestNG-PoolService-2] Hooks - ======================  Screenshot is captured  ======================
[INFO ] 2024-12-17 12:20:20.526 [TestNG-PoolService-2] Hooks - ======================  Test Execution is completed!! ======================
  &amp#27;[32mGiven &amp#27;[0m&amp#27;[32mThe user is on the editor page of Insertion page&amp#27;[0m                &amp#27;[90m# StepDefinitions.LinkedList.the_user_is_on_the_editor_page_of_insertion_page()&amp#27;[0m
  &amp#27;[32mWhen &amp#27;[0m&amp#27;[32mThe user writes the invalid python code and clicks on Run button&amp#27;[0m &amp#27;[90m# StepDefinitions.Tree.the_user_writes_the_invalid_python_code_and_clicks_on_run_button()&amp#27;[0m
  &amp#27;[32mThen &amp#27;[0m&amp#27;[32mThe user see error msg in alert window&amp#27;[0m                           &amp#27;[90m# StepDefinitions.Tree.the_user_see_error_msg_in_alert_window()&amp#27;[0m
[INFO ] 2024-12-17 12:20:20.870 [TestNG-PoolService-3] Hooks - ======================  Test Execution is completed!! ======================
]]></system-out>
    <system-err><![CDATA[Dec 17, 2024 12:20:16 PM org.openqa.selenium.devtools.CdpVersionFinder findNearestMatch
WARNING: Unable to find an exact match for CDP version 131, returning the closest version; found: 130; Please update to a Selenium version that supports CDP version 131
Dec 17, 2024 12:20:17 PM org.openqa.selenium.devtools.CdpVersionFinder findNearestMatch
WARNING: Unable to find an exact match for CDP version 131, returning the closest version; found: 130; Please update to a Selenium version that supports CDP version 131
]]></system-err>
  </testcase>
  <testcase name="runScenario[&quot;LL_Try Here Editor page with invalid data&quot;, &quot;Linked List&quot;](90)" classname="TestRunners.TestRunner" time="0.752">
    <system-out><![CDATA[
Scenario: Linked List home page                                &amp#27;[90m# src/test/resources/Features/LinkedList.feature:163&amp#27;[0m
]]></system-out>
  </testcase>
  <testcase name="runScenario[&quot;LL_Try Here Editor page with invalid data&quot;, &quot;Linked List&quot;](90)" classname="TestRunners.TestRunner" time="0.213">
    <system-out><![CDATA[
Scenario: Linked List home page                                &amp#27;[90m# src/test/resources/Features/LinkedList.feature:163&amp#27;[0m
]]></system-out>
  </testcase>
  <testcase name="runScenario[&quot;Linked List home page&quot;, &quot;Linked List&quot;](91)" classname="TestRunners.TestRunner" time="8.957">
    <system-out><![CDATA[
Scenario: Deletion                                                   &amp#27;[90m# src/test/resources/Features/LinkedList.feature:168&amp#27;[0m
  &amp#27;[32mGiven &amp#27;[0m&amp#27;[32mThe user is on the DS Introduction page as signedIn&amp#27;[0m    &amp#27;[90m# StepDefinitions.DSIntroductionDetails.the_user_is_on_the_ds_introduction_page_as_signed_in()&amp#27;[0m
  &amp#27;[32mAnd &amp#27;[0m&amp#27;[32mUser clicks on Get Started button from Linked List panel&amp#27;[0m &amp#27;[90m# StepDefinitions.LinkedList.user_clicks_on_get_started_button_from_linked_list_panel()&amp#27;[0m
  &amp#27;[32mGiven &amp#27;[0m&amp#27;[32mThe user is on the DS Introduction page as signedIn&amp#27;[0m          &amp#27;[90m# StepDefinitions.DSIntroductionDetails.the_user_is_on_the_ds_introduction_page_as_signed_in()&amp#27;[0m
  &amp#27;[32mGiven &amp#27;[0m&amp#27;[32mThe user is on the Insertion page&amp#27;[0m                      &amp#27;[90m# StepDefinitions.LinkedList.the_user_is_on_the_insertion_page()&amp#27;[0m
  &amp#27;[32mAnd &amp#27;[0m&amp#27;[32mUser clicks on Get Started button from Linked List panel&amp#27;[0m       &amp#27;[90m# StepDefinitions.LinkedList.user_clicks_on_get_started_button_from_linked_list_panel()&amp#27;[0m
  &amp#27;[32mWhen &amp#27;[0m&amp#27;[32mThe user clicks Deletion link&amp#27;[0m                           &amp#27;[90m# StepDefinitions.LinkedList.the_user_clicks_deletion_link()&amp#27;[0m
  &amp#27;[32mThen &amp#27;[0m&amp#27;[32mThe user is redirected to Deletion page.&amp#27;[0m                &amp#27;[90m# StepDefinitions.LinkedList.the_user_is_redirected_to_deletion_page()&amp#27;[0m
[INFO ] 2024-12-17 12:04:59.515 [TestNG-PoolService-3] Hooks - ======================  Test Execution is completed!! ======================
  &amp#27;[32mGiven &amp#27;[0m&amp#27;[32mThe user is on the Deletion page&amp#27;[0m                             &amp#27;[90m# StepDefinitions.LinkedList.the_user_is_on_the_deletion_page()&amp#27;[0m
  &amp#27;[32mWhen &amp#27;[0m&amp#27;[32mThe user clicks Try Here button&amp#27;[0m                               &amp#27;[90m# StepDefinitions.Tree.the_user_clicks_try_here_button()&amp#27;[0m
  &amp#27;[32mThen &amp#27;[0m&amp#27;[32mThe user is redirected to a page having Editor and run button&amp#27;[0m &amp#27;[90m# StepDefinitions.Tree.the_user_is_redirected_to_a_page_having_editor_and_run_button()&amp#27;[0m
[INFO ] 2024-12-17 12:05:00.724 [TestNG-PoolService-1] Hooks - ======================  Test Execution is completed!! ======================
]]></system-out>
  </testcase>
  <testcase name="runScenario[&quot;Deletion&quot;, &quot;Linked List&quot;](92)" classname="TestRunners.TestRunner" time="0.697">
    <system-out><![CDATA[
Scenario: LL_Try Here Editor page with empty data                            &amp#27;[90m# src/test/resources/Features/LinkedList.feature:173&amp#27;[0m
]]></system-out>
  </testcase>
  <testcase name="runScenario[&quot;LL_Try Here Editor page with empty data&quot;, &quot;Linked List&quot;](93)" classname="TestRunners.TestRunner" time="10.888">
    <system-out><![CDATA[
Scenario: LL_Try Here Editor page with valid data                     &amp#27;[90m# src/test/resources/Features/LinkedList.feature:178&amp#27;[0m
  &amp#27;[32mGiven &amp#27;[0m&amp#27;[32mThe user is on the DS Introduction page as signedIn&amp#27;[0m           &amp#27;[90m# StepDefinitions.DSIntroductionDetails.the_user_is_on_the_ds_introduction_page_as_signed_in()&amp#27;[0m
  &amp#27;[32mAnd &amp#27;[0m&amp#27;[32mUser clicks on Get Started button from Linked List panel&amp#27;[0m        &amp#27;[90m# StepDefinitions.LinkedList.user_clicks_on_get_started_button_from_linked_list_panel()&amp#27;[0m
  &amp#27;[32mGiven &amp#27;[0m&amp#27;[32mThe user is on the DS Introduction page as signedIn&amp#27;[0m                  &amp#27;[90m# StepDefinitions.DSIntroductionDetails.the_user_is_on_the_ds_introduction_page_as_signed_in()&amp#27;[0m
  &amp#27;[32mAnd &amp#27;[0m&amp#27;[32mUser clicks on Get Started button from Linked List panel&amp#27;[0m               &amp#27;[90m# StepDefinitions.LinkedList.user_clicks_on_get_started_button_from_linked_list_panel()&amp#27;[0m
  &amp#27;[32mGiven &amp#27;[0m&amp#27;[32mThe user is on the editor page of Deletion page&amp#27;[0m               &amp#27;[90m# StepDefinitions.LinkedList.the_user_is_on_the_editor_page_of_deletion_page()&amp#27;[0m
  &amp#27;[32mGiven &amp#27;[0m&amp#27;[32mThe user is on the editor page of Deletion page&amp#27;[0m                      &amp#27;[90m# StepDefinitions.LinkedList.the_user_is_on_the_editor_page_of_deletion_page()&amp#27;[0m
  &amp#27;[32mWhen &amp#27;[0m&amp#27;[32mThe user writes no code inside editor window and clicks on Run button&amp#27;[0m &amp#27;[90m# StepDefinitions.Tree.the_user_writes_no_code_inside_editor_window_and_clicks_on_run_button()&amp#27;[0m
  &amp#27;[32mThen &amp#27;[0m&amp#27;[32mNothing happens to the Editor page and no error message is displayed&amp#27;[0m  &amp#27;[90m# StepDefinitions.Tree.nothing_happens_to_the_editor_page_and_no_error_message_is_displayed()&amp#27;[0m
[INFO ] 2024-12-17 12:05:11.057 [TestNG-PoolService-3] Hooks - ======================  Test Execution is completed!! ======================
]]></system-out>
  </testcase>
  <testcase name="runScenario[&quot;LL_Try Here Editor page with valid data&quot;, &quot;Linked List&quot;](94)" classname="TestRunners.TestRunner" time="7.169">
    <system-out><![CDATA[
Scenario: LL_Try Here Editor page with invalid data                     &amp#27;[90m# src/test/resources/Features/LinkedList.feature:183&amp#27;[0m
  &amp#27;[32mGiven &amp#27;[0m&amp#27;[32mThe user is on the DS Introduction page as signedIn&amp#27;[0m             &amp#27;[90m# StepDefinitions.DSIntroductionDetails.the_user_is_on_the_ds_introduction_page_as_signed_in()&amp#27;[0m
  &amp#27;[32mAnd &amp#27;[0m&amp#27;[32mUser clicks on Get Started button from Linked List panel&amp#27;[0m          &amp#27;[90m# StepDefinitions.LinkedList.user_clicks_on_get_started_button_from_linked_list_panel()&amp#27;[0m
  &amp#27;[32mWhen &amp#27;[0m&amp#27;[32mThe user writes the valid python code and clicks on Run button&amp#27;[0m &amp#27;[90m# StepDefinitions.Tree.the_user_writes_the_valid_python_code_and_clicks_on_run_button()&amp#27;[0m
  &amp#27;[32mThen &amp#27;[0m&amp#27;[32mThe user is able to see the output inside the console.&amp#27;[0m         &amp#27;[90m# StepDefinitions.Tree.the_user_is_able_to_see_the_output_inside_the_console()&amp#27;[0m
[INFO ] 2024-12-17 12:05:18.027 [TestNG-PoolService-2] Hooks - ======================  Test Execution is completed!! ======================
  &amp#27;[32mGiven &amp#27;[0m&amp#27;[32mThe user is on the editor page of Deletion page&amp#27;[0m                 &amp#27;[90m# StepDefinitions.LinkedList.the_user_is_on_the_editor_page_of_deletion_page()&amp#27;[0m
  &amp#27;[32mWhen &amp#27;[0m&amp#27;[32mThe user writes the invalid python code and clicks on Run button&amp#27;[0m &amp#27;[90m# StepDefinitions.Tree.the_user_writes_the_invalid_python_code_and_clicks_on_run_button()&amp#27;[0m
  &amp#27;[32mThen &amp#27;[0m&amp#27;[32mThe user see error msg in alert window&amp#27;[0m                           &amp#27;[90m# StepDefinitions.Tree.the_user_see_error_msg_in_alert_window()&amp#27;[0m
[INFO ] 2024-12-17 12:05:19.439 [TestNG-PoolService-3] Hooks - ======================  Test Execution is completed!! ======================
]]></system-out>
  </testcase>
  <testcase name="runScenario[&quot;LL_Try Here Editor page with invalid data&quot;, &quot;Linked List&quot;](95)" classname="TestRunners.TestRunner" time="0.772">
    <system-out><![CDATA[
Scenario: Introduction page                                    &amp#27;[90m# src/test/resources/Features/LinkedList.feature:188&amp#27;[0m
]]></system-out>
  </testcase>
  <testcase name="runScenario[&quot;DS Algo Sign in Page with blank info&quot;, &quot;Login Feature&quot;](96)" classname="TestRunners.TestRunner" time="7.466">
    <system-out><![CDATA[
Scenario Outline: DS Algo Sign in Page with blank info                                                                             &amp#27;[90m# src/test/resources/Features/LoginTestNav.feature:10&amp#27;[0m
The user is on the DS Algo signin page
  &amp#27;[32mGiven &amp#27;[0m&amp#27;[32mThe user is on the DS Algo Sign in Page&amp#27;[0m                                                                                    &amp#27;[90m# StepDefinitions.LoginStepDefinitions.the_user_is_on_the_ds_algo_sign_in_page()&amp#27;[0m
  &amp#27;[32mGiven &amp#27;[0m&amp#27;[32mThe user is on the DS Introduction page as signedIn&amp#27;[0m    &amp#27;[90m# StepDefinitions.DSIntroductionDetails.the_user_is_on_the_ds_introduction_page_as_signed_in()&amp#27;[0m
  &amp#27;[32mAnd &amp#27;[0m&amp#27;[32mUser clicks on Get Started button from Linked List panel&amp#27;[0m &amp#27;[90m# StepDefinitions.LinkedList.user_clicks_on_get_started_button_from_linked_list_panel()&amp#27;[0m
  &amp#27;[32mWhen &amp#27;[0m&amp#27;[32mThe user clicks login button after leaving the username textbox and paswword textbox blank from sheetname &amp#27;[0m&amp#27;[32m&amp#27;[1m"Login"&amp#27;[0m&amp#27;[32m and row &amp#27;[0m&amp#27;[32m&amp#27;[1m3&amp#27;[0m &amp#27;[90m# StepDefinitions.LoginStepDefinitions.the_user_clicks_login_button_after_leaving_the_textbox_and_textbox_blank(java.lang.String,java.lang.Integer)&amp#27;[0m
  &amp#27;[32mThen &amp#27;[0m&amp#27;[32mThe error message &amp#27;[0m&amp#27;[32m&amp#27;[1m"Please fill out this field."&amp#27;[0m&amp#27;[32m appears below Username textbox&amp#27;[0m                                              &amp#27;[90m# StepDefinitions.LoginStepDefinitions.the_error_message_appears_below_username_textbox(java.lang.String)&amp#27;[0m
[INFO ] 2024-12-17 12:05:26.986 [TestNG-PoolService-3] Hooks - ======================  Test Execution is completed!! ======================
  &amp#27;[32mGiven &amp#27;[0m&amp#27;[32mThe user is on the Introduction page&amp#27;[0m                   &amp#27;[90m# StepDefinitions.LinkedList.the_user_is_on_the_introduction_page()&amp#27;[0m
  &amp#27;[32mWhen &amp#27;[0m&amp#27;[32mThe user clicks Practice Questions link&amp#27;[0m                 &amp#27;[90m# StepDefinitions.Tree.the_user_clicks_practice_questions_link()&amp#27;[0m
  &amp#27;[32mThen &amp#27;[0m&amp#27;[32mThe user is redirected to Practice Questions page.&amp#27;[0m      &amp#27;[90m# StepDefinitions.Tree.the_user_is_redirected_to_practice_questions_page()&amp#27;[0m
[INFO ] 2024-12-17 12:05:27.422 [TestNG-PoolService-2] Hooks - ======================  Test Execution is completed!! ======================
]]></system-out>
  </testcase>
  <testcase name="runScenario[&quot;DS Algo Sign in Page  with blank username&quot;, &quot;Login Feature&quot;](98)" classname="TestRunners.TestRunner" time="7.708">
    <system-out><![CDATA[
Scenario Outline: DS Algo Sign in Page  with blank username                                       &amp#27;[90m# src/test/resources/Features/LoginTestNav.feature:26&amp#27;[0m
The user is on the DS Algo signin page
The user is on the DS Algo signin page
  &amp#27;[32mGiven &amp#27;[0m&amp#27;[32mThe user is on the DS Algo Sign in Page&amp#27;[0m                                                   &amp#27;[90m# StepDefinitions.LoginStepDefinitions.the_user_is_on_the_ds_algo_sign_in_page()&amp#27;[0m
  &amp#27;[32mWhen &amp#27;[0m&amp#27;[32mThe user clicks login button after entering only username from sheetname &amp#27;[0m&amp#27;[32m&amp#27;[1m"Login"&amp#27;[0m&amp#27;[32m and row &amp#27;[0m&amp#27;[32m&amp#27;[1m6&amp#27;[0m &amp#27;[90m# StepDefinitions.LoginStepDefinitions.the_user_clicks_login_button_after_enteringusername_only(java.lang.String,java.lang.Integer)&amp#27;[0m
  &amp#27;[32mThen &amp#27;[0m&amp#27;[32mThe error message &amp#27;[0m&amp#27;[32m&amp#27;[1m"Please fill out this field."&amp#27;[0m&amp#27;[32m appears below Pwd textbox&amp#27;[0m                  &amp#27;[90m# StepDefinitions.LoginStepDefinitions.the_error_message_appears_below_pwd_textbox(java.lang.String)&amp#27;[0m
[INFO ] 2024-12-17 12:05:34.727 [TestNG-PoolService-3] Hooks - ======================  Test Execution is completed!! ======================
  &amp#27;[32mGiven &amp#27;[0m&amp#27;[32mThe user is on the DS Algo Sign in Page&amp#27;[0m                                                   &amp#27;[90m# StepDefinitions.LoginStepDefinitions.the_user_is_on_the_ds_algo_sign_in_page()&amp#27;[0m
  &amp#27;[32mWhen &amp#27;[0m&amp#27;[32mThe user clicks login button after entering only password from sheetname &amp#27;[0m&amp#27;[32m&amp#27;[1m"Login"&amp#27;[0m&amp#27;[32m and row &amp#27;[0m&amp#27;[32m&amp#27;[1m6&amp#27;[0m &amp#27;[90m# StepDefinitions.LoginStepDefinitions.the_user_clicks_login_button_after_entering_password_only(java.lang.String,java.lang.Integer)&amp#27;[0m
  &amp#27;[32mThen &amp#27;[0m&amp#27;[32mThe error message &amp#27;[0m&amp#27;[32m&amp#27;[1m"Please fill out this field."&amp#27;[0m&amp#27;[32m appears below Username textbox&amp#27;[0m             &amp#27;[90m# StepDefinitions.LoginStepDefinitions.the_error_message_appears_below_username_textbox(java.lang.String)&amp#27;[0m
[INFO ] 2024-12-17 12:05:35.185 [TestNG-PoolService-2] Hooks - ======================  Test Execution is completed!! ======================
]]></system-out>
  </testcase>
  <testcase name="runScenario[&quot;LL_Try Here Editor page with valid data&quot;, &quot;Linked List&quot;](100)" classname="TestRunners.TestRunner" time="7.014">
    <system-out><![CDATA[
Scenario Outline: DS Algo Sign in Page with valid username and invalid password                                         &amp#27;[90m# src/test/resources/Features/LoginTestNav.feature:42&amp#27;[0m
  &amp#27;[32mWhen &amp#27;[0m&amp#27;[32mThe user writes the valid python code and clicks on Run button&amp#27;[0m &amp#27;[90m# StepDefinitions.Tree.the_user_writes_the_valid_python_code_and_clicks_on_run_button()&amp#27;[0m
  &amp#27;[32mThen &amp#27;[0m&amp#27;[32mThe user is able to see the output inside the console.&amp#27;[0m         &amp#27;[90m# StepDefinitions.Tree.the_user_is_able_to_see_the_output_inside_the_console()&amp#27;[0m
[INFO ] 2024-12-17 12:05:40.414 [TestNG-PoolService-1] Hooks - ======================  Test Execution is completed!! ======================
The user is on the DS Algo signin page
The user is on the DS Algo signin page
  &amp#27;[32mGiven &amp#27;[0m&amp#27;[32mThe user is on the DS Algo Sign in Page&amp#27;[0m                                                                           &amp#27;[90m# StepDefinitions.LoginStepDefinitions.the_user_is_on_the_ds_algo_sign_in_page()&amp#27;[0m
  &amp#27;[32mGiven &amp#27;[0m&amp#27;[32mThe user is on the DS Algo Sign in Page&amp#27;[0m                                                                         &amp#27;[90m# StepDefinitions.LoginStepDefinitions.the_user_is_on_the_ds_algo_sign_in_page()&amp#27;[0m
  &amp#27;[32mWhen &amp#27;[0m&amp#27;[32mThe user clicks login button after entering invalid username and invalid password from sheetname &amp#27;[0m&amp#27;[32m&amp#27;[1m"Login"&amp#27;[0m&amp#27;[32m and row &amp#27;[0m&amp#27;[32m&amp#27;[1m4&amp#27;[0m &amp#27;[90m# StepDefinitions.LoginStepDefinitions.the_user_clicks_login_button_after_entering_invalid_and_invalid(java.lang.String,java.lang.Integer)&amp#27;[0m
  &amp#27;[32mThen &amp#27;[0m&amp#27;[32mThe user should able to see an error message &amp#27;[0m&amp#27;[32m&amp#27;[1m"Invalid Username and Password"&amp#27;[0m&amp#27;[32m.&amp#27;[0m                                      &amp#27;[90m# StepDefinitions.LoginStepDefinitions.the_user_should_able_to_see_an_error_message(java.lang.String)&amp#27;[0m
[INFO ] 2024-12-17 12:05:43.193 [TestNG-PoolService-2] Hooks - ======================  Test Execution is completed!! ======================
  &amp#27;[32mWhen &amp#27;[0m&amp#27;[32mThe user clicks login button after entering valid userName and invalid password from sheetname &amp#27;[0m&amp#27;[32m&amp#27;[1m"Login"&amp#27;[0m&amp#27;[32m and row &amp#27;[0m&amp#27;[32m&amp#27;[1m7&amp#27;[0m &amp#27;[90m# StepDefinitions.LoginStepDefinitions.the_user_clicks_login_button_after_entering_valid_and_invalid(java.lang.String,java.lang.Integer)&amp#27;[0m
  &amp#27;[32mThen &amp#27;[0m&amp#27;[32mThe user should able to see an error message &amp#27;[0m&amp#27;[32m&amp#27;[1m"Invalid Username and Password"&amp#27;[0m&amp#27;[32m.&amp#27;[0m                                    &amp#27;[90m# StepDefinitions.LoginStepDefinitions.the_user_should_able_to_see_an_error_message(java.lang.String)&amp#27;[0m
[INFO ] 2024-12-17 12:05:43.392 [TestNG-PoolService-3] Hooks - ======================  Test Execution is completed!! ======================
]]></system-out>
  </testcase>
  <testcase name="runScenario[&quot;DS Algo Sign in Page with valid username and invalid password&quot;, &quot;Login Feature&quot;](101)" classname="TestRunners.TestRunner" time="1.087">
    <system-out><![CDATA[
Scenario Outline: DS Algo Sign in Page  with valid username and Valid password                                  &amp#27;[90m# src/test/resources/Features/LoginTestNav.feature:50&amp#27;[0m
]]></system-out>
  </testcase>
  <testcase name="runScenario[&quot;DS Algo Sign in Page with valid username and invalid password&quot;, &quot;Login Feature&quot;](101)" classname="TestRunners.TestRunner" time="0.637">
    <system-out><![CDATA[
Scenario Outline: DS Algo Sign in Page  with valid username and Valid password                                  &amp#27;[90m# src/test/resources/Features/LoginTestNav.feature:50&amp#27;[0m
]]></system-out>
  </testcase>
  <testcase name="runScenario[&quot;DS Algo Sign in Page with invalid username and password&quot;, &quot;Login Feature&quot;](102)" classname="TestRunners.TestRunner" time="0.118">
    <system-out><![CDATA[
Scenario: Validate user navigated to queue details page when clicked on get started &amp#27;[90m# src/test/resources/Features/QueueDetails.feature:7&amp#27;[0m
]]></system-out>
  </testcase>
  <testcase name="runScenario[&quot;DS Algo Sign in Page with invalid username and password&quot;, &quot;Login Feature&quot;](102)" classname="TestRunners.TestRunner" time="0.127">
    <system-out><![CDATA[
Scenario: Validate user navigated to queue details page when clicked on get started &amp#27;[90m# src/test/resources/Features/QueueDetails.feature:7&amp#27;[0m
]]></system-out>
  </testcase>
  <testcase name="runScenario[&quot;Validate user can navigate to Implementations of Queue in Python&quot;, &quot;Queue Details page&quot;](104)" classname="TestRunners.TestRunner" time="1.057">
    <system-out><![CDATA[
Scenario: Validate user can open try editor page from Implementation of Queue in python &amp#27;[90m# src/test/resources/Features/QueueDetails.feature:15&amp#27;[0m
]]></system-out>
  </testcase>
  <testcase name="runScenario[&quot;Validate user navigated to queue details page when clicked on get started&quot;, &quot;Queue Details page&quot;](105)" classname="TestRunners.TestRunner" time="0.073">
    <system-out><![CDATA[
Scenario: Error message displayed for invalid code on try editor for Implementation of Queue in python &amp#27;[90m# src/test/resources/Features/QueueDetails.feature:20&amp#27;[0m
]]></system-out>
  </testcase>
  <testcase name="runScenario[&quot;No error message displayed for empty code on try editor for Implementation of Queue in python&quot;, &quot;Queue Details page&quot;](106)" classname="TestRunners.TestRunner" time="12.399">
    <system-out><![CDATA[
Scenario: No error message displayed for empty code on try editor for Implementation of Queue in python &amp#27;[90m# src/test/resources/Features/QueueDetails.feature:25&amp#27;[0m
  &amp#27;[32mGiven &amp#27;[0m&amp#27;[32mThe user is on the DS Introduction page as signedIn&amp#27;[0m                             &amp#27;[90m# StepDefinitions.DSIntroductionDetails.the_user_is_on_the_ds_introduction_page_as_signed_in()&amp#27;[0m
  &amp#27;[32mWhen &amp#27;[0m&amp#27;[32mThe user clicks on Get started link for Queue&amp#27;[0m                                    &amp#27;[90m# StepDefinitions.QueueStepDefinitions.the_user_clicks_on_get_started_link_for_queue()&amp#27;[0m
  &amp#27;[32mGiven &amp#27;[0m&amp#27;[32mThe user on implementation Queue in python page&amp#27;[0m                                 &amp#27;[90m# StepDefinitions.QueueStepDefinitions.the_user_on_implementation_queue_in_python_page()&amp#27;[0m
  &amp#27;[32mGiven &amp#27;[0m&amp#27;[32mThe user is on the DS Introduction page as signedIn&amp#27;[0m                                             &amp#27;[90m# StepDefinitions.DSIntroductionDetails.the_user_is_on_the_ds_introduction_page_as_signed_in()&amp#27;[0m
  &amp#27;[32mGiven &amp#27;[0m&amp#27;[32mThe user is on the DS Introduction page as signedIn&amp#27;[0m                                            &amp#27;[90m# StepDefinitions.DSIntroductionDetails.the_user_is_on_the_ds_introduction_page_as_signed_in()&amp#27;[0m
  &amp#27;[32mWhen &amp#27;[0m&amp#27;[32mThe user clicks on Get started link for Queue&amp#27;[0m                                                    &amp#27;[90m# StepDefinitions.QueueStepDefinitions.the_user_clicks_on_get_started_link_for_queue()&amp#27;[0m
  &amp#27;[32mWhen &amp#27;[0m&amp#27;[32mThe user clicks on Get started link for Queue&amp#27;[0m                                                   &amp#27;[90m# StepDefinitions.QueueStepDefinitions.the_user_clicks_on_get_started_link_for_queue()&amp#27;[0m
  &amp#27;[32mGiven &amp#27;[0m&amp#27;[32mThe user on implementation Queue in python page&amp#27;[0m                                                 &amp#27;[90m# StepDefinitions.QueueStepDefinitions.the_user_on_implementation_queue_in_python_page()&amp#27;[0m
  &amp#27;[32mWhen &amp#27;[0m&amp#27;[32mUser clicks Try here link&amp#27;[0m                                                        &amp#27;[90m# StepDefinitions.DSIntroductionDetails.user_clicks_try_here_link()&amp#27;[0m
  &amp#27;[32mThen &amp#27;[0m&amp#27;[32mUser should navigate to tryEditor page&amp#27;[0m                                           &amp#27;[90m# StepDefinitions.DSIntroductionDetails.user_should_navigate_to_try_editor_page()&amp#27;[0m
[INFO ] 2024-12-17 12:06:05.139 [TestNG-PoolService-1] Hooks - ======================  Test Execution is completed!! ======================
  &amp#27;[32mGiven &amp#27;[0m&amp#27;[32mThe user on implementation Queue in python page&amp#27;[0m                                                &amp#27;[90m# StepDefinitions.QueueStepDefinitions.the_user_on_implementation_queue_in_python_page()&amp#27;[0m
  &amp#27;[32mWhen &amp#27;[0m&amp#27;[32mUser writes invalid code and clicks run button&amp#27;[0m                                                   &amp#27;[90m# StepDefinitions.DSIntroductionDetails.user_writes_invalid_code_and_clicks_run_button()&amp#27;[0m
  &amp#27;[32mThen &amp#27;[0m&amp#27;[32mThe user should able to see an error message in alert window&amp#27;[0m                                     &amp#27;[90m# StepDefinitions.DSIntroductionDetails.the_user_should_able_to_see_an_error_message_in_alert_window()&amp#27;[0m
[INFO ] 2024-12-17 12:06:06.415 [TestNG-PoolService-3] Hooks - ======================  Test Execution is completed!! ======================
  &amp#27;[32mWhen &amp#27;[0m&amp#27;[32mUser writes invalid code and clicks run button&amp#27;[0m                                                  &amp#27;[90m# StepDefinitions.DSIntroductionDetails.user_writes_invalid_code_and_clicks_run_button()&amp#27;[0m
  &amp#27;[32mThen &amp#27;[0m&amp#27;[32mThe user should able to see an error message in alert window&amp#27;[0m                                    &amp#27;[90m# StepDefinitions.DSIntroductionDetails.the_user_should_able_to_see_an_error_message_in_alert_window()&amp#27;[0m
[INFO ] 2024-12-17 12:06:06.809 [TestNG-PoolService-2] Hooks - ======================  Test Execution is completed!! ======================
]]></system-out>
  </testcase>
  <testcase name="runScenario[&quot;Validate user can open try editor page from Implementation of Queue in python&quot;, &quot;Queue Details page&quot;](107)" classname="TestRunners.TestRunner" time="0.236">
    <system-out><![CDATA[
Scenario: Valid code on try editor for Implementation of Queue in python runs successfully &amp#27;[90m# src/test/resources/Features/QueueDetails.feature:30&amp#27;[0m
]]></system-out>
  </testcase>
  <testcase name="runScenario[&quot;Error message displayed for invalid code on try editor for Implementation of Queue in python&quot;, &quot;Queue Details page&quot;](108)" classname="TestRunners.TestRunner" time="0.315">
    <system-out><![CDATA[
Scenario: Validate user can navigate to Implementation using collections.deque &amp#27;[90m# src/test/resources/Features/QueueDetails.feature:35&amp#27;[0m
]]></system-out>
  </testcase>
  <testcase name="runScenario[&quot;Validate user can navigate to Implementation using collections.deque&quot;, &quot;Queue Details page&quot;](109)" classname="TestRunners.TestRunner" time="12.227">
    <system-out><![CDATA[
Scenario: Validate user can open try editor page from Implementation using collections.deque &amp#27;[90m# src/test/resources/Features/QueueDetails.feature:40&amp#27;[0m
  &amp#27;[32mGiven &amp#27;[0m&amp#27;[32mThe user is on the DS Introduction page as signedIn&amp#27;[0m                                &amp#27;[90m# StepDefinitions.DSIntroductionDetails.the_user_is_on_the_ds_introduction_page_as_signed_in()&amp#27;[0m
  &amp#27;[32mWhen &amp#27;[0m&amp#27;[32mThe user clicks on Get started link for Queue&amp#27;[0m                                       &amp#27;[90m# StepDefinitions.QueueStepDefinitions.the_user_clicks_on_get_started_link_for_queue()&amp#27;[0m
  &amp#27;[32mGiven &amp#27;[0m&amp#27;[32mThe user on implementation Queue in python page&amp#27;[0m                                    &amp#27;[90m# StepDefinitions.QueueStepDefinitions.the_user_on_implementation_queue_in_python_page()&amp#27;[0m
  &amp#27;[32mGiven &amp#27;[0m&amp#27;[32mThe user is on the DS Introduction page as signedIn&amp#27;[0m                    &amp#27;[90m# StepDefinitions.DSIntroductionDetails.the_user_is_on_the_ds_introduction_page_as_signed_in()&amp#27;[0m
  &amp#27;[32mWhen &amp#27;[0m&amp#27;[32mThe user clicks on Get started link for Queue&amp#27;[0m                           &amp#27;[90m# StepDefinitions.QueueStepDefinitions.the_user_clicks_on_get_started_link_for_queue()&amp#27;[0m
  &amp#27;[32mGiven &amp#27;[0m&amp#27;[32mThe user is on Queue Details page&amp#27;[0m                                      &amp#27;[90m# StepDefinitions.QueueStepDefinitions.the_user_is_on_queue_details_page()&amp#27;[0m
  &amp#27;[32mWhen &amp#27;[0m&amp#27;[32mThe user click on Implementation using collections.deque link&amp#27;[0m           &amp#27;[90m# StepDefinitions.QueueStepDefinitions.the_user_click_on_implementation_using_collections_deque_link()&amp#27;[0m
  &amp#27;[32mThen &amp#27;[0m&amp#27;[32mthe user is navigated to Queue in collections.deque&amp#27;[0m                     &amp#27;[90m# StepDefinitions.QueueStepDefinitions.the_user_is_navigated_to_queue_in_collections_deque()&amp#27;[0m
[INFO ] 2024-12-17 12:06:18.980 [TestNG-PoolService-1] Hooks - ======================  Test Execution is completed!! ======================
  &amp#27;[32mWhen &amp#27;[0m&amp#27;[32mUser writes valid code and clicks run button&amp#27;[0m                                        &amp#27;[90m# StepDefinitions.DSIntroductionDetails.user_writes_valid_code_and_clicks_run_button()&amp#27;[0m
  &amp#27;[32mThen &amp#27;[0m&amp#27;[32mThe user should able to see output in the console&amp#27;[0m                                   &amp#27;[90m# StepDefinitions.DSIntroductionDetails.the_user_should_able_to_see_output_in_the_console()&amp#27;[0m
[INFO ] 2024-12-17 12:06:19.342 [TestNG-PoolService-3] Hooks - ======================  Test Execution is completed!! ======================
  &amp#27;[32mGiven &amp#27;[0m&amp#27;[32mThe user is on the DS Introduction page as signedIn&amp#27;[0m                                  &amp#27;[90m# StepDefinitions.DSIntroductionDetails.the_user_is_on_the_ds_introduction_page_as_signed_in()&amp#27;[0m
  &amp#27;[32mWhen &amp#27;[0m&amp#27;[32mThe user clicks on Get started link for Queue&amp#27;[0m                                         &amp#27;[90m# StepDefinitions.QueueStepDefinitions.the_user_clicks_on_get_started_link_for_queue()&amp#27;[0m
  &amp#27;[32mGiven &amp#27;[0m&amp#27;[32mThe user on Implementation using collection.deque in python page&amp#27;[0m                     &amp#27;[90m# StepDefinitions.QueueStepDefinitions.the_user_on_implementation_using_collection_deque_in_python_page()&amp#27;[0m
]]></system-out>
  </testcase>
  <testcase name="runScenario[&quot;Valid code on try editor for Implementation of Queue in python runs successfully&quot;, &quot;Queue Details page&quot;](110)" classname="TestRunners.TestRunner" time="0.336">
    <system-out><![CDATA[
Scenario: Error message displayed for invalid code on try editor for Implementation using collections.deque &amp#27;[90m# src/test/resources/Features/QueueDetails.feature:45&amp#27;[0m
]]></system-out>
  </testcase>
  <testcase name="runScenario[&quot;Error message displayed for invalid code on try editor for Implementation using collections.deque&quot;, &quot;Queue Details page&quot;](116)" classname="TestRunners.TestRunner" time="0.189">
    <failure message="Build info: version: &apos;4.26.0&apos;, revision: &apos;8ccf0219d7&apos;&#10;System info: os.name: &apos;Windows 11&apos;, os.arch: &apos;amd64&apos;, os.version: &apos;10.0&apos;, java.version: &apos;21.0.5&apos;&#10;Driver info: org.openqa.selenium.firefox.FirefoxDriver&#10;Command: [03e1abcc-f1a3-4d77-8167-a6c26be6d862, getAlertText {}]&#10;Capabilities {acceptInsecureCerts: true, browserName: firefox, browserVersion: 133.0.3, moz:accessibilityChecks: false, moz:buildID: 20241209150345, moz:debuggerAddress: 127.0.0.1:35119, moz:geckodriverVersion: 0.35.0, moz:headless: false, moz:platformVersion: 10.0, moz:processID: 42112, moz:profile: C:\Users\vamsh\AppData\Loca..., moz:shutdownTimeout: 60000, moz:webdriverClick: true, moz:windowless: false, pageLoadStrategy: normal, platformName: windows, proxy: Proxy(), se:cdp: ws://127.0.0.1:35119/devtoo..., se:cdpVersion: 85.0, setWindowRect: true, strictFileInteractability: false, timeouts: {implicit: 0, pageLoad: 300000, script: 30000}, unhandledPromptBehavior: dismiss and notify, userAgent: Mozilla/5.0 (Windows NT 10....}&#10;Session ID: 03e1abcc-f1a3-4d77-8167-a6c26be6d862" type="org.openqa.selenium.NoAlertPresentException"><![CDATA[org.openqa.selenium.NoAlertPresentException: 
Build info: version: '4.26.0', revision: '8ccf0219d7'
System info: os.name: 'Windows 11', os.arch: 'amd64', os.version: '10.0', java.version: '21.0.5'
Driver info: org.openqa.selenium.firefox.FirefoxDriver
Command: [03e1abcc-f1a3-4d77-8167-a6c26be6d862, getAlertText {}]
Capabilities {acceptInsecureCerts: true, browserName: firefox, browserVersion: 133.0.3, moz:accessibilityChecks: false, moz:buildID: 20241209150345, moz:debuggerAddress: 127.0.0.1:35119, moz:geckodriverVersion: 0.35.0, moz:headless: false, moz:platformVersion: 10.0, moz:processID: 42112, moz:profile: C:\Users\vamsh\AppData\Loca..., moz:shutdownTimeout: 60000, moz:webdriverClick: true, moz:windowless: false, pageLoadStrategy: normal, platformName: windows, proxy: Proxy(), se:cdp: ws://127.0.0.1:35119/devtoo..., se:cdpVersion: 85.0, setWindowRect: true, strictFileInteractability: false, timeouts: {implicit: 0, pageLoad: 300000, script: 30000}, unhandledPromptBehavior: dismiss and notify, userAgent: Mozilla/5.0 (Windows NT 10....}
Session ID: 03e1abcc-f1a3-4d77-8167-a6c26be6d862
]]></failure>
    <system-out><![CDATA[
Scenario: No error message displayed for empty code on try editor for Implementation using collections.deque &amp#27;[90m# src/test/resources/Features/QueueDetails.feature:75&amp#27;[0m
]]></system-out>
  </testcase>
  <testcase name="runScenario[&quot;Validate user can open try editor page from Implementation using collections.deque&quot;, &quot;Queue Details page&quot;](117)" classname="TestRunners.TestRunner" time="0.72">
    <system-out><![CDATA[
Scenario: Valid code on try editor for Implementation using collections.deque runs successfully &amp#27;[90m# src/test/resources/Features/QueueDetails.feature:80&amp#27;[0m
]]></system-out>
  </testcase>
  <testcase name="runScenario[&quot;Validate user can navigate to Implementation using collections.deque&quot;, &quot;Queue Details page&quot;](118)" classname="TestRunners.TestRunner" time="11.074">
    <system-out><![CDATA[
Scenario: Validate user can navigate to Implementation using collections.deque &amp#27;[90m# src/test/resources/Features/QueueDetails.feature:85&amp#27;[0m
  &amp#27;[32mGiven &amp#27;[0m&amp#27;[32mThe user is on the DS Introduction page as signedIn&amp#27;[0m                                                  &amp#27;[90m# StepDefinitions.DSIntroductionDetails.the_user_is_on_the_ds_introduction_page_as_signed_in()&amp#27;[0m
  &amp#27;[32mWhen &amp#27;[0m&amp#27;[32mThe user clicks on Get started link for Queue&amp#27;[0m                                                         &amp#27;[90m# StepDefinitions.QueueStepDefinitions.the_user_clicks_on_get_started_link_for_queue()&amp#27;[0m
  &amp#27;[32mGiven &amp#27;[0m&amp#27;[32mThe user is on Queue Operations page&amp#27;[0m                                                                 &amp#27;[90m# StepDefinitions.QueueStepDefinitions.the_user_is_on_queue_operations_page()&amp#27;[0m
  &amp#27;[32mGiven &amp#27;[0m&amp#27;[32mThe user is on the DS Introduction page as signedIn&amp#27;[0m                    &amp#27;[90m# StepDefinitions.DSIntroductionDetails.the_user_is_on_the_ds_introduction_page_as_signed_in()&amp#27;[0m
  &amp#27;[32mGiven &amp#27;[0m&amp#27;[32mThe user is on the DS Introduction page as signedIn&amp#27;[0m                                     &amp#27;[90m# StepDefinitions.DSIntroductionDetails.the_user_is_on_the_ds_introduction_page_as_signed_in()&amp#27;[0m
  &amp#27;[32mWhen &amp#27;[0m&amp#27;[32mThe user clicks on Get started link for Queue&amp#27;[0m                           &amp#27;[90m# StepDefinitions.QueueStepDefinitions.the_user_clicks_on_get_started_link_for_queue()&amp#27;[0m
  &amp#27;[32mWhen &amp#27;[0m&amp#27;[32mThe user clicks on Get started link for Queue&amp#27;[0m                                            &amp#27;[90m# StepDefinitions.QueueStepDefinitions.the_user_clicks_on_get_started_link_for_queue()&amp#27;[0m
  &amp#27;[32mGiven &amp#27;[0m&amp#27;[32mThe user is on Queue Details page&amp#27;[0m                                      &amp#27;[90m# StepDefinitions.QueueStepDefinitions.the_user_is_on_queue_details_page()&amp#27;[0m
  &amp#27;[32mWhen &amp#27;[0m&amp#27;[32mThe user click on Implementation using array link&amp#27;[0m                       &amp#27;[90m# StepDefinitions.QueueStepDefinitions.the_user_click_on_implementation_using_array_link()&amp#27;[0m
  &amp#27;[32mGiven &amp#27;[0m&amp#27;[32mThe user is on Queue Operations page&amp#27;[0m                                                    &amp#27;[90m# StepDefinitions.QueueStepDefinitions.the_user_is_on_queue_operations_page()&amp#27;[0m
  &amp#27;[32mThen &amp#27;[0m&amp#27;[32mthe user is navigated to Implementation using array page&amp#27;[0m                &amp#27;[90m# StepDefinitions.QueueStepDefinitions.the_user_is_navigated_to_implementation_using_array_page()&amp#27;[0m
[INFO ] 2024-12-17 12:06:57.235 [TestNG-PoolService-3] Hooks - ======================  Test Execution is completed!! ======================
  &amp#27;[32mWhen &amp#27;[0m&amp#27;[32mUser clicks on run button with empty code&amp#27;[0m                                                             &amp#27;[90m# StepDefinitions.DSIntroductionDetails.user_clicks_on_run_button_with_empty_code()&amp#27;[0m
  &amp#27;[32mThen &amp#27;[0m&amp#27;[32mThe user should not see any error message or alert&amp#27;[0m                                                    &amp#27;[90m# StepDefinitions.DSIntroductionDetails.the_user_should_not_see_any_error_message_or_alert()&amp#27;[0m
[INFO ] 2024-12-17 12:06:57.717 [TestNG-PoolService-1] Hooks - ======================  Test Execution is completed!! ======================
  &amp#27;[32mWhen &amp#27;[0m&amp#27;[32mUser writes invalid code and clicks run button&amp#27;[0m                                           &amp#27;[90m# StepDefinitions.DSIntroductionDetails.user_writes_invalid_code_and_clicks_run_button()&amp#27;[0m
  &amp#27;[32mThen &amp#27;[0m&amp#27;[32mThe user should able to see an error message in alert window&amp#27;[0m                             &amp#27;[90m# StepDefinitions.DSIntroductionDetails.the_user_should_able_to_see_an_error_message_in_alert_window()&amp#27;[0m
[INFO ] 2024-12-17 12:06:58.737 [TestNG-PoolService-2] Hooks - ======================  Test Execution is completed!! ======================
]]></system-out>
  </testcase>
  <testcase name="runScenario[&quot;No error message displayed for empty code on try editor for Implementation using collections.deque&quot;, &quot;Queue Details page&quot;](119)" classname="TestRunners.TestRunner" time="0.385">
    <system-out><![CDATA[
Scenario: Validate user can open try editor page from Implementation using collections.deque &amp#27;[90m# src/test/resources/Features/QueueDetails.feature:90&amp#27;[0m
]]></system-out>
  </testcase>
  <testcase name="runScenario[&quot;Valid code on try editor for Implementation using collections.deque runs successfully&quot;, &quot;Queue Details page&quot;](120)" classname="TestRunners.TestRunner" time="0.771">
    <system-out><![CDATA[
Scenario: Error message displayed for invalid code on try editor for Implementation using collections.deque &amp#27;[90m# src/test/resources/Features/QueueDetails.feature:95&amp#27;[0m
]]></system-out>
  </testcase>
  <testcase name="runScenario[&quot;Valid code on try editor for Implementation using collections.deque runs successfully&quot;, &quot;Queue Details page&quot;](120)" classname="TestRunners.TestRunner" time="0.27">
    <system-out><![CDATA[
Scenario: Error message displayed for invalid code on try editor for Implementation using collections.deque &amp#27;[90m# src/test/resources/Features/QueueDetails.feature:95&amp#27;[0m
]]></system-out>
  </testcase>
  <testcase name="runScenario[&quot;No error message displayed for empty code on try editor for Implementation using collections.deque&quot;, &quot;Queue Details page&quot;](122)" classname="TestRunners.TestRunner" time="0.373">
    <system-out><![CDATA[
Scenario: Valid code on try editor for Implementation using collections.deque runs successfully &amp#27;[90m# src/test/resources/Features/QueueDetails.feature:105&amp#27;[0m
]]></system-out>
  </testcase>
  <testcase name="runScenario[&quot;Error message displayed for invalid code on try editor for Implementation using collections.deque&quot;, &quot;Queue Details page&quot;](123)" classname="TestRunners.TestRunner" time="0.656">
    <system-out><![CDATA[
Scenario Outline: New user registration page with all fields empty and Register button is clicked                     &amp#27;[90m# src/test/resources/Features/Registration.feature:13&amp#27;[0m
]]></system-out>
  </testcase>
  <testcase name="runScenario[&quot;New user registration page with only username entered&quot;, &quot;Registration&quot;](124)" classname="TestRunners.TestRunner" time="10.198">
    <system-out><![CDATA[
Scenario Outline: New user registration page with only username entered                                                                         &amp#27;[90m# src/test/resources/Features/Registration.feature:20&amp#27;[0m
  &amp#27;[32mGiven &amp#27;[0m&amp#27;[32mThe user is on the DS Introduction page as signedIn&amp#27;[0m                                     &amp#27;[90m# StepDefinitions.DSIntroductionDetails.the_user_is_on_the_ds_introduction_page_as_signed_in()&amp#27;[0m
  &amp#27;[32mGiven &amp#27;[0m&amp#27;[32mThe user is on the new user registration page&amp#27;[0m                                                                                           &amp#27;[90m# StepDefinitions.Registration.the_user_is_on_the_new_user_registration_page()&amp#27;[0m
  &amp#27;[32mWhen &amp#27;[0m&amp#27;[32mThe user clicks Register button after entering Username with other fields empty on registration form from sheetname &amp#27;[0m&amp#27;[32m&amp#27;[1m"register"&amp#27;[0m&amp#27;[32m and row &amp#27;[0m&amp#27;[32m&amp#27;[1m1&amp#27;[0m &amp#27;[90m# StepDefinitions.Registration.the_user_clicks_register_button_after_entering_username_with_other_fields_empty_on_registration_form_from_sheetname(java.lang.String,java.lang.Integer)&amp#27;[0m
  &amp#27;[32mThen &amp#27;[0m&amp#27;[32mThe error message Please fill out this field. appears below Password textbox&amp#27;[0m                                                             &amp#27;[90m# StepDefinitions.Registration.the_error_message_please_fill_out_this_field_appears_below_password_textbox()&amp#27;[0m
[INFO ] 2024-12-17 12:07:21.034 [TestNG-PoolService-1] Hooks - ======================  Test Execution is completed!! ======================
  &amp#27;[32mWhen &amp#27;[0m&amp#27;[32mThe user clicks on Get started link for Queue&amp#27;[0m                                            &amp#27;[90m# StepDefinitions.QueueStepDefinitions.the_user_clicks_on_get_started_link_for_queue()&amp#27;[0m
  &amp#27;[32mGiven &amp#27;[0m&amp#27;[32mThe user is on the new user registration page&amp#27;[0m                                                                 &amp#27;[90m# StepDefinitions.Registration.the_user_is_on_the_new_user_registration_page()&amp#27;[0m
  &amp#27;[32mGiven &amp#27;[0m&amp#27;[32mThe user is on Implementation using array page&amp#27;[0m                                          &amp#27;[90m# StepDefinitions.QueueStepDefinitions.the_user_is_on_implementation_using_array_page()&amp#27;[0m
  &amp#27;[32mWhen &amp#27;[0m&amp#27;[32mThe user clicks Register button with all fields empty on registration form from sheetname &amp#27;[0m&amp#27;[32m&amp#27;[1m"register"&amp#27;[0m&amp#27;[32m and row &amp#27;[0m&amp#27;[32m&amp#27;[1m0&amp#27;[0m &amp#27;[90m# StepDefinitions.Registration.the_user_clicks_register_button_with_all_fields_empty_on_registration_form_from_sheetname(java.lang.String,java.lang.Integer)&amp#27;[0m
  &amp#27;[32mThen &amp#27;[0m&amp#27;[32mThe error Please fill out this field appears below Username textbox&amp#27;[0m                                            &amp#27;[90m# StepDefinitions.Registration.the_error_please_fill_out_this_field_appears_below_username_textbox()&amp#27;[0m
[INFO ] 2024-12-17 12:07:22.007 [TestNG-PoolService-2] Hooks - ======================  Test Execution is completed!! ======================
]]></system-out>
  </testcase>
  <testcase name="runScenario[&quot;New user registration page with all fields empty and Register button is clicked&quot;, &quot;Registration&quot;](125)" classname="TestRunners.TestRunner" time="0.799">
    <system-out><![CDATA[
Scenario Outline: New user registration page with only username and password fields entered                                                                                 &amp#27;[90m# src/test/resources/Features/Registration.feature:28&amp#27;[0m
  &amp#27;[32mWhen &amp#27;[0m&amp#27;[32mUser writes valid code and clicks run button&amp#27;[0m                                             &amp#27;[90m# StepDefinitions.DSIntroductionDetails.user_writes_valid_code_and_clicks_run_button()&amp#27;[0m
  &amp#27;[32mThen &amp#27;[0m&amp#27;[32mThe user should able to see output in the console&amp#27;[0m                                        &amp#27;[90m# StepDefinitions.DSIntroductionDetails.the_user_should_able_to_see_output_in_the_console()&amp#27;[0m
[INFO ] 2024-12-17 12:07:23.311 [TestNG-PoolService-3] Hooks - ======================  Test Execution is completed!! ======================
]]></system-out>
  </testcase>
  <testcase name="runScenario[&quot;Valid code on try editor for Implementation using collections.deque runs successfully&quot;, &quot;Queue Details page&quot;](126)" classname="TestRunners.TestRunner" time="1.165">
    <system-out><![CDATA[
Scenario Outline: New user registration page with username entered with a space inbetween                                                                                        &amp#27;[90m# src/test/resources/Features/Registration.feature:35&amp#27;[0m
]]></system-out>
  </testcase>
  <testcase name="runScenario[&quot;Valid code on try editor for Implementation using collections.deque runs successfully&quot;, &quot;Queue Details page&quot;](126)" classname="TestRunners.TestRunner" time="1.72">
    <system-out><![CDATA[
Scenario Outline: New user registration page with username entered with a space inbetween                                                                                        &amp#27;[90m# src/test/resources/Features/Registration.feature:35&amp#27;[0m
  &amp#27;[32mWhen &amp#27;[0m&amp#27;[32mUser writes valid code and clicks run button&amp#27;[0m                                             &amp#27;[90m# StepDefinitions.DSIntroductionDetails.user_writes_valid_code_and_clicks_run_button()&amp#27;[0m
  &amp#27;[32mThen &amp#27;[0m&amp#27;[32mThe user should able to see output in the console&amp#27;[0m                                        &amp#27;[90m# StepDefinitions.DSIntroductionDetails.the_user_should_able_to_see_output_in_the_console()&amp#27;[0m
[INFO ] 2024-12-17 12:22:05.603 [TestNG-PoolService-2] Hooks - ======================  Test Execution is completed!! ======================
]]></system-out>
  </testcase>
  <testcase name="runScenario[&quot;New user registration page with valid username but only numeric password and confirm password&quot;, &quot;Registration&quot;](128)" classname="TestRunners.TestRunner" time="0.684">
    <failure message="expected [Invalid password] but found [password_mismatch:The two password fields didn’t match.]" type="java.lang.AssertionError"><![CDATA[java.lang.AssertionError: expected [Invalid password] but found [password_mismatch:The two password fields didn’t match.]
]]></failure>
    <system-out><![CDATA[
Scenario Outline: New user registration page with valid username but password and confirm password fields has less than eight characters                  &amp#27;[90m# src/test/resources/Features/Registration.feature:50&amp#27;[0m
]]></system-out>
  </testcase>
  <testcase name="runScenario[&quot;New user registration page with username entered with a space inbetween&quot;, &quot;Registration&quot;](129)" classname="TestRunners.TestRunner" time="0.221">
    <failure message="expected [NumpyNinja] but found [Registration]" type="java.lang.AssertionError"><![CDATA[java.lang.AssertionError: expected [NumpyNinja] but found [Registration]
]]></failure>
    <system-out><![CDATA[
Scenario Outline: New user registration page on registration with different passwords entered in password and confirm password fields                           &amp#27;[90m# src/test/resources/Features/Registration.feature:58&amp#27;[0m
]]></system-out>
  </testcase>
  <testcase name="runScenario[&quot;New user registration page with all valid credentials entered&quot;, &quot;Registration&quot;](131)" classname="TestRunners.TestRunner" time="0.748">
    <failure message="expected [New Account Created. You are logged in as 11111dddfrtfg] but found [password_mismatch:The two password fields didn’t match.]" type="java.lang.AssertionError"><![CDATA[java.lang.AssertionError: expected [New Account Created. You are logged in as 11111dddfrtfg] but found [password_mismatch:The two password fields didn’t match.]
]]></failure>
    <system-out><![CDATA[
Scenario Outline: New user registration page where login button is clicked &amp#27;[90m# src/test/resources/Features/Registration.feature:67&amp#27;[0m
]]></system-out>
  </testcase>
  <testcase name="runScenario[&quot;New user registration page with all valid credentials entered&quot;, &quot;Registration&quot;](131)" classname="TestRunners.TestRunner" time="0">
    <failure message="expected [New Account Created. You are logged in as 11111dddfrtfg] but found [password_mismatch:The two password fields didn’t match.]" type="java.lang.AssertionError"><![CDATA[java.lang.AssertionError: expected [New Account Created. You are logged in as 11111dddfrtfg] but found [password_mismatch:The two password fields didn’t match.]
]]></failure>
  </testcase>
  <testcase name="runScenario[&quot;New user registration page on registration with different passwords entered in password and confirm password fields&quot;, &quot;Registration&quot;](132)" classname="TestRunners.TestRunner" time="0.121">
    <system-out><![CDATA[
Scenario Outline: New user registration page where SignIn button is clicked &amp#27;[90m# src/test/resources/Features/Registration.feature:71&amp#27;[0m
]]></system-out>
  </testcase>
  <testcase name="runScenario[&quot;Error message displayed for invalid code on try Editor for Operations in Stack page&quot;, &quot;Stack page&quot;](137)" classname="TestRunners.TestRunner" time="1.425">
    <failure message="Build info: version: &apos;4.26.0&apos;, revision: &apos;8ccf0219d7&apos;&#10;System info: os.name: &apos;Windows 11&apos;, os.arch: &apos;amd64&apos;, os.version: &apos;10.0&apos;, java.version: &apos;21.0.5&apos;&#10;Driver info: org.openqa.selenium.firefox.FirefoxDriver&#10;Command: [5be2ede1-49ff-4ceb-a3a4-4c34728e0990, getAlertText {}]&#10;Capabilities {acceptInsecureCerts: true, browserName: firefox, browserVersion: 133.0.3, moz:accessibilityChecks: false, moz:buildID: 20241209150345, moz:debuggerAddress: 127.0.0.1:10336, moz:geckodriverVersion: 0.35.0, moz:headless: false, moz:platformVersion: 10.0, moz:processID: 12788, moz:profile: C:\Users\vamsh\AppData\Loca..., moz:shutdownTimeout: 60000, moz:webdriverClick: true, moz:windowless: false, pageLoadStrategy: normal, platformName: windows, proxy: Proxy(), se:cdp: ws://127.0.0.1:10336/devtoo..., se:cdpVersion: 85.0, setWindowRect: true, strictFileInteractability: false, timeouts: {implicit: 0, pageLoad: 300000, script: 30000}, unhandledPromptBehavior: dismiss and notify, userAgent: Mozilla/5.0 (Windows NT 10....}&#10;Session ID: 5be2ede1-49ff-4ceb-a3a4-4c34728e0990" type="org.openqa.selenium.NoAlertPresentException"><![CDATA[org.openqa.selenium.NoAlertPresentException: 
Build info: version: '4.26.0', revision: '8ccf0219d7'
System info: os.name: 'Windows 11', os.arch: 'amd64', os.version: '10.0', java.version: '21.0.5'
Driver info: org.openqa.selenium.firefox.FirefoxDriver
Command: [5be2ede1-49ff-4ceb-a3a4-4c34728e0990, getAlertText {}]
Capabilities {acceptInsecureCerts: true, browserName: firefox, browserVersion: 133.0.3, moz:accessibilityChecks: false, moz:buildID: 20241209150345, moz:debuggerAddress: 127.0.0.1:10336, moz:geckodriverVersion: 0.35.0, moz:headless: false, moz:platformVersion: 10.0, moz:processID: 12788, moz:profile: C:\Users\vamsh\AppData\Loca..., moz:shutdownTimeout: 60000, moz:webdriverClick: true, moz:windowless: false, pageLoadStrategy: normal, platformName: windows, proxy: Proxy(), se:cdp: ws://127.0.0.1:10336/devtoo..., se:cdpVersion: 85.0, setWindowRect: true, strictFileInteractability: false, timeouts: {implicit: 0, pageLoad: 300000, script: 30000}, unhandledPromptBehavior: dismiss and notify, userAgent: Mozilla/5.0 (Windows NT 10....}
Session ID: 5be2ede1-49ff-4ceb-a3a4-4c34728e0990
]]></failure>
    <system-out><![CDATA[
Scenario: No error message displayed for empty code on try editor for Operations in Stack page &amp#27;[90m# src/test/resources/Features/StackPage.feature:26&amp#27;[0m
  &amp#27;[32mWhen &amp#27;[0m&amp#27;[32mUser clicks Try here link&amp#27;[0m                                        &amp#27;[90m# StepDefinitions.DSIntroductionDetails.user_clicks_try_here_link()&amp#27;[0m
  &amp#27;[32mThen &amp#27;[0m&amp#27;[32mUser should navigate to tryEditor page&amp#27;[0m                           &amp#27;[90m# StepDefinitions.DSIntroductionDetails.user_should_navigate_to_try_editor_page()&amp#27;[0m
[INFO ] 2024-12-17 12:08:06.886 [TestNG-PoolService-2] Hooks - ======================  Test Execution is completed!! ======================
]]></system-out>
  </testcase>
  <testcase name="runScenario[&quot;Validate user can Try here link page from Operations in Stack&quot;, &quot;Stack page&quot;](138)" classname="TestRunners.TestRunner" time="0.961">
    <system-out><![CDATA[
Scenario: Valid code on try editor for Operations in Stack runs successfully &amp#27;[90m# src/test/resources/Features/StackPage.feature:31&amp#27;[0m
]]></system-out>
  </testcase>
  <testcase name="runScenario[&quot;Validate user can navigate to Implementation page&quot;, &quot;Stack page&quot;](139)" classname="TestRunners.TestRunner" time="11.057">
    <system-out><![CDATA[
Scenario: Validate user can navigate to Implementation page &amp#27;[90m# src/test/resources/Features/StackPage.feature:36&amp#27;[0m
  &amp#27;[32mGiven &amp#27;[0m&amp#27;[32mThe user is on the DS Introduction page as signedIn&amp#27;[0m                                    &amp#27;[90m# StepDefinitions.DSIntroductionDetails.the_user_is_on_the_ds_introduction_page_as_signed_in()&amp#27;[0m
  &amp#27;[32mWhen &amp#27;[0m&amp#27;[32mThe user clicks on Get Started link for stack&amp#27;[0m                                           &amp#27;[90m# StepDefinitions.StackStepDefinitions.the_user_clicks_on_get_started_link_for_stack()&amp#27;[0m
  &amp#27;[32mGiven &amp#27;[0m&amp#27;[32mThe user is on the Operations in Stack page&amp#27;[0m                                            &amp#27;[90m# StepDefinitions.StackStepDefinitions.the_user_is_on_the_operations_in_stack_page()&amp#27;[0m
  &amp#27;[32mGiven &amp#27;[0m&amp#27;[32mThe user is on the DS Introduction page as signedIn&amp#27;[0m                  &amp#27;[90m# StepDefinitions.DSIntroductionDetails.the_user_is_on_the_ds_introduction_page_as_signed_in()&amp#27;[0m
  &amp#27;[32mWhen &amp#27;[0m&amp#27;[32mThe user clicks on Get Started link for stack&amp#27;[0m                         &amp#27;[90m# StepDefinitions.StackStepDefinitions.the_user_clicks_on_get_started_link_for_stack()&amp#27;[0m
  &amp#27;[32mGiven &amp#27;[0m&amp#27;[32mThe user is on the DS Introduction page as signedIn&amp#27;[0m &amp#27;[90m# StepDefinitions.DSIntroductionDetails.the_user_is_on_the_ds_introduction_page_as_signed_in()&amp#27;[0m
  &amp#27;[32mGiven &amp#27;[0m&amp#27;[32mThe user is on the Operations in Stack page&amp#27;[0m                          &amp#27;[90m# StepDefinitions.StackStepDefinitions.the_user_is_on_the_operations_in_stack_page()&amp#27;[0m
  &amp#27;[32mWhen &amp#27;[0m&amp#27;[32mThe user clicks on Get Started link for stack&amp#27;[0m        &amp#27;[90m# StepDefinitions.StackStepDefinitions.the_user_clicks_on_get_started_link_for_stack()&amp#27;[0m
  &amp#27;[32mGiven &amp#27;[0m&amp#27;[32mThe user is on the stack details page&amp#27;[0m               &amp#27;[90m# StepDefinitions.StackStepDefinitions.the_user_is_on_the_stack_details_page()&amp#27;[0m
  &amp#27;[32mWhen &amp#27;[0m&amp#27;[32mThe user click on Implementation link&amp#27;[0m                &amp#27;[90m# StepDefinitions.StackStepDefinitions.the_user_click_on_implementation_link()&amp#27;[0m
  &amp#27;[32mThen &amp#27;[0m&amp#27;[32mthe user is navigated to Implementation page&amp#27;[0m         &amp#27;[90m# StepDefinitions.StackStepDefinitions.the_user_is_navigated_to_implementation_page()&amp#27;[0m
[INFO ] 2024-12-17 12:08:18.130 [TestNG-PoolService-2] Hooks - ======================  Test Execution is completed!! ======================
  &amp#27;[32mWhen &amp#27;[0m&amp#27;[32mUser clicks on run button with empty code&amp#27;[0m                                               &amp#27;[90m# StepDefinitions.DSIntroductionDetails.user_clicks_on_run_button_with_empty_code()&amp#27;[0m
  &amp#27;[32mThen &amp#27;[0m&amp#27;[32mThe user should not see any error message or alert&amp#27;[0m                                      &amp#27;[90m# StepDefinitions.DSIntroductionDetails.the_user_should_not_see_any_error_message_or_alert()&amp#27;[0m
[INFO ] 2024-12-17 12:08:18.385 [TestNG-PoolService-1] Hooks - ======================  Test Execution is completed!! ======================
  &amp#27;[32mWhen &amp#27;[0m&amp#27;[32mUser writes valid code and clicks run button&amp#27;[0m                          &amp#27;[90m# StepDefinitions.DSIntroductionDetails.user_writes_valid_code_and_clicks_run_button()&amp#27;[0m
  &amp#27;[32mThen &amp#27;[0m&amp#27;[32mThe user should able to see output in the console&amp#27;[0m                     &amp#27;[90m# StepDefinitions.DSIntroductionDetails.the_user_should_able_to_see_output_in_the_console()&amp#27;[0m
[INFO ] 2024-12-17 12:08:19.253 [TestNG-PoolService-3] Hooks - ======================  Test Execution is completed!! ======================
]]></system-out>
  </testcase>
  <testcase name="runScenario[&quot;No error message displayed for empty code on try editor for Operations in Stack page&quot;, &quot;Stack page&quot;](140)" classname="TestRunners.TestRunner" time="0.605">
    <system-out><![CDATA[
Scenario: Validate user can click on Try here link from Implementation page &amp#27;[90m# src/test/resources/Features/StackPage.feature:41&amp#27;[0m
]]></system-out>
  </testcase>
  <testcase name="runScenario[&quot;Valid code on try editor for Operations in Stack runs successfully&quot;, &quot;Stack page&quot;](141)" classname="TestRunners.TestRunner" time="0.436">
    <system-out><![CDATA[
Scenario: Error message displayed for invalid code on try Editor for Implementation page &amp#27;[90m# src/test/resources/Features/StackPage.feature:46&amp#27;[0m
]]></system-out>
  </testcase>
  <testcase name="runScenario[&quot;Valid code on try editor for Operations in Stack runs successfully&quot;, &quot;Stack page&quot;](141)" classname="TestRunners.TestRunner" time="0.499">
    <system-out><![CDATA[
Scenario: Error message displayed for invalid code on try Editor for Implementation page &amp#27;[90m# src/test/resources/Features/StackPage.feature:46&amp#27;[0m
]]></system-out>
  </testcase>
  <testcase name="runScenario[&quot;No error message displayed for empty code on try editor for Implementation page&quot;, &quot;Stack page&quot;](143)" classname="TestRunners.TestRunner" time="0.723">
    <system-out><![CDATA[
Scenario: Valid code on try editor for Implementation runs successfully &amp#27;[90m# src/test/resources/Features/StackPage.feature:56&amp#27;[0m
  &amp#27;[32mThen &amp#27;[0m&amp#27;[32mThe user should able to see an error message in alert window&amp#27;[0m                      &amp#27;[90m# StepDefinitions.DSIntroductionDetails.the_user_should_able_to_see_an_error_message_in_alert_window()&amp#27;[0m
[INFO ] 2024-12-17 12:08:32.366 [TestNG-PoolService-1] Hooks - ======================  Test Execution is completed!! ======================
]]></system-out>
  </testcase>
  <testcase name="runScenario[&quot;No error message displayed for empty code on try editor for Implementation page&quot;, &quot;Stack page&quot;](143)" classname="TestRunners.TestRunner" time="0.82">
    <system-out><![CDATA[
Scenario: Valid code on try editor for Implementation runs successfully &amp#27;[90m# src/test/resources/Features/StackPage.feature:56&amp#27;[0m
  &amp#27;[32mWhen &amp#27;[0m&amp#27;[32mUser writes invalid code and clicks run button&amp#27;[0m                                    &amp#27;[90m# StepDefinitions.DSIntroductionDetails.user_writes_invalid_code_and_clicks_run_button()&amp#27;[0m
  &amp#27;[32mThen &amp#27;[0m&amp#27;[32mThe user should able to see an error message in alert window&amp#27;[0m                      &amp#27;[90m# StepDefinitions.DSIntroductionDetails.the_user_should_able_to_see_an_error_message_in_alert_window()&amp#27;[0m
[INFO ] 2024-12-17 12:22:59.894 [TestNG-PoolService-3] Hooks - ======================  Test Execution is completed!! ======================
]]></system-out>
  </testcase>
  <testcase name="runScenario[&quot;Error message displayed for invalid code on try Editor for Implementation page&quot;, &quot;Stack page&quot;](144)" classname="TestRunners.TestRunner" time="0.717">
    <system-out><![CDATA[
Scenario: Validate user can navigate to Applications page   &amp#27;[90m# src/test/resources/Features/StackPage.feature:61&amp#27;[0m
]]></system-out>
  </testcase>
  <testcase name="runScenario[&quot;Error message displayed for invalid code on try Editor for Implementation page&quot;, &quot;Stack page&quot;](144)" classname="TestRunners.TestRunner" time="0.644">
    <system-out><![CDATA[
Scenario: Validate user can navigate to Applications page   &amp#27;[90m# src/test/resources/Features/StackPage.feature:61&amp#27;[0m
]]></system-out>
  </testcase>
  <testcase name="runScenario[&quot;Validate user can navigate to Applications page&quot;, &quot;Stack page&quot;](145)" classname="TestRunners.TestRunner" time="11.081">
    <system-out><![CDATA[
Scenario: Validate user can click on Try here link from Applications page &amp#27;[90m# src/test/resources/Features/StackPage.feature:66&amp#27;[0m
  &amp#27;[32mGiven &amp#27;[0m&amp#27;[32mThe user is on the DS Introduction page as signedIn&amp#27;[0m             &amp#27;[90m# StepDefinitions.DSIntroductionDetails.the_user_is_on_the_ds_introduction_page_as_signed_in()&amp#27;[0m
  &amp#27;[32mWhen &amp#27;[0m&amp#27;[32mThe user clicks on Get Started link for stack&amp#27;[0m                    &amp#27;[90m# StepDefinitions.StackStepDefinitions.the_user_clicks_on_get_started_link_for_stack()&amp#27;[0m
  &amp#27;[32mGiven &amp#27;[0m&amp#27;[32mThe user is on the DS Introduction page as signedIn&amp#27;[0m               &amp#27;[90m# StepDefinitions.DSIntroductionDetails.the_user_is_on_the_ds_introduction_page_as_signed_in()&amp#27;[0m
  &amp#27;[32mGiven &amp#27;[0m&amp#27;[32mThe user is on the Implementation page&amp#27;[0m                          &amp#27;[90m# StepDefinitions.StackStepDefinitions.the_user_is_on_the_implementation_page()&amp#27;[0m
  &amp#27;[32mWhen &amp#27;[0m&amp#27;[32mThe user clicks on Get Started link for stack&amp#27;[0m                      &amp#27;[90m# StepDefinitions.StackStepDefinitions.the_user_clicks_on_get_started_link_for_stack()&amp#27;[0m
  &amp#27;[32mGiven &amp#27;[0m&amp#27;[32mThe user is on the DS Introduction page as signedIn&amp#27;[0m &amp#27;[90m# StepDefinitions.DSIntroductionDetails.the_user_is_on_the_ds_introduction_page_as_signed_in()&amp#27;[0m
  &amp#27;[32mGiven &amp#27;[0m&amp#27;[32mThe user is on the Applications page&amp#27;[0m                              &amp#27;[90m# StepDefinitions.StackStepDefinitions.the_user_is_on_the_applications_page()&amp#27;[0m
  &amp#27;[32mWhen &amp#27;[0m&amp#27;[32mThe user clicks on Get Started link for stack&amp#27;[0m        &amp#27;[90m# StepDefinitions.StackStepDefinitions.the_user_clicks_on_get_started_link_for_stack()&amp#27;[0m
  &amp#27;[32mGiven &amp#27;[0m&amp#27;[32mThe user is on the stack details page&amp#27;[0m               &amp#27;[90m# StepDefinitions.StackStepDefinitions.the_user_is_on_the_stack_details_page()&amp#27;[0m
  &amp#27;[32mWhen &amp#27;[0m&amp#27;[32mThe user click on Applications link&amp#27;[0m                  &amp#27;[90m# StepDefinitions.StackStepDefinitions.the_user_click_on_applications_link()&amp#27;[0m
  &amp#27;[32mThen &amp#27;[0m&amp#27;[32mthe user is navigated to Applications page&amp#27;[0m           &amp#27;[90m# StepDefinitions.StackStepDefinitions.the_user_is_navigated_to_applications_page()&amp#27;[0m
[INFO ] 2024-12-17 12:08:43.238 [TestNG-PoolService-3] Hooks - ======================  Test Execution is completed!! ======================
  &amp#27;[32mWhen &amp#27;[0m&amp#27;[32mUser clicks Try here link&amp#27;[0m                                          &amp#27;[90m# StepDefinitions.DSIntroductionDetails.user_clicks_try_here_link()&amp#27;[0m
  &amp#27;[32mThen &amp#27;[0m&amp#27;[32mUser should navigate to tryEditor page&amp#27;[0m                             &amp#27;[90m# StepDefinitions.DSIntroductionDetails.user_should_navigate_to_try_editor_page()&amp#27;[0m
[INFO ] 2024-12-17 12:08:43.574 [TestNG-PoolService-1] Hooks - ======================  Test Execution is completed!! ======================
  &amp#27;[32mWhen &amp#27;[0m&amp#27;[32mUser writes valid code and clicks run button&amp#27;[0m                     &amp#27;[90m# StepDefinitions.DSIntroductionDetails.user_writes_valid_code_and_clicks_run_button()&amp#27;[0m
  &amp#27;[32mThen &amp#27;[0m&amp#27;[32mThe user should able to see output in the console&amp#27;[0m                &amp#27;[90m# StepDefinitions.DSIntroductionDetails.the_user_should_able_to_see_output_in_the_console()&amp#27;[0m
[INFO ] 2024-12-17 12:08:43.976 [TestNG-PoolService-2] Hooks - ======================  Test Execution is completed!! ======================
]]></system-out>
  </testcase>
  <testcase name="runScenario[&quot;Validate user can navigate to Applications page&quot;, &quot;Stack page&quot;](145)" classname="TestRunners.TestRunner" time="9.028">
    <system-out><![CDATA[
Scenario: Validate user can click on Try here link from Applications page &amp#27;[90m# src/test/resources/Features/StackPage.feature:66&amp#27;[0m
  &amp#27;[32mGiven &amp#27;[0m&amp#27;[32mThe user is on the DS Introduction page as signedIn&amp#27;[0m             &amp#27;[90m# StepDefinitions.DSIntroductionDetails.the_user_is_on_the_ds_introduction_page_as_signed_in()&amp#27;[0m
  &amp#27;[32mGiven &amp#27;[0m&amp#27;[32mThe user is on the DS Introduction page as signedIn&amp#27;[0m &amp#27;[90m# StepDefinitions.DSIntroductionDetails.the_user_is_on_the_ds_introduction_page_as_signed_in()&amp#27;[0m
  &amp#27;[32mWhen &amp#27;[0m&amp#27;[32mThe user clicks on Get Started link for stack&amp#27;[0m                    &amp#27;[90m# StepDefinitions.StackStepDefinitions.the_user_clicks_on_get_started_link_for_stack()&amp#27;[0m
  &amp#27;[32mWhen &amp#27;[0m&amp#27;[32mThe user clicks on Get Started link for stack&amp#27;[0m        &amp#27;[90m# StepDefinitions.StackStepDefinitions.the_user_clicks_on_get_started_link_for_stack()&amp#27;[0m
  &amp#27;[32mGiven &amp#27;[0m&amp#27;[32mThe user is on the DS Introduction page as signedIn&amp#27;[0m               &amp#27;[90m# StepDefinitions.DSIntroductionDetails.the_user_is_on_the_ds_introduction_page_as_signed_in()&amp#27;[0m
  &amp#27;[32mGiven &amp#27;[0m&amp#27;[32mThe user is on the Implementation page&amp#27;[0m                          &amp#27;[90m# StepDefinitions.StackStepDefinitions.the_user_is_on_the_implementation_page()&amp#27;[0m
  &amp#27;[32mGiven &amp#27;[0m&amp#27;[32mThe user is on the stack details page&amp#27;[0m               &amp#27;[90m# StepDefinitions.StackStepDefinitions.the_user_is_on_the_stack_details_page()&amp#27;[0m
  &amp#27;[32mWhen &amp#27;[0m&amp#27;[32mThe user clicks on Get Started link for stack&amp#27;[0m                      &amp#27;[90m# StepDefinitions.StackStepDefinitions.the_user_clicks_on_get_started_link_for_stack()&amp#27;[0m
  &amp#27;[32mWhen &amp#27;[0m&amp#27;[32mThe user click on Applications link&amp#27;[0m                  &amp#27;[90m# StepDefinitions.StackStepDefinitions.the_user_click_on_applications_link()&amp#27;[0m
  &amp#27;[32mThen &amp#27;[0m&amp#27;[32mthe user is navigated to Applications page&amp#27;[0m           &amp#27;[90m# StepDefinitions.StackStepDefinitions.the_user_is_navigated_to_applications_page()&amp#27;[0m
[INFO ] 2024-12-17 12:23:08.819 [TestNG-PoolService-2] Hooks - ======================  Test Execution is completed!! ======================
  &amp#27;[32mGiven &amp#27;[0m&amp#27;[32mThe user is on the Applications page&amp#27;[0m                              &amp#27;[90m# StepDefinitions.StackStepDefinitions.the_user_is_on_the_applications_page()&amp#27;[0m
  &amp#27;[31mWhen &amp#27;[0m&amp#27;[31mUser writes valid code and clicks run button&amp#27;[0m                     &amp#27;[90m# StepDefinitions.DSIntroductionDetails.user_writes_valid_code_and_clicks_run_button()&amp#27;[0m
      &amp#27;[31morg.openqa.selenium.ElementNotInteractableException: element not interactable
  (Session info: MicrosoftEdge=131.0.2903.99)
Build info: version: '4.26.0', revision: '8ccf0219d7'
System info: os.name: 'Windows 11', os.arch: 'amd64', os.version: '10.0', java.version: '21.0.5'
Driver info: org.openqa.selenium.edge.EdgeDriver
Command: [4e1c0a7fbb930009d77d7c71c9ce1eea, sendKeysToElement {value=[Ljava.lang.CharSequence;@243c581a, id=f.3DAA85C08B002FFC349CBF72C1144D9A.d.02296B9E1CA0591DF39556DDEE32C265.e.37}]
Capabilities {acceptInsecureCerts: false, browserName: MicrosoftEdge, browserVersion: 131.0.2903.99, fedcm:accounts: true, ms:edgeOptions: {debuggerAddress: localhost:57868}, msedge: {msedgedriverVersion: 131.0.2903.99 (f96a870b1316..., userDataDir: C:\Users\vamsh\AppData\Loca...}, networkConnectionEnabled: false, pageLoadStrategy: normal, platformName: windows, proxy: Proxy(), se:cdp: ws://localhost:57868/devtoo..., se:cdpVersion: 131.0.2903.99, setWindowRect: true, strictFileInteractability: false, timeouts: {implicit: 0, pageLoad: 300000, script: 30000}, unhandledPromptBehavior: dismiss and notify, webauthn:extension:credBlob: true, webauthn:extension:largeBlob: true, webauthn:extension:minPinLength: true, webauthn:extension:prf: true, webauthn:virtualAuthenticators: true}
Element: [[EdgeDriver: MicrosoftEdge on windows (4e1c0a7fbb930009d77d7c71c9ce1eea)] -> css selector: .CodeMirror textarea]
Session ID: 4e1c0a7fbb930009d77d7c71c9ce1eea
	at java.base/jdk.internal.reflect.DirectConstructorHandleAccessor.newInstance(DirectConstructorHandleAccessor.java:62)
	at java.base/java.lang.reflect.Constructor.newInstanceWithCaller(Constructor.java:502)
	at java.base/java.lang.reflect.Constructor.newInstance(Constructor.java:486)
	at org.openqa.selenium.remote.ErrorCodec.decode(ErrorCodec.java:167)
	at org.openqa.selenium.remote.codec.w3c.W3CHttpResponseCodec.decode(W3CHttpResponseCodec.java:138)
	at org.openqa.selenium.remote.codec.w3c.W3CHttpResponseCodec.decode(W3CHttpResponseCodec.java:50)
	at org.openqa.selenium.remote.HttpCommandExecutor.execute(HttpCommandExecutor.java:190)
	at org.openqa.selenium.remote.service.DriverCommandExecutor.invokeExecute(DriverCommandExecutor.java:216)
	at org.openqa.selenium.remote.service.DriverCommandExecutor.execute(DriverCommandExecutor.java:174)
	at org.openqa.selenium.remote.RemoteWebDriver.execute(RemoteWebDriver.java:545)
	at org.openqa.selenium.remote.RemoteWebElement.execute(RemoteWebElement.java:223)
	at org.openqa.selenium.remote.RemoteWebElement.sendKeys(RemoteWebElement.java:110)
	at PageObjects.IntroductionPage.enterCodeInEditor(IntroductionPage.java:82)
	at StepDefinitions.DSIntroductionDetails.user_writes_valid_code_and_clicks_run_button(DSIntroductionDetails.java:197)
	at ✽.User writes valid code and clicks run button(file:///C:/Projects/newFolder-3/Repo1/src/test/resources/Features/StackPage.feature:58)
&amp#27;[0m
  &amp#27;[36mThen &amp#27;[0m&amp#27;[36mThe user should able to see output in the console&amp#27;[0m                &amp#27;[90m# StepDefinitions.DSIntroductionDetails.the_user_should_able_to_see_output_in_the_console()&amp#27;[0m
[ERROR] 2024-12-17 12:23:09.208 [TestNG-PoolService-1] Hooks - ======================  TEST CASE FAILED !! ======================

    Embedding screenshot [image/png 7890 bytes]

[INFO ] 2024-12-17 12:23:09.380 [TestNG-PoolService-1] Hooks - ======================  Screenshot is captured  ======================
[INFO ] 2024-12-17 12:23:09.382 [TestNG-PoolService-1] Hooks - ======================  Test Execution is completed!! ======================
  &amp#27;[32mWhen &amp#27;[0m&amp#27;[32mUser clicks Try here link&amp#27;[0m                                          &amp#27;[90m# StepDefinitions.DSIntroductionDetails.user_clicks_try_here_link()&amp#27;[0m
  &amp#27;[32mThen &amp#27;[0m&amp#27;[32mUser should navigate to tryEditor page&amp#27;[0m                             &amp#27;[90m# StepDefinitions.DSIntroductionDetails.user_should_navigate_to_try_editor_page()&amp#27;[0m
[INFO ] 2024-12-17 12:23:09.912 [TestNG-PoolService-3] Hooks - ======================  Test Execution is completed!! ======================
]]></system-out>
    <system-err><![CDATA[Dec 17, 2024 12:23:02 PM org.openqa.selenium.devtools.CdpVersionFinder findNearestMatch
WARNING: Unable to find an exact match for CDP version 131, returning the closest version; found: 130; Please update to a Selenium version that supports CDP version 131
Dec 17, 2024 12:23:03 PM org.openqa.selenium.devtools.CdpVersionFinder findNearestMatch
WARNING: Unable to find an exact match for CDP version 131, returning the closest version; found: 130; Please update to a Selenium version that supports CDP version 131
Dec 17, 2024 12:23:05 PM org.openqa.selenium.devtools.CdpVersionFinder findNearestMatch
WARNING: Unable to find an exact match for CDP version 131, returning the closest version; found: 130; Please update to a Selenium version that supports CDP version 131
]]></system-err>
  </testcase>
  <testcase name="runScenario[&quot;Validate user can click on Try here link from Applications page&quot;, &quot;Stack page&quot;](146)" classname="TestRunners.TestRunner" time="0.183">
    <system-out><![CDATA[
Scenario: Error message displayed for invalid code on try Editor for Applications page &amp#27;[90m# src/test/resources/Features/StackPage.feature:71&amp#27;[0m
]]></system-out>
  </testcase>
  <testcase name="runScenario[&quot;Valid code on try editor for Implementation runs successfully&quot;, &quot;Stack page&quot;](147)" classname="TestRunners.TestRunner" time="0.37">
    <system-out><![CDATA[
Scenario: No error message displayed for empty code on try editor for Applications page &amp#27;[90m# src/test/resources/Features/StackPage.feature:76&amp#27;[0m
]]></system-out>
  </testcase>
  <testcase name="runScenario[&quot;Try Here Editor page with invalid data&quot;, &quot;Tree&quot;](155)" classname="TestRunners.TestRunner" time="0.855">
    <failure message="Build info: version: &apos;4.26.0&apos;, revision: &apos;8ccf0219d7&apos;&#10;System info: os.name: &apos;Windows 11&apos;, os.arch: &apos;amd64&apos;, os.version: &apos;10.0&apos;, java.version: &apos;21.0.5&apos;&#10;Driver info: org.openqa.selenium.firefox.FirefoxDriver&#10;Command: [bc6940bc-4301-4f42-8281-118867a984a4, getAlertText {}]&#10;Capabilities {acceptInsecureCerts: true, browserName: firefox, browserVersion: 133.0.3, moz:accessibilityChecks: false, moz:buildID: 20241209150345, moz:debuggerAddress: 127.0.0.1:35229, moz:geckodriverVersion: 0.35.0, moz:headless: false, moz:platformVersion: 10.0, moz:processID: 41768, moz:profile: C:\Users\vamsh\AppData\Loca..., moz:shutdownTimeout: 60000, moz:webdriverClick: true, moz:windowless: false, pageLoadStrategy: normal, platformName: windows, proxy: Proxy(), se:cdp: ws://127.0.0.1:35229/devtoo..., se:cdpVersion: 85.0, setWindowRect: true, strictFileInteractability: false, timeouts: {implicit: 0, pageLoad: 300000, script: 30000}, unhandledPromptBehavior: dismiss and notify, userAgent: Mozilla/5.0 (Windows NT 10....}&#10;Session ID: bc6940bc-4301-4f42-8281-118867a984a4" type="org.openqa.selenium.NoAlertPresentException"><![CDATA[org.openqa.selenium.NoAlertPresentException: 
Build info: version: '4.26.0', revision: '8ccf0219d7'
System info: os.name: 'Windows 11', os.arch: 'amd64', os.version: '10.0', java.version: '21.0.5'
Driver info: org.openqa.selenium.firefox.FirefoxDriver
Command: [bc6940bc-4301-4f42-8281-118867a984a4, getAlertText {}]
Capabilities {acceptInsecureCerts: true, browserName: firefox, browserVersion: 133.0.3, moz:accessibilityChecks: false, moz:buildID: 20241209150345, moz:debuggerAddress: 127.0.0.1:35229, moz:geckodriverVersion: 0.35.0, moz:headless: false, moz:platformVersion: 10.0, moz:processID: 41768, moz:profile: C:\Users\vamsh\AppData\Loca..., moz:shutdownTimeout: 60000, moz:webdriverClick: true, moz:windowless: false, pageLoadStrategy: normal, platformName: windows, proxy: Proxy(), se:cdp: ws://127.0.0.1:35229/devtoo..., se:cdpVersion: 85.0, setWindowRect: true, strictFileInteractability: false, timeouts: {implicit: 0, pageLoad: 300000, script: 30000}, unhandledPromptBehavior: dismiss and notify, userAgent: Mozilla/5.0 (Windows NT 10....}
Session ID: bc6940bc-4301-4f42-8281-118867a984a4
]]></failure>
    <system-out><![CDATA[
Scenario: Overview of Trees                                 &amp#27;[90m# src/test/resources/Features/Tree.feature:36&amp#27;[0m
]]></system-out>
  </testcase>
  <testcase name="runScenario[&quot;Overview of Trees&quot;, &quot;Tree&quot;](156)" classname="TestRunners.TestRunner" time="9.835">
    <system-out><![CDATA[
Scenario: Terminologies                                              &amp#27;[90m# src/test/resources/Features/Tree.feature:43&amp#27;[0m
  &amp#27;[32mGiven &amp#27;[0m&amp#27;[32mThe user is on the DS Introduction page as signedIn&amp#27;[0m &amp#27;[90m# StepDefinitions.DSIntroductionDetails.the_user_is_on_the_ds_introduction_page_as_signed_in()&amp#27;[0m
  &amp#27;[32mGiven &amp#27;[0m&amp#27;[32mThe user is on the DS Introduction page as signedIn&amp#27;[0m          &amp#27;[90m# StepDefinitions.DSIntroductionDetails.the_user_is_on_the_ds_introduction_page_as_signed_in()&amp#27;[0m
  &amp#27;[32mAnd &amp#27;[0m&amp#27;[32mUser clicks on Get Started button from Tree panel&amp#27;[0m     &amp#27;[90m# StepDefinitions.Tree.user_clicks_on_get_started_button_from_tree_panel()&amp#27;[0m
  &amp#27;[32mAnd &amp#27;[0m&amp#27;[32mUser clicks on Get Started button from Tree panel&amp#27;[0m              &amp#27;[90m# StepDefinitions.Tree.user_clicks_on_get_started_button_from_tree_panel()&amp#27;[0m
  &amp#27;[32mGiven &amp#27;[0m&amp#27;[32mThe user is on the Terminologies page&amp#27;[0m                        &amp#27;[90m# StepDefinitions.Tree.the_user_is_on_the_terminologies_page()&amp#27;[0m
  &amp#27;[32mGiven &amp#27;[0m&amp#27;[32mThe user is on the Overview of Trees page&amp#27;[0m           &amp#27;[90m# StepDefinitions.Tree.the_user_is_on_the_overview_of_trees_page()&amp#27;[0m
  &amp#27;[32mWhen &amp#27;[0m&amp#27;[32mThe user clicks Terminologies link&amp#27;[0m                   &amp#27;[90m# StepDefinitions.Tree.the_user_clicks_terminologies_link()&amp#27;[0m
  &amp#27;[32mThen &amp#27;[0m&amp#27;[32mThe user is redirected to Terminologies page&amp#27;[0m         &amp#27;[90m# StepDefinitions.Tree.the_user_is_redirected_to_terminologies_page()&amp#27;[0m
[INFO ] 2024-12-17 12:09:34.186 [TestNG-PoolService-3] Hooks - ======================  Test Execution is completed!! ======================
  &amp#27;[32mWhen &amp#27;[0m&amp#27;[32mThe user clicks Try Here button&amp#27;[0m                               &amp#27;[90m# StepDefinitions.Tree.the_user_clicks_try_here_button()&amp#27;[0m
  &amp#27;[32mThen &amp#27;[0m&amp#27;[32mThe user is redirected to a page having Editor and run button&amp#27;[0m &amp#27;[90m# StepDefinitions.Tree.the_user_is_redirected_to_a_page_having_editor_and_run_button()&amp#27;[0m
[INFO ] 2024-12-17 12:09:35.023 [TestNG-PoolService-2] Hooks - ======================  Test Execution is completed!! ======================
]]></system-out>
  </testcase>
  <testcase name="runScenario[&quot;Terminologies&quot;, &quot;Tree&quot;](157)" classname="TestRunners.TestRunner" time="0.692">
    <system-out><![CDATA[
Scenario: Try Here Editor page with empty code                               &amp#27;[90m# src/test/resources/Features/Tree.feature:48&amp#27;[0m
]]></system-out>
  </testcase>
  <testcase name="runScenario[&quot;Try Here Editor page with empty code&quot;, &quot;Tree&quot;](158)" classname="TestRunners.TestRunner" time="9.122">
    <system-out><![CDATA[
Scenario: Try Here Editor page with valid data                        &amp#27;[90m# src/test/resources/Features/Tree.feature:53&amp#27;[0m
  &amp#27;[32mGiven &amp#27;[0m&amp#27;[32mThe user is on the DS Introduction page as signedIn&amp#27;[0m                  &amp#27;[90m# StepDefinitions.DSIntroductionDetails.the_user_is_on_the_ds_introduction_page_as_signed_in()&amp#27;[0m
  &amp#27;[32mAnd &amp#27;[0m&amp#27;[32mUser clicks on Get Started button from Tree panel&amp#27;[0m                      &amp#27;[90m# StepDefinitions.Tree.user_clicks_on_get_started_button_from_tree_panel()&amp#27;[0m
  &amp#27;[32mGiven &amp#27;[0m&amp#27;[32mThe user is on the DS Introduction page as signedIn&amp#27;[0m           &amp#27;[90m# StepDefinitions.DSIntroductionDetails.the_user_is_on_the_ds_introduction_page_as_signed_in()&amp#27;[0m
  &amp#27;[32mAnd &amp#27;[0m&amp#27;[32mUser clicks on Get Started button from Tree panel&amp#27;[0m               &amp#27;[90m# StepDefinitions.Tree.user_clicks_on_get_started_button_from_tree_panel()&amp#27;[0m
  &amp#27;[32mGiven &amp#27;[0m&amp#27;[32mThe user is on the Editor page of Terminologies page&amp#27;[0m                 &amp#27;[90m# StepDefinitions.Tree.the_user_is_on_the_Editor_page_of_terminologies_page()&amp#27;[0m
  &amp#27;[32mWhen &amp#27;[0m&amp#27;[32mThe user writes no code inside editor window and clicks on Run button&amp#27;[0m &amp#27;[90m# StepDefinitions.Tree.the_user_writes_no_code_inside_editor_window_and_clicks_on_run_button()&amp#27;[0m
  &amp#27;[32mThen &amp#27;[0m&amp#27;[32mNothing happens to the Editor page and no error message is displayed&amp#27;[0m  &amp#27;[90m# StepDefinitions.Tree.nothing_happens_to_the_editor_page_and_no_error_message_is_displayed()&amp#27;[0m
[INFO ] 2024-12-17 12:09:43.797 [TestNG-PoolService-3] Hooks - ======================  Test Execution is completed!! ======================
  &amp#27;[32mGiven &amp#27;[0m&amp#27;[32mThe user is on the Editor page of Terminologies page&amp#27;[0m          &amp#27;[90m# StepDefinitions.Tree.the_user_is_on_the_Editor_page_of_terminologies_page()&amp#27;[0m
]]></system-out>
  </testcase>
  <testcase name="runScenario[&quot;Try Here Editor page with invalid data&quot;, &quot;Tree&quot;](159)" classname="TestRunners.TestRunner" time="7.561">
    <failure message="Build info: version: &apos;4.26.0&apos;, revision: &apos;8ccf0219d7&apos;&#10;System info: os.name: &apos;Windows 11&apos;, os.arch: &apos;amd64&apos;, os.version: &apos;10.0&apos;, java.version: &apos;21.0.5&apos;&#10;Driver info: org.openqa.selenium.firefox.FirefoxDriver&#10;Command: [aea4a818-6cbd-4d9f-88e6-e8a1d5767046, getAlertText {}]&#10;Capabilities {acceptInsecureCerts: true, browserName: firefox, browserVersion: 133.0.3, moz:accessibilityChecks: false, moz:buildID: 20241209150345, moz:debuggerAddress: 127.0.0.1:32764, moz:geckodriverVersion: 0.35.0, moz:headless: false, moz:platformVersion: 10.0, moz:processID: 32112, moz:profile: C:\Users\vamsh\AppData\Loca..., moz:shutdownTimeout: 60000, moz:webdriverClick: true, moz:windowless: false, pageLoadStrategy: normal, platformName: windows, proxy: Proxy(), se:cdp: ws://127.0.0.1:32764/devtoo..., se:cdpVersion: 85.0, setWindowRect: true, strictFileInteractability: false, timeouts: {implicit: 0, pageLoad: 300000, script: 30000}, unhandledPromptBehavior: dismiss and notify, userAgent: Mozilla/5.0 (Windows NT 10....}&#10;Session ID: aea4a818-6cbd-4d9f-88e6-e8a1d5767046" type="org.openqa.selenium.NoAlertPresentException"><![CDATA[org.openqa.selenium.NoAlertPresentException: 
Build info: version: '4.26.0', revision: '8ccf0219d7'
System info: os.name: 'Windows 11', os.arch: 'amd64', os.version: '10.0', java.version: '21.0.5'
Driver info: org.openqa.selenium.firefox.FirefoxDriver
Command: [aea4a818-6cbd-4d9f-88e6-e8a1d5767046, getAlertText {}]
Capabilities {acceptInsecureCerts: true, browserName: firefox, browserVersion: 133.0.3, moz:accessibilityChecks: false, moz:buildID: 20241209150345, moz:debuggerAddress: 127.0.0.1:32764, moz:geckodriverVersion: 0.35.0, moz:headless: false, moz:platformVersion: 10.0, moz:processID: 32112, moz:profile: C:\Users\vamsh\AppData\Loca..., moz:shutdownTimeout: 60000, moz:webdriverClick: true, moz:windowless: false, pageLoadStrategy: normal, platformName: windows, proxy: Proxy(), se:cdp: ws://127.0.0.1:32764/devtoo..., se:cdpVersion: 85.0, setWindowRect: true, strictFileInteractability: false, timeouts: {implicit: 0, pageLoad: 300000, script: 30000}, unhandledPromptBehavior: dismiss and notify, userAgent: Mozilla/5.0 (Windows NT 10....}
Session ID: aea4a818-6cbd-4d9f-88e6-e8a1d5767046
]]></failure>
    <system-out><![CDATA[
Scenario: Try Here Editor page with invalid data                        &amp#27;[90m# src/test/resources/Features/Tree.feature:59&amp#27;[0m
  &amp#27;[32mGiven &amp#27;[0m&amp#27;[32mThe user is on the DS Introduction page as signedIn&amp#27;[0m             &amp#27;[90m# StepDefinitions.DSIntroductionDetails.the_user_is_on_the_ds_introduction_page_as_signed_in()&amp#27;[0m
  &amp#27;[32mAnd &amp#27;[0m&amp#27;[32mUser clicks on Get Started button from Tree panel&amp#27;[0m                 &amp#27;[90m# StepDefinitions.Tree.user_clicks_on_get_started_button_from_tree_panel()&amp#27;[0m
  &amp#27;[32mGiven &amp#27;[0m&amp#27;[32mThe user is on the Editor page of Terminologies page&amp#27;[0m            &amp#27;[90m# StepDefinitions.Tree.the_user_is_on_the_Editor_page_of_terminologies_page()&amp#27;[0m
  &amp#27;[32mWhen &amp#27;[0m&amp#27;[32mThe user writes the invalid python code and clicks on Run button&amp#27;[0m &amp#27;[90m# StepDefinitions.Tree.the_user_writes_the_invalid_python_code_and_clicks_on_run_button()&amp#27;[0m
  &amp#27;[31mThen &amp#27;[0m&amp#27;[31mThe user see error msg in alert window&amp#27;[0m                           &amp#27;[90m# StepDefinitions.Tree.the_user_see_error_msg_in_alert_window()&amp#27;[0m
      &amp#27;[31morg.openqa.selenium.NoAlertPresentException: Build info: version: '4.26.0', revision: '8ccf0219d7'
System info: os.name: 'Windows 11', os.arch: 'amd64', os.version: '10.0', java.version: '21.0.5'
Driver info: org.openqa.selenium.firefox.FirefoxDriver
Command: [aea4a818-6cbd-4d9f-88e6-e8a1d5767046, getAlertText {}]
Capabilities {acceptInsecureCerts: true, browserName: firefox, browserVersion: 133.0.3, moz:accessibilityChecks: false, moz:buildID: 20241209150345, moz:debuggerAddress: 127.0.0.1:32764, moz:geckodriverVersion: 0.35.0, moz:headless: false, moz:platformVersion: 10.0, moz:processID: 32112, moz:profile: C:\Users\vamsh\AppData\Loca..., moz:shutdownTimeout: 60000, moz:webdriverClick: true, moz:windowless: false, pageLoadStrategy: normal, platformName: windows, proxy: Proxy(), se:cdp: ws://127.0.0.1:32764/devtoo..., se:cdpVersion: 85.0, setWindowRect: true, strictFileInteractability: false, timeouts: {implicit: 0, pageLoad: 300000, script: 30000}, unhandledPromptBehavior: dismiss and notify, userAgent: Mozilla/5.0 (Windows NT 10....}
Session ID: aea4a818-6cbd-4d9f-88e6-e8a1d5767046
	at java.base/jdk.internal.reflect.DirectConstructorHandleAccessor.newInstance(DirectConstructorHandleAccessor.java:62)
	at java.base/java.lang.reflect.Constructor.newInstanceWithCaller(Constructor.java:502)
	at java.base/java.lang.reflect.Constructor.newInstance(Constructor.java:486)
	at org.openqa.selenium.remote.ErrorCodec.decode(ErrorCodec.java:167)
	at org.openqa.selenium.remote.codec.w3c.W3CHttpResponseCodec.decode(W3CHttpResponseCodec.java:138)
	at org.openqa.selenium.remote.codec.w3c.W3CHttpResponseCodec.decode(W3CHttpResponseCodec.java:50)
	at org.openqa.selenium.remote.HttpCommandExecutor.execute(HttpCommandExecutor.java:190)
	at org.openqa.selenium.remote.service.DriverCommandExecutor.invokeExecute(DriverCommandExecutor.java:216)
	at org.openqa.selenium.remote.service.DriverCommandExecutor.execute(DriverCommandExecutor.java:174)
	at org.openqa.selenium.remote.RemoteWebDriver.execute(RemoteWebDriver.java:545)
	at org.openqa.selenium.remote.RemoteWebDriver.execute(RemoteWebDriver.java:618)
	at org.openqa.selenium.remote.RemoteWebDriver.execute(RemoteWebDriver.java:622)
	at org.openqa.selenium.remote.RemoteWebDriver$RemoteTargetLocator.alert(RemoteWebDriver.java:1190)
	at PageObjects.IntroductionPage.getAlertText(IntroductionPage.java:134)
	at StepDefinitions.Tree.the_user_see_error_msg_in_alert_window(Tree.java:113)
	at ✽.The user see error msg in alert window(file:///C:/Projects/newFolder-3/Repo1/src/test/resources/Features/Tree.feature:63)
&amp#27;[0m
[ERROR] 2024-12-17 12:09:52.038 [TestNG-PoolService-3] Hooks - ======================  TEST CASE FAILED !! ======================

    Embedding screenshot [image/png 37860 bytes]

[INFO ] 2024-12-17 12:09:52.077 [TestNG-PoolService-3] Hooks - ======================  Screenshot is captured  ======================
[INFO ] 2024-12-17 12:09:52.093 [TestNG-PoolService-3] Hooks - ======================  Test Execution is completed!! ======================
]]></system-out>
  </testcase>
  <testcase name="runScenario[&quot;Terminologies&quot;, &quot;Tree&quot;](161)" classname="TestRunners.TestRunner" time="6.04">
    <system-out><![CDATA[
Scenario: Types of Trees                                             &amp#27;[90m# src/test/resources/Features/Tree.feature:72&amp#27;[0m
  &amp#27;[32mGiven &amp#27;[0m&amp#27;[32mThe user is on the DS Introduction page as signedIn&amp#27;[0m       &amp#27;[90m# StepDefinitions.DSIntroductionDetails.the_user_is_on_the_ds_introduction_page_as_signed_in()&amp#27;[0m
  &amp#27;[32mAnd &amp#27;[0m&amp#27;[32mUser clicks on Get Started button from Tree panel&amp#27;[0m           &amp#27;[90m# StepDefinitions.Tree.user_clicks_on_get_started_button_from_tree_panel()&amp#27;[0m
  &amp#27;[32mGiven &amp#27;[0m&amp#27;[32mThe user is on the Terminologies page&amp#27;[0m                     &amp#27;[90m# StepDefinitions.Tree.the_user_is_on_the_terminologies_page()&amp#27;[0m
  &amp#27;[32mWhen &amp#27;[0m&amp#27;[32mThe user clicks Types of Trees link from TerminologiesPage&amp#27;[0m &amp#27;[90m# StepDefinitions.Tree.the_user_clicks_types_of_trees_link_from_TerminologiesPage()&amp#27;[0m
  &amp#27;[32mThen &amp#27;[0m&amp#27;[32mThe user is redirected to Types of Trees page.&amp#27;[0m             &amp#27;[90m# StepDefinitions.Tree.the_user_is_redirected_to_types_of_trees_page()&amp#27;[0m
[INFO ] 2024-12-17 12:09:59.467 [TestNG-PoolService-3] Hooks - ======================  Test Execution is completed!! ======================
]]></system-out>
  </testcase>
  <testcase name="runScenario[&quot;Terminologies&quot;, &quot;Tree&quot;](161)" classname="TestRunners.TestRunner" time="0.293">
    <system-out><![CDATA[
Scenario: Types of Trees                                             &amp#27;[90m# src/test/resources/Features/Tree.feature:72&amp#27;[0m
]]></system-out>
  </testcase>
  <testcase name="runScenario[&quot;Types of Trees&quot;, &quot;Tree&quot;](162)" classname="TestRunners.TestRunner" time="3.815">
    <system-out><![CDATA[
Scenario: Try Here Editor page with empty code                               &amp#27;[90m# src/test/resources/Features/Tree.feature:79&amp#27;[0m
  &amp#27;[32mGiven &amp#27;[0m&amp#27;[32mThe user is on the DS Introduction page as signedIn&amp#27;[0m          &amp#27;[90m# StepDefinitions.DSIntroductionDetails.the_user_is_on_the_ds_introduction_page_as_signed_in()&amp#27;[0m
  &amp#27;[32mAnd &amp#27;[0m&amp#27;[32mUser clicks on Get Started button from Tree panel&amp#27;[0m              &amp#27;[90m# StepDefinitions.Tree.user_clicks_on_get_started_button_from_tree_panel()&amp#27;[0m
  &amp#27;[32mGiven &amp#27;[0m&amp#27;[32mThe user is on the Types of Trees page&amp#27;[0m                       &amp#27;[90m# StepDefinitions.Tree.the_user_is_on_the_types_of_trees_page()&amp#27;[0m
  &amp#27;[32mWhen &amp#27;[0m&amp#27;[32mThe user clicks Try Here button&amp#27;[0m                               &amp#27;[90m# StepDefinitions.Tree.the_user_clicks_try_here_button()&amp#27;[0m
  &amp#27;[32mThen &amp#27;[0m&amp#27;[32mThe user is redirected to a page having Editor and run button&amp#27;[0m &amp#27;[90m# StepDefinitions.Tree.the_user_is_redirected_to_a_page_having_editor_and_run_button()&amp#27;[0m
[INFO ] 2024-12-17 12:10:03.518 [TestNG-PoolService-1] Hooks - ======================  Test Execution is completed!! ======================
]]></system-out>
  </testcase>
  <testcase name="runScenario[&quot;Try Here Editor page with empty code&quot;, &quot;Tree&quot;](163)" classname="TestRunners.TestRunner" time="7.418">
    <system-out><![CDATA[
Scenario: Try Here Editor page with valid data                        &amp#27;[90m# src/test/resources/Features/Tree.feature:85&amp#27;[0m
  &amp#27;[32mGiven &amp#27;[0m&amp#27;[32mThe user is on the DS Introduction page as signedIn&amp#27;[0m                  &amp#27;[90m# StepDefinitions.DSIntroductionDetails.the_user_is_on_the_ds_introduction_page_as_signed_in()&amp#27;[0m
  &amp#27;[32mAnd &amp#27;[0m&amp#27;[32mUser clicks on Get Started button from Tree panel&amp#27;[0m                      &amp#27;[90m# StepDefinitions.Tree.user_clicks_on_get_started_button_from_tree_panel()&amp#27;[0m
  &amp#27;[32mGiven &amp#27;[0m&amp#27;[32mThe user is on the Editor Page of Types of Trees page&amp#27;[0m                &amp#27;[90m# StepDefinitions.Tree.the_user_is_on_the_Editor_page_of_types_of_trees_page()&amp#27;[0m
  &amp#27;[32mWhen &amp#27;[0m&amp#27;[32mThe user writes no code inside editor window and clicks on Run button&amp#27;[0m &amp#27;[90m# StepDefinitions.Tree.the_user_writes_no_code_inside_editor_window_and_clicks_on_run_button()&amp#27;[0m
  &amp#27;[32mThen &amp#27;[0m&amp#27;[32mNothing happens to the Editor page and no error message is displayed&amp#27;[0m  &amp#27;[90m# StepDefinitions.Tree.nothing_happens_to_the_editor_page_and_no_error_message_is_displayed()&amp#27;[0m
[INFO ] 2024-12-17 12:10:10.675 [TestNG-PoolService-3] Hooks - ======================  Test Execution is completed!! ======================
]]></system-out>
  </testcase>
  <testcase name="runScenario[&quot;Try Here Editor page with valid data&quot;, &quot;Tree&quot;](164)" classname="TestRunners.TestRunner" time="4.214">
    <system-out><![CDATA[
Scenario: Try Here Editor page with invalid data                        &amp#27;[90m# src/test/resources/Features/Tree.feature:90&amp#27;[0m
  &amp#27;[32mGiven &amp#27;[0m&amp#27;[32mThe user is on the DS Introduction page as signedIn&amp#27;[0m           &amp#27;[90m# StepDefinitions.DSIntroductionDetails.the_user_is_on_the_ds_introduction_page_as_signed_in()&amp#27;[0m
  &amp#27;[32mAnd &amp#27;[0m&amp#27;[32mUser clicks on Get Started button from Tree panel&amp#27;[0m               &amp#27;[90m# StepDefinitions.Tree.user_clicks_on_get_started_button_from_tree_panel()&amp#27;[0m
  &amp#27;[32mGiven &amp#27;[0m&amp#27;[32mThe user is on the Editor Page of Types of Trees page&amp#27;[0m         &amp#27;[90m# StepDefinitions.Tree.the_user_is_on_the_Editor_page_of_types_of_trees_page()&amp#27;[0m
  &amp#27;[32mWhen &amp#27;[0m&amp#27;[32mThe user writes the valid python code and clicks on Run button&amp#27;[0m &amp#27;[90m# StepDefinitions.Tree.the_user_writes_the_valid_python_code_and_clicks_on_run_button()&amp#27;[0m
  &amp#27;[32mThen &amp#27;[0m&amp#27;[32mThe user is able to see the output inside the console.&amp#27;[0m         &amp#27;[90m# StepDefinitions.Tree.the_user_is_able_to_see_the_output_inside_the_console()&amp#27;[0m
[INFO ] 2024-12-17 12:10:14.606 [TestNG-PoolService-2] Hooks - ======================  Test Execution is completed!! ======================
]]></system-out>
  </testcase>
  <testcase name="runScenario[&quot;Try Here Editor page with invalid data&quot;, &quot;Tree&quot;](165)" classname="TestRunners.TestRunner" time="6.394">
    <failure message="Build info: version: &apos;4.26.0&apos;, revision: &apos;8ccf0219d7&apos;&#10;System info: os.name: &apos;Windows 11&apos;, os.arch: &apos;amd64&apos;, os.version: &apos;10.0&apos;, java.version: &apos;21.0.5&apos;&#10;Driver info: org.openqa.selenium.firefox.FirefoxDriver&#10;Command: [bfda9af2-aaf4-481a-8d85-c14eb4222e3d, getAlertText {}]&#10;Capabilities {acceptInsecureCerts: true, browserName: firefox, browserVersion: 133.0.3, moz:accessibilityChecks: false, moz:buildID: 20241209150345, moz:debuggerAddress: 127.0.0.1:36401, moz:geckodriverVersion: 0.35.0, moz:headless: false, moz:platformVersion: 10.0, moz:processID: 11492, moz:profile: C:\Users\vamsh\AppData\Loca..., moz:shutdownTimeout: 60000, moz:webdriverClick: true, moz:windowless: false, pageLoadStrategy: normal, platformName: windows, proxy: Proxy(), se:cdp: ws://127.0.0.1:36401/devtoo..., se:cdpVersion: 85.0, setWindowRect: true, strictFileInteractability: false, timeouts: {implicit: 0, pageLoad: 300000, script: 30000}, unhandledPromptBehavior: dismiss and notify, userAgent: Mozilla/5.0 (Windows NT 10....}&#10;Session ID: bfda9af2-aaf4-481a-8d85-c14eb4222e3d" type="org.openqa.selenium.NoAlertPresentException"><![CDATA[org.openqa.selenium.NoAlertPresentException: 
Build info: version: '4.26.0', revision: '8ccf0219d7'
System info: os.name: 'Windows 11', os.arch: 'amd64', os.version: '10.0', java.version: '21.0.5'
Driver info: org.openqa.selenium.firefox.FirefoxDriver
Command: [bfda9af2-aaf4-481a-8d85-c14eb4222e3d, getAlertText {}]
Capabilities {acceptInsecureCerts: true, browserName: firefox, browserVersion: 133.0.3, moz:accessibilityChecks: false, moz:buildID: 20241209150345, moz:debuggerAddress: 127.0.0.1:36401, moz:geckodriverVersion: 0.35.0, moz:headless: false, moz:platformVersion: 10.0, moz:processID: 11492, moz:profile: C:\Users\vamsh\AppData\Loca..., moz:shutdownTimeout: 60000, moz:webdriverClick: true, moz:windowless: false, pageLoadStrategy: normal, platformName: windows, proxy: Proxy(), se:cdp: ws://127.0.0.1:36401/devtoo..., se:cdpVersion: 85.0, setWindowRect: true, strictFileInteractability: false, timeouts: {implicit: 0, pageLoad: 300000, script: 30000}, unhandledPromptBehavior: dismiss and notify, userAgent: Mozilla/5.0 (Windows NT 10....}
Session ID: bfda9af2-aaf4-481a-8d85-c14eb4222e3d
]]></failure>
    <system-out><![CDATA[
Scenario: Types of Trees                                    &amp#27;[90m# src/test/resources/Features/Tree.feature:95&amp#27;[0m
  &amp#27;[32mGiven &amp#27;[0m&amp#27;[32mThe user is on the DS Introduction page as signedIn&amp#27;[0m             &amp#27;[90m# StepDefinitions.DSIntroductionDetails.the_user_is_on_the_ds_introduction_page_as_signed_in()&amp#27;[0m
  &amp#27;[32mAnd &amp#27;[0m&amp#27;[32mUser clicks on Get Started button from Tree panel&amp#27;[0m                 &amp#27;[90m# StepDefinitions.Tree.user_clicks_on_get_started_button_from_tree_panel()&amp#27;[0m
  &amp#27;[32mGiven &amp#27;[0m&amp#27;[32mThe user is on the Editor Page of Types of Trees page&amp#27;[0m           &amp#27;[90m# StepDefinitions.Tree.the_user_is_on_the_Editor_page_of_types_of_trees_page()&amp#27;[0m
  &amp#27;[32mWhen &amp#27;[0m&amp#27;[32mThe user writes the invalid python code and clicks on Run button&amp#27;[0m &amp#27;[90m# StepDefinitions.Tree.the_user_writes_the_invalid_python_code_and_clicks_on_run_button()&amp#27;[0m
  &amp#27;[31mThen &amp#27;[0m&amp#27;[31mThe user see error msg in alert window&amp#27;[0m                           &amp#27;[90m# StepDefinitions.Tree.the_user_see_error_msg_in_alert_window()&amp#27;[0m
      &amp#27;[31morg.openqa.selenium.NoAlertPresentException: Build info: version: '4.26.0', revision: '8ccf0219d7'
System info: os.name: 'Windows 11', os.arch: 'amd64', os.version: '10.0', java.version: '21.0.5'
Driver info: org.openqa.selenium.firefox.FirefoxDriver
Command: [bfda9af2-aaf4-481a-8d85-c14eb4222e3d, getAlertText {}]
Capabilities {acceptInsecureCerts: true, browserName: firefox, browserVersion: 133.0.3, moz:accessibilityChecks: false, moz:buildID: 20241209150345, moz:debuggerAddress: 127.0.0.1:36401, moz:geckodriverVersion: 0.35.0, moz:headless: false, moz:platformVersion: 10.0, moz:processID: 11492, moz:profile: C:\Users\vamsh\AppData\Loca..., moz:shutdownTimeout: 60000, moz:webdriverClick: true, moz:windowless: false, pageLoadStrategy: normal, platformName: windows, proxy: Proxy(), se:cdp: ws://127.0.0.1:36401/devtoo..., se:cdpVersion: 85.0, setWindowRect: true, strictFileInteractability: false, timeouts: {implicit: 0, pageLoad: 300000, script: 30000}, unhandledPromptBehavior: dismiss and notify, userAgent: Mozilla/5.0 (Windows NT 10....}
Session ID: bfda9af2-aaf4-481a-8d85-c14eb4222e3d
	at java.base/jdk.internal.reflect.DirectConstructorHandleAccessor.newInstance(DirectConstructorHandleAccessor.java:62)
	at java.base/java.lang.reflect.Constructor.newInstanceWithCaller(Constructor.java:502)
	at java.base/java.lang.reflect.Constructor.newInstance(Constructor.java:486)
	at org.openqa.selenium.remote.ErrorCodec.decode(ErrorCodec.java:167)
	at org.openqa.selenium.remote.codec.w3c.W3CHttpResponseCodec.decode(W3CHttpResponseCodec.java:138)
	at org.openqa.selenium.remote.codec.w3c.W3CHttpResponseCodec.decode(W3CHttpResponseCodec.java:50)
	at org.openqa.selenium.remote.HttpCommandExecutor.execute(HttpCommandExecutor.java:190)
	at org.openqa.selenium.remote.service.DriverCommandExecutor.invokeExecute(DriverCommandExecutor.java:216)
	at org.openqa.selenium.remote.service.DriverCommandExecutor.execute(DriverCommandExecutor.java:174)
	at org.openqa.selenium.remote.RemoteWebDriver.execute(RemoteWebDriver.java:545)
	at org.openqa.selenium.remote.RemoteWebDriver.execute(RemoteWebDriver.java:618)
	at org.openqa.selenium.remote.RemoteWebDriver.execute(RemoteWebDriver.java:622)
	at org.openqa.selenium.remote.RemoteWebDriver$RemoteTargetLocator.alert(RemoteWebDriver.java:1190)
	at PageObjects.IntroductionPage.getAlertText(IntroductionPage.java:134)
	at StepDefinitions.Tree.the_user_see_error_msg_in_alert_window(Tree.java:113)
	at ✽.The user see error msg in alert window(file:///C:/Projects/newFolder-3/Repo1/src/test/resources/Features/Tree.feature:93)
&amp#27;[0m
[ERROR] 2024-12-17 12:10:21.356 [TestNG-PoolService-3] Hooks - ======================  TEST CASE FAILED !! ======================

    Embedding screenshot [image/png 37860 bytes]

[INFO ] 2024-12-17 12:10:21.414 [TestNG-PoolService-3] Hooks - ======================  Screenshot is captured  ======================
[INFO ] 2024-12-17 12:10:21.414 [TestNG-PoolService-3] Hooks - ======================  Test Execution is completed!! ======================
]]></system-out>
  </testcase>
  <testcase name="runScenario[&quot;Types of Trees&quot;, &quot;Tree&quot;](166)" classname="TestRunners.TestRunner" time="2.344">
    <system-out><![CDATA[
Scenario: Tree Traversals                                            &amp#27;[90m# src/test/resources/Features/Tree.feature:102&amp#27;[0m
  &amp#27;[32mGiven &amp#27;[0m&amp#27;[32mThe user is on the DS Introduction page as signedIn&amp#27;[0m &amp#27;[90m# StepDefinitions.DSIntroductionDetails.the_user_is_on_the_ds_introduction_page_as_signed_in()&amp#27;[0m
  &amp#27;[32mAnd &amp#27;[0m&amp#27;[32mUser clicks on Get Started button from Tree panel&amp#27;[0m     &amp#27;[90m# StepDefinitions.Tree.user_clicks_on_get_started_button_from_tree_panel()&amp#27;[0m
  &amp#27;[32mGiven &amp#27;[0m&amp#27;[32mThe user is on the Types of Trees page&amp#27;[0m              &amp#27;[90m# StepDefinitions.Tree.the_user_is_on_the_types_of_trees_page()&amp#27;[0m
  &amp#27;[32mWhen &amp#27;[0m&amp#27;[32mThe user clicks Tree Traversals link&amp#27;[0m                 &amp#27;[90m# StepDefinitions.Tree.the_user_clicks_tree_traversals_link()&amp#27;[0m
  &amp#27;[32mThen &amp#27;[0m&amp#27;[32mThe user is redirected to Tree Traversals page&amp#27;[0m       &amp#27;[90m# StepDefinitions.Tree.the_user_is_redirected_to_tree_traversals_page()&amp#27;[0m
[INFO ] 2024-12-17 12:10:24.087 [TestNG-PoolService-2] Hooks - ======================  Test Execution is completed!! ======================
]]></system-out>
  </testcase>
  <testcase name="runScenario[&quot;Tree Traversals&quot;, &quot;Tree&quot;](167)" classname="TestRunners.TestRunner" time="7.542">
    <system-out><![CDATA[
Scenario: Try Here Editor page with empty code                               &amp#27;[90m# src/test/resources/Features/Tree.feature:108&amp#27;[0m
  &amp#27;[32mGiven &amp#27;[0m&amp#27;[32mThe user is on the DS Introduction page as signedIn&amp#27;[0m          &amp#27;[90m# StepDefinitions.DSIntroductionDetails.the_user_is_on_the_ds_introduction_page_as_signed_in()&amp#27;[0m
  &amp#27;[32mAnd &amp#27;[0m&amp#27;[32mUser clicks on Get Started button from Tree panel&amp#27;[0m              &amp#27;[90m# StepDefinitions.Tree.user_clicks_on_get_started_button_from_tree_panel()&amp#27;[0m
  &amp#27;[32mGiven &amp#27;[0m&amp#27;[32mThe user is on the Tree Traversals page&amp#27;[0m                      &amp#27;[90m# StepDefinitions.Tree.the_user_is_on_the_tree_traversals_page()&amp#27;[0m
  &amp#27;[32mWhen &amp#27;[0m&amp#27;[32mThe user clicks Try Here button&amp#27;[0m                               &amp#27;[90m# StepDefinitions.Tree.the_user_clicks_try_here_button()&amp#27;[0m
  &amp#27;[32mThen &amp#27;[0m&amp#27;[32mThe user is redirected to a page having Editor and run button&amp#27;[0m &amp#27;[90m# StepDefinitions.Tree.the_user_is_redirected_to_a_page_having_editor_and_run_button()&amp#27;[0m
[INFO ] 2024-12-17 12:10:31.325 [TestNG-PoolService-3] Hooks - ======================  Test Execution is completed!! ======================
  &amp#27;[32mGiven &amp#27;[0m&amp#27;[32mThe user is on the DS Introduction page as signedIn&amp#27;[0m                  &amp#27;[90m# StepDefinitions.DSIntroductionDetails.the_user_is_on_the_ds_introduction_page_as_signed_in()&amp#27;[0m
  &amp#27;[32mAnd &amp#27;[0m&amp#27;[32mUser clicks on Get Started button from Tree panel&amp#27;[0m                      &amp#27;[90m# StepDefinitions.Tree.user_clicks_on_get_started_button_from_tree_panel()&amp#27;[0m
]]></system-out>
  </testcase>
  <testcase name="runScenario[&quot;Tree Traversals&quot;, &quot;Tree&quot;](167)" classname="TestRunners.TestRunner" time="7.374">
    <system-out><![CDATA[
Scenario: Try Here Editor page with empty code                               &amp#27;[90m# src/test/resources/Features/Tree.feature:108&amp#27;[0m
  &amp#27;[32mGiven &amp#27;[0m&amp#27;[32mThe user is on the DS Introduction page as signedIn&amp#27;[0m          &amp#27;[90m# StepDefinitions.DSIntroductionDetails.the_user_is_on_the_ds_introduction_page_as_signed_in()&amp#27;[0m
  &amp#27;[32mAnd &amp#27;[0m&amp#27;[32mUser clicks on Get Started button from Tree panel&amp#27;[0m              &amp#27;[90m# StepDefinitions.Tree.user_clicks_on_get_started_button_from_tree_panel()&amp#27;[0m
  &amp#27;[32mGiven &amp#27;[0m&amp#27;[32mThe user is on the DS Introduction page as signedIn&amp#27;[0m                  &amp#27;[90m# StepDefinitions.DSIntroductionDetails.the_user_is_on_the_ds_introduction_page_as_signed_in()&amp#27;[0m
  &amp#27;[32mGiven &amp#27;[0m&amp#27;[32mThe user is on the Tree Traversals page&amp#27;[0m                      &amp#27;[90m# StepDefinitions.Tree.the_user_is_on_the_tree_traversals_page()&amp#27;[0m
  &amp#27;[32mAnd &amp#27;[0m&amp#27;[32mUser clicks on Get Started button from Tree panel&amp#27;[0m                      &amp#27;[90m# StepDefinitions.Tree.user_clicks_on_get_started_button_from_tree_panel()&amp#27;[0m
  &amp#27;[32mWhen &amp#27;[0m&amp#27;[32mThe user clicks Try Here button&amp#27;[0m                               &amp#27;[90m# StepDefinitions.Tree.the_user_clicks_try_here_button()&amp#27;[0m
  &amp#27;[32mThen &amp#27;[0m&amp#27;[32mThe user is redirected to a page having Editor and run button&amp#27;[0m &amp#27;[90m# StepDefinitions.Tree.the_user_is_redirected_to_a_page_having_editor_and_run_button()&amp#27;[0m
[INFO ] 2024-12-17 12:24:22.009 [TestNG-PoolService-3] Hooks - ======================  Test Execution is completed!! ======================
  &amp#27;[32mGiven &amp#27;[0m&amp#27;[32mThe user is on the Editor page of Tree Traversals page&amp#27;[0m               &amp#27;[90m# StepDefinitions.Tree.the_user_is_on_the_Editor_page_of_tree_traversals_page()&amp#27;[0m
  &amp#27;[32mWhen &amp#27;[0m&amp#27;[32mThe user writes no code inside editor window and clicks on Run button&amp#27;[0m &amp#27;[90m# StepDefinitions.Tree.the_user_writes_no_code_inside_editor_window_and_clicks_on_run_button()&amp#27;[0m
  &amp#27;[32mThen &amp#27;[0m&amp#27;[32mNothing happens to the Editor page and no error message is displayed&amp#27;[0m  &amp#27;[90m# StepDefinitions.Tree.nothing_happens_to_the_editor_page_and_no_error_message_is_displayed()&amp#27;[0m
[INFO ] 2024-12-17 12:24:22.454 [TestNG-PoolService-2] Hooks - ======================  Test Execution is completed!! ======================
]]></system-out>
    <system-err><![CDATA[Dec 17, 2024 12:24:18 PM org.openqa.selenium.devtools.CdpVersionFinder findNearestMatch
WARNING: Unable to find an exact match for CDP version 131, returning the closest version; found: 130; Please update to a Selenium version that supports CDP version 131
Dec 17, 2024 12:24:18 PM org.openqa.selenium.devtools.CdpVersionFinder findNearestMatch
WARNING: Unable to find an exact match for CDP version 131, returning the closest version; found: 130; Please update to a Selenium version that supports CDP version 131
]]></system-err>
  </testcase>
  <testcase name="runScenario[&quot;Try Here Editor page with empty code&quot;, &quot;Tree&quot;](168)" classname="TestRunners.TestRunner" time="2.112">
    <system-out><![CDATA[
Scenario: Try Here Editor page with valid data                        &amp#27;[90m# src/test/resources/Features/Tree.feature:114&amp#27;[0m
  &amp#27;[32mGiven &amp#27;[0m&amp#27;[32mThe user is on the Editor page of Tree Traversals page&amp#27;[0m               &amp#27;[90m# StepDefinitions.Tree.the_user_is_on_the_Editor_page_of_tree_traversals_page()&amp#27;[0m
  &amp#27;[32mWhen &amp#27;[0m&amp#27;[32mThe user writes no code inside editor window and clicks on Run button&amp#27;[0m &amp#27;[90m# StepDefinitions.Tree.the_user_writes_no_code_inside_editor_window_and_clicks_on_run_button()&amp#27;[0m
  &amp#27;[32mThen &amp#27;[0m&amp#27;[32mNothing happens to the Editor page and no error message is displayed&amp#27;[0m  &amp#27;[90m# StepDefinitions.Tree.nothing_happens_to_the_editor_page_and_no_error_message_is_displayed()&amp#27;[0m
[INFO ] 2024-12-17 12:10:33.469 [TestNG-PoolService-2] Hooks - ======================  Test Execution is completed!! ======================
]]></system-out>
  </testcase>
  <testcase name="runScenario[&quot;Try Here Editor page with empty code&quot;, &quot;Tree&quot;](168)" classname="TestRunners.TestRunner" time="0.284">
    <system-out><![CDATA[
Scenario: Try Here Editor page with valid data                        &amp#27;[90m# src/test/resources/Features/Tree.feature:114&amp#27;[0m
]]></system-out>
  </testcase>
  <testcase name="runScenario[&quot;Try Here Editor page with invalid data&quot;, &quot;Tree&quot;](169)" classname="TestRunners.TestRunner" time="9.267">
    <system-out><![CDATA[
Scenario: Try Here Editor page with invalid data                        &amp#27;[90m# src/test/resources/Features/Tree.feature:120&amp#27;[0m
  &amp#27;[32mGiven &amp#27;[0m&amp#27;[32mThe user is on the DS Introduction page as signedIn&amp#27;[0m           &amp#27;[90m# StepDefinitions.DSIntroductionDetails.the_user_is_on_the_ds_introduction_page_as_signed_in()&amp#27;[0m
  &amp#27;[32mAnd &amp#27;[0m&amp#27;[32mUser clicks on Get Started button from Tree panel&amp#27;[0m               &amp#27;[90m# StepDefinitions.Tree.user_clicks_on_get_started_button_from_tree_panel()&amp#27;[0m
  &amp#27;[32mGiven &amp#27;[0m&amp#27;[32mThe user is on the DS Introduction page as signedIn&amp#27;[0m             &amp#27;[90m# StepDefinitions.DSIntroductionDetails.the_user_is_on_the_ds_introduction_page_as_signed_in()&amp#27;[0m
  &amp#27;[32mGiven &amp#27;[0m&amp#27;[32mThe user is on the Editor page of Tree Traversals page&amp#27;[0m        &amp#27;[90m# StepDefinitions.Tree.the_user_is_on_the_Editor_page_of_tree_traversals_page()&amp#27;[0m
  &amp#27;[32mAnd &amp#27;[0m&amp#27;[32mUser clicks on Get Started button from Tree panel&amp#27;[0m                 &amp#27;[90m# StepDefinitions.Tree.user_clicks_on_get_started_button_from_tree_panel()&amp#27;[0m
  &amp#27;[32mGiven &amp#27;[0m&amp#27;[32mThe user is on the Editor page of Tree Traversals page&amp#27;[0m          &amp#27;[90m# StepDefinitions.Tree.the_user_is_on_the_Editor_page_of_tree_traversals_page()&amp#27;[0m
  &amp#27;[32mWhen &amp#27;[0m&amp#27;[32mThe user writes the invalid python code and clicks on Run button&amp#27;[0m &amp#27;[90m# StepDefinitions.Tree.the_user_writes_the_invalid_python_code_and_clicks_on_run_button()&amp#27;[0m
  &amp#27;[32mThen &amp#27;[0m&amp#27;[32mThe user see error msg in alert window&amp#27;[0m                           &amp#27;[90m# StepDefinitions.Tree.the_user_see_error_msg_in_alert_window()&amp#27;[0m
[INFO ] 2024-12-17 12:10:43.292 [TestNG-PoolService-2] Hooks - ======================  Test Execution is completed!! ======================
]]></system-out>
  </testcase>
  <testcase name="runScenario[&quot;Tree Traversals&quot;, &quot;Tree&quot;](171)" classname="TestRunners.TestRunner" time="5.546">
    <system-out><![CDATA[
Scenario: Traversals-Illustration                                    &amp#27;[90m# src/test/resources/Features/Tree.feature:133&amp#27;[0m
  &amp#27;[32mGiven &amp#27;[0m&amp#27;[32mThe user is on the DS Introduction page as signedIn&amp#27;[0m   &amp#27;[90m# StepDefinitions.DSIntroductionDetails.the_user_is_on_the_ds_introduction_page_as_signed_in()&amp#27;[0m
  &amp#27;[32mAnd &amp#27;[0m&amp#27;[32mUser clicks on Get Started button from Tree panel&amp#27;[0m       &amp#27;[90m# StepDefinitions.Tree.user_clicks_on_get_started_button_from_tree_panel()&amp#27;[0m
  &amp#27;[32mGiven &amp#27;[0m&amp#27;[32mThe user is on the Tree Traversals page&amp#27;[0m               &amp#27;[90m# StepDefinitions.Tree.the_user_is_on_the_tree_traversals_page()&amp#27;[0m
  &amp#27;[32mWhen &amp#27;[0m&amp#27;[32mThe user clicks Traversals-Illustration link&amp#27;[0m           &amp#27;[90m# StepDefinitions.Tree.the_user_clicks_traversals_illustration_link()&amp#27;[0m
  &amp#27;[32mThen &amp#27;[0m&amp#27;[32mThe user is redirected to Traversals-Illustration page&amp#27;[0m &amp#27;[90m# StepDefinitions.Tree.the_user_is_redirected_to_traversals_illustration_page()&amp#27;[0m
[INFO ] 2024-12-17 12:10:50.466 [TestNG-PoolService-2] Hooks - ======================  Test Execution is completed!! ======================
]]></system-out>
  </testcase>
  <testcase name="runScenario[&quot;Traversals-Illustration&quot;, &quot;Tree&quot;](172)" classname="TestRunners.TestRunner" time="4.106">
    <system-out><![CDATA[
Scenario: Try Here Editor page with empty code                               &amp#27;[90m# src/test/resources/Features/Tree.feature:139&amp#27;[0m
  &amp#27;[32mGiven &amp#27;[0m&amp#27;[32mThe user is on the DS Introduction page as signedIn&amp#27;[0m          &amp#27;[90m# StepDefinitions.DSIntroductionDetails.the_user_is_on_the_ds_introduction_page_as_signed_in()&amp#27;[0m
  &amp#27;[32mAnd &amp#27;[0m&amp#27;[32mUser clicks on Get Started button from Tree panel&amp#27;[0m              &amp#27;[90m# StepDefinitions.Tree.user_clicks_on_get_started_button_from_tree_panel()&amp#27;[0m
  &amp#27;[32mGiven &amp#27;[0m&amp#27;[32mThe user is on the Traversals-Illustration page&amp#27;[0m              &amp#27;[90m# StepDefinitions.Tree.the_user_is_on_the_traversals_illustration_page()&amp#27;[0m
  &amp#27;[32mWhen &amp#27;[0m&amp#27;[32mThe user clicks Try Here button&amp#27;[0m                               &amp#27;[90m# StepDefinitions.Tree.the_user_clicks_try_here_button()&amp#27;[0m
  &amp#27;[32mThen &amp#27;[0m&amp#27;[32mThe user is redirected to a page having Editor and run button&amp#27;[0m &amp#27;[90m# StepDefinitions.Tree.the_user_is_redirected_to_a_page_having_editor_and_run_button()&amp#27;[0m
[INFO ] 2024-12-17 12:10:54.779 [TestNG-PoolService-1] Hooks - ======================  Test Execution is completed!! ======================
]]></system-out>
  </testcase>
  <testcase name="runScenario[&quot;Try Here Editor page with empty code&quot;, &quot;Tree&quot;](173)" classname="TestRunners.TestRunner" time="5.681">
    <system-out><![CDATA[
Scenario: Try Here Editor page with valid data                         &amp#27;[90m# src/test/resources/Features/Tree.feature:145&amp#27;[0m
  &amp#27;[32mGiven &amp#27;[0m&amp#27;[32mThe user is on the DS Introduction page as signedIn&amp#27;[0m                  &amp#27;[90m# StepDefinitions.DSIntroductionDetails.the_user_is_on_the_ds_introduction_page_as_signed_in()&amp#27;[0m
  &amp#27;[32mAnd &amp#27;[0m&amp#27;[32mUser clicks on Get Started button from Tree panel&amp#27;[0m                      &amp#27;[90m# StepDefinitions.Tree.user_clicks_on_get_started_button_from_tree_panel()&amp#27;[0m
  &amp#27;[32mGiven &amp#27;[0m&amp#27;[32mThe user is on the Editor page of Traversals-Illustration page&amp#27;[0m       &amp#27;[90m# StepDefinitions.Tree.the_user_is_on_the_Editor_page_of_traversals_illustration_page()&amp#27;[0m
  &amp#27;[32mWhen &amp#27;[0m&amp#27;[32mThe user writes no code inside editor window and clicks on Run button&amp#27;[0m &amp#27;[90m# StepDefinitions.Tree.the_user_writes_no_code_inside_editor_window_and_clicks_on_run_button()&amp#27;[0m
  &amp#27;[32mThen &amp#27;[0m&amp#27;[32mNothing happens to the Editor page and no error message is displayed&amp#27;[0m  &amp#27;[90m# StepDefinitions.Tree.nothing_happens_to_the_editor_page_and_no_error_message_is_displayed()&amp#27;[0m
[INFO ] 2024-12-17 12:11:00.435 [TestNG-PoolService-2] Hooks - ======================  Test Execution is completed!! ======================
]]></system-out>
  </testcase>
  <testcase name="runScenario[&quot;Try Here Editor page with invalid data&quot;, &quot;Tree&quot;](174)" classname="TestRunners.TestRunner" time="9.79">
    <system-out><![CDATA[
Scenario: Try Here Editor page with invalid data                        &amp#27;[90m# src/test/resources/Features/Tree.feature:151&amp#27;[0m
  &amp#27;[32mGiven &amp#27;[0m&amp#27;[32mThe user is on the DS Introduction page as signedIn&amp#27;[0m            &amp#27;[90m# StepDefinitions.DSIntroductionDetails.the_user_is_on_the_ds_introduction_page_as_signed_in()&amp#27;[0m
  &amp#27;[32mAnd &amp#27;[0m&amp#27;[32mUser clicks on Get Started button from Tree panel&amp#27;[0m                &amp#27;[90m# StepDefinitions.Tree.user_clicks_on_get_started_button_from_tree_panel()&amp#27;[0m
  &amp#27;[32mGiven &amp#27;[0m&amp#27;[32mThe user is on the Editor page of Traversals-Illustration page&amp#27;[0m &amp#27;[90m# StepDefinitions.Tree.the_user_is_on_the_Editor_page_of_traversals_illustration_page()&amp#27;[0m
  &amp#27;[32mGiven &amp#27;[0m&amp#27;[32mThe user is on the DS Introduction page as signedIn&amp#27;[0m             &amp#27;[90m# StepDefinitions.DSIntroductionDetails.the_user_is_on_the_ds_introduction_page_as_signed_in()&amp#27;[0m
  &amp#27;[32mAnd &amp#27;[0m&amp#27;[32mUser clicks on Get Started button from Tree panel&amp#27;[0m                 &amp#27;[90m# StepDefinitions.Tree.user_clicks_on_get_started_button_from_tree_panel()&amp#27;[0m
  &amp#27;[32mGiven &amp#27;[0m&amp#27;[32mThe user is on the Editor page of Traversals-Illustration page&amp#27;[0m  &amp#27;[90m# StepDefinitions.Tree.the_user_is_on_the_Editor_page_of_traversals_illustration_page()&amp#27;[0m
  &amp#27;[32mWhen &amp#27;[0m&amp#27;[32mThe user writes the invalid python code and clicks on Run button&amp#27;[0m &amp#27;[90m# StepDefinitions.Tree.the_user_writes_the_invalid_python_code_and_clicks_on_run_button()&amp#27;[0m
  &amp#27;[32mThen &amp#27;[0m&amp#27;[32mThe user see error msg in alert window&amp#27;[0m                           &amp#27;[90m# StepDefinitions.Tree.the_user_see_error_msg_in_alert_window()&amp#27;[0m
[INFO ] 2024-12-17 12:11:10.533 [TestNG-PoolService-2] Hooks - ======================  Test Execution is completed!! ======================
]]></system-out>
  </testcase>
  <testcase name="runScenario[&quot;Traversals-Illustration&quot;, &quot;Tree&quot;](176)" classname="TestRunners.TestRunner" time="7.17">
    <system-out><![CDATA[
Scenario: Binary Trees                                               &amp#27;[90m# src/test/resources/Features/Tree.feature:164&amp#27;[0m
  &amp#27;[32mGiven &amp#27;[0m&amp#27;[32mThe user is on the DS Introduction page as signedIn&amp#27;[0m &amp#27;[90m# StepDefinitions.DSIntroductionDetails.the_user_is_on_the_ds_introduction_page_as_signed_in()&amp#27;[0m
  &amp#27;[32mAnd &amp#27;[0m&amp#27;[32mUser clicks on Get Started button from Tree panel&amp#27;[0m     &amp#27;[90m# StepDefinitions.Tree.user_clicks_on_get_started_button_from_tree_panel()&amp#27;[0m
  &amp#27;[32mGiven &amp#27;[0m&amp#27;[32mThe user is on the Traversals-Illustration page&amp#27;[0m     &amp#27;[90m# StepDefinitions.Tree.the_user_is_on_the_traversals_illustration_page()&amp#27;[0m
  &amp#27;[32mWhen &amp#27;[0m&amp#27;[32mThe user clicks Binary Trees link&amp#27;[0m                    &amp#27;[90m# StepDefinitions.Tree.the_user_clicks_binary_trees_link()&amp#27;[0m
  &amp#27;[32mThen &amp#27;[0m&amp#27;[32mThe user is redirected to Binary Trees page.&amp#27;[0m         &amp#27;[90m# StepDefinitions.Tree.the_user_is_redirected_to_binary_trees_page()&amp#27;[0m
[INFO ] 2024-12-17 12:11:18.938 [TestNG-PoolService-2] Hooks - ======================  Test Execution is completed!! ======================
  &amp#27;[32mGiven &amp#27;[0m&amp#27;[32mThe user is on the DS Introduction page as signedIn&amp#27;[0m          &amp#27;[90m# StepDefinitions.DSIntroductionDetails.the_user_is_on_the_ds_introduction_page_as_signed_in()&amp#27;[0m
]]></system-out>
  </testcase>
  <testcase name="runScenario[&quot;Binary Trees&quot;, &quot;Tree&quot;](177)" classname="TestRunners.TestRunner" time="2.958">
    <system-out><![CDATA[
Scenario: Try Here Editor page with empty code                               &amp#27;[90m# src/test/resources/Features/Tree.feature:170&amp#27;[0m
  &amp#27;[32mAnd &amp#27;[0m&amp#27;[32mUser clicks on Get Started button from Tree panel&amp#27;[0m              &amp#27;[90m# StepDefinitions.Tree.user_clicks_on_get_started_button_from_tree_panel()&amp#27;[0m
  &amp#27;[32mGiven &amp#27;[0m&amp#27;[32mThe user is on the Binary Trees page&amp#27;[0m                         &amp#27;[90m# StepDefinitions.Tree.the_user_is_on_the_binary_trees_page()&amp#27;[0m
  &amp#27;[32mWhen &amp#27;[0m&amp#27;[32mThe user clicks Try Here button&amp#27;[0m                               &amp#27;[90m# StepDefinitions.Tree.the_user_clicks_try_here_button()&amp#27;[0m
  &amp#27;[32mThen &amp#27;[0m&amp#27;[32mThe user is redirected to a page having Editor and run button&amp#27;[0m &amp#27;[90m# StepDefinitions.Tree.the_user_is_redirected_to_a_page_having_editor_and_run_button()&amp#27;[0m
[INFO ] 2024-12-17 12:11:22.372 [TestNG-PoolService-3] Hooks - ======================  Test Execution is completed!! ======================
]]></system-out>
  </testcase>
  <testcase name="runScenario[&quot;Try Here Editor page with empty code&quot;, &quot;Tree&quot;](178)" classname="TestRunners.TestRunner" time="8.781">
    <system-out><![CDATA[
Scenario: Try Here Editor page with valid data                        &amp#27;[90m# src/test/resources/Features/Tree.feature:176&amp#27;[0m
  &amp#27;[32mGiven &amp#27;[0m&amp#27;[32mThe user is on the DS Introduction page as signedIn&amp#27;[0m                  &amp#27;[90m# StepDefinitions.DSIntroductionDetails.the_user_is_on_the_ds_introduction_page_as_signed_in()&amp#27;[0m
  &amp#27;[32mAnd &amp#27;[0m&amp#27;[32mUser clicks on Get Started button from Tree panel&amp#27;[0m                      &amp#27;[90m# StepDefinitions.Tree.user_clicks_on_get_started_button_from_tree_panel()&amp#27;[0m
  &amp#27;[32mGiven &amp#27;[0m&amp#27;[32mThe user is on the Editor page of Binary Trees page&amp#27;[0m                  &amp#27;[90m# StepDefinitions.Tree.the_user_is_on_the_Editor_page_of_binary_trees_page()&amp#27;[0m
  &amp#27;[32mWhen &amp#27;[0m&amp#27;[32mThe user writes no code inside editor window and clicks on Run button&amp#27;[0m &amp#27;[90m# StepDefinitions.Tree.the_user_writes_no_code_inside_editor_window_and_clicks_on_run_button()&amp#27;[0m
  &amp#27;[32mThen &amp#27;[0m&amp#27;[32mNothing happens to the Editor page and no error message is displayed&amp#27;[0m  &amp#27;[90m# StepDefinitions.Tree.nothing_happens_to_the_editor_page_and_no_error_message_is_displayed()&amp#27;[0m
[INFO ] 2024-12-17 12:11:30.835 [TestNG-PoolService-2] Hooks - ======================  Test Execution is completed!! ======================
  &amp#27;[32mGiven &amp#27;[0m&amp#27;[32mThe user is on the DS Introduction page as signedIn&amp#27;[0m           &amp#27;[90m# StepDefinitions.DSIntroductionDetails.the_user_is_on_the_ds_introduction_page_as_signed_in()&amp#27;[0m
  &amp#27;[32mAnd &amp#27;[0m&amp#27;[32mUser clicks on Get Started button from Tree panel&amp#27;[0m               &amp#27;[90m# StepDefinitions.Tree.user_clicks_on_get_started_button_from_tree_panel()&amp#27;[0m
]]></system-out>
  </testcase>
  <testcase name="runScenario[&quot;Try Here Editor page with valid data&quot;, &quot;Tree&quot;](179)" classname="TestRunners.TestRunner" time="4.462">
    <system-out><![CDATA[
Scenario: Try Here Editor page with invalid data                        &amp#27;[90m# src/test/resources/Features/Tree.feature:182&amp#27;[0m
  &amp#27;[32mGiven &amp#27;[0m&amp#27;[32mThe user is on the Editor page of Binary Trees page&amp#27;[0m           &amp#27;[90m# StepDefinitions.Tree.the_user_is_on_the_Editor_page_of_binary_trees_page()&amp#27;[0m
  &amp#27;[32mWhen &amp#27;[0m&amp#27;[32mThe user writes the valid python code and clicks on Run button&amp#27;[0m  &amp#27;[90m# StepDefinitions.Tree.the_user_writes_the_valid_python_code_and_clicks_on_run_button()&amp#27;[0m
  &amp#27;[32mThen &amp#27;[0m&amp#27;[32mThe user is able to see the output inside the console.&amp#27;[0m          &amp#27;[90m# StepDefinitions.Tree.the_user_is_able_to_see_the_output_inside_the_console()&amp#27;[0m
[INFO ] 2024-12-17 12:11:34.749 [TestNG-PoolService-1] Hooks - ======================  Test Execution is completed!! ======================
]]></system-out>
  </testcase>
  <testcase name="runScenario[&quot;Try Here Editor page with invalid data&quot;, &quot;Tree&quot;](180)" classname="TestRunners.TestRunner" time="5.724">
    <system-out><![CDATA[
Scenario: Binary Trees                                       &amp#27;[90m# src/test/resources/Features/Tree.feature:188&amp#27;[0m
  &amp#27;[32mGiven &amp#27;[0m&amp#27;[32mThe user is on the DS Introduction page as signedIn&amp#27;[0m             &amp#27;[90m# StepDefinitions.DSIntroductionDetails.the_user_is_on_the_ds_introduction_page_as_signed_in()&amp#27;[0m
  &amp#27;[32mAnd &amp#27;[0m&amp#27;[32mUser clicks on Get Started button from Tree panel&amp#27;[0m                 &amp#27;[90m# StepDefinitions.Tree.user_clicks_on_get_started_button_from_tree_panel()&amp#27;[0m
  &amp#27;[32mGiven &amp#27;[0m&amp#27;[32mThe user is on the Editor page of Binary Trees page&amp#27;[0m             &amp#27;[90m# StepDefinitions.Tree.the_user_is_on_the_Editor_page_of_binary_trees_page()&amp#27;[0m
  &amp#27;[32mWhen &amp#27;[0m&amp#27;[32mThe user writes the invalid python code and clicks on Run button&amp#27;[0m &amp#27;[90m# StepDefinitions.Tree.the_user_writes_the_invalid_python_code_and_clicks_on_run_button()&amp#27;[0m
  &amp#27;[32mThen &amp#27;[0m&amp#27;[32mThe user see error msg in alert window&amp#27;[0m                           &amp#27;[90m# StepDefinitions.Tree.the_user_see_error_msg_in_alert_window()&amp#27;[0m
[INFO ] 2024-12-17 12:11:41.192 [TestNG-PoolService-2] Hooks - ======================  Test Execution is completed!! ======================
]]></system-out>
  </testcase>
  <testcase name="runScenario[&quot;Binary Trees&quot;, &quot;Tree&quot;](181)" classname="TestRunners.TestRunner" time="3.376">
    <system-out><![CDATA[
Scenario: Types of Binary Trees                                      &amp#27;[90m# src/test/resources/Features/Tree.feature:195&amp#27;[0m
  &amp#27;[32mGiven &amp#27;[0m&amp#27;[32mThe user is on the DS Introduction page as signedIn&amp#27;[0m  &amp#27;[90m# StepDefinitions.DSIntroductionDetails.the_user_is_on_the_ds_introduction_page_as_signed_in()&amp#27;[0m
  &amp#27;[32mAnd &amp#27;[0m&amp#27;[32mUser clicks on Get Started button from Tree panel&amp#27;[0m      &amp#27;[90m# StepDefinitions.Tree.user_clicks_on_get_started_button_from_tree_panel()&amp#27;[0m
  &amp#27;[32mGiven &amp#27;[0m&amp#27;[32mThe user is on the Binary Trees page&amp#27;[0m                 &amp#27;[90m# StepDefinitions.Tree.the_user_is_on_the_binary_trees_page()&amp#27;[0m
  &amp#27;[32mWhen &amp#27;[0m&amp#27;[32mThe user clicks Types of Binary Trees link&amp#27;[0m            &amp#27;[90m# StepDefinitions.Tree.the_user_clicks_types_of_binary_trees_link()&amp#27;[0m
  &amp#27;[32mThen &amp#27;[0m&amp#27;[32mThe user is redirected to Types of Binary Trees page.&amp#27;[0m &amp#27;[90m# StepDefinitions.Tree.the_user_is_redirected_to_types_of_binary_trees_page()&amp#27;[0m
[INFO ] 2024-12-17 12:11:45.065 [TestNG-PoolService-1] Hooks - ======================  Test Execution is completed!! ======================
]]></system-out>
  </testcase>
  <testcase name="runScenario[&quot;Types of Binary Trees&quot;, &quot;Tree&quot;](182)" classname="TestRunners.TestRunner" time="8.797">
    <system-out><![CDATA[
Scenario: Try Here Editor page with empty code                               &amp#27;[90m# src/test/resources/Features/Tree.feature:201&amp#27;[0m
  &amp#27;[32mGiven &amp#27;[0m&amp#27;[32mThe user is on the DS Introduction page as signedIn&amp#27;[0m          &amp#27;[90m# StepDefinitions.DSIntroductionDetails.the_user_is_on_the_ds_introduction_page_as_signed_in()&amp#27;[0m
  &amp#27;[32mAnd &amp#27;[0m&amp#27;[32mUser clicks on Get Started button from Tree panel&amp#27;[0m              &amp#27;[90m# StepDefinitions.Tree.user_clicks_on_get_started_button_from_tree_panel()&amp#27;[0m
  &amp#27;[32mGiven &amp#27;[0m&amp#27;[32mThe user is on the Types of Binary Trees page&amp#27;[0m                &amp#27;[90m# StepDefinitions.Tree.the_user_is_on_the_types_of_binary_trees_page()&amp#27;[0m
  &amp#27;[32mWhen &amp#27;[0m&amp#27;[32mThe user clicks Try Here button&amp#27;[0m                               &amp#27;[90m# StepDefinitions.Tree.the_user_clicks_try_here_button()&amp#27;[0m
  &amp#27;[32mThen &amp#27;[0m&amp#27;[32mThe user is redirected to a page having Editor and run button&amp#27;[0m &amp#27;[90m# StepDefinitions.Tree.the_user_is_redirected_to_a_page_having_editor_and_run_button()&amp#27;[0m
[INFO ] 2024-12-17 12:11:52.421 [TestNG-PoolService-2] Hooks - ======================  Test Execution is completed!! ======================
  &amp#27;[32mGiven &amp#27;[0m&amp#27;[32mThe user is on the DS Introduction page as signedIn&amp#27;[0m                  &amp#27;[90m# StepDefinitions.DSIntroductionDetails.the_user_is_on_the_ds_introduction_page_as_signed_in()&amp#27;[0m
  &amp#27;[32mAnd &amp#27;[0m&amp#27;[32mUser clicks on Get Started button from Tree panel&amp#27;[0m                      &amp#27;[90m# StepDefinitions.Tree.user_clicks_on_get_started_button_from_tree_panel()&amp#27;[0m
]]></system-out>
  </testcase>
  <testcase name="runScenario[&quot;Try Here Editor page with empty code&quot;, &quot;Tree&quot;](183)" classname="TestRunners.TestRunner" time="1.995">
    <system-out><![CDATA[
Scenario: Try Here Editor page with valid data                        &amp#27;[90m# src/test/resources/Features/Tree.feature:207&amp#27;[0m
  &amp#27;[32mGiven &amp#27;[0m&amp#27;[32mThe user is on the Editor page of Types of Binary Trees page&amp#27;[0m         &amp#27;[90m# StepDefinitions.Tree.the_user_is_on_the_Editor_page_of_types_of_binary_trees_page()&amp#27;[0m
  &amp#27;[32mWhen &amp#27;[0m&amp#27;[32mThe user writes no code inside editor window and clicks on Run button&amp#27;[0m &amp#27;[90m# StepDefinitions.Tree.the_user_writes_no_code_inside_editor_window_and_clicks_on_run_button()&amp#27;[0m
  &amp#27;[32mThen &amp#27;[0m&amp#27;[32mNothing happens to the Editor page and no error message is displayed&amp#27;[0m  &amp#27;[90m# StepDefinitions.Tree.nothing_happens_to_the_editor_page_and_no_error_message_is_displayed()&amp#27;[0m
[INFO ] 2024-12-17 12:11:55.589 [TestNG-PoolService-1] Hooks - ======================  Test Execution is completed!! ======================
]]></system-out>
  </testcase>
  <testcase name="runScenario[&quot;Try Here Editor page with valid data&quot;, &quot;Tree&quot;](184)" classname="TestRunners.TestRunner" time="8.785">
    <system-out><![CDATA[
Scenario: Try Here Editor page with invalid data                        &amp#27;[90m# src/test/resources/Features/Tree.feature:213&amp#27;[0m
  &amp#27;[32mGiven &amp#27;[0m&amp#27;[32mThe user is on the DS Introduction page as signedIn&amp#27;[0m           &amp#27;[90m# StepDefinitions.DSIntroductionDetails.the_user_is_on_the_ds_introduction_page_as_signed_in()&amp#27;[0m
  &amp#27;[32mAnd &amp#27;[0m&amp#27;[32mUser clicks on Get Started button from Tree panel&amp#27;[0m               &amp#27;[90m# StepDefinitions.Tree.user_clicks_on_get_started_button_from_tree_panel()&amp#27;[0m
  &amp#27;[32mWhen &amp#27;[0m&amp#27;[32mThe user writes the valid python code and clicks on Run button&amp#27;[0m &amp#27;[90m# StepDefinitions.Tree.the_user_writes_the_valid_python_code_and_clicks_on_run_button()&amp#27;[0m
  &amp#27;[32mThen &amp#27;[0m&amp#27;[32mThe user is able to see the output inside the console.&amp#27;[0m         &amp#27;[90m# StepDefinitions.Tree.the_user_is_able_to_see_the_output_inside_the_console()&amp#27;[0m
[INFO ] 2024-12-17 12:12:03.730 [TestNG-PoolService-3] Hooks - ======================  Test Execution is completed!! ======================
  &amp#27;[32mGiven &amp#27;[0m&amp#27;[32mThe user is on the Editor page of Types of Binary Trees page&amp#27;[0m  &amp#27;[90m# StepDefinitions.Tree.the_user_is_on_the_Editor_page_of_types_of_binary_trees_page()&amp#27;[0m
  &amp#27;[32mGiven &amp#27;[0m&amp#27;[32mThe user is on the DS Introduction page as signedIn&amp#27;[0m             &amp#27;[90m# StepDefinitions.DSIntroductionDetails.the_user_is_on_the_ds_introduction_page_as_signed_in()&amp#27;[0m
  &amp#27;[32mAnd &amp#27;[0m&amp#27;[32mUser clicks on Get Started button from Tree panel&amp#27;[0m                 &amp#27;[90m# StepDefinitions.Tree.user_clicks_on_get_started_button_from_tree_panel()&amp#27;[0m
]]></system-out>
  </testcase>
  <testcase name="runScenario[&quot;Try Here Editor page with invalid data&quot;, &quot;Tree&quot;](185)" classname="TestRunners.TestRunner" time="2.496">
    <system-out><![CDATA[
Scenario: Types of Binary Trees                                 &amp#27;[90m# src/test/resources/Features/Tree.feature:219&amp#27;[0m
  &amp#27;[32mGiven &amp#27;[0m&amp#27;[32mThe user is on the Editor page of Types of Binary Trees page&amp#27;[0m    &amp#27;[90m# StepDefinitions.Tree.the_user_is_on_the_Editor_page_of_types_of_binary_trees_page()&amp#27;[0m
  &amp#27;[32mWhen &amp#27;[0m&amp#27;[32mThe user writes the invalid python code and clicks on Run button&amp#27;[0m &amp#27;[90m# StepDefinitions.Tree.the_user_writes_the_invalid_python_code_and_clicks_on_run_button()&amp#27;[0m
  &amp#27;[32mThen &amp#27;[0m&amp#27;[32mThe user see error msg in alert window&amp#27;[0m                           &amp#27;[90m# StepDefinitions.Tree.the_user_see_error_msg_in_alert_window()&amp#27;[0m
[INFO ] 2024-12-17 12:12:06.775 [TestNG-PoolService-1] Hooks - ======================  Test Execution is completed!! ======================
]]></system-out>
  </testcase>
  <testcase name="runScenario[&quot;Try Here Editor page with invalid data&quot;, &quot;Tree&quot;](185)" classname="TestRunners.TestRunner" time="7.393">
    <failure message="element not interactable&#10;  (Session info: MicrosoftEdge=131.0.2903.99)&#10;Build info: version: &apos;4.26.0&apos;, revision: &apos;8ccf0219d7&apos;&#10;System info: os.name: &apos;Windows 11&apos;, os.arch: &apos;amd64&apos;, os.version: &apos;10.0&apos;, java.version: &apos;21.0.5&apos;&#10;Driver info: org.openqa.selenium.edge.EdgeDriver&#10;Command: [410aac7f6568b0662eacff42b8c4026f, sendKeysToElement {value=[Ljava.lang.CharSequence;@7dd3db92, id=f.B76D7EFE9FA6AF715B908A06BEBED27D.d.C32F1255A68D54D8C1C42EC6FAB602E7.e.39}]&#10;Capabilities {acceptInsecureCerts: false, browserName: MicrosoftEdge, browserVersion: 131.0.2903.99, fedcm:accounts: true, ms:edgeOptions: {debuggerAddress: localhost:60860}, msedge: {msedgedriverVersion: 131.0.2903.99 (f96a870b1316..., userDataDir: C:\Users\vamsh\AppData\Loca...}, networkConnectionEnabled: false, pageLoadStrategy: normal, platformName: windows, proxy: Proxy(), se:cdp: ws://localhost:60860/devtoo..., se:cdpVersion: 131.0.2903.99, setWindowRect: true, strictFileInteractability: false, timeouts: {implicit: 0, pageLoad: 300000, script: 30000}, unhandledPromptBehavior: dismiss and notify, webauthn:extension:credBlob: true, webauthn:extension:largeBlob: true, webauthn:extension:minPinLength: true, webauthn:extension:prf: true, webauthn:virtualAuthenticators: true}&#10;Element: [[EdgeDriver: MicrosoftEdge on windows (410aac7f6568b0662eacff42b8c4026f)] -&gt; css selector: .CodeMirror textarea]&#10;Session ID: 410aac7f6568b0662eacff42b8c4026f" type="org.openqa.selenium.ElementNotInteractableException"><![CDATA[org.openqa.selenium.ElementNotInteractableException: 
element not interactable
  (Session info: MicrosoftEdge=131.0.2903.99)
Build info: version: '4.26.0', revision: '8ccf0219d7'
System info: os.name: 'Windows 11', os.arch: 'amd64', os.version: '10.0', java.version: '21.0.5'
Driver info: org.openqa.selenium.edge.EdgeDriver
Command: [410aac7f6568b0662eacff42b8c4026f, sendKeysToElement {value=[Ljava.lang.CharSequence;@7dd3db92, id=f.B76D7EFE9FA6AF715B908A06BEBED27D.d.C32F1255A68D54D8C1C42EC6FAB602E7.e.39}]
Capabilities {acceptInsecureCerts: false, browserName: MicrosoftEdge, browserVersion: 131.0.2903.99, fedcm:accounts: true, ms:edgeOptions: {debuggerAddress: localhost:60860}, msedge: {msedgedriverVersion: 131.0.2903.99 (f96a870b1316..., userDataDir: C:\Users\vamsh\AppData\Loca...}, networkConnectionEnabled: false, pageLoadStrategy: normal, platformName: windows, proxy: Proxy(), se:cdp: ws://localhost:60860/devtoo..., se:cdpVersion: 131.0.2903.99, setWindowRect: true, strictFileInteractability: false, timeouts: {implicit: 0, pageLoad: 300000, script: 30000}, unhandledPromptBehavior: dismiss and notify, webauthn:extension:credBlob: true, webauthn:extension:largeBlob: true, webauthn:extension:minPinLength: true, webauthn:extension:prf: true, webauthn:virtualAuthenticators: true}
Element: [[EdgeDriver: MicrosoftEdge on windows (410aac7f6568b0662eacff42b8c4026f)] -> css selector: .CodeMirror textarea]
Session ID: 410aac7f6568b0662eacff42b8c4026f
]]></failure>
    <system-out><![CDATA[
Scenario: Types of Binary Trees                                 &amp#27;[90m# src/test/resources/Features/Tree.feature:219&amp#27;[0m
  &amp#27;[32mGiven &amp#27;[0m&amp#27;[32mThe user is on the DS Introduction page as signedIn&amp#27;[0m             &amp#27;[90m# StepDefinitions.DSIntroductionDetails.the_user_is_on_the_ds_introduction_page_as_signed_in()&amp#27;[0m
  &amp#27;[32mAnd &amp#27;[0m&amp#27;[32mUser clicks on Get Started button from Tree panel&amp#27;[0m                 &amp#27;[90m# StepDefinitions.Tree.user_clicks_on_get_started_button_from_tree_panel()&amp#27;[0m
  &amp#27;[32mGiven &amp#27;[0m&amp#27;[32mThe user is on the DS Introduction page as signedIn&amp#27;[0m     &amp#27;[90m# StepDefinitions.DSIntroductionDetails.the_user_is_on_the_ds_introduction_page_as_signed_in()&amp#27;[0m
  &amp#27;[32mAnd &amp#27;[0m&amp#27;[32mUser clicks on Get Started button from Tree panel&amp#27;[0m         &amp#27;[90m# StepDefinitions.Tree.user_clicks_on_get_started_button_from_tree_panel()&amp#27;[0m
  &amp#27;[32mGiven &amp#27;[0m&amp#27;[32mThe user is on the Editor page of Types of Binary Trees page&amp#27;[0m    &amp#27;[90m# StepDefinitions.Tree.the_user_is_on_the_Editor_page_of_types_of_binary_trees_page()&amp#27;[0m
  &amp#27;[32mGiven &amp#27;[0m&amp#27;[32mThe user is on the Types of Binary Trees page&amp#27;[0m           &amp#27;[90m# StepDefinitions.Tree.the_user_is_on_the_types_of_binary_trees_page()&amp#27;[0m
  &amp#27;[31mWhen &amp#27;[0m&amp#27;[31mThe user writes the invalid python code and clicks on Run button&amp#27;[0m &amp#27;[90m# StepDefinitions.Tree.the_user_writes_the_invalid_python_code_and_clicks_on_run_button()&amp#27;[0m
      &amp#27;[31morg.openqa.selenium.ElementNotInteractableException: element not interactable
  (Session info: MicrosoftEdge=131.0.2903.99)
Build info: version: '4.26.0', revision: '8ccf0219d7'
System info: os.name: 'Windows 11', os.arch: 'amd64', os.version: '10.0', java.version: '21.0.5'
Driver info: org.openqa.selenium.edge.EdgeDriver
Command: [410aac7f6568b0662eacff42b8c4026f, sendKeysToElement {value=[Ljava.lang.CharSequence;@7dd3db92, id=f.B76D7EFE9FA6AF715B908A06BEBED27D.d.C32F1255A68D54D8C1C42EC6FAB602E7.e.39}]
Capabilities {acceptInsecureCerts: false, browserName: MicrosoftEdge, browserVersion: 131.0.2903.99, fedcm:accounts: true, ms:edgeOptions: {debuggerAddress: localhost:60860}, msedge: {msedgedriverVersion: 131.0.2903.99 (f96a870b1316..., userDataDir: C:\Users\vamsh\AppData\Loca...}, networkConnectionEnabled: false, pageLoadStrategy: normal, platformName: windows, proxy: Proxy(), se:cdp: ws://localhost:60860/devtoo..., se:cdpVersion: 131.0.2903.99, setWindowRect: true, strictFileInteractability: false, timeouts: {implicit: 0, pageLoad: 300000, script: 30000}, unhandledPromptBehavior: dismiss and notify, webauthn:extension:credBlob: true, webauthn:extension:largeBlob: true, webauthn:extension:minPinLength: true, webauthn:extension:prf: true, webauthn:virtualAuthenticators: true}
Element: [[EdgeDriver: MicrosoftEdge on windows (410aac7f6568b0662eacff42b8c4026f)] -> css selector: .CodeMirror textarea]
Session ID: 410aac7f6568b0662eacff42b8c4026f
	at java.base/jdk.internal.reflect.DirectConstructorHandleAccessor.newInstance(DirectConstructorHandleAccessor.java:62)
	at java.base/java.lang.reflect.Constructor.newInstanceWithCaller(Constructor.java:502)
	at java.base/java.lang.reflect.Constructor.newInstance(Constructor.java:486)
	at org.openqa.selenium.remote.ErrorCodec.decode(ErrorCodec.java:167)
	at org.openqa.selenium.remote.codec.w3c.W3CHttpResponseCodec.decode(W3CHttpResponseCodec.java:138)
	at org.openqa.selenium.remote.codec.w3c.W3CHttpResponseCodec.decode(W3CHttpResponseCodec.java:50)
	at org.openqa.selenium.remote.HttpCommandExecutor.execute(HttpCommandExecutor.java:190)
	at org.openqa.selenium.remote.service.DriverCommandExecutor.invokeExecute(DriverCommandExecutor.java:216)
	at org.openqa.selenium.remote.service.DriverCommandExecutor.execute(DriverCommandExecutor.java:174)
	at org.openqa.selenium.remote.RemoteWebDriver.execute(RemoteWebDriver.java:545)
	at org.openqa.selenium.remote.RemoteWebElement.execute(RemoteWebElement.java:223)
	at org.openqa.selenium.remote.RemoteWebElement.sendKeys(RemoteWebElement.java:110)
	at PageObjects.TreePage.writeInTryEditorWindow(TreePage.java:251)
	at StepDefinitions.Tree.the_user_writes_the_invalid_python_code_and_clicks_on_run_button(Tree.java:106)
	at ✽.The user writes the invalid python code and clicks on Run button(file:///C:/Projects/newFolder-3/Repo1/src/test/resources/Features/Tree.feature:216)
&amp#27;[0m
  &amp#27;[36mThen &amp#27;[0m&amp#27;[36mThe user see error msg in alert window&amp#27;[0m                           &amp#27;[90m# StepDefinitions.Tree.the_user_see_error_msg_in_alert_window()&amp#27;[0m
[ERROR] 2024-12-17 12:25:21.931 [TestNG-PoolService-1] Hooks - ======================  TEST CASE FAILED !! ======================

    Embedding screenshot [image/png 7890 bytes]

[INFO ] 2024-12-17 12:25:22.080 [TestNG-PoolService-1] Hooks - ======================  Screenshot is captured  ======================
[INFO ] 2024-12-17 12:25:22.081 [TestNG-PoolService-1] Hooks - ======================  Test Execution is completed!! ======================
  &amp#27;[32mWhen &amp#27;[0m&amp#27;[32mThe user clicks Implementation in Python Trees link&amp#27;[0m      &amp#27;[90m# StepDefinitions.Tree.the_user_clicks_implementation_in_python_trees_link()&amp#27;[0m
  &amp#27;[32mThen &amp#27;[0m&amp#27;[32mThe user is redirected to Implementation in Python page.&amp#27;[0m &amp#27;[90m# StepDefinitions.Tree.the_user_is_redirected_to_implementation_in_python_page()&amp#27;[0m
[INFO ] 2024-12-17 12:25:22.189 [TestNG-PoolService-3] Hooks - ======================  Test Execution is completed!! ======================
]]></system-out>
    <system-err><![CDATA[Dec 17, 2024 12:25:17 PM org.openqa.selenium.devtools.CdpVersionFinder findNearestMatch
WARNING: Unable to find an exact match for CDP version 131, returning the closest version; found: 130; Please update to a Selenium version that supports CDP version 131
Dec 17, 2024 12:25:19 PM org.openqa.selenium.devtools.CdpVersionFinder findNearestMatch
WARNING: Unable to find an exact match for CDP version 131, returning the closest version; found: 130; Please update to a Selenium version that supports CDP version 131
]]></system-err>
  </testcase>
  <testcase name="runScenario[&quot;Types of Binary Trees&quot;, &quot;Tree&quot;](186)" classname="TestRunners.TestRunner" time="9.038">
    <system-out><![CDATA[
Scenario: Implementation in Python                                   &amp#27;[90m# src/test/resources/Features/Tree.feature:226&amp#27;[0m
  &amp#27;[32mGiven &amp#27;[0m&amp#27;[32mThe user is on the DS Introduction page as signedIn&amp#27;[0m     &amp#27;[90m# StepDefinitions.DSIntroductionDetails.the_user_is_on_the_ds_introduction_page_as_signed_in()&amp#27;[0m
  &amp#27;[32mAnd &amp#27;[0m&amp#27;[32mUser clicks on Get Started button from Tree panel&amp#27;[0m         &amp#27;[90m# StepDefinitions.Tree.user_clicks_on_get_started_button_from_tree_panel()&amp#27;[0m
  &amp#27;[32mGiven &amp#27;[0m&amp#27;[32mThe user is on the Types of Binary Trees page&amp#27;[0m           &amp#27;[90m# StepDefinitions.Tree.the_user_is_on_the_types_of_binary_trees_page()&amp#27;[0m
  &amp#27;[32mWhen &amp#27;[0m&amp#27;[32mThe user clicks Implementation in Python Trees link&amp#27;[0m      &amp#27;[90m# StepDefinitions.Tree.the_user_clicks_implementation_in_python_trees_link()&amp#27;[0m
  &amp#27;[32mThen &amp#27;[0m&amp#27;[32mThe user is redirected to Implementation in Python page.&amp#27;[0m &amp#27;[90m# StepDefinitions.Tree.the_user_is_redirected_to_implementation_in_python_page()&amp#27;[0m
[INFO ] 2024-12-17 12:12:15.536 [TestNG-PoolService-3] Hooks - ======================  Test Execution is completed!! ======================
  &amp#27;[32mGiven &amp#27;[0m&amp#27;[32mThe user is on the DS Introduction page as signedIn&amp#27;[0m          &amp#27;[90m# StepDefinitions.DSIntroductionDetails.the_user_is_on_the_ds_introduction_page_as_signed_in()&amp#27;[0m
  &amp#27;[32mAnd &amp#27;[0m&amp#27;[32mUser clicks on Get Started button from Tree panel&amp#27;[0m              &amp#27;[90m# StepDefinitions.Tree.user_clicks_on_get_started_button_from_tree_panel()&amp#27;[0m
  &amp#27;[32mGiven &amp#27;[0m&amp#27;[32mThe user is on the Implementation in Python page&amp#27;[0m             &amp#27;[90m# StepDefinitions.Tree.the_user_is_on_the_implementation_in_python_page()&amp#27;[0m
]]></system-out>
  </testcase>
  <testcase name="runScenario[&quot;Types of Binary Trees&quot;, &quot;Tree&quot;](186)" classname="TestRunners.TestRunner" time="0.173">
    <system-out><![CDATA[
Scenario: Implementation in Python                                   &amp#27;[90m# src/test/resources/Features/Tree.feature:226&amp#27;[0m
]]></system-out>
  </testcase>
  <testcase name="runScenario[&quot;Implementation in Python&quot;, &quot;Tree&quot;](187)" classname="TestRunners.TestRunner" time="1.899">
    <system-out><![CDATA[
Scenario: Try Here Editor page with empty code                               &amp#27;[90m# src/test/resources/Features/Tree.feature:232&amp#27;[0m
  &amp#27;[32mWhen &amp#27;[0m&amp#27;[32mThe user clicks Try Here button&amp#27;[0m                               &amp#27;[90m# StepDefinitions.Tree.the_user_clicks_try_here_button()&amp#27;[0m
  &amp#27;[32mThen &amp#27;[0m&amp#27;[32mThe user is redirected to a page having Editor and run button&amp#27;[0m &amp#27;[90m# StepDefinitions.Tree.the_user_is_redirected_to_a_page_having_editor_and_run_button()&amp#27;[0m
[INFO ] 2024-12-17 12:12:17.749 [TestNG-PoolService-1] Hooks - ======================  Test Execution is completed!! ======================
]]></system-out>
  </testcase>
  <testcase name="runScenario[&quot;Implementation in Python&quot;, &quot;Tree&quot;](187)" classname="TestRunners.TestRunner" time="7.366">
    <system-out><![CDATA[
Scenario: Try Here Editor page with empty code                               &amp#27;[90m# src/test/resources/Features/Tree.feature:232&amp#27;[0m
  &amp#27;[32mGiven &amp#27;[0m&amp#27;[32mThe user is on the DS Introduction page as signedIn&amp#27;[0m          &amp#27;[90m# StepDefinitions.DSIntroductionDetails.the_user_is_on_the_ds_introduction_page_as_signed_in()&amp#27;[0m
  &amp#27;[32mGiven &amp#27;[0m&amp#27;[32mThe user is on the DS Introduction page as signedIn&amp#27;[0m                  &amp#27;[90m# StepDefinitions.DSIntroductionDetails.the_user_is_on_the_ds_introduction_page_as_signed_in()&amp#27;[0m
  &amp#27;[32mAnd &amp#27;[0m&amp#27;[32mUser clicks on Get Started button from Tree panel&amp#27;[0m              &amp#27;[90m# StepDefinitions.Tree.user_clicks_on_get_started_button_from_tree_panel()&amp#27;[0m
  &amp#27;[32mAnd &amp#27;[0m&amp#27;[32mUser clicks on Get Started button from Tree panel&amp#27;[0m                      &amp#27;[90m# StepDefinitions.Tree.user_clicks_on_get_started_button_from_tree_panel()&amp#27;[0m
  &amp#27;[32mGiven &amp#27;[0m&amp#27;[32mThe user is on the Implementation in Python page&amp#27;[0m             &amp#27;[90m# StepDefinitions.Tree.the_user_is_on_the_implementation_in_python_page()&amp#27;[0m
  &amp#27;[32mWhen &amp#27;[0m&amp#27;[32mThe user clicks Try Here button&amp#27;[0m                               &amp#27;[90m# StepDefinitions.Tree.the_user_clicks_try_here_button()&amp#27;[0m
  &amp#27;[32mThen &amp#27;[0m&amp#27;[32mThe user is redirected to a page having Editor and run button&amp#27;[0m &amp#27;[90m# StepDefinitions.Tree.the_user_is_redirected_to_a_page_having_editor_and_run_button()&amp#27;[0m
[INFO ] 2024-12-17 12:25:29.605 [TestNG-PoolService-1] Hooks - ======================  Test Execution is completed!! ======================
  &amp#27;[32mGiven &amp#27;[0m&amp#27;[32mThe user is on the editor page of Implementation in Python page&amp#27;[0m      &amp#27;[90m# StepDefinitions.Tree.the_user_is_on_the_editor_page_of_implementation_in_python_page()&amp#27;[0m
  &amp#27;[32mWhen &amp#27;[0m&amp#27;[32mThe user writes no code inside editor window and clicks on Run button&amp#27;[0m &amp#27;[90m# StepDefinitions.Tree.the_user_writes_no_code_inside_editor_window_and_clicks_on_run_button()&amp#27;[0m
  &amp#27;[32mThen &amp#27;[0m&amp#27;[32mNothing happens to the Editor page and no error message is displayed&amp#27;[0m  &amp#27;[90m# StepDefinitions.Tree.nothing_happens_to_the_editor_page_and_no_error_message_is_displayed()&amp#27;[0m
[INFO ] 2024-12-17 12:25:30.010 [TestNG-PoolService-3] Hooks - ======================  Test Execution is completed!! ======================
]]></system-out>
    <system-err><![CDATA[Dec 17, 2024 12:25:26 PM org.openqa.selenium.devtools.CdpVersionFinder findNearestMatch
WARNING: Unable to find an exact match for CDP version 131, returning the closest version; found: 130; Please update to a Selenium version that supports CDP version 131
Dec 17, 2024 12:25:26 PM org.openqa.selenium.devtools.CdpVersionFinder findNearestMatch
WARNING: Unable to find an exact match for CDP version 131, returning the closest version; found: 130; Please update to a Selenium version that supports CDP version 131
]]></system-err>
  </testcase>
  <testcase name="runScenario[&quot;Try Here Editor page with empty code&quot;, &quot;Tree&quot;](188)" classname="TestRunners.TestRunner" time="9.445">
    <system-out><![CDATA[
Scenario: Try Here Editor page with valid data                          &amp#27;[90m# src/test/resources/Features/Tree.feature:238&amp#27;[0m
  &amp#27;[32mGiven &amp#27;[0m&amp#27;[32mThe user is on the DS Introduction page as signedIn&amp#27;[0m                  &amp#27;[90m# StepDefinitions.DSIntroductionDetails.the_user_is_on_the_ds_introduction_page_as_signed_in()&amp#27;[0m
  &amp#27;[32mAnd &amp#27;[0m&amp#27;[32mUser clicks on Get Started button from Tree panel&amp#27;[0m                      &amp#27;[90m# StepDefinitions.Tree.user_clicks_on_get_started_button_from_tree_panel()&amp#27;[0m
  &amp#27;[32mGiven &amp#27;[0m&amp#27;[32mThe user is on the DS Introduction page as signedIn&amp#27;[0m             &amp#27;[90m# StepDefinitions.DSIntroductionDetails.the_user_is_on_the_ds_introduction_page_as_signed_in()&amp#27;[0m
  &amp#27;[32mAnd &amp#27;[0m&amp#27;[32mUser clicks on Get Started button from Tree panel&amp#27;[0m                 &amp#27;[90m# StepDefinitions.Tree.user_clicks_on_get_started_button_from_tree_panel()&amp#27;[0m
  &amp#27;[32mGiven &amp#27;[0m&amp#27;[32mThe user is on the editor page of Implementation in Python page&amp#27;[0m      &amp#27;[90m# StepDefinitions.Tree.the_user_is_on_the_editor_page_of_implementation_in_python_page()&amp#27;[0m
  &amp#27;[32mWhen &amp#27;[0m&amp#27;[32mThe user writes no code inside editor window and clicks on Run button&amp#27;[0m &amp#27;[90m# StepDefinitions.Tree.the_user_writes_no_code_inside_editor_window_and_clicks_on_run_button()&amp#27;[0m
  &amp#27;[32mThen &amp#27;[0m&amp#27;[32mNothing happens to the Editor page and no error message is displayed&amp#27;[0m  &amp#27;[90m# StepDefinitions.Tree.nothing_happens_to_the_editor_page_and_no_error_message_is_displayed()&amp#27;[0m
[INFO ] 2024-12-17 12:12:27.163 [TestNG-PoolService-3] Hooks - ======================  Test Execution is completed!! ======================
  &amp#27;[32mGiven &amp#27;[0m&amp#27;[32mThe user is on the editor page of Implementation in Python page&amp#27;[0m &amp#27;[90m# StepDefinitions.Tree.the_user_is_on_the_editor_page_of_implementation_in_python_page()&amp#27;[0m
]]></system-out>
  </testcase>
  <testcase name="runScenario[&quot;Try Here Editor page with empty code&quot;, &quot;Tree&quot;](188)" classname="TestRunners.TestRunner" time="0.33">
    <system-out><![CDATA[
Scenario: Try Here Editor page with valid data                          &amp#27;[90m# src/test/resources/Features/Tree.feature:238&amp#27;[0m
]]></system-out>
  </testcase>
  <testcase name="runScenario[&quot;Try Here Editor page with invalid data&quot;, &quot;Tree&quot;](189)" classname="TestRunners.TestRunner" time="7.014">
    <failure message="Build info: version: &apos;4.26.0&apos;, revision: &apos;8ccf0219d7&apos;&#10;System info: os.name: &apos;Windows 11&apos;, os.arch: &apos;amd64&apos;, os.version: &apos;10.0&apos;, java.version: &apos;21.0.5&apos;&#10;Driver info: org.openqa.selenium.firefox.FirefoxDriver&#10;Command: [b795eb52-e0dd-46c2-bb58-75ce7856bf81, getAlertText {}]&#10;Capabilities {acceptInsecureCerts: true, browserName: firefox, browserVersion: 133.0.3, moz:accessibilityChecks: false, moz:buildID: 20241209150345, moz:debuggerAddress: 127.0.0.1:27059, moz:geckodriverVersion: 0.35.0, moz:headless: false, moz:platformVersion: 10.0, moz:processID: 44800, moz:profile: C:\Users\vamsh\AppData\Loca..., moz:shutdownTimeout: 60000, moz:webdriverClick: true, moz:windowless: false, pageLoadStrategy: normal, platformName: windows, proxy: Proxy(), se:cdp: ws://127.0.0.1:27059/devtoo..., se:cdpVersion: 85.0, setWindowRect: true, strictFileInteractability: false, timeouts: {implicit: 0, pageLoad: 300000, script: 30000}, unhandledPromptBehavior: dismiss and notify, userAgent: Mozilla/5.0 (Windows NT 10....}&#10;Session ID: b795eb52-e0dd-46c2-bb58-75ce7856bf81" type="org.openqa.selenium.NoAlertPresentException"><![CDATA[org.openqa.selenium.NoAlertPresentException: 
Build info: version: '4.26.0', revision: '8ccf0219d7'
System info: os.name: 'Windows 11', os.arch: 'amd64', os.version: '10.0', java.version: '21.0.5'
Driver info: org.openqa.selenium.firefox.FirefoxDriver
Command: [b795eb52-e0dd-46c2-bb58-75ce7856bf81, getAlertText {}]
Capabilities {acceptInsecureCerts: true, browserName: firefox, browserVersion: 133.0.3, moz:accessibilityChecks: false, moz:buildID: 20241209150345, moz:debuggerAddress: 127.0.0.1:27059, moz:geckodriverVersion: 0.35.0, moz:headless: false, moz:platformVersion: 10.0, moz:processID: 44800, moz:profile: C:\Users\vamsh\AppData\Loca..., moz:shutdownTimeout: 60000, moz:webdriverClick: true, moz:windowless: false, pageLoadStrategy: normal, platformName: windows, proxy: Proxy(), se:cdp: ws://127.0.0.1:27059/devtoo..., se:cdpVersion: 85.0, setWindowRect: true, strictFileInteractability: false, timeouts: {implicit: 0, pageLoad: 300000, script: 30000}, unhandledPromptBehavior: dismiss and notify, userAgent: Mozilla/5.0 (Windows NT 10....}
Session ID: b795eb52-e0dd-46c2-bb58-75ce7856bf81
]]></failure>
    <system-out><![CDATA[
Scenario: Try Here Editor page with invalid data                        &amp#27;[90m# src/test/resources/Features/Tree.feature:244&amp#27;[0m
  &amp#27;[32mGiven &amp#27;[0m&amp#27;[32mThe user is on the DS Introduction page as signedIn&amp#27;[0m             &amp#27;[90m# StepDefinitions.DSIntroductionDetails.the_user_is_on_the_ds_introduction_page_as_signed_in()&amp#27;[0m
  &amp#27;[32mAnd &amp#27;[0m&amp#27;[32mUser clicks on Get Started button from Tree panel&amp#27;[0m                 &amp#27;[90m# StepDefinitions.Tree.user_clicks_on_get_started_button_from_tree_panel()&amp#27;[0m
  &amp#27;[32mGiven &amp#27;[0m&amp#27;[32mThe user is on the editor page of Implementation in Python page&amp#27;[0m &amp#27;[90m# StepDefinitions.Tree.the_user_is_on_the_editor_page_of_implementation_in_python_page()&amp#27;[0m
  &amp#27;[32mWhen &amp#27;[0m&amp#27;[32mThe user writes the invalid python code and clicks on Run button&amp#27;[0m &amp#27;[90m# StepDefinitions.Tree.the_user_writes_the_invalid_python_code_and_clicks_on_run_button()&amp#27;[0m
  &amp#27;[31mThen &amp#27;[0m&amp#27;[31mThe user see error msg in alert window&amp#27;[0m                           &amp#27;[90m# StepDefinitions.Tree.the_user_see_error_msg_in_alert_window()&amp#27;[0m
      &amp#27;[31morg.openqa.selenium.NoAlertPresentException: Build info: version: '4.26.0', revision: '8ccf0219d7'
System info: os.name: 'Windows 11', os.arch: 'amd64', os.version: '10.0', java.version: '21.0.5'
Driver info: org.openqa.selenium.firefox.FirefoxDriver
Command: [b795eb52-e0dd-46c2-bb58-75ce7856bf81, getAlertText {}]
Capabilities {acceptInsecureCerts: true, browserName: firefox, browserVersion: 133.0.3, moz:accessibilityChecks: false, moz:buildID: 20241209150345, moz:debuggerAddress: 127.0.0.1:27059, moz:geckodriverVersion: 0.35.0, moz:headless: false, moz:platformVersion: 10.0, moz:processID: 44800, moz:profile: C:\Users\vamsh\AppData\Loca..., moz:shutdownTimeout: 60000, moz:webdriverClick: true, moz:windowless: false, pageLoadStrategy: normal, platformName: windows, proxy: Proxy(), se:cdp: ws://127.0.0.1:27059/devtoo..., se:cdpVersion: 85.0, setWindowRect: true, strictFileInteractability: false, timeouts: {implicit: 0, pageLoad: 300000, script: 30000}, unhandledPromptBehavior: dismiss and notify, userAgent: Mozilla/5.0 (Windows NT 10....}
Session ID: b795eb52-e0dd-46c2-bb58-75ce7856bf81
	at java.base/jdk.internal.reflect.DirectConstructorHandleAccessor.newInstance(DirectConstructorHandleAccessor.java:62)
	at java.base/java.lang.reflect.Constructor.newInstanceWithCaller(Constructor.java:502)
	at java.base/java.lang.reflect.Constructor.newInstance(Constructor.java:486)
	at org.openqa.selenium.remote.ErrorCodec.decode(ErrorCodec.java:167)
	at org.openqa.selenium.remote.codec.w3c.W3CHttpResponseCodec.decode(W3CHttpResponseCodec.java:138)
	at org.openqa.selenium.remote.codec.w3c.W3CHttpResponseCodec.decode(W3CHttpResponseCodec.java:50)
	at org.openqa.selenium.remote.HttpCommandExecutor.execute(HttpCommandExecutor.java:190)
	at org.openqa.selenium.remote.service.DriverCommandExecutor.invokeExecute(DriverCommandExecutor.java:216)
	at org.openqa.selenium.remote.service.DriverCommandExecutor.execute(DriverCommandExecutor.java:174)
	at org.openqa.selenium.remote.RemoteWebDriver.execute(RemoteWebDriver.java:545)
	at org.openqa.selenium.remote.RemoteWebDriver.execute(RemoteWebDriver.java:618)
	at org.openqa.selenium.remote.RemoteWebDriver.execute(RemoteWebDriver.java:622)
	at org.openqa.selenium.remote.RemoteWebDriver$RemoteTargetLocator.alert(RemoteWebDriver.java:1190)
	at PageObjects.IntroductionPage.getAlertText(IntroductionPage.java:134)
	at StepDefinitions.Tree.the_user_see_error_msg_in_alert_window(Tree.java:113)
	at ✽.The user see error msg in alert window(file:///C:/Projects/newFolder-3/Repo1/src/test/resources/Features/Tree.feature:248)
&amp#27;[0m
[ERROR] 2024-12-17 12:12:34.795 [TestNG-PoolService-3] Hooks - ======================  TEST CASE FAILED !! ======================
  &amp#27;[32mWhen &amp#27;[0m&amp#27;[32mThe user writes the valid python code and clicks on Run button&amp#27;[0m &amp#27;[90m# StepDefinitions.Tree.the_user_writes_the_valid_python_code_and_clicks_on_run_button()&amp#27;[0m
  &amp#27;[32mThen &amp#27;[0m&amp#27;[32mThe user is able to see the output inside the console.&amp#27;[0m         &amp#27;[90m# StepDefinitions.Tree.the_user_is_able_to_see_the_output_inside_the_console()&amp#27;[0m
[INFO ] 2024-12-17 12:12:34.813 [TestNG-PoolService-2] Hooks - ======================  Test Execution is completed!! ======================

    Embedding screenshot [image/png 37860 bytes]

[INFO ] 2024-12-17 12:12:34.830 [TestNG-PoolService-3] Hooks - ======================  Screenshot is captured  ======================
[INFO ] 2024-12-17 12:12:34.830 [TestNG-PoolService-3] Hooks - ======================  Test Execution is completed!! ======================
]]></system-out>
  </testcase>
  <testcase name="runScenario[&quot;Implementation in Python&quot;, &quot;Tree&quot;](191)" classname="TestRunners.TestRunner" time="8.857">
    <system-out><![CDATA[
Scenario: Binary Tree Traversals                                     &amp#27;[90m# src/test/resources/Features/Tree.feature:257&amp#27;[0m
  &amp#27;[32mGiven &amp#27;[0m&amp#27;[32mThe user is on the DS Introduction page as signedIn&amp#27;[0m   &amp#27;[90m# StepDefinitions.DSIntroductionDetails.the_user_is_on_the_ds_introduction_page_as_signed_in()&amp#27;[0m
  &amp#27;[32mAnd &amp#27;[0m&amp#27;[32mUser clicks on Get Started button from Tree panel&amp#27;[0m       &amp#27;[90m# StepDefinitions.Tree.user_clicks_on_get_started_button_from_tree_panel()&amp#27;[0m
  &amp#27;[32mGiven &amp#27;[0m&amp#27;[32mThe user is on the Implementation in Python page&amp#27;[0m      &amp#27;[90m# StepDefinitions.Tree.the_user_is_on_the_implementation_in_python_page()&amp#27;[0m
  &amp#27;[32mWhen &amp#27;[0m&amp#27;[32mThe user clicks Binary Tree Traversals link&amp#27;[0m            &amp#27;[90m# StepDefinitions.Tree.the_user_clicks_binary_tree_traversals_link()&amp#27;[0m
  &amp#27;[32mThen &amp#27;[0m&amp#27;[32mThe user is redirected to Binary Tree Traversals page.&amp#27;[0m &amp#27;[90m# StepDefinitions.Tree.the_user_is_redirected_to_binary_tree_traversals_page()&amp#27;[0m
[INFO ] 2024-12-17 12:12:43.574 [TestNG-PoolService-3] Hooks - ======================  Test Execution is completed!! ======================
  &amp#27;[32mGiven &amp#27;[0m&amp#27;[32mThe user is on the DS Introduction page as signedIn&amp#27;[0m          &amp#27;[90m# StepDefinitions.DSIntroductionDetails.the_user_is_on_the_ds_introduction_page_as_signed_in()&amp#27;[0m
  &amp#27;[32mAnd &amp#27;[0m&amp#27;[32mUser clicks on Get Started button from Tree panel&amp#27;[0m              &amp#27;[90m# StepDefinitions.Tree.user_clicks_on_get_started_button_from_tree_panel()&amp#27;[0m
  &amp#27;[32mGiven &amp#27;[0m&amp#27;[32mThe user is on the Binary Tree Traversals page&amp#27;[0m               &amp#27;[90m# StepDefinitions.Tree.the_user_is_on_the_binary_tree_traversals_page()&amp#27;[0m
]]></system-out>
  </testcase>
  <testcase name="runScenario[&quot;Binary Tree Traversals&quot;, &quot;Tree&quot;](192)" classname="TestRunners.TestRunner" time="1.629">
    <system-out><![CDATA[
Scenario: Try Here Editor page with empty code                               &amp#27;[90m# src/test/resources/Features/Tree.feature:263&amp#27;[0m
  &amp#27;[32mWhen &amp#27;[0m&amp#27;[32mThe user clicks Try Here button&amp#27;[0m                               &amp#27;[90m# StepDefinitions.Tree.the_user_clicks_try_here_button()&amp#27;[0m
  &amp#27;[32mThen &amp#27;[0m&amp#27;[32mThe user is redirected to a page having Editor and run button&amp#27;[0m &amp#27;[90m# StepDefinitions.Tree.the_user_is_redirected_to_a_page_having_editor_and_run_button()&amp#27;[0m
[INFO ] 2024-12-17 12:12:45.342 [TestNG-PoolService-2] Hooks - ======================  Test Execution is completed!! ======================
]]></system-out>
  </testcase>
  <testcase name="runScenario[&quot;Try Here Editor page with empty code&quot;, &quot;Tree&quot;](193)" classname="TestRunners.TestRunner" time="8.648">
    <system-out><![CDATA[
Scenario: Try Here Editor page with valid data                        &amp#27;[90m# src/test/resources/Features/Tree.feature:269&amp#27;[0m
  &amp#27;[32mGiven &amp#27;[0m&amp#27;[32mThe user is on the DS Introduction page as signedIn&amp#27;[0m                  &amp#27;[90m# StepDefinitions.DSIntroductionDetails.the_user_is_on_the_ds_introduction_page_as_signed_in()&amp#27;[0m
  &amp#27;[32mAnd &amp#27;[0m&amp#27;[32mUser clicks on Get Started button from Tree panel&amp#27;[0m                      &amp#27;[90m# StepDefinitions.Tree.user_clicks_on_get_started_button_from_tree_panel()&amp#27;[0m
  &amp#27;[32mGiven &amp#27;[0m&amp#27;[32mThe user is on the DS Introduction page as signedIn&amp#27;[0m           &amp#27;[90m# StepDefinitions.DSIntroductionDetails.the_user_is_on_the_ds_introduction_page_as_signed_in()&amp#27;[0m
  &amp#27;[32mAnd &amp#27;[0m&amp#27;[32mUser clicks on Get Started button from Tree panel&amp#27;[0m               &amp#27;[90m# StepDefinitions.Tree.user_clicks_on_get_started_button_from_tree_panel()&amp#27;[0m
  &amp#27;[32mGiven &amp#27;[0m&amp#27;[32mThe user is on the editor page of Binary Tree Traversals page&amp#27;[0m        &amp#27;[90m# StepDefinitions.Tree.the_user_is_on_the_editor_page_of_binary_tree_traversals_page()&amp#27;[0m
  &amp#27;[32mWhen &amp#27;[0m&amp#27;[32mThe user writes no code inside editor window and clicks on Run button&amp#27;[0m &amp#27;[90m# StepDefinitions.Tree.the_user_writes_no_code_inside_editor_window_and_clicks_on_run_button()&amp#27;[0m
  &amp#27;[32mThen &amp#27;[0m&amp#27;[32mNothing happens to the Editor page and no error message is displayed&amp#27;[0m  &amp#27;[90m# StepDefinitions.Tree.nothing_happens_to_the_editor_page_and_no_error_message_is_displayed()&amp#27;[0m
[INFO ] 2024-12-17 12:12:53.910 [TestNG-PoolService-3] Hooks - ======================  Test Execution is completed!! ======================
  &amp#27;[32mGiven &amp#27;[0m&amp#27;[32mThe user is on the editor page of Binary Tree Traversals page&amp#27;[0m &amp#27;[90m# StepDefinitions.Tree.the_user_is_on_the_editor_page_of_binary_tree_traversals_page()&amp#27;[0m
]]></system-out>
  </testcase>
  <testcase name="runScenario[&quot;Try Here Editor page with valid data&quot;, &quot;Tree&quot;](194)" classname="TestRunners.TestRunner" time="4.545">
    <system-out><![CDATA[
Scenario: Try Here Editor page with invalid data                        &amp#27;[90m# src/test/resources/Features/Tree.feature:275&amp#27;[0m
  &amp#27;[32mWhen &amp#27;[0m&amp#27;[32mThe user writes the valid python code and clicks on Run button&amp#27;[0m   &amp#27;[90m# StepDefinitions.Tree.the_user_writes_the_valid_python_code_and_clicks_on_run_button()&amp#27;[0m
  &amp#27;[32mThen &amp#27;[0m&amp#27;[32mThe user is able to see the output inside the console.&amp#27;[0m           &amp#27;[90m# StepDefinitions.Tree.the_user_is_able_to_see_the_output_inside_the_console()&amp#27;[0m
[INFO ] 2024-12-17 12:12:58.407 [TestNG-PoolService-1] Hooks - ======================  Test Execution is completed!! ======================
]]></system-out>
  </testcase>
  <testcase name="runScenario[&quot;Try Here Editor page with invalid data&quot;, &quot;Tree&quot;](195)" classname="TestRunners.TestRunner" time="3.08">
    <failure message="Build info: version: &apos;4.26.0&apos;, revision: &apos;8ccf0219d7&apos;&#10;System info: os.name: &apos;Windows 11&apos;, os.arch: &apos;amd64&apos;, os.version: &apos;10.0&apos;, java.version: &apos;21.0.5&apos;&#10;Driver info: org.openqa.selenium.firefox.FirefoxDriver&#10;Command: [c87ef1a5-ed54-40a4-8896-b7f4ea5ac86c, getAlertText {}]&#10;Capabilities {acceptInsecureCerts: true, browserName: firefox, browserVersion: 133.0.3, moz:accessibilityChecks: false, moz:buildID: 20241209150345, moz:debuggerAddress: 127.0.0.1:1095, moz:geckodriverVersion: 0.35.0, moz:headless: false, moz:platformVersion: 10.0, moz:processID: 12224, moz:profile: C:\Users\vamsh\AppData\Loca..., moz:shutdownTimeout: 60000, moz:webdriverClick: true, moz:windowless: false, pageLoadStrategy: normal, platformName: windows, proxy: Proxy(), se:cdp: ws://127.0.0.1:1095/devtool..., se:cdpVersion: 85.0, setWindowRect: true, strictFileInteractability: false, timeouts: {implicit: 0, pageLoad: 300000, script: 30000}, unhandledPromptBehavior: dismiss and notify, userAgent: Mozilla/5.0 (Windows NT 10....}&#10;Session ID: c87ef1a5-ed54-40a4-8896-b7f4ea5ac86c" type="org.openqa.selenium.NoAlertPresentException"><![CDATA[org.openqa.selenium.NoAlertPresentException: 
Build info: version: '4.26.0', revision: '8ccf0219d7'
System info: os.name: 'Windows 11', os.arch: 'amd64', os.version: '10.0', java.version: '21.0.5'
Driver info: org.openqa.selenium.firefox.FirefoxDriver
Command: [c87ef1a5-ed54-40a4-8896-b7f4ea5ac86c, getAlertText {}]
Capabilities {acceptInsecureCerts: true, browserName: firefox, browserVersion: 133.0.3, moz:accessibilityChecks: false, moz:buildID: 20241209150345, moz:debuggerAddress: 127.0.0.1:1095, moz:geckodriverVersion: 0.35.0, moz:headless: false, moz:platformVersion: 10.0, moz:processID: 12224, moz:profile: C:\Users\vamsh\AppData\Loca..., moz:shutdownTimeout: 60000, moz:webdriverClick: true, moz:windowless: false, pageLoadStrategy: normal, platformName: windows, proxy: Proxy(), se:cdp: ws://127.0.0.1:1095/devtool..., se:cdpVersion: 85.0, setWindowRect: true, strictFileInteractability: false, timeouts: {implicit: 0, pageLoad: 300000, script: 30000}, unhandledPromptBehavior: dismiss and notify, userAgent: Mozilla/5.0 (Windows NT 10....}
Session ID: c87ef1a5-ed54-40a4-8896-b7f4ea5ac86c
]]></failure>
    <system-out><![CDATA[
Scenario: Binary Tree Traversals                                      &amp#27;[90m# src/test/resources/Features/Tree.feature:281&amp#27;[0m
  &amp#27;[32mGiven &amp#27;[0m&amp#27;[32mThe user is on the DS Introduction page as signedIn&amp#27;[0m             &amp#27;[90m# StepDefinitions.DSIntroductionDetails.the_user_is_on_the_ds_introduction_page_as_signed_in()&amp#27;[0m
  &amp#27;[32mAnd &amp#27;[0m&amp#27;[32mUser clicks on Get Started button from Tree panel&amp#27;[0m                 &amp#27;[90m# StepDefinitions.Tree.user_clicks_on_get_started_button_from_tree_panel()&amp#27;[0m
  &amp#27;[32mGiven &amp#27;[0m&amp#27;[32mThe user is on the editor page of Binary Tree Traversals page&amp#27;[0m   &amp#27;[90m# StepDefinitions.Tree.the_user_is_on_the_editor_page_of_binary_tree_traversals_page()&amp#27;[0m
  &amp#27;[32mWhen &amp#27;[0m&amp#27;[32mThe user writes the invalid python code and clicks on Run button&amp#27;[0m &amp#27;[90m# StepDefinitions.Tree.the_user_writes_the_invalid_python_code_and_clicks_on_run_button()&amp#27;[0m
  &amp#27;[31mThen &amp#27;[0m&amp#27;[31mThe user see error msg in alert window&amp#27;[0m                           &amp#27;[90m# StepDefinitions.Tree.the_user_see_error_msg_in_alert_window()&amp#27;[0m
      &amp#27;[31morg.openqa.selenium.NoAlertPresentException: Build info: version: '4.26.0', revision: '8ccf0219d7'
System info: os.name: 'Windows 11', os.arch: 'amd64', os.version: '10.0', java.version: '21.0.5'
Driver info: org.openqa.selenium.firefox.FirefoxDriver
Command: [c87ef1a5-ed54-40a4-8896-b7f4ea5ac86c, getAlertText {}]
Capabilities {acceptInsecureCerts: true, browserName: firefox, browserVersion: 133.0.3, moz:accessibilityChecks: false, moz:buildID: 20241209150345, moz:debuggerAddress: 127.0.0.1:1095, moz:geckodriverVersion: 0.35.0, moz:headless: false, moz:platformVersion: 10.0, moz:processID: 12224, moz:profile: C:\Users\vamsh\AppData\Loca..., moz:shutdownTimeout: 60000, moz:webdriverClick: true, moz:windowless: false, pageLoadStrategy: normal, platformName: windows, proxy: Proxy(), se:cdp: ws://127.0.0.1:1095/devtool..., se:cdpVersion: 85.0, setWindowRect: true, strictFileInteractability: false, timeouts: {implicit: 0, pageLoad: 300000, script: 30000}, unhandledPromptBehavior: dismiss and notify, userAgent: Mozilla/5.0 (Windows NT 10....}
Session ID: c87ef1a5-ed54-40a4-8896-b7f4ea5ac86c
	at java.base/jdk.internal.reflect.DirectConstructorHandleAccessor.newInstance(DirectConstructorHandleAccessor.java:62)
	at java.base/java.lang.reflect.Constructor.newInstanceWithCaller(Constructor.java:502)
	at java.base/java.lang.reflect.Constructor.newInstance(Constructor.java:486)
	at org.openqa.selenium.remote.ErrorCodec.decode(ErrorCodec.java:167)
	at org.openqa.selenium.remote.codec.w3c.W3CHttpResponseCodec.decode(W3CHttpResponseCodec.java:138)
	at org.openqa.selenium.remote.codec.w3c.W3CHttpResponseCodec.decode(W3CHttpResponseCodec.java:50)
	at org.openqa.selenium.remote.HttpCommandExecutor.execute(HttpCommandExecutor.java:190)
	at org.openqa.selenium.remote.service.DriverCommandExecutor.invokeExecute(DriverCommandExecutor.java:216)
	at org.openqa.selenium.remote.service.DriverCommandExecutor.execute(DriverCommandExecutor.java:174)
	at org.openqa.selenium.remote.RemoteWebDriver.execute(RemoteWebDriver.java:545)
	at org.openqa.selenium.remote.RemoteWebDriver.execute(RemoteWebDriver.java:618)
	at org.openqa.selenium.remote.RemoteWebDriver.execute(RemoteWebDriver.java:622)
	at org.openqa.selenium.remote.RemoteWebDriver$RemoteTargetLocator.alert(RemoteWebDriver.java:1190)
	at PageObjects.IntroductionPage.getAlertText(IntroductionPage.java:134)
	at StepDefinitions.Tree.the_user_see_error_msg_in_alert_window(Tree.java:113)
	at ✽.The user see error msg in alert window(file:///C:/Projects/newFolder-3/Repo1/src/test/resources/Features/Tree.feature:279)
&amp#27;[0m
[ERROR] 2024-12-17 12:13:01.761 [TestNG-PoolService-3] Hooks - ======================  TEST CASE FAILED !! ======================

    Embedding screenshot [image/png 37860 bytes]

[INFO ] 2024-12-17 12:13:01.804 [TestNG-PoolService-3] Hooks - ======================  Screenshot is captured  ======================
[INFO ] 2024-12-17 12:13:01.804 [TestNG-PoolService-3] Hooks - ======================  Test Execution is completed!! ======================
]]></system-out>
  </testcase>
  <testcase name="runScenario[&quot;Try Here Editor page with invalid data&quot;, &quot;Tree&quot;](195)" classname="TestRunners.TestRunner" time="0.779">
    <system-out><![CDATA[
Scenario: Binary Tree Traversals                                      &amp#27;[90m# src/test/resources/Features/Tree.feature:281&amp#27;[0m
]]></system-out>
  </testcase>
  <testcase name="runScenario[&quot;Binary Tree Traversals&quot;, &quot;Tree&quot;](196)" classname="TestRunners.TestRunner" time="5.705">
    <system-out><![CDATA[
Scenario: Implementation of Binary Trees                             &amp#27;[90m# src/test/resources/Features/Tree.feature:288&amp#27;[0m
  &amp#27;[32mGiven &amp#27;[0m&amp#27;[32mThe user is on the DS Introduction page as signedIn&amp#27;[0m           &amp#27;[90m# StepDefinitions.DSIntroductionDetails.the_user_is_on_the_ds_introduction_page_as_signed_in()&amp#27;[0m
  &amp#27;[32mAnd &amp#27;[0m&amp#27;[32mUser clicks on Get Started button from Tree panel&amp#27;[0m               &amp#27;[90m# StepDefinitions.Tree.user_clicks_on_get_started_button_from_tree_panel()&amp#27;[0m
  &amp#27;[32mGiven &amp#27;[0m&amp#27;[32mThe user is on the Binary Tree Traversals page&amp#27;[0m                &amp#27;[90m# StepDefinitions.Tree.the_user_is_on_the_binary_tree_traversals_page()&amp#27;[0m
  &amp#27;[32mWhen &amp#27;[0m&amp#27;[32mThe user clicks Implementation of Binary Trees button&amp#27;[0m          &amp#27;[90m# StepDefinitions.Tree.the_user_clicks_implementation_of_binary_trees_button()&amp#27;[0m
  &amp#27;[32mThen &amp#27;[0m&amp#27;[32mThe user is redirected to Implementation of Binary Trees page.&amp#27;[0m &amp#27;[90m# StepDefinitions.Tree.the_user_is_redirected_to_implementation_of_binary_trees_page()&amp#27;[0m
[INFO ] 2024-12-17 12:13:06.827 [TestNG-PoolService-1] Hooks - ======================  Test Execution is completed!! ======================
]]></system-out>
  </testcase>
  <testcase name="runScenario[&quot;Binary Tree Traversals&quot;, &quot;Tree&quot;](196)" classname="TestRunners.TestRunner" time="7.63">
    <system-out><![CDATA[
Scenario: Implementation of Binary Trees                             &amp#27;[90m# src/test/resources/Features/Tree.feature:288&amp#27;[0m
  &amp#27;[32mGiven &amp#27;[0m&amp#27;[32mThe user is on the DS Introduction page as signedIn&amp#27;[0m           &amp#27;[90m# StepDefinitions.DSIntroductionDetails.the_user_is_on_the_ds_introduction_page_as_signed_in()&amp#27;[0m
  &amp#27;[32mGiven &amp#27;[0m&amp#27;[32mThe user is on the DS Introduction page as signedIn&amp#27;[0m          &amp#27;[90m# StepDefinitions.DSIntroductionDetails.the_user_is_on_the_ds_introduction_page_as_signed_in()&amp#27;[0m
  &amp#27;[32mAnd &amp#27;[0m&amp#27;[32mUser clicks on Get Started button from Tree panel&amp#27;[0m               &amp#27;[90m# StepDefinitions.Tree.user_clicks_on_get_started_button_from_tree_panel()&amp#27;[0m
  &amp#27;[32mAnd &amp#27;[0m&amp#27;[32mUser clicks on Get Started button from Tree panel&amp#27;[0m              &amp#27;[90m# StepDefinitions.Tree.user_clicks_on_get_started_button_from_tree_panel()&amp#27;[0m
  &amp#27;[32mGiven &amp#27;[0m&amp#27;[32mThe user is on the Binary Tree Traversals page&amp#27;[0m                &amp#27;[90m# StepDefinitions.Tree.the_user_is_on_the_binary_tree_traversals_page()&amp#27;[0m
  &amp#27;[32mGiven &amp#27;[0m&amp#27;[32mThe user is on the Implementation of Binary Trees page&amp#27;[0m       &amp#27;[90m# StepDefinitions.Tree.the_user_is_on_the_implementation_of_binary_trees_page()&amp#27;[0m
  &amp#27;[32mWhen &amp#27;[0m&amp#27;[32mThe user clicks Implementation of Binary Trees button&amp#27;[0m          &amp#27;[90m# StepDefinitions.Tree.the_user_clicks_implementation_of_binary_trees_button()&amp#27;[0m
  &amp#27;[32mThen &amp#27;[0m&amp#27;[32mThe user is redirected to Implementation of Binary Trees page.&amp#27;[0m &amp#27;[90m# StepDefinitions.Tree.the_user_is_redirected_to_implementation_of_binary_trees_page()&amp#27;[0m
[INFO ] 2024-12-17 12:26:03.106 [TestNG-PoolService-2] Hooks - ======================  Test Execution is completed!! ======================
  &amp#27;[32mWhen &amp#27;[0m&amp#27;[32mThe user clicks Try Here button&amp#27;[0m                               &amp#27;[90m# StepDefinitions.Tree.the_user_clicks_try_here_button()&amp#27;[0m
  &amp#27;[32mThen &amp#27;[0m&amp#27;[32mThe user is redirected to a page having Editor and run button&amp#27;[0m &amp#27;[90m# StepDefinitions.Tree.the_user_is_redirected_to_a_page_having_editor_and_run_button()&amp#27;[0m
[INFO ] 2024-12-17 12:26:03.696 [TestNG-PoolService-3] Hooks - ======================  Test Execution is completed!! ======================
]]></system-out>
    <system-err><![CDATA[Dec 17, 2024 12:25:58 PM org.openqa.selenium.devtools.CdpVersionFinder findNearestMatch
WARNING: Unable to find an exact match for CDP version 131, returning the closest version; found: 130; Please update to a Selenium version that supports CDP version 131
Dec 17, 2024 12:25:59 PM org.openqa.selenium.devtools.CdpVersionFinder findNearestMatch
WARNING: Unable to find an exact match for CDP version 131, returning the closest version; found: 130; Please update to a Selenium version that supports CDP version 131
]]></system-err>
  </testcase>
  <testcase name="runScenario[&quot;Implementation of Binary Trees&quot;, &quot;Tree&quot;](197)" classname="TestRunners.TestRunner" time="4.695">
    <system-out><![CDATA[
Scenario: Try Here Editor page with empty code                                &amp#27;[90m# src/test/resources/Features/Tree.feature:294&amp#27;[0m
  &amp#27;[32mGiven &amp#27;[0m&amp#27;[32mThe user is on the DS Introduction page as signedIn&amp#27;[0m          &amp#27;[90m# StepDefinitions.DSIntroductionDetails.the_user_is_on_the_ds_introduction_page_as_signed_in()&amp#27;[0m
  &amp#27;[32mAnd &amp#27;[0m&amp#27;[32mUser clicks on Get Started button from Tree panel&amp#27;[0m              &amp#27;[90m# StepDefinitions.Tree.user_clicks_on_get_started_button_from_tree_panel()&amp#27;[0m
  &amp#27;[32mGiven &amp#27;[0m&amp#27;[32mThe user is on the Implementation of Binary Trees page&amp#27;[0m       &amp#27;[90m# StepDefinitions.Tree.the_user_is_on_the_implementation_of_binary_trees_page()&amp#27;[0m
  &amp#27;[32mWhen &amp#27;[0m&amp#27;[32mThe user clicks Try Here button&amp#27;[0m                               &amp#27;[90m# StepDefinitions.Tree.the_user_clicks_try_here_button()&amp#27;[0m
  &amp#27;[32mThen &amp#27;[0m&amp#27;[32mThe user is redirected to a page having Editor and run button&amp#27;[0m &amp#27;[90m# StepDefinitions.Tree.the_user_is_redirected_to_a_page_having_editor_and_run_button()&amp#27;[0m
[INFO ] 2024-12-17 12:13:11.853 [TestNG-PoolService-3] Hooks - ======================  Test Execution is completed!! ======================
]]></system-out>
  </testcase>
  <testcase name="runScenario[&quot;Implementation of Binary Trees&quot;, &quot;Tree&quot;](197)" classname="TestRunners.TestRunner" time="0.618">
    <system-out><![CDATA[
Scenario: Try Here Editor page with empty code                                &amp#27;[90m# src/test/resources/Features/Tree.feature:294&amp#27;[0m
]]></system-out>
  </testcase>
  <testcase name="runScenario[&quot;Try Here Editor page with empty code&quot;, &quot;Tree&quot;](198)" classname="TestRunners.TestRunner" time="6.298">
    <system-out><![CDATA[
Scenario: Try Here Editor page with valid data                                &amp#27;[90m# src/test/resources/Features/Tree.feature:300&amp#27;[0m
  &amp#27;[32mGiven &amp#27;[0m&amp#27;[32mThe user is on the DS Introduction page as signedIn&amp#27;[0m                   &amp#27;[90m# StepDefinitions.DSIntroductionDetails.the_user_is_on_the_ds_introduction_page_as_signed_in()&amp#27;[0m
  &amp#27;[32mAnd &amp#27;[0m&amp#27;[32mUser clicks on Get Started button from Tree panel&amp#27;[0m                       &amp#27;[90m# StepDefinitions.Tree.user_clicks_on_get_started_button_from_tree_panel()&amp#27;[0m
  &amp#27;[32mGiven &amp#27;[0m&amp#27;[32mThe user is on the editor page of Implementation of Binary Trees page&amp#27;[0m &amp#27;[90m# StepDefinitions.Tree.the_user_is_on_the_editor_page_of_implementation_of_binary_trees_page()&amp#27;[0m
  &amp#27;[32mWhen &amp#27;[0m&amp#27;[32mThe user writes no code inside editor window and clicks on Run button&amp#27;[0m  &amp#27;[90m# StepDefinitions.Tree.the_user_writes_no_code_inside_editor_window_and_clicks_on_run_button()&amp#27;[0m
  &amp#27;[32mThen &amp#27;[0m&amp#27;[32mNothing happens to the Editor page and no error message is displayed&amp#27;[0m   &amp#27;[90m# StepDefinitions.Tree.nothing_happens_to_the_editor_page_and_no_error_message_is_displayed()&amp#27;[0m
[INFO ] 2024-12-17 12:13:18.064 [TestNG-PoolService-1] Hooks - ======================  Test Execution is completed!! ======================
]]></system-out>
  </testcase>
  <testcase name="runScenario[&quot;Try Here Editor page with empty code&quot;, &quot;Tree&quot;](198)" classname="TestRunners.TestRunner" time="7.095">
    <failure message="element not interactable&#10;  (Session info: MicrosoftEdge=131.0.2903.99)&#10;Build info: version: &apos;4.26.0&apos;, revision: &apos;8ccf0219d7&apos;&#10;System info: os.name: &apos;Windows 11&apos;, os.arch: &apos;amd64&apos;, os.version: &apos;10.0&apos;, java.version: &apos;21.0.5&apos;&#10;Driver info: org.openqa.selenium.edge.EdgeDriver&#10;Command: [8b23d94ffe7d90ceed83c000177e653f, sendKeysToElement {value=[Ljava.lang.CharSequence;@27dfa07e, id=f.EDDF1C7CE1EDD7C7EFE70BCEA392F827.d.96C6B3F13B4A31418DF8520496D079C9.e.38}]&#10;Capabilities {acceptInsecureCerts: false, browserName: MicrosoftEdge, browserVersion: 131.0.2903.99, fedcm:accounts: true, ms:edgeOptions: {debuggerAddress: localhost:61837}, msedge: {msedgedriverVersion: 131.0.2903.99 (f96a870b1316..., userDataDir: C:\Users\vamsh\AppData\Loca...}, networkConnectionEnabled: false, pageLoadStrategy: normal, platformName: windows, proxy: Proxy(), se:cdp: ws://localhost:61837/devtoo..., se:cdpVersion: 131.0.2903.99, setWindowRect: true, strictFileInteractability: false, timeouts: {implicit: 0, pageLoad: 300000, script: 30000}, unhandledPromptBehavior: dismiss and notify, webauthn:extension:credBlob: true, webauthn:extension:largeBlob: true, webauthn:extension:minPinLength: true, webauthn:extension:prf: true, webauthn:virtualAuthenticators: true}&#10;Element: [[EdgeDriver: MicrosoftEdge on windows (8b23d94ffe7d90ceed83c000177e653f)] -&gt; css selector: .CodeMirror textarea]&#10;Session ID: 8b23d94ffe7d90ceed83c000177e653f" type="org.openqa.selenium.ElementNotInteractableException"><![CDATA[org.openqa.selenium.ElementNotInteractableException: 
element not interactable
  (Session info: MicrosoftEdge=131.0.2903.99)
Build info: version: '4.26.0', revision: '8ccf0219d7'
System info: os.name: 'Windows 11', os.arch: 'amd64', os.version: '10.0', java.version: '21.0.5'
Driver info: org.openqa.selenium.edge.EdgeDriver
Command: [8b23d94ffe7d90ceed83c000177e653f, sendKeysToElement {value=[Ljava.lang.CharSequence;@27dfa07e, id=f.EDDF1C7CE1EDD7C7EFE70BCEA392F827.d.96C6B3F13B4A31418DF8520496D079C9.e.38}]
Capabilities {acceptInsecureCerts: false, browserName: MicrosoftEdge, browserVersion: 131.0.2903.99, fedcm:accounts: true, ms:edgeOptions: {debuggerAddress: localhost:61837}, msedge: {msedgedriverVersion: 131.0.2903.99 (f96a870b1316..., userDataDir: C:\Users\vamsh\AppData\Loca...}, networkConnectionEnabled: false, pageLoadStrategy: normal, platformName: windows, proxy: Proxy(), se:cdp: ws://localhost:61837/devtoo..., se:cdpVersion: 131.0.2903.99, setWindowRect: true, strictFileInteractability: false, timeouts: {implicit: 0, pageLoad: 300000, script: 30000}, unhandledPromptBehavior: dismiss and notify, webauthn:extension:credBlob: true, webauthn:extension:largeBlob: true, webauthn:extension:minPinLength: true, webauthn:extension:prf: true, webauthn:virtualAuthenticators: true}
Element: [[EdgeDriver: MicrosoftEdge on windows (8b23d94ffe7d90ceed83c000177e653f)] -> css selector: .CodeMirror textarea]
Session ID: 8b23d94ffe7d90ceed83c000177e653f
]]></failure>
    <system-out><![CDATA[
Scenario: Try Here Editor page with valid data                                &amp#27;[90m# src/test/resources/Features/Tree.feature:300&amp#27;[0m
  &amp#27;[32mGiven &amp#27;[0m&amp#27;[32mThe user is on the DS Introduction page as signedIn&amp#27;[0m                   &amp#27;[90m# StepDefinitions.DSIntroductionDetails.the_user_is_on_the_ds_introduction_page_as_signed_in()&amp#27;[0m
  &amp#27;[32mAnd &amp#27;[0m&amp#27;[32mUser clicks on Get Started button from Tree panel&amp#27;[0m                       &amp#27;[90m# StepDefinitions.Tree.user_clicks_on_get_started_button_from_tree_panel()&amp#27;[0m
  &amp#27;[32mGiven &amp#27;[0m&amp#27;[32mThe user is on the DS Introduction page as signedIn&amp#27;[0m                   &amp#27;[90m# StepDefinitions.DSIntroductionDetails.the_user_is_on_the_ds_introduction_page_as_signed_in()&amp#27;[0m
  &amp#27;[32mAnd &amp#27;[0m&amp#27;[32mUser clicks on Get Started button from Tree panel&amp#27;[0m                       &amp#27;[90m# StepDefinitions.Tree.user_clicks_on_get_started_button_from_tree_panel()&amp#27;[0m
  &amp#27;[32mGiven &amp#27;[0m&amp#27;[32mThe user is on the editor page of Implementation of Binary Trees page&amp#27;[0m &amp#27;[90m# StepDefinitions.Tree.the_user_is_on_the_editor_page_of_implementation_of_binary_trees_page()&amp#27;[0m
  &amp#27;[31mWhen &amp#27;[0m&amp#27;[31mThe user writes no code inside editor window and clicks on Run button&amp#27;[0m  &amp#27;[90m# StepDefinitions.Tree.the_user_writes_no_code_inside_editor_window_and_clicks_on_run_button()&amp#27;[0m
      &amp#27;[31morg.openqa.selenium.ElementNotInteractableException: element not interactable
  (Session info: MicrosoftEdge=131.0.2903.99)
Build info: version: '4.26.0', revision: '8ccf0219d7'
System info: os.name: 'Windows 11', os.arch: 'amd64', os.version: '10.0', java.version: '21.0.5'
Driver info: org.openqa.selenium.edge.EdgeDriver
Command: [8b23d94ffe7d90ceed83c000177e653f, sendKeysToElement {value=[Ljava.lang.CharSequence;@27dfa07e, id=f.EDDF1C7CE1EDD7C7EFE70BCEA392F827.d.96C6B3F13B4A31418DF8520496D079C9.e.38}]
Capabilities {acceptInsecureCerts: false, browserName: MicrosoftEdge, browserVersion: 131.0.2903.99, fedcm:accounts: true, ms:edgeOptions: {debuggerAddress: localhost:61837}, msedge: {msedgedriverVersion: 131.0.2903.99 (f96a870b1316..., userDataDir: C:\Users\vamsh\AppData\Loca...}, networkConnectionEnabled: false, pageLoadStrategy: normal, platformName: windows, proxy: Proxy(), se:cdp: ws://localhost:61837/devtoo..., se:cdpVersion: 131.0.2903.99, setWindowRect: true, strictFileInteractability: false, timeouts: {implicit: 0, pageLoad: 300000, script: 30000}, unhandledPromptBehavior: dismiss and notify, webauthn:extension:credBlob: true, webauthn:extension:largeBlob: true, webauthn:extension:minPinLength: true, webauthn:extension:prf: true, webauthn:virtualAuthenticators: true}
Element: [[EdgeDriver: MicrosoftEdge on windows (8b23d94ffe7d90ceed83c000177e653f)] -> css selector: .CodeMirror textarea]
Session ID: 8b23d94ffe7d90ceed83c000177e653f
	at java.base/jdk.internal.reflect.DirectConstructorHandleAccessor.newInstance(DirectConstructorHandleAccessor.java:62)
	at java.base/java.lang.reflect.Constructor.newInstanceWithCaller(Constructor.java:502)
	at java.base/java.lang.reflect.Constructor.newInstance(Constructor.java:486)
	at org.openqa.selenium.remote.ErrorCodec.decode(ErrorCodec.java:167)
	at org.openqa.selenium.remote.codec.w3c.W3CHttpResponseCodec.decode(W3CHttpResponseCodec.java:138)
	at org.openqa.selenium.remote.codec.w3c.W3CHttpResponseCodec.decode(W3CHttpResponseCodec.java:50)
	at org.openqa.selenium.remote.HttpCommandExecutor.execute(HttpCommandExecutor.java:190)
	at org.openqa.selenium.remote.service.DriverCommandExecutor.invokeExecute(DriverCommandExecutor.java:216)
	at org.openqa.selenium.remote.service.DriverCommandExecutor.execute(DriverCommandExecutor.java:174)
	at org.openqa.selenium.remote.RemoteWebDriver.execute(RemoteWebDriver.java:545)
	at org.openqa.selenium.remote.RemoteWebElement.execute(RemoteWebElement.java:223)
	at org.openqa.selenium.remote.RemoteWebElement.sendKeys(RemoteWebElement.java:110)
	at PageObjects.TreePage.writeInTryEditorWindow(TreePage.java:251)
	at StepDefinitions.Tree.the_user_writes_no_code_inside_editor_window_and_clicks_on_run_button(Tree.java:80)
	at ✽.The user writes no code inside editor window and clicks on Run button(file:///C:/Projects/newFolder-3/Repo1/src/test/resources/Features/Tree.feature:297)
&amp#27;[0m
  &amp#27;[36mThen &amp#27;[0m&amp#27;[36mNothing happens to the Editor page and no error message is displayed&amp#27;[0m   &amp#27;[90m# StepDefinitions.Tree.nothing_happens_to_the_editor_page_and_no_error_message_is_displayed()&amp#27;[0m
[ERROR] 2024-12-17 12:26:10.711 [TestNG-PoolService-2] Hooks - ======================  TEST CASE FAILED !! ======================

    Embedding screenshot [image/png 7890 bytes]

[INFO ] 2024-12-17 12:26:10.848 [TestNG-PoolService-2] Hooks - ======================  Screenshot is captured  ======================
[INFO ] 2024-12-17 12:26:10.850 [TestNG-PoolService-2] Hooks - ======================  Test Execution is completed!! ======================
  &amp#27;[32mGiven &amp#27;[0m&amp#27;[32mThe user is on the editor page of Implementation of Binary Trees page&amp#27;[0m &amp#27;[90m# StepDefinitions.Tree.the_user_is_on_the_editor_page_of_implementation_of_binary_trees_page()&amp#27;[0m
]]></system-out>
    <system-err><![CDATA[Dec 17, 2024 12:26:07 PM org.openqa.selenium.devtools.CdpVersionFinder findNearestMatch
WARNING: Unable to find an exact match for CDP version 131, returning the closest version; found: 130; Please update to a Selenium version that supports CDP version 131
Dec 17, 2024 12:26:07 PM org.openqa.selenium.devtools.CdpVersionFinder findNearestMatch
WARNING: Unable to find an exact match for CDP version 131, returning the closest version; found: 130; Please update to a Selenium version that supports CDP version 131
]]></system-err>
  </testcase>
  <testcase name="runScenario[&quot;Try Here Editor page with valid data&quot;, &quot;Tree&quot;](199)" classname="TestRunners.TestRunner" time="6.994">
    <system-out><![CDATA[
Scenario: Try Here Editor page with invalid data                              &amp#27;[90m# src/test/resources/Features/Tree.feature:306&amp#27;[0m
  &amp#27;[32mGiven &amp#27;[0m&amp#27;[32mThe user is on the DS Introduction page as signedIn&amp#27;[0m                   &amp#27;[90m# StepDefinitions.DSIntroductionDetails.the_user_is_on_the_ds_introduction_page_as_signed_in()&amp#27;[0m
  &amp#27;[32mAnd &amp#27;[0m&amp#27;[32mUser clicks on Get Started button from Tree panel&amp#27;[0m                       &amp#27;[90m# StepDefinitions.Tree.user_clicks_on_get_started_button_from_tree_panel()&amp#27;[0m
  &amp#27;[32mGiven &amp#27;[0m&amp#27;[32mThe user is on the editor page of Implementation of Binary Trees page&amp#27;[0m &amp#27;[90m# StepDefinitions.Tree.the_user_is_on_the_editor_page_of_implementation_of_binary_trees_page()&amp#27;[0m
  &amp#27;[32mWhen &amp#27;[0m&amp#27;[32mThe user writes the valid python code and clicks on Run button&amp#27;[0m &amp#27;[90m# StepDefinitions.Tree.the_user_writes_the_valid_python_code_and_clicks_on_run_button()&amp#27;[0m
  &amp#27;[32mThen &amp#27;[0m&amp#27;[32mThe user is able to see the output inside the console.&amp#27;[0m         &amp#27;[90m# StepDefinitions.Tree.the_user_is_able_to_see_the_output_inside_the_console()&amp#27;[0m
[INFO ] 2024-12-17 12:13:24.980 [TestNG-PoolService-2] Hooks - ======================  Test Execution is completed!! ======================
  &amp#27;[32mGiven &amp#27;[0m&amp#27;[32mThe user is on the DS Introduction page as signedIn&amp#27;[0m                   &amp#27;[90m# StepDefinitions.DSIntroductionDetails.the_user_is_on_the_ds_introduction_page_as_signed_in()&amp#27;[0m
  &amp#27;[32mAnd &amp#27;[0m&amp#27;[32mUser clicks on Get Started button from Tree panel&amp#27;[0m                       &amp#27;[90m# StepDefinitions.Tree.user_clicks_on_get_started_button_from_tree_panel()&amp#27;[0m
]]></system-out>
  </testcase>
  <testcase name="runScenario[&quot;Try Here Editor page with invalid data&quot;, &quot;Tree&quot;](200)" classname="TestRunners.TestRunner" time="2.375">
    <system-out><![CDATA[
Scenario: Implementation of Binary Trees                            &amp#27;[90m# src/test/resources/Features/Tree.feature:312&amp#27;[0m
  &amp#27;[32mGiven &amp#27;[0m&amp#27;[32mThe user is on the editor page of Implementation of Binary Trees page&amp#27;[0m &amp#27;[90m# StepDefinitions.Tree.the_user_is_on_the_editor_page_of_implementation_of_binary_trees_page()&amp#27;[0m
  &amp#27;[32mWhen &amp#27;[0m&amp#27;[32mThe user writes the invalid python code and clicks on Run button&amp#27;[0m       &amp#27;[90m# StepDefinitions.Tree.the_user_writes_the_invalid_python_code_and_clicks_on_run_button()&amp#27;[0m
  &amp#27;[32mThen &amp#27;[0m&amp#27;[32mThe user see error msg in alert window&amp#27;[0m                                 &amp#27;[90m# StepDefinitions.Tree.the_user_see_error_msg_in_alert_window()&amp#27;[0m
[INFO ] 2024-12-17 12:13:27.627 [TestNG-PoolService-1] Hooks - ======================  Test Execution is completed!! ======================
]]></system-out>
  </testcase>
  <testcase name="runScenario[&quot;Implementation of Binary Trees&quot;, &quot;Tree&quot;](201)" classname="TestRunners.TestRunner" time="5.899">
    <system-out><![CDATA[
Scenario: Applications of Binary trees                               &amp#27;[90m# src/test/resources/Features/Tree.feature:319&amp#27;[0m
  &amp#27;[32mGiven &amp#27;[0m&amp#27;[32mThe user is on the DS Introduction page as signedIn&amp#27;[0m         &amp#27;[90m# StepDefinitions.DSIntroductionDetails.the_user_is_on_the_ds_introduction_page_as_signed_in()&amp#27;[0m
  &amp#27;[32mAnd &amp#27;[0m&amp#27;[32mUser clicks on Get Started button from Tree panel&amp#27;[0m             &amp#27;[90m# StepDefinitions.Tree.user_clicks_on_get_started_button_from_tree_panel()&amp#27;[0m
  &amp#27;[32mGiven &amp#27;[0m&amp#27;[32mThe user is on the Implementation of Binary Trees page&amp#27;[0m      &amp#27;[90m# StepDefinitions.Tree.the_user_is_on_the_implementation_of_binary_trees_page()&amp#27;[0m
  &amp#27;[32mWhen &amp#27;[0m&amp#27;[32mThe user clicks Applications of Binary trees link&amp#27;[0m            &amp#27;[90m# StepDefinitions.Tree.the_user_clicks_applications_of_binary_trees_link()&amp#27;[0m
  &amp#27;[32mThen &amp#27;[0m&amp#27;[32mThe user is redirected to Applications of Binary trees page.&amp#27;[0m &amp#27;[90m# StepDefinitions.Tree.the_user_is_redirected_to_applications_of_binary_trees_page()&amp#27;[0m
[INFO ] 2024-12-17 12:13:33.279 [TestNG-PoolService-2] Hooks - ======================  Test Execution is completed!! ======================
]]></system-out>
  </testcase>
  <testcase name="runScenario[&quot;Applications of Binary trees&quot;, &quot;Tree&quot;](202)" classname="TestRunners.TestRunner" time="3.162">
    <system-out><![CDATA[
Scenario: Try Here Editor page with empty code                               &amp#27;[90m# src/test/resources/Features/Tree.feature:325&amp#27;[0m
  &amp#27;[32mGiven &amp#27;[0m&amp#27;[32mThe user is on the DS Introduction page as signedIn&amp#27;[0m          &amp#27;[90m# StepDefinitions.DSIntroductionDetails.the_user_is_on_the_ds_introduction_page_as_signed_in()&amp#27;[0m
  &amp#27;[32mAnd &amp#27;[0m&amp#27;[32mUser clicks on Get Started button from Tree panel&amp#27;[0m              &amp#27;[90m# StepDefinitions.Tree.user_clicks_on_get_started_button_from_tree_panel()&amp#27;[0m
  &amp#27;[32mGiven &amp#27;[0m&amp#27;[32mThe user is on the Applications of Binary trees page&amp#27;[0m         &amp#27;[90m# StepDefinitions.Tree.the_user_is_on_the_applications_of_binary_trees_page()&amp#27;[0m
  &amp#27;[32mWhen &amp#27;[0m&amp#27;[32mThe user clicks Try Here button&amp#27;[0m                               &amp#27;[90m# StepDefinitions.Tree.the_user_clicks_try_here_button()&amp#27;[0m
  &amp#27;[32mThen &amp#27;[0m&amp#27;[32mThe user is redirected to a page having Editor and run button&amp#27;[0m &amp#27;[90m# StepDefinitions.Tree.the_user_is_redirected_to_a_page_having_editor_and_run_button()&amp#27;[0m
[INFO ] 2024-12-17 12:13:36.806 [TestNG-PoolService-1] Hooks - ======================  Test Execution is completed!! ======================
]]></system-out>
  </testcase>
  <testcase name="runScenario[&quot;Applications of Binary trees&quot;, &quot;Tree&quot;](202)" classname="TestRunners.TestRunner" time="6.642">
    <system-out><![CDATA[
Scenario: Try Here Editor page with empty code                               &amp#27;[90m# src/test/resources/Features/Tree.feature:325&amp#27;[0m
  &amp#27;[32mGiven &amp#27;[0m&amp#27;[32mThe user is on the DS Introduction page as signedIn&amp#27;[0m          &amp#27;[90m# StepDefinitions.DSIntroductionDetails.the_user_is_on_the_ds_introduction_page_as_signed_in()&amp#27;[0m
  &amp#27;[32mAnd &amp#27;[0m&amp#27;[32mUser clicks on Get Started button from Tree panel&amp#27;[0m              &amp#27;[90m# StepDefinitions.Tree.user_clicks_on_get_started_button_from_tree_panel()&amp#27;[0m
  &amp#27;[32mGiven &amp#27;[0m&amp#27;[32mThe user is on the Applications of Binary trees page&amp#27;[0m         &amp#27;[90m# StepDefinitions.Tree.the_user_is_on_the_applications_of_binary_trees_page()&amp#27;[0m
  &amp#27;[32mGiven &amp#27;[0m&amp#27;[32mThe user is on the DS Introduction page as signedIn&amp#27;[0m                  &amp#27;[90m# StepDefinitions.DSIntroductionDetails.the_user_is_on_the_ds_introduction_page_as_signed_in()&amp#27;[0m
  &amp#27;[32mAnd &amp#27;[0m&amp#27;[32mUser clicks on Get Started button from Tree panel&amp#27;[0m                      &amp#27;[90m# StepDefinitions.Tree.user_clicks_on_get_started_button_from_tree_panel()&amp#27;[0m
  &amp#27;[32mWhen &amp#27;[0m&amp#27;[32mThe user clicks Try Here button&amp#27;[0m                               &amp#27;[90m# StepDefinitions.Tree.the_user_clicks_try_here_button()&amp#27;[0m
  &amp#27;[32mThen &amp#27;[0m&amp#27;[32mThe user is redirected to a page having Editor and run button&amp#27;[0m &amp#27;[90m# StepDefinitions.Tree.the_user_is_redirected_to_a_page_having_editor_and_run_button()&amp#27;[0m
[INFO ] 2024-12-17 12:26:32.619 [TestNG-PoolService-2] Hooks - ======================  Test Execution is completed!! ======================
  &amp#27;[32mGiven &amp#27;[0m&amp#27;[32mThe user is on the editor page of Applications of Binary trees page&amp#27;[0m  &amp#27;[90m# StepDefinitions.Tree.the_user_is_on_the_editor_page_of_applications_of_binary_trees_page()&amp#27;[0m
  &amp#27;[32mWhen &amp#27;[0m&amp#27;[32mThe user writes no code inside editor window and clicks on Run button&amp#27;[0m &amp#27;[90m# StepDefinitions.Tree.the_user_writes_no_code_inside_editor_window_and_clicks_on_run_button()&amp#27;[0m
  &amp#27;[32mThen &amp#27;[0m&amp#27;[32mNothing happens to the Editor page and no error message is displayed&amp#27;[0m  &amp#27;[90m# StepDefinitions.Tree.nothing_happens_to_the_editor_page_and_no_error_message_is_displayed()&amp#27;[0m
[INFO ] 2024-12-17 12:26:33.592 [TestNG-PoolService-1] Hooks - ======================  Test Execution is completed!! ======================
]]></system-out>
    <system-err><![CDATA[Dec 17, 2024 12:26:28 PM org.openqa.selenium.devtools.CdpVersionFinder findNearestMatch
WARNING: Unable to find an exact match for CDP version 131, returning the closest version; found: 130; Please update to a Selenium version that supports CDP version 131
Dec 17, 2024 12:26:30 PM org.openqa.selenium.devtools.CdpVersionFinder findNearestMatch
WARNING: Unable to find an exact match for CDP version 131, returning the closest version; found: 130; Please update to a Selenium version that supports CDP version 131
]]></system-err>
  </testcase>
  <testcase name="runScenario[&quot;Try Here Editor page with empty code&quot;, &quot;Tree&quot;](203)" classname="TestRunners.TestRunner" time="6.31">
    <system-out><![CDATA[
Scenario: Try Here Editor page with valid data                              &amp#27;[90m# src/test/resources/Features/Tree.feature:331&amp#27;[0m
  &amp#27;[32mGiven &amp#27;[0m&amp#27;[32mThe user is on the DS Introduction page as signedIn&amp#27;[0m                  &amp#27;[90m# StepDefinitions.DSIntroductionDetails.the_user_is_on_the_ds_introduction_page_as_signed_in()&amp#27;[0m
  &amp#27;[32mAnd &amp#27;[0m&amp#27;[32mUser clicks on Get Started button from Tree panel&amp#27;[0m                      &amp#27;[90m# StepDefinitions.Tree.user_clicks_on_get_started_button_from_tree_panel()&amp#27;[0m
  &amp#27;[32mGiven &amp#27;[0m&amp#27;[32mThe user is on the editor page of Applications of Binary trees page&amp#27;[0m  &amp#27;[90m# StepDefinitions.Tree.the_user_is_on_the_editor_page_of_applications_of_binary_trees_page()&amp#27;[0m
  &amp#27;[32mWhen &amp#27;[0m&amp#27;[32mThe user writes no code inside editor window and clicks on Run button&amp#27;[0m &amp#27;[90m# StepDefinitions.Tree.the_user_writes_no_code_inside_editor_window_and_clicks_on_run_button()&amp#27;[0m
  &amp#27;[32mThen &amp#27;[0m&amp#27;[32mNothing happens to the Editor page and no error message is displayed&amp#27;[0m  &amp#27;[90m# StepDefinitions.Tree.nothing_happens_to_the_editor_page_and_no_error_message_is_displayed()&amp#27;[0m
[INFO ] 2024-12-17 12:13:42.844 [TestNG-PoolService-2] Hooks - ======================  Test Execution is completed!! ======================
]]></system-out>
  </testcase>
  <testcase name="runScenario[&quot;Try Here Editor page with empty code&quot;, &quot;Tree&quot;](203)" classname="TestRunners.TestRunner" time="0.985">
    <system-out><![CDATA[
Scenario: Try Here Editor page with valid data                              &amp#27;[90m# src/test/resources/Features/Tree.feature:331&amp#27;[0m
]]></system-out>
  </testcase>
  <testcase name="runScenario[&quot;Try Here Editor page with invalid data&quot;, &quot;Tree&quot;](204)" classname="TestRunners.TestRunner" time="7.832">
    <failure message="Build info: version: &apos;4.26.0&apos;, revision: &apos;8ccf0219d7&apos;&#10;System info: os.name: &apos;Windows 11&apos;, os.arch: &apos;amd64&apos;, os.version: &apos;10.0&apos;, java.version: &apos;21.0.5&apos;&#10;Driver info: org.openqa.selenium.firefox.FirefoxDriver&#10;Command: [298ed02d-21ad-44bc-a03b-5ffbc77ae0d5, getAlertText {}]&#10;Capabilities {acceptInsecureCerts: true, browserName: firefox, browserVersion: 133.0.3, moz:accessibilityChecks: false, moz:buildID: 20241209150345, moz:debuggerAddress: 127.0.0.1:19017, moz:geckodriverVersion: 0.35.0, moz:headless: false, moz:platformVersion: 10.0, moz:processID: 26228, moz:profile: C:\Users\vamsh\AppData\Loca..., moz:shutdownTimeout: 60000, moz:webdriverClick: true, moz:windowless: false, pageLoadStrategy: normal, platformName: windows, proxy: Proxy(), se:cdp: ws://127.0.0.1:19017/devtoo..., se:cdpVersion: 85.0, setWindowRect: true, strictFileInteractability: false, timeouts: {implicit: 0, pageLoad: 300000, script: 30000}, unhandledPromptBehavior: dismiss and notify, userAgent: Mozilla/5.0 (Windows NT 10....}&#10;Session ID: 298ed02d-21ad-44bc-a03b-5ffbc77ae0d5" type="org.openqa.selenium.NoAlertPresentException"><![CDATA[org.openqa.selenium.NoAlertPresentException: 
Build info: version: '4.26.0', revision: '8ccf0219d7'
System info: os.name: 'Windows 11', os.arch: 'amd64', os.version: '10.0', java.version: '21.0.5'
Driver info: org.openqa.selenium.firefox.FirefoxDriver
Command: [298ed02d-21ad-44bc-a03b-5ffbc77ae0d5, getAlertText {}]
Capabilities {acceptInsecureCerts: true, browserName: firefox, browserVersion: 133.0.3, moz:accessibilityChecks: false, moz:buildID: 20241209150345, moz:debuggerAddress: 127.0.0.1:19017, moz:geckodriverVersion: 0.35.0, moz:headless: false, moz:platformVersion: 10.0, moz:processID: 26228, moz:profile: C:\Users\vamsh\AppData\Loca..., moz:shutdownTimeout: 60000, moz:webdriverClick: true, moz:windowless: false, pageLoadStrategy: normal, platformName: windows, proxy: Proxy(), se:cdp: ws://127.0.0.1:19017/devtoo..., se:cdpVersion: 85.0, setWindowRect: true, strictFileInteractability: false, timeouts: {implicit: 0, pageLoad: 300000, script: 30000}, unhandledPromptBehavior: dismiss and notify, userAgent: Mozilla/5.0 (Windows NT 10....}
Session ID: 298ed02d-21ad-44bc-a03b-5ffbc77ae0d5
]]></failure>
    <system-out><![CDATA[
Scenario: Try Here Editor page with invalid data                            &amp#27;[90m# src/test/resources/Features/Tree.feature:337&amp#27;[0m
  &amp#27;[32mGiven &amp#27;[0m&amp#27;[32mThe user is on the DS Introduction page as signedIn&amp#27;[0m                 &amp#27;[90m# StepDefinitions.DSIntroductionDetails.the_user_is_on_the_ds_introduction_page_as_signed_in()&amp#27;[0m
  &amp#27;[32mAnd &amp#27;[0m&amp#27;[32mUser clicks on Get Started button from Tree panel&amp#27;[0m                     &amp#27;[90m# StepDefinitions.Tree.user_clicks_on_get_started_button_from_tree_panel()&amp#27;[0m
  &amp#27;[32mGiven &amp#27;[0m&amp#27;[32mThe user is on the editor page of Applications of Binary trees page&amp#27;[0m &amp#27;[90m# StepDefinitions.Tree.the_user_is_on_the_editor_page_of_applications_of_binary_trees_page()&amp#27;[0m
  &amp#27;[32mGiven &amp#27;[0m&amp#27;[32mThe user is on the DS Introduction page as signedIn&amp#27;[0m                 &amp#27;[90m# StepDefinitions.DSIntroductionDetails.the_user_is_on_the_ds_introduction_page_as_signed_in()&amp#27;[0m
  &amp#27;[32mAnd &amp#27;[0m&amp#27;[32mUser clicks on Get Started button from Tree panel&amp#27;[0m                     &amp#27;[90m# StepDefinitions.Tree.user_clicks_on_get_started_button_from_tree_panel()&amp#27;[0m
  &amp#27;[32mGiven &amp#27;[0m&amp#27;[32mThe user is on the editor page of Applications of Binary trees page&amp#27;[0m &amp#27;[90m# StepDefinitions.Tree.the_user_is_on_the_editor_page_of_applications_of_binary_trees_page()&amp#27;[0m
  &amp#27;[32mWhen &amp#27;[0m&amp#27;[32mThe user writes the invalid python code and clicks on Run button&amp#27;[0m     &amp#27;[90m# StepDefinitions.Tree.the_user_writes_the_invalid_python_code_and_clicks_on_run_button()&amp#27;[0m
  &amp#27;[31mThen &amp#27;[0m&amp#27;[31mThe user see error msg in alert window&amp#27;[0m                               &amp#27;[90m# StepDefinitions.Tree.the_user_see_error_msg_in_alert_window()&amp#27;[0m
      &amp#27;[31morg.openqa.selenium.NoAlertPresentException: Build info: version: '4.26.0', revision: '8ccf0219d7'
System info: os.name: 'Windows 11', os.arch: 'amd64', os.version: '10.0', java.version: '21.0.5'
Driver info: org.openqa.selenium.firefox.FirefoxDriver
Command: [298ed02d-21ad-44bc-a03b-5ffbc77ae0d5, getAlertText {}]
Capabilities {acceptInsecureCerts: true, browserName: firefox, browserVersion: 133.0.3, moz:accessibilityChecks: false, moz:buildID: 20241209150345, moz:debuggerAddress: 127.0.0.1:19017, moz:geckodriverVersion: 0.35.0, moz:headless: false, moz:platformVersion: 10.0, moz:processID: 26228, moz:profile: C:\Users\vamsh\AppData\Loca..., moz:shutdownTimeout: 60000, moz:webdriverClick: true, moz:windowless: false, pageLoadStrategy: normal, platformName: windows, proxy: Proxy(), se:cdp: ws://127.0.0.1:19017/devtoo..., se:cdpVersion: 85.0, setWindowRect: true, strictFileInteractability: false, timeouts: {implicit: 0, pageLoad: 300000, script: 30000}, unhandledPromptBehavior: dismiss and notify, userAgent: Mozilla/5.0 (Windows NT 10....}
Session ID: 298ed02d-21ad-44bc-a03b-5ffbc77ae0d5
	at java.base/jdk.internal.reflect.DirectConstructorHandleAccessor.newInstance(DirectConstructorHandleAccessor.java:62)
	at java.base/java.lang.reflect.Constructor.newInstanceWithCaller(Constructor.java:502)
	at java.base/java.lang.reflect.Constructor.newInstance(Constructor.java:486)
	at org.openqa.selenium.remote.ErrorCodec.decode(ErrorCodec.java:167)
	at org.openqa.selenium.remote.codec.w3c.W3CHttpResponseCodec.decode(W3CHttpResponseCodec.java:138)
	at org.openqa.selenium.remote.codec.w3c.W3CHttpResponseCodec.decode(W3CHttpResponseCodec.java:50)
	at org.openqa.selenium.remote.HttpCommandExecutor.execute(HttpCommandExecutor.java:190)
	at org.openqa.selenium.remote.service.DriverCommandExecutor.invokeExecute(DriverCommandExecutor.java:216)
	at org.openqa.selenium.remote.service.DriverCommandExecutor.execute(DriverCommandExecutor.java:174)
	at org.openqa.selenium.remote.RemoteWebDriver.execute(RemoteWebDriver.java:545)
	at org.openqa.selenium.remote.RemoteWebDriver.execute(RemoteWebDriver.java:618)
	at org.openqa.selenium.remote.RemoteWebDriver.execute(RemoteWebDriver.java:622)
	at org.openqa.selenium.remote.RemoteWebDriver$RemoteTargetLocator.alert(RemoteWebDriver.java:1190)
	at PageObjects.IntroductionPage.getAlertText(IntroductionPage.java:134)
	at StepDefinitions.Tree.the_user_see_error_msg_in_alert_window(Tree.java:113)
	at ✽.The user see error msg in alert window(file:///C:/Projects/newFolder-3/Repo1/src/test/resources/Features/Tree.feature:341)
&amp#27;[0m
[ERROR] 2024-12-17 12:13:51.318 [TestNG-PoolService-2] Hooks - ======================  TEST CASE FAILED !! ======================

    Embedding screenshot [image/png 37860 bytes]

[INFO ] 2024-12-17 12:13:51.352 [TestNG-PoolService-2] Hooks - ======================  Screenshot is captured  ======================
[INFO ] 2024-12-17 12:13:51.352 [TestNG-PoolService-2] Hooks - ======================  Test Execution is completed!! ======================
]]></system-out>
  </testcase>
  <testcase name="runScenario[&quot;Applications of Binary trees&quot;, &quot;Tree&quot;](206)" classname="TestRunners.TestRunner" time="4.887">
    <system-out><![CDATA[
Scenario: Binary Search Trees                                        &amp#27;[90m# src/test/resources/Features/Tree.feature:350&amp#27;[0m
  &amp#27;[32mGiven &amp#27;[0m&amp#27;[32mThe user is on the DS Introduction page as signedIn&amp#27;[0m  &amp#27;[90m# StepDefinitions.DSIntroductionDetails.the_user_is_on_the_ds_introduction_page_as_signed_in()&amp#27;[0m
  &amp#27;[32mAnd &amp#27;[0m&amp#27;[32mUser clicks on Get Started button from Tree panel&amp#27;[0m      &amp#27;[90m# StepDefinitions.Tree.user_clicks_on_get_started_button_from_tree_panel()&amp#27;[0m
  &amp#27;[32mGiven &amp#27;[0m&amp#27;[32mThe user is on the Applications of Binary trees page&amp#27;[0m &amp#27;[90m# StepDefinitions.Tree.the_user_is_on_the_applications_of_binary_trees_page()&amp#27;[0m
  &amp#27;[32mWhen &amp#27;[0m&amp#27;[32mThe user clicks Binary Search Trees link&amp#27;[0m              &amp#27;[90m# StepDefinitions.Tree.the_user_clicks_binary_search_trees_link()&amp#27;[0m
  &amp#27;[32mThen &amp#27;[0m&amp#27;[32mThe user is redirected to Binary Search Trees page.&amp#27;[0m   &amp#27;[90m# StepDefinitions.Tree.the_user_is_redirected_to_binary_search_trees_page()&amp#27;[0m
[INFO ] 2024-12-17 12:13:58.285 [TestNG-PoolService-2] Hooks - ======================  Test Execution is completed!! ======================
]]></system-out>
  </testcase>
  <testcase name="runScenario[&quot;Binary Search Trees&quot;, &quot;Tree&quot;](207)" classname="TestRunners.TestRunner" time="4.71">
    <system-out><![CDATA[
Scenario: Try Here Editor page with empty code                               &amp#27;[90m# src/test/resources/Features/Tree.feature:356&amp#27;[0m
  &amp#27;[32mGiven &amp#27;[0m&amp#27;[32mThe user is on the DS Introduction page as signedIn&amp#27;[0m          &amp#27;[90m# StepDefinitions.DSIntroductionDetails.the_user_is_on_the_ds_introduction_page_as_signed_in()&amp#27;[0m
  &amp#27;[32mAnd &amp#27;[0m&amp#27;[32mUser clicks on Get Started button from Tree panel&amp#27;[0m              &amp#27;[90m# StepDefinitions.Tree.user_clicks_on_get_started_button_from_tree_panel()&amp#27;[0m
  &amp#27;[32mGiven &amp#27;[0m&amp#27;[32mThe user is on the Binary Search Trees page&amp#27;[0m                  &amp#27;[90m# StepDefinitions.Tree.the_user_is_on_the_binary_search_trees_page()&amp#27;[0m
  &amp#27;[32mWhen &amp#27;[0m&amp#27;[32mThe user clicks Try Here button&amp#27;[0m                               &amp#27;[90m# StepDefinitions.Tree.the_user_clicks_try_here_button()&amp#27;[0m
  &amp#27;[32mThen &amp#27;[0m&amp#27;[32mThe user is redirected to a page having Editor and run button&amp#27;[0m &amp#27;[90m# StepDefinitions.Tree.the_user_is_redirected_to_a_page_having_editor_and_run_button()&amp#27;[0m
[INFO ] 2024-12-17 12:14:02.952 [TestNG-PoolService-3] Hooks - ======================  Test Execution is completed!! ======================
]]></system-out>
  </testcase>
  <testcase name="runScenario[&quot;Try Here Editor page with empty code&quot;, &quot;Tree&quot;](208)" classname="TestRunners.TestRunner" time="5.101">
    <system-out><![CDATA[
Scenario: Try Here Editor page with valid data                        &amp#27;[90m# src/test/resources/Features/Tree.feature:362&amp#27;[0m
  &amp#27;[32mGiven &amp#27;[0m&amp#27;[32mThe user is on the DS Introduction page as signedIn&amp#27;[0m                  &amp#27;[90m# StepDefinitions.DSIntroductionDetails.the_user_is_on_the_ds_introduction_page_as_signed_in()&amp#27;[0m
  &amp#27;[32mAnd &amp#27;[0m&amp#27;[32mUser clicks on Get Started button from Tree panel&amp#27;[0m                      &amp#27;[90m# StepDefinitions.Tree.user_clicks_on_get_started_button_from_tree_panel()&amp#27;[0m
  &amp#27;[32mGiven &amp#27;[0m&amp#27;[32mThe user is on the editor page of Binary Search Trees page&amp#27;[0m           &amp#27;[90m# StepDefinitions.Tree.the_user_is_on_the_editor_page_of_binary_search_trees_page()&amp#27;[0m
  &amp#27;[32mWhen &amp#27;[0m&amp#27;[32mThe user writes no code inside editor window and clicks on Run button&amp#27;[0m &amp#27;[90m# StepDefinitions.Tree.the_user_writes_no_code_inside_editor_window_and_clicks_on_run_button()&amp#27;[0m
  &amp#27;[32mThen &amp#27;[0m&amp#27;[32mNothing happens to the Editor page and no error message is displayed&amp#27;[0m  &amp#27;[90m# StepDefinitions.Tree.nothing_happens_to_the_editor_page_and_no_error_message_is_displayed()&amp#27;[0m
[INFO ] 2024-12-17 12:14:08.107 [TestNG-PoolService-2] Hooks - ======================  Test Execution is completed!! ======================
]]></system-out>
  </testcase>
  <testcase name="runScenario[&quot;Try Here Editor page with valid data&quot;, &quot;Tree&quot;](209)" classname="TestRunners.TestRunner" time="8.047">
    <system-out><![CDATA[
Scenario: Try Here Editor page with invalid data                        &amp#27;[90m# src/test/resources/Features/Tree.feature:368&amp#27;[0m
  &amp#27;[32mGiven &amp#27;[0m&amp#27;[32mThe user is on the DS Introduction page as signedIn&amp#27;[0m           &amp#27;[90m# StepDefinitions.DSIntroductionDetails.the_user_is_on_the_ds_introduction_page_as_signed_in()&amp#27;[0m
  &amp#27;[32mAnd &amp#27;[0m&amp#27;[32mUser clicks on Get Started button from Tree panel&amp#27;[0m               &amp#27;[90m# StepDefinitions.Tree.user_clicks_on_get_started_button_from_tree_panel()&amp#27;[0m
  &amp#27;[32mGiven &amp#27;[0m&amp#27;[32mThe user is on the editor page of Binary Search Trees page&amp#27;[0m    &amp#27;[90m# StepDefinitions.Tree.the_user_is_on_the_editor_page_of_binary_search_trees_page()&amp#27;[0m
  &amp#27;[32mWhen &amp#27;[0m&amp#27;[32mThe user writes the valid python code and clicks on Run button&amp#27;[0m       &amp#27;[90m# StepDefinitions.Tree.the_user_writes_the_valid_python_code_and_clicks_on_run_button()&amp#27;[0m
  &amp#27;[32mThen &amp#27;[0m&amp#27;[32mThe user is able to see the output inside the console.&amp#27;[0m               &amp#27;[90m# StepDefinitions.Tree.the_user_is_able_to_see_the_output_inside_the_console()&amp#27;[0m
[INFO ] 2024-12-17 12:14:16.404 [TestNG-PoolService-1] Hooks - ======================  Test Execution is completed!! ======================
  &amp#27;[32mGiven &amp#27;[0m&amp#27;[32mThe user is on the DS Introduction page as signedIn&amp#27;[0m             &amp#27;[90m# StepDefinitions.DSIntroductionDetails.the_user_is_on_the_ds_introduction_page_as_signed_in()&amp#27;[0m
  &amp#27;[32mAnd &amp#27;[0m&amp#27;[32mUser clicks on Get Started button from Tree panel&amp#27;[0m                 &amp#27;[90m# StepDefinitions.Tree.user_clicks_on_get_started_button_from_tree_panel()&amp#27;[0m
]]></system-out>
  </testcase>
  <testcase name="runScenario[&quot;Try Here Editor page with invalid data&quot;, &quot;Tree&quot;](210)" classname="TestRunners.TestRunner" time="2.268">
    <failure message="Build info: version: &apos;4.26.0&apos;, revision: &apos;8ccf0219d7&apos;&#10;System info: os.name: &apos;Windows 11&apos;, os.arch: &apos;amd64&apos;, os.version: &apos;10.0&apos;, java.version: &apos;21.0.5&apos;&#10;Driver info: org.openqa.selenium.firefox.FirefoxDriver&#10;Command: [20d705aa-089b-4719-9d54-a05647a6665b, getAlertText {}]&#10;Capabilities {acceptInsecureCerts: true, browserName: firefox, browserVersion: 133.0.3, moz:accessibilityChecks: false, moz:buildID: 20241209150345, moz:debuggerAddress: 127.0.0.1:9756, moz:geckodriverVersion: 0.35.0, moz:headless: false, moz:platformVersion: 10.0, moz:processID: 22952, moz:profile: C:\Users\vamsh\AppData\Loca..., moz:shutdownTimeout: 60000, moz:webdriverClick: true, moz:windowless: false, pageLoadStrategy: normal, platformName: windows, proxy: Proxy(), se:cdp: ws://127.0.0.1:9756/devtool..., se:cdpVersion: 85.0, setWindowRect: true, strictFileInteractability: false, timeouts: {implicit: 0, pageLoad: 300000, script: 30000}, unhandledPromptBehavior: dismiss and notify, userAgent: Mozilla/5.0 (Windows NT 10....}&#10;Session ID: 20d705aa-089b-4719-9d54-a05647a6665b" type="org.openqa.selenium.NoAlertPresentException"><![CDATA[org.openqa.selenium.NoAlertPresentException: 
Build info: version: '4.26.0', revision: '8ccf0219d7'
System info: os.name: 'Windows 11', os.arch: 'amd64', os.version: '10.0', java.version: '21.0.5'
Driver info: org.openqa.selenium.firefox.FirefoxDriver
Command: [20d705aa-089b-4719-9d54-a05647a6665b, getAlertText {}]
Capabilities {acceptInsecureCerts: true, browserName: firefox, browserVersion: 133.0.3, moz:accessibilityChecks: false, moz:buildID: 20241209150345, moz:debuggerAddress: 127.0.0.1:9756, moz:geckodriverVersion: 0.35.0, moz:headless: false, moz:platformVersion: 10.0, moz:processID: 22952, moz:profile: C:\Users\vamsh\AppData\Loca..., moz:shutdownTimeout: 60000, moz:webdriverClick: true, moz:windowless: false, pageLoadStrategy: normal, platformName: windows, proxy: Proxy(), se:cdp: ws://127.0.0.1:9756/devtool..., se:cdpVersion: 85.0, setWindowRect: true, strictFileInteractability: false, timeouts: {implicit: 0, pageLoad: 300000, script: 30000}, unhandledPromptBehavior: dismiss and notify, userAgent: Mozilla/5.0 (Windows NT 10....}
Session ID: 20d705aa-089b-4719-9d54-a05647a6665b
]]></failure>
    <system-out><![CDATA[
Scenario: Binary Search Trees                                &amp#27;[90m# src/test/resources/Features/Tree.feature:374&amp#27;[0m
  &amp#27;[32mGiven &amp#27;[0m&amp#27;[32mThe user is on the editor page of Binary Search Trees page&amp#27;[0m      &amp#27;[90m# StepDefinitions.Tree.the_user_is_on_the_editor_page_of_binary_search_trees_page()&amp#27;[0m
  &amp#27;[32mWhen &amp#27;[0m&amp#27;[32mThe user writes the invalid python code and clicks on Run button&amp#27;[0m &amp#27;[90m# StepDefinitions.Tree.the_user_writes_the_invalid_python_code_and_clicks_on_run_button()&amp#27;[0m
  &amp#27;[31mThen &amp#27;[0m&amp#27;[31mThe user see error msg in alert window&amp#27;[0m                           &amp#27;[90m# StepDefinitions.Tree.the_user_see_error_msg_in_alert_window()&amp#27;[0m
      &amp#27;[31morg.openqa.selenium.NoAlertPresentException: Build info: version: '4.26.0', revision: '8ccf0219d7'
System info: os.name: 'Windows 11', os.arch: 'amd64', os.version: '10.0', java.version: '21.0.5'
Driver info: org.openqa.selenium.firefox.FirefoxDriver
Command: [20d705aa-089b-4719-9d54-a05647a6665b, getAlertText {}]
Capabilities {acceptInsecureCerts: true, browserName: firefox, browserVersion: 133.0.3, moz:accessibilityChecks: false, moz:buildID: 20241209150345, moz:debuggerAddress: 127.0.0.1:9756, moz:geckodriverVersion: 0.35.0, moz:headless: false, moz:platformVersion: 10.0, moz:processID: 22952, moz:profile: C:\Users\vamsh\AppData\Loca..., moz:shutdownTimeout: 60000, moz:webdriverClick: true, moz:windowless: false, pageLoadStrategy: normal, platformName: windows, proxy: Proxy(), se:cdp: ws://127.0.0.1:9756/devtool..., se:cdpVersion: 85.0, setWindowRect: true, strictFileInteractability: false, timeouts: {implicit: 0, pageLoad: 300000, script: 30000}, unhandledPromptBehavior: dismiss and notify, userAgent: Mozilla/5.0 (Windows NT 10....}
Session ID: 20d705aa-089b-4719-9d54-a05647a6665b
	at java.base/jdk.internal.reflect.DirectConstructorHandleAccessor.newInstance(DirectConstructorHandleAccessor.java:62)
	at java.base/java.lang.reflect.Constructor.newInstanceWithCaller(Constructor.java:502)
	at java.base/java.lang.reflect.Constructor.newInstance(Constructor.java:486)
	at org.openqa.selenium.remote.ErrorCodec.decode(ErrorCodec.java:167)
	at org.openqa.selenium.remote.codec.w3c.W3CHttpResponseCodec.decode(W3CHttpResponseCodec.java:138)
	at org.openqa.selenium.remote.codec.w3c.W3CHttpResponseCodec.decode(W3CHttpResponseCodec.java:50)
	at org.openqa.selenium.remote.HttpCommandExecutor.execute(HttpCommandExecutor.java:190)
	at org.openqa.selenium.remote.service.DriverCommandExecutor.invokeExecute(DriverCommandExecutor.java:216)
	at org.openqa.selenium.remote.service.DriverCommandExecutor.execute(DriverCommandExecutor.java:174)
	at org.openqa.selenium.remote.RemoteWebDriver.execute(RemoteWebDriver.java:545)
	at org.openqa.selenium.remote.RemoteWebDriver.execute(RemoteWebDriver.java:618)
	at org.openqa.selenium.remote.RemoteWebDriver.execute(RemoteWebDriver.java:622)
	at org.openqa.selenium.remote.RemoteWebDriver$RemoteTargetLocator.alert(RemoteWebDriver.java:1190)
	at PageObjects.IntroductionPage.getAlertText(IntroductionPage.java:134)
	at StepDefinitions.Tree.the_user_see_error_msg_in_alert_window(Tree.java:113)
	at ✽.The user see error msg in alert window(file:///C:/Projects/newFolder-3/Repo1/src/test/resources/Features/Tree.feature:372)
&amp#27;[0m
[ERROR] 2024-12-17 12:14:18.536 [TestNG-PoolService-2] Hooks - ======================  TEST CASE FAILED !! ======================

    Embedding screenshot [image/png 37860 bytes]

[INFO ] 2024-12-17 12:14:18.585 [TestNG-PoolService-2] Hooks - ======================  Screenshot is captured  ======================
[INFO ] 2024-12-17 12:14:18.585 [TestNG-PoolService-2] Hooks - ======================  Test Execution is completed!! ======================
]]></system-out>
  </testcase>
  <testcase name="runScenario[&quot;Binary Search Trees&quot;, &quot;Tree&quot;](211)" classname="TestRunners.TestRunner" time="6.777">
    <system-out><![CDATA[
Scenario: Implementation Of BST                                      &amp#27;[90m# src/test/resources/Features/Tree.feature:381&amp#27;[0m
  &amp#27;[32mGiven &amp#27;[0m&amp#27;[32mThe user is on the DS Introduction page as signedIn&amp#27;[0m  &amp#27;[90m# StepDefinitions.DSIntroductionDetails.the_user_is_on_the_ds_introduction_page_as_signed_in()&amp#27;[0m
  &amp#27;[32mAnd &amp#27;[0m&amp#27;[32mUser clicks on Get Started button from Tree panel&amp#27;[0m      &amp#27;[90m# StepDefinitions.Tree.user_clicks_on_get_started_button_from_tree_panel()&amp#27;[0m
  &amp#27;[32mGiven &amp#27;[0m&amp#27;[32mThe user is on the Binary Search Trees page&amp#27;[0m          &amp#27;[90m# StepDefinitions.Tree.the_user_is_on_the_binary_search_trees_page()&amp#27;[0m
  &amp#27;[32mWhen &amp#27;[0m&amp#27;[32mThe user clicks Implementation Of BST link&amp#27;[0m            &amp#27;[90m# StepDefinitions.Tree.the_user_clicks_implementation_of_bst_link()&amp#27;[0m
  &amp#27;[32mThen &amp#27;[0m&amp#27;[32mThe user is redirected to Implementation Of BST page.&amp#27;[0m &amp#27;[90m# StepDefinitions.Tree.the_user_is_redirected_to_implementation_of_bst_page()&amp#27;[0m
[INFO ] 2024-12-17 12:14:24.653 [TestNG-PoolService-1] Hooks - ======================  Test Execution is completed!! ======================
]]></system-out>
  </testcase>
  <testcase name="runScenario[&quot;Binary Search Trees&quot;, &quot;Tree&quot;](211)" classname="TestRunners.TestRunner" time="0.429">
    <system-out><![CDATA[
Scenario: Implementation Of BST                                      &amp#27;[90m# src/test/resources/Features/Tree.feature:381&amp#27;[0m
]]></system-out>
  </testcase>
  <testcase name="runScenario[&quot;Implementation Of BST&quot;, &quot;Tree&quot;](212)" classname="TestRunners.TestRunner" time="2.961">
    <system-out><![CDATA[
Scenario: Try Here Editor page with empty code                               &amp#27;[90m# src/test/resources/Features/Tree.feature:387&amp#27;[0m
  &amp#27;[32mGiven &amp#27;[0m&amp#27;[32mThe user is on the DS Introduction page as signedIn&amp#27;[0m          &amp#27;[90m# StepDefinitions.DSIntroductionDetails.the_user_is_on_the_ds_introduction_page_as_signed_in()&amp#27;[0m
  &amp#27;[32mAnd &amp#27;[0m&amp#27;[32mUser clicks on Get Started button from Tree panel&amp#27;[0m              &amp#27;[90m# StepDefinitions.Tree.user_clicks_on_get_started_button_from_tree_panel()&amp#27;[0m
  &amp#27;[32mGiven &amp#27;[0m&amp#27;[32mThe user is on the Implementation Of BST page&amp#27;[0m                &amp#27;[90m# StepDefinitions.Tree.the_user_is_on_the_implementation_of_bst_page()&amp#27;[0m
  &amp#27;[32mWhen &amp#27;[0m&amp#27;[32mThe user clicks Try Here button&amp#27;[0m                               &amp#27;[90m# StepDefinitions.Tree.the_user_clicks_try_here_button()&amp#27;[0m
  &amp#27;[32mThen &amp#27;[0m&amp#27;[32mThe user is redirected to a page having Editor and run button&amp#27;[0m &amp#27;[90m# StepDefinitions.Tree.the_user_is_redirected_to_a_page_having_editor_and_run_button()&amp#27;[0m
[INFO ] 2024-12-17 12:14:28.365 [TestNG-PoolService-2] Hooks - ======================  Test Execution is completed!! ======================
]]></system-out>
  </testcase>
  <testcase name="runScenario[&quot;Try Here Editor page with empty code&quot;, &quot;Tree&quot;](213)" classname="TestRunners.TestRunner" time="6.824">
    <system-out><![CDATA[
Scenario: Try Here Editor page with valid data                        &amp#27;[90m# src/test/resources/Features/Tree.feature:393&amp#27;[0m
  &amp#27;[32mGiven &amp#27;[0m&amp#27;[32mThe user is on the DS Introduction page as signedIn&amp#27;[0m                  &amp#27;[90m# StepDefinitions.DSIntroductionDetails.the_user_is_on_the_ds_introduction_page_as_signed_in()&amp#27;[0m
  &amp#27;[32mAnd &amp#27;[0m&amp#27;[32mUser clicks on Get Started button from Tree panel&amp#27;[0m                      &amp#27;[90m# StepDefinitions.Tree.user_clicks_on_get_started_button_from_tree_panel()&amp#27;[0m
  &amp#27;[32mGiven &amp#27;[0m&amp#27;[32mThe user is on the editor page of Implementation Of BST page&amp#27;[0m         &amp#27;[90m# StepDefinitions.Tree.the_user_is_on_the_editor_page_of_implementation_of_bst_page()&amp#27;[0m
  &amp#27;[32mWhen &amp#27;[0m&amp#27;[32mThe user writes no code inside editor window and clicks on Run button&amp#27;[0m &amp#27;[90m# StepDefinitions.Tree.the_user_writes_no_code_inside_editor_window_and_clicks_on_run_button()&amp#27;[0m
  &amp#27;[32mThen &amp#27;[0m&amp#27;[32mNothing happens to the Editor page and no error message is displayed&amp#27;[0m  &amp#27;[90m# StepDefinitions.Tree.nothing_happens_to_the_editor_page_and_no_error_message_is_displayed()&amp#27;[0m
[INFO ] 2024-12-17 12:14:34.889 [TestNG-PoolService-1] Hooks - ======================  Test Execution is completed!! ======================
  &amp#27;[32mGiven &amp#27;[0m&amp#27;[32mThe user is on the DS Introduction page as signedIn&amp#27;[0m           &amp#27;[90m# StepDefinitions.DSIntroductionDetails.the_user_is_on_the_ds_introduction_page_as_signed_in()&amp#27;[0m
]]></system-out>
  </testcase>
  <testcase name="runScenario[&quot;Try Here Editor page with invalid data&quot;, &quot;Tree&quot;](214)" classname="TestRunners.TestRunner" time="7.91">
    <failure message="Build info: version: &apos;4.26.0&apos;, revision: &apos;8ccf0219d7&apos;&#10;System info: os.name: &apos;Windows 11&apos;, os.arch: &apos;amd64&apos;, os.version: &apos;10.0&apos;, java.version: &apos;21.0.5&apos;&#10;Driver info: org.openqa.selenium.firefox.FirefoxDriver&#10;Command: [5386790b-3e09-46f0-aa8d-38474be79da2, getAlertText {}]&#10;Capabilities {acceptInsecureCerts: true, browserName: firefox, browserVersion: 133.0.3, moz:accessibilityChecks: false, moz:buildID: 20241209150345, moz:debuggerAddress: 127.0.0.1:45107, moz:geckodriverVersion: 0.35.0, moz:headless: false, moz:platformVersion: 10.0, moz:processID: 24476, moz:profile: C:\Users\vamsh\AppData\Loca..., moz:shutdownTimeout: 60000, moz:webdriverClick: true, moz:windowless: false, pageLoadStrategy: normal, platformName: windows, proxy: Proxy(), se:cdp: ws://127.0.0.1:45107/devtoo..., se:cdpVersion: 85.0, setWindowRect: true, strictFileInteractability: false, timeouts: {implicit: 0, pageLoad: 300000, script: 30000}, unhandledPromptBehavior: dismiss and notify, userAgent: Mozilla/5.0 (Windows NT 10....}&#10;Session ID: 5386790b-3e09-46f0-aa8d-38474be79da2" type="org.openqa.selenium.NoAlertPresentException"><![CDATA[org.openqa.selenium.NoAlertPresentException: 
Build info: version: '4.26.0', revision: '8ccf0219d7'
System info: os.name: 'Windows 11', os.arch: 'amd64', os.version: '10.0', java.version: '21.0.5'
Driver info: org.openqa.selenium.firefox.FirefoxDriver
Command: [5386790b-3e09-46f0-aa8d-38474be79da2, getAlertText {}]
Capabilities {acceptInsecureCerts: true, browserName: firefox, browserVersion: 133.0.3, moz:accessibilityChecks: false, moz:buildID: 20241209150345, moz:debuggerAddress: 127.0.0.1:45107, moz:geckodriverVersion: 0.35.0, moz:headless: false, moz:platformVersion: 10.0, moz:processID: 24476, moz:profile: C:\Users\vamsh\AppData\Loca..., moz:shutdownTimeout: 60000, moz:webdriverClick: true, moz:windowless: false, pageLoadStrategy: normal, platformName: windows, proxy: Proxy(), se:cdp: ws://127.0.0.1:45107/devtoo..., se:cdpVersion: 85.0, setWindowRect: true, strictFileInteractability: false, timeouts: {implicit: 0, pageLoad: 300000, script: 30000}, unhandledPromptBehavior: dismiss and notify, userAgent: Mozilla/5.0 (Windows NT 10....}
Session ID: 5386790b-3e09-46f0-aa8d-38474be79da2
]]></failure>
    <system-out><![CDATA[
Scenario: Try Here Editor page with invalid data                        &amp#27;[90m# src/test/resources/Features/Tree.feature:399&amp#27;[0m
  &amp#27;[32mAnd &amp#27;[0m&amp#27;[32mUser clicks on Get Started button from Tree panel&amp#27;[0m               &amp#27;[90m# StepDefinitions.Tree.user_clicks_on_get_started_button_from_tree_panel()&amp#27;[0m
  &amp#27;[32mGiven &amp#27;[0m&amp#27;[32mThe user is on the editor page of Implementation Of BST page&amp#27;[0m  &amp#27;[90m# StepDefinitions.Tree.the_user_is_on_the_editor_page_of_implementation_of_bst_page()&amp#27;[0m
  &amp#27;[32mGiven &amp#27;[0m&amp#27;[32mThe user is on the DS Introduction page as signedIn&amp#27;[0m             &amp#27;[90m# StepDefinitions.DSIntroductionDetails.the_user_is_on_the_ds_introduction_page_as_signed_in()&amp#27;[0m
  &amp#27;[32mAnd &amp#27;[0m&amp#27;[32mUser clicks on Get Started button from Tree panel&amp#27;[0m                 &amp#27;[90m# StepDefinitions.Tree.user_clicks_on_get_started_button_from_tree_panel()&amp#27;[0m
  &amp#27;[32mGiven &amp#27;[0m&amp#27;[32mThe user is on the editor page of Implementation Of BST page&amp#27;[0m    &amp#27;[90m# StepDefinitions.Tree.the_user_is_on_the_editor_page_of_implementation_of_bst_page()&amp#27;[0m
  &amp#27;[32mWhen &amp#27;[0m&amp#27;[32mThe user writes the invalid python code and clicks on Run button&amp#27;[0m &amp#27;[90m# StepDefinitions.Tree.the_user_writes_the_invalid_python_code_and_clicks_on_run_button()&amp#27;[0m
  &amp#27;[31mThen &amp#27;[0m&amp#27;[31mThe user see error msg in alert window&amp#27;[0m                           &amp#27;[90m# StepDefinitions.Tree.the_user_see_error_msg_in_alert_window()&amp#27;[0m
      &amp#27;[31morg.openqa.selenium.NoAlertPresentException: Build info: version: '4.26.0', revision: '8ccf0219d7'
System info: os.name: 'Windows 11', os.arch: 'amd64', os.version: '10.0', java.version: '21.0.5'
Driver info: org.openqa.selenium.firefox.FirefoxDriver
Command: [5386790b-3e09-46f0-aa8d-38474be79da2, getAlertText {}]
Capabilities {acceptInsecureCerts: true, browserName: firefox, browserVersion: 133.0.3, moz:accessibilityChecks: false, moz:buildID: 20241209150345, moz:debuggerAddress: 127.0.0.1:45107, moz:geckodriverVersion: 0.35.0, moz:headless: false, moz:platformVersion: 10.0, moz:processID: 24476, moz:profile: C:\Users\vamsh\AppData\Loca..., moz:shutdownTimeout: 60000, moz:webdriverClick: true, moz:windowless: false, pageLoadStrategy: normal, platformName: windows, proxy: Proxy(), se:cdp: ws://127.0.0.1:45107/devtoo..., se:cdpVersion: 85.0, setWindowRect: true, strictFileInteractability: false, timeouts: {implicit: 0, pageLoad: 300000, script: 30000}, unhandledPromptBehavior: dismiss and notify, userAgent: Mozilla/5.0 (Windows NT 10....}
Session ID: 5386790b-3e09-46f0-aa8d-38474be79da2
	at java.base/jdk.internal.reflect.DirectConstructorHandleAccessor.newInstance(DirectConstructorHandleAccessor.java:62)
	at java.base/java.lang.reflect.Constructor.newInstanceWithCaller(Constructor.java:502)
	at java.base/java.lang.reflect.Constructor.newInstance(Constructor.java:486)
	at org.openqa.selenium.remote.ErrorCodec.decode(ErrorCodec.java:167)
	at org.openqa.selenium.remote.codec.w3c.W3CHttpResponseCodec.decode(W3CHttpResponseCodec.java:138)
	at org.openqa.selenium.remote.codec.w3c.W3CHttpResponseCodec.decode(W3CHttpResponseCodec.java:50)
	at org.openqa.selenium.remote.HttpCommandExecutor.execute(HttpCommandExecutor.java:190)
	at org.openqa.selenium.remote.service.DriverCommandExecutor.invokeExecute(DriverCommandExecutor.java:216)
	at org.openqa.selenium.remote.service.DriverCommandExecutor.execute(DriverCommandExecutor.java:174)
	at org.openqa.selenium.remote.RemoteWebDriver.execute(RemoteWebDriver.java:545)
	at org.openqa.selenium.remote.RemoteWebDriver.execute(RemoteWebDriver.java:618)
	at org.openqa.selenium.remote.RemoteWebDriver.execute(RemoteWebDriver.java:622)
	at org.openqa.selenium.remote.RemoteWebDriver$RemoteTargetLocator.alert(RemoteWebDriver.java:1190)
	at PageObjects.IntroductionPage.getAlertText(IntroductionPage.java:134)
	at StepDefinitions.Tree.the_user_see_error_msg_in_alert_window(Tree.java:113)
	at ✽.The user see error msg in alert window(file:///C:/Projects/newFolder-3/Repo1/src/test/resources/Features/Tree.feature:403)
&amp#27;[0m
[ERROR] 2024-12-17 12:14:43.493 [TestNG-PoolService-1] Hooks - ======================  TEST CASE FAILED !! ======================

    Embedding screenshot [image/png 37860 bytes]

[INFO ] 2024-12-17 12:14:43.526 [TestNG-PoolService-1] Hooks - ======================  Screenshot is captured  ======================
[INFO ] 2024-12-17 12:14:43.526 [TestNG-PoolService-1] Hooks - ======================  Test Execution is completed!! ======================
  &amp#27;[32mWhen &amp#27;[0m&amp#27;[32mThe user writes the valid python code and clicks on Run button&amp#27;[0m &amp#27;[90m# StepDefinitions.Tree.the_user_writes_the_valid_python_code_and_clicks_on_run_button()&amp#27;[0m
  &amp#27;[32mThen &amp#27;[0m&amp#27;[32mThe user is able to see the output inside the console.&amp#27;[0m         &amp#27;[90m# StepDefinitions.Tree.the_user_is_able_to_see_the_output_inside_the_console()&amp#27;[0m
[INFO ] 2024-12-17 12:14:44.052 [TestNG-PoolService-3] Hooks - ======================  Test Execution is completed!! ======================
]]></system-out>
  </testcase>
  <testcase name="runScenario[&quot;Implementation Of BST&quot;, &quot;Tree&quot;](216)" classname="TestRunners.TestRunner" time="6.345">
    <system-out><![CDATA[  &amp#27;[32mGiven &amp#27;[0m&amp#27;[32mThe user is on the DS Introduction page as signedIn&amp#27;[0m &amp#27;[90m# StepDefinitions.DSIntroductionDetails.the_user_is_on_the_ds_introduction_page_as_signed_in()&amp#27;[0m
  &amp#27;[32mAnd &amp#27;[0m&amp#27;[32mUser clicks on Get Started button from Tree panel&amp#27;[0m     &amp#27;[90m# StepDefinitions.Tree.user_clicks_on_get_started_button_from_tree_panel()&amp#27;[0m
  &amp#27;[32mGiven &amp#27;[0m&amp#27;[32mThe user is on the Implementation Of BST page&amp#27;[0m       &amp#27;[90m# StepDefinitions.Tree.the_user_is_on_the_implementation_of_bst_page()&amp#27;[0m
  &amp#27;[32mWhen &amp#27;[0m&amp#27;[32mThe user clicks Practice Questions link&amp#27;[0m              &amp#27;[90m# StepDefinitions.Tree.the_user_clicks_practice_questions_link()&amp#27;[0m
  &amp#27;[32mThen &amp#27;[0m&amp#27;[32mThe user is redirected to Practice Questions page.&amp#27;[0m   &amp#27;[90m# StepDefinitions.Tree.the_user_is_redirected_to_practice_questions_page()&amp#27;[0m
[INFO ] 2024-12-17 12:14:49.861 [TestNG-PoolService-1] Hooks - ======================  Test Execution is completed!! ======================
]]></system-out>
  </testcase>
  <testcase name="runScenario[&quot;Try Here Editor page with valid data&quot;, &quot;Tree&quot;](217)" classname="TestRunners.TestRunner" time="24.346">
    <system-out><![CDATA[  &amp#27;[32mWhen &amp#27;[0m&amp#27;[32mThe user writes the valid python code and clicks on Run button&amp#27;[0m &amp#27;[90m# StepDefinitions.Tree.the_user_writes_the_valid_python_code_and_clicks_on_run_button()&amp#27;[0m
  &amp#27;[32mThen &amp#27;[0m&amp#27;[32mThe user is able to see the output inside the console.&amp#27;[0m         &amp#27;[90m# StepDefinitions.Tree.the_user_is_able_to_see_the_output_inside_the_console()&amp#27;[0m
[INFO ] 2024-12-17 12:15:08.036 [TestNG-PoolService-2] Hooks - ======================  Test Execution is completed!! ======================
]]></system-out>
  </testcase>
  <testcase name="runScenario[&quot;Try Here Editor page with valid data&quot;, &quot;Tree&quot;](217)" classname="TestRunners.TestRunner" time="29.573">
    <system-out><![CDATA[  &amp#27;[32mWhen &amp#27;[0m&amp#27;[32mThe user writes the valid python code and clicks on Run button&amp#27;[0m &amp#27;[90m# StepDefinitions.Tree.the_user_writes_the_valid_python_code_and_clicks_on_run_button()&amp#27;[0m
  &amp#27;[32mThen &amp#27;[0m&amp#27;[32mThe user is able to see the output inside the console.&amp#27;[0m         &amp#27;[90m# StepDefinitions.Tree.the_user_is_able_to_see_the_output_inside_the_console()&amp#27;[0m
[INFO ] 2024-12-17 12:27:41.795 [TestNG-PoolService-3] Hooks - ======================  Test Execution is completed!! ======================
]]></system-out>
  </testcase>
  <testcase name="runScenario[&quot;Validate user can navigate to basic opertaions in lists&quot;, &quot;Array detail page&quot;](10)" classname="TestRunners.TestRunner" time="11.124">
    <system-out><![CDATA[
Scenario: Validate user can navigate to basic opertaions in lists &amp#27;[90m# src/test/resources/Features/ArrayDetailsPage.feature:60&amp#27;[0m
  &amp#27;[32mGiven &amp#27;[0m&amp#27;[32mThe user is on the DS Introduction page as signedIn&amp#27;[0m               &amp#27;[90m# StepDefinitions.DSIntroductionDetails.the_user_is_on_the_ds_introduction_page_as_signed_in()&amp#27;[0m
  &amp#27;[32mGiven &amp#27;[0m&amp#27;[32mThe user is on the DS Introduction page as signedIn&amp#27;[0m                            &amp#27;[90m# StepDefinitions.DSIntroductionDetails.the_user_is_on_the_ds_introduction_page_as_signed_in()&amp#27;[0m
  &amp#27;[32mWhen &amp#27;[0m&amp#27;[32mThe user clicks on Get Started link for array&amp#27;[0m                      &amp#27;[90m# StepDefinitions.ArrayStepDefintions.the_user_clicks_on_get_started_link_for_array()&amp#27;[0m
  &amp#27;[32mGiven &amp#27;[0m&amp#27;[32mThe user is on the DS Introduction page as signedIn&amp#27;[0m       &amp#27;[90m# StepDefinitions.DSIntroductionDetails.the_user_is_on_the_ds_introduction_page_as_signed_in()&amp#27;[0m
  &amp#27;[32mWhen &amp#27;[0m&amp#27;[32mThe user clicks on Get Started link for array&amp#27;[0m                                   &amp#27;[90m# StepDefinitions.ArrayStepDefintions.the_user_clicks_on_get_started_link_for_array()&amp#27;[0m
  &amp#27;[32mGiven &amp#27;[0m&amp#27;[32mThe user is on the Array using list&amp#27;[0m                               &amp#27;[90m# StepDefinitions.ArrayStepDefintions.the_user_is_on_the_array_using_list()&amp#27;[0m
  &amp#27;[32mWhen &amp#27;[0m&amp#27;[32mThe user clicks on Get Started link for array&amp#27;[0m              &amp#27;[90m# StepDefinitions.ArrayStepDefintions.the_user_clicks_on_get_started_link_for_array()&amp#27;[0m
  &amp#27;[32mGiven &amp#27;[0m&amp#27;[32mThe user is on the Array using list&amp#27;[0m                                            &amp#27;[90m# StepDefinitions.ArrayStepDefintions.the_user_is_on_the_array_using_list()&amp#27;[0m
  &amp#27;[32mGiven &amp#27;[0m&amp#27;[32mThe user is on the array details page&amp#27;[0m                     &amp#27;[90m# StepDefinitions.ArrayStepDefintions.the_user_is_on_the_array_details_page()&amp#27;[0m
  &amp#27;[32mWhen &amp#27;[0m&amp#27;[32mThe user click on basic operations in lists&amp#27;[0m                &amp#27;[90m# StepDefinitions.ArrayStepDefintions.the_user_click_on_basic_operations_in_lists()&amp#27;[0m
  &amp#27;[32mThen &amp#27;[0m&amp#27;[32mthe user is navigated to basic opertaions in lists&amp#27;[0m         &amp#27;[90m# StepDefinitions.ArrayStepDefintions.the_user_is_navigated_to_basic_opertaions_in_lists()&amp#27;[0m
[INFO ] 2024-12-17 12:16:07.735 [TestNG-PoolService-3] Hooks - ======================  Test Execution is completed!! ======================
  &amp#27;[32mWhen &amp#27;[0m&amp#27;[32mUser writes valid code and clicks run button&amp#27;[0m                       &amp#27;[90m# StepDefinitions.DSIntroductionDetails.user_writes_valid_code_and_clicks_run_button()&amp#27;[0m
  &amp#27;[32mWhen &amp#27;[0m&amp#27;[32mUser clicks on run button with empty code&amp#27;[0m                                       &amp#27;[90m# StepDefinitions.DSIntroductionDetails.user_clicks_on_run_button_with_empty_code()&amp#27;[0m
  &amp#27;[32mThen &amp#27;[0m&amp#27;[32mThe user should not see any error message or alert&amp#27;[0m                              &amp#27;[90m# StepDefinitions.DSIntroductionDetails.the_user_should_not_see_any_error_message_or_alert()&amp#27;[0m
[INFO ] 2024-12-17 12:16:08.281 [TestNG-PoolService-1] Hooks - ======================  Test Execution is completed!! ======================
  &amp#27;[32mThen &amp#27;[0m&amp#27;[32mThe user should able to see output in the console&amp#27;[0m                  &amp#27;[90m# StepDefinitions.DSIntroductionDetails.the_user_should_able_to_see_output_in_the_console()&amp#27;[0m
[INFO ] 2024-12-17 12:16:08.313 [TestNG-PoolService-2] Hooks - ======================  Test Execution is completed!! ======================
]]></system-out>
    <system-err><![CDATA[Dec 17, 2024 12:15:59 PM org.openqa.selenium.devtools.CdpVersionFinder findNearestMatch
WARNING: Unable to find an exact match for CDP version 131, returning the closest version; found: 130; Please update to a Selenium version that supports CDP version 131
Dec 17, 2024 12:16:01 PM org.openqa.selenium.devtools.CdpVersionFinder findNearestMatch
WARNING: Unable to find an exact match for CDP version 131, returning the closest version; found: 130; Please update to a Selenium version that supports CDP version 131
Dec 17, 2024 12:16:03 PM org.openqa.selenium.devtools.CdpVersionFinder findNearestMatch
WARNING: Unable to find an exact match for CDP version 131, returning the closest version; found: 130; Please update to a Selenium version that supports CDP version 131
]]></system-err>
  </testcase>
  <testcase name="runScenario[&quot;No error message displayed for empty code on try editor for Array using list&quot;, &quot;Array detail page&quot;](11)" classname="TestRunners.TestRunner" time="0.413">
    <system-out><![CDATA[
Scenario: Validate user can Try here link page from Basic operations in lists &amp#27;[90m# src/test/resources/Features/ArrayDetailsPage.feature:65&amp#27;[0m
]]></system-out>
  </testcase>
  <testcase name="runScenario[&quot;Validate user can navigate to applications of array&quot;, &quot;Array detail page&quot;](16)" classname="TestRunners.TestRunner" time="8.335">
    <system-out><![CDATA[
Scenario: Validate user can Try here link page from applications of array &amp#27;[90m# src/test/resources/Features/ArrayDetailsPage.feature:90&amp#27;[0m
  &amp#27;[32mGiven &amp#27;[0m&amp#27;[32mThe user is on the DS Introduction page as signedIn&amp#27;[0m                        &amp#27;[90m# StepDefinitions.DSIntroductionDetails.the_user_is_on_the_ds_introduction_page_as_signed_in()&amp#27;[0m
  &amp#27;[32mWhen &amp#27;[0m&amp#27;[32mThe user clicks on Get Started link for array&amp#27;[0m                               &amp#27;[90m# StepDefinitions.ArrayStepDefintions.the_user_clicks_on_get_started_link_for_array()&amp#27;[0m
  &amp#27;[32mGiven &amp#27;[0m&amp#27;[32mThe user is on the DS Introduction page as signedIn&amp#27;[0m   &amp#27;[90m# StepDefinitions.DSIntroductionDetails.the_user_is_on_the_ds_introduction_page_as_signed_in()&amp#27;[0m
  &amp#27;[32mGiven &amp#27;[0m&amp#27;[32mThe user is on the DS Introduction page as signedIn&amp#27;[0m               &amp#27;[90m# StepDefinitions.DSIntroductionDetails.the_user_is_on_the_ds_introduction_page_as_signed_in()&amp#27;[0m
  &amp#27;[32mGiven &amp#27;[0m&amp#27;[32mThe user is on the Basic operations in lists&amp#27;[0m                               &amp#27;[90m# StepDefinitions.ArrayStepDefintions.the_user_is_on_the_basic_operations_in_lists()&amp#27;[0m
  &amp#27;[32mWhen &amp#27;[0m&amp#27;[32mThe user clicks on Get Started link for array&amp#27;[0m          &amp#27;[90m# StepDefinitions.ArrayStepDefintions.the_user_clicks_on_get_started_link_for_array()&amp#27;[0m
  &amp#27;[32mWhen &amp#27;[0m&amp#27;[32mThe user clicks on Get Started link for array&amp#27;[0m                      &amp#27;[90m# StepDefinitions.ArrayStepDefintions.the_user_clicks_on_get_started_link_for_array()&amp#27;[0m
  &amp#27;[32mGiven &amp#27;[0m&amp#27;[32mThe user is on the array details page&amp#27;[0m                 &amp#27;[90m# StepDefinitions.ArrayStepDefintions.the_user_is_on_the_array_details_page()&amp#27;[0m
  &amp#27;[32mGiven &amp#27;[0m&amp#27;[32mThe user is on the applications of array&amp#27;[0m                          &amp#27;[90m# StepDefinitions.ArrayStepDefintions.the_user_is_on_the_applications_of_array()&amp#27;[0m
  &amp#27;[32mWhen &amp#27;[0m&amp#27;[32mThe user click on applications of array link&amp#27;[0m           &amp#27;[90m# StepDefinitions.ArrayStepDefintions.the_user_click_on_applications_of_array_link()&amp#27;[0m
  &amp#27;[32mThen &amp#27;[0m&amp#27;[32mthe user is navigated to applications of array&amp#27;[0m         &amp#27;[90m# StepDefinitions.ArrayStepDefintions.the_user_is_navigated_to_applications_of_array()&amp#27;[0m
[INFO ] 2024-12-17 12:16:26.475 [TestNG-PoolService-1] Hooks - ======================  Test Execution is completed!! ======================
  &amp#27;[31mWhen &amp#27;[0m&amp#27;[31mUser writes valid code and clicks run button&amp#27;[0m                                &amp#27;[90m# StepDefinitions.DSIntroductionDetails.user_writes_valid_code_and_clicks_run_button()&amp#27;[0m
      &amp#27;[31morg.openqa.selenium.ElementNotInteractableException: element not interactable
  (Session info: MicrosoftEdge=131.0.2903.99)
Build info: version: '4.26.0', revision: '8ccf0219d7'
System info: os.name: 'Windows 11', os.arch: 'amd64', os.version: '10.0', java.version: '21.0.5'
Driver info: org.openqa.selenium.edge.EdgeDriver
Command: [fc65a01f4aa34a2315d8af2e68ccb4c2, sendKeysToElement {value=[Ljava.lang.CharSequence;@5c874efa, id=f.B72C4BA2ABFB1290965A4605FAD60ADC.d.63A766D6A22209DC1E30754308CEBCA5.e.36}]
Capabilities {acceptInsecureCerts: false, browserName: MicrosoftEdge, browserVersion: 131.0.2903.99, fedcm:accounts: true, ms:edgeOptions: {debuggerAddress: localhost:64645}, msedge: {msedgedriverVersion: 131.0.2903.99 (f96a870b1316..., userDataDir: C:\Users\vamsh\AppData\Loca...}, networkConnectionEnabled: false, pageLoadStrategy: normal, platformName: windows, proxy: Proxy(), se:cdp: ws://localhost:64645/devtoo..., se:cdpVersion: 131.0.2903.99, setWindowRect: true, strictFileInteractability: false, timeouts: {implicit: 0, pageLoad: 300000, script: 30000}, unhandledPromptBehavior: dismiss and notify, webauthn:extension:credBlob: true, webauthn:extension:largeBlob: true, webauthn:extension:minPinLength: true, webauthn:extension:prf: true, webauthn:virtualAuthenticators: true}
Element: [[EdgeDriver: MicrosoftEdge on windows (fc65a01f4aa34a2315d8af2e68ccb4c2)] -> css selector: .CodeMirror textarea]
Session ID: fc65a01f4aa34a2315d8af2e68ccb4c2
	at java.base/jdk.internal.reflect.DirectConstructorHandleAccessor.newInstance(DirectConstructorHandleAccessor.java:62)
	at java.base/java.lang.reflect.Constructor.newInstanceWithCaller(Constructor.java:502)
	at java.base/java.lang.reflect.Constructor.newInstance(Constructor.java:486)
	at org.openqa.selenium.remote.ErrorCodec.decode(ErrorCodec.java:167)
	at org.openqa.selenium.remote.codec.w3c.W3CHttpResponseCodec.decode(W3CHttpResponseCodec.java:138)
	at org.openqa.selenium.remote.codec.w3c.W3CHttpResponseCodec.decode(W3CHttpResponseCodec.java:50)
	at org.openqa.selenium.remote.HttpCommandExecutor.execute(HttpCommandExecutor.java:190)
	at org.openqa.selenium.remote.service.DriverCommandExecutor.invokeExecute(DriverCommandExecutor.java:216)
	at org.openqa.selenium.remote.service.DriverCommandExecutor.execute(DriverCommandExecutor.java:174)
	at org.openqa.selenium.remote.RemoteWebDriver.execute(RemoteWebDriver.java:545)
	at org.openqa.selenium.remote.RemoteWebElement.execute(RemoteWebElement.java:223)
	at org.openqa.selenium.remote.RemoteWebElement.sendKeys(RemoteWebElement.java:110)
	at PageObjects.IntroductionPage.enterCodeInEditor(IntroductionPage.java:82)
	at StepDefinitions.DSIntroductionDetails.user_writes_valid_code_and_clicks_run_button(DSIntroductionDetails.java:197)
	at ✽.User writes valid code and clicks run button(file:///C:/Projects/newFolder-3/Repo1/src/test/resources/Features/ArrayDetailsPage.feature:82)
&amp#27;[0m
  &amp#27;[36mThen &amp#27;[0m&amp#27;[36mThe user should able to see output in the console&amp#27;[0m                           &amp#27;[90m# StepDefinitions.DSIntroductionDetails.the_user_should_able_to_see_output_in_the_console()&amp#27;[0m
[ERROR] 2024-12-17 12:16:26.610 [TestNG-PoolService-3] Hooks - ======================  TEST CASE FAILED !! ======================

    Embedding screenshot [image/png 7890 bytes]

[INFO ] 2024-12-17 12:16:26.757 [TestNG-PoolService-3] Hooks - ======================  Screenshot is captured  ======================
[INFO ] 2024-12-17 12:16:26.759 [TestNG-PoolService-3] Hooks - ======================  Test Execution is completed!! ======================
  &amp#27;[32mWhen &amp#27;[0m&amp#27;[32mUser clicks Try here link&amp#27;[0m                                          &amp#27;[90m# StepDefinitions.DSIntroductionDetails.user_clicks_try_here_link()&amp#27;[0m
  &amp#27;[32mThen &amp#27;[0m&amp#27;[32mUser should navigate to tryEditor page&amp#27;[0m                             &amp#27;[90m# StepDefinitions.DSIntroductionDetails.user_should_navigate_to_try_editor_page()&amp#27;[0m
[INFO ] 2024-12-17 12:16:27.174 [TestNG-PoolService-2] Hooks - ======================  Test Execution is completed!! ======================
]]></system-out>
    <system-err><![CDATA[Dec 17, 2024 12:16:21 PM org.openqa.selenium.devtools.CdpVersionFinder findNearestMatch
WARNING: Unable to find an exact match for CDP version 131, returning the closest version; found: 130; Please update to a Selenium version that supports CDP version 131
Dec 17, 2024 12:16:22 PM org.openqa.selenium.devtools.CdpVersionFinder findNearestMatch
WARNING: Unable to find an exact match for CDP version 131, returning the closest version; found: 130; Please update to a Selenium version that supports CDP version 131
Dec 17, 2024 12:16:22 PM org.openqa.selenium.devtools.CdpVersionFinder findNearestMatch
WARNING: Unable to find an exact match for CDP version 131, returning the closest version; found: 130; Please update to a Selenium version that supports CDP version 131
]]></system-err>
  </testcase>
  <testcase name="runScenario[&quot;Valid code on try editor for basic operations in lists runs successfully&quot;, &quot;Array detail page&quot;](17)" classname="TestRunners.TestRunner" time="0.159">
    <failure message="element not interactable&#10;  (Session info: MicrosoftEdge=131.0.2903.99)&#10;Build info: version: &apos;4.26.0&apos;, revision: &apos;8ccf0219d7&apos;&#10;System info: os.name: &apos;Windows 11&apos;, os.arch: &apos;amd64&apos;, os.version: &apos;10.0&apos;, java.version: &apos;21.0.5&apos;&#10;Driver info: org.openqa.selenium.edge.EdgeDriver&#10;Command: [fc65a01f4aa34a2315d8af2e68ccb4c2, sendKeysToElement {value=[Ljava.lang.CharSequence;@5c874efa, id=f.B72C4BA2ABFB1290965A4605FAD60ADC.d.63A766D6A22209DC1E30754308CEBCA5.e.36}]&#10;Capabilities {acceptInsecureCerts: false, browserName: MicrosoftEdge, browserVersion: 131.0.2903.99, fedcm:accounts: true, ms:edgeOptions: {debuggerAddress: localhost:64645}, msedge: {msedgedriverVersion: 131.0.2903.99 (f96a870b1316..., userDataDir: C:\Users\vamsh\AppData\Loca...}, networkConnectionEnabled: false, pageLoadStrategy: normal, platformName: windows, proxy: Proxy(), se:cdp: ws://localhost:64645/devtoo..., se:cdpVersion: 131.0.2903.99, setWindowRect: true, strictFileInteractability: false, timeouts: {implicit: 0, pageLoad: 300000, script: 30000}, unhandledPromptBehavior: dismiss and notify, webauthn:extension:credBlob: true, webauthn:extension:largeBlob: true, webauthn:extension:minPinLength: true, webauthn:extension:prf: true, webauthn:virtualAuthenticators: true}&#10;Element: [[EdgeDriver: MicrosoftEdge on windows (fc65a01f4aa34a2315d8af2e68ccb4c2)] -&gt; css selector: .CodeMirror textarea]&#10;Session ID: fc65a01f4aa34a2315d8af2e68ccb4c2" type="org.openqa.selenium.ElementNotInteractableException"><![CDATA[org.openqa.selenium.ElementNotInteractableException: 
element not interactable
  (Session info: MicrosoftEdge=131.0.2903.99)
Build info: version: '4.26.0', revision: '8ccf0219d7'
System info: os.name: 'Windows 11', os.arch: 'amd64', os.version: '10.0', java.version: '21.0.5'
Driver info: org.openqa.selenium.edge.EdgeDriver
Command: [fc65a01f4aa34a2315d8af2e68ccb4c2, sendKeysToElement {value=[Ljava.lang.CharSequence;@5c874efa, id=f.B72C4BA2ABFB1290965A4605FAD60ADC.d.63A766D6A22209DC1E30754308CEBCA5.e.36}]
Capabilities {acceptInsecureCerts: false, browserName: MicrosoftEdge, browserVersion: 131.0.2903.99, fedcm:accounts: true, ms:edgeOptions: {debuggerAddress: localhost:64645}, msedge: {msedgedriverVersion: 131.0.2903.99 (f96a870b1316..., userDataDir: C:\Users\vamsh\AppData\Loca...}, networkConnectionEnabled: false, pageLoadStrategy: normal, platformName: windows, proxy: Proxy(), se:cdp: ws://localhost:64645/devtoo..., se:cdpVersion: 131.0.2903.99, setWindowRect: true, strictFileInteractability: false, timeouts: {implicit: 0, pageLoad: 300000, script: 30000}, unhandledPromptBehavior: dismiss and notify, webauthn:extension:credBlob: true, webauthn:extension:largeBlob: true, webauthn:extension:minPinLength: true, webauthn:extension:prf: true, webauthn:virtualAuthenticators: true}
Element: [[EdgeDriver: MicrosoftEdge on windows (fc65a01f4aa34a2315d8af2e68ccb4c2)] -> css selector: .CodeMirror textarea]
Session ID: fc65a01f4aa34a2315d8af2e68ccb4c2
]]></failure>
    <system-out><![CDATA[
Scenario: Error message displayed for invalid code on try Editor for applications of array &amp#27;[90m# src/test/resources/Features/ArrayDetailsPage.feature:95&amp#27;[0m
]]></system-out>
  </testcase>
  <testcase name="runScenario[&quot;validate user able to navigate to practice question page for max consecutive ones question&quot;, &quot;Array detail page&quot;](24)" classname="TestRunners.TestRunner" time="0.222">
    <system-out><![CDATA[
Scenario Outline: Validate user is able to run the code in tryEditor for Search the array link                            &amp#27;[90m# src/test/resources/Features/ArrayDetailsPage.feature:136&amp#27;[0m
]]></system-out>
  </testcase>
  <testcase name="runScenario[&quot;Validate user can navigate to Graph Representations page&quot;, &quot;Title of your feature&quot;](52)" classname="TestRunners.TestRunner" time="1.396">
    <system-out><![CDATA[
Scenario: Validate user can click on Try here link from graph representations page &amp#27;[90m# src/test/resources/Features/GraphHomepage.feature:41&amp#27;[0m
  &amp#27;[32mWhen &amp#27;[0m&amp#27;[32mThe user click on graph representations link&amp#27;[0m                &amp#27;[90m# StepDefinitions.GraphStepDefintions.the_user_click_on_graph_representations_link()&amp#27;[0m
  &amp#27;[32mThen &amp#27;[0m&amp#27;[32mthe user is navigated to graph representations page&amp#27;[0m         &amp#27;[90m# StepDefinitions.GraphStepDefintions.the_user_is_navigated_to_graph_representations_page()&amp#27;[0m
[INFO ] 2024-12-17 12:18:15.664 [TestNG-PoolService-2] Hooks - ======================  Test Execution is completed!! ======================
  &amp#27;[32mWhen &amp#27;[0m&amp#27;[32mUser writes valid code and clicks run button&amp#27;[0m             &amp#27;[90m# StepDefinitions.DSIntroductionDetails.user_writes_valid_code_and_clicks_run_button()&amp#27;[0m
  &amp#27;[32mThen &amp#27;[0m&amp#27;[32mThe user should able to see output in the console&amp#27;[0m        &amp#27;[90m# StepDefinitions.DSIntroductionDetails.the_user_should_able_to_see_output_in_the_console()&amp#27;[0m
[INFO ] 2024-12-17 12:18:16.172 [TestNG-PoolService-3] Hooks - ======================  Test Execution is completed!! ======================
]]></system-out>
  </testcase>
  <testcase name="runScenario[&quot;Valid code on try editor for graphs runs successfully&quot;, &quot;Title of your feature&quot;](53)" classname="TestRunners.TestRunner" time="0.461">
    <system-out><![CDATA[
Scenario: Error message displayed for invalid code on try Editor for graph representations page &amp#27;[90m# src/test/resources/Features/GraphHomepage.feature:46&amp#27;[0m
]]></system-out>
  </testcase>
  <testcase name="runScenario[&quot;No error message displayed for empty code on try editor for graph representations page&quot;, &quot;Title of your feature&quot;](56)" classname="TestRunners.TestRunner" time="0.422">
    <system-out><![CDATA[
Scenario: Validate user lands on default home page                                                    &amp#27;[90m# src/test/resources/Features/HomePage.feature:3&amp#27;[0m
]]></system-out>
  </testcase>
  <testcase name="runScenario[&quot;LL_Try Here Editor page with valid data&quot;, &quot;Linked List&quot;](72)" classname="TestRunners.TestRunner" time="0.146">
    <system-out><![CDATA[
Scenario: LL_Try Here Editor page with empty data                            &amp#27;[90m# src/test/resources/Features/LinkedList.feature:73&amp#27;[0m
]]></system-out>
  </testcase>
  <testcase name="runScenario[&quot;Types of Linked List&quot;, &quot;Linked List&quot;](73)" classname="TestRunners.TestRunner" time="1.361">
    <system-out><![CDATA[
Scenario: LL_Try Here Editor page with valid data                     &amp#27;[90m# src/test/resources/Features/LinkedList.feature:78&amp#27;[0m
  &amp#27;[32mWhen &amp#27;[0m&amp#27;[32mThe user clicks Try Here button&amp#27;[0m                               &amp#27;[90m# StepDefinitions.Tree.the_user_clicks_try_here_button()&amp#27;[0m
  &amp#27;[32mThen &amp#27;[0m&amp#27;[32mThe user is redirected to a page having Editor and run button&amp#27;[0m &amp#27;[90m# StepDefinitions.Tree.the_user_is_redirected_to_a_page_having_editor_and_run_button()&amp#27;[0m
[INFO ] 2024-12-17 12:19:20.722 [TestNG-PoolService-3] Hooks - ======================  Test Execution is completed!! ======================
]]></system-out>
  </testcase>
  <testcase name="runScenario[&quot;LL_Try Here Editor page with empty data&quot;, &quot;Linked List&quot;](74)" classname="TestRunners.TestRunner" time="7.969">
    <failure message="element not interactable&#10;  (Session info: MicrosoftEdge=131.0.2903.99)&#10;Build info: version: &apos;4.26.0&apos;, revision: &apos;8ccf0219d7&apos;&#10;System info: os.name: &apos;Windows 11&apos;, os.arch: &apos;amd64&apos;, os.version: &apos;10.0&apos;, java.version: &apos;21.0.5&apos;&#10;Driver info: org.openqa.selenium.edge.EdgeDriver&#10;Command: [74d0220ca0b204f5012e5666821aed45, sendKeysToElement {value=[Ljava.lang.CharSequence;@3983867, id=f.D27D45D3448B1AD15DFB2D570609E6EA.d.BCB10DF32A5E19B59F5F001CED077CAB.e.37}]&#10;Capabilities {acceptInsecureCerts: false, browserName: MicrosoftEdge, browserVersion: 131.0.2903.99, fedcm:accounts: true, ms:edgeOptions: {debuggerAddress: localhost:52820}, msedge: {msedgedriverVersion: 131.0.2903.99 (f96a870b1316..., userDataDir: C:\Users\vamsh\AppData\Loca...}, networkConnectionEnabled: false, pageLoadStrategy: normal, platformName: windows, proxy: Proxy(), se:cdp: ws://localhost:52820/devtoo..., se:cdpVersion: 131.0.2903.99, setWindowRect: true, strictFileInteractability: false, timeouts: {implicit: 0, pageLoad: 300000, script: 30000}, unhandledPromptBehavior: dismiss and notify, webauthn:extension:credBlob: true, webauthn:extension:largeBlob: true, webauthn:extension:minPinLength: true, webauthn:extension:prf: true, webauthn:virtualAuthenticators: true}&#10;Element: [[EdgeDriver: MicrosoftEdge on windows (74d0220ca0b204f5012e5666821aed45)] -&gt; css selector: .CodeMirror textarea]&#10;Session ID: 74d0220ca0b204f5012e5666821aed45" type="org.openqa.selenium.ElementNotInteractableException"><![CDATA[org.openqa.selenium.ElementNotInteractableException: 
element not interactable
  (Session info: MicrosoftEdge=131.0.2903.99)
Build info: version: '4.26.0', revision: '8ccf0219d7'
System info: os.name: 'Windows 11', os.arch: 'amd64', os.version: '10.0', java.version: '21.0.5'
Driver info: org.openqa.selenium.edge.EdgeDriver
Command: [74d0220ca0b204f5012e5666821aed45, sendKeysToElement {value=[Ljava.lang.CharSequence;@3983867, id=f.D27D45D3448B1AD15DFB2D570609E6EA.d.BCB10DF32A5E19B59F5F001CED077CAB.e.37}]
Capabilities {acceptInsecureCerts: false, browserName: MicrosoftEdge, browserVersion: 131.0.2903.99, fedcm:accounts: true, ms:edgeOptions: {debuggerAddress: localhost:52820}, msedge: {msedgedriverVersion: 131.0.2903.99 (f96a870b1316..., userDataDir: C:\Users\vamsh\AppData\Loca...}, networkConnectionEnabled: false, pageLoadStrategy: normal, platformName: windows, proxy: Proxy(), se:cdp: ws://localhost:52820/devtoo..., se:cdpVersion: 131.0.2903.99, setWindowRect: true, strictFileInteractability: false, timeouts: {implicit: 0, pageLoad: 300000, script: 30000}, unhandledPromptBehavior: dismiss and notify, webauthn:extension:credBlob: true, webauthn:extension:largeBlob: true, webauthn:extension:minPinLength: true, webauthn:extension:prf: true, webauthn:virtualAuthenticators: true}
Element: [[EdgeDriver: MicrosoftEdge on windows (74d0220ca0b204f5012e5666821aed45)] -> css selector: .CodeMirror textarea]
Session ID: 74d0220ca0b204f5012e5666821aed45
]]></failure>
    <system-out><![CDATA[
Scenario: LL_Try Here Editor page with invalid data                     &amp#27;[90m# src/test/resources/Features/LinkedList.feature:83&amp#27;[0m
  &amp#27;[32mGiven &amp#27;[0m&amp#27;[32mThe user is on the DS Introduction page as signedIn&amp#27;[0m                  &amp#27;[90m# StepDefinitions.DSIntroductionDetails.the_user_is_on_the_ds_introduction_page_as_signed_in()&amp#27;[0m
  &amp#27;[32mGiven &amp#27;[0m&amp#27;[32mThe user is on the DS Introduction page as signedIn&amp#27;[0m           &amp#27;[90m# StepDefinitions.DSIntroductionDetails.the_user_is_on_the_ds_introduction_page_as_signed_in()&amp#27;[0m
  &amp#27;[32mAnd &amp#27;[0m&amp#27;[32mUser clicks on Get Started button from Linked List panel&amp#27;[0m               &amp#27;[90m# StepDefinitions.LinkedList.user_clicks_on_get_started_button_from_linked_list_panel()&amp#27;[0m
  &amp#27;[32mAnd &amp#27;[0m&amp#27;[32mUser clicks on Get Started button from Linked List panel&amp#27;[0m        &amp#27;[90m# StepDefinitions.LinkedList.user_clicks_on_get_started_button_from_linked_list_panel()&amp#27;[0m
  &amp#27;[32mGiven &amp#27;[0m&amp#27;[32mThe user is on the DS Introduction page as signedIn&amp#27;[0m             &amp#27;[90m# StepDefinitions.DSIntroductionDetails.the_user_is_on_the_ds_introduction_page_as_signed_in()&amp#27;[0m
  &amp#27;[32mAnd &amp#27;[0m&amp#27;[32mUser clicks on Get Started button from Linked List panel&amp#27;[0m          &amp#27;[90m# StepDefinitions.LinkedList.user_clicks_on_get_started_button_from_linked_list_panel()&amp#27;[0m
  &amp#27;[32mGiven &amp#27;[0m&amp#27;[32mThe user is on the editor page of Types of Linked List page&amp#27;[0m          &amp#27;[90m# StepDefinitions.LinkedList.the_user_is_on_the_editor_page_of_types_of_linked_list_page()&amp#27;[0m
  &amp#27;[31mWhen &amp#27;[0m&amp#27;[31mThe user writes no code inside editor window and clicks on Run button&amp#27;[0m &amp#27;[90m# StepDefinitions.Tree.the_user_writes_no_code_inside_editor_window_and_clicks_on_run_button()&amp#27;[0m
      &amp#27;[31morg.openqa.selenium.ElementNotInteractableException: element not interactable
  (Session info: MicrosoftEdge=131.0.2903.99)
Build info: version: '4.26.0', revision: '8ccf0219d7'
System info: os.name: 'Windows 11', os.arch: 'amd64', os.version: '10.0', java.version: '21.0.5'
Driver info: org.openqa.selenium.edge.EdgeDriver
Command: [74d0220ca0b204f5012e5666821aed45, sendKeysToElement {value=[Ljava.lang.CharSequence;@3983867, id=f.D27D45D3448B1AD15DFB2D570609E6EA.d.BCB10DF32A5E19B59F5F001CED077CAB.e.37}]
Capabilities {acceptInsecureCerts: false, browserName: MicrosoftEdge, browserVersion: 131.0.2903.99, fedcm:accounts: true, ms:edgeOptions: {debuggerAddress: localhost:52820}, msedge: {msedgedriverVersion: 131.0.2903.99 (f96a870b1316..., userDataDir: C:\Users\vamsh\AppData\Loca...}, networkConnectionEnabled: false, pageLoadStrategy: normal, platformName: windows, proxy: Proxy(), se:cdp: ws://localhost:52820/devtoo..., se:cdpVersion: 131.0.2903.99, setWindowRect: true, strictFileInteractability: false, timeouts: {implicit: 0, pageLoad: 300000, script: 30000}, unhandledPromptBehavior: dismiss and notify, webauthn:extension:credBlob: true, webauthn:extension:largeBlob: true, webauthn:extension:minPinLength: true, webauthn:extension:prf: true, webauthn:virtualAuthenticators: true}
Element: [[EdgeDriver: MicrosoftEdge on windows (74d0220ca0b204f5012e5666821aed45)] -> css selector: .CodeMirror textarea]
Session ID: 74d0220ca0b204f5012e5666821aed45
	at java.base/jdk.internal.reflect.DirectConstructorHandleAccessor.newInstance(DirectConstructorHandleAccessor.java:62)
	at java.base/java.lang.reflect.Constructor.newInstanceWithCaller(Constructor.java:502)
	at java.base/java.lang.reflect.Constructor.newInstance(Constructor.java:486)
	at org.openqa.selenium.remote.ErrorCodec.decode(ErrorCodec.java:167)
	at org.openqa.selenium.remote.codec.w3c.W3CHttpResponseCodec.decode(W3CHttpResponseCodec.java:138)
	at org.openqa.selenium.remote.codec.w3c.W3CHttpResponseCodec.decode(W3CHttpResponseCodec.java:50)
	at org.openqa.selenium.remote.HttpCommandExecutor.execute(HttpCommandExecutor.java:190)
	at org.openqa.selenium.remote.service.DriverCommandExecutor.invokeExecute(DriverCommandExecutor.java:216)
	at org.openqa.selenium.remote.service.DriverCommandExecutor.execute(DriverCommandExecutor.java:174)
	at org.openqa.selenium.remote.RemoteWebDriver.execute(RemoteWebDriver.java:545)
	at org.openqa.selenium.remote.RemoteWebElement.execute(RemoteWebElement.java:223)
	at org.openqa.selenium.remote.RemoteWebElement.sendKeys(RemoteWebElement.java:110)
	at PageObjects.TreePage.writeInTryEditorWindow(TreePage.java:251)
	at StepDefinitions.Tree.the_user_writes_no_code_inside_editor_window_and_clicks_on_run_button(Tree.java:80)
	at ✽.The user writes no code inside editor window and clicks on Run button(file:///C:/Projects/newFolder-3/Repo1/src/test/resources/Features/LinkedList.feature:75)
&amp#27;[0m
  &amp#27;[36mThen &amp#27;[0m&amp#27;[36mNothing happens to the Editor page and no error message is displayed&amp#27;[0m  &amp#27;[90m# StepDefinitions.Tree.nothing_happens_to_the_editor_page_and_no_error_message_is_displayed()&amp#27;[0m
[ERROR] 2024-12-17 12:19:28.418 [TestNG-PoolService-2] Hooks - ======================  TEST CASE FAILED !! ======================

    Embedding screenshot [image/png 7890 bytes]

[INFO ] 2024-12-17 12:19:28.598 [TestNG-PoolService-2] Hooks - ======================  Screenshot is captured  ======================
[INFO ] 2024-12-17 12:19:28.600 [TestNG-PoolService-2] Hooks - ======================  Test Execution is completed!! ======================
  &amp#27;[32mGiven &amp#27;[0m&amp#27;[32mThe user is on the editor page of Types of Linked List page&amp#27;[0m   &amp#27;[90m# StepDefinitions.LinkedList.the_user_is_on_the_editor_page_of_types_of_linked_list_page()&amp#27;[0m
  &amp#27;[31mWhen &amp#27;[0m&amp#27;[31mThe user writes the valid python code and clicks on Run button&amp#27;[0m &amp#27;[90m# StepDefinitions.Tree.the_user_writes_the_valid_python_code_and_clicks_on_run_button()&amp#27;[0m
      &amp#27;[31morg.openqa.selenium.ElementNotInteractableException: element not interactable
  (Session info: MicrosoftEdge=131.0.2903.99)
Build info: version: '4.26.0', revision: '8ccf0219d7'
System info: os.name: 'Windows 11', os.arch: 'amd64', os.version: '10.0', java.version: '21.0.5'
Driver info: org.openqa.selenium.edge.EdgeDriver
Command: [9d27e1e51b8fc491d676e8c622331d24, sendKeysToElement {value=[Ljava.lang.CharSequence;@6091c9c0, id=f.EE5CCDF818C822E9218E23534E37E2D5.d.5021024D04A5214223C6D0D715965A5F.e.38}]
Capabilities {acceptInsecureCerts: false, browserName: MicrosoftEdge, browserVersion: 131.0.2903.99, fedcm:accounts: true, ms:edgeOptions: {debuggerAddress: localhost:52833}, msedge: {msedgedriverVersion: 131.0.2903.99 (f96a870b1316..., userDataDir: C:\Users\vamsh\AppData\Loca...}, networkConnectionEnabled: false, pageLoadStrategy: normal, platformName: windows, proxy: Proxy(), se:cdp: ws://localhost:52833/devtoo..., se:cdpVersion: 131.0.2903.99, setWindowRect: true, strictFileInteractability: false, timeouts: {implicit: 0, pageLoad: 300000, script: 30000}, unhandledPromptBehavior: dismiss and notify, webauthn:extension:credBlob: true, webauthn:extension:largeBlob: true, webauthn:extension:minPinLength: true, webauthn:extension:prf: true, webauthn:virtualAuthenticators: true}
Element: [[EdgeDriver: MicrosoftEdge on windows (9d27e1e51b8fc491d676e8c622331d24)] -> css selector: .CodeMirror textarea]
Session ID: 9d27e1e51b8fc491d676e8c622331d24
	at java.base/jdk.internal.reflect.DirectConstructorHandleAccessor.newInstance(DirectConstructorHandleAccessor.java:62)
	at java.base/java.lang.reflect.Constructor.newInstanceWithCaller(Constructor.java:502)
	at java.base/java.lang.reflect.Constructor.newInstance(Constructor.java:486)
	at org.openqa.selenium.remote.ErrorCodec.decode(ErrorCodec.java:167)
	at org.openqa.selenium.remote.codec.w3c.W3CHttpResponseCodec.decode(W3CHttpResponseCodec.java:138)
	at org.openqa.selenium.remote.codec.w3c.W3CHttpResponseCodec.decode(W3CHttpResponseCodec.java:50)
	at org.openqa.selenium.remote.HttpCommandExecutor.execute(HttpCommandExecutor.java:190)
	at org.openqa.selenium.remote.service.DriverCommandExecutor.invokeExecute(DriverCommandExecutor.java:216)
	at org.openqa.selenium.remote.service.DriverCommandExecutor.execute(DriverCommandExecutor.java:174)
	at org.openqa.selenium.remote.RemoteWebDriver.execute(RemoteWebDriver.java:545)
	at org.openqa.selenium.remote.RemoteWebElement.execute(RemoteWebElement.java:223)
	at org.openqa.selenium.remote.RemoteWebElement.sendKeys(RemoteWebElement.java:110)
	at PageObjects.TreePage.writeInTryEditorWindow(TreePage.java:251)
	at StepDefinitions.Tree.the_user_writes_the_valid_python_code_and_clicks_on_run_button(Tree.java:93)
	at ✽.The user writes the valid python code and clicks on Run button(file:///C:/Projects/newFolder-3/Repo1/src/test/resources/Features/LinkedList.feature:80)
&amp#27;[0m
  &amp#27;[36mThen &amp#27;[0m&amp#27;[36mThe user is able to see the output inside the console.&amp#27;[0m         &amp#27;[90m# StepDefinitions.Tree.the_user_is_able_to_see_the_output_inside_the_console()&amp#27;[0m
[ERROR] 2024-12-17 12:19:28.736 [TestNG-PoolService-1] Hooks - ======================  TEST CASE FAILED !! ======================

    Embedding screenshot [image/png 7890 bytes]

[INFO ] 2024-12-17 12:19:28.914 [TestNG-PoolService-1] Hooks - ======================  Screenshot is captured  ======================
[INFO ] 2024-12-17 12:19:28.915 [TestNG-PoolService-1] Hooks - ======================  Test Execution is completed!! ======================
  &amp#27;[32mGiven &amp#27;[0m&amp#27;[32mThe user is on the editor page of Types of Linked List page&amp#27;[0m     &amp#27;[90m# StepDefinitions.LinkedList.the_user_is_on_the_editor_page_of_types_of_linked_list_page()&amp#27;[0m
  &amp#27;[32mWhen &amp#27;[0m&amp#27;[32mThe user writes the invalid python code and clicks on Run button&amp#27;[0m &amp#27;[90m# StepDefinitions.Tree.the_user_writes_the_invalid_python_code_and_clicks_on_run_button()&amp#27;[0m
  &amp#27;[32mThen &amp#27;[0m&amp#27;[32mThe user see error msg in alert window&amp#27;[0m                           &amp#27;[90m# StepDefinitions.Tree.the_user_see_error_msg_in_alert_window()&amp#27;[0m
[INFO ] 2024-12-17 12:19:29.599 [TestNG-PoolService-3] Hooks - ======================  Test Execution is completed!! ======================
]]></system-out>
    <system-err><![CDATA[Dec 17, 2024 12:19:23 PM org.openqa.selenium.devtools.CdpVersionFinder findNearestMatch
WARNING: Unable to find an exact match for CDP version 131, returning the closest version; found: 130; Please update to a Selenium version that supports CDP version 131
Dec 17, 2024 12:19:23 PM org.openqa.selenium.devtools.CdpVersionFinder findNearestMatch
WARNING: Unable to find an exact match for CDP version 131, returning the closest version; found: 130; Please update to a Selenium version that supports CDP version 131
Dec 17, 2024 12:19:25 PM org.openqa.selenium.devtools.CdpVersionFinder findNearestMatch
WARNING: Unable to find an exact match for CDP version 131, returning the closest version; found: 130; Please update to a Selenium version that supports CDP version 131
]]></system-err>
  </testcase>
  <testcase name="runScenario[&quot;LL_Try Here Editor page with invalid data&quot;, &quot;Linked List&quot;](82)" classname="TestRunners.TestRunner" time="0.286">
    <system-out><![CDATA[
Scenario: LL_Try Here Editor page with empty data                            &amp#27;[90m# src/test/resources/Features/LinkedList.feature:123&amp#27;[0m
]]></system-out>
  </testcase>
  <testcase name="runScenario[&quot;LL_Try Here Editor page with valid data&quot;, &quot;Linked List&quot;](91)" classname="TestRunners.TestRunner" time="5.851">
    <system-out><![CDATA[
Scenario: Deletion                                                   &amp#27;[90m# src/test/resources/Features/LinkedList.feature:168&amp#27;[0m
  &amp#27;[32mWhen &amp#27;[0m&amp#27;[32mThe user writes the valid python code and clicks on Run button&amp#27;[0m &amp#27;[90m# StepDefinitions.Tree.the_user_writes_the_valid_python_code_and_clicks_on_run_button()&amp#27;[0m
  &amp#27;[32mThen &amp#27;[0m&amp#27;[32mThe user is able to see the output inside the console.&amp#27;[0m         &amp#27;[90m# StepDefinitions.Tree.the_user_is_able_to_see_the_output_inside_the_console()&amp#27;[0m
[INFO ] 2024-12-17 12:20:26.553 [TestNG-PoolService-1] Hooks - ======================  Test Execution is completed!! ======================
  &amp#27;[32mGiven &amp#27;[0m&amp#27;[32mThe user is on the DS Introduction page as signedIn&amp#27;[0m    &amp#27;[90m# StepDefinitions.DSIntroductionDetails.the_user_is_on_the_ds_introduction_page_as_signed_in()&amp#27;[0m
  &amp#27;[32mAnd &amp#27;[0m&amp#27;[32mUser clicks on Get Started button from Linked List panel&amp#27;[0m &amp#27;[90m# StepDefinitions.LinkedList.user_clicks_on_get_started_button_from_linked_list_panel()&amp#27;[0m
  &amp#27;[32mGiven &amp#27;[0m&amp#27;[32mThe user is on the DS Introduction page as signedIn&amp#27;[0m          &amp#27;[90m# StepDefinitions.DSIntroductionDetails.the_user_is_on_the_ds_introduction_page_as_signed_in()&amp#27;[0m
  &amp#27;[32mGiven &amp#27;[0m&amp#27;[32mThe user is on the Insertion page&amp#27;[0m                      &amp#27;[90m# StepDefinitions.LinkedList.the_user_is_on_the_insertion_page()&amp#27;[0m
  &amp#27;[32mAnd &amp#27;[0m&amp#27;[32mUser clicks on Get Started button from Linked List panel&amp#27;[0m       &amp#27;[90m# StepDefinitions.LinkedList.user_clicks_on_get_started_button_from_linked_list_panel()&amp#27;[0m
  &amp#27;[32mWhen &amp#27;[0m&amp#27;[32mThe user clicks Deletion link&amp#27;[0m                           &amp#27;[90m# StepDefinitions.LinkedList.the_user_clicks_deletion_link()&amp#27;[0m
  &amp#27;[32mThen &amp#27;[0m&amp#27;[32mThe user is redirected to Deletion page.&amp#27;[0m                &amp#27;[90m# StepDefinitions.LinkedList.the_user_is_redirected_to_deletion_page()&amp#27;[0m
[INFO ] 2024-12-17 12:20:27.868 [TestNG-PoolService-2] Hooks - ======================  Test Execution is completed!! ======================
]]></system-out>
    <system-err><![CDATA[Dec 17, 2024 12:20:24 PM org.openqa.selenium.devtools.CdpVersionFinder findNearestMatch
WARNING: Unable to find an exact match for CDP version 131, returning the closest version; found: 130; Please update to a Selenium version that supports CDP version 131
Dec 17, 2024 12:20:24 PM org.openqa.selenium.devtools.CdpVersionFinder findNearestMatch
WARNING: Unable to find an exact match for CDP version 131, returning the closest version; found: 130; Please update to a Selenium version that supports CDP version 131
]]></system-err>
  </testcase>
  <testcase name="runScenario[&quot;DS Algo Sign in Page with blank info&quot;, &quot;Login Feature&quot;](97)" classname="TestRunners.TestRunner" time="6.792">
    <system-out><![CDATA[
Scenario Outline: DS Algo Sign in Page with blank password                                        &amp#27;[90m# src/test/resources/Features/LoginTestNav.feature:18&amp#27;[0m
The user is on the DS Algo signin page
The user is on the DS Algo signin page
  &amp#27;[32mGiven &amp#27;[0m&amp#27;[32mThe user is on the DS Algo Sign in Page&amp#27;[0m                                                                                    &amp#27;[90m# StepDefinitions.LoginStepDefinitions.the_user_is_on_the_ds_algo_sign_in_page()&amp#27;[0m
  &amp#27;[32mGiven &amp#27;[0m&amp#27;[32mThe user is on the DS Introduction page as signedIn&amp#27;[0m    &amp#27;[90m# StepDefinitions.DSIntroductionDetails.the_user_is_on_the_ds_introduction_page_as_signed_in()&amp#27;[0m
  &amp#27;[32mGiven &amp#27;[0m&amp#27;[32mThe user is on the DS Algo Sign in Page&amp#27;[0m                                                   &amp#27;[90m# StepDefinitions.LoginStepDefinitions.the_user_is_on_the_ds_algo_sign_in_page()&amp#27;[0m
  &amp#27;[32mAnd &amp#27;[0m&amp#27;[32mUser clicks on Get Started button from Linked List panel&amp#27;[0m &amp#27;[90m# StepDefinitions.LinkedList.user_clicks_on_get_started_button_from_linked_list_panel()&amp#27;[0m
  &amp#27;[32mWhen &amp#27;[0m&amp#27;[32mThe user clicks login button after leaving the username textbox and paswword textbox blank from sheetname &amp#27;[0m&amp#27;[32m&amp#27;[1m"Login"&amp#27;[0m&amp#27;[32m and row &amp#27;[0m&amp#27;[32m&amp#27;[1m3&amp#27;[0m &amp#27;[90m# StepDefinitions.LoginStepDefinitions.the_user_clicks_login_button_after_leaving_the_textbox_and_textbox_blank(java.lang.String,java.lang.Integer)&amp#27;[0m
  &amp#27;[32mThen &amp#27;[0m&amp#27;[32mThe error message &amp#27;[0m&amp#27;[32m&amp#27;[1m"Please fill out this field."&amp#27;[0m&amp#27;[32m appears below Username textbox&amp#27;[0m                                              &amp#27;[90m# StepDefinitions.LoginStepDefinitions.the_error_message_appears_below_username_textbox(java.lang.String)&amp#27;[0m
[INFO ] 2024-12-17 12:20:44.513 [TestNG-PoolService-2] Hooks - ======================  Test Execution is completed!! ======================
  &amp#27;[32mWhen &amp#27;[0m&amp#27;[32mThe user clicks login button after entering only username from sheetname &amp#27;[0m&amp#27;[32m&amp#27;[1m"Login"&amp#27;[0m&amp#27;[32m and row &amp#27;[0m&amp#27;[32m&amp#27;[1m6&amp#27;[0m &amp#27;[90m# StepDefinitions.LoginStepDefinitions.the_user_clicks_login_button_after_enteringusername_only(java.lang.String,java.lang.Integer)&amp#27;[0m
  &amp#27;[32mGiven &amp#27;[0m&amp#27;[32mThe user is on the Introduction page&amp#27;[0m                   &amp#27;[90m# StepDefinitions.LinkedList.the_user_is_on_the_introduction_page()&amp#27;[0m
  &amp#27;[32mThen &amp#27;[0m&amp#27;[32mThe error message &amp#27;[0m&amp#27;[32m&amp#27;[1m"Please fill out this field."&amp#27;[0m&amp#27;[32m appears below Pwd textbox&amp#27;[0m                  &amp#27;[90m# StepDefinitions.LoginStepDefinitions.the_error_message_appears_below_pwd_textbox(java.lang.String)&amp#27;[0m
[INFO ] 2024-12-17 12:20:44.846 [TestNG-PoolService-3] Hooks - ======================  Test Execution is completed!! ======================
  &amp#27;[32mWhen &amp#27;[0m&amp#27;[32mThe user clicks Practice Questions link&amp#27;[0m                 &amp#27;[90m# StepDefinitions.Tree.the_user_clicks_practice_questions_link()&amp#27;[0m
  &amp#27;[32mThen &amp#27;[0m&amp#27;[32mThe user is redirected to Practice Questions page.&amp#27;[0m      &amp#27;[90m# StepDefinitions.Tree.the_user_is_redirected_to_practice_questions_page()&amp#27;[0m
[INFO ] 2024-12-17 12:20:45.229 [TestNG-PoolService-1] Hooks - ======================  Test Execution is completed!! ======================
]]></system-out>
    <system-err><![CDATA[Dec 17, 2024 12:20:40 PM org.openqa.selenium.devtools.CdpVersionFinder findNearestMatch
WARNING: Unable to find an exact match for CDP version 131, returning the closest version; found: 130; Please update to a Selenium version that supports CDP version 131
Dec 17, 2024 12:20:41 PM org.openqa.selenium.devtools.CdpVersionFinder findNearestMatch
WARNING: Unable to find an exact match for CDP version 131, returning the closest version; found: 130; Please update to a Selenium version that supports CDP version 131
Dec 17, 2024 12:20:42 PM org.openqa.selenium.devtools.CdpVersionFinder findNearestMatch
WARNING: Unable to find an exact match for CDP version 131, returning the closest version; found: 130; Please update to a Selenium version that supports CDP version 131
]]></system-err>
  </testcase>
  <testcase name="runScenario[&quot;DS Algo Sign in Page with blank password&quot;, &quot;Login Feature&quot;](98)" classname="TestRunners.TestRunner" time="0.253">
    <system-out><![CDATA[
Scenario Outline: DS Algo Sign in Page  with blank username                                       &amp#27;[90m# src/test/resources/Features/LoginTestNav.feature:26&amp#27;[0m
]]></system-out>
  </testcase>
  <testcase name="runScenario[&quot;Introduction page&quot;, &quot;Linked List&quot;](99)" classname="TestRunners.TestRunner" time="0.205">
    <system-out><![CDATA[
Scenario Outline: DS Algo Sign in Page with invalid username and password                                                 &amp#27;[90m# src/test/resources/Features/LoginTestNav.feature:34&amp#27;[0m
]]></system-out>
  </testcase>
  <testcase name="runScenario[&quot;Validate user can navigate to Implementation using collections.deque&quot;, &quot;Queue Details page&quot;](119)" classname="TestRunners.TestRunner" time="0.031">
    <system-out><![CDATA[
Scenario: Validate user can open try editor page from Implementation using collections.deque &amp#27;[90m# src/test/resources/Features/QueueDetails.feature:90&amp#27;[0m
]]></system-out>
  </testcase>
  <testcase name="runScenario[&quot;New user registration page with only username entered&quot;, &quot;Registration&quot;](125)" classname="TestRunners.TestRunner" time="0.16">
    <system-out><![CDATA[
Scenario Outline: New user registration page with only username and password fields entered                                                                                 &amp#27;[90m# src/test/resources/Features/Registration.feature:28&amp#27;[0m
]]></system-out>
  </testcase>
  <testcase name="runScenario[&quot;New user registration page on registration with different passwords entered in password and confirm password fields&quot;, &quot;Registration&quot;](130)" classname="TestRunners.TestRunner" time="9.139">
    <system-out><![CDATA[
Scenario Outline: New user registration page with all valid credentials entered                                                                          &amp#27;[90m# src/test/resources/Features/Registration.feature:65&amp#27;[0m
  &amp#27;[32mGiven &amp#27;[0m&amp#27;[32mThe user is on the new user registration page&amp#27;[0m                                                                                                    &amp#27;[90m# StepDefinitions.Registration.the_user_is_on_the_new_user_registration_page()&amp#27;[0m
  &amp#27;[32mGiven &amp#27;[0m&amp#27;[32mThe user is on the new user registration page&amp#27;[0m                                                                                                           &amp#27;[90m# StepDefinitions.Registration.the_user_is_on_the_new_user_registration_page()&amp#27;[0m
  &amp#27;[32mGiven &amp#27;[0m&amp#27;[32mThe user is on the new user registration page&amp#27;[0m                                                                                                     &amp#27;[90m# StepDefinitions.Registration.the_user_is_on_the_new_user_registration_page()&amp#27;[0m
  &amp#27;[32mWhen &amp#27;[0m&amp#27;[32mThe user clicks Register button after user fills registration form from sheetname &amp#27;[0m&amp#27;[32m&amp#27;[1m"register"&amp#27;[0m&amp#27;[32m and row &amp#27;[0m&amp#27;[32m&amp#27;[1m7&amp#27;[0m                                            &amp#27;[90m# StepDefinitions.Registration.the_user_clicks_register_button_after_user_fills_registration_form_from_sheetname_and_row(java.lang.String,java.lang.Integer)&amp#27;[0m
  &amp#27;[32mWhen &amp#27;[0m&amp#27;[32mThe user clicks Register button after entering different passwords in Password and Password Confirmation fields form from sheetname &amp#27;[0m&amp#27;[32m&amp#27;[1m"register"&amp#27;[0m&amp#27;[32m and row &amp#27;[0m&amp#27;[32m&amp#27;[1m6&amp#27;[0m &amp#27;[90m# StepDefinitions.Registration.the_user_clicks_register_button_after_entering_different_passwords_in_password_and_password_confirmation_fields_on_registration_form_from_sheetname(java.lang.String,java.lang.Integer)&amp#27;[0m
  &amp#27;[31mThen &amp#27;[0m&amp#27;[31mThe user is redirected to Home Page of DS Algo with success message - New Account Created. You are logged in as username on the DS Algo Home Page&amp#27;[0m &amp#27;[90m# StepDefinitions.Registration.the_user_is_redirected_to_home_page_of_ds_algo_with_success_message_new_account_created_you_are_logged_in_as_username_on_the_ds_algo_home_page()&amp#27;[0m
      &amp#27;[31mjava.lang.AssertionError: expected [New Account Created. You are logged in as 11111dddfrtfg] but found [password_mismatch:The two password fields didn’t match.]
	at org.testng.Assert.fail(Assert.java:111)
	at org.testng.Assert.failNotEquals(Assert.java:1578)
	at org.testng.Assert.assertEqualsImpl(Assert.java:150)
	at org.testng.Assert.assertEquals(Assert.java:132)
	at org.testng.Assert.assertEquals(Assert.java:656)
	at org.testng.Assert.assertEquals(Assert.java:666)
	at StepDefinitions.Registration.the_user_is_redirected_to_home_page_of_ds_algo_with_success_message_new_account_created_you_are_logged_in_as_username_on_the_ds_algo_home_page(Registration.java:167)
	at ✽.The user is redirected to Home Page of DS Algo with success message - New Account Created. You are logged in as username on the DS Algo Home Page(file:///C:/Projects/newFolder-3/Repo1/src/test/resources/Features/Registration.feature:62)
&amp#27;[0m
[ERROR] 2024-12-17 12:22:22.476 [TestNG-PoolService-2] Hooks - ======================  TEST CASE FAILED !! ======================
  &amp#27;[32mThen &amp#27;[0m&amp#27;[32mThe user is displayed with a warning message password_mismatch:The two password fields didn’t match.&amp#27;[0m                                                     &amp#27;[90m# StepDefinitions.Registration.the_user_is_displayed_with_a_warning_message_password_mismatch_the_two_password_fields_didn_t_match()&amp#27;[0m
[INFO ] 2024-12-17 12:22:22.539 [TestNG-PoolService-1] Hooks - ======================  Test Execution is completed!! ======================
  &amp#27;[32mWhen &amp#27;[0m&amp#27;[32mThe user clicks Register button after entering a Password with characters less than eight on registration form from sheetname &amp#27;[0m&amp#27;[32m&amp#27;[1m"register"&amp#27;[0m&amp#27;[32m and row &amp#27;[0m&amp#27;[32m&amp#27;[1m5&amp#27;[0m &amp#27;[90m# StepDefinitions.Registration.the_user_clicks_register_button_after_entering_a_password_with_characters_less_than_eight_on_registration_form_from_sheetname(java.lang.String,java.lang.Integer)&amp#27;[0m

    Embedding screenshot [image/png 37391 bytes]

[INFO ] 2024-12-17 12:22:22.678 [TestNG-PoolService-2] Hooks - ======================  Screenshot is captured  ======================
[INFO ] 2024-12-17 12:22:22.679 [TestNG-PoolService-2] Hooks - ======================  Test Execution is completed!! ======================
  &amp#27;[31mThen &amp#27;[0m&amp#27;[31mThe user is displayed the appropriate error msg after entering invalid data and  redirects to empty password confirm textbox&amp#27;[0m                       &amp#27;[90m# StepDefinitions.Registration.the_user_is_displayed_the_appropriate_error_msg_after_entering_invalid_data_and_redirects_to_empty_password_confirm_textbox()&amp#27;[0m
      &amp#27;[31mjava.lang.AssertionError: expected [Invalid password] but found [password_mismatch:The two password fields didn’t match.]
	at org.testng.Assert.fail(Assert.java:111)
	at org.testng.Assert.failNotEquals(Assert.java:1578)
	at org.testng.Assert.assertEqualsImpl(Assert.java:150)
	at org.testng.Assert.assertEquals(Assert.java:132)
	at org.testng.Assert.assertEquals(Assert.java:656)
	at org.testng.Assert.assertEquals(Assert.java:666)
	at StepDefinitions.Registration.the_user_is_displayed_the_appropriate_error_msg_after_entering_invalid_data_and_redirects_to_empty_password_confirm_textbox(Registration.java:131)
	at ✽.The user is displayed the appropriate error msg after entering invalid data and  redirects to empty password confirm textbox(file:///C:/Projects/newFolder-3/Repo1/src/test/resources/Features/Registration.feature:47)
&amp#27;[0m
[ERROR] 2024-12-17 12:22:22.834 [TestNG-PoolService-3] Hooks - ======================  TEST CASE FAILED !! ======================

    Embedding screenshot [image/png 37373 bytes]

[INFO ] 2024-12-17 12:22:23.005 [TestNG-PoolService-3] Hooks - ======================  Screenshot is captured  ======================
[INFO ] 2024-12-17 12:22:23.007 [TestNG-PoolService-3] Hooks - ======================  Test Execution is completed!! ======================
]]></system-out>
    <system-err><![CDATA[Dec 17, 2024 12:22:16 PM org.openqa.selenium.devtools.CdpVersionFinder findNearestMatch
WARNING: Unable to find an exact match for CDP version 131, returning the closest version; found: 130; Please update to a Selenium version that supports CDP version 131
Dec 17, 2024 12:22:17 PM org.openqa.selenium.devtools.CdpVersionFinder findNearestMatch
WARNING: Unable to find an exact match for CDP version 131, returning the closest version; found: 130; Please update to a Selenium version that supports CDP version 131
Dec 17, 2024 12:22:19 PM org.openqa.selenium.devtools.CdpVersionFinder findNearestMatch
WARNING: Unable to find an exact match for CDP version 131, returning the closest version; found: 130; Please update to a Selenium version that supports CDP version 131
]]></system-err>
  </testcase>
  <testcase name="runScenario[&quot;New user registration page with valid username but password and confirm password fields has less than eight characters&quot;, &quot;Registration&quot;](132)" classname="TestRunners.TestRunner" time="0.142">
    <failure message="expected [Invalid password] but found [password_mismatch:The two password fields didn’t match.]" type="java.lang.AssertionError"><![CDATA[java.lang.AssertionError: expected [Invalid password] but found [password_mismatch:The two password fields didn’t match.]
]]></failure>
    <system-out><![CDATA[
Scenario Outline: New user registration page where login button is clicked &amp#27;[90m# src/test/resources/Features/Registration.feature:67&amp#27;[0m

Scenario Outline: New user registration page where SignIn button is clicked &amp#27;[90m# src/test/resources/Features/Registration.feature:71&amp#27;[0m
]]></system-out>
  </testcase>
  <testcase name="runScenario[&quot;Validate user can navigate to Implementation page&quot;, &quot;Stack page&quot;](140)" classname="TestRunners.TestRunner" time="0.224">
    <system-out><![CDATA[
Scenario: Validate user can click on Try here link from Implementation page &amp#27;[90m# src/test/resources/Features/StackPage.feature:41&amp#27;[0m
]]></system-out>
  </testcase>
  <testcase name="runScenario[&quot;Valid code on try editor for Implementation runs successfully&quot;, &quot;Stack page&quot;](146)" classname="TestRunners.TestRunner" time="0.454">
    <failure message="element not interactable&#10;  (Session info: MicrosoftEdge=131.0.2903.99)&#10;Build info: version: &apos;4.26.0&apos;, revision: &apos;8ccf0219d7&apos;&#10;System info: os.name: &apos;Windows 11&apos;, os.arch: &apos;amd64&apos;, os.version: &apos;10.0&apos;, java.version: &apos;21.0.5&apos;&#10;Driver info: org.openqa.selenium.edge.EdgeDriver&#10;Command: [4e1c0a7fbb930009d77d7c71c9ce1eea, sendKeysToElement {value=[Ljava.lang.CharSequence;@243c581a, id=f.3DAA85C08B002FFC349CBF72C1144D9A.d.02296B9E1CA0591DF39556DDEE32C265.e.37}]&#10;Capabilities {acceptInsecureCerts: false, browserName: MicrosoftEdge, browserVersion: 131.0.2903.99, fedcm:accounts: true, ms:edgeOptions: {debuggerAddress: localhost:57868}, msedge: {msedgedriverVersion: 131.0.2903.99 (f96a870b1316..., userDataDir: C:\Users\vamsh\AppData\Loca...}, networkConnectionEnabled: false, pageLoadStrategy: normal, platformName: windows, proxy: Proxy(), se:cdp: ws://localhost:57868/devtoo..., se:cdpVersion: 131.0.2903.99, setWindowRect: true, strictFileInteractability: false, timeouts: {implicit: 0, pageLoad: 300000, script: 30000}, unhandledPromptBehavior: dismiss and notify, webauthn:extension:credBlob: true, webauthn:extension:largeBlob: true, webauthn:extension:minPinLength: true, webauthn:extension:prf: true, webauthn:virtualAuthenticators: true}&#10;Element: [[EdgeDriver: MicrosoftEdge on windows (4e1c0a7fbb930009d77d7c71c9ce1eea)] -&gt; css selector: .CodeMirror textarea]&#10;Session ID: 4e1c0a7fbb930009d77d7c71c9ce1eea" type="org.openqa.selenium.ElementNotInteractableException"><![CDATA[org.openqa.selenium.ElementNotInteractableException: 
element not interactable
  (Session info: MicrosoftEdge=131.0.2903.99)
Build info: version: '4.26.0', revision: '8ccf0219d7'
System info: os.name: 'Windows 11', os.arch: 'amd64', os.version: '10.0', java.version: '21.0.5'
Driver info: org.openqa.selenium.edge.EdgeDriver
Command: [4e1c0a7fbb930009d77d7c71c9ce1eea, sendKeysToElement {value=[Ljava.lang.CharSequence;@243c581a, id=f.3DAA85C08B002FFC349CBF72C1144D9A.d.02296B9E1CA0591DF39556DDEE32C265.e.37}]
Capabilities {acceptInsecureCerts: false, browserName: MicrosoftEdge, browserVersion: 131.0.2903.99, fedcm:accounts: true, ms:edgeOptions: {debuggerAddress: localhost:57868}, msedge: {msedgedriverVersion: 131.0.2903.99 (f96a870b1316..., userDataDir: C:\Users\vamsh\AppData\Loca...}, networkConnectionEnabled: false, pageLoadStrategy: normal, platformName: windows, proxy: Proxy(), se:cdp: ws://localhost:57868/devtoo..., se:cdpVersion: 131.0.2903.99, setWindowRect: true, strictFileInteractability: false, timeouts: {implicit: 0, pageLoad: 300000, script: 30000}, unhandledPromptBehavior: dismiss and notify, webauthn:extension:credBlob: true, webauthn:extension:largeBlob: true, webauthn:extension:minPinLength: true, webauthn:extension:prf: true, webauthn:virtualAuthenticators: true}
Element: [[EdgeDriver: MicrosoftEdge on windows (4e1c0a7fbb930009d77d7c71c9ce1eea)] -> css selector: .CodeMirror textarea]
Session ID: 4e1c0a7fbb930009d77d7c71c9ce1eea
]]></failure>
    <system-out><![CDATA[
Scenario: Error message displayed for invalid code on try Editor for Applications page &amp#27;[90m# src/test/resources/Features/StackPage.feature:71&amp#27;[0m
]]></system-out>
  </testcase>
  <testcase name="runScenario[&quot;Try Here Editor page with invalid data&quot;, &quot;Tree&quot;](162)" classname="TestRunners.TestRunner" time="0.097">
    <failure message="element not interactable&#10;  (Session info: MicrosoftEdge=131.0.2903.99)&#10;Build info: version: &apos;4.26.0&apos;, revision: &apos;8ccf0219d7&apos;&#10;System info: os.name: &apos;Windows 11&apos;, os.arch: &apos;amd64&apos;, os.version: &apos;10.0&apos;, java.version: &apos;21.0.5&apos;&#10;Driver info: org.openqa.selenium.edge.EdgeDriver&#10;Command: [d0b1e9bc282f9e5a00546764e3c59803, sendKeysToElement {value=[Ljava.lang.CharSequence;@248a4704, id=f.A64D3BE8BA8E14F329C5344A4BDA2707.d.E0220C30CFA02F79D0A8B848727730CE.e.36}]&#10;Capabilities {acceptInsecureCerts: false, browserName: MicrosoftEdge, browserVersion: 131.0.2903.99, fedcm:accounts: true, ms:edgeOptions: {debuggerAddress: localhost:58988}, msedge: {msedgedriverVersion: 131.0.2903.99 (f96a870b1316..., userDataDir: C:\Users\vamsh\AppData\Loca...}, networkConnectionEnabled: false, pageLoadStrategy: normal, platformName: windows, proxy: Proxy(), se:cdp: ws://localhost:58988/devtoo..., se:cdpVersion: 131.0.2903.99, setWindowRect: true, strictFileInteractability: false, timeouts: {implicit: 0, pageLoad: 300000, script: 30000}, unhandledPromptBehavior: dismiss and notify, webauthn:extension:credBlob: true, webauthn:extension:largeBlob: true, webauthn:extension:minPinLength: true, webauthn:extension:prf: true, webauthn:virtualAuthenticators: true}&#10;Element: [[EdgeDriver: MicrosoftEdge on windows (d0b1e9bc282f9e5a00546764e3c59803)] -&gt; css selector: .CodeMirror textarea]&#10;Session ID: d0b1e9bc282f9e5a00546764e3c59803" type="org.openqa.selenium.ElementNotInteractableException"><![CDATA[org.openqa.selenium.ElementNotInteractableException: 
element not interactable
  (Session info: MicrosoftEdge=131.0.2903.99)
Build info: version: '4.26.0', revision: '8ccf0219d7'
System info: os.name: 'Windows 11', os.arch: 'amd64', os.version: '10.0', java.version: '21.0.5'
Driver info: org.openqa.selenium.edge.EdgeDriver
Command: [d0b1e9bc282f9e5a00546764e3c59803, sendKeysToElement {value=[Ljava.lang.CharSequence;@248a4704, id=f.A64D3BE8BA8E14F329C5344A4BDA2707.d.E0220C30CFA02F79D0A8B848727730CE.e.36}]
Capabilities {acceptInsecureCerts: false, browserName: MicrosoftEdge, browserVersion: 131.0.2903.99, fedcm:accounts: true, ms:edgeOptions: {debuggerAddress: localhost:58988}, msedge: {msedgedriverVersion: 131.0.2903.99 (f96a870b1316..., userDataDir: C:\Users\vamsh\AppData\Loca...}, networkConnectionEnabled: false, pageLoadStrategy: normal, platformName: windows, proxy: Proxy(), se:cdp: ws://localhost:58988/devtoo..., se:cdpVersion: 131.0.2903.99, setWindowRect: true, strictFileInteractability: false, timeouts: {implicit: 0, pageLoad: 300000, script: 30000}, unhandledPromptBehavior: dismiss and notify, webauthn:extension:credBlob: true, webauthn:extension:largeBlob: true, webauthn:extension:minPinLength: true, webauthn:extension:prf: true, webauthn:virtualAuthenticators: true}
Element: [[EdgeDriver: MicrosoftEdge on windows (d0b1e9bc282f9e5a00546764e3c59803)] -> css selector: .CodeMirror textarea]
Session ID: d0b1e9bc282f9e5a00546764e3c59803
]]></failure>
    <system-out><![CDATA[
Scenario: Try Here Editor page with empty code                               &amp#27;[90m# src/test/resources/Features/Tree.feature:79&amp#27;[0m
]]></system-out>
  </testcase>
  <testcase name="runScenario[&quot;Types of Trees&quot;, &quot;Tree&quot;](165)" classname="TestRunners.TestRunner" time="8.312">
    <system-out><![CDATA[
Scenario: Types of Trees                                    &amp#27;[90m# src/test/resources/Features/Tree.feature:95&amp#27;[0m
  &amp#27;[32mGiven &amp#27;[0m&amp#27;[32mThe user is on the DS Introduction page as signedIn&amp#27;[0m             &amp#27;[90m# StepDefinitions.DSIntroductionDetails.the_user_is_on_the_ds_introduction_page_as_signed_in()&amp#27;[0m
  &amp#27;[32mGiven &amp#27;[0m&amp#27;[32mThe user is on the DS Introduction page as signedIn&amp#27;[0m &amp#27;[90m# StepDefinitions.DSIntroductionDetails.the_user_is_on_the_ds_introduction_page_as_signed_in()&amp#27;[0m
  &amp#27;[32mAnd &amp#27;[0m&amp#27;[32mUser clicks on Get Started button from Tree panel&amp#27;[0m                 &amp#27;[90m# StepDefinitions.Tree.user_clicks_on_get_started_button_from_tree_panel()&amp#27;[0m
  &amp#27;[32mAnd &amp#27;[0m&amp#27;[32mUser clicks on Get Started button from Tree panel&amp#27;[0m     &amp#27;[90m# StepDefinitions.Tree.user_clicks_on_get_started_button_from_tree_panel()&amp#27;[0m
  &amp#27;[32mGiven &amp#27;[0m&amp#27;[32mThe user is on the Types of Trees page&amp#27;[0m              &amp#27;[90m# StepDefinitions.Tree.the_user_is_on_the_types_of_trees_page()&amp#27;[0m
  &amp#27;[32mWhen &amp#27;[0m&amp#27;[32mThe user clicks Tree Traversals link&amp#27;[0m                 &amp#27;[90m# StepDefinitions.Tree.the_user_clicks_tree_traversals_link()&amp#27;[0m
  &amp#27;[32mThen &amp#27;[0m&amp#27;[32mThe user is redirected to Tree Traversals page&amp#27;[0m       &amp#27;[90m# StepDefinitions.Tree.the_user_is_redirected_to_tree_traversals_page()&amp#27;[0m
[INFO ] 2024-12-17 12:24:14.374 [TestNG-PoolService-3] Hooks - ======================  Test Execution is completed!! ======================
  &amp#27;[32mGiven &amp#27;[0m&amp#27;[32mThe user is on the Editor Page of Types of Trees page&amp#27;[0m           &amp#27;[90m# StepDefinitions.Tree.the_user_is_on_the_Editor_page_of_types_of_trees_page()&amp#27;[0m
  &amp#27;[32mWhen &amp#27;[0m&amp#27;[32mThe user writes the invalid python code and clicks on Run button&amp#27;[0m &amp#27;[90m# StepDefinitions.Tree.the_user_writes_the_invalid_python_code_and_clicks_on_run_button()&amp#27;[0m
  &amp#27;[32mThen &amp#27;[0m&amp#27;[32mThe user see error msg in alert window&amp#27;[0m                           &amp#27;[90m# StepDefinitions.Tree.the_user_see_error_msg_in_alert_window()&amp#27;[0m
[INFO ] 2024-12-17 12:24:14.816 [TestNG-PoolService-2] Hooks - ======================  Test Execution is completed!! ======================
]]></system-out>
    <system-err><![CDATA[Dec 17, 2024 12:24:10 PM org.openqa.selenium.devtools.CdpVersionFinder findNearestMatch
WARNING: Unable to find an exact match for CDP version 131, returning the closest version; found: 130; Please update to a Selenium version that supports CDP version 131
Dec 17, 2024 12:24:10 PM org.openqa.selenium.devtools.CdpVersionFinder findNearestMatch
WARNING: Unable to find an exact match for CDP version 131, returning the closest version; found: 130; Please update to a Selenium version that supports CDP version 131
]]></system-err>
  </testcase>
  <testcase name="runScenario[&quot;Try Here Editor page with valid data&quot;, &quot;Tree&quot;](169)" classname="TestRunners.TestRunner" time="7.502">
    <failure message="element not interactable&#10;  (Session info: MicrosoftEdge=131.0.2903.99)&#10;Build info: version: &apos;4.26.0&apos;, revision: &apos;8ccf0219d7&apos;&#10;System info: os.name: &apos;Windows 11&apos;, os.arch: &apos;amd64&apos;, os.version: &apos;10.0&apos;, java.version: &apos;21.0.5&apos;&#10;Driver info: org.openqa.selenium.edge.EdgeDriver&#10;Command: [7d6174f5da5ae322f2bec0b7b86d6685, sendKeysToElement {value=[Ljava.lang.CharSequence;@5df9e45f, id=f.086FFD457936D81BD31C6F4E86DBBF91.d.2DDD7E7D6ECAFF9582A5FCF12DB2426B.e.39}]&#10;Capabilities {acceptInsecureCerts: false, browserName: MicrosoftEdge, browserVersion: 131.0.2903.99, fedcm:accounts: true, ms:edgeOptions: {debuggerAddress: localhost:59698}, msedge: {msedgedriverVersion: 131.0.2903.99 (f96a870b1316..., userDataDir: C:\Users\vamsh\AppData\Loca...}, networkConnectionEnabled: false, pageLoadStrategy: normal, platformName: windows, proxy: Proxy(), se:cdp: ws://localhost:59698/devtoo..., se:cdpVersion: 131.0.2903.99, setWindowRect: true, strictFileInteractability: false, timeouts: {implicit: 0, pageLoad: 300000, script: 30000}, unhandledPromptBehavior: dismiss and notify, webauthn:extension:credBlob: true, webauthn:extension:largeBlob: true, webauthn:extension:minPinLength: true, webauthn:extension:prf: true, webauthn:virtualAuthenticators: true}&#10;Element: [[EdgeDriver: MicrosoftEdge on windows (7d6174f5da5ae322f2bec0b7b86d6685)] -&gt; css selector: .CodeMirror textarea]&#10;Session ID: 7d6174f5da5ae322f2bec0b7b86d6685" type="org.openqa.selenium.ElementNotInteractableException"><![CDATA[org.openqa.selenium.ElementNotInteractableException: 
element not interactable
  (Session info: MicrosoftEdge=131.0.2903.99)
Build info: version: '4.26.0', revision: '8ccf0219d7'
System info: os.name: 'Windows 11', os.arch: 'amd64', os.version: '10.0', java.version: '21.0.5'
Driver info: org.openqa.selenium.edge.EdgeDriver
Command: [7d6174f5da5ae322f2bec0b7b86d6685, sendKeysToElement {value=[Ljava.lang.CharSequence;@5df9e45f, id=f.086FFD457936D81BD31C6F4E86DBBF91.d.2DDD7E7D6ECAFF9582A5FCF12DB2426B.e.39}]
Capabilities {acceptInsecureCerts: false, browserName: MicrosoftEdge, browserVersion: 131.0.2903.99, fedcm:accounts: true, ms:edgeOptions: {debuggerAddress: localhost:59698}, msedge: {msedgedriverVersion: 131.0.2903.99 (f96a870b1316..., userDataDir: C:\Users\vamsh\AppData\Loca...}, networkConnectionEnabled: false, pageLoadStrategy: normal, platformName: windows, proxy: Proxy(), se:cdp: ws://localhost:59698/devtoo..., se:cdpVersion: 131.0.2903.99, setWindowRect: true, strictFileInteractability: false, timeouts: {implicit: 0, pageLoad: 300000, script: 30000}, unhandledPromptBehavior: dismiss and notify, webauthn:extension:credBlob: true, webauthn:extension:largeBlob: true, webauthn:extension:minPinLength: true, webauthn:extension:prf: true, webauthn:virtualAuthenticators: true}
Element: [[EdgeDriver: MicrosoftEdge on windows (7d6174f5da5ae322f2bec0b7b86d6685)] -> css selector: .CodeMirror textarea]
Session ID: 7d6174f5da5ae322f2bec0b7b86d6685
]]></failure>
    <system-out><![CDATA[
Scenario: Try Here Editor page with invalid data                        &amp#27;[90m# src/test/resources/Features/Tree.feature:120&amp#27;[0m
  &amp#27;[32mGiven &amp#27;[0m&amp#27;[32mThe user is on the DS Introduction page as signedIn&amp#27;[0m           &amp#27;[90m# StepDefinitions.DSIntroductionDetails.the_user_is_on_the_ds_introduction_page_as_signed_in()&amp#27;[0m
  &amp#27;[32mAnd &amp#27;[0m&amp#27;[32mUser clicks on Get Started button from Tree panel&amp#27;[0m               &amp#27;[90m# StepDefinitions.Tree.user_clicks_on_get_started_button_from_tree_panel()&amp#27;[0m
  &amp#27;[32mGiven &amp#27;[0m&amp#27;[32mThe user is on the DS Introduction page as signedIn&amp#27;[0m             &amp#27;[90m# StepDefinitions.DSIntroductionDetails.the_user_is_on_the_ds_introduction_page_as_signed_in()&amp#27;[0m
  &amp#27;[32mAnd &amp#27;[0m&amp#27;[32mUser clicks on Get Started button from Tree panel&amp#27;[0m                 &amp#27;[90m# StepDefinitions.Tree.user_clicks_on_get_started_button_from_tree_panel()&amp#27;[0m
  &amp#27;[32mGiven &amp#27;[0m&amp#27;[32mThe user is on the Editor page of Tree Traversals page&amp#27;[0m        &amp#27;[90m# StepDefinitions.Tree.the_user_is_on_the_Editor_page_of_tree_traversals_page()&amp#27;[0m
  &amp#27;[31mWhen &amp#27;[0m&amp#27;[31mThe user writes the valid python code and clicks on Run button&amp#27;[0m &amp#27;[90m# StepDefinitions.Tree.the_user_writes_the_valid_python_code_and_clicks_on_run_button()&amp#27;[0m
      &amp#27;[31morg.openqa.selenium.ElementNotInteractableException: element not interactable
  (Session info: MicrosoftEdge=131.0.2903.99)
Build info: version: '4.26.0', revision: '8ccf0219d7'
System info: os.name: 'Windows 11', os.arch: 'amd64', os.version: '10.0', java.version: '21.0.5'
Driver info: org.openqa.selenium.edge.EdgeDriver
Command: [7d6174f5da5ae322f2bec0b7b86d6685, sendKeysToElement {value=[Ljava.lang.CharSequence;@5df9e45f, id=f.086FFD457936D81BD31C6F4E86DBBF91.d.2DDD7E7D6ECAFF9582A5FCF12DB2426B.e.39}]
Capabilities {acceptInsecureCerts: false, browserName: MicrosoftEdge, browserVersion: 131.0.2903.99, fedcm:accounts: true, ms:edgeOptions: {debuggerAddress: localhost:59698}, msedge: {msedgedriverVersion: 131.0.2903.99 (f96a870b1316..., userDataDir: C:\Users\vamsh\AppData\Loca...}, networkConnectionEnabled: false, pageLoadStrategy: normal, platformName: windows, proxy: Proxy(), se:cdp: ws://localhost:59698/devtoo..., se:cdpVersion: 131.0.2903.99, setWindowRect: true, strictFileInteractability: false, timeouts: {implicit: 0, pageLoad: 300000, script: 30000}, unhandledPromptBehavior: dismiss and notify, webauthn:extension:credBlob: true, webauthn:extension:largeBlob: true, webauthn:extension:minPinLength: true, webauthn:extension:prf: true, webauthn:virtualAuthenticators: true}
Element: [[EdgeDriver: MicrosoftEdge on windows (7d6174f5da5ae322f2bec0b7b86d6685)] -> css selector: .CodeMirror textarea]
Session ID: 7d6174f5da5ae322f2bec0b7b86d6685
	at java.base/jdk.internal.reflect.DirectConstructorHandleAccessor.newInstance(DirectConstructorHandleAccessor.java:62)
	at java.base/java.lang.reflect.Constructor.newInstanceWithCaller(Constructor.java:502)
	at java.base/java.lang.reflect.Constructor.newInstance(Constructor.java:486)
	at org.openqa.selenium.remote.ErrorCodec.decode(ErrorCodec.java:167)
	at org.openqa.selenium.remote.codec.w3c.W3CHttpResponseCodec.decode(W3CHttpResponseCodec.java:138)
	at org.openqa.selenium.remote.codec.w3c.W3CHttpResponseCodec.decode(W3CHttpResponseCodec.java:50)
	at org.openqa.selenium.remote.HttpCommandExecutor.execute(HttpCommandExecutor.java:190)
	at org.openqa.selenium.remote.service.DriverCommandExecutor.invokeExecute(DriverCommandExecutor.java:216)
	at org.openqa.selenium.remote.service.DriverCommandExecutor.execute(DriverCommandExecutor.java:174)
	at org.openqa.selenium.remote.RemoteWebDriver.execute(RemoteWebDriver.java:545)
	at org.openqa.selenium.remote.RemoteWebElement.execute(RemoteWebElement.java:223)
	at org.openqa.selenium.remote.RemoteWebElement.sendKeys(RemoteWebElement.java:110)
	at PageObjects.TreePage.writeInTryEditorWindow(TreePage.java:251)
	at StepDefinitions.Tree.the_user_writes_the_valid_python_code_and_clicks_on_run_button(Tree.java:93)
	at ✽.The user writes the valid python code and clicks on Run button(file:///C:/Projects/newFolder-3/Repo1/src/test/resources/Features/Tree.feature:117)
&amp#27;[0m
  &amp#27;[36mThen &amp#27;[0m&amp#27;[36mThe user is able to see the output inside the console.&amp#27;[0m         &amp#27;[90m# StepDefinitions.Tree.the_user_is_able_to_see_the_output_inside_the_console()&amp#27;[0m
[ERROR] 2024-12-17 12:24:29.763 [TestNG-PoolService-3] Hooks - ======================  TEST CASE FAILED !! ======================

    Embedding screenshot [image/png 7890 bytes]

[INFO ] 2024-12-17 12:24:29.887 [TestNG-PoolService-3] Hooks - ======================  Screenshot is captured  ======================
[INFO ] 2024-12-17 12:24:29.887 [TestNG-PoolService-3] Hooks - ======================  Test Execution is completed!! ======================
  &amp#27;[32mGiven &amp#27;[0m&amp#27;[32mThe user is on the Editor page of Tree Traversals page&amp#27;[0m          &amp#27;[90m# StepDefinitions.Tree.the_user_is_on_the_Editor_page_of_tree_traversals_page()&amp#27;[0m
  &amp#27;[32mWhen &amp#27;[0m&amp#27;[32mThe user writes the invalid python code and clicks on Run button&amp#27;[0m &amp#27;[90m# StepDefinitions.Tree.the_user_writes_the_invalid_python_code_and_clicks_on_run_button()&amp#27;[0m
  &amp#27;[32mThen &amp#27;[0m&amp#27;[32mThe user see error msg in alert window&amp#27;[0m                           &amp#27;[90m# StepDefinitions.Tree.the_user_see_error_msg_in_alert_window()&amp#27;[0m
[INFO ] 2024-12-17 12:24:30.369 [TestNG-PoolService-2] Hooks - ======================  Test Execution is completed!! ======================
]]></system-out>
    <system-err><![CDATA[Dec 17, 2024 12:24:26 PM org.openqa.selenium.devtools.CdpVersionFinder findNearestMatch
WARNING: Unable to find an exact match for CDP version 131, returning the closest version; found: 130; Please update to a Selenium version that supports CDP version 131
Dec 17, 2024 12:24:26 PM org.openqa.selenium.devtools.CdpVersionFinder findNearestMatch
WARNING: Unable to find an exact match for CDP version 131, returning the closest version; found: 130; Please update to a Selenium version that supports CDP version 131
]]></system-err>
  </testcase>
  <testcase name="runScenario[&quot;Try Here Editor page with invalid data&quot;, &quot;Tree&quot;](170)" classname="TestRunners.TestRunner" time="0.559">
    <system-out><![CDATA[
Scenario: Tree Traversals                                     &amp#27;[90m# src/test/resources/Features/Tree.feature:126&amp#27;[0m
]]></system-out>
  </testcase>
  <testcase name="runScenario[&quot;Try Here Editor page with valid data&quot;, &quot;Tree&quot;](171)" classname="TestRunners.TestRunner" time="5.702">
    <system-out><![CDATA[
Scenario: Traversals-Illustration                                    &amp#27;[90m# src/test/resources/Features/Tree.feature:133&amp#27;[0m
  &amp#27;[32mWhen &amp#27;[0m&amp#27;[32mThe user writes the valid python code and clicks on Run button&amp#27;[0m &amp#27;[90m# StepDefinitions.Tree.the_user_writes_the_valid_python_code_and_clicks_on_run_button()&amp#27;[0m
  &amp#27;[32mThen &amp#27;[0m&amp#27;[32mThe user is able to see the output inside the console.&amp#27;[0m         &amp#27;[90m# StepDefinitions.Tree.the_user_is_able_to_see_the_output_inside_the_console()&amp#27;[0m
[INFO ] 2024-12-17 12:24:35.976 [TestNG-PoolService-1] Hooks - ======================  Test Execution is completed!! ======================
  &amp#27;[32mGiven &amp#27;[0m&amp#27;[32mThe user is on the DS Introduction page as signedIn&amp#27;[0m   &amp#27;[90m# StepDefinitions.DSIntroductionDetails.the_user_is_on_the_ds_introduction_page_as_signed_in()&amp#27;[0m
  &amp#27;[32mAnd &amp#27;[0m&amp#27;[32mUser clicks on Get Started button from Tree panel&amp#27;[0m       &amp#27;[90m# StepDefinitions.Tree.user_clicks_on_get_started_button_from_tree_panel()&amp#27;[0m
  &amp#27;[32mGiven &amp#27;[0m&amp#27;[32mThe user is on the Tree Traversals page&amp#27;[0m               &amp#27;[90m# StepDefinitions.Tree.the_user_is_on_the_tree_traversals_page()&amp#27;[0m
  &amp#27;[32mGiven &amp#27;[0m&amp#27;[32mThe user is on the DS Introduction page as signedIn&amp#27;[0m          &amp#27;[90m# StepDefinitions.DSIntroductionDetails.the_user_is_on_the_ds_introduction_page_as_signed_in()&amp#27;[0m
  &amp#27;[32mWhen &amp#27;[0m&amp#27;[32mThe user clicks Traversals-Illustration link&amp#27;[0m           &amp#27;[90m# StepDefinitions.Tree.the_user_clicks_traversals_illustration_link()&amp#27;[0m
  &amp#27;[32mThen &amp#27;[0m&amp#27;[32mThe user is redirected to Traversals-Illustration page&amp#27;[0m &amp#27;[90m# StepDefinitions.Tree.the_user_is_redirected_to_traversals_illustration_page()&amp#27;[0m
[INFO ] 2024-12-17 12:24:37.330 [TestNG-PoolService-3] Hooks - ======================  Test Execution is completed!! ======================
]]></system-out>
    <system-err><![CDATA[Dec 17, 2024 12:24:33 PM org.openqa.selenium.devtools.CdpVersionFinder findNearestMatch
WARNING: Unable to find an exact match for CDP version 131, returning the closest version; found: 130; Please update to a Selenium version that supports CDP version 131
Dec 17, 2024 12:24:34 PM org.openqa.selenium.devtools.CdpVersionFinder findNearestMatch
WARNING: Unable to find an exact match for CDP version 131, returning the closest version; found: 130; Please update to a Selenium version that supports CDP version 131
]]></system-err>
  </testcase>
  <testcase name="runScenario[&quot;Try Here Editor page with valid data&quot;, &quot;Tree&quot;](189)" classname="TestRunners.TestRunner" time="7.8">
    <failure message="element not interactable&#10;  (Session info: MicrosoftEdge=131.0.2903.99)&#10;Build info: version: &apos;4.26.0&apos;, revision: &apos;8ccf0219d7&apos;&#10;System info: os.name: &apos;Windows 11&apos;, os.arch: &apos;amd64&apos;, os.version: &apos;10.0&apos;, java.version: &apos;21.0.5&apos;&#10;Driver info: org.openqa.selenium.edge.EdgeDriver&#10;Command: [c996084117c52eec306e4d5b4f523f23, sendKeysToElement {value=[Ljava.lang.CharSequence;@4852fa07, id=f.FBAD1B61382BE2DA9CC30FF6BC36638A.d.2072D71AEFA360FDACC0D031678FD3C3.e.36}]&#10;Capabilities {acceptInsecureCerts: false, browserName: MicrosoftEdge, browserVersion: 131.0.2903.99, fedcm:accounts: true, ms:edgeOptions: {debuggerAddress: localhost:61138}, msedge: {msedgedriverVersion: 131.0.2903.99 (f96a870b1316..., userDataDir: C:\Users\vamsh\AppData\Loca...}, networkConnectionEnabled: false, pageLoadStrategy: normal, platformName: windows, proxy: Proxy(), se:cdp: ws://localhost:61138/devtoo..., se:cdpVersion: 131.0.2903.99, setWindowRect: true, strictFileInteractability: false, timeouts: {implicit: 0, pageLoad: 300000, script: 30000}, unhandledPromptBehavior: dismiss and notify, webauthn:extension:credBlob: true, webauthn:extension:largeBlob: true, webauthn:extension:minPinLength: true, webauthn:extension:prf: true, webauthn:virtualAuthenticators: true}&#10;Element: [[EdgeDriver: MicrosoftEdge on windows (c996084117c52eec306e4d5b4f523f23)] -&gt; css selector: .CodeMirror textarea]&#10;Session ID: c996084117c52eec306e4d5b4f523f23" type="org.openqa.selenium.ElementNotInteractableException"><![CDATA[org.openqa.selenium.ElementNotInteractableException: 
element not interactable
  (Session info: MicrosoftEdge=131.0.2903.99)
Build info: version: '4.26.0', revision: '8ccf0219d7'
System info: os.name: 'Windows 11', os.arch: 'amd64', os.version: '10.0', java.version: '21.0.5'
Driver info: org.openqa.selenium.edge.EdgeDriver
Command: [c996084117c52eec306e4d5b4f523f23, sendKeysToElement {value=[Ljava.lang.CharSequence;@4852fa07, id=f.FBAD1B61382BE2DA9CC30FF6BC36638A.d.2072D71AEFA360FDACC0D031678FD3C3.e.36}]
Capabilities {acceptInsecureCerts: false, browserName: MicrosoftEdge, browserVersion: 131.0.2903.99, fedcm:accounts: true, ms:edgeOptions: {debuggerAddress: localhost:61138}, msedge: {msedgedriverVersion: 131.0.2903.99 (f96a870b1316..., userDataDir: C:\Users\vamsh\AppData\Loca...}, networkConnectionEnabled: false, pageLoadStrategy: normal, platformName: windows, proxy: Proxy(), se:cdp: ws://localhost:61138/devtoo..., se:cdpVersion: 131.0.2903.99, setWindowRect: true, strictFileInteractability: false, timeouts: {implicit: 0, pageLoad: 300000, script: 30000}, unhandledPromptBehavior: dismiss and notify, webauthn:extension:credBlob: true, webauthn:extension:largeBlob: true, webauthn:extension:minPinLength: true, webauthn:extension:prf: true, webauthn:virtualAuthenticators: true}
Element: [[EdgeDriver: MicrosoftEdge on windows (c996084117c52eec306e4d5b4f523f23)] -> css selector: .CodeMirror textarea]
Session ID: c996084117c52eec306e4d5b4f523f23
]]></failure>
    <system-out><![CDATA[
Scenario: Try Here Editor page with invalid data                        &amp#27;[90m# src/test/resources/Features/Tree.feature:244&amp#27;[0m
  &amp#27;[32mGiven &amp#27;[0m&amp#27;[32mThe user is on the DS Introduction page as signedIn&amp#27;[0m             &amp#27;[90m# StepDefinitions.DSIntroductionDetails.the_user_is_on_the_ds_introduction_page_as_signed_in()&amp#27;[0m
  &amp#27;[32mGiven &amp#27;[0m&amp#27;[32mThe user is on the DS Introduction page as signedIn&amp#27;[0m             &amp#27;[90m# StepDefinitions.DSIntroductionDetails.the_user_is_on_the_ds_introduction_page_as_signed_in()&amp#27;[0m
  &amp#27;[32mAnd &amp#27;[0m&amp#27;[32mUser clicks on Get Started button from Tree panel&amp#27;[0m                 &amp#27;[90m# StepDefinitions.Tree.user_clicks_on_get_started_button_from_tree_panel()&amp#27;[0m
  &amp#27;[32mAnd &amp#27;[0m&amp#27;[32mUser clicks on Get Started button from Tree panel&amp#27;[0m                 &amp#27;[90m# StepDefinitions.Tree.user_clicks_on_get_started_button_from_tree_panel()&amp#27;[0m
  &amp#27;[32mGiven &amp#27;[0m&amp#27;[32mThe user is on the editor page of Implementation in Python page&amp#27;[0m &amp#27;[90m# StepDefinitions.Tree.the_user_is_on_the_editor_page_of_implementation_in_python_page()&amp#27;[0m
  &amp#27;[31mWhen &amp#27;[0m&amp#27;[31mThe user writes the valid python code and clicks on Run button&amp#27;[0m   &amp#27;[90m# StepDefinitions.Tree.the_user_writes_the_valid_python_code_and_clicks_on_run_button()&amp#27;[0m
      &amp#27;[31morg.openqa.selenium.ElementNotInteractableException: element not interactable
  (Session info: MicrosoftEdge=131.0.2903.99)
Build info: version: '4.26.0', revision: '8ccf0219d7'
System info: os.name: 'Windows 11', os.arch: 'amd64', os.version: '10.0', java.version: '21.0.5'
Driver info: org.openqa.selenium.edge.EdgeDriver
Command: [c996084117c52eec306e4d5b4f523f23, sendKeysToElement {value=[Ljava.lang.CharSequence;@4852fa07, id=f.FBAD1B61382BE2DA9CC30FF6BC36638A.d.2072D71AEFA360FDACC0D031678FD3C3.e.36}]
Capabilities {acceptInsecureCerts: false, browserName: MicrosoftEdge, browserVersion: 131.0.2903.99, fedcm:accounts: true, ms:edgeOptions: {debuggerAddress: localhost:61138}, msedge: {msedgedriverVersion: 131.0.2903.99 (f96a870b1316..., userDataDir: C:\Users\vamsh\AppData\Loca...}, networkConnectionEnabled: false, pageLoadStrategy: normal, platformName: windows, proxy: Proxy(), se:cdp: ws://localhost:61138/devtoo..., se:cdpVersion: 131.0.2903.99, setWindowRect: true, strictFileInteractability: false, timeouts: {implicit: 0, pageLoad: 300000, script: 30000}, unhandledPromptBehavior: dismiss and notify, webauthn:extension:credBlob: true, webauthn:extension:largeBlob: true, webauthn:extension:minPinLength: true, webauthn:extension:prf: true, webauthn:virtualAuthenticators: true}
Element: [[EdgeDriver: MicrosoftEdge on windows (c996084117c52eec306e4d5b4f523f23)] -> css selector: .CodeMirror textarea]
Session ID: c996084117c52eec306e4d5b4f523f23
	at java.base/jdk.internal.reflect.DirectConstructorHandleAccessor.newInstance(DirectConstructorHandleAccessor.java:62)
	at java.base/java.lang.reflect.Constructor.newInstanceWithCaller(Constructor.java:502)
	at java.base/java.lang.reflect.Constructor.newInstance(Constructor.java:486)
	at org.openqa.selenium.remote.ErrorCodec.decode(ErrorCodec.java:167)
	at org.openqa.selenium.remote.codec.w3c.W3CHttpResponseCodec.decode(W3CHttpResponseCodec.java:138)
	at org.openqa.selenium.remote.codec.w3c.W3CHttpResponseCodec.decode(W3CHttpResponseCodec.java:50)
	at org.openqa.selenium.remote.HttpCommandExecutor.execute(HttpCommandExecutor.java:190)
	at org.openqa.selenium.remote.service.DriverCommandExecutor.invokeExecute(DriverCommandExecutor.java:216)
	at org.openqa.selenium.remote.service.DriverCommandExecutor.execute(DriverCommandExecutor.java:174)
	at org.openqa.selenium.remote.RemoteWebDriver.execute(RemoteWebDriver.java:545)
	at org.openqa.selenium.remote.RemoteWebElement.execute(RemoteWebElement.java:223)
	at org.openqa.selenium.remote.RemoteWebElement.sendKeys(RemoteWebElement.java:110)
	at PageObjects.TreePage.writeInTryEditorWindow(TreePage.java:251)
	at StepDefinitions.Tree.the_user_writes_the_valid_python_code_and_clicks_on_run_button(Tree.java:93)
	at ✽.The user writes the valid python code and clicks on Run button(file:///C:/Projects/newFolder-3/Repo1/src/test/resources/Features/Tree.feature:241)
&amp#27;[0m
  &amp#27;[36mThen &amp#27;[0m&amp#27;[36mThe user is able to see the output inside the console.&amp#27;[0m           &amp#27;[90m# StepDefinitions.Tree.the_user_is_able_to_see_the_output_inside_the_console()&amp#27;[0m
[ERROR] 2024-12-17 12:25:37.655 [TestNG-PoolService-1] Hooks - ======================  TEST CASE FAILED !! ======================

    Embedding screenshot [image/png 7890 bytes]

[INFO ] 2024-12-17 12:25:37.786 [TestNG-PoolService-1] Hooks - ======================  Screenshot is captured  ======================
[INFO ] 2024-12-17 12:25:37.786 [TestNG-PoolService-1] Hooks - ======================  Test Execution is completed!! ======================
  &amp#27;[32mGiven &amp#27;[0m&amp#27;[32mThe user is on the editor page of Implementation in Python page&amp#27;[0m &amp#27;[90m# StepDefinitions.Tree.the_user_is_on_the_editor_page_of_implementation_in_python_page()&amp#27;[0m
  &amp#27;[32mWhen &amp#27;[0m&amp#27;[32mThe user writes the invalid python code and clicks on Run button&amp#27;[0m &amp#27;[90m# StepDefinitions.Tree.the_user_writes_the_invalid_python_code_and_clicks_on_run_button()&amp#27;[0m
  &amp#27;[32mThen &amp#27;[0m&amp#27;[32mThe user see error msg in alert window&amp#27;[0m                           &amp#27;[90m# StepDefinitions.Tree.the_user_see_error_msg_in_alert_window()&amp#27;[0m
[INFO ] 2024-12-17 12:25:38.110 [TestNG-PoolService-3] Hooks - ======================  Test Execution is completed!! ======================
]]></system-out>
    <system-err><![CDATA[Dec 17, 2024 12:25:33 PM org.openqa.selenium.devtools.CdpVersionFinder findNearestMatch
WARNING: Unable to find an exact match for CDP version 131, returning the closest version; found: 130; Please update to a Selenium version that supports CDP version 131
Dec 17, 2024 12:25:34 PM org.openqa.selenium.devtools.CdpVersionFinder findNearestMatch
WARNING: Unable to find an exact match for CDP version 131, returning the closest version; found: 130; Please update to a Selenium version that supports CDP version 131
]]></system-err>
  </testcase>
  <testcase name="runScenario[&quot;Try Here Editor page with invalid data&quot;, &quot;Tree&quot;](190)" classname="TestRunners.TestRunner" time="0.48">
    <system-out><![CDATA[
Scenario: Implementation in Python                            &amp#27;[90m# src/test/resources/Features/Tree.feature:250&amp#27;[0m
]]></system-out>
  </testcase>
  <testcase name="runScenario[&quot;Try Here Editor page with valid data&quot;, &quot;Tree&quot;](191)" classname="TestRunners.TestRunner" time="6.975">
    <system-out><![CDATA[
Scenario: Binary Tree Traversals                                     &amp#27;[90m# src/test/resources/Features/Tree.feature:257&amp#27;[0m
  &amp#27;[32mGiven &amp#27;[0m&amp#27;[32mThe user is on the DS Introduction page as signedIn&amp#27;[0m   &amp#27;[90m# StepDefinitions.DSIntroductionDetails.the_user_is_on_the_ds_introduction_page_as_signed_in()&amp#27;[0m
  &amp#27;[32mAnd &amp#27;[0m&amp#27;[32mUser clicks on Get Started button from Tree panel&amp#27;[0m       &amp#27;[90m# StepDefinitions.Tree.user_clicks_on_get_started_button_from_tree_panel()&amp#27;[0m
  &amp#27;[32mGiven &amp#27;[0m&amp#27;[32mThe user is on the DS Introduction page as signedIn&amp#27;[0m          &amp#27;[90m# StepDefinitions.DSIntroductionDetails.the_user_is_on_the_ds_introduction_page_as_signed_in()&amp#27;[0m
  &amp#27;[32mWhen &amp#27;[0m&amp#27;[32mThe user writes the valid python code and clicks on Run button&amp#27;[0m &amp#27;[90m# StepDefinitions.Tree.the_user_writes_the_valid_python_code_and_clicks_on_run_button()&amp#27;[0m
  &amp#27;[32mThen &amp#27;[0m&amp#27;[32mThe user is able to see the output inside the console.&amp#27;[0m         &amp#27;[90m# StepDefinitions.Tree.the_user_is_able_to_see_the_output_inside_the_console()&amp#27;[0m
[INFO ] 2024-12-17 12:25:44.978 [TestNG-PoolService-2] Hooks - ======================  Test Execution is completed!! ======================
  &amp#27;[32mGiven &amp#27;[0m&amp#27;[32mThe user is on the Implementation in Python page&amp#27;[0m      &amp#27;[90m# StepDefinitions.Tree.the_user_is_on_the_implementation_in_python_page()&amp#27;[0m
  &amp#27;[32mAnd &amp#27;[0m&amp#27;[32mUser clicks on Get Started button from Tree panel&amp#27;[0m              &amp#27;[90m# StepDefinitions.Tree.user_clicks_on_get_started_button_from_tree_panel()&amp#27;[0m
  &amp#27;[32mWhen &amp#27;[0m&amp#27;[32mThe user clicks Binary Tree Traversals link&amp#27;[0m            &amp#27;[90m# StepDefinitions.Tree.the_user_clicks_binary_tree_traversals_link()&amp#27;[0m
  &amp#27;[32mThen &amp#27;[0m&amp#27;[32mThe user is redirected to Binary Tree Traversals page.&amp#27;[0m &amp#27;[90m# StepDefinitions.Tree.the_user_is_redirected_to_binary_tree_traversals_page()&amp#27;[0m
  &amp#27;[32mGiven &amp#27;[0m&amp#27;[32mThe user is on the Binary Tree Traversals page&amp#27;[0m               &amp#27;[90m# StepDefinitions.Tree.the_user_is_on_the_binary_tree_traversals_page()&amp#27;[0m
[INFO ] 2024-12-17 12:25:45.473 [TestNG-PoolService-1] Hooks - ======================  Test Execution is completed!! ======================
  &amp#27;[32mWhen &amp#27;[0m&amp#27;[32mThe user clicks Try Here button&amp#27;[0m                               &amp#27;[90m# StepDefinitions.Tree.the_user_clicks_try_here_button()&amp#27;[0m
  &amp#27;[32mThen &amp#27;[0m&amp#27;[32mThe user is redirected to a page having Editor and run button&amp#27;[0m &amp#27;[90m# StepDefinitions.Tree.the_user_is_redirected_to_a_page_having_editor_and_run_button()&amp#27;[0m
[INFO ] 2024-12-17 12:25:46.284 [TestNG-PoolService-3] Hooks - ======================  Test Execution is completed!! ======================
]]></system-out>
    <system-err><![CDATA[Dec 17, 2024 12:25:42 PM org.openqa.selenium.devtools.CdpVersionFinder findNearestMatch
WARNING: Unable to find an exact match for CDP version 131, returning the closest version; found: 130; Please update to a Selenium version that supports CDP version 131
Dec 17, 2024 12:25:42 PM org.openqa.selenium.devtools.CdpVersionFinder findNearestMatch
WARNING: Unable to find an exact match for CDP version 131, returning the closest version; found: 130; Please update to a Selenium version that supports CDP version 131
]]></system-err>
  </testcase>
  <testcase name="runScenario[&quot;Try Here Editor page with invalid data&quot;, &quot;Tree&quot;](199)" classname="TestRunners.TestRunner" time="7.466">
    <system-out><![CDATA[
Scenario: Try Here Editor page with invalid data                              &amp#27;[90m# src/test/resources/Features/Tree.feature:306&amp#27;[0m
  &amp#27;[32mGiven &amp#27;[0m&amp#27;[32mThe user is on the DS Introduction page as signedIn&amp#27;[0m                   &amp#27;[90m# StepDefinitions.DSIntroductionDetails.the_user_is_on_the_ds_introduction_page_as_signed_in()&amp#27;[0m
  &amp#27;[32mAnd &amp#27;[0m&amp#27;[32mUser clicks on Get Started button from Tree panel&amp#27;[0m                       &amp#27;[90m# StepDefinitions.Tree.user_clicks_on_get_started_button_from_tree_panel()&amp#27;[0m
  &amp#27;[32mGiven &amp#27;[0m&amp#27;[32mThe user is on the editor page of Implementation of Binary Trees page&amp#27;[0m &amp#27;[90m# StepDefinitions.Tree.the_user_is_on_the_editor_page_of_implementation_of_binary_trees_page()&amp#27;[0m
  &amp#27;[32mWhen &amp#27;[0m&amp#27;[32mThe user writes the invalid python code and clicks on Run button&amp#27;[0m       &amp#27;[90m# StepDefinitions.Tree.the_user_writes_the_invalid_python_code_and_clicks_on_run_button()&amp#27;[0m
  &amp#27;[32mThen &amp#27;[0m&amp#27;[32mThe user see error msg in alert window&amp#27;[0m                                 &amp#27;[90m# StepDefinitions.Tree.the_user_see_error_msg_in_alert_window()&amp#27;[0m
[INFO ] 2024-12-17 12:26:18.385 [TestNG-PoolService-2] Hooks - ======================  Test Execution is completed!! ======================
]]></system-out>
    <system-err><![CDATA[Dec 17, 2024 12:26:14 PM org.openqa.selenium.devtools.CdpVersionFinder findNearestMatch
WARNING: Unable to find an exact match for CDP version 131, returning the closest version; found: 130; Please update to a Selenium version that supports CDP version 131
]]></system-err>
  </testcase>
  <testcase name="runScenario[&quot;Implementation of Binary Trees&quot;, &quot;Tree&quot;](200)" classname="TestRunners.TestRunner" time="6.772">
    <system-out><![CDATA[
Scenario: Implementation of Binary Trees                            &amp#27;[90m# src/test/resources/Features/Tree.feature:312&amp#27;[0m
  &amp#27;[32mGiven &amp#27;[0m&amp#27;[32mThe user is on the DS Introduction page as signedIn&amp#27;[0m         &amp#27;[90m# StepDefinitions.DSIntroductionDetails.the_user_is_on_the_ds_introduction_page_as_signed_in()&amp#27;[0m
  &amp#27;[32mAnd &amp#27;[0m&amp#27;[32mUser clicks on Get Started button from Tree panel&amp#27;[0m             &amp#27;[90m# StepDefinitions.Tree.user_clicks_on_get_started_button_from_tree_panel()&amp#27;[0m
  &amp#27;[32mGiven &amp#27;[0m&amp#27;[32mThe user is on the Implementation of Binary Trees page&amp#27;[0m      &amp#27;[90m# StepDefinitions.Tree.the_user_is_on_the_implementation_of_binary_trees_page()&amp#27;[0m
  &amp#27;[32mWhen &amp#27;[0m&amp#27;[32mThe user clicks Applications of Binary trees link&amp#27;[0m            &amp#27;[90m# StepDefinitions.Tree.the_user_clicks_applications_of_binary_trees_link()&amp#27;[0m
  &amp#27;[32mThen &amp#27;[0m&amp#27;[32mThe user is redirected to Applications of Binary trees page.&amp#27;[0m &amp#27;[90m# StepDefinitions.Tree.the_user_is_redirected_to_applications_of_binary_trees_page()&amp#27;[0m
[INFO ] 2024-12-17 12:26:25.083 [TestNG-PoolService-2] Hooks - ======================  Test Execution is completed!! ======================
  &amp#27;[32mWhen &amp#27;[0m&amp#27;[32mThe user writes the valid python code and clicks on Run button&amp#27;[0m &amp#27;[90m# StepDefinitions.Tree.the_user_writes_the_valid_python_code_and_clicks_on_run_button()&amp#27;[0m
  &amp#27;[32mThen &amp#27;[0m&amp#27;[32mThe user is able to see the output inside the console.&amp#27;[0m         &amp#27;[90m# StepDefinitions.Tree.the_user_is_able_to_see_the_output_inside_the_console()&amp#27;[0m
[INFO ] 2024-12-17 12:26:26.084 [TestNG-PoolService-1] Hooks - ======================  Test Execution is completed!! ======================
]]></system-out>
    <system-err><![CDATA[Dec 17, 2024 12:26:22 PM org.openqa.selenium.devtools.CdpVersionFinder findNearestMatch
WARNING: Unable to find an exact match for CDP version 131, returning the closest version; found: 130; Please update to a Selenium version that supports CDP version 131
]]></system-err>
  </testcase>
  <testcase name="runScenario[&quot;Try Here Editor page with valid data&quot;, &quot;Tree&quot;](201)" classname="TestRunners.TestRunner" time="0.923">
    <system-out><![CDATA[
Scenario: Applications of Binary trees                               &amp#27;[90m# src/test/resources/Features/Tree.feature:319&amp#27;[0m
]]></system-out>
  </testcase>
  <testcase name="runScenario[&quot;Try Here Editor page with valid data&quot;, &quot;Tree&quot;](204)" classname="TestRunners.TestRunner" time="7.18">
    <failure message="element not interactable&#10;  (Session info: MicrosoftEdge=131.0.2903.99)&#10;Build info: version: &apos;4.26.0&apos;, revision: &apos;8ccf0219d7&apos;&#10;System info: os.name: &apos;Windows 11&apos;, os.arch: &apos;amd64&apos;, os.version: &apos;10.0&apos;, java.version: &apos;21.0.5&apos;&#10;Driver info: org.openqa.selenium.edge.EdgeDriver&#10;Command: [557805aecacc5b2800d781142d3f006b, sendKeysToElement {value=[Ljava.lang.CharSequence;@400804b3, id=f.DBA364E4FDE903F21735C390FD9BAD39.d.633551A108EC1782677E65C9EC631D48.e.37}]&#10;Capabilities {acceptInsecureCerts: false, browserName: MicrosoftEdge, browserVersion: 131.0.2903.99, fedcm:accounts: true, ms:edgeOptions: {debuggerAddress: localhost:62290}, msedge: {msedgedriverVersion: 131.0.2903.99 (f96a870b1316..., userDataDir: C:\Users\vamsh\AppData\Loca...}, networkConnectionEnabled: false, pageLoadStrategy: normal, platformName: windows, proxy: Proxy(), se:cdp: ws://localhost:62290/devtoo..., se:cdpVersion: 131.0.2903.99, setWindowRect: true, strictFileInteractability: false, timeouts: {implicit: 0, pageLoad: 300000, script: 30000}, unhandledPromptBehavior: dismiss and notify, webauthn:extension:credBlob: true, webauthn:extension:largeBlob: true, webauthn:extension:minPinLength: true, webauthn:extension:prf: true, webauthn:virtualAuthenticators: true}&#10;Element: [[EdgeDriver: MicrosoftEdge on windows (557805aecacc5b2800d781142d3f006b)] -&gt; css selector: .CodeMirror textarea]&#10;Session ID: 557805aecacc5b2800d781142d3f006b" type="org.openqa.selenium.ElementNotInteractableException"><![CDATA[org.openqa.selenium.ElementNotInteractableException: 
element not interactable
  (Session info: MicrosoftEdge=131.0.2903.99)
Build info: version: '4.26.0', revision: '8ccf0219d7'
System info: os.name: 'Windows 11', os.arch: 'amd64', os.version: '10.0', java.version: '21.0.5'
Driver info: org.openqa.selenium.edge.EdgeDriver
Command: [557805aecacc5b2800d781142d3f006b, sendKeysToElement {value=[Ljava.lang.CharSequence;@400804b3, id=f.DBA364E4FDE903F21735C390FD9BAD39.d.633551A108EC1782677E65C9EC631D48.e.37}]
Capabilities {acceptInsecureCerts: false, browserName: MicrosoftEdge, browserVersion: 131.0.2903.99, fedcm:accounts: true, ms:edgeOptions: {debuggerAddress: localhost:62290}, msedge: {msedgedriverVersion: 131.0.2903.99 (f96a870b1316..., userDataDir: C:\Users\vamsh\AppData\Loca...}, networkConnectionEnabled: false, pageLoadStrategy: normal, platformName: windows, proxy: Proxy(), se:cdp: ws://localhost:62290/devtoo..., se:cdpVersion: 131.0.2903.99, setWindowRect: true, strictFileInteractability: false, timeouts: {implicit: 0, pageLoad: 300000, script: 30000}, unhandledPromptBehavior: dismiss and notify, webauthn:extension:credBlob: true, webauthn:extension:largeBlob: true, webauthn:extension:minPinLength: true, webauthn:extension:prf: true, webauthn:virtualAuthenticators: true}
Element: [[EdgeDriver: MicrosoftEdge on windows (557805aecacc5b2800d781142d3f006b)] -> css selector: .CodeMirror textarea]
Session ID: 557805aecacc5b2800d781142d3f006b
]]></failure>
    <system-out><![CDATA[
Scenario: Try Here Editor page with invalid data                            &amp#27;[90m# src/test/resources/Features/Tree.feature:337&amp#27;[0m
  &amp#27;[32mGiven &amp#27;[0m&amp#27;[32mThe user is on the DS Introduction page as signedIn&amp#27;[0m                 &amp#27;[90m# StepDefinitions.DSIntroductionDetails.the_user_is_on_the_ds_introduction_page_as_signed_in()&amp#27;[0m
  &amp#27;[32mAnd &amp#27;[0m&amp#27;[32mUser clicks on Get Started button from Tree panel&amp#27;[0m                     &amp#27;[90m# StepDefinitions.Tree.user_clicks_on_get_started_button_from_tree_panel()&amp#27;[0m
  &amp#27;[32mGiven &amp#27;[0m&amp#27;[32mThe user is on the DS Introduction page as signedIn&amp#27;[0m                 &amp#27;[90m# StepDefinitions.DSIntroductionDetails.the_user_is_on_the_ds_introduction_page_as_signed_in()&amp#27;[0m
  &amp#27;[32mAnd &amp#27;[0m&amp#27;[32mUser clicks on Get Started button from Tree panel&amp#27;[0m                     &amp#27;[90m# StepDefinitions.Tree.user_clicks_on_get_started_button_from_tree_panel()&amp#27;[0m
  &amp#27;[32mGiven &amp#27;[0m&amp#27;[32mThe user is on the editor page of Applications of Binary trees page&amp#27;[0m &amp#27;[90m# StepDefinitions.Tree.the_user_is_on_the_editor_page_of_applications_of_binary_trees_page()&amp#27;[0m
  &amp#27;[31mWhen &amp#27;[0m&amp#27;[31mThe user writes the valid python code and clicks on Run button&amp#27;[0m       &amp#27;[90m# StepDefinitions.Tree.the_user_writes_the_valid_python_code_and_clicks_on_run_button()&amp#27;[0m
      &amp#27;[31morg.openqa.selenium.ElementNotInteractableException: element not interactable
  (Session info: MicrosoftEdge=131.0.2903.99)
Build info: version: '4.26.0', revision: '8ccf0219d7'
System info: os.name: 'Windows 11', os.arch: 'amd64', os.version: '10.0', java.version: '21.0.5'
Driver info: org.openqa.selenium.edge.EdgeDriver
Command: [557805aecacc5b2800d781142d3f006b, sendKeysToElement {value=[Ljava.lang.CharSequence;@400804b3, id=f.DBA364E4FDE903F21735C390FD9BAD39.d.633551A108EC1782677E65C9EC631D48.e.37}]
Capabilities {acceptInsecureCerts: false, browserName: MicrosoftEdge, browserVersion: 131.0.2903.99, fedcm:accounts: true, ms:edgeOptions: {debuggerAddress: localhost:62290}, msedge: {msedgedriverVersion: 131.0.2903.99 (f96a870b1316..., userDataDir: C:\Users\vamsh\AppData\Loca...}, networkConnectionEnabled: false, pageLoadStrategy: normal, platformName: windows, proxy: Proxy(), se:cdp: ws://localhost:62290/devtoo..., se:cdpVersion: 131.0.2903.99, setWindowRect: true, strictFileInteractability: false, timeouts: {implicit: 0, pageLoad: 300000, script: 30000}, unhandledPromptBehavior: dismiss and notify, webauthn:extension:credBlob: true, webauthn:extension:largeBlob: true, webauthn:extension:minPinLength: true, webauthn:extension:prf: true, webauthn:virtualAuthenticators: true}
Element: [[EdgeDriver: MicrosoftEdge on windows (557805aecacc5b2800d781142d3f006b)] -> css selector: .CodeMirror textarea]
Session ID: 557805aecacc5b2800d781142d3f006b
	at java.base/jdk.internal.reflect.DirectConstructorHandleAccessor.newInstance(DirectConstructorHandleAccessor.java:62)
	at java.base/java.lang.reflect.Constructor.newInstanceWithCaller(Constructor.java:502)
	at java.base/java.lang.reflect.Constructor.newInstance(Constructor.java:486)
	at org.openqa.selenium.remote.ErrorCodec.decode(ErrorCodec.java:167)
	at org.openqa.selenium.remote.codec.w3c.W3CHttpResponseCodec.decode(W3CHttpResponseCodec.java:138)
	at org.openqa.selenium.remote.codec.w3c.W3CHttpResponseCodec.decode(W3CHttpResponseCodec.java:50)
	at org.openqa.selenium.remote.HttpCommandExecutor.execute(HttpCommandExecutor.java:190)
	at org.openqa.selenium.remote.service.DriverCommandExecutor.invokeExecute(DriverCommandExecutor.java:216)
	at org.openqa.selenium.remote.service.DriverCommandExecutor.execute(DriverCommandExecutor.java:174)
	at org.openqa.selenium.remote.RemoteWebDriver.execute(RemoteWebDriver.java:545)
	at org.openqa.selenium.remote.RemoteWebElement.execute(RemoteWebElement.java:223)
	at org.openqa.selenium.remote.RemoteWebElement.sendKeys(RemoteWebElement.java:110)
	at PageObjects.TreePage.writeInTryEditorWindow(TreePage.java:251)
	at StepDefinitions.Tree.the_user_writes_the_valid_python_code_and_clicks_on_run_button(Tree.java:93)
	at ✽.The user writes the valid python code and clicks on Run button(file:///C:/Projects/newFolder-3/Repo1/src/test/resources/Features/Tree.feature:334)
&amp#27;[0m
  &amp#27;[36mThen &amp#27;[0m&amp#27;[36mThe user is able to see the output inside the console.&amp#27;[0m               &amp#27;[90m# StepDefinitions.Tree.the_user_is_able_to_see_the_output_inside_the_console()&amp#27;[0m
[ERROR] 2024-12-17 12:26:40.633 [TestNG-PoolService-2] Hooks - ======================  TEST CASE FAILED !! ======================

    Embedding screenshot [image/png 7890 bytes]

[INFO ] 2024-12-17 12:26:40.786 [TestNG-PoolService-2] Hooks - ======================  Screenshot is captured  ======================
[INFO ] 2024-12-17 12:26:40.787 [TestNG-PoolService-2] Hooks - ======================  Test Execution is completed!! ======================
  &amp#27;[32mWhen &amp#27;[0m&amp#27;[32mThe user writes the valid python code and clicks on Run button&amp#27;[0m         &amp#27;[90m# StepDefinitions.Tree.the_user_writes_the_valid_python_code_and_clicks_on_run_button()&amp#27;[0m
  &amp#27;[32mThen &amp#27;[0m&amp#27;[32mThe user is able to see the output inside the console.&amp#27;[0m                 &amp#27;[90m# StepDefinitions.Tree.the_user_is_able_to_see_the_output_inside_the_console()&amp#27;[0m
[INFO ] 2024-12-17 12:26:41.307 [TestNG-PoolService-3] Hooks - ======================  Test Execution is completed!! ======================
  &amp#27;[32mGiven &amp#27;[0m&amp#27;[32mThe user is on the editor page of Applications of Binary trees page&amp#27;[0m &amp#27;[90m# StepDefinitions.Tree.the_user_is_on_the_editor_page_of_applications_of_binary_trees_page()&amp#27;[0m
  &amp#27;[32mWhen &amp#27;[0m&amp#27;[32mThe user writes the invalid python code and clicks on Run button&amp#27;[0m     &amp#27;[90m# StepDefinitions.Tree.the_user_writes_the_invalid_python_code_and_clicks_on_run_button()&amp#27;[0m
  &amp#27;[32mThen &amp#27;[0m&amp#27;[32mThe user see error msg in alert window&amp#27;[0m                               &amp#27;[90m# StepDefinitions.Tree.the_user_see_error_msg_in_alert_window()&amp#27;[0m
[INFO ] 2024-12-17 12:26:41.604 [TestNG-PoolService-1] Hooks - ======================  Test Execution is completed!! ======================
]]></system-out>
    <system-err><![CDATA[Dec 17, 2024 12:26:36 PM org.openqa.selenium.devtools.CdpVersionFinder findNearestMatch
WARNING: Unable to find an exact match for CDP version 131, returning the closest version; found: 130; Please update to a Selenium version that supports CDP version 131
Dec 17, 2024 12:26:37 PM org.openqa.selenium.devtools.CdpVersionFinder findNearestMatch
WARNING: Unable to find an exact match for CDP version 131, returning the closest version; found: 130; Please update to a Selenium version that supports CDP version 131
]]></system-err>
  </testcase>
  <testcase name="runScenario[&quot;Try Here Editor page with invalid data&quot;, &quot;Tree&quot;](212)" classname="TestRunners.TestRunner" time="0.446">
    <system-out><![CDATA[
Scenario: Try Here Editor page with empty code                               &amp#27;[90m# src/test/resources/Features/Tree.feature:387&amp#27;[0m
]]></system-out>
  </testcase>
  <testcase name="runScenario[&quot;Implementation Of BST&quot;, &quot;Tree&quot;](215)" classname="TestRunners.TestRunner" time="7.912">
    <system-out><![CDATA[
Scenario: Implementation Of BST                             &amp#27;[90m# src/test/resources/Features/Tree.feature:406&amp#27;[0m
  &amp#27;[32mGiven &amp#27;[0m&amp#27;[32mThe user is on the DS Introduction page as signedIn&amp#27;[0m             &amp#27;[90m# StepDefinitions.DSIntroductionDetails.the_user_is_on_the_ds_introduction_page_as_signed_in()&amp#27;[0m
  &amp#27;[32mAnd &amp#27;[0m&amp#27;[32mUser clicks on Get Started button from Tree panel&amp#27;[0m                 &amp#27;[90m# StepDefinitions.Tree.user_clicks_on_get_started_button_from_tree_panel()&amp#27;[0m
  &amp#27;[32mGiven &amp#27;[0m&amp#27;[32mThe user is on the DS Introduction page as signedIn&amp#27;[0m &amp#27;[90m# StepDefinitions.DSIntroductionDetails.the_user_is_on_the_ds_introduction_page_as_signed_in()&amp#27;[0m
  &amp#27;[32mAnd &amp#27;[0m&amp#27;[32mUser clicks on Get Started button from Tree panel&amp#27;[0m     &amp#27;[90m# StepDefinitions.Tree.user_clicks_on_get_started_button_from_tree_panel()&amp#27;[0m
  &amp#27;[32mGiven &amp#27;[0m&amp#27;[32mThe user is on the Implementation Of BST page&amp#27;[0m       &amp#27;[90m# StepDefinitions.Tree.the_user_is_on_the_implementation_of_bst_page()&amp#27;[0m
  &amp#27;[32mGiven &amp#27;[0m&amp#27;[32mThe user is on the editor page of Implementation Of BST page&amp#27;[0m    &amp#27;[90m# StepDefinitions.Tree.the_user_is_on_the_editor_page_of_implementation_of_bst_page()&amp#27;[0m
  &amp#27;[31mWhen &amp#27;[0m&amp#27;[31mThe user writes the invalid python code and clicks on Run button&amp#27;[0m &amp#27;[90m# StepDefinitions.Tree.the_user_writes_the_invalid_python_code_and_clicks_on_run_button()&amp#27;[0m
      &amp#27;[31morg.openqa.selenium.ElementNotInteractableException: element not interactable
  (Session info: MicrosoftEdge=131.0.2903.99)
Build info: version: '4.26.0', revision: '8ccf0219d7'
System info: os.name: 'Windows 11', os.arch: 'amd64', os.version: '10.0', java.version: '21.0.5'
Driver info: org.openqa.selenium.edge.EdgeDriver
Command: [cdec6b1c21c5566ec8751bbc31177cb7, sendKeysToElement {value=[Ljava.lang.CharSequence;@7c9499e9, id=f.481CD9DC8D1CA6D21969DF77074E54BD.d.AD9C792AA96CCA626DCA40FCF2736438.e.36}]
Capabilities {acceptInsecureCerts: false, browserName: MicrosoftEdge, browserVersion: 131.0.2903.99, fedcm:accounts: true, ms:edgeOptions: {debuggerAddress: localhost:63166}, msedge: {msedgedriverVersion: 131.0.2903.99 (f96a870b1316..., userDataDir: C:\Users\vamsh\AppData\Loca...}, networkConnectionEnabled: false, pageLoadStrategy: normal, platformName: windows, proxy: Proxy(), se:cdp: ws://localhost:63166/devtoo..., se:cdpVersion: 131.0.2903.99, setWindowRect: true, strictFileInteractability: false, timeouts: {implicit: 0, pageLoad: 300000, script: 30000}, unhandledPromptBehavior: dismiss and notify, webauthn:extension:credBlob: true, webauthn:extension:largeBlob: true, webauthn:extension:minPinLength: true, webauthn:extension:prf: true, webauthn:virtualAuthenticators: true}
Element: [[EdgeDriver: MicrosoftEdge on windows (cdec6b1c21c5566ec8751bbc31177cb7)] -> css selector: .CodeMirror textarea]
Session ID: cdec6b1c21c5566ec8751bbc31177cb7
	at java.base/jdk.internal.reflect.DirectConstructorHandleAccessor.newInstance(DirectConstructorHandleAccessor.java:62)
	at java.base/java.lang.reflect.Constructor.newInstanceWithCaller(Constructor.java:502)
	at java.base/java.lang.reflect.Constructor.newInstance(Constructor.java:486)
	at org.openqa.selenium.remote.ErrorCodec.decode(ErrorCodec.java:167)
	at org.openqa.selenium.remote.codec.w3c.W3CHttpResponseCodec.decode(W3CHttpResponseCodec.java:138)
	at org.openqa.selenium.remote.codec.w3c.W3CHttpResponseCodec.decode(W3CHttpResponseCodec.java:50)
	at org.openqa.selenium.remote.HttpCommandExecutor.execute(HttpCommandExecutor.java:190)
	at org.openqa.selenium.remote.service.DriverCommandExecutor.invokeExecute(DriverCommandExecutor.java:216)
	at org.openqa.selenium.remote.service.DriverCommandExecutor.execute(DriverCommandExecutor.java:174)
	at org.openqa.selenium.remote.RemoteWebDriver.execute(RemoteWebDriver.java:545)
	at org.openqa.selenium.remote.RemoteWebElement.execute(RemoteWebElement.java:223)
	at org.openqa.selenium.remote.RemoteWebElement.sendKeys(RemoteWebElement.java:110)
	at PageObjects.TreePage.writeInTryEditorWindow(TreePage.java:251)
	at StepDefinitions.Tree.the_user_writes_the_invalid_python_code_and_clicks_on_run_button(Tree.java:106)
	at ✽.The user writes the invalid python code and clicks on Run button(file:///C:/Projects/newFolder-3/Repo1/src/test/resources/Features/Tree.feature:402)
&amp#27;[0m
  &amp#27;[36mThen &amp#27;[0m&amp#27;[36mThe user see error msg in alert window&amp#27;[0m                           &amp#27;[90m# StepDefinitions.Tree.the_user_see_error_msg_in_alert_window()&amp#27;[0m
[ERROR] 2024-12-17 12:27:19.899 [TestNG-PoolService-2] Hooks - ======================  TEST CASE FAILED !! ======================
  &amp#27;[32mWhen &amp#27;[0m&amp#27;[32mThe user clicks Practice Questions link&amp#27;[0m              &amp#27;[90m# StepDefinitions.Tree.the_user_clicks_practice_questions_link()&amp#27;[0m
  &amp#27;[32mThen &amp#27;[0m&amp#27;[32mThe user is redirected to Practice Questions page.&amp#27;[0m   &amp#27;[90m# StepDefinitions.Tree.the_user_is_redirected_to_practice_questions_page()&amp#27;[0m
[INFO ] 2024-12-17 12:27:20.033 [TestNG-PoolService-1] Hooks - ======================  Test Execution is completed!! ======================

    Embedding screenshot [image/png 7890 bytes]

[INFO ] 2024-12-17 12:27:20.095 [TestNG-PoolService-2] Hooks - ======================  Screenshot is captured  ======================
[INFO ] 2024-12-17 12:27:20.098 [TestNG-PoolService-2] Hooks - ======================  Test Execution is completed!! ======================
]]></system-out>
    <system-err><![CDATA[Dec 17, 2024 12:27:15 PM org.openqa.selenium.devtools.CdpVersionFinder findNearestMatch
WARNING: Unable to find an exact match for CDP version 131, returning the closest version; found: 130; Please update to a Selenium version that supports CDP version 131
Dec 17, 2024 12:27:16 PM org.openqa.selenium.devtools.CdpVersionFinder findNearestMatch
WARNING: Unable to find an exact match for CDP version 131, returning the closest version; found: 130; Please update to a Selenium version that supports CDP version 131
]]></system-err>
  </testcase>
</testsuite>