<?xml version="1.0" encoding="UTF-8"?>
<!-- Generated by org.testng.reporters.JUnitReportReporter -->
<testsuite hostname="TwinKalRock" failures="0" tests="22" name="TestRunner.TestRunner" time="1043.939" errors="0" timestamp="2024-12-06T15:30:30 CST" skipped="0">
  <testcase classname="TestRunner.TestRunner" name="runScenario" time="39.243"/>
  <testcase classname="TestRunner.TestRunner" name="runScenario" time="38.543"/>
  <testcase classname="TestRunner.TestRunner" name="runScenario" time="66.378"/>
  <testcase classname="TestRunner.TestRunner" name="runScenario" time="19.828"/>
  <testcase classname="TestRunner.TestRunner" name="runScenario" time="47.456"/>
  <testcase classname="TestRunner.TestRunner" name="runScenario" time="46.506"/>
  <testcase classname="TestRunner.TestRunner" name="runScenario" time="86.230"/>
  <testcase classname="TestRunner.TestRunner" name="runScenario" time="78.953"/>
  <testcase classname="TestRunner.TestRunner" name="runScenario" time="46.953"/>
  <testcase classname="TestRunner.TestRunner" name="runScenario" time="54.937"/>
  <testcase classname="TestRunner.TestRunner" name="runScenario" time="46.864"/>
  <testcase classname="TestRunner.TestRunner" name="runScenario" time="56.510"/>
  <testcase classname="TestRunner.TestRunner" name="runScenario" time="18.612"/>
  <testcase classname="TestRunner.TestRunner" name="runScenario" time="48.114"/>
  <testcase classname="TestRunner.TestRunner" name="runScenario" time="32.171"/>
  <testcase classname="TestRunner.TestRunner" name="runScenario" time="37.775"/>
  <testcase classname="TestRunner.TestRunner" name="runScenario" time="72.467"/>
  <testcase classname="TestRunner.TestRunner" name="runScenario" time="72.566"/>
  <testcase classname="TestRunner.TestRunner" name="runScenario" time="32.588"/>
  <testcase classname="TestRunner.TestRunner" name="runScenario" time="65.545"/>
  <testcase classname="TestRunner.TestRunner" name="runScenario" time="24.292"/>
  <testcase classname="TestRunner.TestRunner" name="runScenario" time="11.408"/>
</testsuite> <!-- TestRunner.TestRunner -->
